<?xml version="1.0" encoding="UTF-8"?>
<testsuite xmlns:xsi="http://www.w3.org/2001/XMLSchema-instance" xsi:noNamespaceSchemaLocation="https://maven.apache.org/surefire/maven-surefire-plugin/xsd/surefire-test-report.xsd" name="org.apache.hadoop.ozone.scm.TestSCMContainerPlacementPolicyMetrics" time="82.65" tests="1" errors="1" skipped="0" failures="0">
  <properties>
    <property name="awt.toolkit" value="sun.awt.X11.XToolkit"/>
    <property name="file.encoding.pkg" value="sun.io"/>
    <property name="java.specification.version" value="1.8"/>
    <property name="sun.cpu.isalist" value=""/>
    <property name="sun.jnu.encoding" value="UTF-8"/>
    <property name="java.class.path" value="/workdir/hadoop-ozone/integration-test/target/test-classes:/workdir/hadoop-ozone/integration-test/target/classes:/home/user/.m2/repository/org/apache/hadoop/hadoop-ozone-common/0.5.0-SNAPSHOT/hadoop-ozone-common-0.5.0-SNAPSHOT.jar:/home/user/.m2/repository/org/apache/commons/commons-compress/1.4.1/commons-compress-1.4.1.jar:/home/user/.m2/repository/org/tukaani/xz/1.0/xz-1.0.jar:/home/user/.m2/repository/org/apache/hadoop/hadoop-common/3.2.0/hadoop-common-3.2.0.jar:/home/user/.m2/repository/org/apache/hadoop/hadoop-hdfs/3.2.0/hadoop-hdfs-3.2.0.jar:/home/user/.m2/repository/org/apache/hadoop/hadoop-hdfs-client/3.2.0/hadoop-hdfs-client-3.2.0.jar:/home/user/.m2/repository/com/fasterxml/jackson/core/jackson-annotations/2.9.5/jackson-annotations-2.9.5.jar:/home/user/.m2/repository/org/apache/hadoop/hadoop-hdds-common/0.5.0-SNAPSHOT/hadoop-hdds-common-0.5.0-SNAPSHOT.jar:/home/user/.m2/repository/javax/annotation/javax.annotation-api/1.2/javax.annotation-api-1.2.jar:/home/user/.m2/repository/org/apache/ratis/ratis-server/0.4.0-78e95b9-SNAPSHOT/ratis-server-0.4.0-78e95b9-SNAPSHOT.jar:/home/user/.m2/repository/org/apache/ratis/ratis-thirdparty-misc/0.2.0/ratis-thirdparty-misc-0.2.0.jar:/home/user/.m2/repository/org/apache/ratis/ratis-proto/0.4.0-78e95b9-SNAPSHOT/ratis-proto-0.4.0-78e95b9-SNAPSHOT.jar:/home/user/.m2/repository/org/apache/ratis/ratis-common/0.4.0-78e95b9-SNAPSHOT/ratis-common-0.4.0-78e95b9-SNAPSHOT.jar:/home/user/.m2/repository/org/apache/ratis/ratis-client/0.4.0-78e95b9-SNAPSHOT/ratis-client-0.4.0-78e95b9-SNAPSHOT.jar:/home/user/.m2/repository/org/apache/ratis/ratis-metrics/0.4.0-78e95b9-SNAPSHOT/ratis-metrics-0.4.0-78e95b9-SNAPSHOT.jar:/home/user/.m2/repository/com/github/joshelser/dropwizard-metrics-hadoop-metrics2-reporter/0.1.2/dropwizard-metrics-hadoop-metrics2-reporter-0.1.2.jar:/home/user/.m2/repository/io/dropwizard/metrics/metrics-jvm/3.2.5/metrics-jvm-3.2.5.jar:/home/user/.m2/repository/io/dropwizard/metrics/metrics-ganglia/3.2.5/metrics-ganglia-3.2.5.jar:/home/user/.m2/repository/info/ganglia/gmetric4j/gmetric4j/1.0.7/gmetric4j-1.0.7.jar:/home/user/.m2/repository/org/apache/ratis/ratis-netty/0.4.0-78e95b9-SNAPSHOT/ratis-netty-0.4.0-78e95b9-SNAPSHOT.jar:/home/user/.m2/repository/org/apache/ratis/ratis-grpc/0.4.0-78e95b9-SNAPSHOT/ratis-grpc-0.4.0-78e95b9-SNAPSHOT.jar:/home/user/.m2/repository/org/rocksdb/rocksdbjni/6.0.1/rocksdbjni-6.0.1.jar:/home/user/.m2/repository/org/apache/logging/log4j/log4j-api/2.11.0/log4j-api-2.11.0.jar:/home/user/.m2/repository/org/apache/logging/log4j/log4j-core/2.11.0/log4j-core-2.11.0.jar:/home/user/.m2/repository/com/lmax/disruptor/3.4.2/disruptor-3.4.2.jar:/home/user/.m2/repository/org/apache/commons/commons-pool2/2.6.0/commons-pool2-2.6.0.jar:/home/user/.m2/repository/org/bouncycastle/bcpkix-jdk15on/1.60/bcpkix-jdk15on-1.60.jar:/home/user/.m2/repository/commons-validator/commons-validator/1.6/commons-validator-1.6.jar:/home/user/.m2/repository/commons-digester/commons-digester/1.8.1/commons-digester-1.8.1.jar:/home/user/.m2/repository/io/jaegertracing/jaeger-client/0.33.1/jaeger-client-0.33.1.jar:/home/user/.m2/repository/io/jaegertracing/jaeger-thrift/0.33.1/jaeger-thrift-0.33.1.jar:/home/user/.m2/repository/org/apache/thrift/libthrift/0.11.0/libthrift-0.11.0.jar:/home/user/.m2/repository/com/squareup/okhttp3/okhttp/3.9.0/okhttp-3.9.0.jar:/home/user/.m2/repository/com/squareup/okio/okio/1.13.0/okio-1.13.0.jar:/home/user/.m2/repository/io/jaegertracing/jaeger-core/0.33.1/jaeger-core-0.33.1.jar:/home/user/.m2/repository/io/jaegertracing/jaeger-tracerresolver/0.33.1/jaeger-tracerresolver-0.33.1.jar:/home/user/.m2/repository/io/opentracing/contrib/opentracing-tracerresolver/0.1.5/opentracing-tracerresolver-0.1.5.jar:/home/user/.m2/repository/io/opentracing/opentracing-util/0.31.0/opentracing-util-0.31.0.jar:/home/user/.m2/repository/io/opentracing/opentracing-api/0.31.0/opentracing-api-0.31.0.jar:/home/user/.m2/repository/io/opentracing/opentracing-noop/0.31.0/opentracing-noop-0.31.0.jar:/home/user/.m2/repository/org/apache/hadoop/hadoop-hdds-server-framework/0.5.0-SNAPSHOT/hadoop-hdds-server-framework-0.5.0-SNAPSHOT.jar:/home/user/.m2/repository/org/apache/hadoop/hadoop-hdds-container-service/0.5.0-SNAPSHOT/hadoop-hdds-container-service-0.5.0-SNAPSHOT.jar:/home/user/.m2/repository/org/apache/hadoop/hadoop-hdds-client/0.5.0-SNAPSHOT/hadoop-hdds-client-0.5.0-SNAPSHOT.jar:/home/user/.m2/repository/org/apache/hadoop/hadoop-hdds-tools/0.5.0-SNAPSHOT/hadoop-hdds-tools-0.5.0-SNAPSHOT.jar:/home/user/.m2/repository/org/apache/hadoop/hadoop-hdds-server-scm/0.5.0-SNAPSHOT/hadoop-hdds-server-scm-0.5.0-SNAPSHOT.jar:/home/user/.m2/repository/org/apache/hadoop/hadoop-hdds-docs/0.5.0-SNAPSHOT/hadoop-hdds-docs-0.5.0-SNAPSHOT.jar:/home/user/.m2/repository/io/dropwizard/metrics/metrics-core/3.2.4/metrics-core-3.2.4.jar:/home/user/.m2/repository/org/hamcrest/hamcrest-all/1.3/hamcrest-all-1.3.jar:/home/user/.m2/repository/org/bouncycastle/bcprov-jdk15on/1.60/bcprov-jdk15on-1.60.jar:/home/user/.m2/repository/info/picocli/picocli/3.9.6/picocli-3.9.6.jar:/home/user/.m2/repository/com/google/protobuf/protobuf-java/2.5.0/protobuf-java-2.5.0.jar:/home/user/.m2/repository/com/google/guava/guava/11.0.2/guava-11.0.2.jar:/home/user/.m2/repository/org/apache/hadoop/hadoop-ozone-ozone-manager/0.5.0-SNAPSHOT/hadoop-ozone-ozone-manager-0.5.0-SNAPSHOT.jar:/home/user/.m2/repository/org/apache/hadoop/hadoop-minikdc/3.2.0/hadoop-minikdc-3.2.0.jar:/home/user/.m2/repository/commons-io/commons-io/2.5/commons-io-2.5.jar:/home/user/.m2/repository/org/apache/kerby/kerb-simplekdc/1.0.1/kerb-simplekdc-1.0.1.jar:/home/user/.m2/repository/org/apache/kerby/kerb-client/1.0.1/kerb-client-1.0.1.jar:/home/user/.m2/repository/org/apache/kerby/kerby-config/1.0.1/kerby-config-1.0.1.jar:/home/user/.m2/repository/org/apache/kerby/kerb-core/1.0.1/kerb-core-1.0.1.jar:/home/user/.m2/repository/org/apache/kerby/kerby-pkix/1.0.1/kerby-pkix-1.0.1.jar:/home/user/.m2/repository/org/apache/kerby/kerby-asn1/1.0.1/kerby-asn1-1.0.1.jar:/home/user/.m2/repository/org/apache/kerby/kerby-util/1.0.1/kerby-util-1.0.1.jar:/home/user/.m2/repository/org/apache/kerby/kerb-common/1.0.1/kerb-common-1.0.1.jar:/home/user/.m2/repository/org/apache/kerby/kerb-crypto/1.0.1/kerb-crypto-1.0.1.jar:/home/user/.m2/repository/org/apache/kerby/kerb-util/1.0.1/kerb-util-1.0.1.jar:/home/user/.m2/repository/org/apache/kerby/token-provider/1.0.1/token-provider-1.0.1.jar:/home/user/.m2/repository/org/apache/kerby/kerb-admin/1.0.1/kerb-admin-1.0.1.jar:/home/user/.m2/repository/org/apache/kerby/kerb-server/1.0.1/kerb-server-1.0.1.jar:/home/user/.m2/repository/org/apache/kerby/kerb-identity/1.0.1/kerb-identity-1.0.1.jar:/home/user/.m2/repository/org/apache/kerby/kerby-xdr/1.0.1/kerby-xdr-1.0.1.jar:/home/user/.m2/repository/org/slf4j/slf4j-log4j12/1.7.25/slf4j-log4j12-1.7.25.jar:/home/user/.m2/repository/org/apache/hadoop/hadoop-ozone-s3gateway/0.5.0-SNAPSHOT/hadoop-ozone-s3gateway-0.5.0-SNAPSHOT.jar:/home/user/.m2/repository/org/jboss/weld/servlet/weld-servlet/2.4.7.Final/weld-servlet-2.4.7.Final.jar:/home/user/.m2/repository/org/glassfish/jersey/containers/jersey-container-servlet-core/2.27/jersey-container-servlet-core-2.27.jar:/home/user/.m2/repository/org/glassfish/hk2/external/javax.inject/2.5.0-b42/javax.inject-2.5.0-b42.jar:/home/user/.m2/repository/org/glassfish/jersey/core/jersey-common/2.27/jersey-common-2.27.jar:/home/user/.m2/repository/org/glassfish/hk2/osgi-resource-locator/1.0.1/osgi-resource-locator-1.0.1.jar:/home/user/.m2/repository/javax/ws/rs/javax.ws.rs-api/2.1/javax.ws.rs-api-2.1.jar:/home/user/.m2/repository/org/glassfish/jersey/ext/cdi/jersey-cdi1x/2.27/jersey-cdi1x-2.27.jar:/home/user/.m2/repository/org/glassfish/jersey/inject/jersey-hk2/2.27/jersey-hk2-2.27.jar:/home/user/.m2/repository/org/glassfish/hk2/hk2-locator/2.5.0-b42/hk2-locator-2.5.0-b42.jar:/home/user/.m2/repository/org/javassist/javassist/3.22.0-CR2/javassist-3.22.0-CR2.jar:/home/user/.m2/repository/org/glassfish/hk2/hk2-api/2.5.0/hk2-api-2.5.0.jar:/home/user/.m2/repository/org/glassfish/hk2/external/jakarta.inject/2.5.0/jakarta.inject-2.5.0.jar:/home/user/.m2/repository/org/glassfish/hk2/hk2-utils/2.5.0/hk2-utils-2.5.0.jar:/home/user/.m2/repository/jakarta/annotation/jakarta.annotation-api/1.3.4/jakarta.annotation-api-1.3.4.jar:/home/user/.m2/repository/org/glassfish/hk2/external/aopalliance-repackaged/2.5.0/aopalliance-repackaged-2.5.0.jar:/home/user/.m2/repository/com/fasterxml/jackson/dataformat/jackson-dataformat-xml/2.9.0/jackson-dataformat-xml-2.9.0.jar:/home/user/.m2/repository/com/fasterxml/jackson/core/jackson-core/2.9.5/jackson-core-2.9.5.jar:/home/user/.m2/repository/com/fasterxml/jackson/module/jackson-module-jaxb-annotations/2.9.5/jackson-module-jaxb-annotations-2.9.5.jar:/home/user/.m2/repository/javax/enterprise/cdi-api/1.2/cdi-api-1.2.jar:/home/user/.m2/repository/javax/el/javax.el-api/3.0.0/javax.el-api-3.0.0.jar:/home/user/.m2/repository/javax/interceptor/javax.interceptor-api/1.2/javax.interceptor-api-1.2.jar:/home/user/.m2/repository/javax/inject/javax.inject/1/javax.inject-1.jar:/home/user/.m2/repository/com/sun/xml/bind/jaxb-impl/2.3.0.1/jaxb-impl-2.3.0.1.jar:/home/user/.m2/repository/com/sun/xml/bind/jaxb-core/2.3.0.1/jaxb-core-2.3.0.1.jar:/home/user/.m2/repository/javax/xml/bind/jaxb-api/2.3.0/jaxb-api-2.3.0.jar:/home/user/.m2/repository/javax/activation/activation/1.1.1/activation-1.1.1.jar:/home/user/.m2/repository/org/apache/hadoop/hadoop-ozone-csi/0.5.0-SNAPSHOT/hadoop-ozone-csi-0.5.0-SNAPSHOT.jar:/home/user/.m2/repository/com/google/protobuf/protobuf-java-util/3.5.1/protobuf-java-util-3.5.1.jar:/home/user/.m2/repository/org/apache/hadoop/hadoop-hdds-config/0.5.0-SNAPSHOT/hadoop-hdds-config-0.5.0-SNAPSHOT.jar:/home/user/.m2/repository/io/grpc/grpc-netty/1.17.1/grpc-netty-1.17.1.jar:/home/user/.m2/repository/io/grpc/grpc-core/1.17.1/grpc-core-1.17.1.jar:/home/user/.m2/repository/io/grpc/grpc-context/1.17.1/grpc-context-1.17.1.jar:/home/user/.m2/repository/com/google/errorprone/error_prone_annotations/2.2.0/error_prone_annotations-2.2.0.jar:/home/user/.m2/repository/org/codehaus/mojo/animal-sniffer-annotations/1.17/animal-sniffer-annotations-1.17.jar:/home/user/.m2/repository/io/opencensus/opencensus-api/0.17.0/opencensus-api-0.17.0.jar:/home/user/.m2/repository/io/opencensus/opencensus-contrib-grpc-metrics/0.17.0/opencensus-contrib-grpc-metrics-0.17.0.jar:/home/user/.m2/repository/io/netty/netty-codec-http2/4.1.30.Final/netty-codec-http2-4.1.30.Final.jar:/home/user/.m2/repository/io/netty/netty-codec-http/4.1.30.Final/netty-codec-http-4.1.30.Final.jar:/home/user/.m2/repository/io/netty/netty-codec/4.1.30.Final/netty-codec-4.1.30.Final.jar:/home/user/.m2/repository/io/netty/netty-handler/4.1.30.Final/netty-handler-4.1.30.Final.jar:/home/user/.m2/repository/io/netty/netty-handler-proxy/4.1.30.Final/netty-handler-proxy-4.1.30.Final.jar:/home/user/.m2/repository/io/netty/netty-codec-socks/4.1.30.Final/netty-codec-socks-4.1.30.Final.jar:/home/user/.m2/repository/io/netty/netty-transport-native-epoll/4.1.30.Final/netty-transport-native-epoll-4.1.30.Final.jar:/home/user/.m2/repository/io/netty/netty-common/4.1.30.Final/netty-common-4.1.30.Final.jar:/home/user/.m2/repository/io/netty/netty-buffer/4.1.30.Final/netty-buffer-4.1.30.Final.jar:/home/user/.m2/repository/io/netty/netty-transport/4.1.30.Final/netty-transport-4.1.30.Final.jar:/home/user/.m2/repository/io/netty/netty-resolver/4.1.30.Final/netty-resolver-4.1.30.Final.jar:/home/user/.m2/repository/io/netty/netty-transport-native-unix-common/4.1.30.Final/netty-transport-native-unix-common-4.1.30.Final.jar:/home/user/.m2/repository/io/grpc/grpc-protobuf/1.17.1/grpc-protobuf-1.17.1.jar:/home/user/.m2/repository/com/google/api/grpc/proto-google-common-protos/1.0.0/proto-google-common-protos-1.0.0.jar:/home/user/.m2/repository/io/grpc/grpc-protobuf-lite/1.17.1/grpc-protobuf-lite-1.17.1.jar:/home/user/.m2/repository/io/grpc/grpc-stub/1.17.1/grpc-stub-1.17.1.jar:/home/user/.m2/repository/org/apache/hadoop/hadoop-ozone-recon/0.5.0-SNAPSHOT/hadoop-ozone-recon-0.5.0-SNAPSHOT.jar:/home/user/.m2/repository/org/apache/hadoop/hadoop-ozone-reconcodegen/0.5.0-SNAPSHOT/hadoop-ozone-reconcodegen-0.5.0-SNAPSHOT.jar:/home/user/.m2/repository/com/google/inject/extensions/guice-multibindings/4.0/guice-multibindings-4.0.jar:/home/user/.m2/repository/com/google/inject/guice/4.0/guice-4.0.jar:/home/user/.m2/repository/aopalliance/aopalliance/1.0/aopalliance-1.0.jar:/home/user/.m2/repository/com/google/inject/extensions/guice-servlet/4.0/guice-servlet-4.0.jar:/home/user/.m2/repository/org/glassfish/jersey/containers/jersey-container-servlet/2.27/jersey-container-servlet-2.27.jar:/home/user/.m2/repository/org/glassfish/hk2/guice-bridge/2.5.0/guice-bridge-2.5.0.jar:/home/user/.m2/repository/org/glassfish/jersey/core/jersey-server/2.27/jersey-server-2.27.jar:/home/user/.m2/repository/org/glassfish/jersey/core/jersey-client/2.27/jersey-client-2.27.jar:/home/user/.m2/repository/org/glassfish/jersey/media/jersey-media-jaxb/2.27/jersey-media-jaxb-2.27.jar:/home/user/.m2/repository/javax/validation/validation-api/1.1.0.Final/validation-api-1.1.0.Final.jar:/home/user/.m2/repository/org/glassfish/jersey/media/jersey-media-json-jackson/2.27/jersey-media-json-jackson-2.27.jar:/home/user/.m2/repository/org/glassfish/jersey/ext/jersey-entity-filtering/2.27/jersey-entity-filtering-2.27.jar:/home/user/.m2/repository/com/google/inject/extensions/guice-assistedinject/4.0/guice-assistedinject-4.0.jar:/home/user/.m2/repository/org/jooq/jooq/3.11.10/jooq-3.11.10.jar:/home/user/.m2/repository/org/jooq/jooq-meta/3.11.10/jooq-meta-3.11.10.jar:/home/user/.m2/repository/org/jooq/jooq-codegen/3.11.10/jooq-codegen-3.11.10.jar:/home/user/.m2/repository/com/jolbox/bonecp/0.8.0.RELEASE/bonecp-0.8.0.RELEASE.jar:/home/user/.m2/repository/org/xerial/sqlite-jdbc/3.25.2/sqlite-jdbc-3.25.2.jar:/home/user/.m2/repository/org/springframework/spring-jdbc/5.1.3.RELEASE/spring-jdbc-5.1.3.RELEASE.jar:/home/user/.m2/repository/org/springframework/spring-beans/5.1.3.RELEASE/spring-beans-5.1.3.RELEASE.jar:/home/user/.m2/repository/org/springframework/spring-core/5.1.3.RELEASE/spring-core-5.1.3.RELEASE.jar:/home/user/.m2/repository/org/springframework/spring-jcl/5.1.3.RELEASE/spring-jcl-5.1.3.RELEASE.jar:/home/user/.m2/repository/org/springframework/spring-tx/5.1.3.RELEASE/spring-tx-5.1.3.RELEASE.jar:/home/user/.m2/repository/org/apache/hadoop/hadoop-ozone-client/0.5.0-SNAPSHOT/hadoop-ozone-client-0.5.0-SNAPSHOT.jar:/home/user/.m2/repository/commons-lang/commons-lang/2.6/commons-lang-2.6.jar:/home/user/.m2/repository/org/apache/hadoop/hadoop-ozone-ozone-manager/0.5.0-SNAPSHOT/hadoop-ozone-ozone-manager-0.5.0-SNAPSHOT-tests.jar:/home/user/.m2/repository/junit/junit/4.11/junit-4.11.jar:/home/user/.m2/repository/org/hamcrest/hamcrest-core/1.3/hamcrest-core-1.3.jar:/home/user/.m2/repository/org/openjdk/jmh/jmh-core/1.19/jmh-core-1.19.jar:/home/user/.m2/repository/net/sf/jopt-simple/jopt-simple/4.6/jopt-simple-4.6.jar:/home/user/.m2/repository/org/apache/commons/commons-math3/3.1.1/commons-math3-3.1.1.jar:/home/user/.m2/repository/org/openjdk/jmh/jmh-generator-annprocess/1.19/jmh-generator-annprocess-1.19.jar:/home/user/.m2/repository/org/mockito/mockito-all/1.8.5/mockito-all-1.8.5.jar:/home/user/.m2/repository/org/apache/hadoop/hadoop-kms/3.2.0/hadoop-kms-3.2.0.jar:/home/user/.m2/repository/org/apache/hadoop/hadoop-auth/3.2.0/hadoop-auth-3.2.0.jar:/home/user/.m2/repository/com/nimbusds/nimbus-jose-jwt/4.41.1/nimbus-jose-jwt-4.41.1.jar:/home/user/.m2/repository/com/github/stephenc/jcip/jcip-annotations/1.0-1/jcip-annotations-1.0-1.jar:/home/user/.m2/repository/net/minidev/json-smart/2.3/json-smart-2.3.jar:/home/user/.m2/repository/net/minidev/accessors-smart/1.2/accessors-smart-1.2.jar:/home/user/.m2/repository/org/ow2/asm/asm/5.0.4/asm-5.0.4.jar:/home/user/.m2/repository/org/apache/curator/curator-framework/2.12.0/curator-framework-2.12.0.jar:/home/user/.m2/repository/com/sun/jersey/jersey-core/1.19/jersey-core-1.19.jar:/home/user/.m2/repository/javax/ws/rs/jsr311-api/1.1.1/jsr311-api-1.1.1.jar:/home/user/.m2/repository/com/sun/jersey/jersey-server/1.19/jersey-server-1.19.jar:/home/user/.m2/repository/javax/servlet/javax.servlet-api/3.1.0/javax.servlet-api-3.1.0.jar:/home/user/.m2/repository/org/eclipse/jetty/jetty-server/9.3.24.v20180605/jetty-server-9.3.24.v20180605.jar:/home/user/.m2/repository/org/eclipse/jetty/jetty-http/9.3.24.v20180605/jetty-http-9.3.24.v20180605.jar:/home/user/.m2/repository/org/eclipse/jetty/jetty-io/9.3.24.v20180605/jetty-io-9.3.24.v20180605.jar:/home/user/.m2/repository/org/eclipse/jetty/jetty-webapp/9.3.24.v20180605/jetty-webapp-9.3.24.v20180605.jar:/home/user/.m2/repository/org/eclipse/jetty/jetty-xml/9.3.24.v20180605/jetty-xml-9.3.24.v20180605.jar:/home/user/.m2/repository/log4j/log4j/1.2.17/log4j-1.2.17.jar:/home/user/.m2/repository/org/slf4j/slf4j-api/1.7.25/slf4j-api-1.7.25.jar:/home/user/.m2/repository/org/slf4j/jul-to-slf4j/1.7.25/jul-to-slf4j-1.7.25.jar:/home/user/.m2/repository/org/eclipse/jetty/jetty-util/9.3.24.v20180605/jetty-util-9.3.24.v20180605.jar:/home/user/.m2/repository/com/fasterxml/jackson/core/jackson-databind/2.9.5/jackson-databind-2.9.5.jar:/home/user/.m2/repository/org/apache/hadoop/hadoop-kms/3.2.0/hadoop-kms-3.2.0-tests.jar:/home/user/.m2/repository/org/apache/hadoop/hadoop-hdds-server-scm/0.5.0-SNAPSHOT/hadoop-hdds-server-scm-0.5.0-SNAPSHOT-tests.jar:/home/user/.m2/repository/org/apache/hadoop/hadoop-hdds-container-service/0.5.0-SNAPSHOT/hadoop-hdds-container-service-0.5.0-SNAPSHOT-tests.jar:/home/user/.m2/repository/org/yaml/snakeyaml/1.16/snakeyaml-1.16.jar:/home/user/.m2/repository/org/apache/hadoop/hadoop-common/3.2.0/hadoop-common-3.2.0-tests.jar:/home/user/.m2/repository/org/apache/hadoop/hadoop-annotations/3.2.0/hadoop-annotations-3.2.0.jar:/usr/lib/jvm/java-1.8-openjdk/jre/../lib/tools.jar:/home/user/.m2/repository/commons-cli/commons-cli/1.2/commons-cli-1.2.jar:/home/user/.m2/repository/org/apache/httpcomponents/httpclient/4.5.2/httpclient-4.5.2.jar:/home/user/.m2/repository/org/apache/httpcomponents/httpcore/4.4.4/httpcore-4.4.4.jar:/home/user/.m2/repository/commons-codec/commons-codec/1.11/commons-codec-1.11.jar:/home/user/.m2/repository/commons-net/commons-net/3.6/commons-net-3.6.jar:/home/user/.m2/repository/commons-collections/commons-collections/3.2.2/commons-collections-3.2.2.jar:/home/user/.m2/repository/org/eclipse/jetty/jetty-servlet/9.3.24.v20180605/jetty-servlet-9.3.24.v20180605.jar:/home/user/.m2/repository/org/eclipse/jetty/jetty-security/9.3.24.v20180605/jetty-security-9.3.24.v20180605.jar:/home/user/.m2/repository/javax/servlet/jsp/jsp-api/2.1/jsp-api-2.1.jar:/home/user/.m2/repository/com/sun/jersey/jersey-servlet/1.19/jersey-servlet-1.19.jar:/home/user/.m2/repository/com/sun/jersey/jersey-json/1.19/jersey-json-1.19.jar:/home/user/.m2/repository/org/codehaus/jettison/jettison/1.1/jettison-1.1.jar:/home/user/.m2/repository/org/codehaus/jackson/jackson-core-asl/1.9.13/jackson-core-asl-1.9.13.jar:/home/user/.m2/repository/org/codehaus/jackson/jackson-mapper-asl/1.9.13/jackson-mapper-asl-1.9.13.jar:/home/user/.m2/repository/org/codehaus/jackson/jackson-jaxrs/1.9.13/jackson-jaxrs-1.9.13.jar:/home/user/.m2/repository/org/codehaus/jackson/jackson-xc/1.9.13/jackson-xc-1.9.13.jar:/home/user/.m2/repository/commons-logging/commons-logging/1.1.3/commons-logging-1.1.3.jar:/home/user/.m2/repository/commons-beanutils/commons-beanutils/1.9.3/commons-beanutils-1.9.3.jar:/home/user/.m2/repository/org/apache/commons/commons-configuration2/2.1.1/commons-configuration2-2.1.1.jar:/home/user/.m2/repository/org/apache/commons/commons-lang3/3.7/commons-lang3-3.7.jar:/home/user/.m2/repository/org/apache/commons/commons-text/1.4/commons-text-1.4.jar:/home/user/.m2/repository/org/apache/avro/avro/1.7.7/avro-1.7.7.jar:/home/user/.m2/repository/com/thoughtworks/paranamer/paranamer/2.3/paranamer-2.3.jar:/home/user/.m2/repository/org/xerial/snappy/snappy-java/1.0.5/snappy-java-1.0.5.jar:/home/user/.m2/repository/com/google/re2j/re2j/1.1/re2j-1.1.jar:/home/user/.m2/repository/com/google/code/gson/gson/2.2.4/gson-2.2.4.jar:/home/user/.m2/repository/com/jcraft/jsch/0.1.54/jsch-0.1.54.jar:/home/user/.m2/repository/org/apache/curator/curator-client/2.12.0/curator-client-2.12.0.jar:/home/user/.m2/repository/org/apache/curator/curator-recipes/2.12.0/curator-recipes-2.12.0.jar:/home/user/.m2/repository/com/google/code/findbugs/jsr305/3.0.0/jsr305-3.0.0.jar:/home/user/.m2/repository/org/apache/htrace/htrace-core4/4.1.0-incubating/htrace-core4-4.1.0-incubating.jar:/home/user/.m2/repository/org/apache/zookeeper/zookeeper/3.4.13/zookeeper-3.4.13.jar:/home/user/.m2/repository/org/apache/yetus/audience-annotations/0.5.0/audience-annotations-0.5.0.jar:/home/user/.m2/repository/org/codehaus/woodstox/stax2-api/3.1.4/stax2-api-3.1.4.jar:/home/user/.m2/repository/com/fasterxml/woodstox/woodstox-core/5.0.3/woodstox-core-5.0.3.jar:/home/user/.m2/repository/dnsjava/dnsjava/2.1.7/dnsjava-2.1.7.jar:/home/user/.m2/repository/org/apache/hadoop/hadoop-hdfs/3.2.0/hadoop-hdfs-3.2.0-tests.jar:/home/user/.m2/repository/org/eclipse/jetty/jetty-util-ajax/9.3.24.v20180605/jetty-util-ajax-9.3.24.v20180605.jar:/home/user/.m2/repository/commons-daemon/commons-daemon/1.0.13/commons-daemon-1.0.13.jar:/home/user/.m2/repository/io/netty/netty/3.10.5.Final/netty-3.10.5.Final.jar:/home/user/.m2/repository/io/netty/netty-all/4.0.52.Final/netty-all-4.0.52.Final.jar:/home/user/.m2/repository/org/fusesource/leveldbjni/leveldbjni-all/1.8/leveldbjni-all-1.8.jar:"/>
    <property name="java.vm.vendor" value="IcedTea"/>
    <property name="sun.arch.data.model" value="64"/>
    <property name="test.build.dir" value="/workdir/hadoop-ozone/integration-test/target/test-dir"/>
    <property name="test.cache.data" value=""/>
    <property name="java.vendor.url" value="https://icedtea.classpath.org"/>
    <property name="user.timezone" value=""/>
    <property name="java.vm.specification.version" value="1.8"/>
    <property name="os.name" value="Linux"/>
    <property name="test.build.data" value="/workdir/hadoop-ozone/integration-test/target/test-dir"/>
    <property name="user.country" value="US"/>
    <property name="sun.java.launcher" value="SUN_STANDARD"/>
    <property name="sun.boot.library.path" value="/usr/lib/jvm/java-1.8-openjdk/jre/lib/amd64"/>
    <property name="sun.java.command" value="/workdir/hadoop-ozone/integration-test/target/surefire/surefirebooter7915350678062196181.jar /workdir/hadoop-ozone/integration-test/target/surefire 2019-09-17T13-22-39_720-jvmRun1 surefire593909723691785626tmp surefire_315539201053566573310tmp"/>
    <property name="test" value="!TestMiniChaosOzoneCluster"/>
    <property name="surefire.test.class.path" value="/workdir/hadoop-ozone/integration-test/target/test-classes:/workdir/hadoop-ozone/integration-test/target/classes:/home/user/.m2/repository/org/apache/hadoop/hadoop-ozone-common/0.5.0-SNAPSHOT/hadoop-ozone-common-0.5.0-SNAPSHOT.jar:/home/user/.m2/repository/org/apache/commons/commons-compress/1.4.1/commons-compress-1.4.1.jar:/home/user/.m2/repository/org/tukaani/xz/1.0/xz-1.0.jar:/home/user/.m2/repository/org/apache/hadoop/hadoop-common/3.2.0/hadoop-common-3.2.0.jar:/home/user/.m2/repository/org/apache/hadoop/hadoop-hdfs/3.2.0/hadoop-hdfs-3.2.0.jar:/home/user/.m2/repository/org/apache/hadoop/hadoop-hdfs-client/3.2.0/hadoop-hdfs-client-3.2.0.jar:/home/user/.m2/repository/com/fasterxml/jackson/core/jackson-annotations/2.9.5/jackson-annotations-2.9.5.jar:/home/user/.m2/repository/org/apache/hadoop/hadoop-hdds-common/0.5.0-SNAPSHOT/hadoop-hdds-common-0.5.0-SNAPSHOT.jar:/home/user/.m2/repository/javax/annotation/javax.annotation-api/1.2/javax.annotation-api-1.2.jar:/home/user/.m2/repository/org/apache/ratis/ratis-server/0.4.0-78e95b9-SNAPSHOT/ratis-server-0.4.0-78e95b9-SNAPSHOT.jar:/home/user/.m2/repository/org/apache/ratis/ratis-thirdparty-misc/0.2.0/ratis-thirdparty-misc-0.2.0.jar:/home/user/.m2/repository/org/apache/ratis/ratis-proto/0.4.0-78e95b9-SNAPSHOT/ratis-proto-0.4.0-78e95b9-SNAPSHOT.jar:/home/user/.m2/repository/org/apache/ratis/ratis-common/0.4.0-78e95b9-SNAPSHOT/ratis-common-0.4.0-78e95b9-SNAPSHOT.jar:/home/user/.m2/repository/org/apache/ratis/ratis-client/0.4.0-78e95b9-SNAPSHOT/ratis-client-0.4.0-78e95b9-SNAPSHOT.jar:/home/user/.m2/repository/org/apache/ratis/ratis-metrics/0.4.0-78e95b9-SNAPSHOT/ratis-metrics-0.4.0-78e95b9-SNAPSHOT.jar:/home/user/.m2/repository/com/github/joshelser/dropwizard-metrics-hadoop-metrics2-reporter/0.1.2/dropwizard-metrics-hadoop-metrics2-reporter-0.1.2.jar:/home/user/.m2/repository/io/dropwizard/metrics/metrics-jvm/3.2.5/metrics-jvm-3.2.5.jar:/home/user/.m2/repository/io/dropwizard/metrics/metrics-ganglia/3.2.5/metrics-ganglia-3.2.5.jar:/home/user/.m2/repository/info/ganglia/gmetric4j/gmetric4j/1.0.7/gmetric4j-1.0.7.jar:/home/user/.m2/repository/org/apache/ratis/ratis-netty/0.4.0-78e95b9-SNAPSHOT/ratis-netty-0.4.0-78e95b9-SNAPSHOT.jar:/home/user/.m2/repository/org/apache/ratis/ratis-grpc/0.4.0-78e95b9-SNAPSHOT/ratis-grpc-0.4.0-78e95b9-SNAPSHOT.jar:/home/user/.m2/repository/org/rocksdb/rocksdbjni/6.0.1/rocksdbjni-6.0.1.jar:/home/user/.m2/repository/org/apache/logging/log4j/log4j-api/2.11.0/log4j-api-2.11.0.jar:/home/user/.m2/repository/org/apache/logging/log4j/log4j-core/2.11.0/log4j-core-2.11.0.jar:/home/user/.m2/repository/com/lmax/disruptor/3.4.2/disruptor-3.4.2.jar:/home/user/.m2/repository/org/apache/commons/commons-pool2/2.6.0/commons-pool2-2.6.0.jar:/home/user/.m2/repository/org/bouncycastle/bcpkix-jdk15on/1.60/bcpkix-jdk15on-1.60.jar:/home/user/.m2/repository/commons-validator/commons-validator/1.6/commons-validator-1.6.jar:/home/user/.m2/repository/commons-digester/commons-digester/1.8.1/commons-digester-1.8.1.jar:/home/user/.m2/repository/io/jaegertracing/jaeger-client/0.33.1/jaeger-client-0.33.1.jar:/home/user/.m2/repository/io/jaegertracing/jaeger-thrift/0.33.1/jaeger-thrift-0.33.1.jar:/home/user/.m2/repository/org/apache/thrift/libthrift/0.11.0/libthrift-0.11.0.jar:/home/user/.m2/repository/com/squareup/okhttp3/okhttp/3.9.0/okhttp-3.9.0.jar:/home/user/.m2/repository/com/squareup/okio/okio/1.13.0/okio-1.13.0.jar:/home/user/.m2/repository/io/jaegertracing/jaeger-core/0.33.1/jaeger-core-0.33.1.jar:/home/user/.m2/repository/io/jaegertracing/jaeger-tracerresolver/0.33.1/jaeger-tracerresolver-0.33.1.jar:/home/user/.m2/repository/io/opentracing/contrib/opentracing-tracerresolver/0.1.5/opentracing-tracerresolver-0.1.5.jar:/home/user/.m2/repository/io/opentracing/opentracing-util/0.31.0/opentracing-util-0.31.0.jar:/home/user/.m2/repository/io/opentracing/opentracing-api/0.31.0/opentracing-api-0.31.0.jar:/home/user/.m2/repository/io/opentracing/opentracing-noop/0.31.0/opentracing-noop-0.31.0.jar:/home/user/.m2/repository/org/apache/hadoop/hadoop-hdds-server-framework/0.5.0-SNAPSHOT/hadoop-hdds-server-framework-0.5.0-SNAPSHOT.jar:/home/user/.m2/repository/org/apache/hadoop/hadoop-hdds-container-service/0.5.0-SNAPSHOT/hadoop-hdds-container-service-0.5.0-SNAPSHOT.jar:/home/user/.m2/repository/org/apache/hadoop/hadoop-hdds-client/0.5.0-SNAPSHOT/hadoop-hdds-client-0.5.0-SNAPSHOT.jar:/home/user/.m2/repository/org/apache/hadoop/hadoop-hdds-tools/0.5.0-SNAPSHOT/hadoop-hdds-tools-0.5.0-SNAPSHOT.jar:/home/user/.m2/repository/org/apache/hadoop/hadoop-hdds-server-scm/0.5.0-SNAPSHOT/hadoop-hdds-server-scm-0.5.0-SNAPSHOT.jar:/home/user/.m2/repository/org/apache/hadoop/hadoop-hdds-docs/0.5.0-SNAPSHOT/hadoop-hdds-docs-0.5.0-SNAPSHOT.jar:/home/user/.m2/repository/io/dropwizard/metrics/metrics-core/3.2.4/metrics-core-3.2.4.jar:/home/user/.m2/repository/org/hamcrest/hamcrest-all/1.3/hamcrest-all-1.3.jar:/home/user/.m2/repository/org/bouncycastle/bcprov-jdk15on/1.60/bcprov-jdk15on-1.60.jar:/home/user/.m2/repository/info/picocli/picocli/3.9.6/picocli-3.9.6.jar:/home/user/.m2/repository/com/google/protobuf/protobuf-java/2.5.0/protobuf-java-2.5.0.jar:/home/user/.m2/repository/com/google/guava/guava/11.0.2/guava-11.0.2.jar:/home/user/.m2/repository/org/apache/hadoop/hadoop-ozone-ozone-manager/0.5.0-SNAPSHOT/hadoop-ozone-ozone-manager-0.5.0-SNAPSHOT.jar:/home/user/.m2/repository/org/apache/hadoop/hadoop-minikdc/3.2.0/hadoop-minikdc-3.2.0.jar:/home/user/.m2/repository/commons-io/commons-io/2.5/commons-io-2.5.jar:/home/user/.m2/repository/org/apache/kerby/kerb-simplekdc/1.0.1/kerb-simplekdc-1.0.1.jar:/home/user/.m2/repository/org/apache/kerby/kerb-client/1.0.1/kerb-client-1.0.1.jar:/home/user/.m2/repository/org/apache/kerby/kerby-config/1.0.1/kerby-config-1.0.1.jar:/home/user/.m2/repository/org/apache/kerby/kerb-core/1.0.1/kerb-core-1.0.1.jar:/home/user/.m2/repository/org/apache/kerby/kerby-pkix/1.0.1/kerby-pkix-1.0.1.jar:/home/user/.m2/repository/org/apache/kerby/kerby-asn1/1.0.1/kerby-asn1-1.0.1.jar:/home/user/.m2/repository/org/apache/kerby/kerby-util/1.0.1/kerby-util-1.0.1.jar:/home/user/.m2/repository/org/apache/kerby/kerb-common/1.0.1/kerb-common-1.0.1.jar:/home/user/.m2/repository/org/apache/kerby/kerb-crypto/1.0.1/kerb-crypto-1.0.1.jar:/home/user/.m2/repository/org/apache/kerby/kerb-util/1.0.1/kerb-util-1.0.1.jar:/home/user/.m2/repository/org/apache/kerby/token-provider/1.0.1/token-provider-1.0.1.jar:/home/user/.m2/repository/org/apache/kerby/kerb-admin/1.0.1/kerb-admin-1.0.1.jar:/home/user/.m2/repository/org/apache/kerby/kerb-server/1.0.1/kerb-server-1.0.1.jar:/home/user/.m2/repository/org/apache/kerby/kerb-identity/1.0.1/kerb-identity-1.0.1.jar:/home/user/.m2/repository/org/apache/kerby/kerby-xdr/1.0.1/kerby-xdr-1.0.1.jar:/home/user/.m2/repository/org/slf4j/slf4j-log4j12/1.7.25/slf4j-log4j12-1.7.25.jar:/home/user/.m2/repository/org/apache/hadoop/hadoop-ozone-s3gateway/0.5.0-SNAPSHOT/hadoop-ozone-s3gateway-0.5.0-SNAPSHOT.jar:/home/user/.m2/repository/org/jboss/weld/servlet/weld-servlet/2.4.7.Final/weld-servlet-2.4.7.Final.jar:/home/user/.m2/repository/org/glassfish/jersey/containers/jersey-container-servlet-core/2.27/jersey-container-servlet-core-2.27.jar:/home/user/.m2/repository/org/glassfish/hk2/external/javax.inject/2.5.0-b42/javax.inject-2.5.0-b42.jar:/home/user/.m2/repository/org/glassfish/jersey/core/jersey-common/2.27/jersey-common-2.27.jar:/home/user/.m2/repository/org/glassfish/hk2/osgi-resource-locator/1.0.1/osgi-resource-locator-1.0.1.jar:/home/user/.m2/repository/javax/ws/rs/javax.ws.rs-api/2.1/javax.ws.rs-api-2.1.jar:/home/user/.m2/repository/org/glassfish/jersey/ext/cdi/jersey-cdi1x/2.27/jersey-cdi1x-2.27.jar:/home/user/.m2/repository/org/glassfish/jersey/inject/jersey-hk2/2.27/jersey-hk2-2.27.jar:/home/user/.m2/repository/org/glassfish/hk2/hk2-locator/2.5.0-b42/hk2-locator-2.5.0-b42.jar:/home/user/.m2/repository/org/javassist/javassist/3.22.0-CR2/javassist-3.22.0-CR2.jar:/home/user/.m2/repository/org/glassfish/hk2/hk2-api/2.5.0/hk2-api-2.5.0.jar:/home/user/.m2/repository/org/glassfish/hk2/external/jakarta.inject/2.5.0/jakarta.inject-2.5.0.jar:/home/user/.m2/repository/org/glassfish/hk2/hk2-utils/2.5.0/hk2-utils-2.5.0.jar:/home/user/.m2/repository/jakarta/annotation/jakarta.annotation-api/1.3.4/jakarta.annotation-api-1.3.4.jar:/home/user/.m2/repository/org/glassfish/hk2/external/aopalliance-repackaged/2.5.0/aopalliance-repackaged-2.5.0.jar:/home/user/.m2/repository/com/fasterxml/jackson/dataformat/jackson-dataformat-xml/2.9.0/jackson-dataformat-xml-2.9.0.jar:/home/user/.m2/repository/com/fasterxml/jackson/core/jackson-core/2.9.5/jackson-core-2.9.5.jar:/home/user/.m2/repository/com/fasterxml/jackson/module/jackson-module-jaxb-annotations/2.9.5/jackson-module-jaxb-annotations-2.9.5.jar:/home/user/.m2/repository/javax/enterprise/cdi-api/1.2/cdi-api-1.2.jar:/home/user/.m2/repository/javax/el/javax.el-api/3.0.0/javax.el-api-3.0.0.jar:/home/user/.m2/repository/javax/interceptor/javax.interceptor-api/1.2/javax.interceptor-api-1.2.jar:/home/user/.m2/repository/javax/inject/javax.inject/1/javax.inject-1.jar:/home/user/.m2/repository/com/sun/xml/bind/jaxb-impl/2.3.0.1/jaxb-impl-2.3.0.1.jar:/home/user/.m2/repository/com/sun/xml/bind/jaxb-core/2.3.0.1/jaxb-core-2.3.0.1.jar:/home/user/.m2/repository/javax/xml/bind/jaxb-api/2.3.0/jaxb-api-2.3.0.jar:/home/user/.m2/repository/javax/activation/activation/1.1.1/activation-1.1.1.jar:/home/user/.m2/repository/org/apache/hadoop/hadoop-ozone-csi/0.5.0-SNAPSHOT/hadoop-ozone-csi-0.5.0-SNAPSHOT.jar:/home/user/.m2/repository/com/google/protobuf/protobuf-java-util/3.5.1/protobuf-java-util-3.5.1.jar:/home/user/.m2/repository/org/apache/hadoop/hadoop-hdds-config/0.5.0-SNAPSHOT/hadoop-hdds-config-0.5.0-SNAPSHOT.jar:/home/user/.m2/repository/io/grpc/grpc-netty/1.17.1/grpc-netty-1.17.1.jar:/home/user/.m2/repository/io/grpc/grpc-core/1.17.1/grpc-core-1.17.1.jar:/home/user/.m2/repository/io/grpc/grpc-context/1.17.1/grpc-context-1.17.1.jar:/home/user/.m2/repository/com/google/errorprone/error_prone_annotations/2.2.0/error_prone_annotations-2.2.0.jar:/home/user/.m2/repository/org/codehaus/mojo/animal-sniffer-annotations/1.17/animal-sniffer-annotations-1.17.jar:/home/user/.m2/repository/io/opencensus/opencensus-api/0.17.0/opencensus-api-0.17.0.jar:/home/user/.m2/repository/io/opencensus/opencensus-contrib-grpc-metrics/0.17.0/opencensus-contrib-grpc-metrics-0.17.0.jar:/home/user/.m2/repository/io/netty/netty-codec-http2/4.1.30.Final/netty-codec-http2-4.1.30.Final.jar:/home/user/.m2/repository/io/netty/netty-codec-http/4.1.30.Final/netty-codec-http-4.1.30.Final.jar:/home/user/.m2/repository/io/netty/netty-codec/4.1.30.Final/netty-codec-4.1.30.Final.jar:/home/user/.m2/repository/io/netty/netty-handler/4.1.30.Final/netty-handler-4.1.30.Final.jar:/home/user/.m2/repository/io/netty/netty-handler-proxy/4.1.30.Final/netty-handler-proxy-4.1.30.Final.jar:/home/user/.m2/repository/io/netty/netty-codec-socks/4.1.30.Final/netty-codec-socks-4.1.30.Final.jar:/home/user/.m2/repository/io/netty/netty-transport-native-epoll/4.1.30.Final/netty-transport-native-epoll-4.1.30.Final.jar:/home/user/.m2/repository/io/netty/netty-common/4.1.30.Final/netty-common-4.1.30.Final.jar:/home/user/.m2/repository/io/netty/netty-buffer/4.1.30.Final/netty-buffer-4.1.30.Final.jar:/home/user/.m2/repository/io/netty/netty-transport/4.1.30.Final/netty-transport-4.1.30.Final.jar:/home/user/.m2/repository/io/netty/netty-resolver/4.1.30.Final/netty-resolver-4.1.30.Final.jar:/home/user/.m2/repository/io/netty/netty-transport-native-unix-common/4.1.30.Final/netty-transport-native-unix-common-4.1.30.Final.jar:/home/user/.m2/repository/io/grpc/grpc-protobuf/1.17.1/grpc-protobuf-1.17.1.jar:/home/user/.m2/repository/com/google/api/grpc/proto-google-common-protos/1.0.0/proto-google-common-protos-1.0.0.jar:/home/user/.m2/repository/io/grpc/grpc-protobuf-lite/1.17.1/grpc-protobuf-lite-1.17.1.jar:/home/user/.m2/repository/io/grpc/grpc-stub/1.17.1/grpc-stub-1.17.1.jar:/home/user/.m2/repository/org/apache/hadoop/hadoop-ozone-recon/0.5.0-SNAPSHOT/hadoop-ozone-recon-0.5.0-SNAPSHOT.jar:/home/user/.m2/repository/org/apache/hadoop/hadoop-ozone-reconcodegen/0.5.0-SNAPSHOT/hadoop-ozone-reconcodegen-0.5.0-SNAPSHOT.jar:/home/user/.m2/repository/com/google/inject/extensions/guice-multibindings/4.0/guice-multibindings-4.0.jar:/home/user/.m2/repository/com/google/inject/guice/4.0/guice-4.0.jar:/home/user/.m2/repository/aopalliance/aopalliance/1.0/aopalliance-1.0.jar:/home/user/.m2/repository/com/google/inject/extensions/guice-servlet/4.0/guice-servlet-4.0.jar:/home/user/.m2/repository/org/glassfish/jersey/containers/jersey-container-servlet/2.27/jersey-container-servlet-2.27.jar:/home/user/.m2/repository/org/glassfish/hk2/guice-bridge/2.5.0/guice-bridge-2.5.0.jar:/home/user/.m2/repository/org/glassfish/jersey/core/jersey-server/2.27/jersey-server-2.27.jar:/home/user/.m2/repository/org/glassfish/jersey/core/jersey-client/2.27/jersey-client-2.27.jar:/home/user/.m2/repository/org/glassfish/jersey/media/jersey-media-jaxb/2.27/jersey-media-jaxb-2.27.jar:/home/user/.m2/repository/javax/validation/validation-api/1.1.0.Final/validation-api-1.1.0.Final.jar:/home/user/.m2/repository/org/glassfish/jersey/media/jersey-media-json-jackson/2.27/jersey-media-json-jackson-2.27.jar:/home/user/.m2/repository/org/glassfish/jersey/ext/jersey-entity-filtering/2.27/jersey-entity-filtering-2.27.jar:/home/user/.m2/repository/com/google/inject/extensions/guice-assistedinject/4.0/guice-assistedinject-4.0.jar:/home/user/.m2/repository/org/jooq/jooq/3.11.10/jooq-3.11.10.jar:/home/user/.m2/repository/org/jooq/jooq-meta/3.11.10/jooq-meta-3.11.10.jar:/home/user/.m2/repository/org/jooq/jooq-codegen/3.11.10/jooq-codegen-3.11.10.jar:/home/user/.m2/repository/com/jolbox/bonecp/0.8.0.RELEASE/bonecp-0.8.0.RELEASE.jar:/home/user/.m2/repository/org/xerial/sqlite-jdbc/3.25.2/sqlite-jdbc-3.25.2.jar:/home/user/.m2/repository/org/springframework/spring-jdbc/5.1.3.RELEASE/spring-jdbc-5.1.3.RELEASE.jar:/home/user/.m2/repository/org/springframework/spring-beans/5.1.3.RELEASE/spring-beans-5.1.3.RELEASE.jar:/home/user/.m2/repository/org/springframework/spring-core/5.1.3.RELEASE/spring-core-5.1.3.RELEASE.jar:/home/user/.m2/repository/org/springframework/spring-jcl/5.1.3.RELEASE/spring-jcl-5.1.3.RELEASE.jar:/home/user/.m2/repository/org/springframework/spring-tx/5.1.3.RELEASE/spring-tx-5.1.3.RELEASE.jar:/home/user/.m2/repository/org/apache/hadoop/hadoop-ozone-client/0.5.0-SNAPSHOT/hadoop-ozone-client-0.5.0-SNAPSHOT.jar:/home/user/.m2/repository/commons-lang/commons-lang/2.6/commons-lang-2.6.jar:/home/user/.m2/repository/org/apache/hadoop/hadoop-ozone-ozone-manager/0.5.0-SNAPSHOT/hadoop-ozone-ozone-manager-0.5.0-SNAPSHOT-tests.jar:/home/user/.m2/repository/junit/junit/4.11/junit-4.11.jar:/home/user/.m2/repository/org/hamcrest/hamcrest-core/1.3/hamcrest-core-1.3.jar:/home/user/.m2/repository/org/openjdk/jmh/jmh-core/1.19/jmh-core-1.19.jar:/home/user/.m2/repository/net/sf/jopt-simple/jopt-simple/4.6/jopt-simple-4.6.jar:/home/user/.m2/repository/org/apache/commons/commons-math3/3.1.1/commons-math3-3.1.1.jar:/home/user/.m2/repository/org/openjdk/jmh/jmh-generator-annprocess/1.19/jmh-generator-annprocess-1.19.jar:/home/user/.m2/repository/org/mockito/mockito-all/1.8.5/mockito-all-1.8.5.jar:/home/user/.m2/repository/org/apache/hadoop/hadoop-kms/3.2.0/hadoop-kms-3.2.0.jar:/home/user/.m2/repository/org/apache/hadoop/hadoop-auth/3.2.0/hadoop-auth-3.2.0.jar:/home/user/.m2/repository/com/nimbusds/nimbus-jose-jwt/4.41.1/nimbus-jose-jwt-4.41.1.jar:/home/user/.m2/repository/com/github/stephenc/jcip/jcip-annotations/1.0-1/jcip-annotations-1.0-1.jar:/home/user/.m2/repository/net/minidev/json-smart/2.3/json-smart-2.3.jar:/home/user/.m2/repository/net/minidev/accessors-smart/1.2/accessors-smart-1.2.jar:/home/user/.m2/repository/org/ow2/asm/asm/5.0.4/asm-5.0.4.jar:/home/user/.m2/repository/org/apache/curator/curator-framework/2.12.0/curator-framework-2.12.0.jar:/home/user/.m2/repository/com/sun/jersey/jersey-core/1.19/jersey-core-1.19.jar:/home/user/.m2/repository/javax/ws/rs/jsr311-api/1.1.1/jsr311-api-1.1.1.jar:/home/user/.m2/repository/com/sun/jersey/jersey-server/1.19/jersey-server-1.19.jar:/home/user/.m2/repository/javax/servlet/javax.servlet-api/3.1.0/javax.servlet-api-3.1.0.jar:/home/user/.m2/repository/org/eclipse/jetty/jetty-server/9.3.24.v20180605/jetty-server-9.3.24.v20180605.jar:/home/user/.m2/repository/org/eclipse/jetty/jetty-http/9.3.24.v20180605/jetty-http-9.3.24.v20180605.jar:/home/user/.m2/repository/org/eclipse/jetty/jetty-io/9.3.24.v20180605/jetty-io-9.3.24.v20180605.jar:/home/user/.m2/repository/org/eclipse/jetty/jetty-webapp/9.3.24.v20180605/jetty-webapp-9.3.24.v20180605.jar:/home/user/.m2/repository/org/eclipse/jetty/jetty-xml/9.3.24.v20180605/jetty-xml-9.3.24.v20180605.jar:/home/user/.m2/repository/log4j/log4j/1.2.17/log4j-1.2.17.jar:/home/user/.m2/repository/org/slf4j/slf4j-api/1.7.25/slf4j-api-1.7.25.jar:/home/user/.m2/repository/org/slf4j/jul-to-slf4j/1.7.25/jul-to-slf4j-1.7.25.jar:/home/user/.m2/repository/org/eclipse/jetty/jetty-util/9.3.24.v20180605/jetty-util-9.3.24.v20180605.jar:/home/user/.m2/repository/com/fasterxml/jackson/core/jackson-databind/2.9.5/jackson-databind-2.9.5.jar:/home/user/.m2/repository/org/apache/hadoop/hadoop-kms/3.2.0/hadoop-kms-3.2.0-tests.jar:/home/user/.m2/repository/org/apache/hadoop/hadoop-hdds-server-scm/0.5.0-SNAPSHOT/hadoop-hdds-server-scm-0.5.0-SNAPSHOT-tests.jar:/home/user/.m2/repository/org/apache/hadoop/hadoop-hdds-container-service/0.5.0-SNAPSHOT/hadoop-hdds-container-service-0.5.0-SNAPSHOT-tests.jar:/home/user/.m2/repository/org/yaml/snakeyaml/1.16/snakeyaml-1.16.jar:/home/user/.m2/repository/org/apache/hadoop/hadoop-common/3.2.0/hadoop-common-3.2.0-tests.jar:/home/user/.m2/repository/org/apache/hadoop/hadoop-annotations/3.2.0/hadoop-annotations-3.2.0.jar:/usr/lib/jvm/java-1.8-openjdk/jre/../lib/tools.jar:/home/user/.m2/repository/commons-cli/commons-cli/1.2/commons-cli-1.2.jar:/home/user/.m2/repository/org/apache/httpcomponents/httpclient/4.5.2/httpclient-4.5.2.jar:/home/user/.m2/repository/org/apache/httpcomponents/httpcore/4.4.4/httpcore-4.4.4.jar:/home/user/.m2/repository/commons-codec/commons-codec/1.11/commons-codec-1.11.jar:/home/user/.m2/repository/commons-net/commons-net/3.6/commons-net-3.6.jar:/home/user/.m2/repository/commons-collections/commons-collections/3.2.2/commons-collections-3.2.2.jar:/home/user/.m2/repository/org/eclipse/jetty/jetty-servlet/9.3.24.v20180605/jetty-servlet-9.3.24.v20180605.jar:/home/user/.m2/repository/org/eclipse/jetty/jetty-security/9.3.24.v20180605/jetty-security-9.3.24.v20180605.jar:/home/user/.m2/repository/javax/servlet/jsp/jsp-api/2.1/jsp-api-2.1.jar:/home/user/.m2/repository/com/sun/jersey/jersey-servlet/1.19/jersey-servlet-1.19.jar:/home/user/.m2/repository/com/sun/jersey/jersey-json/1.19/jersey-json-1.19.jar:/home/user/.m2/repository/org/codehaus/jettison/jettison/1.1/jettison-1.1.jar:/home/user/.m2/repository/org/codehaus/jackson/jackson-core-asl/1.9.13/jackson-core-asl-1.9.13.jar:/home/user/.m2/repository/org/codehaus/jackson/jackson-mapper-asl/1.9.13/jackson-mapper-asl-1.9.13.jar:/home/user/.m2/repository/org/codehaus/jackson/jackson-jaxrs/1.9.13/jackson-jaxrs-1.9.13.jar:/home/user/.m2/repository/org/codehaus/jackson/jackson-xc/1.9.13/jackson-xc-1.9.13.jar:/home/user/.m2/repository/commons-logging/commons-logging/1.1.3/commons-logging-1.1.3.jar:/home/user/.m2/repository/commons-beanutils/commons-beanutils/1.9.3/commons-beanutils-1.9.3.jar:/home/user/.m2/repository/org/apache/commons/commons-configuration2/2.1.1/commons-configuration2-2.1.1.jar:/home/user/.m2/repository/org/apache/commons/commons-lang3/3.7/commons-lang3-3.7.jar:/home/user/.m2/repository/org/apache/commons/commons-text/1.4/commons-text-1.4.jar:/home/user/.m2/repository/org/apache/avro/avro/1.7.7/avro-1.7.7.jar:/home/user/.m2/repository/com/thoughtworks/paranamer/paranamer/2.3/paranamer-2.3.jar:/home/user/.m2/repository/org/xerial/snappy/snappy-java/1.0.5/snappy-java-1.0.5.jar:/home/user/.m2/repository/com/google/re2j/re2j/1.1/re2j-1.1.jar:/home/user/.m2/repository/com/google/code/gson/gson/2.2.4/gson-2.2.4.jar:/home/user/.m2/repository/com/jcraft/jsch/0.1.54/jsch-0.1.54.jar:/home/user/.m2/repository/org/apache/curator/curator-client/2.12.0/curator-client-2.12.0.jar:/home/user/.m2/repository/org/apache/curator/curator-recipes/2.12.0/curator-recipes-2.12.0.jar:/home/user/.m2/repository/com/google/code/findbugs/jsr305/3.0.0/jsr305-3.0.0.jar:/home/user/.m2/repository/org/apache/htrace/htrace-core4/4.1.0-incubating/htrace-core4-4.1.0-incubating.jar:/home/user/.m2/repository/org/apache/zookeeper/zookeeper/3.4.13/zookeeper-3.4.13.jar:/home/user/.m2/repository/org/apache/yetus/audience-annotations/0.5.0/audience-annotations-0.5.0.jar:/home/user/.m2/repository/org/codehaus/woodstox/stax2-api/3.1.4/stax2-api-3.1.4.jar:/home/user/.m2/repository/com/fasterxml/woodstox/woodstox-core/5.0.3/woodstox-core-5.0.3.jar:/home/user/.m2/repository/dnsjava/dnsjava/2.1.7/dnsjava-2.1.7.jar:/home/user/.m2/repository/org/apache/hadoop/hadoop-hdfs/3.2.0/hadoop-hdfs-3.2.0-tests.jar:/home/user/.m2/repository/org/eclipse/jetty/jetty-util-ajax/9.3.24.v20180605/jetty-util-ajax-9.3.24.v20180605.jar:/home/user/.m2/repository/commons-daemon/commons-daemon/1.0.13/commons-daemon-1.0.13.jar:/home/user/.m2/repository/io/netty/netty/3.10.5.Final/netty-3.10.5.Final.jar:/home/user/.m2/repository/io/netty/netty-all/4.0.52.Final/netty-all-4.0.52.Final.jar:/home/user/.m2/repository/org/fusesource/leveldbjni/leveldbjni-all/1.8/leveldbjni-all-1.8.jar:"/>
    <property name="sun.cpu.endian" value="little"/>
    <property name="user.home" value="/home/user"/>
    <property name="user.language" value="en"/>
    <property name="java.specification.vendor" value="Oracle Corporation"/>
    <property name="java.home" value="/usr/lib/jvm/java-1.8-openjdk/jre"/>
    <property name="java.security.krb5.conf" value="/workdir/hadoop-ozone/integration-test/target/test-classes/krb5.conf"/>
    <property name="basedir" value="/workdir/hadoop-ozone/integration-test"/>
    <property name="file.separator" value="/"/>
    <property name="line.separator" value="&#10;"/>
    <property name="java.vm.specification.vendor" value="Oracle Corporation"/>
    <property name="java.specification.name" value="Java Platform API Specification"/>
    <property name="java.awt.graphicsenv" value="sun.awt.X11GraphicsEnvironment"/>
    <property name="surefire.real.class.path" value="/workdir/hadoop-ozone/integration-test/target/surefire/surefirebooter7915350678062196181.jar"/>
    <property name="hadoop.log.dir" value="/workdir/hadoop-ozone/integration-test/target/log"/>
    <property name="sun.boot.class.path" value="/usr/lib/jvm/java-1.8-openjdk/jre/lib/resources.jar:/usr/lib/jvm/java-1.8-openjdk/jre/lib/rt.jar:/usr/lib/jvm/java-1.8-openjdk/jre/lib/sunrsasign.jar:/usr/lib/jvm/java-1.8-openjdk/jre/lib/jsse.jar:/usr/lib/jvm/java-1.8-openjdk/jre/lib/jce.jar:/usr/lib/jvm/java-1.8-openjdk/jre/lib/charsets.jar:/usr/lib/jvm/java-1.8-openjdk/jre/lib/jfr.jar:/usr/lib/jvm/java-1.8-openjdk/jre/classes"/>
    <property name="sun.management.compiler" value="HotSpot 64-Bit Tiered Compilers"/>
    <property name="java.runtime.version" value="1.8.0_212-b04"/>
    <property name="java.net.preferIPv4Stack" value="true"/>
    <property name="user.name" value="jenkins1000"/>
    <property name="path.separator" value=":"/>
    <property name="java.security.egd" value="file:///dev/urandom"/>
    <property name="os.version" value="3.10.0-957.12.2.el7.x86_64"/>
    <property name="java.endorsed.dirs" value="/usr/lib/jvm/java-1.8-openjdk/jre/lib/endorsed"/>
    <property name="java.runtime.name" value="OpenJDK Runtime Environment"/>
    <property name="file.encoding" value="UTF-8"/>
    <property name="java.vm.name" value="OpenJDK 64-Bit Server VM"/>
    <property name="test.build.webapps" value=""/>
    <property name="localRepository" value="/home/user/.m2/repository"/>
    <property name="java.vendor.url.bug" value="https://icedtea.classpath.org/bugzilla"/>
    <property name="java.io.tmpdir" value="/tmp"/>
    <property name="require.test.libhadoop" value=""/>
    <property name="java.version" value="1.8.0_212"/>
    <property name="user.dir" value="/workdir/hadoop-ozone/integration-test"/>
    <property name="os.arch" value="amd64"/>
    <property name="java.vm.specification.name" value="Java Virtual Machine Specification"/>
    <property name="test.build.classes" value="/workdir/hadoop-ozone/integration-test/target/test-classes"/>
    <property name="java.awt.printerjob" value="sun.print.PSPrinterJob"/>
    <property name="sun.os.patch.level" value="unknown"/>
    <property name="hadoop.tmp.dir" value="/workdir/hadoop-ozone/integration-test/target/tmp"/>
    <property name="java.library.path" value="/usr/lib/jvm/java-1.8-openjdk/jre/lib/amd64/server:/usr/lib/jvm/java-1.8-openjdk/jre/lib/amd64:/usr/lib/jvm/java-1.8-openjdk/jre/../lib/amd64:/workdir/hadoop-ozone/integration-test/target/native/target/usr/local/lib:/workdir/hadoop-ozone/integration-test/../../hadoop-common-project/hadoop-common/target/native/target/usr/local/lib:/usr/java/packages/lib/amd64:/usr/lib64:/lib64:/lib:/usr/lib"/>
    <property name="java.vm.info" value="mixed mode"/>
    <property name="java.vendor" value="IcedTea"/>
    <property name="java.vm.version" value="25.212-b04"/>
    <property name="java.ext.dirs" value="/usr/lib/jvm/java-1.8-openjdk/jre/lib/ext:/usr/java/packages/lib/ext"/>
    <property name="sun.io.unicode.encoding" value="UnicodeLittle"/>
    <property name="java.class.version" value="52.0"/>
  </properties>
  <testcase name="test" classname="org.apache.hadoop.ozone.scm.TestSCMContainerPlacementPolicyMetrics" time="82.563">
    <error message="test timed out after 60000 milliseconds" type="java.lang.Exception">java.lang.Exception: test timed out after 60000 milliseconds
	at java.lang.Thread.sleep(Native Method)
	at org.apache.hadoop.ozone.scm.TestSCMContainerPlacementPolicyMetrics.test(TestSCMContainerPlacementPolicyMetrics.java:134)
	at sun.reflect.NativeMethodAccessorImpl.invoke0(Native Method)
	at sun.reflect.NativeMethodAccessorImpl.invoke(NativeMethodAccessorImpl.java:62)
	at sun.reflect.DelegatingMethodAccessorImpl.invoke(DelegatingMethodAccessorImpl.java:43)
	at java.lang.reflect.Method.invoke(Method.java:498)
	at org.junit.runners.model.FrameworkMethod$1.runReflectiveCall(FrameworkMethod.java:47)
	at org.junit.internal.runners.model.ReflectiveCallable.run(ReflectiveCallable.java:12)
	at org.junit.runners.model.FrameworkMethod.invokeExplosively(FrameworkMethod.java:44)
	at org.junit.internal.runners.statements.InvokeMethod.evaluate(InvokeMethod.java:17)
	at org.junit.internal.runners.statements.FailOnTimeout$StatementThread.run(FailOnTimeout.java:74)
</error>
    <system-out><![CDATA[2019-09-17 13:47:36,828 [main] WARN  server.ServerUtils (ServerUtils.java:getScmDbDir(145)) - ozone.scm.db.dirs is not configured. We recommend adding this setting. Falling back to ozone.metadata.dirs instead.
2019-09-17 13:47:36,944 [main] WARN  server.ServerUtils (ServerUtils.java:getScmDbDir(145)) - ozone.scm.db.dirs is not configured. We recommend adding this setting. Falling back to ozone.metadata.dirs instead.
2019-09-17 13:47:36,947 [main] WARN  server.ServerUtils (ServerUtils.java:getScmDbDir(145)) - ozone.scm.db.dirs is not configured. We recommend adding this setting. Falling back to ozone.metadata.dirs instead.
2019-09-17 13:47:36,968 [main] INFO  util.log (Log.java:initialized(192)) - Logging initialized @984ms
2019-09-17 13:47:37,079 [main] INFO  db.DBStoreBuilder (DBStoreBuilder.java:addTable(110)) - using custom profile for table: deletedBlocks
2019-09-17 13:47:37,080 [main] INFO  db.DBStoreBuilder (DBStoreBuilder.java:processTables(161)) - Using default column profile:DBProfile.DISK for Table:deletedBlocks
2019-09-17 13:47:37,080 [main] INFO  db.DBStoreBuilder (DBStoreBuilder.java:addTable(110)) - using custom profile for table: validCerts
2019-09-17 13:47:37,080 [main] INFO  db.DBStoreBuilder (DBStoreBuilder.java:processTables(161)) - Using default column profile:DBProfile.DISK for Table:validCerts
2019-09-17 13:47:37,081 [main] INFO  db.DBStoreBuilder (DBStoreBuilder.java:addTable(110)) - using custom profile for table: revokedCerts
2019-09-17 13:47:37,081 [main] INFO  db.DBStoreBuilder (DBStoreBuilder.java:processTables(161)) - Using default column profile:DBProfile.DISK for Table:revokedCerts
2019-09-17 13:47:37,095 [main] INFO  db.DBStoreBuilder (DBStoreBuilder.java:addTable(110)) - using custom profile for table: default
2019-09-17 13:47:37,095 [main] INFO  db.DBStoreBuilder (DBStoreBuilder.java:processTables(167)) - Using default column profile:DBProfile.DISK for Table:default
2019-09-17 13:47:37,097 [main] INFO  db.DBStoreBuilder (DBStoreBuilder.java:getDbProfile(198)) - Using default options. DBProfile.DISK
2019-09-17 13:47:37,437 [main] INFO  net.NodeSchemaLoader (NodeSchemaLoader.java:loadSchemaFromFile(125)) - Loading file from sun.misc.CompoundEnumeration@3590fc5b
2019-09-17 13:47:37,439 [main] INFO  net.NodeSchemaLoader (NodeSchemaLoader.java:loadSchema(171)) - Loading network topology layer schema file
2019-09-17 13:47:37,514 [main] WARN  server.ServerUtils (ServerUtils.java:sanitizeUserArgs(70)) - ozone.scm.stale.node.interval value = 300000 is larger than max = 100000 based on the key value of ozone.scm.heartbeat.thread.interval, reset to the max value 100000.
2019-09-17 13:47:37,517 [main] WARN  server.ServerUtils (ServerUtils.java:sanitizeUserArgs(70)) - ozone.scm.stale.node.interval value = 300000 is larger than max = 100000 based on the key value of ozone.scm.heartbeat.thread.interval, reset to the max value 100000.
2019-09-17 13:47:37,521 [main] INFO  node.SCMNodeManager (SCMNodeManager.java:<init>(114)) - Entering startup safe mode.
2019-09-17 13:47:37,612 [main] INFO  Configuration.deprecation (Configuration.java:logDeprecation(1394)) - hadoop.configured.node.mapping is deprecated. Instead, use net.topology.configured.node.mapping
2019-09-17 13:47:37,617 [main] INFO  algorithms.ContainerPlacementPolicyFactory (ContainerPlacementPolicyFactory.java:getPolicy(57)) - Create container placement policy of type org.apache.hadoop.hdds.scm.container.placement.algorithms.SCMContainerPlacementRackAware
2019-09-17 13:47:37,633 [main] WARN  server.ServerUtils (ServerUtils.java:getScmDbDir(145)) - ozone.scm.db.dirs is not configured. We recommend adding this setting. Falling back to ozone.metadata.dirs instead.
2019-09-17 13:47:37,772 [main] INFO  pipeline.SCMPipelineManager (SCMPipelineManager.java:initializePipelineState(128)) - No pipeline exists in current db
2019-09-17 13:47:37,775 [main] WARN  server.ServerUtils (ServerUtils.java:getScmDbDir(145)) - ozone.scm.db.dirs is not configured. We recommend adding this setting. Falling back to ozone.metadata.dirs instead.
2019-09-17 13:47:37,955 [main] WARN  events.EventQueue (EventQueue.java:fireEvent(183)) - No event handler registered for event TypedEvent{payloadType=SafeModeStatus, name='SafeModeStatus'}
2019-09-17 13:47:38,379 [main] INFO  ipc.CallQueueManager (CallQueueManager.java:<init>(84)) - Using callQueue: class java.util.concurrent.LinkedBlockingQueue, queueCapacity: 2000, scheduler: class org.apache.hadoop.ipc.DefaultRpcScheduler, ipcBackoff: false.
2019-09-17 13:47:38,412 [Socket Reader #1 for port 38273] INFO  ipc.Server (Server.java:run(1074)) - Starting Socket Reader #1 for port 38273
2019-09-17 13:47:38,578 [main] INFO  ipc.CallQueueManager (CallQueueManager.java:<init>(84)) - Using callQueue: class java.util.concurrent.LinkedBlockingQueue, queueCapacity: 2000, scheduler: class org.apache.hadoop.ipc.DefaultRpcScheduler, ipcBackoff: false.
2019-09-17 13:47:38,580 [Socket Reader #1 for port 42681] INFO  ipc.Server (Server.java:run(1074)) - Starting Socket Reader #1 for port 42681
2019-09-17 13:47:38,589 [main] INFO  ipc.CallQueueManager (CallQueueManager.java:<init>(84)) - Using callQueue: class java.util.concurrent.LinkedBlockingQueue, queueCapacity: 2000, scheduler: class org.apache.hadoop.ipc.DefaultRpcScheduler, ipcBackoff: false.
2019-09-17 13:47:38,590 [Socket Reader #1 for port 41848] INFO  ipc.Server (Server.java:run(1074)) - Starting Socket Reader #1 for port 41848
2019-09-17 13:47:38,613 [main] INFO  hdfs.DFSUtil (DFSUtil.java:httpServerTemplateForNNAndJN(1641)) - Starting Web-server for scm at: http://0.0.0.0:0
2019-09-17 13:47:38,762 [main] INFO  server.AuthenticationFilter (AuthenticationFilter.java:constructSecretProvider(240)) - Unable to initialize FileSignerSecretProvider, falling back to use random secrets.
2019-09-17 13:47:38,789 [main] WARN  http.HttpRequestLog (HttpRequestLog.java:getRequestLog(97)) - Jetty request log can only be enabled using Log4j
2019-09-17 13:47:38,798 [main] INFO  http.HttpServer2 (HttpServer2.java:addGlobalFilter(975)) - Added global filter 'safety' (class=org.apache.hadoop.http.HttpServer2$QuotingInputFilter)
2019-09-17 13:47:38,801 [main] INFO  http.HttpServer2 (HttpServer2.java:addFilter(948)) - Added filter static_user_filter (class=org.apache.hadoop.http.lib.StaticUserWebFilter$StaticUserFilter) to context scm
2019-09-17 13:47:38,801 [main] INFO  http.HttpServer2 (HttpServer2.java:addFilter(958)) - Added filter static_user_filter (class=org.apache.hadoop.http.lib.StaticUserWebFilter$StaticUserFilter) to context static
2019-09-17 13:47:38,801 [main] INFO  http.HttpServer2 (HttpServer2.java:addFilter(958)) - Added filter static_user_filter (class=org.apache.hadoop.http.lib.StaticUserWebFilter$StaticUserFilter) to context logs
2019-09-17 13:47:38,833 [main] INFO  server.StorageContainerManager (StorageContainerManager.java:start(763)) - StorageContainerLocationProtocol RPC server is listening at /0.0.0.0:41848
2019-09-17 13:47:38,895 [main] WARN  impl.MetricsConfig (MetricsConfig.java:loadFirst(134)) - Cannot locate configuration: tried hadoop-metrics2-storagecontainermanager.properties,hadoop-metrics2.properties
2019-09-17 13:47:38,908 [main] INFO  impl.MetricsSystemImpl (MetricsSystemImpl.java:startTimer(374)) - Scheduled Metric snapshot period at 10 second(s).
2019-09-17 13:47:38,908 [main] INFO  impl.MetricsSystemImpl (MetricsSystemImpl.java:start(191)) - StorageContainerManager metrics system started
2019-09-17 13:47:39,139 [main] INFO  server.SCMClientProtocolServer (SCMClientProtocolServer.java:start(151)) - RPC server for Client  is listening at /0.0.0.0:41848
2019-09-17 13:47:39,140 [IPC Server Responder] INFO  ipc.Server (Server.java:run(1314)) - IPC Server Responder: starting
2019-09-17 13:47:39,140 [IPC Server listener on 41848] INFO  ipc.Server (Server.java:run(1153)) - IPC Server listener on 41848: starting
2019-09-17 13:47:39,142 [main] INFO  server.StorageContainerManager (StorageContainerManager.java:start(773)) - ScmBlockLocationProtocol RPC server is listening at /0.0.0.0:42681
2019-09-17 13:47:39,143 [main] INFO  server.SCMBlockProtocolServer (SCMBlockProtocolServer.java:start(146)) - RPC server for Block Protocol is listening at /0.0.0.0:42681
2019-09-17 13:47:39,144 [IPC Server Responder] INFO  ipc.Server (Server.java:run(1314)) - IPC Server Responder: starting
2019-09-17 13:47:39,144 [IPC Server listener on 42681] INFO  ipc.Server (Server.java:run(1153)) - IPC Server listener on 42681: starting
2019-09-17 13:47:39,146 [main] INFO  server.StorageContainerManager (StorageContainerManager.java:start(777)) - ScmDatanodeProtocl RPC server is listening at /0.0.0.0:38273
2019-09-17 13:47:39,146 [main] INFO  server.SCMDatanodeProtocolServer (SCMDatanodeProtocolServer.java:start(191)) - RPC server for DataNodes is listening at /0.0.0.0:38273
2019-09-17 13:47:39,147 [IPC Server Responder] INFO  ipc.Server (Server.java:run(1314)) - IPC Server Responder: starting
2019-09-17 13:47:39,147 [IPC Server listener on 38273] INFO  ipc.Server (Server.java:run(1153)) - IPC Server listener on 38273: starting
2019-09-17 13:47:39,150 [main] INFO  http.HttpServer2 (HttpServer2.java:bindListener(1191)) - Jetty bound to port 46464
2019-09-17 13:47:39,152 [main] INFO  server.Server (Server.java:doStart(351)) - jetty-9.3.24.v20180605, build timestamp: 2018-06-05T17:11:56Z, git hash: 84205aa28f11a4f31f2a3b86d1bba2cc8ab69827
2019-09-17 13:47:39,191 [main] INFO  handler.ContextHandler (ContextHandler.java:doStart(781)) - Started o.e.j.s.ServletContextHandler@6622fc65{/logs,file:///workdir/hadoop-ozone/integration-test/target/log,AVAILABLE}
2019-09-17 13:47:39,192 [main] INFO  handler.ContextHandler (ContextHandler.java:doStart(781)) - Started o.e.j.s.ServletContextHandler@23fb172e{/static,file:///workdir/hadoop-ozone/integration-test/target/test-classes/webapps/static,AVAILABLE}
2019-09-17 13:47:39,229 [main] INFO  handler.ContextHandler (ContextHandler.java:doStart(781)) - Started o.e.j.w.WebAppContext@3591009c{/,file:///workdir/hadoop-ozone/integration-test/target/test-classes/webapps/scm/,AVAILABLE}{/scm}
2019-09-17 13:47:39,235 [main] INFO  server.AbstractConnector (AbstractConnector.java:doStart(278)) - Started ServerConnector@2de366bb{HTTP/1.1,[http/1.1]}{0.0.0.0:46464}
2019-09-17 13:47:39,236 [main] INFO  server.Server (Server.java:doStart(419)) - Started @3252ms
2019-09-17 13:47:39,238 [main] INFO  impl.MetricsSinkAdapter (MetricsSinkAdapter.java:start(204)) - Sink prometheus started
2019-09-17 13:47:39,238 [main] INFO  impl.MetricsSystemImpl (MetricsSystemImpl.java:registerSink(301)) - Registered sink prometheus
2019-09-17 13:47:39,242 [main] INFO  server.BaseHttpServer (BaseHttpServer.java:updateConnectorAddress(215)) - HTTP server of SCM is listening at http://0.0.0.0:46464
2019-09-17 13:47:39,250 [org.apache.hadoop.util.JvmPauseMonitor$Monitor@64f857e7] INFO  util.JvmPauseMonitor (JvmPauseMonitor.java:run(188)) - Starting JVM pause monitor
2019-09-17 13:47:39,256 [main] WARN  server.ServerUtils (ServerUtils.java:getDBPath(222)) - ozone.om.db.dirs is not configured. We recommend adding this setting. Falling back to ozone.metadata.dirs instead.
2019-09-17 13:47:39,419 [main] WARN  server.ServerUtils (ServerUtils.java:getDBPath(222)) - ozone.om.db.dirs is not configured. We recommend adding this setting. Falling back to ozone.metadata.dirs instead.
2019-09-17 13:47:39,419 [main] WARN  server.ServerUtils (ServerUtils.java:getDBPath(222)) - ozone.om.db.dirs is not configured. We recommend adding this setting. Falling back to ozone.metadata.dirs instead.
2019-09-17 13:47:39,420 [main] INFO  om.OzoneManager (OzoneManager.java:setOMNodeDetails(649)) - OM Service ID is not set. Setting it to the default ID: omServiceIdDefault
2019-09-17 13:47:39,421 [main] INFO  om.OzoneManager (OzoneManager.java:setOMNodeDetails(655)) - OM Node ID is not set. Setting it to the OmStorage's OmID: 180264c0-ef8c-411f-91e2-935cc4b64874
2019-09-17 13:47:39,422 [main] INFO  om.OzoneManager (OzoneManager.java:loadOMHAConfigs(606)) - Found matching OM address with OMServiceId: null, OMNodeId: null, RPC Address: localhost:0 and Ratis port: 9872
2019-09-17 13:47:40,157 [main] WARN  server.ServerUtils (ServerUtils.java:getDBPath(222)) - ozone.om.db.dirs is not configured. We recommend adding this setting. Falling back to ozone.metadata.dirs instead.
2019-09-17 13:47:40,164 [main] INFO  db.DBStoreBuilder (DBStoreBuilder.java:addTable(110)) - using custom profile for table: userTable
2019-09-17 13:47:40,164 [main] INFO  db.DBStoreBuilder (DBStoreBuilder.java:processTables(161)) - Using default column profile:DBProfile.DISK for Table:userTable
2019-09-17 13:47:40,165 [main] INFO  db.DBStoreBuilder (DBStoreBuilder.java:addTable(110)) - using custom profile for table: volumeTable
2019-09-17 13:47:40,165 [main] INFO  db.DBStoreBuilder (DBStoreBuilder.java:processTables(161)) - Using default column profile:DBProfile.DISK for Table:volumeTable
2019-09-17 13:47:40,165 [main] INFO  db.DBStoreBuilder (DBStoreBuilder.java:addTable(110)) - using custom profile for table: bucketTable
2019-09-17 13:47:40,165 [main] INFO  db.DBStoreBuilder (DBStoreBuilder.java:processTables(161)) - Using default column profile:DBProfile.DISK for Table:bucketTable
2019-09-17 13:47:40,166 [main] INFO  db.DBStoreBuilder (DBStoreBuilder.java:addTable(110)) - using custom profile for table: keyTable
2019-09-17 13:47:40,166 [main] INFO  db.DBStoreBuilder (DBStoreBuilder.java:processTables(161)) - Using default column profile:DBProfile.DISK for Table:keyTable
2019-09-17 13:47:40,166 [main] INFO  db.DBStoreBuilder (DBStoreBuilder.java:addTable(110)) - using custom profile for table: deletedTable
2019-09-17 13:47:40,167 [main] INFO  db.DBStoreBuilder (DBStoreBuilder.java:processTables(161)) - Using default column profile:DBProfile.DISK for Table:deletedTable
2019-09-17 13:47:40,167 [main] INFO  db.DBStoreBuilder (DBStoreBuilder.java:addTable(110)) - using custom profile for table: openKeyTable
2019-09-17 13:47:40,167 [main] INFO  db.DBStoreBuilder (DBStoreBuilder.java:processTables(161)) - Using default column profile:DBProfile.DISK for Table:openKeyTable
2019-09-17 13:47:40,167 [main] INFO  db.DBStoreBuilder (DBStoreBuilder.java:addTable(110)) - using custom profile for table: s3Table
2019-09-17 13:47:40,168 [main] INFO  db.DBStoreBuilder (DBStoreBuilder.java:processTables(161)) - Using default column profile:DBProfile.DISK for Table:s3Table
2019-09-17 13:47:40,168 [main] INFO  db.DBStoreBuilder (DBStoreBuilder.java:addTable(110)) - using custom profile for table: multipartInfoTable
2019-09-17 13:47:40,168 [main] INFO  db.DBStoreBuilder (DBStoreBuilder.java:processTables(161)) - Using default column profile:DBProfile.DISK for Table:multipartInfoTable
2019-09-17 13:47:40,168 [main] INFO  db.DBStoreBuilder (DBStoreBuilder.java:addTable(110)) - using custom profile for table: dTokenTable
2019-09-17 13:47:40,169 [main] INFO  db.DBStoreBuilder (DBStoreBuilder.java:processTables(161)) - Using default column profile:DBProfile.DISK for Table:dTokenTable
2019-09-17 13:47:40,169 [main] INFO  db.DBStoreBuilder (DBStoreBuilder.java:addTable(110)) - using custom profile for table: s3SecretTable
2019-09-17 13:47:40,169 [main] INFO  db.DBStoreBuilder (DBStoreBuilder.java:processTables(161)) - Using default column profile:DBProfile.DISK for Table:s3SecretTable
2019-09-17 13:47:40,169 [main] INFO  db.DBStoreBuilder (DBStoreBuilder.java:addTable(110)) - using custom profile for table: prefixTable
2019-09-17 13:47:40,170 [main] INFO  db.DBStoreBuilder (DBStoreBuilder.java:processTables(161)) - Using default column profile:DBProfile.DISK for Table:prefixTable
2019-09-17 13:47:40,170 [main] INFO  db.DBStoreBuilder (DBStoreBuilder.java:addTable(110)) - using custom profile for table: default
2019-09-17 13:47:40,170 [main] INFO  db.DBStoreBuilder (DBStoreBuilder.java:processTables(167)) - Using default column profile:DBProfile.DISK for Table:default
2019-09-17 13:47:40,170 [main] INFO  db.DBStoreBuilder (DBStoreBuilder.java:getDbProfile(198)) - Using default options. DBProfile.DISK
2019-09-17 13:47:41,133 [KeyDeletingService#0] WARN  utils.BackgroundService (BackgroundService.java:lambda$run$0(135)) - Background task fails to execute, retrying in next interval
java.util.concurrent.ExecutionException: java.lang.NullPointerException
	at java.util.concurrent.FutureTask.report(FutureTask.java:122)
	at java.util.concurrent.FutureTask.get(FutureTask.java:206)
	at org.apache.hadoop.utils.BackgroundService$PeriodicalTask.lambda$run$0(BackgroundService.java:129)
	at java.util.stream.ForEachOps$ForEachOp$OfRef.accept(ForEachOps.java:184)
	at java.util.ArrayList$ArrayListSpliterator.forEachRemaining(ArrayList.java:1382)
	at java.util.stream.AbstractPipeline.copyInto(AbstractPipeline.java:482)
	at java.util.stream.ForEachOps$ForEachTask.compute(ForEachOps.java:291)
	at java.util.concurrent.CountedCompleter.exec(CountedCompleter.java:731)
	at java.util.concurrent.ForkJoinTask.doExec(ForkJoinTask.java:289)
	at java.util.concurrent.ForkJoinTask.doInvoke(ForkJoinTask.java:401)
	at java.util.concurrent.ForkJoinTask.invoke(ForkJoinTask.java:734)
	at java.util.stream.ForEachOps$ForEachOp.evaluateParallel(ForEachOps.java:160)
	at java.util.stream.ForEachOps$ForEachOp$OfRef.evaluateParallel(ForEachOps.java:174)
	at java.util.stream.AbstractPipeline.evaluate(AbstractPipeline.java:233)
	at java.util.stream.ReferencePipeline.forEach(ReferencePipeline.java:418)
	at java.util.stream.ReferencePipeline$Head.forEach(ReferencePipeline.java:583)
	at org.apache.hadoop.utils.BackgroundService$PeriodicalTask.run(BackgroundService.java:125)
	at java.util.concurrent.Executors$RunnableAdapter.call(Executors.java:511)
	at java.util.concurrent.FutureTask.runAndReset(FutureTask.java:308)
	at java.util.concurrent.ScheduledThreadPoolExecutor$ScheduledFutureTask.access$301(ScheduledThreadPoolExecutor.java:180)
	at java.util.concurrent.ScheduledThreadPoolExecutor$ScheduledFutureTask.run(ScheduledThreadPoolExecutor.java:294)
	at java.util.concurrent.ThreadPoolExecutor.runWorker(ThreadPoolExecutor.java:1149)
	at java.util.concurrent.ThreadPoolExecutor$Worker.run(ThreadPoolExecutor.java:624)
	at java.lang.Thread.run(Thread.java:748)
Caused by: java.lang.NullPointerException
	at org.apache.hadoop.ozone.om.OzoneManager.isLeader(OzoneManager.java:3391)
	at org.apache.hadoop.ozone.om.KeyDeletingService.shouldRun(KeyDeletingService.java:120)
	at org.apache.hadoop.ozone.om.KeyDeletingService.access$100(KeyDeletingService.java:58)
	at org.apache.hadoop.ozone.om.KeyDeletingService$KeyDeletingTask.call(KeyDeletingService.java:149)
	at org.apache.hadoop.ozone.om.KeyDeletingService$KeyDeletingTask.call(KeyDeletingService.java:137)
	at java.util.concurrent.FutureTask.run(FutureTask.java:266)
	at java.util.concurrent.Executors$RunnableAdapter.call(Executors.java:511)
	at java.util.concurrent.FutureTask.run(FutureTask.java:266)
	at java.util.concurrent.Executors$RunnableAdapter.call(Executors.java:511)
	at java.util.concurrent.FutureTask.run(FutureTask.java:266)
	at java.util.concurrent.ScheduledThreadPoolExecutor$ScheduledFutureTask.access$201(ScheduledThreadPoolExecutor.java:180)
	at java.util.concurrent.ScheduledThreadPoolExecutor$ScheduledFutureTask.run(ScheduledThreadPoolExecutor.java:293)
	... 3 more
2019-09-17 13:47:41,161 [main] WARN  scm.HddsServerUtil (HddsServerUtil.java:getDefaultRatisDirectory(354)) - Storage directory for Ratis is not configured. It is a good idea to map this to an SSD disk. Falling back to ozone.metadata.dirs
2019-09-17 13:47:41,186 [main] INFO  ratis.OzoneManagerRatisServer (OzoneManagerRatisServer.java:<init>(241)) - Instantiating OM Ratis server with GroupID: omServiceIdDefault and Raft Peers: localhost:9872
2019-09-17 13:47:41,363 [main] INFO  impl.RaftServerProxy (ConfUtils.java:logGet(43)) - raft.rpc.type = GRPC (default)
2019-09-17 13:47:41,458 [main] INFO  grpc.GrpcFactory (GrpcFactory.java:checkPooledByteBufAllocatorUseCacheForAllThreads(45)) - PERFORMANCE WARNING: useCacheForAllThreads is true that may cause Netty to create a lot garbage objects and, as a result, trigger GC.
	It is recommended to disable useCacheForAllThreads by setting -Dorg.apache.ratis.thirdparty.io.netty.allocator.useCacheForAllThreads=false in command line.
2019-09-17 13:47:41,463 [main] INFO  grpc.GrpcConfigKeys$Server (ConfUtils.java:logGet(43)) - raft.grpc.server.port = 9872 (custom)
2019-09-17 13:47:41,464 [main] INFO  server.GrpcService (ConfUtils.java:logGet(43)) - raft.grpc.message.size.max = 33554432 (custom)
2019-09-17 13:47:41,466 [main] INFO  server.RaftServerConfigKeys (ConfUtils.java:logGet(43)) - raft.server.log.appender.buffer.byte-limit = 33554432 (custom)
2019-09-17 13:47:41,467 [main] INFO  server.GrpcService (ConfUtils.java:logGet(43)) - raft.grpc.flow.control.window = 1MB (=1048576) (default)
2019-09-17 13:47:41,468 [main] INFO  server.RaftServerConfigKeys (ConfUtils.java:logGet(43)) - raft.server.rpc.request.timeout = 3000ms (default)
2019-09-17 13:47:41,651 [main] INFO  server.RaftServerConfigKeys (ConfUtils.java:logGet(43)) - raft.server.storage.dir = [/workdir/hadoop-ozone/integration-test/target/test-dir/MiniOzoneClusterImpl-daa7203c-c96a-4121-bc5d-8329609dc0cb/ozone-meta/ratis] (custom)
2019-09-17 13:47:41,657 [main] INFO  impl.RaftServerProxy (RaftServerProxy.java:addNew(89)) - 180264c0-ef8c-411f-91e2-935cc4b64874: addNew group-C5BA1605619E:[180264c0-ef8c-411f-91e2-935cc4b64874:localhost:9872] returns group-C5BA1605619E:java.util.concurrent.CompletableFuture@62a4417[Not completed]
2019-09-17 13:47:41,659 [main] INFO  om.OzoneManager (OzoneManager.java:initializeRatisServer(1382)) - OzoneManager Ratis server initialized at port 9872
2019-09-17 13:47:41,661 [main] WARN  scm.HddsServerUtil (HddsServerUtil.java:getDefaultRatisDirectory(354)) - Storage directory for Ratis is not configured. It is a good idea to map this to an SSD disk. Falling back to ozone.metadata.dirs
2019-09-17 13:47:41,662 [main] WARN  scm.HddsServerUtil (HddsServerUtil.java:getDefaultRatisDirectory(354)) - Storage directory for Ratis is not configured. It is a good idea to map this to an SSD disk. Falling back to ozone.metadata.dirs
2019-09-17 13:47:41,675 [pool-22-thread-1] INFO  impl.RaftServerImpl (RaftServerImpl.java:<init>(95)) - 180264c0-ef8c-411f-91e2-935cc4b64874: new RaftServerImpl for group-C5BA1605619E:[180264c0-ef8c-411f-91e2-935cc4b64874:localhost:9872] with OzoneManagerStateMachine:uninitialized
2019-09-17 13:47:41,677 [main] INFO  ipc.CallQueueManager (CallQueueManager.java:<init>(84)) - Using callQueue: class java.util.concurrent.LinkedBlockingQueue, queueCapacity: 2000, scheduler: class org.apache.hadoop.ipc.DefaultRpcScheduler, ipcBackoff: false.
2019-09-17 13:47:41,678 [pool-22-thread-1] INFO  server.RaftServerConfigKeys (ConfUtils.java:logGet(43)) - raft.server.rpc.timeout.min = 1s (custom)
2019-09-17 13:47:41,679 [Socket Reader #1 for port 44775] INFO  ipc.Server (Server.java:run(1074)) - Starting Socket Reader #1 for port 44775
2019-09-17 13:47:41,679 [pool-22-thread-1] INFO  server.RaftServerConfigKeys (ConfUtils.java:logGet(43)) - raft.server.rpc.timeout.max = 1200ms (custom)
2019-09-17 13:47:41,680 [pool-22-thread-1] INFO  server.RaftServerConfigKeys (ConfUtils.java:logGet(43)) - raft.server.rpcslowness.timeout = 120s (custom)
2019-09-17 13:47:41,681 [pool-22-thread-1] INFO  server.RaftServerConfigKeys (ConfUtils.java:logGet(43)) - raft.server.sleep.deviation.threshold = 300 (default)
2019-09-17 13:47:41,683 [pool-22-thread-1] INFO  server.RaftServerConfigKeys (ConfUtils.java:logGet(43)) - raft.server.log.appender.install.snapshot.enabled = false (custom)
2019-09-17 13:47:41,693 [pool-22-thread-1] INFO  impl.RaftServerImpl (ServerState.java:<init>(103)) - 180264c0-ef8c-411f-91e2-935cc4b64874@group-C5BA1605619E: ConfigurationManager, init=-1: [180264c0-ef8c-411f-91e2-935cc4b64874:localhost:9872], old=null, confs=<EMPTY_MAP>
2019-09-17 13:47:41,694 [pool-22-thread-1] INFO  server.RaftServerConfigKeys (ConfUtils.java:logGet(43)) - raft.server.storage.dir = [/workdir/hadoop-ozone/integration-test/target/test-dir/MiniOzoneClusterImpl-daa7203c-c96a-4121-bc5d-8329609dc0cb/ozone-meta/ratis] (custom)
2019-09-17 13:47:41,703 [main] INFO  om.OzoneManager (OzoneManager.java:start(1240)) - OzoneManager RPC server is listening at localhost/127.0.0.1:44775
2019-09-17 13:47:41,704 [main] INFO  impl.MetricsSystemImpl (MetricsSystemImpl.java:init(158)) - OzoneManager metrics system started (again)
2019-09-17 13:47:41,704 [main] INFO  ratis.OzoneManagerRatisServer (OzoneManagerRatisServer.java:start(331)) - Starting OzoneManagerRatisServer 180264c0-ef8c-411f-91e2-935cc4b64874 at port 9872
2019-09-17 13:47:41,709 [pool-22-thread-1] INFO  storage.RaftStorageDirectory (RaftStorageDirectory.java:analyzeStorage(246)) - The storage directory /workdir/hadoop-ozone/integration-test/target/test-dir/MiniOzoneClusterImpl-daa7203c-c96a-4121-bc5d-8329609dc0cb/ozone-meta/ratis/bf265839-605b-3f16-9796-c5ba1605619e does not exist. Creating ...
2019-09-17 13:47:41,728 [pool-22-thread-1] INFO  storage.RaftStorageDirectory (RaftStorageDirectory.java:tryLock(328)) - Lock on /workdir/hadoop-ozone/integration-test/target/test-dir/MiniOzoneClusterImpl-daa7203c-c96a-4121-bc5d-8329609dc0cb/ozone-meta/ratis/bf265839-605b-3f16-9796-c5ba1605619e/in_use.lock acquired by nodename 23554@pr-hdds-2137-trunk-f8w4d-2934045284
2019-09-17 13:47:41,743 [pool-22-thread-1] INFO  storage.RaftStorage (RaftStorage.java:format(72)) - Storage directory /workdir/hadoop-ozone/integration-test/target/test-dir/MiniOzoneClusterImpl-daa7203c-c96a-4121-bc5d-8329609dc0cb/ozone-meta/ratis/bf265839-605b-3f16-9796-c5ba1605619e has been successfully formatted.
2019-09-17 13:47:41,747 [pool-22-thread-1] INFO  server.RaftServerConfigKeys (ConfUtils.java:logGet(43)) - raft.server.notification.no-leader.timeout = 120s (custom)
2019-09-17 13:47:41,751 [pool-22-thread-1] INFO  server.RaftServerConfigKeys (ConfUtils.java:logGet(43)) - raft.server.log.use.memory = false (default)
2019-09-17 13:47:41,758 [pool-22-thread-1] INFO  server.RaftServerConfigKeys (ConfUtils.java:logGet(43)) - raft.server.log.purge.gap = 1000000 (custom)
2019-09-17 13:47:41,759 [pool-22-thread-1] INFO  server.RaftServerConfigKeys (ConfUtils.java:logGet(43)) - raft.server.log.appender.buffer.byte-limit = 33554432 (custom)
2019-09-17 13:47:41,761 [pool-22-thread-1] INFO  server.RaftServerConfigKeys (ConfUtils.java:logGet(43)) - raft.server.log.segment.size.max = 16384 (custom)
2019-09-17 13:47:41,767 [pool-22-thread-1] INFO  server.RaftServerConfigKeys (ConfUtils.java:logGet(43)) - raft.server.log.segment.cache.num.max = 2 (custom)
2019-09-17 13:47:41,773 [pool-22-thread-1] INFO  segmented.SegmentedRaftLogWorker (SegmentedRaftLogWorker.java:<init>(172)) - new 180264c0-ef8c-411f-91e2-935cc4b64874@group-C5BA1605619E-SegmentedRaftLogWorker for RaftStorage:Storage Directory /workdir/hadoop-ozone/integration-test/target/test-dir/MiniOzoneClusterImpl-daa7203c-c96a-4121-bc5d-8329609dc0cb/ozone-meta/ratis/bf265839-605b-3f16-9796-c5ba1605619e
2019-09-17 13:47:41,775 [pool-22-thread-1] INFO  impl.MetricsSystemImpl (MetricsSystemImpl.java:init(158)) - ratis metrics system started (again)
2019-09-17 13:47:41,815 [pool-22-thread-1] INFO  server.RaftServerConfigKeys (ConfUtils.java:logGet(43)) - raft.server.log.queue.byte-limit = 64MB (=67108864) (default)
2019-09-17 13:47:41,815 [pool-22-thread-1] INFO  server.RaftServerConfigKeys (ConfUtils.java:logGet(43)) - raft.server.log.queue.element-limit = 4096 (default)
2019-09-17 13:47:41,819 [pool-22-thread-1] INFO  server.RaftServerConfigKeys (ConfUtils.java:logGet(43)) - raft.server.log.segment.size.max = 16384 (custom)
2019-09-17 13:47:41,820 [pool-22-thread-1] INFO  server.RaftServerConfigKeys (ConfUtils.java:logGet(43)) - raft.server.log.preallocated.size = 16384 (custom)
2019-09-17 13:47:41,820 [pool-22-thread-1] INFO  server.RaftServerConfigKeys (ConfUtils.java:logGet(43)) - raft.server.log.write.buffer.size = 64KB (=65536) (default)
2019-09-17 13:47:41,821 [pool-22-thread-1] INFO  server.RaftServerConfigKeys (ConfUtils.java:logGet(43)) - raft.server.log.force.sync.num = 128 (default)
2019-09-17 13:47:41,822 [pool-22-thread-1] INFO  server.RaftServerConfigKeys (ConfUtils.java:logGet(43)) - raft.server.log.statemachine.data.sync = true (default)
2019-09-17 13:47:41,823 [pool-22-thread-1] INFO  server.RaftServerConfigKeys (ConfUtils.java:logGet(43)) - raft.server.log.statemachine.data.sync.timeout = 10s (default)
2019-09-17 13:47:41,823 [pool-22-thread-1] INFO  server.RaftServerConfigKeys (ConfUtils.java:logGet(43)) - raft.server.log.statemachine.data.sync.timeout.retry = -1 (default)
2019-09-17 13:47:41,835 [pool-22-thread-1] INFO  server.RaftServerConfigKeys (ConfUtils.java:logGet(43)) - raft.server.log.statemachine.data.caching.enabled = false (default)
2019-09-17 13:47:41,840 [pool-22-thread-1] INFO  segmented.SegmentedRaftLogWorker (SegmentedRaftLogWorker.java:lambda$new$0(132)) - 180264c0-ef8c-411f-91e2-935cc4b64874@group-C5BA1605619E-SegmentedRaftLogWorker: flushIndex: setUnconditionally 0 -> -1
2019-09-17 13:47:41,845 [pool-22-thread-1] INFO  server.RaftServerConfigKeys (ConfUtils.java:logGet(43)) - raft.server.snapshot.auto.trigger.enabled = true (custom)
2019-09-17 13:47:41,846 [pool-22-thread-1] INFO  server.RaftServerConfigKeys (ConfUtils.java:logGet(43)) - raft.server.snapshot.auto.trigger.threshold = 400000 (default)
2019-09-17 13:47:41,847 [pool-22-thread-1] INFO  server.RaftServerConfigKeys (ConfUtils.java:logGet(43)) - raft.server.snapshot.retention.num.files = -1 (default)
2019-09-17 13:47:41,847 [pool-22-thread-1] INFO  server.RaftServerConfigKeys (ConfUtils.java:logGet(43)) - raft.server.retrycache.expirytime = 600000ms (custom)
2019-09-17 13:47:41,877 [main] INFO  impl.RaftServerImpl (RaftServerImpl.java:start(185)) - 180264c0-ef8c-411f-91e2-935cc4b64874@group-C5BA1605619E: start as a follower, conf=-1: [180264c0-ef8c-411f-91e2-935cc4b64874:localhost:9872], old=null
2019-09-17 13:47:41,880 [main] INFO  impl.RaftServerImpl (RaftServerImpl.java:setRole(174)) - 180264c0-ef8c-411f-91e2-935cc4b64874@group-C5BA1605619E: changes role from      null to FOLLOWER at term 0 for startAsFollower
2019-09-17 13:47:41,883 [main] INFO  impl.RoleInfo (RoleInfo.java:updateAndGet(143)) - 180264c0-ef8c-411f-91e2-935cc4b64874: start FollowerState
2019-09-17 13:47:41,885 [main] INFO  util.JmxRegister (JmxRegister.java:tryRegister(44)) - Successfully registered JMX Bean with object name Ratis:service=RaftServer,group=group-C5BA1605619E,id=180264c0-ef8c-411f-91e2-935cc4b64874
2019-09-17 13:47:41,887 [main] INFO  impl.RaftServerProxy (RaftServerProxy.java:lambda$start$3(299)) - 180264c0-ef8c-411f-91e2-935cc4b64874: start RPC server
2019-09-17 13:47:42,016 [main] INFO  server.GrpcService (GrpcService.java:startImpl(158)) - 180264c0-ef8c-411f-91e2-935cc4b64874: GrpcService started, listening on 0.0.0.0/0.0.0.0:9872
2019-09-17 13:47:42,030 [IPC Server Responder] INFO  ipc.Server (Server.java:run(1314)) - IPC Server Responder: starting
2019-09-17 13:47:42,031 [IPC Server listener on 44775] INFO  ipc.Server (Server.java:run(1153)) - IPC Server listener on 44775: starting
2019-09-17 13:47:42,037 [main] INFO  hdfs.DFSUtil (DFSUtil.java:httpServerTemplateForNNAndJN(1641)) - Starting Web-server for ozoneManager at: http://0.0.0.0:0
2019-09-17 13:47:42,040 [main] INFO  server.AuthenticationFilter (AuthenticationFilter.java:constructSecretProvider(240)) - Unable to initialize FileSignerSecretProvider, falling back to use random secrets.
2019-09-17 13:47:42,041 [main] WARN  http.HttpRequestLog (HttpRequestLog.java:getRequestLog(97)) - Jetty request log can only be enabled using Log4j
2019-09-17 13:47:42,047 [main] INFO  http.HttpServer2 (HttpServer2.java:addGlobalFilter(975)) - Added global filter 'safety' (class=org.apache.hadoop.http.HttpServer2$QuotingInputFilter)
2019-09-17 13:47:42,049 [main] INFO  http.HttpServer2 (HttpServer2.java:addFilter(948)) - Added filter static_user_filter (class=org.apache.hadoop.http.lib.StaticUserWebFilter$StaticUserFilter) to context ozoneManager
2019-09-17 13:47:42,050 [main] INFO  http.HttpServer2 (HttpServer2.java:addFilter(958)) - Added filter static_user_filter (class=org.apache.hadoop.http.lib.StaticUserWebFilter$StaticUserFilter) to context static
2019-09-17 13:47:42,050 [main] INFO  http.HttpServer2 (HttpServer2.java:addFilter(958)) - Added filter static_user_filter (class=org.apache.hadoop.http.lib.StaticUserWebFilter$StaticUserFilter) to context logs
2019-09-17 13:47:42,054 [main] INFO  http.HttpServer2 (HttpServer2.java:bindListener(1191)) - Jetty bound to port 43007
2019-09-17 13:47:42,055 [main] INFO  server.Server (Server.java:doStart(351)) - jetty-9.3.24.v20180605, build timestamp: 2018-06-05T17:11:56Z, git hash: 84205aa28f11a4f31f2a3b86d1bba2cc8ab69827
2019-09-17 13:47:42,058 [main] INFO  handler.ContextHandler (ContextHandler.java:doStart(781)) - Started o.e.j.s.ServletContextHandler@10f19647{/logs,file:///workdir/hadoop-ozone/integration-test/target/log,AVAILABLE}
2019-09-17 13:47:42,060 [main] INFO  handler.ContextHandler (ContextHandler.java:doStart(781)) - Started o.e.j.s.ServletContextHandler@3936df72{/static,file:///workdir/hadoop-ozone/integration-test/target/test-classes/webapps/static,AVAILABLE}
2019-09-17 13:47:42,068 [main] INFO  handler.ContextHandler (ContextHandler.java:doStart(781)) - Started o.e.j.w.WebAppContext@41b1f51e{/,file:///workdir/hadoop-ozone/integration-test/target/test-classes/webapps/ozoneManager/,AVAILABLE}{/ozoneManager}
2019-09-17 13:47:42,070 [main] INFO  server.AbstractConnector (AbstractConnector.java:doStart(278)) - Started ServerConnector@3a543f31{HTTP/1.1,[http/1.1]}{0.0.0.0:43007}
2019-09-17 13:47:42,071 [main] INFO  server.Server (Server.java:doStart(419)) - Started @6088ms
2019-09-17 13:47:42,071 [main] WARN  impl.MetricsSystemImpl (MetricsSystemImpl.java:register(276)) - Sink prometheus already exists!
2019-09-17 13:47:42,072 [main] INFO  server.BaseHttpServer (BaseHttpServer.java:updateConnectorAddress(215)) - HTTP server of OZONEMANAGER is listening at http://0.0.0.0:43007
2019-09-17 13:47:42,228 [main] INFO  impl.MetricsSystemImpl (MetricsSystemImpl.java:init(158)) - HddsDatanode metrics system started (again)
2019-09-17 13:47:42,273 [main] INFO  ozone.HddsDatanodeService (HddsDatanodeService.java:start(184)) - HddsDatanodeService host:pr-hdds-2137-trunk-f8w4d-2934045284 ip:192.168.151.72
2019-09-17 13:47:42,306 [main] INFO  volume.HddsVolume (HddsVolume.java:<init>(176)) - Creating Volume: /workdir/hadoop-ozone/integration-test/target/test-dir/MiniOzoneClusterImpl-daa7203c-c96a-4121-bc5d-8329609dc0cb/datanode-0/data/containers/hdds of  storage type : DISK and capacity : 1482555576320
2019-09-17 13:47:42,308 [main] INFO  volume.VolumeSet (VolumeSet.java:initializeVolumeSet(170)) - Added Volume : /workdir/hadoop-ozone/integration-test/target/test-dir/MiniOzoneClusterImpl-daa7203c-c96a-4121-bc5d-8329609dc0cb/datanode-0/data/containers/hdds to VolumeSet
2019-09-17 13:47:42,312 [main] INFO  volume.ThrottledAsyncChecker (ThrottledAsyncChecker.java:schedule(139)) - Scheduling a check for org.apache.hadoop.ozone.container.common.volume.HddsVolume@12fcc71f
2019-09-17 13:47:42,332 [main] INFO  volume.HddsVolumeChecker (HddsVolumeChecker.java:checkAllVolumes(202)) - Scheduled health check for volume org.apache.hadoop.ozone.container.common.volume.HddsVolume@12fcc71f
2019-09-17 13:47:42,385 [main] INFO  impl.RaftServerProxy (ConfUtils.java:logGet(43)) - raft.rpc.type = GRPC (default)
2019-09-17 13:47:42,385 [main] INFO  grpc.GrpcFactory (GrpcFactory.java:checkPooledByteBufAllocatorUseCacheForAllThreads(45)) - PERFORMANCE WARNING: useCacheForAllThreads is true that may cause Netty to create a lot garbage objects and, as a result, trigger GC.
	It is recommended to disable useCacheForAllThreads by setting -Dorg.apache.ratis.thirdparty.io.netty.allocator.useCacheForAllThreads=false in command line.
2019-09-17 13:47:42,386 [main] INFO  grpc.GrpcConfigKeys$Server (ConfUtils.java:logGet(43)) - raft.grpc.server.port = 0 (default)
2019-09-17 13:47:42,386 [main] INFO  server.GrpcService (ConfUtils.java:logGet(43)) - raft.grpc.message.size.max = 33570816 (custom)
2019-09-17 13:47:42,386 [main] INFO  server.RaftServerConfigKeys (ConfUtils.java:logGet(43)) - raft.server.log.appender.buffer.byte-limit = 33554432 (custom)
2019-09-17 13:47:42,386 [main] INFO  server.GrpcService (ConfUtils.java:logGet(43)) - raft.grpc.flow.control.window = 1MB (=1048576) (default)
2019-09-17 13:47:42,387 [main] INFO  server.RaftServerConfigKeys (ConfUtils.java:logGet(43)) - raft.server.rpc.request.timeout = 3000ms (default)
2019-09-17 13:47:42,387 [main] INFO  server.RaftServerConfigKeys (ConfUtils.java:logGet(43)) - raft.server.storage.dir = [/workdir/hadoop-ozone/integration-test/target/test-dir/MiniOzoneClusterImpl-daa7203c-c96a-4121-bc5d-8329609dc0cb/datanode-0/data/ratis] (custom)
2019-09-17 13:47:42,436 [main] INFO  hdfs.DFSUtil (DFSUtil.java:httpServerTemplateForNNAndJN(1641)) - Starting Web-server for hddsDatanode at: http://0.0.0.0:0
2019-09-17 13:47:42,438 [main] INFO  server.AuthenticationFilter (AuthenticationFilter.java:constructSecretProvider(240)) - Unable to initialize FileSignerSecretProvider, falling back to use random secrets.
2019-09-17 13:47:42,439 [main] WARN  http.HttpRequestLog (HttpRequestLog.java:getRequestLog(97)) - Jetty request log can only be enabled using Log4j
2019-09-17 13:47:42,443 [main] INFO  http.HttpServer2 (HttpServer2.java:addGlobalFilter(975)) - Added global filter 'safety' (class=org.apache.hadoop.http.HttpServer2$QuotingInputFilter)
2019-09-17 13:47:42,444 [main] INFO  http.HttpServer2 (HttpServer2.java:addFilter(948)) - Added filter static_user_filter (class=org.apache.hadoop.http.lib.StaticUserWebFilter$StaticUserFilter) to context hddsDatanode
2019-09-17 13:47:42,444 [main] INFO  http.HttpServer2 (HttpServer2.java:addFilter(958)) - Added filter static_user_filter (class=org.apache.hadoop.http.lib.StaticUserWebFilter$StaticUserFilter) to context logs
2019-09-17 13:47:42,445 [main] INFO  http.HttpServer2 (HttpServer2.java:addFilter(958)) - Added filter static_user_filter (class=org.apache.hadoop.http.lib.StaticUserWebFilter$StaticUserFilter) to context static
2019-09-17 13:47:42,446 [main] INFO  http.HttpServer2 (HttpServer2.java:bindListener(1191)) - Jetty bound to port 32877
2019-09-17 13:47:42,446 [main] INFO  server.Server (Server.java:doStart(351)) - jetty-9.3.24.v20180605, build timestamp: 2018-06-05T17:11:56Z, git hash: 84205aa28f11a4f31f2a3b86d1bba2cc8ab69827
2019-09-17 13:47:42,449 [main] INFO  handler.ContextHandler (ContextHandler.java:doStart(781)) - Started o.e.j.s.ServletContextHandler@47be0f9b{/logs,file:///workdir/hadoop-ozone/integration-test/target/log,AVAILABLE}
2019-09-17 13:47:42,450 [main] INFO  handler.ContextHandler (ContextHandler.java:doStart(781)) - Started o.e.j.s.ServletContextHandler@4bd51d3e{/static,jar:file:/home/user/.m2/repository/org/apache/hadoop/hadoop-hdds-container-service/0.5.0-SNAPSHOT/hadoop-hdds-container-service-0.5.0-SNAPSHOT.jar!/webapps/static,AVAILABLE}
2019-09-17 13:47:42,502 [main] INFO  handler.ContextHandler (ContextHandler.java:doStart(781)) - Started o.e.j.w.WebAppContext@70730db{/,file:///tmp/jetty-0.0.0.0-32877-hddsDatanode-_-any-1864868369883974520.dir/webapp/,AVAILABLE}{/hddsDatanode}
2019-09-17 13:47:42,503 [main] INFO  server.AbstractConnector (AbstractConnector.java:doStart(278)) - Started ServerConnector@5793b87{HTTP/1.1,[http/1.1]}{0.0.0.0:32877}
2019-09-17 13:47:42,504 [main] INFO  server.Server (Server.java:doStart(419)) - Started @6520ms
2019-09-17 13:47:42,505 [main] WARN  impl.MetricsSystemImpl (MetricsSystemImpl.java:register(276)) - Sink prometheus already exists!
2019-09-17 13:47:42,506 [main] INFO  server.BaseHttpServer (BaseHttpServer.java:updateConnectorAddress(215)) - HTTP server of HDDSDATANODE is listening at http://0.0.0.0:32877
2019-09-17 13:47:42,508 [main] INFO  impl.MetricsSystemImpl (MetricsSystemImpl.java:init(158)) - HddsDatanode metrics system started (again)
2019-09-17 13:47:42,511 [main] INFO  ozone.HddsDatanodeService (HddsDatanodeService.java:start(184)) - HddsDatanodeService host:pr-hdds-2137-trunk-f8w4d-2934045284 ip:192.168.151.72
2019-09-17 13:47:42,514 [org.apache.hadoop.util.JvmPauseMonitor$Monitor@503b8ed6] INFO  util.JvmPauseMonitor (JvmPauseMonitor.java:run(188)) - Starting JVM pause monitor
2019-09-17 13:47:42,521 [main] INFO  volume.HddsVolume (HddsVolume.java:<init>(176)) - Creating Volume: /workdir/hadoop-ozone/integration-test/target/test-dir/MiniOzoneClusterImpl-daa7203c-c96a-4121-bc5d-8329609dc0cb/datanode-1/data/containers/hdds of  storage type : DISK and capacity : 1482555576320
2019-09-17 13:47:42,522 [main] INFO  volume.VolumeSet (VolumeSet.java:initializeVolumeSet(170)) - Added Volume : /workdir/hadoop-ozone/integration-test/target/test-dir/MiniOzoneClusterImpl-daa7203c-c96a-4121-bc5d-8329609dc0cb/datanode-1/data/containers/hdds to VolumeSet
2019-09-17 13:47:42,522 [main] INFO  volume.ThrottledAsyncChecker (ThrottledAsyncChecker.java:schedule(139)) - Scheduling a check for org.apache.hadoop.ozone.container.common.volume.HddsVolume@4a7fd0c9
2019-09-17 13:47:42,523 [main] INFO  volume.HddsVolumeChecker (HddsVolumeChecker.java:checkAllVolumes(202)) - Scheduled health check for volume org.apache.hadoop.ozone.container.common.volume.HddsVolume@4a7fd0c9
2019-09-17 13:47:42,541 [main] INFO  impl.RaftServerProxy (ConfUtils.java:logGet(43)) - raft.rpc.type = GRPC (default)
2019-09-17 13:47:42,542 [main] INFO  grpc.GrpcFactory (GrpcFactory.java:checkPooledByteBufAllocatorUseCacheForAllThreads(45)) - PERFORMANCE WARNING: useCacheForAllThreads is true that may cause Netty to create a lot garbage objects and, as a result, trigger GC.
	It is recommended to disable useCacheForAllThreads by setting -Dorg.apache.ratis.thirdparty.io.netty.allocator.useCacheForAllThreads=false in command line.
2019-09-17 13:47:42,542 [main] INFO  grpc.GrpcConfigKeys$Server (ConfUtils.java:logGet(43)) - raft.grpc.server.port = 0 (default)
2019-09-17 13:47:42,543 [main] INFO  server.GrpcService (ConfUtils.java:logGet(43)) - raft.grpc.message.size.max = 33570816 (custom)
2019-09-17 13:47:42,543 [main] INFO  server.RaftServerConfigKeys (ConfUtils.java:logGet(43)) - raft.server.log.appender.buffer.byte-limit = 33554432 (custom)
2019-09-17 13:47:42,543 [main] INFO  server.GrpcService (ConfUtils.java:logGet(43)) - raft.grpc.flow.control.window = 1MB (=1048576) (default)
2019-09-17 13:47:42,544 [main] INFO  server.RaftServerConfigKeys (ConfUtils.java:logGet(43)) - raft.server.rpc.request.timeout = 3000ms (default)
2019-09-17 13:47:42,544 [main] INFO  server.RaftServerConfigKeys (ConfUtils.java:logGet(43)) - raft.server.storage.dir = [/workdir/hadoop-ozone/integration-test/target/test-dir/MiniOzoneClusterImpl-daa7203c-c96a-4121-bc5d-8329609dc0cb/datanode-1/data/ratis] (custom)
2019-09-17 13:47:42,547 [main] INFO  hdfs.DFSUtil (DFSUtil.java:httpServerTemplateForNNAndJN(1641)) - Starting Web-server for hddsDatanode at: http://0.0.0.0:0
2019-09-17 13:47:42,548 [main] INFO  server.AuthenticationFilter (AuthenticationFilter.java:constructSecretProvider(240)) - Unable to initialize FileSignerSecretProvider, falling back to use random secrets.
2019-09-17 13:47:42,549 [main] WARN  http.HttpRequestLog (HttpRequestLog.java:getRequestLog(97)) - Jetty request log can only be enabled using Log4j
2019-09-17 13:47:42,550 [main] INFO  http.HttpServer2 (HttpServer2.java:addGlobalFilter(975)) - Added global filter 'safety' (class=org.apache.hadoop.http.HttpServer2$QuotingInputFilter)
2019-09-17 13:47:42,551 [main] INFO  http.HttpServer2 (HttpServer2.java:addFilter(948)) - Added filter static_user_filter (class=org.apache.hadoop.http.lib.StaticUserWebFilter$StaticUserFilter) to context hddsDatanode
2019-09-17 13:47:42,551 [main] INFO  http.HttpServer2 (HttpServer2.java:addFilter(958)) - Added filter static_user_filter (class=org.apache.hadoop.http.lib.StaticUserWebFilter$StaticUserFilter) to context static
2019-09-17 13:47:42,551 [main] INFO  http.HttpServer2 (HttpServer2.java:addFilter(958)) - Added filter static_user_filter (class=org.apache.hadoop.http.lib.StaticUserWebFilter$StaticUserFilter) to context logs
2019-09-17 13:47:42,552 [main] INFO  http.HttpServer2 (HttpServer2.java:bindListener(1191)) - Jetty bound to port 40563
2019-09-17 13:47:42,552 [main] INFO  server.Server (Server.java:doStart(351)) - jetty-9.3.24.v20180605, build timestamp: 2018-06-05T17:11:56Z, git hash: 84205aa28f11a4f31f2a3b86d1bba2cc8ab69827
2019-09-17 13:47:42,556 [main] INFO  handler.ContextHandler (ContextHandler.java:doStart(781)) - Started o.e.j.s.ServletContextHandler@5ad5be4a{/logs,file:///workdir/hadoop-ozone/integration-test/target/log,AVAILABLE}
2019-09-17 13:47:42,557 [main] INFO  handler.ContextHandler (ContextHandler.java:doStart(781)) - Started o.e.j.s.ServletContextHandler@737d100a{/static,jar:file:/home/user/.m2/repository/org/apache/hadoop/hadoop-hdds-container-service/0.5.0-SNAPSHOT/hadoop-hdds-container-service-0.5.0-SNAPSHOT.jar!/webapps/static,AVAILABLE}
2019-09-17 13:47:42,589 [main] INFO  handler.ContextHandler (ContextHandler.java:doStart(781)) - Started o.e.j.w.WebAppContext@47c40b56{/,file:///tmp/jetty-0.0.0.0-40563-hddsDatanode-_-any-4369019416794068428.dir/webapp/,AVAILABLE}{/hddsDatanode}
2019-09-17 13:47:42,589 [main] INFO  server.AbstractConnector (AbstractConnector.java:doStart(278)) - Started ServerConnector@4b039c6d{HTTP/1.1,[http/1.1]}{0.0.0.0:40563}
2019-09-17 13:47:42,589 [main] INFO  server.Server (Server.java:doStart(419)) - Started @6606ms
2019-09-17 13:47:42,590 [main] WARN  impl.MetricsSystemImpl (MetricsSystemImpl.java:register(276)) - Sink prometheus already exists!
2019-09-17 13:47:42,591 [main] INFO  server.BaseHttpServer (BaseHttpServer.java:updateConnectorAddress(215)) - HTTP server of HDDSDATANODE is listening at http://0.0.0.0:40563
2019-09-17 13:47:42,592 [main] INFO  impl.MetricsSystemImpl (MetricsSystemImpl.java:init(158)) - HddsDatanode metrics system started (again)
2019-09-17 13:47:42,598 [main] INFO  ozone.HddsDatanodeService (HddsDatanodeService.java:start(184)) - HddsDatanodeService host:pr-hdds-2137-trunk-f8w4d-2934045284 ip:192.168.151.72
2019-09-17 13:47:42,598 [org.apache.hadoop.util.JvmPauseMonitor$Monitor@4e78d372] INFO  util.JvmPauseMonitor (JvmPauseMonitor.java:run(188)) - Starting JVM pause monitor
2019-09-17 13:47:42,607 [main] INFO  volume.HddsVolume (HddsVolume.java:<init>(176)) - Creating Volume: /workdir/hadoop-ozone/integration-test/target/test-dir/MiniOzoneClusterImpl-daa7203c-c96a-4121-bc5d-8329609dc0cb/datanode-2/data/containers/hdds of  storage type : DISK and capacity : 1482555576320
2019-09-17 13:47:42,608 [main] INFO  volume.VolumeSet (VolumeSet.java:initializeVolumeSet(170)) - Added Volume : /workdir/hadoop-ozone/integration-test/target/test-dir/MiniOzoneClusterImpl-daa7203c-c96a-4121-bc5d-8329609dc0cb/datanode-2/data/containers/hdds to VolumeSet
2019-09-17 13:47:42,608 [main] INFO  volume.ThrottledAsyncChecker (ThrottledAsyncChecker.java:schedule(139)) - Scheduling a check for org.apache.hadoop.ozone.container.common.volume.HddsVolume@57435801
2019-09-17 13:47:42,609 [main] INFO  volume.HddsVolumeChecker (HddsVolumeChecker.java:checkAllVolumes(202)) - Scheduled health check for volume org.apache.hadoop.ozone.container.common.volume.HddsVolume@57435801
2019-09-17 13:47:42,622 [main] INFO  impl.RaftServerProxy (ConfUtils.java:logGet(43)) - raft.rpc.type = GRPC (default)
2019-09-17 13:47:42,623 [main] INFO  grpc.GrpcFactory (GrpcFactory.java:checkPooledByteBufAllocatorUseCacheForAllThreads(45)) - PERFORMANCE WARNING: useCacheForAllThreads is true that may cause Netty to create a lot garbage objects and, as a result, trigger GC.
	It is recommended to disable useCacheForAllThreads by setting -Dorg.apache.ratis.thirdparty.io.netty.allocator.useCacheForAllThreads=false in command line.
2019-09-17 13:47:42,623 [main] INFO  grpc.GrpcConfigKeys$Server (ConfUtils.java:logGet(43)) - raft.grpc.server.port = 0 (default)
2019-09-17 13:47:42,623 [main] INFO  server.GrpcService (ConfUtils.java:logGet(43)) - raft.grpc.message.size.max = 33570816 (custom)
2019-09-17 13:47:42,623 [main] INFO  server.RaftServerConfigKeys (ConfUtils.java:logGet(43)) - raft.server.log.appender.buffer.byte-limit = 33554432 (custom)
2019-09-17 13:47:42,624 [main] INFO  server.GrpcService (ConfUtils.java:logGet(43)) - raft.grpc.flow.control.window = 1MB (=1048576) (default)
2019-09-17 13:47:42,624 [main] INFO  server.RaftServerConfigKeys (ConfUtils.java:logGet(43)) - raft.server.rpc.request.timeout = 3000ms (default)
2019-09-17 13:47:42,625 [main] INFO  server.RaftServerConfigKeys (ConfUtils.java:logGet(43)) - raft.server.storage.dir = [/workdir/hadoop-ozone/integration-test/target/test-dir/MiniOzoneClusterImpl-daa7203c-c96a-4121-bc5d-8329609dc0cb/datanode-2/data/ratis] (custom)
2019-09-17 13:47:42,626 [main] INFO  hdfs.DFSUtil (DFSUtil.java:httpServerTemplateForNNAndJN(1641)) - Starting Web-server for hddsDatanode at: http://0.0.0.0:0
2019-09-17 13:47:42,628 [main] INFO  server.AuthenticationFilter (AuthenticationFilter.java:constructSecretProvider(240)) - Unable to initialize FileSignerSecretProvider, falling back to use random secrets.
2019-09-17 13:47:42,628 [main] WARN  http.HttpRequestLog (HttpRequestLog.java:getRequestLog(97)) - Jetty request log can only be enabled using Log4j
2019-09-17 13:47:42,630 [main] INFO  http.HttpServer2 (HttpServer2.java:addGlobalFilter(975)) - Added global filter 'safety' (class=org.apache.hadoop.http.HttpServer2$QuotingInputFilter)
2019-09-17 13:47:42,630 [main] INFO  http.HttpServer2 (HttpServer2.java:addFilter(948)) - Added filter static_user_filter (class=org.apache.hadoop.http.lib.StaticUserWebFilter$StaticUserFilter) to context hddsDatanode
2019-09-17 13:47:42,630 [main] INFO  http.HttpServer2 (HttpServer2.java:addFilter(958)) - Added filter static_user_filter (class=org.apache.hadoop.http.lib.StaticUserWebFilter$StaticUserFilter) to context static
2019-09-17 13:47:42,631 [main] INFO  http.HttpServer2 (HttpServer2.java:addFilter(958)) - Added filter static_user_filter (class=org.apache.hadoop.http.lib.StaticUserWebFilter$StaticUserFilter) to context logs
2019-09-17 13:47:42,631 [main] INFO  http.HttpServer2 (HttpServer2.java:bindListener(1191)) - Jetty bound to port 39878
2019-09-17 13:47:42,632 [main] INFO  server.Server (Server.java:doStart(351)) - jetty-9.3.24.v20180605, build timestamp: 2018-06-05T17:11:56Z, git hash: 84205aa28f11a4f31f2a3b86d1bba2cc8ab69827
2019-09-17 13:47:42,634 [main] INFO  handler.ContextHandler (ContextHandler.java:doStart(781)) - Started o.e.j.s.ServletContextHandler@d613308{/logs,file:///workdir/hadoop-ozone/integration-test/target/log,AVAILABLE}
2019-09-17 13:47:42,634 [main] INFO  handler.ContextHandler (ContextHandler.java:doStart(781)) - Started o.e.j.s.ServletContextHandler@7b27e8f4{/static,jar:file:/home/user/.m2/repository/org/apache/hadoop/hadoop-hdds-container-service/0.5.0-SNAPSHOT/hadoop-hdds-container-service-0.5.0-SNAPSHOT.jar!/webapps/static,AVAILABLE}
2019-09-17 13:47:42,658 [Datanode State Machine Thread - 0] INFO  datanode.InitDatanodeState (InitDatanodeState.java:persistContainerDatanodeDetails(140)) - DatanodeDetails is persisted to /workdir/hadoop-ozone/integration-test/target/test-dir/MiniOzoneClusterImpl-daa7203c-c96a-4121-bc5d-8329609dc0cb/datanode-0/meta/datanode.id
2019-09-17 13:47:42,663 [Datanode State Machine Thread - 0] INFO  datanode.InitDatanodeState (InitDatanodeState.java:persistContainerDatanodeDetails(140)) - DatanodeDetails is persisted to /workdir/hadoop-ozone/integration-test/target/test-dir/MiniOzoneClusterImpl-daa7203c-c96a-4121-bc5d-8329609dc0cb/datanode-1/meta/datanode.id
2019-09-17 13:47:42,668 [main] INFO  handler.ContextHandler (ContextHandler.java:doStart(781)) - Started o.e.j.w.WebAppContext@32177fa5{/,file:///tmp/jetty-0.0.0.0-39878-hddsDatanode-_-any-6903674513363680068.dir/webapp/,AVAILABLE}{/hddsDatanode}
2019-09-17 13:47:42,669 [main] INFO  server.AbstractConnector (AbstractConnector.java:doStart(278)) - Started ServerConnector@a96d56c{HTTP/1.1,[http/1.1]}{0.0.0.0:39878}
2019-09-17 13:47:42,670 [main] INFO  server.Server (Server.java:doStart(419)) - Started @6686ms
2019-09-17 13:47:42,670 [main] WARN  impl.MetricsSystemImpl (MetricsSystemImpl.java:register(276)) - Sink prometheus already exists!
2019-09-17 13:47:42,671 [main] INFO  server.BaseHttpServer (BaseHttpServer.java:updateConnectorAddress(215)) - HTTP server of HDDSDATANODE is listening at http://0.0.0.0:39878
2019-09-17 13:47:42,671 [main] INFO  impl.MetricsSystemImpl (MetricsSystemImpl.java:init(158)) - HddsDatanode metrics system started (again)
2019-09-17 13:47:42,674 [org.apache.hadoop.util.JvmPauseMonitor$Monitor@2f628b01] INFO  util.JvmPauseMonitor (JvmPauseMonitor.java:run(188)) - Starting JVM pause monitor
2019-09-17 13:47:42,674 [main] INFO  ozone.HddsDatanodeService (HddsDatanodeService.java:start(184)) - HddsDatanodeService host:pr-hdds-2137-trunk-f8w4d-2934045284 ip:192.168.151.72
2019-09-17 13:47:42,676 [Datanode State Machine Thread - 0] INFO  datanode.InitDatanodeState (InitDatanodeState.java:persistContainerDatanodeDetails(140)) - DatanodeDetails is persisted to /workdir/hadoop-ozone/integration-test/target/test-dir/MiniOzoneClusterImpl-daa7203c-c96a-4121-bc5d-8329609dc0cb/datanode-2/meta/datanode.id
2019-09-17 13:47:42,683 [main] INFO  volume.HddsVolume (HddsVolume.java:<init>(176)) - Creating Volume: /workdir/hadoop-ozone/integration-test/target/test-dir/MiniOzoneClusterImpl-daa7203c-c96a-4121-bc5d-8329609dc0cb/datanode-3/data/containers/hdds of  storage type : DISK and capacity : 1482555576320
2019-09-17 13:47:42,683 [main] INFO  volume.VolumeSet (VolumeSet.java:initializeVolumeSet(170)) - Added Volume : /workdir/hadoop-ozone/integration-test/target/test-dir/MiniOzoneClusterImpl-daa7203c-c96a-4121-bc5d-8329609dc0cb/datanode-3/data/containers/hdds to VolumeSet
2019-09-17 13:47:42,683 [main] INFO  volume.ThrottledAsyncChecker (ThrottledAsyncChecker.java:schedule(139)) - Scheduling a check for org.apache.hadoop.ozone.container.common.volume.HddsVolume@354e7004
2019-09-17 13:47:42,684 [main] INFO  volume.HddsVolumeChecker (HddsVolumeChecker.java:checkAllVolumes(202)) - Scheduled health check for volume org.apache.hadoop.ozone.container.common.volume.HddsVolume@354e7004
2019-09-17 13:47:42,702 [main] INFO  impl.RaftServerProxy (ConfUtils.java:logGet(43)) - raft.rpc.type = GRPC (default)
2019-09-17 13:47:42,702 [main] INFO  grpc.GrpcFactory (GrpcFactory.java:checkPooledByteBufAllocatorUseCacheForAllThreads(45)) - PERFORMANCE WARNING: useCacheForAllThreads is true that may cause Netty to create a lot garbage objects and, as a result, trigger GC.
	It is recommended to disable useCacheForAllThreads by setting -Dorg.apache.ratis.thirdparty.io.netty.allocator.useCacheForAllThreads=false in command line.
2019-09-17 13:47:42,703 [main] INFO  grpc.GrpcConfigKeys$Server (ConfUtils.java:logGet(43)) - raft.grpc.server.port = 0 (default)
2019-09-17 13:47:42,703 [main] INFO  server.GrpcService (ConfUtils.java:logGet(43)) - raft.grpc.message.size.max = 33570816 (custom)
2019-09-17 13:47:42,703 [main] INFO  server.RaftServerConfigKeys (ConfUtils.java:logGet(43)) - raft.server.log.appender.buffer.byte-limit = 33554432 (custom)
2019-09-17 13:47:42,703 [main] INFO  server.GrpcService (ConfUtils.java:logGet(43)) - raft.grpc.flow.control.window = 1MB (=1048576) (default)
2019-09-17 13:47:42,704 [main] INFO  server.RaftServerConfigKeys (ConfUtils.java:logGet(43)) - raft.server.rpc.request.timeout = 3000ms (default)
2019-09-17 13:47:42,704 [main] INFO  server.RaftServerConfigKeys (ConfUtils.java:logGet(43)) - raft.server.storage.dir = [/workdir/hadoop-ozone/integration-test/target/test-dir/MiniOzoneClusterImpl-daa7203c-c96a-4121-bc5d-8329609dc0cb/datanode-3/data/ratis] (custom)
2019-09-17 13:47:42,706 [main] INFO  hdfs.DFSUtil (DFSUtil.java:httpServerTemplateForNNAndJN(1641)) - Starting Web-server for hddsDatanode at: http://0.0.0.0:0
2019-09-17 13:47:42,707 [main] INFO  server.AuthenticationFilter (AuthenticationFilter.java:constructSecretProvider(240)) - Unable to initialize FileSignerSecretProvider, falling back to use random secrets.
2019-09-17 13:47:42,708 [main] WARN  http.HttpRequestLog (HttpRequestLog.java:getRequestLog(97)) - Jetty request log can only be enabled using Log4j
2019-09-17 13:47:42,710 [main] INFO  http.HttpServer2 (HttpServer2.java:addGlobalFilter(975)) - Added global filter 'safety' (class=org.apache.hadoop.http.HttpServer2$QuotingInputFilter)
2019-09-17 13:47:42,710 [main] INFO  http.HttpServer2 (HttpServer2.java:addFilter(948)) - Added filter static_user_filter (class=org.apache.hadoop.http.lib.StaticUserWebFilter$StaticUserFilter) to context hddsDatanode
2019-09-17 13:47:42,711 [main] INFO  http.HttpServer2 (HttpServer2.java:addFilter(958)) - Added filter static_user_filter (class=org.apache.hadoop.http.lib.StaticUserWebFilter$StaticUserFilter) to context logs
2019-09-17 13:47:42,711 [main] INFO  http.HttpServer2 (HttpServer2.java:addFilter(958)) - Added filter static_user_filter (class=org.apache.hadoop.http.lib.StaticUserWebFilter$StaticUserFilter) to context static
2019-09-17 13:47:42,712 [main] INFO  http.HttpServer2 (HttpServer2.java:bindListener(1191)) - Jetty bound to port 35041
2019-09-17 13:47:42,712 [main] INFO  server.Server (Server.java:doStart(351)) - jetty-9.3.24.v20180605, build timestamp: 2018-06-05T17:11:56Z, git hash: 84205aa28f11a4f31f2a3b86d1bba2cc8ab69827
2019-09-17 13:47:42,715 [main] INFO  handler.ContextHandler (ContextHandler.java:doStart(781)) - Started o.e.j.s.ServletContextHandler@63d4f0a2{/logs,file:///workdir/hadoop-ozone/integration-test/target/log,AVAILABLE}
2019-09-17 13:47:42,716 [main] INFO  handler.ContextHandler (ContextHandler.java:doStart(781)) - Started o.e.j.s.ServletContextHandler@a4b5ce3{/static,jar:file:/home/user/.m2/repository/org/apache/hadoop/hadoop-hdds-container-service/0.5.0-SNAPSHOT/hadoop-hdds-container-service-0.5.0-SNAPSHOT.jar!/webapps/static,AVAILABLE}
2019-09-17 13:47:42,755 [main] INFO  handler.ContextHandler (ContextHandler.java:doStart(781)) - Started o.e.j.w.WebAppContext@3b48e183{/,file:///tmp/jetty-0.0.0.0-35041-hddsDatanode-_-any-201455557612524144.dir/webapp/,AVAILABLE}{/hddsDatanode}
2019-09-17 13:47:42,756 [main] INFO  server.AbstractConnector (AbstractConnector.java:doStart(278)) - Started ServerConnector@514de325{HTTP/1.1,[http/1.1]}{0.0.0.0:35041}
2019-09-17 13:47:42,757 [main] INFO  server.Server (Server.java:doStart(419)) - Started @6773ms
2019-09-17 13:47:42,757 [main] WARN  impl.MetricsSystemImpl (MetricsSystemImpl.java:register(276)) - Sink prometheus already exists!
2019-09-17 13:47:42,760 [main] INFO  server.BaseHttpServer (BaseHttpServer.java:updateConnectorAddress(215)) - HTTP server of HDDSDATANODE is listening at http://0.0.0.0:35041
2019-09-17 13:47:42,763 [main] INFO  ozone.MiniOzoneClusterImpl (MiniOzoneClusterImpl.java:lambda$waitForClusterToBeReady$0(145)) - Waiting for cluster to be ready. Got 0 of 4 DN Heartbeats.
2019-09-17 13:47:42,764 [org.apache.hadoop.util.JvmPauseMonitor$Monitor@7960b716] INFO  util.JvmPauseMonitor (JvmPauseMonitor.java:run(188)) - Starting JVM pause monitor
2019-09-17 13:47:42,766 [Datanode State Machine Thread - 0] INFO  datanode.InitDatanodeState (InitDatanodeState.java:persistContainerDatanodeDetails(140)) - DatanodeDetails is persisted to /workdir/hadoop-ozone/integration-test/target/test-dir/MiniOzoneClusterImpl-daa7203c-c96a-4121-bc5d-8329609dc0cb/datanode-3/meta/datanode.id
2019-09-17 13:47:43,082 [Thread-95] INFO  impl.FollowerState (FollowerState.java:run(106)) - 180264c0-ef8c-411f-91e2-935cc4b64874:group-C5BA1605619E changes to CANDIDATE, lastRpcTime:1199, electionTimeout:1198ms
2019-09-17 13:47:43,086 [Thread-95] INFO  impl.RoleInfo (RoleInfo.java:shutdownFollowerState(121)) - 180264c0-ef8c-411f-91e2-935cc4b64874: shutdown FollowerState
2019-09-17 13:47:43,087 [Thread-95] INFO  impl.RaftServerImpl (RaftServerImpl.java:setRole(174)) - 180264c0-ef8c-411f-91e2-935cc4b64874@group-C5BA1605619E: changes role from  FOLLOWER to CANDIDATE at term 0 for changeToCandidate
2019-09-17 13:47:43,091 [Thread-95] INFO  impl.RoleInfo (RoleInfo.java:updateAndGet(143)) - 180264c0-ef8c-411f-91e2-935cc4b64874: start LeaderElection
2019-09-17 13:47:43,148 [180264c0-ef8c-411f-91e2-935cc4b64874@group-C5BA1605619E:LeaderElection1] INFO  impl.LeaderElection (LeaderElection.java:askForVotes(182)) - 180264c0-ef8c-411f-91e2-935cc4b64874@group-C5BA1605619E:LeaderElection1: begin an election at term 1 for -1: [180264c0-ef8c-411f-91e2-935cc4b64874:localhost:9872], old=null
2019-09-17 13:47:43,150 [180264c0-ef8c-411f-91e2-935cc4b64874@group-C5BA1605619E:LeaderElection1] INFO  impl.RoleInfo (RoleInfo.java:shutdownLeaderElection(134)) - 180264c0-ef8c-411f-91e2-935cc4b64874: shutdown LeaderElection
2019-09-17 13:47:43,151 [180264c0-ef8c-411f-91e2-935cc4b64874@group-C5BA1605619E:LeaderElection1] INFO  impl.RaftServerImpl (RaftServerImpl.java:setRole(174)) - 180264c0-ef8c-411f-91e2-935cc4b64874@group-C5BA1605619E: changes role from CANDIDATE to LEADER at term 1 for changeToLeader
2019-09-17 13:47:43,152 [180264c0-ef8c-411f-91e2-935cc4b64874@group-C5BA1605619E:LeaderElection1] INFO  impl.RaftServerImpl (ServerState.java:setLeader(253)) - 180264c0-ef8c-411f-91e2-935cc4b64874@group-C5BA1605619E: change Leader from null to 180264c0-ef8c-411f-91e2-935cc4b64874 at term 1 for becomeLeader, leader elected after 1404ms
2019-09-17 13:47:43,162 [180264c0-ef8c-411f-91e2-935cc4b64874@group-C5BA1605619E:LeaderElection1] INFO  server.RaftServerConfigKeys (ConfUtils.java:logGet(43)) - raft.server.staging.catchup.gap = 1000 (default)
2019-09-17 13:47:43,162 [180264c0-ef8c-411f-91e2-935cc4b64874@group-C5BA1605619E:LeaderElection1] INFO  server.RaftServerConfigKeys (ConfUtils.java:logGet(43)) - raft.server.rpc.sleep.time = 25ms (default)
2019-09-17 13:47:43,168 [180264c0-ef8c-411f-91e2-935cc4b64874@group-C5BA1605619E:LeaderElection1] INFO  server.RaftServerConfigKeys (ConfUtils.java:logGet(43)) - raft.server.write.element-limit = 4096 (default)
2019-09-17 13:47:43,172 [180264c0-ef8c-411f-91e2-935cc4b64874@group-C5BA1605619E:LeaderElection1] INFO  server.RaftServerConfigKeys (ConfUtils.java:logGet(43)) - raft.server.watch.timeout = 10s (default)
2019-09-17 13:47:43,172 [180264c0-ef8c-411f-91e2-935cc4b64874@group-C5BA1605619E:LeaderElection1] INFO  server.RaftServerConfigKeys (ConfUtils.java:logGet(43)) - raft.server.watch.timeout.denomination = 1s (default)
2019-09-17 13:47:43,174 [180264c0-ef8c-411f-91e2-935cc4b64874@group-C5BA1605619E:LeaderElection1] INFO  server.RaftServerConfigKeys (ConfUtils.java:logGet(43)) - raft.server.watch.element-limit = 65536 (default)
2019-09-17 13:47:43,215 [180264c0-ef8c-411f-91e2-935cc4b64874@group-C5BA1605619E:LeaderElection1] INFO  impl.RoleInfo (RoleInfo.java:updateAndGet(143)) - 180264c0-ef8c-411f-91e2-935cc4b64874: start LeaderState
2019-09-17 13:47:43,252 [180264c0-ef8c-411f-91e2-935cc4b64874@group-C5BA1605619E:LeaderElection1] INFO  segmented.SegmentedRaftLogWorker (SegmentedRaftLogWorker.java:startLogSegment(380)) - 180264c0-ef8c-411f-91e2-935cc4b64874@group-C5BA1605619E-SegmentedRaftLogWorker: Starting segment from index:0
2019-09-17 13:47:43,273 [180264c0-ef8c-411f-91e2-935cc4b64874@group-C5BA1605619E:LeaderElection1] INFO  impl.RaftServerImpl (ServerState.java:setRaftConf(354)) - 180264c0-ef8c-411f-91e2-935cc4b64874@group-C5BA1605619E: set configuration 0: [180264c0-ef8c-411f-91e2-935cc4b64874:localhost:9872], old=null at 0
2019-09-17 13:47:43,764 [main] INFO  ozone.MiniOzoneClusterImpl (MiniOzoneClusterImpl.java:lambda$waitForClusterToBeReady$0(145)) - Waiting for cluster to be ready. Got 0 of 4 DN Heartbeats.
2019-09-17 13:47:43,770 [180264c0-ef8c-411f-91e2-935cc4b64874@group-C5BA1605619E-SegmentedRaftLogWorker] INFO  segmented.SegmentedRaftLogWorker (SegmentedRaftLogWorker.java:execute(569)) - 180264c0-ef8c-411f-91e2-935cc4b64874@group-C5BA1605619E-SegmentedRaftLogWorker: created new log segment /workdir/hadoop-ozone/integration-test/target/test-dir/MiniOzoneClusterImpl-daa7203c-c96a-4121-bc5d-8329609dc0cb/ozone-meta/ratis/bf265839-605b-3f16-9796-c5ba1605619e/current/log_inprogress_0
2019-09-17 13:47:44,765 [main] INFO  ozone.MiniOzoneClusterImpl (MiniOzoneClusterImpl.java:lambda$waitForClusterToBeReady$0(145)) - Waiting for cluster to be ready. Got 0 of 4 DN Heartbeats.
2019-09-17 13:47:45,234 [Datanode State Machine Thread - 0] INFO  ozoneimpl.OzoneContainer (OzoneContainer.java:start(217)) - Attempting to start container services.
2019-09-17 13:47:45,234 [Datanode State Machine Thread - 0] INFO  ozoneimpl.OzoneContainer (OzoneContainer.java:start(217)) - Attempting to start container services.
2019-09-17 13:47:45,238 [Datanode State Machine Thread - 0] INFO  ozoneimpl.OzoneContainer (OzoneContainer.java:startContainerScrub(179)) - Background container scanner has been disabled.
2019-09-17 13:47:45,238 [Datanode State Machine Thread - 0] INFO  ozoneimpl.OzoneContainer (OzoneContainer.java:startContainerScrub(179)) - Background container scanner has been disabled.
2019-09-17 13:47:45,238 [Datanode State Machine Thread - 0] INFO  ratis.XceiverServerRatis (XceiverServerRatis.java:start(411)) - Starting XceiverServerRatis 036b7aee-ccf7-4ae1-b368-88d83e75119e at port 0
2019-09-17 13:47:45,238 [Datanode State Machine Thread - 0] INFO  ratis.XceiverServerRatis (XceiverServerRatis.java:start(411)) - Starting XceiverServerRatis e374ed08-8383-4f83-a5b3-a6f9f92a9e17 at port 0
2019-09-17 13:47:45,259 [Datanode State Machine Thread - 0] INFO  impl.RaftServerProxy (RaftServerProxy.java:lambda$start$3(299)) - e374ed08-8383-4f83-a5b3-a6f9f92a9e17: start RPC server
2019-09-17 13:47:45,260 [Datanode State Machine Thread - 0] INFO  impl.RaftServerProxy (RaftServerProxy.java:lambda$start$3(299)) - 036b7aee-ccf7-4ae1-b368-88d83e75119e: start RPC server
2019-09-17 13:47:45,267 [Datanode State Machine Thread - 0] INFO  server.GrpcService (GrpcService.java:startImpl(158)) - e374ed08-8383-4f83-a5b3-a6f9f92a9e17: GrpcService started, listening on 0.0.0.0/0.0.0.0:46400
2019-09-17 13:47:45,267 [Datanode State Machine Thread - 0] INFO  server.GrpcService (GrpcService.java:startImpl(158)) - 036b7aee-ccf7-4ae1-b368-88d83e75119e: GrpcService started, listening on 0.0.0.0/0.0.0.0:35336
2019-09-17 13:47:45,268 [Datanode State Machine Thread - 0] INFO  ratis.XceiverServerRatis (XceiverServerRatis.java:start(421)) - XceiverServerRatis e374ed08-8383-4f83-a5b3-a6f9f92a9e17 is started using port 46400
2019-09-17 13:47:45,268 [Datanode State Machine Thread - 0] INFO  ratis.XceiverServerRatis (XceiverServerRatis.java:start(421)) - XceiverServerRatis 036b7aee-ccf7-4ae1-b368-88d83e75119e is started using port 35336
2019-09-17 13:47:45,273 [Datanode State Machine Thread - 0] INFO  server.XceiverServerGrpc (XceiverServerGrpc.java:start(163)) - XceiverServerGrpc 036b7aee-ccf7-4ae1-b368-88d83e75119e is started using port 36394
2019-09-17 13:47:45,273 [Datanode State Machine Thread - 0] INFO  server.XceiverServerGrpc (XceiverServerGrpc.java:start(163)) - XceiverServerGrpc e374ed08-8383-4f83-a5b3-a6f9f92a9e17 is started using port 36109
2019-09-17 13:47:45,426 [Datanode State Machine Thread - 0] INFO  ozoneimpl.OzoneContainer (OzoneContainer.java:start(217)) - Attempting to start container services.
2019-09-17 13:47:45,426 [Datanode State Machine Thread - 0] INFO  ozoneimpl.OzoneContainer (OzoneContainer.java:start(217)) - Attempting to start container services.
2019-09-17 13:47:45,435 [Datanode State Machine Thread - 0] INFO  ozoneimpl.OzoneContainer (OzoneContainer.java:startContainerScrub(179)) - Background container scanner has been disabled.
2019-09-17 13:47:45,435 [Datanode State Machine Thread - 0] INFO  ozoneimpl.OzoneContainer (OzoneContainer.java:startContainerScrub(179)) - Background container scanner has been disabled.
2019-09-17 13:47:45,435 [Datanode State Machine Thread - 0] INFO  ratis.XceiverServerRatis (XceiverServerRatis.java:start(411)) - Starting XceiverServerRatis 235158f5-a152-43ec-a631-d9bc5f7bf1ec at port 0
2019-09-17 13:47:45,435 [Datanode State Machine Thread - 0] INFO  ratis.XceiverServerRatis (XceiverServerRatis.java:start(411)) - Starting XceiverServerRatis bd9bcf24-0b26-40d6-a14c-93656b7d1dfd at port 0
2019-09-17 13:47:45,456 [Datanode State Machine Thread - 0] INFO  impl.RaftServerProxy (RaftServerProxy.java:lambda$start$3(299)) - 235158f5-a152-43ec-a631-d9bc5f7bf1ec: start RPC server
2019-09-17 13:47:45,457 [Datanode State Machine Thread - 0] INFO  impl.RaftServerProxy (RaftServerProxy.java:lambda$start$3(299)) - bd9bcf24-0b26-40d6-a14c-93656b7d1dfd: start RPC server
2019-09-17 13:47:45,463 [Datanode State Machine Thread - 0] INFO  server.GrpcService (GrpcService.java:startImpl(158)) - 235158f5-a152-43ec-a631-d9bc5f7bf1ec: GrpcService started, listening on 0.0.0.0/0.0.0.0:41830
2019-09-17 13:47:45,463 [Datanode State Machine Thread - 0] INFO  server.GrpcService (GrpcService.java:startImpl(158)) - bd9bcf24-0b26-40d6-a14c-93656b7d1dfd: GrpcService started, listening on 0.0.0.0/0.0.0.0:42009
2019-09-17 13:47:45,463 [Datanode State Machine Thread - 0] INFO  ratis.XceiverServerRatis (XceiverServerRatis.java:start(421)) - XceiverServerRatis 235158f5-a152-43ec-a631-d9bc5f7bf1ec is started using port 41830
2019-09-17 13:47:45,463 [Datanode State Machine Thread - 0] INFO  ratis.XceiverServerRatis (XceiverServerRatis.java:start(421)) - XceiverServerRatis bd9bcf24-0b26-40d6-a14c-93656b7d1dfd is started using port 42009
2019-09-17 13:47:45,469 [Datanode State Machine Thread - 0] INFO  server.XceiverServerGrpc (XceiverServerGrpc.java:start(163)) - XceiverServerGrpc 235158f5-a152-43ec-a631-d9bc5f7bf1ec is started using port 39509
2019-09-17 13:47:45,469 [Datanode State Machine Thread - 0] INFO  server.XceiverServerGrpc (XceiverServerGrpc.java:start(163)) - XceiverServerGrpc bd9bcf24-0b26-40d6-a14c-93656b7d1dfd is started using port 34687
2019-09-17 13:47:45,766 [main] INFO  ozone.MiniOzoneClusterImpl (MiniOzoneClusterImpl.java:lambda$waitForClusterToBeReady$0(145)) - Waiting for cluster to be ready. Got 0 of 4 DN Heartbeats.
2019-09-17 13:47:46,565 [IPC Server handler 12 on 38273] INFO  net.NetworkTopology (NetworkTopologyImpl.java:add(110)) - Added a new node: /rack1/036b7aee-ccf7-4ae1-b368-88d83e75119e
2019-09-17 13:47:46,565 [IPC Server handler 12 on 38273] INFO  node.SCMNodeManager (SCMNodeManager.java:register(266)) - Registered Data node : 036b7aee-ccf7-4ae1-b368-88d83e75119e{ip: 192.168.151.72, host: pr-hdds-2137-trunk-f8w4d-2934045284, networkLocation: /rack1, certSerialId: null}
2019-09-17 13:47:46,572 [EventQueue-NodeRegistrationContainerReportForDataNodeSafeModeRule] INFO  safemode.SCMSafeModeManager (DataNodeSafeModeRule.java:process(71)) - SCM in safe mode. 1 DataNodes registered, 1 required.
2019-09-17 13:47:46,572 [EventQueue-NodeRegistrationContainerReportForDataNodeSafeModeRule] INFO  safemode.SCMSafeModeManager (SCMSafeModeManager.java:validateSafeModeExitRules(177)) - ScmSafeModeManager, all rules are successfully validated
2019-09-17 13:47:46,572 [EventQueue-NodeRegistrationContainerReportForDataNodeSafeModeRule] INFO  safemode.SCMSafeModeManager (SCMSafeModeManager.java:exitSafeMode(193)) - SCM exiting safe mode.
2019-09-17 13:47:46,602 [IPC Server handler 1 on 38273] INFO  net.NetworkTopology (NetworkTopologyImpl.java:add(110)) - Added a new node: /rack1/e374ed08-8383-4f83-a5b3-a6f9f92a9e17
2019-09-17 13:47:46,603 [IPC Server handler 1 on 38273] INFO  node.SCMNodeManager (SCMNodeManager.java:register(266)) - Registered Data node : e374ed08-8383-4f83-a5b3-a6f9f92a9e17{ip: 192.168.151.72, host: pr-hdds-2137-trunk-f8w4d-2934045284, networkLocation: /rack1, certSerialId: null}
2019-09-17 13:47:46,678 [IPC Server handler 3 on 38273] INFO  net.NetworkTopology (NetworkTopologyImpl.java:add(110)) - Added a new node: /rack1/235158f5-a152-43ec-a631-d9bc5f7bf1ec
2019-09-17 13:47:46,679 [IPC Server handler 3 on 38273] INFO  node.SCMNodeManager (SCMNodeManager.java:register(266)) - Registered Data node : 235158f5-a152-43ec-a631-d9bc5f7bf1ec{ip: 192.168.151.72, host: pr-hdds-2137-trunk-f8w4d-2934045284, networkLocation: /rack1, certSerialId: null}
2019-09-17 13:47:46,767 [main] INFO  ozone.MiniOzoneClusterImpl (MiniOzoneClusterImpl.java:lambda$waitForClusterToBeReady$0(145)) - Waiting for cluster to be ready. Got 3 of 4 DN Heartbeats.
2019-09-17 13:47:46,768 [IPC Server handler 5 on 38273] INFO  net.NetworkTopology (NetworkTopologyImpl.java:add(110)) - Added a new node: /rack1/bd9bcf24-0b26-40d6-a14c-93656b7d1dfd
2019-09-17 13:47:46,768 [IPC Server handler 5 on 38273] INFO  node.SCMNodeManager (SCMNodeManager.java:register(266)) - Registered Data node : bd9bcf24-0b26-40d6-a14c-93656b7d1dfd{ip: 192.168.151.72, host: pr-hdds-2137-trunk-f8w4d-2934045284, networkLocation: /rack1, certSerialId: null}
2019-09-17 13:47:47,076 [grpc-default-executor-0] INFO  impl.RaftServerProxy (RaftServerProxy.java:addNew(89)) - 036b7aee-ccf7-4ae1-b368-88d83e75119e: addNew group-F692B52BFFDA:[036b7aee-ccf7-4ae1-b368-88d83e75119e:192.168.151.72:35336] returns group-F692B52BFFDA:java.util.concurrent.CompletableFuture@365fb916[Not completed]
2019-09-17 13:47:47,088 [pool-32-thread-1] INFO  impl.RaftServerImpl (RaftServerImpl.java:<init>(95)) - 036b7aee-ccf7-4ae1-b368-88d83e75119e: new RaftServerImpl for group-F692B52BFFDA:[036b7aee-ccf7-4ae1-b368-88d83e75119e:192.168.151.72:35336] with ContainerStateMachine:uninitialized
2019-09-17 13:47:47,090 [pool-32-thread-1] INFO  server.RaftServerConfigKeys (ConfUtils.java:logGet(43)) - raft.server.rpc.timeout.min = 5s (custom)
2019-09-17 13:47:47,090 [pool-32-thread-1] INFO  server.RaftServerConfigKeys (ConfUtils.java:logGet(43)) - raft.server.rpc.timeout.max = 5200ms (custom)
2019-09-17 13:47:47,090 [pool-32-thread-1] INFO  server.RaftServerConfigKeys (ConfUtils.java:logGet(43)) - raft.server.rpcslowness.timeout = 120s (custom)
2019-09-17 13:47:47,090 [pool-32-thread-1] INFO  server.RaftServerConfigKeys (ConfUtils.java:logGet(43)) - raft.server.sleep.deviation.threshold = 300 (default)
2019-09-17 13:47:47,091 [pool-32-thread-1] INFO  server.RaftServerConfigKeys (ConfUtils.java:logGet(43)) - raft.server.log.appender.install.snapshot.enabled = false (custom)
2019-09-17 13:47:47,091 [pool-32-thread-1] INFO  impl.RaftServerImpl (ServerState.java:<init>(103)) - 036b7aee-ccf7-4ae1-b368-88d83e75119e@group-F692B52BFFDA: ConfigurationManager, init=-1: [036b7aee-ccf7-4ae1-b368-88d83e75119e:192.168.151.72:35336], old=null, confs=<EMPTY_MAP>
2019-09-17 13:47:47,091 [pool-32-thread-1] INFO  server.RaftServerConfigKeys (ConfUtils.java:logGet(43)) - raft.server.storage.dir = [/workdir/hadoop-ozone/integration-test/target/test-dir/MiniOzoneClusterImpl-daa7203c-c96a-4121-bc5d-8329609dc0cb/datanode-0/data/ratis] (custom)
2019-09-17 13:47:47,092 [pool-32-thread-1] INFO  storage.RaftStorageDirectory (RaftStorageDirectory.java:analyzeStorage(246)) - The storage directory /workdir/hadoop-ozone/integration-test/target/test-dir/MiniOzoneClusterImpl-daa7203c-c96a-4121-bc5d-8329609dc0cb/datanode-0/data/ratis/62ab4126-6625-4c9a-b910-f692b52bffda does not exist. Creating ...
2019-09-17 13:47:47,124 [pool-32-thread-1] INFO  storage.RaftStorageDirectory (RaftStorageDirectory.java:tryLock(328)) - Lock on /workdir/hadoop-ozone/integration-test/target/test-dir/MiniOzoneClusterImpl-daa7203c-c96a-4121-bc5d-8329609dc0cb/datanode-0/data/ratis/62ab4126-6625-4c9a-b910-f692b52bffda/in_use.lock acquired by nodename 23554@pr-hdds-2137-trunk-f8w4d-2934045284
2019-09-17 13:47:47,150 [pool-32-thread-1] INFO  storage.RaftStorage (RaftStorage.java:format(72)) - Storage directory /workdir/hadoop-ozone/integration-test/target/test-dir/MiniOzoneClusterImpl-daa7203c-c96a-4121-bc5d-8329609dc0cb/datanode-0/data/ratis/62ab4126-6625-4c9a-b910-f692b52bffda has been successfully formatted.
2019-09-17 13:47:47,153 [pool-32-thread-1] INFO  ratis.ContainerStateMachine (ContainerStateMachine.java:loadSnapshot(230)) - group-F692B52BFFDA: The snapshot info is null. Setting the last applied indexto:(t:0, i:~)
2019-09-17 13:47:47,153 [pool-32-thread-1] INFO  server.RaftServerConfigKeys (ConfUtils.java:logGet(43)) - raft.server.notification.no-leader.timeout = 120s (custom)
2019-09-17 13:47:47,154 [pool-32-thread-1] INFO  server.RaftServerConfigKeys (ConfUtils.java:logGet(43)) - raft.server.log.use.memory = false (default)
2019-09-17 13:47:47,154 [pool-32-thread-1] INFO  server.RaftServerConfigKeys (ConfUtils.java:logGet(43)) - raft.server.log.purge.gap = 1000000 (custom)
2019-09-17 13:47:47,154 [pool-32-thread-1] INFO  server.RaftServerConfigKeys (ConfUtils.java:logGet(43)) - raft.server.log.appender.buffer.byte-limit = 33554432 (custom)
2019-09-17 13:47:47,155 [pool-32-thread-1] INFO  server.RaftServerConfigKeys (ConfUtils.java:logGet(43)) - raft.server.log.segment.size.max = 1048576 (custom)
2019-09-17 13:47:47,155 [pool-32-thread-1] INFO  server.RaftServerConfigKeys (ConfUtils.java:logGet(43)) - raft.server.log.segment.cache.num.max = 2 (custom)
2019-09-17 13:47:47,155 [pool-32-thread-1] INFO  segmented.SegmentedRaftLogWorker (SegmentedRaftLogWorker.java:<init>(172)) - new 036b7aee-ccf7-4ae1-b368-88d83e75119e@group-F692B52BFFDA-SegmentedRaftLogWorker for RaftStorage:Storage Directory /workdir/hadoop-ozone/integration-test/target/test-dir/MiniOzoneClusterImpl-daa7203c-c96a-4121-bc5d-8329609dc0cb/datanode-0/data/ratis/62ab4126-6625-4c9a-b910-f692b52bffda
2019-09-17 13:47:47,187 [pool-32-thread-1] INFO  server.RaftServerConfigKeys (ConfUtils.java:logGet(43)) - raft.server.log.queue.byte-limit = 2147483647 (custom)
2019-09-17 13:47:47,187 [pool-32-thread-1] INFO  server.RaftServerConfigKeys (ConfUtils.java:logGet(43)) - raft.server.log.queue.element-limit = 1024 (custom)
2019-09-17 13:47:47,188 [pool-32-thread-1] INFO  server.RaftServerConfigKeys (ConfUtils.java:logGet(43)) - raft.server.log.segment.size.max = 1048576 (custom)
2019-09-17 13:47:47,188 [pool-32-thread-1] INFO  server.RaftServerConfigKeys (ConfUtils.java:logGet(43)) - raft.server.log.preallocated.size = 16384 (custom)
2019-09-17 13:47:47,188 [pool-32-thread-1] INFO  server.RaftServerConfigKeys (ConfUtils.java:logGet(43)) - raft.server.log.write.buffer.size = 33554432 (custom)
2019-09-17 13:47:47,188 [pool-32-thread-1] INFO  server.RaftServerConfigKeys (ConfUtils.java:logGet(43)) - raft.server.log.force.sync.num = 128 (default)
2019-09-17 13:47:47,189 [pool-32-thread-1] INFO  server.RaftServerConfigKeys (ConfUtils.java:logGet(43)) - raft.server.log.statemachine.data.sync = true (default)
2019-09-17 13:47:47,189 [pool-32-thread-1] INFO  server.RaftServerConfigKeys (ConfUtils.java:logGet(43)) - raft.server.log.statemachine.data.sync.timeout = 10s (default)
2019-09-17 13:47:47,189 [pool-32-thread-1] INFO  server.RaftServerConfigKeys (ConfUtils.java:logGet(43)) - raft.server.log.statemachine.data.sync.timeout.retry = -1 (default)
2019-09-17 13:47:47,190 [pool-32-thread-1] INFO  server.RaftServerConfigKeys (ConfUtils.java:logGet(43)) - raft.server.log.statemachine.data.caching.enabled = true (custom)
2019-09-17 13:47:47,190 [pool-32-thread-1] INFO  segmented.SegmentedRaftLogWorker (SegmentedRaftLogWorker.java:lambda$new$0(132)) - 036b7aee-ccf7-4ae1-b368-88d83e75119e@group-F692B52BFFDA-SegmentedRaftLogWorker: flushIndex: setUnconditionally 0 -> -1
2019-09-17 13:47:47,191 [pool-32-thread-1] INFO  server.RaftServerConfigKeys (ConfUtils.java:logGet(43)) - raft.server.snapshot.auto.trigger.enabled = true (custom)
2019-09-17 13:47:47,191 [pool-32-thread-1] INFO  server.RaftServerConfigKeys (ConfUtils.java:logGet(43)) - raft.server.snapshot.auto.trigger.threshold = 10000 (custom)
2019-09-17 13:47:47,191 [pool-32-thread-1] INFO  server.RaftServerConfigKeys (ConfUtils.java:logGet(43)) - raft.server.snapshot.retention.num.files = 5 (custom)
2019-09-17 13:47:47,192 [pool-32-thread-1] INFO  server.RaftServerConfigKeys (ConfUtils.java:logGet(43)) - raft.server.retrycache.expirytime = 600000ms (custom)
2019-09-17 13:47:47,197 [pool-32-thread-1] INFO  impl.RaftServerImpl (RaftServerImpl.java:start(185)) - 036b7aee-ccf7-4ae1-b368-88d83e75119e@group-F692B52BFFDA: start as a follower, conf=-1: [036b7aee-ccf7-4ae1-b368-88d83e75119e:192.168.151.72:35336], old=null
2019-09-17 13:47:47,197 [pool-32-thread-1] INFO  impl.RaftServerImpl (RaftServerImpl.java:setRole(174)) - 036b7aee-ccf7-4ae1-b368-88d83e75119e@group-F692B52BFFDA: changes role from      null to FOLLOWER at term 0 for startAsFollower
2019-09-17 13:47:47,198 [pool-32-thread-1] INFO  impl.RoleInfo (RoleInfo.java:updateAndGet(143)) - 036b7aee-ccf7-4ae1-b368-88d83e75119e: start FollowerState
2019-09-17 13:47:47,198 [pool-32-thread-1] INFO  util.JmxRegister (JmxRegister.java:tryRegister(44)) - Successfully registered JMX Bean with object name Ratis:service=RaftServer,group=group-F692B52BFFDA,id=036b7aee-ccf7-4ae1-b368-88d83e75119e
2019-09-17 13:47:47,261 [RatisPipelineUtilsThread] INFO  pipeline.PipelineStateManager (PipelineStateManager.java:addPipeline(56)) - Created pipeline Pipeline[ Id: 62ab4126-6625-4c9a-b910-f692b52bffda, Nodes: 036b7aee-ccf7-4ae1-b368-88d83e75119e{ip: 192.168.151.72, host: pr-hdds-2137-trunk-f8w4d-2934045284, networkLocation: /rack1, certSerialId: null}, Type:RATIS, Factor:ONE, State:OPEN]
2019-09-17 13:47:47,284 [grpc-default-executor-0] INFO  impl.RaftServerProxy (RaftServerProxy.java:addNew(89)) - 235158f5-a152-43ec-a631-d9bc5f7bf1ec: addNew group-E6429B736CFB:[235158f5-a152-43ec-a631-d9bc5f7bf1ec:192.168.151.72:41830] returns group-E6429B736CFB:java.util.concurrent.CompletableFuture@268a578c[Not completed]
2019-09-17 13:47:47,298 [pool-52-thread-1] INFO  impl.RaftServerImpl (RaftServerImpl.java:<init>(95)) - 235158f5-a152-43ec-a631-d9bc5f7bf1ec: new RaftServerImpl for group-E6429B736CFB:[235158f5-a152-43ec-a631-d9bc5f7bf1ec:192.168.151.72:41830] with ContainerStateMachine:uninitialized
2019-09-17 13:47:47,302 [pool-52-thread-1] INFO  server.RaftServerConfigKeys (ConfUtils.java:logGet(43)) - raft.server.rpc.timeout.min = 5s (custom)
2019-09-17 13:47:47,302 [pool-52-thread-1] INFO  server.RaftServerConfigKeys (ConfUtils.java:logGet(43)) - raft.server.rpc.timeout.max = 5200ms (custom)
2019-09-17 13:47:47,302 [pool-52-thread-1] INFO  server.RaftServerConfigKeys (ConfUtils.java:logGet(43)) - raft.server.rpcslowness.timeout = 120s (custom)
2019-09-17 13:47:47,302 [pool-52-thread-1] INFO  server.RaftServerConfigKeys (ConfUtils.java:logGet(43)) - raft.server.sleep.deviation.threshold = 300 (default)
2019-09-17 13:47:47,302 [pool-52-thread-1] INFO  server.RaftServerConfigKeys (ConfUtils.java:logGet(43)) - raft.server.log.appender.install.snapshot.enabled = false (custom)
2019-09-17 13:47:47,302 [pool-52-thread-1] INFO  impl.RaftServerImpl (ServerState.java:<init>(103)) - 235158f5-a152-43ec-a631-d9bc5f7bf1ec@group-E6429B736CFB: ConfigurationManager, init=-1: [235158f5-a152-43ec-a631-d9bc5f7bf1ec:192.168.151.72:41830], old=null, confs=<EMPTY_MAP>
2019-09-17 13:47:47,302 [pool-52-thread-1] INFO  server.RaftServerConfigKeys (ConfUtils.java:logGet(43)) - raft.server.storage.dir = [/workdir/hadoop-ozone/integration-test/target/test-dir/MiniOzoneClusterImpl-daa7203c-c96a-4121-bc5d-8329609dc0cb/datanode-2/data/ratis] (custom)
2019-09-17 13:47:47,303 [pool-52-thread-1] INFO  storage.RaftStorageDirectory (RaftStorageDirectory.java:analyzeStorage(246)) - The storage directory /workdir/hadoop-ozone/integration-test/target/test-dir/MiniOzoneClusterImpl-daa7203c-c96a-4121-bc5d-8329609dc0cb/datanode-2/data/ratis/51cb953f-e1a4-4f89-b870-e6429b736cfb does not exist. Creating ...
2019-09-17 13:47:47,327 [pool-52-thread-1] INFO  storage.RaftStorageDirectory (RaftStorageDirectory.java:tryLock(328)) - Lock on /workdir/hadoop-ozone/integration-test/target/test-dir/MiniOzoneClusterImpl-daa7203c-c96a-4121-bc5d-8329609dc0cb/datanode-2/data/ratis/51cb953f-e1a4-4f89-b870-e6429b736cfb/in_use.lock acquired by nodename 23554@pr-hdds-2137-trunk-f8w4d-2934045284
2019-09-17 13:47:47,351 [pool-52-thread-1] INFO  storage.RaftStorage (RaftStorage.java:format(72)) - Storage directory /workdir/hadoop-ozone/integration-test/target/test-dir/MiniOzoneClusterImpl-daa7203c-c96a-4121-bc5d-8329609dc0cb/datanode-2/data/ratis/51cb953f-e1a4-4f89-b870-e6429b736cfb has been successfully formatted.
2019-09-17 13:47:47,351 [pool-52-thread-1] INFO  ratis.ContainerStateMachine (ContainerStateMachine.java:loadSnapshot(230)) - group-E6429B736CFB: The snapshot info is null. Setting the last applied indexto:(t:0, i:~)
2019-09-17 13:47:47,353 [pool-52-thread-1] INFO  server.RaftServerConfigKeys (ConfUtils.java:logGet(43)) - raft.server.notification.no-leader.timeout = 120s (custom)
2019-09-17 13:47:47,353 [pool-52-thread-1] INFO  server.RaftServerConfigKeys (ConfUtils.java:logGet(43)) - raft.server.log.use.memory = false (default)
2019-09-17 13:47:47,353 [pool-52-thread-1] INFO  server.RaftServerConfigKeys (ConfUtils.java:logGet(43)) - raft.server.log.purge.gap = 1000000 (custom)
2019-09-17 13:47:47,353 [pool-52-thread-1] INFO  server.RaftServerConfigKeys (ConfUtils.java:logGet(43)) - raft.server.log.appender.buffer.byte-limit = 33554432 (custom)
2019-09-17 13:47:47,354 [pool-52-thread-1] INFO  server.RaftServerConfigKeys (ConfUtils.java:logGet(43)) - raft.server.log.segment.size.max = 1048576 (custom)
2019-09-17 13:47:47,354 [pool-52-thread-1] INFO  server.RaftServerConfigKeys (ConfUtils.java:logGet(43)) - raft.server.log.segment.cache.num.max = 2 (custom)
2019-09-17 13:47:47,354 [pool-52-thread-1] INFO  segmented.SegmentedRaftLogWorker (SegmentedRaftLogWorker.java:<init>(172)) - new 235158f5-a152-43ec-a631-d9bc5f7bf1ec@group-E6429B736CFB-SegmentedRaftLogWorker for RaftStorage:Storage Directory /workdir/hadoop-ozone/integration-test/target/test-dir/MiniOzoneClusterImpl-daa7203c-c96a-4121-bc5d-8329609dc0cb/datanode-2/data/ratis/51cb953f-e1a4-4f89-b870-e6429b736cfb
2019-09-17 13:47:47,360 [pool-52-thread-1] INFO  server.RaftServerConfigKeys (ConfUtils.java:logGet(43)) - raft.server.log.queue.byte-limit = 2147483647 (custom)
2019-09-17 13:47:47,360 [pool-52-thread-1] INFO  server.RaftServerConfigKeys (ConfUtils.java:logGet(43)) - raft.server.log.queue.element-limit = 1024 (custom)
2019-09-17 13:47:47,360 [pool-52-thread-1] INFO  server.RaftServerConfigKeys (ConfUtils.java:logGet(43)) - raft.server.log.segment.size.max = 1048576 (custom)
2019-09-17 13:47:47,361 [pool-52-thread-1] INFO  server.RaftServerConfigKeys (ConfUtils.java:logGet(43)) - raft.server.log.preallocated.size = 16384 (custom)
2019-09-17 13:47:47,361 [pool-52-thread-1] INFO  server.RaftServerConfigKeys (ConfUtils.java:logGet(43)) - raft.server.log.write.buffer.size = 33554432 (custom)
2019-09-17 13:47:47,361 [pool-52-thread-1] INFO  server.RaftServerConfigKeys (ConfUtils.java:logGet(43)) - raft.server.log.force.sync.num = 128 (default)
2019-09-17 13:47:47,361 [pool-52-thread-1] INFO  server.RaftServerConfigKeys (ConfUtils.java:logGet(43)) - raft.server.log.statemachine.data.sync = true (default)
2019-09-17 13:47:47,362 [pool-52-thread-1] INFO  server.RaftServerConfigKeys (ConfUtils.java:logGet(43)) - raft.server.log.statemachine.data.sync.timeout = 10s (default)
2019-09-17 13:47:47,362 [pool-52-thread-1] INFO  server.RaftServerConfigKeys (ConfUtils.java:logGet(43)) - raft.server.log.statemachine.data.sync.timeout.retry = -1 (default)
2019-09-17 13:47:47,362 [pool-52-thread-1] INFO  server.RaftServerConfigKeys (ConfUtils.java:logGet(43)) - raft.server.log.statemachine.data.caching.enabled = true (custom)
2019-09-17 13:47:47,363 [pool-52-thread-1] INFO  segmented.SegmentedRaftLogWorker (SegmentedRaftLogWorker.java:lambda$new$0(132)) - 235158f5-a152-43ec-a631-d9bc5f7bf1ec@group-E6429B736CFB-SegmentedRaftLogWorker: flushIndex: setUnconditionally 0 -> -1
2019-09-17 13:47:47,363 [pool-52-thread-1] INFO  server.RaftServerConfigKeys (ConfUtils.java:logGet(43)) - raft.server.snapshot.auto.trigger.enabled = true (custom)
2019-09-17 13:47:47,363 [pool-52-thread-1] INFO  server.RaftServerConfigKeys (ConfUtils.java:logGet(43)) - raft.server.snapshot.auto.trigger.threshold = 10000 (custom)
2019-09-17 13:47:47,363 [pool-52-thread-1] INFO  server.RaftServerConfigKeys (ConfUtils.java:logGet(43)) - raft.server.snapshot.retention.num.files = 5 (custom)
2019-09-17 13:47:47,364 [pool-52-thread-1] INFO  server.RaftServerConfigKeys (ConfUtils.java:logGet(43)) - raft.server.retrycache.expirytime = 600000ms (custom)
2019-09-17 13:47:47,369 [pool-52-thread-1] INFO  impl.RaftServerImpl (RaftServerImpl.java:start(185)) - 235158f5-a152-43ec-a631-d9bc5f7bf1ec@group-E6429B736CFB: start as a follower, conf=-1: [235158f5-a152-43ec-a631-d9bc5f7bf1ec:192.168.151.72:41830], old=null
2019-09-17 13:47:47,369 [pool-52-thread-1] INFO  impl.RaftServerImpl (RaftServerImpl.java:setRole(174)) - 235158f5-a152-43ec-a631-d9bc5f7bf1ec@group-E6429B736CFB: changes role from      null to FOLLOWER at term 0 for startAsFollower
2019-09-17 13:47:47,370 [pool-52-thread-1] INFO  impl.RoleInfo (RoleInfo.java:updateAndGet(143)) - 235158f5-a152-43ec-a631-d9bc5f7bf1ec: start FollowerState
2019-09-17 13:47:47,370 [pool-52-thread-1] INFO  util.JmxRegister (JmxRegister.java:tryRegister(44)) - Successfully registered JMX Bean with object name Ratis:service=RaftServer,group=group-E6429B736CFB,id=235158f5-a152-43ec-a631-d9bc5f7bf1ec
2019-09-17 13:47:47,382 [RatisPipelineUtilsThread] INFO  pipeline.PipelineStateManager (PipelineStateManager.java:addPipeline(56)) - Created pipeline Pipeline[ Id: 51cb953f-e1a4-4f89-b870-e6429b736cfb, Nodes: 235158f5-a152-43ec-a631-d9bc5f7bf1ec{ip: 192.168.151.72, host: pr-hdds-2137-trunk-f8w4d-2934045284, networkLocation: /rack1, certSerialId: null}, Type:RATIS, Factor:ONE, State:OPEN]
2019-09-17 13:47:47,399 [grpc-default-executor-0] INFO  impl.RaftServerProxy (RaftServerProxy.java:addNew(89)) - bd9bcf24-0b26-40d6-a14c-93656b7d1dfd: addNew group-A156C5F90615:[bd9bcf24-0b26-40d6-a14c-93656b7d1dfd:192.168.151.72:42009] returns group-A156C5F90615:java.util.concurrent.CompletableFuture@46763d81[Not completed]
2019-09-17 13:47:47,401 [pool-62-thread-1] INFO  impl.RaftServerImpl (RaftServerImpl.java:<init>(95)) - bd9bcf24-0b26-40d6-a14c-93656b7d1dfd: new RaftServerImpl for group-A156C5F90615:[bd9bcf24-0b26-40d6-a14c-93656b7d1dfd:192.168.151.72:42009] with ContainerStateMachine:uninitialized
2019-09-17 13:47:47,401 [pool-62-thread-1] INFO  server.RaftServerConfigKeys (ConfUtils.java:logGet(43)) - raft.server.rpc.timeout.min = 5s (custom)
2019-09-17 13:47:47,401 [pool-62-thread-1] INFO  server.RaftServerConfigKeys (ConfUtils.java:logGet(43)) - raft.server.rpc.timeout.max = 5200ms (custom)
2019-09-17 13:47:47,401 [pool-62-thread-1] INFO  server.RaftServerConfigKeys (ConfUtils.java:logGet(43)) - raft.server.rpcslowness.timeout = 120s (custom)
2019-09-17 13:47:47,401 [pool-62-thread-1] INFO  server.RaftServerConfigKeys (ConfUtils.java:logGet(43)) - raft.server.sleep.deviation.threshold = 300 (default)
2019-09-17 13:47:47,401 [pool-62-thread-1] INFO  server.RaftServerConfigKeys (ConfUtils.java:logGet(43)) - raft.server.log.appender.install.snapshot.enabled = false (custom)
2019-09-17 13:47:47,402 [pool-62-thread-1] INFO  impl.RaftServerImpl (ServerState.java:<init>(103)) - bd9bcf24-0b26-40d6-a14c-93656b7d1dfd@group-A156C5F90615: ConfigurationManager, init=-1: [bd9bcf24-0b26-40d6-a14c-93656b7d1dfd:192.168.151.72:42009], old=null, confs=<EMPTY_MAP>
2019-09-17 13:47:47,402 [pool-62-thread-1] INFO  server.RaftServerConfigKeys (ConfUtils.java:logGet(43)) - raft.server.storage.dir = [/workdir/hadoop-ozone/integration-test/target/test-dir/MiniOzoneClusterImpl-daa7203c-c96a-4121-bc5d-8329609dc0cb/datanode-3/data/ratis] (custom)
2019-09-17 13:47:47,402 [pool-62-thread-1] INFO  storage.RaftStorageDirectory (RaftStorageDirectory.java:analyzeStorage(246)) - The storage directory /workdir/hadoop-ozone/integration-test/target/test-dir/MiniOzoneClusterImpl-daa7203c-c96a-4121-bc5d-8329609dc0cb/datanode-3/data/ratis/9839ea59-5210-411c-81e5-a156c5f90615 does not exist. Creating ...
2019-09-17 13:47:47,426 [pool-62-thread-1] INFO  storage.RaftStorageDirectory (RaftStorageDirectory.java:tryLock(328)) - Lock on /workdir/hadoop-ozone/integration-test/target/test-dir/MiniOzoneClusterImpl-daa7203c-c96a-4121-bc5d-8329609dc0cb/datanode-3/data/ratis/9839ea59-5210-411c-81e5-a156c5f90615/in_use.lock acquired by nodename 23554@pr-hdds-2137-trunk-f8w4d-2934045284
2019-09-17 13:47:47,451 [pool-62-thread-1] INFO  storage.RaftStorage (RaftStorage.java:format(72)) - Storage directory /workdir/hadoop-ozone/integration-test/target/test-dir/MiniOzoneClusterImpl-daa7203c-c96a-4121-bc5d-8329609dc0cb/datanode-3/data/ratis/9839ea59-5210-411c-81e5-a156c5f90615 has been successfully formatted.
2019-09-17 13:47:47,451 [pool-62-thread-1] INFO  ratis.ContainerStateMachine (ContainerStateMachine.java:loadSnapshot(230)) - group-A156C5F90615: The snapshot info is null. Setting the last applied indexto:(t:0, i:~)
2019-09-17 13:47:47,451 [pool-62-thread-1] INFO  server.RaftServerConfigKeys (ConfUtils.java:logGet(43)) - raft.server.notification.no-leader.timeout = 120s (custom)
2019-09-17 13:47:47,451 [pool-62-thread-1] INFO  server.RaftServerConfigKeys (ConfUtils.java:logGet(43)) - raft.server.log.use.memory = false (default)
2019-09-17 13:47:47,451 [pool-62-thread-1] INFO  server.RaftServerConfigKeys (ConfUtils.java:logGet(43)) - raft.server.log.purge.gap = 1000000 (custom)
2019-09-17 13:47:47,452 [pool-62-thread-1] INFO  server.RaftServerConfigKeys (ConfUtils.java:logGet(43)) - raft.server.log.appender.buffer.byte-limit = 33554432 (custom)
2019-09-17 13:47:47,452 [pool-62-thread-1] INFO  server.RaftServerConfigKeys (ConfUtils.java:logGet(43)) - raft.server.log.segment.size.max = 1048576 (custom)
2019-09-17 13:47:47,452 [pool-62-thread-1] INFO  server.RaftServerConfigKeys (ConfUtils.java:logGet(43)) - raft.server.log.segment.cache.num.max = 2 (custom)
2019-09-17 13:47:47,452 [pool-62-thread-1] INFO  segmented.SegmentedRaftLogWorker (SegmentedRaftLogWorker.java:<init>(172)) - new bd9bcf24-0b26-40d6-a14c-93656b7d1dfd@group-A156C5F90615-SegmentedRaftLogWorker for RaftStorage:Storage Directory /workdir/hadoop-ozone/integration-test/target/test-dir/MiniOzoneClusterImpl-daa7203c-c96a-4121-bc5d-8329609dc0cb/datanode-3/data/ratis/9839ea59-5210-411c-81e5-a156c5f90615
2019-09-17 13:47:47,456 [pool-62-thread-1] INFO  server.RaftServerConfigKeys (ConfUtils.java:logGet(43)) - raft.server.log.queue.byte-limit = 2147483647 (custom)
2019-09-17 13:47:47,456 [pool-62-thread-1] INFO  server.RaftServerConfigKeys (ConfUtils.java:logGet(43)) - raft.server.log.queue.element-limit = 1024 (custom)
2019-09-17 13:47:47,456 [pool-62-thread-1] INFO  server.RaftServerConfigKeys (ConfUtils.java:logGet(43)) - raft.server.log.segment.size.max = 1048576 (custom)
2019-09-17 13:47:47,456 [pool-62-thread-1] INFO  server.RaftServerConfigKeys (ConfUtils.java:logGet(43)) - raft.server.log.preallocated.size = 16384 (custom)
2019-09-17 13:47:47,456 [pool-62-thread-1] INFO  server.RaftServerConfigKeys (ConfUtils.java:logGet(43)) - raft.server.log.write.buffer.size = 33554432 (custom)
2019-09-17 13:47:47,456 [pool-62-thread-1] INFO  server.RaftServerConfigKeys (ConfUtils.java:logGet(43)) - raft.server.log.force.sync.num = 128 (default)
2019-09-17 13:47:47,456 [pool-62-thread-1] INFO  server.RaftServerConfigKeys (ConfUtils.java:logGet(43)) - raft.server.log.statemachine.data.sync = true (default)
2019-09-17 13:47:47,457 [pool-62-thread-1] INFO  server.RaftServerConfigKeys (ConfUtils.java:logGet(43)) - raft.server.log.statemachine.data.sync.timeout = 10s (default)
2019-09-17 13:47:47,457 [pool-62-thread-1] INFO  server.RaftServerConfigKeys (ConfUtils.java:logGet(43)) - raft.server.log.statemachine.data.sync.timeout.retry = -1 (default)
2019-09-17 13:47:47,457 [pool-62-thread-1] INFO  server.RaftServerConfigKeys (ConfUtils.java:logGet(43)) - raft.server.log.statemachine.data.caching.enabled = true (custom)
2019-09-17 13:47:47,457 [pool-62-thread-1] INFO  segmented.SegmentedRaftLogWorker (SegmentedRaftLogWorker.java:lambda$new$0(132)) - bd9bcf24-0b26-40d6-a14c-93656b7d1dfd@group-A156C5F90615-SegmentedRaftLogWorker: flushIndex: setUnconditionally 0 -> -1
2019-09-17 13:47:47,458 [pool-62-thread-1] INFO  server.RaftServerConfigKeys (ConfUtils.java:logGet(43)) - raft.server.snapshot.auto.trigger.enabled = true (custom)
2019-09-17 13:47:47,458 [pool-62-thread-1] INFO  server.RaftServerConfigKeys (ConfUtils.java:logGet(43)) - raft.server.snapshot.auto.trigger.threshold = 10000 (custom)
2019-09-17 13:47:47,458 [pool-62-thread-1] INFO  server.RaftServerConfigKeys (ConfUtils.java:logGet(43)) - raft.server.snapshot.retention.num.files = 5 (custom)
2019-09-17 13:47:47,458 [pool-62-thread-1] INFO  server.RaftServerConfigKeys (ConfUtils.java:logGet(43)) - raft.server.retrycache.expirytime = 600000ms (custom)
2019-09-17 13:47:47,461 [pool-62-thread-1] INFO  impl.RaftServerImpl (RaftServerImpl.java:start(185)) - bd9bcf24-0b26-40d6-a14c-93656b7d1dfd@group-A156C5F90615: start as a follower, conf=-1: [bd9bcf24-0b26-40d6-a14c-93656b7d1dfd:192.168.151.72:42009], old=null
2019-09-17 13:47:47,461 [pool-62-thread-1] INFO  impl.RaftServerImpl (RaftServerImpl.java:setRole(174)) - bd9bcf24-0b26-40d6-a14c-93656b7d1dfd@group-A156C5F90615: changes role from      null to FOLLOWER at term 0 for startAsFollower
2019-09-17 13:47:47,461 [pool-62-thread-1] INFO  impl.RoleInfo (RoleInfo.java:updateAndGet(143)) - bd9bcf24-0b26-40d6-a14c-93656b7d1dfd: start FollowerState
2019-09-17 13:47:47,461 [pool-62-thread-1] INFO  util.JmxRegister (JmxRegister.java:tryRegister(44)) - Successfully registered JMX Bean with object name Ratis:service=RaftServer,group=group-A156C5F90615,id=bd9bcf24-0b26-40d6-a14c-93656b7d1dfd
2019-09-17 13:47:47,470 [RatisPipelineUtilsThread] INFO  pipeline.PipelineStateManager (PipelineStateManager.java:addPipeline(56)) - Created pipeline Pipeline[ Id: 9839ea59-5210-411c-81e5-a156c5f90615, Nodes: bd9bcf24-0b26-40d6-a14c-93656b7d1dfd{ip: 192.168.151.72, host: pr-hdds-2137-trunk-f8w4d-2934045284, networkLocation: /rack1, certSerialId: null}, Type:RATIS, Factor:ONE, State:OPEN]
2019-09-17 13:47:47,485 [grpc-default-executor-0] INFO  impl.RaftServerProxy (RaftServerProxy.java:addNew(89)) - e374ed08-8383-4f83-a5b3-a6f9f92a9e17: addNew group-291CB2966E07:[e374ed08-8383-4f83-a5b3-a6f9f92a9e17:192.168.151.72:46400] returns group-291CB2966E07:java.util.concurrent.CompletableFuture@273ca1e4[Not completed]
2019-09-17 13:47:47,488 [pool-42-thread-1] INFO  impl.RaftServerImpl (RaftServerImpl.java:<init>(95)) - e374ed08-8383-4f83-a5b3-a6f9f92a9e17: new RaftServerImpl for group-291CB2966E07:[e374ed08-8383-4f83-a5b3-a6f9f92a9e17:192.168.151.72:46400] with ContainerStateMachine:uninitialized
2019-09-17 13:47:47,488 [pool-42-thread-1] INFO  server.RaftServerConfigKeys (ConfUtils.java:logGet(43)) - raft.server.rpc.timeout.min = 5s (custom)
2019-09-17 13:47:47,488 [pool-42-thread-1] INFO  server.RaftServerConfigKeys (ConfUtils.java:logGet(43)) - raft.server.rpc.timeout.max = 5200ms (custom)
2019-09-17 13:47:47,488 [pool-42-thread-1] INFO  server.RaftServerConfigKeys (ConfUtils.java:logGet(43)) - raft.server.rpcslowness.timeout = 120s (custom)
2019-09-17 13:47:47,488 [pool-42-thread-1] INFO  server.RaftServerConfigKeys (ConfUtils.java:logGet(43)) - raft.server.sleep.deviation.threshold = 300 (default)
2019-09-17 13:47:47,489 [pool-42-thread-1] INFO  server.RaftServerConfigKeys (ConfUtils.java:logGet(43)) - raft.server.log.appender.install.snapshot.enabled = false (custom)
2019-09-17 13:47:47,489 [pool-42-thread-1] INFO  impl.RaftServerImpl (ServerState.java:<init>(103)) - e374ed08-8383-4f83-a5b3-a6f9f92a9e17@group-291CB2966E07: ConfigurationManager, init=-1: [e374ed08-8383-4f83-a5b3-a6f9f92a9e17:192.168.151.72:46400], old=null, confs=<EMPTY_MAP>
2019-09-17 13:47:47,489 [pool-42-thread-1] INFO  server.RaftServerConfigKeys (ConfUtils.java:logGet(43)) - raft.server.storage.dir = [/workdir/hadoop-ozone/integration-test/target/test-dir/MiniOzoneClusterImpl-daa7203c-c96a-4121-bc5d-8329609dc0cb/datanode-1/data/ratis] (custom)
2019-09-17 13:47:47,489 [pool-42-thread-1] INFO  storage.RaftStorageDirectory (RaftStorageDirectory.java:analyzeStorage(246)) - The storage directory /workdir/hadoop-ozone/integration-test/target/test-dir/MiniOzoneClusterImpl-daa7203c-c96a-4121-bc5d-8329609dc0cb/datanode-1/data/ratis/f39aead2-6117-405c-8406-291cb2966e07 does not exist. Creating ...
2019-09-17 13:47:47,502 [pool-42-thread-1] INFO  storage.RaftStorageDirectory (RaftStorageDirectory.java:tryLock(328)) - Lock on /workdir/hadoop-ozone/integration-test/target/test-dir/MiniOzoneClusterImpl-daa7203c-c96a-4121-bc5d-8329609dc0cb/datanode-1/data/ratis/f39aead2-6117-405c-8406-291cb2966e07/in_use.lock acquired by nodename 23554@pr-hdds-2137-trunk-f8w4d-2934045284
2019-09-17 13:47:47,520 [pool-42-thread-1] INFO  storage.RaftStorage (RaftStorage.java:format(72)) - Storage directory /workdir/hadoop-ozone/integration-test/target/test-dir/MiniOzoneClusterImpl-daa7203c-c96a-4121-bc5d-8329609dc0cb/datanode-1/data/ratis/f39aead2-6117-405c-8406-291cb2966e07 has been successfully formatted.
2019-09-17 13:47:47,520 [pool-42-thread-1] INFO  ratis.ContainerStateMachine (ContainerStateMachine.java:loadSnapshot(230)) - group-291CB2966E07: The snapshot info is null. Setting the last applied indexto:(t:0, i:~)
2019-09-17 13:47:47,520 [pool-42-thread-1] INFO  server.RaftServerConfigKeys (ConfUtils.java:logGet(43)) - raft.server.notification.no-leader.timeout = 120s (custom)
2019-09-17 13:47:47,520 [pool-42-thread-1] INFO  server.RaftServerConfigKeys (ConfUtils.java:logGet(43)) - raft.server.log.use.memory = false (default)
2019-09-17 13:47:47,521 [pool-42-thread-1] INFO  server.RaftServerConfigKeys (ConfUtils.java:logGet(43)) - raft.server.log.purge.gap = 1000000 (custom)
2019-09-17 13:47:47,521 [pool-42-thread-1] INFO  server.RaftServerConfigKeys (ConfUtils.java:logGet(43)) - raft.server.log.appender.buffer.byte-limit = 33554432 (custom)
2019-09-17 13:47:47,521 [pool-42-thread-1] INFO  server.RaftServerConfigKeys (ConfUtils.java:logGet(43)) - raft.server.log.segment.size.max = 1048576 (custom)
2019-09-17 13:47:47,521 [pool-42-thread-1] INFO  server.RaftServerConfigKeys (ConfUtils.java:logGet(43)) - raft.server.log.segment.cache.num.max = 2 (custom)
2019-09-17 13:47:47,521 [pool-42-thread-1] INFO  segmented.SegmentedRaftLogWorker (SegmentedRaftLogWorker.java:<init>(172)) - new e374ed08-8383-4f83-a5b3-a6f9f92a9e17@group-291CB2966E07-SegmentedRaftLogWorker for RaftStorage:Storage Directory /workdir/hadoop-ozone/integration-test/target/test-dir/MiniOzoneClusterImpl-daa7203c-c96a-4121-bc5d-8329609dc0cb/datanode-1/data/ratis/f39aead2-6117-405c-8406-291cb2966e07
2019-09-17 13:47:47,525 [pool-42-thread-1] INFO  server.RaftServerConfigKeys (ConfUtils.java:logGet(43)) - raft.server.log.queue.byte-limit = 2147483647 (custom)
2019-09-17 13:47:47,525 [pool-42-thread-1] INFO  server.RaftServerConfigKeys (ConfUtils.java:logGet(43)) - raft.server.log.queue.element-limit = 1024 (custom)
2019-09-17 13:47:47,525 [pool-42-thread-1] INFO  server.RaftServerConfigKeys (ConfUtils.java:logGet(43)) - raft.server.log.segment.size.max = 1048576 (custom)
2019-09-17 13:47:47,525 [pool-42-thread-1] INFO  server.RaftServerConfigKeys (ConfUtils.java:logGet(43)) - raft.server.log.preallocated.size = 16384 (custom)
2019-09-17 13:47:47,526 [pool-42-thread-1] INFO  server.RaftServerConfigKeys (ConfUtils.java:logGet(43)) - raft.server.log.write.buffer.size = 33554432 (custom)
2019-09-17 13:47:47,526 [pool-42-thread-1] INFO  server.RaftServerConfigKeys (ConfUtils.java:logGet(43)) - raft.server.log.force.sync.num = 128 (default)
2019-09-17 13:47:47,526 [pool-42-thread-1] INFO  server.RaftServerConfigKeys (ConfUtils.java:logGet(43)) - raft.server.log.statemachine.data.sync = true (default)
2019-09-17 13:47:47,526 [pool-42-thread-1] INFO  server.RaftServerConfigKeys (ConfUtils.java:logGet(43)) - raft.server.log.statemachine.data.sync.timeout = 10s (default)
2019-09-17 13:47:47,526 [pool-42-thread-1] INFO  server.RaftServerConfigKeys (ConfUtils.java:logGet(43)) - raft.server.log.statemachine.data.sync.timeout.retry = -1 (default)
2019-09-17 13:47:47,527 [pool-42-thread-1] INFO  server.RaftServerConfigKeys (ConfUtils.java:logGet(43)) - raft.server.log.statemachine.data.caching.enabled = true (custom)
2019-09-17 13:47:47,527 [pool-42-thread-1] INFO  segmented.SegmentedRaftLogWorker (SegmentedRaftLogWorker.java:lambda$new$0(132)) - e374ed08-8383-4f83-a5b3-a6f9f92a9e17@group-291CB2966E07-SegmentedRaftLogWorker: flushIndex: setUnconditionally 0 -> -1
2019-09-17 13:47:47,527 [pool-42-thread-1] INFO  server.RaftServerConfigKeys (ConfUtils.java:logGet(43)) - raft.server.snapshot.auto.trigger.enabled = true (custom)
2019-09-17 13:47:47,528 [pool-42-thread-1] INFO  server.RaftServerConfigKeys (ConfUtils.java:logGet(43)) - raft.server.snapshot.auto.trigger.threshold = 10000 (custom)
2019-09-17 13:47:47,528 [pool-42-thread-1] INFO  server.RaftServerConfigKeys (ConfUtils.java:logGet(43)) - raft.server.snapshot.retention.num.files = 5 (custom)
2019-09-17 13:47:47,528 [pool-42-thread-1] INFO  server.RaftServerConfigKeys (ConfUtils.java:logGet(43)) - raft.server.retrycache.expirytime = 600000ms (custom)
2019-09-17 13:47:47,531 [pool-42-thread-1] INFO  impl.RaftServerImpl (RaftServerImpl.java:start(185)) - e374ed08-8383-4f83-a5b3-a6f9f92a9e17@group-291CB2966E07: start as a follower, conf=-1: [e374ed08-8383-4f83-a5b3-a6f9f92a9e17:192.168.151.72:46400], old=null
2019-09-17 13:47:47,531 [pool-42-thread-1] INFO  impl.RaftServerImpl (RaftServerImpl.java:setRole(174)) - e374ed08-8383-4f83-a5b3-a6f9f92a9e17@group-291CB2966E07: changes role from      null to FOLLOWER at term 0 for startAsFollower
2019-09-17 13:47:47,532 [pool-42-thread-1] INFO  impl.RoleInfo (RoleInfo.java:updateAndGet(143)) - e374ed08-8383-4f83-a5b3-a6f9f92a9e17: start FollowerState
2019-09-17 13:47:47,532 [pool-42-thread-1] INFO  util.JmxRegister (JmxRegister.java:tryRegister(44)) - Successfully registered JMX Bean with object name Ratis:service=RaftServer,group=group-291CB2966E07,id=e374ed08-8383-4f83-a5b3-a6f9f92a9e17
2019-09-17 13:47:47,540 [RatisPipelineUtilsThread] INFO  pipeline.PipelineStateManager (PipelineStateManager.java:addPipeline(56)) - Created pipeline Pipeline[ Id: f39aead2-6117-405c-8406-291cb2966e07, Nodes: e374ed08-8383-4f83-a5b3-a6f9f92a9e17{ip: 192.168.151.72, host: pr-hdds-2137-trunk-f8w4d-2934045284, networkLocation: /rack1, certSerialId: null}, Type:RATIS, Factor:ONE, State:OPEN]
2019-09-17 13:47:47,583 [grpc-default-executor-1] INFO  impl.RaftServerProxy (RaftServerProxy.java:addNew(89)) - bd9bcf24-0b26-40d6-a14c-93656b7d1dfd: addNew group-1778EDE7E77E:[bd9bcf24-0b26-40d6-a14c-93656b7d1dfd:192.168.151.72:42009, 235158f5-a152-43ec-a631-d9bc5f7bf1ec:192.168.151.72:41830, 036b7aee-ccf7-4ae1-b368-88d83e75119e:192.168.151.72:35336] returns group-1778EDE7E77E:java.util.concurrent.CompletableFuture@4ac76940[Not completed]
2019-09-17 13:47:47,583 [grpc-default-executor-2] INFO  impl.RaftServerProxy (RaftServerProxy.java:addNew(89)) - 036b7aee-ccf7-4ae1-b368-88d83e75119e: addNew group-1778EDE7E77E:[bd9bcf24-0b26-40d6-a14c-93656b7d1dfd:192.168.151.72:42009, 235158f5-a152-43ec-a631-d9bc5f7bf1ec:192.168.151.72:41830, 036b7aee-ccf7-4ae1-b368-88d83e75119e:192.168.151.72:35336] returns group-1778EDE7E77E:java.util.concurrent.CompletableFuture@323274c7[Not completed]
2019-09-17 13:47:47,585 [grpc-default-executor-0] INFO  impl.RaftServerProxy (RaftServerProxy.java:addNew(89)) - 235158f5-a152-43ec-a631-d9bc5f7bf1ec: addNew group-1778EDE7E77E:[bd9bcf24-0b26-40d6-a14c-93656b7d1dfd:192.168.151.72:42009, 235158f5-a152-43ec-a631-d9bc5f7bf1ec:192.168.151.72:41830, 036b7aee-ccf7-4ae1-b368-88d83e75119e:192.168.151.72:35336] returns group-1778EDE7E77E:java.util.concurrent.CompletableFuture@43d197dd[Not completed]
2019-09-17 13:47:47,585 [pool-62-thread-1] INFO  impl.RaftServerImpl (RaftServerImpl.java:<init>(95)) - bd9bcf24-0b26-40d6-a14c-93656b7d1dfd: new RaftServerImpl for group-1778EDE7E77E:[bd9bcf24-0b26-40d6-a14c-93656b7d1dfd:192.168.151.72:42009, 235158f5-a152-43ec-a631-d9bc5f7bf1ec:192.168.151.72:41830, 036b7aee-ccf7-4ae1-b368-88d83e75119e:192.168.151.72:35336] with ContainerStateMachine:uninitialized
2019-09-17 13:47:47,585 [pool-62-thread-1] INFO  server.RaftServerConfigKeys (ConfUtils.java:logGet(43)) - raft.server.rpc.timeout.min = 5s (custom)
2019-09-17 13:47:47,586 [pool-62-thread-1] INFO  server.RaftServerConfigKeys (ConfUtils.java:logGet(43)) - raft.server.rpc.timeout.max = 5200ms (custom)
2019-09-17 13:47:47,586 [pool-62-thread-1] INFO  server.RaftServerConfigKeys (ConfUtils.java:logGet(43)) - raft.server.rpcslowness.timeout = 120s (custom)
2019-09-17 13:47:47,586 [pool-62-thread-1] INFO  server.RaftServerConfigKeys (ConfUtils.java:logGet(43)) - raft.server.sleep.deviation.threshold = 300 (default)
2019-09-17 13:47:47,586 [pool-62-thread-1] INFO  server.RaftServerConfigKeys (ConfUtils.java:logGet(43)) - raft.server.log.appender.install.snapshot.enabled = false (custom)
2019-09-17 13:47:47,586 [pool-62-thread-1] INFO  impl.RaftServerImpl (ServerState.java:<init>(103)) - bd9bcf24-0b26-40d6-a14c-93656b7d1dfd@group-1778EDE7E77E: ConfigurationManager, init=-1: [bd9bcf24-0b26-40d6-a14c-93656b7d1dfd:192.168.151.72:42009, 235158f5-a152-43ec-a631-d9bc5f7bf1ec:192.168.151.72:41830, 036b7aee-ccf7-4ae1-b368-88d83e75119e:192.168.151.72:35336], old=null, confs=<EMPTY_MAP>
2019-09-17 13:47:47,587 [pool-62-thread-1] INFO  server.RaftServerConfigKeys (ConfUtils.java:logGet(43)) - raft.server.storage.dir = [/workdir/hadoop-ozone/integration-test/target/test-dir/MiniOzoneClusterImpl-daa7203c-c96a-4121-bc5d-8329609dc0cb/datanode-3/data/ratis] (custom)
2019-09-17 13:47:47,587 [pool-32-thread-1] INFO  impl.RaftServerImpl (RaftServerImpl.java:<init>(95)) - 036b7aee-ccf7-4ae1-b368-88d83e75119e: new RaftServerImpl for group-1778EDE7E77E:[bd9bcf24-0b26-40d6-a14c-93656b7d1dfd:192.168.151.72:42009, 235158f5-a152-43ec-a631-d9bc5f7bf1ec:192.168.151.72:41830, 036b7aee-ccf7-4ae1-b368-88d83e75119e:192.168.151.72:35336] with ContainerStateMachine:uninitialized
2019-09-17 13:47:47,587 [pool-32-thread-1] INFO  server.RaftServerConfigKeys (ConfUtils.java:logGet(43)) - raft.server.rpc.timeout.min = 5s (custom)
2019-09-17 13:47:47,587 [pool-62-thread-1] INFO  storage.RaftStorageDirectory (RaftStorageDirectory.java:analyzeStorage(246)) - The storage directory /workdir/hadoop-ozone/integration-test/target/test-dir/MiniOzoneClusterImpl-daa7203c-c96a-4121-bc5d-8329609dc0cb/datanode-3/data/ratis/b2906ef4-0cc1-4eec-9358-1778ede7e77e does not exist. Creating ...
2019-09-17 13:47:47,587 [pool-32-thread-1] INFO  server.RaftServerConfigKeys (ConfUtils.java:logGet(43)) - raft.server.rpc.timeout.max = 5200ms (custom)
2019-09-17 13:47:47,587 [pool-32-thread-1] INFO  server.RaftServerConfigKeys (ConfUtils.java:logGet(43)) - raft.server.rpcslowness.timeout = 120s (custom)
2019-09-17 13:47:47,587 [pool-32-thread-1] INFO  server.RaftServerConfigKeys (ConfUtils.java:logGet(43)) - raft.server.sleep.deviation.threshold = 300 (default)
2019-09-17 13:47:47,587 [pool-32-thread-1] INFO  server.RaftServerConfigKeys (ConfUtils.java:logGet(43)) - raft.server.log.appender.install.snapshot.enabled = false (custom)
2019-09-17 13:47:47,588 [pool-32-thread-1] INFO  impl.RaftServerImpl (ServerState.java:<init>(103)) - 036b7aee-ccf7-4ae1-b368-88d83e75119e@group-1778EDE7E77E: ConfigurationManager, init=-1: [bd9bcf24-0b26-40d6-a14c-93656b7d1dfd:192.168.151.72:42009, 235158f5-a152-43ec-a631-d9bc5f7bf1ec:192.168.151.72:41830, 036b7aee-ccf7-4ae1-b368-88d83e75119e:192.168.151.72:35336], old=null, confs=<EMPTY_MAP>
2019-09-17 13:47:47,588 [pool-32-thread-1] INFO  server.RaftServerConfigKeys (ConfUtils.java:logGet(43)) - raft.server.storage.dir = [/workdir/hadoop-ozone/integration-test/target/test-dir/MiniOzoneClusterImpl-daa7203c-c96a-4121-bc5d-8329609dc0cb/datanode-0/data/ratis] (custom)
2019-09-17 13:47:47,588 [pool-32-thread-1] INFO  storage.RaftStorageDirectory (RaftStorageDirectory.java:analyzeStorage(246)) - The storage directory /workdir/hadoop-ozone/integration-test/target/test-dir/MiniOzoneClusterImpl-daa7203c-c96a-4121-bc5d-8329609dc0cb/datanode-0/data/ratis/b2906ef4-0cc1-4eec-9358-1778ede7e77e does not exist. Creating ...
2019-09-17 13:47:47,588 [pool-52-thread-1] INFO  impl.RaftServerImpl (RaftServerImpl.java:<init>(95)) - 235158f5-a152-43ec-a631-d9bc5f7bf1ec: new RaftServerImpl for group-1778EDE7E77E:[bd9bcf24-0b26-40d6-a14c-93656b7d1dfd:192.168.151.72:42009, 235158f5-a152-43ec-a631-d9bc5f7bf1ec:192.168.151.72:41830, 036b7aee-ccf7-4ae1-b368-88d83e75119e:192.168.151.72:35336] with ContainerStateMachine:uninitialized
2019-09-17 13:47:47,589 [pool-52-thread-1] INFO  server.RaftServerConfigKeys (ConfUtils.java:logGet(43)) - raft.server.rpc.timeout.min = 5s (custom)
2019-09-17 13:47:47,589 [pool-52-thread-1] INFO  server.RaftServerConfigKeys (ConfUtils.java:logGet(43)) - raft.server.rpc.timeout.max = 5200ms (custom)
2019-09-17 13:47:47,589 [pool-52-thread-1] INFO  server.RaftServerConfigKeys (ConfUtils.java:logGet(43)) - raft.server.rpcslowness.timeout = 120s (custom)
2019-09-17 13:47:47,589 [pool-52-thread-1] INFO  server.RaftServerConfigKeys (ConfUtils.java:logGet(43)) - raft.server.sleep.deviation.threshold = 300 (default)
2019-09-17 13:47:47,589 [pool-52-thread-1] INFO  server.RaftServerConfigKeys (ConfUtils.java:logGet(43)) - raft.server.log.appender.install.snapshot.enabled = false (custom)
2019-09-17 13:47:47,590 [pool-52-thread-1] INFO  impl.RaftServerImpl (ServerState.java:<init>(103)) - 235158f5-a152-43ec-a631-d9bc5f7bf1ec@group-1778EDE7E77E: ConfigurationManager, init=-1: [bd9bcf24-0b26-40d6-a14c-93656b7d1dfd:192.168.151.72:42009, 235158f5-a152-43ec-a631-d9bc5f7bf1ec:192.168.151.72:41830, 036b7aee-ccf7-4ae1-b368-88d83e75119e:192.168.151.72:35336], old=null, confs=<EMPTY_MAP>
2019-09-17 13:47:47,590 [pool-52-thread-1] INFO  server.RaftServerConfigKeys (ConfUtils.java:logGet(43)) - raft.server.storage.dir = [/workdir/hadoop-ozone/integration-test/target/test-dir/MiniOzoneClusterImpl-daa7203c-c96a-4121-bc5d-8329609dc0cb/datanode-2/data/ratis] (custom)
2019-09-17 13:47:47,594 [pool-52-thread-1] INFO  storage.RaftStorageDirectory (RaftStorageDirectory.java:analyzeStorage(246)) - The storage directory /workdir/hadoop-ozone/integration-test/target/test-dir/MiniOzoneClusterImpl-daa7203c-c96a-4121-bc5d-8329609dc0cb/datanode-2/data/ratis/b2906ef4-0cc1-4eec-9358-1778ede7e77e does not exist. Creating ...
2019-09-17 13:47:47,621 [pool-52-thread-1] INFO  storage.RaftStorageDirectory (RaftStorageDirectory.java:tryLock(328)) - Lock on /workdir/hadoop-ozone/integration-test/target/test-dir/MiniOzoneClusterImpl-daa7203c-c96a-4121-bc5d-8329609dc0cb/datanode-2/data/ratis/b2906ef4-0cc1-4eec-9358-1778ede7e77e/in_use.lock acquired by nodename 23554@pr-hdds-2137-trunk-f8w4d-2934045284
2019-09-17 13:47:47,621 [pool-62-thread-1] INFO  storage.RaftStorageDirectory (RaftStorageDirectory.java:tryLock(328)) - Lock on /workdir/hadoop-ozone/integration-test/target/test-dir/MiniOzoneClusterImpl-daa7203c-c96a-4121-bc5d-8329609dc0cb/datanode-3/data/ratis/b2906ef4-0cc1-4eec-9358-1778ede7e77e/in_use.lock acquired by nodename 23554@pr-hdds-2137-trunk-f8w4d-2934045284
2019-09-17 13:47:47,621 [pool-32-thread-1] INFO  storage.RaftStorageDirectory (RaftStorageDirectory.java:tryLock(328)) - Lock on /workdir/hadoop-ozone/integration-test/target/test-dir/MiniOzoneClusterImpl-daa7203c-c96a-4121-bc5d-8329609dc0cb/datanode-0/data/ratis/b2906ef4-0cc1-4eec-9358-1778ede7e77e/in_use.lock acquired by nodename 23554@pr-hdds-2137-trunk-f8w4d-2934045284
2019-09-17 13:47:47,647 [pool-52-thread-1] INFO  storage.RaftStorage (RaftStorage.java:format(72)) - Storage directory /workdir/hadoop-ozone/integration-test/target/test-dir/MiniOzoneClusterImpl-daa7203c-c96a-4121-bc5d-8329609dc0cb/datanode-2/data/ratis/b2906ef4-0cc1-4eec-9358-1778ede7e77e has been successfully formatted.
2019-09-17 13:47:47,647 [pool-32-thread-1] INFO  storage.RaftStorage (RaftStorage.java:format(72)) - Storage directory /workdir/hadoop-ozone/integration-test/target/test-dir/MiniOzoneClusterImpl-daa7203c-c96a-4121-bc5d-8329609dc0cb/datanode-0/data/ratis/b2906ef4-0cc1-4eec-9358-1778ede7e77e has been successfully formatted.
2019-09-17 13:47:47,647 [pool-62-thread-1] INFO  storage.RaftStorage (RaftStorage.java:format(72)) - Storage directory /workdir/hadoop-ozone/integration-test/target/test-dir/MiniOzoneClusterImpl-daa7203c-c96a-4121-bc5d-8329609dc0cb/datanode-3/data/ratis/b2906ef4-0cc1-4eec-9358-1778ede7e77e has been successfully formatted.
2019-09-17 13:47:47,648 [pool-32-thread-1] INFO  ratis.ContainerStateMachine (ContainerStateMachine.java:loadSnapshot(230)) - group-1778EDE7E77E: The snapshot info is null. Setting the last applied indexto:(t:0, i:~)
2019-09-17 13:47:47,647 [pool-52-thread-1] INFO  ratis.ContainerStateMachine (ContainerStateMachine.java:loadSnapshot(230)) - group-1778EDE7E77E: The snapshot info is null. Setting the last applied indexto:(t:0, i:~)
2019-09-17 13:47:47,648 [pool-32-thread-1] INFO  server.RaftServerConfigKeys (ConfUtils.java:logGet(43)) - raft.server.notification.no-leader.timeout = 120s (custom)
2019-09-17 13:47:47,648 [pool-62-thread-1] INFO  ratis.ContainerStateMachine (ContainerStateMachine.java:loadSnapshot(230)) - group-1778EDE7E77E: The snapshot info is null. Setting the last applied indexto:(t:0, i:~)
2019-09-17 13:47:47,648 [pool-32-thread-1] INFO  server.RaftServerConfigKeys (ConfUtils.java:logGet(43)) - raft.server.log.use.memory = false (default)
2019-09-17 13:47:47,648 [pool-52-thread-1] INFO  server.RaftServerConfigKeys (ConfUtils.java:logGet(43)) - raft.server.notification.no-leader.timeout = 120s (custom)
2019-09-17 13:47:47,649 [pool-32-thread-1] INFO  server.RaftServerConfigKeys (ConfUtils.java:logGet(43)) - raft.server.log.purge.gap = 1000000 (custom)
2019-09-17 13:47:47,648 [pool-62-thread-1] INFO  server.RaftServerConfigKeys (ConfUtils.java:logGet(43)) - raft.server.notification.no-leader.timeout = 120s (custom)
2019-09-17 13:47:47,649 [pool-32-thread-1] INFO  server.RaftServerConfigKeys (ConfUtils.java:logGet(43)) - raft.server.log.appender.buffer.byte-limit = 33554432 (custom)
2019-09-17 13:47:47,649 [pool-52-thread-1] INFO  server.RaftServerConfigKeys (ConfUtils.java:logGet(43)) - raft.server.log.use.memory = false (default)
2019-09-17 13:47:47,649 [pool-32-thread-1] INFO  server.RaftServerConfigKeys (ConfUtils.java:logGet(43)) - raft.server.log.segment.size.max = 1048576 (custom)
2019-09-17 13:47:47,649 [pool-62-thread-1] INFO  server.RaftServerConfigKeys (ConfUtils.java:logGet(43)) - raft.server.log.use.memory = false (default)
2019-09-17 13:47:47,650 [pool-32-thread-1] INFO  server.RaftServerConfigKeys (ConfUtils.java:logGet(43)) - raft.server.log.segment.cache.num.max = 2 (custom)
2019-09-17 13:47:47,649 [pool-52-thread-1] INFO  server.RaftServerConfigKeys (ConfUtils.java:logGet(43)) - raft.server.log.purge.gap = 1000000 (custom)
2019-09-17 13:47:47,650 [pool-32-thread-1] INFO  segmented.SegmentedRaftLogWorker (SegmentedRaftLogWorker.java:<init>(172)) - new 036b7aee-ccf7-4ae1-b368-88d83e75119e@group-1778EDE7E77E-SegmentedRaftLogWorker for RaftStorage:Storage Directory /workdir/hadoop-ozone/integration-test/target/test-dir/MiniOzoneClusterImpl-daa7203c-c96a-4121-bc5d-8329609dc0cb/datanode-0/data/ratis/b2906ef4-0cc1-4eec-9358-1778ede7e77e
2019-09-17 13:47:47,650 [pool-62-thread-1] INFO  server.RaftServerConfigKeys (ConfUtils.java:logGet(43)) - raft.server.log.purge.gap = 1000000 (custom)
2019-09-17 13:47:47,650 [pool-32-thread-1] INFO  server.RaftServerConfigKeys (ConfUtils.java:logGet(43)) - raft.server.log.queue.byte-limit = 2147483647 (custom)
2019-09-17 13:47:47,650 [pool-52-thread-1] INFO  server.RaftServerConfigKeys (ConfUtils.java:logGet(43)) - raft.server.log.appender.buffer.byte-limit = 33554432 (custom)
2019-09-17 13:47:47,651 [pool-32-thread-1] INFO  server.RaftServerConfigKeys (ConfUtils.java:logGet(43)) - raft.server.log.queue.element-limit = 1024 (custom)
2019-09-17 13:47:47,650 [pool-62-thread-1] INFO  server.RaftServerConfigKeys (ConfUtils.java:logGet(43)) - raft.server.log.appender.buffer.byte-limit = 33554432 (custom)
2019-09-17 13:47:47,651 [pool-32-thread-1] INFO  server.RaftServerConfigKeys (ConfUtils.java:logGet(43)) - raft.server.log.segment.size.max = 1048576 (custom)
2019-09-17 13:47:47,651 [pool-52-thread-1] INFO  server.RaftServerConfigKeys (ConfUtils.java:logGet(43)) - raft.server.log.segment.size.max = 1048576 (custom)
2019-09-17 13:47:47,651 [pool-32-thread-1] INFO  server.RaftServerConfigKeys (ConfUtils.java:logGet(43)) - raft.server.log.preallocated.size = 16384 (custom)
2019-09-17 13:47:47,651 [pool-62-thread-1] INFO  server.RaftServerConfigKeys (ConfUtils.java:logGet(43)) - raft.server.log.segment.size.max = 1048576 (custom)
2019-09-17 13:47:47,652 [pool-32-thread-1] INFO  server.RaftServerConfigKeys (ConfUtils.java:logGet(43)) - raft.server.log.write.buffer.size = 33554432 (custom)
2019-09-17 13:47:47,652 [pool-52-thread-1] INFO  server.RaftServerConfigKeys (ConfUtils.java:logGet(43)) - raft.server.log.segment.cache.num.max = 2 (custom)
2019-09-17 13:47:47,652 [pool-32-thread-1] INFO  server.RaftServerConfigKeys (ConfUtils.java:logGet(43)) - raft.server.log.force.sync.num = 128 (default)
2019-09-17 13:47:47,652 [pool-62-thread-1] INFO  server.RaftServerConfigKeys (ConfUtils.java:logGet(43)) - raft.server.log.segment.cache.num.max = 2 (custom)
2019-09-17 13:47:47,652 [pool-32-thread-1] INFO  server.RaftServerConfigKeys (ConfUtils.java:logGet(43)) - raft.server.log.statemachine.data.sync = true (default)
2019-09-17 13:47:47,652 [pool-52-thread-1] INFO  segmented.SegmentedRaftLogWorker (SegmentedRaftLogWorker.java:<init>(172)) - new 235158f5-a152-43ec-a631-d9bc5f7bf1ec@group-1778EDE7E77E-SegmentedRaftLogWorker for RaftStorage:Storage Directory /workdir/hadoop-ozone/integration-test/target/test-dir/MiniOzoneClusterImpl-daa7203c-c96a-4121-bc5d-8329609dc0cb/datanode-2/data/ratis/b2906ef4-0cc1-4eec-9358-1778ede7e77e
2019-09-17 13:47:47,653 [pool-32-thread-1] INFO  server.RaftServerConfigKeys (ConfUtils.java:logGet(43)) - raft.server.log.statemachine.data.sync.timeout = 10s (default)
2019-09-17 13:47:47,653 [pool-62-thread-1] INFO  segmented.SegmentedRaftLogWorker (SegmentedRaftLogWorker.java:<init>(172)) - new bd9bcf24-0b26-40d6-a14c-93656b7d1dfd@group-1778EDE7E77E-SegmentedRaftLogWorker for RaftStorage:Storage Directory /workdir/hadoop-ozone/integration-test/target/test-dir/MiniOzoneClusterImpl-daa7203c-c96a-4121-bc5d-8329609dc0cb/datanode-3/data/ratis/b2906ef4-0cc1-4eec-9358-1778ede7e77e
2019-09-17 13:47:47,653 [pool-32-thread-1] INFO  server.RaftServerConfigKeys (ConfUtils.java:logGet(43)) - raft.server.log.statemachine.data.sync.timeout.retry = -1 (default)
2019-09-17 13:47:47,653 [pool-52-thread-1] INFO  server.RaftServerConfigKeys (ConfUtils.java:logGet(43)) - raft.server.log.queue.byte-limit = 2147483647 (custom)
2019-09-17 13:47:47,654 [pool-32-thread-1] INFO  server.RaftServerConfigKeys (ConfUtils.java:logGet(43)) - raft.server.log.statemachine.data.caching.enabled = true (custom)
2019-09-17 13:47:47,653 [pool-62-thread-1] INFO  server.RaftServerConfigKeys (ConfUtils.java:logGet(43)) - raft.server.log.queue.byte-limit = 2147483647 (custom)
2019-09-17 13:47:47,654 [pool-52-thread-1] INFO  server.RaftServerConfigKeys (ConfUtils.java:logGet(43)) - raft.server.log.queue.element-limit = 1024 (custom)
2019-09-17 13:47:47,654 [pool-62-thread-1] INFO  server.RaftServerConfigKeys (ConfUtils.java:logGet(43)) - raft.server.log.queue.element-limit = 1024 (custom)
2019-09-17 13:47:47,654 [pool-52-thread-1] INFO  server.RaftServerConfigKeys (ConfUtils.java:logGet(43)) - raft.server.log.segment.size.max = 1048576 (custom)
2019-09-17 13:47:47,654 [pool-32-thread-1] INFO  segmented.SegmentedRaftLogWorker (SegmentedRaftLogWorker.java:lambda$new$0(132)) - 036b7aee-ccf7-4ae1-b368-88d83e75119e@group-1778EDE7E77E-SegmentedRaftLogWorker: flushIndex: setUnconditionally 0 -> -1
2019-09-17 13:47:47,654 [pool-52-thread-1] INFO  server.RaftServerConfigKeys (ConfUtils.java:logGet(43)) - raft.server.log.preallocated.size = 16384 (custom)
2019-09-17 13:47:47,654 [pool-62-thread-1] INFO  server.RaftServerConfigKeys (ConfUtils.java:logGet(43)) - raft.server.log.segment.size.max = 1048576 (custom)
2019-09-17 13:47:47,655 [pool-32-thread-1] INFO  server.RaftServerConfigKeys (ConfUtils.java:logGet(43)) - raft.server.snapshot.auto.trigger.enabled = true (custom)
2019-09-17 13:47:47,655 [pool-52-thread-1] INFO  server.RaftServerConfigKeys (ConfUtils.java:logGet(43)) - raft.server.log.write.buffer.size = 33554432 (custom)
2019-09-17 13:47:47,655 [pool-32-thread-1] INFO  server.RaftServerConfigKeys (ConfUtils.java:logGet(43)) - raft.server.snapshot.auto.trigger.threshold = 10000 (custom)
2019-09-17 13:47:47,655 [pool-62-thread-1] INFO  server.RaftServerConfigKeys (ConfUtils.java:logGet(43)) - raft.server.log.preallocated.size = 16384 (custom)
2019-09-17 13:47:47,655 [pool-32-thread-1] INFO  server.RaftServerConfigKeys (ConfUtils.java:logGet(43)) - raft.server.snapshot.retention.num.files = 5 (custom)
2019-09-17 13:47:47,655 [pool-52-thread-1] INFO  server.RaftServerConfigKeys (ConfUtils.java:logGet(43)) - raft.server.log.force.sync.num = 128 (default)
2019-09-17 13:47:47,656 [pool-62-thread-1] INFO  server.RaftServerConfigKeys (ConfUtils.java:logGet(43)) - raft.server.log.write.buffer.size = 33554432 (custom)
2019-09-17 13:47:47,656 [pool-52-thread-1] INFO  server.RaftServerConfigKeys (ConfUtils.java:logGet(43)) - raft.server.log.statemachine.data.sync = true (default)
2019-09-17 13:47:47,656 [pool-32-thread-1] INFO  server.RaftServerConfigKeys (ConfUtils.java:logGet(43)) - raft.server.retrycache.expirytime = 600000ms (custom)
2019-09-17 13:47:47,656 [pool-52-thread-1] INFO  server.RaftServerConfigKeys (ConfUtils.java:logGet(43)) - raft.server.log.statemachine.data.sync.timeout = 10s (default)
2019-09-17 13:47:47,656 [pool-62-thread-1] INFO  server.RaftServerConfigKeys (ConfUtils.java:logGet(43)) - raft.server.log.force.sync.num = 128 (default)
2019-09-17 13:47:47,657 [pool-52-thread-1] INFO  server.RaftServerConfigKeys (ConfUtils.java:logGet(43)) - raft.server.log.statemachine.data.sync.timeout.retry = -1 (default)
2019-09-17 13:47:47,657 [pool-62-thread-1] INFO  server.RaftServerConfigKeys (ConfUtils.java:logGet(43)) - raft.server.log.statemachine.data.sync = true (default)
2019-09-17 13:47:47,657 [pool-52-thread-1] INFO  server.RaftServerConfigKeys (ConfUtils.java:logGet(43)) - raft.server.log.statemachine.data.caching.enabled = true (custom)
2019-09-17 13:47:47,657 [pool-62-thread-1] INFO  server.RaftServerConfigKeys (ConfUtils.java:logGet(43)) - raft.server.log.statemachine.data.sync.timeout = 10s (default)
2019-09-17 13:47:47,657 [pool-62-thread-1] INFO  server.RaftServerConfigKeys (ConfUtils.java:logGet(43)) - raft.server.log.statemachine.data.sync.timeout.retry = -1 (default)
2019-09-17 13:47:47,657 [pool-52-thread-1] INFO  segmented.SegmentedRaftLogWorker (SegmentedRaftLogWorker.java:lambda$new$0(132)) - 235158f5-a152-43ec-a631-d9bc5f7bf1ec@group-1778EDE7E77E-SegmentedRaftLogWorker: flushIndex: setUnconditionally 0 -> -1
2019-09-17 13:47:47,658 [pool-62-thread-1] INFO  server.RaftServerConfigKeys (ConfUtils.java:logGet(43)) - raft.server.log.statemachine.data.caching.enabled = true (custom)
2019-09-17 13:47:47,658 [pool-52-thread-1] INFO  server.RaftServerConfigKeys (ConfUtils.java:logGet(43)) - raft.server.snapshot.auto.trigger.enabled = true (custom)
2019-09-17 13:47:47,658 [pool-62-thread-1] INFO  segmented.SegmentedRaftLogWorker (SegmentedRaftLogWorker.java:lambda$new$0(132)) - bd9bcf24-0b26-40d6-a14c-93656b7d1dfd@group-1778EDE7E77E-SegmentedRaftLogWorker: flushIndex: setUnconditionally 0 -> -1
2019-09-17 13:47:47,658 [pool-52-thread-1] INFO  server.RaftServerConfigKeys (ConfUtils.java:logGet(43)) - raft.server.snapshot.auto.trigger.threshold = 10000 (custom)
2019-09-17 13:47:47,658 [pool-52-thread-1] INFO  server.RaftServerConfigKeys (ConfUtils.java:logGet(43)) - raft.server.snapshot.retention.num.files = 5 (custom)
2019-09-17 13:47:47,658 [pool-62-thread-1] INFO  server.RaftServerConfigKeys (ConfUtils.java:logGet(43)) - raft.server.snapshot.auto.trigger.enabled = true (custom)
2019-09-17 13:47:47,659 [pool-52-thread-1] INFO  server.RaftServerConfigKeys (ConfUtils.java:logGet(43)) - raft.server.retrycache.expirytime = 600000ms (custom)
2019-09-17 13:47:47,659 [pool-62-thread-1] INFO  server.RaftServerConfigKeys (ConfUtils.java:logGet(43)) - raft.server.snapshot.auto.trigger.threshold = 10000 (custom)
2019-09-17 13:47:47,659 [pool-62-thread-1] INFO  server.RaftServerConfigKeys (ConfUtils.java:logGet(43)) - raft.server.snapshot.retention.num.files = 5 (custom)
2019-09-17 13:47:47,659 [pool-62-thread-1] INFO  server.RaftServerConfigKeys (ConfUtils.java:logGet(43)) - raft.server.retrycache.expirytime = 600000ms (custom)
2019-09-17 13:47:47,660 [pool-32-thread-1] INFO  impl.RaftServerImpl (RaftServerImpl.java:start(185)) - 036b7aee-ccf7-4ae1-b368-88d83e75119e@group-1778EDE7E77E: start as a follower, conf=-1: [bd9bcf24-0b26-40d6-a14c-93656b7d1dfd:192.168.151.72:42009, 235158f5-a152-43ec-a631-d9bc5f7bf1ec:192.168.151.72:41830, 036b7aee-ccf7-4ae1-b368-88d83e75119e:192.168.151.72:35336], old=null
2019-09-17 13:47:47,660 [pool-32-thread-1] INFO  impl.RaftServerImpl (RaftServerImpl.java:setRole(174)) - 036b7aee-ccf7-4ae1-b368-88d83e75119e@group-1778EDE7E77E: changes role from      null to FOLLOWER at term 0 for startAsFollower
2019-09-17 13:47:47,660 [pool-32-thread-1] INFO  impl.RoleInfo (RoleInfo.java:updateAndGet(143)) - 036b7aee-ccf7-4ae1-b368-88d83e75119e: start FollowerState
2019-09-17 13:47:47,661 [pool-32-thread-1] INFO  util.JmxRegister (JmxRegister.java:tryRegister(44)) - Successfully registered JMX Bean with object name Ratis:service=RaftServer,group=group-1778EDE7E77E,id=036b7aee-ccf7-4ae1-b368-88d83e75119e
2019-09-17 13:47:47,664 [pool-52-thread-1] INFO  impl.RaftServerImpl (RaftServerImpl.java:start(185)) - 235158f5-a152-43ec-a631-d9bc5f7bf1ec@group-1778EDE7E77E: start as a follower, conf=-1: [bd9bcf24-0b26-40d6-a14c-93656b7d1dfd:192.168.151.72:42009, 235158f5-a152-43ec-a631-d9bc5f7bf1ec:192.168.151.72:41830, 036b7aee-ccf7-4ae1-b368-88d83e75119e:192.168.151.72:35336], old=null
2019-09-17 13:47:47,664 [pool-52-thread-1] INFO  impl.RaftServerImpl (RaftServerImpl.java:setRole(174)) - 235158f5-a152-43ec-a631-d9bc5f7bf1ec@group-1778EDE7E77E: changes role from      null to FOLLOWER at term 0 for startAsFollower
2019-09-17 13:47:47,665 [pool-62-thread-1] INFO  impl.RaftServerImpl (RaftServerImpl.java:start(185)) - bd9bcf24-0b26-40d6-a14c-93656b7d1dfd@group-1778EDE7E77E: start as a follower, conf=-1: [bd9bcf24-0b26-40d6-a14c-93656b7d1dfd:192.168.151.72:42009, 235158f5-a152-43ec-a631-d9bc5f7bf1ec:192.168.151.72:41830, 036b7aee-ccf7-4ae1-b368-88d83e75119e:192.168.151.72:35336], old=null
2019-09-17 13:47:47,666 [pool-52-thread-1] INFO  impl.RoleInfo (RoleInfo.java:updateAndGet(143)) - 235158f5-a152-43ec-a631-d9bc5f7bf1ec: start FollowerState
2019-09-17 13:47:47,666 [pool-62-thread-1] INFO  impl.RaftServerImpl (RaftServerImpl.java:setRole(174)) - bd9bcf24-0b26-40d6-a14c-93656b7d1dfd@group-1778EDE7E77E: changes role from      null to FOLLOWER at term 0 for startAsFollower
2019-09-17 13:47:47,666 [pool-62-thread-1] INFO  impl.RoleInfo (RoleInfo.java:updateAndGet(143)) - bd9bcf24-0b26-40d6-a14c-93656b7d1dfd: start FollowerState
2019-09-17 13:47:47,667 [pool-52-thread-1] INFO  util.JmxRegister (JmxRegister.java:tryRegister(44)) - Successfully registered JMX Bean with object name Ratis:service=RaftServer,group=group-1778EDE7E77E,id=235158f5-a152-43ec-a631-d9bc5f7bf1ec
2019-09-17 13:47:47,668 [pool-62-thread-1] INFO  util.JmxRegister (JmxRegister.java:tryRegister(44)) - Successfully registered JMX Bean with object name Ratis:service=RaftServer,group=group-1778EDE7E77E,id=bd9bcf24-0b26-40d6-a14c-93656b7d1dfd
2019-09-17 13:47:47,695 [RatisPipelineUtilsThread] INFO  pipeline.PipelineStateManager (PipelineStateManager.java:addPipeline(56)) - Created pipeline Pipeline[ Id: b2906ef4-0cc1-4eec-9358-1778ede7e77e, Nodes: 235158f5-a152-43ec-a631-d9bc5f7bf1ec{ip: 192.168.151.72, host: pr-hdds-2137-trunk-f8w4d-2934045284, networkLocation: /rack1, certSerialId: null}bd9bcf24-0b26-40d6-a14c-93656b7d1dfd{ip: 192.168.151.72, host: pr-hdds-2137-trunk-f8w4d-2934045284, networkLocation: /rack1, certSerialId: null}036b7aee-ccf7-4ae1-b368-88d83e75119e{ip: 192.168.151.72, host: pr-hdds-2137-trunk-f8w4d-2934045284, networkLocation: /rack1, certSerialId: null}, Type:RATIS, Factor:THREE, State:OPEN]
2019-09-17 13:47:47,767 [main] INFO  ozone.MiniOzoneClusterImpl (MiniOzoneClusterImpl.java:lambda$waitForClusterToBeReady$0(145)) - Cluster is ready. Got 4 of 4 DN Heartbeats.
2019-09-17 13:47:48,432 [Thread-223] INFO  rpc.RpcClient (RpcClient.java:createVolume(302)) - Creating Volume: 5e5f194f-be6c-4014-b54c-d4f47d6c6c44, with jenkins1000 as owner.
2019-09-17 13:47:48,903 [OM StateMachine ApplyTransaction Thread - 0] INFO  volume.OMVolumeCreateRequest (OMVolumeCreateRequest.java:validateAndUpdateCache(189)) - created volume:5e5f194f-be6c-4014-b54c-d4f47d6c6c44 for user:jenkins1000
2019-09-17 13:47:48,943 [Thread-223] INFO  rpc.RpcClient (RpcClient.java:createBucket(441)) - Creating Bucket: 5e5f194f-be6c-4014-b54c-d4f47d6c6c44/a039abc0-040a-4420-bc43-a3cfd0c3a626, with Versioning false and Storage Type set to DISK and Encryption set to false 
2019-09-17 13:47:49,155 [Thread-223] INFO  impl.MetricsSystemImpl (MetricsSystemImpl.java:init(158)) - XceiverClientMetrics metrics system started (again)
2019-09-17 13:47:49,267 [grpc-default-executor-0] INFO  client.GrpcClientProtocolClient (GrpcClientProtocolClient.java:onNext(264)) - client-DD5CC30BC133->235158f5-a152-43ec-a631-d9bc5f7bf1ec: receive RaftClientReply:client-DD5CC30BC133->235158f5-a152-43ec-a631-d9bc5f7bf1ec@group-1778EDE7E77E, cid=7, FAILED org.apache.ratis.protocol.NotLeaderException: Server 235158f5-a152-43ec-a631-d9bc5f7bf1ec@group-1778EDE7E77E is not the leader, logIndex=0, commits[235158f5-a152-43ec-a631-d9bc5f7bf1ec:c-1]
2019-09-17 13:47:49,578 [Thread-198] INFO  container.ReplicationManager (ReplicationManager.java:start(162)) - Starting Replication Monitor Thread.
2019-09-17 13:47:49,582 [ReplicationMonitor] INFO  container.ReplicationManager (ReplicationManager.java:run(225)) - Replication Monitor Thread took 3 milliseconds for processing 1 containers.
2019-09-17 13:47:50,302 [grpc-default-executor-2] INFO  client.GrpcClientProtocolClient (GrpcClientProtocolClient.java:onNext(264)) - client-DD5CC30BC133->036b7aee-ccf7-4ae1-b368-88d83e75119e: receive RaftClientReply:client-DD5CC30BC133->036b7aee-ccf7-4ae1-b368-88d83e75119e@group-1778EDE7E77E, cid=7, FAILED org.apache.ratis.protocol.NotLeaderException: Server 036b7aee-ccf7-4ae1-b368-88d83e75119e@group-1778EDE7E77E is not the leader, logIndex=0, commits[036b7aee-ccf7-4ae1-b368-88d83e75119e:c-1]
2019-09-17 13:47:51,343 [grpc-default-executor-2] INFO  client.GrpcClientProtocolClient (GrpcClientProtocolClient.java:onNext(264)) - client-DD5CC30BC133->bd9bcf24-0b26-40d6-a14c-93656b7d1dfd: receive RaftClientReply:client-DD5CC30BC133->bd9bcf24-0b26-40d6-a14c-93656b7d1dfd@group-1778EDE7E77E, cid=7, FAILED org.apache.ratis.protocol.NotLeaderException: Server bd9bcf24-0b26-40d6-a14c-93656b7d1dfd@group-1778EDE7E77E is not the leader, logIndex=0, commits[bd9bcf24-0b26-40d6-a14c-93656b7d1dfd:c-1]
2019-09-17 13:47:52,371 [grpc-default-executor-2] INFO  client.GrpcClientProtocolClient (GrpcClientProtocolClient.java:onNext(264)) - client-DD5CC30BC133->036b7aee-ccf7-4ae1-b368-88d83e75119e: receive RaftClientReply:client-DD5CC30BC133->036b7aee-ccf7-4ae1-b368-88d83e75119e@group-1778EDE7E77E, cid=7, FAILED org.apache.ratis.protocol.NotLeaderException: Server 036b7aee-ccf7-4ae1-b368-88d83e75119e@group-1778EDE7E77E is not the leader, logIndex=0, commits[036b7aee-ccf7-4ae1-b368-88d83e75119e:c-1]
2019-09-17 13:47:52,396 [Thread-200] INFO  impl.FollowerState (FollowerState.java:run(106)) - 036b7aee-ccf7-4ae1-b368-88d83e75119e:group-F692B52BFFDA changes to CANDIDATE, lastRpcTime:5198, electionTimeout:5198ms
2019-09-17 13:47:52,399 [Thread-200] INFO  impl.RoleInfo (RoleInfo.java:shutdownFollowerState(121)) - 036b7aee-ccf7-4ae1-b368-88d83e75119e: shutdown FollowerState
2019-09-17 13:47:52,399 [Thread-200] INFO  impl.RaftServerImpl (RaftServerImpl.java:setRole(174)) - 036b7aee-ccf7-4ae1-b368-88d83e75119e@group-F692B52BFFDA: changes role from  FOLLOWER to CANDIDATE at term 0 for changeToCandidate
2019-09-17 13:47:52,400 [Thread-200] INFO  impl.RoleInfo (RoleInfo.java:updateAndGet(143)) - 036b7aee-ccf7-4ae1-b368-88d83e75119e: start LeaderElection
2019-09-17 13:47:52,504 [Thread-206] INFO  impl.FollowerState (FollowerState.java:run(106)) - bd9bcf24-0b26-40d6-a14c-93656b7d1dfd:group-A156C5F90615 changes to CANDIDATE, lastRpcTime:5042, electionTimeout:5042ms
2019-09-17 13:47:52,504 [Thread-206] INFO  impl.RoleInfo (RoleInfo.java:shutdownFollowerState(121)) - bd9bcf24-0b26-40d6-a14c-93656b7d1dfd: shutdown FollowerState
2019-09-17 13:47:52,504 [Thread-206] INFO  impl.RaftServerImpl (RaftServerImpl.java:setRole(174)) - bd9bcf24-0b26-40d6-a14c-93656b7d1dfd@group-A156C5F90615: changes role from  FOLLOWER to CANDIDATE at term 0 for changeToCandidate
2019-09-17 13:47:52,505 [Thread-206] INFO  impl.RoleInfo (RoleInfo.java:updateAndGet(143)) - bd9bcf24-0b26-40d6-a14c-93656b7d1dfd: start LeaderElection
2019-09-17 13:47:52,540 [Thread-209] INFO  impl.FollowerState (FollowerState.java:run(106)) - e374ed08-8383-4f83-a5b3-a6f9f92a9e17:group-291CB2966E07 changes to CANDIDATE, lastRpcTime:5008, electionTimeout:5008ms
2019-09-17 13:47:52,541 [Thread-209] INFO  impl.RoleInfo (RoleInfo.java:shutdownFollowerState(121)) - e374ed08-8383-4f83-a5b3-a6f9f92a9e17: shutdown FollowerState
2019-09-17 13:47:52,541 [Thread-209] INFO  impl.RaftServerImpl (RaftServerImpl.java:setRole(174)) - e374ed08-8383-4f83-a5b3-a6f9f92a9e17@group-291CB2966E07: changes role from  FOLLOWER to CANDIDATE at term 0 for changeToCandidate
2019-09-17 13:47:52,541 [Thread-209] INFO  impl.RoleInfo (RoleInfo.java:updateAndGet(143)) - e374ed08-8383-4f83-a5b3-a6f9f92a9e17: start LeaderElection
2019-09-17 13:47:52,564 [Thread-203] INFO  impl.FollowerState (FollowerState.java:run(106)) - 235158f5-a152-43ec-a631-d9bc5f7bf1ec:group-E6429B736CFB changes to CANDIDATE, lastRpcTime:5194, electionTimeout:5194ms
2019-09-17 13:47:52,565 [Thread-203] INFO  impl.RoleInfo (RoleInfo.java:shutdownFollowerState(121)) - 235158f5-a152-43ec-a631-d9bc5f7bf1ec: shutdown FollowerState
2019-09-17 13:47:52,565 [Thread-203] INFO  impl.RaftServerImpl (RaftServerImpl.java:setRole(174)) - 235158f5-a152-43ec-a631-d9bc5f7bf1ec@group-E6429B736CFB: changes role from  FOLLOWER to CANDIDATE at term 0 for changeToCandidate
2019-09-17 13:47:52,565 [Thread-203] INFO  impl.RoleInfo (RoleInfo.java:updateAndGet(143)) - 235158f5-a152-43ec-a631-d9bc5f7bf1ec: start LeaderElection
2019-09-17 13:47:52,688 [Thread-214] INFO  impl.FollowerState (FollowerState.java:run(106)) - 036b7aee-ccf7-4ae1-b368-88d83e75119e:group-1778EDE7E77E changes to CANDIDATE, lastRpcTime:5027, electionTimeout:5027ms
2019-09-17 13:47:52,689 [Thread-214] INFO  impl.RoleInfo (RoleInfo.java:shutdownFollowerState(121)) - 036b7aee-ccf7-4ae1-b368-88d83e75119e: shutdown FollowerState
2019-09-17 13:47:52,689 [Thread-214] INFO  impl.RaftServerImpl (RaftServerImpl.java:setRole(174)) - 036b7aee-ccf7-4ae1-b368-88d83e75119e@group-1778EDE7E77E: changes role from  FOLLOWER to CANDIDATE at term 0 for changeToCandidate
2019-09-17 13:47:52,690 [Thread-214] INFO  impl.RoleInfo (RoleInfo.java:updateAndGet(143)) - 036b7aee-ccf7-4ae1-b368-88d83e75119e: start LeaderElection
2019-09-17 13:47:52,715 [Thread-217] INFO  impl.FollowerState (FollowerState.java:run(106)) - bd9bcf24-0b26-40d6-a14c-93656b7d1dfd:group-1778EDE7E77E changes to CANDIDATE, lastRpcTime:5048, electionTimeout:5047ms
2019-09-17 13:47:52,715 [Thread-217] INFO  impl.RoleInfo (RoleInfo.java:shutdownFollowerState(121)) - bd9bcf24-0b26-40d6-a14c-93656b7d1dfd: shutdown FollowerState
2019-09-17 13:47:52,715 [Thread-217] INFO  impl.RaftServerImpl (RaftServerImpl.java:setRole(174)) - bd9bcf24-0b26-40d6-a14c-93656b7d1dfd@group-1778EDE7E77E: changes role from  FOLLOWER to CANDIDATE at term 0 for changeToCandidate
2019-09-17 13:47:52,716 [Thread-217] INFO  impl.RoleInfo (RoleInfo.java:updateAndGet(143)) - bd9bcf24-0b26-40d6-a14c-93656b7d1dfd: start LeaderElection
2019-09-17 13:47:52,738 [Thread-216] INFO  impl.FollowerState (FollowerState.java:run(106)) - 235158f5-a152-43ec-a631-d9bc5f7bf1ec:group-1778EDE7E77E changes to CANDIDATE, lastRpcTime:5072, electionTimeout:5070ms
2019-09-17 13:47:52,738 [Thread-216] INFO  impl.RoleInfo (RoleInfo.java:shutdownFollowerState(121)) - 235158f5-a152-43ec-a631-d9bc5f7bf1ec: shutdown FollowerState
2019-09-17 13:47:52,738 [Thread-216] INFO  impl.RaftServerImpl (RaftServerImpl.java:setRole(174)) - 235158f5-a152-43ec-a631-d9bc5f7bf1ec@group-1778EDE7E77E: changes role from  FOLLOWER to CANDIDATE at term 0 for changeToCandidate
2019-09-17 13:47:52,739 [Thread-216] INFO  impl.RoleInfo (RoleInfo.java:updateAndGet(143)) - 235158f5-a152-43ec-a631-d9bc5f7bf1ec: start LeaderElection
2019-09-17 13:47:53,399 [grpc-default-executor-0] INFO  client.GrpcClientProtocolClient (GrpcClientProtocolClient.java:onNext(264)) - client-DD5CC30BC133->bd9bcf24-0b26-40d6-a14c-93656b7d1dfd: receive RaftClientReply:client-DD5CC30BC133->bd9bcf24-0b26-40d6-a14c-93656b7d1dfd@group-1778EDE7E77E, cid=7, FAILED org.apache.ratis.protocol.NotLeaderException: Server bd9bcf24-0b26-40d6-a14c-93656b7d1dfd@group-1778EDE7E77E is not the leader, logIndex=0, commits[bd9bcf24-0b26-40d6-a14c-93656b7d1dfd:c-1]
2019-09-17 13:47:54,116 [036b7aee-ccf7-4ae1-b368-88d83e75119e@group-F692B52BFFDA:LeaderElection2] INFO  impl.LeaderElection (LeaderElection.java:askForVotes(182)) - 036b7aee-ccf7-4ae1-b368-88d83e75119e@group-F692B52BFFDA:LeaderElection2: begin an election at term 1 for -1: [036b7aee-ccf7-4ae1-b368-88d83e75119e:192.168.151.72:35336], old=null
2019-09-17 13:47:54,118 [036b7aee-ccf7-4ae1-b368-88d83e75119e@group-F692B52BFFDA:LeaderElection2] INFO  impl.RoleInfo (RoleInfo.java:shutdownLeaderElection(134)) - 036b7aee-ccf7-4ae1-b368-88d83e75119e: shutdown LeaderElection
2019-09-17 13:47:54,119 [036b7aee-ccf7-4ae1-b368-88d83e75119e@group-F692B52BFFDA:LeaderElection2] INFO  impl.RaftServerImpl (RaftServerImpl.java:setRole(174)) - 036b7aee-ccf7-4ae1-b368-88d83e75119e@group-F692B52BFFDA: changes role from CANDIDATE to LEADER at term 1 for changeToLeader
2019-09-17 13:47:54,119 [036b7aee-ccf7-4ae1-b368-88d83e75119e@group-F692B52BFFDA:LeaderElection2] INFO  impl.RaftServerImpl (ServerState.java:setLeader(253)) - 036b7aee-ccf7-4ae1-b368-88d83e75119e@group-F692B52BFFDA: change Leader from null to 036b7aee-ccf7-4ae1-b368-88d83e75119e at term 1 for becomeLeader, leader elected after 6965ms
2019-09-17 13:47:54,119 [036b7aee-ccf7-4ae1-b368-88d83e75119e@group-F692B52BFFDA:LeaderElection2] INFO  server.RaftServerConfigKeys (ConfUtils.java:logGet(43)) - raft.server.staging.catchup.gap = 1000 (default)
2019-09-17 13:47:54,120 [036b7aee-ccf7-4ae1-b368-88d83e75119e@group-F692B52BFFDA:LeaderElection2] INFO  server.RaftServerConfigKeys (ConfUtils.java:logGet(43)) - raft.server.rpc.sleep.time = 25ms (default)
2019-09-17 13:47:54,120 [036b7aee-ccf7-4ae1-b368-88d83e75119e@group-F692B52BFFDA:LeaderElection2] INFO  server.RaftServerConfigKeys (ConfUtils.java:logGet(43)) - raft.server.write.element-limit = 4096 (default)
2019-09-17 13:47:54,120 [036b7aee-ccf7-4ae1-b368-88d83e75119e@group-F692B52BFFDA:LeaderElection2] INFO  server.RaftServerConfigKeys (ConfUtils.java:logGet(43)) - raft.server.watch.timeout = 10s (default)
2019-09-17 13:47:54,121 [036b7aee-ccf7-4ae1-b368-88d83e75119e@group-F692B52BFFDA:LeaderElection2] INFO  server.RaftServerConfigKeys (ConfUtils.java:logGet(43)) - raft.server.watch.timeout.denomination = 1s (default)
2019-09-17 13:47:54,121 [036b7aee-ccf7-4ae1-b368-88d83e75119e@group-F692B52BFFDA:LeaderElection2] INFO  server.RaftServerConfigKeys (ConfUtils.java:logGet(43)) - raft.server.watch.element-limit = 65536 (default)
2019-09-17 13:47:54,127 [036b7aee-ccf7-4ae1-b368-88d83e75119e@group-F692B52BFFDA:LeaderElection2] INFO  impl.RoleInfo (RoleInfo.java:updateAndGet(143)) - 036b7aee-ccf7-4ae1-b368-88d83e75119e: start LeaderState
2019-09-17 13:47:54,128 [036b7aee-ccf7-4ae1-b368-88d83e75119e@group-F692B52BFFDA:LeaderElection2] INFO  segmented.SegmentedRaftLogWorker (SegmentedRaftLogWorker.java:startLogSegment(380)) - 036b7aee-ccf7-4ae1-b368-88d83e75119e@group-F692B52BFFDA-SegmentedRaftLogWorker: Starting segment from index:0
2019-09-17 13:47:54,129 [036b7aee-ccf7-4ae1-b368-88d83e75119e@group-F692B52BFFDA:LeaderElection2] INFO  impl.RaftServerImpl (ServerState.java:setRaftConf(354)) - 036b7aee-ccf7-4ae1-b368-88d83e75119e@group-F692B52BFFDA: set configuration 0: [036b7aee-ccf7-4ae1-b368-88d83e75119e:192.168.151.72:35336], old=null at 0
2019-09-17 13:47:54,425 [grpc-default-executor-2] INFO  client.GrpcClientProtocolClient (GrpcClientProtocolClient.java:onNext(264)) - client-DD5CC30BC133->036b7aee-ccf7-4ae1-b368-88d83e75119e: receive RaftClientReply:client-DD5CC30BC133->036b7aee-ccf7-4ae1-b368-88d83e75119e@group-1778EDE7E77E, cid=7, FAILED org.apache.ratis.protocol.NotLeaderException: Server 036b7aee-ccf7-4ae1-b368-88d83e75119e@group-1778EDE7E77E is not the leader, logIndex=0, commits[036b7aee-ccf7-4ae1-b368-88d83e75119e:c-1]
2019-09-17 13:47:55,072 [e374ed08-8383-4f83-a5b3-a6f9f92a9e17@group-291CB2966E07:LeaderElection4] INFO  impl.LeaderElection (LeaderElection.java:askForVotes(182)) - e374ed08-8383-4f83-a5b3-a6f9f92a9e17@group-291CB2966E07:LeaderElection4: begin an election at term 1 for -1: [e374ed08-8383-4f83-a5b3-a6f9f92a9e17:192.168.151.72:46400], old=null
2019-09-17 13:47:55,072 [036b7aee-ccf7-4ae1-b368-88d83e75119e@group-1778EDE7E77E:LeaderElection6] INFO  impl.LeaderElection (LeaderElection.java:askForVotes(182)) - 036b7aee-ccf7-4ae1-b368-88d83e75119e@group-1778EDE7E77E:LeaderElection6: begin an election at term 1 for -1: [bd9bcf24-0b26-40d6-a14c-93656b7d1dfd:192.168.151.72:42009, 235158f5-a152-43ec-a631-d9bc5f7bf1ec:192.168.151.72:41830, 036b7aee-ccf7-4ae1-b368-88d83e75119e:192.168.151.72:35336], old=null
2019-09-17 13:47:55,072 [e374ed08-8383-4f83-a5b3-a6f9f92a9e17@group-291CB2966E07:LeaderElection4] INFO  impl.RoleInfo (RoleInfo.java:shutdownLeaderElection(134)) - e374ed08-8383-4f83-a5b3-a6f9f92a9e17: shutdown LeaderElection
2019-09-17 13:47:55,072 [235158f5-a152-43ec-a631-d9bc5f7bf1ec@group-E6429B736CFB:LeaderElection5] INFO  impl.LeaderElection (LeaderElection.java:askForVotes(182)) - 235158f5-a152-43ec-a631-d9bc5f7bf1ec@group-E6429B736CFB:LeaderElection5: begin an election at term 1 for -1: [235158f5-a152-43ec-a631-d9bc5f7bf1ec:192.168.151.72:41830], old=null
2019-09-17 13:47:55,072 [235158f5-a152-43ec-a631-d9bc5f7bf1ec@group-1778EDE7E77E:LeaderElection8] INFO  impl.LeaderElection (LeaderElection.java:askForVotes(182)) - 235158f5-a152-43ec-a631-d9bc5f7bf1ec@group-1778EDE7E77E:LeaderElection8: begin an election at term 1 for -1: [bd9bcf24-0b26-40d6-a14c-93656b7d1dfd:192.168.151.72:42009, 235158f5-a152-43ec-a631-d9bc5f7bf1ec:192.168.151.72:41830, 036b7aee-ccf7-4ae1-b368-88d83e75119e:192.168.151.72:35336], old=null
2019-09-17 13:47:55,072 [bd9bcf24-0b26-40d6-a14c-93656b7d1dfd@group-A156C5F90615:LeaderElection3] INFO  impl.LeaderElection (LeaderElection.java:askForVotes(182)) - bd9bcf24-0b26-40d6-a14c-93656b7d1dfd@group-A156C5F90615:LeaderElection3: begin an election at term 1 for -1: [bd9bcf24-0b26-40d6-a14c-93656b7d1dfd:192.168.151.72:42009], old=null
2019-09-17 13:47:55,072 [bd9bcf24-0b26-40d6-a14c-93656b7d1dfd@group-1778EDE7E77E:LeaderElection7] INFO  impl.LeaderElection (LeaderElection.java:askForVotes(182)) - bd9bcf24-0b26-40d6-a14c-93656b7d1dfd@group-1778EDE7E77E:LeaderElection7: begin an election at term 1 for -1: [bd9bcf24-0b26-40d6-a14c-93656b7d1dfd:192.168.151.72:42009, 235158f5-a152-43ec-a631-d9bc5f7bf1ec:192.168.151.72:41830, 036b7aee-ccf7-4ae1-b368-88d83e75119e:192.168.151.72:35336], old=null
2019-09-17 13:47:55,073 [bd9bcf24-0b26-40d6-a14c-93656b7d1dfd@group-A156C5F90615:LeaderElection3] INFO  impl.RoleInfo (RoleInfo.java:shutdownLeaderElection(134)) - bd9bcf24-0b26-40d6-a14c-93656b7d1dfd: shutdown LeaderElection
2019-09-17 13:47:55,073 [235158f5-a152-43ec-a631-d9bc5f7bf1ec@group-E6429B736CFB:LeaderElection5] INFO  impl.RoleInfo (RoleInfo.java:shutdownLeaderElection(134)) - 235158f5-a152-43ec-a631-d9bc5f7bf1ec: shutdown LeaderElection
2019-09-17 13:47:55,073 [e374ed08-8383-4f83-a5b3-a6f9f92a9e17@group-291CB2966E07:LeaderElection4] INFO  impl.RaftServerImpl (RaftServerImpl.java:setRole(174)) - e374ed08-8383-4f83-a5b3-a6f9f92a9e17@group-291CB2966E07: changes role from CANDIDATE to LEADER at term 1 for changeToLeader
2019-09-17 13:47:55,074 [235158f5-a152-43ec-a631-d9bc5f7bf1ec@group-E6429B736CFB:LeaderElection5] INFO  impl.RaftServerImpl (RaftServerImpl.java:setRole(174)) - 235158f5-a152-43ec-a631-d9bc5f7bf1ec@group-E6429B736CFB: changes role from CANDIDATE to LEADER at term 1 for changeToLeader
2019-09-17 13:47:55,073 [bd9bcf24-0b26-40d6-a14c-93656b7d1dfd@group-A156C5F90615:LeaderElection3] INFO  impl.RaftServerImpl (RaftServerImpl.java:setRole(174)) - bd9bcf24-0b26-40d6-a14c-93656b7d1dfd@group-A156C5F90615: changes role from CANDIDATE to LEADER at term 1 for changeToLeader
2019-09-17 13:47:55,074 [235158f5-a152-43ec-a631-d9bc5f7bf1ec@group-E6429B736CFB:LeaderElection5] INFO  impl.RaftServerImpl (ServerState.java:setLeader(253)) - 235158f5-a152-43ec-a631-d9bc5f7bf1ec@group-E6429B736CFB: change Leader from null to 235158f5-a152-43ec-a631-d9bc5f7bf1ec at term 1 for becomeLeader, leader elected after 7721ms
2019-09-17 13:47:55,074 [e374ed08-8383-4f83-a5b3-a6f9f92a9e17@group-291CB2966E07:LeaderElection4] INFO  impl.RaftServerImpl (ServerState.java:setLeader(253)) - e374ed08-8383-4f83-a5b3-a6f9f92a9e17@group-291CB2966E07: change Leader from null to e374ed08-8383-4f83-a5b3-a6f9f92a9e17 at term 1 for becomeLeader, leader elected after 7553ms
2019-09-17 13:47:55,074 [bd9bcf24-0b26-40d6-a14c-93656b7d1dfd@group-A156C5F90615:LeaderElection3] INFO  impl.RaftServerImpl (ServerState.java:setLeader(253)) - bd9bcf24-0b26-40d6-a14c-93656b7d1dfd@group-A156C5F90615: change Leader from null to bd9bcf24-0b26-40d6-a14c-93656b7d1dfd at term 1 for becomeLeader, leader elected after 7622ms
2019-09-17 13:47:55,077 [e374ed08-8383-4f83-a5b3-a6f9f92a9e17@group-291CB2966E07:LeaderElection4] INFO  server.RaftServerConfigKeys (ConfUtils.java:logGet(43)) - raft.server.staging.catchup.gap = 1000 (default)
2019-09-17 13:47:55,079 [bd9bcf24-0b26-40d6-a14c-93656b7d1dfd@group-A156C5F90615:LeaderElection3] INFO  server.RaftServerConfigKeys (ConfUtils.java:logGet(43)) - raft.server.staging.catchup.gap = 1000 (default)
2019-09-17 13:47:55,077 [235158f5-a152-43ec-a631-d9bc5f7bf1ec@group-E6429B736CFB:LeaderElection5] INFO  server.RaftServerConfigKeys (ConfUtils.java:logGet(43)) - raft.server.staging.catchup.gap = 1000 (default)
2019-09-17 13:47:55,079 [bd9bcf24-0b26-40d6-a14c-93656b7d1dfd@group-A156C5F90615:LeaderElection3] INFO  server.RaftServerConfigKeys (ConfUtils.java:logGet(43)) - raft.server.rpc.sleep.time = 25ms (default)
2019-09-17 13:47:55,079 [e374ed08-8383-4f83-a5b3-a6f9f92a9e17@group-291CB2966E07:LeaderElection4] INFO  server.RaftServerConfigKeys (ConfUtils.java:logGet(43)) - raft.server.rpc.sleep.time = 25ms (default)
2019-09-17 13:47:55,079 [235158f5-a152-43ec-a631-d9bc5f7bf1ec@group-E6429B736CFB:LeaderElection5] INFO  server.RaftServerConfigKeys (ConfUtils.java:logGet(43)) - raft.server.rpc.sleep.time = 25ms (default)
2019-09-17 13:47:55,079 [e374ed08-8383-4f83-a5b3-a6f9f92a9e17@group-291CB2966E07:LeaderElection4] INFO  server.RaftServerConfigKeys (ConfUtils.java:logGet(43)) - raft.server.write.element-limit = 4096 (default)
2019-09-17 13:47:55,080 [235158f5-a152-43ec-a631-d9bc5f7bf1ec@group-E6429B736CFB:LeaderElection5] INFO  server.RaftServerConfigKeys (ConfUtils.java:logGet(43)) - raft.server.write.element-limit = 4096 (default)
2019-09-17 13:47:55,079 [bd9bcf24-0b26-40d6-a14c-93656b7d1dfd@group-A156C5F90615:LeaderElection3] INFO  server.RaftServerConfigKeys (ConfUtils.java:logGet(43)) - raft.server.write.element-limit = 4096 (default)
2019-09-17 13:47:55,080 [235158f5-a152-43ec-a631-d9bc5f7bf1ec@group-E6429B736CFB:LeaderElection5] INFO  server.RaftServerConfigKeys (ConfUtils.java:logGet(43)) - raft.server.watch.timeout = 10s (default)
2019-09-17 13:47:55,080 [e374ed08-8383-4f83-a5b3-a6f9f92a9e17@group-291CB2966E07:LeaderElection4] INFO  server.RaftServerConfigKeys (ConfUtils.java:logGet(43)) - raft.server.watch.timeout = 10s (default)
2019-09-17 13:47:55,080 [235158f5-a152-43ec-a631-d9bc5f7bf1ec@group-E6429B736CFB:LeaderElection5] INFO  server.RaftServerConfigKeys (ConfUtils.java:logGet(43)) - raft.server.watch.timeout.denomination = 1s (default)
2019-09-17 13:47:55,080 [bd9bcf24-0b26-40d6-a14c-93656b7d1dfd@group-A156C5F90615:LeaderElection3] INFO  server.RaftServerConfigKeys (ConfUtils.java:logGet(43)) - raft.server.watch.timeout = 10s (default)
2019-09-17 13:47:55,081 [235158f5-a152-43ec-a631-d9bc5f7bf1ec@group-E6429B736CFB:LeaderElection5] INFO  server.RaftServerConfigKeys (ConfUtils.java:logGet(43)) - raft.server.watch.element-limit = 65536 (default)
2019-09-17 13:47:55,080 [e374ed08-8383-4f83-a5b3-a6f9f92a9e17@group-291CB2966E07:LeaderElection4] INFO  server.RaftServerConfigKeys (ConfUtils.java:logGet(43)) - raft.server.watch.timeout.denomination = 1s (default)
2019-09-17 13:47:55,081 [bd9bcf24-0b26-40d6-a14c-93656b7d1dfd@group-A156C5F90615:LeaderElection3] INFO  server.RaftServerConfigKeys (ConfUtils.java:logGet(43)) - raft.server.watch.timeout.denomination = 1s (default)
2019-09-17 13:47:55,081 [e374ed08-8383-4f83-a5b3-a6f9f92a9e17@group-291CB2966E07:LeaderElection4] INFO  server.RaftServerConfigKeys (ConfUtils.java:logGet(43)) - raft.server.watch.element-limit = 65536 (default)
2019-09-17 13:47:55,081 [bd9bcf24-0b26-40d6-a14c-93656b7d1dfd@group-A156C5F90615:LeaderElection3] INFO  server.RaftServerConfigKeys (ConfUtils.java:logGet(43)) - raft.server.watch.element-limit = 65536 (default)
2019-09-17 13:47:55,087 [235158f5-a152-43ec-a631-d9bc5f7bf1ec@group-E6429B736CFB:LeaderElection5] INFO  impl.RoleInfo (RoleInfo.java:updateAndGet(143)) - 235158f5-a152-43ec-a631-d9bc5f7bf1ec: start LeaderState
2019-09-17 13:47:55,088 [235158f5-a152-43ec-a631-d9bc5f7bf1ec@group-E6429B736CFB:LeaderElection5] INFO  segmented.SegmentedRaftLogWorker (SegmentedRaftLogWorker.java:startLogSegment(380)) - 235158f5-a152-43ec-a631-d9bc5f7bf1ec@group-E6429B736CFB-SegmentedRaftLogWorker: Starting segment from index:0
2019-09-17 13:47:55,089 [bd9bcf24-0b26-40d6-a14c-93656b7d1dfd@group-A156C5F90615:LeaderElection3] INFO  impl.RoleInfo (RoleInfo.java:updateAndGet(143)) - bd9bcf24-0b26-40d6-a14c-93656b7d1dfd: start LeaderState
2019-09-17 13:47:55,089 [bd9bcf24-0b26-40d6-a14c-93656b7d1dfd@group-A156C5F90615:LeaderElection3] INFO  segmented.SegmentedRaftLogWorker (SegmentedRaftLogWorker.java:startLogSegment(380)) - bd9bcf24-0b26-40d6-a14c-93656b7d1dfd@group-A156C5F90615-SegmentedRaftLogWorker: Starting segment from index:0
2019-09-17 13:47:55,089 [e374ed08-8383-4f83-a5b3-a6f9f92a9e17@group-291CB2966E07:LeaderElection4] INFO  impl.RoleInfo (RoleInfo.java:updateAndGet(143)) - e374ed08-8383-4f83-a5b3-a6f9f92a9e17: start LeaderState
2019-09-17 13:47:55,089 [e374ed08-8383-4f83-a5b3-a6f9f92a9e17@group-291CB2966E07:LeaderElection4] INFO  segmented.SegmentedRaftLogWorker (SegmentedRaftLogWorker.java:startLogSegment(380)) - e374ed08-8383-4f83-a5b3-a6f9f92a9e17@group-291CB2966E07-SegmentedRaftLogWorker: Starting segment from index:0
2019-09-17 13:47:55,090 [235158f5-a152-43ec-a631-d9bc5f7bf1ec@group-E6429B736CFB:LeaderElection5] INFO  impl.RaftServerImpl (ServerState.java:setRaftConf(354)) - 235158f5-a152-43ec-a631-d9bc5f7bf1ec@group-E6429B736CFB: set configuration 0: [235158f5-a152-43ec-a631-d9bc5f7bf1ec:192.168.151.72:41830], old=null at 0
2019-09-17 13:47:55,090 [bd9bcf24-0b26-40d6-a14c-93656b7d1dfd@group-A156C5F90615:LeaderElection3] INFO  impl.RaftServerImpl (ServerState.java:setRaftConf(354)) - bd9bcf24-0b26-40d6-a14c-93656b7d1dfd@group-A156C5F90615: set configuration 0: [bd9bcf24-0b26-40d6-a14c-93656b7d1dfd:192.168.151.72:42009], old=null at 0
2019-09-17 13:47:55,133 [036b7aee-ccf7-4ae1-b368-88d83e75119e@group-F692B52BFFDA-SegmentedRaftLogWorker] INFO  segmented.SegmentedRaftLogWorker (SegmentedRaftLogWorker.java:execute(569)) - 036b7aee-ccf7-4ae1-b368-88d83e75119e@group-F692B52BFFDA-SegmentedRaftLogWorker: created new log segment /workdir/hadoop-ozone/integration-test/target/test-dir/MiniOzoneClusterImpl-daa7203c-c96a-4121-bc5d-8329609dc0cb/datanode-0/data/ratis/62ab4126-6625-4c9a-b910-f692b52bffda/current/log_inprogress_0
2019-09-17 13:47:55,134 [e374ed08-8383-4f83-a5b3-a6f9f92a9e17@group-291CB2966E07:LeaderElection4] INFO  impl.RaftServerImpl (ServerState.java:setRaftConf(354)) - e374ed08-8383-4f83-a5b3-a6f9f92a9e17@group-291CB2966E07: set configuration 0: [e374ed08-8383-4f83-a5b3-a6f9f92a9e17:192.168.151.72:46400], old=null at 0
2019-09-17 13:47:55,146 [e374ed08-8383-4f83-a5b3-a6f9f92a9e17@group-291CB2966E07-SegmentedRaftLogWorker] INFO  segmented.SegmentedRaftLogWorker (SegmentedRaftLogWorker.java:execute(569)) - e374ed08-8383-4f83-a5b3-a6f9f92a9e17@group-291CB2966E07-SegmentedRaftLogWorker: created new log segment /workdir/hadoop-ozone/integration-test/target/test-dir/MiniOzoneClusterImpl-daa7203c-c96a-4121-bc5d-8329609dc0cb/datanode-1/data/ratis/f39aead2-6117-405c-8406-291cb2966e07/current/log_inprogress_0
2019-09-17 13:47:55,146 [235158f5-a152-43ec-a631-d9bc5f7bf1ec@group-E6429B736CFB-SegmentedRaftLogWorker] INFO  segmented.SegmentedRaftLogWorker (SegmentedRaftLogWorker.java:execute(569)) - 235158f5-a152-43ec-a631-d9bc5f7bf1ec@group-E6429B736CFB-SegmentedRaftLogWorker: created new log segment /workdir/hadoop-ozone/integration-test/target/test-dir/MiniOzoneClusterImpl-daa7203c-c96a-4121-bc5d-8329609dc0cb/datanode-2/data/ratis/51cb953f-e1a4-4f89-b870-e6429b736cfb/current/log_inprogress_0
2019-09-17 13:47:55,146 [bd9bcf24-0b26-40d6-a14c-93656b7d1dfd@group-A156C5F90615-SegmentedRaftLogWorker] INFO  segmented.SegmentedRaftLogWorker (SegmentedRaftLogWorker.java:execute(569)) - bd9bcf24-0b26-40d6-a14c-93656b7d1dfd@group-A156C5F90615-SegmentedRaftLogWorker: created new log segment /workdir/hadoop-ozone/integration-test/target/test-dir/MiniOzoneClusterImpl-daa7203c-c96a-4121-bc5d-8329609dc0cb/datanode-3/data/ratis/9839ea59-5210-411c-81e5-a156c5f90615/current/log_inprogress_0
2019-09-17 13:47:55,206 [235158f5-a152-43ec-a631-d9bc5f7bf1ec@group-1778EDE7E77E:LeaderElection8] INFO  impl.LeaderElection (LeaderElection.java:logAndReturn(56)) - 235158f5-a152-43ec-a631-d9bc5f7bf1ec@group-1778EDE7E77E:LeaderElection8: Election REJECTED; received 2 response(s) [235158f5-a152-43ec-a631-d9bc5f7bf1ec<-bd9bcf24-0b26-40d6-a14c-93656b7d1dfd#0:FAIL-t1, 235158f5-a152-43ec-a631-d9bc5f7bf1ec<-036b7aee-ccf7-4ae1-b368-88d83e75119e#0:FAIL-t1] and 0 exception(s); 235158f5-a152-43ec-a631-d9bc5f7bf1ec@group-1778EDE7E77E:t1, leader=null, voted=235158f5-a152-43ec-a631-d9bc5f7bf1ec, raftlog=235158f5-a152-43ec-a631-d9bc5f7bf1ec@group-1778EDE7E77E-SegmentedRaftLog:OPENED:c-1,f-1,i0, conf=-1: [bd9bcf24-0b26-40d6-a14c-93656b7d1dfd:192.168.151.72:42009, 235158f5-a152-43ec-a631-d9bc5f7bf1ec:192.168.151.72:41830, 036b7aee-ccf7-4ae1-b368-88d83e75119e:192.168.151.72:35336], old=null
2019-09-17 13:47:55,206 [036b7aee-ccf7-4ae1-b368-88d83e75119e@group-1778EDE7E77E:LeaderElection6] INFO  impl.LeaderElection (LeaderElection.java:logAndReturn(56)) - 036b7aee-ccf7-4ae1-b368-88d83e75119e@group-1778EDE7E77E:LeaderElection6: Election REJECTED; received 2 response(s) [036b7aee-ccf7-4ae1-b368-88d83e75119e<-bd9bcf24-0b26-40d6-a14c-93656b7d1dfd#0:FAIL-t1, 036b7aee-ccf7-4ae1-b368-88d83e75119e<-235158f5-a152-43ec-a631-d9bc5f7bf1ec#0:FAIL-t1] and 0 exception(s); 036b7aee-ccf7-4ae1-b368-88d83e75119e@group-1778EDE7E77E:t1, leader=null, voted=036b7aee-ccf7-4ae1-b368-88d83e75119e, raftlog=036b7aee-ccf7-4ae1-b368-88d83e75119e@group-1778EDE7E77E-SegmentedRaftLog:OPENED:c-1,f-1,i0, conf=-1: [bd9bcf24-0b26-40d6-a14c-93656b7d1dfd:192.168.151.72:42009, 235158f5-a152-43ec-a631-d9bc5f7bf1ec:192.168.151.72:41830, 036b7aee-ccf7-4ae1-b368-88d83e75119e:192.168.151.72:35336], old=null
2019-09-17 13:47:55,206 [bd9bcf24-0b26-40d6-a14c-93656b7d1dfd@group-1778EDE7E77E:LeaderElection7] INFO  impl.LeaderElection (LeaderElection.java:logAndReturn(56)) - bd9bcf24-0b26-40d6-a14c-93656b7d1dfd@group-1778EDE7E77E:LeaderElection7: Election REJECTED; received 2 response(s) [bd9bcf24-0b26-40d6-a14c-93656b7d1dfd<-235158f5-a152-43ec-a631-d9bc5f7bf1ec#0:FAIL-t1, bd9bcf24-0b26-40d6-a14c-93656b7d1dfd<-036b7aee-ccf7-4ae1-b368-88d83e75119e#0:FAIL-t1] and 0 exception(s); bd9bcf24-0b26-40d6-a14c-93656b7d1dfd@group-1778EDE7E77E:t1, leader=null, voted=bd9bcf24-0b26-40d6-a14c-93656b7d1dfd, raftlog=bd9bcf24-0b26-40d6-a14c-93656b7d1dfd@group-1778EDE7E77E-SegmentedRaftLog:OPENED:c-1,f-1,i0, conf=-1: [bd9bcf24-0b26-40d6-a14c-93656b7d1dfd:192.168.151.72:42009, 235158f5-a152-43ec-a631-d9bc5f7bf1ec:192.168.151.72:41830, 036b7aee-ccf7-4ae1-b368-88d83e75119e:192.168.151.72:35336], old=null
2019-09-17 13:47:55,215 [036b7aee-ccf7-4ae1-b368-88d83e75119e@group-1778EDE7E77E:LeaderElection6] INFO  impl.RaftServerImpl (RaftServerImpl.java:setRole(174)) - 036b7aee-ccf7-4ae1-b368-88d83e75119e@group-1778EDE7E77E: changes role from CANDIDATE to FOLLOWER at term 1 for DISCOVERED_A_NEW_TERM
2019-09-17 13:47:55,218 [bd9bcf24-0b26-40d6-a14c-93656b7d1dfd@group-1778EDE7E77E:LeaderElection7] INFO  impl.RaftServerImpl (RaftServerImpl.java:setRole(174)) - bd9bcf24-0b26-40d6-a14c-93656b7d1dfd@group-1778EDE7E77E: changes role from CANDIDATE to FOLLOWER at term 1 for DISCOVERED_A_NEW_TERM
2019-09-17 13:47:55,220 [036b7aee-ccf7-4ae1-b368-88d83e75119e@group-1778EDE7E77E:LeaderElection6] INFO  impl.RoleInfo (RoleInfo.java:shutdownLeaderElection(134)) - 036b7aee-ccf7-4ae1-b368-88d83e75119e: shutdown LeaderElection
2019-09-17 13:47:55,217 [235158f5-a152-43ec-a631-d9bc5f7bf1ec@group-1778EDE7E77E:LeaderElection8] INFO  impl.RaftServerImpl (RaftServerImpl.java:setRole(174)) - 235158f5-a152-43ec-a631-d9bc5f7bf1ec@group-1778EDE7E77E: changes role from CANDIDATE to FOLLOWER at term 1 for DISCOVERED_A_NEW_TERM
2019-09-17 13:47:55,220 [bd9bcf24-0b26-40d6-a14c-93656b7d1dfd@group-1778EDE7E77E:LeaderElection7] INFO  impl.RoleInfo (RoleInfo.java:shutdownLeaderElection(134)) - bd9bcf24-0b26-40d6-a14c-93656b7d1dfd: shutdown LeaderElection
2019-09-17 13:47:55,220 [036b7aee-ccf7-4ae1-b368-88d83e75119e@group-1778EDE7E77E:LeaderElection6] INFO  impl.RoleInfo (RoleInfo.java:updateAndGet(143)) - 036b7aee-ccf7-4ae1-b368-88d83e75119e: start FollowerState
2019-09-17 13:47:55,220 [235158f5-a152-43ec-a631-d9bc5f7bf1ec@group-1778EDE7E77E:LeaderElection8] INFO  impl.RoleInfo (RoleInfo.java:shutdownLeaderElection(134)) - 235158f5-a152-43ec-a631-d9bc5f7bf1ec: shutdown LeaderElection
2019-09-17 13:47:55,220 [bd9bcf24-0b26-40d6-a14c-93656b7d1dfd@group-1778EDE7E77E:LeaderElection7] INFO  impl.RoleInfo (RoleInfo.java:updateAndGet(143)) - bd9bcf24-0b26-40d6-a14c-93656b7d1dfd: start FollowerState
2019-09-17 13:47:55,220 [235158f5-a152-43ec-a631-d9bc5f7bf1ec@group-1778EDE7E77E:LeaderElection8] INFO  impl.RoleInfo (RoleInfo.java:updateAndGet(143)) - 235158f5-a152-43ec-a631-d9bc5f7bf1ec: start FollowerState
2019-09-17 13:47:55,461 [grpc-default-executor-1] INFO  client.GrpcClientProtocolClient (GrpcClientProtocolClient.java:onNext(264)) - client-DD5CC30BC133->bd9bcf24-0b26-40d6-a14c-93656b7d1dfd: receive RaftClientReply:client-DD5CC30BC133->bd9bcf24-0b26-40d6-a14c-93656b7d1dfd@group-1778EDE7E77E, cid=7, FAILED org.apache.ratis.protocol.NotLeaderException: Server bd9bcf24-0b26-40d6-a14c-93656b7d1dfd@group-1778EDE7E77E is not the leader, logIndex=0, commits[bd9bcf24-0b26-40d6-a14c-93656b7d1dfd:c-1]
2019-09-17 13:47:56,492 [grpc-default-executor-4] INFO  client.GrpcClientProtocolClient (GrpcClientProtocolClient.java:onNext(264)) - client-DD5CC30BC133->235158f5-a152-43ec-a631-d9bc5f7bf1ec: receive RaftClientReply:client-DD5CC30BC133->235158f5-a152-43ec-a631-d9bc5f7bf1ec@group-1778EDE7E77E, cid=7, FAILED org.apache.ratis.protocol.NotLeaderException: Server 235158f5-a152-43ec-a631-d9bc5f7bf1ec@group-1778EDE7E77E is not the leader, logIndex=0, commits[235158f5-a152-43ec-a631-d9bc5f7bf1ec:c-1]
2019-09-17 13:47:57,516 [grpc-default-executor-1] INFO  client.GrpcClientProtocolClient (GrpcClientProtocolClient.java:onNext(264)) - client-DD5CC30BC133->036b7aee-ccf7-4ae1-b368-88d83e75119e: receive RaftClientReply:client-DD5CC30BC133->036b7aee-ccf7-4ae1-b368-88d83e75119e@group-1778EDE7E77E, cid=7, FAILED org.apache.ratis.protocol.NotLeaderException: Server 036b7aee-ccf7-4ae1-b368-88d83e75119e@group-1778EDE7E77E is not the leader, logIndex=0, commits[036b7aee-ccf7-4ae1-b368-88d83e75119e:c-1]
2019-09-17 13:47:58,539 [grpc-default-executor-4] INFO  client.GrpcClientProtocolClient (GrpcClientProtocolClient.java:onNext(264)) - client-DD5CC30BC133->235158f5-a152-43ec-a631-d9bc5f7bf1ec: receive RaftClientReply:client-DD5CC30BC133->235158f5-a152-43ec-a631-d9bc5f7bf1ec@group-1778EDE7E77E, cid=7, FAILED org.apache.ratis.protocol.NotLeaderException: Server 235158f5-a152-43ec-a631-d9bc5f7bf1ec@group-1778EDE7E77E is not the leader, logIndex=0, commits[235158f5-a152-43ec-a631-d9bc5f7bf1ec:c-1]
2019-09-17 13:47:59,560 [grpc-default-executor-1] INFO  client.GrpcClientProtocolClient (GrpcClientProtocolClient.java:onNext(264)) - client-DD5CC30BC133->036b7aee-ccf7-4ae1-b368-88d83e75119e: receive RaftClientReply:client-DD5CC30BC133->036b7aee-ccf7-4ae1-b368-88d83e75119e@group-1778EDE7E77E, cid=7, FAILED org.apache.ratis.protocol.NotLeaderException: Server 036b7aee-ccf7-4ae1-b368-88d83e75119e@group-1778EDE7E77E is not the leader, logIndex=0, commits[036b7aee-ccf7-4ae1-b368-88d83e75119e:c-1]
2019-09-17 13:48:00,277 [Thread-258] INFO  impl.FollowerState (FollowerState.java:run(106)) - 235158f5-a152-43ec-a631-d9bc5f7bf1ec:group-1778EDE7E77E changes to CANDIDATE, lastRpcTime:5057, electionTimeout:5051ms
2019-09-17 13:48:00,278 [Thread-258] INFO  impl.RoleInfo (RoleInfo.java:shutdownFollowerState(121)) - 235158f5-a152-43ec-a631-d9bc5f7bf1ec: shutdown FollowerState
2019-09-17 13:48:00,278 [Thread-258] INFO  impl.RaftServerImpl (RaftServerImpl.java:setRole(174)) - 235158f5-a152-43ec-a631-d9bc5f7bf1ec@group-1778EDE7E77E: changes role from  FOLLOWER to CANDIDATE at term 1 for changeToCandidate
2019-09-17 13:48:00,278 [Thread-258] INFO  impl.RoleInfo (RoleInfo.java:updateAndGet(143)) - 235158f5-a152-43ec-a631-d9bc5f7bf1ec: start LeaderElection
2019-09-17 13:48:00,337 [Thread-257] INFO  impl.FollowerState (FollowerState.java:run(106)) - bd9bcf24-0b26-40d6-a14c-93656b7d1dfd:group-1778EDE7E77E changes to CANDIDATE, lastRpcTime:5117, electionTimeout:5111ms
2019-09-17 13:48:00,337 [Thread-257] INFO  impl.RoleInfo (RoleInfo.java:shutdownFollowerState(121)) - bd9bcf24-0b26-40d6-a14c-93656b7d1dfd: shutdown FollowerState
2019-09-17 13:48:00,338 [Thread-257] INFO  impl.RaftServerImpl (RaftServerImpl.java:setRole(174)) - bd9bcf24-0b26-40d6-a14c-93656b7d1dfd@group-1778EDE7E77E: changes role from  FOLLOWER to CANDIDATE at term 1 for changeToCandidate
2019-09-17 13:48:00,338 [Thread-257] INFO  impl.RoleInfo (RoleInfo.java:updateAndGet(143)) - bd9bcf24-0b26-40d6-a14c-93656b7d1dfd: start LeaderElection
2019-09-17 13:48:00,422 [Thread-256] INFO  impl.FollowerState (FollowerState.java:run(106)) - 036b7aee-ccf7-4ae1-b368-88d83e75119e:group-1778EDE7E77E changes to CANDIDATE, lastRpcTime:5201, electionTimeout:5200ms
2019-09-17 13:48:00,422 [Thread-256] INFO  impl.RoleInfo (RoleInfo.java:shutdownFollowerState(121)) - 036b7aee-ccf7-4ae1-b368-88d83e75119e: shutdown FollowerState
2019-09-17 13:48:00,422 [Thread-256] INFO  impl.RaftServerImpl (RaftServerImpl.java:setRole(174)) - 036b7aee-ccf7-4ae1-b368-88d83e75119e@group-1778EDE7E77E: changes role from  FOLLOWER to CANDIDATE at term 1 for changeToCandidate
2019-09-17 13:48:00,422 [Thread-256] INFO  impl.RoleInfo (RoleInfo.java:updateAndGet(143)) - 036b7aee-ccf7-4ae1-b368-88d83e75119e: start LeaderElection
2019-09-17 13:48:00,581 [grpc-default-executor-1] INFO  client.GrpcClientProtocolClient (GrpcClientProtocolClient.java:onNext(264)) - client-DD5CC30BC133->235158f5-a152-43ec-a631-d9bc5f7bf1ec: receive RaftClientReply:client-DD5CC30BC133->235158f5-a152-43ec-a631-d9bc5f7bf1ec@group-1778EDE7E77E, cid=7, FAILED org.apache.ratis.protocol.NotLeaderException: Server 235158f5-a152-43ec-a631-d9bc5f7bf1ec@group-1778EDE7E77E is not the leader, logIndex=0, commits[235158f5-a152-43ec-a631-d9bc5f7bf1ec:c-1]
2019-09-17 13:48:01,377 [bd9bcf24-0b26-40d6-a14c-93656b7d1dfd@group-1778EDE7E77E:LeaderElection10] INFO  impl.LeaderElection (LeaderElection.java:askForVotes(182)) - bd9bcf24-0b26-40d6-a14c-93656b7d1dfd@group-1778EDE7E77E:LeaderElection10: begin an election at term 2 for -1: [bd9bcf24-0b26-40d6-a14c-93656b7d1dfd:192.168.151.72:42009, 235158f5-a152-43ec-a631-d9bc5f7bf1ec:192.168.151.72:41830, 036b7aee-ccf7-4ae1-b368-88d83e75119e:192.168.151.72:35336], old=null
2019-09-17 13:48:01,377 [036b7aee-ccf7-4ae1-b368-88d83e75119e@group-1778EDE7E77E:LeaderElection11] INFO  impl.LeaderElection (LeaderElection.java:askForVotes(182)) - 036b7aee-ccf7-4ae1-b368-88d83e75119e@group-1778EDE7E77E:LeaderElection11: begin an election at term 2 for -1: [bd9bcf24-0b26-40d6-a14c-93656b7d1dfd:192.168.151.72:42009, 235158f5-a152-43ec-a631-d9bc5f7bf1ec:192.168.151.72:41830, 036b7aee-ccf7-4ae1-b368-88d83e75119e:192.168.151.72:35336], old=null
2019-09-17 13:48:01,377 [235158f5-a152-43ec-a631-d9bc5f7bf1ec@group-1778EDE7E77E:LeaderElection9] INFO  impl.LeaderElection (LeaderElection.java:askForVotes(182)) - 235158f5-a152-43ec-a631-d9bc5f7bf1ec@group-1778EDE7E77E:LeaderElection9: begin an election at term 2 for -1: [bd9bcf24-0b26-40d6-a14c-93656b7d1dfd:192.168.151.72:42009, 235158f5-a152-43ec-a631-d9bc5f7bf1ec:192.168.151.72:41830, 036b7aee-ccf7-4ae1-b368-88d83e75119e:192.168.151.72:35336], old=null
2019-09-17 13:48:01,396 [036b7aee-ccf7-4ae1-b368-88d83e75119e@group-1778EDE7E77E:LeaderElection11] INFO  impl.LeaderElection (LeaderElection.java:logAndReturn(56)) - 036b7aee-ccf7-4ae1-b368-88d83e75119e@group-1778EDE7E77E:LeaderElection11: Election REJECTED; received 2 response(s) [036b7aee-ccf7-4ae1-b368-88d83e75119e<-bd9bcf24-0b26-40d6-a14c-93656b7d1dfd#0:FAIL-t2, 036b7aee-ccf7-4ae1-b368-88d83e75119e<-235158f5-a152-43ec-a631-d9bc5f7bf1ec#0:FAIL-t2] and 0 exception(s); 036b7aee-ccf7-4ae1-b368-88d83e75119e@group-1778EDE7E77E:t2, leader=null, voted=036b7aee-ccf7-4ae1-b368-88d83e75119e, raftlog=036b7aee-ccf7-4ae1-b368-88d83e75119e@group-1778EDE7E77E-SegmentedRaftLog:OPENED:c-1,f-1,i0, conf=-1: [bd9bcf24-0b26-40d6-a14c-93656b7d1dfd:192.168.151.72:42009, 235158f5-a152-43ec-a631-d9bc5f7bf1ec:192.168.151.72:41830, 036b7aee-ccf7-4ae1-b368-88d83e75119e:192.168.151.72:35336], old=null
2019-09-17 13:48:01,396 [235158f5-a152-43ec-a631-d9bc5f7bf1ec@group-1778EDE7E77E:LeaderElection9] INFO  impl.LeaderElection (LeaderElection.java:logAndReturn(56)) - 235158f5-a152-43ec-a631-d9bc5f7bf1ec@group-1778EDE7E77E:LeaderElection9: Election REJECTED; received 2 response(s) [235158f5-a152-43ec-a631-d9bc5f7bf1ec<-bd9bcf24-0b26-40d6-a14c-93656b7d1dfd#0:FAIL-t2, 235158f5-a152-43ec-a631-d9bc5f7bf1ec<-036b7aee-ccf7-4ae1-b368-88d83e75119e#0:FAIL-t2] and 0 exception(s); 235158f5-a152-43ec-a631-d9bc5f7bf1ec@group-1778EDE7E77E:t2, leader=null, voted=235158f5-a152-43ec-a631-d9bc5f7bf1ec, raftlog=235158f5-a152-43ec-a631-d9bc5f7bf1ec@group-1778EDE7E77E-SegmentedRaftLog:OPENED:c-1,f-1,i0, conf=-1: [bd9bcf24-0b26-40d6-a14c-93656b7d1dfd:192.168.151.72:42009, 235158f5-a152-43ec-a631-d9bc5f7bf1ec:192.168.151.72:41830, 036b7aee-ccf7-4ae1-b368-88d83e75119e:192.168.151.72:35336], old=null
2019-09-17 13:48:01,399 [036b7aee-ccf7-4ae1-b368-88d83e75119e@group-1778EDE7E77E:LeaderElection11] INFO  impl.RaftServerImpl (RaftServerImpl.java:setRole(174)) - 036b7aee-ccf7-4ae1-b368-88d83e75119e@group-1778EDE7E77E: changes role from CANDIDATE to FOLLOWER at term 2 for DISCOVERED_A_NEW_TERM
2019-09-17 13:48:01,400 [036b7aee-ccf7-4ae1-b368-88d83e75119e@group-1778EDE7E77E:LeaderElection11] INFO  impl.RoleInfo (RoleInfo.java:shutdownLeaderElection(134)) - 036b7aee-ccf7-4ae1-b368-88d83e75119e: shutdown LeaderElection
2019-09-17 13:48:01,401 [235158f5-a152-43ec-a631-d9bc5f7bf1ec@group-1778EDE7E77E:LeaderElection9] INFO  impl.RaftServerImpl (RaftServerImpl.java:setRole(174)) - 235158f5-a152-43ec-a631-d9bc5f7bf1ec@group-1778EDE7E77E: changes role from CANDIDATE to FOLLOWER at term 2 for DISCOVERED_A_NEW_TERM
2019-09-17 13:48:01,403 [036b7aee-ccf7-4ae1-b368-88d83e75119e@group-1778EDE7E77E:LeaderElection11] INFO  impl.RoleInfo (RoleInfo.java:updateAndGet(143)) - 036b7aee-ccf7-4ae1-b368-88d83e75119e: start FollowerState
2019-09-17 13:48:01,403 [235158f5-a152-43ec-a631-d9bc5f7bf1ec@group-1778EDE7E77E:LeaderElection9] INFO  impl.RoleInfo (RoleInfo.java:shutdownLeaderElection(134)) - 235158f5-a152-43ec-a631-d9bc5f7bf1ec: shutdown LeaderElection
2019-09-17 13:48:01,405 [235158f5-a152-43ec-a631-d9bc5f7bf1ec@group-1778EDE7E77E:LeaderElection9] INFO  impl.RoleInfo (RoleInfo.java:updateAndGet(143)) - 235158f5-a152-43ec-a631-d9bc5f7bf1ec: start FollowerState
2019-09-17 13:48:01,408 [bd9bcf24-0b26-40d6-a14c-93656b7d1dfd@group-1778EDE7E77E:LeaderElection10] INFO  impl.LeaderElection (LeaderElection.java:logAndReturn(56)) - bd9bcf24-0b26-40d6-a14c-93656b7d1dfd@group-1778EDE7E77E:LeaderElection10: Election REJECTED; received 2 response(s) [bd9bcf24-0b26-40d6-a14c-93656b7d1dfd<-235158f5-a152-43ec-a631-d9bc5f7bf1ec#0:FAIL-t2, bd9bcf24-0b26-40d6-a14c-93656b7d1dfd<-036b7aee-ccf7-4ae1-b368-88d83e75119e#0:FAIL-t2] and 0 exception(s); bd9bcf24-0b26-40d6-a14c-93656b7d1dfd@group-1778EDE7E77E:t2, leader=null, voted=bd9bcf24-0b26-40d6-a14c-93656b7d1dfd, raftlog=bd9bcf24-0b26-40d6-a14c-93656b7d1dfd@group-1778EDE7E77E-SegmentedRaftLog:OPENED:c-1,f-1,i0, conf=-1: [bd9bcf24-0b26-40d6-a14c-93656b7d1dfd:192.168.151.72:42009, 235158f5-a152-43ec-a631-d9bc5f7bf1ec:192.168.151.72:41830, 036b7aee-ccf7-4ae1-b368-88d83e75119e:192.168.151.72:35336], old=null
2019-09-17 13:48:01,408 [bd9bcf24-0b26-40d6-a14c-93656b7d1dfd@group-1778EDE7E77E:LeaderElection10] INFO  impl.RaftServerImpl (RaftServerImpl.java:setRole(174)) - bd9bcf24-0b26-40d6-a14c-93656b7d1dfd@group-1778EDE7E77E: changes role from CANDIDATE to FOLLOWER at term 2 for DISCOVERED_A_NEW_TERM
2019-09-17 13:48:01,411 [bd9bcf24-0b26-40d6-a14c-93656b7d1dfd@group-1778EDE7E77E:LeaderElection10] INFO  impl.RoleInfo (RoleInfo.java:shutdownLeaderElection(134)) - bd9bcf24-0b26-40d6-a14c-93656b7d1dfd: shutdown LeaderElection
2019-09-17 13:48:01,411 [bd9bcf24-0b26-40d6-a14c-93656b7d1dfd@group-1778EDE7E77E:LeaderElection10] INFO  impl.RoleInfo (RoleInfo.java:updateAndGet(143)) - bd9bcf24-0b26-40d6-a14c-93656b7d1dfd: start FollowerState
2019-09-17 13:48:01,603 [grpc-default-executor-1] INFO  client.GrpcClientProtocolClient (GrpcClientProtocolClient.java:onNext(264)) - client-DD5CC30BC133->036b7aee-ccf7-4ae1-b368-88d83e75119e: receive RaftClientReply:client-DD5CC30BC133->036b7aee-ccf7-4ae1-b368-88d83e75119e@group-1778EDE7E77E, cid=7, FAILED org.apache.ratis.protocol.NotLeaderException: Server 036b7aee-ccf7-4ae1-b368-88d83e75119e@group-1778EDE7E77E is not the leader, logIndex=0, commits[036b7aee-ccf7-4ae1-b368-88d83e75119e:c-1]
2019-09-17 13:48:02,637 [grpc-default-executor-5] INFO  client.GrpcClientProtocolClient (GrpcClientProtocolClient.java:onNext(264)) - client-DD5CC30BC133->bd9bcf24-0b26-40d6-a14c-93656b7d1dfd: receive RaftClientReply:client-DD5CC30BC133->bd9bcf24-0b26-40d6-a14c-93656b7d1dfd@group-1778EDE7E77E, cid=7, FAILED org.apache.ratis.protocol.NotLeaderException: Server bd9bcf24-0b26-40d6-a14c-93656b7d1dfd@group-1778EDE7E77E is not the leader, logIndex=0, commits[bd9bcf24-0b26-40d6-a14c-93656b7d1dfd:c-1]
2019-09-17 13:48:03,667 [grpc-default-executor-1] INFO  client.GrpcClientProtocolClient (GrpcClientProtocolClient.java:onNext(264)) - client-DD5CC30BC133->036b7aee-ccf7-4ae1-b368-88d83e75119e: receive RaftClientReply:client-DD5CC30BC133->036b7aee-ccf7-4ae1-b368-88d83e75119e@group-1778EDE7E77E, cid=7, FAILED org.apache.ratis.protocol.NotLeaderException: Server 036b7aee-ccf7-4ae1-b368-88d83e75119e@group-1778EDE7E77E is not the leader, logIndex=0, commits[036b7aee-ccf7-4ae1-b368-88d83e75119e:c-1]
2019-09-17 13:48:04,690 [grpc-default-executor-1] INFO  client.GrpcClientProtocolClient (GrpcClientProtocolClient.java:onNext(264)) - client-DD5CC30BC133->235158f5-a152-43ec-a631-d9bc5f7bf1ec: receive RaftClientReply:client-DD5CC30BC133->235158f5-a152-43ec-a631-d9bc5f7bf1ec@group-1778EDE7E77E, cid=7, FAILED org.apache.ratis.protocol.NotLeaderException: Server 235158f5-a152-43ec-a631-d9bc5f7bf1ec@group-1778EDE7E77E is not the leader, logIndex=0, commits[235158f5-a152-43ec-a631-d9bc5f7bf1ec:c-1]
2019-09-17 13:48:05,714 [grpc-default-executor-1] INFO  client.GrpcClientProtocolClient (GrpcClientProtocolClient.java:onNext(264)) - client-DD5CC30BC133->036b7aee-ccf7-4ae1-b368-88d83e75119e: receive RaftClientReply:client-DD5CC30BC133->036b7aee-ccf7-4ae1-b368-88d83e75119e@group-1778EDE7E77E, cid=7, FAILED org.apache.ratis.protocol.NotLeaderException: Server 036b7aee-ccf7-4ae1-b368-88d83e75119e@group-1778EDE7E77E is not the leader, logIndex=0, commits[036b7aee-ccf7-4ae1-b368-88d83e75119e:c-1]
2019-09-17 13:48:06,484 [Thread-283] INFO  impl.FollowerState (FollowerState.java:run(106)) - bd9bcf24-0b26-40d6-a14c-93656b7d1dfd:group-1778EDE7E77E changes to CANDIDATE, lastRpcTime:5072, electionTimeout:5071ms
2019-09-17 13:48:06,484 [Thread-283] INFO  impl.RoleInfo (RoleInfo.java:shutdownFollowerState(121)) - bd9bcf24-0b26-40d6-a14c-93656b7d1dfd: shutdown FollowerState
2019-09-17 13:48:06,485 [Thread-283] INFO  impl.RaftServerImpl (RaftServerImpl.java:setRole(174)) - bd9bcf24-0b26-40d6-a14c-93656b7d1dfd@group-1778EDE7E77E: changes role from  FOLLOWER to CANDIDATE at term 2 for changeToCandidate
2019-09-17 13:48:06,485 [Thread-283] INFO  impl.RoleInfo (RoleInfo.java:updateAndGet(143)) - bd9bcf24-0b26-40d6-a14c-93656b7d1dfd: start LeaderElection
2019-09-17 13:48:06,493 [Thread-282] INFO  impl.FollowerState (FollowerState.java:run(106)) - 235158f5-a152-43ec-a631-d9bc5f7bf1ec:group-1778EDE7E77E changes to CANDIDATE, lastRpcTime:5088, electionTimeout:5086ms
2019-09-17 13:48:06,493 [Thread-282] INFO  impl.RoleInfo (RoleInfo.java:shutdownFollowerState(121)) - 235158f5-a152-43ec-a631-d9bc5f7bf1ec: shutdown FollowerState
2019-09-17 13:48:06,494 [Thread-282] INFO  impl.RaftServerImpl (RaftServerImpl.java:setRole(174)) - 235158f5-a152-43ec-a631-d9bc5f7bf1ec@group-1778EDE7E77E: changes role from  FOLLOWER to CANDIDATE at term 2 for changeToCandidate
2019-09-17 13:48:06,494 [Thread-282] INFO  impl.RoleInfo (RoleInfo.java:updateAndGet(143)) - 235158f5-a152-43ec-a631-d9bc5f7bf1ec: start LeaderElection
2019-09-17 13:48:06,591 [Thread-281] INFO  impl.FollowerState (FollowerState.java:run(106)) - 036b7aee-ccf7-4ae1-b368-88d83e75119e:group-1778EDE7E77E changes to CANDIDATE, lastRpcTime:5188, electionTimeout:5186ms
2019-09-17 13:48:06,592 [Thread-281] INFO  impl.RoleInfo (RoleInfo.java:shutdownFollowerState(121)) - 036b7aee-ccf7-4ae1-b368-88d83e75119e: shutdown FollowerState
2019-09-17 13:48:06,592 [Thread-281] INFO  impl.RaftServerImpl (RaftServerImpl.java:setRole(174)) - 036b7aee-ccf7-4ae1-b368-88d83e75119e@group-1778EDE7E77E: changes role from  FOLLOWER to CANDIDATE at term 2 for changeToCandidate
2019-09-17 13:48:06,592 [Thread-281] INFO  impl.RoleInfo (RoleInfo.java:updateAndGet(143)) - 036b7aee-ccf7-4ae1-b368-88d83e75119e: start LeaderElection
2019-09-17 13:48:06,739 [grpc-default-executor-1] INFO  client.GrpcClientProtocolClient (GrpcClientProtocolClient.java:onNext(264)) - client-DD5CC30BC133->235158f5-a152-43ec-a631-d9bc5f7bf1ec: receive RaftClientReply:client-DD5CC30BC133->235158f5-a152-43ec-a631-d9bc5f7bf1ec@group-1778EDE7E77E, cid=7, FAILED org.apache.ratis.protocol.NotLeaderException: Server 235158f5-a152-43ec-a631-d9bc5f7bf1ec@group-1778EDE7E77E is not the leader, logIndex=0, commits[235158f5-a152-43ec-a631-d9bc5f7bf1ec:c-1]
2019-09-17 13:48:07,759 [grpc-default-executor-5] INFO  client.GrpcClientProtocolClient (GrpcClientProtocolClient.java:onNext(264)) - client-DD5CC30BC133->036b7aee-ccf7-4ae1-b368-88d83e75119e: receive RaftClientReply:client-DD5CC30BC133->036b7aee-ccf7-4ae1-b368-88d83e75119e@group-1778EDE7E77E, cid=7, FAILED org.apache.ratis.protocol.NotLeaderException: Server 036b7aee-ccf7-4ae1-b368-88d83e75119e@group-1778EDE7E77E is not the leader, logIndex=0, commits[036b7aee-ccf7-4ae1-b368-88d83e75119e:c-1]
2019-09-17 13:48:08,248 [235158f5-a152-43ec-a631-d9bc5f7bf1ec@group-1778EDE7E77E:LeaderElection13] INFO  impl.LeaderElection (LeaderElection.java:askForVotes(182)) - 235158f5-a152-43ec-a631-d9bc5f7bf1ec@group-1778EDE7E77E:LeaderElection13: begin an election at term 3 for -1: [bd9bcf24-0b26-40d6-a14c-93656b7d1dfd:192.168.151.72:42009, 235158f5-a152-43ec-a631-d9bc5f7bf1ec:192.168.151.72:41830, 036b7aee-ccf7-4ae1-b368-88d83e75119e:192.168.151.72:35336], old=null
2019-09-17 13:48:08,248 [036b7aee-ccf7-4ae1-b368-88d83e75119e@group-1778EDE7E77E:LeaderElection14] INFO  impl.LeaderElection (LeaderElection.java:askForVotes(182)) - 036b7aee-ccf7-4ae1-b368-88d83e75119e@group-1778EDE7E77E:LeaderElection14: begin an election at term 3 for -1: [bd9bcf24-0b26-40d6-a14c-93656b7d1dfd:192.168.151.72:42009, 235158f5-a152-43ec-a631-d9bc5f7bf1ec:192.168.151.72:41830, 036b7aee-ccf7-4ae1-b368-88d83e75119e:192.168.151.72:35336], old=null
2019-09-17 13:48:08,248 [bd9bcf24-0b26-40d6-a14c-93656b7d1dfd@group-1778EDE7E77E:LeaderElection12] INFO  impl.LeaderElection (LeaderElection.java:askForVotes(182)) - bd9bcf24-0b26-40d6-a14c-93656b7d1dfd@group-1778EDE7E77E:LeaderElection12: begin an election at term 3 for -1: [bd9bcf24-0b26-40d6-a14c-93656b7d1dfd:192.168.151.72:42009, 235158f5-a152-43ec-a631-d9bc5f7bf1ec:192.168.151.72:41830, 036b7aee-ccf7-4ae1-b368-88d83e75119e:192.168.151.72:35336], old=null
2019-09-17 13:48:08,268 [235158f5-a152-43ec-a631-d9bc5f7bf1ec@group-1778EDE7E77E:LeaderElection13] INFO  impl.LeaderElection (LeaderElection.java:logAndReturn(56)) - 235158f5-a152-43ec-a631-d9bc5f7bf1ec@group-1778EDE7E77E:LeaderElection13: Election REJECTED; received 2 response(s) [235158f5-a152-43ec-a631-d9bc5f7bf1ec<-bd9bcf24-0b26-40d6-a14c-93656b7d1dfd#0:FAIL-t3, 235158f5-a152-43ec-a631-d9bc5f7bf1ec<-036b7aee-ccf7-4ae1-b368-88d83e75119e#0:FAIL-t3] and 0 exception(s); 235158f5-a152-43ec-a631-d9bc5f7bf1ec@group-1778EDE7E77E:t3, leader=null, voted=235158f5-a152-43ec-a631-d9bc5f7bf1ec, raftlog=235158f5-a152-43ec-a631-d9bc5f7bf1ec@group-1778EDE7E77E-SegmentedRaftLog:OPENED:c-1,f-1,i0, conf=-1: [bd9bcf24-0b26-40d6-a14c-93656b7d1dfd:192.168.151.72:42009, 235158f5-a152-43ec-a631-d9bc5f7bf1ec:192.168.151.72:41830, 036b7aee-ccf7-4ae1-b368-88d83e75119e:192.168.151.72:35336], old=null
2019-09-17 13:48:08,268 [235158f5-a152-43ec-a631-d9bc5f7bf1ec@group-1778EDE7E77E:LeaderElection13] INFO  impl.RaftServerImpl (RaftServerImpl.java:setRole(174)) - 235158f5-a152-43ec-a631-d9bc5f7bf1ec@group-1778EDE7E77E: changes role from CANDIDATE to FOLLOWER at term 3 for DISCOVERED_A_NEW_TERM
2019-09-17 13:48:08,269 [235158f5-a152-43ec-a631-d9bc5f7bf1ec@group-1778EDE7E77E:LeaderElection13] INFO  impl.RoleInfo (RoleInfo.java:shutdownLeaderElection(134)) - 235158f5-a152-43ec-a631-d9bc5f7bf1ec: shutdown LeaderElection
2019-09-17 13:48:08,269 [235158f5-a152-43ec-a631-d9bc5f7bf1ec@group-1778EDE7E77E:LeaderElection13] INFO  impl.RoleInfo (RoleInfo.java:updateAndGet(143)) - 235158f5-a152-43ec-a631-d9bc5f7bf1ec: start FollowerState
2019-09-17 13:48:08,269 [036b7aee-ccf7-4ae1-b368-88d83e75119e@group-1778EDE7E77E:LeaderElection14] INFO  impl.LeaderElection (LeaderElection.java:logAndReturn(56)) - 036b7aee-ccf7-4ae1-b368-88d83e75119e@group-1778EDE7E77E:LeaderElection14: Election REJECTED; received 2 response(s) [036b7aee-ccf7-4ae1-b368-88d83e75119e<-bd9bcf24-0b26-40d6-a14c-93656b7d1dfd#0:FAIL-t3, 036b7aee-ccf7-4ae1-b368-88d83e75119e<-235158f5-a152-43ec-a631-d9bc5f7bf1ec#0:FAIL-t3] and 0 exception(s); 036b7aee-ccf7-4ae1-b368-88d83e75119e@group-1778EDE7E77E:t3, leader=null, voted=036b7aee-ccf7-4ae1-b368-88d83e75119e, raftlog=036b7aee-ccf7-4ae1-b368-88d83e75119e@group-1778EDE7E77E-SegmentedRaftLog:OPENED:c-1,f-1,i0, conf=-1: [bd9bcf24-0b26-40d6-a14c-93656b7d1dfd:192.168.151.72:42009, 235158f5-a152-43ec-a631-d9bc5f7bf1ec:192.168.151.72:41830, 036b7aee-ccf7-4ae1-b368-88d83e75119e:192.168.151.72:35336], old=null
2019-09-17 13:48:08,271 [036b7aee-ccf7-4ae1-b368-88d83e75119e@group-1778EDE7E77E:LeaderElection14] INFO  impl.RaftServerImpl (RaftServerImpl.java:setRole(174)) - 036b7aee-ccf7-4ae1-b368-88d83e75119e@group-1778EDE7E77E: changes role from CANDIDATE to FOLLOWER at term 3 for DISCOVERED_A_NEW_TERM
2019-09-17 13:48:08,272 [bd9bcf24-0b26-40d6-a14c-93656b7d1dfd@group-1778EDE7E77E:LeaderElection12] INFO  impl.LeaderElection (LeaderElection.java:logAndReturn(56)) - bd9bcf24-0b26-40d6-a14c-93656b7d1dfd@group-1778EDE7E77E:LeaderElection12: Election REJECTED; received 2 response(s) [bd9bcf24-0b26-40d6-a14c-93656b7d1dfd<-235158f5-a152-43ec-a631-d9bc5f7bf1ec#0:FAIL-t3, bd9bcf24-0b26-40d6-a14c-93656b7d1dfd<-036b7aee-ccf7-4ae1-b368-88d83e75119e#0:FAIL-t3] and 0 exception(s); bd9bcf24-0b26-40d6-a14c-93656b7d1dfd@group-1778EDE7E77E:t3, leader=null, voted=bd9bcf24-0b26-40d6-a14c-93656b7d1dfd, raftlog=bd9bcf24-0b26-40d6-a14c-93656b7d1dfd@group-1778EDE7E77E-SegmentedRaftLog:OPENED:c-1,f-1,i0, conf=-1: [bd9bcf24-0b26-40d6-a14c-93656b7d1dfd:192.168.151.72:42009, 235158f5-a152-43ec-a631-d9bc5f7bf1ec:192.168.151.72:41830, 036b7aee-ccf7-4ae1-b368-88d83e75119e:192.168.151.72:35336], old=null
2019-09-17 13:48:08,272 [036b7aee-ccf7-4ae1-b368-88d83e75119e@group-1778EDE7E77E:LeaderElection14] INFO  impl.RoleInfo (RoleInfo.java:shutdownLeaderElection(134)) - 036b7aee-ccf7-4ae1-b368-88d83e75119e: shutdown LeaderElection
2019-09-17 13:48:08,274 [bd9bcf24-0b26-40d6-a14c-93656b7d1dfd@group-1778EDE7E77E:LeaderElection12] INFO  impl.RaftServerImpl (RaftServerImpl.java:setRole(174)) - bd9bcf24-0b26-40d6-a14c-93656b7d1dfd@group-1778EDE7E77E: changes role from CANDIDATE to FOLLOWER at term 3 for DISCOVERED_A_NEW_TERM
2019-09-17 13:48:08,276 [036b7aee-ccf7-4ae1-b368-88d83e75119e@group-1778EDE7E77E:LeaderElection14] INFO  impl.RoleInfo (RoleInfo.java:updateAndGet(143)) - 036b7aee-ccf7-4ae1-b368-88d83e75119e: start FollowerState
2019-09-17 13:48:08,276 [bd9bcf24-0b26-40d6-a14c-93656b7d1dfd@group-1778EDE7E77E:LeaderElection12] INFO  impl.RoleInfo (RoleInfo.java:shutdownLeaderElection(134)) - bd9bcf24-0b26-40d6-a14c-93656b7d1dfd: shutdown LeaderElection
2019-09-17 13:48:08,277 [bd9bcf24-0b26-40d6-a14c-93656b7d1dfd@group-1778EDE7E77E:LeaderElection12] INFO  impl.RoleInfo (RoleInfo.java:updateAndGet(143)) - bd9bcf24-0b26-40d6-a14c-93656b7d1dfd: start FollowerState
2019-09-17 13:48:08,786 [grpc-default-executor-4] INFO  client.GrpcClientProtocolClient (GrpcClientProtocolClient.java:onNext(264)) - client-DD5CC30BC133->bd9bcf24-0b26-40d6-a14c-93656b7d1dfd: receive RaftClientReply:client-DD5CC30BC133->bd9bcf24-0b26-40d6-a14c-93656b7d1dfd@group-1778EDE7E77E, cid=7, FAILED org.apache.ratis.protocol.NotLeaderException: Server bd9bcf24-0b26-40d6-a14c-93656b7d1dfd@group-1778EDE7E77E is not the leader, logIndex=0, commits[bd9bcf24-0b26-40d6-a14c-93656b7d1dfd:c-1]
2019-09-17 13:48:09,814 [grpc-default-executor-1] INFO  client.GrpcClientProtocolClient (GrpcClientProtocolClient.java:onNext(264)) - client-DD5CC30BC133->235158f5-a152-43ec-a631-d9bc5f7bf1ec: receive RaftClientReply:client-DD5CC30BC133->235158f5-a152-43ec-a631-d9bc5f7bf1ec@group-1778EDE7E77E, cid=7, FAILED org.apache.ratis.protocol.NotLeaderException: Server 235158f5-a152-43ec-a631-d9bc5f7bf1ec@group-1778EDE7E77E is not the leader, logIndex=0, commits[235158f5-a152-43ec-a631-d9bc5f7bf1ec:c-1]
2019-09-17 13:48:10,835 [grpc-default-executor-4] INFO  client.GrpcClientProtocolClient (GrpcClientProtocolClient.java:onNext(264)) - client-DD5CC30BC133->036b7aee-ccf7-4ae1-b368-88d83e75119e: receive RaftClientReply:client-DD5CC30BC133->036b7aee-ccf7-4ae1-b368-88d83e75119e@group-1778EDE7E77E, cid=7, FAILED org.apache.ratis.protocol.NotLeaderException: Server 036b7aee-ccf7-4ae1-b368-88d83e75119e@group-1778EDE7E77E is not the leader, logIndex=0, commits[036b7aee-ccf7-4ae1-b368-88d83e75119e:c-1]
2019-09-17 13:48:11,855 [grpc-default-executor-1] INFO  client.GrpcClientProtocolClient (GrpcClientProtocolClient.java:onNext(264)) - client-DD5CC30BC133->bd9bcf24-0b26-40d6-a14c-93656b7d1dfd: receive RaftClientReply:client-DD5CC30BC133->bd9bcf24-0b26-40d6-a14c-93656b7d1dfd@group-1778EDE7E77E, cid=7, FAILED org.apache.ratis.protocol.NotLeaderException: Server bd9bcf24-0b26-40d6-a14c-93656b7d1dfd@group-1778EDE7E77E is not the leader, logIndex=0, commits[bd9bcf24-0b26-40d6-a14c-93656b7d1dfd:c-1]
2019-09-17 13:48:12,876 [grpc-default-executor-4] INFO  client.GrpcClientProtocolClient (GrpcClientProtocolClient.java:onNext(264)) - client-DD5CC30BC133->235158f5-a152-43ec-a631-d9bc5f7bf1ec: receive RaftClientReply:client-DD5CC30BC133->235158f5-a152-43ec-a631-d9bc5f7bf1ec@group-1778EDE7E77E, cid=7, FAILED org.apache.ratis.protocol.NotLeaderException: Server 235158f5-a152-43ec-a631-d9bc5f7bf1ec@group-1778EDE7E77E is not the leader, logIndex=0, commits[235158f5-a152-43ec-a631-d9bc5f7bf1ec:c-1]
2019-09-17 13:48:13,297 [Thread-307] INFO  impl.FollowerState (FollowerState.java:run(106)) - 235158f5-a152-43ec-a631-d9bc5f7bf1ec:group-1778EDE7E77E changes to CANDIDATE, lastRpcTime:5028, electionTimeout:5028ms
2019-09-17 13:48:13,298 [Thread-307] INFO  impl.RoleInfo (RoleInfo.java:shutdownFollowerState(121)) - 235158f5-a152-43ec-a631-d9bc5f7bf1ec: shutdown FollowerState
2019-09-17 13:48:13,298 [Thread-307] INFO  impl.RaftServerImpl (RaftServerImpl.java:setRole(174)) - 235158f5-a152-43ec-a631-d9bc5f7bf1ec@group-1778EDE7E77E: changes role from  FOLLOWER to CANDIDATE at term 3 for changeToCandidate
2019-09-17 13:48:13,298 [Thread-307] INFO  impl.RoleInfo (RoleInfo.java:updateAndGet(143)) - 235158f5-a152-43ec-a631-d9bc5f7bf1ec: start LeaderElection
2019-09-17 13:48:13,305 [Thread-309] INFO  impl.FollowerState (FollowerState.java:run(106)) - bd9bcf24-0b26-40d6-a14c-93656b7d1dfd:group-1778EDE7E77E changes to CANDIDATE, lastRpcTime:5027, electionTimeout:5027ms
2019-09-17 13:48:13,305 [Thread-309] INFO  impl.RoleInfo (RoleInfo.java:shutdownFollowerState(121)) - bd9bcf24-0b26-40d6-a14c-93656b7d1dfd: shutdown FollowerState
2019-09-17 13:48:13,306 [Thread-309] INFO  impl.RaftServerImpl (RaftServerImpl.java:setRole(174)) - bd9bcf24-0b26-40d6-a14c-93656b7d1dfd@group-1778EDE7E77E: changes role from  FOLLOWER to CANDIDATE at term 3 for changeToCandidate
2019-09-17 13:48:13,306 [Thread-309] INFO  impl.RoleInfo (RoleInfo.java:updateAndGet(143)) - bd9bcf24-0b26-40d6-a14c-93656b7d1dfd: start LeaderElection
2019-09-17 13:48:13,332 [Thread-308] INFO  impl.FollowerState (FollowerState.java:run(106)) - 036b7aee-ccf7-4ae1-b368-88d83e75119e:group-1778EDE7E77E changes to CANDIDATE, lastRpcTime:5055, electionTimeout:5054ms
2019-09-17 13:48:13,332 [Thread-308] INFO  impl.RoleInfo (RoleInfo.java:shutdownFollowerState(121)) - 036b7aee-ccf7-4ae1-b368-88d83e75119e: shutdown FollowerState
2019-09-17 13:48:13,332 [Thread-308] INFO  impl.RaftServerImpl (RaftServerImpl.java:setRole(174)) - 036b7aee-ccf7-4ae1-b368-88d83e75119e@group-1778EDE7E77E: changes role from  FOLLOWER to CANDIDATE at term 3 for changeToCandidate
2019-09-17 13:48:13,332 [Thread-308] INFO  impl.RoleInfo (RoleInfo.java:updateAndGet(143)) - 036b7aee-ccf7-4ae1-b368-88d83e75119e: start LeaderElection
2019-09-17 13:48:13,899 [grpc-default-executor-1] INFO  client.GrpcClientProtocolClient (GrpcClientProtocolClient.java:onNext(264)) - client-DD5CC30BC133->036b7aee-ccf7-4ae1-b368-88d83e75119e: receive RaftClientReply:client-DD5CC30BC133->036b7aee-ccf7-4ae1-b368-88d83e75119e@group-1778EDE7E77E, cid=7, FAILED org.apache.ratis.protocol.NotLeaderException: Server 036b7aee-ccf7-4ae1-b368-88d83e75119e@group-1778EDE7E77E is not the leader, logIndex=0, commits[036b7aee-ccf7-4ae1-b368-88d83e75119e:c-1]
2019-09-17 13:48:14,922 [grpc-default-executor-4] INFO  client.GrpcClientProtocolClient (GrpcClientProtocolClient.java:onNext(264)) - client-DD5CC30BC133->235158f5-a152-43ec-a631-d9bc5f7bf1ec: receive RaftClientReply:client-DD5CC30BC133->235158f5-a152-43ec-a631-d9bc5f7bf1ec@group-1778EDE7E77E, cid=7, FAILED org.apache.ratis.protocol.NotLeaderException: Server 235158f5-a152-43ec-a631-d9bc5f7bf1ec@group-1778EDE7E77E is not the leader, logIndex=0, commits[235158f5-a152-43ec-a631-d9bc5f7bf1ec:c-1]
2019-09-17 13:48:15,360 [bd9bcf24-0b26-40d6-a14c-93656b7d1dfd@group-1778EDE7E77E:LeaderElection16] INFO  impl.LeaderElection (LeaderElection.java:askForVotes(182)) - bd9bcf24-0b26-40d6-a14c-93656b7d1dfd@group-1778EDE7E77E:LeaderElection16: begin an election at term 4 for -1: [bd9bcf24-0b26-40d6-a14c-93656b7d1dfd:192.168.151.72:42009, 235158f5-a152-43ec-a631-d9bc5f7bf1ec:192.168.151.72:41830, 036b7aee-ccf7-4ae1-b368-88d83e75119e:192.168.151.72:35336], old=null
2019-09-17 13:48:15,360 [235158f5-a152-43ec-a631-d9bc5f7bf1ec@group-1778EDE7E77E:LeaderElection15] INFO  impl.LeaderElection (LeaderElection.java:askForVotes(182)) - 235158f5-a152-43ec-a631-d9bc5f7bf1ec@group-1778EDE7E77E:LeaderElection15: begin an election at term 4 for -1: [bd9bcf24-0b26-40d6-a14c-93656b7d1dfd:192.168.151.72:42009, 235158f5-a152-43ec-a631-d9bc5f7bf1ec:192.168.151.72:41830, 036b7aee-ccf7-4ae1-b368-88d83e75119e:192.168.151.72:35336], old=null
2019-09-17 13:48:15,689 [036b7aee-ccf7-4ae1-b368-88d83e75119e@group-1778EDE7E77E:LeaderElection17] INFO  impl.LeaderElection (LeaderElection.java:askForVotes(182)) - 036b7aee-ccf7-4ae1-b368-88d83e75119e@group-1778EDE7E77E:LeaderElection17: begin an election at term 4 for -1: [bd9bcf24-0b26-40d6-a14c-93656b7d1dfd:192.168.151.72:42009, 235158f5-a152-43ec-a631-d9bc5f7bf1ec:192.168.151.72:41830, 036b7aee-ccf7-4ae1-b368-88d83e75119e:192.168.151.72:35336], old=null
2019-09-17 13:48:15,693 [235158f5-a152-43ec-a631-d9bc5f7bf1ec@group-1778EDE7E77E:LeaderElection15] INFO  impl.LeaderElection (LeaderElection.java:logAndReturn(56)) - 235158f5-a152-43ec-a631-d9bc5f7bf1ec@group-1778EDE7E77E:LeaderElection15: Election REJECTED; received 2 response(s) [235158f5-a152-43ec-a631-d9bc5f7bf1ec<-bd9bcf24-0b26-40d6-a14c-93656b7d1dfd#0:FAIL-t4, 235158f5-a152-43ec-a631-d9bc5f7bf1ec<-036b7aee-ccf7-4ae1-b368-88d83e75119e#0:FAIL-t4] and 0 exception(s); 235158f5-a152-43ec-a631-d9bc5f7bf1ec@group-1778EDE7E77E:t4, leader=null, voted=235158f5-a152-43ec-a631-d9bc5f7bf1ec, raftlog=235158f5-a152-43ec-a631-d9bc5f7bf1ec@group-1778EDE7E77E-SegmentedRaftLog:OPENED:c-1,f-1,i0, conf=-1: [bd9bcf24-0b26-40d6-a14c-93656b7d1dfd:192.168.151.72:42009, 235158f5-a152-43ec-a631-d9bc5f7bf1ec:192.168.151.72:41830, 036b7aee-ccf7-4ae1-b368-88d83e75119e:192.168.151.72:35336], old=null
2019-09-17 13:48:15,693 [bd9bcf24-0b26-40d6-a14c-93656b7d1dfd@group-1778EDE7E77E:LeaderElection16] INFO  impl.LeaderElection (LeaderElection.java:logAndReturn(56)) - bd9bcf24-0b26-40d6-a14c-93656b7d1dfd@group-1778EDE7E77E:LeaderElection16: Election REJECTED; received 2 response(s) [bd9bcf24-0b26-40d6-a14c-93656b7d1dfd<-235158f5-a152-43ec-a631-d9bc5f7bf1ec#0:FAIL-t4, bd9bcf24-0b26-40d6-a14c-93656b7d1dfd<-036b7aee-ccf7-4ae1-b368-88d83e75119e#0:FAIL-t4] and 0 exception(s); bd9bcf24-0b26-40d6-a14c-93656b7d1dfd@group-1778EDE7E77E:t4, leader=null, voted=bd9bcf24-0b26-40d6-a14c-93656b7d1dfd, raftlog=bd9bcf24-0b26-40d6-a14c-93656b7d1dfd@group-1778EDE7E77E-SegmentedRaftLog:OPENED:c-1,f-1,i0, conf=-1: [bd9bcf24-0b26-40d6-a14c-93656b7d1dfd:192.168.151.72:42009, 235158f5-a152-43ec-a631-d9bc5f7bf1ec:192.168.151.72:41830, 036b7aee-ccf7-4ae1-b368-88d83e75119e:192.168.151.72:35336], old=null
2019-09-17 13:48:15,693 [235158f5-a152-43ec-a631-d9bc5f7bf1ec@group-1778EDE7E77E:LeaderElection15] INFO  impl.RaftServerImpl (RaftServerImpl.java:setRole(174)) - 235158f5-a152-43ec-a631-d9bc5f7bf1ec@group-1778EDE7E77E: changes role from CANDIDATE to FOLLOWER at term 4 for DISCOVERED_A_NEW_TERM
2019-09-17 13:48:15,699 [235158f5-a152-43ec-a631-d9bc5f7bf1ec@group-1778EDE7E77E:LeaderElection15] INFO  impl.RoleInfo (RoleInfo.java:shutdownLeaderElection(134)) - 235158f5-a152-43ec-a631-d9bc5f7bf1ec: shutdown LeaderElection
2019-09-17 13:48:15,699 [bd9bcf24-0b26-40d6-a14c-93656b7d1dfd@group-1778EDE7E77E:LeaderElection16] INFO  impl.RaftServerImpl (RaftServerImpl.java:setRole(174)) - bd9bcf24-0b26-40d6-a14c-93656b7d1dfd@group-1778EDE7E77E: changes role from CANDIDATE to FOLLOWER at term 4 for DISCOVERED_A_NEW_TERM
2019-09-17 13:48:15,701 [235158f5-a152-43ec-a631-d9bc5f7bf1ec@group-1778EDE7E77E:LeaderElection15] INFO  impl.RoleInfo (RoleInfo.java:updateAndGet(143)) - 235158f5-a152-43ec-a631-d9bc5f7bf1ec: start FollowerState
2019-09-17 13:48:15,701 [bd9bcf24-0b26-40d6-a14c-93656b7d1dfd@group-1778EDE7E77E:LeaderElection16] INFO  impl.RoleInfo (RoleInfo.java:shutdownLeaderElection(134)) - bd9bcf24-0b26-40d6-a14c-93656b7d1dfd: shutdown LeaderElection
2019-09-17 13:48:15,702 [bd9bcf24-0b26-40d6-a14c-93656b7d1dfd@group-1778EDE7E77E:LeaderElection16] INFO  impl.RoleInfo (RoleInfo.java:updateAndGet(143)) - bd9bcf24-0b26-40d6-a14c-93656b7d1dfd: start FollowerState
2019-09-17 13:48:15,704 [036b7aee-ccf7-4ae1-b368-88d83e75119e@group-1778EDE7E77E:LeaderElection17] INFO  impl.LeaderElection (LeaderElection.java:logAndReturn(56)) - 036b7aee-ccf7-4ae1-b368-88d83e75119e@group-1778EDE7E77E:LeaderElection17: Election REJECTED; received 2 response(s) [036b7aee-ccf7-4ae1-b368-88d83e75119e<-bd9bcf24-0b26-40d6-a14c-93656b7d1dfd#0:FAIL-t4, 036b7aee-ccf7-4ae1-b368-88d83e75119e<-235158f5-a152-43ec-a631-d9bc5f7bf1ec#0:FAIL-t4] and 0 exception(s); 036b7aee-ccf7-4ae1-b368-88d83e75119e@group-1778EDE7E77E:t4, leader=null, voted=036b7aee-ccf7-4ae1-b368-88d83e75119e, raftlog=036b7aee-ccf7-4ae1-b368-88d83e75119e@group-1778EDE7E77E-SegmentedRaftLog:OPENED:c-1,f-1,i0, conf=-1: [bd9bcf24-0b26-40d6-a14c-93656b7d1dfd:192.168.151.72:42009, 235158f5-a152-43ec-a631-d9bc5f7bf1ec:192.168.151.72:41830, 036b7aee-ccf7-4ae1-b368-88d83e75119e:192.168.151.72:35336], old=null
2019-09-17 13:48:15,704 [036b7aee-ccf7-4ae1-b368-88d83e75119e@group-1778EDE7E77E:LeaderElection17] INFO  impl.RaftServerImpl (RaftServerImpl.java:setRole(174)) - 036b7aee-ccf7-4ae1-b368-88d83e75119e@group-1778EDE7E77E: changes role from CANDIDATE to FOLLOWER at term 4 for DISCOVERED_A_NEW_TERM
2019-09-17 13:48:15,704 [036b7aee-ccf7-4ae1-b368-88d83e75119e@group-1778EDE7E77E:LeaderElection17] INFO  impl.RoleInfo (RoleInfo.java:shutdownLeaderElection(134)) - 036b7aee-ccf7-4ae1-b368-88d83e75119e: shutdown LeaderElection
2019-09-17 13:48:15,704 [036b7aee-ccf7-4ae1-b368-88d83e75119e@group-1778EDE7E77E:LeaderElection17] INFO  impl.RoleInfo (RoleInfo.java:updateAndGet(143)) - 036b7aee-ccf7-4ae1-b368-88d83e75119e: start FollowerState
2019-09-17 13:48:15,957 [grpc-default-executor-5] INFO  client.GrpcClientProtocolClient (GrpcClientProtocolClient.java:onNext(264)) - client-DD5CC30BC133->bd9bcf24-0b26-40d6-a14c-93656b7d1dfd: receive RaftClientReply:client-DD5CC30BC133->bd9bcf24-0b26-40d6-a14c-93656b7d1dfd@group-1778EDE7E77E, cid=7, FAILED org.apache.ratis.protocol.NotLeaderException: Server bd9bcf24-0b26-40d6-a14c-93656b7d1dfd@group-1778EDE7E77E is not the leader, logIndex=0, commits[bd9bcf24-0b26-40d6-a14c-93656b7d1dfd:c-1]
2019-09-17 13:48:16,980 [grpc-default-executor-1] INFO  client.GrpcClientProtocolClient (GrpcClientProtocolClient.java:onNext(264)) - client-DD5CC30BC133->235158f5-a152-43ec-a631-d9bc5f7bf1ec: receive RaftClientReply:client-DD5CC30BC133->235158f5-a152-43ec-a631-d9bc5f7bf1ec@group-1778EDE7E77E, cid=7, FAILED org.apache.ratis.protocol.NotLeaderException: Server 235158f5-a152-43ec-a631-d9bc5f7bf1ec@group-1778EDE7E77E is not the leader, logIndex=0, commits[235158f5-a152-43ec-a631-d9bc5f7bf1ec:c-1]
2019-09-17 13:48:18,005 [grpc-default-executor-5] INFO  client.GrpcClientProtocolClient (GrpcClientProtocolClient.java:onNext(264)) - client-DD5CC30BC133->bd9bcf24-0b26-40d6-a14c-93656b7d1dfd: receive RaftClientReply:client-DD5CC30BC133->bd9bcf24-0b26-40d6-a14c-93656b7d1dfd@group-1778EDE7E77E, cid=7, FAILED org.apache.ratis.protocol.NotLeaderException: Server bd9bcf24-0b26-40d6-a14c-93656b7d1dfd@group-1778EDE7E77E is not the leader, logIndex=0, commits[bd9bcf24-0b26-40d6-a14c-93656b7d1dfd:c-1]
2019-09-17 13:48:19,022 [grpc-default-executor-1] INFO  client.GrpcClientProtocolClient (GrpcClientProtocolClient.java:onNext(264)) - client-DD5CC30BC133->036b7aee-ccf7-4ae1-b368-88d83e75119e: receive RaftClientReply:client-DD5CC30BC133->036b7aee-ccf7-4ae1-b368-88d83e75119e@group-1778EDE7E77E, cid=7, FAILED org.apache.ratis.protocol.NotLeaderException: Server 036b7aee-ccf7-4ae1-b368-88d83e75119e@group-1778EDE7E77E is not the leader, logIndex=0, commits[036b7aee-ccf7-4ae1-b368-88d83e75119e:c-1]
2019-09-17 13:48:20,051 [grpc-default-executor-5] INFO  client.GrpcClientProtocolClient (GrpcClientProtocolClient.java:onNext(264)) - client-DD5CC30BC133->235158f5-a152-43ec-a631-d9bc5f7bf1ec: receive RaftClientReply:client-DD5CC30BC133->235158f5-a152-43ec-a631-d9bc5f7bf1ec@group-1778EDE7E77E, cid=7, FAILED org.apache.ratis.protocol.NotLeaderException: Server 235158f5-a152-43ec-a631-d9bc5f7bf1ec@group-1778EDE7E77E is not the leader, logIndex=0, commits[235158f5-a152-43ec-a631-d9bc5f7bf1ec:c-1]
2019-09-17 13:48:20,748 [Thread-336] INFO  impl.FollowerState (FollowerState.java:run(106)) - 036b7aee-ccf7-4ae1-b368-88d83e75119e:group-1778EDE7E77E changes to CANDIDATE, lastRpcTime:5043, electionTimeout:5043ms
2019-09-17 13:48:20,749 [Thread-336] INFO  impl.RoleInfo (RoleInfo.java:shutdownFollowerState(121)) - 036b7aee-ccf7-4ae1-b368-88d83e75119e: shutdown FollowerState
2019-09-17 13:48:20,750 [Thread-336] INFO  impl.RaftServerImpl (RaftServerImpl.java:setRole(174)) - 036b7aee-ccf7-4ae1-b368-88d83e75119e@group-1778EDE7E77E: changes role from  FOLLOWER to CANDIDATE at term 4 for changeToCandidate
2019-09-17 13:48:20,751 [Thread-336] INFO  impl.RoleInfo (RoleInfo.java:updateAndGet(143)) - 036b7aee-ccf7-4ae1-b368-88d83e75119e: start LeaderElection
2019-09-17 13:48:20,769 [Thread-334] INFO  impl.FollowerState (FollowerState.java:run(106)) - 235158f5-a152-43ec-a631-d9bc5f7bf1ec:group-1778EDE7E77E changes to CANDIDATE, lastRpcTime:5068, electionTimeout:5067ms
2019-09-17 13:48:20,769 [036b7aee-ccf7-4ae1-b368-88d83e75119e@group-1778EDE7E77E:LeaderElection18] INFO  impl.LeaderElection (LeaderElection.java:askForVotes(182)) - 036b7aee-ccf7-4ae1-b368-88d83e75119e@group-1778EDE7E77E:LeaderElection18: begin an election at term 5 for -1: [bd9bcf24-0b26-40d6-a14c-93656b7d1dfd:192.168.151.72:42009, 235158f5-a152-43ec-a631-d9bc5f7bf1ec:192.168.151.72:41830, 036b7aee-ccf7-4ae1-b368-88d83e75119e:192.168.151.72:35336], old=null
2019-09-17 13:48:20,769 [Thread-334] INFO  impl.RoleInfo (RoleInfo.java:shutdownFollowerState(121)) - 235158f5-a152-43ec-a631-d9bc5f7bf1ec: shutdown FollowerState
2019-09-17 13:48:20,770 [Thread-334] INFO  impl.RaftServerImpl (RaftServerImpl.java:setRole(174)) - 235158f5-a152-43ec-a631-d9bc5f7bf1ec@group-1778EDE7E77E: changes role from  FOLLOWER to CANDIDATE at term 4 for changeToCandidate
2019-09-17 13:48:20,770 [Thread-334] INFO  impl.RoleInfo (RoleInfo.java:updateAndGet(143)) - 235158f5-a152-43ec-a631-d9bc5f7bf1ec: start LeaderElection
2019-09-17 13:48:20,780 [grpc-default-executor-5] INFO  impl.RaftServerImpl (RaftServerImpl.java:setRole(174)) - bd9bcf24-0b26-40d6-a14c-93656b7d1dfd@group-1778EDE7E77E: changes role from  FOLLOWER to FOLLOWER at term 5 for recognizeCandidate:036b7aee-ccf7-4ae1-b368-88d83e75119e
2019-09-17 13:48:20,780 [grpc-default-executor-5] INFO  impl.RoleInfo (RoleInfo.java:shutdownFollowerState(121)) - bd9bcf24-0b26-40d6-a14c-93656b7d1dfd: shutdown FollowerState
2019-09-17 13:48:20,780 [grpc-default-executor-5] INFO  impl.RoleInfo (RoleInfo.java:updateAndGet(143)) - bd9bcf24-0b26-40d6-a14c-93656b7d1dfd: start FollowerState
2019-09-17 13:48:20,781 [Thread-335] INFO  impl.FollowerState (FollowerState.java:run(115)) - bd9bcf24-0b26-40d6-a14c-93656b7d1dfd: FollowerState was interrupted: java.lang.InterruptedException: sleep interrupted
2019-09-17 13:48:20,799 [235158f5-a152-43ec-a631-d9bc5f7bf1ec@group-1778EDE7E77E:LeaderElection19] INFO  impl.LeaderElection (LeaderElection.java:askForVotes(182)) - 235158f5-a152-43ec-a631-d9bc5f7bf1ec@group-1778EDE7E77E:LeaderElection19: begin an election at term 5 for -1: [bd9bcf24-0b26-40d6-a14c-93656b7d1dfd:192.168.151.72:42009, 235158f5-a152-43ec-a631-d9bc5f7bf1ec:192.168.151.72:41830, 036b7aee-ccf7-4ae1-b368-88d83e75119e:192.168.151.72:35336], old=null
2019-09-17 13:48:20,821 [235158f5-a152-43ec-a631-d9bc5f7bf1ec@group-1778EDE7E77E:LeaderElection19] INFO  impl.LeaderElection (LeaderElection.java:logAndReturn(56)) - 235158f5-a152-43ec-a631-d9bc5f7bf1ec@group-1778EDE7E77E:LeaderElection19: Election REJECTED; received 2 response(s) [235158f5-a152-43ec-a631-d9bc5f7bf1ec<-bd9bcf24-0b26-40d6-a14c-93656b7d1dfd#0:FAIL-t5, 235158f5-a152-43ec-a631-d9bc5f7bf1ec<-036b7aee-ccf7-4ae1-b368-88d83e75119e#0:FAIL-t5] and 0 exception(s); 235158f5-a152-43ec-a631-d9bc5f7bf1ec@group-1778EDE7E77E:t5, leader=null, voted=235158f5-a152-43ec-a631-d9bc5f7bf1ec, raftlog=235158f5-a152-43ec-a631-d9bc5f7bf1ec@group-1778EDE7E77E-SegmentedRaftLog:OPENED:c-1,f-1,i0, conf=-1: [bd9bcf24-0b26-40d6-a14c-93656b7d1dfd:192.168.151.72:42009, 235158f5-a152-43ec-a631-d9bc5f7bf1ec:192.168.151.72:41830, 036b7aee-ccf7-4ae1-b368-88d83e75119e:192.168.151.72:35336], old=null
2019-09-17 13:48:20,821 [036b7aee-ccf7-4ae1-b368-88d83e75119e@group-1778EDE7E77E:LeaderElection18] INFO  impl.LeaderElection (LeaderElection.java:logAndReturn(56)) - 036b7aee-ccf7-4ae1-b368-88d83e75119e@group-1778EDE7E77E:LeaderElection18: Election PASSED; received 2 response(s) [036b7aee-ccf7-4ae1-b368-88d83e75119e<-bd9bcf24-0b26-40d6-a14c-93656b7d1dfd#0:OK-t5, 036b7aee-ccf7-4ae1-b368-88d83e75119e<-235158f5-a152-43ec-a631-d9bc5f7bf1ec#0:FAIL-t5] and 0 exception(s); 036b7aee-ccf7-4ae1-b368-88d83e75119e@group-1778EDE7E77E:t5, leader=null, voted=036b7aee-ccf7-4ae1-b368-88d83e75119e, raftlog=036b7aee-ccf7-4ae1-b368-88d83e75119e@group-1778EDE7E77E-SegmentedRaftLog:OPENED:c-1,f-1,i0, conf=-1: [bd9bcf24-0b26-40d6-a14c-93656b7d1dfd:192.168.151.72:42009, 235158f5-a152-43ec-a631-d9bc5f7bf1ec:192.168.151.72:41830, 036b7aee-ccf7-4ae1-b368-88d83e75119e:192.168.151.72:35336], old=null
2019-09-17 13:48:20,822 [235158f5-a152-43ec-a631-d9bc5f7bf1ec@group-1778EDE7E77E:LeaderElection19] INFO  impl.RaftServerImpl (RaftServerImpl.java:setRole(174)) - 235158f5-a152-43ec-a631-d9bc5f7bf1ec@group-1778EDE7E77E: changes role from CANDIDATE to FOLLOWER at term 5 for DISCOVERED_A_NEW_TERM
2019-09-17 13:48:20,824 [235158f5-a152-43ec-a631-d9bc5f7bf1ec@group-1778EDE7E77E:LeaderElection19] INFO  impl.RoleInfo (RoleInfo.java:shutdownLeaderElection(134)) - 235158f5-a152-43ec-a631-d9bc5f7bf1ec: shutdown LeaderElection
2019-09-17 13:48:20,824 [036b7aee-ccf7-4ae1-b368-88d83e75119e@group-1778EDE7E77E:LeaderElection18] INFO  impl.RoleInfo (RoleInfo.java:shutdownLeaderElection(134)) - 036b7aee-ccf7-4ae1-b368-88d83e75119e: shutdown LeaderElection
2019-09-17 13:48:20,825 [235158f5-a152-43ec-a631-d9bc5f7bf1ec@group-1778EDE7E77E:LeaderElection19] INFO  impl.RoleInfo (RoleInfo.java:updateAndGet(143)) - 235158f5-a152-43ec-a631-d9bc5f7bf1ec: start FollowerState
2019-09-17 13:48:20,825 [036b7aee-ccf7-4ae1-b368-88d83e75119e@group-1778EDE7E77E:LeaderElection18] INFO  impl.RaftServerImpl (RaftServerImpl.java:setRole(174)) - 036b7aee-ccf7-4ae1-b368-88d83e75119e@group-1778EDE7E77E: changes role from CANDIDATE to LEADER at term 5 for changeToLeader
2019-09-17 13:48:20,825 [036b7aee-ccf7-4ae1-b368-88d83e75119e@group-1778EDE7E77E:LeaderElection18] INFO  impl.RaftServerImpl (ServerState.java:setLeader(253)) - 036b7aee-ccf7-4ae1-b368-88d83e75119e@group-1778EDE7E77E: change Leader from null to 036b7aee-ccf7-4ae1-b368-88d83e75119e at term 5 for becomeLeader, leader elected after 33177ms
2019-09-17 13:48:20,826 [036b7aee-ccf7-4ae1-b368-88d83e75119e@group-1778EDE7E77E:LeaderElection18] INFO  server.RaftServerConfigKeys (ConfUtils.java:logGet(43)) - raft.server.staging.catchup.gap = 1000 (default)
2019-09-17 13:48:20,826 [036b7aee-ccf7-4ae1-b368-88d83e75119e@group-1778EDE7E77E:LeaderElection18] INFO  server.RaftServerConfigKeys (ConfUtils.java:logGet(43)) - raft.server.rpc.sleep.time = 25ms (default)
2019-09-17 13:48:20,826 [036b7aee-ccf7-4ae1-b368-88d83e75119e@group-1778EDE7E77E:LeaderElection18] INFO  server.RaftServerConfigKeys (ConfUtils.java:logGet(43)) - raft.server.write.element-limit = 4096 (default)
2019-09-17 13:48:20,826 [036b7aee-ccf7-4ae1-b368-88d83e75119e@group-1778EDE7E77E:LeaderElection18] INFO  server.RaftServerConfigKeys (ConfUtils.java:logGet(43)) - raft.server.watch.timeout = 10s (default)
2019-09-17 13:48:20,827 [036b7aee-ccf7-4ae1-b368-88d83e75119e@group-1778EDE7E77E:LeaderElection18] INFO  server.RaftServerConfigKeys (ConfUtils.java:logGet(43)) - raft.server.watch.timeout.denomination = 1s (default)
2019-09-17 13:48:20,827 [036b7aee-ccf7-4ae1-b368-88d83e75119e@group-1778EDE7E77E:LeaderElection18] INFO  server.RaftServerConfigKeys (ConfUtils.java:logGet(43)) - raft.server.watch.element-limit = 65536 (default)
2019-09-17 13:48:20,834 [036b7aee-ccf7-4ae1-b368-88d83e75119e@group-1778EDE7E77E:LeaderElection18] INFO  server.RaftServerConfigKeys (ConfUtils.java:logGet(43)) - raft.server.log.appender.snapshot.chunk.size.max = 16MB (=16777216) (default)
2019-09-17 13:48:20,835 [036b7aee-ccf7-4ae1-b368-88d83e75119e@group-1778EDE7E77E:LeaderElection18] INFO  server.RaftServerConfigKeys (ConfUtils.java:logGet(43)) - raft.server.log.appender.buffer.byte-limit = 33554432 (custom)
2019-09-17 13:48:20,835 [036b7aee-ccf7-4ae1-b368-88d83e75119e@group-1778EDE7E77E:LeaderElection18] INFO  server.RaftServerConfigKeys (ConfUtils.java:logGet(43)) - raft.server.log.appender.buffer.element-limit = 1 (custom)
2019-09-17 13:48:20,841 [036b7aee-ccf7-4ae1-b368-88d83e75119e@group-1778EDE7E77E:LeaderElection18] INFO  grpc.GrpcConfigKeys$Server (ConfUtils.java:logGet(43)) - raft.grpc.server.leader.outstanding.appends.max = 128 (default)
2019-09-17 13:48:20,843 [036b7aee-ccf7-4ae1-b368-88d83e75119e@group-1778EDE7E77E:LeaderElection18] INFO  server.RaftServerConfigKeys (ConfUtils.java:logGet(43)) - raft.server.rpc.request.timeout = 3000ms (default)
2019-09-17 13:48:20,843 [036b7aee-ccf7-4ae1-b368-88d83e75119e@group-1778EDE7E77E:LeaderElection18] INFO  server.RaftServerConfigKeys (ConfUtils.java:logGet(43)) - raft.server.log.appender.install.snapshot.enabled = false (custom)
2019-09-17 13:48:20,844 [036b7aee-ccf7-4ae1-b368-88d83e75119e@group-1778EDE7E77E:LeaderElection18] INFO  server.RaftServerConfigKeys (ConfUtils.java:logGet(43)) - raft.server.log.appender.snapshot.chunk.size.max = 16MB (=16777216) (default)
2019-09-17 13:48:20,844 [036b7aee-ccf7-4ae1-b368-88d83e75119e@group-1778EDE7E77E:LeaderElection18] INFO  server.RaftServerConfigKeys (ConfUtils.java:logGet(43)) - raft.server.log.appender.buffer.byte-limit = 33554432 (custom)
2019-09-17 13:48:20,845 [036b7aee-ccf7-4ae1-b368-88d83e75119e@group-1778EDE7E77E:LeaderElection18] INFO  server.RaftServerConfigKeys (ConfUtils.java:logGet(43)) - raft.server.log.appender.buffer.element-limit = 1 (custom)
2019-09-17 13:48:20,845 [036b7aee-ccf7-4ae1-b368-88d83e75119e@group-1778EDE7E77E:LeaderElection18] INFO  grpc.GrpcConfigKeys$Server (ConfUtils.java:logGet(43)) - raft.grpc.server.leader.outstanding.appends.max = 128 (default)
2019-09-17 13:48:20,845 [036b7aee-ccf7-4ae1-b368-88d83e75119e@group-1778EDE7E77E:LeaderElection18] INFO  server.RaftServerConfigKeys (ConfUtils.java:logGet(43)) - raft.server.rpc.request.timeout = 3000ms (default)
2019-09-17 13:48:20,845 [036b7aee-ccf7-4ae1-b368-88d83e75119e@group-1778EDE7E77E:LeaderElection18] INFO  server.RaftServerConfigKeys (ConfUtils.java:logGet(43)) - raft.server.log.appender.install.snapshot.enabled = false (custom)
2019-09-17 13:48:20,847 [036b7aee-ccf7-4ae1-b368-88d83e75119e@group-1778EDE7E77E:LeaderElection18] INFO  impl.RoleInfo (RoleInfo.java:updateAndGet(143)) - 036b7aee-ccf7-4ae1-b368-88d83e75119e: start LeaderState
2019-09-17 13:48:20,847 [036b7aee-ccf7-4ae1-b368-88d83e75119e@group-1778EDE7E77E:LeaderElection18] INFO  segmented.SegmentedRaftLogWorker (SegmentedRaftLogWorker.java:startLogSegment(380)) - 036b7aee-ccf7-4ae1-b368-88d83e75119e@group-1778EDE7E77E-SegmentedRaftLogWorker: Starting segment from index:0
2019-09-17 13:48:20,848 [036b7aee-ccf7-4ae1-b368-88d83e75119e@group-1778EDE7E77E:LeaderElection18] INFO  impl.RaftServerImpl (ServerState.java:setRaftConf(354)) - 036b7aee-ccf7-4ae1-b368-88d83e75119e@group-1778EDE7E77E: set configuration 0: [bd9bcf24-0b26-40d6-a14c-93656b7d1dfd:192.168.151.72:42009, 235158f5-a152-43ec-a631-d9bc5f7bf1ec:192.168.151.72:41830, 036b7aee-ccf7-4ae1-b368-88d83e75119e:192.168.151.72:35336], old=null at 0
2019-09-17 13:48:20,907 [grpc-default-executor-5] INFO  impl.RaftServerImpl (ServerState.java:setLeader(253)) - 235158f5-a152-43ec-a631-d9bc5f7bf1ec@group-1778EDE7E77E: change Leader from null to 036b7aee-ccf7-4ae1-b368-88d83e75119e at term 5 for appendEntries, leader elected after 33258ms
2019-09-17 13:48:20,907 [grpc-default-executor-4] INFO  impl.RaftServerImpl (ServerState.java:setLeader(253)) - bd9bcf24-0b26-40d6-a14c-93656b7d1dfd@group-1778EDE7E77E: change Leader from null to 036b7aee-ccf7-4ae1-b368-88d83e75119e at term 5 for appendEntries, leader elected after 33258ms
2019-09-17 13:48:20,910 [036b7aee-ccf7-4ae1-b368-88d83e75119e@group-1778EDE7E77E-SegmentedRaftLogWorker] INFO  segmented.SegmentedRaftLogWorker (SegmentedRaftLogWorker.java:execute(569)) - 036b7aee-ccf7-4ae1-b368-88d83e75119e@group-1778EDE7E77E-SegmentedRaftLogWorker: created new log segment /workdir/hadoop-ozone/integration-test/target/test-dir/MiniOzoneClusterImpl-daa7203c-c96a-4121-bc5d-8329609dc0cb/datanode-0/data/ratis/b2906ef4-0cc1-4eec-9358-1778ede7e77e/current/log_inprogress_0
2019-09-17 13:48:20,935 [grpc-default-executor-5] INFO  impl.RaftServerImpl (ServerState.java:setRaftConf(354)) - 235158f5-a152-43ec-a631-d9bc5f7bf1ec@group-1778EDE7E77E: set configuration 0: [bd9bcf24-0b26-40d6-a14c-93656b7d1dfd:192.168.151.72:42009, 235158f5-a152-43ec-a631-d9bc5f7bf1ec:192.168.151.72:41830, 036b7aee-ccf7-4ae1-b368-88d83e75119e:192.168.151.72:35336], old=null at 0
2019-09-17 13:48:20,935 [grpc-default-executor-4] INFO  impl.RaftServerImpl (ServerState.java:setRaftConf(354)) - bd9bcf24-0b26-40d6-a14c-93656b7d1dfd@group-1778EDE7E77E: set configuration 0: [bd9bcf24-0b26-40d6-a14c-93656b7d1dfd:192.168.151.72:42009, 235158f5-a152-43ec-a631-d9bc5f7bf1ec:192.168.151.72:41830, 036b7aee-ccf7-4ae1-b368-88d83e75119e:192.168.151.72:35336], old=null at 0
2019-09-17 13:48:20,935 [grpc-default-executor-5] INFO  segmented.SegmentedRaftLogWorker (SegmentedRaftLogWorker.java:startLogSegment(380)) - 235158f5-a152-43ec-a631-d9bc5f7bf1ec@group-1778EDE7E77E-SegmentedRaftLogWorker: Starting segment from index:0
2019-09-17 13:48:20,935 [grpc-default-executor-4] INFO  segmented.SegmentedRaftLogWorker (SegmentedRaftLogWorker.java:startLogSegment(380)) - bd9bcf24-0b26-40d6-a14c-93656b7d1dfd@group-1778EDE7E77E-SegmentedRaftLogWorker: Starting segment from index:0
2019-09-17 13:48:20,981 [bd9bcf24-0b26-40d6-a14c-93656b7d1dfd@group-1778EDE7E77E-SegmentedRaftLogWorker] INFO  segmented.SegmentedRaftLogWorker (SegmentedRaftLogWorker.java:execute(569)) - bd9bcf24-0b26-40d6-a14c-93656b7d1dfd@group-1778EDE7E77E-SegmentedRaftLogWorker: created new log segment /workdir/hadoop-ozone/integration-test/target/test-dir/MiniOzoneClusterImpl-daa7203c-c96a-4121-bc5d-8329609dc0cb/datanode-3/data/ratis/b2906ef4-0cc1-4eec-9358-1778ede7e77e/current/log_inprogress_0
2019-09-17 13:48:20,981 [235158f5-a152-43ec-a631-d9bc5f7bf1ec@group-1778EDE7E77E-SegmentedRaftLogWorker] INFO  segmented.SegmentedRaftLogWorker (SegmentedRaftLogWorker.java:execute(569)) - 235158f5-a152-43ec-a631-d9bc5f7bf1ec@group-1778EDE7E77E-SegmentedRaftLogWorker: created new log segment /workdir/hadoop-ozone/integration-test/target/test-dir/MiniOzoneClusterImpl-daa7203c-c96a-4121-bc5d-8329609dc0cb/datanode-2/data/ratis/b2906ef4-0cc1-4eec-9358-1778ede7e77e/current/log_inprogress_0
2019-09-17 13:48:24,056 [grpc-default-executor-5] INFO  client.GrpcClientProtocolClient (GrpcClientProtocolClient.java:onNext(264)) - client-DD5CC30BC133->036b7aee-ccf7-4ae1-b368-88d83e75119e: receive RaftClientReply:client-DD5CC30BC133->036b7aee-ccf7-4ae1-b368-88d83e75119e@group-1778EDE7E77E, cid=7, SUCCESS, logIndex=1, commits[036b7aee-ccf7-4ae1-b368-88d83e75119e:c1, bd9bcf24-0b26-40d6-a14c-93656b7d1dfd:c0, 235158f5-a152-43ec-a631-d9bc5f7bf1ec:c0]
2019-09-17 13:48:24,159 [java.util.concurrent.ThreadPoolExecutor$Worker@4c05b045[State = -1, empty queue]] WARN  server.GrpcLogAppender (GrpcLogAppender.java:timeoutAppendRequest(200)) - 036b7aee-ccf7-4ae1-b368-88d83e75119e@group-1778EDE7E77E->bd9bcf24-0b26-40d6-a14c-93656b7d1dfd-GrpcLogAppender: appendEntries Timeout, request=036b7aee-ccf7-4ae1-b368-88d83e75119e->bd9bcf24-0b26-40d6-a14c-93656b7d1dfd#2-t5, previous=(t:5, i:0), leaderCommit=0, initializing? false, entries: size=1, first=(t:5, i:1), STATEMACHINELOGENTRY, client-DD5CC30BC133, cid=7
2019-09-17 13:48:25,157 [grpc-default-executor-5] WARN  server.GrpcLogAppender (GrpcLogAppender.java:onNextImpl(251)) - 036b7aee-ccf7-4ae1-b368-88d83e75119e@group-1778EDE7E77E->bd9bcf24-0b26-40d6-a14c-93656b7d1dfd-AppendLogResponseHandler: Request not found, ignoring reply: 036b7aee-ccf7-4ae1-b368-88d83e75119e<-bd9bcf24-0b26-40d6-a14c-93656b7d1dfd#2:OK,SUCCESS,nextIndex:2,term:5,followerCommit:0
2019-09-17 13:48:25,406 [grpc-default-executor-1] INFO  client.GrpcClientProtocolClient (GrpcClientProtocolClient.java:onNext(264)) - client-DD5CC30BC133->036b7aee-ccf7-4ae1-b368-88d83e75119e: receive RaftClientReply:client-DD5CC30BC133->036b7aee-ccf7-4ae1-b368-88d83e75119e@group-1778EDE7E77E, cid=8, SUCCESS, logIndex=3, commits[036b7aee-ccf7-4ae1-b368-88d83e75119e:c4, bd9bcf24-0b26-40d6-a14c-93656b7d1dfd:c3, 235158f5-a152-43ec-a631-d9bc5f7bf1ec:c3]
2019-09-17 13:48:25,448 [Thread-223] INFO  pipeline.SCMPipelineManager (SCMPipelineManager.java:finalizeAndDestroyPipeline(311)) - destroying pipeline:Pipeline[ Id: b2906ef4-0cc1-4eec-9358-1778ede7e77e, Nodes: 235158f5-a152-43ec-a631-d9bc5f7bf1ec{ip: 192.168.151.72, host: pr-hdds-2137-trunk-f8w4d-2934045284, networkLocation: /rack1, certSerialId: null}bd9bcf24-0b26-40d6-a14c-93656b7d1dfd{ip: 192.168.151.72, host: pr-hdds-2137-trunk-f8w4d-2934045284, networkLocation: /rack1, certSerialId: null}036b7aee-ccf7-4ae1-b368-88d83e75119e{ip: 192.168.151.72, host: pr-hdds-2137-trunk-f8w4d-2934045284, networkLocation: /rack1, certSerialId: null}, Type:RATIS, Factor:THREE, State:OPEN]
2019-09-17 13:48:25,448 [Thread-223] INFO  pipeline.PipelineStateManager (PipelineStateManager.java:finalizePipeline(123)) - Pipeline Pipeline[ Id: b2906ef4-0cc1-4eec-9358-1778ede7e77e, Nodes: 235158f5-a152-43ec-a631-d9bc5f7bf1ec{ip: 192.168.151.72, host: pr-hdds-2137-trunk-f8w4d-2934045284, networkLocation: /rack1, certSerialId: null}bd9bcf24-0b26-40d6-a14c-93656b7d1dfd{ip: 192.168.151.72, host: pr-hdds-2137-trunk-f8w4d-2934045284, networkLocation: /rack1, certSerialId: null}036b7aee-ccf7-4ae1-b368-88d83e75119e{ip: 192.168.151.72, host: pr-hdds-2137-trunk-f8w4d-2934045284, networkLocation: /rack1, certSerialId: null}, Type:RATIS, Factor:THREE, State:CLOSED] moved to CLOSED state
2019-09-17 13:48:25,449 [EventQueue-CloseContainerForCloseContainerEventHandler] INFO  container.CloseContainerEventHandler (CloseContainerEventHandler.java:onMessage(61)) - Close container Event triggered for container : #1
2019-09-17 13:48:26,016 [Datanode State Machine Thread - 0] INFO  statemachine.DatanodeStateMachine (DatanodeStateMachine.java:lambda$startDaemon$0(350)) - Ozone container server started.
2019-09-17 13:48:27,366 [RatisApplyTransactionExecutor 1] INFO  interfaces.Container (KeyValueContainer.java:flushAndSyncDB(386)) - Container 1 is synced with bcsId 3.
2019-09-17 13:48:27,366 [RatisApplyTransactionExecutor 1] INFO  interfaces.Container (KeyValueContainer.java:flushAndSyncDB(386)) - Container 1 is synced with bcsId 3.
2019-09-17 13:48:27,367 [RatisApplyTransactionExecutor 1] INFO  interfaces.Container (KeyValueContainer.java:flushAndSyncDB(386)) - Container 1 is synced with bcsId 3.
2019-09-17 13:48:27,369 [RatisApplyTransactionExecutor 1] INFO  interfaces.Container (KeyValueContainer.java:flushAndSyncDB(386)) - Container 1 is synced with bcsId 3.
2019-09-17 13:48:27,386 [RatisApplyTransactionExecutor 1] INFO  interfaces.Container (KeyValueContainer.java:close(335)) - Container 1 is closed with bcsId 3.
2019-09-17 13:48:27,386 [RatisApplyTransactionExecutor 1] INFO  interfaces.Container (KeyValueContainer.java:close(335)) - Container 1 is closed with bcsId 3.
2019-09-17 13:48:27,392 [EventQueue-IncrementalContainerReportForIncrementalContainerReportHandler] INFO  container.IncrementalContainerReportHandler (AbstractContainerReportHandler.java:updateContainerState(176)) - Moving container #1 to CLOSED state, datanode bd9bcf24-0b26-40d6-a14c-93656b7d1dfd{ip: 192.168.151.72, host: pr-hdds-2137-trunk-f8w4d-2934045284, networkLocation: /rack1, certSerialId: null} reported CLOSED replica.
2019-09-17 13:48:27,411 [RatisApplyTransactionExecutor 1] INFO  interfaces.Container (KeyValueContainer.java:flushAndSyncDB(386)) - Container 1 is synced with bcsId 3.
2019-09-17 13:48:27,411 [RatisApplyTransactionExecutor 1] INFO  interfaces.Container (KeyValueContainer.java:flushAndSyncDB(386)) - Container 1 is synced with bcsId 3.
2019-09-17 13:48:27,439 [RatisApplyTransactionExecutor 1] INFO  interfaces.Container (KeyValueContainer.java:close(335)) - Container 1 is closed with bcsId 3.
2019-09-17 13:48:30,455 [Thread-223] INFO  ozoneimpl.OzoneContainer (OzoneContainer.java:stop(231)) - Attempting to stop container services.
2019-09-17 13:48:30,457 [Thread-223] INFO  impl.RaftServerProxy (RaftServerProxy.java:lambda$close$4(314)) - 235158f5-a152-43ec-a631-d9bc5f7bf1ec: close
2019-09-17 13:48:30,459 [Thread-223] INFO  impl.RaftServerImpl (RaftServerImpl.java:lambda$shutdown$3(251)) - 235158f5-a152-43ec-a631-d9bc5f7bf1ec@group-1778EDE7E77E: shutdown
2019-09-17 13:48:30,459 [Thread-223] INFO  util.JmxRegister (JmxRegister.java:unregister(73)) - Successfully un-registered JMX Bean with object name Ratis:service=RaftServer,group=group-1778EDE7E77E,id=235158f5-a152-43ec-a631-d9bc5f7bf1ec
2019-09-17 13:48:30,460 [Thread-223] INFO  impl.RoleInfo (RoleInfo.java:shutdownFollowerState(121)) - 235158f5-a152-43ec-a631-d9bc5f7bf1ec: shutdown FollowerState
2019-09-17 13:48:30,460 [Thread-223] INFO  impl.StateMachineUpdater (StateMachineUpdater.java:stopAndJoin(125)) - 235158f5-a152-43ec-a631-d9bc5f7bf1ec@group-1778EDE7E77E-StateMachineUpdater: set stopIndex = 6
2019-09-17 13:48:30,460 [Thread-354] INFO  impl.FollowerState (FollowerState.java:run(115)) - 235158f5-a152-43ec-a631-d9bc5f7bf1ec: FollowerState was interrupted: java.lang.InterruptedException: sleep interrupted
2019-09-17 13:48:30,463 [235158f5-a152-43ec-a631-d9bc5f7bf1ec@group-1778EDE7E77E-StateMachineUpdater] INFO  ratis.ContainerStateMachine (ContainerStateMachine.java:takeSnapshot(289)) - group-1778EDE7E77E: Taking a snapshot at:(t:5, i:5) file /workdir/hadoop-ozone/integration-test/target/test-dir/MiniOzoneClusterImpl-daa7203c-c96a-4121-bc5d-8329609dc0cb/datanode-2/data/ratis/b2906ef4-0cc1-4eec-9358-1778ede7e77e/sm/snapshot.5_5
2019-09-17 13:48:30,837 [235158f5-a152-43ec-a631-d9bc5f7bf1ec@group-1778EDE7E77E-StateMachineUpdater] INFO  ratis.ContainerStateMachine (ContainerStateMachine.java:takeSnapshot(300)) - group-1778EDE7E77E: Finished taking a snapshot at:(t:5, i:5) file:/workdir/hadoop-ozone/integration-test/target/test-dir/MiniOzoneClusterImpl-daa7203c-c96a-4121-bc5d-8329609dc0cb/datanode-2/data/ratis/b2906ef4-0cc1-4eec-9358-1778ede7e77e/sm/snapshot.5_5 time:377
2019-09-17 13:48:30,840 [235158f5-a152-43ec-a631-d9bc5f7bf1ec@group-1778EDE7E77E-StateMachineUpdater] INFO  impl.StateMachineUpdater (StateMachineUpdater.java:takeSnapshot(258)) - 235158f5-a152-43ec-a631-d9bc5f7bf1ec@group-1778EDE7E77E-StateMachineUpdater: Took a snapshot at index 5
2019-09-17 13:48:30,841 [235158f5-a152-43ec-a631-d9bc5f7bf1ec@group-1778EDE7E77E-StateMachineUpdater] INFO  impl.StateMachineUpdater (StateMachineUpdater.java:lambda$new$0(83)) - 235158f5-a152-43ec-a631-d9bc5f7bf1ec@group-1778EDE7E77E-StateMachineUpdater: snapshotIndex: updateIncreasingly -1 -> 5
2019-09-17 13:48:30,847 [235158f5-a152-43ec-a631-d9bc5f7bf1ec@group-1778EDE7E77E-StateMachineUpdater] INFO  ratis.ContainerStateMachine (ContainerStateMachine.java:takeSnapshot(289)) - group-1778EDE7E77E: Taking a snapshot at:(t:5, i:5) file /workdir/hadoop-ozone/integration-test/target/test-dir/MiniOzoneClusterImpl-daa7203c-c96a-4121-bc5d-8329609dc0cb/datanode-2/data/ratis/b2906ef4-0cc1-4eec-9358-1778ede7e77e/sm/snapshot.5_5
2019-09-17 13:48:31,183 [235158f5-a152-43ec-a631-d9bc5f7bf1ec@group-1778EDE7E77E-StateMachineUpdater] INFO  ratis.ContainerStateMachine (ContainerStateMachine.java:takeSnapshot(300)) - group-1778EDE7E77E: Finished taking a snapshot at:(t:5, i:5) file:/workdir/hadoop-ozone/integration-test/target/test-dir/MiniOzoneClusterImpl-daa7203c-c96a-4121-bc5d-8329609dc0cb/datanode-2/data/ratis/b2906ef4-0cc1-4eec-9358-1778ede7e77e/sm/snapshot.5_5 time:337
2019-09-17 13:48:31,184 [235158f5-a152-43ec-a631-d9bc5f7bf1ec@group-1778EDE7E77E-StateMachineUpdater] INFO  impl.StateMachineUpdater (StateMachineUpdater.java:takeSnapshot(258)) - 235158f5-a152-43ec-a631-d9bc5f7bf1ec@group-1778EDE7E77E-StateMachineUpdater: Took a snapshot at index 5
2019-09-17 13:48:31,184 [235158f5-a152-43ec-a631-d9bc5f7bf1ec@group-1778EDE7E77E-StateMachineUpdater] INFO  impl.StateMachineUpdater (StateMachineUpdater.java:lambda$new$0(83)) - 235158f5-a152-43ec-a631-d9bc5f7bf1ec@group-1778EDE7E77E-StateMachineUpdater: snapshotIndex: updateIncreasingly 5 -> 5
2019-09-17 13:48:31,186 [Thread-223] INFO  impl.RaftServerImpl (ServerState.java:close(385)) - 235158f5-a152-43ec-a631-d9bc5f7bf1ec@group-1778EDE7E77E: closes. applyIndex: 6
2019-09-17 13:48:31,189 [235158f5-a152-43ec-a631-d9bc5f7bf1ec@group-1778EDE7E77E-SegmentedRaftLogWorker] INFO  segmented.SegmentedRaftLogWorker (SegmentedRaftLogWorker.java:run(313)) - 235158f5-a152-43ec-a631-d9bc5f7bf1ec@group-1778EDE7E77E-SegmentedRaftLogWorker was interrupted, exiting. There are 0 tasks remaining in the queue.
2019-09-17 13:48:31,191 [Thread-223] INFO  segmented.SegmentedRaftLogWorker (SegmentedRaftLogWorker.java:close(228)) - 235158f5-a152-43ec-a631-d9bc5f7bf1ec@group-1778EDE7E77E-SegmentedRaftLogWorker close()
2019-09-17 13:48:31,194 [Thread-223] INFO  impl.RaftServerImpl (RaftServerImpl.java:lambda$shutdown$3(251)) - 235158f5-a152-43ec-a631-d9bc5f7bf1ec@group-E6429B736CFB: shutdown
2019-09-17 13:48:31,195 [Thread-223] INFO  util.JmxRegister (JmxRegister.java:unregister(73)) - Successfully un-registered JMX Bean with object name Ratis:service=RaftServer,group=group-E6429B736CFB,id=235158f5-a152-43ec-a631-d9bc5f7bf1ec
2019-09-17 13:48:31,195 [Thread-223] INFO  impl.RoleInfo (RoleInfo.java:shutdownLeaderState(104)) - 235158f5-a152-43ec-a631-d9bc5f7bf1ec: shutdown LeaderState
2019-09-17 13:48:31,196 [Thread-223] INFO  impl.PendingRequests (PendingRequests.java:sendNotLeaderResponses(202)) - 235158f5-a152-43ec-a631-d9bc5f7bf1ec-PendingRequests: sendNotLeaderResponses
2019-09-17 13:48:31,199 [Thread-223] INFO  impl.StateMachineUpdater (StateMachineUpdater.java:stopAndJoin(125)) - 235158f5-a152-43ec-a631-d9bc5f7bf1ec@group-E6429B736CFB-StateMachineUpdater: set stopIndex = 0
2019-09-17 13:48:31,199 [Thread-223] INFO  impl.RaftServerImpl (ServerState.java:close(385)) - 235158f5-a152-43ec-a631-d9bc5f7bf1ec@group-E6429B736CFB: closes. applyIndex: 0
2019-09-17 13:48:31,200 [235158f5-a152-43ec-a631-d9bc5f7bf1ec@group-E6429B736CFB-SegmentedRaftLogWorker] INFO  segmented.SegmentedRaftLogWorker (SegmentedRaftLogWorker.java:run(313)) - 235158f5-a152-43ec-a631-d9bc5f7bf1ec@group-E6429B736CFB-SegmentedRaftLogWorker was interrupted, exiting. There are 0 tasks remaining in the queue.
2019-09-17 13:48:31,201 [Thread-223] INFO  segmented.SegmentedRaftLogWorker (SegmentedRaftLogWorker.java:close(228)) - 235158f5-a152-43ec-a631-d9bc5f7bf1ec@group-E6429B736CFB-SegmentedRaftLogWorker close()
2019-09-17 13:48:31,204 [Thread-223] INFO  server.GrpcService (GrpcService.java:closeImpl(164)) - 235158f5-a152-43ec-a631-d9bc5f7bf1ec: shutdown server with port 41830 now
2019-09-17 13:48:31,210 [Thread-223] INFO  server.GrpcService (GrpcService.java:closeImpl(172)) - 235158f5-a152-43ec-a631-d9bc5f7bf1ec: shutdown server with port 41830 successfully
2019-09-17 13:48:31,211 [grpc-default-executor-4] WARN  server.GrpcServerProtocolService (LogUtils.java:warn(134)) - 235158f5-a152-43ec-a631-d9bc5f7bf1ec: installSnapshot onError, lastRequest: 036b7aee-ccf7-4ae1-b368-88d83e75119e->235158f5-a152-43ec-a631-d9bc5f7bf1ec#9-t5, previous=(t:5, i:6), leaderCommit=6, initializing? false, entries: <empty>: org.apache.ratis.thirdparty.io.grpc.StatusRuntimeException: CANCELLED: cancelled before receiving half close
2019-09-17 13:48:31,215 [grpc-default-executor-5] WARN  server.GrpcLogAppender (LogUtils.java:warn(134)) - 036b7aee-ccf7-4ae1-b368-88d83e75119e@group-1778EDE7E77E->235158f5-a152-43ec-a631-d9bc5f7bf1ec-AppendLogResponseHandler: Failed appendEntries: org.apache.ratis.thirdparty.io.grpc.StatusRuntimeException: CANCELLED: HTTP/2 error code: CANCEL
Received Rst Stream
2019-09-17 13:48:31,215 [refreshUsed-/workdir/hadoop-ozone/integration-test/target/test-dir/MiniOzoneClusterImpl-daa7203c-c96a-4121-bc5d-8329609dc0cb/datanode-2/data/containers] WARN  fs.CachingGetSpaceUsed (CachingGetSpaceUsed.java:run(183)) - Thread Interrupted waiting to refresh disk information: sleep interrupted
2019-09-17 13:48:31,217 [grpc-default-executor-5] INFO  impl.FollowerInfo (FollowerInfo.java:lambda$new$0(51)) - 036b7aee-ccf7-4ae1-b368-88d83e75119e@group-1778EDE7E77E->235158f5-a152-43ec-a631-d9bc5f7bf1ec: nextIndex: updateUnconditionally 7 -> 6
2019-09-17 13:48:31,244 [Thread-223] INFO  utils.BackgroundService (BackgroundService.java:shutdown(148)) - Shutting down service BlockDeletingService
2019-09-17 13:48:31,248 [Thread-223] INFO  statemachine.DatanodeStateMachine (DatanodeStateMachine.java:stopDaemon(395)) - Ozone container server stopped.
2019-09-17 13:48:31,257 [Thread-223] INFO  handler.ContextHandler (ContextHandler.java:doStop(910)) - Stopped o.e.j.w.WebAppContext@32177fa5{/,null,UNAVAILABLE}{/hddsDatanode}
2019-09-17 13:48:31,263 [Thread-223] INFO  server.AbstractConnector (AbstractConnector.java:doStop(318)) - Stopped ServerConnector@a96d56c{HTTP/1.1,[http/1.1]}{0.0.0.0:0}
2019-09-17 13:48:31,264 [Thread-223] INFO  handler.ContextHandler (ContextHandler.java:doStop(910)) - Stopped o.e.j.s.ServletContextHandler@7b27e8f4{/static,jar:file:/home/user/.m2/repository/org/apache/hadoop/hadoop-hdds-container-service/0.5.0-SNAPSHOT/hadoop-hdds-container-service-0.5.0-SNAPSHOT.jar!/webapps/static,UNAVAILABLE}
2019-09-17 13:48:31,265 [Thread-223] INFO  handler.ContextHandler (ContextHandler.java:doStop(910)) - Stopped o.e.j.s.ServletContextHandler@d613308{/logs,file:///workdir/hadoop-ozone/integration-test/target/log,UNAVAILABLE}
2019-09-17 13:48:32,381 [grpc-default-executor-4] WARN  server.GrpcLogAppender (LogUtils.java:warn(134)) - 036b7aee-ccf7-4ae1-b368-88d83e75119e@group-1778EDE7E77E->235158f5-a152-43ec-a631-d9bc5f7bf1ec-AppendLogResponseHandler: Failed appendEntries: org.apache.ratis.thirdparty.io.grpc.StatusRuntimeException: UNAVAILABLE: io exception
2019-09-17 13:48:32,385 [grpc-default-executor-4] INFO  impl.FollowerInfo (FollowerInfo.java:lambda$new$0(51)) - 036b7aee-ccf7-4ae1-b368-88d83e75119e@group-1778EDE7E77E->235158f5-a152-43ec-a631-d9bc5f7bf1ec: nextIndex: updateUnconditionally 6 -> 5
2019-09-17 13:48:34,878 [grpc-default-executor-4] WARN  server.GrpcLogAppender (LogUtils.java:warn(134)) - 036b7aee-ccf7-4ae1-b368-88d83e75119e@group-1778EDE7E77E->235158f5-a152-43ec-a631-d9bc5f7bf1ec-AppendLogResponseHandler: Failed appendEntries: org.apache.ratis.thirdparty.io.grpc.StatusRuntimeException: UNAVAILABLE: io exception
2019-09-17 13:48:34,882 [grpc-default-executor-4] INFO  impl.FollowerInfo (FollowerInfo.java:lambda$new$0(51)) - 036b7aee-ccf7-4ae1-b368-88d83e75119e@group-1778EDE7E77E->235158f5-a152-43ec-a631-d9bc5f7bf1ec: nextIndex: updateUnconditionally 5 -> 4
2019-09-17 13:48:36,276 [ReplicationMonitor] INFO  container.ReplicationManager (ReplicationManager.java:sendCloseCommand(659)) - Sending close container command for container #1 to datanode 235158f5-a152-43ec-a631-d9bc5f7bf1ec{ip: 192.168.151.72, host: pr-hdds-2137-trunk-f8w4d-2934045284, networkLocation: /rack1, certSerialId: null}.
2019-09-17 13:48:36,279 [ReplicationMonitor] INFO  container.ReplicationManager (ReplicationManager.java:run(225)) - Replication Monitor Thread took 10 milliseconds for processing 1 containers.
2019-09-17 13:48:37,383 [grpc-default-executor-4] WARN  server.GrpcLogAppender (LogUtils.java:warn(134)) - 036b7aee-ccf7-4ae1-b368-88d83e75119e@group-1778EDE7E77E->235158f5-a152-43ec-a631-d9bc5f7bf1ec-AppendLogResponseHandler: Failed appendEntries: org.apache.ratis.thirdparty.io.grpc.StatusRuntimeException: UNAVAILABLE: io exception
2019-09-17 13:48:37,386 [grpc-default-executor-4] INFO  impl.FollowerInfo (FollowerInfo.java:lambda$new$0(51)) - 036b7aee-ccf7-4ae1-b368-88d83e75119e@group-1778EDE7E77E->235158f5-a152-43ec-a631-d9bc5f7bf1ec: nextIndex: updateUnconditionally 4 -> 3
2019-09-17 13:48:39,883 [grpc-default-executor-1] WARN  server.GrpcLogAppender (LogUtils.java:warn(134)) - 036b7aee-ccf7-4ae1-b368-88d83e75119e@group-1778EDE7E77E->235158f5-a152-43ec-a631-d9bc5f7bf1ec-AppendLogResponseHandler: Failed appendEntries: org.apache.ratis.thirdparty.io.grpc.StatusRuntimeException: UNAVAILABLE: io exception
2019-09-17 13:48:39,885 [grpc-default-executor-1] INFO  impl.FollowerInfo (FollowerInfo.java:lambda$new$0(51)) - 036b7aee-ccf7-4ae1-b368-88d83e75119e@group-1778EDE7E77E->235158f5-a152-43ec-a631-d9bc5f7bf1ec: nextIndex: updateUnconditionally 3 -> 2
2019-09-17 13:48:42,384 [grpc-default-executor-5] WARN  server.GrpcLogAppender (LogUtils.java:warn(134)) - 036b7aee-ccf7-4ae1-b368-88d83e75119e@group-1778EDE7E77E->235158f5-a152-43ec-a631-d9bc5f7bf1ec-AppendLogResponseHandler: Failed appendEntries: org.apache.ratis.thirdparty.io.grpc.StatusRuntimeException: UNAVAILABLE: io exception
2019-09-17 13:48:42,388 [grpc-default-executor-5] INFO  impl.FollowerInfo (FollowerInfo.java:lambda$new$0(51)) - 036b7aee-ccf7-4ae1-b368-88d83e75119e@group-1778EDE7E77E->235158f5-a152-43ec-a631-d9bc5f7bf1ec: nextIndex: updateUnconditionally 2 -> 1
2019-09-17 13:48:44,886 [grpc-default-executor-4] WARN  server.GrpcLogAppender (LogUtils.java:warn(134)) - 036b7aee-ccf7-4ae1-b368-88d83e75119e@group-1778EDE7E77E->235158f5-a152-43ec-a631-d9bc5f7bf1ec-AppendLogResponseHandler: Failed appendEntries: org.apache.ratis.thirdparty.io.grpc.StatusRuntimeException: UNAVAILABLE: io exception
2019-09-17 13:48:44,888 [grpc-default-executor-4] INFO  impl.FollowerInfo (FollowerInfo.java:lambda$new$0(51)) - 036b7aee-ccf7-4ae1-b368-88d83e75119e@group-1778EDE7E77E->235158f5-a152-43ec-a631-d9bc5f7bf1ec: nextIndex: updateUnconditionally 1 -> 0
2019-09-17 13:48:47,386 [grpc-default-executor-5] WARN  server.GrpcLogAppender (LogUtils.java:warn(134)) - 036b7aee-ccf7-4ae1-b368-88d83e75119e@group-1778EDE7E77E->235158f5-a152-43ec-a631-d9bc5f7bf1ec-AppendLogResponseHandler: Failed appendEntries: org.apache.ratis.thirdparty.io.grpc.StatusRuntimeException: UNAVAILABLE: io exception
2019-09-17 13:48:47,389 [grpc-default-executor-5] INFO  impl.FollowerInfo (FollowerInfo.java:lambda$new$0(51)) - 036b7aee-ccf7-4ae1-b368-88d83e75119e@group-1778EDE7E77E->235158f5-a152-43ec-a631-d9bc5f7bf1ec: nextIndex: updateUnconditionally 0 -> 0
2019-09-17 13:48:48,403 [main] INFO  ozone.MiniOzoneClusterImpl (MiniOzoneClusterImpl.java:shutdown(312)) - Shutting down the Mini Ozone Cluster
2019-09-17 13:48:48,404 [main] INFO  ozone.MiniOzoneClusterImpl (MiniOzoneClusterImpl.java:stop(327)) - Stopping the Mini Ozone Cluster
2019-09-17 13:48:48,404 [main] INFO  ozone.MiniOzoneClusterImpl (MiniOzoneClusterImpl.java:stop(329)) - Stopping the OzoneManager
2019-09-17 13:48:48,405 [main] INFO  ipc.Server (Server.java:stop(3082)) - Stopping server on 44775
2019-09-17 13:48:48,414 [IPC Server listener on 44775] INFO  ipc.Server (Server.java:run(1185)) - Stopping IPC Server listener on 44775
2019-09-17 13:48:48,416 [main] INFO  impl.RaftServerProxy (RaftServerProxy.java:lambda$close$4(314)) - 180264c0-ef8c-411f-91e2-935cc4b64874: close
2019-09-17 13:48:48,417 [IPC Server Responder] INFO  ipc.Server (Server.java:run(1319)) - Stopping IPC Server Responder
2019-09-17 13:48:48,420 [main] INFO  impl.RaftServerImpl (RaftServerImpl.java:lambda$shutdown$3(251)) - 180264c0-ef8c-411f-91e2-935cc4b64874@group-C5BA1605619E: shutdown
2019-09-17 13:48:48,432 [main] INFO  util.JmxRegister (JmxRegister.java:unregister(73)) - Successfully un-registered JMX Bean with object name Ratis:service=RaftServer,group=group-C5BA1605619E,id=180264c0-ef8c-411f-91e2-935cc4b64874
2019-09-17 13:48:48,432 [main] INFO  impl.RoleInfo (RoleInfo.java:shutdownLeaderState(104)) - 180264c0-ef8c-411f-91e2-935cc4b64874: shutdown LeaderState
2019-09-17 13:48:48,433 [main] INFO  impl.PendingRequests (PendingRequests.java:sendNotLeaderResponses(202)) - 180264c0-ef8c-411f-91e2-935cc4b64874-PendingRequests: sendNotLeaderResponses
2019-09-17 13:48:48,440 [main] INFO  impl.StateMachineUpdater (StateMachineUpdater.java:stopAndJoin(125)) - 180264c0-ef8c-411f-91e2-935cc4b64874@group-C5BA1605619E-StateMachineUpdater: set stopIndex = 8
2019-09-17 13:48:48,440 [180264c0-ef8c-411f-91e2-935cc4b64874@group-C5BA1605619E-StateMachineUpdater] INFO  ratis.OzoneManagerStateMachine (OzoneManagerStateMachine.java:takeSnapshot(254)) - Saving Ratis snapshot on the OM.
2019-09-17 13:48:48,450 [180264c0-ef8c-411f-91e2-935cc4b64874@group-C5BA1605619E-StateMachineUpdater] INFO  ratis.OMRatisSnapshotInfo (OMRatisSnapshotInfo.java:saveRatisSnapshotToDisk(107)) - Saved Ratis Snapshot on the OM with snapshotIndex 7
2019-09-17 13:48:48,452 [180264c0-ef8c-411f-91e2-935cc4b64874@group-C5BA1605619E-StateMachineUpdater] INFO  impl.StateMachineUpdater (StateMachineUpdater.java:takeSnapshot(258)) - 180264c0-ef8c-411f-91e2-935cc4b64874@group-C5BA1605619E-StateMachineUpdater: Took a snapshot at index 7
2019-09-17 13:48:48,452 [180264c0-ef8c-411f-91e2-935cc4b64874@group-C5BA1605619E-StateMachineUpdater] INFO  impl.StateMachineUpdater (StateMachineUpdater.java:lambda$new$0(83)) - 180264c0-ef8c-411f-91e2-935cc4b64874@group-C5BA1605619E-StateMachineUpdater: snapshotIndex: updateIncreasingly -1 -> 7
2019-09-17 13:48:48,453 [180264c0-ef8c-411f-91e2-935cc4b64874@group-C5BA1605619E-StateMachineUpdater] INFO  ratis.OzoneManagerStateMachine (OzoneManagerStateMachine.java:takeSnapshot(254)) - Saving Ratis snapshot on the OM.
2019-09-17 13:48:48,454 [180264c0-ef8c-411f-91e2-935cc4b64874@group-C5BA1605619E-StateMachineUpdater] INFO  ratis.OMRatisSnapshotInfo (OMRatisSnapshotInfo.java:saveRatisSnapshotToDisk(107)) - Saved Ratis Snapshot on the OM with snapshotIndex 7
2019-09-17 13:48:48,454 [180264c0-ef8c-411f-91e2-935cc4b64874@group-C5BA1605619E-StateMachineUpdater] INFO  impl.StateMachineUpdater (StateMachineUpdater.java:takeSnapshot(258)) - 180264c0-ef8c-411f-91e2-935cc4b64874@group-C5BA1605619E-StateMachineUpdater: Took a snapshot at index 7
2019-09-17 13:48:48,454 [180264c0-ef8c-411f-91e2-935cc4b64874@group-C5BA1605619E-StateMachineUpdater] INFO  impl.StateMachineUpdater (StateMachineUpdater.java:lambda$new$0(83)) - 180264c0-ef8c-411f-91e2-935cc4b64874@group-C5BA1605619E-StateMachineUpdater: snapshotIndex: updateIncreasingly 7 -> 7
2019-09-17 13:48:48,454 [main] INFO  impl.RaftServerImpl (ServerState.java:close(385)) - 180264c0-ef8c-411f-91e2-935cc4b64874@group-C5BA1605619E: closes. applyIndex: 8
2019-09-17 13:48:48,455 [180264c0-ef8c-411f-91e2-935cc4b64874@group-C5BA1605619E-SegmentedRaftLogWorker] INFO  segmented.SegmentedRaftLogWorker (SegmentedRaftLogWorker.java:run(313)) - 180264c0-ef8c-411f-91e2-935cc4b64874@group-C5BA1605619E-SegmentedRaftLogWorker was interrupted, exiting. There are 0 tasks remaining in the queue.
2019-09-17 13:48:48,457 [main] INFO  segmented.SegmentedRaftLogWorker (SegmentedRaftLogWorker.java:close(228)) - 180264c0-ef8c-411f-91e2-935cc4b64874@group-C5BA1605619E-SegmentedRaftLogWorker close()
2019-09-17 13:48:48,459 [main] INFO  server.GrpcService (GrpcService.java:closeImpl(164)) - 180264c0-ef8c-411f-91e2-935cc4b64874: shutdown server with port 9872 now
2019-09-17 13:48:48,460 [main] INFO  server.GrpcService (GrpcService.java:closeImpl(172)) - 180264c0-ef8c-411f-91e2-935cc4b64874: shutdown server with port 9872 successfully
2019-09-17 13:48:48,460 [main] INFO  ratis.OzoneManagerDoubleBuffer (OzoneManagerDoubleBuffer.java:stop(248)) - Stopping OMDoubleBuffer flush thread
2019-09-17 13:48:48,460 [OMDoubleBufferFlushThread] INFO  ratis.OzoneManagerDoubleBuffer (OzoneManagerDoubleBuffer.java:flushTransactions(191)) - OMDoubleBuffer flush thread OMDoubleBufferFlushThread is interrupted and will exit. OMDoubleBufferFlushThread
2019-09-17 13:48:48,462 [main] INFO  utils.BackgroundService (BackgroundService.java:shutdown(148)) - Shutting down service KeyDeletingService
2019-09-17 13:48:48,464 [main] INFO  handler.ContextHandler (ContextHandler.java:doStop(910)) - Stopped o.e.j.w.WebAppContext@41b1f51e{/,null,UNAVAILABLE}{/ozoneManager}
2019-09-17 13:48:48,465 [main] INFO  server.AbstractConnector (AbstractConnector.java:doStop(318)) - Stopped ServerConnector@3a543f31{HTTP/1.1,[http/1.1]}{0.0.0.0:0}
2019-09-17 13:48:48,466 [main] INFO  handler.ContextHandler (ContextHandler.java:doStop(910)) - Stopped o.e.j.s.ServletContextHandler@3936df72{/static,file:///workdir/hadoop-ozone/integration-test/target/test-classes/webapps/static,UNAVAILABLE}
2019-09-17 13:48:48,466 [main] INFO  handler.ContextHandler (ContextHandler.java:doStop(910)) - Stopped o.e.j.s.ServletContextHandler@10f19647{/logs,file:///workdir/hadoop-ozone/integration-test/target/log,UNAVAILABLE}
2019-09-17 13:48:48,469 [main] INFO  ozone.MiniOzoneClusterImpl (MiniOzoneClusterImpl.java:stop(335)) - Shutting the HddsDatanodes
2019-09-17 13:48:48,794 [Datanode State Machine Thread - 0] INFO  statemachine.DatanodeStateMachine (DatanodeStateMachine.java:lambda$startDaemon$0(350)) - Ozone container server started.
2019-09-17 13:48:49,391 [Datanode State Machine Thread - 0] INFO  statemachine.DatanodeStateMachine (DatanodeStateMachine.java:lambda$startDaemon$0(350)) - Ozone container server started.
2019-09-17 13:48:49,888 [grpc-default-executor-1] WARN  server.GrpcLogAppender (LogUtils.java:warn(134)) - 036b7aee-ccf7-4ae1-b368-88d83e75119e@group-1778EDE7E77E->235158f5-a152-43ec-a631-d9bc5f7bf1ec-AppendLogResponseHandler: Failed appendEntries: org.apache.ratis.thirdparty.io.grpc.StatusRuntimeException: UNAVAILABLE: io exception
2019-09-17 13:48:49,891 [grpc-default-executor-1] INFO  impl.FollowerInfo (FollowerInfo.java:lambda$new$0(51)) - 036b7aee-ccf7-4ae1-b368-88d83e75119e@group-1778EDE7E77E->235158f5-a152-43ec-a631-d9bc5f7bf1ec: nextIndex: updateUnconditionally 0 -> 0
2019-09-17 13:48:52,400 [grpc-default-executor-1] WARN  server.GrpcLogAppender (LogUtils.java:warn(134)) - 036b7aee-ccf7-4ae1-b368-88d83e75119e@group-1778EDE7E77E->235158f5-a152-43ec-a631-d9bc5f7bf1ec-AppendLogResponseHandler: Failed appendEntries: org.apache.ratis.thirdparty.io.grpc.StatusRuntimeException: UNAVAILABLE: io exception
2019-09-17 13:48:52,407 [grpc-default-executor-1] INFO  impl.FollowerInfo (FollowerInfo.java:lambda$new$0(51)) - 036b7aee-ccf7-4ae1-b368-88d83e75119e@group-1778EDE7E77E->235158f5-a152-43ec-a631-d9bc5f7bf1ec: nextIndex: updateUnconditionally 0 -> 0
2019-09-17 13:48:53,472 [main] INFO  ozoneimpl.OzoneContainer (OzoneContainer.java:stop(231)) - Attempting to stop container services.
2019-09-17 13:48:53,472 [ForkJoinPool.commonPool-worker-0] INFO  ozoneimpl.OzoneContainer (OzoneContainer.java:stop(231)) - Attempting to stop container services.
2019-09-17 13:48:53,474 [main] INFO  impl.RaftServerProxy (RaftServerProxy.java:lambda$close$4(314)) - bd9bcf24-0b26-40d6-a14c-93656b7d1dfd: close
2019-09-17 13:48:53,474 [ForkJoinPool.commonPool-worker-0] INFO  impl.RaftServerProxy (RaftServerProxy.java:lambda$close$4(314)) - e374ed08-8383-4f83-a5b3-a6f9f92a9e17: close
2019-09-17 13:48:53,475 [main] INFO  impl.RaftServerImpl (RaftServerImpl.java:lambda$shutdown$3(251)) - bd9bcf24-0b26-40d6-a14c-93656b7d1dfd@group-1778EDE7E77E: shutdown
2019-09-17 13:48:53,475 [ForkJoinPool.commonPool-worker-0] INFO  impl.RaftServerImpl (RaftServerImpl.java:lambda$shutdown$3(251)) - e374ed08-8383-4f83-a5b3-a6f9f92a9e17@group-291CB2966E07: shutdown
2019-09-17 13:48:53,476 [main] INFO  util.JmxRegister (JmxRegister.java:unregister(73)) - Successfully un-registered JMX Bean with object name Ratis:service=RaftServer,group=group-1778EDE7E77E,id=bd9bcf24-0b26-40d6-a14c-93656b7d1dfd
2019-09-17 13:48:53,476 [main] INFO  impl.RoleInfo (RoleInfo.java:shutdownFollowerState(121)) - bd9bcf24-0b26-40d6-a14c-93656b7d1dfd: shutdown FollowerState
2019-09-17 13:48:53,476 [ForkJoinPool.commonPool-worker-0] INFO  util.JmxRegister (JmxRegister.java:unregister(73)) - Successfully un-registered JMX Bean with object name Ratis:service=RaftServer,group=group-291CB2966E07,id=e374ed08-8383-4f83-a5b3-a6f9f92a9e17
2019-09-17 13:48:53,477 [Thread-351] INFO  impl.FollowerState (FollowerState.java:run(115)) - bd9bcf24-0b26-40d6-a14c-93656b7d1dfd: FollowerState was interrupted: java.lang.InterruptedException: sleep interrupted
2019-09-17 13:48:53,477 [main] INFO  impl.StateMachineUpdater (StateMachineUpdater.java:stopAndJoin(125)) - bd9bcf24-0b26-40d6-a14c-93656b7d1dfd@group-1778EDE7E77E-StateMachineUpdater: set stopIndex = 6
2019-09-17 13:48:53,477 [ForkJoinPool.commonPool-worker-0] INFO  impl.RoleInfo (RoleInfo.java:shutdownLeaderState(104)) - e374ed08-8383-4f83-a5b3-a6f9f92a9e17: shutdown LeaderState
2019-09-17 13:48:53,477 [bd9bcf24-0b26-40d6-a14c-93656b7d1dfd@group-1778EDE7E77E-StateMachineUpdater] INFO  ratis.ContainerStateMachine (ContainerStateMachine.java:takeSnapshot(289)) - group-1778EDE7E77E: Taking a snapshot at:(t:5, i:5) file /workdir/hadoop-ozone/integration-test/target/test-dir/MiniOzoneClusterImpl-daa7203c-c96a-4121-bc5d-8329609dc0cb/datanode-3/data/ratis/b2906ef4-0cc1-4eec-9358-1778ede7e77e/sm/snapshot.5_5
2019-09-17 13:48:53,478 [ForkJoinPool.commonPool-worker-0] INFO  impl.PendingRequests (PendingRequests.java:sendNotLeaderResponses(202)) - e374ed08-8383-4f83-a5b3-a6f9f92a9e17-PendingRequests: sendNotLeaderResponses
2019-09-17 13:48:53,479 [ForkJoinPool.commonPool-worker-0] INFO  impl.StateMachineUpdater (StateMachineUpdater.java:stopAndJoin(125)) - e374ed08-8383-4f83-a5b3-a6f9f92a9e17@group-291CB2966E07-StateMachineUpdater: set stopIndex = 0
2019-09-17 13:48:53,480 [ForkJoinPool.commonPool-worker-0] INFO  impl.RaftServerImpl (ServerState.java:close(385)) - e374ed08-8383-4f83-a5b3-a6f9f92a9e17@group-291CB2966E07: closes. applyIndex: 0
2019-09-17 13:48:53,480 [e374ed08-8383-4f83-a5b3-a6f9f92a9e17@group-291CB2966E07-SegmentedRaftLogWorker] INFO  segmented.SegmentedRaftLogWorker (SegmentedRaftLogWorker.java:run(313)) - e374ed08-8383-4f83-a5b3-a6f9f92a9e17@group-291CB2966E07-SegmentedRaftLogWorker was interrupted, exiting. There are 0 tasks remaining in the queue.
2019-09-17 13:48:53,482 [ForkJoinPool.commonPool-worker-0] INFO  segmented.SegmentedRaftLogWorker (SegmentedRaftLogWorker.java:close(228)) - e374ed08-8383-4f83-a5b3-a6f9f92a9e17@group-291CB2966E07-SegmentedRaftLogWorker close()
2019-09-17 13:48:53,485 [ForkJoinPool.commonPool-worker-0] INFO  server.GrpcService (GrpcService.java:closeImpl(164)) - e374ed08-8383-4f83-a5b3-a6f9f92a9e17: shutdown server with port 46400 now
2019-09-17 13:48:53,487 [ForkJoinPool.commonPool-worker-0] INFO  server.GrpcService (GrpcService.java:closeImpl(172)) - e374ed08-8383-4f83-a5b3-a6f9f92a9e17: shutdown server with port 46400 successfully
2019-09-17 13:48:53,508 [refreshUsed-/workdir/hadoop-ozone/integration-test/target/test-dir/MiniOzoneClusterImpl-daa7203c-c96a-4121-bc5d-8329609dc0cb/datanode-1/data/containers] WARN  fs.CachingGetSpaceUsed (CachingGetSpaceUsed.java:run(183)) - Thread Interrupted waiting to refresh disk information: sleep interrupted
2019-09-17 13:48:53,530 [bd9bcf24-0b26-40d6-a14c-93656b7d1dfd@group-1778EDE7E77E-StateMachineUpdater] INFO  ratis.ContainerStateMachine (ContainerStateMachine.java:takeSnapshot(300)) - group-1778EDE7E77E: Finished taking a snapshot at:(t:5, i:5) file:/workdir/hadoop-ozone/integration-test/target/test-dir/MiniOzoneClusterImpl-daa7203c-c96a-4121-bc5d-8329609dc0cb/datanode-3/data/ratis/b2906ef4-0cc1-4eec-9358-1778ede7e77e/sm/snapshot.5_5 time:54
2019-09-17 13:48:53,531 [bd9bcf24-0b26-40d6-a14c-93656b7d1dfd@group-1778EDE7E77E-StateMachineUpdater] INFO  impl.StateMachineUpdater (StateMachineUpdater.java:takeSnapshot(258)) - bd9bcf24-0b26-40d6-a14c-93656b7d1dfd@group-1778EDE7E77E-StateMachineUpdater: Took a snapshot at index 5
2019-09-17 13:48:53,531 [bd9bcf24-0b26-40d6-a14c-93656b7d1dfd@group-1778EDE7E77E-StateMachineUpdater] INFO  impl.StateMachineUpdater (StateMachineUpdater.java:lambda$new$0(83)) - bd9bcf24-0b26-40d6-a14c-93656b7d1dfd@group-1778EDE7E77E-StateMachineUpdater: snapshotIndex: updateIncreasingly -1 -> 5
2019-09-17 13:48:53,531 [bd9bcf24-0b26-40d6-a14c-93656b7d1dfd@group-1778EDE7E77E-StateMachineUpdater] INFO  ratis.ContainerStateMachine (ContainerStateMachine.java:takeSnapshot(289)) - group-1778EDE7E77E: Taking a snapshot at:(t:5, i:5) file /workdir/hadoop-ozone/integration-test/target/test-dir/MiniOzoneClusterImpl-daa7203c-c96a-4121-bc5d-8329609dc0cb/datanode-3/data/ratis/b2906ef4-0cc1-4eec-9358-1778ede7e77e/sm/snapshot.5_5
2019-09-17 13:48:53,535 [ForkJoinPool.commonPool-worker-0] INFO  utils.BackgroundService (BackgroundService.java:shutdown(148)) - Shutting down service BlockDeletingService
2019-09-17 13:48:53,539 [ForkJoinPool.commonPool-worker-0] INFO  statemachine.DatanodeStateMachine (DatanodeStateMachine.java:stopDaemon(395)) - Ozone container server stopped.
2019-09-17 13:48:53,544 [ForkJoinPool.commonPool-worker-0] INFO  handler.ContextHandler (ContextHandler.java:doStop(910)) - Stopped o.e.j.w.WebAppContext@47c40b56{/,null,UNAVAILABLE}{/hddsDatanode}
2019-09-17 13:48:53,545 [ForkJoinPool.commonPool-worker-0] INFO  server.AbstractConnector (AbstractConnector.java:doStop(318)) - Stopped ServerConnector@4b039c6d{HTTP/1.1,[http/1.1]}{0.0.0.0:0}
2019-09-17 13:48:53,546 [ForkJoinPool.commonPool-worker-0] INFO  handler.ContextHandler (ContextHandler.java:doStop(910)) - Stopped o.e.j.s.ServletContextHandler@737d100a{/static,jar:file:/home/user/.m2/repository/org/apache/hadoop/hadoop-hdds-container-service/0.5.0-SNAPSHOT/hadoop-hdds-container-service-0.5.0-SNAPSHOT.jar!/webapps/static,UNAVAILABLE}
2019-09-17 13:48:53,547 [ForkJoinPool.commonPool-worker-0] INFO  handler.ContextHandler (ContextHandler.java:doStop(910)) - Stopped o.e.j.s.ServletContextHandler@5ad5be4a{/logs,file:///workdir/hadoop-ozone/integration-test/target/log,UNAVAILABLE}
2019-09-17 13:48:53,555 [bd9bcf24-0b26-40d6-a14c-93656b7d1dfd@group-1778EDE7E77E-StateMachineUpdater] INFO  ratis.ContainerStateMachine (ContainerStateMachine.java:takeSnapshot(300)) - group-1778EDE7E77E: Finished taking a snapshot at:(t:5, i:5) file:/workdir/hadoop-ozone/integration-test/target/test-dir/MiniOzoneClusterImpl-daa7203c-c96a-4121-bc5d-8329609dc0cb/datanode-3/data/ratis/b2906ef4-0cc1-4eec-9358-1778ede7e77e/sm/snapshot.5_5 time:23
2019-09-17 13:48:53,555 [bd9bcf24-0b26-40d6-a14c-93656b7d1dfd@group-1778EDE7E77E-StateMachineUpdater] INFO  impl.StateMachineUpdater (StateMachineUpdater.java:takeSnapshot(258)) - bd9bcf24-0b26-40d6-a14c-93656b7d1dfd@group-1778EDE7E77E-StateMachineUpdater: Took a snapshot at index 5
2019-09-17 13:48:53,555 [bd9bcf24-0b26-40d6-a14c-93656b7d1dfd@group-1778EDE7E77E-StateMachineUpdater] INFO  impl.StateMachineUpdater (StateMachineUpdater.java:lambda$new$0(83)) - bd9bcf24-0b26-40d6-a14c-93656b7d1dfd@group-1778EDE7E77E-StateMachineUpdater: snapshotIndex: updateIncreasingly 5 -> 5
2019-09-17 13:48:53,555 [main] INFO  impl.RaftServerImpl (ServerState.java:close(385)) - bd9bcf24-0b26-40d6-a14c-93656b7d1dfd@group-1778EDE7E77E: closes. applyIndex: 6
2019-09-17 13:48:53,556 [bd9bcf24-0b26-40d6-a14c-93656b7d1dfd@group-1778EDE7E77E-SegmentedRaftLogWorker] INFO  segmented.SegmentedRaftLogWorker (SegmentedRaftLogWorker.java:run(313)) - bd9bcf24-0b26-40d6-a14c-93656b7d1dfd@group-1778EDE7E77E-SegmentedRaftLogWorker was interrupted, exiting. There are 0 tasks remaining in the queue.
2019-09-17 13:48:53,558 [main] INFO  segmented.SegmentedRaftLogWorker (SegmentedRaftLogWorker.java:close(228)) - bd9bcf24-0b26-40d6-a14c-93656b7d1dfd@group-1778EDE7E77E-SegmentedRaftLogWorker close()
2019-09-17 13:48:53,559 [main] INFO  impl.RaftServerImpl (RaftServerImpl.java:lambda$shutdown$3(251)) - bd9bcf24-0b26-40d6-a14c-93656b7d1dfd@group-A156C5F90615: shutdown
2019-09-17 13:48:53,560 [main] INFO  util.JmxRegister (JmxRegister.java:unregister(73)) - Successfully un-registered JMX Bean with object name Ratis:service=RaftServer,group=group-A156C5F90615,id=bd9bcf24-0b26-40d6-a14c-93656b7d1dfd
2019-09-17 13:48:53,560 [main] INFO  impl.RoleInfo (RoleInfo.java:shutdownLeaderState(104)) - bd9bcf24-0b26-40d6-a14c-93656b7d1dfd: shutdown LeaderState
2019-09-17 13:48:53,561 [main] INFO  impl.PendingRequests (PendingRequests.java:sendNotLeaderResponses(202)) - bd9bcf24-0b26-40d6-a14c-93656b7d1dfd-PendingRequests: sendNotLeaderResponses
2019-09-17 13:48:53,561 [main] INFO  impl.StateMachineUpdater (StateMachineUpdater.java:stopAndJoin(125)) - bd9bcf24-0b26-40d6-a14c-93656b7d1dfd@group-A156C5F90615-StateMachineUpdater: set stopIndex = 0
2019-09-17 13:48:53,561 [main] INFO  impl.RaftServerImpl (ServerState.java:close(385)) - bd9bcf24-0b26-40d6-a14c-93656b7d1dfd@group-A156C5F90615: closes. applyIndex: 0
2019-09-17 13:48:53,562 [bd9bcf24-0b26-40d6-a14c-93656b7d1dfd@group-A156C5F90615-SegmentedRaftLogWorker] INFO  segmented.SegmentedRaftLogWorker (SegmentedRaftLogWorker.java:run(313)) - bd9bcf24-0b26-40d6-a14c-93656b7d1dfd@group-A156C5F90615-SegmentedRaftLogWorker was interrupted, exiting. There are 0 tasks remaining in the queue.
2019-09-17 13:48:53,563 [main] INFO  segmented.SegmentedRaftLogWorker (SegmentedRaftLogWorker.java:close(228)) - bd9bcf24-0b26-40d6-a14c-93656b7d1dfd@group-A156C5F90615-SegmentedRaftLogWorker close()
2019-09-17 13:48:53,565 [main] INFO  server.GrpcService (GrpcService.java:closeImpl(164)) - bd9bcf24-0b26-40d6-a14c-93656b7d1dfd: shutdown server with port 42009 now
2019-09-17 13:48:53,566 [grpc-default-executor-5] WARN  server.GrpcServerProtocolService (LogUtils.java:warn(134)) - bd9bcf24-0b26-40d6-a14c-93656b7d1dfd: installSnapshot onError, lastRequest: 036b7aee-ccf7-4ae1-b368-88d83e75119e->bd9bcf24-0b26-40d6-a14c-93656b7d1dfd#18-t5, previous=(t:5, i:6), leaderCommit=6, initializing? false, entries: <empty>: org.apache.ratis.thirdparty.io.grpc.StatusRuntimeException: CANCELLED: cancelled before receiving half close
2019-09-17 13:48:53,567 [main] INFO  server.GrpcService (GrpcService.java:closeImpl(172)) - bd9bcf24-0b26-40d6-a14c-93656b7d1dfd: shutdown server with port 42009 successfully
2019-09-17 13:48:53,567 [grpc-default-executor-1] WARN  server.GrpcLogAppender (LogUtils.java:warn(134)) - 036b7aee-ccf7-4ae1-b368-88d83e75119e@group-1778EDE7E77E->bd9bcf24-0b26-40d6-a14c-93656b7d1dfd-AppendLogResponseHandler: Failed appendEntries: org.apache.ratis.thirdparty.io.grpc.StatusRuntimeException: CANCELLED: HTTP/2 error code: CANCEL
Received Rst Stream
2019-09-17 13:48:53,570 [grpc-default-executor-1] INFO  impl.FollowerInfo (FollowerInfo.java:lambda$new$0(51)) - 036b7aee-ccf7-4ae1-b368-88d83e75119e@group-1778EDE7E77E->bd9bcf24-0b26-40d6-a14c-93656b7d1dfd: nextIndex: updateUnconditionally 7 -> 6
2019-09-17 13:48:53,572 [refreshUsed-/workdir/hadoop-ozone/integration-test/target/test-dir/MiniOzoneClusterImpl-daa7203c-c96a-4121-bc5d-8329609dc0cb/datanode-3/data/containers] WARN  fs.CachingGetSpaceUsed (CachingGetSpaceUsed.java:run(183)) - Thread Interrupted waiting to refresh disk information: sleep interrupted
2019-09-17 13:48:53,585 [main] INFO  utils.BackgroundService (BackgroundService.java:shutdown(148)) - Shutting down service BlockDeletingService
2019-09-17 13:48:53,587 [main] INFO  statemachine.DatanodeStateMachine (DatanodeStateMachine.java:stopDaemon(395)) - Ozone container server stopped.
2019-09-17 13:48:53,588 [main] INFO  handler.ContextHandler (ContextHandler.java:doStop(910)) - Stopped o.e.j.w.WebAppContext@3b48e183{/,null,UNAVAILABLE}{/hddsDatanode}
2019-09-17 13:48:53,589 [main] INFO  server.AbstractConnector (AbstractConnector.java:doStop(318)) - Stopped ServerConnector@514de325{HTTP/1.1,[http/1.1]}{0.0.0.0:0}
2019-09-17 13:48:53,589 [main] INFO  handler.ContextHandler (ContextHandler.java:doStop(910)) - Stopped o.e.j.s.ServletContextHandler@a4b5ce3{/static,jar:file:/home/user/.m2/repository/org/apache/hadoop/hadoop-hdds-container-service/0.5.0-SNAPSHOT/hadoop-hdds-container-service-0.5.0-SNAPSHOT.jar!/webapps/static,UNAVAILABLE}
2019-09-17 13:48:53,589 [main] INFO  handler.ContextHandler (ContextHandler.java:doStop(910)) - Stopped o.e.j.s.ServletContextHandler@63d4f0a2{/logs,file:///workdir/hadoop-ozone/integration-test/target/log,UNAVAILABLE}
2019-09-17 13:48:54,391 [Datanode State Machine Thread - 0] INFO  statemachine.DatanodeStateMachine (DatanodeStateMachine.java:lambda$startDaemon$0(350)) - Ozone container server started.
2019-09-17 13:48:54,899 [grpc-default-executor-4] WARN  server.GrpcLogAppender (LogUtils.java:warn(134)) - 036b7aee-ccf7-4ae1-b368-88d83e75119e@group-1778EDE7E77E->235158f5-a152-43ec-a631-d9bc5f7bf1ec-AppendLogResponseHandler: Failed appendEntries: org.apache.ratis.thirdparty.io.grpc.StatusRuntimeException: UNAVAILABLE: io exception
2019-09-17 13:48:54,901 [grpc-default-executor-4] INFO  impl.FollowerInfo (FollowerInfo.java:lambda$new$0(51)) - 036b7aee-ccf7-4ae1-b368-88d83e75119e@group-1778EDE7E77E->235158f5-a152-43ec-a631-d9bc5f7bf1ec: nextIndex: updateUnconditionally 0 -> 0
2019-09-17 13:48:54,920 [grpc-default-executor-1] WARN  server.GrpcLogAppender (LogUtils.java:warn(134)) - 036b7aee-ccf7-4ae1-b368-88d83e75119e@group-1778EDE7E77E->bd9bcf24-0b26-40d6-a14c-93656b7d1dfd-AppendLogResponseHandler: Failed appendEntries: org.apache.ratis.thirdparty.io.grpc.StatusRuntimeException: UNAVAILABLE: io exception
2019-09-17 13:48:54,921 [grpc-default-executor-1] INFO  impl.FollowerInfo (FollowerInfo.java:lambda$new$0(51)) - 036b7aee-ccf7-4ae1-b368-88d83e75119e@group-1778EDE7E77E->bd9bcf24-0b26-40d6-a14c-93656b7d1dfd: nextIndex: updateUnconditionally 6 -> 5
2019-09-17 13:48:57,410 [grpc-default-executor-1] WARN  server.GrpcLogAppender (LogUtils.java:warn(134)) - 036b7aee-ccf7-4ae1-b368-88d83e75119e@group-1778EDE7E77E->235158f5-a152-43ec-a631-d9bc5f7bf1ec-AppendLogResponseHandler: Failed appendEntries: org.apache.ratis.thirdparty.io.grpc.StatusRuntimeException: UNAVAILABLE: io exception
2019-09-17 13:48:57,419 [grpc-default-executor-1] INFO  impl.FollowerInfo (FollowerInfo.java:lambda$new$0(51)) - 036b7aee-ccf7-4ae1-b368-88d83e75119e@group-1778EDE7E77E->235158f5-a152-43ec-a631-d9bc5f7bf1ec: nextIndex: updateUnconditionally 0 -> 0
2019-09-17 13:48:57,422 [grpc-default-executor-5] WARN  server.GrpcLogAppender (LogUtils.java:warn(134)) - 036b7aee-ccf7-4ae1-b368-88d83e75119e@group-1778EDE7E77E->bd9bcf24-0b26-40d6-a14c-93656b7d1dfd-AppendLogResponseHandler: Failed appendEntries: org.apache.ratis.thirdparty.io.grpc.StatusRuntimeException: UNAVAILABLE: io exception
2019-09-17 13:48:57,424 [grpc-default-executor-5] INFO  impl.FollowerInfo (FollowerInfo.java:lambda$new$0(51)) - 036b7aee-ccf7-4ae1-b368-88d83e75119e@group-1778EDE7E77E->bd9bcf24-0b26-40d6-a14c-93656b7d1dfd: nextIndex: updateUnconditionally 5 -> 4
2019-09-17 13:48:58,551 [ForkJoinPool.commonPool-worker-0] INFO  ozoneimpl.OzoneContainer (OzoneContainer.java:stop(231)) - Attempting to stop container services.
2019-09-17 13:48:58,552 [ForkJoinPool.commonPool-worker-0] INFO  impl.RaftServerProxy (RaftServerProxy.java:lambda$close$4(314)) - 036b7aee-ccf7-4ae1-b368-88d83e75119e: close
2019-09-17 13:48:58,552 [ForkJoinPool.commonPool-worker-0] INFO  impl.RaftServerImpl (RaftServerImpl.java:lambda$shutdown$3(251)) - 036b7aee-ccf7-4ae1-b368-88d83e75119e@group-1778EDE7E77E: shutdown
2019-09-17 13:48:58,553 [ForkJoinPool.commonPool-worker-0] INFO  util.JmxRegister (JmxRegister.java:unregister(73)) - Successfully un-registered JMX Bean with object name Ratis:service=RaftServer,group=group-1778EDE7E77E,id=036b7aee-ccf7-4ae1-b368-88d83e75119e
2019-09-17 13:48:58,553 [ForkJoinPool.commonPool-worker-0] INFO  impl.RoleInfo (RoleInfo.java:shutdownLeaderState(104)) - 036b7aee-ccf7-4ae1-b368-88d83e75119e: shutdown LeaderState
2019-09-17 13:48:58,556 [ForkJoinPool.commonPool-worker-0] INFO  impl.PendingRequests (PendingRequests.java:sendNotLeaderResponses(202)) - 036b7aee-ccf7-4ae1-b368-88d83e75119e-PendingRequests: sendNotLeaderResponses
2019-09-17 13:48:58,556 [org.apache.ratis.server.impl.LogAppender$AppenderDaemon$$Lambda$516/1986339366@289d6052] WARN  server.GrpcLogAppender (GrpcLogAppender.java:mayWait(143)) - 036b7aee-ccf7-4ae1-b368-88d83e75119e@group-1778EDE7E77E->bd9bcf24-0b26-40d6-a14c-93656b7d1dfd-GrpcLogAppender: Wait interrupted by java.lang.InterruptedException
2019-09-17 13:48:58,556 [org.apache.ratis.server.impl.LogAppender$AppenderDaemon$$Lambda$516/1986339366@79db9e35] WARN  server.GrpcLogAppender (GrpcLogAppender.java:mayWait(143)) - 036b7aee-ccf7-4ae1-b368-88d83e75119e@group-1778EDE7E77E->235158f5-a152-43ec-a631-d9bc5f7bf1ec-GrpcLogAppender: Wait interrupted by java.lang.InterruptedException
2019-09-17 13:48:58,565 [ForkJoinPool.commonPool-worker-0] INFO  impl.StateMachineUpdater (StateMachineUpdater.java:stopAndJoin(125)) - 036b7aee-ccf7-4ae1-b368-88d83e75119e@group-1778EDE7E77E-StateMachineUpdater: set stopIndex = 6
2019-09-17 13:48:58,566 [036b7aee-ccf7-4ae1-b368-88d83e75119e@group-1778EDE7E77E-StateMachineUpdater] INFO  ratis.ContainerStateMachine (ContainerStateMachine.java:takeSnapshot(289)) - group-1778EDE7E77E: Taking a snapshot at:(t:5, i:6) file /workdir/hadoop-ozone/integration-test/target/test-dir/MiniOzoneClusterImpl-daa7203c-c96a-4121-bc5d-8329609dc0cb/datanode-0/data/ratis/b2906ef4-0cc1-4eec-9358-1778ede7e77e/sm/snapshot.5_6
2019-09-17 13:48:58,847 [036b7aee-ccf7-4ae1-b368-88d83e75119e@group-1778EDE7E77E-StateMachineUpdater] INFO  ratis.ContainerStateMachine (ContainerStateMachine.java:takeSnapshot(300)) - group-1778EDE7E77E: Finished taking a snapshot at:(t:5, i:6) file:/workdir/hadoop-ozone/integration-test/target/test-dir/MiniOzoneClusterImpl-daa7203c-c96a-4121-bc5d-8329609dc0cb/datanode-0/data/ratis/b2906ef4-0cc1-4eec-9358-1778ede7e77e/sm/snapshot.5_6 time:281
2019-09-17 13:48:58,848 [036b7aee-ccf7-4ae1-b368-88d83e75119e@group-1778EDE7E77E-StateMachineUpdater] INFO  impl.StateMachineUpdater (StateMachineUpdater.java:takeSnapshot(258)) - 036b7aee-ccf7-4ae1-b368-88d83e75119e@group-1778EDE7E77E-StateMachineUpdater: Took a snapshot at index 6
2019-09-17 13:48:58,848 [036b7aee-ccf7-4ae1-b368-88d83e75119e@group-1778EDE7E77E-StateMachineUpdater] INFO  impl.StateMachineUpdater (StateMachineUpdater.java:lambda$new$0(83)) - 036b7aee-ccf7-4ae1-b368-88d83e75119e@group-1778EDE7E77E-StateMachineUpdater: snapshotIndex: updateIncreasingly -1 -> 6
2019-09-17 13:48:58,849 [ForkJoinPool.commonPool-worker-0] INFO  impl.RaftServerImpl (ServerState.java:close(385)) - 036b7aee-ccf7-4ae1-b368-88d83e75119e@group-1778EDE7E77E: closes. applyIndex: 6
2019-09-17 13:48:58,849 [036b7aee-ccf7-4ae1-b368-88d83e75119e@group-1778EDE7E77E-SegmentedRaftLogWorker] INFO  segmented.SegmentedRaftLogWorker (SegmentedRaftLogWorker.java:run(313)) - 036b7aee-ccf7-4ae1-b368-88d83e75119e@group-1778EDE7E77E-SegmentedRaftLogWorker was interrupted, exiting. There are 0 tasks remaining in the queue.
2019-09-17 13:48:58,851 [ForkJoinPool.commonPool-worker-0] INFO  segmented.SegmentedRaftLogWorker (SegmentedRaftLogWorker.java:close(228)) - 036b7aee-ccf7-4ae1-b368-88d83e75119e@group-1778EDE7E77E-SegmentedRaftLogWorker close()
2019-09-17 13:48:58,853 [ForkJoinPool.commonPool-worker-0] INFO  impl.RaftServerImpl (RaftServerImpl.java:lambda$shutdown$3(251)) - 036b7aee-ccf7-4ae1-b368-88d83e75119e@group-F692B52BFFDA: shutdown
2019-09-17 13:48:58,853 [ForkJoinPool.commonPool-worker-0] INFO  util.JmxRegister (JmxRegister.java:unregister(73)) - Successfully un-registered JMX Bean with object name Ratis:service=RaftServer,group=group-F692B52BFFDA,id=036b7aee-ccf7-4ae1-b368-88d83e75119e
2019-09-17 13:48:58,854 [ForkJoinPool.commonPool-worker-0] INFO  impl.RoleInfo (RoleInfo.java:shutdownLeaderState(104)) - 036b7aee-ccf7-4ae1-b368-88d83e75119e: shutdown LeaderState
2019-09-17 13:48:58,854 [ForkJoinPool.commonPool-worker-0] INFO  impl.PendingRequests (PendingRequests.java:sendNotLeaderResponses(202)) - 036b7aee-ccf7-4ae1-b368-88d83e75119e-PendingRequests: sendNotLeaderResponses
2019-09-17 13:48:58,854 [ForkJoinPool.commonPool-worker-0] INFO  impl.StateMachineUpdater (StateMachineUpdater.java:stopAndJoin(125)) - 036b7aee-ccf7-4ae1-b368-88d83e75119e@group-F692B52BFFDA-StateMachineUpdater: set stopIndex = 0
2019-09-17 13:48:58,855 [ForkJoinPool.commonPool-worker-0] INFO  impl.RaftServerImpl (ServerState.java:close(385)) - 036b7aee-ccf7-4ae1-b368-88d83e75119e@group-F692B52BFFDA: closes. applyIndex: 0
2019-09-17 13:48:58,855 [036b7aee-ccf7-4ae1-b368-88d83e75119e@group-F692B52BFFDA-SegmentedRaftLogWorker] INFO  segmented.SegmentedRaftLogWorker (SegmentedRaftLogWorker.java:run(313)) - 036b7aee-ccf7-4ae1-b368-88d83e75119e@group-F692B52BFFDA-SegmentedRaftLogWorker was interrupted, exiting. There are 0 tasks remaining in the queue.
2019-09-17 13:48:58,856 [ForkJoinPool.commonPool-worker-0] INFO  segmented.SegmentedRaftLogWorker (SegmentedRaftLogWorker.java:close(228)) - 036b7aee-ccf7-4ae1-b368-88d83e75119e@group-F692B52BFFDA-SegmentedRaftLogWorker close()
2019-09-17 13:48:58,858 [ForkJoinPool.commonPool-worker-0] INFO  server.GrpcService (GrpcService.java:closeImpl(164)) - 036b7aee-ccf7-4ae1-b368-88d83e75119e: shutdown server with port 35336 now
2019-09-17 13:48:58,859 [ForkJoinPool.commonPool-worker-0] INFO  server.GrpcService (GrpcService.java:closeImpl(172)) - 036b7aee-ccf7-4ae1-b368-88d83e75119e: shutdown server with port 35336 successfully
2019-09-17 13:48:58,861 [refreshUsed-/workdir/hadoop-ozone/integration-test/target/test-dir/MiniOzoneClusterImpl-daa7203c-c96a-4121-bc5d-8329609dc0cb/datanode-0/data/containers] WARN  fs.CachingGetSpaceUsed (CachingGetSpaceUsed.java:run(183)) - Thread Interrupted waiting to refresh disk information: sleep interrupted
2019-09-17 13:48:58,886 [ForkJoinPool.commonPool-worker-0] INFO  utils.BackgroundService (BackgroundService.java:shutdown(148)) - Shutting down service BlockDeletingService
2019-09-17 13:48:58,889 [ForkJoinPool.commonPool-worker-0] INFO  statemachine.DatanodeStateMachine (DatanodeStateMachine.java:stopDaemon(395)) - Ozone container server stopped.
2019-09-17 13:48:58,894 [ForkJoinPool.commonPool-worker-0] INFO  handler.ContextHandler (ContextHandler.java:doStop(910)) - Stopped o.e.j.w.WebAppContext@70730db{/,null,UNAVAILABLE}{/hddsDatanode}
2019-09-17 13:48:58,896 [ForkJoinPool.commonPool-worker-0] INFO  server.AbstractConnector (AbstractConnector.java:doStop(318)) - Stopped ServerConnector@5793b87{HTTP/1.1,[http/1.1]}{0.0.0.0:0}
2019-09-17 13:48:58,897 [ForkJoinPool.commonPool-worker-0] INFO  handler.ContextHandler (ContextHandler.java:doStop(910)) - Stopped o.e.j.s.ServletContextHandler@4bd51d3e{/static,jar:file:/home/user/.m2/repository/org/apache/hadoop/hadoop-hdds-container-service/0.5.0-SNAPSHOT/hadoop-hdds-container-service-0.5.0-SNAPSHOT.jar!/webapps/static,UNAVAILABLE}
2019-09-17 13:48:58,898 [ForkJoinPool.commonPool-worker-0] INFO  handler.ContextHandler (ContextHandler.java:doStop(910)) - Stopped o.e.j.s.ServletContextHandler@47be0f9b{/logs,file:///workdir/hadoop-ozone/integration-test/target/log,UNAVAILABLE}
2019-09-17 13:48:58,899 [main] INFO  ozone.MiniOzoneClusterImpl (MiniOzoneClusterImpl.java:stop(344)) - Stopping the StorageContainerManager
2019-09-17 13:48:58,900 [main] INFO  server.StorageContainerManager (StorageContainerManager.java:stop(801)) - Stopping Replication Manager Service.
2019-09-17 13:48:58,900 [main] INFO  container.ReplicationManager (ReplicationManager.java:stop(203)) - Stopping Replication Monitor Thread.
2019-09-17 13:48:58,900 [main] INFO  server.StorageContainerManager (StorageContainerManager.java:stop(808)) - Stopping Lease Manager of the command watchers
2019-09-17 13:48:58,901 [main] INFO  server.StorageContainerManager (StorageContainerManager.java:stop(815)) - Stopping datanode service RPC server
2019-09-17 13:48:58,901 [main] INFO  server.SCMDatanodeProtocolServer (SCMDatanodeProtocolServer.java:stop(367)) - Stopping the RPC server for DataNodes
2019-09-17 13:48:58,901 [main] INFO  ipc.Server (Server.java:stop(3082)) - Stopping server on 38273
2019-09-17 13:48:58,902 [IPC Server listener on 38273] INFO  ipc.Server (Server.java:run(1185)) - Stopping IPC Server listener on 38273
2019-09-17 13:48:58,902 [IPC Server Responder] INFO  ipc.Server (Server.java:run(1319)) - Stopping IPC Server Responder
2019-09-17 13:48:58,969 [SCM Heartbeat Processing Thread - 0] WARN  node.NodeStateManager (NodeStateManager.java:scheduleNextHealthCheck(646)) - Current Thread is interrupted, shutting down HB processing thread for Node Manager.
2019-09-17 13:48:58,970 [main] INFO  server.StorageContainerManager (StorageContainerManager.java:stop(823)) - Stopping block service RPC server
2019-09-17 13:48:58,970 [main] INFO  server.SCMBlockProtocolServer (SCMBlockProtocolServer.java:stop(155)) - Stopping the RPC server for Block Protocol
2019-09-17 13:48:58,970 [main] INFO  ipc.Server (Server.java:stop(3082)) - Stopping server on 42681
2019-09-17 13:48:58,971 [main] INFO  server.StorageContainerManager (StorageContainerManager.java:stop(830)) - Stopping the StorageContainerLocationProtocol RPC server
2019-09-17 13:48:58,972 [main] INFO  server.SCMClientProtocolServer (SCMClientProtocolServer.java:stop(159)) - Stopping the RPC server for Client Protocol
2019-09-17 13:48:58,972 [IPC Server listener on 42681] INFO  ipc.Server (Server.java:run(1185)) - Stopping IPC Server listener on 42681
2019-09-17 13:48:58,972 [main] INFO  ipc.Server (Server.java:stop(3082)) - Stopping server on 41848
2019-09-17 13:48:58,972 [IPC Server Responder] INFO  ipc.Server (Server.java:run(1319)) - Stopping IPC Server Responder
2019-09-17 13:48:58,974 [IPC Server listener on 41848] INFO  ipc.Server (Server.java:run(1185)) - Stopping IPC Server listener on 41848
2019-09-17 13:48:58,974 [main] INFO  server.StorageContainerManager (StorageContainerManager.java:stop(837)) - Stopping Storage Container Manager HTTP server.
2019-09-17 13:48:58,974 [IPC Server Responder] INFO  ipc.Server (Server.java:run(1319)) - Stopping IPC Server Responder
2019-09-17 13:48:58,975 [main] INFO  handler.ContextHandler (ContextHandler.java:doStop(910)) - Stopped o.e.j.w.WebAppContext@3591009c{/,null,UNAVAILABLE}{/scm}
2019-09-17 13:48:58,975 [main] INFO  server.AbstractConnector (AbstractConnector.java:doStop(318)) - Stopped ServerConnector@2de366bb{HTTP/1.1,[http/1.1]}{0.0.0.0:0}
2019-09-17 13:48:58,975 [main] INFO  handler.ContextHandler (ContextHandler.java:doStop(910)) - Stopped o.e.j.s.ServletContextHandler@23fb172e{/static,file:///workdir/hadoop-ozone/integration-test/target/test-classes/webapps/static,UNAVAILABLE}
2019-09-17 13:48:58,976 [main] INFO  handler.ContextHandler (ContextHandler.java:doStop(910)) - Stopped o.e.j.s.ServletContextHandler@6622fc65{/logs,file:///workdir/hadoop-ozone/integration-test/target/log,UNAVAILABLE}
2019-09-17 13:48:58,977 [main] INFO  server.StorageContainerManager (StorageContainerManager.java:stop(848)) - Stopping Block Manager Service.
2019-09-17 13:48:58,977 [main] INFO  utils.BackgroundService (BackgroundService.java:shutdown(148)) - Shutting down service SCMBlockDeletingService
2019-09-17 13:48:58,977 [main] INFO  utils.BackgroundService (BackgroundService.java:shutdown(148)) - Shutting down service SCMBlockDeletingService
2019-09-17 13:48:58,978 [main] INFO  server.StorageContainerManager (StorageContainerManager.java:stop(870)) - Stopping SCM Event Queue.
2019-09-17 13:48:58,983 [main] INFO  impl.MetricsSystemImpl (MetricsSystemImpl.java:stop(210)) - Stopping XceiverClientMetrics metrics system...
2019-09-17 13:48:58,991 [prometheus] INFO  impl.MetricsSinkAdapter (MetricsSinkAdapter.java:publishMetricsFromQueue(141)) - prometheus thread interrupted.
2019-09-17 13:48:58,991 [main] INFO  impl.MetricsSystemImpl (MetricsSystemImpl.java:stop(216)) - XceiverClientMetrics metrics system stopped.
]]></system-out>
    <system-err><![CDATA[ERROR StatusLogger No Log4j 2 configuration file found. Using default configuration (logging only errors to the console), or user programmatically provided configurations. Set system property 'log4j2.debug' to show Log4j 2 internal initialization logging. See https://logging.apache.org/log4j/2.x/manual/configuration.html for instructions on how to configure Log4j 2
Sep 17, 2019 1:48:31 PM org.apache.ratis.thirdparty.io.grpc.internal.SerializingExecutor run
SEVERE: Exception while executing runnable org.apache.ratis.thirdparty.io.grpc.internal.ServerImpl$JumpToApplicationThreadServerStreamListener$1Closed@7570d643
org.apache.ratis.thirdparty.io.grpc.StatusRuntimeException: CANCELLED: call already cancelled
	at org.apache.ratis.thirdparty.io.grpc.Status.asRuntimeException(Status.java:517)
	at org.apache.ratis.thirdparty.io.grpc.stub.ServerCalls$ServerCallStreamObserverImpl.onCompleted(ServerCalls.java:356)
	at org.apache.ratis.grpc.server.GrpcServerProtocolService$ServerRequestStreamObserver.onError(GrpcServerProtocolService.java:121)
	at org.apache.ratis.thirdparty.io.grpc.stub.ServerCalls$StreamingServerCallHandler$StreamingServerCallListener.onCancel(ServerCalls.java:269)
	at org.apache.ratis.thirdparty.io.grpc.internal.ServerCallImpl$ServerStreamListenerImpl.closed(ServerCallImpl.java:293)
	at org.apache.ratis.thirdparty.io.grpc.internal.ServerImpl$JumpToApplicationThreadServerStreamListener$1Closed.runInContext(ServerImpl.java:741)
	at org.apache.ratis.thirdparty.io.grpc.internal.ContextRunnable.run(ContextRunnable.java:37)
	at org.apache.ratis.thirdparty.io.grpc.internal.SerializingExecutor.run(SerializingExecutor.java:123)
	at java.util.concurrent.ThreadPoolExecutor.runWorker(ThreadPoolExecutor.java:1149)
	at java.util.concurrent.ThreadPoolExecutor$Worker.run(ThreadPoolExecutor.java:624)
	at java.lang.Thread.run(Thread.java:748)

Sep 17, 2019 1:48:53 PM org.apache.ratis.thirdparty.io.grpc.internal.SerializingExecutor run
SEVERE: Exception while executing runnable org.apache.ratis.thirdparty.io.grpc.internal.ServerImpl$JumpToApplicationThreadServerStreamListener$1Closed@5d31bb98
org.apache.ratis.thirdparty.io.grpc.StatusRuntimeException: CANCELLED: call already cancelled
	at org.apache.ratis.thirdparty.io.grpc.Status.asRuntimeException(Status.java:517)
	at org.apache.ratis.thirdparty.io.grpc.stub.ServerCalls$ServerCallStreamObserverImpl.onCompleted(ServerCalls.java:356)
	at org.apache.ratis.grpc.server.GrpcServerProtocolService$ServerRequestStreamObserver.onError(GrpcServerProtocolService.java:121)
	at org.apache.ratis.thirdparty.io.grpc.stub.ServerCalls$StreamingServerCallHandler$StreamingServerCallListener.onCancel(ServerCalls.java:269)
	at org.apache.ratis.thirdparty.io.grpc.internal.ServerCallImpl$ServerStreamListenerImpl.closed(ServerCallImpl.java:293)
	at org.apache.ratis.thirdparty.io.grpc.internal.ServerImpl$JumpToApplicationThreadServerStreamListener$1Closed.runInContext(ServerImpl.java:741)
	at org.apache.ratis.thirdparty.io.grpc.internal.ContextRunnable.run(ContextRunnable.java:37)
	at org.apache.ratis.thirdparty.io.grpc.internal.SerializingExecutor.run(SerializingExecutor.java:123)
	at java.util.concurrent.ThreadPoolExecutor.runWorker(ThreadPoolExecutor.java:1149)
	at java.util.concurrent.ThreadPoolExecutor$Worker.run(ThreadPoolExecutor.java:624)
	at java.lang.Thread.run(Thread.java:748)

]]></system-err>
  </testcase>
</testsuite>