<?xml version="1.0" encoding="UTF-8"?>
<testsuite xmlns:xsi="http://www.w3.org/2001/XMLSchema-instance" xsi:noNamespaceSchemaLocation="https://maven.apache.org/surefire/maven-surefire-plugin/xsd/surefire-test-report.xsd" name="org.apache.hadoop.ozone.client.rpc.TestCommitWatcher" time="48.674" tests="2" errors="0" skipped="0" failures="1">
  <properties>
    <property name="awt.toolkit" value="sun.awt.X11.XToolkit"/>
    <property name="file.encoding.pkg" value="sun.io"/>
    <property name="java.specification.version" value="1.8"/>
    <property name="sun.cpu.isalist" value=""/>
    <property name="sun.jnu.encoding" value="UTF-8"/>
    <property name="java.class.path" value="/workdir/hadoop-ozone/integration-test/target/test-classes:/workdir/hadoop-ozone/integration-test/target/classes:/home/user/.m2/repository/org/apache/hadoop/hadoop-ozone-common/0.5.0-SNAPSHOT/hadoop-ozone-common-0.5.0-SNAPSHOT.jar:/home/user/.m2/repository/org/apache/commons/commons-compress/1.4.1/commons-compress-1.4.1.jar:/home/user/.m2/repository/org/tukaani/xz/1.0/xz-1.0.jar:/home/user/.m2/repository/org/apache/hadoop/hadoop-common/3.2.0/hadoop-common-3.2.0.jar:/home/user/.m2/repository/org/apache/hadoop/hadoop-hdfs/3.2.0/hadoop-hdfs-3.2.0.jar:/home/user/.m2/repository/org/apache/hadoop/hadoop-hdfs-client/3.2.0/hadoop-hdfs-client-3.2.0.jar:/home/user/.m2/repository/com/fasterxml/jackson/core/jackson-annotations/2.9.5/jackson-annotations-2.9.5.jar:/home/user/.m2/repository/org/apache/hadoop/hadoop-hdds-common/0.5.0-SNAPSHOT/hadoop-hdds-common-0.5.0-SNAPSHOT.jar:/home/user/.m2/repository/javax/annotation/javax.annotation-api/1.2/javax.annotation-api-1.2.jar:/home/user/.m2/repository/org/apache/ratis/ratis-server/0.4.0-2337318-SNAPSHOT/ratis-server-0.4.0-2337318-SNAPSHOT.jar:/home/user/.m2/repository/org/apache/ratis/ratis-thirdparty-misc/0.2.0/ratis-thirdparty-misc-0.2.0.jar:/home/user/.m2/repository/org/apache/ratis/ratis-proto/0.4.0-2337318-SNAPSHOT/ratis-proto-0.4.0-2337318-SNAPSHOT.jar:/home/user/.m2/repository/org/apache/ratis/ratis-common/0.4.0-2337318-SNAPSHOT/ratis-common-0.4.0-2337318-SNAPSHOT.jar:/home/user/.m2/repository/org/apache/ratis/ratis-client/0.4.0-2337318-SNAPSHOT/ratis-client-0.4.0-2337318-SNAPSHOT.jar:/home/user/.m2/repository/org/apache/ratis/ratis-metrics/0.4.0-2337318-SNAPSHOT/ratis-metrics-0.4.0-2337318-SNAPSHOT.jar:/home/user/.m2/repository/org/apache/ratis/ratis-netty/0.4.0-2337318-SNAPSHOT/ratis-netty-0.4.0-2337318-SNAPSHOT.jar:/home/user/.m2/repository/org/apache/ratis/ratis-grpc/0.4.0-2337318-SNAPSHOT/ratis-grpc-0.4.0-2337318-SNAPSHOT.jar:/home/user/.m2/repository/org/rocksdb/rocksdbjni/6.0.1/rocksdbjni-6.0.1.jar:/home/user/.m2/repository/org/apache/logging/log4j/log4j-api/2.11.0/log4j-api-2.11.0.jar:/home/user/.m2/repository/org/apache/logging/log4j/log4j-core/2.11.0/log4j-core-2.11.0.jar:/home/user/.m2/repository/com/lmax/disruptor/3.4.2/disruptor-3.4.2.jar:/home/user/.m2/repository/org/apache/commons/commons-pool2/2.6.0/commons-pool2-2.6.0.jar:/home/user/.m2/repository/org/bouncycastle/bcpkix-jdk15on/1.60/bcpkix-jdk15on-1.60.jar:/home/user/.m2/repository/commons-validator/commons-validator/1.6/commons-validator-1.6.jar:/home/user/.m2/repository/commons-digester/commons-digester/1.8.1/commons-digester-1.8.1.jar:/home/user/.m2/repository/io/jaegertracing/jaeger-client/0.33.1/jaeger-client-0.33.1.jar:/home/user/.m2/repository/io/jaegertracing/jaeger-thrift/0.33.1/jaeger-thrift-0.33.1.jar:/home/user/.m2/repository/org/apache/thrift/libthrift/0.11.0/libthrift-0.11.0.jar:/home/user/.m2/repository/com/squareup/okhttp3/okhttp/3.9.0/okhttp-3.9.0.jar:/home/user/.m2/repository/com/squareup/okio/okio/1.13.0/okio-1.13.0.jar:/home/user/.m2/repository/io/jaegertracing/jaeger-core/0.33.1/jaeger-core-0.33.1.jar:/home/user/.m2/repository/io/jaegertracing/jaeger-tracerresolver/0.33.1/jaeger-tracerresolver-0.33.1.jar:/home/user/.m2/repository/io/opentracing/contrib/opentracing-tracerresolver/0.1.5/opentracing-tracerresolver-0.1.5.jar:/home/user/.m2/repository/io/opentracing/opentracing-util/0.31.0/opentracing-util-0.31.0.jar:/home/user/.m2/repository/io/opentracing/opentracing-api/0.31.0/opentracing-api-0.31.0.jar:/home/user/.m2/repository/io/opentracing/opentracing-noop/0.31.0/opentracing-noop-0.31.0.jar:/home/user/.m2/repository/org/apache/hadoop/hadoop-hdds-server-framework/0.5.0-SNAPSHOT/hadoop-hdds-server-framework-0.5.0-SNAPSHOT.jar:/home/user/.m2/repository/org/apache/hadoop/hadoop-hdds-container-service/0.5.0-SNAPSHOT/hadoop-hdds-container-service-0.5.0-SNAPSHOT.jar:/home/user/.m2/repository/org/apache/hadoop/hadoop-hdds-client/0.5.0-SNAPSHOT/hadoop-hdds-client-0.5.0-SNAPSHOT.jar:/home/user/.m2/repository/org/apache/hadoop/hadoop-hdds-tools/0.5.0-SNAPSHOT/hadoop-hdds-tools-0.5.0-SNAPSHOT.jar:/home/user/.m2/repository/org/apache/hadoop/hadoop-hdds-server-scm/0.5.0-SNAPSHOT/hadoop-hdds-server-scm-0.5.0-SNAPSHOT.jar:/home/user/.m2/repository/org/apache/hadoop/hadoop-hdds-docs/0.5.0-SNAPSHOT/hadoop-hdds-docs-0.5.0-SNAPSHOT.jar:/home/user/.m2/repository/io/dropwizard/metrics/metrics-core/3.2.4/metrics-core-3.2.4.jar:/home/user/.m2/repository/org/hamcrest/hamcrest-all/1.3/hamcrest-all-1.3.jar:/home/user/.m2/repository/org/bouncycastle/bcprov-jdk15on/1.60/bcprov-jdk15on-1.60.jar:/home/user/.m2/repository/info/picocli/picocli/3.9.6/picocli-3.9.6.jar:/home/user/.m2/repository/com/google/protobuf/protobuf-java/2.5.0/protobuf-java-2.5.0.jar:/home/user/.m2/repository/com/google/guava/guava/11.0.2/guava-11.0.2.jar:/home/user/.m2/repository/org/apache/hadoop/hadoop-ozone-ozone-manager/0.5.0-SNAPSHOT/hadoop-ozone-ozone-manager-0.5.0-SNAPSHOT.jar:/home/user/.m2/repository/org/apache/hadoop/hadoop-minikdc/3.2.0/hadoop-minikdc-3.2.0.jar:/home/user/.m2/repository/commons-io/commons-io/2.5/commons-io-2.5.jar:/home/user/.m2/repository/org/apache/kerby/kerb-simplekdc/1.0.1/kerb-simplekdc-1.0.1.jar:/home/user/.m2/repository/org/apache/kerby/kerb-client/1.0.1/kerb-client-1.0.1.jar:/home/user/.m2/repository/org/apache/kerby/kerby-config/1.0.1/kerby-config-1.0.1.jar:/home/user/.m2/repository/org/apache/kerby/kerb-core/1.0.1/kerb-core-1.0.1.jar:/home/user/.m2/repository/org/apache/kerby/kerby-pkix/1.0.1/kerby-pkix-1.0.1.jar:/home/user/.m2/repository/org/apache/kerby/kerby-asn1/1.0.1/kerby-asn1-1.0.1.jar:/home/user/.m2/repository/org/apache/kerby/kerby-util/1.0.1/kerby-util-1.0.1.jar:/home/user/.m2/repository/org/apache/kerby/kerb-common/1.0.1/kerb-common-1.0.1.jar:/home/user/.m2/repository/org/apache/kerby/kerb-crypto/1.0.1/kerb-crypto-1.0.1.jar:/home/user/.m2/repository/org/apache/kerby/kerb-util/1.0.1/kerb-util-1.0.1.jar:/home/user/.m2/repository/org/apache/kerby/token-provider/1.0.1/token-provider-1.0.1.jar:/home/user/.m2/repository/org/apache/kerby/kerb-admin/1.0.1/kerb-admin-1.0.1.jar:/home/user/.m2/repository/org/apache/kerby/kerb-server/1.0.1/kerb-server-1.0.1.jar:/home/user/.m2/repository/org/apache/kerby/kerb-identity/1.0.1/kerb-identity-1.0.1.jar:/home/user/.m2/repository/org/apache/kerby/kerby-xdr/1.0.1/kerby-xdr-1.0.1.jar:/home/user/.m2/repository/org/slf4j/slf4j-log4j12/1.7.25/slf4j-log4j12-1.7.25.jar:/home/user/.m2/repository/org/apache/hadoop/hadoop-ozone-objectstore-service/0.5.0-SNAPSHOT/hadoop-ozone-objectstore-service-0.5.0-SNAPSHOT.jar:/home/user/.m2/repository/org/apache/hadoop/hadoop-ozone-s3gateway/0.5.0-SNAPSHOT/hadoop-ozone-s3gateway-0.5.0-SNAPSHOT.jar:/home/user/.m2/repository/org/jboss/weld/servlet/weld-servlet/2.4.7.Final/weld-servlet-2.4.7.Final.jar:/home/user/.m2/repository/org/glassfish/jersey/containers/jersey-container-servlet-core/2.27/jersey-container-servlet-core-2.27.jar:/home/user/.m2/repository/org/glassfish/hk2/external/javax.inject/2.5.0-b42/javax.inject-2.5.0-b42.jar:/home/user/.m2/repository/org/glassfish/jersey/core/jersey-common/2.27/jersey-common-2.27.jar:/home/user/.m2/repository/org/glassfish/hk2/osgi-resource-locator/1.0.1/osgi-resource-locator-1.0.1.jar:/home/user/.m2/repository/javax/ws/rs/javax.ws.rs-api/2.1/javax.ws.rs-api-2.1.jar:/home/user/.m2/repository/org/glassfish/jersey/ext/cdi/jersey-cdi1x/2.27/jersey-cdi1x-2.27.jar:/home/user/.m2/repository/org/glassfish/jersey/inject/jersey-hk2/2.27/jersey-hk2-2.27.jar:/home/user/.m2/repository/org/glassfish/hk2/hk2-locator/2.5.0-b42/hk2-locator-2.5.0-b42.jar:/home/user/.m2/repository/org/javassist/javassist/3.22.0-CR2/javassist-3.22.0-CR2.jar:/home/user/.m2/repository/org/glassfish/hk2/hk2-api/2.5.0/hk2-api-2.5.0.jar:/home/user/.m2/repository/org/glassfish/hk2/external/jakarta.inject/2.5.0/jakarta.inject-2.5.0.jar:/home/user/.m2/repository/org/glassfish/hk2/hk2-utils/2.5.0/hk2-utils-2.5.0.jar:/home/user/.m2/repository/jakarta/annotation/jakarta.annotation-api/1.3.4/jakarta.annotation-api-1.3.4.jar:/home/user/.m2/repository/org/glassfish/hk2/external/aopalliance-repackaged/2.5.0/aopalliance-repackaged-2.5.0.jar:/home/user/.m2/repository/com/fasterxml/jackson/dataformat/jackson-dataformat-xml/2.9.0/jackson-dataformat-xml-2.9.0.jar:/home/user/.m2/repository/com/fasterxml/jackson/core/jackson-core/2.9.5/jackson-core-2.9.5.jar:/home/user/.m2/repository/com/fasterxml/jackson/module/jackson-module-jaxb-annotations/2.9.5/jackson-module-jaxb-annotations-2.9.5.jar:/home/user/.m2/repository/javax/enterprise/cdi-api/1.2/cdi-api-1.2.jar:/home/user/.m2/repository/javax/el/javax.el-api/3.0.0/javax.el-api-3.0.0.jar:/home/user/.m2/repository/javax/interceptor/javax.interceptor-api/1.2/javax.interceptor-api-1.2.jar:/home/user/.m2/repository/javax/inject/javax.inject/1/javax.inject-1.jar:/home/user/.m2/repository/com/sun/xml/bind/jaxb-impl/2.3.0.1/jaxb-impl-2.3.0.1.jar:/home/user/.m2/repository/com/sun/xml/bind/jaxb-core/2.3.0.1/jaxb-core-2.3.0.1.jar:/home/user/.m2/repository/javax/xml/bind/jaxb-api/2.3.0/jaxb-api-2.3.0.jar:/home/user/.m2/repository/javax/activation/activation/1.1.1/activation-1.1.1.jar:/home/user/.m2/repository/org/apache/hadoop/hadoop-ozone-csi/0.5.0-SNAPSHOT/hadoop-ozone-csi-0.5.0-SNAPSHOT.jar:/home/user/.m2/repository/com/google/protobuf/protobuf-java-util/3.5.1/protobuf-java-util-3.5.1.jar:/home/user/.m2/repository/org/apache/hadoop/hadoop-hdds-config/0.5.0-SNAPSHOT/hadoop-hdds-config-0.5.0-SNAPSHOT.jar:/home/user/.m2/repository/io/grpc/grpc-netty/1.17.1/grpc-netty-1.17.1.jar:/home/user/.m2/repository/io/grpc/grpc-core/1.17.1/grpc-core-1.17.1.jar:/home/user/.m2/repository/io/grpc/grpc-context/1.17.1/grpc-context-1.17.1.jar:/home/user/.m2/repository/com/google/errorprone/error_prone_annotations/2.2.0/error_prone_annotations-2.2.0.jar:/home/user/.m2/repository/org/codehaus/mojo/animal-sniffer-annotations/1.17/animal-sniffer-annotations-1.17.jar:/home/user/.m2/repository/io/opencensus/opencensus-api/0.17.0/opencensus-api-0.17.0.jar:/home/user/.m2/repository/io/opencensus/opencensus-contrib-grpc-metrics/0.17.0/opencensus-contrib-grpc-metrics-0.17.0.jar:/home/user/.m2/repository/io/netty/netty-codec-http2/4.1.30.Final/netty-codec-http2-4.1.30.Final.jar:/home/user/.m2/repository/io/netty/netty-codec-http/4.1.30.Final/netty-codec-http-4.1.30.Final.jar:/home/user/.m2/repository/io/netty/netty-codec/4.1.30.Final/netty-codec-4.1.30.Final.jar:/home/user/.m2/repository/io/netty/netty-handler/4.1.30.Final/netty-handler-4.1.30.Final.jar:/home/user/.m2/repository/io/netty/netty-handler-proxy/4.1.30.Final/netty-handler-proxy-4.1.30.Final.jar:/home/user/.m2/repository/io/netty/netty-codec-socks/4.1.30.Final/netty-codec-socks-4.1.30.Final.jar:/home/user/.m2/repository/io/netty/netty-transport-native-epoll/4.1.30.Final/netty-transport-native-epoll-4.1.30.Final.jar:/home/user/.m2/repository/io/netty/netty-common/4.1.30.Final/netty-common-4.1.30.Final.jar:/home/user/.m2/repository/io/netty/netty-buffer/4.1.30.Final/netty-buffer-4.1.30.Final.jar:/home/user/.m2/repository/io/netty/netty-transport/4.1.30.Final/netty-transport-4.1.30.Final.jar:/home/user/.m2/repository/io/netty/netty-resolver/4.1.30.Final/netty-resolver-4.1.30.Final.jar:/home/user/.m2/repository/io/netty/netty-transport-native-unix-common/4.1.30.Final/netty-transport-native-unix-common-4.1.30.Final.jar:/home/user/.m2/repository/io/grpc/grpc-protobuf/1.17.1/grpc-protobuf-1.17.1.jar:/home/user/.m2/repository/com/google/api/grpc/proto-google-common-protos/1.0.0/proto-google-common-protos-1.0.0.jar:/home/user/.m2/repository/io/grpc/grpc-protobuf-lite/1.17.1/grpc-protobuf-lite-1.17.1.jar:/home/user/.m2/repository/io/grpc/grpc-stub/1.17.1/grpc-stub-1.17.1.jar:/home/user/.m2/repository/org/apache/hadoop/hadoop-ozone-recon/0.5.0-SNAPSHOT/hadoop-ozone-recon-0.5.0-SNAPSHOT.jar:/home/user/.m2/repository/org/apache/hadoop/hadoop-ozone-reconcodegen/0.5.0-SNAPSHOT/hadoop-ozone-reconcodegen-0.5.0-SNAPSHOT.jar:/home/user/.m2/repository/com/google/inject/extensions/guice-multibindings/4.0/guice-multibindings-4.0.jar:/home/user/.m2/repository/com/google/inject/guice/4.0/guice-4.0.jar:/home/user/.m2/repository/aopalliance/aopalliance/1.0/aopalliance-1.0.jar:/home/user/.m2/repository/com/google/inject/extensions/guice-servlet/4.0/guice-servlet-4.0.jar:/home/user/.m2/repository/org/glassfish/jersey/containers/jersey-container-servlet/2.27/jersey-container-servlet-2.27.jar:/home/user/.m2/repository/org/glassfish/hk2/guice-bridge/2.5.0/guice-bridge-2.5.0.jar:/home/user/.m2/repository/org/glassfish/jersey/core/jersey-server/2.27/jersey-server-2.27.jar:/home/user/.m2/repository/org/glassfish/jersey/core/jersey-client/2.27/jersey-client-2.27.jar:/home/user/.m2/repository/org/glassfish/jersey/media/jersey-media-jaxb/2.27/jersey-media-jaxb-2.27.jar:/home/user/.m2/repository/javax/validation/validation-api/1.1.0.Final/validation-api-1.1.0.Final.jar:/home/user/.m2/repository/org/glassfish/jersey/media/jersey-media-json-jackson/2.27/jersey-media-json-jackson-2.27.jar:/home/user/.m2/repository/org/glassfish/jersey/ext/jersey-entity-filtering/2.27/jersey-entity-filtering-2.27.jar:/home/user/.m2/repository/com/google/inject/extensions/guice-assistedinject/4.0/guice-assistedinject-4.0.jar:/home/user/.m2/repository/org/jooq/jooq/3.11.10/jooq-3.11.10.jar:/home/user/.m2/repository/org/jooq/jooq-meta/3.11.10/jooq-meta-3.11.10.jar:/home/user/.m2/repository/org/jooq/jooq-codegen/3.11.10/jooq-codegen-3.11.10.jar:/home/user/.m2/repository/com/jolbox/bonecp/0.8.0.RELEASE/bonecp-0.8.0.RELEASE.jar:/home/user/.m2/repository/org/xerial/sqlite-jdbc/3.25.2/sqlite-jdbc-3.25.2.jar:/home/user/.m2/repository/org/springframework/spring-jdbc/5.1.3.RELEASE/spring-jdbc-5.1.3.RELEASE.jar:/home/user/.m2/repository/org/springframework/spring-beans/5.1.3.RELEASE/spring-beans-5.1.3.RELEASE.jar:/home/user/.m2/repository/org/springframework/spring-core/5.1.3.RELEASE/spring-core-5.1.3.RELEASE.jar:/home/user/.m2/repository/org/springframework/spring-jcl/5.1.3.RELEASE/spring-jcl-5.1.3.RELEASE.jar:/home/user/.m2/repository/org/springframework/spring-tx/5.1.3.RELEASE/spring-tx-5.1.3.RELEASE.jar:/home/user/.m2/repository/org/apache/hadoop/hadoop-ozone-client/0.5.0-SNAPSHOT/hadoop-ozone-client-0.5.0-SNAPSHOT.jar:/home/user/.m2/repository/commons-lang/commons-lang/2.6/commons-lang-2.6.jar:/home/user/.m2/repository/org/apache/hadoop/hadoop-ozone-ozone-manager/0.5.0-SNAPSHOT/hadoop-ozone-ozone-manager-0.5.0-SNAPSHOT-tests.jar:/home/user/.m2/repository/junit/junit/4.11/junit-4.11.jar:/home/user/.m2/repository/org/hamcrest/hamcrest-core/1.3/hamcrest-core-1.3.jar:/home/user/.m2/repository/org/openjdk/jmh/jmh-core/1.19/jmh-core-1.19.jar:/home/user/.m2/repository/net/sf/jopt-simple/jopt-simple/4.6/jopt-simple-4.6.jar:/home/user/.m2/repository/org/apache/commons/commons-math3/3.1.1/commons-math3-3.1.1.jar:/home/user/.m2/repository/org/openjdk/jmh/jmh-generator-annprocess/1.19/jmh-generator-annprocess-1.19.jar:/home/user/.m2/repository/org/mockito/mockito-all/1.8.5/mockito-all-1.8.5.jar:/home/user/.m2/repository/org/apache/hadoop/hadoop-kms/3.2.0/hadoop-kms-3.2.0.jar:/home/user/.m2/repository/org/apache/hadoop/hadoop-auth/3.2.0/hadoop-auth-3.2.0.jar:/home/user/.m2/repository/com/nimbusds/nimbus-jose-jwt/4.41.1/nimbus-jose-jwt-4.41.1.jar:/home/user/.m2/repository/com/github/stephenc/jcip/jcip-annotations/1.0-1/jcip-annotations-1.0-1.jar:/home/user/.m2/repository/net/minidev/json-smart/2.3/json-smart-2.3.jar:/home/user/.m2/repository/net/minidev/accessors-smart/1.2/accessors-smart-1.2.jar:/home/user/.m2/repository/org/ow2/asm/asm/5.0.4/asm-5.0.4.jar:/home/user/.m2/repository/org/apache/curator/curator-framework/2.12.0/curator-framework-2.12.0.jar:/home/user/.m2/repository/com/sun/jersey/jersey-core/1.19/jersey-core-1.19.jar:/home/user/.m2/repository/javax/ws/rs/jsr311-api/1.1.1/jsr311-api-1.1.1.jar:/home/user/.m2/repository/com/sun/jersey/jersey-server/1.19/jersey-server-1.19.jar:/home/user/.m2/repository/javax/servlet/javax.servlet-api/3.1.0/javax.servlet-api-3.1.0.jar:/home/user/.m2/repository/org/eclipse/jetty/jetty-server/9.3.24.v20180605/jetty-server-9.3.24.v20180605.jar:/home/user/.m2/repository/org/eclipse/jetty/jetty-http/9.3.24.v20180605/jetty-http-9.3.24.v20180605.jar:/home/user/.m2/repository/org/eclipse/jetty/jetty-io/9.3.24.v20180605/jetty-io-9.3.24.v20180605.jar:/home/user/.m2/repository/org/eclipse/jetty/jetty-webapp/9.3.24.v20180605/jetty-webapp-9.3.24.v20180605.jar:/home/user/.m2/repository/org/eclipse/jetty/jetty-xml/9.3.24.v20180605/jetty-xml-9.3.24.v20180605.jar:/home/user/.m2/repository/log4j/log4j/1.2.17/log4j-1.2.17.jar:/home/user/.m2/repository/org/slf4j/slf4j-api/1.7.25/slf4j-api-1.7.25.jar:/home/user/.m2/repository/org/slf4j/jul-to-slf4j/1.7.25/jul-to-slf4j-1.7.25.jar:/home/user/.m2/repository/org/eclipse/jetty/jetty-util/9.3.24.v20180605/jetty-util-9.3.24.v20180605.jar:/home/user/.m2/repository/com/fasterxml/jackson/core/jackson-databind/2.9.5/jackson-databind-2.9.5.jar:/home/user/.m2/repository/org/apache/hadoop/hadoop-kms/3.2.0/hadoop-kms-3.2.0-tests.jar:/home/user/.m2/repository/org/apache/hadoop/hadoop-hdds-server-scm/0.5.0-SNAPSHOT/hadoop-hdds-server-scm-0.5.0-SNAPSHOT-tests.jar:/home/user/.m2/repository/org/apache/hadoop/hadoop-hdds-container-service/0.5.0-SNAPSHOT/hadoop-hdds-container-service-0.5.0-SNAPSHOT-tests.jar:/home/user/.m2/repository/org/yaml/snakeyaml/1.16/snakeyaml-1.16.jar:/home/user/.m2/repository/org/apache/hadoop/hadoop-common/3.2.0/hadoop-common-3.2.0-tests.jar:/home/user/.m2/repository/org/apache/hadoop/hadoop-annotations/3.2.0/hadoop-annotations-3.2.0.jar:/usr/lib/jvm/java-1.8-openjdk/jre/../lib/tools.jar:/home/user/.m2/repository/commons-cli/commons-cli/1.2/commons-cli-1.2.jar:/home/user/.m2/repository/org/apache/httpcomponents/httpclient/4.5.2/httpclient-4.5.2.jar:/home/user/.m2/repository/org/apache/httpcomponents/httpcore/4.4.4/httpcore-4.4.4.jar:/home/user/.m2/repository/commons-codec/commons-codec/1.11/commons-codec-1.11.jar:/home/user/.m2/repository/commons-net/commons-net/3.6/commons-net-3.6.jar:/home/user/.m2/repository/commons-collections/commons-collections/3.2.2/commons-collections-3.2.2.jar:/home/user/.m2/repository/org/eclipse/jetty/jetty-servlet/9.3.24.v20180605/jetty-servlet-9.3.24.v20180605.jar:/home/user/.m2/repository/org/eclipse/jetty/jetty-security/9.3.24.v20180605/jetty-security-9.3.24.v20180605.jar:/home/user/.m2/repository/javax/servlet/jsp/jsp-api/2.1/jsp-api-2.1.jar:/home/user/.m2/repository/com/sun/jersey/jersey-servlet/1.19/jersey-servlet-1.19.jar:/home/user/.m2/repository/com/sun/jersey/jersey-json/1.19/jersey-json-1.19.jar:/home/user/.m2/repository/org/codehaus/jettison/jettison/1.1/jettison-1.1.jar:/home/user/.m2/repository/org/codehaus/jackson/jackson-core-asl/1.9.13/jackson-core-asl-1.9.13.jar:/home/user/.m2/repository/org/codehaus/jackson/jackson-mapper-asl/1.9.13/jackson-mapper-asl-1.9.13.jar:/home/user/.m2/repository/org/codehaus/jackson/jackson-jaxrs/1.9.13/jackson-jaxrs-1.9.13.jar:/home/user/.m2/repository/org/codehaus/jackson/jackson-xc/1.9.13/jackson-xc-1.9.13.jar:/home/user/.m2/repository/commons-logging/commons-logging/1.1.3/commons-logging-1.1.3.jar:/home/user/.m2/repository/commons-beanutils/commons-beanutils/1.9.3/commons-beanutils-1.9.3.jar:/home/user/.m2/repository/org/apache/commons/commons-configuration2/2.1.1/commons-configuration2-2.1.1.jar:/home/user/.m2/repository/org/apache/commons/commons-lang3/3.7/commons-lang3-3.7.jar:/home/user/.m2/repository/org/apache/commons/commons-text/1.4/commons-text-1.4.jar:/home/user/.m2/repository/org/apache/avro/avro/1.7.7/avro-1.7.7.jar:/home/user/.m2/repository/com/thoughtworks/paranamer/paranamer/2.3/paranamer-2.3.jar:/home/user/.m2/repository/org/xerial/snappy/snappy-java/1.0.5/snappy-java-1.0.5.jar:/home/user/.m2/repository/com/google/re2j/re2j/1.1/re2j-1.1.jar:/home/user/.m2/repository/com/google/code/gson/gson/2.2.4/gson-2.2.4.jar:/home/user/.m2/repository/com/jcraft/jsch/0.1.54/jsch-0.1.54.jar:/home/user/.m2/repository/org/apache/curator/curator-client/2.12.0/curator-client-2.12.0.jar:/home/user/.m2/repository/org/apache/curator/curator-recipes/2.12.0/curator-recipes-2.12.0.jar:/home/user/.m2/repository/com/google/code/findbugs/jsr305/3.0.0/jsr305-3.0.0.jar:/home/user/.m2/repository/org/apache/htrace/htrace-core4/4.1.0-incubating/htrace-core4-4.1.0-incubating.jar:/home/user/.m2/repository/org/apache/zookeeper/zookeeper/3.4.13/zookeeper-3.4.13.jar:/home/user/.m2/repository/org/apache/yetus/audience-annotations/0.5.0/audience-annotations-0.5.0.jar:/home/user/.m2/repository/org/codehaus/woodstox/stax2-api/3.1.4/stax2-api-3.1.4.jar:/home/user/.m2/repository/com/fasterxml/woodstox/woodstox-core/5.0.3/woodstox-core-5.0.3.jar:/home/user/.m2/repository/dnsjava/dnsjava/2.1.7/dnsjava-2.1.7.jar:/home/user/.m2/repository/org/apache/hadoop/hadoop-hdfs/3.2.0/hadoop-hdfs-3.2.0-tests.jar:/home/user/.m2/repository/org/eclipse/jetty/jetty-util-ajax/9.3.24.v20180605/jetty-util-ajax-9.3.24.v20180605.jar:/home/user/.m2/repository/commons-daemon/commons-daemon/1.0.13/commons-daemon-1.0.13.jar:/home/user/.m2/repository/io/netty/netty/3.10.5.Final/netty-3.10.5.Final.jar:/home/user/.m2/repository/io/netty/netty-all/4.0.52.Final/netty-all-4.0.52.Final.jar:/home/user/.m2/repository/org/fusesource/leveldbjni/leveldbjni-all/1.8/leveldbjni-all-1.8.jar:"/>
    <property name="java.vm.vendor" value="IcedTea"/>
    <property name="sun.arch.data.model" value="64"/>
    <property name="test.build.dir" value="/workdir/hadoop-ozone/integration-test/target/test-dir"/>
    <property name="test.cache.data" value=""/>
    <property name="java.vendor.url" value="https://icedtea.classpath.org"/>
    <property name="user.timezone" value=""/>
    <property name="java.vm.specification.version" value="1.8"/>
    <property name="os.name" value="Linux"/>
    <property name="test.build.data" value="/workdir/hadoop-ozone/integration-test/target/test-dir"/>
    <property name="user.country" value="US"/>
    <property name="sun.java.launcher" value="SUN_STANDARD"/>
    <property name="sun.boot.library.path" value="/usr/lib/jvm/java-1.8-openjdk/jre/lib/amd64"/>
    <property name="sun.java.command" value="/workdir/hadoop-ozone/integration-test/target/surefire/surefirebooter1400654941252836430.jar /workdir/hadoop-ozone/integration-test/target/surefire 2019-08-17T05-12-22_547-jvmRun1 surefire5964664717254482tmp surefire_317857866061810048912tmp"/>
    <property name="test" value="!TestMiniChaosOzoneCluster"/>
    <property name="surefire.test.class.path" value="/workdir/hadoop-ozone/integration-test/target/test-classes:/workdir/hadoop-ozone/integration-test/target/classes:/home/user/.m2/repository/org/apache/hadoop/hadoop-ozone-common/0.5.0-SNAPSHOT/hadoop-ozone-common-0.5.0-SNAPSHOT.jar:/home/user/.m2/repository/org/apache/commons/commons-compress/1.4.1/commons-compress-1.4.1.jar:/home/user/.m2/repository/org/tukaani/xz/1.0/xz-1.0.jar:/home/user/.m2/repository/org/apache/hadoop/hadoop-common/3.2.0/hadoop-common-3.2.0.jar:/home/user/.m2/repository/org/apache/hadoop/hadoop-hdfs/3.2.0/hadoop-hdfs-3.2.0.jar:/home/user/.m2/repository/org/apache/hadoop/hadoop-hdfs-client/3.2.0/hadoop-hdfs-client-3.2.0.jar:/home/user/.m2/repository/com/fasterxml/jackson/core/jackson-annotations/2.9.5/jackson-annotations-2.9.5.jar:/home/user/.m2/repository/org/apache/hadoop/hadoop-hdds-common/0.5.0-SNAPSHOT/hadoop-hdds-common-0.5.0-SNAPSHOT.jar:/home/user/.m2/repository/javax/annotation/javax.annotation-api/1.2/javax.annotation-api-1.2.jar:/home/user/.m2/repository/org/apache/ratis/ratis-server/0.4.0-2337318-SNAPSHOT/ratis-server-0.4.0-2337318-SNAPSHOT.jar:/home/user/.m2/repository/org/apache/ratis/ratis-thirdparty-misc/0.2.0/ratis-thirdparty-misc-0.2.0.jar:/home/user/.m2/repository/org/apache/ratis/ratis-proto/0.4.0-2337318-SNAPSHOT/ratis-proto-0.4.0-2337318-SNAPSHOT.jar:/home/user/.m2/repository/org/apache/ratis/ratis-common/0.4.0-2337318-SNAPSHOT/ratis-common-0.4.0-2337318-SNAPSHOT.jar:/home/user/.m2/repository/org/apache/ratis/ratis-client/0.4.0-2337318-SNAPSHOT/ratis-client-0.4.0-2337318-SNAPSHOT.jar:/home/user/.m2/repository/org/apache/ratis/ratis-metrics/0.4.0-2337318-SNAPSHOT/ratis-metrics-0.4.0-2337318-SNAPSHOT.jar:/home/user/.m2/repository/org/apache/ratis/ratis-netty/0.4.0-2337318-SNAPSHOT/ratis-netty-0.4.0-2337318-SNAPSHOT.jar:/home/user/.m2/repository/org/apache/ratis/ratis-grpc/0.4.0-2337318-SNAPSHOT/ratis-grpc-0.4.0-2337318-SNAPSHOT.jar:/home/user/.m2/repository/org/rocksdb/rocksdbjni/6.0.1/rocksdbjni-6.0.1.jar:/home/user/.m2/repository/org/apache/logging/log4j/log4j-api/2.11.0/log4j-api-2.11.0.jar:/home/user/.m2/repository/org/apache/logging/log4j/log4j-core/2.11.0/log4j-core-2.11.0.jar:/home/user/.m2/repository/com/lmax/disruptor/3.4.2/disruptor-3.4.2.jar:/home/user/.m2/repository/org/apache/commons/commons-pool2/2.6.0/commons-pool2-2.6.0.jar:/home/user/.m2/repository/org/bouncycastle/bcpkix-jdk15on/1.60/bcpkix-jdk15on-1.60.jar:/home/user/.m2/repository/commons-validator/commons-validator/1.6/commons-validator-1.6.jar:/home/user/.m2/repository/commons-digester/commons-digester/1.8.1/commons-digester-1.8.1.jar:/home/user/.m2/repository/io/jaegertracing/jaeger-client/0.33.1/jaeger-client-0.33.1.jar:/home/user/.m2/repository/io/jaegertracing/jaeger-thrift/0.33.1/jaeger-thrift-0.33.1.jar:/home/user/.m2/repository/org/apache/thrift/libthrift/0.11.0/libthrift-0.11.0.jar:/home/user/.m2/repository/com/squareup/okhttp3/okhttp/3.9.0/okhttp-3.9.0.jar:/home/user/.m2/repository/com/squareup/okio/okio/1.13.0/okio-1.13.0.jar:/home/user/.m2/repository/io/jaegertracing/jaeger-core/0.33.1/jaeger-core-0.33.1.jar:/home/user/.m2/repository/io/jaegertracing/jaeger-tracerresolver/0.33.1/jaeger-tracerresolver-0.33.1.jar:/home/user/.m2/repository/io/opentracing/contrib/opentracing-tracerresolver/0.1.5/opentracing-tracerresolver-0.1.5.jar:/home/user/.m2/repository/io/opentracing/opentracing-util/0.31.0/opentracing-util-0.31.0.jar:/home/user/.m2/repository/io/opentracing/opentracing-api/0.31.0/opentracing-api-0.31.0.jar:/home/user/.m2/repository/io/opentracing/opentracing-noop/0.31.0/opentracing-noop-0.31.0.jar:/home/user/.m2/repository/org/apache/hadoop/hadoop-hdds-server-framework/0.5.0-SNAPSHOT/hadoop-hdds-server-framework-0.5.0-SNAPSHOT.jar:/home/user/.m2/repository/org/apache/hadoop/hadoop-hdds-container-service/0.5.0-SNAPSHOT/hadoop-hdds-container-service-0.5.0-SNAPSHOT.jar:/home/user/.m2/repository/org/apache/hadoop/hadoop-hdds-client/0.5.0-SNAPSHOT/hadoop-hdds-client-0.5.0-SNAPSHOT.jar:/home/user/.m2/repository/org/apache/hadoop/hadoop-hdds-tools/0.5.0-SNAPSHOT/hadoop-hdds-tools-0.5.0-SNAPSHOT.jar:/home/user/.m2/repository/org/apache/hadoop/hadoop-hdds-server-scm/0.5.0-SNAPSHOT/hadoop-hdds-server-scm-0.5.0-SNAPSHOT.jar:/home/user/.m2/repository/org/apache/hadoop/hadoop-hdds-docs/0.5.0-SNAPSHOT/hadoop-hdds-docs-0.5.0-SNAPSHOT.jar:/home/user/.m2/repository/io/dropwizard/metrics/metrics-core/3.2.4/metrics-core-3.2.4.jar:/home/user/.m2/repository/org/hamcrest/hamcrest-all/1.3/hamcrest-all-1.3.jar:/home/user/.m2/repository/org/bouncycastle/bcprov-jdk15on/1.60/bcprov-jdk15on-1.60.jar:/home/user/.m2/repository/info/picocli/picocli/3.9.6/picocli-3.9.6.jar:/home/user/.m2/repository/com/google/protobuf/protobuf-java/2.5.0/protobuf-java-2.5.0.jar:/home/user/.m2/repository/com/google/guava/guava/11.0.2/guava-11.0.2.jar:/home/user/.m2/repository/org/apache/hadoop/hadoop-ozone-ozone-manager/0.5.0-SNAPSHOT/hadoop-ozone-ozone-manager-0.5.0-SNAPSHOT.jar:/home/user/.m2/repository/org/apache/hadoop/hadoop-minikdc/3.2.0/hadoop-minikdc-3.2.0.jar:/home/user/.m2/repository/commons-io/commons-io/2.5/commons-io-2.5.jar:/home/user/.m2/repository/org/apache/kerby/kerb-simplekdc/1.0.1/kerb-simplekdc-1.0.1.jar:/home/user/.m2/repository/org/apache/kerby/kerb-client/1.0.1/kerb-client-1.0.1.jar:/home/user/.m2/repository/org/apache/kerby/kerby-config/1.0.1/kerby-config-1.0.1.jar:/home/user/.m2/repository/org/apache/kerby/kerb-core/1.0.1/kerb-core-1.0.1.jar:/home/user/.m2/repository/org/apache/kerby/kerby-pkix/1.0.1/kerby-pkix-1.0.1.jar:/home/user/.m2/repository/org/apache/kerby/kerby-asn1/1.0.1/kerby-asn1-1.0.1.jar:/home/user/.m2/repository/org/apache/kerby/kerby-util/1.0.1/kerby-util-1.0.1.jar:/home/user/.m2/repository/org/apache/kerby/kerb-common/1.0.1/kerb-common-1.0.1.jar:/home/user/.m2/repository/org/apache/kerby/kerb-crypto/1.0.1/kerb-crypto-1.0.1.jar:/home/user/.m2/repository/org/apache/kerby/kerb-util/1.0.1/kerb-util-1.0.1.jar:/home/user/.m2/repository/org/apache/kerby/token-provider/1.0.1/token-provider-1.0.1.jar:/home/user/.m2/repository/org/apache/kerby/kerb-admin/1.0.1/kerb-admin-1.0.1.jar:/home/user/.m2/repository/org/apache/kerby/kerb-server/1.0.1/kerb-server-1.0.1.jar:/home/user/.m2/repository/org/apache/kerby/kerb-identity/1.0.1/kerb-identity-1.0.1.jar:/home/user/.m2/repository/org/apache/kerby/kerby-xdr/1.0.1/kerby-xdr-1.0.1.jar:/home/user/.m2/repository/org/slf4j/slf4j-log4j12/1.7.25/slf4j-log4j12-1.7.25.jar:/home/user/.m2/repository/org/apache/hadoop/hadoop-ozone-objectstore-service/0.5.0-SNAPSHOT/hadoop-ozone-objectstore-service-0.5.0-SNAPSHOT.jar:/home/user/.m2/repository/org/apache/hadoop/hadoop-ozone-s3gateway/0.5.0-SNAPSHOT/hadoop-ozone-s3gateway-0.5.0-SNAPSHOT.jar:/home/user/.m2/repository/org/jboss/weld/servlet/weld-servlet/2.4.7.Final/weld-servlet-2.4.7.Final.jar:/home/user/.m2/repository/org/glassfish/jersey/containers/jersey-container-servlet-core/2.27/jersey-container-servlet-core-2.27.jar:/home/user/.m2/repository/org/glassfish/hk2/external/javax.inject/2.5.0-b42/javax.inject-2.5.0-b42.jar:/home/user/.m2/repository/org/glassfish/jersey/core/jersey-common/2.27/jersey-common-2.27.jar:/home/user/.m2/repository/org/glassfish/hk2/osgi-resource-locator/1.0.1/osgi-resource-locator-1.0.1.jar:/home/user/.m2/repository/javax/ws/rs/javax.ws.rs-api/2.1/javax.ws.rs-api-2.1.jar:/home/user/.m2/repository/org/glassfish/jersey/ext/cdi/jersey-cdi1x/2.27/jersey-cdi1x-2.27.jar:/home/user/.m2/repository/org/glassfish/jersey/inject/jersey-hk2/2.27/jersey-hk2-2.27.jar:/home/user/.m2/repository/org/glassfish/hk2/hk2-locator/2.5.0-b42/hk2-locator-2.5.0-b42.jar:/home/user/.m2/repository/org/javassist/javassist/3.22.0-CR2/javassist-3.22.0-CR2.jar:/home/user/.m2/repository/org/glassfish/hk2/hk2-api/2.5.0/hk2-api-2.5.0.jar:/home/user/.m2/repository/org/glassfish/hk2/external/jakarta.inject/2.5.0/jakarta.inject-2.5.0.jar:/home/user/.m2/repository/org/glassfish/hk2/hk2-utils/2.5.0/hk2-utils-2.5.0.jar:/home/user/.m2/repository/jakarta/annotation/jakarta.annotation-api/1.3.4/jakarta.annotation-api-1.3.4.jar:/home/user/.m2/repository/org/glassfish/hk2/external/aopalliance-repackaged/2.5.0/aopalliance-repackaged-2.5.0.jar:/home/user/.m2/repository/com/fasterxml/jackson/dataformat/jackson-dataformat-xml/2.9.0/jackson-dataformat-xml-2.9.0.jar:/home/user/.m2/repository/com/fasterxml/jackson/core/jackson-core/2.9.5/jackson-core-2.9.5.jar:/home/user/.m2/repository/com/fasterxml/jackson/module/jackson-module-jaxb-annotations/2.9.5/jackson-module-jaxb-annotations-2.9.5.jar:/home/user/.m2/repository/javax/enterprise/cdi-api/1.2/cdi-api-1.2.jar:/home/user/.m2/repository/javax/el/javax.el-api/3.0.0/javax.el-api-3.0.0.jar:/home/user/.m2/repository/javax/interceptor/javax.interceptor-api/1.2/javax.interceptor-api-1.2.jar:/home/user/.m2/repository/javax/inject/javax.inject/1/javax.inject-1.jar:/home/user/.m2/repository/com/sun/xml/bind/jaxb-impl/2.3.0.1/jaxb-impl-2.3.0.1.jar:/home/user/.m2/repository/com/sun/xml/bind/jaxb-core/2.3.0.1/jaxb-core-2.3.0.1.jar:/home/user/.m2/repository/javax/xml/bind/jaxb-api/2.3.0/jaxb-api-2.3.0.jar:/home/user/.m2/repository/javax/activation/activation/1.1.1/activation-1.1.1.jar:/home/user/.m2/repository/org/apache/hadoop/hadoop-ozone-csi/0.5.0-SNAPSHOT/hadoop-ozone-csi-0.5.0-SNAPSHOT.jar:/home/user/.m2/repository/com/google/protobuf/protobuf-java-util/3.5.1/protobuf-java-util-3.5.1.jar:/home/user/.m2/repository/org/apache/hadoop/hadoop-hdds-config/0.5.0-SNAPSHOT/hadoop-hdds-config-0.5.0-SNAPSHOT.jar:/home/user/.m2/repository/io/grpc/grpc-netty/1.17.1/grpc-netty-1.17.1.jar:/home/user/.m2/repository/io/grpc/grpc-core/1.17.1/grpc-core-1.17.1.jar:/home/user/.m2/repository/io/grpc/grpc-context/1.17.1/grpc-context-1.17.1.jar:/home/user/.m2/repository/com/google/errorprone/error_prone_annotations/2.2.0/error_prone_annotations-2.2.0.jar:/home/user/.m2/repository/org/codehaus/mojo/animal-sniffer-annotations/1.17/animal-sniffer-annotations-1.17.jar:/home/user/.m2/repository/io/opencensus/opencensus-api/0.17.0/opencensus-api-0.17.0.jar:/home/user/.m2/repository/io/opencensus/opencensus-contrib-grpc-metrics/0.17.0/opencensus-contrib-grpc-metrics-0.17.0.jar:/home/user/.m2/repository/io/netty/netty-codec-http2/4.1.30.Final/netty-codec-http2-4.1.30.Final.jar:/home/user/.m2/repository/io/netty/netty-codec-http/4.1.30.Final/netty-codec-http-4.1.30.Final.jar:/home/user/.m2/repository/io/netty/netty-codec/4.1.30.Final/netty-codec-4.1.30.Final.jar:/home/user/.m2/repository/io/netty/netty-handler/4.1.30.Final/netty-handler-4.1.30.Final.jar:/home/user/.m2/repository/io/netty/netty-handler-proxy/4.1.30.Final/netty-handler-proxy-4.1.30.Final.jar:/home/user/.m2/repository/io/netty/netty-codec-socks/4.1.30.Final/netty-codec-socks-4.1.30.Final.jar:/home/user/.m2/repository/io/netty/netty-transport-native-epoll/4.1.30.Final/netty-transport-native-epoll-4.1.30.Final.jar:/home/user/.m2/repository/io/netty/netty-common/4.1.30.Final/netty-common-4.1.30.Final.jar:/home/user/.m2/repository/io/netty/netty-buffer/4.1.30.Final/netty-buffer-4.1.30.Final.jar:/home/user/.m2/repository/io/netty/netty-transport/4.1.30.Final/netty-transport-4.1.30.Final.jar:/home/user/.m2/repository/io/netty/netty-resolver/4.1.30.Final/netty-resolver-4.1.30.Final.jar:/home/user/.m2/repository/io/netty/netty-transport-native-unix-common/4.1.30.Final/netty-transport-native-unix-common-4.1.30.Final.jar:/home/user/.m2/repository/io/grpc/grpc-protobuf/1.17.1/grpc-protobuf-1.17.1.jar:/home/user/.m2/repository/com/google/api/grpc/proto-google-common-protos/1.0.0/proto-google-common-protos-1.0.0.jar:/home/user/.m2/repository/io/grpc/grpc-protobuf-lite/1.17.1/grpc-protobuf-lite-1.17.1.jar:/home/user/.m2/repository/io/grpc/grpc-stub/1.17.1/grpc-stub-1.17.1.jar:/home/user/.m2/repository/org/apache/hadoop/hadoop-ozone-recon/0.5.0-SNAPSHOT/hadoop-ozone-recon-0.5.0-SNAPSHOT.jar:/home/user/.m2/repository/org/apache/hadoop/hadoop-ozone-reconcodegen/0.5.0-SNAPSHOT/hadoop-ozone-reconcodegen-0.5.0-SNAPSHOT.jar:/home/user/.m2/repository/com/google/inject/extensions/guice-multibindings/4.0/guice-multibindings-4.0.jar:/home/user/.m2/repository/com/google/inject/guice/4.0/guice-4.0.jar:/home/user/.m2/repository/aopalliance/aopalliance/1.0/aopalliance-1.0.jar:/home/user/.m2/repository/com/google/inject/extensions/guice-servlet/4.0/guice-servlet-4.0.jar:/home/user/.m2/repository/org/glassfish/jersey/containers/jersey-container-servlet/2.27/jersey-container-servlet-2.27.jar:/home/user/.m2/repository/org/glassfish/hk2/guice-bridge/2.5.0/guice-bridge-2.5.0.jar:/home/user/.m2/repository/org/glassfish/jersey/core/jersey-server/2.27/jersey-server-2.27.jar:/home/user/.m2/repository/org/glassfish/jersey/core/jersey-client/2.27/jersey-client-2.27.jar:/home/user/.m2/repository/org/glassfish/jersey/media/jersey-media-jaxb/2.27/jersey-media-jaxb-2.27.jar:/home/user/.m2/repository/javax/validation/validation-api/1.1.0.Final/validation-api-1.1.0.Final.jar:/home/user/.m2/repository/org/glassfish/jersey/media/jersey-media-json-jackson/2.27/jersey-media-json-jackson-2.27.jar:/home/user/.m2/repository/org/glassfish/jersey/ext/jersey-entity-filtering/2.27/jersey-entity-filtering-2.27.jar:/home/user/.m2/repository/com/google/inject/extensions/guice-assistedinject/4.0/guice-assistedinject-4.0.jar:/home/user/.m2/repository/org/jooq/jooq/3.11.10/jooq-3.11.10.jar:/home/user/.m2/repository/org/jooq/jooq-meta/3.11.10/jooq-meta-3.11.10.jar:/home/user/.m2/repository/org/jooq/jooq-codegen/3.11.10/jooq-codegen-3.11.10.jar:/home/user/.m2/repository/com/jolbox/bonecp/0.8.0.RELEASE/bonecp-0.8.0.RELEASE.jar:/home/user/.m2/repository/org/xerial/sqlite-jdbc/3.25.2/sqlite-jdbc-3.25.2.jar:/home/user/.m2/repository/org/springframework/spring-jdbc/5.1.3.RELEASE/spring-jdbc-5.1.3.RELEASE.jar:/home/user/.m2/repository/org/springframework/spring-beans/5.1.3.RELEASE/spring-beans-5.1.3.RELEASE.jar:/home/user/.m2/repository/org/springframework/spring-core/5.1.3.RELEASE/spring-core-5.1.3.RELEASE.jar:/home/user/.m2/repository/org/springframework/spring-jcl/5.1.3.RELEASE/spring-jcl-5.1.3.RELEASE.jar:/home/user/.m2/repository/org/springframework/spring-tx/5.1.3.RELEASE/spring-tx-5.1.3.RELEASE.jar:/home/user/.m2/repository/org/apache/hadoop/hadoop-ozone-client/0.5.0-SNAPSHOT/hadoop-ozone-client-0.5.0-SNAPSHOT.jar:/home/user/.m2/repository/commons-lang/commons-lang/2.6/commons-lang-2.6.jar:/home/user/.m2/repository/org/apache/hadoop/hadoop-ozone-ozone-manager/0.5.0-SNAPSHOT/hadoop-ozone-ozone-manager-0.5.0-SNAPSHOT-tests.jar:/home/user/.m2/repository/junit/junit/4.11/junit-4.11.jar:/home/user/.m2/repository/org/hamcrest/hamcrest-core/1.3/hamcrest-core-1.3.jar:/home/user/.m2/repository/org/openjdk/jmh/jmh-core/1.19/jmh-core-1.19.jar:/home/user/.m2/repository/net/sf/jopt-simple/jopt-simple/4.6/jopt-simple-4.6.jar:/home/user/.m2/repository/org/apache/commons/commons-math3/3.1.1/commons-math3-3.1.1.jar:/home/user/.m2/repository/org/openjdk/jmh/jmh-generator-annprocess/1.19/jmh-generator-annprocess-1.19.jar:/home/user/.m2/repository/org/mockito/mockito-all/1.8.5/mockito-all-1.8.5.jar:/home/user/.m2/repository/org/apache/hadoop/hadoop-kms/3.2.0/hadoop-kms-3.2.0.jar:/home/user/.m2/repository/org/apache/hadoop/hadoop-auth/3.2.0/hadoop-auth-3.2.0.jar:/home/user/.m2/repository/com/nimbusds/nimbus-jose-jwt/4.41.1/nimbus-jose-jwt-4.41.1.jar:/home/user/.m2/repository/com/github/stephenc/jcip/jcip-annotations/1.0-1/jcip-annotations-1.0-1.jar:/home/user/.m2/repository/net/minidev/json-smart/2.3/json-smart-2.3.jar:/home/user/.m2/repository/net/minidev/accessors-smart/1.2/accessors-smart-1.2.jar:/home/user/.m2/repository/org/ow2/asm/asm/5.0.4/asm-5.0.4.jar:/home/user/.m2/repository/org/apache/curator/curator-framework/2.12.0/curator-framework-2.12.0.jar:/home/user/.m2/repository/com/sun/jersey/jersey-core/1.19/jersey-core-1.19.jar:/home/user/.m2/repository/javax/ws/rs/jsr311-api/1.1.1/jsr311-api-1.1.1.jar:/home/user/.m2/repository/com/sun/jersey/jersey-server/1.19/jersey-server-1.19.jar:/home/user/.m2/repository/javax/servlet/javax.servlet-api/3.1.0/javax.servlet-api-3.1.0.jar:/home/user/.m2/repository/org/eclipse/jetty/jetty-server/9.3.24.v20180605/jetty-server-9.3.24.v20180605.jar:/home/user/.m2/repository/org/eclipse/jetty/jetty-http/9.3.24.v20180605/jetty-http-9.3.24.v20180605.jar:/home/user/.m2/repository/org/eclipse/jetty/jetty-io/9.3.24.v20180605/jetty-io-9.3.24.v20180605.jar:/home/user/.m2/repository/org/eclipse/jetty/jetty-webapp/9.3.24.v20180605/jetty-webapp-9.3.24.v20180605.jar:/home/user/.m2/repository/org/eclipse/jetty/jetty-xml/9.3.24.v20180605/jetty-xml-9.3.24.v20180605.jar:/home/user/.m2/repository/log4j/log4j/1.2.17/log4j-1.2.17.jar:/home/user/.m2/repository/org/slf4j/slf4j-api/1.7.25/slf4j-api-1.7.25.jar:/home/user/.m2/repository/org/slf4j/jul-to-slf4j/1.7.25/jul-to-slf4j-1.7.25.jar:/home/user/.m2/repository/org/eclipse/jetty/jetty-util/9.3.24.v20180605/jetty-util-9.3.24.v20180605.jar:/home/user/.m2/repository/com/fasterxml/jackson/core/jackson-databind/2.9.5/jackson-databind-2.9.5.jar:/home/user/.m2/repository/org/apache/hadoop/hadoop-kms/3.2.0/hadoop-kms-3.2.0-tests.jar:/home/user/.m2/repository/org/apache/hadoop/hadoop-hdds-server-scm/0.5.0-SNAPSHOT/hadoop-hdds-server-scm-0.5.0-SNAPSHOT-tests.jar:/home/user/.m2/repository/org/apache/hadoop/hadoop-hdds-container-service/0.5.0-SNAPSHOT/hadoop-hdds-container-service-0.5.0-SNAPSHOT-tests.jar:/home/user/.m2/repository/org/yaml/snakeyaml/1.16/snakeyaml-1.16.jar:/home/user/.m2/repository/org/apache/hadoop/hadoop-common/3.2.0/hadoop-common-3.2.0-tests.jar:/home/user/.m2/repository/org/apache/hadoop/hadoop-annotations/3.2.0/hadoop-annotations-3.2.0.jar:/usr/lib/jvm/java-1.8-openjdk/jre/../lib/tools.jar:/home/user/.m2/repository/commons-cli/commons-cli/1.2/commons-cli-1.2.jar:/home/user/.m2/repository/org/apache/httpcomponents/httpclient/4.5.2/httpclient-4.5.2.jar:/home/user/.m2/repository/org/apache/httpcomponents/httpcore/4.4.4/httpcore-4.4.4.jar:/home/user/.m2/repository/commons-codec/commons-codec/1.11/commons-codec-1.11.jar:/home/user/.m2/repository/commons-net/commons-net/3.6/commons-net-3.6.jar:/home/user/.m2/repository/commons-collections/commons-collections/3.2.2/commons-collections-3.2.2.jar:/home/user/.m2/repository/org/eclipse/jetty/jetty-servlet/9.3.24.v20180605/jetty-servlet-9.3.24.v20180605.jar:/home/user/.m2/repository/org/eclipse/jetty/jetty-security/9.3.24.v20180605/jetty-security-9.3.24.v20180605.jar:/home/user/.m2/repository/javax/servlet/jsp/jsp-api/2.1/jsp-api-2.1.jar:/home/user/.m2/repository/com/sun/jersey/jersey-servlet/1.19/jersey-servlet-1.19.jar:/home/user/.m2/repository/com/sun/jersey/jersey-json/1.19/jersey-json-1.19.jar:/home/user/.m2/repository/org/codehaus/jettison/jettison/1.1/jettison-1.1.jar:/home/user/.m2/repository/org/codehaus/jackson/jackson-core-asl/1.9.13/jackson-core-asl-1.9.13.jar:/home/user/.m2/repository/org/codehaus/jackson/jackson-mapper-asl/1.9.13/jackson-mapper-asl-1.9.13.jar:/home/user/.m2/repository/org/codehaus/jackson/jackson-jaxrs/1.9.13/jackson-jaxrs-1.9.13.jar:/home/user/.m2/repository/org/codehaus/jackson/jackson-xc/1.9.13/jackson-xc-1.9.13.jar:/home/user/.m2/repository/commons-logging/commons-logging/1.1.3/commons-logging-1.1.3.jar:/home/user/.m2/repository/commons-beanutils/commons-beanutils/1.9.3/commons-beanutils-1.9.3.jar:/home/user/.m2/repository/org/apache/commons/commons-configuration2/2.1.1/commons-configuration2-2.1.1.jar:/home/user/.m2/repository/org/apache/commons/commons-lang3/3.7/commons-lang3-3.7.jar:/home/user/.m2/repository/org/apache/commons/commons-text/1.4/commons-text-1.4.jar:/home/user/.m2/repository/org/apache/avro/avro/1.7.7/avro-1.7.7.jar:/home/user/.m2/repository/com/thoughtworks/paranamer/paranamer/2.3/paranamer-2.3.jar:/home/user/.m2/repository/org/xerial/snappy/snappy-java/1.0.5/snappy-java-1.0.5.jar:/home/user/.m2/repository/com/google/re2j/re2j/1.1/re2j-1.1.jar:/home/user/.m2/repository/com/google/code/gson/gson/2.2.4/gson-2.2.4.jar:/home/user/.m2/repository/com/jcraft/jsch/0.1.54/jsch-0.1.54.jar:/home/user/.m2/repository/org/apache/curator/curator-client/2.12.0/curator-client-2.12.0.jar:/home/user/.m2/repository/org/apache/curator/curator-recipes/2.12.0/curator-recipes-2.12.0.jar:/home/user/.m2/repository/com/google/code/findbugs/jsr305/3.0.0/jsr305-3.0.0.jar:/home/user/.m2/repository/org/apache/htrace/htrace-core4/4.1.0-incubating/htrace-core4-4.1.0-incubating.jar:/home/user/.m2/repository/org/apache/zookeeper/zookeeper/3.4.13/zookeeper-3.4.13.jar:/home/user/.m2/repository/org/apache/yetus/audience-annotations/0.5.0/audience-annotations-0.5.0.jar:/home/user/.m2/repository/org/codehaus/woodstox/stax2-api/3.1.4/stax2-api-3.1.4.jar:/home/user/.m2/repository/com/fasterxml/woodstox/woodstox-core/5.0.3/woodstox-core-5.0.3.jar:/home/user/.m2/repository/dnsjava/dnsjava/2.1.7/dnsjava-2.1.7.jar:/home/user/.m2/repository/org/apache/hadoop/hadoop-hdfs/3.2.0/hadoop-hdfs-3.2.0-tests.jar:/home/user/.m2/repository/org/eclipse/jetty/jetty-util-ajax/9.3.24.v20180605/jetty-util-ajax-9.3.24.v20180605.jar:/home/user/.m2/repository/commons-daemon/commons-daemon/1.0.13/commons-daemon-1.0.13.jar:/home/user/.m2/repository/io/netty/netty/3.10.5.Final/netty-3.10.5.Final.jar:/home/user/.m2/repository/io/netty/netty-all/4.0.52.Final/netty-all-4.0.52.Final.jar:/home/user/.m2/repository/org/fusesource/leveldbjni/leveldbjni-all/1.8/leveldbjni-all-1.8.jar:"/>
    <property name="sun.cpu.endian" value="little"/>
    <property name="user.home" value="/home/user"/>
    <property name="user.language" value="en"/>
    <property name="java.specification.vendor" value="Oracle Corporation"/>
    <property name="java.home" value="/usr/lib/jvm/java-1.8-openjdk/jre"/>
    <property name="java.security.krb5.conf" value="/workdir/hadoop-ozone/integration-test/target/test-classes/krb5.conf"/>
    <property name="basedir" value="/workdir/hadoop-ozone/integration-test"/>
    <property name="file.separator" value="/"/>
    <property name="line.separator" value="&#10;"/>
    <property name="java.vm.specification.vendor" value="Oracle Corporation"/>
    <property name="java.specification.name" value="Java Platform API Specification"/>
    <property name="java.awt.graphicsenv" value="sun.awt.X11GraphicsEnvironment"/>
    <property name="surefire.real.class.path" value="/workdir/hadoop-ozone/integration-test/target/surefire/surefirebooter1400654941252836430.jar"/>
    <property name="hadoop.log.dir" value="/workdir/hadoop-ozone/integration-test/target/log"/>
    <property name="sun.boot.class.path" value="/usr/lib/jvm/java-1.8-openjdk/jre/lib/resources.jar:/usr/lib/jvm/java-1.8-openjdk/jre/lib/rt.jar:/usr/lib/jvm/java-1.8-openjdk/jre/lib/sunrsasign.jar:/usr/lib/jvm/java-1.8-openjdk/jre/lib/jsse.jar:/usr/lib/jvm/java-1.8-openjdk/jre/lib/jce.jar:/usr/lib/jvm/java-1.8-openjdk/jre/lib/charsets.jar:/usr/lib/jvm/java-1.8-openjdk/jre/lib/jfr.jar:/usr/lib/jvm/java-1.8-openjdk/jre/classes"/>
    <property name="sun.management.compiler" value="HotSpot 64-Bit Tiered Compilers"/>
    <property name="java.runtime.version" value="1.8.0_212-b04"/>
    <property name="java.net.preferIPv4Stack" value="true"/>
    <property name="user.name" value="jenkins1000"/>
    <property name="path.separator" value=":"/>
    <property name="java.security.egd" value="file:///dev/urandom"/>
    <property name="os.version" value="3.10.0-957.12.2.el7.x86_64"/>
    <property name="java.endorsed.dirs" value="/usr/lib/jvm/java-1.8-openjdk/jre/lib/endorsed"/>
    <property name="java.runtime.name" value="OpenJDK Runtime Environment"/>
    <property name="file.encoding" value="UTF-8"/>
    <property name="java.vm.name" value="OpenJDK 64-Bit Server VM"/>
    <property name="test.build.webapps" value=""/>
    <property name="localRepository" value="/home/user/.m2/repository"/>
    <property name="java.vendor.url.bug" value="https://icedtea.classpath.org/bugzilla"/>
    <property name="java.io.tmpdir" value="/tmp"/>
    <property name="require.test.libhadoop" value=""/>
    <property name="java.version" value="1.8.0_212"/>
    <property name="user.dir" value="/workdir/hadoop-ozone/integration-test"/>
    <property name="os.arch" value="amd64"/>
    <property name="java.vm.specification.name" value="Java Virtual Machine Specification"/>
    <property name="test.build.classes" value="/workdir/hadoop-ozone/integration-test/target/test-classes"/>
    <property name="java.awt.printerjob" value="sun.print.PSPrinterJob"/>
    <property name="sun.os.patch.level" value="unknown"/>
    <property name="hadoop.tmp.dir" value="/workdir/hadoop-ozone/integration-test/target/tmp"/>
    <property name="java.library.path" value="/usr/lib/jvm/java-1.8-openjdk/jre/lib/amd64/server:/usr/lib/jvm/java-1.8-openjdk/jre/lib/amd64:/usr/lib/jvm/java-1.8-openjdk/jre/../lib/amd64:/workdir/hadoop-ozone/integration-test/target/native/target/usr/local/lib:/workdir/hadoop-ozone/integration-test/../../hadoop-common-project/hadoop-common/target/native/target/usr/local/lib:/usr/java/packages/lib/amd64:/usr/lib64:/lib64:/lib:/usr/lib"/>
    <property name="java.vm.info" value="mixed mode"/>
    <property name="java.vendor" value="IcedTea"/>
    <property name="java.vm.version" value="25.212-b04"/>
    <property name="java.ext.dirs" value="/usr/lib/jvm/java-1.8-openjdk/jre/lib/ext:/usr/java/packages/lib/ext"/>
    <property name="sun.io.unicode.encoding" value="UnicodeLittle"/>
    <property name="java.class.version" value="52.0"/>
  </properties>
  <testcase name="testReleaseBuffers" classname="org.apache.hadoop.ozone.client.rpc.TestCommitWatcher" time="6.08"/>
  <testcase name="testReleaseBuffersOnException" classname="org.apache.hadoop.ozone.client.rpc.TestCommitWatcher" time="14.781">
    <failure type="java.lang.AssertionError">java.lang.AssertionError
	at org.junit.Assert.fail(Assert.java:86)
	at org.junit.Assert.assertTrue(Assert.java:41)
	at org.junit.Assert.assertTrue(Assert.java:52)
	at org.apache.hadoop.ozone.client.rpc.TestCommitWatcher.testReleaseBuffersOnException(TestCommitWatcher.java:284)
	at sun.reflect.NativeMethodAccessorImpl.invoke0(Native Method)
	at sun.reflect.NativeMethodAccessorImpl.invoke(NativeMethodAccessorImpl.java:62)
	at sun.reflect.DelegatingMethodAccessorImpl.invoke(DelegatingMethodAccessorImpl.java:43)
	at java.lang.reflect.Method.invoke(Method.java:498)
	at org.junit.runners.model.FrameworkMethod$1.runReflectiveCall(FrameworkMethod.java:47)
	at org.junit.internal.runners.model.ReflectiveCallable.run(ReflectiveCallable.java:12)
	at org.junit.runners.model.FrameworkMethod.invokeExplosively(FrameworkMethod.java:44)
	at org.junit.internal.runners.statements.InvokeMethod.evaluate(InvokeMethod.java:17)
	at org.junit.runners.ParentRunner.runLeaf(ParentRunner.java:271)
	at org.junit.runners.BlockJUnit4ClassRunner.runChild(BlockJUnit4ClassRunner.java:70)
	at org.junit.runners.BlockJUnit4ClassRunner.runChild(BlockJUnit4ClassRunner.java:50)
	at org.junit.runners.ParentRunner$3.run(ParentRunner.java:238)
	at org.junit.runners.ParentRunner$1.schedule(ParentRunner.java:63)
	at org.junit.runners.ParentRunner.runChildren(ParentRunner.java:236)
	at org.junit.runners.ParentRunner.access$000(ParentRunner.java:53)
	at org.junit.runners.ParentRunner$2.evaluate(ParentRunner.java:229)
	at org.junit.internal.runners.statements.RunBefores.evaluate(RunBefores.java:26)
	at org.junit.internal.runners.statements.RunAfters.evaluate(RunAfters.java:27)
	at org.junit.runners.ParentRunner.run(ParentRunner.java:309)
	at org.apache.maven.surefire.junit4.JUnit4Provider.execute(JUnit4Provider.java:365)
	at org.apache.maven.surefire.junit4.JUnit4Provider.executeWithRerun(JUnit4Provider.java:273)
	at org.apache.maven.surefire.junit4.JUnit4Provider.executeTestSet(JUnit4Provider.java:238)
	at org.apache.maven.surefire.junit4.JUnit4Provider.invoke(JUnit4Provider.java:159)
	at org.apache.maven.surefire.booter.ForkedBooter.invokeProviderInSameClassLoader(ForkedBooter.java:384)
	at org.apache.maven.surefire.booter.ForkedBooter.runSuitesInProcess(ForkedBooter.java:345)
	at org.apache.maven.surefire.booter.ForkedBooter.execute(ForkedBooter.java:126)
	at org.apache.maven.surefire.booter.ForkedBooter.main(ForkedBooter.java:418)
</failure>
    <system-out><![CDATA[2019-08-17 05:48:38,224 [grpc-default-executor-0] INFO  client.GrpcClientProtocolClient (GrpcClientProtocolClient.java:onNext(255)) - client-FA94C1DAE7BF->5252abaf-ba56-4d8d-9c02-ca32fe118651: receive RaftClientReply:client-FA94C1DAE7BF->5252abaf-ba56-4d8d-9c02-ca32fe118651@group-DAB653AF595E, cid=17, FAILED org.apache.ratis.protocol.NotLeaderException: Server 5252abaf-ba56-4d8d-9c02-ca32fe118651 is not the leader (null). Request must be sent to leader., logIndex=0, commits[5252abaf-ba56-4d8d-9c02-ca32fe118651:c-1]
2019-08-17 05:48:38,630 | INFO  | SCMAudit | user=jenkins1000 | ip=192.168.69.90 | op=SEND_HEARTBEAT {datanodeUUID=5252abaf-ba56-4d8d-9c02-ca32fe118651, command=[]} | ret=SUCCESS |  
2019-08-17 05:48:38,672 | INFO  | SCMAudit | user=jenkins1000 | ip=192.168.69.90 | op=SEND_HEARTBEAT {datanodeUUID=64e19ece-eecd-4467-beca-e51d2542a2c7, command=[]} | ret=SUCCESS |  
2019-08-17 05:48:38,755 | INFO  | SCMAudit | user=jenkins1000 | ip=192.168.69.90 | op=SEND_HEARTBEAT {datanodeUUID=cbda5fd1-4567-484d-9341-56323921e3f3, command=[]} | ret=SUCCESS |  
2019-08-17 05:48:38,821 | INFO  | SCMAudit | user=jenkins1000 | ip=192.168.69.90 | op=SEND_HEARTBEAT {datanodeUUID=6e5dc52a-1c5f-4a4f-b396-b3bf3632a67b, command=[]} | ret=SUCCESS |  
2019-08-17 05:48:38,858 | INFO  | SCMAudit | user=jenkins1000 | ip=192.168.69.90 | op=SEND_HEARTBEAT {datanodeUUID=2e948dab-f11f-4d49-a0d9-43da26fd8366, command=[]} | ret=SUCCESS |  
2019-08-17 05:48:38,858 | INFO  | SCMAudit | user=jenkins1000 | ip=192.168.69.90 | op=SEND_HEARTBEAT {datanodeUUID=4deb195a-92c6-4af0-9d45-de0ec46a9f82, command=[]} | ret=SUCCESS |  
2019-08-17 05:48:38,998 | INFO  | SCMAudit | user=jenkins1000 | ip=192.168.69.90 | op=SEND_HEARTBEAT {datanodeUUID=7a663d32-f49a-4d8e-8115-f03df1739f95, command=[]} | ret=SUCCESS |  
2019-08-17 05:48:39,267 [grpc-default-executor-0] INFO  client.GrpcClientProtocolClient (GrpcClientProtocolClient.java:onNext(255)) - client-FA94C1DAE7BF->6e5dc52a-1c5f-4a4f-b396-b3bf3632a67b: receive RaftClientReply:client-FA94C1DAE7BF->6e5dc52a-1c5f-4a4f-b396-b3bf3632a67b@group-DAB653AF595E, cid=17, FAILED org.apache.ratis.protocol.NotLeaderException: Server 6e5dc52a-1c5f-4a4f-b396-b3bf3632a67b is not the leader (null). Request must be sent to leader., logIndex=0, commits[6e5dc52a-1c5f-4a4f-b396-b3bf3632a67b:c-1]
2019-08-17 05:48:39,630 | INFO  | SCMAudit | user=jenkins1000 | ip=192.168.69.90 | op=SEND_HEARTBEAT {datanodeUUID=5252abaf-ba56-4d8d-9c02-ca32fe118651, command=[]} | ret=SUCCESS |  
2019-08-17 05:48:39,672 | INFO  | SCMAudit | user=jenkins1000 | ip=192.168.69.90 | op=SEND_HEARTBEAT {datanodeUUID=64e19ece-eecd-4467-beca-e51d2542a2c7, command=[]} | ret=SUCCESS |  
2019-08-17 05:48:39,756 | INFO  | SCMAudit | user=jenkins1000 | ip=192.168.69.90 | op=SEND_HEARTBEAT {datanodeUUID=cbda5fd1-4567-484d-9341-56323921e3f3, command=[]} | ret=SUCCESS |  
2019-08-17 05:48:39,821 | INFO  | SCMAudit | user=jenkins1000 | ip=192.168.69.90 | op=SEND_HEARTBEAT {datanodeUUID=6e5dc52a-1c5f-4a4f-b396-b3bf3632a67b, command=[]} | ret=SUCCESS |  
2019-08-17 05:48:39,858 | INFO  | SCMAudit | user=jenkins1000 | ip=192.168.69.90 | op=SEND_HEARTBEAT {datanodeUUID=2e948dab-f11f-4d49-a0d9-43da26fd8366, command=[]} | ret=SUCCESS |  
2019-08-17 05:48:39,859 | INFO  | SCMAudit | user=jenkins1000 | ip=192.168.69.90 | op=SEND_HEARTBEAT {datanodeUUID=4deb195a-92c6-4af0-9d45-de0ec46a9f82, command=[]} | ret=SUCCESS |  
2019-08-17 05:48:39,998 | INFO  | SCMAudit | user=jenkins1000 | ip=192.168.69.90 | op=SEND_HEARTBEAT {datanodeUUID=7a663d32-f49a-4d8e-8115-f03df1739f95, command=[]} | ret=SUCCESS |  
2019-08-17 05:48:40,299 [grpc-default-executor-1] INFO  client.GrpcClientProtocolClient (GrpcClientProtocolClient.java:onNext(255)) - client-FA94C1DAE7BF->5252abaf-ba56-4d8d-9c02-ca32fe118651: receive RaftClientReply:client-FA94C1DAE7BF->5252abaf-ba56-4d8d-9c02-ca32fe118651@group-DAB653AF595E, cid=17, FAILED org.apache.ratis.protocol.NotLeaderException: Server 5252abaf-ba56-4d8d-9c02-ca32fe118651 is not the leader (null). Request must be sent to leader., logIndex=0, commits[5252abaf-ba56-4d8d-9c02-ca32fe118651:c-1]
2019-08-17 05:48:40,630 | INFO  | SCMAudit | user=jenkins1000 | ip=192.168.69.90 | op=SEND_HEARTBEAT {datanodeUUID=5252abaf-ba56-4d8d-9c02-ca32fe118651, command=[]} | ret=SUCCESS |  
2019-08-17 05:48:40,672 | INFO  | SCMAudit | user=jenkins1000 | ip=192.168.69.90 | op=SEND_HEARTBEAT {datanodeUUID=64e19ece-eecd-4467-beca-e51d2542a2c7, command=[]} | ret=SUCCESS |  
2019-08-17 05:48:40,756 | INFO  | SCMAudit | user=jenkins1000 | ip=192.168.69.90 | op=SEND_HEARTBEAT {datanodeUUID=cbda5fd1-4567-484d-9341-56323921e3f3, command=[]} | ret=SUCCESS |  
2019-08-17 05:48:40,821 | INFO  | SCMAudit | user=jenkins1000 | ip=192.168.69.90 | op=SEND_HEARTBEAT {datanodeUUID=6e5dc52a-1c5f-4a4f-b396-b3bf3632a67b, command=[]} | ret=SUCCESS |  
2019-08-17 05:48:40,858 | INFO  | SCMAudit | user=jenkins1000 | ip=192.168.69.90 | op=SEND_HEARTBEAT {datanodeUUID=2e948dab-f11f-4d49-a0d9-43da26fd8366, command=[]} | ret=SUCCESS |  
2019-08-17 05:48:40,859 | INFO  | SCMAudit | user=jenkins1000 | ip=192.168.69.90 | op=SEND_HEARTBEAT {datanodeUUID=4deb195a-92c6-4af0-9d45-de0ec46a9f82, command=[]} | ret=SUCCESS |  
2019-08-17 05:48:40,998 | INFO  | SCMAudit | user=jenkins1000 | ip=192.168.69.90 | op=SEND_HEARTBEAT {datanodeUUID=7a663d32-f49a-4d8e-8115-f03df1739f95, command=[]} | ret=SUCCESS |  
2019-08-17 05:48:41,333 [grpc-default-executor-1] INFO  client.GrpcClientProtocolClient (GrpcClientProtocolClient.java:onNext(255)) - client-FA94C1DAE7BF->64e19ece-eecd-4467-beca-e51d2542a2c7: receive RaftClientReply:client-FA94C1DAE7BF->64e19ece-eecd-4467-beca-e51d2542a2c7@group-DAB653AF595E, cid=17, FAILED org.apache.ratis.protocol.NotLeaderException: Server 64e19ece-eecd-4467-beca-e51d2542a2c7 is not the leader (null). Request must be sent to leader., logIndex=0, commits[64e19ece-eecd-4467-beca-e51d2542a2c7:c-1]
2019-08-17 05:48:41,629 | INFO  | SCMAudit | user=jenkins1000 | ip=192.168.69.90 | op=SEND_HEARTBEAT {datanodeUUID=5252abaf-ba56-4d8d-9c02-ca32fe118651, command=[]} | ret=SUCCESS |  
2019-08-17 05:48:41,672 | INFO  | SCMAudit | user=jenkins1000 | ip=192.168.69.90 | op=SEND_HEARTBEAT {datanodeUUID=64e19ece-eecd-4467-beca-e51d2542a2c7, command=[]} | ret=SUCCESS |  
2019-08-17 05:48:41,757 | INFO  | SCMAudit | user=jenkins1000 | ip=192.168.69.90 | op=SEND_HEARTBEAT {datanodeUUID=cbda5fd1-4567-484d-9341-56323921e3f3, command=[]} | ret=SUCCESS |  
2019-08-17 05:48:41,821 | INFO  | SCMAudit | user=jenkins1000 | ip=192.168.69.90 | op=SEND_HEARTBEAT {datanodeUUID=6e5dc52a-1c5f-4a4f-b396-b3bf3632a67b, command=[]} | ret=SUCCESS |  
2019-08-17 05:48:41,858 | INFO  | SCMAudit | user=jenkins1000 | ip=192.168.69.90 | op=SEND_HEARTBEAT {datanodeUUID=2e948dab-f11f-4d49-a0d9-43da26fd8366, command=[]} | ret=SUCCESS |  
2019-08-17 05:48:41,859 | INFO  | SCMAudit | user=jenkins1000 | ip=192.168.69.90 | op=SEND_HEARTBEAT {datanodeUUID=4deb195a-92c6-4af0-9d45-de0ec46a9f82, command=[]} | ret=SUCCESS |  
2019-08-17 05:48:41,963 [Thread-328] INFO  impl.FollowerState (FollowerState.java:run(106)) - 64e19ece-eecd-4467-beca-e51d2542a2c7:group-DAB653AF595E changes to CANDIDATE, lastRpcTime:5066, electionTimeout:5063ms
2019-08-17 05:48:41,967 [Thread-328] INFO  impl.RoleInfo (RoleInfo.java:shutdownFollowerState(121)) - 64e19ece-eecd-4467-beca-e51d2542a2c7: shutdown FollowerState
2019-08-17 05:48:41,968 [Thread-328] INFO  impl.RaftServerImpl (RaftServerImpl.java:setRole(171)) - 64e19ece-eecd-4467-beca-e51d2542a2c7:group-DAB653AF595E changes role from FOLLOWER to CANDIDATE at term 1 for changeToCandidate
2019-08-17 05:48:41,968 [Thread-328] INFO  impl.RoleInfo (RoleInfo.java:updateAndGet(143)) - 64e19ece-eecd-4467-beca-e51d2542a2c7: start LeaderElection
2019-08-17 05:48:41,987 [64e19ece-eecd-4467-beca-e51d2542a2c7:group-DAB653AF595E:LeaderElection13] INFO  impl.LeaderElection (LeaderElection.java:askForVotes(181)) - 64e19ece-eecd-4467-beca-e51d2542a2c7:group-DAB653AF595E:LeaderElection13: begin an election at term 2 for -1: [5252abaf-ba56-4d8d-9c02-ca32fe118651:192.168.69.90:35402, 6e5dc52a-1c5f-4a4f-b396-b3bf3632a67b:192.168.69.90:41694, 64e19ece-eecd-4467-beca-e51d2542a2c7:192.168.69.90:38924], old=null
2019-08-17 05:48:42,001 [grpc-default-executor-1] INFO  impl.RaftServerImpl (RaftServerImpl.java:setRole(171)) - 6e5dc52a-1c5f-4a4f-b396-b3bf3632a67b:group-DAB653AF595E changes role from FOLLOWER to FOLLOWER at term 2 for recognizeCandidate:64e19ece-eecd-4467-beca-e51d2542a2c7
2019-08-17 05:48:42,003 [grpc-default-executor-1] INFO  impl.RoleInfo (RoleInfo.java:shutdownFollowerState(121)) - 6e5dc52a-1c5f-4a4f-b396-b3bf3632a67b: shutdown FollowerState
2019-08-17 05:48:42,004 [grpc-default-executor-1] INFO  impl.RoleInfo (RoleInfo.java:updateAndGet(143)) - 6e5dc52a-1c5f-4a4f-b396-b3bf3632a67b: start FollowerState
2019-08-17 05:48:42,004 | INFO  | SCMAudit | user=jenkins1000 | ip=192.168.69.90 | op=SEND_HEARTBEAT {datanodeUUID=7a663d32-f49a-4d8e-8115-f03df1739f95, command=[]} | ret=SUCCESS |  
2019-08-17 05:48:42,004 [grpc-default-executor-0] INFO  impl.RaftServerImpl (RaftServerImpl.java:setRole(171)) - 5252abaf-ba56-4d8d-9c02-ca32fe118651:group-DAB653AF595E changes role from FOLLOWER to FOLLOWER at term 2 for recognizeCandidate:64e19ece-eecd-4467-beca-e51d2542a2c7
2019-08-17 05:48:42,004 [Thread-332] INFO  impl.FollowerState (FollowerState.java:run(114)) - 6e5dc52a-1c5f-4a4f-b396-b3bf3632a67b: FollowerState was interrupted: java.lang.InterruptedException: sleep interrupted
2019-08-17 05:48:42,004 [grpc-default-executor-0] INFO  impl.RoleInfo (RoleInfo.java:shutdownFollowerState(121)) - 5252abaf-ba56-4d8d-9c02-ca32fe118651: shutdown FollowerState
2019-08-17 05:48:42,007 [grpc-default-executor-0] INFO  impl.RoleInfo (RoleInfo.java:updateAndGet(143)) - 5252abaf-ba56-4d8d-9c02-ca32fe118651: start FollowerState
2019-08-17 05:48:42,007 [Thread-329] INFO  impl.FollowerState (FollowerState.java:run(114)) - 5252abaf-ba56-4d8d-9c02-ca32fe118651: FollowerState was interrupted: java.lang.InterruptedException: sleep interrupted
2019-08-17 05:48:42,022 [64e19ece-eecd-4467-beca-e51d2542a2c7:group-DAB653AF595E:LeaderElection13] INFO  impl.LeaderElection (LeaderElection.java:logAndReturn(56)) - 64e19ece-eecd-4467-beca-e51d2542a2c7:group-DAB653AF595E:LeaderElection13: Election PASSED; received 1 response(s) [64e19ece-eecd-4467-beca-e51d2542a2c7<-6e5dc52a-1c5f-4a4f-b396-b3bf3632a67b#0:OK-t2] and 0 exception(s); 64e19ece-eecd-4467-beca-e51d2542a2c7:t2, leader=null, voted=64e19ece-eecd-4467-beca-e51d2542a2c7, raftlog=64e19ece-eecd-4467-beca-e51d2542a2c7-SegmentedRaftLog:OPENED:c-1,f-1,i0, conf=-1: [5252abaf-ba56-4d8d-9c02-ca32fe118651:192.168.69.90:35402, 6e5dc52a-1c5f-4a4f-b396-b3bf3632a67b:192.168.69.90:41694, 64e19ece-eecd-4467-beca-e51d2542a2c7:192.168.69.90:38924], old=null
2019-08-17 05:48:42,022 [64e19ece-eecd-4467-beca-e51d2542a2c7:group-DAB653AF595E:LeaderElection13] INFO  impl.RoleInfo (RoleInfo.java:shutdownLeaderElection(134)) - 64e19ece-eecd-4467-beca-e51d2542a2c7: shutdown LeaderElection
2019-08-17 05:48:42,025 [64e19ece-eecd-4467-beca-e51d2542a2c7:group-DAB653AF595E:LeaderElection13] INFO  impl.RaftServerImpl (RaftServerImpl.java:setRole(171)) - 64e19ece-eecd-4467-beca-e51d2542a2c7:group-DAB653AF595E changes role from CANDIDATE to LEADER at term 2 for changeToLeader
2019-08-17 05:48:42,025 [64e19ece-eecd-4467-beca-e51d2542a2c7:group-DAB653AF595E:LeaderElection13] INFO  impl.RaftServerImpl (ServerState.java:setLeader(263)) - 64e19ece-eecd-4467-beca-e51d2542a2c7:group-DAB653AF595E change Leader from null to 64e19ece-eecd-4467-beca-e51d2542a2c7 at term 2 for becomeLeader, leader elected after 10224ms
2019-08-17 05:48:42,025 [64e19ece-eecd-4467-beca-e51d2542a2c7:group-DAB653AF595E:LeaderElection13] INFO  server.RaftServerConfigKeys (ConfUtils.java:logGet(43)) - raft.server.staging.catchup.gap = 1000 (default)
2019-08-17 05:48:42,025 [64e19ece-eecd-4467-beca-e51d2542a2c7:group-DAB653AF595E:LeaderElection13] INFO  server.RaftServerConfigKeys (ConfUtils.java:logGet(43)) - raft.server.rpc.sleep.time = 25ms (default)
2019-08-17 05:48:42,025 [64e19ece-eecd-4467-beca-e51d2542a2c7:group-DAB653AF595E:LeaderElection13] INFO  server.RaftServerConfigKeys (ConfUtils.java:logGet(43)) - raft.server.write.element-limit = 4096 (default)
2019-08-17 05:48:42,026 [64e19ece-eecd-4467-beca-e51d2542a2c7:group-DAB653AF595E:LeaderElection13] INFO  server.RaftServerConfigKeys (ConfUtils.java:logGet(43)) - raft.server.watch.timeout = 10s (default)
2019-08-17 05:48:42,026 [64e19ece-eecd-4467-beca-e51d2542a2c7:group-DAB653AF595E:LeaderElection13] INFO  server.RaftServerConfigKeys (ConfUtils.java:logGet(43)) - raft.server.watch.timeout.denomination = 1s (default)
2019-08-17 05:48:42,026 [64e19ece-eecd-4467-beca-e51d2542a2c7:group-DAB653AF595E:LeaderElection13] INFO  server.RaftServerConfigKeys (ConfUtils.java:logGet(43)) - raft.server.watch.element-limit = 65536 (default)
2019-08-17 05:48:42,026 [64e19ece-eecd-4467-beca-e51d2542a2c7:group-DAB653AF595E:LeaderElection13] INFO  server.RaftServerConfigKeys (ConfUtils.java:logGet(43)) - raft.server.log.appender.snapshot.chunk.size.max = 16MB (=16777216) (default)
2019-08-17 05:48:42,027 [64e19ece-eecd-4467-beca-e51d2542a2c7:group-DAB653AF595E:LeaderElection13] INFO  server.RaftServerConfigKeys (ConfUtils.java:logGet(43)) - raft.server.log.appender.buffer.byte-limit = 33554432 (custom)
2019-08-17 05:48:42,027 [64e19ece-eecd-4467-beca-e51d2542a2c7:group-DAB653AF595E:LeaderElection13] INFO  server.RaftServerConfigKeys (ConfUtils.java:logGet(43)) - raft.server.log.appender.buffer.element-limit = 1 (custom)
2019-08-17 05:48:42,027 [64e19ece-eecd-4467-beca-e51d2542a2c7:group-DAB653AF595E:LeaderElection13] INFO  grpc.GrpcConfigKeys$Server (ConfUtils.java:logGet(43)) - raft.grpc.server.leader.outstanding.appends.max = 128 (default)
2019-08-17 05:48:42,028 [64e19ece-eecd-4467-beca-e51d2542a2c7:group-DAB653AF595E:LeaderElection13] INFO  server.RaftServerConfigKeys (ConfUtils.java:logGet(43)) - raft.server.rpc.request.timeout = 3000ms (default)
2019-08-17 05:48:42,028 [64e19ece-eecd-4467-beca-e51d2542a2c7:group-DAB653AF595E:LeaderElection13] INFO  server.RaftServerConfigKeys (ConfUtils.java:logGet(43)) - raft.server.log.appender.install.snapshot.enabled = false (custom)
2019-08-17 05:48:42,028 [64e19ece-eecd-4467-beca-e51d2542a2c7:group-DAB653AF595E:LeaderElection13] INFO  server.RaftServerConfigKeys (ConfUtils.java:logGet(43)) - raft.server.log.appender.snapshot.chunk.size.max = 16MB (=16777216) (default)
2019-08-17 05:48:42,028 [64e19ece-eecd-4467-beca-e51d2542a2c7:group-DAB653AF595E:LeaderElection13] INFO  server.RaftServerConfigKeys (ConfUtils.java:logGet(43)) - raft.server.log.appender.buffer.byte-limit = 33554432 (custom)
2019-08-17 05:48:42,028 [64e19ece-eecd-4467-beca-e51d2542a2c7:group-DAB653AF595E:LeaderElection13] INFO  server.RaftServerConfigKeys (ConfUtils.java:logGet(43)) - raft.server.log.appender.buffer.element-limit = 1 (custom)
2019-08-17 05:48:42,029 [64e19ece-eecd-4467-beca-e51d2542a2c7:group-DAB653AF595E:LeaderElection13] INFO  grpc.GrpcConfigKeys$Server (ConfUtils.java:logGet(43)) - raft.grpc.server.leader.outstanding.appends.max = 128 (default)
2019-08-17 05:48:42,029 [64e19ece-eecd-4467-beca-e51d2542a2c7:group-DAB653AF595E:LeaderElection13] INFO  server.RaftServerConfigKeys (ConfUtils.java:logGet(43)) - raft.server.rpc.request.timeout = 3000ms (default)
2019-08-17 05:48:42,029 [64e19ece-eecd-4467-beca-e51d2542a2c7:group-DAB653AF595E:LeaderElection13] INFO  server.RaftServerConfigKeys (ConfUtils.java:logGet(43)) - raft.server.log.appender.install.snapshot.enabled = false (custom)
2019-08-17 05:48:42,029 [64e19ece-eecd-4467-beca-e51d2542a2c7:group-DAB653AF595E:LeaderElection13] INFO  impl.RoleInfo (RoleInfo.java:updateAndGet(143)) - 64e19ece-eecd-4467-beca-e51d2542a2c7: start LeaderState
2019-08-17 05:48:42,030 [64e19ece-eecd-4467-beca-e51d2542a2c7:group-DAB653AF595E:LeaderElection13] INFO  segmented.SegmentedRaftLogWorker (SegmentedRaftLogWorker.java:startLogSegment(380)) - 64e19ece-eecd-4467-beca-e51d2542a2c7-SegmentedRaftLogWorker:Storage Directory /workdir/hadoop-ozone/integration-test/target/test-dir/MiniOzoneClusterImpl-3e3228e5-bf69-4ac8-88d9-acb4a77b7cb6/datanode-6/data/ratis/c0c51453-cbc8-4427-9b96-dab653af595e: Starting segment from index:0
2019-08-17 05:48:42,031 [64e19ece-eecd-4467-beca-e51d2542a2c7:group-DAB653AF595E:LeaderElection13] INFO  impl.RaftServerImpl (ServerState.java:setRaftConf(361)) - 64e19ece-eecd-4467-beca-e51d2542a2c7:group-DAB653AF595E set configuration 0: [5252abaf-ba56-4d8d-9c02-ca32fe118651:192.168.69.90:35402, 6e5dc52a-1c5f-4a4f-b396-b3bf3632a67b:192.168.69.90:41694, 64e19ece-eecd-4467-beca-e51d2542a2c7:192.168.69.90:38924], old=null at 0
2019-08-17 05:48:42,054 [grpc-default-executor-0] INFO  impl.RaftServerImpl (ServerState.java:setLeader(263)) - 6e5dc52a-1c5f-4a4f-b396-b3bf3632a67b:group-DAB653AF595E change Leader from null to 64e19ece-eecd-4467-beca-e51d2542a2c7 at term 2 for appendEntries, leader elected after 10254ms
2019-08-17 05:48:42,066 [64e19ece-eecd-4467-beca-e51d2542a2c7-SegmentedRaftLogWorker:Storage Directory /workdir/hadoop-ozone/integration-test/target/test-dir/MiniOzoneClusterImpl-3e3228e5-bf69-4ac8-88d9-acb4a77b7cb6/datanode-6/data/ratis/c0c51453-cbc8-4427-9b96-dab653af595e] INFO  segmented.SegmentedRaftLogWorker (SegmentedRaftLogWorker.java:execute(569)) - 64e19ece-eecd-4467-beca-e51d2542a2c7-SegmentedRaftLogWorker:Storage Directory /workdir/hadoop-ozone/integration-test/target/test-dir/MiniOzoneClusterImpl-3e3228e5-bf69-4ac8-88d9-acb4a77b7cb6/datanode-6/data/ratis/c0c51453-cbc8-4427-9b96-dab653af595e: created new log segment /workdir/hadoop-ozone/integration-test/target/test-dir/MiniOzoneClusterImpl-3e3228e5-bf69-4ac8-88d9-acb4a77b7cb6/datanode-6/data/ratis/c0c51453-cbc8-4427-9b96-dab653af595e/current/log_inprogress_0
2019-08-17 05:48:42,054 [grpc-default-executor-1] INFO  impl.RaftServerImpl (ServerState.java:setLeader(263)) - 5252abaf-ba56-4d8d-9c02-ca32fe118651:group-DAB653AF595E change Leader from null to 64e19ece-eecd-4467-beca-e51d2542a2c7 at term 2 for appendEntries, leader elected after 10254ms
2019-08-17 05:48:42,070 [grpc-default-executor-1] INFO  impl.RaftServerImpl (ServerState.java:setRaftConf(361)) - 6e5dc52a-1c5f-4a4f-b396-b3bf3632a67b:group-DAB653AF595E set configuration 0: [5252abaf-ba56-4d8d-9c02-ca32fe118651:192.168.69.90:35402, 6e5dc52a-1c5f-4a4f-b396-b3bf3632a67b:192.168.69.90:41694, 64e19ece-eecd-4467-beca-e51d2542a2c7:192.168.69.90:38924], old=null at 0
2019-08-17 05:48:42,070 [grpc-default-executor-1] INFO  segmented.SegmentedRaftLogWorker (SegmentedRaftLogWorker.java:startLogSegment(380)) - 6e5dc52a-1c5f-4a4f-b396-b3bf3632a67b-SegmentedRaftLogWorker:Storage Directory /workdir/hadoop-ozone/integration-test/target/test-dir/MiniOzoneClusterImpl-3e3228e5-bf69-4ac8-88d9-acb4a77b7cb6/datanode-1/data/ratis/c0c51453-cbc8-4427-9b96-dab653af595e: Starting segment from index:0
2019-08-17 05:48:42,070 [grpc-default-executor-0] INFO  impl.RaftServerImpl (ServerState.java:setRaftConf(361)) - 5252abaf-ba56-4d8d-9c02-ca32fe118651:group-DAB653AF595E set configuration 0: [5252abaf-ba56-4d8d-9c02-ca32fe118651:192.168.69.90:35402, 6e5dc52a-1c5f-4a4f-b396-b3bf3632a67b:192.168.69.90:41694, 64e19ece-eecd-4467-beca-e51d2542a2c7:192.168.69.90:38924], old=null at 0
2019-08-17 05:48:42,071 [grpc-default-executor-0] INFO  segmented.SegmentedRaftLogWorker (SegmentedRaftLogWorker.java:startLogSegment(380)) - 5252abaf-ba56-4d8d-9c02-ca32fe118651-SegmentedRaftLogWorker:Storage Directory /workdir/hadoop-ozone/integration-test/target/test-dir/MiniOzoneClusterImpl-3e3228e5-bf69-4ac8-88d9-acb4a77b7cb6/datanode-0/data/ratis/c0c51453-cbc8-4427-9b96-dab653af595e: Starting segment from index:0
2019-08-17 05:48:42,101 [6e5dc52a-1c5f-4a4f-b396-b3bf3632a67b-SegmentedRaftLogWorker:Storage Directory /workdir/hadoop-ozone/integration-test/target/test-dir/MiniOzoneClusterImpl-3e3228e5-bf69-4ac8-88d9-acb4a77b7cb6/datanode-1/data/ratis/c0c51453-cbc8-4427-9b96-dab653af595e] INFO  segmented.SegmentedRaftLogWorker (SegmentedRaftLogWorker.java:execute(569)) - 6e5dc52a-1c5f-4a4f-b396-b3bf3632a67b-SegmentedRaftLogWorker:Storage Directory /workdir/hadoop-ozone/integration-test/target/test-dir/MiniOzoneClusterImpl-3e3228e5-bf69-4ac8-88d9-acb4a77b7cb6/datanode-1/data/ratis/c0c51453-cbc8-4427-9b96-dab653af595e: created new log segment /workdir/hadoop-ozone/integration-test/target/test-dir/MiniOzoneClusterImpl-3e3228e5-bf69-4ac8-88d9-acb4a77b7cb6/datanode-1/data/ratis/c0c51453-cbc8-4427-9b96-dab653af595e/current/log_inprogress_0
2019-08-17 05:48:42,101 [5252abaf-ba56-4d8d-9c02-ca32fe118651-SegmentedRaftLogWorker:Storage Directory /workdir/hadoop-ozone/integration-test/target/test-dir/MiniOzoneClusterImpl-3e3228e5-bf69-4ac8-88d9-acb4a77b7cb6/datanode-0/data/ratis/c0c51453-cbc8-4427-9b96-dab653af595e] INFO  segmented.SegmentedRaftLogWorker (SegmentedRaftLogWorker.java:execute(569)) - 5252abaf-ba56-4d8d-9c02-ca32fe118651-SegmentedRaftLogWorker:Storage Directory /workdir/hadoop-ozone/integration-test/target/test-dir/MiniOzoneClusterImpl-3e3228e5-bf69-4ac8-88d9-acb4a77b7cb6/datanode-0/data/ratis/c0c51453-cbc8-4427-9b96-dab653af595e: created new log segment /workdir/hadoop-ozone/integration-test/target/test-dir/MiniOzoneClusterImpl-3e3228e5-bf69-4ac8-88d9-acb4a77b7cb6/datanode-0/data/ratis/c0c51453-cbc8-4427-9b96-dab653af595e/current/log_inprogress_0
2019-08-17 05:48:42,362 [grpc-default-executor-0] INFO  client.GrpcClientProtocolClient (GrpcClientProtocolClient.java:onNext(255)) - client-FA94C1DAE7BF->5252abaf-ba56-4d8d-9c02-ca32fe118651: receive RaftClientReply:client-FA94C1DAE7BF->5252abaf-ba56-4d8d-9c02-ca32fe118651@group-DAB653AF595E, cid=17, FAILED org.apache.ratis.protocol.NotLeaderException: Server 5252abaf-ba56-4d8d-9c02-ca32fe118651 is not the leader (64e19ece-eecd-4467-beca-e51d2542a2c7:192.168.69.90:38924). Request must be sent to leader., logIndex=0, commits[5252abaf-ba56-4d8d-9c02-ca32fe118651:c-1, 6e5dc52a-1c5f-4a4f-b396-b3bf3632a67b:c-1, 64e19ece-eecd-4467-beca-e51d2542a2c7:c-1]
2019-08-17 05:48:42,503 | INFO  | SCMAudit | user=jenkins1000 | ip=192.168.69.90 | op=SEND_HEARTBEAT {datanodeUUID=64e19ece-eecd-4467-beca-e51d2542a2c7, command=[]} | ret=SUCCESS |  
2019-08-17 05:48:42,503 | INFO  | SCMAudit | user=jenkins1000 | ip=192.168.69.90 | op=SEND_HEARTBEAT {datanodeUUID=5252abaf-ba56-4d8d-9c02-ca32fe118651, command=[]} | ret=SUCCESS |  
2019-08-17 05:48:42,503 | INFO  | SCMAudit | user=jenkins1000 | ip=192.168.69.90 | op=SEND_HEARTBEAT {datanodeUUID=6e5dc52a-1c5f-4a4f-b396-b3bf3632a67b, command=[]} | ret=SUCCESS |  
2019-08-17 05:48:42,507 | INFO  | DNAudit | user=null | ip=null | op=WRITE_CHUNK {blockData=conID: 2 locID: 1566020918179 bcsId: 0} | ret=SUCCESS |  
2019-08-17 05:48:42,509 | INFO  | DNAudit | user=null | ip=null | op=WRITE_CHUNK {blockData=conID: 2 locID: 1566020918179 bcsId: 0} | ret=SUCCESS |  
2019-08-17 05:48:42,509 | INFO  | DNAudit | user=null | ip=null | op=WRITE_CHUNK {blockData=conID: 2 locID: 1566020918179 bcsId: 0} | ret=SUCCESS |  
2019-08-17 05:48:42,527 | INFO  | DNAudit | user=null | ip=null | op=WRITE_CHUNK {blockData=conID: 2 locID: 1566020918179 bcsId: 0} | ret=SUCCESS |  
2019-08-17 05:48:42,536 [grpc-default-executor-2] INFO  client.GrpcClientProtocolClient (GrpcClientProtocolClient.java:onNext(255)) - client-FA94C1DAE7BF->64e19ece-eecd-4467-beca-e51d2542a2c7: receive RaftClientReply:client-FA94C1DAE7BF->64e19ece-eecd-4467-beca-e51d2542a2c7@group-DAB653AF595E, cid=17, SUCCESS, logIndex=1, commits[64e19ece-eecd-4467-beca-e51d2542a2c7:c1, 5252abaf-ba56-4d8d-9c02-ca32fe118651:c0, 6e5dc52a-1c5f-4a4f-b396-b3bf3632a67b:c0]
2019-08-17 05:48:42,548 | INFO  | DNAudit | user=null | ip=null | op=WRITE_CHUNK {blockData=conID: 2 locID: 1566020918179 bcsId: 0} | ret=SUCCESS |  
2019-08-17 05:48:42,548 | INFO  | DNAudit | user=null | ip=null | op=WRITE_CHUNK {blockData=conID: 2 locID: 1566020918179 bcsId: 0} | ret=SUCCESS |  
2019-08-17 05:48:42,556 [pool-92-thread-4] WARN  impl.ChunkManagerImpl (ChunkUtils.java:validateChunkForOverwrite(218)) - Duplicate write chunk request. Chunk overwrite without explicit request. ChunkInfo{chunkName='1566020918179.data.0, offset=0, len=1048576}
2019-08-17 05:48:42,556 [pool-92-thread-4] WARN  impl.ChunkManagerImpl (ChunkManagerImpl.java:writeChunk(111)) - ChunkFile already exists/workdir/hadoop-ozone/integration-test/target/test-dir/MiniOzoneClusterImpl-3e3228e5-bf69-4ac8-88d9-acb4a77b7cb6/datanode-6/data/containers/hdds/aa816e05-902d-4856-bab4-7809dfb2024e/current/containerDir0/2/chunks/1566020918179.data.0.Deleting it.
2019-08-17 05:48:42,563 | INFO  | DNAudit | user=null | ip=null | op=WRITE_CHUNK {blockData=conID: 2 locID: 1566020918179 bcsId: 0} | ret=SUCCESS |  
2019-08-17 05:48:42,573 [pool-26-thread-2] WARN  impl.ChunkManagerImpl (ChunkUtils.java:validateChunkForOverwrite(218)) - Duplicate write chunk request. Chunk overwrite without explicit request. ChunkInfo{chunkName='1566020918179.data.0, offset=0, len=1048576}
2019-08-17 05:48:42,573 [pool-37-thread-2] WARN  impl.ChunkManagerImpl (ChunkUtils.java:validateChunkForOverwrite(218)) - Duplicate write chunk request. Chunk overwrite without explicit request. ChunkInfo{chunkName='1566020918179.data.0, offset=0, len=1048576}
2019-08-17 05:48:42,573 [pool-26-thread-2] WARN  impl.ChunkManagerImpl (ChunkManagerImpl.java:writeChunk(111)) - ChunkFile already exists/workdir/hadoop-ozone/integration-test/target/test-dir/MiniOzoneClusterImpl-3e3228e5-bf69-4ac8-88d9-acb4a77b7cb6/datanode-0/data/containers/hdds/aa816e05-902d-4856-bab4-7809dfb2024e/current/containerDir0/2/chunks/1566020918179.data.0.Deleting it.
2019-08-17 05:48:42,573 [pool-37-thread-2] WARN  impl.ChunkManagerImpl (ChunkManagerImpl.java:writeChunk(111)) - ChunkFile already exists/workdir/hadoop-ozone/integration-test/target/test-dir/MiniOzoneClusterImpl-3e3228e5-bf69-4ac8-88d9-acb4a77b7cb6/datanode-1/data/containers/hdds/aa816e05-902d-4856-bab4-7809dfb2024e/current/containerDir0/2/chunks/1566020918179.data.0.Deleting it.
2019-08-17 05:48:42,578 | INFO  | DNAudit | user=null | ip=null | op=WRITE_CHUNK {blockData=conID: 2 locID: 1566020918179 bcsId: 0} | ret=SUCCESS |  
2019-08-17 05:48:42,578 | INFO  | DNAudit | user=null | ip=null | op=WRITE_CHUNK {blockData=conID: 2 locID: 1566020918179 bcsId: 0} | ret=SUCCESS |  
2019-08-17 05:48:42,612 | INFO  | DNAudit | user=null | ip=null | op=PUT_BLOCK {blockData=[blockId=conID: 2 locID: 1566020918179 bcsId: 0,size=1048576]} | ret=SUCCESS |  
2019-08-17 05:48:42,625 | INFO  | DNAudit | user=null | ip=null | op=WRITE_CHUNK {blockData=conID: 2 locID: 1566020918179 bcsId: 0} | ret=SUCCESS |  
2019-08-17 05:48:42,626 [grpc-default-executor-1] INFO  client.GrpcClientProtocolClient (GrpcClientProtocolClient.java:onNext(255)) - client-FA94C1DAE7BF->64e19ece-eecd-4467-beca-e51d2542a2c7: receive RaftClientReply:client-FA94C1DAE7BF->64e19ece-eecd-4467-beca-e51d2542a2c7@group-DAB653AF595E, cid=18, SUCCESS, logIndex=3, commits[64e19ece-eecd-4467-beca-e51d2542a2c7:c8, 5252abaf-ba56-4d8d-9c02-ca32fe118651:c6, 6e5dc52a-1c5f-4a4f-b396-b3bf3632a67b:c6]
2019-08-17 05:48:42,628 [grpc-default-executor-1] INFO  client.GrpcClientProtocolClient (GrpcClientProtocolClient.java:onNext(255)) - client-FA94C1DAE7BF->64e19ece-eecd-4467-beca-e51d2542a2c7: receive RaftClientReply:client-FA94C1DAE7BF->64e19ece-eecd-4467-beca-e51d2542a2c7@group-DAB653AF595E, cid=19, SUCCESS, logIndex=4, commits[64e19ece-eecd-4467-beca-e51d2542a2c7:c8, 5252abaf-ba56-4d8d-9c02-ca32fe118651:c6, 6e5dc52a-1c5f-4a4f-b396-b3bf3632a67b:c6]
2019-08-17 05:48:42,658 | INFO  | DNAudit | user=null | ip=null | op=PUT_BLOCK {blockData=[blockId=conID: 2 locID: 1566020918179 bcsId: 0,size=1048576]} | ret=SUCCESS |  
2019-08-17 05:48:42,659 | INFO  | DNAudit | user=null | ip=null | op=WRITE_CHUNK {blockData=conID: 2 locID: 1566020918179 bcsId: 0} | ret=SUCCESS |  
2019-08-17 05:48:42,715 | INFO  | DNAudit | user=null | ip=null | op=PUT_BLOCK {blockData=[blockId=conID: 2 locID: 1566020918179 bcsId: 0,size=1048576]} | ret=SUCCESS |  
2019-08-17 05:48:42,715 | INFO  | DNAudit | user=null | ip=null | op=PUT_BLOCK {blockData=[blockId=conID: 2 locID: 1566020918179 bcsId: 0,size=1048576]} | ret=SUCCESS |  
2019-08-17 05:48:42,715 | INFO  | DNAudit | user=null | ip=null | op=PUT_BLOCK {blockData=[blockId=conID: 2 locID: 1566020918179 bcsId: 0,size=1048576]} | ret=SUCCESS |  
2019-08-17 05:48:42,716 | INFO  | DNAudit | user=null | ip=null | op=WRITE_CHUNK {blockData=conID: 2 locID: 1566020918179 bcsId: 0} | ret=SUCCESS |  
2019-08-17 05:48:42,717 | INFO  | DNAudit | user=null | ip=null | op=PUT_BLOCK {blockData=[blockId=conID: 2 locID: 1566020918179 bcsId: 0,size=1048576]} | ret=SUCCESS |  
2019-08-17 05:48:42,717 [grpc-default-executor-1] INFO  client.GrpcClientProtocolClient (GrpcClientProtocolClient.java:onNext(255)) - client-FA94C1DAE7BF->64e19ece-eecd-4467-beca-e51d2542a2c7: receive RaftClientReply:client-FA94C1DAE7BF->64e19ece-eecd-4467-beca-e51d2542a2c7@group-DAB653AF595E, cid=20, SUCCESS, logIndex=5, commits[64e19ece-eecd-4467-beca-e51d2542a2c7:c8, 5252abaf-ba56-4d8d-9c02-ca32fe118651:c6, 6e5dc52a-1c5f-4a4f-b396-b3bf3632a67b:c6]
2019-08-17 05:48:42,719 [main] INFO  datanode.ObjectStoreHandler (ObjectStoreHandler.java:close(155)) - Closing ObjectStoreHandler.
2019-08-17 05:48:42,720 [main] INFO  ozone.HddsDatanodeService (HddsDatanodeService.java:stop(451)) - Stopped plug-in org.apache.hadoop.ozone.web.OzoneHddsDatanodeService@6b63abdc
2019-08-17 05:48:42,758 | INFO  | SCMAudit | user=jenkins1000 | ip=192.168.69.90 | op=SEND_HEARTBEAT {datanodeUUID=cbda5fd1-4567-484d-9341-56323921e3f3, command=[]} | ret=SUCCESS |  
2019-08-17 05:48:42,858 | INFO  | SCMAudit | user=jenkins1000 | ip=192.168.69.90 | op=SEND_HEARTBEAT {datanodeUUID=2e948dab-f11f-4d49-a0d9-43da26fd8366, command=[]} | ret=SUCCESS |  
2019-08-17 05:48:42,859 | INFO  | SCMAudit | user=jenkins1000 | ip=192.168.69.90 | op=SEND_HEARTBEAT {datanodeUUID=4deb195a-92c6-4af0-9d45-de0ec46a9f82, command=[]} | ret=SUCCESS |  
2019-08-17 05:48:43,001 | INFO  | SCMAudit | user=jenkins1000 | ip=192.168.69.90 | op=SEND_HEARTBEAT {datanodeUUID=7a663d32-f49a-4d8e-8115-f03df1739f95, command=[]} | ret=SUCCESS |  
2019-08-17 05:48:43,501 [Datanode State Machine Thread - 0] INFO  statemachine.DatanodeStateMachine (DatanodeStateMachine.java:lambda$startDaemon$0(350)) - Ozone container server started.
2019-08-17 05:48:43,503 | INFO  | SCMAudit | user=jenkins1000 | ip=192.168.69.90 | op=SEND_HEARTBEAT {datanodeUUID=6e5dc52a-1c5f-4a4f-b396-b3bf3632a67b, command=[]} | ret=SUCCESS |  
2019-08-17 05:48:43,503 | INFO  | SCMAudit | user=jenkins1000 | ip=192.168.69.90 | op=SEND_HEARTBEAT {datanodeUUID=64e19ece-eecd-4467-beca-e51d2542a2c7, command=[]} | ret=SUCCESS |  
2019-08-17 05:48:43,756 | INFO  | SCMAudit | user=jenkins1000 | ip=192.168.69.90 | op=SEND_HEARTBEAT {datanodeUUID=cbda5fd1-4567-484d-9341-56323921e3f3, command=[]} | ret=SUCCESS |  
2019-08-17 05:48:43,857 | INFO  | SCMAudit | user=jenkins1000 | ip=192.168.69.90 | op=SEND_HEARTBEAT {datanodeUUID=2e948dab-f11f-4d49-a0d9-43da26fd8366, command=[]} | ret=SUCCESS |  
2019-08-17 05:48:43,860 | INFO  | SCMAudit | user=jenkins1000 | ip=192.168.69.90 | op=SEND_HEARTBEAT {datanodeUUID=4deb195a-92c6-4af0-9d45-de0ec46a9f82, command=[]} | ret=SUCCESS |  
2019-08-17 05:48:44,000 | INFO  | SCMAudit | user=jenkins1000 | ip=192.168.69.90 | op=SEND_HEARTBEAT {datanodeUUID=7a663d32-f49a-4d8e-8115-f03df1739f95, command=[]} | ret=SUCCESS |  
2019-08-17 05:48:44,506 | INFO  | SCMAudit | user=jenkins1000 | ip=192.168.69.90 | op=SEND_HEARTBEAT {datanodeUUID=6e5dc52a-1c5f-4a4f-b396-b3bf3632a67b, command=[]} | ret=SUCCESS |  
2019-08-17 05:48:44,506 | INFO  | SCMAudit | user=jenkins1000 | ip=192.168.69.90 | op=SEND_HEARTBEAT {datanodeUUID=64e19ece-eecd-4467-beca-e51d2542a2c7, command=[]} | ret=SUCCESS |  
2019-08-17 05:48:44,757 | INFO  | SCMAudit | user=jenkins1000 | ip=192.168.69.90 | op=SEND_HEARTBEAT {datanodeUUID=cbda5fd1-4567-484d-9341-56323921e3f3, command=[]} | ret=SUCCESS |  
2019-08-17 05:48:44,857 | INFO  | SCMAudit | user=jenkins1000 | ip=192.168.69.90 | op=SEND_HEARTBEAT {datanodeUUID=2e948dab-f11f-4d49-a0d9-43da26fd8366, command=[]} | ret=SUCCESS |  
2019-08-17 05:48:44,860 | INFO  | SCMAudit | user=jenkins1000 | ip=192.168.69.90 | op=SEND_HEARTBEAT {datanodeUUID=4deb195a-92c6-4af0-9d45-de0ec46a9f82, command=[]} | ret=SUCCESS |  
2019-08-17 05:48:45,001 | INFO  | SCMAudit | user=jenkins1000 | ip=192.168.69.90 | op=SEND_HEARTBEAT {datanodeUUID=7a663d32-f49a-4d8e-8115-f03df1739f95, command=[]} | ret=SUCCESS |  
2019-08-17 05:48:45,503 | INFO  | SCMAudit | user=jenkins1000 | ip=192.168.69.90 | op=SEND_HEARTBEAT {datanodeUUID=64e19ece-eecd-4467-beca-e51d2542a2c7, command=[]} | ret=SUCCESS |  
2019-08-17 05:48:45,503 | INFO  | SCMAudit | user=jenkins1000 | ip=192.168.69.90 | op=SEND_HEARTBEAT {datanodeUUID=6e5dc52a-1c5f-4a4f-b396-b3bf3632a67b, command=[]} | ret=SUCCESS |  
2019-08-17 05:48:45,581 [EventQueue-StaleNodeForStaleNodeHandler] INFO  node.StaleNodeHandler (StaleNodeHandler.java:onMessage(58)) - Datanode 5252abaf-ba56-4d8d-9c02-ca32fe118651{ip: 192.168.69.90, host: trunk-nightly-zmbwg-2272455275, networkLocation: /default-rack, certSerialId: null} moved to stale state. Finalizing its pipelines [PipelineID=92d953ca-f19f-4821-ab2d-9654a4809527, PipelineID=c0c51453-cbc8-4427-9b96-dab653af595e]
2019-08-17 05:48:45,582 [EventQueue-StaleNodeForStaleNodeHandler] INFO  pipeline.SCMPipelineManager (SCMPipelineManager.java:finalizeAndDestroyPipeline(309)) - destroying pipeline:Pipeline[ Id: 92d953ca-f19f-4821-ab2d-9654a4809527, Nodes: 5252abaf-ba56-4d8d-9c02-ca32fe118651{ip: 192.168.69.90, host: trunk-nightly-zmbwg-2272455275, networkLocation: /default-rack, certSerialId: null}, Type:RATIS, Factor:ONE, State:OPEN]
2019-08-17 05:48:45,584 [EventQueue-StaleNodeForStaleNodeHandler] INFO  pipeline.PipelineStateManager (PipelineStateManager.java:finalizePipeline(123)) - Pipeline Pipeline[ Id: 92d953ca-f19f-4821-ab2d-9654a4809527, Nodes: 5252abaf-ba56-4d8d-9c02-ca32fe118651{ip: 192.168.69.90, host: trunk-nightly-zmbwg-2272455275, networkLocation: /default-rack, certSerialId: null}, Type:RATIS, Factor:ONE, State:CLOSED] moved to CLOSED state
2019-08-17 05:48:45,586 [EventQueue-StaleNodeForStaleNodeHandler] INFO  pipeline.SCMPipelineManager (SCMPipelineManager.java:finalizeAndDestroyPipeline(309)) - destroying pipeline:Pipeline[ Id: c0c51453-cbc8-4427-9b96-dab653af595e, Nodes: 5252abaf-ba56-4d8d-9c02-ca32fe118651{ip: 192.168.69.90, host: trunk-nightly-zmbwg-2272455275, networkLocation: /default-rack, certSerialId: null}6e5dc52a-1c5f-4a4f-b396-b3bf3632a67b{ip: 192.168.69.90, host: trunk-nightly-zmbwg-2272455275, networkLocation: /default-rack, certSerialId: null}64e19ece-eecd-4467-beca-e51d2542a2c7{ip: 192.168.69.90, host: trunk-nightly-zmbwg-2272455275, networkLocation: /default-rack, certSerialId: null}, Type:RATIS, Factor:THREE, State:OPEN]
2019-08-17 05:48:45,587 [EventQueue-StaleNodeForStaleNodeHandler] INFO  pipeline.PipelineStateManager (PipelineStateManager.java:finalizePipeline(123)) - Pipeline Pipeline[ Id: c0c51453-cbc8-4427-9b96-dab653af595e, Nodes: 5252abaf-ba56-4d8d-9c02-ca32fe118651{ip: 192.168.69.90, host: trunk-nightly-zmbwg-2272455275, networkLocation: /default-rack, certSerialId: null}6e5dc52a-1c5f-4a4f-b396-b3bf3632a67b{ip: 192.168.69.90, host: trunk-nightly-zmbwg-2272455275, networkLocation: /default-rack, certSerialId: null}64e19ece-eecd-4467-beca-e51d2542a2c7{ip: 192.168.69.90, host: trunk-nightly-zmbwg-2272455275, networkLocation: /default-rack, certSerialId: null}, Type:RATIS, Factor:THREE, State:CLOSED] moved to CLOSED state
2019-08-17 05:48:45,588 [EventQueue-CloseContainerForCloseContainerEventHandler] INFO  container.CloseContainerEventHandler (CloseContainerEventHandler.java:onMessage(61)) - Close container Event triggered for container : #2
2019-08-17 05:48:45,757 | INFO  | SCMAudit | user=jenkins1000 | ip=192.168.69.90 | op=SEND_HEARTBEAT {datanodeUUID=cbda5fd1-4567-484d-9341-56323921e3f3, command=[]} | ret=SUCCESS |  
2019-08-17 05:48:45,858 | INFO  | SCMAudit | user=jenkins1000 | ip=192.168.69.90 | op=SEND_HEARTBEAT {datanodeUUID=2e948dab-f11f-4d49-a0d9-43da26fd8366, command=[]} | ret=SUCCESS |  
2019-08-17 05:48:45,861 | INFO  | SCMAudit | user=jenkins1000 | ip=192.168.69.90 | op=SEND_HEARTBEAT {datanodeUUID=4deb195a-92c6-4af0-9d45-de0ec46a9f82, command=[]} | ret=SUCCESS |  
2019-08-17 05:48:46,001 | INFO  | SCMAudit | user=jenkins1000 | ip=192.168.69.90 | op=SEND_HEARTBEAT {datanodeUUID=7a663d32-f49a-4d8e-8115-f03df1739f95, command=[]} | ret=SUCCESS |  
2019-08-17 05:48:46,543 | INFO  | SCMAudit | user=jenkins1000 | ip=192.168.69.90 | op=SEND_HEARTBEAT {datanodeUUID=6e5dc52a-1c5f-4a4f-b396-b3bf3632a67b, command=[commandType: closeContainerCommand closeContainerCommandProto { containerID: 2 pipelineID { id: "c0c51453-cbc8-4427-9b96-dab653af595e" } cmdId: 2 force: false } ]} | ret=SUCCESS |  
2019-08-17 05:48:46,543 | INFO  | SCMAudit | user=jenkins1000 | ip=192.168.69.90 | op=SEND_HEARTBEAT {datanodeUUID=64e19ece-eecd-4467-beca-e51d2542a2c7, command=[commandType: closeContainerCommand closeContainerCommandProto { containerID: 2 pipelineID { id: "c0c51453-cbc8-4427-9b96-dab653af595e" } cmdId: 2 force: false } ]} | ret=SUCCESS |  
2019-08-17 05:48:46,757 | INFO  | SCMAudit | user=jenkins1000 | ip=192.168.69.90 | op=SEND_HEARTBEAT {datanodeUUID=cbda5fd1-4567-484d-9341-56323921e3f3, command=[]} | ret=SUCCESS |  
2019-08-17 05:48:46,857 | INFO  | SCMAudit | user=jenkins1000 | ip=192.168.69.90 | op=SEND_HEARTBEAT {datanodeUUID=2e948dab-f11f-4d49-a0d9-43da26fd8366, command=[]} | ret=SUCCESS |  
2019-08-17 05:48:46,861 | INFO  | SCMAudit | user=jenkins1000 | ip=192.168.69.90 | op=SEND_HEARTBEAT {datanodeUUID=4deb195a-92c6-4af0-9d45-de0ec46a9f82, command=[]} | ret=SUCCESS |  
2019-08-17 05:48:47,001 | INFO  | SCMAudit | user=jenkins1000 | ip=192.168.69.90 | op=SEND_HEARTBEAT {datanodeUUID=7a663d32-f49a-4d8e-8115-f03df1739f95, command=[]} | ret=SUCCESS |  
2019-08-17 05:48:47,503 | INFO  | SCMAudit | user=jenkins1000 | ip=192.168.69.90 | op=SEND_HEARTBEAT {datanodeUUID=6e5dc52a-1c5f-4a4f-b396-b3bf3632a67b, command=[]} | ret=SUCCESS |  
2019-08-17 05:48:47,503 | INFO  | SCMAudit | user=jenkins1000 | ip=192.168.69.90 | op=SEND_HEARTBEAT {datanodeUUID=64e19ece-eecd-4467-beca-e51d2542a2c7, command=[]} | ret=SUCCESS |  
2019-08-17 05:48:47,526 | INFO  | SCMAudit | user=jenkins1000 | ip=192.168.69.90 | op=SEND_HEARTBEAT {datanodeUUID=64e19ece-eecd-4467-beca-e51d2542a2c7, command=[]} | ret=SUCCESS |  
2019-08-17 05:48:47,526 | INFO  | SCMAudit | user=jenkins1000 | ip=192.168.69.90 | op=SEND_HEARTBEAT {datanodeUUID=6e5dc52a-1c5f-4a4f-b396-b3bf3632a67b, command=[]} | ret=SUCCESS |  
2019-08-17 05:48:47,597 [RatisApplyTransactionExecutor 2] INFO  interfaces.Container (KeyValueContainer.java:compactDB(356)) - Container 2 is closed with bcsId 5.
2019-08-17 05:48:47,598 | INFO  | DNAudit | user=null | ip=null | op=CLOSE_CONTAINER {containerID=2} | ret=SUCCESS |  
2019-08-17 05:48:47,599 | INFO  | SCMAudit | user=jenkins1000 | ip=192.168.69.90 | op=SEND_HEARTBEAT {datanodeUUID=64e19ece-eecd-4467-beca-e51d2542a2c7, command=[]} | ret=SUCCESS |  
2019-08-17 05:48:47,599 [EventQueue-IncrementalContainerReportForIncrementalContainerReportHandler] INFO  container.IncrementalContainerReportHandler (AbstractContainerReportHandler.java:updateContainerState(176)) - Moving container #2 to CLOSED state, datanode 64e19ece-eecd-4467-beca-e51d2542a2c7{ip: 192.168.69.90, host: trunk-nightly-zmbwg-2272455275, networkLocation: /default-rack, certSerialId: null} reported CLOSED replica.
2019-08-17 05:48:47,601 [RatisApplyTransactionExecutor 2] INFO  interfaces.Container (KeyValueContainer.java:compactDB(356)) - Container 2 is closed with bcsId 5.
2019-08-17 05:48:47,605 | INFO  | DNAudit | user=null | ip=null | op=CLOSE_CONTAINER {containerID=2} | ret=SUCCESS |  
2019-08-17 05:48:47,606 | INFO  | SCMAudit | user=jenkins1000 | ip=192.168.69.90 | op=SEND_HEARTBEAT {datanodeUUID=6e5dc52a-1c5f-4a4f-b396-b3bf3632a67b, command=[]} | ret=SUCCESS |  
2019-08-17 05:48:47,627 [RatisApplyTransactionExecutor 2] INFO  interfaces.Container (KeyValueContainer.java:compactDB(356)) - Container 2 is closed with bcsId 5.
2019-08-17 05:48:47,628 | INFO  | DNAudit | user=null | ip=null | op=CLOSE_CONTAINER {containerID=2} | ret=SUCCESS |  
2019-08-17 05:48:47,722 [main] INFO  ozoneimpl.OzoneContainer (OzoneContainer.java:stop(199)) - Attempting to stop container services.
2019-08-17 05:48:47,724 [main] INFO  impl.RaftServerProxy (RaftServerProxy.java:lambda$close$4(314)) - 5252abaf-ba56-4d8d-9c02-ca32fe118651: close
2019-08-17 05:48:47,726 [main] INFO  impl.RaftServerImpl (RaftServerImpl.java:lambda$shutdown$3(245)) - 5252abaf-ba56-4d8d-9c02-ca32fe118651: shutdown group-9654A4809527
2019-08-17 05:48:47,726 [main] INFO  util.JmxRegister (JmxRegister.java:unregister(73)) - Successfully un-registered JMX Bean with object name Ratis:service=RaftServer,group=group-9654A4809527,id=5252abaf-ba56-4d8d-9c02-ca32fe118651
2019-08-17 05:48:47,727 [main] INFO  impl.RoleInfo (RoleInfo.java:shutdownLeaderState(104)) - 5252abaf-ba56-4d8d-9c02-ca32fe118651: shutdown LeaderState
2019-08-17 05:48:47,727 [ForkJoinPool.commonPool-worker-0] INFO  impl.RaftServerImpl (RaftServerImpl.java:lambda$shutdown$3(245)) - 5252abaf-ba56-4d8d-9c02-ca32fe118651: shutdown group-DAB653AF595E
2019-08-17 05:48:47,728 [ForkJoinPool.commonPool-worker-0] INFO  util.JmxRegister (JmxRegister.java:unregister(73)) - Successfully un-registered JMX Bean with object name Ratis:service=RaftServer,group=group-DAB653AF595E,id=5252abaf-ba56-4d8d-9c02-ca32fe118651
2019-08-17 05:48:47,728 [main] INFO  impl.PendingRequests (PendingRequests.java:sendNotLeaderResponses(202)) - 5252abaf-ba56-4d8d-9c02-ca32fe118651-PendingRequests: sendNotLeaderResponses
2019-08-17 05:48:47,728 [ForkJoinPool.commonPool-worker-0] INFO  impl.RoleInfo (RoleInfo.java:shutdownFollowerState(121)) - 5252abaf-ba56-4d8d-9c02-ca32fe118651: shutdown FollowerState
2019-08-17 05:48:47,729 [ForkJoinPool.commonPool-worker-0] INFO  impl.StateMachineUpdater (StateMachineUpdater.java:stopAndJoin(115)) - StateMachineUpdater:5252abaf-ba56-4d8d-9c02-ca32fe118651:group-DAB653AF595E: set stopIndex = 9
2019-08-17 05:48:47,729 [Thread-390] INFO  impl.FollowerState (FollowerState.java:run(114)) - 5252abaf-ba56-4d8d-9c02-ca32fe118651: FollowerState was interrupted: java.lang.InterruptedException: sleep interrupted
2019-08-17 05:48:47,729 [StateMachineUpdater:5252abaf-ba56-4d8d-9c02-ca32fe118651:group-DAB653AF595E] INFO  ratis.ContainerStateMachine (ContainerStateMachine.java:takeSnapshot(271)) - group-DAB653AF595E: Taking a snapshot at:(t:2, i:9) file /workdir/hadoop-ozone/integration-test/target/test-dir/MiniOzoneClusterImpl-3e3228e5-bf69-4ac8-88d9-acb4a77b7cb6/datanode-0/data/ratis/c0c51453-cbc8-4427-9b96-dab653af595e/sm/snapshot.2_9
2019-08-17 05:48:47,733 [main] INFO  impl.StateMachineUpdater (StateMachineUpdater.java:stopAndJoin(115)) - StateMachineUpdater:5252abaf-ba56-4d8d-9c02-ca32fe118651:group-9654A4809527: set stopIndex = 0
2019-08-17 05:48:47,735 [main] INFO  impl.RaftServerImpl (ServerState.java:close(394)) - 5252abaf-ba56-4d8d-9c02-ca32fe118651:group-9654A4809527 closes. The last applied log index is 0
2019-08-17 05:48:47,738 [5252abaf-ba56-4d8d-9c02-ca32fe118651-SegmentedRaftLogWorker:Storage Directory /workdir/hadoop-ozone/integration-test/target/test-dir/MiniOzoneClusterImpl-3e3228e5-bf69-4ac8-88d9-acb4a77b7cb6/datanode-0/data/ratis/92d953ca-f19f-4821-ab2d-9654a4809527] INFO  segmented.SegmentedRaftLogWorker (SegmentedRaftLogWorker.java:run(313)) - 5252abaf-ba56-4d8d-9c02-ca32fe118651-SegmentedRaftLogWorker:Storage Directory /workdir/hadoop-ozone/integration-test/target/test-dir/MiniOzoneClusterImpl-3e3228e5-bf69-4ac8-88d9-acb4a77b7cb6/datanode-0/data/ratis/92d953ca-f19f-4821-ab2d-9654a4809527 was interrupted, exiting. There are 0 tasks remaining in the queue.
2019-08-17 05:48:47,741 [main] INFO  segmented.SegmentedRaftLogWorker (SegmentedRaftLogWorker.java:close(228)) - 5252abaf-ba56-4d8d-9c02-ca32fe118651-SegmentedRaftLogWorker:Storage Directory /workdir/hadoop-ozone/integration-test/target/test-dir/MiniOzoneClusterImpl-3e3228e5-bf69-4ac8-88d9-acb4a77b7cb6/datanode-0/data/ratis/92d953ca-f19f-4821-ab2d-9654a4809527 close()
2019-08-17 05:48:47,757 | INFO  | SCMAudit | user=jenkins1000 | ip=192.168.69.90 | op=SEND_HEARTBEAT {datanodeUUID=cbda5fd1-4567-484d-9341-56323921e3f3, command=[]} | ret=SUCCESS |  
2019-08-17 05:48:47,766 [StateMachineUpdater:5252abaf-ba56-4d8d-9c02-ca32fe118651:group-DAB653AF595E] INFO  ratis.ContainerStateMachine (ContainerStateMachine.java:takeSnapshot(282)) - group-DAB653AF595E: Finished taking a snapshot at:(t:2, i:9) file:/workdir/hadoop-ozone/integration-test/target/test-dir/MiniOzoneClusterImpl-3e3228e5-bf69-4ac8-88d9-acb4a77b7cb6/datanode-0/data/ratis/c0c51453-cbc8-4427-9b96-dab653af595e/sm/snapshot.2_9 time:38
2019-08-17 05:48:47,766 [StateMachineUpdater:5252abaf-ba56-4d8d-9c02-ca32fe118651:group-DAB653AF595E] INFO  impl.StateMachineUpdater (StateMachineUpdater.java:takeSnapshot(242)) - StateMachineUpdater:5252abaf-ba56-4d8d-9c02-ca32fe118651:group-DAB653AF595E: Took a snapshot at index 9
2019-08-17 05:48:47,767 [StateMachineUpdater:5252abaf-ba56-4d8d-9c02-ca32fe118651:group-DAB653AF595E] INFO  impl.StateMachineUpdater (StateMachineUpdater.java:lambda$new$0(80)) - StateMachineUpdater:5252abaf-ba56-4d8d-9c02-ca32fe118651:group-DAB653AF595E: snapshotIndex: updateIncreasingly -1 -> 9
2019-08-17 05:48:47,772 [ForkJoinPool.commonPool-worker-0] INFO  impl.RaftServerImpl (ServerState.java:close(394)) - 5252abaf-ba56-4d8d-9c02-ca32fe118651:group-DAB653AF595E closes. The last applied log index is 9
2019-08-17 05:48:47,773 [5252abaf-ba56-4d8d-9c02-ca32fe118651-SegmentedRaftLogWorker:Storage Directory /workdir/hadoop-ozone/integration-test/target/test-dir/MiniOzoneClusterImpl-3e3228e5-bf69-4ac8-88d9-acb4a77b7cb6/datanode-0/data/ratis/c0c51453-cbc8-4427-9b96-dab653af595e] INFO  segmented.SegmentedRaftLogWorker (SegmentedRaftLogWorker.java:run(313)) - 5252abaf-ba56-4d8d-9c02-ca32fe118651-SegmentedRaftLogWorker:Storage Directory /workdir/hadoop-ozone/integration-test/target/test-dir/MiniOzoneClusterImpl-3e3228e5-bf69-4ac8-88d9-acb4a77b7cb6/datanode-0/data/ratis/c0c51453-cbc8-4427-9b96-dab653af595e was interrupted, exiting. There are 0 tasks remaining in the queue.
2019-08-17 05:48:47,775 [ForkJoinPool.commonPool-worker-0] INFO  segmented.SegmentedRaftLogWorker (SegmentedRaftLogWorker.java:close(228)) - 5252abaf-ba56-4d8d-9c02-ca32fe118651-SegmentedRaftLogWorker:Storage Directory /workdir/hadoop-ozone/integration-test/target/test-dir/MiniOzoneClusterImpl-3e3228e5-bf69-4ac8-88d9-acb4a77b7cb6/datanode-0/data/ratis/c0c51453-cbc8-4427-9b96-dab653af595e close()
2019-08-17 05:48:47,780 [main] INFO  server.GrpcService (GrpcService.java:closeImpl(155)) - 5252abaf-ba56-4d8d-9c02-ca32fe118651: shutdown server with port 35402 now
2019-08-17 05:48:47,791 [main] INFO  server.GrpcService (GrpcService.java:closeImpl(163)) - 5252abaf-ba56-4d8d-9c02-ca32fe118651: shutdown server with port 35402 successfully
2019-08-17 05:48:47,792 [grpc-default-executor-1] WARN  server.GrpcServerProtocolService (LogUtils.java:warn(134)) - 5252abaf-ba56-4d8d-9c02-ca32fe118651: appendEntries onError: org.apache.ratis.thirdparty.io.grpc.StatusRuntimeException: CANCELLED: cancelled before receiving half close
2019-08-17 05:48:47,795 [main] INFO  utils.BackgroundService (BackgroundService.java:shutdown(148)) - Shutting down service BlockDeletingService
2019-08-17 05:48:47,795 [grpc-default-executor-2] WARN  server.GrpcLogAppender (LogUtils.java:warn(134)) - 64e19ece-eecd-4467-beca-e51d2542a2c7->5252abaf-ba56-4d8d-9c02-ca32fe118651: Failed appendEntries: org.apache.ratis.thirdparty.io.grpc.StatusRuntimeException: CANCELLED: HTTP/2 error code: CANCEL
Received Rst Stream
2019-08-17 05:48:47,799 [grpc-default-executor-2] INFO  impl.FollowerInfo (FollowerInfo.java:lambda$new$0(50)) - 64e19ece-eecd-4467-beca-e51d2542a2c7->5252abaf-ba56-4d8d-9c02-ca32fe118651: nextIndex: updateUnconditionally 11 -> 10
2019-08-17 05:48:47,801 [refreshUsed-/workdir/hadoop-ozone/integration-test/target/test-dir/MiniOzoneClusterImpl-3e3228e5-bf69-4ac8-88d9-acb4a77b7cb6/datanode-0/data/containers] WARN  fs.CachingGetSpaceUsed (CachingGetSpaceUsed.java:run(183)) - Thread Interrupted waiting to refresh disk information: sleep interrupted
2019-08-17 05:48:47,825 [main] INFO  statemachine.DatanodeStateMachine (DatanodeStateMachine.java:stopDaemon(395)) - Ozone container server stopped.
2019-08-17 05:48:47,831 [main] INFO  handler.ContextHandler (ContextHandler.java:doStop(910)) - Stopped o.e.j.w.WebAppContext@4dba773d{/,null,UNAVAILABLE}{/hddsDatanode}
2019-08-17 05:48:47,838 [main] INFO  server.AbstractConnector (AbstractConnector.java:doStop(318)) - Stopped ServerConnector@1d9bd4da{HTTP/1.1,[http/1.1]}{0.0.0.0:0}
2019-08-17 05:48:47,839 [main] INFO  handler.ContextHandler (ContextHandler.java:doStop(910)) - Stopped o.e.j.s.ServletContextHandler@6a1d3225{/static,jar:file:/home/user/.m2/repository/org/apache/hadoop/hadoop-hdds-container-service/0.5.0-SNAPSHOT/hadoop-hdds-container-service-0.5.0-SNAPSHOT.jar!/webapps/static,UNAVAILABLE}
2019-08-17 05:48:47,839 [main] INFO  handler.ContextHandler (ContextHandler.java:doStop(910)) - Stopped o.e.j.s.ServletContextHandler@1cc680e{/logs,file:///workdir/hadoop-ozone/integration-test/target/log,UNAVAILABLE}
2019-08-17 05:48:47,842 [main] INFO  datanode.ObjectStoreHandler (ObjectStoreHandler.java:close(155)) - Closing ObjectStoreHandler.
2019-08-17 05:48:47,842 [main] INFO  ozone.HddsDatanodeService (HddsDatanodeService.java:stop(451)) - Stopped plug-in org.apache.hadoop.ozone.web.OzoneHddsDatanodeService@6f85ee02
2019-08-17 05:48:47,858 | INFO  | SCMAudit | user=jenkins1000 | ip=192.168.69.90 | op=SEND_HEARTBEAT {datanodeUUID=2e948dab-f11f-4d49-a0d9-43da26fd8366, command=[]} | ret=SUCCESS |  
2019-08-17 05:48:47,861 | INFO  | SCMAudit | user=jenkins1000 | ip=192.168.69.90 | op=SEND_HEARTBEAT {datanodeUUID=4deb195a-92c6-4af0-9d45-de0ec46a9f82, command=[]} | ret=SUCCESS |  
2019-08-17 05:48:48,001 | INFO  | SCMAudit | user=jenkins1000 | ip=192.168.69.90 | op=SEND_HEARTBEAT {datanodeUUID=7a663d32-f49a-4d8e-8115-f03df1739f95, command=[]} | ret=SUCCESS |  
2019-08-17 05:48:48,599 | INFO  | SCMAudit | user=jenkins1000 | ip=192.168.69.90 | op=SEND_HEARTBEAT {datanodeUUID=64e19ece-eecd-4467-beca-e51d2542a2c7, command=[]} | ret=SUCCESS |  
2019-08-17 05:48:48,605 [Datanode State Machine Thread - 0] INFO  statemachine.DatanodeStateMachine (DatanodeStateMachine.java:lambda$startDaemon$0(350)) - Ozone container server started.
2019-08-17 05:48:48,758 | INFO  | SCMAudit | user=jenkins1000 | ip=192.168.69.90 | op=SEND_HEARTBEAT {datanodeUUID=cbda5fd1-4567-484d-9341-56323921e3f3, command=[]} | ret=SUCCESS |  
2019-08-17 05:48:48,858 | INFO  | SCMAudit | user=jenkins1000 | ip=192.168.69.90 | op=SEND_HEARTBEAT {datanodeUUID=2e948dab-f11f-4d49-a0d9-43da26fd8366, command=[]} | ret=SUCCESS |  
2019-08-17 05:48:48,860 | INFO  | SCMAudit | user=jenkins1000 | ip=192.168.69.90 | op=SEND_HEARTBEAT {datanodeUUID=4deb195a-92c6-4af0-9d45-de0ec46a9f82, command=[]} | ret=SUCCESS |  
2019-08-17 05:48:49,001 | INFO  | SCMAudit | user=jenkins1000 | ip=192.168.69.90 | op=SEND_HEARTBEAT {datanodeUUID=7a663d32-f49a-4d8e-8115-f03df1739f95, command=[]} | ret=SUCCESS |  
2019-08-17 05:48:49,599 | INFO  | SCMAudit | user=jenkins1000 | ip=192.168.69.90 | op=SEND_HEARTBEAT {datanodeUUID=64e19ece-eecd-4467-beca-e51d2542a2c7, command=[]} | ret=SUCCESS |  
2019-08-17 05:48:49,758 | INFO  | SCMAudit | user=jenkins1000 | ip=192.168.69.90 | op=SEND_HEARTBEAT {datanodeUUID=cbda5fd1-4567-484d-9341-56323921e3f3, command=[]} | ret=SUCCESS |  
2019-08-17 05:48:49,858 | INFO  | SCMAudit | user=jenkins1000 | ip=192.168.69.90 | op=SEND_HEARTBEAT {datanodeUUID=2e948dab-f11f-4d49-a0d9-43da26fd8366, command=[]} | ret=SUCCESS |  
2019-08-17 05:48:49,860 | INFO  | SCMAudit | user=jenkins1000 | ip=192.168.69.90 | op=SEND_HEARTBEAT {datanodeUUID=4deb195a-92c6-4af0-9d45-de0ec46a9f82, command=[]} | ret=SUCCESS |  
2019-08-17 05:48:50,001 | INFO  | SCMAudit | user=jenkins1000 | ip=192.168.69.90 | op=SEND_HEARTBEAT {datanodeUUID=7a663d32-f49a-4d8e-8115-f03df1739f95, command=[]} | ret=SUCCESS |  
2019-08-17 05:48:50,071 [grpc-default-executor-1] WARN  server.GrpcLogAppender (LogUtils.java:warn(134)) - 64e19ece-eecd-4467-beca-e51d2542a2c7->5252abaf-ba56-4d8d-9c02-ca32fe118651: Failed appendEntries: org.apache.ratis.thirdparty.io.grpc.StatusRuntimeException: UNAVAILABLE: io exception
2019-08-17 05:48:50,076 [grpc-default-executor-1] INFO  impl.FollowerInfo (FollowerInfo.java:lambda$new$0(50)) - 64e19ece-eecd-4467-beca-e51d2542a2c7->5252abaf-ba56-4d8d-9c02-ca32fe118651: nextIndex: updateUnconditionally 10 -> 9
2019-08-17 05:48:50,599 | INFO  | SCMAudit | user=jenkins1000 | ip=192.168.69.90 | op=SEND_HEARTBEAT {datanodeUUID=64e19ece-eecd-4467-beca-e51d2542a2c7, command=[]} | ret=SUCCESS |  
2019-08-17 05:48:50,698 [EventQueue-StaleNodeForStaleNodeHandler] INFO  node.StaleNodeHandler (StaleNodeHandler.java:onMessage(58)) - Datanode 6e5dc52a-1c5f-4a4f-b396-b3bf3632a67b{ip: 192.168.69.90, host: trunk-nightly-zmbwg-2272455275, networkLocation: /default-rack, certSerialId: null} moved to stale state. Finalizing its pipelines [PipelineID=c0c51453-cbc8-4427-9b96-dab653af595e, PipelineID=a9f3d24b-a27d-43d8-a132-a94865b5af7d]
2019-08-17 05:48:50,698 [EventQueue-StaleNodeForStaleNodeHandler] INFO  pipeline.SCMPipelineManager (SCMPipelineManager.java:finalizeAndDestroyPipeline(309)) - destroying pipeline:Pipeline[ Id: c0c51453-cbc8-4427-9b96-dab653af595e, Nodes: 5252abaf-ba56-4d8d-9c02-ca32fe118651{ip: 192.168.69.90, host: trunk-nightly-zmbwg-2272455275, networkLocation: /default-rack, certSerialId: null}6e5dc52a-1c5f-4a4f-b396-b3bf3632a67b{ip: 192.168.69.90, host: trunk-nightly-zmbwg-2272455275, networkLocation: /default-rack, certSerialId: null}64e19ece-eecd-4467-beca-e51d2542a2c7{ip: 192.168.69.90, host: trunk-nightly-zmbwg-2272455275, networkLocation: /default-rack, certSerialId: null}, Type:RATIS, Factor:THREE, State:CLOSED]
2019-08-17 05:48:50,699 [EventQueue-StaleNodeForStaleNodeHandler] INFO  pipeline.SCMPipelineManager (SCMPipelineManager.java:finalizeAndDestroyPipeline(309)) - destroying pipeline:Pipeline[ Id: a9f3d24b-a27d-43d8-a132-a94865b5af7d, Nodes: 6e5dc52a-1c5f-4a4f-b396-b3bf3632a67b{ip: 192.168.69.90, host: trunk-nightly-zmbwg-2272455275, networkLocation: /default-rack, certSerialId: null}, Type:RATIS, Factor:ONE, State:OPEN]
2019-08-17 05:48:50,699 [EventQueue-StaleNodeForStaleNodeHandler] INFO  pipeline.PipelineStateManager (PipelineStateManager.java:finalizePipeline(123)) - Pipeline Pipeline[ Id: a9f3d24b-a27d-43d8-a132-a94865b5af7d, Nodes: 6e5dc52a-1c5f-4a4f-b396-b3bf3632a67b{ip: 192.168.69.90, host: trunk-nightly-zmbwg-2272455275, networkLocation: /default-rack, certSerialId: null}, Type:RATIS, Factor:ONE, State:CLOSED] moved to CLOSED state
2019-08-17 05:48:50,758 | INFO  | SCMAudit | user=jenkins1000 | ip=192.168.69.90 | op=SEND_HEARTBEAT {datanodeUUID=cbda5fd1-4567-484d-9341-56323921e3f3, command=[]} | ret=SUCCESS |  
2019-08-17 05:48:50,858 | INFO  | SCMAudit | user=jenkins1000 | ip=192.168.69.90 | op=SEND_HEARTBEAT {datanodeUUID=2e948dab-f11f-4d49-a0d9-43da26fd8366, command=[]} | ret=SUCCESS |  
2019-08-17 05:48:50,861 | INFO  | SCMAudit | user=jenkins1000 | ip=192.168.69.90 | op=SEND_HEARTBEAT {datanodeUUID=4deb195a-92c6-4af0-9d45-de0ec46a9f82, command=[]} | ret=SUCCESS |  
2019-08-17 05:48:51,001 | INFO  | SCMAudit | user=jenkins1000 | ip=192.168.69.90 | op=SEND_HEARTBEAT {datanodeUUID=7a663d32-f49a-4d8e-8115-f03df1739f95, command=[]} | ret=SUCCESS |  
2019-08-17 05:48:51,598 | INFO  | SCMAudit | user=jenkins1000 | ip=192.168.69.90 | op=SEND_HEARTBEAT {datanodeUUID=64e19ece-eecd-4467-beca-e51d2542a2c7, command=[]} | ret=SUCCESS |  
2019-08-17 05:48:51,757 | INFO  | SCMAudit | user=jenkins1000 | ip=192.168.69.90 | op=SEND_HEARTBEAT {datanodeUUID=cbda5fd1-4567-484d-9341-56323921e3f3, command=[]} | ret=SUCCESS |  
2019-08-17 05:48:51,857 | INFO  | SCMAudit | user=jenkins1000 | ip=192.168.69.90 | op=SEND_HEARTBEAT {datanodeUUID=2e948dab-f11f-4d49-a0d9-43da26fd8366, command=[]} | ret=SUCCESS |  
2019-08-17 05:48:51,861 | INFO  | SCMAudit | user=jenkins1000 | ip=192.168.69.90 | op=SEND_HEARTBEAT {datanodeUUID=4deb195a-92c6-4af0-9d45-de0ec46a9f82, command=[]} | ret=SUCCESS |  
2019-08-17 05:48:52,001 | INFO  | SCMAudit | user=jenkins1000 | ip=192.168.69.90 | op=SEND_HEARTBEAT {datanodeUUID=7a663d32-f49a-4d8e-8115-f03df1739f95, command=[]} | ret=SUCCESS |  
2019-08-17 05:48:52,566 [grpc-default-executor-3] WARN  server.GrpcLogAppender (LogUtils.java:warn(134)) - 64e19ece-eecd-4467-beca-e51d2542a2c7->5252abaf-ba56-4d8d-9c02-ca32fe118651: Failed appendEntries: org.apache.ratis.thirdparty.io.grpc.StatusRuntimeException: UNAVAILABLE: io exception
2019-08-17 05:48:52,569 [grpc-default-executor-3] INFO  impl.FollowerInfo (FollowerInfo.java:lambda$new$0(50)) - 64e19ece-eecd-4467-beca-e51d2542a2c7->5252abaf-ba56-4d8d-9c02-ca32fe118651: nextIndex: updateUnconditionally 9 -> 8
2019-08-17 05:48:52,599 | INFO  | SCMAudit | user=jenkins1000 | ip=192.168.69.90 | op=SEND_HEARTBEAT {datanodeUUID=64e19ece-eecd-4467-beca-e51d2542a2c7, command=[]} | ret=SUCCESS |  
2019-08-17 05:48:52,757 | INFO  | SCMAudit | user=jenkins1000 | ip=192.168.69.90 | op=SEND_HEARTBEAT {datanodeUUID=cbda5fd1-4567-484d-9341-56323921e3f3, command=[]} | ret=SUCCESS |  
2019-08-17 05:48:52,843 [main] INFO  ozoneimpl.OzoneContainer (OzoneContainer.java:stop(199)) - Attempting to stop container services.
2019-08-17 05:48:52,844 [main] INFO  impl.RaftServerProxy (RaftServerProxy.java:lambda$close$4(314)) - 6e5dc52a-1c5f-4a4f-b396-b3bf3632a67b: close
2019-08-17 05:48:52,845 [main] INFO  impl.RaftServerImpl (RaftServerImpl.java:lambda$shutdown$3(245)) - 6e5dc52a-1c5f-4a4f-b396-b3bf3632a67b: shutdown group-DAB653AF595E
2019-08-17 05:48:52,845 [main] INFO  util.JmxRegister (JmxRegister.java:unregister(73)) - Successfully un-registered JMX Bean with object name Ratis:service=RaftServer,group=group-DAB653AF595E,id=6e5dc52a-1c5f-4a4f-b396-b3bf3632a67b
2019-08-17 05:48:52,846 [main] INFO  impl.RoleInfo (RoleInfo.java:shutdownFollowerState(121)) - 6e5dc52a-1c5f-4a4f-b396-b3bf3632a67b: shutdown FollowerState
2019-08-17 05:48:52,846 [main] INFO  impl.StateMachineUpdater (StateMachineUpdater.java:stopAndJoin(115)) - StateMachineUpdater:6e5dc52a-1c5f-4a4f-b396-b3bf3632a67b:group-DAB653AF595E: set stopIndex = 10
2019-08-17 05:48:52,846 [StateMachineUpdater:6e5dc52a-1c5f-4a4f-b396-b3bf3632a67b:group-DAB653AF595E] INFO  ratis.ContainerStateMachine (ContainerStateMachine.java:takeSnapshot(271)) - group-DAB653AF595E: Taking a snapshot at:(t:2, i:9) file /workdir/hadoop-ozone/integration-test/target/test-dir/MiniOzoneClusterImpl-3e3228e5-bf69-4ac8-88d9-acb4a77b7cb6/datanode-1/data/ratis/c0c51453-cbc8-4427-9b96-dab653af595e/sm/snapshot.2_9
2019-08-17 05:48:52,846 [Thread-389] INFO  impl.FollowerState (FollowerState.java:run(114)) - 6e5dc52a-1c5f-4a4f-b396-b3bf3632a67b: FollowerState was interrupted: java.lang.InterruptedException: sleep interrupted
2019-08-17 05:48:52,857 | INFO  | SCMAudit | user=jenkins1000 | ip=192.168.69.90 | op=SEND_HEARTBEAT {datanodeUUID=2e948dab-f11f-4d49-a0d9-43da26fd8366, command=[]} | ret=SUCCESS |  
2019-08-17 05:48:52,861 | INFO  | SCMAudit | user=jenkins1000 | ip=192.168.69.90 | op=SEND_HEARTBEAT {datanodeUUID=4deb195a-92c6-4af0-9d45-de0ec46a9f82, command=[]} | ret=SUCCESS |  
2019-08-17 05:48:52,862 [StateMachineUpdater:6e5dc52a-1c5f-4a4f-b396-b3bf3632a67b:group-DAB653AF595E] INFO  ratis.ContainerStateMachine (ContainerStateMachine.java:takeSnapshot(282)) - group-DAB653AF595E: Finished taking a snapshot at:(t:2, i:9) file:/workdir/hadoop-ozone/integration-test/target/test-dir/MiniOzoneClusterImpl-3e3228e5-bf69-4ac8-88d9-acb4a77b7cb6/datanode-1/data/ratis/c0c51453-cbc8-4427-9b96-dab653af595e/sm/snapshot.2_9 time:16
2019-08-17 05:48:52,862 [StateMachineUpdater:6e5dc52a-1c5f-4a4f-b396-b3bf3632a67b:group-DAB653AF595E] INFO  impl.StateMachineUpdater (StateMachineUpdater.java:takeSnapshot(242)) - StateMachineUpdater:6e5dc52a-1c5f-4a4f-b396-b3bf3632a67b:group-DAB653AF595E: Took a snapshot at index 9
2019-08-17 05:48:52,862 [StateMachineUpdater:6e5dc52a-1c5f-4a4f-b396-b3bf3632a67b:group-DAB653AF595E] INFO  impl.StateMachineUpdater (StateMachineUpdater.java:lambda$new$0(80)) - StateMachineUpdater:6e5dc52a-1c5f-4a4f-b396-b3bf3632a67b:group-DAB653AF595E: snapshotIndex: updateIncreasingly -1 -> 9
2019-08-17 05:48:52,863 [main] INFO  impl.RaftServerImpl (ServerState.java:close(394)) - 6e5dc52a-1c5f-4a4f-b396-b3bf3632a67b:group-DAB653AF595E closes. The last applied log index is 10
2019-08-17 05:48:52,863 [6e5dc52a-1c5f-4a4f-b396-b3bf3632a67b-SegmentedRaftLogWorker:Storage Directory /workdir/hadoop-ozone/integration-test/target/test-dir/MiniOzoneClusterImpl-3e3228e5-bf69-4ac8-88d9-acb4a77b7cb6/datanode-1/data/ratis/c0c51453-cbc8-4427-9b96-dab653af595e] INFO  segmented.SegmentedRaftLogWorker (SegmentedRaftLogWorker.java:run(313)) - 6e5dc52a-1c5f-4a4f-b396-b3bf3632a67b-SegmentedRaftLogWorker:Storage Directory /workdir/hadoop-ozone/integration-test/target/test-dir/MiniOzoneClusterImpl-3e3228e5-bf69-4ac8-88d9-acb4a77b7cb6/datanode-1/data/ratis/c0c51453-cbc8-4427-9b96-dab653af595e was interrupted, exiting. There are 0 tasks remaining in the queue.
2019-08-17 05:48:52,866 [main] INFO  segmented.SegmentedRaftLogWorker (SegmentedRaftLogWorker.java:close(228)) - 6e5dc52a-1c5f-4a4f-b396-b3bf3632a67b-SegmentedRaftLogWorker:Storage Directory /workdir/hadoop-ozone/integration-test/target/test-dir/MiniOzoneClusterImpl-3e3228e5-bf69-4ac8-88d9-acb4a77b7cb6/datanode-1/data/ratis/c0c51453-cbc8-4427-9b96-dab653af595e close()
2019-08-17 05:48:52,870 [main] INFO  impl.RaftServerImpl (RaftServerImpl.java:lambda$shutdown$3(245)) - 6e5dc52a-1c5f-4a4f-b396-b3bf3632a67b: shutdown group-A94865B5AF7D
2019-08-17 05:48:52,871 [main] INFO  util.JmxRegister (JmxRegister.java:unregister(73)) - Successfully un-registered JMX Bean with object name Ratis:service=RaftServer,group=group-A94865B5AF7D,id=6e5dc52a-1c5f-4a4f-b396-b3bf3632a67b
2019-08-17 05:48:52,871 [main] INFO  impl.RoleInfo (RoleInfo.java:shutdownLeaderState(104)) - 6e5dc52a-1c5f-4a4f-b396-b3bf3632a67b: shutdown LeaderState
2019-08-17 05:48:52,871 [main] INFO  impl.PendingRequests (PendingRequests.java:sendNotLeaderResponses(202)) - 6e5dc52a-1c5f-4a4f-b396-b3bf3632a67b-PendingRequests: sendNotLeaderResponses
2019-08-17 05:48:52,872 [main] INFO  impl.StateMachineUpdater (StateMachineUpdater.java:stopAndJoin(115)) - StateMachineUpdater:6e5dc52a-1c5f-4a4f-b396-b3bf3632a67b:group-A94865B5AF7D: set stopIndex = 0
2019-08-17 05:48:52,872 [main] INFO  impl.RaftServerImpl (ServerState.java:close(394)) - 6e5dc52a-1c5f-4a4f-b396-b3bf3632a67b:group-A94865B5AF7D closes. The last applied log index is 0
2019-08-17 05:48:52,873 [6e5dc52a-1c5f-4a4f-b396-b3bf3632a67b-SegmentedRaftLogWorker:Storage Directory /workdir/hadoop-ozone/integration-test/target/test-dir/MiniOzoneClusterImpl-3e3228e5-bf69-4ac8-88d9-acb4a77b7cb6/datanode-1/data/ratis/a9f3d24b-a27d-43d8-a132-a94865b5af7d] INFO  segmented.SegmentedRaftLogWorker (SegmentedRaftLogWorker.java:run(313)) - 6e5dc52a-1c5f-4a4f-b396-b3bf3632a67b-SegmentedRaftLogWorker:Storage Directory /workdir/hadoop-ozone/integration-test/target/test-dir/MiniOzoneClusterImpl-3e3228e5-bf69-4ac8-88d9-acb4a77b7cb6/datanode-1/data/ratis/a9f3d24b-a27d-43d8-a132-a94865b5af7d was interrupted, exiting. There are 0 tasks remaining in the queue.
2019-08-17 05:48:52,875 [main] INFO  segmented.SegmentedRaftLogWorker (SegmentedRaftLogWorker.java:close(228)) - 6e5dc52a-1c5f-4a4f-b396-b3bf3632a67b-SegmentedRaftLogWorker:Storage Directory /workdir/hadoop-ozone/integration-test/target/test-dir/MiniOzoneClusterImpl-3e3228e5-bf69-4ac8-88d9-acb4a77b7cb6/datanode-1/data/ratis/a9f3d24b-a27d-43d8-a132-a94865b5af7d close()
2019-08-17 05:48:52,879 [main] INFO  server.GrpcService (GrpcService.java:closeImpl(155)) - 6e5dc52a-1c5f-4a4f-b396-b3bf3632a67b: shutdown server with port 41694 now
2019-08-17 05:48:52,886 [grpc-default-executor-2] WARN  server.GrpcServerProtocolService (LogUtils.java:warn(134)) - 6e5dc52a-1c5f-4a4f-b396-b3bf3632a67b: appendEntries onError: org.apache.ratis.thirdparty.io.grpc.StatusRuntimeException: CANCELLED: cancelled before receiving half close
2019-08-17 05:48:52,888 [main] INFO  server.GrpcService (GrpcService.java:closeImpl(163)) - 6e5dc52a-1c5f-4a4f-b396-b3bf3632a67b: shutdown server with port 41694 successfully
2019-08-17 05:48:52,888 [grpc-default-executor-1] WARN  server.GrpcLogAppender (LogUtils.java:warn(134)) - 64e19ece-eecd-4467-beca-e51d2542a2c7->6e5dc52a-1c5f-4a4f-b396-b3bf3632a67b: Failed appendEntries: org.apache.ratis.thirdparty.io.grpc.StatusRuntimeException: CANCELLED: HTTP/2 error code: CANCEL
Received Rst Stream
2019-08-17 05:48:52,892 [grpc-default-executor-1] INFO  impl.FollowerInfo (FollowerInfo.java:lambda$new$0(50)) - 64e19ece-eecd-4467-beca-e51d2542a2c7->6e5dc52a-1c5f-4a4f-b396-b3bf3632a67b: nextIndex: updateUnconditionally 11 -> 10
2019-08-17 05:48:52,893 [main] INFO  utils.BackgroundService (BackgroundService.java:shutdown(148)) - Shutting down service BlockDeletingService
2019-08-17 05:48:52,895 [refreshUsed-/workdir/hadoop-ozone/integration-test/target/test-dir/MiniOzoneClusterImpl-3e3228e5-bf69-4ac8-88d9-acb4a77b7cb6/datanode-1/data/containers] WARN  fs.CachingGetSpaceUsed (CachingGetSpaceUsed.java:run(183)) - Thread Interrupted waiting to refresh disk information: sleep interrupted
2019-08-17 05:48:52,920 [main] INFO  statemachine.DatanodeStateMachine (DatanodeStateMachine.java:stopDaemon(395)) - Ozone container server stopped.
2019-08-17 05:48:52,933 [main] INFO  handler.ContextHandler (ContextHandler.java:doStop(910)) - Stopped o.e.j.w.WebAppContext@256a0d95{/,null,UNAVAILABLE}{/hddsDatanode}
2019-08-17 05:48:52,934 [main] INFO  server.AbstractConnector (AbstractConnector.java:doStop(318)) - Stopped ServerConnector@2f3928ac{HTTP/1.1,[http/1.1]}{0.0.0.0:0}
2019-08-17 05:48:52,935 [main] INFO  handler.ContextHandler (ContextHandler.java:doStop(910)) - Stopped o.e.j.s.ServletContextHandler@40717ed{/static,jar:file:/home/user/.m2/repository/org/apache/hadoop/hadoop-hdds-container-service/0.5.0-SNAPSHOT/hadoop-hdds-container-service-0.5.0-SNAPSHOT.jar!/webapps/static,UNAVAILABLE}
2019-08-17 05:48:52,935 [main] INFO  handler.ContextHandler (ContextHandler.java:doStop(910)) - Stopped o.e.j.s.ServletContextHandler@2abafa97{/logs,file:///workdir/hadoop-ozone/integration-test/target/log,UNAVAILABLE}
]]></system-out>
  </testcase>
</testsuite>