<?xml version="1.0" encoding="UTF-8"?>
<testsuite xmlns:xsi="http://www.w3.org/2001/XMLSchema-instance" xsi:noNamespaceSchemaLocation="https://maven.apache.org/surefire/maven-surefire-plugin/xsd/surefire-test-report.xsd" name="org.apache.hadoop.ozone.freon.TestDataValidateWithDummyContainers" time="89.371" tests="3" errors="2" skipped="0" failures="0">
  <properties>
    <property name="awt.toolkit" value="sun.awt.X11.XToolkit"/>
    <property name="file.encoding.pkg" value="sun.io"/>
    <property name="java.specification.version" value="1.8"/>
    <property name="sun.cpu.isalist" value=""/>
    <property name="sun.jnu.encoding" value="UTF-8"/>
    <property name="java.class.path" value="/workdir/hadoop-ozone/tools/target/test-classes:/workdir/hadoop-ozone/tools/target/classes:/home/user/.m2/repository/org/apache/hadoop/hadoop-ozone-ozone-manager/0.5.0-SNAPSHOT/hadoop-ozone-ozone-manager-0.5.0-SNAPSHOT.jar:/home/user/.m2/repository/org/apache/hadoop/hadoop-hdds-docs/0.5.0-SNAPSHOT/hadoop-hdds-docs-0.5.0-SNAPSHOT.jar:/home/user/.m2/repository/org/bouncycastle/bcprov-jdk15on/1.60/bcprov-jdk15on-1.60.jar:/home/user/.m2/repository/org/apache/hadoop/hadoop-ozone-common/0.5.0-SNAPSHOT/hadoop-ozone-common-0.5.0-SNAPSHOT.jar:/home/user/.m2/repository/org/apache/commons/commons-compress/1.4.1/commons-compress-1.4.1.jar:/home/user/.m2/repository/org/tukaani/xz/1.0/xz-1.0.jar:/home/user/.m2/repository/org/apache/hadoop/hadoop-hdfs-client/3.2.0/hadoop-hdfs-client-3.2.0.jar:/home/user/.m2/repository/com/fasterxml/jackson/core/jackson-annotations/2.9.9/jackson-annotations-2.9.9.jar:/home/user/.m2/repository/org/apache/hadoop/hadoop-hdds-common/0.5.0-SNAPSHOT/hadoop-hdds-common-0.5.0-SNAPSHOT.jar:/home/user/.m2/repository/org/apache/hadoop/hadoop-hdds-config/0.5.0-SNAPSHOT/hadoop-hdds-config-0.5.0-SNAPSHOT.jar:/home/user/.m2/repository/javax/annotation/javax.annotation-api/1.2/javax.annotation-api-1.2.jar:/home/user/.m2/repository/org/apache/ratis/ratis-server/0.4.0/ratis-server-0.4.0.jar:/home/user/.m2/repository/org/apache/ratis/ratis-thirdparty-misc/0.2.0/ratis-thirdparty-misc-0.2.0.jar:/home/user/.m2/repository/org/apache/ratis/ratis-proto/0.4.0/ratis-proto-0.4.0.jar:/home/user/.m2/repository/org/apache/ratis/ratis-common/0.4.0/ratis-common-0.4.0.jar:/home/user/.m2/repository/org/apache/ratis/ratis-client/0.4.0/ratis-client-0.4.0.jar:/home/user/.m2/repository/org/apache/ratis/ratis-metrics/0.4.0/ratis-metrics-0.4.0.jar:/home/user/.m2/repository/com/github/joshelser/dropwizard-metrics-hadoop-metrics2-reporter/0.1.2/dropwizard-metrics-hadoop-metrics2-reporter-0.1.2.jar:/home/user/.m2/repository/io/dropwizard/metrics/metrics-jvm/3.2.5/metrics-jvm-3.2.5.jar:/home/user/.m2/repository/io/dropwizard/metrics/metrics-ganglia/3.2.5/metrics-ganglia-3.2.5.jar:/home/user/.m2/repository/info/ganglia/gmetric4j/gmetric4j/1.0.7/gmetric4j-1.0.7.jar:/home/user/.m2/repository/org/apache/ratis/ratis-netty/0.4.0/ratis-netty-0.4.0.jar:/home/user/.m2/repository/org/apache/ratis/ratis-grpc/0.4.0/ratis-grpc-0.4.0.jar:/home/user/.m2/repository/org/rocksdb/rocksdbjni/6.0.1/rocksdbjni-6.0.1.jar:/home/user/.m2/repository/org/apache/logging/log4j/log4j-api/2.11.0/log4j-api-2.11.0.jar:/home/user/.m2/repository/org/apache/logging/log4j/log4j-core/2.11.0/log4j-core-2.11.0.jar:/home/user/.m2/repository/com/lmax/disruptor/3.4.2/disruptor-3.4.2.jar:/home/user/.m2/repository/org/apache/commons/commons-pool2/2.6.0/commons-pool2-2.6.0.jar:/home/user/.m2/repository/org/bouncycastle/bcpkix-jdk15on/1.60/bcpkix-jdk15on-1.60.jar:/home/user/.m2/repository/commons-validator/commons-validator/1.6/commons-validator-1.6.jar:/home/user/.m2/repository/commons-digester/commons-digester/1.8.1/commons-digester-1.8.1.jar:/home/user/.m2/repository/io/jaegertracing/jaeger-client/0.34.0/jaeger-client-0.34.0.jar:/home/user/.m2/repository/io/jaegertracing/jaeger-thrift/0.34.0/jaeger-thrift-0.34.0.jar:/home/user/.m2/repository/org/apache/thrift/libthrift/0.12.0/libthrift-0.12.0.jar:/home/user/.m2/repository/com/squareup/okhttp3/okhttp/3.9.0/okhttp-3.9.0.jar:/home/user/.m2/repository/com/squareup/okio/okio/1.13.0/okio-1.13.0.jar:/home/user/.m2/repository/io/jaegertracing/jaeger-core/0.34.0/jaeger-core-0.34.0.jar:/home/user/.m2/repository/io/jaegertracing/jaeger-tracerresolver/0.34.0/jaeger-tracerresolver-0.34.0.jar:/home/user/.m2/repository/io/opentracing/contrib/opentracing-tracerresolver/0.1.5/opentracing-tracerresolver-0.1.5.jar:/home/user/.m2/repository/io/opentracing/opentracing-util/0.31.0/opentracing-util-0.31.0.jar:/home/user/.m2/repository/io/opentracing/opentracing-api/0.31.0/opentracing-api-0.31.0.jar:/home/user/.m2/repository/io/opentracing/opentracing-noop/0.31.0/opentracing-noop-0.31.0.jar:/home/user/.m2/repository/org/yaml/snakeyaml/1.16/snakeyaml-1.16.jar:/home/user/.m2/repository/org/apache/hadoop/hadoop-hdds-container-service/0.5.0-SNAPSHOT/hadoop-hdds-container-service-0.5.0-SNAPSHOT.jar:/home/user/.m2/repository/org/apache/hadoop/hadoop-hdds-client/0.5.0-SNAPSHOT/hadoop-hdds-client-0.5.0-SNAPSHOT.jar:/home/user/.m2/repository/org/apache/hadoop/hadoop-hdds-tools/0.5.0-SNAPSHOT/hadoop-hdds-tools-0.5.0-SNAPSHOT.jar:/home/user/.m2/repository/org/xerial/sqlite-jdbc/3.25.2/sqlite-jdbc-3.25.2.jar:/home/user/.m2/repository/org/apache/hadoop/hadoop-hdds-server-scm/0.5.0-SNAPSHOT/hadoop-hdds-server-scm-0.5.0-SNAPSHOT.jar:/home/user/.m2/repository/org/hamcrest/hamcrest-all/1.3/hamcrest-all-1.3.jar:/home/user/.m2/repository/info/picocli/picocli/3.9.6/picocli-3.9.6.jar:/home/user/.m2/repository/com/google/protobuf/protobuf-java/2.5.0/protobuf-java-2.5.0.jar:/home/user/.m2/repository/com/google/guava/guava/11.0.2/guava-11.0.2.jar:/home/user/.m2/repository/org/apache/hadoop/hadoop-ozone-client/0.5.0-SNAPSHOT/hadoop-ozone-client-0.5.0-SNAPSHOT.jar:/workdir/hadoop-ozone/ozonefs/target/classes:/home/user/.m2/repository/org/apache/hadoop/hadoop-hdds-server-framework/0.5.0-SNAPSHOT/hadoop-hdds-server-framework-0.5.0-SNAPSHOT.jar:/home/user/.m2/repository/org/apache/hadoop/hadoop-common/3.2.0/hadoop-common-3.2.0.jar:/home/user/.m2/repository/org/apache/hadoop/hadoop-annotations/3.2.0/hadoop-annotations-3.2.0.jar:/usr/lib/jvm/java-1.8-openjdk/jre/../lib/tools.jar:/home/user/.m2/repository/commons-cli/commons-cli/1.2/commons-cli-1.2.jar:/home/user/.m2/repository/org/apache/commons/commons-math3/3.1.1/commons-math3-3.1.1.jar:/home/user/.m2/repository/org/apache/httpcomponents/httpclient/4.5.2/httpclient-4.5.2.jar:/home/user/.m2/repository/org/apache/httpcomponents/httpcore/4.4.4/httpcore-4.4.4.jar:/home/user/.m2/repository/commons-codec/commons-codec/1.11/commons-codec-1.11.jar:/home/user/.m2/repository/commons-io/commons-io/2.5/commons-io-2.5.jar:/home/user/.m2/repository/commons-net/commons-net/3.6/commons-net-3.6.jar:/home/user/.m2/repository/commons-collections/commons-collections/3.2.2/commons-collections-3.2.2.jar:/home/user/.m2/repository/javax/servlet/javax.servlet-api/3.1.0/javax.servlet-api-3.1.0.jar:/home/user/.m2/repository/org/eclipse/jetty/jetty-server/9.3.25.v20180904/jetty-server-9.3.25.v20180904.jar:/home/user/.m2/repository/org/eclipse/jetty/jetty-http/9.3.25.v20180904/jetty-http-9.3.25.v20180904.jar:/home/user/.m2/repository/org/eclipse/jetty/jetty-io/9.3.25.v20180904/jetty-io-9.3.25.v20180904.jar:/home/user/.m2/repository/org/eclipse/jetty/jetty-util/9.3.25.v20180904/jetty-util-9.3.25.v20180904.jar:/home/user/.m2/repository/org/eclipse/jetty/jetty-servlet/9.3.25.v20180904/jetty-servlet-9.3.25.v20180904.jar:/home/user/.m2/repository/org/eclipse/jetty/jetty-security/9.3.25.v20180904/jetty-security-9.3.25.v20180904.jar:/home/user/.m2/repository/org/eclipse/jetty/jetty-webapp/9.3.25.v20180904/jetty-webapp-9.3.25.v20180904.jar:/home/user/.m2/repository/org/eclipse/jetty/jetty-xml/9.3.25.v20180904/jetty-xml-9.3.25.v20180904.jar:/home/user/.m2/repository/javax/servlet/jsp/jsp-api/2.1/jsp-api-2.1.jar:/home/user/.m2/repository/com/sun/jersey/jersey-core/1.19/jersey-core-1.19.jar:/home/user/.m2/repository/javax/ws/rs/jsr311-api/1.1.1/jsr311-api-1.1.1.jar:/home/user/.m2/repository/com/sun/jersey/jersey-servlet/1.19/jersey-servlet-1.19.jar:/home/user/.m2/repository/com/sun/jersey/jersey-json/1.19/jersey-json-1.19.jar:/home/user/.m2/repository/org/codehaus/jettison/jettison/1.1/jettison-1.1.jar:/home/user/.m2/repository/com/sun/xml/bind/jaxb-impl/2.3.0.1/jaxb-impl-2.3.0.1.jar:/home/user/.m2/repository/org/codehaus/jackson/jackson-core-asl/1.9.13/jackson-core-asl-1.9.13.jar:/home/user/.m2/repository/org/codehaus/jackson/jackson-mapper-asl/1.9.13/jackson-mapper-asl-1.9.13.jar:/home/user/.m2/repository/org/codehaus/jackson/jackson-jaxrs/1.9.13/jackson-jaxrs-1.9.13.jar:/home/user/.m2/repository/org/codehaus/jackson/jackson-xc/1.9.13/jackson-xc-1.9.13.jar:/home/user/.m2/repository/com/sun/jersey/jersey-server/1.19/jersey-server-1.19.jar:/home/user/.m2/repository/commons-logging/commons-logging/1.1.3/commons-logging-1.1.3.jar:/home/user/.m2/repository/log4j/log4j/1.2.17/log4j-1.2.17.jar:/home/user/.m2/repository/commons-beanutils/commons-beanutils/1.9.4/commons-beanutils-1.9.4.jar:/home/user/.m2/repository/org/apache/commons/commons-configuration2/2.1.1/commons-configuration2-2.1.1.jar:/home/user/.m2/repository/org/apache/commons/commons-lang3/3.7/commons-lang3-3.7.jar:/home/user/.m2/repository/org/apache/commons/commons-text/1.4/commons-text-1.4.jar:/home/user/.m2/repository/org/slf4j/slf4j-api/1.7.25/slf4j-api-1.7.25.jar:/home/user/.m2/repository/org/slf4j/slf4j-log4j12/1.7.25/slf4j-log4j12-1.7.25.jar:/home/user/.m2/repository/org/apache/avro/avro/1.7.7/avro-1.7.7.jar:/home/user/.m2/repository/com/thoughtworks/paranamer/paranamer/2.3/paranamer-2.3.jar:/home/user/.m2/repository/org/xerial/snappy/snappy-java/1.0.5/snappy-java-1.0.5.jar:/home/user/.m2/repository/com/google/re2j/re2j/1.1/re2j-1.1.jar:/home/user/.m2/repository/com/google/code/gson/gson/2.2.4/gson-2.2.4.jar:/home/user/.m2/repository/org/apache/hadoop/hadoop-auth/3.2.0/hadoop-auth-3.2.0.jar:/home/user/.m2/repository/com/nimbusds/nimbus-jose-jwt/4.41.1/nimbus-jose-jwt-4.41.1.jar:/home/user/.m2/repository/com/github/stephenc/jcip/jcip-annotations/1.0-1/jcip-annotations-1.0-1.jar:/home/user/.m2/repository/net/minidev/json-smart/2.3/json-smart-2.3.jar:/home/user/.m2/repository/net/minidev/accessors-smart/1.2/accessors-smart-1.2.jar:/home/user/.m2/repository/org/apache/curator/curator-framework/2.12.0/curator-framework-2.12.0.jar:/home/user/.m2/repository/com/jcraft/jsch/0.1.54/jsch-0.1.54.jar:/home/user/.m2/repository/org/apache/curator/curator-client/2.12.0/curator-client-2.12.0.jar:/home/user/.m2/repository/org/apache/curator/curator-recipes/2.12.0/curator-recipes-2.12.0.jar:/home/user/.m2/repository/com/google/code/findbugs/jsr305/3.0.0/jsr305-3.0.0.jar:/home/user/.m2/repository/org/apache/htrace/htrace-core4/4.1.0-incubating/htrace-core4-4.1.0-incubating.jar:/home/user/.m2/repository/org/apache/zookeeper/zookeeper/3.4.13/zookeeper-3.4.13.jar:/home/user/.m2/repository/jline/jline/0.9.94/jline-0.9.94.jar:/home/user/.m2/repository/org/apache/yetus/audience-annotations/0.5.0/audience-annotations-0.5.0.jar:/home/user/.m2/repository/org/apache/kerby/kerb-simplekdc/1.0.1/kerb-simplekdc-1.0.1.jar:/home/user/.m2/repository/org/apache/kerby/kerb-client/1.0.1/kerb-client-1.0.1.jar:/home/user/.m2/repository/org/apache/kerby/kerby-config/1.0.1/kerby-config-1.0.1.jar:/home/user/.m2/repository/org/apache/kerby/kerb-core/1.0.1/kerb-core-1.0.1.jar:/home/user/.m2/repository/org/apache/kerby/kerby-pkix/1.0.1/kerby-pkix-1.0.1.jar:/home/user/.m2/repository/org/apache/kerby/kerby-asn1/1.0.1/kerby-asn1-1.0.1.jar:/home/user/.m2/repository/org/apache/kerby/kerby-util/1.0.1/kerby-util-1.0.1.jar:/home/user/.m2/repository/org/apache/kerby/kerb-common/1.0.1/kerb-common-1.0.1.jar:/home/user/.m2/repository/org/apache/kerby/kerb-crypto/1.0.1/kerb-crypto-1.0.1.jar:/home/user/.m2/repository/org/apache/kerby/kerb-util/1.0.1/kerb-util-1.0.1.jar:/home/user/.m2/repository/org/apache/kerby/token-provider/1.0.1/token-provider-1.0.1.jar:/home/user/.m2/repository/org/apache/kerby/kerb-admin/1.0.1/kerb-admin-1.0.1.jar:/home/user/.m2/repository/org/apache/kerby/kerb-server/1.0.1/kerb-server-1.0.1.jar:/home/user/.m2/repository/org/apache/kerby/kerb-identity/1.0.1/kerb-identity-1.0.1.jar:/home/user/.m2/repository/org/apache/kerby/kerby-xdr/1.0.1/kerby-xdr-1.0.1.jar:/home/user/.m2/repository/com/fasterxml/jackson/core/jackson-databind/2.9.9/jackson-databind-2.9.9.jar:/home/user/.m2/repository/com/fasterxml/jackson/core/jackson-core/2.9.9/jackson-core-2.9.9.jar:/home/user/.m2/repository/org/codehaus/woodstox/stax2-api/3.1.4/stax2-api-3.1.4.jar:/home/user/.m2/repository/com/fasterxml/woodstox/woodstox-core/5.0.3/woodstox-core-5.0.3.jar:/home/user/.m2/repository/dnsjava/dnsjava/2.1.7/dnsjava-2.1.7.jar:/home/user/.m2/repository/org/apache/hadoop/hadoop-hdfs/3.2.0/hadoop-hdfs-3.2.0.jar:/home/user/.m2/repository/org/eclipse/jetty/jetty-util-ajax/9.3.25.v20180904/jetty-util-ajax-9.3.25.v20180904.jar:/home/user/.m2/repository/commons-daemon/commons-daemon/1.0.13/commons-daemon-1.0.13.jar:/home/user/.m2/repository/io/netty/netty/3.10.5.Final/netty-3.10.5.Final.jar:/home/user/.m2/repository/io/netty/netty-all/4.0.52.Final/netty-all-4.0.52.Final.jar:/home/user/.m2/repository/org/fusesource/leveldbjni/leveldbjni-all/1.8/leveldbjni-all-1.8.jar:/home/user/.m2/repository/com/sun/xml/bind/jaxb-core/2.3.0.1/jaxb-core-2.3.0.1.jar:/home/user/.m2/repository/javax/xml/bind/jaxb-api/2.3.0/jaxb-api-2.3.0.jar:/home/user/.m2/repository/javax/activation/activation/1.1.1/activation-1.1.1.jar:/home/user/.m2/repository/io/dropwizard/metrics/metrics-core/3.2.4/metrics-core-3.2.4.jar:/home/user/.m2/repository/org/openjdk/jmh/jmh-core/1.19/jmh-core-1.19.jar:/home/user/.m2/repository/net/sf/jopt-simple/jopt-simple/4.6/jopt-simple-4.6.jar:/home/user/.m2/repository/org/openjdk/jmh/jmh-generator-annprocess/1.19/jmh-generator-annprocess-1.19.jar:/home/user/.m2/repository/com/amazonaws/aws-java-sdk-s3/1.11.615/aws-java-sdk-s3-1.11.615.jar:/home/user/.m2/repository/com/amazonaws/aws-java-sdk-kms/1.11.615/aws-java-sdk-kms-1.11.615.jar:/home/user/.m2/repository/com/amazonaws/aws-java-sdk-core/1.11.615/aws-java-sdk-core-1.11.615.jar:/home/user/.m2/repository/software/amazon/ion/ion-java/1.0.2/ion-java-1.0.2.jar:/home/user/.m2/repository/com/fasterxml/jackson/dataformat/jackson-dataformat-cbor/2.9.9/jackson-dataformat-cbor-2.9.9.jar:/home/user/.m2/repository/joda-time/joda-time/2.9.9/joda-time-2.9.9.jar:/home/user/.m2/repository/com/amazonaws/jmespath-java/1.11.615/jmespath-java-1.11.615.jar:/home/user/.m2/repository/com/google/code/findbugs/findbugs/3.0.1/findbugs-3.0.1.jar:/home/user/.m2/repository/net/jcip/jcip-annotations/1.0/jcip-annotations-1.0.jar:/home/user/.m2/repository/com/google/code/findbugs/bcel-findbugs/6.0/bcel-findbugs-6.0.jar:/home/user/.m2/repository/com/google/code/findbugs/jFormatString/2.0.1/jFormatString-2.0.1.jar:/home/user/.m2/repository/dom4j/dom4j/1.6.1/dom4j-1.6.1.jar:/home/user/.m2/repository/xml-apis/xml-apis/1.0.b2/xml-apis-1.0.b2.jar:/home/user/.m2/repository/org/ow2/asm/asm-debug-all/5.0.2/asm-debug-all-5.0.2.jar:/home/user/.m2/repository/org/ow2/asm/asm-commons/5.0.2/asm-commons-5.0.2.jar:/home/user/.m2/repository/org/ow2/asm/asm-tree/5.0.2/asm-tree-5.0.2.jar:/home/user/.m2/repository/org/ow2/asm/asm/5.0.4/asm-5.0.4.jar:/home/user/.m2/repository/commons-lang/commons-lang/2.6/commons-lang-2.6.jar:/home/user/.m2/repository/com/apple/AppleJavaExtensions/1.4/AppleJavaExtensions-1.4.jar:/home/user/.m2/repository/jaxen/jaxen/1.1.6/jaxen-1.1.6.jar:/home/user/.m2/repository/junit/junit/4.11/junit-4.11.jar:/home/user/.m2/repository/org/hamcrest/hamcrest-core/1.3/hamcrest-core-1.3.jar:/home/user/.m2/repository/org/apache/hadoop/hadoop-common/3.2.0/hadoop-common-3.2.0-tests.jar:/workdir/hadoop-ozone/integration-test/target/test-classes:/home/user/.m2/repository/org/apache/hadoop/hadoop-ozone-s3gateway/0.5.0-SNAPSHOT/hadoop-ozone-s3gateway-0.5.0-SNAPSHOT.jar:/home/user/.m2/repository/org/jboss/weld/servlet/weld-servlet/2.4.7.Final/weld-servlet-2.4.7.Final.jar:/home/user/.m2/repository/org/glassfish/jersey/containers/jersey-container-servlet-core/2.27/jersey-container-servlet-core-2.27.jar:/home/user/.m2/repository/org/glassfish/hk2/external/javax.inject/2.5.0-b42/javax.inject-2.5.0-b42.jar:/home/user/.m2/repository/org/glassfish/jersey/core/jersey-common/2.27/jersey-common-2.27.jar:/home/user/.m2/repository/org/glassfish/hk2/osgi-resource-locator/1.0.1/osgi-resource-locator-1.0.1.jar:/home/user/.m2/repository/javax/ws/rs/javax.ws.rs-api/2.1/javax.ws.rs-api-2.1.jar:/home/user/.m2/repository/org/glassfish/jersey/ext/cdi/jersey-cdi1x/2.27/jersey-cdi1x-2.27.jar:/home/user/.m2/repository/org/glassfish/jersey/inject/jersey-hk2/2.27/jersey-hk2-2.27.jar:/home/user/.m2/repository/org/glassfish/hk2/hk2-locator/2.5.0-b42/hk2-locator-2.5.0-b42.jar:/home/user/.m2/repository/org/javassist/javassist/3.22.0-CR2/javassist-3.22.0-CR2.jar:/home/user/.m2/repository/org/glassfish/hk2/hk2-api/2.5.0/hk2-api-2.5.0.jar:/home/user/.m2/repository/org/glassfish/hk2/external/jakarta.inject/2.5.0/jakarta.inject-2.5.0.jar:/home/user/.m2/repository/org/glassfish/hk2/hk2-utils/2.5.0/hk2-utils-2.5.0.jar:/home/user/.m2/repository/jakarta/annotation/jakarta.annotation-api/1.3.4/jakarta.annotation-api-1.3.4.jar:/home/user/.m2/repository/org/glassfish/hk2/external/aopalliance-repackaged/2.5.0/aopalliance-repackaged-2.5.0.jar:/home/user/.m2/repository/com/fasterxml/jackson/dataformat/jackson-dataformat-xml/2.9.0/jackson-dataformat-xml-2.9.0.jar:/home/user/.m2/repository/com/fasterxml/jackson/module/jackson-module-jaxb-annotations/2.9.9/jackson-module-jaxb-annotations-2.9.9.jar:/home/user/.m2/repository/javax/enterprise/cdi-api/1.2/cdi-api-1.2.jar:/home/user/.m2/repository/javax/el/javax.el-api/3.0.0/javax.el-api-3.0.0.jar:/home/user/.m2/repository/javax/interceptor/javax.interceptor-api/1.2/javax.interceptor-api-1.2.jar:/home/user/.m2/repository/javax/inject/javax.inject/1/javax.inject-1.jar:/home/user/.m2/repository/org/apache/hadoop/hadoop-ozone-csi/0.5.0-SNAPSHOT/hadoop-ozone-csi-0.5.0-SNAPSHOT.jar:/home/user/.m2/repository/com/google/protobuf/protobuf-java-util/3.5.1/protobuf-java-util-3.5.1.jar:/home/user/.m2/repository/io/grpc/grpc-netty/1.17.1/grpc-netty-1.17.1.jar:/home/user/.m2/repository/io/grpc/grpc-core/1.17.1/grpc-core-1.17.1.jar:/home/user/.m2/repository/io/grpc/grpc-context/1.17.1/grpc-context-1.17.1.jar:/home/user/.m2/repository/com/google/errorprone/error_prone_annotations/2.2.0/error_prone_annotations-2.2.0.jar:/home/user/.m2/repository/org/codehaus/mojo/animal-sniffer-annotations/1.17/animal-sniffer-annotations-1.17.jar:/home/user/.m2/repository/io/opencensus/opencensus-api/0.17.0/opencensus-api-0.17.0.jar:/home/user/.m2/repository/io/opencensus/opencensus-contrib-grpc-metrics/0.17.0/opencensus-contrib-grpc-metrics-0.17.0.jar:/home/user/.m2/repository/io/netty/netty-codec-http2/4.1.30.Final/netty-codec-http2-4.1.30.Final.jar:/home/user/.m2/repository/io/netty/netty-codec-http/4.1.30.Final/netty-codec-http-4.1.30.Final.jar:/home/user/.m2/repository/io/netty/netty-codec/4.1.30.Final/netty-codec-4.1.30.Final.jar:/home/user/.m2/repository/io/netty/netty-handler/4.1.30.Final/netty-handler-4.1.30.Final.jar:/home/user/.m2/repository/io/netty/netty-handler-proxy/4.1.30.Final/netty-handler-proxy-4.1.30.Final.jar:/home/user/.m2/repository/io/netty/netty-codec-socks/4.1.30.Final/netty-codec-socks-4.1.30.Final.jar:/home/user/.m2/repository/io/netty/netty-transport-native-epoll/4.1.30.Final/netty-transport-native-epoll-4.1.30.Final.jar:/home/user/.m2/repository/io/netty/netty-common/4.1.30.Final/netty-common-4.1.30.Final.jar:/home/user/.m2/repository/io/netty/netty-buffer/4.1.30.Final/netty-buffer-4.1.30.Final.jar:/home/user/.m2/repository/io/netty/netty-transport/4.1.30.Final/netty-transport-4.1.30.Final.jar:/home/user/.m2/repository/io/netty/netty-resolver/4.1.30.Final/netty-resolver-4.1.30.Final.jar:/home/user/.m2/repository/io/netty/netty-transport-native-unix-common/4.1.30.Final/netty-transport-native-unix-common-4.1.30.Final.jar:/home/user/.m2/repository/io/grpc/grpc-protobuf/1.17.1/grpc-protobuf-1.17.1.jar:/home/user/.m2/repository/com/google/api/grpc/proto-google-common-protos/1.0.0/proto-google-common-protos-1.0.0.jar:/home/user/.m2/repository/io/grpc/grpc-protobuf-lite/1.17.1/grpc-protobuf-lite-1.17.1.jar:/home/user/.m2/repository/io/grpc/grpc-stub/1.17.1/grpc-stub-1.17.1.jar:/home/user/.m2/repository/org/apache/hadoop/hadoop-ozone-recon/0.5.0-SNAPSHOT/hadoop-ozone-recon-0.5.0-SNAPSHOT.jar:/home/user/.m2/repository/org/apache/hadoop/hadoop-ozone-reconcodegen/0.5.0-SNAPSHOT/hadoop-ozone-reconcodegen-0.5.0-SNAPSHOT.jar:/home/user/.m2/repository/com/google/inject/extensions/guice-multibindings/4.0/guice-multibindings-4.0.jar:/home/user/.m2/repository/com/google/inject/guice/4.0/guice-4.0.jar:/home/user/.m2/repository/aopalliance/aopalliance/1.0/aopalliance-1.0.jar:/home/user/.m2/repository/com/google/inject/extensions/guice-servlet/4.0/guice-servlet-4.0.jar:/home/user/.m2/repository/org/glassfish/jersey/containers/jersey-container-servlet/2.27/jersey-container-servlet-2.27.jar:/home/user/.m2/repository/org/glassfish/hk2/guice-bridge/2.5.0/guice-bridge-2.5.0.jar:/home/user/.m2/repository/org/glassfish/jersey/core/jersey-server/2.27/jersey-server-2.27.jar:/home/user/.m2/repository/org/glassfish/jersey/core/jersey-client/2.27/jersey-client-2.27.jar:/home/user/.m2/repository/org/glassfish/jersey/media/jersey-media-jaxb/2.27/jersey-media-jaxb-2.27.jar:/home/user/.m2/repository/javax/validation/validation-api/1.1.0.Final/validation-api-1.1.0.Final.jar:/home/user/.m2/repository/org/glassfish/jersey/media/jersey-media-json-jackson/2.27/jersey-media-json-jackson-2.27.jar:/home/user/.m2/repository/org/glassfish/jersey/ext/jersey-entity-filtering/2.27/jersey-entity-filtering-2.27.jar:/home/user/.m2/repository/com/google/inject/extensions/guice-assistedinject/4.0/guice-assistedinject-4.0.jar:/home/user/.m2/repository/org/jooq/jooq/3.11.10/jooq-3.11.10.jar:/home/user/.m2/repository/org/jooq/jooq-meta/3.11.10/jooq-meta-3.11.10.jar:/home/user/.m2/repository/org/jooq/jooq-codegen/3.11.10/jooq-codegen-3.11.10.jar:/home/user/.m2/repository/com/jolbox/bonecp/0.8.0.RELEASE/bonecp-0.8.0.RELEASE.jar:/home/user/.m2/repository/org/springframework/spring-jdbc/5.1.3.RELEASE/spring-jdbc-5.1.3.RELEASE.jar:/home/user/.m2/repository/org/springframework/spring-beans/5.1.3.RELEASE/spring-beans-5.1.3.RELEASE.jar:/home/user/.m2/repository/org/springframework/spring-core/5.1.3.RELEASE/spring-core-5.1.3.RELEASE.jar:/home/user/.m2/repository/org/springframework/spring-jcl/5.1.3.RELEASE/spring-jcl-5.1.3.RELEASE.jar:/home/user/.m2/repository/org/springframework/spring-tx/5.1.3.RELEASE/spring-tx-5.1.3.RELEASE.jar:/home/user/.m2/repository/org/mockito/mockito-core/2.15.0/mockito-core-2.15.0.jar:/home/user/.m2/repository/net/bytebuddy/byte-buddy/1.7.9/byte-buddy-1.7.9.jar:/home/user/.m2/repository/net/bytebuddy/byte-buddy-agent/1.7.9/byte-buddy-agent-1.7.9.jar:/home/user/.m2/repository/org/objenesis/objenesis/1.0/objenesis-1.0.jar:"/>
    <property name="java.vm.vendor" value="IcedTea"/>
    <property name="sun.arch.data.model" value="64"/>
    <property name="test.build.dir" value="/workdir/hadoop-ozone/tools/target/test-dir"/>
    <property name="test.cache.data" value=""/>
    <property name="java.vendor.url" value="https://icedtea.classpath.org"/>
    <property name="user.timezone" value=""/>
    <property name="java.vm.specification.version" value="1.8"/>
    <property name="os.name" value="Linux"/>
    <property name="test.build.data" value="/workdir/hadoop-ozone/tools/target/test-dir"/>
    <property name="user.country" value="US"/>
    <property name="sun.java.launcher" value="SUN_STANDARD"/>
    <property name="sun.boot.library.path" value="/usr/lib/jvm/java-1.8-openjdk/jre/lib/amd64"/>
    <property name="sun.java.command" value="/workdir/hadoop-ozone/tools/target/surefire/surefirebooter6429674094619126020.jar /workdir/hadoop-ozone/tools/target/surefire 2019-09-25T04-13-15_280-jvmRun1 surefire8499063689909254849tmp surefire_1145865310004228750168tmp"/>
    <property name="test" value="!TestMiniChaosOzoneCluster"/>
    <property name="surefire.test.class.path" value="/workdir/hadoop-ozone/tools/target/test-classes:/workdir/hadoop-ozone/tools/target/classes:/home/user/.m2/repository/org/apache/hadoop/hadoop-ozone-ozone-manager/0.5.0-SNAPSHOT/hadoop-ozone-ozone-manager-0.5.0-SNAPSHOT.jar:/home/user/.m2/repository/org/apache/hadoop/hadoop-hdds-docs/0.5.0-SNAPSHOT/hadoop-hdds-docs-0.5.0-SNAPSHOT.jar:/home/user/.m2/repository/org/bouncycastle/bcprov-jdk15on/1.60/bcprov-jdk15on-1.60.jar:/home/user/.m2/repository/org/apache/hadoop/hadoop-ozone-common/0.5.0-SNAPSHOT/hadoop-ozone-common-0.5.0-SNAPSHOT.jar:/home/user/.m2/repository/org/apache/commons/commons-compress/1.4.1/commons-compress-1.4.1.jar:/home/user/.m2/repository/org/tukaani/xz/1.0/xz-1.0.jar:/home/user/.m2/repository/org/apache/hadoop/hadoop-hdfs-client/3.2.0/hadoop-hdfs-client-3.2.0.jar:/home/user/.m2/repository/com/fasterxml/jackson/core/jackson-annotations/2.9.9/jackson-annotations-2.9.9.jar:/home/user/.m2/repository/org/apache/hadoop/hadoop-hdds-common/0.5.0-SNAPSHOT/hadoop-hdds-common-0.5.0-SNAPSHOT.jar:/home/user/.m2/repository/org/apache/hadoop/hadoop-hdds-config/0.5.0-SNAPSHOT/hadoop-hdds-config-0.5.0-SNAPSHOT.jar:/home/user/.m2/repository/javax/annotation/javax.annotation-api/1.2/javax.annotation-api-1.2.jar:/home/user/.m2/repository/org/apache/ratis/ratis-server/0.4.0/ratis-server-0.4.0.jar:/home/user/.m2/repository/org/apache/ratis/ratis-thirdparty-misc/0.2.0/ratis-thirdparty-misc-0.2.0.jar:/home/user/.m2/repository/org/apache/ratis/ratis-proto/0.4.0/ratis-proto-0.4.0.jar:/home/user/.m2/repository/org/apache/ratis/ratis-common/0.4.0/ratis-common-0.4.0.jar:/home/user/.m2/repository/org/apache/ratis/ratis-client/0.4.0/ratis-client-0.4.0.jar:/home/user/.m2/repository/org/apache/ratis/ratis-metrics/0.4.0/ratis-metrics-0.4.0.jar:/home/user/.m2/repository/com/github/joshelser/dropwizard-metrics-hadoop-metrics2-reporter/0.1.2/dropwizard-metrics-hadoop-metrics2-reporter-0.1.2.jar:/home/user/.m2/repository/io/dropwizard/metrics/metrics-jvm/3.2.5/metrics-jvm-3.2.5.jar:/home/user/.m2/repository/io/dropwizard/metrics/metrics-ganglia/3.2.5/metrics-ganglia-3.2.5.jar:/home/user/.m2/repository/info/ganglia/gmetric4j/gmetric4j/1.0.7/gmetric4j-1.0.7.jar:/home/user/.m2/repository/org/apache/ratis/ratis-netty/0.4.0/ratis-netty-0.4.0.jar:/home/user/.m2/repository/org/apache/ratis/ratis-grpc/0.4.0/ratis-grpc-0.4.0.jar:/home/user/.m2/repository/org/rocksdb/rocksdbjni/6.0.1/rocksdbjni-6.0.1.jar:/home/user/.m2/repository/org/apache/logging/log4j/log4j-api/2.11.0/log4j-api-2.11.0.jar:/home/user/.m2/repository/org/apache/logging/log4j/log4j-core/2.11.0/log4j-core-2.11.0.jar:/home/user/.m2/repository/com/lmax/disruptor/3.4.2/disruptor-3.4.2.jar:/home/user/.m2/repository/org/apache/commons/commons-pool2/2.6.0/commons-pool2-2.6.0.jar:/home/user/.m2/repository/org/bouncycastle/bcpkix-jdk15on/1.60/bcpkix-jdk15on-1.60.jar:/home/user/.m2/repository/commons-validator/commons-validator/1.6/commons-validator-1.6.jar:/home/user/.m2/repository/commons-digester/commons-digester/1.8.1/commons-digester-1.8.1.jar:/home/user/.m2/repository/io/jaegertracing/jaeger-client/0.34.0/jaeger-client-0.34.0.jar:/home/user/.m2/repository/io/jaegertracing/jaeger-thrift/0.34.0/jaeger-thrift-0.34.0.jar:/home/user/.m2/repository/org/apache/thrift/libthrift/0.12.0/libthrift-0.12.0.jar:/home/user/.m2/repository/com/squareup/okhttp3/okhttp/3.9.0/okhttp-3.9.0.jar:/home/user/.m2/repository/com/squareup/okio/okio/1.13.0/okio-1.13.0.jar:/home/user/.m2/repository/io/jaegertracing/jaeger-core/0.34.0/jaeger-core-0.34.0.jar:/home/user/.m2/repository/io/jaegertracing/jaeger-tracerresolver/0.34.0/jaeger-tracerresolver-0.34.0.jar:/home/user/.m2/repository/io/opentracing/contrib/opentracing-tracerresolver/0.1.5/opentracing-tracerresolver-0.1.5.jar:/home/user/.m2/repository/io/opentracing/opentracing-util/0.31.0/opentracing-util-0.31.0.jar:/home/user/.m2/repository/io/opentracing/opentracing-api/0.31.0/opentracing-api-0.31.0.jar:/home/user/.m2/repository/io/opentracing/opentracing-noop/0.31.0/opentracing-noop-0.31.0.jar:/home/user/.m2/repository/org/yaml/snakeyaml/1.16/snakeyaml-1.16.jar:/home/user/.m2/repository/org/apache/hadoop/hadoop-hdds-container-service/0.5.0-SNAPSHOT/hadoop-hdds-container-service-0.5.0-SNAPSHOT.jar:/home/user/.m2/repository/org/apache/hadoop/hadoop-hdds-client/0.5.0-SNAPSHOT/hadoop-hdds-client-0.5.0-SNAPSHOT.jar:/home/user/.m2/repository/org/apache/hadoop/hadoop-hdds-tools/0.5.0-SNAPSHOT/hadoop-hdds-tools-0.5.0-SNAPSHOT.jar:/home/user/.m2/repository/org/xerial/sqlite-jdbc/3.25.2/sqlite-jdbc-3.25.2.jar:/home/user/.m2/repository/org/apache/hadoop/hadoop-hdds-server-scm/0.5.0-SNAPSHOT/hadoop-hdds-server-scm-0.5.0-SNAPSHOT.jar:/home/user/.m2/repository/org/hamcrest/hamcrest-all/1.3/hamcrest-all-1.3.jar:/home/user/.m2/repository/info/picocli/picocli/3.9.6/picocli-3.9.6.jar:/home/user/.m2/repository/com/google/protobuf/protobuf-java/2.5.0/protobuf-java-2.5.0.jar:/home/user/.m2/repository/com/google/guava/guava/11.0.2/guava-11.0.2.jar:/home/user/.m2/repository/org/apache/hadoop/hadoop-ozone-client/0.5.0-SNAPSHOT/hadoop-ozone-client-0.5.0-SNAPSHOT.jar:/workdir/hadoop-ozone/ozonefs/target/classes:/home/user/.m2/repository/org/apache/hadoop/hadoop-hdds-server-framework/0.5.0-SNAPSHOT/hadoop-hdds-server-framework-0.5.0-SNAPSHOT.jar:/home/user/.m2/repository/org/apache/hadoop/hadoop-common/3.2.0/hadoop-common-3.2.0.jar:/home/user/.m2/repository/org/apache/hadoop/hadoop-annotations/3.2.0/hadoop-annotations-3.2.0.jar:/usr/lib/jvm/java-1.8-openjdk/jre/../lib/tools.jar:/home/user/.m2/repository/commons-cli/commons-cli/1.2/commons-cli-1.2.jar:/home/user/.m2/repository/org/apache/commons/commons-math3/3.1.1/commons-math3-3.1.1.jar:/home/user/.m2/repository/org/apache/httpcomponents/httpclient/4.5.2/httpclient-4.5.2.jar:/home/user/.m2/repository/org/apache/httpcomponents/httpcore/4.4.4/httpcore-4.4.4.jar:/home/user/.m2/repository/commons-codec/commons-codec/1.11/commons-codec-1.11.jar:/home/user/.m2/repository/commons-io/commons-io/2.5/commons-io-2.5.jar:/home/user/.m2/repository/commons-net/commons-net/3.6/commons-net-3.6.jar:/home/user/.m2/repository/commons-collections/commons-collections/3.2.2/commons-collections-3.2.2.jar:/home/user/.m2/repository/javax/servlet/javax.servlet-api/3.1.0/javax.servlet-api-3.1.0.jar:/home/user/.m2/repository/org/eclipse/jetty/jetty-server/9.3.25.v20180904/jetty-server-9.3.25.v20180904.jar:/home/user/.m2/repository/org/eclipse/jetty/jetty-http/9.3.25.v20180904/jetty-http-9.3.25.v20180904.jar:/home/user/.m2/repository/org/eclipse/jetty/jetty-io/9.3.25.v20180904/jetty-io-9.3.25.v20180904.jar:/home/user/.m2/repository/org/eclipse/jetty/jetty-util/9.3.25.v20180904/jetty-util-9.3.25.v20180904.jar:/home/user/.m2/repository/org/eclipse/jetty/jetty-servlet/9.3.25.v20180904/jetty-servlet-9.3.25.v20180904.jar:/home/user/.m2/repository/org/eclipse/jetty/jetty-security/9.3.25.v20180904/jetty-security-9.3.25.v20180904.jar:/home/user/.m2/repository/org/eclipse/jetty/jetty-webapp/9.3.25.v20180904/jetty-webapp-9.3.25.v20180904.jar:/home/user/.m2/repository/org/eclipse/jetty/jetty-xml/9.3.25.v20180904/jetty-xml-9.3.25.v20180904.jar:/home/user/.m2/repository/javax/servlet/jsp/jsp-api/2.1/jsp-api-2.1.jar:/home/user/.m2/repository/com/sun/jersey/jersey-core/1.19/jersey-core-1.19.jar:/home/user/.m2/repository/javax/ws/rs/jsr311-api/1.1.1/jsr311-api-1.1.1.jar:/home/user/.m2/repository/com/sun/jersey/jersey-servlet/1.19/jersey-servlet-1.19.jar:/home/user/.m2/repository/com/sun/jersey/jersey-json/1.19/jersey-json-1.19.jar:/home/user/.m2/repository/org/codehaus/jettison/jettison/1.1/jettison-1.1.jar:/home/user/.m2/repository/com/sun/xml/bind/jaxb-impl/2.3.0.1/jaxb-impl-2.3.0.1.jar:/home/user/.m2/repository/org/codehaus/jackson/jackson-core-asl/1.9.13/jackson-core-asl-1.9.13.jar:/home/user/.m2/repository/org/codehaus/jackson/jackson-mapper-asl/1.9.13/jackson-mapper-asl-1.9.13.jar:/home/user/.m2/repository/org/codehaus/jackson/jackson-jaxrs/1.9.13/jackson-jaxrs-1.9.13.jar:/home/user/.m2/repository/org/codehaus/jackson/jackson-xc/1.9.13/jackson-xc-1.9.13.jar:/home/user/.m2/repository/com/sun/jersey/jersey-server/1.19/jersey-server-1.19.jar:/home/user/.m2/repository/commons-logging/commons-logging/1.1.3/commons-logging-1.1.3.jar:/home/user/.m2/repository/log4j/log4j/1.2.17/log4j-1.2.17.jar:/home/user/.m2/repository/commons-beanutils/commons-beanutils/1.9.4/commons-beanutils-1.9.4.jar:/home/user/.m2/repository/org/apache/commons/commons-configuration2/2.1.1/commons-configuration2-2.1.1.jar:/home/user/.m2/repository/org/apache/commons/commons-lang3/3.7/commons-lang3-3.7.jar:/home/user/.m2/repository/org/apache/commons/commons-text/1.4/commons-text-1.4.jar:/home/user/.m2/repository/org/slf4j/slf4j-api/1.7.25/slf4j-api-1.7.25.jar:/home/user/.m2/repository/org/slf4j/slf4j-log4j12/1.7.25/slf4j-log4j12-1.7.25.jar:/home/user/.m2/repository/org/apache/avro/avro/1.7.7/avro-1.7.7.jar:/home/user/.m2/repository/com/thoughtworks/paranamer/paranamer/2.3/paranamer-2.3.jar:/home/user/.m2/repository/org/xerial/snappy/snappy-java/1.0.5/snappy-java-1.0.5.jar:/home/user/.m2/repository/com/google/re2j/re2j/1.1/re2j-1.1.jar:/home/user/.m2/repository/com/google/code/gson/gson/2.2.4/gson-2.2.4.jar:/home/user/.m2/repository/org/apache/hadoop/hadoop-auth/3.2.0/hadoop-auth-3.2.0.jar:/home/user/.m2/repository/com/nimbusds/nimbus-jose-jwt/4.41.1/nimbus-jose-jwt-4.41.1.jar:/home/user/.m2/repository/com/github/stephenc/jcip/jcip-annotations/1.0-1/jcip-annotations-1.0-1.jar:/home/user/.m2/repository/net/minidev/json-smart/2.3/json-smart-2.3.jar:/home/user/.m2/repository/net/minidev/accessors-smart/1.2/accessors-smart-1.2.jar:/home/user/.m2/repository/org/apache/curator/curator-framework/2.12.0/curator-framework-2.12.0.jar:/home/user/.m2/repository/com/jcraft/jsch/0.1.54/jsch-0.1.54.jar:/home/user/.m2/repository/org/apache/curator/curator-client/2.12.0/curator-client-2.12.0.jar:/home/user/.m2/repository/org/apache/curator/curator-recipes/2.12.0/curator-recipes-2.12.0.jar:/home/user/.m2/repository/com/google/code/findbugs/jsr305/3.0.0/jsr305-3.0.0.jar:/home/user/.m2/repository/org/apache/htrace/htrace-core4/4.1.0-incubating/htrace-core4-4.1.0-incubating.jar:/home/user/.m2/repository/org/apache/zookeeper/zookeeper/3.4.13/zookeeper-3.4.13.jar:/home/user/.m2/repository/jline/jline/0.9.94/jline-0.9.94.jar:/home/user/.m2/repository/org/apache/yetus/audience-annotations/0.5.0/audience-annotations-0.5.0.jar:/home/user/.m2/repository/org/apache/kerby/kerb-simplekdc/1.0.1/kerb-simplekdc-1.0.1.jar:/home/user/.m2/repository/org/apache/kerby/kerb-client/1.0.1/kerb-client-1.0.1.jar:/home/user/.m2/repository/org/apache/kerby/kerby-config/1.0.1/kerby-config-1.0.1.jar:/home/user/.m2/repository/org/apache/kerby/kerb-core/1.0.1/kerb-core-1.0.1.jar:/home/user/.m2/repository/org/apache/kerby/kerby-pkix/1.0.1/kerby-pkix-1.0.1.jar:/home/user/.m2/repository/org/apache/kerby/kerby-asn1/1.0.1/kerby-asn1-1.0.1.jar:/home/user/.m2/repository/org/apache/kerby/kerby-util/1.0.1/kerby-util-1.0.1.jar:/home/user/.m2/repository/org/apache/kerby/kerb-common/1.0.1/kerb-common-1.0.1.jar:/home/user/.m2/repository/org/apache/kerby/kerb-crypto/1.0.1/kerb-crypto-1.0.1.jar:/home/user/.m2/repository/org/apache/kerby/kerb-util/1.0.1/kerb-util-1.0.1.jar:/home/user/.m2/repository/org/apache/kerby/token-provider/1.0.1/token-provider-1.0.1.jar:/home/user/.m2/repository/org/apache/kerby/kerb-admin/1.0.1/kerb-admin-1.0.1.jar:/home/user/.m2/repository/org/apache/kerby/kerb-server/1.0.1/kerb-server-1.0.1.jar:/home/user/.m2/repository/org/apache/kerby/kerb-identity/1.0.1/kerb-identity-1.0.1.jar:/home/user/.m2/repository/org/apache/kerby/kerby-xdr/1.0.1/kerby-xdr-1.0.1.jar:/home/user/.m2/repository/com/fasterxml/jackson/core/jackson-databind/2.9.9/jackson-databind-2.9.9.jar:/home/user/.m2/repository/com/fasterxml/jackson/core/jackson-core/2.9.9/jackson-core-2.9.9.jar:/home/user/.m2/repository/org/codehaus/woodstox/stax2-api/3.1.4/stax2-api-3.1.4.jar:/home/user/.m2/repository/com/fasterxml/woodstox/woodstox-core/5.0.3/woodstox-core-5.0.3.jar:/home/user/.m2/repository/dnsjava/dnsjava/2.1.7/dnsjava-2.1.7.jar:/home/user/.m2/repository/org/apache/hadoop/hadoop-hdfs/3.2.0/hadoop-hdfs-3.2.0.jar:/home/user/.m2/repository/org/eclipse/jetty/jetty-util-ajax/9.3.25.v20180904/jetty-util-ajax-9.3.25.v20180904.jar:/home/user/.m2/repository/commons-daemon/commons-daemon/1.0.13/commons-daemon-1.0.13.jar:/home/user/.m2/repository/io/netty/netty/3.10.5.Final/netty-3.10.5.Final.jar:/home/user/.m2/repository/io/netty/netty-all/4.0.52.Final/netty-all-4.0.52.Final.jar:/home/user/.m2/repository/org/fusesource/leveldbjni/leveldbjni-all/1.8/leveldbjni-all-1.8.jar:/home/user/.m2/repository/com/sun/xml/bind/jaxb-core/2.3.0.1/jaxb-core-2.3.0.1.jar:/home/user/.m2/repository/javax/xml/bind/jaxb-api/2.3.0/jaxb-api-2.3.0.jar:/home/user/.m2/repository/javax/activation/activation/1.1.1/activation-1.1.1.jar:/home/user/.m2/repository/io/dropwizard/metrics/metrics-core/3.2.4/metrics-core-3.2.4.jar:/home/user/.m2/repository/org/openjdk/jmh/jmh-core/1.19/jmh-core-1.19.jar:/home/user/.m2/repository/net/sf/jopt-simple/jopt-simple/4.6/jopt-simple-4.6.jar:/home/user/.m2/repository/org/openjdk/jmh/jmh-generator-annprocess/1.19/jmh-generator-annprocess-1.19.jar:/home/user/.m2/repository/com/amazonaws/aws-java-sdk-s3/1.11.615/aws-java-sdk-s3-1.11.615.jar:/home/user/.m2/repository/com/amazonaws/aws-java-sdk-kms/1.11.615/aws-java-sdk-kms-1.11.615.jar:/home/user/.m2/repository/com/amazonaws/aws-java-sdk-core/1.11.615/aws-java-sdk-core-1.11.615.jar:/home/user/.m2/repository/software/amazon/ion/ion-java/1.0.2/ion-java-1.0.2.jar:/home/user/.m2/repository/com/fasterxml/jackson/dataformat/jackson-dataformat-cbor/2.9.9/jackson-dataformat-cbor-2.9.9.jar:/home/user/.m2/repository/joda-time/joda-time/2.9.9/joda-time-2.9.9.jar:/home/user/.m2/repository/com/amazonaws/jmespath-java/1.11.615/jmespath-java-1.11.615.jar:/home/user/.m2/repository/com/google/code/findbugs/findbugs/3.0.1/findbugs-3.0.1.jar:/home/user/.m2/repository/net/jcip/jcip-annotations/1.0/jcip-annotations-1.0.jar:/home/user/.m2/repository/com/google/code/findbugs/bcel-findbugs/6.0/bcel-findbugs-6.0.jar:/home/user/.m2/repository/com/google/code/findbugs/jFormatString/2.0.1/jFormatString-2.0.1.jar:/home/user/.m2/repository/dom4j/dom4j/1.6.1/dom4j-1.6.1.jar:/home/user/.m2/repository/xml-apis/xml-apis/1.0.b2/xml-apis-1.0.b2.jar:/home/user/.m2/repository/org/ow2/asm/asm-debug-all/5.0.2/asm-debug-all-5.0.2.jar:/home/user/.m2/repository/org/ow2/asm/asm-commons/5.0.2/asm-commons-5.0.2.jar:/home/user/.m2/repository/org/ow2/asm/asm-tree/5.0.2/asm-tree-5.0.2.jar:/home/user/.m2/repository/org/ow2/asm/asm/5.0.4/asm-5.0.4.jar:/home/user/.m2/repository/commons-lang/commons-lang/2.6/commons-lang-2.6.jar:/home/user/.m2/repository/com/apple/AppleJavaExtensions/1.4/AppleJavaExtensions-1.4.jar:/home/user/.m2/repository/jaxen/jaxen/1.1.6/jaxen-1.1.6.jar:/home/user/.m2/repository/junit/junit/4.11/junit-4.11.jar:/home/user/.m2/repository/org/hamcrest/hamcrest-core/1.3/hamcrest-core-1.3.jar:/home/user/.m2/repository/org/apache/hadoop/hadoop-common/3.2.0/hadoop-common-3.2.0-tests.jar:/workdir/hadoop-ozone/integration-test/target/test-classes:/home/user/.m2/repository/org/apache/hadoop/hadoop-ozone-s3gateway/0.5.0-SNAPSHOT/hadoop-ozone-s3gateway-0.5.0-SNAPSHOT.jar:/home/user/.m2/repository/org/jboss/weld/servlet/weld-servlet/2.4.7.Final/weld-servlet-2.4.7.Final.jar:/home/user/.m2/repository/org/glassfish/jersey/containers/jersey-container-servlet-core/2.27/jersey-container-servlet-core-2.27.jar:/home/user/.m2/repository/org/glassfish/hk2/external/javax.inject/2.5.0-b42/javax.inject-2.5.0-b42.jar:/home/user/.m2/repository/org/glassfish/jersey/core/jersey-common/2.27/jersey-common-2.27.jar:/home/user/.m2/repository/org/glassfish/hk2/osgi-resource-locator/1.0.1/osgi-resource-locator-1.0.1.jar:/home/user/.m2/repository/javax/ws/rs/javax.ws.rs-api/2.1/javax.ws.rs-api-2.1.jar:/home/user/.m2/repository/org/glassfish/jersey/ext/cdi/jersey-cdi1x/2.27/jersey-cdi1x-2.27.jar:/home/user/.m2/repository/org/glassfish/jersey/inject/jersey-hk2/2.27/jersey-hk2-2.27.jar:/home/user/.m2/repository/org/glassfish/hk2/hk2-locator/2.5.0-b42/hk2-locator-2.5.0-b42.jar:/home/user/.m2/repository/org/javassist/javassist/3.22.0-CR2/javassist-3.22.0-CR2.jar:/home/user/.m2/repository/org/glassfish/hk2/hk2-api/2.5.0/hk2-api-2.5.0.jar:/home/user/.m2/repository/org/glassfish/hk2/external/jakarta.inject/2.5.0/jakarta.inject-2.5.0.jar:/home/user/.m2/repository/org/glassfish/hk2/hk2-utils/2.5.0/hk2-utils-2.5.0.jar:/home/user/.m2/repository/jakarta/annotation/jakarta.annotation-api/1.3.4/jakarta.annotation-api-1.3.4.jar:/home/user/.m2/repository/org/glassfish/hk2/external/aopalliance-repackaged/2.5.0/aopalliance-repackaged-2.5.0.jar:/home/user/.m2/repository/com/fasterxml/jackson/dataformat/jackson-dataformat-xml/2.9.0/jackson-dataformat-xml-2.9.0.jar:/home/user/.m2/repository/com/fasterxml/jackson/module/jackson-module-jaxb-annotations/2.9.9/jackson-module-jaxb-annotations-2.9.9.jar:/home/user/.m2/repository/javax/enterprise/cdi-api/1.2/cdi-api-1.2.jar:/home/user/.m2/repository/javax/el/javax.el-api/3.0.0/javax.el-api-3.0.0.jar:/home/user/.m2/repository/javax/interceptor/javax.interceptor-api/1.2/javax.interceptor-api-1.2.jar:/home/user/.m2/repository/javax/inject/javax.inject/1/javax.inject-1.jar:/home/user/.m2/repository/org/apache/hadoop/hadoop-ozone-csi/0.5.0-SNAPSHOT/hadoop-ozone-csi-0.5.0-SNAPSHOT.jar:/home/user/.m2/repository/com/google/protobuf/protobuf-java-util/3.5.1/protobuf-java-util-3.5.1.jar:/home/user/.m2/repository/io/grpc/grpc-netty/1.17.1/grpc-netty-1.17.1.jar:/home/user/.m2/repository/io/grpc/grpc-core/1.17.1/grpc-core-1.17.1.jar:/home/user/.m2/repository/io/grpc/grpc-context/1.17.1/grpc-context-1.17.1.jar:/home/user/.m2/repository/com/google/errorprone/error_prone_annotations/2.2.0/error_prone_annotations-2.2.0.jar:/home/user/.m2/repository/org/codehaus/mojo/animal-sniffer-annotations/1.17/animal-sniffer-annotations-1.17.jar:/home/user/.m2/repository/io/opencensus/opencensus-api/0.17.0/opencensus-api-0.17.0.jar:/home/user/.m2/repository/io/opencensus/opencensus-contrib-grpc-metrics/0.17.0/opencensus-contrib-grpc-metrics-0.17.0.jar:/home/user/.m2/repository/io/netty/netty-codec-http2/4.1.30.Final/netty-codec-http2-4.1.30.Final.jar:/home/user/.m2/repository/io/netty/netty-codec-http/4.1.30.Final/netty-codec-http-4.1.30.Final.jar:/home/user/.m2/repository/io/netty/netty-codec/4.1.30.Final/netty-codec-4.1.30.Final.jar:/home/user/.m2/repository/io/netty/netty-handler/4.1.30.Final/netty-handler-4.1.30.Final.jar:/home/user/.m2/repository/io/netty/netty-handler-proxy/4.1.30.Final/netty-handler-proxy-4.1.30.Final.jar:/home/user/.m2/repository/io/netty/netty-codec-socks/4.1.30.Final/netty-codec-socks-4.1.30.Final.jar:/home/user/.m2/repository/io/netty/netty-transport-native-epoll/4.1.30.Final/netty-transport-native-epoll-4.1.30.Final.jar:/home/user/.m2/repository/io/netty/netty-common/4.1.30.Final/netty-common-4.1.30.Final.jar:/home/user/.m2/repository/io/netty/netty-buffer/4.1.30.Final/netty-buffer-4.1.30.Final.jar:/home/user/.m2/repository/io/netty/netty-transport/4.1.30.Final/netty-transport-4.1.30.Final.jar:/home/user/.m2/repository/io/netty/netty-resolver/4.1.30.Final/netty-resolver-4.1.30.Final.jar:/home/user/.m2/repository/io/netty/netty-transport-native-unix-common/4.1.30.Final/netty-transport-native-unix-common-4.1.30.Final.jar:/home/user/.m2/repository/io/grpc/grpc-protobuf/1.17.1/grpc-protobuf-1.17.1.jar:/home/user/.m2/repository/com/google/api/grpc/proto-google-common-protos/1.0.0/proto-google-common-protos-1.0.0.jar:/home/user/.m2/repository/io/grpc/grpc-protobuf-lite/1.17.1/grpc-protobuf-lite-1.17.1.jar:/home/user/.m2/repository/io/grpc/grpc-stub/1.17.1/grpc-stub-1.17.1.jar:/home/user/.m2/repository/org/apache/hadoop/hadoop-ozone-recon/0.5.0-SNAPSHOT/hadoop-ozone-recon-0.5.0-SNAPSHOT.jar:/home/user/.m2/repository/org/apache/hadoop/hadoop-ozone-reconcodegen/0.5.0-SNAPSHOT/hadoop-ozone-reconcodegen-0.5.0-SNAPSHOT.jar:/home/user/.m2/repository/com/google/inject/extensions/guice-multibindings/4.0/guice-multibindings-4.0.jar:/home/user/.m2/repository/com/google/inject/guice/4.0/guice-4.0.jar:/home/user/.m2/repository/aopalliance/aopalliance/1.0/aopalliance-1.0.jar:/home/user/.m2/repository/com/google/inject/extensions/guice-servlet/4.0/guice-servlet-4.0.jar:/home/user/.m2/repository/org/glassfish/jersey/containers/jersey-container-servlet/2.27/jersey-container-servlet-2.27.jar:/home/user/.m2/repository/org/glassfish/hk2/guice-bridge/2.5.0/guice-bridge-2.5.0.jar:/home/user/.m2/repository/org/glassfish/jersey/core/jersey-server/2.27/jersey-server-2.27.jar:/home/user/.m2/repository/org/glassfish/jersey/core/jersey-client/2.27/jersey-client-2.27.jar:/home/user/.m2/repository/org/glassfish/jersey/media/jersey-media-jaxb/2.27/jersey-media-jaxb-2.27.jar:/home/user/.m2/repository/javax/validation/validation-api/1.1.0.Final/validation-api-1.1.0.Final.jar:/home/user/.m2/repository/org/glassfish/jersey/media/jersey-media-json-jackson/2.27/jersey-media-json-jackson-2.27.jar:/home/user/.m2/repository/org/glassfish/jersey/ext/jersey-entity-filtering/2.27/jersey-entity-filtering-2.27.jar:/home/user/.m2/repository/com/google/inject/extensions/guice-assistedinject/4.0/guice-assistedinject-4.0.jar:/home/user/.m2/repository/org/jooq/jooq/3.11.10/jooq-3.11.10.jar:/home/user/.m2/repository/org/jooq/jooq-meta/3.11.10/jooq-meta-3.11.10.jar:/home/user/.m2/repository/org/jooq/jooq-codegen/3.11.10/jooq-codegen-3.11.10.jar:/home/user/.m2/repository/com/jolbox/bonecp/0.8.0.RELEASE/bonecp-0.8.0.RELEASE.jar:/home/user/.m2/repository/org/springframework/spring-jdbc/5.1.3.RELEASE/spring-jdbc-5.1.3.RELEASE.jar:/home/user/.m2/repository/org/springframework/spring-beans/5.1.3.RELEASE/spring-beans-5.1.3.RELEASE.jar:/home/user/.m2/repository/org/springframework/spring-core/5.1.3.RELEASE/spring-core-5.1.3.RELEASE.jar:/home/user/.m2/repository/org/springframework/spring-jcl/5.1.3.RELEASE/spring-jcl-5.1.3.RELEASE.jar:/home/user/.m2/repository/org/springframework/spring-tx/5.1.3.RELEASE/spring-tx-5.1.3.RELEASE.jar:/home/user/.m2/repository/org/mockito/mockito-core/2.15.0/mockito-core-2.15.0.jar:/home/user/.m2/repository/net/bytebuddy/byte-buddy/1.7.9/byte-buddy-1.7.9.jar:/home/user/.m2/repository/net/bytebuddy/byte-buddy-agent/1.7.9/byte-buddy-agent-1.7.9.jar:/home/user/.m2/repository/org/objenesis/objenesis/1.0/objenesis-1.0.jar:"/>
    <property name="sun.cpu.endian" value="little"/>
    <property name="user.home" value="/home/user"/>
    <property name="user.language" value="en"/>
    <property name="java.specification.vendor" value="Oracle Corporation"/>
    <property name="java.home" value="/usr/lib/jvm/java-1.8-openjdk/jre"/>
    <property name="java.security.krb5.conf" value="/workdir/hadoop-ozone/tools/target/test-classes/krb5.conf"/>
    <property name="basedir" value="/workdir/hadoop-ozone/tools"/>
    <property name="file.separator" value="/"/>
    <property name="line.separator" value="&#10;"/>
    <property name="java.vm.specification.vendor" value="Oracle Corporation"/>
    <property name="java.specification.name" value="Java Platform API Specification"/>
    <property name="java.awt.graphicsenv" value="sun.awt.X11GraphicsEnvironment"/>
    <property name="surefire.real.class.path" value="/workdir/hadoop-ozone/tools/target/surefire/surefirebooter6429674094619126020.jar"/>
    <property name="hadoop.log.dir" value="/workdir/hadoop-ozone/tools/target/log"/>
    <property name="sun.boot.class.path" value="/usr/lib/jvm/java-1.8-openjdk/jre/lib/resources.jar:/usr/lib/jvm/java-1.8-openjdk/jre/lib/rt.jar:/usr/lib/jvm/java-1.8-openjdk/jre/lib/sunrsasign.jar:/usr/lib/jvm/java-1.8-openjdk/jre/lib/jsse.jar:/usr/lib/jvm/java-1.8-openjdk/jre/lib/jce.jar:/usr/lib/jvm/java-1.8-openjdk/jre/lib/charsets.jar:/usr/lib/jvm/java-1.8-openjdk/jre/lib/jfr.jar:/usr/lib/jvm/java-1.8-openjdk/jre/classes"/>
    <property name="sun.management.compiler" value="HotSpot 64-Bit Tiered Compilers"/>
    <property name="java.runtime.version" value="1.8.0_212-b04"/>
    <property name="java.net.preferIPv4Stack" value="true"/>
    <property name="user.name" value="jenkins1000"/>
    <property name="path.separator" value=":"/>
    <property name="java.security.egd" value="file:///dev/urandom"/>
    <property name="os.version" value="3.10.0-957.12.2.el7.x86_64"/>
    <property name="java.endorsed.dirs" value="/usr/lib/jvm/java-1.8-openjdk/jre/lib/endorsed"/>
    <property name="java.runtime.name" value="OpenJDK Runtime Environment"/>
    <property name="file.encoding" value="UTF-8"/>
    <property name="java.vm.name" value="OpenJDK 64-Bit Server VM"/>
    <property name="test.build.webapps" value=""/>
    <property name="localRepository" value="/home/user/.m2/repository"/>
    <property name="java.vendor.url.bug" value="https://icedtea.classpath.org/bugzilla"/>
    <property name="java.io.tmpdir" value="/tmp"/>
    <property name="require.test.libhadoop" value=""/>
    <property name="java.version" value="1.8.0_212"/>
    <property name="user.dir" value="/workdir/hadoop-ozone/tools"/>
    <property name="os.arch" value="amd64"/>
    <property name="java.vm.specification.name" value="Java Virtual Machine Specification"/>
    <property name="test.build.classes" value="/workdir/hadoop-ozone/tools/target/test-classes"/>
    <property name="java.awt.printerjob" value="sun.print.PSPrinterJob"/>
    <property name="sun.os.patch.level" value="unknown"/>
    <property name="hadoop.tmp.dir" value="/workdir/hadoop-ozone/tools/target/tmp"/>
    <property name="java.library.path" value="/usr/lib/jvm/java-1.8-openjdk/jre/lib/amd64/server:/usr/lib/jvm/java-1.8-openjdk/jre/lib/amd64:/usr/lib/jvm/java-1.8-openjdk/jre/../lib/amd64:/workdir/hadoop-ozone/tools/target/native/target/usr/local/lib:/workdir/hadoop-ozone/tools/../../hadoop-common-project/hadoop-common/target/native/target/usr/local/lib:/usr/java/packages/lib/amd64:/usr/lib64:/lib64:/lib:/usr/lib"/>
    <property name="java.vm.info" value="mixed mode"/>
    <property name="java.vendor" value="IcedTea"/>
    <property name="java.vm.version" value="25.212-b04"/>
    <property name="java.ext.dirs" value="/usr/lib/jvm/java-1.8-openjdk/jre/lib/ext:/usr/java/packages/lib/ext"/>
    <property name="sun.io.unicode.encoding" value="UnicodeLittle"/>
    <property name="java.class.version" value="52.0"/>
  </properties>
  <testcase name="validateWriteTest" classname="org.apache.hadoop.ozone.freon.TestDataValidateWithDummyContainers" time="0.001"/>
  <testcase name="ratisTestLargeKey" classname="org.apache.hadoop.ozone.freon.TestDataValidateWithDummyContainers" time="6.624">
    <error message="Allocated 0 blocks. Requested 5 blocks" type="INTERNAL_ERROR org.apache.hadoop.ozone.om.exceptions.OMException">INTERNAL_ERROR org.apache.hadoop.ozone.om.exceptions.OMException: Allocated 0 blocks. Requested 5 blocks
	at org.apache.hadoop.ozone.om.protocolPB.OzoneManagerProtocolClientSideTranslatorPB.handleError(OzoneManagerProtocolClientSideTranslatorPB.java:732)
	at org.apache.hadoop.ozone.om.protocolPB.OzoneManagerProtocolClientSideTranslatorPB.openKey(OzoneManagerProtocolClientSideTranslatorPB.java:723)
	at sun.reflect.NativeMethodAccessorImpl.invoke0(Native Method)
	at sun.reflect.NativeMethodAccessorImpl.invoke(NativeMethodAccessorImpl.java:62)
	at sun.reflect.DelegatingMethodAccessorImpl.invoke(DelegatingMethodAccessorImpl.java:43)
	at java.lang.reflect.Method.invoke(Method.java:498)
	at org.apache.hadoop.hdds.tracing.TraceAllMethod.invoke(TraceAllMethod.java:66)
	at com.sun.proxy.$Proxy37.openKey(Unknown Source)
	at org.apache.hadoop.ozone.client.rpc.RpcClient.createKey(RpcClient.java:614)
	at org.apache.hadoop.ozone.client.OzoneBucket.createKey(OzoneBucket.java:325)
	at org.apache.hadoop.ozone.freon.RandomKeyGenerator.createKey(RandomKeyGenerator.java:695)
	at org.apache.hadoop.ozone.freon.RandomKeyGenerator.access$1100(RandomKeyGenerator.java:88)
	at org.apache.hadoop.ozone.freon.RandomKeyGenerator$ObjectCreator.run(RandomKeyGenerator.java:615)
	at java.util.concurrent.Executors$RunnableAdapter.call(Executors.java:511)
	at java.util.concurrent.FutureTask.run(FutureTask.java:266)
	at java.util.concurrent.ThreadPoolExecutor.runWorker(ThreadPoolExecutor.java:1149)
	at java.util.concurrent.ThreadPoolExecutor$Worker.run(ThreadPoolExecutor.java:624)
	at java.lang.Thread.run(Thread.java:748)
</error>
    <system-out><![CDATA[2019-09-25 06:57:17,581 [main] INFO  freon.RandomKeyGenerator (RandomKeyGenerator.java:call(258)) - Override validateWrites to false, because hdds.container.chunk.persistdata is set to false.
2019-09-25 06:57:17,585 [grpc-default-executor-0] INFO  impl.RaftServerProxy (RaftServerProxy.java:addNew(89)) - 4ea58b4a-8782-4322-ab8b-25eaf0c432e3: addNew group-CD09D5946EF7:[4ea58b4a-8782-4322-ab8b-25eaf0c432e3:192.168.164.207:42115] returns group-CD09D5946EF7:java.util.concurrent.CompletableFuture@3dbfdee4[Not completed]
2019-09-25 06:57:17,586 [pool-37-thread-1] INFO  impl.RaftServerImpl (RaftServerImpl.java:<init>(95)) - 4ea58b4a-8782-4322-ab8b-25eaf0c432e3: new RaftServerImpl for group-CD09D5946EF7:[4ea58b4a-8782-4322-ab8b-25eaf0c432e3:192.168.164.207:42115] with ContainerStateMachine:uninitialized
2019-09-25 06:57:17,586 [pool-37-thread-1] INFO  server.RaftServerConfigKeys (ConfUtils.java:logGet(43)) - raft.server.rpc.timeout.min = 5s (custom)
2019-09-25 06:57:17,586 [pool-37-thread-1] INFO  server.RaftServerConfigKeys (ConfUtils.java:logGet(43)) - raft.server.rpc.timeout.max = 5200ms (custom)
2019-09-25 06:57:17,586 [pool-37-thread-1] INFO  server.RaftServerConfigKeys (ConfUtils.java:logGet(43)) - raft.server.rpcslowness.timeout = 120s (custom)
2019-09-25 06:57:17,587 [pool-37-thread-1] INFO  server.RaftServerConfigKeys (ConfUtils.java:logGet(43)) - raft.server.sleep.deviation.threshold = 300 (default)
2019-09-25 06:57:17,587 [pool-37-thread-1] INFO  server.RaftServerConfigKeys (ConfUtils.java:logGet(43)) - raft.server.log.appender.install.snapshot.enabled = false (custom)
2019-09-25 06:57:17,587 [pool-37-thread-1] INFO  impl.RaftServerImpl (ServerState.java:<init>(103)) - 4ea58b4a-8782-4322-ab8b-25eaf0c432e3@group-CD09D5946EF7: ConfigurationManager, init=-1: [4ea58b4a-8782-4322-ab8b-25eaf0c432e3:192.168.164.207:42115], old=null, confs=<EMPTY_MAP>
2019-09-25 06:57:17,587 [pool-37-thread-1] INFO  server.RaftServerConfigKeys (ConfUtils.java:logGet(43)) - raft.server.storage.dir = [/workdir/hadoop-ozone/tools/target/test-dir/MiniOzoneClusterImpl-9e6d1b68-582c-4998-83b3-e2f12469c286/datanode-1/data/ratis] (custom)
2019-09-25 06:57:17,587 [pool-37-thread-1] INFO  storage.RaftStorageDirectory (RaftStorageDirectory.java:analyzeStorage(246)) - The storage directory /workdir/hadoop-ozone/tools/target/test-dir/MiniOzoneClusterImpl-9e6d1b68-582c-4998-83b3-e2f12469c286/datanode-1/data/ratis/30055395-d21b-489a-9ed3-cd09d5946ef7 does not exist. Creating ...
2019-09-25 06:57:17,601 [pool-37-thread-1] INFO  storage.RaftStorageDirectory (RaftStorageDirectory.java:tryLock(328)) - Lock on /workdir/hadoop-ozone/tools/target/test-dir/MiniOzoneClusterImpl-9e6d1b68-582c-4998-83b3-e2f12469c286/datanode-1/data/ratis/30055395-d21b-489a-9ed3-cd09d5946ef7/in_use.lock acquired by nodename 32716@pr-hdds-1569-s44lr-3492059363
2019-09-25 06:57:17,623 [pool-37-thread-1] INFO  storage.RaftStorage (RaftStorage.java:format(72)) - Storage directory /workdir/hadoop-ozone/tools/target/test-dir/MiniOzoneClusterImpl-9e6d1b68-582c-4998-83b3-e2f12469c286/datanode-1/data/ratis/30055395-d21b-489a-9ed3-cd09d5946ef7 has been successfully formatted.
2019-09-25 06:57:17,624 [pool-37-thread-1] INFO  ratis.ContainerStateMachine (ContainerStateMachine.java:loadSnapshot(230)) - group-CD09D5946EF7: The snapshot info is null. Setting the last applied indexto:(t:0, i:~)
2019-09-25 06:57:17,624 [pool-37-thread-1] INFO  server.RaftServerConfigKeys (ConfUtils.java:logGet(43)) - raft.server.notification.no-leader.timeout = 120s (custom)
2019-09-25 06:57:17,624 [pool-37-thread-1] INFO  server.RaftServerConfigKeys (ConfUtils.java:logGet(43)) - raft.server.log.use.memory = false (default)
2019-09-25 06:57:17,624 [pool-37-thread-1] INFO  server.RaftServerConfigKeys (ConfUtils.java:logGet(43)) - raft.server.log.purge.gap = 1000000 (custom)
2019-09-25 06:57:17,625 [pool-37-thread-1] INFO  server.RaftServerConfigKeys (ConfUtils.java:logGet(43)) - raft.server.log.appender.buffer.byte-limit = 33554432 (custom)
2019-09-25 06:57:17,625 [pool-37-thread-1] INFO  server.RaftServerConfigKeys (ConfUtils.java:logGet(43)) - raft.server.log.segment.size.max = 1048576 (custom)
2019-09-25 06:57:17,625 [pool-37-thread-1] INFO  server.RaftServerConfigKeys (ConfUtils.java:logGet(43)) - raft.server.log.segment.cache.num.max = 2 (custom)
2019-09-25 06:57:17,625 [pool-37-thread-1] INFO  segmented.SegmentedRaftLogWorker (SegmentedRaftLogWorker.java:<init>(172)) - new 4ea58b4a-8782-4322-ab8b-25eaf0c432e3@group-CD09D5946EF7-SegmentedRaftLogWorker for RaftStorage:Storage Directory /workdir/hadoop-ozone/tools/target/test-dir/MiniOzoneClusterImpl-9e6d1b68-582c-4998-83b3-e2f12469c286/datanode-1/data/ratis/30055395-d21b-489a-9ed3-cd09d5946ef7
2019-09-25 06:57:17,625 [pool-37-thread-1] INFO  server.RaftServerConfigKeys (ConfUtils.java:logGet(43)) - raft.server.log.queue.byte-limit = 2147483647 (custom)
2019-09-25 06:57:17,625 [pool-37-thread-1] INFO  server.RaftServerConfigKeys (ConfUtils.java:logGet(43)) - raft.server.log.queue.element-limit = 1024 (custom)
2019-09-25 06:57:17,625 [pool-37-thread-1] INFO  server.RaftServerConfigKeys (ConfUtils.java:logGet(43)) - raft.server.log.segment.size.max = 1048576 (custom)
2019-09-25 06:57:17,626 [pool-37-thread-1] INFO  server.RaftServerConfigKeys (ConfUtils.java:logGet(43)) - raft.server.log.preallocated.size = 16384 (custom)
2019-09-25 06:57:17,626 [pool-37-thread-1] INFO  server.RaftServerConfigKeys (ConfUtils.java:logGet(43)) - raft.server.log.write.buffer.size = 33554432 (custom)
2019-09-25 06:57:17,626 [pool-37-thread-1] INFO  server.RaftServerConfigKeys (ConfUtils.java:logGet(43)) - raft.server.log.force.sync.num = 128 (default)
2019-09-25 06:57:17,626 [pool-37-thread-1] INFO  server.RaftServerConfigKeys (ConfUtils.java:logGet(43)) - raft.server.log.statemachine.data.sync = true (default)
2019-09-25 06:57:17,626 [pool-37-thread-1] INFO  server.RaftServerConfigKeys (ConfUtils.java:logGet(43)) - raft.server.log.statemachine.data.sync.timeout = 10s (default)
2019-09-25 06:57:17,626 [pool-37-thread-1] INFO  server.RaftServerConfigKeys (ConfUtils.java:logGet(43)) - raft.server.log.statemachine.data.sync.timeout.retry = -1 (default)
2019-09-25 06:57:17,626 [pool-37-thread-1] INFO  server.RaftServerConfigKeys (ConfUtils.java:logGet(43)) - raft.server.log.statemachine.data.caching.enabled = true (custom)
2019-09-25 06:57:17,627 [pool-37-thread-1] INFO  segmented.SegmentedRaftLogWorker (SegmentedRaftLogWorker.java:lambda$new$0(132)) - 4ea58b4a-8782-4322-ab8b-25eaf0c432e3@group-CD09D5946EF7-SegmentedRaftLogWorker: flushIndex: setUnconditionally 0 -> -1
2019-09-25 06:57:17,627 [pool-37-thread-1] INFO  server.RaftServerConfigKeys (ConfUtils.java:logGet(43)) - raft.server.snapshot.auto.trigger.enabled = true (custom)
2019-09-25 06:57:17,627 [pool-37-thread-1] INFO  server.RaftServerConfigKeys (ConfUtils.java:logGet(43)) - raft.server.snapshot.auto.trigger.threshold = 10000 (custom)
2019-09-25 06:57:17,627 [pool-37-thread-1] INFO  server.RaftServerConfigKeys (ConfUtils.java:logGet(43)) - raft.server.snapshot.retention.num.files = 5 (custom)
2019-09-25 06:57:17,627 [pool-37-thread-1] INFO  server.RaftServerConfigKeys (ConfUtils.java:logGet(43)) - raft.server.retrycache.expirytime = 600000ms (custom)
2019-09-25 06:57:17,630 [pool-37-thread-1] INFO  impl.RaftServerImpl (RaftServerImpl.java:start(185)) - 4ea58b4a-8782-4322-ab8b-25eaf0c432e3@group-CD09D5946EF7: start as a follower, conf=-1: [4ea58b4a-8782-4322-ab8b-25eaf0c432e3:192.168.164.207:42115], old=null
2019-09-25 06:57:17,630 [pool-37-thread-1] INFO  impl.RaftServerImpl (RaftServerImpl.java:setRole(174)) - 4ea58b4a-8782-4322-ab8b-25eaf0c432e3@group-CD09D5946EF7: changes role from      null to FOLLOWER at term 0 for startAsFollower
2019-09-25 06:57:17,631 [pool-37-thread-1] INFO  impl.RoleInfo (RoleInfo.java:updateAndGet(143)) - 4ea58b4a-8782-4322-ab8b-25eaf0c432e3: start FollowerState
2019-09-25 06:57:17,631 [pool-37-thread-1] INFO  util.JmxRegister (JmxRegister.java:tryRegister(44)) - Successfully registered JMX Bean with object name Ratis:service=RaftServer,group=group-CD09D5946EF7,id=4ea58b4a-8782-4322-ab8b-25eaf0c432e3
2019-09-25 06:57:17,636 [RatisPipelineUtilsThread] INFO  pipeline.PipelineStateManager (PipelineStateManager.java:addPipeline(56)) - Created pipeline Pipeline[ Id: 30055395-d21b-489a-9ed3-cd09d5946ef7, Nodes: 4ea58b4a-8782-4322-ab8b-25eaf0c432e3{ip: 192.168.164.207, host: pr-hdds-1569-s44lr-3492059363, networkLocation: /default-rack, certSerialId: null}, Type:RATIS, Factor:ONE, State:OPEN]
2019-09-25 06:57:17,637 [RatisPipelineUtilsThread] INFO  pipeline.PipelinePlacementPolicy (PipelinePlacementPolicy.java:meetCriteria(91)) - Pipeline Placement: can't place more pipeline on heavy datanode： 653880d8-4d63-4a6f-aa71-df139f9890f6 Heaviness: 6 limit: 5
2019-09-25 06:57:17,637 [RatisPipelineUtilsThread] INFO  pipeline.PipelinePlacementPolicy (PipelinePlacementPolicy.java:meetCriteria(91)) - Pipeline Placement: can't place more pipeline on heavy datanode： 01553a77-28cd-4c2d-9e28-284eca33e668 Heaviness: 6 limit: 5
2019-09-25 06:57:17,650 [grpc-default-executor-0] INFO  impl.RaftServerProxy (RaftServerProxy.java:addNew(89)) - 2b17dc15-c51a-4943-889a-93383535507c: addNew group-746AB2CB043A:[2b17dc15-c51a-4943-889a-93383535507c:192.168.164.207:35671] returns group-746AB2CB043A:java.util.concurrent.CompletableFuture@43993f12[Not completed]
2019-09-25 06:57:17,653 [pool-47-thread-1] INFO  impl.RaftServerImpl (RaftServerImpl.java:<init>(95)) - 2b17dc15-c51a-4943-889a-93383535507c: new RaftServerImpl for group-746AB2CB043A:[2b17dc15-c51a-4943-889a-93383535507c:192.168.164.207:35671] with ContainerStateMachine:uninitialized
2019-09-25 06:57:17,653 [pool-47-thread-1] INFO  server.RaftServerConfigKeys (ConfUtils.java:logGet(43)) - raft.server.rpc.timeout.min = 5s (custom)
2019-09-25 06:57:17,653 [pool-47-thread-1] INFO  server.RaftServerConfigKeys (ConfUtils.java:logGet(43)) - raft.server.rpc.timeout.max = 5200ms (custom)
2019-09-25 06:57:17,653 [pool-47-thread-1] INFO  server.RaftServerConfigKeys (ConfUtils.java:logGet(43)) - raft.server.rpcslowness.timeout = 120s (custom)
2019-09-25 06:57:17,653 [pool-47-thread-1] INFO  server.RaftServerConfigKeys (ConfUtils.java:logGet(43)) - raft.server.sleep.deviation.threshold = 300 (default)
2019-09-25 06:57:17,653 [pool-47-thread-1] INFO  server.RaftServerConfigKeys (ConfUtils.java:logGet(43)) - raft.server.log.appender.install.snapshot.enabled = false (custom)
2019-09-25 06:57:17,653 [pool-47-thread-1] INFO  impl.RaftServerImpl (ServerState.java:<init>(103)) - 2b17dc15-c51a-4943-889a-93383535507c@group-746AB2CB043A: ConfigurationManager, init=-1: [2b17dc15-c51a-4943-889a-93383535507c:192.168.164.207:35671], old=null, confs=<EMPTY_MAP>
2019-09-25 06:57:17,654 [pool-47-thread-1] INFO  server.RaftServerConfigKeys (ConfUtils.java:logGet(43)) - raft.server.storage.dir = [/workdir/hadoop-ozone/tools/target/test-dir/MiniOzoneClusterImpl-9e6d1b68-582c-4998-83b3-e2f12469c286/datanode-2/data/ratis] (custom)
2019-09-25 06:57:17,654 [pool-47-thread-1] INFO  storage.RaftStorageDirectory (RaftStorageDirectory.java:analyzeStorage(246)) - The storage directory /workdir/hadoop-ozone/tools/target/test-dir/MiniOzoneClusterImpl-9e6d1b68-582c-4998-83b3-e2f12469c286/datanode-2/data/ratis/bbbc03c9-7091-48c1-8325-746ab2cb043a does not exist. Creating ...
2019-09-25 06:57:17,667 [pool-47-thread-1] INFO  storage.RaftStorageDirectory (RaftStorageDirectory.java:tryLock(328)) - Lock on /workdir/hadoop-ozone/tools/target/test-dir/MiniOzoneClusterImpl-9e6d1b68-582c-4998-83b3-e2f12469c286/datanode-2/data/ratis/bbbc03c9-7091-48c1-8325-746ab2cb043a/in_use.lock acquired by nodename 32716@pr-hdds-1569-s44lr-3492059363
2019-09-25 06:57:17,680 [pool-47-thread-1] INFO  storage.RaftStorage (RaftStorage.java:format(72)) - Storage directory /workdir/hadoop-ozone/tools/target/test-dir/MiniOzoneClusterImpl-9e6d1b68-582c-4998-83b3-e2f12469c286/datanode-2/data/ratis/bbbc03c9-7091-48c1-8325-746ab2cb043a has been successfully formatted.
2019-09-25 06:57:17,680 [pool-47-thread-1] INFO  ratis.ContainerStateMachine (ContainerStateMachine.java:loadSnapshot(230)) - group-746AB2CB043A: The snapshot info is null. Setting the last applied indexto:(t:0, i:~)
2019-09-25 06:57:17,680 [pool-47-thread-1] INFO  server.RaftServerConfigKeys (ConfUtils.java:logGet(43)) - raft.server.notification.no-leader.timeout = 120s (custom)
2019-09-25 06:57:17,680 [pool-47-thread-1] INFO  server.RaftServerConfigKeys (ConfUtils.java:logGet(43)) - raft.server.log.use.memory = false (default)
2019-09-25 06:57:17,680 [pool-47-thread-1] INFO  server.RaftServerConfigKeys (ConfUtils.java:logGet(43)) - raft.server.log.purge.gap = 1000000 (custom)
2019-09-25 06:57:17,680 [pool-47-thread-1] INFO  server.RaftServerConfigKeys (ConfUtils.java:logGet(43)) - raft.server.log.appender.buffer.byte-limit = 33554432 (custom)
2019-09-25 06:57:17,680 [pool-47-thread-1] INFO  server.RaftServerConfigKeys (ConfUtils.java:logGet(43)) - raft.server.log.segment.size.max = 1048576 (custom)
2019-09-25 06:57:17,681 [pool-47-thread-1] INFO  server.RaftServerConfigKeys (ConfUtils.java:logGet(43)) - raft.server.log.segment.cache.num.max = 2 (custom)
2019-09-25 06:57:17,681 [pool-47-thread-1] INFO  segmented.SegmentedRaftLogWorker (SegmentedRaftLogWorker.java:<init>(172)) - new 2b17dc15-c51a-4943-889a-93383535507c@group-746AB2CB043A-SegmentedRaftLogWorker for RaftStorage:Storage Directory /workdir/hadoop-ozone/tools/target/test-dir/MiniOzoneClusterImpl-9e6d1b68-582c-4998-83b3-e2f12469c286/datanode-2/data/ratis/bbbc03c9-7091-48c1-8325-746ab2cb043a
2019-09-25 06:57:17,683 [pool-47-thread-1] INFO  server.RaftServerConfigKeys (ConfUtils.java:logGet(43)) - raft.server.log.queue.byte-limit = 2147483647 (custom)
2019-09-25 06:57:17,683 [pool-47-thread-1] INFO  server.RaftServerConfigKeys (ConfUtils.java:logGet(43)) - raft.server.log.queue.element-limit = 1024 (custom)
2019-09-25 06:57:17,683 [pool-47-thread-1] INFO  server.RaftServerConfigKeys (ConfUtils.java:logGet(43)) - raft.server.log.segment.size.max = 1048576 (custom)
2019-09-25 06:57:17,683 [pool-47-thread-1] INFO  server.RaftServerConfigKeys (ConfUtils.java:logGet(43)) - raft.server.log.preallocated.size = 16384 (custom)
2019-09-25 06:57:17,684 [pool-47-thread-1] INFO  server.RaftServerConfigKeys (ConfUtils.java:logGet(43)) - raft.server.log.write.buffer.size = 33554432 (custom)
2019-09-25 06:57:17,684 [pool-47-thread-1] INFO  server.RaftServerConfigKeys (ConfUtils.java:logGet(43)) - raft.server.log.force.sync.num = 128 (default)
2019-09-25 06:57:17,684 [pool-47-thread-1] INFO  server.RaftServerConfigKeys (ConfUtils.java:logGet(43)) - raft.server.log.statemachine.data.sync = true (default)
2019-09-25 06:57:17,684 [pool-47-thread-1] INFO  server.RaftServerConfigKeys (ConfUtils.java:logGet(43)) - raft.server.log.statemachine.data.sync.timeout = 10s (default)
2019-09-25 06:57:17,684 [pool-47-thread-1] INFO  server.RaftServerConfigKeys (ConfUtils.java:logGet(43)) - raft.server.log.statemachine.data.sync.timeout.retry = -1 (default)
2019-09-25 06:57:17,684 [pool-47-thread-1] INFO  server.RaftServerConfigKeys (ConfUtils.java:logGet(43)) - raft.server.log.statemachine.data.caching.enabled = true (custom)
2019-09-25 06:57:17,685 [pool-47-thread-1] INFO  segmented.SegmentedRaftLogWorker (SegmentedRaftLogWorker.java:lambda$new$0(132)) - 2b17dc15-c51a-4943-889a-93383535507c@group-746AB2CB043A-SegmentedRaftLogWorker: flushIndex: setUnconditionally 0 -> -1
2019-09-25 06:57:17,685 [pool-47-thread-1] INFO  server.RaftServerConfigKeys (ConfUtils.java:logGet(43)) - raft.server.snapshot.auto.trigger.enabled = true (custom)
2019-09-25 06:57:17,685 [pool-47-thread-1] INFO  server.RaftServerConfigKeys (ConfUtils.java:logGet(43)) - raft.server.snapshot.auto.trigger.threshold = 10000 (custom)
2019-09-25 06:57:17,685 [pool-47-thread-1] INFO  server.RaftServerConfigKeys (ConfUtils.java:logGet(43)) - raft.server.snapshot.retention.num.files = 5 (custom)
2019-09-25 06:57:17,685 [pool-47-thread-1] INFO  server.RaftServerConfigKeys (ConfUtils.java:logGet(43)) - raft.server.retrycache.expirytime = 600000ms (custom)
2019-09-25 06:57:17,688 [pool-47-thread-1] INFO  impl.RaftServerImpl (RaftServerImpl.java:start(185)) - 2b17dc15-c51a-4943-889a-93383535507c@group-746AB2CB043A: start as a follower, conf=-1: [2b17dc15-c51a-4943-889a-93383535507c:192.168.164.207:35671], old=null
2019-09-25 06:57:17,688 [pool-47-thread-1] INFO  impl.RaftServerImpl (RaftServerImpl.java:setRole(174)) - 2b17dc15-c51a-4943-889a-93383535507c@group-746AB2CB043A: changes role from      null to FOLLOWER at term 0 for startAsFollower
2019-09-25 06:57:17,688 [pool-47-thread-1] INFO  impl.RoleInfo (RoleInfo.java:updateAndGet(143)) - 2b17dc15-c51a-4943-889a-93383535507c: start FollowerState
2019-09-25 06:57:17,688 [pool-47-thread-1] INFO  util.JmxRegister (JmxRegister.java:tryRegister(44)) - Successfully registered JMX Bean with object name Ratis:service=RaftServer,group=group-746AB2CB043A,id=2b17dc15-c51a-4943-889a-93383535507c
2019-09-25 06:57:17,695 [RatisPipelineUtilsThread] INFO  pipeline.PipelineStateManager (PipelineStateManager.java:addPipeline(56)) - Created pipeline Pipeline[ Id: bbbc03c9-7091-48c1-8325-746ab2cb043a, Nodes: 2b17dc15-c51a-4943-889a-93383535507c{ip: 192.168.164.207, host: pr-hdds-1569-s44lr-3492059363, networkLocation: /default-rack, certSerialId: null}, Type:RATIS, Factor:ONE, State:OPEN]
2019-09-25 06:57:17,695 [RatisPipelineUtilsThread] INFO  pipeline.PipelinePlacementPolicy (PipelinePlacementPolicy.java:meetCriteria(91)) - Pipeline Placement: can't place more pipeline on heavy datanode： 653880d8-4d63-4a6f-aa71-df139f9890f6 Heaviness: 6 limit: 5
2019-09-25 06:57:17,695 [RatisPipelineUtilsThread] INFO  pipeline.PipelinePlacementPolicy (PipelinePlacementPolicy.java:meetCriteria(91)) - Pipeline Placement: can't place more pipeline on heavy datanode： 01553a77-28cd-4c2d-9e28-284eca33e668 Heaviness: 6 limit: 5
2019-09-25 06:57:17,718 [grpc-default-executor-0] INFO  impl.RaftServerProxy (RaftServerProxy.java:addNew(89)) - d70a231e-a310-420f-b479-fee7bb9573e2: addNew group-1CB49CB62688:[d70a231e-a310-420f-b479-fee7bb9573e2:192.168.164.207:35089] returns group-1CB49CB62688:java.util.concurrent.CompletableFuture@3e005f6c[Not completed]
2019-09-25 06:57:17,719 [pool-27-thread-1] INFO  impl.RaftServerImpl (RaftServerImpl.java:<init>(95)) - d70a231e-a310-420f-b479-fee7bb9573e2: new RaftServerImpl for group-1CB49CB62688:[d70a231e-a310-420f-b479-fee7bb9573e2:192.168.164.207:35089] with ContainerStateMachine:uninitialized
2019-09-25 06:57:17,719 [pool-27-thread-1] INFO  server.RaftServerConfigKeys (ConfUtils.java:logGet(43)) - raft.server.rpc.timeout.min = 5s (custom)
2019-09-25 06:57:17,720 [pool-27-thread-1] INFO  server.RaftServerConfigKeys (ConfUtils.java:logGet(43)) - raft.server.rpc.timeout.max = 5200ms (custom)
2019-09-25 06:57:17,720 [pool-27-thread-1] INFO  server.RaftServerConfigKeys (ConfUtils.java:logGet(43)) - raft.server.rpcslowness.timeout = 120s (custom)
2019-09-25 06:57:17,720 [pool-27-thread-1] INFO  server.RaftServerConfigKeys (ConfUtils.java:logGet(43)) - raft.server.sleep.deviation.threshold = 300 (default)
2019-09-25 06:57:17,720 [pool-27-thread-1] INFO  server.RaftServerConfigKeys (ConfUtils.java:logGet(43)) - raft.server.log.appender.install.snapshot.enabled = false (custom)
2019-09-25 06:57:17,720 [pool-27-thread-1] INFO  impl.RaftServerImpl (ServerState.java:<init>(103)) - d70a231e-a310-420f-b479-fee7bb9573e2@group-1CB49CB62688: ConfigurationManager, init=-1: [d70a231e-a310-420f-b479-fee7bb9573e2:192.168.164.207:35089], old=null, confs=<EMPTY_MAP>
2019-09-25 06:57:17,720 [pool-27-thread-1] INFO  server.RaftServerConfigKeys (ConfUtils.java:logGet(43)) - raft.server.storage.dir = [/workdir/hadoop-ozone/tools/target/test-dir/MiniOzoneClusterImpl-9e6d1b68-582c-4998-83b3-e2f12469c286/datanode-0/data/ratis] (custom)
2019-09-25 06:57:17,721 [pool-27-thread-1] INFO  storage.RaftStorageDirectory (RaftStorageDirectory.java:analyzeStorage(246)) - The storage directory /workdir/hadoop-ozone/tools/target/test-dir/MiniOzoneClusterImpl-9e6d1b68-582c-4998-83b3-e2f12469c286/datanode-0/data/ratis/0257b720-ac9d-47ba-8dc7-1cb49cb62688 does not exist. Creating ...
2019-09-25 06:57:17,733 [pool-27-thread-1] INFO  storage.RaftStorageDirectory (RaftStorageDirectory.java:tryLock(328)) - Lock on /workdir/hadoop-ozone/tools/target/test-dir/MiniOzoneClusterImpl-9e6d1b68-582c-4998-83b3-e2f12469c286/datanode-0/data/ratis/0257b720-ac9d-47ba-8dc7-1cb49cb62688/in_use.lock acquired by nodename 32716@pr-hdds-1569-s44lr-3492059363
2019-09-25 06:57:17,746 [pool-27-thread-1] INFO  storage.RaftStorage (RaftStorage.java:format(72)) - Storage directory /workdir/hadoop-ozone/tools/target/test-dir/MiniOzoneClusterImpl-9e6d1b68-582c-4998-83b3-e2f12469c286/datanode-0/data/ratis/0257b720-ac9d-47ba-8dc7-1cb49cb62688 has been successfully formatted.
2019-09-25 06:57:17,746 [pool-27-thread-1] INFO  ratis.ContainerStateMachine (ContainerStateMachine.java:loadSnapshot(230)) - group-1CB49CB62688: The snapshot info is null. Setting the last applied indexto:(t:0, i:~)
2019-09-25 06:57:17,747 [pool-27-thread-1] INFO  server.RaftServerConfigKeys (ConfUtils.java:logGet(43)) - raft.server.notification.no-leader.timeout = 120s (custom)
2019-09-25 06:57:17,747 [pool-27-thread-1] INFO  server.RaftServerConfigKeys (ConfUtils.java:logGet(43)) - raft.server.log.use.memory = false (default)
2019-09-25 06:57:17,747 [pool-27-thread-1] INFO  server.RaftServerConfigKeys (ConfUtils.java:logGet(43)) - raft.server.log.purge.gap = 1000000 (custom)
2019-09-25 06:57:17,747 [pool-27-thread-1] INFO  server.RaftServerConfigKeys (ConfUtils.java:logGet(43)) - raft.server.log.appender.buffer.byte-limit = 33554432 (custom)
2019-09-25 06:57:17,747 [pool-27-thread-1] INFO  server.RaftServerConfigKeys (ConfUtils.java:logGet(43)) - raft.server.log.segment.size.max = 1048576 (custom)
2019-09-25 06:57:17,747 [pool-27-thread-1] INFO  server.RaftServerConfigKeys (ConfUtils.java:logGet(43)) - raft.server.log.segment.cache.num.max = 2 (custom)
2019-09-25 06:57:17,748 [pool-27-thread-1] INFO  segmented.SegmentedRaftLogWorker (SegmentedRaftLogWorker.java:<init>(172)) - new d70a231e-a310-420f-b479-fee7bb9573e2@group-1CB49CB62688-SegmentedRaftLogWorker for RaftStorage:Storage Directory /workdir/hadoop-ozone/tools/target/test-dir/MiniOzoneClusterImpl-9e6d1b68-582c-4998-83b3-e2f12469c286/datanode-0/data/ratis/0257b720-ac9d-47ba-8dc7-1cb49cb62688
2019-09-25 06:57:17,748 [pool-27-thread-1] INFO  server.RaftServerConfigKeys (ConfUtils.java:logGet(43)) - raft.server.log.queue.byte-limit = 2147483647 (custom)
2019-09-25 06:57:17,748 [pool-27-thread-1] INFO  server.RaftServerConfigKeys (ConfUtils.java:logGet(43)) - raft.server.log.queue.element-limit = 1024 (custom)
2019-09-25 06:57:17,748 [pool-27-thread-1] INFO  server.RaftServerConfigKeys (ConfUtils.java:logGet(43)) - raft.server.log.segment.size.max = 1048576 (custom)
2019-09-25 06:57:17,748 [pool-27-thread-1] INFO  server.RaftServerConfigKeys (ConfUtils.java:logGet(43)) - raft.server.log.preallocated.size = 16384 (custom)
2019-09-25 06:57:17,748 [pool-27-thread-1] INFO  server.RaftServerConfigKeys (ConfUtils.java:logGet(43)) - raft.server.log.write.buffer.size = 33554432 (custom)
2019-09-25 06:57:17,748 [pool-27-thread-1] INFO  server.RaftServerConfigKeys (ConfUtils.java:logGet(43)) - raft.server.log.force.sync.num = 128 (default)
2019-09-25 06:57:17,748 [pool-27-thread-1] INFO  server.RaftServerConfigKeys (ConfUtils.java:logGet(43)) - raft.server.log.statemachine.data.sync = true (default)
2019-09-25 06:57:17,749 [pool-27-thread-1] INFO  server.RaftServerConfigKeys (ConfUtils.java:logGet(43)) - raft.server.log.statemachine.data.sync.timeout = 10s (default)
2019-09-25 06:57:17,749 [pool-27-thread-1] INFO  server.RaftServerConfigKeys (ConfUtils.java:logGet(43)) - raft.server.log.statemachine.data.sync.timeout.retry = -1 (default)
2019-09-25 06:57:17,749 [pool-27-thread-1] INFO  server.RaftServerConfigKeys (ConfUtils.java:logGet(43)) - raft.server.log.statemachine.data.caching.enabled = true (custom)
2019-09-25 06:57:17,749 [pool-27-thread-1] INFO  segmented.SegmentedRaftLogWorker (SegmentedRaftLogWorker.java:lambda$new$0(132)) - d70a231e-a310-420f-b479-fee7bb9573e2@group-1CB49CB62688-SegmentedRaftLogWorker: flushIndex: setUnconditionally 0 -> -1
2019-09-25 06:57:17,750 [pool-27-thread-1] INFO  server.RaftServerConfigKeys (ConfUtils.java:logGet(43)) - raft.server.snapshot.auto.trigger.enabled = true (custom)
2019-09-25 06:57:17,750 [pool-27-thread-1] INFO  server.RaftServerConfigKeys (ConfUtils.java:logGet(43)) - raft.server.snapshot.auto.trigger.threshold = 10000 (custom)
2019-09-25 06:57:17,750 [pool-27-thread-1] INFO  server.RaftServerConfigKeys (ConfUtils.java:logGet(43)) - raft.server.snapshot.retention.num.files = 5 (custom)
2019-09-25 06:57:17,750 [pool-27-thread-1] INFO  server.RaftServerConfigKeys (ConfUtils.java:logGet(43)) - raft.server.retrycache.expirytime = 600000ms (custom)
2019-09-25 06:57:17,753 [pool-27-thread-1] INFO  impl.RaftServerImpl (RaftServerImpl.java:start(185)) - d70a231e-a310-420f-b479-fee7bb9573e2@group-1CB49CB62688: start as a follower, conf=-1: [d70a231e-a310-420f-b479-fee7bb9573e2:192.168.164.207:35089], old=null
2019-09-25 06:57:17,753 [pool-27-thread-1] INFO  impl.RaftServerImpl (RaftServerImpl.java:setRole(174)) - d70a231e-a310-420f-b479-fee7bb9573e2@group-1CB49CB62688: changes role from      null to FOLLOWER at term 0 for startAsFollower
2019-09-25 06:57:17,753 [pool-27-thread-1] INFO  impl.RoleInfo (RoleInfo.java:updateAndGet(143)) - d70a231e-a310-420f-b479-fee7bb9573e2: start FollowerState
2019-09-25 06:57:17,759 [pool-27-thread-1] INFO  util.JmxRegister (JmxRegister.java:tryRegister(44)) - Successfully registered JMX Bean with object name Ratis:service=RaftServer,group=group-1CB49CB62688,id=d70a231e-a310-420f-b479-fee7bb9573e2
2019-09-25 06:57:17,770 [RatisPipelineUtilsThread] INFO  pipeline.PipelineStateManager (PipelineStateManager.java:addPipeline(56)) - Created pipeline Pipeline[ Id: 0257b720-ac9d-47ba-8dc7-1cb49cb62688, Nodes: d70a231e-a310-420f-b479-fee7bb9573e2{ip: 192.168.164.207, host: pr-hdds-1569-s44lr-3492059363, networkLocation: /default-rack, certSerialId: null}, Type:RATIS, Factor:ONE, State:OPEN]
2019-09-25 06:57:17,770 [RatisPipelineUtilsThread] INFO  pipeline.PipelinePlacementPolicy (PipelinePlacementPolicy.java:meetCriteria(91)) - Pipeline Placement: can't place more pipeline on heavy datanode： 653880d8-4d63-4a6f-aa71-df139f9890f6 Heaviness: 6 limit: 5
2019-09-25 06:57:17,770 [RatisPipelineUtilsThread] INFO  pipeline.PipelinePlacementPolicy (PipelinePlacementPolicy.java:meetCriteria(91)) - Pipeline Placement: can't place more pipeline on heavy datanode： 01553a77-28cd-4c2d-9e28-284eca33e668 Heaviness: 6 limit: 5
2019-09-25 06:57:17,779 [grpc-default-executor-0] INFO  impl.RaftServerProxy (RaftServerProxy.java:addNew(89)) - 4ea58b4a-8782-4322-ab8b-25eaf0c432e3: addNew group-840DD9CD642A:[4ea58b4a-8782-4322-ab8b-25eaf0c432e3:192.168.164.207:42115] returns group-840DD9CD642A:java.util.concurrent.CompletableFuture@4736a09c[Not completed]
2019-09-25 06:57:17,781 [pool-37-thread-1] INFO  impl.RaftServerImpl (RaftServerImpl.java:<init>(95)) - 4ea58b4a-8782-4322-ab8b-25eaf0c432e3: new RaftServerImpl for group-840DD9CD642A:[4ea58b4a-8782-4322-ab8b-25eaf0c432e3:192.168.164.207:42115] with ContainerStateMachine:uninitialized
2019-09-25 06:57:17,781 [pool-37-thread-1] INFO  server.RaftServerConfigKeys (ConfUtils.java:logGet(43)) - raft.server.rpc.timeout.min = 5s (custom)
2019-09-25 06:57:17,781 [pool-37-thread-1] INFO  server.RaftServerConfigKeys (ConfUtils.java:logGet(43)) - raft.server.rpc.timeout.max = 5200ms (custom)
2019-09-25 06:57:17,781 [pool-37-thread-1] INFO  server.RaftServerConfigKeys (ConfUtils.java:logGet(43)) - raft.server.rpcslowness.timeout = 120s (custom)
2019-09-25 06:57:17,781 [pool-37-thread-1] INFO  server.RaftServerConfigKeys (ConfUtils.java:logGet(43)) - raft.server.sleep.deviation.threshold = 300 (default)
2019-09-25 06:57:17,781 [pool-37-thread-1] INFO  server.RaftServerConfigKeys (ConfUtils.java:logGet(43)) - raft.server.log.appender.install.snapshot.enabled = false (custom)
2019-09-25 06:57:17,781 [pool-37-thread-1] INFO  impl.RaftServerImpl (ServerState.java:<init>(103)) - 4ea58b4a-8782-4322-ab8b-25eaf0c432e3@group-840DD9CD642A: ConfigurationManager, init=-1: [4ea58b4a-8782-4322-ab8b-25eaf0c432e3:192.168.164.207:42115], old=null, confs=<EMPTY_MAP>
2019-09-25 06:57:17,781 [pool-37-thread-1] INFO  server.RaftServerConfigKeys (ConfUtils.java:logGet(43)) - raft.server.storage.dir = [/workdir/hadoop-ozone/tools/target/test-dir/MiniOzoneClusterImpl-9e6d1b68-582c-4998-83b3-e2f12469c286/datanode-1/data/ratis] (custom)
2019-09-25 06:57:17,782 [pool-37-thread-1] INFO  storage.RaftStorageDirectory (RaftStorageDirectory.java:analyzeStorage(246)) - The storage directory /workdir/hadoop-ozone/tools/target/test-dir/MiniOzoneClusterImpl-9e6d1b68-582c-4998-83b3-e2f12469c286/datanode-1/data/ratis/2441dd63-d5c9-49c5-9b71-840dd9cd642a does not exist. Creating ...
2019-09-25 06:57:17,795 [pool-37-thread-1] INFO  storage.RaftStorageDirectory (RaftStorageDirectory.java:tryLock(328)) - Lock on /workdir/hadoop-ozone/tools/target/test-dir/MiniOzoneClusterImpl-9e6d1b68-582c-4998-83b3-e2f12469c286/datanode-1/data/ratis/2441dd63-d5c9-49c5-9b71-840dd9cd642a/in_use.lock acquired by nodename 32716@pr-hdds-1569-s44lr-3492059363
2019-09-25 06:57:17,807 [pool-37-thread-1] INFO  storage.RaftStorage (RaftStorage.java:format(72)) - Storage directory /workdir/hadoop-ozone/tools/target/test-dir/MiniOzoneClusterImpl-9e6d1b68-582c-4998-83b3-e2f12469c286/datanode-1/data/ratis/2441dd63-d5c9-49c5-9b71-840dd9cd642a has been successfully formatted.
2019-09-25 06:57:17,808 [pool-37-thread-1] INFO  ratis.ContainerStateMachine (ContainerStateMachine.java:loadSnapshot(230)) - group-840DD9CD642A: The snapshot info is null. Setting the last applied indexto:(t:0, i:~)
2019-09-25 06:57:17,808 [pool-37-thread-1] INFO  server.RaftServerConfigKeys (ConfUtils.java:logGet(43)) - raft.server.notification.no-leader.timeout = 120s (custom)
2019-09-25 06:57:17,808 [pool-37-thread-1] INFO  server.RaftServerConfigKeys (ConfUtils.java:logGet(43)) - raft.server.log.use.memory = false (default)
2019-09-25 06:57:17,808 [pool-37-thread-1] INFO  server.RaftServerConfigKeys (ConfUtils.java:logGet(43)) - raft.server.log.purge.gap = 1000000 (custom)
2019-09-25 06:57:17,808 [pool-37-thread-1] INFO  server.RaftServerConfigKeys (ConfUtils.java:logGet(43)) - raft.server.log.appender.buffer.byte-limit = 33554432 (custom)
2019-09-25 06:57:17,808 [pool-37-thread-1] INFO  server.RaftServerConfigKeys (ConfUtils.java:logGet(43)) - raft.server.log.segment.size.max = 1048576 (custom)
2019-09-25 06:57:17,808 [pool-37-thread-1] INFO  server.RaftServerConfigKeys (ConfUtils.java:logGet(43)) - raft.server.log.segment.cache.num.max = 2 (custom)
2019-09-25 06:57:17,809 [pool-37-thread-1] INFO  segmented.SegmentedRaftLogWorker (SegmentedRaftLogWorker.java:<init>(172)) - new 4ea58b4a-8782-4322-ab8b-25eaf0c432e3@group-840DD9CD642A-SegmentedRaftLogWorker for RaftStorage:Storage Directory /workdir/hadoop-ozone/tools/target/test-dir/MiniOzoneClusterImpl-9e6d1b68-582c-4998-83b3-e2f12469c286/datanode-1/data/ratis/2441dd63-d5c9-49c5-9b71-840dd9cd642a
2019-09-25 06:57:17,809 [pool-37-thread-1] INFO  server.RaftServerConfigKeys (ConfUtils.java:logGet(43)) - raft.server.log.queue.byte-limit = 2147483647 (custom)
2019-09-25 06:57:17,809 [pool-37-thread-1] INFO  server.RaftServerConfigKeys (ConfUtils.java:logGet(43)) - raft.server.log.queue.element-limit = 1024 (custom)
2019-09-25 06:57:17,809 [pool-37-thread-1] INFO  server.RaftServerConfigKeys (ConfUtils.java:logGet(43)) - raft.server.log.segment.size.max = 1048576 (custom)
2019-09-25 06:57:17,809 [pool-37-thread-1] INFO  server.RaftServerConfigKeys (ConfUtils.java:logGet(43)) - raft.server.log.preallocated.size = 16384 (custom)
2019-09-25 06:57:17,809 [pool-37-thread-1] INFO  server.RaftServerConfigKeys (ConfUtils.java:logGet(43)) - raft.server.log.write.buffer.size = 33554432 (custom)
2019-09-25 06:57:17,809 [pool-37-thread-1] INFO  server.RaftServerConfigKeys (ConfUtils.java:logGet(43)) - raft.server.log.force.sync.num = 128 (default)
2019-09-25 06:57:17,809 [pool-37-thread-1] INFO  server.RaftServerConfigKeys (ConfUtils.java:logGet(43)) - raft.server.log.statemachine.data.sync = true (default)
2019-09-25 06:57:17,810 [pool-37-thread-1] INFO  server.RaftServerConfigKeys (ConfUtils.java:logGet(43)) - raft.server.log.statemachine.data.sync.timeout = 10s (default)
2019-09-25 06:57:17,810 [pool-37-thread-1] INFO  server.RaftServerConfigKeys (ConfUtils.java:logGet(43)) - raft.server.log.statemachine.data.sync.timeout.retry = -1 (default)
2019-09-25 06:57:17,810 [pool-37-thread-1] INFO  server.RaftServerConfigKeys (ConfUtils.java:logGet(43)) - raft.server.log.statemachine.data.caching.enabled = true (custom)
2019-09-25 06:57:17,810 [pool-37-thread-1] INFO  segmented.SegmentedRaftLogWorker (SegmentedRaftLogWorker.java:lambda$new$0(132)) - 4ea58b4a-8782-4322-ab8b-25eaf0c432e3@group-840DD9CD642A-SegmentedRaftLogWorker: flushIndex: setUnconditionally 0 -> -1
2019-09-25 06:57:17,811 [pool-37-thread-1] INFO  server.RaftServerConfigKeys (ConfUtils.java:logGet(43)) - raft.server.snapshot.auto.trigger.enabled = true (custom)
2019-09-25 06:57:17,811 [pool-37-thread-1] INFO  server.RaftServerConfigKeys (ConfUtils.java:logGet(43)) - raft.server.snapshot.auto.trigger.threshold = 10000 (custom)
2019-09-25 06:57:17,811 [pool-37-thread-1] INFO  server.RaftServerConfigKeys (ConfUtils.java:logGet(43)) - raft.server.snapshot.retention.num.files = 5 (custom)
2019-09-25 06:57:17,811 [pool-37-thread-1] INFO  server.RaftServerConfigKeys (ConfUtils.java:logGet(43)) - raft.server.retrycache.expirytime = 600000ms (custom)
2019-09-25 06:57:17,813 [pool-37-thread-1] INFO  impl.RaftServerImpl (RaftServerImpl.java:start(185)) - 4ea58b4a-8782-4322-ab8b-25eaf0c432e3@group-840DD9CD642A: start as a follower, conf=-1: [4ea58b4a-8782-4322-ab8b-25eaf0c432e3:192.168.164.207:42115], old=null
2019-09-25 06:57:17,814 [pool-37-thread-1] INFO  impl.RaftServerImpl (RaftServerImpl.java:setRole(174)) - 4ea58b4a-8782-4322-ab8b-25eaf0c432e3@group-840DD9CD642A: changes role from      null to FOLLOWER at term 0 for startAsFollower
2019-09-25 06:57:17,814 [pool-37-thread-1] INFO  impl.RoleInfo (RoleInfo.java:updateAndGet(143)) - 4ea58b4a-8782-4322-ab8b-25eaf0c432e3: start FollowerState
2019-09-25 06:57:17,814 [pool-37-thread-1] INFO  util.JmxRegister (JmxRegister.java:tryRegister(44)) - Successfully registered JMX Bean with object name Ratis:service=RaftServer,group=group-840DD9CD642A,id=4ea58b4a-8782-4322-ab8b-25eaf0c432e3
2019-09-25 06:57:17,822 [RatisPipelineUtilsThread] INFO  pipeline.PipelineStateManager (PipelineStateManager.java:addPipeline(56)) - Created pipeline Pipeline[ Id: 2441dd63-d5c9-49c5-9b71-840dd9cd642a, Nodes: 4ea58b4a-8782-4322-ab8b-25eaf0c432e3{ip: 192.168.164.207, host: pr-hdds-1569-s44lr-3492059363, networkLocation: /default-rack, certSerialId: null}, Type:RATIS, Factor:ONE, State:OPEN]
2019-09-25 06:57:17,822 [RatisPipelineUtilsThread] INFO  pipeline.PipelinePlacementPolicy (PipelinePlacementPolicy.java:meetCriteria(91)) - Pipeline Placement: can't place more pipeline on heavy datanode： 653880d8-4d63-4a6f-aa71-df139f9890f6 Heaviness: 6 limit: 5
2019-09-25 06:57:17,823 [RatisPipelineUtilsThread] INFO  pipeline.PipelinePlacementPolicy (PipelinePlacementPolicy.java:meetCriteria(91)) - Pipeline Placement: can't place more pipeline on heavy datanode： 01553a77-28cd-4c2d-9e28-284eca33e668 Heaviness: 6 limit: 5
2019-09-25 06:57:17,839 [grpc-default-executor-0] INFO  impl.RaftServerProxy (RaftServerProxy.java:addNew(89)) - d70a231e-a310-420f-b479-fee7bb9573e2: addNew group-249963C6734C:[d70a231e-a310-420f-b479-fee7bb9573e2:192.168.164.207:35089] returns group-249963C6734C:java.util.concurrent.CompletableFuture@6f7cb66c[Not completed]
2019-09-25 06:57:17,841 [pool-27-thread-1] INFO  impl.RaftServerImpl (RaftServerImpl.java:<init>(95)) - d70a231e-a310-420f-b479-fee7bb9573e2: new RaftServerImpl for group-249963C6734C:[d70a231e-a310-420f-b479-fee7bb9573e2:192.168.164.207:35089] with ContainerStateMachine:uninitialized
2019-09-25 06:57:17,841 [pool-27-thread-1] INFO  server.RaftServerConfigKeys (ConfUtils.java:logGet(43)) - raft.server.rpc.timeout.min = 5s (custom)
2019-09-25 06:57:17,841 [pool-27-thread-1] INFO  server.RaftServerConfigKeys (ConfUtils.java:logGet(43)) - raft.server.rpc.timeout.max = 5200ms (custom)
2019-09-25 06:57:17,841 [pool-27-thread-1] INFO  server.RaftServerConfigKeys (ConfUtils.java:logGet(43)) - raft.server.rpcslowness.timeout = 120s (custom)
2019-09-25 06:57:17,842 [pool-27-thread-1] INFO  server.RaftServerConfigKeys (ConfUtils.java:logGet(43)) - raft.server.sleep.deviation.threshold = 300 (default)
2019-09-25 06:57:17,842 [pool-27-thread-1] INFO  server.RaftServerConfigKeys (ConfUtils.java:logGet(43)) - raft.server.log.appender.install.snapshot.enabled = false (custom)
2019-09-25 06:57:17,842 [pool-27-thread-1] INFO  impl.RaftServerImpl (ServerState.java:<init>(103)) - d70a231e-a310-420f-b479-fee7bb9573e2@group-249963C6734C: ConfigurationManager, init=-1: [d70a231e-a310-420f-b479-fee7bb9573e2:192.168.164.207:35089], old=null, confs=<EMPTY_MAP>
2019-09-25 06:57:17,842 [pool-27-thread-1] INFO  server.RaftServerConfigKeys (ConfUtils.java:logGet(43)) - raft.server.storage.dir = [/workdir/hadoop-ozone/tools/target/test-dir/MiniOzoneClusterImpl-9e6d1b68-582c-4998-83b3-e2f12469c286/datanode-0/data/ratis] (custom)
2019-09-25 06:57:17,843 [pool-27-thread-1] INFO  storage.RaftStorageDirectory (RaftStorageDirectory.java:analyzeStorage(246)) - The storage directory /workdir/hadoop-ozone/tools/target/test-dir/MiniOzoneClusterImpl-9e6d1b68-582c-4998-83b3-e2f12469c286/datanode-0/data/ratis/f4b5c197-ea46-441c-9038-249963c6734c does not exist. Creating ...
2019-09-25 06:57:17,855 [pool-27-thread-1] INFO  storage.RaftStorageDirectory (RaftStorageDirectory.java:tryLock(328)) - Lock on /workdir/hadoop-ozone/tools/target/test-dir/MiniOzoneClusterImpl-9e6d1b68-582c-4998-83b3-e2f12469c286/datanode-0/data/ratis/f4b5c197-ea46-441c-9038-249963c6734c/in_use.lock acquired by nodename 32716@pr-hdds-1569-s44lr-3492059363
2019-09-25 06:57:17,878 [pool-27-thread-1] INFO  storage.RaftStorage (RaftStorage.java:format(72)) - Storage directory /workdir/hadoop-ozone/tools/target/test-dir/MiniOzoneClusterImpl-9e6d1b68-582c-4998-83b3-e2f12469c286/datanode-0/data/ratis/f4b5c197-ea46-441c-9038-249963c6734c has been successfully formatted.
2019-09-25 06:57:17,878 [pool-27-thread-1] INFO  ratis.ContainerStateMachine (ContainerStateMachine.java:loadSnapshot(230)) - group-249963C6734C: The snapshot info is null. Setting the last applied indexto:(t:0, i:~)
2019-09-25 06:57:17,878 [pool-27-thread-1] INFO  server.RaftServerConfigKeys (ConfUtils.java:logGet(43)) - raft.server.notification.no-leader.timeout = 120s (custom)
2019-09-25 06:57:17,880 [pool-27-thread-1] INFO  server.RaftServerConfigKeys (ConfUtils.java:logGet(43)) - raft.server.log.use.memory = false (default)
2019-09-25 06:57:17,880 [pool-27-thread-1] INFO  server.RaftServerConfigKeys (ConfUtils.java:logGet(43)) - raft.server.log.purge.gap = 1000000 (custom)
2019-09-25 06:57:17,880 [pool-27-thread-1] INFO  server.RaftServerConfigKeys (ConfUtils.java:logGet(43)) - raft.server.log.appender.buffer.byte-limit = 33554432 (custom)
2019-09-25 06:57:17,880 [pool-27-thread-1] INFO  server.RaftServerConfigKeys (ConfUtils.java:logGet(43)) - raft.server.log.segment.size.max = 1048576 (custom)
2019-09-25 06:57:17,880 [pool-27-thread-1] INFO  server.RaftServerConfigKeys (ConfUtils.java:logGet(43)) - raft.server.log.segment.cache.num.max = 2 (custom)
2019-09-25 06:57:17,880 [pool-27-thread-1] INFO  segmented.SegmentedRaftLogWorker (SegmentedRaftLogWorker.java:<init>(172)) - new d70a231e-a310-420f-b479-fee7bb9573e2@group-249963C6734C-SegmentedRaftLogWorker for RaftStorage:Storage Directory /workdir/hadoop-ozone/tools/target/test-dir/MiniOzoneClusterImpl-9e6d1b68-582c-4998-83b3-e2f12469c286/datanode-0/data/ratis/f4b5c197-ea46-441c-9038-249963c6734c
2019-09-25 06:57:17,880 [pool-27-thread-1] INFO  server.RaftServerConfigKeys (ConfUtils.java:logGet(43)) - raft.server.log.queue.byte-limit = 2147483647 (custom)
2019-09-25 06:57:17,880 [pool-27-thread-1] INFO  server.RaftServerConfigKeys (ConfUtils.java:logGet(43)) - raft.server.log.queue.element-limit = 1024 (custom)
2019-09-25 06:57:17,881 [pool-27-thread-1] INFO  server.RaftServerConfigKeys (ConfUtils.java:logGet(43)) - raft.server.log.segment.size.max = 1048576 (custom)
2019-09-25 06:57:17,881 [pool-27-thread-1] INFO  server.RaftServerConfigKeys (ConfUtils.java:logGet(43)) - raft.server.log.preallocated.size = 16384 (custom)
2019-09-25 06:57:17,881 [pool-27-thread-1] INFO  server.RaftServerConfigKeys (ConfUtils.java:logGet(43)) - raft.server.log.write.buffer.size = 33554432 (custom)
2019-09-25 06:57:17,881 [pool-27-thread-1] INFO  server.RaftServerConfigKeys (ConfUtils.java:logGet(43)) - raft.server.log.force.sync.num = 128 (default)
2019-09-25 06:57:17,881 [pool-27-thread-1] INFO  server.RaftServerConfigKeys (ConfUtils.java:logGet(43)) - raft.server.log.statemachine.data.sync = true (default)
2019-09-25 06:57:17,881 [pool-27-thread-1] INFO  server.RaftServerConfigKeys (ConfUtils.java:logGet(43)) - raft.server.log.statemachine.data.sync.timeout = 10s (default)
2019-09-25 06:57:17,881 [pool-27-thread-1] INFO  server.RaftServerConfigKeys (ConfUtils.java:logGet(43)) - raft.server.log.statemachine.data.sync.timeout.retry = -1 (default)
2019-09-25 06:57:17,881 [pool-27-thread-1] INFO  server.RaftServerConfigKeys (ConfUtils.java:logGet(43)) - raft.server.log.statemachine.data.caching.enabled = true (custom)
2019-09-25 06:57:17,884 [pool-27-thread-1] INFO  segmented.SegmentedRaftLogWorker (SegmentedRaftLogWorker.java:lambda$new$0(132)) - d70a231e-a310-420f-b479-fee7bb9573e2@group-249963C6734C-SegmentedRaftLogWorker: flushIndex: setUnconditionally 0 -> -1
2019-09-25 06:57:17,884 [pool-27-thread-1] INFO  server.RaftServerConfigKeys (ConfUtils.java:logGet(43)) - raft.server.snapshot.auto.trigger.enabled = true (custom)
2019-09-25 06:57:17,885 [pool-27-thread-1] INFO  server.RaftServerConfigKeys (ConfUtils.java:logGet(43)) - raft.server.snapshot.auto.trigger.threshold = 10000 (custom)
2019-09-25 06:57:17,885 [pool-27-thread-1] INFO  server.RaftServerConfigKeys (ConfUtils.java:logGet(43)) - raft.server.snapshot.retention.num.files = 5 (custom)
2019-09-25 06:57:17,885 [pool-27-thread-1] INFO  server.RaftServerConfigKeys (ConfUtils.java:logGet(43)) - raft.server.retrycache.expirytime = 600000ms (custom)
2019-09-25 06:57:17,887 [pool-27-thread-1] INFO  impl.RaftServerImpl (RaftServerImpl.java:start(185)) - d70a231e-a310-420f-b479-fee7bb9573e2@group-249963C6734C: start as a follower, conf=-1: [d70a231e-a310-420f-b479-fee7bb9573e2:192.168.164.207:35089], old=null
2019-09-25 06:57:17,888 [pool-27-thread-1] INFO  impl.RaftServerImpl (RaftServerImpl.java:setRole(174)) - d70a231e-a310-420f-b479-fee7bb9573e2@group-249963C6734C: changes role from      null to FOLLOWER at term 0 for startAsFollower
2019-09-25 06:57:17,888 [pool-27-thread-1] INFO  impl.RoleInfo (RoleInfo.java:updateAndGet(143)) - d70a231e-a310-420f-b479-fee7bb9573e2: start FollowerState
2019-09-25 06:57:17,888 [pool-27-thread-1] INFO  util.JmxRegister (JmxRegister.java:tryRegister(44)) - Successfully registered JMX Bean with object name Ratis:service=RaftServer,group=group-249963C6734C,id=d70a231e-a310-420f-b479-fee7bb9573e2
2019-09-25 06:57:17,893 [RatisPipelineUtilsThread] INFO  pipeline.PipelineStateManager (PipelineStateManager.java:addPipeline(56)) - Created pipeline Pipeline[ Id: f4b5c197-ea46-441c-9038-249963c6734c, Nodes: d70a231e-a310-420f-b479-fee7bb9573e2{ip: 192.168.164.207, host: pr-hdds-1569-s44lr-3492059363, networkLocation: /default-rack, certSerialId: null}, Type:RATIS, Factor:ONE, State:OPEN]
2019-09-25 06:57:17,893 [RatisPipelineUtilsThread] INFO  pipeline.PipelinePlacementPolicy (PipelinePlacementPolicy.java:meetCriteria(91)) - Pipeline Placement: can't place more pipeline on heavy datanode： 653880d8-4d63-4a6f-aa71-df139f9890f6 Heaviness: 6 limit: 5
2019-09-25 06:57:17,893 [RatisPipelineUtilsThread] INFO  pipeline.PipelinePlacementPolicy (PipelinePlacementPolicy.java:meetCriteria(91)) - Pipeline Placement: can't place more pipeline on heavy datanode： d70a231e-a310-420f-b479-fee7bb9573e2 Heaviness: 6 limit: 5
2019-09-25 06:57:17,894 [RatisPipelineUtilsThread] INFO  pipeline.PipelinePlacementPolicy (PipelinePlacementPolicy.java:meetCriteria(91)) - Pipeline Placement: can't place more pipeline on heavy datanode： 01553a77-28cd-4c2d-9e28-284eca33e668 Heaviness: 6 limit: 5
2019-09-25 06:57:17,901 [grpc-default-executor-0] INFO  impl.RaftServerProxy (RaftServerProxy.java:addNew(89)) - 4ea58b4a-8782-4322-ab8b-25eaf0c432e3: addNew group-2ACC40219E80:[4ea58b4a-8782-4322-ab8b-25eaf0c432e3:192.168.164.207:42115] returns group-2ACC40219E80:java.util.concurrent.CompletableFuture@3b7b8655[Not completed]
2019-09-25 06:57:17,903 [pool-37-thread-1] INFO  impl.RaftServerImpl (RaftServerImpl.java:<init>(95)) - 4ea58b4a-8782-4322-ab8b-25eaf0c432e3: new RaftServerImpl for group-2ACC40219E80:[4ea58b4a-8782-4322-ab8b-25eaf0c432e3:192.168.164.207:42115] with ContainerStateMachine:uninitialized
2019-09-25 06:57:17,903 [pool-37-thread-1] INFO  server.RaftServerConfigKeys (ConfUtils.java:logGet(43)) - raft.server.rpc.timeout.min = 5s (custom)
2019-09-25 06:57:17,904 [pool-37-thread-1] INFO  server.RaftServerConfigKeys (ConfUtils.java:logGet(43)) - raft.server.rpc.timeout.max = 5200ms (custom)
2019-09-25 06:57:17,904 [pool-37-thread-1] INFO  server.RaftServerConfigKeys (ConfUtils.java:logGet(43)) - raft.server.rpcslowness.timeout = 120s (custom)
2019-09-25 06:57:17,904 [pool-37-thread-1] INFO  server.RaftServerConfigKeys (ConfUtils.java:logGet(43)) - raft.server.sleep.deviation.threshold = 300 (default)
2019-09-25 06:57:17,904 [pool-37-thread-1] INFO  server.RaftServerConfigKeys (ConfUtils.java:logGet(43)) - raft.server.log.appender.install.snapshot.enabled = false (custom)
2019-09-25 06:57:17,904 [pool-37-thread-1] INFO  impl.RaftServerImpl (ServerState.java:<init>(103)) - 4ea58b4a-8782-4322-ab8b-25eaf0c432e3@group-2ACC40219E80: ConfigurationManager, init=-1: [4ea58b4a-8782-4322-ab8b-25eaf0c432e3:192.168.164.207:42115], old=null, confs=<EMPTY_MAP>
2019-09-25 06:57:17,904 [pool-37-thread-1] INFO  server.RaftServerConfigKeys (ConfUtils.java:logGet(43)) - raft.server.storage.dir = [/workdir/hadoop-ozone/tools/target/test-dir/MiniOzoneClusterImpl-9e6d1b68-582c-4998-83b3-e2f12469c286/datanode-1/data/ratis] (custom)
2019-09-25 06:57:17,905 [pool-37-thread-1] INFO  storage.RaftStorageDirectory (RaftStorageDirectory.java:analyzeStorage(246)) - The storage directory /workdir/hadoop-ozone/tools/target/test-dir/MiniOzoneClusterImpl-9e6d1b68-582c-4998-83b3-e2f12469c286/datanode-1/data/ratis/81664061-9d31-459d-af54-2acc40219e80 does not exist. Creating ...
2019-09-25 06:57:17,918 [pool-37-thread-1] INFO  storage.RaftStorageDirectory (RaftStorageDirectory.java:tryLock(328)) - Lock on /workdir/hadoop-ozone/tools/target/test-dir/MiniOzoneClusterImpl-9e6d1b68-582c-4998-83b3-e2f12469c286/datanode-1/data/ratis/81664061-9d31-459d-af54-2acc40219e80/in_use.lock acquired by nodename 32716@pr-hdds-1569-s44lr-3492059363
2019-09-25 06:57:17,931 [pool-37-thread-1] INFO  storage.RaftStorage (RaftStorage.java:format(72)) - Storage directory /workdir/hadoop-ozone/tools/target/test-dir/MiniOzoneClusterImpl-9e6d1b68-582c-4998-83b3-e2f12469c286/datanode-1/data/ratis/81664061-9d31-459d-af54-2acc40219e80 has been successfully formatted.
2019-09-25 06:57:17,932 [pool-37-thread-1] INFO  ratis.ContainerStateMachine (ContainerStateMachine.java:loadSnapshot(230)) - group-2ACC40219E80: The snapshot info is null. Setting the last applied indexto:(t:0, i:~)
2019-09-25 06:57:17,932 [pool-37-thread-1] INFO  server.RaftServerConfigKeys (ConfUtils.java:logGet(43)) - raft.server.notification.no-leader.timeout = 120s (custom)
2019-09-25 06:57:17,932 [pool-37-thread-1] INFO  server.RaftServerConfigKeys (ConfUtils.java:logGet(43)) - raft.server.log.use.memory = false (default)
2019-09-25 06:57:17,932 [pool-37-thread-1] INFO  server.RaftServerConfigKeys (ConfUtils.java:logGet(43)) - raft.server.log.purge.gap = 1000000 (custom)
2019-09-25 06:57:17,932 [pool-37-thread-1] INFO  server.RaftServerConfigKeys (ConfUtils.java:logGet(43)) - raft.server.log.appender.buffer.byte-limit = 33554432 (custom)
2019-09-25 06:57:17,932 [pool-37-thread-1] INFO  server.RaftServerConfigKeys (ConfUtils.java:logGet(43)) - raft.server.log.segment.size.max = 1048576 (custom)
2019-09-25 06:57:17,932 [pool-37-thread-1] INFO  server.RaftServerConfigKeys (ConfUtils.java:logGet(43)) - raft.server.log.segment.cache.num.max = 2 (custom)
2019-09-25 06:57:17,933 [pool-37-thread-1] INFO  segmented.SegmentedRaftLogWorker (SegmentedRaftLogWorker.java:<init>(172)) - new 4ea58b4a-8782-4322-ab8b-25eaf0c432e3@group-2ACC40219E80-SegmentedRaftLogWorker for RaftStorage:Storage Directory /workdir/hadoop-ozone/tools/target/test-dir/MiniOzoneClusterImpl-9e6d1b68-582c-4998-83b3-e2f12469c286/datanode-1/data/ratis/81664061-9d31-459d-af54-2acc40219e80
2019-09-25 06:57:17,933 [pool-37-thread-1] INFO  server.RaftServerConfigKeys (ConfUtils.java:logGet(43)) - raft.server.log.queue.byte-limit = 2147483647 (custom)
2019-09-25 06:57:17,933 [pool-37-thread-1] INFO  server.RaftServerConfigKeys (ConfUtils.java:logGet(43)) - raft.server.log.queue.element-limit = 1024 (custom)
2019-09-25 06:57:17,933 [pool-37-thread-1] INFO  server.RaftServerConfigKeys (ConfUtils.java:logGet(43)) - raft.server.log.segment.size.max = 1048576 (custom)
2019-09-25 06:57:17,933 [pool-37-thread-1] INFO  server.RaftServerConfigKeys (ConfUtils.java:logGet(43)) - raft.server.log.preallocated.size = 16384 (custom)
2019-09-25 06:57:17,933 [pool-37-thread-1] INFO  server.RaftServerConfigKeys (ConfUtils.java:logGet(43)) - raft.server.log.write.buffer.size = 33554432 (custom)
2019-09-25 06:57:17,933 [pool-37-thread-1] INFO  server.RaftServerConfigKeys (ConfUtils.java:logGet(43)) - raft.server.log.force.sync.num = 128 (default)
2019-09-25 06:57:17,933 [pool-37-thread-1] INFO  server.RaftServerConfigKeys (ConfUtils.java:logGet(43)) - raft.server.log.statemachine.data.sync = true (default)
2019-09-25 06:57:17,933 [pool-37-thread-1] INFO  server.RaftServerConfigKeys (ConfUtils.java:logGet(43)) - raft.server.log.statemachine.data.sync.timeout = 10s (default)
2019-09-25 06:57:17,934 [pool-37-thread-1] INFO  server.RaftServerConfigKeys (ConfUtils.java:logGet(43)) - raft.server.log.statemachine.data.sync.timeout.retry = -1 (default)
2019-09-25 06:57:17,934 [pool-37-thread-1] INFO  server.RaftServerConfigKeys (ConfUtils.java:logGet(43)) - raft.server.log.statemachine.data.caching.enabled = true (custom)
2019-09-25 06:57:17,934 [pool-37-thread-1] INFO  segmented.SegmentedRaftLogWorker (SegmentedRaftLogWorker.java:lambda$new$0(132)) - 4ea58b4a-8782-4322-ab8b-25eaf0c432e3@group-2ACC40219E80-SegmentedRaftLogWorker: flushIndex: setUnconditionally 0 -> -1
2019-09-25 06:57:17,934 [pool-37-thread-1] INFO  server.RaftServerConfigKeys (ConfUtils.java:logGet(43)) - raft.server.snapshot.auto.trigger.enabled = true (custom)
2019-09-25 06:57:17,935 [pool-37-thread-1] INFO  server.RaftServerConfigKeys (ConfUtils.java:logGet(43)) - raft.server.snapshot.auto.trigger.threshold = 10000 (custom)
2019-09-25 06:57:17,935 [pool-37-thread-1] INFO  server.RaftServerConfigKeys (ConfUtils.java:logGet(43)) - raft.server.snapshot.retention.num.files = 5 (custom)
2019-09-25 06:57:17,935 [pool-37-thread-1] INFO  server.RaftServerConfigKeys (ConfUtils.java:logGet(43)) - raft.server.retrycache.expirytime = 600000ms (custom)
2019-09-25 06:57:17,938 [pool-37-thread-1] INFO  impl.RaftServerImpl (RaftServerImpl.java:start(185)) - 4ea58b4a-8782-4322-ab8b-25eaf0c432e3@group-2ACC40219E80: start as a follower, conf=-1: [4ea58b4a-8782-4322-ab8b-25eaf0c432e3:192.168.164.207:42115], old=null
2019-09-25 06:57:17,938 [pool-37-thread-1] INFO  impl.RaftServerImpl (RaftServerImpl.java:setRole(174)) - 4ea58b4a-8782-4322-ab8b-25eaf0c432e3@group-2ACC40219E80: changes role from      null to FOLLOWER at term 0 for startAsFollower
2019-09-25 06:57:17,938 [pool-37-thread-1] INFO  impl.RoleInfo (RoleInfo.java:updateAndGet(143)) - 4ea58b4a-8782-4322-ab8b-25eaf0c432e3: start FollowerState
2019-09-25 06:57:17,938 [pool-37-thread-1] INFO  util.JmxRegister (JmxRegister.java:tryRegister(44)) - Successfully registered JMX Bean with object name Ratis:service=RaftServer,group=group-2ACC40219E80,id=4ea58b4a-8782-4322-ab8b-25eaf0c432e3
2019-09-25 06:57:17,945 [RatisPipelineUtilsThread] INFO  pipeline.PipelineStateManager (PipelineStateManager.java:addPipeline(56)) - Created pipeline Pipeline[ Id: 81664061-9d31-459d-af54-2acc40219e80, Nodes: 4ea58b4a-8782-4322-ab8b-25eaf0c432e3{ip: 192.168.164.207, host: pr-hdds-1569-s44lr-3492059363, networkLocation: /default-rack, certSerialId: null}, Type:RATIS, Factor:ONE, State:OPEN]
2019-09-25 06:57:17,945 [RatisPipelineUtilsThread] INFO  pipeline.PipelinePlacementPolicy (PipelinePlacementPolicy.java:meetCriteria(91)) - Pipeline Placement: can't place more pipeline on heavy datanode： 653880d8-4d63-4a6f-aa71-df139f9890f6 Heaviness: 6 limit: 5
2019-09-25 06:57:17,945 [RatisPipelineUtilsThread] INFO  pipeline.PipelinePlacementPolicy (PipelinePlacementPolicy.java:meetCriteria(91)) - Pipeline Placement: can't place more pipeline on heavy datanode： d70a231e-a310-420f-b479-fee7bb9573e2 Heaviness: 6 limit: 5
2019-09-25 06:57:17,945 [RatisPipelineUtilsThread] INFO  pipeline.PipelinePlacementPolicy (PipelinePlacementPolicy.java:meetCriteria(91)) - Pipeline Placement: can't place more pipeline on heavy datanode： 01553a77-28cd-4c2d-9e28-284eca33e668 Heaviness: 6 limit: 5
2019-09-25 06:57:17,956 [grpc-default-executor-0] INFO  impl.RaftServerProxy (RaftServerProxy.java:addNew(89)) - 2b17dc15-c51a-4943-889a-93383535507c: addNew group-A997EB433FAC:[2b17dc15-c51a-4943-889a-93383535507c:192.168.164.207:35671] returns group-A997EB433FAC:java.util.concurrent.CompletableFuture@39cfcf01[Not completed]
2019-09-25 06:57:17,958 [pool-47-thread-1] INFO  impl.RaftServerImpl (RaftServerImpl.java:<init>(95)) - 2b17dc15-c51a-4943-889a-93383535507c: new RaftServerImpl for group-A997EB433FAC:[2b17dc15-c51a-4943-889a-93383535507c:192.168.164.207:35671] with ContainerStateMachine:uninitialized
2019-09-25 06:57:17,958 [pool-47-thread-1] INFO  server.RaftServerConfigKeys (ConfUtils.java:logGet(43)) - raft.server.rpc.timeout.min = 5s (custom)
2019-09-25 06:57:17,958 [pool-47-thread-1] INFO  server.RaftServerConfigKeys (ConfUtils.java:logGet(43)) - raft.server.rpc.timeout.max = 5200ms (custom)
2019-09-25 06:57:17,958 [pool-47-thread-1] INFO  server.RaftServerConfigKeys (ConfUtils.java:logGet(43)) - raft.server.rpcslowness.timeout = 120s (custom)
2019-09-25 06:57:17,958 [pool-47-thread-1] INFO  server.RaftServerConfigKeys (ConfUtils.java:logGet(43)) - raft.server.sleep.deviation.threshold = 300 (default)
2019-09-25 06:57:17,959 [pool-47-thread-1] INFO  server.RaftServerConfigKeys (ConfUtils.java:logGet(43)) - raft.server.log.appender.install.snapshot.enabled = false (custom)
2019-09-25 06:57:17,959 [pool-47-thread-1] INFO  impl.RaftServerImpl (ServerState.java:<init>(103)) - 2b17dc15-c51a-4943-889a-93383535507c@group-A997EB433FAC: ConfigurationManager, init=-1: [2b17dc15-c51a-4943-889a-93383535507c:192.168.164.207:35671], old=null, confs=<EMPTY_MAP>
2019-09-25 06:57:17,959 [pool-47-thread-1] INFO  server.RaftServerConfigKeys (ConfUtils.java:logGet(43)) - raft.server.storage.dir = [/workdir/hadoop-ozone/tools/target/test-dir/MiniOzoneClusterImpl-9e6d1b68-582c-4998-83b3-e2f12469c286/datanode-2/data/ratis] (custom)
2019-09-25 06:57:17,959 [pool-47-thread-1] INFO  storage.RaftStorageDirectory (RaftStorageDirectory.java:analyzeStorage(246)) - The storage directory /workdir/hadoop-ozone/tools/target/test-dir/MiniOzoneClusterImpl-9e6d1b68-582c-4998-83b3-e2f12469c286/datanode-2/data/ratis/1932905c-f5f0-4d0a-9dda-a997eb433fac does not exist. Creating ...
2019-09-25 06:57:17,972 [pool-47-thread-1] INFO  storage.RaftStorageDirectory (RaftStorageDirectory.java:tryLock(328)) - Lock on /workdir/hadoop-ozone/tools/target/test-dir/MiniOzoneClusterImpl-9e6d1b68-582c-4998-83b3-e2f12469c286/datanode-2/data/ratis/1932905c-f5f0-4d0a-9dda-a997eb433fac/in_use.lock acquired by nodename 32716@pr-hdds-1569-s44lr-3492059363
2019-09-25 06:57:17,985 [pool-47-thread-1] INFO  storage.RaftStorage (RaftStorage.java:format(72)) - Storage directory /workdir/hadoop-ozone/tools/target/test-dir/MiniOzoneClusterImpl-9e6d1b68-582c-4998-83b3-e2f12469c286/datanode-2/data/ratis/1932905c-f5f0-4d0a-9dda-a997eb433fac has been successfully formatted.
2019-09-25 06:57:17,985 [pool-47-thread-1] INFO  ratis.ContainerStateMachine (ContainerStateMachine.java:loadSnapshot(230)) - group-A997EB433FAC: The snapshot info is null. Setting the last applied indexto:(t:0, i:~)
2019-09-25 06:57:17,986 [pool-47-thread-1] INFO  server.RaftServerConfigKeys (ConfUtils.java:logGet(43)) - raft.server.notification.no-leader.timeout = 120s (custom)
2019-09-25 06:57:17,986 [pool-47-thread-1] INFO  server.RaftServerConfigKeys (ConfUtils.java:logGet(43)) - raft.server.log.use.memory = false (default)
2019-09-25 06:57:17,986 [pool-47-thread-1] INFO  server.RaftServerConfigKeys (ConfUtils.java:logGet(43)) - raft.server.log.purge.gap = 1000000 (custom)
2019-09-25 06:57:17,986 [pool-47-thread-1] INFO  server.RaftServerConfigKeys (ConfUtils.java:logGet(43)) - raft.server.log.appender.buffer.byte-limit = 33554432 (custom)
2019-09-25 06:57:17,986 [pool-47-thread-1] INFO  server.RaftServerConfigKeys (ConfUtils.java:logGet(43)) - raft.server.log.segment.size.max = 1048576 (custom)
2019-09-25 06:57:17,986 [pool-47-thread-1] INFO  server.RaftServerConfigKeys (ConfUtils.java:logGet(43)) - raft.server.log.segment.cache.num.max = 2 (custom)
2019-09-25 06:57:17,986 [pool-47-thread-1] INFO  segmented.SegmentedRaftLogWorker (SegmentedRaftLogWorker.java:<init>(172)) - new 2b17dc15-c51a-4943-889a-93383535507c@group-A997EB433FAC-SegmentedRaftLogWorker for RaftStorage:Storage Directory /workdir/hadoop-ozone/tools/target/test-dir/MiniOzoneClusterImpl-9e6d1b68-582c-4998-83b3-e2f12469c286/datanode-2/data/ratis/1932905c-f5f0-4d0a-9dda-a997eb433fac
2019-09-25 06:57:17,986 [pool-47-thread-1] INFO  server.RaftServerConfigKeys (ConfUtils.java:logGet(43)) - raft.server.log.queue.byte-limit = 2147483647 (custom)
2019-09-25 06:57:17,987 [pool-47-thread-1] INFO  server.RaftServerConfigKeys (ConfUtils.java:logGet(43)) - raft.server.log.queue.element-limit = 1024 (custom)
2019-09-25 06:57:17,987 [pool-47-thread-1] INFO  server.RaftServerConfigKeys (ConfUtils.java:logGet(43)) - raft.server.log.segment.size.max = 1048576 (custom)
2019-09-25 06:57:17,987 [pool-47-thread-1] INFO  server.RaftServerConfigKeys (ConfUtils.java:logGet(43)) - raft.server.log.preallocated.size = 16384 (custom)
2019-09-25 06:57:17,987 [pool-47-thread-1] INFO  server.RaftServerConfigKeys (ConfUtils.java:logGet(43)) - raft.server.log.write.buffer.size = 33554432 (custom)
2019-09-25 06:57:17,987 [pool-47-thread-1] INFO  server.RaftServerConfigKeys (ConfUtils.java:logGet(43)) - raft.server.log.force.sync.num = 128 (default)
2019-09-25 06:57:17,987 [pool-47-thread-1] INFO  server.RaftServerConfigKeys (ConfUtils.java:logGet(43)) - raft.server.log.statemachine.data.sync = true (default)
2019-09-25 06:57:17,987 [pool-47-thread-1] INFO  server.RaftServerConfigKeys (ConfUtils.java:logGet(43)) - raft.server.log.statemachine.data.sync.timeout = 10s (default)
2019-09-25 06:57:17,987 [pool-47-thread-1] INFO  server.RaftServerConfigKeys (ConfUtils.java:logGet(43)) - raft.server.log.statemachine.data.sync.timeout.retry = -1 (default)
2019-09-25 06:57:17,988 [pool-47-thread-1] INFO  server.RaftServerConfigKeys (ConfUtils.java:logGet(43)) - raft.server.log.statemachine.data.caching.enabled = true (custom)
2019-09-25 06:57:17,988 [pool-47-thread-1] INFO  segmented.SegmentedRaftLogWorker (SegmentedRaftLogWorker.java:lambda$new$0(132)) - 2b17dc15-c51a-4943-889a-93383535507c@group-A997EB433FAC-SegmentedRaftLogWorker: flushIndex: setUnconditionally 0 -> -1
2019-09-25 06:57:17,988 [pool-47-thread-1] INFO  server.RaftServerConfigKeys (ConfUtils.java:logGet(43)) - raft.server.snapshot.auto.trigger.enabled = true (custom)
2019-09-25 06:57:17,988 [pool-47-thread-1] INFO  server.RaftServerConfigKeys (ConfUtils.java:logGet(43)) - raft.server.snapshot.auto.trigger.threshold = 10000 (custom)
2019-09-25 06:57:17,988 [pool-47-thread-1] INFO  server.RaftServerConfigKeys (ConfUtils.java:logGet(43)) - raft.server.snapshot.retention.num.files = 5 (custom)
2019-09-25 06:57:17,988 [pool-47-thread-1] INFO  server.RaftServerConfigKeys (ConfUtils.java:logGet(43)) - raft.server.retrycache.expirytime = 600000ms (custom)
2019-09-25 06:57:17,991 [pool-47-thread-1] INFO  impl.RaftServerImpl (RaftServerImpl.java:start(185)) - 2b17dc15-c51a-4943-889a-93383535507c@group-A997EB433FAC: start as a follower, conf=-1: [2b17dc15-c51a-4943-889a-93383535507c:192.168.164.207:35671], old=null
2019-09-25 06:57:17,991 [pool-47-thread-1] INFO  impl.RaftServerImpl (RaftServerImpl.java:setRole(174)) - 2b17dc15-c51a-4943-889a-93383535507c@group-A997EB433FAC: changes role from      null to FOLLOWER at term 0 for startAsFollower
2019-09-25 06:57:17,991 [pool-47-thread-1] INFO  impl.RoleInfo (RoleInfo.java:updateAndGet(143)) - 2b17dc15-c51a-4943-889a-93383535507c: start FollowerState
2019-09-25 06:57:17,992 [pool-47-thread-1] INFO  util.JmxRegister (JmxRegister.java:tryRegister(44)) - Successfully registered JMX Bean with object name Ratis:service=RaftServer,group=group-A997EB433FAC,id=2b17dc15-c51a-4943-889a-93383535507c
2019-09-25 06:57:17,997 [RatisPipelineUtilsThread] INFO  pipeline.PipelineStateManager (PipelineStateManager.java:addPipeline(56)) - Created pipeline Pipeline[ Id: 1932905c-f5f0-4d0a-9dda-a997eb433fac, Nodes: 2b17dc15-c51a-4943-889a-93383535507c{ip: 192.168.164.207, host: pr-hdds-1569-s44lr-3492059363, networkLocation: /default-rack, certSerialId: null}, Type:RATIS, Factor:ONE, State:OPEN]
2019-09-25 06:57:17,997 [RatisPipelineUtilsThread] INFO  pipeline.PipelinePlacementPolicy (PipelinePlacementPolicy.java:meetCriteria(91)) - Pipeline Placement: can't place more pipeline on heavy datanode： 653880d8-4d63-4a6f-aa71-df139f9890f6 Heaviness: 6 limit: 5
2019-09-25 06:57:17,997 [RatisPipelineUtilsThread] INFO  pipeline.PipelinePlacementPolicy (PipelinePlacementPolicy.java:meetCriteria(91)) - Pipeline Placement: can't place more pipeline on heavy datanode： d70a231e-a310-420f-b479-fee7bb9573e2 Heaviness: 6 limit: 5
2019-09-25 06:57:17,998 [RatisPipelineUtilsThread] INFO  pipeline.PipelinePlacementPolicy (PipelinePlacementPolicy.java:meetCriteria(91)) - Pipeline Placement: can't place more pipeline on heavy datanode： 01553a77-28cd-4c2d-9e28-284eca33e668 Heaviness: 6 limit: 5
2019-09-25 06:57:18,007 [grpc-default-executor-0] INFO  impl.RaftServerProxy (RaftServerProxy.java:addNew(89)) - 2b17dc15-c51a-4943-889a-93383535507c: addNew group-D947300DBA66:[2b17dc15-c51a-4943-889a-93383535507c:192.168.164.207:35671] returns group-D947300DBA66:java.util.concurrent.CompletableFuture@4821e191[Not completed]
2019-09-25 06:57:18,008 [pool-47-thread-1] INFO  impl.RaftServerImpl (RaftServerImpl.java:<init>(95)) - 2b17dc15-c51a-4943-889a-93383535507c: new RaftServerImpl for group-D947300DBA66:[2b17dc15-c51a-4943-889a-93383535507c:192.168.164.207:35671] with ContainerStateMachine:uninitialized
2019-09-25 06:57:18,008 [pool-47-thread-1] INFO  server.RaftServerConfigKeys (ConfUtils.java:logGet(43)) - raft.server.rpc.timeout.min = 5s (custom)
2019-09-25 06:57:18,009 [pool-47-thread-1] INFO  server.RaftServerConfigKeys (ConfUtils.java:logGet(43)) - raft.server.rpc.timeout.max = 5200ms (custom)
2019-09-25 06:57:18,009 [pool-47-thread-1] INFO  server.RaftServerConfigKeys (ConfUtils.java:logGet(43)) - raft.server.rpcslowness.timeout = 120s (custom)
2019-09-25 06:57:18,009 [pool-47-thread-1] INFO  server.RaftServerConfigKeys (ConfUtils.java:logGet(43)) - raft.server.sleep.deviation.threshold = 300 (default)
2019-09-25 06:57:18,009 [pool-47-thread-1] INFO  server.RaftServerConfigKeys (ConfUtils.java:logGet(43)) - raft.server.log.appender.install.snapshot.enabled = false (custom)
2019-09-25 06:57:18,009 [pool-47-thread-1] INFO  impl.RaftServerImpl (ServerState.java:<init>(103)) - 2b17dc15-c51a-4943-889a-93383535507c@group-D947300DBA66: ConfigurationManager, init=-1: [2b17dc15-c51a-4943-889a-93383535507c:192.168.164.207:35671], old=null, confs=<EMPTY_MAP>
2019-09-25 06:57:18,009 [pool-47-thread-1] INFO  server.RaftServerConfigKeys (ConfUtils.java:logGet(43)) - raft.server.storage.dir = [/workdir/hadoop-ozone/tools/target/test-dir/MiniOzoneClusterImpl-9e6d1b68-582c-4998-83b3-e2f12469c286/datanode-2/data/ratis] (custom)
2019-09-25 06:57:18,009 [pool-47-thread-1] INFO  storage.RaftStorageDirectory (RaftStorageDirectory.java:analyzeStorage(246)) - The storage directory /workdir/hadoop-ozone/tools/target/test-dir/MiniOzoneClusterImpl-9e6d1b68-582c-4998-83b3-e2f12469c286/datanode-2/data/ratis/2de19cbf-6d87-4adb-b6a4-d947300dba66 does not exist. Creating ...
2019-09-25 06:57:18,022 [pool-47-thread-1] INFO  storage.RaftStorageDirectory (RaftStorageDirectory.java:tryLock(328)) - Lock on /workdir/hadoop-ozone/tools/target/test-dir/MiniOzoneClusterImpl-9e6d1b68-582c-4998-83b3-e2f12469c286/datanode-2/data/ratis/2de19cbf-6d87-4adb-b6a4-d947300dba66/in_use.lock acquired by nodename 32716@pr-hdds-1569-s44lr-3492059363
2019-09-25 06:57:18,035 [pool-47-thread-1] INFO  storage.RaftStorage (RaftStorage.java:format(72)) - Storage directory /workdir/hadoop-ozone/tools/target/test-dir/MiniOzoneClusterImpl-9e6d1b68-582c-4998-83b3-e2f12469c286/datanode-2/data/ratis/2de19cbf-6d87-4adb-b6a4-d947300dba66 has been successfully formatted.
2019-09-25 06:57:18,035 [pool-47-thread-1] INFO  ratis.ContainerStateMachine (ContainerStateMachine.java:loadSnapshot(230)) - group-D947300DBA66: The snapshot info is null. Setting the last applied indexto:(t:0, i:~)
2019-09-25 06:57:18,036 [pool-47-thread-1] INFO  server.RaftServerConfigKeys (ConfUtils.java:logGet(43)) - raft.server.notification.no-leader.timeout = 120s (custom)
2019-09-25 06:57:18,036 [pool-47-thread-1] INFO  server.RaftServerConfigKeys (ConfUtils.java:logGet(43)) - raft.server.log.use.memory = false (default)
2019-09-25 06:57:18,036 [pool-47-thread-1] INFO  server.RaftServerConfigKeys (ConfUtils.java:logGet(43)) - raft.server.log.purge.gap = 1000000 (custom)
2019-09-25 06:57:18,036 [pool-47-thread-1] INFO  server.RaftServerConfigKeys (ConfUtils.java:logGet(43)) - raft.server.log.appender.buffer.byte-limit = 33554432 (custom)
2019-09-25 06:57:18,036 [pool-47-thread-1] INFO  server.RaftServerConfigKeys (ConfUtils.java:logGet(43)) - raft.server.log.segment.size.max = 1048576 (custom)
2019-09-25 06:57:18,036 [pool-47-thread-1] INFO  server.RaftServerConfigKeys (ConfUtils.java:logGet(43)) - raft.server.log.segment.cache.num.max = 2 (custom)
2019-09-25 06:57:18,036 [pool-47-thread-1] INFO  segmented.SegmentedRaftLogWorker (SegmentedRaftLogWorker.java:<init>(172)) - new 2b17dc15-c51a-4943-889a-93383535507c@group-D947300DBA66-SegmentedRaftLogWorker for RaftStorage:Storage Directory /workdir/hadoop-ozone/tools/target/test-dir/MiniOzoneClusterImpl-9e6d1b68-582c-4998-83b3-e2f12469c286/datanode-2/data/ratis/2de19cbf-6d87-4adb-b6a4-d947300dba66
2019-09-25 06:57:18,036 [pool-47-thread-1] INFO  server.RaftServerConfigKeys (ConfUtils.java:logGet(43)) - raft.server.log.queue.byte-limit = 2147483647 (custom)
2019-09-25 06:57:18,037 [pool-47-thread-1] INFO  server.RaftServerConfigKeys (ConfUtils.java:logGet(43)) - raft.server.log.queue.element-limit = 1024 (custom)
2019-09-25 06:57:18,037 [pool-47-thread-1] INFO  server.RaftServerConfigKeys (ConfUtils.java:logGet(43)) - raft.server.log.segment.size.max = 1048576 (custom)
2019-09-25 06:57:18,037 [pool-47-thread-1] INFO  server.RaftServerConfigKeys (ConfUtils.java:logGet(43)) - raft.server.log.preallocated.size = 16384 (custom)
2019-09-25 06:57:18,037 [pool-47-thread-1] INFO  server.RaftServerConfigKeys (ConfUtils.java:logGet(43)) - raft.server.log.write.buffer.size = 33554432 (custom)
2019-09-25 06:57:18,037 [pool-47-thread-1] INFO  server.RaftServerConfigKeys (ConfUtils.java:logGet(43)) - raft.server.log.force.sync.num = 128 (default)
2019-09-25 06:57:18,037 [pool-47-thread-1] INFO  server.RaftServerConfigKeys (ConfUtils.java:logGet(43)) - raft.server.log.statemachine.data.sync = true (default)
2019-09-25 06:57:18,037 [pool-47-thread-1] INFO  server.RaftServerConfigKeys (ConfUtils.java:logGet(43)) - raft.server.log.statemachine.data.sync.timeout = 10s (default)
2019-09-25 06:57:18,037 [pool-47-thread-1] INFO  server.RaftServerConfigKeys (ConfUtils.java:logGet(43)) - raft.server.log.statemachine.data.sync.timeout.retry = -1 (default)
2019-09-25 06:57:18,037 [pool-47-thread-1] INFO  server.RaftServerConfigKeys (ConfUtils.java:logGet(43)) - raft.server.log.statemachine.data.caching.enabled = true (custom)
2019-09-25 06:57:18,038 [pool-47-thread-1] INFO  segmented.SegmentedRaftLogWorker (SegmentedRaftLogWorker.java:lambda$new$0(132)) - 2b17dc15-c51a-4943-889a-93383535507c@group-D947300DBA66-SegmentedRaftLogWorker: flushIndex: setUnconditionally 0 -> -1
2019-09-25 06:57:18,038 [pool-47-thread-1] INFO  server.RaftServerConfigKeys (ConfUtils.java:logGet(43)) - raft.server.snapshot.auto.trigger.enabled = true (custom)
2019-09-25 06:57:18,038 [pool-47-thread-1] INFO  server.RaftServerConfigKeys (ConfUtils.java:logGet(43)) - raft.server.snapshot.auto.trigger.threshold = 10000 (custom)
2019-09-25 06:57:18,038 [pool-47-thread-1] INFO  server.RaftServerConfigKeys (ConfUtils.java:logGet(43)) - raft.server.snapshot.retention.num.files = 5 (custom)
2019-09-25 06:57:18,038 [pool-47-thread-1] INFO  server.RaftServerConfigKeys (ConfUtils.java:logGet(43)) - raft.server.retrycache.expirytime = 600000ms (custom)
2019-09-25 06:57:18,041 [pool-47-thread-1] INFO  impl.RaftServerImpl (RaftServerImpl.java:start(185)) - 2b17dc15-c51a-4943-889a-93383535507c@group-D947300DBA66: start as a follower, conf=-1: [2b17dc15-c51a-4943-889a-93383535507c:192.168.164.207:35671], old=null
2019-09-25 06:57:18,041 [pool-47-thread-1] INFO  impl.RaftServerImpl (RaftServerImpl.java:setRole(174)) - 2b17dc15-c51a-4943-889a-93383535507c@group-D947300DBA66: changes role from      null to FOLLOWER at term 0 for startAsFollower
2019-09-25 06:57:18,041 [pool-47-thread-1] INFO  impl.RoleInfo (RoleInfo.java:updateAndGet(143)) - 2b17dc15-c51a-4943-889a-93383535507c: start FollowerState
2019-09-25 06:57:18,042 [pool-47-thread-1] INFO  util.JmxRegister (JmxRegister.java:tryRegister(44)) - Successfully registered JMX Bean with object name Ratis:service=RaftServer,group=group-D947300DBA66,id=2b17dc15-c51a-4943-889a-93383535507c
2019-09-25 06:57:18,047 [RatisPipelineUtilsThread] INFO  pipeline.PipelineStateManager (PipelineStateManager.java:addPipeline(56)) - Created pipeline Pipeline[ Id: 2de19cbf-6d87-4adb-b6a4-d947300dba66, Nodes: 2b17dc15-c51a-4943-889a-93383535507c{ip: 192.168.164.207, host: pr-hdds-1569-s44lr-3492059363, networkLocation: /default-rack, certSerialId: null}, Type:RATIS, Factor:ONE, State:OPEN]
2019-09-25 06:57:18,047 [RatisPipelineUtilsThread] INFO  pipeline.PipelinePlacementPolicy (PipelinePlacementPolicy.java:meetCriteria(91)) - Pipeline Placement: can't place more pipeline on heavy datanode： 653880d8-4d63-4a6f-aa71-df139f9890f6 Heaviness: 6 limit: 5
2019-09-25 06:57:18,047 [RatisPipelineUtilsThread] INFO  pipeline.PipelinePlacementPolicy (PipelinePlacementPolicy.java:meetCriteria(91)) - Pipeline Placement: can't place more pipeline on heavy datanode： d70a231e-a310-420f-b479-fee7bb9573e2 Heaviness: 6 limit: 5
2019-09-25 06:57:18,047 [RatisPipelineUtilsThread] INFO  pipeline.PipelinePlacementPolicy (PipelinePlacementPolicy.java:meetCriteria(91)) - Pipeline Placement: can't place more pipeline on heavy datanode： 01553a77-28cd-4c2d-9e28-284eca33e668 Heaviness: 6 limit: 5
2019-09-25 06:57:18,056 [grpc-default-executor-0] INFO  impl.RaftServerProxy (RaftServerProxy.java:addNew(89)) - 4ea58b4a-8782-4322-ab8b-25eaf0c432e3: addNew group-5FA91C6BC28B:[4ea58b4a-8782-4322-ab8b-25eaf0c432e3:192.168.164.207:42115] returns group-5FA91C6BC28B:java.util.concurrent.CompletableFuture@6ab89120[Not completed]
2019-09-25 06:57:18,057 [pool-37-thread-1] INFO  impl.RaftServerImpl (RaftServerImpl.java:<init>(95)) - 4ea58b4a-8782-4322-ab8b-25eaf0c432e3: new RaftServerImpl for group-5FA91C6BC28B:[4ea58b4a-8782-4322-ab8b-25eaf0c432e3:192.168.164.207:42115] with ContainerStateMachine:uninitialized
2019-09-25 06:57:18,057 [pool-37-thread-1] INFO  server.RaftServerConfigKeys (ConfUtils.java:logGet(43)) - raft.server.rpc.timeout.min = 5s (custom)
2019-09-25 06:57:18,058 [pool-37-thread-1] INFO  server.RaftServerConfigKeys (ConfUtils.java:logGet(43)) - raft.server.rpc.timeout.max = 5200ms (custom)
2019-09-25 06:57:18,058 [pool-37-thread-1] INFO  server.RaftServerConfigKeys (ConfUtils.java:logGet(43)) - raft.server.rpcslowness.timeout = 120s (custom)
2019-09-25 06:57:18,058 [pool-37-thread-1] INFO  server.RaftServerConfigKeys (ConfUtils.java:logGet(43)) - raft.server.sleep.deviation.threshold = 300 (default)
2019-09-25 06:57:18,058 [pool-37-thread-1] INFO  server.RaftServerConfigKeys (ConfUtils.java:logGet(43)) - raft.server.log.appender.install.snapshot.enabled = false (custom)
2019-09-25 06:57:18,058 [pool-37-thread-1] INFO  impl.RaftServerImpl (ServerState.java:<init>(103)) - 4ea58b4a-8782-4322-ab8b-25eaf0c432e3@group-5FA91C6BC28B: ConfigurationManager, init=-1: [4ea58b4a-8782-4322-ab8b-25eaf0c432e3:192.168.164.207:42115], old=null, confs=<EMPTY_MAP>
2019-09-25 06:57:18,058 [pool-37-thread-1] INFO  server.RaftServerConfigKeys (ConfUtils.java:logGet(43)) - raft.server.storage.dir = [/workdir/hadoop-ozone/tools/target/test-dir/MiniOzoneClusterImpl-9e6d1b68-582c-4998-83b3-e2f12469c286/datanode-1/data/ratis] (custom)
2019-09-25 06:57:18,058 [pool-37-thread-1] INFO  storage.RaftStorageDirectory (RaftStorageDirectory.java:analyzeStorage(246)) - The storage directory /workdir/hadoop-ozone/tools/target/test-dir/MiniOzoneClusterImpl-9e6d1b68-582c-4998-83b3-e2f12469c286/datanode-1/data/ratis/dac62b21-587e-4070-921c-5fa91c6bc28b does not exist. Creating ...
2019-09-25 06:57:18,071 [pool-37-thread-1] INFO  storage.RaftStorageDirectory (RaftStorageDirectory.java:tryLock(328)) - Lock on /workdir/hadoop-ozone/tools/target/test-dir/MiniOzoneClusterImpl-9e6d1b68-582c-4998-83b3-e2f12469c286/datanode-1/data/ratis/dac62b21-587e-4070-921c-5fa91c6bc28b/in_use.lock acquired by nodename 32716@pr-hdds-1569-s44lr-3492059363
2019-09-25 06:57:18,085 [pool-37-thread-1] INFO  storage.RaftStorage (RaftStorage.java:format(72)) - Storage directory /workdir/hadoop-ozone/tools/target/test-dir/MiniOzoneClusterImpl-9e6d1b68-582c-4998-83b3-e2f12469c286/datanode-1/data/ratis/dac62b21-587e-4070-921c-5fa91c6bc28b has been successfully formatted.
2019-09-25 06:57:18,085 [pool-37-thread-1] INFO  ratis.ContainerStateMachine (ContainerStateMachine.java:loadSnapshot(230)) - group-5FA91C6BC28B: The snapshot info is null. Setting the last applied indexto:(t:0, i:~)
2019-09-25 06:57:18,085 [pool-37-thread-1] INFO  server.RaftServerConfigKeys (ConfUtils.java:logGet(43)) - raft.server.notification.no-leader.timeout = 120s (custom)
2019-09-25 06:57:18,085 [pool-37-thread-1] INFO  server.RaftServerConfigKeys (ConfUtils.java:logGet(43)) - raft.server.log.use.memory = false (default)
2019-09-25 06:57:18,085 [pool-37-thread-1] INFO  server.RaftServerConfigKeys (ConfUtils.java:logGet(43)) - raft.server.log.purge.gap = 1000000 (custom)
2019-09-25 06:57:18,086 [pool-37-thread-1] INFO  server.RaftServerConfigKeys (ConfUtils.java:logGet(43)) - raft.server.log.appender.buffer.byte-limit = 33554432 (custom)
2019-09-25 06:57:18,086 [pool-37-thread-1] INFO  server.RaftServerConfigKeys (ConfUtils.java:logGet(43)) - raft.server.log.segment.size.max = 1048576 (custom)
2019-09-25 06:57:18,086 [pool-37-thread-1] INFO  server.RaftServerConfigKeys (ConfUtils.java:logGet(43)) - raft.server.log.segment.cache.num.max = 2 (custom)
2019-09-25 06:57:18,086 [pool-37-thread-1] INFO  segmented.SegmentedRaftLogWorker (SegmentedRaftLogWorker.java:<init>(172)) - new 4ea58b4a-8782-4322-ab8b-25eaf0c432e3@group-5FA91C6BC28B-SegmentedRaftLogWorker for RaftStorage:Storage Directory /workdir/hadoop-ozone/tools/target/test-dir/MiniOzoneClusterImpl-9e6d1b68-582c-4998-83b3-e2f12469c286/datanode-1/data/ratis/dac62b21-587e-4070-921c-5fa91c6bc28b
2019-09-25 06:57:18,086 [pool-37-thread-1] INFO  server.RaftServerConfigKeys (ConfUtils.java:logGet(43)) - raft.server.log.queue.byte-limit = 2147483647 (custom)
2019-09-25 06:57:18,086 [pool-37-thread-1] INFO  server.RaftServerConfigKeys (ConfUtils.java:logGet(43)) - raft.server.log.queue.element-limit = 1024 (custom)
2019-09-25 06:57:18,086 [pool-37-thread-1] INFO  server.RaftServerConfigKeys (ConfUtils.java:logGet(43)) - raft.server.log.segment.size.max = 1048576 (custom)
2019-09-25 06:57:18,087 [pool-37-thread-1] INFO  server.RaftServerConfigKeys (ConfUtils.java:logGet(43)) - raft.server.log.preallocated.size = 16384 (custom)
2019-09-25 06:57:18,087 [pool-37-thread-1] INFO  server.RaftServerConfigKeys (ConfUtils.java:logGet(43)) - raft.server.log.write.buffer.size = 33554432 (custom)
2019-09-25 06:57:18,087 [pool-37-thread-1] INFO  server.RaftServerConfigKeys (ConfUtils.java:logGet(43)) - raft.server.log.force.sync.num = 128 (default)
2019-09-25 06:57:18,087 [pool-37-thread-1] INFO  server.RaftServerConfigKeys (ConfUtils.java:logGet(43)) - raft.server.log.statemachine.data.sync = true (default)
2019-09-25 06:57:18,087 [pool-37-thread-1] INFO  server.RaftServerConfigKeys (ConfUtils.java:logGet(43)) - raft.server.log.statemachine.data.sync.timeout = 10s (default)
2019-09-25 06:57:18,087 [pool-37-thread-1] INFO  server.RaftServerConfigKeys (ConfUtils.java:logGet(43)) - raft.server.log.statemachine.data.sync.timeout.retry = -1 (default)
2019-09-25 06:57:18,087 [pool-37-thread-1] INFO  server.RaftServerConfigKeys (ConfUtils.java:logGet(43)) - raft.server.log.statemachine.data.caching.enabled = true (custom)
2019-09-25 06:57:18,087 [pool-37-thread-1] INFO  segmented.SegmentedRaftLogWorker (SegmentedRaftLogWorker.java:lambda$new$0(132)) - 4ea58b4a-8782-4322-ab8b-25eaf0c432e3@group-5FA91C6BC28B-SegmentedRaftLogWorker: flushIndex: setUnconditionally 0 -> -1
2019-09-25 06:57:18,088 [pool-37-thread-1] INFO  server.RaftServerConfigKeys (ConfUtils.java:logGet(43)) - raft.server.snapshot.auto.trigger.enabled = true (custom)
2019-09-25 06:57:18,088 [pool-37-thread-1] INFO  server.RaftServerConfigKeys (ConfUtils.java:logGet(43)) - raft.server.snapshot.auto.trigger.threshold = 10000 (custom)
2019-09-25 06:57:18,088 [pool-37-thread-1] INFO  server.RaftServerConfigKeys (ConfUtils.java:logGet(43)) - raft.server.snapshot.retention.num.files = 5 (custom)
2019-09-25 06:57:18,088 [pool-37-thread-1] INFO  server.RaftServerConfigKeys (ConfUtils.java:logGet(43)) - raft.server.retrycache.expirytime = 600000ms (custom)
2019-09-25 06:57:18,092 [pool-37-thread-1] INFO  impl.RaftServerImpl (RaftServerImpl.java:start(185)) - 4ea58b4a-8782-4322-ab8b-25eaf0c432e3@group-5FA91C6BC28B: start as a follower, conf=-1: [4ea58b4a-8782-4322-ab8b-25eaf0c432e3:192.168.164.207:42115], old=null
2019-09-25 06:57:18,092 [pool-37-thread-1] INFO  impl.RaftServerImpl (RaftServerImpl.java:setRole(174)) - 4ea58b4a-8782-4322-ab8b-25eaf0c432e3@group-5FA91C6BC28B: changes role from      null to FOLLOWER at term 0 for startAsFollower
2019-09-25 06:57:18,092 [pool-37-thread-1] INFO  impl.RoleInfo (RoleInfo.java:updateAndGet(143)) - 4ea58b4a-8782-4322-ab8b-25eaf0c432e3: start FollowerState
2019-09-25 06:57:18,093 [pool-37-thread-1] INFO  util.JmxRegister (JmxRegister.java:tryRegister(44)) - Successfully registered JMX Bean with object name Ratis:service=RaftServer,group=group-5FA91C6BC28B,id=4ea58b4a-8782-4322-ab8b-25eaf0c432e3
2019-09-25 06:57:18,097 [RatisPipelineUtilsThread] INFO  pipeline.PipelineStateManager (PipelineStateManager.java:addPipeline(56)) - Created pipeline Pipeline[ Id: dac62b21-587e-4070-921c-5fa91c6bc28b, Nodes: 4ea58b4a-8782-4322-ab8b-25eaf0c432e3{ip: 192.168.164.207, host: pr-hdds-1569-s44lr-3492059363, networkLocation: /default-rack, certSerialId: null}, Type:RATIS, Factor:ONE, State:OPEN]
2019-09-25 06:57:18,097 [RatisPipelineUtilsThread] INFO  pipeline.PipelinePlacementPolicy (PipelinePlacementPolicy.java:meetCriteria(91)) - Pipeline Placement: can't place more pipeline on heavy datanode： 653880d8-4d63-4a6f-aa71-df139f9890f6 Heaviness: 6 limit: 5
2019-09-25 06:57:18,097 [RatisPipelineUtilsThread] INFO  pipeline.PipelinePlacementPolicy (PipelinePlacementPolicy.java:meetCriteria(91)) - Pipeline Placement: can't place more pipeline on heavy datanode： d70a231e-a310-420f-b479-fee7bb9573e2 Heaviness: 6 limit: 5
2019-09-25 06:57:18,098 [RatisPipelineUtilsThread] INFO  pipeline.PipelinePlacementPolicy (PipelinePlacementPolicy.java:meetCriteria(91)) - Pipeline Placement: can't place more pipeline on heavy datanode： 01553a77-28cd-4c2d-9e28-284eca33e668 Heaviness: 6 limit: 5
2019-09-25 06:57:18,106 [grpc-default-executor-0] INFO  impl.RaftServerProxy (RaftServerProxy.java:addNew(89)) - 4ea58b4a-8782-4322-ab8b-25eaf0c432e3: addNew group-F3CCECF199CA:[4ea58b4a-8782-4322-ab8b-25eaf0c432e3:192.168.164.207:42115] returns group-F3CCECF199CA:java.util.concurrent.CompletableFuture@7e9613e0[Not completed]
2019-09-25 06:57:18,107 [pool-37-thread-1] INFO  impl.RaftServerImpl (RaftServerImpl.java:<init>(95)) - 4ea58b4a-8782-4322-ab8b-25eaf0c432e3: new RaftServerImpl for group-F3CCECF199CA:[4ea58b4a-8782-4322-ab8b-25eaf0c432e3:192.168.164.207:42115] with ContainerStateMachine:uninitialized
2019-09-25 06:57:18,110 [pool-37-thread-1] INFO  server.RaftServerConfigKeys (ConfUtils.java:logGet(43)) - raft.server.rpc.timeout.min = 5s (custom)
2019-09-25 06:57:18,110 [pool-37-thread-1] INFO  server.RaftServerConfigKeys (ConfUtils.java:logGet(43)) - raft.server.rpc.timeout.max = 5200ms (custom)
2019-09-25 06:57:18,110 [pool-37-thread-1] INFO  server.RaftServerConfigKeys (ConfUtils.java:logGet(43)) - raft.server.rpcslowness.timeout = 120s (custom)
2019-09-25 06:57:18,110 [pool-37-thread-1] INFO  server.RaftServerConfigKeys (ConfUtils.java:logGet(43)) - raft.server.sleep.deviation.threshold = 300 (default)
2019-09-25 06:57:18,110 [pool-37-thread-1] INFO  server.RaftServerConfigKeys (ConfUtils.java:logGet(43)) - raft.server.log.appender.install.snapshot.enabled = false (custom)
2019-09-25 06:57:18,111 [pool-37-thread-1] INFO  impl.RaftServerImpl (ServerState.java:<init>(103)) - 4ea58b4a-8782-4322-ab8b-25eaf0c432e3@group-F3CCECF199CA: ConfigurationManager, init=-1: [4ea58b4a-8782-4322-ab8b-25eaf0c432e3:192.168.164.207:42115], old=null, confs=<EMPTY_MAP>
2019-09-25 06:57:18,111 [pool-37-thread-1] INFO  server.RaftServerConfigKeys (ConfUtils.java:logGet(43)) - raft.server.storage.dir = [/workdir/hadoop-ozone/tools/target/test-dir/MiniOzoneClusterImpl-9e6d1b68-582c-4998-83b3-e2f12469c286/datanode-1/data/ratis] (custom)
2019-09-25 06:57:18,111 [pool-37-thread-1] INFO  storage.RaftStorageDirectory (RaftStorageDirectory.java:analyzeStorage(246)) - The storage directory /workdir/hadoop-ozone/tools/target/test-dir/MiniOzoneClusterImpl-9e6d1b68-582c-4998-83b3-e2f12469c286/datanode-1/data/ratis/43f48746-6f7f-43dd-88e5-f3ccecf199ca does not exist. Creating ...
2019-09-25 06:57:18,126 [pool-37-thread-1] INFO  storage.RaftStorageDirectory (RaftStorageDirectory.java:tryLock(328)) - Lock on /workdir/hadoop-ozone/tools/target/test-dir/MiniOzoneClusterImpl-9e6d1b68-582c-4998-83b3-e2f12469c286/datanode-1/data/ratis/43f48746-6f7f-43dd-88e5-f3ccecf199ca/in_use.lock acquired by nodename 32716@pr-hdds-1569-s44lr-3492059363
2019-09-25 06:57:18,145 [pool-37-thread-1] INFO  storage.RaftStorage (RaftStorage.java:format(72)) - Storage directory /workdir/hadoop-ozone/tools/target/test-dir/MiniOzoneClusterImpl-9e6d1b68-582c-4998-83b3-e2f12469c286/datanode-1/data/ratis/43f48746-6f7f-43dd-88e5-f3ccecf199ca has been successfully formatted.
2019-09-25 06:57:18,146 [pool-37-thread-1] INFO  ratis.ContainerStateMachine (ContainerStateMachine.java:loadSnapshot(230)) - group-F3CCECF199CA: The snapshot info is null. Setting the last applied indexto:(t:0, i:~)
2019-09-25 06:57:18,146 [pool-37-thread-1] INFO  server.RaftServerConfigKeys (ConfUtils.java:logGet(43)) - raft.server.notification.no-leader.timeout = 120s (custom)
2019-09-25 06:57:18,146 [pool-37-thread-1] INFO  server.RaftServerConfigKeys (ConfUtils.java:logGet(43)) - raft.server.log.use.memory = false (default)
2019-09-25 06:57:18,146 [pool-37-thread-1] INFO  server.RaftServerConfigKeys (ConfUtils.java:logGet(43)) - raft.server.log.purge.gap = 1000000 (custom)
2019-09-25 06:57:18,146 [pool-37-thread-1] INFO  server.RaftServerConfigKeys (ConfUtils.java:logGet(43)) - raft.server.log.appender.buffer.byte-limit = 33554432 (custom)
2019-09-25 06:57:18,146 [pool-37-thread-1] INFO  server.RaftServerConfigKeys (ConfUtils.java:logGet(43)) - raft.server.log.segment.size.max = 1048576 (custom)
2019-09-25 06:57:18,147 [pool-37-thread-1] INFO  server.RaftServerConfigKeys (ConfUtils.java:logGet(43)) - raft.server.log.segment.cache.num.max = 2 (custom)
2019-09-25 06:57:18,147 [pool-37-thread-1] INFO  segmented.SegmentedRaftLogWorker (SegmentedRaftLogWorker.java:<init>(172)) - new 4ea58b4a-8782-4322-ab8b-25eaf0c432e3@group-F3CCECF199CA-SegmentedRaftLogWorker for RaftStorage:Storage Directory /workdir/hadoop-ozone/tools/target/test-dir/MiniOzoneClusterImpl-9e6d1b68-582c-4998-83b3-e2f12469c286/datanode-1/data/ratis/43f48746-6f7f-43dd-88e5-f3ccecf199ca
2019-09-25 06:57:18,147 [pool-37-thread-1] INFO  server.RaftServerConfigKeys (ConfUtils.java:logGet(43)) - raft.server.log.queue.byte-limit = 2147483647 (custom)
2019-09-25 06:57:18,147 [pool-37-thread-1] INFO  server.RaftServerConfigKeys (ConfUtils.java:logGet(43)) - raft.server.log.queue.element-limit = 1024 (custom)
2019-09-25 06:57:18,147 [pool-37-thread-1] INFO  server.RaftServerConfigKeys (ConfUtils.java:logGet(43)) - raft.server.log.segment.size.max = 1048576 (custom)
2019-09-25 06:57:18,147 [pool-37-thread-1] INFO  server.RaftServerConfigKeys (ConfUtils.java:logGet(43)) - raft.server.log.preallocated.size = 16384 (custom)
2019-09-25 06:57:18,147 [pool-37-thread-1] INFO  server.RaftServerConfigKeys (ConfUtils.java:logGet(43)) - raft.server.log.write.buffer.size = 33554432 (custom)
2019-09-25 06:57:18,147 [pool-37-thread-1] INFO  server.RaftServerConfigKeys (ConfUtils.java:logGet(43)) - raft.server.log.force.sync.num = 128 (default)
2019-09-25 06:57:18,147 [pool-37-thread-1] INFO  server.RaftServerConfigKeys (ConfUtils.java:logGet(43)) - raft.server.log.statemachine.data.sync = true (default)
2019-09-25 06:57:18,148 [pool-37-thread-1] INFO  server.RaftServerConfigKeys (ConfUtils.java:logGet(43)) - raft.server.log.statemachine.data.sync.timeout = 10s (default)
2019-09-25 06:57:18,148 [pool-37-thread-1] INFO  server.RaftServerConfigKeys (ConfUtils.java:logGet(43)) - raft.server.log.statemachine.data.sync.timeout.retry = -1 (default)
2019-09-25 06:57:18,148 [pool-37-thread-1] INFO  server.RaftServerConfigKeys (ConfUtils.java:logGet(43)) - raft.server.log.statemachine.data.caching.enabled = true (custom)
2019-09-25 06:57:18,148 [pool-37-thread-1] INFO  segmented.SegmentedRaftLogWorker (SegmentedRaftLogWorker.java:lambda$new$0(132)) - 4ea58b4a-8782-4322-ab8b-25eaf0c432e3@group-F3CCECF199CA-SegmentedRaftLogWorker: flushIndex: setUnconditionally 0 -> -1
2019-09-25 06:57:18,148 [pool-37-thread-1] INFO  server.RaftServerConfigKeys (ConfUtils.java:logGet(43)) - raft.server.snapshot.auto.trigger.enabled = true (custom)
2019-09-25 06:57:18,148 [pool-37-thread-1] INFO  server.RaftServerConfigKeys (ConfUtils.java:logGet(43)) - raft.server.snapshot.auto.trigger.threshold = 10000 (custom)
2019-09-25 06:57:18,148 [pool-37-thread-1] INFO  server.RaftServerConfigKeys (ConfUtils.java:logGet(43)) - raft.server.snapshot.retention.num.files = 5 (custom)
2019-09-25 06:57:18,149 [pool-37-thread-1] INFO  server.RaftServerConfigKeys (ConfUtils.java:logGet(43)) - raft.server.retrycache.expirytime = 600000ms (custom)
2019-09-25 06:57:18,151 [pool-37-thread-1] INFO  impl.RaftServerImpl (RaftServerImpl.java:start(185)) - 4ea58b4a-8782-4322-ab8b-25eaf0c432e3@group-F3CCECF199CA: start as a follower, conf=-1: [4ea58b4a-8782-4322-ab8b-25eaf0c432e3:192.168.164.207:42115], old=null
2019-09-25 06:57:18,151 [pool-37-thread-1] INFO  impl.RaftServerImpl (RaftServerImpl.java:setRole(174)) - 4ea58b4a-8782-4322-ab8b-25eaf0c432e3@group-F3CCECF199CA: changes role from      null to FOLLOWER at term 0 for startAsFollower
2019-09-25 06:57:18,151 [pool-37-thread-1] INFO  impl.RoleInfo (RoleInfo.java:updateAndGet(143)) - 4ea58b4a-8782-4322-ab8b-25eaf0c432e3: start FollowerState
2019-09-25 06:57:18,151 [pool-37-thread-1] INFO  util.JmxRegister (JmxRegister.java:tryRegister(44)) - Successfully registered JMX Bean with object name Ratis:service=RaftServer,group=group-F3CCECF199CA,id=4ea58b4a-8782-4322-ab8b-25eaf0c432e3
2019-09-25 06:57:18,157 [RatisPipelineUtilsThread] INFO  pipeline.PipelineStateManager (PipelineStateManager.java:addPipeline(56)) - Created pipeline Pipeline[ Id: 43f48746-6f7f-43dd-88e5-f3ccecf199ca, Nodes: 4ea58b4a-8782-4322-ab8b-25eaf0c432e3{ip: 192.168.164.207, host: pr-hdds-1569-s44lr-3492059363, networkLocation: /default-rack, certSerialId: null}, Type:RATIS, Factor:ONE, State:OPEN]
2019-09-25 06:57:18,157 [RatisPipelineUtilsThread] INFO  pipeline.PipelinePlacementPolicy (PipelinePlacementPolicy.java:meetCriteria(91)) - Pipeline Placement: can't place more pipeline on heavy datanode： 653880d8-4d63-4a6f-aa71-df139f9890f6 Heaviness: 6 limit: 5
2019-09-25 06:57:18,157 [RatisPipelineUtilsThread] INFO  pipeline.PipelinePlacementPolicy (PipelinePlacementPolicy.java:meetCriteria(91)) - Pipeline Placement: can't place more pipeline on heavy datanode： d70a231e-a310-420f-b479-fee7bb9573e2 Heaviness: 6 limit: 5
2019-09-25 06:57:18,158 [RatisPipelineUtilsThread] INFO  pipeline.PipelinePlacementPolicy (PipelinePlacementPolicy.java:meetCriteria(91)) - Pipeline Placement: can't place more pipeline on heavy datanode： 4ea58b4a-8782-4322-ab8b-25eaf0c432e3 Heaviness: 6 limit: 5
2019-09-25 06:57:18,158 [RatisPipelineUtilsThread] INFO  pipeline.PipelinePlacementPolicy (PipelinePlacementPolicy.java:meetCriteria(91)) - Pipeline Placement: can't place more pipeline on heavy datanode： 01553a77-28cd-4c2d-9e28-284eca33e668 Heaviness: 6 limit: 5
2019-09-25 06:57:18,164 [grpc-default-executor-0] INFO  impl.RaftServerProxy (RaftServerProxy.java:addNew(89)) - 2b17dc15-c51a-4943-889a-93383535507c: addNew group-C449364FAC25:[2b17dc15-c51a-4943-889a-93383535507c:192.168.164.207:35671] returns group-C449364FAC25:java.util.concurrent.CompletableFuture@3a094842[Not completed]
2019-09-25 06:57:18,166 [pool-47-thread-1] INFO  impl.RaftServerImpl (RaftServerImpl.java:<init>(95)) - 2b17dc15-c51a-4943-889a-93383535507c: new RaftServerImpl for group-C449364FAC25:[2b17dc15-c51a-4943-889a-93383535507c:192.168.164.207:35671] with ContainerStateMachine:uninitialized
2019-09-25 06:57:18,166 [main] INFO  freon.RandomKeyGenerator (RandomKeyGenerator.java:call(283)) - Number of Threads: 10
2019-09-25 06:57:18,166 [pool-47-thread-1] INFO  server.RaftServerConfigKeys (ConfUtils.java:logGet(43)) - raft.server.rpc.timeout.min = 5s (custom)
2019-09-25 06:57:18,167 [pool-47-thread-1] INFO  server.RaftServerConfigKeys (ConfUtils.java:logGet(43)) - raft.server.rpc.timeout.max = 5200ms (custom)
2019-09-25 06:57:18,167 [pool-47-thread-1] INFO  server.RaftServerConfigKeys (ConfUtils.java:logGet(43)) - raft.server.rpcslowness.timeout = 120s (custom)
2019-09-25 06:57:18,167 [pool-47-thread-1] INFO  server.RaftServerConfigKeys (ConfUtils.java:logGet(43)) - raft.server.sleep.deviation.threshold = 300 (default)
2019-09-25 06:57:18,167 [pool-47-thread-1] INFO  server.RaftServerConfigKeys (ConfUtils.java:logGet(43)) - raft.server.log.appender.install.snapshot.enabled = false (custom)
2019-09-25 06:57:18,167 [main] INFO  freon.RandomKeyGenerator (RandomKeyGenerator.java:call(288)) - Number of Volumes: 1.
2019-09-25 06:57:18,167 [pool-47-thread-1] INFO  impl.RaftServerImpl (ServerState.java:<init>(103)) - 2b17dc15-c51a-4943-889a-93383535507c@group-C449364FAC25: ConfigurationManager, init=-1: [2b17dc15-c51a-4943-889a-93383535507c:192.168.164.207:35671], old=null, confs=<EMPTY_MAP>
2019-09-25 06:57:18,167 [main] INFO  freon.RandomKeyGenerator (RandomKeyGenerator.java:call(289)) - Number of Buckets per Volume: 1.
2019-09-25 06:57:18,167 [pool-47-thread-1] INFO  server.RaftServerConfigKeys (ConfUtils.java:logGet(43)) - raft.server.storage.dir = [/workdir/hadoop-ozone/tools/target/test-dir/MiniOzoneClusterImpl-9e6d1b68-582c-4998-83b3-e2f12469c286/datanode-2/data/ratis] (custom)
2019-09-25 06:57:18,168 [main] INFO  freon.RandomKeyGenerator (RandomKeyGenerator.java:call(290)) - Number of Keys per Bucket: 1.
2019-09-25 06:57:18,168 [main] INFO  freon.RandomKeyGenerator (RandomKeyGenerator.java:call(291)) - Key size: 20971520 bytes
2019-09-25 06:57:18,168 [pool-47-thread-1] INFO  storage.RaftStorageDirectory (RaftStorageDirectory.java:analyzeStorage(246)) - The storage directory /workdir/hadoop-ozone/tools/target/test-dir/MiniOzoneClusterImpl-9e6d1b68-582c-4998-83b3-e2f12469c286/datanode-2/data/ratis/e7c3be7d-f421-4e58-af0a-c449364fac25 does not exist. Creating ...
2019-09-25 06:57:18,168 [main] INFO  freon.RandomKeyGenerator (RandomKeyGenerator.java:call(292)) - Buffer size: 4096 bytes
2019-09-25 06:57:18,168 [main] INFO  freon.RandomKeyGenerator (RandomKeyGenerator.java:call(293)) - validateWrites : false
2019-09-25 06:57:18,174 [main] INFO  freon.RandomKeyGenerator (RandomKeyGenerator.java:call(313)) - Starting progress bar Thread.

 0.00% |█                                                                                                    |  0/1 Time: 0:00:002019-09-25 06:57:18,181 [pool-47-thread-1] INFO  storage.RaftStorageDirectory (RaftStorageDirectory.java:tryLock(328)) - Lock on /workdir/hadoop-ozone/tools/target/test-dir/MiniOzoneClusterImpl-9e6d1b68-582c-4998-83b3-e2f12469c286/datanode-2/data/ratis/e7c3be7d-f421-4e58-af0a-c449364fac25/in_use.lock acquired by nodename 32716@pr-hdds-1569-s44lr-3492059363
2019-09-25 06:57:18,193 [pool-73-thread-1] INFO  rpc.RpcClient (RpcClient.java:createVolume(276)) - Creating Volume: vol-0-17194, with jenkins1000 as owner.
2019-09-25 06:57:18,194 [pool-47-thread-1] INFO  storage.RaftStorage (RaftStorage.java:format(72)) - Storage directory /workdir/hadoop-ozone/tools/target/test-dir/MiniOzoneClusterImpl-9e6d1b68-582c-4998-83b3-e2f12469c286/datanode-2/data/ratis/e7c3be7d-f421-4e58-af0a-c449364fac25 has been successfully formatted.
2019-09-25 06:57:18,195 [pool-47-thread-1] INFO  ratis.ContainerStateMachine (ContainerStateMachine.java:loadSnapshot(230)) - group-C449364FAC25: The snapshot info is null. Setting the last applied indexto:(t:0, i:~)
2019-09-25 06:57:18,195 [pool-47-thread-1] INFO  server.RaftServerConfigKeys (ConfUtils.java:logGet(43)) - raft.server.notification.no-leader.timeout = 120s (custom)
2019-09-25 06:57:18,195 [pool-47-thread-1] INFO  server.RaftServerConfigKeys (ConfUtils.java:logGet(43)) - raft.server.log.use.memory = false (default)
2019-09-25 06:57:18,195 [pool-47-thread-1] INFO  server.RaftServerConfigKeys (ConfUtils.java:logGet(43)) - raft.server.log.purge.gap = 1000000 (custom)
2019-09-25 06:57:18,195 [pool-47-thread-1] INFO  server.RaftServerConfigKeys (ConfUtils.java:logGet(43)) - raft.server.log.appender.buffer.byte-limit = 33554432 (custom)
2019-09-25 06:57:18,196 [pool-47-thread-1] INFO  server.RaftServerConfigKeys (ConfUtils.java:logGet(43)) - raft.server.log.segment.size.max = 1048576 (custom)
2019-09-25 06:57:18,196 [pool-47-thread-1] INFO  server.RaftServerConfigKeys (ConfUtils.java:logGet(43)) - raft.server.log.segment.cache.num.max = 2 (custom)
2019-09-25 06:57:18,196 [pool-47-thread-1] INFO  segmented.SegmentedRaftLogWorker (SegmentedRaftLogWorker.java:<init>(172)) - new 2b17dc15-c51a-4943-889a-93383535507c@group-C449364FAC25-SegmentedRaftLogWorker for RaftStorage:Storage Directory /workdir/hadoop-ozone/tools/target/test-dir/MiniOzoneClusterImpl-9e6d1b68-582c-4998-83b3-e2f12469c286/datanode-2/data/ratis/e7c3be7d-f421-4e58-af0a-c449364fac25
2019-09-25 06:57:18,196 [pool-47-thread-1] INFO  server.RaftServerConfigKeys (ConfUtils.java:logGet(43)) - raft.server.log.queue.byte-limit = 2147483647 (custom)
2019-09-25 06:57:18,196 [pool-47-thread-1] INFO  server.RaftServerConfigKeys (ConfUtils.java:logGet(43)) - raft.server.log.queue.element-limit = 1024 (custom)
2019-09-25 06:57:18,196 [pool-47-thread-1] INFO  server.RaftServerConfigKeys (ConfUtils.java:logGet(43)) - raft.server.log.segment.size.max = 1048576 (custom)
2019-09-25 06:57:18,197 [pool-47-thread-1] INFO  server.RaftServerConfigKeys (ConfUtils.java:logGet(43)) - raft.server.log.preallocated.size = 16384 (custom)
2019-09-25 06:57:18,197 [pool-47-thread-1] INFO  server.RaftServerConfigKeys (ConfUtils.java:logGet(43)) - raft.server.log.write.buffer.size = 33554432 (custom)
2019-09-25 06:57:18,197 [pool-47-thread-1] INFO  server.RaftServerConfigKeys (ConfUtils.java:logGet(43)) - raft.server.log.force.sync.num = 128 (default)
2019-09-25 06:57:18,197 [pool-47-thread-1] INFO  server.RaftServerConfigKeys (ConfUtils.java:logGet(43)) - raft.server.log.statemachine.data.sync = true (default)
2019-09-25 06:57:18,197 [pool-47-thread-1] INFO  server.RaftServerConfigKeys (ConfUtils.java:logGet(43)) - raft.server.log.statemachine.data.sync.timeout = 10s (default)
2019-09-25 06:57:18,197 [pool-47-thread-1] INFO  server.RaftServerConfigKeys (ConfUtils.java:logGet(43)) - raft.server.log.statemachine.data.sync.timeout.retry = -1 (default)
2019-09-25 06:57:18,198 [pool-47-thread-1] INFO  server.RaftServerConfigKeys (ConfUtils.java:logGet(43)) - raft.server.log.statemachine.data.caching.enabled = true (custom)
2019-09-25 06:57:18,198 [pool-47-thread-1] INFO  segmented.SegmentedRaftLogWorker (SegmentedRaftLogWorker.java:lambda$new$0(132)) - 2b17dc15-c51a-4943-889a-93383535507c@group-C449364FAC25-SegmentedRaftLogWorker: flushIndex: setUnconditionally 0 -> -1
2019-09-25 06:57:18,198 [pool-47-thread-1] INFO  server.RaftServerConfigKeys (ConfUtils.java:logGet(43)) - raft.server.snapshot.auto.trigger.enabled = true (custom)
2019-09-25 06:57:18,199 [pool-47-thread-1] INFO  server.RaftServerConfigKeys (ConfUtils.java:logGet(43)) - raft.server.snapshot.auto.trigger.threshold = 10000 (custom)
2019-09-25 06:57:18,199 [pool-47-thread-1] INFO  server.RaftServerConfigKeys (ConfUtils.java:logGet(43)) - raft.server.snapshot.retention.num.files = 5 (custom)
2019-09-25 06:57:18,199 [pool-47-thread-1] INFO  server.RaftServerConfigKeys (ConfUtils.java:logGet(43)) - raft.server.retrycache.expirytime = 600000ms (custom)
2019-09-25 06:57:18,204 [pool-47-thread-1] INFO  impl.RaftServerImpl (RaftServerImpl.java:start(185)) - 2b17dc15-c51a-4943-889a-93383535507c@group-C449364FAC25: start as a follower, conf=-1: [2b17dc15-c51a-4943-889a-93383535507c:192.168.164.207:35671], old=null
2019-09-25 06:57:18,204 [pool-47-thread-1] INFO  impl.RaftServerImpl (RaftServerImpl.java:setRole(174)) - 2b17dc15-c51a-4943-889a-93383535507c@group-C449364FAC25: changes role from      null to FOLLOWER at term 0 for startAsFollower
2019-09-25 06:57:18,204 [pool-47-thread-1] INFO  impl.RoleInfo (RoleInfo.java:updateAndGet(143)) - 2b17dc15-c51a-4943-889a-93383535507c: start FollowerState
2019-09-25 06:57:18,205 [pool-47-thread-1] INFO  util.JmxRegister (JmxRegister.java:tryRegister(44)) - Successfully registered JMX Bean with object name Ratis:service=RaftServer,group=group-C449364FAC25,id=2b17dc15-c51a-4943-889a-93383535507c
2019-09-25 06:57:18,209 [RatisPipelineUtilsThread] INFO  pipeline.PipelineStateManager (PipelineStateManager.java:addPipeline(56)) - Created pipeline Pipeline[ Id: e7c3be7d-f421-4e58-af0a-c449364fac25, Nodes: 2b17dc15-c51a-4943-889a-93383535507c{ip: 192.168.164.207, host: pr-hdds-1569-s44lr-3492059363, networkLocation: /default-rack, certSerialId: null}, Type:RATIS, Factor:ONE, State:OPEN]
2019-09-25 06:57:18,209 [RatisPipelineUtilsThread] INFO  pipeline.PipelinePlacementPolicy (PipelinePlacementPolicy.java:meetCriteria(91)) - Pipeline Placement: can't place more pipeline on heavy datanode： 653880d8-4d63-4a6f-aa71-df139f9890f6 Heaviness: 6 limit: 5
2019-09-25 06:57:18,210 [RatisPipelineUtilsThread] INFO  pipeline.PipelinePlacementPolicy (PipelinePlacementPolicy.java:meetCriteria(91)) - Pipeline Placement: can't place more pipeline on heavy datanode： d70a231e-a310-420f-b479-fee7bb9573e2 Heaviness: 6 limit: 5
2019-09-25 06:57:18,210 [RatisPipelineUtilsThread] INFO  pipeline.PipelinePlacementPolicy (PipelinePlacementPolicy.java:meetCriteria(91)) - Pipeline Placement: can't place more pipeline on heavy datanode： 4ea58b4a-8782-4322-ab8b-25eaf0c432e3 Heaviness: 6 limit: 5
2019-09-25 06:57:18,210 [RatisPipelineUtilsThread] INFO  pipeline.PipelinePlacementPolicy (PipelinePlacementPolicy.java:meetCriteria(91)) - Pipeline Placement: can't place more pipeline on heavy datanode： 01553a77-28cd-4c2d-9e28-284eca33e668 Heaviness: 6 limit: 5
2019-09-25 06:57:18,219 [grpc-default-executor-0] INFO  impl.RaftServerProxy (RaftServerProxy.java:addNew(89)) - 2b17dc15-c51a-4943-889a-93383535507c: addNew group-8F473C15471B:[2b17dc15-c51a-4943-889a-93383535507c:192.168.164.207:35671] returns group-8F473C15471B:java.util.concurrent.CompletableFuture@2fe8dc1a[Not completed]
2019-09-25 06:57:18,221 [pool-47-thread-1] INFO  impl.RaftServerImpl (RaftServerImpl.java:<init>(95)) - 2b17dc15-c51a-4943-889a-93383535507c: new RaftServerImpl for group-8F473C15471B:[2b17dc15-c51a-4943-889a-93383535507c:192.168.164.207:35671] with ContainerStateMachine:uninitialized
2019-09-25 06:57:18,221 [pool-47-thread-1] INFO  server.RaftServerConfigKeys (ConfUtils.java:logGet(43)) - raft.server.rpc.timeout.min = 5s (custom)
2019-09-25 06:57:18,221 [pool-47-thread-1] INFO  server.RaftServerConfigKeys (ConfUtils.java:logGet(43)) - raft.server.rpc.timeout.max = 5200ms (custom)
2019-09-25 06:57:18,221 [pool-47-thread-1] INFO  server.RaftServerConfigKeys (ConfUtils.java:logGet(43)) - raft.server.rpcslowness.timeout = 120s (custom)
2019-09-25 06:57:18,221 [pool-47-thread-1] INFO  server.RaftServerConfigKeys (ConfUtils.java:logGet(43)) - raft.server.sleep.deviation.threshold = 300 (default)
2019-09-25 06:57:18,222 [pool-47-thread-1] INFO  server.RaftServerConfigKeys (ConfUtils.java:logGet(43)) - raft.server.log.appender.install.snapshot.enabled = false (custom)
2019-09-25 06:57:18,222 [pool-47-thread-1] INFO  impl.RaftServerImpl (ServerState.java:<init>(103)) - 2b17dc15-c51a-4943-889a-93383535507c@group-8F473C15471B: ConfigurationManager, init=-1: [2b17dc15-c51a-4943-889a-93383535507c:192.168.164.207:35671], old=null, confs=<EMPTY_MAP>
2019-09-25 06:57:18,222 [pool-47-thread-1] INFO  server.RaftServerConfigKeys (ConfUtils.java:logGet(43)) - raft.server.storage.dir = [/workdir/hadoop-ozone/tools/target/test-dir/MiniOzoneClusterImpl-9e6d1b68-582c-4998-83b3-e2f12469c286/datanode-2/data/ratis] (custom)
2019-09-25 06:57:18,222 [pool-47-thread-1] INFO  storage.RaftStorageDirectory (RaftStorageDirectory.java:analyzeStorage(246)) - The storage directory /workdir/hadoop-ozone/tools/target/test-dir/MiniOzoneClusterImpl-9e6d1b68-582c-4998-83b3-e2f12469c286/datanode-2/data/ratis/6e27df0c-3355-4c1b-b9c2-8f473c15471b does not exist. Creating ...
2019-09-25 06:57:18,236 [pool-47-thread-1] INFO  storage.RaftStorageDirectory (RaftStorageDirectory.java:tryLock(328)) - Lock on /workdir/hadoop-ozone/tools/target/test-dir/MiniOzoneClusterImpl-9e6d1b68-582c-4998-83b3-e2f12469c286/datanode-2/data/ratis/6e27df0c-3355-4c1b-b9c2-8f473c15471b/in_use.lock acquired by nodename 32716@pr-hdds-1569-s44lr-3492059363
2019-09-25 06:57:18,249 [pool-47-thread-1] INFO  storage.RaftStorage (RaftStorage.java:format(72)) - Storage directory /workdir/hadoop-ozone/tools/target/test-dir/MiniOzoneClusterImpl-9e6d1b68-582c-4998-83b3-e2f12469c286/datanode-2/data/ratis/6e27df0c-3355-4c1b-b9c2-8f473c15471b has been successfully formatted.
2019-09-25 06:57:18,250 [pool-47-thread-1] INFO  ratis.ContainerStateMachine (ContainerStateMachine.java:loadSnapshot(230)) - group-8F473C15471B: The snapshot info is null. Setting the last applied indexto:(t:0, i:~)
2019-09-25 06:57:18,250 [pool-47-thread-1] INFO  server.RaftServerConfigKeys (ConfUtils.java:logGet(43)) - raft.server.notification.no-leader.timeout = 120s (custom)
2019-09-25 06:57:18,250 [pool-47-thread-1] INFO  server.RaftServerConfigKeys (ConfUtils.java:logGet(43)) - raft.server.log.use.memory = false (default)
2019-09-25 06:57:18,250 [pool-47-thread-1] INFO  server.RaftServerConfigKeys (ConfUtils.java:logGet(43)) - raft.server.log.purge.gap = 1000000 (custom)
2019-09-25 06:57:18,250 [pool-47-thread-1] INFO  server.RaftServerConfigKeys (ConfUtils.java:logGet(43)) - raft.server.log.appender.buffer.byte-limit = 33554432 (custom)
2019-09-25 06:57:18,250 [pool-47-thread-1] INFO  server.RaftServerConfigKeys (ConfUtils.java:logGet(43)) - raft.server.log.segment.size.max = 1048576 (custom)
2019-09-25 06:57:18,250 [pool-47-thread-1] INFO  server.RaftServerConfigKeys (ConfUtils.java:logGet(43)) - raft.server.log.segment.cache.num.max = 2 (custom)
2019-09-25 06:57:18,251 [pool-47-thread-1] INFO  segmented.SegmentedRaftLogWorker (SegmentedRaftLogWorker.java:<init>(172)) - new 2b17dc15-c51a-4943-889a-93383535507c@group-8F473C15471B-SegmentedRaftLogWorker for RaftStorage:Storage Directory /workdir/hadoop-ozone/tools/target/test-dir/MiniOzoneClusterImpl-9e6d1b68-582c-4998-83b3-e2f12469c286/datanode-2/data/ratis/6e27df0c-3355-4c1b-b9c2-8f473c15471b
2019-09-25 06:57:18,251 [pool-47-thread-1] INFO  server.RaftServerConfigKeys (ConfUtils.java:logGet(43)) - raft.server.log.queue.byte-limit = 2147483647 (custom)
2019-09-25 06:57:18,251 [pool-47-thread-1] INFO  server.RaftServerConfigKeys (ConfUtils.java:logGet(43)) - raft.server.log.queue.element-limit = 1024 (custom)
2019-09-25 06:57:18,251 [pool-47-thread-1] INFO  server.RaftServerConfigKeys (ConfUtils.java:logGet(43)) - raft.server.log.segment.size.max = 1048576 (custom)
2019-09-25 06:57:18,251 [pool-47-thread-1] INFO  server.RaftServerConfigKeys (ConfUtils.java:logGet(43)) - raft.server.log.preallocated.size = 16384 (custom)
2019-09-25 06:57:18,251 [pool-47-thread-1] INFO  server.RaftServerConfigKeys (ConfUtils.java:logGet(43)) - raft.server.log.write.buffer.size = 33554432 (custom)
2019-09-25 06:57:18,251 [pool-47-thread-1] INFO  server.RaftServerConfigKeys (ConfUtils.java:logGet(43)) - raft.server.log.force.sync.num = 128 (default)
2019-09-25 06:57:18,251 [pool-47-thread-1] INFO  server.RaftServerConfigKeys (ConfUtils.java:logGet(43)) - raft.server.log.statemachine.data.sync = true (default)
2019-09-25 06:57:18,252 [pool-47-thread-1] INFO  server.RaftServerConfigKeys (ConfUtils.java:logGet(43)) - raft.server.log.statemachine.data.sync.timeout = 10s (default)
2019-09-25 06:57:18,252 [pool-47-thread-1] INFO  server.RaftServerConfigKeys (ConfUtils.java:logGet(43)) - raft.server.log.statemachine.data.sync.timeout.retry = -1 (default)
2019-09-25 06:57:18,252 [pool-47-thread-1] INFO  server.RaftServerConfigKeys (ConfUtils.java:logGet(43)) - raft.server.log.statemachine.data.caching.enabled = true (custom)
2019-09-25 06:57:18,252 [pool-47-thread-1] INFO  segmented.SegmentedRaftLogWorker (SegmentedRaftLogWorker.java:lambda$new$0(132)) - 2b17dc15-c51a-4943-889a-93383535507c@group-8F473C15471B-SegmentedRaftLogWorker: flushIndex: setUnconditionally 0 -> -1
2019-09-25 06:57:18,252 [pool-47-thread-1] INFO  server.RaftServerConfigKeys (ConfUtils.java:logGet(43)) - raft.server.snapshot.auto.trigger.enabled = true (custom)
2019-09-25 06:57:18,253 [pool-47-thread-1] INFO  server.RaftServerConfigKeys (ConfUtils.java:logGet(43)) - raft.server.snapshot.auto.trigger.threshold = 10000 (custom)
2019-09-25 06:57:18,253 [pool-47-thread-1] INFO  server.RaftServerConfigKeys (ConfUtils.java:logGet(43)) - raft.server.snapshot.retention.num.files = 5 (custom)
2019-09-25 06:57:18,253 [pool-47-thread-1] INFO  server.RaftServerConfigKeys (ConfUtils.java:logGet(43)) - raft.server.retrycache.expirytime = 600000ms (custom)
2019-09-25 06:57:18,255 [pool-47-thread-1] INFO  impl.RaftServerImpl (RaftServerImpl.java:start(185)) - 2b17dc15-c51a-4943-889a-93383535507c@group-8F473C15471B: start as a follower, conf=-1: [2b17dc15-c51a-4943-889a-93383535507c:192.168.164.207:35671], old=null
2019-09-25 06:57:18,255 [pool-47-thread-1] INFO  impl.RaftServerImpl (RaftServerImpl.java:setRole(174)) - 2b17dc15-c51a-4943-889a-93383535507c@group-8F473C15471B: changes role from      null to FOLLOWER at term 0 for startAsFollower
2019-09-25 06:57:18,256 [pool-47-thread-1] INFO  impl.RoleInfo (RoleInfo.java:updateAndGet(143)) - 2b17dc15-c51a-4943-889a-93383535507c: start FollowerState
2019-09-25 06:57:18,256 [pool-47-thread-1] INFO  util.JmxRegister (JmxRegister.java:tryRegister(44)) - Successfully registered JMX Bean with object name Ratis:service=RaftServer,group=group-8F473C15471B,id=2b17dc15-c51a-4943-889a-93383535507c
2019-09-25 06:57:18,261 [RatisPipelineUtilsThread] INFO  pipeline.PipelineStateManager (PipelineStateManager.java:addPipeline(56)) - Created pipeline Pipeline[ Id: 6e27df0c-3355-4c1b-b9c2-8f473c15471b, Nodes: 2b17dc15-c51a-4943-889a-93383535507c{ip: 192.168.164.207, host: pr-hdds-1569-s44lr-3492059363, networkLocation: /default-rack, certSerialId: null}, Type:RATIS, Factor:ONE, State:OPEN]
2019-09-25 06:57:18,261 [RatisPipelineUtilsThread] INFO  pipeline.PipelinePlacementPolicy (PipelinePlacementPolicy.java:meetCriteria(91)) - Pipeline Placement: can't place more pipeline on heavy datanode： 653880d8-4d63-4a6f-aa71-df139f9890f6 Heaviness: 6 limit: 5
2019-09-25 06:57:18,262 [RatisPipelineUtilsThread] INFO  pipeline.PipelinePlacementPolicy (PipelinePlacementPolicy.java:meetCriteria(91)) - Pipeline Placement: can't place more pipeline on heavy datanode： d70a231e-a310-420f-b479-fee7bb9573e2 Heaviness: 6 limit: 5
2019-09-25 06:57:18,262 [RatisPipelineUtilsThread] INFO  pipeline.PipelinePlacementPolicy (PipelinePlacementPolicy.java:meetCriteria(91)) - Pipeline Placement: can't place more pipeline on heavy datanode： 4ea58b4a-8782-4322-ab8b-25eaf0c432e3 Heaviness: 6 limit: 5
2019-09-25 06:57:18,262 [RatisPipelineUtilsThread] INFO  pipeline.PipelinePlacementPolicy (PipelinePlacementPolicy.java:meetCriteria(91)) - Pipeline Placement: can't place more pipeline on heavy datanode： 01553a77-28cd-4c2d-9e28-284eca33e668 Heaviness: 6 limit: 5
2019-09-25 06:57:18,271 [grpc-default-executor-0] INFO  impl.RaftServerProxy (RaftServerProxy.java:addNew(89)) - 2b17dc15-c51a-4943-889a-93383535507c: addNew group-4FDA2CB47BCD:[2b17dc15-c51a-4943-889a-93383535507c:192.168.164.207:35671] returns group-4FDA2CB47BCD:java.util.concurrent.CompletableFuture@7c35fc6f[Not completed]
2019-09-25 06:57:18,273 [pool-47-thread-1] INFO  impl.RaftServerImpl (RaftServerImpl.java:<init>(95)) - 2b17dc15-c51a-4943-889a-93383535507c: new RaftServerImpl for group-4FDA2CB47BCD:[2b17dc15-c51a-4943-889a-93383535507c:192.168.164.207:35671] with ContainerStateMachine:uninitialized
2019-09-25 06:57:18,273 [pool-47-thread-1] INFO  server.RaftServerConfigKeys (ConfUtils.java:logGet(43)) - raft.server.rpc.timeout.min = 5s (custom)
2019-09-25 06:57:18,273 [pool-47-thread-1] INFO  server.RaftServerConfigKeys (ConfUtils.java:logGet(43)) - raft.server.rpc.timeout.max = 5200ms (custom)
2019-09-25 06:57:18,273 [pool-47-thread-1] INFO  server.RaftServerConfigKeys (ConfUtils.java:logGet(43)) - raft.server.rpcslowness.timeout = 120s (custom)
2019-09-25 06:57:18,273 [pool-47-thread-1] INFO  server.RaftServerConfigKeys (ConfUtils.java:logGet(43)) - raft.server.sleep.deviation.threshold = 300 (default)
2019-09-25 06:57:18,274 [pool-47-thread-1] INFO  server.RaftServerConfigKeys (ConfUtils.java:logGet(43)) - raft.server.log.appender.install.snapshot.enabled = false (custom)
2019-09-25 06:57:18,274 [pool-47-thread-1] INFO  impl.RaftServerImpl (ServerState.java:<init>(103)) - 2b17dc15-c51a-4943-889a-93383535507c@group-4FDA2CB47BCD: ConfigurationManager, init=-1: [2b17dc15-c51a-4943-889a-93383535507c:192.168.164.207:35671], old=null, confs=<EMPTY_MAP>
2019-09-25 06:57:18,274 [pool-47-thread-1] INFO  server.RaftServerConfigKeys (ConfUtils.java:logGet(43)) - raft.server.storage.dir = [/workdir/hadoop-ozone/tools/target/test-dir/MiniOzoneClusterImpl-9e6d1b68-582c-4998-83b3-e2f12469c286/datanode-2/data/ratis] (custom)
2019-09-25 06:57:18,274 [pool-47-thread-1] INFO  storage.RaftStorageDirectory (RaftStorageDirectory.java:analyzeStorage(246)) - The storage directory /workdir/hadoop-ozone/tools/target/test-dir/MiniOzoneClusterImpl-9e6d1b68-582c-4998-83b3-e2f12469c286/datanode-2/data/ratis/f5ff636c-0684-42d9-8b1c-4fda2cb47bcd does not exist. Creating ...
2019-09-25 06:57:18,287 [pool-47-thread-1] INFO  storage.RaftStorageDirectory (RaftStorageDirectory.java:tryLock(328)) - Lock on /workdir/hadoop-ozone/tools/target/test-dir/MiniOzoneClusterImpl-9e6d1b68-582c-4998-83b3-e2f12469c286/datanode-2/data/ratis/f5ff636c-0684-42d9-8b1c-4fda2cb47bcd/in_use.lock acquired by nodename 32716@pr-hdds-1569-s44lr-3492059363
2019-09-25 06:57:18,619 [pool-47-thread-1] INFO  storage.RaftStorage (RaftStorage.java:format(72)) - Storage directory /workdir/hadoop-ozone/tools/target/test-dir/MiniOzoneClusterImpl-9e6d1b68-582c-4998-83b3-e2f12469c286/datanode-2/data/ratis/f5ff636c-0684-42d9-8b1c-4fda2cb47bcd has been successfully formatted.
2019-09-25 06:57:18,624 [pool-47-thread-1] INFO  ratis.ContainerStateMachine (ContainerStateMachine.java:loadSnapshot(230)) - group-4FDA2CB47BCD: The snapshot info is null. Setting the last applied indexto:(t:0, i:~)
2019-09-25 06:57:18,625 [pool-47-thread-1] INFO  server.RaftServerConfigKeys (ConfUtils.java:logGet(43)) - raft.server.notification.no-leader.timeout = 120s (custom)
2019-09-25 06:57:18,625 [pool-47-thread-1] INFO  server.RaftServerConfigKeys (ConfUtils.java:logGet(43)) - raft.server.log.use.memory = false (default)
2019-09-25 06:57:18,625 [pool-47-thread-1] INFO  server.RaftServerConfigKeys (ConfUtils.java:logGet(43)) - raft.server.log.purge.gap = 1000000 (custom)
2019-09-25 06:57:18,625 [pool-47-thread-1] INFO  server.RaftServerConfigKeys (ConfUtils.java:logGet(43)) - raft.server.log.appender.buffer.byte-limit = 33554432 (custom)
2019-09-25 06:57:18,625 [pool-47-thread-1] INFO  server.RaftServerConfigKeys (ConfUtils.java:logGet(43)) - raft.server.log.segment.size.max = 1048576 (custom)
2019-09-25 06:57:18,625 [pool-47-thread-1] INFO  server.RaftServerConfigKeys (ConfUtils.java:logGet(43)) - raft.server.log.segment.cache.num.max = 2 (custom)
2019-09-25 06:57:18,625 [pool-47-thread-1] INFO  segmented.SegmentedRaftLogWorker (SegmentedRaftLogWorker.java:<init>(172)) - new 2b17dc15-c51a-4943-889a-93383535507c@group-4FDA2CB47BCD-SegmentedRaftLogWorker for RaftStorage:Storage Directory /workdir/hadoop-ozone/tools/target/test-dir/MiniOzoneClusterImpl-9e6d1b68-582c-4998-83b3-e2f12469c286/datanode-2/data/ratis/f5ff636c-0684-42d9-8b1c-4fda2cb47bcd
2019-09-25 06:57:18,626 [pool-47-thread-1] INFO  server.RaftServerConfigKeys (ConfUtils.java:logGet(43)) - raft.server.log.queue.byte-limit = 2147483647 (custom)
2019-09-25 06:57:18,626 [pool-47-thread-1] INFO  server.RaftServerConfigKeys (ConfUtils.java:logGet(43)) - raft.server.log.queue.element-limit = 1024 (custom)
2019-09-25 06:57:18,626 [pool-47-thread-1] INFO  server.RaftServerConfigKeys (ConfUtils.java:logGet(43)) - raft.server.log.segment.size.max = 1048576 (custom)
2019-09-25 06:57:18,626 [pool-47-thread-1] INFO  server.RaftServerConfigKeys (ConfUtils.java:logGet(43)) - raft.server.log.preallocated.size = 16384 (custom)
2019-09-25 06:57:18,626 [pool-47-thread-1] INFO  server.RaftServerConfigKeys (ConfUtils.java:logGet(43)) - raft.server.log.write.buffer.size = 33554432 (custom)
2019-09-25 06:57:18,626 [pool-47-thread-1] INFO  server.RaftServerConfigKeys (ConfUtils.java:logGet(43)) - raft.server.log.force.sync.num = 128 (default)
2019-09-25 06:57:18,626 [pool-47-thread-1] INFO  server.RaftServerConfigKeys (ConfUtils.java:logGet(43)) - raft.server.log.statemachine.data.sync = true (default)
2019-09-25 06:57:18,626 [pool-47-thread-1] INFO  server.RaftServerConfigKeys (ConfUtils.java:logGet(43)) - raft.server.log.statemachine.data.sync.timeout = 10s (default)
2019-09-25 06:57:18,626 [pool-47-thread-1] INFO  server.RaftServerConfigKeys (ConfUtils.java:logGet(43)) - raft.server.log.statemachine.data.sync.timeout.retry = -1 (default)
2019-09-25 06:57:18,627 [pool-47-thread-1] INFO  server.RaftServerConfigKeys (ConfUtils.java:logGet(43)) - raft.server.log.statemachine.data.caching.enabled = true (custom)
2019-09-25 06:57:18,627 [pool-47-thread-1] INFO  segmented.SegmentedRaftLogWorker (SegmentedRaftLogWorker.java:lambda$new$0(132)) - 2b17dc15-c51a-4943-889a-93383535507c@group-4FDA2CB47BCD-SegmentedRaftLogWorker: flushIndex: setUnconditionally 0 -> -1
2019-09-25 06:57:18,627 [pool-47-thread-1] INFO  server.RaftServerConfigKeys (ConfUtils.java:logGet(43)) - raft.server.snapshot.auto.trigger.enabled = true (custom)
2019-09-25 06:57:18,627 [pool-47-thread-1] INFO  server.RaftServerConfigKeys (ConfUtils.java:logGet(43)) - raft.server.snapshot.auto.trigger.threshold = 10000 (custom)
2019-09-25 06:57:18,628 [pool-47-thread-1] INFO  server.RaftServerConfigKeys (ConfUtils.java:logGet(43)) - raft.server.snapshot.retention.num.files = 5 (custom)
2019-09-25 06:57:18,628 [pool-47-thread-1] INFO  server.RaftServerConfigKeys (ConfUtils.java:logGet(43)) - raft.server.retrycache.expirytime = 600000ms (custom)
2019-09-25 06:57:18,629 [Thread-208] INFO  container.ReplicationManager (ReplicationManager.java:start(163)) - Starting Replication Monitor Thread.
2019-09-25 06:57:18,634 [ReplicationMonitor] INFO  container.ReplicationManager (ReplicationManager.java:run(226)) - Replication Monitor Thread took 1 milliseconds for processing 0 containers.
2019-09-25 06:57:18,637 [pool-47-thread-1] INFO  impl.RaftServerImpl (RaftServerImpl.java:start(185)) - 2b17dc15-c51a-4943-889a-93383535507c@group-4FDA2CB47BCD: start as a follower, conf=-1: [2b17dc15-c51a-4943-889a-93383535507c:192.168.164.207:35671], old=null
2019-09-25 06:57:18,637 [pool-47-thread-1] INFO  impl.RaftServerImpl (RaftServerImpl.java:setRole(174)) - 2b17dc15-c51a-4943-889a-93383535507c@group-4FDA2CB47BCD: changes role from      null to FOLLOWER at term 0 for startAsFollower
2019-09-25 06:57:18,637 [pool-47-thread-1] INFO  impl.RoleInfo (RoleInfo.java:updateAndGet(143)) - 2b17dc15-c51a-4943-889a-93383535507c: start FollowerState
2019-09-25 06:57:18,637 [IPC Server handler 3 on 45720] INFO  volume.OMVolumeCreateRequest (OMVolumeCreateRequest.java:validateAndUpdateCache(189)) - created volume:vol-0-17194 for user:jenkins1000
2019-09-25 06:57:18,637 [pool-47-thread-1] INFO  util.JmxRegister (JmxRegister.java:tryRegister(44)) - Successfully registered JMX Bean with object name Ratis:service=RaftServer,group=group-4FDA2CB47BCD,id=2b17dc15-c51a-4943-889a-93383535507c
2019-09-25 06:57:18,644 [RatisPipelineUtilsThread] INFO  pipeline.PipelineStateManager (PipelineStateManager.java:addPipeline(56)) - Created pipeline Pipeline[ Id: f5ff636c-0684-42d9-8b1c-4fda2cb47bcd, Nodes: 2b17dc15-c51a-4943-889a-93383535507c{ip: 192.168.164.207, host: pr-hdds-1569-s44lr-3492059363, networkLocation: /default-rack, certSerialId: null}, Type:RATIS, Factor:ONE, State:OPEN]
2019-09-25 06:57:18,645 [RatisPipelineUtilsThread] INFO  pipeline.PipelinePlacementPolicy (PipelinePlacementPolicy.java:meetCriteria(91)) - Pipeline Placement: can't place more pipeline on heavy datanode： 653880d8-4d63-4a6f-aa71-df139f9890f6 Heaviness: 6 limit: 5
2019-09-25 06:57:18,645 [RatisPipelineUtilsThread] INFO  pipeline.PipelinePlacementPolicy (PipelinePlacementPolicy.java:meetCriteria(91)) - Pipeline Placement: can't place more pipeline on heavy datanode： 2b17dc15-c51a-4943-889a-93383535507c Heaviness: 6 limit: 5
2019-09-25 06:57:18,645 [RatisPipelineUtilsThread] INFO  pipeline.PipelinePlacementPolicy (PipelinePlacementPolicy.java:meetCriteria(91)) - Pipeline Placement: can't place more pipeline on heavy datanode： d70a231e-a310-420f-b479-fee7bb9573e2 Heaviness: 6 limit: 5
2019-09-25 06:57:18,646 [RatisPipelineUtilsThread] INFO  pipeline.PipelinePlacementPolicy (PipelinePlacementPolicy.java:meetCriteria(91)) - Pipeline Placement: can't place more pipeline on heavy datanode： 4ea58b4a-8782-4322-ab8b-25eaf0c432e3 Heaviness: 6 limit: 5
2019-09-25 06:57:18,646 [RatisPipelineUtilsThread] INFO  pipeline.PipelinePlacementPolicy (PipelinePlacementPolicy.java:meetCriteria(91)) - Pipeline Placement: can't place more pipeline on heavy datanode： 01553a77-28cd-4c2d-9e28-284eca33e668 Heaviness: 6 limit: 5
2019-09-25 06:57:18,646 [RatisPipelineUtilsThread] ERROR pipeline.PipelinePlacementPolicy (PipelinePlacementPolicy.java:filterViableNodes(148)) - Unable to find enough nodes that meet the criteria that cannot engage in more than 5 pipelines. Nodes required: 1 Found: 0, healthy nodes count inNodeManager: 5.
2019-09-25 06:57:18,646 [RatisPipelineUtilsThread] ERROR pipeline.SCMPipelineManager (SCMPipelineManager.java:createPipeline(167)) - Pipeline creation failed.
org.apache.hadoop.hdds.scm.exceptions.SCMException: Unable to find enough nodes that meet the criteria that cannot engage in more than 5 pipelines. Nodes required: 1 Found: 0, healthy nodes count inNodeManager: 5.
	at org.apache.hadoop.hdds.scm.pipeline.PipelinePlacementPolicy.filterViableNodes(PipelinePlacementPolicy.java:149)
	at org.apache.hadoop.hdds.scm.pipeline.PipelinePlacementPolicy.chooseDatanodes(PipelinePlacementPolicy.java:172)
	at org.apache.hadoop.hdds.scm.pipeline.RatisPipelineProvider.create(RatisPipelineProvider.java:93)
	at org.apache.hadoop.hdds.scm.pipeline.PipelineFactory.create(PipelineFactory.java:58)
	at org.apache.hadoop.hdds.scm.pipeline.SCMPipelineManager.createPipeline(SCMPipelineManager.java:155)
	at org.apache.hadoop.hdds.scm.pipeline.BackgroundPipelineCreator.createPipelines(BackgroundPipelineCreator.java:99)
	at java.util.concurrent.Executors$RunnableAdapter.call(Executors.java:511)
	at java.util.concurrent.FutureTask.run(FutureTask.java:266)
	at java.util.concurrent.ScheduledThreadPoolExecutor$ScheduledFutureTask.access$201(ScheduledThreadPoolExecutor.java:180)
	at java.util.concurrent.ScheduledThreadPoolExecutor$ScheduledFutureTask.run(ScheduledThreadPoolExecutor.java:293)
	at java.util.concurrent.ThreadPoolExecutor.runWorker(ThreadPoolExecutor.java:1149)
	at java.util.concurrent.ThreadPoolExecutor$Worker.run(ThreadPoolExecutor.java:624)
	at java.lang.Thread.run(Thread.java:748)
2019-09-25 06:57:18,649 [RatisPipelineUtilsThread] INFO  pipeline.PipelinePlacementPolicy (PipelinePlacementPolicy.java:meetCriteria(91)) - Pipeline Placement: can't place more pipeline on heavy datanode： 653880d8-4d63-4a6f-aa71-df139f9890f6 Heaviness: 6 limit: 5
2019-09-25 06:57:18,652 [RatisPipelineUtilsThread] INFO  pipeline.PipelinePlacementPolicy (PipelinePlacementPolicy.java:meetCriteria(91)) - Pipeline Placement: can't place more pipeline on heavy datanode： 2b17dc15-c51a-4943-889a-93383535507c Heaviness: 6 limit: 5
2019-09-25 06:57:18,655 [RatisPipelineUtilsThread] INFO  pipeline.PipelinePlacementPolicy (PipelinePlacementPolicy.java:meetCriteria(91)) - Pipeline Placement: can't place more pipeline on heavy datanode： d70a231e-a310-420f-b479-fee7bb9573e2 Heaviness: 6 limit: 5
2019-09-25 06:57:18,658 [RatisPipelineUtilsThread] INFO  pipeline.PipelinePlacementPolicy (PipelinePlacementPolicy.java:meetCriteria(91)) - Pipeline Placement: can't place more pipeline on heavy datanode： 4ea58b4a-8782-4322-ab8b-25eaf0c432e3 Heaviness: 6 limit: 5
2019-09-25 06:57:18,660 [RatisPipelineUtilsThread] INFO  pipeline.PipelinePlacementPolicy (PipelinePlacementPolicy.java:meetCriteria(91)) - Pipeline Placement: can't place more pipeline on heavy datanode： 01553a77-28cd-4c2d-9e28-284eca33e668 Heaviness: 6 limit: 5
2019-09-25 06:57:18,660 [RatisPipelineUtilsThread] ERROR pipeline.PipelinePlacementPolicy (PipelinePlacementPolicy.java:filterViableNodes(148)) - Unable to find enough nodes that meet the criteria that cannot engage in more than 5 pipelines. Nodes required: 3 Found: 0, healthy nodes count inNodeManager: 5.
2019-09-25 06:57:18,661 [RatisPipelineUtilsThread] ERROR pipeline.SCMPipelineManager (SCMPipelineManager.java:createPipeline(167)) - Pipeline creation failed.
org.apache.hadoop.hdds.scm.exceptions.SCMException: Unable to find enough nodes that meet the criteria that cannot engage in more than 5 pipelines. Nodes required: 3 Found: 0, healthy nodes count inNodeManager: 5.
	at org.apache.hadoop.hdds.scm.pipeline.PipelinePlacementPolicy.filterViableNodes(PipelinePlacementPolicy.java:149)
	at org.apache.hadoop.hdds.scm.pipeline.PipelinePlacementPolicy.chooseDatanodes(PipelinePlacementPolicy.java:172)
	at org.apache.hadoop.hdds.scm.pipeline.RatisPipelineProvider.create(RatisPipelineProvider.java:93)
	at org.apache.hadoop.hdds.scm.pipeline.PipelineFactory.create(PipelineFactory.java:58)
	at org.apache.hadoop.hdds.scm.pipeline.SCMPipelineManager.createPipeline(SCMPipelineManager.java:155)
	at org.apache.hadoop.hdds.scm.pipeline.BackgroundPipelineCreator.createPipelines(BackgroundPipelineCreator.java:99)
	at java.util.concurrent.Executors$RunnableAdapter.call(Executors.java:511)
	at java.util.concurrent.FutureTask.run(FutureTask.java:266)
	at java.util.concurrent.ScheduledThreadPoolExecutor$ScheduledFutureTask.access$201(ScheduledThreadPoolExecutor.java:180)
	at java.util.concurrent.ScheduledThreadPoolExecutor$ScheduledFutureTask.run(ScheduledThreadPoolExecutor.java:293)
	at java.util.concurrent.ThreadPoolExecutor.runWorker(ThreadPoolExecutor.java:1149)
	at java.util.concurrent.ThreadPoolExecutor$Worker.run(ThreadPoolExecutor.java:624)
	at java.lang.Thread.run(Thread.java:748)
2019-09-25 06:57:18,695 [pool-73-thread-2] INFO  rpc.RpcClient (RpcClient.java:createBucket(415)) - Creating Bucket: vol-0-17194/bucket-0-44808, with Versioning false and Storage Type set to DISK and Encryption set to false 
2019-09-25 06:57:18,753 [IPC Server handler 4 on 40260] INFO  pipeline.PipelinePlacementPolicy (PipelinePlacementPolicy.java:meetCriteria(91)) - Pipeline Placement: can't place more pipeline on heavy datanode： 653880d8-4d63-4a6f-aa71-df139f9890f6 Heaviness: 6 limit: 5
2019-09-25 06:57:18,755 [IPC Server handler 4 on 40260] INFO  pipeline.PipelinePlacementPolicy (PipelinePlacementPolicy.java:meetCriteria(91)) - Pipeline Placement: can't place more pipeline on heavy datanode： 2b17dc15-c51a-4943-889a-93383535507c Heaviness: 6 limit: 5
2019-09-25 06:57:18,755 [IPC Server handler 4 on 40260] INFO  pipeline.PipelinePlacementPolicy (PipelinePlacementPolicy.java:meetCriteria(91)) - Pipeline Placement: can't place more pipeline on heavy datanode： d70a231e-a310-420f-b479-fee7bb9573e2 Heaviness: 6 limit: 5
2019-09-25 06:57:18,755 [IPC Server handler 4 on 40260] INFO  pipeline.PipelinePlacementPolicy (PipelinePlacementPolicy.java:meetCriteria(91)) - Pipeline Placement: can't place more pipeline on heavy datanode： 4ea58b4a-8782-4322-ab8b-25eaf0c432e3 Heaviness: 6 limit: 5
2019-09-25 06:57:18,756 [IPC Server handler 4 on 40260] INFO  pipeline.PipelinePlacementPolicy (PipelinePlacementPolicy.java:meetCriteria(91)) - Pipeline Placement: can't place more pipeline on heavy datanode： 01553a77-28cd-4c2d-9e28-284eca33e668 Heaviness: 6 limit: 5
2019-09-25 06:57:18,756 [IPC Server handler 4 on 40260] ERROR pipeline.PipelinePlacementPolicy (PipelinePlacementPolicy.java:filterViableNodes(148)) - Unable to find enough nodes that meet the criteria that cannot engage in more than 5 pipelines. Nodes required: 3 Found: 0, healthy nodes count inNodeManager: 5.
2019-09-25 06:57:18,756 [IPC Server handler 4 on 40260] ERROR pipeline.SCMPipelineManager (SCMPipelineManager.java:createPipeline(167)) - Pipeline creation failed.
org.apache.hadoop.hdds.scm.exceptions.SCMException: Unable to find enough nodes that meet the criteria that cannot engage in more than 5 pipelines. Nodes required: 3 Found: 0, healthy nodes count inNodeManager: 5.
	at org.apache.hadoop.hdds.scm.pipeline.PipelinePlacementPolicy.filterViableNodes(PipelinePlacementPolicy.java:149)
	at org.apache.hadoop.hdds.scm.pipeline.PipelinePlacementPolicy.chooseDatanodes(PipelinePlacementPolicy.java:172)
	at org.apache.hadoop.hdds.scm.pipeline.RatisPipelineProvider.create(RatisPipelineProvider.java:93)
	at org.apache.hadoop.hdds.scm.pipeline.PipelineFactory.create(PipelineFactory.java:58)
	at org.apache.hadoop.hdds.scm.pipeline.SCMPipelineManager.createPipeline(SCMPipelineManager.java:155)
	at org.apache.hadoop.hdds.scm.block.BlockManagerImpl.allocateBlock(BlockManagerImpl.java:190)
	at org.apache.hadoop.hdds.scm.server.SCMBlockProtocolServer.allocateBlock(SCMBlockProtocolServer.java:182)
	at org.apache.hadoop.ozone.protocolPB.ScmBlockLocationProtocolServerSideTranslatorPB.allocateScmBlock(ScmBlockLocationProtocolServerSideTranslatorPB.java:183)
	at org.apache.hadoop.ozone.protocolPB.ScmBlockLocationProtocolServerSideTranslatorPB.processMessage(ScmBlockLocationProtocolServerSideTranslatorPB.java:141)
	at org.apache.hadoop.ozone.protocolPB.ScmBlockLocationProtocolServerSideTranslatorPB.send(ScmBlockLocationProtocolServerSideTranslatorPB.java:116)
	at org.apache.hadoop.hdds.protocol.proto.ScmBlockLocationProtocolProtos$ScmBlockLocationProtocolService$2.callBlockingMethod(ScmBlockLocationProtocolProtos.java:13157)
	at org.apache.hadoop.ipc.ProtobufRpcEngine$Server$ProtoBufRpcInvoker.call(ProtobufRpcEngine.java:524)
	at org.apache.hadoop.ipc.RPC$Server.call(RPC.java:1025)
	at org.apache.hadoop.ipc.Server$RpcCall.run(Server.java:876)
	at org.apache.hadoop.ipc.Server$RpcCall.run(Server.java:822)
	at java.security.AccessController.doPrivileged(Native Method)
	at javax.security.auth.Subject.doAs(Subject.java:422)
	at org.apache.hadoop.security.UserGroupInformation.doAs(UserGroupInformation.java:1730)
	at org.apache.hadoop.ipc.Server$Handler.run(Server.java:2682)
2019-09-25 06:57:18,757 [IPC Server handler 4 on 40260] WARN  block.BlockManagerImpl (BlockManagerImpl.java:allocateBlock(192)) - Pipeline creation failed for type:RATIS factor:THREE. Retrying get pipelines call once.
org.apache.hadoop.hdds.scm.exceptions.SCMException: Unable to find enough nodes that meet the criteria that cannot engage in more than 5 pipelines. Nodes required: 3 Found: 0, healthy nodes count inNodeManager: 5.
	at org.apache.hadoop.hdds.scm.pipeline.PipelinePlacementPolicy.filterViableNodes(PipelinePlacementPolicy.java:149)
	at org.apache.hadoop.hdds.scm.pipeline.PipelinePlacementPolicy.chooseDatanodes(PipelinePlacementPolicy.java:172)
	at org.apache.hadoop.hdds.scm.pipeline.RatisPipelineProvider.create(RatisPipelineProvider.java:93)
	at org.apache.hadoop.hdds.scm.pipeline.PipelineFactory.create(PipelineFactory.java:58)
	at org.apache.hadoop.hdds.scm.pipeline.SCMPipelineManager.createPipeline(SCMPipelineManager.java:155)
	at org.apache.hadoop.hdds.scm.block.BlockManagerImpl.allocateBlock(BlockManagerImpl.java:190)
	at org.apache.hadoop.hdds.scm.server.SCMBlockProtocolServer.allocateBlock(SCMBlockProtocolServer.java:182)
	at org.apache.hadoop.ozone.protocolPB.ScmBlockLocationProtocolServerSideTranslatorPB.allocateScmBlock(ScmBlockLocationProtocolServerSideTranslatorPB.java:183)
	at org.apache.hadoop.ozone.protocolPB.ScmBlockLocationProtocolServerSideTranslatorPB.processMessage(ScmBlockLocationProtocolServerSideTranslatorPB.java:141)
	at org.apache.hadoop.ozone.protocolPB.ScmBlockLocationProtocolServerSideTranslatorPB.send(ScmBlockLocationProtocolServerSideTranslatorPB.java:116)
	at org.apache.hadoop.hdds.protocol.proto.ScmBlockLocationProtocolProtos$ScmBlockLocationProtocolService$2.callBlockingMethod(ScmBlockLocationProtocolProtos.java:13157)
	at org.apache.hadoop.ipc.ProtobufRpcEngine$Server$ProtoBufRpcInvoker.call(ProtobufRpcEngine.java:524)
	at org.apache.hadoop.ipc.RPC$Server.call(RPC.java:1025)
	at org.apache.hadoop.ipc.Server$RpcCall.run(Server.java:876)
	at org.apache.hadoop.ipc.Server$RpcCall.run(Server.java:822)
	at java.security.AccessController.doPrivileged(Native Method)
	at javax.security.auth.Subject.doAs(Subject.java:422)
	at org.apache.hadoop.security.UserGroupInformation.doAs(UserGroupInformation.java:1730)
	at org.apache.hadoop.ipc.Server$Handler.run(Server.java:2682)
2019-09-25 06:57:18,758 [IPC Server handler 4 on 40260] INFO  block.BlockManagerImpl (BlockManagerImpl.java:allocateBlock(198)) - Could not find available pipeline of type:RATIS and factor:THREE even after retrying
2019-09-25 06:57:18,758 [IPC Server handler 4 on 40260] ERROR block.BlockManagerImpl (BlockManagerImpl.java:allocateBlock(222)) - Unable to allocate a block for the size: 4194304, type: RATIS, factor: THREE
2019-09-25 06:57:18,759 [IPC Server handler 4 on 40260] INFO  pipeline.PipelinePlacementPolicy (PipelinePlacementPolicy.java:meetCriteria(91)) - Pipeline Placement: can't place more pipeline on heavy datanode： 653880d8-4d63-4a6f-aa71-df139f9890f6 Heaviness: 6 limit: 5
2019-09-25 06:57:18,759 [IPC Server handler 4 on 40260] INFO  pipeline.PipelinePlacementPolicy (PipelinePlacementPolicy.java:meetCriteria(91)) - Pipeline Placement: can't place more pipeline on heavy datanode： 2b17dc15-c51a-4943-889a-93383535507c Heaviness: 6 limit: 5
2019-09-25 06:57:18,759 [IPC Server handler 4 on 40260] INFO  pipeline.PipelinePlacementPolicy (PipelinePlacementPolicy.java:meetCriteria(91)) - Pipeline Placement: can't place more pipeline on heavy datanode： d70a231e-a310-420f-b479-fee7bb9573e2 Heaviness: 6 limit: 5
2019-09-25 06:57:18,759 [IPC Server handler 4 on 40260] INFO  pipeline.PipelinePlacementPolicy (PipelinePlacementPolicy.java:meetCriteria(91)) - Pipeline Placement: can't place more pipeline on heavy datanode： 4ea58b4a-8782-4322-ab8b-25eaf0c432e3 Heaviness: 6 limit: 5
2019-09-25 06:57:18,759 [IPC Server handler 4 on 40260] INFO  pipeline.PipelinePlacementPolicy (PipelinePlacementPolicy.java:meetCriteria(91)) - Pipeline Placement: can't place more pipeline on heavy datanode： 01553a77-28cd-4c2d-9e28-284eca33e668 Heaviness: 6 limit: 5
2019-09-25 06:57:18,760 [IPC Server handler 4 on 40260] ERROR pipeline.PipelinePlacementPolicy (PipelinePlacementPolicy.java:filterViableNodes(148)) - Unable to find enough nodes that meet the criteria that cannot engage in more than 5 pipelines. Nodes required: 3 Found: 0, healthy nodes count inNodeManager: 5.
2019-09-25 06:57:18,760 [IPC Server handler 4 on 40260] ERROR pipeline.SCMPipelineManager (SCMPipelineManager.java:createPipeline(167)) - Pipeline creation failed.
org.apache.hadoop.hdds.scm.exceptions.SCMException: Unable to find enough nodes that meet the criteria that cannot engage in more than 5 pipelines. Nodes required: 3 Found: 0, healthy nodes count inNodeManager: 5.
	at org.apache.hadoop.hdds.scm.pipeline.PipelinePlacementPolicy.filterViableNodes(PipelinePlacementPolicy.java:149)
	at org.apache.hadoop.hdds.scm.pipeline.PipelinePlacementPolicy.chooseDatanodes(PipelinePlacementPolicy.java:172)
	at org.apache.hadoop.hdds.scm.pipeline.RatisPipelineProvider.create(RatisPipelineProvider.java:93)
	at org.apache.hadoop.hdds.scm.pipeline.PipelineFactory.create(PipelineFactory.java:58)
	at org.apache.hadoop.hdds.scm.pipeline.SCMPipelineManager.createPipeline(SCMPipelineManager.java:155)
	at org.apache.hadoop.hdds.scm.block.BlockManagerImpl.allocateBlock(BlockManagerImpl.java:190)
	at org.apache.hadoop.hdds.scm.server.SCMBlockProtocolServer.allocateBlock(SCMBlockProtocolServer.java:182)
	at org.apache.hadoop.ozone.protocolPB.ScmBlockLocationProtocolServerSideTranslatorPB.allocateScmBlock(ScmBlockLocationProtocolServerSideTranslatorPB.java:183)
	at org.apache.hadoop.ozone.protocolPB.ScmBlockLocationProtocolServerSideTranslatorPB.processMessage(ScmBlockLocationProtocolServerSideTranslatorPB.java:141)
	at org.apache.hadoop.ozone.protocolPB.ScmBlockLocationProtocolServerSideTranslatorPB.send(ScmBlockLocationProtocolServerSideTranslatorPB.java:116)
	at org.apache.hadoop.hdds.protocol.proto.ScmBlockLocationProtocolProtos$ScmBlockLocationProtocolService$2.callBlockingMethod(ScmBlockLocationProtocolProtos.java:13157)
	at org.apache.hadoop.ipc.ProtobufRpcEngine$Server$ProtoBufRpcInvoker.call(ProtobufRpcEngine.java:524)
	at org.apache.hadoop.ipc.RPC$Server.call(RPC.java:1025)
	at org.apache.hadoop.ipc.Server$RpcCall.run(Server.java:876)
	at org.apache.hadoop.ipc.Server$RpcCall.run(Server.java:822)
	at java.security.AccessController.doPrivileged(Native Method)
	at javax.security.auth.Subject.doAs(Subject.java:422)
	at org.apache.hadoop.security.UserGroupInformation.doAs(UserGroupInformation.java:1730)
	at org.apache.hadoop.ipc.Server$Handler.run(Server.java:2682)
2019-09-25 06:57:18,760 [IPC Server handler 4 on 40260] WARN  block.BlockManagerImpl (BlockManagerImpl.java:allocateBlock(192)) - Pipeline creation failed for type:RATIS factor:THREE. Retrying get pipelines call once.
org.apache.hadoop.hdds.scm.exceptions.SCMException: Unable to find enough nodes that meet the criteria that cannot engage in more than 5 pipelines. Nodes required: 3 Found: 0, healthy nodes count inNodeManager: 5.
	at org.apache.hadoop.hdds.scm.pipeline.PipelinePlacementPolicy.filterViableNodes(PipelinePlacementPolicy.java:149)
	at org.apache.hadoop.hdds.scm.pipeline.PipelinePlacementPolicy.chooseDatanodes(PipelinePlacementPolicy.java:172)
	at org.apache.hadoop.hdds.scm.pipeline.RatisPipelineProvider.create(RatisPipelineProvider.java:93)
	at org.apache.hadoop.hdds.scm.pipeline.PipelineFactory.create(PipelineFactory.java:58)
	at org.apache.hadoop.hdds.scm.pipeline.SCMPipelineManager.createPipeline(SCMPipelineManager.java:155)
	at org.apache.hadoop.hdds.scm.block.BlockManagerImpl.allocateBlock(BlockManagerImpl.java:190)
	at org.apache.hadoop.hdds.scm.server.SCMBlockProtocolServer.allocateBlock(SCMBlockProtocolServer.java:182)
	at org.apache.hadoop.ozone.protocolPB.ScmBlockLocationProtocolServerSideTranslatorPB.allocateScmBlock(ScmBlockLocationProtocolServerSideTranslatorPB.java:183)
	at org.apache.hadoop.ozone.protocolPB.ScmBlockLocationProtocolServerSideTranslatorPB.processMessage(ScmBlockLocationProtocolServerSideTranslatorPB.java:141)
	at org.apache.hadoop.ozone.protocolPB.ScmBlockLocationProtocolServerSideTranslatorPB.send(ScmBlockLocationProtocolServerSideTranslatorPB.java:116)
	at org.apache.hadoop.hdds.protocol.proto.ScmBlockLocationProtocolProtos$ScmBlockLocationProtocolService$2.callBlockingMethod(ScmBlockLocationProtocolProtos.java:13157)
	at org.apache.hadoop.ipc.ProtobufRpcEngine$Server$ProtoBufRpcInvoker.call(ProtobufRpcEngine.java:524)
	at org.apache.hadoop.ipc.RPC$Server.call(RPC.java:1025)
	at org.apache.hadoop.ipc.Server$RpcCall.run(Server.java:876)
	at org.apache.hadoop.ipc.Server$RpcCall.run(Server.java:822)
	at java.security.AccessController.doPrivileged(Native Method)
	at javax.security.auth.Subject.doAs(Subject.java:422)
	at org.apache.hadoop.security.UserGroupInformation.doAs(UserGroupInformation.java:1730)
	at org.apache.hadoop.ipc.Server$Handler.run(Server.java:2682)
2019-09-25 06:57:18,760 [IPC Server handler 4 on 40260] INFO  block.BlockManagerImpl (BlockManagerImpl.java:allocateBlock(198)) - Could not find available pipeline of type:RATIS and factor:THREE even after retrying
2019-09-25 06:57:18,761 [IPC Server handler 4 on 40260] ERROR block.BlockManagerImpl (BlockManagerImpl.java:allocateBlock(222)) - Unable to allocate a block for the size: 4194304, type: RATIS, factor: THREE
2019-09-25 06:57:18,761 [IPC Server handler 4 on 40260] INFO  pipeline.PipelinePlacementPolicy (PipelinePlacementPolicy.java:meetCriteria(91)) - Pipeline Placement: can't place more pipeline on heavy datanode： 653880d8-4d63-4a6f-aa71-df139f9890f6 Heaviness: 6 limit: 5
2019-09-25 06:57:18,761 [IPC Server handler 4 on 40260] INFO  pipeline.PipelinePlacementPolicy (PipelinePlacementPolicy.java:meetCriteria(91)) - Pipeline Placement: can't place more pipeline on heavy datanode： 2b17dc15-c51a-4943-889a-93383535507c Heaviness: 6 limit: 5
2019-09-25 06:57:18,761 [IPC Server handler 4 on 40260] INFO  pipeline.PipelinePlacementPolicy (PipelinePlacementPolicy.java:meetCriteria(91)) - Pipeline Placement: can't place more pipeline on heavy datanode： d70a231e-a310-420f-b479-fee7bb9573e2 Heaviness: 6 limit: 5
2019-09-25 06:57:18,761 [IPC Server handler 4 on 40260] INFO  pipeline.PipelinePlacementPolicy (PipelinePlacementPolicy.java:meetCriteria(91)) - Pipeline Placement: can't place more pipeline on heavy datanode： 4ea58b4a-8782-4322-ab8b-25eaf0c432e3 Heaviness: 6 limit: 5
2019-09-25 06:57:18,761 [IPC Server handler 4 on 40260] INFO  pipeline.PipelinePlacementPolicy (PipelinePlacementPolicy.java:meetCriteria(91)) - Pipeline Placement: can't place more pipeline on heavy datanode： 01553a77-28cd-4c2d-9e28-284eca33e668 Heaviness: 6 limit: 5
2019-09-25 06:57:18,762 [IPC Server handler 4 on 40260] ERROR pipeline.PipelinePlacementPolicy (PipelinePlacementPolicy.java:filterViableNodes(148)) - Unable to find enough nodes that meet the criteria that cannot engage in more than 5 pipelines. Nodes required: 3 Found: 0, healthy nodes count inNodeManager: 5.
2019-09-25 06:57:18,762 [IPC Server handler 4 on 40260] ERROR pipeline.SCMPipelineManager (SCMPipelineManager.java:createPipeline(167)) - Pipeline creation failed.
org.apache.hadoop.hdds.scm.exceptions.SCMException: Unable to find enough nodes that meet the criteria that cannot engage in more than 5 pipelines. Nodes required: 3 Found: 0, healthy nodes count inNodeManager: 5.
	at org.apache.hadoop.hdds.scm.pipeline.PipelinePlacementPolicy.filterViableNodes(PipelinePlacementPolicy.java:149)
	at org.apache.hadoop.hdds.scm.pipeline.PipelinePlacementPolicy.chooseDatanodes(PipelinePlacementPolicy.java:172)
	at org.apache.hadoop.hdds.scm.pipeline.RatisPipelineProvider.create(RatisPipelineProvider.java:93)
	at org.apache.hadoop.hdds.scm.pipeline.PipelineFactory.create(PipelineFactory.java:58)
	at org.apache.hadoop.hdds.scm.pipeline.SCMPipelineManager.createPipeline(SCMPipelineManager.java:155)
	at org.apache.hadoop.hdds.scm.block.BlockManagerImpl.allocateBlock(BlockManagerImpl.java:190)
	at org.apache.hadoop.hdds.scm.server.SCMBlockProtocolServer.allocateBlock(SCMBlockProtocolServer.java:182)
	at org.apache.hadoop.ozone.protocolPB.ScmBlockLocationProtocolServerSideTranslatorPB.allocateScmBlock(ScmBlockLocationProtocolServerSideTranslatorPB.java:183)
	at org.apache.hadoop.ozone.protocolPB.ScmBlockLocationProtocolServerSideTranslatorPB.processMessage(ScmBlockLocationProtocolServerSideTranslatorPB.java:141)
	at org.apache.hadoop.ozone.protocolPB.ScmBlockLocationProtocolServerSideTranslatorPB.send(ScmBlockLocationProtocolServerSideTranslatorPB.java:116)
	at org.apache.hadoop.hdds.protocol.proto.ScmBlockLocationProtocolProtos$ScmBlockLocationProtocolService$2.callBlockingMethod(ScmBlockLocationProtocolProtos.java:13157)
	at org.apache.hadoop.ipc.ProtobufRpcEngine$Server$ProtoBufRpcInvoker.call(ProtobufRpcEngine.java:524)
	at org.apache.hadoop.ipc.RPC$Server.call(RPC.java:1025)
	at org.apache.hadoop.ipc.Server$RpcCall.run(Server.java:876)
	at org.apache.hadoop.ipc.Server$RpcCall.run(Server.java:822)
	at java.security.AccessController.doPrivileged(Native Method)
	at javax.security.auth.Subject.doAs(Subject.java:422)
	at org.apache.hadoop.security.UserGroupInformation.doAs(UserGroupInformation.java:1730)
	at org.apache.hadoop.ipc.Server$Handler.run(Server.java:2682)
2019-09-25 06:57:18,762 [IPC Server handler 4 on 40260] WARN  block.BlockManagerImpl (BlockManagerImpl.java:allocateBlock(192)) - Pipeline creation failed for type:RATIS factor:THREE. Retrying get pipelines call once.
org.apache.hadoop.hdds.scm.exceptions.SCMException: Unable to find enough nodes that meet the criteria that cannot engage in more than 5 pipelines. Nodes required: 3 Found: 0, healthy nodes count inNodeManager: 5.
	at org.apache.hadoop.hdds.scm.pipeline.PipelinePlacementPolicy.filterViableNodes(PipelinePlacementPolicy.java:149)
	at org.apache.hadoop.hdds.scm.pipeline.PipelinePlacementPolicy.chooseDatanodes(PipelinePlacementPolicy.java:172)
	at org.apache.hadoop.hdds.scm.pipeline.RatisPipelineProvider.create(RatisPipelineProvider.java:93)
	at org.apache.hadoop.hdds.scm.pipeline.PipelineFactory.create(PipelineFactory.java:58)
	at org.apache.hadoop.hdds.scm.pipeline.SCMPipelineManager.createPipeline(SCMPipelineManager.java:155)
	at org.apache.hadoop.hdds.scm.block.BlockManagerImpl.allocateBlock(BlockManagerImpl.java:190)
	at org.apache.hadoop.hdds.scm.server.SCMBlockProtocolServer.allocateBlock(SCMBlockProtocolServer.java:182)
	at org.apache.hadoop.ozone.protocolPB.ScmBlockLocationProtocolServerSideTranslatorPB.allocateScmBlock(ScmBlockLocationProtocolServerSideTranslatorPB.java:183)
	at org.apache.hadoop.ozone.protocolPB.ScmBlockLocationProtocolServerSideTranslatorPB.processMessage(ScmBlockLocationProtocolServerSideTranslatorPB.java:141)
	at org.apache.hadoop.ozone.protocolPB.ScmBlockLocationProtocolServerSideTranslatorPB.send(ScmBlockLocationProtocolServerSideTranslatorPB.java:116)
	at org.apache.hadoop.hdds.protocol.proto.ScmBlockLocationProtocolProtos$ScmBlockLocationProtocolService$2.callBlockingMethod(ScmBlockLocationProtocolProtos.java:13157)
	at org.apache.hadoop.ipc.ProtobufRpcEngine$Server$ProtoBufRpcInvoker.call(ProtobufRpcEngine.java:524)
	at org.apache.hadoop.ipc.RPC$Server.call(RPC.java:1025)
	at org.apache.hadoop.ipc.Server$RpcCall.run(Server.java:876)
	at org.apache.hadoop.ipc.Server$RpcCall.run(Server.java:822)
	at java.security.AccessController.doPrivileged(Native Method)
	at javax.security.auth.Subject.doAs(Subject.java:422)
	at org.apache.hadoop.security.UserGroupInformation.doAs(UserGroupInformation.java:1730)
	at org.apache.hadoop.ipc.Server$Handler.run(Server.java:2682)
2019-09-25 06:57:18,762 [IPC Server handler 4 on 40260] INFO  block.BlockManagerImpl (BlockManagerImpl.java:allocateBlock(198)) - Could not find available pipeline of type:RATIS and factor:THREE even after retrying
2019-09-25 06:57:18,763 [IPC Server handler 4 on 40260] ERROR block.BlockManagerImpl (BlockManagerImpl.java:allocateBlock(222)) - Unable to allocate a block for the size: 4194304, type: RATIS, factor: THREE
2019-09-25 06:57:18,763 [IPC Server handler 4 on 40260] INFO  pipeline.PipelinePlacementPolicy (PipelinePlacementPolicy.java:meetCriteria(91)) - Pipeline Placement: can't place more pipeline on heavy datanode： 653880d8-4d63-4a6f-aa71-df139f9890f6 Heaviness: 6 limit: 5
2019-09-25 06:57:18,763 [IPC Server handler 4 on 40260] INFO  pipeline.PipelinePlacementPolicy (PipelinePlacementPolicy.java:meetCriteria(91)) - Pipeline Placement: can't place more pipeline on heavy datanode： 2b17dc15-c51a-4943-889a-93383535507c Heaviness: 6 limit: 5
2019-09-25 06:57:18,763 [IPC Server handler 4 on 40260] INFO  pipeline.PipelinePlacementPolicy (PipelinePlacementPolicy.java:meetCriteria(91)) - Pipeline Placement: can't place more pipeline on heavy datanode： d70a231e-a310-420f-b479-fee7bb9573e2 Heaviness: 6 limit: 5
2019-09-25 06:57:18,763 [IPC Server handler 4 on 40260] INFO  pipeline.PipelinePlacementPolicy (PipelinePlacementPolicy.java:meetCriteria(91)) - Pipeline Placement: can't place more pipeline on heavy datanode： 4ea58b4a-8782-4322-ab8b-25eaf0c432e3 Heaviness: 6 limit: 5
2019-09-25 06:57:18,763 [IPC Server handler 4 on 40260] INFO  pipeline.PipelinePlacementPolicy (PipelinePlacementPolicy.java:meetCriteria(91)) - Pipeline Placement: can't place more pipeline on heavy datanode： 01553a77-28cd-4c2d-9e28-284eca33e668 Heaviness: 6 limit: 5
2019-09-25 06:57:18,764 [IPC Server handler 4 on 40260] ERROR pipeline.PipelinePlacementPolicy (PipelinePlacementPolicy.java:filterViableNodes(148)) - Unable to find enough nodes that meet the criteria that cannot engage in more than 5 pipelines. Nodes required: 3 Found: 0, healthy nodes count inNodeManager: 5.
2019-09-25 06:57:18,764 [IPC Server handler 4 on 40260] ERROR pipeline.SCMPipelineManager (SCMPipelineManager.java:createPipeline(167)) - Pipeline creation failed.
org.apache.hadoop.hdds.scm.exceptions.SCMException: Unable to find enough nodes that meet the criteria that cannot engage in more than 5 pipelines. Nodes required: 3 Found: 0, healthy nodes count inNodeManager: 5.
	at org.apache.hadoop.hdds.scm.pipeline.PipelinePlacementPolicy.filterViableNodes(PipelinePlacementPolicy.java:149)
	at org.apache.hadoop.hdds.scm.pipeline.PipelinePlacementPolicy.chooseDatanodes(PipelinePlacementPolicy.java:172)
	at org.apache.hadoop.hdds.scm.pipeline.RatisPipelineProvider.create(RatisPipelineProvider.java:93)
	at org.apache.hadoop.hdds.scm.pipeline.PipelineFactory.create(PipelineFactory.java:58)
	at org.apache.hadoop.hdds.scm.pipeline.SCMPipelineManager.createPipeline(SCMPipelineManager.java:155)
	at org.apache.hadoop.hdds.scm.block.BlockManagerImpl.allocateBlock(BlockManagerImpl.java:190)
	at org.apache.hadoop.hdds.scm.server.SCMBlockProtocolServer.allocateBlock(SCMBlockProtocolServer.java:182)
	at org.apache.hadoop.ozone.protocolPB.ScmBlockLocationProtocolServerSideTranslatorPB.allocateScmBlock(ScmBlockLocationProtocolServerSideTranslatorPB.java:183)
	at org.apache.hadoop.ozone.protocolPB.ScmBlockLocationProtocolServerSideTranslatorPB.processMessage(ScmBlockLocationProtocolServerSideTranslatorPB.java:141)
	at org.apache.hadoop.ozone.protocolPB.ScmBlockLocationProtocolServerSideTranslatorPB.send(ScmBlockLocationProtocolServerSideTranslatorPB.java:116)
	at org.apache.hadoop.hdds.protocol.proto.ScmBlockLocationProtocolProtos$ScmBlockLocationProtocolService$2.callBlockingMethod(ScmBlockLocationProtocolProtos.java:13157)
	at org.apache.hadoop.ipc.ProtobufRpcEngine$Server$ProtoBufRpcInvoker.call(ProtobufRpcEngine.java:524)
	at org.apache.hadoop.ipc.RPC$Server.call(RPC.java:1025)
	at org.apache.hadoop.ipc.Server$RpcCall.run(Server.java:876)
	at org.apache.hadoop.ipc.Server$RpcCall.run(Server.java:822)
	at java.security.AccessController.doPrivileged(Native Method)
	at javax.security.auth.Subject.doAs(Subject.java:422)
	at org.apache.hadoop.security.UserGroupInformation.doAs(UserGroupInformation.java:1730)
	at org.apache.hadoop.ipc.Server$Handler.run(Server.java:2682)
2019-09-25 06:57:18,764 [IPC Server handler 4 on 40260] WARN  block.BlockManagerImpl (BlockManagerImpl.java:allocateBlock(192)) - Pipeline creation failed for type:RATIS factor:THREE. Retrying get pipelines call once.
org.apache.hadoop.hdds.scm.exceptions.SCMException: Unable to find enough nodes that meet the criteria that cannot engage in more than 5 pipelines. Nodes required: 3 Found: 0, healthy nodes count inNodeManager: 5.
	at org.apache.hadoop.hdds.scm.pipeline.PipelinePlacementPolicy.filterViableNodes(PipelinePlacementPolicy.java:149)
	at org.apache.hadoop.hdds.scm.pipeline.PipelinePlacementPolicy.chooseDatanodes(PipelinePlacementPolicy.java:172)
	at org.apache.hadoop.hdds.scm.pipeline.RatisPipelineProvider.create(RatisPipelineProvider.java:93)
	at org.apache.hadoop.hdds.scm.pipeline.PipelineFactory.create(PipelineFactory.java:58)
	at org.apache.hadoop.hdds.scm.pipeline.SCMPipelineManager.createPipeline(SCMPipelineManager.java:155)
	at org.apache.hadoop.hdds.scm.block.BlockManagerImpl.allocateBlock(BlockManagerImpl.java:190)
	at org.apache.hadoop.hdds.scm.server.SCMBlockProtocolServer.allocateBlock(SCMBlockProtocolServer.java:182)
	at org.apache.hadoop.ozone.protocolPB.ScmBlockLocationProtocolServerSideTranslatorPB.allocateScmBlock(ScmBlockLocationProtocolServerSideTranslatorPB.java:183)
	at org.apache.hadoop.ozone.protocolPB.ScmBlockLocationProtocolServerSideTranslatorPB.processMessage(ScmBlockLocationProtocolServerSideTranslatorPB.java:141)
	at org.apache.hadoop.ozone.protocolPB.ScmBlockLocationProtocolServerSideTranslatorPB.send(ScmBlockLocationProtocolServerSideTranslatorPB.java:116)
	at org.apache.hadoop.hdds.protocol.proto.ScmBlockLocationProtocolProtos$ScmBlockLocationProtocolService$2.callBlockingMethod(ScmBlockLocationProtocolProtos.java:13157)
	at org.apache.hadoop.ipc.ProtobufRpcEngine$Server$ProtoBufRpcInvoker.call(ProtobufRpcEngine.java:524)
	at org.apache.hadoop.ipc.RPC$Server.call(RPC.java:1025)
	at org.apache.hadoop.ipc.Server$RpcCall.run(Server.java:876)
	at org.apache.hadoop.ipc.Server$RpcCall.run(Server.java:822)
	at java.security.AccessController.doPrivileged(Native Method)
	at javax.security.auth.Subject.doAs(Subject.java:422)
	at org.apache.hadoop.security.UserGroupInformation.doAs(UserGroupInformation.java:1730)
	at org.apache.hadoop.ipc.Server$Handler.run(Server.java:2682)
2019-09-25 06:57:18,764 [IPC Server handler 4 on 40260] INFO  block.BlockManagerImpl (BlockManagerImpl.java:allocateBlock(198)) - Could not find available pipeline of type:RATIS and factor:THREE even after retrying
2019-09-25 06:57:18,764 [IPC Server handler 4 on 40260] ERROR block.BlockManagerImpl (BlockManagerImpl.java:allocateBlock(222)) - Unable to allocate a block for the size: 4194304, type: RATIS, factor: THREE
2019-09-25 06:57:18,765 [IPC Server handler 4 on 40260] INFO  pipeline.PipelinePlacementPolicy (PipelinePlacementPolicy.java:meetCriteria(91)) - Pipeline Placement: can't place more pipeline on heavy datanode： 653880d8-4d63-4a6f-aa71-df139f9890f6 Heaviness: 6 limit: 5
2019-09-25 06:57:18,765 [IPC Server handler 4 on 40260] INFO  pipeline.PipelinePlacementPolicy (PipelinePlacementPolicy.java:meetCriteria(91)) - Pipeline Placement: can't place more pipeline on heavy datanode： 2b17dc15-c51a-4943-889a-93383535507c Heaviness: 6 limit: 5
2019-09-25 06:57:18,765 [IPC Server handler 4 on 40260] INFO  pipeline.PipelinePlacementPolicy (PipelinePlacementPolicy.java:meetCriteria(91)) - Pipeline Placement: can't place more pipeline on heavy datanode： d70a231e-a310-420f-b479-fee7bb9573e2 Heaviness: 6 limit: 5
2019-09-25 06:57:18,765 [IPC Server handler 4 on 40260] INFO  pipeline.PipelinePlacementPolicy (PipelinePlacementPolicy.java:meetCriteria(91)) - Pipeline Placement: can't place more pipeline on heavy datanode： 4ea58b4a-8782-4322-ab8b-25eaf0c432e3 Heaviness: 6 limit: 5
2019-09-25 06:57:18,765 [IPC Server handler 4 on 40260] INFO  pipeline.PipelinePlacementPolicy (PipelinePlacementPolicy.java:meetCriteria(91)) - Pipeline Placement: can't place more pipeline on heavy datanode： 01553a77-28cd-4c2d-9e28-284eca33e668 Heaviness: 6 limit: 5
2019-09-25 06:57:18,766 [IPC Server handler 4 on 40260] ERROR pipeline.PipelinePlacementPolicy (PipelinePlacementPolicy.java:filterViableNodes(148)) - Unable to find enough nodes that meet the criteria that cannot engage in more than 5 pipelines. Nodes required: 3 Found: 0, healthy nodes count inNodeManager: 5.
2019-09-25 06:57:18,766 [IPC Server handler 4 on 40260] ERROR pipeline.SCMPipelineManager (SCMPipelineManager.java:createPipeline(167)) - Pipeline creation failed.
org.apache.hadoop.hdds.scm.exceptions.SCMException: Unable to find enough nodes that meet the criteria that cannot engage in more than 5 pipelines. Nodes required: 3 Found: 0, healthy nodes count inNodeManager: 5.
	at org.apache.hadoop.hdds.scm.pipeline.PipelinePlacementPolicy.filterViableNodes(PipelinePlacementPolicy.java:149)
	at org.apache.hadoop.hdds.scm.pipeline.PipelinePlacementPolicy.chooseDatanodes(PipelinePlacementPolicy.java:172)
	at org.apache.hadoop.hdds.scm.pipeline.RatisPipelineProvider.create(RatisPipelineProvider.java:93)
	at org.apache.hadoop.hdds.scm.pipeline.PipelineFactory.create(PipelineFactory.java:58)
	at org.apache.hadoop.hdds.scm.pipeline.SCMPipelineManager.createPipeline(SCMPipelineManager.java:155)
	at org.apache.hadoop.hdds.scm.block.BlockManagerImpl.allocateBlock(BlockManagerImpl.java:190)
	at org.apache.hadoop.hdds.scm.server.SCMBlockProtocolServer.allocateBlock(SCMBlockProtocolServer.java:182)
	at org.apache.hadoop.ozone.protocolPB.ScmBlockLocationProtocolServerSideTranslatorPB.allocateScmBlock(ScmBlockLocationProtocolServerSideTranslatorPB.java:183)
	at org.apache.hadoop.ozone.protocolPB.ScmBlockLocationProtocolServerSideTranslatorPB.processMessage(ScmBlockLocationProtocolServerSideTranslatorPB.java:141)
	at org.apache.hadoop.ozone.protocolPB.ScmBlockLocationProtocolServerSideTranslatorPB.send(ScmBlockLocationProtocolServerSideTranslatorPB.java:116)
	at org.apache.hadoop.hdds.protocol.proto.ScmBlockLocationProtocolProtos$ScmBlockLocationProtocolService$2.callBlockingMethod(ScmBlockLocationProtocolProtos.java:13157)
	at org.apache.hadoop.ipc.ProtobufRpcEngine$Server$ProtoBufRpcInvoker.call(ProtobufRpcEngine.java:524)
	at org.apache.hadoop.ipc.RPC$Server.call(RPC.java:1025)
	at org.apache.hadoop.ipc.Server$RpcCall.run(Server.java:876)
	at org.apache.hadoop.ipc.Server$RpcCall.run(Server.java:822)
	at java.security.AccessController.doPrivileged(Native Method)
	at javax.security.auth.Subject.doAs(Subject.java:422)
	at org.apache.hadoop.security.UserGroupInformation.doAs(UserGroupInformation.java:1730)
	at org.apache.hadoop.ipc.Server$Handler.run(Server.java:2682)
2019-09-25 06:57:18,766 [IPC Server handler 4 on 40260] WARN  block.BlockManagerImpl (BlockManagerImpl.java:allocateBlock(192)) - Pipeline creation failed for type:RATIS factor:THREE. Retrying get pipelines call once.
org.apache.hadoop.hdds.scm.exceptions.SCMException: Unable to find enough nodes that meet the criteria that cannot engage in more than 5 pipelines. Nodes required: 3 Found: 0, healthy nodes count inNodeManager: 5.
	at org.apache.hadoop.hdds.scm.pipeline.PipelinePlacementPolicy.filterViableNodes(PipelinePlacementPolicy.java:149)
	at org.apache.hadoop.hdds.scm.pipeline.PipelinePlacementPolicy.chooseDatanodes(PipelinePlacementPolicy.java:172)
	at org.apache.hadoop.hdds.scm.pipeline.RatisPipelineProvider.create(RatisPipelineProvider.java:93)
	at org.apache.hadoop.hdds.scm.pipeline.PipelineFactory.create(PipelineFactory.java:58)
	at org.apache.hadoop.hdds.scm.pipeline.SCMPipelineManager.createPipeline(SCMPipelineManager.java:155)
	at org.apache.hadoop.hdds.scm.block.BlockManagerImpl.allocateBlock(BlockManagerImpl.java:190)
	at org.apache.hadoop.hdds.scm.server.SCMBlockProtocolServer.allocateBlock(SCMBlockProtocolServer.java:182)
	at org.apache.hadoop.ozone.protocolPB.ScmBlockLocationProtocolServerSideTranslatorPB.allocateScmBlock(ScmBlockLocationProtocolServerSideTranslatorPB.java:183)
	at org.apache.hadoop.ozone.protocolPB.ScmBlockLocationProtocolServerSideTranslatorPB.processMessage(ScmBlockLocationProtocolServerSideTranslatorPB.java:141)
	at org.apache.hadoop.ozone.protocolPB.ScmBlockLocationProtocolServerSideTranslatorPB.send(ScmBlockLocationProtocolServerSideTranslatorPB.java:116)
	at org.apache.hadoop.hdds.protocol.proto.ScmBlockLocationProtocolProtos$ScmBlockLocationProtocolService$2.callBlockingMethod(ScmBlockLocationProtocolProtos.java:13157)
	at org.apache.hadoop.ipc.ProtobufRpcEngine$Server$ProtoBufRpcInvoker.call(ProtobufRpcEngine.java:524)
	at org.apache.hadoop.ipc.RPC$Server.call(RPC.java:1025)
	at org.apache.hadoop.ipc.Server$RpcCall.run(Server.java:876)
	at org.apache.hadoop.ipc.Server$RpcCall.run(Server.java:822)
	at java.security.AccessController.doPrivileged(Native Method)
	at javax.security.auth.Subject.doAs(Subject.java:422)
	at org.apache.hadoop.security.UserGroupInformation.doAs(UserGroupInformation.java:1730)
	at org.apache.hadoop.ipc.Server$Handler.run(Server.java:2682)
2019-09-25 06:57:18,768 [IPC Server handler 4 on 40260] INFO  block.BlockManagerImpl (BlockManagerImpl.java:allocateBlock(198)) - Could not find available pipeline of type:RATIS and factor:THREE even after retrying
2019-09-25 06:57:18,768 [IPC Server handler 4 on 40260] ERROR block.BlockManagerImpl (BlockManagerImpl.java:allocateBlock(222)) - Unable to allocate a block for the size: 4194304, type: RATIS, factor: THREE
2019-09-25 06:57:18,773 [pool-73-thread-3] ERROR freon.RandomKeyGenerator (RandomKeyGenerator.java:createKey(733)) - Exception while adding key: key-0-61046 in bucket: bucket-0-44808 of volume: vol-0-17194.
INTERNAL_ERROR org.apache.hadoop.ozone.om.exceptions.OMException: Allocated 0 blocks. Requested 5 blocks
	at org.apache.hadoop.ozone.om.protocolPB.OzoneManagerProtocolClientSideTranslatorPB.handleError(OzoneManagerProtocolClientSideTranslatorPB.java:732)
	at org.apache.hadoop.ozone.om.protocolPB.OzoneManagerProtocolClientSideTranslatorPB.openKey(OzoneManagerProtocolClientSideTranslatorPB.java:723)
	at sun.reflect.NativeMethodAccessorImpl.invoke0(Native Method)
	at sun.reflect.NativeMethodAccessorImpl.invoke(NativeMethodAccessorImpl.java:62)
	at sun.reflect.DelegatingMethodAccessorImpl.invoke(DelegatingMethodAccessorImpl.java:43)
	at java.lang.reflect.Method.invoke(Method.java:498)
	at org.apache.hadoop.hdds.tracing.TraceAllMethod.invoke(TraceAllMethod.java:66)
	at com.sun.proxy.$Proxy37.openKey(Unknown Source)
	at org.apache.hadoop.ozone.client.rpc.RpcClient.createKey(RpcClient.java:614)
	at org.apache.hadoop.ozone.client.OzoneBucket.createKey(OzoneBucket.java:325)
	at org.apache.hadoop.ozone.freon.RandomKeyGenerator.createKey(RandomKeyGenerator.java:695)
	at org.apache.hadoop.ozone.freon.RandomKeyGenerator.access$1100(RandomKeyGenerator.java:88)
	at org.apache.hadoop.ozone.freon.RandomKeyGenerator$ObjectCreator.run(RandomKeyGenerator.java:615)
	at java.util.concurrent.Executors$RunnableAdapter.call(Executors.java:511)
	at java.util.concurrent.FutureTask.run(FutureTask.java:266)
	at java.util.concurrent.ThreadPoolExecutor.runWorker(ThreadPoolExecutor.java:1149)
	at java.util.concurrent.ThreadPoolExecutor$Worker.run(ThreadPoolExecutor.java:624)
	at java.lang.Thread.run(Thread.java:748)
 0.00% |█                                                                                                    |  0/1 Time: 0:00:01 0.00% |█                                                                                                    |  0/1 Time: 0:00:02 0.00% |█                                                                                                    |  0/1 Time: 0:00:032019-09-25 06:57:21,298 [Thread-210] INFO  impl.FollowerState (FollowerState.java:run(106)) - 01553a77-28cd-4c2d-9e28-284eca33e668:group-88B6BF205AB5 changes to CANDIDATE, lastRpcTime:5111, electionTimeout:5111ms
2019-09-25 06:57:21,301 [Thread-210] INFO  impl.RoleInfo (RoleInfo.java:shutdownFollowerState(121)) - 01553a77-28cd-4c2d-9e28-284eca33e668: shutdown FollowerState
2019-09-25 06:57:21,302 [Thread-210] INFO  impl.RaftServerImpl (RaftServerImpl.java:setRole(174)) - 01553a77-28cd-4c2d-9e28-284eca33e668@group-88B6BF205AB5: changes role from  FOLLOWER to CANDIDATE at term 0 for changeToCandidate
2019-09-25 06:57:21,309 [Thread-210] INFO  impl.RoleInfo (RoleInfo.java:updateAndGet(143)) - 01553a77-28cd-4c2d-9e28-284eca33e668: start LeaderElection
2019-09-25 06:57:21,372 [Thread-213] INFO  impl.FollowerState (FollowerState.java:run(106)) - 01553a77-28cd-4c2d-9e28-284eca33e668:group-5B2BD40064A9 changes to CANDIDATE, lastRpcTime:5036, electionTimeout:5036ms
2019-09-25 06:57:21,374 [Thread-213] INFO  impl.RoleInfo (RoleInfo.java:shutdownFollowerState(121)) - 01553a77-28cd-4c2d-9e28-284eca33e668: shutdown FollowerState
2019-09-25 06:57:21,374 [Thread-213] INFO  impl.RaftServerImpl (RaftServerImpl.java:setRole(174)) - 01553a77-28cd-4c2d-9e28-284eca33e668@group-5B2BD40064A9: changes role from  FOLLOWER to CANDIDATE at term 0 for changeToCandidate
2019-09-25 06:57:21,374 [Thread-213] INFO  impl.RoleInfo (RoleInfo.java:updateAndGet(143)) - 01553a77-28cd-4c2d-9e28-284eca33e668: start LeaderElection
2019-09-25 06:57:21,519 [Thread-216] INFO  impl.FollowerState (FollowerState.java:run(106)) - 653880d8-4d63-4a6f-aa71-df139f9890f6:group-A332457A4E41 changes to CANDIDATE, lastRpcTime:5005, electionTimeout:5003ms
2019-09-25 06:57:21,519 [Thread-216] INFO  impl.RoleInfo (RoleInfo.java:shutdownFollowerState(121)) - 653880d8-4d63-4a6f-aa71-df139f9890f6: shutdown FollowerState
2019-09-25 06:57:21,519 [Thread-216] INFO  impl.RaftServerImpl (RaftServerImpl.java:setRole(174)) - 653880d8-4d63-4a6f-aa71-df139f9890f6@group-A332457A4E41: changes role from  FOLLOWER to CANDIDATE at term 0 for changeToCandidate
2019-09-25 06:57:21,519 [Thread-216] INFO  impl.RoleInfo (RoleInfo.java:updateAndGet(143)) - 653880d8-4d63-4a6f-aa71-df139f9890f6: start LeaderElection
2019-09-25 06:57:21,694 [Thread-219] INFO  impl.FollowerState (FollowerState.java:run(106)) - 01553a77-28cd-4c2d-9e28-284eca33e668:group-E4BF9A71DE99 changes to CANDIDATE, lastRpcTime:5043, electionTimeout:5043ms
2019-09-25 06:57:21,694 [Thread-219] INFO  impl.RoleInfo (RoleInfo.java:shutdownFollowerState(121)) - 01553a77-28cd-4c2d-9e28-284eca33e668: shutdown FollowerState
2019-09-25 06:57:21,694 [Thread-219] INFO  impl.RaftServerImpl (RaftServerImpl.java:setRole(174)) - 01553a77-28cd-4c2d-9e28-284eca33e668@group-E4BF9A71DE99: changes role from  FOLLOWER to CANDIDATE at term 0 for changeToCandidate
2019-09-25 06:57:21,695 [Thread-219] INFO  impl.RoleInfo (RoleInfo.java:updateAndGet(143)) - 01553a77-28cd-4c2d-9e28-284eca33e668: start LeaderElection
2019-09-25 06:57:21,823 [Thread-222] INFO  impl.FollowerState (FollowerState.java:run(106)) - 653880d8-4d63-4a6f-aa71-df139f9890f6:group-40CFFC5CC6B0 changes to CANDIDATE, lastRpcTime:5096, electionTimeout:5096ms
2019-09-25 06:57:21,823 [Thread-222] INFO  impl.RoleInfo (RoleInfo.java:shutdownFollowerState(121)) - 653880d8-4d63-4a6f-aa71-df139f9890f6: shutdown FollowerState
2019-09-25 06:57:21,823 [Thread-222] INFO  impl.RaftServerImpl (RaftServerImpl.java:setRole(174)) - 653880d8-4d63-4a6f-aa71-df139f9890f6@group-40CFFC5CC6B0: changes role from  FOLLOWER to CANDIDATE at term 0 for changeToCandidate
2019-09-25 06:57:21,824 [Thread-222] INFO  impl.RoleInfo (RoleInfo.java:updateAndGet(143)) - 653880d8-4d63-4a6f-aa71-df139f9890f6: start LeaderElection
2019-09-25 06:57:21,865 [Thread-228] INFO  impl.FollowerState (FollowerState.java:run(106)) - 653880d8-4d63-4a6f-aa71-df139f9890f6:group-A0D25E0D7F5F changes to CANDIDATE, lastRpcTime:5009, electionTimeout:5009ms
2019-09-25 06:57:21,865 [Thread-228] INFO  impl.RoleInfo (RoleInfo.java:shutdownFollowerState(121)) - 653880d8-4d63-4a6f-aa71-df139f9890f6: shutdown FollowerState
2019-09-25 06:57:21,865 [Thread-228] INFO  impl.RaftServerImpl (RaftServerImpl.java:setRole(174)) - 653880d8-4d63-4a6f-aa71-df139f9890f6@group-A0D25E0D7F5F: changes role from  FOLLOWER to CANDIDATE at term 0 for changeToCandidate
2019-09-25 06:57:21,865 [Thread-228] INFO  impl.RoleInfo (RoleInfo.java:updateAndGet(143)) - 653880d8-4d63-4a6f-aa71-df139f9890f6: start LeaderElection
2019-09-25 06:57:21,927 [Thread-225] INFO  impl.FollowerState (FollowerState.java:run(106)) - 01553a77-28cd-4c2d-9e28-284eca33e668:group-7BFB9FBE0A37 changes to CANDIDATE, lastRpcTime:5151, electionTimeout:5151ms
2019-09-25 06:57:21,928 [Thread-225] INFO  impl.RoleInfo (RoleInfo.java:shutdownFollowerState(121)) - 01553a77-28cd-4c2d-9e28-284eca33e668: shutdown FollowerState
2019-09-25 06:57:21,928 [Thread-225] INFO  impl.RaftServerImpl (RaftServerImpl.java:setRole(174)) - 01553a77-28cd-4c2d-9e28-284eca33e668@group-7BFB9FBE0A37: changes role from  FOLLOWER to CANDIDATE at term 0 for changeToCandidate
2019-09-25 06:57:21,928 [Thread-225] INFO  impl.RoleInfo (RoleInfo.java:updateAndGet(143)) - 01553a77-28cd-4c2d-9e28-284eca33e668: start LeaderElection
2019-09-25 06:57:21,991 [Thread-234] INFO  impl.FollowerState (FollowerState.java:run(106)) - 01553a77-28cd-4c2d-9e28-284eca33e668:group-2B1EF6736D2C changes to CANDIDATE, lastRpcTime:5013, electionTimeout:5013ms
2019-09-25 06:57:21,992 [Thread-234] INFO  impl.RoleInfo (RoleInfo.java:shutdownFollowerState(121)) - 01553a77-28cd-4c2d-9e28-284eca33e668: shutdown FollowerState
2019-09-25 06:57:21,992 [Thread-234] INFO  impl.RaftServerImpl (RaftServerImpl.java:setRole(174)) - 01553a77-28cd-4c2d-9e28-284eca33e668@group-2B1EF6736D2C: changes role from  FOLLOWER to CANDIDATE at term 0 for changeToCandidate
2019-09-25 06:57:21,992 [Thread-234] INFO  impl.RoleInfo (RoleInfo.java:updateAndGet(143)) - 01553a77-28cd-4c2d-9e28-284eca33e668: start LeaderElection
2019-09-25 06:57:22,051 [Thread-237] INFO  impl.FollowerState (FollowerState.java:run(106)) - 01553a77-28cd-4c2d-9e28-284eca33e668:group-2096972BF9F0 changes to CANDIDATE, lastRpcTime:5012, electionTimeout:5012ms
2019-09-25 06:57:22,051 [Thread-237] INFO  impl.RoleInfo (RoleInfo.java:shutdownFollowerState(121)) - 01553a77-28cd-4c2d-9e28-284eca33e668: shutdown FollowerState
2019-09-25 06:57:22,051 [Thread-237] INFO  impl.RaftServerImpl (RaftServerImpl.java:setRole(174)) - 01553a77-28cd-4c2d-9e28-284eca33e668@group-2096972BF9F0: changes role from  FOLLOWER to CANDIDATE at term 0 for changeToCandidate
2019-09-25 06:57:22,051 [Thread-237] INFO  impl.RoleInfo (RoleInfo.java:updateAndGet(143)) - 01553a77-28cd-4c2d-9e28-284eca33e668: start LeaderElection
2019-09-25 06:57:22,104 [Thread-231] INFO  impl.FollowerState (FollowerState.java:run(106)) - 653880d8-4d63-4a6f-aa71-df139f9890f6:group-017D31229C09 changes to CANDIDATE, lastRpcTime:5184, electionTimeout:5184ms
2019-09-25 06:57:22,104 [Thread-231] INFO  impl.RoleInfo (RoleInfo.java:shutdownFollowerState(121)) - 653880d8-4d63-4a6f-aa71-df139f9890f6: shutdown FollowerState
2019-09-25 06:57:22,105 [Thread-231] INFO  impl.RaftServerImpl (RaftServerImpl.java:setRole(174)) - 653880d8-4d63-4a6f-aa71-df139f9890f6@group-017D31229C09: changes role from  FOLLOWER to CANDIDATE at term 0 for changeToCandidate
2019-09-25 06:57:22,105 [Thread-231] INFO  impl.RoleInfo (RoleInfo.java:updateAndGet(143)) - 653880d8-4d63-4a6f-aa71-df139f9890f6: start LeaderElection
 0.00% |█                                                                                                    |  0/1 Time: 0:00:042019-09-25 06:57:22,186 [01553a77-28cd-4c2d-9e28-284eca33e668@group-2096972BF9F0:LeaderElection9] INFO  impl.LeaderElection (LeaderElection.java:askForVotes(182)) - 01553a77-28cd-4c2d-9e28-284eca33e668@group-2096972BF9F0:LeaderElection9: begin an election at term 1 for -1: [01553a77-28cd-4c2d-9e28-284eca33e668:192.168.164.207:46046], old=null
2019-09-25 06:57:22,189 [653880d8-4d63-4a6f-aa71-df139f9890f6@group-A332457A4E41:LeaderElection3] INFO  impl.LeaderElection (LeaderElection.java:askForVotes(182)) - 653880d8-4d63-4a6f-aa71-df139f9890f6@group-A332457A4E41:LeaderElection3: begin an election at term 1 for -1: [653880d8-4d63-4a6f-aa71-df139f9890f6:192.168.164.207:38611], old=null
2019-09-25 06:57:22,189 [653880d8-4d63-4a6f-aa71-df139f9890f6@group-017D31229C09:LeaderElection10] INFO  impl.LeaderElection (LeaderElection.java:askForVotes(182)) - 653880d8-4d63-4a6f-aa71-df139f9890f6@group-017D31229C09:LeaderElection10: begin an election at term 1 for -1: [653880d8-4d63-4a6f-aa71-df139f9890f6:192.168.164.207:38611], old=null
2019-09-25 06:57:22,189 [01553a77-28cd-4c2d-9e28-284eca33e668@group-88B6BF205AB5:LeaderElection1] INFO  impl.LeaderElection (LeaderElection.java:askForVotes(182)) - 01553a77-28cd-4c2d-9e28-284eca33e668@group-88B6BF205AB5:LeaderElection1: begin an election at term 1 for -1: [01553a77-28cd-4c2d-9e28-284eca33e668:192.168.164.207:46046], old=null
2019-09-25 06:57:22,189 [653880d8-4d63-4a6f-aa71-df139f9890f6@group-40CFFC5CC6B0:LeaderElection5] INFO  impl.LeaderElection (LeaderElection.java:askForVotes(182)) - 653880d8-4d63-4a6f-aa71-df139f9890f6@group-40CFFC5CC6B0:LeaderElection5: begin an election at term 1 for -1: [653880d8-4d63-4a6f-aa71-df139f9890f6:192.168.164.207:38611], old=null
2019-09-25 06:57:22,189 [01553a77-28cd-4c2d-9e28-284eca33e668@group-7BFB9FBE0A37:LeaderElection7] INFO  impl.LeaderElection (LeaderElection.java:askForVotes(182)) - 01553a77-28cd-4c2d-9e28-284eca33e668@group-7BFB9FBE0A37:LeaderElection7: begin an election at term 1 for -1: [01553a77-28cd-4c2d-9e28-284eca33e668:192.168.164.207:46046], old=null
2019-09-25 06:57:22,186 [653880d8-4d63-4a6f-aa71-df139f9890f6@group-A0D25E0D7F5F:LeaderElection6] INFO  impl.LeaderElection (LeaderElection.java:askForVotes(182)) - 653880d8-4d63-4a6f-aa71-df139f9890f6@group-A0D25E0D7F5F:LeaderElection6: begin an election at term 1 for -1: [653880d8-4d63-4a6f-aa71-df139f9890f6:192.168.164.207:38611], old=null
2019-09-25 06:57:22,189 [01553a77-28cd-4c2d-9e28-284eca33e668@group-E4BF9A71DE99:LeaderElection4] INFO  impl.LeaderElection (LeaderElection.java:askForVotes(182)) - 01553a77-28cd-4c2d-9e28-284eca33e668@group-E4BF9A71DE99:LeaderElection4: begin an election at term 1 for -1: [01553a77-28cd-4c2d-9e28-284eca33e668:192.168.164.207:46046], old=null
2019-09-25 06:57:22,186 [01553a77-28cd-4c2d-9e28-284eca33e668@group-2B1EF6736D2C:LeaderElection8] INFO  impl.LeaderElection (LeaderElection.java:askForVotes(182)) - 01553a77-28cd-4c2d-9e28-284eca33e668@group-2B1EF6736D2C:LeaderElection8: begin an election at term 1 for -1: [01553a77-28cd-4c2d-9e28-284eca33e668:192.168.164.207:46046], old=null
2019-09-25 06:57:22,187 [01553a77-28cd-4c2d-9e28-284eca33e668@group-5B2BD40064A9:LeaderElection2] INFO  impl.LeaderElection (LeaderElection.java:askForVotes(182)) - 01553a77-28cd-4c2d-9e28-284eca33e668@group-5B2BD40064A9:LeaderElection2: begin an election at term 1 for -1: [01553a77-28cd-4c2d-9e28-284eca33e668:192.168.164.207:46046], old=null
2019-09-25 06:57:22,191 [653880d8-4d63-4a6f-aa71-df139f9890f6@group-A332457A4E41:LeaderElection3] INFO  impl.RoleInfo (RoleInfo.java:shutdownLeaderElection(134)) - 653880d8-4d63-4a6f-aa71-df139f9890f6: shutdown LeaderElection
2019-09-25 06:57:22,191 [653880d8-4d63-4a6f-aa71-df139f9890f6@group-40CFFC5CC6B0:LeaderElection5] INFO  impl.RoleInfo (RoleInfo.java:shutdownLeaderElection(134)) - 653880d8-4d63-4a6f-aa71-df139f9890f6: shutdown LeaderElection
2019-09-25 06:57:22,191 [01553a77-28cd-4c2d-9e28-284eca33e668@group-7BFB9FBE0A37:LeaderElection7] INFO  impl.RoleInfo (RoleInfo.java:shutdownLeaderElection(134)) - 01553a77-28cd-4c2d-9e28-284eca33e668: shutdown LeaderElection
2019-09-25 06:57:22,191 [01553a77-28cd-4c2d-9e28-284eca33e668@group-E4BF9A71DE99:LeaderElection4] INFO  impl.RoleInfo (RoleInfo.java:shutdownLeaderElection(134)) - 01553a77-28cd-4c2d-9e28-284eca33e668: shutdown LeaderElection
2019-09-25 06:57:22,191 [653880d8-4d63-4a6f-aa71-df139f9890f6@group-A0D25E0D7F5F:LeaderElection6] INFO  impl.RoleInfo (RoleInfo.java:shutdownLeaderElection(134)) - 653880d8-4d63-4a6f-aa71-df139f9890f6: shutdown LeaderElection
2019-09-25 06:57:22,191 [653880d8-4d63-4a6f-aa71-df139f9890f6@group-017D31229C09:LeaderElection10] INFO  impl.RoleInfo (RoleInfo.java:shutdownLeaderElection(134)) - 653880d8-4d63-4a6f-aa71-df139f9890f6: shutdown LeaderElection
2019-09-25 06:57:22,191 [01553a77-28cd-4c2d-9e28-284eca33e668@group-2096972BF9F0:LeaderElection9] INFO  impl.RoleInfo (RoleInfo.java:shutdownLeaderElection(134)) - 01553a77-28cd-4c2d-9e28-284eca33e668: shutdown LeaderElection
2019-09-25 06:57:22,191 [01553a77-28cd-4c2d-9e28-284eca33e668@group-88B6BF205AB5:LeaderElection1] INFO  impl.RoleInfo (RoleInfo.java:shutdownLeaderElection(134)) - 01553a77-28cd-4c2d-9e28-284eca33e668: shutdown LeaderElection
2019-09-25 06:57:22,191 [01553a77-28cd-4c2d-9e28-284eca33e668@group-5B2BD40064A9:LeaderElection2] INFO  impl.RoleInfo (RoleInfo.java:shutdownLeaderElection(134)) - 01553a77-28cd-4c2d-9e28-284eca33e668: shutdown LeaderElection
2019-09-25 06:57:22,191 [01553a77-28cd-4c2d-9e28-284eca33e668@group-2B1EF6736D2C:LeaderElection8] INFO  impl.RoleInfo (RoleInfo.java:shutdownLeaderElection(134)) - 01553a77-28cd-4c2d-9e28-284eca33e668: shutdown LeaderElection
2019-09-25 06:57:22,192 [01553a77-28cd-4c2d-9e28-284eca33e668@group-5B2BD40064A9:LeaderElection2] INFO  impl.RaftServerImpl (RaftServerImpl.java:setRole(174)) - 01553a77-28cd-4c2d-9e28-284eca33e668@group-5B2BD40064A9: changes role from CANDIDATE to LEADER at term 1 for changeToLeader
2019-09-25 06:57:22,192 [01553a77-28cd-4c2d-9e28-284eca33e668@group-88B6BF205AB5:LeaderElection1] INFO  impl.RaftServerImpl (RaftServerImpl.java:setRole(174)) - 01553a77-28cd-4c2d-9e28-284eca33e668@group-88B6BF205AB5: changes role from CANDIDATE to LEADER at term 1 for changeToLeader
2019-09-25 06:57:22,192 [01553a77-28cd-4c2d-9e28-284eca33e668@group-2096972BF9F0:LeaderElection9] INFO  impl.RaftServerImpl (RaftServerImpl.java:setRole(174)) - 01553a77-28cd-4c2d-9e28-284eca33e668@group-2096972BF9F0: changes role from CANDIDATE to LEADER at term 1 for changeToLeader
2019-09-25 06:57:22,192 [653880d8-4d63-4a6f-aa71-df139f9890f6@group-017D31229C09:LeaderElection10] INFO  impl.RaftServerImpl (RaftServerImpl.java:setRole(174)) - 653880d8-4d63-4a6f-aa71-df139f9890f6@group-017D31229C09: changes role from CANDIDATE to LEADER at term 1 for changeToLeader
2019-09-25 06:57:22,192 [01553a77-28cd-4c2d-9e28-284eca33e668@group-E4BF9A71DE99:LeaderElection4] INFO  impl.RaftServerImpl (RaftServerImpl.java:setRole(174)) - 01553a77-28cd-4c2d-9e28-284eca33e668@group-E4BF9A71DE99: changes role from CANDIDATE to LEADER at term 1 for changeToLeader
2019-09-25 06:57:22,192 [653880d8-4d63-4a6f-aa71-df139f9890f6@group-40CFFC5CC6B0:LeaderElection5] INFO  impl.RaftServerImpl (RaftServerImpl.java:setRole(174)) - 653880d8-4d63-4a6f-aa71-df139f9890f6@group-40CFFC5CC6B0: changes role from CANDIDATE to LEADER at term 1 for changeToLeader
2019-09-25 06:57:22,192 [01553a77-28cd-4c2d-9e28-284eca33e668@group-7BFB9FBE0A37:LeaderElection7] INFO  impl.RaftServerImpl (RaftServerImpl.java:setRole(174)) - 01553a77-28cd-4c2d-9e28-284eca33e668@group-7BFB9FBE0A37: changes role from CANDIDATE to LEADER at term 1 for changeToLeader
2019-09-25 06:57:22,192 [653880d8-4d63-4a6f-aa71-df139f9890f6@group-A0D25E0D7F5F:LeaderElection6] INFO  impl.RaftServerImpl (RaftServerImpl.java:setRole(174)) - 653880d8-4d63-4a6f-aa71-df139f9890f6@group-A0D25E0D7F5F: changes role from CANDIDATE to LEADER at term 1 for changeToLeader
2019-09-25 06:57:22,192 [653880d8-4d63-4a6f-aa71-df139f9890f6@group-A332457A4E41:LeaderElection3] INFO  impl.RaftServerImpl (RaftServerImpl.java:setRole(174)) - 653880d8-4d63-4a6f-aa71-df139f9890f6@group-A332457A4E41: changes role from CANDIDATE to LEADER at term 1 for changeToLeader
2019-09-25 06:57:22,193 [653880d8-4d63-4a6f-aa71-df139f9890f6@group-A0D25E0D7F5F:LeaderElection6] INFO  impl.RaftServerImpl (ServerState.java:setLeader(253)) - 653880d8-4d63-4a6f-aa71-df139f9890f6@group-A0D25E0D7F5F: change Leader from null to 653880d8-4d63-4a6f-aa71-df139f9890f6 at term 1 for becomeLeader, leader elected after 5347ms
2019-09-25 06:57:22,193 [01553a77-28cd-4c2d-9e28-284eca33e668@group-7BFB9FBE0A37:LeaderElection7] INFO  impl.RaftServerImpl (ServerState.java:setLeader(253)) - 01553a77-28cd-4c2d-9e28-284eca33e668@group-7BFB9FBE0A37: change Leader from null to 01553a77-28cd-4c2d-9e28-284eca33e668 at term 1 for becomeLeader, leader elected after 5425ms
2019-09-25 06:57:22,193 [653880d8-4d63-4a6f-aa71-df139f9890f6@group-40CFFC5CC6B0:LeaderElection5] INFO  impl.RaftServerImpl (ServerState.java:setLeader(253)) - 653880d8-4d63-4a6f-aa71-df139f9890f6@group-40CFFC5CC6B0: change Leader from null to 653880d8-4d63-4a6f-aa71-df139f9890f6 at term 1 for becomeLeader, leader elected after 5476ms
2019-09-25 06:57:22,193 [01553a77-28cd-4c2d-9e28-284eca33e668@group-E4BF9A71DE99:LeaderElection4] INFO  impl.RaftServerImpl (ServerState.java:setLeader(253)) - 01553a77-28cd-4c2d-9e28-284eca33e668@group-E4BF9A71DE99: change Leader from null to 01553a77-28cd-4c2d-9e28-284eca33e668 at term 1 for becomeLeader, leader elected after 5595ms
2019-09-25 06:57:22,193 [653880d8-4d63-4a6f-aa71-df139f9890f6@group-017D31229C09:LeaderElection10] INFO  impl.RaftServerImpl (ServerState.java:setLeader(253)) - 653880d8-4d63-4a6f-aa71-df139f9890f6@group-017D31229C09: change Leader from null to 653880d8-4d63-4a6f-aa71-df139f9890f6 at term 1 for becomeLeader, leader elected after 5280ms
2019-09-25 06:57:22,193 [01553a77-28cd-4c2d-9e28-284eca33e668@group-2096972BF9F0:LeaderElection9] INFO  impl.RaftServerImpl (ServerState.java:setLeader(253)) - 01553a77-28cd-4c2d-9e28-284eca33e668@group-2096972BF9F0: change Leader from null to 01553a77-28cd-4c2d-9e28-284eca33e668 at term 1 for becomeLeader, leader elected after 5160ms
2019-09-25 06:57:22,193 [01553a77-28cd-4c2d-9e28-284eca33e668@group-5B2BD40064A9:LeaderElection2] INFO  impl.RaftServerImpl (ServerState.java:setLeader(253)) - 01553a77-28cd-4c2d-9e28-284eca33e668@group-5B2BD40064A9: change Leader from null to 01553a77-28cd-4c2d-9e28-284eca33e668 at term 1 for becomeLeader, leader elected after 5873ms
2019-09-25 06:57:22,193 [01553a77-28cd-4c2d-9e28-284eca33e668@group-88B6BF205AB5:LeaderElection1] INFO  impl.RaftServerImpl (ServerState.java:setLeader(253)) - 01553a77-28cd-4c2d-9e28-284eca33e668@group-88B6BF205AB5: change Leader from null to 01553a77-28cd-4c2d-9e28-284eca33e668 at term 1 for becomeLeader, leader elected after 6120ms
2019-09-25 06:57:22,192 [01553a77-28cd-4c2d-9e28-284eca33e668@group-2B1EF6736D2C:LeaderElection8] INFO  impl.RaftServerImpl (RaftServerImpl.java:setRole(174)) - 01553a77-28cd-4c2d-9e28-284eca33e668@group-2B1EF6736D2C: changes role from CANDIDATE to LEADER at term 1 for changeToLeader
2019-09-25 06:57:22,195 [Thread-240] INFO  impl.FollowerState (FollowerState.java:run(106)) - 653880d8-4d63-4a6f-aa71-df139f9890f6:group-51DE6E94230A changes to CANDIDATE, lastRpcTime:5094, electionTimeout:5094ms
2019-09-25 06:57:22,194 [653880d8-4d63-4a6f-aa71-df139f9890f6@group-A332457A4E41:LeaderElection3] INFO  impl.RaftServerImpl (ServerState.java:setLeader(253)) - 653880d8-4d63-4a6f-aa71-df139f9890f6@group-A332457A4E41: change Leader from null to 653880d8-4d63-4a6f-aa71-df139f9890f6 at term 1 for becomeLeader, leader elected after 5703ms
2019-09-25 06:57:22,195 [01553a77-28cd-4c2d-9e28-284eca33e668@group-2B1EF6736D2C:LeaderElection8] INFO  impl.RaftServerImpl (ServerState.java:setLeader(253)) - 01553a77-28cd-4c2d-9e28-284eca33e668@group-2B1EF6736D2C: change Leader from null to 01553a77-28cd-4c2d-9e28-284eca33e668 at term 1 for becomeLeader, leader elected after 5224ms
2019-09-25 06:57:22,195 [Thread-240] INFO  impl.RoleInfo (RoleInfo.java:shutdownFollowerState(121)) - 653880d8-4d63-4a6f-aa71-df139f9890f6: shutdown FollowerState
2019-09-25 06:57:22,195 [Thread-240] INFO  impl.RaftServerImpl (RaftServerImpl.java:setRole(174)) - 653880d8-4d63-4a6f-aa71-df139f9890f6@group-51DE6E94230A: changes role from  FOLLOWER to CANDIDATE at term 0 for changeToCandidate
2019-09-25 06:57:22,196 [Thread-240] INFO  impl.RoleInfo (RoleInfo.java:updateAndGet(143)) - 653880d8-4d63-4a6f-aa71-df139f9890f6: start LeaderElection
2019-09-25 06:57:22,207 [01553a77-28cd-4c2d-9e28-284eca33e668@group-2096972BF9F0:LeaderElection9] INFO  server.RaftServerConfigKeys (ConfUtils.java:logGet(43)) - raft.server.staging.catchup.gap = 1000 (default)
2019-09-25 06:57:22,207 [653880d8-4d63-4a6f-aa71-df139f9890f6@group-A332457A4E41:LeaderElection3] INFO  server.RaftServerConfigKeys (ConfUtils.java:logGet(43)) - raft.server.staging.catchup.gap = 1000 (default)
2019-09-25 06:57:22,207 [653880d8-4d63-4a6f-aa71-df139f9890f6@group-A0D25E0D7F5F:LeaderElection6] INFO  server.RaftServerConfigKeys (ConfUtils.java:logGet(43)) - raft.server.staging.catchup.gap = 1000 (default)
2019-09-25 06:57:22,207 [01553a77-28cd-4c2d-9e28-284eca33e668@group-88B6BF205AB5:LeaderElection1] INFO  server.RaftServerConfigKeys (ConfUtils.java:logGet(43)) - raft.server.staging.catchup.gap = 1000 (default)
2019-09-25 06:57:22,207 [01553a77-28cd-4c2d-9e28-284eca33e668@group-2096972BF9F0:LeaderElection9] INFO  server.RaftServerConfigKeys (ConfUtils.java:logGet(43)) - raft.server.rpc.sleep.time = 25ms (default)
2019-09-25 06:57:22,207 [01553a77-28cd-4c2d-9e28-284eca33e668@group-2B1EF6736D2C:LeaderElection8] INFO  server.RaftServerConfigKeys (ConfUtils.java:logGet(43)) - raft.server.staging.catchup.gap = 1000 (default)
2019-09-25 06:57:22,207 [653880d8-4d63-4a6f-aa71-df139f9890f6@group-40CFFC5CC6B0:LeaderElection5] INFO  server.RaftServerConfigKeys (ConfUtils.java:logGet(43)) - raft.server.staging.catchup.gap = 1000 (default)
2019-09-25 06:57:22,207 [653880d8-4d63-4a6f-aa71-df139f9890f6@group-017D31229C09:LeaderElection10] INFO  server.RaftServerConfigKeys (ConfUtils.java:logGet(43)) - raft.server.staging.catchup.gap = 1000 (default)
2019-09-25 06:57:22,208 [653880d8-4d63-4a6f-aa71-df139f9890f6@group-40CFFC5CC6B0:LeaderElection5] INFO  server.RaftServerConfigKeys (ConfUtils.java:logGet(43)) - raft.server.rpc.sleep.time = 25ms (default)
2019-09-25 06:57:22,208 [01553a77-28cd-4c2d-9e28-284eca33e668@group-2B1EF6736D2C:LeaderElection8] INFO  server.RaftServerConfigKeys (ConfUtils.java:logGet(43)) - raft.server.rpc.sleep.time = 25ms (default)
2019-09-25 06:57:22,207 [01553a77-28cd-4c2d-9e28-284eca33e668@group-88B6BF205AB5:LeaderElection1] INFO  server.RaftServerConfigKeys (ConfUtils.java:logGet(43)) - raft.server.rpc.sleep.time = 25ms (default)
2019-09-25 06:57:22,207 [653880d8-4d63-4a6f-aa71-df139f9890f6@group-A0D25E0D7F5F:LeaderElection6] INFO  server.RaftServerConfigKeys (ConfUtils.java:logGet(43)) - raft.server.rpc.sleep.time = 25ms (default)
2019-09-25 06:57:22,207 [653880d8-4d63-4a6f-aa71-df139f9890f6@group-A332457A4E41:LeaderElection3] INFO  server.RaftServerConfigKeys (ConfUtils.java:logGet(43)) - raft.server.rpc.sleep.time = 25ms (default)
2019-09-25 06:57:22,207 [01553a77-28cd-4c2d-9e28-284eca33e668@group-E4BF9A71DE99:LeaderElection4] INFO  server.RaftServerConfigKeys (ConfUtils.java:logGet(43)) - raft.server.staging.catchup.gap = 1000 (default)
2019-09-25 06:57:22,207 [01553a77-28cd-4c2d-9e28-284eca33e668@group-7BFB9FBE0A37:LeaderElection7] INFO  server.RaftServerConfigKeys (ConfUtils.java:logGet(43)) - raft.server.staging.catchup.gap = 1000 (default)
2019-09-25 06:57:22,207 [01553a77-28cd-4c2d-9e28-284eca33e668@group-5B2BD40064A9:LeaderElection2] INFO  server.RaftServerConfigKeys (ConfUtils.java:logGet(43)) - raft.server.staging.catchup.gap = 1000 (default)
2019-09-25 06:57:22,209 [01553a77-28cd-4c2d-9e28-284eca33e668@group-7BFB9FBE0A37:LeaderElection7] INFO  server.RaftServerConfigKeys (ConfUtils.java:logGet(43)) - raft.server.rpc.sleep.time = 25ms (default)
2019-09-25 06:57:22,209 [01553a77-28cd-4c2d-9e28-284eca33e668@group-E4BF9A71DE99:LeaderElection4] INFO  server.RaftServerConfigKeys (ConfUtils.java:logGet(43)) - raft.server.rpc.sleep.time = 25ms (default)
2019-09-25 06:57:22,208 [653880d8-4d63-4a6f-aa71-df139f9890f6@group-017D31229C09:LeaderElection10] INFO  server.RaftServerConfigKeys (ConfUtils.java:logGet(43)) - raft.server.rpc.sleep.time = 25ms (default)
2019-09-25 06:57:22,209 [01553a77-28cd-4c2d-9e28-284eca33e668@group-5B2BD40064A9:LeaderElection2] INFO  server.RaftServerConfigKeys (ConfUtils.java:logGet(43)) - raft.server.rpc.sleep.time = 25ms (default)
2019-09-25 06:57:22,210 [01553a77-28cd-4c2d-9e28-284eca33e668@group-E4BF9A71DE99:LeaderElection4] INFO  server.RaftServerConfigKeys (ConfUtils.java:logGet(43)) - raft.server.write.element-limit = 4096 (default)
2019-09-25 06:57:22,210 [01553a77-28cd-4c2d-9e28-284eca33e668@group-2B1EF6736D2C:LeaderElection8] INFO  server.RaftServerConfigKeys (ConfUtils.java:logGet(43)) - raft.server.write.element-limit = 4096 (default)
2019-09-25 06:57:22,210 [653880d8-4d63-4a6f-aa71-df139f9890f6@group-40CFFC5CC6B0:LeaderElection5] INFO  server.RaftServerConfigKeys (ConfUtils.java:logGet(43)) - raft.server.write.element-limit = 4096 (default)
2019-09-25 06:57:22,210 [01553a77-28cd-4c2d-9e28-284eca33e668@group-88B6BF205AB5:LeaderElection1] INFO  server.RaftServerConfigKeys (ConfUtils.java:logGet(43)) - raft.server.write.element-limit = 4096 (default)
2019-09-25 06:57:22,211 [653880d8-4d63-4a6f-aa71-df139f9890f6@group-A0D25E0D7F5F:LeaderElection6] INFO  server.RaftServerConfigKeys (ConfUtils.java:logGet(43)) - raft.server.write.element-limit = 4096 (default)
2019-09-25 06:57:22,211 [653880d8-4d63-4a6f-aa71-df139f9890f6@group-A332457A4E41:LeaderElection3] INFO  server.RaftServerConfigKeys (ConfUtils.java:logGet(43)) - raft.server.write.element-limit = 4096 (default)
2019-09-25 06:57:22,212 [01553a77-28cd-4c2d-9e28-284eca33e668@group-7BFB9FBE0A37:LeaderElection7] INFO  server.RaftServerConfigKeys (ConfUtils.java:logGet(43)) - raft.server.write.element-limit = 4096 (default)
2019-09-25 06:57:22,212 [653880d8-4d63-4a6f-aa71-df139f9890f6@group-017D31229C09:LeaderElection10] INFO  server.RaftServerConfigKeys (ConfUtils.java:logGet(43)) - raft.server.write.element-limit = 4096 (default)
2019-09-25 06:57:22,212 [01553a77-28cd-4c2d-9e28-284eca33e668@group-5B2BD40064A9:LeaderElection2] INFO  server.RaftServerConfigKeys (ConfUtils.java:logGet(43)) - raft.server.write.element-limit = 4096 (default)
2019-09-25 06:57:22,212 [01553a77-28cd-4c2d-9e28-284eca33e668@group-2096972BF9F0:LeaderElection9] INFO  server.RaftServerConfigKeys (ConfUtils.java:logGet(43)) - raft.server.write.element-limit = 4096 (default)
2019-09-25 06:57:22,213 [653880d8-4d63-4a6f-aa71-df139f9890f6@group-51DE6E94230A:LeaderElection11] INFO  impl.LeaderElection (LeaderElection.java:askForVotes(182)) - 653880d8-4d63-4a6f-aa71-df139f9890f6@group-51DE6E94230A:LeaderElection11: begin an election at term 1 for -1: [653880d8-4d63-4a6f-aa71-df139f9890f6:192.168.164.207:38611], old=null
2019-09-25 06:57:22,213 [01553a77-28cd-4c2d-9e28-284eca33e668@group-88B6BF205AB5:LeaderElection1] INFO  server.RaftServerConfigKeys (ConfUtils.java:logGet(43)) - raft.server.watch.timeout = 10s (default)
2019-09-25 06:57:22,213 [653880d8-4d63-4a6f-aa71-df139f9890f6@group-51DE6E94230A:LeaderElection11] INFO  impl.RoleInfo (RoleInfo.java:shutdownLeaderElection(134)) - 653880d8-4d63-4a6f-aa71-df139f9890f6: shutdown LeaderElection
2019-09-25 06:57:22,213 [653880d8-4d63-4a6f-aa71-df139f9890f6@group-A0D25E0D7F5F:LeaderElection6] INFO  server.RaftServerConfigKeys (ConfUtils.java:logGet(43)) - raft.server.watch.timeout = 10s (default)
2019-09-25 06:57:22,213 [01553a77-28cd-4c2d-9e28-284eca33e668@group-2096972BF9F0:LeaderElection9] INFO  server.RaftServerConfigKeys (ConfUtils.java:logGet(43)) - raft.server.watch.timeout = 10s (default)
2019-09-25 06:57:22,213 [01553a77-28cd-4c2d-9e28-284eca33e668@group-2B1EF6736D2C:LeaderElection8] INFO  server.RaftServerConfigKeys (ConfUtils.java:logGet(43)) - raft.server.watch.timeout = 10s (default)
2019-09-25 06:57:22,213 [01553a77-28cd-4c2d-9e28-284eca33e668@group-5B2BD40064A9:LeaderElection2] INFO  server.RaftServerConfigKeys (ConfUtils.java:logGet(43)) - raft.server.watch.timeout = 10s (default)
2019-09-25 06:57:22,213 [01553a77-28cd-4c2d-9e28-284eca33e668@group-E4BF9A71DE99:LeaderElection4] INFO  server.RaftServerConfigKeys (ConfUtils.java:logGet(43)) - raft.server.watch.timeout = 10s (default)
2019-09-25 06:57:22,213 [653880d8-4d63-4a6f-aa71-df139f9890f6@group-017D31229C09:LeaderElection10] INFO  server.RaftServerConfigKeys (ConfUtils.java:logGet(43)) - raft.server.watch.timeout = 10s (default)
2019-09-25 06:57:22,214 [01553a77-28cd-4c2d-9e28-284eca33e668@group-E4BF9A71DE99:LeaderElection4] INFO  server.RaftServerConfigKeys (ConfUtils.java:logGet(43)) - raft.server.watch.timeout.denomination = 1s (default)
2019-09-25 06:57:22,214 [01553a77-28cd-4c2d-9e28-284eca33e668@group-5B2BD40064A9:LeaderElection2] INFO  server.RaftServerConfigKeys (ConfUtils.java:logGet(43)) - raft.server.watch.timeout.denomination = 1s (default)
2019-09-25 06:57:22,214 [01553a77-28cd-4c2d-9e28-284eca33e668@group-2B1EF6736D2C:LeaderElection8] INFO  server.RaftServerConfigKeys (ConfUtils.java:logGet(43)) - raft.server.watch.timeout.denomination = 1s (default)
2019-09-25 06:57:22,214 [653880d8-4d63-4a6f-aa71-df139f9890f6@group-A332457A4E41:LeaderElection3] INFO  server.RaftServerConfigKeys (ConfUtils.java:logGet(43)) - raft.server.watch.timeout = 10s (default)
2019-09-25 06:57:22,213 [01553a77-28cd-4c2d-9e28-284eca33e668@group-2096972BF9F0:LeaderElection9] INFO  server.RaftServerConfigKeys (ConfUtils.java:logGet(43)) - raft.server.watch.timeout.denomination = 1s (default)
2019-09-25 06:57:22,213 [653880d8-4d63-4a6f-aa71-df139f9890f6@group-A0D25E0D7F5F:LeaderElection6] INFO  server.RaftServerConfigKeys (ConfUtils.java:logGet(43)) - raft.server.watch.timeout.denomination = 1s (default)
2019-09-25 06:57:22,213 [01553a77-28cd-4c2d-9e28-284eca33e668@group-7BFB9FBE0A37:LeaderElection7] INFO  server.RaftServerConfigKeys (ConfUtils.java:logGet(43)) - raft.server.watch.timeout = 10s (default)
2019-09-25 06:57:22,213 [653880d8-4d63-4a6f-aa71-df139f9890f6@group-51DE6E94230A:LeaderElection11] INFO  impl.RaftServerImpl (RaftServerImpl.java:setRole(174)) - 653880d8-4d63-4a6f-aa71-df139f9890f6@group-51DE6E94230A: changes role from CANDIDATE to LEADER at term 1 for changeToLeader
2019-09-25 06:57:22,213 [01553a77-28cd-4c2d-9e28-284eca33e668@group-88B6BF205AB5:LeaderElection1] INFO  server.RaftServerConfigKeys (ConfUtils.java:logGet(43)) - raft.server.watch.timeout.denomination = 1s (default)
2019-09-25 06:57:22,213 [653880d8-4d63-4a6f-aa71-df139f9890f6@group-40CFFC5CC6B0:LeaderElection5] INFO  server.RaftServerConfigKeys (ConfUtils.java:logGet(43)) - raft.server.watch.timeout = 10s (default)
2019-09-25 06:57:22,215 [01553a77-28cd-4c2d-9e28-284eca33e668@group-88B6BF205AB5:LeaderElection1] INFO  server.RaftServerConfigKeys (ConfUtils.java:logGet(43)) - raft.server.watch.element-limit = 65536 (default)
2019-09-25 06:57:22,215 [653880d8-4d63-4a6f-aa71-df139f9890f6@group-51DE6E94230A:LeaderElection11] INFO  impl.RaftServerImpl (ServerState.java:setLeader(253)) - 653880d8-4d63-4a6f-aa71-df139f9890f6@group-51DE6E94230A: change Leader from null to 653880d8-4d63-4a6f-aa71-df139f9890f6 at term 1 for becomeLeader, leader elected after 5121ms
2019-09-25 06:57:22,215 [01553a77-28cd-4c2d-9e28-284eca33e668@group-7BFB9FBE0A37:LeaderElection7] INFO  server.RaftServerConfigKeys (ConfUtils.java:logGet(43)) - raft.server.watch.timeout.denomination = 1s (default)
2019-09-25 06:57:22,215 [01553a77-28cd-4c2d-9e28-284eca33e668@group-2B1EF6736D2C:LeaderElection8] INFO  server.RaftServerConfigKeys (ConfUtils.java:logGet(43)) - raft.server.watch.element-limit = 65536 (default)
2019-09-25 06:57:22,215 [01553a77-28cd-4c2d-9e28-284eca33e668@group-5B2BD40064A9:LeaderElection2] INFO  server.RaftServerConfigKeys (ConfUtils.java:logGet(43)) - raft.server.watch.element-limit = 65536 (default)
2019-09-25 06:57:22,215 [653880d8-4d63-4a6f-aa71-df139f9890f6@group-A0D25E0D7F5F:LeaderElection6] INFO  server.RaftServerConfigKeys (ConfUtils.java:logGet(43)) - raft.server.watch.element-limit = 65536 (default)
2019-09-25 06:57:22,215 [01553a77-28cd-4c2d-9e28-284eca33e668@group-2096972BF9F0:LeaderElection9] INFO  server.RaftServerConfigKeys (ConfUtils.java:logGet(43)) - raft.server.watch.element-limit = 65536 (default)
2019-09-25 06:57:22,215 [01553a77-28cd-4c2d-9e28-284eca33e668@group-E4BF9A71DE99:LeaderElection4] INFO  server.RaftServerConfigKeys (ConfUtils.java:logGet(43)) - raft.server.watch.element-limit = 65536 (default)
2019-09-25 06:57:22,215 [653880d8-4d63-4a6f-aa71-df139f9890f6@group-A332457A4E41:LeaderElection3] INFO  server.RaftServerConfigKeys (ConfUtils.java:logGet(43)) - raft.server.watch.timeout.denomination = 1s (default)
2019-09-25 06:57:22,214 [653880d8-4d63-4a6f-aa71-df139f9890f6@group-017D31229C09:LeaderElection10] INFO  server.RaftServerConfigKeys (ConfUtils.java:logGet(43)) - raft.server.watch.timeout.denomination = 1s (default)
2019-09-25 06:57:22,217 [653880d8-4d63-4a6f-aa71-df139f9890f6@group-A332457A4E41:LeaderElection3] INFO  server.RaftServerConfigKeys (ConfUtils.java:logGet(43)) - raft.server.watch.element-limit = 65536 (default)
2019-09-25 06:57:22,216 [01553a77-28cd-4c2d-9e28-284eca33e668@group-7BFB9FBE0A37:LeaderElection7] INFO  server.RaftServerConfigKeys (ConfUtils.java:logGet(43)) - raft.server.watch.element-limit = 65536 (default)
2019-09-25 06:57:22,216 [653880d8-4d63-4a6f-aa71-df139f9890f6@group-51DE6E94230A:LeaderElection11] INFO  server.RaftServerConfigKeys (ConfUtils.java:logGet(43)) - raft.server.staging.catchup.gap = 1000 (default)
2019-09-25 06:57:22,216 [653880d8-4d63-4a6f-aa71-df139f9890f6@group-40CFFC5CC6B0:LeaderElection5] INFO  server.RaftServerConfigKeys (ConfUtils.java:logGet(43)) - raft.server.watch.timeout.denomination = 1s (default)
2019-09-25 06:57:22,218 [653880d8-4d63-4a6f-aa71-df139f9890f6@group-51DE6E94230A:LeaderElection11] INFO  server.RaftServerConfigKeys (ConfUtils.java:logGet(43)) - raft.server.rpc.sleep.time = 25ms (default)
2019-09-25 06:57:22,217 [653880d8-4d63-4a6f-aa71-df139f9890f6@group-017D31229C09:LeaderElection10] INFO  server.RaftServerConfigKeys (ConfUtils.java:logGet(43)) - raft.server.watch.element-limit = 65536 (default)
2019-09-25 06:57:22,218 [653880d8-4d63-4a6f-aa71-df139f9890f6@group-51DE6E94230A:LeaderElection11] INFO  server.RaftServerConfigKeys (ConfUtils.java:logGet(43)) - raft.server.write.element-limit = 4096 (default)
2019-09-25 06:57:22,218 [653880d8-4d63-4a6f-aa71-df139f9890f6@group-40CFFC5CC6B0:LeaderElection5] INFO  server.RaftServerConfigKeys (ConfUtils.java:logGet(43)) - raft.server.watch.element-limit = 65536 (default)
2019-09-25 06:57:22,218 [653880d8-4d63-4a6f-aa71-df139f9890f6@group-51DE6E94230A:LeaderElection11] INFO  server.RaftServerConfigKeys (ConfUtils.java:logGet(43)) - raft.server.watch.timeout = 10s (default)
2019-09-25 06:57:22,218 [653880d8-4d63-4a6f-aa71-df139f9890f6@group-51DE6E94230A:LeaderElection11] INFO  server.RaftServerConfigKeys (ConfUtils.java:logGet(43)) - raft.server.watch.timeout.denomination = 1s (default)
2019-09-25 06:57:22,219 [653880d8-4d63-4a6f-aa71-df139f9890f6@group-51DE6E94230A:LeaderElection11] INFO  server.RaftServerConfigKeys (ConfUtils.java:logGet(43)) - raft.server.watch.element-limit = 65536 (default)
2019-09-25 06:57:22,230 [01553a77-28cd-4c2d-9e28-284eca33e668@group-88B6BF205AB5:LeaderElection1] INFO  impl.RoleInfo (RoleInfo.java:updateAndGet(143)) - 01553a77-28cd-4c2d-9e28-284eca33e668: start LeaderState
2019-09-25 06:57:22,233 [653880d8-4d63-4a6f-aa71-df139f9890f6@group-51DE6E94230A:LeaderElection11] INFO  impl.RoleInfo (RoleInfo.java:updateAndGet(143)) - 653880d8-4d63-4a6f-aa71-df139f9890f6: start LeaderState
2019-09-25 06:57:22,239 [653880d8-4d63-4a6f-aa71-df139f9890f6@group-A332457A4E41:LeaderElection3] INFO  impl.RoleInfo (RoleInfo.java:updateAndGet(143)) - 653880d8-4d63-4a6f-aa71-df139f9890f6: start LeaderState
2019-09-25 06:57:22,259 [01553a77-28cd-4c2d-9e28-284eca33e668@group-2B1EF6736D2C:LeaderElection8] INFO  impl.RoleInfo (RoleInfo.java:updateAndGet(143)) - 01553a77-28cd-4c2d-9e28-284eca33e668: start LeaderState
2019-09-25 06:57:22,263 [653880d8-4d63-4a6f-aa71-df139f9890f6@group-40CFFC5CC6B0:LeaderElection5] INFO  impl.RoleInfo (RoleInfo.java:updateAndGet(143)) - 653880d8-4d63-4a6f-aa71-df139f9890f6: start LeaderState
2019-09-25 06:57:22,263 [01553a77-28cd-4c2d-9e28-284eca33e668@group-E4BF9A71DE99:LeaderElection4] INFO  impl.RoleInfo (RoleInfo.java:updateAndGet(143)) - 01553a77-28cd-4c2d-9e28-284eca33e668: start LeaderState
2019-09-25 06:57:22,264 [01553a77-28cd-4c2d-9e28-284eca33e668@group-7BFB9FBE0A37:LeaderElection7] INFO  impl.RoleInfo (RoleInfo.java:updateAndGet(143)) - 01553a77-28cd-4c2d-9e28-284eca33e668: start LeaderState
2019-09-25 06:57:22,264 [653880d8-4d63-4a6f-aa71-df139f9890f6@group-017D31229C09:LeaderElection10] INFO  impl.RoleInfo (RoleInfo.java:updateAndGet(143)) - 653880d8-4d63-4a6f-aa71-df139f9890f6: start LeaderState
2019-09-25 06:57:22,264 [01553a77-28cd-4c2d-9e28-284eca33e668@group-5B2BD40064A9:LeaderElection2] INFO  impl.RoleInfo (RoleInfo.java:updateAndGet(143)) - 01553a77-28cd-4c2d-9e28-284eca33e668: start LeaderState
2019-09-25 06:57:22,264 [01553a77-28cd-4c2d-9e28-284eca33e668@group-2096972BF9F0:LeaderElection9] INFO  impl.RoleInfo (RoleInfo.java:updateAndGet(143)) - 01553a77-28cd-4c2d-9e28-284eca33e668: start LeaderState
2019-09-25 06:57:22,264 [653880d8-4d63-4a6f-aa71-df139f9890f6@group-A0D25E0D7F5F:LeaderElection6] INFO  impl.RoleInfo (RoleInfo.java:updateAndGet(143)) - 653880d8-4d63-4a6f-aa71-df139f9890f6: start LeaderState
2019-09-25 06:57:22,265 [653880d8-4d63-4a6f-aa71-df139f9890f6@group-51DE6E94230A:LeaderElection11] INFO  segmented.SegmentedRaftLogWorker (SegmentedRaftLogWorker.java:startLogSegment(380)) - 653880d8-4d63-4a6f-aa71-df139f9890f6@group-51DE6E94230A-SegmentedRaftLogWorker: Starting segment from index:0
2019-09-25 06:57:22,265 [653880d8-4d63-4a6f-aa71-df139f9890f6@group-A332457A4E41:LeaderElection3] INFO  segmented.SegmentedRaftLogWorker (SegmentedRaftLogWorker.java:startLogSegment(380)) - 653880d8-4d63-4a6f-aa71-df139f9890f6@group-A332457A4E41-SegmentedRaftLogWorker: Starting segment from index:0
2019-09-25 06:57:22,265 [01553a77-28cd-4c2d-9e28-284eca33e668@group-5B2BD40064A9:LeaderElection2] INFO  segmented.SegmentedRaftLogWorker (SegmentedRaftLogWorker.java:startLogSegment(380)) - 01553a77-28cd-4c2d-9e28-284eca33e668@group-5B2BD40064A9-SegmentedRaftLogWorker: Starting segment from index:0
2019-09-25 06:57:22,265 [01553a77-28cd-4c2d-9e28-284eca33e668@group-7BFB9FBE0A37:LeaderElection7] INFO  segmented.SegmentedRaftLogWorker (SegmentedRaftLogWorker.java:startLogSegment(380)) - 01553a77-28cd-4c2d-9e28-284eca33e668@group-7BFB9FBE0A37-SegmentedRaftLogWorker: Starting segment from index:0
2019-09-25 06:57:22,265 [01553a77-28cd-4c2d-9e28-284eca33e668@group-2B1EF6736D2C:LeaderElection8] INFO  segmented.SegmentedRaftLogWorker (SegmentedRaftLogWorker.java:startLogSegment(380)) - 01553a77-28cd-4c2d-9e28-284eca33e668@group-2B1EF6736D2C-SegmentedRaftLogWorker: Starting segment from index:0
2019-09-25 06:57:22,265 [653880d8-4d63-4a6f-aa71-df139f9890f6@group-017D31229C09:LeaderElection10] INFO  segmented.SegmentedRaftLogWorker (SegmentedRaftLogWorker.java:startLogSegment(380)) - 653880d8-4d63-4a6f-aa71-df139f9890f6@group-017D31229C09-SegmentedRaftLogWorker: Starting segment from index:0
2019-09-25 06:57:22,265 [01553a77-28cd-4c2d-9e28-284eca33e668@group-88B6BF205AB5:LeaderElection1] INFO  segmented.SegmentedRaftLogWorker (SegmentedRaftLogWorker.java:startLogSegment(380)) - 01553a77-28cd-4c2d-9e28-284eca33e668@group-88B6BF205AB5-SegmentedRaftLogWorker: Starting segment from index:0
2019-09-25 06:57:22,265 [653880d8-4d63-4a6f-aa71-df139f9890f6@group-A0D25E0D7F5F:LeaderElection6] INFO  segmented.SegmentedRaftLogWorker (SegmentedRaftLogWorker.java:startLogSegment(380)) - 653880d8-4d63-4a6f-aa71-df139f9890f6@group-A0D25E0D7F5F-SegmentedRaftLogWorker: Starting segment from index:0
2019-09-25 06:57:22,265 [01553a77-28cd-4c2d-9e28-284eca33e668@group-E4BF9A71DE99:LeaderElection4] INFO  segmented.SegmentedRaftLogWorker (SegmentedRaftLogWorker.java:startLogSegment(380)) - 01553a77-28cd-4c2d-9e28-284eca33e668@group-E4BF9A71DE99-SegmentedRaftLogWorker: Starting segment from index:0
2019-09-25 06:57:22,265 [653880d8-4d63-4a6f-aa71-df139f9890f6@group-40CFFC5CC6B0:LeaderElection5] INFO  segmented.SegmentedRaftLogWorker (SegmentedRaftLogWorker.java:startLogSegment(380)) - 653880d8-4d63-4a6f-aa71-df139f9890f6@group-40CFFC5CC6B0-SegmentedRaftLogWorker: Starting segment from index:0
2019-09-25 06:57:22,265 [01553a77-28cd-4c2d-9e28-284eca33e668@group-2096972BF9F0:LeaderElection9] INFO  segmented.SegmentedRaftLogWorker (SegmentedRaftLogWorker.java:startLogSegment(380)) - 01553a77-28cd-4c2d-9e28-284eca33e668@group-2096972BF9F0-SegmentedRaftLogWorker: Starting segment from index:0
2019-09-25 06:57:22,274 [01553a77-28cd-4c2d-9e28-284eca33e668@group-88B6BF205AB5:LeaderElection1] INFO  impl.RaftServerImpl (ServerState.java:setRaftConf(354)) - 01553a77-28cd-4c2d-9e28-284eca33e668@group-88B6BF205AB5: set configuration 0: [01553a77-28cd-4c2d-9e28-284eca33e668:192.168.164.207:46046], old=null at 0
2019-09-25 06:57:22,274 [01553a77-28cd-4c2d-9e28-284eca33e668@group-E4BF9A71DE99:LeaderElection4] INFO  impl.RaftServerImpl (ServerState.java:setRaftConf(354)) - 01553a77-28cd-4c2d-9e28-284eca33e668@group-E4BF9A71DE99: set configuration 0: [01553a77-28cd-4c2d-9e28-284eca33e668:192.168.164.207:46046], old=null at 0
2019-09-25 06:57:22,274 [653880d8-4d63-4a6f-aa71-df139f9890f6@group-A0D25E0D7F5F:LeaderElection6] INFO  impl.RaftServerImpl (ServerState.java:setRaftConf(354)) - 653880d8-4d63-4a6f-aa71-df139f9890f6@group-A0D25E0D7F5F: set configuration 0: [653880d8-4d63-4a6f-aa71-df139f9890f6:192.168.164.207:38611], old=null at 0
2019-09-25 06:57:22,274 [653880d8-4d63-4a6f-aa71-df139f9890f6@group-51DE6E94230A:LeaderElection11] INFO  impl.RaftServerImpl (ServerState.java:setRaftConf(354)) - 653880d8-4d63-4a6f-aa71-df139f9890f6@group-51DE6E94230A: set configuration 0: [653880d8-4d63-4a6f-aa71-df139f9890f6:192.168.164.207:38611], old=null at 0
2019-09-25 06:57:22,274 [01553a77-28cd-4c2d-9e28-284eca33e668@group-5B2BD40064A9:LeaderElection2] INFO  impl.RaftServerImpl (ServerState.java:setRaftConf(354)) - 01553a77-28cd-4c2d-9e28-284eca33e668@group-5B2BD40064A9: set configuration 0: [01553a77-28cd-4c2d-9e28-284eca33e668:192.168.164.207:46046], old=null at 0
2019-09-25 06:57:22,274 [01553a77-28cd-4c2d-9e28-284eca33e668@group-2B1EF6736D2C:LeaderElection8] INFO  impl.RaftServerImpl (ServerState.java:setRaftConf(354)) - 01553a77-28cd-4c2d-9e28-284eca33e668@group-2B1EF6736D2C: set configuration 0: [01553a77-28cd-4c2d-9e28-284eca33e668:192.168.164.207:46046], old=null at 0
2019-09-25 06:57:22,274 [653880d8-4d63-4a6f-aa71-df139f9890f6@group-017D31229C09:LeaderElection10] INFO  impl.RaftServerImpl (ServerState.java:setRaftConf(354)) - 653880d8-4d63-4a6f-aa71-df139f9890f6@group-017D31229C09: set configuration 0: [653880d8-4d63-4a6f-aa71-df139f9890f6:192.168.164.207:38611], old=null at 0
2019-09-25 06:57:22,274 [653880d8-4d63-4a6f-aa71-df139f9890f6@group-A332457A4E41:LeaderElection3] INFO  impl.RaftServerImpl (ServerState.java:setRaftConf(354)) - 653880d8-4d63-4a6f-aa71-df139f9890f6@group-A332457A4E41: set configuration 0: [653880d8-4d63-4a6f-aa71-df139f9890f6:192.168.164.207:38611], old=null at 0
2019-09-25 06:57:22,274 [01553a77-28cd-4c2d-9e28-284eca33e668@group-2096972BF9F0:LeaderElection9] INFO  impl.RaftServerImpl (ServerState.java:setRaftConf(354)) - 01553a77-28cd-4c2d-9e28-284eca33e668@group-2096972BF9F0: set configuration 0: [01553a77-28cd-4c2d-9e28-284eca33e668:192.168.164.207:46046], old=null at 0
2019-09-25 06:57:22,274 [01553a77-28cd-4c2d-9e28-284eca33e668@group-7BFB9FBE0A37:LeaderElection7] INFO  impl.RaftServerImpl (ServerState.java:setRaftConf(354)) - 01553a77-28cd-4c2d-9e28-284eca33e668@group-7BFB9FBE0A37: set configuration 0: [01553a77-28cd-4c2d-9e28-284eca33e668:192.168.164.207:46046], old=null at 0
2019-09-25 06:57:22,277 [653880d8-4d63-4a6f-aa71-df139f9890f6@group-40CFFC5CC6B0:LeaderElection5] INFO  impl.RaftServerImpl (ServerState.java:setRaftConf(354)) - 653880d8-4d63-4a6f-aa71-df139f9890f6@group-40CFFC5CC6B0: set configuration 0: [653880d8-4d63-4a6f-aa71-df139f9890f6:192.168.164.207:38611], old=null at 0
2019-09-25 06:57:22,295 [Thread-243] INFO  impl.FollowerState (FollowerState.java:run(106)) - 653880d8-4d63-4a6f-aa71-df139f9890f6:group-7CF4298D6B48 changes to CANDIDATE, lastRpcTime:5131, electionTimeout:5131ms
2019-09-25 06:57:22,295 [Thread-243] INFO  impl.RoleInfo (RoleInfo.java:shutdownFollowerState(121)) - 653880d8-4d63-4a6f-aa71-df139f9890f6: shutdown FollowerState
2019-09-25 06:57:22,295 [Thread-243] INFO  impl.RaftServerImpl (RaftServerImpl.java:setRole(174)) - 653880d8-4d63-4a6f-aa71-df139f9890f6@group-7CF4298D6B48: changes role from  FOLLOWER to CANDIDATE at term 0 for changeToCandidate
2019-09-25 06:57:22,295 [Thread-243] INFO  impl.RoleInfo (RoleInfo.java:updateAndGet(143)) - 653880d8-4d63-4a6f-aa71-df139f9890f6: start LeaderElection
2019-09-25 06:57:22,313 [653880d8-4d63-4a6f-aa71-df139f9890f6@group-7CF4298D6B48:LeaderElection12] INFO  impl.LeaderElection (LeaderElection.java:askForVotes(182)) - 653880d8-4d63-4a6f-aa71-df139f9890f6@group-7CF4298D6B48:LeaderElection12: begin an election at term 1 for -1: [653880d8-4d63-4a6f-aa71-df139f9890f6:192.168.164.207:38611], old=null
2019-09-25 06:57:22,313 [653880d8-4d63-4a6f-aa71-df139f9890f6@group-7CF4298D6B48:LeaderElection12] INFO  impl.RoleInfo (RoleInfo.java:shutdownLeaderElection(134)) - 653880d8-4d63-4a6f-aa71-df139f9890f6: shutdown LeaderElection
2019-09-25 06:57:22,314 [653880d8-4d63-4a6f-aa71-df139f9890f6@group-7CF4298D6B48:LeaderElection12] INFO  impl.RaftServerImpl (RaftServerImpl.java:setRole(174)) - 653880d8-4d63-4a6f-aa71-df139f9890f6@group-7CF4298D6B48: changes role from CANDIDATE to LEADER at term 1 for changeToLeader
2019-09-25 06:57:22,314 [653880d8-4d63-4a6f-aa71-df139f9890f6@group-7CF4298D6B48:LeaderElection12] INFO  impl.RaftServerImpl (ServerState.java:setLeader(253)) - 653880d8-4d63-4a6f-aa71-df139f9890f6@group-7CF4298D6B48: change Leader from null to 653880d8-4d63-4a6f-aa71-df139f9890f6 at term 1 for becomeLeader, leader elected after 5156ms
2019-09-25 06:57:22,314 [653880d8-4d63-4a6f-aa71-df139f9890f6@group-7CF4298D6B48:LeaderElection12] INFO  server.RaftServerConfigKeys (ConfUtils.java:logGet(43)) - raft.server.staging.catchup.gap = 1000 (default)
2019-09-25 06:57:22,314 [653880d8-4d63-4a6f-aa71-df139f9890f6@group-7CF4298D6B48:LeaderElection12] INFO  server.RaftServerConfigKeys (ConfUtils.java:logGet(43)) - raft.server.rpc.sleep.time = 25ms (default)
2019-09-25 06:57:22,314 [653880d8-4d63-4a6f-aa71-df139f9890f6@group-7CF4298D6B48:LeaderElection12] INFO  server.RaftServerConfigKeys (ConfUtils.java:logGet(43)) - raft.server.write.element-limit = 4096 (default)
2019-09-25 06:57:22,314 [653880d8-4d63-4a6f-aa71-df139f9890f6@group-7CF4298D6B48:LeaderElection12] INFO  server.RaftServerConfigKeys (ConfUtils.java:logGet(43)) - raft.server.watch.timeout = 10s (default)
2019-09-25 06:57:22,314 [653880d8-4d63-4a6f-aa71-df139f9890f6@group-7CF4298D6B48:LeaderElection12] INFO  server.RaftServerConfigKeys (ConfUtils.java:logGet(43)) - raft.server.watch.timeout.denomination = 1s (default)
2019-09-25 06:57:22,314 [653880d8-4d63-4a6f-aa71-df139f9890f6@group-7CF4298D6B48:LeaderElection12] INFO  server.RaftServerConfigKeys (ConfUtils.java:logGet(43)) - raft.server.watch.element-limit = 65536 (default)
2019-09-25 06:57:22,316 [653880d8-4d63-4a6f-aa71-df139f9890f6@group-7CF4298D6B48:LeaderElection12] INFO  impl.RoleInfo (RoleInfo.java:updateAndGet(143)) - 653880d8-4d63-4a6f-aa71-df139f9890f6: start LeaderState
2019-09-25 06:57:22,316 [653880d8-4d63-4a6f-aa71-df139f9890f6@group-7CF4298D6B48:LeaderElection12] INFO  segmented.SegmentedRaftLogWorker (SegmentedRaftLogWorker.java:startLogSegment(380)) - 653880d8-4d63-4a6f-aa71-df139f9890f6@group-7CF4298D6B48-SegmentedRaftLogWorker: Starting segment from index:0
2019-09-25 06:57:22,317 [653880d8-4d63-4a6f-aa71-df139f9890f6@group-7CF4298D6B48:LeaderElection12] INFO  impl.RaftServerImpl (ServerState.java:setRaftConf(354)) - 653880d8-4d63-4a6f-aa71-df139f9890f6@group-7CF4298D6B48: set configuration 0: [653880d8-4d63-4a6f-aa71-df139f9890f6:192.168.164.207:38611], old=null at 0
2019-09-25 06:57:22,462 [653880d8-4d63-4a6f-aa71-df139f9890f6@group-017D31229C09-SegmentedRaftLogWorker] INFO  segmented.SegmentedRaftLogWorker (SegmentedRaftLogWorker.java:execute(569)) - 653880d8-4d63-4a6f-aa71-df139f9890f6@group-017D31229C09-SegmentedRaftLogWorker: created new log segment /workdir/hadoop-ozone/tools/target/test-dir/MiniOzoneClusterImpl-9e6d1b68-582c-4998-83b3-e2f12469c286/datanode-4/data/ratis/e502c863-4339-4252-bea5-017d31229c09/current/log_inprogress_0
2019-09-25 06:57:22,462 [653880d8-4d63-4a6f-aa71-df139f9890f6@group-A0D25E0D7F5F-SegmentedRaftLogWorker] INFO  segmented.SegmentedRaftLogWorker (SegmentedRaftLogWorker.java:execute(569)) - 653880d8-4d63-4a6f-aa71-df139f9890f6@group-A0D25E0D7F5F-SegmentedRaftLogWorker: created new log segment /workdir/hadoop-ozone/tools/target/test-dir/MiniOzoneClusterImpl-9e6d1b68-582c-4998-83b3-e2f12469c286/datanode-4/data/ratis/1614bbf0-46c3-499b-bad2-a0d25e0d7f5f/current/log_inprogress_0
2019-09-25 06:57:22,462 [01553a77-28cd-4c2d-9e28-284eca33e668@group-7BFB9FBE0A37-SegmentedRaftLogWorker] INFO  segmented.SegmentedRaftLogWorker (SegmentedRaftLogWorker.java:execute(569)) - 01553a77-28cd-4c2d-9e28-284eca33e668@group-7BFB9FBE0A37-SegmentedRaftLogWorker: created new log segment /workdir/hadoop-ozone/tools/target/test-dir/MiniOzoneClusterImpl-9e6d1b68-582c-4998-83b3-e2f12469c286/datanode-3/data/ratis/c060c1dd-26a7-4235-871c-7bfb9fbe0a37/current/log_inprogress_0
2019-09-25 06:57:22,462 [653880d8-4d63-4a6f-aa71-df139f9890f6@group-A332457A4E41-SegmentedRaftLogWorker] INFO  segmented.SegmentedRaftLogWorker (SegmentedRaftLogWorker.java:execute(569)) - 653880d8-4d63-4a6f-aa71-df139f9890f6@group-A332457A4E41-SegmentedRaftLogWorker: created new log segment /workdir/hadoop-ozone/tools/target/test-dir/MiniOzoneClusterImpl-9e6d1b68-582c-4998-83b3-e2f12469c286/datanode-4/data/ratis/2d3347fe-7408-4cf5-92e6-a332457a4e41/current/log_inprogress_0
2019-09-25 06:57:22,465 [Thread-246] INFO  impl.FollowerState (FollowerState.java:run(106)) - d70a231e-a310-420f-b479-fee7bb9573e2:group-0E6F6C096164 changes to CANDIDATE, lastRpcTime:5159, electionTimeout:5159ms
2019-09-25 06:57:22,465 [Thread-246] INFO  impl.RoleInfo (RoleInfo.java:shutdownFollowerState(121)) - d70a231e-a310-420f-b479-fee7bb9573e2: shutdown FollowerState
2019-09-25 06:57:22,465 [Thread-246] INFO  impl.RaftServerImpl (RaftServerImpl.java:setRole(174)) - d70a231e-a310-420f-b479-fee7bb9573e2@group-0E6F6C096164: changes role from  FOLLOWER to CANDIDATE at term 0 for changeToCandidate
2019-09-25 06:57:22,466 [Thread-246] INFO  impl.RoleInfo (RoleInfo.java:updateAndGet(143)) - d70a231e-a310-420f-b479-fee7bb9573e2: start LeaderElection
2019-09-25 06:57:22,471 [01553a77-28cd-4c2d-9e28-284eca33e668@group-E4BF9A71DE99-SegmentedRaftLogWorker] INFO  segmented.SegmentedRaftLogWorker (SegmentedRaftLogWorker.java:execute(569)) - 01553a77-28cd-4c2d-9e28-284eca33e668@group-E4BF9A71DE99-SegmentedRaftLogWorker: created new log segment /workdir/hadoop-ozone/tools/target/test-dir/MiniOzoneClusterImpl-9e6d1b68-582c-4998-83b3-e2f12469c286/datanode-3/data/ratis/3de9b2f9-ec36-4b5e-b4b0-e4bf9a71de99/current/log_inprogress_0
2019-09-25 06:57:22,471 [01553a77-28cd-4c2d-9e28-284eca33e668@group-2B1EF6736D2C-SegmentedRaftLogWorker] INFO  segmented.SegmentedRaftLogWorker (SegmentedRaftLogWorker.java:execute(569)) - 01553a77-28cd-4c2d-9e28-284eca33e668@group-2B1EF6736D2C-SegmentedRaftLogWorker: created new log segment /workdir/hadoop-ozone/tools/target/test-dir/MiniOzoneClusterImpl-9e6d1b68-582c-4998-83b3-e2f12469c286/datanode-3/data/ratis/ea64b1e8-c293-4259-a56f-2b1ef6736d2c/current/log_inprogress_0
2019-09-25 06:57:22,471 [653880d8-4d63-4a6f-aa71-df139f9890f6@group-7CF4298D6B48-SegmentedRaftLogWorker] INFO  segmented.SegmentedRaftLogWorker (SegmentedRaftLogWorker.java:execute(569)) - 653880d8-4d63-4a6f-aa71-df139f9890f6@group-7CF4298D6B48-SegmentedRaftLogWorker: created new log segment /workdir/hadoop-ozone/tools/target/test-dir/MiniOzoneClusterImpl-9e6d1b68-582c-4998-83b3-e2f12469c286/datanode-4/data/ratis/41012139-d612-4ecb-b3b2-7cf4298d6b48/current/log_inprogress_0
2019-09-25 06:57:22,471 [653880d8-4d63-4a6f-aa71-df139f9890f6@group-40CFFC5CC6B0-SegmentedRaftLogWorker] INFO  segmented.SegmentedRaftLogWorker (SegmentedRaftLogWorker.java:execute(569)) - 653880d8-4d63-4a6f-aa71-df139f9890f6@group-40CFFC5CC6B0-SegmentedRaftLogWorker: created new log segment /workdir/hadoop-ozone/tools/target/test-dir/MiniOzoneClusterImpl-9e6d1b68-582c-4998-83b3-e2f12469c286/datanode-4/data/ratis/67519631-1dd6-49f4-b96a-40cffc5cc6b0/current/log_inprogress_0
2019-09-25 06:57:22,471 [01553a77-28cd-4c2d-9e28-284eca33e668@group-2096972BF9F0-SegmentedRaftLogWorker] INFO  segmented.SegmentedRaftLogWorker (SegmentedRaftLogWorker.java:execute(569)) - 01553a77-28cd-4c2d-9e28-284eca33e668@group-2096972BF9F0-SegmentedRaftLogWorker: created new log segment /workdir/hadoop-ozone/tools/target/test-dir/MiniOzoneClusterImpl-9e6d1b68-582c-4998-83b3-e2f12469c286/datanode-3/data/ratis/0d00f8e1-f721-475b-945b-2096972bf9f0/current/log_inprogress_0
2019-09-25 06:57:22,495 [01553a77-28cd-4c2d-9e28-284eca33e668@group-5B2BD40064A9-SegmentedRaftLogWorker] INFO  segmented.SegmentedRaftLogWorker (SegmentedRaftLogWorker.java:execute(569)) - 01553a77-28cd-4c2d-9e28-284eca33e668@group-5B2BD40064A9-SegmentedRaftLogWorker: created new log segment /workdir/hadoop-ozone/tools/target/test-dir/MiniOzoneClusterImpl-9e6d1b68-582c-4998-83b3-e2f12469c286/datanode-3/data/ratis/1b137d16-374f-4e8b-9c71-5b2bd40064a9/current/log_inprogress_0
2019-09-25 06:57:22,495 [d70a231e-a310-420f-b479-fee7bb9573e2@group-0E6F6C096164:LeaderElection13] INFO  impl.LeaderElection (LeaderElection.java:askForVotes(182)) - d70a231e-a310-420f-b479-fee7bb9573e2@group-0E6F6C096164:LeaderElection13: begin an election at term 1 for -1: [d70a231e-a310-420f-b479-fee7bb9573e2:192.168.164.207:35089], old=null
2019-09-25 06:57:22,495 [653880d8-4d63-4a6f-aa71-df139f9890f6@group-51DE6E94230A-SegmentedRaftLogWorker] INFO  segmented.SegmentedRaftLogWorker (SegmentedRaftLogWorker.java:execute(569)) - 653880d8-4d63-4a6f-aa71-df139f9890f6@group-51DE6E94230A-SegmentedRaftLogWorker: created new log segment /workdir/hadoop-ozone/tools/target/test-dir/MiniOzoneClusterImpl-9e6d1b68-582c-4998-83b3-e2f12469c286/datanode-4/data/ratis/d60fa3d6-5c76-4e17-903a-51de6e94230a/current/log_inprogress_0
2019-09-25 06:57:22,495 [01553a77-28cd-4c2d-9e28-284eca33e668@group-88B6BF205AB5-SegmentedRaftLogWorker] INFO  segmented.SegmentedRaftLogWorker (SegmentedRaftLogWorker.java:execute(569)) - 01553a77-28cd-4c2d-9e28-284eca33e668@group-88B6BF205AB5-SegmentedRaftLogWorker: created new log segment /workdir/hadoop-ozone/tools/target/test-dir/MiniOzoneClusterImpl-9e6d1b68-582c-4998-83b3-e2f12469c286/datanode-3/data/ratis/947501db-44f0-4457-b79d-88b6bf205ab5/current/log_inprogress_0
2019-09-25 06:57:22,496 [d70a231e-a310-420f-b479-fee7bb9573e2@group-0E6F6C096164:LeaderElection13] INFO  impl.RoleInfo (RoleInfo.java:shutdownLeaderElection(134)) - d70a231e-a310-420f-b479-fee7bb9573e2: shutdown LeaderElection
2019-09-25 06:57:22,496 [d70a231e-a310-420f-b479-fee7bb9573e2@group-0E6F6C096164:LeaderElection13] INFO  impl.RaftServerImpl (RaftServerImpl.java:setRole(174)) - d70a231e-a310-420f-b479-fee7bb9573e2@group-0E6F6C096164: changes role from CANDIDATE to LEADER at term 1 for changeToLeader
2019-09-25 06:57:22,496 [d70a231e-a310-420f-b479-fee7bb9573e2@group-0E6F6C096164:LeaderElection13] INFO  impl.RaftServerImpl (ServerState.java:setLeader(253)) - d70a231e-a310-420f-b479-fee7bb9573e2@group-0E6F6C096164: change Leader from null to d70a231e-a310-420f-b479-fee7bb9573e2 at term 1 for becomeLeader, leader elected after 5202ms
2019-09-25 06:57:22,498 [d70a231e-a310-420f-b479-fee7bb9573e2@group-0E6F6C096164:LeaderElection13] INFO  server.RaftServerConfigKeys (ConfUtils.java:logGet(43)) - raft.server.staging.catchup.gap = 1000 (default)
2019-09-25 06:57:22,499 [d70a231e-a310-420f-b479-fee7bb9573e2@group-0E6F6C096164:LeaderElection13] INFO  server.RaftServerConfigKeys (ConfUtils.java:logGet(43)) - raft.server.rpc.sleep.time = 25ms (default)
2019-09-25 06:57:22,499 [d70a231e-a310-420f-b479-fee7bb9573e2@group-0E6F6C096164:LeaderElection13] INFO  server.RaftServerConfigKeys (ConfUtils.java:logGet(43)) - raft.server.write.element-limit = 4096 (default)
2019-09-25 06:57:22,499 [d70a231e-a310-420f-b479-fee7bb9573e2@group-0E6F6C096164:LeaderElection13] INFO  server.RaftServerConfigKeys (ConfUtils.java:logGet(43)) - raft.server.watch.timeout = 10s (default)
2019-09-25 06:57:22,499 [d70a231e-a310-420f-b479-fee7bb9573e2@group-0E6F6C096164:LeaderElection13] INFO  server.RaftServerConfigKeys (ConfUtils.java:logGet(43)) - raft.server.watch.timeout.denomination = 1s (default)
2019-09-25 06:57:22,499 [d70a231e-a310-420f-b479-fee7bb9573e2@group-0E6F6C096164:LeaderElection13] INFO  server.RaftServerConfigKeys (ConfUtils.java:logGet(43)) - raft.server.watch.element-limit = 65536 (default)
2019-09-25 06:57:22,503 [d70a231e-a310-420f-b479-fee7bb9573e2@group-0E6F6C096164:LeaderElection13] INFO  impl.RoleInfo (RoleInfo.java:updateAndGet(143)) - d70a231e-a310-420f-b479-fee7bb9573e2: start LeaderState
2019-09-25 06:57:22,503 [d70a231e-a310-420f-b479-fee7bb9573e2@group-0E6F6C096164:LeaderElection13] INFO  segmented.SegmentedRaftLogWorker (SegmentedRaftLogWorker.java:startLogSegment(380)) - d70a231e-a310-420f-b479-fee7bb9573e2@group-0E6F6C096164-SegmentedRaftLogWorker: Starting segment from index:0
2019-09-25 06:57:22,503 [d70a231e-a310-420f-b479-fee7bb9573e2@group-0E6F6C096164:LeaderElection13] INFO  impl.RaftServerImpl (ServerState.java:setRaftConf(354)) - d70a231e-a310-420f-b479-fee7bb9573e2@group-0E6F6C096164: set configuration 0: [d70a231e-a310-420f-b479-fee7bb9573e2:192.168.164.207:35089], old=null at 0
2019-09-25 06:57:22,533 [Thread-249] INFO  impl.FollowerState (FollowerState.java:run(106)) - d70a231e-a310-420f-b479-fee7bb9573e2:group-D31E6B909F38 changes to CANDIDATE, lastRpcTime:5149, electionTimeout:5138ms
2019-09-25 06:57:22,533 [Thread-249] INFO  impl.RoleInfo (RoleInfo.java:shutdownFollowerState(121)) - d70a231e-a310-420f-b479-fee7bb9573e2: shutdown FollowerState
2019-09-25 06:57:22,533 [Thread-249] INFO  impl.RaftServerImpl (RaftServerImpl.java:setRole(174)) - d70a231e-a310-420f-b479-fee7bb9573e2@group-D31E6B909F38: changes role from  FOLLOWER to CANDIDATE at term 0 for changeToCandidate
2019-09-25 06:57:22,534 [Thread-249] INFO  impl.RoleInfo (RoleInfo.java:updateAndGet(143)) - d70a231e-a310-420f-b479-fee7bb9573e2: start LeaderElection
2019-09-25 06:57:22,547 [d70a231e-a310-420f-b479-fee7bb9573e2@group-0E6F6C096164-SegmentedRaftLogWorker] INFO  segmented.SegmentedRaftLogWorker (SegmentedRaftLogWorker.java:execute(569)) - d70a231e-a310-420f-b479-fee7bb9573e2@group-0E6F6C096164-SegmentedRaftLogWorker: created new log segment /workdir/hadoop-ozone/tools/target/test-dir/MiniOzoneClusterImpl-9e6d1b68-582c-4998-83b3-e2f12469c286/datanode-0/data/ratis/365648ab-4787-48df-9d04-0e6f6c096164/current/log_inprogress_0
2019-09-25 06:57:22,548 [d70a231e-a310-420f-b479-fee7bb9573e2@group-D31E6B909F38:LeaderElection14] INFO  impl.LeaderElection (LeaderElection.java:askForVotes(182)) - d70a231e-a310-420f-b479-fee7bb9573e2@group-D31E6B909F38:LeaderElection14: begin an election at term 1 for -1: [d70a231e-a310-420f-b479-fee7bb9573e2:192.168.164.207:35089], old=null
2019-09-25 06:57:22,549 [d70a231e-a310-420f-b479-fee7bb9573e2@group-D31E6B909F38:LeaderElection14] INFO  impl.RoleInfo (RoleInfo.java:shutdownLeaderElection(134)) - d70a231e-a310-420f-b479-fee7bb9573e2: shutdown LeaderElection
2019-09-25 06:57:22,549 [d70a231e-a310-420f-b479-fee7bb9573e2@group-D31E6B909F38:LeaderElection14] INFO  impl.RaftServerImpl (RaftServerImpl.java:setRole(174)) - d70a231e-a310-420f-b479-fee7bb9573e2@group-D31E6B909F38: changes role from CANDIDATE to LEADER at term 1 for changeToLeader
2019-09-25 06:57:22,549 [d70a231e-a310-420f-b479-fee7bb9573e2@group-D31E6B909F38:LeaderElection14] INFO  impl.RaftServerImpl (ServerState.java:setLeader(253)) - d70a231e-a310-420f-b479-fee7bb9573e2@group-D31E6B909F38: change Leader from null to d70a231e-a310-420f-b479-fee7bb9573e2 at term 1 for becomeLeader, leader elected after 5171ms
2019-09-25 06:57:22,549 [d70a231e-a310-420f-b479-fee7bb9573e2@group-D31E6B909F38:LeaderElection14] INFO  server.RaftServerConfigKeys (ConfUtils.java:logGet(43)) - raft.server.staging.catchup.gap = 1000 (default)
2019-09-25 06:57:22,549 [d70a231e-a310-420f-b479-fee7bb9573e2@group-D31E6B909F38:LeaderElection14] INFO  server.RaftServerConfigKeys (ConfUtils.java:logGet(43)) - raft.server.rpc.sleep.time = 25ms (default)
2019-09-25 06:57:22,549 [d70a231e-a310-420f-b479-fee7bb9573e2@group-D31E6B909F38:LeaderElection14] INFO  server.RaftServerConfigKeys (ConfUtils.java:logGet(43)) - raft.server.write.element-limit = 4096 (default)
2019-09-25 06:57:22,549 [d70a231e-a310-420f-b479-fee7bb9573e2@group-D31E6B909F38:LeaderElection14] INFO  server.RaftServerConfigKeys (ConfUtils.java:logGet(43)) - raft.server.watch.timeout = 10s (default)
2019-09-25 06:57:22,550 [d70a231e-a310-420f-b479-fee7bb9573e2@group-D31E6B909F38:LeaderElection14] INFO  server.RaftServerConfigKeys (ConfUtils.java:logGet(43)) - raft.server.watch.timeout.denomination = 1s (default)
2019-09-25 06:57:22,550 [d70a231e-a310-420f-b479-fee7bb9573e2@group-D31E6B909F38:LeaderElection14] INFO  server.RaftServerConfigKeys (ConfUtils.java:logGet(43)) - raft.server.watch.element-limit = 65536 (default)
2019-09-25 06:57:22,552 [d70a231e-a310-420f-b479-fee7bb9573e2@group-D31E6B909F38:LeaderElection14] INFO  impl.RoleInfo (RoleInfo.java:updateAndGet(143)) - d70a231e-a310-420f-b479-fee7bb9573e2: start LeaderState
2019-09-25 06:57:22,552 [d70a231e-a310-420f-b479-fee7bb9573e2@group-D31E6B909F38:LeaderElection14] INFO  segmented.SegmentedRaftLogWorker (SegmentedRaftLogWorker.java:startLogSegment(380)) - d70a231e-a310-420f-b479-fee7bb9573e2@group-D31E6B909F38-SegmentedRaftLogWorker: Starting segment from index:0
2019-09-25 06:57:22,552 [d70a231e-a310-420f-b479-fee7bb9573e2@group-D31E6B909F38:LeaderElection14] INFO  impl.RaftServerImpl (ServerState.java:setRaftConf(354)) - d70a231e-a310-420f-b479-fee7bb9573e2@group-D31E6B909F38: set configuration 0: [d70a231e-a310-420f-b479-fee7bb9573e2:192.168.164.207:35089], old=null at 0
2019-09-25 06:57:22,581 [Thread-252] INFO  impl.FollowerState (FollowerState.java:run(106)) - d70a231e-a310-420f-b479-fee7bb9573e2:group-4A8627ABC940 changes to CANDIDATE, lastRpcTime:5126, electionTimeout:5108ms
2019-09-25 06:57:22,581 [Thread-252] INFO  impl.RoleInfo (RoleInfo.java:shutdownFollowerState(121)) - d70a231e-a310-420f-b479-fee7bb9573e2: shutdown FollowerState
2019-09-25 06:57:22,581 [Thread-252] INFO  impl.RaftServerImpl (RaftServerImpl.java:setRole(174)) - d70a231e-a310-420f-b479-fee7bb9573e2@group-4A8627ABC940: changes role from  FOLLOWER to CANDIDATE at term 0 for changeToCandidate
2019-09-25 06:57:22,582 [Thread-252] INFO  impl.RoleInfo (RoleInfo.java:updateAndGet(143)) - d70a231e-a310-420f-b479-fee7bb9573e2: start LeaderElection
2019-09-25 06:57:22,663 [Thread-255] INFO  impl.FollowerState (FollowerState.java:run(106)) - d70a231e-a310-420f-b479-fee7bb9573e2:group-C33AFB0A72D2 changes to CANDIDATE, lastRpcTime:5148, electionTimeout:5148ms
2019-09-25 06:57:22,663 [Thread-255] INFO  impl.RoleInfo (RoleInfo.java:shutdownFollowerState(121)) - d70a231e-a310-420f-b479-fee7bb9573e2: shutdown FollowerState
2019-09-25 06:57:22,663 [Thread-255] INFO  impl.RaftServerImpl (RaftServerImpl.java:setRole(174)) - d70a231e-a310-420f-b479-fee7bb9573e2@group-C33AFB0A72D2: changes role from  FOLLOWER to CANDIDATE at term 0 for changeToCandidate
2019-09-25 06:57:22,664 [Thread-255] INFO  impl.RoleInfo (RoleInfo.java:updateAndGet(143)) - d70a231e-a310-420f-b479-fee7bb9573e2: start LeaderElection
2019-09-25 06:57:22,693 [Thread-258] INFO  impl.FollowerState (FollowerState.java:run(106)) - 4ea58b4a-8782-4322-ab8b-25eaf0c432e3:group-D86CA2DFE5D3 changes to CANDIDATE, lastRpcTime:5122, electionTimeout:5122ms
2019-09-25 06:57:22,693 [Thread-258] INFO  impl.RoleInfo (RoleInfo.java:shutdownFollowerState(121)) - 4ea58b4a-8782-4322-ab8b-25eaf0c432e3: shutdown FollowerState
2019-09-25 06:57:22,693 [Thread-258] INFO  impl.RaftServerImpl (RaftServerImpl.java:setRole(174)) - 4ea58b4a-8782-4322-ab8b-25eaf0c432e3@group-D86CA2DFE5D3: changes role from  FOLLOWER to CANDIDATE at term 0 for changeToCandidate
2019-09-25 06:57:22,693 [Thread-258] INFO  impl.RoleInfo (RoleInfo.java:updateAndGet(143)) - 4ea58b4a-8782-4322-ab8b-25eaf0c432e3: start LeaderElection
2019-09-25 06:57:22,748 [d70a231e-a310-420f-b479-fee7bb9573e2@group-D31E6B909F38-SegmentedRaftLogWorker] INFO  segmented.SegmentedRaftLogWorker (SegmentedRaftLogWorker.java:execute(569)) - d70a231e-a310-420f-b479-fee7bb9573e2@group-D31E6B909F38-SegmentedRaftLogWorker: created new log segment /workdir/hadoop-ozone/tools/target/test-dir/MiniOzoneClusterImpl-9e6d1b68-582c-4998-83b3-e2f12469c286/datanode-0/data/ratis/7394ecec-9e28-4912-88a8-d31e6b909f38/current/log_inprogress_0
2019-09-25 06:57:22,748 [d70a231e-a310-420f-b479-fee7bb9573e2@group-4A8627ABC940:LeaderElection15] INFO  impl.LeaderElection (LeaderElection.java:askForVotes(182)) - d70a231e-a310-420f-b479-fee7bb9573e2@group-4A8627ABC940:LeaderElection15: begin an election at term 1 for -1: [d70a231e-a310-420f-b479-fee7bb9573e2:192.168.164.207:35089], old=null
2019-09-25 06:57:22,748 [d70a231e-a310-420f-b479-fee7bb9573e2@group-C33AFB0A72D2:LeaderElection16] INFO  impl.LeaderElection (LeaderElection.java:askForVotes(182)) - d70a231e-a310-420f-b479-fee7bb9573e2@group-C33AFB0A72D2:LeaderElection16: begin an election at term 1 for -1: [d70a231e-a310-420f-b479-fee7bb9573e2:192.168.164.207:35089], old=null
2019-09-25 06:57:22,748 [4ea58b4a-8782-4322-ab8b-25eaf0c432e3@group-D86CA2DFE5D3:LeaderElection17] INFO  impl.LeaderElection (LeaderElection.java:askForVotes(182)) - 4ea58b4a-8782-4322-ab8b-25eaf0c432e3@group-D86CA2DFE5D3:LeaderElection17: begin an election at term 1 for -1: [4ea58b4a-8782-4322-ab8b-25eaf0c432e3:192.168.164.207:42115], old=null
2019-09-25 06:57:22,748 [d70a231e-a310-420f-b479-fee7bb9573e2@group-C33AFB0A72D2:LeaderElection16] INFO  impl.RoleInfo (RoleInfo.java:shutdownLeaderElection(134)) - d70a231e-a310-420f-b479-fee7bb9573e2: shutdown LeaderElection
2019-09-25 06:57:22,748 [d70a231e-a310-420f-b479-fee7bb9573e2@group-4A8627ABC940:LeaderElection15] INFO  impl.RoleInfo (RoleInfo.java:shutdownLeaderElection(134)) - d70a231e-a310-420f-b479-fee7bb9573e2: shutdown LeaderElection
2019-09-25 06:57:22,749 [d70a231e-a310-420f-b479-fee7bb9573e2@group-C33AFB0A72D2:LeaderElection16] INFO  impl.RaftServerImpl (RaftServerImpl.java:setRole(174)) - d70a231e-a310-420f-b479-fee7bb9573e2@group-C33AFB0A72D2: changes role from CANDIDATE to LEADER at term 1 for changeToLeader
2019-09-25 06:57:22,748 [4ea58b4a-8782-4322-ab8b-25eaf0c432e3@group-D86CA2DFE5D3:LeaderElection17] INFO  impl.RoleInfo (RoleInfo.java:shutdownLeaderElection(134)) - 4ea58b4a-8782-4322-ab8b-25eaf0c432e3: shutdown LeaderElection
2019-09-25 06:57:22,749 [d70a231e-a310-420f-b479-fee7bb9573e2@group-C33AFB0A72D2:LeaderElection16] INFO  impl.RaftServerImpl (ServerState.java:setLeader(253)) - d70a231e-a310-420f-b479-fee7bb9573e2@group-C33AFB0A72D2: change Leader from null to d70a231e-a310-420f-b479-fee7bb9573e2 at term 1 for becomeLeader, leader elected after 5241ms
2019-09-25 06:57:22,749 [d70a231e-a310-420f-b479-fee7bb9573e2@group-4A8627ABC940:LeaderElection15] INFO  impl.RaftServerImpl (RaftServerImpl.java:setRole(174)) - d70a231e-a310-420f-b479-fee7bb9573e2@group-4A8627ABC940: changes role from CANDIDATE to LEADER at term 1 for changeToLeader
2019-09-25 06:57:22,749 [d70a231e-a310-420f-b479-fee7bb9573e2@group-C33AFB0A72D2:LeaderElection16] INFO  server.RaftServerConfigKeys (ConfUtils.java:logGet(43)) - raft.server.staging.catchup.gap = 1000 (default)
2019-09-25 06:57:22,749 [4ea58b4a-8782-4322-ab8b-25eaf0c432e3@group-D86CA2DFE5D3:LeaderElection17] INFO  impl.RaftServerImpl (RaftServerImpl.java:setRole(174)) - 4ea58b4a-8782-4322-ab8b-25eaf0c432e3@group-D86CA2DFE5D3: changes role from CANDIDATE to LEADER at term 1 for changeToLeader
2019-09-25 06:57:22,749 [d70a231e-a310-420f-b479-fee7bb9573e2@group-C33AFB0A72D2:LeaderElection16] INFO  server.RaftServerConfigKeys (ConfUtils.java:logGet(43)) - raft.server.rpc.sleep.time = 25ms (default)
2019-09-25 06:57:22,749 [d70a231e-a310-420f-b479-fee7bb9573e2@group-4A8627ABC940:LeaderElection15] INFO  impl.RaftServerImpl (ServerState.java:setLeader(253)) - d70a231e-a310-420f-b479-fee7bb9573e2@group-4A8627ABC940: change Leader from null to d70a231e-a310-420f-b479-fee7bb9573e2 at term 1 for becomeLeader, leader elected after 5301ms
2019-09-25 06:57:22,750 [d70a231e-a310-420f-b479-fee7bb9573e2@group-C33AFB0A72D2:LeaderElection16] INFO  server.RaftServerConfigKeys (ConfUtils.java:logGet(43)) - raft.server.write.element-limit = 4096 (default)
2019-09-25 06:57:22,749 [4ea58b4a-8782-4322-ab8b-25eaf0c432e3@group-D86CA2DFE5D3:LeaderElection17] INFO  impl.RaftServerImpl (ServerState.java:setLeader(253)) - 4ea58b4a-8782-4322-ab8b-25eaf0c432e3@group-D86CA2DFE5D3: change Leader from null to 4ea58b4a-8782-4322-ab8b-25eaf0c432e3 at term 1 for becomeLeader, leader elected after 5192ms
2019-09-25 06:57:22,750 [d70a231e-a310-420f-b479-fee7bb9573e2@group-C33AFB0A72D2:LeaderElection16] INFO  server.RaftServerConfigKeys (ConfUtils.java:logGet(43)) - raft.server.watch.timeout = 10s (default)
2019-09-25 06:57:22,750 [d70a231e-a310-420f-b479-fee7bb9573e2@group-4A8627ABC940:LeaderElection15] INFO  server.RaftServerConfigKeys (ConfUtils.java:logGet(43)) - raft.server.staging.catchup.gap = 1000 (default)
2019-09-25 06:57:22,752 [d70a231e-a310-420f-b479-fee7bb9573e2@group-C33AFB0A72D2:LeaderElection16] INFO  server.RaftServerConfigKeys (ConfUtils.java:logGet(43)) - raft.server.watch.timeout.denomination = 1s (default)
2019-09-25 06:57:22,752 [Thread-264] INFO  impl.FollowerState (FollowerState.java:run(106)) - 2b17dc15-c51a-4943-889a-93383535507c:group-746AB2CB043A changes to CANDIDATE, lastRpcTime:5063, electionTimeout:5063ms
2019-09-25 06:57:22,752 [4ea58b4a-8782-4322-ab8b-25eaf0c432e3@group-D86CA2DFE5D3:LeaderElection17] INFO  server.RaftServerConfigKeys (ConfUtils.java:logGet(43)) - raft.server.staging.catchup.gap = 1000 (default)
2019-09-25 06:57:22,753 [Thread-264] INFO  impl.RoleInfo (RoleInfo.java:shutdownFollowerState(121)) - 2b17dc15-c51a-4943-889a-93383535507c: shutdown FollowerState
2019-09-25 06:57:22,752 [d70a231e-a310-420f-b479-fee7bb9573e2@group-C33AFB0A72D2:LeaderElection16] INFO  server.RaftServerConfigKeys (ConfUtils.java:logGet(43)) - raft.server.watch.element-limit = 65536 (default)
2019-09-25 06:57:22,752 [d70a231e-a310-420f-b479-fee7bb9573e2@group-4A8627ABC940:LeaderElection15] INFO  server.RaftServerConfigKeys (ConfUtils.java:logGet(43)) - raft.server.rpc.sleep.time = 25ms (default)
2019-09-25 06:57:22,753 [Thread-264] INFO  impl.RaftServerImpl (RaftServerImpl.java:setRole(174)) - 2b17dc15-c51a-4943-889a-93383535507c@group-746AB2CB043A: changes role from  FOLLOWER to CANDIDATE at term 0 for changeToCandidate
2019-09-25 06:57:22,753 [d70a231e-a310-420f-b479-fee7bb9573e2@group-4A8627ABC940:LeaderElection15] INFO  server.RaftServerConfigKeys (ConfUtils.java:logGet(43)) - raft.server.write.element-limit = 4096 (default)
2019-09-25 06:57:22,753 [4ea58b4a-8782-4322-ab8b-25eaf0c432e3@group-D86CA2DFE5D3:LeaderElection17] INFO  server.RaftServerConfigKeys (ConfUtils.java:logGet(43)) - raft.server.rpc.sleep.time = 25ms (default)
2019-09-25 06:57:22,753 [d70a231e-a310-420f-b479-fee7bb9573e2@group-4A8627ABC940:LeaderElection15] INFO  server.RaftServerConfigKeys (ConfUtils.java:logGet(43)) - raft.server.watch.timeout = 10s (default)
2019-09-25 06:57:22,753 [Thread-264] INFO  impl.RoleInfo (RoleInfo.java:updateAndGet(143)) - 2b17dc15-c51a-4943-889a-93383535507c: start LeaderElection
2019-09-25 06:57:22,754 [d70a231e-a310-420f-b479-fee7bb9573e2@group-4A8627ABC940:LeaderElection15] INFO  server.RaftServerConfigKeys (ConfUtils.java:logGet(43)) - raft.server.watch.timeout.denomination = 1s (default)
2019-09-25 06:57:22,753 [4ea58b4a-8782-4322-ab8b-25eaf0c432e3@group-D86CA2DFE5D3:LeaderElection17] INFO  server.RaftServerConfigKeys (ConfUtils.java:logGet(43)) - raft.server.write.element-limit = 4096 (default)
2019-09-25 06:57:22,754 [d70a231e-a310-420f-b479-fee7bb9573e2@group-4A8627ABC940:LeaderElection15] INFO  server.RaftServerConfigKeys (ConfUtils.java:logGet(43)) - raft.server.watch.element-limit = 65536 (default)
2019-09-25 06:57:22,754 [4ea58b4a-8782-4322-ab8b-25eaf0c432e3@group-D86CA2DFE5D3:LeaderElection17] INFO  server.RaftServerConfigKeys (ConfUtils.java:logGet(43)) - raft.server.watch.timeout = 10s (default)
2019-09-25 06:57:22,758 [4ea58b4a-8782-4322-ab8b-25eaf0c432e3@group-D86CA2DFE5D3:LeaderElection17] INFO  server.RaftServerConfigKeys (ConfUtils.java:logGet(43)) - raft.server.watch.timeout.denomination = 1s (default)
2019-09-25 06:57:22,758 [4ea58b4a-8782-4322-ab8b-25eaf0c432e3@group-D86CA2DFE5D3:LeaderElection17] INFO  server.RaftServerConfigKeys (ConfUtils.java:logGet(43)) - raft.server.watch.element-limit = 65536 (default)
2019-09-25 06:57:22,759 [d70a231e-a310-420f-b479-fee7bb9573e2@group-C33AFB0A72D2:LeaderElection16] INFO  impl.RoleInfo (RoleInfo.java:updateAndGet(143)) - d70a231e-a310-420f-b479-fee7bb9573e2: start LeaderState
2019-09-25 06:57:22,759 [d70a231e-a310-420f-b479-fee7bb9573e2@group-C33AFB0A72D2:LeaderElection16] INFO  segmented.SegmentedRaftLogWorker (SegmentedRaftLogWorker.java:startLogSegment(380)) - d70a231e-a310-420f-b479-fee7bb9573e2@group-C33AFB0A72D2-SegmentedRaftLogWorker: Starting segment from index:0
2019-09-25 06:57:22,759 [d70a231e-a310-420f-b479-fee7bb9573e2@group-C33AFB0A72D2:LeaderElection16] INFO  impl.RaftServerImpl (ServerState.java:setRaftConf(354)) - d70a231e-a310-420f-b479-fee7bb9573e2@group-C33AFB0A72D2: set configuration 0: [d70a231e-a310-420f-b479-fee7bb9573e2:192.168.164.207:35089], old=null at 0
2019-09-25 06:57:22,790 [d70a231e-a310-420f-b479-fee7bb9573e2@group-4A8627ABC940:LeaderElection15] INFO  impl.RoleInfo (RoleInfo.java:updateAndGet(143)) - d70a231e-a310-420f-b479-fee7bb9573e2: start LeaderState
2019-09-25 06:57:22,790 [4ea58b4a-8782-4322-ab8b-25eaf0c432e3@group-D86CA2DFE5D3:LeaderElection17] INFO  impl.RoleInfo (RoleInfo.java:updateAndGet(143)) - 4ea58b4a-8782-4322-ab8b-25eaf0c432e3: start LeaderState
2019-09-25 06:57:22,790 [4ea58b4a-8782-4322-ab8b-25eaf0c432e3@group-D86CA2DFE5D3:LeaderElection17] INFO  segmented.SegmentedRaftLogWorker (SegmentedRaftLogWorker.java:startLogSegment(380)) - 4ea58b4a-8782-4322-ab8b-25eaf0c432e3@group-D86CA2DFE5D3-SegmentedRaftLogWorker: Starting segment from index:0
2019-09-25 06:57:22,790 [d70a231e-a310-420f-b479-fee7bb9573e2@group-4A8627ABC940:LeaderElection15] INFO  segmented.SegmentedRaftLogWorker (SegmentedRaftLogWorker.java:startLogSegment(380)) - d70a231e-a310-420f-b479-fee7bb9573e2@group-4A8627ABC940-SegmentedRaftLogWorker: Starting segment from index:0
2019-09-25 06:57:22,791 [4ea58b4a-8782-4322-ab8b-25eaf0c432e3@group-D86CA2DFE5D3:LeaderElection17] INFO  impl.RaftServerImpl (ServerState.java:setRaftConf(354)) - 4ea58b4a-8782-4322-ab8b-25eaf0c432e3@group-D86CA2DFE5D3: set configuration 0: [4ea58b4a-8782-4322-ab8b-25eaf0c432e3:192.168.164.207:42115], old=null at 0
2019-09-25 06:57:22,815 [Thread-261] INFO  impl.FollowerState (FollowerState.java:run(106)) - 4ea58b4a-8782-4322-ab8b-25eaf0c432e3:group-CD09D5946EF7 changes to CANDIDATE, lastRpcTime:5184, electionTimeout:5177ms
2019-09-25 06:57:22,815 [Thread-267] INFO  impl.FollowerState (FollowerState.java:run(106)) - d70a231e-a310-420f-b479-fee7bb9573e2:group-1CB49CB62688 changes to CANDIDATE, lastRpcTime:5061, electionTimeout:5042ms
2019-09-25 06:57:22,815 [Thread-261] INFO  impl.RoleInfo (RoleInfo.java:shutdownFollowerState(121)) - 4ea58b4a-8782-4322-ab8b-25eaf0c432e3: shutdown FollowerState
2019-09-25 06:57:22,815 [Thread-267] INFO  impl.RoleInfo (RoleInfo.java:shutdownFollowerState(121)) - d70a231e-a310-420f-b479-fee7bb9573e2: shutdown FollowerState
2019-09-25 06:57:22,815 [d70a231e-a310-420f-b479-fee7bb9573e2@group-4A8627ABC940:LeaderElection15] INFO  impl.RaftServerImpl (ServerState.java:setRaftConf(354)) - d70a231e-a310-420f-b479-fee7bb9573e2@group-4A8627ABC940: set configuration 0: [d70a231e-a310-420f-b479-fee7bb9573e2:192.168.164.207:35089], old=null at 0
2019-09-25 06:57:22,816 [Thread-267] INFO  impl.RaftServerImpl (RaftServerImpl.java:setRole(174)) - d70a231e-a310-420f-b479-fee7bb9573e2@group-1CB49CB62688: changes role from  FOLLOWER to CANDIDATE at term 0 for changeToCandidate
2019-09-25 06:57:22,815 [Thread-261] INFO  impl.RaftServerImpl (RaftServerImpl.java:setRole(174)) - 4ea58b4a-8782-4322-ab8b-25eaf0c432e3@group-CD09D5946EF7: changes role from  FOLLOWER to CANDIDATE at term 0 for changeToCandidate
2019-09-25 06:57:22,844 [Thread-267] INFO  impl.RoleInfo (RoleInfo.java:updateAndGet(143)) - d70a231e-a310-420f-b479-fee7bb9573e2: start LeaderElection
2019-09-25 06:57:22,844 [2b17dc15-c51a-4943-889a-93383535507c@group-746AB2CB043A:LeaderElection18] INFO  impl.LeaderElection (LeaderElection.java:askForVotes(182)) - 2b17dc15-c51a-4943-889a-93383535507c@group-746AB2CB043A:LeaderElection18: begin an election at term 1 for -1: [2b17dc15-c51a-4943-889a-93383535507c:192.168.164.207:35671], old=null
2019-09-25 06:57:22,844 [4ea58b4a-8782-4322-ab8b-25eaf0c432e3@group-D86CA2DFE5D3-SegmentedRaftLogWorker] INFO  segmented.SegmentedRaftLogWorker (SegmentedRaftLogWorker.java:execute(569)) - 4ea58b4a-8782-4322-ab8b-25eaf0c432e3@group-D86CA2DFE5D3-SegmentedRaftLogWorker: created new log segment /workdir/hadoop-ozone/tools/target/test-dir/MiniOzoneClusterImpl-9e6d1b68-582c-4998-83b3-e2f12469c286/datanode-1/data/ratis/ca3058c4-e5b9-4c36-9a45-d86ca2dfe5d3/current/log_inprogress_0
2019-09-25 06:57:22,844 [d70a231e-a310-420f-b479-fee7bb9573e2@group-C33AFB0A72D2-SegmentedRaftLogWorker] INFO  segmented.SegmentedRaftLogWorker (SegmentedRaftLogWorker.java:execute(569)) - d70a231e-a310-420f-b479-fee7bb9573e2@group-C33AFB0A72D2-SegmentedRaftLogWorker: created new log segment /workdir/hadoop-ozone/tools/target/test-dir/MiniOzoneClusterImpl-9e6d1b68-582c-4998-83b3-e2f12469c286/datanode-0/data/ratis/0474e025-5339-443a-be7e-c33afb0a72d2/current/log_inprogress_0
2019-09-25 06:57:22,844 [2b17dc15-c51a-4943-889a-93383535507c@group-746AB2CB043A:LeaderElection18] INFO  impl.RoleInfo (RoleInfo.java:shutdownLeaderElection(134)) - 2b17dc15-c51a-4943-889a-93383535507c: shutdown LeaderElection
2019-09-25 06:57:22,844 [Thread-261] INFO  impl.RoleInfo (RoleInfo.java:updateAndGet(143)) - 4ea58b4a-8782-4322-ab8b-25eaf0c432e3: start LeaderElection
2019-09-25 06:57:22,848 [2b17dc15-c51a-4943-889a-93383535507c@group-746AB2CB043A:LeaderElection18] INFO  impl.RaftServerImpl (RaftServerImpl.java:setRole(174)) - 2b17dc15-c51a-4943-889a-93383535507c@group-746AB2CB043A: changes role from CANDIDATE to LEADER at term 1 for changeToLeader
2019-09-25 06:57:22,848 [2b17dc15-c51a-4943-889a-93383535507c@group-746AB2CB043A:LeaderElection18] INFO  impl.RaftServerImpl (ServerState.java:setLeader(253)) - 2b17dc15-c51a-4943-889a-93383535507c@group-746AB2CB043A: change Leader from null to 2b17dc15-c51a-4943-889a-93383535507c at term 1 for becomeLeader, leader elected after 5167ms
2019-09-25 06:57:22,853 [2b17dc15-c51a-4943-889a-93383535507c@group-746AB2CB043A:LeaderElection18] INFO  server.RaftServerConfigKeys (ConfUtils.java:logGet(43)) - raft.server.staging.catchup.gap = 1000 (default)
2019-09-25 06:57:22,859 [d70a231e-a310-420f-b479-fee7bb9573e2@group-4A8627ABC940-SegmentedRaftLogWorker] INFO  segmented.SegmentedRaftLogWorker (SegmentedRaftLogWorker.java:execute(569)) - d70a231e-a310-420f-b479-fee7bb9573e2@group-4A8627ABC940-SegmentedRaftLogWorker: created new log segment /workdir/hadoop-ozone/tools/target/test-dir/MiniOzoneClusterImpl-9e6d1b68-582c-4998-83b3-e2f12469c286/datanode-0/data/ratis/85e50303-222f-4191-891c-4a8627abc940/current/log_inprogress_0
2019-09-25 06:57:22,859 [d70a231e-a310-420f-b479-fee7bb9573e2@group-1CB49CB62688:LeaderElection19] INFO  impl.LeaderElection (LeaderElection.java:askForVotes(182)) - d70a231e-a310-420f-b479-fee7bb9573e2@group-1CB49CB62688:LeaderElection19: begin an election at term 1 for -1: [d70a231e-a310-420f-b479-fee7bb9573e2:192.168.164.207:35089], old=null
2019-09-25 06:57:22,859 [2b17dc15-c51a-4943-889a-93383535507c@group-746AB2CB043A:LeaderElection18] INFO  server.RaftServerConfigKeys (ConfUtils.java:logGet(43)) - raft.server.rpc.sleep.time = 25ms (default)
2019-09-25 06:57:22,859 [d70a231e-a310-420f-b479-fee7bb9573e2@group-1CB49CB62688:LeaderElection19] INFO  impl.RoleInfo (RoleInfo.java:shutdownLeaderElection(134)) - d70a231e-a310-420f-b479-fee7bb9573e2: shutdown LeaderElection
2019-09-25 06:57:22,859 [2b17dc15-c51a-4943-889a-93383535507c@group-746AB2CB043A:LeaderElection18] INFO  server.RaftServerConfigKeys (ConfUtils.java:logGet(43)) - raft.server.write.element-limit = 4096 (default)
2019-09-25 06:57:22,859 [d70a231e-a310-420f-b479-fee7bb9573e2@group-1CB49CB62688:LeaderElection19] INFO  impl.RaftServerImpl (RaftServerImpl.java:setRole(174)) - d70a231e-a310-420f-b479-fee7bb9573e2@group-1CB49CB62688: changes role from CANDIDATE to LEADER at term 1 for changeToLeader
2019-09-25 06:57:22,859 [2b17dc15-c51a-4943-889a-93383535507c@group-746AB2CB043A:LeaderElection18] INFO  server.RaftServerConfigKeys (ConfUtils.java:logGet(43)) - raft.server.watch.timeout = 10s (default)
2019-09-25 06:57:22,859 [d70a231e-a310-420f-b479-fee7bb9573e2@group-1CB49CB62688:LeaderElection19] INFO  impl.RaftServerImpl (ServerState.java:setLeader(253)) - d70a231e-a310-420f-b479-fee7bb9573e2@group-1CB49CB62688: change Leader from null to d70a231e-a310-420f-b479-fee7bb9573e2 at term 1 for becomeLeader, leader elected after 5112ms
2019-09-25 06:57:22,860 [2b17dc15-c51a-4943-889a-93383535507c@group-746AB2CB043A:LeaderElection18] INFO  server.RaftServerConfigKeys (ConfUtils.java:logGet(43)) - raft.server.watch.timeout.denomination = 1s (default)
2019-09-25 06:57:22,860 [d70a231e-a310-420f-b479-fee7bb9573e2@group-1CB49CB62688:LeaderElection19] INFO  server.RaftServerConfigKeys (ConfUtils.java:logGet(43)) - raft.server.staging.catchup.gap = 1000 (default)
2019-09-25 06:57:22,860 [2b17dc15-c51a-4943-889a-93383535507c@group-746AB2CB043A:LeaderElection18] INFO  server.RaftServerConfigKeys (ConfUtils.java:logGet(43)) - raft.server.watch.element-limit = 65536 (default)
2019-09-25 06:57:22,860 [d70a231e-a310-420f-b479-fee7bb9573e2@group-1CB49CB62688:LeaderElection19] INFO  server.RaftServerConfigKeys (ConfUtils.java:logGet(43)) - raft.server.rpc.sleep.time = 25ms (default)
2019-09-25 06:57:22,860 [d70a231e-a310-420f-b479-fee7bb9573e2@group-1CB49CB62688:LeaderElection19] INFO  server.RaftServerConfigKeys (ConfUtils.java:logGet(43)) - raft.server.write.element-limit = 4096 (default)
2019-09-25 06:57:22,860 [d70a231e-a310-420f-b479-fee7bb9573e2@group-1CB49CB62688:LeaderElection19] INFO  server.RaftServerConfigKeys (ConfUtils.java:logGet(43)) - raft.server.watch.timeout = 10s (default)
2019-09-25 06:57:22,860 [d70a231e-a310-420f-b479-fee7bb9573e2@group-1CB49CB62688:LeaderElection19] INFO  server.RaftServerConfigKeys (ConfUtils.java:logGet(43)) - raft.server.watch.timeout.denomination = 1s (default)
2019-09-25 06:57:22,860 [d70a231e-a310-420f-b479-fee7bb9573e2@group-1CB49CB62688:LeaderElection19] INFO  server.RaftServerConfigKeys (ConfUtils.java:logGet(43)) - raft.server.watch.element-limit = 65536 (default)
2019-09-25 06:57:22,862 [2b17dc15-c51a-4943-889a-93383535507c@group-746AB2CB043A:LeaderElection18] INFO  impl.RoleInfo (RoleInfo.java:updateAndGet(143)) - 2b17dc15-c51a-4943-889a-93383535507c: start LeaderState
2019-09-25 06:57:22,863 [d70a231e-a310-420f-b479-fee7bb9573e2@group-1CB49CB62688:LeaderElection19] INFO  impl.RoleInfo (RoleInfo.java:updateAndGet(143)) - d70a231e-a310-420f-b479-fee7bb9573e2: start LeaderState
2019-09-25 06:57:22,863 [2b17dc15-c51a-4943-889a-93383535507c@group-746AB2CB043A:LeaderElection18] INFO  segmented.SegmentedRaftLogWorker (SegmentedRaftLogWorker.java:startLogSegment(380)) - 2b17dc15-c51a-4943-889a-93383535507c@group-746AB2CB043A-SegmentedRaftLogWorker: Starting segment from index:0
2019-09-25 06:57:22,863 [d70a231e-a310-420f-b479-fee7bb9573e2@group-1CB49CB62688:LeaderElection19] INFO  segmented.SegmentedRaftLogWorker (SegmentedRaftLogWorker.java:startLogSegment(380)) - d70a231e-a310-420f-b479-fee7bb9573e2@group-1CB49CB62688-SegmentedRaftLogWorker: Starting segment from index:0
2019-09-25 06:57:22,863 [2b17dc15-c51a-4943-889a-93383535507c@group-746AB2CB043A:LeaderElection18] INFO  impl.RaftServerImpl (ServerState.java:setRaftConf(354)) - 2b17dc15-c51a-4943-889a-93383535507c@group-746AB2CB043A: set configuration 0: [2b17dc15-c51a-4943-889a-93383535507c:192.168.164.207:35671], old=null at 0
2019-09-25 06:57:22,893 [4ea58b4a-8782-4322-ab8b-25eaf0c432e3@group-CD09D5946EF7:LeaderElection20] INFO  impl.LeaderElection (LeaderElection.java:askForVotes(182)) - 4ea58b4a-8782-4322-ab8b-25eaf0c432e3@group-CD09D5946EF7:LeaderElection20: begin an election at term 1 for -1: [4ea58b4a-8782-4322-ab8b-25eaf0c432e3:192.168.164.207:42115], old=null
2019-09-25 06:57:22,893 [4ea58b4a-8782-4322-ab8b-25eaf0c432e3@group-CD09D5946EF7:LeaderElection20] INFO  impl.RoleInfo (RoleInfo.java:shutdownLeaderElection(134)) - 4ea58b4a-8782-4322-ab8b-25eaf0c432e3: shutdown LeaderElection
2019-09-25 06:57:22,894 [d70a231e-a310-420f-b479-fee7bb9573e2@group-1CB49CB62688:LeaderElection19] INFO  impl.RaftServerImpl (ServerState.java:setRaftConf(354)) - d70a231e-a310-420f-b479-fee7bb9573e2@group-1CB49CB62688: set configuration 0: [d70a231e-a310-420f-b479-fee7bb9573e2:192.168.164.207:35089], old=null at 0
2019-09-25 06:57:22,894 [4ea58b4a-8782-4322-ab8b-25eaf0c432e3@group-CD09D5946EF7:LeaderElection20] INFO  impl.RaftServerImpl (RaftServerImpl.java:setRole(174)) - 4ea58b4a-8782-4322-ab8b-25eaf0c432e3@group-CD09D5946EF7: changes role from CANDIDATE to LEADER at term 1 for changeToLeader
2019-09-25 06:57:22,921 [Thread-270] INFO  impl.FollowerState (FollowerState.java:run(106)) - 4ea58b4a-8782-4322-ab8b-25eaf0c432e3:group-840DD9CD642A changes to CANDIDATE, lastRpcTime:5107, electionTimeout:5080ms
2019-09-25 06:57:22,921 [2b17dc15-c51a-4943-889a-93383535507c@group-746AB2CB043A-SegmentedRaftLogWorker] INFO  segmented.SegmentedRaftLogWorker (SegmentedRaftLogWorker.java:execute(569)) - 2b17dc15-c51a-4943-889a-93383535507c@group-746AB2CB043A-SegmentedRaftLogWorker: created new log segment /workdir/hadoop-ozone/tools/target/test-dir/MiniOzoneClusterImpl-9e6d1b68-582c-4998-83b3-e2f12469c286/datanode-2/data/ratis/bbbc03c9-7091-48c1-8325-746ab2cb043a/current/log_inprogress_0
2019-09-25 06:57:22,921 [4ea58b4a-8782-4322-ab8b-25eaf0c432e3@group-CD09D5946EF7:LeaderElection20] INFO  impl.RaftServerImpl (ServerState.java:setLeader(253)) - 4ea58b4a-8782-4322-ab8b-25eaf0c432e3@group-CD09D5946EF7: change Leader from null to 4ea58b4a-8782-4322-ab8b-25eaf0c432e3 at term 1 for becomeLeader, leader elected after 5297ms
2019-09-25 06:57:22,922 [Thread-270] INFO  impl.RoleInfo (RoleInfo.java:shutdownFollowerState(121)) - 4ea58b4a-8782-4322-ab8b-25eaf0c432e3: shutdown FollowerState
2019-09-25 06:57:22,922 [4ea58b4a-8782-4322-ab8b-25eaf0c432e3@group-CD09D5946EF7:LeaderElection20] INFO  server.RaftServerConfigKeys (ConfUtils.java:logGet(43)) - raft.server.staging.catchup.gap = 1000 (default)
2019-09-25 06:57:22,922 [Thread-270] INFO  impl.RaftServerImpl (RaftServerImpl.java:setRole(174)) - 4ea58b4a-8782-4322-ab8b-25eaf0c432e3@group-840DD9CD642A: changes role from  FOLLOWER to CANDIDATE at term 0 for changeToCandidate
2019-09-25 06:57:22,922 [4ea58b4a-8782-4322-ab8b-25eaf0c432e3@group-CD09D5946EF7:LeaderElection20] INFO  server.RaftServerConfigKeys (ConfUtils.java:logGet(43)) - raft.server.rpc.sleep.time = 25ms (default)
2019-09-25 06:57:22,922 [Thread-270] INFO  impl.RoleInfo (RoleInfo.java:updateAndGet(143)) - 4ea58b4a-8782-4322-ab8b-25eaf0c432e3: start LeaderElection
2019-09-25 06:57:22,922 [4ea58b4a-8782-4322-ab8b-25eaf0c432e3@group-CD09D5946EF7:LeaderElection20] INFO  server.RaftServerConfigKeys (ConfUtils.java:logGet(43)) - raft.server.write.element-limit = 4096 (default)
2019-09-25 06:57:22,922 [4ea58b4a-8782-4322-ab8b-25eaf0c432e3@group-CD09D5946EF7:LeaderElection20] INFO  server.RaftServerConfigKeys (ConfUtils.java:logGet(43)) - raft.server.watch.timeout = 10s (default)
2019-09-25 06:57:22,923 [4ea58b4a-8782-4322-ab8b-25eaf0c432e3@group-CD09D5946EF7:LeaderElection20] INFO  server.RaftServerConfigKeys (ConfUtils.java:logGet(43)) - raft.server.watch.timeout.denomination = 1s (default)
2019-09-25 06:57:22,924 [d70a231e-a310-420f-b479-fee7bb9573e2@group-1CB49CB62688-SegmentedRaftLogWorker] INFO  segmented.SegmentedRaftLogWorker (SegmentedRaftLogWorker.java:execute(569)) - d70a231e-a310-420f-b479-fee7bb9573e2@group-1CB49CB62688-SegmentedRaftLogWorker: created new log segment /workdir/hadoop-ozone/tools/target/test-dir/MiniOzoneClusterImpl-9e6d1b68-582c-4998-83b3-e2f12469c286/datanode-0/data/ratis/0257b720-ac9d-47ba-8dc7-1cb49cb62688/current/log_inprogress_0
2019-09-25 06:57:22,924 [4ea58b4a-8782-4322-ab8b-25eaf0c432e3@group-CD09D5946EF7:LeaderElection20] INFO  server.RaftServerConfigKeys (ConfUtils.java:logGet(43)) - raft.server.watch.element-limit = 65536 (default)
2019-09-25 06:57:22,927 [4ea58b4a-8782-4322-ab8b-25eaf0c432e3@group-CD09D5946EF7:LeaderElection20] INFO  impl.RoleInfo (RoleInfo.java:updateAndGet(143)) - 4ea58b4a-8782-4322-ab8b-25eaf0c432e3: start LeaderState
2019-09-25 06:57:22,927 [4ea58b4a-8782-4322-ab8b-25eaf0c432e3@group-CD09D5946EF7:LeaderElection20] INFO  segmented.SegmentedRaftLogWorker (SegmentedRaftLogWorker.java:startLogSegment(380)) - 4ea58b4a-8782-4322-ab8b-25eaf0c432e3@group-CD09D5946EF7-SegmentedRaftLogWorker: Starting segment from index:0
2019-09-25 06:57:22,927 [4ea58b4a-8782-4322-ab8b-25eaf0c432e3@group-CD09D5946EF7:LeaderElection20] INFO  impl.RaftServerImpl (ServerState.java:setRaftConf(354)) - 4ea58b4a-8782-4322-ab8b-25eaf0c432e3@group-CD09D5946EF7: set configuration 0: [4ea58b4a-8782-4322-ab8b-25eaf0c432e3:192.168.164.207:42115], old=null at 0
2019-09-25 06:57:22,963 [4ea58b4a-8782-4322-ab8b-25eaf0c432e3@group-840DD9CD642A:LeaderElection21] INFO  impl.LeaderElection (LeaderElection.java:askForVotes(182)) - 4ea58b4a-8782-4322-ab8b-25eaf0c432e3@group-840DD9CD642A:LeaderElection21: begin an election at term 1 for -1: [4ea58b4a-8782-4322-ab8b-25eaf0c432e3:192.168.164.207:42115], old=null
2019-09-25 06:57:22,963 [Thread-274] INFO  impl.FollowerState (FollowerState.java:run(106)) - d70a231e-a310-420f-b479-fee7bb9573e2:group-249963C6734C changes to CANDIDATE, lastRpcTime:5074, electionTimeout:5042ms
2019-09-25 06:57:22,969 [4ea58b4a-8782-4322-ab8b-25eaf0c432e3@group-840DD9CD642A:LeaderElection21] INFO  impl.RoleInfo (RoleInfo.java:shutdownLeaderElection(134)) - 4ea58b4a-8782-4322-ab8b-25eaf0c432e3: shutdown LeaderElection
2019-09-25 06:57:22,969 [4ea58b4a-8782-4322-ab8b-25eaf0c432e3@group-CD09D5946EF7-SegmentedRaftLogWorker] INFO  segmented.SegmentedRaftLogWorker (SegmentedRaftLogWorker.java:execute(569)) - 4ea58b4a-8782-4322-ab8b-25eaf0c432e3@group-CD09D5946EF7-SegmentedRaftLogWorker: created new log segment /workdir/hadoop-ozone/tools/target/test-dir/MiniOzoneClusterImpl-9e6d1b68-582c-4998-83b3-e2f12469c286/datanode-1/data/ratis/30055395-d21b-489a-9ed3-cd09d5946ef7/current/log_inprogress_0
2019-09-25 06:57:22,969 [4ea58b4a-8782-4322-ab8b-25eaf0c432e3@group-840DD9CD642A:LeaderElection21] INFO  impl.RaftServerImpl (RaftServerImpl.java:setRole(174)) - 4ea58b4a-8782-4322-ab8b-25eaf0c432e3@group-840DD9CD642A: changes role from CANDIDATE to LEADER at term 1 for changeToLeader
2019-09-25 06:57:22,969 [Thread-274] INFO  impl.RoleInfo (RoleInfo.java:shutdownFollowerState(121)) - d70a231e-a310-420f-b479-fee7bb9573e2: shutdown FollowerState
2019-09-25 06:57:22,969 [4ea58b4a-8782-4322-ab8b-25eaf0c432e3@group-840DD9CD642A:LeaderElection21] INFO  impl.RaftServerImpl (ServerState.java:setLeader(253)) - 4ea58b4a-8782-4322-ab8b-25eaf0c432e3@group-840DD9CD642A: change Leader from null to 4ea58b4a-8782-4322-ab8b-25eaf0c432e3 at term 1 for becomeLeader, leader elected after 5161ms
2019-09-25 06:57:22,970 [Thread-274] INFO  impl.RaftServerImpl (RaftServerImpl.java:setRole(174)) - d70a231e-a310-420f-b479-fee7bb9573e2@group-249963C6734C: changes role from  FOLLOWER to CANDIDATE at term 0 for changeToCandidate
2019-09-25 06:57:22,970 [4ea58b4a-8782-4322-ab8b-25eaf0c432e3@group-840DD9CD642A:LeaderElection21] INFO  server.RaftServerConfigKeys (ConfUtils.java:logGet(43)) - raft.server.staging.catchup.gap = 1000 (default)
2019-09-25 06:57:22,970 [Thread-274] INFO  impl.RoleInfo (RoleInfo.java:updateAndGet(143)) - d70a231e-a310-420f-b479-fee7bb9573e2: start LeaderElection
2019-09-25 06:57:22,970 [4ea58b4a-8782-4322-ab8b-25eaf0c432e3@group-840DD9CD642A:LeaderElection21] INFO  server.RaftServerConfigKeys (ConfUtils.java:logGet(43)) - raft.server.rpc.sleep.time = 25ms (default)
2019-09-25 06:57:22,970 [4ea58b4a-8782-4322-ab8b-25eaf0c432e3@group-840DD9CD642A:LeaderElection21] INFO  server.RaftServerConfigKeys (ConfUtils.java:logGet(43)) - raft.server.write.element-limit = 4096 (default)
2019-09-25 06:57:22,972 [4ea58b4a-8782-4322-ab8b-25eaf0c432e3@group-840DD9CD642A:LeaderElection21] INFO  server.RaftServerConfigKeys (ConfUtils.java:logGet(43)) - raft.server.watch.timeout = 10s (default)
2019-09-25 06:57:22,972 [4ea58b4a-8782-4322-ab8b-25eaf0c432e3@group-840DD9CD642A:LeaderElection21] INFO  server.RaftServerConfigKeys (ConfUtils.java:logGet(43)) - raft.server.watch.timeout.denomination = 1s (default)
2019-09-25 06:57:22,972 [4ea58b4a-8782-4322-ab8b-25eaf0c432e3@group-840DD9CD642A:LeaderElection21] INFO  server.RaftServerConfigKeys (ConfUtils.java:logGet(43)) - raft.server.watch.element-limit = 65536 (default)
2019-09-25 06:57:22,974 [4ea58b4a-8782-4322-ab8b-25eaf0c432e3@group-840DD9CD642A:LeaderElection21] INFO  impl.RoleInfo (RoleInfo.java:updateAndGet(143)) - 4ea58b4a-8782-4322-ab8b-25eaf0c432e3: start LeaderState
2019-09-25 06:57:22,975 [4ea58b4a-8782-4322-ab8b-25eaf0c432e3@group-840DD9CD642A:LeaderElection21] INFO  segmented.SegmentedRaftLogWorker (SegmentedRaftLogWorker.java:startLogSegment(380)) - 4ea58b4a-8782-4322-ab8b-25eaf0c432e3@group-840DD9CD642A-SegmentedRaftLogWorker: Starting segment from index:0
2019-09-25 06:57:22,975 [4ea58b4a-8782-4322-ab8b-25eaf0c432e3@group-840DD9CD642A:LeaderElection21] INFO  impl.RaftServerImpl (ServerState.java:setRaftConf(354)) - 4ea58b4a-8782-4322-ab8b-25eaf0c432e3@group-840DD9CD642A: set configuration 0: [4ea58b4a-8782-4322-ab8b-25eaf0c432e3:192.168.164.207:42115], old=null at 0
2019-09-25 06:57:23,005 [d70a231e-a310-420f-b479-fee7bb9573e2@group-249963C6734C:LeaderElection22] INFO  impl.LeaderElection (LeaderElection.java:askForVotes(182)) - d70a231e-a310-420f-b479-fee7bb9573e2@group-249963C6734C:LeaderElection22: begin an election at term 1 for -1: [d70a231e-a310-420f-b479-fee7bb9573e2:192.168.164.207:35089], old=null
2019-09-25 06:57:23,005 [Thread-277] INFO  impl.FollowerState (FollowerState.java:run(106)) - 4ea58b4a-8782-4322-ab8b-25eaf0c432e3:group-2ACC40219E80 changes to CANDIDATE, lastRpcTime:5066, electionTimeout:5044ms
2019-09-25 06:57:23,005 [d70a231e-a310-420f-b479-fee7bb9573e2@group-249963C6734C:LeaderElection22] INFO  impl.RoleInfo (RoleInfo.java:shutdownLeaderElection(134)) - d70a231e-a310-420f-b479-fee7bb9573e2: shutdown LeaderElection
2019-09-25 06:57:23,005 [Thread-277] INFO  impl.RoleInfo (RoleInfo.java:shutdownFollowerState(121)) - 4ea58b4a-8782-4322-ab8b-25eaf0c432e3: shutdown FollowerState
2019-09-25 06:57:23,005 [d70a231e-a310-420f-b479-fee7bb9573e2@group-249963C6734C:LeaderElection22] INFO  impl.RaftServerImpl (RaftServerImpl.java:setRole(174)) - d70a231e-a310-420f-b479-fee7bb9573e2@group-249963C6734C: changes role from CANDIDATE to LEADER at term 1 for changeToLeader
2019-09-25 06:57:23,005 [Thread-277] INFO  impl.RaftServerImpl (RaftServerImpl.java:setRole(174)) - 4ea58b4a-8782-4322-ab8b-25eaf0c432e3@group-2ACC40219E80: changes role from  FOLLOWER to CANDIDATE at term 0 for changeToCandidate
2019-09-25 06:57:23,005 [d70a231e-a310-420f-b479-fee7bb9573e2@group-249963C6734C:LeaderElection22] INFO  impl.RaftServerImpl (ServerState.java:setLeader(253)) - d70a231e-a310-420f-b479-fee7bb9573e2@group-249963C6734C: change Leader from null to d70a231e-a310-420f-b479-fee7bb9573e2 at term 1 for becomeLeader, leader elected after 5127ms
2019-09-25 06:57:23,005 [d70a231e-a310-420f-b479-fee7bb9573e2@group-249963C6734C:LeaderElection22] INFO  server.RaftServerConfigKeys (ConfUtils.java:logGet(43)) - raft.server.staging.catchup.gap = 1000 (default)
2019-09-25 06:57:23,005 [Thread-277] INFO  impl.RoleInfo (RoleInfo.java:updateAndGet(143)) - 4ea58b4a-8782-4322-ab8b-25eaf0c432e3: start LeaderElection
2019-09-25 06:57:23,006 [d70a231e-a310-420f-b479-fee7bb9573e2@group-249963C6734C:LeaderElection22] INFO  server.RaftServerConfigKeys (ConfUtils.java:logGet(43)) - raft.server.rpc.sleep.time = 25ms (default)
2019-09-25 06:57:23,006 [d70a231e-a310-420f-b479-fee7bb9573e2@group-249963C6734C:LeaderElection22] INFO  server.RaftServerConfigKeys (ConfUtils.java:logGet(43)) - raft.server.write.element-limit = 4096 (default)
2019-09-25 06:57:23,006 [d70a231e-a310-420f-b479-fee7bb9573e2@group-249963C6734C:LeaderElection22] INFO  server.RaftServerConfigKeys (ConfUtils.java:logGet(43)) - raft.server.watch.timeout = 10s (default)
2019-09-25 06:57:23,006 [d70a231e-a310-420f-b479-fee7bb9573e2@group-249963C6734C:LeaderElection22] INFO  server.RaftServerConfigKeys (ConfUtils.java:logGet(43)) - raft.server.watch.timeout.denomination = 1s (default)
2019-09-25 06:57:23,008 [d70a231e-a310-420f-b479-fee7bb9573e2@group-249963C6734C:LeaderElection22] INFO  server.RaftServerConfigKeys (ConfUtils.java:logGet(43)) - raft.server.watch.element-limit = 65536 (default)
2019-09-25 06:57:23,010 [d70a231e-a310-420f-b479-fee7bb9573e2@group-249963C6734C:LeaderElection22] INFO  impl.RoleInfo (RoleInfo.java:updateAndGet(143)) - d70a231e-a310-420f-b479-fee7bb9573e2: start LeaderState
2019-09-25 06:57:23,010 [d70a231e-a310-420f-b479-fee7bb9573e2@group-249963C6734C:LeaderElection22] INFO  segmented.SegmentedRaftLogWorker (SegmentedRaftLogWorker.java:startLogSegment(380)) - d70a231e-a310-420f-b479-fee7bb9573e2@group-249963C6734C-SegmentedRaftLogWorker: Starting segment from index:0
2019-09-25 06:57:23,011 [d70a231e-a310-420f-b479-fee7bb9573e2@group-249963C6734C:LeaderElection22] INFO  impl.RaftServerImpl (ServerState.java:setRaftConf(354)) - d70a231e-a310-420f-b479-fee7bb9573e2@group-249963C6734C: set configuration 0: [d70a231e-a310-420f-b479-fee7bb9573e2:192.168.164.207:35089], old=null at 0
2019-09-25 06:57:23,049 [4ea58b4a-8782-4322-ab8b-25eaf0c432e3@group-840DD9CD642A-SegmentedRaftLogWorker] INFO  segmented.SegmentedRaftLogWorker (SegmentedRaftLogWorker.java:execute(569)) - 4ea58b4a-8782-4322-ab8b-25eaf0c432e3@group-840DD9CD642A-SegmentedRaftLogWorker: created new log segment /workdir/hadoop-ozone/tools/target/test-dir/MiniOzoneClusterImpl-9e6d1b68-582c-4998-83b3-e2f12469c286/datanode-1/data/ratis/2441dd63-d5c9-49c5-9b71-840dd9cd642a/current/log_inprogress_0
2019-09-25 06:57:23,050 [4ea58b4a-8782-4322-ab8b-25eaf0c432e3@group-2ACC40219E80:LeaderElection23] INFO  impl.LeaderElection (LeaderElection.java:askForVotes(182)) - 4ea58b4a-8782-4322-ab8b-25eaf0c432e3@group-2ACC40219E80:LeaderElection23: begin an election at term 1 for -1: [4ea58b4a-8782-4322-ab8b-25eaf0c432e3:192.168.164.207:42115], old=null
2019-09-25 06:57:23,050 [4ea58b4a-8782-4322-ab8b-25eaf0c432e3@group-2ACC40219E80:LeaderElection23] INFO  impl.RoleInfo (RoleInfo.java:shutdownLeaderElection(134)) - 4ea58b4a-8782-4322-ab8b-25eaf0c432e3: shutdown LeaderElection
2019-09-25 06:57:23,050 [4ea58b4a-8782-4322-ab8b-25eaf0c432e3@group-2ACC40219E80:LeaderElection23] INFO  impl.RaftServerImpl (RaftServerImpl.java:setRole(174)) - 4ea58b4a-8782-4322-ab8b-25eaf0c432e3@group-2ACC40219E80: changes role from CANDIDATE to LEADER at term 1 for changeToLeader
2019-09-25 06:57:23,050 [4ea58b4a-8782-4322-ab8b-25eaf0c432e3@group-2ACC40219E80:LeaderElection23] INFO  impl.RaftServerImpl (ServerState.java:setLeader(253)) - 4ea58b4a-8782-4322-ab8b-25eaf0c432e3@group-2ACC40219E80: change Leader from null to 4ea58b4a-8782-4322-ab8b-25eaf0c432e3 at term 1 for becomeLeader, leader elected after 5118ms
2019-09-25 06:57:23,050 [4ea58b4a-8782-4322-ab8b-25eaf0c432e3@group-2ACC40219E80:LeaderElection23] INFO  server.RaftServerConfigKeys (ConfUtils.java:logGet(43)) - raft.server.staging.catchup.gap = 1000 (default)
2019-09-25 06:57:23,050 [4ea58b4a-8782-4322-ab8b-25eaf0c432e3@group-2ACC40219E80:LeaderElection23] INFO  server.RaftServerConfigKeys (ConfUtils.java:logGet(43)) - raft.server.rpc.sleep.time = 25ms (default)
2019-09-25 06:57:23,051 [4ea58b4a-8782-4322-ab8b-25eaf0c432e3@group-2ACC40219E80:LeaderElection23] INFO  server.RaftServerConfigKeys (ConfUtils.java:logGet(43)) - raft.server.write.element-limit = 4096 (default)
2019-09-25 06:57:23,051 [4ea58b4a-8782-4322-ab8b-25eaf0c432e3@group-2ACC40219E80:LeaderElection23] INFO  server.RaftServerConfigKeys (ConfUtils.java:logGet(43)) - raft.server.watch.timeout = 10s (default)
2019-09-25 06:57:23,051 [4ea58b4a-8782-4322-ab8b-25eaf0c432e3@group-2ACC40219E80:LeaderElection23] INFO  server.RaftServerConfigKeys (ConfUtils.java:logGet(43)) - raft.server.watch.timeout.denomination = 1s (default)
2019-09-25 06:57:23,051 [4ea58b4a-8782-4322-ab8b-25eaf0c432e3@group-2ACC40219E80:LeaderElection23] INFO  server.RaftServerConfigKeys (ConfUtils.java:logGet(43)) - raft.server.watch.element-limit = 65536 (default)
2019-09-25 06:57:23,054 [4ea58b4a-8782-4322-ab8b-25eaf0c432e3@group-2ACC40219E80:LeaderElection23] INFO  impl.RoleInfo (RoleInfo.java:updateAndGet(143)) - 4ea58b4a-8782-4322-ab8b-25eaf0c432e3: start LeaderState
2019-09-25 06:57:23,054 [4ea58b4a-8782-4322-ab8b-25eaf0c432e3@group-2ACC40219E80:LeaderElection23] INFO  segmented.SegmentedRaftLogWorker (SegmentedRaftLogWorker.java:startLogSegment(380)) - 4ea58b4a-8782-4322-ab8b-25eaf0c432e3@group-2ACC40219E80-SegmentedRaftLogWorker: Starting segment from index:0
2019-09-25 06:57:23,054 [4ea58b4a-8782-4322-ab8b-25eaf0c432e3@group-2ACC40219E80:LeaderElection23] INFO  impl.RaftServerImpl (ServerState.java:setRaftConf(354)) - 4ea58b4a-8782-4322-ab8b-25eaf0c432e3@group-2ACC40219E80: set configuration 0: [4ea58b4a-8782-4322-ab8b-25eaf0c432e3:192.168.164.207:42115], old=null at 0
2019-09-25 06:57:23,090 [d70a231e-a310-420f-b479-fee7bb9573e2@group-249963C6734C-SegmentedRaftLogWorker] INFO  segmented.SegmentedRaftLogWorker (SegmentedRaftLogWorker.java:execute(569)) - d70a231e-a310-420f-b479-fee7bb9573e2@group-249963C6734C-SegmentedRaftLogWorker: created new log segment /workdir/hadoop-ozone/tools/target/test-dir/MiniOzoneClusterImpl-9e6d1b68-582c-4998-83b3-e2f12469c286/datanode-0/data/ratis/f4b5c197-ea46-441c-9038-249963c6734c/current/log_inprogress_0
2019-09-25 06:57:23,103 [4ea58b4a-8782-4322-ab8b-25eaf0c432e3@group-2ACC40219E80-SegmentedRaftLogWorker] INFO  segmented.SegmentedRaftLogWorker (SegmentedRaftLogWorker.java:execute(569)) - 4ea58b4a-8782-4322-ab8b-25eaf0c432e3@group-2ACC40219E80-SegmentedRaftLogWorker: created new log segment /workdir/hadoop-ozone/tools/target/test-dir/MiniOzoneClusterImpl-9e6d1b68-582c-4998-83b3-e2f12469c286/datanode-1/data/ratis/81664061-9d31-459d-af54-2acc40219e80/current/log_inprogress_0
2019-09-25 06:57:23,110 [Thread-283] INFO  impl.FollowerState (FollowerState.java:run(106)) - 2b17dc15-c51a-4943-889a-93383535507c:group-D947300DBA66 changes to CANDIDATE, lastRpcTime:5068, electionTimeout:5068ms
2019-09-25 06:57:23,110 [Thread-283] INFO  impl.RoleInfo (RoleInfo.java:shutdownFollowerState(121)) - 2b17dc15-c51a-4943-889a-93383535507c: shutdown FollowerState
2019-09-25 06:57:23,110 [Thread-283] INFO  impl.RaftServerImpl (RaftServerImpl.java:setRole(174)) - 2b17dc15-c51a-4943-889a-93383535507c@group-D947300DBA66: changes role from  FOLLOWER to CANDIDATE at term 0 for changeToCandidate
2019-09-25 06:57:23,110 [Thread-283] INFO  impl.RoleInfo (RoleInfo.java:updateAndGet(143)) - 2b17dc15-c51a-4943-889a-93383535507c: start LeaderElection
2019-09-25 06:57:23,115 [Thread-280] INFO  impl.FollowerState (FollowerState.java:run(106)) - 2b17dc15-c51a-4943-889a-93383535507c:group-A997EB433FAC changes to CANDIDATE, lastRpcTime:5123, electionTimeout:5123ms
2019-09-25 06:57:23,115 [Thread-280] INFO  impl.RoleInfo (RoleInfo.java:shutdownFollowerState(121)) - 2b17dc15-c51a-4943-889a-93383535507c: shutdown FollowerState
2019-09-25 06:57:23,115 [Thread-280] INFO  impl.RaftServerImpl (RaftServerImpl.java:setRole(174)) - 2b17dc15-c51a-4943-889a-93383535507c@group-A997EB433FAC: changes role from  FOLLOWER to CANDIDATE at term 0 for changeToCandidate
2019-09-25 06:57:23,116 [Thread-280] INFO  impl.RoleInfo (RoleInfo.java:updateAndGet(143)) - 2b17dc15-c51a-4943-889a-93383535507c: start LeaderElection
2019-09-25 06:57:23,118 [2b17dc15-c51a-4943-889a-93383535507c@group-D947300DBA66:LeaderElection24] INFO  impl.LeaderElection (LeaderElection.java:askForVotes(182)) - 2b17dc15-c51a-4943-889a-93383535507c@group-D947300DBA66:LeaderElection24: begin an election at term 1 for -1: [2b17dc15-c51a-4943-889a-93383535507c:192.168.164.207:35671], old=null
2019-09-25 06:57:23,118 [2b17dc15-c51a-4943-889a-93383535507c@group-D947300DBA66:LeaderElection24] INFO  impl.RoleInfo (RoleInfo.java:shutdownLeaderElection(134)) - 2b17dc15-c51a-4943-889a-93383535507c: shutdown LeaderElection
2019-09-25 06:57:23,118 [2b17dc15-c51a-4943-889a-93383535507c@group-D947300DBA66:LeaderElection24] INFO  impl.RaftServerImpl (RaftServerImpl.java:setRole(174)) - 2b17dc15-c51a-4943-889a-93383535507c@group-D947300DBA66: changes role from CANDIDATE to LEADER at term 1 for changeToLeader
2019-09-25 06:57:23,118 [2b17dc15-c51a-4943-889a-93383535507c@group-D947300DBA66:LeaderElection24] INFO  impl.RaftServerImpl (ServerState.java:setLeader(253)) - 2b17dc15-c51a-4943-889a-93383535507c@group-D947300DBA66: change Leader from null to 2b17dc15-c51a-4943-889a-93383535507c at term 1 for becomeLeader, leader elected after 5082ms
2019-09-25 06:57:23,118 [2b17dc15-c51a-4943-889a-93383535507c@group-D947300DBA66:LeaderElection24] INFO  server.RaftServerConfigKeys (ConfUtils.java:logGet(43)) - raft.server.staging.catchup.gap = 1000 (default)
2019-09-25 06:57:23,119 [2b17dc15-c51a-4943-889a-93383535507c@group-D947300DBA66:LeaderElection24] INFO  server.RaftServerConfigKeys (ConfUtils.java:logGet(43)) - raft.server.rpc.sleep.time = 25ms (default)
2019-09-25 06:57:23,119 [2b17dc15-c51a-4943-889a-93383535507c@group-D947300DBA66:LeaderElection24] INFO  server.RaftServerConfigKeys (ConfUtils.java:logGet(43)) - raft.server.write.element-limit = 4096 (default)
2019-09-25 06:57:23,119 [2b17dc15-c51a-4943-889a-93383535507c@group-D947300DBA66:LeaderElection24] INFO  server.RaftServerConfigKeys (ConfUtils.java:logGet(43)) - raft.server.watch.timeout = 10s (default)
2019-09-25 06:57:23,119 [2b17dc15-c51a-4943-889a-93383535507c@group-D947300DBA66:LeaderElection24] INFO  server.RaftServerConfigKeys (ConfUtils.java:logGet(43)) - raft.server.watch.timeout.denomination = 1s (default)
2019-09-25 06:57:23,119 [2b17dc15-c51a-4943-889a-93383535507c@group-D947300DBA66:LeaderElection24] INFO  server.RaftServerConfigKeys (ConfUtils.java:logGet(43)) - raft.server.watch.element-limit = 65536 (default)
2019-09-25 06:57:23,121 [2b17dc15-c51a-4943-889a-93383535507c@group-D947300DBA66:LeaderElection24] INFO  impl.RoleInfo (RoleInfo.java:updateAndGet(143)) - 2b17dc15-c51a-4943-889a-93383535507c: start LeaderState
2019-09-25 06:57:23,122 [2b17dc15-c51a-4943-889a-93383535507c@group-D947300DBA66:LeaderElection24] INFO  segmented.SegmentedRaftLogWorker (SegmentedRaftLogWorker.java:startLogSegment(380)) - 2b17dc15-c51a-4943-889a-93383535507c@group-D947300DBA66-SegmentedRaftLogWorker: Starting segment from index:0
2019-09-25 06:57:23,122 [2b17dc15-c51a-4943-889a-93383535507c@group-D947300DBA66:LeaderElection24] INFO  impl.RaftServerImpl (ServerState.java:setRaftConf(354)) - 2b17dc15-c51a-4943-889a-93383535507c@group-D947300DBA66: set configuration 0: [2b17dc15-c51a-4943-889a-93383535507c:192.168.164.207:35671], old=null at 0
2019-09-25 06:57:23,150 [2b17dc15-c51a-4943-889a-93383535507c@group-A997EB433FAC:LeaderElection25] INFO  impl.LeaderElection (LeaderElection.java:askForVotes(182)) - 2b17dc15-c51a-4943-889a-93383535507c@group-A997EB433FAC:LeaderElection25: begin an election at term 1 for -1: [2b17dc15-c51a-4943-889a-93383535507c:192.168.164.207:35671], old=null
2019-09-25 06:57:23,150 [2b17dc15-c51a-4943-889a-93383535507c@group-A997EB433FAC:LeaderElection25] INFO  impl.RoleInfo (RoleInfo.java:shutdownLeaderElection(134)) - 2b17dc15-c51a-4943-889a-93383535507c: shutdown LeaderElection
2019-09-25 06:57:23,150 [2b17dc15-c51a-4943-889a-93383535507c@group-A997EB433FAC:LeaderElection25] INFO  impl.RaftServerImpl (RaftServerImpl.java:setRole(174)) - 2b17dc15-c51a-4943-889a-93383535507c@group-A997EB433FAC: changes role from CANDIDATE to LEADER at term 1 for changeToLeader
2019-09-25 06:57:23,150 [2b17dc15-c51a-4943-889a-93383535507c@group-A997EB433FAC:LeaderElection25] INFO  impl.RaftServerImpl (ServerState.java:setLeader(253)) - 2b17dc15-c51a-4943-889a-93383535507c@group-A997EB433FAC: change Leader from null to 2b17dc15-c51a-4943-889a-93383535507c at term 1 for becomeLeader, leader elected after 5164ms
2019-09-25 06:57:23,150 [2b17dc15-c51a-4943-889a-93383535507c@group-A997EB433FAC:LeaderElection25] INFO  server.RaftServerConfigKeys (ConfUtils.java:logGet(43)) - raft.server.staging.catchup.gap = 1000 (default)
2019-09-25 06:57:23,151 [2b17dc15-c51a-4943-889a-93383535507c@group-A997EB433FAC:LeaderElection25] INFO  server.RaftServerConfigKeys (ConfUtils.java:logGet(43)) - raft.server.rpc.sleep.time = 25ms (default)
2019-09-25 06:57:23,151 [2b17dc15-c51a-4943-889a-93383535507c@group-A997EB433FAC:LeaderElection25] INFO  server.RaftServerConfigKeys (ConfUtils.java:logGet(43)) - raft.server.write.element-limit = 4096 (default)
2019-09-25 06:57:23,151 [2b17dc15-c51a-4943-889a-93383535507c@group-A997EB433FAC:LeaderElection25] INFO  server.RaftServerConfigKeys (ConfUtils.java:logGet(43)) - raft.server.watch.timeout = 10s (default)
2019-09-25 06:57:23,151 [2b17dc15-c51a-4943-889a-93383535507c@group-A997EB433FAC:LeaderElection25] INFO  server.RaftServerConfigKeys (ConfUtils.java:logGet(43)) - raft.server.watch.timeout.denomination = 1s (default)
2019-09-25 06:57:23,151 [2b17dc15-c51a-4943-889a-93383535507c@group-A997EB433FAC:LeaderElection25] INFO  server.RaftServerConfigKeys (ConfUtils.java:logGet(43)) - raft.server.watch.element-limit = 65536 (default)
2019-09-25 06:57:23,154 [2b17dc15-c51a-4943-889a-93383535507c@group-A997EB433FAC:LeaderElection25] INFO  impl.RoleInfo (RoleInfo.java:updateAndGet(143)) - 2b17dc15-c51a-4943-889a-93383535507c: start LeaderState
2019-09-25 06:57:23,154 [2b17dc15-c51a-4943-889a-93383535507c@group-A997EB433FAC:LeaderElection25] INFO  segmented.SegmentedRaftLogWorker (SegmentedRaftLogWorker.java:startLogSegment(380)) - 2b17dc15-c51a-4943-889a-93383535507c@group-A997EB433FAC-SegmentedRaftLogWorker: Starting segment from index:0
2019-09-25 06:57:23,154 [2b17dc15-c51a-4943-889a-93383535507c@group-A997EB433FAC:LeaderElection25] INFO  impl.RaftServerImpl (ServerState.java:setRaftConf(354)) - 2b17dc15-c51a-4943-889a-93383535507c@group-A997EB433FAC: set configuration 0: [2b17dc15-c51a-4943-889a-93383535507c:192.168.164.207:35671], old=null at 0
 0.00% |█                                                                                                    |  0/1 Time: 0:00:052019-09-25 06:57:23,188 [2b17dc15-c51a-4943-889a-93383535507c@group-D947300DBA66-SegmentedRaftLogWorker] INFO  segmented.SegmentedRaftLogWorker (SegmentedRaftLogWorker.java:execute(569)) - 2b17dc15-c51a-4943-889a-93383535507c@group-D947300DBA66-SegmentedRaftLogWorker: created new log segment /workdir/hadoop-ozone/tools/target/test-dir/MiniOzoneClusterImpl-9e6d1b68-582c-4998-83b3-e2f12469c286/datanode-2/data/ratis/2de19cbf-6d87-4adb-b6a4-d947300dba66/current/log_inprogress_0
2019-09-25 06:57:23,201 [2b17dc15-c51a-4943-889a-93383535507c@group-A997EB433FAC-SegmentedRaftLogWorker] INFO  segmented.SegmentedRaftLogWorker (SegmentedRaftLogWorker.java:execute(569)) - 2b17dc15-c51a-4943-889a-93383535507c@group-A997EB433FAC-SegmentedRaftLogWorker: created new log segment /workdir/hadoop-ozone/tools/target/test-dir/MiniOzoneClusterImpl-9e6d1b68-582c-4998-83b3-e2f12469c286/datanode-2/data/ratis/1932905c-f5f0-4d0a-9dda-a997eb433fac/current/log_inprogress_0
2019-09-25 06:57:23,237 [Thread-287] INFO  impl.FollowerState (FollowerState.java:run(106)) - 4ea58b4a-8782-4322-ab8b-25eaf0c432e3:group-5FA91C6BC28B changes to CANDIDATE, lastRpcTime:5144, electionTimeout:5144ms
2019-09-25 06:57:23,237 [Thread-287] INFO  impl.RoleInfo (RoleInfo.java:shutdownFollowerState(121)) - 4ea58b4a-8782-4322-ab8b-25eaf0c432e3: shutdown FollowerState
2019-09-25 06:57:23,237 [Thread-287] INFO  impl.RaftServerImpl (RaftServerImpl.java:setRole(174)) - 4ea58b4a-8782-4322-ab8b-25eaf0c432e3@group-5FA91C6BC28B: changes role from  FOLLOWER to CANDIDATE at term 0 for changeToCandidate
2019-09-25 06:57:23,237 [Thread-287] INFO  impl.RoleInfo (RoleInfo.java:updateAndGet(143)) - 4ea58b4a-8782-4322-ab8b-25eaf0c432e3: start LeaderElection
2019-09-25 06:57:23,241 [Thread-290] INFO  impl.FollowerState (FollowerState.java:run(106)) - 4ea58b4a-8782-4322-ab8b-25eaf0c432e3:group-F3CCECF199CA changes to CANDIDATE, lastRpcTime:5090, electionTimeout:5090ms
2019-09-25 06:57:23,242 [Thread-290] INFO  impl.RoleInfo (RoleInfo.java:shutdownFollowerState(121)) - 4ea58b4a-8782-4322-ab8b-25eaf0c432e3: shutdown FollowerState
2019-09-25 06:57:23,242 [Thread-290] INFO  impl.RaftServerImpl (RaftServerImpl.java:setRole(174)) - 4ea58b4a-8782-4322-ab8b-25eaf0c432e3@group-F3CCECF199CA: changes role from  FOLLOWER to CANDIDATE at term 0 for changeToCandidate
2019-09-25 06:57:23,242 [Thread-290] INFO  impl.RoleInfo (RoleInfo.java:updateAndGet(143)) - 4ea58b4a-8782-4322-ab8b-25eaf0c432e3: start LeaderElection
2019-09-25 06:57:23,254 [4ea58b4a-8782-4322-ab8b-25eaf0c432e3@group-5FA91C6BC28B:LeaderElection26] INFO  impl.LeaderElection (LeaderElection.java:askForVotes(182)) - 4ea58b4a-8782-4322-ab8b-25eaf0c432e3@group-5FA91C6BC28B:LeaderElection26: begin an election at term 1 for -1: [4ea58b4a-8782-4322-ab8b-25eaf0c432e3:192.168.164.207:42115], old=null
2019-09-25 06:57:23,254 [4ea58b4a-8782-4322-ab8b-25eaf0c432e3@group-F3CCECF199CA:LeaderElection27] INFO  impl.LeaderElection (LeaderElection.java:askForVotes(182)) - 4ea58b4a-8782-4322-ab8b-25eaf0c432e3@group-F3CCECF199CA:LeaderElection27: begin an election at term 1 for -1: [4ea58b4a-8782-4322-ab8b-25eaf0c432e3:192.168.164.207:42115], old=null
2019-09-25 06:57:23,254 [4ea58b4a-8782-4322-ab8b-25eaf0c432e3@group-5FA91C6BC28B:LeaderElection26] INFO  impl.RoleInfo (RoleInfo.java:shutdownLeaderElection(134)) - 4ea58b4a-8782-4322-ab8b-25eaf0c432e3: shutdown LeaderElection
2019-09-25 06:57:23,254 [4ea58b4a-8782-4322-ab8b-25eaf0c432e3@group-F3CCECF199CA:LeaderElection27] INFO  impl.RoleInfo (RoleInfo.java:shutdownLeaderElection(134)) - 4ea58b4a-8782-4322-ab8b-25eaf0c432e3: shutdown LeaderElection
2019-09-25 06:57:23,254 [4ea58b4a-8782-4322-ab8b-25eaf0c432e3@group-5FA91C6BC28B:LeaderElection26] INFO  impl.RaftServerImpl (RaftServerImpl.java:setRole(174)) - 4ea58b4a-8782-4322-ab8b-25eaf0c432e3@group-5FA91C6BC28B: changes role from CANDIDATE to LEADER at term 1 for changeToLeader
2019-09-25 06:57:23,255 [4ea58b4a-8782-4322-ab8b-25eaf0c432e3@group-F3CCECF199CA:LeaderElection27] INFO  impl.RaftServerImpl (RaftServerImpl.java:setRole(174)) - 4ea58b4a-8782-4322-ab8b-25eaf0c432e3@group-F3CCECF199CA: changes role from CANDIDATE to LEADER at term 1 for changeToLeader
2019-09-25 06:57:23,255 [4ea58b4a-8782-4322-ab8b-25eaf0c432e3@group-5FA91C6BC28B:LeaderElection26] INFO  impl.RaftServerImpl (ServerState.java:setLeader(253)) - 4ea58b4a-8782-4322-ab8b-25eaf0c432e3@group-5FA91C6BC28B: change Leader from null to 4ea58b4a-8782-4322-ab8b-25eaf0c432e3 at term 1 for becomeLeader, leader elected after 5169ms
2019-09-25 06:57:23,255 [4ea58b4a-8782-4322-ab8b-25eaf0c432e3@group-F3CCECF199CA:LeaderElection27] INFO  impl.RaftServerImpl (ServerState.java:setLeader(253)) - 4ea58b4a-8782-4322-ab8b-25eaf0c432e3@group-F3CCECF199CA: change Leader from null to 4ea58b4a-8782-4322-ab8b-25eaf0c432e3 at term 1 for becomeLeader, leader elected after 5108ms
2019-09-25 06:57:23,255 [4ea58b4a-8782-4322-ab8b-25eaf0c432e3@group-5FA91C6BC28B:LeaderElection26] INFO  server.RaftServerConfigKeys (ConfUtils.java:logGet(43)) - raft.server.staging.catchup.gap = 1000 (default)
2019-09-25 06:57:23,255 [4ea58b4a-8782-4322-ab8b-25eaf0c432e3@group-F3CCECF199CA:LeaderElection27] INFO  server.RaftServerConfigKeys (ConfUtils.java:logGet(43)) - raft.server.staging.catchup.gap = 1000 (default)
2019-09-25 06:57:23,255 [4ea58b4a-8782-4322-ab8b-25eaf0c432e3@group-5FA91C6BC28B:LeaderElection26] INFO  server.RaftServerConfigKeys (ConfUtils.java:logGet(43)) - raft.server.rpc.sleep.time = 25ms (default)
2019-09-25 06:57:23,255 [4ea58b4a-8782-4322-ab8b-25eaf0c432e3@group-F3CCECF199CA:LeaderElection27] INFO  server.RaftServerConfigKeys (ConfUtils.java:logGet(43)) - raft.server.rpc.sleep.time = 25ms (default)
2019-09-25 06:57:23,255 [4ea58b4a-8782-4322-ab8b-25eaf0c432e3@group-5FA91C6BC28B:LeaderElection26] INFO  server.RaftServerConfigKeys (ConfUtils.java:logGet(43)) - raft.server.write.element-limit = 4096 (default)
2019-09-25 06:57:23,256 [4ea58b4a-8782-4322-ab8b-25eaf0c432e3@group-F3CCECF199CA:LeaderElection27] INFO  server.RaftServerConfigKeys (ConfUtils.java:logGet(43)) - raft.server.write.element-limit = 4096 (default)
2019-09-25 06:57:23,256 [4ea58b4a-8782-4322-ab8b-25eaf0c432e3@group-5FA91C6BC28B:LeaderElection26] INFO  server.RaftServerConfigKeys (ConfUtils.java:logGet(43)) - raft.server.watch.timeout = 10s (default)
2019-09-25 06:57:23,256 [4ea58b4a-8782-4322-ab8b-25eaf0c432e3@group-F3CCECF199CA:LeaderElection27] INFO  server.RaftServerConfigKeys (ConfUtils.java:logGet(43)) - raft.server.watch.timeout = 10s (default)
2019-09-25 06:57:23,256 [4ea58b4a-8782-4322-ab8b-25eaf0c432e3@group-5FA91C6BC28B:LeaderElection26] INFO  server.RaftServerConfigKeys (ConfUtils.java:logGet(43)) - raft.server.watch.timeout.denomination = 1s (default)
2019-09-25 06:57:23,256 [4ea58b4a-8782-4322-ab8b-25eaf0c432e3@group-F3CCECF199CA:LeaderElection27] INFO  server.RaftServerConfigKeys (ConfUtils.java:logGet(43)) - raft.server.watch.timeout.denomination = 1s (default)
2019-09-25 06:57:23,256 [4ea58b4a-8782-4322-ab8b-25eaf0c432e3@group-5FA91C6BC28B:LeaderElection26] INFO  server.RaftServerConfigKeys (ConfUtils.java:logGet(43)) - raft.server.watch.element-limit = 65536 (default)
2019-09-25 06:57:23,256 [4ea58b4a-8782-4322-ab8b-25eaf0c432e3@group-F3CCECF199CA:LeaderElection27] INFO  server.RaftServerConfigKeys (ConfUtils.java:logGet(43)) - raft.server.watch.element-limit = 65536 (default)
2019-09-25 06:57:23,259 [4ea58b4a-8782-4322-ab8b-25eaf0c432e3@group-5FA91C6BC28B:LeaderElection26] INFO  impl.RoleInfo (RoleInfo.java:updateAndGet(143)) - 4ea58b4a-8782-4322-ab8b-25eaf0c432e3: start LeaderState
2019-09-25 06:57:23,259 [4ea58b4a-8782-4322-ab8b-25eaf0c432e3@group-5FA91C6BC28B:LeaderElection26] INFO  segmented.SegmentedRaftLogWorker (SegmentedRaftLogWorker.java:startLogSegment(380)) - 4ea58b4a-8782-4322-ab8b-25eaf0c432e3@group-5FA91C6BC28B-SegmentedRaftLogWorker: Starting segment from index:0
2019-09-25 06:57:23,260 [4ea58b4a-8782-4322-ab8b-25eaf0c432e3@group-5FA91C6BC28B:LeaderElection26] INFO  impl.RaftServerImpl (ServerState.java:setRaftConf(354)) - 4ea58b4a-8782-4322-ab8b-25eaf0c432e3@group-5FA91C6BC28B: set configuration 0: [4ea58b4a-8782-4322-ab8b-25eaf0c432e3:192.168.164.207:42115], old=null at 0
2019-09-25 06:57:23,260 [4ea58b4a-8782-4322-ab8b-25eaf0c432e3@group-F3CCECF199CA:LeaderElection27] INFO  impl.RoleInfo (RoleInfo.java:updateAndGet(143)) - 4ea58b4a-8782-4322-ab8b-25eaf0c432e3: start LeaderState
2019-09-25 06:57:23,287 [Thread-296] INFO  impl.FollowerState (FollowerState.java:run(106)) - 2b17dc15-c51a-4943-889a-93383535507c:group-C449364FAC25 changes to CANDIDATE, lastRpcTime:5082, electionTimeout:5079ms
2019-09-25 06:57:23,287 [4ea58b4a-8782-4322-ab8b-25eaf0c432e3@group-F3CCECF199CA:LeaderElection27] INFO  segmented.SegmentedRaftLogWorker (SegmentedRaftLogWorker.java:startLogSegment(380)) - 4ea58b4a-8782-4322-ab8b-25eaf0c432e3@group-F3CCECF199CA-SegmentedRaftLogWorker: Starting segment from index:0
2019-09-25 06:57:23,287 [Thread-296] INFO  impl.RoleInfo (RoleInfo.java:shutdownFollowerState(121)) - 2b17dc15-c51a-4943-889a-93383535507c: shutdown FollowerState
2019-09-25 06:57:23,287 [Thread-296] INFO  impl.RaftServerImpl (RaftServerImpl.java:setRole(174)) - 2b17dc15-c51a-4943-889a-93383535507c@group-C449364FAC25: changes role from  FOLLOWER to CANDIDATE at term 0 for changeToCandidate
2019-09-25 06:57:23,288 [4ea58b4a-8782-4322-ab8b-25eaf0c432e3@group-F3CCECF199CA:LeaderElection27] INFO  impl.RaftServerImpl (ServerState.java:setRaftConf(354)) - 4ea58b4a-8782-4322-ab8b-25eaf0c432e3@group-F3CCECF199CA: set configuration 0: [4ea58b4a-8782-4322-ab8b-25eaf0c432e3:192.168.164.207:42115], old=null at 0
2019-09-25 06:57:23,288 [Thread-296] INFO  impl.RoleInfo (RoleInfo.java:updateAndGet(143)) - 2b17dc15-c51a-4943-889a-93383535507c: start LeaderElection
2019-09-25 06:57:23,322 [4ea58b4a-8782-4322-ab8b-25eaf0c432e3@group-5FA91C6BC28B-SegmentedRaftLogWorker] INFO  segmented.SegmentedRaftLogWorker (SegmentedRaftLogWorker.java:execute(569)) - 4ea58b4a-8782-4322-ab8b-25eaf0c432e3@group-5FA91C6BC28B-SegmentedRaftLogWorker: created new log segment /workdir/hadoop-ozone/tools/target/test-dir/MiniOzoneClusterImpl-9e6d1b68-582c-4998-83b3-e2f12469c286/datanode-1/data/ratis/dac62b21-587e-4070-921c-5fa91c6bc28b/current/log_inprogress_0
2019-09-25 06:57:23,335 [4ea58b4a-8782-4322-ab8b-25eaf0c432e3@group-F3CCECF199CA-SegmentedRaftLogWorker] INFO  segmented.SegmentedRaftLogWorker (SegmentedRaftLogWorker.java:execute(569)) - 4ea58b4a-8782-4322-ab8b-25eaf0c432e3@group-F3CCECF199CA-SegmentedRaftLogWorker: created new log segment /workdir/hadoop-ozone/tools/target/test-dir/MiniOzoneClusterImpl-9e6d1b68-582c-4998-83b3-e2f12469c286/datanode-1/data/ratis/43f48746-6f7f-43dd-88e5-f3ccecf199ca/current/log_inprogress_0
2019-09-25 06:57:23,335 [2b17dc15-c51a-4943-889a-93383535507c@group-C449364FAC25:LeaderElection28] INFO  impl.LeaderElection (LeaderElection.java:askForVotes(182)) - 2b17dc15-c51a-4943-889a-93383535507c@group-C449364FAC25:LeaderElection28: begin an election at term 1 for -1: [2b17dc15-c51a-4943-889a-93383535507c:192.168.164.207:35671], old=null
2019-09-25 06:57:23,335 [2b17dc15-c51a-4943-889a-93383535507c@group-C449364FAC25:LeaderElection28] INFO  impl.RoleInfo (RoleInfo.java:shutdownLeaderElection(134)) - 2b17dc15-c51a-4943-889a-93383535507c: shutdown LeaderElection
2019-09-25 06:57:23,335 [2b17dc15-c51a-4943-889a-93383535507c@group-C449364FAC25:LeaderElection28] INFO  impl.RaftServerImpl (RaftServerImpl.java:setRole(174)) - 2b17dc15-c51a-4943-889a-93383535507c@group-C449364FAC25: changes role from CANDIDATE to LEADER at term 1 for changeToLeader
2019-09-25 06:57:23,335 [2b17dc15-c51a-4943-889a-93383535507c@group-C449364FAC25:LeaderElection28] INFO  impl.RaftServerImpl (ServerState.java:setLeader(253)) - 2b17dc15-c51a-4943-889a-93383535507c@group-C449364FAC25: change Leader from null to 2b17dc15-c51a-4943-889a-93383535507c at term 1 for becomeLeader, leader elected after 5140ms
2019-09-25 06:57:23,336 [2b17dc15-c51a-4943-889a-93383535507c@group-C449364FAC25:LeaderElection28] INFO  server.RaftServerConfigKeys (ConfUtils.java:logGet(43)) - raft.server.staging.catchup.gap = 1000 (default)
2019-09-25 06:57:23,336 [2b17dc15-c51a-4943-889a-93383535507c@group-C449364FAC25:LeaderElection28] INFO  server.RaftServerConfigKeys (ConfUtils.java:logGet(43)) - raft.server.rpc.sleep.time = 25ms (default)
2019-09-25 06:57:23,336 [2b17dc15-c51a-4943-889a-93383535507c@group-C449364FAC25:LeaderElection28] INFO  server.RaftServerConfigKeys (ConfUtils.java:logGet(43)) - raft.server.write.element-limit = 4096 (default)
2019-09-25 06:57:23,336 [2b17dc15-c51a-4943-889a-93383535507c@group-C449364FAC25:LeaderElection28] INFO  server.RaftServerConfigKeys (ConfUtils.java:logGet(43)) - raft.server.watch.timeout = 10s (default)
2019-09-25 06:57:23,336 [2b17dc15-c51a-4943-889a-93383535507c@group-C449364FAC25:LeaderElection28] INFO  server.RaftServerConfigKeys (ConfUtils.java:logGet(43)) - raft.server.watch.timeout.denomination = 1s (default)
2019-09-25 06:57:23,336 [2b17dc15-c51a-4943-889a-93383535507c@group-C449364FAC25:LeaderElection28] INFO  server.RaftServerConfigKeys (ConfUtils.java:logGet(43)) - raft.server.watch.element-limit = 65536 (default)
2019-09-25 06:57:23,339 [2b17dc15-c51a-4943-889a-93383535507c@group-C449364FAC25:LeaderElection28] INFO  impl.RoleInfo (RoleInfo.java:updateAndGet(143)) - 2b17dc15-c51a-4943-889a-93383535507c: start LeaderState
2019-09-25 06:57:23,339 [2b17dc15-c51a-4943-889a-93383535507c@group-C449364FAC25:LeaderElection28] INFO  segmented.SegmentedRaftLogWorker (SegmentedRaftLogWorker.java:startLogSegment(380)) - 2b17dc15-c51a-4943-889a-93383535507c@group-C449364FAC25-SegmentedRaftLogWorker: Starting segment from index:0
2019-09-25 06:57:23,340 [2b17dc15-c51a-4943-889a-93383535507c@group-C449364FAC25:LeaderElection28] INFO  impl.RaftServerImpl (ServerState.java:setRaftConf(354)) - 2b17dc15-c51a-4943-889a-93383535507c@group-C449364FAC25: set configuration 0: [2b17dc15-c51a-4943-889a-93383535507c:192.168.164.207:35671], old=null at 0
2019-09-25 06:57:23,378 [2b17dc15-c51a-4943-889a-93383535507c@group-C449364FAC25-SegmentedRaftLogWorker] INFO  segmented.SegmentedRaftLogWorker (SegmentedRaftLogWorker.java:execute(569)) - 2b17dc15-c51a-4943-889a-93383535507c@group-C449364FAC25-SegmentedRaftLogWorker: created new log segment /workdir/hadoop-ozone/tools/target/test-dir/MiniOzoneClusterImpl-9e6d1b68-582c-4998-83b3-e2f12469c286/datanode-2/data/ratis/e7c3be7d-f421-4e58-af0a-c449364fac25/current/log_inprogress_0
2019-09-25 06:57:23,411 [Thread-299] INFO  impl.FollowerState (FollowerState.java:run(106)) - 2b17dc15-c51a-4943-889a-93383535507c:group-8F473C15471B changes to CANDIDATE, lastRpcTime:5155, electionTimeout:5155ms
2019-09-25 06:57:23,411 [Thread-299] INFO  impl.RoleInfo (RoleInfo.java:shutdownFollowerState(121)) - 2b17dc15-c51a-4943-889a-93383535507c: shutdown FollowerState
2019-09-25 06:57:23,411 [Thread-299] INFO  impl.RaftServerImpl (RaftServerImpl.java:setRole(174)) - 2b17dc15-c51a-4943-889a-93383535507c@group-8F473C15471B: changes role from  FOLLOWER to CANDIDATE at term 0 for changeToCandidate
2019-09-25 06:57:23,412 [Thread-299] INFO  impl.RoleInfo (RoleInfo.java:updateAndGet(143)) - 2b17dc15-c51a-4943-889a-93383535507c: start LeaderElection
2019-09-25 06:57:23,427 [2b17dc15-c51a-4943-889a-93383535507c@group-8F473C15471B:LeaderElection29] INFO  impl.LeaderElection (LeaderElection.java:askForVotes(182)) - 2b17dc15-c51a-4943-889a-93383535507c@group-8F473C15471B:LeaderElection29: begin an election at term 1 for -1: [2b17dc15-c51a-4943-889a-93383535507c:192.168.164.207:35671], old=null
2019-09-25 06:57:23,428 [2b17dc15-c51a-4943-889a-93383535507c@group-8F473C15471B:LeaderElection29] INFO  impl.RoleInfo (RoleInfo.java:shutdownLeaderElection(134)) - 2b17dc15-c51a-4943-889a-93383535507c: shutdown LeaderElection
2019-09-25 06:57:23,428 [2b17dc15-c51a-4943-889a-93383535507c@group-8F473C15471B:LeaderElection29] INFO  impl.RaftServerImpl (RaftServerImpl.java:setRole(174)) - 2b17dc15-c51a-4943-889a-93383535507c@group-8F473C15471B: changes role from CANDIDATE to LEADER at term 1 for changeToLeader
2019-09-25 06:57:23,428 [2b17dc15-c51a-4943-889a-93383535507c@group-8F473C15471B:LeaderElection29] INFO  impl.RaftServerImpl (ServerState.java:setLeader(253)) - 2b17dc15-c51a-4943-889a-93383535507c@group-8F473C15471B: change Leader from null to 2b17dc15-c51a-4943-889a-93383535507c at term 1 for becomeLeader, leader elected after 5178ms
2019-09-25 06:57:23,428 [2b17dc15-c51a-4943-889a-93383535507c@group-8F473C15471B:LeaderElection29] INFO  server.RaftServerConfigKeys (ConfUtils.java:logGet(43)) - raft.server.staging.catchup.gap = 1000 (default)
2019-09-25 06:57:23,428 [2b17dc15-c51a-4943-889a-93383535507c@group-8F473C15471B:LeaderElection29] INFO  server.RaftServerConfigKeys (ConfUtils.java:logGet(43)) - raft.server.rpc.sleep.time = 25ms (default)
2019-09-25 06:57:23,428 [2b17dc15-c51a-4943-889a-93383535507c@group-8F473C15471B:LeaderElection29] INFO  server.RaftServerConfigKeys (ConfUtils.java:logGet(43)) - raft.server.write.element-limit = 4096 (default)
2019-09-25 06:57:23,429 [2b17dc15-c51a-4943-889a-93383535507c@group-8F473C15471B:LeaderElection29] INFO  server.RaftServerConfigKeys (ConfUtils.java:logGet(43)) - raft.server.watch.timeout = 10s (default)
2019-09-25 06:57:23,429 [2b17dc15-c51a-4943-889a-93383535507c@group-8F473C15471B:LeaderElection29] INFO  server.RaftServerConfigKeys (ConfUtils.java:logGet(43)) - raft.server.watch.timeout.denomination = 1s (default)
2019-09-25 06:57:23,429 [2b17dc15-c51a-4943-889a-93383535507c@group-8F473C15471B:LeaderElection29] INFO  server.RaftServerConfigKeys (ConfUtils.java:logGet(43)) - raft.server.watch.element-limit = 65536 (default)
2019-09-25 06:57:23,431 [2b17dc15-c51a-4943-889a-93383535507c@group-8F473C15471B:LeaderElection29] INFO  impl.RoleInfo (RoleInfo.java:updateAndGet(143)) - 2b17dc15-c51a-4943-889a-93383535507c: start LeaderState
2019-09-25 06:57:23,432 [2b17dc15-c51a-4943-889a-93383535507c@group-8F473C15471B:LeaderElection29] INFO  segmented.SegmentedRaftLogWorker (SegmentedRaftLogWorker.java:startLogSegment(380)) - 2b17dc15-c51a-4943-889a-93383535507c@group-8F473C15471B-SegmentedRaftLogWorker: Starting segment from index:0
2019-09-25 06:57:23,432 [2b17dc15-c51a-4943-889a-93383535507c@group-8F473C15471B:LeaderElection29] INFO  impl.RaftServerImpl (ServerState.java:setRaftConf(354)) - 2b17dc15-c51a-4943-889a-93383535507c@group-8F473C15471B: set configuration 0: [2b17dc15-c51a-4943-889a-93383535507c:192.168.164.207:35671], old=null at 0
2019-09-25 06:57:23,480 [2b17dc15-c51a-4943-889a-93383535507c@group-8F473C15471B-SegmentedRaftLogWorker] INFO  segmented.SegmentedRaftLogWorker (SegmentedRaftLogWorker.java:execute(569)) - 2b17dc15-c51a-4943-889a-93383535507c@group-8F473C15471B-SegmentedRaftLogWorker: created new log segment /workdir/hadoop-ozone/tools/target/test-dir/MiniOzoneClusterImpl-9e6d1b68-582c-4998-83b3-e2f12469c286/datanode-2/data/ratis/6e27df0c-3355-4c1b-b9c2-8f473c15471b/current/log_inprogress_0
2019-09-25 06:57:23,764 [Thread-303] INFO  impl.FollowerState (FollowerState.java:run(106)) - 2b17dc15-c51a-4943-889a-93383535507c:group-4FDA2CB47BCD changes to CANDIDATE, lastRpcTime:5127, electionTimeout:5127ms
2019-09-25 06:57:23,765 [Thread-303] INFO  impl.RoleInfo (RoleInfo.java:shutdownFollowerState(121)) - 2b17dc15-c51a-4943-889a-93383535507c: shutdown FollowerState
2019-09-25 06:57:23,765 [Thread-303] INFO  impl.RaftServerImpl (RaftServerImpl.java:setRole(174)) - 2b17dc15-c51a-4943-889a-93383535507c@group-4FDA2CB47BCD: changes role from  FOLLOWER to CANDIDATE at term 0 for changeToCandidate
2019-09-25 06:57:23,765 [Thread-303] INFO  impl.RoleInfo (RoleInfo.java:updateAndGet(143)) - 2b17dc15-c51a-4943-889a-93383535507c: start LeaderElection
2019-09-25 06:57:23,786 [2b17dc15-c51a-4943-889a-93383535507c@group-4FDA2CB47BCD:LeaderElection30] INFO  impl.LeaderElection (LeaderElection.java:askForVotes(182)) - 2b17dc15-c51a-4943-889a-93383535507c@group-4FDA2CB47BCD:LeaderElection30: begin an election at term 1 for -1: [2b17dc15-c51a-4943-889a-93383535507c:192.168.164.207:35671], old=null
2019-09-25 06:57:23,786 [2b17dc15-c51a-4943-889a-93383535507c@group-4FDA2CB47BCD:LeaderElection30] INFO  impl.RoleInfo (RoleInfo.java:shutdownLeaderElection(134)) - 2b17dc15-c51a-4943-889a-93383535507c: shutdown LeaderElection
2019-09-25 06:57:23,786 [2b17dc15-c51a-4943-889a-93383535507c@group-4FDA2CB47BCD:LeaderElection30] INFO  impl.RaftServerImpl (RaftServerImpl.java:setRole(174)) - 2b17dc15-c51a-4943-889a-93383535507c@group-4FDA2CB47BCD: changes role from CANDIDATE to LEADER at term 1 for changeToLeader
2019-09-25 06:57:23,786 [2b17dc15-c51a-4943-889a-93383535507c@group-4FDA2CB47BCD:LeaderElection30] INFO  impl.RaftServerImpl (ServerState.java:setLeader(253)) - 2b17dc15-c51a-4943-889a-93383535507c@group-4FDA2CB47BCD: change Leader from null to 2b17dc15-c51a-4943-889a-93383535507c at term 1 for becomeLeader, leader elected after 5161ms
2019-09-25 06:57:23,787 [2b17dc15-c51a-4943-889a-93383535507c@group-4FDA2CB47BCD:LeaderElection30] INFO  server.RaftServerConfigKeys (ConfUtils.java:logGet(43)) - raft.server.staging.catchup.gap = 1000 (default)
2019-09-25 06:57:23,787 [2b17dc15-c51a-4943-889a-93383535507c@group-4FDA2CB47BCD:LeaderElection30] INFO  server.RaftServerConfigKeys (ConfUtils.java:logGet(43)) - raft.server.rpc.sleep.time = 25ms (default)
2019-09-25 06:57:23,787 [2b17dc15-c51a-4943-889a-93383535507c@group-4FDA2CB47BCD:LeaderElection30] INFO  server.RaftServerConfigKeys (ConfUtils.java:logGet(43)) - raft.server.write.element-limit = 4096 (default)
2019-09-25 06:57:23,787 [2b17dc15-c51a-4943-889a-93383535507c@group-4FDA2CB47BCD:LeaderElection30] INFO  server.RaftServerConfigKeys (ConfUtils.java:logGet(43)) - raft.server.watch.timeout = 10s (default)
2019-09-25 06:57:23,787 [2b17dc15-c51a-4943-889a-93383535507c@group-4FDA2CB47BCD:LeaderElection30] INFO  server.RaftServerConfigKeys (ConfUtils.java:logGet(43)) - raft.server.watch.timeout.denomination = 1s (default)
2019-09-25 06:57:23,787 [2b17dc15-c51a-4943-889a-93383535507c@group-4FDA2CB47BCD:LeaderElection30] INFO  server.RaftServerConfigKeys (ConfUtils.java:logGet(43)) - raft.server.watch.element-limit = 65536 (default)
2019-09-25 06:57:23,791 [2b17dc15-c51a-4943-889a-93383535507c@group-4FDA2CB47BCD:LeaderElection30] INFO  impl.RoleInfo (RoleInfo.java:updateAndGet(143)) - 2b17dc15-c51a-4943-889a-93383535507c: start LeaderState
2019-09-25 06:57:23,791 [2b17dc15-c51a-4943-889a-93383535507c@group-4FDA2CB47BCD:LeaderElection30] INFO  segmented.SegmentedRaftLogWorker (SegmentedRaftLogWorker.java:startLogSegment(380)) - 2b17dc15-c51a-4943-889a-93383535507c@group-4FDA2CB47BCD-SegmentedRaftLogWorker: Starting segment from index:0
2019-09-25 06:57:23,792 [2b17dc15-c51a-4943-889a-93383535507c@group-4FDA2CB47BCD:LeaderElection30] INFO  impl.RaftServerImpl (ServerState.java:setRaftConf(354)) - 2b17dc15-c51a-4943-889a-93383535507c@group-4FDA2CB47BCD: set configuration 0: [2b17dc15-c51a-4943-889a-93383535507c:192.168.164.207:35671], old=null at 0
2019-09-25 06:57:23,831 [2b17dc15-c51a-4943-889a-93383535507c@group-4FDA2CB47BCD-SegmentedRaftLogWorker] INFO  segmented.SegmentedRaftLogWorker (SegmentedRaftLogWorker.java:execute(569)) - 2b17dc15-c51a-4943-889a-93383535507c@group-4FDA2CB47BCD-SegmentedRaftLogWorker: created new log segment /workdir/hadoop-ozone/tools/target/test-dir/MiniOzoneClusterImpl-9e6d1b68-582c-4998-83b3-e2f12469c286/datanode-2/data/ratis/f5ff636c-0684-42d9-8b1c-4fda2cb47bcd/current/log_inprogress_0
 100.00% |█████████████████████████████████████████████████████████████████████████████████████████████████████|  1/1 Time: 0:00:06
]]></system-out>
  </testcase>
  <testcase name="standaloneTestLargeKey" classname="org.apache.hadoop.ozone.freon.TestDataValidateWithDummyContainers" time="5.02">
    <error message="Allocated 0 blocks. Requested 5 blocks" type="INTERNAL_ERROR org.apache.hadoop.ozone.om.exceptions.OMException">INTERNAL_ERROR org.apache.hadoop.ozone.om.exceptions.OMException: Allocated 0 blocks. Requested 5 blocks
	at org.apache.hadoop.ozone.om.protocolPB.OzoneManagerProtocolClientSideTranslatorPB.handleError(OzoneManagerProtocolClientSideTranslatorPB.java:732)
	at org.apache.hadoop.ozone.om.protocolPB.OzoneManagerProtocolClientSideTranslatorPB.openKey(OzoneManagerProtocolClientSideTranslatorPB.java:723)
	at sun.reflect.NativeMethodAccessorImpl.invoke0(Native Method)
	at sun.reflect.NativeMethodAccessorImpl.invoke(NativeMethodAccessorImpl.java:62)
	at sun.reflect.DelegatingMethodAccessorImpl.invoke(DelegatingMethodAccessorImpl.java:43)
	at java.lang.reflect.Method.invoke(Method.java:498)
	at org.apache.hadoop.hdds.tracing.TraceAllMethod.invoke(TraceAllMethod.java:66)
	at com.sun.proxy.$Proxy37.openKey(Unknown Source)
	at org.apache.hadoop.ozone.client.rpc.RpcClient.createKey(RpcClient.java:614)
	at org.apache.hadoop.ozone.client.OzoneBucket.createKey(OzoneBucket.java:325)
	at org.apache.hadoop.ozone.freon.RandomKeyGenerator.createKey(RandomKeyGenerator.java:695)
	at org.apache.hadoop.ozone.freon.RandomKeyGenerator.access$1100(RandomKeyGenerator.java:88)
	at org.apache.hadoop.ozone.freon.RandomKeyGenerator$ObjectCreator.run(RandomKeyGenerator.java:615)
	at java.util.concurrent.Executors$RunnableAdapter.call(Executors.java:511)
	at java.util.concurrent.FutureTask.run(FutureTask.java:266)
	at java.util.concurrent.ThreadPoolExecutor.runWorker(ThreadPoolExecutor.java:1149)
	at java.util.concurrent.ThreadPoolExecutor$Worker.run(ThreadPoolExecutor.java:624)
	at java.lang.Thread.run(Thread.java:748)
</error>
    <system-out><![CDATA[2019-09-25 06:57:24,200 [main] INFO  freon.RandomKeyGenerator (RandomKeyGenerator.java:call(258)) - Override validateWrites to false, because hdds.container.chunk.persistdata is set to false.
2019-09-25 06:57:24,212 [main] INFO  freon.RandomKeyGenerator (RandomKeyGenerator.java:call(283)) - Number of Threads: 10
2019-09-25 06:57:24,212 [main] INFO  freon.RandomKeyGenerator (RandomKeyGenerator.java:call(288)) - Number of Volumes: 1.
2019-09-25 06:57:24,212 [main] INFO  freon.RandomKeyGenerator (RandomKeyGenerator.java:call(289)) - Number of Buckets per Volume: 1.
2019-09-25 06:57:24,213 [main] INFO  freon.RandomKeyGenerator (RandomKeyGenerator.java:call(290)) - Number of Keys per Bucket: 1.
2019-09-25 06:57:24,213 [main] INFO  freon.RandomKeyGenerator (RandomKeyGenerator.java:call(291)) - Key size: 20971520 bytes
2019-09-25 06:57:24,213 [main] INFO  freon.RandomKeyGenerator (RandomKeyGenerator.java:call(292)) - Buffer size: 4096 bytes
2019-09-25 06:57:24,213 [main] INFO  freon.RandomKeyGenerator (RandomKeyGenerator.java:call(293)) - validateWrites : false
2019-09-25 06:57:24,214 [pool-74-thread-1] INFO  rpc.RpcClient (RpcClient.java:createVolume(276)) - Creating Volume: vol-0-31470, with jenkins1000 as owner.
2019-09-25 06:57:24,217 [main] INFO  freon.RandomKeyGenerator (RandomKeyGenerator.java:call(313)) - Starting progress bar Thread.

 0.00% |█                                                                                                    |  0/1 Time: 0:00:002019-09-25 06:57:24,218 [IPC Server handler 3 on 45720] INFO  volume.OMVolumeCreateRequest (OMVolumeCreateRequest.java:validateAndUpdateCache(189)) - created volume:vol-0-31470 for user:jenkins1000
2019-09-25 06:57:24,226 [pool-74-thread-2] INFO  rpc.RpcClient (RpcClient.java:createBucket(415)) - Creating Bucket: vol-0-31470/bucket-0-73605, with Versioning false and Storage Type set to DISK and Encryption set to false 
2019-09-25 06:57:24,240 [IPC Server handler 0 on 40260] INFO  pipeline.PipelinePlacementPolicy (PipelinePlacementPolicy.java:meetCriteria(91)) - Pipeline Placement: can't place more pipeline on heavy datanode： 653880d8-4d63-4a6f-aa71-df139f9890f6 Heaviness: 6 limit: 5
2019-09-25 06:57:24,240 [IPC Server handler 0 on 40260] INFO  pipeline.PipelinePlacementPolicy (PipelinePlacementPolicy.java:meetCriteria(91)) - Pipeline Placement: can't place more pipeline on heavy datanode： 2b17dc15-c51a-4943-889a-93383535507c Heaviness: 6 limit: 5
2019-09-25 06:57:24,240 [IPC Server handler 0 on 40260] INFO  pipeline.PipelinePlacementPolicy (PipelinePlacementPolicy.java:meetCriteria(91)) - Pipeline Placement: can't place more pipeline on heavy datanode： d70a231e-a310-420f-b479-fee7bb9573e2 Heaviness: 6 limit: 5
2019-09-25 06:57:24,241 [IPC Server handler 0 on 40260] INFO  pipeline.PipelinePlacementPolicy (PipelinePlacementPolicy.java:meetCriteria(91)) - Pipeline Placement: can't place more pipeline on heavy datanode： 4ea58b4a-8782-4322-ab8b-25eaf0c432e3 Heaviness: 6 limit: 5
2019-09-25 06:57:24,241 [IPC Server handler 0 on 40260] INFO  pipeline.PipelinePlacementPolicy (PipelinePlacementPolicy.java:meetCriteria(91)) - Pipeline Placement: can't place more pipeline on heavy datanode： 01553a77-28cd-4c2d-9e28-284eca33e668 Heaviness: 6 limit: 5
2019-09-25 06:57:24,241 [IPC Server handler 0 on 40260] ERROR pipeline.PipelinePlacementPolicy (PipelinePlacementPolicy.java:filterViableNodes(148)) - Unable to find enough nodes that meet the criteria that cannot engage in more than 5 pipelines. Nodes required: 3 Found: 0, healthy nodes count inNodeManager: 5.
2019-09-25 06:57:24,241 [IPC Server handler 0 on 40260] ERROR pipeline.SCMPipelineManager (SCMPipelineManager.java:createPipeline(167)) - Pipeline creation failed.
org.apache.hadoop.hdds.scm.exceptions.SCMException: Unable to find enough nodes that meet the criteria that cannot engage in more than 5 pipelines. Nodes required: 3 Found: 0, healthy nodes count inNodeManager: 5.
	at org.apache.hadoop.hdds.scm.pipeline.PipelinePlacementPolicy.filterViableNodes(PipelinePlacementPolicy.java:149)
	at org.apache.hadoop.hdds.scm.pipeline.PipelinePlacementPolicy.chooseDatanodes(PipelinePlacementPolicy.java:172)
	at org.apache.hadoop.hdds.scm.pipeline.RatisPipelineProvider.create(RatisPipelineProvider.java:93)
	at org.apache.hadoop.hdds.scm.pipeline.PipelineFactory.create(PipelineFactory.java:58)
	at org.apache.hadoop.hdds.scm.pipeline.SCMPipelineManager.createPipeline(SCMPipelineManager.java:155)
	at org.apache.hadoop.hdds.scm.block.BlockManagerImpl.allocateBlock(BlockManagerImpl.java:190)
	at org.apache.hadoop.hdds.scm.server.SCMBlockProtocolServer.allocateBlock(SCMBlockProtocolServer.java:182)
	at org.apache.hadoop.ozone.protocolPB.ScmBlockLocationProtocolServerSideTranslatorPB.allocateScmBlock(ScmBlockLocationProtocolServerSideTranslatorPB.java:183)
	at org.apache.hadoop.ozone.protocolPB.ScmBlockLocationProtocolServerSideTranslatorPB.processMessage(ScmBlockLocationProtocolServerSideTranslatorPB.java:141)
	at org.apache.hadoop.ozone.protocolPB.ScmBlockLocationProtocolServerSideTranslatorPB.send(ScmBlockLocationProtocolServerSideTranslatorPB.java:116)
	at org.apache.hadoop.hdds.protocol.proto.ScmBlockLocationProtocolProtos$ScmBlockLocationProtocolService$2.callBlockingMethod(ScmBlockLocationProtocolProtos.java:13157)
	at org.apache.hadoop.ipc.ProtobufRpcEngine$Server$ProtoBufRpcInvoker.call(ProtobufRpcEngine.java:524)
	at org.apache.hadoop.ipc.RPC$Server.call(RPC.java:1025)
	at org.apache.hadoop.ipc.Server$RpcCall.run(Server.java:876)
	at org.apache.hadoop.ipc.Server$RpcCall.run(Server.java:822)
	at java.security.AccessController.doPrivileged(Native Method)
	at javax.security.auth.Subject.doAs(Subject.java:422)
	at org.apache.hadoop.security.UserGroupInformation.doAs(UserGroupInformation.java:1730)
	at org.apache.hadoop.ipc.Server$Handler.run(Server.java:2682)
2019-09-25 06:57:24,242 [IPC Server handler 0 on 40260] WARN  block.BlockManagerImpl (BlockManagerImpl.java:allocateBlock(192)) - Pipeline creation failed for type:RATIS factor:THREE. Retrying get pipelines call once.
org.apache.hadoop.hdds.scm.exceptions.SCMException: Unable to find enough nodes that meet the criteria that cannot engage in more than 5 pipelines. Nodes required: 3 Found: 0, healthy nodes count inNodeManager: 5.
	at org.apache.hadoop.hdds.scm.pipeline.PipelinePlacementPolicy.filterViableNodes(PipelinePlacementPolicy.java:149)
	at org.apache.hadoop.hdds.scm.pipeline.PipelinePlacementPolicy.chooseDatanodes(PipelinePlacementPolicy.java:172)
	at org.apache.hadoop.hdds.scm.pipeline.RatisPipelineProvider.create(RatisPipelineProvider.java:93)
	at org.apache.hadoop.hdds.scm.pipeline.PipelineFactory.create(PipelineFactory.java:58)
	at org.apache.hadoop.hdds.scm.pipeline.SCMPipelineManager.createPipeline(SCMPipelineManager.java:155)
	at org.apache.hadoop.hdds.scm.block.BlockManagerImpl.allocateBlock(BlockManagerImpl.java:190)
	at org.apache.hadoop.hdds.scm.server.SCMBlockProtocolServer.allocateBlock(SCMBlockProtocolServer.java:182)
	at org.apache.hadoop.ozone.protocolPB.ScmBlockLocationProtocolServerSideTranslatorPB.allocateScmBlock(ScmBlockLocationProtocolServerSideTranslatorPB.java:183)
	at org.apache.hadoop.ozone.protocolPB.ScmBlockLocationProtocolServerSideTranslatorPB.processMessage(ScmBlockLocationProtocolServerSideTranslatorPB.java:141)
	at org.apache.hadoop.ozone.protocolPB.ScmBlockLocationProtocolServerSideTranslatorPB.send(ScmBlockLocationProtocolServerSideTranslatorPB.java:116)
	at org.apache.hadoop.hdds.protocol.proto.ScmBlockLocationProtocolProtos$ScmBlockLocationProtocolService$2.callBlockingMethod(ScmBlockLocationProtocolProtos.java:13157)
	at org.apache.hadoop.ipc.ProtobufRpcEngine$Server$ProtoBufRpcInvoker.call(ProtobufRpcEngine.java:524)
	at org.apache.hadoop.ipc.RPC$Server.call(RPC.java:1025)
	at org.apache.hadoop.ipc.Server$RpcCall.run(Server.java:876)
	at org.apache.hadoop.ipc.Server$RpcCall.run(Server.java:822)
	at java.security.AccessController.doPrivileged(Native Method)
	at javax.security.auth.Subject.doAs(Subject.java:422)
	at org.apache.hadoop.security.UserGroupInformation.doAs(UserGroupInformation.java:1730)
	at org.apache.hadoop.ipc.Server$Handler.run(Server.java:2682)
2019-09-25 06:57:24,248 [IPC Server handler 0 on 40260] INFO  block.BlockManagerImpl (BlockManagerImpl.java:allocateBlock(198)) - Could not find available pipeline of type:RATIS and factor:THREE even after retrying
2019-09-25 06:57:24,248 [IPC Server handler 0 on 40260] ERROR block.BlockManagerImpl (BlockManagerImpl.java:allocateBlock(222)) - Unable to allocate a block for the size: 4194304, type: RATIS, factor: THREE
2019-09-25 06:57:24,249 [IPC Server handler 0 on 40260] INFO  pipeline.PipelinePlacementPolicy (PipelinePlacementPolicy.java:meetCriteria(91)) - Pipeline Placement: can't place more pipeline on heavy datanode： 653880d8-4d63-4a6f-aa71-df139f9890f6 Heaviness: 6 limit: 5
2019-09-25 06:57:24,249 [IPC Server handler 0 on 40260] INFO  pipeline.PipelinePlacementPolicy (PipelinePlacementPolicy.java:meetCriteria(91)) - Pipeline Placement: can't place more pipeline on heavy datanode： 2b17dc15-c51a-4943-889a-93383535507c Heaviness: 6 limit: 5
2019-09-25 06:57:24,249 [IPC Server handler 0 on 40260] INFO  pipeline.PipelinePlacementPolicy (PipelinePlacementPolicy.java:meetCriteria(91)) - Pipeline Placement: can't place more pipeline on heavy datanode： d70a231e-a310-420f-b479-fee7bb9573e2 Heaviness: 6 limit: 5
2019-09-25 06:57:24,249 [IPC Server handler 0 on 40260] INFO  pipeline.PipelinePlacementPolicy (PipelinePlacementPolicy.java:meetCriteria(91)) - Pipeline Placement: can't place more pipeline on heavy datanode： 4ea58b4a-8782-4322-ab8b-25eaf0c432e3 Heaviness: 6 limit: 5
2019-09-25 06:57:24,250 [IPC Server handler 0 on 40260] INFO  pipeline.PipelinePlacementPolicy (PipelinePlacementPolicy.java:meetCriteria(91)) - Pipeline Placement: can't place more pipeline on heavy datanode： 01553a77-28cd-4c2d-9e28-284eca33e668 Heaviness: 6 limit: 5
2019-09-25 06:57:24,250 [IPC Server handler 0 on 40260] ERROR pipeline.PipelinePlacementPolicy (PipelinePlacementPolicy.java:filterViableNodes(148)) - Unable to find enough nodes that meet the criteria that cannot engage in more than 5 pipelines. Nodes required: 3 Found: 0, healthy nodes count inNodeManager: 5.
2019-09-25 06:57:24,250 [IPC Server handler 0 on 40260] ERROR pipeline.SCMPipelineManager (SCMPipelineManager.java:createPipeline(167)) - Pipeline creation failed.
org.apache.hadoop.hdds.scm.exceptions.SCMException: Unable to find enough nodes that meet the criteria that cannot engage in more than 5 pipelines. Nodes required: 3 Found: 0, healthy nodes count inNodeManager: 5.
	at org.apache.hadoop.hdds.scm.pipeline.PipelinePlacementPolicy.filterViableNodes(PipelinePlacementPolicy.java:149)
	at org.apache.hadoop.hdds.scm.pipeline.PipelinePlacementPolicy.chooseDatanodes(PipelinePlacementPolicy.java:172)
	at org.apache.hadoop.hdds.scm.pipeline.RatisPipelineProvider.create(RatisPipelineProvider.java:93)
	at org.apache.hadoop.hdds.scm.pipeline.PipelineFactory.create(PipelineFactory.java:58)
	at org.apache.hadoop.hdds.scm.pipeline.SCMPipelineManager.createPipeline(SCMPipelineManager.java:155)
	at org.apache.hadoop.hdds.scm.block.BlockManagerImpl.allocateBlock(BlockManagerImpl.java:190)
	at org.apache.hadoop.hdds.scm.server.SCMBlockProtocolServer.allocateBlock(SCMBlockProtocolServer.java:182)
	at org.apache.hadoop.ozone.protocolPB.ScmBlockLocationProtocolServerSideTranslatorPB.allocateScmBlock(ScmBlockLocationProtocolServerSideTranslatorPB.java:183)
	at org.apache.hadoop.ozone.protocolPB.ScmBlockLocationProtocolServerSideTranslatorPB.processMessage(ScmBlockLocationProtocolServerSideTranslatorPB.java:141)
	at org.apache.hadoop.ozone.protocolPB.ScmBlockLocationProtocolServerSideTranslatorPB.send(ScmBlockLocationProtocolServerSideTranslatorPB.java:116)
	at org.apache.hadoop.hdds.protocol.proto.ScmBlockLocationProtocolProtos$ScmBlockLocationProtocolService$2.callBlockingMethod(ScmBlockLocationProtocolProtos.java:13157)
	at org.apache.hadoop.ipc.ProtobufRpcEngine$Server$ProtoBufRpcInvoker.call(ProtobufRpcEngine.java:524)
	at org.apache.hadoop.ipc.RPC$Server.call(RPC.java:1025)
	at org.apache.hadoop.ipc.Server$RpcCall.run(Server.java:876)
	at org.apache.hadoop.ipc.Server$RpcCall.run(Server.java:822)
	at java.security.AccessController.doPrivileged(Native Method)
	at javax.security.auth.Subject.doAs(Subject.java:422)
	at org.apache.hadoop.security.UserGroupInformation.doAs(UserGroupInformation.java:1730)
	at org.apache.hadoop.ipc.Server$Handler.run(Server.java:2682)
2019-09-25 06:57:24,251 [IPC Server handler 0 on 40260] WARN  block.BlockManagerImpl (BlockManagerImpl.java:allocateBlock(192)) - Pipeline creation failed for type:RATIS factor:THREE. Retrying get pipelines call once.
org.apache.hadoop.hdds.scm.exceptions.SCMException: Unable to find enough nodes that meet the criteria that cannot engage in more than 5 pipelines. Nodes required: 3 Found: 0, healthy nodes count inNodeManager: 5.
	at org.apache.hadoop.hdds.scm.pipeline.PipelinePlacementPolicy.filterViableNodes(PipelinePlacementPolicy.java:149)
	at org.apache.hadoop.hdds.scm.pipeline.PipelinePlacementPolicy.chooseDatanodes(PipelinePlacementPolicy.java:172)
	at org.apache.hadoop.hdds.scm.pipeline.RatisPipelineProvider.create(RatisPipelineProvider.java:93)
	at org.apache.hadoop.hdds.scm.pipeline.PipelineFactory.create(PipelineFactory.java:58)
	at org.apache.hadoop.hdds.scm.pipeline.SCMPipelineManager.createPipeline(SCMPipelineManager.java:155)
	at org.apache.hadoop.hdds.scm.block.BlockManagerImpl.allocateBlock(BlockManagerImpl.java:190)
	at org.apache.hadoop.hdds.scm.server.SCMBlockProtocolServer.allocateBlock(SCMBlockProtocolServer.java:182)
	at org.apache.hadoop.ozone.protocolPB.ScmBlockLocationProtocolServerSideTranslatorPB.allocateScmBlock(ScmBlockLocationProtocolServerSideTranslatorPB.java:183)
	at org.apache.hadoop.ozone.protocolPB.ScmBlockLocationProtocolServerSideTranslatorPB.processMessage(ScmBlockLocationProtocolServerSideTranslatorPB.java:141)
	at org.apache.hadoop.ozone.protocolPB.ScmBlockLocationProtocolServerSideTranslatorPB.send(ScmBlockLocationProtocolServerSideTranslatorPB.java:116)
	at org.apache.hadoop.hdds.protocol.proto.ScmBlockLocationProtocolProtos$ScmBlockLocationProtocolService$2.callBlockingMethod(ScmBlockLocationProtocolProtos.java:13157)
	at org.apache.hadoop.ipc.ProtobufRpcEngine$Server$ProtoBufRpcInvoker.call(ProtobufRpcEngine.java:524)
	at org.apache.hadoop.ipc.RPC$Server.call(RPC.java:1025)
	at org.apache.hadoop.ipc.Server$RpcCall.run(Server.java:876)
	at org.apache.hadoop.ipc.Server$RpcCall.run(Server.java:822)
	at java.security.AccessController.doPrivileged(Native Method)
	at javax.security.auth.Subject.doAs(Subject.java:422)
	at org.apache.hadoop.security.UserGroupInformation.doAs(UserGroupInformation.java:1730)
	at org.apache.hadoop.ipc.Server$Handler.run(Server.java:2682)
2019-09-25 06:57:24,251 [IPC Server handler 0 on 40260] INFO  block.BlockManagerImpl (BlockManagerImpl.java:allocateBlock(198)) - Could not find available pipeline of type:RATIS and factor:THREE even after retrying
2019-09-25 06:57:24,251 [IPC Server handler 0 on 40260] ERROR block.BlockManagerImpl (BlockManagerImpl.java:allocateBlock(222)) - Unable to allocate a block for the size: 4194304, type: RATIS, factor: THREE
2019-09-25 06:57:24,251 [IPC Server handler 0 on 40260] INFO  pipeline.PipelinePlacementPolicy (PipelinePlacementPolicy.java:meetCriteria(91)) - Pipeline Placement: can't place more pipeline on heavy datanode： 653880d8-4d63-4a6f-aa71-df139f9890f6 Heaviness: 6 limit: 5
2019-09-25 06:57:24,252 [IPC Server handler 0 on 40260] INFO  pipeline.PipelinePlacementPolicy (PipelinePlacementPolicy.java:meetCriteria(91)) - Pipeline Placement: can't place more pipeline on heavy datanode： 2b17dc15-c51a-4943-889a-93383535507c Heaviness: 6 limit: 5
2019-09-25 06:57:24,252 [IPC Server handler 0 on 40260] INFO  pipeline.PipelinePlacementPolicy (PipelinePlacementPolicy.java:meetCriteria(91)) - Pipeline Placement: can't place more pipeline on heavy datanode： d70a231e-a310-420f-b479-fee7bb9573e2 Heaviness: 6 limit: 5
2019-09-25 06:57:24,252 [IPC Server handler 0 on 40260] INFO  pipeline.PipelinePlacementPolicy (PipelinePlacementPolicy.java:meetCriteria(91)) - Pipeline Placement: can't place more pipeline on heavy datanode： 4ea58b4a-8782-4322-ab8b-25eaf0c432e3 Heaviness: 6 limit: 5
2019-09-25 06:57:24,252 [IPC Server handler 0 on 40260] INFO  pipeline.PipelinePlacementPolicy (PipelinePlacementPolicy.java:meetCriteria(91)) - Pipeline Placement: can't place more pipeline on heavy datanode： 01553a77-28cd-4c2d-9e28-284eca33e668 Heaviness: 6 limit: 5
2019-09-25 06:57:24,253 [IPC Server handler 0 on 40260] ERROR pipeline.PipelinePlacementPolicy (PipelinePlacementPolicy.java:filterViableNodes(148)) - Unable to find enough nodes that meet the criteria that cannot engage in more than 5 pipelines. Nodes required: 3 Found: 0, healthy nodes count inNodeManager: 5.
2019-09-25 06:57:24,253 [IPC Server handler 0 on 40260] ERROR pipeline.SCMPipelineManager (SCMPipelineManager.java:createPipeline(167)) - Pipeline creation failed.
org.apache.hadoop.hdds.scm.exceptions.SCMException: Unable to find enough nodes that meet the criteria that cannot engage in more than 5 pipelines. Nodes required: 3 Found: 0, healthy nodes count inNodeManager: 5.
	at org.apache.hadoop.hdds.scm.pipeline.PipelinePlacementPolicy.filterViableNodes(PipelinePlacementPolicy.java:149)
	at org.apache.hadoop.hdds.scm.pipeline.PipelinePlacementPolicy.chooseDatanodes(PipelinePlacementPolicy.java:172)
	at org.apache.hadoop.hdds.scm.pipeline.RatisPipelineProvider.create(RatisPipelineProvider.java:93)
	at org.apache.hadoop.hdds.scm.pipeline.PipelineFactory.create(PipelineFactory.java:58)
	at org.apache.hadoop.hdds.scm.pipeline.SCMPipelineManager.createPipeline(SCMPipelineManager.java:155)
	at org.apache.hadoop.hdds.scm.block.BlockManagerImpl.allocateBlock(BlockManagerImpl.java:190)
	at org.apache.hadoop.hdds.scm.server.SCMBlockProtocolServer.allocateBlock(SCMBlockProtocolServer.java:182)
	at org.apache.hadoop.ozone.protocolPB.ScmBlockLocationProtocolServerSideTranslatorPB.allocateScmBlock(ScmBlockLocationProtocolServerSideTranslatorPB.java:183)
	at org.apache.hadoop.ozone.protocolPB.ScmBlockLocationProtocolServerSideTranslatorPB.processMessage(ScmBlockLocationProtocolServerSideTranslatorPB.java:141)
	at org.apache.hadoop.ozone.protocolPB.ScmBlockLocationProtocolServerSideTranslatorPB.send(ScmBlockLocationProtocolServerSideTranslatorPB.java:116)
	at org.apache.hadoop.hdds.protocol.proto.ScmBlockLocationProtocolProtos$ScmBlockLocationProtocolService$2.callBlockingMethod(ScmBlockLocationProtocolProtos.java:13157)
	at org.apache.hadoop.ipc.ProtobufRpcEngine$Server$ProtoBufRpcInvoker.call(ProtobufRpcEngine.java:524)
	at org.apache.hadoop.ipc.RPC$Server.call(RPC.java:1025)
	at org.apache.hadoop.ipc.Server$RpcCall.run(Server.java:876)
	at org.apache.hadoop.ipc.Server$RpcCall.run(Server.java:822)
	at java.security.AccessController.doPrivileged(Native Method)
	at javax.security.auth.Subject.doAs(Subject.java:422)
	at org.apache.hadoop.security.UserGroupInformation.doAs(UserGroupInformation.java:1730)
	at org.apache.hadoop.ipc.Server$Handler.run(Server.java:2682)
2019-09-25 06:57:24,253 [IPC Server handler 0 on 40260] WARN  block.BlockManagerImpl (BlockManagerImpl.java:allocateBlock(192)) - Pipeline creation failed for type:RATIS factor:THREE. Retrying get pipelines call once.
org.apache.hadoop.hdds.scm.exceptions.SCMException: Unable to find enough nodes that meet the criteria that cannot engage in more than 5 pipelines. Nodes required: 3 Found: 0, healthy nodes count inNodeManager: 5.
	at org.apache.hadoop.hdds.scm.pipeline.PipelinePlacementPolicy.filterViableNodes(PipelinePlacementPolicy.java:149)
	at org.apache.hadoop.hdds.scm.pipeline.PipelinePlacementPolicy.chooseDatanodes(PipelinePlacementPolicy.java:172)
	at org.apache.hadoop.hdds.scm.pipeline.RatisPipelineProvider.create(RatisPipelineProvider.java:93)
	at org.apache.hadoop.hdds.scm.pipeline.PipelineFactory.create(PipelineFactory.java:58)
	at org.apache.hadoop.hdds.scm.pipeline.SCMPipelineManager.createPipeline(SCMPipelineManager.java:155)
	at org.apache.hadoop.hdds.scm.block.BlockManagerImpl.allocateBlock(BlockManagerImpl.java:190)
	at org.apache.hadoop.hdds.scm.server.SCMBlockProtocolServer.allocateBlock(SCMBlockProtocolServer.java:182)
	at org.apache.hadoop.ozone.protocolPB.ScmBlockLocationProtocolServerSideTranslatorPB.allocateScmBlock(ScmBlockLocationProtocolServerSideTranslatorPB.java:183)
	at org.apache.hadoop.ozone.protocolPB.ScmBlockLocationProtocolServerSideTranslatorPB.processMessage(ScmBlockLocationProtocolServerSideTranslatorPB.java:141)
	at org.apache.hadoop.ozone.protocolPB.ScmBlockLocationProtocolServerSideTranslatorPB.send(ScmBlockLocationProtocolServerSideTranslatorPB.java:116)
	at org.apache.hadoop.hdds.protocol.proto.ScmBlockLocationProtocolProtos$ScmBlockLocationProtocolService$2.callBlockingMethod(ScmBlockLocationProtocolProtos.java:13157)
	at org.apache.hadoop.ipc.ProtobufRpcEngine$Server$ProtoBufRpcInvoker.call(ProtobufRpcEngine.java:524)
	at org.apache.hadoop.ipc.RPC$Server.call(RPC.java:1025)
	at org.apache.hadoop.ipc.Server$RpcCall.run(Server.java:876)
	at org.apache.hadoop.ipc.Server$RpcCall.run(Server.java:822)
	at java.security.AccessController.doPrivileged(Native Method)
	at javax.security.auth.Subject.doAs(Subject.java:422)
	at org.apache.hadoop.security.UserGroupInformation.doAs(UserGroupInformation.java:1730)
	at org.apache.hadoop.ipc.Server$Handler.run(Server.java:2682)
2019-09-25 06:57:24,254 [IPC Server handler 0 on 40260] INFO  block.BlockManagerImpl (BlockManagerImpl.java:allocateBlock(198)) - Could not find available pipeline of type:RATIS and factor:THREE even after retrying
2019-09-25 06:57:24,254 [IPC Server handler 0 on 40260] ERROR block.BlockManagerImpl (BlockManagerImpl.java:allocateBlock(222)) - Unable to allocate a block for the size: 4194304, type: RATIS, factor: THREE
2019-09-25 06:57:24,254 [IPC Server handler 0 on 40260] INFO  pipeline.PipelinePlacementPolicy (PipelinePlacementPolicy.java:meetCriteria(91)) - Pipeline Placement: can't place more pipeline on heavy datanode： 653880d8-4d63-4a6f-aa71-df139f9890f6 Heaviness: 6 limit: 5
2019-09-25 06:57:24,254 [IPC Server handler 0 on 40260] INFO  pipeline.PipelinePlacementPolicy (PipelinePlacementPolicy.java:meetCriteria(91)) - Pipeline Placement: can't place more pipeline on heavy datanode： 2b17dc15-c51a-4943-889a-93383535507c Heaviness: 6 limit: 5
2019-09-25 06:57:24,254 [IPC Server handler 0 on 40260] INFO  pipeline.PipelinePlacementPolicy (PipelinePlacementPolicy.java:meetCriteria(91)) - Pipeline Placement: can't place more pipeline on heavy datanode： d70a231e-a310-420f-b479-fee7bb9573e2 Heaviness: 6 limit: 5
2019-09-25 06:57:24,255 [IPC Server handler 0 on 40260] INFO  pipeline.PipelinePlacementPolicy (PipelinePlacementPolicy.java:meetCriteria(91)) - Pipeline Placement: can't place more pipeline on heavy datanode： 4ea58b4a-8782-4322-ab8b-25eaf0c432e3 Heaviness: 6 limit: 5
2019-09-25 06:57:24,255 [IPC Server handler 0 on 40260] INFO  pipeline.PipelinePlacementPolicy (PipelinePlacementPolicy.java:meetCriteria(91)) - Pipeline Placement: can't place more pipeline on heavy datanode： 01553a77-28cd-4c2d-9e28-284eca33e668 Heaviness: 6 limit: 5
2019-09-25 06:57:24,255 [IPC Server handler 0 on 40260] ERROR pipeline.PipelinePlacementPolicy (PipelinePlacementPolicy.java:filterViableNodes(148)) - Unable to find enough nodes that meet the criteria that cannot engage in more than 5 pipelines. Nodes required: 3 Found: 0, healthy nodes count inNodeManager: 5.
2019-09-25 06:57:24,255 [IPC Server handler 0 on 40260] ERROR pipeline.SCMPipelineManager (SCMPipelineManager.java:createPipeline(167)) - Pipeline creation failed.
org.apache.hadoop.hdds.scm.exceptions.SCMException: Unable to find enough nodes that meet the criteria that cannot engage in more than 5 pipelines. Nodes required: 3 Found: 0, healthy nodes count inNodeManager: 5.
	at org.apache.hadoop.hdds.scm.pipeline.PipelinePlacementPolicy.filterViableNodes(PipelinePlacementPolicy.java:149)
	at org.apache.hadoop.hdds.scm.pipeline.PipelinePlacementPolicy.chooseDatanodes(PipelinePlacementPolicy.java:172)
	at org.apache.hadoop.hdds.scm.pipeline.RatisPipelineProvider.create(RatisPipelineProvider.java:93)
	at org.apache.hadoop.hdds.scm.pipeline.PipelineFactory.create(PipelineFactory.java:58)
	at org.apache.hadoop.hdds.scm.pipeline.SCMPipelineManager.createPipeline(SCMPipelineManager.java:155)
	at org.apache.hadoop.hdds.scm.block.BlockManagerImpl.allocateBlock(BlockManagerImpl.java:190)
	at org.apache.hadoop.hdds.scm.server.SCMBlockProtocolServer.allocateBlock(SCMBlockProtocolServer.java:182)
	at org.apache.hadoop.ozone.protocolPB.ScmBlockLocationProtocolServerSideTranslatorPB.allocateScmBlock(ScmBlockLocationProtocolServerSideTranslatorPB.java:183)
	at org.apache.hadoop.ozone.protocolPB.ScmBlockLocationProtocolServerSideTranslatorPB.processMessage(ScmBlockLocationProtocolServerSideTranslatorPB.java:141)
	at org.apache.hadoop.ozone.protocolPB.ScmBlockLocationProtocolServerSideTranslatorPB.send(ScmBlockLocationProtocolServerSideTranslatorPB.java:116)
	at org.apache.hadoop.hdds.protocol.proto.ScmBlockLocationProtocolProtos$ScmBlockLocationProtocolService$2.callBlockingMethod(ScmBlockLocationProtocolProtos.java:13157)
	at org.apache.hadoop.ipc.ProtobufRpcEngine$Server$ProtoBufRpcInvoker.call(ProtobufRpcEngine.java:524)
	at org.apache.hadoop.ipc.RPC$Server.call(RPC.java:1025)
	at org.apache.hadoop.ipc.Server$RpcCall.run(Server.java:876)
	at org.apache.hadoop.ipc.Server$RpcCall.run(Server.java:822)
	at java.security.AccessController.doPrivileged(Native Method)
	at javax.security.auth.Subject.doAs(Subject.java:422)
	at org.apache.hadoop.security.UserGroupInformation.doAs(UserGroupInformation.java:1730)
	at org.apache.hadoop.ipc.Server$Handler.run(Server.java:2682)
2019-09-25 06:57:24,256 [IPC Server handler 0 on 40260] WARN  block.BlockManagerImpl (BlockManagerImpl.java:allocateBlock(192)) - Pipeline creation failed for type:RATIS factor:THREE. Retrying get pipelines call once.
org.apache.hadoop.hdds.scm.exceptions.SCMException: Unable to find enough nodes that meet the criteria that cannot engage in more than 5 pipelines. Nodes required: 3 Found: 0, healthy nodes count inNodeManager: 5.
	at org.apache.hadoop.hdds.scm.pipeline.PipelinePlacementPolicy.filterViableNodes(PipelinePlacementPolicy.java:149)
	at org.apache.hadoop.hdds.scm.pipeline.PipelinePlacementPolicy.chooseDatanodes(PipelinePlacementPolicy.java:172)
	at org.apache.hadoop.hdds.scm.pipeline.RatisPipelineProvider.create(RatisPipelineProvider.java:93)
	at org.apache.hadoop.hdds.scm.pipeline.PipelineFactory.create(PipelineFactory.java:58)
	at org.apache.hadoop.hdds.scm.pipeline.SCMPipelineManager.createPipeline(SCMPipelineManager.java:155)
	at org.apache.hadoop.hdds.scm.block.BlockManagerImpl.allocateBlock(BlockManagerImpl.java:190)
	at org.apache.hadoop.hdds.scm.server.SCMBlockProtocolServer.allocateBlock(SCMBlockProtocolServer.java:182)
	at org.apache.hadoop.ozone.protocolPB.ScmBlockLocationProtocolServerSideTranslatorPB.allocateScmBlock(ScmBlockLocationProtocolServerSideTranslatorPB.java:183)
	at org.apache.hadoop.ozone.protocolPB.ScmBlockLocationProtocolServerSideTranslatorPB.processMessage(ScmBlockLocationProtocolServerSideTranslatorPB.java:141)
	at org.apache.hadoop.ozone.protocolPB.ScmBlockLocationProtocolServerSideTranslatorPB.send(ScmBlockLocationProtocolServerSideTranslatorPB.java:116)
	at org.apache.hadoop.hdds.protocol.proto.ScmBlockLocationProtocolProtos$ScmBlockLocationProtocolService$2.callBlockingMethod(ScmBlockLocationProtocolProtos.java:13157)
	at org.apache.hadoop.ipc.ProtobufRpcEngine$Server$ProtoBufRpcInvoker.call(ProtobufRpcEngine.java:524)
	at org.apache.hadoop.ipc.RPC$Server.call(RPC.java:1025)
	at org.apache.hadoop.ipc.Server$RpcCall.run(Server.java:876)
	at org.apache.hadoop.ipc.Server$RpcCall.run(Server.java:822)
	at java.security.AccessController.doPrivileged(Native Method)
	at javax.security.auth.Subject.doAs(Subject.java:422)
	at org.apache.hadoop.security.UserGroupInformation.doAs(UserGroupInformation.java:1730)
	at org.apache.hadoop.ipc.Server$Handler.run(Server.java:2682)
2019-09-25 06:57:24,256 [IPC Server handler 0 on 40260] INFO  block.BlockManagerImpl (BlockManagerImpl.java:allocateBlock(198)) - Could not find available pipeline of type:RATIS and factor:THREE even after retrying
2019-09-25 06:57:24,256 [IPC Server handler 0 on 40260] ERROR block.BlockManagerImpl (BlockManagerImpl.java:allocateBlock(222)) - Unable to allocate a block for the size: 4194304, type: RATIS, factor: THREE
2019-09-25 06:57:24,256 [IPC Server handler 0 on 40260] INFO  pipeline.PipelinePlacementPolicy (PipelinePlacementPolicy.java:meetCriteria(91)) - Pipeline Placement: can't place more pipeline on heavy datanode： 653880d8-4d63-4a6f-aa71-df139f9890f6 Heaviness: 6 limit: 5
2019-09-25 06:57:24,257 [IPC Server handler 0 on 40260] INFO  pipeline.PipelinePlacementPolicy (PipelinePlacementPolicy.java:meetCriteria(91)) - Pipeline Placement: can't place more pipeline on heavy datanode： 2b17dc15-c51a-4943-889a-93383535507c Heaviness: 6 limit: 5
2019-09-25 06:57:24,257 [IPC Server handler 0 on 40260] INFO  pipeline.PipelinePlacementPolicy (PipelinePlacementPolicy.java:meetCriteria(91)) - Pipeline Placement: can't place more pipeline on heavy datanode： d70a231e-a310-420f-b479-fee7bb9573e2 Heaviness: 6 limit: 5
2019-09-25 06:57:24,257 [IPC Server handler 0 on 40260] INFO  pipeline.PipelinePlacementPolicy (PipelinePlacementPolicy.java:meetCriteria(91)) - Pipeline Placement: can't place more pipeline on heavy datanode： 4ea58b4a-8782-4322-ab8b-25eaf0c432e3 Heaviness: 6 limit: 5
2019-09-25 06:57:24,257 [IPC Server handler 0 on 40260] INFO  pipeline.PipelinePlacementPolicy (PipelinePlacementPolicy.java:meetCriteria(91)) - Pipeline Placement: can't place more pipeline on heavy datanode： 01553a77-28cd-4c2d-9e28-284eca33e668 Heaviness: 6 limit: 5
2019-09-25 06:57:24,257 [IPC Server handler 0 on 40260] ERROR pipeline.PipelinePlacementPolicy (PipelinePlacementPolicy.java:filterViableNodes(148)) - Unable to find enough nodes that meet the criteria that cannot engage in more than 5 pipelines. Nodes required: 3 Found: 0, healthy nodes count inNodeManager: 5.
2019-09-25 06:57:24,258 [IPC Server handler 0 on 40260] ERROR pipeline.SCMPipelineManager (SCMPipelineManager.java:createPipeline(167)) - Pipeline creation failed.
org.apache.hadoop.hdds.scm.exceptions.SCMException: Unable to find enough nodes that meet the criteria that cannot engage in more than 5 pipelines. Nodes required: 3 Found: 0, healthy nodes count inNodeManager: 5.
	at org.apache.hadoop.hdds.scm.pipeline.PipelinePlacementPolicy.filterViableNodes(PipelinePlacementPolicy.java:149)
	at org.apache.hadoop.hdds.scm.pipeline.PipelinePlacementPolicy.chooseDatanodes(PipelinePlacementPolicy.java:172)
	at org.apache.hadoop.hdds.scm.pipeline.RatisPipelineProvider.create(RatisPipelineProvider.java:93)
	at org.apache.hadoop.hdds.scm.pipeline.PipelineFactory.create(PipelineFactory.java:58)
	at org.apache.hadoop.hdds.scm.pipeline.SCMPipelineManager.createPipeline(SCMPipelineManager.java:155)
	at org.apache.hadoop.hdds.scm.block.BlockManagerImpl.allocateBlock(BlockManagerImpl.java:190)
	at org.apache.hadoop.hdds.scm.server.SCMBlockProtocolServer.allocateBlock(SCMBlockProtocolServer.java:182)
	at org.apache.hadoop.ozone.protocolPB.ScmBlockLocationProtocolServerSideTranslatorPB.allocateScmBlock(ScmBlockLocationProtocolServerSideTranslatorPB.java:183)
	at org.apache.hadoop.ozone.protocolPB.ScmBlockLocationProtocolServerSideTranslatorPB.processMessage(ScmBlockLocationProtocolServerSideTranslatorPB.java:141)
	at org.apache.hadoop.ozone.protocolPB.ScmBlockLocationProtocolServerSideTranslatorPB.send(ScmBlockLocationProtocolServerSideTranslatorPB.java:116)
	at org.apache.hadoop.hdds.protocol.proto.ScmBlockLocationProtocolProtos$ScmBlockLocationProtocolService$2.callBlockingMethod(ScmBlockLocationProtocolProtos.java:13157)
	at org.apache.hadoop.ipc.ProtobufRpcEngine$Server$ProtoBufRpcInvoker.call(ProtobufRpcEngine.java:524)
	at org.apache.hadoop.ipc.RPC$Server.call(RPC.java:1025)
	at org.apache.hadoop.ipc.Server$RpcCall.run(Server.java:876)
	at org.apache.hadoop.ipc.Server$RpcCall.run(Server.java:822)
	at java.security.AccessController.doPrivileged(Native Method)
	at javax.security.auth.Subject.doAs(Subject.java:422)
	at org.apache.hadoop.security.UserGroupInformation.doAs(UserGroupInformation.java:1730)
	at org.apache.hadoop.ipc.Server$Handler.run(Server.java:2682)
2019-09-25 06:57:24,258 [IPC Server handler 0 on 40260] WARN  block.BlockManagerImpl (BlockManagerImpl.java:allocateBlock(192)) - Pipeline creation failed for type:RATIS factor:THREE. Retrying get pipelines call once.
org.apache.hadoop.hdds.scm.exceptions.SCMException: Unable to find enough nodes that meet the criteria that cannot engage in more than 5 pipelines. Nodes required: 3 Found: 0, healthy nodes count inNodeManager: 5.
	at org.apache.hadoop.hdds.scm.pipeline.PipelinePlacementPolicy.filterViableNodes(PipelinePlacementPolicy.java:149)
	at org.apache.hadoop.hdds.scm.pipeline.PipelinePlacementPolicy.chooseDatanodes(PipelinePlacementPolicy.java:172)
	at org.apache.hadoop.hdds.scm.pipeline.RatisPipelineProvider.create(RatisPipelineProvider.java:93)
	at org.apache.hadoop.hdds.scm.pipeline.PipelineFactory.create(PipelineFactory.java:58)
	at org.apache.hadoop.hdds.scm.pipeline.SCMPipelineManager.createPipeline(SCMPipelineManager.java:155)
	at org.apache.hadoop.hdds.scm.block.BlockManagerImpl.allocateBlock(BlockManagerImpl.java:190)
	at org.apache.hadoop.hdds.scm.server.SCMBlockProtocolServer.allocateBlock(SCMBlockProtocolServer.java:182)
	at org.apache.hadoop.ozone.protocolPB.ScmBlockLocationProtocolServerSideTranslatorPB.allocateScmBlock(ScmBlockLocationProtocolServerSideTranslatorPB.java:183)
	at org.apache.hadoop.ozone.protocolPB.ScmBlockLocationProtocolServerSideTranslatorPB.processMessage(ScmBlockLocationProtocolServerSideTranslatorPB.java:141)
	at org.apache.hadoop.ozone.protocolPB.ScmBlockLocationProtocolServerSideTranslatorPB.send(ScmBlockLocationProtocolServerSideTranslatorPB.java:116)
	at org.apache.hadoop.hdds.protocol.proto.ScmBlockLocationProtocolProtos$ScmBlockLocationProtocolService$2.callBlockingMethod(ScmBlockLocationProtocolProtos.java:13157)
	at org.apache.hadoop.ipc.ProtobufRpcEngine$Server$ProtoBufRpcInvoker.call(ProtobufRpcEngine.java:524)
	at org.apache.hadoop.ipc.RPC$Server.call(RPC.java:1025)
	at org.apache.hadoop.ipc.Server$RpcCall.run(Server.java:876)
	at org.apache.hadoop.ipc.Server$RpcCall.run(Server.java:822)
	at java.security.AccessController.doPrivileged(Native Method)
	at javax.security.auth.Subject.doAs(Subject.java:422)
	at org.apache.hadoop.security.UserGroupInformation.doAs(UserGroupInformation.java:1730)
	at org.apache.hadoop.ipc.Server$Handler.run(Server.java:2682)
2019-09-25 06:57:24,259 [IPC Server handler 0 on 40260] INFO  block.BlockManagerImpl (BlockManagerImpl.java:allocateBlock(198)) - Could not find available pipeline of type:RATIS and factor:THREE even after retrying
2019-09-25 06:57:24,259 [IPC Server handler 0 on 40260] ERROR block.BlockManagerImpl (BlockManagerImpl.java:allocateBlock(222)) - Unable to allocate a block for the size: 4194304, type: RATIS, factor: THREE
2019-09-25 06:57:24,263 [pool-74-thread-3] ERROR freon.RandomKeyGenerator (RandomKeyGenerator.java:createKey(733)) - Exception while adding key: key-0-83958 in bucket: bucket-0-73605 of volume: vol-0-31470.
INTERNAL_ERROR org.apache.hadoop.ozone.om.exceptions.OMException: Allocated 0 blocks. Requested 5 blocks
	at org.apache.hadoop.ozone.om.protocolPB.OzoneManagerProtocolClientSideTranslatorPB.handleError(OzoneManagerProtocolClientSideTranslatorPB.java:732)
	at org.apache.hadoop.ozone.om.protocolPB.OzoneManagerProtocolClientSideTranslatorPB.openKey(OzoneManagerProtocolClientSideTranslatorPB.java:723)
	at sun.reflect.NativeMethodAccessorImpl.invoke0(Native Method)
	at sun.reflect.NativeMethodAccessorImpl.invoke(NativeMethodAccessorImpl.java:62)
	at sun.reflect.DelegatingMethodAccessorImpl.invoke(DelegatingMethodAccessorImpl.java:43)
	at java.lang.reflect.Method.invoke(Method.java:498)
	at org.apache.hadoop.hdds.tracing.TraceAllMethod.invoke(TraceAllMethod.java:66)
	at com.sun.proxy.$Proxy37.openKey(Unknown Source)
	at org.apache.hadoop.ozone.client.rpc.RpcClient.createKey(RpcClient.java:614)
	at org.apache.hadoop.ozone.client.OzoneBucket.createKey(OzoneBucket.java:325)
	at org.apache.hadoop.ozone.freon.RandomKeyGenerator.createKey(RandomKeyGenerator.java:695)
	at org.apache.hadoop.ozone.freon.RandomKeyGenerator.access$1100(RandomKeyGenerator.java:88)
	at org.apache.hadoop.ozone.freon.RandomKeyGenerator$ObjectCreator.run(RandomKeyGenerator.java:615)
	at java.util.concurrent.Executors$RunnableAdapter.call(Executors.java:511)
	at java.util.concurrent.FutureTask.run(FutureTask.java:266)
	at java.util.concurrent.ThreadPoolExecutor.runWorker(ThreadPoolExecutor.java:1149)
	at java.util.concurrent.ThreadPoolExecutor$Worker.run(ThreadPoolExecutor.java:624)
	at java.lang.Thread.run(Thread.java:748)
 0.00% |█                                                                                                    |  0/1 Time: 0:00:01 0.00% |█                                                                                                    |  0/1 Time: 0:00:02 0.00% |█                                                                                                    |  0/1 Time: 0:00:03 0.00% |█                                                                                                    |  0/1 Time: 0:00:04 100.00% |█████████████████████████████████████████████████████████████████████████████████████████████████████|  1/1 Time: 0:00:05
]]></system-out>
  </testcase>
</testsuite>