<?xml version="1.0" encoding="UTF-8"?>
<testsuite xmlns:xsi="http://www.w3.org/2001/XMLSchema-instance" xsi:noNamespaceSchemaLocation="https://maven.apache.org/surefire/maven-surefire-plugin/xsd/surefire-test-report.xsd" name="org.apache.hadoop.ozone.freon.TestDataValidateWithUnsafeByteOperations" time="215.276" tests="3" errors="1" skipped="0" failures="0">
  <properties>
    <property name="awt.toolkit" value="sun.awt.X11.XToolkit"/>
    <property name="file.encoding.pkg" value="sun.io"/>
    <property name="java.specification.version" value="1.8"/>
    <property name="sun.cpu.isalist" value=""/>
    <property name="sun.jnu.encoding" value="UTF-8"/>
    <property name="java.class.path" value="/workdir/hadoop-ozone/tools/target/test-classes:/workdir/hadoop-ozone/tools/target/classes:/home/user/.m2/repository/org/apache/hadoop/hadoop-ozone-ozone-manager/0.5.0-SNAPSHOT/hadoop-ozone-ozone-manager-0.5.0-SNAPSHOT.jar:/home/user/.m2/repository/org/apache/hadoop/hadoop-hdds-docs/0.5.0-SNAPSHOT/hadoop-hdds-docs-0.5.0-SNAPSHOT.jar:/home/user/.m2/repository/org/bouncycastle/bcprov-jdk15on/1.60/bcprov-jdk15on-1.60.jar:/home/user/.m2/repository/org/apache/hadoop/hadoop-ozone-common/0.5.0-SNAPSHOT/hadoop-ozone-common-0.5.0-SNAPSHOT.jar:/home/user/.m2/repository/org/apache/commons/commons-compress/1.4.1/commons-compress-1.4.1.jar:/home/user/.m2/repository/org/tukaani/xz/1.0/xz-1.0.jar:/home/user/.m2/repository/org/apache/hadoop/hadoop-hdfs-client/3.2.0/hadoop-hdfs-client-3.2.0.jar:/home/user/.m2/repository/com/fasterxml/jackson/core/jackson-annotations/2.9.9/jackson-annotations-2.9.9.jar:/home/user/.m2/repository/org/apache/hadoop/hadoop-hdds-common/0.5.0-SNAPSHOT/hadoop-hdds-common-0.5.0-SNAPSHOT.jar:/home/user/.m2/repository/org/apache/hadoop/hadoop-hdds-config/0.5.0-SNAPSHOT/hadoop-hdds-config-0.5.0-SNAPSHOT.jar:/home/user/.m2/repository/javax/annotation/javax.annotation-api/1.2/javax.annotation-api-1.2.jar:/home/user/.m2/repository/org/apache/ratis/ratis-server/0.4.0/ratis-server-0.4.0.jar:/home/user/.m2/repository/org/apache/ratis/ratis-thirdparty-misc/0.2.0/ratis-thirdparty-misc-0.2.0.jar:/home/user/.m2/repository/org/apache/ratis/ratis-proto/0.4.0/ratis-proto-0.4.0.jar:/home/user/.m2/repository/org/apache/ratis/ratis-common/0.4.0/ratis-common-0.4.0.jar:/home/user/.m2/repository/org/apache/ratis/ratis-client/0.4.0/ratis-client-0.4.0.jar:/home/user/.m2/repository/org/apache/ratis/ratis-metrics/0.4.0/ratis-metrics-0.4.0.jar:/home/user/.m2/repository/com/github/joshelser/dropwizard-metrics-hadoop-metrics2-reporter/0.1.2/dropwizard-metrics-hadoop-metrics2-reporter-0.1.2.jar:/home/user/.m2/repository/io/dropwizard/metrics/metrics-jvm/3.2.5/metrics-jvm-3.2.5.jar:/home/user/.m2/repository/io/dropwizard/metrics/metrics-ganglia/3.2.5/metrics-ganglia-3.2.5.jar:/home/user/.m2/repository/info/ganglia/gmetric4j/gmetric4j/1.0.7/gmetric4j-1.0.7.jar:/home/user/.m2/repository/org/apache/ratis/ratis-netty/0.4.0/ratis-netty-0.4.0.jar:/home/user/.m2/repository/org/apache/ratis/ratis-grpc/0.4.0/ratis-grpc-0.4.0.jar:/home/user/.m2/repository/org/rocksdb/rocksdbjni/6.0.1/rocksdbjni-6.0.1.jar:/home/user/.m2/repository/org/apache/logging/log4j/log4j-api/2.11.0/log4j-api-2.11.0.jar:/home/user/.m2/repository/org/apache/logging/log4j/log4j-core/2.11.0/log4j-core-2.11.0.jar:/home/user/.m2/repository/com/lmax/disruptor/3.4.2/disruptor-3.4.2.jar:/home/user/.m2/repository/org/apache/commons/commons-pool2/2.6.0/commons-pool2-2.6.0.jar:/home/user/.m2/repository/org/bouncycastle/bcpkix-jdk15on/1.60/bcpkix-jdk15on-1.60.jar:/home/user/.m2/repository/commons-validator/commons-validator/1.6/commons-validator-1.6.jar:/home/user/.m2/repository/commons-digester/commons-digester/1.8.1/commons-digester-1.8.1.jar:/home/user/.m2/repository/io/jaegertracing/jaeger-client/0.34.0/jaeger-client-0.34.0.jar:/home/user/.m2/repository/io/jaegertracing/jaeger-thrift/0.34.0/jaeger-thrift-0.34.0.jar:/home/user/.m2/repository/org/apache/thrift/libthrift/0.12.0/libthrift-0.12.0.jar:/home/user/.m2/repository/com/squareup/okhttp3/okhttp/3.9.0/okhttp-3.9.0.jar:/home/user/.m2/repository/com/squareup/okio/okio/1.13.0/okio-1.13.0.jar:/home/user/.m2/repository/io/jaegertracing/jaeger-core/0.34.0/jaeger-core-0.34.0.jar:/home/user/.m2/repository/io/jaegertracing/jaeger-tracerresolver/0.34.0/jaeger-tracerresolver-0.34.0.jar:/home/user/.m2/repository/io/opentracing/contrib/opentracing-tracerresolver/0.1.5/opentracing-tracerresolver-0.1.5.jar:/home/user/.m2/repository/io/opentracing/opentracing-util/0.31.0/opentracing-util-0.31.0.jar:/home/user/.m2/repository/io/opentracing/opentracing-api/0.31.0/opentracing-api-0.31.0.jar:/home/user/.m2/repository/io/opentracing/opentracing-noop/0.31.0/opentracing-noop-0.31.0.jar:/home/user/.m2/repository/org/yaml/snakeyaml/1.16/snakeyaml-1.16.jar:/home/user/.m2/repository/org/apache/hadoop/hadoop-hdds-container-service/0.5.0-SNAPSHOT/hadoop-hdds-container-service-0.5.0-SNAPSHOT.jar:/home/user/.m2/repository/org/apache/hadoop/hadoop-hdds-client/0.5.0-SNAPSHOT/hadoop-hdds-client-0.5.0-SNAPSHOT.jar:/home/user/.m2/repository/org/apache/hadoop/hadoop-hdds-tools/0.5.0-SNAPSHOT/hadoop-hdds-tools-0.5.0-SNAPSHOT.jar:/home/user/.m2/repository/org/xerial/sqlite-jdbc/3.25.2/sqlite-jdbc-3.25.2.jar:/home/user/.m2/repository/org/apache/hadoop/hadoop-hdds-server-scm/0.5.0-SNAPSHOT/hadoop-hdds-server-scm-0.5.0-SNAPSHOT.jar:/home/user/.m2/repository/org/hamcrest/hamcrest-all/1.3/hamcrest-all-1.3.jar:/home/user/.m2/repository/info/picocli/picocli/3.9.6/picocli-3.9.6.jar:/home/user/.m2/repository/com/google/protobuf/protobuf-java/2.5.0/protobuf-java-2.5.0.jar:/home/user/.m2/repository/com/google/guava/guava/11.0.2/guava-11.0.2.jar:/home/user/.m2/repository/org/apache/hadoop/hadoop-ozone-client/0.5.0-SNAPSHOT/hadoop-ozone-client-0.5.0-SNAPSHOT.jar:/workdir/hadoop-ozone/ozonefs/target/classes:/home/user/.m2/repository/org/apache/hadoop/hadoop-hdds-server-framework/0.5.0-SNAPSHOT/hadoop-hdds-server-framework-0.5.0-SNAPSHOT.jar:/home/user/.m2/repository/org/apache/hadoop/hadoop-common/3.2.0/hadoop-common-3.2.0.jar:/home/user/.m2/repository/org/apache/hadoop/hadoop-annotations/3.2.0/hadoop-annotations-3.2.0.jar:/usr/lib/jvm/java-1.8-openjdk/jre/../lib/tools.jar:/home/user/.m2/repository/commons-cli/commons-cli/1.2/commons-cli-1.2.jar:/home/user/.m2/repository/org/apache/commons/commons-math3/3.1.1/commons-math3-3.1.1.jar:/home/user/.m2/repository/org/apache/httpcomponents/httpclient/4.5.2/httpclient-4.5.2.jar:/home/user/.m2/repository/org/apache/httpcomponents/httpcore/4.4.4/httpcore-4.4.4.jar:/home/user/.m2/repository/commons-codec/commons-codec/1.11/commons-codec-1.11.jar:/home/user/.m2/repository/commons-io/commons-io/2.5/commons-io-2.5.jar:/home/user/.m2/repository/commons-net/commons-net/3.6/commons-net-3.6.jar:/home/user/.m2/repository/commons-collections/commons-collections/3.2.2/commons-collections-3.2.2.jar:/home/user/.m2/repository/javax/servlet/javax.servlet-api/3.1.0/javax.servlet-api-3.1.0.jar:/home/user/.m2/repository/org/eclipse/jetty/jetty-server/9.3.25.v20180904/jetty-server-9.3.25.v20180904.jar:/home/user/.m2/repository/org/eclipse/jetty/jetty-http/9.3.25.v20180904/jetty-http-9.3.25.v20180904.jar:/home/user/.m2/repository/org/eclipse/jetty/jetty-io/9.3.25.v20180904/jetty-io-9.3.25.v20180904.jar:/home/user/.m2/repository/org/eclipse/jetty/jetty-util/9.3.25.v20180904/jetty-util-9.3.25.v20180904.jar:/home/user/.m2/repository/org/eclipse/jetty/jetty-servlet/9.3.25.v20180904/jetty-servlet-9.3.25.v20180904.jar:/home/user/.m2/repository/org/eclipse/jetty/jetty-security/9.3.25.v20180904/jetty-security-9.3.25.v20180904.jar:/home/user/.m2/repository/org/eclipse/jetty/jetty-webapp/9.3.25.v20180904/jetty-webapp-9.3.25.v20180904.jar:/home/user/.m2/repository/org/eclipse/jetty/jetty-xml/9.3.25.v20180904/jetty-xml-9.3.25.v20180904.jar:/home/user/.m2/repository/javax/servlet/jsp/jsp-api/2.1/jsp-api-2.1.jar:/home/user/.m2/repository/com/sun/jersey/jersey-core/1.19/jersey-core-1.19.jar:/home/user/.m2/repository/javax/ws/rs/jsr311-api/1.1.1/jsr311-api-1.1.1.jar:/home/user/.m2/repository/com/sun/jersey/jersey-servlet/1.19/jersey-servlet-1.19.jar:/home/user/.m2/repository/com/sun/jersey/jersey-json/1.19/jersey-json-1.19.jar:/home/user/.m2/repository/org/codehaus/jettison/jettison/1.1/jettison-1.1.jar:/home/user/.m2/repository/com/sun/xml/bind/jaxb-impl/2.3.0.1/jaxb-impl-2.3.0.1.jar:/home/user/.m2/repository/org/codehaus/jackson/jackson-core-asl/1.9.13/jackson-core-asl-1.9.13.jar:/home/user/.m2/repository/org/codehaus/jackson/jackson-mapper-asl/1.9.13/jackson-mapper-asl-1.9.13.jar:/home/user/.m2/repository/org/codehaus/jackson/jackson-jaxrs/1.9.13/jackson-jaxrs-1.9.13.jar:/home/user/.m2/repository/org/codehaus/jackson/jackson-xc/1.9.13/jackson-xc-1.9.13.jar:/home/user/.m2/repository/com/sun/jersey/jersey-server/1.19/jersey-server-1.19.jar:/home/user/.m2/repository/commons-logging/commons-logging/1.1.3/commons-logging-1.1.3.jar:/home/user/.m2/repository/log4j/log4j/1.2.17/log4j-1.2.17.jar:/home/user/.m2/repository/commons-beanutils/commons-beanutils/1.9.4/commons-beanutils-1.9.4.jar:/home/user/.m2/repository/org/apache/commons/commons-configuration2/2.1.1/commons-configuration2-2.1.1.jar:/home/user/.m2/repository/org/apache/commons/commons-lang3/3.7/commons-lang3-3.7.jar:/home/user/.m2/repository/org/apache/commons/commons-text/1.4/commons-text-1.4.jar:/home/user/.m2/repository/org/slf4j/slf4j-api/1.7.25/slf4j-api-1.7.25.jar:/home/user/.m2/repository/org/slf4j/slf4j-log4j12/1.7.25/slf4j-log4j12-1.7.25.jar:/home/user/.m2/repository/org/apache/avro/avro/1.7.7/avro-1.7.7.jar:/home/user/.m2/repository/com/thoughtworks/paranamer/paranamer/2.3/paranamer-2.3.jar:/home/user/.m2/repository/org/xerial/snappy/snappy-java/1.0.5/snappy-java-1.0.5.jar:/home/user/.m2/repository/com/google/re2j/re2j/1.1/re2j-1.1.jar:/home/user/.m2/repository/com/google/code/gson/gson/2.2.4/gson-2.2.4.jar:/home/user/.m2/repository/org/apache/hadoop/hadoop-auth/3.2.0/hadoop-auth-3.2.0.jar:/home/user/.m2/repository/com/nimbusds/nimbus-jose-jwt/4.41.1/nimbus-jose-jwt-4.41.1.jar:/home/user/.m2/repository/com/github/stephenc/jcip/jcip-annotations/1.0-1/jcip-annotations-1.0-1.jar:/home/user/.m2/repository/net/minidev/json-smart/2.3/json-smart-2.3.jar:/home/user/.m2/repository/net/minidev/accessors-smart/1.2/accessors-smart-1.2.jar:/home/user/.m2/repository/org/apache/curator/curator-framework/2.12.0/curator-framework-2.12.0.jar:/home/user/.m2/repository/com/jcraft/jsch/0.1.54/jsch-0.1.54.jar:/home/user/.m2/repository/org/apache/curator/curator-client/2.12.0/curator-client-2.12.0.jar:/home/user/.m2/repository/org/apache/curator/curator-recipes/2.12.0/curator-recipes-2.12.0.jar:/home/user/.m2/repository/com/google/code/findbugs/jsr305/3.0.0/jsr305-3.0.0.jar:/home/user/.m2/repository/org/apache/htrace/htrace-core4/4.1.0-incubating/htrace-core4-4.1.0-incubating.jar:/home/user/.m2/repository/org/apache/zookeeper/zookeeper/3.4.13/zookeeper-3.4.13.jar:/home/user/.m2/repository/jline/jline/0.9.94/jline-0.9.94.jar:/home/user/.m2/repository/org/apache/yetus/audience-annotations/0.5.0/audience-annotations-0.5.0.jar:/home/user/.m2/repository/org/apache/kerby/kerb-simplekdc/1.0.1/kerb-simplekdc-1.0.1.jar:/home/user/.m2/repository/org/apache/kerby/kerb-client/1.0.1/kerb-client-1.0.1.jar:/home/user/.m2/repository/org/apache/kerby/kerby-config/1.0.1/kerby-config-1.0.1.jar:/home/user/.m2/repository/org/apache/kerby/kerb-core/1.0.1/kerb-core-1.0.1.jar:/home/user/.m2/repository/org/apache/kerby/kerby-pkix/1.0.1/kerby-pkix-1.0.1.jar:/home/user/.m2/repository/org/apache/kerby/kerby-asn1/1.0.1/kerby-asn1-1.0.1.jar:/home/user/.m2/repository/org/apache/kerby/kerby-util/1.0.1/kerby-util-1.0.1.jar:/home/user/.m2/repository/org/apache/kerby/kerb-common/1.0.1/kerb-common-1.0.1.jar:/home/user/.m2/repository/org/apache/kerby/kerb-crypto/1.0.1/kerb-crypto-1.0.1.jar:/home/user/.m2/repository/org/apache/kerby/kerb-util/1.0.1/kerb-util-1.0.1.jar:/home/user/.m2/repository/org/apache/kerby/token-provider/1.0.1/token-provider-1.0.1.jar:/home/user/.m2/repository/org/apache/kerby/kerb-admin/1.0.1/kerb-admin-1.0.1.jar:/home/user/.m2/repository/org/apache/kerby/kerb-server/1.0.1/kerb-server-1.0.1.jar:/home/user/.m2/repository/org/apache/kerby/kerb-identity/1.0.1/kerb-identity-1.0.1.jar:/home/user/.m2/repository/org/apache/kerby/kerby-xdr/1.0.1/kerby-xdr-1.0.1.jar:/home/user/.m2/repository/com/fasterxml/jackson/core/jackson-databind/2.9.9/jackson-databind-2.9.9.jar:/home/user/.m2/repository/com/fasterxml/jackson/core/jackson-core/2.9.9/jackson-core-2.9.9.jar:/home/user/.m2/repository/org/codehaus/woodstox/stax2-api/3.1.4/stax2-api-3.1.4.jar:/home/user/.m2/repository/com/fasterxml/woodstox/woodstox-core/5.0.3/woodstox-core-5.0.3.jar:/home/user/.m2/repository/dnsjava/dnsjava/2.1.7/dnsjava-2.1.7.jar:/home/user/.m2/repository/org/apache/hadoop/hadoop-hdfs/3.2.0/hadoop-hdfs-3.2.0.jar:/home/user/.m2/repository/org/eclipse/jetty/jetty-util-ajax/9.3.25.v20180904/jetty-util-ajax-9.3.25.v20180904.jar:/home/user/.m2/repository/commons-daemon/commons-daemon/1.0.13/commons-daemon-1.0.13.jar:/home/user/.m2/repository/io/netty/netty/3.10.5.Final/netty-3.10.5.Final.jar:/home/user/.m2/repository/io/netty/netty-all/4.0.52.Final/netty-all-4.0.52.Final.jar:/home/user/.m2/repository/org/fusesource/leveldbjni/leveldbjni-all/1.8/leveldbjni-all-1.8.jar:/home/user/.m2/repository/com/sun/xml/bind/jaxb-core/2.3.0.1/jaxb-core-2.3.0.1.jar:/home/user/.m2/repository/javax/xml/bind/jaxb-api/2.3.0/jaxb-api-2.3.0.jar:/home/user/.m2/repository/javax/activation/activation/1.1.1/activation-1.1.1.jar:/home/user/.m2/repository/io/dropwizard/metrics/metrics-core/3.2.4/metrics-core-3.2.4.jar:/home/user/.m2/repository/org/openjdk/jmh/jmh-core/1.19/jmh-core-1.19.jar:/home/user/.m2/repository/net/sf/jopt-simple/jopt-simple/4.6/jopt-simple-4.6.jar:/home/user/.m2/repository/org/openjdk/jmh/jmh-generator-annprocess/1.19/jmh-generator-annprocess-1.19.jar:/home/user/.m2/repository/com/amazonaws/aws-java-sdk-s3/1.11.615/aws-java-sdk-s3-1.11.615.jar:/home/user/.m2/repository/com/amazonaws/aws-java-sdk-kms/1.11.615/aws-java-sdk-kms-1.11.615.jar:/home/user/.m2/repository/com/amazonaws/aws-java-sdk-core/1.11.615/aws-java-sdk-core-1.11.615.jar:/home/user/.m2/repository/software/amazon/ion/ion-java/1.0.2/ion-java-1.0.2.jar:/home/user/.m2/repository/com/fasterxml/jackson/dataformat/jackson-dataformat-cbor/2.9.9/jackson-dataformat-cbor-2.9.9.jar:/home/user/.m2/repository/joda-time/joda-time/2.9.9/joda-time-2.9.9.jar:/home/user/.m2/repository/com/amazonaws/jmespath-java/1.11.615/jmespath-java-1.11.615.jar:/home/user/.m2/repository/com/google/code/findbugs/findbugs/3.0.1/findbugs-3.0.1.jar:/home/user/.m2/repository/net/jcip/jcip-annotations/1.0/jcip-annotations-1.0.jar:/home/user/.m2/repository/com/google/code/findbugs/bcel-findbugs/6.0/bcel-findbugs-6.0.jar:/home/user/.m2/repository/com/google/code/findbugs/jFormatString/2.0.1/jFormatString-2.0.1.jar:/home/user/.m2/repository/dom4j/dom4j/1.6.1/dom4j-1.6.1.jar:/home/user/.m2/repository/xml-apis/xml-apis/1.0.b2/xml-apis-1.0.b2.jar:/home/user/.m2/repository/org/ow2/asm/asm-debug-all/5.0.2/asm-debug-all-5.0.2.jar:/home/user/.m2/repository/org/ow2/asm/asm-commons/5.0.2/asm-commons-5.0.2.jar:/home/user/.m2/repository/org/ow2/asm/asm-tree/5.0.2/asm-tree-5.0.2.jar:/home/user/.m2/repository/org/ow2/asm/asm/5.0.4/asm-5.0.4.jar:/home/user/.m2/repository/commons-lang/commons-lang/2.6/commons-lang-2.6.jar:/home/user/.m2/repository/com/apple/AppleJavaExtensions/1.4/AppleJavaExtensions-1.4.jar:/home/user/.m2/repository/jaxen/jaxen/1.1.6/jaxen-1.1.6.jar:/home/user/.m2/repository/junit/junit/4.11/junit-4.11.jar:/home/user/.m2/repository/org/hamcrest/hamcrest-core/1.3/hamcrest-core-1.3.jar:/home/user/.m2/repository/org/apache/hadoop/hadoop-common/3.2.0/hadoop-common-3.2.0-tests.jar:/workdir/hadoop-ozone/integration-test/target/test-classes:/home/user/.m2/repository/org/apache/hadoop/hadoop-ozone-s3gateway/0.5.0-SNAPSHOT/hadoop-ozone-s3gateway-0.5.0-SNAPSHOT.jar:/home/user/.m2/repository/org/jboss/weld/servlet/weld-servlet/2.4.7.Final/weld-servlet-2.4.7.Final.jar:/home/user/.m2/repository/org/glassfish/jersey/containers/jersey-container-servlet-core/2.27/jersey-container-servlet-core-2.27.jar:/home/user/.m2/repository/org/glassfish/hk2/external/javax.inject/2.5.0-b42/javax.inject-2.5.0-b42.jar:/home/user/.m2/repository/org/glassfish/jersey/core/jersey-common/2.27/jersey-common-2.27.jar:/home/user/.m2/repository/org/glassfish/hk2/osgi-resource-locator/1.0.1/osgi-resource-locator-1.0.1.jar:/home/user/.m2/repository/javax/ws/rs/javax.ws.rs-api/2.1/javax.ws.rs-api-2.1.jar:/home/user/.m2/repository/org/glassfish/jersey/ext/cdi/jersey-cdi1x/2.27/jersey-cdi1x-2.27.jar:/home/user/.m2/repository/org/glassfish/jersey/inject/jersey-hk2/2.27/jersey-hk2-2.27.jar:/home/user/.m2/repository/org/glassfish/hk2/hk2-locator/2.5.0-b42/hk2-locator-2.5.0-b42.jar:/home/user/.m2/repository/org/javassist/javassist/3.22.0-CR2/javassist-3.22.0-CR2.jar:/home/user/.m2/repository/org/glassfish/hk2/hk2-api/2.5.0/hk2-api-2.5.0.jar:/home/user/.m2/repository/org/glassfish/hk2/external/jakarta.inject/2.5.0/jakarta.inject-2.5.0.jar:/home/user/.m2/repository/org/glassfish/hk2/hk2-utils/2.5.0/hk2-utils-2.5.0.jar:/home/user/.m2/repository/jakarta/annotation/jakarta.annotation-api/1.3.4/jakarta.annotation-api-1.3.4.jar:/home/user/.m2/repository/org/glassfish/hk2/external/aopalliance-repackaged/2.5.0/aopalliance-repackaged-2.5.0.jar:/home/user/.m2/repository/com/fasterxml/jackson/dataformat/jackson-dataformat-xml/2.9.0/jackson-dataformat-xml-2.9.0.jar:/home/user/.m2/repository/com/fasterxml/jackson/module/jackson-module-jaxb-annotations/2.9.9/jackson-module-jaxb-annotations-2.9.9.jar:/home/user/.m2/repository/javax/enterprise/cdi-api/1.2/cdi-api-1.2.jar:/home/user/.m2/repository/javax/el/javax.el-api/3.0.0/javax.el-api-3.0.0.jar:/home/user/.m2/repository/javax/interceptor/javax.interceptor-api/1.2/javax.interceptor-api-1.2.jar:/home/user/.m2/repository/javax/inject/javax.inject/1/javax.inject-1.jar:/home/user/.m2/repository/org/apache/hadoop/hadoop-ozone-csi/0.5.0-SNAPSHOT/hadoop-ozone-csi-0.5.0-SNAPSHOT.jar:/home/user/.m2/repository/com/google/protobuf/protobuf-java-util/3.5.1/protobuf-java-util-3.5.1.jar:/home/user/.m2/repository/io/grpc/grpc-netty/1.17.1/grpc-netty-1.17.1.jar:/home/user/.m2/repository/io/grpc/grpc-core/1.17.1/grpc-core-1.17.1.jar:/home/user/.m2/repository/io/grpc/grpc-context/1.17.1/grpc-context-1.17.1.jar:/home/user/.m2/repository/com/google/errorprone/error_prone_annotations/2.2.0/error_prone_annotations-2.2.0.jar:/home/user/.m2/repository/org/codehaus/mojo/animal-sniffer-annotations/1.17/animal-sniffer-annotations-1.17.jar:/home/user/.m2/repository/io/opencensus/opencensus-api/0.17.0/opencensus-api-0.17.0.jar:/home/user/.m2/repository/io/opencensus/opencensus-contrib-grpc-metrics/0.17.0/opencensus-contrib-grpc-metrics-0.17.0.jar:/home/user/.m2/repository/io/netty/netty-codec-http2/4.1.30.Final/netty-codec-http2-4.1.30.Final.jar:/home/user/.m2/repository/io/netty/netty-codec-http/4.1.30.Final/netty-codec-http-4.1.30.Final.jar:/home/user/.m2/repository/io/netty/netty-codec/4.1.30.Final/netty-codec-4.1.30.Final.jar:/home/user/.m2/repository/io/netty/netty-handler/4.1.30.Final/netty-handler-4.1.30.Final.jar:/home/user/.m2/repository/io/netty/netty-handler-proxy/4.1.30.Final/netty-handler-proxy-4.1.30.Final.jar:/home/user/.m2/repository/io/netty/netty-codec-socks/4.1.30.Final/netty-codec-socks-4.1.30.Final.jar:/home/user/.m2/repository/io/netty/netty-transport-native-epoll/4.1.30.Final/netty-transport-native-epoll-4.1.30.Final.jar:/home/user/.m2/repository/io/netty/netty-common/4.1.30.Final/netty-common-4.1.30.Final.jar:/home/user/.m2/repository/io/netty/netty-buffer/4.1.30.Final/netty-buffer-4.1.30.Final.jar:/home/user/.m2/repository/io/netty/netty-transport/4.1.30.Final/netty-transport-4.1.30.Final.jar:/home/user/.m2/repository/io/netty/netty-resolver/4.1.30.Final/netty-resolver-4.1.30.Final.jar:/home/user/.m2/repository/io/netty/netty-transport-native-unix-common/4.1.30.Final/netty-transport-native-unix-common-4.1.30.Final.jar:/home/user/.m2/repository/io/grpc/grpc-protobuf/1.17.1/grpc-protobuf-1.17.1.jar:/home/user/.m2/repository/com/google/api/grpc/proto-google-common-protos/1.0.0/proto-google-common-protos-1.0.0.jar:/home/user/.m2/repository/io/grpc/grpc-protobuf-lite/1.17.1/grpc-protobuf-lite-1.17.1.jar:/home/user/.m2/repository/io/grpc/grpc-stub/1.17.1/grpc-stub-1.17.1.jar:/home/user/.m2/repository/org/apache/hadoop/hadoop-ozone-recon/0.5.0-SNAPSHOT/hadoop-ozone-recon-0.5.0-SNAPSHOT.jar:/home/user/.m2/repository/org/apache/hadoop/hadoop-ozone-reconcodegen/0.5.0-SNAPSHOT/hadoop-ozone-reconcodegen-0.5.0-SNAPSHOT.jar:/home/user/.m2/repository/com/google/inject/extensions/guice-multibindings/4.0/guice-multibindings-4.0.jar:/home/user/.m2/repository/com/google/inject/guice/4.0/guice-4.0.jar:/home/user/.m2/repository/aopalliance/aopalliance/1.0/aopalliance-1.0.jar:/home/user/.m2/repository/com/google/inject/extensions/guice-servlet/4.0/guice-servlet-4.0.jar:/home/user/.m2/repository/org/glassfish/jersey/containers/jersey-container-servlet/2.27/jersey-container-servlet-2.27.jar:/home/user/.m2/repository/org/glassfish/hk2/guice-bridge/2.5.0/guice-bridge-2.5.0.jar:/home/user/.m2/repository/org/glassfish/jersey/core/jersey-server/2.27/jersey-server-2.27.jar:/home/user/.m2/repository/org/glassfish/jersey/core/jersey-client/2.27/jersey-client-2.27.jar:/home/user/.m2/repository/org/glassfish/jersey/media/jersey-media-jaxb/2.27/jersey-media-jaxb-2.27.jar:/home/user/.m2/repository/javax/validation/validation-api/1.1.0.Final/validation-api-1.1.0.Final.jar:/home/user/.m2/repository/org/glassfish/jersey/media/jersey-media-json-jackson/2.27/jersey-media-json-jackson-2.27.jar:/home/user/.m2/repository/org/glassfish/jersey/ext/jersey-entity-filtering/2.27/jersey-entity-filtering-2.27.jar:/home/user/.m2/repository/com/google/inject/extensions/guice-assistedinject/4.0/guice-assistedinject-4.0.jar:/home/user/.m2/repository/org/jooq/jooq/3.11.10/jooq-3.11.10.jar:/home/user/.m2/repository/org/jooq/jooq-meta/3.11.10/jooq-meta-3.11.10.jar:/home/user/.m2/repository/org/jooq/jooq-codegen/3.11.10/jooq-codegen-3.11.10.jar:/home/user/.m2/repository/com/jolbox/bonecp/0.8.0.RELEASE/bonecp-0.8.0.RELEASE.jar:/home/user/.m2/repository/org/springframework/spring-jdbc/5.1.3.RELEASE/spring-jdbc-5.1.3.RELEASE.jar:/home/user/.m2/repository/org/springframework/spring-beans/5.1.3.RELEASE/spring-beans-5.1.3.RELEASE.jar:/home/user/.m2/repository/org/springframework/spring-core/5.1.3.RELEASE/spring-core-5.1.3.RELEASE.jar:/home/user/.m2/repository/org/springframework/spring-jcl/5.1.3.RELEASE/spring-jcl-5.1.3.RELEASE.jar:/home/user/.m2/repository/org/springframework/spring-tx/5.1.3.RELEASE/spring-tx-5.1.3.RELEASE.jar:/home/user/.m2/repository/org/mockito/mockito-core/2.15.0/mockito-core-2.15.0.jar:/home/user/.m2/repository/net/bytebuddy/byte-buddy/1.7.9/byte-buddy-1.7.9.jar:/home/user/.m2/repository/net/bytebuddy/byte-buddy-agent/1.7.9/byte-buddy-agent-1.7.9.jar:/home/user/.m2/repository/org/objenesis/objenesis/1.0/objenesis-1.0.jar:"/>
    <property name="java.vm.vendor" value="IcedTea"/>
    <property name="sun.arch.data.model" value="64"/>
    <property name="test.build.dir" value="/workdir/hadoop-ozone/tools/target/test-dir"/>
    <property name="test.cache.data" value=""/>
    <property name="java.vendor.url" value="https://icedtea.classpath.org"/>
    <property name="user.timezone" value=""/>
    <property name="java.vm.specification.version" value="1.8"/>
    <property name="os.name" value="Linux"/>
    <property name="test.build.data" value="/workdir/hadoop-ozone/tools/target/test-dir"/>
    <property name="user.country" value="US"/>
    <property name="sun.java.launcher" value="SUN_STANDARD"/>
    <property name="sun.boot.library.path" value="/usr/lib/jvm/java-1.8-openjdk/jre/lib/amd64"/>
    <property name="sun.java.command" value="/workdir/hadoop-ozone/tools/target/surefire/surefirebooter3738616826666731772.jar /workdir/hadoop-ozone/tools/target/surefire 2019-09-25T04-13-15_280-jvmRun1 surefire2952618832772265299tmp surefire_1134355840638135828345tmp"/>
    <property name="test" value="!TestMiniChaosOzoneCluster"/>
    <property name="surefire.test.class.path" value="/workdir/hadoop-ozone/tools/target/test-classes:/workdir/hadoop-ozone/tools/target/classes:/home/user/.m2/repository/org/apache/hadoop/hadoop-ozone-ozone-manager/0.5.0-SNAPSHOT/hadoop-ozone-ozone-manager-0.5.0-SNAPSHOT.jar:/home/user/.m2/repository/org/apache/hadoop/hadoop-hdds-docs/0.5.0-SNAPSHOT/hadoop-hdds-docs-0.5.0-SNAPSHOT.jar:/home/user/.m2/repository/org/bouncycastle/bcprov-jdk15on/1.60/bcprov-jdk15on-1.60.jar:/home/user/.m2/repository/org/apache/hadoop/hadoop-ozone-common/0.5.0-SNAPSHOT/hadoop-ozone-common-0.5.0-SNAPSHOT.jar:/home/user/.m2/repository/org/apache/commons/commons-compress/1.4.1/commons-compress-1.4.1.jar:/home/user/.m2/repository/org/tukaani/xz/1.0/xz-1.0.jar:/home/user/.m2/repository/org/apache/hadoop/hadoop-hdfs-client/3.2.0/hadoop-hdfs-client-3.2.0.jar:/home/user/.m2/repository/com/fasterxml/jackson/core/jackson-annotations/2.9.9/jackson-annotations-2.9.9.jar:/home/user/.m2/repository/org/apache/hadoop/hadoop-hdds-common/0.5.0-SNAPSHOT/hadoop-hdds-common-0.5.0-SNAPSHOT.jar:/home/user/.m2/repository/org/apache/hadoop/hadoop-hdds-config/0.5.0-SNAPSHOT/hadoop-hdds-config-0.5.0-SNAPSHOT.jar:/home/user/.m2/repository/javax/annotation/javax.annotation-api/1.2/javax.annotation-api-1.2.jar:/home/user/.m2/repository/org/apache/ratis/ratis-server/0.4.0/ratis-server-0.4.0.jar:/home/user/.m2/repository/org/apache/ratis/ratis-thirdparty-misc/0.2.0/ratis-thirdparty-misc-0.2.0.jar:/home/user/.m2/repository/org/apache/ratis/ratis-proto/0.4.0/ratis-proto-0.4.0.jar:/home/user/.m2/repository/org/apache/ratis/ratis-common/0.4.0/ratis-common-0.4.0.jar:/home/user/.m2/repository/org/apache/ratis/ratis-client/0.4.0/ratis-client-0.4.0.jar:/home/user/.m2/repository/org/apache/ratis/ratis-metrics/0.4.0/ratis-metrics-0.4.0.jar:/home/user/.m2/repository/com/github/joshelser/dropwizard-metrics-hadoop-metrics2-reporter/0.1.2/dropwizard-metrics-hadoop-metrics2-reporter-0.1.2.jar:/home/user/.m2/repository/io/dropwizard/metrics/metrics-jvm/3.2.5/metrics-jvm-3.2.5.jar:/home/user/.m2/repository/io/dropwizard/metrics/metrics-ganglia/3.2.5/metrics-ganglia-3.2.5.jar:/home/user/.m2/repository/info/ganglia/gmetric4j/gmetric4j/1.0.7/gmetric4j-1.0.7.jar:/home/user/.m2/repository/org/apache/ratis/ratis-netty/0.4.0/ratis-netty-0.4.0.jar:/home/user/.m2/repository/org/apache/ratis/ratis-grpc/0.4.0/ratis-grpc-0.4.0.jar:/home/user/.m2/repository/org/rocksdb/rocksdbjni/6.0.1/rocksdbjni-6.0.1.jar:/home/user/.m2/repository/org/apache/logging/log4j/log4j-api/2.11.0/log4j-api-2.11.0.jar:/home/user/.m2/repository/org/apache/logging/log4j/log4j-core/2.11.0/log4j-core-2.11.0.jar:/home/user/.m2/repository/com/lmax/disruptor/3.4.2/disruptor-3.4.2.jar:/home/user/.m2/repository/org/apache/commons/commons-pool2/2.6.0/commons-pool2-2.6.0.jar:/home/user/.m2/repository/org/bouncycastle/bcpkix-jdk15on/1.60/bcpkix-jdk15on-1.60.jar:/home/user/.m2/repository/commons-validator/commons-validator/1.6/commons-validator-1.6.jar:/home/user/.m2/repository/commons-digester/commons-digester/1.8.1/commons-digester-1.8.1.jar:/home/user/.m2/repository/io/jaegertracing/jaeger-client/0.34.0/jaeger-client-0.34.0.jar:/home/user/.m2/repository/io/jaegertracing/jaeger-thrift/0.34.0/jaeger-thrift-0.34.0.jar:/home/user/.m2/repository/org/apache/thrift/libthrift/0.12.0/libthrift-0.12.0.jar:/home/user/.m2/repository/com/squareup/okhttp3/okhttp/3.9.0/okhttp-3.9.0.jar:/home/user/.m2/repository/com/squareup/okio/okio/1.13.0/okio-1.13.0.jar:/home/user/.m2/repository/io/jaegertracing/jaeger-core/0.34.0/jaeger-core-0.34.0.jar:/home/user/.m2/repository/io/jaegertracing/jaeger-tracerresolver/0.34.0/jaeger-tracerresolver-0.34.0.jar:/home/user/.m2/repository/io/opentracing/contrib/opentracing-tracerresolver/0.1.5/opentracing-tracerresolver-0.1.5.jar:/home/user/.m2/repository/io/opentracing/opentracing-util/0.31.0/opentracing-util-0.31.0.jar:/home/user/.m2/repository/io/opentracing/opentracing-api/0.31.0/opentracing-api-0.31.0.jar:/home/user/.m2/repository/io/opentracing/opentracing-noop/0.31.0/opentracing-noop-0.31.0.jar:/home/user/.m2/repository/org/yaml/snakeyaml/1.16/snakeyaml-1.16.jar:/home/user/.m2/repository/org/apache/hadoop/hadoop-hdds-container-service/0.5.0-SNAPSHOT/hadoop-hdds-container-service-0.5.0-SNAPSHOT.jar:/home/user/.m2/repository/org/apache/hadoop/hadoop-hdds-client/0.5.0-SNAPSHOT/hadoop-hdds-client-0.5.0-SNAPSHOT.jar:/home/user/.m2/repository/org/apache/hadoop/hadoop-hdds-tools/0.5.0-SNAPSHOT/hadoop-hdds-tools-0.5.0-SNAPSHOT.jar:/home/user/.m2/repository/org/xerial/sqlite-jdbc/3.25.2/sqlite-jdbc-3.25.2.jar:/home/user/.m2/repository/org/apache/hadoop/hadoop-hdds-server-scm/0.5.0-SNAPSHOT/hadoop-hdds-server-scm-0.5.0-SNAPSHOT.jar:/home/user/.m2/repository/org/hamcrest/hamcrest-all/1.3/hamcrest-all-1.3.jar:/home/user/.m2/repository/info/picocli/picocli/3.9.6/picocli-3.9.6.jar:/home/user/.m2/repository/com/google/protobuf/protobuf-java/2.5.0/protobuf-java-2.5.0.jar:/home/user/.m2/repository/com/google/guava/guava/11.0.2/guava-11.0.2.jar:/home/user/.m2/repository/org/apache/hadoop/hadoop-ozone-client/0.5.0-SNAPSHOT/hadoop-ozone-client-0.5.0-SNAPSHOT.jar:/workdir/hadoop-ozone/ozonefs/target/classes:/home/user/.m2/repository/org/apache/hadoop/hadoop-hdds-server-framework/0.5.0-SNAPSHOT/hadoop-hdds-server-framework-0.5.0-SNAPSHOT.jar:/home/user/.m2/repository/org/apache/hadoop/hadoop-common/3.2.0/hadoop-common-3.2.0.jar:/home/user/.m2/repository/org/apache/hadoop/hadoop-annotations/3.2.0/hadoop-annotations-3.2.0.jar:/usr/lib/jvm/java-1.8-openjdk/jre/../lib/tools.jar:/home/user/.m2/repository/commons-cli/commons-cli/1.2/commons-cli-1.2.jar:/home/user/.m2/repository/org/apache/commons/commons-math3/3.1.1/commons-math3-3.1.1.jar:/home/user/.m2/repository/org/apache/httpcomponents/httpclient/4.5.2/httpclient-4.5.2.jar:/home/user/.m2/repository/org/apache/httpcomponents/httpcore/4.4.4/httpcore-4.4.4.jar:/home/user/.m2/repository/commons-codec/commons-codec/1.11/commons-codec-1.11.jar:/home/user/.m2/repository/commons-io/commons-io/2.5/commons-io-2.5.jar:/home/user/.m2/repository/commons-net/commons-net/3.6/commons-net-3.6.jar:/home/user/.m2/repository/commons-collections/commons-collections/3.2.2/commons-collections-3.2.2.jar:/home/user/.m2/repository/javax/servlet/javax.servlet-api/3.1.0/javax.servlet-api-3.1.0.jar:/home/user/.m2/repository/org/eclipse/jetty/jetty-server/9.3.25.v20180904/jetty-server-9.3.25.v20180904.jar:/home/user/.m2/repository/org/eclipse/jetty/jetty-http/9.3.25.v20180904/jetty-http-9.3.25.v20180904.jar:/home/user/.m2/repository/org/eclipse/jetty/jetty-io/9.3.25.v20180904/jetty-io-9.3.25.v20180904.jar:/home/user/.m2/repository/org/eclipse/jetty/jetty-util/9.3.25.v20180904/jetty-util-9.3.25.v20180904.jar:/home/user/.m2/repository/org/eclipse/jetty/jetty-servlet/9.3.25.v20180904/jetty-servlet-9.3.25.v20180904.jar:/home/user/.m2/repository/org/eclipse/jetty/jetty-security/9.3.25.v20180904/jetty-security-9.3.25.v20180904.jar:/home/user/.m2/repository/org/eclipse/jetty/jetty-webapp/9.3.25.v20180904/jetty-webapp-9.3.25.v20180904.jar:/home/user/.m2/repository/org/eclipse/jetty/jetty-xml/9.3.25.v20180904/jetty-xml-9.3.25.v20180904.jar:/home/user/.m2/repository/javax/servlet/jsp/jsp-api/2.1/jsp-api-2.1.jar:/home/user/.m2/repository/com/sun/jersey/jersey-core/1.19/jersey-core-1.19.jar:/home/user/.m2/repository/javax/ws/rs/jsr311-api/1.1.1/jsr311-api-1.1.1.jar:/home/user/.m2/repository/com/sun/jersey/jersey-servlet/1.19/jersey-servlet-1.19.jar:/home/user/.m2/repository/com/sun/jersey/jersey-json/1.19/jersey-json-1.19.jar:/home/user/.m2/repository/org/codehaus/jettison/jettison/1.1/jettison-1.1.jar:/home/user/.m2/repository/com/sun/xml/bind/jaxb-impl/2.3.0.1/jaxb-impl-2.3.0.1.jar:/home/user/.m2/repository/org/codehaus/jackson/jackson-core-asl/1.9.13/jackson-core-asl-1.9.13.jar:/home/user/.m2/repository/org/codehaus/jackson/jackson-mapper-asl/1.9.13/jackson-mapper-asl-1.9.13.jar:/home/user/.m2/repository/org/codehaus/jackson/jackson-jaxrs/1.9.13/jackson-jaxrs-1.9.13.jar:/home/user/.m2/repository/org/codehaus/jackson/jackson-xc/1.9.13/jackson-xc-1.9.13.jar:/home/user/.m2/repository/com/sun/jersey/jersey-server/1.19/jersey-server-1.19.jar:/home/user/.m2/repository/commons-logging/commons-logging/1.1.3/commons-logging-1.1.3.jar:/home/user/.m2/repository/log4j/log4j/1.2.17/log4j-1.2.17.jar:/home/user/.m2/repository/commons-beanutils/commons-beanutils/1.9.4/commons-beanutils-1.9.4.jar:/home/user/.m2/repository/org/apache/commons/commons-configuration2/2.1.1/commons-configuration2-2.1.1.jar:/home/user/.m2/repository/org/apache/commons/commons-lang3/3.7/commons-lang3-3.7.jar:/home/user/.m2/repository/org/apache/commons/commons-text/1.4/commons-text-1.4.jar:/home/user/.m2/repository/org/slf4j/slf4j-api/1.7.25/slf4j-api-1.7.25.jar:/home/user/.m2/repository/org/slf4j/slf4j-log4j12/1.7.25/slf4j-log4j12-1.7.25.jar:/home/user/.m2/repository/org/apache/avro/avro/1.7.7/avro-1.7.7.jar:/home/user/.m2/repository/com/thoughtworks/paranamer/paranamer/2.3/paranamer-2.3.jar:/home/user/.m2/repository/org/xerial/snappy/snappy-java/1.0.5/snappy-java-1.0.5.jar:/home/user/.m2/repository/com/google/re2j/re2j/1.1/re2j-1.1.jar:/home/user/.m2/repository/com/google/code/gson/gson/2.2.4/gson-2.2.4.jar:/home/user/.m2/repository/org/apache/hadoop/hadoop-auth/3.2.0/hadoop-auth-3.2.0.jar:/home/user/.m2/repository/com/nimbusds/nimbus-jose-jwt/4.41.1/nimbus-jose-jwt-4.41.1.jar:/home/user/.m2/repository/com/github/stephenc/jcip/jcip-annotations/1.0-1/jcip-annotations-1.0-1.jar:/home/user/.m2/repository/net/minidev/json-smart/2.3/json-smart-2.3.jar:/home/user/.m2/repository/net/minidev/accessors-smart/1.2/accessors-smart-1.2.jar:/home/user/.m2/repository/org/apache/curator/curator-framework/2.12.0/curator-framework-2.12.0.jar:/home/user/.m2/repository/com/jcraft/jsch/0.1.54/jsch-0.1.54.jar:/home/user/.m2/repository/org/apache/curator/curator-client/2.12.0/curator-client-2.12.0.jar:/home/user/.m2/repository/org/apache/curator/curator-recipes/2.12.0/curator-recipes-2.12.0.jar:/home/user/.m2/repository/com/google/code/findbugs/jsr305/3.0.0/jsr305-3.0.0.jar:/home/user/.m2/repository/org/apache/htrace/htrace-core4/4.1.0-incubating/htrace-core4-4.1.0-incubating.jar:/home/user/.m2/repository/org/apache/zookeeper/zookeeper/3.4.13/zookeeper-3.4.13.jar:/home/user/.m2/repository/jline/jline/0.9.94/jline-0.9.94.jar:/home/user/.m2/repository/org/apache/yetus/audience-annotations/0.5.0/audience-annotations-0.5.0.jar:/home/user/.m2/repository/org/apache/kerby/kerb-simplekdc/1.0.1/kerb-simplekdc-1.0.1.jar:/home/user/.m2/repository/org/apache/kerby/kerb-client/1.0.1/kerb-client-1.0.1.jar:/home/user/.m2/repository/org/apache/kerby/kerby-config/1.0.1/kerby-config-1.0.1.jar:/home/user/.m2/repository/org/apache/kerby/kerb-core/1.0.1/kerb-core-1.0.1.jar:/home/user/.m2/repository/org/apache/kerby/kerby-pkix/1.0.1/kerby-pkix-1.0.1.jar:/home/user/.m2/repository/org/apache/kerby/kerby-asn1/1.0.1/kerby-asn1-1.0.1.jar:/home/user/.m2/repository/org/apache/kerby/kerby-util/1.0.1/kerby-util-1.0.1.jar:/home/user/.m2/repository/org/apache/kerby/kerb-common/1.0.1/kerb-common-1.0.1.jar:/home/user/.m2/repository/org/apache/kerby/kerb-crypto/1.0.1/kerb-crypto-1.0.1.jar:/home/user/.m2/repository/org/apache/kerby/kerb-util/1.0.1/kerb-util-1.0.1.jar:/home/user/.m2/repository/org/apache/kerby/token-provider/1.0.1/token-provider-1.0.1.jar:/home/user/.m2/repository/org/apache/kerby/kerb-admin/1.0.1/kerb-admin-1.0.1.jar:/home/user/.m2/repository/org/apache/kerby/kerb-server/1.0.1/kerb-server-1.0.1.jar:/home/user/.m2/repository/org/apache/kerby/kerb-identity/1.0.1/kerb-identity-1.0.1.jar:/home/user/.m2/repository/org/apache/kerby/kerby-xdr/1.0.1/kerby-xdr-1.0.1.jar:/home/user/.m2/repository/com/fasterxml/jackson/core/jackson-databind/2.9.9/jackson-databind-2.9.9.jar:/home/user/.m2/repository/com/fasterxml/jackson/core/jackson-core/2.9.9/jackson-core-2.9.9.jar:/home/user/.m2/repository/org/codehaus/woodstox/stax2-api/3.1.4/stax2-api-3.1.4.jar:/home/user/.m2/repository/com/fasterxml/woodstox/woodstox-core/5.0.3/woodstox-core-5.0.3.jar:/home/user/.m2/repository/dnsjava/dnsjava/2.1.7/dnsjava-2.1.7.jar:/home/user/.m2/repository/org/apache/hadoop/hadoop-hdfs/3.2.0/hadoop-hdfs-3.2.0.jar:/home/user/.m2/repository/org/eclipse/jetty/jetty-util-ajax/9.3.25.v20180904/jetty-util-ajax-9.3.25.v20180904.jar:/home/user/.m2/repository/commons-daemon/commons-daemon/1.0.13/commons-daemon-1.0.13.jar:/home/user/.m2/repository/io/netty/netty/3.10.5.Final/netty-3.10.5.Final.jar:/home/user/.m2/repository/io/netty/netty-all/4.0.52.Final/netty-all-4.0.52.Final.jar:/home/user/.m2/repository/org/fusesource/leveldbjni/leveldbjni-all/1.8/leveldbjni-all-1.8.jar:/home/user/.m2/repository/com/sun/xml/bind/jaxb-core/2.3.0.1/jaxb-core-2.3.0.1.jar:/home/user/.m2/repository/javax/xml/bind/jaxb-api/2.3.0/jaxb-api-2.3.0.jar:/home/user/.m2/repository/javax/activation/activation/1.1.1/activation-1.1.1.jar:/home/user/.m2/repository/io/dropwizard/metrics/metrics-core/3.2.4/metrics-core-3.2.4.jar:/home/user/.m2/repository/org/openjdk/jmh/jmh-core/1.19/jmh-core-1.19.jar:/home/user/.m2/repository/net/sf/jopt-simple/jopt-simple/4.6/jopt-simple-4.6.jar:/home/user/.m2/repository/org/openjdk/jmh/jmh-generator-annprocess/1.19/jmh-generator-annprocess-1.19.jar:/home/user/.m2/repository/com/amazonaws/aws-java-sdk-s3/1.11.615/aws-java-sdk-s3-1.11.615.jar:/home/user/.m2/repository/com/amazonaws/aws-java-sdk-kms/1.11.615/aws-java-sdk-kms-1.11.615.jar:/home/user/.m2/repository/com/amazonaws/aws-java-sdk-core/1.11.615/aws-java-sdk-core-1.11.615.jar:/home/user/.m2/repository/software/amazon/ion/ion-java/1.0.2/ion-java-1.0.2.jar:/home/user/.m2/repository/com/fasterxml/jackson/dataformat/jackson-dataformat-cbor/2.9.9/jackson-dataformat-cbor-2.9.9.jar:/home/user/.m2/repository/joda-time/joda-time/2.9.9/joda-time-2.9.9.jar:/home/user/.m2/repository/com/amazonaws/jmespath-java/1.11.615/jmespath-java-1.11.615.jar:/home/user/.m2/repository/com/google/code/findbugs/findbugs/3.0.1/findbugs-3.0.1.jar:/home/user/.m2/repository/net/jcip/jcip-annotations/1.0/jcip-annotations-1.0.jar:/home/user/.m2/repository/com/google/code/findbugs/bcel-findbugs/6.0/bcel-findbugs-6.0.jar:/home/user/.m2/repository/com/google/code/findbugs/jFormatString/2.0.1/jFormatString-2.0.1.jar:/home/user/.m2/repository/dom4j/dom4j/1.6.1/dom4j-1.6.1.jar:/home/user/.m2/repository/xml-apis/xml-apis/1.0.b2/xml-apis-1.0.b2.jar:/home/user/.m2/repository/org/ow2/asm/asm-debug-all/5.0.2/asm-debug-all-5.0.2.jar:/home/user/.m2/repository/org/ow2/asm/asm-commons/5.0.2/asm-commons-5.0.2.jar:/home/user/.m2/repository/org/ow2/asm/asm-tree/5.0.2/asm-tree-5.0.2.jar:/home/user/.m2/repository/org/ow2/asm/asm/5.0.4/asm-5.0.4.jar:/home/user/.m2/repository/commons-lang/commons-lang/2.6/commons-lang-2.6.jar:/home/user/.m2/repository/com/apple/AppleJavaExtensions/1.4/AppleJavaExtensions-1.4.jar:/home/user/.m2/repository/jaxen/jaxen/1.1.6/jaxen-1.1.6.jar:/home/user/.m2/repository/junit/junit/4.11/junit-4.11.jar:/home/user/.m2/repository/org/hamcrest/hamcrest-core/1.3/hamcrest-core-1.3.jar:/home/user/.m2/repository/org/apache/hadoop/hadoop-common/3.2.0/hadoop-common-3.2.0-tests.jar:/workdir/hadoop-ozone/integration-test/target/test-classes:/home/user/.m2/repository/org/apache/hadoop/hadoop-ozone-s3gateway/0.5.0-SNAPSHOT/hadoop-ozone-s3gateway-0.5.0-SNAPSHOT.jar:/home/user/.m2/repository/org/jboss/weld/servlet/weld-servlet/2.4.7.Final/weld-servlet-2.4.7.Final.jar:/home/user/.m2/repository/org/glassfish/jersey/containers/jersey-container-servlet-core/2.27/jersey-container-servlet-core-2.27.jar:/home/user/.m2/repository/org/glassfish/hk2/external/javax.inject/2.5.0-b42/javax.inject-2.5.0-b42.jar:/home/user/.m2/repository/org/glassfish/jersey/core/jersey-common/2.27/jersey-common-2.27.jar:/home/user/.m2/repository/org/glassfish/hk2/osgi-resource-locator/1.0.1/osgi-resource-locator-1.0.1.jar:/home/user/.m2/repository/javax/ws/rs/javax.ws.rs-api/2.1/javax.ws.rs-api-2.1.jar:/home/user/.m2/repository/org/glassfish/jersey/ext/cdi/jersey-cdi1x/2.27/jersey-cdi1x-2.27.jar:/home/user/.m2/repository/org/glassfish/jersey/inject/jersey-hk2/2.27/jersey-hk2-2.27.jar:/home/user/.m2/repository/org/glassfish/hk2/hk2-locator/2.5.0-b42/hk2-locator-2.5.0-b42.jar:/home/user/.m2/repository/org/javassist/javassist/3.22.0-CR2/javassist-3.22.0-CR2.jar:/home/user/.m2/repository/org/glassfish/hk2/hk2-api/2.5.0/hk2-api-2.5.0.jar:/home/user/.m2/repository/org/glassfish/hk2/external/jakarta.inject/2.5.0/jakarta.inject-2.5.0.jar:/home/user/.m2/repository/org/glassfish/hk2/hk2-utils/2.5.0/hk2-utils-2.5.0.jar:/home/user/.m2/repository/jakarta/annotation/jakarta.annotation-api/1.3.4/jakarta.annotation-api-1.3.4.jar:/home/user/.m2/repository/org/glassfish/hk2/external/aopalliance-repackaged/2.5.0/aopalliance-repackaged-2.5.0.jar:/home/user/.m2/repository/com/fasterxml/jackson/dataformat/jackson-dataformat-xml/2.9.0/jackson-dataformat-xml-2.9.0.jar:/home/user/.m2/repository/com/fasterxml/jackson/module/jackson-module-jaxb-annotations/2.9.9/jackson-module-jaxb-annotations-2.9.9.jar:/home/user/.m2/repository/javax/enterprise/cdi-api/1.2/cdi-api-1.2.jar:/home/user/.m2/repository/javax/el/javax.el-api/3.0.0/javax.el-api-3.0.0.jar:/home/user/.m2/repository/javax/interceptor/javax.interceptor-api/1.2/javax.interceptor-api-1.2.jar:/home/user/.m2/repository/javax/inject/javax.inject/1/javax.inject-1.jar:/home/user/.m2/repository/org/apache/hadoop/hadoop-ozone-csi/0.5.0-SNAPSHOT/hadoop-ozone-csi-0.5.0-SNAPSHOT.jar:/home/user/.m2/repository/com/google/protobuf/protobuf-java-util/3.5.1/protobuf-java-util-3.5.1.jar:/home/user/.m2/repository/io/grpc/grpc-netty/1.17.1/grpc-netty-1.17.1.jar:/home/user/.m2/repository/io/grpc/grpc-core/1.17.1/grpc-core-1.17.1.jar:/home/user/.m2/repository/io/grpc/grpc-context/1.17.1/grpc-context-1.17.1.jar:/home/user/.m2/repository/com/google/errorprone/error_prone_annotations/2.2.0/error_prone_annotations-2.2.0.jar:/home/user/.m2/repository/org/codehaus/mojo/animal-sniffer-annotations/1.17/animal-sniffer-annotations-1.17.jar:/home/user/.m2/repository/io/opencensus/opencensus-api/0.17.0/opencensus-api-0.17.0.jar:/home/user/.m2/repository/io/opencensus/opencensus-contrib-grpc-metrics/0.17.0/opencensus-contrib-grpc-metrics-0.17.0.jar:/home/user/.m2/repository/io/netty/netty-codec-http2/4.1.30.Final/netty-codec-http2-4.1.30.Final.jar:/home/user/.m2/repository/io/netty/netty-codec-http/4.1.30.Final/netty-codec-http-4.1.30.Final.jar:/home/user/.m2/repository/io/netty/netty-codec/4.1.30.Final/netty-codec-4.1.30.Final.jar:/home/user/.m2/repository/io/netty/netty-handler/4.1.30.Final/netty-handler-4.1.30.Final.jar:/home/user/.m2/repository/io/netty/netty-handler-proxy/4.1.30.Final/netty-handler-proxy-4.1.30.Final.jar:/home/user/.m2/repository/io/netty/netty-codec-socks/4.1.30.Final/netty-codec-socks-4.1.30.Final.jar:/home/user/.m2/repository/io/netty/netty-transport-native-epoll/4.1.30.Final/netty-transport-native-epoll-4.1.30.Final.jar:/home/user/.m2/repository/io/netty/netty-common/4.1.30.Final/netty-common-4.1.30.Final.jar:/home/user/.m2/repository/io/netty/netty-buffer/4.1.30.Final/netty-buffer-4.1.30.Final.jar:/home/user/.m2/repository/io/netty/netty-transport/4.1.30.Final/netty-transport-4.1.30.Final.jar:/home/user/.m2/repository/io/netty/netty-resolver/4.1.30.Final/netty-resolver-4.1.30.Final.jar:/home/user/.m2/repository/io/netty/netty-transport-native-unix-common/4.1.30.Final/netty-transport-native-unix-common-4.1.30.Final.jar:/home/user/.m2/repository/io/grpc/grpc-protobuf/1.17.1/grpc-protobuf-1.17.1.jar:/home/user/.m2/repository/com/google/api/grpc/proto-google-common-protos/1.0.0/proto-google-common-protos-1.0.0.jar:/home/user/.m2/repository/io/grpc/grpc-protobuf-lite/1.17.1/grpc-protobuf-lite-1.17.1.jar:/home/user/.m2/repository/io/grpc/grpc-stub/1.17.1/grpc-stub-1.17.1.jar:/home/user/.m2/repository/org/apache/hadoop/hadoop-ozone-recon/0.5.0-SNAPSHOT/hadoop-ozone-recon-0.5.0-SNAPSHOT.jar:/home/user/.m2/repository/org/apache/hadoop/hadoop-ozone-reconcodegen/0.5.0-SNAPSHOT/hadoop-ozone-reconcodegen-0.5.0-SNAPSHOT.jar:/home/user/.m2/repository/com/google/inject/extensions/guice-multibindings/4.0/guice-multibindings-4.0.jar:/home/user/.m2/repository/com/google/inject/guice/4.0/guice-4.0.jar:/home/user/.m2/repository/aopalliance/aopalliance/1.0/aopalliance-1.0.jar:/home/user/.m2/repository/com/google/inject/extensions/guice-servlet/4.0/guice-servlet-4.0.jar:/home/user/.m2/repository/org/glassfish/jersey/containers/jersey-container-servlet/2.27/jersey-container-servlet-2.27.jar:/home/user/.m2/repository/org/glassfish/hk2/guice-bridge/2.5.0/guice-bridge-2.5.0.jar:/home/user/.m2/repository/org/glassfish/jersey/core/jersey-server/2.27/jersey-server-2.27.jar:/home/user/.m2/repository/org/glassfish/jersey/core/jersey-client/2.27/jersey-client-2.27.jar:/home/user/.m2/repository/org/glassfish/jersey/media/jersey-media-jaxb/2.27/jersey-media-jaxb-2.27.jar:/home/user/.m2/repository/javax/validation/validation-api/1.1.0.Final/validation-api-1.1.0.Final.jar:/home/user/.m2/repository/org/glassfish/jersey/media/jersey-media-json-jackson/2.27/jersey-media-json-jackson-2.27.jar:/home/user/.m2/repository/org/glassfish/jersey/ext/jersey-entity-filtering/2.27/jersey-entity-filtering-2.27.jar:/home/user/.m2/repository/com/google/inject/extensions/guice-assistedinject/4.0/guice-assistedinject-4.0.jar:/home/user/.m2/repository/org/jooq/jooq/3.11.10/jooq-3.11.10.jar:/home/user/.m2/repository/org/jooq/jooq-meta/3.11.10/jooq-meta-3.11.10.jar:/home/user/.m2/repository/org/jooq/jooq-codegen/3.11.10/jooq-codegen-3.11.10.jar:/home/user/.m2/repository/com/jolbox/bonecp/0.8.0.RELEASE/bonecp-0.8.0.RELEASE.jar:/home/user/.m2/repository/org/springframework/spring-jdbc/5.1.3.RELEASE/spring-jdbc-5.1.3.RELEASE.jar:/home/user/.m2/repository/org/springframework/spring-beans/5.1.3.RELEASE/spring-beans-5.1.3.RELEASE.jar:/home/user/.m2/repository/org/springframework/spring-core/5.1.3.RELEASE/spring-core-5.1.3.RELEASE.jar:/home/user/.m2/repository/org/springframework/spring-jcl/5.1.3.RELEASE/spring-jcl-5.1.3.RELEASE.jar:/home/user/.m2/repository/org/springframework/spring-tx/5.1.3.RELEASE/spring-tx-5.1.3.RELEASE.jar:/home/user/.m2/repository/org/mockito/mockito-core/2.15.0/mockito-core-2.15.0.jar:/home/user/.m2/repository/net/bytebuddy/byte-buddy/1.7.9/byte-buddy-1.7.9.jar:/home/user/.m2/repository/net/bytebuddy/byte-buddy-agent/1.7.9/byte-buddy-agent-1.7.9.jar:/home/user/.m2/repository/org/objenesis/objenesis/1.0/objenesis-1.0.jar:"/>
    <property name="sun.cpu.endian" value="little"/>
    <property name="user.home" value="/home/user"/>
    <property name="user.language" value="en"/>
    <property name="java.specification.vendor" value="Oracle Corporation"/>
    <property name="java.home" value="/usr/lib/jvm/java-1.8-openjdk/jre"/>
    <property name="java.security.krb5.conf" value="/workdir/hadoop-ozone/tools/target/test-classes/krb5.conf"/>
    <property name="basedir" value="/workdir/hadoop-ozone/tools"/>
    <property name="file.separator" value="/"/>
    <property name="line.separator" value="&#10;"/>
    <property name="java.vm.specification.vendor" value="Oracle Corporation"/>
    <property name="java.specification.name" value="Java Platform API Specification"/>
    <property name="java.awt.graphicsenv" value="sun.awt.X11GraphicsEnvironment"/>
    <property name="surefire.real.class.path" value="/workdir/hadoop-ozone/tools/target/surefire/surefirebooter3738616826666731772.jar"/>
    <property name="hadoop.log.dir" value="/workdir/hadoop-ozone/tools/target/log"/>
    <property name="sun.boot.class.path" value="/usr/lib/jvm/java-1.8-openjdk/jre/lib/resources.jar:/usr/lib/jvm/java-1.8-openjdk/jre/lib/rt.jar:/usr/lib/jvm/java-1.8-openjdk/jre/lib/sunrsasign.jar:/usr/lib/jvm/java-1.8-openjdk/jre/lib/jsse.jar:/usr/lib/jvm/java-1.8-openjdk/jre/lib/jce.jar:/usr/lib/jvm/java-1.8-openjdk/jre/lib/charsets.jar:/usr/lib/jvm/java-1.8-openjdk/jre/lib/jfr.jar:/usr/lib/jvm/java-1.8-openjdk/jre/classes"/>
    <property name="sun.management.compiler" value="HotSpot 64-Bit Tiered Compilers"/>
    <property name="java.runtime.version" value="1.8.0_212-b04"/>
    <property name="java.net.preferIPv4Stack" value="true"/>
    <property name="user.name" value="jenkins1000"/>
    <property name="path.separator" value=":"/>
    <property name="java.security.egd" value="file:///dev/urandom"/>
    <property name="os.version" value="3.10.0-957.12.2.el7.x86_64"/>
    <property name="java.endorsed.dirs" value="/usr/lib/jvm/java-1.8-openjdk/jre/lib/endorsed"/>
    <property name="java.runtime.name" value="OpenJDK Runtime Environment"/>
    <property name="file.encoding" value="UTF-8"/>
    <property name="java.vm.name" value="OpenJDK 64-Bit Server VM"/>
    <property name="test.build.webapps" value=""/>
    <property name="localRepository" value="/home/user/.m2/repository"/>
    <property name="java.vendor.url.bug" value="https://icedtea.classpath.org/bugzilla"/>
    <property name="java.io.tmpdir" value="/tmp"/>
    <property name="require.test.libhadoop" value=""/>
    <property name="java.version" value="1.8.0_212"/>
    <property name="user.dir" value="/workdir/hadoop-ozone/tools"/>
    <property name="os.arch" value="amd64"/>
    <property name="java.vm.specification.name" value="Java Virtual Machine Specification"/>
    <property name="test.build.classes" value="/workdir/hadoop-ozone/tools/target/test-classes"/>
    <property name="java.awt.printerjob" value="sun.print.PSPrinterJob"/>
    <property name="sun.os.patch.level" value="unknown"/>
    <property name="hadoop.tmp.dir" value="/workdir/hadoop-ozone/tools/target/tmp"/>
    <property name="java.library.path" value="/usr/lib/jvm/java-1.8-openjdk/jre/lib/amd64/server:/usr/lib/jvm/java-1.8-openjdk/jre/lib/amd64:/usr/lib/jvm/java-1.8-openjdk/jre/../lib/amd64:/workdir/hadoop-ozone/tools/target/native/target/usr/local/lib:/workdir/hadoop-ozone/tools/../../hadoop-common-project/hadoop-common/target/native/target/usr/local/lib:/usr/java/packages/lib/amd64:/usr/lib64:/lib64:/lib:/usr/lib"/>
    <property name="java.vm.info" value="mixed mode"/>
    <property name="java.vendor" value="IcedTea"/>
    <property name="java.vm.version" value="25.212-b04"/>
    <property name="java.ext.dirs" value="/usr/lib/jvm/java-1.8-openjdk/jre/lib/ext:/usr/java/packages/lib/ext"/>
    <property name="sun.io.unicode.encoding" value="UnicodeLittle"/>
    <property name="java.class.version" value="52.0"/>
  </properties>
  <testcase name="ratisTestLargeKey" classname="org.apache.hadoop.ozone.freon.TestDataValidateWithUnsafeByteOperations" time="25.584">
    <error message="Allocated 3 blocks. Requested 5 blocks" type="INTERNAL_ERROR org.apache.hadoop.ozone.om.exceptions.OMException">INTERNAL_ERROR org.apache.hadoop.ozone.om.exceptions.OMException: Allocated 3 blocks. Requested 5 blocks
	at org.apache.hadoop.ozone.om.protocolPB.OzoneManagerProtocolClientSideTranslatorPB.handleError(OzoneManagerProtocolClientSideTranslatorPB.java:732)
	at org.apache.hadoop.ozone.om.protocolPB.OzoneManagerProtocolClientSideTranslatorPB.openKey(OzoneManagerProtocolClientSideTranslatorPB.java:723)
	at sun.reflect.NativeMethodAccessorImpl.invoke0(Native Method)
	at sun.reflect.NativeMethodAccessorImpl.invoke(NativeMethodAccessorImpl.java:62)
	at sun.reflect.DelegatingMethodAccessorImpl.invoke(DelegatingMethodAccessorImpl.java:43)
	at java.lang.reflect.Method.invoke(Method.java:498)
	at org.apache.hadoop.hdds.tracing.TraceAllMethod.invoke(TraceAllMethod.java:66)
	at com.sun.proxy.$Proxy37.openKey(Unknown Source)
	at org.apache.hadoop.ozone.client.rpc.RpcClient.createKey(RpcClient.java:614)
	at org.apache.hadoop.ozone.client.OzoneBucket.createKey(OzoneBucket.java:325)
	at org.apache.hadoop.ozone.freon.RandomKeyGenerator.createKey(RandomKeyGenerator.java:695)
	at org.apache.hadoop.ozone.freon.RandomKeyGenerator.access$1100(RandomKeyGenerator.java:88)
	at org.apache.hadoop.ozone.freon.RandomKeyGenerator$ObjectCreator.run(RandomKeyGenerator.java:615)
	at java.util.concurrent.Executors$RunnableAdapter.call(Executors.java:511)
	at java.util.concurrent.FutureTask.run(FutureTask.java:266)
	at java.util.concurrent.ThreadPoolExecutor.runWorker(ThreadPoolExecutor.java:1149)
	at java.util.concurrent.ThreadPoolExecutor$Worker.run(ThreadPoolExecutor.java:624)
	at java.lang.Thread.run(Thread.java:748)
</error>
    <system-out><![CDATA[2019-09-25 06:52:39,283 [main] WARN  server.ServerUtils (ServerUtils.java:getScmDbDir(145)) - ozone.scm.db.dirs is not configured. We recommend adding this setting. Falling back to ozone.metadata.dirs instead.
2019-09-25 06:52:39,855 [main] WARN  server.ServerUtils (ServerUtils.java:getScmDbDir(145)) - ozone.scm.db.dirs is not configured. We recommend adding this setting. Falling back to ozone.metadata.dirs instead.
2019-09-25 06:52:39,858 [main] WARN  server.ServerUtils (ServerUtils.java:getScmDbDir(145)) - ozone.scm.db.dirs is not configured. We recommend adding this setting. Falling back to ozone.metadata.dirs instead.
2019-09-25 06:52:39,876 [main] INFO  util.log (Log.java:initialized(192)) - Logging initialized @1334ms
2019-09-25 06:52:39,979 [main] INFO  db.DBStoreBuilder (DBStoreBuilder.java:addTable(110)) - using custom profile for table: deletedBlocks
2019-09-25 06:52:39,979 [main] INFO  db.DBStoreBuilder (DBStoreBuilder.java:processTables(161)) - Using default column profile:DBProfile.DISK for Table:deletedBlocks
2019-09-25 06:52:39,980 [main] INFO  db.DBStoreBuilder (DBStoreBuilder.java:addTable(110)) - using custom profile for table: validCerts
2019-09-25 06:52:39,980 [main] INFO  db.DBStoreBuilder (DBStoreBuilder.java:processTables(161)) - Using default column profile:DBProfile.DISK for Table:validCerts
2019-09-25 06:52:39,980 [main] INFO  db.DBStoreBuilder (DBStoreBuilder.java:addTable(110)) - using custom profile for table: revokedCerts
2019-09-25 06:52:39,980 [main] INFO  db.DBStoreBuilder (DBStoreBuilder.java:processTables(161)) - Using default column profile:DBProfile.DISK for Table:revokedCerts
2019-09-25 06:52:39,993 [main] INFO  db.DBStoreBuilder (DBStoreBuilder.java:addTable(110)) - using custom profile for table: default
2019-09-25 06:52:39,993 [main] INFO  db.DBStoreBuilder (DBStoreBuilder.java:processTables(167)) - Using default column profile:DBProfile.DISK for Table:default
2019-09-25 06:52:39,994 [main] INFO  db.DBStoreBuilder (DBStoreBuilder.java:getDbProfile(198)) - Using default options. DBProfile.DISK
2019-09-25 06:52:40,340 [main] INFO  net.NodeSchemaLoader (NodeSchemaLoader.java:loadSchemaFromFile(125)) - Loading file from sun.misc.CompoundEnumeration@65fb9ffc
2019-09-25 06:52:40,343 [main] INFO  net.NodeSchemaLoader (NodeSchemaLoader.java:loadSchema(171)) - Loading network topology layer schema file
2019-09-25 06:52:40,415 [main] WARN  server.ServerUtils (ServerUtils.java:sanitizeUserArgs(70)) - ozone.scm.stale.node.interval value = 300000 is larger than max = 100000 based on the key value of ozone.scm.heartbeat.thread.interval, reset to the max value 100000.
2019-09-25 06:52:40,417 [main] WARN  server.ServerUtils (ServerUtils.java:sanitizeUserArgs(70)) - ozone.scm.stale.node.interval value = 300000 is larger than max = 100000 based on the key value of ozone.scm.heartbeat.thread.interval, reset to the max value 100000.
2019-09-25 06:52:40,419 [main] INFO  node.SCMNodeManager (SCMNodeManager.java:<init>(114)) - Entering startup safe mode.
2019-09-25 06:52:40,494 [main] INFO  algorithms.ContainerPlacementPolicyFactory (ContainerPlacementPolicyFactory.java:getPolicy(60)) - Create container placement policy of type org.apache.hadoop.hdds.scm.container.placement.algorithms.SCMContainerPlacementRandom
2019-09-25 06:52:40,515 [main] WARN  server.ServerUtils (ServerUtils.java:getScmDbDir(145)) - ozone.scm.db.dirs is not configured. We recommend adding this setting. Falling back to ozone.metadata.dirs instead.
2019-09-25 06:52:40,645 [main] INFO  pipeline.SCMPipelineManager (SCMPipelineManager.java:initializePipelineState(132)) - No pipeline exists in current db
2019-09-25 06:52:40,648 [main] WARN  server.ServerUtils (ServerUtils.java:getScmDbDir(145)) - ozone.scm.db.dirs is not configured. We recommend adding this setting. Falling back to ozone.metadata.dirs instead.
2019-09-25 06:52:40,826 [main] WARN  events.EventQueue (EventQueue.java:fireEvent(183)) - No event handler registered for event TypedEvent{payloadType=SafeModeStatus, name='SafeModeStatus'}
2019-09-25 06:52:41,193 [main] INFO  ipc.CallQueueManager (CallQueueManager.java:<init>(84)) - Using callQueue: class java.util.concurrent.LinkedBlockingQueue, queueCapacity: 2000, scheduler: class org.apache.hadoop.ipc.DefaultRpcScheduler, ipcBackoff: false.
2019-09-25 06:52:41,221 [Socket Reader #1 for port 43750] INFO  ipc.Server (Server.java:run(1074)) - Starting Socket Reader #1 for port 43750
2019-09-25 06:52:41,354 [main] INFO  ipc.CallQueueManager (CallQueueManager.java:<init>(84)) - Using callQueue: class java.util.concurrent.LinkedBlockingQueue, queueCapacity: 2000, scheduler: class org.apache.hadoop.ipc.DefaultRpcScheduler, ipcBackoff: false.
2019-09-25 06:52:41,356 [Socket Reader #1 for port 43532] INFO  ipc.Server (Server.java:run(1074)) - Starting Socket Reader #1 for port 43532
2019-09-25 06:52:41,365 [main] INFO  ipc.CallQueueManager (CallQueueManager.java:<init>(84)) - Using callQueue: class java.util.concurrent.LinkedBlockingQueue, queueCapacity: 2000, scheduler: class org.apache.hadoop.ipc.DefaultRpcScheduler, ipcBackoff: false.
2019-09-25 06:52:41,366 [Socket Reader #1 for port 44588] INFO  ipc.Server (Server.java:run(1074)) - Starting Socket Reader #1 for port 44588
2019-09-25 06:52:41,393 [main] INFO  hdfs.DFSUtil (DFSUtil.java:httpServerTemplateForNNAndJN(1641)) - Starting Web-server for scm at: http://0.0.0.0:0
2019-09-25 06:52:41,539 [main] INFO  server.AuthenticationFilter (AuthenticationFilter.java:constructSecretProvider(240)) - Unable to initialize FileSignerSecretProvider, falling back to use random secrets.
2019-09-25 06:52:41,557 [main] WARN  http.HttpRequestLog (HttpRequestLog.java:getRequestLog(97)) - Jetty request log can only be enabled using Log4j
2019-09-25 06:52:41,567 [main] INFO  http.HttpServer2 (HttpServer2.java:addGlobalFilter(975)) - Added global filter 'safety' (class=org.apache.hadoop.http.HttpServer2$QuotingInputFilter)
2019-09-25 06:52:41,570 [main] INFO  http.HttpServer2 (HttpServer2.java:addFilter(948)) - Added filter static_user_filter (class=org.apache.hadoop.http.lib.StaticUserWebFilter$StaticUserFilter) to context scm
2019-09-25 06:52:41,571 [main] INFO  http.HttpServer2 (HttpServer2.java:addFilter(958)) - Added filter static_user_filter (class=org.apache.hadoop.http.lib.StaticUserWebFilter$StaticUserFilter) to context logs
2019-09-25 06:52:41,571 [main] INFO  http.HttpServer2 (HttpServer2.java:addFilter(958)) - Added filter static_user_filter (class=org.apache.hadoop.http.lib.StaticUserWebFilter$StaticUserFilter) to context static
2019-09-25 06:52:41,601 [main] INFO  server.StorageContainerManager (StorageContainerManager.java:start(770)) - StorageContainerLocationProtocol RPC server is listening at /0.0.0.0:44588
2019-09-25 06:52:41,660 [main] WARN  impl.MetricsConfig (MetricsConfig.java:loadFirst(134)) - Cannot locate configuration: tried hadoop-metrics2-storagecontainermanager.properties,hadoop-metrics2.properties
2019-09-25 06:52:41,673 [main] INFO  impl.MetricsSystemImpl (MetricsSystemImpl.java:startTimer(374)) - Scheduled Metric snapshot period at 10 second(s).
2019-09-25 06:52:41,673 [main] INFO  impl.MetricsSystemImpl (MetricsSystemImpl.java:start(191)) - StorageContainerManager metrics system started
2019-09-25 06:52:41,943 [main] INFO  server.SCMClientProtocolServer (SCMClientProtocolServer.java:start(151)) - RPC server for Client  is listening at /0.0.0.0:44588
2019-09-25 06:52:41,943 [IPC Server Responder] INFO  ipc.Server (Server.java:run(1314)) - IPC Server Responder: starting
2019-09-25 06:52:41,943 [IPC Server listener on 44588] INFO  ipc.Server (Server.java:run(1153)) - IPC Server listener on 44588: starting
2019-09-25 06:52:41,946 [main] INFO  server.StorageContainerManager (StorageContainerManager.java:start(780)) - ScmBlockLocationProtocol RPC server is listening at /0.0.0.0:43532
2019-09-25 06:52:41,947 [main] INFO  server.SCMBlockProtocolServer (SCMBlockProtocolServer.java:start(146)) - RPC server for Block Protocol is listening at /0.0.0.0:43532
2019-09-25 06:52:41,948 [IPC Server Responder] INFO  ipc.Server (Server.java:run(1314)) - IPC Server Responder: starting
2019-09-25 06:52:41,948 [IPC Server listener on 43532] INFO  ipc.Server (Server.java:run(1153)) - IPC Server listener on 43532: starting
2019-09-25 06:52:41,950 [main] INFO  server.StorageContainerManager (StorageContainerManager.java:start(784)) - ScmDatanodeProtocl RPC server is listening at /0.0.0.0:43750
2019-09-25 06:52:41,951 [main] INFO  server.SCMDatanodeProtocolServer (SCMDatanodeProtocolServer.java:start(191)) - RPC server for DataNodes is listening at /0.0.0.0:43750
2019-09-25 06:52:41,951 [IPC Server Responder] INFO  ipc.Server (Server.java:run(1314)) - IPC Server Responder: starting
2019-09-25 06:52:41,951 [IPC Server listener on 43750] INFO  ipc.Server (Server.java:run(1153)) - IPC Server listener on 43750: starting
2019-09-25 06:52:41,955 [main] INFO  http.HttpServer2 (HttpServer2.java:bindListener(1191)) - Jetty bound to port 43279
2019-09-25 06:52:41,956 [main] INFO  server.Server (Server.java:doStart(351)) - jetty-9.3.25.v20180904, build timestamp: 2018-09-04T21:11:46Z, git hash: 3ce520221d0240229c862b122d2b06c12a625732
2019-09-25 06:52:41,991 [main] INFO  handler.ContextHandler (ContextHandler.java:doStart(781)) - Started o.e.j.s.ServletContextHandler@23bff419{/logs,file:///workdir/hadoop-ozone/tools/target/log,AVAILABLE}
2019-09-25 06:52:41,992 [main] INFO  handler.ContextHandler (ContextHandler.java:doStart(781)) - Started o.e.j.s.ServletContextHandler@4c550889{/static,jar:file:/home/user/.m2/repository/org/apache/hadoop/hadoop-hdds-server-scm/0.5.0-SNAPSHOT/hadoop-hdds-server-scm-0.5.0-SNAPSHOT.jar!/webapps/static,AVAILABLE}
2019-09-25 06:52:42,089 [main] INFO  handler.ContextHandler (ContextHandler.java:doStart(781)) - Started o.e.j.w.WebAppContext@67427b69{/,file:///tmp/jetty-0.0.0.0-43279-scm-_-any-5781075283646423235.dir/webapp/,AVAILABLE}{/scm}
2019-09-25 06:52:42,095 [main] INFO  server.AbstractConnector (AbstractConnector.java:doStart(278)) - Started ServerConnector@3b366632{HTTP/1.1,[http/1.1]}{0.0.0.0:43279}
2019-09-25 06:52:42,095 [main] INFO  server.Server (Server.java:doStart(419)) - Started @3553ms
2019-09-25 06:52:42,097 [main] INFO  impl.MetricsSinkAdapter (MetricsSinkAdapter.java:start(204)) - Sink prometheus started
2019-09-25 06:52:42,098 [main] INFO  impl.MetricsSystemImpl (MetricsSystemImpl.java:registerSink(301)) - Registered sink prometheus
2019-09-25 06:52:42,099 [main] INFO  server.BaseHttpServer (BaseHttpServer.java:updateConnectorAddress(215)) - HTTP server of SCM is listening at http://0.0.0.0:43279
2019-09-25 06:52:42,108 [org.apache.hadoop.util.JvmPauseMonitor$Monitor@452e26d0] INFO  util.JvmPauseMonitor (JvmPauseMonitor.java:run(188)) - Starting JVM pause monitor
2019-09-25 06:52:42,112 [main] WARN  server.ServerUtils (ServerUtils.java:getDBPath(222)) - ozone.om.db.dirs is not configured. We recommend adding this setting. Falling back to ozone.metadata.dirs instead.
2019-09-25 06:52:42,248 [main] WARN  server.ServerUtils (ServerUtils.java:getDBPath(222)) - ozone.om.db.dirs is not configured. We recommend adding this setting. Falling back to ozone.metadata.dirs instead.
2019-09-25 06:52:42,249 [main] WARN  server.ServerUtils (ServerUtils.java:getDBPath(222)) - ozone.om.db.dirs is not configured. We recommend adding this setting. Falling back to ozone.metadata.dirs instead.
2019-09-25 06:52:42,250 [main] INFO  om.OzoneManager (OzoneManager.java:setOMNodeDetails(652)) - OM Service ID is not set. Setting it to the default ID: omServiceIdDefault
2019-09-25 06:52:42,250 [main] INFO  om.OzoneManager (OzoneManager.java:setOMNodeDetails(658)) - OM Node ID is not set. Setting it to the OmStorage's OmID: d04e228c-d923-4dfc-b495-cc932e760625
2019-09-25 06:52:42,251 [main] INFO  om.OzoneManager (OzoneManager.java:loadOMHAConfigs(609)) - Found matching OM address with OMServiceId: null, OMNodeId: null, RPC Address: localhost:0 and Ratis port: 9872
2019-09-25 06:52:42,988 [main] WARN  server.ServerUtils (ServerUtils.java:getDBPath(222)) - ozone.om.db.dirs is not configured. We recommend adding this setting. Falling back to ozone.metadata.dirs instead.
2019-09-25 06:52:42,995 [main] INFO  db.DBStoreBuilder (DBStoreBuilder.java:addTable(110)) - using custom profile for table: userTable
2019-09-25 06:52:42,995 [main] INFO  db.DBStoreBuilder (DBStoreBuilder.java:processTables(161)) - Using default column profile:DBProfile.DISK for Table:userTable
2019-09-25 06:52:42,996 [main] INFO  db.DBStoreBuilder (DBStoreBuilder.java:addTable(110)) - using custom profile for table: volumeTable
2019-09-25 06:52:42,996 [main] INFO  db.DBStoreBuilder (DBStoreBuilder.java:processTables(161)) - Using default column profile:DBProfile.DISK for Table:volumeTable
2019-09-25 06:52:42,996 [main] INFO  db.DBStoreBuilder (DBStoreBuilder.java:addTable(110)) - using custom profile for table: bucketTable
2019-09-25 06:52:42,996 [main] INFO  db.DBStoreBuilder (DBStoreBuilder.java:processTables(161)) - Using default column profile:DBProfile.DISK for Table:bucketTable
2019-09-25 06:52:42,997 [main] INFO  db.DBStoreBuilder (DBStoreBuilder.java:addTable(110)) - using custom profile for table: keyTable
2019-09-25 06:52:42,997 [main] INFO  db.DBStoreBuilder (DBStoreBuilder.java:processTables(161)) - Using default column profile:DBProfile.DISK for Table:keyTable
2019-09-25 06:52:42,997 [main] INFO  db.DBStoreBuilder (DBStoreBuilder.java:addTable(110)) - using custom profile for table: deletedTable
2019-09-25 06:52:42,997 [main] INFO  db.DBStoreBuilder (DBStoreBuilder.java:processTables(161)) - Using default column profile:DBProfile.DISK for Table:deletedTable
2019-09-25 06:52:42,998 [main] INFO  db.DBStoreBuilder (DBStoreBuilder.java:addTable(110)) - using custom profile for table: openKeyTable
2019-09-25 06:52:42,998 [main] INFO  db.DBStoreBuilder (DBStoreBuilder.java:processTables(161)) - Using default column profile:DBProfile.DISK for Table:openKeyTable
2019-09-25 06:52:42,998 [main] INFO  db.DBStoreBuilder (DBStoreBuilder.java:addTable(110)) - using custom profile for table: s3Table
2019-09-25 06:52:42,998 [main] INFO  db.DBStoreBuilder (DBStoreBuilder.java:processTables(161)) - Using default column profile:DBProfile.DISK for Table:s3Table
2019-09-25 06:52:42,998 [main] INFO  db.DBStoreBuilder (DBStoreBuilder.java:addTable(110)) - using custom profile for table: multipartInfoTable
2019-09-25 06:52:42,999 [main] INFO  db.DBStoreBuilder (DBStoreBuilder.java:processTables(161)) - Using default column profile:DBProfile.DISK for Table:multipartInfoTable
2019-09-25 06:52:42,999 [main] INFO  db.DBStoreBuilder (DBStoreBuilder.java:addTable(110)) - using custom profile for table: dTokenTable
2019-09-25 06:52:42,999 [main] INFO  db.DBStoreBuilder (DBStoreBuilder.java:processTables(161)) - Using default column profile:DBProfile.DISK for Table:dTokenTable
2019-09-25 06:52:42,999 [main] INFO  db.DBStoreBuilder (DBStoreBuilder.java:addTable(110)) - using custom profile for table: s3SecretTable
2019-09-25 06:52:43,000 [main] INFO  db.DBStoreBuilder (DBStoreBuilder.java:processTables(161)) - Using default column profile:DBProfile.DISK for Table:s3SecretTable
2019-09-25 06:52:43,000 [main] INFO  db.DBStoreBuilder (DBStoreBuilder.java:addTable(110)) - using custom profile for table: prefixTable
2019-09-25 06:52:43,000 [main] INFO  db.DBStoreBuilder (DBStoreBuilder.java:processTables(161)) - Using default column profile:DBProfile.DISK for Table:prefixTable
2019-09-25 06:52:43,000 [main] INFO  db.DBStoreBuilder (DBStoreBuilder.java:addTable(110)) - using custom profile for table: default
2019-09-25 06:52:43,001 [main] INFO  db.DBStoreBuilder (DBStoreBuilder.java:processTables(167)) - Using default column profile:DBProfile.DISK for Table:default
2019-09-25 06:52:43,001 [main] INFO  db.DBStoreBuilder (DBStoreBuilder.java:getDbProfile(198)) - Using default options. DBProfile.DISK
2019-09-25 06:52:43,832 [main] INFO  ipc.CallQueueManager (CallQueueManager.java:<init>(84)) - Using callQueue: class java.util.concurrent.LinkedBlockingQueue, queueCapacity: 2000, scheduler: class org.apache.hadoop.ipc.DefaultRpcScheduler, ipcBackoff: false.
2019-09-25 06:52:43,833 [Socket Reader #1 for port 43811] INFO  ipc.Server (Server.java:run(1074)) - Starting Socket Reader #1 for port 43811
2019-09-25 06:52:43,855 [main] INFO  om.OzoneManager (OzoneManager.java:start(1243)) - OzoneManager RPC server is listening at localhost/127.0.0.1:43811
2019-09-25 06:52:43,855 [main] INFO  impl.MetricsSystemImpl (MetricsSystemImpl.java:init(158)) - OzoneManager metrics system started (again)
2019-09-25 06:52:43,856 [IPC Server listener on 43811] INFO  ipc.Server (Server.java:run(1153)) - IPC Server listener on 43811: starting
2019-09-25 06:52:43,856 [IPC Server Responder] INFO  ipc.Server (Server.java:run(1314)) - IPC Server Responder: starting
2019-09-25 06:52:43,861 [main] INFO  hdfs.DFSUtil (DFSUtil.java:httpServerTemplateForNNAndJN(1641)) - Starting Web-server for ozoneManager at: http://0.0.0.0:0
2019-09-25 06:52:43,864 [main] INFO  server.AuthenticationFilter (AuthenticationFilter.java:constructSecretProvider(240)) - Unable to initialize FileSignerSecretProvider, falling back to use random secrets.
2019-09-25 06:52:43,865 [main] WARN  http.HttpRequestLog (HttpRequestLog.java:getRequestLog(97)) - Jetty request log can only be enabled using Log4j
2019-09-25 06:52:43,868 [main] INFO  http.HttpServer2 (HttpServer2.java:addGlobalFilter(975)) - Added global filter 'safety' (class=org.apache.hadoop.http.HttpServer2$QuotingInputFilter)
2019-09-25 06:52:43,870 [main] INFO  http.HttpServer2 (HttpServer2.java:addFilter(948)) - Added filter static_user_filter (class=org.apache.hadoop.http.lib.StaticUserWebFilter$StaticUserFilter) to context ozoneManager
2019-09-25 06:52:43,870 [main] INFO  http.HttpServer2 (HttpServer2.java:addFilter(958)) - Added filter static_user_filter (class=org.apache.hadoop.http.lib.StaticUserWebFilter$StaticUserFilter) to context static
2019-09-25 06:52:43,871 [main] INFO  http.HttpServer2 (HttpServer2.java:addFilter(958)) - Added filter static_user_filter (class=org.apache.hadoop.http.lib.StaticUserWebFilter$StaticUserFilter) to context logs
2019-09-25 06:52:43,874 [main] INFO  http.HttpServer2 (HttpServer2.java:bindListener(1191)) - Jetty bound to port 41047
2019-09-25 06:52:43,874 [main] INFO  server.Server (Server.java:doStart(351)) - jetty-9.3.25.v20180904, build timestamp: 2018-09-04T21:11:46Z, git hash: 3ce520221d0240229c862b122d2b06c12a625732
2019-09-25 06:52:43,876 [main] INFO  handler.ContextHandler (ContextHandler.java:doStart(781)) - Started o.e.j.s.ServletContextHandler@773c0293{/logs,file:///workdir/hadoop-ozone/tools/target/log,AVAILABLE}
2019-09-25 06:52:43,877 [main] INFO  handler.ContextHandler (ContextHandler.java:doStart(781)) - Started o.e.j.s.ServletContextHandler@3b569985{/static,jar:file:/home/user/.m2/repository/org/apache/hadoop/hadoop-ozone-ozone-manager/0.5.0-SNAPSHOT/hadoop-ozone-ozone-manager-0.5.0-SNAPSHOT.jar!/webapps/static,AVAILABLE}
2019-09-25 06:52:43,934 [main] INFO  handler.ContextHandler (ContextHandler.java:doStart(781)) - Started o.e.j.w.WebAppContext@566d0c69{/,file:///tmp/jetty-0.0.0.0-41047-ozoneManager-_-any-8082745869213556672.dir/webapp/,AVAILABLE}{/ozoneManager}
2019-09-25 06:52:43,935 [main] INFO  server.AbstractConnector (AbstractConnector.java:doStart(278)) - Started ServerConnector@388b401d{HTTP/1.1,[http/1.1]}{0.0.0.0:41047}
2019-09-25 06:52:43,936 [main] INFO  server.Server (Server.java:doStart(419)) - Started @5394ms
2019-09-25 06:52:43,936 [main] WARN  impl.MetricsSystemImpl (MetricsSystemImpl.java:register(276)) - Sink prometheus already exists!
2019-09-25 06:52:43,937 [main] INFO  server.BaseHttpServer (BaseHttpServer.java:updateConnectorAddress(215)) - HTTP server of OZONEMANAGER is listening at http://0.0.0.0:41047
2019-09-25 06:52:44,275 [main] INFO  impl.MetricsSystemImpl (MetricsSystemImpl.java:init(158)) - HddsDatanode metrics system started (again)
2019-09-25 06:52:44,335 [main] INFO  ozone.HddsDatanodeService (HddsDatanodeService.java:start(184)) - HddsDatanodeService host:pr-hdds-1569-s44lr-3492059363 ip:192.168.164.207
2019-09-25 06:52:44,370 [main] INFO  volume.HddsVolume (HddsVolume.java:<init>(176)) - Creating Volume: /workdir/hadoop-ozone/tools/target/test-dir/MiniOzoneClusterImpl-33913572-8408-41c3-be5b-cf3f3bf490a2/datanode-0/data/containers/hdds of  storage type : DISK and capacity : 1482555576320
2019-09-25 06:52:44,373 [main] INFO  volume.VolumeSet (VolumeSet.java:initializeVolumeSet(170)) - Added Volume : /workdir/hadoop-ozone/tools/target/test-dir/MiniOzoneClusterImpl-33913572-8408-41c3-be5b-cf3f3bf490a2/datanode-0/data/containers/hdds to VolumeSet
2019-09-25 06:52:44,376 [main] INFO  volume.ThrottledAsyncChecker (ThrottledAsyncChecker.java:schedule(139)) - Scheduling a check for org.apache.hadoop.ozone.container.common.volume.HddsVolume@49293b43
2019-09-25 06:52:44,395 [main] INFO  volume.HddsVolumeChecker (HddsVolumeChecker.java:checkAllVolumes(202)) - Scheduled health check for volume org.apache.hadoop.ozone.container.common.volume.HddsVolume@49293b43
2019-09-25 06:52:44,514 [main] INFO  impl.RaftServerProxy (ConfUtils.java:logGet(43)) - raft.rpc.type = GRPC (default)
2019-09-25 06:52:44,607 [main] INFO  grpc.GrpcFactory (GrpcFactory.java:checkPooledByteBufAllocatorUseCacheForAllThreads(45)) - PERFORMANCE WARNING: useCacheForAllThreads is true that may cause Netty to create a lot garbage objects and, as a result, trigger GC.
	It is recommended to disable useCacheForAllThreads by setting -Dorg.apache.ratis.thirdparty.io.netty.allocator.useCacheForAllThreads=false in command line.
2019-09-25 06:52:44,615 [main] INFO  grpc.GrpcConfigKeys$Server (ConfUtils.java:logGet(43)) - raft.grpc.server.port = 0 (default)
2019-09-25 06:52:44,617 [main] INFO  server.GrpcService (ConfUtils.java:logGet(43)) - raft.grpc.message.size.max = 33570816 (custom)
2019-09-25 06:52:44,619 [main] INFO  server.RaftServerConfigKeys (ConfUtils.java:logGet(43)) - raft.server.log.appender.buffer.byte-limit = 33554432 (custom)
2019-09-25 06:52:44,620 [main] INFO  server.GrpcService (ConfUtils.java:logGet(43)) - raft.grpc.flow.control.window = 1MB (=1048576) (default)
2019-09-25 06:52:44,621 [main] INFO  server.RaftServerConfigKeys (ConfUtils.java:logGet(43)) - raft.server.rpc.request.timeout = 3000ms (default)
2019-09-25 06:52:44,810 [main] INFO  server.RaftServerConfigKeys (ConfUtils.java:logGet(43)) - raft.server.storage.dir = [/workdir/hadoop-ozone/tools/target/test-dir/MiniOzoneClusterImpl-33913572-8408-41c3-be5b-cf3f3bf490a2/datanode-0/data/ratis] (custom)
2019-09-25 06:52:44,871 [main] INFO  hdfs.DFSUtil (DFSUtil.java:httpServerTemplateForNNAndJN(1641)) - Starting Web-server for hddsDatanode at: http://0.0.0.0:0
2019-09-25 06:52:44,874 [main] INFO  server.AuthenticationFilter (AuthenticationFilter.java:constructSecretProvider(240)) - Unable to initialize FileSignerSecretProvider, falling back to use random secrets.
2019-09-25 06:52:44,875 [main] WARN  http.HttpRequestLog (HttpRequestLog.java:getRequestLog(97)) - Jetty request log can only be enabled using Log4j
2019-09-25 06:52:44,878 [main] INFO  http.HttpServer2 (HttpServer2.java:addGlobalFilter(975)) - Added global filter 'safety' (class=org.apache.hadoop.http.HttpServer2$QuotingInputFilter)
2019-09-25 06:52:44,879 [main] INFO  http.HttpServer2 (HttpServer2.java:addFilter(948)) - Added filter static_user_filter (class=org.apache.hadoop.http.lib.StaticUserWebFilter$StaticUserFilter) to context hddsDatanode
2019-09-25 06:52:44,880 [main] INFO  http.HttpServer2 (HttpServer2.java:addFilter(958)) - Added filter static_user_filter (class=org.apache.hadoop.http.lib.StaticUserWebFilter$StaticUserFilter) to context logs
2019-09-25 06:52:44,880 [main] INFO  http.HttpServer2 (HttpServer2.java:addFilter(958)) - Added filter static_user_filter (class=org.apache.hadoop.http.lib.StaticUserWebFilter$StaticUserFilter) to context static
2019-09-25 06:52:44,882 [main] INFO  http.HttpServer2 (HttpServer2.java:bindListener(1191)) - Jetty bound to port 33532
2019-09-25 06:52:44,882 [main] INFO  server.Server (Server.java:doStart(351)) - jetty-9.3.25.v20180904, build timestamp: 2018-09-04T21:11:46Z, git hash: 3ce520221d0240229c862b122d2b06c12a625732
2019-09-25 06:52:44,885 [main] INFO  handler.ContextHandler (ContextHandler.java:doStart(781)) - Started o.e.j.s.ServletContextHandler@3c5dbdf8{/logs,file:///workdir/hadoop-ozone/tools/target/log,AVAILABLE}
2019-09-25 06:52:44,886 [main] INFO  handler.ContextHandler (ContextHandler.java:doStart(781)) - Started o.e.j.s.ServletContextHandler@7aac8884{/static,jar:file:/home/user/.m2/repository/org/apache/hadoop/hadoop-hdds-container-service/0.5.0-SNAPSHOT/hadoop-hdds-container-service-0.5.0-SNAPSHOT.jar!/webapps/static,AVAILABLE}
2019-09-25 06:52:44,928 [main] INFO  handler.ContextHandler (ContextHandler.java:doStart(781)) - Started o.e.j.w.WebAppContext@cb7fa71{/,file:///tmp/jetty-0.0.0.0-33532-hddsDatanode-_-any-8966658311152122438.dir/webapp/,AVAILABLE}{/hddsDatanode}
2019-09-25 06:52:44,930 [main] INFO  server.AbstractConnector (AbstractConnector.java:doStart(278)) - Started ServerConnector@3dffc764{HTTP/1.1,[http/1.1]}{0.0.0.0:33532}
2019-09-25 06:52:44,931 [main] INFO  server.Server (Server.java:doStart(419)) - Started @6388ms
2019-09-25 06:52:44,931 [main] WARN  impl.MetricsSystemImpl (MetricsSystemImpl.java:register(276)) - Sink prometheus already exists!
2019-09-25 06:52:44,932 [main] INFO  server.BaseHttpServer (BaseHttpServer.java:updateConnectorAddress(215)) - HTTP server of HDDSDATANODE is listening at http://0.0.0.0:33532
2019-09-25 06:52:44,933 [main] INFO  impl.MetricsSystemImpl (MetricsSystemImpl.java:init(158)) - HddsDatanode metrics system started (again)
2019-09-25 06:52:44,936 [main] INFO  ozone.HddsDatanodeService (HddsDatanodeService.java:start(184)) - HddsDatanodeService host:pr-hdds-1569-s44lr-3492059363 ip:192.168.164.207
2019-09-25 06:52:44,939 [org.apache.hadoop.util.JvmPauseMonitor$Monitor@358b2137] INFO  util.JvmPauseMonitor (JvmPauseMonitor.java:run(188)) - Starting JVM pause monitor
2019-09-25 06:52:44,943 [main] INFO  volume.HddsVolume (HddsVolume.java:<init>(176)) - Creating Volume: /workdir/hadoop-ozone/tools/target/test-dir/MiniOzoneClusterImpl-33913572-8408-41c3-be5b-cf3f3bf490a2/datanode-1/data/containers/hdds of  storage type : DISK and capacity : 1482555576320
2019-09-25 06:52:44,945 [main] INFO  volume.VolumeSet (VolumeSet.java:initializeVolumeSet(170)) - Added Volume : /workdir/hadoop-ozone/tools/target/test-dir/MiniOzoneClusterImpl-33913572-8408-41c3-be5b-cf3f3bf490a2/datanode-1/data/containers/hdds to VolumeSet
2019-09-25 06:52:44,946 [main] INFO  volume.ThrottledAsyncChecker (ThrottledAsyncChecker.java:schedule(139)) - Scheduling a check for org.apache.hadoop.ozone.container.common.volume.HddsVolume@68d7a2df
2019-09-25 06:52:44,947 [main] INFO  volume.HddsVolumeChecker (HddsVolumeChecker.java:checkAllVolumes(202)) - Scheduled health check for volume org.apache.hadoop.ozone.container.common.volume.HddsVolume@68d7a2df
2019-09-25 06:52:44,963 [main] INFO  impl.RaftServerProxy (ConfUtils.java:logGet(43)) - raft.rpc.type = GRPC (default)
2019-09-25 06:52:44,963 [main] INFO  grpc.GrpcFactory (GrpcFactory.java:checkPooledByteBufAllocatorUseCacheForAllThreads(45)) - PERFORMANCE WARNING: useCacheForAllThreads is true that may cause Netty to create a lot garbage objects and, as a result, trigger GC.
	It is recommended to disable useCacheForAllThreads by setting -Dorg.apache.ratis.thirdparty.io.netty.allocator.useCacheForAllThreads=false in command line.
2019-09-25 06:52:44,964 [main] INFO  grpc.GrpcConfigKeys$Server (ConfUtils.java:logGet(43)) - raft.grpc.server.port = 0 (default)
2019-09-25 06:52:44,964 [main] INFO  server.GrpcService (ConfUtils.java:logGet(43)) - raft.grpc.message.size.max = 33570816 (custom)
2019-09-25 06:52:44,964 [main] INFO  server.RaftServerConfigKeys (ConfUtils.java:logGet(43)) - raft.server.log.appender.buffer.byte-limit = 33554432 (custom)
2019-09-25 06:52:44,964 [main] INFO  server.GrpcService (ConfUtils.java:logGet(43)) - raft.grpc.flow.control.window = 1MB (=1048576) (default)
2019-09-25 06:52:44,965 [main] INFO  server.RaftServerConfigKeys (ConfUtils.java:logGet(43)) - raft.server.rpc.request.timeout = 3000ms (default)
2019-09-25 06:52:44,965 [main] INFO  server.RaftServerConfigKeys (ConfUtils.java:logGet(43)) - raft.server.storage.dir = [/workdir/hadoop-ozone/tools/target/test-dir/MiniOzoneClusterImpl-33913572-8408-41c3-be5b-cf3f3bf490a2/datanode-1/data/ratis] (custom)
2019-09-25 06:52:44,967 [main] INFO  hdfs.DFSUtil (DFSUtil.java:httpServerTemplateForNNAndJN(1641)) - Starting Web-server for hddsDatanode at: http://0.0.0.0:0
2019-09-25 06:52:44,969 [main] INFO  server.AuthenticationFilter (AuthenticationFilter.java:constructSecretProvider(240)) - Unable to initialize FileSignerSecretProvider, falling back to use random secrets.
2019-09-25 06:52:44,971 [main] WARN  http.HttpRequestLog (HttpRequestLog.java:getRequestLog(97)) - Jetty request log can only be enabled using Log4j
2019-09-25 06:52:44,974 [main] INFO  http.HttpServer2 (HttpServer2.java:addGlobalFilter(975)) - Added global filter 'safety' (class=org.apache.hadoop.http.HttpServer2$QuotingInputFilter)
2019-09-25 06:52:44,975 [main] INFO  http.HttpServer2 (HttpServer2.java:addFilter(948)) - Added filter static_user_filter (class=org.apache.hadoop.http.lib.StaticUserWebFilter$StaticUserFilter) to context hddsDatanode
2019-09-25 06:52:44,976 [main] INFO  http.HttpServer2 (HttpServer2.java:addFilter(958)) - Added filter static_user_filter (class=org.apache.hadoop.http.lib.StaticUserWebFilter$StaticUserFilter) to context static
2019-09-25 06:52:44,976 [main] INFO  http.HttpServer2 (HttpServer2.java:addFilter(958)) - Added filter static_user_filter (class=org.apache.hadoop.http.lib.StaticUserWebFilter$StaticUserFilter) to context logs
2019-09-25 06:52:44,977 [main] INFO  http.HttpServer2 (HttpServer2.java:bindListener(1191)) - Jetty bound to port 45620
2019-09-25 06:52:44,978 [main] INFO  server.Server (Server.java:doStart(351)) - jetty-9.3.25.v20180904, build timestamp: 2018-09-04T21:11:46Z, git hash: 3ce520221d0240229c862b122d2b06c12a625732
2019-09-25 06:52:44,985 [main] INFO  handler.ContextHandler (ContextHandler.java:doStart(781)) - Started o.e.j.s.ServletContextHandler@1422ac7f{/logs,file:///workdir/hadoop-ozone/tools/target/log,AVAILABLE}
2019-09-25 06:52:44,987 [main] INFO  handler.ContextHandler (ContextHandler.java:doStart(781)) - Started o.e.j.s.ServletContextHandler@7bc44ce8{/static,jar:file:/home/user/.m2/repository/org/apache/hadoop/hadoop-hdds-container-service/0.5.0-SNAPSHOT/hadoop-hdds-container-service-0.5.0-SNAPSHOT.jar!/webapps/static,AVAILABLE}
2019-09-25 06:52:45,039 [main] INFO  handler.ContextHandler (ContextHandler.java:doStart(781)) - Started o.e.j.w.WebAppContext@5af8bb51{/,file:///tmp/jetty-0.0.0.0-45620-hddsDatanode-_-any-4118130315411275223.dir/webapp/,AVAILABLE}{/hddsDatanode}
2019-09-25 06:52:45,040 [main] INFO  server.AbstractConnector (AbstractConnector.java:doStart(278)) - Started ServerConnector@799ed4e8{HTTP/1.1,[http/1.1]}{0.0.0.0:45620}
2019-09-25 06:52:45,041 [main] INFO  server.Server (Server.java:doStart(419)) - Started @6499ms
2019-09-25 06:52:45,042 [main] WARN  impl.MetricsSystemImpl (MetricsSystemImpl.java:register(276)) - Sink prometheus already exists!
2019-09-25 06:52:45,043 [main] INFO  server.BaseHttpServer (BaseHttpServer.java:updateConnectorAddress(215)) - HTTP server of HDDSDATANODE is listening at http://0.0.0.0:45620
2019-09-25 06:52:45,043 [main] INFO  impl.MetricsSystemImpl (MetricsSystemImpl.java:init(158)) - HddsDatanode metrics system started (again)
2019-09-25 06:52:45,046 [org.apache.hadoop.util.JvmPauseMonitor$Monitor@2cdedfb6] INFO  util.JvmPauseMonitor (JvmPauseMonitor.java:run(188)) - Starting JVM pause monitor
2019-09-25 06:52:45,047 [main] INFO  ozone.HddsDatanodeService (HddsDatanodeService.java:start(184)) - HddsDatanodeService host:pr-hdds-1569-s44lr-3492059363 ip:192.168.164.207
2019-09-25 06:52:45,055 [main] INFO  volume.HddsVolume (HddsVolume.java:<init>(176)) - Creating Volume: /workdir/hadoop-ozone/tools/target/test-dir/MiniOzoneClusterImpl-33913572-8408-41c3-be5b-cf3f3bf490a2/datanode-2/data/containers/hdds of  storage type : DISK and capacity : 1482555576320
2019-09-25 06:52:45,059 [main] INFO  volume.VolumeSet (VolumeSet.java:initializeVolumeSet(170)) - Added Volume : /workdir/hadoop-ozone/tools/target/test-dir/MiniOzoneClusterImpl-33913572-8408-41c3-be5b-cf3f3bf490a2/datanode-2/data/containers/hdds to VolumeSet
2019-09-25 06:52:45,062 [main] INFO  volume.ThrottledAsyncChecker (ThrottledAsyncChecker.java:schedule(139)) - Scheduling a check for org.apache.hadoop.ozone.container.common.volume.HddsVolume@121bb45b
2019-09-25 06:52:45,064 [Datanode State Machine Thread - 0] INFO  datanode.InitDatanodeState (InitDatanodeState.java:persistContainerDatanodeDetails(140)) - DatanodeDetails is persisted to /workdir/hadoop-ozone/tools/target/test-dir/MiniOzoneClusterImpl-33913572-8408-41c3-be5b-cf3f3bf490a2/datanode-0/meta/datanode.id
2019-09-25 06:52:45,065 [main] INFO  volume.HddsVolumeChecker (HddsVolumeChecker.java:checkAllVolumes(202)) - Scheduled health check for volume org.apache.hadoop.ozone.container.common.volume.HddsVolume@121bb45b
2019-09-25 06:52:45,069 [Datanode State Machine Thread - 0] INFO  datanode.InitDatanodeState (InitDatanodeState.java:persistContainerDatanodeDetails(140)) - DatanodeDetails is persisted to /workdir/hadoop-ozone/tools/target/test-dir/MiniOzoneClusterImpl-33913572-8408-41c3-be5b-cf3f3bf490a2/datanode-1/meta/datanode.id
2019-09-25 06:52:45,087 [main] INFO  impl.RaftServerProxy (ConfUtils.java:logGet(43)) - raft.rpc.type = GRPC (default)
2019-09-25 06:52:45,087 [main] INFO  grpc.GrpcFactory (GrpcFactory.java:checkPooledByteBufAllocatorUseCacheForAllThreads(45)) - PERFORMANCE WARNING: useCacheForAllThreads is true that may cause Netty to create a lot garbage objects and, as a result, trigger GC.
	It is recommended to disable useCacheForAllThreads by setting -Dorg.apache.ratis.thirdparty.io.netty.allocator.useCacheForAllThreads=false in command line.
2019-09-25 06:52:45,088 [main] INFO  grpc.GrpcConfigKeys$Server (ConfUtils.java:logGet(43)) - raft.grpc.server.port = 0 (default)
2019-09-25 06:52:45,088 [main] INFO  server.GrpcService (ConfUtils.java:logGet(43)) - raft.grpc.message.size.max = 33570816 (custom)
2019-09-25 06:52:45,088 [main] INFO  server.RaftServerConfigKeys (ConfUtils.java:logGet(43)) - raft.server.log.appender.buffer.byte-limit = 33554432 (custom)
2019-09-25 06:52:45,088 [main] INFO  server.GrpcService (ConfUtils.java:logGet(43)) - raft.grpc.flow.control.window = 1MB (=1048576) (default)
2019-09-25 06:52:45,089 [main] INFO  server.RaftServerConfigKeys (ConfUtils.java:logGet(43)) - raft.server.rpc.request.timeout = 3000ms (default)
2019-09-25 06:52:45,089 [main] INFO  server.RaftServerConfigKeys (ConfUtils.java:logGet(43)) - raft.server.storage.dir = [/workdir/hadoop-ozone/tools/target/test-dir/MiniOzoneClusterImpl-33913572-8408-41c3-be5b-cf3f3bf490a2/datanode-2/data/ratis] (custom)
2019-09-25 06:52:45,092 [main] INFO  hdfs.DFSUtil (DFSUtil.java:httpServerTemplateForNNAndJN(1641)) - Starting Web-server for hddsDatanode at: http://0.0.0.0:0
2019-09-25 06:52:45,093 [main] INFO  server.AuthenticationFilter (AuthenticationFilter.java:constructSecretProvider(240)) - Unable to initialize FileSignerSecretProvider, falling back to use random secrets.
2019-09-25 06:52:45,093 [main] WARN  http.HttpRequestLog (HttpRequestLog.java:getRequestLog(97)) - Jetty request log can only be enabled using Log4j
2019-09-25 06:52:45,095 [main] INFO  http.HttpServer2 (HttpServer2.java:addGlobalFilter(975)) - Added global filter 'safety' (class=org.apache.hadoop.http.HttpServer2$QuotingInputFilter)
2019-09-25 06:52:45,096 [main] INFO  http.HttpServer2 (HttpServer2.java:addFilter(948)) - Added filter static_user_filter (class=org.apache.hadoop.http.lib.StaticUserWebFilter$StaticUserFilter) to context hddsDatanode
2019-09-25 06:52:45,096 [main] INFO  http.HttpServer2 (HttpServer2.java:addFilter(958)) - Added filter static_user_filter (class=org.apache.hadoop.http.lib.StaticUserWebFilter$StaticUserFilter) to context logs
2019-09-25 06:52:45,096 [main] INFO  http.HttpServer2 (HttpServer2.java:addFilter(958)) - Added filter static_user_filter (class=org.apache.hadoop.http.lib.StaticUserWebFilter$StaticUserFilter) to context static
2019-09-25 06:52:45,097 [main] INFO  http.HttpServer2 (HttpServer2.java:bindListener(1191)) - Jetty bound to port 36196
2019-09-25 06:52:45,097 [main] INFO  server.Server (Server.java:doStart(351)) - jetty-9.3.25.v20180904, build timestamp: 2018-09-04T21:11:46Z, git hash: 3ce520221d0240229c862b122d2b06c12a625732
2019-09-25 06:52:45,099 [main] INFO  handler.ContextHandler (ContextHandler.java:doStart(781)) - Started o.e.j.s.ServletContextHandler@59cda16e{/logs,file:///workdir/hadoop-ozone/tools/target/log,AVAILABLE}
2019-09-25 06:52:45,100 [main] INFO  handler.ContextHandler (ContextHandler.java:doStart(781)) - Started o.e.j.s.ServletContextHandler@12e0f1cb{/static,jar:file:/home/user/.m2/repository/org/apache/hadoop/hadoop-hdds-container-service/0.5.0-SNAPSHOT/hadoop-hdds-container-service-0.5.0-SNAPSHOT.jar!/webapps/static,AVAILABLE}
2019-09-25 06:52:45,128 [main] INFO  handler.ContextHandler (ContextHandler.java:doStart(781)) - Started o.e.j.w.WebAppContext@443effcb{/,file:///tmp/jetty-0.0.0.0-36196-hddsDatanode-_-any-5673932847173194563.dir/webapp/,AVAILABLE}{/hddsDatanode}
2019-09-25 06:52:45,128 [main] INFO  server.AbstractConnector (AbstractConnector.java:doStart(278)) - Started ServerConnector@74ecacc3{HTTP/1.1,[http/1.1]}{0.0.0.0:36196}
2019-09-25 06:52:45,130 [main] INFO  server.Server (Server.java:doStart(419)) - Started @6587ms
2019-09-25 06:52:45,131 [main] WARN  impl.MetricsSystemImpl (MetricsSystemImpl.java:register(276)) - Sink prometheus already exists!
2019-09-25 06:52:45,132 [main] INFO  server.BaseHttpServer (BaseHttpServer.java:updateConnectorAddress(215)) - HTTP server of HDDSDATANODE is listening at http://0.0.0.0:36196
2019-09-25 06:52:45,132 [main] INFO  impl.MetricsSystemImpl (MetricsSystemImpl.java:init(158)) - HddsDatanode metrics system started (again)
2019-09-25 06:52:45,136 [org.apache.hadoop.util.JvmPauseMonitor$Monitor@2182b362] INFO  util.JvmPauseMonitor (JvmPauseMonitor.java:run(188)) - Starting JVM pause monitor
2019-09-25 06:52:45,136 [main] INFO  ozone.HddsDatanodeService (HddsDatanodeService.java:start(184)) - HddsDatanodeService host:pr-hdds-1569-s44lr-3492059363 ip:192.168.164.207
2019-09-25 06:52:45,139 [Datanode State Machine Thread - 0] INFO  datanode.InitDatanodeState (InitDatanodeState.java:persistContainerDatanodeDetails(140)) - DatanodeDetails is persisted to /workdir/hadoop-ozone/tools/target/test-dir/MiniOzoneClusterImpl-33913572-8408-41c3-be5b-cf3f3bf490a2/datanode-2/meta/datanode.id
2019-09-25 06:52:45,144 [main] INFO  volume.HddsVolume (HddsVolume.java:<init>(176)) - Creating Volume: /workdir/hadoop-ozone/tools/target/test-dir/MiniOzoneClusterImpl-33913572-8408-41c3-be5b-cf3f3bf490a2/datanode-3/data/containers/hdds of  storage type : DISK and capacity : 1482555576320
2019-09-25 06:52:45,145 [main] INFO  volume.VolumeSet (VolumeSet.java:initializeVolumeSet(170)) - Added Volume : /workdir/hadoop-ozone/tools/target/test-dir/MiniOzoneClusterImpl-33913572-8408-41c3-be5b-cf3f3bf490a2/datanode-3/data/containers/hdds to VolumeSet
2019-09-25 06:52:45,145 [main] INFO  volume.ThrottledAsyncChecker (ThrottledAsyncChecker.java:schedule(139)) - Scheduling a check for org.apache.hadoop.ozone.container.common.volume.HddsVolume@642f9a77
2019-09-25 06:52:45,146 [main] INFO  volume.HddsVolumeChecker (HddsVolumeChecker.java:checkAllVolumes(202)) - Scheduled health check for volume org.apache.hadoop.ozone.container.common.volume.HddsVolume@642f9a77
2019-09-25 06:52:45,166 [main] INFO  impl.RaftServerProxy (ConfUtils.java:logGet(43)) - raft.rpc.type = GRPC (default)
2019-09-25 06:52:45,167 [main] INFO  grpc.GrpcFactory (GrpcFactory.java:checkPooledByteBufAllocatorUseCacheForAllThreads(45)) - PERFORMANCE WARNING: useCacheForAllThreads is true that may cause Netty to create a lot garbage objects and, as a result, trigger GC.
	It is recommended to disable useCacheForAllThreads by setting -Dorg.apache.ratis.thirdparty.io.netty.allocator.useCacheForAllThreads=false in command line.
2019-09-25 06:52:45,167 [main] INFO  grpc.GrpcConfigKeys$Server (ConfUtils.java:logGet(43)) - raft.grpc.server.port = 0 (default)
2019-09-25 06:52:45,167 [main] INFO  server.GrpcService (ConfUtils.java:logGet(43)) - raft.grpc.message.size.max = 33570816 (custom)
2019-09-25 06:52:45,168 [main] INFO  server.RaftServerConfigKeys (ConfUtils.java:logGet(43)) - raft.server.log.appender.buffer.byte-limit = 33554432 (custom)
2019-09-25 06:52:45,168 [main] INFO  server.GrpcService (ConfUtils.java:logGet(43)) - raft.grpc.flow.control.window = 1MB (=1048576) (default)
2019-09-25 06:52:45,168 [main] INFO  server.RaftServerConfigKeys (ConfUtils.java:logGet(43)) - raft.server.rpc.request.timeout = 3000ms (default)
2019-09-25 06:52:45,169 [main] INFO  server.RaftServerConfigKeys (ConfUtils.java:logGet(43)) - raft.server.storage.dir = [/workdir/hadoop-ozone/tools/target/test-dir/MiniOzoneClusterImpl-33913572-8408-41c3-be5b-cf3f3bf490a2/datanode-3/data/ratis] (custom)
2019-09-25 06:52:45,171 [main] INFO  hdfs.DFSUtil (DFSUtil.java:httpServerTemplateForNNAndJN(1641)) - Starting Web-server for hddsDatanode at: http://0.0.0.0:0
2019-09-25 06:52:45,173 [main] INFO  server.AuthenticationFilter (AuthenticationFilter.java:constructSecretProvider(240)) - Unable to initialize FileSignerSecretProvider, falling back to use random secrets.
2019-09-25 06:52:45,173 [main] WARN  http.HttpRequestLog (HttpRequestLog.java:getRequestLog(97)) - Jetty request log can only be enabled using Log4j
2019-09-25 06:52:45,175 [main] INFO  http.HttpServer2 (HttpServer2.java:addGlobalFilter(975)) - Added global filter 'safety' (class=org.apache.hadoop.http.HttpServer2$QuotingInputFilter)
2019-09-25 06:52:45,176 [main] INFO  http.HttpServer2 (HttpServer2.java:addFilter(948)) - Added filter static_user_filter (class=org.apache.hadoop.http.lib.StaticUserWebFilter$StaticUserFilter) to context hddsDatanode
2019-09-25 06:52:45,176 [main] INFO  http.HttpServer2 (HttpServer2.java:addFilter(958)) - Added filter static_user_filter (class=org.apache.hadoop.http.lib.StaticUserWebFilter$StaticUserFilter) to context logs
2019-09-25 06:52:45,176 [main] INFO  http.HttpServer2 (HttpServer2.java:addFilter(958)) - Added filter static_user_filter (class=org.apache.hadoop.http.lib.StaticUserWebFilter$StaticUserFilter) to context static
2019-09-25 06:52:45,177 [main] INFO  http.HttpServer2 (HttpServer2.java:bindListener(1191)) - Jetty bound to port 34114
2019-09-25 06:52:45,177 [main] INFO  server.Server (Server.java:doStart(351)) - jetty-9.3.25.v20180904, build timestamp: 2018-09-04T21:11:46Z, git hash: 3ce520221d0240229c862b122d2b06c12a625732
2019-09-25 06:52:45,180 [main] INFO  handler.ContextHandler (ContextHandler.java:doStart(781)) - Started o.e.j.s.ServletContextHandler@181b8c4b{/logs,file:///workdir/hadoop-ozone/tools/target/log,AVAILABLE}
2019-09-25 06:52:45,181 [main] INFO  handler.ContextHandler (ContextHandler.java:doStart(781)) - Started o.e.j.s.ServletContextHandler@437486cd{/static,jar:file:/home/user/.m2/repository/org/apache/hadoop/hadoop-hdds-container-service/0.5.0-SNAPSHOT/hadoop-hdds-container-service-0.5.0-SNAPSHOT.jar!/webapps/static,AVAILABLE}
2019-09-25 06:52:45,212 [main] INFO  handler.ContextHandler (ContextHandler.java:doStart(781)) - Started o.e.j.w.WebAppContext@77a074b4{/,file:///tmp/jetty-0.0.0.0-34114-hddsDatanode-_-any-6070576255158112948.dir/webapp/,AVAILABLE}{/hddsDatanode}
2019-09-25 06:52:45,213 [main] INFO  server.AbstractConnector (AbstractConnector.java:doStart(278)) - Started ServerConnector@333c8791{HTTP/1.1,[http/1.1]}{0.0.0.0:34114}
2019-09-25 06:52:45,213 [main] INFO  server.Server (Server.java:doStart(419)) - Started @6671ms
2019-09-25 06:52:45,213 [main] WARN  impl.MetricsSystemImpl (MetricsSystemImpl.java:register(276)) - Sink prometheus already exists!
2019-09-25 06:52:45,214 [main] INFO  server.BaseHttpServer (BaseHttpServer.java:updateConnectorAddress(215)) - HTTP server of HDDSDATANODE is listening at http://0.0.0.0:34114
2019-09-25 06:52:45,214 [main] INFO  impl.MetricsSystemImpl (MetricsSystemImpl.java:init(158)) - HddsDatanode metrics system started (again)
2019-09-25 06:52:45,217 [main] INFO  ozone.HddsDatanodeService (HddsDatanodeService.java:start(184)) - HddsDatanodeService host:pr-hdds-1569-s44lr-3492059363 ip:192.168.164.207
2019-09-25 06:52:45,217 [org.apache.hadoop.util.JvmPauseMonitor$Monitor@4cdec38e] INFO  util.JvmPauseMonitor (JvmPauseMonitor.java:run(188)) - Starting JVM pause monitor
2019-09-25 06:52:45,221 [Datanode State Machine Thread - 0] INFO  datanode.InitDatanodeState (InitDatanodeState.java:persistContainerDatanodeDetails(140)) - DatanodeDetails is persisted to /workdir/hadoop-ozone/tools/target/test-dir/MiniOzoneClusterImpl-33913572-8408-41c3-be5b-cf3f3bf490a2/datanode-3/meta/datanode.id
2019-09-25 06:52:45,223 [main] INFO  volume.HddsVolume (HddsVolume.java:<init>(176)) - Creating Volume: /workdir/hadoop-ozone/tools/target/test-dir/MiniOzoneClusterImpl-33913572-8408-41c3-be5b-cf3f3bf490a2/datanode-4/data/containers/hdds of  storage type : DISK and capacity : 1482555576320
2019-09-25 06:52:45,224 [main] INFO  volume.VolumeSet (VolumeSet.java:initializeVolumeSet(170)) - Added Volume : /workdir/hadoop-ozone/tools/target/test-dir/MiniOzoneClusterImpl-33913572-8408-41c3-be5b-cf3f3bf490a2/datanode-4/data/containers/hdds to VolumeSet
2019-09-25 06:52:45,224 [main] INFO  volume.ThrottledAsyncChecker (ThrottledAsyncChecker.java:schedule(139)) - Scheduling a check for org.apache.hadoop.ozone.container.common.volume.HddsVolume@20b9d5d5
2019-09-25 06:52:45,225 [main] INFO  volume.HddsVolumeChecker (HddsVolumeChecker.java:checkAllVolumes(202)) - Scheduled health check for volume org.apache.hadoop.ozone.container.common.volume.HddsVolume@20b9d5d5
2019-09-25 06:52:45,245 [main] INFO  impl.RaftServerProxy (ConfUtils.java:logGet(43)) - raft.rpc.type = GRPC (default)
2019-09-25 06:52:45,245 [main] INFO  grpc.GrpcFactory (GrpcFactory.java:checkPooledByteBufAllocatorUseCacheForAllThreads(45)) - PERFORMANCE WARNING: useCacheForAllThreads is true that may cause Netty to create a lot garbage objects and, as a result, trigger GC.
	It is recommended to disable useCacheForAllThreads by setting -Dorg.apache.ratis.thirdparty.io.netty.allocator.useCacheForAllThreads=false in command line.
2019-09-25 06:52:45,246 [main] INFO  grpc.GrpcConfigKeys$Server (ConfUtils.java:logGet(43)) - raft.grpc.server.port = 0 (default)
2019-09-25 06:52:45,246 [main] INFO  server.GrpcService (ConfUtils.java:logGet(43)) - raft.grpc.message.size.max = 33570816 (custom)
2019-09-25 06:52:45,246 [main] INFO  server.RaftServerConfigKeys (ConfUtils.java:logGet(43)) - raft.server.log.appender.buffer.byte-limit = 33554432 (custom)
2019-09-25 06:52:45,247 [main] INFO  server.GrpcService (ConfUtils.java:logGet(43)) - raft.grpc.flow.control.window = 1MB (=1048576) (default)
2019-09-25 06:52:45,247 [main] INFO  server.RaftServerConfigKeys (ConfUtils.java:logGet(43)) - raft.server.rpc.request.timeout = 3000ms (default)
2019-09-25 06:52:45,248 [main] INFO  server.RaftServerConfigKeys (ConfUtils.java:logGet(43)) - raft.server.storage.dir = [/workdir/hadoop-ozone/tools/target/test-dir/MiniOzoneClusterImpl-33913572-8408-41c3-be5b-cf3f3bf490a2/datanode-4/data/ratis] (custom)
2019-09-25 06:52:45,250 [main] INFO  hdfs.DFSUtil (DFSUtil.java:httpServerTemplateForNNAndJN(1641)) - Starting Web-server for hddsDatanode at: http://0.0.0.0:0
2019-09-25 06:52:45,251 [main] INFO  server.AuthenticationFilter (AuthenticationFilter.java:constructSecretProvider(240)) - Unable to initialize FileSignerSecretProvider, falling back to use random secrets.
2019-09-25 06:52:45,252 [main] WARN  http.HttpRequestLog (HttpRequestLog.java:getRequestLog(97)) - Jetty request log can only be enabled using Log4j
2019-09-25 06:52:45,254 [main] INFO  http.HttpServer2 (HttpServer2.java:addGlobalFilter(975)) - Added global filter 'safety' (class=org.apache.hadoop.http.HttpServer2$QuotingInputFilter)
2019-09-25 06:52:45,255 [main] INFO  http.HttpServer2 (HttpServer2.java:addFilter(948)) - Added filter static_user_filter (class=org.apache.hadoop.http.lib.StaticUserWebFilter$StaticUserFilter) to context hddsDatanode
2019-09-25 06:52:45,255 [main] INFO  http.HttpServer2 (HttpServer2.java:addFilter(958)) - Added filter static_user_filter (class=org.apache.hadoop.http.lib.StaticUserWebFilter$StaticUserFilter) to context logs
2019-09-25 06:52:45,255 [main] INFO  http.HttpServer2 (HttpServer2.java:addFilter(958)) - Added filter static_user_filter (class=org.apache.hadoop.http.lib.StaticUserWebFilter$StaticUserFilter) to context static
2019-09-25 06:52:45,256 [main] INFO  http.HttpServer2 (HttpServer2.java:bindListener(1191)) - Jetty bound to port 43085
2019-09-25 06:52:45,257 [main] INFO  server.Server (Server.java:doStart(351)) - jetty-9.3.25.v20180904, build timestamp: 2018-09-04T21:11:46Z, git hash: 3ce520221d0240229c862b122d2b06c12a625732
2019-09-25 06:52:45,259 [main] INFO  handler.ContextHandler (ContextHandler.java:doStart(781)) - Started o.e.j.s.ServletContextHandler@1d9bd4da{/logs,file:///workdir/hadoop-ozone/tools/target/log,AVAILABLE}
2019-09-25 06:52:45,260 [main] INFO  handler.ContextHandler (ContextHandler.java:doStart(781)) - Started o.e.j.s.ServletContextHandler@eac3a26{/static,jar:file:/home/user/.m2/repository/org/apache/hadoop/hadoop-hdds-container-service/0.5.0-SNAPSHOT/hadoop-hdds-container-service-0.5.0-SNAPSHOT.jar!/webapps/static,AVAILABLE}
2019-09-25 06:52:45,290 [main] INFO  handler.ContextHandler (ContextHandler.java:doStart(781)) - Started o.e.j.w.WebAppContext@75d4a80f{/,file:///tmp/jetty-0.0.0.0-43085-hddsDatanode-_-any-5328477360015878001.dir/webapp/,AVAILABLE}{/hddsDatanode}
2019-09-25 06:52:45,292 [main] INFO  server.AbstractConnector (AbstractConnector.java:doStart(278)) - Started ServerConnector@4596f8f3{HTTP/1.1,[http/1.1]}{0.0.0.0:43085}
2019-09-25 06:52:45,292 [main] INFO  server.Server (Server.java:doStart(419)) - Started @6750ms
2019-09-25 06:52:45,292 [main] WARN  impl.MetricsSystemImpl (MetricsSystemImpl.java:register(276)) - Sink prometheus already exists!
2019-09-25 06:52:45,293 [main] INFO  server.BaseHttpServer (BaseHttpServer.java:updateConnectorAddress(215)) - HTTP server of HDDSDATANODE is listening at http://0.0.0.0:43085
2019-09-25 06:52:45,295 [main] INFO  ozone.MiniOzoneClusterImpl (MiniOzoneClusterImpl.java:lambda$waitForClusterToBeReady$0(147)) - Waiting for cluster to be ready. Got 0 of 5 DN Heartbeats.
2019-09-25 06:52:45,295 [org.apache.hadoop.util.JvmPauseMonitor$Monitor@54ed0b1e] INFO  util.JvmPauseMonitor (JvmPauseMonitor.java:run(188)) - Starting JVM pause monitor
2019-09-25 06:52:45,298 [Datanode State Machine Thread - 0] INFO  datanode.InitDatanodeState (InitDatanodeState.java:persistContainerDatanodeDetails(140)) - DatanodeDetails is persisted to /workdir/hadoop-ozone/tools/target/test-dir/MiniOzoneClusterImpl-33913572-8408-41c3-be5b-cf3f3bf490a2/datanode-4/meta/datanode.id
2019-09-25 06:52:46,295 [main] INFO  ozone.MiniOzoneClusterImpl (MiniOzoneClusterImpl.java:lambda$waitForClusterToBeReady$0(147)) - Waiting for cluster to be ready. Got 0 of 5 DN Heartbeats.
2019-09-25 06:52:47,009 [Datanode State Machine Thread - 0] INFO  ozoneimpl.OzoneContainer (OzoneContainer.java:start(217)) - Attempting to start container services.
2019-09-25 06:52:47,012 [Datanode State Machine Thread - 0] INFO  ozoneimpl.OzoneContainer (OzoneContainer.java:startContainerScrub(179)) - Background container scanner has been disabled.
2019-09-25 06:52:47,013 [Datanode State Machine Thread - 0] INFO  ratis.XceiverServerRatis (XceiverServerRatis.java:start(411)) - Starting XceiverServerRatis 39e8fa34-752e-4a48-ab6f-88eb3aeadb82 at port 0
2019-09-25 06:52:47,040 [Datanode State Machine Thread - 0] INFO  impl.RaftServerProxy (RaftServerProxy.java:lambda$start$3(299)) - 39e8fa34-752e-4a48-ab6f-88eb3aeadb82: start RPC server
2019-09-25 06:52:47,055 [Datanode State Machine Thread - 0] INFO  ozoneimpl.OzoneContainer (OzoneContainer.java:start(217)) - Attempting to start container services.
2019-09-25 06:52:47,061 [Datanode State Machine Thread - 0] INFO  ozoneimpl.OzoneContainer (OzoneContainer.java:startContainerScrub(179)) - Background container scanner has been disabled.
2019-09-25 06:52:47,061 [Datanode State Machine Thread - 0] INFO  ratis.XceiverServerRatis (XceiverServerRatis.java:start(411)) - Starting XceiverServerRatis 5a5056d2-7b18-4f20-adb1-11c9552618dc at port 0
2019-09-25 06:52:47,069 [Datanode State Machine Thread - 0] INFO  impl.RaftServerProxy (RaftServerProxy.java:lambda$start$3(299)) - 5a5056d2-7b18-4f20-adb1-11c9552618dc: start RPC server
2019-09-25 06:52:47,154 [Datanode State Machine Thread - 0] INFO  ozoneimpl.OzoneContainer (OzoneContainer.java:start(217)) - Attempting to start container services.
2019-09-25 06:52:47,156 [Datanode State Machine Thread - 0] INFO  ozoneimpl.OzoneContainer (OzoneContainer.java:startContainerScrub(179)) - Background container scanner has been disabled.
2019-09-25 06:52:47,157 [Datanode State Machine Thread - 0] INFO  ratis.XceiverServerRatis (XceiverServerRatis.java:start(411)) - Starting XceiverServerRatis 969873e8-2b3e-40d4-aa10-c4ac05c56191 at port 0
2019-09-25 06:52:47,163 [Datanode State Machine Thread - 0] INFO  impl.RaftServerProxy (RaftServerProxy.java:lambda$start$3(299)) - 969873e8-2b3e-40d4-aa10-c4ac05c56191: start RPC server
2019-09-25 06:52:47,214 [Datanode State Machine Thread - 0] INFO  server.GrpcService (GrpcService.java:startImpl(158)) - 5a5056d2-7b18-4f20-adb1-11c9552618dc: GrpcService started, listening on 0.0.0.0/0.0.0.0:43950
2019-09-25 06:52:47,214 [Datanode State Machine Thread - 0] INFO  server.GrpcService (GrpcService.java:startImpl(158)) - 969873e8-2b3e-40d4-aa10-c4ac05c56191: GrpcService started, listening on 0.0.0.0/0.0.0.0:38699
2019-09-25 06:52:47,214 [Datanode State Machine Thread - 0] INFO  server.GrpcService (GrpcService.java:startImpl(158)) - 39e8fa34-752e-4a48-ab6f-88eb3aeadb82: GrpcService started, listening on 0.0.0.0/0.0.0.0:36023
2019-09-25 06:52:47,215 [Datanode State Machine Thread - 0] INFO  ratis.XceiverServerRatis (XceiverServerRatis.java:start(421)) - XceiverServerRatis 969873e8-2b3e-40d4-aa10-c4ac05c56191 is started using port 38699
2019-09-25 06:52:47,215 [Datanode State Machine Thread - 0] INFO  ratis.XceiverServerRatis (XceiverServerRatis.java:start(421)) - XceiverServerRatis 5a5056d2-7b18-4f20-adb1-11c9552618dc is started using port 43950
2019-09-25 06:52:47,215 [Datanode State Machine Thread - 0] INFO  ratis.XceiverServerRatis (XceiverServerRatis.java:start(421)) - XceiverServerRatis 39e8fa34-752e-4a48-ab6f-88eb3aeadb82 is started using port 36023
2019-09-25 06:52:47,222 [Datanode State Machine Thread - 0] INFO  server.XceiverServerGrpc (XceiverServerGrpc.java:start(149)) - XceiverServerGrpc 39e8fa34-752e-4a48-ab6f-88eb3aeadb82 is started using port 43547
2019-09-25 06:52:47,222 [Datanode State Machine Thread - 0] INFO  server.XceiverServerGrpc (XceiverServerGrpc.java:start(149)) - XceiverServerGrpc 5a5056d2-7b18-4f20-adb1-11c9552618dc is started using port 45750
2019-09-25 06:52:47,222 [Datanode State Machine Thread - 0] INFO  server.XceiverServerGrpc (XceiverServerGrpc.java:start(149)) - XceiverServerGrpc 969873e8-2b3e-40d4-aa10-c4ac05c56191 is started using port 38525
2019-09-25 06:52:47,236 [Datanode State Machine Thread - 0] INFO  ozoneimpl.OzoneContainer (OzoneContainer.java:start(217)) - Attempting to start container services.
2019-09-25 06:52:47,237 [Datanode State Machine Thread - 0] INFO  ozoneimpl.OzoneContainer (OzoneContainer.java:startContainerScrub(179)) - Background container scanner has been disabled.
2019-09-25 06:52:47,237 [Datanode State Machine Thread - 0] INFO  ratis.XceiverServerRatis (XceiverServerRatis.java:start(411)) - Starting XceiverServerRatis 8bb6bb58-9381-4956-a6ae-6423136ec2bb at port 0
2019-09-25 06:52:47,243 [Datanode State Machine Thread - 0] INFO  impl.RaftServerProxy (RaftServerProxy.java:lambda$start$3(299)) - 8bb6bb58-9381-4956-a6ae-6423136ec2bb: start RPC server
2019-09-25 06:52:47,245 [Datanode State Machine Thread - 0] INFO  server.GrpcService (GrpcService.java:startImpl(158)) - 8bb6bb58-9381-4956-a6ae-6423136ec2bb: GrpcService started, listening on 0.0.0.0/0.0.0.0:33876
2019-09-25 06:52:47,245 [Datanode State Machine Thread - 0] INFO  ratis.XceiverServerRatis (XceiverServerRatis.java:start(421)) - XceiverServerRatis 8bb6bb58-9381-4956-a6ae-6423136ec2bb is started using port 33876
2019-09-25 06:52:47,247 [Datanode State Machine Thread - 0] INFO  server.XceiverServerGrpc (XceiverServerGrpc.java:start(149)) - XceiverServerGrpc 8bb6bb58-9381-4956-a6ae-6423136ec2bb is started using port 43194
2019-09-25 06:52:47,296 [main] INFO  ozone.MiniOzoneClusterImpl (MiniOzoneClusterImpl.java:lambda$waitForClusterToBeReady$0(147)) - Waiting for cluster to be ready. Got 0 of 5 DN Heartbeats.
2019-09-25 06:52:47,317 [Datanode State Machine Thread - 0] INFO  ozoneimpl.OzoneContainer (OzoneContainer.java:start(217)) - Attempting to start container services.
2019-09-25 06:52:47,323 [Datanode State Machine Thread - 0] INFO  ozoneimpl.OzoneContainer (OzoneContainer.java:startContainerScrub(179)) - Background container scanner has been disabled.
2019-09-25 06:52:47,323 [Datanode State Machine Thread - 0] INFO  ratis.XceiverServerRatis (XceiverServerRatis.java:start(411)) - Starting XceiverServerRatis cb5f3901-e038-4412-8de0-2ef7bd4db2f0 at port 0
2019-09-25 06:52:47,330 [Datanode State Machine Thread - 0] INFO  impl.RaftServerProxy (RaftServerProxy.java:lambda$start$3(299)) - cb5f3901-e038-4412-8de0-2ef7bd4db2f0: start RPC server
2019-09-25 06:52:47,333 [Datanode State Machine Thread - 0] INFO  server.GrpcService (GrpcService.java:startImpl(158)) - cb5f3901-e038-4412-8de0-2ef7bd4db2f0: GrpcService started, listening on 0.0.0.0/0.0.0.0:45317
2019-09-25 06:52:47,334 [Datanode State Machine Thread - 0] INFO  ratis.XceiverServerRatis (XceiverServerRatis.java:start(421)) - XceiverServerRatis cb5f3901-e038-4412-8de0-2ef7bd4db2f0 is started using port 45317
2019-09-25 06:52:47,336 [Datanode State Machine Thread - 0] INFO  server.XceiverServerGrpc (XceiverServerGrpc.java:start(149)) - XceiverServerGrpc cb5f3901-e038-4412-8de0-2ef7bd4db2f0 is started using port 43120
2019-09-25 06:52:48,297 [main] INFO  ozone.MiniOzoneClusterImpl (MiniOzoneClusterImpl.java:lambda$waitForClusterToBeReady$0(147)) - Waiting for cluster to be ready. Got 0 of 5 DN Heartbeats.
2019-09-25 06:52:48,969 [IPC Server handler 0 on 43750] INFO  net.NetworkTopology (NetworkTopologyImpl.java:add(111)) - Added a new node: /default-rack/39e8fa34-752e-4a48-ab6f-88eb3aeadb82
2019-09-25 06:52:48,969 [IPC Server handler 0 on 43750] INFO  node.SCMNodeManager (SCMNodeManager.java:register(266)) - Registered Data node : 39e8fa34-752e-4a48-ab6f-88eb3aeadb82{ip: 192.168.164.207, host: pr-hdds-1569-s44lr-3492059363, networkLocation: /default-rack, certSerialId: null}
2019-09-25 06:52:48,973 [EventQueue-NodeRegistrationContainerReportForDataNodeSafeModeRule] INFO  safemode.SCMSafeModeManager (DataNodeSafeModeRule.java:process(71)) - SCM in safe mode. 1 DataNodes registered, 1 required.
2019-09-25 06:52:48,973 [EventQueue-NodeRegistrationContainerReportForDataNodeSafeModeRule] INFO  safemode.SCMSafeModeManager (SCMSafeModeManager.java:validateSafeModeExitRules(177)) - ScmSafeModeManager, all rules are successfully validated
2019-09-25 06:52:48,973 [EventQueue-NodeRegistrationContainerReportForDataNodeSafeModeRule] INFO  safemode.SCMSafeModeManager (SCMSafeModeManager.java:exitSafeMode(193)) - SCM exiting safe mode.
2019-09-25 06:52:49,049 [IPC Server handler 1 on 43750] INFO  net.NetworkTopology (NetworkTopologyImpl.java:add(111)) - Added a new node: /default-rack/5a5056d2-7b18-4f20-adb1-11c9552618dc
2019-09-25 06:52:49,049 [IPC Server handler 1 on 43750] INFO  node.SCMNodeManager (SCMNodeManager.java:register(266)) - Registered Data node : 5a5056d2-7b18-4f20-adb1-11c9552618dc{ip: 192.168.164.207, host: pr-hdds-1569-s44lr-3492059363, networkLocation: /default-rack, certSerialId: null}
2019-09-25 06:52:49,140 [IPC Server handler 2 on 43750] INFO  net.NetworkTopology (NetworkTopologyImpl.java:add(111)) - Added a new node: /default-rack/969873e8-2b3e-40d4-aa10-c4ac05c56191
2019-09-25 06:52:49,140 [IPC Server handler 2 on 43750] INFO  node.SCMNodeManager (SCMNodeManager.java:register(266)) - Registered Data node : 969873e8-2b3e-40d4-aa10-c4ac05c56191{ip: 192.168.164.207, host: pr-hdds-1569-s44lr-3492059363, networkLocation: /default-rack, certSerialId: null}
2019-09-25 06:52:49,222 [IPC Server handler 3 on 43750] INFO  net.NetworkTopology (NetworkTopologyImpl.java:add(111)) - Added a new node: /default-rack/8bb6bb58-9381-4956-a6ae-6423136ec2bb
2019-09-25 06:52:49,223 [IPC Server handler 3 on 43750] INFO  node.SCMNodeManager (SCMNodeManager.java:register(266)) - Registered Data node : 8bb6bb58-9381-4956-a6ae-6423136ec2bb{ip: 192.168.164.207, host: pr-hdds-1569-s44lr-3492059363, networkLocation: /default-rack, certSerialId: null}
2019-09-25 06:52:49,297 [main] INFO  ozone.MiniOzoneClusterImpl (MiniOzoneClusterImpl.java:lambda$waitForClusterToBeReady$0(147)) - Waiting for cluster to be ready. Got 4 of 5 DN Heartbeats.
2019-09-25 06:52:49,298 [IPC Server handler 5 on 43750] INFO  net.NetworkTopology (NetworkTopologyImpl.java:add(111)) - Added a new node: /default-rack/cb5f3901-e038-4412-8de0-2ef7bd4db2f0
2019-09-25 06:52:49,299 [IPC Server handler 5 on 43750] INFO  node.SCMNodeManager (SCMNodeManager.java:register(266)) - Registered Data node : cb5f3901-e038-4412-8de0-2ef7bd4db2f0{ip: 192.168.164.207, host: pr-hdds-1569-s44lr-3492059363, networkLocation: /default-rack, certSerialId: null}
2019-09-25 06:52:49,422 [grpc-default-executor-0] INFO  impl.RaftServerProxy (RaftServerProxy.java:addNew(89)) - 39e8fa34-752e-4a48-ab6f-88eb3aeadb82: addNew group-AFA10B35203C:[39e8fa34-752e-4a48-ab6f-88eb3aeadb82:192.168.164.207:36023] returns group-AFA10B35203C:java.util.concurrent.CompletableFuture@b7dac67[Not completed]
2019-09-25 06:52:49,438 [pool-27-thread-1] INFO  impl.RaftServerImpl (RaftServerImpl.java:<init>(95)) - 39e8fa34-752e-4a48-ab6f-88eb3aeadb82: new RaftServerImpl for group-AFA10B35203C:[39e8fa34-752e-4a48-ab6f-88eb3aeadb82:192.168.164.207:36023] with ContainerStateMachine:uninitialized
2019-09-25 06:52:49,440 [pool-27-thread-1] INFO  server.RaftServerConfigKeys (ConfUtils.java:logGet(43)) - raft.server.rpc.timeout.min = 5s (custom)
2019-09-25 06:52:49,442 [pool-27-thread-1] INFO  server.RaftServerConfigKeys (ConfUtils.java:logGet(43)) - raft.server.rpc.timeout.max = 5200ms (custom)
2019-09-25 06:52:49,442 [pool-27-thread-1] INFO  server.RaftServerConfigKeys (ConfUtils.java:logGet(43)) - raft.server.rpcslowness.timeout = 120s (custom)
2019-09-25 06:52:49,443 [pool-27-thread-1] INFO  server.RaftServerConfigKeys (ConfUtils.java:logGet(43)) - raft.server.sleep.deviation.threshold = 300 (default)
2019-09-25 06:52:49,444 [pool-27-thread-1] INFO  server.RaftServerConfigKeys (ConfUtils.java:logGet(43)) - raft.server.log.appender.install.snapshot.enabled = false (custom)
2019-09-25 06:52:49,453 [pool-27-thread-1] INFO  impl.RaftServerImpl (ServerState.java:<init>(103)) - 39e8fa34-752e-4a48-ab6f-88eb3aeadb82@group-AFA10B35203C: ConfigurationManager, init=-1: [39e8fa34-752e-4a48-ab6f-88eb3aeadb82:192.168.164.207:36023], old=null, confs=<EMPTY_MAP>
2019-09-25 06:52:49,454 [pool-27-thread-1] INFO  server.RaftServerConfigKeys (ConfUtils.java:logGet(43)) - raft.server.storage.dir = [/workdir/hadoop-ozone/tools/target/test-dir/MiniOzoneClusterImpl-33913572-8408-41c3-be5b-cf3f3bf490a2/datanode-0/data/ratis] (custom)
2019-09-25 06:52:49,462 [pool-27-thread-1] INFO  storage.RaftStorageDirectory (RaftStorageDirectory.java:analyzeStorage(246)) - The storage directory /workdir/hadoop-ozone/tools/target/test-dir/MiniOzoneClusterImpl-33913572-8408-41c3-be5b-cf3f3bf490a2/datanode-0/data/ratis/019d56e9-46fc-4f5d-9747-afa10b35203c does not exist. Creating ...
2019-09-25 06:52:50,298 [main] INFO  ozone.MiniOzoneClusterImpl (MiniOzoneClusterImpl.java:lambda$waitForClusterToBeReady$0(147)) - Cluster is ready. Got 5 of 5 DN Heartbeats.
2019-09-25 06:52:50,867 [main] INFO  freon.RandomKeyGenerator (RandomKeyGenerator.java:call(283)) - Number of Threads: 10
2019-09-25 06:52:50,867 [main] INFO  freon.RandomKeyGenerator (RandomKeyGenerator.java:call(288)) - Number of Volumes: 1.
2019-09-25 06:52:50,868 [main] INFO  freon.RandomKeyGenerator (RandomKeyGenerator.java:call(289)) - Number of Buckets per Volume: 1.
2019-09-25 06:52:50,868 [main] INFO  freon.RandomKeyGenerator (RandomKeyGenerator.java:call(290)) - Number of Keys per Bucket: 1.
2019-09-25 06:52:50,868 [main] INFO  freon.RandomKeyGenerator (RandomKeyGenerator.java:call(291)) - Key size: 20971520 bytes
2019-09-25 06:52:50,868 [main] INFO  freon.RandomKeyGenerator (RandomKeyGenerator.java:call(292)) - Buffer size: 4096 bytes
2019-09-25 06:52:50,868 [main] INFO  freon.RandomKeyGenerator (RandomKeyGenerator.java:call(293)) - validateWrites : true
2019-09-25 06:52:50,873 [main] INFO  freon.RandomKeyGenerator (RandomKeyGenerator.java:call(307)) - Data validation is enabled.
2019-09-25 06:52:50,875 [main] INFO  freon.RandomKeyGenerator (RandomKeyGenerator.java:call(313)) - Starting progress bar Thread.

 0.00% |█                                                                                                    |  0/1 Time: 0:00:002019-09-25 06:52:50,903 [pool-73-thread-1] INFO  rpc.RpcClient (RpcClient.java:createVolume(276)) - Creating Volume: vol-0-03338, with jenkins1000 as owner.
2019-09-25 06:52:51,022 [IPC Server handler 0 on 43811] INFO  volume.OMVolumeCreateRequest (OMVolumeCreateRequest.java:validateAndUpdateCache(189)) - created volume:vol-0-03338 for user:jenkins1000
2019-09-25 06:52:51,059 [pool-73-thread-3] INFO  rpc.RpcClient (RpcClient.java:createBucket(415)) - Creating Bucket: vol-0-03338/bucket-0-78342, with Versioning false and Storage Type set to DISK and Encryption set to false 
 0.00% |█                                                                                                    |  0/1 Time: 0:00:012019-09-25 06:52:51,978 [Thread-208] INFO  container.ReplicationManager (ReplicationManager.java:start(163)) - Starting Replication Monitor Thread.
2019-09-25 06:52:51,980 [ReplicationMonitor] INFO  container.ReplicationManager (ReplicationManager.java:run(226)) - Replication Monitor Thread took 1 milliseconds for processing 0 containers.
2019-09-25 06:52:52,140 [RATISCREATEPIPELINE1] ERROR pipeline.RatisPipelineProvider (RatisPipelineProvider.java:lambda$null$2(181)) - Failed invoke Ratis rpc org.apache.hadoop.hdds.scm.pipeline.RatisPipelineProvider$$Lambda$179/1677073647@344e2501 for 39e8fa34-752e-4a48-ab6f-88eb3aeadb82
org.apache.ratis.protocol.TimeoutIOException: deadline exceeded after 2963359805ns
	at org.apache.ratis.grpc.GrpcUtil.tryUnwrapException(GrpcUtil.java:82)
	at org.apache.ratis.grpc.GrpcUtil.unwrapException(GrpcUtil.java:75)
	at org.apache.ratis.grpc.client.GrpcClientProtocolClient.blockingCall(GrpcClientProtocolClient.java:178)
	at org.apache.ratis.grpc.client.GrpcClientProtocolClient.groupAdd(GrpcClientProtocolClient.java:147)
	at org.apache.ratis.grpc.client.GrpcClientRpc.sendRequest(GrpcClientRpc.java:94)
	at org.apache.ratis.client.impl.RaftClientImpl.sendRequest(RaftClientImpl.java:278)
	at org.apache.ratis.client.impl.RaftClientImpl.groupAdd(RaftClientImpl.java:205)
	at org.apache.hadoop.hdds.scm.pipeline.RatisPipelineProvider.lambda$initializePipeline$1(RatisPipelineProvider.java:142)
	at org.apache.hadoop.hdds.scm.pipeline.RatisPipelineProvider.lambda$null$2(RatisPipelineProvider.java:177)
	at java.util.stream.ForEachOps$ForEachOp$OfRef.accept(ForEachOps.java:184)
	at java.util.ArrayList$ArrayListSpliterator.forEachRemaining(ArrayList.java:1382)
	at java.util.stream.AbstractPipeline.copyInto(AbstractPipeline.java:482)
	at java.util.stream.ForEachOps$ForEachTask.compute(ForEachOps.java:291)
	at java.util.concurrent.CountedCompleter.exec(CountedCompleter.java:731)
	at java.util.concurrent.ForkJoinTask.doExec(ForkJoinTask.java:289)
	at java.util.concurrent.ForkJoinTask.doInvoke(ForkJoinTask.java:401)
	at java.util.concurrent.ForkJoinTask.invoke(ForkJoinTask.java:734)
	at java.util.stream.ForEachOps$ForEachOp.evaluateParallel(ForEachOps.java:160)
	at java.util.stream.ForEachOps$ForEachOp$OfRef.evaluateParallel(ForEachOps.java:174)
	at java.util.stream.AbstractPipeline.evaluate(AbstractPipeline.java:233)
	at java.util.stream.ReferencePipeline.forEach(ReferencePipeline.java:418)
	at java.util.stream.ReferencePipeline$Head.forEach(ReferencePipeline.java:583)
	at org.apache.hadoop.hdds.scm.pipeline.RatisPipelineProvider.lambda$callRatisRpc$3(RatisPipelineProvider.java:171)
	at java.util.concurrent.ForkJoinTask$AdaptedRunnableAction.exec(ForkJoinTask.java:1386)
	at java.util.concurrent.ForkJoinTask.doExec(ForkJoinTask.java:289)
	at java.util.concurrent.ForkJoinPool$WorkQueue.runTask(ForkJoinPool.java:1056)
	at java.util.concurrent.ForkJoinPool.runWorker(ForkJoinPool.java:1692)
	at java.util.concurrent.ForkJoinWorkerThread.run(ForkJoinWorkerThread.java:157)
Caused by: org.apache.ratis.thirdparty.io.grpc.StatusRuntimeException: DEADLINE_EXCEEDED: deadline exceeded after 2963359805ns
	at org.apache.ratis.thirdparty.io.grpc.stub.ClientCalls.toStatusRuntimeException(ClientCalls.java:233)
	at org.apache.ratis.thirdparty.io.grpc.stub.ClientCalls.getUnchecked(ClientCalls.java:214)
	at org.apache.ratis.thirdparty.io.grpc.stub.ClientCalls.blockingUnaryCall(ClientCalls.java:139)
	at org.apache.ratis.proto.grpc.AdminProtocolServiceGrpc$AdminProtocolServiceBlockingStub.groupManagement(AdminProtocolServiceGrpc.java:274)
	at org.apache.ratis.grpc.client.GrpcClientProtocolClient.lambda$groupAdd$3(GrpcClientProtocolClient.java:149)
	at org.apache.ratis.grpc.client.GrpcClientProtocolClient.blockingCall(GrpcClientProtocolClient.java:176)
	... 25 more
2019-09-25 06:52:52,145 [RatisPipelineUtilsThread] ERROR pipeline.SCMPipelineManager (SCMPipelineManager.java:createPipeline(167)) - Pipeline creation failed.
java.io.IOException: Failed invoke Ratis rpc org.apache.hadoop.hdds.scm.pipeline.RatisPipelineProvider$$Lambda$179/1677073647@344e2501 for 39e8fa34-752e-4a48-ab6f-88eb3aeadb82
	at org.apache.hadoop.hdds.scm.pipeline.RatisPipelineProvider.lambda$null$2(RatisPipelineProvider.java:182)
	at java.util.stream.ForEachOps$ForEachOp$OfRef.accept(ForEachOps.java:184)
	at java.util.ArrayList$ArrayListSpliterator.forEachRemaining(ArrayList.java:1382)
	at java.util.stream.AbstractPipeline.copyInto(AbstractPipeline.java:482)
	at java.util.stream.ForEachOps$ForEachTask.compute(ForEachOps.java:291)
	at java.util.concurrent.CountedCompleter.exec(CountedCompleter.java:731)
	at java.util.concurrent.ForkJoinTask.doExec(ForkJoinTask.java:289)
	at java.util.concurrent.ForkJoinTask.doInvoke(ForkJoinTask.java:401)
	at java.util.concurrent.ForkJoinTask.invoke(ForkJoinTask.java:734)
	at java.util.stream.ForEachOps$ForEachOp.evaluateParallel(ForEachOps.java:160)
	at java.util.stream.ForEachOps$ForEachOp$OfRef.evaluateParallel(ForEachOps.java:174)
	at java.util.stream.AbstractPipeline.evaluate(AbstractPipeline.java:233)
	at java.util.stream.ReferencePipeline.forEach(ReferencePipeline.java:418)
	at java.util.stream.ReferencePipeline$Head.forEach(ReferencePipeline.java:583)
	at org.apache.hadoop.hdds.scm.pipeline.RatisPipelineProvider.lambda$callRatisRpc$3(RatisPipelineProvider.java:171)
	at java.util.concurrent.ForkJoinTask$AdaptedRunnableAction.exec(ForkJoinTask.java:1386)
	at java.util.concurrent.ForkJoinTask.doExec(ForkJoinTask.java:289)
	at java.util.concurrent.ForkJoinPool$WorkQueue.runTask(ForkJoinPool.java:1056)
	at java.util.concurrent.ForkJoinPool.runWorker(ForkJoinPool.java:1692)
	at java.util.concurrent.ForkJoinWorkerThread.run(ForkJoinWorkerThread.java:157)
Caused by: org.apache.ratis.protocol.TimeoutIOException: deadline exceeded after 2963359805ns
	at org.apache.ratis.grpc.GrpcUtil.tryUnwrapException(GrpcUtil.java:82)
	at org.apache.ratis.grpc.GrpcUtil.unwrapException(GrpcUtil.java:75)
	at org.apache.ratis.grpc.client.GrpcClientProtocolClient.blockingCall(GrpcClientProtocolClient.java:178)
	at org.apache.ratis.grpc.client.GrpcClientProtocolClient.groupAdd(GrpcClientProtocolClient.java:147)
	at org.apache.ratis.grpc.client.GrpcClientRpc.sendRequest(GrpcClientRpc.java:94)
	at org.apache.ratis.client.impl.RaftClientImpl.sendRequest(RaftClientImpl.java:278)
	at org.apache.ratis.client.impl.RaftClientImpl.groupAdd(RaftClientImpl.java:205)
	at org.apache.hadoop.hdds.scm.pipeline.RatisPipelineProvider.lambda$initializePipeline$1(RatisPipelineProvider.java:142)
	at org.apache.hadoop.hdds.scm.pipeline.RatisPipelineProvider.lambda$null$2(RatisPipelineProvider.java:177)
	... 19 more
Caused by: org.apache.ratis.thirdparty.io.grpc.StatusRuntimeException: DEADLINE_EXCEEDED: deadline exceeded after 2963359805ns
	at org.apache.ratis.thirdparty.io.grpc.stub.ClientCalls.toStatusRuntimeException(ClientCalls.java:233)
	at org.apache.ratis.thirdparty.io.grpc.stub.ClientCalls.getUnchecked(ClientCalls.java:214)
	at org.apache.ratis.thirdparty.io.grpc.stub.ClientCalls.blockingUnaryCall(ClientCalls.java:139)
	at org.apache.ratis.proto.grpc.AdminProtocolServiceGrpc$AdminProtocolServiceBlockingStub.groupManagement(AdminProtocolServiceGrpc.java:274)
	at org.apache.ratis.grpc.client.GrpcClientProtocolClient.lambda$groupAdd$3(GrpcClientProtocolClient.java:149)
	at org.apache.ratis.grpc.client.GrpcClientProtocolClient.blockingCall(GrpcClientProtocolClient.java:176)
	... 25 more
2019-09-25 06:52:52,197 [grpc-default-executor-0] INFO  impl.RaftServerProxy (RaftServerProxy.java:addNew(89)) - 8bb6bb58-9381-4956-a6ae-6423136ec2bb: addNew group-70A50D7F7C21:[5a5056d2-7b18-4f20-adb1-11c9552618dc:192.168.164.207:43950, 969873e8-2b3e-40d4-aa10-c4ac05c56191:192.168.164.207:38699, 8bb6bb58-9381-4956-a6ae-6423136ec2bb:192.168.164.207:33876] returns group-70A50D7F7C21:java.util.concurrent.CompletableFuture@2df3b57c[Not completed]
2019-09-25 06:52:52,210 [grpc-default-executor-0] INFO  impl.RaftServerProxy (RaftServerProxy.java:addNew(89)) - 5a5056d2-7b18-4f20-adb1-11c9552618dc: addNew group-70A50D7F7C21:[5a5056d2-7b18-4f20-adb1-11c9552618dc:192.168.164.207:43950, 969873e8-2b3e-40d4-aa10-c4ac05c56191:192.168.164.207:38699, 8bb6bb58-9381-4956-a6ae-6423136ec2bb:192.168.164.207:33876] returns group-70A50D7F7C21:java.util.concurrent.CompletableFuture@53118f90[Not completed]
2019-09-25 06:52:52,223 [grpc-default-executor-2] INFO  impl.RaftServerProxy (RaftServerProxy.java:addNew(89)) - 969873e8-2b3e-40d4-aa10-c4ac05c56191: addNew group-70A50D7F7C21:[5a5056d2-7b18-4f20-adb1-11c9552618dc:192.168.164.207:43950, 969873e8-2b3e-40d4-aa10-c4ac05c56191:192.168.164.207:38699, 8bb6bb58-9381-4956-a6ae-6423136ec2bb:192.168.164.207:33876] returns group-70A50D7F7C21:java.util.concurrent.CompletableFuture@31b5fed3[Not completed]
2019-09-25 06:52:52,234 [pool-57-thread-1] INFO  impl.RaftServerImpl (RaftServerImpl.java:<init>(95)) - 8bb6bb58-9381-4956-a6ae-6423136ec2bb: new RaftServerImpl for group-70A50D7F7C21:[5a5056d2-7b18-4f20-adb1-11c9552618dc:192.168.164.207:43950, 969873e8-2b3e-40d4-aa10-c4ac05c56191:192.168.164.207:38699, 8bb6bb58-9381-4956-a6ae-6423136ec2bb:192.168.164.207:33876] with ContainerStateMachine:uninitialized
2019-09-25 06:52:52,240 [pool-57-thread-1] INFO  server.RaftServerConfigKeys (ConfUtils.java:logGet(43)) - raft.server.rpc.timeout.min = 5s (custom)
2019-09-25 06:52:52,246 [pool-57-thread-1] INFO  server.RaftServerConfigKeys (ConfUtils.java:logGet(43)) - raft.server.rpc.timeout.max = 5200ms (custom)
2019-09-25 06:52:52,252 [pool-57-thread-1] INFO  server.RaftServerConfigKeys (ConfUtils.java:logGet(43)) - raft.server.rpcslowness.timeout = 120s (custom)
2019-09-25 06:52:52,256 [pool-57-thread-1] INFO  server.RaftServerConfigKeys (ConfUtils.java:logGet(43)) - raft.server.sleep.deviation.threshold = 300 (default)
2019-09-25 06:52:52,256 [pool-57-thread-1] INFO  server.RaftServerConfigKeys (ConfUtils.java:logGet(43)) - raft.server.log.appender.install.snapshot.enabled = false (custom)
2019-09-25 06:52:52,256 [pool-57-thread-1] INFO  impl.RaftServerImpl (ServerState.java:<init>(103)) - 8bb6bb58-9381-4956-a6ae-6423136ec2bb@group-70A50D7F7C21: ConfigurationManager, init=-1: [5a5056d2-7b18-4f20-adb1-11c9552618dc:192.168.164.207:43950, 969873e8-2b3e-40d4-aa10-c4ac05c56191:192.168.164.207:38699, 8bb6bb58-9381-4956-a6ae-6423136ec2bb:192.168.164.207:33876], old=null, confs=<EMPTY_MAP>
2019-09-25 06:52:52,257 [pool-57-thread-1] INFO  server.RaftServerConfigKeys (ConfUtils.java:logGet(43)) - raft.server.storage.dir = [/workdir/hadoop-ozone/tools/target/test-dir/MiniOzoneClusterImpl-33913572-8408-41c3-be5b-cf3f3bf490a2/datanode-3/data/ratis] (custom)
2019-09-25 06:52:52,257 [pool-47-thread-1] INFO  impl.RaftServerImpl (RaftServerImpl.java:<init>(95)) - 969873e8-2b3e-40d4-aa10-c4ac05c56191: new RaftServerImpl for group-70A50D7F7C21:[5a5056d2-7b18-4f20-adb1-11c9552618dc:192.168.164.207:43950, 969873e8-2b3e-40d4-aa10-c4ac05c56191:192.168.164.207:38699, 8bb6bb58-9381-4956-a6ae-6423136ec2bb:192.168.164.207:33876] with ContainerStateMachine:uninitialized
2019-09-25 06:52:52,257 [pool-47-thread-1] INFO  server.RaftServerConfigKeys (ConfUtils.java:logGet(43)) - raft.server.rpc.timeout.min = 5s (custom)
2019-09-25 06:52:52,257 [pool-47-thread-1] INFO  server.RaftServerConfigKeys (ConfUtils.java:logGet(43)) - raft.server.rpc.timeout.max = 5200ms (custom)
2019-09-25 06:52:52,257 [pool-57-thread-1] INFO  storage.RaftStorageDirectory (RaftStorageDirectory.java:analyzeStorage(246)) - The storage directory /workdir/hadoop-ozone/tools/target/test-dir/MiniOzoneClusterImpl-33913572-8408-41c3-be5b-cf3f3bf490a2/datanode-3/data/ratis/26527124-c25f-4611-b120-70a50d7f7c21 does not exist. Creating ...
2019-09-25 06:52:52,258 [pool-47-thread-1] INFO  server.RaftServerConfigKeys (ConfUtils.java:logGet(43)) - raft.server.rpcslowness.timeout = 120s (custom)
2019-09-25 06:52:52,259 [pool-37-thread-1] INFO  impl.RaftServerImpl (RaftServerImpl.java:<init>(95)) - 5a5056d2-7b18-4f20-adb1-11c9552618dc: new RaftServerImpl for group-70A50D7F7C21:[5a5056d2-7b18-4f20-adb1-11c9552618dc:192.168.164.207:43950, 969873e8-2b3e-40d4-aa10-c4ac05c56191:192.168.164.207:38699, 8bb6bb58-9381-4956-a6ae-6423136ec2bb:192.168.164.207:33876] with ContainerStateMachine:uninitialized
2019-09-25 06:52:52,259 [pool-47-thread-1] INFO  server.RaftServerConfigKeys (ConfUtils.java:logGet(43)) - raft.server.sleep.deviation.threshold = 300 (default)
2019-09-25 06:52:52,259 [pool-37-thread-1] INFO  server.RaftServerConfigKeys (ConfUtils.java:logGet(43)) - raft.server.rpc.timeout.min = 5s (custom)
2019-09-25 06:52:52,259 [pool-47-thread-1] INFO  server.RaftServerConfigKeys (ConfUtils.java:logGet(43)) - raft.server.log.appender.install.snapshot.enabled = false (custom)
2019-09-25 06:52:52,259 [pool-37-thread-1] INFO  server.RaftServerConfigKeys (ConfUtils.java:logGet(43)) - raft.server.rpc.timeout.max = 5200ms (custom)
2019-09-25 06:52:52,259 [pool-47-thread-1] INFO  impl.RaftServerImpl (ServerState.java:<init>(103)) - 969873e8-2b3e-40d4-aa10-c4ac05c56191@group-70A50D7F7C21: ConfigurationManager, init=-1: [5a5056d2-7b18-4f20-adb1-11c9552618dc:192.168.164.207:43950, 969873e8-2b3e-40d4-aa10-c4ac05c56191:192.168.164.207:38699, 8bb6bb58-9381-4956-a6ae-6423136ec2bb:192.168.164.207:33876], old=null, confs=<EMPTY_MAP>
2019-09-25 06:52:52,259 [pool-37-thread-1] INFO  server.RaftServerConfigKeys (ConfUtils.java:logGet(43)) - raft.server.rpcslowness.timeout = 120s (custom)
2019-09-25 06:52:52,259 [pool-47-thread-1] INFO  server.RaftServerConfigKeys (ConfUtils.java:logGet(43)) - raft.server.storage.dir = [/workdir/hadoop-ozone/tools/target/test-dir/MiniOzoneClusterImpl-33913572-8408-41c3-be5b-cf3f3bf490a2/datanode-2/data/ratis] (custom)
2019-09-25 06:52:52,259 [pool-37-thread-1] INFO  server.RaftServerConfigKeys (ConfUtils.java:logGet(43)) - raft.server.sleep.deviation.threshold = 300 (default)
2019-09-25 06:52:52,260 [pool-37-thread-1] INFO  server.RaftServerConfigKeys (ConfUtils.java:logGet(43)) - raft.server.log.appender.install.snapshot.enabled = false (custom)
2019-09-25 06:52:52,260 [pool-47-thread-1] INFO  storage.RaftStorageDirectory (RaftStorageDirectory.java:analyzeStorage(246)) - The storage directory /workdir/hadoop-ozone/tools/target/test-dir/MiniOzoneClusterImpl-33913572-8408-41c3-be5b-cf3f3bf490a2/datanode-2/data/ratis/26527124-c25f-4611-b120-70a50d7f7c21 does not exist. Creating ...
2019-09-25 06:52:52,260 [pool-37-thread-1] INFO  impl.RaftServerImpl (ServerState.java:<init>(103)) - 5a5056d2-7b18-4f20-adb1-11c9552618dc@group-70A50D7F7C21: ConfigurationManager, init=-1: [5a5056d2-7b18-4f20-adb1-11c9552618dc:192.168.164.207:43950, 969873e8-2b3e-40d4-aa10-c4ac05c56191:192.168.164.207:38699, 8bb6bb58-9381-4956-a6ae-6423136ec2bb:192.168.164.207:33876], old=null, confs=<EMPTY_MAP>
2019-09-25 06:52:52,260 [pool-37-thread-1] INFO  server.RaftServerConfigKeys (ConfUtils.java:logGet(43)) - raft.server.storage.dir = [/workdir/hadoop-ozone/tools/target/test-dir/MiniOzoneClusterImpl-33913572-8408-41c3-be5b-cf3f3bf490a2/datanode-1/data/ratis] (custom)
2019-09-25 06:52:52,260 [pool-37-thread-1] INFO  storage.RaftStorageDirectory (RaftStorageDirectory.java:analyzeStorage(246)) - The storage directory /workdir/hadoop-ozone/tools/target/test-dir/MiniOzoneClusterImpl-33913572-8408-41c3-be5b-cf3f3bf490a2/datanode-1/data/ratis/26527124-c25f-4611-b120-70a50d7f7c21 does not exist. Creating ...
 0.00% |█                                                                                                    |  0/1 Time: 0:00:02 0.00% |█                                                                                                    |  0/1 Time: 0:00:032019-09-25 06:52:54,193 [pool-47-thread-1] INFO  storage.RaftStorageDirectory (RaftStorageDirectory.java:tryLock(328)) - Lock on /workdir/hadoop-ozone/tools/target/test-dir/MiniOzoneClusterImpl-33913572-8408-41c3-be5b-cf3f3bf490a2/datanode-2/data/ratis/26527124-c25f-4611-b120-70a50d7f7c21/in_use.lock acquired by nodename 25784@pr-hdds-1569-s44lr-3492059363
2019-09-25 06:52:54,193 [pool-27-thread-1] INFO  storage.RaftStorageDirectory (RaftStorageDirectory.java:tryLock(328)) - Lock on /workdir/hadoop-ozone/tools/target/test-dir/MiniOzoneClusterImpl-33913572-8408-41c3-be5b-cf3f3bf490a2/datanode-0/data/ratis/019d56e9-46fc-4f5d-9747-afa10b35203c/in_use.lock acquired by nodename 25784@pr-hdds-1569-s44lr-3492059363
2019-09-25 06:52:54,193 [pool-37-thread-1] INFO  storage.RaftStorageDirectory (RaftStorageDirectory.java:tryLock(328)) - Lock on /workdir/hadoop-ozone/tools/target/test-dir/MiniOzoneClusterImpl-33913572-8408-41c3-be5b-cf3f3bf490a2/datanode-1/data/ratis/26527124-c25f-4611-b120-70a50d7f7c21/in_use.lock acquired by nodename 25784@pr-hdds-1569-s44lr-3492059363
2019-09-25 06:52:54,193 [pool-57-thread-1] INFO  storage.RaftStorageDirectory (RaftStorageDirectory.java:tryLock(328)) - Lock on /workdir/hadoop-ozone/tools/target/test-dir/MiniOzoneClusterImpl-33913572-8408-41c3-be5b-cf3f3bf490a2/datanode-3/data/ratis/26527124-c25f-4611-b120-70a50d7f7c21/in_use.lock acquired by nodename 25784@pr-hdds-1569-s44lr-3492059363
 0.00% |█                                                                                                    |  0/1 Time: 0:00:042019-09-25 06:52:55,159 [RATISCREATEPIPELINE1] ERROR pipeline.RatisPipelineProvider (RatisPipelineProvider.java:lambda$null$2(181)) - Failed invoke Ratis rpc org.apache.hadoop.hdds.scm.pipeline.RatisPipelineProvider$$Lambda$179/1677073647@39d06717 for 969873e8-2b3e-40d4-aa10-c4ac05c56191
org.apache.ratis.protocol.TimeoutIOException: deadline exceeded after 2996041513ns
	at org.apache.ratis.grpc.GrpcUtil.tryUnwrapException(GrpcUtil.java:82)
	at org.apache.ratis.grpc.GrpcUtil.unwrapException(GrpcUtil.java:75)
	at org.apache.ratis.grpc.client.GrpcClientProtocolClient.blockingCall(GrpcClientProtocolClient.java:178)
	at org.apache.ratis.grpc.client.GrpcClientProtocolClient.groupAdd(GrpcClientProtocolClient.java:147)
	at org.apache.ratis.grpc.client.GrpcClientRpc.sendRequest(GrpcClientRpc.java:94)
	at org.apache.ratis.client.impl.RaftClientImpl.sendRequest(RaftClientImpl.java:278)
	at org.apache.ratis.client.impl.RaftClientImpl.groupAdd(RaftClientImpl.java:205)
	at org.apache.hadoop.hdds.scm.pipeline.RatisPipelineProvider.lambda$initializePipeline$1(RatisPipelineProvider.java:142)
	at org.apache.hadoop.hdds.scm.pipeline.RatisPipelineProvider.lambda$null$2(RatisPipelineProvider.java:177)
	at java.util.stream.ForEachOps$ForEachOp$OfRef.accept(ForEachOps.java:184)
	at java.util.ArrayList$ArrayListSpliterator.forEachRemaining(ArrayList.java:1382)
	at java.util.stream.AbstractPipeline.copyInto(AbstractPipeline.java:482)
	at java.util.stream.ForEachOps$ForEachTask.compute(ForEachOps.java:291)
	at java.util.concurrent.CountedCompleter.exec(CountedCompleter.java:731)
	at java.util.concurrent.ForkJoinTask.doExec(ForkJoinTask.java:289)
	at java.util.concurrent.ForkJoinTask.doInvoke(ForkJoinTask.java:401)
	at java.util.concurrent.ForkJoinTask.invoke(ForkJoinTask.java:734)
	at java.util.stream.ForEachOps$ForEachOp.evaluateParallel(ForEachOps.java:160)
	at java.util.stream.ForEachOps$ForEachOp$OfRef.evaluateParallel(ForEachOps.java:174)
	at java.util.stream.AbstractPipeline.evaluate(AbstractPipeline.java:233)
	at java.util.stream.ReferencePipeline.forEach(ReferencePipeline.java:418)
	at java.util.stream.ReferencePipeline$Head.forEach(ReferencePipeline.java:583)
	at org.apache.hadoop.hdds.scm.pipeline.RatisPipelineProvider.lambda$callRatisRpc$3(RatisPipelineProvider.java:171)
	at java.util.concurrent.ForkJoinTask$AdaptedRunnableAction.exec(ForkJoinTask.java:1386)
	at java.util.concurrent.ForkJoinTask.doExec(ForkJoinTask.java:289)
	at java.util.concurrent.ForkJoinPool$WorkQueue.runTask(ForkJoinPool.java:1056)
	at java.util.concurrent.ForkJoinPool.runWorker(ForkJoinPool.java:1692)
	at java.util.concurrent.ForkJoinWorkerThread.run(ForkJoinWorkerThread.java:157)
Caused by: org.apache.ratis.thirdparty.io.grpc.StatusRuntimeException: DEADLINE_EXCEEDED: deadline exceeded after 2996041513ns
	at org.apache.ratis.thirdparty.io.grpc.stub.ClientCalls.toStatusRuntimeException(ClientCalls.java:233)
	at org.apache.ratis.thirdparty.io.grpc.stub.ClientCalls.getUnchecked(ClientCalls.java:214)
	at org.apache.ratis.thirdparty.io.grpc.stub.ClientCalls.blockingUnaryCall(ClientCalls.java:139)
	at org.apache.ratis.proto.grpc.AdminProtocolServiceGrpc$AdminProtocolServiceBlockingStub.groupManagement(AdminProtocolServiceGrpc.java:274)
	at org.apache.ratis.grpc.client.GrpcClientProtocolClient.lambda$groupAdd$3(GrpcClientProtocolClient.java:149)
	at org.apache.ratis.grpc.client.GrpcClientProtocolClient.blockingCall(GrpcClientProtocolClient.java:176)
	... 25 more
2019-09-25 06:52:55,163 [RATISCREATEPIPELINE2] ERROR pipeline.RatisPipelineProvider (RatisPipelineProvider.java:lambda$null$2(181)) - Failed invoke Ratis rpc org.apache.hadoop.hdds.scm.pipeline.RatisPipelineProvider$$Lambda$179/1677073647@39d06717 for 5a5056d2-7b18-4f20-adb1-11c9552618dc
org.apache.ratis.protocol.TimeoutIOException: deadline exceeded after 2997318518ns
	at org.apache.ratis.grpc.GrpcUtil.tryUnwrapException(GrpcUtil.java:82)
	at org.apache.ratis.grpc.GrpcUtil.unwrapException(GrpcUtil.java:75)
	at org.apache.ratis.grpc.client.GrpcClientProtocolClient.blockingCall(GrpcClientProtocolClient.java:178)
	at org.apache.ratis.grpc.client.GrpcClientProtocolClient.groupAdd(GrpcClientProtocolClient.java:147)
	at org.apache.ratis.grpc.client.GrpcClientRpc.sendRequest(GrpcClientRpc.java:94)
	at org.apache.ratis.client.impl.RaftClientImpl.sendRequest(RaftClientImpl.java:278)
	at org.apache.ratis.client.impl.RaftClientImpl.groupAdd(RaftClientImpl.java:205)
	at org.apache.hadoop.hdds.scm.pipeline.RatisPipelineProvider.lambda$initializePipeline$1(RatisPipelineProvider.java:142)
	at org.apache.hadoop.hdds.scm.pipeline.RatisPipelineProvider.lambda$null$2(RatisPipelineProvider.java:177)
	at java.util.stream.ForEachOps$ForEachOp$OfRef.accept(ForEachOps.java:184)
	at java.util.ArrayList$ArrayListSpliterator.forEachRemaining(ArrayList.java:1382)
	at java.util.stream.AbstractPipeline.copyInto(AbstractPipeline.java:482)
	at java.util.stream.ForEachOps$ForEachTask.compute(ForEachOps.java:291)
	at java.util.concurrent.CountedCompleter.exec(CountedCompleter.java:731)
	at java.util.concurrent.ForkJoinTask.doExec(ForkJoinTask.java:289)
	at java.util.concurrent.ForkJoinPool$WorkQueue.runTask(ForkJoinPool.java:1056)
	at java.util.concurrent.ForkJoinPool.runWorker(ForkJoinPool.java:1692)
	at java.util.concurrent.ForkJoinWorkerThread.run(ForkJoinWorkerThread.java:157)
Caused by: org.apache.ratis.thirdparty.io.grpc.StatusRuntimeException: DEADLINE_EXCEEDED: deadline exceeded after 2997318518ns
	at org.apache.ratis.thirdparty.io.grpc.stub.ClientCalls.toStatusRuntimeException(ClientCalls.java:233)
	at org.apache.ratis.thirdparty.io.grpc.stub.ClientCalls.getUnchecked(ClientCalls.java:214)
	at org.apache.ratis.thirdparty.io.grpc.stub.ClientCalls.blockingUnaryCall(ClientCalls.java:139)
	at org.apache.ratis.proto.grpc.AdminProtocolServiceGrpc$AdminProtocolServiceBlockingStub.groupManagement(AdminProtocolServiceGrpc.java:274)
	at org.apache.ratis.grpc.client.GrpcClientProtocolClient.lambda$groupAdd$3(GrpcClientProtocolClient.java:149)
	at org.apache.ratis.grpc.client.GrpcClientProtocolClient.blockingCall(GrpcClientProtocolClient.java:176)
	... 15 more
2019-09-25 06:52:55,162 [RATISCREATEPIPELINE3] ERROR pipeline.RatisPipelineProvider (RatisPipelineProvider.java:lambda$null$2(181)) - Failed invoke Ratis rpc org.apache.hadoop.hdds.scm.pipeline.RatisPipelineProvider$$Lambda$179/1677073647@39d06717 for 8bb6bb58-9381-4956-a6ae-6423136ec2bb
org.apache.ratis.protocol.TimeoutIOException: deadline exceeded after 2998558009ns
	at org.apache.ratis.grpc.GrpcUtil.tryUnwrapException(GrpcUtil.java:82)
	at org.apache.ratis.grpc.GrpcUtil.unwrapException(GrpcUtil.java:75)
	at org.apache.ratis.grpc.client.GrpcClientProtocolClient.blockingCall(GrpcClientProtocolClient.java:178)
	at org.apache.ratis.grpc.client.GrpcClientProtocolClient.groupAdd(GrpcClientProtocolClient.java:147)
	at org.apache.ratis.grpc.client.GrpcClientRpc.sendRequest(GrpcClientRpc.java:94)
	at org.apache.ratis.client.impl.RaftClientImpl.sendRequest(RaftClientImpl.java:278)
	at org.apache.ratis.client.impl.RaftClientImpl.groupAdd(RaftClientImpl.java:205)
	at org.apache.hadoop.hdds.scm.pipeline.RatisPipelineProvider.lambda$initializePipeline$1(RatisPipelineProvider.java:142)
	at org.apache.hadoop.hdds.scm.pipeline.RatisPipelineProvider.lambda$null$2(RatisPipelineProvider.java:177)
	at java.util.stream.ForEachOps$ForEachOp$OfRef.accept(ForEachOps.java:184)
	at java.util.ArrayList$ArrayListSpliterator.forEachRemaining(ArrayList.java:1382)
	at java.util.stream.AbstractPipeline.copyInto(AbstractPipeline.java:482)
	at java.util.stream.ForEachOps$ForEachTask.compute(ForEachOps.java:291)
	at java.util.concurrent.CountedCompleter.exec(CountedCompleter.java:731)
	at java.util.concurrent.ForkJoinTask.doExec(ForkJoinTask.java:289)
	at java.util.concurrent.ForkJoinPool$WorkQueue.runTask(ForkJoinPool.java:1056)
	at java.util.concurrent.ForkJoinPool.runWorker(ForkJoinPool.java:1692)
	at java.util.concurrent.ForkJoinWorkerThread.run(ForkJoinWorkerThread.java:157)
Caused by: org.apache.ratis.thirdparty.io.grpc.StatusRuntimeException: DEADLINE_EXCEEDED: deadline exceeded after 2998558009ns
	at org.apache.ratis.thirdparty.io.grpc.stub.ClientCalls.toStatusRuntimeException(ClientCalls.java:233)
	at org.apache.ratis.thirdparty.io.grpc.stub.ClientCalls.getUnchecked(ClientCalls.java:214)
	at org.apache.ratis.thirdparty.io.grpc.stub.ClientCalls.blockingUnaryCall(ClientCalls.java:139)
	at org.apache.ratis.proto.grpc.AdminProtocolServiceGrpc$AdminProtocolServiceBlockingStub.groupManagement(AdminProtocolServiceGrpc.java:274)
	at org.apache.ratis.grpc.client.GrpcClientProtocolClient.lambda$groupAdd$3(GrpcClientProtocolClient.java:149)
	at org.apache.ratis.grpc.client.GrpcClientProtocolClient.blockingCall(GrpcClientProtocolClient.java:176)
	... 15 more
2019-09-25 06:52:55,171 [RatisPipelineUtilsThread] ERROR pipeline.SCMPipelineManager (SCMPipelineManager.java:createPipeline(167)) - Pipeline creation failed.
org.apache.hadoop.io.MultipleIOException: 3 exceptions [java.io.IOException: Failed invoke Ratis rpc org.apache.hadoop.hdds.scm.pipeline.RatisPipelineProvider$$Lambda$179/1677073647@39d06717 for 969873e8-2b3e-40d4-aa10-c4ac05c56191, java.io.IOException: Failed invoke Ratis rpc org.apache.hadoop.hdds.scm.pipeline.RatisPipelineProvider$$Lambda$179/1677073647@39d06717 for 5a5056d2-7b18-4f20-adb1-11c9552618dc, java.io.IOException: Failed invoke Ratis rpc org.apache.hadoop.hdds.scm.pipeline.RatisPipelineProvider$$Lambda$179/1677073647@39d06717 for 8bb6bb58-9381-4956-a6ae-6423136ec2bb]
	at org.apache.hadoop.io.MultipleIOException.createIOException(MultipleIOException.java:53)
	at org.apache.hadoop.hdds.scm.pipeline.RatisPipelineProvider.callRatisRpc(RatisPipelineProvider.java:197)
	at org.apache.hadoop.hdds.scm.pipeline.RatisPipelineProvider.initializePipeline(RatisPipelineProvider.java:140)
	at org.apache.hadoop.hdds.scm.pipeline.RatisPipelineProvider.create(RatisPipelineProvider.java:109)
	at org.apache.hadoop.hdds.scm.pipeline.PipelineFactory.create(PipelineFactory.java:58)
	at org.apache.hadoop.hdds.scm.pipeline.SCMPipelineManager.createPipeline(SCMPipelineManager.java:155)
	at org.apache.hadoop.hdds.scm.pipeline.BackgroundPipelineCreator.createPipelines(BackgroundPipelineCreator.java:99)
	at java.util.concurrent.Executors$RunnableAdapter.call(Executors.java:511)
	at java.util.concurrent.FutureTask.run(FutureTask.java:266)
	at java.util.concurrent.ScheduledThreadPoolExecutor$ScheduledFutureTask.access$201(ScheduledThreadPoolExecutor.java:180)
	at java.util.concurrent.ScheduledThreadPoolExecutor$ScheduledFutureTask.run(ScheduledThreadPoolExecutor.java:293)
	at java.util.concurrent.ThreadPoolExecutor.runWorker(ThreadPoolExecutor.java:1149)
	at java.util.concurrent.ThreadPoolExecutor$Worker.run(ThreadPoolExecutor.java:624)
	at java.lang.Thread.run(Thread.java:748)
2019-09-25 06:52:55,194 [grpc-default-executor-3] INFO  impl.RaftServerProxy (RaftServerProxy.java:addNew(89)) - cb5f3901-e038-4412-8de0-2ef7bd4db2f0: addNew group-0E915855ECBA:[cb5f3901-e038-4412-8de0-2ef7bd4db2f0:192.168.164.207:45317] returns group-0E915855ECBA:java.util.concurrent.CompletableFuture@24740079[Not completed]
2019-09-25 06:52:55,197 [pool-67-thread-1] INFO  impl.RaftServerImpl (RaftServerImpl.java:<init>(95)) - cb5f3901-e038-4412-8de0-2ef7bd4db2f0: new RaftServerImpl for group-0E915855ECBA:[cb5f3901-e038-4412-8de0-2ef7bd4db2f0:192.168.164.207:45317] with ContainerStateMachine:uninitialized
2019-09-25 06:52:55,198 [pool-67-thread-1] INFO  server.RaftServerConfigKeys (ConfUtils.java:logGet(43)) - raft.server.rpc.timeout.min = 5s (custom)
2019-09-25 06:52:55,198 [pool-67-thread-1] INFO  server.RaftServerConfigKeys (ConfUtils.java:logGet(43)) - raft.server.rpc.timeout.max = 5200ms (custom)
2019-09-25 06:52:55,198 [pool-67-thread-1] INFO  server.RaftServerConfigKeys (ConfUtils.java:logGet(43)) - raft.server.rpcslowness.timeout = 120s (custom)
2019-09-25 06:52:55,198 [pool-67-thread-1] INFO  server.RaftServerConfigKeys (ConfUtils.java:logGet(43)) - raft.server.sleep.deviation.threshold = 300 (default)
2019-09-25 06:52:55,198 [pool-67-thread-1] INFO  server.RaftServerConfigKeys (ConfUtils.java:logGet(43)) - raft.server.log.appender.install.snapshot.enabled = false (custom)
2019-09-25 06:52:55,198 [pool-67-thread-1] INFO  impl.RaftServerImpl (ServerState.java:<init>(103)) - cb5f3901-e038-4412-8de0-2ef7bd4db2f0@group-0E915855ECBA: ConfigurationManager, init=-1: [cb5f3901-e038-4412-8de0-2ef7bd4db2f0:192.168.164.207:45317], old=null, confs=<EMPTY_MAP>
2019-09-25 06:52:55,198 [pool-67-thread-1] INFO  server.RaftServerConfigKeys (ConfUtils.java:logGet(43)) - raft.server.storage.dir = [/workdir/hadoop-ozone/tools/target/test-dir/MiniOzoneClusterImpl-33913572-8408-41c3-be5b-cf3f3bf490a2/datanode-4/data/ratis] (custom)
2019-09-25 06:52:55,199 [pool-67-thread-1] INFO  storage.RaftStorageDirectory (RaftStorageDirectory.java:analyzeStorage(246)) - The storage directory /workdir/hadoop-ozone/tools/target/test-dir/MiniOzoneClusterImpl-33913572-8408-41c3-be5b-cf3f3bf490a2/datanode-4/data/ratis/5792bff4-4096-4553-a581-0e915855ecba does not exist. Creating ...
 0.00% |█                                                                                                    |  0/1 Time: 0:00:05 0.00% |█                                                                                                    |  0/1 Time: 0:00:06 0.00% |█                                                                                                    |  0/1 Time: 0:00:072019-09-25 06:52:58,180 [RATISCREATEPIPELINE1] ERROR pipeline.RatisPipelineProvider (RatisPipelineProvider.java:lambda$null$2(181)) - Failed invoke Ratis rpc org.apache.hadoop.hdds.scm.pipeline.RatisPipelineProvider$$Lambda$179/1677073647@3c180354 for cb5f3901-e038-4412-8de0-2ef7bd4db2f0
org.apache.ratis.protocol.TimeoutIOException: deadline exceeded after 2999804699ns
	at org.apache.ratis.grpc.GrpcUtil.tryUnwrapException(GrpcUtil.java:82)
	at org.apache.ratis.grpc.GrpcUtil.unwrapException(GrpcUtil.java:75)
	at org.apache.ratis.grpc.client.GrpcClientProtocolClient.blockingCall(GrpcClientProtocolClient.java:178)
	at org.apache.ratis.grpc.client.GrpcClientProtocolClient.groupAdd(GrpcClientProtocolClient.java:147)
	at org.apache.ratis.grpc.client.GrpcClientRpc.sendRequest(GrpcClientRpc.java:94)
	at org.apache.ratis.client.impl.RaftClientImpl.sendRequest(RaftClientImpl.java:278)
	at org.apache.ratis.client.impl.RaftClientImpl.groupAdd(RaftClientImpl.java:205)
	at org.apache.hadoop.hdds.scm.pipeline.RatisPipelineProvider.lambda$initializePipeline$1(RatisPipelineProvider.java:142)
	at org.apache.hadoop.hdds.scm.pipeline.RatisPipelineProvider.lambda$null$2(RatisPipelineProvider.java:177)
	at java.util.stream.ForEachOps$ForEachOp$OfRef.accept(ForEachOps.java:184)
	at java.util.ArrayList$ArrayListSpliterator.forEachRemaining(ArrayList.java:1382)
	at java.util.stream.AbstractPipeline.copyInto(AbstractPipeline.java:482)
	at java.util.stream.ForEachOps$ForEachTask.compute(ForEachOps.java:291)
	at java.util.concurrent.CountedCompleter.exec(CountedCompleter.java:731)
	at java.util.concurrent.ForkJoinTask.doExec(ForkJoinTask.java:289)
	at java.util.concurrent.ForkJoinTask.doInvoke(ForkJoinTask.java:401)
	at java.util.concurrent.ForkJoinTask.invoke(ForkJoinTask.java:734)
	at java.util.stream.ForEachOps$ForEachOp.evaluateParallel(ForEachOps.java:160)
	at java.util.stream.ForEachOps$ForEachOp$OfRef.evaluateParallel(ForEachOps.java:174)
	at java.util.stream.AbstractPipeline.evaluate(AbstractPipeline.java:233)
	at java.util.stream.ReferencePipeline.forEach(ReferencePipeline.java:418)
	at java.util.stream.ReferencePipeline$Head.forEach(ReferencePipeline.java:583)
	at org.apache.hadoop.hdds.scm.pipeline.RatisPipelineProvider.lambda$callRatisRpc$3(RatisPipelineProvider.java:171)
	at java.util.concurrent.ForkJoinTask$AdaptedRunnableAction.exec(ForkJoinTask.java:1386)
	at java.util.concurrent.ForkJoinTask.doExec(ForkJoinTask.java:289)
	at java.util.concurrent.ForkJoinPool$WorkQueue.runTask(ForkJoinPool.java:1056)
	at java.util.concurrent.ForkJoinPool.runWorker(ForkJoinPool.java:1692)
	at java.util.concurrent.ForkJoinWorkerThread.run(ForkJoinWorkerThread.java:157)
Caused by: org.apache.ratis.thirdparty.io.grpc.StatusRuntimeException: DEADLINE_EXCEEDED: deadline exceeded after 2999804699ns
	at org.apache.ratis.thirdparty.io.grpc.stub.ClientCalls.toStatusRuntimeException(ClientCalls.java:233)
	at org.apache.ratis.thirdparty.io.grpc.stub.ClientCalls.getUnchecked(ClientCalls.java:214)
	at org.apache.ratis.thirdparty.io.grpc.stub.ClientCalls.blockingUnaryCall(ClientCalls.java:139)
	at org.apache.ratis.proto.grpc.AdminProtocolServiceGrpc$AdminProtocolServiceBlockingStub.groupManagement(AdminProtocolServiceGrpc.java:274)
	at org.apache.ratis.grpc.client.GrpcClientProtocolClient.lambda$groupAdd$3(GrpcClientProtocolClient.java:149)
	at org.apache.ratis.grpc.client.GrpcClientProtocolClient.blockingCall(GrpcClientProtocolClient.java:176)
	... 25 more
2019-09-25 06:52:58,183 [RatisPipelineUtilsThread] ERROR pipeline.SCMPipelineManager (SCMPipelineManager.java:createPipeline(167)) - Pipeline creation failed.
java.io.IOException: Failed invoke Ratis rpc org.apache.hadoop.hdds.scm.pipeline.RatisPipelineProvider$$Lambda$179/1677073647@3c180354 for cb5f3901-e038-4412-8de0-2ef7bd4db2f0
	at org.apache.hadoop.hdds.scm.pipeline.RatisPipelineProvider.lambda$null$2(RatisPipelineProvider.java:182)
	at java.util.stream.ForEachOps$ForEachOp$OfRef.accept(ForEachOps.java:184)
	at java.util.ArrayList$ArrayListSpliterator.forEachRemaining(ArrayList.java:1382)
	at java.util.stream.AbstractPipeline.copyInto(AbstractPipeline.java:482)
	at java.util.stream.ForEachOps$ForEachTask.compute(ForEachOps.java:291)
	at java.util.concurrent.CountedCompleter.exec(CountedCompleter.java:731)
	at java.util.concurrent.ForkJoinTask.doExec(ForkJoinTask.java:289)
	at java.util.concurrent.ForkJoinTask.doInvoke(ForkJoinTask.java:401)
	at java.util.concurrent.ForkJoinTask.invoke(ForkJoinTask.java:734)
	at java.util.stream.ForEachOps$ForEachOp.evaluateParallel(ForEachOps.java:160)
	at java.util.stream.ForEachOps$ForEachOp$OfRef.evaluateParallel(ForEachOps.java:174)
	at java.util.stream.AbstractPipeline.evaluate(AbstractPipeline.java:233)
	at java.util.stream.ReferencePipeline.forEach(ReferencePipeline.java:418)
	at java.util.stream.ReferencePipeline$Head.forEach(ReferencePipeline.java:583)
	at org.apache.hadoop.hdds.scm.pipeline.RatisPipelineProvider.lambda$callRatisRpc$3(RatisPipelineProvider.java:171)
	at java.util.concurrent.ForkJoinTask$AdaptedRunnableAction.exec(ForkJoinTask.java:1386)
	at java.util.concurrent.ForkJoinTask.doExec(ForkJoinTask.java:289)
	at java.util.concurrent.ForkJoinPool$WorkQueue.runTask(ForkJoinPool.java:1056)
	at java.util.concurrent.ForkJoinPool.runWorker(ForkJoinPool.java:1692)
	at java.util.concurrent.ForkJoinWorkerThread.run(ForkJoinWorkerThread.java:157)
Caused by: org.apache.ratis.protocol.TimeoutIOException: deadline exceeded after 2999804699ns
	at org.apache.ratis.grpc.GrpcUtil.tryUnwrapException(GrpcUtil.java:82)
	at org.apache.ratis.grpc.GrpcUtil.unwrapException(GrpcUtil.java:75)
	at org.apache.ratis.grpc.client.GrpcClientProtocolClient.blockingCall(GrpcClientProtocolClient.java:178)
	at org.apache.ratis.grpc.client.GrpcClientProtocolClient.groupAdd(GrpcClientProtocolClient.java:147)
	at org.apache.ratis.grpc.client.GrpcClientRpc.sendRequest(GrpcClientRpc.java:94)
	at org.apache.ratis.client.impl.RaftClientImpl.sendRequest(RaftClientImpl.java:278)
	at org.apache.ratis.client.impl.RaftClientImpl.groupAdd(RaftClientImpl.java:205)
	at org.apache.hadoop.hdds.scm.pipeline.RatisPipelineProvider.lambda$initializePipeline$1(RatisPipelineProvider.java:142)
	at org.apache.hadoop.hdds.scm.pipeline.RatisPipelineProvider.lambda$null$2(RatisPipelineProvider.java:177)
	... 19 more
Caused by: org.apache.ratis.thirdparty.io.grpc.StatusRuntimeException: DEADLINE_EXCEEDED: deadline exceeded after 2999804699ns
	at org.apache.ratis.thirdparty.io.grpc.stub.ClientCalls.toStatusRuntimeException(ClientCalls.java:233)
	at org.apache.ratis.thirdparty.io.grpc.stub.ClientCalls.getUnchecked(ClientCalls.java:214)
	at org.apache.ratis.thirdparty.io.grpc.stub.ClientCalls.blockingUnaryCall(ClientCalls.java:139)
	at org.apache.ratis.proto.grpc.AdminProtocolServiceGrpc$AdminProtocolServiceBlockingStub.groupManagement(AdminProtocolServiceGrpc.java:274)
	at org.apache.ratis.grpc.client.GrpcClientProtocolClient.lambda$groupAdd$3(GrpcClientProtocolClient.java:149)
	at org.apache.ratis.grpc.client.GrpcClientProtocolClient.blockingCall(GrpcClientProtocolClient.java:176)
	... 25 more
2019-09-25 06:52:58,211 [grpc-default-executor-0] INFO  impl.RaftServerProxy (RaftServerProxy.java:addNew(89)) - 8bb6bb58-9381-4956-a6ae-6423136ec2bb: addNew group-02BB0EF91B90:[5a5056d2-7b18-4f20-adb1-11c9552618dc:192.168.164.207:43950, 39e8fa34-752e-4a48-ab6f-88eb3aeadb82:192.168.164.207:36023, 8bb6bb58-9381-4956-a6ae-6423136ec2bb:192.168.164.207:33876] returns group-02BB0EF91B90:java.util.concurrent.CompletableFuture@129d35fb[Not completed]
2019-09-25 06:52:58,212 [grpc-default-executor-3] INFO  impl.RaftServerProxy (RaftServerProxy.java:addNew(89)) - 39e8fa34-752e-4a48-ab6f-88eb3aeadb82: addNew group-02BB0EF91B90:[5a5056d2-7b18-4f20-adb1-11c9552618dc:192.168.164.207:43950, 39e8fa34-752e-4a48-ab6f-88eb3aeadb82:192.168.164.207:36023, 8bb6bb58-9381-4956-a6ae-6423136ec2bb:192.168.164.207:33876] returns group-02BB0EF91B90:java.util.concurrent.CompletableFuture@505dea72[Not completed]
2019-09-25 06:52:58,212 [grpc-default-executor-2] INFO  impl.RaftServerProxy (RaftServerProxy.java:addNew(89)) - 5a5056d2-7b18-4f20-adb1-11c9552618dc: addNew group-02BB0EF91B90:[5a5056d2-7b18-4f20-adb1-11c9552618dc:192.168.164.207:43950, 39e8fa34-752e-4a48-ab6f-88eb3aeadb82:192.168.164.207:36023, 8bb6bb58-9381-4956-a6ae-6423136ec2bb:192.168.164.207:33876] returns group-02BB0EF91B90:java.util.concurrent.CompletableFuture@4e8d9f[Not completed]
 0.00% |█                                                                                                    |  0/1 Time: 0:00:082019-09-25 06:52:59,352 [pool-67-thread-1] INFO  storage.RaftStorageDirectory (RaftStorageDirectory.java:tryLock(328)) - Lock on /workdir/hadoop-ozone/tools/target/test-dir/MiniOzoneClusterImpl-33913572-8408-41c3-be5b-cf3f3bf490a2/datanode-4/data/ratis/5792bff4-4096-4553-a581-0e915855ecba/in_use.lock acquired by nodename 25784@pr-hdds-1569-s44lr-3492059363
2019-09-25 06:52:59,352 [pool-47-thread-1] INFO  storage.RaftStorage (RaftStorage.java:format(72)) - Storage directory /workdir/hadoop-ozone/tools/target/test-dir/MiniOzoneClusterImpl-33913572-8408-41c3-be5b-cf3f3bf490a2/datanode-2/data/ratis/26527124-c25f-4611-b120-70a50d7f7c21 has been successfully formatted.
2019-09-25 06:52:59,352 [pool-27-thread-1] INFO  storage.RaftStorage (RaftStorage.java:format(72)) - Storage directory /workdir/hadoop-ozone/tools/target/test-dir/MiniOzoneClusterImpl-33913572-8408-41c3-be5b-cf3f3bf490a2/datanode-0/data/ratis/019d56e9-46fc-4f5d-9747-afa10b35203c has been successfully formatted.
2019-09-25 06:52:59,352 [pool-57-thread-1] INFO  storage.RaftStorage (RaftStorage.java:format(72)) - Storage directory /workdir/hadoop-ozone/tools/target/test-dir/MiniOzoneClusterImpl-33913572-8408-41c3-be5b-cf3f3bf490a2/datanode-3/data/ratis/26527124-c25f-4611-b120-70a50d7f7c21 has been successfully formatted.
2019-09-25 06:52:59,352 [pool-37-thread-1] INFO  storage.RaftStorage (RaftStorage.java:format(72)) - Storage directory /workdir/hadoop-ozone/tools/target/test-dir/MiniOzoneClusterImpl-33913572-8408-41c3-be5b-cf3f3bf490a2/datanode-1/data/ratis/26527124-c25f-4611-b120-70a50d7f7c21 has been successfully formatted.
2019-09-25 06:52:59,357 [pool-37-thread-1] INFO  ratis.ContainerStateMachine (ContainerStateMachine.java:loadSnapshot(230)) - group-70A50D7F7C21: The snapshot info is null. Setting the last applied indexto:(t:0, i:~)
2019-09-25 06:52:59,357 [pool-27-thread-1] INFO  ratis.ContainerStateMachine (ContainerStateMachine.java:loadSnapshot(230)) - group-AFA10B35203C: The snapshot info is null. Setting the last applied indexto:(t:0, i:~)
2019-09-25 06:52:59,357 [pool-57-thread-1] INFO  ratis.ContainerStateMachine (ContainerStateMachine.java:loadSnapshot(230)) - group-70A50D7F7C21: The snapshot info is null. Setting the last applied indexto:(t:0, i:~)
2019-09-25 06:52:59,357 [pool-47-thread-1] INFO  ratis.ContainerStateMachine (ContainerStateMachine.java:loadSnapshot(230)) - group-70A50D7F7C21: The snapshot info is null. Setting the last applied indexto:(t:0, i:~)
2019-09-25 06:52:59,358 [pool-57-thread-1] INFO  server.RaftServerConfigKeys (ConfUtils.java:logGet(43)) - raft.server.notification.no-leader.timeout = 120s (custom)
2019-09-25 06:52:59,358 [pool-27-thread-1] INFO  server.RaftServerConfigKeys (ConfUtils.java:logGet(43)) - raft.server.notification.no-leader.timeout = 120s (custom)
2019-09-25 06:52:59,358 [pool-37-thread-1] INFO  server.RaftServerConfigKeys (ConfUtils.java:logGet(43)) - raft.server.notification.no-leader.timeout = 120s (custom)
2019-09-25 06:52:59,359 [pool-47-thread-1] INFO  server.RaftServerConfigKeys (ConfUtils.java:logGet(43)) - raft.server.notification.no-leader.timeout = 120s (custom)
2019-09-25 06:52:59,361 [pool-57-thread-1] INFO  server.RaftServerConfigKeys (ConfUtils.java:logGet(43)) - raft.server.log.use.memory = false (default)
2019-09-25 06:52:59,361 [pool-27-thread-1] INFO  server.RaftServerConfigKeys (ConfUtils.java:logGet(43)) - raft.server.log.use.memory = false (default)
2019-09-25 06:52:59,361 [pool-37-thread-1] INFO  server.RaftServerConfigKeys (ConfUtils.java:logGet(43)) - raft.server.log.use.memory = false (default)
2019-09-25 06:52:59,361 [pool-47-thread-1] INFO  server.RaftServerConfigKeys (ConfUtils.java:logGet(43)) - raft.server.log.use.memory = false (default)
2019-09-25 06:52:59,366 [pool-47-thread-1] INFO  server.RaftServerConfigKeys (ConfUtils.java:logGet(43)) - raft.server.log.purge.gap = 1000000 (custom)
2019-09-25 06:52:59,366 [pool-27-thread-1] INFO  server.RaftServerConfigKeys (ConfUtils.java:logGet(43)) - raft.server.log.purge.gap = 1000000 (custom)
2019-09-25 06:52:59,366 [pool-37-thread-1] INFO  server.RaftServerConfigKeys (ConfUtils.java:logGet(43)) - raft.server.log.purge.gap = 1000000 (custom)
2019-09-25 06:52:59,366 [pool-47-thread-1] INFO  server.RaftServerConfigKeys (ConfUtils.java:logGet(43)) - raft.server.log.appender.buffer.byte-limit = 33554432 (custom)
2019-09-25 06:52:59,366 [pool-57-thread-1] INFO  server.RaftServerConfigKeys (ConfUtils.java:logGet(43)) - raft.server.log.purge.gap = 1000000 (custom)
2019-09-25 06:52:59,367 [pool-37-thread-1] INFO  server.RaftServerConfigKeys (ConfUtils.java:logGet(43)) - raft.server.log.appender.buffer.byte-limit = 33554432 (custom)
2019-09-25 06:52:59,367 [pool-27-thread-1] INFO  server.RaftServerConfigKeys (ConfUtils.java:logGet(43)) - raft.server.log.appender.buffer.byte-limit = 33554432 (custom)
2019-09-25 06:52:59,367 [pool-57-thread-1] INFO  server.RaftServerConfigKeys (ConfUtils.java:logGet(43)) - raft.server.log.appender.buffer.byte-limit = 33554432 (custom)
2019-09-25 06:52:59,369 [pool-47-thread-1] INFO  server.RaftServerConfigKeys (ConfUtils.java:logGet(43)) - raft.server.log.segment.size.max = 1048576 (custom)
2019-09-25 06:52:59,369 [pool-27-thread-1] INFO  server.RaftServerConfigKeys (ConfUtils.java:logGet(43)) - raft.server.log.segment.size.max = 1048576 (custom)
2019-09-25 06:52:59,369 [pool-57-thread-1] INFO  server.RaftServerConfigKeys (ConfUtils.java:logGet(43)) - raft.server.log.segment.size.max = 1048576 (custom)
2019-09-25 06:52:59,369 [pool-37-thread-1] INFO  server.RaftServerConfigKeys (ConfUtils.java:logGet(43)) - raft.server.log.segment.size.max = 1048576 (custom)
2019-09-25 06:52:59,375 [pool-47-thread-1] INFO  server.RaftServerConfigKeys (ConfUtils.java:logGet(43)) - raft.server.log.segment.cache.num.max = 2 (custom)
2019-09-25 06:52:59,375 [pool-27-thread-1] INFO  server.RaftServerConfigKeys (ConfUtils.java:logGet(43)) - raft.server.log.segment.cache.num.max = 2 (custom)
2019-09-25 06:52:59,375 [pool-57-thread-1] INFO  server.RaftServerConfigKeys (ConfUtils.java:logGet(43)) - raft.server.log.segment.cache.num.max = 2 (custom)
2019-09-25 06:52:59,375 [pool-37-thread-1] INFO  server.RaftServerConfigKeys (ConfUtils.java:logGet(43)) - raft.server.log.segment.cache.num.max = 2 (custom)
2019-09-25 06:52:59,380 [pool-57-thread-1] INFO  segmented.SegmentedRaftLogWorker (SegmentedRaftLogWorker.java:<init>(172)) - new 8bb6bb58-9381-4956-a6ae-6423136ec2bb@group-70A50D7F7C21-SegmentedRaftLogWorker for RaftStorage:Storage Directory /workdir/hadoop-ozone/tools/target/test-dir/MiniOzoneClusterImpl-33913572-8408-41c3-be5b-cf3f3bf490a2/datanode-3/data/ratis/26527124-c25f-4611-b120-70a50d7f7c21
2019-09-25 06:52:59,380 [pool-27-thread-1] INFO  segmented.SegmentedRaftLogWorker (SegmentedRaftLogWorker.java:<init>(172)) - new 39e8fa34-752e-4a48-ab6f-88eb3aeadb82@group-AFA10B35203C-SegmentedRaftLogWorker for RaftStorage:Storage Directory /workdir/hadoop-ozone/tools/target/test-dir/MiniOzoneClusterImpl-33913572-8408-41c3-be5b-cf3f3bf490a2/datanode-0/data/ratis/019d56e9-46fc-4f5d-9747-afa10b35203c
2019-09-25 06:52:59,380 [pool-37-thread-1] INFO  segmented.SegmentedRaftLogWorker (SegmentedRaftLogWorker.java:<init>(172)) - new 5a5056d2-7b18-4f20-adb1-11c9552618dc@group-70A50D7F7C21-SegmentedRaftLogWorker for RaftStorage:Storage Directory /workdir/hadoop-ozone/tools/target/test-dir/MiniOzoneClusterImpl-33913572-8408-41c3-be5b-cf3f3bf490a2/datanode-1/data/ratis/26527124-c25f-4611-b120-70a50d7f7c21
2019-09-25 06:52:59,380 [pool-47-thread-1] INFO  segmented.SegmentedRaftLogWorker (SegmentedRaftLogWorker.java:<init>(172)) - new 969873e8-2b3e-40d4-aa10-c4ac05c56191@group-70A50D7F7C21-SegmentedRaftLogWorker for RaftStorage:Storage Directory /workdir/hadoop-ozone/tools/target/test-dir/MiniOzoneClusterImpl-33913572-8408-41c3-be5b-cf3f3bf490a2/datanode-2/data/ratis/26527124-c25f-4611-b120-70a50d7f7c21
2019-09-25 06:52:59,386 [pool-57-thread-1] INFO  impl.MetricsSystemImpl (MetricsSystemImpl.java:init(158)) - ratis metrics system started (again)
2019-09-25 06:52:59,392 [pool-57-thread-1] INFO  metrics.MetricRegistries (MetricRegistriesLoader.java:load(64)) - Loaded MetricRegistries class org.apache.ratis.metrics.impl.MetricRegistriesImpl
2019-09-25 06:52:59,447 [pool-57-thread-1] INFO  server.RaftServerConfigKeys (ConfUtils.java:logGet(43)) - raft.server.log.queue.byte-limit = 2147483647 (custom)
2019-09-25 06:52:59,447 [pool-27-thread-1] INFO  server.RaftServerConfigKeys (ConfUtils.java:logGet(43)) - raft.server.log.queue.byte-limit = 2147483647 (custom)
2019-09-25 06:52:59,447 [pool-37-thread-1] INFO  server.RaftServerConfigKeys (ConfUtils.java:logGet(43)) - raft.server.log.queue.byte-limit = 2147483647 (custom)
2019-09-25 06:52:59,447 [pool-47-thread-1] INFO  server.RaftServerConfigKeys (ConfUtils.java:logGet(43)) - raft.server.log.queue.byte-limit = 2147483647 (custom)
2019-09-25 06:52:59,447 [pool-57-thread-1] INFO  server.RaftServerConfigKeys (ConfUtils.java:logGet(43)) - raft.server.log.queue.element-limit = 1024 (custom)
2019-09-25 06:52:59,447 [pool-47-thread-1] INFO  server.RaftServerConfigKeys (ConfUtils.java:logGet(43)) - raft.server.log.queue.element-limit = 1024 (custom)
2019-09-25 06:52:59,447 [pool-27-thread-1] INFO  server.RaftServerConfigKeys (ConfUtils.java:logGet(43)) - raft.server.log.queue.element-limit = 1024 (custom)
2019-09-25 06:52:59,447 [pool-37-thread-1] INFO  server.RaftServerConfigKeys (ConfUtils.java:logGet(43)) - raft.server.log.queue.element-limit = 1024 (custom)
2019-09-25 06:52:59,451 [pool-57-thread-1] INFO  server.RaftServerConfigKeys (ConfUtils.java:logGet(43)) - raft.server.log.segment.size.max = 1048576 (custom)
2019-09-25 06:52:59,451 [pool-27-thread-1] INFO  server.RaftServerConfigKeys (ConfUtils.java:logGet(43)) - raft.server.log.segment.size.max = 1048576 (custom)
2019-09-25 06:52:59,451 [pool-37-thread-1] INFO  server.RaftServerConfigKeys (ConfUtils.java:logGet(43)) - raft.server.log.segment.size.max = 1048576 (custom)
2019-09-25 06:52:59,451 [pool-47-thread-1] INFO  server.RaftServerConfigKeys (ConfUtils.java:logGet(43)) - raft.server.log.segment.size.max = 1048576 (custom)
2019-09-25 06:52:59,452 [pool-27-thread-1] INFO  server.RaftServerConfigKeys (ConfUtils.java:logGet(43)) - raft.server.log.preallocated.size = 16384 (custom)
2019-09-25 06:52:59,452 [pool-57-thread-1] INFO  server.RaftServerConfigKeys (ConfUtils.java:logGet(43)) - raft.server.log.preallocated.size = 16384 (custom)
2019-09-25 06:52:59,452 [pool-47-thread-1] INFO  server.RaftServerConfigKeys (ConfUtils.java:logGet(43)) - raft.server.log.preallocated.size = 16384 (custom)
2019-09-25 06:52:59,452 [pool-37-thread-1] INFO  server.RaftServerConfigKeys (ConfUtils.java:logGet(43)) - raft.server.log.preallocated.size = 16384 (custom)
2019-09-25 06:52:59,452 [pool-57-thread-1] INFO  server.RaftServerConfigKeys (ConfUtils.java:logGet(43)) - raft.server.log.write.buffer.size = 33554432 (custom)
2019-09-25 06:52:59,452 [pool-47-thread-1] INFO  server.RaftServerConfigKeys (ConfUtils.java:logGet(43)) - raft.server.log.write.buffer.size = 33554432 (custom)
2019-09-25 06:52:59,452 [pool-27-thread-1] INFO  server.RaftServerConfigKeys (ConfUtils.java:logGet(43)) - raft.server.log.write.buffer.size = 33554432 (custom)
2019-09-25 06:52:59,453 [pool-37-thread-1] INFO  server.RaftServerConfigKeys (ConfUtils.java:logGet(43)) - raft.server.log.write.buffer.size = 33554432 (custom)
2019-09-25 06:52:59,453 [pool-27-thread-1] INFO  server.RaftServerConfigKeys (ConfUtils.java:logGet(43)) - raft.server.log.force.sync.num = 128 (default)
2019-09-25 06:52:59,453 [pool-57-thread-1] INFO  server.RaftServerConfigKeys (ConfUtils.java:logGet(43)) - raft.server.log.force.sync.num = 128 (default)
2019-09-25 06:52:59,453 [pool-37-thread-1] INFO  server.RaftServerConfigKeys (ConfUtils.java:logGet(43)) - raft.server.log.force.sync.num = 128 (default)
2019-09-25 06:52:59,453 [pool-47-thread-1] INFO  server.RaftServerConfigKeys (ConfUtils.java:logGet(43)) - raft.server.log.force.sync.num = 128 (default)
2019-09-25 06:52:59,454 [pool-57-thread-1] INFO  server.RaftServerConfigKeys (ConfUtils.java:logGet(43)) - raft.server.log.statemachine.data.sync = true (default)
2019-09-25 06:52:59,454 [pool-37-thread-1] INFO  server.RaftServerConfigKeys (ConfUtils.java:logGet(43)) - raft.server.log.statemachine.data.sync = true (default)
2019-09-25 06:52:59,454 [pool-27-thread-1] INFO  server.RaftServerConfigKeys (ConfUtils.java:logGet(43)) - raft.server.log.statemachine.data.sync = true (default)
2019-09-25 06:52:59,454 [pool-37-thread-1] INFO  server.RaftServerConfigKeys (ConfUtils.java:logGet(43)) - raft.server.log.statemachine.data.sync.timeout = 10s (default)
2019-09-25 06:52:59,454 [pool-57-thread-1] INFO  server.RaftServerConfigKeys (ConfUtils.java:logGet(43)) - raft.server.log.statemachine.data.sync.timeout = 10s (default)
2019-09-25 06:52:59,454 [pool-47-thread-1] INFO  server.RaftServerConfigKeys (ConfUtils.java:logGet(43)) - raft.server.log.statemachine.data.sync = true (default)
2019-09-25 06:52:59,455 [pool-37-thread-1] INFO  server.RaftServerConfigKeys (ConfUtils.java:logGet(43)) - raft.server.log.statemachine.data.sync.timeout.retry = -1 (default)
2019-09-25 06:52:59,454 [pool-27-thread-1] INFO  server.RaftServerConfigKeys (ConfUtils.java:logGet(43)) - raft.server.log.statemachine.data.sync.timeout = 10s (default)
2019-09-25 06:52:59,455 [pool-47-thread-1] INFO  server.RaftServerConfigKeys (ConfUtils.java:logGet(43)) - raft.server.log.statemachine.data.sync.timeout = 10s (default)
2019-09-25 06:52:59,455 [pool-57-thread-1] INFO  server.RaftServerConfigKeys (ConfUtils.java:logGet(43)) - raft.server.log.statemachine.data.sync.timeout.retry = -1 (default)
2019-09-25 06:52:59,455 [pool-47-thread-1] INFO  server.RaftServerConfigKeys (ConfUtils.java:logGet(43)) - raft.server.log.statemachine.data.sync.timeout.retry = -1 (default)
2019-09-25 06:52:59,455 [pool-27-thread-1] INFO  server.RaftServerConfigKeys (ConfUtils.java:logGet(43)) - raft.server.log.statemachine.data.sync.timeout.retry = -1 (default)
2019-09-25 06:52:59,463 [pool-57-thread-1] INFO  server.RaftServerConfigKeys (ConfUtils.java:logGet(43)) - raft.server.log.statemachine.data.caching.enabled = true (custom)
2019-09-25 06:52:59,463 [pool-27-thread-1] INFO  server.RaftServerConfigKeys (ConfUtils.java:logGet(43)) - raft.server.log.statemachine.data.caching.enabled = true (custom)
2019-09-25 06:52:59,463 [pool-37-thread-1] INFO  server.RaftServerConfigKeys (ConfUtils.java:logGet(43)) - raft.server.log.statemachine.data.caching.enabled = true (custom)
2019-09-25 06:52:59,463 [pool-47-thread-1] INFO  server.RaftServerConfigKeys (ConfUtils.java:logGet(43)) - raft.server.log.statemachine.data.caching.enabled = true (custom)
2019-09-25 06:52:59,472 [pool-27-thread-1] INFO  segmented.SegmentedRaftLogWorker (SegmentedRaftLogWorker.java:lambda$new$0(132)) - 39e8fa34-752e-4a48-ab6f-88eb3aeadb82@group-AFA10B35203C-SegmentedRaftLogWorker: flushIndex: setUnconditionally 0 -> -1
2019-09-25 06:52:59,472 [pool-57-thread-1] INFO  segmented.SegmentedRaftLogWorker (SegmentedRaftLogWorker.java:lambda$new$0(132)) - 8bb6bb58-9381-4956-a6ae-6423136ec2bb@group-70A50D7F7C21-SegmentedRaftLogWorker: flushIndex: setUnconditionally 0 -> -1
2019-09-25 06:52:59,472 [pool-37-thread-1] INFO  segmented.SegmentedRaftLogWorker (SegmentedRaftLogWorker.java:lambda$new$0(132)) - 5a5056d2-7b18-4f20-adb1-11c9552618dc@group-70A50D7F7C21-SegmentedRaftLogWorker: flushIndex: setUnconditionally 0 -> -1
2019-09-25 06:52:59,473 [pool-47-thread-1] INFO  segmented.SegmentedRaftLogWorker (SegmentedRaftLogWorker.java:lambda$new$0(132)) - 969873e8-2b3e-40d4-aa10-c4ac05c56191@group-70A50D7F7C21-SegmentedRaftLogWorker: flushIndex: setUnconditionally 0 -> -1
2019-09-25 06:52:59,478 [pool-37-thread-1] INFO  server.RaftServerConfigKeys (ConfUtils.java:logGet(43)) - raft.server.snapshot.auto.trigger.enabled = true (custom)
2019-09-25 06:52:59,478 [pool-57-thread-1] INFO  server.RaftServerConfigKeys (ConfUtils.java:logGet(43)) - raft.server.snapshot.auto.trigger.enabled = true (custom)
2019-09-25 06:52:59,478 [pool-27-thread-1] INFO  server.RaftServerConfigKeys (ConfUtils.java:logGet(43)) - raft.server.snapshot.auto.trigger.enabled = true (custom)
2019-09-25 06:52:59,478 [pool-47-thread-1] INFO  server.RaftServerConfigKeys (ConfUtils.java:logGet(43)) - raft.server.snapshot.auto.trigger.enabled = true (custom)
2019-09-25 06:52:59,480 [pool-37-thread-1] INFO  server.RaftServerConfigKeys (ConfUtils.java:logGet(43)) - raft.server.snapshot.auto.trigger.threshold = 10000 (custom)
2019-09-25 06:52:59,480 [pool-57-thread-1] INFO  server.RaftServerConfigKeys (ConfUtils.java:logGet(43)) - raft.server.snapshot.auto.trigger.threshold = 10000 (custom)
2019-09-25 06:52:59,480 [pool-27-thread-1] INFO  server.RaftServerConfigKeys (ConfUtils.java:logGet(43)) - raft.server.snapshot.auto.trigger.threshold = 10000 (custom)
2019-09-25 06:52:59,480 [pool-47-thread-1] INFO  server.RaftServerConfigKeys (ConfUtils.java:logGet(43)) - raft.server.snapshot.auto.trigger.threshold = 10000 (custom)
2019-09-25 06:52:59,480 [pool-57-thread-1] INFO  server.RaftServerConfigKeys (ConfUtils.java:logGet(43)) - raft.server.snapshot.retention.num.files = 5 (custom)
2019-09-25 06:52:59,480 [pool-37-thread-1] INFO  server.RaftServerConfigKeys (ConfUtils.java:logGet(43)) - raft.server.snapshot.retention.num.files = 5 (custom)
2019-09-25 06:52:59,480 [pool-27-thread-1] INFO  server.RaftServerConfigKeys (ConfUtils.java:logGet(43)) - raft.server.snapshot.retention.num.files = 5 (custom)
2019-09-25 06:52:59,480 [pool-47-thread-1] INFO  server.RaftServerConfigKeys (ConfUtils.java:logGet(43)) - raft.server.snapshot.retention.num.files = 5 (custom)
2019-09-25 06:52:59,481 [pool-37-thread-1] INFO  server.RaftServerConfigKeys (ConfUtils.java:logGet(43)) - raft.server.retrycache.expirytime = 600000ms (custom)
2019-09-25 06:52:59,481 [pool-47-thread-1] INFO  server.RaftServerConfigKeys (ConfUtils.java:logGet(43)) - raft.server.retrycache.expirytime = 600000ms (custom)
2019-09-25 06:52:59,481 [pool-27-thread-1] INFO  server.RaftServerConfigKeys (ConfUtils.java:logGet(43)) - raft.server.retrycache.expirytime = 600000ms (custom)
2019-09-25 06:52:59,481 [pool-57-thread-1] INFO  server.RaftServerConfigKeys (ConfUtils.java:logGet(43)) - raft.server.retrycache.expirytime = 600000ms (custom)
2019-09-25 06:52:59,819 [pool-47-thread-1] INFO  impl.RaftServerImpl (RaftServerImpl.java:start(185)) - 969873e8-2b3e-40d4-aa10-c4ac05c56191@group-70A50D7F7C21: start as a follower, conf=-1: [5a5056d2-7b18-4f20-adb1-11c9552618dc:192.168.164.207:43950, 969873e8-2b3e-40d4-aa10-c4ac05c56191:192.168.164.207:38699, 8bb6bb58-9381-4956-a6ae-6423136ec2bb:192.168.164.207:33876], old=null
2019-09-25 06:52:59,820 [pool-47-thread-1] INFO  impl.RaftServerImpl (RaftServerImpl.java:setRole(174)) - 969873e8-2b3e-40d4-aa10-c4ac05c56191@group-70A50D7F7C21: changes role from      null to FOLLOWER at term 0 for startAsFollower
2019-09-25 06:52:59,820 [pool-37-thread-1] INFO  impl.RaftServerImpl (RaftServerImpl.java:<init>(95)) - 5a5056d2-7b18-4f20-adb1-11c9552618dc: new RaftServerImpl for group-02BB0EF91B90:[5a5056d2-7b18-4f20-adb1-11c9552618dc:192.168.164.207:43950, 39e8fa34-752e-4a48-ab6f-88eb3aeadb82:192.168.164.207:36023, 8bb6bb58-9381-4956-a6ae-6423136ec2bb:192.168.164.207:33876] with ContainerStateMachine:uninitialized
2019-09-25 06:52:59,821 [pool-37-thread-1] INFO  server.RaftServerConfigKeys (ConfUtils.java:logGet(43)) - raft.server.rpc.timeout.min = 5s (custom)
2019-09-25 06:52:59,821 [pool-37-thread-1] INFO  server.RaftServerConfigKeys (ConfUtils.java:logGet(43)) - raft.server.rpc.timeout.max = 5200ms (custom)
2019-09-25 06:52:59,821 [pool-37-thread-1] INFO  server.RaftServerConfigKeys (ConfUtils.java:logGet(43)) - raft.server.rpcslowness.timeout = 120s (custom)
2019-09-25 06:52:59,821 [pool-47-thread-1] INFO  impl.RoleInfo (RoleInfo.java:updateAndGet(143)) - 969873e8-2b3e-40d4-aa10-c4ac05c56191: start FollowerState
2019-09-25 06:52:59,821 [pool-37-thread-1] INFO  server.RaftServerConfigKeys (ConfUtils.java:logGet(43)) - raft.server.sleep.deviation.threshold = 300 (default)
2019-09-25 06:52:59,822 [pool-37-thread-1] INFO  server.RaftServerConfigKeys (ConfUtils.java:logGet(43)) - raft.server.log.appender.install.snapshot.enabled = false (custom)
2019-09-25 06:52:59,822 [pool-27-thread-1] INFO  impl.RaftServerImpl (RaftServerImpl.java:<init>(95)) - 39e8fa34-752e-4a48-ab6f-88eb3aeadb82: new RaftServerImpl for group-02BB0EF91B90:[5a5056d2-7b18-4f20-adb1-11c9552618dc:192.168.164.207:43950, 39e8fa34-752e-4a48-ab6f-88eb3aeadb82:192.168.164.207:36023, 8bb6bb58-9381-4956-a6ae-6423136ec2bb:192.168.164.207:33876] with ContainerStateMachine:uninitialized
2019-09-25 06:52:59,822 [pool-37-thread-1] INFO  impl.RaftServerImpl (ServerState.java:<init>(103)) - 5a5056d2-7b18-4f20-adb1-11c9552618dc@group-02BB0EF91B90: ConfigurationManager, init=-1: [5a5056d2-7b18-4f20-adb1-11c9552618dc:192.168.164.207:43950, 39e8fa34-752e-4a48-ab6f-88eb3aeadb82:192.168.164.207:36023, 8bb6bb58-9381-4956-a6ae-6423136ec2bb:192.168.164.207:33876], old=null, confs=<EMPTY_MAP>
2019-09-25 06:52:59,822 [pool-27-thread-1] INFO  server.RaftServerConfigKeys (ConfUtils.java:logGet(43)) - raft.server.rpc.timeout.min = 5s (custom)
2019-09-25 06:52:59,822 [pool-37-thread-1] INFO  server.RaftServerConfigKeys (ConfUtils.java:logGet(43)) - raft.server.storage.dir = [/workdir/hadoop-ozone/tools/target/test-dir/MiniOzoneClusterImpl-33913572-8408-41c3-be5b-cf3f3bf490a2/datanode-1/data/ratis] (custom)
2019-09-25 06:52:59,822 [pool-27-thread-1] INFO  server.RaftServerConfigKeys (ConfUtils.java:logGet(43)) - raft.server.rpc.timeout.max = 5200ms (custom)
2019-09-25 06:52:59,822 [pool-27-thread-1] INFO  server.RaftServerConfigKeys (ConfUtils.java:logGet(43)) - raft.server.rpcslowness.timeout = 120s (custom)
2019-09-25 06:52:59,822 [pool-37-thread-1] INFO  storage.RaftStorageDirectory (RaftStorageDirectory.java:analyzeStorage(246)) - The storage directory /workdir/hadoop-ozone/tools/target/test-dir/MiniOzoneClusterImpl-33913572-8408-41c3-be5b-cf3f3bf490a2/datanode-1/data/ratis/a0c375ef-9410-4a8b-b7e0-02bb0ef91b90 does not exist. Creating ...
2019-09-25 06:52:59,823 [pool-27-thread-1] INFO  server.RaftServerConfigKeys (ConfUtils.java:logGet(43)) - raft.server.sleep.deviation.threshold = 300 (default)
2019-09-25 06:52:59,823 [pool-57-thread-1] INFO  impl.RaftServerImpl (RaftServerImpl.java:<init>(95)) - 8bb6bb58-9381-4956-a6ae-6423136ec2bb: new RaftServerImpl for group-02BB0EF91B90:[5a5056d2-7b18-4f20-adb1-11c9552618dc:192.168.164.207:43950, 39e8fa34-752e-4a48-ab6f-88eb3aeadb82:192.168.164.207:36023, 8bb6bb58-9381-4956-a6ae-6423136ec2bb:192.168.164.207:33876] with ContainerStateMachine:uninitialized
2019-09-25 06:52:59,823 [pool-27-thread-1] INFO  server.RaftServerConfigKeys (ConfUtils.java:logGet(43)) - raft.server.log.appender.install.snapshot.enabled = false (custom)
2019-09-25 06:52:59,823 [pool-57-thread-1] INFO  server.RaftServerConfigKeys (ConfUtils.java:logGet(43)) - raft.server.rpc.timeout.min = 5s (custom)
2019-09-25 06:52:59,823 [pool-47-thread-1] INFO  util.JmxRegister (JmxRegister.java:tryRegister(44)) - Successfully registered JMX Bean with object name Ratis:service=RaftServer,group=group-70A50D7F7C21,id=969873e8-2b3e-40d4-aa10-c4ac05c56191
2019-09-25 06:52:59,823 [pool-57-thread-1] INFO  server.RaftServerConfigKeys (ConfUtils.java:logGet(43)) - raft.server.rpc.timeout.max = 5200ms (custom)
2019-09-25 06:52:59,823 [pool-27-thread-1] INFO  impl.RaftServerImpl (ServerState.java:<init>(103)) - 39e8fa34-752e-4a48-ab6f-88eb3aeadb82@group-02BB0EF91B90: ConfigurationManager, init=-1: [5a5056d2-7b18-4f20-adb1-11c9552618dc:192.168.164.207:43950, 39e8fa34-752e-4a48-ab6f-88eb3aeadb82:192.168.164.207:36023, 8bb6bb58-9381-4956-a6ae-6423136ec2bb:192.168.164.207:33876], old=null, confs=<EMPTY_MAP>
2019-09-25 06:52:59,824 [pool-57-thread-1] INFO  server.RaftServerConfigKeys (ConfUtils.java:logGet(43)) - raft.server.rpcslowness.timeout = 120s (custom)
2019-09-25 06:52:59,824 [pool-27-thread-1] INFO  server.RaftServerConfigKeys (ConfUtils.java:logGet(43)) - raft.server.storage.dir = [/workdir/hadoop-ozone/tools/target/test-dir/MiniOzoneClusterImpl-33913572-8408-41c3-be5b-cf3f3bf490a2/datanode-0/data/ratis] (custom)
2019-09-25 06:52:59,824 [pool-57-thread-1] INFO  server.RaftServerConfigKeys (ConfUtils.java:logGet(43)) - raft.server.sleep.deviation.threshold = 300 (default)
2019-09-25 06:52:59,824 [pool-57-thread-1] INFO  server.RaftServerConfigKeys (ConfUtils.java:logGet(43)) - raft.server.log.appender.install.snapshot.enabled = false (custom)
2019-09-25 06:52:59,824 [pool-27-thread-1] INFO  storage.RaftStorageDirectory (RaftStorageDirectory.java:analyzeStorage(246)) - The storage directory /workdir/hadoop-ozone/tools/target/test-dir/MiniOzoneClusterImpl-33913572-8408-41c3-be5b-cf3f3bf490a2/datanode-0/data/ratis/a0c375ef-9410-4a8b-b7e0-02bb0ef91b90 does not exist. Creating ...
2019-09-25 06:52:59,824 [pool-57-thread-1] INFO  impl.RaftServerImpl (ServerState.java:<init>(103)) - 8bb6bb58-9381-4956-a6ae-6423136ec2bb@group-02BB0EF91B90: ConfigurationManager, init=-1: [5a5056d2-7b18-4f20-adb1-11c9552618dc:192.168.164.207:43950, 39e8fa34-752e-4a48-ab6f-88eb3aeadb82:192.168.164.207:36023, 8bb6bb58-9381-4956-a6ae-6423136ec2bb:192.168.164.207:33876], old=null, confs=<EMPTY_MAP>
2019-09-25 06:52:59,825 [pool-57-thread-1] INFO  server.RaftServerConfigKeys (ConfUtils.java:logGet(43)) - raft.server.storage.dir = [/workdir/hadoop-ozone/tools/target/test-dir/MiniOzoneClusterImpl-33913572-8408-41c3-be5b-cf3f3bf490a2/datanode-3/data/ratis] (custom)
2019-09-25 06:52:59,825 [pool-57-thread-1] INFO  storage.RaftStorageDirectory (RaftStorageDirectory.java:analyzeStorage(246)) - The storage directory /workdir/hadoop-ozone/tools/target/test-dir/MiniOzoneClusterImpl-33913572-8408-41c3-be5b-cf3f3bf490a2/datanode-3/data/ratis/a0c375ef-9410-4a8b-b7e0-02bb0ef91b90 does not exist. Creating ...
 0.00% |█                                                                                                    |  0/1 Time: 0:00:09 0.00% |█                                                                                                    |  0/1 Time: 0:00:102019-09-25 06:53:01,194 [RATISCREATEPIPELINE1] ERROR pipeline.RatisPipelineProvider (RatisPipelineProvider.java:lambda$null$2(181)) - Failed invoke Ratis rpc org.apache.hadoop.hdds.scm.pipeline.RatisPipelineProvider$$Lambda$179/1677073647@26e4a3d2 for 5a5056d2-7b18-4f20-adb1-11c9552618dc
org.apache.ratis.protocol.TimeoutIOException: deadline exceeded after 2998846723ns
	at org.apache.ratis.grpc.GrpcUtil.tryUnwrapException(GrpcUtil.java:82)
	at org.apache.ratis.grpc.GrpcUtil.unwrapException(GrpcUtil.java:75)
	at org.apache.ratis.grpc.client.GrpcClientProtocolClient.blockingCall(GrpcClientProtocolClient.java:178)
	at org.apache.ratis.grpc.client.GrpcClientProtocolClient.groupAdd(GrpcClientProtocolClient.java:147)
	at org.apache.ratis.grpc.client.GrpcClientRpc.sendRequest(GrpcClientRpc.java:94)
	at org.apache.ratis.client.impl.RaftClientImpl.sendRequest(RaftClientImpl.java:278)
	at org.apache.ratis.client.impl.RaftClientImpl.groupAdd(RaftClientImpl.java:205)
	at org.apache.hadoop.hdds.scm.pipeline.RatisPipelineProvider.lambda$initializePipeline$1(RatisPipelineProvider.java:142)
	at org.apache.hadoop.hdds.scm.pipeline.RatisPipelineProvider.lambda$null$2(RatisPipelineProvider.java:177)
	at java.util.stream.ForEachOps$ForEachOp$OfRef.accept(ForEachOps.java:184)
	at java.util.ArrayList$ArrayListSpliterator.forEachRemaining(ArrayList.java:1382)
	at java.util.stream.AbstractPipeline.copyInto(AbstractPipeline.java:482)
	at java.util.stream.ForEachOps$ForEachTask.compute(ForEachOps.java:291)
	at java.util.concurrent.CountedCompleter.exec(CountedCompleter.java:731)
	at java.util.concurrent.ForkJoinTask.doExec(ForkJoinTask.java:289)
	at java.util.concurrent.ForkJoinTask.doInvoke(ForkJoinTask.java:401)
	at java.util.concurrent.ForkJoinTask.invoke(ForkJoinTask.java:734)
	at java.util.stream.ForEachOps$ForEachOp.evaluateParallel(ForEachOps.java:160)
	at java.util.stream.ForEachOps$ForEachOp$OfRef.evaluateParallel(ForEachOps.java:174)
	at java.util.stream.AbstractPipeline.evaluate(AbstractPipeline.java:233)
	at java.util.stream.ReferencePipeline.forEach(ReferencePipeline.java:418)
	at java.util.stream.ReferencePipeline$Head.forEach(ReferencePipeline.java:583)
	at org.apache.hadoop.hdds.scm.pipeline.RatisPipelineProvider.lambda$callRatisRpc$3(RatisPipelineProvider.java:171)
	at java.util.concurrent.ForkJoinTask$AdaptedRunnableAction.exec(ForkJoinTask.java:1386)
	at java.util.concurrent.ForkJoinTask.doExec(ForkJoinTask.java:289)
	at java.util.concurrent.ForkJoinPool$WorkQueue.runTask(ForkJoinPool.java:1056)
	at java.util.concurrent.ForkJoinPool.runWorker(ForkJoinPool.java:1692)
	at java.util.concurrent.ForkJoinWorkerThread.run(ForkJoinWorkerThread.java:157)
Caused by: org.apache.ratis.thirdparty.io.grpc.StatusRuntimeException: DEADLINE_EXCEEDED: deadline exceeded after 2998846723ns
	at org.apache.ratis.thirdparty.io.grpc.stub.ClientCalls.toStatusRuntimeException(ClientCalls.java:233)
	at org.apache.ratis.thirdparty.io.grpc.stub.ClientCalls.getUnchecked(ClientCalls.java:214)
	at org.apache.ratis.thirdparty.io.grpc.stub.ClientCalls.blockingUnaryCall(ClientCalls.java:139)
	at org.apache.ratis.proto.grpc.AdminProtocolServiceGrpc$AdminProtocolServiceBlockingStub.groupManagement(AdminProtocolServiceGrpc.java:274)
	at org.apache.ratis.grpc.client.GrpcClientProtocolClient.lambda$groupAdd$3(GrpcClientProtocolClient.java:149)
	at org.apache.ratis.grpc.client.GrpcClientProtocolClient.blockingCall(GrpcClientProtocolClient.java:176)
	... 25 more
2019-09-25 06:53:01,199 [RATISCREATEPIPELINE3] ERROR pipeline.RatisPipelineProvider (RatisPipelineProvider.java:lambda$null$2(181)) - Failed invoke Ratis rpc org.apache.hadoop.hdds.scm.pipeline.RatisPipelineProvider$$Lambda$179/1677073647@26e4a3d2 for 8bb6bb58-9381-4956-a6ae-6423136ec2bb
org.apache.ratis.protocol.TimeoutIOException: deadline exceeded after 2998899275ns
	at org.apache.ratis.grpc.GrpcUtil.tryUnwrapException(GrpcUtil.java:82)
	at org.apache.ratis.grpc.GrpcUtil.unwrapException(GrpcUtil.java:75)
	at org.apache.ratis.grpc.client.GrpcClientProtocolClient.blockingCall(GrpcClientProtocolClient.java:178)
	at org.apache.ratis.grpc.client.GrpcClientProtocolClient.groupAdd(GrpcClientProtocolClient.java:147)
	at org.apache.ratis.grpc.client.GrpcClientRpc.sendRequest(GrpcClientRpc.java:94)
	at org.apache.ratis.client.impl.RaftClientImpl.sendRequest(RaftClientImpl.java:278)
	at org.apache.ratis.client.impl.RaftClientImpl.groupAdd(RaftClientImpl.java:205)
	at org.apache.hadoop.hdds.scm.pipeline.RatisPipelineProvider.lambda$initializePipeline$1(RatisPipelineProvider.java:142)
	at org.apache.hadoop.hdds.scm.pipeline.RatisPipelineProvider.lambda$null$2(RatisPipelineProvider.java:177)
	at java.util.stream.ForEachOps$ForEachOp$OfRef.accept(ForEachOps.java:184)
	at java.util.ArrayList$ArrayListSpliterator.forEachRemaining(ArrayList.java:1382)
	at java.util.stream.AbstractPipeline.copyInto(AbstractPipeline.java:482)
	at java.util.stream.ForEachOps$ForEachTask.compute(ForEachOps.java:291)
	at java.util.concurrent.CountedCompleter.exec(CountedCompleter.java:731)
	at java.util.concurrent.ForkJoinTask.doExec(ForkJoinTask.java:289)
	at java.util.concurrent.ForkJoinPool$WorkQueue.runTask(ForkJoinPool.java:1056)
	at java.util.concurrent.ForkJoinPool.runWorker(ForkJoinPool.java:1692)
	at java.util.concurrent.ForkJoinWorkerThread.run(ForkJoinWorkerThread.java:157)
Caused by: org.apache.ratis.thirdparty.io.grpc.StatusRuntimeException: DEADLINE_EXCEEDED: deadline exceeded after 2998899275ns
	at org.apache.ratis.thirdparty.io.grpc.stub.ClientCalls.toStatusRuntimeException(ClientCalls.java:233)
	at org.apache.ratis.thirdparty.io.grpc.stub.ClientCalls.getUnchecked(ClientCalls.java:214)
	at org.apache.ratis.thirdparty.io.grpc.stub.ClientCalls.blockingUnaryCall(ClientCalls.java:139)
	at org.apache.ratis.proto.grpc.AdminProtocolServiceGrpc$AdminProtocolServiceBlockingStub.groupManagement(AdminProtocolServiceGrpc.java:274)
	at org.apache.ratis.grpc.client.GrpcClientProtocolClient.lambda$groupAdd$3(GrpcClientProtocolClient.java:149)
	at org.apache.ratis.grpc.client.GrpcClientProtocolClient.blockingCall(GrpcClientProtocolClient.java:176)
	... 15 more
2019-09-25 06:53:01,194 [RATISCREATEPIPELINE2] ERROR pipeline.RatisPipelineProvider (RatisPipelineProvider.java:lambda$null$2(181)) - Failed invoke Ratis rpc org.apache.hadoop.hdds.scm.pipeline.RatisPipelineProvider$$Lambda$179/1677073647@26e4a3d2 for 39e8fa34-752e-4a48-ab6f-88eb3aeadb82
org.apache.ratis.protocol.TimeoutIOException: deadline exceeded after 2999737494ns
	at org.apache.ratis.grpc.GrpcUtil.tryUnwrapException(GrpcUtil.java:82)
	at org.apache.ratis.grpc.GrpcUtil.unwrapException(GrpcUtil.java:75)
	at org.apache.ratis.grpc.client.GrpcClientProtocolClient.blockingCall(GrpcClientProtocolClient.java:178)
	at org.apache.ratis.grpc.client.GrpcClientProtocolClient.groupAdd(GrpcClientProtocolClient.java:147)
	at org.apache.ratis.grpc.client.GrpcClientRpc.sendRequest(GrpcClientRpc.java:94)
	at org.apache.ratis.client.impl.RaftClientImpl.sendRequest(RaftClientImpl.java:278)
	at org.apache.ratis.client.impl.RaftClientImpl.groupAdd(RaftClientImpl.java:205)
	at org.apache.hadoop.hdds.scm.pipeline.RatisPipelineProvider.lambda$initializePipeline$1(RatisPipelineProvider.java:142)
	at org.apache.hadoop.hdds.scm.pipeline.RatisPipelineProvider.lambda$null$2(RatisPipelineProvider.java:177)
	at java.util.stream.ForEachOps$ForEachOp$OfRef.accept(ForEachOps.java:184)
	at java.util.ArrayList$ArrayListSpliterator.forEachRemaining(ArrayList.java:1382)
	at java.util.stream.AbstractPipeline.copyInto(AbstractPipeline.java:482)
	at java.util.stream.ForEachOps$ForEachTask.compute(ForEachOps.java:291)
	at java.util.concurrent.CountedCompleter.exec(CountedCompleter.java:731)
	at java.util.concurrent.ForkJoinTask.doExec(ForkJoinTask.java:289)
	at java.util.concurrent.ForkJoinPool$WorkQueue.runTask(ForkJoinPool.java:1056)
	at java.util.concurrent.ForkJoinPool.runWorker(ForkJoinPool.java:1692)
	at java.util.concurrent.ForkJoinWorkerThread.run(ForkJoinWorkerThread.java:157)
Caused by: org.apache.ratis.thirdparty.io.grpc.StatusRuntimeException: DEADLINE_EXCEEDED: deadline exceeded after 2999737494ns
	at org.apache.ratis.thirdparty.io.grpc.stub.ClientCalls.toStatusRuntimeException(ClientCalls.java:233)
	at org.apache.ratis.thirdparty.io.grpc.stub.ClientCalls.getUnchecked(ClientCalls.java:214)
	at org.apache.ratis.thirdparty.io.grpc.stub.ClientCalls.blockingUnaryCall(ClientCalls.java:139)
	at org.apache.ratis.proto.grpc.AdminProtocolServiceGrpc$AdminProtocolServiceBlockingStub.groupManagement(AdminProtocolServiceGrpc.java:274)
	at org.apache.ratis.grpc.client.GrpcClientProtocolClient.lambda$groupAdd$3(GrpcClientProtocolClient.java:149)
	at org.apache.ratis.grpc.client.GrpcClientProtocolClient.blockingCall(GrpcClientProtocolClient.java:176)
	... 15 more
2019-09-25 06:53:01,205 [RatisPipelineUtilsThread] ERROR pipeline.SCMPipelineManager (SCMPipelineManager.java:createPipeline(167)) - Pipeline creation failed.
org.apache.hadoop.io.MultipleIOException: 3 exceptions [java.io.IOException: Failed invoke Ratis rpc org.apache.hadoop.hdds.scm.pipeline.RatisPipelineProvider$$Lambda$179/1677073647@26e4a3d2 for 5a5056d2-7b18-4f20-adb1-11c9552618dc, java.io.IOException: Failed invoke Ratis rpc org.apache.hadoop.hdds.scm.pipeline.RatisPipelineProvider$$Lambda$179/1677073647@26e4a3d2 for 8bb6bb58-9381-4956-a6ae-6423136ec2bb, java.io.IOException: Failed invoke Ratis rpc org.apache.hadoop.hdds.scm.pipeline.RatisPipelineProvider$$Lambda$179/1677073647@26e4a3d2 for 39e8fa34-752e-4a48-ab6f-88eb3aeadb82]
	at org.apache.hadoop.io.MultipleIOException.createIOException(MultipleIOException.java:53)
	at org.apache.hadoop.hdds.scm.pipeline.RatisPipelineProvider.callRatisRpc(RatisPipelineProvider.java:197)
	at org.apache.hadoop.hdds.scm.pipeline.RatisPipelineProvider.initializePipeline(RatisPipelineProvider.java:140)
	at org.apache.hadoop.hdds.scm.pipeline.RatisPipelineProvider.create(RatisPipelineProvider.java:109)
	at org.apache.hadoop.hdds.scm.pipeline.PipelineFactory.create(PipelineFactory.java:58)
	at org.apache.hadoop.hdds.scm.pipeline.SCMPipelineManager.createPipeline(SCMPipelineManager.java:155)
	at org.apache.hadoop.hdds.scm.pipeline.BackgroundPipelineCreator.createPipelines(BackgroundPipelineCreator.java:99)
	at org.apache.hadoop.hdds.scm.pipeline.BackgroundPipelineCreator.lambda$startFixedIntervalPipelineCreator$0(BackgroundPipelineCreator.java:70)
	at java.util.concurrent.Executors$RunnableAdapter.call(Executors.java:511)
	at java.util.concurrent.FutureTask.runAndReset(FutureTask.java:308)
	at java.util.concurrent.ScheduledThreadPoolExecutor$ScheduledFutureTask.access$301(ScheduledThreadPoolExecutor.java:180)
	at java.util.concurrent.ScheduledThreadPoolExecutor$ScheduledFutureTask.run(ScheduledThreadPoolExecutor.java:294)
	at java.util.concurrent.ThreadPoolExecutor.runWorker(ThreadPoolExecutor.java:1149)
	at java.util.concurrent.ThreadPoolExecutor$Worker.run(ThreadPoolExecutor.java:624)
	at java.lang.Thread.run(Thread.java:748)
2019-09-25 06:53:01,227 [grpc-default-executor-3] INFO  impl.RaftServerProxy (RaftServerProxy.java:addNew(89)) - 39e8fa34-752e-4a48-ab6f-88eb3aeadb82: addNew group-E6D9B372AB49:[39e8fa34-752e-4a48-ab6f-88eb3aeadb82:192.168.164.207:36023, 8bb6bb58-9381-4956-a6ae-6423136ec2bb:192.168.164.207:33876, cb5f3901-e038-4412-8de0-2ef7bd4db2f0:192.168.164.207:45317] returns group-E6D9B372AB49:java.util.concurrent.CompletableFuture@15975dc[Not completed]
2019-09-25 06:53:01,227 [grpc-default-executor-0] INFO  impl.RaftServerProxy (RaftServerProxy.java:addNew(89)) - 8bb6bb58-9381-4956-a6ae-6423136ec2bb: addNew group-E6D9B372AB49:[39e8fa34-752e-4a48-ab6f-88eb3aeadb82:192.168.164.207:36023, 8bb6bb58-9381-4956-a6ae-6423136ec2bb:192.168.164.207:33876, cb5f3901-e038-4412-8de0-2ef7bd4db2f0:192.168.164.207:45317] returns group-E6D9B372AB49:java.util.concurrent.CompletableFuture@312435c7[Not completed]
2019-09-25 06:53:01,228 [grpc-default-executor-2] INFO  impl.RaftServerProxy (RaftServerProxy.java:addNew(89)) - cb5f3901-e038-4412-8de0-2ef7bd4db2f0: addNew group-E6D9B372AB49:[39e8fa34-752e-4a48-ab6f-88eb3aeadb82:192.168.164.207:36023, 8bb6bb58-9381-4956-a6ae-6423136ec2bb:192.168.164.207:33876, cb5f3901-e038-4412-8de0-2ef7bd4db2f0:192.168.164.207:45317] returns group-E6D9B372AB49:java.util.concurrent.CompletableFuture@519a019c[Not completed]
 0.00% |█                                                                                                    |  0/1 Time: 0:00:11 0.00% |█                                                                                                    |  0/1 Time: 0:00:12 0.00% |█                                                                                                    |  0/1 Time: 0:00:132019-09-25 06:53:04,215 [RATISCREATEPIPELINE2] ERROR pipeline.RatisPipelineProvider (RatisPipelineProvider.java:lambda$null$2(181)) - Failed invoke Ratis rpc org.apache.hadoop.hdds.scm.pipeline.RatisPipelineProvider$$Lambda$179/1677073647@6c353698 for 39e8fa34-752e-4a48-ab6f-88eb3aeadb82
org.apache.ratis.protocol.TimeoutIOException: deadline exceeded after 2997877935ns
	at org.apache.ratis.grpc.GrpcUtil.tryUnwrapException(GrpcUtil.java:82)
	at org.apache.ratis.grpc.GrpcUtil.unwrapException(GrpcUtil.java:75)
	at org.apache.ratis.grpc.client.GrpcClientProtocolClient.blockingCall(GrpcClientProtocolClient.java:178)
	at org.apache.ratis.grpc.client.GrpcClientProtocolClient.groupAdd(GrpcClientProtocolClient.java:147)
	at org.apache.ratis.grpc.client.GrpcClientRpc.sendRequest(GrpcClientRpc.java:94)
	at org.apache.ratis.client.impl.RaftClientImpl.sendRequest(RaftClientImpl.java:278)
	at org.apache.ratis.client.impl.RaftClientImpl.groupAdd(RaftClientImpl.java:205)
	at org.apache.hadoop.hdds.scm.pipeline.RatisPipelineProvider.lambda$initializePipeline$1(RatisPipelineProvider.java:142)
	at org.apache.hadoop.hdds.scm.pipeline.RatisPipelineProvider.lambda$null$2(RatisPipelineProvider.java:177)
	at java.util.stream.ForEachOps$ForEachOp$OfRef.accept(ForEachOps.java:184)
	at java.util.ArrayList$ArrayListSpliterator.forEachRemaining(ArrayList.java:1382)
	at java.util.stream.AbstractPipeline.copyInto(AbstractPipeline.java:482)
	at java.util.stream.ForEachOps$ForEachTask.compute(ForEachOps.java:291)
	at java.util.concurrent.CountedCompleter.exec(CountedCompleter.java:731)
	at java.util.concurrent.ForkJoinTask.doExec(ForkJoinTask.java:289)
	at java.util.concurrent.ForkJoinPool$WorkQueue.runTask(ForkJoinPool.java:1056)
	at java.util.concurrent.ForkJoinPool.runWorker(ForkJoinPool.java:1692)
	at java.util.concurrent.ForkJoinWorkerThread.run(ForkJoinWorkerThread.java:157)
Caused by: org.apache.ratis.thirdparty.io.grpc.StatusRuntimeException: DEADLINE_EXCEEDED: deadline exceeded after 2997877935ns
	at org.apache.ratis.thirdparty.io.grpc.stub.ClientCalls.toStatusRuntimeException(ClientCalls.java:233)
	at org.apache.ratis.thirdparty.io.grpc.stub.ClientCalls.getUnchecked(ClientCalls.java:214)
	at org.apache.ratis.thirdparty.io.grpc.stub.ClientCalls.blockingUnaryCall(ClientCalls.java:139)
	at org.apache.ratis.proto.grpc.AdminProtocolServiceGrpc$AdminProtocolServiceBlockingStub.groupManagement(AdminProtocolServiceGrpc.java:274)
	at org.apache.ratis.grpc.client.GrpcClientProtocolClient.lambda$groupAdd$3(GrpcClientProtocolClient.java:149)
	at org.apache.ratis.grpc.client.GrpcClientProtocolClient.blockingCall(GrpcClientProtocolClient.java:176)
	... 15 more
2019-09-25 06:53:04,217 [RATISCREATEPIPELINE1] ERROR pipeline.RatisPipelineProvider (RatisPipelineProvider.java:lambda$null$2(181)) - Failed invoke Ratis rpc org.apache.hadoop.hdds.scm.pipeline.RatisPipelineProvider$$Lambda$179/1677073647@6c353698 for 8bb6bb58-9381-4956-a6ae-6423136ec2bb
org.apache.ratis.protocol.TimeoutIOException: deadline exceeded after 2998883774ns
	at org.apache.ratis.grpc.GrpcUtil.tryUnwrapException(GrpcUtil.java:82)
	at org.apache.ratis.grpc.GrpcUtil.unwrapException(GrpcUtil.java:75)
	at org.apache.ratis.grpc.client.GrpcClientProtocolClient.blockingCall(GrpcClientProtocolClient.java:178)
	at org.apache.ratis.grpc.client.GrpcClientProtocolClient.groupAdd(GrpcClientProtocolClient.java:147)
	at org.apache.ratis.grpc.client.GrpcClientRpc.sendRequest(GrpcClientRpc.java:94)
	at org.apache.ratis.client.impl.RaftClientImpl.sendRequest(RaftClientImpl.java:278)
	at org.apache.ratis.client.impl.RaftClientImpl.groupAdd(RaftClientImpl.java:205)
	at org.apache.hadoop.hdds.scm.pipeline.RatisPipelineProvider.lambda$initializePipeline$1(RatisPipelineProvider.java:142)
	at org.apache.hadoop.hdds.scm.pipeline.RatisPipelineProvider.lambda$null$2(RatisPipelineProvider.java:177)
	at java.util.stream.ForEachOps$ForEachOp$OfRef.accept(ForEachOps.java:184)
	at java.util.ArrayList$ArrayListSpliterator.forEachRemaining(ArrayList.java:1382)
	at java.util.stream.AbstractPipeline.copyInto(AbstractPipeline.java:482)
	at java.util.stream.ForEachOps$ForEachTask.compute(ForEachOps.java:291)
	at java.util.concurrent.CountedCompleter.exec(CountedCompleter.java:731)
	at java.util.concurrent.ForkJoinTask.doExec(ForkJoinTask.java:289)
	at java.util.concurrent.ForkJoinTask.doInvoke(ForkJoinTask.java:401)
	at java.util.concurrent.ForkJoinTask.invoke(ForkJoinTask.java:734)
	at java.util.stream.ForEachOps$ForEachOp.evaluateParallel(ForEachOps.java:160)
	at java.util.stream.ForEachOps$ForEachOp$OfRef.evaluateParallel(ForEachOps.java:174)
	at java.util.stream.AbstractPipeline.evaluate(AbstractPipeline.java:233)
	at java.util.stream.ReferencePipeline.forEach(ReferencePipeline.java:418)
	at java.util.stream.ReferencePipeline$Head.forEach(ReferencePipeline.java:583)
	at org.apache.hadoop.hdds.scm.pipeline.RatisPipelineProvider.lambda$callRatisRpc$3(RatisPipelineProvider.java:171)
	at java.util.concurrent.ForkJoinTask$AdaptedRunnableAction.exec(ForkJoinTask.java:1386)
	at java.util.concurrent.ForkJoinTask.doExec(ForkJoinTask.java:289)
	at java.util.concurrent.ForkJoinPool$WorkQueue.runTask(ForkJoinPool.java:1056)
	at java.util.concurrent.ForkJoinPool.runWorker(ForkJoinPool.java:1692)
	at java.util.concurrent.ForkJoinWorkerThread.run(ForkJoinWorkerThread.java:157)
Caused by: org.apache.ratis.thirdparty.io.grpc.StatusRuntimeException: DEADLINE_EXCEEDED: deadline exceeded after 2998883774ns
	at org.apache.ratis.thirdparty.io.grpc.stub.ClientCalls.toStatusRuntimeException(ClientCalls.java:233)
	at org.apache.ratis.thirdparty.io.grpc.stub.ClientCalls.getUnchecked(ClientCalls.java:214)
	at org.apache.ratis.thirdparty.io.grpc.stub.ClientCalls.blockingUnaryCall(ClientCalls.java:139)
	at org.apache.ratis.proto.grpc.AdminProtocolServiceGrpc$AdminProtocolServiceBlockingStub.groupManagement(AdminProtocolServiceGrpc.java:274)
	at org.apache.ratis.grpc.client.GrpcClientProtocolClient.lambda$groupAdd$3(GrpcClientProtocolClient.java:149)
	at org.apache.ratis.grpc.client.GrpcClientProtocolClient.blockingCall(GrpcClientProtocolClient.java:176)
	... 25 more
2019-09-25 06:53:04,215 [RATISCREATEPIPELINE3] ERROR pipeline.RatisPipelineProvider (RatisPipelineProvider.java:lambda$null$2(181)) - Failed invoke Ratis rpc org.apache.hadoop.hdds.scm.pipeline.RatisPipelineProvider$$Lambda$179/1677073647@6c353698 for cb5f3901-e038-4412-8de0-2ef7bd4db2f0
org.apache.ratis.protocol.TimeoutIOException: deadline exceeded after 2998705902ns
	at org.apache.ratis.grpc.GrpcUtil.tryUnwrapException(GrpcUtil.java:82)
	at org.apache.ratis.grpc.GrpcUtil.unwrapException(GrpcUtil.java:75)
	at org.apache.ratis.grpc.client.GrpcClientProtocolClient.blockingCall(GrpcClientProtocolClient.java:178)
	at org.apache.ratis.grpc.client.GrpcClientProtocolClient.groupAdd(GrpcClientProtocolClient.java:147)
	at org.apache.ratis.grpc.client.GrpcClientRpc.sendRequest(GrpcClientRpc.java:94)
	at org.apache.ratis.client.impl.RaftClientImpl.sendRequest(RaftClientImpl.java:278)
	at org.apache.ratis.client.impl.RaftClientImpl.groupAdd(RaftClientImpl.java:205)
	at org.apache.hadoop.hdds.scm.pipeline.RatisPipelineProvider.lambda$initializePipeline$1(RatisPipelineProvider.java:142)
	at org.apache.hadoop.hdds.scm.pipeline.RatisPipelineProvider.lambda$null$2(RatisPipelineProvider.java:177)
	at java.util.stream.ForEachOps$ForEachOp$OfRef.accept(ForEachOps.java:184)
	at java.util.ArrayList$ArrayListSpliterator.forEachRemaining(ArrayList.java:1382)
	at java.util.stream.AbstractPipeline.copyInto(AbstractPipeline.java:482)
	at java.util.stream.ForEachOps$ForEachTask.compute(ForEachOps.java:291)
	at java.util.concurrent.CountedCompleter.exec(CountedCompleter.java:731)
	at java.util.concurrent.ForkJoinTask.doExec(ForkJoinTask.java:289)
	at java.util.concurrent.ForkJoinPool$WorkQueue.runTask(ForkJoinPool.java:1056)
	at java.util.concurrent.ForkJoinPool.runWorker(ForkJoinPool.java:1692)
	at java.util.concurrent.ForkJoinWorkerThread.run(ForkJoinWorkerThread.java:157)
Caused by: org.apache.ratis.thirdparty.io.grpc.StatusRuntimeException: DEADLINE_EXCEEDED: deadline exceeded after 2998705902ns
	at org.apache.ratis.thirdparty.io.grpc.stub.ClientCalls.toStatusRuntimeException(ClientCalls.java:233)
	at org.apache.ratis.thirdparty.io.grpc.stub.ClientCalls.getUnchecked(ClientCalls.java:214)
	at org.apache.ratis.thirdparty.io.grpc.stub.ClientCalls.blockingUnaryCall(ClientCalls.java:139)
	at org.apache.ratis.proto.grpc.AdminProtocolServiceGrpc$AdminProtocolServiceBlockingStub.groupManagement(AdminProtocolServiceGrpc.java:274)
	at org.apache.ratis.grpc.client.GrpcClientProtocolClient.lambda$groupAdd$3(GrpcClientProtocolClient.java:149)
	at org.apache.ratis.grpc.client.GrpcClientProtocolClient.blockingCall(GrpcClientProtocolClient.java:176)
	... 15 more
2019-09-25 06:53:04,227 [IPC Server handler 0 on 43532] ERROR pipeline.SCMPipelineManager (SCMPipelineManager.java:createPipeline(167)) - Pipeline creation failed.
org.apache.hadoop.io.MultipleIOException: 3 exceptions [java.io.IOException: Failed invoke Ratis rpc org.apache.hadoop.hdds.scm.pipeline.RatisPipelineProvider$$Lambda$179/1677073647@6c353698 for 39e8fa34-752e-4a48-ab6f-88eb3aeadb82, java.io.IOException: Failed invoke Ratis rpc org.apache.hadoop.hdds.scm.pipeline.RatisPipelineProvider$$Lambda$179/1677073647@6c353698 for 8bb6bb58-9381-4956-a6ae-6423136ec2bb, java.io.IOException: Failed invoke Ratis rpc org.apache.hadoop.hdds.scm.pipeline.RatisPipelineProvider$$Lambda$179/1677073647@6c353698 for cb5f3901-e038-4412-8de0-2ef7bd4db2f0]
	at org.apache.hadoop.io.MultipleIOException.createIOException(MultipleIOException.java:53)
	at org.apache.hadoop.hdds.scm.pipeline.RatisPipelineProvider.callRatisRpc(RatisPipelineProvider.java:197)
	at org.apache.hadoop.hdds.scm.pipeline.RatisPipelineProvider.initializePipeline(RatisPipelineProvider.java:140)
	at org.apache.hadoop.hdds.scm.pipeline.RatisPipelineProvider.create(RatisPipelineProvider.java:109)
	at org.apache.hadoop.hdds.scm.pipeline.PipelineFactory.create(PipelineFactory.java:58)
	at org.apache.hadoop.hdds.scm.pipeline.SCMPipelineManager.createPipeline(SCMPipelineManager.java:155)
	at org.apache.hadoop.hdds.scm.block.BlockManagerImpl.allocateBlock(BlockManagerImpl.java:190)
	at org.apache.hadoop.hdds.scm.server.SCMBlockProtocolServer.allocateBlock(SCMBlockProtocolServer.java:182)
	at org.apache.hadoop.ozone.protocolPB.ScmBlockLocationProtocolServerSideTranslatorPB.allocateScmBlock(ScmBlockLocationProtocolServerSideTranslatorPB.java:183)
	at org.apache.hadoop.ozone.protocolPB.ScmBlockLocationProtocolServerSideTranslatorPB.processMessage(ScmBlockLocationProtocolServerSideTranslatorPB.java:141)
	at org.apache.hadoop.ozone.protocolPB.ScmBlockLocationProtocolServerSideTranslatorPB.send(ScmBlockLocationProtocolServerSideTranslatorPB.java:116)
	at org.apache.hadoop.hdds.protocol.proto.ScmBlockLocationProtocolProtos$ScmBlockLocationProtocolService$2.callBlockingMethod(ScmBlockLocationProtocolProtos.java:13157)
	at org.apache.hadoop.ipc.ProtobufRpcEngine$Server$ProtoBufRpcInvoker.call(ProtobufRpcEngine.java:524)
	at org.apache.hadoop.ipc.RPC$Server.call(RPC.java:1025)
	at org.apache.hadoop.ipc.Server$RpcCall.run(Server.java:876)
	at org.apache.hadoop.ipc.Server$RpcCall.run(Server.java:822)
	at java.security.AccessController.doPrivileged(Native Method)
	at javax.security.auth.Subject.doAs(Subject.java:422)
	at org.apache.hadoop.security.UserGroupInformation.doAs(UserGroupInformation.java:1730)
	at org.apache.hadoop.ipc.Server$Handler.run(Server.java:2682)
2019-09-25 06:53:04,228 [IPC Server handler 0 on 43532] WARN  block.BlockManagerImpl (BlockManagerImpl.java:allocateBlock(192)) - Pipeline creation failed for type:RATIS factor:THREE. Retrying get pipelines call once.
org.apache.hadoop.io.MultipleIOException: 3 exceptions [java.io.IOException: Failed invoke Ratis rpc org.apache.hadoop.hdds.scm.pipeline.RatisPipelineProvider$$Lambda$179/1677073647@6c353698 for 39e8fa34-752e-4a48-ab6f-88eb3aeadb82, java.io.IOException: Failed invoke Ratis rpc org.apache.hadoop.hdds.scm.pipeline.RatisPipelineProvider$$Lambda$179/1677073647@6c353698 for 8bb6bb58-9381-4956-a6ae-6423136ec2bb, java.io.IOException: Failed invoke Ratis rpc org.apache.hadoop.hdds.scm.pipeline.RatisPipelineProvider$$Lambda$179/1677073647@6c353698 for cb5f3901-e038-4412-8de0-2ef7bd4db2f0]
	at org.apache.hadoop.io.MultipleIOException.createIOException(MultipleIOException.java:53)
	at org.apache.hadoop.hdds.scm.pipeline.RatisPipelineProvider.callRatisRpc(RatisPipelineProvider.java:197)
	at org.apache.hadoop.hdds.scm.pipeline.RatisPipelineProvider.initializePipeline(RatisPipelineProvider.java:140)
	at org.apache.hadoop.hdds.scm.pipeline.RatisPipelineProvider.create(RatisPipelineProvider.java:109)
	at org.apache.hadoop.hdds.scm.pipeline.PipelineFactory.create(PipelineFactory.java:58)
	at org.apache.hadoop.hdds.scm.pipeline.SCMPipelineManager.createPipeline(SCMPipelineManager.java:155)
	at org.apache.hadoop.hdds.scm.block.BlockManagerImpl.allocateBlock(BlockManagerImpl.java:190)
	at org.apache.hadoop.hdds.scm.server.SCMBlockProtocolServer.allocateBlock(SCMBlockProtocolServer.java:182)
	at org.apache.hadoop.ozone.protocolPB.ScmBlockLocationProtocolServerSideTranslatorPB.allocateScmBlock(ScmBlockLocationProtocolServerSideTranslatorPB.java:183)
	at org.apache.hadoop.ozone.protocolPB.ScmBlockLocationProtocolServerSideTranslatorPB.processMessage(ScmBlockLocationProtocolServerSideTranslatorPB.java:141)
	at org.apache.hadoop.ozone.protocolPB.ScmBlockLocationProtocolServerSideTranslatorPB.send(ScmBlockLocationProtocolServerSideTranslatorPB.java:116)
	at org.apache.hadoop.hdds.protocol.proto.ScmBlockLocationProtocolProtos$ScmBlockLocationProtocolService$2.callBlockingMethod(ScmBlockLocationProtocolProtos.java:13157)
	at org.apache.hadoop.ipc.ProtobufRpcEngine$Server$ProtoBufRpcInvoker.call(ProtobufRpcEngine.java:524)
	at org.apache.hadoop.ipc.RPC$Server.call(RPC.java:1025)
	at org.apache.hadoop.ipc.Server$RpcCall.run(Server.java:876)
	at org.apache.hadoop.ipc.Server$RpcCall.run(Server.java:822)
	at java.security.AccessController.doPrivileged(Native Method)
	at javax.security.auth.Subject.doAs(Subject.java:422)
	at org.apache.hadoop.security.UserGroupInformation.doAs(UserGroupInformation.java:1730)
	at org.apache.hadoop.ipc.Server$Handler.run(Server.java:2682)
2019-09-25 06:53:04,228 [IPC Server handler 0 on 43532] INFO  block.BlockManagerImpl (BlockManagerImpl.java:allocateBlock(198)) - Could not find available pipeline of type:RATIS and factor:THREE even after retrying
2019-09-25 06:53:04,229 [IPC Server handler 0 on 43532] ERROR block.BlockManagerImpl (BlockManagerImpl.java:allocateBlock(222)) - Unable to allocate a block for the size: 4194304, type: RATIS, factor: THREE
2019-09-25 06:53:04,251 [grpc-default-executor-0] INFO  impl.RaftServerProxy (RaftServerProxy.java:addNew(89)) - 8bb6bb58-9381-4956-a6ae-6423136ec2bb: addNew group-D55D3DF02927:[5a5056d2-7b18-4f20-adb1-11c9552618dc:192.168.164.207:43950, 969873e8-2b3e-40d4-aa10-c4ac05c56191:192.168.164.207:38699, 8bb6bb58-9381-4956-a6ae-6423136ec2bb:192.168.164.207:33876] returns group-D55D3DF02927:java.util.concurrent.CompletableFuture@65fd90a8[Not completed]
2019-09-25 06:53:04,251 [grpc-default-executor-2] INFO  impl.RaftServerProxy (RaftServerProxy.java:addNew(89)) - 969873e8-2b3e-40d4-aa10-c4ac05c56191: addNew group-D55D3DF02927:[5a5056d2-7b18-4f20-adb1-11c9552618dc:192.168.164.207:43950, 969873e8-2b3e-40d4-aa10-c4ac05c56191:192.168.164.207:38699, 8bb6bb58-9381-4956-a6ae-6423136ec2bb:192.168.164.207:33876] returns group-D55D3DF02927:java.util.concurrent.CompletableFuture@221c497d[Not completed]
2019-09-25 06:53:04,252 [grpc-default-executor-3] INFO  impl.RaftServerProxy (RaftServerProxy.java:addNew(89)) - 5a5056d2-7b18-4f20-adb1-11c9552618dc: addNew group-D55D3DF02927:[5a5056d2-7b18-4f20-adb1-11c9552618dc:192.168.164.207:43950, 969873e8-2b3e-40d4-aa10-c4ac05c56191:192.168.164.207:38699, 8bb6bb58-9381-4956-a6ae-6423136ec2bb:192.168.164.207:33876] returns group-D55D3DF02927:java.util.concurrent.CompletableFuture@695c316c[Not completed]
2019-09-25 06:53:04,253 [pool-47-thread-1] INFO  impl.RaftServerImpl (RaftServerImpl.java:<init>(95)) - 969873e8-2b3e-40d4-aa10-c4ac05c56191: new RaftServerImpl for group-D55D3DF02927:[5a5056d2-7b18-4f20-adb1-11c9552618dc:192.168.164.207:43950, 969873e8-2b3e-40d4-aa10-c4ac05c56191:192.168.164.207:38699, 8bb6bb58-9381-4956-a6ae-6423136ec2bb:192.168.164.207:33876] with ContainerStateMachine:uninitialized
2019-09-25 06:53:04,253 [pool-47-thread-1] INFO  server.RaftServerConfigKeys (ConfUtils.java:logGet(43)) - raft.server.rpc.timeout.min = 5s (custom)
2019-09-25 06:53:04,253 [pool-47-thread-1] INFO  server.RaftServerConfigKeys (ConfUtils.java:logGet(43)) - raft.server.rpc.timeout.max = 5200ms (custom)
2019-09-25 06:53:04,254 [pool-47-thread-1] INFO  server.RaftServerConfigKeys (ConfUtils.java:logGet(43)) - raft.server.rpcslowness.timeout = 120s (custom)
2019-09-25 06:53:04,254 [pool-47-thread-1] INFO  server.RaftServerConfigKeys (ConfUtils.java:logGet(43)) - raft.server.sleep.deviation.threshold = 300 (default)
2019-09-25 06:53:04,254 [pool-47-thread-1] INFO  server.RaftServerConfigKeys (ConfUtils.java:logGet(43)) - raft.server.log.appender.install.snapshot.enabled = false (custom)
2019-09-25 06:53:04,254 [pool-47-thread-1] INFO  impl.RaftServerImpl (ServerState.java:<init>(103)) - 969873e8-2b3e-40d4-aa10-c4ac05c56191@group-D55D3DF02927: ConfigurationManager, init=-1: [5a5056d2-7b18-4f20-adb1-11c9552618dc:192.168.164.207:43950, 969873e8-2b3e-40d4-aa10-c4ac05c56191:192.168.164.207:38699, 8bb6bb58-9381-4956-a6ae-6423136ec2bb:192.168.164.207:33876], old=null, confs=<EMPTY_MAP>
2019-09-25 06:53:04,254 [pool-47-thread-1] INFO  server.RaftServerConfigKeys (ConfUtils.java:logGet(43)) - raft.server.storage.dir = [/workdir/hadoop-ozone/tools/target/test-dir/MiniOzoneClusterImpl-33913572-8408-41c3-be5b-cf3f3bf490a2/datanode-2/data/ratis] (custom)
2019-09-25 06:53:04,255 [pool-47-thread-1] INFO  storage.RaftStorageDirectory (RaftStorageDirectory.java:analyzeStorage(246)) - The storage directory /workdir/hadoop-ozone/tools/target/test-dir/MiniOzoneClusterImpl-33913572-8408-41c3-be5b-cf3f3bf490a2/datanode-2/data/ratis/761dfa5d-47bd-4f94-b1a5-d55d3df02927 does not exist. Creating ...
2019-09-25 06:53:04,512 [pool-47-thread-1] INFO  storage.RaftStorageDirectory (RaftStorageDirectory.java:tryLock(328)) - Lock on /workdir/hadoop-ozone/tools/target/test-dir/MiniOzoneClusterImpl-33913572-8408-41c3-be5b-cf3f3bf490a2/datanode-2/data/ratis/761dfa5d-47bd-4f94-b1a5-d55d3df02927/in_use.lock acquired by nodename 25784@pr-hdds-1569-s44lr-3492059363
2019-09-25 06:53:04,513 [pool-67-thread-1] INFO  storage.RaftStorage (RaftStorage.java:format(72)) - Storage directory /workdir/hadoop-ozone/tools/target/test-dir/MiniOzoneClusterImpl-33913572-8408-41c3-be5b-cf3f3bf490a2/datanode-4/data/ratis/5792bff4-4096-4553-a581-0e915855ecba has been successfully formatted.
2019-09-25 06:53:04,512 [pool-57-thread-1] INFO  storage.RaftStorageDirectory (RaftStorageDirectory.java:tryLock(328)) - Lock on /workdir/hadoop-ozone/tools/target/test-dir/MiniOzoneClusterImpl-33913572-8408-41c3-be5b-cf3f3bf490a2/datanode-3/data/ratis/a0c375ef-9410-4a8b-b7e0-02bb0ef91b90/in_use.lock acquired by nodename 25784@pr-hdds-1569-s44lr-3492059363
2019-09-25 06:53:04,513 [pool-67-thread-1] INFO  ratis.ContainerStateMachine (ContainerStateMachine.java:loadSnapshot(230)) - group-0E915855ECBA: The snapshot info is null. Setting the last applied indexto:(t:0, i:~)
2019-09-25 06:53:04,512 [pool-27-thread-1] INFO  storage.RaftStorageDirectory (RaftStorageDirectory.java:tryLock(328)) - Lock on /workdir/hadoop-ozone/tools/target/test-dir/MiniOzoneClusterImpl-33913572-8408-41c3-be5b-cf3f3bf490a2/datanode-0/data/ratis/a0c375ef-9410-4a8b-b7e0-02bb0ef91b90/in_use.lock acquired by nodename 25784@pr-hdds-1569-s44lr-3492059363
2019-09-25 06:53:04,512 [pool-37-thread-1] INFO  storage.RaftStorageDirectory (RaftStorageDirectory.java:tryLock(328)) - Lock on /workdir/hadoop-ozone/tools/target/test-dir/MiniOzoneClusterImpl-33913572-8408-41c3-be5b-cf3f3bf490a2/datanode-1/data/ratis/a0c375ef-9410-4a8b-b7e0-02bb0ef91b90/in_use.lock acquired by nodename 25784@pr-hdds-1569-s44lr-3492059363
2019-09-25 06:53:04,513 [pool-67-thread-1] INFO  server.RaftServerConfigKeys (ConfUtils.java:logGet(43)) - raft.server.notification.no-leader.timeout = 120s (custom)
2019-09-25 06:53:04,514 [pool-67-thread-1] INFO  server.RaftServerConfigKeys (ConfUtils.java:logGet(43)) - raft.server.log.use.memory = false (default)
2019-09-25 06:53:04,514 [pool-67-thread-1] INFO  server.RaftServerConfigKeys (ConfUtils.java:logGet(43)) - raft.server.log.purge.gap = 1000000 (custom)
2019-09-25 06:53:04,514 [pool-67-thread-1] INFO  server.RaftServerConfigKeys (ConfUtils.java:logGet(43)) - raft.server.log.appender.buffer.byte-limit = 33554432 (custom)
2019-09-25 06:53:04,514 [pool-67-thread-1] INFO  server.RaftServerConfigKeys (ConfUtils.java:logGet(43)) - raft.server.log.segment.size.max = 1048576 (custom)
2019-09-25 06:53:04,514 [pool-67-thread-1] INFO  server.RaftServerConfigKeys (ConfUtils.java:logGet(43)) - raft.server.log.segment.cache.num.max = 2 (custom)
2019-09-25 06:53:04,515 [pool-67-thread-1] INFO  segmented.SegmentedRaftLogWorker (SegmentedRaftLogWorker.java:<init>(172)) - new cb5f3901-e038-4412-8de0-2ef7bd4db2f0@group-0E915855ECBA-SegmentedRaftLogWorker for RaftStorage:Storage Directory /workdir/hadoop-ozone/tools/target/test-dir/MiniOzoneClusterImpl-33913572-8408-41c3-be5b-cf3f3bf490a2/datanode-4/data/ratis/5792bff4-4096-4553-a581-0e915855ecba
2019-09-25 06:53:04,517 [pool-37-thread-1] INFO  storage.RaftStorage (RaftStorage.java:format(72)) - Storage directory /workdir/hadoop-ozone/tools/target/test-dir/MiniOzoneClusterImpl-33913572-8408-41c3-be5b-cf3f3bf490a2/datanode-1/data/ratis/a0c375ef-9410-4a8b-b7e0-02bb0ef91b90 has been successfully formatted.
2019-09-25 06:53:04,517 [pool-47-thread-1] INFO  storage.RaftStorage (RaftStorage.java:format(72)) - Storage directory /workdir/hadoop-ozone/tools/target/test-dir/MiniOzoneClusterImpl-33913572-8408-41c3-be5b-cf3f3bf490a2/datanode-2/data/ratis/761dfa5d-47bd-4f94-b1a5-d55d3df02927 has been successfully formatted.
2019-09-25 06:53:04,517 [pool-37-thread-1] INFO  ratis.ContainerStateMachine (ContainerStateMachine.java:loadSnapshot(230)) - group-02BB0EF91B90: The snapshot info is null. Setting the last applied indexto:(t:0, i:~)
2019-09-25 06:53:04,517 [pool-57-thread-1] INFO  storage.RaftStorage (RaftStorage.java:format(72)) - Storage directory /workdir/hadoop-ozone/tools/target/test-dir/MiniOzoneClusterImpl-33913572-8408-41c3-be5b-cf3f3bf490a2/datanode-3/data/ratis/a0c375ef-9410-4a8b-b7e0-02bb0ef91b90 has been successfully formatted.
2019-09-25 06:53:04,517 [pool-27-thread-1] INFO  storage.RaftStorage (RaftStorage.java:format(72)) - Storage directory /workdir/hadoop-ozone/tools/target/test-dir/MiniOzoneClusterImpl-33913572-8408-41c3-be5b-cf3f3bf490a2/datanode-0/data/ratis/a0c375ef-9410-4a8b-b7e0-02bb0ef91b90 has been successfully formatted.
2019-09-25 06:53:04,518 [pool-57-thread-1] INFO  ratis.ContainerStateMachine (ContainerStateMachine.java:loadSnapshot(230)) - group-02BB0EF91B90: The snapshot info is null. Setting the last applied indexto:(t:0, i:~)
2019-09-25 06:53:04,518 [pool-57-thread-1] INFO  server.RaftServerConfigKeys (ConfUtils.java:logGet(43)) - raft.server.notification.no-leader.timeout = 120s (custom)
2019-09-25 06:53:04,518 [pool-57-thread-1] INFO  server.RaftServerConfigKeys (ConfUtils.java:logGet(43)) - raft.server.log.use.memory = false (default)
2019-09-25 06:53:04,518 [pool-57-thread-1] INFO  server.RaftServerConfigKeys (ConfUtils.java:logGet(43)) - raft.server.log.purge.gap = 1000000 (custom)
2019-09-25 06:53:04,518 [pool-67-thread-1] INFO  server.RaftServerConfigKeys (ConfUtils.java:logGet(43)) - raft.server.log.queue.byte-limit = 2147483647 (custom)
2019-09-25 06:53:04,518 [pool-27-thread-1] INFO  ratis.ContainerStateMachine (ContainerStateMachine.java:loadSnapshot(230)) - group-02BB0EF91B90: The snapshot info is null. Setting the last applied indexto:(t:0, i:~)
2019-09-25 06:53:04,518 [pool-37-thread-1] INFO  server.RaftServerConfigKeys (ConfUtils.java:logGet(43)) - raft.server.notification.no-leader.timeout = 120s (custom)
2019-09-25 06:53:04,519 [pool-27-thread-1] INFO  server.RaftServerConfigKeys (ConfUtils.java:logGet(43)) - raft.server.notification.no-leader.timeout = 120s (custom)
2019-09-25 06:53:04,517 [pool-47-thread-1] INFO  ratis.ContainerStateMachine (ContainerStateMachine.java:loadSnapshot(230)) - group-D55D3DF02927: The snapshot info is null. Setting the last applied indexto:(t:0, i:~)
2019-09-25 06:53:04,519 [pool-27-thread-1] INFO  server.RaftServerConfigKeys (ConfUtils.java:logGet(43)) - raft.server.log.use.memory = false (default)
2019-09-25 06:53:04,519 [pool-37-thread-1] INFO  server.RaftServerConfigKeys (ConfUtils.java:logGet(43)) - raft.server.log.use.memory = false (default)
2019-09-25 06:53:04,518 [pool-67-thread-1] INFO  server.RaftServerConfigKeys (ConfUtils.java:logGet(43)) - raft.server.log.queue.element-limit = 1024 (custom)
2019-09-25 06:53:04,518 [pool-57-thread-1] INFO  server.RaftServerConfigKeys (ConfUtils.java:logGet(43)) - raft.server.log.appender.buffer.byte-limit = 33554432 (custom)
2019-09-25 06:53:04,519 [pool-67-thread-1] INFO  server.RaftServerConfigKeys (ConfUtils.java:logGet(43)) - raft.server.log.segment.size.max = 1048576 (custom)
2019-09-25 06:53:04,519 [pool-37-thread-1] INFO  server.RaftServerConfigKeys (ConfUtils.java:logGet(43)) - raft.server.log.purge.gap = 1000000 (custom)
2019-09-25 06:53:04,519 [pool-27-thread-1] INFO  server.RaftServerConfigKeys (ConfUtils.java:logGet(43)) - raft.server.log.purge.gap = 1000000 (custom)
2019-09-25 06:53:04,519 [pool-47-thread-1] INFO  server.RaftServerConfigKeys (ConfUtils.java:logGet(43)) - raft.server.notification.no-leader.timeout = 120s (custom)
2019-09-25 06:53:04,520 [pool-27-thread-1] INFO  server.RaftServerConfigKeys (ConfUtils.java:logGet(43)) - raft.server.log.appender.buffer.byte-limit = 33554432 (custom)
2019-09-25 06:53:04,520 [pool-37-thread-1] INFO  server.RaftServerConfigKeys (ConfUtils.java:logGet(43)) - raft.server.log.appender.buffer.byte-limit = 33554432 (custom)
2019-09-25 06:53:04,520 [pool-67-thread-1] INFO  server.RaftServerConfigKeys (ConfUtils.java:logGet(43)) - raft.server.log.preallocated.size = 16384 (custom)
2019-09-25 06:53:04,520 [pool-57-thread-1] INFO  server.RaftServerConfigKeys (ConfUtils.java:logGet(43)) - raft.server.log.segment.size.max = 1048576 (custom)
2019-09-25 06:53:04,520 [pool-67-thread-1] INFO  server.RaftServerConfigKeys (ConfUtils.java:logGet(43)) - raft.server.log.write.buffer.size = 33554432 (custom)
2019-09-25 06:53:04,520 [pool-37-thread-1] INFO  server.RaftServerConfigKeys (ConfUtils.java:logGet(43)) - raft.server.log.segment.size.max = 1048576 (custom)
2019-09-25 06:53:04,520 [pool-27-thread-1] INFO  server.RaftServerConfigKeys (ConfUtils.java:logGet(43)) - raft.server.log.segment.size.max = 1048576 (custom)
2019-09-25 06:53:04,520 [pool-47-thread-1] INFO  server.RaftServerConfigKeys (ConfUtils.java:logGet(43)) - raft.server.log.use.memory = false (default)
2019-09-25 06:53:04,521 [pool-27-thread-1] INFO  server.RaftServerConfigKeys (ConfUtils.java:logGet(43)) - raft.server.log.segment.cache.num.max = 2 (custom)
2019-09-25 06:53:04,521 [pool-37-thread-1] INFO  server.RaftServerConfigKeys (ConfUtils.java:logGet(43)) - raft.server.log.segment.cache.num.max = 2 (custom)
2019-09-25 06:53:04,521 [pool-67-thread-1] INFO  server.RaftServerConfigKeys (ConfUtils.java:logGet(43)) - raft.server.log.force.sync.num = 128 (default)
2019-09-25 06:53:04,520 [pool-57-thread-1] INFO  server.RaftServerConfigKeys (ConfUtils.java:logGet(43)) - raft.server.log.segment.cache.num.max = 2 (custom)
2019-09-25 06:53:04,521 [pool-67-thread-1] INFO  server.RaftServerConfigKeys (ConfUtils.java:logGet(43)) - raft.server.log.statemachine.data.sync = true (default)
2019-09-25 06:53:04,521 [pool-37-thread-1] INFO  segmented.SegmentedRaftLogWorker (SegmentedRaftLogWorker.java:<init>(172)) - new 5a5056d2-7b18-4f20-adb1-11c9552618dc@group-02BB0EF91B90-SegmentedRaftLogWorker for RaftStorage:Storage Directory /workdir/hadoop-ozone/tools/target/test-dir/MiniOzoneClusterImpl-33913572-8408-41c3-be5b-cf3f3bf490a2/datanode-1/data/ratis/a0c375ef-9410-4a8b-b7e0-02bb0ef91b90
2019-09-25 06:53:04,521 [pool-27-thread-1] INFO  segmented.SegmentedRaftLogWorker (SegmentedRaftLogWorker.java:<init>(172)) - new 39e8fa34-752e-4a48-ab6f-88eb3aeadb82@group-02BB0EF91B90-SegmentedRaftLogWorker for RaftStorage:Storage Directory /workdir/hadoop-ozone/tools/target/test-dir/MiniOzoneClusterImpl-33913572-8408-41c3-be5b-cf3f3bf490a2/datanode-0/data/ratis/a0c375ef-9410-4a8b-b7e0-02bb0ef91b90
2019-09-25 06:53:04,521 [pool-47-thread-1] INFO  server.RaftServerConfigKeys (ConfUtils.java:logGet(43)) - raft.server.log.purge.gap = 1000000 (custom)
2019-09-25 06:53:04,522 [pool-27-thread-1] INFO  server.RaftServerConfigKeys (ConfUtils.java:logGet(43)) - raft.server.log.queue.byte-limit = 2147483647 (custom)
2019-09-25 06:53:04,522 [pool-27-thread-1] INFO  server.RaftServerConfigKeys (ConfUtils.java:logGet(43)) - raft.server.log.queue.element-limit = 1024 (custom)
2019-09-25 06:53:04,522 [pool-37-thread-1] INFO  server.RaftServerConfigKeys (ConfUtils.java:logGet(43)) - raft.server.log.queue.byte-limit = 2147483647 (custom)
2019-09-25 06:53:04,521 [pool-67-thread-1] INFO  server.RaftServerConfigKeys (ConfUtils.java:logGet(43)) - raft.server.log.statemachine.data.sync.timeout = 10s (default)
2019-09-25 06:53:04,521 [pool-57-thread-1] INFO  segmented.SegmentedRaftLogWorker (SegmentedRaftLogWorker.java:<init>(172)) - new 8bb6bb58-9381-4956-a6ae-6423136ec2bb@group-02BB0EF91B90-SegmentedRaftLogWorker for RaftStorage:Storage Directory /workdir/hadoop-ozone/tools/target/test-dir/MiniOzoneClusterImpl-33913572-8408-41c3-be5b-cf3f3bf490a2/datanode-3/data/ratis/a0c375ef-9410-4a8b-b7e0-02bb0ef91b90
2019-09-25 06:53:04,522 [pool-67-thread-1] INFO  server.RaftServerConfigKeys (ConfUtils.java:logGet(43)) - raft.server.log.statemachine.data.sync.timeout.retry = -1 (default)
2019-09-25 06:53:04,522 [pool-37-thread-1] INFO  server.RaftServerConfigKeys (ConfUtils.java:logGet(43)) - raft.server.log.queue.element-limit = 1024 (custom)
2019-09-25 06:53:04,522 [pool-27-thread-1] INFO  server.RaftServerConfigKeys (ConfUtils.java:logGet(43)) - raft.server.log.segment.size.max = 1048576 (custom)
2019-09-25 06:53:04,522 [pool-47-thread-1] INFO  server.RaftServerConfigKeys (ConfUtils.java:logGet(43)) - raft.server.log.appender.buffer.byte-limit = 33554432 (custom)
2019-09-25 06:53:04,523 [pool-27-thread-1] INFO  server.RaftServerConfigKeys (ConfUtils.java:logGet(43)) - raft.server.log.preallocated.size = 16384 (custom)
2019-09-25 06:53:04,523 [pool-37-thread-1] INFO  server.RaftServerConfigKeys (ConfUtils.java:logGet(43)) - raft.server.log.segment.size.max = 1048576 (custom)
2019-09-25 06:53:04,523 [pool-67-thread-1] INFO  server.RaftServerConfigKeys (ConfUtils.java:logGet(43)) - raft.server.log.statemachine.data.caching.enabled = true (custom)
2019-09-25 06:53:04,522 [pool-57-thread-1] INFO  server.RaftServerConfigKeys (ConfUtils.java:logGet(43)) - raft.server.log.queue.byte-limit = 2147483647 (custom)
2019-09-25 06:53:04,523 [pool-37-thread-1] INFO  server.RaftServerConfigKeys (ConfUtils.java:logGet(43)) - raft.server.log.preallocated.size = 16384 (custom)
2019-09-25 06:53:04,523 [pool-27-thread-1] INFO  server.RaftServerConfigKeys (ConfUtils.java:logGet(43)) - raft.server.log.write.buffer.size = 33554432 (custom)
2019-09-25 06:53:04,523 [pool-47-thread-1] INFO  server.RaftServerConfigKeys (ConfUtils.java:logGet(43)) - raft.server.log.segment.size.max = 1048576 (custom)
2019-09-25 06:53:04,524 [pool-27-thread-1] INFO  server.RaftServerConfigKeys (ConfUtils.java:logGet(43)) - raft.server.log.force.sync.num = 128 (default)
2019-09-25 06:53:04,523 [pool-37-thread-1] INFO  server.RaftServerConfigKeys (ConfUtils.java:logGet(43)) - raft.server.log.write.buffer.size = 33554432 (custom)
2019-09-25 06:53:04,523 [pool-67-thread-1] INFO  segmented.SegmentedRaftLogWorker (SegmentedRaftLogWorker.java:lambda$new$0(132)) - cb5f3901-e038-4412-8de0-2ef7bd4db2f0@group-0E915855ECBA-SegmentedRaftLogWorker: flushIndex: setUnconditionally 0 -> -1
2019-09-25 06:53:04,523 [pool-57-thread-1] INFO  server.RaftServerConfigKeys (ConfUtils.java:logGet(43)) - raft.server.log.queue.element-limit = 1024 (custom)
2019-09-25 06:53:04,524 [pool-67-thread-1] INFO  server.RaftServerConfigKeys (ConfUtils.java:logGet(43)) - raft.server.snapshot.auto.trigger.enabled = true (custom)
2019-09-25 06:53:04,524 [pool-37-thread-1] INFO  server.RaftServerConfigKeys (ConfUtils.java:logGet(43)) - raft.server.log.force.sync.num = 128 (default)
2019-09-25 06:53:04,524 [pool-27-thread-1] INFO  server.RaftServerConfigKeys (ConfUtils.java:logGet(43)) - raft.server.log.statemachine.data.sync = true (default)
2019-09-25 06:53:04,524 [pool-47-thread-1] INFO  server.RaftServerConfigKeys (ConfUtils.java:logGet(43)) - raft.server.log.segment.cache.num.max = 2 (custom)
2019-09-25 06:53:04,524 [pool-27-thread-1] INFO  server.RaftServerConfigKeys (ConfUtils.java:logGet(43)) - raft.server.log.statemachine.data.sync.timeout = 10s (default)
2019-09-25 06:53:04,524 [pool-37-thread-1] INFO  server.RaftServerConfigKeys (ConfUtils.java:logGet(43)) - raft.server.log.statemachine.data.sync = true (default)
2019-09-25 06:53:04,524 [pool-67-thread-1] INFO  server.RaftServerConfigKeys (ConfUtils.java:logGet(43)) - raft.server.snapshot.auto.trigger.threshold = 10000 (custom)
2019-09-25 06:53:04,524 [pool-57-thread-1] INFO  server.RaftServerConfigKeys (ConfUtils.java:logGet(43)) - raft.server.log.segment.size.max = 1048576 (custom)
2019-09-25 06:53:04,525 [pool-67-thread-1] INFO  server.RaftServerConfigKeys (ConfUtils.java:logGet(43)) - raft.server.snapshot.retention.num.files = 5 (custom)
2019-09-25 06:53:04,525 [pool-37-thread-1] INFO  server.RaftServerConfigKeys (ConfUtils.java:logGet(43)) - raft.server.log.statemachine.data.sync.timeout = 10s (default)
2019-09-25 06:53:04,525 [pool-27-thread-1] INFO  server.RaftServerConfigKeys (ConfUtils.java:logGet(43)) - raft.server.log.statemachine.data.sync.timeout.retry = -1 (default)
2019-09-25 06:53:04,525 [pool-47-thread-1] INFO  segmented.SegmentedRaftLogWorker (SegmentedRaftLogWorker.java:<init>(172)) - new 969873e8-2b3e-40d4-aa10-c4ac05c56191@group-D55D3DF02927-SegmentedRaftLogWorker for RaftStorage:Storage Directory /workdir/hadoop-ozone/tools/target/test-dir/MiniOzoneClusterImpl-33913572-8408-41c3-be5b-cf3f3bf490a2/datanode-2/data/ratis/761dfa5d-47bd-4f94-b1a5-d55d3df02927
2019-09-25 06:53:04,525 [pool-27-thread-1] INFO  server.RaftServerConfigKeys (ConfUtils.java:logGet(43)) - raft.server.log.statemachine.data.caching.enabled = true (custom)
2019-09-25 06:53:04,525 [pool-37-thread-1] INFO  server.RaftServerConfigKeys (ConfUtils.java:logGet(43)) - raft.server.log.statemachine.data.sync.timeout.retry = -1 (default)
2019-09-25 06:53:04,525 [pool-67-thread-1] INFO  server.RaftServerConfigKeys (ConfUtils.java:logGet(43)) - raft.server.retrycache.expirytime = 600000ms (custom)
2019-09-25 06:53:04,525 [pool-57-thread-1] INFO  server.RaftServerConfigKeys (ConfUtils.java:logGet(43)) - raft.server.log.preallocated.size = 16384 (custom)
2019-09-25 06:53:04,526 [pool-37-thread-1] INFO  server.RaftServerConfigKeys (ConfUtils.java:logGet(43)) - raft.server.log.statemachine.data.caching.enabled = true (custom)
2019-09-25 06:53:04,526 [pool-47-thread-1] INFO  server.RaftServerConfigKeys (ConfUtils.java:logGet(43)) - raft.server.log.queue.byte-limit = 2147483647 (custom)
2019-09-25 06:53:04,526 [pool-57-thread-1] INFO  server.RaftServerConfigKeys (ConfUtils.java:logGet(43)) - raft.server.log.write.buffer.size = 33554432 (custom)
2019-09-25 06:53:04,526 [pool-47-thread-1] INFO  server.RaftServerConfigKeys (ConfUtils.java:logGet(43)) - raft.server.log.queue.element-limit = 1024 (custom)
2019-09-25 06:53:04,526 [pool-57-thread-1] INFO  server.RaftServerConfigKeys (ConfUtils.java:logGet(43)) - raft.server.log.force.sync.num = 128 (default)
2019-09-25 06:53:04,527 [pool-47-thread-1] INFO  server.RaftServerConfigKeys (ConfUtils.java:logGet(43)) - raft.server.log.segment.size.max = 1048576 (custom)
2019-09-25 06:53:04,527 [pool-57-thread-1] INFO  server.RaftServerConfigKeys (ConfUtils.java:logGet(43)) - raft.server.log.statemachine.data.sync = true (default)
2019-09-25 06:53:04,527 [pool-47-thread-1] INFO  server.RaftServerConfigKeys (ConfUtils.java:logGet(43)) - raft.server.log.preallocated.size = 16384 (custom)
2019-09-25 06:53:04,527 [pool-57-thread-1] INFO  server.RaftServerConfigKeys (ConfUtils.java:logGet(43)) - raft.server.log.statemachine.data.sync.timeout = 10s (default)
2019-09-25 06:53:04,527 [pool-47-thread-1] INFO  server.RaftServerConfigKeys (ConfUtils.java:logGet(43)) - raft.server.log.write.buffer.size = 33554432 (custom)
2019-09-25 06:53:04,527 [pool-57-thread-1] INFO  server.RaftServerConfigKeys (ConfUtils.java:logGet(43)) - raft.server.log.statemachine.data.sync.timeout.retry = -1 (default)
2019-09-25 06:53:04,527 [pool-47-thread-1] INFO  server.RaftServerConfigKeys (ConfUtils.java:logGet(43)) - raft.server.log.force.sync.num = 128 (default)
2019-09-25 06:53:04,528 [pool-57-thread-1] INFO  server.RaftServerConfigKeys (ConfUtils.java:logGet(43)) - raft.server.log.statemachine.data.caching.enabled = true (custom)
2019-09-25 06:53:04,528 [pool-47-thread-1] INFO  server.RaftServerConfigKeys (ConfUtils.java:logGet(43)) - raft.server.log.statemachine.data.sync = true (default)
2019-09-25 06:53:04,528 [pool-47-thread-1] INFO  server.RaftServerConfigKeys (ConfUtils.java:logGet(43)) - raft.server.log.statemachine.data.sync.timeout = 10s (default)
2019-09-25 06:53:04,528 [pool-47-thread-1] INFO  server.RaftServerConfigKeys (ConfUtils.java:logGet(43)) - raft.server.log.statemachine.data.sync.timeout.retry = -1 (default)
2019-09-25 06:53:04,528 [pool-47-thread-1] INFO  server.RaftServerConfigKeys (ConfUtils.java:logGet(43)) - raft.server.log.statemachine.data.caching.enabled = true (custom)
2019-09-25 06:53:04,530 [pool-67-thread-1] INFO  impl.RaftServerImpl (RaftServerImpl.java:<init>(95)) - cb5f3901-e038-4412-8de0-2ef7bd4db2f0: new RaftServerImpl for group-E6D9B372AB49:[39e8fa34-752e-4a48-ab6f-88eb3aeadb82:192.168.164.207:36023, 8bb6bb58-9381-4956-a6ae-6423136ec2bb:192.168.164.207:33876, cb5f3901-e038-4412-8de0-2ef7bd4db2f0:192.168.164.207:45317] with ContainerStateMachine:uninitialized
2019-09-25 06:53:04,530 [pool-67-thread-1] INFO  server.RaftServerConfigKeys (ConfUtils.java:logGet(43)) - raft.server.rpc.timeout.min = 5s (custom)
2019-09-25 06:53:04,530 [pool-67-thread-1] INFO  server.RaftServerConfigKeys (ConfUtils.java:logGet(43)) - raft.server.rpc.timeout.max = 5200ms (custom)
2019-09-25 06:53:04,530 [pool-67-thread-1] INFO  server.RaftServerConfigKeys (ConfUtils.java:logGet(43)) - raft.server.rpcslowness.timeout = 120s (custom)
2019-09-25 06:53:04,530 [pool-67-thread-1] INFO  server.RaftServerConfigKeys (ConfUtils.java:logGet(43)) - raft.server.sleep.deviation.threshold = 300 (default)
2019-09-25 06:53:04,530 [pool-67-thread-1] INFO  server.RaftServerConfigKeys (ConfUtils.java:logGet(43)) - raft.server.log.appender.install.snapshot.enabled = false (custom)
2019-09-25 06:53:04,530 [pool-67-thread-1] INFO  impl.RaftServerImpl (ServerState.java:<init>(103)) - cb5f3901-e038-4412-8de0-2ef7bd4db2f0@group-E6D9B372AB49: ConfigurationManager, init=-1: [39e8fa34-752e-4a48-ab6f-88eb3aeadb82:192.168.164.207:36023, 8bb6bb58-9381-4956-a6ae-6423136ec2bb:192.168.164.207:33876, cb5f3901-e038-4412-8de0-2ef7bd4db2f0:192.168.164.207:45317], old=null, confs=<EMPTY_MAP>
2019-09-25 06:53:04,531 [pool-67-thread-1] INFO  server.RaftServerConfigKeys (ConfUtils.java:logGet(43)) - raft.server.storage.dir = [/workdir/hadoop-ozone/tools/target/test-dir/MiniOzoneClusterImpl-33913572-8408-41c3-be5b-cf3f3bf490a2/datanode-4/data/ratis] (custom)
2019-09-25 06:53:04,531 [pool-67-thread-1] INFO  storage.RaftStorageDirectory (RaftStorageDirectory.java:analyzeStorage(246)) - The storage directory /workdir/hadoop-ozone/tools/target/test-dir/MiniOzoneClusterImpl-33913572-8408-41c3-be5b-cf3f3bf490a2/datanode-4/data/ratis/9e698940-8e2e-4c23-8b32-e6d9b372ab49 does not exist. Creating ...
2019-09-25 06:53:04,533 [pool-47-thread-1] INFO  segmented.SegmentedRaftLogWorker (SegmentedRaftLogWorker.java:lambda$new$0(132)) - 969873e8-2b3e-40d4-aa10-c4ac05c56191@group-D55D3DF02927-SegmentedRaftLogWorker: flushIndex: setUnconditionally 0 -> -1
2019-09-25 06:53:04,533 [pool-37-thread-1] INFO  segmented.SegmentedRaftLogWorker (SegmentedRaftLogWorker.java:lambda$new$0(132)) - 5a5056d2-7b18-4f20-adb1-11c9552618dc@group-02BB0EF91B90-SegmentedRaftLogWorker: flushIndex: setUnconditionally 0 -> -1
2019-09-25 06:53:04,533 [pool-47-thread-1] INFO  server.RaftServerConfigKeys (ConfUtils.java:logGet(43)) - raft.server.snapshot.auto.trigger.enabled = true (custom)
2019-09-25 06:53:04,533 [pool-27-thread-1] INFO  segmented.SegmentedRaftLogWorker (SegmentedRaftLogWorker.java:lambda$new$0(132)) - 39e8fa34-752e-4a48-ab6f-88eb3aeadb82@group-02BB0EF91B90-SegmentedRaftLogWorker: flushIndex: setUnconditionally 0 -> -1
2019-09-25 06:53:04,533 [pool-57-thread-1] INFO  segmented.SegmentedRaftLogWorker (SegmentedRaftLogWorker.java:lambda$new$0(132)) - 8bb6bb58-9381-4956-a6ae-6423136ec2bb@group-02BB0EF91B90-SegmentedRaftLogWorker: flushIndex: setUnconditionally 0 -> -1
2019-09-25 06:53:04,533 [pool-47-thread-1] INFO  server.RaftServerConfigKeys (ConfUtils.java:logGet(43)) - raft.server.snapshot.auto.trigger.threshold = 10000 (custom)
2019-09-25 06:53:04,533 [pool-37-thread-1] INFO  server.RaftServerConfigKeys (ConfUtils.java:logGet(43)) - raft.server.snapshot.auto.trigger.enabled = true (custom)
2019-09-25 06:53:04,533 [pool-47-thread-1] INFO  server.RaftServerConfigKeys (ConfUtils.java:logGet(43)) - raft.server.snapshot.retention.num.files = 5 (custom)
2019-09-25 06:53:04,533 [pool-57-thread-1] INFO  server.RaftServerConfigKeys (ConfUtils.java:logGet(43)) - raft.server.snapshot.auto.trigger.enabled = true (custom)
2019-09-25 06:53:04,533 [pool-27-thread-1] INFO  server.RaftServerConfigKeys (ConfUtils.java:logGet(43)) - raft.server.snapshot.auto.trigger.enabled = true (custom)
2019-09-25 06:53:04,534 [pool-57-thread-1] INFO  server.RaftServerConfigKeys (ConfUtils.java:logGet(43)) - raft.server.snapshot.auto.trigger.threshold = 10000 (custom)
2019-09-25 06:53:04,534 [pool-47-thread-1] INFO  server.RaftServerConfigKeys (ConfUtils.java:logGet(43)) - raft.server.retrycache.expirytime = 600000ms (custom)
2019-09-25 06:53:04,534 [pool-37-thread-1] INFO  server.RaftServerConfigKeys (ConfUtils.java:logGet(43)) - raft.server.snapshot.auto.trigger.threshold = 10000 (custom)
2019-09-25 06:53:04,534 [pool-57-thread-1] INFO  server.RaftServerConfigKeys (ConfUtils.java:logGet(43)) - raft.server.snapshot.retention.num.files = 5 (custom)
2019-09-25 06:53:04,534 [pool-27-thread-1] INFO  server.RaftServerConfigKeys (ConfUtils.java:logGet(43)) - raft.server.snapshot.auto.trigger.threshold = 10000 (custom)
2019-09-25 06:53:04,534 [pool-57-thread-1] INFO  server.RaftServerConfigKeys (ConfUtils.java:logGet(43)) - raft.server.retrycache.expirytime = 600000ms (custom)
2019-09-25 06:53:04,534 [pool-37-thread-1] INFO  server.RaftServerConfigKeys (ConfUtils.java:logGet(43)) - raft.server.snapshot.retention.num.files = 5 (custom)
2019-09-25 06:53:04,534 [pool-27-thread-1] INFO  server.RaftServerConfigKeys (ConfUtils.java:logGet(43)) - raft.server.snapshot.retention.num.files = 5 (custom)
2019-09-25 06:53:04,535 [pool-37-thread-1] INFO  server.RaftServerConfigKeys (ConfUtils.java:logGet(43)) - raft.server.retrycache.expirytime = 600000ms (custom)
2019-09-25 06:53:04,535 [pool-27-thread-1] INFO  server.RaftServerConfigKeys (ConfUtils.java:logGet(43)) - raft.server.retrycache.expirytime = 600000ms (custom)
2019-09-25 06:53:04,539 [pool-47-thread-1] INFO  impl.RaftServerImpl (RaftServerImpl.java:start(185)) - 969873e8-2b3e-40d4-aa10-c4ac05c56191@group-D55D3DF02927: start as a follower, conf=-1: [5a5056d2-7b18-4f20-adb1-11c9552618dc:192.168.164.207:43950, 969873e8-2b3e-40d4-aa10-c4ac05c56191:192.168.164.207:38699, 8bb6bb58-9381-4956-a6ae-6423136ec2bb:192.168.164.207:33876], old=null
2019-09-25 06:53:04,540 [pool-47-thread-1] INFO  impl.RaftServerImpl (RaftServerImpl.java:setRole(174)) - 969873e8-2b3e-40d4-aa10-c4ac05c56191@group-D55D3DF02927: changes role from      null to FOLLOWER at term 0 for startAsFollower
2019-09-25 06:53:04,540 [pool-47-thread-1] INFO  impl.RoleInfo (RoleInfo.java:updateAndGet(143)) - 969873e8-2b3e-40d4-aa10-c4ac05c56191: start FollowerState
2019-09-25 06:53:04,540 [pool-57-thread-1] INFO  impl.RaftServerImpl (RaftServerImpl.java:start(185)) - 8bb6bb58-9381-4956-a6ae-6423136ec2bb@group-70A50D7F7C21: start as a follower, conf=-1: [5a5056d2-7b18-4f20-adb1-11c9552618dc:192.168.164.207:43950, 969873e8-2b3e-40d4-aa10-c4ac05c56191:192.168.164.207:38699, 8bb6bb58-9381-4956-a6ae-6423136ec2bb:192.168.164.207:33876], old=null
2019-09-25 06:53:04,540 [pool-57-thread-1] INFO  impl.RaftServerImpl (RaftServerImpl.java:setRole(174)) - 8bb6bb58-9381-4956-a6ae-6423136ec2bb@group-70A50D7F7C21: changes role from      null to FOLLOWER at term 0 for startAsFollower
2019-09-25 06:53:04,540 [pool-47-thread-1] INFO  util.JmxRegister (JmxRegister.java:tryRegister(44)) - Successfully registered JMX Bean with object name Ratis:service=RaftServer,group=group-D55D3DF02927,id=969873e8-2b3e-40d4-aa10-c4ac05c56191
2019-09-25 06:53:04,542 [pool-27-thread-1] INFO  impl.RaftServerImpl (RaftServerImpl.java:start(185)) - 39e8fa34-752e-4a48-ab6f-88eb3aeadb82@group-AFA10B35203C: start as a follower, conf=-1: [39e8fa34-752e-4a48-ab6f-88eb3aeadb82:192.168.164.207:36023], old=null
2019-09-25 06:53:04,540 [pool-57-thread-1] INFO  impl.RoleInfo (RoleInfo.java:updateAndGet(143)) - 8bb6bb58-9381-4956-a6ae-6423136ec2bb: start FollowerState
2019-09-25 06:53:04,542 [pool-27-thread-1] INFO  impl.RaftServerImpl (RaftServerImpl.java:setRole(174)) - 39e8fa34-752e-4a48-ab6f-88eb3aeadb82@group-AFA10B35203C: changes role from      null to FOLLOWER at term 0 for startAsFollower
2019-09-25 06:53:04,542 [pool-37-thread-1] INFO  impl.RaftServerImpl (RaftServerImpl.java:start(185)) - 5a5056d2-7b18-4f20-adb1-11c9552618dc@group-70A50D7F7C21: start as a follower, conf=-1: [5a5056d2-7b18-4f20-adb1-11c9552618dc:192.168.164.207:43950, 969873e8-2b3e-40d4-aa10-c4ac05c56191:192.168.164.207:38699, 8bb6bb58-9381-4956-a6ae-6423136ec2bb:192.168.164.207:33876], old=null
2019-09-25 06:53:04,542 [pool-27-thread-1] INFO  impl.RoleInfo (RoleInfo.java:updateAndGet(143)) - 39e8fa34-752e-4a48-ab6f-88eb3aeadb82: start FollowerState
2019-09-25 06:53:04,542 [pool-57-thread-1] INFO  util.JmxRegister (JmxRegister.java:tryRegister(44)) - Successfully registered JMX Bean with object name Ratis:service=RaftServer,group=group-70A50D7F7C21,id=8bb6bb58-9381-4956-a6ae-6423136ec2bb
2019-09-25 06:53:04,542 [pool-37-thread-1] INFO  impl.RaftServerImpl (RaftServerImpl.java:setRole(174)) - 5a5056d2-7b18-4f20-adb1-11c9552618dc@group-70A50D7F7C21: changes role from      null to FOLLOWER at term 0 for startAsFollower
2019-09-25 06:53:04,544 [pool-27-thread-1] INFO  util.JmxRegister (JmxRegister.java:tryRegister(44)) - Successfully registered JMX Bean with object name Ratis:service=RaftServer,group=group-AFA10B35203C,id=39e8fa34-752e-4a48-ab6f-88eb3aeadb82
2019-09-25 06:53:04,544 [pool-37-thread-1] INFO  impl.RoleInfo (RoleInfo.java:updateAndGet(143)) - 5a5056d2-7b18-4f20-adb1-11c9552618dc: start FollowerState
2019-09-25 06:53:04,544 [pool-37-thread-1] INFO  util.JmxRegister (JmxRegister.java:tryRegister(44)) - Successfully registered JMX Bean with object name Ratis:service=RaftServer,group=group-70A50D7F7C21,id=5a5056d2-7b18-4f20-adb1-11c9552618dc
2019-09-25 06:53:04,547 [pool-57-thread-1] INFO  impl.RaftServerImpl (RaftServerImpl.java:<init>(95)) - 8bb6bb58-9381-4956-a6ae-6423136ec2bb: new RaftServerImpl for group-E6D9B372AB49:[39e8fa34-752e-4a48-ab6f-88eb3aeadb82:192.168.164.207:36023, 8bb6bb58-9381-4956-a6ae-6423136ec2bb:192.168.164.207:33876, cb5f3901-e038-4412-8de0-2ef7bd4db2f0:192.168.164.207:45317] with ContainerStateMachine:uninitialized
2019-09-25 06:53:04,547 [pool-57-thread-1] INFO  server.RaftServerConfigKeys (ConfUtils.java:logGet(43)) - raft.server.rpc.timeout.min = 5s (custom)
2019-09-25 06:53:04,547 [pool-57-thread-1] INFO  server.RaftServerConfigKeys (ConfUtils.java:logGet(43)) - raft.server.rpc.timeout.max = 5200ms (custom)
2019-09-25 06:53:04,547 [pool-57-thread-1] INFO  server.RaftServerConfigKeys (ConfUtils.java:logGet(43)) - raft.server.rpcslowness.timeout = 120s (custom)
2019-09-25 06:53:04,547 [pool-57-thread-1] INFO  server.RaftServerConfigKeys (ConfUtils.java:logGet(43)) - raft.server.sleep.deviation.threshold = 300 (default)
2019-09-25 06:53:04,547 [pool-37-thread-1] INFO  impl.RaftServerImpl (RaftServerImpl.java:<init>(95)) - 5a5056d2-7b18-4f20-adb1-11c9552618dc: new RaftServerImpl for group-D55D3DF02927:[5a5056d2-7b18-4f20-adb1-11c9552618dc:192.168.164.207:43950, 969873e8-2b3e-40d4-aa10-c4ac05c56191:192.168.164.207:38699, 8bb6bb58-9381-4956-a6ae-6423136ec2bb:192.168.164.207:33876] with ContainerStateMachine:uninitialized
2019-09-25 06:53:04,547 [pool-57-thread-1] INFO  server.RaftServerConfigKeys (ConfUtils.java:logGet(43)) - raft.server.log.appender.install.snapshot.enabled = false (custom)
2019-09-25 06:53:04,548 [pool-37-thread-1] INFO  server.RaftServerConfigKeys (ConfUtils.java:logGet(43)) - raft.server.rpc.timeout.min = 5s (custom)
2019-09-25 06:53:04,548 [pool-57-thread-1] INFO  impl.RaftServerImpl (ServerState.java:<init>(103)) - 8bb6bb58-9381-4956-a6ae-6423136ec2bb@group-E6D9B372AB49: ConfigurationManager, init=-1: [39e8fa34-752e-4a48-ab6f-88eb3aeadb82:192.168.164.207:36023, 8bb6bb58-9381-4956-a6ae-6423136ec2bb:192.168.164.207:33876, cb5f3901-e038-4412-8de0-2ef7bd4db2f0:192.168.164.207:45317], old=null, confs=<EMPTY_MAP>
2019-09-25 06:53:04,548 [pool-37-thread-1] INFO  server.RaftServerConfigKeys (ConfUtils.java:logGet(43)) - raft.server.rpc.timeout.max = 5200ms (custom)
2019-09-25 06:53:04,548 [pool-57-thread-1] INFO  server.RaftServerConfigKeys (ConfUtils.java:logGet(43)) - raft.server.storage.dir = [/workdir/hadoop-ozone/tools/target/test-dir/MiniOzoneClusterImpl-33913572-8408-41c3-be5b-cf3f3bf490a2/datanode-3/data/ratis] (custom)
2019-09-25 06:53:04,548 [pool-67-thread-1] INFO  storage.RaftStorageDirectory (RaftStorageDirectory.java:tryLock(328)) - Lock on /workdir/hadoop-ozone/tools/target/test-dir/MiniOzoneClusterImpl-33913572-8408-41c3-be5b-cf3f3bf490a2/datanode-4/data/ratis/9e698940-8e2e-4c23-8b32-e6d9b372ab49/in_use.lock acquired by nodename 25784@pr-hdds-1569-s44lr-3492059363
2019-09-25 06:53:04,548 [pool-37-thread-1] INFO  server.RaftServerConfigKeys (ConfUtils.java:logGet(43)) - raft.server.rpcslowness.timeout = 120s (custom)
2019-09-25 06:53:04,549 [pool-57-thread-1] INFO  storage.RaftStorageDirectory (RaftStorageDirectory.java:analyzeStorage(246)) - The storage directory /workdir/hadoop-ozone/tools/target/test-dir/MiniOzoneClusterImpl-33913572-8408-41c3-be5b-cf3f3bf490a2/datanode-3/data/ratis/9e698940-8e2e-4c23-8b32-e6d9b372ab49 does not exist. Creating ...
2019-09-25 06:53:04,548 [pool-27-thread-1] INFO  impl.RaftServerImpl (RaftServerImpl.java:<init>(95)) - 39e8fa34-752e-4a48-ab6f-88eb3aeadb82: new RaftServerImpl for group-E6D9B372AB49:[39e8fa34-752e-4a48-ab6f-88eb3aeadb82:192.168.164.207:36023, 8bb6bb58-9381-4956-a6ae-6423136ec2bb:192.168.164.207:33876, cb5f3901-e038-4412-8de0-2ef7bd4db2f0:192.168.164.207:45317] with ContainerStateMachine:uninitialized
2019-09-25 06:53:04,549 [pool-37-thread-1] INFO  server.RaftServerConfigKeys (ConfUtils.java:logGet(43)) - raft.server.sleep.deviation.threshold = 300 (default)
2019-09-25 06:53:04,550 [pool-27-thread-1] INFO  server.RaftServerConfigKeys (ConfUtils.java:logGet(43)) - raft.server.rpc.timeout.min = 5s (custom)
2019-09-25 06:53:04,551 [pool-37-thread-1] INFO  server.RaftServerConfigKeys (ConfUtils.java:logGet(43)) - raft.server.log.appender.install.snapshot.enabled = false (custom)
2019-09-25 06:53:04,551 [pool-27-thread-1] INFO  server.RaftServerConfigKeys (ConfUtils.java:logGet(43)) - raft.server.rpc.timeout.max = 5200ms (custom)
2019-09-25 06:53:04,551 [pool-37-thread-1] INFO  impl.RaftServerImpl (ServerState.java:<init>(103)) - 5a5056d2-7b18-4f20-adb1-11c9552618dc@group-D55D3DF02927: ConfigurationManager, init=-1: [5a5056d2-7b18-4f20-adb1-11c9552618dc:192.168.164.207:43950, 969873e8-2b3e-40d4-aa10-c4ac05c56191:192.168.164.207:38699, 8bb6bb58-9381-4956-a6ae-6423136ec2bb:192.168.164.207:33876], old=null, confs=<EMPTY_MAP>
2019-09-25 06:53:04,551 [pool-27-thread-1] INFO  server.RaftServerConfigKeys (ConfUtils.java:logGet(43)) - raft.server.rpcslowness.timeout = 120s (custom)
2019-09-25 06:53:04,551 [pool-37-thread-1] INFO  server.RaftServerConfigKeys (ConfUtils.java:logGet(43)) - raft.server.storage.dir = [/workdir/hadoop-ozone/tools/target/test-dir/MiniOzoneClusterImpl-33913572-8408-41c3-be5b-cf3f3bf490a2/datanode-1/data/ratis] (custom)
2019-09-25 06:53:04,551 [pool-27-thread-1] INFO  server.RaftServerConfigKeys (ConfUtils.java:logGet(43)) - raft.server.sleep.deviation.threshold = 300 (default)
2019-09-25 06:53:04,551 [pool-27-thread-1] INFO  server.RaftServerConfigKeys (ConfUtils.java:logGet(43)) - raft.server.log.appender.install.snapshot.enabled = false (custom)
2019-09-25 06:53:04,551 [pool-37-thread-1] INFO  storage.RaftStorageDirectory (RaftStorageDirectory.java:analyzeStorage(246)) - The storage directory /workdir/hadoop-ozone/tools/target/test-dir/MiniOzoneClusterImpl-33913572-8408-41c3-be5b-cf3f3bf490a2/datanode-1/data/ratis/761dfa5d-47bd-4f94-b1a5-d55d3df02927 does not exist. Creating ...
2019-09-25 06:53:04,551 [pool-27-thread-1] INFO  impl.RaftServerImpl (ServerState.java:<init>(103)) - 39e8fa34-752e-4a48-ab6f-88eb3aeadb82@group-E6D9B372AB49: ConfigurationManager, init=-1: [39e8fa34-752e-4a48-ab6f-88eb3aeadb82:192.168.164.207:36023, 8bb6bb58-9381-4956-a6ae-6423136ec2bb:192.168.164.207:33876, cb5f3901-e038-4412-8de0-2ef7bd4db2f0:192.168.164.207:45317], old=null, confs=<EMPTY_MAP>
2019-09-25 06:53:04,552 [pool-27-thread-1] INFO  server.RaftServerConfigKeys (ConfUtils.java:logGet(43)) - raft.server.storage.dir = [/workdir/hadoop-ozone/tools/target/test-dir/MiniOzoneClusterImpl-33913572-8408-41c3-be5b-cf3f3bf490a2/datanode-0/data/ratis] (custom)
2019-09-25 06:53:04,552 [pool-27-thread-1] INFO  storage.RaftStorageDirectory (RaftStorageDirectory.java:analyzeStorage(246)) - The storage directory /workdir/hadoop-ozone/tools/target/test-dir/MiniOzoneClusterImpl-33913572-8408-41c3-be5b-cf3f3bf490a2/datanode-0/data/ratis/9e698940-8e2e-4c23-8b32-e6d9b372ab49 does not exist. Creating ...
2019-09-25 06:53:04,557 [pool-37-thread-1] INFO  storage.RaftStorageDirectory (RaftStorageDirectory.java:tryLock(328)) - Lock on /workdir/hadoop-ozone/tools/target/test-dir/MiniOzoneClusterImpl-33913572-8408-41c3-be5b-cf3f3bf490a2/datanode-1/data/ratis/761dfa5d-47bd-4f94-b1a5-d55d3df02927/in_use.lock acquired by nodename 25784@pr-hdds-1569-s44lr-3492059363
2019-09-25 06:53:04,557 [pool-67-thread-1] INFO  storage.RaftStorage (RaftStorage.java:format(72)) - Storage directory /workdir/hadoop-ozone/tools/target/test-dir/MiniOzoneClusterImpl-33913572-8408-41c3-be5b-cf3f3bf490a2/datanode-4/data/ratis/9e698940-8e2e-4c23-8b32-e6d9b372ab49 has been successfully formatted.
2019-09-25 06:53:04,557 [pool-27-thread-1] INFO  storage.RaftStorageDirectory (RaftStorageDirectory.java:tryLock(328)) - Lock on /workdir/hadoop-ozone/tools/target/test-dir/MiniOzoneClusterImpl-33913572-8408-41c3-be5b-cf3f3bf490a2/datanode-0/data/ratis/9e698940-8e2e-4c23-8b32-e6d9b372ab49/in_use.lock acquired by nodename 25784@pr-hdds-1569-s44lr-3492059363
2019-09-25 06:53:04,557 [pool-57-thread-1] INFO  storage.RaftStorageDirectory (RaftStorageDirectory.java:tryLock(328)) - Lock on /workdir/hadoop-ozone/tools/target/test-dir/MiniOzoneClusterImpl-33913572-8408-41c3-be5b-cf3f3bf490a2/datanode-3/data/ratis/9e698940-8e2e-4c23-8b32-e6d9b372ab49/in_use.lock acquired by nodename 25784@pr-hdds-1569-s44lr-3492059363
2019-09-25 06:53:04,559 [pool-67-thread-1] INFO  ratis.ContainerStateMachine (ContainerStateMachine.java:loadSnapshot(230)) - group-E6D9B372AB49: The snapshot info is null. Setting the last applied indexto:(t:0, i:~)
2019-09-25 06:53:04,559 [pool-67-thread-1] INFO  server.RaftServerConfigKeys (ConfUtils.java:logGet(43)) - raft.server.notification.no-leader.timeout = 120s (custom)
2019-09-25 06:53:04,559 [pool-67-thread-1] INFO  server.RaftServerConfigKeys (ConfUtils.java:logGet(43)) - raft.server.log.use.memory = false (default)
2019-09-25 06:53:04,559 [pool-67-thread-1] INFO  server.RaftServerConfigKeys (ConfUtils.java:logGet(43)) - raft.server.log.purge.gap = 1000000 (custom)
2019-09-25 06:53:04,559 [pool-67-thread-1] INFO  server.RaftServerConfigKeys (ConfUtils.java:logGet(43)) - raft.server.log.appender.buffer.byte-limit = 33554432 (custom)
2019-09-25 06:53:04,559 [pool-67-thread-1] INFO  server.RaftServerConfigKeys (ConfUtils.java:logGet(43)) - raft.server.log.segment.size.max = 1048576 (custom)
2019-09-25 06:53:04,559 [pool-67-thread-1] INFO  server.RaftServerConfigKeys (ConfUtils.java:logGet(43)) - raft.server.log.segment.cache.num.max = 2 (custom)
2019-09-25 06:53:04,559 [pool-67-thread-1] INFO  segmented.SegmentedRaftLogWorker (SegmentedRaftLogWorker.java:<init>(172)) - new cb5f3901-e038-4412-8de0-2ef7bd4db2f0@group-E6D9B372AB49-SegmentedRaftLogWorker for RaftStorage:Storage Directory /workdir/hadoop-ozone/tools/target/test-dir/MiniOzoneClusterImpl-33913572-8408-41c3-be5b-cf3f3bf490a2/datanode-4/data/ratis/9e698940-8e2e-4c23-8b32-e6d9b372ab49
2019-09-25 06:53:04,560 [pool-67-thread-1] INFO  server.RaftServerConfigKeys (ConfUtils.java:logGet(43)) - raft.server.log.queue.byte-limit = 2147483647 (custom)
2019-09-25 06:53:04,560 [pool-67-thread-1] INFO  server.RaftServerConfigKeys (ConfUtils.java:logGet(43)) - raft.server.log.queue.element-limit = 1024 (custom)
2019-09-25 06:53:04,560 [pool-67-thread-1] INFO  server.RaftServerConfigKeys (ConfUtils.java:logGet(43)) - raft.server.log.segment.size.max = 1048576 (custom)
2019-09-25 06:53:04,560 [pool-67-thread-1] INFO  server.RaftServerConfigKeys (ConfUtils.java:logGet(43)) - raft.server.log.preallocated.size = 16384 (custom)
2019-09-25 06:53:04,560 [pool-67-thread-1] INFO  server.RaftServerConfigKeys (ConfUtils.java:logGet(43)) - raft.server.log.write.buffer.size = 33554432 (custom)
2019-09-25 06:53:04,560 [pool-67-thread-1] INFO  server.RaftServerConfigKeys (ConfUtils.java:logGet(43)) - raft.server.log.force.sync.num = 128 (default)
2019-09-25 06:53:04,560 [pool-67-thread-1] INFO  server.RaftServerConfigKeys (ConfUtils.java:logGet(43)) - raft.server.log.statemachine.data.sync = true (default)
2019-09-25 06:53:04,560 [pool-67-thread-1] INFO  server.RaftServerConfigKeys (ConfUtils.java:logGet(43)) - raft.server.log.statemachine.data.sync.timeout = 10s (default)
2019-09-25 06:53:04,561 [pool-67-thread-1] INFO  server.RaftServerConfigKeys (ConfUtils.java:logGet(43)) - raft.server.log.statemachine.data.sync.timeout.retry = -1 (default)
2019-09-25 06:53:04,561 [pool-67-thread-1] INFO  server.RaftServerConfigKeys (ConfUtils.java:logGet(43)) - raft.server.log.statemachine.data.caching.enabled = true (custom)
2019-09-25 06:53:04,561 [pool-67-thread-1] INFO  segmented.SegmentedRaftLogWorker (SegmentedRaftLogWorker.java:lambda$new$0(132)) - cb5f3901-e038-4412-8de0-2ef7bd4db2f0@group-E6D9B372AB49-SegmentedRaftLogWorker: flushIndex: setUnconditionally 0 -> -1
2019-09-25 06:53:04,561 [pool-67-thread-1] INFO  server.RaftServerConfigKeys (ConfUtils.java:logGet(43)) - raft.server.snapshot.auto.trigger.enabled = true (custom)
2019-09-25 06:53:04,561 [pool-67-thread-1] INFO  server.RaftServerConfigKeys (ConfUtils.java:logGet(43)) - raft.server.snapshot.auto.trigger.threshold = 10000 (custom)
2019-09-25 06:53:04,562 [pool-67-thread-1] INFO  server.RaftServerConfigKeys (ConfUtils.java:logGet(43)) - raft.server.snapshot.retention.num.files = 5 (custom)
2019-09-25 06:53:04,562 [pool-67-thread-1] INFO  server.RaftServerConfigKeys (ConfUtils.java:logGet(43)) - raft.server.retrycache.expirytime = 600000ms (custom)
2019-09-25 06:53:04,564 [pool-67-thread-1] INFO  impl.RaftServerImpl (RaftServerImpl.java:start(185)) - cb5f3901-e038-4412-8de0-2ef7bd4db2f0@group-0E915855ECBA: start as a follower, conf=-1: [cb5f3901-e038-4412-8de0-2ef7bd4db2f0:192.168.164.207:45317], old=null
2019-09-25 06:53:04,564 [pool-67-thread-1] INFO  impl.RaftServerImpl (RaftServerImpl.java:setRole(174)) - cb5f3901-e038-4412-8de0-2ef7bd4db2f0@group-0E915855ECBA: changes role from      null to FOLLOWER at term 0 for startAsFollower
2019-09-25 06:53:04,565 [pool-67-thread-1] INFO  impl.RoleInfo (RoleInfo.java:updateAndGet(143)) - cb5f3901-e038-4412-8de0-2ef7bd4db2f0: start FollowerState
2019-09-25 06:53:04,565 [pool-67-thread-1] INFO  util.JmxRegister (JmxRegister.java:tryRegister(44)) - Successfully registered JMX Bean with object name Ratis:service=RaftServer,group=group-0E915855ECBA,id=cb5f3901-e038-4412-8de0-2ef7bd4db2f0
2019-09-25 06:53:04,565 [pool-67-thread-1] INFO  impl.RaftServerImpl (RaftServerImpl.java:start(185)) - cb5f3901-e038-4412-8de0-2ef7bd4db2f0@group-E6D9B372AB49: start as a follower, conf=-1: [39e8fa34-752e-4a48-ab6f-88eb3aeadb82:192.168.164.207:36023, 8bb6bb58-9381-4956-a6ae-6423136ec2bb:192.168.164.207:33876, cb5f3901-e038-4412-8de0-2ef7bd4db2f0:192.168.164.207:45317], old=null
2019-09-25 06:53:04,565 [pool-67-thread-1] INFO  impl.RaftServerImpl (RaftServerImpl.java:setRole(174)) - cb5f3901-e038-4412-8de0-2ef7bd4db2f0@group-E6D9B372AB49: changes role from      null to FOLLOWER at term 0 for startAsFollower
2019-09-25 06:53:04,566 [pool-67-thread-1] INFO  impl.RoleInfo (RoleInfo.java:updateAndGet(143)) - cb5f3901-e038-4412-8de0-2ef7bd4db2f0: start FollowerState
2019-09-25 06:53:04,566 [pool-67-thread-1] INFO  util.JmxRegister (JmxRegister.java:tryRegister(44)) - Successfully registered JMX Bean with object name Ratis:service=RaftServer,group=group-E6D9B372AB49,id=cb5f3901-e038-4412-8de0-2ef7bd4db2f0
2019-09-25 06:53:04,571 [pool-57-thread-1] INFO  storage.RaftStorage (RaftStorage.java:format(72)) - Storage directory /workdir/hadoop-ozone/tools/target/test-dir/MiniOzoneClusterImpl-33913572-8408-41c3-be5b-cf3f3bf490a2/datanode-3/data/ratis/9e698940-8e2e-4c23-8b32-e6d9b372ab49 has been successfully formatted.
2019-09-25 06:53:04,571 [pool-37-thread-1] INFO  storage.RaftStorage (RaftStorage.java:format(72)) - Storage directory /workdir/hadoop-ozone/tools/target/test-dir/MiniOzoneClusterImpl-33913572-8408-41c3-be5b-cf3f3bf490a2/datanode-1/data/ratis/761dfa5d-47bd-4f94-b1a5-d55d3df02927 has been successfully formatted.
2019-09-25 06:53:04,571 [pool-57-thread-1] INFO  ratis.ContainerStateMachine (ContainerStateMachine.java:loadSnapshot(230)) - group-E6D9B372AB49: The snapshot info is null. Setting the last applied indexto:(t:0, i:~)
2019-09-25 06:53:04,571 [pool-27-thread-1] INFO  storage.RaftStorage (RaftStorage.java:format(72)) - Storage directory /workdir/hadoop-ozone/tools/target/test-dir/MiniOzoneClusterImpl-33913572-8408-41c3-be5b-cf3f3bf490a2/datanode-0/data/ratis/9e698940-8e2e-4c23-8b32-e6d9b372ab49 has been successfully formatted.
2019-09-25 06:53:04,572 [pool-57-thread-1] INFO  server.RaftServerConfigKeys (ConfUtils.java:logGet(43)) - raft.server.notification.no-leader.timeout = 120s (custom)
2019-09-25 06:53:04,572 [pool-37-thread-1] INFO  ratis.ContainerStateMachine (ContainerStateMachine.java:loadSnapshot(230)) - group-D55D3DF02927: The snapshot info is null. Setting the last applied indexto:(t:0, i:~)
2019-09-25 06:53:04,572 [pool-57-thread-1] INFO  server.RaftServerConfigKeys (ConfUtils.java:logGet(43)) - raft.server.log.use.memory = false (default)
2019-09-25 06:53:04,572 [pool-27-thread-1] INFO  ratis.ContainerStateMachine (ContainerStateMachine.java:loadSnapshot(230)) - group-E6D9B372AB49: The snapshot info is null. Setting the last applied indexto:(t:0, i:~)
2019-09-25 06:53:04,572 [pool-57-thread-1] INFO  server.RaftServerConfigKeys (ConfUtils.java:logGet(43)) - raft.server.log.purge.gap = 1000000 (custom)
2019-09-25 06:53:04,572 [pool-37-thread-1] INFO  server.RaftServerConfigKeys (ConfUtils.java:logGet(43)) - raft.server.notification.no-leader.timeout = 120s (custom)
2019-09-25 06:53:04,572 [pool-57-thread-1] INFO  server.RaftServerConfigKeys (ConfUtils.java:logGet(43)) - raft.server.log.appender.buffer.byte-limit = 33554432 (custom)
2019-09-25 06:53:04,572 [pool-27-thread-1] INFO  server.RaftServerConfigKeys (ConfUtils.java:logGet(43)) - raft.server.notification.no-leader.timeout = 120s (custom)
2019-09-25 06:53:04,573 [pool-57-thread-1] INFO  server.RaftServerConfigKeys (ConfUtils.java:logGet(43)) - raft.server.log.segment.size.max = 1048576 (custom)
2019-09-25 06:53:04,572 [pool-37-thread-1] INFO  server.RaftServerConfigKeys (ConfUtils.java:logGet(43)) - raft.server.log.use.memory = false (default)
2019-09-25 06:53:04,573 [pool-57-thread-1] INFO  server.RaftServerConfigKeys (ConfUtils.java:logGet(43)) - raft.server.log.segment.cache.num.max = 2 (custom)
2019-09-25 06:53:04,573 [pool-27-thread-1] INFO  server.RaftServerConfigKeys (ConfUtils.java:logGet(43)) - raft.server.log.use.memory = false (default)
2019-09-25 06:53:04,573 [pool-27-thread-1] INFO  server.RaftServerConfigKeys (ConfUtils.java:logGet(43)) - raft.server.log.purge.gap = 1000000 (custom)
2019-09-25 06:53:04,573 [pool-27-thread-1] INFO  server.RaftServerConfigKeys (ConfUtils.java:logGet(43)) - raft.server.log.appender.buffer.byte-limit = 33554432 (custom)
2019-09-25 06:53:04,573 [pool-27-thread-1] INFO  server.RaftServerConfigKeys (ConfUtils.java:logGet(43)) - raft.server.log.segment.size.max = 1048576 (custom)
2019-09-25 06:53:04,574 [pool-27-thread-1] INFO  server.RaftServerConfigKeys (ConfUtils.java:logGet(43)) - raft.server.log.segment.cache.num.max = 2 (custom)
2019-09-25 06:53:04,574 [pool-27-thread-1] INFO  segmented.SegmentedRaftLogWorker (SegmentedRaftLogWorker.java:<init>(172)) - new 39e8fa34-752e-4a48-ab6f-88eb3aeadb82@group-E6D9B372AB49-SegmentedRaftLogWorker for RaftStorage:Storage Directory /workdir/hadoop-ozone/tools/target/test-dir/MiniOzoneClusterImpl-33913572-8408-41c3-be5b-cf3f3bf490a2/datanode-0/data/ratis/9e698940-8e2e-4c23-8b32-e6d9b372ab49
2019-09-25 06:53:04,574 [pool-27-thread-1] INFO  server.RaftServerConfigKeys (ConfUtils.java:logGet(43)) - raft.server.log.queue.byte-limit = 2147483647 (custom)
2019-09-25 06:53:04,574 [pool-27-thread-1] INFO  server.RaftServerConfigKeys (ConfUtils.java:logGet(43)) - raft.server.log.queue.element-limit = 1024 (custom)
2019-09-25 06:53:04,574 [pool-27-thread-1] INFO  server.RaftServerConfigKeys (ConfUtils.java:logGet(43)) - raft.server.log.segment.size.max = 1048576 (custom)
2019-09-25 06:53:04,574 [pool-27-thread-1] INFO  server.RaftServerConfigKeys (ConfUtils.java:logGet(43)) - raft.server.log.preallocated.size = 16384 (custom)
2019-09-25 06:53:04,574 [pool-27-thread-1] INFO  server.RaftServerConfigKeys (ConfUtils.java:logGet(43)) - raft.server.log.write.buffer.size = 33554432 (custom)
2019-09-25 06:53:04,574 [pool-27-thread-1] INFO  server.RaftServerConfigKeys (ConfUtils.java:logGet(43)) - raft.server.log.force.sync.num = 128 (default)
2019-09-25 06:53:04,574 [pool-27-thread-1] INFO  server.RaftServerConfigKeys (ConfUtils.java:logGet(43)) - raft.server.log.statemachine.data.sync = true (default)
2019-09-25 06:53:04,575 [pool-27-thread-1] INFO  server.RaftServerConfigKeys (ConfUtils.java:logGet(43)) - raft.server.log.statemachine.data.sync.timeout = 10s (default)
2019-09-25 06:53:04,575 [pool-27-thread-1] INFO  server.RaftServerConfigKeys (ConfUtils.java:logGet(43)) - raft.server.log.statemachine.data.sync.timeout.retry = -1 (default)
2019-09-25 06:53:04,575 [pool-27-thread-1] INFO  server.RaftServerConfigKeys (ConfUtils.java:logGet(43)) - raft.server.log.statemachine.data.caching.enabled = true (custom)
2019-09-25 06:53:04,575 [pool-27-thread-1] INFO  segmented.SegmentedRaftLogWorker (SegmentedRaftLogWorker.java:lambda$new$0(132)) - 39e8fa34-752e-4a48-ab6f-88eb3aeadb82@group-E6D9B372AB49-SegmentedRaftLogWorker: flushIndex: setUnconditionally 0 -> -1
2019-09-25 06:53:04,573 [pool-57-thread-1] INFO  segmented.SegmentedRaftLogWorker (SegmentedRaftLogWorker.java:<init>(172)) - new 8bb6bb58-9381-4956-a6ae-6423136ec2bb@group-E6D9B372AB49-SegmentedRaftLogWorker for RaftStorage:Storage Directory /workdir/hadoop-ozone/tools/target/test-dir/MiniOzoneClusterImpl-33913572-8408-41c3-be5b-cf3f3bf490a2/datanode-3/data/ratis/9e698940-8e2e-4c23-8b32-e6d9b372ab49
2019-09-25 06:53:04,573 [pool-37-thread-1] INFO  server.RaftServerConfigKeys (ConfUtils.java:logGet(43)) - raft.server.log.purge.gap = 1000000 (custom)
2019-09-25 06:53:04,575 [pool-57-thread-1] INFO  server.RaftServerConfigKeys (ConfUtils.java:logGet(43)) - raft.server.log.queue.byte-limit = 2147483647 (custom)
2019-09-25 06:53:04,575 [pool-27-thread-1] INFO  server.RaftServerConfigKeys (ConfUtils.java:logGet(43)) - raft.server.snapshot.auto.trigger.enabled = true (custom)
2019-09-25 06:53:04,576 [pool-57-thread-1] INFO  server.RaftServerConfigKeys (ConfUtils.java:logGet(43)) - raft.server.log.queue.element-limit = 1024 (custom)
2019-09-25 06:53:04,576 [pool-37-thread-1] INFO  server.RaftServerConfigKeys (ConfUtils.java:logGet(43)) - raft.server.log.appender.buffer.byte-limit = 33554432 (custom)
2019-09-25 06:53:04,576 [pool-57-thread-1] INFO  server.RaftServerConfigKeys (ConfUtils.java:logGet(43)) - raft.server.log.segment.size.max = 1048576 (custom)
2019-09-25 06:53:04,576 [pool-27-thread-1] INFO  server.RaftServerConfigKeys (ConfUtils.java:logGet(43)) - raft.server.snapshot.auto.trigger.threshold = 10000 (custom)
2019-09-25 06:53:04,576 [pool-57-thread-1] INFO  server.RaftServerConfigKeys (ConfUtils.java:logGet(43)) - raft.server.log.preallocated.size = 16384 (custom)
2019-09-25 06:53:04,576 [pool-37-thread-1] INFO  server.RaftServerConfigKeys (ConfUtils.java:logGet(43)) - raft.server.log.segment.size.max = 1048576 (custom)
2019-09-25 06:53:04,576 [pool-57-thread-1] INFO  server.RaftServerConfigKeys (ConfUtils.java:logGet(43)) - raft.server.log.write.buffer.size = 33554432 (custom)
2019-09-25 06:53:04,576 [pool-27-thread-1] INFO  server.RaftServerConfigKeys (ConfUtils.java:logGet(43)) - raft.server.snapshot.retention.num.files = 5 (custom)
2019-09-25 06:53:04,576 [pool-57-thread-1] INFO  server.RaftServerConfigKeys (ConfUtils.java:logGet(43)) - raft.server.log.force.sync.num = 128 (default)
2019-09-25 06:53:04,576 [pool-37-thread-1] INFO  server.RaftServerConfigKeys (ConfUtils.java:logGet(43)) - raft.server.log.segment.cache.num.max = 2 (custom)
2019-09-25 06:53:04,577 [pool-57-thread-1] INFO  server.RaftServerConfigKeys (ConfUtils.java:logGet(43)) - raft.server.log.statemachine.data.sync = true (default)
2019-09-25 06:53:04,577 [pool-27-thread-1] INFO  server.RaftServerConfigKeys (ConfUtils.java:logGet(43)) - raft.server.retrycache.expirytime = 600000ms (custom)
2019-09-25 06:53:04,577 [pool-57-thread-1] INFO  server.RaftServerConfigKeys (ConfUtils.java:logGet(43)) - raft.server.log.statemachine.data.sync.timeout = 10s (default)
2019-09-25 06:53:04,577 [pool-37-thread-1] INFO  segmented.SegmentedRaftLogWorker (SegmentedRaftLogWorker.java:<init>(172)) - new 5a5056d2-7b18-4f20-adb1-11c9552618dc@group-D55D3DF02927-SegmentedRaftLogWorker for RaftStorage:Storage Directory /workdir/hadoop-ozone/tools/target/test-dir/MiniOzoneClusterImpl-33913572-8408-41c3-be5b-cf3f3bf490a2/datanode-1/data/ratis/761dfa5d-47bd-4f94-b1a5-d55d3df02927
2019-09-25 06:53:04,577 [pool-57-thread-1] INFO  server.RaftServerConfigKeys (ConfUtils.java:logGet(43)) - raft.server.log.statemachine.data.sync.timeout.retry = -1 (default)
2019-09-25 06:53:04,577 [pool-37-thread-1] INFO  server.RaftServerConfigKeys (ConfUtils.java:logGet(43)) - raft.server.log.queue.byte-limit = 2147483647 (custom)
2019-09-25 06:53:04,577 [pool-57-thread-1] INFO  server.RaftServerConfigKeys (ConfUtils.java:logGet(43)) - raft.server.log.statemachine.data.caching.enabled = true (custom)
2019-09-25 06:53:04,577 [pool-37-thread-1] INFO  server.RaftServerConfigKeys (ConfUtils.java:logGet(43)) - raft.server.log.queue.element-limit = 1024 (custom)
2019-09-25 06:53:04,577 [pool-37-thread-1] INFO  server.RaftServerConfigKeys (ConfUtils.java:logGet(43)) - raft.server.log.segment.size.max = 1048576 (custom)
2019-09-25 06:53:04,577 [pool-57-thread-1] INFO  segmented.SegmentedRaftLogWorker (SegmentedRaftLogWorker.java:lambda$new$0(132)) - 8bb6bb58-9381-4956-a6ae-6423136ec2bb@group-E6D9B372AB49-SegmentedRaftLogWorker: flushIndex: setUnconditionally 0 -> -1
2019-09-25 06:53:04,578 [pool-37-thread-1] INFO  server.RaftServerConfigKeys (ConfUtils.java:logGet(43)) - raft.server.log.preallocated.size = 16384 (custom)
2019-09-25 06:53:04,578 [pool-37-thread-1] INFO  server.RaftServerConfigKeys (ConfUtils.java:logGet(43)) - raft.server.log.write.buffer.size = 33554432 (custom)
2019-09-25 06:53:04,578 [pool-57-thread-1] INFO  server.RaftServerConfigKeys (ConfUtils.java:logGet(43)) - raft.server.snapshot.auto.trigger.enabled = true (custom)
2019-09-25 06:53:04,578 [pool-37-thread-1] INFO  server.RaftServerConfigKeys (ConfUtils.java:logGet(43)) - raft.server.log.force.sync.num = 128 (default)
2019-09-25 06:53:04,578 [pool-57-thread-1] INFO  server.RaftServerConfigKeys (ConfUtils.java:logGet(43)) - raft.server.snapshot.auto.trigger.threshold = 10000 (custom)
2019-09-25 06:53:04,578 [pool-37-thread-1] INFO  server.RaftServerConfigKeys (ConfUtils.java:logGet(43)) - raft.server.log.statemachine.data.sync = true (default)
2019-09-25 06:53:04,578 [pool-57-thread-1] INFO  server.RaftServerConfigKeys (ConfUtils.java:logGet(43)) - raft.server.snapshot.retention.num.files = 5 (custom)
2019-09-25 06:53:04,578 [pool-37-thread-1] INFO  server.RaftServerConfigKeys (ConfUtils.java:logGet(43)) - raft.server.log.statemachine.data.sync.timeout = 10s (default)
2019-09-25 06:53:04,578 [pool-57-thread-1] INFO  server.RaftServerConfigKeys (ConfUtils.java:logGet(43)) - raft.server.retrycache.expirytime = 600000ms (custom)
2019-09-25 06:53:04,579 [pool-37-thread-1] INFO  server.RaftServerConfigKeys (ConfUtils.java:logGet(43)) - raft.server.log.statemachine.data.sync.timeout.retry = -1 (default)
2019-09-25 06:53:04,579 [pool-37-thread-1] INFO  server.RaftServerConfigKeys (ConfUtils.java:logGet(43)) - raft.server.log.statemachine.data.caching.enabled = true (custom)
2019-09-25 06:53:04,579 [pool-37-thread-1] INFO  segmented.SegmentedRaftLogWorker (SegmentedRaftLogWorker.java:lambda$new$0(132)) - 5a5056d2-7b18-4f20-adb1-11c9552618dc@group-D55D3DF02927-SegmentedRaftLogWorker: flushIndex: setUnconditionally 0 -> -1
2019-09-25 06:53:04,579 [pool-27-thread-1] INFO  impl.RaftServerImpl (RaftServerImpl.java:start(185)) - 39e8fa34-752e-4a48-ab6f-88eb3aeadb82@group-02BB0EF91B90: start as a follower, conf=-1: [5a5056d2-7b18-4f20-adb1-11c9552618dc:192.168.164.207:43950, 39e8fa34-752e-4a48-ab6f-88eb3aeadb82:192.168.164.207:36023, 8bb6bb58-9381-4956-a6ae-6423136ec2bb:192.168.164.207:33876], old=null
2019-09-25 06:53:04,579 [pool-37-thread-1] INFO  server.RaftServerConfigKeys (ConfUtils.java:logGet(43)) - raft.server.snapshot.auto.trigger.enabled = true (custom)
2019-09-25 06:53:04,579 [pool-27-thread-1] INFO  impl.RaftServerImpl (RaftServerImpl.java:setRole(174)) - 39e8fa34-752e-4a48-ab6f-88eb3aeadb82@group-02BB0EF91B90: changes role from      null to FOLLOWER at term 0 for startAsFollower
2019-09-25 06:53:04,580 [pool-37-thread-1] INFO  server.RaftServerConfigKeys (ConfUtils.java:logGet(43)) - raft.server.snapshot.auto.trigger.threshold = 10000 (custom)
2019-09-25 06:53:04,580 [pool-27-thread-1] INFO  impl.RoleInfo (RoleInfo.java:updateAndGet(143)) - 39e8fa34-752e-4a48-ab6f-88eb3aeadb82: start FollowerState
2019-09-25 06:53:04,580 [pool-37-thread-1] INFO  server.RaftServerConfigKeys (ConfUtils.java:logGet(43)) - raft.server.snapshot.retention.num.files = 5 (custom)
2019-09-25 06:53:04,580 [pool-37-thread-1] INFO  server.RaftServerConfigKeys (ConfUtils.java:logGet(43)) - raft.server.retrycache.expirytime = 600000ms (custom)
2019-09-25 06:53:04,580 [pool-27-thread-1] INFO  util.JmxRegister (JmxRegister.java:tryRegister(44)) - Successfully registered JMX Bean with object name Ratis:service=RaftServer,group=group-02BB0EF91B90,id=39e8fa34-752e-4a48-ab6f-88eb3aeadb82
2019-09-25 06:53:04,580 [pool-27-thread-1] INFO  impl.RaftServerImpl (RaftServerImpl.java:start(185)) - 39e8fa34-752e-4a48-ab6f-88eb3aeadb82@group-E6D9B372AB49: start as a follower, conf=-1: [39e8fa34-752e-4a48-ab6f-88eb3aeadb82:192.168.164.207:36023, 8bb6bb58-9381-4956-a6ae-6423136ec2bb:192.168.164.207:33876, cb5f3901-e038-4412-8de0-2ef7bd4db2f0:192.168.164.207:45317], old=null
2019-09-25 06:53:04,581 [pool-27-thread-1] INFO  impl.RaftServerImpl (RaftServerImpl.java:setRole(174)) - 39e8fa34-752e-4a48-ab6f-88eb3aeadb82@group-E6D9B372AB49: changes role from      null to FOLLOWER at term 0 for startAsFollower
2019-09-25 06:53:04,581 [pool-27-thread-1] INFO  impl.RoleInfo (RoleInfo.java:updateAndGet(143)) - 39e8fa34-752e-4a48-ab6f-88eb3aeadb82: start FollowerState
2019-09-25 06:53:04,581 [pool-27-thread-1] INFO  util.JmxRegister (JmxRegister.java:tryRegister(44)) - Successfully registered JMX Bean with object name Ratis:service=RaftServer,group=group-E6D9B372AB49,id=39e8fa34-752e-4a48-ab6f-88eb3aeadb82
2019-09-25 06:53:04,582 [pool-37-thread-1] INFO  impl.RaftServerImpl (RaftServerImpl.java:start(185)) - 5a5056d2-7b18-4f20-adb1-11c9552618dc@group-02BB0EF91B90: start as a follower, conf=-1: [5a5056d2-7b18-4f20-adb1-11c9552618dc:192.168.164.207:43950, 39e8fa34-752e-4a48-ab6f-88eb3aeadb82:192.168.164.207:36023, 8bb6bb58-9381-4956-a6ae-6423136ec2bb:192.168.164.207:33876], old=null
2019-09-25 06:53:04,582 [pool-37-thread-1] INFO  impl.RaftServerImpl (RaftServerImpl.java:setRole(174)) - 5a5056d2-7b18-4f20-adb1-11c9552618dc@group-02BB0EF91B90: changes role from      null to FOLLOWER at term 0 for startAsFollower
2019-09-25 06:53:04,582 [pool-37-thread-1] INFO  impl.RoleInfo (RoleInfo.java:updateAndGet(143)) - 5a5056d2-7b18-4f20-adb1-11c9552618dc: start FollowerState
2019-09-25 06:53:04,582 [pool-57-thread-1] INFO  impl.RaftServerImpl (RaftServerImpl.java:<init>(95)) - 8bb6bb58-9381-4956-a6ae-6423136ec2bb: new RaftServerImpl for group-D55D3DF02927:[5a5056d2-7b18-4f20-adb1-11c9552618dc:192.168.164.207:43950, 969873e8-2b3e-40d4-aa10-c4ac05c56191:192.168.164.207:38699, 8bb6bb58-9381-4956-a6ae-6423136ec2bb:192.168.164.207:33876] with ContainerStateMachine:uninitialized
2019-09-25 06:53:04,582 [pool-57-thread-1] INFO  server.RaftServerConfigKeys (ConfUtils.java:logGet(43)) - raft.server.rpc.timeout.min = 5s (custom)
2019-09-25 06:53:04,582 [pool-37-thread-1] INFO  util.JmxRegister (JmxRegister.java:tryRegister(44)) - Successfully registered JMX Bean with object name Ratis:service=RaftServer,group=group-02BB0EF91B90,id=5a5056d2-7b18-4f20-adb1-11c9552618dc
2019-09-25 06:53:04,583 [pool-57-thread-1] INFO  server.RaftServerConfigKeys (ConfUtils.java:logGet(43)) - raft.server.rpc.timeout.max = 5200ms (custom)
2019-09-25 06:53:04,583 [pool-57-thread-1] INFO  server.RaftServerConfigKeys (ConfUtils.java:logGet(43)) - raft.server.rpcslowness.timeout = 120s (custom)
2019-09-25 06:53:04,583 [pool-57-thread-1] INFO  server.RaftServerConfigKeys (ConfUtils.java:logGet(43)) - raft.server.sleep.deviation.threshold = 300 (default)
2019-09-25 06:53:04,583 [pool-37-thread-1] INFO  impl.RaftServerImpl (RaftServerImpl.java:start(185)) - 5a5056d2-7b18-4f20-adb1-11c9552618dc@group-D55D3DF02927: start as a follower, conf=-1: [5a5056d2-7b18-4f20-adb1-11c9552618dc:192.168.164.207:43950, 969873e8-2b3e-40d4-aa10-c4ac05c56191:192.168.164.207:38699, 8bb6bb58-9381-4956-a6ae-6423136ec2bb:192.168.164.207:33876], old=null
2019-09-25 06:53:04,583 [pool-57-thread-1] INFO  server.RaftServerConfigKeys (ConfUtils.java:logGet(43)) - raft.server.log.appender.install.snapshot.enabled = false (custom)
2019-09-25 06:53:04,583 [pool-37-thread-1] INFO  impl.RaftServerImpl (RaftServerImpl.java:setRole(174)) - 5a5056d2-7b18-4f20-adb1-11c9552618dc@group-D55D3DF02927: changes role from      null to FOLLOWER at term 0 for startAsFollower
2019-09-25 06:53:04,583 [pool-57-thread-1] INFO  impl.RaftServerImpl (ServerState.java:<init>(103)) - 8bb6bb58-9381-4956-a6ae-6423136ec2bb@group-D55D3DF02927: ConfigurationManager, init=-1: [5a5056d2-7b18-4f20-adb1-11c9552618dc:192.168.164.207:43950, 969873e8-2b3e-40d4-aa10-c4ac05c56191:192.168.164.207:38699, 8bb6bb58-9381-4956-a6ae-6423136ec2bb:192.168.164.207:33876], old=null, confs=<EMPTY_MAP>
2019-09-25 06:53:04,583 [pool-37-thread-1] INFO  impl.RoleInfo (RoleInfo.java:updateAndGet(143)) - 5a5056d2-7b18-4f20-adb1-11c9552618dc: start FollowerState
2019-09-25 06:53:04,583 [pool-57-thread-1] INFO  server.RaftServerConfigKeys (ConfUtils.java:logGet(43)) - raft.server.storage.dir = [/workdir/hadoop-ozone/tools/target/test-dir/MiniOzoneClusterImpl-33913572-8408-41c3-be5b-cf3f3bf490a2/datanode-3/data/ratis] (custom)
2019-09-25 06:53:04,583 [pool-37-thread-1] INFO  util.JmxRegister (JmxRegister.java:tryRegister(44)) - Successfully registered JMX Bean with object name Ratis:service=RaftServer,group=group-D55D3DF02927,id=5a5056d2-7b18-4f20-adb1-11c9552618dc
2019-09-25 06:53:04,584 [pool-57-thread-1] INFO  storage.RaftStorageDirectory (RaftStorageDirectory.java:analyzeStorage(246)) - The storage directory /workdir/hadoop-ozone/tools/target/test-dir/MiniOzoneClusterImpl-33913572-8408-41c3-be5b-cf3f3bf490a2/datanode-3/data/ratis/761dfa5d-47bd-4f94-b1a5-d55d3df02927 does not exist. Creating ...
 0.00% |█                                                                                                    |  0/1 Time: 0:00:142019-09-25 06:53:04,897 [Thread-220] INFO  impl.FollowerState (FollowerState.java:run(106)) - 969873e8-2b3e-40d4-aa10-c4ac05c56191:group-70A50D7F7C21 changes to CANDIDATE, lastRpcTime:5075, electionTimeout:5075ms
2019-09-25 06:53:04,899 [Thread-220] INFO  impl.RoleInfo (RoleInfo.java:shutdownFollowerState(121)) - 969873e8-2b3e-40d4-aa10-c4ac05c56191: shutdown FollowerState
2019-09-25 06:53:04,899 [Thread-220] INFO  impl.RaftServerImpl (RaftServerImpl.java:setRole(174)) - 969873e8-2b3e-40d4-aa10-c4ac05c56191@group-70A50D7F7C21: changes role from  FOLLOWER to CANDIDATE at term 0 for changeToCandidate
2019-09-25 06:53:04,902 [Thread-220] INFO  impl.RoleInfo (RoleInfo.java:updateAndGet(143)) - 969873e8-2b3e-40d4-aa10-c4ac05c56191: start LeaderElection
 0.00% |█                                                                                                    |  0/1 Time: 0:00:15 0.00% |█                                                                                                    |  0/1 Time: 0:00:162019-09-25 06:53:07,237 [RATISCREATEPIPELINE2] ERROR pipeline.RatisPipelineProvider (RatisPipelineProvider.java:lambda$null$2(181)) - Failed invoke Ratis rpc org.apache.hadoop.hdds.scm.pipeline.RatisPipelineProvider$$Lambda$179/1677073647@a32772e for 8bb6bb58-9381-4956-a6ae-6423136ec2bb
org.apache.ratis.protocol.TimeoutIOException: deadline exceeded after 2997915311ns
	at org.apache.ratis.grpc.GrpcUtil.tryUnwrapException(GrpcUtil.java:82)
	at org.apache.ratis.grpc.GrpcUtil.unwrapException(GrpcUtil.java:75)
	at org.apache.ratis.grpc.client.GrpcClientProtocolClient.blockingCall(GrpcClientProtocolClient.java:178)
	at org.apache.ratis.grpc.client.GrpcClientProtocolClient.groupAdd(GrpcClientProtocolClient.java:147)
	at org.apache.ratis.grpc.client.GrpcClientRpc.sendRequest(GrpcClientRpc.java:94)
	at org.apache.ratis.client.impl.RaftClientImpl.sendRequest(RaftClientImpl.java:278)
	at org.apache.ratis.client.impl.RaftClientImpl.groupAdd(RaftClientImpl.java:205)
	at org.apache.hadoop.hdds.scm.pipeline.RatisPipelineProvider.lambda$initializePipeline$1(RatisPipelineProvider.java:142)
	at org.apache.hadoop.hdds.scm.pipeline.RatisPipelineProvider.lambda$null$2(RatisPipelineProvider.java:177)
	at java.util.stream.ForEachOps$ForEachOp$OfRef.accept(ForEachOps.java:184)
	at java.util.ArrayList$ArrayListSpliterator.forEachRemaining(ArrayList.java:1382)
	at java.util.stream.AbstractPipeline.copyInto(AbstractPipeline.java:482)
	at java.util.stream.ForEachOps$ForEachTask.compute(ForEachOps.java:291)
	at java.util.concurrent.CountedCompleter.exec(CountedCompleter.java:731)
	at java.util.concurrent.ForkJoinTask.doExec(ForkJoinTask.java:289)
	at java.util.concurrent.ForkJoinPool$WorkQueue.runTask(ForkJoinPool.java:1056)
	at java.util.concurrent.ForkJoinPool.runWorker(ForkJoinPool.java:1692)
	at java.util.concurrent.ForkJoinWorkerThread.run(ForkJoinWorkerThread.java:157)
Caused by: org.apache.ratis.thirdparty.io.grpc.StatusRuntimeException: DEADLINE_EXCEEDED: deadline exceeded after 2997915311ns
	at org.apache.ratis.thirdparty.io.grpc.stub.ClientCalls.toStatusRuntimeException(ClientCalls.java:233)
	at org.apache.ratis.thirdparty.io.grpc.stub.ClientCalls.getUnchecked(ClientCalls.java:214)
	at org.apache.ratis.thirdparty.io.grpc.stub.ClientCalls.blockingUnaryCall(ClientCalls.java:139)
	at org.apache.ratis.proto.grpc.AdminProtocolServiceGrpc$AdminProtocolServiceBlockingStub.groupManagement(AdminProtocolServiceGrpc.java:274)
	at org.apache.ratis.grpc.client.GrpcClientProtocolClient.lambda$groupAdd$3(GrpcClientProtocolClient.java:149)
	at org.apache.ratis.grpc.client.GrpcClientProtocolClient.blockingCall(GrpcClientProtocolClient.java:176)
	... 15 more
2019-09-25 06:53:07,241 [IPC Server handler 0 on 43532] ERROR pipeline.SCMPipelineManager (SCMPipelineManager.java:createPipeline(167)) - Pipeline creation failed.
java.io.IOException: Failed invoke Ratis rpc org.apache.hadoop.hdds.scm.pipeline.RatisPipelineProvider$$Lambda$179/1677073647@a32772e for 8bb6bb58-9381-4956-a6ae-6423136ec2bb
	at org.apache.hadoop.hdds.scm.pipeline.RatisPipelineProvider.lambda$null$2(RatisPipelineProvider.java:182)
	at java.util.stream.ForEachOps$ForEachOp$OfRef.accept(ForEachOps.java:184)
	at java.util.ArrayList$ArrayListSpliterator.forEachRemaining(ArrayList.java:1382)
	at java.util.stream.AbstractPipeline.copyInto(AbstractPipeline.java:482)
	at java.util.stream.ForEachOps$ForEachTask.compute(ForEachOps.java:291)
	at java.util.concurrent.CountedCompleter.exec(CountedCompleter.java:731)
	at java.util.concurrent.ForkJoinTask.doExec(ForkJoinTask.java:289)
	at java.util.concurrent.ForkJoinPool$WorkQueue.runTask(ForkJoinPool.java:1056)
	at java.util.concurrent.ForkJoinPool.runWorker(ForkJoinPool.java:1692)
	at java.util.concurrent.ForkJoinWorkerThread.run(ForkJoinWorkerThread.java:157)
Caused by: org.apache.ratis.protocol.TimeoutIOException: deadline exceeded after 2997915311ns
	at org.apache.ratis.grpc.GrpcUtil.tryUnwrapException(GrpcUtil.java:82)
	at org.apache.ratis.grpc.GrpcUtil.unwrapException(GrpcUtil.java:75)
	at org.apache.ratis.grpc.client.GrpcClientProtocolClient.blockingCall(GrpcClientProtocolClient.java:178)
	at org.apache.ratis.grpc.client.GrpcClientProtocolClient.groupAdd(GrpcClientProtocolClient.java:147)
	at org.apache.ratis.grpc.client.GrpcClientRpc.sendRequest(GrpcClientRpc.java:94)
	at org.apache.ratis.client.impl.RaftClientImpl.sendRequest(RaftClientImpl.java:278)
	at org.apache.ratis.client.impl.RaftClientImpl.groupAdd(RaftClientImpl.java:205)
	at org.apache.hadoop.hdds.scm.pipeline.RatisPipelineProvider.lambda$initializePipeline$1(RatisPipelineProvider.java:142)
	at org.apache.hadoop.hdds.scm.pipeline.RatisPipelineProvider.lambda$null$2(RatisPipelineProvider.java:177)
	... 9 more
Caused by: org.apache.ratis.thirdparty.io.grpc.StatusRuntimeException: DEADLINE_EXCEEDED: deadline exceeded after 2997915311ns
	at org.apache.ratis.thirdparty.io.grpc.stub.ClientCalls.toStatusRuntimeException(ClientCalls.java:233)
	at org.apache.ratis.thirdparty.io.grpc.stub.ClientCalls.getUnchecked(ClientCalls.java:214)
	at org.apache.ratis.thirdparty.io.grpc.stub.ClientCalls.blockingUnaryCall(ClientCalls.java:139)
	at org.apache.ratis.proto.grpc.AdminProtocolServiceGrpc$AdminProtocolServiceBlockingStub.groupManagement(AdminProtocolServiceGrpc.java:274)
	at org.apache.ratis.grpc.client.GrpcClientProtocolClient.lambda$groupAdd$3(GrpcClientProtocolClient.java:149)
	at org.apache.ratis.grpc.client.GrpcClientProtocolClient.blockingCall(GrpcClientProtocolClient.java:176)
	... 15 more
2019-09-25 06:53:07,242 [IPC Server handler 0 on 43532] WARN  block.BlockManagerImpl (BlockManagerImpl.java:allocateBlock(192)) - Pipeline creation failed for type:RATIS factor:THREE. Retrying get pipelines call once.
java.io.IOException: Failed invoke Ratis rpc org.apache.hadoop.hdds.scm.pipeline.RatisPipelineProvider$$Lambda$179/1677073647@a32772e for 8bb6bb58-9381-4956-a6ae-6423136ec2bb
	at org.apache.hadoop.hdds.scm.pipeline.RatisPipelineProvider.lambda$null$2(RatisPipelineProvider.java:182)
	at java.util.stream.ForEachOps$ForEachOp$OfRef.accept(ForEachOps.java:184)
	at java.util.ArrayList$ArrayListSpliterator.forEachRemaining(ArrayList.java:1382)
	at java.util.stream.AbstractPipeline.copyInto(AbstractPipeline.java:482)
	at java.util.stream.ForEachOps$ForEachTask.compute(ForEachOps.java:291)
	at java.util.concurrent.CountedCompleter.exec(CountedCompleter.java:731)
	at java.util.concurrent.ForkJoinTask.doExec(ForkJoinTask.java:289)
	at java.util.concurrent.ForkJoinPool$WorkQueue.runTask(ForkJoinPool.java:1056)
	at java.util.concurrent.ForkJoinPool.runWorker(ForkJoinPool.java:1692)
	at java.util.concurrent.ForkJoinWorkerThread.run(ForkJoinWorkerThread.java:157)
Caused by: org.apache.ratis.protocol.TimeoutIOException: deadline exceeded after 2997915311ns
	at org.apache.ratis.grpc.GrpcUtil.tryUnwrapException(GrpcUtil.java:82)
	at org.apache.ratis.grpc.GrpcUtil.unwrapException(GrpcUtil.java:75)
	at org.apache.ratis.grpc.client.GrpcClientProtocolClient.blockingCall(GrpcClientProtocolClient.java:178)
	at org.apache.ratis.grpc.client.GrpcClientProtocolClient.groupAdd(GrpcClientProtocolClient.java:147)
	at org.apache.ratis.grpc.client.GrpcClientRpc.sendRequest(GrpcClientRpc.java:94)
	at org.apache.ratis.client.impl.RaftClientImpl.sendRequest(RaftClientImpl.java:278)
	at org.apache.ratis.client.impl.RaftClientImpl.groupAdd(RaftClientImpl.java:205)
	at org.apache.hadoop.hdds.scm.pipeline.RatisPipelineProvider.lambda$initializePipeline$1(RatisPipelineProvider.java:142)
	at org.apache.hadoop.hdds.scm.pipeline.RatisPipelineProvider.lambda$null$2(RatisPipelineProvider.java:177)
	... 9 more
Caused by: org.apache.ratis.thirdparty.io.grpc.StatusRuntimeException: DEADLINE_EXCEEDED: deadline exceeded after 2997915311ns
	at org.apache.ratis.thirdparty.io.grpc.stub.ClientCalls.toStatusRuntimeException(ClientCalls.java:233)
	at org.apache.ratis.thirdparty.io.grpc.stub.ClientCalls.getUnchecked(ClientCalls.java:214)
	at org.apache.ratis.thirdparty.io.grpc.stub.ClientCalls.blockingUnaryCall(ClientCalls.java:139)
	at org.apache.ratis.proto.grpc.AdminProtocolServiceGrpc$AdminProtocolServiceBlockingStub.groupManagement(AdminProtocolServiceGrpc.java:274)
	at org.apache.ratis.grpc.client.GrpcClientProtocolClient.lambda$groupAdd$3(GrpcClientProtocolClient.java:149)
	at org.apache.ratis.grpc.client.GrpcClientProtocolClient.blockingCall(GrpcClientProtocolClient.java:176)
	... 15 more
2019-09-25 06:53:07,243 [IPC Server handler 0 on 43532] INFO  block.BlockManagerImpl (BlockManagerImpl.java:allocateBlock(198)) - Could not find available pipeline of type:RATIS and factor:THREE even after retrying
2019-09-25 06:53:07,243 [IPC Server handler 0 on 43532] ERROR block.BlockManagerImpl (BlockManagerImpl.java:allocateBlock(222)) - Unable to allocate a block for the size: 4194304, type: RATIS, factor: THREE
2019-09-25 06:53:07,267 [grpc-default-executor-0] INFO  impl.RaftServerProxy (RaftServerProxy.java:addNew(89)) - 969873e8-2b3e-40d4-aa10-c4ac05c56191: addNew group-84761A752843:[5a5056d2-7b18-4f20-adb1-11c9552618dc:192.168.164.207:43950, 969873e8-2b3e-40d4-aa10-c4ac05c56191:192.168.164.207:38699, cb5f3901-e038-4412-8de0-2ef7bd4db2f0:192.168.164.207:45317] returns group-84761A752843:java.util.concurrent.CompletableFuture@1ce320e0[Not completed]
2019-09-25 06:53:07,267 [grpc-default-executor-3] INFO  impl.RaftServerProxy (RaftServerProxy.java:addNew(89)) - 5a5056d2-7b18-4f20-adb1-11c9552618dc: addNew group-84761A752843:[5a5056d2-7b18-4f20-adb1-11c9552618dc:192.168.164.207:43950, 969873e8-2b3e-40d4-aa10-c4ac05c56191:192.168.164.207:38699, cb5f3901-e038-4412-8de0-2ef7bd4db2f0:192.168.164.207:45317] returns group-84761A752843:java.util.concurrent.CompletableFuture@393b9f30[Not completed]
2019-09-25 06:53:07,270 [grpc-default-executor-3] INFO  impl.RaftServerProxy (RaftServerProxy.java:addNew(89)) - cb5f3901-e038-4412-8de0-2ef7bd4db2f0: addNew group-84761A752843:[5a5056d2-7b18-4f20-adb1-11c9552618dc:192.168.164.207:43950, 969873e8-2b3e-40d4-aa10-c4ac05c56191:192.168.164.207:38699, cb5f3901-e038-4412-8de0-2ef7bd4db2f0:192.168.164.207:45317] returns group-84761A752843:java.util.concurrent.CompletableFuture@31641e2a[Not completed]
2019-09-25 06:53:07,270 [pool-47-thread-1] INFO  impl.RaftServerImpl (RaftServerImpl.java:<init>(95)) - 969873e8-2b3e-40d4-aa10-c4ac05c56191: new RaftServerImpl for group-84761A752843:[5a5056d2-7b18-4f20-adb1-11c9552618dc:192.168.164.207:43950, 969873e8-2b3e-40d4-aa10-c4ac05c56191:192.168.164.207:38699, cb5f3901-e038-4412-8de0-2ef7bd4db2f0:192.168.164.207:45317] with ContainerStateMachine:uninitialized
2019-09-25 06:53:07,270 [pool-47-thread-1] INFO  server.RaftServerConfigKeys (ConfUtils.java:logGet(43)) - raft.server.rpc.timeout.min = 5s (custom)
2019-09-25 06:53:07,271 [pool-47-thread-1] INFO  server.RaftServerConfigKeys (ConfUtils.java:logGet(43)) - raft.server.rpc.timeout.max = 5200ms (custom)
2019-09-25 06:53:07,271 [pool-47-thread-1] INFO  server.RaftServerConfigKeys (ConfUtils.java:logGet(43)) - raft.server.rpcslowness.timeout = 120s (custom)
2019-09-25 06:53:07,271 [pool-47-thread-1] INFO  server.RaftServerConfigKeys (ConfUtils.java:logGet(43)) - raft.server.sleep.deviation.threshold = 300 (default)
2019-09-25 06:53:07,271 [pool-47-thread-1] INFO  server.RaftServerConfigKeys (ConfUtils.java:logGet(43)) - raft.server.log.appender.install.snapshot.enabled = false (custom)
2019-09-25 06:53:07,271 [pool-47-thread-1] INFO  impl.RaftServerImpl (ServerState.java:<init>(103)) - 969873e8-2b3e-40d4-aa10-c4ac05c56191@group-84761A752843: ConfigurationManager, init=-1: [5a5056d2-7b18-4f20-adb1-11c9552618dc:192.168.164.207:43950, 969873e8-2b3e-40d4-aa10-c4ac05c56191:192.168.164.207:38699, cb5f3901-e038-4412-8de0-2ef7bd4db2f0:192.168.164.207:45317], old=null, confs=<EMPTY_MAP>
2019-09-25 06:53:07,271 [pool-47-thread-1] INFO  server.RaftServerConfigKeys (ConfUtils.java:logGet(43)) - raft.server.storage.dir = [/workdir/hadoop-ozone/tools/target/test-dir/MiniOzoneClusterImpl-33913572-8408-41c3-be5b-cf3f3bf490a2/datanode-2/data/ratis] (custom)
2019-09-25 06:53:07,272 [pool-47-thread-1] INFO  storage.RaftStorageDirectory (RaftStorageDirectory.java:analyzeStorage(246)) - The storage directory /workdir/hadoop-ozone/tools/target/test-dir/MiniOzoneClusterImpl-33913572-8408-41c3-be5b-cf3f3bf490a2/datanode-2/data/ratis/31e4e08d-5141-4895-8b5d-84761a752843 does not exist. Creating ...
2019-09-25 06:53:07,272 [pool-37-thread-1] INFO  impl.RaftServerImpl (RaftServerImpl.java:<init>(95)) - 5a5056d2-7b18-4f20-adb1-11c9552618dc: new RaftServerImpl for group-84761A752843:[5a5056d2-7b18-4f20-adb1-11c9552618dc:192.168.164.207:43950, 969873e8-2b3e-40d4-aa10-c4ac05c56191:192.168.164.207:38699, cb5f3901-e038-4412-8de0-2ef7bd4db2f0:192.168.164.207:45317] with ContainerStateMachine:uninitialized
2019-09-25 06:53:07,272 [pool-37-thread-1] INFO  server.RaftServerConfigKeys (ConfUtils.java:logGet(43)) - raft.server.rpc.timeout.min = 5s (custom)
2019-09-25 06:53:07,272 [pool-37-thread-1] INFO  server.RaftServerConfigKeys (ConfUtils.java:logGet(43)) - raft.server.rpc.timeout.max = 5200ms (custom)
2019-09-25 06:53:07,272 [pool-67-thread-1] INFO  impl.RaftServerImpl (RaftServerImpl.java:<init>(95)) - cb5f3901-e038-4412-8de0-2ef7bd4db2f0: new RaftServerImpl for group-84761A752843:[5a5056d2-7b18-4f20-adb1-11c9552618dc:192.168.164.207:43950, 969873e8-2b3e-40d4-aa10-c4ac05c56191:192.168.164.207:38699, cb5f3901-e038-4412-8de0-2ef7bd4db2f0:192.168.164.207:45317] with ContainerStateMachine:uninitialized
2019-09-25 06:53:07,272 [pool-37-thread-1] INFO  server.RaftServerConfigKeys (ConfUtils.java:logGet(43)) - raft.server.rpcslowness.timeout = 120s (custom)
2019-09-25 06:53:07,272 [pool-67-thread-1] INFO  server.RaftServerConfigKeys (ConfUtils.java:logGet(43)) - raft.server.rpc.timeout.min = 5s (custom)
2019-09-25 06:53:07,273 [pool-37-thread-1] INFO  server.RaftServerConfigKeys (ConfUtils.java:logGet(43)) - raft.server.sleep.deviation.threshold = 300 (default)
2019-09-25 06:53:07,273 [pool-67-thread-1] INFO  server.RaftServerConfigKeys (ConfUtils.java:logGet(43)) - raft.server.rpc.timeout.max = 5200ms (custom)
2019-09-25 06:53:07,273 [pool-37-thread-1] INFO  server.RaftServerConfigKeys (ConfUtils.java:logGet(43)) - raft.server.log.appender.install.snapshot.enabled = false (custom)
2019-09-25 06:53:07,273 [pool-67-thread-1] INFO  server.RaftServerConfigKeys (ConfUtils.java:logGet(43)) - raft.server.rpcslowness.timeout = 120s (custom)
2019-09-25 06:53:07,273 [pool-37-thread-1] INFO  impl.RaftServerImpl (ServerState.java:<init>(103)) - 5a5056d2-7b18-4f20-adb1-11c9552618dc@group-84761A752843: ConfigurationManager, init=-1: [5a5056d2-7b18-4f20-adb1-11c9552618dc:192.168.164.207:43950, 969873e8-2b3e-40d4-aa10-c4ac05c56191:192.168.164.207:38699, cb5f3901-e038-4412-8de0-2ef7bd4db2f0:192.168.164.207:45317], old=null, confs=<EMPTY_MAP>
2019-09-25 06:53:07,273 [pool-67-thread-1] INFO  server.RaftServerConfigKeys (ConfUtils.java:logGet(43)) - raft.server.sleep.deviation.threshold = 300 (default)
2019-09-25 06:53:07,273 [pool-37-thread-1] INFO  server.RaftServerConfigKeys (ConfUtils.java:logGet(43)) - raft.server.storage.dir = [/workdir/hadoop-ozone/tools/target/test-dir/MiniOzoneClusterImpl-33913572-8408-41c3-be5b-cf3f3bf490a2/datanode-1/data/ratis] (custom)
2019-09-25 06:53:07,273 [pool-67-thread-1] INFO  server.RaftServerConfigKeys (ConfUtils.java:logGet(43)) - raft.server.log.appender.install.snapshot.enabled = false (custom)
2019-09-25 06:53:07,274 [pool-67-thread-1] INFO  impl.RaftServerImpl (ServerState.java:<init>(103)) - cb5f3901-e038-4412-8de0-2ef7bd4db2f0@group-84761A752843: ConfigurationManager, init=-1: [5a5056d2-7b18-4f20-adb1-11c9552618dc:192.168.164.207:43950, 969873e8-2b3e-40d4-aa10-c4ac05c56191:192.168.164.207:38699, cb5f3901-e038-4412-8de0-2ef7bd4db2f0:192.168.164.207:45317], old=null, confs=<EMPTY_MAP>
2019-09-25 06:53:07,274 [pool-67-thread-1] INFO  server.RaftServerConfigKeys (ConfUtils.java:logGet(43)) - raft.server.storage.dir = [/workdir/hadoop-ozone/tools/target/test-dir/MiniOzoneClusterImpl-33913572-8408-41c3-be5b-cf3f3bf490a2/datanode-4/data/ratis] (custom)
2019-09-25 06:53:07,274 [pool-37-thread-1] INFO  storage.RaftStorageDirectory (RaftStorageDirectory.java:analyzeStorage(246)) - The storage directory /workdir/hadoop-ozone/tools/target/test-dir/MiniOzoneClusterImpl-33913572-8408-41c3-be5b-cf3f3bf490a2/datanode-1/data/ratis/31e4e08d-5141-4895-8b5d-84761a752843 does not exist. Creating ...
2019-09-25 06:53:07,274 [pool-67-thread-1] INFO  storage.RaftStorageDirectory (RaftStorageDirectory.java:analyzeStorage(246)) - The storage directory /workdir/hadoop-ozone/tools/target/test-dir/MiniOzoneClusterImpl-33913572-8408-41c3-be5b-cf3f3bf490a2/datanode-4/data/ratis/31e4e08d-5141-4895-8b5d-84761a752843 does not exist. Creating ...
 0.00% |█                                                                                                    |  0/1 Time: 0:00:17 0.00% |█                                                                                                    |  0/1 Time: 0:00:182019-09-25 06:53:09,593 [Thread-236] INFO  impl.FollowerState (FollowerState.java:run(106)) - cb5f3901-e038-4412-8de0-2ef7bd4db2f0:group-0E915855ECBA changes to CANDIDATE, lastRpcTime:5028, electionTimeout:5028ms
2019-09-25 06:53:09,596 [Thread-236] INFO  impl.RoleInfo (RoleInfo.java:shutdownFollowerState(121)) - cb5f3901-e038-4412-8de0-2ef7bd4db2f0: shutdown FollowerState
2019-09-25 06:53:09,596 [Thread-236] INFO  impl.RaftServerImpl (RaftServerImpl.java:setRole(174)) - cb5f3901-e038-4412-8de0-2ef7bd4db2f0@group-0E915855ECBA: changes role from  FOLLOWER to CANDIDATE at term 0 for changeToCandidate
2019-09-25 06:53:09,596 [Thread-236] INFO  impl.RoleInfo (RoleInfo.java:updateAndGet(143)) - cb5f3901-e038-4412-8de0-2ef7bd4db2f0: start LeaderElection
2019-09-25 06:53:09,600 [Thread-249] INFO  impl.FollowerState (FollowerState.java:run(106)) - 5a5056d2-7b18-4f20-adb1-11c9552618dc:group-D55D3DF02927 changes to CANDIDATE, lastRpcTime:5016, electionTimeout:5015ms
2019-09-25 06:53:09,600 [Thread-249] INFO  impl.RoleInfo (RoleInfo.java:shutdownFollowerState(121)) - 5a5056d2-7b18-4f20-adb1-11c9552618dc: shutdown FollowerState
2019-09-25 06:53:09,600 [Thread-249] INFO  impl.RaftServerImpl (RaftServerImpl.java:setRole(174)) - 5a5056d2-7b18-4f20-adb1-11c9552618dc@group-D55D3DF02927: changes role from  FOLLOWER to CANDIDATE at term 0 for changeToCandidate
2019-09-25 06:53:09,600 [Thread-249] INFO  impl.RoleInfo (RoleInfo.java:updateAndGet(143)) - 5a5056d2-7b18-4f20-adb1-11c9552618dc: start LeaderElection
2019-09-25 06:53:09,627 [Thread-247] INFO  impl.FollowerState (FollowerState.java:run(106)) - 5a5056d2-7b18-4f20-adb1-11c9552618dc:group-02BB0EF91B90 changes to CANDIDATE, lastRpcTime:5044, electionTimeout:5044ms
2019-09-25 06:53:09,627 [Thread-247] INFO  impl.RoleInfo (RoleInfo.java:shutdownFollowerState(121)) - 5a5056d2-7b18-4f20-adb1-11c9552618dc: shutdown FollowerState
2019-09-25 06:53:09,627 [Thread-247] INFO  impl.RaftServerImpl (RaftServerImpl.java:setRole(174)) - 5a5056d2-7b18-4f20-adb1-11c9552618dc@group-02BB0EF91B90: changes role from  FOLLOWER to CANDIDATE at term 0 for changeToCandidate
2019-09-25 06:53:09,627 [Thread-247] INFO  impl.RoleInfo (RoleInfo.java:updateAndGet(143)) - 5a5056d2-7b18-4f20-adb1-11c9552618dc: start LeaderElection
2019-09-25 06:53:09,631 [Thread-227] INFO  impl.FollowerState (FollowerState.java:run(106)) - 969873e8-2b3e-40d4-aa10-c4ac05c56191:group-D55D3DF02927 changes to CANDIDATE, lastRpcTime:5091, electionTimeout:5091ms
2019-09-25 06:53:09,631 [Thread-227] INFO  impl.RoleInfo (RoleInfo.java:shutdownFollowerState(121)) - 969873e8-2b3e-40d4-aa10-c4ac05c56191: shutdown FollowerState
2019-09-25 06:53:09,632 [Thread-227] INFO  impl.RaftServerImpl (RaftServerImpl.java:setRole(174)) - 969873e8-2b3e-40d4-aa10-c4ac05c56191@group-D55D3DF02927: changes role from  FOLLOWER to CANDIDATE at term 0 for changeToCandidate
2019-09-25 06:53:09,632 [Thread-227] INFO  impl.RoleInfo (RoleInfo.java:updateAndGet(143)) - 969873e8-2b3e-40d4-aa10-c4ac05c56191: start LeaderElection
2019-09-25 06:53:09,638 [Thread-230] INFO  impl.FollowerState (FollowerState.java:run(106)) - 39e8fa34-752e-4a48-ab6f-88eb3aeadb82:group-AFA10B35203C changes to CANDIDATE, lastRpcTime:5095, electionTimeout:5094ms
2019-09-25 06:53:09,638 [Thread-230] INFO  impl.RoleInfo (RoleInfo.java:shutdownFollowerState(121)) - 39e8fa34-752e-4a48-ab6f-88eb3aeadb82: shutdown FollowerState
2019-09-25 06:53:09,638 [Thread-230] INFO  impl.RaftServerImpl (RaftServerImpl.java:setRole(174)) - 39e8fa34-752e-4a48-ab6f-88eb3aeadb82@group-AFA10B35203C: changes role from  FOLLOWER to CANDIDATE at term 0 for changeToCandidate
2019-09-25 06:53:09,638 [Thread-230] INFO  impl.RoleInfo (RoleInfo.java:updateAndGet(143)) - 39e8fa34-752e-4a48-ab6f-88eb3aeadb82: start LeaderElection
2019-09-25 06:53:09,660 [Thread-245] INFO  impl.FollowerState (FollowerState.java:run(106)) - 39e8fa34-752e-4a48-ab6f-88eb3aeadb82:group-E6D9B372AB49 changes to CANDIDATE, lastRpcTime:5079, electionTimeout:5079ms
2019-09-25 06:53:09,660 [Thread-245] INFO  impl.RoleInfo (RoleInfo.java:shutdownFollowerState(121)) - 39e8fa34-752e-4a48-ab6f-88eb3aeadb82: shutdown FollowerState
2019-09-25 06:53:09,660 [Thread-245] INFO  impl.RaftServerImpl (RaftServerImpl.java:setRole(174)) - 39e8fa34-752e-4a48-ab6f-88eb3aeadb82@group-E6D9B372AB49: changes role from  FOLLOWER to CANDIDATE at term 0 for changeToCandidate
2019-09-25 06:53:09,660 [Thread-245] INFO  impl.RoleInfo (RoleInfo.java:updateAndGet(143)) - 39e8fa34-752e-4a48-ab6f-88eb3aeadb82: start LeaderElection
2019-09-25 06:53:09,681 [Thread-242] INFO  impl.FollowerState (FollowerState.java:run(106)) - 39e8fa34-752e-4a48-ab6f-88eb3aeadb82:group-02BB0EF91B90 changes to CANDIDATE, lastRpcTime:5101, electionTimeout:5101ms
2019-09-25 06:53:09,681 [Thread-242] INFO  impl.RoleInfo (RoleInfo.java:shutdownFollowerState(121)) - 39e8fa34-752e-4a48-ab6f-88eb3aeadb82: shutdown FollowerState
2019-09-25 06:53:09,681 [Thread-242] INFO  impl.RaftServerImpl (RaftServerImpl.java:setRole(174)) - 39e8fa34-752e-4a48-ab6f-88eb3aeadb82@group-02BB0EF91B90: changes role from  FOLLOWER to CANDIDATE at term 0 for changeToCandidate
2019-09-25 06:53:09,682 [Thread-242] INFO  impl.RoleInfo (RoleInfo.java:updateAndGet(143)) - 39e8fa34-752e-4a48-ab6f-88eb3aeadb82: start LeaderElection
2019-09-25 06:53:09,684 [Thread-228] INFO  impl.FollowerState (FollowerState.java:run(106)) - 8bb6bb58-9381-4956-a6ae-6423136ec2bb:group-70A50D7F7C21 changes to CANDIDATE, lastRpcTime:5144, electionTimeout:5141ms
2019-09-25 06:53:09,685 [Thread-228] INFO  impl.RoleInfo (RoleInfo.java:shutdownFollowerState(121)) - 8bb6bb58-9381-4956-a6ae-6423136ec2bb: shutdown FollowerState
2019-09-25 06:53:09,685 [Thread-228] INFO  impl.RaftServerImpl (RaftServerImpl.java:setRole(174)) - 8bb6bb58-9381-4956-a6ae-6423136ec2bb@group-70A50D7F7C21: changes role from  FOLLOWER to CANDIDATE at term 0 for changeToCandidate
2019-09-25 06:53:09,685 [Thread-228] INFO  impl.RoleInfo (RoleInfo.java:updateAndGet(143)) - 8bb6bb58-9381-4956-a6ae-6423136ec2bb: start LeaderElection
2019-09-25 06:53:09,727 [Thread-231] INFO  impl.FollowerState (FollowerState.java:run(106)) - 5a5056d2-7b18-4f20-adb1-11c9552618dc:group-70A50D7F7C21 changes to CANDIDATE, lastRpcTime:5182, electionTimeout:5182ms
2019-09-25 06:53:09,727 [Thread-231] INFO  impl.RoleInfo (RoleInfo.java:shutdownFollowerState(121)) - 5a5056d2-7b18-4f20-adb1-11c9552618dc: shutdown FollowerState
2019-09-25 06:53:09,727 [Thread-231] INFO  impl.RaftServerImpl (RaftServerImpl.java:setRole(174)) - 5a5056d2-7b18-4f20-adb1-11c9552618dc@group-70A50D7F7C21: changes role from  FOLLOWER to CANDIDATE at term 0 for changeToCandidate
2019-09-25 06:53:09,727 [Thread-231] INFO  impl.RoleInfo (RoleInfo.java:updateAndGet(143)) - 5a5056d2-7b18-4f20-adb1-11c9552618dc: start LeaderElection
2019-09-25 06:53:09,741 [Thread-238] INFO  impl.FollowerState (FollowerState.java:run(106)) - cb5f3901-e038-4412-8de0-2ef7bd4db2f0:group-E6D9B372AB49 changes to CANDIDATE, lastRpcTime:5175, electionTimeout:5175ms
2019-09-25 06:53:09,741 [Thread-238] INFO  impl.RoleInfo (RoleInfo.java:shutdownFollowerState(121)) - cb5f3901-e038-4412-8de0-2ef7bd4db2f0: shutdown FollowerState
2019-09-25 06:53:09,741 [Thread-238] INFO  impl.RaftServerImpl (RaftServerImpl.java:setRole(174)) - cb5f3901-e038-4412-8de0-2ef7bd4db2f0@group-E6D9B372AB49: changes role from  FOLLOWER to CANDIDATE at term 0 for changeToCandidate
2019-09-25 06:53:09,741 [Thread-238] INFO  impl.RoleInfo (RoleInfo.java:updateAndGet(143)) - cb5f3901-e038-4412-8de0-2ef7bd4db2f0: start LeaderElection
2019-09-25 06:53:09,838 [pool-57-thread-1] INFO  storage.RaftStorageDirectory (RaftStorageDirectory.java:tryLock(328)) - Lock on /workdir/hadoop-ozone/tools/target/test-dir/MiniOzoneClusterImpl-33913572-8408-41c3-be5b-cf3f3bf490a2/datanode-3/data/ratis/761dfa5d-47bd-4f94-b1a5-d55d3df02927/in_use.lock acquired by nodename 25784@pr-hdds-1569-s44lr-3492059363
 0.00% |█                                                                                                    |  0/1 Time: 0:00:192019-09-25 06:53:09,958 [pool-37-thread-1] INFO  storage.RaftStorageDirectory (RaftStorageDirectory.java:tryLock(328)) - Lock on /workdir/hadoop-ozone/tools/target/test-dir/MiniOzoneClusterImpl-33913572-8408-41c3-be5b-cf3f3bf490a2/datanode-1/data/ratis/31e4e08d-5141-4895-8b5d-84761a752843/in_use.lock acquired by nodename 25784@pr-hdds-1569-s44lr-3492059363
2019-09-25 06:53:09,958 [pool-47-thread-1] INFO  storage.RaftStorageDirectory (RaftStorageDirectory.java:tryLock(328)) - Lock on /workdir/hadoop-ozone/tools/target/test-dir/MiniOzoneClusterImpl-33913572-8408-41c3-be5b-cf3f3bf490a2/datanode-2/data/ratis/31e4e08d-5141-4895-8b5d-84761a752843/in_use.lock acquired by nodename 25784@pr-hdds-1569-s44lr-3492059363
2019-09-25 06:53:09,958 [pool-67-thread-1] INFO  storage.RaftStorageDirectory (RaftStorageDirectory.java:tryLock(328)) - Lock on /workdir/hadoop-ozone/tools/target/test-dir/MiniOzoneClusterImpl-33913572-8408-41c3-be5b-cf3f3bf490a2/datanode-4/data/ratis/31e4e08d-5141-4895-8b5d-84761a752843/in_use.lock acquired by nodename 25784@pr-hdds-1569-s44lr-3492059363
2019-09-25 06:53:09,959 [39e8fa34-752e-4a48-ab6f-88eb3aeadb82@group-AFA10B35203C:LeaderElection6] INFO  impl.LeaderElection (LeaderElection.java:askForVotes(182)) - 39e8fa34-752e-4a48-ab6f-88eb3aeadb82@group-AFA10B35203C:LeaderElection6: begin an election at term 1 for -1: [39e8fa34-752e-4a48-ab6f-88eb3aeadb82:192.168.164.207:36023], old=null
2019-09-25 06:53:09,959 [5a5056d2-7b18-4f20-adb1-11c9552618dc@group-02BB0EF91B90:LeaderElection4] INFO  impl.LeaderElection (LeaderElection.java:askForVotes(182)) - 5a5056d2-7b18-4f20-adb1-11c9552618dc@group-02BB0EF91B90:LeaderElection4: begin an election at term 1 for -1: [5a5056d2-7b18-4f20-adb1-11c9552618dc:192.168.164.207:43950, 39e8fa34-752e-4a48-ab6f-88eb3aeadb82:192.168.164.207:36023, 8bb6bb58-9381-4956-a6ae-6423136ec2bb:192.168.164.207:33876], old=null
2019-09-25 06:53:09,959 [5a5056d2-7b18-4f20-adb1-11c9552618dc@group-D55D3DF02927:LeaderElection3] INFO  impl.LeaderElection (LeaderElection.java:askForVotes(182)) - 5a5056d2-7b18-4f20-adb1-11c9552618dc@group-D55D3DF02927:LeaderElection3: begin an election at term 1 for -1: [5a5056d2-7b18-4f20-adb1-11c9552618dc:192.168.164.207:43950, 969873e8-2b3e-40d4-aa10-c4ac05c56191:192.168.164.207:38699, 8bb6bb58-9381-4956-a6ae-6423136ec2bb:192.168.164.207:33876], old=null
2019-09-25 06:53:09,959 [39e8fa34-752e-4a48-ab6f-88eb3aeadb82@group-02BB0EF91B90:LeaderElection8] INFO  impl.LeaderElection (LeaderElection.java:askForVotes(182)) - 39e8fa34-752e-4a48-ab6f-88eb3aeadb82@group-02BB0EF91B90:LeaderElection8: begin an election at term 1 for -1: [5a5056d2-7b18-4f20-adb1-11c9552618dc:192.168.164.207:43950, 39e8fa34-752e-4a48-ab6f-88eb3aeadb82:192.168.164.207:36023, 8bb6bb58-9381-4956-a6ae-6423136ec2bb:192.168.164.207:33876], old=null
2019-09-25 06:53:09,959 [cb5f3901-e038-4412-8de0-2ef7bd4db2f0@group-E6D9B372AB49:LeaderElection11] INFO  impl.LeaderElection (LeaderElection.java:askForVotes(182)) - cb5f3901-e038-4412-8de0-2ef7bd4db2f0@group-E6D9B372AB49:LeaderElection11: begin an election at term 1 for -1: [39e8fa34-752e-4a48-ab6f-88eb3aeadb82:192.168.164.207:36023, 8bb6bb58-9381-4956-a6ae-6423136ec2bb:192.168.164.207:33876, cb5f3901-e038-4412-8de0-2ef7bd4db2f0:192.168.164.207:45317], old=null
2019-09-25 06:53:09,959 [cb5f3901-e038-4412-8de0-2ef7bd4db2f0@group-0E915855ECBA:LeaderElection2] INFO  impl.LeaderElection (LeaderElection.java:askForVotes(182)) - cb5f3901-e038-4412-8de0-2ef7bd4db2f0@group-0E915855ECBA:LeaderElection2: begin an election at term 1 for -1: [cb5f3901-e038-4412-8de0-2ef7bd4db2f0:192.168.164.207:45317], old=null
2019-09-25 06:53:09,959 [39e8fa34-752e-4a48-ab6f-88eb3aeadb82@group-E6D9B372AB49:LeaderElection7] INFO  impl.LeaderElection (LeaderElection.java:askForVotes(182)) - 39e8fa34-752e-4a48-ab6f-88eb3aeadb82@group-E6D9B372AB49:LeaderElection7: begin an election at term 1 for -1: [39e8fa34-752e-4a48-ab6f-88eb3aeadb82:192.168.164.207:36023, 8bb6bb58-9381-4956-a6ae-6423136ec2bb:192.168.164.207:33876, cb5f3901-e038-4412-8de0-2ef7bd4db2f0:192.168.164.207:45317], old=null
2019-09-25 06:53:09,959 [969873e8-2b3e-40d4-aa10-c4ac05c56191@group-70A50D7F7C21:LeaderElection1] INFO  impl.LeaderElection (LeaderElection.java:askForVotes(182)) - 969873e8-2b3e-40d4-aa10-c4ac05c56191@group-70A50D7F7C21:LeaderElection1: begin an election at term 1 for -1: [5a5056d2-7b18-4f20-adb1-11c9552618dc:192.168.164.207:43950, 969873e8-2b3e-40d4-aa10-c4ac05c56191:192.168.164.207:38699, 8bb6bb58-9381-4956-a6ae-6423136ec2bb:192.168.164.207:33876], old=null
2019-09-25 06:53:09,959 [8bb6bb58-9381-4956-a6ae-6423136ec2bb@group-70A50D7F7C21:LeaderElection9] INFO  impl.LeaderElection (LeaderElection.java:askForVotes(182)) - 8bb6bb58-9381-4956-a6ae-6423136ec2bb@group-70A50D7F7C21:LeaderElection9: begin an election at term 1 for -1: [5a5056d2-7b18-4f20-adb1-11c9552618dc:192.168.164.207:43950, 969873e8-2b3e-40d4-aa10-c4ac05c56191:192.168.164.207:38699, 8bb6bb58-9381-4956-a6ae-6423136ec2bb:192.168.164.207:33876], old=null
2019-09-25 06:53:09,961 [5a5056d2-7b18-4f20-adb1-11c9552618dc@group-70A50D7F7C21:LeaderElection10] INFO  impl.LeaderElection (LeaderElection.java:askForVotes(182)) - 5a5056d2-7b18-4f20-adb1-11c9552618dc@group-70A50D7F7C21:LeaderElection10: begin an election at term 1 for -1: [5a5056d2-7b18-4f20-adb1-11c9552618dc:192.168.164.207:43950, 969873e8-2b3e-40d4-aa10-c4ac05c56191:192.168.164.207:38699, 8bb6bb58-9381-4956-a6ae-6423136ec2bb:192.168.164.207:33876], old=null
2019-09-25 06:53:09,961 [969873e8-2b3e-40d4-aa10-c4ac05c56191@group-D55D3DF02927:LeaderElection5] INFO  impl.LeaderElection (LeaderElection.java:askForVotes(182)) - 969873e8-2b3e-40d4-aa10-c4ac05c56191@group-D55D3DF02927:LeaderElection5: begin an election at term 1 for -1: [5a5056d2-7b18-4f20-adb1-11c9552618dc:192.168.164.207:43950, 969873e8-2b3e-40d4-aa10-c4ac05c56191:192.168.164.207:38699, 8bb6bb58-9381-4956-a6ae-6423136ec2bb:192.168.164.207:33876], old=null
2019-09-25 06:53:09,964 [39e8fa34-752e-4a48-ab6f-88eb3aeadb82@group-AFA10B35203C:LeaderElection6] INFO  impl.RoleInfo (RoleInfo.java:shutdownLeaderElection(134)) - 39e8fa34-752e-4a48-ab6f-88eb3aeadb82: shutdown LeaderElection
2019-09-25 06:53:09,964 [cb5f3901-e038-4412-8de0-2ef7bd4db2f0@group-0E915855ECBA:LeaderElection2] INFO  impl.RoleInfo (RoleInfo.java:shutdownLeaderElection(134)) - cb5f3901-e038-4412-8de0-2ef7bd4db2f0: shutdown LeaderElection
2019-09-25 06:53:09,965 [cb5f3901-e038-4412-8de0-2ef7bd4db2f0@group-0E915855ECBA:LeaderElection2] INFO  impl.RaftServerImpl (RaftServerImpl.java:setRole(174)) - cb5f3901-e038-4412-8de0-2ef7bd4db2f0@group-0E915855ECBA: changes role from CANDIDATE to LEADER at term 1 for changeToLeader
2019-09-25 06:53:09,965 [39e8fa34-752e-4a48-ab6f-88eb3aeadb82@group-AFA10B35203C:LeaderElection6] INFO  impl.RaftServerImpl (RaftServerImpl.java:setRole(174)) - 39e8fa34-752e-4a48-ab6f-88eb3aeadb82@group-AFA10B35203C: changes role from CANDIDATE to LEADER at term 1 for changeToLeader
2019-09-25 06:53:09,965 [cb5f3901-e038-4412-8de0-2ef7bd4db2f0@group-0E915855ECBA:LeaderElection2] INFO  impl.RaftServerImpl (ServerState.java:setLeader(253)) - cb5f3901-e038-4412-8de0-2ef7bd4db2f0@group-0E915855ECBA: change Leader from null to cb5f3901-e038-4412-8de0-2ef7bd4db2f0 at term 1 for becomeLeader, leader elected after 5451ms
2019-09-25 06:53:09,965 [39e8fa34-752e-4a48-ab6f-88eb3aeadb82@group-AFA10B35203C:LeaderElection6] INFO  impl.RaftServerImpl (ServerState.java:setLeader(253)) - 39e8fa34-752e-4a48-ab6f-88eb3aeadb82@group-AFA10B35203C: change Leader from null to 39e8fa34-752e-4a48-ab6f-88eb3aeadb82 at term 1 for becomeLeader, leader elected after 10606ms
2019-09-25 06:53:09,977 [cb5f3901-e038-4412-8de0-2ef7bd4db2f0@group-0E915855ECBA:LeaderElection2] INFO  server.RaftServerConfigKeys (ConfUtils.java:logGet(43)) - raft.server.staging.catchup.gap = 1000 (default)
2019-09-25 06:53:09,977 [39e8fa34-752e-4a48-ab6f-88eb3aeadb82@group-AFA10B35203C:LeaderElection6] INFO  server.RaftServerConfigKeys (ConfUtils.java:logGet(43)) - raft.server.staging.catchup.gap = 1000 (default)
2019-09-25 06:53:09,977 [cb5f3901-e038-4412-8de0-2ef7bd4db2f0@group-0E915855ECBA:LeaderElection2] INFO  server.RaftServerConfigKeys (ConfUtils.java:logGet(43)) - raft.server.rpc.sleep.time = 25ms (default)
2019-09-25 06:53:09,977 [39e8fa34-752e-4a48-ab6f-88eb3aeadb82@group-AFA10B35203C:LeaderElection6] INFO  server.RaftServerConfigKeys (ConfUtils.java:logGet(43)) - raft.server.rpc.sleep.time = 25ms (default)
2019-09-25 06:53:09,978 [pool-57-thread-1] INFO  storage.RaftStorage (RaftStorage.java:format(72)) - Storage directory /workdir/hadoop-ozone/tools/target/test-dir/MiniOzoneClusterImpl-33913572-8408-41c3-be5b-cf3f3bf490a2/datanode-3/data/ratis/761dfa5d-47bd-4f94-b1a5-d55d3df02927 has been successfully formatted.
2019-09-25 06:53:09,980 [pool-57-thread-1] INFO  ratis.ContainerStateMachine (ContainerStateMachine.java:loadSnapshot(230)) - group-D55D3DF02927: The snapshot info is null. Setting the last applied indexto:(t:0, i:~)
2019-09-25 06:53:09,980 [pool-57-thread-1] INFO  server.RaftServerConfigKeys (ConfUtils.java:logGet(43)) - raft.server.notification.no-leader.timeout = 120s (custom)
2019-09-25 06:53:09,981 [pool-57-thread-1] INFO  server.RaftServerConfigKeys (ConfUtils.java:logGet(43)) - raft.server.log.use.memory = false (default)
2019-09-25 06:53:09,981 [pool-57-thread-1] INFO  server.RaftServerConfigKeys (ConfUtils.java:logGet(43)) - raft.server.log.purge.gap = 1000000 (custom)
2019-09-25 06:53:09,986 [pool-57-thread-1] INFO  server.RaftServerConfigKeys (ConfUtils.java:logGet(43)) - raft.server.log.appender.buffer.byte-limit = 33554432 (custom)
2019-09-25 06:53:09,987 [pool-57-thread-1] INFO  server.RaftServerConfigKeys (ConfUtils.java:logGet(43)) - raft.server.log.segment.size.max = 1048576 (custom)
2019-09-25 06:53:09,988 [pool-57-thread-1] INFO  server.RaftServerConfigKeys (ConfUtils.java:logGet(43)) - raft.server.log.segment.cache.num.max = 2 (custom)
2019-09-25 06:53:09,989 [pool-57-thread-1] INFO  segmented.SegmentedRaftLogWorker (SegmentedRaftLogWorker.java:<init>(172)) - new 8bb6bb58-9381-4956-a6ae-6423136ec2bb@group-D55D3DF02927-SegmentedRaftLogWorker for RaftStorage:Storage Directory /workdir/hadoop-ozone/tools/target/test-dir/MiniOzoneClusterImpl-33913572-8408-41c3-be5b-cf3f3bf490a2/datanode-3/data/ratis/761dfa5d-47bd-4f94-b1a5-d55d3df02927
2019-09-25 06:53:09,993 [pool-57-thread-1] INFO  server.RaftServerConfigKeys (ConfUtils.java:logGet(43)) - raft.server.log.queue.byte-limit = 2147483647 (custom)
2019-09-25 06:53:09,993 [pool-57-thread-1] INFO  server.RaftServerConfigKeys (ConfUtils.java:logGet(43)) - raft.server.log.queue.element-limit = 1024 (custom)
2019-09-25 06:53:09,993 [pool-57-thread-1] INFO  server.RaftServerConfigKeys (ConfUtils.java:logGet(43)) - raft.server.log.segment.size.max = 1048576 (custom)
2019-09-25 06:53:10,000 [pool-57-thread-1] INFO  server.RaftServerConfigKeys (ConfUtils.java:logGet(43)) - raft.server.log.preallocated.size = 16384 (custom)
2019-09-25 06:53:10,002 [cb5f3901-e038-4412-8de0-2ef7bd4db2f0@group-0E915855ECBA:LeaderElection2] INFO  server.RaftServerConfigKeys (ConfUtils.java:logGet(43)) - raft.server.write.element-limit = 4096 (default)
2019-09-25 06:53:10,002 [39e8fa34-752e-4a48-ab6f-88eb3aeadb82@group-AFA10B35203C:LeaderElection6] INFO  server.RaftServerConfigKeys (ConfUtils.java:logGet(43)) - raft.server.write.element-limit = 4096 (default)
2019-09-25 06:53:10,003 [pool-57-thread-1] INFO  server.RaftServerConfigKeys (ConfUtils.java:logGet(43)) - raft.server.log.write.buffer.size = 33554432 (custom)
2019-09-25 06:53:10,003 [pool-57-thread-1] INFO  server.RaftServerConfigKeys (ConfUtils.java:logGet(43)) - raft.server.log.force.sync.num = 128 (default)
2019-09-25 06:53:10,004 [pool-57-thread-1] INFO  server.RaftServerConfigKeys (ConfUtils.java:logGet(43)) - raft.server.log.statemachine.data.sync = true (default)
2019-09-25 06:53:10,005 [pool-57-thread-1] INFO  server.RaftServerConfigKeys (ConfUtils.java:logGet(43)) - raft.server.log.statemachine.data.sync.timeout = 10s (default)
2019-09-25 06:53:10,005 [pool-57-thread-1] INFO  server.RaftServerConfigKeys (ConfUtils.java:logGet(43)) - raft.server.log.statemachine.data.sync.timeout.retry = -1 (default)
2019-09-25 06:53:10,005 [pool-57-thread-1] INFO  server.RaftServerConfigKeys (ConfUtils.java:logGet(43)) - raft.server.log.statemachine.data.caching.enabled = true (custom)
2019-09-25 06:53:10,006 [pool-57-thread-1] INFO  segmented.SegmentedRaftLogWorker (SegmentedRaftLogWorker.java:lambda$new$0(132)) - 8bb6bb58-9381-4956-a6ae-6423136ec2bb@group-D55D3DF02927-SegmentedRaftLogWorker: flushIndex: setUnconditionally 0 -> -1
2019-09-25 06:53:10,007 [pool-57-thread-1] INFO  server.RaftServerConfigKeys (ConfUtils.java:logGet(43)) - raft.server.snapshot.auto.trigger.enabled = true (custom)
2019-09-25 06:53:10,007 [pool-57-thread-1] INFO  server.RaftServerConfigKeys (ConfUtils.java:logGet(43)) - raft.server.snapshot.auto.trigger.threshold = 10000 (custom)
2019-09-25 06:53:10,007 [pool-57-thread-1] INFO  server.RaftServerConfigKeys (ConfUtils.java:logGet(43)) - raft.server.snapshot.retention.num.files = 5 (custom)
2019-09-25 06:53:10,008 [pool-57-thread-1] INFO  server.RaftServerConfigKeys (ConfUtils.java:logGet(43)) - raft.server.retrycache.expirytime = 600000ms (custom)
2019-09-25 06:53:10,008 [39e8fa34-752e-4a48-ab6f-88eb3aeadb82@group-AFA10B35203C:LeaderElection6] INFO  server.RaftServerConfigKeys (ConfUtils.java:logGet(43)) - raft.server.watch.timeout = 10s (default)
2019-09-25 06:53:10,008 [cb5f3901-e038-4412-8de0-2ef7bd4db2f0@group-0E915855ECBA:LeaderElection2] INFO  server.RaftServerConfigKeys (ConfUtils.java:logGet(43)) - raft.server.watch.timeout = 10s (default)
2019-09-25 06:53:10,008 [39e8fa34-752e-4a48-ab6f-88eb3aeadb82@group-AFA10B35203C:LeaderElection6] INFO  server.RaftServerConfigKeys (ConfUtils.java:logGet(43)) - raft.server.watch.timeout.denomination = 1s (default)
2019-09-25 06:53:10,008 [cb5f3901-e038-4412-8de0-2ef7bd4db2f0@group-0E915855ECBA:LeaderElection2] INFO  server.RaftServerConfigKeys (ConfUtils.java:logGet(43)) - raft.server.watch.timeout.denomination = 1s (default)
2019-09-25 06:53:10,010 [39e8fa34-752e-4a48-ab6f-88eb3aeadb82@group-AFA10B35203C:LeaderElection6] INFO  server.RaftServerConfigKeys (ConfUtils.java:logGet(43)) - raft.server.watch.element-limit = 65536 (default)
2019-09-25 06:53:10,010 [cb5f3901-e038-4412-8de0-2ef7bd4db2f0@group-0E915855ECBA:LeaderElection2] INFO  server.RaftServerConfigKeys (ConfUtils.java:logGet(43)) - raft.server.watch.element-limit = 65536 (default)
2019-09-25 06:53:10,015 [pool-57-thread-1] INFO  impl.RaftServerImpl (RaftServerImpl.java:start(185)) - 8bb6bb58-9381-4956-a6ae-6423136ec2bb@group-02BB0EF91B90: start as a follower, conf=-1: [5a5056d2-7b18-4f20-adb1-11c9552618dc:192.168.164.207:43950, 39e8fa34-752e-4a48-ab6f-88eb3aeadb82:192.168.164.207:36023, 8bb6bb58-9381-4956-a6ae-6423136ec2bb:192.168.164.207:33876], old=null
2019-09-25 06:53:10,015 [pool-57-thread-1] INFO  impl.RaftServerImpl (RaftServerImpl.java:setRole(174)) - 8bb6bb58-9381-4956-a6ae-6423136ec2bb@group-02BB0EF91B90: changes role from      null to FOLLOWER at term 0 for startAsFollower
2019-09-25 06:53:10,016 [pool-57-thread-1] INFO  impl.RoleInfo (RoleInfo.java:updateAndGet(143)) - 8bb6bb58-9381-4956-a6ae-6423136ec2bb: start FollowerState
2019-09-25 06:53:10,016 [pool-57-thread-1] INFO  util.JmxRegister (JmxRegister.java:tryRegister(44)) - Successfully registered JMX Bean with object name Ratis:service=RaftServer,group=group-02BB0EF91B90,id=8bb6bb58-9381-4956-a6ae-6423136ec2bb
2019-09-25 06:53:10,017 [pool-57-thread-1] INFO  impl.RaftServerImpl (RaftServerImpl.java:start(185)) - 8bb6bb58-9381-4956-a6ae-6423136ec2bb@group-E6D9B372AB49: start as a follower, conf=-1: [39e8fa34-752e-4a48-ab6f-88eb3aeadb82:192.168.164.207:36023, 8bb6bb58-9381-4956-a6ae-6423136ec2bb:192.168.164.207:33876, cb5f3901-e038-4412-8de0-2ef7bd4db2f0:192.168.164.207:45317], old=null
2019-09-25 06:53:10,017 [pool-57-thread-1] INFO  impl.RaftServerImpl (RaftServerImpl.java:setRole(174)) - 8bb6bb58-9381-4956-a6ae-6423136ec2bb@group-E6D9B372AB49: changes role from      null to FOLLOWER at term 0 for startAsFollower
2019-09-25 06:53:10,017 [pool-57-thread-1] INFO  impl.RoleInfo (RoleInfo.java:updateAndGet(143)) - 8bb6bb58-9381-4956-a6ae-6423136ec2bb: start FollowerState
2019-09-25 06:53:10,017 [pool-57-thread-1] INFO  util.JmxRegister (JmxRegister.java:tryRegister(44)) - Successfully registered JMX Bean with object name Ratis:service=RaftServer,group=group-E6D9B372AB49,id=8bb6bb58-9381-4956-a6ae-6423136ec2bb
2019-09-25 06:53:10,026 [pool-67-thread-1] INFO  storage.RaftStorage (RaftStorage.java:format(72)) - Storage directory /workdir/hadoop-ozone/tools/target/test-dir/MiniOzoneClusterImpl-33913572-8408-41c3-be5b-cf3f3bf490a2/datanode-4/data/ratis/31e4e08d-5141-4895-8b5d-84761a752843 has been successfully formatted.
2019-09-25 06:53:10,026 [pool-37-thread-1] INFO  storage.RaftStorage (RaftStorage.java:format(72)) - Storage directory /workdir/hadoop-ozone/tools/target/test-dir/MiniOzoneClusterImpl-33913572-8408-41c3-be5b-cf3f3bf490a2/datanode-1/data/ratis/31e4e08d-5141-4895-8b5d-84761a752843 has been successfully formatted.
2019-09-25 06:53:10,026 [pool-57-thread-1] INFO  impl.RaftServerImpl (RaftServerImpl.java:start(185)) - 8bb6bb58-9381-4956-a6ae-6423136ec2bb@group-D55D3DF02927: start as a follower, conf=-1: [5a5056d2-7b18-4f20-adb1-11c9552618dc:192.168.164.207:43950, 969873e8-2b3e-40d4-aa10-c4ac05c56191:192.168.164.207:38699, 8bb6bb58-9381-4956-a6ae-6423136ec2bb:192.168.164.207:33876], old=null
2019-09-25 06:53:10,026 [pool-47-thread-1] INFO  storage.RaftStorage (RaftStorage.java:format(72)) - Storage directory /workdir/hadoop-ozone/tools/target/test-dir/MiniOzoneClusterImpl-33913572-8408-41c3-be5b-cf3f3bf490a2/datanode-2/data/ratis/31e4e08d-5141-4895-8b5d-84761a752843 has been successfully formatted.
2019-09-25 06:53:10,030 [pool-37-thread-1] INFO  ratis.ContainerStateMachine (ContainerStateMachine.java:loadSnapshot(230)) - group-84761A752843: The snapshot info is null. Setting the last applied indexto:(t:0, i:~)
2019-09-25 06:53:10,030 [pool-67-thread-1] INFO  ratis.ContainerStateMachine (ContainerStateMachine.java:loadSnapshot(230)) - group-84761A752843: The snapshot info is null. Setting the last applied indexto:(t:0, i:~)
2019-09-25 06:53:10,030 [pool-57-thread-1] INFO  impl.RaftServerImpl (RaftServerImpl.java:setRole(174)) - 8bb6bb58-9381-4956-a6ae-6423136ec2bb@group-D55D3DF02927: changes role from      null to FOLLOWER at term 0 for startAsFollower
2019-09-25 06:53:10,032 [pool-67-thread-1] INFO  server.RaftServerConfigKeys (ConfUtils.java:logGet(43)) - raft.server.notification.no-leader.timeout = 120s (custom)
2019-09-25 06:53:10,031 [pool-37-thread-1] INFO  server.RaftServerConfigKeys (ConfUtils.java:logGet(43)) - raft.server.notification.no-leader.timeout = 120s (custom)
2019-09-25 06:53:10,031 [pool-47-thread-1] INFO  ratis.ContainerStateMachine (ContainerStateMachine.java:loadSnapshot(230)) - group-84761A752843: The snapshot info is null. Setting the last applied indexto:(t:0, i:~)
2019-09-25 06:53:10,034 [pool-37-thread-1] INFO  server.RaftServerConfigKeys (ConfUtils.java:logGet(43)) - raft.server.log.use.memory = false (default)
2019-09-25 06:53:10,033 [pool-67-thread-1] INFO  server.RaftServerConfigKeys (ConfUtils.java:logGet(43)) - raft.server.log.use.memory = false (default)
2019-09-25 06:53:10,035 [pool-67-thread-1] INFO  server.RaftServerConfigKeys (ConfUtils.java:logGet(43)) - raft.server.log.purge.gap = 1000000 (custom)
2019-09-25 06:53:10,032 [pool-57-thread-1] INFO  impl.RoleInfo (RoleInfo.java:updateAndGet(143)) - 8bb6bb58-9381-4956-a6ae-6423136ec2bb: start FollowerState
2019-09-25 06:53:10,035 [pool-67-thread-1] INFO  server.RaftServerConfigKeys (ConfUtils.java:logGet(43)) - raft.server.log.appender.buffer.byte-limit = 33554432 (custom)
2019-09-25 06:53:10,035 [pool-37-thread-1] INFO  server.RaftServerConfigKeys (ConfUtils.java:logGet(43)) - raft.server.log.purge.gap = 1000000 (custom)
2019-09-25 06:53:10,034 [pool-47-thread-1] INFO  server.RaftServerConfigKeys (ConfUtils.java:logGet(43)) - raft.server.notification.no-leader.timeout = 120s (custom)
2019-09-25 06:53:10,037 [pool-37-thread-1] INFO  server.RaftServerConfigKeys (ConfUtils.java:logGet(43)) - raft.server.log.appender.buffer.byte-limit = 33554432 (custom)
2019-09-25 06:53:10,036 [pool-67-thread-1] INFO  server.RaftServerConfigKeys (ConfUtils.java:logGet(43)) - raft.server.log.segment.size.max = 1048576 (custom)
2019-09-25 06:53:10,039 [pool-37-thread-1] INFO  server.RaftServerConfigKeys (ConfUtils.java:logGet(43)) - raft.server.log.segment.size.max = 1048576 (custom)
2019-09-25 06:53:10,037 [pool-47-thread-1] INFO  server.RaftServerConfigKeys (ConfUtils.java:logGet(43)) - raft.server.log.use.memory = false (default)
2019-09-25 06:53:10,037 [pool-57-thread-1] INFO  util.JmxRegister (JmxRegister.java:tryRegister(44)) - Successfully registered JMX Bean with object name Ratis:service=RaftServer,group=group-D55D3DF02927,id=8bb6bb58-9381-4956-a6ae-6423136ec2bb
2019-09-25 06:53:10,039 [pool-47-thread-1] INFO  server.RaftServerConfigKeys (ConfUtils.java:logGet(43)) - raft.server.log.purge.gap = 1000000 (custom)
2019-09-25 06:53:10,039 [pool-47-thread-1] INFO  server.RaftServerConfigKeys (ConfUtils.java:logGet(43)) - raft.server.log.appender.buffer.byte-limit = 33554432 (custom)
2019-09-25 06:53:10,039 [pool-47-thread-1] INFO  server.RaftServerConfigKeys (ConfUtils.java:logGet(43)) - raft.server.log.segment.size.max = 1048576 (custom)
2019-09-25 06:53:10,040 [pool-47-thread-1] INFO  server.RaftServerConfigKeys (ConfUtils.java:logGet(43)) - raft.server.log.segment.cache.num.max = 2 (custom)
2019-09-25 06:53:10,040 [pool-47-thread-1] INFO  segmented.SegmentedRaftLogWorker (SegmentedRaftLogWorker.java:<init>(172)) - new 969873e8-2b3e-40d4-aa10-c4ac05c56191@group-84761A752843-SegmentedRaftLogWorker for RaftStorage:Storage Directory /workdir/hadoop-ozone/tools/target/test-dir/MiniOzoneClusterImpl-33913572-8408-41c3-be5b-cf3f3bf490a2/datanode-2/data/ratis/31e4e08d-5141-4895-8b5d-84761a752843
2019-09-25 06:53:10,040 [pool-47-thread-1] INFO  server.RaftServerConfigKeys (ConfUtils.java:logGet(43)) - raft.server.log.queue.byte-limit = 2147483647 (custom)
2019-09-25 06:53:10,040 [pool-47-thread-1] INFO  server.RaftServerConfigKeys (ConfUtils.java:logGet(43)) - raft.server.log.queue.element-limit = 1024 (custom)
2019-09-25 06:53:10,039 [pool-37-thread-1] INFO  server.RaftServerConfigKeys (ConfUtils.java:logGet(43)) - raft.server.log.segment.cache.num.max = 2 (custom)
2019-09-25 06:53:10,039 [pool-67-thread-1] INFO  server.RaftServerConfigKeys (ConfUtils.java:logGet(43)) - raft.server.log.segment.cache.num.max = 2 (custom)
2019-09-25 06:53:10,042 [pool-37-thread-1] INFO  segmented.SegmentedRaftLogWorker (SegmentedRaftLogWorker.java:<init>(172)) - new 5a5056d2-7b18-4f20-adb1-11c9552618dc@group-84761A752843-SegmentedRaftLogWorker for RaftStorage:Storage Directory /workdir/hadoop-ozone/tools/target/test-dir/MiniOzoneClusterImpl-33913572-8408-41c3-be5b-cf3f3bf490a2/datanode-1/data/ratis/31e4e08d-5141-4895-8b5d-84761a752843
2019-09-25 06:53:10,041 [pool-47-thread-1] INFO  server.RaftServerConfigKeys (ConfUtils.java:logGet(43)) - raft.server.log.segment.size.max = 1048576 (custom)
2019-09-25 06:53:10,043 [pool-37-thread-1] INFO  server.RaftServerConfigKeys (ConfUtils.java:logGet(43)) - raft.server.log.queue.byte-limit = 2147483647 (custom)
2019-09-25 06:53:10,043 [pool-67-thread-1] INFO  segmented.SegmentedRaftLogWorker (SegmentedRaftLogWorker.java:<init>(172)) - new cb5f3901-e038-4412-8de0-2ef7bd4db2f0@group-84761A752843-SegmentedRaftLogWorker for RaftStorage:Storage Directory /workdir/hadoop-ozone/tools/target/test-dir/MiniOzoneClusterImpl-33913572-8408-41c3-be5b-cf3f3bf490a2/datanode-4/data/ratis/31e4e08d-5141-4895-8b5d-84761a752843
2019-09-25 06:53:10,043 [pool-37-thread-1] INFO  server.RaftServerConfigKeys (ConfUtils.java:logGet(43)) - raft.server.log.queue.element-limit = 1024 (custom)
2019-09-25 06:53:10,043 [pool-47-thread-1] INFO  server.RaftServerConfigKeys (ConfUtils.java:logGet(43)) - raft.server.log.preallocated.size = 16384 (custom)
2019-09-25 06:53:10,043 [pool-37-thread-1] INFO  server.RaftServerConfigKeys (ConfUtils.java:logGet(43)) - raft.server.log.segment.size.max = 1048576 (custom)
2019-09-25 06:53:10,051 [grpc-default-executor-5] INFO  impl.RaftServerImpl (RaftServerImpl.java:setRole(174)) - 8bb6bb58-9381-4956-a6ae-6423136ec2bb@group-02BB0EF91B90: changes role from  FOLLOWER to FOLLOWER at term 1 for recognizeCandidate:39e8fa34-752e-4a48-ab6f-88eb3aeadb82
2019-09-25 06:53:10,043 [pool-67-thread-1] INFO  server.RaftServerConfigKeys (ConfUtils.java:logGet(43)) - raft.server.log.queue.byte-limit = 2147483647 (custom)
2019-09-25 06:53:10,053 [grpc-default-executor-5] INFO  impl.RoleInfo (RoleInfo.java:shutdownFollowerState(121)) - 8bb6bb58-9381-4956-a6ae-6423136ec2bb: shutdown FollowerState
2019-09-25 06:53:10,052 [cb5f3901-e038-4412-8de0-2ef7bd4db2f0@group-0E915855ECBA:LeaderElection2] INFO  impl.RoleInfo (RoleInfo.java:updateAndGet(143)) - cb5f3901-e038-4412-8de0-2ef7bd4db2f0: start LeaderState
2019-09-25 06:53:10,052 [39e8fa34-752e-4a48-ab6f-88eb3aeadb82@group-AFA10B35203C:LeaderElection6] INFO  impl.RoleInfo (RoleInfo.java:updateAndGet(143)) - 39e8fa34-752e-4a48-ab6f-88eb3aeadb82: start LeaderState
2019-09-25 06:53:10,051 [pool-37-thread-1] INFO  server.RaftServerConfigKeys (ConfUtils.java:logGet(43)) - raft.server.log.preallocated.size = 16384 (custom)
2019-09-25 06:53:10,050 [grpc-default-executor-0] INFO  impl.RaftServerImpl (RaftServerImpl.java:setRole(174)) - 8bb6bb58-9381-4956-a6ae-6423136ec2bb@group-E6D9B372AB49: changes role from  FOLLOWER to FOLLOWER at term 1 for recognizeCandidate:39e8fa34-752e-4a48-ab6f-88eb3aeadb82
2019-09-25 06:53:10,050 [grpc-default-executor-9] INFO  impl.RaftServerImpl (RaftServerImpl.java:setRole(174)) - 8bb6bb58-9381-4956-a6ae-6423136ec2bb@group-D55D3DF02927: changes role from  FOLLOWER to FOLLOWER at term 1 for recognizeCandidate:969873e8-2b3e-40d4-aa10-c4ac05c56191
2019-09-25 06:53:10,043 [pool-47-thread-1] INFO  server.RaftServerConfigKeys (ConfUtils.java:logGet(43)) - raft.server.log.write.buffer.size = 33554432 (custom)
2019-09-25 06:53:10,057 [grpc-default-executor-9] INFO  impl.RoleInfo (RoleInfo.java:shutdownFollowerState(121)) - 8bb6bb58-9381-4956-a6ae-6423136ec2bb: shutdown FollowerState
2019-09-25 06:53:10,057 [grpc-default-executor-0] INFO  impl.RoleInfo (RoleInfo.java:shutdownFollowerState(121)) - 8bb6bb58-9381-4956-a6ae-6423136ec2bb: shutdown FollowerState
2019-09-25 06:53:10,057 [pool-37-thread-1] INFO  server.RaftServerConfigKeys (ConfUtils.java:logGet(43)) - raft.server.log.write.buffer.size = 33554432 (custom)
2019-09-25 06:53:10,056 [grpc-default-executor-5] INFO  impl.RoleInfo (RoleInfo.java:updateAndGet(143)) - 8bb6bb58-9381-4956-a6ae-6423136ec2bb: start FollowerState
2019-09-25 06:53:10,056 [Thread-283] INFO  impl.FollowerState (FollowerState.java:run(115)) - 8bb6bb58-9381-4956-a6ae-6423136ec2bb: FollowerState was interrupted: java.lang.InterruptedException: sleep interrupted
2019-09-25 06:53:10,055 [pool-67-thread-1] INFO  server.RaftServerConfigKeys (ConfUtils.java:logGet(43)) - raft.server.log.queue.element-limit = 1024 (custom)
2019-09-25 06:53:10,061 [pool-37-thread-1] INFO  server.RaftServerConfigKeys (ConfUtils.java:logGet(43)) - raft.server.log.force.sync.num = 128 (default)
2019-09-25 06:53:10,061 [grpc-default-executor-0] INFO  impl.RoleInfo (RoleInfo.java:updateAndGet(143)) - 8bb6bb58-9381-4956-a6ae-6423136ec2bb: start FollowerState
2019-09-25 06:53:10,061 [Thread-285] INFO  impl.FollowerState (FollowerState.java:run(115)) - 8bb6bb58-9381-4956-a6ae-6423136ec2bb: FollowerState was interrupted: java.lang.InterruptedException: sleep interrupted
2019-09-25 06:53:10,061 [grpc-default-executor-9] INFO  impl.RoleInfo (RoleInfo.java:updateAndGet(143)) - 8bb6bb58-9381-4956-a6ae-6423136ec2bb: start FollowerState
2019-09-25 06:53:10,061 [Thread-287] INFO  impl.FollowerState (FollowerState.java:run(115)) - 8bb6bb58-9381-4956-a6ae-6423136ec2bb: FollowerState was interrupted: java.lang.InterruptedException: sleep interrupted
2019-09-25 06:53:10,059 [pool-47-thread-1] INFO  server.RaftServerConfigKeys (ConfUtils.java:logGet(43)) - raft.server.log.force.sync.num = 128 (default)
2019-09-25 06:53:10,064 [pool-37-thread-1] INFO  server.RaftServerConfigKeys (ConfUtils.java:logGet(43)) - raft.server.log.statemachine.data.sync = true (default)
2019-09-25 06:53:10,063 [pool-67-thread-1] INFO  server.RaftServerConfigKeys (ConfUtils.java:logGet(43)) - raft.server.log.segment.size.max = 1048576 (custom)
2019-09-25 06:53:10,068 [pool-37-thread-1] INFO  server.RaftServerConfigKeys (ConfUtils.java:logGet(43)) - raft.server.log.statemachine.data.sync.timeout = 10s (default)
2019-09-25 06:53:10,067 [pool-47-thread-1] INFO  server.RaftServerConfigKeys (ConfUtils.java:logGet(43)) - raft.server.log.statemachine.data.sync = true (default)
2019-09-25 06:53:10,073 [pool-37-thread-1] INFO  server.RaftServerConfigKeys (ConfUtils.java:logGet(43)) - raft.server.log.statemachine.data.sync.timeout.retry = -1 (default)
2019-09-25 06:53:10,073 [pool-67-thread-1] INFO  server.RaftServerConfigKeys (ConfUtils.java:logGet(43)) - raft.server.log.preallocated.size = 16384 (custom)
2019-09-25 06:53:10,075 [pool-47-thread-1] INFO  server.RaftServerConfigKeys (ConfUtils.java:logGet(43)) - raft.server.log.statemachine.data.sync.timeout = 10s (default)
2019-09-25 06:53:10,077 [pool-37-thread-1] INFO  server.RaftServerConfigKeys (ConfUtils.java:logGet(43)) - raft.server.log.statemachine.data.caching.enabled = true (custom)
2019-09-25 06:53:10,076 [pool-67-thread-1] INFO  server.RaftServerConfigKeys (ConfUtils.java:logGet(43)) - raft.server.log.write.buffer.size = 33554432 (custom)
2019-09-25 06:53:10,077 [pool-47-thread-1] INFO  server.RaftServerConfigKeys (ConfUtils.java:logGet(43)) - raft.server.log.statemachine.data.sync.timeout.retry = -1 (default)
2019-09-25 06:53:10,082 [pool-67-thread-1] INFO  server.RaftServerConfigKeys (ConfUtils.java:logGet(43)) - raft.server.log.force.sync.num = 128 (default)
2019-09-25 06:53:10,083 [pool-47-thread-1] INFO  server.RaftServerConfigKeys (ConfUtils.java:logGet(43)) - raft.server.log.statemachine.data.caching.enabled = true (custom)
2019-09-25 06:53:10,084 [pool-67-thread-1] INFO  server.RaftServerConfigKeys (ConfUtils.java:logGet(43)) - raft.server.log.statemachine.data.sync = true (default)
2019-09-25 06:53:10,084 [pool-67-thread-1] INFO  server.RaftServerConfigKeys (ConfUtils.java:logGet(43)) - raft.server.log.statemachine.data.sync.timeout = 10s (default)
2019-09-25 06:53:10,085 [pool-67-thread-1] INFO  server.RaftServerConfigKeys (ConfUtils.java:logGet(43)) - raft.server.log.statemachine.data.sync.timeout.retry = -1 (default)
2019-09-25 06:53:10,085 [pool-67-thread-1] INFO  server.RaftServerConfigKeys (ConfUtils.java:logGet(43)) - raft.server.log.statemachine.data.caching.enabled = true (custom)
2019-09-25 06:53:10,094 [969873e8-2b3e-40d4-aa10-c4ac05c56191@group-70A50D7F7C21:LeaderElection1] INFO  impl.LeaderElection (LeaderElection.java:logAndReturn(56)) - 969873e8-2b3e-40d4-aa10-c4ac05c56191@group-70A50D7F7C21:LeaderElection1: Election REJECTED; received 2 response(s) [969873e8-2b3e-40d4-aa10-c4ac05c56191<-5a5056d2-7b18-4f20-adb1-11c9552618dc#0:FAIL-t1, 969873e8-2b3e-40d4-aa10-c4ac05c56191<-8bb6bb58-9381-4956-a6ae-6423136ec2bb#0:FAIL-t1] and 0 exception(s); 969873e8-2b3e-40d4-aa10-c4ac05c56191@group-70A50D7F7C21:t1, leader=null, voted=969873e8-2b3e-40d4-aa10-c4ac05c56191, raftlog=969873e8-2b3e-40d4-aa10-c4ac05c56191@group-70A50D7F7C21-SegmentedRaftLog:OPENED:c-1,f-1,i0, conf=-1: [5a5056d2-7b18-4f20-adb1-11c9552618dc:192.168.164.207:43950, 969873e8-2b3e-40d4-aa10-c4ac05c56191:192.168.164.207:38699, 8bb6bb58-9381-4956-a6ae-6423136ec2bb:192.168.164.207:33876], old=null
2019-09-25 06:53:10,094 [8bb6bb58-9381-4956-a6ae-6423136ec2bb@group-70A50D7F7C21:LeaderElection9] INFO  impl.LeaderElection (LeaderElection.java:logAndReturn(56)) - 8bb6bb58-9381-4956-a6ae-6423136ec2bb@group-70A50D7F7C21:LeaderElection9: Election REJECTED; received 2 response(s) [8bb6bb58-9381-4956-a6ae-6423136ec2bb<-5a5056d2-7b18-4f20-adb1-11c9552618dc#0:FAIL-t1, 8bb6bb58-9381-4956-a6ae-6423136ec2bb<-969873e8-2b3e-40d4-aa10-c4ac05c56191#0:FAIL-t1] and 0 exception(s); 8bb6bb58-9381-4956-a6ae-6423136ec2bb@group-70A50D7F7C21:t1, leader=null, voted=8bb6bb58-9381-4956-a6ae-6423136ec2bb, raftlog=8bb6bb58-9381-4956-a6ae-6423136ec2bb@group-70A50D7F7C21-SegmentedRaftLog:OPENED:c-1,f-1,i0, conf=-1: [5a5056d2-7b18-4f20-adb1-11c9552618dc:192.168.164.207:43950, 969873e8-2b3e-40d4-aa10-c4ac05c56191:192.168.164.207:38699, 8bb6bb58-9381-4956-a6ae-6423136ec2bb:192.168.164.207:33876], old=null
2019-09-25 06:53:10,094 [5a5056d2-7b18-4f20-adb1-11c9552618dc@group-70A50D7F7C21:LeaderElection10] INFO  impl.LeaderElection (LeaderElection.java:logAndReturn(56)) - 5a5056d2-7b18-4f20-adb1-11c9552618dc@group-70A50D7F7C21:LeaderElection10: Election REJECTED; received 2 response(s) [5a5056d2-7b18-4f20-adb1-11c9552618dc<-969873e8-2b3e-40d4-aa10-c4ac05c56191#0:FAIL-t1, 5a5056d2-7b18-4f20-adb1-11c9552618dc<-8bb6bb58-9381-4956-a6ae-6423136ec2bb#0:FAIL-t1] and 0 exception(s); 5a5056d2-7b18-4f20-adb1-11c9552618dc@group-70A50D7F7C21:t1, leader=null, voted=5a5056d2-7b18-4f20-adb1-11c9552618dc, raftlog=5a5056d2-7b18-4f20-adb1-11c9552618dc@group-70A50D7F7C21-SegmentedRaftLog:OPENED:c-1,f-1,i0, conf=-1: [5a5056d2-7b18-4f20-adb1-11c9552618dc:192.168.164.207:43950, 969873e8-2b3e-40d4-aa10-c4ac05c56191:192.168.164.207:38699, 8bb6bb58-9381-4956-a6ae-6423136ec2bb:192.168.164.207:33876], old=null
2019-09-25 06:53:10,095 [8bb6bb58-9381-4956-a6ae-6423136ec2bb@group-70A50D7F7C21:LeaderElection9] INFO  impl.RaftServerImpl (RaftServerImpl.java:setRole(174)) - 8bb6bb58-9381-4956-a6ae-6423136ec2bb@group-70A50D7F7C21: changes role from CANDIDATE to FOLLOWER at term 1 for DISCOVERED_A_NEW_TERM
2019-09-25 06:53:10,095 [969873e8-2b3e-40d4-aa10-c4ac05c56191@group-70A50D7F7C21:LeaderElection1] INFO  impl.RaftServerImpl (RaftServerImpl.java:setRole(174)) - 969873e8-2b3e-40d4-aa10-c4ac05c56191@group-70A50D7F7C21: changes role from CANDIDATE to FOLLOWER at term 1 for DISCOVERED_A_NEW_TERM
2019-09-25 06:53:10,098 [5a5056d2-7b18-4f20-adb1-11c9552618dc@group-70A50D7F7C21:LeaderElection10] INFO  impl.RaftServerImpl (RaftServerImpl.java:setRole(174)) - 5a5056d2-7b18-4f20-adb1-11c9552618dc@group-70A50D7F7C21: changes role from CANDIDATE to FOLLOWER at term 1 for DISCOVERED_A_NEW_TERM
2019-09-25 06:53:10,100 [pool-67-thread-1] INFO  segmented.SegmentedRaftLogWorker (SegmentedRaftLogWorker.java:lambda$new$0(132)) - cb5f3901-e038-4412-8de0-2ef7bd4db2f0@group-84761A752843-SegmentedRaftLogWorker: flushIndex: setUnconditionally 0 -> -1
2019-09-25 06:53:10,100 [8bb6bb58-9381-4956-a6ae-6423136ec2bb@group-70A50D7F7C21:LeaderElection9] INFO  impl.RoleInfo (RoleInfo.java:shutdownLeaderElection(134)) - 8bb6bb58-9381-4956-a6ae-6423136ec2bb: shutdown LeaderElection
2019-09-25 06:53:10,099 [969873e8-2b3e-40d4-aa10-c4ac05c56191@group-70A50D7F7C21:LeaderElection1] INFO  impl.RoleInfo (RoleInfo.java:shutdownLeaderElection(134)) - 969873e8-2b3e-40d4-aa10-c4ac05c56191: shutdown LeaderElection
2019-09-25 06:53:10,103 [pool-67-thread-1] INFO  server.RaftServerConfigKeys (ConfUtils.java:logGet(43)) - raft.server.snapshot.auto.trigger.enabled = true (custom)
2019-09-25 06:53:10,103 [5a5056d2-7b18-4f20-adb1-11c9552618dc@group-70A50D7F7C21:LeaderElection10] INFO  impl.RoleInfo (RoleInfo.java:shutdownLeaderElection(134)) - 5a5056d2-7b18-4f20-adb1-11c9552618dc: shutdown LeaderElection
2019-09-25 06:53:10,101 [pool-37-thread-1] INFO  segmented.SegmentedRaftLogWorker (SegmentedRaftLogWorker.java:lambda$new$0(132)) - 5a5056d2-7b18-4f20-adb1-11c9552618dc@group-84761A752843-SegmentedRaftLogWorker: flushIndex: setUnconditionally 0 -> -1
2019-09-25 06:53:10,104 [5a5056d2-7b18-4f20-adb1-11c9552618dc@group-70A50D7F7C21:LeaderElection10] INFO  impl.RoleInfo (RoleInfo.java:updateAndGet(143)) - 5a5056d2-7b18-4f20-adb1-11c9552618dc: start FollowerState
2019-09-25 06:53:10,101 [pool-47-thread-1] INFO  segmented.SegmentedRaftLogWorker (SegmentedRaftLogWorker.java:lambda$new$0(132)) - 969873e8-2b3e-40d4-aa10-c4ac05c56191@group-84761A752843-SegmentedRaftLogWorker: flushIndex: setUnconditionally 0 -> -1
2019-09-25 06:53:10,104 [pool-37-thread-1] INFO  server.RaftServerConfigKeys (ConfUtils.java:logGet(43)) - raft.server.snapshot.auto.trigger.enabled = true (custom)
2019-09-25 06:53:10,104 [pool-67-thread-1] INFO  server.RaftServerConfigKeys (ConfUtils.java:logGet(43)) - raft.server.snapshot.auto.trigger.threshold = 10000 (custom)
2019-09-25 06:53:10,104 [969873e8-2b3e-40d4-aa10-c4ac05c56191@group-70A50D7F7C21:LeaderElection1] INFO  impl.RoleInfo (RoleInfo.java:updateAndGet(143)) - 969873e8-2b3e-40d4-aa10-c4ac05c56191: start FollowerState
2019-09-25 06:53:10,104 [8bb6bb58-9381-4956-a6ae-6423136ec2bb@group-70A50D7F7C21:LeaderElection9] INFO  impl.RoleInfo (RoleInfo.java:updateAndGet(143)) - 8bb6bb58-9381-4956-a6ae-6423136ec2bb: start FollowerState
2019-09-25 06:53:10,106 [pool-67-thread-1] INFO  server.RaftServerConfigKeys (ConfUtils.java:logGet(43)) - raft.server.snapshot.retention.num.files = 5 (custom)
2019-09-25 06:53:10,106 [pool-37-thread-1] INFO  server.RaftServerConfigKeys (ConfUtils.java:logGet(43)) - raft.server.snapshot.auto.trigger.threshold = 10000 (custom)
2019-09-25 06:53:10,108 [pool-67-thread-1] INFO  server.RaftServerConfigKeys (ConfUtils.java:logGet(43)) - raft.server.retrycache.expirytime = 600000ms (custom)
2019-09-25 06:53:10,106 [pool-47-thread-1] INFO  server.RaftServerConfigKeys (ConfUtils.java:logGet(43)) - raft.server.snapshot.auto.trigger.enabled = true (custom)
2019-09-25 06:53:10,108 [pool-37-thread-1] INFO  server.RaftServerConfigKeys (ConfUtils.java:logGet(43)) - raft.server.snapshot.retention.num.files = 5 (custom)
2019-09-25 06:53:10,109 [pool-47-thread-1] INFO  server.RaftServerConfigKeys (ConfUtils.java:logGet(43)) - raft.server.snapshot.auto.trigger.threshold = 10000 (custom)
2019-09-25 06:53:10,109 [pool-37-thread-1] INFO  server.RaftServerConfigKeys (ConfUtils.java:logGet(43)) - raft.server.retrycache.expirytime = 600000ms (custom)
2019-09-25 06:53:10,109 [pool-47-thread-1] INFO  server.RaftServerConfigKeys (ConfUtils.java:logGet(43)) - raft.server.snapshot.retention.num.files = 5 (custom)
2019-09-25 06:53:10,109 [pool-47-thread-1] INFO  server.RaftServerConfigKeys (ConfUtils.java:logGet(43)) - raft.server.retrycache.expirytime = 600000ms (custom)
2019-09-25 06:53:10,113 [pool-67-thread-1] INFO  impl.RaftServerImpl (RaftServerImpl.java:start(185)) - cb5f3901-e038-4412-8de0-2ef7bd4db2f0@group-84761A752843: start as a follower, conf=-1: [5a5056d2-7b18-4f20-adb1-11c9552618dc:192.168.164.207:43950, 969873e8-2b3e-40d4-aa10-c4ac05c56191:192.168.164.207:38699, cb5f3901-e038-4412-8de0-2ef7bd4db2f0:192.168.164.207:45317], old=null
2019-09-25 06:53:10,113 [pool-67-thread-1] INFO  impl.RaftServerImpl (RaftServerImpl.java:setRole(174)) - cb5f3901-e038-4412-8de0-2ef7bd4db2f0@group-84761A752843: changes role from      null to FOLLOWER at term 0 for startAsFollower
2019-09-25 06:53:10,113 [pool-67-thread-1] INFO  impl.RoleInfo (RoleInfo.java:updateAndGet(143)) - cb5f3901-e038-4412-8de0-2ef7bd4db2f0: start FollowerState
2019-09-25 06:53:10,113 [cb5f3901-e038-4412-8de0-2ef7bd4db2f0@group-0E915855ECBA:LeaderElection2] INFO  segmented.SegmentedRaftLogWorker (SegmentedRaftLogWorker.java:startLogSegment(380)) - cb5f3901-e038-4412-8de0-2ef7bd4db2f0@group-0E915855ECBA-SegmentedRaftLogWorker: Starting segment from index:0
2019-09-25 06:53:10,113 [39e8fa34-752e-4a48-ab6f-88eb3aeadb82@group-AFA10B35203C:LeaderElection6] INFO  segmented.SegmentedRaftLogWorker (SegmentedRaftLogWorker.java:startLogSegment(380)) - 39e8fa34-752e-4a48-ab6f-88eb3aeadb82@group-AFA10B35203C-SegmentedRaftLogWorker: Starting segment from index:0
2019-09-25 06:53:10,114 [pool-67-thread-1] INFO  util.JmxRegister (JmxRegister.java:tryRegister(44)) - Successfully registered JMX Bean with object name Ratis:service=RaftServer,group=group-84761A752843,id=cb5f3901-e038-4412-8de0-2ef7bd4db2f0
2019-09-25 06:53:10,114 [pool-37-thread-1] INFO  impl.RaftServerImpl (RaftServerImpl.java:start(185)) - 5a5056d2-7b18-4f20-adb1-11c9552618dc@group-84761A752843: start as a follower, conf=-1: [5a5056d2-7b18-4f20-adb1-11c9552618dc:192.168.164.207:43950, 969873e8-2b3e-40d4-aa10-c4ac05c56191:192.168.164.207:38699, cb5f3901-e038-4412-8de0-2ef7bd4db2f0:192.168.164.207:45317], old=null
2019-09-25 06:53:10,114 [pool-47-thread-1] INFO  impl.RaftServerImpl (RaftServerImpl.java:start(185)) - 969873e8-2b3e-40d4-aa10-c4ac05c56191@group-84761A752843: start as a follower, conf=-1: [5a5056d2-7b18-4f20-adb1-11c9552618dc:192.168.164.207:43950, 969873e8-2b3e-40d4-aa10-c4ac05c56191:192.168.164.207:38699, cb5f3901-e038-4412-8de0-2ef7bd4db2f0:192.168.164.207:45317], old=null
2019-09-25 06:53:10,114 [pool-37-thread-1] INFO  impl.RaftServerImpl (RaftServerImpl.java:setRole(174)) - 5a5056d2-7b18-4f20-adb1-11c9552618dc@group-84761A752843: changes role from      null to FOLLOWER at term 0 for startAsFollower
2019-09-25 06:53:10,115 [pool-47-thread-1] INFO  impl.RaftServerImpl (RaftServerImpl.java:setRole(174)) - 969873e8-2b3e-40d4-aa10-c4ac05c56191@group-84761A752843: changes role from      null to FOLLOWER at term 0 for startAsFollower
2019-09-25 06:53:10,115 [pool-37-thread-1] INFO  impl.RoleInfo (RoleInfo.java:updateAndGet(143)) - 5a5056d2-7b18-4f20-adb1-11c9552618dc: start FollowerState
2019-09-25 06:53:10,115 [pool-47-thread-1] INFO  impl.RoleInfo (RoleInfo.java:updateAndGet(143)) - 969873e8-2b3e-40d4-aa10-c4ac05c56191: start FollowerState
2019-09-25 06:53:10,115 [pool-37-thread-1] INFO  util.JmxRegister (JmxRegister.java:tryRegister(44)) - Successfully registered JMX Bean with object name Ratis:service=RaftServer,group=group-84761A752843,id=5a5056d2-7b18-4f20-adb1-11c9552618dc
2019-09-25 06:53:10,115 [pool-47-thread-1] INFO  util.JmxRegister (JmxRegister.java:tryRegister(44)) - Successfully registered JMX Bean with object name Ratis:service=RaftServer,group=group-84761A752843,id=969873e8-2b3e-40d4-aa10-c4ac05c56191
2019-09-25 06:53:10,122 [cb5f3901-e038-4412-8de0-2ef7bd4db2f0@group-0E915855ECBA:LeaderElection2] INFO  impl.RaftServerImpl (ServerState.java:setRaftConf(354)) - cb5f3901-e038-4412-8de0-2ef7bd4db2f0@group-0E915855ECBA: set configuration 0: [cb5f3901-e038-4412-8de0-2ef7bd4db2f0:192.168.164.207:45317], old=null at 0
2019-09-25 06:53:10,122 [39e8fa34-752e-4a48-ab6f-88eb3aeadb82@group-AFA10B35203C:LeaderElection6] INFO  impl.RaftServerImpl (ServerState.java:setRaftConf(354)) - 39e8fa34-752e-4a48-ab6f-88eb3aeadb82@group-AFA10B35203C: set configuration 0: [39e8fa34-752e-4a48-ab6f-88eb3aeadb82:192.168.164.207:36023], old=null at 0
2019-09-25 06:53:10,184 [IPC Server handler 0 on 43532] INFO  pipeline.PipelineStateManager (PipelineStateManager.java:addPipeline(56)) - Created pipeline Pipeline[ Id: 31e4e08d-5141-4895-8b5d-84761a752843, Nodes: 5a5056d2-7b18-4f20-adb1-11c9552618dc{ip: 192.168.164.207, host: pr-hdds-1569-s44lr-3492059363, networkLocation: /default-rack, certSerialId: null}cb5f3901-e038-4412-8de0-2ef7bd4db2f0{ip: 192.168.164.207, host: pr-hdds-1569-s44lr-3492059363, networkLocation: /default-rack, certSerialId: null}969873e8-2b3e-40d4-aa10-c4ac05c56191{ip: 192.168.164.207, host: pr-hdds-1569-s44lr-3492059363, networkLocation: /default-rack, certSerialId: null}, Type:RATIS, Factor:THREE, State:OPEN]
2019-09-25 06:53:10,264 [pool-73-thread-2] ERROR freon.RandomKeyGenerator (RandomKeyGenerator.java:createKey(733)) - Exception while adding key: key-0-03773 in bucket: bucket-0-78342 of volume: vol-0-03338.
INTERNAL_ERROR org.apache.hadoop.ozone.om.exceptions.OMException: Allocated 3 blocks. Requested 5 blocks
	at org.apache.hadoop.ozone.om.protocolPB.OzoneManagerProtocolClientSideTranslatorPB.handleError(OzoneManagerProtocolClientSideTranslatorPB.java:732)
	at org.apache.hadoop.ozone.om.protocolPB.OzoneManagerProtocolClientSideTranslatorPB.openKey(OzoneManagerProtocolClientSideTranslatorPB.java:723)
	at sun.reflect.NativeMethodAccessorImpl.invoke0(Native Method)
	at sun.reflect.NativeMethodAccessorImpl.invoke(NativeMethodAccessorImpl.java:62)
	at sun.reflect.DelegatingMethodAccessorImpl.invoke(DelegatingMethodAccessorImpl.java:43)
	at java.lang.reflect.Method.invoke(Method.java:498)
	at org.apache.hadoop.hdds.tracing.TraceAllMethod.invoke(TraceAllMethod.java:66)
	at com.sun.proxy.$Proxy37.openKey(Unknown Source)
	at org.apache.hadoop.ozone.client.rpc.RpcClient.createKey(RpcClient.java:614)
	at org.apache.hadoop.ozone.client.OzoneBucket.createKey(OzoneBucket.java:325)
	at org.apache.hadoop.ozone.freon.RandomKeyGenerator.createKey(RandomKeyGenerator.java:695)
	at org.apache.hadoop.ozone.freon.RandomKeyGenerator.access$1100(RandomKeyGenerator.java:88)
	at org.apache.hadoop.ozone.freon.RandomKeyGenerator$ObjectCreator.run(RandomKeyGenerator.java:615)
	at java.util.concurrent.Executors$RunnableAdapter.call(Executors.java:511)
	at java.util.concurrent.FutureTask.run(FutureTask.java:266)
	at java.util.concurrent.ThreadPoolExecutor.runWorker(ThreadPoolExecutor.java:1149)
	at java.util.concurrent.ThreadPoolExecutor$Worker.run(ThreadPoolExecutor.java:624)
	at java.lang.Thread.run(Thread.java:748)
 100.00% |█████████████████████████████████████████████████████████████████████████████████████████████████████|  1/1 Time: 0:00:20
2019-09-25 06:53:12,984 [cb5f3901-e038-4412-8de0-2ef7bd4db2f0@group-E6D9B372AB49:LeaderElection11] INFO  impl.LeaderElection (LogUtils.java:infoOrTrace(149)) - cb5f3901-e038-4412-8de0-2ef7bd4db2f0@group-E6D9B372AB49:LeaderElection11 got exception when requesting votes: {}
java.util.concurrent.ExecutionException: org.apache.ratis.thirdparty.io.grpc.StatusRuntimeException: DEADLINE_EXCEEDED: deadline exceeded after 2987937428ns
	at java.util.concurrent.FutureTask.report(FutureTask.java:122)
	at java.util.concurrent.FutureTask.get(FutureTask.java:192)
	at org.apache.ratis.server.impl.LeaderElection.waitForResults(LeaderElection.java:263)
	at org.apache.ratis.server.impl.LeaderElection.askForVotes(LeaderElection.java:201)
	at org.apache.ratis.server.impl.LeaderElection.run(LeaderElection.java:133)
	at java.lang.Thread.run(Thread.java:748)
Caused by: org.apache.ratis.thirdparty.io.grpc.StatusRuntimeException: DEADLINE_EXCEEDED: deadline exceeded after 2987937428ns
	at org.apache.ratis.thirdparty.io.grpc.stub.ClientCalls.toStatusRuntimeException(ClientCalls.java:233)
	at org.apache.ratis.thirdparty.io.grpc.stub.ClientCalls.getUnchecked(ClientCalls.java:214)
	at org.apache.ratis.thirdparty.io.grpc.stub.ClientCalls.blockingUnaryCall(ClientCalls.java:139)
	at org.apache.ratis.proto.grpc.RaftServerProtocolServiceGrpc$RaftServerProtocolServiceBlockingStub.requestVote(RaftServerProtocolServiceGrpc.java:265)
	at org.apache.ratis.grpc.server.GrpcServerProtocolClient.requestVote(GrpcServerProtocolClient.java:90)
	at org.apache.ratis.grpc.server.GrpcService.requestVote(GrpcService.java:204)
	at org.apache.ratis.server.impl.LeaderElection.lambda$submitRequests$1(LeaderElection.java:238)
	at java.util.concurrent.FutureTask.run(FutureTask.java:266)
	at java.util.concurrent.Executors$RunnableAdapter.call(Executors.java:511)
	at java.util.concurrent.FutureTask.run(FutureTask.java:266)
	at java.util.concurrent.ThreadPoolExecutor.runWorker(ThreadPoolExecutor.java:1149)
	at java.util.concurrent.ThreadPoolExecutor$Worker.run(ThreadPoolExecutor.java:624)
	... 1 more
2019-09-25 06:53:12,987 [969873e8-2b3e-40d4-aa10-c4ac05c56191@group-D55D3DF02927:LeaderElection5] INFO  impl.LeaderElection (LogUtils.java:infoOrTrace(149)) - 969873e8-2b3e-40d4-aa10-c4ac05c56191@group-D55D3DF02927:LeaderElection5 got exception when requesting votes: {}
java.util.concurrent.ExecutionException: org.apache.ratis.thirdparty.io.grpc.StatusRuntimeException: DEADLINE_EXCEEDED: deadline exceeded after 2999741024ns
	at java.util.concurrent.FutureTask.report(FutureTask.java:122)
	at java.util.concurrent.FutureTask.get(FutureTask.java:192)
	at org.apache.ratis.server.impl.LeaderElection.waitForResults(LeaderElection.java:263)
	at org.apache.ratis.server.impl.LeaderElection.askForVotes(LeaderElection.java:201)
	at org.apache.ratis.server.impl.LeaderElection.run(LeaderElection.java:133)
	at java.lang.Thread.run(Thread.java:748)
Caused by: org.apache.ratis.thirdparty.io.grpc.StatusRuntimeException: DEADLINE_EXCEEDED: deadline exceeded after 2999741024ns
	at org.apache.ratis.thirdparty.io.grpc.stub.ClientCalls.toStatusRuntimeException(ClientCalls.java:233)
	at org.apache.ratis.thirdparty.io.grpc.stub.ClientCalls.getUnchecked(ClientCalls.java:214)
	at org.apache.ratis.thirdparty.io.grpc.stub.ClientCalls.blockingUnaryCall(ClientCalls.java:139)
	at org.apache.ratis.proto.grpc.RaftServerProtocolServiceGrpc$RaftServerProtocolServiceBlockingStub.requestVote(RaftServerProtocolServiceGrpc.java:265)
	at org.apache.ratis.grpc.server.GrpcServerProtocolClient.requestVote(GrpcServerProtocolClient.java:90)
	at org.apache.ratis.grpc.server.GrpcService.requestVote(GrpcService.java:204)
	at org.apache.ratis.server.impl.LeaderElection.lambda$submitRequests$1(LeaderElection.java:238)
	at java.util.concurrent.FutureTask.run(FutureTask.java:266)
	at java.util.concurrent.Executors$RunnableAdapter.call(Executors.java:511)
	at java.util.concurrent.FutureTask.run(FutureTask.java:266)
	at java.util.concurrent.ThreadPoolExecutor.runWorker(ThreadPoolExecutor.java:1149)
	at java.util.concurrent.ThreadPoolExecutor$Worker.run(ThreadPoolExecutor.java:624)
	... 1 more
2019-09-25 06:53:12,987 [39e8fa34-752e-4a48-ab6f-88eb3aeadb82@group-02BB0EF91B90:LeaderElection8] INFO  impl.LeaderElection (LogUtils.java:infoOrTrace(149)) - 39e8fa34-752e-4a48-ab6f-88eb3aeadb82@group-02BB0EF91B90:LeaderElection8 got exception when requesting votes: {}
java.util.concurrent.ExecutionException: org.apache.ratis.thirdparty.io.grpc.StatusRuntimeException: DEADLINE_EXCEEDED: deadline exceeded after 2988059253ns
	at java.util.concurrent.FutureTask.report(FutureTask.java:122)
	at java.util.concurrent.FutureTask.get(FutureTask.java:192)
	at org.apache.ratis.server.impl.LeaderElection.waitForResults(LeaderElection.java:263)
	at org.apache.ratis.server.impl.LeaderElection.askForVotes(LeaderElection.java:201)
	at org.apache.ratis.server.impl.LeaderElection.run(LeaderElection.java:133)
	at java.lang.Thread.run(Thread.java:748)
Caused by: org.apache.ratis.thirdparty.io.grpc.StatusRuntimeException: DEADLINE_EXCEEDED: deadline exceeded after 2988059253ns
	at org.apache.ratis.thirdparty.io.grpc.stub.ClientCalls.toStatusRuntimeException(ClientCalls.java:233)
	at org.apache.ratis.thirdparty.io.grpc.stub.ClientCalls.getUnchecked(ClientCalls.java:214)
	at org.apache.ratis.thirdparty.io.grpc.stub.ClientCalls.blockingUnaryCall(ClientCalls.java:139)
	at org.apache.ratis.proto.grpc.RaftServerProtocolServiceGrpc$RaftServerProtocolServiceBlockingStub.requestVote(RaftServerProtocolServiceGrpc.java:265)
	at org.apache.ratis.grpc.server.GrpcServerProtocolClient.requestVote(GrpcServerProtocolClient.java:90)
	at org.apache.ratis.grpc.server.GrpcService.requestVote(GrpcService.java:204)
	at org.apache.ratis.server.impl.LeaderElection.lambda$submitRequests$1(LeaderElection.java:238)
	at java.util.concurrent.FutureTask.run(FutureTask.java:266)
	at java.util.concurrent.Executors$RunnableAdapter.call(Executors.java:511)
	at java.util.concurrent.FutureTask.run(FutureTask.java:266)
	at java.util.concurrent.ThreadPoolExecutor.runWorker(ThreadPoolExecutor.java:1149)
	at java.util.concurrent.ThreadPoolExecutor$Worker.run(ThreadPoolExecutor.java:624)
	... 1 more
2019-09-25 06:53:12,984 [39e8fa34-752e-4a48-ab6f-88eb3aeadb82@group-E6D9B372AB49:LeaderElection7] INFO  impl.LeaderElection (LogUtils.java:infoOrTrace(149)) - 39e8fa34-752e-4a48-ab6f-88eb3aeadb82@group-E6D9B372AB49:LeaderElection7 got exception when requesting votes: {}
java.util.concurrent.ExecutionException: org.apache.ratis.thirdparty.io.grpc.StatusRuntimeException: DEADLINE_EXCEEDED: deadline exceeded after 2994330493ns
	at java.util.concurrent.FutureTask.report(FutureTask.java:122)
	at java.util.concurrent.FutureTask.get(FutureTask.java:192)
	at org.apache.ratis.server.impl.LeaderElection.waitForResults(LeaderElection.java:263)
	at org.apache.ratis.server.impl.LeaderElection.askForVotes(LeaderElection.java:201)
	at org.apache.ratis.server.impl.LeaderElection.run(LeaderElection.java:133)
	at java.lang.Thread.run(Thread.java:748)
Caused by: org.apache.ratis.thirdparty.io.grpc.StatusRuntimeException: DEADLINE_EXCEEDED: deadline exceeded after 2994330493ns
	at org.apache.ratis.thirdparty.io.grpc.stub.ClientCalls.toStatusRuntimeException(ClientCalls.java:233)
	at org.apache.ratis.thirdparty.io.grpc.stub.ClientCalls.getUnchecked(ClientCalls.java:214)
	at org.apache.ratis.thirdparty.io.grpc.stub.ClientCalls.blockingUnaryCall(ClientCalls.java:139)
	at org.apache.ratis.proto.grpc.RaftServerProtocolServiceGrpc$RaftServerProtocolServiceBlockingStub.requestVote(RaftServerProtocolServiceGrpc.java:265)
	at org.apache.ratis.grpc.server.GrpcServerProtocolClient.requestVote(GrpcServerProtocolClient.java:90)
	at org.apache.ratis.grpc.server.GrpcService.requestVote(GrpcService.java:204)
	at org.apache.ratis.server.impl.LeaderElection.lambda$submitRequests$1(LeaderElection.java:238)
	at java.util.concurrent.FutureTask.run(FutureTask.java:266)
	at java.util.concurrent.Executors$RunnableAdapter.call(Executors.java:511)
	at java.util.concurrent.FutureTask.run(FutureTask.java:266)
	at java.util.concurrent.ThreadPoolExecutor.runWorker(ThreadPoolExecutor.java:1149)
	at java.util.concurrent.ThreadPoolExecutor$Worker.run(ThreadPoolExecutor.java:624)
	... 1 more
2019-09-25 06:53:12,984 [5a5056d2-7b18-4f20-adb1-11c9552618dc@group-D55D3DF02927:LeaderElection3] INFO  impl.LeaderElection (LogUtils.java:infoOrTrace(149)) - 5a5056d2-7b18-4f20-adb1-11c9552618dc@group-D55D3DF02927:LeaderElection3 got exception when requesting votes: {}
java.util.concurrent.ExecutionException: org.apache.ratis.thirdparty.io.grpc.StatusRuntimeException: DEADLINE_EXCEEDED: deadline exceeded after 2999844414ns
	at java.util.concurrent.FutureTask.report(FutureTask.java:122)
	at java.util.concurrent.FutureTask.get(FutureTask.java:192)
	at org.apache.ratis.server.impl.LeaderElection.waitForResults(LeaderElection.java:263)
	at org.apache.ratis.server.impl.LeaderElection.askForVotes(LeaderElection.java:201)
	at org.apache.ratis.server.impl.LeaderElection.run(LeaderElection.java:133)
	at java.lang.Thread.run(Thread.java:748)
Caused by: org.apache.ratis.thirdparty.io.grpc.StatusRuntimeException: DEADLINE_EXCEEDED: deadline exceeded after 2999844414ns
	at org.apache.ratis.thirdparty.io.grpc.stub.ClientCalls.toStatusRuntimeException(ClientCalls.java:233)
	at org.apache.ratis.thirdparty.io.grpc.stub.ClientCalls.getUnchecked(ClientCalls.java:214)
	at org.apache.ratis.thirdparty.io.grpc.stub.ClientCalls.blockingUnaryCall(ClientCalls.java:139)
	at org.apache.ratis.proto.grpc.RaftServerProtocolServiceGrpc$RaftServerProtocolServiceBlockingStub.requestVote(RaftServerProtocolServiceGrpc.java:265)
	at org.apache.ratis.grpc.server.GrpcServerProtocolClient.requestVote(GrpcServerProtocolClient.java:90)
	at org.apache.ratis.grpc.server.GrpcService.requestVote(GrpcService.java:204)
	at org.apache.ratis.server.impl.LeaderElection.lambda$submitRequests$1(LeaderElection.java:238)
	at java.util.concurrent.FutureTask.run(FutureTask.java:266)
	at java.util.concurrent.Executors$RunnableAdapter.call(Executors.java:511)
	at java.util.concurrent.FutureTask.run(FutureTask.java:266)
	at java.util.concurrent.ThreadPoolExecutor.runWorker(ThreadPoolExecutor.java:1149)
	at java.util.concurrent.ThreadPoolExecutor$Worker.run(ThreadPoolExecutor.java:624)
	... 1 more
2019-09-25 06:53:12,984 [5a5056d2-7b18-4f20-adb1-11c9552618dc@group-02BB0EF91B90:LeaderElection4] INFO  impl.LeaderElection (LogUtils.java:infoOrTrace(149)) - 5a5056d2-7b18-4f20-adb1-11c9552618dc@group-02BB0EF91B90:LeaderElection4 got exception when requesting votes: {}
java.util.concurrent.ExecutionException: org.apache.ratis.thirdparty.io.grpc.StatusRuntimeException: DEADLINE_EXCEEDED: deadline exceeded after 2980667962ns
	at java.util.concurrent.FutureTask.report(FutureTask.java:122)
	at java.util.concurrent.FutureTask.get(FutureTask.java:192)
	at org.apache.ratis.server.impl.LeaderElection.waitForResults(LeaderElection.java:263)
	at org.apache.ratis.server.impl.LeaderElection.askForVotes(LeaderElection.java:201)
	at org.apache.ratis.server.impl.LeaderElection.run(LeaderElection.java:133)
	at java.lang.Thread.run(Thread.java:748)
Caused by: org.apache.ratis.thirdparty.io.grpc.StatusRuntimeException: DEADLINE_EXCEEDED: deadline exceeded after 2980667962ns
	at org.apache.ratis.thirdparty.io.grpc.stub.ClientCalls.toStatusRuntimeException(ClientCalls.java:233)
	at org.apache.ratis.thirdparty.io.grpc.stub.ClientCalls.getUnchecked(ClientCalls.java:214)
	at org.apache.ratis.thirdparty.io.grpc.stub.ClientCalls.blockingUnaryCall(ClientCalls.java:139)
	at org.apache.ratis.proto.grpc.RaftServerProtocolServiceGrpc$RaftServerProtocolServiceBlockingStub.requestVote(RaftServerProtocolServiceGrpc.java:265)
	at org.apache.ratis.grpc.server.GrpcServerProtocolClient.requestVote(GrpcServerProtocolClient.java:90)
	at org.apache.ratis.grpc.server.GrpcService.requestVote(GrpcService.java:204)
	at org.apache.ratis.server.impl.LeaderElection.lambda$submitRequests$1(LeaderElection.java:238)
	at java.util.concurrent.FutureTask.run(FutureTask.java:266)
	at java.util.concurrent.Executors$RunnableAdapter.call(Executors.java:511)
	at java.util.concurrent.FutureTask.run(FutureTask.java:266)
	at java.util.concurrent.ThreadPoolExecutor.runWorker(ThreadPoolExecutor.java:1149)
	at java.util.concurrent.ThreadPoolExecutor$Worker.run(ThreadPoolExecutor.java:624)
	... 1 more
2019-09-25 06:53:12,999 [5a5056d2-7b18-4f20-adb1-11c9552618dc@group-D55D3DF02927:LeaderElection3] INFO  impl.LeaderElection (LeaderElection.java:logAndReturn(56)) - 5a5056d2-7b18-4f20-adb1-11c9552618dc@group-D55D3DF02927:LeaderElection3: Election REJECTED; received 1 response(s) [5a5056d2-7b18-4f20-adb1-11c9552618dc<-969873e8-2b3e-40d4-aa10-c4ac05c56191#0:FAIL-t1] and 1 exception(s); 5a5056d2-7b18-4f20-adb1-11c9552618dc@group-D55D3DF02927:t1, leader=null, voted=5a5056d2-7b18-4f20-adb1-11c9552618dc, raftlog=5a5056d2-7b18-4f20-adb1-11c9552618dc@group-D55D3DF02927-SegmentedRaftLog:OPENED:c-1,f-1,i0, conf=-1: [5a5056d2-7b18-4f20-adb1-11c9552618dc:192.168.164.207:43950, 969873e8-2b3e-40d4-aa10-c4ac05c56191:192.168.164.207:38699, 8bb6bb58-9381-4956-a6ae-6423136ec2bb:192.168.164.207:33876], old=null
2019-09-25 06:53:12,997 [39e8fa34-752e-4a48-ab6f-88eb3aeadb82@group-E6D9B372AB49:LeaderElection7] INFO  impl.LeaderElection (LeaderElection.java:logAndReturn(56)) - 39e8fa34-752e-4a48-ab6f-88eb3aeadb82@group-E6D9B372AB49:LeaderElection7: Election REJECTED; received 1 response(s) [39e8fa34-752e-4a48-ab6f-88eb3aeadb82<-cb5f3901-e038-4412-8de0-2ef7bd4db2f0#0:FAIL-t1] and 1 exception(s); 39e8fa34-752e-4a48-ab6f-88eb3aeadb82@group-E6D9B372AB49:t1, leader=null, voted=39e8fa34-752e-4a48-ab6f-88eb3aeadb82, raftlog=39e8fa34-752e-4a48-ab6f-88eb3aeadb82@group-E6D9B372AB49-SegmentedRaftLog:OPENED:c-1,f-1,i0, conf=-1: [39e8fa34-752e-4a48-ab6f-88eb3aeadb82:192.168.164.207:36023, 8bb6bb58-9381-4956-a6ae-6423136ec2bb:192.168.164.207:33876, cb5f3901-e038-4412-8de0-2ef7bd4db2f0:192.168.164.207:45317], old=null
2019-09-25 06:53:12,995 [39e8fa34-752e-4a48-ab6f-88eb3aeadb82@group-02BB0EF91B90:LeaderElection8] INFO  impl.LeaderElection (LeaderElection.java:logAndReturn(56)) - 39e8fa34-752e-4a48-ab6f-88eb3aeadb82@group-02BB0EF91B90:LeaderElection8: Election REJECTED; received 1 response(s) [39e8fa34-752e-4a48-ab6f-88eb3aeadb82<-5a5056d2-7b18-4f20-adb1-11c9552618dc#0:FAIL-t1] and 1 exception(s); 39e8fa34-752e-4a48-ab6f-88eb3aeadb82@group-02BB0EF91B90:t1, leader=null, voted=39e8fa34-752e-4a48-ab6f-88eb3aeadb82, raftlog=39e8fa34-752e-4a48-ab6f-88eb3aeadb82@group-02BB0EF91B90-SegmentedRaftLog:OPENED:c-1,f-1,i0, conf=-1: [5a5056d2-7b18-4f20-adb1-11c9552618dc:192.168.164.207:43950, 39e8fa34-752e-4a48-ab6f-88eb3aeadb82:192.168.164.207:36023, 8bb6bb58-9381-4956-a6ae-6423136ec2bb:192.168.164.207:33876], old=null
2019-09-25 06:53:13,003 [5a5056d2-7b18-4f20-adb1-11c9552618dc@group-D55D3DF02927:LeaderElection3] INFO  impl.LeaderElection (LogUtils.java:infoOrTrace(149)) -   Exception 0: {}
java.util.concurrent.ExecutionException: org.apache.ratis.thirdparty.io.grpc.StatusRuntimeException: DEADLINE_EXCEEDED: deadline exceeded after 2999844414ns
	at java.util.concurrent.FutureTask.report(FutureTask.java:122)
	at java.util.concurrent.FutureTask.get(FutureTask.java:192)
	at org.apache.ratis.server.impl.LeaderElection.waitForResults(LeaderElection.java:263)
	at org.apache.ratis.server.impl.LeaderElection.askForVotes(LeaderElection.java:201)
	at org.apache.ratis.server.impl.LeaderElection.run(LeaderElection.java:133)
	at java.lang.Thread.run(Thread.java:748)
Caused by: org.apache.ratis.thirdparty.io.grpc.StatusRuntimeException: DEADLINE_EXCEEDED: deadline exceeded after 2999844414ns
	at org.apache.ratis.thirdparty.io.grpc.stub.ClientCalls.toStatusRuntimeException(ClientCalls.java:233)
	at org.apache.ratis.thirdparty.io.grpc.stub.ClientCalls.getUnchecked(ClientCalls.java:214)
	at org.apache.ratis.thirdparty.io.grpc.stub.ClientCalls.blockingUnaryCall(ClientCalls.java:139)
	at org.apache.ratis.proto.grpc.RaftServerProtocolServiceGrpc$RaftServerProtocolServiceBlockingStub.requestVote(RaftServerProtocolServiceGrpc.java:265)
	at org.apache.ratis.grpc.server.GrpcServerProtocolClient.requestVote(GrpcServerProtocolClient.java:90)
	at org.apache.ratis.grpc.server.GrpcService.requestVote(GrpcService.java:204)
	at org.apache.ratis.server.impl.LeaderElection.lambda$submitRequests$1(LeaderElection.java:238)
	at java.util.concurrent.FutureTask.run(FutureTask.java:266)
	at java.util.concurrent.Executors$RunnableAdapter.call(Executors.java:511)
	at java.util.concurrent.FutureTask.run(FutureTask.java:266)
	at java.util.concurrent.ThreadPoolExecutor.runWorker(ThreadPoolExecutor.java:1149)
	at java.util.concurrent.ThreadPoolExecutor$Worker.run(ThreadPoolExecutor.java:624)
	... 1 more
2019-09-25 06:53:12,993 [969873e8-2b3e-40d4-aa10-c4ac05c56191@group-D55D3DF02927:LeaderElection5] INFO  impl.LeaderElection (LeaderElection.java:logAndReturn(56)) - 969873e8-2b3e-40d4-aa10-c4ac05c56191@group-D55D3DF02927:LeaderElection5: Election REJECTED; received 1 response(s) [969873e8-2b3e-40d4-aa10-c4ac05c56191<-5a5056d2-7b18-4f20-adb1-11c9552618dc#0:FAIL-t1] and 1 exception(s); 969873e8-2b3e-40d4-aa10-c4ac05c56191@group-D55D3DF02927:t1, leader=null, voted=969873e8-2b3e-40d4-aa10-c4ac05c56191, raftlog=969873e8-2b3e-40d4-aa10-c4ac05c56191@group-D55D3DF02927-SegmentedRaftLog:OPENED:c-1,f-1,i0, conf=-1: [5a5056d2-7b18-4f20-adb1-11c9552618dc:192.168.164.207:43950, 969873e8-2b3e-40d4-aa10-c4ac05c56191:192.168.164.207:38699, 8bb6bb58-9381-4956-a6ae-6423136ec2bb:192.168.164.207:33876], old=null
2019-09-25 06:53:12,989 [cb5f3901-e038-4412-8de0-2ef7bd4db2f0@group-E6D9B372AB49:LeaderElection11] INFO  impl.LeaderElection (LeaderElection.java:logAndReturn(56)) - cb5f3901-e038-4412-8de0-2ef7bd4db2f0@group-E6D9B372AB49:LeaderElection11: Election REJECTED; received 1 response(s) [cb5f3901-e038-4412-8de0-2ef7bd4db2f0<-39e8fa34-752e-4a48-ab6f-88eb3aeadb82#0:FAIL-t1] and 1 exception(s); cb5f3901-e038-4412-8de0-2ef7bd4db2f0@group-E6D9B372AB49:t1, leader=null, voted=cb5f3901-e038-4412-8de0-2ef7bd4db2f0, raftlog=cb5f3901-e038-4412-8de0-2ef7bd4db2f0@group-E6D9B372AB49-SegmentedRaftLog:OPENED:c-1,f-1,i0, conf=-1: [39e8fa34-752e-4a48-ab6f-88eb3aeadb82:192.168.164.207:36023, 8bb6bb58-9381-4956-a6ae-6423136ec2bb:192.168.164.207:33876, cb5f3901-e038-4412-8de0-2ef7bd4db2f0:192.168.164.207:45317], old=null
2019-09-25 06:53:13,006 [969873e8-2b3e-40d4-aa10-c4ac05c56191@group-D55D3DF02927:LeaderElection5] INFO  impl.LeaderElection (LogUtils.java:infoOrTrace(149)) -   Exception 0: {}
java.util.concurrent.ExecutionException: org.apache.ratis.thirdparty.io.grpc.StatusRuntimeException: DEADLINE_EXCEEDED: deadline exceeded after 2999741024ns
	at java.util.concurrent.FutureTask.report(FutureTask.java:122)
	at java.util.concurrent.FutureTask.get(FutureTask.java:192)
	at org.apache.ratis.server.impl.LeaderElection.waitForResults(LeaderElection.java:263)
	at org.apache.ratis.server.impl.LeaderElection.askForVotes(LeaderElection.java:201)
	at org.apache.ratis.server.impl.LeaderElection.run(LeaderElection.java:133)
	at java.lang.Thread.run(Thread.java:748)
Caused by: org.apache.ratis.thirdparty.io.grpc.StatusRuntimeException: DEADLINE_EXCEEDED: deadline exceeded after 2999741024ns
	at org.apache.ratis.thirdparty.io.grpc.stub.ClientCalls.toStatusRuntimeException(ClientCalls.java:233)
	at org.apache.ratis.thirdparty.io.grpc.stub.ClientCalls.getUnchecked(ClientCalls.java:214)
	at org.apache.ratis.thirdparty.io.grpc.stub.ClientCalls.blockingUnaryCall(ClientCalls.java:139)
	at org.apache.ratis.proto.grpc.RaftServerProtocolServiceGrpc$RaftServerProtocolServiceBlockingStub.requestVote(RaftServerProtocolServiceGrpc.java:265)
	at org.apache.ratis.grpc.server.GrpcServerProtocolClient.requestVote(GrpcServerProtocolClient.java:90)
	at org.apache.ratis.grpc.server.GrpcService.requestVote(GrpcService.java:204)
	at org.apache.ratis.server.impl.LeaderElection.lambda$submitRequests$1(LeaderElection.java:238)
	at java.util.concurrent.FutureTask.run(FutureTask.java:266)
	at java.util.concurrent.Executors$RunnableAdapter.call(Executors.java:511)
	at java.util.concurrent.FutureTask.run(FutureTask.java:266)
	at java.util.concurrent.ThreadPoolExecutor.runWorker(ThreadPoolExecutor.java:1149)
	at java.util.concurrent.ThreadPoolExecutor$Worker.run(ThreadPoolExecutor.java:624)
	... 1 more
2019-09-25 06:53:13,006 [5a5056d2-7b18-4f20-adb1-11c9552618dc@group-D55D3DF02927:LeaderElection3] INFO  impl.RaftServerImpl (RaftServerImpl.java:setRole(174)) - 5a5056d2-7b18-4f20-adb1-11c9552618dc@group-D55D3DF02927: changes role from CANDIDATE to FOLLOWER at term 1 for DISCOVERED_A_NEW_TERM
2019-09-25 06:53:13,004 [39e8fa34-752e-4a48-ab6f-88eb3aeadb82@group-02BB0EF91B90:LeaderElection8] INFO  impl.LeaderElection (LogUtils.java:infoOrTrace(149)) -   Exception 0: {}
java.util.concurrent.ExecutionException: org.apache.ratis.thirdparty.io.grpc.StatusRuntimeException: DEADLINE_EXCEEDED: deadline exceeded after 2988059253ns
	at java.util.concurrent.FutureTask.report(FutureTask.java:122)
	at java.util.concurrent.FutureTask.get(FutureTask.java:192)
	at org.apache.ratis.server.impl.LeaderElection.waitForResults(LeaderElection.java:263)
	at org.apache.ratis.server.impl.LeaderElection.askForVotes(LeaderElection.java:201)
	at org.apache.ratis.server.impl.LeaderElection.run(LeaderElection.java:133)
	at java.lang.Thread.run(Thread.java:748)
Caused by: org.apache.ratis.thirdparty.io.grpc.StatusRuntimeException: DEADLINE_EXCEEDED: deadline exceeded after 2988059253ns
	at org.apache.ratis.thirdparty.io.grpc.stub.ClientCalls.toStatusRuntimeException(ClientCalls.java:233)
	at org.apache.ratis.thirdparty.io.grpc.stub.ClientCalls.getUnchecked(ClientCalls.java:214)
	at org.apache.ratis.thirdparty.io.grpc.stub.ClientCalls.blockingUnaryCall(ClientCalls.java:139)
	at org.apache.ratis.proto.grpc.RaftServerProtocolServiceGrpc$RaftServerProtocolServiceBlockingStub.requestVote(RaftServerProtocolServiceGrpc.java:265)
	at org.apache.ratis.grpc.server.GrpcServerProtocolClient.requestVote(GrpcServerProtocolClient.java:90)
	at org.apache.ratis.grpc.server.GrpcService.requestVote(GrpcService.java:204)
	at org.apache.ratis.server.impl.LeaderElection.lambda$submitRequests$1(LeaderElection.java:238)
	at java.util.concurrent.FutureTask.run(FutureTask.java:266)
	at java.util.concurrent.Executors$RunnableAdapter.call(Executors.java:511)
	at java.util.concurrent.FutureTask.run(FutureTask.java:266)
	at java.util.concurrent.ThreadPoolExecutor.runWorker(ThreadPoolExecutor.java:1149)
	at java.util.concurrent.ThreadPoolExecutor$Worker.run(ThreadPoolExecutor.java:624)
	... 1 more
2019-09-25 06:53:13,004 [39e8fa34-752e-4a48-ab6f-88eb3aeadb82@group-E6D9B372AB49:LeaderElection7] INFO  impl.LeaderElection (LogUtils.java:infoOrTrace(149)) -   Exception 0: {}
java.util.concurrent.ExecutionException: org.apache.ratis.thirdparty.io.grpc.StatusRuntimeException: DEADLINE_EXCEEDED: deadline exceeded after 2994330493ns
	at java.util.concurrent.FutureTask.report(FutureTask.java:122)
	at java.util.concurrent.FutureTask.get(FutureTask.java:192)
	at org.apache.ratis.server.impl.LeaderElection.waitForResults(LeaderElection.java:263)
	at org.apache.ratis.server.impl.LeaderElection.askForVotes(LeaderElection.java:201)
	at org.apache.ratis.server.impl.LeaderElection.run(LeaderElection.java:133)
	at java.lang.Thread.run(Thread.java:748)
Caused by: org.apache.ratis.thirdparty.io.grpc.StatusRuntimeException: DEADLINE_EXCEEDED: deadline exceeded after 2994330493ns
	at org.apache.ratis.thirdparty.io.grpc.stub.ClientCalls.toStatusRuntimeException(ClientCalls.java:233)
	at org.apache.ratis.thirdparty.io.grpc.stub.ClientCalls.getUnchecked(ClientCalls.java:214)
	at org.apache.ratis.thirdparty.io.grpc.stub.ClientCalls.blockingUnaryCall(ClientCalls.java:139)
	at org.apache.ratis.proto.grpc.RaftServerProtocolServiceGrpc$RaftServerProtocolServiceBlockingStub.requestVote(RaftServerProtocolServiceGrpc.java:265)
	at org.apache.ratis.grpc.server.GrpcServerProtocolClient.requestVote(GrpcServerProtocolClient.java:90)
	at org.apache.ratis.grpc.server.GrpcService.requestVote(GrpcService.java:204)
	at org.apache.ratis.server.impl.LeaderElection.lambda$submitRequests$1(LeaderElection.java:238)
	at java.util.concurrent.FutureTask.run(FutureTask.java:266)
	at java.util.concurrent.Executors$RunnableAdapter.call(Executors.java:511)
	at java.util.concurrent.FutureTask.run(FutureTask.java:266)
	at java.util.concurrent.ThreadPoolExecutor.runWorker(ThreadPoolExecutor.java:1149)
	at java.util.concurrent.ThreadPoolExecutor$Worker.run(ThreadPoolExecutor.java:624)
	... 1 more
2019-09-25 06:53:13,001 [5a5056d2-7b18-4f20-adb1-11c9552618dc@group-02BB0EF91B90:LeaderElection4] INFO  impl.LeaderElection (LeaderElection.java:logAndReturn(56)) - 5a5056d2-7b18-4f20-adb1-11c9552618dc@group-02BB0EF91B90:LeaderElection4: Election REJECTED; received 1 response(s) [5a5056d2-7b18-4f20-adb1-11c9552618dc<-39e8fa34-752e-4a48-ab6f-88eb3aeadb82#0:FAIL-t1] and 1 exception(s); 5a5056d2-7b18-4f20-adb1-11c9552618dc@group-02BB0EF91B90:t1, leader=null, voted=5a5056d2-7b18-4f20-adb1-11c9552618dc, raftlog=5a5056d2-7b18-4f20-adb1-11c9552618dc@group-02BB0EF91B90-SegmentedRaftLog:OPENED:c-1,f-1,i0, conf=-1: [5a5056d2-7b18-4f20-adb1-11c9552618dc:192.168.164.207:43950, 39e8fa34-752e-4a48-ab6f-88eb3aeadb82:192.168.164.207:36023, 8bb6bb58-9381-4956-a6ae-6423136ec2bb:192.168.164.207:33876], old=null
2019-09-25 06:53:13,017 [39e8fa34-752e-4a48-ab6f-88eb3aeadb82@group-E6D9B372AB49:LeaderElection7] INFO  impl.RaftServerImpl (RaftServerImpl.java:setRole(174)) - 39e8fa34-752e-4a48-ab6f-88eb3aeadb82@group-E6D9B372AB49: changes role from CANDIDATE to FOLLOWER at term 1 for DISCOVERED_A_NEW_TERM
2019-09-25 06:53:13,015 [39e8fa34-752e-4a48-ab6f-88eb3aeadb82@group-02BB0EF91B90:LeaderElection8] INFO  impl.RaftServerImpl (RaftServerImpl.java:setRole(174)) - 39e8fa34-752e-4a48-ab6f-88eb3aeadb82@group-02BB0EF91B90: changes role from CANDIDATE to FOLLOWER at term 1 for DISCOVERED_A_NEW_TERM
2019-09-25 06:53:13,013 [5a5056d2-7b18-4f20-adb1-11c9552618dc@group-D55D3DF02927:LeaderElection3] INFO  impl.RoleInfo (RoleInfo.java:shutdownLeaderElection(134)) - 5a5056d2-7b18-4f20-adb1-11c9552618dc: shutdown LeaderElection
2019-09-25 06:53:13,013 [969873e8-2b3e-40d4-aa10-c4ac05c56191@group-D55D3DF02927:LeaderElection5] INFO  impl.RaftServerImpl (RaftServerImpl.java:setRole(174)) - 969873e8-2b3e-40d4-aa10-c4ac05c56191@group-D55D3DF02927: changes role from CANDIDATE to FOLLOWER at term 1 for DISCOVERED_A_NEW_TERM
2019-09-25 06:53:13,022 [969873e8-2b3e-40d4-aa10-c4ac05c56191@group-D55D3DF02927:LeaderElection5] INFO  impl.RoleInfo (RoleInfo.java:shutdownLeaderElection(134)) - 969873e8-2b3e-40d4-aa10-c4ac05c56191: shutdown LeaderElection
2019-09-25 06:53:13,008 [cb5f3901-e038-4412-8de0-2ef7bd4db2f0@group-E6D9B372AB49:LeaderElection11] INFO  impl.LeaderElection (LogUtils.java:infoOrTrace(149)) -   Exception 0: {}
java.util.concurrent.ExecutionException: org.apache.ratis.thirdparty.io.grpc.StatusRuntimeException: DEADLINE_EXCEEDED: deadline exceeded after 2987937428ns
	at java.util.concurrent.FutureTask.report(FutureTask.java:122)
	at java.util.concurrent.FutureTask.get(FutureTask.java:192)
	at org.apache.ratis.server.impl.LeaderElection.waitForResults(LeaderElection.java:263)
	at org.apache.ratis.server.impl.LeaderElection.askForVotes(LeaderElection.java:201)
	at org.apache.ratis.server.impl.LeaderElection.run(LeaderElection.java:133)
	at java.lang.Thread.run(Thread.java:748)
Caused by: org.apache.ratis.thirdparty.io.grpc.StatusRuntimeException: DEADLINE_EXCEEDED: deadline exceeded after 2987937428ns
	at org.apache.ratis.thirdparty.io.grpc.stub.ClientCalls.toStatusRuntimeException(ClientCalls.java:233)
	at org.apache.ratis.thirdparty.io.grpc.stub.ClientCalls.getUnchecked(ClientCalls.java:214)
	at org.apache.ratis.thirdparty.io.grpc.stub.ClientCalls.blockingUnaryCall(ClientCalls.java:139)
	at org.apache.ratis.proto.grpc.RaftServerProtocolServiceGrpc$RaftServerProtocolServiceBlockingStub.requestVote(RaftServerProtocolServiceGrpc.java:265)
	at org.apache.ratis.grpc.server.GrpcServerProtocolClient.requestVote(GrpcServerProtocolClient.java:90)
	at org.apache.ratis.grpc.server.GrpcService.requestVote(GrpcService.java:204)
	at org.apache.ratis.server.impl.LeaderElection.lambda$submitRequests$1(LeaderElection.java:238)
	at java.util.concurrent.FutureTask.run(FutureTask.java:266)
	at java.util.concurrent.Executors$RunnableAdapter.call(Executors.java:511)
	at java.util.concurrent.FutureTask.run(FutureTask.java:266)
	at java.util.concurrent.ThreadPoolExecutor.runWorker(ThreadPoolExecutor.java:1149)
	at java.util.concurrent.ThreadPoolExecutor$Worker.run(ThreadPoolExecutor.java:624)
	... 1 more
2019-09-25 06:53:13,022 [969873e8-2b3e-40d4-aa10-c4ac05c56191@group-D55D3DF02927:LeaderElection5] INFO  impl.RoleInfo (RoleInfo.java:updateAndGet(143)) - 969873e8-2b3e-40d4-aa10-c4ac05c56191: start FollowerState
2019-09-25 06:53:13,022 [5a5056d2-7b18-4f20-adb1-11c9552618dc@group-D55D3DF02927:LeaderElection3] INFO  impl.RoleInfo (RoleInfo.java:updateAndGet(143)) - 5a5056d2-7b18-4f20-adb1-11c9552618dc: start FollowerState
2019-09-25 06:53:13,022 [39e8fa34-752e-4a48-ab6f-88eb3aeadb82@group-02BB0EF91B90:LeaderElection8] INFO  impl.RoleInfo (RoleInfo.java:shutdownLeaderElection(134)) - 39e8fa34-752e-4a48-ab6f-88eb3aeadb82: shutdown LeaderElection
2019-09-25 06:53:13,020 [39e8fa34-752e-4a48-ab6f-88eb3aeadb82@group-E6D9B372AB49:LeaderElection7] INFO  impl.RoleInfo (RoleInfo.java:shutdownLeaderElection(134)) - 39e8fa34-752e-4a48-ab6f-88eb3aeadb82: shutdown LeaderElection
2019-09-25 06:53:13,018 [5a5056d2-7b18-4f20-adb1-11c9552618dc@group-02BB0EF91B90:LeaderElection4] INFO  impl.LeaderElection (LogUtils.java:infoOrTrace(149)) -   Exception 0: {}
java.util.concurrent.ExecutionException: org.apache.ratis.thirdparty.io.grpc.StatusRuntimeException: DEADLINE_EXCEEDED: deadline exceeded after 2980667962ns
	at java.util.concurrent.FutureTask.report(FutureTask.java:122)
	at java.util.concurrent.FutureTask.get(FutureTask.java:192)
	at org.apache.ratis.server.impl.LeaderElection.waitForResults(LeaderElection.java:263)
	at org.apache.ratis.server.impl.LeaderElection.askForVotes(LeaderElection.java:201)
	at org.apache.ratis.server.impl.LeaderElection.run(LeaderElection.java:133)
	at java.lang.Thread.run(Thread.java:748)
Caused by: org.apache.ratis.thirdparty.io.grpc.StatusRuntimeException: DEADLINE_EXCEEDED: deadline exceeded after 2980667962ns
	at org.apache.ratis.thirdparty.io.grpc.stub.ClientCalls.toStatusRuntimeException(ClientCalls.java:233)
	at org.apache.ratis.thirdparty.io.grpc.stub.ClientCalls.getUnchecked(ClientCalls.java:214)
	at org.apache.ratis.thirdparty.io.grpc.stub.ClientCalls.blockingUnaryCall(ClientCalls.java:139)
	at org.apache.ratis.proto.grpc.RaftServerProtocolServiceGrpc$RaftServerProtocolServiceBlockingStub.requestVote(RaftServerProtocolServiceGrpc.java:265)
	at org.apache.ratis.grpc.server.GrpcServerProtocolClient.requestVote(GrpcServerProtocolClient.java:90)
	at org.apache.ratis.grpc.server.GrpcService.requestVote(GrpcService.java:204)
	at org.apache.ratis.server.impl.LeaderElection.lambda$submitRequests$1(LeaderElection.java:238)
	at java.util.concurrent.FutureTask.run(FutureTask.java:266)
	at java.util.concurrent.Executors$RunnableAdapter.call(Executors.java:511)
	at java.util.concurrent.FutureTask.run(FutureTask.java:266)
	at java.util.concurrent.ThreadPoolExecutor.runWorker(ThreadPoolExecutor.java:1149)
	at java.util.concurrent.ThreadPoolExecutor$Worker.run(ThreadPoolExecutor.java:624)
	... 1 more
2019-09-25 06:53:13,029 [39e8fa34-752e-4a48-ab6f-88eb3aeadb82@group-E6D9B372AB49:LeaderElection7] INFO  impl.RoleInfo (RoleInfo.java:updateAndGet(143)) - 39e8fa34-752e-4a48-ab6f-88eb3aeadb82: start FollowerState
2019-09-25 06:53:13,029 [39e8fa34-752e-4a48-ab6f-88eb3aeadb82@group-02BB0EF91B90:LeaderElection8] INFO  impl.RoleInfo (RoleInfo.java:updateAndGet(143)) - 39e8fa34-752e-4a48-ab6f-88eb3aeadb82: start FollowerState
2019-09-25 06:53:13,023 [cb5f3901-e038-4412-8de0-2ef7bd4db2f0@group-E6D9B372AB49:LeaderElection11] INFO  impl.RaftServerImpl (RaftServerImpl.java:setRole(174)) - cb5f3901-e038-4412-8de0-2ef7bd4db2f0@group-E6D9B372AB49: changes role from CANDIDATE to FOLLOWER at term 1 for DISCOVERED_A_NEW_TERM
2019-09-25 06:53:13,030 [5a5056d2-7b18-4f20-adb1-11c9552618dc@group-02BB0EF91B90:LeaderElection4] INFO  impl.RaftServerImpl (RaftServerImpl.java:setRole(174)) - 5a5056d2-7b18-4f20-adb1-11c9552618dc@group-02BB0EF91B90: changes role from CANDIDATE to FOLLOWER at term 1 for DISCOVERED_A_NEW_TERM
2019-09-25 06:53:13,030 [cb5f3901-e038-4412-8de0-2ef7bd4db2f0@group-E6D9B372AB49:LeaderElection11] INFO  impl.RoleInfo (RoleInfo.java:shutdownLeaderElection(134)) - cb5f3901-e038-4412-8de0-2ef7bd4db2f0: shutdown LeaderElection
2019-09-25 06:53:13,030 [5a5056d2-7b18-4f20-adb1-11c9552618dc@group-02BB0EF91B90:LeaderElection4] INFO  impl.RoleInfo (RoleInfo.java:shutdownLeaderElection(134)) - 5a5056d2-7b18-4f20-adb1-11c9552618dc: shutdown LeaderElection
2019-09-25 06:53:13,031 [cb5f3901-e038-4412-8de0-2ef7bd4db2f0@group-E6D9B372AB49:LeaderElection11] INFO  impl.RoleInfo (RoleInfo.java:updateAndGet(143)) - cb5f3901-e038-4412-8de0-2ef7bd4db2f0: start FollowerState
2019-09-25 06:53:13,031 [5a5056d2-7b18-4f20-adb1-11c9552618dc@group-02BB0EF91B90:LeaderElection4] INFO  impl.RoleInfo (RoleInfo.java:updateAndGet(143)) - 5a5056d2-7b18-4f20-adb1-11c9552618dc: start FollowerState
2019-09-25 06:53:15,134 [Thread-300] INFO  impl.FollowerState (FollowerState.java:run(106)) - 5a5056d2-7b18-4f20-adb1-11c9552618dc:group-84761A752843 changes to CANDIDATE, lastRpcTime:5019, electionTimeout:5019ms
2019-09-25 06:53:15,134 [Thread-301] INFO  impl.FollowerState (FollowerState.java:run(106)) - 969873e8-2b3e-40d4-aa10-c4ac05c56191:group-84761A752843 changes to CANDIDATE, lastRpcTime:5019, electionTimeout:5019ms
2019-09-25 06:53:15,135 [Thread-300] INFO  impl.RoleInfo (RoleInfo.java:shutdownFollowerState(121)) - 5a5056d2-7b18-4f20-adb1-11c9552618dc: shutdown FollowerState
2019-09-25 06:53:15,135 [Thread-301] INFO  impl.RoleInfo (RoleInfo.java:shutdownFollowerState(121)) - 969873e8-2b3e-40d4-aa10-c4ac05c56191: shutdown FollowerState
2019-09-25 06:53:15,135 [Thread-300] INFO  impl.RaftServerImpl (RaftServerImpl.java:setRole(174)) - 5a5056d2-7b18-4f20-adb1-11c9552618dc@group-84761A752843: changes role from  FOLLOWER to CANDIDATE at term 0 for changeToCandidate
2019-09-25 06:53:15,135 [Thread-301] INFO  impl.RaftServerImpl (RaftServerImpl.java:setRole(174)) - 969873e8-2b3e-40d4-aa10-c4ac05c56191@group-84761A752843: changes role from  FOLLOWER to CANDIDATE at term 0 for changeToCandidate
2019-09-25 06:53:15,135 [Thread-300] INFO  impl.RoleInfo (RoleInfo.java:updateAndGet(143)) - 5a5056d2-7b18-4f20-adb1-11c9552618dc: start LeaderElection
2019-09-25 06:53:15,135 [Thread-301] INFO  impl.RoleInfo (RoleInfo.java:updateAndGet(143)) - 969873e8-2b3e-40d4-aa10-c4ac05c56191: start LeaderElection
2019-09-25 06:53:15,206 [Thread-293] INFO  impl.FollowerState (FollowerState.java:run(106)) - 969873e8-2b3e-40d4-aa10-c4ac05c56191:group-70A50D7F7C21 changes to CANDIDATE, lastRpcTime:5102, electionTimeout:5099ms
2019-09-25 06:53:15,206 [Thread-293] INFO  impl.RoleInfo (RoleInfo.java:shutdownFollowerState(121)) - 969873e8-2b3e-40d4-aa10-c4ac05c56191: shutdown FollowerState
2019-09-25 06:53:15,207 [Thread-293] INFO  impl.RaftServerImpl (RaftServerImpl.java:setRole(174)) - 969873e8-2b3e-40d4-aa10-c4ac05c56191@group-70A50D7F7C21: changes role from  FOLLOWER to CANDIDATE at term 1 for changeToCandidate
2019-09-25 06:53:15,207 [Thread-293] INFO  impl.RoleInfo (RoleInfo.java:updateAndGet(143)) - 969873e8-2b3e-40d4-aa10-c4ac05c56191: start LeaderElection
2019-09-25 06:53:15,230 [Thread-298] INFO  impl.FollowerState (FollowerState.java:run(106)) - cb5f3901-e038-4412-8de0-2ef7bd4db2f0:group-84761A752843 changes to CANDIDATE, lastRpcTime:5116, electionTimeout:5116ms
2019-09-25 06:53:15,230 [Thread-298] INFO  impl.RoleInfo (RoleInfo.java:shutdownFollowerState(121)) - cb5f3901-e038-4412-8de0-2ef7bd4db2f0: shutdown FollowerState
2019-09-25 06:53:15,230 [Thread-298] INFO  impl.RaftServerImpl (RaftServerImpl.java:setRole(174)) - cb5f3901-e038-4412-8de0-2ef7bd4db2f0@group-84761A752843: changes role from  FOLLOWER to CANDIDATE at term 0 for changeToCandidate
2019-09-25 06:53:15,230 [Thread-298] INFO  impl.RoleInfo (RoleInfo.java:updateAndGet(143)) - cb5f3901-e038-4412-8de0-2ef7bd4db2f0: start LeaderElection
2019-09-25 06:53:15,234 [Thread-294] INFO  impl.FollowerState (FollowerState.java:run(106)) - 5a5056d2-7b18-4f20-adb1-11c9552618dc:group-70A50D7F7C21 changes to CANDIDATE, lastRpcTime:5127, electionTimeout:5126ms
2019-09-25 06:53:15,234 [Thread-294] INFO  impl.RoleInfo (RoleInfo.java:shutdownFollowerState(121)) - 5a5056d2-7b18-4f20-adb1-11c9552618dc: shutdown FollowerState
2019-09-25 06:53:15,234 [Thread-294] INFO  impl.RaftServerImpl (RaftServerImpl.java:setRole(174)) - 5a5056d2-7b18-4f20-adb1-11c9552618dc@group-70A50D7F7C21: changes role from  FOLLOWER to CANDIDATE at term 1 for changeToCandidate
2019-09-25 06:53:15,235 [Thread-294] INFO  impl.RoleInfo (RoleInfo.java:updateAndGet(143)) - 5a5056d2-7b18-4f20-adb1-11c9552618dc: start LeaderElection
2019-09-25 06:53:15,276 [Thread-290] INFO  impl.FollowerState (FollowerState.java:run(106)) - 8bb6bb58-9381-4956-a6ae-6423136ec2bb:group-D55D3DF02927 changes to CANDIDATE, lastRpcTime:5215, electionTimeout:5009ms
2019-09-25 06:53:15,277 [Thread-289] INFO  impl.FollowerState (FollowerState.java:run(106)) - 8bb6bb58-9381-4956-a6ae-6423136ec2bb:group-02BB0EF91B90 changes to CANDIDATE, lastRpcTime:5220, electionTimeout:5008ms
2019-09-25 06:53:15,277 [Thread-291] INFO  impl.FollowerState (FollowerState.java:run(106)) - 8bb6bb58-9381-4956-a6ae-6423136ec2bb:group-E6D9B372AB49 changes to CANDIDATE, lastRpcTime:5215, electionTimeout:5165ms
2019-09-25 06:53:15,277 [Thread-289] INFO  impl.RoleInfo (RoleInfo.java:shutdownFollowerState(121)) - 8bb6bb58-9381-4956-a6ae-6423136ec2bb: shutdown FollowerState
2019-09-25 06:53:15,277 [Thread-291] INFO  impl.RoleInfo (RoleInfo.java:shutdownFollowerState(121)) - 8bb6bb58-9381-4956-a6ae-6423136ec2bb: shutdown FollowerState
2019-09-25 06:53:15,277 [Thread-290] INFO  impl.RoleInfo (RoleInfo.java:shutdownFollowerState(121)) - 8bb6bb58-9381-4956-a6ae-6423136ec2bb: shutdown FollowerState
2019-09-25 06:53:15,277 [Thread-291] INFO  impl.RaftServerImpl (RaftServerImpl.java:setRole(174)) - 8bb6bb58-9381-4956-a6ae-6423136ec2bb@group-E6D9B372AB49: changes role from  FOLLOWER to CANDIDATE at term 1 for changeToCandidate
2019-09-25 06:53:15,277 [Thread-289] INFO  impl.RaftServerImpl (RaftServerImpl.java:setRole(174)) - 8bb6bb58-9381-4956-a6ae-6423136ec2bb@group-02BB0EF91B90: changes role from  FOLLOWER to CANDIDATE at term 1 for changeToCandidate
2019-09-25 06:53:15,277 [Thread-290] INFO  impl.RaftServerImpl (RaftServerImpl.java:setRole(174)) - 8bb6bb58-9381-4956-a6ae-6423136ec2bb@group-D55D3DF02927: changes role from  FOLLOWER to CANDIDATE at term 1 for changeToCandidate
2019-09-25 06:53:15,277 [Thread-289] INFO  impl.RoleInfo (RoleInfo.java:updateAndGet(143)) - 8bb6bb58-9381-4956-a6ae-6423136ec2bb: start LeaderElection
2019-09-25 06:53:15,277 [Thread-291] INFO  impl.RoleInfo (RoleInfo.java:updateAndGet(143)) - 8bb6bb58-9381-4956-a6ae-6423136ec2bb: start LeaderElection
2019-09-25 06:53:15,278 [Thread-290] INFO  impl.RoleInfo (RoleInfo.java:updateAndGet(143)) - 8bb6bb58-9381-4956-a6ae-6423136ec2bb: start LeaderElection
2019-09-25 06:53:15,306 [Thread-292] INFO  impl.FollowerState (FollowerState.java:run(106)) - 8bb6bb58-9381-4956-a6ae-6423136ec2bb:group-70A50D7F7C21 changes to CANDIDATE, lastRpcTime:5202, electionTimeout:5198ms
2019-09-25 06:53:15,307 [Thread-292] INFO  impl.RoleInfo (RoleInfo.java:shutdownFollowerState(121)) - 8bb6bb58-9381-4956-a6ae-6423136ec2bb: shutdown FollowerState
2019-09-25 06:53:15,307 [Thread-292] INFO  impl.RaftServerImpl (RaftServerImpl.java:setRole(174)) - 8bb6bb58-9381-4956-a6ae-6423136ec2bb@group-70A50D7F7C21: changes role from  FOLLOWER to CANDIDATE at term 1 for changeToCandidate
2019-09-25 06:53:15,307 [Thread-292] INFO  impl.RoleInfo (RoleInfo.java:updateAndGet(143)) - 8bb6bb58-9381-4956-a6ae-6423136ec2bb: start LeaderElection
2019-09-25 06:53:15,553 [39e8fa34-752e-4a48-ab6f-88eb3aeadb82@group-AFA10B35203C-SegmentedRaftLogWorker] INFO  segmented.SegmentedRaftLogWorker (SegmentedRaftLogWorker.java:execute(569)) - 39e8fa34-752e-4a48-ab6f-88eb3aeadb82@group-AFA10B35203C-SegmentedRaftLogWorker: created new log segment /workdir/hadoop-ozone/tools/target/test-dir/MiniOzoneClusterImpl-33913572-8408-41c3-be5b-cf3f3bf490a2/datanode-0/data/ratis/019d56e9-46fc-4f5d-9747-afa10b35203c/current/log_inprogress_0
2019-09-25 06:53:15,553 [cb5f3901-e038-4412-8de0-2ef7bd4db2f0@group-0E915855ECBA-SegmentedRaftLogWorker] INFO  segmented.SegmentedRaftLogWorker (SegmentedRaftLogWorker.java:execute(569)) - cb5f3901-e038-4412-8de0-2ef7bd4db2f0@group-0E915855ECBA-SegmentedRaftLogWorker: created new log segment /workdir/hadoop-ozone/tools/target/test-dir/MiniOzoneClusterImpl-33913572-8408-41c3-be5b-cf3f3bf490a2/datanode-4/data/ratis/5792bff4-4096-4553-a581-0e915855ecba/current/log_inprogress_0
2019-09-25 06:53:15,554 [969873e8-2b3e-40d4-aa10-c4ac05c56191@group-70A50D7F7C21:LeaderElection14] INFO  impl.LeaderElection (LeaderElection.java:askForVotes(182)) - 969873e8-2b3e-40d4-aa10-c4ac05c56191@group-70A50D7F7C21:LeaderElection14: begin an election at term 2 for -1: [5a5056d2-7b18-4f20-adb1-11c9552618dc:192.168.164.207:43950, 969873e8-2b3e-40d4-aa10-c4ac05c56191:192.168.164.207:38699, 8bb6bb58-9381-4956-a6ae-6423136ec2bb:192.168.164.207:33876], old=null
2019-09-25 06:53:15,554 [5a5056d2-7b18-4f20-adb1-11c9552618dc@group-70A50D7F7C21:LeaderElection16] INFO  impl.LeaderElection (LeaderElection.java:askForVotes(182)) - 5a5056d2-7b18-4f20-adb1-11c9552618dc@group-70A50D7F7C21:LeaderElection16: begin an election at term 2 for -1: [5a5056d2-7b18-4f20-adb1-11c9552618dc:192.168.164.207:43950, 969873e8-2b3e-40d4-aa10-c4ac05c56191:192.168.164.207:38699, 8bb6bb58-9381-4956-a6ae-6423136ec2bb:192.168.164.207:33876], old=null
2019-09-25 06:53:15,554 [5a5056d2-7b18-4f20-adb1-11c9552618dc@group-84761A752843:LeaderElection12] INFO  impl.LeaderElection (LeaderElection.java:askForVotes(182)) - 5a5056d2-7b18-4f20-adb1-11c9552618dc@group-84761A752843:LeaderElection12: begin an election at term 1 for -1: [5a5056d2-7b18-4f20-adb1-11c9552618dc:192.168.164.207:43950, 969873e8-2b3e-40d4-aa10-c4ac05c56191:192.168.164.207:38699, cb5f3901-e038-4412-8de0-2ef7bd4db2f0:192.168.164.207:45317], old=null
2019-09-25 06:53:15,554 [cb5f3901-e038-4412-8de0-2ef7bd4db2f0@group-84761A752843:LeaderElection15] INFO  impl.LeaderElection (LeaderElection.java:askForVotes(182)) - cb5f3901-e038-4412-8de0-2ef7bd4db2f0@group-84761A752843:LeaderElection15: begin an election at term 1 for -1: [5a5056d2-7b18-4f20-adb1-11c9552618dc:192.168.164.207:43950, 969873e8-2b3e-40d4-aa10-c4ac05c56191:192.168.164.207:38699, cb5f3901-e038-4412-8de0-2ef7bd4db2f0:192.168.164.207:45317], old=null
2019-09-25 06:53:15,554 [969873e8-2b3e-40d4-aa10-c4ac05c56191@group-84761A752843:LeaderElection13] INFO  impl.LeaderElection (LeaderElection.java:askForVotes(182)) - 969873e8-2b3e-40d4-aa10-c4ac05c56191@group-84761A752843:LeaderElection13: begin an election at term 1 for -1: [5a5056d2-7b18-4f20-adb1-11c9552618dc:192.168.164.207:43950, 969873e8-2b3e-40d4-aa10-c4ac05c56191:192.168.164.207:38699, cb5f3901-e038-4412-8de0-2ef7bd4db2f0:192.168.164.207:45317], old=null
2019-09-25 06:53:15,595 [5a5056d2-7b18-4f20-adb1-11c9552618dc@group-84761A752843:LeaderElection12] INFO  impl.LeaderElection (LeaderElection.java:logAndReturn(56)) - 5a5056d2-7b18-4f20-adb1-11c9552618dc@group-84761A752843:LeaderElection12: Election REJECTED; received 2 response(s) [5a5056d2-7b18-4f20-adb1-11c9552618dc<-969873e8-2b3e-40d4-aa10-c4ac05c56191#0:FAIL-t1, 5a5056d2-7b18-4f20-adb1-11c9552618dc<-cb5f3901-e038-4412-8de0-2ef7bd4db2f0#0:FAIL-t1] and 0 exception(s); 5a5056d2-7b18-4f20-adb1-11c9552618dc@group-84761A752843:t1, leader=null, voted=5a5056d2-7b18-4f20-adb1-11c9552618dc, raftlog=5a5056d2-7b18-4f20-adb1-11c9552618dc@group-84761A752843-SegmentedRaftLog:OPENED:c-1,f-1,i0, conf=-1: [5a5056d2-7b18-4f20-adb1-11c9552618dc:192.168.164.207:43950, 969873e8-2b3e-40d4-aa10-c4ac05c56191:192.168.164.207:38699, cb5f3901-e038-4412-8de0-2ef7bd4db2f0:192.168.164.207:45317], old=null
2019-09-25 06:53:15,597 [5a5056d2-7b18-4f20-adb1-11c9552618dc@group-84761A752843:LeaderElection12] INFO  impl.RaftServerImpl (RaftServerImpl.java:setRole(174)) - 5a5056d2-7b18-4f20-adb1-11c9552618dc@group-84761A752843: changes role from CANDIDATE to FOLLOWER at term 1 for DISCOVERED_A_NEW_TERM
2019-09-25 06:53:15,598 [5a5056d2-7b18-4f20-adb1-11c9552618dc@group-84761A752843:LeaderElection12] INFO  impl.RoleInfo (RoleInfo.java:shutdownLeaderElection(134)) - 5a5056d2-7b18-4f20-adb1-11c9552618dc: shutdown LeaderElection
2019-09-25 06:53:15,598 [969873e8-2b3e-40d4-aa10-c4ac05c56191@group-84761A752843:LeaderElection13] INFO  impl.LeaderElection (LeaderElection.java:logAndReturn(56)) - 969873e8-2b3e-40d4-aa10-c4ac05c56191@group-84761A752843:LeaderElection13: Election REJECTED; received 2 response(s) [969873e8-2b3e-40d4-aa10-c4ac05c56191<-5a5056d2-7b18-4f20-adb1-11c9552618dc#0:FAIL-t1, 969873e8-2b3e-40d4-aa10-c4ac05c56191<-cb5f3901-e038-4412-8de0-2ef7bd4db2f0#0:FAIL-t1] and 0 exception(s); 969873e8-2b3e-40d4-aa10-c4ac05c56191@group-84761A752843:t1, leader=null, voted=969873e8-2b3e-40d4-aa10-c4ac05c56191, raftlog=969873e8-2b3e-40d4-aa10-c4ac05c56191@group-84761A752843-SegmentedRaftLog:OPENED:c-1,f-1,i0, conf=-1: [5a5056d2-7b18-4f20-adb1-11c9552618dc:192.168.164.207:43950, 969873e8-2b3e-40d4-aa10-c4ac05c56191:192.168.164.207:38699, cb5f3901-e038-4412-8de0-2ef7bd4db2f0:192.168.164.207:45317], old=null
2019-09-25 06:53:15,599 [5a5056d2-7b18-4f20-adb1-11c9552618dc@group-84761A752843:LeaderElection12] INFO  impl.RoleInfo (RoleInfo.java:updateAndGet(143)) - 5a5056d2-7b18-4f20-adb1-11c9552618dc: start FollowerState
2019-09-25 06:53:15,600 [969873e8-2b3e-40d4-aa10-c4ac05c56191@group-84761A752843:LeaderElection13] INFO  impl.RaftServerImpl (RaftServerImpl.java:setRole(174)) - 969873e8-2b3e-40d4-aa10-c4ac05c56191@group-84761A752843: changes role from CANDIDATE to FOLLOWER at term 1 for DISCOVERED_A_NEW_TERM
2019-09-25 06:53:15,606 [969873e8-2b3e-40d4-aa10-c4ac05c56191@group-84761A752843:LeaderElection13] INFO  impl.RoleInfo (RoleInfo.java:shutdownLeaderElection(134)) - 969873e8-2b3e-40d4-aa10-c4ac05c56191: shutdown LeaderElection
2019-09-25 06:53:15,606 [969873e8-2b3e-40d4-aa10-c4ac05c56191@group-84761A752843:LeaderElection13] INFO  impl.RoleInfo (RoleInfo.java:updateAndGet(143)) - 969873e8-2b3e-40d4-aa10-c4ac05c56191: start FollowerState
2019-09-25 06:53:15,608 [cb5f3901-e038-4412-8de0-2ef7bd4db2f0@group-84761A752843:LeaderElection15] INFO  impl.LeaderElection (LeaderElection.java:logAndReturn(56)) - cb5f3901-e038-4412-8de0-2ef7bd4db2f0@group-84761A752843:LeaderElection15: Election REJECTED; received 2 response(s) [cb5f3901-e038-4412-8de0-2ef7bd4db2f0<-5a5056d2-7b18-4f20-adb1-11c9552618dc#0:FAIL-t1, cb5f3901-e038-4412-8de0-2ef7bd4db2f0<-969873e8-2b3e-40d4-aa10-c4ac05c56191#0:FAIL-t1] and 0 exception(s); cb5f3901-e038-4412-8de0-2ef7bd4db2f0@group-84761A752843:t1, leader=null, voted=cb5f3901-e038-4412-8de0-2ef7bd4db2f0, raftlog=cb5f3901-e038-4412-8de0-2ef7bd4db2f0@group-84761A752843-SegmentedRaftLog:OPENED:c-1,f-1,i0, conf=-1: [5a5056d2-7b18-4f20-adb1-11c9552618dc:192.168.164.207:43950, 969873e8-2b3e-40d4-aa10-c4ac05c56191:192.168.164.207:38699, cb5f3901-e038-4412-8de0-2ef7bd4db2f0:192.168.164.207:45317], old=null
2019-09-25 06:53:15,608 [cb5f3901-e038-4412-8de0-2ef7bd4db2f0@group-84761A752843:LeaderElection15] INFO  impl.RaftServerImpl (RaftServerImpl.java:setRole(174)) - cb5f3901-e038-4412-8de0-2ef7bd4db2f0@group-84761A752843: changes role from CANDIDATE to FOLLOWER at term 1 for DISCOVERED_A_NEW_TERM
2019-09-25 06:53:15,609 [cb5f3901-e038-4412-8de0-2ef7bd4db2f0@group-84761A752843:LeaderElection15] INFO  impl.RoleInfo (RoleInfo.java:shutdownLeaderElection(134)) - cb5f3901-e038-4412-8de0-2ef7bd4db2f0: shutdown LeaderElection
2019-09-25 06:53:15,610 [cb5f3901-e038-4412-8de0-2ef7bd4db2f0@group-84761A752843:LeaderElection15] INFO  impl.RoleInfo (RoleInfo.java:updateAndGet(143)) - cb5f3901-e038-4412-8de0-2ef7bd4db2f0: start FollowerState
]]></system-out>
    <system-err><![CDATA[ERROR StatusLogger No Log4j 2 configuration file found. Using default configuration (logging only errors to the console), or user programmatically provided configurations. Set system property 'log4j2.debug' to show Log4j 2 internal initialization logging. See https://logging.apache.org/log4j/2.x/manual/configuration.html for instructions on how to configure Log4j 2
]]></system-err>
  </testcase>
  <testcase name="standaloneTestLargeKey" classname="org.apache.hadoop.ozone.freon.TestDataValidateWithUnsafeByteOperations" time="115.699"/>
  <testcase name="validateWriteTest" classname="org.apache.hadoop.ozone.freon.TestDataValidateWithUnsafeByteOperations" time="23.322"/>
</testsuite>