<?xml version="1.0" encoding="UTF-8"?>
<testsuite xmlns:xsi="http://www.w3.org/2001/XMLSchema-instance" xsi:noNamespaceSchemaLocation="https://maven.apache.org/surefire/maven-surefire-plugin/xsd/surefire-test-report.xsd" name="org.apache.hadoop.ozone.client.rpc.TestBlockOutputStreamWithFailures" time="768.794" tests="8" errors="0" skipped="0" failures="1">
  <properties>
    <property name="awt.toolkit" value="sun.awt.X11.XToolkit"/>
    <property name="file.encoding.pkg" value="sun.io"/>
    <property name="java.specification.version" value="1.8"/>
    <property name="sun.cpu.isalist" value=""/>
    <property name="sun.jnu.encoding" value="UTF-8"/>
    <property name="java.class.path" value="/workdir/hadoop-ozone/integration-test/target/test-classes:/workdir/hadoop-ozone/integration-test/target/classes:/home/user/.m2/repository/org/apache/hadoop/hadoop-ozone-common/0.5.0-SNAPSHOT/hadoop-ozone-common-0.5.0-SNAPSHOT.jar:/home/user/.m2/repository/org/apache/commons/commons-compress/1.4.1/commons-compress-1.4.1.jar:/home/user/.m2/repository/org/tukaani/xz/1.0/xz-1.0.jar:/home/user/.m2/repository/org/apache/hadoop/hadoop-common/3.2.0/hadoop-common-3.2.0.jar:/home/user/.m2/repository/org/apache/hadoop/hadoop-hdfs/3.2.0/hadoop-hdfs-3.2.0.jar:/home/user/.m2/repository/org/apache/hadoop/hadoop-hdfs-client/3.2.0/hadoop-hdfs-client-3.2.0.jar:/home/user/.m2/repository/com/fasterxml/jackson/core/jackson-annotations/2.9.5/jackson-annotations-2.9.5.jar:/home/user/.m2/repository/org/apache/hadoop/hadoop-hdds-common/0.5.0-SNAPSHOT/hadoop-hdds-common-0.5.0-SNAPSHOT.jar:/home/user/.m2/repository/javax/annotation/javax.annotation-api/1.2/javax.annotation-api-1.2.jar:/home/user/.m2/repository/org/apache/ratis/ratis-server/0.4.0-2337318-SNAPSHOT/ratis-server-0.4.0-2337318-SNAPSHOT.jar:/home/user/.m2/repository/org/apache/ratis/ratis-thirdparty-misc/0.2.0/ratis-thirdparty-misc-0.2.0.jar:/home/user/.m2/repository/org/apache/ratis/ratis-proto/0.4.0-2337318-SNAPSHOT/ratis-proto-0.4.0-2337318-SNAPSHOT.jar:/home/user/.m2/repository/org/apache/ratis/ratis-common/0.4.0-2337318-SNAPSHOT/ratis-common-0.4.0-2337318-SNAPSHOT.jar:/home/user/.m2/repository/org/apache/ratis/ratis-client/0.4.0-2337318-SNAPSHOT/ratis-client-0.4.0-2337318-SNAPSHOT.jar:/home/user/.m2/repository/org/apache/ratis/ratis-metrics/0.4.0-2337318-SNAPSHOT/ratis-metrics-0.4.0-2337318-SNAPSHOT.jar:/home/user/.m2/repository/org/apache/ratis/ratis-netty/0.4.0-2337318-SNAPSHOT/ratis-netty-0.4.0-2337318-SNAPSHOT.jar:/home/user/.m2/repository/org/apache/ratis/ratis-grpc/0.4.0-2337318-SNAPSHOT/ratis-grpc-0.4.0-2337318-SNAPSHOT.jar:/home/user/.m2/repository/org/rocksdb/rocksdbjni/6.0.1/rocksdbjni-6.0.1.jar:/home/user/.m2/repository/org/apache/logging/log4j/log4j-api/2.11.0/log4j-api-2.11.0.jar:/home/user/.m2/repository/org/apache/logging/log4j/log4j-core/2.11.0/log4j-core-2.11.0.jar:/home/user/.m2/repository/com/lmax/disruptor/3.4.2/disruptor-3.4.2.jar:/home/user/.m2/repository/org/apache/commons/commons-pool2/2.6.0/commons-pool2-2.6.0.jar:/home/user/.m2/repository/org/bouncycastle/bcpkix-jdk15on/1.60/bcpkix-jdk15on-1.60.jar:/home/user/.m2/repository/commons-validator/commons-validator/1.6/commons-validator-1.6.jar:/home/user/.m2/repository/commons-digester/commons-digester/1.8.1/commons-digester-1.8.1.jar:/home/user/.m2/repository/io/jaegertracing/jaeger-client/0.33.1/jaeger-client-0.33.1.jar:/home/user/.m2/repository/io/jaegertracing/jaeger-thrift/0.33.1/jaeger-thrift-0.33.1.jar:/home/user/.m2/repository/org/apache/thrift/libthrift/0.11.0/libthrift-0.11.0.jar:/home/user/.m2/repository/com/squareup/okhttp3/okhttp/3.9.0/okhttp-3.9.0.jar:/home/user/.m2/repository/com/squareup/okio/okio/1.13.0/okio-1.13.0.jar:/home/user/.m2/repository/io/jaegertracing/jaeger-core/0.33.1/jaeger-core-0.33.1.jar:/home/user/.m2/repository/io/jaegertracing/jaeger-tracerresolver/0.33.1/jaeger-tracerresolver-0.33.1.jar:/home/user/.m2/repository/io/opentracing/contrib/opentracing-tracerresolver/0.1.5/opentracing-tracerresolver-0.1.5.jar:/home/user/.m2/repository/io/opentracing/opentracing-util/0.31.0/opentracing-util-0.31.0.jar:/home/user/.m2/repository/io/opentracing/opentracing-api/0.31.0/opentracing-api-0.31.0.jar:/home/user/.m2/repository/io/opentracing/opentracing-noop/0.31.0/opentracing-noop-0.31.0.jar:/home/user/.m2/repository/org/apache/hadoop/hadoop-hdds-server-framework/0.5.0-SNAPSHOT/hadoop-hdds-server-framework-0.5.0-SNAPSHOT.jar:/home/user/.m2/repository/org/apache/hadoop/hadoop-hdds-container-service/0.5.0-SNAPSHOT/hadoop-hdds-container-service-0.5.0-SNAPSHOT.jar:/home/user/.m2/repository/org/apache/hadoop/hadoop-hdds-client/0.5.0-SNAPSHOT/hadoop-hdds-client-0.5.0-SNAPSHOT.jar:/home/user/.m2/repository/org/apache/hadoop/hadoop-hdds-tools/0.5.0-SNAPSHOT/hadoop-hdds-tools-0.5.0-SNAPSHOT.jar:/home/user/.m2/repository/org/apache/hadoop/hadoop-hdds-server-scm/0.5.0-SNAPSHOT/hadoop-hdds-server-scm-0.5.0-SNAPSHOT.jar:/home/user/.m2/repository/org/apache/hadoop/hadoop-hdds-docs/0.5.0-SNAPSHOT/hadoop-hdds-docs-0.5.0-SNAPSHOT.jar:/home/user/.m2/repository/io/dropwizard/metrics/metrics-core/3.2.4/metrics-core-3.2.4.jar:/home/user/.m2/repository/org/hamcrest/hamcrest-all/1.3/hamcrest-all-1.3.jar:/home/user/.m2/repository/org/bouncycastle/bcprov-jdk15on/1.60/bcprov-jdk15on-1.60.jar:/home/user/.m2/repository/info/picocli/picocli/3.9.6/picocli-3.9.6.jar:/home/user/.m2/repository/com/google/protobuf/protobuf-java/2.5.0/protobuf-java-2.5.0.jar:/home/user/.m2/repository/com/google/guava/guava/11.0.2/guava-11.0.2.jar:/home/user/.m2/repository/org/apache/hadoop/hadoop-ozone-ozone-manager/0.5.0-SNAPSHOT/hadoop-ozone-ozone-manager-0.5.0-SNAPSHOT.jar:/home/user/.m2/repository/org/apache/hadoop/hadoop-minikdc/3.2.0/hadoop-minikdc-3.2.0.jar:/home/user/.m2/repository/commons-io/commons-io/2.5/commons-io-2.5.jar:/home/user/.m2/repository/org/apache/kerby/kerb-simplekdc/1.0.1/kerb-simplekdc-1.0.1.jar:/home/user/.m2/repository/org/apache/kerby/kerb-client/1.0.1/kerb-client-1.0.1.jar:/home/user/.m2/repository/org/apache/kerby/kerby-config/1.0.1/kerby-config-1.0.1.jar:/home/user/.m2/repository/org/apache/kerby/kerb-core/1.0.1/kerb-core-1.0.1.jar:/home/user/.m2/repository/org/apache/kerby/kerby-pkix/1.0.1/kerby-pkix-1.0.1.jar:/home/user/.m2/repository/org/apache/kerby/kerby-asn1/1.0.1/kerby-asn1-1.0.1.jar:/home/user/.m2/repository/org/apache/kerby/kerby-util/1.0.1/kerby-util-1.0.1.jar:/home/user/.m2/repository/org/apache/kerby/kerb-common/1.0.1/kerb-common-1.0.1.jar:/home/user/.m2/repository/org/apache/kerby/kerb-crypto/1.0.1/kerb-crypto-1.0.1.jar:/home/user/.m2/repository/org/apache/kerby/kerb-util/1.0.1/kerb-util-1.0.1.jar:/home/user/.m2/repository/org/apache/kerby/token-provider/1.0.1/token-provider-1.0.1.jar:/home/user/.m2/repository/org/apache/kerby/kerb-admin/1.0.1/kerb-admin-1.0.1.jar:/home/user/.m2/repository/org/apache/kerby/kerb-server/1.0.1/kerb-server-1.0.1.jar:/home/user/.m2/repository/org/apache/kerby/kerb-identity/1.0.1/kerb-identity-1.0.1.jar:/home/user/.m2/repository/org/apache/kerby/kerby-xdr/1.0.1/kerby-xdr-1.0.1.jar:/home/user/.m2/repository/org/slf4j/slf4j-log4j12/1.7.25/slf4j-log4j12-1.7.25.jar:/home/user/.m2/repository/org/apache/hadoop/hadoop-ozone-objectstore-service/0.5.0-SNAPSHOT/hadoop-ozone-objectstore-service-0.5.0-SNAPSHOT.jar:/home/user/.m2/repository/org/apache/hadoop/hadoop-ozone-s3gateway/0.5.0-SNAPSHOT/hadoop-ozone-s3gateway-0.5.0-SNAPSHOT.jar:/home/user/.m2/repository/org/jboss/weld/servlet/weld-servlet/2.4.7.Final/weld-servlet-2.4.7.Final.jar:/home/user/.m2/repository/org/glassfish/jersey/containers/jersey-container-servlet-core/2.27/jersey-container-servlet-core-2.27.jar:/home/user/.m2/repository/org/glassfish/hk2/external/javax.inject/2.5.0-b42/javax.inject-2.5.0-b42.jar:/home/user/.m2/repository/org/glassfish/jersey/core/jersey-common/2.27/jersey-common-2.27.jar:/home/user/.m2/repository/org/glassfish/hk2/osgi-resource-locator/1.0.1/osgi-resource-locator-1.0.1.jar:/home/user/.m2/repository/javax/ws/rs/javax.ws.rs-api/2.1/javax.ws.rs-api-2.1.jar:/home/user/.m2/repository/org/glassfish/jersey/ext/cdi/jersey-cdi1x/2.27/jersey-cdi1x-2.27.jar:/home/user/.m2/repository/org/glassfish/jersey/inject/jersey-hk2/2.27/jersey-hk2-2.27.jar:/home/user/.m2/repository/org/glassfish/hk2/hk2-locator/2.5.0-b42/hk2-locator-2.5.0-b42.jar:/home/user/.m2/repository/org/javassist/javassist/3.22.0-CR2/javassist-3.22.0-CR2.jar:/home/user/.m2/repository/org/glassfish/hk2/hk2-api/2.5.0/hk2-api-2.5.0.jar:/home/user/.m2/repository/org/glassfish/hk2/external/jakarta.inject/2.5.0/jakarta.inject-2.5.0.jar:/home/user/.m2/repository/org/glassfish/hk2/hk2-utils/2.5.0/hk2-utils-2.5.0.jar:/home/user/.m2/repository/jakarta/annotation/jakarta.annotation-api/1.3.4/jakarta.annotation-api-1.3.4.jar:/home/user/.m2/repository/org/glassfish/hk2/external/aopalliance-repackaged/2.5.0/aopalliance-repackaged-2.5.0.jar:/home/user/.m2/repository/com/fasterxml/jackson/dataformat/jackson-dataformat-xml/2.9.0/jackson-dataformat-xml-2.9.0.jar:/home/user/.m2/repository/com/fasterxml/jackson/core/jackson-core/2.9.5/jackson-core-2.9.5.jar:/home/user/.m2/repository/com/fasterxml/jackson/module/jackson-module-jaxb-annotations/2.9.5/jackson-module-jaxb-annotations-2.9.5.jar:/home/user/.m2/repository/javax/enterprise/cdi-api/1.2/cdi-api-1.2.jar:/home/user/.m2/repository/javax/el/javax.el-api/3.0.0/javax.el-api-3.0.0.jar:/home/user/.m2/repository/javax/interceptor/javax.interceptor-api/1.2/javax.interceptor-api-1.2.jar:/home/user/.m2/repository/javax/inject/javax.inject/1/javax.inject-1.jar:/home/user/.m2/repository/com/sun/xml/bind/jaxb-impl/2.3.0.1/jaxb-impl-2.3.0.1.jar:/home/user/.m2/repository/com/sun/xml/bind/jaxb-core/2.3.0.1/jaxb-core-2.3.0.1.jar:/home/user/.m2/repository/javax/xml/bind/jaxb-api/2.3.0/jaxb-api-2.3.0.jar:/home/user/.m2/repository/javax/activation/activation/1.1.1/activation-1.1.1.jar:/home/user/.m2/repository/org/apache/hadoop/hadoop-ozone-csi/0.5.0-SNAPSHOT/hadoop-ozone-csi-0.5.0-SNAPSHOT.jar:/home/user/.m2/repository/com/google/protobuf/protobuf-java-util/3.5.1/protobuf-java-util-3.5.1.jar:/home/user/.m2/repository/org/apache/hadoop/hadoop-hdds-config/0.5.0-SNAPSHOT/hadoop-hdds-config-0.5.0-SNAPSHOT.jar:/home/user/.m2/repository/io/grpc/grpc-netty/1.17.1/grpc-netty-1.17.1.jar:/home/user/.m2/repository/io/grpc/grpc-core/1.17.1/grpc-core-1.17.1.jar:/home/user/.m2/repository/io/grpc/grpc-context/1.17.1/grpc-context-1.17.1.jar:/home/user/.m2/repository/com/google/errorprone/error_prone_annotations/2.2.0/error_prone_annotations-2.2.0.jar:/home/user/.m2/repository/org/codehaus/mojo/animal-sniffer-annotations/1.17/animal-sniffer-annotations-1.17.jar:/home/user/.m2/repository/io/opencensus/opencensus-api/0.17.0/opencensus-api-0.17.0.jar:/home/user/.m2/repository/io/opencensus/opencensus-contrib-grpc-metrics/0.17.0/opencensus-contrib-grpc-metrics-0.17.0.jar:/home/user/.m2/repository/io/netty/netty-codec-http2/4.1.30.Final/netty-codec-http2-4.1.30.Final.jar:/home/user/.m2/repository/io/netty/netty-codec-http/4.1.30.Final/netty-codec-http-4.1.30.Final.jar:/home/user/.m2/repository/io/netty/netty-codec/4.1.30.Final/netty-codec-4.1.30.Final.jar:/home/user/.m2/repository/io/netty/netty-handler/4.1.30.Final/netty-handler-4.1.30.Final.jar:/home/user/.m2/repository/io/netty/netty-handler-proxy/4.1.30.Final/netty-handler-proxy-4.1.30.Final.jar:/home/user/.m2/repository/io/netty/netty-codec-socks/4.1.30.Final/netty-codec-socks-4.1.30.Final.jar:/home/user/.m2/repository/io/netty/netty-transport-native-epoll/4.1.30.Final/netty-transport-native-epoll-4.1.30.Final.jar:/home/user/.m2/repository/io/netty/netty-common/4.1.30.Final/netty-common-4.1.30.Final.jar:/home/user/.m2/repository/io/netty/netty-buffer/4.1.30.Final/netty-buffer-4.1.30.Final.jar:/home/user/.m2/repository/io/netty/netty-transport/4.1.30.Final/netty-transport-4.1.30.Final.jar:/home/user/.m2/repository/io/netty/netty-resolver/4.1.30.Final/netty-resolver-4.1.30.Final.jar:/home/user/.m2/repository/io/netty/netty-transport-native-unix-common/4.1.30.Final/netty-transport-native-unix-common-4.1.30.Final.jar:/home/user/.m2/repository/io/grpc/grpc-protobuf/1.17.1/grpc-protobuf-1.17.1.jar:/home/user/.m2/repository/com/google/api/grpc/proto-google-common-protos/1.0.0/proto-google-common-protos-1.0.0.jar:/home/user/.m2/repository/io/grpc/grpc-protobuf-lite/1.17.1/grpc-protobuf-lite-1.17.1.jar:/home/user/.m2/repository/io/grpc/grpc-stub/1.17.1/grpc-stub-1.17.1.jar:/home/user/.m2/repository/org/apache/hadoop/hadoop-ozone-recon/0.5.0-SNAPSHOT/hadoop-ozone-recon-0.5.0-SNAPSHOT.jar:/home/user/.m2/repository/org/apache/hadoop/hadoop-ozone-reconcodegen/0.5.0-SNAPSHOT/hadoop-ozone-reconcodegen-0.5.0-SNAPSHOT.jar:/home/user/.m2/repository/com/google/inject/extensions/guice-multibindings/4.0/guice-multibindings-4.0.jar:/home/user/.m2/repository/com/google/inject/guice/4.0/guice-4.0.jar:/home/user/.m2/repository/aopalliance/aopalliance/1.0/aopalliance-1.0.jar:/home/user/.m2/repository/com/google/inject/extensions/guice-servlet/4.0/guice-servlet-4.0.jar:/home/user/.m2/repository/org/glassfish/jersey/containers/jersey-container-servlet/2.27/jersey-container-servlet-2.27.jar:/home/user/.m2/repository/org/glassfish/hk2/guice-bridge/2.5.0/guice-bridge-2.5.0.jar:/home/user/.m2/repository/org/glassfish/jersey/core/jersey-server/2.27/jersey-server-2.27.jar:/home/user/.m2/repository/org/glassfish/jersey/core/jersey-client/2.27/jersey-client-2.27.jar:/home/user/.m2/repository/org/glassfish/jersey/media/jersey-media-jaxb/2.27/jersey-media-jaxb-2.27.jar:/home/user/.m2/repository/javax/validation/validation-api/1.1.0.Final/validation-api-1.1.0.Final.jar:/home/user/.m2/repository/org/glassfish/jersey/media/jersey-media-json-jackson/2.27/jersey-media-json-jackson-2.27.jar:/home/user/.m2/repository/org/glassfish/jersey/ext/jersey-entity-filtering/2.27/jersey-entity-filtering-2.27.jar:/home/user/.m2/repository/com/google/inject/extensions/guice-assistedinject/4.0/guice-assistedinject-4.0.jar:/home/user/.m2/repository/org/jooq/jooq/3.11.10/jooq-3.11.10.jar:/home/user/.m2/repository/org/jooq/jooq-meta/3.11.10/jooq-meta-3.11.10.jar:/home/user/.m2/repository/org/jooq/jooq-codegen/3.11.10/jooq-codegen-3.11.10.jar:/home/user/.m2/repository/com/jolbox/bonecp/0.8.0.RELEASE/bonecp-0.8.0.RELEASE.jar:/home/user/.m2/repository/org/xerial/sqlite-jdbc/3.25.2/sqlite-jdbc-3.25.2.jar:/home/user/.m2/repository/org/springframework/spring-jdbc/5.1.3.RELEASE/spring-jdbc-5.1.3.RELEASE.jar:/home/user/.m2/repository/org/springframework/spring-beans/5.1.3.RELEASE/spring-beans-5.1.3.RELEASE.jar:/home/user/.m2/repository/org/springframework/spring-core/5.1.3.RELEASE/spring-core-5.1.3.RELEASE.jar:/home/user/.m2/repository/org/springframework/spring-jcl/5.1.3.RELEASE/spring-jcl-5.1.3.RELEASE.jar:/home/user/.m2/repository/org/springframework/spring-tx/5.1.3.RELEASE/spring-tx-5.1.3.RELEASE.jar:/home/user/.m2/repository/org/apache/hadoop/hadoop-ozone-client/0.5.0-SNAPSHOT/hadoop-ozone-client-0.5.0-SNAPSHOT.jar:/home/user/.m2/repository/commons-lang/commons-lang/2.6/commons-lang-2.6.jar:/home/user/.m2/repository/org/apache/hadoop/hadoop-ozone-ozone-manager/0.5.0-SNAPSHOT/hadoop-ozone-ozone-manager-0.5.0-SNAPSHOT-tests.jar:/home/user/.m2/repository/junit/junit/4.11/junit-4.11.jar:/home/user/.m2/repository/org/hamcrest/hamcrest-core/1.3/hamcrest-core-1.3.jar:/home/user/.m2/repository/org/openjdk/jmh/jmh-core/1.19/jmh-core-1.19.jar:/home/user/.m2/repository/net/sf/jopt-simple/jopt-simple/4.6/jopt-simple-4.6.jar:/home/user/.m2/repository/org/apache/commons/commons-math3/3.1.1/commons-math3-3.1.1.jar:/home/user/.m2/repository/org/openjdk/jmh/jmh-generator-annprocess/1.19/jmh-generator-annprocess-1.19.jar:/home/user/.m2/repository/org/mockito/mockito-all/1.8.5/mockito-all-1.8.5.jar:/home/user/.m2/repository/org/apache/hadoop/hadoop-kms/3.2.0/hadoop-kms-3.2.0.jar:/home/user/.m2/repository/org/apache/hadoop/hadoop-auth/3.2.0/hadoop-auth-3.2.0.jar:/home/user/.m2/repository/com/nimbusds/nimbus-jose-jwt/4.41.1/nimbus-jose-jwt-4.41.1.jar:/home/user/.m2/repository/com/github/stephenc/jcip/jcip-annotations/1.0-1/jcip-annotations-1.0-1.jar:/home/user/.m2/repository/net/minidev/json-smart/2.3/json-smart-2.3.jar:/home/user/.m2/repository/net/minidev/accessors-smart/1.2/accessors-smart-1.2.jar:/home/user/.m2/repository/org/ow2/asm/asm/5.0.4/asm-5.0.4.jar:/home/user/.m2/repository/org/apache/curator/curator-framework/2.12.0/curator-framework-2.12.0.jar:/home/user/.m2/repository/com/sun/jersey/jersey-core/1.19/jersey-core-1.19.jar:/home/user/.m2/repository/javax/ws/rs/jsr311-api/1.1.1/jsr311-api-1.1.1.jar:/home/user/.m2/repository/com/sun/jersey/jersey-server/1.19/jersey-server-1.19.jar:/home/user/.m2/repository/javax/servlet/javax.servlet-api/3.1.0/javax.servlet-api-3.1.0.jar:/home/user/.m2/repository/org/eclipse/jetty/jetty-server/9.3.24.v20180605/jetty-server-9.3.24.v20180605.jar:/home/user/.m2/repository/org/eclipse/jetty/jetty-http/9.3.24.v20180605/jetty-http-9.3.24.v20180605.jar:/home/user/.m2/repository/org/eclipse/jetty/jetty-io/9.3.24.v20180605/jetty-io-9.3.24.v20180605.jar:/home/user/.m2/repository/org/eclipse/jetty/jetty-webapp/9.3.24.v20180605/jetty-webapp-9.3.24.v20180605.jar:/home/user/.m2/repository/org/eclipse/jetty/jetty-xml/9.3.24.v20180605/jetty-xml-9.3.24.v20180605.jar:/home/user/.m2/repository/log4j/log4j/1.2.17/log4j-1.2.17.jar:/home/user/.m2/repository/org/slf4j/slf4j-api/1.7.25/slf4j-api-1.7.25.jar:/home/user/.m2/repository/org/slf4j/jul-to-slf4j/1.7.25/jul-to-slf4j-1.7.25.jar:/home/user/.m2/repository/org/eclipse/jetty/jetty-util/9.3.24.v20180605/jetty-util-9.3.24.v20180605.jar:/home/user/.m2/repository/com/fasterxml/jackson/core/jackson-databind/2.9.5/jackson-databind-2.9.5.jar:/home/user/.m2/repository/org/apache/hadoop/hadoop-kms/3.2.0/hadoop-kms-3.2.0-tests.jar:/home/user/.m2/repository/org/apache/hadoop/hadoop-hdds-server-scm/0.5.0-SNAPSHOT/hadoop-hdds-server-scm-0.5.0-SNAPSHOT-tests.jar:/home/user/.m2/repository/org/apache/hadoop/hadoop-hdds-container-service/0.5.0-SNAPSHOT/hadoop-hdds-container-service-0.5.0-SNAPSHOT-tests.jar:/home/user/.m2/repository/org/yaml/snakeyaml/1.16/snakeyaml-1.16.jar:/home/user/.m2/repository/org/apache/hadoop/hadoop-common/3.2.0/hadoop-common-3.2.0-tests.jar:/home/user/.m2/repository/org/apache/hadoop/hadoop-annotations/3.2.0/hadoop-annotations-3.2.0.jar:/usr/lib/jvm/java-1.8-openjdk/jre/../lib/tools.jar:/home/user/.m2/repository/commons-cli/commons-cli/1.2/commons-cli-1.2.jar:/home/user/.m2/repository/org/apache/httpcomponents/httpclient/4.5.2/httpclient-4.5.2.jar:/home/user/.m2/repository/org/apache/httpcomponents/httpcore/4.4.4/httpcore-4.4.4.jar:/home/user/.m2/repository/commons-codec/commons-codec/1.11/commons-codec-1.11.jar:/home/user/.m2/repository/commons-net/commons-net/3.6/commons-net-3.6.jar:/home/user/.m2/repository/commons-collections/commons-collections/3.2.2/commons-collections-3.2.2.jar:/home/user/.m2/repository/org/eclipse/jetty/jetty-servlet/9.3.24.v20180605/jetty-servlet-9.3.24.v20180605.jar:/home/user/.m2/repository/org/eclipse/jetty/jetty-security/9.3.24.v20180605/jetty-security-9.3.24.v20180605.jar:/home/user/.m2/repository/javax/servlet/jsp/jsp-api/2.1/jsp-api-2.1.jar:/home/user/.m2/repository/com/sun/jersey/jersey-servlet/1.19/jersey-servlet-1.19.jar:/home/user/.m2/repository/com/sun/jersey/jersey-json/1.19/jersey-json-1.19.jar:/home/user/.m2/repository/org/codehaus/jettison/jettison/1.1/jettison-1.1.jar:/home/user/.m2/repository/org/codehaus/jackson/jackson-core-asl/1.9.13/jackson-core-asl-1.9.13.jar:/home/user/.m2/repository/org/codehaus/jackson/jackson-mapper-asl/1.9.13/jackson-mapper-asl-1.9.13.jar:/home/user/.m2/repository/org/codehaus/jackson/jackson-jaxrs/1.9.13/jackson-jaxrs-1.9.13.jar:/home/user/.m2/repository/org/codehaus/jackson/jackson-xc/1.9.13/jackson-xc-1.9.13.jar:/home/user/.m2/repository/commons-logging/commons-logging/1.1.3/commons-logging-1.1.3.jar:/home/user/.m2/repository/commons-beanutils/commons-beanutils/1.9.3/commons-beanutils-1.9.3.jar:/home/user/.m2/repository/org/apache/commons/commons-configuration2/2.1.1/commons-configuration2-2.1.1.jar:/home/user/.m2/repository/org/apache/commons/commons-lang3/3.7/commons-lang3-3.7.jar:/home/user/.m2/repository/org/apache/commons/commons-text/1.4/commons-text-1.4.jar:/home/user/.m2/repository/org/apache/avro/avro/1.7.7/avro-1.7.7.jar:/home/user/.m2/repository/com/thoughtworks/paranamer/paranamer/2.3/paranamer-2.3.jar:/home/user/.m2/repository/org/xerial/snappy/snappy-java/1.0.5/snappy-java-1.0.5.jar:/home/user/.m2/repository/com/google/re2j/re2j/1.1/re2j-1.1.jar:/home/user/.m2/repository/com/google/code/gson/gson/2.2.4/gson-2.2.4.jar:/home/user/.m2/repository/com/jcraft/jsch/0.1.54/jsch-0.1.54.jar:/home/user/.m2/repository/org/apache/curator/curator-client/2.12.0/curator-client-2.12.0.jar:/home/user/.m2/repository/org/apache/curator/curator-recipes/2.12.0/curator-recipes-2.12.0.jar:/home/user/.m2/repository/com/google/code/findbugs/jsr305/3.0.0/jsr305-3.0.0.jar:/home/user/.m2/repository/org/apache/htrace/htrace-core4/4.1.0-incubating/htrace-core4-4.1.0-incubating.jar:/home/user/.m2/repository/org/apache/zookeeper/zookeeper/3.4.13/zookeeper-3.4.13.jar:/home/user/.m2/repository/org/apache/yetus/audience-annotations/0.5.0/audience-annotations-0.5.0.jar:/home/user/.m2/repository/org/codehaus/woodstox/stax2-api/3.1.4/stax2-api-3.1.4.jar:/home/user/.m2/repository/com/fasterxml/woodstox/woodstox-core/5.0.3/woodstox-core-5.0.3.jar:/home/user/.m2/repository/dnsjava/dnsjava/2.1.7/dnsjava-2.1.7.jar:/home/user/.m2/repository/org/apache/hadoop/hadoop-hdfs/3.2.0/hadoop-hdfs-3.2.0-tests.jar:/home/user/.m2/repository/org/eclipse/jetty/jetty-util-ajax/9.3.24.v20180605/jetty-util-ajax-9.3.24.v20180605.jar:/home/user/.m2/repository/commons-daemon/commons-daemon/1.0.13/commons-daemon-1.0.13.jar:/home/user/.m2/repository/io/netty/netty/3.10.5.Final/netty-3.10.5.Final.jar:/home/user/.m2/repository/io/netty/netty-all/4.0.52.Final/netty-all-4.0.52.Final.jar:/home/user/.m2/repository/org/fusesource/leveldbjni/leveldbjni-all/1.8/leveldbjni-all-1.8.jar:"/>
    <property name="java.vm.vendor" value="IcedTea"/>
    <property name="sun.arch.data.model" value="64"/>
    <property name="test.build.dir" value="/workdir/hadoop-ozone/integration-test/target/test-dir"/>
    <property name="test.cache.data" value=""/>
    <property name="java.vendor.url" value="https://icedtea.classpath.org"/>
    <property name="user.timezone" value=""/>
    <property name="java.vm.specification.version" value="1.8"/>
    <property name="os.name" value="Linux"/>
    <property name="test.build.data" value="/workdir/hadoop-ozone/integration-test/target/test-dir"/>
    <property name="user.country" value="US"/>
    <property name="sun.java.launcher" value="SUN_STANDARD"/>
    <property name="sun.boot.library.path" value="/usr/lib/jvm/java-1.8-openjdk/jre/lib/amd64"/>
    <property name="sun.java.command" value="/workdir/hadoop-ozone/integration-test/target/surefire/surefirebooter1689386385151213219.jar /workdir/hadoop-ozone/integration-test/target/surefire 2019-08-20T14-19-05_258-jvmRun1 surefire3185180191859436957tmp surefire_208299769172361383920tmp"/>
    <property name="surefire.test.class.path" value="/workdir/hadoop-ozone/integration-test/target/test-classes:/workdir/hadoop-ozone/integration-test/target/classes:/home/user/.m2/repository/org/apache/hadoop/hadoop-ozone-common/0.5.0-SNAPSHOT/hadoop-ozone-common-0.5.0-SNAPSHOT.jar:/home/user/.m2/repository/org/apache/commons/commons-compress/1.4.1/commons-compress-1.4.1.jar:/home/user/.m2/repository/org/tukaani/xz/1.0/xz-1.0.jar:/home/user/.m2/repository/org/apache/hadoop/hadoop-common/3.2.0/hadoop-common-3.2.0.jar:/home/user/.m2/repository/org/apache/hadoop/hadoop-hdfs/3.2.0/hadoop-hdfs-3.2.0.jar:/home/user/.m2/repository/org/apache/hadoop/hadoop-hdfs-client/3.2.0/hadoop-hdfs-client-3.2.0.jar:/home/user/.m2/repository/com/fasterxml/jackson/core/jackson-annotations/2.9.5/jackson-annotations-2.9.5.jar:/home/user/.m2/repository/org/apache/hadoop/hadoop-hdds-common/0.5.0-SNAPSHOT/hadoop-hdds-common-0.5.0-SNAPSHOT.jar:/home/user/.m2/repository/javax/annotation/javax.annotation-api/1.2/javax.annotation-api-1.2.jar:/home/user/.m2/repository/org/apache/ratis/ratis-server/0.4.0-2337318-SNAPSHOT/ratis-server-0.4.0-2337318-SNAPSHOT.jar:/home/user/.m2/repository/org/apache/ratis/ratis-thirdparty-misc/0.2.0/ratis-thirdparty-misc-0.2.0.jar:/home/user/.m2/repository/org/apache/ratis/ratis-proto/0.4.0-2337318-SNAPSHOT/ratis-proto-0.4.0-2337318-SNAPSHOT.jar:/home/user/.m2/repository/org/apache/ratis/ratis-common/0.4.0-2337318-SNAPSHOT/ratis-common-0.4.0-2337318-SNAPSHOT.jar:/home/user/.m2/repository/org/apache/ratis/ratis-client/0.4.0-2337318-SNAPSHOT/ratis-client-0.4.0-2337318-SNAPSHOT.jar:/home/user/.m2/repository/org/apache/ratis/ratis-metrics/0.4.0-2337318-SNAPSHOT/ratis-metrics-0.4.0-2337318-SNAPSHOT.jar:/home/user/.m2/repository/org/apache/ratis/ratis-netty/0.4.0-2337318-SNAPSHOT/ratis-netty-0.4.0-2337318-SNAPSHOT.jar:/home/user/.m2/repository/org/apache/ratis/ratis-grpc/0.4.0-2337318-SNAPSHOT/ratis-grpc-0.4.0-2337318-SNAPSHOT.jar:/home/user/.m2/repository/org/rocksdb/rocksdbjni/6.0.1/rocksdbjni-6.0.1.jar:/home/user/.m2/repository/org/apache/logging/log4j/log4j-api/2.11.0/log4j-api-2.11.0.jar:/home/user/.m2/repository/org/apache/logging/log4j/log4j-core/2.11.0/log4j-core-2.11.0.jar:/home/user/.m2/repository/com/lmax/disruptor/3.4.2/disruptor-3.4.2.jar:/home/user/.m2/repository/org/apache/commons/commons-pool2/2.6.0/commons-pool2-2.6.0.jar:/home/user/.m2/repository/org/bouncycastle/bcpkix-jdk15on/1.60/bcpkix-jdk15on-1.60.jar:/home/user/.m2/repository/commons-validator/commons-validator/1.6/commons-validator-1.6.jar:/home/user/.m2/repository/commons-digester/commons-digester/1.8.1/commons-digester-1.8.1.jar:/home/user/.m2/repository/io/jaegertracing/jaeger-client/0.33.1/jaeger-client-0.33.1.jar:/home/user/.m2/repository/io/jaegertracing/jaeger-thrift/0.33.1/jaeger-thrift-0.33.1.jar:/home/user/.m2/repository/org/apache/thrift/libthrift/0.11.0/libthrift-0.11.0.jar:/home/user/.m2/repository/com/squareup/okhttp3/okhttp/3.9.0/okhttp-3.9.0.jar:/home/user/.m2/repository/com/squareup/okio/okio/1.13.0/okio-1.13.0.jar:/home/user/.m2/repository/io/jaegertracing/jaeger-core/0.33.1/jaeger-core-0.33.1.jar:/home/user/.m2/repository/io/jaegertracing/jaeger-tracerresolver/0.33.1/jaeger-tracerresolver-0.33.1.jar:/home/user/.m2/repository/io/opentracing/contrib/opentracing-tracerresolver/0.1.5/opentracing-tracerresolver-0.1.5.jar:/home/user/.m2/repository/io/opentracing/opentracing-util/0.31.0/opentracing-util-0.31.0.jar:/home/user/.m2/repository/io/opentracing/opentracing-api/0.31.0/opentracing-api-0.31.0.jar:/home/user/.m2/repository/io/opentracing/opentracing-noop/0.31.0/opentracing-noop-0.31.0.jar:/home/user/.m2/repository/org/apache/hadoop/hadoop-hdds-server-framework/0.5.0-SNAPSHOT/hadoop-hdds-server-framework-0.5.0-SNAPSHOT.jar:/home/user/.m2/repository/org/apache/hadoop/hadoop-hdds-container-service/0.5.0-SNAPSHOT/hadoop-hdds-container-service-0.5.0-SNAPSHOT.jar:/home/user/.m2/repository/org/apache/hadoop/hadoop-hdds-client/0.5.0-SNAPSHOT/hadoop-hdds-client-0.5.0-SNAPSHOT.jar:/home/user/.m2/repository/org/apache/hadoop/hadoop-hdds-tools/0.5.0-SNAPSHOT/hadoop-hdds-tools-0.5.0-SNAPSHOT.jar:/home/user/.m2/repository/org/apache/hadoop/hadoop-hdds-server-scm/0.5.0-SNAPSHOT/hadoop-hdds-server-scm-0.5.0-SNAPSHOT.jar:/home/user/.m2/repository/org/apache/hadoop/hadoop-hdds-docs/0.5.0-SNAPSHOT/hadoop-hdds-docs-0.5.0-SNAPSHOT.jar:/home/user/.m2/repository/io/dropwizard/metrics/metrics-core/3.2.4/metrics-core-3.2.4.jar:/home/user/.m2/repository/org/hamcrest/hamcrest-all/1.3/hamcrest-all-1.3.jar:/home/user/.m2/repository/org/bouncycastle/bcprov-jdk15on/1.60/bcprov-jdk15on-1.60.jar:/home/user/.m2/repository/info/picocli/picocli/3.9.6/picocli-3.9.6.jar:/home/user/.m2/repository/com/google/protobuf/protobuf-java/2.5.0/protobuf-java-2.5.0.jar:/home/user/.m2/repository/com/google/guava/guava/11.0.2/guava-11.0.2.jar:/home/user/.m2/repository/org/apache/hadoop/hadoop-ozone-ozone-manager/0.5.0-SNAPSHOT/hadoop-ozone-ozone-manager-0.5.0-SNAPSHOT.jar:/home/user/.m2/repository/org/apache/hadoop/hadoop-minikdc/3.2.0/hadoop-minikdc-3.2.0.jar:/home/user/.m2/repository/commons-io/commons-io/2.5/commons-io-2.5.jar:/home/user/.m2/repository/org/apache/kerby/kerb-simplekdc/1.0.1/kerb-simplekdc-1.0.1.jar:/home/user/.m2/repository/org/apache/kerby/kerb-client/1.0.1/kerb-client-1.0.1.jar:/home/user/.m2/repository/org/apache/kerby/kerby-config/1.0.1/kerby-config-1.0.1.jar:/home/user/.m2/repository/org/apache/kerby/kerb-core/1.0.1/kerb-core-1.0.1.jar:/home/user/.m2/repository/org/apache/kerby/kerby-pkix/1.0.1/kerby-pkix-1.0.1.jar:/home/user/.m2/repository/org/apache/kerby/kerby-asn1/1.0.1/kerby-asn1-1.0.1.jar:/home/user/.m2/repository/org/apache/kerby/kerby-util/1.0.1/kerby-util-1.0.1.jar:/home/user/.m2/repository/org/apache/kerby/kerb-common/1.0.1/kerb-common-1.0.1.jar:/home/user/.m2/repository/org/apache/kerby/kerb-crypto/1.0.1/kerb-crypto-1.0.1.jar:/home/user/.m2/repository/org/apache/kerby/kerb-util/1.0.1/kerb-util-1.0.1.jar:/home/user/.m2/repository/org/apache/kerby/token-provider/1.0.1/token-provider-1.0.1.jar:/home/user/.m2/repository/org/apache/kerby/kerb-admin/1.0.1/kerb-admin-1.0.1.jar:/home/user/.m2/repository/org/apache/kerby/kerb-server/1.0.1/kerb-server-1.0.1.jar:/home/user/.m2/repository/org/apache/kerby/kerb-identity/1.0.1/kerb-identity-1.0.1.jar:/home/user/.m2/repository/org/apache/kerby/kerby-xdr/1.0.1/kerby-xdr-1.0.1.jar:/home/user/.m2/repository/org/slf4j/slf4j-log4j12/1.7.25/slf4j-log4j12-1.7.25.jar:/home/user/.m2/repository/org/apache/hadoop/hadoop-ozone-objectstore-service/0.5.0-SNAPSHOT/hadoop-ozone-objectstore-service-0.5.0-SNAPSHOT.jar:/home/user/.m2/repository/org/apache/hadoop/hadoop-ozone-s3gateway/0.5.0-SNAPSHOT/hadoop-ozone-s3gateway-0.5.0-SNAPSHOT.jar:/home/user/.m2/repository/org/jboss/weld/servlet/weld-servlet/2.4.7.Final/weld-servlet-2.4.7.Final.jar:/home/user/.m2/repository/org/glassfish/jersey/containers/jersey-container-servlet-core/2.27/jersey-container-servlet-core-2.27.jar:/home/user/.m2/repository/org/glassfish/hk2/external/javax.inject/2.5.0-b42/javax.inject-2.5.0-b42.jar:/home/user/.m2/repository/org/glassfish/jersey/core/jersey-common/2.27/jersey-common-2.27.jar:/home/user/.m2/repository/org/glassfish/hk2/osgi-resource-locator/1.0.1/osgi-resource-locator-1.0.1.jar:/home/user/.m2/repository/javax/ws/rs/javax.ws.rs-api/2.1/javax.ws.rs-api-2.1.jar:/home/user/.m2/repository/org/glassfish/jersey/ext/cdi/jersey-cdi1x/2.27/jersey-cdi1x-2.27.jar:/home/user/.m2/repository/org/glassfish/jersey/inject/jersey-hk2/2.27/jersey-hk2-2.27.jar:/home/user/.m2/repository/org/glassfish/hk2/hk2-locator/2.5.0-b42/hk2-locator-2.5.0-b42.jar:/home/user/.m2/repository/org/javassist/javassist/3.22.0-CR2/javassist-3.22.0-CR2.jar:/home/user/.m2/repository/org/glassfish/hk2/hk2-api/2.5.0/hk2-api-2.5.0.jar:/home/user/.m2/repository/org/glassfish/hk2/external/jakarta.inject/2.5.0/jakarta.inject-2.5.0.jar:/home/user/.m2/repository/org/glassfish/hk2/hk2-utils/2.5.0/hk2-utils-2.5.0.jar:/home/user/.m2/repository/jakarta/annotation/jakarta.annotation-api/1.3.4/jakarta.annotation-api-1.3.4.jar:/home/user/.m2/repository/org/glassfish/hk2/external/aopalliance-repackaged/2.5.0/aopalliance-repackaged-2.5.0.jar:/home/user/.m2/repository/com/fasterxml/jackson/dataformat/jackson-dataformat-xml/2.9.0/jackson-dataformat-xml-2.9.0.jar:/home/user/.m2/repository/com/fasterxml/jackson/core/jackson-core/2.9.5/jackson-core-2.9.5.jar:/home/user/.m2/repository/com/fasterxml/jackson/module/jackson-module-jaxb-annotations/2.9.5/jackson-module-jaxb-annotations-2.9.5.jar:/home/user/.m2/repository/javax/enterprise/cdi-api/1.2/cdi-api-1.2.jar:/home/user/.m2/repository/javax/el/javax.el-api/3.0.0/javax.el-api-3.0.0.jar:/home/user/.m2/repository/javax/interceptor/javax.interceptor-api/1.2/javax.interceptor-api-1.2.jar:/home/user/.m2/repository/javax/inject/javax.inject/1/javax.inject-1.jar:/home/user/.m2/repository/com/sun/xml/bind/jaxb-impl/2.3.0.1/jaxb-impl-2.3.0.1.jar:/home/user/.m2/repository/com/sun/xml/bind/jaxb-core/2.3.0.1/jaxb-core-2.3.0.1.jar:/home/user/.m2/repository/javax/xml/bind/jaxb-api/2.3.0/jaxb-api-2.3.0.jar:/home/user/.m2/repository/javax/activation/activation/1.1.1/activation-1.1.1.jar:/home/user/.m2/repository/org/apache/hadoop/hadoop-ozone-csi/0.5.0-SNAPSHOT/hadoop-ozone-csi-0.5.0-SNAPSHOT.jar:/home/user/.m2/repository/com/google/protobuf/protobuf-java-util/3.5.1/protobuf-java-util-3.5.1.jar:/home/user/.m2/repository/org/apache/hadoop/hadoop-hdds-config/0.5.0-SNAPSHOT/hadoop-hdds-config-0.5.0-SNAPSHOT.jar:/home/user/.m2/repository/io/grpc/grpc-netty/1.17.1/grpc-netty-1.17.1.jar:/home/user/.m2/repository/io/grpc/grpc-core/1.17.1/grpc-core-1.17.1.jar:/home/user/.m2/repository/io/grpc/grpc-context/1.17.1/grpc-context-1.17.1.jar:/home/user/.m2/repository/com/google/errorprone/error_prone_annotations/2.2.0/error_prone_annotations-2.2.0.jar:/home/user/.m2/repository/org/codehaus/mojo/animal-sniffer-annotations/1.17/animal-sniffer-annotations-1.17.jar:/home/user/.m2/repository/io/opencensus/opencensus-api/0.17.0/opencensus-api-0.17.0.jar:/home/user/.m2/repository/io/opencensus/opencensus-contrib-grpc-metrics/0.17.0/opencensus-contrib-grpc-metrics-0.17.0.jar:/home/user/.m2/repository/io/netty/netty-codec-http2/4.1.30.Final/netty-codec-http2-4.1.30.Final.jar:/home/user/.m2/repository/io/netty/netty-codec-http/4.1.30.Final/netty-codec-http-4.1.30.Final.jar:/home/user/.m2/repository/io/netty/netty-codec/4.1.30.Final/netty-codec-4.1.30.Final.jar:/home/user/.m2/repository/io/netty/netty-handler/4.1.30.Final/netty-handler-4.1.30.Final.jar:/home/user/.m2/repository/io/netty/netty-handler-proxy/4.1.30.Final/netty-handler-proxy-4.1.30.Final.jar:/home/user/.m2/repository/io/netty/netty-codec-socks/4.1.30.Final/netty-codec-socks-4.1.30.Final.jar:/home/user/.m2/repository/io/netty/netty-transport-native-epoll/4.1.30.Final/netty-transport-native-epoll-4.1.30.Final.jar:/home/user/.m2/repository/io/netty/netty-common/4.1.30.Final/netty-common-4.1.30.Final.jar:/home/user/.m2/repository/io/netty/netty-buffer/4.1.30.Final/netty-buffer-4.1.30.Final.jar:/home/user/.m2/repository/io/netty/netty-transport/4.1.30.Final/netty-transport-4.1.30.Final.jar:/home/user/.m2/repository/io/netty/netty-resolver/4.1.30.Final/netty-resolver-4.1.30.Final.jar:/home/user/.m2/repository/io/netty/netty-transport-native-unix-common/4.1.30.Final/netty-transport-native-unix-common-4.1.30.Final.jar:/home/user/.m2/repository/io/grpc/grpc-protobuf/1.17.1/grpc-protobuf-1.17.1.jar:/home/user/.m2/repository/com/google/api/grpc/proto-google-common-protos/1.0.0/proto-google-common-protos-1.0.0.jar:/home/user/.m2/repository/io/grpc/grpc-protobuf-lite/1.17.1/grpc-protobuf-lite-1.17.1.jar:/home/user/.m2/repository/io/grpc/grpc-stub/1.17.1/grpc-stub-1.17.1.jar:/home/user/.m2/repository/org/apache/hadoop/hadoop-ozone-recon/0.5.0-SNAPSHOT/hadoop-ozone-recon-0.5.0-SNAPSHOT.jar:/home/user/.m2/repository/org/apache/hadoop/hadoop-ozone-reconcodegen/0.5.0-SNAPSHOT/hadoop-ozone-reconcodegen-0.5.0-SNAPSHOT.jar:/home/user/.m2/repository/com/google/inject/extensions/guice-multibindings/4.0/guice-multibindings-4.0.jar:/home/user/.m2/repository/com/google/inject/guice/4.0/guice-4.0.jar:/home/user/.m2/repository/aopalliance/aopalliance/1.0/aopalliance-1.0.jar:/home/user/.m2/repository/com/google/inject/extensions/guice-servlet/4.0/guice-servlet-4.0.jar:/home/user/.m2/repository/org/glassfish/jersey/containers/jersey-container-servlet/2.27/jersey-container-servlet-2.27.jar:/home/user/.m2/repository/org/glassfish/hk2/guice-bridge/2.5.0/guice-bridge-2.5.0.jar:/home/user/.m2/repository/org/glassfish/jersey/core/jersey-server/2.27/jersey-server-2.27.jar:/home/user/.m2/repository/org/glassfish/jersey/core/jersey-client/2.27/jersey-client-2.27.jar:/home/user/.m2/repository/org/glassfish/jersey/media/jersey-media-jaxb/2.27/jersey-media-jaxb-2.27.jar:/home/user/.m2/repository/javax/validation/validation-api/1.1.0.Final/validation-api-1.1.0.Final.jar:/home/user/.m2/repository/org/glassfish/jersey/media/jersey-media-json-jackson/2.27/jersey-media-json-jackson-2.27.jar:/home/user/.m2/repository/org/glassfish/jersey/ext/jersey-entity-filtering/2.27/jersey-entity-filtering-2.27.jar:/home/user/.m2/repository/com/google/inject/extensions/guice-assistedinject/4.0/guice-assistedinject-4.0.jar:/home/user/.m2/repository/org/jooq/jooq/3.11.10/jooq-3.11.10.jar:/home/user/.m2/repository/org/jooq/jooq-meta/3.11.10/jooq-meta-3.11.10.jar:/home/user/.m2/repository/org/jooq/jooq-codegen/3.11.10/jooq-codegen-3.11.10.jar:/home/user/.m2/repository/com/jolbox/bonecp/0.8.0.RELEASE/bonecp-0.8.0.RELEASE.jar:/home/user/.m2/repository/org/xerial/sqlite-jdbc/3.25.2/sqlite-jdbc-3.25.2.jar:/home/user/.m2/repository/org/springframework/spring-jdbc/5.1.3.RELEASE/spring-jdbc-5.1.3.RELEASE.jar:/home/user/.m2/repository/org/springframework/spring-beans/5.1.3.RELEASE/spring-beans-5.1.3.RELEASE.jar:/home/user/.m2/repository/org/springframework/spring-core/5.1.3.RELEASE/spring-core-5.1.3.RELEASE.jar:/home/user/.m2/repository/org/springframework/spring-jcl/5.1.3.RELEASE/spring-jcl-5.1.3.RELEASE.jar:/home/user/.m2/repository/org/springframework/spring-tx/5.1.3.RELEASE/spring-tx-5.1.3.RELEASE.jar:/home/user/.m2/repository/org/apache/hadoop/hadoop-ozone-client/0.5.0-SNAPSHOT/hadoop-ozone-client-0.5.0-SNAPSHOT.jar:/home/user/.m2/repository/commons-lang/commons-lang/2.6/commons-lang-2.6.jar:/home/user/.m2/repository/org/apache/hadoop/hadoop-ozone-ozone-manager/0.5.0-SNAPSHOT/hadoop-ozone-ozone-manager-0.5.0-SNAPSHOT-tests.jar:/home/user/.m2/repository/junit/junit/4.11/junit-4.11.jar:/home/user/.m2/repository/org/hamcrest/hamcrest-core/1.3/hamcrest-core-1.3.jar:/home/user/.m2/repository/org/openjdk/jmh/jmh-core/1.19/jmh-core-1.19.jar:/home/user/.m2/repository/net/sf/jopt-simple/jopt-simple/4.6/jopt-simple-4.6.jar:/home/user/.m2/repository/org/apache/commons/commons-math3/3.1.1/commons-math3-3.1.1.jar:/home/user/.m2/repository/org/openjdk/jmh/jmh-generator-annprocess/1.19/jmh-generator-annprocess-1.19.jar:/home/user/.m2/repository/org/mockito/mockito-all/1.8.5/mockito-all-1.8.5.jar:/home/user/.m2/repository/org/apache/hadoop/hadoop-kms/3.2.0/hadoop-kms-3.2.0.jar:/home/user/.m2/repository/org/apache/hadoop/hadoop-auth/3.2.0/hadoop-auth-3.2.0.jar:/home/user/.m2/repository/com/nimbusds/nimbus-jose-jwt/4.41.1/nimbus-jose-jwt-4.41.1.jar:/home/user/.m2/repository/com/github/stephenc/jcip/jcip-annotations/1.0-1/jcip-annotations-1.0-1.jar:/home/user/.m2/repository/net/minidev/json-smart/2.3/json-smart-2.3.jar:/home/user/.m2/repository/net/minidev/accessors-smart/1.2/accessors-smart-1.2.jar:/home/user/.m2/repository/org/ow2/asm/asm/5.0.4/asm-5.0.4.jar:/home/user/.m2/repository/org/apache/curator/curator-framework/2.12.0/curator-framework-2.12.0.jar:/home/user/.m2/repository/com/sun/jersey/jersey-core/1.19/jersey-core-1.19.jar:/home/user/.m2/repository/javax/ws/rs/jsr311-api/1.1.1/jsr311-api-1.1.1.jar:/home/user/.m2/repository/com/sun/jersey/jersey-server/1.19/jersey-server-1.19.jar:/home/user/.m2/repository/javax/servlet/javax.servlet-api/3.1.0/javax.servlet-api-3.1.0.jar:/home/user/.m2/repository/org/eclipse/jetty/jetty-server/9.3.24.v20180605/jetty-server-9.3.24.v20180605.jar:/home/user/.m2/repository/org/eclipse/jetty/jetty-http/9.3.24.v20180605/jetty-http-9.3.24.v20180605.jar:/home/user/.m2/repository/org/eclipse/jetty/jetty-io/9.3.24.v20180605/jetty-io-9.3.24.v20180605.jar:/home/user/.m2/repository/org/eclipse/jetty/jetty-webapp/9.3.24.v20180605/jetty-webapp-9.3.24.v20180605.jar:/home/user/.m2/repository/org/eclipse/jetty/jetty-xml/9.3.24.v20180605/jetty-xml-9.3.24.v20180605.jar:/home/user/.m2/repository/log4j/log4j/1.2.17/log4j-1.2.17.jar:/home/user/.m2/repository/org/slf4j/slf4j-api/1.7.25/slf4j-api-1.7.25.jar:/home/user/.m2/repository/org/slf4j/jul-to-slf4j/1.7.25/jul-to-slf4j-1.7.25.jar:/home/user/.m2/repository/org/eclipse/jetty/jetty-util/9.3.24.v20180605/jetty-util-9.3.24.v20180605.jar:/home/user/.m2/repository/com/fasterxml/jackson/core/jackson-databind/2.9.5/jackson-databind-2.9.5.jar:/home/user/.m2/repository/org/apache/hadoop/hadoop-kms/3.2.0/hadoop-kms-3.2.0-tests.jar:/home/user/.m2/repository/org/apache/hadoop/hadoop-hdds-server-scm/0.5.0-SNAPSHOT/hadoop-hdds-server-scm-0.5.0-SNAPSHOT-tests.jar:/home/user/.m2/repository/org/apache/hadoop/hadoop-hdds-container-service/0.5.0-SNAPSHOT/hadoop-hdds-container-service-0.5.0-SNAPSHOT-tests.jar:/home/user/.m2/repository/org/yaml/snakeyaml/1.16/snakeyaml-1.16.jar:/home/user/.m2/repository/org/apache/hadoop/hadoop-common/3.2.0/hadoop-common-3.2.0-tests.jar:/home/user/.m2/repository/org/apache/hadoop/hadoop-annotations/3.2.0/hadoop-annotations-3.2.0.jar:/usr/lib/jvm/java-1.8-openjdk/jre/../lib/tools.jar:/home/user/.m2/repository/commons-cli/commons-cli/1.2/commons-cli-1.2.jar:/home/user/.m2/repository/org/apache/httpcomponents/httpclient/4.5.2/httpclient-4.5.2.jar:/home/user/.m2/repository/org/apache/httpcomponents/httpcore/4.4.4/httpcore-4.4.4.jar:/home/user/.m2/repository/commons-codec/commons-codec/1.11/commons-codec-1.11.jar:/home/user/.m2/repository/commons-net/commons-net/3.6/commons-net-3.6.jar:/home/user/.m2/repository/commons-collections/commons-collections/3.2.2/commons-collections-3.2.2.jar:/home/user/.m2/repository/org/eclipse/jetty/jetty-servlet/9.3.24.v20180605/jetty-servlet-9.3.24.v20180605.jar:/home/user/.m2/repository/org/eclipse/jetty/jetty-security/9.3.24.v20180605/jetty-security-9.3.24.v20180605.jar:/home/user/.m2/repository/javax/servlet/jsp/jsp-api/2.1/jsp-api-2.1.jar:/home/user/.m2/repository/com/sun/jersey/jersey-servlet/1.19/jersey-servlet-1.19.jar:/home/user/.m2/repository/com/sun/jersey/jersey-json/1.19/jersey-json-1.19.jar:/home/user/.m2/repository/org/codehaus/jettison/jettison/1.1/jettison-1.1.jar:/home/user/.m2/repository/org/codehaus/jackson/jackson-core-asl/1.9.13/jackson-core-asl-1.9.13.jar:/home/user/.m2/repository/org/codehaus/jackson/jackson-mapper-asl/1.9.13/jackson-mapper-asl-1.9.13.jar:/home/user/.m2/repository/org/codehaus/jackson/jackson-jaxrs/1.9.13/jackson-jaxrs-1.9.13.jar:/home/user/.m2/repository/org/codehaus/jackson/jackson-xc/1.9.13/jackson-xc-1.9.13.jar:/home/user/.m2/repository/commons-logging/commons-logging/1.1.3/commons-logging-1.1.3.jar:/home/user/.m2/repository/commons-beanutils/commons-beanutils/1.9.3/commons-beanutils-1.9.3.jar:/home/user/.m2/repository/org/apache/commons/commons-configuration2/2.1.1/commons-configuration2-2.1.1.jar:/home/user/.m2/repository/org/apache/commons/commons-lang3/3.7/commons-lang3-3.7.jar:/home/user/.m2/repository/org/apache/commons/commons-text/1.4/commons-text-1.4.jar:/home/user/.m2/repository/org/apache/avro/avro/1.7.7/avro-1.7.7.jar:/home/user/.m2/repository/com/thoughtworks/paranamer/paranamer/2.3/paranamer-2.3.jar:/home/user/.m2/repository/org/xerial/snappy/snappy-java/1.0.5/snappy-java-1.0.5.jar:/home/user/.m2/repository/com/google/re2j/re2j/1.1/re2j-1.1.jar:/home/user/.m2/repository/com/google/code/gson/gson/2.2.4/gson-2.2.4.jar:/home/user/.m2/repository/com/jcraft/jsch/0.1.54/jsch-0.1.54.jar:/home/user/.m2/repository/org/apache/curator/curator-client/2.12.0/curator-client-2.12.0.jar:/home/user/.m2/repository/org/apache/curator/curator-recipes/2.12.0/curator-recipes-2.12.0.jar:/home/user/.m2/repository/com/google/code/findbugs/jsr305/3.0.0/jsr305-3.0.0.jar:/home/user/.m2/repository/org/apache/htrace/htrace-core4/4.1.0-incubating/htrace-core4-4.1.0-incubating.jar:/home/user/.m2/repository/org/apache/zookeeper/zookeeper/3.4.13/zookeeper-3.4.13.jar:/home/user/.m2/repository/org/apache/yetus/audience-annotations/0.5.0/audience-annotations-0.5.0.jar:/home/user/.m2/repository/org/codehaus/woodstox/stax2-api/3.1.4/stax2-api-3.1.4.jar:/home/user/.m2/repository/com/fasterxml/woodstox/woodstox-core/5.0.3/woodstox-core-5.0.3.jar:/home/user/.m2/repository/dnsjava/dnsjava/2.1.7/dnsjava-2.1.7.jar:/home/user/.m2/repository/org/apache/hadoop/hadoop-hdfs/3.2.0/hadoop-hdfs-3.2.0-tests.jar:/home/user/.m2/repository/org/eclipse/jetty/jetty-util-ajax/9.3.24.v20180605/jetty-util-ajax-9.3.24.v20180605.jar:/home/user/.m2/repository/commons-daemon/commons-daemon/1.0.13/commons-daemon-1.0.13.jar:/home/user/.m2/repository/io/netty/netty/3.10.5.Final/netty-3.10.5.Final.jar:/home/user/.m2/repository/io/netty/netty-all/4.0.52.Final/netty-all-4.0.52.Final.jar:/home/user/.m2/repository/org/fusesource/leveldbjni/leveldbjni-all/1.8/leveldbjni-all-1.8.jar:"/>
    <property name="sun.cpu.endian" value="little"/>
    <property name="user.home" value="/home/user"/>
    <property name="user.language" value="en"/>
    <property name="java.specification.vendor" value="Oracle Corporation"/>
    <property name="java.home" value="/usr/lib/jvm/java-1.8-openjdk/jre"/>
    <property name="java.security.krb5.conf" value="/workdir/hadoop-ozone/integration-test/target/test-classes/krb5.conf"/>
    <property name="basedir" value="/workdir/hadoop-ozone/integration-test"/>
    <property name="file.separator" value="/"/>
    <property name="line.separator" value="&#10;"/>
    <property name="java.vm.specification.vendor" value="Oracle Corporation"/>
    <property name="java.specification.name" value="Java Platform API Specification"/>
    <property name="java.awt.graphicsenv" value="sun.awt.X11GraphicsEnvironment"/>
    <property name="surefire.real.class.path" value="/workdir/hadoop-ozone/integration-test/target/surefire/surefirebooter1689386385151213219.jar"/>
    <property name="hadoop.log.dir" value="/workdir/hadoop-ozone/integration-test/target/log"/>
    <property name="sun.boot.class.path" value="/usr/lib/jvm/java-1.8-openjdk/jre/lib/resources.jar:/usr/lib/jvm/java-1.8-openjdk/jre/lib/rt.jar:/usr/lib/jvm/java-1.8-openjdk/jre/lib/sunrsasign.jar:/usr/lib/jvm/java-1.8-openjdk/jre/lib/jsse.jar:/usr/lib/jvm/java-1.8-openjdk/jre/lib/jce.jar:/usr/lib/jvm/java-1.8-openjdk/jre/lib/charsets.jar:/usr/lib/jvm/java-1.8-openjdk/jre/lib/jfr.jar:/usr/lib/jvm/java-1.8-openjdk/jre/classes"/>
    <property name="sun.management.compiler" value="HotSpot 64-Bit Tiered Compilers"/>
    <property name="java.runtime.version" value="1.8.0_212-b04"/>
    <property name="java.net.preferIPv4Stack" value="true"/>
    <property name="user.name" value="jenkins1000"/>
    <property name="path.separator" value=":"/>
    <property name="java.security.egd" value="file:///dev/urandom"/>
    <property name="os.version" value="3.10.0-957.12.2.el7.x86_64"/>
    <property name="java.endorsed.dirs" value="/usr/lib/jvm/java-1.8-openjdk/jre/lib/endorsed"/>
    <property name="java.runtime.name" value="OpenJDK Runtime Environment"/>
    <property name="file.encoding" value="UTF-8"/>
    <property name="java.vm.name" value="OpenJDK 64-Bit Server VM"/>
    <property name="test.build.webapps" value=""/>
    <property name="localRepository" value="/home/user/.m2/repository"/>
    <property name="java.vendor.url.bug" value="https://icedtea.classpath.org/bugzilla"/>
    <property name="java.io.tmpdir" value="/tmp"/>
    <property name="require.test.libhadoop" value=""/>
    <property name="java.version" value="1.8.0_212"/>
    <property name="user.dir" value="/workdir/hadoop-ozone/integration-test"/>
    <property name="os.arch" value="amd64"/>
    <property name="java.vm.specification.name" value="Java Virtual Machine Specification"/>
    <property name="test.build.classes" value="/workdir/hadoop-ozone/integration-test/target/test-classes"/>
    <property name="java.awt.printerjob" value="sun.print.PSPrinterJob"/>
    <property name="sun.os.patch.level" value="unknown"/>
    <property name="hadoop.tmp.dir" value="/workdir/hadoop-ozone/integration-test/target/tmp"/>
    <property name="java.library.path" value="/usr/lib/jvm/java-1.8-openjdk/jre/lib/amd64/server:/usr/lib/jvm/java-1.8-openjdk/jre/lib/amd64:/usr/lib/jvm/java-1.8-openjdk/jre/../lib/amd64:/workdir/hadoop-ozone/integration-test/target/native/target/usr/local/lib:/workdir/hadoop-ozone/integration-test/../../hadoop-common-project/hadoop-common/target/native/target/usr/local/lib:/usr/java/packages/lib/amd64:/usr/lib64:/lib64:/lib:/usr/lib"/>
    <property name="java.vm.info" value="mixed mode"/>
    <property name="java.vendor" value="IcedTea"/>
    <property name="java.vm.version" value="25.212-b04"/>
    <property name="java.ext.dirs" value="/usr/lib/jvm/java-1.8-openjdk/jre/lib/ext:/usr/java/packages/lib/ext"/>
    <property name="sun.io.unicode.encoding" value="UnicodeLittle"/>
    <property name="java.class.version" value="52.0"/>
  </properties>
  <testcase name="test2DatanodesFailure" classname="org.apache.hadoop.ozone.client.rpc.TestBlockOutputStreamWithFailures" time="146.509"/>
  <testcase name="testDatanodeFailureWithPreAllocation" classname="org.apache.hadoop.ozone.client.rpc.TestBlockOutputStreamWithFailures" time="224.29"/>
  <testcase name="testDatanodeFailureWithSingleNodeRatis" classname="org.apache.hadoop.ozone.client.rpc.TestBlockOutputStreamWithFailures" time="225.769"/>
  <testcase name="testWatchForCommitWithSingleNodeRatis" classname="org.apache.hadoop.ozone.client.rpc.TestBlockOutputStreamWithFailures" time="34.003"/>
  <testcase name="testWatchForCommitDatanodeFailure" classname="org.apache.hadoop.ozone.client.rpc.TestBlockOutputStreamWithFailures" time="34.783">
    <failure message="expected:&lt;2&gt; but was:&lt;3&gt;" type="java.lang.AssertionError"><![CDATA[java.lang.AssertionError: expected:<2> but was:<3>
	at org.junit.Assert.fail(Assert.java:88)
	at org.junit.Assert.failNotEquals(Assert.java:743)
	at org.junit.Assert.assertEquals(Assert.java:118)
	at org.junit.Assert.assertEquals(Assert.java:555)
	at org.junit.Assert.assertEquals(Assert.java:542)
	at org.apache.hadoop.ozone.client.rpc.TestBlockOutputStreamWithFailures.testWatchForCommitDatanodeFailure(TestBlockOutputStreamWithFailures.java:366)
	at sun.reflect.NativeMethodAccessorImpl.invoke0(Native Method)
	at sun.reflect.NativeMethodAccessorImpl.invoke(NativeMethodAccessorImpl.java:62)
	at sun.reflect.DelegatingMethodAccessorImpl.invoke(DelegatingMethodAccessorImpl.java:43)
	at java.lang.reflect.Method.invoke(Method.java:498)
	at org.junit.runners.model.FrameworkMethod$1.runReflectiveCall(FrameworkMethod.java:47)
	at org.junit.internal.runners.model.ReflectiveCallable.run(ReflectiveCallable.java:12)
	at org.junit.runners.model.FrameworkMethod.invokeExplosively(FrameworkMethod.java:44)
	at org.junit.internal.runners.statements.InvokeMethod.evaluate(InvokeMethod.java:17)
	at org.junit.internal.runners.statements.RunBefores.evaluate(RunBefores.java:26)
	at org.junit.internal.runners.statements.RunAfters.evaluate(RunAfters.java:27)
	at org.junit.runners.ParentRunner.runLeaf(ParentRunner.java:271)
	at org.junit.runners.BlockJUnit4ClassRunner.runChild(BlockJUnit4ClassRunner.java:70)
	at org.junit.runners.BlockJUnit4ClassRunner.runChild(BlockJUnit4ClassRunner.java:50)
	at org.junit.runners.ParentRunner$3.run(ParentRunner.java:238)
	at org.junit.runners.ParentRunner$1.schedule(ParentRunner.java:63)
	at org.junit.runners.ParentRunner.runChildren(ParentRunner.java:236)
	at org.junit.runners.ParentRunner.access$000(ParentRunner.java:53)
	at org.junit.runners.ParentRunner$2.evaluate(ParentRunner.java:229)
	at org.junit.runners.ParentRunner.run(ParentRunner.java:309)
	at org.apache.maven.surefire.junit4.JUnit4Provider.execute(JUnit4Provider.java:365)
	at org.apache.maven.surefire.junit4.JUnit4Provider.executeWithRerun(JUnit4Provider.java:273)
	at org.apache.maven.surefire.junit4.JUnit4Provider.executeTestSet(JUnit4Provider.java:238)
	at org.apache.maven.surefire.junit4.JUnit4Provider.invoke(JUnit4Provider.java:159)
	at org.apache.maven.surefire.booter.ForkedBooter.invokeProviderInSameClassLoader(ForkedBooter.java:384)
	at org.apache.maven.surefire.booter.ForkedBooter.runSuitesInProcess(ForkedBooter.java:345)
	at org.apache.maven.surefire.booter.ForkedBooter.execute(ForkedBooter.java:126)
	at org.apache.maven.surefire.booter.ForkedBooter.main(ForkedBooter.java:418)
]]></failure>
    <system-out><![CDATA[2019-08-20 14:48:17,553 WARN  server.ServerUtils (ServerUtils.java:getScmDbDir(145)) - ozone.scm.db.dirs is not configured. We recommend adding this setting. Falling back to ozone.metadata.dirs instead.
2019-08-20 14:48:17,595 WARN  server.ServerUtils (ServerUtils.java:getScmDbDir(145)) - ozone.scm.db.dirs is not configured. We recommend adding this setting. Falling back to ozone.metadata.dirs instead.
2019-08-20 14:48:17,596 WARN  server.ServerUtils (ServerUtils.java:getScmDbDir(145)) - ozone.scm.db.dirs is not configured. We recommend adding this setting. Falling back to ozone.metadata.dirs instead.
2019-08-20 14:48:17,596 INFO  db.DBStoreBuilder (DBStoreBuilder.java:addTable(110)) - using custom profile for table: deletedBlocks
2019-08-20 14:48:17,596 INFO  db.DBStoreBuilder (DBStoreBuilder.java:processTables(161)) - Using default column profile:DBProfile.DISK for Table:deletedBlocks
2019-08-20 14:48:17,597 INFO  db.DBStoreBuilder (DBStoreBuilder.java:addTable(110)) - using custom profile for table: validCerts
2019-08-20 14:48:17,597 INFO  db.DBStoreBuilder (DBStoreBuilder.java:processTables(161)) - Using default column profile:DBProfile.DISK for Table:validCerts
2019-08-20 14:48:17,597 INFO  db.DBStoreBuilder (DBStoreBuilder.java:addTable(110)) - using custom profile for table: revokedCerts
2019-08-20 14:48:17,597 INFO  db.DBStoreBuilder (DBStoreBuilder.java:processTables(161)) - Using default column profile:DBProfile.DISK for Table:revokedCerts
2019-08-20 14:48:17,598 INFO  db.DBStoreBuilder (DBStoreBuilder.java:addTable(110)) - using custom profile for table: default
2019-08-20 14:48:17,598 INFO  db.DBStoreBuilder (DBStoreBuilder.java:processTables(167)) - Using default column profile:DBProfile.DISK for Table:default
2019-08-20 14:48:17,598 INFO  db.DBStoreBuilder (DBStoreBuilder.java:getDbProfile(198)) - Using default options. DBProfile.DISK
2019-08-20 14:48:17,779 INFO  net.NodeSchemaLoader (NodeSchemaLoader.java:loadSchemaFromFile(125)) - Loading file from sun.misc.CompoundEnumeration@7d0e46dd
2019-08-20 14:48:17,779 INFO  net.NodeSchemaLoader (NodeSchemaLoader.java:loadSchema(171)) - Loading network topology layer schema file
2019-08-20 14:48:17,785 INFO  node.SCMNodeManager (SCMNodeManager.java:<init>(121)) - Entering startup safe mode.
2019-08-20 14:48:17,786 INFO  algorithms.ContainerPlacementPolicyFactory (ContainerPlacementPolicyFactory.java:getPolicy(55)) - Create container placement policy of type org.apache.hadoop.hdds.scm.container.placement.algorithms.SCMContainerPlacementRandom
2019-08-20 14:48:17,786 WARN  server.ServerUtils (ServerUtils.java:getScmDbDir(145)) - ozone.scm.db.dirs is not configured. We recommend adding this setting. Falling back to ozone.metadata.dirs instead.
2019-08-20 14:48:17,833 INFO  pipeline.SCMPipelineManager (SCMPipelineManager.java:initializePipelineState(126)) - No pipeline exists in current db
2019-08-20 14:48:17,833 WARN  server.ServerUtils (ServerUtils.java:getScmDbDir(145)) - ozone.scm.db.dirs is not configured. We recommend adding this setting. Falling back to ozone.metadata.dirs instead.
2019-08-20 14:48:17,882 WARN  events.EventQueue (EventQueue.java:fireEvent(175)) - No event handler registered for event TypedEvent{payloadType=SafeModeStatus, name='SafeModeStatus'}
2019-08-20 14:48:17,882 INFO  ipc.CallQueueManager (CallQueueManager.java:<init>(84)) - Using callQueue: class java.util.concurrent.LinkedBlockingQueue, queueCapacity: 2000, scheduler: class org.apache.hadoop.ipc.DefaultRpcScheduler, ipcBackoff: false.
2019-08-20 14:48:17,883 INFO  ipc.Server (Server.java:run(1074)) - Starting Socket Reader #1 for port 44126
2019-08-20 14:48:17,884 INFO  ipc.CallQueueManager (CallQueueManager.java:<init>(84)) - Using callQueue: class java.util.concurrent.LinkedBlockingQueue, queueCapacity: 2000, scheduler: class org.apache.hadoop.ipc.DefaultRpcScheduler, ipcBackoff: false.
2019-08-20 14:48:17,885 INFO  ipc.Server (Server.java:run(1074)) - Starting Socket Reader #1 for port 37486
2019-08-20 14:48:17,886 INFO  ipc.CallQueueManager (CallQueueManager.java:<init>(84)) - Using callQueue: class java.util.concurrent.LinkedBlockingQueue, queueCapacity: 2000, scheduler: class org.apache.hadoop.ipc.DefaultRpcScheduler, ipcBackoff: false.
2019-08-20 14:48:17,886 INFO  ipc.Server (Server.java:run(1074)) - Starting Socket Reader #1 for port 40275
2019-08-20 14:48:17,888 INFO  hdfs.DFSUtil (DFSUtil.java:httpServerTemplateForNNAndJN(1641)) - Starting Web-server for scm at: http://0.0.0.0:0
2019-08-20 14:48:17,890 INFO  server.AuthenticationFilter (AuthenticationFilter.java:constructSecretProvider(240)) - Unable to initialize FileSignerSecretProvider, falling back to use random secrets.
2019-08-20 14:48:17,891 WARN  http.HttpRequestLog (HttpRequestLog.java:getRequestLog(97)) - Jetty request log can only be enabled using Log4j
2019-08-20 14:48:17,893 INFO  http.HttpServer2 (HttpServer2.java:addGlobalFilter(975)) - Added global filter 'safety' (class=org.apache.hadoop.http.HttpServer2$QuotingInputFilter)
2019-08-20 14:48:17,894 INFO  http.HttpServer2 (HttpServer2.java:addFilter(948)) - Added filter static_user_filter (class=org.apache.hadoop.http.lib.StaticUserWebFilter$StaticUserFilter) to context scm
2019-08-20 14:48:17,894 INFO  http.HttpServer2 (HttpServer2.java:addFilter(958)) - Added filter static_user_filter (class=org.apache.hadoop.http.lib.StaticUserWebFilter$StaticUserFilter) to context static
2019-08-20 14:48:17,894 INFO  http.HttpServer2 (HttpServer2.java:addFilter(958)) - Added filter static_user_filter (class=org.apache.hadoop.http.lib.StaticUserWebFilter$StaticUserFilter) to context logs
2019-08-20 14:48:17,896 INFO  server.StorageContainerManager (StorageContainerManager.java:start(759)) - StorageContainerLocationProtocol RPC server is listening at /0.0.0.0:40275
2019-08-20 14:48:17,898 WARN  impl.MetricsConfig (MetricsConfig.java:loadFirst(134)) - Cannot locate configuration: tried hadoop-metrics2-storagecontainermanager.properties,hadoop-metrics2.properties
2019-08-20 14:48:17,899 INFO  impl.MetricsSystemImpl (MetricsSystemImpl.java:startTimer(374)) - Scheduled Metric snapshot period at 10 second(s).
2019-08-20 14:48:17,899 INFO  impl.MetricsSystemImpl (MetricsSystemImpl.java:start(191)) - StorageContainerManager metrics system started
2019-08-20 14:48:17,965 INFO  server.SCMClientProtocolServer (SCMClientProtocolServer.java:start(151)) - RPC server for Client  is listening at /0.0.0.0:40275
2019-08-20 14:48:17,966 INFO  ipc.Server (Server.java:run(1314)) - IPC Server Responder: starting
2019-08-20 14:48:17,966 INFO  ipc.Server (Server.java:run(1153)) - IPC Server listener on 40275: starting
2019-08-20 14:48:17,968 INFO  server.StorageContainerManager (StorageContainerManager.java:start(769)) - ScmBlockLocationProtocol RPC server is listening at /0.0.0.0:37486
2019-08-20 14:48:17,969 INFO  server.SCMBlockProtocolServer (SCMBlockProtocolServer.java:start(140)) - RPC server for Block Protocol is listening at /0.0.0.0:37486
2019-08-20 14:48:17,969 INFO  ipc.Server (Server.java:run(1314)) - IPC Server Responder: starting
2019-08-20 14:48:17,969 INFO  ipc.Server (Server.java:run(1153)) - IPC Server listener on 37486: starting
2019-08-20 14:48:17,972 INFO  server.StorageContainerManager (StorageContainerManager.java:start(773)) - ScmDatanodeProtocl RPC server is listening at /0.0.0.0:44126
2019-08-20 14:48:17,972 INFO  server.SCMDatanodeProtocolServer (SCMDatanodeProtocolServer.java:start(191)) - RPC server for DataNodes is listening at /0.0.0.0:44126
2019-08-20 14:48:17,972 INFO  ipc.Server (Server.java:run(1314)) - IPC Server Responder: starting
2019-08-20 14:48:17,972 INFO  ipc.Server (Server.java:run(1153)) - IPC Server listener on 44126: starting
2019-08-20 14:48:17,975 INFO  http.HttpServer2 (HttpServer2.java:bindListener(1191)) - Jetty bound to port 39647
2019-08-20 14:48:17,975 INFO  server.Server (Server.java:doStart(351)) - jetty-9.3.24.v20180605, build timestamp: 2018-06-05T17:11:56Z, git hash: 84205aa28f11a4f31f2a3b86d1bba2cc8ab69827
2019-08-20 14:48:17,977 INFO  handler.ContextHandler (ContextHandler.java:doStart(781)) - Started o.e.j.s.ServletContextHandler@63be4548{/logs,file:///workdir/hadoop-ozone/integration-test/target/log,AVAILABLE}
2019-08-20 14:48:17,977 INFO  handler.ContextHandler (ContextHandler.java:doStart(781)) - Started o.e.j.s.ServletContextHandler@522221e1{/static,file:///workdir/hadoop-ozone/integration-test/target/test-classes/webapps/static,AVAILABLE}
2019-08-20 14:48:17,980 INFO  handler.ContextHandler (ContextHandler.java:doStart(781)) - Started o.e.j.w.WebAppContext@7322013f{/,file:///workdir/hadoop-ozone/integration-test/target/test-classes/webapps/scm/,AVAILABLE}{/scm}
2019-08-20 14:48:17,981 INFO  server.AbstractConnector (AbstractConnector.java:doStart(278)) - Started ServerConnector@3a744e32{HTTP/1.1,[http/1.1]}{0.0.0.0:39647}
2019-08-20 14:48:17,982 INFO  server.Server (Server.java:doStart(419)) - Started @631537ms
2019-08-20 14:48:17,982 INFO  server.BaseHttpServer (BaseHttpServer.java:updateConnectorAddress(213)) - HTTP server of SCM is listening at http://0.0.0.0:39647
2019-08-20 14:48:17,983 WARN  server.ServerUtils (ServerUtils.java:getDBPath(222)) - ozone.om.db.dirs is not configured. We recommend adding this setting. Falling back to ozone.metadata.dirs instead.
2019-08-20 14:48:17,983 INFO  util.JvmPauseMonitor (JvmPauseMonitor.java:run(188)) - Starting JVM pause monitor
2019-08-20 14:48:17,995 WARN  server.ServerUtils (ServerUtils.java:getDBPath(222)) - ozone.om.db.dirs is not configured. We recommend adding this setting. Falling back to ozone.metadata.dirs instead.
2019-08-20 14:48:17,995 WARN  server.ServerUtils (ServerUtils.java:getDBPath(222)) - ozone.om.db.dirs is not configured. We recommend adding this setting. Falling back to ozone.metadata.dirs instead.
2019-08-20 14:48:17,996 INFO  om.OzoneManager (OzoneManager.java:setOMNodeDetails(647)) - OM Service ID is not set. Setting it to the default ID: omServiceIdDefault
2019-08-20 14:48:17,996 INFO  om.OzoneManager (OzoneManager.java:setOMNodeDetails(653)) - OM Node ID is not set. Setting it to the OmStorage's OmID: f61408d1-d300-48bc-8e2c-4c460152a7e7
2019-08-20 14:48:17,996 INFO  om.OzoneManager (OzoneManager.java:loadOMHAConfigs(604)) - Found matching OM address with OMServiceId: null, OMNodeId: null, RPC Address: localhost:0 and Ratis port: 9872
2019-08-20 14:48:18,001 WARN  server.ServerUtils (ServerUtils.java:getDBPath(222)) - ozone.om.db.dirs is not configured. We recommend adding this setting. Falling back to ozone.metadata.dirs instead.
2019-08-20 14:48:18,001 INFO  db.DBStoreBuilder (DBStoreBuilder.java:addTable(110)) - using custom profile for table: userTable
2019-08-20 14:48:18,002 INFO  db.DBStoreBuilder (DBStoreBuilder.java:processTables(161)) - Using default column profile:DBProfile.DISK for Table:userTable
2019-08-20 14:48:18,002 INFO  db.DBStoreBuilder (DBStoreBuilder.java:addTable(110)) - using custom profile for table: volumeTable
2019-08-20 14:48:18,002 INFO  db.DBStoreBuilder (DBStoreBuilder.java:processTables(161)) - Using default column profile:DBProfile.DISK for Table:volumeTable
2019-08-20 14:48:18,002 INFO  db.DBStoreBuilder (DBStoreBuilder.java:addTable(110)) - using custom profile for table: bucketTable
2019-08-20 14:48:18,002 INFO  db.DBStoreBuilder (DBStoreBuilder.java:processTables(161)) - Using default column profile:DBProfile.DISK for Table:bucketTable
2019-08-20 14:48:18,002 INFO  db.DBStoreBuilder (DBStoreBuilder.java:addTable(110)) - using custom profile for table: keyTable
2019-08-20 14:48:18,002 INFO  db.DBStoreBuilder (DBStoreBuilder.java:processTables(161)) - Using default column profile:DBProfile.DISK for Table:keyTable
2019-08-20 14:48:18,003 INFO  db.DBStoreBuilder (DBStoreBuilder.java:addTable(110)) - using custom profile for table: deletedTable
2019-08-20 14:48:18,003 INFO  db.DBStoreBuilder (DBStoreBuilder.java:processTables(161)) - Using default column profile:DBProfile.DISK for Table:deletedTable
2019-08-20 14:48:18,003 INFO  db.DBStoreBuilder (DBStoreBuilder.java:addTable(110)) - using custom profile for table: openKeyTable
2019-08-20 14:48:18,003 INFO  db.DBStoreBuilder (DBStoreBuilder.java:processTables(161)) - Using default column profile:DBProfile.DISK for Table:openKeyTable
2019-08-20 14:48:18,003 INFO  db.DBStoreBuilder (DBStoreBuilder.java:addTable(110)) - using custom profile for table: s3Table
2019-08-20 14:48:18,003 INFO  db.DBStoreBuilder (DBStoreBuilder.java:processTables(161)) - Using default column profile:DBProfile.DISK for Table:s3Table
2019-08-20 14:48:18,004 INFO  db.DBStoreBuilder (DBStoreBuilder.java:addTable(110)) - using custom profile for table: multipartInfoTable
2019-08-20 14:48:18,004 INFO  db.DBStoreBuilder (DBStoreBuilder.java:processTables(161)) - Using default column profile:DBProfile.DISK for Table:multipartInfoTable
2019-08-20 14:48:18,004 INFO  db.DBStoreBuilder (DBStoreBuilder.java:addTable(110)) - using custom profile for table: dTokenTable
2019-08-20 14:48:18,004 INFO  db.DBStoreBuilder (DBStoreBuilder.java:processTables(161)) - Using default column profile:DBProfile.DISK for Table:dTokenTable
2019-08-20 14:48:18,005 INFO  db.DBStoreBuilder (DBStoreBuilder.java:addTable(110)) - using custom profile for table: s3SecretTable
2019-08-20 14:48:18,005 INFO  db.DBStoreBuilder (DBStoreBuilder.java:processTables(161)) - Using default column profile:DBProfile.DISK for Table:s3SecretTable
2019-08-20 14:48:18,005 INFO  db.DBStoreBuilder (DBStoreBuilder.java:addTable(110)) - using custom profile for table: prefixTable
2019-08-20 14:48:18,005 INFO  db.DBStoreBuilder (DBStoreBuilder.java:processTables(161)) - Using default column profile:DBProfile.DISK for Table:prefixTable
2019-08-20 14:48:18,006 INFO  db.DBStoreBuilder (DBStoreBuilder.java:addTable(110)) - using custom profile for table: default
2019-08-20 14:48:18,006 INFO  db.DBStoreBuilder (DBStoreBuilder.java:processTables(167)) - Using default column profile:DBProfile.DISK for Table:default
2019-08-20 14:48:18,006 INFO  db.DBStoreBuilder (DBStoreBuilder.java:getDbProfile(198)) - Using default options. DBProfile.DISK
2019-08-20 14:48:18,407 INFO  ipc.CallQueueManager (CallQueueManager.java:<init>(84)) - Using callQueue: class java.util.concurrent.LinkedBlockingQueue, queueCapacity: 2000, scheduler: class org.apache.hadoop.ipc.DefaultRpcScheduler, ipcBackoff: false.
2019-08-20 14:48:18,408 INFO  ipc.Server (Server.java:run(1074)) - Starting Socket Reader #1 for port 36193
2019-08-20 14:48:18,422 INFO  om.OzoneManager (OzoneManager.java:start(1258)) - OzoneManager RPC server is listening at localhost/127.0.0.1:36193
2019-08-20 14:48:18,422 INFO  impl.MetricsSystemImpl (MetricsSystemImpl.java:init(158)) - OzoneManager metrics system started (again)
2019-08-20 14:48:18,423 INFO  ipc.Server (Server.java:run(1314)) - IPC Server Responder: starting
2019-08-20 14:48:18,423 INFO  ipc.Server (Server.java:run(1153)) - IPC Server listener on 36193: starting
2019-08-20 14:48:18,431 INFO  hdfs.DFSUtil (DFSUtil.java:httpServerTemplateForNNAndJN(1641)) - Starting Web-server for ozoneManager at: http://0.0.0.0:0
2019-08-20 14:48:18,433 INFO  server.AuthenticationFilter (AuthenticationFilter.java:constructSecretProvider(240)) - Unable to initialize FileSignerSecretProvider, falling back to use random secrets.
2019-08-20 14:48:18,433 WARN  http.HttpRequestLog (HttpRequestLog.java:getRequestLog(97)) - Jetty request log can only be enabled using Log4j
2019-08-20 14:48:18,434 INFO  http.HttpServer2 (HttpServer2.java:addGlobalFilter(975)) - Added global filter 'safety' (class=org.apache.hadoop.http.HttpServer2$QuotingInputFilter)
2019-08-20 14:48:18,435 INFO  http.HttpServer2 (HttpServer2.java:addFilter(948)) - Added filter static_user_filter (class=org.apache.hadoop.http.lib.StaticUserWebFilter$StaticUserFilter) to context ozoneManager
2019-08-20 14:48:18,435 INFO  http.HttpServer2 (HttpServer2.java:addFilter(958)) - Added filter static_user_filter (class=org.apache.hadoop.http.lib.StaticUserWebFilter$StaticUserFilter) to context logs
2019-08-20 14:48:18,435 INFO  http.HttpServer2 (HttpServer2.java:addFilter(958)) - Added filter static_user_filter (class=org.apache.hadoop.http.lib.StaticUserWebFilter$StaticUserFilter) to context static
2019-08-20 14:48:18,436 INFO  http.HttpServer2 (HttpServer2.java:bindListener(1191)) - Jetty bound to port 40177
2019-08-20 14:48:18,436 INFO  server.Server (Server.java:doStart(351)) - jetty-9.3.24.v20180605, build timestamp: 2018-06-05T17:11:56Z, git hash: 84205aa28f11a4f31f2a3b86d1bba2cc8ab69827
2019-08-20 14:48:18,437 INFO  handler.ContextHandler (ContextHandler.java:doStart(781)) - Started o.e.j.s.ServletContextHandler@21d478f3{/logs,file:///workdir/hadoop-ozone/integration-test/target/log,AVAILABLE}
2019-08-20 14:48:18,437 INFO  handler.ContextHandler (ContextHandler.java:doStart(781)) - Started o.e.j.s.ServletContextHandler@19ea65f4{/static,file:///workdir/hadoop-ozone/integration-test/target/test-classes/webapps/static,AVAILABLE}
2019-08-20 14:48:18,441 INFO  handler.ContextHandler (ContextHandler.java:doStart(781)) - Started o.e.j.w.WebAppContext@2e871e93{/,file:///workdir/hadoop-ozone/integration-test/target/test-classes/webapps/ozoneManager/,AVAILABLE}{/ozoneManager}
2019-08-20 14:48:18,441 INFO  server.AbstractConnector (AbstractConnector.java:doStart(278)) - Started ServerConnector@6c2063e0{HTTP/1.1,[http/1.1]}{0.0.0.0:40177}
2019-08-20 14:48:18,442 INFO  server.Server (Server.java:doStart(419)) - Started @631997ms
2019-08-20 14:48:18,443 INFO  server.BaseHttpServer (BaseHttpServer.java:updateConnectorAddress(213)) - HTTP server of OZONEMANAGER is listening at http://0.0.0.0:40177
2019-08-20 14:48:18,456 INFO  impl.MetricsSystemImpl (MetricsSystemImpl.java:init(158)) - HddsDatanode metrics system started (again)
2019-08-20 14:48:18,459 INFO  ozone.HddsDatanodeService (HddsDatanodeService.java:start(184)) - HddsDatanodeService host:pr-hdds-1948-qmvbp-2153692187 ip:192.168.5.159
2019-08-20 14:48:18,467 INFO  volume.HddsVolume (HddsVolume.java:<init>(176)) - Creating Volume: /workdir/hadoop-ozone/integration-test/target/test-dir/MiniOzoneClusterImpl-28bf5278-a22d-4d68-a509-63d691dcc8f5/datanode-0/data/containers/hdds of  storage type : DISK and capacity : 1482555576320
2019-08-20 14:48:18,468 INFO  volume.VolumeSet (VolumeSet.java:initializeVolumeSet(170)) - Added Volume : /workdir/hadoop-ozone/integration-test/target/test-dir/MiniOzoneClusterImpl-28bf5278-a22d-4d68-a509-63d691dcc8f5/datanode-0/data/containers/hdds to VolumeSet
2019-08-20 14:48:18,468 INFO  volume.ThrottledAsyncChecker (ThrottledAsyncChecker.java:schedule(140)) - Scheduling a check for org.apache.hadoop.ozone.container.common.volume.HddsVolume@76e10574
2019-08-20 14:48:18,468 INFO  volume.HddsVolumeChecker (HddsVolumeChecker.java:checkAllVolumes(203)) - Scheduled health check for volume org.apache.hadoop.ozone.container.common.volume.HddsVolume@76e10574
2019-08-20 14:48:18,482 INFO  impl.RaftServerProxy (ConfUtils.java:logGet(43)) - raft.rpc.type = GRPC (default)
2019-08-20 14:48:18,482 INFO  grpc.GrpcFactory (GrpcFactory.java:checkPooledByteBufAllocatorUseCacheForAllThreads(45)) - PERFORMANCE WARNING: useCacheForAllThreads is true that may cause Netty to create a lot garbage objects and, as a result, trigger GC.
	It is recommended to disable useCacheForAllThreads by setting -Dorg.apache.ratis.thirdparty.io.netty.allocator.useCacheForAllThreads=false in command line.
2019-08-20 14:48:18,483 INFO  grpc.GrpcConfigKeys$Server (ConfUtils.java:logGet(43)) - raft.grpc.server.port = 0 (default)
2019-08-20 14:48:18,483 INFO  server.GrpcService (ConfUtils.java:logGet(43)) - raft.grpc.message.size.max = 33570816 (custom)
2019-08-20 14:48:18,483 INFO  server.RaftServerConfigKeys (ConfUtils.java:logGet(43)) - raft.server.log.appender.buffer.byte-limit = 33554432 (custom)
2019-08-20 14:48:18,483 INFO  server.GrpcService (ConfUtils.java:logGet(43)) - raft.grpc.flow.control.window = 1MB (=1048576) (default)
2019-08-20 14:48:18,483 INFO  server.RaftServerConfigKeys (ConfUtils.java:logGet(43)) - raft.server.rpc.request.timeout = 3000ms (default)
2019-08-20 14:48:18,484 INFO  server.RaftServerConfigKeys (ConfUtils.java:logGet(43)) - raft.server.storage.dir = [/workdir/hadoop-ozone/integration-test/target/test-dir/MiniOzoneClusterImpl-28bf5278-a22d-4d68-a509-63d691dcc8f5/datanode-0/data/ratis] (custom)
2019-08-20 14:48:18,484 INFO  replication.SimpleContainerDownloader (SimpleContainerDownloader.java:<init>(72)) - Starting container downloader service to copy containers to replicate.
2019-08-20 14:48:18,485 INFO  hdfs.DFSUtil (DFSUtil.java:httpServerTemplateForNNAndJN(1641)) - Starting Web-server for hddsDatanode at: http://0.0.0.0:0
2019-08-20 14:48:18,486 INFO  server.AuthenticationFilter (AuthenticationFilter.java:constructSecretProvider(240)) - Unable to initialize FileSignerSecretProvider, falling back to use random secrets.
2019-08-20 14:48:18,487 WARN  http.HttpRequestLog (HttpRequestLog.java:getRequestLog(97)) - Jetty request log can only be enabled using Log4j
2019-08-20 14:48:18,489 INFO  http.HttpServer2 (HttpServer2.java:addGlobalFilter(975)) - Added global filter 'safety' (class=org.apache.hadoop.http.HttpServer2$QuotingInputFilter)
2019-08-20 14:48:18,489 INFO  http.HttpServer2 (HttpServer2.java:addFilter(948)) - Added filter static_user_filter (class=org.apache.hadoop.http.lib.StaticUserWebFilter$StaticUserFilter) to context hddsDatanode
2019-08-20 14:48:18,489 INFO  http.HttpServer2 (HttpServer2.java:addFilter(958)) - Added filter static_user_filter (class=org.apache.hadoop.http.lib.StaticUserWebFilter$StaticUserFilter) to context static
2019-08-20 14:48:18,490 INFO  http.HttpServer2 (HttpServer2.java:addFilter(958)) - Added filter static_user_filter (class=org.apache.hadoop.http.lib.StaticUserWebFilter$StaticUserFilter) to context logs
2019-08-20 14:48:18,490 INFO  http.HttpServer2 (HttpServer2.java:bindListener(1191)) - Jetty bound to port 44290
2019-08-20 14:48:18,491 INFO  server.Server (Server.java:doStart(351)) - jetty-9.3.24.v20180605, build timestamp: 2018-06-05T17:11:56Z, git hash: 84205aa28f11a4f31f2a3b86d1bba2cc8ab69827
2019-08-20 14:48:18,492 INFO  handler.ContextHandler (ContextHandler.java:doStart(781)) - Started o.e.j.s.ServletContextHandler@7927209f{/logs,file:///workdir/hadoop-ozone/integration-test/target/log,AVAILABLE}
2019-08-20 14:48:18,493 INFO  handler.ContextHandler (ContextHandler.java:doStart(781)) - Started o.e.j.s.ServletContextHandler@747476f1{/static,jar:file:/home/user/.m2/repository/org/apache/hadoop/hadoop-hdds-container-service/0.5.0-SNAPSHOT/hadoop-hdds-container-service-0.5.0-SNAPSHOT.jar!/webapps/static,AVAILABLE}
2019-08-20 14:48:18,581 INFO  handler.ContextHandler (ContextHandler.java:doStart(781)) - Started o.e.j.w.WebAppContext@137a9d69{/,file:///tmp/jetty-0.0.0.0-44290-hddsDatanode-_-any-7811459906633493055.dir/webapp/,AVAILABLE}{/hddsDatanode}
2019-08-20 14:48:18,581 INFO  server.AbstractConnector (AbstractConnector.java:doStart(278)) - Started ServerConnector@12faeada{HTTP/1.1,[http/1.1]}{0.0.0.0:44290}
2019-08-20 14:48:18,583 INFO  server.Server (Server.java:doStart(419)) - Started @632138ms
2019-08-20 14:48:18,583 INFO  server.BaseHttpServer (BaseHttpServer.java:updateConnectorAddress(213)) - HTTP server of HDDSDATANODE is listening at http://0.0.0.0:44290
2019-08-20 14:48:18,707 INFO  ozone.HddsDatanodeService (HddsDatanodeService.java:startPlugins(395)) - Started plug-in org.apache.hadoop.ozone.web.OzoneHddsDatanodeService@7893b8c
2019-08-20 14:48:18,707 INFO  impl.MetricsSystemImpl (MetricsSystemImpl.java:init(158)) - HddsDatanode metrics system started (again)
2019-08-20 14:48:18,709 INFO  util.JvmPauseMonitor (JvmPauseMonitor.java:run(188)) - Starting JVM pause monitor
2019-08-20 14:48:18,710 INFO  ozone.HddsDatanodeService (HddsDatanodeService.java:start(184)) - HddsDatanodeService host:pr-hdds-1948-qmvbp-2153692187 ip:192.168.5.159
2019-08-20 14:48:18,710 INFO  datanode.InitDatanodeState (InitDatanodeState.java:persistContainerDatanodeDetails(140)) - DatanodeDetails is persisted to /workdir/hadoop-ozone/integration-test/target/test-dir/MiniOzoneClusterImpl-28bf5278-a22d-4d68-a509-63d691dcc8f5/datanode-0/meta/datanode.id
2019-08-20 14:48:18,718 INFO  volume.HddsVolume (HddsVolume.java:<init>(176)) - Creating Volume: /workdir/hadoop-ozone/integration-test/target/test-dir/MiniOzoneClusterImpl-28bf5278-a22d-4d68-a509-63d691dcc8f5/datanode-1/data/containers/hdds of  storage type : DISK and capacity : 1482555576320
2019-08-20 14:48:18,718 INFO  volume.VolumeSet (VolumeSet.java:initializeVolumeSet(170)) - Added Volume : /workdir/hadoop-ozone/integration-test/target/test-dir/MiniOzoneClusterImpl-28bf5278-a22d-4d68-a509-63d691dcc8f5/datanode-1/data/containers/hdds to VolumeSet
2019-08-20 14:48:18,718 INFO  volume.ThrottledAsyncChecker (ThrottledAsyncChecker.java:schedule(140)) - Scheduling a check for org.apache.hadoop.ozone.container.common.volume.HddsVolume@7d661205
2019-08-20 14:48:18,719 INFO  volume.HddsVolumeChecker (HddsVolumeChecker.java:checkAllVolumes(203)) - Scheduled health check for volume org.apache.hadoop.ozone.container.common.volume.HddsVolume@7d661205
2019-08-20 14:48:18,745 INFO  impl.RaftServerProxy (ConfUtils.java:logGet(43)) - raft.rpc.type = GRPC (default)
2019-08-20 14:48:18,745 INFO  grpc.GrpcFactory (GrpcFactory.java:checkPooledByteBufAllocatorUseCacheForAllThreads(45)) - PERFORMANCE WARNING: useCacheForAllThreads is true that may cause Netty to create a lot garbage objects and, as a result, trigger GC.
	It is recommended to disable useCacheForAllThreads by setting -Dorg.apache.ratis.thirdparty.io.netty.allocator.useCacheForAllThreads=false in command line.
2019-08-20 14:48:18,745 INFO  grpc.GrpcConfigKeys$Server (ConfUtils.java:logGet(43)) - raft.grpc.server.port = 0 (default)
2019-08-20 14:48:18,746 INFO  server.GrpcService (ConfUtils.java:logGet(43)) - raft.grpc.message.size.max = 33570816 (custom)
2019-08-20 14:48:18,746 INFO  server.RaftServerConfigKeys (ConfUtils.java:logGet(43)) - raft.server.log.appender.buffer.byte-limit = 33554432 (custom)
2019-08-20 14:48:18,746 INFO  server.GrpcService (ConfUtils.java:logGet(43)) - raft.grpc.flow.control.window = 1MB (=1048576) (default)
2019-08-20 14:48:18,747 INFO  server.RaftServerConfigKeys (ConfUtils.java:logGet(43)) - raft.server.rpc.request.timeout = 3000ms (default)
2019-08-20 14:48:18,747 INFO  server.RaftServerConfigKeys (ConfUtils.java:logGet(43)) - raft.server.storage.dir = [/workdir/hadoop-ozone/integration-test/target/test-dir/MiniOzoneClusterImpl-28bf5278-a22d-4d68-a509-63d691dcc8f5/datanode-1/data/ratis] (custom)
2019-08-20 14:48:18,748 INFO  replication.SimpleContainerDownloader (SimpleContainerDownloader.java:<init>(72)) - Starting container downloader service to copy containers to replicate.
2019-08-20 14:48:18,749 INFO  hdfs.DFSUtil (DFSUtil.java:httpServerTemplateForNNAndJN(1641)) - Starting Web-server for hddsDatanode at: http://0.0.0.0:0
2019-08-20 14:48:18,751 INFO  server.AuthenticationFilter (AuthenticationFilter.java:constructSecretProvider(240)) - Unable to initialize FileSignerSecretProvider, falling back to use random secrets.
2019-08-20 14:48:18,751 WARN  http.HttpRequestLog (HttpRequestLog.java:getRequestLog(97)) - Jetty request log can only be enabled using Log4j
2019-08-20 14:48:18,752 INFO  http.HttpServer2 (HttpServer2.java:addGlobalFilter(975)) - Added global filter 'safety' (class=org.apache.hadoop.http.HttpServer2$QuotingInputFilter)
2019-08-20 14:48:18,753 INFO  http.HttpServer2 (HttpServer2.java:addFilter(948)) - Added filter static_user_filter (class=org.apache.hadoop.http.lib.StaticUserWebFilter$StaticUserFilter) to context hddsDatanode
2019-08-20 14:48:18,753 INFO  http.HttpServer2 (HttpServer2.java:addFilter(958)) - Added filter static_user_filter (class=org.apache.hadoop.http.lib.StaticUserWebFilter$StaticUserFilter) to context static
2019-08-20 14:48:18,753 INFO  http.HttpServer2 (HttpServer2.java:addFilter(958)) - Added filter static_user_filter (class=org.apache.hadoop.http.lib.StaticUserWebFilter$StaticUserFilter) to context logs
2019-08-20 14:48:18,753 INFO  http.HttpServer2 (HttpServer2.java:bindListener(1191)) - Jetty bound to port 40369
2019-08-20 14:48:18,753 INFO  server.Server (Server.java:doStart(351)) - jetty-9.3.24.v20180605, build timestamp: 2018-06-05T17:11:56Z, git hash: 84205aa28f11a4f31f2a3b86d1bba2cc8ab69827
2019-08-20 14:48:18,919 INFO  handler.ContextHandler (ContextHandler.java:doStart(781)) - Started o.e.j.s.ServletContextHandler@55f29d39{/logs,file:///workdir/hadoop-ozone/integration-test/target/log,AVAILABLE}
2019-08-20 14:48:18,932 INFO  handler.ContextHandler (ContextHandler.java:doStart(781)) - Started o.e.j.s.ServletContextHandler@c50d1b2{/static,jar:file:/home/user/.m2/repository/org/apache/hadoop/hadoop-hdds-container-service/0.5.0-SNAPSHOT/hadoop-hdds-container-service-0.5.0-SNAPSHOT.jar!/webapps/static,AVAILABLE}
2019-08-20 14:48:18,996 INFO  handler.ContextHandler (ContextHandler.java:doStart(781)) - Started o.e.j.w.WebAppContext@16c3388e{/,file:///tmp/jetty-0.0.0.0-40369-hddsDatanode-_-any-4159119115833063887.dir/webapp/,AVAILABLE}{/hddsDatanode}
2019-08-20 14:48:18,996 INFO  server.AbstractConnector (AbstractConnector.java:doStart(278)) - Started ServerConnector@cec1ce2{HTTP/1.1,[http/1.1]}{0.0.0.0:40369}
2019-08-20 14:48:18,997 INFO  server.Server (Server.java:doStart(419)) - Started @632553ms
2019-08-20 14:48:18,998 INFO  server.BaseHttpServer (BaseHttpServer.java:updateConnectorAddress(213)) - HTTP server of HDDSDATANODE is listening at http://0.0.0.0:40369
2019-08-20 14:48:19,111 INFO  ozone.HddsDatanodeService (HddsDatanodeService.java:startPlugins(395)) - Started plug-in org.apache.hadoop.ozone.web.OzoneHddsDatanodeService@157ff8f8
2019-08-20 14:48:19,111 INFO  impl.MetricsSystemImpl (MetricsSystemImpl.java:init(158)) - HddsDatanode metrics system started (again)
2019-08-20 14:48:19,114 INFO  util.JvmPauseMonitor (JvmPauseMonitor.java:run(188)) - Starting JVM pause monitor
2019-08-20 14:48:19,114 INFO  ozone.HddsDatanodeService (HddsDatanodeService.java:start(184)) - HddsDatanodeService host:pr-hdds-1948-qmvbp-2153692187 ip:192.168.5.159
2019-08-20 14:48:19,115 INFO  datanode.InitDatanodeState (InitDatanodeState.java:persistContainerDatanodeDetails(140)) - DatanodeDetails is persisted to /workdir/hadoop-ozone/integration-test/target/test-dir/MiniOzoneClusterImpl-28bf5278-a22d-4d68-a509-63d691dcc8f5/datanode-1/meta/datanode.id
2019-08-20 14:48:19,123 INFO  volume.HddsVolume (HddsVolume.java:<init>(176)) - Creating Volume: /workdir/hadoop-ozone/integration-test/target/test-dir/MiniOzoneClusterImpl-28bf5278-a22d-4d68-a509-63d691dcc8f5/datanode-2/data/containers/hdds of  storage type : DISK and capacity : 1482555576320
2019-08-20 14:48:19,124 INFO  volume.VolumeSet (VolumeSet.java:initializeVolumeSet(170)) - Added Volume : /workdir/hadoop-ozone/integration-test/target/test-dir/MiniOzoneClusterImpl-28bf5278-a22d-4d68-a509-63d691dcc8f5/datanode-2/data/containers/hdds to VolumeSet
2019-08-20 14:48:19,124 INFO  volume.ThrottledAsyncChecker (ThrottledAsyncChecker.java:schedule(140)) - Scheduling a check for org.apache.hadoop.ozone.container.common.volume.HddsVolume@59b8a801
2019-08-20 14:48:19,124 INFO  volume.HddsVolumeChecker (HddsVolumeChecker.java:checkAllVolumes(203)) - Scheduled health check for volume org.apache.hadoop.ozone.container.common.volume.HddsVolume@59b8a801
2019-08-20 14:48:19,138 INFO  impl.RaftServerProxy (ConfUtils.java:logGet(43)) - raft.rpc.type = GRPC (default)
2019-08-20 14:48:19,138 INFO  grpc.GrpcFactory (GrpcFactory.java:checkPooledByteBufAllocatorUseCacheForAllThreads(45)) - PERFORMANCE WARNING: useCacheForAllThreads is true that may cause Netty to create a lot garbage objects and, as a result, trigger GC.
	It is recommended to disable useCacheForAllThreads by setting -Dorg.apache.ratis.thirdparty.io.netty.allocator.useCacheForAllThreads=false in command line.
2019-08-20 14:48:19,138 INFO  grpc.GrpcConfigKeys$Server (ConfUtils.java:logGet(43)) - raft.grpc.server.port = 0 (default)
2019-08-20 14:48:19,138 INFO  server.GrpcService (ConfUtils.java:logGet(43)) - raft.grpc.message.size.max = 33570816 (custom)
2019-08-20 14:48:19,139 INFO  server.RaftServerConfigKeys (ConfUtils.java:logGet(43)) - raft.server.log.appender.buffer.byte-limit = 33554432 (custom)
2019-08-20 14:48:19,139 INFO  server.GrpcService (ConfUtils.java:logGet(43)) - raft.grpc.flow.control.window = 1MB (=1048576) (default)
2019-08-20 14:48:19,139 INFO  server.RaftServerConfigKeys (ConfUtils.java:logGet(43)) - raft.server.rpc.request.timeout = 3000ms (default)
2019-08-20 14:48:19,139 INFO  server.RaftServerConfigKeys (ConfUtils.java:logGet(43)) - raft.server.storage.dir = [/workdir/hadoop-ozone/integration-test/target/test-dir/MiniOzoneClusterImpl-28bf5278-a22d-4d68-a509-63d691dcc8f5/datanode-2/data/ratis] (custom)
2019-08-20 14:48:19,140 INFO  replication.SimpleContainerDownloader (SimpleContainerDownloader.java:<init>(72)) - Starting container downloader service to copy containers to replicate.
2019-08-20 14:48:19,141 INFO  hdfs.DFSUtil (DFSUtil.java:httpServerTemplateForNNAndJN(1641)) - Starting Web-server for hddsDatanode at: http://0.0.0.0:0
2019-08-20 14:48:19,142 INFO  server.AuthenticationFilter (AuthenticationFilter.java:constructSecretProvider(240)) - Unable to initialize FileSignerSecretProvider, falling back to use random secrets.
2019-08-20 14:48:19,142 WARN  http.HttpRequestLog (HttpRequestLog.java:getRequestLog(97)) - Jetty request log can only be enabled using Log4j
2019-08-20 14:48:19,144 INFO  http.HttpServer2 (HttpServer2.java:addGlobalFilter(975)) - Added global filter 'safety' (class=org.apache.hadoop.http.HttpServer2$QuotingInputFilter)
2019-08-20 14:48:19,144 INFO  http.HttpServer2 (HttpServer2.java:addFilter(948)) - Added filter static_user_filter (class=org.apache.hadoop.http.lib.StaticUserWebFilter$StaticUserFilter) to context hddsDatanode
2019-08-20 14:48:19,144 INFO  http.HttpServer2 (HttpServer2.java:addFilter(958)) - Added filter static_user_filter (class=org.apache.hadoop.http.lib.StaticUserWebFilter$StaticUserFilter) to context static
2019-08-20 14:48:19,144 INFO  http.HttpServer2 (HttpServer2.java:addFilter(958)) - Added filter static_user_filter (class=org.apache.hadoop.http.lib.StaticUserWebFilter$StaticUserFilter) to context logs
2019-08-20 14:48:19,145 INFO  http.HttpServer2 (HttpServer2.java:bindListener(1191)) - Jetty bound to port 44179
2019-08-20 14:48:19,145 INFO  server.Server (Server.java:doStart(351)) - jetty-9.3.24.v20180605, build timestamp: 2018-06-05T17:11:56Z, git hash: 84205aa28f11a4f31f2a3b86d1bba2cc8ab69827
2019-08-20 14:48:19,146 INFO  handler.ContextHandler (ContextHandler.java:doStart(781)) - Started o.e.j.s.ServletContextHandler@12e3cf1c{/logs,file:///workdir/hadoop-ozone/integration-test/target/log,AVAILABLE}
2019-08-20 14:48:19,147 INFO  handler.ContextHandler (ContextHandler.java:doStart(781)) - Started o.e.j.s.ServletContextHandler@533a8540{/static,jar:file:/home/user/.m2/repository/org/apache/hadoop/hadoop-hdds-container-service/0.5.0-SNAPSHOT/hadoop-hdds-container-service-0.5.0-SNAPSHOT.jar!/webapps/static,AVAILABLE}
2019-08-20 14:48:19,171 INFO  handler.ContextHandler (ContextHandler.java:doStart(781)) - Started o.e.j.w.WebAppContext@7bc46dde{/,file:///tmp/jetty-0.0.0.0-44179-hddsDatanode-_-any-768760139552879277.dir/webapp/,AVAILABLE}{/hddsDatanode}
2019-08-20 14:48:19,172 INFO  server.AbstractConnector (AbstractConnector.java:doStart(278)) - Started ServerConnector@409b1740{HTTP/1.1,[http/1.1]}{0.0.0.0:44179}
2019-08-20 14:48:19,173 INFO  server.Server (Server.java:doStart(419)) - Started @632728ms
2019-08-20 14:48:19,174 INFO  server.BaseHttpServer (BaseHttpServer.java:updateConnectorAddress(213)) - HTTP server of HDDSDATANODE is listening at http://0.0.0.0:44179
2019-08-20 14:48:19,299 INFO  ozone.HddsDatanodeService (HddsDatanodeService.java:startPlugins(395)) - Started plug-in org.apache.hadoop.ozone.web.OzoneHddsDatanodeService@566dc0c3
2019-08-20 14:48:19,300 INFO  impl.MetricsSystemImpl (MetricsSystemImpl.java:init(158)) - HddsDatanode metrics system started (again)
2019-08-20 14:48:19,302 INFO  util.JvmPauseMonitor (JvmPauseMonitor.java:run(188)) - Starting JVM pause monitor
2019-08-20 14:48:19,303 INFO  ozone.HddsDatanodeService (HddsDatanodeService.java:start(184)) - HddsDatanodeService host:pr-hdds-1948-qmvbp-2153692187 ip:192.168.5.159
2019-08-20 14:48:19,303 INFO  datanode.InitDatanodeState (InitDatanodeState.java:persistContainerDatanodeDetails(140)) - DatanodeDetails is persisted to /workdir/hadoop-ozone/integration-test/target/test-dir/MiniOzoneClusterImpl-28bf5278-a22d-4d68-a509-63d691dcc8f5/datanode-2/meta/datanode.id
2019-08-20 14:48:19,310 INFO  volume.HddsVolume (HddsVolume.java:<init>(176)) - Creating Volume: /workdir/hadoop-ozone/integration-test/target/test-dir/MiniOzoneClusterImpl-28bf5278-a22d-4d68-a509-63d691dcc8f5/datanode-3/data/containers/hdds of  storage type : DISK and capacity : 1482555576320
2019-08-20 14:48:19,311 INFO  volume.VolumeSet (VolumeSet.java:initializeVolumeSet(170)) - Added Volume : /workdir/hadoop-ozone/integration-test/target/test-dir/MiniOzoneClusterImpl-28bf5278-a22d-4d68-a509-63d691dcc8f5/datanode-3/data/containers/hdds to VolumeSet
2019-08-20 14:48:19,311 INFO  volume.ThrottledAsyncChecker (ThrottledAsyncChecker.java:schedule(140)) - Scheduling a check for org.apache.hadoop.ozone.container.common.volume.HddsVolume@1872a7fe
2019-08-20 14:48:19,311 INFO  volume.HddsVolumeChecker (HddsVolumeChecker.java:checkAllVolumes(203)) - Scheduled health check for volume org.apache.hadoop.ozone.container.common.volume.HddsVolume@1872a7fe
2019-08-20 14:48:19,325 INFO  impl.RaftServerProxy (ConfUtils.java:logGet(43)) - raft.rpc.type = GRPC (default)
2019-08-20 14:48:19,326 INFO  grpc.GrpcFactory (GrpcFactory.java:checkPooledByteBufAllocatorUseCacheForAllThreads(45)) - PERFORMANCE WARNING: useCacheForAllThreads is true that may cause Netty to create a lot garbage objects and, as a result, trigger GC.
	It is recommended to disable useCacheForAllThreads by setting -Dorg.apache.ratis.thirdparty.io.netty.allocator.useCacheForAllThreads=false in command line.
2019-08-20 14:48:19,326 INFO  grpc.GrpcConfigKeys$Server (ConfUtils.java:logGet(43)) - raft.grpc.server.port = 0 (default)
2019-08-20 14:48:19,326 INFO  server.GrpcService (ConfUtils.java:logGet(43)) - raft.grpc.message.size.max = 33570816 (custom)
2019-08-20 14:48:19,326 INFO  server.RaftServerConfigKeys (ConfUtils.java:logGet(43)) - raft.server.log.appender.buffer.byte-limit = 33554432 (custom)
2019-08-20 14:48:19,326 INFO  server.GrpcService (ConfUtils.java:logGet(43)) - raft.grpc.flow.control.window = 1MB (=1048576) (default)
2019-08-20 14:48:19,326 INFO  server.RaftServerConfigKeys (ConfUtils.java:logGet(43)) - raft.server.rpc.request.timeout = 3000ms (default)
2019-08-20 14:48:19,327 INFO  server.RaftServerConfigKeys (ConfUtils.java:logGet(43)) - raft.server.storage.dir = [/workdir/hadoop-ozone/integration-test/target/test-dir/MiniOzoneClusterImpl-28bf5278-a22d-4d68-a509-63d691dcc8f5/datanode-3/data/ratis] (custom)
2019-08-20 14:48:19,327 INFO  replication.SimpleContainerDownloader (SimpleContainerDownloader.java:<init>(72)) - Starting container downloader service to copy containers to replicate.
2019-08-20 14:48:19,328 INFO  hdfs.DFSUtil (DFSUtil.java:httpServerTemplateForNNAndJN(1641)) - Starting Web-server for hddsDatanode at: http://0.0.0.0:0
2019-08-20 14:48:19,330 INFO  server.AuthenticationFilter (AuthenticationFilter.java:constructSecretProvider(240)) - Unable to initialize FileSignerSecretProvider, falling back to use random secrets.
2019-08-20 14:48:19,330 WARN  http.HttpRequestLog (HttpRequestLog.java:getRequestLog(97)) - Jetty request log can only be enabled using Log4j
2019-08-20 14:48:19,331 INFO  http.HttpServer2 (HttpServer2.java:addGlobalFilter(975)) - Added global filter 'safety' (class=org.apache.hadoop.http.HttpServer2$QuotingInputFilter)
2019-08-20 14:48:19,332 INFO  http.HttpServer2 (HttpServer2.java:addFilter(948)) - Added filter static_user_filter (class=org.apache.hadoop.http.lib.StaticUserWebFilter$StaticUserFilter) to context hddsDatanode
2019-08-20 14:48:19,332 INFO  http.HttpServer2 (HttpServer2.java:addFilter(958)) - Added filter static_user_filter (class=org.apache.hadoop.http.lib.StaticUserWebFilter$StaticUserFilter) to context logs
2019-08-20 14:48:19,332 INFO  http.HttpServer2 (HttpServer2.java:addFilter(958)) - Added filter static_user_filter (class=org.apache.hadoop.http.lib.StaticUserWebFilter$StaticUserFilter) to context static
2019-08-20 14:48:19,332 INFO  http.HttpServer2 (HttpServer2.java:bindListener(1191)) - Jetty bound to port 44346
2019-08-20 14:48:19,333 INFO  server.Server (Server.java:doStart(351)) - jetty-9.3.24.v20180605, build timestamp: 2018-06-05T17:11:56Z, git hash: 84205aa28f11a4f31f2a3b86d1bba2cc8ab69827
2019-08-20 14:48:19,334 INFO  handler.ContextHandler (ContextHandler.java:doStart(781)) - Started o.e.j.s.ServletContextHandler@1d9295e2{/logs,file:///workdir/hadoop-ozone/integration-test/target/log,AVAILABLE}
2019-08-20 14:48:19,334 INFO  handler.ContextHandler (ContextHandler.java:doStart(781)) - Started o.e.j.s.ServletContextHandler@2700f556{/static,jar:file:/home/user/.m2/repository/org/apache/hadoop/hadoop-hdds-container-service/0.5.0-SNAPSHOT/hadoop-hdds-container-service-0.5.0-SNAPSHOT.jar!/webapps/static,AVAILABLE}
2019-08-20 14:48:19,359 INFO  handler.ContextHandler (ContextHandler.java:doStart(781)) - Started o.e.j.w.WebAppContext@2f318251{/,file:///tmp/jetty-0.0.0.0-44346-hddsDatanode-_-any-5102656272474557161.dir/webapp/,AVAILABLE}{/hddsDatanode}
2019-08-20 14:48:19,360 INFO  server.AbstractConnector (AbstractConnector.java:doStart(278)) - Started ServerConnector@219c10c2{HTTP/1.1,[http/1.1]}{0.0.0.0:44346}
2019-08-20 14:48:19,361 INFO  server.Server (Server.java:doStart(419)) - Started @632917ms
2019-08-20 14:48:19,362 INFO  server.BaseHttpServer (BaseHttpServer.java:updateConnectorAddress(213)) - HTTP server of HDDSDATANODE is listening at http://0.0.0.0:44346
2019-08-20 14:48:19,471 INFO  ozone.HddsDatanodeService (HddsDatanodeService.java:startPlugins(395)) - Started plug-in org.apache.hadoop.ozone.web.OzoneHddsDatanodeService@c53c04e
2019-08-20 14:48:19,472 INFO  impl.MetricsSystemImpl (MetricsSystemImpl.java:init(158)) - HddsDatanode metrics system started (again)
2019-08-20 14:48:19,474 INFO  util.JvmPauseMonitor (JvmPauseMonitor.java:run(188)) - Starting JVM pause monitor
2019-08-20 14:48:19,475 INFO  ozone.HddsDatanodeService (HddsDatanodeService.java:start(184)) - HddsDatanodeService host:pr-hdds-1948-qmvbp-2153692187 ip:192.168.5.159
2019-08-20 14:48:19,475 INFO  datanode.InitDatanodeState (InitDatanodeState.java:persistContainerDatanodeDetails(140)) - DatanodeDetails is persisted to /workdir/hadoop-ozone/integration-test/target/test-dir/MiniOzoneClusterImpl-28bf5278-a22d-4d68-a509-63d691dcc8f5/datanode-3/meta/datanode.id
2019-08-20 14:48:19,483 INFO  volume.HddsVolume (HddsVolume.java:<init>(176)) - Creating Volume: /workdir/hadoop-ozone/integration-test/target/test-dir/MiniOzoneClusterImpl-28bf5278-a22d-4d68-a509-63d691dcc8f5/datanode-4/data/containers/hdds of  storage type : DISK and capacity : 1482555576320
2019-08-20 14:48:19,483 INFO  volume.VolumeSet (VolumeSet.java:initializeVolumeSet(170)) - Added Volume : /workdir/hadoop-ozone/integration-test/target/test-dir/MiniOzoneClusterImpl-28bf5278-a22d-4d68-a509-63d691dcc8f5/datanode-4/data/containers/hdds to VolumeSet
2019-08-20 14:48:19,483 INFO  volume.ThrottledAsyncChecker (ThrottledAsyncChecker.java:schedule(140)) - Scheduling a check for org.apache.hadoop.ozone.container.common.volume.HddsVolume@1f26bd62
2019-08-20 14:48:19,484 INFO  volume.HddsVolumeChecker (HddsVolumeChecker.java:checkAllVolumes(203)) - Scheduled health check for volume org.apache.hadoop.ozone.container.common.volume.HddsVolume@1f26bd62
2019-08-20 14:48:19,498 INFO  impl.RaftServerProxy (ConfUtils.java:logGet(43)) - raft.rpc.type = GRPC (default)
2019-08-20 14:48:19,499 INFO  grpc.GrpcFactory (GrpcFactory.java:checkPooledByteBufAllocatorUseCacheForAllThreads(45)) - PERFORMANCE WARNING: useCacheForAllThreads is true that may cause Netty to create a lot garbage objects and, as a result, trigger GC.
	It is recommended to disable useCacheForAllThreads by setting -Dorg.apache.ratis.thirdparty.io.netty.allocator.useCacheForAllThreads=false in command line.
2019-08-20 14:48:19,499 INFO  grpc.GrpcConfigKeys$Server (ConfUtils.java:logGet(43)) - raft.grpc.server.port = 0 (default)
2019-08-20 14:48:19,499 INFO  server.GrpcService (ConfUtils.java:logGet(43)) - raft.grpc.message.size.max = 33570816 (custom)
2019-08-20 14:48:19,499 INFO  server.RaftServerConfigKeys (ConfUtils.java:logGet(43)) - raft.server.log.appender.buffer.byte-limit = 33554432 (custom)
2019-08-20 14:48:19,499 INFO  server.GrpcService (ConfUtils.java:logGet(43)) - raft.grpc.flow.control.window = 1MB (=1048576) (default)
2019-08-20 14:48:19,499 INFO  server.RaftServerConfigKeys (ConfUtils.java:logGet(43)) - raft.server.rpc.request.timeout = 3000ms (default)
2019-08-20 14:48:19,500 INFO  server.RaftServerConfigKeys (ConfUtils.java:logGet(43)) - raft.server.storage.dir = [/workdir/hadoop-ozone/integration-test/target/test-dir/MiniOzoneClusterImpl-28bf5278-a22d-4d68-a509-63d691dcc8f5/datanode-4/data/ratis] (custom)
2019-08-20 14:48:19,500 INFO  replication.SimpleContainerDownloader (SimpleContainerDownloader.java:<init>(72)) - Starting container downloader service to copy containers to replicate.
2019-08-20 14:48:19,501 INFO  hdfs.DFSUtil (DFSUtil.java:httpServerTemplateForNNAndJN(1641)) - Starting Web-server for hddsDatanode at: http://0.0.0.0:0
2019-08-20 14:48:19,502 INFO  server.AuthenticationFilter (AuthenticationFilter.java:constructSecretProvider(240)) - Unable to initialize FileSignerSecretProvider, falling back to use random secrets.
2019-08-20 14:48:19,503 WARN  http.HttpRequestLog (HttpRequestLog.java:getRequestLog(97)) - Jetty request log can only be enabled using Log4j
2019-08-20 14:48:19,504 INFO  http.HttpServer2 (HttpServer2.java:addGlobalFilter(975)) - Added global filter 'safety' (class=org.apache.hadoop.http.HttpServer2$QuotingInputFilter)
2019-08-20 14:48:19,504 INFO  http.HttpServer2 (HttpServer2.java:addFilter(948)) - Added filter static_user_filter (class=org.apache.hadoop.http.lib.StaticUserWebFilter$StaticUserFilter) to context hddsDatanode
2019-08-20 14:48:19,504 INFO  http.HttpServer2 (HttpServer2.java:addFilter(958)) - Added filter static_user_filter (class=org.apache.hadoop.http.lib.StaticUserWebFilter$StaticUserFilter) to context logs
2019-08-20 14:48:19,504 INFO  http.HttpServer2 (HttpServer2.java:addFilter(958)) - Added filter static_user_filter (class=org.apache.hadoop.http.lib.StaticUserWebFilter$StaticUserFilter) to context static
2019-08-20 14:48:19,505 INFO  http.HttpServer2 (HttpServer2.java:bindListener(1191)) - Jetty bound to port 33245
2019-08-20 14:48:19,505 INFO  server.Server (Server.java:doStart(351)) - jetty-9.3.24.v20180605, build timestamp: 2018-06-05T17:11:56Z, git hash: 84205aa28f11a4f31f2a3b86d1bba2cc8ab69827
2019-08-20 14:48:19,506 INFO  handler.ContextHandler (ContextHandler.java:doStart(781)) - Started o.e.j.s.ServletContextHandler@29a51ff1{/logs,file:///workdir/hadoop-ozone/integration-test/target/log,AVAILABLE}
2019-08-20 14:48:19,507 INFO  handler.ContextHandler (ContextHandler.java:doStart(781)) - Started o.e.j.s.ServletContextHandler@6f999cf4{/static,jar:file:/home/user/.m2/repository/org/apache/hadoop/hadoop-hdds-container-service/0.5.0-SNAPSHOT/hadoop-hdds-container-service-0.5.0-SNAPSHOT.jar!/webapps/static,AVAILABLE}
2019-08-20 14:48:19,542 INFO  handler.ContextHandler (ContextHandler.java:doStart(781)) - Started o.e.j.w.WebAppContext@d8f65a1{/,file:///tmp/jetty-0.0.0.0-33245-hddsDatanode-_-any-2975276371816981303.dir/webapp/,AVAILABLE}{/hddsDatanode}
2019-08-20 14:48:19,543 INFO  server.AbstractConnector (AbstractConnector.java:doStart(278)) - Started ServerConnector@5014ccf9{HTTP/1.1,[http/1.1]}{0.0.0.0:33245}
2019-08-20 14:48:19,544 INFO  server.Server (Server.java:doStart(419)) - Started @633100ms
2019-08-20 14:48:19,546 INFO  server.BaseHttpServer (BaseHttpServer.java:updateConnectorAddress(213)) - HTTP server of HDDSDATANODE is listening at http://0.0.0.0:33245
2019-08-20 14:48:19,675 INFO  ozone.HddsDatanodeService (HddsDatanodeService.java:startPlugins(395)) - Started plug-in org.apache.hadoop.ozone.web.OzoneHddsDatanodeService@1d0590bc
2019-08-20 14:48:19,676 INFO  impl.MetricsSystemImpl (MetricsSystemImpl.java:init(158)) - HddsDatanode metrics system started (again)
2019-08-20 14:48:19,679 INFO  util.JvmPauseMonitor (JvmPauseMonitor.java:run(188)) - Starting JVM pause monitor
2019-08-20 14:48:19,679 INFO  ozone.HddsDatanodeService (HddsDatanodeService.java:start(184)) - HddsDatanodeService host:pr-hdds-1948-qmvbp-2153692187 ip:192.168.5.159
2019-08-20 14:48:19,680 INFO  datanode.InitDatanodeState (InitDatanodeState.java:persistContainerDatanodeDetails(140)) - DatanodeDetails is persisted to /workdir/hadoop-ozone/integration-test/target/test-dir/MiniOzoneClusterImpl-28bf5278-a22d-4d68-a509-63d691dcc8f5/datanode-4/meta/datanode.id
2019-08-20 14:48:19,689 INFO  volume.HddsVolume (HddsVolume.java:<init>(176)) - Creating Volume: /workdir/hadoop-ozone/integration-test/target/test-dir/MiniOzoneClusterImpl-28bf5278-a22d-4d68-a509-63d691dcc8f5/datanode-5/data/containers/hdds of  storage type : DISK and capacity : 1482555576320
2019-08-20 14:48:19,690 INFO  volume.VolumeSet (VolumeSet.java:initializeVolumeSet(170)) - Added Volume : /workdir/hadoop-ozone/integration-test/target/test-dir/MiniOzoneClusterImpl-28bf5278-a22d-4d68-a509-63d691dcc8f5/datanode-5/data/containers/hdds to VolumeSet
2019-08-20 14:48:19,690 INFO  volume.ThrottledAsyncChecker (ThrottledAsyncChecker.java:schedule(140)) - Scheduling a check for org.apache.hadoop.ozone.container.common.volume.HddsVolume@1d47b761
2019-08-20 14:48:19,690 INFO  volume.HddsVolumeChecker (HddsVolumeChecker.java:checkAllVolumes(203)) - Scheduled health check for volume org.apache.hadoop.ozone.container.common.volume.HddsVolume@1d47b761
2019-08-20 14:48:19,704 INFO  impl.RaftServerProxy (ConfUtils.java:logGet(43)) - raft.rpc.type = GRPC (default)
2019-08-20 14:48:19,704 INFO  grpc.GrpcFactory (GrpcFactory.java:checkPooledByteBufAllocatorUseCacheForAllThreads(45)) - PERFORMANCE WARNING: useCacheForAllThreads is true that may cause Netty to create a lot garbage objects and, as a result, trigger GC.
	It is recommended to disable useCacheForAllThreads by setting -Dorg.apache.ratis.thirdparty.io.netty.allocator.useCacheForAllThreads=false in command line.
2019-08-20 14:48:19,705 INFO  grpc.GrpcConfigKeys$Server (ConfUtils.java:logGet(43)) - raft.grpc.server.port = 0 (default)
2019-08-20 14:48:19,705 INFO  server.GrpcService (ConfUtils.java:logGet(43)) - raft.grpc.message.size.max = 33570816 (custom)
2019-08-20 14:48:19,705 INFO  server.RaftServerConfigKeys (ConfUtils.java:logGet(43)) - raft.server.log.appender.buffer.byte-limit = 33554432 (custom)
2019-08-20 14:48:19,705 INFO  server.GrpcService (ConfUtils.java:logGet(43)) - raft.grpc.flow.control.window = 1MB (=1048576) (default)
2019-08-20 14:48:19,705 INFO  server.RaftServerConfigKeys (ConfUtils.java:logGet(43)) - raft.server.rpc.request.timeout = 3000ms (default)
2019-08-20 14:48:19,706 INFO  server.RaftServerConfigKeys (ConfUtils.java:logGet(43)) - raft.server.storage.dir = [/workdir/hadoop-ozone/integration-test/target/test-dir/MiniOzoneClusterImpl-28bf5278-a22d-4d68-a509-63d691dcc8f5/datanode-5/data/ratis] (custom)
2019-08-20 14:48:19,706 INFO  replication.SimpleContainerDownloader (SimpleContainerDownloader.java:<init>(72)) - Starting container downloader service to copy containers to replicate.
2019-08-20 14:48:19,707 INFO  hdfs.DFSUtil (DFSUtil.java:httpServerTemplateForNNAndJN(1641)) - Starting Web-server for hddsDatanode at: http://0.0.0.0:0
2019-08-20 14:48:19,708 INFO  server.AuthenticationFilter (AuthenticationFilter.java:constructSecretProvider(240)) - Unable to initialize FileSignerSecretProvider, falling back to use random secrets.
2019-08-20 14:48:19,708 WARN  http.HttpRequestLog (HttpRequestLog.java:getRequestLog(97)) - Jetty request log can only be enabled using Log4j
2019-08-20 14:48:19,710 INFO  http.HttpServer2 (HttpServer2.java:addGlobalFilter(975)) - Added global filter 'safety' (class=org.apache.hadoop.http.HttpServer2$QuotingInputFilter)
2019-08-20 14:48:19,710 INFO  http.HttpServer2 (HttpServer2.java:addFilter(948)) - Added filter static_user_filter (class=org.apache.hadoop.http.lib.StaticUserWebFilter$StaticUserFilter) to context hddsDatanode
2019-08-20 14:48:19,711 INFO  http.HttpServer2 (HttpServer2.java:addFilter(958)) - Added filter static_user_filter (class=org.apache.hadoop.http.lib.StaticUserWebFilter$StaticUserFilter) to context static
2019-08-20 14:48:19,711 INFO  http.HttpServer2 (HttpServer2.java:addFilter(958)) - Added filter static_user_filter (class=org.apache.hadoop.http.lib.StaticUserWebFilter$StaticUserFilter) to context logs
2019-08-20 14:48:19,712 INFO  http.HttpServer2 (HttpServer2.java:bindListener(1191)) - Jetty bound to port 34426
2019-08-20 14:48:19,712 INFO  server.Server (Server.java:doStart(351)) - jetty-9.3.24.v20180605, build timestamp: 2018-06-05T17:11:56Z, git hash: 84205aa28f11a4f31f2a3b86d1bba2cc8ab69827
2019-08-20 14:48:19,713 INFO  handler.ContextHandler (ContextHandler.java:doStart(781)) - Started o.e.j.s.ServletContextHandler@2da7ef3e{/logs,file:///workdir/hadoop-ozone/integration-test/target/log,AVAILABLE}
2019-08-20 14:48:19,714 INFO  handler.ContextHandler (ContextHandler.java:doStart(781)) - Started o.e.j.s.ServletContextHandler@23b62cc3{/static,jar:file:/home/user/.m2/repository/org/apache/hadoop/hadoop-hdds-container-service/0.5.0-SNAPSHOT/hadoop-hdds-container-service-0.5.0-SNAPSHOT.jar!/webapps/static,AVAILABLE}
2019-08-20 14:48:19,739 INFO  handler.ContextHandler (ContextHandler.java:doStart(781)) - Started o.e.j.w.WebAppContext@4ca6f587{/,file:///tmp/jetty-0.0.0.0-34426-hddsDatanode-_-any-6782000718751780207.dir/webapp/,AVAILABLE}{/hddsDatanode}
2019-08-20 14:48:19,739 INFO  server.AbstractConnector (AbstractConnector.java:doStart(278)) - Started ServerConnector@6442c2dd{HTTP/1.1,[http/1.1]}{0.0.0.0:34426}
2019-08-20 14:48:19,740 INFO  server.Server (Server.java:doStart(419)) - Started @633296ms
2019-08-20 14:48:19,741 INFO  server.BaseHttpServer (BaseHttpServer.java:updateConnectorAddress(213)) - HTTP server of HDDSDATANODE is listening at http://0.0.0.0:34426
2019-08-20 14:48:19,852 INFO  ozone.HddsDatanodeService (HddsDatanodeService.java:startPlugins(395)) - Started plug-in org.apache.hadoop.ozone.web.OzoneHddsDatanodeService@5f804b36
2019-08-20 14:48:19,853 INFO  impl.MetricsSystemImpl (MetricsSystemImpl.java:init(158)) - HddsDatanode metrics system started (again)
2019-08-20 14:48:19,854 INFO  util.JvmPauseMonitor (JvmPauseMonitor.java:run(188)) - Starting JVM pause monitor
2019-08-20 14:48:19,856 INFO  datanode.InitDatanodeState (InitDatanodeState.java:persistContainerDatanodeDetails(140)) - DatanodeDetails is persisted to /workdir/hadoop-ozone/integration-test/target/test-dir/MiniOzoneClusterImpl-28bf5278-a22d-4d68-a509-63d691dcc8f5/datanode-5/meta/datanode.id
2019-08-20 14:48:19,859 INFO  ozone.HddsDatanodeService (HddsDatanodeService.java:start(184)) - HddsDatanodeService host:pr-hdds-1948-qmvbp-2153692187 ip:192.168.5.159
2019-08-20 14:48:19,871 INFO  volume.HddsVolume (HddsVolume.java:<init>(176)) - Creating Volume: /workdir/hadoop-ozone/integration-test/target/test-dir/MiniOzoneClusterImpl-28bf5278-a22d-4d68-a509-63d691dcc8f5/datanode-6/data/containers/hdds of  storage type : DISK and capacity : 1482555576320
2019-08-20 14:48:19,871 INFO  volume.VolumeSet (VolumeSet.java:initializeVolumeSet(170)) - Added Volume : /workdir/hadoop-ozone/integration-test/target/test-dir/MiniOzoneClusterImpl-28bf5278-a22d-4d68-a509-63d691dcc8f5/datanode-6/data/containers/hdds to VolumeSet
2019-08-20 14:48:19,872 INFO  volume.ThrottledAsyncChecker (ThrottledAsyncChecker.java:schedule(140)) - Scheduling a check for org.apache.hadoop.ozone.container.common.volume.HddsVolume@148c571c
2019-08-20 14:48:19,872 INFO  volume.HddsVolumeChecker (HddsVolumeChecker.java:checkAllVolumes(203)) - Scheduled health check for volume org.apache.hadoop.ozone.container.common.volume.HddsVolume@148c571c
2019-08-20 14:48:19,898 INFO  impl.RaftServerProxy (ConfUtils.java:logGet(43)) - raft.rpc.type = GRPC (default)
2019-08-20 14:48:19,898 INFO  grpc.GrpcFactory (GrpcFactory.java:checkPooledByteBufAllocatorUseCacheForAllThreads(45)) - PERFORMANCE WARNING: useCacheForAllThreads is true that may cause Netty to create a lot garbage objects and, as a result, trigger GC.
	It is recommended to disable useCacheForAllThreads by setting -Dorg.apache.ratis.thirdparty.io.netty.allocator.useCacheForAllThreads=false in command line.
2019-08-20 14:48:19,898 INFO  grpc.GrpcConfigKeys$Server (ConfUtils.java:logGet(43)) - raft.grpc.server.port = 0 (default)
2019-08-20 14:48:19,899 INFO  server.GrpcService (ConfUtils.java:logGet(43)) - raft.grpc.message.size.max = 33570816 (custom)
2019-08-20 14:48:19,899 INFO  server.RaftServerConfigKeys (ConfUtils.java:logGet(43)) - raft.server.log.appender.buffer.byte-limit = 33554432 (custom)
2019-08-20 14:48:19,899 INFO  server.GrpcService (ConfUtils.java:logGet(43)) - raft.grpc.flow.control.window = 1MB (=1048576) (default)
2019-08-20 14:48:19,900 INFO  server.RaftServerConfigKeys (ConfUtils.java:logGet(43)) - raft.server.rpc.request.timeout = 3000ms (default)
2019-08-20 14:48:19,900 INFO  server.RaftServerConfigKeys (ConfUtils.java:logGet(43)) - raft.server.storage.dir = [/workdir/hadoop-ozone/integration-test/target/test-dir/MiniOzoneClusterImpl-28bf5278-a22d-4d68-a509-63d691dcc8f5/datanode-6/data/ratis] (custom)
2019-08-20 14:48:19,901 INFO  replication.SimpleContainerDownloader (SimpleContainerDownloader.java:<init>(72)) - Starting container downloader service to copy containers to replicate.
2019-08-20 14:48:19,902 INFO  hdfs.DFSUtil (DFSUtil.java:httpServerTemplateForNNAndJN(1641)) - Starting Web-server for hddsDatanode at: http://0.0.0.0:0
2019-08-20 14:48:19,904 INFO  server.AuthenticationFilter (AuthenticationFilter.java:constructSecretProvider(240)) - Unable to initialize FileSignerSecretProvider, falling back to use random secrets.
2019-08-20 14:48:19,905 WARN  http.HttpRequestLog (HttpRequestLog.java:getRequestLog(97)) - Jetty request log can only be enabled using Log4j
2019-08-20 14:48:19,907 INFO  http.HttpServer2 (HttpServer2.java:addGlobalFilter(975)) - Added global filter 'safety' (class=org.apache.hadoop.http.HttpServer2$QuotingInputFilter)
2019-08-20 14:48:19,907 INFO  http.HttpServer2 (HttpServer2.java:addFilter(948)) - Added filter static_user_filter (class=org.apache.hadoop.http.lib.StaticUserWebFilter$StaticUserFilter) to context hddsDatanode
2019-08-20 14:48:19,907 INFO  http.HttpServer2 (HttpServer2.java:addFilter(958)) - Added filter static_user_filter (class=org.apache.hadoop.http.lib.StaticUserWebFilter$StaticUserFilter) to context logs
2019-08-20 14:48:19,908 INFO  http.HttpServer2 (HttpServer2.java:addFilter(958)) - Added filter static_user_filter (class=org.apache.hadoop.http.lib.StaticUserWebFilter$StaticUserFilter) to context static
2019-08-20 14:48:19,908 INFO  http.HttpServer2 (HttpServer2.java:bindListener(1191)) - Jetty bound to port 35451
2019-08-20 14:48:19,909 INFO  server.Server (Server.java:doStart(351)) - jetty-9.3.24.v20180605, build timestamp: 2018-06-05T17:11:56Z, git hash: 84205aa28f11a4f31f2a3b86d1bba2cc8ab69827
2019-08-20 14:48:19,911 INFO  handler.ContextHandler (ContextHandler.java:doStart(781)) - Started o.e.j.s.ServletContextHandler@97842a0{/logs,file:///workdir/hadoop-ozone/integration-test/target/log,AVAILABLE}
2019-08-20 14:48:19,911 INFO  handler.ContextHandler (ContextHandler.java:doStart(781)) - Started o.e.j.s.ServletContextHandler@41628b4f{/static,jar:file:/home/user/.m2/repository/org/apache/hadoop/hadoop-hdds-container-service/0.5.0-SNAPSHOT/hadoop-hdds-container-service-0.5.0-SNAPSHOT.jar!/webapps/static,AVAILABLE}
2019-08-20 14:48:19,941 INFO  handler.ContextHandler (ContextHandler.java:doStart(781)) - Started o.e.j.w.WebAppContext@5078e308{/,file:///tmp/jetty-0.0.0.0-35451-hddsDatanode-_-any-8943892759423874480.dir/webapp/,AVAILABLE}{/hddsDatanode}
2019-08-20 14:48:19,942 INFO  server.AbstractConnector (AbstractConnector.java:doStart(278)) - Started ServerConnector@2045a469{HTTP/1.1,[http/1.1]}{0.0.0.0:35451}
2019-08-20 14:48:19,946 INFO  server.Server (Server.java:doStart(419)) - Started @633501ms
2019-08-20 14:48:19,947 INFO  server.BaseHttpServer (BaseHttpServer.java:updateConnectorAddress(213)) - HTTP server of HDDSDATANODE is listening at http://0.0.0.0:35451
2019-08-20 14:48:20,106 INFO  ozone.HddsDatanodeService (HddsDatanodeService.java:startPlugins(395)) - Started plug-in org.apache.hadoop.ozone.web.OzoneHddsDatanodeService@69ca71b3
2019-08-20 14:48:20,106 INFO  ozone.MiniOzoneClusterImpl (MiniOzoneClusterImpl.java:lambda$waitForClusterToBeReady$0(142)) - Waiting for cluster to be ready. Got 0 of 7 DN Heartbeats.
2019-08-20 14:48:20,107 INFO  util.JvmPauseMonitor (JvmPauseMonitor.java:run(188)) - Starting JVM pause monitor
2019-08-20 14:48:20,108 INFO  datanode.InitDatanodeState (InitDatanodeState.java:persistContainerDatanodeDetails(140)) - DatanodeDetails is persisted to /workdir/hadoop-ozone/integration-test/target/test-dir/MiniOzoneClusterImpl-28bf5278-a22d-4d68-a509-63d691dcc8f5/datanode-6/meta/datanode.id
2019-08-20 14:48:20,730 INFO  ozoneimpl.OzoneContainer (OzoneContainer.java:start(186)) - Attempting to start container services.
2019-08-20 14:48:20,730 INFO  ozoneimpl.OzoneContainer (OzoneContainer.java:startContainerScrub(160)) - Background container scrubber has been disabled by hdds.containerscrub.enabled
2019-08-20 14:48:20,731 INFO  ratis.XceiverServerRatis (XceiverServerRatis.java:start(404)) - Starting XceiverServerRatis 8f5e4cb6-1775-4ada-928f-cf56c5642961 at port 0
2019-08-20 14:48:20,737 INFO  impl.RaftServerProxy (RaftServerProxy.java:lambda$start$3(299)) - 8f5e4cb6-1775-4ada-928f-cf56c5642961: start RPC server
2019-08-20 14:48:20,739 INFO  server.GrpcService (GrpcService.java:startImpl(149)) - 8f5e4cb6-1775-4ada-928f-cf56c5642961: GrpcService started, listening on 0.0.0.0/0.0.0.0:43076
2019-08-20 14:48:20,740 INFO  ratis.XceiverServerRatis (XceiverServerRatis.java:start(414)) - XceiverServerRatis 8f5e4cb6-1775-4ada-928f-cf56c5642961 is started using port 43076
2019-08-20 14:48:20,740 INFO  server.XceiverServerGrpc (XceiverServerGrpc.java:start(161)) - XceiverServerGrpc 8f5e4cb6-1775-4ada-928f-cf56c5642961 is started using port 37247
2019-08-20 14:48:21,107 INFO  ozone.MiniOzoneClusterImpl (MiniOzoneClusterImpl.java:lambda$waitForClusterToBeReady$0(142)) - Waiting for cluster to be ready. Got 0 of 7 DN Heartbeats.
2019-08-20 14:48:21,117 INFO  ozoneimpl.OzoneContainer (OzoneContainer.java:start(186)) - Attempting to start container services.
2019-08-20 14:48:21,117 INFO  ozoneimpl.OzoneContainer (OzoneContainer.java:startContainerScrub(160)) - Background container scrubber has been disabled by hdds.containerscrub.enabled
2019-08-20 14:48:21,118 INFO  ratis.XceiverServerRatis (XceiverServerRatis.java:start(404)) - Starting XceiverServerRatis 158039ed-c458-4a4b-b1db-d7cd6728139c at port 0
2019-08-20 14:48:21,122 INFO  impl.RaftServerProxy (RaftServerProxy.java:lambda$start$3(299)) - 158039ed-c458-4a4b-b1db-d7cd6728139c: start RPC server
2019-08-20 14:48:21,122 INFO  server.GrpcService (GrpcService.java:startImpl(149)) - 158039ed-c458-4a4b-b1db-d7cd6728139c: GrpcService started, listening on 0.0.0.0/0.0.0.0:39013
2019-08-20 14:48:21,122 INFO  ratis.XceiverServerRatis (XceiverServerRatis.java:start(414)) - XceiverServerRatis 158039ed-c458-4a4b-b1db-d7cd6728139c is started using port 39013
2019-08-20 14:48:21,122 INFO  server.XceiverServerGrpc (XceiverServerGrpc.java:start(161)) - XceiverServerGrpc 158039ed-c458-4a4b-b1db-d7cd6728139c is started using port 40034
2019-08-20 14:48:21,318 INFO  ozoneimpl.OzoneContainer (OzoneContainer.java:start(186)) - Attempting to start container services.
2019-08-20 14:48:21,318 INFO  ozoneimpl.OzoneContainer (OzoneContainer.java:startContainerScrub(160)) - Background container scrubber has been disabled by hdds.containerscrub.enabled
2019-08-20 14:48:21,318 INFO  ratis.XceiverServerRatis (XceiverServerRatis.java:start(404)) - Starting XceiverServerRatis 96588e65-3762-4805-8efb-634df7011723 at port 0
2019-08-20 14:48:21,322 INFO  impl.RaftServerProxy (RaftServerProxy.java:lambda$start$3(299)) - 96588e65-3762-4805-8efb-634df7011723: start RPC server
2019-08-20 14:48:21,323 INFO  server.GrpcService (GrpcService.java:startImpl(149)) - 96588e65-3762-4805-8efb-634df7011723: GrpcService started, listening on 0.0.0.0/0.0.0.0:38811
2019-08-20 14:48:21,323 INFO  ratis.XceiverServerRatis (XceiverServerRatis.java:start(414)) - XceiverServerRatis 96588e65-3762-4805-8efb-634df7011723 is started using port 38811
2019-08-20 14:48:21,323 INFO  server.XceiverServerGrpc (XceiverServerGrpc.java:start(161)) - XceiverServerGrpc 96588e65-3762-4805-8efb-634df7011723 is started using port 44764
2019-08-20 14:48:21,488 INFO  ozoneimpl.OzoneContainer (OzoneContainer.java:start(186)) - Attempting to start container services.
2019-08-20 14:48:21,489 INFO  ozoneimpl.OzoneContainer (OzoneContainer.java:startContainerScrub(160)) - Background container scrubber has been disabled by hdds.containerscrub.enabled
2019-08-20 14:48:21,489 INFO  ratis.XceiverServerRatis (XceiverServerRatis.java:start(404)) - Starting XceiverServerRatis 870a185a-ea3b-485e-988a-44cebca76e3a at port 0
2019-08-20 14:48:21,505 INFO  impl.RaftServerProxy (RaftServerProxy.java:lambda$start$3(299)) - 870a185a-ea3b-485e-988a-44cebca76e3a: start RPC server
2019-08-20 14:48:21,506 INFO  server.GrpcService (GrpcService.java:startImpl(149)) - 870a185a-ea3b-485e-988a-44cebca76e3a: GrpcService started, listening on 0.0.0.0/0.0.0.0:45748
2019-08-20 14:48:21,506 INFO  ratis.XceiverServerRatis (XceiverServerRatis.java:start(414)) - XceiverServerRatis 870a185a-ea3b-485e-988a-44cebca76e3a is started using port 45748
2019-08-20 14:48:21,506 INFO  server.XceiverServerGrpc (XceiverServerGrpc.java:start(161)) - XceiverServerGrpc 870a185a-ea3b-485e-988a-44cebca76e3a is started using port 33163
2019-08-20 14:48:21,693 INFO  ozoneimpl.OzoneContainer (OzoneContainer.java:start(186)) - Attempting to start container services.
2019-08-20 14:48:21,693 INFO  ozoneimpl.OzoneContainer (OzoneContainer.java:startContainerScrub(160)) - Background container scrubber has been disabled by hdds.containerscrub.enabled
2019-08-20 14:48:21,693 INFO  ratis.XceiverServerRatis (XceiverServerRatis.java:start(404)) - Starting XceiverServerRatis e4059d2f-c87d-4cd5-828c-2357f27d8eee at port 0
2019-08-20 14:48:21,699 INFO  impl.RaftServerProxy (RaftServerProxy.java:lambda$start$3(299)) - e4059d2f-c87d-4cd5-828c-2357f27d8eee: start RPC server
2019-08-20 14:48:21,702 INFO  server.GrpcService (GrpcService.java:startImpl(149)) - e4059d2f-c87d-4cd5-828c-2357f27d8eee: GrpcService started, listening on 0.0.0.0/0.0.0.0:44589
2019-08-20 14:48:21,702 INFO  ratis.XceiverServerRatis (XceiverServerRatis.java:start(414)) - XceiverServerRatis e4059d2f-c87d-4cd5-828c-2357f27d8eee is started using port 44589
2019-08-20 14:48:21,702 INFO  server.XceiverServerGrpc (XceiverServerGrpc.java:start(161)) - XceiverServerGrpc e4059d2f-c87d-4cd5-828c-2357f27d8eee is started using port 33061
2019-08-20 14:48:21,858 INFO  ozoneimpl.OzoneContainer (OzoneContainer.java:start(186)) - Attempting to start container services.
2019-08-20 14:48:21,858 INFO  ozoneimpl.OzoneContainer (OzoneContainer.java:startContainerScrub(160)) - Background container scrubber has been disabled by hdds.containerscrub.enabled
2019-08-20 14:48:21,858 INFO  ratis.XceiverServerRatis (XceiverServerRatis.java:start(404)) - Starting XceiverServerRatis ba169736-c915-41bf-b878-2c7563e78ddf at port 0
2019-08-20 14:48:21,864 INFO  impl.RaftServerProxy (RaftServerProxy.java:lambda$start$3(299)) - ba169736-c915-41bf-b878-2c7563e78ddf: start RPC server
2019-08-20 14:48:21,864 INFO  server.GrpcService (GrpcService.java:startImpl(149)) - ba169736-c915-41bf-b878-2c7563e78ddf: GrpcService started, listening on 0.0.0.0/0.0.0.0:43044
2019-08-20 14:48:21,864 INFO  ratis.XceiverServerRatis (XceiverServerRatis.java:start(414)) - XceiverServerRatis ba169736-c915-41bf-b878-2c7563e78ddf is started using port 43044
2019-08-20 14:48:21,865 INFO  server.XceiverServerGrpc (XceiverServerGrpc.java:start(161)) - XceiverServerGrpc ba169736-c915-41bf-b878-2c7563e78ddf is started using port 42651
2019-08-20 14:48:22,107 INFO  ozone.MiniOzoneClusterImpl (MiniOzoneClusterImpl.java:lambda$waitForClusterToBeReady$0(142)) - Waiting for cluster to be ready. Got 0 of 7 DN Heartbeats.
2019-08-20 14:48:22,111 INFO  ozoneimpl.OzoneContainer (OzoneContainer.java:start(186)) - Attempting to start container services.
2019-08-20 14:48:22,112 INFO  ozoneimpl.OzoneContainer (OzoneContainer.java:startContainerScrub(160)) - Background container scrubber has been disabled by hdds.containerscrub.enabled
2019-08-20 14:48:22,112 INFO  ratis.XceiverServerRatis (XceiverServerRatis.java:start(404)) - Starting XceiverServerRatis 1b258722-3691-42bc-9430-40eb6b2f07d9 at port 0
2019-08-20 14:48:22,118 INFO  impl.RaftServerProxy (RaftServerProxy.java:lambda$start$3(299)) - 1b258722-3691-42bc-9430-40eb6b2f07d9: start RPC server
2019-08-20 14:48:22,119 INFO  server.GrpcService (GrpcService.java:startImpl(149)) - 1b258722-3691-42bc-9430-40eb6b2f07d9: GrpcService started, listening on 0.0.0.0/0.0.0.0:40461
2019-08-20 14:48:22,119 INFO  ratis.XceiverServerRatis (XceiverServerRatis.java:start(414)) - XceiverServerRatis 1b258722-3691-42bc-9430-40eb6b2f07d9 is started using port 40461
2019-08-20 14:48:22,119 INFO  server.XceiverServerGrpc (XceiverServerGrpc.java:start(161)) - XceiverServerGrpc 1b258722-3691-42bc-9430-40eb6b2f07d9 is started using port 44254
2019-08-20 14:48:22,713 INFO  net.NetworkTopology (NetworkTopologyImpl.java:add(110)) - Added a new node: /default-rack/8f5e4cb6-1775-4ada-928f-cf56c5642961
2019-08-20 14:48:22,716 INFO  node.SCMNodeManager (SCMNodeManager.java:register(273)) - Registered Data node : 8f5e4cb6-1775-4ada-928f-cf56c5642961{ip: 192.168.5.159, host: pr-hdds-1948-qmvbp-2153692187, networkLocation: /default-rack, certSerialId: null}
2019-08-20 14:48:22,716 INFO  safemode.SCMSafeModeManager (DataNodeSafeModeRule.java:process(71)) - SCM in safe mode. 1 DataNodes registered, 1 required.
2019-08-20 14:48:22,718 INFO  safemode.SCMSafeModeManager (SCMSafeModeManager.java:validateSafeModeExitRules(177)) - ScmSafeModeManager, all rules are successfully validated
2019-08-20 14:48:22,718 INFO  safemode.SCMSafeModeManager (SCMSafeModeManager.java:exitSafeMode(193)) - SCM exiting safe mode.
2019-08-20 14:48:22,743 INFO  impl.RaftServerProxy (RaftServerProxy.java:addNew(89)) - 8f5e4cb6-1775-4ada-928f-cf56c5642961: addNew group-D10C5391DAAA:[8f5e4cb6-1775-4ada-928f-cf56c5642961:192.168.5.159:43076] returns group-D10C5391DAAA:java.util.concurrent.CompletableFuture@75fc9643[Not completed]
2019-08-20 14:48:22,744 INFO  impl.RaftServerImpl (RaftServerImpl.java:<init>(93)) - 8f5e4cb6-1775-4ada-928f-cf56c5642961: new RaftServerImpl for group-D10C5391DAAA:[8f5e4cb6-1775-4ada-928f-cf56c5642961:192.168.5.159:43076] with ContainerStateMachine:uninitialized
2019-08-20 14:48:22,744 INFO  server.RaftServerConfigKeys (ConfUtils.java:logGet(43)) - raft.server.rpc.timeout.min = 5s (custom)
2019-08-20 14:48:22,744 INFO  server.RaftServerConfigKeys (ConfUtils.java:logGet(43)) - raft.server.rpc.timeout.max = 5200ms (custom)
2019-08-20 14:48:22,744 INFO  server.RaftServerConfigKeys (ConfUtils.java:logGet(43)) - raft.server.rpcslowness.timeout = 120s (custom)
2019-08-20 14:48:22,744 INFO  server.RaftServerConfigKeys (ConfUtils.java:logGet(43)) - raft.server.sleep.deviation.threshold = 300 (default)
2019-08-20 14:48:22,745 INFO  server.RaftServerConfigKeys (ConfUtils.java:logGet(43)) - raft.server.log.appender.install.snapshot.enabled = false (custom)
2019-08-20 14:48:22,745 INFO  impl.RaftServerImpl (ServerState.java:<init>(105)) - 8f5e4cb6-1775-4ada-928f-cf56c5642961:group-D10C5391DAAA ConfigurationManager, init=-1: [8f5e4cb6-1775-4ada-928f-cf56c5642961:192.168.5.159:43076], old=null, confs=<EMPTY_MAP>
2019-08-20 14:48:22,745 INFO  server.RaftServerConfigKeys (ConfUtils.java:logGet(43)) - raft.server.storage.dir = [/workdir/hadoop-ozone/integration-test/target/test-dir/MiniOzoneClusterImpl-28bf5278-a22d-4d68-a509-63d691dcc8f5/datanode-0/data/ratis] (custom)
2019-08-20 14:48:22,745 INFO  storage.RaftStorageDirectory (RaftStorageDirectory.java:analyzeStorage(246)) - The storage directory /workdir/hadoop-ozone/integration-test/target/test-dir/MiniOzoneClusterImpl-28bf5278-a22d-4d68-a509-63d691dcc8f5/datanode-0/data/ratis/40d99f36-eaa8-4f85-ac85-d10c5391daaa does not exist. Creating ...
2019-08-20 14:48:22,758 INFO  storage.RaftStorageDirectory (RaftStorageDirectory.java:tryLock(328)) - Lock on /workdir/hadoop-ozone/integration-test/target/test-dir/MiniOzoneClusterImpl-28bf5278-a22d-4d68-a509-63d691dcc8f5/datanode-0/data/ratis/40d99f36-eaa8-4f85-ac85-d10c5391daaa/in_use.lock acquired by nodename 29193@pr-hdds-1948-qmvbp-2153692187
2019-08-20 14:48:22,772 INFO  storage.RaftStorage (RaftStorage.java:format(72)) - Storage directory /workdir/hadoop-ozone/integration-test/target/test-dir/MiniOzoneClusterImpl-28bf5278-a22d-4d68-a509-63d691dcc8f5/datanode-0/data/ratis/40d99f36-eaa8-4f85-ac85-d10c5391daaa has been successfully formatted.
2019-08-20 14:48:22,773 INFO  ratis.ContainerStateMachine (ContainerStateMachine.java:loadSnapshot(222)) - group-D10C5391DAAA: The snapshot info is null. Setting the last applied indexto:(t:0, i:~)
2019-08-20 14:48:22,773 INFO  server.RaftServerConfigKeys (ConfUtils.java:logGet(43)) - raft.server.leader.election.timeout = 120s (custom)
2019-08-20 14:48:22,773 INFO  server.RaftServerConfigKeys (ConfUtils.java:logGet(43)) - raft.server.log.use.memory = false (default)
2019-08-20 14:48:22,774 INFO  server.RaftServerConfigKeys (ConfUtils.java:logGet(43)) - raft.server.log.purge.gap = 1000000000 (custom)
2019-08-20 14:48:22,774 INFO  server.RaftServerConfigKeys (ConfUtils.java:logGet(43)) - raft.server.log.appender.buffer.byte-limit = 33554432 (custom)
2019-08-20 14:48:22,774 INFO  server.RaftServerConfigKeys (ConfUtils.java:logGet(43)) - raft.server.log.segment.size.max = 1048576 (custom)
2019-08-20 14:48:22,774 INFO  server.RaftServerConfigKeys (ConfUtils.java:logGet(43)) - raft.server.log.segment.cache.num.max = 2 (custom)
2019-08-20 14:48:22,774 INFO  segmented.SegmentedRaftLogWorker (SegmentedRaftLogWorker.java:<init>(172)) - new 8f5e4cb6-1775-4ada-928f-cf56c5642961-SegmentedRaftLogWorker:Storage Directory /workdir/hadoop-ozone/integration-test/target/test-dir/MiniOzoneClusterImpl-28bf5278-a22d-4d68-a509-63d691dcc8f5/datanode-0/data/ratis/40d99f36-eaa8-4f85-ac85-d10c5391daaa for RaftStorage:Storage Directory /workdir/hadoop-ozone/integration-test/target/test-dir/MiniOzoneClusterImpl-28bf5278-a22d-4d68-a509-63d691dcc8f5/datanode-0/data/ratis/40d99f36-eaa8-4f85-ac85-d10c5391daaa
2019-08-20 14:48:22,775 INFO  server.RaftServerConfigKeys (ConfUtils.java:logGet(43)) - raft.server.log.queue.byte-limit = 2147483647 (custom)
2019-08-20 14:48:22,775 INFO  server.RaftServerConfigKeys (ConfUtils.java:logGet(43)) - raft.server.log.queue.element-limit = 1024 (custom)
2019-08-20 14:48:22,775 INFO  server.RaftServerConfigKeys (ConfUtils.java:logGet(43)) - raft.server.log.segment.size.max = 1048576 (custom)
2019-08-20 14:48:22,776 INFO  server.RaftServerConfigKeys (ConfUtils.java:logGet(43)) - raft.server.log.preallocated.size = 16384 (custom)
2019-08-20 14:48:22,776 INFO  server.RaftServerConfigKeys (ConfUtils.java:logGet(43)) - raft.server.log.write.buffer.size = 33554432 (custom)
2019-08-20 14:48:22,776 INFO  server.RaftServerConfigKeys (ConfUtils.java:logGet(43)) - raft.server.log.force.sync.num = 128 (default)
2019-08-20 14:48:22,776 INFO  server.RaftServerConfigKeys (ConfUtils.java:logGet(43)) - raft.server.log.statemachine.data.sync = true (default)
2019-08-20 14:48:22,776 INFO  server.RaftServerConfigKeys (ConfUtils.java:logGet(43)) - raft.server.log.statemachine.data.sync.timeout = 10s (default)
2019-08-20 14:48:22,776 INFO  server.RaftServerConfigKeys (ConfUtils.java:logGet(43)) - raft.server.log.statemachine.data.sync.timeout.retry = -1 (default)
2019-08-20 14:48:22,777 INFO  server.RaftServerConfigKeys (ConfUtils.java:logGet(43)) - raft.server.log.statemachine.data.caching.enabled = true (custom)
2019-08-20 14:48:22,777 INFO  segmented.SegmentedRaftLogWorker (SegmentedRaftLogWorker.java:lambda$new$0(132)) - 8f5e4cb6-1775-4ada-928f-cf56c5642961-SegmentedRaftLogWorker:Storage Directory /workdir/hadoop-ozone/integration-test/target/test-dir/MiniOzoneClusterImpl-28bf5278-a22d-4d68-a509-63d691dcc8f5/datanode-0/data/ratis/40d99f36-eaa8-4f85-ac85-d10c5391daaa: flushIndex: setUnconditionally 0 -> -1
2019-08-20 14:48:22,778 INFO  server.RaftServerConfigKeys (ConfUtils.java:logGet(43)) - raft.server.snapshot.auto.trigger.enabled = true (custom)
2019-08-20 14:48:22,778 INFO  server.RaftServerConfigKeys (ConfUtils.java:logGet(43)) - raft.server.snapshot.auto.trigger.threshold = 10000 (custom)
2019-08-20 14:48:22,778 INFO  server.RaftServerConfigKeys (ConfUtils.java:logGet(43)) - raft.server.retrycache.expirytime = 600000ms (custom)
2019-08-20 14:48:22,779 INFO  impl.RaftServerImpl (RaftServerImpl.java:start(180)) - 8f5e4cb6-1775-4ada-928f-cf56c5642961: start group-D10C5391DAAA
2019-08-20 14:48:22,779 INFO  impl.RaftServerImpl (RaftServerImpl.java:setRole(171)) - 8f5e4cb6-1775-4ada-928f-cf56c5642961:group-D10C5391DAAA changes role from null to FOLLOWER at term 0 for startAsFollower
2019-08-20 14:48:22,779 INFO  impl.RoleInfo (RoleInfo.java:updateAndGet(143)) - 8f5e4cb6-1775-4ada-928f-cf56c5642961: start FollowerState
2019-08-20 14:48:22,780 INFO  util.JmxRegister (JmxRegister.java:tryRegister(44)) - Successfully registered JMX Bean with object name Ratis:service=RaftServer,group=group-D10C5391DAAA,id=8f5e4cb6-1775-4ada-928f-cf56c5642961
2019-08-20 14:48:22,782 INFO  pipeline.PipelineStateManager (PipelineStateManager.java:addPipeline(56)) - Created pipeline Pipeline[ Id: 40d99f36-eaa8-4f85-ac85-d10c5391daaa, Nodes: 8f5e4cb6-1775-4ada-928f-cf56c5642961{ip: 192.168.5.159, host: pr-hdds-1948-qmvbp-2153692187, networkLocation: /default-rack, certSerialId: null}, Type:RATIS, Factor:ONE, State:OPEN]
2019-08-20 14:48:23,108 INFO  ozone.MiniOzoneClusterImpl (MiniOzoneClusterImpl.java:lambda$waitForClusterToBeReady$0(142)) - Waiting for cluster to be ready. Got 1 of 7 DN Heartbeats.
2019-08-20 14:48:23,115 INFO  net.NetworkTopology (NetworkTopologyImpl.java:add(110)) - Added a new node: /default-rack/158039ed-c458-4a4b-b1db-d7cd6728139c
2019-08-20 14:48:23,115 INFO  node.SCMNodeManager (SCMNodeManager.java:register(273)) - Registered Data node : 158039ed-c458-4a4b-b1db-d7cd6728139c{ip: 192.168.5.159, host: pr-hdds-1948-qmvbp-2153692187, networkLocation: /default-rack, certSerialId: null}
2019-08-20 14:48:23,122 INFO  impl.RaftServerProxy (RaftServerProxy.java:addNew(89)) - 158039ed-c458-4a4b-b1db-d7cd6728139c: addNew group-B07983ECDD37:[158039ed-c458-4a4b-b1db-d7cd6728139c:192.168.5.159:39013] returns group-B07983ECDD37:java.util.concurrent.CompletableFuture@29d8c44e[Not completed]
2019-08-20 14:48:23,123 INFO  impl.RaftServerImpl (RaftServerImpl.java:<init>(93)) - 158039ed-c458-4a4b-b1db-d7cd6728139c: new RaftServerImpl for group-B07983ECDD37:[158039ed-c458-4a4b-b1db-d7cd6728139c:192.168.5.159:39013] with ContainerStateMachine:uninitialized
2019-08-20 14:48:23,123 INFO  server.RaftServerConfigKeys (ConfUtils.java:logGet(43)) - raft.server.rpc.timeout.min = 5s (custom)
2019-08-20 14:48:23,123 INFO  server.RaftServerConfigKeys (ConfUtils.java:logGet(43)) - raft.server.rpc.timeout.max = 5200ms (custom)
2019-08-20 14:48:23,123 INFO  server.RaftServerConfigKeys (ConfUtils.java:logGet(43)) - raft.server.rpcslowness.timeout = 120s (custom)
2019-08-20 14:48:23,123 INFO  server.RaftServerConfigKeys (ConfUtils.java:logGet(43)) - raft.server.sleep.deviation.threshold = 300 (default)
2019-08-20 14:48:23,123 INFO  server.RaftServerConfigKeys (ConfUtils.java:logGet(43)) - raft.server.log.appender.install.snapshot.enabled = false (custom)
2019-08-20 14:48:23,123 INFO  impl.RaftServerImpl (ServerState.java:<init>(105)) - 158039ed-c458-4a4b-b1db-d7cd6728139c:group-B07983ECDD37 ConfigurationManager, init=-1: [158039ed-c458-4a4b-b1db-d7cd6728139c:192.168.5.159:39013], old=null, confs=<EMPTY_MAP>
2019-08-20 14:48:23,123 INFO  server.RaftServerConfigKeys (ConfUtils.java:logGet(43)) - raft.server.storage.dir = [/workdir/hadoop-ozone/integration-test/target/test-dir/MiniOzoneClusterImpl-28bf5278-a22d-4d68-a509-63d691dcc8f5/datanode-1/data/ratis] (custom)
2019-08-20 14:48:23,124 INFO  storage.RaftStorageDirectory (RaftStorageDirectory.java:analyzeStorage(246)) - The storage directory /workdir/hadoop-ozone/integration-test/target/test-dir/MiniOzoneClusterImpl-28bf5278-a22d-4d68-a509-63d691dcc8f5/datanode-1/data/ratis/001a4421-230b-40fd-bf1c-b07983ecdd37 does not exist. Creating ...
2019-08-20 14:48:23,137 INFO  storage.RaftStorageDirectory (RaftStorageDirectory.java:tryLock(328)) - Lock on /workdir/hadoop-ozone/integration-test/target/test-dir/MiniOzoneClusterImpl-28bf5278-a22d-4d68-a509-63d691dcc8f5/datanode-1/data/ratis/001a4421-230b-40fd-bf1c-b07983ecdd37/in_use.lock acquired by nodename 29193@pr-hdds-1948-qmvbp-2153692187
2019-08-20 14:48:23,150 INFO  storage.RaftStorage (RaftStorage.java:format(72)) - Storage directory /workdir/hadoop-ozone/integration-test/target/test-dir/MiniOzoneClusterImpl-28bf5278-a22d-4d68-a509-63d691dcc8f5/datanode-1/data/ratis/001a4421-230b-40fd-bf1c-b07983ecdd37 has been successfully formatted.
2019-08-20 14:48:23,151 INFO  ratis.ContainerStateMachine (ContainerStateMachine.java:loadSnapshot(222)) - group-B07983ECDD37: The snapshot info is null. Setting the last applied indexto:(t:0, i:~)
2019-08-20 14:48:23,151 INFO  server.RaftServerConfigKeys (ConfUtils.java:logGet(43)) - raft.server.leader.election.timeout = 120s (custom)
2019-08-20 14:48:23,151 INFO  server.RaftServerConfigKeys (ConfUtils.java:logGet(43)) - raft.server.log.use.memory = false (default)
2019-08-20 14:48:23,151 INFO  server.RaftServerConfigKeys (ConfUtils.java:logGet(43)) - raft.server.log.purge.gap = 1000000000 (custom)
2019-08-20 14:48:23,151 INFO  server.RaftServerConfigKeys (ConfUtils.java:logGet(43)) - raft.server.log.appender.buffer.byte-limit = 33554432 (custom)
2019-08-20 14:48:23,151 INFO  server.RaftServerConfigKeys (ConfUtils.java:logGet(43)) - raft.server.log.segment.size.max = 1048576 (custom)
2019-08-20 14:48:23,151 INFO  server.RaftServerConfigKeys (ConfUtils.java:logGet(43)) - raft.server.log.segment.cache.num.max = 2 (custom)
2019-08-20 14:48:23,151 INFO  segmented.SegmentedRaftLogWorker (SegmentedRaftLogWorker.java:<init>(172)) - new 158039ed-c458-4a4b-b1db-d7cd6728139c-SegmentedRaftLogWorker:Storage Directory /workdir/hadoop-ozone/integration-test/target/test-dir/MiniOzoneClusterImpl-28bf5278-a22d-4d68-a509-63d691dcc8f5/datanode-1/data/ratis/001a4421-230b-40fd-bf1c-b07983ecdd37 for RaftStorage:Storage Directory /workdir/hadoop-ozone/integration-test/target/test-dir/MiniOzoneClusterImpl-28bf5278-a22d-4d68-a509-63d691dcc8f5/datanode-1/data/ratis/001a4421-230b-40fd-bf1c-b07983ecdd37
2019-08-20 14:48:23,151 INFO  server.RaftServerConfigKeys (ConfUtils.java:logGet(43)) - raft.server.log.queue.byte-limit = 2147483647 (custom)
2019-08-20 14:48:23,151 INFO  server.RaftServerConfigKeys (ConfUtils.java:logGet(43)) - raft.server.log.queue.element-limit = 1024 (custom)
2019-08-20 14:48:23,152 INFO  server.RaftServerConfigKeys (ConfUtils.java:logGet(43)) - raft.server.log.segment.size.max = 1048576 (custom)
2019-08-20 14:48:23,152 INFO  server.RaftServerConfigKeys (ConfUtils.java:logGet(43)) - raft.server.log.preallocated.size = 16384 (custom)
2019-08-20 14:48:23,152 INFO  server.RaftServerConfigKeys (ConfUtils.java:logGet(43)) - raft.server.log.write.buffer.size = 33554432 (custom)
2019-08-20 14:48:23,152 INFO  server.RaftServerConfigKeys (ConfUtils.java:logGet(43)) - raft.server.log.force.sync.num = 128 (default)
2019-08-20 14:48:23,152 INFO  server.RaftServerConfigKeys (ConfUtils.java:logGet(43)) - raft.server.log.statemachine.data.sync = true (default)
2019-08-20 14:48:23,152 INFO  server.RaftServerConfigKeys (ConfUtils.java:logGet(43)) - raft.server.log.statemachine.data.sync.timeout = 10s (default)
2019-08-20 14:48:23,152 INFO  server.RaftServerConfigKeys (ConfUtils.java:logGet(43)) - raft.server.log.statemachine.data.sync.timeout.retry = -1 (default)
2019-08-20 14:48:23,152 INFO  server.RaftServerConfigKeys (ConfUtils.java:logGet(43)) - raft.server.log.statemachine.data.caching.enabled = true (custom)
2019-08-20 14:48:23,153 INFO  segmented.SegmentedRaftLogWorker (SegmentedRaftLogWorker.java:lambda$new$0(132)) - 158039ed-c458-4a4b-b1db-d7cd6728139c-SegmentedRaftLogWorker:Storage Directory /workdir/hadoop-ozone/integration-test/target/test-dir/MiniOzoneClusterImpl-28bf5278-a22d-4d68-a509-63d691dcc8f5/datanode-1/data/ratis/001a4421-230b-40fd-bf1c-b07983ecdd37: flushIndex: setUnconditionally 0 -> -1
2019-08-20 14:48:23,153 INFO  server.RaftServerConfigKeys (ConfUtils.java:logGet(43)) - raft.server.snapshot.auto.trigger.enabled = true (custom)
2019-08-20 14:48:23,153 INFO  server.RaftServerConfigKeys (ConfUtils.java:logGet(43)) - raft.server.snapshot.auto.trigger.threshold = 10000 (custom)
2019-08-20 14:48:23,153 INFO  server.RaftServerConfigKeys (ConfUtils.java:logGet(43)) - raft.server.retrycache.expirytime = 600000ms (custom)
2019-08-20 14:48:23,153 INFO  impl.RaftServerImpl (RaftServerImpl.java:start(180)) - 158039ed-c458-4a4b-b1db-d7cd6728139c: start group-B07983ECDD37
2019-08-20 14:48:23,153 INFO  impl.RaftServerImpl (RaftServerImpl.java:setRole(171)) - 158039ed-c458-4a4b-b1db-d7cd6728139c:group-B07983ECDD37 changes role from null to FOLLOWER at term 0 for startAsFollower
2019-08-20 14:48:23,153 INFO  impl.RoleInfo (RoleInfo.java:updateAndGet(143)) - 158039ed-c458-4a4b-b1db-d7cd6728139c: start FollowerState
2019-08-20 14:48:23,154 INFO  util.JmxRegister (JmxRegister.java:tryRegister(44)) - Successfully registered JMX Bean with object name Ratis:service=RaftServer,group=group-B07983ECDD37,id=158039ed-c458-4a4b-b1db-d7cd6728139c
2019-08-20 14:48:23,156 INFO  pipeline.PipelineStateManager (PipelineStateManager.java:addPipeline(56)) - Created pipeline Pipeline[ Id: 001a4421-230b-40fd-bf1c-b07983ecdd37, Nodes: 158039ed-c458-4a4b-b1db-d7cd6728139c{ip: 192.168.5.159, host: pr-hdds-1948-qmvbp-2153692187, networkLocation: /default-rack, certSerialId: null}, Type:RATIS, Factor:ONE, State:OPEN]
2019-08-20 14:48:23,304 INFO  net.NetworkTopology (NetworkTopologyImpl.java:add(110)) - Added a new node: /default-rack/96588e65-3762-4805-8efb-634df7011723
2019-08-20 14:48:23,304 INFO  node.SCMNodeManager (SCMNodeManager.java:register(273)) - Registered Data node : 96588e65-3762-4805-8efb-634df7011723{ip: 192.168.5.159, host: pr-hdds-1948-qmvbp-2153692187, networkLocation: /default-rack, certSerialId: null}
2019-08-20 14:48:23,313 INFO  impl.RaftServerProxy (RaftServerProxy.java:addNew(89)) - 96588e65-3762-4805-8efb-634df7011723: addNew group-B03CCE77E5F0:[96588e65-3762-4805-8efb-634df7011723:192.168.5.159:38811] returns group-B03CCE77E5F0:java.util.concurrent.CompletableFuture@6d03b941[Not completed]
2019-08-20 14:48:23,314 INFO  impl.RaftServerImpl (RaftServerImpl.java:<init>(93)) - 96588e65-3762-4805-8efb-634df7011723: new RaftServerImpl for group-B03CCE77E5F0:[96588e65-3762-4805-8efb-634df7011723:192.168.5.159:38811] with ContainerStateMachine:uninitialized
2019-08-20 14:48:23,315 INFO  server.RaftServerConfigKeys (ConfUtils.java:logGet(43)) - raft.server.rpc.timeout.min = 5s (custom)
2019-08-20 14:48:23,315 INFO  server.RaftServerConfigKeys (ConfUtils.java:logGet(43)) - raft.server.rpc.timeout.max = 5200ms (custom)
2019-08-20 14:48:23,315 INFO  server.RaftServerConfigKeys (ConfUtils.java:logGet(43)) - raft.server.rpcslowness.timeout = 120s (custom)
2019-08-20 14:48:23,315 INFO  server.RaftServerConfigKeys (ConfUtils.java:logGet(43)) - raft.server.sleep.deviation.threshold = 300 (default)
2019-08-20 14:48:23,315 INFO  server.RaftServerConfigKeys (ConfUtils.java:logGet(43)) - raft.server.log.appender.install.snapshot.enabled = false (custom)
2019-08-20 14:48:23,315 INFO  impl.RaftServerImpl (ServerState.java:<init>(105)) - 96588e65-3762-4805-8efb-634df7011723:group-B03CCE77E5F0 ConfigurationManager, init=-1: [96588e65-3762-4805-8efb-634df7011723:192.168.5.159:38811], old=null, confs=<EMPTY_MAP>
2019-08-20 14:48:23,315 INFO  server.RaftServerConfigKeys (ConfUtils.java:logGet(43)) - raft.server.storage.dir = [/workdir/hadoop-ozone/integration-test/target/test-dir/MiniOzoneClusterImpl-28bf5278-a22d-4d68-a509-63d691dcc8f5/datanode-2/data/ratis] (custom)
2019-08-20 14:48:23,316 INFO  storage.RaftStorageDirectory (RaftStorageDirectory.java:analyzeStorage(246)) - The storage directory /workdir/hadoop-ozone/integration-test/target/test-dir/MiniOzoneClusterImpl-28bf5278-a22d-4d68-a509-63d691dcc8f5/datanode-2/data/ratis/3fc351e4-65b1-416c-ba88-b03cce77e5f0 does not exist. Creating ...
2019-08-20 14:48:23,328 INFO  storage.RaftStorageDirectory (RaftStorageDirectory.java:tryLock(328)) - Lock on /workdir/hadoop-ozone/integration-test/target/test-dir/MiniOzoneClusterImpl-28bf5278-a22d-4d68-a509-63d691dcc8f5/datanode-2/data/ratis/3fc351e4-65b1-416c-ba88-b03cce77e5f0/in_use.lock acquired by nodename 29193@pr-hdds-1948-qmvbp-2153692187
2019-08-20 14:48:23,342 INFO  storage.RaftStorage (RaftStorage.java:format(72)) - Storage directory /workdir/hadoop-ozone/integration-test/target/test-dir/MiniOzoneClusterImpl-28bf5278-a22d-4d68-a509-63d691dcc8f5/datanode-2/data/ratis/3fc351e4-65b1-416c-ba88-b03cce77e5f0 has been successfully formatted.
2019-08-20 14:48:23,343 INFO  ratis.ContainerStateMachine (ContainerStateMachine.java:loadSnapshot(222)) - group-B03CCE77E5F0: The snapshot info is null. Setting the last applied indexto:(t:0, i:~)
2019-08-20 14:48:23,343 INFO  server.RaftServerConfigKeys (ConfUtils.java:logGet(43)) - raft.server.leader.election.timeout = 120s (custom)
2019-08-20 14:48:23,343 INFO  server.RaftServerConfigKeys (ConfUtils.java:logGet(43)) - raft.server.log.use.memory = false (default)
2019-08-20 14:48:23,344 INFO  server.RaftServerConfigKeys (ConfUtils.java:logGet(43)) - raft.server.log.purge.gap = 1000000000 (custom)
2019-08-20 14:48:23,344 INFO  server.RaftServerConfigKeys (ConfUtils.java:logGet(43)) - raft.server.log.appender.buffer.byte-limit = 33554432 (custom)
2019-08-20 14:48:23,344 INFO  server.RaftServerConfigKeys (ConfUtils.java:logGet(43)) - raft.server.log.segment.size.max = 1048576 (custom)
2019-08-20 14:48:23,344 INFO  server.RaftServerConfigKeys (ConfUtils.java:logGet(43)) - raft.server.log.segment.cache.num.max = 2 (custom)
2019-08-20 14:48:23,344 INFO  segmented.SegmentedRaftLogWorker (SegmentedRaftLogWorker.java:<init>(172)) - new 96588e65-3762-4805-8efb-634df7011723-SegmentedRaftLogWorker:Storage Directory /workdir/hadoop-ozone/integration-test/target/test-dir/MiniOzoneClusterImpl-28bf5278-a22d-4d68-a509-63d691dcc8f5/datanode-2/data/ratis/3fc351e4-65b1-416c-ba88-b03cce77e5f0 for RaftStorage:Storage Directory /workdir/hadoop-ozone/integration-test/target/test-dir/MiniOzoneClusterImpl-28bf5278-a22d-4d68-a509-63d691dcc8f5/datanode-2/data/ratis/3fc351e4-65b1-416c-ba88-b03cce77e5f0
2019-08-20 14:48:23,344 INFO  server.RaftServerConfigKeys (ConfUtils.java:logGet(43)) - raft.server.log.queue.byte-limit = 2147483647 (custom)
2019-08-20 14:48:23,344 INFO  server.RaftServerConfigKeys (ConfUtils.java:logGet(43)) - raft.server.log.queue.element-limit = 1024 (custom)
2019-08-20 14:48:23,345 INFO  server.RaftServerConfigKeys (ConfUtils.java:logGet(43)) - raft.server.log.segment.size.max = 1048576 (custom)
2019-08-20 14:48:23,345 INFO  server.RaftServerConfigKeys (ConfUtils.java:logGet(43)) - raft.server.log.preallocated.size = 16384 (custom)
2019-08-20 14:48:23,345 INFO  server.RaftServerConfigKeys (ConfUtils.java:logGet(43)) - raft.server.log.write.buffer.size = 33554432 (custom)
2019-08-20 14:48:23,345 INFO  server.RaftServerConfigKeys (ConfUtils.java:logGet(43)) - raft.server.log.force.sync.num = 128 (default)
2019-08-20 14:48:23,345 INFO  server.RaftServerConfigKeys (ConfUtils.java:logGet(43)) - raft.server.log.statemachine.data.sync = true (default)
2019-08-20 14:48:23,345 INFO  server.RaftServerConfigKeys (ConfUtils.java:logGet(43)) - raft.server.log.statemachine.data.sync.timeout = 10s (default)
2019-08-20 14:48:23,346 INFO  server.RaftServerConfigKeys (ConfUtils.java:logGet(43)) - raft.server.log.statemachine.data.sync.timeout.retry = -1 (default)
2019-08-20 14:48:23,346 INFO  server.RaftServerConfigKeys (ConfUtils.java:logGet(43)) - raft.server.log.statemachine.data.caching.enabled = true (custom)
2019-08-20 14:48:23,346 INFO  segmented.SegmentedRaftLogWorker (SegmentedRaftLogWorker.java:lambda$new$0(132)) - 96588e65-3762-4805-8efb-634df7011723-SegmentedRaftLogWorker:Storage Directory /workdir/hadoop-ozone/integration-test/target/test-dir/MiniOzoneClusterImpl-28bf5278-a22d-4d68-a509-63d691dcc8f5/datanode-2/data/ratis/3fc351e4-65b1-416c-ba88-b03cce77e5f0: flushIndex: setUnconditionally 0 -> -1
2019-08-20 14:48:23,347 INFO  server.RaftServerConfigKeys (ConfUtils.java:logGet(43)) - raft.server.snapshot.auto.trigger.enabled = true (custom)
2019-08-20 14:48:23,347 INFO  server.RaftServerConfigKeys (ConfUtils.java:logGet(43)) - raft.server.snapshot.auto.trigger.threshold = 10000 (custom)
2019-08-20 14:48:23,347 INFO  server.RaftServerConfigKeys (ConfUtils.java:logGet(43)) - raft.server.retrycache.expirytime = 600000ms (custom)
2019-08-20 14:48:23,347 INFO  impl.RaftServerImpl (RaftServerImpl.java:start(180)) - 96588e65-3762-4805-8efb-634df7011723: start group-B03CCE77E5F0
2019-08-20 14:48:23,347 INFO  impl.RaftServerImpl (RaftServerImpl.java:setRole(171)) - 96588e65-3762-4805-8efb-634df7011723:group-B03CCE77E5F0 changes role from null to FOLLOWER at term 0 for startAsFollower
2019-08-20 14:48:23,347 INFO  impl.RoleInfo (RoleInfo.java:updateAndGet(143)) - 96588e65-3762-4805-8efb-634df7011723: start FollowerState
2019-08-20 14:48:23,347 INFO  util.JmxRegister (JmxRegister.java:tryRegister(44)) - Successfully registered JMX Bean with object name Ratis:service=RaftServer,group=group-B03CCE77E5F0,id=96588e65-3762-4805-8efb-634df7011723
2019-08-20 14:48:23,349 INFO  pipeline.PipelineStateManager (PipelineStateManager.java:addPipeline(56)) - Created pipeline Pipeline[ Id: 3fc351e4-65b1-416c-ba88-b03cce77e5f0, Nodes: 96588e65-3762-4805-8efb-634df7011723{ip: 192.168.5.159, host: pr-hdds-1948-qmvbp-2153692187, networkLocation: /default-rack, certSerialId: null}, Type:RATIS, Factor:ONE, State:OPEN]
2019-08-20 14:48:23,359 INFO  impl.RaftServerProxy (RaftServerProxy.java:addNew(89)) - 158039ed-c458-4a4b-b1db-d7cd6728139c: addNew group-72EEEA7E18B3:[158039ed-c458-4a4b-b1db-d7cd6728139c:192.168.5.159:39013, 8f5e4cb6-1775-4ada-928f-cf56c5642961:192.168.5.159:43076, 96588e65-3762-4805-8efb-634df7011723:192.168.5.159:38811] returns group-72EEEA7E18B3:java.util.concurrent.CompletableFuture@277b9939[Not completed]
2019-08-20 14:48:23,359 INFO  impl.RaftServerProxy (RaftServerProxy.java:addNew(89)) - 8f5e4cb6-1775-4ada-928f-cf56c5642961: addNew group-72EEEA7E18B3:[158039ed-c458-4a4b-b1db-d7cd6728139c:192.168.5.159:39013, 8f5e4cb6-1775-4ada-928f-cf56c5642961:192.168.5.159:43076, 96588e65-3762-4805-8efb-634df7011723:192.168.5.159:38811] returns group-72EEEA7E18B3:java.util.concurrent.CompletableFuture@16d9f264[Not completed]
2019-08-20 14:48:23,359 INFO  impl.RaftServerProxy (RaftServerProxy.java:addNew(89)) - 96588e65-3762-4805-8efb-634df7011723: addNew group-72EEEA7E18B3:[158039ed-c458-4a4b-b1db-d7cd6728139c:192.168.5.159:39013, 8f5e4cb6-1775-4ada-928f-cf56c5642961:192.168.5.159:43076, 96588e65-3762-4805-8efb-634df7011723:192.168.5.159:38811] returns group-72EEEA7E18B3:java.util.concurrent.CompletableFuture@29ca120[Not completed]
2019-08-20 14:48:23,360 INFO  impl.RaftServerImpl (RaftServerImpl.java:<init>(93)) - 158039ed-c458-4a4b-b1db-d7cd6728139c: new RaftServerImpl for group-72EEEA7E18B3:[158039ed-c458-4a4b-b1db-d7cd6728139c:192.168.5.159:39013, 8f5e4cb6-1775-4ada-928f-cf56c5642961:192.168.5.159:43076, 96588e65-3762-4805-8efb-634df7011723:192.168.5.159:38811] with ContainerStateMachine:uninitialized
2019-08-20 14:48:23,360 INFO  server.RaftServerConfigKeys (ConfUtils.java:logGet(43)) - raft.server.rpc.timeout.min = 5s (custom)
2019-08-20 14:48:23,360 INFO  server.RaftServerConfigKeys (ConfUtils.java:logGet(43)) - raft.server.rpc.timeout.max = 5200ms (custom)
2019-08-20 14:48:23,360 INFO  server.RaftServerConfigKeys (ConfUtils.java:logGet(43)) - raft.server.rpcslowness.timeout = 120s (custom)
2019-08-20 14:48:23,360 INFO  server.RaftServerConfigKeys (ConfUtils.java:logGet(43)) - raft.server.sleep.deviation.threshold = 300 (default)
2019-08-20 14:48:23,360 INFO  server.RaftServerConfigKeys (ConfUtils.java:logGet(43)) - raft.server.log.appender.install.snapshot.enabled = false (custom)
2019-08-20 14:48:23,360 INFO  impl.RaftServerImpl (ServerState.java:<init>(105)) - 158039ed-c458-4a4b-b1db-d7cd6728139c:group-72EEEA7E18B3 ConfigurationManager, init=-1: [158039ed-c458-4a4b-b1db-d7cd6728139c:192.168.5.159:39013, 8f5e4cb6-1775-4ada-928f-cf56c5642961:192.168.5.159:43076, 96588e65-3762-4805-8efb-634df7011723:192.168.5.159:38811], old=null, confs=<EMPTY_MAP>
2019-08-20 14:48:23,360 INFO  impl.RaftServerImpl (RaftServerImpl.java:<init>(93)) - 96588e65-3762-4805-8efb-634df7011723: new RaftServerImpl for group-72EEEA7E18B3:[158039ed-c458-4a4b-b1db-d7cd6728139c:192.168.5.159:39013, 8f5e4cb6-1775-4ada-928f-cf56c5642961:192.168.5.159:43076, 96588e65-3762-4805-8efb-634df7011723:192.168.5.159:38811] with ContainerStateMachine:uninitialized
2019-08-20 14:48:23,360 INFO  server.RaftServerConfigKeys (ConfUtils.java:logGet(43)) - raft.server.storage.dir = [/workdir/hadoop-ozone/integration-test/target/test-dir/MiniOzoneClusterImpl-28bf5278-a22d-4d68-a509-63d691dcc8f5/datanode-1/data/ratis] (custom)
2019-08-20 14:48:23,360 INFO  server.RaftServerConfigKeys (ConfUtils.java:logGet(43)) - raft.server.rpc.timeout.min = 5s (custom)
2019-08-20 14:48:23,361 INFO  server.RaftServerConfigKeys (ConfUtils.java:logGet(43)) - raft.server.rpc.timeout.max = 5200ms (custom)
2019-08-20 14:48:23,361 INFO  storage.RaftStorageDirectory (RaftStorageDirectory.java:analyzeStorage(246)) - The storage directory /workdir/hadoop-ozone/integration-test/target/test-dir/MiniOzoneClusterImpl-28bf5278-a22d-4d68-a509-63d691dcc8f5/datanode-1/data/ratis/f362e355-f6ef-41d4-bd03-72eeea7e18b3 does not exist. Creating ...
2019-08-20 14:48:23,361 INFO  server.RaftServerConfigKeys (ConfUtils.java:logGet(43)) - raft.server.rpcslowness.timeout = 120s (custom)
2019-08-20 14:48:23,361 INFO  impl.RaftServerImpl (RaftServerImpl.java:<init>(93)) - 8f5e4cb6-1775-4ada-928f-cf56c5642961: new RaftServerImpl for group-72EEEA7E18B3:[158039ed-c458-4a4b-b1db-d7cd6728139c:192.168.5.159:39013, 8f5e4cb6-1775-4ada-928f-cf56c5642961:192.168.5.159:43076, 96588e65-3762-4805-8efb-634df7011723:192.168.5.159:38811] with ContainerStateMachine:uninitialized
2019-08-20 14:48:23,361 INFO  server.RaftServerConfigKeys (ConfUtils.java:logGet(43)) - raft.server.sleep.deviation.threshold = 300 (default)
2019-08-20 14:48:23,361 INFO  server.RaftServerConfigKeys (ConfUtils.java:logGet(43)) - raft.server.rpc.timeout.min = 5s (custom)
2019-08-20 14:48:23,361 INFO  server.RaftServerConfigKeys (ConfUtils.java:logGet(43)) - raft.server.log.appender.install.snapshot.enabled = false (custom)
2019-08-20 14:48:23,361 INFO  server.RaftServerConfigKeys (ConfUtils.java:logGet(43)) - raft.server.rpc.timeout.max = 5200ms (custom)
2019-08-20 14:48:23,362 INFO  impl.RaftServerImpl (ServerState.java:<init>(105)) - 96588e65-3762-4805-8efb-634df7011723:group-72EEEA7E18B3 ConfigurationManager, init=-1: [158039ed-c458-4a4b-b1db-d7cd6728139c:192.168.5.159:39013, 8f5e4cb6-1775-4ada-928f-cf56c5642961:192.168.5.159:43076, 96588e65-3762-4805-8efb-634df7011723:192.168.5.159:38811], old=null, confs=<EMPTY_MAP>
2019-08-20 14:48:23,362 INFO  server.RaftServerConfigKeys (ConfUtils.java:logGet(43)) - raft.server.rpcslowness.timeout = 120s (custom)
2019-08-20 14:48:23,362 INFO  server.RaftServerConfigKeys (ConfUtils.java:logGet(43)) - raft.server.storage.dir = [/workdir/hadoop-ozone/integration-test/target/test-dir/MiniOzoneClusterImpl-28bf5278-a22d-4d68-a509-63d691dcc8f5/datanode-2/data/ratis] (custom)
2019-08-20 14:48:23,362 INFO  server.RaftServerConfigKeys (ConfUtils.java:logGet(43)) - raft.server.sleep.deviation.threshold = 300 (default)
2019-08-20 14:48:23,362 INFO  server.RaftServerConfigKeys (ConfUtils.java:logGet(43)) - raft.server.log.appender.install.snapshot.enabled = false (custom)
2019-08-20 14:48:23,362 INFO  impl.RaftServerImpl (ServerState.java:<init>(105)) - 8f5e4cb6-1775-4ada-928f-cf56c5642961:group-72EEEA7E18B3 ConfigurationManager, init=-1: [158039ed-c458-4a4b-b1db-d7cd6728139c:192.168.5.159:39013, 8f5e4cb6-1775-4ada-928f-cf56c5642961:192.168.5.159:43076, 96588e65-3762-4805-8efb-634df7011723:192.168.5.159:38811], old=null, confs=<EMPTY_MAP>
2019-08-20 14:48:23,362 INFO  storage.RaftStorageDirectory (RaftStorageDirectory.java:analyzeStorage(246)) - The storage directory /workdir/hadoop-ozone/integration-test/target/test-dir/MiniOzoneClusterImpl-28bf5278-a22d-4d68-a509-63d691dcc8f5/datanode-2/data/ratis/f362e355-f6ef-41d4-bd03-72eeea7e18b3 does not exist. Creating ...
2019-08-20 14:48:23,363 INFO  server.RaftServerConfigKeys (ConfUtils.java:logGet(43)) - raft.server.storage.dir = [/workdir/hadoop-ozone/integration-test/target/test-dir/MiniOzoneClusterImpl-28bf5278-a22d-4d68-a509-63d691dcc8f5/datanode-0/data/ratis] (custom)
2019-08-20 14:48:23,363 INFO  storage.RaftStorageDirectory (RaftStorageDirectory.java:analyzeStorage(246)) - The storage directory /workdir/hadoop-ozone/integration-test/target/test-dir/MiniOzoneClusterImpl-28bf5278-a22d-4d68-a509-63d691dcc8f5/datanode-0/data/ratis/f362e355-f6ef-41d4-bd03-72eeea7e18b3 does not exist. Creating ...
2019-08-20 14:48:23,375 INFO  storage.RaftStorageDirectory (RaftStorageDirectory.java:tryLock(328)) - Lock on /workdir/hadoop-ozone/integration-test/target/test-dir/MiniOzoneClusterImpl-28bf5278-a22d-4d68-a509-63d691dcc8f5/datanode-0/data/ratis/f362e355-f6ef-41d4-bd03-72eeea7e18b3/in_use.lock acquired by nodename 29193@pr-hdds-1948-qmvbp-2153692187
2019-08-20 14:48:23,375 INFO  storage.RaftStorageDirectory (RaftStorageDirectory.java:tryLock(328)) - Lock on /workdir/hadoop-ozone/integration-test/target/test-dir/MiniOzoneClusterImpl-28bf5278-a22d-4d68-a509-63d691dcc8f5/datanode-2/data/ratis/f362e355-f6ef-41d4-bd03-72eeea7e18b3/in_use.lock acquired by nodename 29193@pr-hdds-1948-qmvbp-2153692187
2019-08-20 14:48:23,375 INFO  storage.RaftStorageDirectory (RaftStorageDirectory.java:tryLock(328)) - Lock on /workdir/hadoop-ozone/integration-test/target/test-dir/MiniOzoneClusterImpl-28bf5278-a22d-4d68-a509-63d691dcc8f5/datanode-1/data/ratis/f362e355-f6ef-41d4-bd03-72eeea7e18b3/in_use.lock acquired by nodename 29193@pr-hdds-1948-qmvbp-2153692187
2019-08-20 14:48:23,389 INFO  storage.RaftStorage (RaftStorage.java:format(72)) - Storage directory /workdir/hadoop-ozone/integration-test/target/test-dir/MiniOzoneClusterImpl-28bf5278-a22d-4d68-a509-63d691dcc8f5/datanode-2/data/ratis/f362e355-f6ef-41d4-bd03-72eeea7e18b3 has been successfully formatted.
2019-08-20 14:48:23,389 INFO  storage.RaftStorage (RaftStorage.java:format(72)) - Storage directory /workdir/hadoop-ozone/integration-test/target/test-dir/MiniOzoneClusterImpl-28bf5278-a22d-4d68-a509-63d691dcc8f5/datanode-1/data/ratis/f362e355-f6ef-41d4-bd03-72eeea7e18b3 has been successfully formatted.
2019-08-20 14:48:23,389 INFO  storage.RaftStorage (RaftStorage.java:format(72)) - Storage directory /workdir/hadoop-ozone/integration-test/target/test-dir/MiniOzoneClusterImpl-28bf5278-a22d-4d68-a509-63d691dcc8f5/datanode-0/data/ratis/f362e355-f6ef-41d4-bd03-72eeea7e18b3 has been successfully formatted.
2019-08-20 14:48:23,389 INFO  ratis.ContainerStateMachine (ContainerStateMachine.java:loadSnapshot(222)) - group-72EEEA7E18B3: The snapshot info is null. Setting the last applied indexto:(t:0, i:~)
2019-08-20 14:48:23,389 INFO  ratis.ContainerStateMachine (ContainerStateMachine.java:loadSnapshot(222)) - group-72EEEA7E18B3: The snapshot info is null. Setting the last applied indexto:(t:0, i:~)
2019-08-20 14:48:23,389 INFO  server.RaftServerConfigKeys (ConfUtils.java:logGet(43)) - raft.server.leader.election.timeout = 120s (custom)
2019-08-20 14:48:23,389 INFO  ratis.ContainerStateMachine (ContainerStateMachine.java:loadSnapshot(222)) - group-72EEEA7E18B3: The snapshot info is null. Setting the last applied indexto:(t:0, i:~)
2019-08-20 14:48:23,389 INFO  server.RaftServerConfigKeys (ConfUtils.java:logGet(43)) - raft.server.log.use.memory = false (default)
2019-08-20 14:48:23,389 INFO  server.RaftServerConfigKeys (ConfUtils.java:logGet(43)) - raft.server.leader.election.timeout = 120s (custom)
2019-08-20 14:48:23,390 INFO  server.RaftServerConfigKeys (ConfUtils.java:logGet(43)) - raft.server.log.purge.gap = 1000000000 (custom)
2019-08-20 14:48:23,390 INFO  server.RaftServerConfigKeys (ConfUtils.java:logGet(43)) - raft.server.leader.election.timeout = 120s (custom)
2019-08-20 14:48:23,390 INFO  server.RaftServerConfigKeys (ConfUtils.java:logGet(43)) - raft.server.log.appender.buffer.byte-limit = 33554432 (custom)
2019-08-20 14:48:23,390 INFO  server.RaftServerConfigKeys (ConfUtils.java:logGet(43)) - raft.server.log.use.memory = false (default)
2019-08-20 14:48:23,390 INFO  server.RaftServerConfigKeys (ConfUtils.java:logGet(43)) - raft.server.log.segment.size.max = 1048576 (custom)
2019-08-20 14:48:23,390 INFO  server.RaftServerConfigKeys (ConfUtils.java:logGet(43)) - raft.server.log.use.memory = false (default)
2019-08-20 14:48:23,390 INFO  server.RaftServerConfigKeys (ConfUtils.java:logGet(43)) - raft.server.log.segment.cache.num.max = 2 (custom)
2019-08-20 14:48:23,390 INFO  server.RaftServerConfigKeys (ConfUtils.java:logGet(43)) - raft.server.log.purge.gap = 1000000000 (custom)
2019-08-20 14:48:23,390 INFO  segmented.SegmentedRaftLogWorker (SegmentedRaftLogWorker.java:<init>(172)) - new 96588e65-3762-4805-8efb-634df7011723-SegmentedRaftLogWorker:Storage Directory /workdir/hadoop-ozone/integration-test/target/test-dir/MiniOzoneClusterImpl-28bf5278-a22d-4d68-a509-63d691dcc8f5/datanode-2/data/ratis/f362e355-f6ef-41d4-bd03-72eeea7e18b3 for RaftStorage:Storage Directory /workdir/hadoop-ozone/integration-test/target/test-dir/MiniOzoneClusterImpl-28bf5278-a22d-4d68-a509-63d691dcc8f5/datanode-2/data/ratis/f362e355-f6ef-41d4-bd03-72eeea7e18b3
2019-08-20 14:48:23,390 INFO  server.RaftServerConfigKeys (ConfUtils.java:logGet(43)) - raft.server.log.purge.gap = 1000000000 (custom)
2019-08-20 14:48:23,391 INFO  server.RaftServerConfigKeys (ConfUtils.java:logGet(43)) - raft.server.log.queue.byte-limit = 2147483647 (custom)
2019-08-20 14:48:23,390 INFO  server.RaftServerConfigKeys (ConfUtils.java:logGet(43)) - raft.server.log.appender.buffer.byte-limit = 33554432 (custom)
2019-08-20 14:48:23,391 INFO  server.RaftServerConfigKeys (ConfUtils.java:logGet(43)) - raft.server.log.queue.element-limit = 1024 (custom)
2019-08-20 14:48:23,391 INFO  server.RaftServerConfigKeys (ConfUtils.java:logGet(43)) - raft.server.log.appender.buffer.byte-limit = 33554432 (custom)
2019-08-20 14:48:23,391 INFO  server.RaftServerConfigKeys (ConfUtils.java:logGet(43)) - raft.server.log.segment.size.max = 1048576 (custom)
2019-08-20 14:48:23,391 INFO  server.RaftServerConfigKeys (ConfUtils.java:logGet(43)) - raft.server.log.segment.size.max = 1048576 (custom)
2019-08-20 14:48:23,391 INFO  server.RaftServerConfigKeys (ConfUtils.java:logGet(43)) - raft.server.log.preallocated.size = 16384 (custom)
2019-08-20 14:48:23,391 INFO  server.RaftServerConfigKeys (ConfUtils.java:logGet(43)) - raft.server.log.segment.size.max = 1048576 (custom)
2019-08-20 14:48:23,391 INFO  server.RaftServerConfigKeys (ConfUtils.java:logGet(43)) - raft.server.log.write.buffer.size = 33554432 (custom)
2019-08-20 14:48:23,391 INFO  server.RaftServerConfigKeys (ConfUtils.java:logGet(43)) - raft.server.log.segment.cache.num.max = 2 (custom)
2019-08-20 14:48:23,391 INFO  server.RaftServerConfigKeys (ConfUtils.java:logGet(43)) - raft.server.log.force.sync.num = 128 (default)
2019-08-20 14:48:23,391 INFO  server.RaftServerConfigKeys (ConfUtils.java:logGet(43)) - raft.server.log.segment.cache.num.max = 2 (custom)
2019-08-20 14:48:23,392 INFO  server.RaftServerConfigKeys (ConfUtils.java:logGet(43)) - raft.server.log.statemachine.data.sync = true (default)
2019-08-20 14:48:23,392 INFO  segmented.SegmentedRaftLogWorker (SegmentedRaftLogWorker.java:<init>(172)) - new 158039ed-c458-4a4b-b1db-d7cd6728139c-SegmentedRaftLogWorker:Storage Directory /workdir/hadoop-ozone/integration-test/target/test-dir/MiniOzoneClusterImpl-28bf5278-a22d-4d68-a509-63d691dcc8f5/datanode-1/data/ratis/f362e355-f6ef-41d4-bd03-72eeea7e18b3 for RaftStorage:Storage Directory /workdir/hadoop-ozone/integration-test/target/test-dir/MiniOzoneClusterImpl-28bf5278-a22d-4d68-a509-63d691dcc8f5/datanode-1/data/ratis/f362e355-f6ef-41d4-bd03-72eeea7e18b3
2019-08-20 14:48:23,392 INFO  server.RaftServerConfigKeys (ConfUtils.java:logGet(43)) - raft.server.log.statemachine.data.sync.timeout = 10s (default)
2019-08-20 14:48:23,392 INFO  segmented.SegmentedRaftLogWorker (SegmentedRaftLogWorker.java:<init>(172)) - new 8f5e4cb6-1775-4ada-928f-cf56c5642961-SegmentedRaftLogWorker:Storage Directory /workdir/hadoop-ozone/integration-test/target/test-dir/MiniOzoneClusterImpl-28bf5278-a22d-4d68-a509-63d691dcc8f5/datanode-0/data/ratis/f362e355-f6ef-41d4-bd03-72eeea7e18b3 for RaftStorage:Storage Directory /workdir/hadoop-ozone/integration-test/target/test-dir/MiniOzoneClusterImpl-28bf5278-a22d-4d68-a509-63d691dcc8f5/datanode-0/data/ratis/f362e355-f6ef-41d4-bd03-72eeea7e18b3
2019-08-20 14:48:23,392 INFO  server.RaftServerConfigKeys (ConfUtils.java:logGet(43)) - raft.server.log.statemachine.data.sync.timeout.retry = -1 (default)
2019-08-20 14:48:23,392 INFO  server.RaftServerConfigKeys (ConfUtils.java:logGet(43)) - raft.server.log.queue.byte-limit = 2147483647 (custom)
2019-08-20 14:48:23,392 INFO  server.RaftServerConfigKeys (ConfUtils.java:logGet(43)) - raft.server.log.queue.element-limit = 1024 (custom)
2019-08-20 14:48:23,392 INFO  server.RaftServerConfigKeys (ConfUtils.java:logGet(43)) - raft.server.log.statemachine.data.caching.enabled = true (custom)
2019-08-20 14:48:23,392 INFO  server.RaftServerConfigKeys (ConfUtils.java:logGet(43)) - raft.server.log.queue.byte-limit = 2147483647 (custom)
2019-08-20 14:48:23,393 INFO  server.RaftServerConfigKeys (ConfUtils.java:logGet(43)) - raft.server.log.segment.size.max = 1048576 (custom)
2019-08-20 14:48:23,393 INFO  segmented.SegmentedRaftLogWorker (SegmentedRaftLogWorker.java:lambda$new$0(132)) - 96588e65-3762-4805-8efb-634df7011723-SegmentedRaftLogWorker:Storage Directory /workdir/hadoop-ozone/integration-test/target/test-dir/MiniOzoneClusterImpl-28bf5278-a22d-4d68-a509-63d691dcc8f5/datanode-2/data/ratis/f362e355-f6ef-41d4-bd03-72eeea7e18b3: flushIndex: setUnconditionally 0 -> -1
2019-08-20 14:48:23,393 INFO  server.RaftServerConfigKeys (ConfUtils.java:logGet(43)) - raft.server.log.queue.element-limit = 1024 (custom)
2019-08-20 14:48:23,393 INFO  server.RaftServerConfigKeys (ConfUtils.java:logGet(43)) - raft.server.log.preallocated.size = 16384 (custom)
2019-08-20 14:48:23,393 INFO  server.RaftServerConfigKeys (ConfUtils.java:logGet(43)) - raft.server.snapshot.auto.trigger.enabled = true (custom)
2019-08-20 14:48:23,393 INFO  server.RaftServerConfigKeys (ConfUtils.java:logGet(43)) - raft.server.log.segment.size.max = 1048576 (custom)
2019-08-20 14:48:23,393 INFO  server.RaftServerConfigKeys (ConfUtils.java:logGet(43)) - raft.server.snapshot.auto.trigger.threshold = 10000 (custom)
2019-08-20 14:48:23,393 INFO  server.RaftServerConfigKeys (ConfUtils.java:logGet(43)) - raft.server.log.write.buffer.size = 33554432 (custom)
2019-08-20 14:48:23,393 INFO  server.RaftServerConfigKeys (ConfUtils.java:logGet(43)) - raft.server.retrycache.expirytime = 600000ms (custom)
2019-08-20 14:48:23,393 INFO  server.RaftServerConfigKeys (ConfUtils.java:logGet(43)) - raft.server.log.preallocated.size = 16384 (custom)
2019-08-20 14:48:23,394 INFO  impl.RaftServerImpl (RaftServerImpl.java:start(180)) - 96588e65-3762-4805-8efb-634df7011723: start group-72EEEA7E18B3
2019-08-20 14:48:23,394 INFO  server.RaftServerConfigKeys (ConfUtils.java:logGet(43)) - raft.server.log.force.sync.num = 128 (default)
2019-08-20 14:48:23,394 INFO  impl.RaftServerImpl (RaftServerImpl.java:setRole(171)) - 96588e65-3762-4805-8efb-634df7011723:group-72EEEA7E18B3 changes role from null to FOLLOWER at term 0 for startAsFollower
2019-08-20 14:48:23,394 INFO  server.RaftServerConfigKeys (ConfUtils.java:logGet(43)) - raft.server.log.write.buffer.size = 33554432 (custom)
2019-08-20 14:48:23,394 INFO  impl.RoleInfo (RoleInfo.java:updateAndGet(143)) - 96588e65-3762-4805-8efb-634df7011723: start FollowerState
2019-08-20 14:48:23,394 INFO  server.RaftServerConfigKeys (ConfUtils.java:logGet(43)) - raft.server.log.statemachine.data.sync = true (default)
2019-08-20 14:48:23,394 INFO  server.RaftServerConfigKeys (ConfUtils.java:logGet(43)) - raft.server.log.force.sync.num = 128 (default)
2019-08-20 14:48:23,395 INFO  server.RaftServerConfigKeys (ConfUtils.java:logGet(43)) - raft.server.log.statemachine.data.sync.timeout = 10s (default)
2019-08-20 14:48:23,403 INFO  server.RaftServerConfigKeys (ConfUtils.java:logGet(43)) - raft.server.log.statemachine.data.sync = true (default)
2019-08-20 14:48:23,403 INFO  util.JmxRegister (JmxRegister.java:tryRegister(44)) - Successfully registered JMX Bean with object name Ratis:service=RaftServer,group=group-72EEEA7E18B3,id=96588e65-3762-4805-8efb-634df7011723
2019-08-20 14:48:23,404 INFO  server.RaftServerConfigKeys (ConfUtils.java:logGet(43)) - raft.server.log.statemachine.data.sync.timeout = 10s (default)
2019-08-20 14:48:23,403 INFO  server.RaftServerConfigKeys (ConfUtils.java:logGet(43)) - raft.server.log.statemachine.data.sync.timeout.retry = -1 (default)
2019-08-20 14:48:23,404 INFO  server.RaftServerConfigKeys (ConfUtils.java:logGet(43)) - raft.server.log.statemachine.data.sync.timeout.retry = -1 (default)
2019-08-20 14:48:23,408 INFO  server.RaftServerConfigKeys (ConfUtils.java:logGet(43)) - raft.server.log.statemachine.data.caching.enabled = true (custom)
2019-08-20 14:48:23,408 INFO  server.RaftServerConfigKeys (ConfUtils.java:logGet(43)) - raft.server.log.statemachine.data.caching.enabled = true (custom)
2019-08-20 14:48:23,409 INFO  segmented.SegmentedRaftLogWorker (SegmentedRaftLogWorker.java:lambda$new$0(132)) - 158039ed-c458-4a4b-b1db-d7cd6728139c-SegmentedRaftLogWorker:Storage Directory /workdir/hadoop-ozone/integration-test/target/test-dir/MiniOzoneClusterImpl-28bf5278-a22d-4d68-a509-63d691dcc8f5/datanode-1/data/ratis/f362e355-f6ef-41d4-bd03-72eeea7e18b3: flushIndex: setUnconditionally 0 -> -1
2019-08-20 14:48:23,409 INFO  segmented.SegmentedRaftLogWorker (SegmentedRaftLogWorker.java:lambda$new$0(132)) - 8f5e4cb6-1775-4ada-928f-cf56c5642961-SegmentedRaftLogWorker:Storage Directory /workdir/hadoop-ozone/integration-test/target/test-dir/MiniOzoneClusterImpl-28bf5278-a22d-4d68-a509-63d691dcc8f5/datanode-0/data/ratis/f362e355-f6ef-41d4-bd03-72eeea7e18b3: flushIndex: setUnconditionally 0 -> -1
2019-08-20 14:48:23,409 INFO  server.RaftServerConfigKeys (ConfUtils.java:logGet(43)) - raft.server.snapshot.auto.trigger.enabled = true (custom)
2019-08-20 14:48:23,409 INFO  server.RaftServerConfigKeys (ConfUtils.java:logGet(43)) - raft.server.snapshot.auto.trigger.enabled = true (custom)
2019-08-20 14:48:23,409 INFO  server.RaftServerConfigKeys (ConfUtils.java:logGet(43)) - raft.server.snapshot.auto.trigger.threshold = 10000 (custom)
2019-08-20 14:48:23,409 INFO  server.RaftServerConfigKeys (ConfUtils.java:logGet(43)) - raft.server.snapshot.auto.trigger.threshold = 10000 (custom)
2019-08-20 14:48:23,409 INFO  server.RaftServerConfigKeys (ConfUtils.java:logGet(43)) - raft.server.retrycache.expirytime = 600000ms (custom)
2019-08-20 14:48:23,409 INFO  server.RaftServerConfigKeys (ConfUtils.java:logGet(43)) - raft.server.retrycache.expirytime = 600000ms (custom)
2019-08-20 14:48:23,409 INFO  impl.RaftServerImpl (RaftServerImpl.java:start(180)) - 158039ed-c458-4a4b-b1db-d7cd6728139c: start group-72EEEA7E18B3
2019-08-20 14:48:23,410 INFO  impl.RaftServerImpl (RaftServerImpl.java:start(180)) - 8f5e4cb6-1775-4ada-928f-cf56c5642961: start group-72EEEA7E18B3
2019-08-20 14:48:23,410 INFO  impl.RaftServerImpl (RaftServerImpl.java:setRole(171)) - 158039ed-c458-4a4b-b1db-d7cd6728139c:group-72EEEA7E18B3 changes role from null to FOLLOWER at term 0 for startAsFollower
2019-08-20 14:48:23,410 INFO  impl.RaftServerImpl (RaftServerImpl.java:setRole(171)) - 8f5e4cb6-1775-4ada-928f-cf56c5642961:group-72EEEA7E18B3 changes role from null to FOLLOWER at term 0 for startAsFollower
2019-08-20 14:48:23,410 INFO  impl.RoleInfo (RoleInfo.java:updateAndGet(143)) - 158039ed-c458-4a4b-b1db-d7cd6728139c: start FollowerState
2019-08-20 14:48:23,410 INFO  impl.RoleInfo (RoleInfo.java:updateAndGet(143)) - 8f5e4cb6-1775-4ada-928f-cf56c5642961: start FollowerState
2019-08-20 14:48:23,410 INFO  util.JmxRegister (JmxRegister.java:tryRegister(44)) - Successfully registered JMX Bean with object name Ratis:service=RaftServer,group=group-72EEEA7E18B3,id=158039ed-c458-4a4b-b1db-d7cd6728139c
2019-08-20 14:48:23,410 INFO  util.JmxRegister (JmxRegister.java:tryRegister(44)) - Successfully registered JMX Bean with object name Ratis:service=RaftServer,group=group-72EEEA7E18B3,id=8f5e4cb6-1775-4ada-928f-cf56c5642961
2019-08-20 14:48:23,412 INFO  pipeline.PipelineStateManager (PipelineStateManager.java:addPipeline(56)) - Created pipeline Pipeline[ Id: f362e355-f6ef-41d4-bd03-72eeea7e18b3, Nodes: 8f5e4cb6-1775-4ada-928f-cf56c5642961{ip: 192.168.5.159, host: pr-hdds-1948-qmvbp-2153692187, networkLocation: /default-rack, certSerialId: null}158039ed-c458-4a4b-b1db-d7cd6728139c{ip: 192.168.5.159, host: pr-hdds-1948-qmvbp-2153692187, networkLocation: /default-rack, certSerialId: null}96588e65-3762-4805-8efb-634df7011723{ip: 192.168.5.159, host: pr-hdds-1948-qmvbp-2153692187, networkLocation: /default-rack, certSerialId: null}, Type:RATIS, Factor:THREE, State:OPEN]
2019-08-20 14:48:23,476 INFO  net.NetworkTopology (NetworkTopologyImpl.java:add(110)) - Added a new node: /default-rack/870a185a-ea3b-485e-988a-44cebca76e3a
2019-08-20 14:48:23,476 INFO  node.SCMNodeManager (SCMNodeManager.java:register(273)) - Registered Data node : 870a185a-ea3b-485e-988a-44cebca76e3a{ip: 192.168.5.159, host: pr-hdds-1948-qmvbp-2153692187, networkLocation: /default-rack, certSerialId: null}
2019-08-20 14:48:23,483 INFO  impl.RaftServerProxy (RaftServerProxy.java:addNew(89)) - 870a185a-ea3b-485e-988a-44cebca76e3a: addNew group-22FAA260F666:[870a185a-ea3b-485e-988a-44cebca76e3a:192.168.5.159:45748] returns group-22FAA260F666:java.util.concurrent.CompletableFuture@5b6f70a6[Not completed]
2019-08-20 14:48:23,484 INFO  impl.RaftServerImpl (RaftServerImpl.java:<init>(93)) - 870a185a-ea3b-485e-988a-44cebca76e3a: new RaftServerImpl for group-22FAA260F666:[870a185a-ea3b-485e-988a-44cebca76e3a:192.168.5.159:45748] with ContainerStateMachine:uninitialized
2019-08-20 14:48:23,484 INFO  server.RaftServerConfigKeys (ConfUtils.java:logGet(43)) - raft.server.rpc.timeout.min = 5s (custom)
2019-08-20 14:48:23,484 INFO  server.RaftServerConfigKeys (ConfUtils.java:logGet(43)) - raft.server.rpc.timeout.max = 5200ms (custom)
2019-08-20 14:48:23,484 INFO  server.RaftServerConfigKeys (ConfUtils.java:logGet(43)) - raft.server.rpcslowness.timeout = 120s (custom)
2019-08-20 14:48:23,485 INFO  server.RaftServerConfigKeys (ConfUtils.java:logGet(43)) - raft.server.sleep.deviation.threshold = 300 (default)
2019-08-20 14:48:23,485 INFO  server.RaftServerConfigKeys (ConfUtils.java:logGet(43)) - raft.server.log.appender.install.snapshot.enabled = false (custom)
2019-08-20 14:48:23,485 INFO  impl.RaftServerImpl (ServerState.java:<init>(105)) - 870a185a-ea3b-485e-988a-44cebca76e3a:group-22FAA260F666 ConfigurationManager, init=-1: [870a185a-ea3b-485e-988a-44cebca76e3a:192.168.5.159:45748], old=null, confs=<EMPTY_MAP>
2019-08-20 14:48:23,485 INFO  server.RaftServerConfigKeys (ConfUtils.java:logGet(43)) - raft.server.storage.dir = [/workdir/hadoop-ozone/integration-test/target/test-dir/MiniOzoneClusterImpl-28bf5278-a22d-4d68-a509-63d691dcc8f5/datanode-3/data/ratis] (custom)
2019-08-20 14:48:23,485 INFO  storage.RaftStorageDirectory (RaftStorageDirectory.java:analyzeStorage(246)) - The storage directory /workdir/hadoop-ozone/integration-test/target/test-dir/MiniOzoneClusterImpl-28bf5278-a22d-4d68-a509-63d691dcc8f5/datanode-3/data/ratis/56783016-10f0-422f-aee8-22faa260f666 does not exist. Creating ...
2019-08-20 14:48:23,498 INFO  storage.RaftStorageDirectory (RaftStorageDirectory.java:tryLock(328)) - Lock on /workdir/hadoop-ozone/integration-test/target/test-dir/MiniOzoneClusterImpl-28bf5278-a22d-4d68-a509-63d691dcc8f5/datanode-3/data/ratis/56783016-10f0-422f-aee8-22faa260f666/in_use.lock acquired by nodename 29193@pr-hdds-1948-qmvbp-2153692187
2019-08-20 14:48:23,515 INFO  storage.RaftStorage (RaftStorage.java:format(72)) - Storage directory /workdir/hadoop-ozone/integration-test/target/test-dir/MiniOzoneClusterImpl-28bf5278-a22d-4d68-a509-63d691dcc8f5/datanode-3/data/ratis/56783016-10f0-422f-aee8-22faa260f666 has been successfully formatted.
2019-08-20 14:48:23,515 INFO  ratis.ContainerStateMachine (ContainerStateMachine.java:loadSnapshot(222)) - group-22FAA260F666: The snapshot info is null. Setting the last applied indexto:(t:0, i:~)
2019-08-20 14:48:23,515 INFO  server.RaftServerConfigKeys (ConfUtils.java:logGet(43)) - raft.server.leader.election.timeout = 120s (custom)
2019-08-20 14:48:23,515 INFO  server.RaftServerConfigKeys (ConfUtils.java:logGet(43)) - raft.server.log.use.memory = false (default)
2019-08-20 14:48:23,516 INFO  server.RaftServerConfigKeys (ConfUtils.java:logGet(43)) - raft.server.log.purge.gap = 1000000000 (custom)
2019-08-20 14:48:23,516 INFO  server.RaftServerConfigKeys (ConfUtils.java:logGet(43)) - raft.server.log.appender.buffer.byte-limit = 33554432 (custom)
2019-08-20 14:48:23,516 INFO  server.RaftServerConfigKeys (ConfUtils.java:logGet(43)) - raft.server.log.segment.size.max = 1048576 (custom)
2019-08-20 14:48:23,516 INFO  server.RaftServerConfigKeys (ConfUtils.java:logGet(43)) - raft.server.log.segment.cache.num.max = 2 (custom)
2019-08-20 14:48:23,516 INFO  segmented.SegmentedRaftLogWorker (SegmentedRaftLogWorker.java:<init>(172)) - new 870a185a-ea3b-485e-988a-44cebca76e3a-SegmentedRaftLogWorker:Storage Directory /workdir/hadoop-ozone/integration-test/target/test-dir/MiniOzoneClusterImpl-28bf5278-a22d-4d68-a509-63d691dcc8f5/datanode-3/data/ratis/56783016-10f0-422f-aee8-22faa260f666 for RaftStorage:Storage Directory /workdir/hadoop-ozone/integration-test/target/test-dir/MiniOzoneClusterImpl-28bf5278-a22d-4d68-a509-63d691dcc8f5/datanode-3/data/ratis/56783016-10f0-422f-aee8-22faa260f666
2019-08-20 14:48:23,516 INFO  server.RaftServerConfigKeys (ConfUtils.java:logGet(43)) - raft.server.log.queue.byte-limit = 2147483647 (custom)
2019-08-20 14:48:23,517 INFO  server.RaftServerConfigKeys (ConfUtils.java:logGet(43)) - raft.server.log.queue.element-limit = 1024 (custom)
2019-08-20 14:48:23,517 INFO  server.RaftServerConfigKeys (ConfUtils.java:logGet(43)) - raft.server.log.segment.size.max = 1048576 (custom)
2019-08-20 14:48:23,517 INFO  server.RaftServerConfigKeys (ConfUtils.java:logGet(43)) - raft.server.log.preallocated.size = 16384 (custom)
2019-08-20 14:48:23,517 INFO  server.RaftServerConfigKeys (ConfUtils.java:logGet(43)) - raft.server.log.write.buffer.size = 33554432 (custom)
2019-08-20 14:48:23,517 INFO  server.RaftServerConfigKeys (ConfUtils.java:logGet(43)) - raft.server.log.force.sync.num = 128 (default)
2019-08-20 14:48:23,517 INFO  server.RaftServerConfigKeys (ConfUtils.java:logGet(43)) - raft.server.log.statemachine.data.sync = true (default)
2019-08-20 14:48:23,518 INFO  server.RaftServerConfigKeys (ConfUtils.java:logGet(43)) - raft.server.log.statemachine.data.sync.timeout = 10s (default)
2019-08-20 14:48:23,518 INFO  server.RaftServerConfigKeys (ConfUtils.java:logGet(43)) - raft.server.log.statemachine.data.sync.timeout.retry = -1 (default)
2019-08-20 14:48:23,518 INFO  server.RaftServerConfigKeys (ConfUtils.java:logGet(43)) - raft.server.log.statemachine.data.caching.enabled = true (custom)
2019-08-20 14:48:23,518 INFO  segmented.SegmentedRaftLogWorker (SegmentedRaftLogWorker.java:lambda$new$0(132)) - 870a185a-ea3b-485e-988a-44cebca76e3a-SegmentedRaftLogWorker:Storage Directory /workdir/hadoop-ozone/integration-test/target/test-dir/MiniOzoneClusterImpl-28bf5278-a22d-4d68-a509-63d691dcc8f5/datanode-3/data/ratis/56783016-10f0-422f-aee8-22faa260f666: flushIndex: setUnconditionally 0 -> -1
2019-08-20 14:48:23,519 INFO  server.RaftServerConfigKeys (ConfUtils.java:logGet(43)) - raft.server.snapshot.auto.trigger.enabled = true (custom)
2019-08-20 14:48:23,519 INFO  server.RaftServerConfigKeys (ConfUtils.java:logGet(43)) - raft.server.snapshot.auto.trigger.threshold = 10000 (custom)
2019-08-20 14:48:23,519 INFO  server.RaftServerConfigKeys (ConfUtils.java:logGet(43)) - raft.server.retrycache.expirytime = 600000ms (custom)
2019-08-20 14:48:23,519 INFO  impl.RaftServerImpl (RaftServerImpl.java:start(180)) - 870a185a-ea3b-485e-988a-44cebca76e3a: start group-22FAA260F666
2019-08-20 14:48:23,519 INFO  impl.RaftServerImpl (RaftServerImpl.java:setRole(171)) - 870a185a-ea3b-485e-988a-44cebca76e3a:group-22FAA260F666 changes role from null to FOLLOWER at term 0 for startAsFollower
2019-08-20 14:48:23,519 INFO  impl.RoleInfo (RoleInfo.java:updateAndGet(143)) - 870a185a-ea3b-485e-988a-44cebca76e3a: start FollowerState
2019-08-20 14:48:23,520 INFO  util.JmxRegister (JmxRegister.java:tryRegister(44)) - Successfully registered JMX Bean with object name Ratis:service=RaftServer,group=group-22FAA260F666,id=870a185a-ea3b-485e-988a-44cebca76e3a
2019-08-20 14:48:23,521 INFO  pipeline.PipelineStateManager (PipelineStateManager.java:addPipeline(56)) - Created pipeline Pipeline[ Id: 56783016-10f0-422f-aee8-22faa260f666, Nodes: 870a185a-ea3b-485e-988a-44cebca76e3a{ip: 192.168.5.159, host: pr-hdds-1948-qmvbp-2153692187, networkLocation: /default-rack, certSerialId: null}, Type:RATIS, Factor:ONE, State:OPEN]
2019-08-20 14:48:23,679 INFO  net.NetworkTopology (NetworkTopologyImpl.java:add(110)) - Added a new node: /default-rack/e4059d2f-c87d-4cd5-828c-2357f27d8eee
2019-08-20 14:48:23,680 INFO  node.SCMNodeManager (SCMNodeManager.java:register(273)) - Registered Data node : e4059d2f-c87d-4cd5-828c-2357f27d8eee{ip: 192.168.5.159, host: pr-hdds-1948-qmvbp-2153692187, networkLocation: /default-rack, certSerialId: null}
2019-08-20 14:48:23,686 INFO  impl.RaftServerProxy (RaftServerProxy.java:addNew(89)) - e4059d2f-c87d-4cd5-828c-2357f27d8eee: addNew group-8C7FF7A1F841:[e4059d2f-c87d-4cd5-828c-2357f27d8eee:192.168.5.159:44589] returns group-8C7FF7A1F841:java.util.concurrent.CompletableFuture@7c6f285[Not completed]
2019-08-20 14:48:23,687 INFO  impl.RaftServerImpl (RaftServerImpl.java:<init>(93)) - e4059d2f-c87d-4cd5-828c-2357f27d8eee: new RaftServerImpl for group-8C7FF7A1F841:[e4059d2f-c87d-4cd5-828c-2357f27d8eee:192.168.5.159:44589] with ContainerStateMachine:uninitialized
2019-08-20 14:48:23,687 INFO  server.RaftServerConfigKeys (ConfUtils.java:logGet(43)) - raft.server.rpc.timeout.min = 5s (custom)
2019-08-20 14:48:23,687 INFO  server.RaftServerConfigKeys (ConfUtils.java:logGet(43)) - raft.server.rpc.timeout.max = 5200ms (custom)
2019-08-20 14:48:23,687 INFO  server.RaftServerConfigKeys (ConfUtils.java:logGet(43)) - raft.server.rpcslowness.timeout = 120s (custom)
2019-08-20 14:48:23,687 INFO  server.RaftServerConfigKeys (ConfUtils.java:logGet(43)) - raft.server.sleep.deviation.threshold = 300 (default)
2019-08-20 14:48:23,687 INFO  server.RaftServerConfigKeys (ConfUtils.java:logGet(43)) - raft.server.log.appender.install.snapshot.enabled = false (custom)
2019-08-20 14:48:23,687 INFO  impl.RaftServerImpl (ServerState.java:<init>(105)) - e4059d2f-c87d-4cd5-828c-2357f27d8eee:group-8C7FF7A1F841 ConfigurationManager, init=-1: [e4059d2f-c87d-4cd5-828c-2357f27d8eee:192.168.5.159:44589], old=null, confs=<EMPTY_MAP>
2019-08-20 14:48:23,688 INFO  server.RaftServerConfigKeys (ConfUtils.java:logGet(43)) - raft.server.storage.dir = [/workdir/hadoop-ozone/integration-test/target/test-dir/MiniOzoneClusterImpl-28bf5278-a22d-4d68-a509-63d691dcc8f5/datanode-4/data/ratis] (custom)
2019-08-20 14:48:23,688 INFO  storage.RaftStorageDirectory (RaftStorageDirectory.java:analyzeStorage(246)) - The storage directory /workdir/hadoop-ozone/integration-test/target/test-dir/MiniOzoneClusterImpl-28bf5278-a22d-4d68-a509-63d691dcc8f5/datanode-4/data/ratis/beeb2c85-c377-4d18-85e4-8c7ff7a1f841 does not exist. Creating ...
2019-08-20 14:48:23,700 INFO  storage.RaftStorageDirectory (RaftStorageDirectory.java:tryLock(328)) - Lock on /workdir/hadoop-ozone/integration-test/target/test-dir/MiniOzoneClusterImpl-28bf5278-a22d-4d68-a509-63d691dcc8f5/datanode-4/data/ratis/beeb2c85-c377-4d18-85e4-8c7ff7a1f841/in_use.lock acquired by nodename 29193@pr-hdds-1948-qmvbp-2153692187
2019-08-20 14:48:23,713 INFO  storage.RaftStorage (RaftStorage.java:format(72)) - Storage directory /workdir/hadoop-ozone/integration-test/target/test-dir/MiniOzoneClusterImpl-28bf5278-a22d-4d68-a509-63d691dcc8f5/datanode-4/data/ratis/beeb2c85-c377-4d18-85e4-8c7ff7a1f841 has been successfully formatted.
2019-08-20 14:48:23,713 INFO  ratis.ContainerStateMachine (ContainerStateMachine.java:loadSnapshot(222)) - group-8C7FF7A1F841: The snapshot info is null. Setting the last applied indexto:(t:0, i:~)
2019-08-20 14:48:23,714 INFO  server.RaftServerConfigKeys (ConfUtils.java:logGet(43)) - raft.server.leader.election.timeout = 120s (custom)
2019-08-20 14:48:23,714 INFO  server.RaftServerConfigKeys (ConfUtils.java:logGet(43)) - raft.server.log.use.memory = false (default)
2019-08-20 14:48:23,714 INFO  server.RaftServerConfigKeys (ConfUtils.java:logGet(43)) - raft.server.log.purge.gap = 1000000000 (custom)
2019-08-20 14:48:23,714 INFO  server.RaftServerConfigKeys (ConfUtils.java:logGet(43)) - raft.server.log.appender.buffer.byte-limit = 33554432 (custom)
2019-08-20 14:48:23,714 INFO  server.RaftServerConfigKeys (ConfUtils.java:logGet(43)) - raft.server.log.segment.size.max = 1048576 (custom)
2019-08-20 14:48:23,714 INFO  server.RaftServerConfigKeys (ConfUtils.java:logGet(43)) - raft.server.log.segment.cache.num.max = 2 (custom)
2019-08-20 14:48:23,714 INFO  segmented.SegmentedRaftLogWorker (SegmentedRaftLogWorker.java:<init>(172)) - new e4059d2f-c87d-4cd5-828c-2357f27d8eee-SegmentedRaftLogWorker:Storage Directory /workdir/hadoop-ozone/integration-test/target/test-dir/MiniOzoneClusterImpl-28bf5278-a22d-4d68-a509-63d691dcc8f5/datanode-4/data/ratis/beeb2c85-c377-4d18-85e4-8c7ff7a1f841 for RaftStorage:Storage Directory /workdir/hadoop-ozone/integration-test/target/test-dir/MiniOzoneClusterImpl-28bf5278-a22d-4d68-a509-63d691dcc8f5/datanode-4/data/ratis/beeb2c85-c377-4d18-85e4-8c7ff7a1f841
2019-08-20 14:48:23,714 INFO  server.RaftServerConfigKeys (ConfUtils.java:logGet(43)) - raft.server.log.queue.byte-limit = 2147483647 (custom)
2019-08-20 14:48:23,714 INFO  server.RaftServerConfigKeys (ConfUtils.java:logGet(43)) - raft.server.log.queue.element-limit = 1024 (custom)
2019-08-20 14:48:23,714 INFO  server.RaftServerConfigKeys (ConfUtils.java:logGet(43)) - raft.server.log.segment.size.max = 1048576 (custom)
2019-08-20 14:48:23,714 INFO  server.RaftServerConfigKeys (ConfUtils.java:logGet(43)) - raft.server.log.preallocated.size = 16384 (custom)
2019-08-20 14:48:23,715 INFO  server.RaftServerConfigKeys (ConfUtils.java:logGet(43)) - raft.server.log.write.buffer.size = 33554432 (custom)
2019-08-20 14:48:23,715 INFO  server.RaftServerConfigKeys (ConfUtils.java:logGet(43)) - raft.server.log.force.sync.num = 128 (default)
2019-08-20 14:48:23,715 INFO  server.RaftServerConfigKeys (ConfUtils.java:logGet(43)) - raft.server.log.statemachine.data.sync = true (default)
2019-08-20 14:48:23,715 INFO  server.RaftServerConfigKeys (ConfUtils.java:logGet(43)) - raft.server.log.statemachine.data.sync.timeout = 10s (default)
2019-08-20 14:48:23,715 INFO  server.RaftServerConfigKeys (ConfUtils.java:logGet(43)) - raft.server.log.statemachine.data.sync.timeout.retry = -1 (default)
2019-08-20 14:48:23,715 INFO  server.RaftServerConfigKeys (ConfUtils.java:logGet(43)) - raft.server.log.statemachine.data.caching.enabled = true (custom)
2019-08-20 14:48:23,715 INFO  segmented.SegmentedRaftLogWorker (SegmentedRaftLogWorker.java:lambda$new$0(132)) - e4059d2f-c87d-4cd5-828c-2357f27d8eee-SegmentedRaftLogWorker:Storage Directory /workdir/hadoop-ozone/integration-test/target/test-dir/MiniOzoneClusterImpl-28bf5278-a22d-4d68-a509-63d691dcc8f5/datanode-4/data/ratis/beeb2c85-c377-4d18-85e4-8c7ff7a1f841: flushIndex: setUnconditionally 0 -> -1
2019-08-20 14:48:23,715 INFO  server.RaftServerConfigKeys (ConfUtils.java:logGet(43)) - raft.server.snapshot.auto.trigger.enabled = true (custom)
2019-08-20 14:48:23,716 INFO  server.RaftServerConfigKeys (ConfUtils.java:logGet(43)) - raft.server.snapshot.auto.trigger.threshold = 10000 (custom)
2019-08-20 14:48:23,716 INFO  server.RaftServerConfigKeys (ConfUtils.java:logGet(43)) - raft.server.retrycache.expirytime = 600000ms (custom)
2019-08-20 14:48:23,716 INFO  impl.RaftServerImpl (RaftServerImpl.java:start(180)) - e4059d2f-c87d-4cd5-828c-2357f27d8eee: start group-8C7FF7A1F841
2019-08-20 14:48:23,716 INFO  impl.RaftServerImpl (RaftServerImpl.java:setRole(171)) - e4059d2f-c87d-4cd5-828c-2357f27d8eee:group-8C7FF7A1F841 changes role from null to FOLLOWER at term 0 for startAsFollower
2019-08-20 14:48:23,716 INFO  impl.RoleInfo (RoleInfo.java:updateAndGet(143)) - e4059d2f-c87d-4cd5-828c-2357f27d8eee: start FollowerState
2019-08-20 14:48:23,716 INFO  util.JmxRegister (JmxRegister.java:tryRegister(44)) - Successfully registered JMX Bean with object name Ratis:service=RaftServer,group=group-8C7FF7A1F841,id=e4059d2f-c87d-4cd5-828c-2357f27d8eee
2019-08-20 14:48:23,718 INFO  pipeline.PipelineStateManager (PipelineStateManager.java:addPipeline(56)) - Created pipeline Pipeline[ Id: beeb2c85-c377-4d18-85e4-8c7ff7a1f841, Nodes: e4059d2f-c87d-4cd5-828c-2357f27d8eee{ip: 192.168.5.159, host: pr-hdds-1948-qmvbp-2153692187, networkLocation: /default-rack, certSerialId: null}, Type:RATIS, Factor:ONE, State:OPEN]
2019-08-20 14:48:23,855 INFO  net.NetworkTopology (NetworkTopologyImpl.java:add(110)) - Added a new node: /default-rack/ba169736-c915-41bf-b878-2c7563e78ddf
2019-08-20 14:48:23,855 INFO  node.SCMNodeManager (SCMNodeManager.java:register(273)) - Registered Data node : ba169736-c915-41bf-b878-2c7563e78ddf{ip: 192.168.5.159, host: pr-hdds-1948-qmvbp-2153692187, networkLocation: /default-rack, certSerialId: null}
2019-08-20 14:48:23,860 INFO  impl.RaftServerProxy (RaftServerProxy.java:addNew(89)) - ba169736-c915-41bf-b878-2c7563e78ddf: addNew group-0FF786F3E4A3:[ba169736-c915-41bf-b878-2c7563e78ddf:192.168.5.159:43044] returns group-0FF786F3E4A3:java.util.concurrent.CompletableFuture@ab810cf[Not completed]
2019-08-20 14:48:23,862 INFO  impl.RaftServerImpl (RaftServerImpl.java:<init>(93)) - ba169736-c915-41bf-b878-2c7563e78ddf: new RaftServerImpl for group-0FF786F3E4A3:[ba169736-c915-41bf-b878-2c7563e78ddf:192.168.5.159:43044] with ContainerStateMachine:uninitialized
2019-08-20 14:48:23,863 INFO  server.RaftServerConfigKeys (ConfUtils.java:logGet(43)) - raft.server.rpc.timeout.min = 5s (custom)
2019-08-20 14:48:23,863 INFO  server.RaftServerConfigKeys (ConfUtils.java:logGet(43)) - raft.server.rpc.timeout.max = 5200ms (custom)
2019-08-20 14:48:23,863 INFO  server.RaftServerConfigKeys (ConfUtils.java:logGet(43)) - raft.server.rpcslowness.timeout = 120s (custom)
2019-08-20 14:48:23,863 INFO  server.RaftServerConfigKeys (ConfUtils.java:logGet(43)) - raft.server.sleep.deviation.threshold = 300 (default)
2019-08-20 14:48:23,863 INFO  server.RaftServerConfigKeys (ConfUtils.java:logGet(43)) - raft.server.log.appender.install.snapshot.enabled = false (custom)
2019-08-20 14:48:23,863 INFO  impl.RaftServerImpl (ServerState.java:<init>(105)) - ba169736-c915-41bf-b878-2c7563e78ddf:group-0FF786F3E4A3 ConfigurationManager, init=-1: [ba169736-c915-41bf-b878-2c7563e78ddf:192.168.5.159:43044], old=null, confs=<EMPTY_MAP>
2019-08-20 14:48:23,863 INFO  server.RaftServerConfigKeys (ConfUtils.java:logGet(43)) - raft.server.storage.dir = [/workdir/hadoop-ozone/integration-test/target/test-dir/MiniOzoneClusterImpl-28bf5278-a22d-4d68-a509-63d691dcc8f5/datanode-5/data/ratis] (custom)
2019-08-20 14:48:23,864 INFO  storage.RaftStorageDirectory (RaftStorageDirectory.java:analyzeStorage(246)) - The storage directory /workdir/hadoop-ozone/integration-test/target/test-dir/MiniOzoneClusterImpl-28bf5278-a22d-4d68-a509-63d691dcc8f5/datanode-5/data/ratis/3f25c74a-44e5-4d14-bbaf-0ff786f3e4a3 does not exist. Creating ...
2019-08-20 14:48:23,888 INFO  storage.RaftStorageDirectory (RaftStorageDirectory.java:tryLock(328)) - Lock on /workdir/hadoop-ozone/integration-test/target/test-dir/MiniOzoneClusterImpl-28bf5278-a22d-4d68-a509-63d691dcc8f5/datanode-5/data/ratis/3f25c74a-44e5-4d14-bbaf-0ff786f3e4a3/in_use.lock acquired by nodename 29193@pr-hdds-1948-qmvbp-2153692187
2019-08-20 14:48:23,902 INFO  storage.RaftStorage (RaftStorage.java:format(72)) - Storage directory /workdir/hadoop-ozone/integration-test/target/test-dir/MiniOzoneClusterImpl-28bf5278-a22d-4d68-a509-63d691dcc8f5/datanode-5/data/ratis/3f25c74a-44e5-4d14-bbaf-0ff786f3e4a3 has been successfully formatted.
2019-08-20 14:48:23,902 INFO  ratis.ContainerStateMachine (ContainerStateMachine.java:loadSnapshot(222)) - group-0FF786F3E4A3: The snapshot info is null. Setting the last applied indexto:(t:0, i:~)
2019-08-20 14:48:23,902 INFO  server.RaftServerConfigKeys (ConfUtils.java:logGet(43)) - raft.server.leader.election.timeout = 120s (custom)
2019-08-20 14:48:23,902 INFO  server.RaftServerConfigKeys (ConfUtils.java:logGet(43)) - raft.server.log.use.memory = false (default)
2019-08-20 14:48:23,903 INFO  server.RaftServerConfigKeys (ConfUtils.java:logGet(43)) - raft.server.log.purge.gap = 1000000000 (custom)
2019-08-20 14:48:23,903 INFO  server.RaftServerConfigKeys (ConfUtils.java:logGet(43)) - raft.server.log.appender.buffer.byte-limit = 33554432 (custom)
2019-08-20 14:48:23,903 INFO  server.RaftServerConfigKeys (ConfUtils.java:logGet(43)) - raft.server.log.segment.size.max = 1048576 (custom)
2019-08-20 14:48:23,903 INFO  server.RaftServerConfigKeys (ConfUtils.java:logGet(43)) - raft.server.log.segment.cache.num.max = 2 (custom)
2019-08-20 14:48:23,903 INFO  segmented.SegmentedRaftLogWorker (SegmentedRaftLogWorker.java:<init>(172)) - new ba169736-c915-41bf-b878-2c7563e78ddf-SegmentedRaftLogWorker:Storage Directory /workdir/hadoop-ozone/integration-test/target/test-dir/MiniOzoneClusterImpl-28bf5278-a22d-4d68-a509-63d691dcc8f5/datanode-5/data/ratis/3f25c74a-44e5-4d14-bbaf-0ff786f3e4a3 for RaftStorage:Storage Directory /workdir/hadoop-ozone/integration-test/target/test-dir/MiniOzoneClusterImpl-28bf5278-a22d-4d68-a509-63d691dcc8f5/datanode-5/data/ratis/3f25c74a-44e5-4d14-bbaf-0ff786f3e4a3
2019-08-20 14:48:23,903 INFO  server.RaftServerConfigKeys (ConfUtils.java:logGet(43)) - raft.server.log.queue.byte-limit = 2147483647 (custom)
2019-08-20 14:48:23,904 INFO  server.RaftServerConfigKeys (ConfUtils.java:logGet(43)) - raft.server.log.queue.element-limit = 1024 (custom)
2019-08-20 14:48:23,904 INFO  server.RaftServerConfigKeys (ConfUtils.java:logGet(43)) - raft.server.log.segment.size.max = 1048576 (custom)
2019-08-20 14:48:23,904 INFO  server.RaftServerConfigKeys (ConfUtils.java:logGet(43)) - raft.server.log.preallocated.size = 16384 (custom)
2019-08-20 14:48:23,904 INFO  server.RaftServerConfigKeys (ConfUtils.java:logGet(43)) - raft.server.log.write.buffer.size = 33554432 (custom)
2019-08-20 14:48:23,904 INFO  server.RaftServerConfigKeys (ConfUtils.java:logGet(43)) - raft.server.log.force.sync.num = 128 (default)
2019-08-20 14:48:23,904 INFO  server.RaftServerConfigKeys (ConfUtils.java:logGet(43)) - raft.server.log.statemachine.data.sync = true (default)
2019-08-20 14:48:23,905 INFO  server.RaftServerConfigKeys (ConfUtils.java:logGet(43)) - raft.server.log.statemachine.data.sync.timeout = 10s (default)
2019-08-20 14:48:23,905 INFO  server.RaftServerConfigKeys (ConfUtils.java:logGet(43)) - raft.server.log.statemachine.data.sync.timeout.retry = -1 (default)
2019-08-20 14:48:23,905 INFO  server.RaftServerConfigKeys (ConfUtils.java:logGet(43)) - raft.server.log.statemachine.data.caching.enabled = true (custom)
2019-08-20 14:48:23,905 INFO  segmented.SegmentedRaftLogWorker (SegmentedRaftLogWorker.java:lambda$new$0(132)) - ba169736-c915-41bf-b878-2c7563e78ddf-SegmentedRaftLogWorker:Storage Directory /workdir/hadoop-ozone/integration-test/target/test-dir/MiniOzoneClusterImpl-28bf5278-a22d-4d68-a509-63d691dcc8f5/datanode-5/data/ratis/3f25c74a-44e5-4d14-bbaf-0ff786f3e4a3: flushIndex: setUnconditionally 0 -> -1
2019-08-20 14:48:23,906 INFO  server.RaftServerConfigKeys (ConfUtils.java:logGet(43)) - raft.server.snapshot.auto.trigger.enabled = true (custom)
2019-08-20 14:48:23,906 INFO  server.RaftServerConfigKeys (ConfUtils.java:logGet(43)) - raft.server.snapshot.auto.trigger.threshold = 10000 (custom)
2019-08-20 14:48:23,906 INFO  server.RaftServerConfigKeys (ConfUtils.java:logGet(43)) - raft.server.retrycache.expirytime = 600000ms (custom)
2019-08-20 14:48:23,906 INFO  impl.RaftServerImpl (RaftServerImpl.java:start(180)) - ba169736-c915-41bf-b878-2c7563e78ddf: start group-0FF786F3E4A3
2019-08-20 14:48:23,906 INFO  impl.RaftServerImpl (RaftServerImpl.java:setRole(171)) - ba169736-c915-41bf-b878-2c7563e78ddf:group-0FF786F3E4A3 changes role from null to FOLLOWER at term 0 for startAsFollower
2019-08-20 14:48:23,906 INFO  impl.RoleInfo (RoleInfo.java:updateAndGet(143)) - ba169736-c915-41bf-b878-2c7563e78ddf: start FollowerState
2019-08-20 14:48:23,907 INFO  util.JmxRegister (JmxRegister.java:tryRegister(44)) - Successfully registered JMX Bean with object name Ratis:service=RaftServer,group=group-0FF786F3E4A3,id=ba169736-c915-41bf-b878-2c7563e78ddf
2019-08-20 14:48:23,909 INFO  pipeline.PipelineStateManager (PipelineStateManager.java:addPipeline(56)) - Created pipeline Pipeline[ Id: 3f25c74a-44e5-4d14-bbaf-0ff786f3e4a3, Nodes: ba169736-c915-41bf-b878-2c7563e78ddf{ip: 192.168.5.159, host: pr-hdds-1948-qmvbp-2153692187, networkLocation: /default-rack, certSerialId: null}, Type:RATIS, Factor:ONE, State:OPEN]
2019-08-20 14:48:23,919 INFO  impl.RaftServerProxy (RaftServerProxy.java:addNew(89)) - e4059d2f-c87d-4cd5-828c-2357f27d8eee: addNew group-BD0CD4D1701D:[ba169736-c915-41bf-b878-2c7563e78ddf:192.168.5.159:43044, e4059d2f-c87d-4cd5-828c-2357f27d8eee:192.168.5.159:44589, 870a185a-ea3b-485e-988a-44cebca76e3a:192.168.5.159:45748] returns group-BD0CD4D1701D:java.util.concurrent.CompletableFuture@5cc03467[Not completed]
2019-08-20 14:48:23,920 INFO  impl.RaftServerProxy (RaftServerProxy.java:addNew(89)) - 870a185a-ea3b-485e-988a-44cebca76e3a: addNew group-BD0CD4D1701D:[ba169736-c915-41bf-b878-2c7563e78ddf:192.168.5.159:43044, e4059d2f-c87d-4cd5-828c-2357f27d8eee:192.168.5.159:44589, 870a185a-ea3b-485e-988a-44cebca76e3a:192.168.5.159:45748] returns group-BD0CD4D1701D:java.util.concurrent.CompletableFuture@49e6848e[Not completed]
2019-08-20 14:48:23,920 INFO  impl.RaftServerProxy (RaftServerProxy.java:addNew(89)) - ba169736-c915-41bf-b878-2c7563e78ddf: addNew group-BD0CD4D1701D:[ba169736-c915-41bf-b878-2c7563e78ddf:192.168.5.159:43044, e4059d2f-c87d-4cd5-828c-2357f27d8eee:192.168.5.159:44589, 870a185a-ea3b-485e-988a-44cebca76e3a:192.168.5.159:45748] returns group-BD0CD4D1701D:java.util.concurrent.CompletableFuture@552dde94[Not completed]
2019-08-20 14:48:23,920 INFO  impl.RaftServerImpl (RaftServerImpl.java:<init>(93)) - e4059d2f-c87d-4cd5-828c-2357f27d8eee: new RaftServerImpl for group-BD0CD4D1701D:[ba169736-c915-41bf-b878-2c7563e78ddf:192.168.5.159:43044, e4059d2f-c87d-4cd5-828c-2357f27d8eee:192.168.5.159:44589, 870a185a-ea3b-485e-988a-44cebca76e3a:192.168.5.159:45748] with ContainerStateMachine:uninitialized
2019-08-20 14:48:23,921 INFO  server.RaftServerConfigKeys (ConfUtils.java:logGet(43)) - raft.server.rpc.timeout.min = 5s (custom)
2019-08-20 14:48:23,921 INFO  server.RaftServerConfigKeys (ConfUtils.java:logGet(43)) - raft.server.rpc.timeout.max = 5200ms (custom)
2019-08-20 14:48:23,921 INFO  server.RaftServerConfigKeys (ConfUtils.java:logGet(43)) - raft.server.rpcslowness.timeout = 120s (custom)
2019-08-20 14:48:23,921 INFO  server.RaftServerConfigKeys (ConfUtils.java:logGet(43)) - raft.server.sleep.deviation.threshold = 300 (default)
2019-08-20 14:48:23,921 INFO  server.RaftServerConfigKeys (ConfUtils.java:logGet(43)) - raft.server.log.appender.install.snapshot.enabled = false (custom)
2019-08-20 14:48:23,921 INFO  impl.RaftServerImpl (ServerState.java:<init>(105)) - e4059d2f-c87d-4cd5-828c-2357f27d8eee:group-BD0CD4D1701D ConfigurationManager, init=-1: [ba169736-c915-41bf-b878-2c7563e78ddf:192.168.5.159:43044, e4059d2f-c87d-4cd5-828c-2357f27d8eee:192.168.5.159:44589, 870a185a-ea3b-485e-988a-44cebca76e3a:192.168.5.159:45748], old=null, confs=<EMPTY_MAP>
2019-08-20 14:48:23,921 INFO  server.RaftServerConfigKeys (ConfUtils.java:logGet(43)) - raft.server.storage.dir = [/workdir/hadoop-ozone/integration-test/target/test-dir/MiniOzoneClusterImpl-28bf5278-a22d-4d68-a509-63d691dcc8f5/datanode-4/data/ratis] (custom)
2019-08-20 14:48:23,922 INFO  storage.RaftStorageDirectory (RaftStorageDirectory.java:analyzeStorage(246)) - The storage directory /workdir/hadoop-ozone/integration-test/target/test-dir/MiniOzoneClusterImpl-28bf5278-a22d-4d68-a509-63d691dcc8f5/datanode-4/data/ratis/51f3a0ec-e62c-4633-8915-bd0cd4d1701d does not exist. Creating ...
2019-08-20 14:48:23,922 INFO  impl.RaftServerImpl (RaftServerImpl.java:<init>(93)) - ba169736-c915-41bf-b878-2c7563e78ddf: new RaftServerImpl for group-BD0CD4D1701D:[ba169736-c915-41bf-b878-2c7563e78ddf:192.168.5.159:43044, e4059d2f-c87d-4cd5-828c-2357f27d8eee:192.168.5.159:44589, 870a185a-ea3b-485e-988a-44cebca76e3a:192.168.5.159:45748] with ContainerStateMachine:uninitialized
2019-08-20 14:48:23,922 INFO  server.RaftServerConfigKeys (ConfUtils.java:logGet(43)) - raft.server.rpc.timeout.min = 5s (custom)
2019-08-20 14:48:23,922 INFO  server.RaftServerConfigKeys (ConfUtils.java:logGet(43)) - raft.server.rpc.timeout.max = 5200ms (custom)
2019-08-20 14:48:23,922 INFO  server.RaftServerConfigKeys (ConfUtils.java:logGet(43)) - raft.server.rpcslowness.timeout = 120s (custom)
2019-08-20 14:48:23,922 INFO  server.RaftServerConfigKeys (ConfUtils.java:logGet(43)) - raft.server.sleep.deviation.threshold = 300 (default)
2019-08-20 14:48:23,922 INFO  server.RaftServerConfigKeys (ConfUtils.java:logGet(43)) - raft.server.log.appender.install.snapshot.enabled = false (custom)
2019-08-20 14:48:23,923 INFO  impl.RaftServerImpl (ServerState.java:<init>(105)) - ba169736-c915-41bf-b878-2c7563e78ddf:group-BD0CD4D1701D ConfigurationManager, init=-1: [ba169736-c915-41bf-b878-2c7563e78ddf:192.168.5.159:43044, e4059d2f-c87d-4cd5-828c-2357f27d8eee:192.168.5.159:44589, 870a185a-ea3b-485e-988a-44cebca76e3a:192.168.5.159:45748], old=null, confs=<EMPTY_MAP>
2019-08-20 14:48:23,923 INFO  impl.RaftServerImpl (RaftServerImpl.java:<init>(93)) - 870a185a-ea3b-485e-988a-44cebca76e3a: new RaftServerImpl for group-BD0CD4D1701D:[ba169736-c915-41bf-b878-2c7563e78ddf:192.168.5.159:43044, e4059d2f-c87d-4cd5-828c-2357f27d8eee:192.168.5.159:44589, 870a185a-ea3b-485e-988a-44cebca76e3a:192.168.5.159:45748] with ContainerStateMachine:uninitialized
2019-08-20 14:48:23,923 INFO  server.RaftServerConfigKeys (ConfUtils.java:logGet(43)) - raft.server.storage.dir = [/workdir/hadoop-ozone/integration-test/target/test-dir/MiniOzoneClusterImpl-28bf5278-a22d-4d68-a509-63d691dcc8f5/datanode-5/data/ratis] (custom)
2019-08-20 14:48:23,923 INFO  server.RaftServerConfigKeys (ConfUtils.java:logGet(43)) - raft.server.rpc.timeout.min = 5s (custom)
2019-08-20 14:48:23,923 INFO  server.RaftServerConfigKeys (ConfUtils.java:logGet(43)) - raft.server.rpc.timeout.max = 5200ms (custom)
2019-08-20 14:48:23,923 INFO  storage.RaftStorageDirectory (RaftStorageDirectory.java:analyzeStorage(246)) - The storage directory /workdir/hadoop-ozone/integration-test/target/test-dir/MiniOzoneClusterImpl-28bf5278-a22d-4d68-a509-63d691dcc8f5/datanode-5/data/ratis/51f3a0ec-e62c-4633-8915-bd0cd4d1701d does not exist. Creating ...
2019-08-20 14:48:23,923 INFO  server.RaftServerConfigKeys (ConfUtils.java:logGet(43)) - raft.server.rpcslowness.timeout = 120s (custom)
2019-08-20 14:48:23,924 INFO  server.RaftServerConfigKeys (ConfUtils.java:logGet(43)) - raft.server.sleep.deviation.threshold = 300 (default)
2019-08-20 14:48:23,924 INFO  server.RaftServerConfigKeys (ConfUtils.java:logGet(43)) - raft.server.log.appender.install.snapshot.enabled = false (custom)
2019-08-20 14:48:23,924 INFO  impl.RaftServerImpl (ServerState.java:<init>(105)) - 870a185a-ea3b-485e-988a-44cebca76e3a:group-BD0CD4D1701D ConfigurationManager, init=-1: [ba169736-c915-41bf-b878-2c7563e78ddf:192.168.5.159:43044, e4059d2f-c87d-4cd5-828c-2357f27d8eee:192.168.5.159:44589, 870a185a-ea3b-485e-988a-44cebca76e3a:192.168.5.159:45748], old=null, confs=<EMPTY_MAP>
2019-08-20 14:48:23,924 INFO  server.RaftServerConfigKeys (ConfUtils.java:logGet(43)) - raft.server.storage.dir = [/workdir/hadoop-ozone/integration-test/target/test-dir/MiniOzoneClusterImpl-28bf5278-a22d-4d68-a509-63d691dcc8f5/datanode-3/data/ratis] (custom)
2019-08-20 14:48:23,924 INFO  storage.RaftStorageDirectory (RaftStorageDirectory.java:analyzeStorage(246)) - The storage directory /workdir/hadoop-ozone/integration-test/target/test-dir/MiniOzoneClusterImpl-28bf5278-a22d-4d68-a509-63d691dcc8f5/datanode-3/data/ratis/51f3a0ec-e62c-4633-8915-bd0cd4d1701d does not exist. Creating ...
2019-08-20 14:48:23,935 INFO  storage.RaftStorageDirectory (RaftStorageDirectory.java:tryLock(328)) - Lock on /workdir/hadoop-ozone/integration-test/target/test-dir/MiniOzoneClusterImpl-28bf5278-a22d-4d68-a509-63d691dcc8f5/datanode-5/data/ratis/51f3a0ec-e62c-4633-8915-bd0cd4d1701d/in_use.lock acquired by nodename 29193@pr-hdds-1948-qmvbp-2153692187
2019-08-20 14:48:23,935 INFO  storage.RaftStorageDirectory (RaftStorageDirectory.java:tryLock(328)) - Lock on /workdir/hadoop-ozone/integration-test/target/test-dir/MiniOzoneClusterImpl-28bf5278-a22d-4d68-a509-63d691dcc8f5/datanode-4/data/ratis/51f3a0ec-e62c-4633-8915-bd0cd4d1701d/in_use.lock acquired by nodename 29193@pr-hdds-1948-qmvbp-2153692187
2019-08-20 14:48:23,935 INFO  storage.RaftStorageDirectory (RaftStorageDirectory.java:tryLock(328)) - Lock on /workdir/hadoop-ozone/integration-test/target/test-dir/MiniOzoneClusterImpl-28bf5278-a22d-4d68-a509-63d691dcc8f5/datanode-3/data/ratis/51f3a0ec-e62c-4633-8915-bd0cd4d1701d/in_use.lock acquired by nodename 29193@pr-hdds-1948-qmvbp-2153692187
2019-08-20 14:48:23,948 INFO  storage.RaftStorage (RaftStorage.java:format(72)) - Storage directory /workdir/hadoop-ozone/integration-test/target/test-dir/MiniOzoneClusterImpl-28bf5278-a22d-4d68-a509-63d691dcc8f5/datanode-5/data/ratis/51f3a0ec-e62c-4633-8915-bd0cd4d1701d has been successfully formatted.
2019-08-20 14:48:23,948 INFO  storage.RaftStorage (RaftStorage.java:format(72)) - Storage directory /workdir/hadoop-ozone/integration-test/target/test-dir/MiniOzoneClusterImpl-28bf5278-a22d-4d68-a509-63d691dcc8f5/datanode-3/data/ratis/51f3a0ec-e62c-4633-8915-bd0cd4d1701d has been successfully formatted.
2019-08-20 14:48:23,949 INFO  ratis.ContainerStateMachine (ContainerStateMachine.java:loadSnapshot(222)) - group-BD0CD4D1701D: The snapshot info is null. Setting the last applied indexto:(t:0, i:~)
2019-08-20 14:48:23,948 INFO  storage.RaftStorage (RaftStorage.java:format(72)) - Storage directory /workdir/hadoop-ozone/integration-test/target/test-dir/MiniOzoneClusterImpl-28bf5278-a22d-4d68-a509-63d691dcc8f5/datanode-4/data/ratis/51f3a0ec-e62c-4633-8915-bd0cd4d1701d has been successfully formatted.
2019-08-20 14:48:23,949 INFO  ratis.ContainerStateMachine (ContainerStateMachine.java:loadSnapshot(222)) - group-BD0CD4D1701D: The snapshot info is null. Setting the last applied indexto:(t:0, i:~)
2019-08-20 14:48:23,949 INFO  server.RaftServerConfigKeys (ConfUtils.java:logGet(43)) - raft.server.leader.election.timeout = 120s (custom)
2019-08-20 14:48:23,949 INFO  server.RaftServerConfigKeys (ConfUtils.java:logGet(43)) - raft.server.leader.election.timeout = 120s (custom)
2019-08-20 14:48:23,949 INFO  ratis.ContainerStateMachine (ContainerStateMachine.java:loadSnapshot(222)) - group-BD0CD4D1701D: The snapshot info is null. Setting the last applied indexto:(t:0, i:~)
2019-08-20 14:48:23,949 INFO  server.RaftServerConfigKeys (ConfUtils.java:logGet(43)) - raft.server.log.use.memory = false (default)
2019-08-20 14:48:23,949 INFO  server.RaftServerConfigKeys (ConfUtils.java:logGet(43)) - raft.server.log.use.memory = false (default)
2019-08-20 14:48:23,949 INFO  server.RaftServerConfigKeys (ConfUtils.java:logGet(43)) - raft.server.log.purge.gap = 1000000000 (custom)
2019-08-20 14:48:23,949 INFO  server.RaftServerConfigKeys (ConfUtils.java:logGet(43)) - raft.server.leader.election.timeout = 120s (custom)
2019-08-20 14:48:23,949 INFO  server.RaftServerConfigKeys (ConfUtils.java:logGet(43)) - raft.server.log.appender.buffer.byte-limit = 33554432 (custom)
2019-08-20 14:48:23,949 INFO  server.RaftServerConfigKeys (ConfUtils.java:logGet(43)) - raft.server.log.purge.gap = 1000000000 (custom)
2019-08-20 14:48:23,950 INFO  server.RaftServerConfigKeys (ConfUtils.java:logGet(43)) - raft.server.log.segment.size.max = 1048576 (custom)
2019-08-20 14:48:23,950 INFO  server.RaftServerConfigKeys (ConfUtils.java:logGet(43)) - raft.server.log.use.memory = false (default)
2019-08-20 14:48:23,950 INFO  server.RaftServerConfigKeys (ConfUtils.java:logGet(43)) - raft.server.log.segment.cache.num.max = 2 (custom)
2019-08-20 14:48:23,950 INFO  server.RaftServerConfigKeys (ConfUtils.java:logGet(43)) - raft.server.log.appender.buffer.byte-limit = 33554432 (custom)
2019-08-20 14:48:23,950 INFO  segmented.SegmentedRaftLogWorker (SegmentedRaftLogWorker.java:<init>(172)) - new 870a185a-ea3b-485e-988a-44cebca76e3a-SegmentedRaftLogWorker:Storage Directory /workdir/hadoop-ozone/integration-test/target/test-dir/MiniOzoneClusterImpl-28bf5278-a22d-4d68-a509-63d691dcc8f5/datanode-3/data/ratis/51f3a0ec-e62c-4633-8915-bd0cd4d1701d for RaftStorage:Storage Directory /workdir/hadoop-ozone/integration-test/target/test-dir/MiniOzoneClusterImpl-28bf5278-a22d-4d68-a509-63d691dcc8f5/datanode-3/data/ratis/51f3a0ec-e62c-4633-8915-bd0cd4d1701d
2019-08-20 14:48:23,950 INFO  server.RaftServerConfigKeys (ConfUtils.java:logGet(43)) - raft.server.log.purge.gap = 1000000000 (custom)
2019-08-20 14:48:23,950 INFO  server.RaftServerConfigKeys (ConfUtils.java:logGet(43)) - raft.server.log.queue.byte-limit = 2147483647 (custom)
2019-08-20 14:48:23,950 INFO  server.RaftServerConfigKeys (ConfUtils.java:logGet(43)) - raft.server.log.segment.size.max = 1048576 (custom)
2019-08-20 14:48:23,950 INFO  server.RaftServerConfigKeys (ConfUtils.java:logGet(43)) - raft.server.log.queue.element-limit = 1024 (custom)
2019-08-20 14:48:23,950 INFO  server.RaftServerConfigKeys (ConfUtils.java:logGet(43)) - raft.server.log.appender.buffer.byte-limit = 33554432 (custom)
2019-08-20 14:48:23,951 INFO  server.RaftServerConfigKeys (ConfUtils.java:logGet(43)) - raft.server.log.segment.size.max = 1048576 (custom)
2019-08-20 14:48:23,951 INFO  server.RaftServerConfigKeys (ConfUtils.java:logGet(43)) - raft.server.log.segment.cache.num.max = 2 (custom)
2019-08-20 14:48:23,951 INFO  server.RaftServerConfigKeys (ConfUtils.java:logGet(43)) - raft.server.log.preallocated.size = 16384 (custom)
2019-08-20 14:48:23,951 INFO  server.RaftServerConfigKeys (ConfUtils.java:logGet(43)) - raft.server.log.segment.size.max = 1048576 (custom)
2019-08-20 14:48:23,951 INFO  server.RaftServerConfigKeys (ConfUtils.java:logGet(43)) - raft.server.log.write.buffer.size = 33554432 (custom)
2019-08-20 14:48:23,951 INFO  segmented.SegmentedRaftLogWorker (SegmentedRaftLogWorker.java:<init>(172)) - new ba169736-c915-41bf-b878-2c7563e78ddf-SegmentedRaftLogWorker:Storage Directory /workdir/hadoop-ozone/integration-test/target/test-dir/MiniOzoneClusterImpl-28bf5278-a22d-4d68-a509-63d691dcc8f5/datanode-5/data/ratis/51f3a0ec-e62c-4633-8915-bd0cd4d1701d for RaftStorage:Storage Directory /workdir/hadoop-ozone/integration-test/target/test-dir/MiniOzoneClusterImpl-28bf5278-a22d-4d68-a509-63d691dcc8f5/datanode-5/data/ratis/51f3a0ec-e62c-4633-8915-bd0cd4d1701d
2019-08-20 14:48:23,951 INFO  server.RaftServerConfigKeys (ConfUtils.java:logGet(43)) - raft.server.log.force.sync.num = 128 (default)
2019-08-20 14:48:23,951 INFO  server.RaftServerConfigKeys (ConfUtils.java:logGet(43)) - raft.server.log.segment.cache.num.max = 2 (custom)
2019-08-20 14:48:23,952 INFO  server.RaftServerConfigKeys (ConfUtils.java:logGet(43)) - raft.server.log.statemachine.data.sync = true (default)
2019-08-20 14:48:23,952 INFO  server.RaftServerConfigKeys (ConfUtils.java:logGet(43)) - raft.server.log.queue.byte-limit = 2147483647 (custom)
2019-08-20 14:48:23,952 INFO  server.RaftServerConfigKeys (ConfUtils.java:logGet(43)) - raft.server.log.statemachine.data.sync.timeout = 10s (default)
2019-08-20 14:48:23,952 INFO  segmented.SegmentedRaftLogWorker (SegmentedRaftLogWorker.java:<init>(172)) - new e4059d2f-c87d-4cd5-828c-2357f27d8eee-SegmentedRaftLogWorker:Storage Directory /workdir/hadoop-ozone/integration-test/target/test-dir/MiniOzoneClusterImpl-28bf5278-a22d-4d68-a509-63d691dcc8f5/datanode-4/data/ratis/51f3a0ec-e62c-4633-8915-bd0cd4d1701d for RaftStorage:Storage Directory /workdir/hadoop-ozone/integration-test/target/test-dir/MiniOzoneClusterImpl-28bf5278-a22d-4d68-a509-63d691dcc8f5/datanode-4/data/ratis/51f3a0ec-e62c-4633-8915-bd0cd4d1701d
2019-08-20 14:48:23,952 INFO  server.RaftServerConfigKeys (ConfUtils.java:logGet(43)) - raft.server.log.statemachine.data.sync.timeout.retry = -1 (default)
2019-08-20 14:48:23,952 INFO  server.RaftServerConfigKeys (ConfUtils.java:logGet(43)) - raft.server.log.queue.element-limit = 1024 (custom)
2019-08-20 14:48:23,952 INFO  server.RaftServerConfigKeys (ConfUtils.java:logGet(43)) - raft.server.log.statemachine.data.caching.enabled = true (custom)
2019-08-20 14:48:23,952 INFO  server.RaftServerConfigKeys (ConfUtils.java:logGet(43)) - raft.server.log.queue.byte-limit = 2147483647 (custom)
2019-08-20 14:48:23,952 INFO  server.RaftServerConfigKeys (ConfUtils.java:logGet(43)) - raft.server.log.segment.size.max = 1048576 (custom)
2019-08-20 14:48:23,953 INFO  segmented.SegmentedRaftLogWorker (SegmentedRaftLogWorker.java:lambda$new$0(132)) - 870a185a-ea3b-485e-988a-44cebca76e3a-SegmentedRaftLogWorker:Storage Directory /workdir/hadoop-ozone/integration-test/target/test-dir/MiniOzoneClusterImpl-28bf5278-a22d-4d68-a509-63d691dcc8f5/datanode-3/data/ratis/51f3a0ec-e62c-4633-8915-bd0cd4d1701d: flushIndex: setUnconditionally 0 -> -1
2019-08-20 14:48:23,952 INFO  server.RaftServerConfigKeys (ConfUtils.java:logGet(43)) - raft.server.log.queue.element-limit = 1024 (custom)
2019-08-20 14:48:23,953 INFO  server.RaftServerConfigKeys (ConfUtils.java:logGet(43)) - raft.server.log.preallocated.size = 16384 (custom)
2019-08-20 14:48:23,953 INFO  server.RaftServerConfigKeys (ConfUtils.java:logGet(43)) - raft.server.snapshot.auto.trigger.enabled = true (custom)
2019-08-20 14:48:23,953 INFO  server.RaftServerConfigKeys (ConfUtils.java:logGet(43)) - raft.server.log.segment.size.max = 1048576 (custom)
2019-08-20 14:48:23,953 INFO  server.RaftServerConfigKeys (ConfUtils.java:logGet(43)) - raft.server.snapshot.auto.trigger.threshold = 10000 (custom)
2019-08-20 14:48:23,953 INFO  server.RaftServerConfigKeys (ConfUtils.java:logGet(43)) - raft.server.log.write.buffer.size = 33554432 (custom)
2019-08-20 14:48:23,953 INFO  server.RaftServerConfigKeys (ConfUtils.java:logGet(43)) - raft.server.retrycache.expirytime = 600000ms (custom)
2019-08-20 14:48:23,953 INFO  server.RaftServerConfigKeys (ConfUtils.java:logGet(43)) - raft.server.log.preallocated.size = 16384 (custom)
2019-08-20 14:48:23,953 INFO  server.RaftServerConfigKeys (ConfUtils.java:logGet(43)) - raft.server.log.force.sync.num = 128 (default)
2019-08-20 14:48:23,953 INFO  impl.RaftServerImpl (RaftServerImpl.java:start(180)) - 870a185a-ea3b-485e-988a-44cebca76e3a: start group-BD0CD4D1701D
2019-08-20 14:48:23,953 INFO  server.RaftServerConfigKeys (ConfUtils.java:logGet(43)) - raft.server.log.write.buffer.size = 33554432 (custom)
2019-08-20 14:48:23,954 INFO  impl.RaftServerImpl (RaftServerImpl.java:setRole(171)) - 870a185a-ea3b-485e-988a-44cebca76e3a:group-BD0CD4D1701D changes role from null to FOLLOWER at term 0 for startAsFollower
2019-08-20 14:48:23,954 INFO  server.RaftServerConfigKeys (ConfUtils.java:logGet(43)) - raft.server.log.statemachine.data.sync = true (default)
2019-08-20 14:48:23,954 INFO  impl.RoleInfo (RoleInfo.java:updateAndGet(143)) - 870a185a-ea3b-485e-988a-44cebca76e3a: start FollowerState
2019-08-20 14:48:23,954 INFO  server.RaftServerConfigKeys (ConfUtils.java:logGet(43)) - raft.server.log.force.sync.num = 128 (default)
2019-08-20 14:48:23,954 INFO  server.RaftServerConfigKeys (ConfUtils.java:logGet(43)) - raft.server.log.statemachine.data.sync.timeout = 10s (default)
2019-08-20 14:48:23,954 INFO  server.RaftServerConfigKeys (ConfUtils.java:logGet(43)) - raft.server.log.statemachine.data.sync = true (default)
2019-08-20 14:48:23,954 INFO  util.JmxRegister (JmxRegister.java:tryRegister(44)) - Successfully registered JMX Bean with object name Ratis:service=RaftServer,group=group-BD0CD4D1701D,id=870a185a-ea3b-485e-988a-44cebca76e3a
2019-08-20 14:48:23,954 INFO  server.RaftServerConfigKeys (ConfUtils.java:logGet(43)) - raft.server.log.statemachine.data.sync.timeout.retry = -1 (default)
2019-08-20 14:48:23,954 INFO  server.RaftServerConfigKeys (ConfUtils.java:logGet(43)) - raft.server.log.statemachine.data.sync.timeout = 10s (default)
2019-08-20 14:48:23,955 INFO  server.RaftServerConfigKeys (ConfUtils.java:logGet(43)) - raft.server.log.statemachine.data.caching.enabled = true (custom)
2019-08-20 14:48:23,955 INFO  server.RaftServerConfigKeys (ConfUtils.java:logGet(43)) - raft.server.log.statemachine.data.sync.timeout.retry = -1 (default)
2019-08-20 14:48:23,955 INFO  server.RaftServerConfigKeys (ConfUtils.java:logGet(43)) - raft.server.log.statemachine.data.caching.enabled = true (custom)
2019-08-20 14:48:23,955 INFO  segmented.SegmentedRaftLogWorker (SegmentedRaftLogWorker.java:lambda$new$0(132)) - ba169736-c915-41bf-b878-2c7563e78ddf-SegmentedRaftLogWorker:Storage Directory /workdir/hadoop-ozone/integration-test/target/test-dir/MiniOzoneClusterImpl-28bf5278-a22d-4d68-a509-63d691dcc8f5/datanode-5/data/ratis/51f3a0ec-e62c-4633-8915-bd0cd4d1701d: flushIndex: setUnconditionally 0 -> -1
2019-08-20 14:48:23,955 INFO  segmented.SegmentedRaftLogWorker (SegmentedRaftLogWorker.java:lambda$new$0(132)) - e4059d2f-c87d-4cd5-828c-2357f27d8eee-SegmentedRaftLogWorker:Storage Directory /workdir/hadoop-ozone/integration-test/target/test-dir/MiniOzoneClusterImpl-28bf5278-a22d-4d68-a509-63d691dcc8f5/datanode-4/data/ratis/51f3a0ec-e62c-4633-8915-bd0cd4d1701d: flushIndex: setUnconditionally 0 -> -1
2019-08-20 14:48:23,955 INFO  server.RaftServerConfigKeys (ConfUtils.java:logGet(43)) - raft.server.snapshot.auto.trigger.enabled = true (custom)
2019-08-20 14:48:23,955 INFO  server.RaftServerConfigKeys (ConfUtils.java:logGet(43)) - raft.server.snapshot.auto.trigger.enabled = true (custom)
2019-08-20 14:48:23,955 INFO  server.RaftServerConfigKeys (ConfUtils.java:logGet(43)) - raft.server.snapshot.auto.trigger.threshold = 10000 (custom)
2019-08-20 14:48:23,955 INFO  server.RaftServerConfigKeys (ConfUtils.java:logGet(43)) - raft.server.snapshot.auto.trigger.threshold = 10000 (custom)
2019-08-20 14:48:23,956 INFO  server.RaftServerConfigKeys (ConfUtils.java:logGet(43)) - raft.server.retrycache.expirytime = 600000ms (custom)
2019-08-20 14:48:23,956 INFO  server.RaftServerConfigKeys (ConfUtils.java:logGet(43)) - raft.server.retrycache.expirytime = 600000ms (custom)
2019-08-20 14:48:23,956 INFO  impl.RaftServerImpl (RaftServerImpl.java:start(180)) - ba169736-c915-41bf-b878-2c7563e78ddf: start group-BD0CD4D1701D
2019-08-20 14:48:23,956 INFO  impl.RaftServerImpl (RaftServerImpl.java:start(180)) - e4059d2f-c87d-4cd5-828c-2357f27d8eee: start group-BD0CD4D1701D
2019-08-20 14:48:23,956 INFO  impl.RaftServerImpl (RaftServerImpl.java:setRole(171)) - ba169736-c915-41bf-b878-2c7563e78ddf:group-BD0CD4D1701D changes role from null to FOLLOWER at term 0 for startAsFollower
2019-08-20 14:48:23,956 INFO  impl.RaftServerImpl (RaftServerImpl.java:setRole(171)) - e4059d2f-c87d-4cd5-828c-2357f27d8eee:group-BD0CD4D1701D changes role from null to FOLLOWER at term 0 for startAsFollower
2019-08-20 14:48:23,956 INFO  impl.RoleInfo (RoleInfo.java:updateAndGet(143)) - ba169736-c915-41bf-b878-2c7563e78ddf: start FollowerState
2019-08-20 14:48:23,956 INFO  impl.RoleInfo (RoleInfo.java:updateAndGet(143)) - e4059d2f-c87d-4cd5-828c-2357f27d8eee: start FollowerState
2019-08-20 14:48:23,957 INFO  util.JmxRegister (JmxRegister.java:tryRegister(44)) - Successfully registered JMX Bean with object name Ratis:service=RaftServer,group=group-BD0CD4D1701D,id=ba169736-c915-41bf-b878-2c7563e78ddf
2019-08-20 14:48:23,957 INFO  util.JmxRegister (JmxRegister.java:tryRegister(44)) - Successfully registered JMX Bean with object name Ratis:service=RaftServer,group=group-BD0CD4D1701D,id=e4059d2f-c87d-4cd5-828c-2357f27d8eee
2019-08-20 14:48:23,958 INFO  pipeline.PipelineStateManager (PipelineStateManager.java:addPipeline(56)) - Created pipeline Pipeline[ Id: 51f3a0ec-e62c-4633-8915-bd0cd4d1701d, Nodes: e4059d2f-c87d-4cd5-828c-2357f27d8eee{ip: 192.168.5.159, host: pr-hdds-1948-qmvbp-2153692187, networkLocation: /default-rack, certSerialId: null}870a185a-ea3b-485e-988a-44cebca76e3a{ip: 192.168.5.159, host: pr-hdds-1948-qmvbp-2153692187, networkLocation: /default-rack, certSerialId: null}ba169736-c915-41bf-b878-2c7563e78ddf{ip: 192.168.5.159, host: pr-hdds-1948-qmvbp-2153692187, networkLocation: /default-rack, certSerialId: null}, Type:RATIS, Factor:THREE, State:OPEN]
2019-08-20 14:48:24,108 INFO  ozone.MiniOzoneClusterImpl (MiniOzoneClusterImpl.java:lambda$waitForClusterToBeReady$0(142)) - Waiting for cluster to be ready. Got 6 of 7 DN Heartbeats.
2019-08-20 14:48:24,108 INFO  net.NetworkTopology (NetworkTopologyImpl.java:add(110)) - Added a new node: /default-rack/1b258722-3691-42bc-9430-40eb6b2f07d9
2019-08-20 14:48:24,108 INFO  node.SCMNodeManager (SCMNodeManager.java:register(273)) - Registered Data node : 1b258722-3691-42bc-9430-40eb6b2f07d9{ip: 192.168.5.159, host: pr-hdds-1948-qmvbp-2153692187, networkLocation: /default-rack, certSerialId: null}
2019-08-20 14:48:24,114 INFO  impl.RaftServerProxy (RaftServerProxy.java:addNew(89)) - 1b258722-3691-42bc-9430-40eb6b2f07d9: addNew group-F869F32DD52C:[1b258722-3691-42bc-9430-40eb6b2f07d9:192.168.5.159:40461] returns group-F869F32DD52C:java.util.concurrent.CompletableFuture@25b9f29e[Not completed]
2019-08-20 14:48:24,115 INFO  impl.RaftServerImpl (RaftServerImpl.java:<init>(93)) - 1b258722-3691-42bc-9430-40eb6b2f07d9: new RaftServerImpl for group-F869F32DD52C:[1b258722-3691-42bc-9430-40eb6b2f07d9:192.168.5.159:40461] with ContainerStateMachine:uninitialized
2019-08-20 14:48:24,115 INFO  server.RaftServerConfigKeys (ConfUtils.java:logGet(43)) - raft.server.rpc.timeout.min = 5s (custom)
2019-08-20 14:48:24,115 INFO  server.RaftServerConfigKeys (ConfUtils.java:logGet(43)) - raft.server.rpc.timeout.max = 5200ms (custom)
2019-08-20 14:48:24,116 INFO  server.RaftServerConfigKeys (ConfUtils.java:logGet(43)) - raft.server.rpcslowness.timeout = 120s (custom)
2019-08-20 14:48:24,116 INFO  server.RaftServerConfigKeys (ConfUtils.java:logGet(43)) - raft.server.sleep.deviation.threshold = 300 (default)
2019-08-20 14:48:24,116 INFO  server.RaftServerConfigKeys (ConfUtils.java:logGet(43)) - raft.server.log.appender.install.snapshot.enabled = false (custom)
2019-08-20 14:48:24,116 INFO  impl.RaftServerImpl (ServerState.java:<init>(105)) - 1b258722-3691-42bc-9430-40eb6b2f07d9:group-F869F32DD52C ConfigurationManager, init=-1: [1b258722-3691-42bc-9430-40eb6b2f07d9:192.168.5.159:40461], old=null, confs=<EMPTY_MAP>
2019-08-20 14:48:24,116 INFO  server.RaftServerConfigKeys (ConfUtils.java:logGet(43)) - raft.server.storage.dir = [/workdir/hadoop-ozone/integration-test/target/test-dir/MiniOzoneClusterImpl-28bf5278-a22d-4d68-a509-63d691dcc8f5/datanode-6/data/ratis] (custom)
2019-08-20 14:48:24,116 INFO  storage.RaftStorageDirectory (RaftStorageDirectory.java:analyzeStorage(246)) - The storage directory /workdir/hadoop-ozone/integration-test/target/test-dir/MiniOzoneClusterImpl-28bf5278-a22d-4d68-a509-63d691dcc8f5/datanode-6/data/ratis/eda7d236-d9e5-4cff-8fe9-f869f32dd52c does not exist. Creating ...
2019-08-20 14:48:24,124 INFO  storage.RaftStorageDirectory (RaftStorageDirectory.java:tryLock(328)) - Lock on /workdir/hadoop-ozone/integration-test/target/test-dir/MiniOzoneClusterImpl-28bf5278-a22d-4d68-a509-63d691dcc8f5/datanode-6/data/ratis/eda7d236-d9e5-4cff-8fe9-f869f32dd52c/in_use.lock acquired by nodename 29193@pr-hdds-1948-qmvbp-2153692187
2019-08-20 14:48:24,137 INFO  storage.RaftStorage (RaftStorage.java:format(72)) - Storage directory /workdir/hadoop-ozone/integration-test/target/test-dir/MiniOzoneClusterImpl-28bf5278-a22d-4d68-a509-63d691dcc8f5/datanode-6/data/ratis/eda7d236-d9e5-4cff-8fe9-f869f32dd52c has been successfully formatted.
2019-08-20 14:48:24,137 INFO  ratis.ContainerStateMachine (ContainerStateMachine.java:loadSnapshot(222)) - group-F869F32DD52C: The snapshot info is null. Setting the last applied indexto:(t:0, i:~)
2019-08-20 14:48:24,137 INFO  server.RaftServerConfigKeys (ConfUtils.java:logGet(43)) - raft.server.leader.election.timeout = 120s (custom)
2019-08-20 14:48:24,137 INFO  server.RaftServerConfigKeys (ConfUtils.java:logGet(43)) - raft.server.log.use.memory = false (default)
2019-08-20 14:48:24,138 INFO  server.RaftServerConfigKeys (ConfUtils.java:logGet(43)) - raft.server.log.purge.gap = 1000000000 (custom)
2019-08-20 14:48:24,138 INFO  server.RaftServerConfigKeys (ConfUtils.java:logGet(43)) - raft.server.log.appender.buffer.byte-limit = 33554432 (custom)
2019-08-20 14:48:24,138 INFO  server.RaftServerConfigKeys (ConfUtils.java:logGet(43)) - raft.server.log.segment.size.max = 1048576 (custom)
2019-08-20 14:48:24,138 INFO  server.RaftServerConfigKeys (ConfUtils.java:logGet(43)) - raft.server.log.segment.cache.num.max = 2 (custom)
2019-08-20 14:48:24,138 INFO  segmented.SegmentedRaftLogWorker (SegmentedRaftLogWorker.java:<init>(172)) - new 1b258722-3691-42bc-9430-40eb6b2f07d9-SegmentedRaftLogWorker:Storage Directory /workdir/hadoop-ozone/integration-test/target/test-dir/MiniOzoneClusterImpl-28bf5278-a22d-4d68-a509-63d691dcc8f5/datanode-6/data/ratis/eda7d236-d9e5-4cff-8fe9-f869f32dd52c for RaftStorage:Storage Directory /workdir/hadoop-ozone/integration-test/target/test-dir/MiniOzoneClusterImpl-28bf5278-a22d-4d68-a509-63d691dcc8f5/datanode-6/data/ratis/eda7d236-d9e5-4cff-8fe9-f869f32dd52c
2019-08-20 14:48:24,138 INFO  server.RaftServerConfigKeys (ConfUtils.java:logGet(43)) - raft.server.log.queue.byte-limit = 2147483647 (custom)
2019-08-20 14:48:24,138 INFO  server.RaftServerConfigKeys (ConfUtils.java:logGet(43)) - raft.server.log.queue.element-limit = 1024 (custom)
2019-08-20 14:48:24,138 INFO  server.RaftServerConfigKeys (ConfUtils.java:logGet(43)) - raft.server.log.segment.size.max = 1048576 (custom)
2019-08-20 14:48:24,139 INFO  server.RaftServerConfigKeys (ConfUtils.java:logGet(43)) - raft.server.log.preallocated.size = 16384 (custom)
2019-08-20 14:48:24,139 INFO  server.RaftServerConfigKeys (ConfUtils.java:logGet(43)) - raft.server.log.write.buffer.size = 33554432 (custom)
2019-08-20 14:48:24,139 INFO  server.RaftServerConfigKeys (ConfUtils.java:logGet(43)) - raft.server.log.force.sync.num = 128 (default)
2019-08-20 14:48:24,139 INFO  server.RaftServerConfigKeys (ConfUtils.java:logGet(43)) - raft.server.log.statemachine.data.sync = true (default)
2019-08-20 14:48:24,139 INFO  server.RaftServerConfigKeys (ConfUtils.java:logGet(43)) - raft.server.log.statemachine.data.sync.timeout = 10s (default)
2019-08-20 14:48:24,139 INFO  server.RaftServerConfigKeys (ConfUtils.java:logGet(43)) - raft.server.log.statemachine.data.sync.timeout.retry = -1 (default)
2019-08-20 14:48:24,139 INFO  server.RaftServerConfigKeys (ConfUtils.java:logGet(43)) - raft.server.log.statemachine.data.caching.enabled = true (custom)
2019-08-20 14:48:24,139 INFO  segmented.SegmentedRaftLogWorker (SegmentedRaftLogWorker.java:lambda$new$0(132)) - 1b258722-3691-42bc-9430-40eb6b2f07d9-SegmentedRaftLogWorker:Storage Directory /workdir/hadoop-ozone/integration-test/target/test-dir/MiniOzoneClusterImpl-28bf5278-a22d-4d68-a509-63d691dcc8f5/datanode-6/data/ratis/eda7d236-d9e5-4cff-8fe9-f869f32dd52c: flushIndex: setUnconditionally 0 -> -1
2019-08-20 14:48:24,140 INFO  server.RaftServerConfigKeys (ConfUtils.java:logGet(43)) - raft.server.snapshot.auto.trigger.enabled = true (custom)
2019-08-20 14:48:24,140 INFO  server.RaftServerConfigKeys (ConfUtils.java:logGet(43)) - raft.server.snapshot.auto.trigger.threshold = 10000 (custom)
2019-08-20 14:48:24,140 INFO  server.RaftServerConfigKeys (ConfUtils.java:logGet(43)) - raft.server.retrycache.expirytime = 600000ms (custom)
2019-08-20 14:48:24,140 INFO  impl.RaftServerImpl (RaftServerImpl.java:start(180)) - 1b258722-3691-42bc-9430-40eb6b2f07d9: start group-F869F32DD52C
2019-08-20 14:48:24,140 INFO  impl.RaftServerImpl (RaftServerImpl.java:setRole(171)) - 1b258722-3691-42bc-9430-40eb6b2f07d9:group-F869F32DD52C changes role from null to FOLLOWER at term 0 for startAsFollower
2019-08-20 14:48:24,140 INFO  impl.RoleInfo (RoleInfo.java:updateAndGet(143)) - 1b258722-3691-42bc-9430-40eb6b2f07d9: start FollowerState
2019-08-20 14:48:24,142 INFO  util.JmxRegister (JmxRegister.java:tryRegister(44)) - Successfully registered JMX Bean with object name Ratis:service=RaftServer,group=group-F869F32DD52C,id=1b258722-3691-42bc-9430-40eb6b2f07d9
2019-08-20 14:48:24,143 INFO  pipeline.PipelineStateManager (PipelineStateManager.java:addPipeline(56)) - Created pipeline Pipeline[ Id: eda7d236-d9e5-4cff-8fe9-f869f32dd52c, Nodes: 1b258722-3691-42bc-9430-40eb6b2f07d9{ip: 192.168.5.159, host: pr-hdds-1948-qmvbp-2153692187, networkLocation: /default-rack, certSerialId: null}, Type:RATIS, Factor:ONE, State:OPEN]
2019-08-20 14:48:25,108 INFO  ozone.MiniOzoneClusterImpl (MiniOzoneClusterImpl.java:lambda$waitForClusterToBeReady$0(142)) - Cluster is ready. Got 7 of 7 DN Heartbeats.
2019-08-20 14:48:25,134 INFO  rpc.RpcClient (RpcClient.java:createVolume(292)) - Creating Volume: testblockoutputstream, with jenkins1000 as owner.
2019-08-20 14:48:25,145 INFO  rpc.RpcClient (RpcClient.java:createBucket(429)) - Creating Bucket: testblockoutputstream/testblockoutputstream, with Versioning false and Storage Type set to DISK and Encryption set to false 
2019-08-20 14:48:25,166 INFO  client.GrpcClientProtocolClient (GrpcClientProtocolClient.java:onNext(255)) - client-C2133280F9BC->8f5e4cb6-1775-4ada-928f-cf56c5642961: receive RaftClientReply:client-C2133280F9BC->8f5e4cb6-1775-4ada-928f-cf56c5642961@group-72EEEA7E18B3, cid=183, FAILED org.apache.ratis.protocol.NotLeaderException: Server 8f5e4cb6-1775-4ada-928f-cf56c5642961 is not the leader (null). Request must be sent to leader., logIndex=0, commits[8f5e4cb6-1775-4ada-928f-cf56c5642961:c-1]
2019-08-20 14:48:25,719 INFO  container.ReplicationManager (ReplicationManager.java:start(155)) - Starting Replication Monitor Thread.
2019-08-20 14:48:25,722 INFO  container.ReplicationManager (ReplicationManager.java:run(207)) - Replication Monitor Thread took 0 milliseconds for processing 1 containers.
2019-08-20 14:48:26,177 INFO  client.GrpcClientProtocolClient (GrpcClientProtocolClient.java:onNext(255)) - client-C2133280F9BC->158039ed-c458-4a4b-b1db-d7cd6728139c: receive RaftClientReply:client-C2133280F9BC->158039ed-c458-4a4b-b1db-d7cd6728139c@group-72EEEA7E18B3, cid=183, FAILED org.apache.ratis.protocol.NotLeaderException: Server 158039ed-c458-4a4b-b1db-d7cd6728139c is not the leader (null). Request must be sent to leader., logIndex=0, commits[158039ed-c458-4a4b-b1db-d7cd6728139c:c-1]
2019-08-20 14:48:27,182 INFO  client.GrpcClientProtocolClient (GrpcClientProtocolClient.java:onNext(255)) - client-C2133280F9BC->8f5e4cb6-1775-4ada-928f-cf56c5642961: receive RaftClientReply:client-C2133280F9BC->8f5e4cb6-1775-4ada-928f-cf56c5642961@group-72EEEA7E18B3, cid=183, FAILED org.apache.ratis.protocol.NotLeaderException: Server 8f5e4cb6-1775-4ada-928f-cf56c5642961 is not the leader (null). Request must be sent to leader., logIndex=0, commits[8f5e4cb6-1775-4ada-928f-cf56c5642961:c-1]
2019-08-20 14:48:27,881 INFO  impl.FollowerState (FollowerState.java:run(106)) - 8f5e4cb6-1775-4ada-928f-cf56c5642961:group-D10C5391DAAA changes to CANDIDATE, lastRpcTime:5102, electionTimeout:5102ms
2019-08-20 14:48:27,882 INFO  impl.RoleInfo (RoleInfo.java:shutdownFollowerState(121)) - 8f5e4cb6-1775-4ada-928f-cf56c5642961: shutdown FollowerState
2019-08-20 14:48:27,882 INFO  impl.RaftServerImpl (RaftServerImpl.java:setRole(171)) - 8f5e4cb6-1775-4ada-928f-cf56c5642961:group-D10C5391DAAA changes role from FOLLOWER to CANDIDATE at term 0 for changeToCandidate
2019-08-20 14:48:27,882 INFO  impl.RoleInfo (RoleInfo.java:updateAndGet(143)) - 8f5e4cb6-1775-4ada-928f-cf56c5642961: start LeaderElection
2019-08-20 14:48:27,904 INFO  impl.LeaderElection (LeaderElection.java:askForVotes(181)) - 8f5e4cb6-1775-4ada-928f-cf56c5642961:group-D10C5391DAAA:LeaderElection93: begin an election at term 1 for -1: [8f5e4cb6-1775-4ada-928f-cf56c5642961:192.168.5.159:43076], old=null
2019-08-20 14:48:27,904 INFO  impl.RoleInfo (RoleInfo.java:shutdownLeaderElection(134)) - 8f5e4cb6-1775-4ada-928f-cf56c5642961: shutdown LeaderElection
2019-08-20 14:48:27,904 INFO  impl.RaftServerImpl (RaftServerImpl.java:setRole(171)) - 8f5e4cb6-1775-4ada-928f-cf56c5642961:group-D10C5391DAAA changes role from CANDIDATE to LEADER at term 1 for changeToLeader
2019-08-20 14:48:27,904 INFO  impl.RaftServerImpl (ServerState.java:setLeader(263)) - 8f5e4cb6-1775-4ada-928f-cf56c5642961:group-D10C5391DAAA change Leader from null to 8f5e4cb6-1775-4ada-928f-cf56c5642961 at term 1 for becomeLeader, leader elected after 5131ms
2019-08-20 14:48:27,904 INFO  server.RaftServerConfigKeys (ConfUtils.java:logGet(43)) - raft.server.staging.catchup.gap = 1000 (default)
2019-08-20 14:48:27,904 INFO  server.RaftServerConfigKeys (ConfUtils.java:logGet(43)) - raft.server.rpc.sleep.time = 25ms (default)
2019-08-20 14:48:27,905 INFO  server.RaftServerConfigKeys (ConfUtils.java:logGet(43)) - raft.server.write.element-limit = 4096 (default)
2019-08-20 14:48:27,905 INFO  server.RaftServerConfigKeys (ConfUtils.java:logGet(43)) - raft.server.watch.timeout = 10s (default)
2019-08-20 14:48:27,905 INFO  server.RaftServerConfigKeys (ConfUtils.java:logGet(43)) - raft.server.watch.timeout.denomination = 1s (default)
2019-08-20 14:48:27,905 INFO  server.RaftServerConfigKeys (ConfUtils.java:logGet(43)) - raft.server.watch.element-limit = 65536 (default)
2019-08-20 14:48:27,906 INFO  impl.RoleInfo (RoleInfo.java:updateAndGet(143)) - 8f5e4cb6-1775-4ada-928f-cf56c5642961: start LeaderState
2019-08-20 14:48:27,906 INFO  segmented.SegmentedRaftLogWorker (SegmentedRaftLogWorker.java:startLogSegment(380)) - 8f5e4cb6-1775-4ada-928f-cf56c5642961-SegmentedRaftLogWorker:Storage Directory /workdir/hadoop-ozone/integration-test/target/test-dir/MiniOzoneClusterImpl-28bf5278-a22d-4d68-a509-63d691dcc8f5/datanode-0/data/ratis/40d99f36-eaa8-4f85-ac85-d10c5391daaa: Starting segment from index:0
2019-08-20 14:48:27,907 INFO  impl.RaftServerImpl (ServerState.java:setRaftConf(361)) - 8f5e4cb6-1775-4ada-928f-cf56c5642961:group-D10C5391DAAA set configuration 0: [8f5e4cb6-1775-4ada-928f-cf56c5642961:192.168.5.159:43076], old=null at 0
2019-08-20 14:48:27,961 INFO  segmented.SegmentedRaftLogWorker (SegmentedRaftLogWorker.java:execute(569)) - 8f5e4cb6-1775-4ada-928f-cf56c5642961-SegmentedRaftLogWorker:Storage Directory /workdir/hadoop-ozone/integration-test/target/test-dir/MiniOzoneClusterImpl-28bf5278-a22d-4d68-a509-63d691dcc8f5/datanode-0/data/ratis/40d99f36-eaa8-4f85-ac85-d10c5391daaa: created new log segment /workdir/hadoop-ozone/integration-test/target/test-dir/MiniOzoneClusterImpl-28bf5278-a22d-4d68-a509-63d691dcc8f5/datanode-0/data/ratis/40d99f36-eaa8-4f85-ac85-d10c5391daaa/current/log_inprogress_0
2019-08-20 14:48:28,197 INFO  client.GrpcClientProtocolClient (GrpcClientProtocolClient.java:onNext(255)) - client-C2133280F9BC->96588e65-3762-4805-8efb-634df7011723: receive RaftClientReply:client-C2133280F9BC->96588e65-3762-4805-8efb-634df7011723@group-72EEEA7E18B3, cid=183, FAILED org.apache.ratis.protocol.NotLeaderException: Server 96588e65-3762-4805-8efb-634df7011723 is not the leader (null). Request must be sent to leader., logIndex=0, commits[96588e65-3762-4805-8efb-634df7011723:c-1]
2019-08-20 14:48:28,226 INFO  impl.FollowerState (FollowerState.java:run(106)) - 158039ed-c458-4a4b-b1db-d7cd6728139c:group-B07983ECDD37 changes to CANDIDATE, lastRpcTime:5072, electionTimeout:5072ms
2019-08-20 14:48:28,226 INFO  impl.RoleInfo (RoleInfo.java:shutdownFollowerState(121)) - 158039ed-c458-4a4b-b1db-d7cd6728139c: shutdown FollowerState
2019-08-20 14:48:28,226 INFO  impl.RaftServerImpl (RaftServerImpl.java:setRole(171)) - 158039ed-c458-4a4b-b1db-d7cd6728139c:group-B07983ECDD37 changes role from FOLLOWER to CANDIDATE at term 0 for changeToCandidate
2019-08-20 14:48:28,226 INFO  impl.RoleInfo (RoleInfo.java:updateAndGet(143)) - 158039ed-c458-4a4b-b1db-d7cd6728139c: start LeaderElection
2019-08-20 14:48:28,243 INFO  impl.LeaderElection (LeaderElection.java:askForVotes(181)) - 158039ed-c458-4a4b-b1db-d7cd6728139c:group-B07983ECDD37:LeaderElection94: begin an election at term 1 for -1: [158039ed-c458-4a4b-b1db-d7cd6728139c:192.168.5.159:39013], old=null
2019-08-20 14:48:28,243 INFO  impl.RoleInfo (RoleInfo.java:shutdownLeaderElection(134)) - 158039ed-c458-4a4b-b1db-d7cd6728139c: shutdown LeaderElection
2019-08-20 14:48:28,243 INFO  impl.RaftServerImpl (RaftServerImpl.java:setRole(171)) - 158039ed-c458-4a4b-b1db-d7cd6728139c:group-B07983ECDD37 changes role from CANDIDATE to LEADER at term 1 for changeToLeader
2019-08-20 14:48:28,244 INFO  impl.RaftServerImpl (ServerState.java:setLeader(263)) - 158039ed-c458-4a4b-b1db-d7cd6728139c:group-B07983ECDD37 change Leader from null to 158039ed-c458-4a4b-b1db-d7cd6728139c at term 1 for becomeLeader, leader elected after 5092ms
2019-08-20 14:48:28,244 INFO  server.RaftServerConfigKeys (ConfUtils.java:logGet(43)) - raft.server.staging.catchup.gap = 1000 (default)
2019-08-20 14:48:28,244 INFO  server.RaftServerConfigKeys (ConfUtils.java:logGet(43)) - raft.server.rpc.sleep.time = 25ms (default)
2019-08-20 14:48:28,244 INFO  server.RaftServerConfigKeys (ConfUtils.java:logGet(43)) - raft.server.write.element-limit = 4096 (default)
2019-08-20 14:48:28,244 INFO  server.RaftServerConfigKeys (ConfUtils.java:logGet(43)) - raft.server.watch.timeout = 10s (default)
2019-08-20 14:48:28,244 INFO  server.RaftServerConfigKeys (ConfUtils.java:logGet(43)) - raft.server.watch.timeout.denomination = 1s (default)
2019-08-20 14:48:28,244 INFO  server.RaftServerConfigKeys (ConfUtils.java:logGet(43)) - raft.server.watch.element-limit = 65536 (default)
2019-08-20 14:48:28,244 INFO  impl.RoleInfo (RoleInfo.java:updateAndGet(143)) - 158039ed-c458-4a4b-b1db-d7cd6728139c: start LeaderState
2019-08-20 14:48:28,245 INFO  segmented.SegmentedRaftLogWorker (SegmentedRaftLogWorker.java:startLogSegment(380)) - 158039ed-c458-4a4b-b1db-d7cd6728139c-SegmentedRaftLogWorker:Storage Directory /workdir/hadoop-ozone/integration-test/target/test-dir/MiniOzoneClusterImpl-28bf5278-a22d-4d68-a509-63d691dcc8f5/datanode-1/data/ratis/001a4421-230b-40fd-bf1c-b07983ecdd37: Starting segment from index:0
2019-08-20 14:48:28,245 INFO  impl.RaftServerImpl (ServerState.java:setRaftConf(361)) - 158039ed-c458-4a4b-b1db-d7cd6728139c:group-B07983ECDD37 set configuration 0: [158039ed-c458-4a4b-b1db-d7cd6728139c:192.168.5.159:39013], old=null at 0
2019-08-20 14:48:28,284 INFO  segmented.SegmentedRaftLogWorker (SegmentedRaftLogWorker.java:execute(569)) - 158039ed-c458-4a4b-b1db-d7cd6728139c-SegmentedRaftLogWorker:Storage Directory /workdir/hadoop-ozone/integration-test/target/test-dir/MiniOzoneClusterImpl-28bf5278-a22d-4d68-a509-63d691dcc8f5/datanode-1/data/ratis/001a4421-230b-40fd-bf1c-b07983ecdd37: created new log segment /workdir/hadoop-ozone/integration-test/target/test-dir/MiniOzoneClusterImpl-28bf5278-a22d-4d68-a509-63d691dcc8f5/datanode-1/data/ratis/001a4421-230b-40fd-bf1c-b07983ecdd37/current/log_inprogress_0
2019-08-20 14:48:28,404 INFO  impl.FollowerState (FollowerState.java:run(106)) - 96588e65-3762-4805-8efb-634df7011723:group-B03CCE77E5F0 changes to CANDIDATE, lastRpcTime:5056, electionTimeout:5056ms
2019-08-20 14:48:28,404 INFO  impl.RoleInfo (RoleInfo.java:shutdownFollowerState(121)) - 96588e65-3762-4805-8efb-634df7011723: shutdown FollowerState
2019-08-20 14:48:28,404 INFO  impl.RaftServerImpl (RaftServerImpl.java:setRole(171)) - 96588e65-3762-4805-8efb-634df7011723:group-B03CCE77E5F0 changes role from FOLLOWER to CANDIDATE at term 0 for changeToCandidate
2019-08-20 14:48:28,404 INFO  impl.RoleInfo (RoleInfo.java:updateAndGet(143)) - 96588e65-3762-4805-8efb-634df7011723: start LeaderElection
2019-08-20 14:48:28,420 INFO  impl.FollowerState (FollowerState.java:run(106)) - 96588e65-3762-4805-8efb-634df7011723:group-72EEEA7E18B3 changes to CANDIDATE, lastRpcTime:5025, electionTimeout:5025ms
2019-08-20 14:48:28,420 INFO  impl.RoleInfo (RoleInfo.java:shutdownFollowerState(121)) - 96588e65-3762-4805-8efb-634df7011723: shutdown FollowerState
2019-08-20 14:48:28,420 INFO  impl.RaftServerImpl (RaftServerImpl.java:setRole(171)) - 96588e65-3762-4805-8efb-634df7011723:group-72EEEA7E18B3 changes role from FOLLOWER to CANDIDATE at term 0 for changeToCandidate
2019-08-20 14:48:28,420 INFO  impl.RoleInfo (RoleInfo.java:updateAndGet(143)) - 96588e65-3762-4805-8efb-634df7011723: start LeaderElection
2019-08-20 14:48:28,422 INFO  impl.LeaderElection (LeaderElection.java:askForVotes(181)) - 96588e65-3762-4805-8efb-634df7011723:group-B03CCE77E5F0:LeaderElection95: begin an election at term 1 for -1: [96588e65-3762-4805-8efb-634df7011723:192.168.5.159:38811], old=null
2019-08-20 14:48:28,425 INFO  impl.RoleInfo (RoleInfo.java:shutdownLeaderElection(134)) - 96588e65-3762-4805-8efb-634df7011723: shutdown LeaderElection
2019-08-20 14:48:28,425 INFO  impl.RaftServerImpl (RaftServerImpl.java:setRole(171)) - 96588e65-3762-4805-8efb-634df7011723:group-B03CCE77E5F0 changes role from CANDIDATE to LEADER at term 1 for changeToLeader
2019-08-20 14:48:28,425 INFO  impl.RaftServerImpl (ServerState.java:setLeader(263)) - 96588e65-3762-4805-8efb-634df7011723:group-B03CCE77E5F0 change Leader from null to 96588e65-3762-4805-8efb-634df7011723 at term 1 for becomeLeader, leader elected after 5082ms
2019-08-20 14:48:28,425 INFO  server.RaftServerConfigKeys (ConfUtils.java:logGet(43)) - raft.server.staging.catchup.gap = 1000 (default)
2019-08-20 14:48:28,425 INFO  server.RaftServerConfigKeys (ConfUtils.java:logGet(43)) - raft.server.rpc.sleep.time = 25ms (default)
2019-08-20 14:48:28,426 INFO  server.RaftServerConfigKeys (ConfUtils.java:logGet(43)) - raft.server.write.element-limit = 4096 (default)
2019-08-20 14:48:28,426 INFO  server.RaftServerConfigKeys (ConfUtils.java:logGet(43)) - raft.server.watch.timeout = 10s (default)
2019-08-20 14:48:28,426 INFO  server.RaftServerConfigKeys (ConfUtils.java:logGet(43)) - raft.server.watch.timeout.denomination = 1s (default)
2019-08-20 14:48:28,426 INFO  server.RaftServerConfigKeys (ConfUtils.java:logGet(43)) - raft.server.watch.element-limit = 65536 (default)
2019-08-20 14:48:28,426 INFO  impl.RoleInfo (RoleInfo.java:updateAndGet(143)) - 96588e65-3762-4805-8efb-634df7011723: start LeaderState
2019-08-20 14:48:28,426 INFO  segmented.SegmentedRaftLogWorker (SegmentedRaftLogWorker.java:startLogSegment(380)) - 96588e65-3762-4805-8efb-634df7011723-SegmentedRaftLogWorker:Storage Directory /workdir/hadoop-ozone/integration-test/target/test-dir/MiniOzoneClusterImpl-28bf5278-a22d-4d68-a509-63d691dcc8f5/datanode-2/data/ratis/3fc351e4-65b1-416c-ba88-b03cce77e5f0: Starting segment from index:0
2019-08-20 14:48:28,427 INFO  impl.RaftServerImpl (ServerState.java:setRaftConf(361)) - 96588e65-3762-4805-8efb-634df7011723:group-B03CCE77E5F0 set configuration 0: [96588e65-3762-4805-8efb-634df7011723:192.168.5.159:38811], old=null at 0
2019-08-20 14:48:28,437 INFO  impl.FollowerState (FollowerState.java:run(106)) - 8f5e4cb6-1775-4ada-928f-cf56c5642961:group-72EEEA7E18B3 changes to CANDIDATE, lastRpcTime:5027, electionTimeout:5027ms
2019-08-20 14:48:28,437 INFO  impl.RoleInfo (RoleInfo.java:shutdownFollowerState(121)) - 8f5e4cb6-1775-4ada-928f-cf56c5642961: shutdown FollowerState
2019-08-20 14:48:28,438 INFO  impl.RaftServerImpl (RaftServerImpl.java:setRole(171)) - 8f5e4cb6-1775-4ada-928f-cf56c5642961:group-72EEEA7E18B3 changes role from FOLLOWER to CANDIDATE at term 0 for changeToCandidate
2019-08-20 14:48:28,438 INFO  impl.RoleInfo (RoleInfo.java:updateAndGet(143)) - 8f5e4cb6-1775-4ada-928f-cf56c5642961: start LeaderElection
2019-08-20 14:48:28,462 INFO  impl.LeaderElection (LeaderElection.java:askForVotes(181)) - 96588e65-3762-4805-8efb-634df7011723:group-72EEEA7E18B3:LeaderElection96: begin an election at term 1 for -1: [158039ed-c458-4a4b-b1db-d7cd6728139c:192.168.5.159:39013, 8f5e4cb6-1775-4ada-928f-cf56c5642961:192.168.5.159:43076, 96588e65-3762-4805-8efb-634df7011723:192.168.5.159:38811], old=null
2019-08-20 14:48:28,466 INFO  impl.RaftServerImpl (RaftServerImpl.java:setRole(171)) - 158039ed-c458-4a4b-b1db-d7cd6728139c:group-72EEEA7E18B3 changes role from FOLLOWER to FOLLOWER at term 1 for recognizeCandidate:96588e65-3762-4805-8efb-634df7011723
2019-08-20 14:48:28,466 INFO  impl.RoleInfo (RoleInfo.java:shutdownFollowerState(121)) - 158039ed-c458-4a4b-b1db-d7cd6728139c: shutdown FollowerState
2019-08-20 14:48:28,466 INFO  impl.RoleInfo (RoleInfo.java:updateAndGet(143)) - 158039ed-c458-4a4b-b1db-d7cd6728139c: start FollowerState
2019-08-20 14:48:28,466 INFO  impl.FollowerState (FollowerState.java:run(114)) - 158039ed-c458-4a4b-b1db-d7cd6728139c: FollowerState was interrupted: java.lang.InterruptedException: sleep interrupted
2019-08-20 14:48:28,483 INFO  segmented.SegmentedRaftLogWorker (SegmentedRaftLogWorker.java:execute(569)) - 96588e65-3762-4805-8efb-634df7011723-SegmentedRaftLogWorker:Storage Directory /workdir/hadoop-ozone/integration-test/target/test-dir/MiniOzoneClusterImpl-28bf5278-a22d-4d68-a509-63d691dcc8f5/datanode-2/data/ratis/3fc351e4-65b1-416c-ba88-b03cce77e5f0: created new log segment /workdir/hadoop-ozone/integration-test/target/test-dir/MiniOzoneClusterImpl-28bf5278-a22d-4d68-a509-63d691dcc8f5/datanode-2/data/ratis/3fc351e4-65b1-416c-ba88-b03cce77e5f0/current/log_inprogress_0
2019-08-20 14:48:28,483 INFO  impl.LeaderElection (LeaderElection.java:askForVotes(181)) - 8f5e4cb6-1775-4ada-928f-cf56c5642961:group-72EEEA7E18B3:LeaderElection97: begin an election at term 1 for -1: [158039ed-c458-4a4b-b1db-d7cd6728139c:192.168.5.159:39013, 8f5e4cb6-1775-4ada-928f-cf56c5642961:192.168.5.159:43076, 96588e65-3762-4805-8efb-634df7011723:192.168.5.159:38811], old=null
2019-08-20 14:48:28,484 INFO  impl.LeaderElection (LeaderElection.java:logAndReturn(56)) - 96588e65-3762-4805-8efb-634df7011723:group-72EEEA7E18B3:LeaderElection96: Election PASSED; received 1 response(s) [96588e65-3762-4805-8efb-634df7011723<-158039ed-c458-4a4b-b1db-d7cd6728139c#0:OK-t1] and 0 exception(s); 96588e65-3762-4805-8efb-634df7011723:t1, leader=null, voted=96588e65-3762-4805-8efb-634df7011723, raftlog=96588e65-3762-4805-8efb-634df7011723-SegmentedRaftLog:OPENED:c-1,f-1,i0, conf=-1: [158039ed-c458-4a4b-b1db-d7cd6728139c:192.168.5.159:39013, 8f5e4cb6-1775-4ada-928f-cf56c5642961:192.168.5.159:43076, 96588e65-3762-4805-8efb-634df7011723:192.168.5.159:38811], old=null
2019-08-20 14:48:28,484 INFO  impl.RoleInfo (RoleInfo.java:shutdownLeaderElection(134)) - 96588e65-3762-4805-8efb-634df7011723: shutdown LeaderElection
2019-08-20 14:48:28,484 INFO  impl.RaftServerImpl (RaftServerImpl.java:setRole(171)) - 96588e65-3762-4805-8efb-634df7011723:group-72EEEA7E18B3 changes role from CANDIDATE to LEADER at term 1 for changeToLeader
2019-08-20 14:48:28,485 INFO  impl.RaftServerImpl (ServerState.java:setLeader(263)) - 96588e65-3762-4805-8efb-634df7011723:group-72EEEA7E18B3 change Leader from null to 96588e65-3762-4805-8efb-634df7011723 at term 1 for becomeLeader, leader elected after 5095ms
2019-08-20 14:48:28,485 INFO  server.RaftServerConfigKeys (ConfUtils.java:logGet(43)) - raft.server.staging.catchup.gap = 1000 (default)
2019-08-20 14:48:28,487 INFO  server.RaftServerConfigKeys (ConfUtils.java:logGet(43)) - raft.server.rpc.sleep.time = 25ms (default)
2019-08-20 14:48:28,487 INFO  server.RaftServerConfigKeys (ConfUtils.java:logGet(43)) - raft.server.write.element-limit = 4096 (default)
2019-08-20 14:48:28,487 INFO  server.RaftServerConfigKeys (ConfUtils.java:logGet(43)) - raft.server.watch.timeout = 10s (default)
2019-08-20 14:48:28,488 INFO  server.RaftServerConfigKeys (ConfUtils.java:logGet(43)) - raft.server.watch.timeout.denomination = 1s (default)
2019-08-20 14:48:28,488 INFO  server.RaftServerConfigKeys (ConfUtils.java:logGet(43)) - raft.server.watch.element-limit = 65536 (default)
2019-08-20 14:48:28,488 INFO  server.RaftServerConfigKeys (ConfUtils.java:logGet(43)) - raft.server.log.appender.snapshot.chunk.size.max = 16MB (=16777216) (default)
2019-08-20 14:48:28,488 INFO  server.RaftServerConfigKeys (ConfUtils.java:logGet(43)) - raft.server.log.appender.buffer.byte-limit = 33554432 (custom)
2019-08-20 14:48:28,489 INFO  server.RaftServerConfigKeys (ConfUtils.java:logGet(43)) - raft.server.log.appender.buffer.element-limit = 1 (custom)
2019-08-20 14:48:28,497 INFO  grpc.GrpcConfigKeys$Server (ConfUtils.java:logGet(43)) - raft.grpc.server.leader.outstanding.appends.max = 128 (default)
2019-08-20 14:48:28,497 INFO  server.RaftServerConfigKeys (ConfUtils.java:logGet(43)) - raft.server.rpc.request.timeout = 3000ms (default)
2019-08-20 14:48:28,497 INFO  server.RaftServerConfigKeys (ConfUtils.java:logGet(43)) - raft.server.log.appender.install.snapshot.enabled = false (custom)
2019-08-20 14:48:28,497 INFO  server.RaftServerConfigKeys (ConfUtils.java:logGet(43)) - raft.server.log.appender.snapshot.chunk.size.max = 16MB (=16777216) (default)
2019-08-20 14:48:28,497 INFO  server.RaftServerConfigKeys (ConfUtils.java:logGet(43)) - raft.server.log.appender.buffer.byte-limit = 33554432 (custom)
2019-08-20 14:48:28,497 INFO  server.RaftServerConfigKeys (ConfUtils.java:logGet(43)) - raft.server.log.appender.buffer.element-limit = 1 (custom)
2019-08-20 14:48:28,497 INFO  grpc.GrpcConfigKeys$Server (ConfUtils.java:logGet(43)) - raft.grpc.server.leader.outstanding.appends.max = 128 (default)
2019-08-20 14:48:28,498 INFO  server.RaftServerConfigKeys (ConfUtils.java:logGet(43)) - raft.server.rpc.request.timeout = 3000ms (default)
2019-08-20 14:48:28,498 INFO  server.RaftServerConfigKeys (ConfUtils.java:logGet(43)) - raft.server.log.appender.install.snapshot.enabled = false (custom)
2019-08-20 14:48:28,498 INFO  impl.RoleInfo (RoleInfo.java:updateAndGet(143)) - 96588e65-3762-4805-8efb-634df7011723: start LeaderState
2019-08-20 14:48:28,498 INFO  segmented.SegmentedRaftLogWorker (SegmentedRaftLogWorker.java:startLogSegment(380)) - 96588e65-3762-4805-8efb-634df7011723-SegmentedRaftLogWorker:Storage Directory /workdir/hadoop-ozone/integration-test/target/test-dir/MiniOzoneClusterImpl-28bf5278-a22d-4d68-a509-63d691dcc8f5/datanode-2/data/ratis/f362e355-f6ef-41d4-bd03-72eeea7e18b3: Starting segment from index:0
2019-08-20 14:48:28,499 INFO  impl.RaftServerImpl (ServerState.java:setRaftConf(361)) - 96588e65-3762-4805-8efb-634df7011723:group-72EEEA7E18B3 set configuration 0: [158039ed-c458-4a4b-b1db-d7cd6728139c:192.168.5.159:39013, 8f5e4cb6-1775-4ada-928f-cf56c5642961:192.168.5.159:43076, 96588e65-3762-4805-8efb-634df7011723:192.168.5.159:38811], old=null at 0
2019-08-20 14:48:28,528 INFO  impl.RaftServerImpl (RaftServerImpl.java:requestVote(754)) - 96588e65-3762-4805-8efb-634df7011723-LEADER: Withhold vote from candidate 8f5e4cb6-1775-4ada-928f-cf56c5642961 with term 1. State: leader=96588e65-3762-4805-8efb-634df7011723, term=1, lastRpcElapsed=null
2019-08-20 14:48:28,529 INFO  impl.RaftServerImpl (RaftServerImpl.java:setRole(171)) - 8f5e4cb6-1775-4ada-928f-cf56c5642961:group-72EEEA7E18B3 changes role from CANDIDATE to FOLLOWER at term 1 for appendEntries
2019-08-20 14:48:28,531 INFO  impl.RaftServerImpl (ServerState.java:setLeader(263)) - 158039ed-c458-4a4b-b1db-d7cd6728139c:group-72EEEA7E18B3 change Leader from null to 96588e65-3762-4805-8efb-634df7011723 at term 1 for appendEntries, leader elected after 5141ms
2019-08-20 14:48:28,531 INFO  impl.LeaderElection (LeaderElection.java:logAndReturn(56)) - 8f5e4cb6-1775-4ada-928f-cf56c5642961:group-72EEEA7E18B3:LeaderElection97: Election REJECTED; received 2 response(s) [8f5e4cb6-1775-4ada-928f-cf56c5642961<-158039ed-c458-4a4b-b1db-d7cd6728139c#0:FAIL-t1, 8f5e4cb6-1775-4ada-928f-cf56c5642961<-96588e65-3762-4805-8efb-634df7011723#0:FAIL-t1] and 0 exception(s); 8f5e4cb6-1775-4ada-928f-cf56c5642961:t1, leader=null, voted=8f5e4cb6-1775-4ada-928f-cf56c5642961, raftlog=8f5e4cb6-1775-4ada-928f-cf56c5642961-SegmentedRaftLog:OPENED:c-1,f-1,i0, conf=-1: [158039ed-c458-4a4b-b1db-d7cd6728139c:192.168.5.159:39013, 8f5e4cb6-1775-4ada-928f-cf56c5642961:192.168.5.159:43076, 96588e65-3762-4805-8efb-634df7011723:192.168.5.159:38811], old=null
2019-08-20 14:48:28,531 INFO  impl.RoleInfo (RoleInfo.java:shutdownLeaderElection(134)) - 8f5e4cb6-1775-4ada-928f-cf56c5642961: shutdown LeaderElection
2019-08-20 14:48:28,532 INFO  impl.RoleInfo (RoleInfo.java:updateAndGet(143)) - 8f5e4cb6-1775-4ada-928f-cf56c5642961: start FollowerState
2019-08-20 14:48:28,532 INFO  impl.RaftServerImpl (ServerState.java:setLeader(263)) - 8f5e4cb6-1775-4ada-928f-cf56c5642961:group-72EEEA7E18B3 change Leader from null to 96588e65-3762-4805-8efb-634df7011723 at term 1 for appendEntries, leader elected after 5142ms
2019-08-20 14:48:28,533 INFO  segmented.SegmentedRaftLogWorker (SegmentedRaftLogWorker.java:execute(569)) - 96588e65-3762-4805-8efb-634df7011723-SegmentedRaftLogWorker:Storage Directory /workdir/hadoop-ozone/integration-test/target/test-dir/MiniOzoneClusterImpl-28bf5278-a22d-4d68-a509-63d691dcc8f5/datanode-2/data/ratis/f362e355-f6ef-41d4-bd03-72eeea7e18b3: created new log segment /workdir/hadoop-ozone/integration-test/target/test-dir/MiniOzoneClusterImpl-28bf5278-a22d-4d68-a509-63d691dcc8f5/datanode-2/data/ratis/f362e355-f6ef-41d4-bd03-72eeea7e18b3/current/log_inprogress_0
2019-08-20 14:48:28,534 INFO  impl.RaftServerImpl (ServerState.java:setRaftConf(361)) - 158039ed-c458-4a4b-b1db-d7cd6728139c:group-72EEEA7E18B3 set configuration 0: [158039ed-c458-4a4b-b1db-d7cd6728139c:192.168.5.159:39013, 8f5e4cb6-1775-4ada-928f-cf56c5642961:192.168.5.159:43076, 96588e65-3762-4805-8efb-634df7011723:192.168.5.159:38811], old=null at 0
2019-08-20 14:48:28,534 INFO  impl.RaftServerImpl (ServerState.java:setRaftConf(361)) - 8f5e4cb6-1775-4ada-928f-cf56c5642961:group-72EEEA7E18B3 set configuration 0: [158039ed-c458-4a4b-b1db-d7cd6728139c:192.168.5.159:39013, 8f5e4cb6-1775-4ada-928f-cf56c5642961:192.168.5.159:43076, 96588e65-3762-4805-8efb-634df7011723:192.168.5.159:38811], old=null at 0
2019-08-20 14:48:28,534 INFO  segmented.SegmentedRaftLogWorker (SegmentedRaftLogWorker.java:startLogSegment(380)) - 158039ed-c458-4a4b-b1db-d7cd6728139c-SegmentedRaftLogWorker:Storage Directory /workdir/hadoop-ozone/integration-test/target/test-dir/MiniOzoneClusterImpl-28bf5278-a22d-4d68-a509-63d691dcc8f5/datanode-1/data/ratis/f362e355-f6ef-41d4-bd03-72eeea7e18b3: Starting segment from index:0
2019-08-20 14:48:28,534 INFO  segmented.SegmentedRaftLogWorker (SegmentedRaftLogWorker.java:startLogSegment(380)) - 8f5e4cb6-1775-4ada-928f-cf56c5642961-SegmentedRaftLogWorker:Storage Directory /workdir/hadoop-ozone/integration-test/target/test-dir/MiniOzoneClusterImpl-28bf5278-a22d-4d68-a509-63d691dcc8f5/datanode-0/data/ratis/f362e355-f6ef-41d4-bd03-72eeea7e18b3: Starting segment from index:0
2019-08-20 14:48:28,578 INFO  segmented.SegmentedRaftLogWorker (SegmentedRaftLogWorker.java:execute(569)) - 8f5e4cb6-1775-4ada-928f-cf56c5642961-SegmentedRaftLogWorker:Storage Directory /workdir/hadoop-ozone/integration-test/target/test-dir/MiniOzoneClusterImpl-28bf5278-a22d-4d68-a509-63d691dcc8f5/datanode-0/data/ratis/f362e355-f6ef-41d4-bd03-72eeea7e18b3: created new log segment /workdir/hadoop-ozone/integration-test/target/test-dir/MiniOzoneClusterImpl-28bf5278-a22d-4d68-a509-63d691dcc8f5/datanode-0/data/ratis/f362e355-f6ef-41d4-bd03-72eeea7e18b3/current/log_inprogress_0
2019-08-20 14:48:28,578 INFO  segmented.SegmentedRaftLogWorker (SegmentedRaftLogWorker.java:execute(569)) - 158039ed-c458-4a4b-b1db-d7cd6728139c-SegmentedRaftLogWorker:Storage Directory /workdir/hadoop-ozone/integration-test/target/test-dir/MiniOzoneClusterImpl-28bf5278-a22d-4d68-a509-63d691dcc8f5/datanode-1/data/ratis/f362e355-f6ef-41d4-bd03-72eeea7e18b3: created new log segment /workdir/hadoop-ozone/integration-test/target/test-dir/MiniOzoneClusterImpl-28bf5278-a22d-4d68-a509-63d691dcc8f5/datanode-1/data/ratis/f362e355-f6ef-41d4-bd03-72eeea7e18b3/current/log_inprogress_0
2019-08-20 14:48:28,633 INFO  impl.FollowerState (FollowerState.java:run(106)) - 870a185a-ea3b-485e-988a-44cebca76e3a:group-22FAA260F666 changes to CANDIDATE, lastRpcTime:5113, electionTimeout:5113ms
2019-08-20 14:48:28,633 INFO  impl.RoleInfo (RoleInfo.java:shutdownFollowerState(121)) - 870a185a-ea3b-485e-988a-44cebca76e3a: shutdown FollowerState
2019-08-20 14:48:28,633 INFO  impl.RaftServerImpl (RaftServerImpl.java:setRole(171)) - 870a185a-ea3b-485e-988a-44cebca76e3a:group-22FAA260F666 changes role from FOLLOWER to CANDIDATE at term 0 for changeToCandidate
2019-08-20 14:48:28,633 INFO  impl.RoleInfo (RoleInfo.java:updateAndGet(143)) - 870a185a-ea3b-485e-988a-44cebca76e3a: start LeaderElection
2019-08-20 14:48:28,650 INFO  impl.LeaderElection (LeaderElection.java:askForVotes(181)) - 870a185a-ea3b-485e-988a-44cebca76e3a:group-22FAA260F666:LeaderElection98: begin an election at term 1 for -1: [870a185a-ea3b-485e-988a-44cebca76e3a:192.168.5.159:45748], old=null
2019-08-20 14:48:28,650 INFO  impl.RoleInfo (RoleInfo.java:shutdownLeaderElection(134)) - 870a185a-ea3b-485e-988a-44cebca76e3a: shutdown LeaderElection
2019-08-20 14:48:28,650 INFO  impl.RaftServerImpl (RaftServerImpl.java:setRole(171)) - 870a185a-ea3b-485e-988a-44cebca76e3a:group-22FAA260F666 changes role from CANDIDATE to LEADER at term 1 for changeToLeader
2019-08-20 14:48:28,650 INFO  impl.RaftServerImpl (ServerState.java:setLeader(263)) - 870a185a-ea3b-485e-988a-44cebca76e3a:group-22FAA260F666 change Leader from null to 870a185a-ea3b-485e-988a-44cebca76e3a at term 1 for becomeLeader, leader elected after 5134ms
2019-08-20 14:48:28,650 INFO  server.RaftServerConfigKeys (ConfUtils.java:logGet(43)) - raft.server.staging.catchup.gap = 1000 (default)
2019-08-20 14:48:28,650 INFO  server.RaftServerConfigKeys (ConfUtils.java:logGet(43)) - raft.server.rpc.sleep.time = 25ms (default)
2019-08-20 14:48:28,651 INFO  server.RaftServerConfigKeys (ConfUtils.java:logGet(43)) - raft.server.write.element-limit = 4096 (default)
2019-08-20 14:48:28,651 INFO  server.RaftServerConfigKeys (ConfUtils.java:logGet(43)) - raft.server.watch.timeout = 10s (default)
2019-08-20 14:48:28,651 INFO  server.RaftServerConfigKeys (ConfUtils.java:logGet(43)) - raft.server.watch.timeout.denomination = 1s (default)
2019-08-20 14:48:28,651 INFO  server.RaftServerConfigKeys (ConfUtils.java:logGet(43)) - raft.server.watch.element-limit = 65536 (default)
2019-08-20 14:48:28,651 INFO  impl.RoleInfo (RoleInfo.java:updateAndGet(143)) - 870a185a-ea3b-485e-988a-44cebca76e3a: start LeaderState
2019-08-20 14:48:28,651 INFO  segmented.SegmentedRaftLogWorker (SegmentedRaftLogWorker.java:startLogSegment(380)) - 870a185a-ea3b-485e-988a-44cebca76e3a-SegmentedRaftLogWorker:Storage Directory /workdir/hadoop-ozone/integration-test/target/test-dir/MiniOzoneClusterImpl-28bf5278-a22d-4d68-a509-63d691dcc8f5/datanode-3/data/ratis/56783016-10f0-422f-aee8-22faa260f666: Starting segment from index:0
2019-08-20 14:48:28,652 INFO  impl.RaftServerImpl (ServerState.java:setRaftConf(361)) - 870a185a-ea3b-485e-988a-44cebca76e3a:group-22FAA260F666 set configuration 0: [870a185a-ea3b-485e-988a-44cebca76e3a:192.168.5.159:45748], old=null at 0
2019-08-20 14:48:28,690 INFO  segmented.SegmentedRaftLogWorker (SegmentedRaftLogWorker.java:execute(569)) - 870a185a-ea3b-485e-988a-44cebca76e3a-SegmentedRaftLogWorker:Storage Directory /workdir/hadoop-ozone/integration-test/target/test-dir/MiniOzoneClusterImpl-28bf5278-a22d-4d68-a509-63d691dcc8f5/datanode-3/data/ratis/56783016-10f0-422f-aee8-22faa260f666: created new log segment /workdir/hadoop-ozone/integration-test/target/test-dir/MiniOzoneClusterImpl-28bf5278-a22d-4d68-a509-63d691dcc8f5/datanode-3/data/ratis/56783016-10f0-422f-aee8-22faa260f666/current/log_inprogress_0
2019-08-20 14:48:28,916 INFO  impl.FollowerState (FollowerState.java:run(106)) - e4059d2f-c87d-4cd5-828c-2357f27d8eee:group-8C7FF7A1F841 changes to CANDIDATE, lastRpcTime:5200, electionTimeout:5200ms
2019-08-20 14:48:28,917 INFO  impl.RoleInfo (RoleInfo.java:shutdownFollowerState(121)) - e4059d2f-c87d-4cd5-828c-2357f27d8eee: shutdown FollowerState
2019-08-20 14:48:28,917 INFO  impl.RaftServerImpl (RaftServerImpl.java:setRole(171)) - e4059d2f-c87d-4cd5-828c-2357f27d8eee:group-8C7FF7A1F841 changes role from FOLLOWER to CANDIDATE at term 0 for changeToCandidate
2019-08-20 14:48:28,917 INFO  impl.RoleInfo (RoleInfo.java:updateAndGet(143)) - e4059d2f-c87d-4cd5-828c-2357f27d8eee: start LeaderElection
2019-08-20 14:48:28,934 INFO  impl.LeaderElection (LeaderElection.java:askForVotes(181)) - e4059d2f-c87d-4cd5-828c-2357f27d8eee:group-8C7FF7A1F841:LeaderElection99: begin an election at term 1 for -1: [e4059d2f-c87d-4cd5-828c-2357f27d8eee:192.168.5.159:44589], old=null
2019-08-20 14:48:28,934 INFO  impl.RoleInfo (RoleInfo.java:shutdownLeaderElection(134)) - e4059d2f-c87d-4cd5-828c-2357f27d8eee: shutdown LeaderElection
2019-08-20 14:48:28,935 INFO  impl.RaftServerImpl (RaftServerImpl.java:setRole(171)) - e4059d2f-c87d-4cd5-828c-2357f27d8eee:group-8C7FF7A1F841 changes role from CANDIDATE to LEADER at term 1 for changeToLeader
2019-08-20 14:48:28,935 INFO  impl.RaftServerImpl (ServerState.java:setLeader(263)) - e4059d2f-c87d-4cd5-828c-2357f27d8eee:group-8C7FF7A1F841 change Leader from null to e4059d2f-c87d-4cd5-828c-2357f27d8eee at term 1 for becomeLeader, leader elected after 5221ms
2019-08-20 14:48:28,935 INFO  server.RaftServerConfigKeys (ConfUtils.java:logGet(43)) - raft.server.staging.catchup.gap = 1000 (default)
2019-08-20 14:48:28,935 INFO  server.RaftServerConfigKeys (ConfUtils.java:logGet(43)) - raft.server.rpc.sleep.time = 25ms (default)
2019-08-20 14:48:28,935 INFO  server.RaftServerConfigKeys (ConfUtils.java:logGet(43)) - raft.server.write.element-limit = 4096 (default)
2019-08-20 14:48:28,935 INFO  server.RaftServerConfigKeys (ConfUtils.java:logGet(43)) - raft.server.watch.timeout = 10s (default)
2019-08-20 14:48:28,935 INFO  server.RaftServerConfigKeys (ConfUtils.java:logGet(43)) - raft.server.watch.timeout.denomination = 1s (default)
2019-08-20 14:48:28,935 INFO  server.RaftServerConfigKeys (ConfUtils.java:logGet(43)) - raft.server.watch.element-limit = 65536 (default)
2019-08-20 14:48:28,936 INFO  impl.RoleInfo (RoleInfo.java:updateAndGet(143)) - e4059d2f-c87d-4cd5-828c-2357f27d8eee: start LeaderState
2019-08-20 14:48:28,936 INFO  segmented.SegmentedRaftLogWorker (SegmentedRaftLogWorker.java:startLogSegment(380)) - e4059d2f-c87d-4cd5-828c-2357f27d8eee-SegmentedRaftLogWorker:Storage Directory /workdir/hadoop-ozone/integration-test/target/test-dir/MiniOzoneClusterImpl-28bf5278-a22d-4d68-a509-63d691dcc8f5/datanode-4/data/ratis/beeb2c85-c377-4d18-85e4-8c7ff7a1f841: Starting segment from index:0
2019-08-20 14:48:28,936 INFO  impl.RaftServerImpl (ServerState.java:setRaftConf(361)) - e4059d2f-c87d-4cd5-828c-2357f27d8eee:group-8C7FF7A1F841 set configuration 0: [e4059d2f-c87d-4cd5-828c-2357f27d8eee:192.168.5.159:44589], old=null at 0
2019-08-20 14:48:28,973 INFO  segmented.SegmentedRaftLogWorker (SegmentedRaftLogWorker.java:execute(569)) - e4059d2f-c87d-4cd5-828c-2357f27d8eee-SegmentedRaftLogWorker:Storage Directory /workdir/hadoop-ozone/integration-test/target/test-dir/MiniOzoneClusterImpl-28bf5278-a22d-4d68-a509-63d691dcc8f5/datanode-4/data/ratis/beeb2c85-c377-4d18-85e4-8c7ff7a1f841: created new log segment /workdir/hadoop-ozone/integration-test/target/test-dir/MiniOzoneClusterImpl-28bf5278-a22d-4d68-a509-63d691dcc8f5/datanode-4/data/ratis/beeb2c85-c377-4d18-85e4-8c7ff7a1f841/current/log_inprogress_0
2019-08-20 14:48:29,032 INFO  impl.FollowerState (FollowerState.java:run(106)) - ba169736-c915-41bf-b878-2c7563e78ddf:group-0FF786F3E4A3 changes to CANDIDATE, lastRpcTime:5125, electionTimeout:5125ms
2019-08-20 14:48:29,032 INFO  impl.RoleInfo (RoleInfo.java:shutdownFollowerState(121)) - ba169736-c915-41bf-b878-2c7563e78ddf: shutdown FollowerState
2019-08-20 14:48:29,032 INFO  impl.RaftServerImpl (RaftServerImpl.java:setRole(171)) - ba169736-c915-41bf-b878-2c7563e78ddf:group-0FF786F3E4A3 changes role from FOLLOWER to CANDIDATE at term 0 for changeToCandidate
2019-08-20 14:48:29,032 INFO  impl.RoleInfo (RoleInfo.java:updateAndGet(143)) - ba169736-c915-41bf-b878-2c7563e78ddf: start LeaderElection
2019-08-20 14:48:29,044 INFO  impl.LeaderElection (LeaderElection.java:askForVotes(181)) - ba169736-c915-41bf-b878-2c7563e78ddf:group-0FF786F3E4A3:LeaderElection100: begin an election at term 1 for -1: [ba169736-c915-41bf-b878-2c7563e78ddf:192.168.5.159:43044], old=null
2019-08-20 14:48:29,044 INFO  impl.RoleInfo (RoleInfo.java:shutdownLeaderElection(134)) - ba169736-c915-41bf-b878-2c7563e78ddf: shutdown LeaderElection
2019-08-20 14:48:29,044 INFO  impl.RaftServerImpl (RaftServerImpl.java:setRole(171)) - ba169736-c915-41bf-b878-2c7563e78ddf:group-0FF786F3E4A3 changes role from CANDIDATE to LEADER at term 1 for changeToLeader
2019-08-20 14:48:29,044 INFO  impl.RaftServerImpl (ServerState.java:setLeader(263)) - ba169736-c915-41bf-b878-2c7563e78ddf:group-0FF786F3E4A3 change Leader from null to ba169736-c915-41bf-b878-2c7563e78ddf at term 1 for becomeLeader, leader elected after 5141ms
2019-08-20 14:48:29,044 INFO  server.RaftServerConfigKeys (ConfUtils.java:logGet(43)) - raft.server.staging.catchup.gap = 1000 (default)
2019-08-20 14:48:29,044 INFO  server.RaftServerConfigKeys (ConfUtils.java:logGet(43)) - raft.server.rpc.sleep.time = 25ms (default)
2019-08-20 14:48:29,044 INFO  server.RaftServerConfigKeys (ConfUtils.java:logGet(43)) - raft.server.write.element-limit = 4096 (default)
2019-08-20 14:48:29,044 INFO  server.RaftServerConfigKeys (ConfUtils.java:logGet(43)) - raft.server.watch.timeout = 10s (default)
2019-08-20 14:48:29,044 INFO  server.RaftServerConfigKeys (ConfUtils.java:logGet(43)) - raft.server.watch.timeout.denomination = 1s (default)
2019-08-20 14:48:29,045 INFO  server.RaftServerConfigKeys (ConfUtils.java:logGet(43)) - raft.server.watch.element-limit = 65536 (default)
2019-08-20 14:48:29,045 INFO  impl.RoleInfo (RoleInfo.java:updateAndGet(143)) - ba169736-c915-41bf-b878-2c7563e78ddf: start LeaderState
2019-08-20 14:48:29,045 INFO  segmented.SegmentedRaftLogWorker (SegmentedRaftLogWorker.java:startLogSegment(380)) - ba169736-c915-41bf-b878-2c7563e78ddf-SegmentedRaftLogWorker:Storage Directory /workdir/hadoop-ozone/integration-test/target/test-dir/MiniOzoneClusterImpl-28bf5278-a22d-4d68-a509-63d691dcc8f5/datanode-5/data/ratis/3f25c74a-44e5-4d14-bbaf-0ff786f3e4a3: Starting segment from index:0
2019-08-20 14:48:29,045 INFO  impl.RaftServerImpl (ServerState.java:setRaftConf(361)) - ba169736-c915-41bf-b878-2c7563e78ddf:group-0FF786F3E4A3 set configuration 0: [ba169736-c915-41bf-b878-2c7563e78ddf:192.168.5.159:43044], old=null at 0
2019-08-20 14:48:29,075 INFO  impl.FollowerState (FollowerState.java:run(106)) - ba169736-c915-41bf-b878-2c7563e78ddf:group-BD0CD4D1701D changes to CANDIDATE, lastRpcTime:5118, electionTimeout:5118ms
2019-08-20 14:48:29,075 INFO  impl.RoleInfo (RoleInfo.java:shutdownFollowerState(121)) - ba169736-c915-41bf-b878-2c7563e78ddf: shutdown FollowerState
2019-08-20 14:48:29,075 INFO  impl.RaftServerImpl (RaftServerImpl.java:setRole(171)) - ba169736-c915-41bf-b878-2c7563e78ddf:group-BD0CD4D1701D changes role from FOLLOWER to CANDIDATE at term 0 for changeToCandidate
2019-08-20 14:48:29,075 INFO  impl.RoleInfo (RoleInfo.java:updateAndGet(143)) - ba169736-c915-41bf-b878-2c7563e78ddf: start LeaderElection
2019-08-20 14:48:29,087 INFO  segmented.SegmentedRaftLogWorker (SegmentedRaftLogWorker.java:execute(569)) - ba169736-c915-41bf-b878-2c7563e78ddf-SegmentedRaftLogWorker:Storage Directory /workdir/hadoop-ozone/integration-test/target/test-dir/MiniOzoneClusterImpl-28bf5278-a22d-4d68-a509-63d691dcc8f5/datanode-5/data/ratis/3f25c74a-44e5-4d14-bbaf-0ff786f3e4a3: created new log segment /workdir/hadoop-ozone/integration-test/target/test-dir/MiniOzoneClusterImpl-28bf5278-a22d-4d68-a509-63d691dcc8f5/datanode-5/data/ratis/3f25c74a-44e5-4d14-bbaf-0ff786f3e4a3/current/log_inprogress_0
2019-08-20 14:48:29,087 INFO  impl.LeaderElection (LeaderElection.java:askForVotes(181)) - ba169736-c915-41bf-b878-2c7563e78ddf:group-BD0CD4D1701D:LeaderElection101: begin an election at term 1 for -1: [ba169736-c915-41bf-b878-2c7563e78ddf:192.168.5.159:43044, e4059d2f-c87d-4cd5-828c-2357f27d8eee:192.168.5.159:44589, 870a185a-ea3b-485e-988a-44cebca76e3a:192.168.5.159:45748], old=null
2019-08-20 14:48:29,090 INFO  impl.RaftServerImpl (RaftServerImpl.java:setRole(171)) - e4059d2f-c87d-4cd5-828c-2357f27d8eee:group-BD0CD4D1701D changes role from FOLLOWER to FOLLOWER at term 1 for recognizeCandidate:ba169736-c915-41bf-b878-2c7563e78ddf
2019-08-20 14:48:29,090 INFO  impl.RaftServerImpl (RaftServerImpl.java:setRole(171)) - 870a185a-ea3b-485e-988a-44cebca76e3a:group-BD0CD4D1701D changes role from FOLLOWER to FOLLOWER at term 1 for recognizeCandidate:ba169736-c915-41bf-b878-2c7563e78ddf
2019-08-20 14:48:29,090 INFO  impl.RoleInfo (RoleInfo.java:shutdownFollowerState(121)) - e4059d2f-c87d-4cd5-828c-2357f27d8eee: shutdown FollowerState
2019-08-20 14:48:29,090 INFO  impl.RoleInfo (RoleInfo.java:shutdownFollowerState(121)) - 870a185a-ea3b-485e-988a-44cebca76e3a: shutdown FollowerState
2019-08-20 14:48:29,092 INFO  impl.FollowerState (FollowerState.java:run(114)) - e4059d2f-c87d-4cd5-828c-2357f27d8eee: FollowerState was interrupted: java.lang.InterruptedException: sleep interrupted
2019-08-20 14:48:29,092 INFO  impl.RoleInfo (RoleInfo.java:updateAndGet(143)) - e4059d2f-c87d-4cd5-828c-2357f27d8eee: start FollowerState
2019-08-20 14:48:29,092 INFO  impl.RoleInfo (RoleInfo.java:updateAndGet(143)) - 870a185a-ea3b-485e-988a-44cebca76e3a: start FollowerState
2019-08-20 14:48:29,109 INFO  impl.LeaderElection (LeaderElection.java:logAndReturn(56)) - ba169736-c915-41bf-b878-2c7563e78ddf:group-BD0CD4D1701D:LeaderElection101: Election PASSED; received 1 response(s) [ba169736-c915-41bf-b878-2c7563e78ddf<-870a185a-ea3b-485e-988a-44cebca76e3a#0:OK-t1] and 0 exception(s); ba169736-c915-41bf-b878-2c7563e78ddf:t1, leader=null, voted=ba169736-c915-41bf-b878-2c7563e78ddf, raftlog=ba169736-c915-41bf-b878-2c7563e78ddf-SegmentedRaftLog:OPENED:c-1,f-1,i0, conf=-1: [ba169736-c915-41bf-b878-2c7563e78ddf:192.168.5.159:43044, e4059d2f-c87d-4cd5-828c-2357f27d8eee:192.168.5.159:44589, 870a185a-ea3b-485e-988a-44cebca76e3a:192.168.5.159:45748], old=null
2019-08-20 14:48:29,109 INFO  impl.RoleInfo (RoleInfo.java:shutdownLeaderElection(134)) - ba169736-c915-41bf-b878-2c7563e78ddf: shutdown LeaderElection
2019-08-20 14:48:29,109 INFO  impl.RaftServerImpl (RaftServerImpl.java:setRole(171)) - ba169736-c915-41bf-b878-2c7563e78ddf:group-BD0CD4D1701D changes role from CANDIDATE to LEADER at term 1 for changeToLeader
2019-08-20 14:48:29,109 INFO  impl.RaftServerImpl (ServerState.java:setLeader(263)) - ba169736-c915-41bf-b878-2c7563e78ddf:group-BD0CD4D1701D change Leader from null to ba169736-c915-41bf-b878-2c7563e78ddf at term 1 for becomeLeader, leader elected after 5160ms
2019-08-20 14:48:29,109 INFO  server.RaftServerConfigKeys (ConfUtils.java:logGet(43)) - raft.server.staging.catchup.gap = 1000 (default)
2019-08-20 14:48:29,109 INFO  server.RaftServerConfigKeys (ConfUtils.java:logGet(43)) - raft.server.rpc.sleep.time = 25ms (default)
2019-08-20 14:48:29,110 INFO  server.RaftServerConfigKeys (ConfUtils.java:logGet(43)) - raft.server.write.element-limit = 4096 (default)
2019-08-20 14:48:29,110 INFO  server.RaftServerConfigKeys (ConfUtils.java:logGet(43)) - raft.server.watch.timeout = 10s (default)
2019-08-20 14:48:29,110 INFO  server.RaftServerConfigKeys (ConfUtils.java:logGet(43)) - raft.server.watch.timeout.denomination = 1s (default)
2019-08-20 14:48:29,110 INFO  server.RaftServerConfigKeys (ConfUtils.java:logGet(43)) - raft.server.watch.element-limit = 65536 (default)
2019-08-20 14:48:29,110 INFO  server.RaftServerConfigKeys (ConfUtils.java:logGet(43)) - raft.server.log.appender.snapshot.chunk.size.max = 16MB (=16777216) (default)
2019-08-20 14:48:29,110 INFO  server.RaftServerConfigKeys (ConfUtils.java:logGet(43)) - raft.server.log.appender.buffer.byte-limit = 33554432 (custom)
2019-08-20 14:48:29,110 INFO  server.RaftServerConfigKeys (ConfUtils.java:logGet(43)) - raft.server.log.appender.buffer.element-limit = 1 (custom)
2019-08-20 14:48:29,110 INFO  grpc.GrpcConfigKeys$Server (ConfUtils.java:logGet(43)) - raft.grpc.server.leader.outstanding.appends.max = 128 (default)
2019-08-20 14:48:29,110 INFO  server.RaftServerConfigKeys (ConfUtils.java:logGet(43)) - raft.server.rpc.request.timeout = 3000ms (default)
2019-08-20 14:48:29,111 INFO  server.RaftServerConfigKeys (ConfUtils.java:logGet(43)) - raft.server.log.appender.install.snapshot.enabled = false (custom)
2019-08-20 14:48:29,111 INFO  server.RaftServerConfigKeys (ConfUtils.java:logGet(43)) - raft.server.log.appender.snapshot.chunk.size.max = 16MB (=16777216) (default)
2019-08-20 14:48:29,111 INFO  server.RaftServerConfigKeys (ConfUtils.java:logGet(43)) - raft.server.log.appender.buffer.byte-limit = 33554432 (custom)
2019-08-20 14:48:29,111 INFO  server.RaftServerConfigKeys (ConfUtils.java:logGet(43)) - raft.server.log.appender.buffer.element-limit = 1 (custom)
2019-08-20 14:48:29,111 INFO  grpc.GrpcConfigKeys$Server (ConfUtils.java:logGet(43)) - raft.grpc.server.leader.outstanding.appends.max = 128 (default)
2019-08-20 14:48:29,111 INFO  server.RaftServerConfigKeys (ConfUtils.java:logGet(43)) - raft.server.rpc.request.timeout = 3000ms (default)
2019-08-20 14:48:29,111 INFO  server.RaftServerConfigKeys (ConfUtils.java:logGet(43)) - raft.server.log.appender.install.snapshot.enabled = false (custom)
2019-08-20 14:48:29,111 INFO  impl.RoleInfo (RoleInfo.java:updateAndGet(143)) - ba169736-c915-41bf-b878-2c7563e78ddf: start LeaderState
2019-08-20 14:48:29,112 INFO  segmented.SegmentedRaftLogWorker (SegmentedRaftLogWorker.java:startLogSegment(380)) - ba169736-c915-41bf-b878-2c7563e78ddf-SegmentedRaftLogWorker:Storage Directory /workdir/hadoop-ozone/integration-test/target/test-dir/MiniOzoneClusterImpl-28bf5278-a22d-4d68-a509-63d691dcc8f5/datanode-5/data/ratis/51f3a0ec-e62c-4633-8915-bd0cd4d1701d: Starting segment from index:0
2019-08-20 14:48:29,112 INFO  impl.RaftServerImpl (ServerState.java:setRaftConf(361)) - ba169736-c915-41bf-b878-2c7563e78ddf:group-BD0CD4D1701D set configuration 0: [ba169736-c915-41bf-b878-2c7563e78ddf:192.168.5.159:43044, e4059d2f-c87d-4cd5-828c-2357f27d8eee:192.168.5.159:44589, 870a185a-ea3b-485e-988a-44cebca76e3a:192.168.5.159:45748], old=null at 0
2019-08-20 14:48:29,141 INFO  impl.RaftServerImpl (ServerState.java:setLeader(263)) - e4059d2f-c87d-4cd5-828c-2357f27d8eee:group-BD0CD4D1701D change Leader from null to ba169736-c915-41bf-b878-2c7563e78ddf at term 1 for appendEntries, leader elected after 5191ms
2019-08-20 14:48:29,141 INFO  impl.RaftServerImpl (ServerState.java:setLeader(263)) - 870a185a-ea3b-485e-988a-44cebca76e3a:group-BD0CD4D1701D change Leader from null to ba169736-c915-41bf-b878-2c7563e78ddf at term 1 for appendEntries, leader elected after 5192ms
2019-08-20 14:48:29,146 INFO  impl.RaftServerImpl (ServerState.java:setRaftConf(361)) - e4059d2f-c87d-4cd5-828c-2357f27d8eee:group-BD0CD4D1701D set configuration 0: [ba169736-c915-41bf-b878-2c7563e78ddf:192.168.5.159:43044, e4059d2f-c87d-4cd5-828c-2357f27d8eee:192.168.5.159:44589, 870a185a-ea3b-485e-988a-44cebca76e3a:192.168.5.159:45748], old=null at 0
2019-08-20 14:48:29,147 INFO  segmented.SegmentedRaftLogWorker (SegmentedRaftLogWorker.java:startLogSegment(380)) - e4059d2f-c87d-4cd5-828c-2357f27d8eee-SegmentedRaftLogWorker:Storage Directory /workdir/hadoop-ozone/integration-test/target/test-dir/MiniOzoneClusterImpl-28bf5278-a22d-4d68-a509-63d691dcc8f5/datanode-4/data/ratis/51f3a0ec-e62c-4633-8915-bd0cd4d1701d: Starting segment from index:0
2019-08-20 14:48:29,147 INFO  impl.RaftServerImpl (ServerState.java:setRaftConf(361)) - 870a185a-ea3b-485e-988a-44cebca76e3a:group-BD0CD4D1701D set configuration 0: [ba169736-c915-41bf-b878-2c7563e78ddf:192.168.5.159:43044, e4059d2f-c87d-4cd5-828c-2357f27d8eee:192.168.5.159:44589, 870a185a-ea3b-485e-988a-44cebca76e3a:192.168.5.159:45748], old=null at 0
2019-08-20 14:48:29,148 INFO  segmented.SegmentedRaftLogWorker (SegmentedRaftLogWorker.java:startLogSegment(380)) - 870a185a-ea3b-485e-988a-44cebca76e3a-SegmentedRaftLogWorker:Storage Directory /workdir/hadoop-ozone/integration-test/target/test-dir/MiniOzoneClusterImpl-28bf5278-a22d-4d68-a509-63d691dcc8f5/datanode-3/data/ratis/51f3a0ec-e62c-4633-8915-bd0cd4d1701d: Starting segment from index:0
2019-08-20 14:48:29,152 INFO  segmented.SegmentedRaftLogWorker (SegmentedRaftLogWorker.java:execute(569)) - ba169736-c915-41bf-b878-2c7563e78ddf-SegmentedRaftLogWorker:Storage Directory /workdir/hadoop-ozone/integration-test/target/test-dir/MiniOzoneClusterImpl-28bf5278-a22d-4d68-a509-63d691dcc8f5/datanode-5/data/ratis/51f3a0ec-e62c-4633-8915-bd0cd4d1701d: created new log segment /workdir/hadoop-ozone/integration-test/target/test-dir/MiniOzoneClusterImpl-28bf5278-a22d-4d68-a509-63d691dcc8f5/datanode-5/data/ratis/51f3a0ec-e62c-4633-8915-bd0cd4d1701d/current/log_inprogress_0
2019-08-20 14:48:29,158 INFO  impl.FollowerState (FollowerState.java:run(106)) - 1b258722-3691-42bc-9430-40eb6b2f07d9:group-F869F32DD52C changes to CANDIDATE, lastRpcTime:5017, electionTimeout:5016ms
2019-08-20 14:48:29,158 INFO  impl.RoleInfo (RoleInfo.java:shutdownFollowerState(121)) - 1b258722-3691-42bc-9430-40eb6b2f07d9: shutdown FollowerState
2019-08-20 14:48:29,158 INFO  impl.RaftServerImpl (RaftServerImpl.java:setRole(171)) - 1b258722-3691-42bc-9430-40eb6b2f07d9:group-F869F32DD52C changes role from FOLLOWER to CANDIDATE at term 0 for changeToCandidate
2019-08-20 14:48:29,158 INFO  impl.RoleInfo (RoleInfo.java:updateAndGet(143)) - 1b258722-3691-42bc-9430-40eb6b2f07d9: start LeaderElection
2019-08-20 14:48:29,193 INFO  segmented.SegmentedRaftLogWorker (SegmentedRaftLogWorker.java:execute(569)) - e4059d2f-c87d-4cd5-828c-2357f27d8eee-SegmentedRaftLogWorker:Storage Directory /workdir/hadoop-ozone/integration-test/target/test-dir/MiniOzoneClusterImpl-28bf5278-a22d-4d68-a509-63d691dcc8f5/datanode-4/data/ratis/51f3a0ec-e62c-4633-8915-bd0cd4d1701d: created new log segment /workdir/hadoop-ozone/integration-test/target/test-dir/MiniOzoneClusterImpl-28bf5278-a22d-4d68-a509-63d691dcc8f5/datanode-4/data/ratis/51f3a0ec-e62c-4633-8915-bd0cd4d1701d/current/log_inprogress_0
2019-08-20 14:48:29,193 INFO  impl.LeaderElection (LeaderElection.java:askForVotes(181)) - 1b258722-3691-42bc-9430-40eb6b2f07d9:group-F869F32DD52C:LeaderElection102: begin an election at term 1 for -1: [1b258722-3691-42bc-9430-40eb6b2f07d9:192.168.5.159:40461], old=null
2019-08-20 14:48:29,193 INFO  segmented.SegmentedRaftLogWorker (SegmentedRaftLogWorker.java:execute(569)) - 870a185a-ea3b-485e-988a-44cebca76e3a-SegmentedRaftLogWorker:Storage Directory /workdir/hadoop-ozone/integration-test/target/test-dir/MiniOzoneClusterImpl-28bf5278-a22d-4d68-a509-63d691dcc8f5/datanode-3/data/ratis/51f3a0ec-e62c-4633-8915-bd0cd4d1701d: created new log segment /workdir/hadoop-ozone/integration-test/target/test-dir/MiniOzoneClusterImpl-28bf5278-a22d-4d68-a509-63d691dcc8f5/datanode-3/data/ratis/51f3a0ec-e62c-4633-8915-bd0cd4d1701d/current/log_inprogress_0
2019-08-20 14:48:29,194 INFO  impl.RoleInfo (RoleInfo.java:shutdownLeaderElection(134)) - 1b258722-3691-42bc-9430-40eb6b2f07d9: shutdown LeaderElection
2019-08-20 14:48:29,194 INFO  impl.RaftServerImpl (RaftServerImpl.java:setRole(171)) - 1b258722-3691-42bc-9430-40eb6b2f07d9:group-F869F32DD52C changes role from CANDIDATE to LEADER at term 1 for changeToLeader
2019-08-20 14:48:29,194 INFO  impl.RaftServerImpl (ServerState.java:setLeader(263)) - 1b258722-3691-42bc-9430-40eb6b2f07d9:group-F869F32DD52C change Leader from null to 1b258722-3691-42bc-9430-40eb6b2f07d9 at term 1 for becomeLeader, leader elected after 5056ms
2019-08-20 14:48:29,194 INFO  server.RaftServerConfigKeys (ConfUtils.java:logGet(43)) - raft.server.staging.catchup.gap = 1000 (default)
2019-08-20 14:48:29,194 INFO  server.RaftServerConfigKeys (ConfUtils.java:logGet(43)) - raft.server.rpc.sleep.time = 25ms (default)
2019-08-20 14:48:29,194 INFO  server.RaftServerConfigKeys (ConfUtils.java:logGet(43)) - raft.server.write.element-limit = 4096 (default)
2019-08-20 14:48:29,194 INFO  server.RaftServerConfigKeys (ConfUtils.java:logGet(43)) - raft.server.watch.timeout = 10s (default)
2019-08-20 14:48:29,194 INFO  server.RaftServerConfigKeys (ConfUtils.java:logGet(43)) - raft.server.watch.timeout.denomination = 1s (default)
2019-08-20 14:48:29,194 INFO  server.RaftServerConfigKeys (ConfUtils.java:logGet(43)) - raft.server.watch.element-limit = 65536 (default)
2019-08-20 14:48:29,195 INFO  impl.RoleInfo (RoleInfo.java:updateAndGet(143)) - 1b258722-3691-42bc-9430-40eb6b2f07d9: start LeaderState
2019-08-20 14:48:29,195 INFO  segmented.SegmentedRaftLogWorker (SegmentedRaftLogWorker.java:startLogSegment(380)) - 1b258722-3691-42bc-9430-40eb6b2f07d9-SegmentedRaftLogWorker:Storage Directory /workdir/hadoop-ozone/integration-test/target/test-dir/MiniOzoneClusterImpl-28bf5278-a22d-4d68-a509-63d691dcc8f5/datanode-6/data/ratis/eda7d236-d9e5-4cff-8fe9-f869f32dd52c: Starting segment from index:0
2019-08-20 14:48:29,195 INFO  impl.RaftServerImpl (ServerState.java:setRaftConf(361)) - 1b258722-3691-42bc-9430-40eb6b2f07d9:group-F869F32DD52C set configuration 0: [1b258722-3691-42bc-9430-40eb6b2f07d9:192.168.5.159:40461], old=null at 0
2019-08-20 14:48:29,232 INFO  client.GrpcClientProtocolClient (GrpcClientProtocolClient.java:onNext(255)) - client-C2133280F9BC->158039ed-c458-4a4b-b1db-d7cd6728139c: receive RaftClientReply:client-C2133280F9BC->158039ed-c458-4a4b-b1db-d7cd6728139c@group-72EEEA7E18B3, cid=183, FAILED org.apache.ratis.protocol.NotLeaderException: Server 158039ed-c458-4a4b-b1db-d7cd6728139c is not the leader (96588e65-3762-4805-8efb-634df7011723:192.168.5.159:38811). Request must be sent to leader., logIndex=0, commits[158039ed-c458-4a4b-b1db-d7cd6728139c:c-1, 8f5e4cb6-1775-4ada-928f-cf56c5642961:c-1, 96588e65-3762-4805-8efb-634df7011723:c-1]
2019-08-20 14:48:29,241 INFO  segmented.SegmentedRaftLogWorker (SegmentedRaftLogWorker.java:execute(569)) - 1b258722-3691-42bc-9430-40eb6b2f07d9-SegmentedRaftLogWorker:Storage Directory /workdir/hadoop-ozone/integration-test/target/test-dir/MiniOzoneClusterImpl-28bf5278-a22d-4d68-a509-63d691dcc8f5/datanode-6/data/ratis/eda7d236-d9e5-4cff-8fe9-f869f32dd52c: created new log segment /workdir/hadoop-ozone/integration-test/target/test-dir/MiniOzoneClusterImpl-28bf5278-a22d-4d68-a509-63d691dcc8f5/datanode-6/data/ratis/eda7d236-d9e5-4cff-8fe9-f869f32dd52c/current/log_inprogress_0
2019-08-20 14:48:29,349 INFO  client.GrpcClientProtocolClient (GrpcClientProtocolClient.java:onNext(255)) - client-C2133280F9BC->96588e65-3762-4805-8efb-634df7011723: receive RaftClientReply:client-C2133280F9BC->96588e65-3762-4805-8efb-634df7011723@group-72EEEA7E18B3, cid=183, SUCCESS, logIndex=1, commits[96588e65-3762-4805-8efb-634df7011723:c1, 158039ed-c458-4a4b-b1db-d7cd6728139c:c0, 8f5e4cb6-1775-4ada-928f-cf56c5642961:c0]
2019-08-20 14:48:29,365 INFO  client.GrpcClientProtocolClient (GrpcClientProtocolClient.java:onNext(255)) - client-C2133280F9BC->96588e65-3762-4805-8efb-634df7011723: receive RaftClientReply:client-C2133280F9BC->96588e65-3762-4805-8efb-634df7011723@group-72EEEA7E18B3, cid=184, SUCCESS, logIndex=3, commits[96588e65-3762-4805-8efb-634df7011723:c6, 158039ed-c458-4a4b-b1db-d7cd6728139c:c1, 8f5e4cb6-1775-4ada-928f-cf56c5642961:c1]
2019-08-20 14:48:29,419 INFO  client.GrpcClientProtocolClient (GrpcClientProtocolClient.java:onNext(255)) - client-C2133280F9BC->96588e65-3762-4805-8efb-634df7011723: receive RaftClientReply:client-C2133280F9BC->96588e65-3762-4805-8efb-634df7011723@group-72EEEA7E18B3, cid=185, SUCCESS, logIndex=4, commits[96588e65-3762-4805-8efb-634df7011723:c12, 158039ed-c458-4a4b-b1db-d7cd6728139c:c7, 8f5e4cb6-1775-4ada-928f-cf56c5642961:c7]
2019-08-20 14:48:29,419 INFO  client.GrpcClientProtocolClient (GrpcClientProtocolClient.java:onNext(255)) - client-C2133280F9BC->96588e65-3762-4805-8efb-634df7011723: receive RaftClientReply:client-C2133280F9BC->96588e65-3762-4805-8efb-634df7011723@group-72EEEA7E18B3, cid=186, SUCCESS, logIndex=5, commits[96588e65-3762-4805-8efb-634df7011723:c12, 158039ed-c458-4a4b-b1db-d7cd6728139c:c7, 8f5e4cb6-1775-4ada-928f-cf56c5642961:c7]
2019-08-20 14:48:29,420 INFO  client.GrpcClientProtocolClient (GrpcClientProtocolClient.java:onNext(255)) - client-C2133280F9BC->96588e65-3762-4805-8efb-634df7011723: receive RaftClientReply:client-C2133280F9BC->96588e65-3762-4805-8efb-634df7011723@group-72EEEA7E18B3, cid=187, SUCCESS, logIndex=6, commits[96588e65-3762-4805-8efb-634df7011723:c12, 158039ed-c458-4a4b-b1db-d7cd6728139c:c7, 8f5e4cb6-1775-4ada-928f-cf56c5642961:c7]
2019-08-20 14:48:29,521 INFO  client.GrpcClientProtocolClient (GrpcClientProtocolClient.java:onNext(255)) - client-C2133280F9BC->96588e65-3762-4805-8efb-634df7011723: receive RaftClientReply:client-C2133280F9BC->96588e65-3762-4805-8efb-634df7011723@group-72EEEA7E18B3, cid=188, SUCCESS, logIndex=7, commits[96588e65-3762-4805-8efb-634df7011723:c12, 158039ed-c458-4a4b-b1db-d7cd6728139c:c7, 8f5e4cb6-1775-4ada-928f-cf56c5642961:c7]
2019-08-20 14:48:29,539 INFO  client.GrpcClientProtocolClient (GrpcClientProtocolClient.java:onNext(255)) - client-C2133280F9BC->96588e65-3762-4805-8efb-634df7011723: receive RaftClientReply:client-C2133280F9BC->96588e65-3762-4805-8efb-634df7011723@group-72EEEA7E18B3, cid=189, SUCCESS, logIndex=13, commits[96588e65-3762-4805-8efb-634df7011723:c14, 158039ed-c458-4a4b-b1db-d7cd6728139c:c12, 8f5e4cb6-1775-4ada-928f-cf56c5642961:c12]
2019-08-20 14:48:29,540 INFO  client.GrpcClientProtocolClient (GrpcClientProtocolClient.java:onNext(255)) - client-C2133280F9BC->96588e65-3762-4805-8efb-634df7011723: receive RaftClientReply:client-C2133280F9BC->96588e65-3762-4805-8efb-634df7011723@group-72EEEA7E18B3, cid=190, SUCCESS, logIndex=14, commits[96588e65-3762-4805-8efb-634df7011723:c14, 158039ed-c458-4a4b-b1db-d7cd6728139c:c12, 8f5e4cb6-1775-4ada-928f-cf56c5642961:c12]
2019-08-20 14:48:29,554 INFO  client.GrpcClientProtocolClient (GrpcClientProtocolClient.java:onNext(255)) - client-C2133280F9BC->96588e65-3762-4805-8efb-634df7011723: receive RaftClientReply:client-C2133280F9BC->96588e65-3762-4805-8efb-634df7011723@group-72EEEA7E18B3, cid=191, SUCCESS, logIndex=0, commits[96588e65-3762-4805-8efb-634df7011723:c15, 158039ed-c458-4a4b-b1db-d7cd6728139c:c14, 8f5e4cb6-1775-4ada-928f-cf56c5642961:c14]
2019-08-20 14:48:29,555 INFO  datanode.ObjectStoreHandler (ObjectStoreHandler.java:close(155)) - Closing ObjectStoreHandler.
2019-08-20 14:48:29,555 INFO  ozone.HddsDatanodeService (HddsDatanodeService.java:stop(451)) - Stopped plug-in org.apache.hadoop.ozone.web.OzoneHddsDatanodeService@7893b8c
2019-08-20 14:48:30,330 INFO  statemachine.DatanodeStateMachine (DatanodeStateMachine.java:lambda$startDaemon$0(350)) - Ozone container server started.
2019-08-20 14:48:34,336 INFO  node.StaleNodeHandler (StaleNodeHandler.java:onMessage(58)) - Datanode 8f5e4cb6-1775-4ada-928f-cf56c5642961{ip: 192.168.5.159, host: pr-hdds-1948-qmvbp-2153692187, networkLocation: /default-rack, certSerialId: null} moved to stale state. Finalizing its pipelines [PipelineID=40d99f36-eaa8-4f85-ac85-d10c5391daaa, PipelineID=f362e355-f6ef-41d4-bd03-72eeea7e18b3]
2019-08-20 14:48:34,337 INFO  pipeline.SCMPipelineManager (SCMPipelineManager.java:finalizeAndDestroyPipeline(309)) - destroying pipeline:Pipeline[ Id: 40d99f36-eaa8-4f85-ac85-d10c5391daaa, Nodes: 8f5e4cb6-1775-4ada-928f-cf56c5642961{ip: 192.168.5.159, host: pr-hdds-1948-qmvbp-2153692187, networkLocation: /default-rack, certSerialId: null}, Type:RATIS, Factor:ONE, State:OPEN]
2019-08-20 14:48:34,337 INFO  pipeline.PipelineStateManager (PipelineStateManager.java:finalizePipeline(123)) - Pipeline Pipeline[ Id: 40d99f36-eaa8-4f85-ac85-d10c5391daaa, Nodes: 8f5e4cb6-1775-4ada-928f-cf56c5642961{ip: 192.168.5.159, host: pr-hdds-1948-qmvbp-2153692187, networkLocation: /default-rack, certSerialId: null}, Type:RATIS, Factor:ONE, State:CLOSED] moved to CLOSED state
2019-08-20 14:48:34,337 INFO  pipeline.SCMPipelineManager (SCMPipelineManager.java:finalizeAndDestroyPipeline(309)) - destroying pipeline:Pipeline[ Id: f362e355-f6ef-41d4-bd03-72eeea7e18b3, Nodes: 8f5e4cb6-1775-4ada-928f-cf56c5642961{ip: 192.168.5.159, host: pr-hdds-1948-qmvbp-2153692187, networkLocation: /default-rack, certSerialId: null}158039ed-c458-4a4b-b1db-d7cd6728139c{ip: 192.168.5.159, host: pr-hdds-1948-qmvbp-2153692187, networkLocation: /default-rack, certSerialId: null}96588e65-3762-4805-8efb-634df7011723{ip: 192.168.5.159, host: pr-hdds-1948-qmvbp-2153692187, networkLocation: /default-rack, certSerialId: null}, Type:RATIS, Factor:THREE, State:OPEN]
2019-08-20 14:48:34,338 INFO  pipeline.PipelineStateManager (PipelineStateManager.java:finalizePipeline(123)) - Pipeline Pipeline[ Id: f362e355-f6ef-41d4-bd03-72eeea7e18b3, Nodes: 8f5e4cb6-1775-4ada-928f-cf56c5642961{ip: 192.168.5.159, host: pr-hdds-1948-qmvbp-2153692187, networkLocation: /default-rack, certSerialId: null}158039ed-c458-4a4b-b1db-d7cd6728139c{ip: 192.168.5.159, host: pr-hdds-1948-qmvbp-2153692187, networkLocation: /default-rack, certSerialId: null}96588e65-3762-4805-8efb-634df7011723{ip: 192.168.5.159, host: pr-hdds-1948-qmvbp-2153692187, networkLocation: /default-rack, certSerialId: null}, Type:RATIS, Factor:THREE, State:CLOSED] moved to CLOSED state
2019-08-20 14:48:34,338 INFO  container.CloseContainerEventHandler (CloseContainerEventHandler.java:onMessage(61)) - Close container Event triggered for container : #1
2019-08-20 14:48:34,556 INFO  ozoneimpl.OzoneContainer (OzoneContainer.java:stop(199)) - Attempting to stop container services.
2019-08-20 14:48:34,556 INFO  impl.RaftServerProxy (RaftServerProxy.java:lambda$close$4(314)) - 8f5e4cb6-1775-4ada-928f-cf56c5642961: close
2019-08-20 14:48:34,559 INFO  impl.RaftServerImpl (RaftServerImpl.java:lambda$shutdown$3(245)) - 8f5e4cb6-1775-4ada-928f-cf56c5642961: shutdown group-D10C5391DAAA
2019-08-20 14:48:34,559 INFO  impl.RaftServerImpl (RaftServerImpl.java:lambda$shutdown$3(245)) - 8f5e4cb6-1775-4ada-928f-cf56c5642961: shutdown group-72EEEA7E18B3
2019-08-20 14:48:34,559 INFO  util.JmxRegister (JmxRegister.java:unregister(73)) - Successfully un-registered JMX Bean with object name Ratis:service=RaftServer,group=group-D10C5391DAAA,id=8f5e4cb6-1775-4ada-928f-cf56c5642961
2019-08-20 14:48:34,559 INFO  util.JmxRegister (JmxRegister.java:unregister(73)) - Successfully un-registered JMX Bean with object name Ratis:service=RaftServer,group=group-72EEEA7E18B3,id=8f5e4cb6-1775-4ada-928f-cf56c5642961
2019-08-20 14:48:34,560 INFO  impl.RoleInfo (RoleInfo.java:shutdownLeaderState(104)) - 8f5e4cb6-1775-4ada-928f-cf56c5642961: shutdown LeaderState
2019-08-20 14:48:34,560 INFO  impl.RoleInfo (RoleInfo.java:shutdownFollowerState(121)) - 8f5e4cb6-1775-4ada-928f-cf56c5642961: shutdown FollowerState
2019-08-20 14:48:34,560 INFO  impl.PendingRequests (PendingRequests.java:sendNotLeaderResponses(202)) - 8f5e4cb6-1775-4ada-928f-cf56c5642961-PendingRequests: sendNotLeaderResponses
2019-08-20 14:48:34,560 INFO  ratis.ContainerStateMachine (ContainerStateMachine.java:takeSnapshot(271)) - group-72EEEA7E18B3: Taking a snapshot at:(t:1, i:14) file /workdir/hadoop-ozone/integration-test/target/test-dir/MiniOzoneClusterImpl-28bf5278-a22d-4d68-a509-63d691dcc8f5/datanode-0/data/ratis/f362e355-f6ef-41d4-bd03-72eeea7e18b3/sm/snapshot.1_14
2019-08-20 14:48:34,560 INFO  impl.StateMachineUpdater (StateMachineUpdater.java:stopAndJoin(115)) - StateMachineUpdater:8f5e4cb6-1775-4ada-928f-cf56c5642961:group-D10C5391DAAA: set stopIndex = 0
2019-08-20 14:48:34,560 INFO  impl.FollowerState (FollowerState.java:run(114)) - 8f5e4cb6-1775-4ada-928f-cf56c5642961: FollowerState was interrupted: java.lang.InterruptedException: sleep interrupted
2019-08-20 14:48:34,560 INFO  impl.StateMachineUpdater (StateMachineUpdater.java:stopAndJoin(115)) - StateMachineUpdater:8f5e4cb6-1775-4ada-928f-cf56c5642961:group-72EEEA7E18B3: set stopIndex = 16
2019-08-20 14:48:34,561 INFO  impl.RaftServerImpl (ServerState.java:close(394)) - 8f5e4cb6-1775-4ada-928f-cf56c5642961:group-D10C5391DAAA closes. The last applied log index is 0
2019-08-20 14:48:34,563 INFO  segmented.SegmentedRaftLogWorker (SegmentedRaftLogWorker.java:run(313)) - 8f5e4cb6-1775-4ada-928f-cf56c5642961-SegmentedRaftLogWorker:Storage Directory /workdir/hadoop-ozone/integration-test/target/test-dir/MiniOzoneClusterImpl-28bf5278-a22d-4d68-a509-63d691dcc8f5/datanode-0/data/ratis/40d99f36-eaa8-4f85-ac85-d10c5391daaa was interrupted, exiting. There are 0 tasks remaining in the queue.
2019-08-20 14:48:34,565 INFO  segmented.SegmentedRaftLogWorker (SegmentedRaftLogWorker.java:close(228)) - 8f5e4cb6-1775-4ada-928f-cf56c5642961-SegmentedRaftLogWorker:Storage Directory /workdir/hadoop-ozone/integration-test/target/test-dir/MiniOzoneClusterImpl-28bf5278-a22d-4d68-a509-63d691dcc8f5/datanode-0/data/ratis/40d99f36-eaa8-4f85-ac85-d10c5391daaa close()
2019-08-20 14:48:34,574 INFO  ratis.ContainerStateMachine (ContainerStateMachine.java:takeSnapshot(282)) - group-72EEEA7E18B3: Finished taking a snapshot at:(t:1, i:14) file:/workdir/hadoop-ozone/integration-test/target/test-dir/MiniOzoneClusterImpl-28bf5278-a22d-4d68-a509-63d691dcc8f5/datanode-0/data/ratis/f362e355-f6ef-41d4-bd03-72eeea7e18b3/sm/snapshot.1_14 time:14
2019-08-20 14:48:34,574 INFO  impl.StateMachineUpdater (StateMachineUpdater.java:takeSnapshot(242)) - StateMachineUpdater:8f5e4cb6-1775-4ada-928f-cf56c5642961:group-72EEEA7E18B3: Took a snapshot at index 14
2019-08-20 14:48:34,574 INFO  impl.StateMachineUpdater (StateMachineUpdater.java:lambda$new$0(80)) - StateMachineUpdater:8f5e4cb6-1775-4ada-928f-cf56c5642961:group-72EEEA7E18B3: snapshotIndex: updateIncreasingly -1 -> 14
2019-08-20 14:48:34,574 INFO  impl.RaftServerImpl (ServerState.java:close(394)) - 8f5e4cb6-1775-4ada-928f-cf56c5642961:group-72EEEA7E18B3 closes. The last applied log index is 16
2019-08-20 14:48:34,575 INFO  segmented.SegmentedRaftLogWorker (SegmentedRaftLogWorker.java:run(313)) - 8f5e4cb6-1775-4ada-928f-cf56c5642961-SegmentedRaftLogWorker:Storage Directory /workdir/hadoop-ozone/integration-test/target/test-dir/MiniOzoneClusterImpl-28bf5278-a22d-4d68-a509-63d691dcc8f5/datanode-0/data/ratis/f362e355-f6ef-41d4-bd03-72eeea7e18b3 was interrupted, exiting. There are 0 tasks remaining in the queue.
2019-08-20 14:48:34,577 INFO  segmented.SegmentedRaftLogWorker (SegmentedRaftLogWorker.java:close(228)) - 8f5e4cb6-1775-4ada-928f-cf56c5642961-SegmentedRaftLogWorker:Storage Directory /workdir/hadoop-ozone/integration-test/target/test-dir/MiniOzoneClusterImpl-28bf5278-a22d-4d68-a509-63d691dcc8f5/datanode-0/data/ratis/f362e355-f6ef-41d4-bd03-72eeea7e18b3 close()
2019-08-20 14:48:34,581 INFO  server.GrpcService (GrpcService.java:closeImpl(155)) - 8f5e4cb6-1775-4ada-928f-cf56c5642961: shutdown server with port 43076 now
2019-08-20 14:48:34,582 WARN  server.GrpcServerProtocolService (LogUtils.java:warn(134)) - 8f5e4cb6-1775-4ada-928f-cf56c5642961: appendEntries onError: org.apache.ratis.thirdparty.io.grpc.StatusRuntimeException: CANCELLED: cancelled before receiving half close
2019-08-20 14:48:34,582 WARN  server.GrpcLogAppender (LogUtils.java:warn(134)) - 96588e65-3762-4805-8efb-634df7011723->8f5e4cb6-1775-4ada-928f-cf56c5642961: Failed appendEntries: org.apache.ratis.thirdparty.io.grpc.StatusRuntimeException: CANCELLED: HTTP/2 error code: CANCEL
Received Rst Stream
2019-08-20 14:48:34,583 INFO  impl.FollowerInfo (FollowerInfo.java:lambda$new$0(50)) - 96588e65-3762-4805-8efb-634df7011723->8f5e4cb6-1775-4ada-928f-cf56c5642961: nextIndex: updateUnconditionally 17 -> 16
2019-08-20 14:48:34,583 INFO  server.GrpcService (GrpcService.java:closeImpl(163)) - 8f5e4cb6-1775-4ada-928f-cf56c5642961: shutdown server with port 43076 successfully
2019-08-20 14:48:34,585 INFO  utils.BackgroundService (BackgroundService.java:shutdown(148)) - Shutting down service BlockDeletingService
2019-08-20 14:48:34,587 WARN  fs.CachingGetSpaceUsed (CachingGetSpaceUsed.java:run(183)) - Thread Interrupted waiting to refresh disk information: sleep interrupted
2019-08-20 14:48:34,602 INFO  statemachine.DatanodeStateMachine (DatanodeStateMachine.java:stopDaemon(395)) - Ozone container server stopped.
2019-08-20 14:48:34,604 INFO  handler.ContextHandler (ContextHandler.java:doStop(910)) - Stopped o.e.j.w.WebAppContext@137a9d69{/,null,UNAVAILABLE}{/hddsDatanode}
2019-08-20 14:48:34,605 INFO  server.AbstractConnector (AbstractConnector.java:doStop(318)) - Stopped ServerConnector@12faeada{HTTP/1.1,[http/1.1]}{0.0.0.0:0}
2019-08-20 14:48:34,605 INFO  handler.ContextHandler (ContextHandler.java:doStop(910)) - Stopped o.e.j.s.ServletContextHandler@747476f1{/static,jar:file:/home/user/.m2/repository/org/apache/hadoop/hadoop-hdds-container-service/0.5.0-SNAPSHOT/hadoop-hdds-container-service-0.5.0-SNAPSHOT.jar!/webapps/static,UNAVAILABLE}
2019-08-20 14:48:34,605 INFO  handler.ContextHandler (ContextHandler.java:doStop(910)) - Stopped o.e.j.s.ServletContextHandler@7927209f{/logs,file:///workdir/hadoop-ozone/integration-test/target/log,UNAVAILABLE}
2019-08-20 14:48:34,611 WARN  server.GrpcLogAppender (LogUtils.java:warn(134)) - 96588e65-3762-4805-8efb-634df7011723->8f5e4cb6-1775-4ada-928f-cf56c5642961: Failed appendEntries: org.apache.ratis.thirdparty.io.grpc.StatusRuntimeException: UNAVAILABLE: io exception
2019-08-20 14:48:34,611 INFO  impl.FollowerInfo (FollowerInfo.java:lambda$new$0(50)) - 96588e65-3762-4805-8efb-634df7011723->8f5e4cb6-1775-4ada-928f-cf56c5642961: nextIndex: updateUnconditionally 17 -> 16
2019-08-20 14:48:34,613 WARN  server.GrpcLogAppender (LogUtils.java:warn(134)) - 96588e65-3762-4805-8efb-634df7011723->8f5e4cb6-1775-4ada-928f-cf56c5642961: Failed appendEntries: org.apache.ratis.thirdparty.io.grpc.StatusRuntimeException: UNAVAILABLE: io exception
2019-08-20 14:48:34,613 INFO  impl.FollowerInfo (FollowerInfo.java:lambda$new$0(50)) - 96588e65-3762-4805-8efb-634df7011723->8f5e4cb6-1775-4ada-928f-cf56c5642961: nextIndex: updateUnconditionally 17 -> 16
2019-08-20 14:48:34,615 WARN  server.GrpcLogAppender (LogUtils.java:warn(134)) - 96588e65-3762-4805-8efb-634df7011723->8f5e4cb6-1775-4ada-928f-cf56c5642961: Failed appendEntries: org.apache.ratis.thirdparty.io.grpc.StatusRuntimeException: UNAVAILABLE: io exception
2019-08-20 14:48:34,616 INFO  impl.FollowerInfo (FollowerInfo.java:lambda$new$0(50)) - 96588e65-3762-4805-8efb-634df7011723->8f5e4cb6-1775-4ada-928f-cf56c5642961: nextIndex: updateUnconditionally 17 -> 16
2019-08-20 14:48:34,622 WARN  server.GrpcLogAppender (LogUtils.java:warn(134)) - 96588e65-3762-4805-8efb-634df7011723->8f5e4cb6-1775-4ada-928f-cf56c5642961: Failed appendEntries: org.apache.ratis.thirdparty.io.grpc.StatusRuntimeException: UNAVAILABLE: io exception
2019-08-20 14:48:34,623 INFO  impl.FollowerInfo (FollowerInfo.java:lambda$new$0(50)) - 96588e65-3762-4805-8efb-634df7011723->8f5e4cb6-1775-4ada-928f-cf56c5642961: nextIndex: updateUnconditionally 17 -> 16
2019-08-20 14:48:34,624 INFO  client.GrpcClientProtocolClient (GrpcClientProtocolClient.java:onNext(255)) - client-C2133280F9BC->96588e65-3762-4805-8efb-634df7011723: receive RaftClientReply:client-C2133280F9BC->96588e65-3762-4805-8efb-634df7011723@group-72EEEA7E18B3, cid=192, SUCCESS, logIndex=17, commits[96588e65-3762-4805-8efb-634df7011723:c17, 158039ed-c458-4a4b-b1db-d7cd6728139c:c16, 8f5e4cb6-1775-4ada-928f-cf56c5642961:c16]
2019-08-20 14:48:34,624 INFO  client.GrpcClientProtocolClient (GrpcClientProtocolClient.java:onNext(255)) - client-C2133280F9BC->96588e65-3762-4805-8efb-634df7011723: receive RaftClientReply:client-C2133280F9BC->96588e65-3762-4805-8efb-634df7011723@group-72EEEA7E18B3, cid=193, SUCCESS, logIndex=18, commits[96588e65-3762-4805-8efb-634df7011723:c18, 158039ed-c458-4a4b-b1db-d7cd6728139c:c16, 8f5e4cb6-1775-4ada-928f-cf56c5642961:c16]
2019-08-20 14:48:34,624 WARN  server.GrpcLogAppender (LogUtils.java:warn(134)) - 96588e65-3762-4805-8efb-634df7011723->8f5e4cb6-1775-4ada-928f-cf56c5642961: Failed appendEntries: org.apache.ratis.thirdparty.io.grpc.StatusRuntimeException: UNAVAILABLE: io exception
2019-08-20 14:48:34,625 INFO  client.GrpcClientProtocolClient (GrpcClientProtocolClient.java:onNext(255)) - client-C2133280F9BC->96588e65-3762-4805-8efb-634df7011723: receive RaftClientReply:client-C2133280F9BC->96588e65-3762-4805-8efb-634df7011723@group-72EEEA7E18B3, cid=194, SUCCESS, logIndex=19, commits[96588e65-3762-4805-8efb-634df7011723:c21, 158039ed-c458-4a4b-b1db-d7cd6728139c:c17, 8f5e4cb6-1775-4ada-928f-cf56c5642961:c16]
2019-08-20 14:48:34,625 INFO  impl.FollowerInfo (FollowerInfo.java:lambda$new$0(50)) - 96588e65-3762-4805-8efb-634df7011723->8f5e4cb6-1775-4ada-928f-cf56c5642961: nextIndex: updateUnconditionally 17 -> 16
2019-08-20 14:48:34,625 INFO  client.GrpcClientProtocolClient (GrpcClientProtocolClient.java:onNext(255)) - client-C2133280F9BC->96588e65-3762-4805-8efb-634df7011723: receive RaftClientReply:client-C2133280F9BC->96588e65-3762-4805-8efb-634df7011723@group-72EEEA7E18B3, cid=195, SUCCESS, logIndex=20, commits[96588e65-3762-4805-8efb-634df7011723:c21, 158039ed-c458-4a4b-b1db-d7cd6728139c:c17, 8f5e4cb6-1775-4ada-928f-cf56c5642961:c16]
2019-08-20 14:48:34,626 INFO  client.GrpcClientProtocolClient (GrpcClientProtocolClient.java:onNext(255)) - client-C2133280F9BC->96588e65-3762-4805-8efb-634df7011723: receive RaftClientReply:client-C2133280F9BC->96588e65-3762-4805-8efb-634df7011723@group-72EEEA7E18B3, cid=196, SUCCESS, logIndex=21, commits[96588e65-3762-4805-8efb-634df7011723:c23, 158039ed-c458-4a4b-b1db-d7cd6728139c:c17, 8f5e4cb6-1775-4ada-928f-cf56c5642961:c16]
2019-08-20 14:48:34,626 INFO  client.GrpcClientProtocolClient (GrpcClientProtocolClient.java:onNext(255)) - client-C2133280F9BC->96588e65-3762-4805-8efb-634df7011723: receive RaftClientReply:client-C2133280F9BC->96588e65-3762-4805-8efb-634df7011723@group-72EEEA7E18B3, cid=197, SUCCESS, logIndex=22, commits[96588e65-3762-4805-8efb-634df7011723:c24, 158039ed-c458-4a4b-b1db-d7cd6728139c:c18, 8f5e4cb6-1775-4ada-928f-cf56c5642961:c16]
2019-08-20 14:48:34,626 WARN  server.GrpcLogAppender (LogUtils.java:warn(134)) - 96588e65-3762-4805-8efb-634df7011723->8f5e4cb6-1775-4ada-928f-cf56c5642961: Failed appendEntries: org.apache.ratis.thirdparty.io.grpc.StatusRuntimeException: UNAVAILABLE: io exception
2019-08-20 14:48:34,627 INFO  impl.FollowerInfo (FollowerInfo.java:lambda$new$0(50)) - 96588e65-3762-4805-8efb-634df7011723->8f5e4cb6-1775-4ada-928f-cf56c5642961: nextIndex: updateUnconditionally 17 -> 16
2019-08-20 14:48:34,628 WARN  server.GrpcLogAppender (LogUtils.java:warn(134)) - 96588e65-3762-4805-8efb-634df7011723->8f5e4cb6-1775-4ada-928f-cf56c5642961: Failed appendEntries: org.apache.ratis.thirdparty.io.grpc.StatusRuntimeException: UNAVAILABLE: io exception
2019-08-20 14:48:34,629 INFO  impl.FollowerInfo (FollowerInfo.java:lambda$new$0(50)) - 96588e65-3762-4805-8efb-634df7011723->8f5e4cb6-1775-4ada-928f-cf56c5642961: nextIndex: updateUnconditionally 17 -> 16
2019-08-20 14:48:35,627 WARN  scm.XceiverClientRatis (XceiverClientRatis.java:watchForCommit(262)) - 3 way commit failed on pipeline Pipeline[ Id: f362e355-f6ef-41d4-bd03-72eeea7e18b3, Nodes: 8f5e4cb6-1775-4ada-928f-cf56c5642961{ip: 192.168.5.159, host: pr-hdds-1948-qmvbp-2153692187, networkLocation: /default-rack, certSerialId: null}158039ed-c458-4a4b-b1db-d7cd6728139c{ip: 192.168.5.159, host: pr-hdds-1948-qmvbp-2153692187, networkLocation: /default-rack, certSerialId: null}96588e65-3762-4805-8efb-634df7011723{ip: 192.168.5.159, host: pr-hdds-1948-qmvbp-2153692187, networkLocation: /default-rack, certSerialId: null}, Type:RATIS, Factor:THREE, State:OPEN]
java.util.concurrent.TimeoutException
	at java.util.concurrent.CompletableFuture.timedGet(CompletableFuture.java:1771)
	at java.util.concurrent.CompletableFuture.get(CompletableFuture.java:1915)
	at org.apache.hadoop.hdds.scm.XceiverClientRatis.watchForCommit(XceiverClientRatis.java:259)
	at org.apache.hadoop.hdds.scm.storage.CommitWatcher.watchForCommit(CommitWatcher.java:194)
	at org.apache.hadoop.hdds.scm.storage.CommitWatcher.watchOnLastIndex(CommitWatcher.java:157)
	at org.apache.hadoop.hdds.scm.storage.BlockOutputStream.watchForCommit(BlockOutputStream.java:347)
	at org.apache.hadoop.hdds.scm.storage.BlockOutputStream.handleFlush(BlockOutputStream.java:479)
	at org.apache.hadoop.hdds.scm.storage.BlockOutputStream.close(BlockOutputStream.java:493)
	at org.apache.hadoop.ozone.client.io.BlockOutputStreamEntry.close(BlockOutputStreamEntry.java:143)
	at org.apache.hadoop.ozone.client.io.KeyOutputStream.handleFlushOrClose(KeyOutputStream.java:438)
	at org.apache.hadoop.ozone.client.io.KeyOutputStream.handleWrite(KeyOutputStream.java:235)
	at org.apache.hadoop.ozone.client.io.KeyOutputStream.write(KeyOutputStream.java:193)
	at org.apache.hadoop.ozone.client.io.OzoneOutputStream.write(OzoneOutputStream.java:49)
	at java.io.OutputStream.write(OutputStream.java:75)
	at org.apache.hadoop.ozone.client.rpc.TestBlockOutputStreamWithFailures.testWatchForCommitDatanodeFailure(TestBlockOutputStreamWithFailures.java:363)
	at sun.reflect.NativeMethodAccessorImpl.invoke0(Native Method)
	at sun.reflect.NativeMethodAccessorImpl.invoke(NativeMethodAccessorImpl.java:62)
	at sun.reflect.DelegatingMethodAccessorImpl.invoke(DelegatingMethodAccessorImpl.java:43)
	at java.lang.reflect.Method.invoke(Method.java:498)
	at org.junit.runners.model.FrameworkMethod$1.runReflectiveCall(FrameworkMethod.java:47)
	at org.junit.internal.runners.model.ReflectiveCallable.run(ReflectiveCallable.java:12)
	at org.junit.runners.model.FrameworkMethod.invokeExplosively(FrameworkMethod.java:44)
	at org.junit.internal.runners.statements.InvokeMethod.evaluate(InvokeMethod.java:17)
	at org.junit.internal.runners.statements.RunBefores.evaluate(RunBefores.java:26)
	at org.junit.internal.runners.statements.RunAfters.evaluate(RunAfters.java:27)
	at org.junit.runners.ParentRunner.runLeaf(ParentRunner.java:271)
	at org.junit.runners.BlockJUnit4ClassRunner.runChild(BlockJUnit4ClassRunner.java:70)
	at org.junit.runners.BlockJUnit4ClassRunner.runChild(BlockJUnit4ClassRunner.java:50)
	at org.junit.runners.ParentRunner$3.run(ParentRunner.java:238)
	at org.junit.runners.ParentRunner$1.schedule(ParentRunner.java:63)
	at org.junit.runners.ParentRunner.runChildren(ParentRunner.java:236)
	at org.junit.runners.ParentRunner.access$000(ParentRunner.java:53)
	at org.junit.runners.ParentRunner$2.evaluate(ParentRunner.java:229)
	at org.junit.runners.ParentRunner.run(ParentRunner.java:309)
	at org.apache.maven.surefire.junit4.JUnit4Provider.execute(JUnit4Provider.java:365)
	at org.apache.maven.surefire.junit4.JUnit4Provider.executeWithRerun(JUnit4Provider.java:273)
	at org.apache.maven.surefire.junit4.JUnit4Provider.executeTestSet(JUnit4Provider.java:238)
	at org.apache.maven.surefire.junit4.JUnit4Provider.invoke(JUnit4Provider.java:159)
	at org.apache.maven.surefire.booter.ForkedBooter.invokeProviderInSameClassLoader(ForkedBooter.java:384)
	at org.apache.maven.surefire.booter.ForkedBooter.runSuitesInProcess(ForkedBooter.java:345)
	at org.apache.maven.surefire.booter.ForkedBooter.execute(ForkedBooter.java:126)
	at org.apache.maven.surefire.booter.ForkedBooter.main(ForkedBooter.java:418)
2019-08-20 14:48:36,630 WARN  storage.CommitWatcher (CommitWatcher.java:watchForCommit(203)) - watchForCommit failed for index 22
java.util.concurrent.TimeoutException
	at java.util.concurrent.CompletableFuture.timedGet(CompletableFuture.java:1771)
	at java.util.concurrent.CompletableFuture.get(CompletableFuture.java:1915)
	at org.apache.hadoop.hdds.scm.XceiverClientRatis.watchForCommit(XceiverClientRatis.java:268)
	at org.apache.hadoop.hdds.scm.storage.CommitWatcher.watchForCommit(CommitWatcher.java:194)
	at org.apache.hadoop.hdds.scm.storage.CommitWatcher.watchOnLastIndex(CommitWatcher.java:157)
	at org.apache.hadoop.hdds.scm.storage.BlockOutputStream.watchForCommit(BlockOutputStream.java:347)
	at org.apache.hadoop.hdds.scm.storage.BlockOutputStream.handleFlush(BlockOutputStream.java:479)
	at org.apache.hadoop.hdds.scm.storage.BlockOutputStream.close(BlockOutputStream.java:493)
	at org.apache.hadoop.ozone.client.io.BlockOutputStreamEntry.close(BlockOutputStreamEntry.java:143)
	at org.apache.hadoop.ozone.client.io.KeyOutputStream.handleFlushOrClose(KeyOutputStream.java:438)
	at org.apache.hadoop.ozone.client.io.KeyOutputStream.handleWrite(KeyOutputStream.java:235)
	at org.apache.hadoop.ozone.client.io.KeyOutputStream.write(KeyOutputStream.java:193)
	at org.apache.hadoop.ozone.client.io.OzoneOutputStream.write(OzoneOutputStream.java:49)
	at java.io.OutputStream.write(OutputStream.java:75)
	at org.apache.hadoop.ozone.client.rpc.TestBlockOutputStreamWithFailures.testWatchForCommitDatanodeFailure(TestBlockOutputStreamWithFailures.java:363)
	at sun.reflect.NativeMethodAccessorImpl.invoke0(Native Method)
	at sun.reflect.NativeMethodAccessorImpl.invoke(NativeMethodAccessorImpl.java:62)
	at sun.reflect.DelegatingMethodAccessorImpl.invoke(DelegatingMethodAccessorImpl.java:43)
	at java.lang.reflect.Method.invoke(Method.java:498)
	at org.junit.runners.model.FrameworkMethod$1.runReflectiveCall(FrameworkMethod.java:47)
	at org.junit.internal.runners.model.ReflectiveCallable.run(ReflectiveCallable.java:12)
	at org.junit.runners.model.FrameworkMethod.invokeExplosively(FrameworkMethod.java:44)
	at org.junit.internal.runners.statements.InvokeMethod.evaluate(InvokeMethod.java:17)
	at org.junit.internal.runners.statements.RunBefores.evaluate(RunBefores.java:26)
	at org.junit.internal.runners.statements.RunAfters.evaluate(RunAfters.java:27)
	at org.junit.runners.ParentRunner.runLeaf(ParentRunner.java:271)
	at org.junit.runners.BlockJUnit4ClassRunner.runChild(BlockJUnit4ClassRunner.java:70)
	at org.junit.runners.BlockJUnit4ClassRunner.runChild(BlockJUnit4ClassRunner.java:50)
	at org.junit.runners.ParentRunner$3.run(ParentRunner.java:238)
	at org.junit.runners.ParentRunner$1.schedule(ParentRunner.java:63)
	at org.junit.runners.ParentRunner.runChildren(ParentRunner.java:236)
	at org.junit.runners.ParentRunner.access$000(ParentRunner.java:53)
	at org.junit.runners.ParentRunner$2.evaluate(ParentRunner.java:229)
	at org.junit.runners.ParentRunner.run(ParentRunner.java:309)
	at org.apache.maven.surefire.junit4.JUnit4Provider.execute(JUnit4Provider.java:365)
	at org.apache.maven.surefire.junit4.JUnit4Provider.executeWithRerun(JUnit4Provider.java:273)
	at org.apache.maven.surefire.junit4.JUnit4Provider.executeTestSet(JUnit4Provider.java:238)
	at org.apache.maven.surefire.junit4.JUnit4Provider.invoke(JUnit4Provider.java:159)
	at org.apache.maven.surefire.booter.ForkedBooter.invokeProviderInSameClassLoader(ForkedBooter.java:384)
	at org.apache.maven.surefire.booter.ForkedBooter.runSuitesInProcess(ForkedBooter.java:345)
	at org.apache.maven.surefire.booter.ForkedBooter.execute(ForkedBooter.java:126)
	at org.apache.maven.surefire.booter.ForkedBooter.main(ForkedBooter.java:418)
2019-08-20 14:48:36,631 WARN  io.KeyOutputStream (KeyOutputStream.java:handleException(276)) - Encountered exception java.io.IOException: Unexpected Storage Container Exception: java.io.IOException: Unexpected Storage Container Exception: java.util.concurrent.TimeoutException on the pipeline Pipeline[ Id: f362e355-f6ef-41d4-bd03-72eeea7e18b3, Nodes: 8f5e4cb6-1775-4ada-928f-cf56c5642961{ip: 192.168.5.159, host: pr-hdds-1948-qmvbp-2153692187, networkLocation: /default-rack, certSerialId: null}158039ed-c458-4a4b-b1db-d7cd6728139c{ip: 192.168.5.159, host: pr-hdds-1948-qmvbp-2153692187, networkLocation: /default-rack, certSerialId: null}96588e65-3762-4805-8efb-634df7011723{ip: 192.168.5.159, host: pr-hdds-1948-qmvbp-2153692187, networkLocation: /default-rack, certSerialId: null}, Type:RATIS, Factor:THREE, State:OPEN]. The last committed block length is 450, uncommitted data length is 350 retry count 0
2019-08-20 14:48:36,658 INFO  client.GrpcClientProtocolClient (GrpcClientProtocolClient.java:onNext(255)) - client-118ED85D89E8->e4059d2f-c87d-4cd5-828c-2357f27d8eee: receive RaftClientReply:client-118ED85D89E8->e4059d2f-c87d-4cd5-828c-2357f27d8eee@group-BD0CD4D1701D, cid=200, FAILED org.apache.ratis.protocol.NotLeaderException: Server e4059d2f-c87d-4cd5-828c-2357f27d8eee is not the leader (ba169736-c915-41bf-b878-2c7563e78ddf:192.168.5.159:43044). Request must be sent to leader., logIndex=0, commits[e4059d2f-c87d-4cd5-828c-2357f27d8eee:c0, ba169736-c915-41bf-b878-2c7563e78ddf:c0, 870a185a-ea3b-485e-988a-44cebca76e3a:c0]
2019-08-20 14:48:36,754 INFO  client.GrpcClientProtocolClient (GrpcClientProtocolClient.java:onNext(255)) - client-118ED85D89E8->ba169736-c915-41bf-b878-2c7563e78ddf: receive RaftClientReply:client-118ED85D89E8->ba169736-c915-41bf-b878-2c7563e78ddf@group-BD0CD4D1701D, cid=200, SUCCESS, logIndex=1, commits[ba169736-c915-41bf-b878-2c7563e78ddf:c1, e4059d2f-c87d-4cd5-828c-2357f27d8eee:c0, 870a185a-ea3b-485e-988a-44cebca76e3a:c0]
2019-08-20 14:48:36,768 INFO  client.GrpcClientProtocolClient (GrpcClientProtocolClient.java:onNext(255)) - client-118ED85D89E8->ba169736-c915-41bf-b878-2c7563e78ddf: receive RaftClientReply:client-118ED85D89E8->ba169736-c915-41bf-b878-2c7563e78ddf@group-BD0CD4D1701D, cid=201, SUCCESS, logIndex=3, commits[ba169736-c915-41bf-b878-2c7563e78ddf:c5, e4059d2f-c87d-4cd5-828c-2357f27d8eee:c1, 870a185a-ea3b-485e-988a-44cebca76e3a:c1]
2019-08-20 14:48:36,824 INFO  client.GrpcClientProtocolClient (GrpcClientProtocolClient.java:onNext(255)) - client-118ED85D89E8->ba169736-c915-41bf-b878-2c7563e78ddf: receive RaftClientReply:client-118ED85D89E8->ba169736-c915-41bf-b878-2c7563e78ddf@group-BD0CD4D1701D, cid=202, SUCCESS, logIndex=4, commits[ba169736-c915-41bf-b878-2c7563e78ddf:c12, e4059d2f-c87d-4cd5-828c-2357f27d8eee:c7, 870a185a-ea3b-485e-988a-44cebca76e3a:c7]
2019-08-20 14:48:36,825 INFO  client.GrpcClientProtocolClient (GrpcClientProtocolClient.java:onNext(255)) - client-118ED85D89E8->ba169736-c915-41bf-b878-2c7563e78ddf: receive RaftClientReply:client-118ED85D89E8->ba169736-c915-41bf-b878-2c7563e78ddf@group-BD0CD4D1701D, cid=203, SUCCESS, logIndex=5, commits[ba169736-c915-41bf-b878-2c7563e78ddf:c12, e4059d2f-c87d-4cd5-828c-2357f27d8eee:c7, 870a185a-ea3b-485e-988a-44cebca76e3a:c7]
2019-08-20 14:48:36,825 INFO  client.GrpcClientProtocolClient (GrpcClientProtocolClient.java:onNext(255)) - client-118ED85D89E8->ba169736-c915-41bf-b878-2c7563e78ddf: receive RaftClientReply:client-118ED85D89E8->ba169736-c915-41bf-b878-2c7563e78ddf@group-BD0CD4D1701D, cid=204, SUCCESS, logIndex=6, commits[ba169736-c915-41bf-b878-2c7563e78ddf:c12, e4059d2f-c87d-4cd5-828c-2357f27d8eee:c7, 870a185a-ea3b-485e-988a-44cebca76e3a:c7]
2019-08-20 14:48:36,951 INFO  client.GrpcClientProtocolClient (GrpcClientProtocolClient.java:onNext(255)) - client-118ED85D89E8->ba169736-c915-41bf-b878-2c7563e78ddf: receive RaftClientReply:client-118ED85D89E8->ba169736-c915-41bf-b878-2c7563e78ddf@group-BD0CD4D1701D, cid=205, SUCCESS, logIndex=7, commits[ba169736-c915-41bf-b878-2c7563e78ddf:c12, e4059d2f-c87d-4cd5-828c-2357f27d8eee:c7, 870a185a-ea3b-485e-988a-44cebca76e3a:c7]
2019-08-20 14:48:36,969 INFO  client.GrpcClientProtocolClient (GrpcClientProtocolClient.java:onNext(255)) - client-118ED85D89E8->ba169736-c915-41bf-b878-2c7563e78ddf: receive RaftClientReply:client-118ED85D89E8->ba169736-c915-41bf-b878-2c7563e78ddf@group-BD0CD4D1701D, cid=206, SUCCESS, logIndex=13, commits[ba169736-c915-41bf-b878-2c7563e78ddf:c14, e4059d2f-c87d-4cd5-828c-2357f27d8eee:c12, 870a185a-ea3b-485e-988a-44cebca76e3a:c12]
2019-08-20 14:48:36,970 INFO  client.GrpcClientProtocolClient (GrpcClientProtocolClient.java:onNext(255)) - client-118ED85D89E8->ba169736-c915-41bf-b878-2c7563e78ddf: receive RaftClientReply:client-118ED85D89E8->ba169736-c915-41bf-b878-2c7563e78ddf@group-BD0CD4D1701D, cid=207, SUCCESS, logIndex=14, commits[ba169736-c915-41bf-b878-2c7563e78ddf:c14, e4059d2f-c87d-4cd5-828c-2357f27d8eee:c12, 870a185a-ea3b-485e-988a-44cebca76e3a:c12]
2019-08-20 14:48:36,983 INFO  client.GrpcClientProtocolClient (GrpcClientProtocolClient.java:onNext(255)) - client-118ED85D89E8->ba169736-c915-41bf-b878-2c7563e78ddf: receive RaftClientReply:client-118ED85D89E8->ba169736-c915-41bf-b878-2c7563e78ddf@group-BD0CD4D1701D, cid=208, SUCCESS, logIndex=0, commits[ba169736-c915-41bf-b878-2c7563e78ddf:c15, e4059d2f-c87d-4cd5-828c-2357f27d8eee:c14, 870a185a-ea3b-485e-988a-44cebca76e3a:c14]
2019-08-20 14:48:36,984 INFO  ozone.MiniOzoneClusterImpl (MiniOzoneClusterImpl.java:shutdown(321)) - Shutting down the Mini Ozone Cluster
2019-08-20 14:48:36,984 INFO  ozone.MiniOzoneClusterImpl (MiniOzoneClusterImpl.java:stop(336)) - Stopping the Mini Ozone Cluster
2019-08-20 14:48:36,984 INFO  ozone.MiniOzoneClusterImpl (MiniOzoneClusterImpl.java:stop(338)) - Stopping the OzoneManager
2019-08-20 14:48:36,984 INFO  ipc.Server (Server.java:stop(3082)) - Stopping server on 36193
2019-08-20 14:48:36,989 INFO  ipc.Server (Server.java:run(1185)) - Stopping IPC Server listener on 36193
2019-08-20 14:48:36,995 INFO  ratis.OzoneManagerDoubleBuffer (OzoneManagerDoubleBuffer.java:stop(248)) - Stopping OMDoubleBuffer flush thread
2019-08-20 14:48:37,003 INFO  ipc.Server (Server.java:run(1319)) - Stopping IPC Server Responder
2019-08-20 14:48:37,007 INFO  ratis.OzoneManagerDoubleBuffer (OzoneManagerDoubleBuffer.java:flushTransactions(191)) - OMDoubleBuffer flush thread OMDoubleBufferFlushThread is interrupted and will exit. OMDoubleBufferFlushThread
2019-08-20 14:48:37,008 INFO  utils.BackgroundService (BackgroundService.java:shutdown(148)) - Shutting down service KeyDeletingService
2019-08-20 14:48:37,009 INFO  handler.ContextHandler (ContextHandler.java:doStop(910)) - Stopped o.e.j.w.WebAppContext@2e871e93{/,null,UNAVAILABLE}{/ozoneManager}
2019-08-20 14:48:37,009 INFO  server.AbstractConnector (AbstractConnector.java:doStop(318)) - Stopped ServerConnector@6c2063e0{HTTP/1.1,[http/1.1]}{0.0.0.0:0}
2019-08-20 14:48:37,010 INFO  handler.ContextHandler (ContextHandler.java:doStop(910)) - Stopped o.e.j.s.ServletContextHandler@19ea65f4{/static,file:///workdir/hadoop-ozone/integration-test/target/test-classes/webapps/static,UNAVAILABLE}
2019-08-20 14:48:37,010 INFO  handler.ContextHandler (ContextHandler.java:doStop(910)) - Stopped o.e.j.s.ServletContextHandler@21d478f3{/logs,file:///workdir/hadoop-ozone/integration-test/target/log,UNAVAILABLE}
2019-08-20 14:48:37,012 INFO  ozone.MiniOzoneClusterImpl (MiniOzoneClusterImpl.java:stop(344)) - Shutting the HddsDatanodes
2019-08-20 14:48:37,012 INFO  datanode.ObjectStoreHandler (ObjectStoreHandler.java:close(155)) - Closing ObjectStoreHandler.
2019-08-20 14:48:37,012 INFO  datanode.ObjectStoreHandler (ObjectStoreHandler.java:close(155)) - Closing ObjectStoreHandler.
2019-08-20 14:48:37,013 INFO  ozone.HddsDatanodeService (HddsDatanodeService.java:stop(451)) - Stopped plug-in org.apache.hadoop.ozone.web.OzoneHddsDatanodeService@1d0590bc
2019-08-20 14:48:37,013 INFO  ozone.HddsDatanodeService (HddsDatanodeService.java:stop(451)) - Stopped plug-in org.apache.hadoop.ozone.web.OzoneHddsDatanodeService@157ff8f8
2019-08-20 14:48:37,130 WARN  server.GrpcLogAppender (LogUtils.java:warn(134)) - 96588e65-3762-4805-8efb-634df7011723->8f5e4cb6-1775-4ada-928f-cf56c5642961: Failed appendEntries: org.apache.ratis.thirdparty.io.grpc.StatusRuntimeException: UNAVAILABLE: io exception
2019-08-20 14:48:37,130 INFO  impl.FollowerInfo (FollowerInfo.java:lambda$new$0(50)) - 96588e65-3762-4805-8efb-634df7011723->8f5e4cb6-1775-4ada-928f-cf56c5642961: nextIndex: updateUnconditionally 16 -> 15
2019-08-20 14:48:37,130 INFO  client.GrpcClientProtocolClient (GrpcClientProtocolClient.java:onNext(255)) - client-C2133280F9BC->96588e65-3762-4805-8efb-634df7011723: receive RaftClientReply:client-C2133280F9BC->96588e65-3762-4805-8efb-634df7011723@group-72EEEA7E18B3, cid=199, SUCCESS, logIndex=0, commits[96588e65-3762-4805-8efb-634df7011723:c26, 158039ed-c458-4a4b-b1db-d7cd6728139c:c26, 8f5e4cb6-1775-4ada-928f-cf56c5642961:c16]
2019-08-20 14:48:37,332 INFO  statemachine.DatanodeStateMachine (DatanodeStateMachine.java:lambda$startDaemon$0(350)) - Ozone container server started.
2019-08-20 14:48:37,344 WARN  server.GrpcLogAppender (LogUtils.java:warn(134)) - 96588e65-3762-4805-8efb-634df7011723->8f5e4cb6-1775-4ada-928f-cf56c5642961: Failed appendEntries: org.apache.ratis.thirdparty.io.grpc.StatusRuntimeException: UNAVAILABLE: io exception
2019-08-20 14:48:37,345 INFO  impl.FollowerInfo (FollowerInfo.java:lambda$new$0(50)) - 96588e65-3762-4805-8efb-634df7011723->8f5e4cb6-1775-4ada-928f-cf56c5642961: nextIndex: updateUnconditionally 16 -> 15
2019-08-20 14:48:37,357 WARN  server.GrpcLogAppender (LogUtils.java:warn(134)) - 96588e65-3762-4805-8efb-634df7011723->8f5e4cb6-1775-4ada-928f-cf56c5642961: Failed appendEntries: org.apache.ratis.thirdparty.io.grpc.StatusRuntimeException: UNAVAILABLE: io exception
2019-08-20 14:48:37,357 INFO  impl.FollowerInfo (FollowerInfo.java:lambda$new$0(50)) - 96588e65-3762-4805-8efb-634df7011723->8f5e4cb6-1775-4ada-928f-cf56c5642961: nextIndex: updateUnconditionally 16 -> 15
2019-08-20 14:48:37,400 WARN  server.GrpcLogAppender (LogUtils.java:warn(134)) - 96588e65-3762-4805-8efb-634df7011723->8f5e4cb6-1775-4ada-928f-cf56c5642961: Failed appendEntries: org.apache.ratis.thirdparty.io.grpc.StatusRuntimeException: UNAVAILABLE: io exception
2019-08-20 14:48:37,401 INFO  impl.FollowerInfo (FollowerInfo.java:lambda$new$0(50)) - 96588e65-3762-4805-8efb-634df7011723->8f5e4cb6-1775-4ada-928f-cf56c5642961: nextIndex: updateUnconditionally 16 -> 15
2019-08-20 14:48:37,449 INFO  interfaces.Container (KeyValueContainer.java:compactDB(356)) - Container 1 is closed with bcsId 22.
2019-08-20 14:48:37,452 INFO  container.IncrementalContainerReportHandler (AbstractContainerReportHandler.java:updateContainerState(176)) - Moving container #1 to CLOSED state, datanode 96588e65-3762-4805-8efb-634df7011723{ip: 192.168.5.159, host: pr-hdds-1948-qmvbp-2153692187, networkLocation: /default-rack, certSerialId: null} reported CLOSED replica.
2019-08-20 14:48:37,476 INFO  interfaces.Container (KeyValueContainer.java:compactDB(356)) - Container 1 is closed with bcsId 22.
2019-08-20 14:48:37,740 INFO  statemachine.DatanodeStateMachine (DatanodeStateMachine.java:lambda$startDaemon$0(350)) - Ozone container server started.
2019-08-20 14:48:39,901 WARN  server.GrpcLogAppender (LogUtils.java:warn(134)) - 96588e65-3762-4805-8efb-634df7011723->8f5e4cb6-1775-4ada-928f-cf56c5642961: Failed appendEntries: org.apache.ratis.thirdparty.io.grpc.StatusRuntimeException: UNAVAILABLE: io exception
2019-08-20 14:48:39,901 INFO  impl.FollowerInfo (FollowerInfo.java:lambda$new$0(50)) - 96588e65-3762-4805-8efb-634df7011723->8f5e4cb6-1775-4ada-928f-cf56c5642961: nextIndex: updateUnconditionally 15 -> 14
2019-08-20 14:48:41,345 INFO  node.StaleNodeHandler (StaleNodeHandler.java:onMessage(58)) - Datanode 158039ed-c458-4a4b-b1db-d7cd6728139c{ip: 192.168.5.159, host: pr-hdds-1948-qmvbp-2153692187, networkLocation: /default-rack, certSerialId: null} moved to stale state. Finalizing its pipelines [PipelineID=001a4421-230b-40fd-bf1c-b07983ecdd37, PipelineID=f362e355-f6ef-41d4-bd03-72eeea7e18b3]
2019-08-20 14:48:41,345 INFO  pipeline.SCMPipelineManager (SCMPipelineManager.java:finalizeAndDestroyPipeline(309)) - destroying pipeline:Pipeline[ Id: 001a4421-230b-40fd-bf1c-b07983ecdd37, Nodes: 158039ed-c458-4a4b-b1db-d7cd6728139c{ip: 192.168.5.159, host: pr-hdds-1948-qmvbp-2153692187, networkLocation: /default-rack, certSerialId: null}, Type:RATIS, Factor:ONE, State:OPEN]
2019-08-20 14:48:41,346 INFO  pipeline.PipelineStateManager (PipelineStateManager.java:finalizePipeline(123)) - Pipeline Pipeline[ Id: 001a4421-230b-40fd-bf1c-b07983ecdd37, Nodes: 158039ed-c458-4a4b-b1db-d7cd6728139c{ip: 192.168.5.159, host: pr-hdds-1948-qmvbp-2153692187, networkLocation: /default-rack, certSerialId: null}, Type:RATIS, Factor:ONE, State:CLOSED] moved to CLOSED state
2019-08-20 14:48:41,346 INFO  pipeline.SCMPipelineManager (SCMPipelineManager.java:finalizeAndDestroyPipeline(309)) - destroying pipeline:Pipeline[ Id: f362e355-f6ef-41d4-bd03-72eeea7e18b3, Nodes: 8f5e4cb6-1775-4ada-928f-cf56c5642961{ip: 192.168.5.159, host: pr-hdds-1948-qmvbp-2153692187, networkLocation: /default-rack, certSerialId: null}158039ed-c458-4a4b-b1db-d7cd6728139c{ip: 192.168.5.159, host: pr-hdds-1948-qmvbp-2153692187, networkLocation: /default-rack, certSerialId: null}96588e65-3762-4805-8efb-634df7011723{ip: 192.168.5.159, host: pr-hdds-1948-qmvbp-2153692187, networkLocation: /default-rack, certSerialId: null}, Type:RATIS, Factor:THREE, State:CLOSED]
2019-08-20 14:48:41,746 INFO  node.StaleNodeHandler (StaleNodeHandler.java:onMessage(58)) - Datanode e4059d2f-c87d-4cd5-828c-2357f27d8eee{ip: 192.168.5.159, host: pr-hdds-1948-qmvbp-2153692187, networkLocation: /default-rack, certSerialId: null} moved to stale state. Finalizing its pipelines [PipelineID=51f3a0ec-e62c-4633-8915-bd0cd4d1701d, PipelineID=beeb2c85-c377-4d18-85e4-8c7ff7a1f841]
2019-08-20 14:48:41,746 INFO  pipeline.SCMPipelineManager (SCMPipelineManager.java:finalizeAndDestroyPipeline(309)) - destroying pipeline:Pipeline[ Id: 51f3a0ec-e62c-4633-8915-bd0cd4d1701d, Nodes: e4059d2f-c87d-4cd5-828c-2357f27d8eee{ip: 192.168.5.159, host: pr-hdds-1948-qmvbp-2153692187, networkLocation: /default-rack, certSerialId: null}870a185a-ea3b-485e-988a-44cebca76e3a{ip: 192.168.5.159, host: pr-hdds-1948-qmvbp-2153692187, networkLocation: /default-rack, certSerialId: null}ba169736-c915-41bf-b878-2c7563e78ddf{ip: 192.168.5.159, host: pr-hdds-1948-qmvbp-2153692187, networkLocation: /default-rack, certSerialId: null}, Type:RATIS, Factor:THREE, State:OPEN]
2019-08-20 14:48:41,746 INFO  pipeline.PipelineStateManager (PipelineStateManager.java:finalizePipeline(123)) - Pipeline Pipeline[ Id: 51f3a0ec-e62c-4633-8915-bd0cd4d1701d, Nodes: e4059d2f-c87d-4cd5-828c-2357f27d8eee{ip: 192.168.5.159, host: pr-hdds-1948-qmvbp-2153692187, networkLocation: /default-rack, certSerialId: null}870a185a-ea3b-485e-988a-44cebca76e3a{ip: 192.168.5.159, host: pr-hdds-1948-qmvbp-2153692187, networkLocation: /default-rack, certSerialId: null}ba169736-c915-41bf-b878-2c7563e78ddf{ip: 192.168.5.159, host: pr-hdds-1948-qmvbp-2153692187, networkLocation: /default-rack, certSerialId: null}, Type:RATIS, Factor:THREE, State:CLOSED] moved to CLOSED state
2019-08-20 14:48:41,746 INFO  container.CloseContainerEventHandler (CloseContainerEventHandler.java:onMessage(61)) - Close container Event triggered for container : #2
2019-08-20 14:48:41,746 INFO  pipeline.SCMPipelineManager (SCMPipelineManager.java:finalizeAndDestroyPipeline(309)) - destroying pipeline:Pipeline[ Id: beeb2c85-c377-4d18-85e4-8c7ff7a1f841, Nodes: e4059d2f-c87d-4cd5-828c-2357f27d8eee{ip: 192.168.5.159, host: pr-hdds-1948-qmvbp-2153692187, networkLocation: /default-rack, certSerialId: null}, Type:RATIS, Factor:ONE, State:OPEN]
2019-08-20 14:48:41,746 INFO  pipeline.PipelineStateManager (PipelineStateManager.java:finalizePipeline(123)) - Pipeline Pipeline[ Id: beeb2c85-c377-4d18-85e4-8c7ff7a1f841, Nodes: e4059d2f-c87d-4cd5-828c-2357f27d8eee{ip: 192.168.5.159, host: pr-hdds-1948-qmvbp-2153692187, networkLocation: /default-rack, certSerialId: null}, Type:RATIS, Factor:ONE, State:CLOSED] moved to CLOSED state
2019-08-20 14:48:42,013 INFO  ozoneimpl.OzoneContainer (OzoneContainer.java:stop(199)) - Attempting to stop container services.
2019-08-20 14:48:42,013 INFO  ozoneimpl.OzoneContainer (OzoneContainer.java:stop(199)) - Attempting to stop container services.
2019-08-20 14:48:42,014 INFO  impl.RaftServerProxy (RaftServerProxy.java:lambda$close$4(314)) - 158039ed-c458-4a4b-b1db-d7cd6728139c: close
2019-08-20 14:48:42,014 INFO  impl.RaftServerProxy (RaftServerProxy.java:lambda$close$4(314)) - e4059d2f-c87d-4cd5-828c-2357f27d8eee: close
2019-08-20 14:48:42,014 INFO  impl.RaftServerImpl (RaftServerImpl.java:lambda$shutdown$3(245)) - 158039ed-c458-4a4b-b1db-d7cd6728139c: shutdown group-B07983ECDD37
2019-08-20 14:48:42,014 INFO  impl.RaftServerImpl (RaftServerImpl.java:lambda$shutdown$3(245)) - e4059d2f-c87d-4cd5-828c-2357f27d8eee: shutdown group-BD0CD4D1701D
2019-08-20 14:48:42,015 INFO  util.JmxRegister (JmxRegister.java:unregister(73)) - Successfully un-registered JMX Bean with object name Ratis:service=RaftServer,group=group-B07983ECDD37,id=158039ed-c458-4a4b-b1db-d7cd6728139c
2019-08-20 14:48:42,015 INFO  util.JmxRegister (JmxRegister.java:unregister(73)) - Successfully un-registered JMX Bean with object name Ratis:service=RaftServer,group=group-BD0CD4D1701D,id=e4059d2f-c87d-4cd5-828c-2357f27d8eee
2019-08-20 14:48:42,015 INFO  impl.RoleInfo (RoleInfo.java:shutdownLeaderState(104)) - 158039ed-c458-4a4b-b1db-d7cd6728139c: shutdown LeaderState
2019-08-20 14:48:42,015 INFO  impl.RoleInfo (RoleInfo.java:shutdownFollowerState(121)) - e4059d2f-c87d-4cd5-828c-2357f27d8eee: shutdown FollowerState
2019-08-20 14:48:42,015 INFO  impl.PendingRequests (PendingRequests.java:sendNotLeaderResponses(202)) - 158039ed-c458-4a4b-b1db-d7cd6728139c-PendingRequests: sendNotLeaderResponses
2019-08-20 14:48:42,016 INFO  ratis.ContainerStateMachine (ContainerStateMachine.java:takeSnapshot(271)) - group-BD0CD4D1701D: Taking a snapshot at:(t:1, i:14) file /workdir/hadoop-ozone/integration-test/target/test-dir/MiniOzoneClusterImpl-28bf5278-a22d-4d68-a509-63d691dcc8f5/datanode-4/data/ratis/51f3a0ec-e62c-4633-8915-bd0cd4d1701d/sm/snapshot.1_14
2019-08-20 14:48:42,016 INFO  impl.StateMachineUpdater (StateMachineUpdater.java:stopAndJoin(115)) - StateMachineUpdater:158039ed-c458-4a4b-b1db-d7cd6728139c:group-B07983ECDD37: set stopIndex = 0
2019-08-20 14:48:42,016 INFO  impl.FollowerState (FollowerState.java:run(114)) - e4059d2f-c87d-4cd5-828c-2357f27d8eee: FollowerState was interrupted: java.lang.InterruptedException: sleep interrupted
2019-08-20 14:48:42,016 INFO  impl.StateMachineUpdater (StateMachineUpdater.java:stopAndJoin(115)) - StateMachineUpdater:e4059d2f-c87d-4cd5-828c-2357f27d8eee:group-BD0CD4D1701D: set stopIndex = 16
2019-08-20 14:48:42,016 INFO  impl.RaftServerImpl (ServerState.java:close(394)) - 158039ed-c458-4a4b-b1db-d7cd6728139c:group-B07983ECDD37 closes. The last applied log index is 0
2019-08-20 14:48:42,018 INFO  segmented.SegmentedRaftLogWorker (SegmentedRaftLogWorker.java:run(313)) - 158039ed-c458-4a4b-b1db-d7cd6728139c-SegmentedRaftLogWorker:Storage Directory /workdir/hadoop-ozone/integration-test/target/test-dir/MiniOzoneClusterImpl-28bf5278-a22d-4d68-a509-63d691dcc8f5/datanode-1/data/ratis/001a4421-230b-40fd-bf1c-b07983ecdd37 was interrupted, exiting. There are 0 tasks remaining in the queue.
2019-08-20 14:48:42,020 INFO  segmented.SegmentedRaftLogWorker (SegmentedRaftLogWorker.java:close(228)) - 158039ed-c458-4a4b-b1db-d7cd6728139c-SegmentedRaftLogWorker:Storage Directory /workdir/hadoop-ozone/integration-test/target/test-dir/MiniOzoneClusterImpl-28bf5278-a22d-4d68-a509-63d691dcc8f5/datanode-1/data/ratis/001a4421-230b-40fd-bf1c-b07983ecdd37 close()
2019-08-20 14:48:42,023 INFO  impl.RaftServerImpl (RaftServerImpl.java:lambda$shutdown$3(245)) - 158039ed-c458-4a4b-b1db-d7cd6728139c: shutdown group-72EEEA7E18B3
2019-08-20 14:48:42,024 INFO  util.JmxRegister (JmxRegister.java:unregister(73)) - Successfully un-registered JMX Bean with object name Ratis:service=RaftServer,group=group-72EEEA7E18B3,id=158039ed-c458-4a4b-b1db-d7cd6728139c
2019-08-20 14:48:42,024 INFO  impl.RoleInfo (RoleInfo.java:shutdownFollowerState(121)) - 158039ed-c458-4a4b-b1db-d7cd6728139c: shutdown FollowerState
2019-08-20 14:48:42,024 INFO  impl.StateMachineUpdater (StateMachineUpdater.java:stopAndJoin(115)) - StateMachineUpdater:158039ed-c458-4a4b-b1db-d7cd6728139c:group-72EEEA7E18B3: set stopIndex = 28
2019-08-20 14:48:42,024 INFO  ratis.ContainerStateMachine (ContainerStateMachine.java:takeSnapshot(271)) - group-72EEEA7E18B3: Taking a snapshot at:(t:1, i:27) file /workdir/hadoop-ozone/integration-test/target/test-dir/MiniOzoneClusterImpl-28bf5278-a22d-4d68-a509-63d691dcc8f5/datanode-1/data/ratis/f362e355-f6ef-41d4-bd03-72eeea7e18b3/sm/snapshot.1_27
2019-08-20 14:48:42,024 INFO  impl.FollowerState (FollowerState.java:run(114)) - 158039ed-c458-4a4b-b1db-d7cd6728139c: FollowerState was interrupted: java.lang.InterruptedException: sleep interrupted
2019-08-20 14:48:42,029 INFO  ratis.ContainerStateMachine (ContainerStateMachine.java:takeSnapshot(282)) - group-BD0CD4D1701D: Finished taking a snapshot at:(t:1, i:14) file:/workdir/hadoop-ozone/integration-test/target/test-dir/MiniOzoneClusterImpl-28bf5278-a22d-4d68-a509-63d691dcc8f5/datanode-4/data/ratis/51f3a0ec-e62c-4633-8915-bd0cd4d1701d/sm/snapshot.1_14 time:14
2019-08-20 14:48:42,029 INFO  impl.StateMachineUpdater (StateMachineUpdater.java:takeSnapshot(242)) - StateMachineUpdater:e4059d2f-c87d-4cd5-828c-2357f27d8eee:group-BD0CD4D1701D: Took a snapshot at index 14
2019-08-20 14:48:42,029 INFO  impl.StateMachineUpdater (StateMachineUpdater.java:lambda$new$0(80)) - StateMachineUpdater:e4059d2f-c87d-4cd5-828c-2357f27d8eee:group-BD0CD4D1701D: snapshotIndex: updateIncreasingly -1 -> 14
2019-08-20 14:48:42,030 INFO  impl.RaftServerImpl (ServerState.java:close(394)) - e4059d2f-c87d-4cd5-828c-2357f27d8eee:group-BD0CD4D1701D closes. The last applied log index is 16
2019-08-20 14:48:42,030 INFO  segmented.SegmentedRaftLogWorker (SegmentedRaftLogWorker.java:run(313)) - e4059d2f-c87d-4cd5-828c-2357f27d8eee-SegmentedRaftLogWorker:Storage Directory /workdir/hadoop-ozone/integration-test/target/test-dir/MiniOzoneClusterImpl-28bf5278-a22d-4d68-a509-63d691dcc8f5/datanode-4/data/ratis/51f3a0ec-e62c-4633-8915-bd0cd4d1701d was interrupted, exiting. There are 0 tasks remaining in the queue.
2019-08-20 14:48:42,031 INFO  ratis.ContainerStateMachine (ContainerStateMachine.java:takeSnapshot(282)) - group-72EEEA7E18B3: Finished taking a snapshot at:(t:1, i:27) file:/workdir/hadoop-ozone/integration-test/target/test-dir/MiniOzoneClusterImpl-28bf5278-a22d-4d68-a509-63d691dcc8f5/datanode-1/data/ratis/f362e355-f6ef-41d4-bd03-72eeea7e18b3/sm/snapshot.1_27 time:7
2019-08-20 14:48:42,032 INFO  impl.StateMachineUpdater (StateMachineUpdater.java:takeSnapshot(242)) - StateMachineUpdater:158039ed-c458-4a4b-b1db-d7cd6728139c:group-72EEEA7E18B3: Took a snapshot at index 27
2019-08-20 14:48:42,032 INFO  segmented.SegmentedRaftLogWorker (SegmentedRaftLogWorker.java:close(228)) - e4059d2f-c87d-4cd5-828c-2357f27d8eee-SegmentedRaftLogWorker:Storage Directory /workdir/hadoop-ozone/integration-test/target/test-dir/MiniOzoneClusterImpl-28bf5278-a22d-4d68-a509-63d691dcc8f5/datanode-4/data/ratis/51f3a0ec-e62c-4633-8915-bd0cd4d1701d close()
2019-08-20 14:48:42,032 INFO  impl.StateMachineUpdater (StateMachineUpdater.java:lambda$new$0(80)) - StateMachineUpdater:158039ed-c458-4a4b-b1db-d7cd6728139c:group-72EEEA7E18B3: snapshotIndex: updateIncreasingly -1 -> 27
2019-08-20 14:48:42,034 INFO  impl.RaftServerImpl (RaftServerImpl.java:lambda$shutdown$3(245)) - e4059d2f-c87d-4cd5-828c-2357f27d8eee: shutdown group-8C7FF7A1F841
2019-08-20 14:48:42,034 INFO  impl.RaftServerImpl (ServerState.java:close(394)) - 158039ed-c458-4a4b-b1db-d7cd6728139c:group-72EEEA7E18B3 closes. The last applied log index is 28
2019-08-20 14:48:42,035 INFO  util.JmxRegister (JmxRegister.java:unregister(73)) - Successfully un-registered JMX Bean with object name Ratis:service=RaftServer,group=group-8C7FF7A1F841,id=e4059d2f-c87d-4cd5-828c-2357f27d8eee
2019-08-20 14:48:42,035 INFO  segmented.SegmentedRaftLogWorker (SegmentedRaftLogWorker.java:run(313)) - 158039ed-c458-4a4b-b1db-d7cd6728139c-SegmentedRaftLogWorker:Storage Directory /workdir/hadoop-ozone/integration-test/target/test-dir/MiniOzoneClusterImpl-28bf5278-a22d-4d68-a509-63d691dcc8f5/datanode-1/data/ratis/f362e355-f6ef-41d4-bd03-72eeea7e18b3 was interrupted, exiting. There are 0 tasks remaining in the queue.
2019-08-20 14:48:42,035 INFO  impl.RoleInfo (RoleInfo.java:shutdownLeaderState(104)) - e4059d2f-c87d-4cd5-828c-2357f27d8eee: shutdown LeaderState
2019-08-20 14:48:42,036 INFO  segmented.SegmentedRaftLogWorker (SegmentedRaftLogWorker.java:close(228)) - 158039ed-c458-4a4b-b1db-d7cd6728139c-SegmentedRaftLogWorker:Storage Directory /workdir/hadoop-ozone/integration-test/target/test-dir/MiniOzoneClusterImpl-28bf5278-a22d-4d68-a509-63d691dcc8f5/datanode-1/data/ratis/f362e355-f6ef-41d4-bd03-72eeea7e18b3 close()
2019-08-20 14:48:42,036 INFO  impl.PendingRequests (PendingRequests.java:sendNotLeaderResponses(202)) - e4059d2f-c87d-4cd5-828c-2357f27d8eee-PendingRequests: sendNotLeaderResponses
2019-08-20 14:48:42,040 INFO  server.GrpcService (GrpcService.java:closeImpl(155)) - 158039ed-c458-4a4b-b1db-d7cd6728139c: shutdown server with port 39013 now
2019-08-20 14:48:42,040 INFO  impl.StateMachineUpdater (StateMachineUpdater.java:stopAndJoin(115)) - StateMachineUpdater:e4059d2f-c87d-4cd5-828c-2357f27d8eee:group-8C7FF7A1F841: set stopIndex = 0
2019-08-20 14:48:42,040 INFO  impl.RaftServerImpl (ServerState.java:close(394)) - e4059d2f-c87d-4cd5-828c-2357f27d8eee:group-8C7FF7A1F841 closes. The last applied log index is 0
2019-08-20 14:48:42,040 INFO  segmented.SegmentedRaftLogWorker (SegmentedRaftLogWorker.java:run(313)) - e4059d2f-c87d-4cd5-828c-2357f27d8eee-SegmentedRaftLogWorker:Storage Directory /workdir/hadoop-ozone/integration-test/target/test-dir/MiniOzoneClusterImpl-28bf5278-a22d-4d68-a509-63d691dcc8f5/datanode-4/data/ratis/beeb2c85-c377-4d18-85e4-8c7ff7a1f841 was interrupted, exiting. There are 0 tasks remaining in the queue.
2019-08-20 14:48:42,040 WARN  server.GrpcServerProtocolService (LogUtils.java:warn(134)) - 158039ed-c458-4a4b-b1db-d7cd6728139c: appendEntries onError: org.apache.ratis.thirdparty.io.grpc.StatusRuntimeException: CANCELLED: cancelled before receiving half close
2019-08-20 14:48:42,042 INFO  segmented.SegmentedRaftLogWorker (SegmentedRaftLogWorker.java:close(228)) - e4059d2f-c87d-4cd5-828c-2357f27d8eee-SegmentedRaftLogWorker:Storage Directory /workdir/hadoop-ozone/integration-test/target/test-dir/MiniOzoneClusterImpl-28bf5278-a22d-4d68-a509-63d691dcc8f5/datanode-4/data/ratis/beeb2c85-c377-4d18-85e4-8c7ff7a1f841 close()
2019-08-20 14:48:42,042 INFO  server.GrpcService (GrpcService.java:closeImpl(163)) - 158039ed-c458-4a4b-b1db-d7cd6728139c: shutdown server with port 39013 successfully
2019-08-20 14:48:42,042 WARN  server.GrpcLogAppender (LogUtils.java:warn(134)) - 96588e65-3762-4805-8efb-634df7011723->158039ed-c458-4a4b-b1db-d7cd6728139c: Failed appendEntries: org.apache.ratis.thirdparty.io.grpc.StatusRuntimeException: CANCELLED: HTTP/2 error code: CANCEL
Received Rst Stream
2019-08-20 14:48:42,044 INFO  server.GrpcService (GrpcService.java:closeImpl(155)) - e4059d2f-c87d-4cd5-828c-2357f27d8eee: shutdown server with port 44589 now
2019-08-20 14:48:42,044 INFO  impl.FollowerInfo (FollowerInfo.java:lambda$new$0(50)) - 96588e65-3762-4805-8efb-634df7011723->158039ed-c458-4a4b-b1db-d7cd6728139c: nextIndex: updateUnconditionally 29 -> 28
2019-08-20 14:48:42,045 INFO  utils.BackgroundService (BackgroundService.java:shutdown(148)) - Shutting down service BlockDeletingService
2019-08-20 14:48:42,045 WARN  server.GrpcServerProtocolService (LogUtils.java:warn(134)) - e4059d2f-c87d-4cd5-828c-2357f27d8eee: appendEntries onError: org.apache.ratis.thirdparty.io.grpc.StatusRuntimeException: CANCELLED: cancelled before receiving half close
2019-08-20 14:48:42,045 INFO  server.GrpcService (GrpcService.java:closeImpl(163)) - e4059d2f-c87d-4cd5-828c-2357f27d8eee: shutdown server with port 44589 successfully
2019-08-20 14:48:42,045 WARN  server.GrpcLogAppender (LogUtils.java:warn(134)) - ba169736-c915-41bf-b878-2c7563e78ddf->e4059d2f-c87d-4cd5-828c-2357f27d8eee: Failed appendEntries: org.apache.ratis.thirdparty.io.grpc.StatusRuntimeException: CANCELLED: HTTP/2 error code: CANCEL
Received Rst Stream
2019-08-20 14:48:42,045 INFO  impl.FollowerInfo (FollowerInfo.java:lambda$new$0(50)) - ba169736-c915-41bf-b878-2c7563e78ddf->e4059d2f-c87d-4cd5-828c-2357f27d8eee: nextIndex: updateUnconditionally 17 -> 16
2019-08-20 14:48:42,046 WARN  fs.CachingGetSpaceUsed (CachingGetSpaceUsed.java:run(183)) - Thread Interrupted waiting to refresh disk information: sleep interrupted
2019-08-20 14:48:42,048 INFO  utils.BackgroundService (BackgroundService.java:shutdown(148)) - Shutting down service BlockDeletingService
2019-08-20 14:48:42,050 WARN  fs.CachingGetSpaceUsed (CachingGetSpaceUsed.java:run(183)) - Thread Interrupted waiting to refresh disk information: sleep interrupted
2019-08-20 14:48:42,063 INFO  statemachine.DatanodeStateMachine (DatanodeStateMachine.java:stopDaemon(395)) - Ozone container server stopped.
2019-08-20 14:48:42,066 INFO  statemachine.DatanodeStateMachine (DatanodeStateMachine.java:stopDaemon(395)) - Ozone container server stopped.
2019-08-20 14:48:42,068 INFO  handler.ContextHandler (ContextHandler.java:doStop(910)) - Stopped o.e.j.w.WebAppContext@d8f65a1{/,null,UNAVAILABLE}{/hddsDatanode}
2019-08-20 14:48:42,068 INFO  handler.ContextHandler (ContextHandler.java:doStop(910)) - Stopped o.e.j.w.WebAppContext@16c3388e{/,null,UNAVAILABLE}{/hddsDatanode}
2019-08-20 14:48:42,069 INFO  server.AbstractConnector (AbstractConnector.java:doStop(318)) - Stopped ServerConnector@5014ccf9{HTTP/1.1,[http/1.1]}{0.0.0.0:0}
2019-08-20 14:48:42,069 INFO  server.AbstractConnector (AbstractConnector.java:doStop(318)) - Stopped ServerConnector@cec1ce2{HTTP/1.1,[http/1.1]}{0.0.0.0:0}
2019-08-20 14:48:42,069 INFO  handler.ContextHandler (ContextHandler.java:doStop(910)) - Stopped o.e.j.s.ServletContextHandler@6f999cf4{/static,jar:file:/home/user/.m2/repository/org/apache/hadoop/hadoop-hdds-container-service/0.5.0-SNAPSHOT/hadoop-hdds-container-service-0.5.0-SNAPSHOT.jar!/webapps/static,UNAVAILABLE}
2019-08-20 14:48:42,070 INFO  handler.ContextHandler (ContextHandler.java:doStop(910)) - Stopped o.e.j.s.ServletContextHandler@c50d1b2{/static,jar:file:/home/user/.m2/repository/org/apache/hadoop/hadoop-hdds-container-service/0.5.0-SNAPSHOT/hadoop-hdds-container-service-0.5.0-SNAPSHOT.jar!/webapps/static,UNAVAILABLE}
2019-08-20 14:48:42,070 INFO  handler.ContextHandler (ContextHandler.java:doStop(910)) - Stopped o.e.j.s.ServletContextHandler@29a51ff1{/logs,file:///workdir/hadoop-ozone/integration-test/target/log,UNAVAILABLE}
2019-08-20 14:48:42,071 INFO  handler.ContextHandler (ContextHandler.java:doStop(910)) - Stopped o.e.j.s.ServletContextHandler@55f29d39{/logs,file:///workdir/hadoop-ozone/integration-test/target/log,UNAVAILABLE}
2019-08-20 14:48:42,072 INFO  datanode.ObjectStoreHandler (ObjectStoreHandler.java:close(155)) - Closing ObjectStoreHandler.
2019-08-20 14:48:42,073 INFO  datanode.ObjectStoreHandler (ObjectStoreHandler.java:close(155)) - Closing ObjectStoreHandler.
2019-08-20 14:48:42,073 INFO  ozone.HddsDatanodeService (HddsDatanodeService.java:stop(451)) - Stopped plug-in org.apache.hadoop.ozone.web.OzoneHddsDatanodeService@c53c04e
2019-08-20 14:48:42,073 INFO  ozone.HddsDatanodeService (HddsDatanodeService.java:stop(451)) - Stopped plug-in org.apache.hadoop.ozone.web.OzoneHddsDatanodeService@566dc0c3
2019-08-20 14:48:42,401 WARN  server.GrpcLogAppender (LogUtils.java:warn(134)) - 96588e65-3762-4805-8efb-634df7011723->8f5e4cb6-1775-4ada-928f-cf56c5642961: Failed appendEntries: org.apache.ratis.thirdparty.io.grpc.StatusRuntimeException: UNAVAILABLE: io exception
2019-08-20 14:48:42,401 WARN  server.GrpcLogAppender (LogUtils.java:warn(134)) - 96588e65-3762-4805-8efb-634df7011723->158039ed-c458-4a4b-b1db-d7cd6728139c: Failed appendEntries: org.apache.ratis.thirdparty.io.grpc.StatusRuntimeException: UNAVAILABLE: io exception
2019-08-20 14:48:42,401 INFO  impl.FollowerInfo (FollowerInfo.java:lambda$new$0(50)) - 96588e65-3762-4805-8efb-634df7011723->8f5e4cb6-1775-4ada-928f-cf56c5642961: nextIndex: updateUnconditionally 14 -> 13
2019-08-20 14:48:42,401 INFO  impl.FollowerInfo (FollowerInfo.java:lambda$new$0(50)) - 96588e65-3762-4805-8efb-634df7011723->158039ed-c458-4a4b-b1db-d7cd6728139c: nextIndex: updateUnconditionally 28 -> 27
2019-08-20 14:48:42,451 INFO  statemachine.DatanodeStateMachine (DatanodeStateMachine.java:lambda$startDaemon$0(350)) - Ozone container server started.
2019-08-20 14:48:42,741 INFO  statemachine.DatanodeStateMachine (DatanodeStateMachine.java:lambda$startDaemon$0(350)) - Ozone container server started.
2019-08-20 14:48:44,488 WARN  server.GrpcLogAppender (LogUtils.java:warn(134)) - ba169736-c915-41bf-b878-2c7563e78ddf->e4059d2f-c87d-4cd5-828c-2357f27d8eee: Failed appendEntries: org.apache.ratis.thirdparty.io.grpc.StatusRuntimeException: UNAVAILABLE: io exception
2019-08-20 14:48:44,488 INFO  impl.FollowerInfo (FollowerInfo.java:lambda$new$0(50)) - ba169736-c915-41bf-b878-2c7563e78ddf->e4059d2f-c87d-4cd5-828c-2357f27d8eee: nextIndex: updateUnconditionally 16 -> 15
2019-08-20 14:48:44,857 INFO  client.GrpcClientProtocolService (GrpcClientProtocolService.java:lambda$processClientRequest$0(278)) - Failed RaftClientRequest:client-C2133280F9BC->96588e65-3762-4805-8efb-634df7011723@group-72EEEA7E18B3, cid=198, seq=0, Watch-ALL_COMMITTED(22), Message:<EMPTY>, reply=RaftClientReply:client-C2133280F9BC->96588e65-3762-4805-8efb-634df7011723@group-72EEEA7E18B3, cid=198, FAILED org.apache.ratis.protocol.NotReplicatedException: Request with call Id 198 and log index 22 is not yet replicated to ALL_COMMITTED, logIndex=22, commits[96588e65-3762-4805-8efb-634df7011723:c28, 158039ed-c458-4a4b-b1db-d7cd6728139c:c28, 8f5e4cb6-1775-4ada-928f-cf56c5642961:c16]
2019-08-20 14:48:44,861 INFO  client.GrpcClientProtocolClient (GrpcClientProtocolClient.java:onNext(255)) - client-C2133280F9BC->96588e65-3762-4805-8efb-634df7011723: receive RaftClientReply:client-C2133280F9BC->96588e65-3762-4805-8efb-634df7011723@group-72EEEA7E18B3, cid=198, FAILED org.apache.ratis.protocol.NotReplicatedException: Request with call Id 198 and log index 22 is not yet replicated to ALL_COMMITTED, logIndex=22, commits[96588e65-3762-4805-8efb-634df7011723:c28, 158039ed-c458-4a4b-b1db-d7cd6728139c:c28, 8f5e4cb6-1775-4ada-928f-cf56c5642961:c16]
2019-08-20 14:48:44,901 WARN  server.GrpcLogAppender (LogUtils.java:warn(134)) - 96588e65-3762-4805-8efb-634df7011723->8f5e4cb6-1775-4ada-928f-cf56c5642961: Failed appendEntries: org.apache.ratis.thirdparty.io.grpc.StatusRuntimeException: UNAVAILABLE: io exception
2019-08-20 14:48:44,901 INFO  impl.FollowerInfo (FollowerInfo.java:lambda$new$0(50)) - 96588e65-3762-4805-8efb-634df7011723->8f5e4cb6-1775-4ada-928f-cf56c5642961: nextIndex: updateUnconditionally 13 -> 12
2019-08-20 14:48:44,902 WARN  server.GrpcLogAppender (LogUtils.java:warn(134)) - 96588e65-3762-4805-8efb-634df7011723->158039ed-c458-4a4b-b1db-d7cd6728139c: Failed appendEntries: org.apache.ratis.thirdparty.io.grpc.StatusRuntimeException: UNAVAILABLE: io exception
2019-08-20 14:48:44,902 INFO  impl.FollowerInfo (FollowerInfo.java:lambda$new$0(50)) - 96588e65-3762-4805-8efb-634df7011723->158039ed-c458-4a4b-b1db-d7cd6728139c: nextIndex: updateUnconditionally 27 -> 26
2019-08-20 14:48:45,654 WARN  server.GrpcLogAppender (LogUtils.java:warn(134)) - ba169736-c915-41bf-b878-2c7563e78ddf->e4059d2f-c87d-4cd5-828c-2357f27d8eee: Failed appendEntries: org.apache.ratis.thirdparty.io.grpc.StatusRuntimeException: UNAVAILABLE: io exception
2019-08-20 14:48:45,654 INFO  impl.FollowerInfo (FollowerInfo.java:lambda$new$0(50)) - ba169736-c915-41bf-b878-2c7563e78ddf->e4059d2f-c87d-4cd5-828c-2357f27d8eee: nextIndex: updateUnconditionally 16 -> 15
2019-08-20 14:48:45,667 WARN  server.GrpcLogAppender (LogUtils.java:warn(134)) - ba169736-c915-41bf-b878-2c7563e78ddf->e4059d2f-c87d-4cd5-828c-2357f27d8eee: Failed appendEntries: org.apache.ratis.thirdparty.io.grpc.StatusRuntimeException: UNAVAILABLE: io exception
2019-08-20 14:48:45,667 INFO  impl.FollowerInfo (FollowerInfo.java:lambda$new$0(50)) - ba169736-c915-41bf-b878-2c7563e78ddf->e4059d2f-c87d-4cd5-828c-2357f27d8eee: nextIndex: updateUnconditionally 16 -> 15
2019-08-20 14:48:45,678 WARN  server.GrpcLogAppender (LogUtils.java:warn(134)) - ba169736-c915-41bf-b878-2c7563e78ddf->e4059d2f-c87d-4cd5-828c-2357f27d8eee: Failed appendEntries: org.apache.ratis.thirdparty.io.grpc.StatusRuntimeException: UNAVAILABLE: io exception
2019-08-20 14:48:45,678 INFO  impl.FollowerInfo (FollowerInfo.java:lambda$new$0(50)) - ba169736-c915-41bf-b878-2c7563e78ddf->e4059d2f-c87d-4cd5-828c-2357f27d8eee: nextIndex: updateUnconditionally 16 -> 15
2019-08-20 14:48:45,709 INFO  interfaces.Container (KeyValueContainer.java:compactDB(356)) - Container 2 is closed with bcsId 14.
2019-08-20 14:48:45,710 INFO  container.IncrementalContainerReportHandler (AbstractContainerReportHandler.java:updateContainerState(176)) - Moving container #2 to CLOSED state, datanode ba169736-c915-41bf-b878-2c7563e78ddf{ip: 192.168.5.159, host: pr-hdds-1948-qmvbp-2153692187, networkLocation: /default-rack, certSerialId: null} reported CLOSED replica.
2019-08-20 14:48:45,725 INFO  interfaces.Container (KeyValueContainer.java:compactDB(356)) - Container 2 is closed with bcsId 14.
2019-08-20 14:48:46,551 INFO  node.StaleNodeHandler (StaleNodeHandler.java:onMessage(58)) - Datanode 96588e65-3762-4805-8efb-634df7011723{ip: 192.168.5.159, host: pr-hdds-1948-qmvbp-2153692187, networkLocation: /default-rack, certSerialId: null} moved to stale state. Finalizing its pipelines [PipelineID=3fc351e4-65b1-416c-ba88-b03cce77e5f0, PipelineID=f362e355-f6ef-41d4-bd03-72eeea7e18b3]
2019-08-20 14:48:46,551 INFO  pipeline.SCMPipelineManager (SCMPipelineManager.java:finalizeAndDestroyPipeline(309)) - destroying pipeline:Pipeline[ Id: 3fc351e4-65b1-416c-ba88-b03cce77e5f0, Nodes: 96588e65-3762-4805-8efb-634df7011723{ip: 192.168.5.159, host: pr-hdds-1948-qmvbp-2153692187, networkLocation: /default-rack, certSerialId: null}, Type:RATIS, Factor:ONE, State:OPEN]
2019-08-20 14:48:46,551 INFO  pipeline.PipelineStateManager (PipelineStateManager.java:finalizePipeline(123)) - Pipeline Pipeline[ Id: 3fc351e4-65b1-416c-ba88-b03cce77e5f0, Nodes: 96588e65-3762-4805-8efb-634df7011723{ip: 192.168.5.159, host: pr-hdds-1948-qmvbp-2153692187, networkLocation: /default-rack, certSerialId: null}, Type:RATIS, Factor:ONE, State:CLOSED] moved to CLOSED state
2019-08-20 14:48:46,551 INFO  pipeline.SCMPipelineManager (SCMPipelineManager.java:finalizeAndDestroyPipeline(309)) - destroying pipeline:Pipeline[ Id: f362e355-f6ef-41d4-bd03-72eeea7e18b3, Nodes: 8f5e4cb6-1775-4ada-928f-cf56c5642961{ip: 192.168.5.159, host: pr-hdds-1948-qmvbp-2153692187, networkLocation: /default-rack, certSerialId: null}158039ed-c458-4a4b-b1db-d7cd6728139c{ip: 192.168.5.159, host: pr-hdds-1948-qmvbp-2153692187, networkLocation: /default-rack, certSerialId: null}96588e65-3762-4805-8efb-634df7011723{ip: 192.168.5.159, host: pr-hdds-1948-qmvbp-2153692187, networkLocation: /default-rack, certSerialId: null}, Type:RATIS, Factor:THREE, State:CLOSED]
2019-08-20 14:48:46,751 INFO  node.StaleNodeHandler (StaleNodeHandler.java:onMessage(58)) - Datanode 870a185a-ea3b-485e-988a-44cebca76e3a{ip: 192.168.5.159, host: pr-hdds-1948-qmvbp-2153692187, networkLocation: /default-rack, certSerialId: null} moved to stale state. Finalizing its pipelines [PipelineID=56783016-10f0-422f-aee8-22faa260f666, PipelineID=51f3a0ec-e62c-4633-8915-bd0cd4d1701d]
2019-08-20 14:48:46,751 INFO  pipeline.SCMPipelineManager (SCMPipelineManager.java:finalizeAndDestroyPipeline(309)) - destroying pipeline:Pipeline[ Id: 56783016-10f0-422f-aee8-22faa260f666, Nodes: 870a185a-ea3b-485e-988a-44cebca76e3a{ip: 192.168.5.159, host: pr-hdds-1948-qmvbp-2153692187, networkLocation: /default-rack, certSerialId: null}, Type:RATIS, Factor:ONE, State:OPEN]
2019-08-20 14:48:46,751 INFO  pipeline.PipelineStateManager (PipelineStateManager.java:finalizePipeline(123)) - Pipeline Pipeline[ Id: 56783016-10f0-422f-aee8-22faa260f666, Nodes: 870a185a-ea3b-485e-988a-44cebca76e3a{ip: 192.168.5.159, host: pr-hdds-1948-qmvbp-2153692187, networkLocation: /default-rack, certSerialId: null}, Type:RATIS, Factor:ONE, State:CLOSED] moved to CLOSED state
2019-08-20 14:48:46,751 INFO  pipeline.SCMPipelineManager (SCMPipelineManager.java:finalizeAndDestroyPipeline(309)) - destroying pipeline:Pipeline[ Id: 51f3a0ec-e62c-4633-8915-bd0cd4d1701d, Nodes: e4059d2f-c87d-4cd5-828c-2357f27d8eee{ip: 192.168.5.159, host: pr-hdds-1948-qmvbp-2153692187, networkLocation: /default-rack, certSerialId: null}870a185a-ea3b-485e-988a-44cebca76e3a{ip: 192.168.5.159, host: pr-hdds-1948-qmvbp-2153692187, networkLocation: /default-rack, certSerialId: null}ba169736-c915-41bf-b878-2c7563e78ddf{ip: 192.168.5.159, host: pr-hdds-1948-qmvbp-2153692187, networkLocation: /default-rack, certSerialId: null}, Type:RATIS, Factor:THREE, State:CLOSED]
2019-08-20 14:48:47,074 INFO  ozoneimpl.OzoneContainer (OzoneContainer.java:stop(199)) - Attempting to stop container services.
2019-08-20 14:48:47,074 INFO  ozoneimpl.OzoneContainer (OzoneContainer.java:stop(199)) - Attempting to stop container services.
2019-08-20 14:48:47,074 INFO  impl.RaftServerProxy (RaftServerProxy.java:lambda$close$4(314)) - 96588e65-3762-4805-8efb-634df7011723: close
2019-08-20 14:48:47,074 INFO  impl.RaftServerProxy (RaftServerProxy.java:lambda$close$4(314)) - 870a185a-ea3b-485e-988a-44cebca76e3a: close
2019-08-20 14:48:47,075 INFO  impl.RaftServerImpl (RaftServerImpl.java:lambda$shutdown$3(245)) - 96588e65-3762-4805-8efb-634df7011723: shutdown group-B03CCE77E5F0
2019-08-20 14:48:47,075 INFO  impl.RaftServerImpl (RaftServerImpl.java:lambda$shutdown$3(245)) - 870a185a-ea3b-485e-988a-44cebca76e3a: shutdown group-22FAA260F666
2019-08-20 14:48:47,075 INFO  util.JmxRegister (JmxRegister.java:unregister(73)) - Successfully un-registered JMX Bean with object name Ratis:service=RaftServer,group=group-B03CCE77E5F0,id=96588e65-3762-4805-8efb-634df7011723
2019-08-20 14:48:47,075 INFO  util.JmxRegister (JmxRegister.java:unregister(73)) - Successfully un-registered JMX Bean with object name Ratis:service=RaftServer,group=group-22FAA260F666,id=870a185a-ea3b-485e-988a-44cebca76e3a
2019-08-20 14:48:47,076 INFO  impl.RoleInfo (RoleInfo.java:shutdownLeaderState(104)) - 96588e65-3762-4805-8efb-634df7011723: shutdown LeaderState
2019-08-20 14:48:47,076 INFO  impl.RoleInfo (RoleInfo.java:shutdownLeaderState(104)) - 870a185a-ea3b-485e-988a-44cebca76e3a: shutdown LeaderState
2019-08-20 14:48:47,076 INFO  impl.PendingRequests (PendingRequests.java:sendNotLeaderResponses(202)) - 96588e65-3762-4805-8efb-634df7011723-PendingRequests: sendNotLeaderResponses
2019-08-20 14:48:47,077 INFO  impl.PendingRequests (PendingRequests.java:sendNotLeaderResponses(202)) - 870a185a-ea3b-485e-988a-44cebca76e3a-PendingRequests: sendNotLeaderResponses
2019-08-20 14:48:47,077 INFO  impl.StateMachineUpdater (StateMachineUpdater.java:stopAndJoin(115)) - StateMachineUpdater:96588e65-3762-4805-8efb-634df7011723:group-B03CCE77E5F0: set stopIndex = 0
2019-08-20 14:48:47,077 INFO  impl.StateMachineUpdater (StateMachineUpdater.java:stopAndJoin(115)) - StateMachineUpdater:870a185a-ea3b-485e-988a-44cebca76e3a:group-22FAA260F666: set stopIndex = 0
2019-08-20 14:48:47,078 INFO  impl.RaftServerImpl (ServerState.java:close(394)) - 870a185a-ea3b-485e-988a-44cebca76e3a:group-22FAA260F666 closes. The last applied log index is 0
2019-08-20 14:48:47,077 INFO  impl.RaftServerImpl (ServerState.java:close(394)) - 96588e65-3762-4805-8efb-634df7011723:group-B03CCE77E5F0 closes. The last applied log index is 0
2019-08-20 14:48:47,078 INFO  segmented.SegmentedRaftLogWorker (SegmentedRaftLogWorker.java:run(313)) - 870a185a-ea3b-485e-988a-44cebca76e3a-SegmentedRaftLogWorker:Storage Directory /workdir/hadoop-ozone/integration-test/target/test-dir/MiniOzoneClusterImpl-28bf5278-a22d-4d68-a509-63d691dcc8f5/datanode-3/data/ratis/56783016-10f0-422f-aee8-22faa260f666 was interrupted, exiting. There are 0 tasks remaining in the queue.
2019-08-20 14:48:47,079 INFO  segmented.SegmentedRaftLogWorker (SegmentedRaftLogWorker.java:run(313)) - 96588e65-3762-4805-8efb-634df7011723-SegmentedRaftLogWorker:Storage Directory /workdir/hadoop-ozone/integration-test/target/test-dir/MiniOzoneClusterImpl-28bf5278-a22d-4d68-a509-63d691dcc8f5/datanode-2/data/ratis/3fc351e4-65b1-416c-ba88-b03cce77e5f0 was interrupted, exiting. There are 0 tasks remaining in the queue.
2019-08-20 14:48:47,081 INFO  segmented.SegmentedRaftLogWorker (SegmentedRaftLogWorker.java:close(228)) - 870a185a-ea3b-485e-988a-44cebca76e3a-SegmentedRaftLogWorker:Storage Directory /workdir/hadoop-ozone/integration-test/target/test-dir/MiniOzoneClusterImpl-28bf5278-a22d-4d68-a509-63d691dcc8f5/datanode-3/data/ratis/56783016-10f0-422f-aee8-22faa260f666 close()
2019-08-20 14:48:47,082 INFO  segmented.SegmentedRaftLogWorker (SegmentedRaftLogWorker.java:close(228)) - 96588e65-3762-4805-8efb-634df7011723-SegmentedRaftLogWorker:Storage Directory /workdir/hadoop-ozone/integration-test/target/test-dir/MiniOzoneClusterImpl-28bf5278-a22d-4d68-a509-63d691dcc8f5/datanode-2/data/ratis/3fc351e4-65b1-416c-ba88-b03cce77e5f0 close()
2019-08-20 14:48:47,086 INFO  impl.RaftServerImpl (RaftServerImpl.java:lambda$shutdown$3(245)) - 870a185a-ea3b-485e-988a-44cebca76e3a: shutdown group-BD0CD4D1701D
2019-08-20 14:48:47,089 INFO  impl.RaftServerImpl (RaftServerImpl.java:lambda$shutdown$3(245)) - 96588e65-3762-4805-8efb-634df7011723: shutdown group-72EEEA7E18B3
2019-08-20 14:48:47,089 INFO  util.JmxRegister (JmxRegister.java:unregister(73)) - Successfully un-registered JMX Bean with object name Ratis:service=RaftServer,group=group-BD0CD4D1701D,id=870a185a-ea3b-485e-988a-44cebca76e3a
2019-08-20 14:48:47,090 INFO  util.JmxRegister (JmxRegister.java:unregister(73)) - Successfully un-registered JMX Bean with object name Ratis:service=RaftServer,group=group-72EEEA7E18B3,id=96588e65-3762-4805-8efb-634df7011723
2019-08-20 14:48:47,090 INFO  impl.RoleInfo (RoleInfo.java:shutdownFollowerState(121)) - 870a185a-ea3b-485e-988a-44cebca76e3a: shutdown FollowerState
2019-08-20 14:48:47,090 INFO  impl.RoleInfo (RoleInfo.java:shutdownLeaderState(104)) - 96588e65-3762-4805-8efb-634df7011723: shutdown LeaderState
2019-08-20 14:48:47,091 INFO  ratis.ContainerStateMachine (ContainerStateMachine.java:takeSnapshot(271)) - group-BD0CD4D1701D: Taking a snapshot at:(t:1, i:17) file /workdir/hadoop-ozone/integration-test/target/test-dir/MiniOzoneClusterImpl-28bf5278-a22d-4d68-a509-63d691dcc8f5/datanode-3/data/ratis/51f3a0ec-e62c-4633-8915-bd0cd4d1701d/sm/snapshot.1_17
2019-08-20 14:48:47,091 INFO  impl.FollowerState (FollowerState.java:run(114)) - 870a185a-ea3b-485e-988a-44cebca76e3a: FollowerState was interrupted: java.lang.InterruptedException: sleep interrupted
2019-08-20 14:48:47,091 INFO  impl.StateMachineUpdater (StateMachineUpdater.java:stopAndJoin(115)) - StateMachineUpdater:870a185a-ea3b-485e-988a-44cebca76e3a:group-BD0CD4D1701D: set stopIndex = 17
2019-08-20 14:48:47,094 WARN  server.GrpcLogAppender (GrpcLogAppender.java:mayWait(143)) - GrpcLogAppender(96588e65-3762-4805-8efb-634df7011723->8f5e4cb6-1775-4ada-928f-cf56c5642961): Wait interrupted by java.lang.InterruptedException
2019-08-20 14:48:47,094 WARN  server.GrpcLogAppender (GrpcLogAppender.java:mayWait(143)) - GrpcLogAppender(96588e65-3762-4805-8efb-634df7011723->158039ed-c458-4a4b-b1db-d7cd6728139c): Wait interrupted by java.lang.InterruptedException
2019-08-20 14:48:47,094 INFO  impl.PendingRequests (PendingRequests.java:sendNotLeaderResponses(202)) - 96588e65-3762-4805-8efb-634df7011723-PendingRequests: sendNotLeaderResponses
2019-08-20 14:48:47,099 INFO  impl.StateMachineUpdater (StateMachineUpdater.java:stopAndJoin(115)) - StateMachineUpdater:96588e65-3762-4805-8efb-634df7011723:group-72EEEA7E18B3: set stopIndex = 28
2019-08-20 14:48:47,099 INFO  client.GrpcClientProtocolService (GrpcClientProtocolService.java:lambda$processClientRequest$0(278)) - Failed RaftClientRequest:client-C2133280F9BC->96588e65-3762-4805-8efb-634df7011723@group-72EEEA7E18B3, cid=198, seq=0, Watch-ALL_COMMITTED(22), Message:<EMPTY>, reply=RaftClientReply:client-C2133280F9BC->96588e65-3762-4805-8efb-634df7011723@group-72EEEA7E18B3, cid=198, FAILED org.apache.ratis.protocol.NotLeaderException: Server 96588e65-3762-4805-8efb-634df7011723 is not the leader (null). Request must be sent to leader., logIndex=0, commits[96588e65-3762-4805-8efb-634df7011723:c28]
2019-08-20 14:48:47,099 INFO  ratis.ContainerStateMachine (ContainerStateMachine.java:takeSnapshot(271)) - group-72EEEA7E18B3: Taking a snapshot at:(t:1, i:28) file /workdir/hadoop-ozone/integration-test/target/test-dir/MiniOzoneClusterImpl-28bf5278-a22d-4d68-a509-63d691dcc8f5/datanode-2/data/ratis/f362e355-f6ef-41d4-bd03-72eeea7e18b3/sm/snapshot.1_28
2019-08-20 14:48:47,099 INFO  client.GrpcClientProtocolService (GrpcClientProtocolService.java:lambda$processClientRequest$0(278)) - Failed RaftClientRequest:client-C2133280F9BC->96588e65-3762-4805-8efb-634df7011723@group-72EEEA7E18B3, cid=198, seq=0, Watch-ALL_COMMITTED(22), Message:<EMPTY>, reply=RaftClientReply:client-C2133280F9BC->96588e65-3762-4805-8efb-634df7011723@group-72EEEA7E18B3, cid=198, FAILED org.apache.ratis.protocol.NotLeaderException: Server 96588e65-3762-4805-8efb-634df7011723 is not the leader (null). Request must be sent to leader., logIndex=0, commits[96588e65-3762-4805-8efb-634df7011723:c28]
2019-08-20 14:48:47,100 INFO  client.GrpcClientProtocolClient (GrpcClientProtocolClient.java:onNext(255)) - client-C2133280F9BC->96588e65-3762-4805-8efb-634df7011723: receive RaftClientReply:client-C2133280F9BC->96588e65-3762-4805-8efb-634df7011723@group-72EEEA7E18B3, cid=198, FAILED org.apache.ratis.protocol.NotLeaderException: Server 96588e65-3762-4805-8efb-634df7011723 is not the leader (null). Request must be sent to leader., logIndex=0, commits[96588e65-3762-4805-8efb-634df7011723:c28]
2019-08-20 14:48:47,101 INFO  client.GrpcClientProtocolClient (GrpcClientProtocolClient.java:onNext(255)) - client-C2133280F9BC->96588e65-3762-4805-8efb-634df7011723: receive RaftClientReply:client-C2133280F9BC->96588e65-3762-4805-8efb-634df7011723@group-72EEEA7E18B3, cid=198, FAILED org.apache.ratis.protocol.NotLeaderException: Server 96588e65-3762-4805-8efb-634df7011723 is not the leader (null). Request must be sent to leader., logIndex=0, commits[96588e65-3762-4805-8efb-634df7011723:c28]
2019-08-20 14:48:47,101 INFO  ratis.ContainerStateMachine (ContainerStateMachine.java:takeSnapshot(282)) - group-BD0CD4D1701D: Finished taking a snapshot at:(t:1, i:17) file:/workdir/hadoop-ozone/integration-test/target/test-dir/MiniOzoneClusterImpl-28bf5278-a22d-4d68-a509-63d691dcc8f5/datanode-3/data/ratis/51f3a0ec-e62c-4633-8915-bd0cd4d1701d/sm/snapshot.1_17 time:11
2019-08-20 14:48:47,101 INFO  impl.StateMachineUpdater (StateMachineUpdater.java:takeSnapshot(242)) - StateMachineUpdater:870a185a-ea3b-485e-988a-44cebca76e3a:group-BD0CD4D1701D: Took a snapshot at index 17
2019-08-20 14:48:47,101 INFO  impl.StateMachineUpdater (StateMachineUpdater.java:lambda$new$0(80)) - StateMachineUpdater:870a185a-ea3b-485e-988a-44cebca76e3a:group-BD0CD4D1701D: snapshotIndex: updateIncreasingly -1 -> 17
2019-08-20 14:48:47,102 INFO  impl.RaftServerImpl (ServerState.java:close(394)) - 870a185a-ea3b-485e-988a-44cebca76e3a:group-BD0CD4D1701D closes. The last applied log index is 17
2019-08-20 14:48:47,102 INFO  segmented.SegmentedRaftLogWorker (SegmentedRaftLogWorker.java:run(313)) - 870a185a-ea3b-485e-988a-44cebca76e3a-SegmentedRaftLogWorker:Storage Directory /workdir/hadoop-ozone/integration-test/target/test-dir/MiniOzoneClusterImpl-28bf5278-a22d-4d68-a509-63d691dcc8f5/datanode-3/data/ratis/51f3a0ec-e62c-4633-8915-bd0cd4d1701d was interrupted, exiting. There are 0 tasks remaining in the queue.
2019-08-20 14:48:47,104 INFO  ratis.ContainerStateMachine (ContainerStateMachine.java:takeSnapshot(282)) - group-72EEEA7E18B3: Finished taking a snapshot at:(t:1, i:28) file:/workdir/hadoop-ozone/integration-test/target/test-dir/MiniOzoneClusterImpl-28bf5278-a22d-4d68-a509-63d691dcc8f5/datanode-2/data/ratis/f362e355-f6ef-41d4-bd03-72eeea7e18b3/sm/snapshot.1_28 time:4
2019-08-20 14:48:47,104 INFO  impl.StateMachineUpdater (StateMachineUpdater.java:takeSnapshot(242)) - StateMachineUpdater:96588e65-3762-4805-8efb-634df7011723:group-72EEEA7E18B3: Took a snapshot at index 28
2019-08-20 14:48:47,104 INFO  segmented.SegmentedRaftLogWorker (SegmentedRaftLogWorker.java:close(228)) - 870a185a-ea3b-485e-988a-44cebca76e3a-SegmentedRaftLogWorker:Storage Directory /workdir/hadoop-ozone/integration-test/target/test-dir/MiniOzoneClusterImpl-28bf5278-a22d-4d68-a509-63d691dcc8f5/datanode-3/data/ratis/51f3a0ec-e62c-4633-8915-bd0cd4d1701d close()
2019-08-20 14:48:47,104 INFO  impl.StateMachineUpdater (StateMachineUpdater.java:lambda$new$0(80)) - StateMachineUpdater:96588e65-3762-4805-8efb-634df7011723:group-72EEEA7E18B3: snapshotIndex: updateIncreasingly -1 -> 28
2019-08-20 14:48:47,107 INFO  server.GrpcService (GrpcService.java:closeImpl(155)) - 870a185a-ea3b-485e-988a-44cebca76e3a: shutdown server with port 45748 now
2019-08-20 14:48:47,107 INFO  impl.RaftServerImpl (ServerState.java:close(394)) - 96588e65-3762-4805-8efb-634df7011723:group-72EEEA7E18B3 closes. The last applied log index is 28
2019-08-20 14:48:47,107 INFO  segmented.SegmentedRaftLogWorker (SegmentedRaftLogWorker.java:run(313)) - 96588e65-3762-4805-8efb-634df7011723-SegmentedRaftLogWorker:Storage Directory /workdir/hadoop-ozone/integration-test/target/test-dir/MiniOzoneClusterImpl-28bf5278-a22d-4d68-a509-63d691dcc8f5/datanode-2/data/ratis/f362e355-f6ef-41d4-bd03-72eeea7e18b3 was interrupted, exiting. There are 0 tasks remaining in the queue.
2019-08-20 14:48:47,107 WARN  server.GrpcServerProtocolService (LogUtils.java:warn(134)) - 870a185a-ea3b-485e-988a-44cebca76e3a: appendEntries onError: org.apache.ratis.thirdparty.io.grpc.StatusRuntimeException: CANCELLED: cancelled before receiving half close
2019-08-20 14:48:47,107 INFO  server.GrpcService (GrpcService.java:closeImpl(163)) - 870a185a-ea3b-485e-988a-44cebca76e3a: shutdown server with port 45748 successfully
2019-08-20 14:48:47,109 WARN  server.GrpcLogAppender (LogUtils.java:warn(134)) - ba169736-c915-41bf-b878-2c7563e78ddf->870a185a-ea3b-485e-988a-44cebca76e3a: Failed appendEntries: org.apache.ratis.thirdparty.io.grpc.StatusRuntimeException: CANCELLED: HTTP/2 error code: CANCEL
Received Rst Stream
2019-08-20 14:48:47,109 INFO  segmented.SegmentedRaftLogWorker (SegmentedRaftLogWorker.java:close(228)) - 96588e65-3762-4805-8efb-634df7011723-SegmentedRaftLogWorker:Storage Directory /workdir/hadoop-ozone/integration-test/target/test-dir/MiniOzoneClusterImpl-28bf5278-a22d-4d68-a509-63d691dcc8f5/datanode-2/data/ratis/f362e355-f6ef-41d4-bd03-72eeea7e18b3 close()
2019-08-20 14:48:47,109 INFO  impl.FollowerInfo (FollowerInfo.java:lambda$new$0(50)) - ba169736-c915-41bf-b878-2c7563e78ddf->870a185a-ea3b-485e-988a-44cebca76e3a: nextIndex: updateUnconditionally 19 -> 18
2019-08-20 14:48:47,118 INFO  utils.BackgroundService (BackgroundService.java:shutdown(148)) - Shutting down service BlockDeletingService
2019-08-20 14:48:47,118 INFO  server.GrpcService (GrpcService.java:closeImpl(155)) - 96588e65-3762-4805-8efb-634df7011723: shutdown server with port 38811 now
2019-08-20 14:48:47,120 WARN  client.GrpcClientProtocolService (LogUtils.java:warn(134)) - 2-UnorderedRequestStreamObserver2: onError: org.apache.ratis.thirdparty.io.grpc.StatusRuntimeException: CANCELLED: cancelled before receiving half close
2019-08-20 14:48:47,120 INFO  server.GrpcService (GrpcService.java:closeImpl(163)) - 96588e65-3762-4805-8efb-634df7011723: shutdown server with port 38811 successfully
2019-08-20 14:48:47,120 WARN  fs.CachingGetSpaceUsed (CachingGetSpaceUsed.java:run(183)) - Thread Interrupted waiting to refresh disk information: sleep interrupted
2019-08-20 14:48:47,122 INFO  utils.BackgroundService (BackgroundService.java:shutdown(148)) - Shutting down service BlockDeletingService
2019-08-20 14:48:47,124 WARN  fs.CachingGetSpaceUsed (CachingGetSpaceUsed.java:run(183)) - Thread Interrupted waiting to refresh disk information: sleep interrupted
2019-08-20 14:48:47,139 INFO  statemachine.DatanodeStateMachine (DatanodeStateMachine.java:stopDaemon(395)) - Ozone container server stopped.
2019-08-20 14:48:47,143 INFO  handler.ContextHandler (ContextHandler.java:doStop(910)) - Stopped o.e.j.w.WebAppContext@7bc46dde{/,null,UNAVAILABLE}{/hddsDatanode}
2019-08-20 14:48:47,144 INFO  statemachine.DatanodeStateMachine (DatanodeStateMachine.java:stopDaemon(395)) - Ozone container server stopped.
2019-08-20 14:48:47,144 INFO  server.AbstractConnector (AbstractConnector.java:doStop(318)) - Stopped ServerConnector@409b1740{HTTP/1.1,[http/1.1]}{0.0.0.0:0}
2019-08-20 14:48:47,146 INFO  handler.ContextHandler (ContextHandler.java:doStop(910)) - Stopped o.e.j.s.ServletContextHandler@533a8540{/static,jar:file:/home/user/.m2/repository/org/apache/hadoop/hadoop-hdds-container-service/0.5.0-SNAPSHOT/hadoop-hdds-container-service-0.5.0-SNAPSHOT.jar!/webapps/static,UNAVAILABLE}
2019-08-20 14:48:47,146 INFO  handler.ContextHandler (ContextHandler.java:doStop(910)) - Stopped o.e.j.w.WebAppContext@2f318251{/,null,UNAVAILABLE}{/hddsDatanode}
2019-08-20 14:48:47,147 INFO  handler.ContextHandler (ContextHandler.java:doStop(910)) - Stopped o.e.j.s.ServletContextHandler@12e3cf1c{/logs,file:///workdir/hadoop-ozone/integration-test/target/log,UNAVAILABLE}
2019-08-20 14:48:47,148 INFO  server.AbstractConnector (AbstractConnector.java:doStop(318)) - Stopped ServerConnector@219c10c2{HTTP/1.1,[http/1.1]}{0.0.0.0:0}
2019-08-20 14:48:47,148 INFO  datanode.ObjectStoreHandler (ObjectStoreHandler.java:close(155)) - Closing ObjectStoreHandler.
2019-08-20 14:48:47,148 INFO  handler.ContextHandler (ContextHandler.java:doStop(910)) - Stopped o.e.j.s.ServletContextHandler@2700f556{/static,jar:file:/home/user/.m2/repository/org/apache/hadoop/hadoop-hdds-container-service/0.5.0-SNAPSHOT/hadoop-hdds-container-service-0.5.0-SNAPSHOT.jar!/webapps/static,UNAVAILABLE}
2019-08-20 14:48:47,148 INFO  ozone.HddsDatanodeService (HddsDatanodeService.java:stop(451)) - Stopped plug-in org.apache.hadoop.ozone.web.OzoneHddsDatanodeService@69ca71b3
2019-08-20 14:48:47,148 INFO  handler.ContextHandler (ContextHandler.java:doStop(910)) - Stopped o.e.j.s.ServletContextHandler@1d9295e2{/logs,file:///workdir/hadoop-ozone/integration-test/target/log,UNAVAILABLE}
2019-08-20 14:48:47,149 INFO  datanode.ObjectStoreHandler (ObjectStoreHandler.java:close(155)) - Closing ObjectStoreHandler.
2019-08-20 14:48:47,149 INFO  ozone.HddsDatanodeService (HddsDatanodeService.java:stop(451)) - Stopped plug-in org.apache.hadoop.ozone.web.OzoneHddsDatanodeService@5f804b36
2019-08-20 14:48:47,709 INFO  statemachine.DatanodeStateMachine (DatanodeStateMachine.java:lambda$startDaemon$0(350)) - Ozone container server started.
2019-08-20 14:48:48,118 INFO  statemachine.DatanodeStateMachine (DatanodeStateMachine.java:lambda$startDaemon$0(350)) - Ozone container server started.
2019-08-20 14:48:48,178 WARN  server.GrpcLogAppender (LogUtils.java:warn(134)) - ba169736-c915-41bf-b878-2c7563e78ddf->870a185a-ea3b-485e-988a-44cebca76e3a: Failed appendEntries: org.apache.ratis.thirdparty.io.grpc.StatusRuntimeException: UNAVAILABLE: io exception
2019-08-20 14:48:48,178 WARN  server.GrpcLogAppender (LogUtils.java:warn(134)) - ba169736-c915-41bf-b878-2c7563e78ddf->e4059d2f-c87d-4cd5-828c-2357f27d8eee: Failed appendEntries: org.apache.ratis.thirdparty.io.grpc.StatusRuntimeException: UNAVAILABLE: io exception
2019-08-20 14:48:48,178 INFO  impl.FollowerInfo (FollowerInfo.java:lambda$new$0(50)) - ba169736-c915-41bf-b878-2c7563e78ddf->870a185a-ea3b-485e-988a-44cebca76e3a: nextIndex: updateUnconditionally 18 -> 17
2019-08-20 14:48:48,179 INFO  impl.FollowerInfo (FollowerInfo.java:lambda$new$0(50)) - ba169736-c915-41bf-b878-2c7563e78ddf->e4059d2f-c87d-4cd5-828c-2357f27d8eee: nextIndex: updateUnconditionally 15 -> 14
2019-08-20 14:48:50,679 WARN  server.GrpcLogAppender (LogUtils.java:warn(134)) - ba169736-c915-41bf-b878-2c7563e78ddf->870a185a-ea3b-485e-988a-44cebca76e3a: Failed appendEntries: org.apache.ratis.thirdparty.io.grpc.StatusRuntimeException: UNAVAILABLE: io exception
2019-08-20 14:48:50,679 WARN  server.GrpcLogAppender (LogUtils.java:warn(134)) - ba169736-c915-41bf-b878-2c7563e78ddf->e4059d2f-c87d-4cd5-828c-2357f27d8eee: Failed appendEntries: org.apache.ratis.thirdparty.io.grpc.StatusRuntimeException: UNAVAILABLE: io exception
2019-08-20 14:48:50,679 INFO  impl.FollowerInfo (FollowerInfo.java:lambda$new$0(50)) - ba169736-c915-41bf-b878-2c7563e78ddf->870a185a-ea3b-485e-988a-44cebca76e3a: nextIndex: updateUnconditionally 17 -> 16
2019-08-20 14:48:50,680 INFO  impl.FollowerInfo (FollowerInfo.java:lambda$new$0(50)) - ba169736-c915-41bf-b878-2c7563e78ddf->e4059d2f-c87d-4cd5-828c-2357f27d8eee: nextIndex: updateUnconditionally 14 -> 13
2019-08-20 14:48:51,757 INFO  node.StaleNodeHandler (StaleNodeHandler.java:onMessage(58)) - Datanode ba169736-c915-41bf-b878-2c7563e78ddf{ip: 192.168.5.159, host: pr-hdds-1948-qmvbp-2153692187, networkLocation: /default-rack, certSerialId: null} moved to stale state. Finalizing its pipelines [PipelineID=51f3a0ec-e62c-4633-8915-bd0cd4d1701d, PipelineID=3f25c74a-44e5-4d14-bbaf-0ff786f3e4a3]
2019-08-20 14:48:51,757 INFO  pipeline.SCMPipelineManager (SCMPipelineManager.java:finalizeAndDestroyPipeline(309)) - destroying pipeline:Pipeline[ Id: 51f3a0ec-e62c-4633-8915-bd0cd4d1701d, Nodes: e4059d2f-c87d-4cd5-828c-2357f27d8eee{ip: 192.168.5.159, host: pr-hdds-1948-qmvbp-2153692187, networkLocation: /default-rack, certSerialId: null}870a185a-ea3b-485e-988a-44cebca76e3a{ip: 192.168.5.159, host: pr-hdds-1948-qmvbp-2153692187, networkLocation: /default-rack, certSerialId: null}ba169736-c915-41bf-b878-2c7563e78ddf{ip: 192.168.5.159, host: pr-hdds-1948-qmvbp-2153692187, networkLocation: /default-rack, certSerialId: null}, Type:RATIS, Factor:THREE, State:CLOSED]
2019-08-20 14:48:51,757 INFO  pipeline.SCMPipelineManager (SCMPipelineManager.java:finalizeAndDestroyPipeline(309)) - destroying pipeline:Pipeline[ Id: 3f25c74a-44e5-4d14-bbaf-0ff786f3e4a3, Nodes: ba169736-c915-41bf-b878-2c7563e78ddf{ip: 192.168.5.159, host: pr-hdds-1948-qmvbp-2153692187, networkLocation: /default-rack, certSerialId: null}, Type:RATIS, Factor:ONE, State:OPEN]
2019-08-20 14:48:51,757 INFO  pipeline.PipelineStateManager (PipelineStateManager.java:finalizePipeline(123)) - Pipeline Pipeline[ Id: 3f25c74a-44e5-4d14-bbaf-0ff786f3e4a3, Nodes: ba169736-c915-41bf-b878-2c7563e78ddf{ip: 192.168.5.159, host: pr-hdds-1948-qmvbp-2153692187, networkLocation: /default-rack, certSerialId: null}, Type:RATIS, Factor:ONE, State:CLOSED] moved to CLOSED state
2019-08-20 14:48:52,149 INFO  ozoneimpl.OzoneContainer (OzoneContainer.java:stop(199)) - Attempting to stop container services.
2019-08-20 14:48:52,149 INFO  impl.RaftServerProxy (RaftServerProxy.java:lambda$close$4(314)) - 1b258722-3691-42bc-9430-40eb6b2f07d9: close
2019-08-20 14:48:52,150 INFO  impl.RaftServerImpl (RaftServerImpl.java:lambda$shutdown$3(245)) - 1b258722-3691-42bc-9430-40eb6b2f07d9: shutdown group-F869F32DD52C
2019-08-20 14:48:52,150 INFO  ozoneimpl.OzoneContainer (OzoneContainer.java:stop(199)) - Attempting to stop container services.
2019-08-20 14:48:52,150 INFO  util.JmxRegister (JmxRegister.java:unregister(73)) - Successfully un-registered JMX Bean with object name Ratis:service=RaftServer,group=group-F869F32DD52C,id=1b258722-3691-42bc-9430-40eb6b2f07d9
2019-08-20 14:48:52,150 INFO  impl.RaftServerProxy (RaftServerProxy.java:lambda$close$4(314)) - ba169736-c915-41bf-b878-2c7563e78ddf: close
2019-08-20 14:48:52,151 INFO  impl.RoleInfo (RoleInfo.java:shutdownLeaderState(104)) - 1b258722-3691-42bc-9430-40eb6b2f07d9: shutdown LeaderState
2019-08-20 14:48:52,151 INFO  impl.RaftServerImpl (RaftServerImpl.java:lambda$shutdown$3(245)) - ba169736-c915-41bf-b878-2c7563e78ddf: shutdown group-BD0CD4D1701D
2019-08-20 14:48:52,151 INFO  impl.PendingRequests (PendingRequests.java:sendNotLeaderResponses(202)) - 1b258722-3691-42bc-9430-40eb6b2f07d9-PendingRequests: sendNotLeaderResponses
2019-08-20 14:48:52,151 INFO  util.JmxRegister (JmxRegister.java:unregister(73)) - Successfully un-registered JMX Bean with object name Ratis:service=RaftServer,group=group-BD0CD4D1701D,id=ba169736-c915-41bf-b878-2c7563e78ddf
2019-08-20 14:48:52,152 INFO  impl.StateMachineUpdater (StateMachineUpdater.java:stopAndJoin(115)) - StateMachineUpdater:1b258722-3691-42bc-9430-40eb6b2f07d9:group-F869F32DD52C: set stopIndex = 0
2019-08-20 14:48:52,152 INFO  impl.RoleInfo (RoleInfo.java:shutdownLeaderState(104)) - ba169736-c915-41bf-b878-2c7563e78ddf: shutdown LeaderState
2019-08-20 14:48:52,152 INFO  impl.RaftServerImpl (ServerState.java:close(394)) - 1b258722-3691-42bc-9430-40eb6b2f07d9:group-F869F32DD52C closes. The last applied log index is 0
2019-08-20 14:48:52,155 WARN  server.GrpcLogAppender (GrpcLogAppender.java:mayWait(143)) - GrpcLogAppender(ba169736-c915-41bf-b878-2c7563e78ddf->870a185a-ea3b-485e-988a-44cebca76e3a): Wait interrupted by java.lang.InterruptedException
2019-08-20 14:48:52,155 INFO  impl.PendingRequests (PendingRequests.java:sendNotLeaderResponses(202)) - ba169736-c915-41bf-b878-2c7563e78ddf-PendingRequests: sendNotLeaderResponses
2019-08-20 14:48:52,155 WARN  server.GrpcLogAppender (GrpcLogAppender.java:mayWait(143)) - GrpcLogAppender(ba169736-c915-41bf-b878-2c7563e78ddf->e4059d2f-c87d-4cd5-828c-2357f27d8eee): Wait interrupted by java.lang.InterruptedException
2019-08-20 14:48:52,155 INFO  segmented.SegmentedRaftLogWorker (SegmentedRaftLogWorker.java:run(313)) - 1b258722-3691-42bc-9430-40eb6b2f07d9-SegmentedRaftLogWorker:Storage Directory /workdir/hadoop-ozone/integration-test/target/test-dir/MiniOzoneClusterImpl-28bf5278-a22d-4d68-a509-63d691dcc8f5/datanode-6/data/ratis/eda7d236-d9e5-4cff-8fe9-f869f32dd52c was interrupted, exiting. There are 0 tasks remaining in the queue.
2019-08-20 14:48:52,160 INFO  impl.StateMachineUpdater (StateMachineUpdater.java:stopAndJoin(115)) - StateMachineUpdater:ba169736-c915-41bf-b878-2c7563e78ddf:group-BD0CD4D1701D: set stopIndex = 18
2019-08-20 14:48:52,160 INFO  node.StaleNodeHandler (StaleNodeHandler.java:onMessage(58)) - Datanode 1b258722-3691-42bc-9430-40eb6b2f07d9{ip: 192.168.5.159, host: pr-hdds-1948-qmvbp-2153692187, networkLocation: /default-rack, certSerialId: null} moved to stale state. Finalizing its pipelines [PipelineID=eda7d236-d9e5-4cff-8fe9-f869f32dd52c]
2019-08-20 14:48:52,160 INFO  segmented.SegmentedRaftLogWorker (SegmentedRaftLogWorker.java:close(228)) - 1b258722-3691-42bc-9430-40eb6b2f07d9-SegmentedRaftLogWorker:Storage Directory /workdir/hadoop-ozone/integration-test/target/test-dir/MiniOzoneClusterImpl-28bf5278-a22d-4d68-a509-63d691dcc8f5/datanode-6/data/ratis/eda7d236-d9e5-4cff-8fe9-f869f32dd52c close()
2019-08-20 14:48:52,160 INFO  ratis.ContainerStateMachine (ContainerStateMachine.java:takeSnapshot(271)) - group-BD0CD4D1701D: Taking a snapshot at:(t:1, i:18) file /workdir/hadoop-ozone/integration-test/target/test-dir/MiniOzoneClusterImpl-28bf5278-a22d-4d68-a509-63d691dcc8f5/datanode-5/data/ratis/51f3a0ec-e62c-4633-8915-bd0cd4d1701d/sm/snapshot.1_18
2019-08-20 14:48:52,161 INFO  server.GrpcService (GrpcService.java:closeImpl(155)) - 1b258722-3691-42bc-9430-40eb6b2f07d9: shutdown server with port 40461 now
2019-08-20 14:48:52,160 INFO  pipeline.SCMPipelineManager (SCMPipelineManager.java:finalizeAndDestroyPipeline(309)) - destroying pipeline:Pipeline[ Id: eda7d236-d9e5-4cff-8fe9-f869f32dd52c, Nodes: 1b258722-3691-42bc-9430-40eb6b2f07d9{ip: 192.168.5.159, host: pr-hdds-1948-qmvbp-2153692187, networkLocation: /default-rack, certSerialId: null}, Type:RATIS, Factor:ONE, State:OPEN]
2019-08-20 14:48:52,165 INFO  server.GrpcService (GrpcService.java:closeImpl(163)) - 1b258722-3691-42bc-9430-40eb6b2f07d9: shutdown server with port 40461 successfully
2019-08-20 14:48:52,165 INFO  pipeline.PipelineStateManager (PipelineStateManager.java:finalizePipeline(123)) - Pipeline Pipeline[ Id: eda7d236-d9e5-4cff-8fe9-f869f32dd52c, Nodes: 1b258722-3691-42bc-9430-40eb6b2f07d9{ip: 192.168.5.159, host: pr-hdds-1948-qmvbp-2153692187, networkLocation: /default-rack, certSerialId: null}, Type:RATIS, Factor:ONE, State:CLOSED] moved to CLOSED state
2019-08-20 14:48:52,165 INFO  utils.BackgroundService (BackgroundService.java:shutdown(148)) - Shutting down service BlockDeletingService
2019-08-20 14:48:52,167 WARN  fs.CachingGetSpaceUsed (CachingGetSpaceUsed.java:run(183)) - Thread Interrupted waiting to refresh disk information: sleep interrupted
2019-08-20 14:48:52,175 INFO  ratis.ContainerStateMachine (ContainerStateMachine.java:takeSnapshot(282)) - group-BD0CD4D1701D: Finished taking a snapshot at:(t:1, i:18) file:/workdir/hadoop-ozone/integration-test/target/test-dir/MiniOzoneClusterImpl-28bf5278-a22d-4d68-a509-63d691dcc8f5/datanode-5/data/ratis/51f3a0ec-e62c-4633-8915-bd0cd4d1701d/sm/snapshot.1_18 time:15
2019-08-20 14:48:52,175 INFO  impl.StateMachineUpdater (StateMachineUpdater.java:takeSnapshot(242)) - StateMachineUpdater:ba169736-c915-41bf-b878-2c7563e78ddf:group-BD0CD4D1701D: Took a snapshot at index 18
2019-08-20 14:48:52,175 INFO  impl.StateMachineUpdater (StateMachineUpdater.java:lambda$new$0(80)) - StateMachineUpdater:ba169736-c915-41bf-b878-2c7563e78ddf:group-BD0CD4D1701D: snapshotIndex: updateIncreasingly -1 -> 18
2019-08-20 14:48:52,175 INFO  impl.RaftServerImpl (ServerState.java:close(394)) - ba169736-c915-41bf-b878-2c7563e78ddf:group-BD0CD4D1701D closes. The last applied log index is 18
2019-08-20 14:48:52,175 INFO  segmented.SegmentedRaftLogWorker (SegmentedRaftLogWorker.java:run(313)) - ba169736-c915-41bf-b878-2c7563e78ddf-SegmentedRaftLogWorker:Storage Directory /workdir/hadoop-ozone/integration-test/target/test-dir/MiniOzoneClusterImpl-28bf5278-a22d-4d68-a509-63d691dcc8f5/datanode-5/data/ratis/51f3a0ec-e62c-4633-8915-bd0cd4d1701d was interrupted, exiting. There are 0 tasks remaining in the queue.
2019-08-20 14:48:52,176 INFO  segmented.SegmentedRaftLogWorker (SegmentedRaftLogWorker.java:close(228)) - ba169736-c915-41bf-b878-2c7563e78ddf-SegmentedRaftLogWorker:Storage Directory /workdir/hadoop-ozone/integration-test/target/test-dir/MiniOzoneClusterImpl-28bf5278-a22d-4d68-a509-63d691dcc8f5/datanode-5/data/ratis/51f3a0ec-e62c-4633-8915-bd0cd4d1701d close()
2019-08-20 14:48:52,177 INFO  impl.RaftServerImpl (RaftServerImpl.java:lambda$shutdown$3(245)) - ba169736-c915-41bf-b878-2c7563e78ddf: shutdown group-0FF786F3E4A3
2019-08-20 14:48:52,177 INFO  util.JmxRegister (JmxRegister.java:unregister(73)) - Successfully un-registered JMX Bean with object name Ratis:service=RaftServer,group=group-0FF786F3E4A3,id=ba169736-c915-41bf-b878-2c7563e78ddf
2019-08-20 14:48:52,177 INFO  impl.RoleInfo (RoleInfo.java:shutdownLeaderState(104)) - ba169736-c915-41bf-b878-2c7563e78ddf: shutdown LeaderState
2019-08-20 14:48:52,177 INFO  impl.PendingRequests (PendingRequests.java:sendNotLeaderResponses(202)) - ba169736-c915-41bf-b878-2c7563e78ddf-PendingRequests: sendNotLeaderResponses
2019-08-20 14:48:52,178 INFO  impl.StateMachineUpdater (StateMachineUpdater.java:stopAndJoin(115)) - StateMachineUpdater:ba169736-c915-41bf-b878-2c7563e78ddf:group-0FF786F3E4A3: set stopIndex = 0
2019-08-20 14:48:52,178 INFO  impl.RaftServerImpl (ServerState.java:close(394)) - ba169736-c915-41bf-b878-2c7563e78ddf:group-0FF786F3E4A3 closes. The last applied log index is 0
2019-08-20 14:48:52,178 INFO  segmented.SegmentedRaftLogWorker (SegmentedRaftLogWorker.java:run(313)) - ba169736-c915-41bf-b878-2c7563e78ddf-SegmentedRaftLogWorker:Storage Directory /workdir/hadoop-ozone/integration-test/target/test-dir/MiniOzoneClusterImpl-28bf5278-a22d-4d68-a509-63d691dcc8f5/datanode-5/data/ratis/3f25c74a-44e5-4d14-bbaf-0ff786f3e4a3 was interrupted, exiting. There are 0 tasks remaining in the queue.
2019-08-20 14:48:52,178 INFO  segmented.SegmentedRaftLogWorker (SegmentedRaftLogWorker.java:close(228)) - ba169736-c915-41bf-b878-2c7563e78ddf-SegmentedRaftLogWorker:Storage Directory /workdir/hadoop-ozone/integration-test/target/test-dir/MiniOzoneClusterImpl-28bf5278-a22d-4d68-a509-63d691dcc8f5/datanode-5/data/ratis/3f25c74a-44e5-4d14-bbaf-0ff786f3e4a3 close()
2019-08-20 14:48:52,179 INFO  server.GrpcService (GrpcService.java:closeImpl(155)) - ba169736-c915-41bf-b878-2c7563e78ddf: shutdown server with port 43044 now
2019-08-20 14:48:52,180 WARN  client.GrpcClientProtocolService (LogUtils.java:warn(134)) - 1-UnorderedRequestStreamObserver1: onError: org.apache.ratis.thirdparty.io.grpc.StatusRuntimeException: CANCELLED: cancelled before receiving half close
2019-08-20 14:48:52,180 INFO  server.GrpcService (GrpcService.java:closeImpl(163)) - ba169736-c915-41bf-b878-2c7563e78ddf: shutdown server with port 43044 successfully
2019-08-20 14:48:52,183 INFO  utils.BackgroundService (BackgroundService.java:shutdown(148)) - Shutting down service BlockDeletingService
2019-08-20 14:48:52,184 WARN  fs.CachingGetSpaceUsed (CachingGetSpaceUsed.java:run(183)) - Thread Interrupted waiting to refresh disk information: sleep interrupted
2019-08-20 14:48:52,190 INFO  statemachine.DatanodeStateMachine (DatanodeStateMachine.java:stopDaemon(395)) - Ozone container server stopped.
2019-08-20 14:48:52,193 INFO  handler.ContextHandler (ContextHandler.java:doStop(910)) - Stopped o.e.j.w.WebAppContext@5078e308{/,null,UNAVAILABLE}{/hddsDatanode}
2019-08-20 14:48:52,194 INFO  server.AbstractConnector (AbstractConnector.java:doStop(318)) - Stopped ServerConnector@2045a469{HTTP/1.1,[http/1.1]}{0.0.0.0:0}
2019-08-20 14:48:52,197 INFO  handler.ContextHandler (ContextHandler.java:doStop(910)) - Stopped o.e.j.s.ServletContextHandler@41628b4f{/static,jar:file:/home/user/.m2/repository/org/apache/hadoop/hadoop-hdds-container-service/0.5.0-SNAPSHOT/hadoop-hdds-container-service-0.5.0-SNAPSHOT.jar!/webapps/static,UNAVAILABLE}
2019-08-20 14:48:52,197 INFO  handler.ContextHandler (ContextHandler.java:doStop(910)) - Stopped o.e.j.s.ServletContextHandler@97842a0{/logs,file:///workdir/hadoop-ozone/integration-test/target/log,UNAVAILABLE}
2019-08-20 14:48:52,202 INFO  statemachine.DatanodeStateMachine (DatanodeStateMachine.java:stopDaemon(395)) - Ozone container server stopped.
2019-08-20 14:48:52,203 INFO  handler.ContextHandler (ContextHandler.java:doStop(910)) - Stopped o.e.j.w.WebAppContext@4ca6f587{/,null,UNAVAILABLE}{/hddsDatanode}
2019-08-20 14:48:52,204 INFO  server.AbstractConnector (AbstractConnector.java:doStop(318)) - Stopped ServerConnector@6442c2dd{HTTP/1.1,[http/1.1]}{0.0.0.0:0}
2019-08-20 14:48:52,204 INFO  handler.ContextHandler (ContextHandler.java:doStop(910)) - Stopped o.e.j.s.ServletContextHandler@23b62cc3{/static,jar:file:/home/user/.m2/repository/org/apache/hadoop/hadoop-hdds-container-service/0.5.0-SNAPSHOT/hadoop-hdds-container-service-0.5.0-SNAPSHOT.jar!/webapps/static,UNAVAILABLE}
2019-08-20 14:48:52,204 INFO  handler.ContextHandler (ContextHandler.java:doStop(910)) - Stopped o.e.j.s.ServletContextHandler@2da7ef3e{/logs,file:///workdir/hadoop-ozone/integration-test/target/log,UNAVAILABLE}
2019-08-20 14:48:52,205 INFO  ozone.MiniOzoneClusterImpl (MiniOzoneClusterImpl.java:stop(353)) - Stopping the StorageContainerManager
2019-08-20 14:48:52,205 INFO  server.StorageContainerManager (StorageContainerManager.java:stop(797)) - Stopping Replication Manager Service.
2019-08-20 14:48:52,205 INFO  container.ReplicationManager (ReplicationManager.java:stop(187)) - Stopping Replication Monitor Thread.
2019-08-20 14:48:52,205 INFO  server.StorageContainerManager (StorageContainerManager.java:stop(804)) - Stopping Lease Manager of the command watchers
2019-08-20 14:48:52,205 INFO  server.StorageContainerManager (StorageContainerManager.java:stop(811)) - Stopping datanode service RPC server
2019-08-20 14:48:52,206 INFO  server.SCMDatanodeProtocolServer (SCMDatanodeProtocolServer.java:stop(367)) - Stopping the RPC server for DataNodes
2019-08-20 14:48:52,206 INFO  ipc.Server (Server.java:stop(3082)) - Stopping server on 44126
2019-08-20 14:48:52,207 INFO  ipc.Server (Server.java:run(1185)) - Stopping IPC Server listener on 44126
2019-08-20 14:48:52,208 INFO  ipc.Server (Server.java:run(1319)) - Stopping IPC Server Responder
2019-08-20 14:48:52,260 WARN  node.NodeStateManager (NodeStateManager.java:scheduleNextHealthCheck(646)) - Current Thread is interrupted, shutting down HB processing thread for Node Manager.
2019-08-20 14:48:52,260 INFO  server.StorageContainerManager (StorageContainerManager.java:stop(819)) - Stopping block service RPC server
2019-08-20 14:48:52,260 INFO  server.SCMBlockProtocolServer (SCMBlockProtocolServer.java:stop(148)) - Stopping the RPC server for Block Protocol
2019-08-20 14:48:52,260 INFO  ipc.Server (Server.java:stop(3082)) - Stopping server on 37486
2019-08-20 14:48:52,262 INFO  server.StorageContainerManager (StorageContainerManager.java:stop(826)) - Stopping the StorageContainerLocationProtocol RPC server
2019-08-20 14:48:52,262 INFO  ipc.Server (Server.java:run(1185)) - Stopping IPC Server listener on 37486
2019-08-20 14:48:52,262 INFO  server.SCMClientProtocolServer (SCMClientProtocolServer.java:stop(159)) - Stopping the RPC server for Client Protocol
2019-08-20 14:48:52,264 INFO  ipc.Server (Server.java:stop(3082)) - Stopping server on 40275
2019-08-20 14:48:52,263 INFO  ipc.Server (Server.java:run(1319)) - Stopping IPC Server Responder
2019-08-20 14:48:52,265 INFO  ipc.Server (Server.java:run(1185)) - Stopping IPC Server listener on 40275
2019-08-20 14:48:52,267 INFO  server.StorageContainerManager (StorageContainerManager.java:stop(833)) - Stopping Storage Container Manager HTTP server.
2019-08-20 14:48:52,268 INFO  ipc.Server (Server.java:run(1319)) - Stopping IPC Server Responder
2019-08-20 14:48:52,272 INFO  handler.ContextHandler (ContextHandler.java:doStop(910)) - Stopped o.e.j.w.WebAppContext@7322013f{/,null,UNAVAILABLE}{/scm}
2019-08-20 14:48:52,272 INFO  server.AbstractConnector (AbstractConnector.java:doStop(318)) - Stopped ServerConnector@3a744e32{HTTP/1.1,[http/1.1]}{0.0.0.0:0}
2019-08-20 14:48:52,273 INFO  handler.ContextHandler (ContextHandler.java:doStop(910)) - Stopped o.e.j.s.ServletContextHandler@522221e1{/static,file:///workdir/hadoop-ozone/integration-test/target/test-classes/webapps/static,UNAVAILABLE}
2019-08-20 14:48:52,273 INFO  handler.ContextHandler (ContextHandler.java:doStop(910)) - Stopped o.e.j.s.ServletContextHandler@63be4548{/logs,file:///workdir/hadoop-ozone/integration-test/target/log,UNAVAILABLE}
2019-08-20 14:48:52,274 INFO  server.StorageContainerManager (StorageContainerManager.java:stop(844)) - Stopping Block Manager Service.
2019-08-20 14:48:52,274 INFO  utils.BackgroundService (BackgroundService.java:shutdown(148)) - Shutting down service SCMBlockDeletingService
2019-08-20 14:48:52,274 INFO  utils.BackgroundService (BackgroundService.java:shutdown(148)) - Shutting down service SCMBlockDeletingService
2019-08-20 14:48:52,275 INFO  server.StorageContainerManager (StorageContainerManager.java:stop(866)) - Stopping SCM Event Queue.
2019-08-20 14:48:52,278 INFO  impl.MetricsSystemImpl (MetricsSystemImpl.java:stop(210)) - Stopping HddsDatanode metrics system...
2019-08-20 14:48:52,288 INFO  impl.MetricsSystemImpl (MetricsSystemImpl.java:stop(216)) - HddsDatanode metrics system stopped.
]]></system-out>
    <system-err><![CDATA[Aug 20, 2019 2:48:18 PM com.sun.jersey.server.impl.application.WebApplicationImpl _initiate
INFO: Initiating Jersey application, version 'Jersey: 1.19 02/11/2015 03:25 AM'
Aug 20, 2019 2:48:19 PM com.sun.jersey.server.impl.application.WebApplicationImpl _initiate
INFO: Initiating Jersey application, version 'Jersey: 1.19 02/11/2015 03:25 AM'
Aug 20, 2019 2:48:19 PM com.sun.jersey.server.impl.application.WebApplicationImpl _initiate
INFO: Initiating Jersey application, version 'Jersey: 1.19 02/11/2015 03:25 AM'
Aug 20, 2019 2:48:19 PM com.sun.jersey.server.impl.application.WebApplicationImpl _initiate
INFO: Initiating Jersey application, version 'Jersey: 1.19 02/11/2015 03:25 AM'
Aug 20, 2019 2:48:19 PM com.sun.jersey.server.impl.application.WebApplicationImpl _initiate
INFO: Initiating Jersey application, version 'Jersey: 1.19 02/11/2015 03:25 AM'
Aug 20, 2019 2:48:19 PM com.sun.jersey.server.impl.application.WebApplicationImpl _initiate
INFO: Initiating Jersey application, version 'Jersey: 1.19 02/11/2015 03:25 AM'
Aug 20, 2019 2:48:19 PM com.sun.jersey.server.impl.application.WebApplicationImpl _initiate
INFO: Initiating Jersey application, version 'Jersey: 1.19 02/11/2015 03:25 AM'
Aug 20, 2019 2:48:22 PM org.apache.ratis.thirdparty.io.grpc.internal.ManagedChannelOrphanWrapper$ManagedChannelReference cleanQueue
SEVERE: *~*~*~ Channel ManagedChannelImpl{logId=2919, target=192.168.5.159:43431} was not shutdown properly!!! ~*~*~*
    Make sure to call shutdown()/shutdownNow() and wait until awaitTermination() returns true.
java.lang.RuntimeException: ManagedChannel allocation site
	at org.apache.ratis.thirdparty.io.grpc.internal.ManagedChannelOrphanWrapper$ManagedChannelReference.<init>(ManagedChannelOrphanWrapper.java:103)
	at org.apache.ratis.thirdparty.io.grpc.internal.ManagedChannelOrphanWrapper.<init>(ManagedChannelOrphanWrapper.java:53)
	at org.apache.ratis.thirdparty.io.grpc.internal.ManagedChannelOrphanWrapper.<init>(ManagedChannelOrphanWrapper.java:44)
	at org.apache.ratis.thirdparty.io.grpc.internal.AbstractManagedChannelImplBuilder.build(AbstractManagedChannelImplBuilder.java:411)
	at org.apache.hadoop.hdds.scm.XceiverClientGrpc.connectToDatanode(XceiverClientGrpc.java:174)
	at org.apache.hadoop.hdds.scm.XceiverClientGrpc.reconnect(XceiverClientGrpc.java:422)
	at org.apache.hadoop.hdds.scm.XceiverClientGrpc.sendCommandAsync(XceiverClientGrpc.java:371)
	at org.apache.hadoop.hdds.scm.XceiverClientGrpc.sendCommandWithRetry(XceiverClientGrpc.java:284)
	at org.apache.hadoop.hdds.scm.XceiverClientGrpc.sendCommandWithTraceIDAndRetry(XceiverClientGrpc.java:250)
	at org.apache.hadoop.hdds.scm.XceiverClientGrpc.sendCommand(XceiverClientGrpc.java:233)
	at org.apache.hadoop.hdds.scm.storage.ContainerProtocolCalls.getBlock(ContainerProtocolCalls.java:118)
	at org.apache.hadoop.hdds.scm.storage.BlockInputStream.getChunkInfos(BlockInputStream.java:167)
	at org.apache.hadoop.hdds.scm.storage.BlockInputStream.initialize(BlockInputStream.java:118)
	at org.apache.hadoop.hdds.scm.storage.BlockInputStream.read(BlockInputStream.java:222)
	at org.apache.hadoop.ozone.client.io.KeyInputStream.read(KeyInputStream.java:171)
	at org.apache.hadoop.ozone.client.io.OzoneInputStream.read(OzoneInputStream.java:47)
	at java.io.InputStream.read(InputStream.java:101)
	at org.apache.hadoop.ozone.container.ContainerTestHelper.validateData(ContainerTestHelper.java:709)
	at org.apache.hadoop.ozone.client.rpc.TestBlockOutputStreamWithFailures.validateData(TestBlockOutputStreamWithFailures.java:1212)
	at org.apache.hadoop.ozone.client.rpc.TestBlockOutputStreamWithFailures.testDatanodeFailureWithSingleNodeRatis(TestBlockOutputStreamWithFailures.java:1054)
	at sun.reflect.NativeMethodAccessorImpl.invoke0(Native Method)
	at sun.reflect.NativeMethodAccessorImpl.invoke(NativeMethodAccessorImpl.java:62)
	at sun.reflect.DelegatingMethodAccessorImpl.invoke(DelegatingMethodAccessorImpl.java:43)
	at java.lang.reflect.Method.invoke(Method.java:498)
	at org.junit.runners.model.FrameworkMethod$1.runReflectiveCall(FrameworkMethod.java:47)
	at org.junit.internal.runners.model.ReflectiveCallable.run(ReflectiveCallable.java:12)
	at org.junit.runners.model.FrameworkMethod.invokeExplosively(FrameworkMethod.java:44)
	at org.junit.internal.runners.statements.InvokeMethod.evaluate(InvokeMethod.java:17)
	at org.junit.internal.runners.statements.RunBefores.evaluate(RunBefores.java:26)
	at org.junit.internal.runners.statements.RunAfters.evaluate(RunAfters.java:27)
	at org.junit.runners.ParentRunner.runLeaf(ParentRunner.java:271)
	at org.junit.runners.BlockJUnit4ClassRunner.runChild(BlockJUnit4ClassRunner.java:70)
	at org.junit.runners.BlockJUnit4ClassRunner.runChild(BlockJUnit4ClassRunner.java:50)
	at org.junit.runners.ParentRunner$3.run(ParentRunner.java:238)
	at org.junit.runners.ParentRunner$1.schedule(ParentRunner.java:63)
	at org.junit.runners.ParentRunner.runChildren(ParentRunner.java:236)
	at org.junit.runners.ParentRunner.access$000(ParentRunner.java:53)
	at org.junit.runners.ParentRunner$2.evaluate(ParentRunner.java:229)
	at org.junit.runners.ParentRunner.run(ParentRunner.java:309)
	at org.apache.maven.surefire.junit4.JUnit4Provider.execute(JUnit4Provider.java:365)
	at org.apache.maven.surefire.junit4.JUnit4Provider.executeWithRerun(JUnit4Provider.java:273)
	at org.apache.maven.surefire.junit4.JUnit4Provider.executeTestSet(JUnit4Provider.java:238)
	at org.apache.maven.surefire.junit4.JUnit4Provider.invoke(JUnit4Provider.java:159)
	at org.apache.maven.surefire.booter.ForkedBooter.invokeProviderInSameClassLoader(ForkedBooter.java:384)
	at org.apache.maven.surefire.booter.ForkedBooter.runSuitesInProcess(ForkedBooter.java:345)
	at org.apache.maven.surefire.booter.ForkedBooter.execute(ForkedBooter.java:126)
	at org.apache.maven.surefire.booter.ForkedBooter.main(ForkedBooter.java:418)

Aug 20, 2019 2:48:22 PM org.apache.ratis.thirdparty.io.grpc.internal.ManagedChannelOrphanWrapper$ManagedChannelReference cleanQueue
SEVERE: *~*~*~ Channel ManagedChannelImpl{logId=3101, target=192.168.5.159:32913} was not shutdown properly!!! ~*~*~*
    Make sure to call shutdown()/shutdownNow() and wait until awaitTermination() returns true.
java.lang.RuntimeException: ManagedChannel allocation site
	at org.apache.ratis.thirdparty.io.grpc.internal.ManagedChannelOrphanWrapper$ManagedChannelReference.<init>(ManagedChannelOrphanWrapper.java:103)
	at org.apache.ratis.thirdparty.io.grpc.internal.ManagedChannelOrphanWrapper.<init>(ManagedChannelOrphanWrapper.java:53)
	at org.apache.ratis.thirdparty.io.grpc.internal.ManagedChannelOrphanWrapper.<init>(ManagedChannelOrphanWrapper.java:44)
	at org.apache.ratis.thirdparty.io.grpc.internal.AbstractManagedChannelImplBuilder.build(AbstractManagedChannelImplBuilder.java:411)
	at org.apache.hadoop.hdds.scm.XceiverClientGrpc.connectToDatanode(XceiverClientGrpc.java:174)
	at org.apache.hadoop.hdds.scm.XceiverClientGrpc.reconnect(XceiverClientGrpc.java:422)
	at org.apache.hadoop.hdds.scm.XceiverClientGrpc.sendCommandAsync(XceiverClientGrpc.java:371)
	at org.apache.hadoop.hdds.scm.XceiverClientGrpc.sendCommandWithRetry(XceiverClientGrpc.java:284)
	at org.apache.hadoop.hdds.scm.XceiverClientGrpc.sendCommandWithTraceIDAndRetry(XceiverClientGrpc.java:250)
	at org.apache.hadoop.hdds.scm.XceiverClientGrpc.sendCommand(XceiverClientGrpc.java:233)
	at org.apache.hadoop.hdds.scm.storage.ContainerProtocolCalls.getBlock(ContainerProtocolCalls.java:118)
	at org.apache.hadoop.hdds.scm.storage.BlockInputStream.getChunkInfos(BlockInputStream.java:167)
	at org.apache.hadoop.hdds.scm.storage.BlockInputStream.initialize(BlockInputStream.java:118)
	at org.apache.hadoop.hdds.scm.storage.BlockInputStream.read(BlockInputStream.java:222)
	at org.apache.hadoop.ozone.client.io.KeyInputStream.read(KeyInputStream.java:171)
	at org.apache.hadoop.ozone.client.io.OzoneInputStream.read(OzoneInputStream.java:47)
	at java.io.InputStream.read(InputStream.java:101)
	at org.apache.hadoop.ozone.container.ContainerTestHelper.validateData(ContainerTestHelper.java:709)
	at org.apache.hadoop.ozone.client.rpc.TestBlockOutputStreamWithFailures.validateData(TestBlockOutputStreamWithFailures.java:1212)
	at org.apache.hadoop.ozone.client.rpc.TestBlockOutputStreamWithFailures.testWatchForCommitWithSingleNodeRatis(TestBlockOutputStreamWithFailures.java:914)
	at sun.reflect.NativeMethodAccessorImpl.invoke0(Native Method)
	at sun.reflect.NativeMethodAccessorImpl.invoke(NativeMethodAccessorImpl.java:62)
	at sun.reflect.DelegatingMethodAccessorImpl.invoke(DelegatingMethodAccessorImpl.java:43)
	at java.lang.reflect.Method.invoke(Method.java:498)
	at org.junit.runners.model.FrameworkMethod$1.runReflectiveCall(FrameworkMethod.java:47)
	at org.junit.internal.runners.model.ReflectiveCallable.run(ReflectiveCallable.java:12)
	at org.junit.runners.model.FrameworkMethod.invokeExplosively(FrameworkMethod.java:44)
	at org.junit.internal.runners.statements.InvokeMethod.evaluate(InvokeMethod.java:17)
	at org.junit.internal.runners.statements.RunBefores.evaluate(RunBefores.java:26)
	at org.junit.internal.runners.statements.RunAfters.evaluate(RunAfters.java:27)
	at org.junit.runners.ParentRunner.runLeaf(ParentRunner.java:271)
	at org.junit.runners.BlockJUnit4ClassRunner.runChild(BlockJUnit4ClassRunner.java:70)
	at org.junit.runners.BlockJUnit4ClassRunner.runChild(BlockJUnit4ClassRunner.java:50)
	at org.junit.runners.ParentRunner$3.run(ParentRunner.java:238)
	at org.junit.runners.ParentRunner$1.schedule(ParentRunner.java:63)
	at org.junit.runners.ParentRunner.runChildren(ParentRunner.java:236)
	at org.junit.runners.ParentRunner.access$000(ParentRunner.java:53)
	at org.junit.runners.ParentRunner$2.evaluate(ParentRunner.java:229)
	at org.junit.runners.ParentRunner.run(ParentRunner.java:309)
	at org.apache.maven.surefire.junit4.JUnit4Provider.execute(JUnit4Provider.java:365)
	at org.apache.maven.surefire.junit4.JUnit4Provider.executeWithRerun(JUnit4Provider.java:273)
	at org.apache.maven.surefire.junit4.JUnit4Provider.executeTestSet(JUnit4Provider.java:238)
	at org.apache.maven.surefire.junit4.JUnit4Provider.invoke(JUnit4Provider.java:159)
	at org.apache.maven.surefire.booter.ForkedBooter.invokeProviderInSameClassLoader(ForkedBooter.java:384)
	at org.apache.maven.surefire.booter.ForkedBooter.runSuitesInProcess(ForkedBooter.java:345)
	at org.apache.maven.surefire.booter.ForkedBooter.execute(ForkedBooter.java:126)
	at org.apache.maven.surefire.booter.ForkedBooter.main(ForkedBooter.java:418)

Aug 20, 2019 2:48:22 PM org.apache.ratis.thirdparty.io.grpc.internal.ManagedChannelOrphanWrapper$ManagedChannelReference cleanQueue
SEVERE: *~*~*~ Channel ManagedChannelImpl{logId=2924, target=192.168.5.159:39615} was not shutdown properly!!! ~*~*~*
    Make sure to call shutdown()/shutdownNow() and wait until awaitTermination() returns true.
java.lang.RuntimeException: ManagedChannel allocation site
	at org.apache.ratis.thirdparty.io.grpc.internal.ManagedChannelOrphanWrapper$ManagedChannelReference.<init>(ManagedChannelOrphanWrapper.java:103)
	at org.apache.ratis.thirdparty.io.grpc.internal.ManagedChannelOrphanWrapper.<init>(ManagedChannelOrphanWrapper.java:53)
	at org.apache.ratis.thirdparty.io.grpc.internal.ManagedChannelOrphanWrapper.<init>(ManagedChannelOrphanWrapper.java:44)
	at org.apache.ratis.thirdparty.io.grpc.internal.AbstractManagedChannelImplBuilder.build(AbstractManagedChannelImplBuilder.java:411)
	at org.apache.hadoop.hdds.scm.XceiverClientGrpc.connectToDatanode(XceiverClientGrpc.java:174)
	at org.apache.hadoop.hdds.scm.XceiverClientGrpc.reconnect(XceiverClientGrpc.java:422)
	at org.apache.hadoop.hdds.scm.XceiverClientGrpc.sendCommandAsync(XceiverClientGrpc.java:371)
	at org.apache.hadoop.hdds.scm.XceiverClientGrpc.sendCommandWithRetry(XceiverClientGrpc.java:284)
	at org.apache.hadoop.hdds.scm.XceiverClientGrpc.sendCommandWithTraceIDAndRetry(XceiverClientGrpc.java:250)
	at org.apache.hadoop.hdds.scm.XceiverClientGrpc.sendCommand(XceiverClientGrpc.java:233)
	at org.apache.hadoop.hdds.scm.storage.ContainerProtocolCalls.getBlock(ContainerProtocolCalls.java:118)
	at org.apache.hadoop.hdds.scm.storage.BlockInputStream.getChunkInfos(BlockInputStream.java:167)
	at org.apache.hadoop.hdds.scm.storage.BlockInputStream.initialize(BlockInputStream.java:118)
	at org.apache.hadoop.hdds.scm.storage.BlockInputStream.read(BlockInputStream.java:222)
	at org.apache.hadoop.ozone.client.io.KeyInputStream.read(KeyInputStream.java:171)
	at org.apache.hadoop.ozone.client.io.OzoneInputStream.read(OzoneInputStream.java:47)
	at java.io.InputStream.read(InputStream.java:101)
	at org.apache.hadoop.ozone.container.ContainerTestHelper.validateData(ContainerTestHelper.java:709)
	at org.apache.hadoop.ozone.client.rpc.TestBlockOutputStreamWithFailures.validateData(TestBlockOutputStreamWithFailures.java:1212)
	at org.apache.hadoop.ozone.client.rpc.TestBlockOutputStreamWithFailures.testDatanodeFailureWithSingleNodeRatis(TestBlockOutputStreamWithFailures.java:1054)
	at sun.reflect.NativeMethodAccessorImpl.invoke0(Native Method)
	at sun.reflect.NativeMethodAccessorImpl.invoke(NativeMethodAccessorImpl.java:62)
	at sun.reflect.DelegatingMethodAccessorImpl.invoke(DelegatingMethodAccessorImpl.java:43)
	at java.lang.reflect.Method.invoke(Method.java:498)
	at org.junit.runners.model.FrameworkMethod$1.runReflectiveCall(FrameworkMethod.java:47)
	at org.junit.internal.runners.model.ReflectiveCallable.run(ReflectiveCallable.java:12)
	at org.junit.runners.model.FrameworkMethod.invokeExplosively(FrameworkMethod.java:44)
	at org.junit.internal.runners.statements.InvokeMethod.evaluate(InvokeMethod.java:17)
	at org.junit.internal.runners.statements.RunBefores.evaluate(RunBefores.java:26)
	at org.junit.internal.runners.statements.RunAfters.evaluate(RunAfters.java:27)
	at org.junit.runners.ParentRunner.runLeaf(ParentRunner.java:271)
	at org.junit.runners.BlockJUnit4ClassRunner.runChild(BlockJUnit4ClassRunner.java:70)
	at org.junit.runners.BlockJUnit4ClassRunner.runChild(BlockJUnit4ClassRunner.java:50)
	at org.junit.runners.ParentRunner$3.run(ParentRunner.java:238)
	at org.junit.runners.ParentRunner$1.schedule(ParentRunner.java:63)
	at org.junit.runners.ParentRunner.runChildren(ParentRunner.java:236)
	at org.junit.runners.ParentRunner.access$000(ParentRunner.java:53)
	at org.junit.runners.ParentRunner$2.evaluate(ParentRunner.java:229)
	at org.junit.runners.ParentRunner.run(ParentRunner.java:309)
	at org.apache.maven.surefire.junit4.JUnit4Provider.execute(JUnit4Provider.java:365)
	at org.apache.maven.surefire.junit4.JUnit4Provider.executeWithRerun(JUnit4Provider.java:273)
	at org.apache.maven.surefire.junit4.JUnit4Provider.executeTestSet(JUnit4Provider.java:238)
	at org.apache.maven.surefire.junit4.JUnit4Provider.invoke(JUnit4Provider.java:159)
	at org.apache.maven.surefire.booter.ForkedBooter.invokeProviderInSameClassLoader(ForkedBooter.java:384)
	at org.apache.maven.surefire.booter.ForkedBooter.runSuitesInProcess(ForkedBooter.java:345)
	at org.apache.maven.surefire.booter.ForkedBooter.execute(ForkedBooter.java:126)
	at org.apache.maven.surefire.booter.ForkedBooter.main(ForkedBooter.java:418)

Aug 20, 2019 2:48:22 PM org.apache.ratis.thirdparty.io.grpc.internal.ManagedChannelOrphanWrapper$ManagedChannelReference cleanQueue
SEVERE: *~*~*~ Channel ManagedChannelImpl{logId=3106, target=192.168.5.159:43631} was not shutdown properly!!! ~*~*~*
    Make sure to call shutdown()/shutdownNow() and wait until awaitTermination() returns true.
java.lang.RuntimeException: ManagedChannel allocation site
	at org.apache.ratis.thirdparty.io.grpc.internal.ManagedChannelOrphanWrapper$ManagedChannelReference.<init>(ManagedChannelOrphanWrapper.java:103)
	at org.apache.ratis.thirdparty.io.grpc.internal.ManagedChannelOrphanWrapper.<init>(ManagedChannelOrphanWrapper.java:53)
	at org.apache.ratis.thirdparty.io.grpc.internal.ManagedChannelOrphanWrapper.<init>(ManagedChannelOrphanWrapper.java:44)
	at org.apache.ratis.thirdparty.io.grpc.internal.AbstractManagedChannelImplBuilder.build(AbstractManagedChannelImplBuilder.java:411)
	at org.apache.hadoop.hdds.scm.XceiverClientGrpc.connectToDatanode(XceiverClientGrpc.java:174)
	at org.apache.hadoop.hdds.scm.XceiverClientGrpc.reconnect(XceiverClientGrpc.java:422)
	at org.apache.hadoop.hdds.scm.XceiverClientGrpc.sendCommandAsync(XceiverClientGrpc.java:371)
	at org.apache.hadoop.hdds.scm.XceiverClientGrpc.sendCommandWithRetry(XceiverClientGrpc.java:284)
	at org.apache.hadoop.hdds.scm.XceiverClientGrpc.sendCommandWithTraceIDAndRetry(XceiverClientGrpc.java:250)
	at org.apache.hadoop.hdds.scm.XceiverClientGrpc.sendCommand(XceiverClientGrpc.java:233)
	at org.apache.hadoop.hdds.scm.storage.ContainerProtocolCalls.getBlock(ContainerProtocolCalls.java:118)
	at org.apache.hadoop.hdds.scm.storage.BlockInputStream.getChunkInfos(BlockInputStream.java:167)
	at org.apache.hadoop.hdds.scm.storage.BlockInputStream.initialize(BlockInputStream.java:118)
	at org.apache.hadoop.hdds.scm.storage.BlockInputStream.read(BlockInputStream.java:222)
	at org.apache.hadoop.ozone.client.io.KeyInputStream.read(KeyInputStream.java:171)
	at org.apache.hadoop.ozone.client.io.OzoneInputStream.read(OzoneInputStream.java:47)
	at java.io.InputStream.read(InputStream.java:101)
	at org.apache.hadoop.ozone.container.ContainerTestHelper.validateData(ContainerTestHelper.java:709)
	at org.apache.hadoop.ozone.client.rpc.TestBlockOutputStreamWithFailures.validateData(TestBlockOutputStreamWithFailures.java:1212)
	at org.apache.hadoop.ozone.client.rpc.TestBlockOutputStreamWithFailures.testWatchForCommitWithSingleNodeRatis(TestBlockOutputStreamWithFailures.java:914)
	at sun.reflect.NativeMethodAccessorImpl.invoke0(Native Method)
	at sun.reflect.NativeMethodAccessorImpl.invoke(NativeMethodAccessorImpl.java:62)
	at sun.reflect.DelegatingMethodAccessorImpl.invoke(DelegatingMethodAccessorImpl.java:43)
	at java.lang.reflect.Method.invoke(Method.java:498)
	at org.junit.runners.model.FrameworkMethod$1.runReflectiveCall(FrameworkMethod.java:47)
	at org.junit.internal.runners.model.ReflectiveCallable.run(ReflectiveCallable.java:12)
	at org.junit.runners.model.FrameworkMethod.invokeExplosively(FrameworkMethod.java:44)
	at org.junit.internal.runners.statements.InvokeMethod.evaluate(InvokeMethod.java:17)
	at org.junit.internal.runners.statements.RunBefores.evaluate(RunBefores.java:26)
	at org.junit.internal.runners.statements.RunAfters.evaluate(RunAfters.java:27)
	at org.junit.runners.ParentRunner.runLeaf(ParentRunner.java:271)
	at org.junit.runners.BlockJUnit4ClassRunner.runChild(BlockJUnit4ClassRunner.java:70)
	at org.junit.runners.BlockJUnit4ClassRunner.runChild(BlockJUnit4ClassRunner.java:50)
	at org.junit.runners.ParentRunner$3.run(ParentRunner.java:238)
	at org.junit.runners.ParentRunner$1.schedule(ParentRunner.java:63)
	at org.junit.runners.ParentRunner.runChildren(ParentRunner.java:236)
	at org.junit.runners.ParentRunner.access$000(ParentRunner.java:53)
	at org.junit.runners.ParentRunner$2.evaluate(ParentRunner.java:229)
	at org.junit.runners.ParentRunner.run(ParentRunner.java:309)
	at org.apache.maven.surefire.junit4.JUnit4Provider.execute(JUnit4Provider.java:365)
	at org.apache.maven.surefire.junit4.JUnit4Provider.executeWithRerun(JUnit4Provider.java:273)
	at org.apache.maven.surefire.junit4.JUnit4Provider.executeTestSet(JUnit4Provider.java:238)
	at org.apache.maven.surefire.junit4.JUnit4Provider.invoke(JUnit4Provider.java:159)
	at org.apache.maven.surefire.booter.ForkedBooter.invokeProviderInSameClassLoader(ForkedBooter.java:384)
	at org.apache.maven.surefire.booter.ForkedBooter.runSuitesInProcess(ForkedBooter.java:345)
	at org.apache.maven.surefire.booter.ForkedBooter.execute(ForkedBooter.java:126)
	at org.apache.maven.surefire.booter.ForkedBooter.main(ForkedBooter.java:418)

Aug 20, 2019 2:48:22 PM org.apache.ratis.thirdparty.io.grpc.internal.ManagedChannelOrphanWrapper$ManagedChannelReference cleanQueue
SEVERE: *~*~*~ Channel ManagedChannelImpl{logId=2889, target=192.168.5.159:38423} was not shutdown properly!!! ~*~*~*
    Make sure to call shutdown()/shutdownNow() and wait until awaitTermination() returns true.
java.lang.RuntimeException: ManagedChannel allocation site
	at org.apache.ratis.thirdparty.io.grpc.internal.ManagedChannelOrphanWrapper$ManagedChannelReference.<init>(ManagedChannelOrphanWrapper.java:103)
	at org.apache.ratis.thirdparty.io.grpc.internal.ManagedChannelOrphanWrapper.<init>(ManagedChannelOrphanWrapper.java:53)
	at org.apache.ratis.thirdparty.io.grpc.internal.ManagedChannelOrphanWrapper.<init>(ManagedChannelOrphanWrapper.java:44)
	at org.apache.ratis.thirdparty.io.grpc.internal.AbstractManagedChannelImplBuilder.build(AbstractManagedChannelImplBuilder.java:411)
	at org.apache.ratis.grpc.client.GrpcClientProtocolClient.<init>(GrpcClientProtocolClient.java:119)
	at org.apache.ratis.grpc.client.GrpcClientRpc.lambda$new$0(GrpcClientRpc.java:55)
	at org.apache.ratis.util.PeerProxyMap$PeerAndProxy.lambda$getProxy$0(PeerProxyMap.java:61)
	at org.apache.ratis.util.LifeCycle.startAndTransition(LifeCycle.java:202)
	at org.apache.ratis.util.PeerProxyMap$PeerAndProxy.getProxy(PeerProxyMap.java:60)
	at org.apache.ratis.util.PeerProxyMap.getProxy(PeerProxyMap.java:107)
	at org.apache.ratis.grpc.client.GrpcClientRpc.sendRequestAsync(GrpcClientRpc.java:66)
	at org.apache.ratis.client.impl.OrderedAsync.sendRequest(OrderedAsync.java:208)
	at org.apache.ratis.client.impl.OrderedAsync.sendRequestWithRetry(OrderedAsync.java:169)
	at org.apache.ratis.util.SlidingWindow$Client.sendOrDelayRequest(SlidingWindow.java:278)
	at org.apache.ratis.util.SlidingWindow$Client.submitNewRequest(SlidingWindow.java:257)
	at org.apache.ratis.client.impl.OrderedAsync.send(OrderedAsync.java:155)
	at org.apache.ratis.client.impl.RaftClientImpl.sendAsync(RaftClientImpl.java:145)
	at org.apache.ratis.client.impl.RaftClientImpl.sendAsync(RaftClientImpl.java:125)
	at org.apache.hadoop.hdds.scm.XceiverClientRatis.sendRequestAsync(XceiverClientRatis.java:224)
	at org.apache.hadoop.hdds.scm.XceiverClientRatis.sendCommandAsync(XceiverClientRatis.java:302)
	at org.apache.hadoop.hdds.scm.storage.ContainerProtocolCalls.writeChunkAsync(ContainerProtocolCalls.java:310)
	at org.apache.hadoop.hdds.scm.storage.BlockOutputStream.writeChunkToContainer(BlockOutputStream.java:601)
	at org.apache.hadoop.hdds.scm.storage.BlockOutputStream.writeChunk(BlockOutputStream.java:459)
	at org.apache.hadoop.hdds.scm.storage.BlockOutputStream.writeOnRetry(BlockOutputStream.java:285)
	at org.apache.hadoop.ozone.client.io.BlockOutputStreamEntry.writeOnRetry(BlockOutputStreamEntry.java:200)
	at org.apache.hadoop.ozone.client.io.KeyOutputStream.handleWrite(KeyOutputStream.java:209)
	at org.apache.hadoop.ozone.client.io.KeyOutputStream.handleRetry(KeyOutputStream.java:376)
	at org.apache.hadoop.ozone.client.io.KeyOutputStream.handleException(KeyOutputStream.java:325)
	at org.apache.hadoop.ozone.client.io.KeyOutputStream.handleFlushOrClose(KeyOutputStream.java:448)
	at org.apache.hadoop.ozone.client.io.KeyOutputStream.handleWrite(KeyOutputStream.java:235)
	at org.apache.hadoop.ozone.client.io.KeyOutputStream.write(KeyOutputStream.java:193)
	at org.apache.hadoop.ozone.client.io.OzoneOutputStream.write(OzoneOutputStream.java:49)
	at java.io.OutputStream.write(OutputStream.java:75)
	at org.apache.hadoop.ozone.client.rpc.TestBlockOutputStreamWithFailures.testDatanodeFailureWithSingleNodeRatis(TestBlockOutputStreamWithFailures.java:1017)
	at sun.reflect.NativeMethodAccessorImpl.invoke0(Native Method)
	at sun.reflect.NativeMethodAccessorImpl.invoke(NativeMethodAccessorImpl.java:62)
	at sun.reflect.DelegatingMethodAccessorImpl.invoke(DelegatingMethodAccessorImpl.java:43)
	at java.lang.reflect.Method.invoke(Method.java:498)
	at org.junit.runners.model.FrameworkMethod$1.runReflectiveCall(FrameworkMethod.java:47)
	at org.junit.internal.runners.model.ReflectiveCallable.run(ReflectiveCallable.java:12)
	at org.junit.runners.model.FrameworkMethod.invokeExplosively(FrameworkMethod.java:44)
	at org.junit.internal.runners.statements.InvokeMethod.evaluate(InvokeMethod.java:17)
	at org.junit.internal.runners.statements.RunBefores.evaluate(RunBefores.java:26)
	at org.junit.internal.runners.statements.RunAfters.evaluate(RunAfters.java:27)
	at org.junit.runners.ParentRunner.runLeaf(ParentRunner.java:271)
	at org.junit.runners.BlockJUnit4ClassRunner.runChild(BlockJUnit4ClassRunner.java:70)
	at org.junit.runners.BlockJUnit4ClassRunner.runChild(BlockJUnit4ClassRunner.java:50)
	at org.junit.runners.ParentRunner$3.run(ParentRunner.java:238)
	at org.junit.runners.ParentRunner$1.schedule(ParentRunner.java:63)
	at org.junit.runners.ParentRunner.runChildren(ParentRunner.java:236)
	at org.junit.runners.ParentRunner.access$000(ParentRunner.java:53)
	at org.junit.runners.ParentRunner$2.evaluate(ParentRunner.java:229)
	at org.junit.runners.ParentRunner.run(ParentRunner.java:309)
	at org.apache.maven.surefire.junit4.JUnit4Provider.execute(JUnit4Provider.java:365)
	at org.apache.maven.surefire.junit4.JUnit4Provider.executeWithRerun(JUnit4Provider.java:273)
	at org.apache.maven.surefire.junit4.JUnit4Provider.executeTestSet(JUnit4Provider.java:238)
	at org.apache.maven.surefire.junit4.JUnit4Provider.invoke(JUnit4Provider.java:159)
	at org.apache.maven.surefire.booter.ForkedBooter.invokeProviderInSameClassLoader(ForkedBooter.java:384)
	at org.apache.maven.surefire.booter.ForkedBooter.runSuitesInProcess(ForkedBooter.java:345)
	at org.apache.maven.surefire.booter.ForkedBooter.execute(ForkedBooter.java:126)
	at org.apache.maven.surefire.booter.ForkedBooter.main(ForkedBooter.java:418)

Aug 20, 2019 2:48:22 PM org.apache.ratis.thirdparty.io.grpc.internal.ManagedChannelOrphanWrapper$ManagedChannelReference cleanQueue
SEVERE: *~*~*~ Channel ManagedChannelImpl{logId=3091, target=192.168.5.159:36423} was not shutdown properly!!! ~*~*~*
    Make sure to call shutdown()/shutdownNow() and wait until awaitTermination() returns true.
java.lang.RuntimeException: ManagedChannel allocation site
	at org.apache.ratis.thirdparty.io.grpc.internal.ManagedChannelOrphanWrapper$ManagedChannelReference.<init>(ManagedChannelOrphanWrapper.java:103)
	at org.apache.ratis.thirdparty.io.grpc.internal.ManagedChannelOrphanWrapper.<init>(ManagedChannelOrphanWrapper.java:53)
	at org.apache.ratis.thirdparty.io.grpc.internal.ManagedChannelOrphanWrapper.<init>(ManagedChannelOrphanWrapper.java:44)
	at org.apache.ratis.thirdparty.io.grpc.internal.AbstractManagedChannelImplBuilder.build(AbstractManagedChannelImplBuilder.java:411)
	at org.apache.ratis.grpc.client.GrpcClientProtocolClient.<init>(GrpcClientProtocolClient.java:119)
	at org.apache.ratis.grpc.client.GrpcClientRpc.lambda$new$0(GrpcClientRpc.java:55)
	at org.apache.ratis.util.PeerProxyMap$PeerAndProxy.lambda$getProxy$0(PeerProxyMap.java:61)
	at org.apache.ratis.util.LifeCycle.startAndTransition(LifeCycle.java:202)
	at org.apache.ratis.util.PeerProxyMap$PeerAndProxy.getProxy(PeerProxyMap.java:60)
	at org.apache.ratis.util.PeerProxyMap.getProxy(PeerProxyMap.java:107)
	at org.apache.ratis.grpc.client.GrpcClientRpc.sendRequestAsync(GrpcClientRpc.java:66)
	at org.apache.ratis.client.impl.OrderedAsync.sendRequest(OrderedAsync.java:208)
	at org.apache.ratis.client.impl.OrderedAsync.sendRequestWithRetry(OrderedAsync.java:169)
	at org.apache.ratis.util.SlidingWindow$Client.sendOrDelayRequest(SlidingWindow.java:278)
	at org.apache.ratis.util.SlidingWindow$Client.retry(SlidingWindow.java:294)
	at org.apache.ratis.client.impl.OrderedAsync.lambda$scheduleWithTimeout$7(OrderedAsync.java:195)
	at org.apache.ratis.util.TimeoutScheduler.lambda$onTimeout$0(TimeoutScheduler.java:85)
	at org.apache.ratis.util.TimeoutScheduler.lambda$onTimeout$1(TimeoutScheduler.java:104)
	at org.apache.ratis.util.LogUtils.runAndLog(LogUtils.java:50)
	at org.apache.ratis.util.LogUtils$1.run(LogUtils.java:91)
	at java.util.concurrent.Executors$RunnableAdapter.call(Executors.java:511)
	at java.util.concurrent.FutureTask.run(FutureTask.java:266)
	at java.util.concurrent.ScheduledThreadPoolExecutor$ScheduledFutureTask.access$201(ScheduledThreadPoolExecutor.java:180)
	at java.util.concurrent.ScheduledThreadPoolExecutor$ScheduledFutureTask.run(ScheduledThreadPoolExecutor.java:293)
	at java.util.concurrent.ThreadPoolExecutor.runWorker(ThreadPoolExecutor.java:1149)
	at java.util.concurrent.ThreadPoolExecutor$Worker.run(ThreadPoolExecutor.java:624)
	at java.lang.Thread.run(Thread.java:748)

Aug 20, 2019 2:48:22 PM org.apache.ratis.thirdparty.io.grpc.internal.ManagedChannelOrphanWrapper$ManagedChannelReference cleanQueue
SEVERE: *~*~*~ Channel ManagedChannelImpl{logId=2885, target=192.168.5.159:44270} was not shutdown properly!!! ~*~*~*
    Make sure to call shutdown()/shutdownNow() and wait until awaitTermination() returns true.
java.lang.RuntimeException: ManagedChannel allocation site
	at org.apache.ratis.thirdparty.io.grpc.internal.ManagedChannelOrphanWrapper$ManagedChannelReference.<init>(ManagedChannelOrphanWrapper.java:103)
	at org.apache.ratis.thirdparty.io.grpc.internal.ManagedChannelOrphanWrapper.<init>(ManagedChannelOrphanWrapper.java:53)
	at org.apache.ratis.thirdparty.io.grpc.internal.ManagedChannelOrphanWrapper.<init>(ManagedChannelOrphanWrapper.java:44)
	at org.apache.ratis.thirdparty.io.grpc.internal.AbstractManagedChannelImplBuilder.build(AbstractManagedChannelImplBuilder.java:411)
	at org.apache.ratis.grpc.client.GrpcClientProtocolClient.<init>(GrpcClientProtocolClient.java:119)
	at org.apache.ratis.grpc.client.GrpcClientRpc.lambda$new$0(GrpcClientRpc.java:55)
	at org.apache.ratis.util.PeerProxyMap$PeerAndProxy.lambda$getProxy$0(PeerProxyMap.java:61)
	at org.apache.ratis.util.LifeCycle.startAndTransition(LifeCycle.java:202)
	at org.apache.ratis.util.PeerProxyMap$PeerAndProxy.getProxy(PeerProxyMap.java:60)
	at org.apache.ratis.util.PeerProxyMap.getProxy(PeerProxyMap.java:107)
	at org.apache.ratis.grpc.client.GrpcClientRpc.sendRequestAsync(GrpcClientRpc.java:66)
	at org.apache.ratis.client.impl.OrderedAsync.sendRequest(OrderedAsync.java:208)
	at org.apache.ratis.client.impl.OrderedAsync.sendRequestWithRetry(OrderedAsync.java:169)
	at org.apache.ratis.util.SlidingWindow$Client.sendOrDelayRequest(SlidingWindow.java:278)
	at org.apache.ratis.util.SlidingWindow$Client.retry(SlidingWindow.java:294)
	at org.apache.ratis.client.impl.OrderedAsync.lambda$scheduleWithTimeout$7(OrderedAsync.java:195)
	at org.apache.ratis.util.TimeoutScheduler.lambda$onTimeout$0(TimeoutScheduler.java:85)
	at org.apache.ratis.util.TimeoutScheduler.lambda$onTimeout$1(TimeoutScheduler.java:104)
	at org.apache.ratis.util.LogUtils.runAndLog(LogUtils.java:50)
	at org.apache.ratis.util.LogUtils$1.run(LogUtils.java:91)
	at java.util.concurrent.Executors$RunnableAdapter.call(Executors.java:511)
	at java.util.concurrent.FutureTask.run(FutureTask.java:266)
	at java.util.concurrent.ScheduledThreadPoolExecutor$ScheduledFutureTask.access$201(ScheduledThreadPoolExecutor.java:180)
	at java.util.concurrent.ScheduledThreadPoolExecutor$ScheduledFutureTask.run(ScheduledThreadPoolExecutor.java:293)
	at java.util.concurrent.ThreadPoolExecutor.runWorker(ThreadPoolExecutor.java:1149)
	at java.util.concurrent.ThreadPoolExecutor$Worker.run(ThreadPoolExecutor.java:624)
	at java.lang.Thread.run(Thread.java:748)

Aug 20, 2019 2:48:22 PM org.apache.ratis.thirdparty.io.grpc.internal.ManagedChannelOrphanWrapper$ManagedChannelReference cleanQueue
SEVERE: *~*~*~ Channel ManagedChannelImpl{logId=3096, target=192.168.5.159:35873} was not shutdown properly!!! ~*~*~*
    Make sure to call shutdown()/shutdownNow() and wait until awaitTermination() returns true.
java.lang.RuntimeException: ManagedChannel allocation site
	at org.apache.ratis.thirdparty.io.grpc.internal.ManagedChannelOrphanWrapper$ManagedChannelReference.<init>(ManagedChannelOrphanWrapper.java:103)
	at org.apache.ratis.thirdparty.io.grpc.internal.ManagedChannelOrphanWrapper.<init>(ManagedChannelOrphanWrapper.java:53)
	at org.apache.ratis.thirdparty.io.grpc.internal.ManagedChannelOrphanWrapper.<init>(ManagedChannelOrphanWrapper.java:44)
	at org.apache.ratis.thirdparty.io.grpc.internal.AbstractManagedChannelImplBuilder.build(AbstractManagedChannelImplBuilder.java:411)
	at org.apache.ratis.grpc.client.GrpcClientProtocolClient.<init>(GrpcClientProtocolClient.java:119)
	at org.apache.ratis.grpc.client.GrpcClientRpc.lambda$new$0(GrpcClientRpc.java:55)
	at org.apache.ratis.util.PeerProxyMap$PeerAndProxy.lambda$getProxy$0(PeerProxyMap.java:61)
	at org.apache.ratis.util.LifeCycle.startAndTransition(LifeCycle.java:202)
	at org.apache.ratis.util.PeerProxyMap$PeerAndProxy.getProxy(PeerProxyMap.java:60)
	at org.apache.ratis.util.PeerProxyMap.getProxy(PeerProxyMap.java:107)
	at org.apache.ratis.grpc.client.GrpcClientRpc.sendRequestAsync(GrpcClientRpc.java:66)
	at org.apache.ratis.client.impl.OrderedAsync.sendRequest(OrderedAsync.java:208)
	at org.apache.ratis.client.impl.OrderedAsync.sendRequestWithRetry(OrderedAsync.java:169)
	at org.apache.ratis.util.SlidingWindow$Client.sendOrDelayRequest(SlidingWindow.java:278)
	at org.apache.ratis.util.SlidingWindow$Client.submitNewRequest(SlidingWindow.java:257)
	at org.apache.ratis.client.impl.OrderedAsync.send(OrderedAsync.java:155)
	at org.apache.ratis.client.impl.RaftClientImpl.sendAsync(RaftClientImpl.java:145)
	at org.apache.ratis.client.impl.RaftClientImpl.sendAsync(RaftClientImpl.java:125)
	at org.apache.hadoop.hdds.scm.XceiverClientRatis.sendRequestAsync(XceiverClientRatis.java:224)
	at org.apache.hadoop.hdds.scm.XceiverClientRatis.sendCommandAsync(XceiverClientRatis.java:302)
	at org.apache.hadoop.hdds.scm.storage.ContainerProtocolCalls.writeChunkAsync(ContainerProtocolCalls.java:310)
	at org.apache.hadoop.hdds.scm.storage.BlockOutputStream.writeChunkToContainer(BlockOutputStream.java:601)
	at org.apache.hadoop.hdds.scm.storage.BlockOutputStream.writeChunk(BlockOutputStream.java:459)
	at org.apache.hadoop.hdds.scm.storage.BlockOutputStream.writeOnRetry(BlockOutputStream.java:285)
	at org.apache.hadoop.ozone.client.io.BlockOutputStreamEntry.writeOnRetry(BlockOutputStreamEntry.java:200)
	at org.apache.hadoop.ozone.client.io.KeyOutputStream.handleWrite(KeyOutputStream.java:209)
	at org.apache.hadoop.ozone.client.io.KeyOutputStream.handleRetry(KeyOutputStream.java:376)
	at org.apache.hadoop.ozone.client.io.KeyOutputStream.handleException(KeyOutputStream.java:325)
	at org.apache.hadoop.ozone.client.io.KeyOutputStream.handleFlushOrClose(KeyOutputStream.java:448)
	at org.apache.hadoop.ozone.client.io.KeyOutputStream.handleWrite(KeyOutputStream.java:235)
	at org.apache.hadoop.ozone.client.io.KeyOutputStream.write(KeyOutputStream.java:193)
	at org.apache.hadoop.ozone.client.io.OzoneOutputStream.write(OzoneOutputStream.java:49)
	at java.io.OutputStream.write(OutputStream.java:75)
	at org.apache.hadoop.ozone.client.rpc.TestBlockOutputStreamWithFailures.testWatchForCommitWithSingleNodeRatis(TestBlockOutputStreamWithFailures.java:881)
	at sun.reflect.NativeMethodAccessorImpl.invoke0(Native Method)
	at sun.reflect.NativeMethodAccessorImpl.invoke(NativeMethodAccessorImpl.java:62)
	at sun.reflect.DelegatingMethodAccessorImpl.invoke(DelegatingMethodAccessorImpl.java:43)
	at java.lang.reflect.Method.invoke(Method.java:498)
	at org.junit.runners.model.FrameworkMethod$1.runReflectiveCall(FrameworkMethod.java:47)
	at org.junit.internal.runners.model.ReflectiveCallable.run(ReflectiveCallable.java:12)
	at org.junit.runners.model.FrameworkMethod.invokeExplosively(FrameworkMethod.java:44)
	at org.junit.internal.runners.statements.InvokeMethod.evaluate(InvokeMethod.java:17)
	at org.junit.internal.runners.statements.RunBefores.evaluate(RunBefores.java:26)
	at org.junit.internal.runners.statements.RunAfters.evaluate(RunAfters.java:27)
	at org.junit.runners.ParentRunner.runLeaf(ParentRunner.java:271)
	at org.junit.runners.BlockJUnit4ClassRunner.runChild(BlockJUnit4ClassRunner.java:70)
	at org.junit.runners.BlockJUnit4ClassRunner.runChild(BlockJUnit4ClassRunner.java:50)
	at org.junit.runners.ParentRunner$3.run(ParentRunner.java:238)
	at org.junit.runners.ParentRunner$1.schedule(ParentRunner.java:63)
	at org.junit.runners.ParentRunner.runChildren(ParentRunner.java:236)
	at org.junit.runners.ParentRunner.access$000(ParentRunner.java:53)
	at org.junit.runners.ParentRunner$2.evaluate(ParentRunner.java:229)
	at org.junit.runners.ParentRunner.run(ParentRunner.java:309)
	at org.apache.maven.surefire.junit4.JUnit4Provider.execute(JUnit4Provider.java:365)
	at org.apache.maven.surefire.junit4.JUnit4Provider.executeWithRerun(JUnit4Provider.java:273)
	at org.apache.maven.surefire.junit4.JUnit4Provider.executeTestSet(JUnit4Provider.java:238)
	at org.apache.maven.surefire.junit4.JUnit4Provider.invoke(JUnit4Provider.java:159)
	at org.apache.maven.surefire.booter.ForkedBooter.invokeProviderInSameClassLoader(ForkedBooter.java:384)
	at org.apache.maven.surefire.booter.ForkedBooter.runSuitesInProcess(ForkedBooter.java:345)
	at org.apache.maven.surefire.booter.ForkedBooter.execute(ForkedBooter.java:126)
	at org.apache.maven.surefire.booter.ForkedBooter.main(ForkedBooter.java:418)

]]></system-err>
  </testcase>
  <testcase name="testFailureWithPrimeSizedData" classname="org.apache.hadoop.ozone.client.rpc.TestBlockOutputStreamWithFailures" time="34.098"/>
  <testcase name="testWatchForCommitWithCloseContainerException" classname="org.apache.hadoop.ozone.client.rpc.TestBlockOutputStreamWithFailures" time="34.723"/>
  <testcase name="testExceptionDuringClose" classname="org.apache.hadoop.ozone.client.rpc.TestBlockOutputStreamWithFailures" time="34.369"/>
</testsuite>