<?xml version="1.0" encoding="UTF-8"?>
<testsuite xmlns:xsi="http://www.w3.org/2001/XMLSchema-instance" xsi:noNamespaceSchemaLocation="https://maven.apache.org/surefire/maven-surefire-plugin/xsd/surefire-test-report.xsd" name="org.apache.hadoop.ozone.client.rpc.TestMultiBlockWritesWithDnFailures" time="32.704" tests="1" errors="1" skipped="0" failures="0">
  <properties>
    <property name="awt.toolkit" value="sun.awt.X11.XToolkit"/>
    <property name="file.encoding.pkg" value="sun.io"/>
    <property name="java.specification.version" value="1.8"/>
    <property name="sun.cpu.isalist" value=""/>
    <property name="sun.jnu.encoding" value="UTF-8"/>
    <property name="java.class.path" value="/workdir/hadoop-ozone/integration-test/target/test-classes:/workdir/hadoop-ozone/integration-test/target/classes:/home/user/.m2/repository/org/apache/hadoop/hadoop-ozone-common/0.5.0-SNAPSHOT/hadoop-ozone-common-0.5.0-SNAPSHOT.jar:/home/user/.m2/repository/org/apache/commons/commons-compress/1.4.1/commons-compress-1.4.1.jar:/home/user/.m2/repository/org/tukaani/xz/1.0/xz-1.0.jar:/home/user/.m2/repository/org/apache/hadoop/hadoop-common/3.2.0/hadoop-common-3.2.0.jar:/home/user/.m2/repository/org/apache/hadoop/hadoop-hdfs/3.2.0/hadoop-hdfs-3.2.0.jar:/home/user/.m2/repository/org/apache/hadoop/hadoop-hdfs-client/3.2.0/hadoop-hdfs-client-3.2.0.jar:/home/user/.m2/repository/com/fasterxml/jackson/core/jackson-annotations/2.9.5/jackson-annotations-2.9.5.jar:/home/user/.m2/repository/org/apache/hadoop/hadoop-hdds-common/0.5.0-SNAPSHOT/hadoop-hdds-common-0.5.0-SNAPSHOT.jar:/home/user/.m2/repository/javax/annotation/javax.annotation-api/1.2/javax.annotation-api-1.2.jar:/home/user/.m2/repository/org/apache/ratis/ratis-server/0.4.0-2337318-SNAPSHOT/ratis-server-0.4.0-2337318-SNAPSHOT.jar:/home/user/.m2/repository/org/apache/ratis/ratis-thirdparty-misc/0.2.0/ratis-thirdparty-misc-0.2.0.jar:/home/user/.m2/repository/org/apache/ratis/ratis-proto/0.4.0-2337318-SNAPSHOT/ratis-proto-0.4.0-2337318-SNAPSHOT.jar:/home/user/.m2/repository/org/apache/ratis/ratis-common/0.4.0-2337318-SNAPSHOT/ratis-common-0.4.0-2337318-SNAPSHOT.jar:/home/user/.m2/repository/org/apache/ratis/ratis-client/0.4.0-2337318-SNAPSHOT/ratis-client-0.4.0-2337318-SNAPSHOT.jar:/home/user/.m2/repository/org/apache/ratis/ratis-metrics/0.4.0-2337318-SNAPSHOT/ratis-metrics-0.4.0-2337318-SNAPSHOT.jar:/home/user/.m2/repository/org/apache/ratis/ratis-netty/0.4.0-2337318-SNAPSHOT/ratis-netty-0.4.0-2337318-SNAPSHOT.jar:/home/user/.m2/repository/org/apache/ratis/ratis-grpc/0.4.0-2337318-SNAPSHOT/ratis-grpc-0.4.0-2337318-SNAPSHOT.jar:/home/user/.m2/repository/org/rocksdb/rocksdbjni/6.0.1/rocksdbjni-6.0.1.jar:/home/user/.m2/repository/org/apache/logging/log4j/log4j-api/2.11.0/log4j-api-2.11.0.jar:/home/user/.m2/repository/org/apache/logging/log4j/log4j-core/2.11.0/log4j-core-2.11.0.jar:/home/user/.m2/repository/com/lmax/disruptor/3.4.2/disruptor-3.4.2.jar:/home/user/.m2/repository/org/apache/commons/commons-pool2/2.6.0/commons-pool2-2.6.0.jar:/home/user/.m2/repository/org/bouncycastle/bcpkix-jdk15on/1.60/bcpkix-jdk15on-1.60.jar:/home/user/.m2/repository/commons-validator/commons-validator/1.6/commons-validator-1.6.jar:/home/user/.m2/repository/commons-digester/commons-digester/1.8.1/commons-digester-1.8.1.jar:/home/user/.m2/repository/io/jaegertracing/jaeger-client/0.33.1/jaeger-client-0.33.1.jar:/home/user/.m2/repository/io/jaegertracing/jaeger-thrift/0.33.1/jaeger-thrift-0.33.1.jar:/home/user/.m2/repository/org/apache/thrift/libthrift/0.11.0/libthrift-0.11.0.jar:/home/user/.m2/repository/com/squareup/okhttp3/okhttp/3.9.0/okhttp-3.9.0.jar:/home/user/.m2/repository/com/squareup/okio/okio/1.13.0/okio-1.13.0.jar:/home/user/.m2/repository/io/jaegertracing/jaeger-core/0.33.1/jaeger-core-0.33.1.jar:/home/user/.m2/repository/io/jaegertracing/jaeger-tracerresolver/0.33.1/jaeger-tracerresolver-0.33.1.jar:/home/user/.m2/repository/io/opentracing/contrib/opentracing-tracerresolver/0.1.5/opentracing-tracerresolver-0.1.5.jar:/home/user/.m2/repository/io/opentracing/opentracing-util/0.31.0/opentracing-util-0.31.0.jar:/home/user/.m2/repository/io/opentracing/opentracing-api/0.31.0/opentracing-api-0.31.0.jar:/home/user/.m2/repository/io/opentracing/opentracing-noop/0.31.0/opentracing-noop-0.31.0.jar:/home/user/.m2/repository/org/apache/hadoop/hadoop-hdds-server-framework/0.5.0-SNAPSHOT/hadoop-hdds-server-framework-0.5.0-SNAPSHOT.jar:/home/user/.m2/repository/org/apache/hadoop/hadoop-hdds-container-service/0.5.0-SNAPSHOT/hadoop-hdds-container-service-0.5.0-SNAPSHOT.jar:/home/user/.m2/repository/org/apache/hadoop/hadoop-hdds-client/0.5.0-SNAPSHOT/hadoop-hdds-client-0.5.0-SNAPSHOT.jar:/home/user/.m2/repository/org/apache/hadoop/hadoop-hdds-tools/0.5.0-SNAPSHOT/hadoop-hdds-tools-0.5.0-SNAPSHOT.jar:/home/user/.m2/repository/org/apache/hadoop/hadoop-hdds-server-scm/0.5.0-SNAPSHOT/hadoop-hdds-server-scm-0.5.0-SNAPSHOT.jar:/home/user/.m2/repository/org/apache/hadoop/hadoop-hdds-docs/0.5.0-SNAPSHOT/hadoop-hdds-docs-0.5.0-SNAPSHOT.jar:/home/user/.m2/repository/io/dropwizard/metrics/metrics-core/3.2.4/metrics-core-3.2.4.jar:/home/user/.m2/repository/org/hamcrest/hamcrest-all/1.3/hamcrest-all-1.3.jar:/home/user/.m2/repository/org/bouncycastle/bcprov-jdk15on/1.60/bcprov-jdk15on-1.60.jar:/home/user/.m2/repository/info/picocli/picocli/3.9.6/picocli-3.9.6.jar:/home/user/.m2/repository/com/google/protobuf/protobuf-java/2.5.0/protobuf-java-2.5.0.jar:/home/user/.m2/repository/com/google/guava/guava/11.0.2/guava-11.0.2.jar:/home/user/.m2/repository/org/apache/hadoop/hadoop-ozone-ozone-manager/0.5.0-SNAPSHOT/hadoop-ozone-ozone-manager-0.5.0-SNAPSHOT.jar:/home/user/.m2/repository/org/apache/hadoop/hadoop-minikdc/3.2.0/hadoop-minikdc-3.2.0.jar:/home/user/.m2/repository/commons-io/commons-io/2.5/commons-io-2.5.jar:/home/user/.m2/repository/org/apache/kerby/kerb-simplekdc/1.0.1/kerb-simplekdc-1.0.1.jar:/home/user/.m2/repository/org/apache/kerby/kerb-client/1.0.1/kerb-client-1.0.1.jar:/home/user/.m2/repository/org/apache/kerby/kerby-config/1.0.1/kerby-config-1.0.1.jar:/home/user/.m2/repository/org/apache/kerby/kerb-core/1.0.1/kerb-core-1.0.1.jar:/home/user/.m2/repository/org/apache/kerby/kerby-pkix/1.0.1/kerby-pkix-1.0.1.jar:/home/user/.m2/repository/org/apache/kerby/kerby-asn1/1.0.1/kerby-asn1-1.0.1.jar:/home/user/.m2/repository/org/apache/kerby/kerby-util/1.0.1/kerby-util-1.0.1.jar:/home/user/.m2/repository/org/apache/kerby/kerb-common/1.0.1/kerb-common-1.0.1.jar:/home/user/.m2/repository/org/apache/kerby/kerb-crypto/1.0.1/kerb-crypto-1.0.1.jar:/home/user/.m2/repository/org/apache/kerby/kerb-util/1.0.1/kerb-util-1.0.1.jar:/home/user/.m2/repository/org/apache/kerby/token-provider/1.0.1/token-provider-1.0.1.jar:/home/user/.m2/repository/org/apache/kerby/kerb-admin/1.0.1/kerb-admin-1.0.1.jar:/home/user/.m2/repository/org/apache/kerby/kerb-server/1.0.1/kerb-server-1.0.1.jar:/home/user/.m2/repository/org/apache/kerby/kerb-identity/1.0.1/kerb-identity-1.0.1.jar:/home/user/.m2/repository/org/apache/kerby/kerby-xdr/1.0.1/kerby-xdr-1.0.1.jar:/home/user/.m2/repository/org/slf4j/slf4j-log4j12/1.7.25/slf4j-log4j12-1.7.25.jar:/home/user/.m2/repository/org/apache/hadoop/hadoop-ozone-objectstore-service/0.5.0-SNAPSHOT/hadoop-ozone-objectstore-service-0.5.0-SNAPSHOT.jar:/home/user/.m2/repository/org/apache/hadoop/hadoop-ozone-s3gateway/0.5.0-SNAPSHOT/hadoop-ozone-s3gateway-0.5.0-SNAPSHOT.jar:/home/user/.m2/repository/org/jboss/weld/servlet/weld-servlet/2.4.7.Final/weld-servlet-2.4.7.Final.jar:/home/user/.m2/repository/org/glassfish/jersey/containers/jersey-container-servlet-core/2.27/jersey-container-servlet-core-2.27.jar:/home/user/.m2/repository/org/glassfish/hk2/external/javax.inject/2.5.0-b42/javax.inject-2.5.0-b42.jar:/home/user/.m2/repository/org/glassfish/jersey/core/jersey-common/2.27/jersey-common-2.27.jar:/home/user/.m2/repository/org/glassfish/hk2/osgi-resource-locator/1.0.1/osgi-resource-locator-1.0.1.jar:/home/user/.m2/repository/javax/ws/rs/javax.ws.rs-api/2.1/javax.ws.rs-api-2.1.jar:/home/user/.m2/repository/org/glassfish/jersey/ext/cdi/jersey-cdi1x/2.27/jersey-cdi1x-2.27.jar:/home/user/.m2/repository/org/glassfish/jersey/inject/jersey-hk2/2.27/jersey-hk2-2.27.jar:/home/user/.m2/repository/org/glassfish/hk2/hk2-locator/2.5.0-b42/hk2-locator-2.5.0-b42.jar:/home/user/.m2/repository/org/javassist/javassist/3.22.0-CR2/javassist-3.22.0-CR2.jar:/home/user/.m2/repository/org/glassfish/hk2/hk2-api/2.5.0/hk2-api-2.5.0.jar:/home/user/.m2/repository/org/glassfish/hk2/external/jakarta.inject/2.5.0/jakarta.inject-2.5.0.jar:/home/user/.m2/repository/org/glassfish/hk2/hk2-utils/2.5.0/hk2-utils-2.5.0.jar:/home/user/.m2/repository/jakarta/annotation/jakarta.annotation-api/1.3.4/jakarta.annotation-api-1.3.4.jar:/home/user/.m2/repository/org/glassfish/hk2/external/aopalliance-repackaged/2.5.0/aopalliance-repackaged-2.5.0.jar:/home/user/.m2/repository/com/fasterxml/jackson/dataformat/jackson-dataformat-xml/2.9.0/jackson-dataformat-xml-2.9.0.jar:/home/user/.m2/repository/com/fasterxml/jackson/core/jackson-core/2.9.5/jackson-core-2.9.5.jar:/home/user/.m2/repository/com/fasterxml/jackson/module/jackson-module-jaxb-annotations/2.9.5/jackson-module-jaxb-annotations-2.9.5.jar:/home/user/.m2/repository/javax/enterprise/cdi-api/1.2/cdi-api-1.2.jar:/home/user/.m2/repository/javax/el/javax.el-api/3.0.0/javax.el-api-3.0.0.jar:/home/user/.m2/repository/javax/interceptor/javax.interceptor-api/1.2/javax.interceptor-api-1.2.jar:/home/user/.m2/repository/javax/inject/javax.inject/1/javax.inject-1.jar:/home/user/.m2/repository/com/sun/xml/bind/jaxb-impl/2.3.0.1/jaxb-impl-2.3.0.1.jar:/home/user/.m2/repository/com/sun/xml/bind/jaxb-core/2.3.0.1/jaxb-core-2.3.0.1.jar:/home/user/.m2/repository/javax/xml/bind/jaxb-api/2.3.0/jaxb-api-2.3.0.jar:/home/user/.m2/repository/javax/activation/activation/1.1.1/activation-1.1.1.jar:/home/user/.m2/repository/org/apache/hadoop/hadoop-ozone-csi/0.5.0-SNAPSHOT/hadoop-ozone-csi-0.5.0-SNAPSHOT.jar:/home/user/.m2/repository/com/google/protobuf/protobuf-java-util/3.5.1/protobuf-java-util-3.5.1.jar:/home/user/.m2/repository/org/apache/hadoop/hadoop-hdds-config/0.5.0-SNAPSHOT/hadoop-hdds-config-0.5.0-SNAPSHOT.jar:/home/user/.m2/repository/io/grpc/grpc-netty/1.17.1/grpc-netty-1.17.1.jar:/home/user/.m2/repository/io/grpc/grpc-core/1.17.1/grpc-core-1.17.1.jar:/home/user/.m2/repository/io/grpc/grpc-context/1.17.1/grpc-context-1.17.1.jar:/home/user/.m2/repository/com/google/errorprone/error_prone_annotations/2.2.0/error_prone_annotations-2.2.0.jar:/home/user/.m2/repository/org/codehaus/mojo/animal-sniffer-annotations/1.17/animal-sniffer-annotations-1.17.jar:/home/user/.m2/repository/io/opencensus/opencensus-api/0.17.0/opencensus-api-0.17.0.jar:/home/user/.m2/repository/io/opencensus/opencensus-contrib-grpc-metrics/0.17.0/opencensus-contrib-grpc-metrics-0.17.0.jar:/home/user/.m2/repository/io/netty/netty-codec-http2/4.1.30.Final/netty-codec-http2-4.1.30.Final.jar:/home/user/.m2/repository/io/netty/netty-codec-http/4.1.30.Final/netty-codec-http-4.1.30.Final.jar:/home/user/.m2/repository/io/netty/netty-codec/4.1.30.Final/netty-codec-4.1.30.Final.jar:/home/user/.m2/repository/io/netty/netty-handler/4.1.30.Final/netty-handler-4.1.30.Final.jar:/home/user/.m2/repository/io/netty/netty-handler-proxy/4.1.30.Final/netty-handler-proxy-4.1.30.Final.jar:/home/user/.m2/repository/io/netty/netty-codec-socks/4.1.30.Final/netty-codec-socks-4.1.30.Final.jar:/home/user/.m2/repository/io/netty/netty-transport-native-epoll/4.1.30.Final/netty-transport-native-epoll-4.1.30.Final.jar:/home/user/.m2/repository/io/netty/netty-common/4.1.30.Final/netty-common-4.1.30.Final.jar:/home/user/.m2/repository/io/netty/netty-buffer/4.1.30.Final/netty-buffer-4.1.30.Final.jar:/home/user/.m2/repository/io/netty/netty-transport/4.1.30.Final/netty-transport-4.1.30.Final.jar:/home/user/.m2/repository/io/netty/netty-resolver/4.1.30.Final/netty-resolver-4.1.30.Final.jar:/home/user/.m2/repository/io/netty/netty-transport-native-unix-common/4.1.30.Final/netty-transport-native-unix-common-4.1.30.Final.jar:/home/user/.m2/repository/io/grpc/grpc-protobuf/1.17.1/grpc-protobuf-1.17.1.jar:/home/user/.m2/repository/com/google/api/grpc/proto-google-common-protos/1.0.0/proto-google-common-protos-1.0.0.jar:/home/user/.m2/repository/io/grpc/grpc-protobuf-lite/1.17.1/grpc-protobuf-lite-1.17.1.jar:/home/user/.m2/repository/io/grpc/grpc-stub/1.17.1/grpc-stub-1.17.1.jar:/home/user/.m2/repository/org/apache/hadoop/hadoop-ozone-recon/0.5.0-SNAPSHOT/hadoop-ozone-recon-0.5.0-SNAPSHOT.jar:/home/user/.m2/repository/org/apache/hadoop/hadoop-ozone-reconcodegen/0.5.0-SNAPSHOT/hadoop-ozone-reconcodegen-0.5.0-SNAPSHOT.jar:/home/user/.m2/repository/com/google/inject/extensions/guice-multibindings/4.0/guice-multibindings-4.0.jar:/home/user/.m2/repository/com/google/inject/guice/4.0/guice-4.0.jar:/home/user/.m2/repository/aopalliance/aopalliance/1.0/aopalliance-1.0.jar:/home/user/.m2/repository/com/google/inject/extensions/guice-servlet/4.0/guice-servlet-4.0.jar:/home/user/.m2/repository/org/glassfish/jersey/containers/jersey-container-servlet/2.27/jersey-container-servlet-2.27.jar:/home/user/.m2/repository/org/glassfish/hk2/guice-bridge/2.5.0/guice-bridge-2.5.0.jar:/home/user/.m2/repository/org/glassfish/jersey/core/jersey-server/2.27/jersey-server-2.27.jar:/home/user/.m2/repository/org/glassfish/jersey/core/jersey-client/2.27/jersey-client-2.27.jar:/home/user/.m2/repository/org/glassfish/jersey/media/jersey-media-jaxb/2.27/jersey-media-jaxb-2.27.jar:/home/user/.m2/repository/javax/validation/validation-api/1.1.0.Final/validation-api-1.1.0.Final.jar:/home/user/.m2/repository/org/glassfish/jersey/media/jersey-media-json-jackson/2.27/jersey-media-json-jackson-2.27.jar:/home/user/.m2/repository/org/glassfish/jersey/ext/jersey-entity-filtering/2.27/jersey-entity-filtering-2.27.jar:/home/user/.m2/repository/com/google/inject/extensions/guice-assistedinject/4.0/guice-assistedinject-4.0.jar:/home/user/.m2/repository/org/jooq/jooq/3.11.10/jooq-3.11.10.jar:/home/user/.m2/repository/org/jooq/jooq-meta/3.11.10/jooq-meta-3.11.10.jar:/home/user/.m2/repository/org/jooq/jooq-codegen/3.11.10/jooq-codegen-3.11.10.jar:/home/user/.m2/repository/com/jolbox/bonecp/0.8.0.RELEASE/bonecp-0.8.0.RELEASE.jar:/home/user/.m2/repository/org/xerial/sqlite-jdbc/3.25.2/sqlite-jdbc-3.25.2.jar:/home/user/.m2/repository/org/springframework/spring-jdbc/5.1.3.RELEASE/spring-jdbc-5.1.3.RELEASE.jar:/home/user/.m2/repository/org/springframework/spring-beans/5.1.3.RELEASE/spring-beans-5.1.3.RELEASE.jar:/home/user/.m2/repository/org/springframework/spring-core/5.1.3.RELEASE/spring-core-5.1.3.RELEASE.jar:/home/user/.m2/repository/org/springframework/spring-jcl/5.1.3.RELEASE/spring-jcl-5.1.3.RELEASE.jar:/home/user/.m2/repository/org/springframework/spring-tx/5.1.3.RELEASE/spring-tx-5.1.3.RELEASE.jar:/home/user/.m2/repository/org/apache/hadoop/hadoop-ozone-client/0.5.0-SNAPSHOT/hadoop-ozone-client-0.5.0-SNAPSHOT.jar:/home/user/.m2/repository/commons-lang/commons-lang/2.6/commons-lang-2.6.jar:/home/user/.m2/repository/org/apache/hadoop/hadoop-ozone-ozone-manager/0.5.0-SNAPSHOT/hadoop-ozone-ozone-manager-0.5.0-SNAPSHOT-tests.jar:/home/user/.m2/repository/junit/junit/4.11/junit-4.11.jar:/home/user/.m2/repository/org/hamcrest/hamcrest-core/1.3/hamcrest-core-1.3.jar:/home/user/.m2/repository/org/openjdk/jmh/jmh-core/1.19/jmh-core-1.19.jar:/home/user/.m2/repository/net/sf/jopt-simple/jopt-simple/4.6/jopt-simple-4.6.jar:/home/user/.m2/repository/org/apache/commons/commons-math3/3.1.1/commons-math3-3.1.1.jar:/home/user/.m2/repository/org/openjdk/jmh/jmh-generator-annprocess/1.19/jmh-generator-annprocess-1.19.jar:/home/user/.m2/repository/org/mockito/mockito-all/1.8.5/mockito-all-1.8.5.jar:/home/user/.m2/repository/org/apache/hadoop/hadoop-kms/3.2.0/hadoop-kms-3.2.0.jar:/home/user/.m2/repository/org/apache/hadoop/hadoop-auth/3.2.0/hadoop-auth-3.2.0.jar:/home/user/.m2/repository/com/nimbusds/nimbus-jose-jwt/4.41.1/nimbus-jose-jwt-4.41.1.jar:/home/user/.m2/repository/com/github/stephenc/jcip/jcip-annotations/1.0-1/jcip-annotations-1.0-1.jar:/home/user/.m2/repository/net/minidev/json-smart/2.3/json-smart-2.3.jar:/home/user/.m2/repository/net/minidev/accessors-smart/1.2/accessors-smart-1.2.jar:/home/user/.m2/repository/org/ow2/asm/asm/5.0.4/asm-5.0.4.jar:/home/user/.m2/repository/org/apache/curator/curator-framework/2.12.0/curator-framework-2.12.0.jar:/home/user/.m2/repository/com/sun/jersey/jersey-core/1.19/jersey-core-1.19.jar:/home/user/.m2/repository/javax/ws/rs/jsr311-api/1.1.1/jsr311-api-1.1.1.jar:/home/user/.m2/repository/com/sun/jersey/jersey-server/1.19/jersey-server-1.19.jar:/home/user/.m2/repository/javax/servlet/javax.servlet-api/3.1.0/javax.servlet-api-3.1.0.jar:/home/user/.m2/repository/org/eclipse/jetty/jetty-server/9.3.24.v20180605/jetty-server-9.3.24.v20180605.jar:/home/user/.m2/repository/org/eclipse/jetty/jetty-http/9.3.24.v20180605/jetty-http-9.3.24.v20180605.jar:/home/user/.m2/repository/org/eclipse/jetty/jetty-io/9.3.24.v20180605/jetty-io-9.3.24.v20180605.jar:/home/user/.m2/repository/org/eclipse/jetty/jetty-webapp/9.3.24.v20180605/jetty-webapp-9.3.24.v20180605.jar:/home/user/.m2/repository/org/eclipse/jetty/jetty-xml/9.3.24.v20180605/jetty-xml-9.3.24.v20180605.jar:/home/user/.m2/repository/log4j/log4j/1.2.17/log4j-1.2.17.jar:/home/user/.m2/repository/org/slf4j/slf4j-api/1.7.25/slf4j-api-1.7.25.jar:/home/user/.m2/repository/org/slf4j/jul-to-slf4j/1.7.25/jul-to-slf4j-1.7.25.jar:/home/user/.m2/repository/org/eclipse/jetty/jetty-util/9.3.24.v20180605/jetty-util-9.3.24.v20180605.jar:/home/user/.m2/repository/com/fasterxml/jackson/core/jackson-databind/2.9.5/jackson-databind-2.9.5.jar:/home/user/.m2/repository/org/apache/hadoop/hadoop-kms/3.2.0/hadoop-kms-3.2.0-tests.jar:/home/user/.m2/repository/org/apache/hadoop/hadoop-hdds-server-scm/0.5.0-SNAPSHOT/hadoop-hdds-server-scm-0.5.0-SNAPSHOT-tests.jar:/home/user/.m2/repository/org/apache/hadoop/hadoop-hdds-container-service/0.5.0-SNAPSHOT/hadoop-hdds-container-service-0.5.0-SNAPSHOT-tests.jar:/home/user/.m2/repository/org/yaml/snakeyaml/1.16/snakeyaml-1.16.jar:/home/user/.m2/repository/org/apache/hadoop/hadoop-common/3.2.0/hadoop-common-3.2.0-tests.jar:/home/user/.m2/repository/org/apache/hadoop/hadoop-annotations/3.2.0/hadoop-annotations-3.2.0.jar:/usr/lib/jvm/java-1.8-openjdk/jre/../lib/tools.jar:/home/user/.m2/repository/commons-cli/commons-cli/1.2/commons-cli-1.2.jar:/home/user/.m2/repository/org/apache/httpcomponents/httpclient/4.5.2/httpclient-4.5.2.jar:/home/user/.m2/repository/org/apache/httpcomponents/httpcore/4.4.4/httpcore-4.4.4.jar:/home/user/.m2/repository/commons-codec/commons-codec/1.11/commons-codec-1.11.jar:/home/user/.m2/repository/commons-net/commons-net/3.6/commons-net-3.6.jar:/home/user/.m2/repository/commons-collections/commons-collections/3.2.2/commons-collections-3.2.2.jar:/home/user/.m2/repository/org/eclipse/jetty/jetty-servlet/9.3.24.v20180605/jetty-servlet-9.3.24.v20180605.jar:/home/user/.m2/repository/org/eclipse/jetty/jetty-security/9.3.24.v20180605/jetty-security-9.3.24.v20180605.jar:/home/user/.m2/repository/javax/servlet/jsp/jsp-api/2.1/jsp-api-2.1.jar:/home/user/.m2/repository/com/sun/jersey/jersey-servlet/1.19/jersey-servlet-1.19.jar:/home/user/.m2/repository/com/sun/jersey/jersey-json/1.19/jersey-json-1.19.jar:/home/user/.m2/repository/org/codehaus/jettison/jettison/1.1/jettison-1.1.jar:/home/user/.m2/repository/org/codehaus/jackson/jackson-core-asl/1.9.13/jackson-core-asl-1.9.13.jar:/home/user/.m2/repository/org/codehaus/jackson/jackson-mapper-asl/1.9.13/jackson-mapper-asl-1.9.13.jar:/home/user/.m2/repository/org/codehaus/jackson/jackson-jaxrs/1.9.13/jackson-jaxrs-1.9.13.jar:/home/user/.m2/repository/org/codehaus/jackson/jackson-xc/1.9.13/jackson-xc-1.9.13.jar:/home/user/.m2/repository/commons-logging/commons-logging/1.1.3/commons-logging-1.1.3.jar:/home/user/.m2/repository/commons-beanutils/commons-beanutils/1.9.3/commons-beanutils-1.9.3.jar:/home/user/.m2/repository/org/apache/commons/commons-configuration2/2.1.1/commons-configuration2-2.1.1.jar:/home/user/.m2/repository/org/apache/commons/commons-lang3/3.7/commons-lang3-3.7.jar:/home/user/.m2/repository/org/apache/commons/commons-text/1.4/commons-text-1.4.jar:/home/user/.m2/repository/org/apache/avro/avro/1.7.7/avro-1.7.7.jar:/home/user/.m2/repository/com/thoughtworks/paranamer/paranamer/2.3/paranamer-2.3.jar:/home/user/.m2/repository/org/xerial/snappy/snappy-java/1.0.5/snappy-java-1.0.5.jar:/home/user/.m2/repository/com/google/re2j/re2j/1.1/re2j-1.1.jar:/home/user/.m2/repository/com/google/code/gson/gson/2.2.4/gson-2.2.4.jar:/home/user/.m2/repository/com/jcraft/jsch/0.1.54/jsch-0.1.54.jar:/home/user/.m2/repository/org/apache/curator/curator-client/2.12.0/curator-client-2.12.0.jar:/home/user/.m2/repository/org/apache/curator/curator-recipes/2.12.0/curator-recipes-2.12.0.jar:/home/user/.m2/repository/com/google/code/findbugs/jsr305/3.0.0/jsr305-3.0.0.jar:/home/user/.m2/repository/org/apache/htrace/htrace-core4/4.1.0-incubating/htrace-core4-4.1.0-incubating.jar:/home/user/.m2/repository/org/apache/zookeeper/zookeeper/3.4.13/zookeeper-3.4.13.jar:/home/user/.m2/repository/org/apache/yetus/audience-annotations/0.5.0/audience-annotations-0.5.0.jar:/home/user/.m2/repository/org/codehaus/woodstox/stax2-api/3.1.4/stax2-api-3.1.4.jar:/home/user/.m2/repository/com/fasterxml/woodstox/woodstox-core/5.0.3/woodstox-core-5.0.3.jar:/home/user/.m2/repository/dnsjava/dnsjava/2.1.7/dnsjava-2.1.7.jar:/home/user/.m2/repository/org/apache/hadoop/hadoop-hdfs/3.2.0/hadoop-hdfs-3.2.0-tests.jar:/home/user/.m2/repository/org/eclipse/jetty/jetty-util-ajax/9.3.24.v20180605/jetty-util-ajax-9.3.24.v20180605.jar:/home/user/.m2/repository/commons-daemon/commons-daemon/1.0.13/commons-daemon-1.0.13.jar:/home/user/.m2/repository/io/netty/netty/3.10.5.Final/netty-3.10.5.Final.jar:/home/user/.m2/repository/io/netty/netty-all/4.0.52.Final/netty-all-4.0.52.Final.jar:/home/user/.m2/repository/org/fusesource/leveldbjni/leveldbjni-all/1.8/leveldbjni-all-1.8.jar:"/>
    <property name="java.vm.vendor" value="IcedTea"/>
    <property name="sun.arch.data.model" value="64"/>
    <property name="test.build.dir" value="/workdir/hadoop-ozone/integration-test/target/test-dir"/>
    <property name="test.cache.data" value=""/>
    <property name="java.vendor.url" value="https://icedtea.classpath.org"/>
    <property name="user.timezone" value=""/>
    <property name="java.vm.specification.version" value="1.8"/>
    <property name="os.name" value="Linux"/>
    <property name="test.build.data" value="/workdir/hadoop-ozone/integration-test/target/test-dir"/>
    <property name="user.country" value="US"/>
    <property name="sun.java.launcher" value="SUN_STANDARD"/>
    <property name="sun.boot.library.path" value="/usr/lib/jvm/java-1.8-openjdk/jre/lib/amd64"/>
    <property name="sun.java.command" value="/workdir/hadoop-ozone/integration-test/target/surefire/surefirebooter1181143840506444375.jar /workdir/hadoop-ozone/integration-test/target/surefire 2019-08-20T14-19-05_258-jvmRun1 surefire6557327548522038439tmp surefire_298622853963612267507tmp"/>
    <property name="surefire.test.class.path" value="/workdir/hadoop-ozone/integration-test/target/test-classes:/workdir/hadoop-ozone/integration-test/target/classes:/home/user/.m2/repository/org/apache/hadoop/hadoop-ozone-common/0.5.0-SNAPSHOT/hadoop-ozone-common-0.5.0-SNAPSHOT.jar:/home/user/.m2/repository/org/apache/commons/commons-compress/1.4.1/commons-compress-1.4.1.jar:/home/user/.m2/repository/org/tukaani/xz/1.0/xz-1.0.jar:/home/user/.m2/repository/org/apache/hadoop/hadoop-common/3.2.0/hadoop-common-3.2.0.jar:/home/user/.m2/repository/org/apache/hadoop/hadoop-hdfs/3.2.0/hadoop-hdfs-3.2.0.jar:/home/user/.m2/repository/org/apache/hadoop/hadoop-hdfs-client/3.2.0/hadoop-hdfs-client-3.2.0.jar:/home/user/.m2/repository/com/fasterxml/jackson/core/jackson-annotations/2.9.5/jackson-annotations-2.9.5.jar:/home/user/.m2/repository/org/apache/hadoop/hadoop-hdds-common/0.5.0-SNAPSHOT/hadoop-hdds-common-0.5.0-SNAPSHOT.jar:/home/user/.m2/repository/javax/annotation/javax.annotation-api/1.2/javax.annotation-api-1.2.jar:/home/user/.m2/repository/org/apache/ratis/ratis-server/0.4.0-2337318-SNAPSHOT/ratis-server-0.4.0-2337318-SNAPSHOT.jar:/home/user/.m2/repository/org/apache/ratis/ratis-thirdparty-misc/0.2.0/ratis-thirdparty-misc-0.2.0.jar:/home/user/.m2/repository/org/apache/ratis/ratis-proto/0.4.0-2337318-SNAPSHOT/ratis-proto-0.4.0-2337318-SNAPSHOT.jar:/home/user/.m2/repository/org/apache/ratis/ratis-common/0.4.0-2337318-SNAPSHOT/ratis-common-0.4.0-2337318-SNAPSHOT.jar:/home/user/.m2/repository/org/apache/ratis/ratis-client/0.4.0-2337318-SNAPSHOT/ratis-client-0.4.0-2337318-SNAPSHOT.jar:/home/user/.m2/repository/org/apache/ratis/ratis-metrics/0.4.0-2337318-SNAPSHOT/ratis-metrics-0.4.0-2337318-SNAPSHOT.jar:/home/user/.m2/repository/org/apache/ratis/ratis-netty/0.4.0-2337318-SNAPSHOT/ratis-netty-0.4.0-2337318-SNAPSHOT.jar:/home/user/.m2/repository/org/apache/ratis/ratis-grpc/0.4.0-2337318-SNAPSHOT/ratis-grpc-0.4.0-2337318-SNAPSHOT.jar:/home/user/.m2/repository/org/rocksdb/rocksdbjni/6.0.1/rocksdbjni-6.0.1.jar:/home/user/.m2/repository/org/apache/logging/log4j/log4j-api/2.11.0/log4j-api-2.11.0.jar:/home/user/.m2/repository/org/apache/logging/log4j/log4j-core/2.11.0/log4j-core-2.11.0.jar:/home/user/.m2/repository/com/lmax/disruptor/3.4.2/disruptor-3.4.2.jar:/home/user/.m2/repository/org/apache/commons/commons-pool2/2.6.0/commons-pool2-2.6.0.jar:/home/user/.m2/repository/org/bouncycastle/bcpkix-jdk15on/1.60/bcpkix-jdk15on-1.60.jar:/home/user/.m2/repository/commons-validator/commons-validator/1.6/commons-validator-1.6.jar:/home/user/.m2/repository/commons-digester/commons-digester/1.8.1/commons-digester-1.8.1.jar:/home/user/.m2/repository/io/jaegertracing/jaeger-client/0.33.1/jaeger-client-0.33.1.jar:/home/user/.m2/repository/io/jaegertracing/jaeger-thrift/0.33.1/jaeger-thrift-0.33.1.jar:/home/user/.m2/repository/org/apache/thrift/libthrift/0.11.0/libthrift-0.11.0.jar:/home/user/.m2/repository/com/squareup/okhttp3/okhttp/3.9.0/okhttp-3.9.0.jar:/home/user/.m2/repository/com/squareup/okio/okio/1.13.0/okio-1.13.0.jar:/home/user/.m2/repository/io/jaegertracing/jaeger-core/0.33.1/jaeger-core-0.33.1.jar:/home/user/.m2/repository/io/jaegertracing/jaeger-tracerresolver/0.33.1/jaeger-tracerresolver-0.33.1.jar:/home/user/.m2/repository/io/opentracing/contrib/opentracing-tracerresolver/0.1.5/opentracing-tracerresolver-0.1.5.jar:/home/user/.m2/repository/io/opentracing/opentracing-util/0.31.0/opentracing-util-0.31.0.jar:/home/user/.m2/repository/io/opentracing/opentracing-api/0.31.0/opentracing-api-0.31.0.jar:/home/user/.m2/repository/io/opentracing/opentracing-noop/0.31.0/opentracing-noop-0.31.0.jar:/home/user/.m2/repository/org/apache/hadoop/hadoop-hdds-server-framework/0.5.0-SNAPSHOT/hadoop-hdds-server-framework-0.5.0-SNAPSHOT.jar:/home/user/.m2/repository/org/apache/hadoop/hadoop-hdds-container-service/0.5.0-SNAPSHOT/hadoop-hdds-container-service-0.5.0-SNAPSHOT.jar:/home/user/.m2/repository/org/apache/hadoop/hadoop-hdds-client/0.5.0-SNAPSHOT/hadoop-hdds-client-0.5.0-SNAPSHOT.jar:/home/user/.m2/repository/org/apache/hadoop/hadoop-hdds-tools/0.5.0-SNAPSHOT/hadoop-hdds-tools-0.5.0-SNAPSHOT.jar:/home/user/.m2/repository/org/apache/hadoop/hadoop-hdds-server-scm/0.5.0-SNAPSHOT/hadoop-hdds-server-scm-0.5.0-SNAPSHOT.jar:/home/user/.m2/repository/org/apache/hadoop/hadoop-hdds-docs/0.5.0-SNAPSHOT/hadoop-hdds-docs-0.5.0-SNAPSHOT.jar:/home/user/.m2/repository/io/dropwizard/metrics/metrics-core/3.2.4/metrics-core-3.2.4.jar:/home/user/.m2/repository/org/hamcrest/hamcrest-all/1.3/hamcrest-all-1.3.jar:/home/user/.m2/repository/org/bouncycastle/bcprov-jdk15on/1.60/bcprov-jdk15on-1.60.jar:/home/user/.m2/repository/info/picocli/picocli/3.9.6/picocli-3.9.6.jar:/home/user/.m2/repository/com/google/protobuf/protobuf-java/2.5.0/protobuf-java-2.5.0.jar:/home/user/.m2/repository/com/google/guava/guava/11.0.2/guava-11.0.2.jar:/home/user/.m2/repository/org/apache/hadoop/hadoop-ozone-ozone-manager/0.5.0-SNAPSHOT/hadoop-ozone-ozone-manager-0.5.0-SNAPSHOT.jar:/home/user/.m2/repository/org/apache/hadoop/hadoop-minikdc/3.2.0/hadoop-minikdc-3.2.0.jar:/home/user/.m2/repository/commons-io/commons-io/2.5/commons-io-2.5.jar:/home/user/.m2/repository/org/apache/kerby/kerb-simplekdc/1.0.1/kerb-simplekdc-1.0.1.jar:/home/user/.m2/repository/org/apache/kerby/kerb-client/1.0.1/kerb-client-1.0.1.jar:/home/user/.m2/repository/org/apache/kerby/kerby-config/1.0.1/kerby-config-1.0.1.jar:/home/user/.m2/repository/org/apache/kerby/kerb-core/1.0.1/kerb-core-1.0.1.jar:/home/user/.m2/repository/org/apache/kerby/kerby-pkix/1.0.1/kerby-pkix-1.0.1.jar:/home/user/.m2/repository/org/apache/kerby/kerby-asn1/1.0.1/kerby-asn1-1.0.1.jar:/home/user/.m2/repository/org/apache/kerby/kerby-util/1.0.1/kerby-util-1.0.1.jar:/home/user/.m2/repository/org/apache/kerby/kerb-common/1.0.1/kerb-common-1.0.1.jar:/home/user/.m2/repository/org/apache/kerby/kerb-crypto/1.0.1/kerb-crypto-1.0.1.jar:/home/user/.m2/repository/org/apache/kerby/kerb-util/1.0.1/kerb-util-1.0.1.jar:/home/user/.m2/repository/org/apache/kerby/token-provider/1.0.1/token-provider-1.0.1.jar:/home/user/.m2/repository/org/apache/kerby/kerb-admin/1.0.1/kerb-admin-1.0.1.jar:/home/user/.m2/repository/org/apache/kerby/kerb-server/1.0.1/kerb-server-1.0.1.jar:/home/user/.m2/repository/org/apache/kerby/kerb-identity/1.0.1/kerb-identity-1.0.1.jar:/home/user/.m2/repository/org/apache/kerby/kerby-xdr/1.0.1/kerby-xdr-1.0.1.jar:/home/user/.m2/repository/org/slf4j/slf4j-log4j12/1.7.25/slf4j-log4j12-1.7.25.jar:/home/user/.m2/repository/org/apache/hadoop/hadoop-ozone-objectstore-service/0.5.0-SNAPSHOT/hadoop-ozone-objectstore-service-0.5.0-SNAPSHOT.jar:/home/user/.m2/repository/org/apache/hadoop/hadoop-ozone-s3gateway/0.5.0-SNAPSHOT/hadoop-ozone-s3gateway-0.5.0-SNAPSHOT.jar:/home/user/.m2/repository/org/jboss/weld/servlet/weld-servlet/2.4.7.Final/weld-servlet-2.4.7.Final.jar:/home/user/.m2/repository/org/glassfish/jersey/containers/jersey-container-servlet-core/2.27/jersey-container-servlet-core-2.27.jar:/home/user/.m2/repository/org/glassfish/hk2/external/javax.inject/2.5.0-b42/javax.inject-2.5.0-b42.jar:/home/user/.m2/repository/org/glassfish/jersey/core/jersey-common/2.27/jersey-common-2.27.jar:/home/user/.m2/repository/org/glassfish/hk2/osgi-resource-locator/1.0.1/osgi-resource-locator-1.0.1.jar:/home/user/.m2/repository/javax/ws/rs/javax.ws.rs-api/2.1/javax.ws.rs-api-2.1.jar:/home/user/.m2/repository/org/glassfish/jersey/ext/cdi/jersey-cdi1x/2.27/jersey-cdi1x-2.27.jar:/home/user/.m2/repository/org/glassfish/jersey/inject/jersey-hk2/2.27/jersey-hk2-2.27.jar:/home/user/.m2/repository/org/glassfish/hk2/hk2-locator/2.5.0-b42/hk2-locator-2.5.0-b42.jar:/home/user/.m2/repository/org/javassist/javassist/3.22.0-CR2/javassist-3.22.0-CR2.jar:/home/user/.m2/repository/org/glassfish/hk2/hk2-api/2.5.0/hk2-api-2.5.0.jar:/home/user/.m2/repository/org/glassfish/hk2/external/jakarta.inject/2.5.0/jakarta.inject-2.5.0.jar:/home/user/.m2/repository/org/glassfish/hk2/hk2-utils/2.5.0/hk2-utils-2.5.0.jar:/home/user/.m2/repository/jakarta/annotation/jakarta.annotation-api/1.3.4/jakarta.annotation-api-1.3.4.jar:/home/user/.m2/repository/org/glassfish/hk2/external/aopalliance-repackaged/2.5.0/aopalliance-repackaged-2.5.0.jar:/home/user/.m2/repository/com/fasterxml/jackson/dataformat/jackson-dataformat-xml/2.9.0/jackson-dataformat-xml-2.9.0.jar:/home/user/.m2/repository/com/fasterxml/jackson/core/jackson-core/2.9.5/jackson-core-2.9.5.jar:/home/user/.m2/repository/com/fasterxml/jackson/module/jackson-module-jaxb-annotations/2.9.5/jackson-module-jaxb-annotations-2.9.5.jar:/home/user/.m2/repository/javax/enterprise/cdi-api/1.2/cdi-api-1.2.jar:/home/user/.m2/repository/javax/el/javax.el-api/3.0.0/javax.el-api-3.0.0.jar:/home/user/.m2/repository/javax/interceptor/javax.interceptor-api/1.2/javax.interceptor-api-1.2.jar:/home/user/.m2/repository/javax/inject/javax.inject/1/javax.inject-1.jar:/home/user/.m2/repository/com/sun/xml/bind/jaxb-impl/2.3.0.1/jaxb-impl-2.3.0.1.jar:/home/user/.m2/repository/com/sun/xml/bind/jaxb-core/2.3.0.1/jaxb-core-2.3.0.1.jar:/home/user/.m2/repository/javax/xml/bind/jaxb-api/2.3.0/jaxb-api-2.3.0.jar:/home/user/.m2/repository/javax/activation/activation/1.1.1/activation-1.1.1.jar:/home/user/.m2/repository/org/apache/hadoop/hadoop-ozone-csi/0.5.0-SNAPSHOT/hadoop-ozone-csi-0.5.0-SNAPSHOT.jar:/home/user/.m2/repository/com/google/protobuf/protobuf-java-util/3.5.1/protobuf-java-util-3.5.1.jar:/home/user/.m2/repository/org/apache/hadoop/hadoop-hdds-config/0.5.0-SNAPSHOT/hadoop-hdds-config-0.5.0-SNAPSHOT.jar:/home/user/.m2/repository/io/grpc/grpc-netty/1.17.1/grpc-netty-1.17.1.jar:/home/user/.m2/repository/io/grpc/grpc-core/1.17.1/grpc-core-1.17.1.jar:/home/user/.m2/repository/io/grpc/grpc-context/1.17.1/grpc-context-1.17.1.jar:/home/user/.m2/repository/com/google/errorprone/error_prone_annotations/2.2.0/error_prone_annotations-2.2.0.jar:/home/user/.m2/repository/org/codehaus/mojo/animal-sniffer-annotations/1.17/animal-sniffer-annotations-1.17.jar:/home/user/.m2/repository/io/opencensus/opencensus-api/0.17.0/opencensus-api-0.17.0.jar:/home/user/.m2/repository/io/opencensus/opencensus-contrib-grpc-metrics/0.17.0/opencensus-contrib-grpc-metrics-0.17.0.jar:/home/user/.m2/repository/io/netty/netty-codec-http2/4.1.30.Final/netty-codec-http2-4.1.30.Final.jar:/home/user/.m2/repository/io/netty/netty-codec-http/4.1.30.Final/netty-codec-http-4.1.30.Final.jar:/home/user/.m2/repository/io/netty/netty-codec/4.1.30.Final/netty-codec-4.1.30.Final.jar:/home/user/.m2/repository/io/netty/netty-handler/4.1.30.Final/netty-handler-4.1.30.Final.jar:/home/user/.m2/repository/io/netty/netty-handler-proxy/4.1.30.Final/netty-handler-proxy-4.1.30.Final.jar:/home/user/.m2/repository/io/netty/netty-codec-socks/4.1.30.Final/netty-codec-socks-4.1.30.Final.jar:/home/user/.m2/repository/io/netty/netty-transport-native-epoll/4.1.30.Final/netty-transport-native-epoll-4.1.30.Final.jar:/home/user/.m2/repository/io/netty/netty-common/4.1.30.Final/netty-common-4.1.30.Final.jar:/home/user/.m2/repository/io/netty/netty-buffer/4.1.30.Final/netty-buffer-4.1.30.Final.jar:/home/user/.m2/repository/io/netty/netty-transport/4.1.30.Final/netty-transport-4.1.30.Final.jar:/home/user/.m2/repository/io/netty/netty-resolver/4.1.30.Final/netty-resolver-4.1.30.Final.jar:/home/user/.m2/repository/io/netty/netty-transport-native-unix-common/4.1.30.Final/netty-transport-native-unix-common-4.1.30.Final.jar:/home/user/.m2/repository/io/grpc/grpc-protobuf/1.17.1/grpc-protobuf-1.17.1.jar:/home/user/.m2/repository/com/google/api/grpc/proto-google-common-protos/1.0.0/proto-google-common-protos-1.0.0.jar:/home/user/.m2/repository/io/grpc/grpc-protobuf-lite/1.17.1/grpc-protobuf-lite-1.17.1.jar:/home/user/.m2/repository/io/grpc/grpc-stub/1.17.1/grpc-stub-1.17.1.jar:/home/user/.m2/repository/org/apache/hadoop/hadoop-ozone-recon/0.5.0-SNAPSHOT/hadoop-ozone-recon-0.5.0-SNAPSHOT.jar:/home/user/.m2/repository/org/apache/hadoop/hadoop-ozone-reconcodegen/0.5.0-SNAPSHOT/hadoop-ozone-reconcodegen-0.5.0-SNAPSHOT.jar:/home/user/.m2/repository/com/google/inject/extensions/guice-multibindings/4.0/guice-multibindings-4.0.jar:/home/user/.m2/repository/com/google/inject/guice/4.0/guice-4.0.jar:/home/user/.m2/repository/aopalliance/aopalliance/1.0/aopalliance-1.0.jar:/home/user/.m2/repository/com/google/inject/extensions/guice-servlet/4.0/guice-servlet-4.0.jar:/home/user/.m2/repository/org/glassfish/jersey/containers/jersey-container-servlet/2.27/jersey-container-servlet-2.27.jar:/home/user/.m2/repository/org/glassfish/hk2/guice-bridge/2.5.0/guice-bridge-2.5.0.jar:/home/user/.m2/repository/org/glassfish/jersey/core/jersey-server/2.27/jersey-server-2.27.jar:/home/user/.m2/repository/org/glassfish/jersey/core/jersey-client/2.27/jersey-client-2.27.jar:/home/user/.m2/repository/org/glassfish/jersey/media/jersey-media-jaxb/2.27/jersey-media-jaxb-2.27.jar:/home/user/.m2/repository/javax/validation/validation-api/1.1.0.Final/validation-api-1.1.0.Final.jar:/home/user/.m2/repository/org/glassfish/jersey/media/jersey-media-json-jackson/2.27/jersey-media-json-jackson-2.27.jar:/home/user/.m2/repository/org/glassfish/jersey/ext/jersey-entity-filtering/2.27/jersey-entity-filtering-2.27.jar:/home/user/.m2/repository/com/google/inject/extensions/guice-assistedinject/4.0/guice-assistedinject-4.0.jar:/home/user/.m2/repository/org/jooq/jooq/3.11.10/jooq-3.11.10.jar:/home/user/.m2/repository/org/jooq/jooq-meta/3.11.10/jooq-meta-3.11.10.jar:/home/user/.m2/repository/org/jooq/jooq-codegen/3.11.10/jooq-codegen-3.11.10.jar:/home/user/.m2/repository/com/jolbox/bonecp/0.8.0.RELEASE/bonecp-0.8.0.RELEASE.jar:/home/user/.m2/repository/org/xerial/sqlite-jdbc/3.25.2/sqlite-jdbc-3.25.2.jar:/home/user/.m2/repository/org/springframework/spring-jdbc/5.1.3.RELEASE/spring-jdbc-5.1.3.RELEASE.jar:/home/user/.m2/repository/org/springframework/spring-beans/5.1.3.RELEASE/spring-beans-5.1.3.RELEASE.jar:/home/user/.m2/repository/org/springframework/spring-core/5.1.3.RELEASE/spring-core-5.1.3.RELEASE.jar:/home/user/.m2/repository/org/springframework/spring-jcl/5.1.3.RELEASE/spring-jcl-5.1.3.RELEASE.jar:/home/user/.m2/repository/org/springframework/spring-tx/5.1.3.RELEASE/spring-tx-5.1.3.RELEASE.jar:/home/user/.m2/repository/org/apache/hadoop/hadoop-ozone-client/0.5.0-SNAPSHOT/hadoop-ozone-client-0.5.0-SNAPSHOT.jar:/home/user/.m2/repository/commons-lang/commons-lang/2.6/commons-lang-2.6.jar:/home/user/.m2/repository/org/apache/hadoop/hadoop-ozone-ozone-manager/0.5.0-SNAPSHOT/hadoop-ozone-ozone-manager-0.5.0-SNAPSHOT-tests.jar:/home/user/.m2/repository/junit/junit/4.11/junit-4.11.jar:/home/user/.m2/repository/org/hamcrest/hamcrest-core/1.3/hamcrest-core-1.3.jar:/home/user/.m2/repository/org/openjdk/jmh/jmh-core/1.19/jmh-core-1.19.jar:/home/user/.m2/repository/net/sf/jopt-simple/jopt-simple/4.6/jopt-simple-4.6.jar:/home/user/.m2/repository/org/apache/commons/commons-math3/3.1.1/commons-math3-3.1.1.jar:/home/user/.m2/repository/org/openjdk/jmh/jmh-generator-annprocess/1.19/jmh-generator-annprocess-1.19.jar:/home/user/.m2/repository/org/mockito/mockito-all/1.8.5/mockito-all-1.8.5.jar:/home/user/.m2/repository/org/apache/hadoop/hadoop-kms/3.2.0/hadoop-kms-3.2.0.jar:/home/user/.m2/repository/org/apache/hadoop/hadoop-auth/3.2.0/hadoop-auth-3.2.0.jar:/home/user/.m2/repository/com/nimbusds/nimbus-jose-jwt/4.41.1/nimbus-jose-jwt-4.41.1.jar:/home/user/.m2/repository/com/github/stephenc/jcip/jcip-annotations/1.0-1/jcip-annotations-1.0-1.jar:/home/user/.m2/repository/net/minidev/json-smart/2.3/json-smart-2.3.jar:/home/user/.m2/repository/net/minidev/accessors-smart/1.2/accessors-smart-1.2.jar:/home/user/.m2/repository/org/ow2/asm/asm/5.0.4/asm-5.0.4.jar:/home/user/.m2/repository/org/apache/curator/curator-framework/2.12.0/curator-framework-2.12.0.jar:/home/user/.m2/repository/com/sun/jersey/jersey-core/1.19/jersey-core-1.19.jar:/home/user/.m2/repository/javax/ws/rs/jsr311-api/1.1.1/jsr311-api-1.1.1.jar:/home/user/.m2/repository/com/sun/jersey/jersey-server/1.19/jersey-server-1.19.jar:/home/user/.m2/repository/javax/servlet/javax.servlet-api/3.1.0/javax.servlet-api-3.1.0.jar:/home/user/.m2/repository/org/eclipse/jetty/jetty-server/9.3.24.v20180605/jetty-server-9.3.24.v20180605.jar:/home/user/.m2/repository/org/eclipse/jetty/jetty-http/9.3.24.v20180605/jetty-http-9.3.24.v20180605.jar:/home/user/.m2/repository/org/eclipse/jetty/jetty-io/9.3.24.v20180605/jetty-io-9.3.24.v20180605.jar:/home/user/.m2/repository/org/eclipse/jetty/jetty-webapp/9.3.24.v20180605/jetty-webapp-9.3.24.v20180605.jar:/home/user/.m2/repository/org/eclipse/jetty/jetty-xml/9.3.24.v20180605/jetty-xml-9.3.24.v20180605.jar:/home/user/.m2/repository/log4j/log4j/1.2.17/log4j-1.2.17.jar:/home/user/.m2/repository/org/slf4j/slf4j-api/1.7.25/slf4j-api-1.7.25.jar:/home/user/.m2/repository/org/slf4j/jul-to-slf4j/1.7.25/jul-to-slf4j-1.7.25.jar:/home/user/.m2/repository/org/eclipse/jetty/jetty-util/9.3.24.v20180605/jetty-util-9.3.24.v20180605.jar:/home/user/.m2/repository/com/fasterxml/jackson/core/jackson-databind/2.9.5/jackson-databind-2.9.5.jar:/home/user/.m2/repository/org/apache/hadoop/hadoop-kms/3.2.0/hadoop-kms-3.2.0-tests.jar:/home/user/.m2/repository/org/apache/hadoop/hadoop-hdds-server-scm/0.5.0-SNAPSHOT/hadoop-hdds-server-scm-0.5.0-SNAPSHOT-tests.jar:/home/user/.m2/repository/org/apache/hadoop/hadoop-hdds-container-service/0.5.0-SNAPSHOT/hadoop-hdds-container-service-0.5.0-SNAPSHOT-tests.jar:/home/user/.m2/repository/org/yaml/snakeyaml/1.16/snakeyaml-1.16.jar:/home/user/.m2/repository/org/apache/hadoop/hadoop-common/3.2.0/hadoop-common-3.2.0-tests.jar:/home/user/.m2/repository/org/apache/hadoop/hadoop-annotations/3.2.0/hadoop-annotations-3.2.0.jar:/usr/lib/jvm/java-1.8-openjdk/jre/../lib/tools.jar:/home/user/.m2/repository/commons-cli/commons-cli/1.2/commons-cli-1.2.jar:/home/user/.m2/repository/org/apache/httpcomponents/httpclient/4.5.2/httpclient-4.5.2.jar:/home/user/.m2/repository/org/apache/httpcomponents/httpcore/4.4.4/httpcore-4.4.4.jar:/home/user/.m2/repository/commons-codec/commons-codec/1.11/commons-codec-1.11.jar:/home/user/.m2/repository/commons-net/commons-net/3.6/commons-net-3.6.jar:/home/user/.m2/repository/commons-collections/commons-collections/3.2.2/commons-collections-3.2.2.jar:/home/user/.m2/repository/org/eclipse/jetty/jetty-servlet/9.3.24.v20180605/jetty-servlet-9.3.24.v20180605.jar:/home/user/.m2/repository/org/eclipse/jetty/jetty-security/9.3.24.v20180605/jetty-security-9.3.24.v20180605.jar:/home/user/.m2/repository/javax/servlet/jsp/jsp-api/2.1/jsp-api-2.1.jar:/home/user/.m2/repository/com/sun/jersey/jersey-servlet/1.19/jersey-servlet-1.19.jar:/home/user/.m2/repository/com/sun/jersey/jersey-json/1.19/jersey-json-1.19.jar:/home/user/.m2/repository/org/codehaus/jettison/jettison/1.1/jettison-1.1.jar:/home/user/.m2/repository/org/codehaus/jackson/jackson-core-asl/1.9.13/jackson-core-asl-1.9.13.jar:/home/user/.m2/repository/org/codehaus/jackson/jackson-mapper-asl/1.9.13/jackson-mapper-asl-1.9.13.jar:/home/user/.m2/repository/org/codehaus/jackson/jackson-jaxrs/1.9.13/jackson-jaxrs-1.9.13.jar:/home/user/.m2/repository/org/codehaus/jackson/jackson-xc/1.9.13/jackson-xc-1.9.13.jar:/home/user/.m2/repository/commons-logging/commons-logging/1.1.3/commons-logging-1.1.3.jar:/home/user/.m2/repository/commons-beanutils/commons-beanutils/1.9.3/commons-beanutils-1.9.3.jar:/home/user/.m2/repository/org/apache/commons/commons-configuration2/2.1.1/commons-configuration2-2.1.1.jar:/home/user/.m2/repository/org/apache/commons/commons-lang3/3.7/commons-lang3-3.7.jar:/home/user/.m2/repository/org/apache/commons/commons-text/1.4/commons-text-1.4.jar:/home/user/.m2/repository/org/apache/avro/avro/1.7.7/avro-1.7.7.jar:/home/user/.m2/repository/com/thoughtworks/paranamer/paranamer/2.3/paranamer-2.3.jar:/home/user/.m2/repository/org/xerial/snappy/snappy-java/1.0.5/snappy-java-1.0.5.jar:/home/user/.m2/repository/com/google/re2j/re2j/1.1/re2j-1.1.jar:/home/user/.m2/repository/com/google/code/gson/gson/2.2.4/gson-2.2.4.jar:/home/user/.m2/repository/com/jcraft/jsch/0.1.54/jsch-0.1.54.jar:/home/user/.m2/repository/org/apache/curator/curator-client/2.12.0/curator-client-2.12.0.jar:/home/user/.m2/repository/org/apache/curator/curator-recipes/2.12.0/curator-recipes-2.12.0.jar:/home/user/.m2/repository/com/google/code/findbugs/jsr305/3.0.0/jsr305-3.0.0.jar:/home/user/.m2/repository/org/apache/htrace/htrace-core4/4.1.0-incubating/htrace-core4-4.1.0-incubating.jar:/home/user/.m2/repository/org/apache/zookeeper/zookeeper/3.4.13/zookeeper-3.4.13.jar:/home/user/.m2/repository/org/apache/yetus/audience-annotations/0.5.0/audience-annotations-0.5.0.jar:/home/user/.m2/repository/org/codehaus/woodstox/stax2-api/3.1.4/stax2-api-3.1.4.jar:/home/user/.m2/repository/com/fasterxml/woodstox/woodstox-core/5.0.3/woodstox-core-5.0.3.jar:/home/user/.m2/repository/dnsjava/dnsjava/2.1.7/dnsjava-2.1.7.jar:/home/user/.m2/repository/org/apache/hadoop/hadoop-hdfs/3.2.0/hadoop-hdfs-3.2.0-tests.jar:/home/user/.m2/repository/org/eclipse/jetty/jetty-util-ajax/9.3.24.v20180605/jetty-util-ajax-9.3.24.v20180605.jar:/home/user/.m2/repository/commons-daemon/commons-daemon/1.0.13/commons-daemon-1.0.13.jar:/home/user/.m2/repository/io/netty/netty/3.10.5.Final/netty-3.10.5.Final.jar:/home/user/.m2/repository/io/netty/netty-all/4.0.52.Final/netty-all-4.0.52.Final.jar:/home/user/.m2/repository/org/fusesource/leveldbjni/leveldbjni-all/1.8/leveldbjni-all-1.8.jar:"/>
    <property name="sun.cpu.endian" value="little"/>
    <property name="user.home" value="/home/user"/>
    <property name="user.language" value="en"/>
    <property name="java.specification.vendor" value="Oracle Corporation"/>
    <property name="java.home" value="/usr/lib/jvm/java-1.8-openjdk/jre"/>
    <property name="java.security.krb5.conf" value="/workdir/hadoop-ozone/integration-test/target/test-classes/krb5.conf"/>
    <property name="basedir" value="/workdir/hadoop-ozone/integration-test"/>
    <property name="file.separator" value="/"/>
    <property name="line.separator" value="&#10;"/>
    <property name="java.vm.specification.vendor" value="Oracle Corporation"/>
    <property name="java.specification.name" value="Java Platform API Specification"/>
    <property name="java.awt.graphicsenv" value="sun.awt.X11GraphicsEnvironment"/>
    <property name="surefire.real.class.path" value="/workdir/hadoop-ozone/integration-test/target/surefire/surefirebooter1181143840506444375.jar"/>
    <property name="hadoop.log.dir" value="/workdir/hadoop-ozone/integration-test/target/log"/>
    <property name="sun.boot.class.path" value="/usr/lib/jvm/java-1.8-openjdk/jre/lib/resources.jar:/usr/lib/jvm/java-1.8-openjdk/jre/lib/rt.jar:/usr/lib/jvm/java-1.8-openjdk/jre/lib/sunrsasign.jar:/usr/lib/jvm/java-1.8-openjdk/jre/lib/jsse.jar:/usr/lib/jvm/java-1.8-openjdk/jre/lib/jce.jar:/usr/lib/jvm/java-1.8-openjdk/jre/lib/charsets.jar:/usr/lib/jvm/java-1.8-openjdk/jre/lib/jfr.jar:/usr/lib/jvm/java-1.8-openjdk/jre/classes"/>
    <property name="sun.management.compiler" value="HotSpot 64-Bit Tiered Compilers"/>
    <property name="java.runtime.version" value="1.8.0_212-b04"/>
    <property name="java.net.preferIPv4Stack" value="true"/>
    <property name="user.name" value="jenkins1000"/>
    <property name="path.separator" value=":"/>
    <property name="java.security.egd" value="file:///dev/urandom"/>
    <property name="os.version" value="3.10.0-957.12.2.el7.x86_64"/>
    <property name="java.endorsed.dirs" value="/usr/lib/jvm/java-1.8-openjdk/jre/lib/endorsed"/>
    <property name="java.runtime.name" value="OpenJDK Runtime Environment"/>
    <property name="file.encoding" value="UTF-8"/>
    <property name="java.vm.name" value="OpenJDK 64-Bit Server VM"/>
    <property name="test.build.webapps" value=""/>
    <property name="localRepository" value="/home/user/.m2/repository"/>
    <property name="java.vendor.url.bug" value="https://icedtea.classpath.org/bugzilla"/>
    <property name="java.io.tmpdir" value="/tmp"/>
    <property name="require.test.libhadoop" value=""/>
    <property name="java.version" value="1.8.0_212"/>
    <property name="user.dir" value="/workdir/hadoop-ozone/integration-test"/>
    <property name="os.arch" value="amd64"/>
    <property name="java.vm.specification.name" value="Java Virtual Machine Specification"/>
    <property name="test.build.classes" value="/workdir/hadoop-ozone/integration-test/target/test-classes"/>
    <property name="java.awt.printerjob" value="sun.print.PSPrinterJob"/>
    <property name="sun.os.patch.level" value="unknown"/>
    <property name="hadoop.tmp.dir" value="/workdir/hadoop-ozone/integration-test/target/tmp"/>
    <property name="java.library.path" value="/usr/lib/jvm/java-1.8-openjdk/jre/lib/amd64/server:/usr/lib/jvm/java-1.8-openjdk/jre/lib/amd64:/usr/lib/jvm/java-1.8-openjdk/jre/../lib/amd64:/workdir/hadoop-ozone/integration-test/target/native/target/usr/local/lib:/workdir/hadoop-ozone/integration-test/../../hadoop-common-project/hadoop-common/target/native/target/usr/local/lib:/usr/java/packages/lib/amd64:/usr/lib64:/lib64:/lib:/usr/lib"/>
    <property name="java.vm.info" value="mixed mode"/>
    <property name="java.vendor" value="IcedTea"/>
    <property name="java.vm.version" value="25.212-b04"/>
    <property name="java.ext.dirs" value="/usr/lib/jvm/java-1.8-openjdk/jre/lib/ext:/usr/java/packages/lib/ext"/>
    <property name="sun.io.unicode.encoding" value="UnicodeLittle"/>
    <property name="java.class.version" value="52.0"/>
  </properties>
  <testcase name="testMultiBlockWritesWithDnFailures" classname="org.apache.hadoop.ozone.client.rpc.TestMultiBlockWritesWithDnFailures" time="32.618">
    <error message="Allocated 0 blocks. Requested 1 blocks" type="INTERNAL_ERROR org.apache.hadoop.ozone.om.exceptions.OMException">INTERNAL_ERROR org.apache.hadoop.ozone.om.exceptions.OMException: Allocated 0 blocks. Requested 1 blocks
	at org.apache.hadoop.ozone.om.protocolPB.OzoneManagerProtocolClientSideTranslatorPB.handleError(OzoneManagerProtocolClientSideTranslatorPB.java:720)
	at org.apache.hadoop.ozone.om.protocolPB.OzoneManagerProtocolClientSideTranslatorPB.allocateBlock(OzoneManagerProtocolClientSideTranslatorPB.java:752)
	at org.apache.hadoop.ozone.client.io.BlockOutputStreamEntryPool.allocateNewBlock(BlockOutputStreamEntryPool.java:248)
	at org.apache.hadoop.ozone.client.io.BlockOutputStreamEntryPool.allocateBlockIfNeeded(BlockOutputStreamEntryPool.java:296)
	at org.apache.hadoop.ozone.client.io.KeyOutputStream.handleWrite(KeyOutputStream.java:201)
	at org.apache.hadoop.ozone.client.io.KeyOutputStream.handleRetry(KeyOutputStream.java:376)
	at org.apache.hadoop.ozone.client.io.KeyOutputStream.handleException(KeyOutputStream.java:325)
	at org.apache.hadoop.ozone.client.io.KeyOutputStream.handleWrite(KeyOutputStream.java:231)
	at org.apache.hadoop.ozone.client.io.KeyOutputStream.write(KeyOutputStream.java:193)
	at org.apache.hadoop.ozone.client.io.OzoneOutputStream.write(OzoneOutputStream.java:49)
	at java.io.OutputStream.write(OutputStream.java:75)
	at org.apache.hadoop.ozone.client.rpc.TestMultiBlockWritesWithDnFailures.testMultiBlockWritesWithDnFailures(TestMultiBlockWritesWithDnFailures.java:144)
	at sun.reflect.NativeMethodAccessorImpl.invoke0(Native Method)
	at sun.reflect.NativeMethodAccessorImpl.invoke(NativeMethodAccessorImpl.java:62)
	at sun.reflect.DelegatingMethodAccessorImpl.invoke(DelegatingMethodAccessorImpl.java:43)
	at java.lang.reflect.Method.invoke(Method.java:498)
	at org.junit.runners.model.FrameworkMethod$1.runReflectiveCall(FrameworkMethod.java:47)
	at org.junit.internal.runners.model.ReflectiveCallable.run(ReflectiveCallable.java:12)
	at org.junit.runners.model.FrameworkMethod.invokeExplosively(FrameworkMethod.java:44)
	at org.junit.internal.runners.statements.InvokeMethod.evaluate(InvokeMethod.java:17)
	at org.junit.runners.ParentRunner.runLeaf(ParentRunner.java:271)
	at org.junit.runners.BlockJUnit4ClassRunner.runChild(BlockJUnit4ClassRunner.java:70)
	at org.junit.runners.BlockJUnit4ClassRunner.runChild(BlockJUnit4ClassRunner.java:50)
	at org.junit.runners.ParentRunner$3.run(ParentRunner.java:238)
	at org.junit.runners.ParentRunner$1.schedule(ParentRunner.java:63)
	at org.junit.runners.ParentRunner.runChildren(ParentRunner.java:236)
	at org.junit.runners.ParentRunner.access$000(ParentRunner.java:53)
	at org.junit.runners.ParentRunner$2.evaluate(ParentRunner.java:229)
	at org.junit.runners.ParentRunner.run(ParentRunner.java:309)
	at org.apache.maven.surefire.junit4.JUnit4Provider.execute(JUnit4Provider.java:365)
	at org.apache.maven.surefire.junit4.JUnit4Provider.executeWithRerun(JUnit4Provider.java:273)
	at org.apache.maven.surefire.junit4.JUnit4Provider.executeTestSet(JUnit4Provider.java:238)
	at org.apache.maven.surefire.junit4.JUnit4Provider.invoke(JUnit4Provider.java:159)
	at org.apache.maven.surefire.booter.ForkedBooter.invokeProviderInSameClassLoader(ForkedBooter.java:384)
	at org.apache.maven.surefire.booter.ForkedBooter.runSuitesInProcess(ForkedBooter.java:345)
	at org.apache.maven.surefire.booter.ForkedBooter.execute(ForkedBooter.java:126)
	at org.apache.maven.surefire.booter.ForkedBooter.main(ForkedBooter.java:418)
</error>
    <system-out><![CDATA[2019-08-20 15:03:16,510 WARN  server.ServerUtils (ServerUtils.java:getScmDbDir(145)) - ozone.scm.db.dirs is not configured. We recommend adding this setting. Falling back to ozone.metadata.dirs instead.
2019-08-20 15:03:16,649 WARN  server.ServerUtils (ServerUtils.java:getScmDbDir(145)) - ozone.scm.db.dirs is not configured. We recommend adding this setting. Falling back to ozone.metadata.dirs instead.
2019-08-20 15:03:16,653 WARN  server.ServerUtils (ServerUtils.java:getScmDbDir(145)) - ozone.scm.db.dirs is not configured. We recommend adding this setting. Falling back to ozone.metadata.dirs instead.
2019-08-20 15:03:16,673 INFO  util.log (Log.java:initialized(192)) - Logging initialized @974ms
2019-08-20 15:03:16,780 INFO  db.DBStoreBuilder (DBStoreBuilder.java:addTable(110)) - using custom profile for table: deletedBlocks
2019-08-20 15:03:16,781 INFO  db.DBStoreBuilder (DBStoreBuilder.java:processTables(161)) - Using default column profile:DBProfile.DISK for Table:deletedBlocks
2019-08-20 15:03:16,781 INFO  db.DBStoreBuilder (DBStoreBuilder.java:addTable(110)) - using custom profile for table: validCerts
2019-08-20 15:03:16,781 INFO  db.DBStoreBuilder (DBStoreBuilder.java:processTables(161)) - Using default column profile:DBProfile.DISK for Table:validCerts
2019-08-20 15:03:16,782 INFO  db.DBStoreBuilder (DBStoreBuilder.java:addTable(110)) - using custom profile for table: revokedCerts
2019-08-20 15:03:16,782 INFO  db.DBStoreBuilder (DBStoreBuilder.java:processTables(161)) - Using default column profile:DBProfile.DISK for Table:revokedCerts
2019-08-20 15:03:16,795 INFO  db.DBStoreBuilder (DBStoreBuilder.java:addTable(110)) - using custom profile for table: default
2019-08-20 15:03:16,795 INFO  db.DBStoreBuilder (DBStoreBuilder.java:processTables(167)) - Using default column profile:DBProfile.DISK for Table:default
2019-08-20 15:03:16,796 INFO  db.DBStoreBuilder (DBStoreBuilder.java:getDbProfile(198)) - Using default options. DBProfile.DISK
2019-08-20 15:03:16,990 INFO  net.NodeSchemaLoader (NodeSchemaLoader.java:loadSchemaFromFile(125)) - Loading file from sun.misc.CompoundEnumeration@393671df
2019-08-20 15:03:16,994 INFO  net.NodeSchemaLoader (NodeSchemaLoader.java:loadSchema(171)) - Loading network topology layer schema file
2019-08-20 15:03:17,076 INFO  node.SCMNodeManager (SCMNodeManager.java:<init>(121)) - Entering startup safe mode.
2019-08-20 15:03:17,155 INFO  algorithms.ContainerPlacementPolicyFactory (ContainerPlacementPolicyFactory.java:getPolicy(55)) - Create container placement policy of type org.apache.hadoop.hdds.scm.container.placement.algorithms.SCMContainerPlacementRandom
2019-08-20 15:03:17,180 WARN  server.ServerUtils (ServerUtils.java:getScmDbDir(145)) - ozone.scm.db.dirs is not configured. We recommend adding this setting. Falling back to ozone.metadata.dirs instead.
2019-08-20 15:03:17,248 INFO  pipeline.SCMPipelineManager (SCMPipelineManager.java:initializePipelineState(126)) - No pipeline exists in current db
2019-08-20 15:03:17,251 WARN  server.ServerUtils (ServerUtils.java:getScmDbDir(145)) - ozone.scm.db.dirs is not configured. We recommend adding this setting. Falling back to ozone.metadata.dirs instead.
2019-08-20 15:03:17,371 WARN  events.EventQueue (EventQueue.java:fireEvent(175)) - No event handler registered for event TypedEvent{payloadType=SafeModeStatus, name='SafeModeStatus'}
2019-08-20 15:03:17,784 INFO  ipc.CallQueueManager (CallQueueManager.java:<init>(84)) - Using callQueue: class java.util.concurrent.LinkedBlockingQueue, queueCapacity: 2000, scheduler: class org.apache.hadoop.ipc.DefaultRpcScheduler, ipcBackoff: false.
2019-08-20 15:03:17,813 INFO  ipc.Server (Server.java:run(1074)) - Starting Socket Reader #1 for port 40599
2019-08-20 15:03:17,836 INFO  ipc.CallQueueManager (CallQueueManager.java:<init>(84)) - Using callQueue: class java.util.concurrent.LinkedBlockingQueue, queueCapacity: 2000, scheduler: class org.apache.hadoop.ipc.DefaultRpcScheduler, ipcBackoff: false.
2019-08-20 15:03:17,838 INFO  ipc.Server (Server.java:run(1074)) - Starting Socket Reader #1 for port 44607
2019-08-20 15:03:17,844 INFO  ipc.CallQueueManager (CallQueueManager.java:<init>(84)) - Using callQueue: class java.util.concurrent.LinkedBlockingQueue, queueCapacity: 2000, scheduler: class org.apache.hadoop.ipc.DefaultRpcScheduler, ipcBackoff: false.
2019-08-20 15:03:17,846 INFO  ipc.Server (Server.java:run(1074)) - Starting Socket Reader #1 for port 37459
2019-08-20 15:03:17,993 INFO  hdfs.DFSUtil (DFSUtil.java:httpServerTemplateForNNAndJN(1641)) - Starting Web-server for scm at: http://0.0.0.0:0
2019-08-20 15:03:18,183 INFO  server.AuthenticationFilter (AuthenticationFilter.java:constructSecretProvider(240)) - Unable to initialize FileSignerSecretProvider, falling back to use random secrets.
2019-08-20 15:03:18,192 WARN  http.HttpRequestLog (HttpRequestLog.java:getRequestLog(97)) - Jetty request log can only be enabled using Log4j
2019-08-20 15:03:18,200 INFO  http.HttpServer2 (HttpServer2.java:addGlobalFilter(975)) - Added global filter 'safety' (class=org.apache.hadoop.http.HttpServer2$QuotingInputFilter)
2019-08-20 15:03:18,203 INFO  http.HttpServer2 (HttpServer2.java:addFilter(948)) - Added filter static_user_filter (class=org.apache.hadoop.http.lib.StaticUserWebFilter$StaticUserFilter) to context scm
2019-08-20 15:03:18,203 INFO  http.HttpServer2 (HttpServer2.java:addFilter(958)) - Added filter static_user_filter (class=org.apache.hadoop.http.lib.StaticUserWebFilter$StaticUserFilter) to context static
2019-08-20 15:03:18,203 INFO  http.HttpServer2 (HttpServer2.java:addFilter(958)) - Added filter static_user_filter (class=org.apache.hadoop.http.lib.StaticUserWebFilter$StaticUserFilter) to context logs
2019-08-20 15:03:18,233 INFO  server.StorageContainerManager (StorageContainerManager.java:start(759)) - StorageContainerLocationProtocol RPC server is listening at /0.0.0.0:37459
2019-08-20 15:03:18,295 WARN  impl.MetricsConfig (MetricsConfig.java:loadFirst(134)) - Cannot locate configuration: tried hadoop-metrics2-storagecontainermanager.properties,hadoop-metrics2.properties
2019-08-20 15:03:18,307 INFO  impl.MetricsSystemImpl (MetricsSystemImpl.java:startTimer(374)) - Scheduled Metric snapshot period at 10 second(s).
2019-08-20 15:03:18,307 INFO  impl.MetricsSystemImpl (MetricsSystemImpl.java:start(191)) - StorageContainerManager metrics system started
2019-08-20 15:03:18,555 INFO  server.SCMClientProtocolServer (SCMClientProtocolServer.java:start(151)) - RPC server for Client  is listening at /0.0.0.0:37459
2019-08-20 15:03:18,556 INFO  ipc.Server (Server.java:run(1153)) - IPC Server listener on 37459: starting
2019-08-20 15:03:18,556 INFO  ipc.Server (Server.java:run(1314)) - IPC Server Responder: starting
2019-08-20 15:03:18,560 INFO  server.StorageContainerManager (StorageContainerManager.java:start(769)) - ScmBlockLocationProtocol RPC server is listening at /0.0.0.0:44607
2019-08-20 15:03:18,560 INFO  server.SCMBlockProtocolServer (SCMBlockProtocolServer.java:start(140)) - RPC server for Block Protocol is listening at /0.0.0.0:44607
2019-08-20 15:03:18,561 INFO  ipc.Server (Server.java:run(1314)) - IPC Server Responder: starting
2019-08-20 15:03:18,561 INFO  ipc.Server (Server.java:run(1153)) - IPC Server listener on 44607: starting
2019-08-20 15:03:18,563 INFO  server.StorageContainerManager (StorageContainerManager.java:start(773)) - ScmDatanodeProtocl RPC server is listening at /0.0.0.0:40599
2019-08-20 15:03:18,564 INFO  server.SCMDatanodeProtocolServer (SCMDatanodeProtocolServer.java:start(191)) - RPC server for DataNodes is listening at /0.0.0.0:40599
2019-08-20 15:03:18,564 INFO  ipc.Server (Server.java:run(1314)) - IPC Server Responder: starting
2019-08-20 15:03:18,564 INFO  ipc.Server (Server.java:run(1153)) - IPC Server listener on 40599: starting
2019-08-20 15:03:18,568 INFO  http.HttpServer2 (HttpServer2.java:bindListener(1191)) - Jetty bound to port 35164
2019-08-20 15:03:18,570 INFO  server.Server (Server.java:doStart(351)) - jetty-9.3.24.v20180605, build timestamp: 2018-06-05T17:11:56Z, git hash: 84205aa28f11a4f31f2a3b86d1bba2cc8ab69827
2019-08-20 15:03:18,615 INFO  handler.ContextHandler (ContextHandler.java:doStart(781)) - Started o.e.j.s.ServletContextHandler@79d94571{/logs,file:///workdir/hadoop-ozone/integration-test/target/log,AVAILABLE}
2019-08-20 15:03:18,615 INFO  handler.ContextHandler (ContextHandler.java:doStart(781)) - Started o.e.j.s.ServletContextHandler@3212a8d7{/static,file:///workdir/hadoop-ozone/integration-test/target/test-classes/webapps/static,AVAILABLE}
2019-08-20 15:03:18,649 INFO  handler.ContextHandler (ContextHandler.java:doStart(781)) - Started o.e.j.w.WebAppContext@4a3e3e8b{/,file:///workdir/hadoop-ozone/integration-test/target/test-classes/webapps/scm/,AVAILABLE}{/scm}
2019-08-20 15:03:18,655 INFO  server.AbstractConnector (AbstractConnector.java:doStart(278)) - Started ServerConnector@6e9319f{HTTP/1.1,[http/1.1]}{0.0.0.0:35164}
2019-08-20 15:03:18,655 INFO  server.Server (Server.java:doStart(419)) - Started @2956ms
2019-08-20 15:03:18,656 INFO  server.BaseHttpServer (BaseHttpServer.java:updateConnectorAddress(213)) - HTTP server of SCM is listening at http://0.0.0.0:35164
2019-08-20 15:03:18,665 INFO  util.JvmPauseMonitor (JvmPauseMonitor.java:run(188)) - Starting JVM pause monitor
2019-08-20 15:03:18,669 WARN  server.ServerUtils (ServerUtils.java:getDBPath(222)) - ozone.om.db.dirs is not configured. We recommend adding this setting. Falling back to ozone.metadata.dirs instead.
2019-08-20 15:03:18,792 WARN  server.ServerUtils (ServerUtils.java:getDBPath(222)) - ozone.om.db.dirs is not configured. We recommend adding this setting. Falling back to ozone.metadata.dirs instead.
2019-08-20 15:03:18,793 WARN  server.ServerUtils (ServerUtils.java:getDBPath(222)) - ozone.om.db.dirs is not configured. We recommend adding this setting. Falling back to ozone.metadata.dirs instead.
2019-08-20 15:03:18,794 INFO  om.OzoneManager (OzoneManager.java:setOMNodeDetails(647)) - OM Service ID is not set. Setting it to the default ID: omServiceIdDefault
2019-08-20 15:03:18,794 INFO  om.OzoneManager (OzoneManager.java:setOMNodeDetails(653)) - OM Node ID is not set. Setting it to the OmStorage's OmID: 2c9d8fe3-b54a-48d5-8665-dd1cd9f7b457
2019-08-20 15:03:18,795 INFO  om.OzoneManager (OzoneManager.java:loadOMHAConfigs(604)) - Found matching OM address with OMServiceId: null, OMNodeId: null, RPC Address: localhost:0 and Ratis port: 9872
2019-08-20 15:03:19,520 WARN  server.ServerUtils (ServerUtils.java:getDBPath(222)) - ozone.om.db.dirs is not configured. We recommend adding this setting. Falling back to ozone.metadata.dirs instead.
2019-08-20 15:03:19,527 INFO  db.DBStoreBuilder (DBStoreBuilder.java:addTable(110)) - using custom profile for table: userTable
2019-08-20 15:03:19,528 INFO  db.DBStoreBuilder (DBStoreBuilder.java:processTables(161)) - Using default column profile:DBProfile.DISK for Table:userTable
2019-08-20 15:03:19,528 INFO  db.DBStoreBuilder (DBStoreBuilder.java:addTable(110)) - using custom profile for table: volumeTable
2019-08-20 15:03:19,528 INFO  db.DBStoreBuilder (DBStoreBuilder.java:processTables(161)) - Using default column profile:DBProfile.DISK for Table:volumeTable
2019-08-20 15:03:19,528 INFO  db.DBStoreBuilder (DBStoreBuilder.java:addTable(110)) - using custom profile for table: bucketTable
2019-08-20 15:03:19,529 INFO  db.DBStoreBuilder (DBStoreBuilder.java:processTables(161)) - Using default column profile:DBProfile.DISK for Table:bucketTable
2019-08-20 15:03:19,529 INFO  db.DBStoreBuilder (DBStoreBuilder.java:addTable(110)) - using custom profile for table: keyTable
2019-08-20 15:03:19,529 INFO  db.DBStoreBuilder (DBStoreBuilder.java:processTables(161)) - Using default column profile:DBProfile.DISK for Table:keyTable
2019-08-20 15:03:19,529 INFO  db.DBStoreBuilder (DBStoreBuilder.java:addTable(110)) - using custom profile for table: deletedTable
2019-08-20 15:03:19,530 INFO  db.DBStoreBuilder (DBStoreBuilder.java:processTables(161)) - Using default column profile:DBProfile.DISK for Table:deletedTable
2019-08-20 15:03:19,530 INFO  db.DBStoreBuilder (DBStoreBuilder.java:addTable(110)) - using custom profile for table: openKeyTable
2019-08-20 15:03:19,530 INFO  db.DBStoreBuilder (DBStoreBuilder.java:processTables(161)) - Using default column profile:DBProfile.DISK for Table:openKeyTable
2019-08-20 15:03:19,530 INFO  db.DBStoreBuilder (DBStoreBuilder.java:addTable(110)) - using custom profile for table: s3Table
2019-08-20 15:03:19,531 INFO  db.DBStoreBuilder (DBStoreBuilder.java:processTables(161)) - Using default column profile:DBProfile.DISK for Table:s3Table
2019-08-20 15:03:19,531 INFO  db.DBStoreBuilder (DBStoreBuilder.java:addTable(110)) - using custom profile for table: multipartInfoTable
2019-08-20 15:03:19,531 INFO  db.DBStoreBuilder (DBStoreBuilder.java:processTables(161)) - Using default column profile:DBProfile.DISK for Table:multipartInfoTable
2019-08-20 15:03:19,531 INFO  db.DBStoreBuilder (DBStoreBuilder.java:addTable(110)) - using custom profile for table: dTokenTable
2019-08-20 15:03:19,532 INFO  db.DBStoreBuilder (DBStoreBuilder.java:processTables(161)) - Using default column profile:DBProfile.DISK for Table:dTokenTable
2019-08-20 15:03:19,532 INFO  db.DBStoreBuilder (DBStoreBuilder.java:addTable(110)) - using custom profile for table: s3SecretTable
2019-08-20 15:03:19,532 INFO  db.DBStoreBuilder (DBStoreBuilder.java:processTables(161)) - Using default column profile:DBProfile.DISK for Table:s3SecretTable
2019-08-20 15:03:19,532 INFO  db.DBStoreBuilder (DBStoreBuilder.java:addTable(110)) - using custom profile for table: prefixTable
2019-08-20 15:03:19,533 INFO  db.DBStoreBuilder (DBStoreBuilder.java:processTables(161)) - Using default column profile:DBProfile.DISK for Table:prefixTable
2019-08-20 15:03:19,533 INFO  db.DBStoreBuilder (DBStoreBuilder.java:addTable(110)) - using custom profile for table: default
2019-08-20 15:03:19,533 INFO  db.DBStoreBuilder (DBStoreBuilder.java:processTables(167)) - Using default column profile:DBProfile.DISK for Table:default
2019-08-20 15:03:19,533 INFO  db.DBStoreBuilder (DBStoreBuilder.java:getDbProfile(198)) - Using default options. DBProfile.DISK
2019-08-20 15:03:20,502 INFO  ipc.CallQueueManager (CallQueueManager.java:<init>(84)) - Using callQueue: class java.util.concurrent.LinkedBlockingQueue, queueCapacity: 2000, scheduler: class org.apache.hadoop.ipc.DefaultRpcScheduler, ipcBackoff: false.
2019-08-20 15:03:20,503 INFO  ipc.Server (Server.java:run(1074)) - Starting Socket Reader #1 for port 42484
2019-08-20 15:03:20,525 INFO  om.OzoneManager (OzoneManager.java:start(1258)) - OzoneManager RPC server is listening at localhost/127.0.0.1:42484
2019-08-20 15:03:20,526 INFO  impl.MetricsSystemImpl (MetricsSystemImpl.java:init(158)) - OzoneManager metrics system started (again)
2019-08-20 15:03:20,527 INFO  ipc.Server (Server.java:run(1314)) - IPC Server Responder: starting
2019-08-20 15:03:20,527 INFO  ipc.Server (Server.java:run(1153)) - IPC Server listener on 42484: starting
2019-08-20 15:03:20,536 INFO  hdfs.DFSUtil (DFSUtil.java:httpServerTemplateForNNAndJN(1641)) - Starting Web-server for ozoneManager at: http://0.0.0.0:0
2019-08-20 15:03:20,538 INFO  server.AuthenticationFilter (AuthenticationFilter.java:constructSecretProvider(240)) - Unable to initialize FileSignerSecretProvider, falling back to use random secrets.
2019-08-20 15:03:20,539 WARN  http.HttpRequestLog (HttpRequestLog.java:getRequestLog(97)) - Jetty request log can only be enabled using Log4j
2019-08-20 15:03:20,542 INFO  http.HttpServer2 (HttpServer2.java:addGlobalFilter(975)) - Added global filter 'safety' (class=org.apache.hadoop.http.HttpServer2$QuotingInputFilter)
2019-08-20 15:03:20,544 INFO  http.HttpServer2 (HttpServer2.java:addFilter(948)) - Added filter static_user_filter (class=org.apache.hadoop.http.lib.StaticUserWebFilter$StaticUserFilter) to context ozoneManager
2019-08-20 15:03:20,544 INFO  http.HttpServer2 (HttpServer2.java:addFilter(958)) - Added filter static_user_filter (class=org.apache.hadoop.http.lib.StaticUserWebFilter$StaticUserFilter) to context static
2019-08-20 15:03:20,545 INFO  http.HttpServer2 (HttpServer2.java:addFilter(958)) - Added filter static_user_filter (class=org.apache.hadoop.http.lib.StaticUserWebFilter$StaticUserFilter) to context logs
2019-08-20 15:03:20,548 INFO  http.HttpServer2 (HttpServer2.java:bindListener(1191)) - Jetty bound to port 37943
2019-08-20 15:03:20,548 INFO  server.Server (Server.java:doStart(351)) - jetty-9.3.24.v20180605, build timestamp: 2018-06-05T17:11:56Z, git hash: 84205aa28f11a4f31f2a3b86d1bba2cc8ab69827
2019-08-20 15:03:20,551 INFO  handler.ContextHandler (ContextHandler.java:doStart(781)) - Started o.e.j.s.ServletContextHandler@7c28c1{/logs,file:///workdir/hadoop-ozone/integration-test/target/log,AVAILABLE}
2019-08-20 15:03:20,552 INFO  handler.ContextHandler (ContextHandler.java:doStart(781)) - Started o.e.j.s.ServletContextHandler@67ec8477{/static,file:///workdir/hadoop-ozone/integration-test/target/test-classes/webapps/static,AVAILABLE}
2019-08-20 15:03:20,559 INFO  handler.ContextHandler (ContextHandler.java:doStart(781)) - Started o.e.j.w.WebAppContext@1dab9dd6{/,file:///workdir/hadoop-ozone/integration-test/target/test-classes/webapps/ozoneManager/,AVAILABLE}{/ozoneManager}
2019-08-20 15:03:20,560 INFO  server.AbstractConnector (AbstractConnector.java:doStart(278)) - Started ServerConnector@247667dd{HTTP/1.1,[http/1.1]}{0.0.0.0:37943}
2019-08-20 15:03:20,561 INFO  server.Server (Server.java:doStart(419)) - Started @4862ms
2019-08-20 15:03:20,562 INFO  server.BaseHttpServer (BaseHttpServer.java:updateConnectorAddress(213)) - HTTP server of OZONEMANAGER is listening at http://0.0.0.0:37943
2019-08-20 15:03:20,879 INFO  impl.MetricsSystemImpl (MetricsSystemImpl.java:init(158)) - HddsDatanode metrics system started (again)
2019-08-20 15:03:20,965 INFO  ozone.HddsDatanodeService (HddsDatanodeService.java:start(184)) - HddsDatanodeService host:pr-hdds-1948-qmvbp-2153692187 ip:192.168.5.159
2019-08-20 15:03:21,004 INFO  volume.HddsVolume (HddsVolume.java:<init>(176)) - Creating Volume: /workdir/hadoop-ozone/integration-test/target/test-dir/MiniOzoneClusterImpl-654ee0d8-0ca1-4e4d-a6f4-0992848371a2/datanode-0/data/containers/hdds of  storage type : DISK and capacity : 1482555576320
2019-08-20 15:03:21,011 INFO  volume.VolumeSet (VolumeSet.java:initializeVolumeSet(170)) - Added Volume : /workdir/hadoop-ozone/integration-test/target/test-dir/MiniOzoneClusterImpl-654ee0d8-0ca1-4e4d-a6f4-0992848371a2/datanode-0/data/containers/hdds to VolumeSet
2019-08-20 15:03:21,016 INFO  volume.ThrottledAsyncChecker (ThrottledAsyncChecker.java:schedule(140)) - Scheduling a check for org.apache.hadoop.ozone.container.common.volume.HddsVolume@35088e87
2019-08-20 15:03:21,041 INFO  volume.HddsVolumeChecker (HddsVolumeChecker.java:checkAllVolumes(203)) - Scheduled health check for volume org.apache.hadoop.ozone.container.common.volume.HddsVolume@35088e87
2019-08-20 15:03:21,153 INFO  impl.RaftServerProxy (ConfUtils.java:logGet(43)) - raft.rpc.type = GRPC (default)
2019-08-20 15:03:21,242 INFO  grpc.GrpcFactory (GrpcFactory.java:checkPooledByteBufAllocatorUseCacheForAllThreads(45)) - PERFORMANCE WARNING: useCacheForAllThreads is true that may cause Netty to create a lot garbage objects and, as a result, trigger GC.
	It is recommended to disable useCacheForAllThreads by setting -Dorg.apache.ratis.thirdparty.io.netty.allocator.useCacheForAllThreads=false in command line.
2019-08-20 15:03:21,248 INFO  grpc.GrpcConfigKeys$Server (ConfUtils.java:logGet(43)) - raft.grpc.server.port = 0 (default)
2019-08-20 15:03:21,250 INFO  server.GrpcService (ConfUtils.java:logGet(43)) - raft.grpc.message.size.max = 33570816 (custom)
2019-08-20 15:03:21,251 INFO  server.RaftServerConfigKeys (ConfUtils.java:logGet(43)) - raft.server.log.appender.buffer.byte-limit = 33554432 (custom)
2019-08-20 15:03:21,252 INFO  server.GrpcService (ConfUtils.java:logGet(43)) - raft.grpc.flow.control.window = 1MB (=1048576) (default)
2019-08-20 15:03:21,253 INFO  server.RaftServerConfigKeys (ConfUtils.java:logGet(43)) - raft.server.rpc.request.timeout = 3000ms (default)
2019-08-20 15:03:21,431 INFO  server.RaftServerConfigKeys (ConfUtils.java:logGet(43)) - raft.server.storage.dir = [/workdir/hadoop-ozone/integration-test/target/test-dir/MiniOzoneClusterImpl-654ee0d8-0ca1-4e4d-a6f4-0992848371a2/datanode-0/data/ratis] (custom)
2019-08-20 15:03:21,476 INFO  replication.SimpleContainerDownloader (SimpleContainerDownloader.java:<init>(72)) - Starting container downloader service to copy containers to replicate.
2019-08-20 15:03:21,491 INFO  hdfs.DFSUtil (DFSUtil.java:httpServerTemplateForNNAndJN(1641)) - Starting Web-server for hddsDatanode at: http://0.0.0.0:0
2019-08-20 15:03:21,495 INFO  server.AuthenticationFilter (AuthenticationFilter.java:constructSecretProvider(240)) - Unable to initialize FileSignerSecretProvider, falling back to use random secrets.
2019-08-20 15:03:21,496 WARN  http.HttpRequestLog (HttpRequestLog.java:getRequestLog(97)) - Jetty request log can only be enabled using Log4j
2019-08-20 15:03:21,500 INFO  http.HttpServer2 (HttpServer2.java:addGlobalFilter(975)) - Added global filter 'safety' (class=org.apache.hadoop.http.HttpServer2$QuotingInputFilter)
2019-08-20 15:03:21,502 INFO  http.HttpServer2 (HttpServer2.java:addFilter(948)) - Added filter static_user_filter (class=org.apache.hadoop.http.lib.StaticUserWebFilter$StaticUserFilter) to context hddsDatanode
2019-08-20 15:03:21,503 INFO  http.HttpServer2 (HttpServer2.java:addFilter(958)) - Added filter static_user_filter (class=org.apache.hadoop.http.lib.StaticUserWebFilter$StaticUserFilter) to context logs
2019-08-20 15:03:21,503 INFO  http.HttpServer2 (HttpServer2.java:addFilter(958)) - Added filter static_user_filter (class=org.apache.hadoop.http.lib.StaticUserWebFilter$StaticUserFilter) to context static
2019-08-20 15:03:21,506 INFO  http.HttpServer2 (HttpServer2.java:bindListener(1191)) - Jetty bound to port 42977
2019-08-20 15:03:21,507 INFO  server.Server (Server.java:doStart(351)) - jetty-9.3.24.v20180605, build timestamp: 2018-06-05T17:11:56Z, git hash: 84205aa28f11a4f31f2a3b86d1bba2cc8ab69827
2019-08-20 15:03:21,514 INFO  handler.ContextHandler (ContextHandler.java:doStart(781)) - Started o.e.j.s.ServletContextHandler@7efd28bd{/logs,file:///workdir/hadoop-ozone/integration-test/target/log,AVAILABLE}
2019-08-20 15:03:21,516 INFO  handler.ContextHandler (ContextHandler.java:doStart(781)) - Started o.e.j.s.ServletContextHandler@7718a40f{/static,jar:file:/home/user/.m2/repository/org/apache/hadoop/hadoop-hdds-container-service/0.5.0-SNAPSHOT/hadoop-hdds-container-service-0.5.0-SNAPSHOT.jar!/webapps/static,AVAILABLE}
2019-08-20 15:03:21,573 INFO  handler.ContextHandler (ContextHandler.java:doStart(781)) - Started o.e.j.w.WebAppContext@33899f7a{/,file:///tmp/jetty-0.0.0.0-42977-hddsDatanode-_-any-7500523761205286851.dir/webapp/,AVAILABLE}{/hddsDatanode}
2019-08-20 15:03:21,576 INFO  server.AbstractConnector (AbstractConnector.java:doStart(278)) - Started ServerConnector@7899de11{HTTP/1.1,[http/1.1]}{0.0.0.0:42977}
2019-08-20 15:03:21,577 INFO  server.Server (Server.java:doStart(419)) - Started @5878ms
2019-08-20 15:03:21,578 INFO  server.BaseHttpServer (BaseHttpServer.java:updateConnectorAddress(213)) - HTTP server of HDDSDATANODE is listening at http://0.0.0.0:42977
2019-08-20 15:03:22,737 INFO  ozone.HddsDatanodeService (HddsDatanodeService.java:startPlugins(395)) - Started plug-in org.apache.hadoop.ozone.web.OzoneHddsDatanodeService@796d33eb
2019-08-20 15:03:22,738 INFO  impl.MetricsSystemImpl (MetricsSystemImpl.java:init(158)) - HddsDatanode metrics system started (again)
2019-08-20 15:03:22,741 INFO  ozone.HddsDatanodeService (HddsDatanodeService.java:start(184)) - HddsDatanodeService host:pr-hdds-1948-qmvbp-2153692187 ip:192.168.5.159
2019-08-20 15:03:22,745 INFO  util.JvmPauseMonitor (JvmPauseMonitor.java:run(188)) - Starting JVM pause monitor
2019-08-20 15:03:22,750 INFO  volume.HddsVolume (HddsVolume.java:<init>(176)) - Creating Volume: /workdir/hadoop-ozone/integration-test/target/test-dir/MiniOzoneClusterImpl-654ee0d8-0ca1-4e4d-a6f4-0992848371a2/datanode-1/data/containers/hdds of  storage type : DISK and capacity : 1482555576320
2019-08-20 15:03:22,751 INFO  volume.VolumeSet (VolumeSet.java:initializeVolumeSet(170)) - Added Volume : /workdir/hadoop-ozone/integration-test/target/test-dir/MiniOzoneClusterImpl-654ee0d8-0ca1-4e4d-a6f4-0992848371a2/datanode-1/data/containers/hdds to VolumeSet
2019-08-20 15:03:22,751 INFO  volume.ThrottledAsyncChecker (ThrottledAsyncChecker.java:schedule(140)) - Scheduling a check for org.apache.hadoop.ozone.container.common.volume.HddsVolume@69a024a0
2019-08-20 15:03:22,752 INFO  volume.HddsVolumeChecker (HddsVolumeChecker.java:checkAllVolumes(203)) - Scheduled health check for volume org.apache.hadoop.ozone.container.common.volume.HddsVolume@69a024a0
2019-08-20 15:03:22,769 INFO  impl.RaftServerProxy (ConfUtils.java:logGet(43)) - raft.rpc.type = GRPC (default)
2019-08-20 15:03:22,770 INFO  grpc.GrpcFactory (GrpcFactory.java:checkPooledByteBufAllocatorUseCacheForAllThreads(45)) - PERFORMANCE WARNING: useCacheForAllThreads is true that may cause Netty to create a lot garbage objects and, as a result, trigger GC.
	It is recommended to disable useCacheForAllThreads by setting -Dorg.apache.ratis.thirdparty.io.netty.allocator.useCacheForAllThreads=false in command line.
2019-08-20 15:03:22,770 INFO  grpc.GrpcConfigKeys$Server (ConfUtils.java:logGet(43)) - raft.grpc.server.port = 0 (default)
2019-08-20 15:03:22,770 INFO  server.GrpcService (ConfUtils.java:logGet(43)) - raft.grpc.message.size.max = 33570816 (custom)
2019-08-20 15:03:22,770 INFO  server.RaftServerConfigKeys (ConfUtils.java:logGet(43)) - raft.server.log.appender.buffer.byte-limit = 33554432 (custom)
2019-08-20 15:03:22,771 INFO  server.GrpcService (ConfUtils.java:logGet(43)) - raft.grpc.flow.control.window = 1MB (=1048576) (default)
2019-08-20 15:03:22,771 INFO  server.RaftServerConfigKeys (ConfUtils.java:logGet(43)) - raft.server.rpc.request.timeout = 3000ms (default)
2019-08-20 15:03:22,772 INFO  server.RaftServerConfigKeys (ConfUtils.java:logGet(43)) - raft.server.storage.dir = [/workdir/hadoop-ozone/integration-test/target/test-dir/MiniOzoneClusterImpl-654ee0d8-0ca1-4e4d-a6f4-0992848371a2/datanode-1/data/ratis] (custom)
2019-08-20 15:03:22,772 INFO  replication.SimpleContainerDownloader (SimpleContainerDownloader.java:<init>(72)) - Starting container downloader service to copy containers to replicate.
2019-08-20 15:03:22,773 INFO  hdfs.DFSUtil (DFSUtil.java:httpServerTemplateForNNAndJN(1641)) - Starting Web-server for hddsDatanode at: http://0.0.0.0:0
2019-08-20 15:03:22,776 INFO  server.AuthenticationFilter (AuthenticationFilter.java:constructSecretProvider(240)) - Unable to initialize FileSignerSecretProvider, falling back to use random secrets.
2019-08-20 15:03:22,777 WARN  http.HttpRequestLog (HttpRequestLog.java:getRequestLog(97)) - Jetty request log can only be enabled using Log4j
2019-08-20 15:03:22,780 INFO  http.HttpServer2 (HttpServer2.java:addGlobalFilter(975)) - Added global filter 'safety' (class=org.apache.hadoop.http.HttpServer2$QuotingInputFilter)
2019-08-20 15:03:22,781 INFO  http.HttpServer2 (HttpServer2.java:addFilter(948)) - Added filter static_user_filter (class=org.apache.hadoop.http.lib.StaticUserWebFilter$StaticUserFilter) to context hddsDatanode
2019-08-20 15:03:22,782 INFO  http.HttpServer2 (HttpServer2.java:addFilter(958)) - Added filter static_user_filter (class=org.apache.hadoop.http.lib.StaticUserWebFilter$StaticUserFilter) to context logs
2019-08-20 15:03:22,782 INFO  http.HttpServer2 (HttpServer2.java:addFilter(958)) - Added filter static_user_filter (class=org.apache.hadoop.http.lib.StaticUserWebFilter$StaticUserFilter) to context static
2019-08-20 15:03:22,783 INFO  http.HttpServer2 (HttpServer2.java:bindListener(1191)) - Jetty bound to port 42690
2019-08-20 15:03:22,783 INFO  server.Server (Server.java:doStart(351)) - jetty-9.3.24.v20180605, build timestamp: 2018-06-05T17:11:56Z, git hash: 84205aa28f11a4f31f2a3b86d1bba2cc8ab69827
2019-08-20 15:03:22,788 INFO  handler.ContextHandler (ContextHandler.java:doStart(781)) - Started o.e.j.s.ServletContextHandler@1a1ccaaf{/logs,file:///workdir/hadoop-ozone/integration-test/target/log,AVAILABLE}
2019-08-20 15:03:22,789 INFO  handler.ContextHandler (ContextHandler.java:doStart(781)) - Started o.e.j.s.ServletContextHandler@3cc053{/static,jar:file:/home/user/.m2/repository/org/apache/hadoop/hadoop-hdds-container-service/0.5.0-SNAPSHOT/hadoop-hdds-container-service-0.5.0-SNAPSHOT.jar!/webapps/static,AVAILABLE}
2019-08-20 15:03:22,828 INFO  handler.ContextHandler (ContextHandler.java:doStart(781)) - Started o.e.j.w.WebAppContext@2b80e5a9{/,file:///tmp/jetty-0.0.0.0-42690-hddsDatanode-_-any-1142905061255117681.dir/webapp/,AVAILABLE}{/hddsDatanode}
2019-08-20 15:03:22,829 INFO  server.AbstractConnector (AbstractConnector.java:doStart(278)) - Started ServerConnector@4cc01c7f{HTTP/1.1,[http/1.1]}{0.0.0.0:42690}
2019-08-20 15:03:22,830 INFO  server.Server (Server.java:doStart(419)) - Started @7131ms
2019-08-20 15:03:22,831 INFO  server.BaseHttpServer (BaseHttpServer.java:updateConnectorAddress(213)) - HTTP server of HDDSDATANODE is listening at http://0.0.0.0:42690
2019-08-20 15:03:22,859 INFO  datanode.InitDatanodeState (InitDatanodeState.java:persistContainerDatanodeDetails(140)) - DatanodeDetails is persisted to /workdir/hadoop-ozone/integration-test/target/test-dir/MiniOzoneClusterImpl-654ee0d8-0ca1-4e4d-a6f4-0992848371a2/datanode-0/meta/datanode.id
2019-08-20 15:03:23,006 INFO  ozone.HddsDatanodeService (HddsDatanodeService.java:startPlugins(395)) - Started plug-in org.apache.hadoop.ozone.web.OzoneHddsDatanodeService@33a8c9c9
2019-08-20 15:03:23,007 INFO  impl.MetricsSystemImpl (MetricsSystemImpl.java:init(158)) - HddsDatanode metrics system started (again)
2019-08-20 15:03:23,010 INFO  util.JvmPauseMonitor (JvmPauseMonitor.java:run(188)) - Starting JVM pause monitor
2019-08-20 15:03:23,010 INFO  ozone.HddsDatanodeService (HddsDatanodeService.java:start(184)) - HddsDatanodeService host:pr-hdds-1948-qmvbp-2153692187 ip:192.168.5.159
2019-08-20 15:03:23,015 INFO  datanode.InitDatanodeState (InitDatanodeState.java:persistContainerDatanodeDetails(140)) - DatanodeDetails is persisted to /workdir/hadoop-ozone/integration-test/target/test-dir/MiniOzoneClusterImpl-654ee0d8-0ca1-4e4d-a6f4-0992848371a2/datanode-1/meta/datanode.id
2019-08-20 15:03:23,018 INFO  volume.HddsVolume (HddsVolume.java:<init>(176)) - Creating Volume: /workdir/hadoop-ozone/integration-test/target/test-dir/MiniOzoneClusterImpl-654ee0d8-0ca1-4e4d-a6f4-0992848371a2/datanode-2/data/containers/hdds of  storage type : DISK and capacity : 1482555576320
2019-08-20 15:03:23,019 INFO  volume.VolumeSet (VolumeSet.java:initializeVolumeSet(170)) - Added Volume : /workdir/hadoop-ozone/integration-test/target/test-dir/MiniOzoneClusterImpl-654ee0d8-0ca1-4e4d-a6f4-0992848371a2/datanode-2/data/containers/hdds to VolumeSet
2019-08-20 15:03:23,019 INFO  volume.ThrottledAsyncChecker (ThrottledAsyncChecker.java:schedule(140)) - Scheduling a check for org.apache.hadoop.ozone.container.common.volume.HddsVolume@6b37df8e
2019-08-20 15:03:23,020 INFO  volume.HddsVolumeChecker (HddsVolumeChecker.java:checkAllVolumes(203)) - Scheduled health check for volume org.apache.hadoop.ozone.container.common.volume.HddsVolume@6b37df8e
2019-08-20 15:03:23,037 INFO  impl.RaftServerProxy (ConfUtils.java:logGet(43)) - raft.rpc.type = GRPC (default)
2019-08-20 15:03:23,037 INFO  grpc.GrpcFactory (GrpcFactory.java:checkPooledByteBufAllocatorUseCacheForAllThreads(45)) - PERFORMANCE WARNING: useCacheForAllThreads is true that may cause Netty to create a lot garbage objects and, as a result, trigger GC.
	It is recommended to disable useCacheForAllThreads by setting -Dorg.apache.ratis.thirdparty.io.netty.allocator.useCacheForAllThreads=false in command line.
2019-08-20 15:03:23,037 INFO  grpc.GrpcConfigKeys$Server (ConfUtils.java:logGet(43)) - raft.grpc.server.port = 0 (default)
2019-08-20 15:03:23,038 INFO  server.GrpcService (ConfUtils.java:logGet(43)) - raft.grpc.message.size.max = 33570816 (custom)
2019-08-20 15:03:23,038 INFO  server.RaftServerConfigKeys (ConfUtils.java:logGet(43)) - raft.server.log.appender.buffer.byte-limit = 33554432 (custom)
2019-08-20 15:03:23,038 INFO  server.GrpcService (ConfUtils.java:logGet(43)) - raft.grpc.flow.control.window = 1MB (=1048576) (default)
2019-08-20 15:03:23,038 INFO  server.RaftServerConfigKeys (ConfUtils.java:logGet(43)) - raft.server.rpc.request.timeout = 3000ms (default)
2019-08-20 15:03:23,039 INFO  server.RaftServerConfigKeys (ConfUtils.java:logGet(43)) - raft.server.storage.dir = [/workdir/hadoop-ozone/integration-test/target/test-dir/MiniOzoneClusterImpl-654ee0d8-0ca1-4e4d-a6f4-0992848371a2/datanode-2/data/ratis] (custom)
2019-08-20 15:03:23,040 INFO  replication.SimpleContainerDownloader (SimpleContainerDownloader.java:<init>(72)) - Starting container downloader service to copy containers to replicate.
2019-08-20 15:03:23,041 INFO  hdfs.DFSUtil (DFSUtil.java:httpServerTemplateForNNAndJN(1641)) - Starting Web-server for hddsDatanode at: http://0.0.0.0:0
2019-08-20 15:03:23,043 INFO  server.AuthenticationFilter (AuthenticationFilter.java:constructSecretProvider(240)) - Unable to initialize FileSignerSecretProvider, falling back to use random secrets.
2019-08-20 15:03:23,043 WARN  http.HttpRequestLog (HttpRequestLog.java:getRequestLog(97)) - Jetty request log can only be enabled using Log4j
2019-08-20 15:03:23,045 INFO  http.HttpServer2 (HttpServer2.java:addGlobalFilter(975)) - Added global filter 'safety' (class=org.apache.hadoop.http.HttpServer2$QuotingInputFilter)
2019-08-20 15:03:23,045 INFO  http.HttpServer2 (HttpServer2.java:addFilter(948)) - Added filter static_user_filter (class=org.apache.hadoop.http.lib.StaticUserWebFilter$StaticUserFilter) to context hddsDatanode
2019-08-20 15:03:23,046 INFO  http.HttpServer2 (HttpServer2.java:addFilter(958)) - Added filter static_user_filter (class=org.apache.hadoop.http.lib.StaticUserWebFilter$StaticUserFilter) to context static
2019-08-20 15:03:23,046 INFO  http.HttpServer2 (HttpServer2.java:addFilter(958)) - Added filter static_user_filter (class=org.apache.hadoop.http.lib.StaticUserWebFilter$StaticUserFilter) to context logs
2019-08-20 15:03:23,046 INFO  http.HttpServer2 (HttpServer2.java:bindListener(1191)) - Jetty bound to port 46271
2019-08-20 15:03:23,047 INFO  server.Server (Server.java:doStart(351)) - jetty-9.3.24.v20180605, build timestamp: 2018-06-05T17:11:56Z, git hash: 84205aa28f11a4f31f2a3b86d1bba2cc8ab69827
2019-08-20 15:03:23,049 INFO  handler.ContextHandler (ContextHandler.java:doStart(781)) - Started o.e.j.s.ServletContextHandler@55e1192{/logs,file:///workdir/hadoop-ozone/integration-test/target/log,AVAILABLE}
2019-08-20 15:03:23,049 INFO  handler.ContextHandler (ContextHandler.java:doStart(781)) - Started o.e.j.s.ServletContextHandler@68a305eb{/static,jar:file:/home/user/.m2/repository/org/apache/hadoop/hadoop-hdds-container-service/0.5.0-SNAPSHOT/hadoop-hdds-container-service-0.5.0-SNAPSHOT.jar!/webapps/static,AVAILABLE}
2019-08-20 15:03:23,076 INFO  handler.ContextHandler (ContextHandler.java:doStart(781)) - Started o.e.j.w.WebAppContext@528c8c1{/,file:///tmp/jetty-0.0.0.0-46271-hddsDatanode-_-any-8874845086841126014.dir/webapp/,AVAILABLE}{/hddsDatanode}
2019-08-20 15:03:23,077 INFO  server.AbstractConnector (AbstractConnector.java:doStart(278)) - Started ServerConnector@1f78d415{HTTP/1.1,[http/1.1]}{0.0.0.0:46271}
2019-08-20 15:03:23,078 INFO  server.Server (Server.java:doStart(419)) - Started @7378ms
2019-08-20 15:03:23,080 INFO  server.BaseHttpServer (BaseHttpServer.java:updateConnectorAddress(213)) - HTTP server of HDDSDATANODE is listening at http://0.0.0.0:46271
2019-08-20 15:03:23,224 INFO  ozone.HddsDatanodeService (HddsDatanodeService.java:startPlugins(395)) - Started plug-in org.apache.hadoop.ozone.web.OzoneHddsDatanodeService@29962b2f
2019-08-20 15:03:23,225 INFO  impl.MetricsSystemImpl (MetricsSystemImpl.java:init(158)) - HddsDatanode metrics system started (again)
2019-08-20 15:03:23,229 INFO  ozone.HddsDatanodeService (HddsDatanodeService.java:start(184)) - HddsDatanodeService host:pr-hdds-1948-qmvbp-2153692187 ip:192.168.5.159
2019-08-20 15:03:23,229 INFO  util.JvmPauseMonitor (JvmPauseMonitor.java:run(188)) - Starting JVM pause monitor
2019-08-20 15:03:23,231 INFO  datanode.InitDatanodeState (InitDatanodeState.java:persistContainerDatanodeDetails(140)) - DatanodeDetails is persisted to /workdir/hadoop-ozone/integration-test/target/test-dir/MiniOzoneClusterImpl-654ee0d8-0ca1-4e4d-a6f4-0992848371a2/datanode-2/meta/datanode.id
2019-08-20 15:03:23,235 INFO  volume.HddsVolume (HddsVolume.java:<init>(176)) - Creating Volume: /workdir/hadoop-ozone/integration-test/target/test-dir/MiniOzoneClusterImpl-654ee0d8-0ca1-4e4d-a6f4-0992848371a2/datanode-3/data/containers/hdds of  storage type : DISK and capacity : 1482555576320
2019-08-20 15:03:23,236 INFO  volume.VolumeSet (VolumeSet.java:initializeVolumeSet(170)) - Added Volume : /workdir/hadoop-ozone/integration-test/target/test-dir/MiniOzoneClusterImpl-654ee0d8-0ca1-4e4d-a6f4-0992848371a2/datanode-3/data/containers/hdds to VolumeSet
2019-08-20 15:03:23,236 INFO  volume.ThrottledAsyncChecker (ThrottledAsyncChecker.java:schedule(140)) - Scheduling a check for org.apache.hadoop.ozone.container.common.volume.HddsVolume@4b03cbad
2019-08-20 15:03:23,237 INFO  volume.HddsVolumeChecker (HddsVolumeChecker.java:checkAllVolumes(203)) - Scheduled health check for volume org.apache.hadoop.ozone.container.common.volume.HddsVolume@4b03cbad
2019-08-20 15:03:23,250 INFO  impl.RaftServerProxy (ConfUtils.java:logGet(43)) - raft.rpc.type = GRPC (default)
2019-08-20 15:03:23,251 INFO  grpc.GrpcFactory (GrpcFactory.java:checkPooledByteBufAllocatorUseCacheForAllThreads(45)) - PERFORMANCE WARNING: useCacheForAllThreads is true that may cause Netty to create a lot garbage objects and, as a result, trigger GC.
	It is recommended to disable useCacheForAllThreads by setting -Dorg.apache.ratis.thirdparty.io.netty.allocator.useCacheForAllThreads=false in command line.
2019-08-20 15:03:23,252 INFO  grpc.GrpcConfigKeys$Server (ConfUtils.java:logGet(43)) - raft.grpc.server.port = 0 (default)
2019-08-20 15:03:23,252 INFO  server.GrpcService (ConfUtils.java:logGet(43)) - raft.grpc.message.size.max = 33570816 (custom)
2019-08-20 15:03:23,252 INFO  server.RaftServerConfigKeys (ConfUtils.java:logGet(43)) - raft.server.log.appender.buffer.byte-limit = 33554432 (custom)
2019-08-20 15:03:23,252 INFO  server.GrpcService (ConfUtils.java:logGet(43)) - raft.grpc.flow.control.window = 1MB (=1048576) (default)
2019-08-20 15:03:23,253 INFO  server.RaftServerConfigKeys (ConfUtils.java:logGet(43)) - raft.server.rpc.request.timeout = 3000ms (default)
2019-08-20 15:03:23,253 INFO  server.RaftServerConfigKeys (ConfUtils.java:logGet(43)) - raft.server.storage.dir = [/workdir/hadoop-ozone/integration-test/target/test-dir/MiniOzoneClusterImpl-654ee0d8-0ca1-4e4d-a6f4-0992848371a2/datanode-3/data/ratis] (custom)
2019-08-20 15:03:23,254 INFO  replication.SimpleContainerDownloader (SimpleContainerDownloader.java:<init>(72)) - Starting container downloader service to copy containers to replicate.
2019-08-20 15:03:23,255 INFO  hdfs.DFSUtil (DFSUtil.java:httpServerTemplateForNNAndJN(1641)) - Starting Web-server for hddsDatanode at: http://0.0.0.0:0
2019-08-20 15:03:23,256 INFO  server.AuthenticationFilter (AuthenticationFilter.java:constructSecretProvider(240)) - Unable to initialize FileSignerSecretProvider, falling back to use random secrets.
2019-08-20 15:03:23,257 WARN  http.HttpRequestLog (HttpRequestLog.java:getRequestLog(97)) - Jetty request log can only be enabled using Log4j
2019-08-20 15:03:23,258 INFO  http.HttpServer2 (HttpServer2.java:addGlobalFilter(975)) - Added global filter 'safety' (class=org.apache.hadoop.http.HttpServer2$QuotingInputFilter)
2019-08-20 15:03:23,259 INFO  http.HttpServer2 (HttpServer2.java:addFilter(948)) - Added filter static_user_filter (class=org.apache.hadoop.http.lib.StaticUserWebFilter$StaticUserFilter) to context hddsDatanode
2019-08-20 15:03:23,259 INFO  http.HttpServer2 (HttpServer2.java:addFilter(958)) - Added filter static_user_filter (class=org.apache.hadoop.http.lib.StaticUserWebFilter$StaticUserFilter) to context logs
2019-08-20 15:03:23,259 INFO  http.HttpServer2 (HttpServer2.java:addFilter(958)) - Added filter static_user_filter (class=org.apache.hadoop.http.lib.StaticUserWebFilter$StaticUserFilter) to context static
2019-08-20 15:03:23,260 INFO  http.HttpServer2 (HttpServer2.java:bindListener(1191)) - Jetty bound to port 40902
2019-08-20 15:03:23,260 INFO  server.Server (Server.java:doStart(351)) - jetty-9.3.24.v20180605, build timestamp: 2018-06-05T17:11:56Z, git hash: 84205aa28f11a4f31f2a3b86d1bba2cc8ab69827
2019-08-20 15:03:23,265 INFO  handler.ContextHandler (ContextHandler.java:doStart(781)) - Started o.e.j.s.ServletContextHandler@7b14c61{/logs,file:///workdir/hadoop-ozone/integration-test/target/log,AVAILABLE}
2019-08-20 15:03:23,265 INFO  handler.ContextHandler (ContextHandler.java:doStart(781)) - Started o.e.j.s.ServletContextHandler@5e599100{/static,jar:file:/home/user/.m2/repository/org/apache/hadoop/hadoop-hdds-container-service/0.5.0-SNAPSHOT/hadoop-hdds-container-service-0.5.0-SNAPSHOT.jar!/webapps/static,AVAILABLE}
2019-08-20 15:03:23,291 INFO  handler.ContextHandler (ContextHandler.java:doStart(781)) - Started o.e.j.w.WebAppContext@2dff7085{/,file:///tmp/jetty-0.0.0.0-40902-hddsDatanode-_-any-956580289746990986.dir/webapp/,AVAILABLE}{/hddsDatanode}
2019-08-20 15:03:23,292 INFO  server.AbstractConnector (AbstractConnector.java:doStart(278)) - Started ServerConnector@2faa55bb{HTTP/1.1,[http/1.1]}{0.0.0.0:40902}
2019-08-20 15:03:23,293 INFO  server.Server (Server.java:doStart(419)) - Started @7594ms
2019-08-20 15:03:23,294 INFO  server.BaseHttpServer (BaseHttpServer.java:updateConnectorAddress(213)) - HTTP server of HDDSDATANODE is listening at http://0.0.0.0:40902
2019-08-20 15:03:23,432 INFO  ozone.HddsDatanodeService (HddsDatanodeService.java:startPlugins(395)) - Started plug-in org.apache.hadoop.ozone.web.OzoneHddsDatanodeService@6222391a
2019-08-20 15:03:23,433 INFO  impl.MetricsSystemImpl (MetricsSystemImpl.java:init(158)) - HddsDatanode metrics system started (again)
2019-08-20 15:03:23,436 INFO  util.JvmPauseMonitor (JvmPauseMonitor.java:run(188)) - Starting JVM pause monitor
2019-08-20 15:03:23,436 INFO  ozone.HddsDatanodeService (HddsDatanodeService.java:start(184)) - HddsDatanodeService host:pr-hdds-1948-qmvbp-2153692187 ip:192.168.5.159
2019-08-20 15:03:23,438 INFO  datanode.InitDatanodeState (InitDatanodeState.java:persistContainerDatanodeDetails(140)) - DatanodeDetails is persisted to /workdir/hadoop-ozone/integration-test/target/test-dir/MiniOzoneClusterImpl-654ee0d8-0ca1-4e4d-a6f4-0992848371a2/datanode-3/meta/datanode.id
2019-08-20 15:03:23,443 INFO  volume.HddsVolume (HddsVolume.java:<init>(176)) - Creating Volume: /workdir/hadoop-ozone/integration-test/target/test-dir/MiniOzoneClusterImpl-654ee0d8-0ca1-4e4d-a6f4-0992848371a2/datanode-4/data/containers/hdds of  storage type : DISK and capacity : 1482555576320
2019-08-20 15:03:23,444 INFO  volume.VolumeSet (VolumeSet.java:initializeVolumeSet(170)) - Added Volume : /workdir/hadoop-ozone/integration-test/target/test-dir/MiniOzoneClusterImpl-654ee0d8-0ca1-4e4d-a6f4-0992848371a2/datanode-4/data/containers/hdds to VolumeSet
2019-08-20 15:03:23,444 INFO  volume.ThrottledAsyncChecker (ThrottledAsyncChecker.java:schedule(140)) - Scheduling a check for org.apache.hadoop.ozone.container.common.volume.HddsVolume@42c12b3e
2019-08-20 15:03:23,444 INFO  volume.HddsVolumeChecker (HddsVolumeChecker.java:checkAllVolumes(203)) - Scheduled health check for volume org.apache.hadoop.ozone.container.common.volume.HddsVolume@42c12b3e
2019-08-20 15:03:23,460 INFO  impl.RaftServerProxy (ConfUtils.java:logGet(43)) - raft.rpc.type = GRPC (default)
2019-08-20 15:03:23,460 INFO  grpc.GrpcFactory (GrpcFactory.java:checkPooledByteBufAllocatorUseCacheForAllThreads(45)) - PERFORMANCE WARNING: useCacheForAllThreads is true that may cause Netty to create a lot garbage objects and, as a result, trigger GC.
	It is recommended to disable useCacheForAllThreads by setting -Dorg.apache.ratis.thirdparty.io.netty.allocator.useCacheForAllThreads=false in command line.
2019-08-20 15:03:23,460 INFO  grpc.GrpcConfigKeys$Server (ConfUtils.java:logGet(43)) - raft.grpc.server.port = 0 (default)
2019-08-20 15:03:23,460 INFO  server.GrpcService (ConfUtils.java:logGet(43)) - raft.grpc.message.size.max = 33570816 (custom)
2019-08-20 15:03:23,461 INFO  server.RaftServerConfigKeys (ConfUtils.java:logGet(43)) - raft.server.log.appender.buffer.byte-limit = 33554432 (custom)
2019-08-20 15:03:23,461 INFO  server.GrpcService (ConfUtils.java:logGet(43)) - raft.grpc.flow.control.window = 1MB (=1048576) (default)
2019-08-20 15:03:23,461 INFO  server.RaftServerConfigKeys (ConfUtils.java:logGet(43)) - raft.server.rpc.request.timeout = 3000ms (default)
2019-08-20 15:03:23,462 INFO  server.RaftServerConfigKeys (ConfUtils.java:logGet(43)) - raft.server.storage.dir = [/workdir/hadoop-ozone/integration-test/target/test-dir/MiniOzoneClusterImpl-654ee0d8-0ca1-4e4d-a6f4-0992848371a2/datanode-4/data/ratis] (custom)
2019-08-20 15:03:23,462 INFO  replication.SimpleContainerDownloader (SimpleContainerDownloader.java:<init>(72)) - Starting container downloader service to copy containers to replicate.
2019-08-20 15:03:23,464 INFO  hdfs.DFSUtil (DFSUtil.java:httpServerTemplateForNNAndJN(1641)) - Starting Web-server for hddsDatanode at: http://0.0.0.0:0
2019-08-20 15:03:23,465 INFO  server.AuthenticationFilter (AuthenticationFilter.java:constructSecretProvider(240)) - Unable to initialize FileSignerSecretProvider, falling back to use random secrets.
2019-08-20 15:03:23,466 WARN  http.HttpRequestLog (HttpRequestLog.java:getRequestLog(97)) - Jetty request log can only be enabled using Log4j
2019-08-20 15:03:23,467 INFO  http.HttpServer2 (HttpServer2.java:addGlobalFilter(975)) - Added global filter 'safety' (class=org.apache.hadoop.http.HttpServer2$QuotingInputFilter)
2019-08-20 15:03:23,468 INFO  http.HttpServer2 (HttpServer2.java:addFilter(948)) - Added filter static_user_filter (class=org.apache.hadoop.http.lib.StaticUserWebFilter$StaticUserFilter) to context hddsDatanode
2019-08-20 15:03:23,468 INFO  http.HttpServer2 (HttpServer2.java:addFilter(958)) - Added filter static_user_filter (class=org.apache.hadoop.http.lib.StaticUserWebFilter$StaticUserFilter) to context static
2019-08-20 15:03:23,468 INFO  http.HttpServer2 (HttpServer2.java:addFilter(958)) - Added filter static_user_filter (class=org.apache.hadoop.http.lib.StaticUserWebFilter$StaticUserFilter) to context logs
2019-08-20 15:03:23,469 INFO  http.HttpServer2 (HttpServer2.java:bindListener(1191)) - Jetty bound to port 34394
2019-08-20 15:03:23,469 INFO  server.Server (Server.java:doStart(351)) - jetty-9.3.24.v20180605, build timestamp: 2018-06-05T17:11:56Z, git hash: 84205aa28f11a4f31f2a3b86d1bba2cc8ab69827
2019-08-20 15:03:23,471 INFO  handler.ContextHandler (ContextHandler.java:doStart(781)) - Started o.e.j.s.ServletContextHandler@bbb6f0{/logs,file:///workdir/hadoop-ozone/integration-test/target/log,AVAILABLE}
2019-08-20 15:03:23,472 INFO  handler.ContextHandler (ContextHandler.java:doStart(781)) - Started o.e.j.s.ServletContextHandler@2bd8f7db{/static,jar:file:/home/user/.m2/repository/org/apache/hadoop/hadoop-hdds-container-service/0.5.0-SNAPSHOT/hadoop-hdds-container-service-0.5.0-SNAPSHOT.jar!/webapps/static,AVAILABLE}
2019-08-20 15:03:23,498 INFO  handler.ContextHandler (ContextHandler.java:doStart(781)) - Started o.e.j.w.WebAppContext@17c4dc5b{/,file:///tmp/jetty-0.0.0.0-34394-hddsDatanode-_-any-7336898304504935631.dir/webapp/,AVAILABLE}{/hddsDatanode}
2019-08-20 15:03:23,500 INFO  server.AbstractConnector (AbstractConnector.java:doStart(278)) - Started ServerConnector@6b0f266e{HTTP/1.1,[http/1.1]}{0.0.0.0:34394}
2019-08-20 15:03:23,500 INFO  server.Server (Server.java:doStart(419)) - Started @7801ms
2019-08-20 15:03:23,502 INFO  server.BaseHttpServer (BaseHttpServer.java:updateConnectorAddress(213)) - HTTP server of HDDSDATANODE is listening at http://0.0.0.0:34394
2019-08-20 15:03:23,666 INFO  ozone.HddsDatanodeService (HddsDatanodeService.java:startPlugins(395)) - Started plug-in org.apache.hadoop.ozone.web.OzoneHddsDatanodeService@70c29356
2019-08-20 15:03:23,667 INFO  impl.MetricsSystemImpl (MetricsSystemImpl.java:init(158)) - HddsDatanode metrics system started (again)
2019-08-20 15:03:23,671 INFO  ozone.HddsDatanodeService (HddsDatanodeService.java:start(184)) - HddsDatanodeService host:pr-hdds-1948-qmvbp-2153692187 ip:192.168.5.159
2019-08-20 15:03:23,671 INFO  util.JvmPauseMonitor (JvmPauseMonitor.java:run(188)) - Starting JVM pause monitor
2019-08-20 15:03:23,674 INFO  datanode.InitDatanodeState (InitDatanodeState.java:persistContainerDatanodeDetails(140)) - DatanodeDetails is persisted to /workdir/hadoop-ozone/integration-test/target/test-dir/MiniOzoneClusterImpl-654ee0d8-0ca1-4e4d-a6f4-0992848371a2/datanode-4/meta/datanode.id
2019-08-20 15:03:23,681 INFO  volume.HddsVolume (HddsVolume.java:<init>(176)) - Creating Volume: /workdir/hadoop-ozone/integration-test/target/test-dir/MiniOzoneClusterImpl-654ee0d8-0ca1-4e4d-a6f4-0992848371a2/datanode-5/data/containers/hdds of  storage type : DISK and capacity : 1482555576320
2019-08-20 15:03:23,681 INFO  volume.VolumeSet (VolumeSet.java:initializeVolumeSet(170)) - Added Volume : /workdir/hadoop-ozone/integration-test/target/test-dir/MiniOzoneClusterImpl-654ee0d8-0ca1-4e4d-a6f4-0992848371a2/datanode-5/data/containers/hdds to VolumeSet
2019-08-20 15:03:23,681 INFO  volume.ThrottledAsyncChecker (ThrottledAsyncChecker.java:schedule(140)) - Scheduling a check for org.apache.hadoop.ozone.container.common.volume.HddsVolume@24d8f87a
2019-08-20 15:03:23,682 INFO  volume.HddsVolumeChecker (HddsVolumeChecker.java:checkAllVolumes(203)) - Scheduled health check for volume org.apache.hadoop.ozone.container.common.volume.HddsVolume@24d8f87a
2019-08-20 15:03:23,697 INFO  impl.RaftServerProxy (ConfUtils.java:logGet(43)) - raft.rpc.type = GRPC (default)
2019-08-20 15:03:23,698 INFO  grpc.GrpcFactory (GrpcFactory.java:checkPooledByteBufAllocatorUseCacheForAllThreads(45)) - PERFORMANCE WARNING: useCacheForAllThreads is true that may cause Netty to create a lot garbage objects and, as a result, trigger GC.
	It is recommended to disable useCacheForAllThreads by setting -Dorg.apache.ratis.thirdparty.io.netty.allocator.useCacheForAllThreads=false in command line.
2019-08-20 15:03:23,698 INFO  grpc.GrpcConfigKeys$Server (ConfUtils.java:logGet(43)) - raft.grpc.server.port = 0 (default)
2019-08-20 15:03:23,698 INFO  server.GrpcService (ConfUtils.java:logGet(43)) - raft.grpc.message.size.max = 33570816 (custom)
2019-08-20 15:03:23,698 INFO  server.RaftServerConfigKeys (ConfUtils.java:logGet(43)) - raft.server.log.appender.buffer.byte-limit = 33554432 (custom)
2019-08-20 15:03:23,699 INFO  server.GrpcService (ConfUtils.java:logGet(43)) - raft.grpc.flow.control.window = 1MB (=1048576) (default)
2019-08-20 15:03:23,699 INFO  server.RaftServerConfigKeys (ConfUtils.java:logGet(43)) - raft.server.rpc.request.timeout = 3000ms (default)
2019-08-20 15:03:23,699 INFO  server.RaftServerConfigKeys (ConfUtils.java:logGet(43)) - raft.server.storage.dir = [/workdir/hadoop-ozone/integration-test/target/test-dir/MiniOzoneClusterImpl-654ee0d8-0ca1-4e4d-a6f4-0992848371a2/datanode-5/data/ratis] (custom)
2019-08-20 15:03:23,700 INFO  replication.SimpleContainerDownloader (SimpleContainerDownloader.java:<init>(72)) - Starting container downloader service to copy containers to replicate.
2019-08-20 15:03:23,701 INFO  hdfs.DFSUtil (DFSUtil.java:httpServerTemplateForNNAndJN(1641)) - Starting Web-server for hddsDatanode at: http://0.0.0.0:0
2019-08-20 15:03:23,703 INFO  server.AuthenticationFilter (AuthenticationFilter.java:constructSecretProvider(240)) - Unable to initialize FileSignerSecretProvider, falling back to use random secrets.
2019-08-20 15:03:23,704 WARN  http.HttpRequestLog (HttpRequestLog.java:getRequestLog(97)) - Jetty request log can only be enabled using Log4j
2019-08-20 15:03:23,706 INFO  http.HttpServer2 (HttpServer2.java:addGlobalFilter(975)) - Added global filter 'safety' (class=org.apache.hadoop.http.HttpServer2$QuotingInputFilter)
2019-08-20 15:03:23,707 INFO  http.HttpServer2 (HttpServer2.java:addFilter(948)) - Added filter static_user_filter (class=org.apache.hadoop.http.lib.StaticUserWebFilter$StaticUserFilter) to context hddsDatanode
2019-08-20 15:03:23,707 INFO  http.HttpServer2 (HttpServer2.java:addFilter(958)) - Added filter static_user_filter (class=org.apache.hadoop.http.lib.StaticUserWebFilter$StaticUserFilter) to context logs
2019-08-20 15:03:23,708 INFO  http.HttpServer2 (HttpServer2.java:addFilter(958)) - Added filter static_user_filter (class=org.apache.hadoop.http.lib.StaticUserWebFilter$StaticUserFilter) to context static
2019-08-20 15:03:23,709 INFO  http.HttpServer2 (HttpServer2.java:bindListener(1191)) - Jetty bound to port 44822
2019-08-20 15:03:23,709 INFO  server.Server (Server.java:doStart(351)) - jetty-9.3.24.v20180605, build timestamp: 2018-06-05T17:11:56Z, git hash: 84205aa28f11a4f31f2a3b86d1bba2cc8ab69827
2019-08-20 15:03:23,712 INFO  handler.ContextHandler (ContextHandler.java:doStart(781)) - Started o.e.j.s.ServletContextHandler@5384ce66{/logs,file:///workdir/hadoop-ozone/integration-test/target/log,AVAILABLE}
2019-08-20 15:03:23,712 INFO  handler.ContextHandler (ContextHandler.java:doStart(781)) - Started o.e.j.s.ServletContextHandler@13192275{/static,jar:file:/home/user/.m2/repository/org/apache/hadoop/hadoop-hdds-container-service/0.5.0-SNAPSHOT/hadoop-hdds-container-service-0.5.0-SNAPSHOT.jar!/webapps/static,AVAILABLE}
2019-08-20 15:03:23,758 INFO  handler.ContextHandler (ContextHandler.java:doStart(781)) - Started o.e.j.w.WebAppContext@1e56bc9b{/,file:///tmp/jetty-0.0.0.0-44822-hddsDatanode-_-any-5024639865594937422.dir/webapp/,AVAILABLE}{/hddsDatanode}
2019-08-20 15:03:23,759 INFO  server.AbstractConnector (AbstractConnector.java:doStart(278)) - Started ServerConnector@6f3bd37f{HTTP/1.1,[http/1.1]}{0.0.0.0:44822}
2019-08-20 15:03:23,760 INFO  server.Server (Server.java:doStart(419)) - Started @8061ms
2019-08-20 15:03:23,761 INFO  server.BaseHttpServer (BaseHttpServer.java:updateConnectorAddress(213)) - HTTP server of HDDSDATANODE is listening at http://0.0.0.0:44822
2019-08-20 15:03:23,953 INFO  ozone.HddsDatanodeService (HddsDatanodeService.java:startPlugins(395)) - Started plug-in org.apache.hadoop.ozone.web.OzoneHddsDatanodeService@65f3e805
2019-08-20 15:03:23,956 INFO  ozone.MiniOzoneClusterImpl (MiniOzoneClusterImpl.java:lambda$waitForClusterToBeReady$0(142)) - Waiting for cluster to be ready. Got 0 of 6 DN Heartbeats.
2019-08-20 15:03:23,956 INFO  util.JvmPauseMonitor (JvmPauseMonitor.java:run(188)) - Starting JVM pause monitor
2019-08-20 15:03:23,959 INFO  datanode.InitDatanodeState (InitDatanodeState.java:persistContainerDatanodeDetails(140)) - DatanodeDetails is persisted to /workdir/hadoop-ozone/integration-test/target/test-dir/MiniOzoneClusterImpl-654ee0d8-0ca1-4e4d-a6f4-0992848371a2/datanode-5/meta/datanode.id
2019-08-20 15:03:24,788 INFO  ozoneimpl.OzoneContainer (OzoneContainer.java:start(186)) - Attempting to start container services.
2019-08-20 15:03:24,790 INFO  ozoneimpl.OzoneContainer (OzoneContainer.java:startContainerScrub(160)) - Background container scrubber has been disabled by hdds.containerscrub.enabled
2019-08-20 15:03:24,790 INFO  ratis.XceiverServerRatis (XceiverServerRatis.java:start(404)) - Starting XceiverServerRatis 2ad36b2b-54cc-489b-a4d7-1c5d097f1130 at port 0
2019-08-20 15:03:24,899 INFO  impl.RaftServerProxy (RaftServerProxy.java:lambda$start$3(299)) - 2ad36b2b-54cc-489b-a4d7-1c5d097f1130: start RPC server
2019-08-20 15:03:24,956 INFO  ozone.MiniOzoneClusterImpl (MiniOzoneClusterImpl.java:lambda$waitForClusterToBeReady$0(142)) - Waiting for cluster to be ready. Got 0 of 6 DN Heartbeats.
2019-08-20 15:03:25,029 INFO  ozoneimpl.OzoneContainer (OzoneContainer.java:start(186)) - Attempting to start container services.
2019-08-20 15:03:25,032 INFO  ozoneimpl.OzoneContainer (OzoneContainer.java:startContainerScrub(160)) - Background container scrubber has been disabled by hdds.containerscrub.enabled
2019-08-20 15:03:25,032 INFO  ratis.XceiverServerRatis (XceiverServerRatis.java:start(404)) - Starting XceiverServerRatis 4b652405-42c2-48e1-8dc3-a0aff8a30386 at port 0
2019-08-20 15:03:25,038 INFO  server.GrpcService (GrpcService.java:startImpl(149)) - 2ad36b2b-54cc-489b-a4d7-1c5d097f1130: GrpcService started, listening on 0.0.0.0/0.0.0.0:38179
2019-08-20 15:03:25,039 INFO  ratis.XceiverServerRatis (XceiverServerRatis.java:start(414)) - XceiverServerRatis 2ad36b2b-54cc-489b-a4d7-1c5d097f1130 is started using port 38179
2019-08-20 15:03:25,042 INFO  server.XceiverServerGrpc (XceiverServerGrpc.java:start(161)) - XceiverServerGrpc 2ad36b2b-54cc-489b-a4d7-1c5d097f1130 is started using port 46487
2019-08-20 15:03:25,042 INFO  impl.RaftServerProxy (RaftServerProxy.java:lambda$start$3(299)) - 4b652405-42c2-48e1-8dc3-a0aff8a30386: start RPC server
2019-08-20 15:03:25,047 INFO  server.GrpcService (GrpcService.java:startImpl(149)) - 4b652405-42c2-48e1-8dc3-a0aff8a30386: GrpcService started, listening on 0.0.0.0/0.0.0.0:32817
2019-08-20 15:03:25,047 INFO  ratis.XceiverServerRatis (XceiverServerRatis.java:start(414)) - XceiverServerRatis 4b652405-42c2-48e1-8dc3-a0aff8a30386 is started using port 32817
2019-08-20 15:03:25,049 INFO  server.XceiverServerGrpc (XceiverServerGrpc.java:start(161)) - XceiverServerGrpc 4b652405-42c2-48e1-8dc3-a0aff8a30386 is started using port 41519
2019-08-20 15:03:25,245 INFO  ozoneimpl.OzoneContainer (OzoneContainer.java:start(186)) - Attempting to start container services.
2019-08-20 15:03:25,247 INFO  ozoneimpl.OzoneContainer (OzoneContainer.java:startContainerScrub(160)) - Background container scrubber has been disabled by hdds.containerscrub.enabled
2019-08-20 15:03:25,248 INFO  ratis.XceiverServerRatis (XceiverServerRatis.java:start(404)) - Starting XceiverServerRatis 68017ce1-0e7b-44f8-ba2c-4905daff1bbd at port 0
2019-08-20 15:03:25,254 INFO  impl.RaftServerProxy (RaftServerProxy.java:lambda$start$3(299)) - 68017ce1-0e7b-44f8-ba2c-4905daff1bbd: start RPC server
2019-08-20 15:03:25,257 INFO  server.GrpcService (GrpcService.java:startImpl(149)) - 68017ce1-0e7b-44f8-ba2c-4905daff1bbd: GrpcService started, listening on 0.0.0.0/0.0.0.0:43160
2019-08-20 15:03:25,258 INFO  ratis.XceiverServerRatis (XceiverServerRatis.java:start(414)) - XceiverServerRatis 68017ce1-0e7b-44f8-ba2c-4905daff1bbd is started using port 43160
2019-08-20 15:03:25,260 INFO  server.XceiverServerGrpc (XceiverServerGrpc.java:start(161)) - XceiverServerGrpc 68017ce1-0e7b-44f8-ba2c-4905daff1bbd is started using port 41886
2019-08-20 15:03:25,454 INFO  ozoneimpl.OzoneContainer (OzoneContainer.java:start(186)) - Attempting to start container services.
2019-08-20 15:03:25,460 INFO  ozoneimpl.OzoneContainer (OzoneContainer.java:startContainerScrub(160)) - Background container scrubber has been disabled by hdds.containerscrub.enabled
2019-08-20 15:03:25,460 INFO  ratis.XceiverServerRatis (XceiverServerRatis.java:start(404)) - Starting XceiverServerRatis 98074250-0c22-486c-8470-5b27d36fa846 at port 0
2019-08-20 15:03:25,465 INFO  impl.RaftServerProxy (RaftServerProxy.java:lambda$start$3(299)) - 98074250-0c22-486c-8470-5b27d36fa846: start RPC server
2019-08-20 15:03:25,469 INFO  server.GrpcService (GrpcService.java:startImpl(149)) - 98074250-0c22-486c-8470-5b27d36fa846: GrpcService started, listening on 0.0.0.0/0.0.0.0:39551
2019-08-20 15:03:25,469 INFO  ratis.XceiverServerRatis (XceiverServerRatis.java:start(414)) - XceiverServerRatis 98074250-0c22-486c-8470-5b27d36fa846 is started using port 39551
2019-08-20 15:03:25,472 INFO  server.XceiverServerGrpc (XceiverServerGrpc.java:start(161)) - XceiverServerGrpc 98074250-0c22-486c-8470-5b27d36fa846 is started using port 43915
2019-08-20 15:03:25,711 INFO  ozoneimpl.OzoneContainer (OzoneContainer.java:start(186)) - Attempting to start container services.
2019-08-20 15:03:25,711 INFO  ozoneimpl.OzoneContainer (OzoneContainer.java:startContainerScrub(160)) - Background container scrubber has been disabled by hdds.containerscrub.enabled
2019-08-20 15:03:25,711 INFO  ratis.XceiverServerRatis (XceiverServerRatis.java:start(404)) - Starting XceiverServerRatis a7928bef-0ccc-470a-99bc-9391bc7baf0a at port 0
2019-08-20 15:03:25,718 INFO  impl.RaftServerProxy (RaftServerProxy.java:lambda$start$3(299)) - a7928bef-0ccc-470a-99bc-9391bc7baf0a: start RPC server
2019-08-20 15:03:25,721 INFO  server.GrpcService (GrpcService.java:startImpl(149)) - a7928bef-0ccc-470a-99bc-9391bc7baf0a: GrpcService started, listening on 0.0.0.0/0.0.0.0:39310
2019-08-20 15:03:25,721 INFO  ratis.XceiverServerRatis (XceiverServerRatis.java:start(414)) - XceiverServerRatis a7928bef-0ccc-470a-99bc-9391bc7baf0a is started using port 39310
2019-08-20 15:03:25,723 INFO  server.XceiverServerGrpc (XceiverServerGrpc.java:start(161)) - XceiverServerGrpc a7928bef-0ccc-470a-99bc-9391bc7baf0a is started using port 42316
2019-08-20 15:03:25,959 INFO  ozone.MiniOzoneClusterImpl (MiniOzoneClusterImpl.java:lambda$waitForClusterToBeReady$0(142)) - Waiting for cluster to be ready. Got 0 of 6 DN Heartbeats.
2019-08-20 15:03:25,997 INFO  ozoneimpl.OzoneContainer (OzoneContainer.java:start(186)) - Attempting to start container services.
2019-08-20 15:03:25,997 INFO  ozoneimpl.OzoneContainer (OzoneContainer.java:startContainerScrub(160)) - Background container scrubber has been disabled by hdds.containerscrub.enabled
2019-08-20 15:03:25,997 INFO  ratis.XceiverServerRatis (XceiverServerRatis.java:start(404)) - Starting XceiverServerRatis ff623405-2635-4e87-a9f8-d1ef3c1a33ba at port 0
2019-08-20 15:03:26,004 INFO  impl.RaftServerProxy (RaftServerProxy.java:lambda$start$3(299)) - ff623405-2635-4e87-a9f8-d1ef3c1a33ba: start RPC server
2019-08-20 15:03:26,008 INFO  server.GrpcService (GrpcService.java:startImpl(149)) - ff623405-2635-4e87-a9f8-d1ef3c1a33ba: GrpcService started, listening on 0.0.0.0/0.0.0.0:40651
2019-08-20 15:03:26,008 INFO  ratis.XceiverServerRatis (XceiverServerRatis.java:start(414)) - XceiverServerRatis ff623405-2635-4e87-a9f8-d1ef3c1a33ba is started using port 40651
2019-08-20 15:03:26,011 INFO  server.XceiverServerGrpc (XceiverServerGrpc.java:start(161)) - XceiverServerGrpc ff623405-2635-4e87-a9f8-d1ef3c1a33ba is started using port 46356
2019-08-20 15:03:26,776 INFO  net.NetworkTopology (NetworkTopologyImpl.java:add(110)) - Added a new node: /default-rack/2ad36b2b-54cc-489b-a4d7-1c5d097f1130
2019-08-20 15:03:26,776 INFO  node.SCMNodeManager (SCMNodeManager.java:register(273)) - Registered Data node : 2ad36b2b-54cc-489b-a4d7-1c5d097f1130{ip: 192.168.5.159, host: pr-hdds-1948-qmvbp-2153692187, networkLocation: /default-rack, certSerialId: null}
2019-08-20 15:03:26,780 INFO  safemode.SCMSafeModeManager (DataNodeSafeModeRule.java:process(71)) - SCM in safe mode. 1 DataNodes registered, 1 required.
2019-08-20 15:03:26,781 INFO  safemode.SCMSafeModeManager (SCMSafeModeManager.java:validateSafeModeExitRules(177)) - ScmSafeModeManager, all rules are successfully validated
2019-08-20 15:03:26,781 INFO  safemode.SCMSafeModeManager (SCMSafeModeManager.java:exitSafeMode(193)) - SCM exiting safe mode.
2019-08-20 15:03:26,960 INFO  ozone.MiniOzoneClusterImpl (MiniOzoneClusterImpl.java:lambda$waitForClusterToBeReady$0(142)) - Waiting for cluster to be ready. Got 1 of 6 DN Heartbeats.
2019-08-20 15:03:27,014 INFO  net.NetworkTopology (NetworkTopologyImpl.java:add(110)) - Added a new node: /default-rack/4b652405-42c2-48e1-8dc3-a0aff8a30386
2019-08-20 15:03:27,014 INFO  node.SCMNodeManager (SCMNodeManager.java:register(273)) - Registered Data node : 4b652405-42c2-48e1-8dc3-a0aff8a30386{ip: 192.168.5.159, host: pr-hdds-1948-qmvbp-2153692187, networkLocation: /default-rack, certSerialId: null}
2019-08-20 15:03:27,234 INFO  net.NetworkTopology (NetworkTopologyImpl.java:add(110)) - Added a new node: /default-rack/68017ce1-0e7b-44f8-ba2c-4905daff1bbd
2019-08-20 15:03:27,234 INFO  node.SCMNodeManager (SCMNodeManager.java:register(273)) - Registered Data node : 68017ce1-0e7b-44f8-ba2c-4905daff1bbd{ip: 192.168.5.159, host: pr-hdds-1948-qmvbp-2153692187, networkLocation: /default-rack, certSerialId: null}
2019-08-20 15:03:27,584 INFO  net.NetworkTopology (NetworkTopologyImpl.java:add(110)) - Added a new node: /default-rack/98074250-0c22-486c-8470-5b27d36fa846
2019-08-20 15:03:27,584 INFO  node.SCMNodeManager (SCMNodeManager.java:register(273)) - Registered Data node : 98074250-0c22-486c-8470-5b27d36fa846{ip: 192.168.5.159, host: pr-hdds-1948-qmvbp-2153692187, networkLocation: /default-rack, certSerialId: null}
2019-08-20 15:03:27,584 INFO  impl.RaftServerProxy (RaftServerProxy.java:addNew(89)) - 2ad36b2b-54cc-489b-a4d7-1c5d097f1130: addNew group-94D3794360FD:[2ad36b2b-54cc-489b-a4d7-1c5d097f1130:192.168.5.159:38179] returns group-94D3794360FD:java.util.concurrent.CompletableFuture@5ff350a3[Not completed]
2019-08-20 15:03:27,601 INFO  impl.RaftServerImpl (RaftServerImpl.java:<init>(93)) - 2ad36b2b-54cc-489b-a4d7-1c5d097f1130: new RaftServerImpl for group-94D3794360FD:[2ad36b2b-54cc-489b-a4d7-1c5d097f1130:192.168.5.159:38179] with ContainerStateMachine:uninitialized
2019-08-20 15:03:27,602 INFO  server.RaftServerConfigKeys (ConfUtils.java:logGet(43)) - raft.server.rpc.timeout.min = 5s (custom)
2019-08-20 15:03:27,604 INFO  server.RaftServerConfigKeys (ConfUtils.java:logGet(43)) - raft.server.rpc.timeout.max = 5200ms (custom)
2019-08-20 15:03:27,604 INFO  server.RaftServerConfigKeys (ConfUtils.java:logGet(43)) - raft.server.rpcslowness.timeout = 120s (custom)
2019-08-20 15:03:27,605 INFO  server.RaftServerConfigKeys (ConfUtils.java:logGet(43)) - raft.server.sleep.deviation.threshold = 300 (default)
2019-08-20 15:03:27,605 INFO  server.RaftServerConfigKeys (ConfUtils.java:logGet(43)) - raft.server.log.appender.install.snapshot.enabled = false (custom)
2019-08-20 15:03:27,611 INFO  impl.RaftServerImpl (ServerState.java:<init>(105)) - 2ad36b2b-54cc-489b-a4d7-1c5d097f1130:group-94D3794360FD ConfigurationManager, init=-1: [2ad36b2b-54cc-489b-a4d7-1c5d097f1130:192.168.5.159:38179], old=null, confs=<EMPTY_MAP>
2019-08-20 15:03:27,612 INFO  server.RaftServerConfigKeys (ConfUtils.java:logGet(43)) - raft.server.storage.dir = [/workdir/hadoop-ozone/integration-test/target/test-dir/MiniOzoneClusterImpl-654ee0d8-0ca1-4e4d-a6f4-0992848371a2/datanode-0/data/ratis] (custom)
2019-08-20 15:03:27,617 INFO  storage.RaftStorageDirectory (RaftStorageDirectory.java:analyzeStorage(246)) - The storage directory /workdir/hadoop-ozone/integration-test/target/test-dir/MiniOzoneClusterImpl-654ee0d8-0ca1-4e4d-a6f4-0992848371a2/datanode-0/data/ratis/0083b782-b989-4afd-a27e-94d3794360fd does not exist. Creating ...
2019-08-20 15:03:27,661 INFO  storage.RaftStorageDirectory (RaftStorageDirectory.java:tryLock(328)) - Lock on /workdir/hadoop-ozone/integration-test/target/test-dir/MiniOzoneClusterImpl-654ee0d8-0ca1-4e4d-a6f4-0992848371a2/datanode-0/data/ratis/0083b782-b989-4afd-a27e-94d3794360fd/in_use.lock acquired by nodename 1967@pr-hdds-1948-qmvbp-2153692187
2019-08-20 15:03:27,675 INFO  net.NetworkTopology (NetworkTopologyImpl.java:add(110)) - Added a new node: /default-rack/a7928bef-0ccc-470a-99bc-9391bc7baf0a
2019-08-20 15:03:27,676 INFO  node.SCMNodeManager (SCMNodeManager.java:register(273)) - Registered Data node : a7928bef-0ccc-470a-99bc-9391bc7baf0a{ip: 192.168.5.159, host: pr-hdds-1948-qmvbp-2153692187, networkLocation: /default-rack, certSerialId: null}
2019-08-20 15:03:27,676 INFO  storage.RaftStorage (RaftStorage.java:format(72)) - Storage directory /workdir/hadoop-ozone/integration-test/target/test-dir/MiniOzoneClusterImpl-654ee0d8-0ca1-4e4d-a6f4-0992848371a2/datanode-0/data/ratis/0083b782-b989-4afd-a27e-94d3794360fd has been successfully formatted.
2019-08-20 15:03:27,678 INFO  ratis.ContainerStateMachine (ContainerStateMachine.java:loadSnapshot(222)) - group-94D3794360FD: The snapshot info is null. Setting the last applied indexto:(t:0, i:~)
2019-08-20 15:03:27,678 INFO  server.RaftServerConfigKeys (ConfUtils.java:logGet(43)) - raft.server.leader.election.timeout = 120s (custom)
2019-08-20 15:03:27,680 INFO  server.RaftServerConfigKeys (ConfUtils.java:logGet(43)) - raft.server.log.use.memory = false (default)
2019-08-20 15:03:27,685 INFO  server.RaftServerConfigKeys (ConfUtils.java:logGet(43)) - raft.server.log.purge.gap = 1000000000 (custom)
2019-08-20 15:03:27,685 INFO  server.RaftServerConfigKeys (ConfUtils.java:logGet(43)) - raft.server.log.appender.buffer.byte-limit = 33554432 (custom)
2019-08-20 15:03:27,686 INFO  server.RaftServerConfigKeys (ConfUtils.java:logGet(43)) - raft.server.log.segment.size.max = 1048576 (custom)
2019-08-20 15:03:27,690 INFO  server.RaftServerConfigKeys (ConfUtils.java:logGet(43)) - raft.server.log.segment.cache.num.max = 2 (custom)
2019-08-20 15:03:27,695 INFO  segmented.SegmentedRaftLogWorker (SegmentedRaftLogWorker.java:<init>(172)) - new 2ad36b2b-54cc-489b-a4d7-1c5d097f1130-SegmentedRaftLogWorker:Storage Directory /workdir/hadoop-ozone/integration-test/target/test-dir/MiniOzoneClusterImpl-654ee0d8-0ca1-4e4d-a6f4-0992848371a2/datanode-0/data/ratis/0083b782-b989-4afd-a27e-94d3794360fd for RaftStorage:Storage Directory /workdir/hadoop-ozone/integration-test/target/test-dir/MiniOzoneClusterImpl-654ee0d8-0ca1-4e4d-a6f4-0992848371a2/datanode-0/data/ratis/0083b782-b989-4afd-a27e-94d3794360fd
2019-08-20 15:03:27,705 INFO  server.RaftServerConfigKeys (ConfUtils.java:logGet(43)) - raft.server.log.queue.byte-limit = 2147483647 (custom)
2019-08-20 15:03:27,705 INFO  server.RaftServerConfigKeys (ConfUtils.java:logGet(43)) - raft.server.log.queue.element-limit = 1024 (custom)
2019-08-20 15:03:27,709 INFO  server.RaftServerConfigKeys (ConfUtils.java:logGet(43)) - raft.server.log.segment.size.max = 1048576 (custom)
2019-08-20 15:03:27,710 INFO  server.RaftServerConfigKeys (ConfUtils.java:logGet(43)) - raft.server.log.preallocated.size = 16384 (custom)
2019-08-20 15:03:27,710 INFO  server.RaftServerConfigKeys (ConfUtils.java:logGet(43)) - raft.server.log.write.buffer.size = 33554432 (custom)
2019-08-20 15:03:27,711 INFO  server.RaftServerConfigKeys (ConfUtils.java:logGet(43)) - raft.server.log.force.sync.num = 128 (default)
2019-08-20 15:03:27,712 INFO  server.RaftServerConfigKeys (ConfUtils.java:logGet(43)) - raft.server.log.statemachine.data.sync = true (default)
2019-08-20 15:03:27,712 INFO  server.RaftServerConfigKeys (ConfUtils.java:logGet(43)) - raft.server.log.statemachine.data.sync.timeout = 10s (default)
2019-08-20 15:03:27,712 INFO  server.RaftServerConfigKeys (ConfUtils.java:logGet(43)) - raft.server.log.statemachine.data.sync.timeout.retry = -1 (default)
2019-08-20 15:03:27,720 INFO  server.RaftServerConfigKeys (ConfUtils.java:logGet(43)) - raft.server.log.statemachine.data.caching.enabled = true (custom)
2019-08-20 15:03:27,724 INFO  segmented.SegmentedRaftLogWorker (SegmentedRaftLogWorker.java:lambda$new$0(132)) - 2ad36b2b-54cc-489b-a4d7-1c5d097f1130-SegmentedRaftLogWorker:Storage Directory /workdir/hadoop-ozone/integration-test/target/test-dir/MiniOzoneClusterImpl-654ee0d8-0ca1-4e4d-a6f4-0992848371a2/datanode-0/data/ratis/0083b782-b989-4afd-a27e-94d3794360fd: flushIndex: setUnconditionally 0 -> -1
2019-08-20 15:03:27,728 INFO  server.RaftServerConfigKeys (ConfUtils.java:logGet(43)) - raft.server.snapshot.auto.trigger.enabled = true (custom)
2019-08-20 15:03:27,728 INFO  server.RaftServerConfigKeys (ConfUtils.java:logGet(43)) - raft.server.snapshot.auto.trigger.threshold = 10000 (custom)
2019-08-20 15:03:27,729 INFO  server.RaftServerConfigKeys (ConfUtils.java:logGet(43)) - raft.server.retrycache.expirytime = 600000ms (custom)
2019-08-20 15:03:27,747 INFO  impl.RaftServerImpl (RaftServerImpl.java:start(180)) - 2ad36b2b-54cc-489b-a4d7-1c5d097f1130: start group-94D3794360FD
2019-08-20 15:03:27,748 INFO  impl.RaftServerImpl (RaftServerImpl.java:setRole(171)) - 2ad36b2b-54cc-489b-a4d7-1c5d097f1130:group-94D3794360FD changes role from null to FOLLOWER at term 0 for startAsFollower
2019-08-20 15:03:27,749 INFO  impl.RoleInfo (RoleInfo.java:updateAndGet(143)) - 2ad36b2b-54cc-489b-a4d7-1c5d097f1130: start FollowerState
2019-08-20 15:03:27,751 INFO  util.JmxRegister (JmxRegister.java:tryRegister(44)) - Successfully registered JMX Bean with object name Ratis:service=RaftServer,group=group-94D3794360FD,id=2ad36b2b-54cc-489b-a4d7-1c5d097f1130
2019-08-20 15:03:27,809 INFO  pipeline.PipelineStateManager (PipelineStateManager.java:addPipeline(56)) - Created pipeline Pipeline[ Id: 0083b782-b989-4afd-a27e-94d3794360fd, Nodes: 2ad36b2b-54cc-489b-a4d7-1c5d097f1130{ip: 192.168.5.159, host: pr-hdds-1948-qmvbp-2153692187, networkLocation: /default-rack, certSerialId: null}, Type:RATIS, Factor:ONE, State:OPEN]
2019-08-20 15:03:27,833 INFO  impl.RaftServerProxy (RaftServerProxy.java:addNew(89)) - 98074250-0c22-486c-8470-5b27d36fa846: addNew group-9A7774D79169:[98074250-0c22-486c-8470-5b27d36fa846:192.168.5.159:39551] returns group-9A7774D79169:java.util.concurrent.CompletableFuture@4e8a8950[Not completed]
2019-08-20 15:03:27,868 INFO  impl.RaftServerImpl (RaftServerImpl.java:<init>(93)) - 98074250-0c22-486c-8470-5b27d36fa846: new RaftServerImpl for group-9A7774D79169:[98074250-0c22-486c-8470-5b27d36fa846:192.168.5.159:39551] with ContainerStateMachine:uninitialized
2019-08-20 15:03:27,869 INFO  server.RaftServerConfigKeys (ConfUtils.java:logGet(43)) - raft.server.rpc.timeout.min = 5s (custom)
2019-08-20 15:03:27,869 INFO  server.RaftServerConfigKeys (ConfUtils.java:logGet(43)) - raft.server.rpc.timeout.max = 5200ms (custom)
2019-08-20 15:03:27,869 INFO  server.RaftServerConfigKeys (ConfUtils.java:logGet(43)) - raft.server.rpcslowness.timeout = 120s (custom)
2019-08-20 15:03:27,869 INFO  server.RaftServerConfigKeys (ConfUtils.java:logGet(43)) - raft.server.sleep.deviation.threshold = 300 (default)
2019-08-20 15:03:27,869 INFO  server.RaftServerConfigKeys (ConfUtils.java:logGet(43)) - raft.server.log.appender.install.snapshot.enabled = false (custom)
2019-08-20 15:03:27,869 INFO  impl.RaftServerImpl (ServerState.java:<init>(105)) - 98074250-0c22-486c-8470-5b27d36fa846:group-9A7774D79169 ConfigurationManager, init=-1: [98074250-0c22-486c-8470-5b27d36fa846:192.168.5.159:39551], old=null, confs=<EMPTY_MAP>
2019-08-20 15:03:27,870 INFO  server.RaftServerConfigKeys (ConfUtils.java:logGet(43)) - raft.server.storage.dir = [/workdir/hadoop-ozone/integration-test/target/test-dir/MiniOzoneClusterImpl-654ee0d8-0ca1-4e4d-a6f4-0992848371a2/datanode-3/data/ratis] (custom)
2019-08-20 15:03:27,870 INFO  storage.RaftStorageDirectory (RaftStorageDirectory.java:analyzeStorage(246)) - The storage directory /workdir/hadoop-ozone/integration-test/target/test-dir/MiniOzoneClusterImpl-654ee0d8-0ca1-4e4d-a6f4-0992848371a2/datanode-3/data/ratis/785908f3-2925-49ee-9b5c-9a7774d79169 does not exist. Creating ...
2019-08-20 15:03:27,884 INFO  storage.RaftStorageDirectory (RaftStorageDirectory.java:tryLock(328)) - Lock on /workdir/hadoop-ozone/integration-test/target/test-dir/MiniOzoneClusterImpl-654ee0d8-0ca1-4e4d-a6f4-0992848371a2/datanode-3/data/ratis/785908f3-2925-49ee-9b5c-9a7774d79169/in_use.lock acquired by nodename 1967@pr-hdds-1948-qmvbp-2153692187
2019-08-20 15:03:27,897 INFO  storage.RaftStorage (RaftStorage.java:format(72)) - Storage directory /workdir/hadoop-ozone/integration-test/target/test-dir/MiniOzoneClusterImpl-654ee0d8-0ca1-4e4d-a6f4-0992848371a2/datanode-3/data/ratis/785908f3-2925-49ee-9b5c-9a7774d79169 has been successfully formatted.
2019-08-20 15:03:27,900 INFO  ratis.ContainerStateMachine (ContainerStateMachine.java:loadSnapshot(222)) - group-9A7774D79169: The snapshot info is null. Setting the last applied indexto:(t:0, i:~)
2019-08-20 15:03:27,901 INFO  server.RaftServerConfigKeys (ConfUtils.java:logGet(43)) - raft.server.leader.election.timeout = 120s (custom)
2019-08-20 15:03:27,901 INFO  server.RaftServerConfigKeys (ConfUtils.java:logGet(43)) - raft.server.log.use.memory = false (default)
2019-08-20 15:03:27,901 INFO  server.RaftServerConfigKeys (ConfUtils.java:logGet(43)) - raft.server.log.purge.gap = 1000000000 (custom)
2019-08-20 15:03:27,901 INFO  server.RaftServerConfigKeys (ConfUtils.java:logGet(43)) - raft.server.log.appender.buffer.byte-limit = 33554432 (custom)
2019-08-20 15:03:27,901 INFO  server.RaftServerConfigKeys (ConfUtils.java:logGet(43)) - raft.server.log.segment.size.max = 1048576 (custom)
2019-08-20 15:03:27,902 INFO  server.RaftServerConfigKeys (ConfUtils.java:logGet(43)) - raft.server.log.segment.cache.num.max = 2 (custom)
2019-08-20 15:03:27,902 INFO  segmented.SegmentedRaftLogWorker (SegmentedRaftLogWorker.java:<init>(172)) - new 98074250-0c22-486c-8470-5b27d36fa846-SegmentedRaftLogWorker:Storage Directory /workdir/hadoop-ozone/integration-test/target/test-dir/MiniOzoneClusterImpl-654ee0d8-0ca1-4e4d-a6f4-0992848371a2/datanode-3/data/ratis/785908f3-2925-49ee-9b5c-9a7774d79169 for RaftStorage:Storage Directory /workdir/hadoop-ozone/integration-test/target/test-dir/MiniOzoneClusterImpl-654ee0d8-0ca1-4e4d-a6f4-0992848371a2/datanode-3/data/ratis/785908f3-2925-49ee-9b5c-9a7774d79169
2019-08-20 15:03:27,903 INFO  server.RaftServerConfigKeys (ConfUtils.java:logGet(43)) - raft.server.log.queue.byte-limit = 2147483647 (custom)
2019-08-20 15:03:27,903 INFO  server.RaftServerConfigKeys (ConfUtils.java:logGet(43)) - raft.server.log.queue.element-limit = 1024 (custom)
2019-08-20 15:03:27,903 INFO  server.RaftServerConfigKeys (ConfUtils.java:logGet(43)) - raft.server.log.segment.size.max = 1048576 (custom)
2019-08-20 15:03:27,903 INFO  server.RaftServerConfigKeys (ConfUtils.java:logGet(43)) - raft.server.log.preallocated.size = 16384 (custom)
2019-08-20 15:03:27,904 INFO  server.RaftServerConfigKeys (ConfUtils.java:logGet(43)) - raft.server.log.write.buffer.size = 33554432 (custom)
2019-08-20 15:03:27,904 INFO  server.RaftServerConfigKeys (ConfUtils.java:logGet(43)) - raft.server.log.force.sync.num = 128 (default)
2019-08-20 15:03:27,904 INFO  server.RaftServerConfigKeys (ConfUtils.java:logGet(43)) - raft.server.log.statemachine.data.sync = true (default)
2019-08-20 15:03:27,904 INFO  server.RaftServerConfigKeys (ConfUtils.java:logGet(43)) - raft.server.log.statemachine.data.sync.timeout = 10s (default)
2019-08-20 15:03:27,904 INFO  server.RaftServerConfigKeys (ConfUtils.java:logGet(43)) - raft.server.log.statemachine.data.sync.timeout.retry = -1 (default)
2019-08-20 15:03:27,904 INFO  server.RaftServerConfigKeys (ConfUtils.java:logGet(43)) - raft.server.log.statemachine.data.caching.enabled = true (custom)
2019-08-20 15:03:27,905 INFO  segmented.SegmentedRaftLogWorker (SegmentedRaftLogWorker.java:lambda$new$0(132)) - 98074250-0c22-486c-8470-5b27d36fa846-SegmentedRaftLogWorker:Storage Directory /workdir/hadoop-ozone/integration-test/target/test-dir/MiniOzoneClusterImpl-654ee0d8-0ca1-4e4d-a6f4-0992848371a2/datanode-3/data/ratis/785908f3-2925-49ee-9b5c-9a7774d79169: flushIndex: setUnconditionally 0 -> -1
2019-08-20 15:03:27,905 INFO  server.RaftServerConfigKeys (ConfUtils.java:logGet(43)) - raft.server.snapshot.auto.trigger.enabled = true (custom)
2019-08-20 15:03:27,905 INFO  server.RaftServerConfigKeys (ConfUtils.java:logGet(43)) - raft.server.snapshot.auto.trigger.threshold = 10000 (custom)
2019-08-20 15:03:27,905 INFO  server.RaftServerConfigKeys (ConfUtils.java:logGet(43)) - raft.server.retrycache.expirytime = 600000ms (custom)
2019-08-20 15:03:27,905 INFO  impl.RaftServerImpl (RaftServerImpl.java:start(180)) - 98074250-0c22-486c-8470-5b27d36fa846: start group-9A7774D79169
2019-08-20 15:03:27,906 INFO  impl.RaftServerImpl (RaftServerImpl.java:setRole(171)) - 98074250-0c22-486c-8470-5b27d36fa846:group-9A7774D79169 changes role from null to FOLLOWER at term 0 for startAsFollower
2019-08-20 15:03:27,906 INFO  impl.RoleInfo (RoleInfo.java:updateAndGet(143)) - 98074250-0c22-486c-8470-5b27d36fa846: start FollowerState
2019-08-20 15:03:27,908 INFO  util.JmxRegister (JmxRegister.java:tryRegister(44)) - Successfully registered JMX Bean with object name Ratis:service=RaftServer,group=group-9A7774D79169,id=98074250-0c22-486c-8470-5b27d36fa846
2019-08-20 15:03:27,921 INFO  pipeline.PipelineStateManager (PipelineStateManager.java:addPipeline(56)) - Created pipeline Pipeline[ Id: 785908f3-2925-49ee-9b5c-9a7774d79169, Nodes: 98074250-0c22-486c-8470-5b27d36fa846{ip: 192.168.5.159, host: pr-hdds-1948-qmvbp-2153692187, networkLocation: /default-rack, certSerialId: null}, Type:RATIS, Factor:ONE, State:OPEN]
2019-08-20 15:03:27,942 INFO  impl.RaftServerProxy (RaftServerProxy.java:addNew(89)) - a7928bef-0ccc-470a-99bc-9391bc7baf0a: addNew group-7063BB1B73A7:[a7928bef-0ccc-470a-99bc-9391bc7baf0a:192.168.5.159:39310] returns group-7063BB1B73A7:java.util.concurrent.CompletableFuture@5a465a00[Not completed]
2019-08-20 15:03:27,953 INFO  impl.RaftServerImpl (RaftServerImpl.java:<init>(93)) - a7928bef-0ccc-470a-99bc-9391bc7baf0a: new RaftServerImpl for group-7063BB1B73A7:[a7928bef-0ccc-470a-99bc-9391bc7baf0a:192.168.5.159:39310] with ContainerStateMachine:uninitialized
2019-08-20 15:03:27,954 INFO  server.RaftServerConfigKeys (ConfUtils.java:logGet(43)) - raft.server.rpc.timeout.min = 5s (custom)
2019-08-20 15:03:27,954 INFO  server.RaftServerConfigKeys (ConfUtils.java:logGet(43)) - raft.server.rpc.timeout.max = 5200ms (custom)
2019-08-20 15:03:27,954 INFO  server.RaftServerConfigKeys (ConfUtils.java:logGet(43)) - raft.server.rpcslowness.timeout = 120s (custom)
2019-08-20 15:03:27,954 INFO  server.RaftServerConfigKeys (ConfUtils.java:logGet(43)) - raft.server.sleep.deviation.threshold = 300 (default)
2019-08-20 15:03:27,955 INFO  server.RaftServerConfigKeys (ConfUtils.java:logGet(43)) - raft.server.log.appender.install.snapshot.enabled = false (custom)
2019-08-20 15:03:27,955 INFO  impl.RaftServerImpl (ServerState.java:<init>(105)) - a7928bef-0ccc-470a-99bc-9391bc7baf0a:group-7063BB1B73A7 ConfigurationManager, init=-1: [a7928bef-0ccc-470a-99bc-9391bc7baf0a:192.168.5.159:39310], old=null, confs=<EMPTY_MAP>
2019-08-20 15:03:27,955 INFO  server.RaftServerConfigKeys (ConfUtils.java:logGet(43)) - raft.server.storage.dir = [/workdir/hadoop-ozone/integration-test/target/test-dir/MiniOzoneClusterImpl-654ee0d8-0ca1-4e4d-a6f4-0992848371a2/datanode-4/data/ratis] (custom)
2019-08-20 15:03:27,955 INFO  storage.RaftStorageDirectory (RaftStorageDirectory.java:analyzeStorage(246)) - The storage directory /workdir/hadoop-ozone/integration-test/target/test-dir/MiniOzoneClusterImpl-654ee0d8-0ca1-4e4d-a6f4-0992848371a2/datanode-4/data/ratis/3d23f69a-e1c8-49a8-9588-7063bb1b73a7 does not exist. Creating ...
2019-08-20 15:03:27,959 INFO  net.NetworkTopology (NetworkTopologyImpl.java:add(110)) - Added a new node: /default-rack/ff623405-2635-4e87-a9f8-d1ef3c1a33ba
2019-08-20 15:03:27,959 INFO  node.SCMNodeManager (SCMNodeManager.java:register(273)) - Registered Data node : ff623405-2635-4e87-a9f8-d1ef3c1a33ba{ip: 192.168.5.159, host: pr-hdds-1948-qmvbp-2153692187, networkLocation: /default-rack, certSerialId: null}
2019-08-20 15:03:27,960 INFO  ozone.MiniOzoneClusterImpl (MiniOzoneClusterImpl.java:lambda$waitForClusterToBeReady$0(142)) - Cluster is ready. Got 6 of 6 DN Heartbeats.
2019-08-20 15:03:27,990 INFO  storage.RaftStorageDirectory (RaftStorageDirectory.java:tryLock(328)) - Lock on /workdir/hadoop-ozone/integration-test/target/test-dir/MiniOzoneClusterImpl-654ee0d8-0ca1-4e4d-a6f4-0992848371a2/datanode-4/data/ratis/3d23f69a-e1c8-49a8-9588-7063bb1b73a7/in_use.lock acquired by nodename 1967@pr-hdds-1948-qmvbp-2153692187
2019-08-20 15:03:28,004 INFO  storage.RaftStorage (RaftStorage.java:format(72)) - Storage directory /workdir/hadoop-ozone/integration-test/target/test-dir/MiniOzoneClusterImpl-654ee0d8-0ca1-4e4d-a6f4-0992848371a2/datanode-4/data/ratis/3d23f69a-e1c8-49a8-9588-7063bb1b73a7 has been successfully formatted.
2019-08-20 15:03:28,005 INFO  ratis.ContainerStateMachine (ContainerStateMachine.java:loadSnapshot(222)) - group-7063BB1B73A7: The snapshot info is null. Setting the last applied indexto:(t:0, i:~)
2019-08-20 15:03:28,005 INFO  server.RaftServerConfigKeys (ConfUtils.java:logGet(43)) - raft.server.leader.election.timeout = 120s (custom)
2019-08-20 15:03:28,005 INFO  server.RaftServerConfigKeys (ConfUtils.java:logGet(43)) - raft.server.log.use.memory = false (default)
2019-08-20 15:03:28,005 INFO  server.RaftServerConfigKeys (ConfUtils.java:logGet(43)) - raft.server.log.purge.gap = 1000000000 (custom)
2019-08-20 15:03:28,005 INFO  server.RaftServerConfigKeys (ConfUtils.java:logGet(43)) - raft.server.log.appender.buffer.byte-limit = 33554432 (custom)
2019-08-20 15:03:28,006 INFO  server.RaftServerConfigKeys (ConfUtils.java:logGet(43)) - raft.server.log.segment.size.max = 1048576 (custom)
2019-08-20 15:03:28,006 INFO  server.RaftServerConfigKeys (ConfUtils.java:logGet(43)) - raft.server.log.segment.cache.num.max = 2 (custom)
2019-08-20 15:03:28,006 INFO  segmented.SegmentedRaftLogWorker (SegmentedRaftLogWorker.java:<init>(172)) - new a7928bef-0ccc-470a-99bc-9391bc7baf0a-SegmentedRaftLogWorker:Storage Directory /workdir/hadoop-ozone/integration-test/target/test-dir/MiniOzoneClusterImpl-654ee0d8-0ca1-4e4d-a6f4-0992848371a2/datanode-4/data/ratis/3d23f69a-e1c8-49a8-9588-7063bb1b73a7 for RaftStorage:Storage Directory /workdir/hadoop-ozone/integration-test/target/test-dir/MiniOzoneClusterImpl-654ee0d8-0ca1-4e4d-a6f4-0992848371a2/datanode-4/data/ratis/3d23f69a-e1c8-49a8-9588-7063bb1b73a7
2019-08-20 15:03:28,006 INFO  server.RaftServerConfigKeys (ConfUtils.java:logGet(43)) - raft.server.log.queue.byte-limit = 2147483647 (custom)
2019-08-20 15:03:28,007 INFO  server.RaftServerConfigKeys (ConfUtils.java:logGet(43)) - raft.server.log.queue.element-limit = 1024 (custom)
2019-08-20 15:03:28,007 INFO  server.RaftServerConfigKeys (ConfUtils.java:logGet(43)) - raft.server.log.segment.size.max = 1048576 (custom)
2019-08-20 15:03:28,007 INFO  server.RaftServerConfigKeys (ConfUtils.java:logGet(43)) - raft.server.log.preallocated.size = 16384 (custom)
2019-08-20 15:03:28,007 INFO  server.RaftServerConfigKeys (ConfUtils.java:logGet(43)) - raft.server.log.write.buffer.size = 33554432 (custom)
2019-08-20 15:03:28,008 INFO  server.RaftServerConfigKeys (ConfUtils.java:logGet(43)) - raft.server.log.force.sync.num = 128 (default)
2019-08-20 15:03:28,008 INFO  server.RaftServerConfigKeys (ConfUtils.java:logGet(43)) - raft.server.log.statemachine.data.sync = true (default)
2019-08-20 15:03:28,008 INFO  server.RaftServerConfigKeys (ConfUtils.java:logGet(43)) - raft.server.log.statemachine.data.sync.timeout = 10s (default)
2019-08-20 15:03:28,008 INFO  server.RaftServerConfigKeys (ConfUtils.java:logGet(43)) - raft.server.log.statemachine.data.sync.timeout.retry = -1 (default)
2019-08-20 15:03:28,009 INFO  server.RaftServerConfigKeys (ConfUtils.java:logGet(43)) - raft.server.log.statemachine.data.caching.enabled = true (custom)
2019-08-20 15:03:28,009 INFO  segmented.SegmentedRaftLogWorker (SegmentedRaftLogWorker.java:lambda$new$0(132)) - a7928bef-0ccc-470a-99bc-9391bc7baf0a-SegmentedRaftLogWorker:Storage Directory /workdir/hadoop-ozone/integration-test/target/test-dir/MiniOzoneClusterImpl-654ee0d8-0ca1-4e4d-a6f4-0992848371a2/datanode-4/data/ratis/3d23f69a-e1c8-49a8-9588-7063bb1b73a7: flushIndex: setUnconditionally 0 -> -1
2019-08-20 15:03:28,010 INFO  server.RaftServerConfigKeys (ConfUtils.java:logGet(43)) - raft.server.snapshot.auto.trigger.enabled = true (custom)
2019-08-20 15:03:28,010 INFO  server.RaftServerConfigKeys (ConfUtils.java:logGet(43)) - raft.server.snapshot.auto.trigger.threshold = 10000 (custom)
2019-08-20 15:03:28,010 INFO  server.RaftServerConfigKeys (ConfUtils.java:logGet(43)) - raft.server.retrycache.expirytime = 600000ms (custom)
2019-08-20 15:03:28,017 INFO  impl.RaftServerImpl (RaftServerImpl.java:start(180)) - a7928bef-0ccc-470a-99bc-9391bc7baf0a: start group-7063BB1B73A7
2019-08-20 15:03:28,017 INFO  impl.RaftServerImpl (RaftServerImpl.java:setRole(171)) - a7928bef-0ccc-470a-99bc-9391bc7baf0a:group-7063BB1B73A7 changes role from null to FOLLOWER at term 0 for startAsFollower
2019-08-20 15:03:28,017 INFO  impl.RoleInfo (RoleInfo.java:updateAndGet(143)) - a7928bef-0ccc-470a-99bc-9391bc7baf0a: start FollowerState
2019-08-20 15:03:28,018 INFO  util.JmxRegister (JmxRegister.java:tryRegister(44)) - Successfully registered JMX Bean with object name Ratis:service=RaftServer,group=group-7063BB1B73A7,id=a7928bef-0ccc-470a-99bc-9391bc7baf0a
2019-08-20 15:03:28,039 INFO  pipeline.PipelineStateManager (PipelineStateManager.java:addPipeline(56)) - Created pipeline Pipeline[ Id: 3d23f69a-e1c8-49a8-9588-7063bb1b73a7, Nodes: a7928bef-0ccc-470a-99bc-9391bc7baf0a{ip: 192.168.5.159, host: pr-hdds-1948-qmvbp-2153692187, networkLocation: /default-rack, certSerialId: null}, Type:RATIS, Factor:ONE, State:OPEN]
2019-08-20 15:03:28,066 INFO  impl.RaftServerProxy (RaftServerProxy.java:addNew(89)) - ff623405-2635-4e87-a9f8-d1ef3c1a33ba: addNew group-B48C90208D75:[ff623405-2635-4e87-a9f8-d1ef3c1a33ba:192.168.5.159:40651] returns group-B48C90208D75:java.util.concurrent.CompletableFuture@68b886d2[Not completed]
2019-08-20 15:03:28,070 INFO  impl.RaftServerImpl (RaftServerImpl.java:<init>(93)) - ff623405-2635-4e87-a9f8-d1ef3c1a33ba: new RaftServerImpl for group-B48C90208D75:[ff623405-2635-4e87-a9f8-d1ef3c1a33ba:192.168.5.159:40651] with ContainerStateMachine:uninitialized
2019-08-20 15:03:28,070 INFO  server.RaftServerConfigKeys (ConfUtils.java:logGet(43)) - raft.server.rpc.timeout.min = 5s (custom)
2019-08-20 15:03:28,070 INFO  server.RaftServerConfigKeys (ConfUtils.java:logGet(43)) - raft.server.rpc.timeout.max = 5200ms (custom)
2019-08-20 15:03:28,070 INFO  server.RaftServerConfigKeys (ConfUtils.java:logGet(43)) - raft.server.rpcslowness.timeout = 120s (custom)
2019-08-20 15:03:28,070 INFO  server.RaftServerConfigKeys (ConfUtils.java:logGet(43)) - raft.server.sleep.deviation.threshold = 300 (default)
2019-08-20 15:03:28,070 INFO  server.RaftServerConfigKeys (ConfUtils.java:logGet(43)) - raft.server.log.appender.install.snapshot.enabled = false (custom)
2019-08-20 15:03:28,071 INFO  impl.RaftServerImpl (ServerState.java:<init>(105)) - ff623405-2635-4e87-a9f8-d1ef3c1a33ba:group-B48C90208D75 ConfigurationManager, init=-1: [ff623405-2635-4e87-a9f8-d1ef3c1a33ba:192.168.5.159:40651], old=null, confs=<EMPTY_MAP>
2019-08-20 15:03:28,071 INFO  server.RaftServerConfigKeys (ConfUtils.java:logGet(43)) - raft.server.storage.dir = [/workdir/hadoop-ozone/integration-test/target/test-dir/MiniOzoneClusterImpl-654ee0d8-0ca1-4e4d-a6f4-0992848371a2/datanode-5/data/ratis] (custom)
2019-08-20 15:03:28,071 INFO  storage.RaftStorageDirectory (RaftStorageDirectory.java:analyzeStorage(246)) - The storage directory /workdir/hadoop-ozone/integration-test/target/test-dir/MiniOzoneClusterImpl-654ee0d8-0ca1-4e4d-a6f4-0992848371a2/datanode-5/data/ratis/3618e5b7-dbb3-41b2-b2ea-b48c90208d75 does not exist. Creating ...
2019-08-20 15:03:28,085 INFO  storage.RaftStorageDirectory (RaftStorageDirectory.java:tryLock(328)) - Lock on /workdir/hadoop-ozone/integration-test/target/test-dir/MiniOzoneClusterImpl-654ee0d8-0ca1-4e4d-a6f4-0992848371a2/datanode-5/data/ratis/3618e5b7-dbb3-41b2-b2ea-b48c90208d75/in_use.lock acquired by nodename 1967@pr-hdds-1948-qmvbp-2153692187
2019-08-20 15:03:28,098 INFO  storage.RaftStorage (RaftStorage.java:format(72)) - Storage directory /workdir/hadoop-ozone/integration-test/target/test-dir/MiniOzoneClusterImpl-654ee0d8-0ca1-4e4d-a6f4-0992848371a2/datanode-5/data/ratis/3618e5b7-dbb3-41b2-b2ea-b48c90208d75 has been successfully formatted.
2019-08-20 15:03:28,098 INFO  ratis.ContainerStateMachine (ContainerStateMachine.java:loadSnapshot(222)) - group-B48C90208D75: The snapshot info is null. Setting the last applied indexto:(t:0, i:~)
2019-08-20 15:03:28,098 INFO  server.RaftServerConfigKeys (ConfUtils.java:logGet(43)) - raft.server.leader.election.timeout = 120s (custom)
2019-08-20 15:03:28,098 INFO  server.RaftServerConfigKeys (ConfUtils.java:logGet(43)) - raft.server.log.use.memory = false (default)
2019-08-20 15:03:28,098 INFO  server.RaftServerConfigKeys (ConfUtils.java:logGet(43)) - raft.server.log.purge.gap = 1000000000 (custom)
2019-08-20 15:03:28,098 INFO  server.RaftServerConfigKeys (ConfUtils.java:logGet(43)) - raft.server.log.appender.buffer.byte-limit = 33554432 (custom)
2019-08-20 15:03:28,099 INFO  server.RaftServerConfigKeys (ConfUtils.java:logGet(43)) - raft.server.log.segment.size.max = 1048576 (custom)
2019-08-20 15:03:28,099 INFO  server.RaftServerConfigKeys (ConfUtils.java:logGet(43)) - raft.server.log.segment.cache.num.max = 2 (custom)
2019-08-20 15:03:28,099 INFO  segmented.SegmentedRaftLogWorker (SegmentedRaftLogWorker.java:<init>(172)) - new ff623405-2635-4e87-a9f8-d1ef3c1a33ba-SegmentedRaftLogWorker:Storage Directory /workdir/hadoop-ozone/integration-test/target/test-dir/MiniOzoneClusterImpl-654ee0d8-0ca1-4e4d-a6f4-0992848371a2/datanode-5/data/ratis/3618e5b7-dbb3-41b2-b2ea-b48c90208d75 for RaftStorage:Storage Directory /workdir/hadoop-ozone/integration-test/target/test-dir/MiniOzoneClusterImpl-654ee0d8-0ca1-4e4d-a6f4-0992848371a2/datanode-5/data/ratis/3618e5b7-dbb3-41b2-b2ea-b48c90208d75
2019-08-20 15:03:28,099 INFO  server.RaftServerConfigKeys (ConfUtils.java:logGet(43)) - raft.server.log.queue.byte-limit = 2147483647 (custom)
2019-08-20 15:03:28,099 INFO  server.RaftServerConfigKeys (ConfUtils.java:logGet(43)) - raft.server.log.queue.element-limit = 1024 (custom)
2019-08-20 15:03:28,099 INFO  server.RaftServerConfigKeys (ConfUtils.java:logGet(43)) - raft.server.log.segment.size.max = 1048576 (custom)
2019-08-20 15:03:28,100 INFO  server.RaftServerConfigKeys (ConfUtils.java:logGet(43)) - raft.server.log.preallocated.size = 16384 (custom)
2019-08-20 15:03:28,100 INFO  server.RaftServerConfigKeys (ConfUtils.java:logGet(43)) - raft.server.log.write.buffer.size = 33554432 (custom)
2019-08-20 15:03:28,100 INFO  server.RaftServerConfigKeys (ConfUtils.java:logGet(43)) - raft.server.log.force.sync.num = 128 (default)
2019-08-20 15:03:28,100 INFO  server.RaftServerConfigKeys (ConfUtils.java:logGet(43)) - raft.server.log.statemachine.data.sync = true (default)
2019-08-20 15:03:28,100 INFO  server.RaftServerConfigKeys (ConfUtils.java:logGet(43)) - raft.server.log.statemachine.data.sync.timeout = 10s (default)
2019-08-20 15:03:28,100 INFO  server.RaftServerConfigKeys (ConfUtils.java:logGet(43)) - raft.server.log.statemachine.data.sync.timeout.retry = -1 (default)
2019-08-20 15:03:28,101 INFO  server.RaftServerConfigKeys (ConfUtils.java:logGet(43)) - raft.server.log.statemachine.data.caching.enabled = true (custom)
2019-08-20 15:03:28,101 INFO  segmented.SegmentedRaftLogWorker (SegmentedRaftLogWorker.java:lambda$new$0(132)) - ff623405-2635-4e87-a9f8-d1ef3c1a33ba-SegmentedRaftLogWorker:Storage Directory /workdir/hadoop-ozone/integration-test/target/test-dir/MiniOzoneClusterImpl-654ee0d8-0ca1-4e4d-a6f4-0992848371a2/datanode-5/data/ratis/3618e5b7-dbb3-41b2-b2ea-b48c90208d75: flushIndex: setUnconditionally 0 -> -1
2019-08-20 15:03:28,101 INFO  server.RaftServerConfigKeys (ConfUtils.java:logGet(43)) - raft.server.snapshot.auto.trigger.enabled = true (custom)
2019-08-20 15:03:28,101 INFO  server.RaftServerConfigKeys (ConfUtils.java:logGet(43)) - raft.server.snapshot.auto.trigger.threshold = 10000 (custom)
2019-08-20 15:03:28,102 INFO  server.RaftServerConfigKeys (ConfUtils.java:logGet(43)) - raft.server.retrycache.expirytime = 600000ms (custom)
2019-08-20 15:03:28,102 INFO  impl.RaftServerImpl (RaftServerImpl.java:start(180)) - ff623405-2635-4e87-a9f8-d1ef3c1a33ba: start group-B48C90208D75
2019-08-20 15:03:28,102 INFO  impl.RaftServerImpl (RaftServerImpl.java:setRole(171)) - ff623405-2635-4e87-a9f8-d1ef3c1a33ba:group-B48C90208D75 changes role from null to FOLLOWER at term 0 for startAsFollower
2019-08-20 15:03:28,102 INFO  impl.RoleInfo (RoleInfo.java:updateAndGet(143)) - ff623405-2635-4e87-a9f8-d1ef3c1a33ba: start FollowerState
2019-08-20 15:03:28,102 INFO  util.JmxRegister (JmxRegister.java:tryRegister(44)) - Successfully registered JMX Bean with object name Ratis:service=RaftServer,group=group-B48C90208D75,id=ff623405-2635-4e87-a9f8-d1ef3c1a33ba
2019-08-20 15:03:28,114 INFO  pipeline.PipelineStateManager (PipelineStateManager.java:addPipeline(56)) - Created pipeline Pipeline[ Id: 3618e5b7-dbb3-41b2-b2ea-b48c90208d75, Nodes: ff623405-2635-4e87-a9f8-d1ef3c1a33ba{ip: 192.168.5.159, host: pr-hdds-1948-qmvbp-2153692187, networkLocation: /default-rack, certSerialId: null}, Type:RATIS, Factor:ONE, State:OPEN]
2019-08-20 15:03:28,134 INFO  impl.RaftServerProxy (RaftServerProxy.java:addNew(89)) - 68017ce1-0e7b-44f8-ba2c-4905daff1bbd: addNew group-5319B56E27D1:[68017ce1-0e7b-44f8-ba2c-4905daff1bbd:192.168.5.159:43160] returns group-5319B56E27D1:java.util.concurrent.CompletableFuture@1fc678e2[Not completed]
2019-08-20 15:03:28,135 INFO  impl.RaftServerImpl (RaftServerImpl.java:<init>(93)) - 68017ce1-0e7b-44f8-ba2c-4905daff1bbd: new RaftServerImpl for group-5319B56E27D1:[68017ce1-0e7b-44f8-ba2c-4905daff1bbd:192.168.5.159:43160] with ContainerStateMachine:uninitialized
2019-08-20 15:03:28,135 INFO  server.RaftServerConfigKeys (ConfUtils.java:logGet(43)) - raft.server.rpc.timeout.min = 5s (custom)
2019-08-20 15:03:28,135 INFO  server.RaftServerConfigKeys (ConfUtils.java:logGet(43)) - raft.server.rpc.timeout.max = 5200ms (custom)
2019-08-20 15:03:28,135 INFO  server.RaftServerConfigKeys (ConfUtils.java:logGet(43)) - raft.server.rpcslowness.timeout = 120s (custom)
2019-08-20 15:03:28,136 INFO  server.RaftServerConfigKeys (ConfUtils.java:logGet(43)) - raft.server.sleep.deviation.threshold = 300 (default)
2019-08-20 15:03:28,136 INFO  server.RaftServerConfigKeys (ConfUtils.java:logGet(43)) - raft.server.log.appender.install.snapshot.enabled = false (custom)
2019-08-20 15:03:28,136 INFO  impl.RaftServerImpl (ServerState.java:<init>(105)) - 68017ce1-0e7b-44f8-ba2c-4905daff1bbd:group-5319B56E27D1 ConfigurationManager, init=-1: [68017ce1-0e7b-44f8-ba2c-4905daff1bbd:192.168.5.159:43160], old=null, confs=<EMPTY_MAP>
2019-08-20 15:03:28,136 INFO  server.RaftServerConfigKeys (ConfUtils.java:logGet(43)) - raft.server.storage.dir = [/workdir/hadoop-ozone/integration-test/target/test-dir/MiniOzoneClusterImpl-654ee0d8-0ca1-4e4d-a6f4-0992848371a2/datanode-2/data/ratis] (custom)
2019-08-20 15:03:28,136 INFO  storage.RaftStorageDirectory (RaftStorageDirectory.java:analyzeStorage(246)) - The storage directory /workdir/hadoop-ozone/integration-test/target/test-dir/MiniOzoneClusterImpl-654ee0d8-0ca1-4e4d-a6f4-0992848371a2/datanode-2/data/ratis/a4e4bb91-6a39-484d-a4ff-5319b56e27d1 does not exist. Creating ...
2019-08-20 15:03:28,150 INFO  storage.RaftStorageDirectory (RaftStorageDirectory.java:tryLock(328)) - Lock on /workdir/hadoop-ozone/integration-test/target/test-dir/MiniOzoneClusterImpl-654ee0d8-0ca1-4e4d-a6f4-0992848371a2/datanode-2/data/ratis/a4e4bb91-6a39-484d-a4ff-5319b56e27d1/in_use.lock acquired by nodename 1967@pr-hdds-1948-qmvbp-2153692187
2019-08-20 15:03:28,162 INFO  storage.RaftStorage (RaftStorage.java:format(72)) - Storage directory /workdir/hadoop-ozone/integration-test/target/test-dir/MiniOzoneClusterImpl-654ee0d8-0ca1-4e4d-a6f4-0992848371a2/datanode-2/data/ratis/a4e4bb91-6a39-484d-a4ff-5319b56e27d1 has been successfully formatted.
2019-08-20 15:03:28,163 INFO  ratis.ContainerStateMachine (ContainerStateMachine.java:loadSnapshot(222)) - group-5319B56E27D1: The snapshot info is null. Setting the last applied indexto:(t:0, i:~)
2019-08-20 15:03:28,163 INFO  server.RaftServerConfigKeys (ConfUtils.java:logGet(43)) - raft.server.leader.election.timeout = 120s (custom)
2019-08-20 15:03:28,163 INFO  server.RaftServerConfigKeys (ConfUtils.java:logGet(43)) - raft.server.log.use.memory = false (default)
2019-08-20 15:03:28,163 INFO  server.RaftServerConfigKeys (ConfUtils.java:logGet(43)) - raft.server.log.purge.gap = 1000000000 (custom)
2019-08-20 15:03:28,163 INFO  server.RaftServerConfigKeys (ConfUtils.java:logGet(43)) - raft.server.log.appender.buffer.byte-limit = 33554432 (custom)
2019-08-20 15:03:28,163 INFO  server.RaftServerConfigKeys (ConfUtils.java:logGet(43)) - raft.server.log.segment.size.max = 1048576 (custom)
2019-08-20 15:03:28,164 INFO  server.RaftServerConfigKeys (ConfUtils.java:logGet(43)) - raft.server.log.segment.cache.num.max = 2 (custom)
2019-08-20 15:03:28,164 INFO  segmented.SegmentedRaftLogWorker (SegmentedRaftLogWorker.java:<init>(172)) - new 68017ce1-0e7b-44f8-ba2c-4905daff1bbd-SegmentedRaftLogWorker:Storage Directory /workdir/hadoop-ozone/integration-test/target/test-dir/MiniOzoneClusterImpl-654ee0d8-0ca1-4e4d-a6f4-0992848371a2/datanode-2/data/ratis/a4e4bb91-6a39-484d-a4ff-5319b56e27d1 for RaftStorage:Storage Directory /workdir/hadoop-ozone/integration-test/target/test-dir/MiniOzoneClusterImpl-654ee0d8-0ca1-4e4d-a6f4-0992848371a2/datanode-2/data/ratis/a4e4bb91-6a39-484d-a4ff-5319b56e27d1
2019-08-20 15:03:28,164 INFO  server.RaftServerConfigKeys (ConfUtils.java:logGet(43)) - raft.server.log.queue.byte-limit = 2147483647 (custom)
2019-08-20 15:03:28,164 INFO  server.RaftServerConfigKeys (ConfUtils.java:logGet(43)) - raft.server.log.queue.element-limit = 1024 (custom)
2019-08-20 15:03:28,164 INFO  server.RaftServerConfigKeys (ConfUtils.java:logGet(43)) - raft.server.log.segment.size.max = 1048576 (custom)
2019-08-20 15:03:28,164 INFO  server.RaftServerConfigKeys (ConfUtils.java:logGet(43)) - raft.server.log.preallocated.size = 16384 (custom)
2019-08-20 15:03:28,164 INFO  server.RaftServerConfigKeys (ConfUtils.java:logGet(43)) - raft.server.log.write.buffer.size = 33554432 (custom)
2019-08-20 15:03:28,164 INFO  server.RaftServerConfigKeys (ConfUtils.java:logGet(43)) - raft.server.log.force.sync.num = 128 (default)
2019-08-20 15:03:28,165 INFO  server.RaftServerConfigKeys (ConfUtils.java:logGet(43)) - raft.server.log.statemachine.data.sync = true (default)
2019-08-20 15:03:28,165 INFO  server.RaftServerConfigKeys (ConfUtils.java:logGet(43)) - raft.server.log.statemachine.data.sync.timeout = 10s (default)
2019-08-20 15:03:28,165 INFO  server.RaftServerConfigKeys (ConfUtils.java:logGet(43)) - raft.server.log.statemachine.data.sync.timeout.retry = -1 (default)
2019-08-20 15:03:28,165 INFO  server.RaftServerConfigKeys (ConfUtils.java:logGet(43)) - raft.server.log.statemachine.data.caching.enabled = true (custom)
2019-08-20 15:03:28,165 INFO  segmented.SegmentedRaftLogWorker (SegmentedRaftLogWorker.java:lambda$new$0(132)) - 68017ce1-0e7b-44f8-ba2c-4905daff1bbd-SegmentedRaftLogWorker:Storage Directory /workdir/hadoop-ozone/integration-test/target/test-dir/MiniOzoneClusterImpl-654ee0d8-0ca1-4e4d-a6f4-0992848371a2/datanode-2/data/ratis/a4e4bb91-6a39-484d-a4ff-5319b56e27d1: flushIndex: setUnconditionally 0 -> -1
2019-08-20 15:03:28,166 INFO  server.RaftServerConfigKeys (ConfUtils.java:logGet(43)) - raft.server.snapshot.auto.trigger.enabled = true (custom)
2019-08-20 15:03:28,166 INFO  server.RaftServerConfigKeys (ConfUtils.java:logGet(43)) - raft.server.snapshot.auto.trigger.threshold = 10000 (custom)
2019-08-20 15:03:28,166 INFO  server.RaftServerConfigKeys (ConfUtils.java:logGet(43)) - raft.server.retrycache.expirytime = 600000ms (custom)
2019-08-20 15:03:28,166 INFO  impl.RaftServerImpl (RaftServerImpl.java:start(180)) - 68017ce1-0e7b-44f8-ba2c-4905daff1bbd: start group-5319B56E27D1
2019-08-20 15:03:28,166 INFO  impl.RaftServerImpl (RaftServerImpl.java:setRole(171)) - 68017ce1-0e7b-44f8-ba2c-4905daff1bbd:group-5319B56E27D1 changes role from null to FOLLOWER at term 0 for startAsFollower
2019-08-20 15:03:28,166 INFO  impl.RoleInfo (RoleInfo.java:updateAndGet(143)) - 68017ce1-0e7b-44f8-ba2c-4905daff1bbd: start FollowerState
2019-08-20 15:03:28,166 INFO  util.JmxRegister (JmxRegister.java:tryRegister(44)) - Successfully registered JMX Bean with object name Ratis:service=RaftServer,group=group-5319B56E27D1,id=68017ce1-0e7b-44f8-ba2c-4905daff1bbd
2019-08-20 15:03:28,175 INFO  pipeline.PipelineStateManager (PipelineStateManager.java:addPipeline(56)) - Created pipeline Pipeline[ Id: a4e4bb91-6a39-484d-a4ff-5319b56e27d1, Nodes: 68017ce1-0e7b-44f8-ba2c-4905daff1bbd{ip: 192.168.5.159, host: pr-hdds-1948-qmvbp-2153692187, networkLocation: /default-rack, certSerialId: null}, Type:RATIS, Factor:ONE, State:OPEN]
2019-08-20 15:03:28,195 INFO  impl.RaftServerProxy (RaftServerProxy.java:addNew(89)) - 4b652405-42c2-48e1-8dc3-a0aff8a30386: addNew group-D213F3E57CD0:[4b652405-42c2-48e1-8dc3-a0aff8a30386:192.168.5.159:32817] returns group-D213F3E57CD0:java.util.concurrent.CompletableFuture@551a799a[Not completed]
2019-08-20 15:03:28,196 INFO  impl.RaftServerImpl (RaftServerImpl.java:<init>(93)) - 4b652405-42c2-48e1-8dc3-a0aff8a30386: new RaftServerImpl for group-D213F3E57CD0:[4b652405-42c2-48e1-8dc3-a0aff8a30386:192.168.5.159:32817] with ContainerStateMachine:uninitialized
2019-08-20 15:03:28,197 INFO  server.RaftServerConfigKeys (ConfUtils.java:logGet(43)) - raft.server.rpc.timeout.min = 5s (custom)
2019-08-20 15:03:28,197 INFO  server.RaftServerConfigKeys (ConfUtils.java:logGet(43)) - raft.server.rpc.timeout.max = 5200ms (custom)
2019-08-20 15:03:28,197 INFO  server.RaftServerConfigKeys (ConfUtils.java:logGet(43)) - raft.server.rpcslowness.timeout = 120s (custom)
2019-08-20 15:03:28,197 INFO  server.RaftServerConfigKeys (ConfUtils.java:logGet(43)) - raft.server.sleep.deviation.threshold = 300 (default)
2019-08-20 15:03:28,197 INFO  server.RaftServerConfigKeys (ConfUtils.java:logGet(43)) - raft.server.log.appender.install.snapshot.enabled = false (custom)
2019-08-20 15:03:28,197 INFO  impl.RaftServerImpl (ServerState.java:<init>(105)) - 4b652405-42c2-48e1-8dc3-a0aff8a30386:group-D213F3E57CD0 ConfigurationManager, init=-1: [4b652405-42c2-48e1-8dc3-a0aff8a30386:192.168.5.159:32817], old=null, confs=<EMPTY_MAP>
2019-08-20 15:03:28,197 INFO  server.RaftServerConfigKeys (ConfUtils.java:logGet(43)) - raft.server.storage.dir = [/workdir/hadoop-ozone/integration-test/target/test-dir/MiniOzoneClusterImpl-654ee0d8-0ca1-4e4d-a6f4-0992848371a2/datanode-1/data/ratis] (custom)
2019-08-20 15:03:28,197 INFO  storage.RaftStorageDirectory (RaftStorageDirectory.java:analyzeStorage(246)) - The storage directory /workdir/hadoop-ozone/integration-test/target/test-dir/MiniOzoneClusterImpl-654ee0d8-0ca1-4e4d-a6f4-0992848371a2/datanode-1/data/ratis/063638ae-6fbc-446d-a238-d213f3e57cd0 does not exist. Creating ...
2019-08-20 15:03:28,211 INFO  storage.RaftStorageDirectory (RaftStorageDirectory.java:tryLock(328)) - Lock on /workdir/hadoop-ozone/integration-test/target/test-dir/MiniOzoneClusterImpl-654ee0d8-0ca1-4e4d-a6f4-0992848371a2/datanode-1/data/ratis/063638ae-6fbc-446d-a238-d213f3e57cd0/in_use.lock acquired by nodename 1967@pr-hdds-1948-qmvbp-2153692187
2019-08-20 15:03:28,231 INFO  storage.RaftStorage (RaftStorage.java:format(72)) - Storage directory /workdir/hadoop-ozone/integration-test/target/test-dir/MiniOzoneClusterImpl-654ee0d8-0ca1-4e4d-a6f4-0992848371a2/datanode-1/data/ratis/063638ae-6fbc-446d-a238-d213f3e57cd0 has been successfully formatted.
2019-08-20 15:03:28,231 INFO  ratis.ContainerStateMachine (ContainerStateMachine.java:loadSnapshot(222)) - group-D213F3E57CD0: The snapshot info is null. Setting the last applied indexto:(t:0, i:~)
2019-08-20 15:03:28,231 INFO  server.RaftServerConfigKeys (ConfUtils.java:logGet(43)) - raft.server.leader.election.timeout = 120s (custom)
2019-08-20 15:03:28,231 INFO  server.RaftServerConfigKeys (ConfUtils.java:logGet(43)) - raft.server.log.use.memory = false (default)
2019-08-20 15:03:28,231 INFO  server.RaftServerConfigKeys (ConfUtils.java:logGet(43)) - raft.server.log.purge.gap = 1000000000 (custom)
2019-08-20 15:03:28,232 INFO  server.RaftServerConfigKeys (ConfUtils.java:logGet(43)) - raft.server.log.appender.buffer.byte-limit = 33554432 (custom)
2019-08-20 15:03:28,232 INFO  server.RaftServerConfigKeys (ConfUtils.java:logGet(43)) - raft.server.log.segment.size.max = 1048576 (custom)
2019-08-20 15:03:28,232 INFO  server.RaftServerConfigKeys (ConfUtils.java:logGet(43)) - raft.server.log.segment.cache.num.max = 2 (custom)
2019-08-20 15:03:28,232 INFO  segmented.SegmentedRaftLogWorker (SegmentedRaftLogWorker.java:<init>(172)) - new 4b652405-42c2-48e1-8dc3-a0aff8a30386-SegmentedRaftLogWorker:Storage Directory /workdir/hadoop-ozone/integration-test/target/test-dir/MiniOzoneClusterImpl-654ee0d8-0ca1-4e4d-a6f4-0992848371a2/datanode-1/data/ratis/063638ae-6fbc-446d-a238-d213f3e57cd0 for RaftStorage:Storage Directory /workdir/hadoop-ozone/integration-test/target/test-dir/MiniOzoneClusterImpl-654ee0d8-0ca1-4e4d-a6f4-0992848371a2/datanode-1/data/ratis/063638ae-6fbc-446d-a238-d213f3e57cd0
2019-08-20 15:03:28,232 INFO  server.RaftServerConfigKeys (ConfUtils.java:logGet(43)) - raft.server.log.queue.byte-limit = 2147483647 (custom)
2019-08-20 15:03:28,232 INFO  server.RaftServerConfigKeys (ConfUtils.java:logGet(43)) - raft.server.log.queue.element-limit = 1024 (custom)
2019-08-20 15:03:28,232 INFO  server.RaftServerConfigKeys (ConfUtils.java:logGet(43)) - raft.server.log.segment.size.max = 1048576 (custom)
2019-08-20 15:03:28,232 INFO  server.RaftServerConfigKeys (ConfUtils.java:logGet(43)) - raft.server.log.preallocated.size = 16384 (custom)
2019-08-20 15:03:28,233 INFO  server.RaftServerConfigKeys (ConfUtils.java:logGet(43)) - raft.server.log.write.buffer.size = 33554432 (custom)
2019-08-20 15:03:28,233 INFO  server.RaftServerConfigKeys (ConfUtils.java:logGet(43)) - raft.server.log.force.sync.num = 128 (default)
2019-08-20 15:03:28,233 INFO  server.RaftServerConfigKeys (ConfUtils.java:logGet(43)) - raft.server.log.statemachine.data.sync = true (default)
2019-08-20 15:03:28,233 INFO  server.RaftServerConfigKeys (ConfUtils.java:logGet(43)) - raft.server.log.statemachine.data.sync.timeout = 10s (default)
2019-08-20 15:03:28,233 INFO  server.RaftServerConfigKeys (ConfUtils.java:logGet(43)) - raft.server.log.statemachine.data.sync.timeout.retry = -1 (default)
2019-08-20 15:03:28,233 INFO  server.RaftServerConfigKeys (ConfUtils.java:logGet(43)) - raft.server.log.statemachine.data.caching.enabled = true (custom)
2019-08-20 15:03:28,233 INFO  segmented.SegmentedRaftLogWorker (SegmentedRaftLogWorker.java:lambda$new$0(132)) - 4b652405-42c2-48e1-8dc3-a0aff8a30386-SegmentedRaftLogWorker:Storage Directory /workdir/hadoop-ozone/integration-test/target/test-dir/MiniOzoneClusterImpl-654ee0d8-0ca1-4e4d-a6f4-0992848371a2/datanode-1/data/ratis/063638ae-6fbc-446d-a238-d213f3e57cd0: flushIndex: setUnconditionally 0 -> -1
2019-08-20 15:03:28,234 INFO  server.RaftServerConfigKeys (ConfUtils.java:logGet(43)) - raft.server.snapshot.auto.trigger.enabled = true (custom)
2019-08-20 15:03:28,234 INFO  server.RaftServerConfigKeys (ConfUtils.java:logGet(43)) - raft.server.snapshot.auto.trigger.threshold = 10000 (custom)
2019-08-20 15:03:28,234 INFO  server.RaftServerConfigKeys (ConfUtils.java:logGet(43)) - raft.server.retrycache.expirytime = 600000ms (custom)
2019-08-20 15:03:28,234 INFO  impl.RaftServerImpl (RaftServerImpl.java:start(180)) - 4b652405-42c2-48e1-8dc3-a0aff8a30386: start group-D213F3E57CD0
2019-08-20 15:03:28,234 INFO  impl.RaftServerImpl (RaftServerImpl.java:setRole(171)) - 4b652405-42c2-48e1-8dc3-a0aff8a30386:group-D213F3E57CD0 changes role from null to FOLLOWER at term 0 for startAsFollower
2019-08-20 15:03:28,234 INFO  impl.RoleInfo (RoleInfo.java:updateAndGet(143)) - 4b652405-42c2-48e1-8dc3-a0aff8a30386: start FollowerState
2019-08-20 15:03:28,235 INFO  util.JmxRegister (JmxRegister.java:tryRegister(44)) - Successfully registered JMX Bean with object name Ratis:service=RaftServer,group=group-D213F3E57CD0,id=4b652405-42c2-48e1-8dc3-a0aff8a30386
2019-08-20 15:03:28,243 INFO  pipeline.PipelineStateManager (PipelineStateManager.java:addPipeline(56)) - Created pipeline Pipeline[ Id: 063638ae-6fbc-446d-a238-d213f3e57cd0, Nodes: 4b652405-42c2-48e1-8dc3-a0aff8a30386{ip: 192.168.5.159, host: pr-hdds-1948-qmvbp-2153692187, networkLocation: /default-rack, certSerialId: null}, Type:RATIS, Factor:ONE, State:OPEN]
2019-08-20 15:03:28,285 INFO  impl.RaftServerProxy (RaftServerProxy.java:addNew(89)) - a7928bef-0ccc-470a-99bc-9391bc7baf0a: addNew group-42B84838849D:[a7928bef-0ccc-470a-99bc-9391bc7baf0a:192.168.5.159:39310, ff623405-2635-4e87-a9f8-d1ef3c1a33ba:192.168.5.159:40651, 98074250-0c22-486c-8470-5b27d36fa846:192.168.5.159:39551] returns group-42B84838849D:java.util.concurrent.CompletableFuture@1357d476[Not completed]
2019-08-20 15:03:28,287 INFO  impl.RaftServerImpl (RaftServerImpl.java:<init>(93)) - a7928bef-0ccc-470a-99bc-9391bc7baf0a: new RaftServerImpl for group-42B84838849D:[a7928bef-0ccc-470a-99bc-9391bc7baf0a:192.168.5.159:39310, ff623405-2635-4e87-a9f8-d1ef3c1a33ba:192.168.5.159:40651, 98074250-0c22-486c-8470-5b27d36fa846:192.168.5.159:39551] with ContainerStateMachine:uninitialized
2019-08-20 15:03:28,287 INFO  server.RaftServerConfigKeys (ConfUtils.java:logGet(43)) - raft.server.rpc.timeout.min = 5s (custom)
2019-08-20 15:03:28,287 INFO  impl.RaftServerProxy (RaftServerProxy.java:addNew(89)) - ff623405-2635-4e87-a9f8-d1ef3c1a33ba: addNew group-42B84838849D:[a7928bef-0ccc-470a-99bc-9391bc7baf0a:192.168.5.159:39310, ff623405-2635-4e87-a9f8-d1ef3c1a33ba:192.168.5.159:40651, 98074250-0c22-486c-8470-5b27d36fa846:192.168.5.159:39551] returns group-42B84838849D:java.util.concurrent.CompletableFuture@56554878[Not completed]
2019-08-20 15:03:28,287 INFO  server.RaftServerConfigKeys (ConfUtils.java:logGet(43)) - raft.server.rpc.timeout.max = 5200ms (custom)
2019-08-20 15:03:28,287 INFO  server.RaftServerConfigKeys (ConfUtils.java:logGet(43)) - raft.server.rpcslowness.timeout = 120s (custom)
2019-08-20 15:03:28,288 INFO  server.RaftServerConfigKeys (ConfUtils.java:logGet(43)) - raft.server.sleep.deviation.threshold = 300 (default)
2019-08-20 15:03:28,288 INFO  server.RaftServerConfigKeys (ConfUtils.java:logGet(43)) - raft.server.log.appender.install.snapshot.enabled = false (custom)
2019-08-20 15:03:28,288 INFO  impl.RaftServerImpl (ServerState.java:<init>(105)) - a7928bef-0ccc-470a-99bc-9391bc7baf0a:group-42B84838849D ConfigurationManager, init=-1: [a7928bef-0ccc-470a-99bc-9391bc7baf0a:192.168.5.159:39310, ff623405-2635-4e87-a9f8-d1ef3c1a33ba:192.168.5.159:40651, 98074250-0c22-486c-8470-5b27d36fa846:192.168.5.159:39551], old=null, confs=<EMPTY_MAP>
2019-08-20 15:03:28,289 INFO  impl.RaftServerImpl (RaftServerImpl.java:<init>(93)) - ff623405-2635-4e87-a9f8-d1ef3c1a33ba: new RaftServerImpl for group-42B84838849D:[a7928bef-0ccc-470a-99bc-9391bc7baf0a:192.168.5.159:39310, ff623405-2635-4e87-a9f8-d1ef3c1a33ba:192.168.5.159:40651, 98074250-0c22-486c-8470-5b27d36fa846:192.168.5.159:39551] with ContainerStateMachine:uninitialized
2019-08-20 15:03:28,289 INFO  server.RaftServerConfigKeys (ConfUtils.java:logGet(43)) - raft.server.storage.dir = [/workdir/hadoop-ozone/integration-test/target/test-dir/MiniOzoneClusterImpl-654ee0d8-0ca1-4e4d-a6f4-0992848371a2/datanode-4/data/ratis] (custom)
2019-08-20 15:03:28,289 INFO  server.RaftServerConfigKeys (ConfUtils.java:logGet(43)) - raft.server.rpc.timeout.min = 5s (custom)
2019-08-20 15:03:28,289 INFO  server.RaftServerConfigKeys (ConfUtils.java:logGet(43)) - raft.server.rpc.timeout.max = 5200ms (custom)
2019-08-20 15:03:28,289 INFO  impl.RaftServerProxy (RaftServerProxy.java:addNew(89)) - 98074250-0c22-486c-8470-5b27d36fa846: addNew group-42B84838849D:[a7928bef-0ccc-470a-99bc-9391bc7baf0a:192.168.5.159:39310, ff623405-2635-4e87-a9f8-d1ef3c1a33ba:192.168.5.159:40651, 98074250-0c22-486c-8470-5b27d36fa846:192.168.5.159:39551] returns group-42B84838849D:java.util.concurrent.CompletableFuture@32668a3b[Not completed]
2019-08-20 15:03:28,290 INFO  storage.RaftStorageDirectory (RaftStorageDirectory.java:analyzeStorage(246)) - The storage directory /workdir/hadoop-ozone/integration-test/target/test-dir/MiniOzoneClusterImpl-654ee0d8-0ca1-4e4d-a6f4-0992848371a2/datanode-4/data/ratis/920555f6-5f6b-48b1-9f49-42b84838849d does not exist. Creating ...
2019-08-20 15:03:28,289 INFO  server.RaftServerConfigKeys (ConfUtils.java:logGet(43)) - raft.server.rpcslowness.timeout = 120s (custom)
2019-08-20 15:03:28,290 INFO  server.RaftServerConfigKeys (ConfUtils.java:logGet(43)) - raft.server.sleep.deviation.threshold = 300 (default)
2019-08-20 15:03:28,290 INFO  server.RaftServerConfigKeys (ConfUtils.java:logGet(43)) - raft.server.log.appender.install.snapshot.enabled = false (custom)
2019-08-20 15:03:28,290 INFO  impl.RaftServerImpl (ServerState.java:<init>(105)) - ff623405-2635-4e87-a9f8-d1ef3c1a33ba:group-42B84838849D ConfigurationManager, init=-1: [a7928bef-0ccc-470a-99bc-9391bc7baf0a:192.168.5.159:39310, ff623405-2635-4e87-a9f8-d1ef3c1a33ba:192.168.5.159:40651, 98074250-0c22-486c-8470-5b27d36fa846:192.168.5.159:39551], old=null, confs=<EMPTY_MAP>
2019-08-20 15:03:28,290 INFO  server.RaftServerConfigKeys (ConfUtils.java:logGet(43)) - raft.server.storage.dir = [/workdir/hadoop-ozone/integration-test/target/test-dir/MiniOzoneClusterImpl-654ee0d8-0ca1-4e4d-a6f4-0992848371a2/datanode-5/data/ratis] (custom)
2019-08-20 15:03:28,290 INFO  storage.RaftStorageDirectory (RaftStorageDirectory.java:analyzeStorage(246)) - The storage directory /workdir/hadoop-ozone/integration-test/target/test-dir/MiniOzoneClusterImpl-654ee0d8-0ca1-4e4d-a6f4-0992848371a2/datanode-5/data/ratis/920555f6-5f6b-48b1-9f49-42b84838849d does not exist. Creating ...
2019-08-20 15:03:28,291 INFO  impl.RaftServerImpl (RaftServerImpl.java:<init>(93)) - 98074250-0c22-486c-8470-5b27d36fa846: new RaftServerImpl for group-42B84838849D:[a7928bef-0ccc-470a-99bc-9391bc7baf0a:192.168.5.159:39310, ff623405-2635-4e87-a9f8-d1ef3c1a33ba:192.168.5.159:40651, 98074250-0c22-486c-8470-5b27d36fa846:192.168.5.159:39551] with ContainerStateMachine:uninitialized
2019-08-20 15:03:28,291 INFO  server.RaftServerConfigKeys (ConfUtils.java:logGet(43)) - raft.server.rpc.timeout.min = 5s (custom)
2019-08-20 15:03:28,292 INFO  server.RaftServerConfigKeys (ConfUtils.java:logGet(43)) - raft.server.rpc.timeout.max = 5200ms (custom)
2019-08-20 15:03:28,292 INFO  server.RaftServerConfigKeys (ConfUtils.java:logGet(43)) - raft.server.rpcslowness.timeout = 120s (custom)
2019-08-20 15:03:28,292 INFO  server.RaftServerConfigKeys (ConfUtils.java:logGet(43)) - raft.server.sleep.deviation.threshold = 300 (default)
2019-08-20 15:03:28,292 INFO  server.RaftServerConfigKeys (ConfUtils.java:logGet(43)) - raft.server.log.appender.install.snapshot.enabled = false (custom)
2019-08-20 15:03:28,292 INFO  impl.RaftServerImpl (ServerState.java:<init>(105)) - 98074250-0c22-486c-8470-5b27d36fa846:group-42B84838849D ConfigurationManager, init=-1: [a7928bef-0ccc-470a-99bc-9391bc7baf0a:192.168.5.159:39310, ff623405-2635-4e87-a9f8-d1ef3c1a33ba:192.168.5.159:40651, 98074250-0c22-486c-8470-5b27d36fa846:192.168.5.159:39551], old=null, confs=<EMPTY_MAP>
2019-08-20 15:03:28,292 INFO  server.RaftServerConfigKeys (ConfUtils.java:logGet(43)) - raft.server.storage.dir = [/workdir/hadoop-ozone/integration-test/target/test-dir/MiniOzoneClusterImpl-654ee0d8-0ca1-4e4d-a6f4-0992848371a2/datanode-3/data/ratis] (custom)
2019-08-20 15:03:28,293 INFO  storage.RaftStorageDirectory (RaftStorageDirectory.java:analyzeStorage(246)) - The storage directory /workdir/hadoop-ozone/integration-test/target/test-dir/MiniOzoneClusterImpl-654ee0d8-0ca1-4e4d-a6f4-0992848371a2/datanode-3/data/ratis/920555f6-5f6b-48b1-9f49-42b84838849d does not exist. Creating ...
2019-08-20 15:03:28,304 INFO  storage.RaftStorageDirectory (RaftStorageDirectory.java:tryLock(328)) - Lock on /workdir/hadoop-ozone/integration-test/target/test-dir/MiniOzoneClusterImpl-654ee0d8-0ca1-4e4d-a6f4-0992848371a2/datanode-5/data/ratis/920555f6-5f6b-48b1-9f49-42b84838849d/in_use.lock acquired by nodename 1967@pr-hdds-1948-qmvbp-2153692187
2019-08-20 15:03:28,304 INFO  storage.RaftStorageDirectory (RaftStorageDirectory.java:tryLock(328)) - Lock on /workdir/hadoop-ozone/integration-test/target/test-dir/MiniOzoneClusterImpl-654ee0d8-0ca1-4e4d-a6f4-0992848371a2/datanode-4/data/ratis/920555f6-5f6b-48b1-9f49-42b84838849d/in_use.lock acquired by nodename 1967@pr-hdds-1948-qmvbp-2153692187
2019-08-20 15:03:28,304 INFO  storage.RaftStorageDirectory (RaftStorageDirectory.java:tryLock(328)) - Lock on /workdir/hadoop-ozone/integration-test/target/test-dir/MiniOzoneClusterImpl-654ee0d8-0ca1-4e4d-a6f4-0992848371a2/datanode-3/data/ratis/920555f6-5f6b-48b1-9f49-42b84838849d/in_use.lock acquired by nodename 1967@pr-hdds-1948-qmvbp-2153692187
2019-08-20 15:03:28,318 INFO  storage.RaftStorage (RaftStorage.java:format(72)) - Storage directory /workdir/hadoop-ozone/integration-test/target/test-dir/MiniOzoneClusterImpl-654ee0d8-0ca1-4e4d-a6f4-0992848371a2/datanode-4/data/ratis/920555f6-5f6b-48b1-9f49-42b84838849d has been successfully formatted.
2019-08-20 15:03:28,318 INFO  storage.RaftStorage (RaftStorage.java:format(72)) - Storage directory /workdir/hadoop-ozone/integration-test/target/test-dir/MiniOzoneClusterImpl-654ee0d8-0ca1-4e4d-a6f4-0992848371a2/datanode-5/data/ratis/920555f6-5f6b-48b1-9f49-42b84838849d has been successfully formatted.
2019-08-20 15:03:28,318 INFO  storage.RaftStorage (RaftStorage.java:format(72)) - Storage directory /workdir/hadoop-ozone/integration-test/target/test-dir/MiniOzoneClusterImpl-654ee0d8-0ca1-4e4d-a6f4-0992848371a2/datanode-3/data/ratis/920555f6-5f6b-48b1-9f49-42b84838849d has been successfully formatted.
2019-08-20 15:03:28,318 INFO  ratis.ContainerStateMachine (ContainerStateMachine.java:loadSnapshot(222)) - group-42B84838849D: The snapshot info is null. Setting the last applied indexto:(t:0, i:~)
2019-08-20 15:03:28,318 INFO  ratis.ContainerStateMachine (ContainerStateMachine.java:loadSnapshot(222)) - group-42B84838849D: The snapshot info is null. Setting the last applied indexto:(t:0, i:~)
2019-08-20 15:03:28,318 INFO  server.RaftServerConfigKeys (ConfUtils.java:logGet(43)) - raft.server.leader.election.timeout = 120s (custom)
2019-08-20 15:03:28,318 INFO  ratis.ContainerStateMachine (ContainerStateMachine.java:loadSnapshot(222)) - group-42B84838849D: The snapshot info is null. Setting the last applied indexto:(t:0, i:~)
2019-08-20 15:03:28,319 INFO  server.RaftServerConfigKeys (ConfUtils.java:logGet(43)) - raft.server.log.use.memory = false (default)
2019-08-20 15:03:28,318 INFO  server.RaftServerConfigKeys (ConfUtils.java:logGet(43)) - raft.server.leader.election.timeout = 120s (custom)
2019-08-20 15:03:28,319 INFO  server.RaftServerConfigKeys (ConfUtils.java:logGet(43)) - raft.server.log.purge.gap = 1000000000 (custom)
2019-08-20 15:03:28,319 INFO  server.RaftServerConfigKeys (ConfUtils.java:logGet(43)) - raft.server.leader.election.timeout = 120s (custom)
2019-08-20 15:03:28,319 INFO  server.RaftServerConfigKeys (ConfUtils.java:logGet(43)) - raft.server.log.appender.buffer.byte-limit = 33554432 (custom)
2019-08-20 15:03:28,319 INFO  server.RaftServerConfigKeys (ConfUtils.java:logGet(43)) - raft.server.log.use.memory = false (default)
2019-08-20 15:03:28,319 INFO  server.RaftServerConfigKeys (ConfUtils.java:logGet(43)) - raft.server.log.segment.size.max = 1048576 (custom)
2019-08-20 15:03:28,319 INFO  server.RaftServerConfigKeys (ConfUtils.java:logGet(43)) - raft.server.log.use.memory = false (default)
2019-08-20 15:03:28,319 INFO  server.RaftServerConfigKeys (ConfUtils.java:logGet(43)) - raft.server.log.segment.cache.num.max = 2 (custom)
2019-08-20 15:03:28,319 INFO  server.RaftServerConfigKeys (ConfUtils.java:logGet(43)) - raft.server.log.purge.gap = 1000000000 (custom)
2019-08-20 15:03:28,320 INFO  segmented.SegmentedRaftLogWorker (SegmentedRaftLogWorker.java:<init>(172)) - new ff623405-2635-4e87-a9f8-d1ef3c1a33ba-SegmentedRaftLogWorker:Storage Directory /workdir/hadoop-ozone/integration-test/target/test-dir/MiniOzoneClusterImpl-654ee0d8-0ca1-4e4d-a6f4-0992848371a2/datanode-5/data/ratis/920555f6-5f6b-48b1-9f49-42b84838849d for RaftStorage:Storage Directory /workdir/hadoop-ozone/integration-test/target/test-dir/MiniOzoneClusterImpl-654ee0d8-0ca1-4e4d-a6f4-0992848371a2/datanode-5/data/ratis/920555f6-5f6b-48b1-9f49-42b84838849d
2019-08-20 15:03:28,320 INFO  server.RaftServerConfigKeys (ConfUtils.java:logGet(43)) - raft.server.log.purge.gap = 1000000000 (custom)
2019-08-20 15:03:28,320 INFO  server.RaftServerConfigKeys (ConfUtils.java:logGet(43)) - raft.server.log.queue.byte-limit = 2147483647 (custom)
2019-08-20 15:03:28,322 INFO  server.RaftServerConfigKeys (ConfUtils.java:logGet(43)) - raft.server.log.queue.element-limit = 1024 (custom)
2019-08-20 15:03:28,320 INFO  server.RaftServerConfigKeys (ConfUtils.java:logGet(43)) - raft.server.log.appender.buffer.byte-limit = 33554432 (custom)
2019-08-20 15:03:28,322 INFO  server.RaftServerConfigKeys (ConfUtils.java:logGet(43)) - raft.server.log.segment.size.max = 1048576 (custom)
2019-08-20 15:03:28,320 INFO  server.RaftServerConfigKeys (ConfUtils.java:logGet(43)) - raft.server.log.appender.buffer.byte-limit = 33554432 (custom)
2019-08-20 15:03:28,322 INFO  server.RaftServerConfigKeys (ConfUtils.java:logGet(43)) - raft.server.log.preallocated.size = 16384 (custom)
2019-08-20 15:03:28,322 INFO  server.RaftServerConfigKeys (ConfUtils.java:logGet(43)) - raft.server.log.segment.size.max = 1048576 (custom)
2019-08-20 15:03:28,322 INFO  server.RaftServerConfigKeys (ConfUtils.java:logGet(43)) - raft.server.log.write.buffer.size = 33554432 (custom)
2019-08-20 15:03:28,322 INFO  server.RaftServerConfigKeys (ConfUtils.java:logGet(43)) - raft.server.log.segment.size.max = 1048576 (custom)
2019-08-20 15:03:28,322 INFO  server.RaftServerConfigKeys (ConfUtils.java:logGet(43)) - raft.server.log.force.sync.num = 128 (default)
2019-08-20 15:03:28,322 INFO  server.RaftServerConfigKeys (ConfUtils.java:logGet(43)) - raft.server.log.segment.cache.num.max = 2 (custom)
2019-08-20 15:03:28,323 INFO  server.RaftServerConfigKeys (ConfUtils.java:logGet(43)) - raft.server.log.statemachine.data.sync = true (default)
2019-08-20 15:03:28,322 INFO  server.RaftServerConfigKeys (ConfUtils.java:logGet(43)) - raft.server.log.segment.cache.num.max = 2 (custom)
2019-08-20 15:03:28,323 INFO  server.RaftServerConfigKeys (ConfUtils.java:logGet(43)) - raft.server.log.statemachine.data.sync.timeout = 10s (default)
2019-08-20 15:03:28,323 INFO  segmented.SegmentedRaftLogWorker (SegmentedRaftLogWorker.java:<init>(172)) - new a7928bef-0ccc-470a-99bc-9391bc7baf0a-SegmentedRaftLogWorker:Storage Directory /workdir/hadoop-ozone/integration-test/target/test-dir/MiniOzoneClusterImpl-654ee0d8-0ca1-4e4d-a6f4-0992848371a2/datanode-4/data/ratis/920555f6-5f6b-48b1-9f49-42b84838849d for RaftStorage:Storage Directory /workdir/hadoop-ozone/integration-test/target/test-dir/MiniOzoneClusterImpl-654ee0d8-0ca1-4e4d-a6f4-0992848371a2/datanode-4/data/ratis/920555f6-5f6b-48b1-9f49-42b84838849d
2019-08-20 15:03:28,323 INFO  server.RaftServerConfigKeys (ConfUtils.java:logGet(43)) - raft.server.log.statemachine.data.sync.timeout.retry = -1 (default)
2019-08-20 15:03:28,323 INFO  segmented.SegmentedRaftLogWorker (SegmentedRaftLogWorker.java:<init>(172)) - new 98074250-0c22-486c-8470-5b27d36fa846-SegmentedRaftLogWorker:Storage Directory /workdir/hadoop-ozone/integration-test/target/test-dir/MiniOzoneClusterImpl-654ee0d8-0ca1-4e4d-a6f4-0992848371a2/datanode-3/data/ratis/920555f6-5f6b-48b1-9f49-42b84838849d for RaftStorage:Storage Directory /workdir/hadoop-ozone/integration-test/target/test-dir/MiniOzoneClusterImpl-654ee0d8-0ca1-4e4d-a6f4-0992848371a2/datanode-3/data/ratis/920555f6-5f6b-48b1-9f49-42b84838849d
2019-08-20 15:03:28,324 INFO  server.RaftServerConfigKeys (ConfUtils.java:logGet(43)) - raft.server.log.statemachine.data.caching.enabled = true (custom)
2019-08-20 15:03:28,323 INFO  server.RaftServerConfigKeys (ConfUtils.java:logGet(43)) - raft.server.log.queue.byte-limit = 2147483647 (custom)
2019-08-20 15:03:28,324 INFO  server.RaftServerConfigKeys (ConfUtils.java:logGet(43)) - raft.server.log.queue.byte-limit = 2147483647 (custom)
2019-08-20 15:03:28,326 INFO  server.RaftServerConfigKeys (ConfUtils.java:logGet(43)) - raft.server.log.queue.element-limit = 1024 (custom)
2019-08-20 15:03:28,326 INFO  server.RaftServerConfigKeys (ConfUtils.java:logGet(43)) - raft.server.log.queue.element-limit = 1024 (custom)
2019-08-20 15:03:28,326 INFO  segmented.SegmentedRaftLogWorker (SegmentedRaftLogWorker.java:lambda$new$0(132)) - ff623405-2635-4e87-a9f8-d1ef3c1a33ba-SegmentedRaftLogWorker:Storage Directory /workdir/hadoop-ozone/integration-test/target/test-dir/MiniOzoneClusterImpl-654ee0d8-0ca1-4e4d-a6f4-0992848371a2/datanode-5/data/ratis/920555f6-5f6b-48b1-9f49-42b84838849d: flushIndex: setUnconditionally 0 -> -1
2019-08-20 15:03:28,326 INFO  server.RaftServerConfigKeys (ConfUtils.java:logGet(43)) - raft.server.log.segment.size.max = 1048576 (custom)
2019-08-20 15:03:28,326 INFO  server.RaftServerConfigKeys (ConfUtils.java:logGet(43)) - raft.server.log.segment.size.max = 1048576 (custom)
2019-08-20 15:03:28,327 INFO  server.RaftServerConfigKeys (ConfUtils.java:logGet(43)) - raft.server.snapshot.auto.trigger.enabled = true (custom)
2019-08-20 15:03:28,327 INFO  server.RaftServerConfigKeys (ConfUtils.java:logGet(43)) - raft.server.log.preallocated.size = 16384 (custom)
2019-08-20 15:03:28,327 INFO  server.RaftServerConfigKeys (ConfUtils.java:logGet(43)) - raft.server.snapshot.auto.trigger.threshold = 10000 (custom)
2019-08-20 15:03:28,327 INFO  server.RaftServerConfigKeys (ConfUtils.java:logGet(43)) - raft.server.log.preallocated.size = 16384 (custom)
2019-08-20 15:03:28,327 INFO  server.RaftServerConfigKeys (ConfUtils.java:logGet(43)) - raft.server.retrycache.expirytime = 600000ms (custom)
2019-08-20 15:03:28,327 INFO  server.RaftServerConfigKeys (ConfUtils.java:logGet(43)) - raft.server.log.write.buffer.size = 33554432 (custom)
2019-08-20 15:03:28,327 INFO  server.RaftServerConfigKeys (ConfUtils.java:logGet(43)) - raft.server.log.write.buffer.size = 33554432 (custom)
2019-08-20 15:03:28,328 INFO  server.RaftServerConfigKeys (ConfUtils.java:logGet(43)) - raft.server.log.force.sync.num = 128 (default)
2019-08-20 15:03:28,328 INFO  impl.RaftServerImpl (RaftServerImpl.java:start(180)) - ff623405-2635-4e87-a9f8-d1ef3c1a33ba: start group-42B84838849D
2019-08-20 15:03:28,328 INFO  server.RaftServerConfigKeys (ConfUtils.java:logGet(43)) - raft.server.log.statemachine.data.sync = true (default)
2019-08-20 15:03:28,328 INFO  server.RaftServerConfigKeys (ConfUtils.java:logGet(43)) - raft.server.log.force.sync.num = 128 (default)
2019-08-20 15:03:28,328 INFO  server.RaftServerConfigKeys (ConfUtils.java:logGet(43)) - raft.server.log.statemachine.data.sync.timeout = 10s (default)
2019-08-20 15:03:28,328 INFO  impl.RaftServerImpl (RaftServerImpl.java:setRole(171)) - ff623405-2635-4e87-a9f8-d1ef3c1a33ba:group-42B84838849D changes role from null to FOLLOWER at term 0 for startAsFollower
2019-08-20 15:03:28,334 INFO  server.RaftServerConfigKeys (ConfUtils.java:logGet(43)) - raft.server.log.statemachine.data.sync.timeout.retry = -1 (default)
2019-08-20 15:03:28,328 INFO  server.RaftServerConfigKeys (ConfUtils.java:logGet(43)) - raft.server.log.statemachine.data.sync = true (default)
2019-08-20 15:03:28,337 INFO  server.RaftServerConfigKeys (ConfUtils.java:logGet(43)) - raft.server.log.statemachine.data.caching.enabled = true (custom)
2019-08-20 15:03:28,337 INFO  server.RaftServerConfigKeys (ConfUtils.java:logGet(43)) - raft.server.log.statemachine.data.sync.timeout = 10s (default)
2019-08-20 15:03:28,336 INFO  impl.RoleInfo (RoleInfo.java:updateAndGet(143)) - ff623405-2635-4e87-a9f8-d1ef3c1a33ba: start FollowerState
2019-08-20 15:03:28,337 INFO  segmented.SegmentedRaftLogWorker (SegmentedRaftLogWorker.java:lambda$new$0(132)) - 98074250-0c22-486c-8470-5b27d36fa846-SegmentedRaftLogWorker:Storage Directory /workdir/hadoop-ozone/integration-test/target/test-dir/MiniOzoneClusterImpl-654ee0d8-0ca1-4e4d-a6f4-0992848371a2/datanode-3/data/ratis/920555f6-5f6b-48b1-9f49-42b84838849d: flushIndex: setUnconditionally 0 -> -1
2019-08-20 15:03:28,337 INFO  server.RaftServerConfigKeys (ConfUtils.java:logGet(43)) - raft.server.log.statemachine.data.sync.timeout.retry = -1 (default)
2019-08-20 15:03:28,337 INFO  server.RaftServerConfigKeys (ConfUtils.java:logGet(43)) - raft.server.snapshot.auto.trigger.enabled = true (custom)
2019-08-20 15:03:28,337 INFO  util.JmxRegister (JmxRegister.java:tryRegister(44)) - Successfully registered JMX Bean with object name Ratis:service=RaftServer,group=group-42B84838849D,id=ff623405-2635-4e87-a9f8-d1ef3c1a33ba
2019-08-20 15:03:28,337 INFO  server.RaftServerConfigKeys (ConfUtils.java:logGet(43)) - raft.server.log.statemachine.data.caching.enabled = true (custom)
2019-08-20 15:03:28,337 INFO  server.RaftServerConfigKeys (ConfUtils.java:logGet(43)) - raft.server.snapshot.auto.trigger.threshold = 10000 (custom)
2019-08-20 15:03:28,338 INFO  server.RaftServerConfigKeys (ConfUtils.java:logGet(43)) - raft.server.retrycache.expirytime = 600000ms (custom)
2019-08-20 15:03:28,338 INFO  segmented.SegmentedRaftLogWorker (SegmentedRaftLogWorker.java:lambda$new$0(132)) - a7928bef-0ccc-470a-99bc-9391bc7baf0a-SegmentedRaftLogWorker:Storage Directory /workdir/hadoop-ozone/integration-test/target/test-dir/MiniOzoneClusterImpl-654ee0d8-0ca1-4e4d-a6f4-0992848371a2/datanode-4/data/ratis/920555f6-5f6b-48b1-9f49-42b84838849d: flushIndex: setUnconditionally 0 -> -1
2019-08-20 15:03:28,338 INFO  impl.RaftServerImpl (RaftServerImpl.java:start(180)) - 98074250-0c22-486c-8470-5b27d36fa846: start group-42B84838849D
2019-08-20 15:03:28,338 INFO  server.RaftServerConfigKeys (ConfUtils.java:logGet(43)) - raft.server.snapshot.auto.trigger.enabled = true (custom)
2019-08-20 15:03:28,338 INFO  impl.RaftServerImpl (RaftServerImpl.java:setRole(171)) - 98074250-0c22-486c-8470-5b27d36fa846:group-42B84838849D changes role from null to FOLLOWER at term 0 for startAsFollower
2019-08-20 15:03:28,338 INFO  server.RaftServerConfigKeys (ConfUtils.java:logGet(43)) - raft.server.snapshot.auto.trigger.threshold = 10000 (custom)
2019-08-20 15:03:28,338 INFO  impl.RoleInfo (RoleInfo.java:updateAndGet(143)) - 98074250-0c22-486c-8470-5b27d36fa846: start FollowerState
2019-08-20 15:03:28,338 INFO  server.RaftServerConfigKeys (ConfUtils.java:logGet(43)) - raft.server.retrycache.expirytime = 600000ms (custom)
2019-08-20 15:03:28,340 INFO  impl.RaftServerImpl (RaftServerImpl.java:start(180)) - a7928bef-0ccc-470a-99bc-9391bc7baf0a: start group-42B84838849D
2019-08-20 15:03:28,340 INFO  impl.RaftServerImpl (RaftServerImpl.java:setRole(171)) - a7928bef-0ccc-470a-99bc-9391bc7baf0a:group-42B84838849D changes role from null to FOLLOWER at term 0 for startAsFollower
2019-08-20 15:03:28,340 INFO  util.JmxRegister (JmxRegister.java:tryRegister(44)) - Successfully registered JMX Bean with object name Ratis:service=RaftServer,group=group-42B84838849D,id=98074250-0c22-486c-8470-5b27d36fa846
2019-08-20 15:03:28,340 INFO  impl.RoleInfo (RoleInfo.java:updateAndGet(143)) - a7928bef-0ccc-470a-99bc-9391bc7baf0a: start FollowerState
2019-08-20 15:03:28,341 INFO  util.JmxRegister (JmxRegister.java:tryRegister(44)) - Successfully registered JMX Bean with object name Ratis:service=RaftServer,group=group-42B84838849D,id=a7928bef-0ccc-470a-99bc-9391bc7baf0a
2019-08-20 15:03:28,349 INFO  rpc.RpcClient (RpcClient.java:createVolume(292)) - Creating Volume: datanodefailurehandlingtest, with jenkins1000 as owner.
2019-08-20 15:03:28,360 INFO  pipeline.PipelineStateManager (PipelineStateManager.java:addPipeline(56)) - Created pipeline Pipeline[ Id: 920555f6-5f6b-48b1-9f49-42b84838849d, Nodes: ff623405-2635-4e87-a9f8-d1ef3c1a33ba{ip: 192.168.5.159, host: pr-hdds-1948-qmvbp-2153692187, networkLocation: /default-rack, certSerialId: null}98074250-0c22-486c-8470-5b27d36fa846{ip: 192.168.5.159, host: pr-hdds-1948-qmvbp-2153692187, networkLocation: /default-rack, certSerialId: null}a7928bef-0ccc-470a-99bc-9391bc7baf0a{ip: 192.168.5.159, host: pr-hdds-1948-qmvbp-2153692187, networkLocation: /default-rack, certSerialId: null}, Type:RATIS, Factor:THREE, State:OPEN]
2019-08-20 15:03:28,382 INFO  impl.RaftServerProxy (RaftServerProxy.java:addNew(89)) - 4b652405-42c2-48e1-8dc3-a0aff8a30386: addNew group-BE58894CF9F9:[4b652405-42c2-48e1-8dc3-a0aff8a30386:192.168.5.159:32817, 68017ce1-0e7b-44f8-ba2c-4905daff1bbd:192.168.5.159:43160, 2ad36b2b-54cc-489b-a4d7-1c5d097f1130:192.168.5.159:38179] returns group-BE58894CF9F9:java.util.concurrent.CompletableFuture@d91f951[Not completed]
2019-08-20 15:03:28,382 INFO  impl.RaftServerProxy (RaftServerProxy.java:addNew(89)) - 2ad36b2b-54cc-489b-a4d7-1c5d097f1130: addNew group-BE58894CF9F9:[4b652405-42c2-48e1-8dc3-a0aff8a30386:192.168.5.159:32817, 68017ce1-0e7b-44f8-ba2c-4905daff1bbd:192.168.5.159:43160, 2ad36b2b-54cc-489b-a4d7-1c5d097f1130:192.168.5.159:38179] returns group-BE58894CF9F9:java.util.concurrent.CompletableFuture@2ebb7e1[Not completed]
2019-08-20 15:03:28,382 INFO  impl.RaftServerProxy (RaftServerProxy.java:addNew(89)) - 68017ce1-0e7b-44f8-ba2c-4905daff1bbd: addNew group-BE58894CF9F9:[4b652405-42c2-48e1-8dc3-a0aff8a30386:192.168.5.159:32817, 68017ce1-0e7b-44f8-ba2c-4905daff1bbd:192.168.5.159:43160, 2ad36b2b-54cc-489b-a4d7-1c5d097f1130:192.168.5.159:38179] returns group-BE58894CF9F9:java.util.concurrent.CompletableFuture@4a102085[Not completed]
2019-08-20 15:03:28,385 INFO  impl.RaftServerImpl (RaftServerImpl.java:<init>(93)) - 4b652405-42c2-48e1-8dc3-a0aff8a30386: new RaftServerImpl for group-BE58894CF9F9:[4b652405-42c2-48e1-8dc3-a0aff8a30386:192.168.5.159:32817, 68017ce1-0e7b-44f8-ba2c-4905daff1bbd:192.168.5.159:43160, 2ad36b2b-54cc-489b-a4d7-1c5d097f1130:192.168.5.159:38179] with ContainerStateMachine:uninitialized
2019-08-20 15:03:28,385 INFO  server.RaftServerConfigKeys (ConfUtils.java:logGet(43)) - raft.server.rpc.timeout.min = 5s (custom)
2019-08-20 15:03:28,385 INFO  server.RaftServerConfigKeys (ConfUtils.java:logGet(43)) - raft.server.rpc.timeout.max = 5200ms (custom)
2019-08-20 15:03:28,385 INFO  server.RaftServerConfigKeys (ConfUtils.java:logGet(43)) - raft.server.rpcslowness.timeout = 120s (custom)
2019-08-20 15:03:28,385 INFO  server.RaftServerConfigKeys (ConfUtils.java:logGet(43)) - raft.server.sleep.deviation.threshold = 300 (default)
2019-08-20 15:03:28,385 INFO  server.RaftServerConfigKeys (ConfUtils.java:logGet(43)) - raft.server.log.appender.install.snapshot.enabled = false (custom)
2019-08-20 15:03:28,385 INFO  impl.RaftServerImpl (ServerState.java:<init>(105)) - 4b652405-42c2-48e1-8dc3-a0aff8a30386:group-BE58894CF9F9 ConfigurationManager, init=-1: [4b652405-42c2-48e1-8dc3-a0aff8a30386:192.168.5.159:32817, 68017ce1-0e7b-44f8-ba2c-4905daff1bbd:192.168.5.159:43160, 2ad36b2b-54cc-489b-a4d7-1c5d097f1130:192.168.5.159:38179], old=null, confs=<EMPTY_MAP>
2019-08-20 15:03:28,386 INFO  server.RaftServerConfigKeys (ConfUtils.java:logGet(43)) - raft.server.storage.dir = [/workdir/hadoop-ozone/integration-test/target/test-dir/MiniOzoneClusterImpl-654ee0d8-0ca1-4e4d-a6f4-0992848371a2/datanode-1/data/ratis] (custom)
2019-08-20 15:03:28,386 INFO  impl.RaftServerImpl (RaftServerImpl.java:<init>(93)) - 2ad36b2b-54cc-489b-a4d7-1c5d097f1130: new RaftServerImpl for group-BE58894CF9F9:[4b652405-42c2-48e1-8dc3-a0aff8a30386:192.168.5.159:32817, 68017ce1-0e7b-44f8-ba2c-4905daff1bbd:192.168.5.159:43160, 2ad36b2b-54cc-489b-a4d7-1c5d097f1130:192.168.5.159:38179] with ContainerStateMachine:uninitialized
2019-08-20 15:03:28,386 INFO  server.RaftServerConfigKeys (ConfUtils.java:logGet(43)) - raft.server.rpc.timeout.min = 5s (custom)
2019-08-20 15:03:28,386 INFO  storage.RaftStorageDirectory (RaftStorageDirectory.java:analyzeStorage(246)) - The storage directory /workdir/hadoop-ozone/integration-test/target/test-dir/MiniOzoneClusterImpl-654ee0d8-0ca1-4e4d-a6f4-0992848371a2/datanode-1/data/ratis/c8a5588f-f111-46f2-8019-be58894cf9f9 does not exist. Creating ...
2019-08-20 15:03:28,386 INFO  server.RaftServerConfigKeys (ConfUtils.java:logGet(43)) - raft.server.rpc.timeout.max = 5200ms (custom)
2019-08-20 15:03:28,386 INFO  server.RaftServerConfigKeys (ConfUtils.java:logGet(43)) - raft.server.rpcslowness.timeout = 120s (custom)
2019-08-20 15:03:28,386 INFO  server.RaftServerConfigKeys (ConfUtils.java:logGet(43)) - raft.server.sleep.deviation.threshold = 300 (default)
2019-08-20 15:03:28,386 INFO  server.RaftServerConfigKeys (ConfUtils.java:logGet(43)) - raft.server.log.appender.install.snapshot.enabled = false (custom)
2019-08-20 15:03:28,386 INFO  impl.RaftServerImpl (ServerState.java:<init>(105)) - 2ad36b2b-54cc-489b-a4d7-1c5d097f1130:group-BE58894CF9F9 ConfigurationManager, init=-1: [4b652405-42c2-48e1-8dc3-a0aff8a30386:192.168.5.159:32817, 68017ce1-0e7b-44f8-ba2c-4905daff1bbd:192.168.5.159:43160, 2ad36b2b-54cc-489b-a4d7-1c5d097f1130:192.168.5.159:38179], old=null, confs=<EMPTY_MAP>
2019-08-20 15:03:28,386 INFO  impl.RaftServerImpl (RaftServerImpl.java:<init>(93)) - 68017ce1-0e7b-44f8-ba2c-4905daff1bbd: new RaftServerImpl for group-BE58894CF9F9:[4b652405-42c2-48e1-8dc3-a0aff8a30386:192.168.5.159:32817, 68017ce1-0e7b-44f8-ba2c-4905daff1bbd:192.168.5.159:43160, 2ad36b2b-54cc-489b-a4d7-1c5d097f1130:192.168.5.159:38179] with ContainerStateMachine:uninitialized
2019-08-20 15:03:28,386 INFO  server.RaftServerConfigKeys (ConfUtils.java:logGet(43)) - raft.server.storage.dir = [/workdir/hadoop-ozone/integration-test/target/test-dir/MiniOzoneClusterImpl-654ee0d8-0ca1-4e4d-a6f4-0992848371a2/datanode-0/data/ratis] (custom)
2019-08-20 15:03:28,387 INFO  server.RaftServerConfigKeys (ConfUtils.java:logGet(43)) - raft.server.rpc.timeout.min = 5s (custom)
2019-08-20 15:03:28,387 INFO  server.RaftServerConfigKeys (ConfUtils.java:logGet(43)) - raft.server.rpc.timeout.max = 5200ms (custom)
2019-08-20 15:03:28,387 INFO  storage.RaftStorageDirectory (RaftStorageDirectory.java:analyzeStorage(246)) - The storage directory /workdir/hadoop-ozone/integration-test/target/test-dir/MiniOzoneClusterImpl-654ee0d8-0ca1-4e4d-a6f4-0992848371a2/datanode-0/data/ratis/c8a5588f-f111-46f2-8019-be58894cf9f9 does not exist. Creating ...
2019-08-20 15:03:28,387 INFO  server.RaftServerConfigKeys (ConfUtils.java:logGet(43)) - raft.server.rpcslowness.timeout = 120s (custom)
2019-08-20 15:03:28,387 INFO  server.RaftServerConfigKeys (ConfUtils.java:logGet(43)) - raft.server.sleep.deviation.threshold = 300 (default)
2019-08-20 15:03:28,387 INFO  server.RaftServerConfigKeys (ConfUtils.java:logGet(43)) - raft.server.log.appender.install.snapshot.enabled = false (custom)
2019-08-20 15:03:28,387 INFO  impl.RaftServerImpl (ServerState.java:<init>(105)) - 68017ce1-0e7b-44f8-ba2c-4905daff1bbd:group-BE58894CF9F9 ConfigurationManager, init=-1: [4b652405-42c2-48e1-8dc3-a0aff8a30386:192.168.5.159:32817, 68017ce1-0e7b-44f8-ba2c-4905daff1bbd:192.168.5.159:43160, 2ad36b2b-54cc-489b-a4d7-1c5d097f1130:192.168.5.159:38179], old=null, confs=<EMPTY_MAP>
2019-08-20 15:03:28,387 INFO  server.RaftServerConfigKeys (ConfUtils.java:logGet(43)) - raft.server.storage.dir = [/workdir/hadoop-ozone/integration-test/target/test-dir/MiniOzoneClusterImpl-654ee0d8-0ca1-4e4d-a6f4-0992848371a2/datanode-2/data/ratis] (custom)
2019-08-20 15:03:28,388 INFO  storage.RaftStorageDirectory (RaftStorageDirectory.java:analyzeStorage(246)) - The storage directory /workdir/hadoop-ozone/integration-test/target/test-dir/MiniOzoneClusterImpl-654ee0d8-0ca1-4e4d-a6f4-0992848371a2/datanode-2/data/ratis/c8a5588f-f111-46f2-8019-be58894cf9f9 does not exist. Creating ...
2019-08-20 15:03:28,399 INFO  storage.RaftStorageDirectory (RaftStorageDirectory.java:tryLock(328)) - Lock on /workdir/hadoop-ozone/integration-test/target/test-dir/MiniOzoneClusterImpl-654ee0d8-0ca1-4e4d-a6f4-0992848371a2/datanode-1/data/ratis/c8a5588f-f111-46f2-8019-be58894cf9f9/in_use.lock acquired by nodename 1967@pr-hdds-1948-qmvbp-2153692187
2019-08-20 15:03:28,399 INFO  storage.RaftStorageDirectory (RaftStorageDirectory.java:tryLock(328)) - Lock on /workdir/hadoop-ozone/integration-test/target/test-dir/MiniOzoneClusterImpl-654ee0d8-0ca1-4e4d-a6f4-0992848371a2/datanode-2/data/ratis/c8a5588f-f111-46f2-8019-be58894cf9f9/in_use.lock acquired by nodename 1967@pr-hdds-1948-qmvbp-2153692187
2019-08-20 15:03:28,399 INFO  storage.RaftStorageDirectory (RaftStorageDirectory.java:tryLock(328)) - Lock on /workdir/hadoop-ozone/integration-test/target/test-dir/MiniOzoneClusterImpl-654ee0d8-0ca1-4e4d-a6f4-0992848371a2/datanode-0/data/ratis/c8a5588f-f111-46f2-8019-be58894cf9f9/in_use.lock acquired by nodename 1967@pr-hdds-1948-qmvbp-2153692187
2019-08-20 15:03:28,403 INFO  rpc.RpcClient (RpcClient.java:createBucket(429)) - Creating Bucket: datanodefailurehandlingtest/datanodefailurehandlingtest, with Versioning false and Storage Type set to DISK and Encryption set to false 
2019-08-20 15:03:28,412 INFO  storage.RaftStorage (RaftStorage.java:format(72)) - Storage directory /workdir/hadoop-ozone/integration-test/target/test-dir/MiniOzoneClusterImpl-654ee0d8-0ca1-4e4d-a6f4-0992848371a2/datanode-1/data/ratis/c8a5588f-f111-46f2-8019-be58894cf9f9 has been successfully formatted.
2019-08-20 15:03:28,412 INFO  storage.RaftStorage (RaftStorage.java:format(72)) - Storage directory /workdir/hadoop-ozone/integration-test/target/test-dir/MiniOzoneClusterImpl-654ee0d8-0ca1-4e4d-a6f4-0992848371a2/datanode-0/data/ratis/c8a5588f-f111-46f2-8019-be58894cf9f9 has been successfully formatted.
2019-08-20 15:03:28,413 INFO  ratis.ContainerStateMachine (ContainerStateMachine.java:loadSnapshot(222)) - group-BE58894CF9F9: The snapshot info is null. Setting the last applied indexto:(t:0, i:~)
2019-08-20 15:03:28,412 INFO  storage.RaftStorage (RaftStorage.java:format(72)) - Storage directory /workdir/hadoop-ozone/integration-test/target/test-dir/MiniOzoneClusterImpl-654ee0d8-0ca1-4e4d-a6f4-0992848371a2/datanode-2/data/ratis/c8a5588f-f111-46f2-8019-be58894cf9f9 has been successfully formatted.
2019-08-20 15:03:28,413 INFO  ratis.ContainerStateMachine (ContainerStateMachine.java:loadSnapshot(222)) - group-BE58894CF9F9: The snapshot info is null. Setting the last applied indexto:(t:0, i:~)
2019-08-20 15:03:28,413 INFO  server.RaftServerConfigKeys (ConfUtils.java:logGet(43)) - raft.server.leader.election.timeout = 120s (custom)
2019-08-20 15:03:28,413 INFO  server.RaftServerConfigKeys (ConfUtils.java:logGet(43)) - raft.server.leader.election.timeout = 120s (custom)
2019-08-20 15:03:28,413 INFO  ratis.ContainerStateMachine (ContainerStateMachine.java:loadSnapshot(222)) - group-BE58894CF9F9: The snapshot info is null. Setting the last applied indexto:(t:0, i:~)
2019-08-20 15:03:28,413 INFO  server.RaftServerConfigKeys (ConfUtils.java:logGet(43)) - raft.server.log.use.memory = false (default)
2019-08-20 15:03:28,413 INFO  server.RaftServerConfigKeys (ConfUtils.java:logGet(43)) - raft.server.log.use.memory = false (default)
2019-08-20 15:03:28,413 INFO  server.RaftServerConfigKeys (ConfUtils.java:logGet(43)) - raft.server.log.purge.gap = 1000000000 (custom)
2019-08-20 15:03:28,413 INFO  server.RaftServerConfigKeys (ConfUtils.java:logGet(43)) - raft.server.leader.election.timeout = 120s (custom)
2019-08-20 15:03:28,413 INFO  server.RaftServerConfigKeys (ConfUtils.java:logGet(43)) - raft.server.log.appender.buffer.byte-limit = 33554432 (custom)
2019-08-20 15:03:28,413 INFO  server.RaftServerConfigKeys (ConfUtils.java:logGet(43)) - raft.server.log.purge.gap = 1000000000 (custom)
2019-08-20 15:03:28,414 INFO  server.RaftServerConfigKeys (ConfUtils.java:logGet(43)) - raft.server.log.segment.size.max = 1048576 (custom)
2019-08-20 15:03:28,414 INFO  server.RaftServerConfigKeys (ConfUtils.java:logGet(43)) - raft.server.log.use.memory = false (default)
2019-08-20 15:03:28,414 INFO  server.RaftServerConfigKeys (ConfUtils.java:logGet(43)) - raft.server.log.segment.cache.num.max = 2 (custom)
2019-08-20 15:03:28,414 INFO  server.RaftServerConfigKeys (ConfUtils.java:logGet(43)) - raft.server.log.appender.buffer.byte-limit = 33554432 (custom)
2019-08-20 15:03:28,414 INFO  segmented.SegmentedRaftLogWorker (SegmentedRaftLogWorker.java:<init>(172)) - new 2ad36b2b-54cc-489b-a4d7-1c5d097f1130-SegmentedRaftLogWorker:Storage Directory /workdir/hadoop-ozone/integration-test/target/test-dir/MiniOzoneClusterImpl-654ee0d8-0ca1-4e4d-a6f4-0992848371a2/datanode-0/data/ratis/c8a5588f-f111-46f2-8019-be58894cf9f9 for RaftStorage:Storage Directory /workdir/hadoop-ozone/integration-test/target/test-dir/MiniOzoneClusterImpl-654ee0d8-0ca1-4e4d-a6f4-0992848371a2/datanode-0/data/ratis/c8a5588f-f111-46f2-8019-be58894cf9f9
2019-08-20 15:03:28,414 INFO  server.RaftServerConfigKeys (ConfUtils.java:logGet(43)) - raft.server.log.purge.gap = 1000000000 (custom)
2019-08-20 15:03:28,414 INFO  server.RaftServerConfigKeys (ConfUtils.java:logGet(43)) - raft.server.log.queue.byte-limit = 2147483647 (custom)
2019-08-20 15:03:28,414 INFO  server.RaftServerConfigKeys (ConfUtils.java:logGet(43)) - raft.server.log.segment.size.max = 1048576 (custom)
2019-08-20 15:03:28,416 INFO  server.RaftServerConfigKeys (ConfUtils.java:logGet(43)) - raft.server.log.queue.element-limit = 1024 (custom)
2019-08-20 15:03:28,414 INFO  server.RaftServerConfigKeys (ConfUtils.java:logGet(43)) - raft.server.log.appender.buffer.byte-limit = 33554432 (custom)
2019-08-20 15:03:28,416 INFO  server.RaftServerConfigKeys (ConfUtils.java:logGet(43)) - raft.server.log.segment.size.max = 1048576 (custom)
2019-08-20 15:03:28,416 INFO  server.RaftServerConfigKeys (ConfUtils.java:logGet(43)) - raft.server.log.segment.cache.num.max = 2 (custom)
2019-08-20 15:03:28,416 INFO  server.RaftServerConfigKeys (ConfUtils.java:logGet(43)) - raft.server.log.preallocated.size = 16384 (custom)
2019-08-20 15:03:28,416 INFO  server.RaftServerConfigKeys (ConfUtils.java:logGet(43)) - raft.server.log.segment.size.max = 1048576 (custom)
2019-08-20 15:03:28,416 INFO  server.RaftServerConfigKeys (ConfUtils.java:logGet(43)) - raft.server.log.write.buffer.size = 33554432 (custom)
2019-08-20 15:03:28,416 INFO  segmented.SegmentedRaftLogWorker (SegmentedRaftLogWorker.java:<init>(172)) - new 4b652405-42c2-48e1-8dc3-a0aff8a30386-SegmentedRaftLogWorker:Storage Directory /workdir/hadoop-ozone/integration-test/target/test-dir/MiniOzoneClusterImpl-654ee0d8-0ca1-4e4d-a6f4-0992848371a2/datanode-1/data/ratis/c8a5588f-f111-46f2-8019-be58894cf9f9 for RaftStorage:Storage Directory /workdir/hadoop-ozone/integration-test/target/test-dir/MiniOzoneClusterImpl-654ee0d8-0ca1-4e4d-a6f4-0992848371a2/datanode-1/data/ratis/c8a5588f-f111-46f2-8019-be58894cf9f9
2019-08-20 15:03:28,416 INFO  server.RaftServerConfigKeys (ConfUtils.java:logGet(43)) - raft.server.log.force.sync.num = 128 (default)
2019-08-20 15:03:28,416 INFO  server.RaftServerConfigKeys (ConfUtils.java:logGet(43)) - raft.server.log.segment.cache.num.max = 2 (custom)
2019-08-20 15:03:28,416 INFO  server.RaftServerConfigKeys (ConfUtils.java:logGet(43)) - raft.server.log.statemachine.data.sync = true (default)
2019-08-20 15:03:28,416 INFO  server.RaftServerConfigKeys (ConfUtils.java:logGet(43)) - raft.server.log.queue.byte-limit = 2147483647 (custom)
2019-08-20 15:03:28,418 INFO  server.RaftServerConfigKeys (ConfUtils.java:logGet(43)) - raft.server.log.statemachine.data.sync.timeout = 10s (default)
2019-08-20 15:03:28,418 INFO  segmented.SegmentedRaftLogWorker (SegmentedRaftLogWorker.java:<init>(172)) - new 68017ce1-0e7b-44f8-ba2c-4905daff1bbd-SegmentedRaftLogWorker:Storage Directory /workdir/hadoop-ozone/integration-test/target/test-dir/MiniOzoneClusterImpl-654ee0d8-0ca1-4e4d-a6f4-0992848371a2/datanode-2/data/ratis/c8a5588f-f111-46f2-8019-be58894cf9f9 for RaftStorage:Storage Directory /workdir/hadoop-ozone/integration-test/target/test-dir/MiniOzoneClusterImpl-654ee0d8-0ca1-4e4d-a6f4-0992848371a2/datanode-2/data/ratis/c8a5588f-f111-46f2-8019-be58894cf9f9
2019-08-20 15:03:28,418 INFO  server.RaftServerConfigKeys (ConfUtils.java:logGet(43)) - raft.server.log.statemachine.data.sync.timeout.retry = -1 (default)
2019-08-20 15:03:28,418 INFO  server.RaftServerConfigKeys (ConfUtils.java:logGet(43)) - raft.server.log.queue.element-limit = 1024 (custom)
2019-08-20 15:03:28,419 INFO  server.RaftServerConfigKeys (ConfUtils.java:logGet(43)) - raft.server.log.statemachine.data.caching.enabled = true (custom)
2019-08-20 15:03:28,418 INFO  server.RaftServerConfigKeys (ConfUtils.java:logGet(43)) - raft.server.log.queue.byte-limit = 2147483647 (custom)
2019-08-20 15:03:28,419 INFO  server.RaftServerConfigKeys (ConfUtils.java:logGet(43)) - raft.server.log.segment.size.max = 1048576 (custom)
2019-08-20 15:03:28,420 INFO  segmented.SegmentedRaftLogWorker (SegmentedRaftLogWorker.java:lambda$new$0(132)) - 2ad36b2b-54cc-489b-a4d7-1c5d097f1130-SegmentedRaftLogWorker:Storage Directory /workdir/hadoop-ozone/integration-test/target/test-dir/MiniOzoneClusterImpl-654ee0d8-0ca1-4e4d-a6f4-0992848371a2/datanode-0/data/ratis/c8a5588f-f111-46f2-8019-be58894cf9f9: flushIndex: setUnconditionally 0 -> -1
2019-08-20 15:03:28,420 INFO  server.RaftServerConfigKeys (ConfUtils.java:logGet(43)) - raft.server.log.queue.element-limit = 1024 (custom)
2019-08-20 15:03:28,420 INFO  server.RaftServerConfigKeys (ConfUtils.java:logGet(43)) - raft.server.log.preallocated.size = 16384 (custom)
2019-08-20 15:03:28,420 INFO  server.RaftServerConfigKeys (ConfUtils.java:logGet(43)) - raft.server.snapshot.auto.trigger.enabled = true (custom)
2019-08-20 15:03:28,420 INFO  server.RaftServerConfigKeys (ConfUtils.java:logGet(43)) - raft.server.log.write.buffer.size = 33554432 (custom)
2019-08-20 15:03:28,420 INFO  server.RaftServerConfigKeys (ConfUtils.java:logGet(43)) - raft.server.log.segment.size.max = 1048576 (custom)
2019-08-20 15:03:28,420 INFO  server.RaftServerConfigKeys (ConfUtils.java:logGet(43)) - raft.server.log.force.sync.num = 128 (default)
2019-08-20 15:03:28,420 INFO  server.RaftServerConfigKeys (ConfUtils.java:logGet(43)) - raft.server.snapshot.auto.trigger.threshold = 10000 (custom)
2019-08-20 15:03:28,420 INFO  server.RaftServerConfigKeys (ConfUtils.java:logGet(43)) - raft.server.log.statemachine.data.sync = true (default)
2019-08-20 15:03:28,420 INFO  server.RaftServerConfigKeys (ConfUtils.java:logGet(43)) - raft.server.log.preallocated.size = 16384 (custom)
2019-08-20 15:03:28,421 INFO  server.RaftServerConfigKeys (ConfUtils.java:logGet(43)) - raft.server.log.statemachine.data.sync.timeout = 10s (default)
2019-08-20 15:03:28,421 INFO  server.RaftServerConfigKeys (ConfUtils.java:logGet(43)) - raft.server.retrycache.expirytime = 600000ms (custom)
2019-08-20 15:03:28,421 INFO  server.RaftServerConfigKeys (ConfUtils.java:logGet(43)) - raft.server.log.statemachine.data.sync.timeout.retry = -1 (default)
2019-08-20 15:03:28,421 INFO  server.RaftServerConfigKeys (ConfUtils.java:logGet(43)) - raft.server.log.write.buffer.size = 33554432 (custom)
2019-08-20 15:03:28,421 INFO  server.RaftServerConfigKeys (ConfUtils.java:logGet(43)) - raft.server.log.statemachine.data.caching.enabled = true (custom)
2019-08-20 15:03:28,421 INFO  impl.RaftServerImpl (RaftServerImpl.java:start(180)) - 2ad36b2b-54cc-489b-a4d7-1c5d097f1130: start group-BE58894CF9F9
2019-08-20 15:03:28,421 INFO  server.RaftServerConfigKeys (ConfUtils.java:logGet(43)) - raft.server.log.force.sync.num = 128 (default)
2019-08-20 15:03:28,421 INFO  segmented.SegmentedRaftLogWorker (SegmentedRaftLogWorker.java:lambda$new$0(132)) - 4b652405-42c2-48e1-8dc3-a0aff8a30386-SegmentedRaftLogWorker:Storage Directory /workdir/hadoop-ozone/integration-test/target/test-dir/MiniOzoneClusterImpl-654ee0d8-0ca1-4e4d-a6f4-0992848371a2/datanode-1/data/ratis/c8a5588f-f111-46f2-8019-be58894cf9f9: flushIndex: setUnconditionally 0 -> -1
2019-08-20 15:03:28,421 INFO  impl.RaftServerImpl (RaftServerImpl.java:setRole(171)) - 2ad36b2b-54cc-489b-a4d7-1c5d097f1130:group-BE58894CF9F9 changes role from null to FOLLOWER at term 0 for startAsFollower
2019-08-20 15:03:28,421 INFO  server.RaftServerConfigKeys (ConfUtils.java:logGet(43)) - raft.server.log.statemachine.data.sync = true (default)
2019-08-20 15:03:28,421 INFO  server.RaftServerConfigKeys (ConfUtils.java:logGet(43)) - raft.server.snapshot.auto.trigger.enabled = true (custom)
2019-08-20 15:03:28,421 INFO  impl.RoleInfo (RoleInfo.java:updateAndGet(143)) - 2ad36b2b-54cc-489b-a4d7-1c5d097f1130: start FollowerState
2019-08-20 15:03:28,422 INFO  server.RaftServerConfigKeys (ConfUtils.java:logGet(43)) - raft.server.snapshot.auto.trigger.threshold = 10000 (custom)
2019-08-20 15:03:28,422 INFO  server.RaftServerConfigKeys (ConfUtils.java:logGet(43)) - raft.server.log.statemachine.data.sync.timeout = 10s (default)
2019-08-20 15:03:28,422 INFO  server.RaftServerConfigKeys (ConfUtils.java:logGet(43)) - raft.server.retrycache.expirytime = 600000ms (custom)
2019-08-20 15:03:28,422 INFO  server.RaftServerConfigKeys (ConfUtils.java:logGet(43)) - raft.server.log.statemachine.data.sync.timeout.retry = -1 (default)
2019-08-20 15:03:28,422 INFO  impl.RaftServerImpl (RaftServerImpl.java:start(180)) - 4b652405-42c2-48e1-8dc3-a0aff8a30386: start group-BE58894CF9F9
2019-08-20 15:03:28,422 INFO  util.JmxRegister (JmxRegister.java:tryRegister(44)) - Successfully registered JMX Bean with object name Ratis:service=RaftServer,group=group-BE58894CF9F9,id=2ad36b2b-54cc-489b-a4d7-1c5d097f1130
2019-08-20 15:03:28,422 INFO  server.RaftServerConfigKeys (ConfUtils.java:logGet(43)) - raft.server.log.statemachine.data.caching.enabled = true (custom)
2019-08-20 15:03:28,422 INFO  impl.RaftServerImpl (RaftServerImpl.java:setRole(171)) - 4b652405-42c2-48e1-8dc3-a0aff8a30386:group-BE58894CF9F9 changes role from null to FOLLOWER at term 0 for startAsFollower
2019-08-20 15:03:28,422 INFO  impl.RoleInfo (RoleInfo.java:updateAndGet(143)) - 4b652405-42c2-48e1-8dc3-a0aff8a30386: start FollowerState
2019-08-20 15:03:28,422 INFO  segmented.SegmentedRaftLogWorker (SegmentedRaftLogWorker.java:lambda$new$0(132)) - 68017ce1-0e7b-44f8-ba2c-4905daff1bbd-SegmentedRaftLogWorker:Storage Directory /workdir/hadoop-ozone/integration-test/target/test-dir/MiniOzoneClusterImpl-654ee0d8-0ca1-4e4d-a6f4-0992848371a2/datanode-2/data/ratis/c8a5588f-f111-46f2-8019-be58894cf9f9: flushIndex: setUnconditionally 0 -> -1
2019-08-20 15:03:28,423 INFO  server.RaftServerConfigKeys (ConfUtils.java:logGet(43)) - raft.server.snapshot.auto.trigger.enabled = true (custom)
2019-08-20 15:03:28,423 INFO  util.JmxRegister (JmxRegister.java:tryRegister(44)) - Successfully registered JMX Bean with object name Ratis:service=RaftServer,group=group-BE58894CF9F9,id=4b652405-42c2-48e1-8dc3-a0aff8a30386
2019-08-20 15:03:28,423 INFO  server.RaftServerConfigKeys (ConfUtils.java:logGet(43)) - raft.server.snapshot.auto.trigger.threshold = 10000 (custom)
2019-08-20 15:03:28,423 INFO  server.RaftServerConfigKeys (ConfUtils.java:logGet(43)) - raft.server.retrycache.expirytime = 600000ms (custom)
2019-08-20 15:03:28,423 INFO  impl.RaftServerImpl (RaftServerImpl.java:start(180)) - 68017ce1-0e7b-44f8-ba2c-4905daff1bbd: start group-BE58894CF9F9
2019-08-20 15:03:28,423 INFO  impl.RaftServerImpl (RaftServerImpl.java:setRole(171)) - 68017ce1-0e7b-44f8-ba2c-4905daff1bbd:group-BE58894CF9F9 changes role from null to FOLLOWER at term 0 for startAsFollower
2019-08-20 15:03:28,423 INFO  impl.RoleInfo (RoleInfo.java:updateAndGet(143)) - 68017ce1-0e7b-44f8-ba2c-4905daff1bbd: start FollowerState
2019-08-20 15:03:28,424 INFO  util.JmxRegister (JmxRegister.java:tryRegister(44)) - Successfully registered JMX Bean with object name Ratis:service=RaftServer,group=group-BE58894CF9F9,id=68017ce1-0e7b-44f8-ba2c-4905daff1bbd
2019-08-20 15:03:28,441 INFO  pipeline.PipelineStateManager (PipelineStateManager.java:addPipeline(56)) - Created pipeline Pipeline[ Id: c8a5588f-f111-46f2-8019-be58894cf9f9, Nodes: 68017ce1-0e7b-44f8-ba2c-4905daff1bbd{ip: 192.168.5.159, host: pr-hdds-1948-qmvbp-2153692187, networkLocation: /default-rack, certSerialId: null}2ad36b2b-54cc-489b-a4d7-1c5d097f1130{ip: 192.168.5.159, host: pr-hdds-1948-qmvbp-2153692187, networkLocation: /default-rack, certSerialId: null}4b652405-42c2-48e1-8dc3-a0aff8a30386{ip: 192.168.5.159, host: pr-hdds-1948-qmvbp-2153692187, networkLocation: /default-rack, certSerialId: null}, Type:RATIS, Factor:THREE, State:OPEN]
2019-08-20 15:03:28,597 INFO  impl.MetricsSystemImpl (MetricsSystemImpl.java:init(158)) - XceiverClientMetrics metrics system started (again)
2019-08-20 15:03:28,731 INFO  client.GrpcClientProtocolClient (GrpcClientProtocolClient.java:onNext(255)) - client-F4172A16210E->68017ce1-0e7b-44f8-ba2c-4905daff1bbd: receive RaftClientReply:client-F4172A16210E->68017ce1-0e7b-44f8-ba2c-4905daff1bbd@group-BE58894CF9F9, cid=12, FAILED org.apache.ratis.protocol.NotLeaderException: Server 68017ce1-0e7b-44f8-ba2c-4905daff1bbd is not the leader (null). Request must be sent to leader., logIndex=0, commits[68017ce1-0e7b-44f8-ba2c-4905daff1bbd:c-1]
2019-08-20 15:03:29,785 INFO  container.ReplicationManager (ReplicationManager.java:start(155)) - Starting Replication Monitor Thread.
2019-08-20 15:03:29,791 INFO  client.GrpcClientProtocolClient (GrpcClientProtocolClient.java:onNext(255)) - client-F4172A16210E->2ad36b2b-54cc-489b-a4d7-1c5d097f1130: receive RaftClientReply:client-F4172A16210E->2ad36b2b-54cc-489b-a4d7-1c5d097f1130@group-BE58894CF9F9, cid=12, FAILED org.apache.ratis.protocol.NotLeaderException: Server 2ad36b2b-54cc-489b-a4d7-1c5d097f1130 is not the leader (null). Request must be sent to leader., logIndex=0, commits[2ad36b2b-54cc-489b-a4d7-1c5d097f1130:c-1]
2019-08-20 15:03:29,796 INFO  container.ReplicationManager (ReplicationManager.java:run(207)) - Replication Monitor Thread took 8 milliseconds for processing 1 containers.
2019-08-20 15:03:30,826 INFO  client.GrpcClientProtocolClient (GrpcClientProtocolClient.java:onNext(255)) - client-F4172A16210E->68017ce1-0e7b-44f8-ba2c-4905daff1bbd: receive RaftClientReply:client-F4172A16210E->68017ce1-0e7b-44f8-ba2c-4905daff1bbd@group-BE58894CF9F9, cid=12, FAILED org.apache.ratis.protocol.NotLeaderException: Server 68017ce1-0e7b-44f8-ba2c-4905daff1bbd is not the leader (null). Request must be sent to leader., logIndex=0, commits[68017ce1-0e7b-44f8-ba2c-4905daff1bbd:c-1]
2019-08-20 15:03:31,860 INFO  client.GrpcClientProtocolClient (GrpcClientProtocolClient.java:onNext(255)) - client-F4172A16210E->4b652405-42c2-48e1-8dc3-a0aff8a30386: receive RaftClientReply:client-F4172A16210E->4b652405-42c2-48e1-8dc3-a0aff8a30386@group-BE58894CF9F9, cid=12, FAILED org.apache.ratis.protocol.NotLeaderException: Server 4b652405-42c2-48e1-8dc3-a0aff8a30386 is not the leader (null). Request must be sent to leader., logIndex=0, commits[4b652405-42c2-48e1-8dc3-a0aff8a30386:c-1]
2019-08-20 15:03:32,770 INFO  impl.FollowerState (FollowerState.java:run(106)) - 2ad36b2b-54cc-489b-a4d7-1c5d097f1130:group-94D3794360FD changes to CANDIDATE, lastRpcTime:5021, electionTimeout:5020ms
2019-08-20 15:03:32,770 INFO  impl.RoleInfo (RoleInfo.java:shutdownFollowerState(121)) - 2ad36b2b-54cc-489b-a4d7-1c5d097f1130: shutdown FollowerState
2019-08-20 15:03:32,771 INFO  impl.RaftServerImpl (RaftServerImpl.java:setRole(171)) - 2ad36b2b-54cc-489b-a4d7-1c5d097f1130:group-94D3794360FD changes role from FOLLOWER to CANDIDATE at term 0 for changeToCandidate
2019-08-20 15:03:32,777 INFO  impl.RoleInfo (RoleInfo.java:updateAndGet(143)) - 2ad36b2b-54cc-489b-a4d7-1c5d097f1130: start LeaderElection
2019-08-20 15:03:32,797 INFO  impl.LeaderElection (LeaderElection.java:askForVotes(181)) - 2ad36b2b-54cc-489b-a4d7-1c5d097f1130:group-94D3794360FD:LeaderElection1: begin an election at term 1 for -1: [2ad36b2b-54cc-489b-a4d7-1c5d097f1130:192.168.5.159:38179], old=null
2019-08-20 15:03:32,799 INFO  impl.RoleInfo (RoleInfo.java:shutdownLeaderElection(134)) - 2ad36b2b-54cc-489b-a4d7-1c5d097f1130: shutdown LeaderElection
2019-08-20 15:03:32,800 INFO  impl.RaftServerImpl (RaftServerImpl.java:setRole(171)) - 2ad36b2b-54cc-489b-a4d7-1c5d097f1130:group-94D3794360FD changes role from CANDIDATE to LEADER at term 1 for changeToLeader
2019-08-20 15:03:32,800 INFO  impl.RaftServerImpl (ServerState.java:setLeader(263)) - 2ad36b2b-54cc-489b-a4d7-1c5d097f1130:group-94D3794360FD change Leader from null to 2ad36b2b-54cc-489b-a4d7-1c5d097f1130 at term 1 for becomeLeader, leader elected after 5121ms
2019-08-20 15:03:32,808 INFO  server.RaftServerConfigKeys (ConfUtils.java:logGet(43)) - raft.server.staging.catchup.gap = 1000 (default)
2019-08-20 15:03:32,808 INFO  server.RaftServerConfigKeys (ConfUtils.java:logGet(43)) - raft.server.rpc.sleep.time = 25ms (default)
2019-08-20 15:03:32,812 INFO  server.RaftServerConfigKeys (ConfUtils.java:logGet(43)) - raft.server.write.element-limit = 4096 (default)
2019-08-20 15:03:32,815 INFO  server.RaftServerConfigKeys (ConfUtils.java:logGet(43)) - raft.server.watch.timeout = 10s (default)
2019-08-20 15:03:32,815 INFO  server.RaftServerConfigKeys (ConfUtils.java:logGet(43)) - raft.server.watch.timeout.denomination = 1s (default)
2019-08-20 15:03:32,816 INFO  server.RaftServerConfigKeys (ConfUtils.java:logGet(43)) - raft.server.watch.element-limit = 65536 (default)
2019-08-20 15:03:32,826 INFO  impl.RoleInfo (RoleInfo.java:updateAndGet(143)) - 2ad36b2b-54cc-489b-a4d7-1c5d097f1130: start LeaderState
2019-08-20 15:03:32,849 INFO  segmented.SegmentedRaftLogWorker (SegmentedRaftLogWorker.java:startLogSegment(380)) - 2ad36b2b-54cc-489b-a4d7-1c5d097f1130-SegmentedRaftLogWorker:Storage Directory /workdir/hadoop-ozone/integration-test/target/test-dir/MiniOzoneClusterImpl-654ee0d8-0ca1-4e4d-a6f4-0992848371a2/datanode-0/data/ratis/0083b782-b989-4afd-a27e-94d3794360fd: Starting segment from index:0
2019-08-20 15:03:32,857 INFO  impl.RaftServerImpl (ServerState.java:setRaftConf(361)) - 2ad36b2b-54cc-489b-a4d7-1c5d097f1130:group-94D3794360FD set configuration 0: [2ad36b2b-54cc-489b-a4d7-1c5d097f1130:192.168.5.159:38179], old=null at 0
2019-08-20 15:03:32,884 INFO  client.GrpcClientProtocolClient (GrpcClientProtocolClient.java:onNext(255)) - client-F4172A16210E->2ad36b2b-54cc-489b-a4d7-1c5d097f1130: receive RaftClientReply:client-F4172A16210E->2ad36b2b-54cc-489b-a4d7-1c5d097f1130@group-BE58894CF9F9, cid=12, FAILED org.apache.ratis.protocol.NotLeaderException: Server 2ad36b2b-54cc-489b-a4d7-1c5d097f1130 is not the leader (null). Request must be sent to leader., logIndex=0, commits[2ad36b2b-54cc-489b-a4d7-1c5d097f1130:c-1]
2019-08-20 15:03:32,898 WARN  io.KeyOutputStream (KeyOutputStream.java:handleException(276)) - Encountered exception java.io.IOException: Unexpected Storage Container Exception: java.util.concurrent.CompletionException: java.util.concurrent.CompletionException: org.apache.ratis.protocol.RaftRetryFailureException: Failed RaftClientRequest:client-F4172A16210E->2ad36b2b-54cc-489b-a4d7-1c5d097f1130@group-BE58894CF9F9, cid=12, seq=1*, RW, org.apache.hadoop.hdds.scm.XceiverClientRatis$$Lambda$316/269685385@77e89aab for 5 attempts with RetryLimited(maxAttempts=5, sleepTime=1000ms) on the pipeline Pipeline[ Id: c8a5588f-f111-46f2-8019-be58894cf9f9, Nodes: 68017ce1-0e7b-44f8-ba2c-4905daff1bbd{ip: 192.168.5.159, host: pr-hdds-1948-qmvbp-2153692187, networkLocation: /default-rack, certSerialId: null}2ad36b2b-54cc-489b-a4d7-1c5d097f1130{ip: 192.168.5.159, host: pr-hdds-1948-qmvbp-2153692187, networkLocation: /default-rack, certSerialId: null}4b652405-42c2-48e1-8dc3-a0aff8a30386{ip: 192.168.5.159, host: pr-hdds-1948-qmvbp-2153692187, networkLocation: /default-rack, certSerialId: null}, Type:RATIS, Factor:THREE, State:OPEN]. The last committed block length is 0, uncommitted data length is 2097152 retry count 0
2019-08-20 15:03:32,941 INFO  client.GrpcClientProtocolClient (GrpcClientProtocolClient.java:onNext(255)) - client-3DBBC43D8E7E->ff623405-2635-4e87-a9f8-d1ef3c1a33ba: receive RaftClientReply:client-3DBBC43D8E7E->ff623405-2635-4e87-a9f8-d1ef3c1a33ba@group-42B84838849D, cid=16, FAILED org.apache.ratis.protocol.NotLeaderException: Server ff623405-2635-4e87-a9f8-d1ef3c1a33ba is not the leader (null). Request must be sent to leader., logIndex=0, commits[ff623405-2635-4e87-a9f8-d1ef3c1a33ba:c-1]
2019-08-20 15:03:33,031 INFO  impl.FollowerState (FollowerState.java:run(106)) - 98074250-0c22-486c-8470-5b27d36fa846:group-9A7774D79169 changes to CANDIDATE, lastRpcTime:5125, electionTimeout:5123ms
2019-08-20 15:03:33,041 INFO  impl.RoleInfo (RoleInfo.java:shutdownFollowerState(121)) - 98074250-0c22-486c-8470-5b27d36fa846: shutdown FollowerState
2019-08-20 15:03:33,041 INFO  impl.RaftServerImpl (RaftServerImpl.java:setRole(171)) - 98074250-0c22-486c-8470-5b27d36fa846:group-9A7774D79169 changes role from FOLLOWER to CANDIDATE at term 0 for changeToCandidate
2019-08-20 15:03:33,041 INFO  impl.RoleInfo (RoleInfo.java:updateAndGet(143)) - 98074250-0c22-486c-8470-5b27d36fa846: start LeaderElection
2019-08-20 15:03:33,048 INFO  impl.FollowerState (FollowerState.java:run(106)) - a7928bef-0ccc-470a-99bc-9391bc7baf0a:group-7063BB1B73A7 changes to CANDIDATE, lastRpcTime:5030, electionTimeout:5030ms
2019-08-20 15:03:33,048 INFO  impl.RoleInfo (RoleInfo.java:shutdownFollowerState(121)) - a7928bef-0ccc-470a-99bc-9391bc7baf0a: shutdown FollowerState
2019-08-20 15:03:33,048 INFO  impl.RaftServerImpl (RaftServerImpl.java:setRole(171)) - a7928bef-0ccc-470a-99bc-9391bc7baf0a:group-7063BB1B73A7 changes role from FOLLOWER to CANDIDATE at term 0 for changeToCandidate
2019-08-20 15:03:33,048 INFO  impl.RoleInfo (RoleInfo.java:updateAndGet(143)) - a7928bef-0ccc-470a-99bc-9391bc7baf0a: start LeaderElection
2019-08-20 15:03:33,058 INFO  segmented.SegmentedRaftLogWorker (SegmentedRaftLogWorker.java:execute(569)) - 2ad36b2b-54cc-489b-a4d7-1c5d097f1130-SegmentedRaftLogWorker:Storage Directory /workdir/hadoop-ozone/integration-test/target/test-dir/MiniOzoneClusterImpl-654ee0d8-0ca1-4e4d-a6f4-0992848371a2/datanode-0/data/ratis/0083b782-b989-4afd-a27e-94d3794360fd: created new log segment /workdir/hadoop-ozone/integration-test/target/test-dir/MiniOzoneClusterImpl-654ee0d8-0ca1-4e4d-a6f4-0992848371a2/datanode-0/data/ratis/0083b782-b989-4afd-a27e-94d3794360fd/current/log_inprogress_0
2019-08-20 15:03:33,058 INFO  impl.LeaderElection (LeaderElection.java:askForVotes(181)) - 98074250-0c22-486c-8470-5b27d36fa846:group-9A7774D79169:LeaderElection2: begin an election at term 1 for -1: [98074250-0c22-486c-8470-5b27d36fa846:192.168.5.159:39551], old=null
2019-08-20 15:03:33,058 INFO  impl.LeaderElection (LeaderElection.java:askForVotes(181)) - a7928bef-0ccc-470a-99bc-9391bc7baf0a:group-7063BB1B73A7:LeaderElection3: begin an election at term 1 for -1: [a7928bef-0ccc-470a-99bc-9391bc7baf0a:192.168.5.159:39310], old=null
2019-08-20 15:03:33,062 INFO  impl.RoleInfo (RoleInfo.java:shutdownLeaderElection(134)) - 98074250-0c22-486c-8470-5b27d36fa846: shutdown LeaderElection
2019-08-20 15:03:33,062 INFO  impl.RoleInfo (RoleInfo.java:shutdownLeaderElection(134)) - a7928bef-0ccc-470a-99bc-9391bc7baf0a: shutdown LeaderElection
2019-08-20 15:03:33,062 INFO  impl.RaftServerImpl (RaftServerImpl.java:setRole(171)) - 98074250-0c22-486c-8470-5b27d36fa846:group-9A7774D79169 changes role from CANDIDATE to LEADER at term 1 for changeToLeader
2019-08-20 15:03:33,062 INFO  impl.RaftServerImpl (RaftServerImpl.java:setRole(171)) - a7928bef-0ccc-470a-99bc-9391bc7baf0a:group-7063BB1B73A7 changes role from CANDIDATE to LEADER at term 1 for changeToLeader
2019-08-20 15:03:33,062 INFO  impl.RaftServerImpl (ServerState.java:setLeader(263)) - 98074250-0c22-486c-8470-5b27d36fa846:group-9A7774D79169 change Leader from null to 98074250-0c22-486c-8470-5b27d36fa846 at term 1 for becomeLeader, leader elected after 5161ms
2019-08-20 15:03:33,062 INFO  impl.RaftServerImpl (ServerState.java:setLeader(263)) - a7928bef-0ccc-470a-99bc-9391bc7baf0a:group-7063BB1B73A7 change Leader from null to a7928bef-0ccc-470a-99bc-9391bc7baf0a at term 1 for becomeLeader, leader elected after 5057ms
2019-08-20 15:03:33,063 INFO  server.RaftServerConfigKeys (ConfUtils.java:logGet(43)) - raft.server.staging.catchup.gap = 1000 (default)
2019-08-20 15:03:33,064 INFO  server.RaftServerConfigKeys (ConfUtils.java:logGet(43)) - raft.server.staging.catchup.gap = 1000 (default)
2019-08-20 15:03:33,064 INFO  server.RaftServerConfigKeys (ConfUtils.java:logGet(43)) - raft.server.rpc.sleep.time = 25ms (default)
2019-08-20 15:03:33,065 INFO  server.RaftServerConfigKeys (ConfUtils.java:logGet(43)) - raft.server.rpc.sleep.time = 25ms (default)
2019-08-20 15:03:33,065 INFO  server.RaftServerConfigKeys (ConfUtils.java:logGet(43)) - raft.server.write.element-limit = 4096 (default)
2019-08-20 15:03:33,065 INFO  server.RaftServerConfigKeys (ConfUtils.java:logGet(43)) - raft.server.write.element-limit = 4096 (default)
2019-08-20 15:03:33,065 INFO  server.RaftServerConfigKeys (ConfUtils.java:logGet(43)) - raft.server.watch.timeout = 10s (default)
2019-08-20 15:03:33,066 INFO  server.RaftServerConfigKeys (ConfUtils.java:logGet(43)) - raft.server.watch.timeout = 10s (default)
2019-08-20 15:03:33,066 INFO  server.RaftServerConfigKeys (ConfUtils.java:logGet(43)) - raft.server.watch.timeout.denomination = 1s (default)
2019-08-20 15:03:33,066 INFO  server.RaftServerConfigKeys (ConfUtils.java:logGet(43)) - raft.server.watch.timeout.denomination = 1s (default)
2019-08-20 15:03:33,066 INFO  server.RaftServerConfigKeys (ConfUtils.java:logGet(43)) - raft.server.watch.element-limit = 65536 (default)
2019-08-20 15:03:33,066 INFO  server.RaftServerConfigKeys (ConfUtils.java:logGet(43)) - raft.server.watch.element-limit = 65536 (default)
2019-08-20 15:03:33,066 INFO  impl.RoleInfo (RoleInfo.java:updateAndGet(143)) - a7928bef-0ccc-470a-99bc-9391bc7baf0a: start LeaderState
2019-08-20 15:03:33,066 INFO  impl.RoleInfo (RoleInfo.java:updateAndGet(143)) - 98074250-0c22-486c-8470-5b27d36fa846: start LeaderState
2019-08-20 15:03:33,066 INFO  segmented.SegmentedRaftLogWorker (SegmentedRaftLogWorker.java:startLogSegment(380)) - a7928bef-0ccc-470a-99bc-9391bc7baf0a-SegmentedRaftLogWorker:Storage Directory /workdir/hadoop-ozone/integration-test/target/test-dir/MiniOzoneClusterImpl-654ee0d8-0ca1-4e4d-a6f4-0992848371a2/datanode-4/data/ratis/3d23f69a-e1c8-49a8-9588-7063bb1b73a7: Starting segment from index:0
2019-08-20 15:03:33,066 INFO  segmented.SegmentedRaftLogWorker (SegmentedRaftLogWorker.java:startLogSegment(380)) - 98074250-0c22-486c-8470-5b27d36fa846-SegmentedRaftLogWorker:Storage Directory /workdir/hadoop-ozone/integration-test/target/test-dir/MiniOzoneClusterImpl-654ee0d8-0ca1-4e4d-a6f4-0992848371a2/datanode-3/data/ratis/785908f3-2925-49ee-9b5c-9a7774d79169: Starting segment from index:0
2019-08-20 15:03:33,067 INFO  impl.RaftServerImpl (ServerState.java:setRaftConf(361)) - a7928bef-0ccc-470a-99bc-9391bc7baf0a:group-7063BB1B73A7 set configuration 0: [a7928bef-0ccc-470a-99bc-9391bc7baf0a:192.168.5.159:39310], old=null at 0
2019-08-20 15:03:33,067 INFO  impl.RaftServerImpl (ServerState.java:setRaftConf(361)) - 98074250-0c22-486c-8470-5b27d36fa846:group-9A7774D79169 set configuration 0: [98074250-0c22-486c-8470-5b27d36fa846:192.168.5.159:39551], old=null at 0
2019-08-20 15:03:33,111 INFO  segmented.SegmentedRaftLogWorker (SegmentedRaftLogWorker.java:execute(569)) - a7928bef-0ccc-470a-99bc-9391bc7baf0a-SegmentedRaftLogWorker:Storage Directory /workdir/hadoop-ozone/integration-test/target/test-dir/MiniOzoneClusterImpl-654ee0d8-0ca1-4e4d-a6f4-0992848371a2/datanode-4/data/ratis/3d23f69a-e1c8-49a8-9588-7063bb1b73a7: created new log segment /workdir/hadoop-ozone/integration-test/target/test-dir/MiniOzoneClusterImpl-654ee0d8-0ca1-4e4d-a6f4-0992848371a2/datanode-4/data/ratis/3d23f69a-e1c8-49a8-9588-7063bb1b73a7/current/log_inprogress_0
2019-08-20 15:03:33,111 INFO  segmented.SegmentedRaftLogWorker (SegmentedRaftLogWorker.java:execute(569)) - 98074250-0c22-486c-8470-5b27d36fa846-SegmentedRaftLogWorker:Storage Directory /workdir/hadoop-ozone/integration-test/target/test-dir/MiniOzoneClusterImpl-654ee0d8-0ca1-4e4d-a6f4-0992848371a2/datanode-3/data/ratis/785908f3-2925-49ee-9b5c-9a7774d79169: created new log segment /workdir/hadoop-ozone/integration-test/target/test-dir/MiniOzoneClusterImpl-654ee0d8-0ca1-4e4d-a6f4-0992848371a2/datanode-3/data/ratis/785908f3-2925-49ee-9b5c-9a7774d79169/current/log_inprogress_0
2019-08-20 15:03:33,174 INFO  impl.FollowerState (FollowerState.java:run(106)) - 68017ce1-0e7b-44f8-ba2c-4905daff1bbd:group-5319B56E27D1 changes to CANDIDATE, lastRpcTime:5007, electionTimeout:5007ms
2019-08-20 15:03:33,176 INFO  impl.RoleInfo (RoleInfo.java:shutdownFollowerState(121)) - 68017ce1-0e7b-44f8-ba2c-4905daff1bbd: shutdown FollowerState
2019-08-20 15:03:33,176 INFO  impl.RaftServerImpl (RaftServerImpl.java:setRole(171)) - 68017ce1-0e7b-44f8-ba2c-4905daff1bbd:group-5319B56E27D1 changes role from FOLLOWER to CANDIDATE at term 0 for changeToCandidate
2019-08-20 15:03:33,176 INFO  impl.RoleInfo (RoleInfo.java:updateAndGet(143)) - 68017ce1-0e7b-44f8-ba2c-4905daff1bbd: start LeaderElection
2019-08-20 15:03:33,193 INFO  impl.LeaderElection (LeaderElection.java:askForVotes(181)) - 68017ce1-0e7b-44f8-ba2c-4905daff1bbd:group-5319B56E27D1:LeaderElection4: begin an election at term 1 for -1: [68017ce1-0e7b-44f8-ba2c-4905daff1bbd:192.168.5.159:43160], old=null
2019-08-20 15:03:33,195 INFO  impl.RoleInfo (RoleInfo.java:shutdownLeaderElection(134)) - 68017ce1-0e7b-44f8-ba2c-4905daff1bbd: shutdown LeaderElection
2019-08-20 15:03:33,195 INFO  impl.RaftServerImpl (RaftServerImpl.java:setRole(171)) - 68017ce1-0e7b-44f8-ba2c-4905daff1bbd:group-5319B56E27D1 changes role from CANDIDATE to LEADER at term 1 for changeToLeader
2019-08-20 15:03:33,195 INFO  impl.RaftServerImpl (ServerState.java:setLeader(263)) - 68017ce1-0e7b-44f8-ba2c-4905daff1bbd:group-5319B56E27D1 change Leader from null to 68017ce1-0e7b-44f8-ba2c-4905daff1bbd at term 1 for becomeLeader, leader elected after 5032ms
2019-08-20 15:03:33,196 INFO  server.RaftServerConfigKeys (ConfUtils.java:logGet(43)) - raft.server.staging.catchup.gap = 1000 (default)
2019-08-20 15:03:33,197 INFO  server.RaftServerConfigKeys (ConfUtils.java:logGet(43)) - raft.server.rpc.sleep.time = 25ms (default)
2019-08-20 15:03:33,197 INFO  server.RaftServerConfigKeys (ConfUtils.java:logGet(43)) - raft.server.write.element-limit = 4096 (default)
2019-08-20 15:03:33,197 INFO  server.RaftServerConfigKeys (ConfUtils.java:logGet(43)) - raft.server.watch.timeout = 10s (default)
2019-08-20 15:03:33,198 INFO  server.RaftServerConfigKeys (ConfUtils.java:logGet(43)) - raft.server.watch.timeout.denomination = 1s (default)
2019-08-20 15:03:33,198 INFO  server.RaftServerConfigKeys (ConfUtils.java:logGet(43)) - raft.server.watch.element-limit = 65536 (default)
2019-08-20 15:03:33,198 INFO  impl.RoleInfo (RoleInfo.java:updateAndGet(143)) - 68017ce1-0e7b-44f8-ba2c-4905daff1bbd: start LeaderState
2019-08-20 15:03:33,198 INFO  segmented.SegmentedRaftLogWorker (SegmentedRaftLogWorker.java:startLogSegment(380)) - 68017ce1-0e7b-44f8-ba2c-4905daff1bbd-SegmentedRaftLogWorker:Storage Directory /workdir/hadoop-ozone/integration-test/target/test-dir/MiniOzoneClusterImpl-654ee0d8-0ca1-4e4d-a6f4-0992848371a2/datanode-2/data/ratis/a4e4bb91-6a39-484d-a4ff-5319b56e27d1: Starting segment from index:0
2019-08-20 15:03:33,201 INFO  impl.RaftServerImpl (ServerState.java:setRaftConf(361)) - 68017ce1-0e7b-44f8-ba2c-4905daff1bbd:group-5319B56E27D1 set configuration 0: [68017ce1-0e7b-44f8-ba2c-4905daff1bbd:192.168.5.159:43160], old=null at 0
2019-08-20 15:03:33,234 INFO  segmented.SegmentedRaftLogWorker (SegmentedRaftLogWorker.java:execute(569)) - 68017ce1-0e7b-44f8-ba2c-4905daff1bbd-SegmentedRaftLogWorker:Storage Directory /workdir/hadoop-ozone/integration-test/target/test-dir/MiniOzoneClusterImpl-654ee0d8-0ca1-4e4d-a6f4-0992848371a2/datanode-2/data/ratis/a4e4bb91-6a39-484d-a4ff-5319b56e27d1: created new log segment /workdir/hadoop-ozone/integration-test/target/test-dir/MiniOzoneClusterImpl-654ee0d8-0ca1-4e4d-a6f4-0992848371a2/datanode-2/data/ratis/a4e4bb91-6a39-484d-a4ff-5319b56e27d1/current/log_inprogress_0
2019-08-20 15:03:33,258 INFO  impl.FollowerState (FollowerState.java:run(106)) - ff623405-2635-4e87-a9f8-d1ef3c1a33ba:group-B48C90208D75 changes to CANDIDATE, lastRpcTime:5155, electionTimeout:5155ms
2019-08-20 15:03:33,258 INFO  impl.RoleInfo (RoleInfo.java:shutdownFollowerState(121)) - ff623405-2635-4e87-a9f8-d1ef3c1a33ba: shutdown FollowerState
2019-08-20 15:03:33,258 INFO  impl.RaftServerImpl (RaftServerImpl.java:setRole(171)) - ff623405-2635-4e87-a9f8-d1ef3c1a33ba:group-B48C90208D75 changes role from FOLLOWER to CANDIDATE at term 0 for changeToCandidate
2019-08-20 15:03:33,258 INFO  impl.RoleInfo (RoleInfo.java:updateAndGet(143)) - ff623405-2635-4e87-a9f8-d1ef3c1a33ba: start LeaderElection
2019-08-20 15:03:33,278 INFO  impl.LeaderElection (LeaderElection.java:askForVotes(181)) - ff623405-2635-4e87-a9f8-d1ef3c1a33ba:group-B48C90208D75:LeaderElection5: begin an election at term 1 for -1: [ff623405-2635-4e87-a9f8-d1ef3c1a33ba:192.168.5.159:40651], old=null
2019-08-20 15:03:33,280 INFO  impl.RoleInfo (RoleInfo.java:shutdownLeaderElection(134)) - ff623405-2635-4e87-a9f8-d1ef3c1a33ba: shutdown LeaderElection
2019-08-20 15:03:33,280 INFO  impl.RaftServerImpl (RaftServerImpl.java:setRole(171)) - ff623405-2635-4e87-a9f8-d1ef3c1a33ba:group-B48C90208D75 changes role from CANDIDATE to LEADER at term 1 for changeToLeader
2019-08-20 15:03:33,280 INFO  impl.RaftServerImpl (ServerState.java:setLeader(263)) - ff623405-2635-4e87-a9f8-d1ef3c1a33ba:group-B48C90208D75 change Leader from null to ff623405-2635-4e87-a9f8-d1ef3c1a33ba at term 1 for becomeLeader, leader elected after 5181ms
2019-08-20 15:03:33,282 INFO  server.RaftServerConfigKeys (ConfUtils.java:logGet(43)) - raft.server.staging.catchup.gap = 1000 (default)
2019-08-20 15:03:33,282 INFO  server.RaftServerConfigKeys (ConfUtils.java:logGet(43)) - raft.server.rpc.sleep.time = 25ms (default)
2019-08-20 15:03:33,282 INFO  server.RaftServerConfigKeys (ConfUtils.java:logGet(43)) - raft.server.write.element-limit = 4096 (default)
2019-08-20 15:03:33,282 INFO  server.RaftServerConfigKeys (ConfUtils.java:logGet(43)) - raft.server.watch.timeout = 10s (default)
2019-08-20 15:03:33,282 INFO  server.RaftServerConfigKeys (ConfUtils.java:logGet(43)) - raft.server.watch.timeout.denomination = 1s (default)
2019-08-20 15:03:33,282 INFO  server.RaftServerConfigKeys (ConfUtils.java:logGet(43)) - raft.server.watch.element-limit = 65536 (default)
2019-08-20 15:03:33,283 INFO  impl.RoleInfo (RoleInfo.java:updateAndGet(143)) - ff623405-2635-4e87-a9f8-d1ef3c1a33ba: start LeaderState
2019-08-20 15:03:33,283 INFO  segmented.SegmentedRaftLogWorker (SegmentedRaftLogWorker.java:startLogSegment(380)) - ff623405-2635-4e87-a9f8-d1ef3c1a33ba-SegmentedRaftLogWorker:Storage Directory /workdir/hadoop-ozone/integration-test/target/test-dir/MiniOzoneClusterImpl-654ee0d8-0ca1-4e4d-a6f4-0992848371a2/datanode-5/data/ratis/3618e5b7-dbb3-41b2-b2ea-b48c90208d75: Starting segment from index:0
2019-08-20 15:03:33,283 INFO  impl.RaftServerImpl (ServerState.java:setRaftConf(361)) - ff623405-2635-4e87-a9f8-d1ef3c1a33ba:group-B48C90208D75 set configuration 0: [ff623405-2635-4e87-a9f8-d1ef3c1a33ba:192.168.5.159:40651], old=null at 0
2019-08-20 15:03:33,333 INFO  segmented.SegmentedRaftLogWorker (SegmentedRaftLogWorker.java:execute(569)) - ff623405-2635-4e87-a9f8-d1ef3c1a33ba-SegmentedRaftLogWorker:Storage Directory /workdir/hadoop-ozone/integration-test/target/test-dir/MiniOzoneClusterImpl-654ee0d8-0ca1-4e4d-a6f4-0992848371a2/datanode-5/data/ratis/3618e5b7-dbb3-41b2-b2ea-b48c90208d75: created new log segment /workdir/hadoop-ozone/integration-test/target/test-dir/MiniOzoneClusterImpl-654ee0d8-0ca1-4e4d-a6f4-0992848371a2/datanode-5/data/ratis/3618e5b7-dbb3-41b2-b2ea-b48c90208d75/current/log_inprogress_0
2019-08-20 15:03:33,422 INFO  impl.FollowerState (FollowerState.java:run(106)) - 4b652405-42c2-48e1-8dc3-a0aff8a30386:group-D213F3E57CD0 changes to CANDIDATE, lastRpcTime:5187, electionTimeout:5187ms
2019-08-20 15:03:33,422 INFO  impl.RoleInfo (RoleInfo.java:shutdownFollowerState(121)) - 4b652405-42c2-48e1-8dc3-a0aff8a30386: shutdown FollowerState
2019-08-20 15:03:33,422 INFO  impl.RaftServerImpl (RaftServerImpl.java:setRole(171)) - 4b652405-42c2-48e1-8dc3-a0aff8a30386:group-D213F3E57CD0 changes role from FOLLOWER to CANDIDATE at term 0 for changeToCandidate
2019-08-20 15:03:33,422 INFO  impl.RoleInfo (RoleInfo.java:updateAndGet(143)) - 4b652405-42c2-48e1-8dc3-a0aff8a30386: start LeaderElection
2019-08-20 15:03:33,436 INFO  impl.FollowerState (FollowerState.java:run(106)) - 98074250-0c22-486c-8470-5b27d36fa846:group-42B84838849D changes to CANDIDATE, lastRpcTime:5098, electionTimeout:5096ms
2019-08-20 15:03:33,444 INFO  impl.RoleInfo (RoleInfo.java:shutdownFollowerState(121)) - 98074250-0c22-486c-8470-5b27d36fa846: shutdown FollowerState
2019-08-20 15:03:33,444 INFO  impl.LeaderElection (LeaderElection.java:askForVotes(181)) - 4b652405-42c2-48e1-8dc3-a0aff8a30386:group-D213F3E57CD0:LeaderElection6: begin an election at term 1 for -1: [4b652405-42c2-48e1-8dc3-a0aff8a30386:192.168.5.159:32817], old=null
2019-08-20 15:03:33,446 INFO  impl.RaftServerImpl (RaftServerImpl.java:setRole(171)) - 98074250-0c22-486c-8470-5b27d36fa846:group-42B84838849D changes role from FOLLOWER to CANDIDATE at term 0 for changeToCandidate
2019-08-20 15:03:33,446 INFO  impl.RoleInfo (RoleInfo.java:shutdownLeaderElection(134)) - 4b652405-42c2-48e1-8dc3-a0aff8a30386: shutdown LeaderElection
2019-08-20 15:03:33,447 INFO  impl.RoleInfo (RoleInfo.java:updateAndGet(143)) - 98074250-0c22-486c-8470-5b27d36fa846: start LeaderElection
2019-08-20 15:03:33,447 INFO  impl.RaftServerImpl (RaftServerImpl.java:setRole(171)) - 4b652405-42c2-48e1-8dc3-a0aff8a30386:group-D213F3E57CD0 changes role from CANDIDATE to LEADER at term 1 for changeToLeader
2019-08-20 15:03:33,447 INFO  impl.RaftServerImpl (ServerState.java:setLeader(263)) - 4b652405-42c2-48e1-8dc3-a0aff8a30386:group-D213F3E57CD0 change Leader from null to 4b652405-42c2-48e1-8dc3-a0aff8a30386 at term 1 for becomeLeader, leader elected after 5215ms
2019-08-20 15:03:33,452 INFO  server.RaftServerConfigKeys (ConfUtils.java:logGet(43)) - raft.server.staging.catchup.gap = 1000 (default)
2019-08-20 15:03:33,453 INFO  server.RaftServerConfigKeys (ConfUtils.java:logGet(43)) - raft.server.rpc.sleep.time = 25ms (default)
2019-08-20 15:03:33,453 INFO  server.RaftServerConfigKeys (ConfUtils.java:logGet(43)) - raft.server.write.element-limit = 4096 (default)
2019-08-20 15:03:33,453 INFO  server.RaftServerConfigKeys (ConfUtils.java:logGet(43)) - raft.server.watch.timeout = 10s (default)
2019-08-20 15:03:33,453 INFO  server.RaftServerConfigKeys (ConfUtils.java:logGet(43)) - raft.server.watch.timeout.denomination = 1s (default)
2019-08-20 15:03:33,453 INFO  server.RaftServerConfigKeys (ConfUtils.java:logGet(43)) - raft.server.watch.element-limit = 65536 (default)
2019-08-20 15:03:33,454 INFO  impl.RoleInfo (RoleInfo.java:updateAndGet(143)) - 4b652405-42c2-48e1-8dc3-a0aff8a30386: start LeaderState
2019-08-20 15:03:33,454 INFO  segmented.SegmentedRaftLogWorker (SegmentedRaftLogWorker.java:startLogSegment(380)) - 4b652405-42c2-48e1-8dc3-a0aff8a30386-SegmentedRaftLogWorker:Storage Directory /workdir/hadoop-ozone/integration-test/target/test-dir/MiniOzoneClusterImpl-654ee0d8-0ca1-4e4d-a6f4-0992848371a2/datanode-1/data/ratis/063638ae-6fbc-446d-a238-d213f3e57cd0: Starting segment from index:0
2019-08-20 15:03:33,454 INFO  impl.RaftServerImpl (ServerState.java:setRaftConf(361)) - 4b652405-42c2-48e1-8dc3-a0aff8a30386:group-D213F3E57CD0 set configuration 0: [4b652405-42c2-48e1-8dc3-a0aff8a30386:192.168.5.159:32817], old=null at 0
2019-08-20 15:03:33,482 INFO  impl.LeaderElection (LeaderElection.java:askForVotes(181)) - 98074250-0c22-486c-8470-5b27d36fa846:group-42B84838849D:LeaderElection7: begin an election at term 1 for -1: [a7928bef-0ccc-470a-99bc-9391bc7baf0a:192.168.5.159:39310, ff623405-2635-4e87-a9f8-d1ef3c1a33ba:192.168.5.159:40651, 98074250-0c22-486c-8470-5b27d36fa846:192.168.5.159:39551], old=null
2019-08-20 15:03:33,499 INFO  segmented.SegmentedRaftLogWorker (SegmentedRaftLogWorker.java:execute(569)) - 4b652405-42c2-48e1-8dc3-a0aff8a30386-SegmentedRaftLogWorker:Storage Directory /workdir/hadoop-ozone/integration-test/target/test-dir/MiniOzoneClusterImpl-654ee0d8-0ca1-4e4d-a6f4-0992848371a2/datanode-1/data/ratis/063638ae-6fbc-446d-a238-d213f3e57cd0: created new log segment /workdir/hadoop-ozone/integration-test/target/test-dir/MiniOzoneClusterImpl-654ee0d8-0ca1-4e4d-a6f4-0992848371a2/datanode-1/data/ratis/063638ae-6fbc-446d-a238-d213f3e57cd0/current/log_inprogress_0
2019-08-20 15:03:33,506 INFO  impl.FollowerState (FollowerState.java:run(106)) - a7928bef-0ccc-470a-99bc-9391bc7baf0a:group-42B84838849D changes to CANDIDATE, lastRpcTime:5165, electionTimeout:5164ms
2019-08-20 15:03:33,506 INFO  impl.RoleInfo (RoleInfo.java:shutdownFollowerState(121)) - a7928bef-0ccc-470a-99bc-9391bc7baf0a: shutdown FollowerState
2019-08-20 15:03:33,506 INFO  impl.RaftServerImpl (RaftServerImpl.java:setRole(171)) - a7928bef-0ccc-470a-99bc-9391bc7baf0a:group-42B84838849D changes role from FOLLOWER to CANDIDATE at term 0 for changeToCandidate
2019-08-20 15:03:33,506 INFO  impl.RoleInfo (RoleInfo.java:updateAndGet(143)) - a7928bef-0ccc-470a-99bc-9391bc7baf0a: start LeaderElection
2019-08-20 15:03:33,512 INFO  impl.RaftServerImpl (RaftServerImpl.java:setRole(171)) - ff623405-2635-4e87-a9f8-d1ef3c1a33ba:group-42B84838849D changes role from FOLLOWER to FOLLOWER at term 1 for recognizeCandidate:98074250-0c22-486c-8470-5b27d36fa846
2019-08-20 15:03:33,513 INFO  impl.RoleInfo (RoleInfo.java:shutdownFollowerState(121)) - ff623405-2635-4e87-a9f8-d1ef3c1a33ba: shutdown FollowerState
2019-08-20 15:03:33,513 INFO  impl.RoleInfo (RoleInfo.java:updateAndGet(143)) - ff623405-2635-4e87-a9f8-d1ef3c1a33ba: start FollowerState
2019-08-20 15:03:33,513 INFO  impl.FollowerState (FollowerState.java:run(114)) - ff623405-2635-4e87-a9f8-d1ef3c1a33ba: FollowerState was interrupted: java.lang.InterruptedException: sleep interrupted
2019-08-20 15:03:33,522 INFO  impl.FollowerState (FollowerState.java:run(106)) - 68017ce1-0e7b-44f8-ba2c-4905daff1bbd:group-BE58894CF9F9 changes to CANDIDATE, lastRpcTime:5098, electionTimeout:5098ms
2019-08-20 15:03:33,522 INFO  impl.RoleInfo (RoleInfo.java:shutdownFollowerState(121)) - 68017ce1-0e7b-44f8-ba2c-4905daff1bbd: shutdown FollowerState
2019-08-20 15:03:33,522 INFO  impl.RaftServerImpl (RaftServerImpl.java:setRole(171)) - 68017ce1-0e7b-44f8-ba2c-4905daff1bbd:group-BE58894CF9F9 changes role from FOLLOWER to CANDIDATE at term 0 for changeToCandidate
2019-08-20 15:03:33,522 INFO  impl.RoleInfo (RoleInfo.java:updateAndGet(143)) - 68017ce1-0e7b-44f8-ba2c-4905daff1bbd: start LeaderElection
2019-08-20 15:03:33,526 INFO  impl.LeaderElection (LeaderElection.java:askForVotes(181)) - a7928bef-0ccc-470a-99bc-9391bc7baf0a:group-42B84838849D:LeaderElection8: begin an election at term 1 for -1: [a7928bef-0ccc-470a-99bc-9391bc7baf0a:192.168.5.159:39310, ff623405-2635-4e87-a9f8-d1ef3c1a33ba:192.168.5.159:40651, 98074250-0c22-486c-8470-5b27d36fa846:192.168.5.159:39551], old=null
2019-08-20 15:03:33,529 INFO  impl.LeaderElection (LeaderElection.java:askForVotes(181)) - 68017ce1-0e7b-44f8-ba2c-4905daff1bbd:group-BE58894CF9F9:LeaderElection9: begin an election at term 1 for -1: [4b652405-42c2-48e1-8dc3-a0aff8a30386:192.168.5.159:32817, 68017ce1-0e7b-44f8-ba2c-4905daff1bbd:192.168.5.159:43160, 2ad36b2b-54cc-489b-a4d7-1c5d097f1130:192.168.5.159:38179], old=null
2019-08-20 15:03:33,546 INFO  impl.LeaderElection (LeaderElection.java:logAndReturn(56)) - 98074250-0c22-486c-8470-5b27d36fa846:group-42B84838849D:LeaderElection7: Election PASSED; received 1 response(s) [98074250-0c22-486c-8470-5b27d36fa846<-ff623405-2635-4e87-a9f8-d1ef3c1a33ba#0:OK-t1] and 0 exception(s); 98074250-0c22-486c-8470-5b27d36fa846:t1, leader=null, voted=98074250-0c22-486c-8470-5b27d36fa846, raftlog=98074250-0c22-486c-8470-5b27d36fa846-SegmentedRaftLog:OPENED:c-1,f-1,i0, conf=-1: [a7928bef-0ccc-470a-99bc-9391bc7baf0a:192.168.5.159:39310, ff623405-2635-4e87-a9f8-d1ef3c1a33ba:192.168.5.159:40651, 98074250-0c22-486c-8470-5b27d36fa846:192.168.5.159:39551], old=null
2019-08-20 15:03:33,547 INFO  impl.RoleInfo (RoleInfo.java:shutdownLeaderElection(134)) - 98074250-0c22-486c-8470-5b27d36fa846: shutdown LeaderElection
2019-08-20 15:03:33,548 INFO  impl.RaftServerImpl (RaftServerImpl.java:setRole(171)) - 98074250-0c22-486c-8470-5b27d36fa846:group-42B84838849D changes role from CANDIDATE to LEADER at term 1 for changeToLeader
2019-08-20 15:03:33,551 INFO  impl.RaftServerImpl (ServerState.java:setLeader(263)) - 98074250-0c22-486c-8470-5b27d36fa846:group-42B84838849D change Leader from null to 98074250-0c22-486c-8470-5b27d36fa846 at term 1 for becomeLeader, leader elected after 5232ms
2019-08-20 15:03:33,551 INFO  impl.FollowerState (FollowerState.java:run(106)) - 2ad36b2b-54cc-489b-a4d7-1c5d097f1130:group-BE58894CF9F9 changes to CANDIDATE, lastRpcTime:5129, electionTimeout:5129ms
2019-08-20 15:03:33,554 INFO  server.RaftServerConfigKeys (ConfUtils.java:logGet(43)) - raft.server.staging.catchup.gap = 1000 (default)
2019-08-20 15:03:33,559 INFO  impl.RoleInfo (RoleInfo.java:shutdownFollowerState(121)) - 2ad36b2b-54cc-489b-a4d7-1c5d097f1130: shutdown FollowerState
2019-08-20 15:03:33,559 INFO  server.RaftServerConfigKeys (ConfUtils.java:logGet(43)) - raft.server.rpc.sleep.time = 25ms (default)
2019-08-20 15:03:33,560 INFO  impl.RaftServerImpl (RaftServerImpl.java:setRole(171)) - 2ad36b2b-54cc-489b-a4d7-1c5d097f1130:group-BE58894CF9F9 changes role from FOLLOWER to CANDIDATE at term 0 for changeToCandidate
2019-08-20 15:03:33,564 INFO  server.RaftServerConfigKeys (ConfUtils.java:logGet(43)) - raft.server.write.element-limit = 4096 (default)
2019-08-20 15:03:33,564 INFO  impl.RoleInfo (RoleInfo.java:updateAndGet(143)) - 2ad36b2b-54cc-489b-a4d7-1c5d097f1130: start LeaderElection
2019-08-20 15:03:33,562 INFO  impl.RaftServerImpl (RaftServerImpl.java:setRole(171)) - 4b652405-42c2-48e1-8dc3-a0aff8a30386:group-BE58894CF9F9 changes role from FOLLOWER to FOLLOWER at term 1 for recognizeCandidate:68017ce1-0e7b-44f8-ba2c-4905daff1bbd
2019-08-20 15:03:33,564 INFO  impl.RoleInfo (RoleInfo.java:shutdownFollowerState(121)) - 4b652405-42c2-48e1-8dc3-a0aff8a30386: shutdown FollowerState
2019-08-20 15:03:33,564 INFO  server.RaftServerConfigKeys (ConfUtils.java:logGet(43)) - raft.server.watch.timeout = 10s (default)
2019-08-20 15:03:33,566 INFO  impl.RoleInfo (RoleInfo.java:updateAndGet(143)) - 4b652405-42c2-48e1-8dc3-a0aff8a30386: start FollowerState
2019-08-20 15:03:33,566 INFO  impl.FollowerState (FollowerState.java:run(114)) - 4b652405-42c2-48e1-8dc3-a0aff8a30386: FollowerState was interrupted: java.lang.InterruptedException: sleep interrupted
2019-08-20 15:03:33,566 INFO  impl.RaftServerImpl (RaftServerImpl.java:setRole(171)) - 2ad36b2b-54cc-489b-a4d7-1c5d097f1130:group-BE58894CF9F9 changes role from CANDIDATE to FOLLOWER at term 1 for recognizeCandidate:68017ce1-0e7b-44f8-ba2c-4905daff1bbd
2019-08-20 15:03:33,566 INFO  server.RaftServerConfigKeys (ConfUtils.java:logGet(43)) - raft.server.watch.timeout.denomination = 1s (default)
2019-08-20 15:03:33,568 INFO  impl.RoleInfo (RoleInfo.java:shutdownLeaderElection(134)) - 2ad36b2b-54cc-489b-a4d7-1c5d097f1130: shutdown LeaderElection
2019-08-20 15:03:33,568 INFO  server.RaftServerConfigKeys (ConfUtils.java:logGet(43)) - raft.server.watch.element-limit = 65536 (default)
2019-08-20 15:03:33,568 INFO  impl.RoleInfo (RoleInfo.java:updateAndGet(143)) - 2ad36b2b-54cc-489b-a4d7-1c5d097f1130: start FollowerState
2019-08-20 15:03:33,570 INFO  server.RaftServerConfigKeys (ConfUtils.java:logGet(43)) - raft.server.log.appender.snapshot.chunk.size.max = 16MB (=16777216) (default)
2019-08-20 15:03:33,571 INFO  server.RaftServerConfigKeys (ConfUtils.java:logGet(43)) - raft.server.log.appender.buffer.byte-limit = 33554432 (custom)
2019-08-20 15:03:33,571 INFO  server.RaftServerConfigKeys (ConfUtils.java:logGet(43)) - raft.server.log.appender.buffer.element-limit = 1 (custom)
2019-08-20 15:03:33,573 INFO  grpc.GrpcConfigKeys$Server (ConfUtils.java:logGet(43)) - raft.grpc.server.leader.outstanding.appends.max = 128 (default)
2019-08-20 15:03:33,575 INFO  server.RaftServerConfigKeys (ConfUtils.java:logGet(43)) - raft.server.rpc.request.timeout = 3000ms (default)
2019-08-20 15:03:33,575 INFO  server.RaftServerConfigKeys (ConfUtils.java:logGet(43)) - raft.server.log.appender.install.snapshot.enabled = false (custom)
2019-08-20 15:03:33,576 INFO  server.RaftServerConfigKeys (ConfUtils.java:logGet(43)) - raft.server.log.appender.snapshot.chunk.size.max = 16MB (=16777216) (default)
2019-08-20 15:03:33,576 INFO  server.RaftServerConfigKeys (ConfUtils.java:logGet(43)) - raft.server.log.appender.buffer.byte-limit = 33554432 (custom)
2019-08-20 15:03:33,576 INFO  server.RaftServerConfigKeys (ConfUtils.java:logGet(43)) - raft.server.log.appender.buffer.element-limit = 1 (custom)
2019-08-20 15:03:33,576 INFO  grpc.GrpcConfigKeys$Server (ConfUtils.java:logGet(43)) - raft.grpc.server.leader.outstanding.appends.max = 128 (default)
2019-08-20 15:03:33,576 INFO  server.RaftServerConfigKeys (ConfUtils.java:logGet(43)) - raft.server.rpc.request.timeout = 3000ms (default)
2019-08-20 15:03:33,576 INFO  server.RaftServerConfigKeys (ConfUtils.java:logGet(43)) - raft.server.log.appender.install.snapshot.enabled = false (custom)
2019-08-20 15:03:33,577 INFO  impl.RoleInfo (RoleInfo.java:updateAndGet(143)) - 98074250-0c22-486c-8470-5b27d36fa846: start LeaderState
2019-08-20 15:03:33,578 INFO  segmented.SegmentedRaftLogWorker (SegmentedRaftLogWorker.java:startLogSegment(380)) - 98074250-0c22-486c-8470-5b27d36fa846-SegmentedRaftLogWorker:Storage Directory /workdir/hadoop-ozone/integration-test/target/test-dir/MiniOzoneClusterImpl-654ee0d8-0ca1-4e4d-a6f4-0992848371a2/datanode-3/data/ratis/920555f6-5f6b-48b1-9f49-42b84838849d: Starting segment from index:0
2019-08-20 15:03:33,578 INFO  impl.RaftServerImpl (ServerState.java:setRaftConf(361)) - 98074250-0c22-486c-8470-5b27d36fa846:group-42B84838849D set configuration 0: [a7928bef-0ccc-470a-99bc-9391bc7baf0a:192.168.5.159:39310, ff623405-2635-4e87-a9f8-d1ef3c1a33ba:192.168.5.159:40651, 98074250-0c22-486c-8470-5b27d36fa846:192.168.5.159:39551], old=null at 0
2019-08-20 15:03:33,611 INFO  impl.RaftServerImpl (RaftServerImpl.java:requestVote(754)) - 98074250-0c22-486c-8470-5b27d36fa846-LEADER: Withhold vote from candidate a7928bef-0ccc-470a-99bc-9391bc7baf0a with term 1. State: leader=98074250-0c22-486c-8470-5b27d36fa846, term=1, lastRpcElapsed=null
2019-08-20 15:03:33,619 INFO  impl.LeaderElection (LeaderElection.java:logAndReturn(56)) - 68017ce1-0e7b-44f8-ba2c-4905daff1bbd:group-BE58894CF9F9:LeaderElection9: Election PASSED; received 1 response(s) [68017ce1-0e7b-44f8-ba2c-4905daff1bbd<-4b652405-42c2-48e1-8dc3-a0aff8a30386#0:OK-t1] and 0 exception(s); 68017ce1-0e7b-44f8-ba2c-4905daff1bbd:t1, leader=null, voted=68017ce1-0e7b-44f8-ba2c-4905daff1bbd, raftlog=68017ce1-0e7b-44f8-ba2c-4905daff1bbd-SegmentedRaftLog:OPENED:c-1,f-1,i0, conf=-1: [4b652405-42c2-48e1-8dc3-a0aff8a30386:192.168.5.159:32817, 68017ce1-0e7b-44f8-ba2c-4905daff1bbd:192.168.5.159:43160, 2ad36b2b-54cc-489b-a4d7-1c5d097f1130:192.168.5.159:38179], old=null
2019-08-20 15:03:33,622 INFO  impl.RoleInfo (RoleInfo.java:shutdownLeaderElection(134)) - 68017ce1-0e7b-44f8-ba2c-4905daff1bbd: shutdown LeaderElection
2019-08-20 15:03:33,624 INFO  segmented.SegmentedRaftLogWorker (SegmentedRaftLogWorker.java:execute(569)) - 98074250-0c22-486c-8470-5b27d36fa846-SegmentedRaftLogWorker:Storage Directory /workdir/hadoop-ozone/integration-test/target/test-dir/MiniOzoneClusterImpl-654ee0d8-0ca1-4e4d-a6f4-0992848371a2/datanode-3/data/ratis/920555f6-5f6b-48b1-9f49-42b84838849d: created new log segment /workdir/hadoop-ozone/integration-test/target/test-dir/MiniOzoneClusterImpl-654ee0d8-0ca1-4e4d-a6f4-0992848371a2/datanode-3/data/ratis/920555f6-5f6b-48b1-9f49-42b84838849d/current/log_inprogress_0
2019-08-20 15:03:33,627 INFO  impl.RaftServerImpl (RaftServerImpl.java:setRole(171)) - 68017ce1-0e7b-44f8-ba2c-4905daff1bbd:group-BE58894CF9F9 changes role from CANDIDATE to LEADER at term 1 for changeToLeader
2019-08-20 15:03:33,627 INFO  impl.LeaderElection (LeaderElection.java:askForVotes(181)) - 2ad36b2b-54cc-489b-a4d7-1c5d097f1130:group-BE58894CF9F9:LeaderElection10: begin an election at term 2 for -1: [4b652405-42c2-48e1-8dc3-a0aff8a30386:192.168.5.159:32817, 68017ce1-0e7b-44f8-ba2c-4905daff1bbd:192.168.5.159:43160, 2ad36b2b-54cc-489b-a4d7-1c5d097f1130:192.168.5.159:38179], old=null
2019-08-20 15:03:33,627 INFO  impl.RaftServerImpl (ServerState.java:setLeader(263)) - 68017ce1-0e7b-44f8-ba2c-4905daff1bbd:group-BE58894CF9F9 change Leader from null to 68017ce1-0e7b-44f8-ba2c-4905daff1bbd at term 1 for becomeLeader, leader elected after 5213ms
2019-08-20 15:03:33,629 INFO  server.RaftServerConfigKeys (ConfUtils.java:logGet(43)) - raft.server.staging.catchup.gap = 1000 (default)
2019-08-20 15:03:33,629 INFO  server.RaftServerConfigKeys (ConfUtils.java:logGet(43)) - raft.server.rpc.sleep.time = 25ms (default)
2019-08-20 15:03:33,629 INFO  server.RaftServerConfigKeys (ConfUtils.java:logGet(43)) - raft.server.write.element-limit = 4096 (default)
2019-08-20 15:03:33,629 INFO  impl.LeaderElection (LeaderElection.java:logAndReturn(56)) - 2ad36b2b-54cc-489b-a4d7-1c5d097f1130:group-BE58894CF9F9:LeaderElection10: Election REJECTED; received 0 response(s) [] and 0 exception(s); 2ad36b2b-54cc-489b-a4d7-1c5d097f1130:t2, leader=null, voted=2ad36b2b-54cc-489b-a4d7-1c5d097f1130, raftlog=2ad36b2b-54cc-489b-a4d7-1c5d097f1130-SegmentedRaftLog:OPENED:c-1,f-1,i0, conf=-1: [4b652405-42c2-48e1-8dc3-a0aff8a30386:192.168.5.159:32817, 68017ce1-0e7b-44f8-ba2c-4905daff1bbd:192.168.5.159:43160, 2ad36b2b-54cc-489b-a4d7-1c5d097f1130:192.168.5.159:38179], old=null
2019-08-20 15:03:33,629 INFO  impl.LeaderElection (LeaderElection.java:logAndReturn(56)) - a7928bef-0ccc-470a-99bc-9391bc7baf0a:group-42B84838849D:LeaderElection8: Election REJECTED; received 2 response(s) [a7928bef-0ccc-470a-99bc-9391bc7baf0a<-ff623405-2635-4e87-a9f8-d1ef3c1a33ba#0:FAIL-t1, a7928bef-0ccc-470a-99bc-9391bc7baf0a<-98074250-0c22-486c-8470-5b27d36fa846#0:FAIL-t1] and 0 exception(s); a7928bef-0ccc-470a-99bc-9391bc7baf0a:t1, leader=null, voted=a7928bef-0ccc-470a-99bc-9391bc7baf0a, raftlog=a7928bef-0ccc-470a-99bc-9391bc7baf0a-SegmentedRaftLog:OPENED:c-1,f-1,i0, conf=-1: [a7928bef-0ccc-470a-99bc-9391bc7baf0a:192.168.5.159:39310, ff623405-2635-4e87-a9f8-d1ef3c1a33ba:192.168.5.159:40651, 98074250-0c22-486c-8470-5b27d36fa846:192.168.5.159:39551], old=null
2019-08-20 15:03:33,629 INFO  server.RaftServerConfigKeys (ConfUtils.java:logGet(43)) - raft.server.watch.timeout = 10s (default)
2019-08-20 15:03:33,634 INFO  server.RaftServerConfigKeys (ConfUtils.java:logGet(43)) - raft.server.watch.timeout.denomination = 1s (default)
2019-08-20 15:03:33,636 INFO  impl.RaftServerImpl (RaftServerImpl.java:setRole(171)) - a7928bef-0ccc-470a-99bc-9391bc7baf0a:group-42B84838849D changes role from CANDIDATE to FOLLOWER at term 1 for DISCOVERED_A_NEW_TERM
2019-08-20 15:03:33,636 INFO  server.RaftServerConfigKeys (ConfUtils.java:logGet(43)) - raft.server.watch.element-limit = 65536 (default)
2019-08-20 15:03:33,638 INFO  impl.RoleInfo (RoleInfo.java:shutdownLeaderElection(134)) - a7928bef-0ccc-470a-99bc-9391bc7baf0a: shutdown LeaderElection
2019-08-20 15:03:33,639 INFO  impl.RoleInfo (RoleInfo.java:updateAndGet(143)) - a7928bef-0ccc-470a-99bc-9391bc7baf0a: start FollowerState
2019-08-20 15:03:33,639 INFO  server.RaftServerConfigKeys (ConfUtils.java:logGet(43)) - raft.server.log.appender.snapshot.chunk.size.max = 16MB (=16777216) (default)
2019-08-20 15:03:33,641 INFO  server.RaftServerConfigKeys (ConfUtils.java:logGet(43)) - raft.server.log.appender.buffer.byte-limit = 33554432 (custom)
2019-08-20 15:03:33,642 INFO  server.RaftServerConfigKeys (ConfUtils.java:logGet(43)) - raft.server.log.appender.buffer.element-limit = 1 (custom)
2019-08-20 15:03:33,642 INFO  grpc.GrpcConfigKeys$Server (ConfUtils.java:logGet(43)) - raft.grpc.server.leader.outstanding.appends.max = 128 (default)
2019-08-20 15:03:33,642 INFO  server.RaftServerConfigKeys (ConfUtils.java:logGet(43)) - raft.server.rpc.request.timeout = 3000ms (default)
2019-08-20 15:03:33,642 INFO  server.RaftServerConfigKeys (ConfUtils.java:logGet(43)) - raft.server.log.appender.install.snapshot.enabled = false (custom)
2019-08-20 15:03:33,642 INFO  server.RaftServerConfigKeys (ConfUtils.java:logGet(43)) - raft.server.log.appender.snapshot.chunk.size.max = 16MB (=16777216) (default)
2019-08-20 15:03:33,642 INFO  server.RaftServerConfigKeys (ConfUtils.java:logGet(43)) - raft.server.log.appender.buffer.byte-limit = 33554432 (custom)
2019-08-20 15:03:33,642 INFO  server.RaftServerConfigKeys (ConfUtils.java:logGet(43)) - raft.server.log.appender.buffer.element-limit = 1 (custom)
2019-08-20 15:03:33,642 INFO  grpc.GrpcConfigKeys$Server (ConfUtils.java:logGet(43)) - raft.grpc.server.leader.outstanding.appends.max = 128 (default)
2019-08-20 15:03:33,643 INFO  server.RaftServerConfigKeys (ConfUtils.java:logGet(43)) - raft.server.rpc.request.timeout = 3000ms (default)
2019-08-20 15:03:33,643 INFO  server.RaftServerConfigKeys (ConfUtils.java:logGet(43)) - raft.server.log.appender.install.snapshot.enabled = false (custom)
2019-08-20 15:03:33,643 INFO  impl.RoleInfo (RoleInfo.java:updateAndGet(143)) - 68017ce1-0e7b-44f8-ba2c-4905daff1bbd: start LeaderState
2019-08-20 15:03:33,643 INFO  segmented.SegmentedRaftLogWorker (SegmentedRaftLogWorker.java:startLogSegment(380)) - 68017ce1-0e7b-44f8-ba2c-4905daff1bbd-SegmentedRaftLogWorker:Storage Directory /workdir/hadoop-ozone/integration-test/target/test-dir/MiniOzoneClusterImpl-654ee0d8-0ca1-4e4d-a6f4-0992848371a2/datanode-2/data/ratis/c8a5588f-f111-46f2-8019-be58894cf9f9: Starting segment from index:0
2019-08-20 15:03:33,644 INFO  impl.RaftServerImpl (ServerState.java:setRaftConf(361)) - 68017ce1-0e7b-44f8-ba2c-4905daff1bbd:group-BE58894CF9F9 set configuration 0: [4b652405-42c2-48e1-8dc3-a0aff8a30386:192.168.5.159:32817, 68017ce1-0e7b-44f8-ba2c-4905daff1bbd:192.168.5.159:43160, 2ad36b2b-54cc-489b-a4d7-1c5d097f1130:192.168.5.159:38179], old=null at 0
2019-08-20 15:03:33,688 INFO  impl.RaftServerImpl (ServerState.java:setLeader(263)) - 68017ce1-0e7b-44f8-ba2c-4905daff1bbd:group-BE58894CF9F9 change Leader from 68017ce1-0e7b-44f8-ba2c-4905daff1bbd to null at term 2 for updateCurrentTerm
2019-08-20 15:03:33,688 INFO  impl.RaftServerImpl (RaftServerImpl.java:setRole(171)) - 68017ce1-0e7b-44f8-ba2c-4905daff1bbd:group-BE58894CF9F9 changes role from LEADER to FOLLOWER at term 2 for recognizeCandidate:2ad36b2b-54cc-489b-a4d7-1c5d097f1130
2019-08-20 15:03:33,691 INFO  impl.RoleInfo (RoleInfo.java:shutdownLeaderState(104)) - 68017ce1-0e7b-44f8-ba2c-4905daff1bbd: shutdown LeaderState
2019-08-20 15:03:33,691 INFO  segmented.SegmentedRaftLogWorker (SegmentedRaftLogWorker.java:execute(569)) - 68017ce1-0e7b-44f8-ba2c-4905daff1bbd-SegmentedRaftLogWorker:Storage Directory /workdir/hadoop-ozone/integration-test/target/test-dir/MiniOzoneClusterImpl-654ee0d8-0ca1-4e4d-a6f4-0992848371a2/datanode-2/data/ratis/c8a5588f-f111-46f2-8019-be58894cf9f9: created new log segment /workdir/hadoop-ozone/integration-test/target/test-dir/MiniOzoneClusterImpl-654ee0d8-0ca1-4e4d-a6f4-0992848371a2/datanode-2/data/ratis/c8a5588f-f111-46f2-8019-be58894cf9f9/current/log_inprogress_0
2019-08-20 15:03:33,693 INFO  impl.RaftServerImpl (RaftServerImpl.java:setRole(171)) - 4b652405-42c2-48e1-8dc3-a0aff8a30386:group-BE58894CF9F9 changes role from FOLLOWER to FOLLOWER at term 2 for recognizeCandidate:2ad36b2b-54cc-489b-a4d7-1c5d097f1130
2019-08-20 15:03:33,693 INFO  impl.RoleInfo (RoleInfo.java:shutdownFollowerState(121)) - 4b652405-42c2-48e1-8dc3-a0aff8a30386: shutdown FollowerState
2019-08-20 15:03:33,699 INFO  impl.FollowerState (FollowerState.java:run(114)) - 4b652405-42c2-48e1-8dc3-a0aff8a30386: FollowerState was interrupted: java.lang.InterruptedException: sleep interrupted
2019-08-20 15:03:33,701 INFO  impl.PendingRequests (PendingRequests.java:sendNotLeaderResponses(202)) - 68017ce1-0e7b-44f8-ba2c-4905daff1bbd-PendingRequests: sendNotLeaderResponses
2019-08-20 15:03:33,707 INFO  impl.RoleInfo (RoleInfo.java:updateAndGet(143)) - 4b652405-42c2-48e1-8dc3-a0aff8a30386: start FollowerState
2019-08-20 15:03:33,701 WARN  server.GrpcLogAppender (GrpcLogAppender.java:mayWait(143)) - GrpcLogAppender(68017ce1-0e7b-44f8-ba2c-4905daff1bbd->4b652405-42c2-48e1-8dc3-a0aff8a30386): Wait interrupted by java.lang.InterruptedException
2019-08-20 15:03:33,700 WARN  server.GrpcLogAppender (GrpcLogAppender.java:mayWait(143)) - GrpcLogAppender(68017ce1-0e7b-44f8-ba2c-4905daff1bbd->2ad36b2b-54cc-489b-a4d7-1c5d097f1130): Wait interrupted by java.lang.InterruptedException
2019-08-20 15:03:33,713 INFO  impl.RaftServerImpl (ServerState.java:setLeader(263)) - ff623405-2635-4e87-a9f8-d1ef3c1a33ba:group-42B84838849D change Leader from null to 98074250-0c22-486c-8470-5b27d36fa846 at term 1 for appendEntries, leader elected after 5394ms
2019-08-20 15:03:33,718 INFO  impl.RaftServerImpl (ServerState.java:setLeader(263)) - a7928bef-0ccc-470a-99bc-9391bc7baf0a:group-42B84838849D change Leader from null to 98074250-0c22-486c-8470-5b27d36fa846 at term 1 for appendEntries, leader elected after 5399ms
2019-08-20 15:03:33,718 INFO  impl.RoleInfo (RoleInfo.java:updateAndGet(143)) - 68017ce1-0e7b-44f8-ba2c-4905daff1bbd: start FollowerState
2019-08-20 15:03:33,726 INFO  server.GrpcServerProtocolService (GrpcServerProtocolService.java:onCompleted(104)) - 2ad36b2b-54cc-489b-a4d7-1c5d097f1130: appendEntries completed
2019-08-20 15:03:33,731 INFO  server.GrpcLogAppender (GrpcLogAppender.java:onCompleted(292)) - 68017ce1-0e7b-44f8-ba2c-4905daff1bbd->2ad36b2b-54cc-489b-a4d7-1c5d097f1130: follower responses appendEntries COMPLETED
2019-08-20 15:03:33,732 INFO  server.GrpcServerProtocolService (GrpcServerProtocolService.java:onCompleted(104)) - 4b652405-42c2-48e1-8dc3-a0aff8a30386: appendEntries completed
2019-08-20 15:03:33,737 INFO  impl.FollowerInfo (FollowerInfo.java:lambda$new$0(50)) - 68017ce1-0e7b-44f8-ba2c-4905daff1bbd->2ad36b2b-54cc-489b-a4d7-1c5d097f1130: nextIndex: updateUnconditionally 0 -> 0
2019-08-20 15:03:33,745 INFO  server.GrpcLogAppender (GrpcLogAppender.java:onCompleted(292)) - 68017ce1-0e7b-44f8-ba2c-4905daff1bbd->4b652405-42c2-48e1-8dc3-a0aff8a30386: follower responses appendEntries COMPLETED
2019-08-20 15:03:33,747 INFO  impl.FollowerInfo (FollowerInfo.java:lambda$new$0(50)) - 68017ce1-0e7b-44f8-ba2c-4905daff1bbd->4b652405-42c2-48e1-8dc3-a0aff8a30386: nextIndex: updateUnconditionally 0 -> 0
2019-08-20 15:03:33,759 INFO  impl.RaftServerImpl (ServerState.java:setRaftConf(361)) - a7928bef-0ccc-470a-99bc-9391bc7baf0a:group-42B84838849D set configuration 0: [a7928bef-0ccc-470a-99bc-9391bc7baf0a:192.168.5.159:39310, ff623405-2635-4e87-a9f8-d1ef3c1a33ba:192.168.5.159:40651, 98074250-0c22-486c-8470-5b27d36fa846:192.168.5.159:39551], old=null at 0
2019-08-20 15:03:33,759 INFO  impl.RaftServerImpl (ServerState.java:setRaftConf(361)) - ff623405-2635-4e87-a9f8-d1ef3c1a33ba:group-42B84838849D set configuration 0: [a7928bef-0ccc-470a-99bc-9391bc7baf0a:192.168.5.159:39310, ff623405-2635-4e87-a9f8-d1ef3c1a33ba:192.168.5.159:40651, 98074250-0c22-486c-8470-5b27d36fa846:192.168.5.159:39551], old=null at 0
2019-08-20 15:03:33,759 INFO  segmented.SegmentedRaftLogWorker (SegmentedRaftLogWorker.java:startLogSegment(380)) - a7928bef-0ccc-470a-99bc-9391bc7baf0a-SegmentedRaftLogWorker:Storage Directory /workdir/hadoop-ozone/integration-test/target/test-dir/MiniOzoneClusterImpl-654ee0d8-0ca1-4e4d-a6f4-0992848371a2/datanode-4/data/ratis/920555f6-5f6b-48b1-9f49-42b84838849d: Starting segment from index:0
2019-08-20 15:03:33,759 INFO  segmented.SegmentedRaftLogWorker (SegmentedRaftLogWorker.java:startLogSegment(380)) - ff623405-2635-4e87-a9f8-d1ef3c1a33ba-SegmentedRaftLogWorker:Storage Directory /workdir/hadoop-ozone/integration-test/target/test-dir/MiniOzoneClusterImpl-654ee0d8-0ca1-4e4d-a6f4-0992848371a2/datanode-5/data/ratis/920555f6-5f6b-48b1-9f49-42b84838849d: Starting segment from index:0
2019-08-20 15:03:33,797 INFO  segmented.SegmentedRaftLogWorker (SegmentedRaftLogWorker.java:execute(569)) - ff623405-2635-4e87-a9f8-d1ef3c1a33ba-SegmentedRaftLogWorker:Storage Directory /workdir/hadoop-ozone/integration-test/target/test-dir/MiniOzoneClusterImpl-654ee0d8-0ca1-4e4d-a6f4-0992848371a2/datanode-5/data/ratis/920555f6-5f6b-48b1-9f49-42b84838849d: created new log segment /workdir/hadoop-ozone/integration-test/target/test-dir/MiniOzoneClusterImpl-654ee0d8-0ca1-4e4d-a6f4-0992848371a2/datanode-5/data/ratis/920555f6-5f6b-48b1-9f49-42b84838849d/current/log_inprogress_0
2019-08-20 15:03:33,797 INFO  segmented.SegmentedRaftLogWorker (SegmentedRaftLogWorker.java:execute(569)) - a7928bef-0ccc-470a-99bc-9391bc7baf0a-SegmentedRaftLogWorker:Storage Directory /workdir/hadoop-ozone/integration-test/target/test-dir/MiniOzoneClusterImpl-654ee0d8-0ca1-4e4d-a6f4-0992848371a2/datanode-4/data/ratis/920555f6-5f6b-48b1-9f49-42b84838849d: created new log segment /workdir/hadoop-ozone/integration-test/target/test-dir/MiniOzoneClusterImpl-654ee0d8-0ca1-4e4d-a6f4-0992848371a2/datanode-4/data/ratis/920555f6-5f6b-48b1-9f49-42b84838849d/current/log_inprogress_0
2019-08-20 15:03:33,974 INFO  client.GrpcClientProtocolClient (GrpcClientProtocolClient.java:onNext(255)) - client-3DBBC43D8E7E->a7928bef-0ccc-470a-99bc-9391bc7baf0a: receive RaftClientReply:client-3DBBC43D8E7E->a7928bef-0ccc-470a-99bc-9391bc7baf0a@group-42B84838849D, cid=16, FAILED org.apache.ratis.protocol.NotLeaderException: Server a7928bef-0ccc-470a-99bc-9391bc7baf0a is not the leader (98074250-0c22-486c-8470-5b27d36fa846:192.168.5.159:39551). Request must be sent to leader., logIndex=0, commits[a7928bef-0ccc-470a-99bc-9391bc7baf0a:c0, ff623405-2635-4e87-a9f8-d1ef3c1a33ba:c-1, 98074250-0c22-486c-8470-5b27d36fa846:c0]
2019-08-20 15:03:34,213 INFO  client.GrpcClientProtocolClient (GrpcClientProtocolClient.java:onNext(255)) - client-3DBBC43D8E7E->98074250-0c22-486c-8470-5b27d36fa846: receive RaftClientReply:client-3DBBC43D8E7E->98074250-0c22-486c-8470-5b27d36fa846@group-42B84838849D, cid=16, SUCCESS, logIndex=1, commits[98074250-0c22-486c-8470-5b27d36fa846:c1, a7928bef-0ccc-470a-99bc-9391bc7baf0a:c0, ff623405-2635-4e87-a9f8-d1ef3c1a33ba:c0]
2019-08-20 15:03:34,293 INFO  client.GrpcClientProtocolClient (GrpcClientProtocolClient.java:onNext(255)) - client-3DBBC43D8E7E->98074250-0c22-486c-8470-5b27d36fa846: receive RaftClientReply:client-3DBBC43D8E7E->98074250-0c22-486c-8470-5b27d36fa846@group-42B84838849D, cid=17, SUCCESS, logIndex=3, commits[98074250-0c22-486c-8470-5b27d36fa846:c8, a7928bef-0ccc-470a-99bc-9391bc7baf0a:c6, ff623405-2635-4e87-a9f8-d1ef3c1a33ba:c6]
2019-08-20 15:03:34,295 INFO  client.GrpcClientProtocolClient (GrpcClientProtocolClient.java:onNext(255)) - client-3DBBC43D8E7E->98074250-0c22-486c-8470-5b27d36fa846: receive RaftClientReply:client-3DBBC43D8E7E->98074250-0c22-486c-8470-5b27d36fa846@group-42B84838849D, cid=18, SUCCESS, logIndex=4, commits[98074250-0c22-486c-8470-5b27d36fa846:c8, a7928bef-0ccc-470a-99bc-9391bc7baf0a:c6, ff623405-2635-4e87-a9f8-d1ef3c1a33ba:c6]
2019-08-20 15:03:34,360 INFO  client.GrpcClientProtocolClient (GrpcClientProtocolClient.java:onNext(255)) - client-3DBBC43D8E7E->98074250-0c22-486c-8470-5b27d36fa846: receive RaftClientReply:client-3DBBC43D8E7E->98074250-0c22-486c-8470-5b27d36fa846@group-42B84838849D, cid=19, SUCCESS, logIndex=5, commits[98074250-0c22-486c-8470-5b27d36fa846:c8, a7928bef-0ccc-470a-99bc-9391bc7baf0a:c6, ff623405-2635-4e87-a9f8-d1ef3c1a33ba:c6]
2019-08-20 15:03:34,396 INFO  client.GrpcClientProtocolClient (GrpcClientProtocolClient.java:onNext(255)) - client-3DBBC43D8E7E->98074250-0c22-486c-8470-5b27d36fa846: receive RaftClientReply:client-3DBBC43D8E7E->98074250-0c22-486c-8470-5b27d36fa846@group-42B84838849D, cid=20, SUCCESS, logIndex=9, commits[98074250-0c22-486c-8470-5b27d36fa846:c10, a7928bef-0ccc-470a-99bc-9391bc7baf0a:c8, ff623405-2635-4e87-a9f8-d1ef3c1a33ba:c8]
2019-08-20 15:03:34,397 INFO  client.GrpcClientProtocolClient (GrpcClientProtocolClient.java:onNext(255)) - client-3DBBC43D8E7E->98074250-0c22-486c-8470-5b27d36fa846: receive RaftClientReply:client-3DBBC43D8E7E->98074250-0c22-486c-8470-5b27d36fa846@group-42B84838849D, cid=21, SUCCESS, logIndex=10, commits[98074250-0c22-486c-8470-5b27d36fa846:c10, a7928bef-0ccc-470a-99bc-9391bc7baf0a:c8, ff623405-2635-4e87-a9f8-d1ef3c1a33ba:c8]
2019-08-20 15:03:34,408 INFO  client.GrpcClientProtocolClient (GrpcClientProtocolClient.java:onNext(255)) - client-3DBBC43D8E7E->98074250-0c22-486c-8470-5b27d36fa846: receive RaftClientReply:client-3DBBC43D8E7E->98074250-0c22-486c-8470-5b27d36fa846@group-42B84838849D, cid=22, SUCCESS, logIndex=11, commits[98074250-0c22-486c-8470-5b27d36fa846:c12, a7928bef-0ccc-470a-99bc-9391bc7baf0a:c8, ff623405-2635-4e87-a9f8-d1ef3c1a33ba:c10]
2019-08-20 15:03:34,410 INFO  client.GrpcClientProtocolClient (GrpcClientProtocolClient.java:onNext(255)) - client-3DBBC43D8E7E->98074250-0c22-486c-8470-5b27d36fa846: receive RaftClientReply:client-3DBBC43D8E7E->98074250-0c22-486c-8470-5b27d36fa846@group-42B84838849D, cid=23, SUCCESS, logIndex=12, commits[98074250-0c22-486c-8470-5b27d36fa846:c14, a7928bef-0ccc-470a-99bc-9391bc7baf0a:c10, ff623405-2635-4e87-a9f8-d1ef3c1a33ba:c10]
2019-08-20 15:03:34,441 INFO  client.GrpcClientProtocolClient (GrpcClientProtocolClient.java:onNext(255)) - client-3DBBC43D8E7E->98074250-0c22-486c-8470-5b27d36fa846: receive RaftClientReply:client-3DBBC43D8E7E->98074250-0c22-486c-8470-5b27d36fa846@group-42B84838849D, cid=24, SUCCESS, logIndex=0, commits[98074250-0c22-486c-8470-5b27d36fa846:c15, a7928bef-0ccc-470a-99bc-9391bc7baf0a:c12, ff623405-2635-4e87-a9f8-d1ef3c1a33ba:c12]
2019-08-20 15:03:34,454 INFO  datanode.ObjectStoreHandler (ObjectStoreHandler.java:close(155)) - Closing ObjectStoreHandler.
2019-08-20 15:03:34,456 INFO  ozone.HddsDatanodeService (HddsDatanodeService.java:stop(451)) - Stopped plug-in org.apache.hadoop.ozone.web.OzoneHddsDatanodeService@65f3e805
2019-08-20 15:03:34,549 INFO  statemachine.DatanodeStateMachine (DatanodeStateMachine.java:lambda$startDaemon$0(350)) - Ozone container server started.
2019-08-20 15:03:34,566 INFO  client.GrpcClientProtocolClient (GrpcClientProtocolClient.java:onNext(255)) - client-3DBBC43D8E7E->98074250-0c22-486c-8470-5b27d36fa846: receive RaftClientReply:client-3DBBC43D8E7E->98074250-0c22-486c-8470-5b27d36fa846@group-42B84838849D, cid=25, SUCCESS, logIndex=17, commits[98074250-0c22-486c-8470-5b27d36fa846:c18, a7928bef-0ccc-470a-99bc-9391bc7baf0a:c16, ff623405-2635-4e87-a9f8-d1ef3c1a33ba:c16]
2019-08-20 15:03:34,595 INFO  client.GrpcClientProtocolClient (GrpcClientProtocolClient.java:onNext(255)) - client-3DBBC43D8E7E->98074250-0c22-486c-8470-5b27d36fa846: receive RaftClientReply:client-3DBBC43D8E7E->98074250-0c22-486c-8470-5b27d36fa846@group-42B84838849D, cid=26, SUCCESS, logIndex=18, commits[98074250-0c22-486c-8470-5b27d36fa846:c20, a7928bef-0ccc-470a-99bc-9391bc7baf0a:c18, ff623405-2635-4e87-a9f8-d1ef3c1a33ba:c18]
2019-08-20 15:03:38,593 INFO  impl.FollowerState (FollowerState.java:run(106)) - 2ad36b2b-54cc-489b-a4d7-1c5d097f1130:group-BE58894CF9F9 changes to CANDIDATE, lastRpcTime:5024, electionTimeout:5024ms
2019-08-20 15:03:38,593 INFO  impl.RoleInfo (RoleInfo.java:shutdownFollowerState(121)) - 2ad36b2b-54cc-489b-a4d7-1c5d097f1130: shutdown FollowerState
2019-08-20 15:03:38,593 INFO  impl.RaftServerImpl (RaftServerImpl.java:setRole(171)) - 2ad36b2b-54cc-489b-a4d7-1c5d097f1130:group-BE58894CF9F9 changes role from FOLLOWER to CANDIDATE at term 2 for changeToCandidate
2019-08-20 15:03:38,593 INFO  impl.RoleInfo (RoleInfo.java:updateAndGet(143)) - 2ad36b2b-54cc-489b-a4d7-1c5d097f1130: start LeaderElection
2019-08-20 15:03:38,609 INFO  impl.LeaderElection (LeaderElection.java:askForVotes(181)) - 2ad36b2b-54cc-489b-a4d7-1c5d097f1130:group-BE58894CF9F9:LeaderElection11: begin an election at term 3 for -1: [4b652405-42c2-48e1-8dc3-a0aff8a30386:192.168.5.159:32817, 68017ce1-0e7b-44f8-ba2c-4905daff1bbd:192.168.5.159:43160, 2ad36b2b-54cc-489b-a4d7-1c5d097f1130:192.168.5.159:38179], old=null
2019-08-20 15:03:38,617 INFO  impl.RaftServerImpl (RaftServerImpl.java:setRole(171)) - 4b652405-42c2-48e1-8dc3-a0aff8a30386:group-BE58894CF9F9 changes role from FOLLOWER to FOLLOWER at term 3 for recognizeCandidate:2ad36b2b-54cc-489b-a4d7-1c5d097f1130
2019-08-20 15:03:38,617 INFO  impl.RoleInfo (RoleInfo.java:shutdownFollowerState(121)) - 4b652405-42c2-48e1-8dc3-a0aff8a30386: shutdown FollowerState
2019-08-20 15:03:38,617 INFO  impl.RoleInfo (RoleInfo.java:updateAndGet(143)) - 4b652405-42c2-48e1-8dc3-a0aff8a30386: start FollowerState
2019-08-20 15:03:38,617 INFO  impl.FollowerState (FollowerState.java:run(114)) - 4b652405-42c2-48e1-8dc3-a0aff8a30386: FollowerState was interrupted: java.lang.InterruptedException: sleep interrupted
2019-08-20 15:03:38,620 INFO  impl.RaftServerImpl (RaftServerImpl.java:setRole(171)) - 68017ce1-0e7b-44f8-ba2c-4905daff1bbd:group-BE58894CF9F9 changes role from FOLLOWER to FOLLOWER at term 3 for recognizeCandidate:2ad36b2b-54cc-489b-a4d7-1c5d097f1130
2019-08-20 15:03:38,620 INFO  impl.RoleInfo (RoleInfo.java:shutdownFollowerState(121)) - 68017ce1-0e7b-44f8-ba2c-4905daff1bbd: shutdown FollowerState
2019-08-20 15:03:38,620 INFO  impl.FollowerState (FollowerState.java:run(114)) - 68017ce1-0e7b-44f8-ba2c-4905daff1bbd: FollowerState was interrupted: java.lang.InterruptedException: sleep interrupted
2019-08-20 15:03:38,620 INFO  impl.RoleInfo (RoleInfo.java:updateAndGet(143)) - 68017ce1-0e7b-44f8-ba2c-4905daff1bbd: start FollowerState
2019-08-20 15:03:38,635 INFO  impl.LeaderElection (LeaderElection.java:logAndReturn(56)) - 2ad36b2b-54cc-489b-a4d7-1c5d097f1130:group-BE58894CF9F9:LeaderElection11: Election PASSED; received 1 response(s) [2ad36b2b-54cc-489b-a4d7-1c5d097f1130<-4b652405-42c2-48e1-8dc3-a0aff8a30386#0:OK-t3] and 0 exception(s); 2ad36b2b-54cc-489b-a4d7-1c5d097f1130:t3, leader=null, voted=2ad36b2b-54cc-489b-a4d7-1c5d097f1130, raftlog=2ad36b2b-54cc-489b-a4d7-1c5d097f1130-SegmentedRaftLog:OPENED:c-1,f-1,i0, conf=-1: [4b652405-42c2-48e1-8dc3-a0aff8a30386:192.168.5.159:32817, 68017ce1-0e7b-44f8-ba2c-4905daff1bbd:192.168.5.159:43160, 2ad36b2b-54cc-489b-a4d7-1c5d097f1130:192.168.5.159:38179], old=null
2019-08-20 15:03:38,635 INFO  impl.RoleInfo (RoleInfo.java:shutdownLeaderElection(134)) - 2ad36b2b-54cc-489b-a4d7-1c5d097f1130: shutdown LeaderElection
2019-08-20 15:03:38,638 INFO  impl.RaftServerImpl (RaftServerImpl.java:setRole(171)) - 2ad36b2b-54cc-489b-a4d7-1c5d097f1130:group-BE58894CF9F9 changes role from CANDIDATE to LEADER at term 3 for changeToLeader
2019-08-20 15:03:38,638 INFO  impl.RaftServerImpl (ServerState.java:setLeader(263)) - 2ad36b2b-54cc-489b-a4d7-1c5d097f1130:group-BE58894CF9F9 change Leader from null to 2ad36b2b-54cc-489b-a4d7-1c5d097f1130 at term 3 for becomeLeader, leader elected after 10224ms
2019-08-20 15:03:38,638 INFO  server.RaftServerConfigKeys (ConfUtils.java:logGet(43)) - raft.server.staging.catchup.gap = 1000 (default)
2019-08-20 15:03:38,638 INFO  server.RaftServerConfigKeys (ConfUtils.java:logGet(43)) - raft.server.rpc.sleep.time = 25ms (default)
2019-08-20 15:03:38,638 INFO  server.RaftServerConfigKeys (ConfUtils.java:logGet(43)) - raft.server.write.element-limit = 4096 (default)
2019-08-20 15:03:38,638 INFO  server.RaftServerConfigKeys (ConfUtils.java:logGet(43)) - raft.server.watch.timeout = 10s (default)
2019-08-20 15:03:38,639 INFO  server.RaftServerConfigKeys (ConfUtils.java:logGet(43)) - raft.server.watch.timeout.denomination = 1s (default)
2019-08-20 15:03:38,639 INFO  server.RaftServerConfigKeys (ConfUtils.java:logGet(43)) - raft.server.watch.element-limit = 65536 (default)
2019-08-20 15:03:38,639 INFO  server.RaftServerConfigKeys (ConfUtils.java:logGet(43)) - raft.server.log.appender.snapshot.chunk.size.max = 16MB (=16777216) (default)
2019-08-20 15:03:38,639 INFO  server.RaftServerConfigKeys (ConfUtils.java:logGet(43)) - raft.server.log.appender.buffer.byte-limit = 33554432 (custom)
2019-08-20 15:03:38,639 INFO  server.RaftServerConfigKeys (ConfUtils.java:logGet(43)) - raft.server.log.appender.buffer.element-limit = 1 (custom)
2019-08-20 15:03:38,639 INFO  grpc.GrpcConfigKeys$Server (ConfUtils.java:logGet(43)) - raft.grpc.server.leader.outstanding.appends.max = 128 (default)
2019-08-20 15:03:38,639 INFO  server.RaftServerConfigKeys (ConfUtils.java:logGet(43)) - raft.server.rpc.request.timeout = 3000ms (default)
2019-08-20 15:03:38,640 INFO  server.RaftServerConfigKeys (ConfUtils.java:logGet(43)) - raft.server.log.appender.install.snapshot.enabled = false (custom)
2019-08-20 15:03:38,640 INFO  server.RaftServerConfigKeys (ConfUtils.java:logGet(43)) - raft.server.log.appender.snapshot.chunk.size.max = 16MB (=16777216) (default)
2019-08-20 15:03:38,640 INFO  server.RaftServerConfigKeys (ConfUtils.java:logGet(43)) - raft.server.log.appender.buffer.byte-limit = 33554432 (custom)
2019-08-20 15:03:38,640 INFO  server.RaftServerConfigKeys (ConfUtils.java:logGet(43)) - raft.server.log.appender.buffer.element-limit = 1 (custom)
2019-08-20 15:03:38,640 INFO  grpc.GrpcConfigKeys$Server (ConfUtils.java:logGet(43)) - raft.grpc.server.leader.outstanding.appends.max = 128 (default)
2019-08-20 15:03:38,640 INFO  server.RaftServerConfigKeys (ConfUtils.java:logGet(43)) - raft.server.rpc.request.timeout = 3000ms (default)
2019-08-20 15:03:38,640 INFO  server.RaftServerConfigKeys (ConfUtils.java:logGet(43)) - raft.server.log.appender.install.snapshot.enabled = false (custom)
2019-08-20 15:03:38,640 INFO  impl.RoleInfo (RoleInfo.java:updateAndGet(143)) - 2ad36b2b-54cc-489b-a4d7-1c5d097f1130: start LeaderState
2019-08-20 15:03:38,641 INFO  segmented.SegmentedRaftLogWorker (SegmentedRaftLogWorker.java:startLogSegment(380)) - 2ad36b2b-54cc-489b-a4d7-1c5d097f1130-SegmentedRaftLogWorker:Storage Directory /workdir/hadoop-ozone/integration-test/target/test-dir/MiniOzoneClusterImpl-654ee0d8-0ca1-4e4d-a6f4-0992848371a2/datanode-0/data/ratis/c8a5588f-f111-46f2-8019-be58894cf9f9: Starting segment from index:0
2019-08-20 15:03:38,641 INFO  impl.RaftServerImpl (ServerState.java:setRaftConf(361)) - 2ad36b2b-54cc-489b-a4d7-1c5d097f1130:group-BE58894CF9F9 set configuration 0: [4b652405-42c2-48e1-8dc3-a0aff8a30386:192.168.5.159:32817, 68017ce1-0e7b-44f8-ba2c-4905daff1bbd:192.168.5.159:43160, 2ad36b2b-54cc-489b-a4d7-1c5d097f1130:192.168.5.159:38179], old=null at 0
2019-08-20 15:03:38,669 INFO  impl.RaftServerImpl (ServerState.java:setLeader(263)) - 68017ce1-0e7b-44f8-ba2c-4905daff1bbd:group-BE58894CF9F9 change Leader from null to 2ad36b2b-54cc-489b-a4d7-1c5d097f1130 at term 3 for appendEntries, leader elected after 4980ms
2019-08-20 15:03:38,670 INFO  impl.RaftServerImpl (ServerState.java:setLeader(263)) - 4b652405-42c2-48e1-8dc3-a0aff8a30386:group-BE58894CF9F9 change Leader from null to 2ad36b2b-54cc-489b-a4d7-1c5d097f1130 at term 3 for appendEntries, leader elected after 10256ms
2019-08-20 15:03:38,673 INFO  impl.RaftServerImpl (ServerState.java:setRaftConf(361)) - 68017ce1-0e7b-44f8-ba2c-4905daff1bbd:group-BE58894CF9F9 set configuration 0: [4b652405-42c2-48e1-8dc3-a0aff8a30386:192.168.5.159:32817, 68017ce1-0e7b-44f8-ba2c-4905daff1bbd:192.168.5.159:43160, 2ad36b2b-54cc-489b-a4d7-1c5d097f1130:192.168.5.159:38179], old=null at 0
2019-08-20 15:03:38,674 INFO  impl.RaftServerImpl (ServerState.java:setRaftConf(361)) - 4b652405-42c2-48e1-8dc3-a0aff8a30386:group-BE58894CF9F9 set configuration 0: [4b652405-42c2-48e1-8dc3-a0aff8a30386:192.168.5.159:32817, 68017ce1-0e7b-44f8-ba2c-4905daff1bbd:192.168.5.159:43160, 2ad36b2b-54cc-489b-a4d7-1c5d097f1130:192.168.5.159:38179], old=null at 0
2019-08-20 15:03:38,674 INFO  segmented.SegmentedRaftLogWorker (SegmentedRaftLogWorker.java:startLogSegment(380)) - 4b652405-42c2-48e1-8dc3-a0aff8a30386-SegmentedRaftLogWorker:Storage Directory /workdir/hadoop-ozone/integration-test/target/test-dir/MiniOzoneClusterImpl-654ee0d8-0ca1-4e4d-a6f4-0992848371a2/datanode-1/data/ratis/c8a5588f-f111-46f2-8019-be58894cf9f9: Starting segment from index:0
2019-08-20 15:03:38,676 INFO  segmented.SegmentedRaftLogWorker (SegmentedRaftLogWorker.java:execute(569)) - 2ad36b2b-54cc-489b-a4d7-1c5d097f1130-SegmentedRaftLogWorker:Storage Directory /workdir/hadoop-ozone/integration-test/target/test-dir/MiniOzoneClusterImpl-654ee0d8-0ca1-4e4d-a6f4-0992848371a2/datanode-0/data/ratis/c8a5588f-f111-46f2-8019-be58894cf9f9: created new log segment /workdir/hadoop-ozone/integration-test/target/test-dir/MiniOzoneClusterImpl-654ee0d8-0ca1-4e4d-a6f4-0992848371a2/datanode-0/data/ratis/c8a5588f-f111-46f2-8019-be58894cf9f9/current/log_inprogress_0
2019-08-20 15:03:38,677 INFO  segmented.SegmentedRaftLogWorker (SegmentedRaftLogWorker.java:truncate(396)) - 68017ce1-0e7b-44f8-ba2c-4905daff1bbd-SegmentedRaftLogWorker:Storage Directory /workdir/hadoop-ozone/integration-test/target/test-dir/MiniOzoneClusterImpl-654ee0d8-0ca1-4e4d-a6f4-0992848371a2/datanode-2/data/ratis/c8a5588f-f111-46f2-8019-be58894cf9f9: Truncating segments toTruncate: null
  toDelete: [(0, 0) isOpen? true, length=0, newEndIndex=-1], start index 0
2019-08-20 15:03:38,678 INFO  segmented.SegmentedRaftLogWorker (SegmentedRaftLogWorker.java:startLogSegment(380)) - 68017ce1-0e7b-44f8-ba2c-4905daff1bbd-SegmentedRaftLogWorker:Storage Directory /workdir/hadoop-ozone/integration-test/target/test-dir/MiniOzoneClusterImpl-654ee0d8-0ca1-4e4d-a6f4-0992848371a2/datanode-2/data/ratis/c8a5588f-f111-46f2-8019-be58894cf9f9: Starting segment from index:0
2019-08-20 15:03:38,679 INFO  segmented.SegmentedRaftLogWorker (SegmentedRaftLogWorker.java:execute(633)) - 68017ce1-0e7b-44f8-ba2c-4905daff1bbd-SegmentedRaftLogWorker:Storage Directory /workdir/hadoop-ozone/integration-test/target/test-dir/MiniOzoneClusterImpl-654ee0d8-0ca1-4e4d-a6f4-0992848371a2/datanode-2/data/ratis/c8a5588f-f111-46f2-8019-be58894cf9f9: Deleted log file /workdir/hadoop-ozone/integration-test/target/test-dir/MiniOzoneClusterImpl-654ee0d8-0ca1-4e4d-a6f4-0992848371a2/datanode-2/data/ratis/c8a5588f-f111-46f2-8019-be58894cf9f9/current/log_inprogress_0
2019-08-20 15:03:38,713 INFO  segmented.SegmentedRaftLogWorker (SegmentedRaftLogWorker.java:lambda$new$0(132)) - 68017ce1-0e7b-44f8-ba2c-4905daff1bbd-SegmentedRaftLogWorker:Storage Directory /workdir/hadoop-ozone/integration-test/target/test-dir/MiniOzoneClusterImpl-654ee0d8-0ca1-4e4d-a6f4-0992848371a2/datanode-2/data/ratis/c8a5588f-f111-46f2-8019-be58894cf9f9: flushIndex: setUnconditionally 0 -> -1
2019-08-20 15:03:38,732 INFO  segmented.SegmentedRaftLogWorker (SegmentedRaftLogWorker.java:execute(569)) - 4b652405-42c2-48e1-8dc3-a0aff8a30386-SegmentedRaftLogWorker:Storage Directory /workdir/hadoop-ozone/integration-test/target/test-dir/MiniOzoneClusterImpl-654ee0d8-0ca1-4e4d-a6f4-0992848371a2/datanode-1/data/ratis/c8a5588f-f111-46f2-8019-be58894cf9f9: created new log segment /workdir/hadoop-ozone/integration-test/target/test-dir/MiniOzoneClusterImpl-654ee0d8-0ca1-4e4d-a6f4-0992848371a2/datanode-1/data/ratis/c8a5588f-f111-46f2-8019-be58894cf9f9/current/log_inprogress_0
2019-08-20 15:03:38,748 INFO  segmented.SegmentedRaftLogWorker (SegmentedRaftLogWorker.java:execute(569)) - 68017ce1-0e7b-44f8-ba2c-4905daff1bbd-SegmentedRaftLogWorker:Storage Directory /workdir/hadoop-ozone/integration-test/target/test-dir/MiniOzoneClusterImpl-654ee0d8-0ca1-4e4d-a6f4-0992848371a2/datanode-2/data/ratis/c8a5588f-f111-46f2-8019-be58894cf9f9: created new log segment /workdir/hadoop-ozone/integration-test/target/test-dir/MiniOzoneClusterImpl-654ee0d8-0ca1-4e4d-a6f4-0992848371a2/datanode-2/data/ratis/c8a5588f-f111-46f2-8019-be58894cf9f9/current/log_inprogress_0
2019-08-20 15:03:39,458 INFO  ozoneimpl.OzoneContainer (OzoneContainer.java:stop(199)) - Attempting to stop container services.
2019-08-20 15:03:39,461 INFO  impl.RaftServerProxy (RaftServerProxy.java:lambda$close$4(314)) - ff623405-2635-4e87-a9f8-d1ef3c1a33ba: close
2019-08-20 15:03:39,463 INFO  impl.RaftServerImpl (RaftServerImpl.java:lambda$shutdown$3(245)) - ff623405-2635-4e87-a9f8-d1ef3c1a33ba: shutdown group-B48C90208D75
2019-08-20 15:03:39,464 INFO  util.JmxRegister (JmxRegister.java:unregister(73)) - Successfully un-registered JMX Bean with object name Ratis:service=RaftServer,group=group-B48C90208D75,id=ff623405-2635-4e87-a9f8-d1ef3c1a33ba
2019-08-20 15:03:39,464 INFO  impl.RoleInfo (RoleInfo.java:shutdownLeaderState(104)) - ff623405-2635-4e87-a9f8-d1ef3c1a33ba: shutdown LeaderState
2019-08-20 15:03:39,464 INFO  impl.PendingRequests (PendingRequests.java:sendNotLeaderResponses(202)) - ff623405-2635-4e87-a9f8-d1ef3c1a33ba-PendingRequests: sendNotLeaderResponses
2019-08-20 15:03:39,465 INFO  impl.StateMachineUpdater (StateMachineUpdater.java:stopAndJoin(115)) - StateMachineUpdater:ff623405-2635-4e87-a9f8-d1ef3c1a33ba:group-B48C90208D75: set stopIndex = 0
2019-08-20 15:03:39,465 INFO  impl.RaftServerImpl (ServerState.java:close(394)) - ff623405-2635-4e87-a9f8-d1ef3c1a33ba:group-B48C90208D75 closes. The last applied log index is 0
2019-08-20 15:03:39,466 INFO  segmented.SegmentedRaftLogWorker (SegmentedRaftLogWorker.java:run(313)) - ff623405-2635-4e87-a9f8-d1ef3c1a33ba-SegmentedRaftLogWorker:Storage Directory /workdir/hadoop-ozone/integration-test/target/test-dir/MiniOzoneClusterImpl-654ee0d8-0ca1-4e4d-a6f4-0992848371a2/datanode-5/data/ratis/3618e5b7-dbb3-41b2-b2ea-b48c90208d75 was interrupted, exiting. There are 0 tasks remaining in the queue.
2019-08-20 15:03:39,477 INFO  segmented.SegmentedRaftLogWorker (SegmentedRaftLogWorker.java:close(228)) - ff623405-2635-4e87-a9f8-d1ef3c1a33ba-SegmentedRaftLogWorker:Storage Directory /workdir/hadoop-ozone/integration-test/target/test-dir/MiniOzoneClusterImpl-654ee0d8-0ca1-4e4d-a6f4-0992848371a2/datanode-5/data/ratis/3618e5b7-dbb3-41b2-b2ea-b48c90208d75 close()
2019-08-20 15:03:39,480 INFO  impl.RaftServerImpl (RaftServerImpl.java:lambda$shutdown$3(245)) - ff623405-2635-4e87-a9f8-d1ef3c1a33ba: shutdown group-42B84838849D
2019-08-20 15:03:39,480 INFO  util.JmxRegister (JmxRegister.java:unregister(73)) - Successfully un-registered JMX Bean with object name Ratis:service=RaftServer,group=group-42B84838849D,id=ff623405-2635-4e87-a9f8-d1ef3c1a33ba
2019-08-20 15:03:39,480 INFO  impl.RoleInfo (RoleInfo.java:shutdownFollowerState(121)) - ff623405-2635-4e87-a9f8-d1ef3c1a33ba: shutdown FollowerState
2019-08-20 15:03:39,480 INFO  impl.StateMachineUpdater (StateMachineUpdater.java:stopAndJoin(115)) - StateMachineUpdater:ff623405-2635-4e87-a9f8-d1ef3c1a33ba:group-42B84838849D: set stopIndex = 20
2019-08-20 15:03:39,480 INFO  impl.FollowerState (FollowerState.java:run(114)) - ff623405-2635-4e87-a9f8-d1ef3c1a33ba: FollowerState was interrupted: java.lang.InterruptedException: sleep interrupted
2019-08-20 15:03:39,481 INFO  ratis.ContainerStateMachine (ContainerStateMachine.java:takeSnapshot(271)) - group-42B84838849D: Taking a snapshot at:(t:1, i:18) file /workdir/hadoop-ozone/integration-test/target/test-dir/MiniOzoneClusterImpl-654ee0d8-0ca1-4e4d-a6f4-0992848371a2/datanode-5/data/ratis/920555f6-5f6b-48b1-9f49-42b84838849d/sm/snapshot.1_18
2019-08-20 15:03:39,506 INFO  ratis.ContainerStateMachine (ContainerStateMachine.java:takeSnapshot(282)) - group-42B84838849D: Finished taking a snapshot at:(t:1, i:18) file:/workdir/hadoop-ozone/integration-test/target/test-dir/MiniOzoneClusterImpl-654ee0d8-0ca1-4e4d-a6f4-0992848371a2/datanode-5/data/ratis/920555f6-5f6b-48b1-9f49-42b84838849d/sm/snapshot.1_18 time:26
2019-08-20 15:03:39,506 INFO  impl.StateMachineUpdater (StateMachineUpdater.java:takeSnapshot(242)) - StateMachineUpdater:ff623405-2635-4e87-a9f8-d1ef3c1a33ba:group-42B84838849D: Took a snapshot at index 18
2019-08-20 15:03:39,509 INFO  impl.StateMachineUpdater (StateMachineUpdater.java:lambda$new$0(80)) - StateMachineUpdater:ff623405-2635-4e87-a9f8-d1ef3c1a33ba:group-42B84838849D: snapshotIndex: updateIncreasingly -1 -> 18
2019-08-20 15:03:39,514 INFO  impl.RaftServerImpl (ServerState.java:close(394)) - ff623405-2635-4e87-a9f8-d1ef3c1a33ba:group-42B84838849D closes. The last applied log index is 20
2019-08-20 15:03:39,515 INFO  segmented.SegmentedRaftLogWorker (SegmentedRaftLogWorker.java:run(313)) - ff623405-2635-4e87-a9f8-d1ef3c1a33ba-SegmentedRaftLogWorker:Storage Directory /workdir/hadoop-ozone/integration-test/target/test-dir/MiniOzoneClusterImpl-654ee0d8-0ca1-4e4d-a6f4-0992848371a2/datanode-5/data/ratis/920555f6-5f6b-48b1-9f49-42b84838849d was interrupted, exiting. There are 0 tasks remaining in the queue.
2019-08-20 15:03:39,516 INFO  segmented.SegmentedRaftLogWorker (SegmentedRaftLogWorker.java:close(228)) - ff623405-2635-4e87-a9f8-d1ef3c1a33ba-SegmentedRaftLogWorker:Storage Directory /workdir/hadoop-ozone/integration-test/target/test-dir/MiniOzoneClusterImpl-654ee0d8-0ca1-4e4d-a6f4-0992848371a2/datanode-5/data/ratis/920555f6-5f6b-48b1-9f49-42b84838849d close()
2019-08-20 15:03:39,520 INFO  server.GrpcService (GrpcService.java:closeImpl(155)) - ff623405-2635-4e87-a9f8-d1ef3c1a33ba: shutdown server with port 40651 now
2019-08-20 15:03:39,526 INFO  server.GrpcService (GrpcService.java:closeImpl(163)) - ff623405-2635-4e87-a9f8-d1ef3c1a33ba: shutdown server with port 40651 successfully
2019-08-20 15:03:39,527 WARN  server.GrpcServerProtocolService (LogUtils.java:warn(134)) - ff623405-2635-4e87-a9f8-d1ef3c1a33ba: appendEntries onError: org.apache.ratis.thirdparty.io.grpc.StatusRuntimeException: CANCELLED: cancelled before receiving half close
2019-08-20 15:03:39,530 INFO  utils.BackgroundService (BackgroundService.java:shutdown(148)) - Shutting down service BlockDeletingService
2019-08-20 15:03:39,531 WARN  fs.CachingGetSpaceUsed (CachingGetSpaceUsed.java:run(183)) - Thread Interrupted waiting to refresh disk information: sleep interrupted
2019-08-20 15:03:39,533 WARN  server.GrpcLogAppender (LogUtils.java:warn(134)) - 98074250-0c22-486c-8470-5b27d36fa846->ff623405-2635-4e87-a9f8-d1ef3c1a33ba: Failed appendEntries: org.apache.ratis.thirdparty.io.grpc.StatusRuntimeException: CANCELLED: HTTP/2 error code: CANCEL
Received Rst Stream
2019-08-20 15:03:39,536 INFO  impl.FollowerInfo (FollowerInfo.java:lambda$new$0(50)) - 98074250-0c22-486c-8470-5b27d36fa846->ff623405-2635-4e87-a9f8-d1ef3c1a33ba: nextIndex: updateUnconditionally 21 -> 20
2019-08-20 15:03:39,555 INFO  statemachine.DatanodeStateMachine (DatanodeStateMachine.java:stopDaemon(395)) - Ozone container server stopped.
2019-08-20 15:03:39,560 INFO  handler.ContextHandler (ContextHandler.java:doStop(910)) - Stopped o.e.j.w.WebAppContext@1e56bc9b{/,null,UNAVAILABLE}{/hddsDatanode}
2019-08-20 15:03:39,566 INFO  server.AbstractConnector (AbstractConnector.java:doStop(318)) - Stopped ServerConnector@6f3bd37f{HTTP/1.1,[http/1.1]}{0.0.0.0:0}
2019-08-20 15:03:39,566 INFO  handler.ContextHandler (ContextHandler.java:doStop(910)) - Stopped o.e.j.s.ServletContextHandler@13192275{/static,jar:file:/home/user/.m2/repository/org/apache/hadoop/hadoop-hdds-container-service/0.5.0-SNAPSHOT/hadoop-hdds-container-service-0.5.0-SNAPSHOT.jar!/webapps/static,UNAVAILABLE}
2019-08-20 15:03:39,566 INFO  handler.ContextHandler (ContextHandler.java:doStop(910)) - Stopped o.e.j.s.ServletContextHandler@5384ce66{/logs,file:///workdir/hadoop-ozone/integration-test/target/log,UNAVAILABLE}
2019-08-20 15:03:39,568 INFO  datanode.ObjectStoreHandler (ObjectStoreHandler.java:close(155)) - Closing ObjectStoreHandler.
2019-08-20 15:03:39,568 INFO  ozone.HddsDatanodeService (HddsDatanodeService.java:stop(451)) - Stopped plug-in org.apache.hadoop.ozone.web.OzoneHddsDatanodeService@6222391a
2019-08-20 15:03:39,596 WARN  server.GrpcLogAppender (LogUtils.java:warn(134)) - 98074250-0c22-486c-8470-5b27d36fa846->ff623405-2635-4e87-a9f8-d1ef3c1a33ba: Failed appendEntries: org.apache.ratis.thirdparty.io.grpc.StatusRuntimeException: UNAVAILABLE: io exception
2019-08-20 15:03:39,598 INFO  impl.FollowerInfo (FollowerInfo.java:lambda$new$0(50)) - 98074250-0c22-486c-8470-5b27d36fa846->ff623405-2635-4e87-a9f8-d1ef3c1a33ba: nextIndex: updateUnconditionally 20 -> 19
2019-08-20 15:03:40,550 INFO  statemachine.DatanodeStateMachine (DatanodeStateMachine.java:lambda$startDaemon$0(350)) - Ozone container server started.
2019-08-20 15:03:42,093 WARN  server.GrpcLogAppender (LogUtils.java:warn(134)) - 98074250-0c22-486c-8470-5b27d36fa846->ff623405-2635-4e87-a9f8-d1ef3c1a33ba: Failed appendEntries: org.apache.ratis.thirdparty.io.grpc.StatusRuntimeException: UNAVAILABLE: io exception
2019-08-20 15:03:42,094 INFO  impl.FollowerInfo (FollowerInfo.java:lambda$new$0(50)) - 98074250-0c22-486c-8470-5b27d36fa846->ff623405-2635-4e87-a9f8-d1ef3c1a33ba: nextIndex: updateUnconditionally 19 -> 18
2019-08-20 15:03:44,569 INFO  ozoneimpl.OzoneContainer (OzoneContainer.java:stop(199)) - Attempting to stop container services.
2019-08-20 15:03:44,570 INFO  impl.RaftServerProxy (RaftServerProxy.java:lambda$close$4(314)) - 98074250-0c22-486c-8470-5b27d36fa846: close
2019-08-20 15:03:44,570 INFO  impl.RaftServerImpl (RaftServerImpl.java:lambda$shutdown$3(245)) - 98074250-0c22-486c-8470-5b27d36fa846: shutdown group-9A7774D79169
2019-08-20 15:03:44,570 INFO  impl.RaftServerImpl (RaftServerImpl.java:lambda$shutdown$3(245)) - 98074250-0c22-486c-8470-5b27d36fa846: shutdown group-42B84838849D
2019-08-20 15:03:44,571 INFO  util.JmxRegister (JmxRegister.java:unregister(73)) - Successfully un-registered JMX Bean with object name Ratis:service=RaftServer,group=group-9A7774D79169,id=98074250-0c22-486c-8470-5b27d36fa846
2019-08-20 15:03:44,571 INFO  util.JmxRegister (JmxRegister.java:unregister(73)) - Successfully un-registered JMX Bean with object name Ratis:service=RaftServer,group=group-42B84838849D,id=98074250-0c22-486c-8470-5b27d36fa846
2019-08-20 15:03:44,571 INFO  impl.RoleInfo (RoleInfo.java:shutdownLeaderState(104)) - 98074250-0c22-486c-8470-5b27d36fa846: shutdown LeaderState
2019-08-20 15:03:44,571 INFO  impl.RoleInfo (RoleInfo.java:shutdownLeaderState(104)) - 98074250-0c22-486c-8470-5b27d36fa846: shutdown LeaderState
2019-08-20 15:03:44,572 INFO  impl.PendingRequests (PendingRequests.java:sendNotLeaderResponses(202)) - 98074250-0c22-486c-8470-5b27d36fa846-PendingRequests: sendNotLeaderResponses
2019-08-20 15:03:44,575 INFO  impl.PendingRequests (PendingRequests.java:sendNotLeaderResponses(202)) - 98074250-0c22-486c-8470-5b27d36fa846-PendingRequests: sendNotLeaderResponses
2019-08-20 15:03:44,577 WARN  server.GrpcLogAppender (GrpcLogAppender.java:mayWait(143)) - GrpcLogAppender(98074250-0c22-486c-8470-5b27d36fa846->a7928bef-0ccc-470a-99bc-9391bc7baf0a): Wait interrupted by java.lang.InterruptedException
2019-08-20 15:03:44,577 WARN  server.GrpcLogAppender (GrpcLogAppender.java:mayWait(143)) - GrpcLogAppender(98074250-0c22-486c-8470-5b27d36fa846->ff623405-2635-4e87-a9f8-d1ef3c1a33ba): Wait interrupted by java.lang.InterruptedException
2019-08-20 15:03:44,577 INFO  impl.StateMachineUpdater (StateMachineUpdater.java:stopAndJoin(115)) - StateMachineUpdater:98074250-0c22-486c-8470-5b27d36fa846:group-9A7774D79169: set stopIndex = 0
2019-08-20 15:03:44,580 INFO  impl.StateMachineUpdater (StateMachineUpdater.java:stopAndJoin(115)) - StateMachineUpdater:98074250-0c22-486c-8470-5b27d36fa846:group-42B84838849D: set stopIndex = 20
2019-08-20 15:03:44,581 INFO  ratis.ContainerStateMachine (ContainerStateMachine.java:takeSnapshot(271)) - group-42B84838849D: Taking a snapshot at:(t:1, i:20) file /workdir/hadoop-ozone/integration-test/target/test-dir/MiniOzoneClusterImpl-654ee0d8-0ca1-4e4d-a6f4-0992848371a2/datanode-3/data/ratis/920555f6-5f6b-48b1-9f49-42b84838849d/sm/snapshot.1_20
2019-08-20 15:03:44,581 INFO  impl.RaftServerImpl (ServerState.java:close(394)) - 98074250-0c22-486c-8470-5b27d36fa846:group-9A7774D79169 closes. The last applied log index is 0
2019-08-20 15:03:44,581 INFO  server.GrpcServerProtocolService (GrpcServerProtocolService.java:onCompleted(104)) - a7928bef-0ccc-470a-99bc-9391bc7baf0a: appendEntries completed
2019-08-20 15:03:44,581 INFO  segmented.SegmentedRaftLogWorker (SegmentedRaftLogWorker.java:run(313)) - 98074250-0c22-486c-8470-5b27d36fa846-SegmentedRaftLogWorker:Storage Directory /workdir/hadoop-ozone/integration-test/target/test-dir/MiniOzoneClusterImpl-654ee0d8-0ca1-4e4d-a6f4-0992848371a2/datanode-3/data/ratis/785908f3-2925-49ee-9b5c-9a7774d79169 was interrupted, exiting. There are 0 tasks remaining in the queue.
2019-08-20 15:03:44,586 INFO  segmented.SegmentedRaftLogWorker (SegmentedRaftLogWorker.java:close(228)) - 98074250-0c22-486c-8470-5b27d36fa846-SegmentedRaftLogWorker:Storage Directory /workdir/hadoop-ozone/integration-test/target/test-dir/MiniOzoneClusterImpl-654ee0d8-0ca1-4e4d-a6f4-0992848371a2/datanode-3/data/ratis/785908f3-2925-49ee-9b5c-9a7774d79169 close()
2019-08-20 15:03:44,586 INFO  server.GrpcLogAppender (GrpcLogAppender.java:onCompleted(292)) - 98074250-0c22-486c-8470-5b27d36fa846->a7928bef-0ccc-470a-99bc-9391bc7baf0a: follower responses appendEntries COMPLETED
2019-08-20 15:03:44,592 INFO  impl.FollowerInfo (FollowerInfo.java:lambda$new$0(50)) - 98074250-0c22-486c-8470-5b27d36fa846->a7928bef-0ccc-470a-99bc-9391bc7baf0a: nextIndex: updateUnconditionally 21 -> 20
2019-08-20 15:03:44,595 INFO  ratis.ContainerStateMachine (ContainerStateMachine.java:takeSnapshot(282)) - group-42B84838849D: Finished taking a snapshot at:(t:1, i:20) file:/workdir/hadoop-ozone/integration-test/target/test-dir/MiniOzoneClusterImpl-654ee0d8-0ca1-4e4d-a6f4-0992848371a2/datanode-3/data/ratis/920555f6-5f6b-48b1-9f49-42b84838849d/sm/snapshot.1_20 time:14
2019-08-20 15:03:44,595 INFO  impl.StateMachineUpdater (StateMachineUpdater.java:takeSnapshot(242)) - StateMachineUpdater:98074250-0c22-486c-8470-5b27d36fa846:group-42B84838849D: Took a snapshot at index 20
2019-08-20 15:03:44,595 INFO  impl.StateMachineUpdater (StateMachineUpdater.java:lambda$new$0(80)) - StateMachineUpdater:98074250-0c22-486c-8470-5b27d36fa846:group-42B84838849D: snapshotIndex: updateIncreasingly -1 -> 20
2019-08-20 15:03:44,595 INFO  impl.RaftServerImpl (ServerState.java:close(394)) - 98074250-0c22-486c-8470-5b27d36fa846:group-42B84838849D closes. The last applied log index is 20
2019-08-20 15:03:44,596 INFO  segmented.SegmentedRaftLogWorker (SegmentedRaftLogWorker.java:run(313)) - 98074250-0c22-486c-8470-5b27d36fa846-SegmentedRaftLogWorker:Storage Directory /workdir/hadoop-ozone/integration-test/target/test-dir/MiniOzoneClusterImpl-654ee0d8-0ca1-4e4d-a6f4-0992848371a2/datanode-3/data/ratis/920555f6-5f6b-48b1-9f49-42b84838849d was interrupted, exiting. There are 0 tasks remaining in the queue.
2019-08-20 15:03:44,598 INFO  segmented.SegmentedRaftLogWorker (SegmentedRaftLogWorker.java:close(228)) - 98074250-0c22-486c-8470-5b27d36fa846-SegmentedRaftLogWorker:Storage Directory /workdir/hadoop-ozone/integration-test/target/test-dir/MiniOzoneClusterImpl-654ee0d8-0ca1-4e4d-a6f4-0992848371a2/datanode-3/data/ratis/920555f6-5f6b-48b1-9f49-42b84838849d close()
2019-08-20 15:03:44,601 INFO  server.GrpcService (GrpcService.java:closeImpl(155)) - 98074250-0c22-486c-8470-5b27d36fa846: shutdown server with port 39551 now
2019-08-20 15:03:44,604 INFO  server.GrpcService (GrpcService.java:closeImpl(163)) - 98074250-0c22-486c-8470-5b27d36fa846: shutdown server with port 39551 successfully
2019-08-20 15:03:44,606 WARN  client.GrpcClientProtocolService (LogUtils.java:warn(134)) - 1-UnorderedRequestStreamObserver1: onError: org.apache.ratis.thirdparty.io.grpc.StatusRuntimeException: CANCELLED: cancelled before receiving half close
2019-08-20 15:03:44,606 INFO  utils.BackgroundService (BackgroundService.java:shutdown(148)) - Shutting down service BlockDeletingService
2019-08-20 15:03:44,607 WARN  fs.CachingGetSpaceUsed (CachingGetSpaceUsed.java:run(183)) - Thread Interrupted waiting to refresh disk information: sleep interrupted
2019-08-20 15:03:44,631 INFO  statemachine.DatanodeStateMachine (DatanodeStateMachine.java:stopDaemon(395)) - Ozone container server stopped.
2019-08-20 15:03:44,632 INFO  handler.ContextHandler (ContextHandler.java:doStop(910)) - Stopped o.e.j.w.WebAppContext@2dff7085{/,null,UNAVAILABLE}{/hddsDatanode}
2019-08-20 15:03:44,633 INFO  server.AbstractConnector (AbstractConnector.java:doStop(318)) - Stopped ServerConnector@2faa55bb{HTTP/1.1,[http/1.1]}{0.0.0.0:0}
2019-08-20 15:03:44,633 INFO  handler.ContextHandler (ContextHandler.java:doStop(910)) - Stopped o.e.j.s.ServletContextHandler@5e599100{/static,jar:file:/home/user/.m2/repository/org/apache/hadoop/hadoop-hdds-container-service/0.5.0-SNAPSHOT/hadoop-hdds-container-service-0.5.0-SNAPSHOT.jar!/webapps/static,UNAVAILABLE}
2019-08-20 15:03:44,634 INFO  handler.ContextHandler (ContextHandler.java:doStop(910)) - Stopped o.e.j.s.ServletContextHandler@7b14c61{/logs,file:///workdir/hadoop-ozone/integration-test/target/log,UNAVAILABLE}
2019-08-20 15:03:48,705 INFO  client.GrpcClientProtocolClient (GrpcClientProtocolClient.java:onNext(255)) - client-3DBBC43D8E7E->a7928bef-0ccc-470a-99bc-9391bc7baf0a: receive RaftClientReply:client-3DBBC43D8E7E->a7928bef-0ccc-470a-99bc-9391bc7baf0a@group-42B84838849D, cid=27, FAILED org.apache.ratis.protocol.NotLeaderException: Server a7928bef-0ccc-470a-99bc-9391bc7baf0a is not the leader (98074250-0c22-486c-8470-5b27d36fa846:192.168.5.159:39551). Request must be sent to leader., logIndex=0, commits[a7928bef-0ccc-470a-99bc-9391bc7baf0a:c20, ff623405-2635-4e87-a9f8-d1ef3c1a33ba:c20, 98074250-0c22-486c-8470-5b27d36fa846:c20]
2019-08-20 15:03:48,714 WARN  io.KeyOutputStream (KeyOutputStream.java:handleException(276)) - Encountered exception java.io.IOException: Unexpected Storage Container Exception: java.util.concurrent.CompletionException: java.util.concurrent.CompletionException: org.apache.ratis.protocol.RaftRetryFailureException: Failed RaftClientRequest:client-3DBBC43D8E7E->a7928bef-0ccc-470a-99bc-9391bc7baf0a@group-42B84838849D, cid=27, seq=11*, RW, org.apache.hadoop.hdds.scm.XceiverClientRatis$$Lambda$316/269685385@59f23d22 for 5 attempts with RetryLimited(maxAttempts=5, sleepTime=1000ms) on the pipeline Pipeline[ Id: 920555f6-5f6b-48b1-9f49-42b84838849d, Nodes: ff623405-2635-4e87-a9f8-d1ef3c1a33ba{ip: 192.168.5.159, host: pr-hdds-1948-qmvbp-2153692187, networkLocation: /default-rack, certSerialId: null}98074250-0c22-486c-8470-5b27d36fa846{ip: 192.168.5.159, host: pr-hdds-1948-qmvbp-2153692187, networkLocation: /default-rack, certSerialId: null}a7928bef-0ccc-470a-99bc-9391bc7baf0a{ip: 192.168.5.159, host: pr-hdds-1948-qmvbp-2153692187, networkLocation: /default-rack, certSerialId: null}, Type:RATIS, Factor:THREE, State:OPEN]. The last committed block length is 1048576, uncommitted data length is 1048576 retry count 0
2019-08-20 15:03:48,737 WARN  block.BlockManagerImpl (BlockManagerImpl.java:allocateBlock(192)) - Pipeline creation failed for type:RATIS factor:THREE. Retrying get pipelines call once.
org.apache.hadoop.hdds.scm.pipeline.InsufficientDatanodesException: Cannot create pipeline of factor 3 using 0 nodes.
	at org.apache.hadoop.hdds.scm.pipeline.RatisPipelineProvider.create(RatisPipelineProvider.java:151)
	at org.apache.hadoop.hdds.scm.pipeline.PipelineFactory.create(PipelineFactory.java:57)
	at org.apache.hadoop.hdds.scm.pipeline.SCMPipelineManager.createPipeline(SCMPipelineManager.java:149)
	at org.apache.hadoop.hdds.scm.block.BlockManagerImpl.allocateBlock(BlockManagerImpl.java:190)
	at org.apache.hadoop.hdds.scm.server.SCMBlockProtocolServer.allocateBlock(SCMBlockProtocolServer.java:175)
	at org.apache.hadoop.ozone.protocolPB.ScmBlockLocationProtocolServerSideTranslatorPB.allocateScmBlock(ScmBlockLocationProtocolServerSideTranslatorPB.java:153)
	at org.apache.hadoop.ozone.protocolPB.ScmBlockLocationProtocolServerSideTranslatorPB.send(ScmBlockLocationProtocolServerSideTranslatorPB.java:112)
	at org.apache.hadoop.hdds.protocol.proto.ScmBlockLocationProtocolProtos$ScmBlockLocationProtocolService$2.callBlockingMethod(ScmBlockLocationProtocolProtos.java:13157)
	at org.apache.hadoop.ipc.ProtobufRpcEngine$Server$ProtoBufRpcInvoker.call(ProtobufRpcEngine.java:524)
	at org.apache.hadoop.ipc.RPC$Server.call(RPC.java:1025)
	at org.apache.hadoop.ipc.Server$RpcCall.run(Server.java:876)
	at org.apache.hadoop.ipc.Server$RpcCall.run(Server.java:822)
	at java.security.AccessController.doPrivileged(Native Method)
	at javax.security.auth.Subject.doAs(Subject.java:422)
	at org.apache.hadoop.security.UserGroupInformation.doAs(UserGroupInformation.java:1730)
	at org.apache.hadoop.ipc.Server$Handler.run(Server.java:2682)
2019-08-20 15:03:48,742 INFO  block.BlockManagerImpl (BlockManagerImpl.java:allocateBlock(198)) - Could not find available pipeline of type:RATIS and factor:THREE even after retrying
2019-08-20 15:03:48,742 ERROR block.BlockManagerImpl (BlockManagerImpl.java:allocateBlock(222)) - Unable to allocate a block for the size: 4194304, type: RATIS, factor: THREE
15:03:48.746 [IPC Server handler 19 on 42484] ERROR OMAudit - user=jenkins1000 | ip=127.0.0.1 | op=ALLOCATE_BLOCK {volume=datanodefailurehandlingtest, bucket=datanodefailurehandlingtest, key=ratis3, dataSize=0, replicationType=null, replicationFactor=null, keyLocationInfo=null, clientID=102649915536965632} | ret=FAILURE
org.apache.hadoop.hdds.scm.exceptions.SCMException: Allocated 0 blocks. Requested 1 blocks
	at org.apache.hadoop.hdds.scm.protocolPB.ScmBlockLocationProtocolClientSideTranslatorPB.handleError(ScmBlockLocationProtocolClientSideTranslatorPB.java:118) ~[hadoop-hdds-common-0.5.0-SNAPSHOT.jar:?]
	at org.apache.hadoop.hdds.scm.protocolPB.ScmBlockLocationProtocolClientSideTranslatorPB.allocateBlock(ScmBlockLocationProtocolClientSideTranslatorPB.java:156) ~[hadoop-hdds-common-0.5.0-SNAPSHOT.jar:?]
	at sun.reflect.NativeMethodAccessorImpl.invoke0(Native Method) ~[?:1.8.0_212]
	at sun.reflect.NativeMethodAccessorImpl.invoke(NativeMethodAccessorImpl.java:62) ~[?:1.8.0_212]
	at sun.reflect.DelegatingMethodAccessorImpl.invoke(DelegatingMethodAccessorImpl.java:43) ~[?:1.8.0_212]
	at java.lang.reflect.Method.invoke(Method.java:498) ~[?:1.8.0_212]
	at org.apache.hadoop.hdds.tracing.TraceAllMethod.invoke(TraceAllMethod.java:66) ~[hadoop-hdds-common-0.5.0-SNAPSHOT.jar:?]
	at com.sun.proxy.$Proxy25.allocateBlock(Unknown Source) ~[?:?]
	at org.apache.hadoop.ozone.om.KeyManagerImpl.allocateBlock(KeyManagerImpl.java:333) ~[hadoop-ozone-ozone-manager-0.5.0-SNAPSHOT.jar:?]
	at org.apache.hadoop.ozone.om.KeyManagerImpl.allocateBlock(KeyManagerImpl.java:304) ~[hadoop-ozone-ozone-manager-0.5.0-SNAPSHOT.jar:?]
	at org.apache.hadoop.ozone.om.OzoneManager.allocateBlock(OzoneManager.java:2297) [hadoop-ozone-ozone-manager-0.5.0-SNAPSHOT.jar:?]
	at org.apache.hadoop.ozone.protocolPB.OzoneManagerRequestHandler.allocateBlock(OzoneManagerRequestHandler.java:741) [hadoop-ozone-ozone-manager-0.5.0-SNAPSHOT.jar:?]
	at org.apache.hadoop.ozone.protocolPB.OzoneManagerRequestHandler.handle(OzoneManagerRequestHandler.java:243) [hadoop-ozone-ozone-manager-0.5.0-SNAPSHOT.jar:?]
	at org.apache.hadoop.ozone.protocolPB.OzoneManagerProtocolServerSideTranslatorPB.submitRequestDirectlyToOM(OzoneManagerProtocolServerSideTranslatorPB.java:200) [hadoop-ozone-ozone-manager-0.5.0-SNAPSHOT.jar:?]
	at org.apache.hadoop.ozone.protocolPB.OzoneManagerProtocolServerSideTranslatorPB.submitRequest(OzoneManagerProtocolServerSideTranslatorPB.java:118) [hadoop-ozone-ozone-manager-0.5.0-SNAPSHOT.jar:?]
	at org.apache.hadoop.ozone.protocol.proto.OzoneManagerProtocolProtos$OzoneManagerService$2.callBlockingMethod(OzoneManagerProtocolProtos.java) [hadoop-ozone-common-0.5.0-SNAPSHOT.jar:?]
	at org.apache.hadoop.ipc.ProtobufRpcEngine$Server$ProtoBufRpcInvoker.call(ProtobufRpcEngine.java:524) [hadoop-common-3.2.0.jar:?]
	at org.apache.hadoop.ipc.RPC$Server.call(RPC.java:1025) [hadoop-common-3.2.0.jar:?]
	at org.apache.hadoop.ipc.Server$RpcCall.run(Server.java:876) [hadoop-common-3.2.0.jar:?]
	at org.apache.hadoop.ipc.Server$RpcCall.run(Server.java:822) [hadoop-common-3.2.0.jar:?]
	at java.security.AccessController.doPrivileged(Native Method) [?:1.8.0_212]
	at javax.security.auth.Subject.doAs(Subject.java:422) [?:1.8.0_212]
	at org.apache.hadoop.security.UserGroupInformation.doAs(UserGroupInformation.java:1730) [hadoop-common-3.2.0.jar:?]
	at org.apache.hadoop.ipc.Server$Handler.run(Server.java:2682) [hadoop-common-3.2.0.jar:?]
2019-08-20 15:03:48,761 ERROR io.BlockOutputStreamEntryPool (BlockOutputStreamEntryPool.java:allocateBlockIfNeeded(299)) - Try to allocate more blocks for write failed, already allocated 0 blocks for this write.
INTERNAL_ERROR org.apache.hadoop.ozone.om.exceptions.OMException: Allocated 0 blocks. Requested 1 blocks
	at org.apache.hadoop.ozone.om.protocolPB.OzoneManagerProtocolClientSideTranslatorPB.handleError(OzoneManagerProtocolClientSideTranslatorPB.java:720)
	at org.apache.hadoop.ozone.om.protocolPB.OzoneManagerProtocolClientSideTranslatorPB.allocateBlock(OzoneManagerProtocolClientSideTranslatorPB.java:752)
	at org.apache.hadoop.ozone.client.io.BlockOutputStreamEntryPool.allocateNewBlock(BlockOutputStreamEntryPool.java:248)
	at org.apache.hadoop.ozone.client.io.BlockOutputStreamEntryPool.allocateBlockIfNeeded(BlockOutputStreamEntryPool.java:296)
	at org.apache.hadoop.ozone.client.io.KeyOutputStream.handleWrite(KeyOutputStream.java:201)
	at org.apache.hadoop.ozone.client.io.KeyOutputStream.handleRetry(KeyOutputStream.java:376)
	at org.apache.hadoop.ozone.client.io.KeyOutputStream.handleException(KeyOutputStream.java:325)
	at org.apache.hadoop.ozone.client.io.KeyOutputStream.handleWrite(KeyOutputStream.java:231)
	at org.apache.hadoop.ozone.client.io.KeyOutputStream.write(KeyOutputStream.java:193)
	at org.apache.hadoop.ozone.client.io.OzoneOutputStream.write(OzoneOutputStream.java:49)
	at java.io.OutputStream.write(OutputStream.java:75)
	at org.apache.hadoop.ozone.client.rpc.TestMultiBlockWritesWithDnFailures.testMultiBlockWritesWithDnFailures(TestMultiBlockWritesWithDnFailures.java:144)
	at sun.reflect.NativeMethodAccessorImpl.invoke0(Native Method)
	at sun.reflect.NativeMethodAccessorImpl.invoke(NativeMethodAccessorImpl.java:62)
	at sun.reflect.DelegatingMethodAccessorImpl.invoke(DelegatingMethodAccessorImpl.java:43)
	at java.lang.reflect.Method.invoke(Method.java:498)
	at org.junit.runners.model.FrameworkMethod$1.runReflectiveCall(FrameworkMethod.java:47)
	at org.junit.internal.runners.model.ReflectiveCallable.run(ReflectiveCallable.java:12)
	at org.junit.runners.model.FrameworkMethod.invokeExplosively(FrameworkMethod.java:44)
	at org.junit.internal.runners.statements.InvokeMethod.evaluate(InvokeMethod.java:17)
	at org.junit.runners.ParentRunner.runLeaf(ParentRunner.java:271)
	at org.junit.runners.BlockJUnit4ClassRunner.runChild(BlockJUnit4ClassRunner.java:70)
	at org.junit.runners.BlockJUnit4ClassRunner.runChild(BlockJUnit4ClassRunner.java:50)
	at org.junit.runners.ParentRunner$3.run(ParentRunner.java:238)
	at org.junit.runners.ParentRunner$1.schedule(ParentRunner.java:63)
	at org.junit.runners.ParentRunner.runChildren(ParentRunner.java:236)
	at org.junit.runners.ParentRunner.access$000(ParentRunner.java:53)
	at org.junit.runners.ParentRunner$2.evaluate(ParentRunner.java:229)
	at org.junit.runners.ParentRunner.run(ParentRunner.java:309)
	at org.apache.maven.surefire.junit4.JUnit4Provider.execute(JUnit4Provider.java:365)
	at org.apache.maven.surefire.junit4.JUnit4Provider.executeWithRerun(JUnit4Provider.java:273)
	at org.apache.maven.surefire.junit4.JUnit4Provider.executeTestSet(JUnit4Provider.java:238)
	at org.apache.maven.surefire.junit4.JUnit4Provider.invoke(JUnit4Provider.java:159)
	at org.apache.maven.surefire.booter.ForkedBooter.invokeProviderInSameClassLoader(ForkedBooter.java:384)
	at org.apache.maven.surefire.booter.ForkedBooter.runSuitesInProcess(ForkedBooter.java:345)
	at org.apache.maven.surefire.booter.ForkedBooter.execute(ForkedBooter.java:126)
	at org.apache.maven.surefire.booter.ForkedBooter.main(ForkedBooter.java:418)
]]></system-out>
    <system-err><![CDATA[ERROR StatusLogger No Log4j 2 configuration file found. Using default configuration (logging only errors to the console), or user programmatically provided configurations. Set system property 'log4j2.debug' to show Log4j 2 internal initialization logging. See https://logging.apache.org/log4j/2.x/manual/configuration.html for instructions on how to configure Log4j 2
Aug 20, 2019 3:03:21 PM com.sun.jersey.server.impl.application.WebApplicationImpl _initiate
INFO: Initiating Jersey application, version 'Jersey: 1.19 02/11/2015 03:25 AM'
Aug 20, 2019 3:03:22 PM com.sun.jersey.server.impl.application.WebApplicationImpl _initiate
INFO: Initiating Jersey application, version 'Jersey: 1.19 02/11/2015 03:25 AM'
Aug 20, 2019 3:03:23 PM com.sun.jersey.server.impl.application.WebApplicationImpl _initiate
INFO: Initiating Jersey application, version 'Jersey: 1.19 02/11/2015 03:25 AM'
Aug 20, 2019 3:03:23 PM com.sun.jersey.server.impl.application.WebApplicationImpl _initiate
INFO: Initiating Jersey application, version 'Jersey: 1.19 02/11/2015 03:25 AM'
Aug 20, 2019 3:03:23 PM com.sun.jersey.server.impl.application.WebApplicationImpl _initiate
INFO: Initiating Jersey application, version 'Jersey: 1.19 02/11/2015 03:25 AM'
Aug 20, 2019 3:03:23 PM com.sun.jersey.server.impl.application.WebApplicationImpl _initiate
INFO: Initiating Jersey application, version 'Jersey: 1.19 02/11/2015 03:25 AM'
]]></system-err>
  </testcase>
</testsuite>