<?xml version="1.0" encoding="UTF-8"?>
<testsuite xmlns:xsi="http://www.w3.org/2001/XMLSchema-instance" xsi:noNamespaceSchemaLocation="https://maven.apache.org/surefire/maven-surefire-plugin/xsd/surefire-test-report.xsd" name="org.apache.hadoop.ozone.client.rpc.TestWatchForCommit" time="240.068" tests="5" errors="1" skipped="0" failures="0">
  <properties>
    <property name="awt.toolkit" value="sun.awt.X11.XToolkit"/>
    <property name="file.encoding.pkg" value="sun.io"/>
    <property name="java.specification.version" value="1.8"/>
    <property name="sun.cpu.isalist" value=""/>
    <property name="sun.jnu.encoding" value="UTF-8"/>
    <property name="java.class.path" value="/workdir/hadoop-ozone/integration-test/target/test-classes:/workdir/hadoop-ozone/integration-test/target/classes:/home/user/.m2/repository/org/apache/hadoop/hadoop-ozone-common/0.5.0-SNAPSHOT/hadoop-ozone-common-0.5.0-SNAPSHOT.jar:/home/user/.m2/repository/org/apache/commons/commons-compress/1.4.1/commons-compress-1.4.1.jar:/home/user/.m2/repository/org/tukaani/xz/1.0/xz-1.0.jar:/home/user/.m2/repository/org/apache/hadoop/hadoop-common/3.2.0/hadoop-common-3.2.0.jar:/home/user/.m2/repository/org/apache/hadoop/hadoop-hdfs/3.2.0/hadoop-hdfs-3.2.0.jar:/home/user/.m2/repository/org/apache/hadoop/hadoop-hdfs-client/3.2.0/hadoop-hdfs-client-3.2.0.jar:/home/user/.m2/repository/com/fasterxml/jackson/core/jackson-annotations/2.9.5/jackson-annotations-2.9.5.jar:/home/user/.m2/repository/org/apache/hadoop/hadoop-hdds-common/0.5.0-SNAPSHOT/hadoop-hdds-common-0.5.0-SNAPSHOT.jar:/home/user/.m2/repository/javax/annotation/javax.annotation-api/1.2/javax.annotation-api-1.2.jar:/home/user/.m2/repository/org/apache/ratis/ratis-server/0.4.0-2337318-SNAPSHOT/ratis-server-0.4.0-2337318-SNAPSHOT.jar:/home/user/.m2/repository/org/apache/ratis/ratis-thirdparty-misc/0.2.0/ratis-thirdparty-misc-0.2.0.jar:/home/user/.m2/repository/org/apache/ratis/ratis-proto/0.4.0-2337318-SNAPSHOT/ratis-proto-0.4.0-2337318-SNAPSHOT.jar:/home/user/.m2/repository/org/apache/ratis/ratis-common/0.4.0-2337318-SNAPSHOT/ratis-common-0.4.0-2337318-SNAPSHOT.jar:/home/user/.m2/repository/org/apache/ratis/ratis-client/0.4.0-2337318-SNAPSHOT/ratis-client-0.4.0-2337318-SNAPSHOT.jar:/home/user/.m2/repository/org/apache/ratis/ratis-metrics/0.4.0-2337318-SNAPSHOT/ratis-metrics-0.4.0-2337318-SNAPSHOT.jar:/home/user/.m2/repository/org/apache/ratis/ratis-netty/0.4.0-2337318-SNAPSHOT/ratis-netty-0.4.0-2337318-SNAPSHOT.jar:/home/user/.m2/repository/org/apache/ratis/ratis-grpc/0.4.0-2337318-SNAPSHOT/ratis-grpc-0.4.0-2337318-SNAPSHOT.jar:/home/user/.m2/repository/org/rocksdb/rocksdbjni/6.0.1/rocksdbjni-6.0.1.jar:/home/user/.m2/repository/org/apache/logging/log4j/log4j-api/2.11.0/log4j-api-2.11.0.jar:/home/user/.m2/repository/org/apache/logging/log4j/log4j-core/2.11.0/log4j-core-2.11.0.jar:/home/user/.m2/repository/com/lmax/disruptor/3.4.2/disruptor-3.4.2.jar:/home/user/.m2/repository/org/apache/commons/commons-pool2/2.6.0/commons-pool2-2.6.0.jar:/home/user/.m2/repository/org/bouncycastle/bcpkix-jdk15on/1.60/bcpkix-jdk15on-1.60.jar:/home/user/.m2/repository/commons-validator/commons-validator/1.6/commons-validator-1.6.jar:/home/user/.m2/repository/commons-digester/commons-digester/1.8.1/commons-digester-1.8.1.jar:/home/user/.m2/repository/io/jaegertracing/jaeger-client/0.33.1/jaeger-client-0.33.1.jar:/home/user/.m2/repository/io/jaegertracing/jaeger-thrift/0.33.1/jaeger-thrift-0.33.1.jar:/home/user/.m2/repository/org/apache/thrift/libthrift/0.11.0/libthrift-0.11.0.jar:/home/user/.m2/repository/com/squareup/okhttp3/okhttp/3.9.0/okhttp-3.9.0.jar:/home/user/.m2/repository/com/squareup/okio/okio/1.13.0/okio-1.13.0.jar:/home/user/.m2/repository/io/jaegertracing/jaeger-core/0.33.1/jaeger-core-0.33.1.jar:/home/user/.m2/repository/io/jaegertracing/jaeger-tracerresolver/0.33.1/jaeger-tracerresolver-0.33.1.jar:/home/user/.m2/repository/io/opentracing/contrib/opentracing-tracerresolver/0.1.5/opentracing-tracerresolver-0.1.5.jar:/home/user/.m2/repository/io/opentracing/opentracing-util/0.31.0/opentracing-util-0.31.0.jar:/home/user/.m2/repository/io/opentracing/opentracing-api/0.31.0/opentracing-api-0.31.0.jar:/home/user/.m2/repository/io/opentracing/opentracing-noop/0.31.0/opentracing-noop-0.31.0.jar:/home/user/.m2/repository/org/apache/hadoop/hadoop-hdds-server-framework/0.5.0-SNAPSHOT/hadoop-hdds-server-framework-0.5.0-SNAPSHOT.jar:/home/user/.m2/repository/org/apache/hadoop/hadoop-hdds-container-service/0.5.0-SNAPSHOT/hadoop-hdds-container-service-0.5.0-SNAPSHOT.jar:/home/user/.m2/repository/org/apache/hadoop/hadoop-hdds-client/0.5.0-SNAPSHOT/hadoop-hdds-client-0.5.0-SNAPSHOT.jar:/home/user/.m2/repository/org/apache/hadoop/hadoop-hdds-tools/0.5.0-SNAPSHOT/hadoop-hdds-tools-0.5.0-SNAPSHOT.jar:/home/user/.m2/repository/org/apache/hadoop/hadoop-hdds-server-scm/0.5.0-SNAPSHOT/hadoop-hdds-server-scm-0.5.0-SNAPSHOT.jar:/home/user/.m2/repository/org/apache/hadoop/hadoop-hdds-docs/0.5.0-SNAPSHOT/hadoop-hdds-docs-0.5.0-SNAPSHOT.jar:/home/user/.m2/repository/io/dropwizard/metrics/metrics-core/3.2.4/metrics-core-3.2.4.jar:/home/user/.m2/repository/org/hamcrest/hamcrest-all/1.3/hamcrest-all-1.3.jar:/home/user/.m2/repository/org/bouncycastle/bcprov-jdk15on/1.60/bcprov-jdk15on-1.60.jar:/home/user/.m2/repository/info/picocli/picocli/3.9.6/picocli-3.9.6.jar:/home/user/.m2/repository/com/google/protobuf/protobuf-java/2.5.0/protobuf-java-2.5.0.jar:/home/user/.m2/repository/com/google/guava/guava/11.0.2/guava-11.0.2.jar:/home/user/.m2/repository/org/apache/hadoop/hadoop-ozone-ozone-manager/0.5.0-SNAPSHOT/hadoop-ozone-ozone-manager-0.5.0-SNAPSHOT.jar:/home/user/.m2/repository/org/apache/hadoop/hadoop-minikdc/3.2.0/hadoop-minikdc-3.2.0.jar:/home/user/.m2/repository/commons-io/commons-io/2.5/commons-io-2.5.jar:/home/user/.m2/repository/org/apache/kerby/kerb-simplekdc/1.0.1/kerb-simplekdc-1.0.1.jar:/home/user/.m2/repository/org/apache/kerby/kerb-client/1.0.1/kerb-client-1.0.1.jar:/home/user/.m2/repository/org/apache/kerby/kerby-config/1.0.1/kerby-config-1.0.1.jar:/home/user/.m2/repository/org/apache/kerby/kerb-core/1.0.1/kerb-core-1.0.1.jar:/home/user/.m2/repository/org/apache/kerby/kerby-pkix/1.0.1/kerby-pkix-1.0.1.jar:/home/user/.m2/repository/org/apache/kerby/kerby-asn1/1.0.1/kerby-asn1-1.0.1.jar:/home/user/.m2/repository/org/apache/kerby/kerby-util/1.0.1/kerby-util-1.0.1.jar:/home/user/.m2/repository/org/apache/kerby/kerb-common/1.0.1/kerb-common-1.0.1.jar:/home/user/.m2/repository/org/apache/kerby/kerb-crypto/1.0.1/kerb-crypto-1.0.1.jar:/home/user/.m2/repository/org/apache/kerby/kerb-util/1.0.1/kerb-util-1.0.1.jar:/home/user/.m2/repository/org/apache/kerby/token-provider/1.0.1/token-provider-1.0.1.jar:/home/user/.m2/repository/org/apache/kerby/kerb-admin/1.0.1/kerb-admin-1.0.1.jar:/home/user/.m2/repository/org/apache/kerby/kerb-server/1.0.1/kerb-server-1.0.1.jar:/home/user/.m2/repository/org/apache/kerby/kerb-identity/1.0.1/kerb-identity-1.0.1.jar:/home/user/.m2/repository/org/apache/kerby/kerby-xdr/1.0.1/kerby-xdr-1.0.1.jar:/home/user/.m2/repository/org/slf4j/slf4j-log4j12/1.7.25/slf4j-log4j12-1.7.25.jar:/home/user/.m2/repository/org/apache/hadoop/hadoop-ozone-objectstore-service/0.5.0-SNAPSHOT/hadoop-ozone-objectstore-service-0.5.0-SNAPSHOT.jar:/home/user/.m2/repository/org/apache/hadoop/hadoop-ozone-s3gateway/0.5.0-SNAPSHOT/hadoop-ozone-s3gateway-0.5.0-SNAPSHOT.jar:/home/user/.m2/repository/org/jboss/weld/servlet/weld-servlet/2.4.7.Final/weld-servlet-2.4.7.Final.jar:/home/user/.m2/repository/org/glassfish/jersey/containers/jersey-container-servlet-core/2.27/jersey-container-servlet-core-2.27.jar:/home/user/.m2/repository/org/glassfish/hk2/external/javax.inject/2.5.0-b42/javax.inject-2.5.0-b42.jar:/home/user/.m2/repository/org/glassfish/jersey/core/jersey-common/2.27/jersey-common-2.27.jar:/home/user/.m2/repository/org/glassfish/hk2/osgi-resource-locator/1.0.1/osgi-resource-locator-1.0.1.jar:/home/user/.m2/repository/javax/ws/rs/javax.ws.rs-api/2.1/javax.ws.rs-api-2.1.jar:/home/user/.m2/repository/org/glassfish/jersey/ext/cdi/jersey-cdi1x/2.27/jersey-cdi1x-2.27.jar:/home/user/.m2/repository/org/glassfish/jersey/inject/jersey-hk2/2.27/jersey-hk2-2.27.jar:/home/user/.m2/repository/org/glassfish/hk2/hk2-locator/2.5.0-b42/hk2-locator-2.5.0-b42.jar:/home/user/.m2/repository/org/javassist/javassist/3.22.0-CR2/javassist-3.22.0-CR2.jar:/home/user/.m2/repository/org/glassfish/hk2/hk2-api/2.5.0/hk2-api-2.5.0.jar:/home/user/.m2/repository/org/glassfish/hk2/external/jakarta.inject/2.5.0/jakarta.inject-2.5.0.jar:/home/user/.m2/repository/org/glassfish/hk2/hk2-utils/2.5.0/hk2-utils-2.5.0.jar:/home/user/.m2/repository/jakarta/annotation/jakarta.annotation-api/1.3.4/jakarta.annotation-api-1.3.4.jar:/home/user/.m2/repository/org/glassfish/hk2/external/aopalliance-repackaged/2.5.0/aopalliance-repackaged-2.5.0.jar:/home/user/.m2/repository/com/fasterxml/jackson/dataformat/jackson-dataformat-xml/2.9.0/jackson-dataformat-xml-2.9.0.jar:/home/user/.m2/repository/com/fasterxml/jackson/core/jackson-core/2.9.5/jackson-core-2.9.5.jar:/home/user/.m2/repository/com/fasterxml/jackson/module/jackson-module-jaxb-annotations/2.9.5/jackson-module-jaxb-annotations-2.9.5.jar:/home/user/.m2/repository/javax/enterprise/cdi-api/1.2/cdi-api-1.2.jar:/home/user/.m2/repository/javax/el/javax.el-api/3.0.0/javax.el-api-3.0.0.jar:/home/user/.m2/repository/javax/interceptor/javax.interceptor-api/1.2/javax.interceptor-api-1.2.jar:/home/user/.m2/repository/javax/inject/javax.inject/1/javax.inject-1.jar:/home/user/.m2/repository/com/sun/xml/bind/jaxb-impl/2.3.0.1/jaxb-impl-2.3.0.1.jar:/home/user/.m2/repository/com/sun/xml/bind/jaxb-core/2.3.0.1/jaxb-core-2.3.0.1.jar:/home/user/.m2/repository/javax/xml/bind/jaxb-api/2.3.0/jaxb-api-2.3.0.jar:/home/user/.m2/repository/javax/activation/activation/1.1.1/activation-1.1.1.jar:/home/user/.m2/repository/org/apache/hadoop/hadoop-ozone-csi/0.5.0-SNAPSHOT/hadoop-ozone-csi-0.5.0-SNAPSHOT.jar:/home/user/.m2/repository/com/google/protobuf/protobuf-java-util/3.5.1/protobuf-java-util-3.5.1.jar:/home/user/.m2/repository/org/apache/hadoop/hadoop-hdds-config/0.5.0-SNAPSHOT/hadoop-hdds-config-0.5.0-SNAPSHOT.jar:/home/user/.m2/repository/io/grpc/grpc-netty/1.17.1/grpc-netty-1.17.1.jar:/home/user/.m2/repository/io/grpc/grpc-core/1.17.1/grpc-core-1.17.1.jar:/home/user/.m2/repository/io/grpc/grpc-context/1.17.1/grpc-context-1.17.1.jar:/home/user/.m2/repository/com/google/errorprone/error_prone_annotations/2.2.0/error_prone_annotations-2.2.0.jar:/home/user/.m2/repository/org/codehaus/mojo/animal-sniffer-annotations/1.17/animal-sniffer-annotations-1.17.jar:/home/user/.m2/repository/io/opencensus/opencensus-api/0.17.0/opencensus-api-0.17.0.jar:/home/user/.m2/repository/io/opencensus/opencensus-contrib-grpc-metrics/0.17.0/opencensus-contrib-grpc-metrics-0.17.0.jar:/home/user/.m2/repository/io/netty/netty-codec-http2/4.1.30.Final/netty-codec-http2-4.1.30.Final.jar:/home/user/.m2/repository/io/netty/netty-codec-http/4.1.30.Final/netty-codec-http-4.1.30.Final.jar:/home/user/.m2/repository/io/netty/netty-codec/4.1.30.Final/netty-codec-4.1.30.Final.jar:/home/user/.m2/repository/io/netty/netty-handler/4.1.30.Final/netty-handler-4.1.30.Final.jar:/home/user/.m2/repository/io/netty/netty-handler-proxy/4.1.30.Final/netty-handler-proxy-4.1.30.Final.jar:/home/user/.m2/repository/io/netty/netty-codec-socks/4.1.30.Final/netty-codec-socks-4.1.30.Final.jar:/home/user/.m2/repository/io/netty/netty-transport-native-epoll/4.1.30.Final/netty-transport-native-epoll-4.1.30.Final.jar:/home/user/.m2/repository/io/netty/netty-common/4.1.30.Final/netty-common-4.1.30.Final.jar:/home/user/.m2/repository/io/netty/netty-buffer/4.1.30.Final/netty-buffer-4.1.30.Final.jar:/home/user/.m2/repository/io/netty/netty-transport/4.1.30.Final/netty-transport-4.1.30.Final.jar:/home/user/.m2/repository/io/netty/netty-resolver/4.1.30.Final/netty-resolver-4.1.30.Final.jar:/home/user/.m2/repository/io/netty/netty-transport-native-unix-common/4.1.30.Final/netty-transport-native-unix-common-4.1.30.Final.jar:/home/user/.m2/repository/io/grpc/grpc-protobuf/1.17.1/grpc-protobuf-1.17.1.jar:/home/user/.m2/repository/com/google/api/grpc/proto-google-common-protos/1.0.0/proto-google-common-protos-1.0.0.jar:/home/user/.m2/repository/io/grpc/grpc-protobuf-lite/1.17.1/grpc-protobuf-lite-1.17.1.jar:/home/user/.m2/repository/io/grpc/grpc-stub/1.17.1/grpc-stub-1.17.1.jar:/home/user/.m2/repository/org/apache/hadoop/hadoop-ozone-recon/0.5.0-SNAPSHOT/hadoop-ozone-recon-0.5.0-SNAPSHOT.jar:/home/user/.m2/repository/org/apache/hadoop/hadoop-ozone-reconcodegen/0.5.0-SNAPSHOT/hadoop-ozone-reconcodegen-0.5.0-SNAPSHOT.jar:/home/user/.m2/repository/com/google/inject/extensions/guice-multibindings/4.0/guice-multibindings-4.0.jar:/home/user/.m2/repository/com/google/inject/guice/4.0/guice-4.0.jar:/home/user/.m2/repository/aopalliance/aopalliance/1.0/aopalliance-1.0.jar:/home/user/.m2/repository/com/google/inject/extensions/guice-servlet/4.0/guice-servlet-4.0.jar:/home/user/.m2/repository/org/glassfish/jersey/containers/jersey-container-servlet/2.27/jersey-container-servlet-2.27.jar:/home/user/.m2/repository/org/glassfish/hk2/guice-bridge/2.5.0/guice-bridge-2.5.0.jar:/home/user/.m2/repository/org/glassfish/jersey/core/jersey-server/2.27/jersey-server-2.27.jar:/home/user/.m2/repository/org/glassfish/jersey/core/jersey-client/2.27/jersey-client-2.27.jar:/home/user/.m2/repository/org/glassfish/jersey/media/jersey-media-jaxb/2.27/jersey-media-jaxb-2.27.jar:/home/user/.m2/repository/javax/validation/validation-api/1.1.0.Final/validation-api-1.1.0.Final.jar:/home/user/.m2/repository/org/glassfish/jersey/media/jersey-media-json-jackson/2.27/jersey-media-json-jackson-2.27.jar:/home/user/.m2/repository/org/glassfish/jersey/ext/jersey-entity-filtering/2.27/jersey-entity-filtering-2.27.jar:/home/user/.m2/repository/com/google/inject/extensions/guice-assistedinject/4.0/guice-assistedinject-4.0.jar:/home/user/.m2/repository/org/jooq/jooq/3.11.10/jooq-3.11.10.jar:/home/user/.m2/repository/org/jooq/jooq-meta/3.11.10/jooq-meta-3.11.10.jar:/home/user/.m2/repository/org/jooq/jooq-codegen/3.11.10/jooq-codegen-3.11.10.jar:/home/user/.m2/repository/com/jolbox/bonecp/0.8.0.RELEASE/bonecp-0.8.0.RELEASE.jar:/home/user/.m2/repository/org/xerial/sqlite-jdbc/3.25.2/sqlite-jdbc-3.25.2.jar:/home/user/.m2/repository/org/springframework/spring-jdbc/5.1.3.RELEASE/spring-jdbc-5.1.3.RELEASE.jar:/home/user/.m2/repository/org/springframework/spring-beans/5.1.3.RELEASE/spring-beans-5.1.3.RELEASE.jar:/home/user/.m2/repository/org/springframework/spring-core/5.1.3.RELEASE/spring-core-5.1.3.RELEASE.jar:/home/user/.m2/repository/org/springframework/spring-jcl/5.1.3.RELEASE/spring-jcl-5.1.3.RELEASE.jar:/home/user/.m2/repository/org/springframework/spring-tx/5.1.3.RELEASE/spring-tx-5.1.3.RELEASE.jar:/home/user/.m2/repository/org/apache/hadoop/hadoop-ozone-client/0.5.0-SNAPSHOT/hadoop-ozone-client-0.5.0-SNAPSHOT.jar:/home/user/.m2/repository/commons-lang/commons-lang/2.6/commons-lang-2.6.jar:/home/user/.m2/repository/org/apache/hadoop/hadoop-ozone-ozone-manager/0.5.0-SNAPSHOT/hadoop-ozone-ozone-manager-0.5.0-SNAPSHOT-tests.jar:/home/user/.m2/repository/junit/junit/4.11/junit-4.11.jar:/home/user/.m2/repository/org/hamcrest/hamcrest-core/1.3/hamcrest-core-1.3.jar:/home/user/.m2/repository/org/openjdk/jmh/jmh-core/1.19/jmh-core-1.19.jar:/home/user/.m2/repository/net/sf/jopt-simple/jopt-simple/4.6/jopt-simple-4.6.jar:/home/user/.m2/repository/org/apache/commons/commons-math3/3.1.1/commons-math3-3.1.1.jar:/home/user/.m2/repository/org/openjdk/jmh/jmh-generator-annprocess/1.19/jmh-generator-annprocess-1.19.jar:/home/user/.m2/repository/org/mockito/mockito-all/1.8.5/mockito-all-1.8.5.jar:/home/user/.m2/repository/org/apache/hadoop/hadoop-kms/3.2.0/hadoop-kms-3.2.0.jar:/home/user/.m2/repository/org/apache/hadoop/hadoop-auth/3.2.0/hadoop-auth-3.2.0.jar:/home/user/.m2/repository/com/nimbusds/nimbus-jose-jwt/4.41.1/nimbus-jose-jwt-4.41.1.jar:/home/user/.m2/repository/com/github/stephenc/jcip/jcip-annotations/1.0-1/jcip-annotations-1.0-1.jar:/home/user/.m2/repository/net/minidev/json-smart/2.3/json-smart-2.3.jar:/home/user/.m2/repository/net/minidev/accessors-smart/1.2/accessors-smart-1.2.jar:/home/user/.m2/repository/org/ow2/asm/asm/5.0.4/asm-5.0.4.jar:/home/user/.m2/repository/org/apache/curator/curator-framework/2.12.0/curator-framework-2.12.0.jar:/home/user/.m2/repository/com/sun/jersey/jersey-core/1.19/jersey-core-1.19.jar:/home/user/.m2/repository/javax/ws/rs/jsr311-api/1.1.1/jsr311-api-1.1.1.jar:/home/user/.m2/repository/com/sun/jersey/jersey-server/1.19/jersey-server-1.19.jar:/home/user/.m2/repository/javax/servlet/javax.servlet-api/3.1.0/javax.servlet-api-3.1.0.jar:/home/user/.m2/repository/org/eclipse/jetty/jetty-server/9.3.24.v20180605/jetty-server-9.3.24.v20180605.jar:/home/user/.m2/repository/org/eclipse/jetty/jetty-http/9.3.24.v20180605/jetty-http-9.3.24.v20180605.jar:/home/user/.m2/repository/org/eclipse/jetty/jetty-io/9.3.24.v20180605/jetty-io-9.3.24.v20180605.jar:/home/user/.m2/repository/org/eclipse/jetty/jetty-webapp/9.3.24.v20180605/jetty-webapp-9.3.24.v20180605.jar:/home/user/.m2/repository/org/eclipse/jetty/jetty-xml/9.3.24.v20180605/jetty-xml-9.3.24.v20180605.jar:/home/user/.m2/repository/log4j/log4j/1.2.17/log4j-1.2.17.jar:/home/user/.m2/repository/org/slf4j/slf4j-api/1.7.25/slf4j-api-1.7.25.jar:/home/user/.m2/repository/org/slf4j/jul-to-slf4j/1.7.25/jul-to-slf4j-1.7.25.jar:/home/user/.m2/repository/org/eclipse/jetty/jetty-util/9.3.24.v20180605/jetty-util-9.3.24.v20180605.jar:/home/user/.m2/repository/com/fasterxml/jackson/core/jackson-databind/2.9.5/jackson-databind-2.9.5.jar:/home/user/.m2/repository/org/apache/hadoop/hadoop-kms/3.2.0/hadoop-kms-3.2.0-tests.jar:/home/user/.m2/repository/org/apache/hadoop/hadoop-hdds-server-scm/0.5.0-SNAPSHOT/hadoop-hdds-server-scm-0.5.0-SNAPSHOT-tests.jar:/home/user/.m2/repository/org/apache/hadoop/hadoop-hdds-container-service/0.5.0-SNAPSHOT/hadoop-hdds-container-service-0.5.0-SNAPSHOT-tests.jar:/home/user/.m2/repository/org/yaml/snakeyaml/1.16/snakeyaml-1.16.jar:/home/user/.m2/repository/org/apache/hadoop/hadoop-common/3.2.0/hadoop-common-3.2.0-tests.jar:/home/user/.m2/repository/org/apache/hadoop/hadoop-annotations/3.2.0/hadoop-annotations-3.2.0.jar:/usr/lib/jvm/java-1.8-openjdk/jre/../lib/tools.jar:/home/user/.m2/repository/commons-cli/commons-cli/1.2/commons-cli-1.2.jar:/home/user/.m2/repository/org/apache/httpcomponents/httpclient/4.5.2/httpclient-4.5.2.jar:/home/user/.m2/repository/org/apache/httpcomponents/httpcore/4.4.4/httpcore-4.4.4.jar:/home/user/.m2/repository/commons-codec/commons-codec/1.11/commons-codec-1.11.jar:/home/user/.m2/repository/commons-net/commons-net/3.6/commons-net-3.6.jar:/home/user/.m2/repository/commons-collections/commons-collections/3.2.2/commons-collections-3.2.2.jar:/home/user/.m2/repository/org/eclipse/jetty/jetty-servlet/9.3.24.v20180605/jetty-servlet-9.3.24.v20180605.jar:/home/user/.m2/repository/org/eclipse/jetty/jetty-security/9.3.24.v20180605/jetty-security-9.3.24.v20180605.jar:/home/user/.m2/repository/javax/servlet/jsp/jsp-api/2.1/jsp-api-2.1.jar:/home/user/.m2/repository/com/sun/jersey/jersey-servlet/1.19/jersey-servlet-1.19.jar:/home/user/.m2/repository/com/sun/jersey/jersey-json/1.19/jersey-json-1.19.jar:/home/user/.m2/repository/org/codehaus/jettison/jettison/1.1/jettison-1.1.jar:/home/user/.m2/repository/org/codehaus/jackson/jackson-core-asl/1.9.13/jackson-core-asl-1.9.13.jar:/home/user/.m2/repository/org/codehaus/jackson/jackson-mapper-asl/1.9.13/jackson-mapper-asl-1.9.13.jar:/home/user/.m2/repository/org/codehaus/jackson/jackson-jaxrs/1.9.13/jackson-jaxrs-1.9.13.jar:/home/user/.m2/repository/org/codehaus/jackson/jackson-xc/1.9.13/jackson-xc-1.9.13.jar:/home/user/.m2/repository/commons-logging/commons-logging/1.1.3/commons-logging-1.1.3.jar:/home/user/.m2/repository/commons-beanutils/commons-beanutils/1.9.3/commons-beanutils-1.9.3.jar:/home/user/.m2/repository/org/apache/commons/commons-configuration2/2.1.1/commons-configuration2-2.1.1.jar:/home/user/.m2/repository/org/apache/commons/commons-lang3/3.7/commons-lang3-3.7.jar:/home/user/.m2/repository/org/apache/commons/commons-text/1.4/commons-text-1.4.jar:/home/user/.m2/repository/org/apache/avro/avro/1.7.7/avro-1.7.7.jar:/home/user/.m2/repository/com/thoughtworks/paranamer/paranamer/2.3/paranamer-2.3.jar:/home/user/.m2/repository/org/xerial/snappy/snappy-java/1.0.5/snappy-java-1.0.5.jar:/home/user/.m2/repository/com/google/re2j/re2j/1.1/re2j-1.1.jar:/home/user/.m2/repository/com/google/code/gson/gson/2.2.4/gson-2.2.4.jar:/home/user/.m2/repository/com/jcraft/jsch/0.1.54/jsch-0.1.54.jar:/home/user/.m2/repository/org/apache/curator/curator-client/2.12.0/curator-client-2.12.0.jar:/home/user/.m2/repository/org/apache/curator/curator-recipes/2.12.0/curator-recipes-2.12.0.jar:/home/user/.m2/repository/com/google/code/findbugs/jsr305/3.0.0/jsr305-3.0.0.jar:/home/user/.m2/repository/org/apache/htrace/htrace-core4/4.1.0-incubating/htrace-core4-4.1.0-incubating.jar:/home/user/.m2/repository/org/apache/zookeeper/zookeeper/3.4.13/zookeeper-3.4.13.jar:/home/user/.m2/repository/org/apache/yetus/audience-annotations/0.5.0/audience-annotations-0.5.0.jar:/home/user/.m2/repository/org/codehaus/woodstox/stax2-api/3.1.4/stax2-api-3.1.4.jar:/home/user/.m2/repository/com/fasterxml/woodstox/woodstox-core/5.0.3/woodstox-core-5.0.3.jar:/home/user/.m2/repository/dnsjava/dnsjava/2.1.7/dnsjava-2.1.7.jar:/home/user/.m2/repository/org/apache/hadoop/hadoop-hdfs/3.2.0/hadoop-hdfs-3.2.0-tests.jar:/home/user/.m2/repository/org/eclipse/jetty/jetty-util-ajax/9.3.24.v20180605/jetty-util-ajax-9.3.24.v20180605.jar:/home/user/.m2/repository/commons-daemon/commons-daemon/1.0.13/commons-daemon-1.0.13.jar:/home/user/.m2/repository/io/netty/netty/3.10.5.Final/netty-3.10.5.Final.jar:/home/user/.m2/repository/io/netty/netty-all/4.0.52.Final/netty-all-4.0.52.Final.jar:/home/user/.m2/repository/org/fusesource/leveldbjni/leveldbjni-all/1.8/leveldbjni-all-1.8.jar:"/>
    <property name="java.vm.vendor" value="IcedTea"/>
    <property name="sun.arch.data.model" value="64"/>
    <property name="test.build.dir" value="/workdir/hadoop-ozone/integration-test/target/test-dir"/>
    <property name="test.cache.data" value=""/>
    <property name="java.vendor.url" value="https://icedtea.classpath.org"/>
    <property name="user.timezone" value=""/>
    <property name="java.vm.specification.version" value="1.8"/>
    <property name="os.name" value="Linux"/>
    <property name="test.build.data" value="/workdir/hadoop-ozone/integration-test/target/test-dir"/>
    <property name="user.country" value="US"/>
    <property name="sun.java.launcher" value="SUN_STANDARD"/>
    <property name="sun.boot.library.path" value="/usr/lib/jvm/java-1.8-openjdk/jre/lib/amd64"/>
    <property name="sun.java.command" value="/workdir/hadoop-ozone/integration-test/target/surefire/surefirebooter1242227523416097021.jar /workdir/hadoop-ozone/integration-test/target/surefire 2019-08-20T14-19-05_258-jvmRun1 surefire7695298198566132379tmp surefire_191047536522238768160tmp"/>
    <property name="surefire.test.class.path" value="/workdir/hadoop-ozone/integration-test/target/test-classes:/workdir/hadoop-ozone/integration-test/target/classes:/home/user/.m2/repository/org/apache/hadoop/hadoop-ozone-common/0.5.0-SNAPSHOT/hadoop-ozone-common-0.5.0-SNAPSHOT.jar:/home/user/.m2/repository/org/apache/commons/commons-compress/1.4.1/commons-compress-1.4.1.jar:/home/user/.m2/repository/org/tukaani/xz/1.0/xz-1.0.jar:/home/user/.m2/repository/org/apache/hadoop/hadoop-common/3.2.0/hadoop-common-3.2.0.jar:/home/user/.m2/repository/org/apache/hadoop/hadoop-hdfs/3.2.0/hadoop-hdfs-3.2.0.jar:/home/user/.m2/repository/org/apache/hadoop/hadoop-hdfs-client/3.2.0/hadoop-hdfs-client-3.2.0.jar:/home/user/.m2/repository/com/fasterxml/jackson/core/jackson-annotations/2.9.5/jackson-annotations-2.9.5.jar:/home/user/.m2/repository/org/apache/hadoop/hadoop-hdds-common/0.5.0-SNAPSHOT/hadoop-hdds-common-0.5.0-SNAPSHOT.jar:/home/user/.m2/repository/javax/annotation/javax.annotation-api/1.2/javax.annotation-api-1.2.jar:/home/user/.m2/repository/org/apache/ratis/ratis-server/0.4.0-2337318-SNAPSHOT/ratis-server-0.4.0-2337318-SNAPSHOT.jar:/home/user/.m2/repository/org/apache/ratis/ratis-thirdparty-misc/0.2.0/ratis-thirdparty-misc-0.2.0.jar:/home/user/.m2/repository/org/apache/ratis/ratis-proto/0.4.0-2337318-SNAPSHOT/ratis-proto-0.4.0-2337318-SNAPSHOT.jar:/home/user/.m2/repository/org/apache/ratis/ratis-common/0.4.0-2337318-SNAPSHOT/ratis-common-0.4.0-2337318-SNAPSHOT.jar:/home/user/.m2/repository/org/apache/ratis/ratis-client/0.4.0-2337318-SNAPSHOT/ratis-client-0.4.0-2337318-SNAPSHOT.jar:/home/user/.m2/repository/org/apache/ratis/ratis-metrics/0.4.0-2337318-SNAPSHOT/ratis-metrics-0.4.0-2337318-SNAPSHOT.jar:/home/user/.m2/repository/org/apache/ratis/ratis-netty/0.4.0-2337318-SNAPSHOT/ratis-netty-0.4.0-2337318-SNAPSHOT.jar:/home/user/.m2/repository/org/apache/ratis/ratis-grpc/0.4.0-2337318-SNAPSHOT/ratis-grpc-0.4.0-2337318-SNAPSHOT.jar:/home/user/.m2/repository/org/rocksdb/rocksdbjni/6.0.1/rocksdbjni-6.0.1.jar:/home/user/.m2/repository/org/apache/logging/log4j/log4j-api/2.11.0/log4j-api-2.11.0.jar:/home/user/.m2/repository/org/apache/logging/log4j/log4j-core/2.11.0/log4j-core-2.11.0.jar:/home/user/.m2/repository/com/lmax/disruptor/3.4.2/disruptor-3.4.2.jar:/home/user/.m2/repository/org/apache/commons/commons-pool2/2.6.0/commons-pool2-2.6.0.jar:/home/user/.m2/repository/org/bouncycastle/bcpkix-jdk15on/1.60/bcpkix-jdk15on-1.60.jar:/home/user/.m2/repository/commons-validator/commons-validator/1.6/commons-validator-1.6.jar:/home/user/.m2/repository/commons-digester/commons-digester/1.8.1/commons-digester-1.8.1.jar:/home/user/.m2/repository/io/jaegertracing/jaeger-client/0.33.1/jaeger-client-0.33.1.jar:/home/user/.m2/repository/io/jaegertracing/jaeger-thrift/0.33.1/jaeger-thrift-0.33.1.jar:/home/user/.m2/repository/org/apache/thrift/libthrift/0.11.0/libthrift-0.11.0.jar:/home/user/.m2/repository/com/squareup/okhttp3/okhttp/3.9.0/okhttp-3.9.0.jar:/home/user/.m2/repository/com/squareup/okio/okio/1.13.0/okio-1.13.0.jar:/home/user/.m2/repository/io/jaegertracing/jaeger-core/0.33.1/jaeger-core-0.33.1.jar:/home/user/.m2/repository/io/jaegertracing/jaeger-tracerresolver/0.33.1/jaeger-tracerresolver-0.33.1.jar:/home/user/.m2/repository/io/opentracing/contrib/opentracing-tracerresolver/0.1.5/opentracing-tracerresolver-0.1.5.jar:/home/user/.m2/repository/io/opentracing/opentracing-util/0.31.0/opentracing-util-0.31.0.jar:/home/user/.m2/repository/io/opentracing/opentracing-api/0.31.0/opentracing-api-0.31.0.jar:/home/user/.m2/repository/io/opentracing/opentracing-noop/0.31.0/opentracing-noop-0.31.0.jar:/home/user/.m2/repository/org/apache/hadoop/hadoop-hdds-server-framework/0.5.0-SNAPSHOT/hadoop-hdds-server-framework-0.5.0-SNAPSHOT.jar:/home/user/.m2/repository/org/apache/hadoop/hadoop-hdds-container-service/0.5.0-SNAPSHOT/hadoop-hdds-container-service-0.5.0-SNAPSHOT.jar:/home/user/.m2/repository/org/apache/hadoop/hadoop-hdds-client/0.5.0-SNAPSHOT/hadoop-hdds-client-0.5.0-SNAPSHOT.jar:/home/user/.m2/repository/org/apache/hadoop/hadoop-hdds-tools/0.5.0-SNAPSHOT/hadoop-hdds-tools-0.5.0-SNAPSHOT.jar:/home/user/.m2/repository/org/apache/hadoop/hadoop-hdds-server-scm/0.5.0-SNAPSHOT/hadoop-hdds-server-scm-0.5.0-SNAPSHOT.jar:/home/user/.m2/repository/org/apache/hadoop/hadoop-hdds-docs/0.5.0-SNAPSHOT/hadoop-hdds-docs-0.5.0-SNAPSHOT.jar:/home/user/.m2/repository/io/dropwizard/metrics/metrics-core/3.2.4/metrics-core-3.2.4.jar:/home/user/.m2/repository/org/hamcrest/hamcrest-all/1.3/hamcrest-all-1.3.jar:/home/user/.m2/repository/org/bouncycastle/bcprov-jdk15on/1.60/bcprov-jdk15on-1.60.jar:/home/user/.m2/repository/info/picocli/picocli/3.9.6/picocli-3.9.6.jar:/home/user/.m2/repository/com/google/protobuf/protobuf-java/2.5.0/protobuf-java-2.5.0.jar:/home/user/.m2/repository/com/google/guava/guava/11.0.2/guava-11.0.2.jar:/home/user/.m2/repository/org/apache/hadoop/hadoop-ozone-ozone-manager/0.5.0-SNAPSHOT/hadoop-ozone-ozone-manager-0.5.0-SNAPSHOT.jar:/home/user/.m2/repository/org/apache/hadoop/hadoop-minikdc/3.2.0/hadoop-minikdc-3.2.0.jar:/home/user/.m2/repository/commons-io/commons-io/2.5/commons-io-2.5.jar:/home/user/.m2/repository/org/apache/kerby/kerb-simplekdc/1.0.1/kerb-simplekdc-1.0.1.jar:/home/user/.m2/repository/org/apache/kerby/kerb-client/1.0.1/kerb-client-1.0.1.jar:/home/user/.m2/repository/org/apache/kerby/kerby-config/1.0.1/kerby-config-1.0.1.jar:/home/user/.m2/repository/org/apache/kerby/kerb-core/1.0.1/kerb-core-1.0.1.jar:/home/user/.m2/repository/org/apache/kerby/kerby-pkix/1.0.1/kerby-pkix-1.0.1.jar:/home/user/.m2/repository/org/apache/kerby/kerby-asn1/1.0.1/kerby-asn1-1.0.1.jar:/home/user/.m2/repository/org/apache/kerby/kerby-util/1.0.1/kerby-util-1.0.1.jar:/home/user/.m2/repository/org/apache/kerby/kerb-common/1.0.1/kerb-common-1.0.1.jar:/home/user/.m2/repository/org/apache/kerby/kerb-crypto/1.0.1/kerb-crypto-1.0.1.jar:/home/user/.m2/repository/org/apache/kerby/kerb-util/1.0.1/kerb-util-1.0.1.jar:/home/user/.m2/repository/org/apache/kerby/token-provider/1.0.1/token-provider-1.0.1.jar:/home/user/.m2/repository/org/apache/kerby/kerb-admin/1.0.1/kerb-admin-1.0.1.jar:/home/user/.m2/repository/org/apache/kerby/kerb-server/1.0.1/kerb-server-1.0.1.jar:/home/user/.m2/repository/org/apache/kerby/kerb-identity/1.0.1/kerb-identity-1.0.1.jar:/home/user/.m2/repository/org/apache/kerby/kerby-xdr/1.0.1/kerby-xdr-1.0.1.jar:/home/user/.m2/repository/org/slf4j/slf4j-log4j12/1.7.25/slf4j-log4j12-1.7.25.jar:/home/user/.m2/repository/org/apache/hadoop/hadoop-ozone-objectstore-service/0.5.0-SNAPSHOT/hadoop-ozone-objectstore-service-0.5.0-SNAPSHOT.jar:/home/user/.m2/repository/org/apache/hadoop/hadoop-ozone-s3gateway/0.5.0-SNAPSHOT/hadoop-ozone-s3gateway-0.5.0-SNAPSHOT.jar:/home/user/.m2/repository/org/jboss/weld/servlet/weld-servlet/2.4.7.Final/weld-servlet-2.4.7.Final.jar:/home/user/.m2/repository/org/glassfish/jersey/containers/jersey-container-servlet-core/2.27/jersey-container-servlet-core-2.27.jar:/home/user/.m2/repository/org/glassfish/hk2/external/javax.inject/2.5.0-b42/javax.inject-2.5.0-b42.jar:/home/user/.m2/repository/org/glassfish/jersey/core/jersey-common/2.27/jersey-common-2.27.jar:/home/user/.m2/repository/org/glassfish/hk2/osgi-resource-locator/1.0.1/osgi-resource-locator-1.0.1.jar:/home/user/.m2/repository/javax/ws/rs/javax.ws.rs-api/2.1/javax.ws.rs-api-2.1.jar:/home/user/.m2/repository/org/glassfish/jersey/ext/cdi/jersey-cdi1x/2.27/jersey-cdi1x-2.27.jar:/home/user/.m2/repository/org/glassfish/jersey/inject/jersey-hk2/2.27/jersey-hk2-2.27.jar:/home/user/.m2/repository/org/glassfish/hk2/hk2-locator/2.5.0-b42/hk2-locator-2.5.0-b42.jar:/home/user/.m2/repository/org/javassist/javassist/3.22.0-CR2/javassist-3.22.0-CR2.jar:/home/user/.m2/repository/org/glassfish/hk2/hk2-api/2.5.0/hk2-api-2.5.0.jar:/home/user/.m2/repository/org/glassfish/hk2/external/jakarta.inject/2.5.0/jakarta.inject-2.5.0.jar:/home/user/.m2/repository/org/glassfish/hk2/hk2-utils/2.5.0/hk2-utils-2.5.0.jar:/home/user/.m2/repository/jakarta/annotation/jakarta.annotation-api/1.3.4/jakarta.annotation-api-1.3.4.jar:/home/user/.m2/repository/org/glassfish/hk2/external/aopalliance-repackaged/2.5.0/aopalliance-repackaged-2.5.0.jar:/home/user/.m2/repository/com/fasterxml/jackson/dataformat/jackson-dataformat-xml/2.9.0/jackson-dataformat-xml-2.9.0.jar:/home/user/.m2/repository/com/fasterxml/jackson/core/jackson-core/2.9.5/jackson-core-2.9.5.jar:/home/user/.m2/repository/com/fasterxml/jackson/module/jackson-module-jaxb-annotations/2.9.5/jackson-module-jaxb-annotations-2.9.5.jar:/home/user/.m2/repository/javax/enterprise/cdi-api/1.2/cdi-api-1.2.jar:/home/user/.m2/repository/javax/el/javax.el-api/3.0.0/javax.el-api-3.0.0.jar:/home/user/.m2/repository/javax/interceptor/javax.interceptor-api/1.2/javax.interceptor-api-1.2.jar:/home/user/.m2/repository/javax/inject/javax.inject/1/javax.inject-1.jar:/home/user/.m2/repository/com/sun/xml/bind/jaxb-impl/2.3.0.1/jaxb-impl-2.3.0.1.jar:/home/user/.m2/repository/com/sun/xml/bind/jaxb-core/2.3.0.1/jaxb-core-2.3.0.1.jar:/home/user/.m2/repository/javax/xml/bind/jaxb-api/2.3.0/jaxb-api-2.3.0.jar:/home/user/.m2/repository/javax/activation/activation/1.1.1/activation-1.1.1.jar:/home/user/.m2/repository/org/apache/hadoop/hadoop-ozone-csi/0.5.0-SNAPSHOT/hadoop-ozone-csi-0.5.0-SNAPSHOT.jar:/home/user/.m2/repository/com/google/protobuf/protobuf-java-util/3.5.1/protobuf-java-util-3.5.1.jar:/home/user/.m2/repository/org/apache/hadoop/hadoop-hdds-config/0.5.0-SNAPSHOT/hadoop-hdds-config-0.5.0-SNAPSHOT.jar:/home/user/.m2/repository/io/grpc/grpc-netty/1.17.1/grpc-netty-1.17.1.jar:/home/user/.m2/repository/io/grpc/grpc-core/1.17.1/grpc-core-1.17.1.jar:/home/user/.m2/repository/io/grpc/grpc-context/1.17.1/grpc-context-1.17.1.jar:/home/user/.m2/repository/com/google/errorprone/error_prone_annotations/2.2.0/error_prone_annotations-2.2.0.jar:/home/user/.m2/repository/org/codehaus/mojo/animal-sniffer-annotations/1.17/animal-sniffer-annotations-1.17.jar:/home/user/.m2/repository/io/opencensus/opencensus-api/0.17.0/opencensus-api-0.17.0.jar:/home/user/.m2/repository/io/opencensus/opencensus-contrib-grpc-metrics/0.17.0/opencensus-contrib-grpc-metrics-0.17.0.jar:/home/user/.m2/repository/io/netty/netty-codec-http2/4.1.30.Final/netty-codec-http2-4.1.30.Final.jar:/home/user/.m2/repository/io/netty/netty-codec-http/4.1.30.Final/netty-codec-http-4.1.30.Final.jar:/home/user/.m2/repository/io/netty/netty-codec/4.1.30.Final/netty-codec-4.1.30.Final.jar:/home/user/.m2/repository/io/netty/netty-handler/4.1.30.Final/netty-handler-4.1.30.Final.jar:/home/user/.m2/repository/io/netty/netty-handler-proxy/4.1.30.Final/netty-handler-proxy-4.1.30.Final.jar:/home/user/.m2/repository/io/netty/netty-codec-socks/4.1.30.Final/netty-codec-socks-4.1.30.Final.jar:/home/user/.m2/repository/io/netty/netty-transport-native-epoll/4.1.30.Final/netty-transport-native-epoll-4.1.30.Final.jar:/home/user/.m2/repository/io/netty/netty-common/4.1.30.Final/netty-common-4.1.30.Final.jar:/home/user/.m2/repository/io/netty/netty-buffer/4.1.30.Final/netty-buffer-4.1.30.Final.jar:/home/user/.m2/repository/io/netty/netty-transport/4.1.30.Final/netty-transport-4.1.30.Final.jar:/home/user/.m2/repository/io/netty/netty-resolver/4.1.30.Final/netty-resolver-4.1.30.Final.jar:/home/user/.m2/repository/io/netty/netty-transport-native-unix-common/4.1.30.Final/netty-transport-native-unix-common-4.1.30.Final.jar:/home/user/.m2/repository/io/grpc/grpc-protobuf/1.17.1/grpc-protobuf-1.17.1.jar:/home/user/.m2/repository/com/google/api/grpc/proto-google-common-protos/1.0.0/proto-google-common-protos-1.0.0.jar:/home/user/.m2/repository/io/grpc/grpc-protobuf-lite/1.17.1/grpc-protobuf-lite-1.17.1.jar:/home/user/.m2/repository/io/grpc/grpc-stub/1.17.1/grpc-stub-1.17.1.jar:/home/user/.m2/repository/org/apache/hadoop/hadoop-ozone-recon/0.5.0-SNAPSHOT/hadoop-ozone-recon-0.5.0-SNAPSHOT.jar:/home/user/.m2/repository/org/apache/hadoop/hadoop-ozone-reconcodegen/0.5.0-SNAPSHOT/hadoop-ozone-reconcodegen-0.5.0-SNAPSHOT.jar:/home/user/.m2/repository/com/google/inject/extensions/guice-multibindings/4.0/guice-multibindings-4.0.jar:/home/user/.m2/repository/com/google/inject/guice/4.0/guice-4.0.jar:/home/user/.m2/repository/aopalliance/aopalliance/1.0/aopalliance-1.0.jar:/home/user/.m2/repository/com/google/inject/extensions/guice-servlet/4.0/guice-servlet-4.0.jar:/home/user/.m2/repository/org/glassfish/jersey/containers/jersey-container-servlet/2.27/jersey-container-servlet-2.27.jar:/home/user/.m2/repository/org/glassfish/hk2/guice-bridge/2.5.0/guice-bridge-2.5.0.jar:/home/user/.m2/repository/org/glassfish/jersey/core/jersey-server/2.27/jersey-server-2.27.jar:/home/user/.m2/repository/org/glassfish/jersey/core/jersey-client/2.27/jersey-client-2.27.jar:/home/user/.m2/repository/org/glassfish/jersey/media/jersey-media-jaxb/2.27/jersey-media-jaxb-2.27.jar:/home/user/.m2/repository/javax/validation/validation-api/1.1.0.Final/validation-api-1.1.0.Final.jar:/home/user/.m2/repository/org/glassfish/jersey/media/jersey-media-json-jackson/2.27/jersey-media-json-jackson-2.27.jar:/home/user/.m2/repository/org/glassfish/jersey/ext/jersey-entity-filtering/2.27/jersey-entity-filtering-2.27.jar:/home/user/.m2/repository/com/google/inject/extensions/guice-assistedinject/4.0/guice-assistedinject-4.0.jar:/home/user/.m2/repository/org/jooq/jooq/3.11.10/jooq-3.11.10.jar:/home/user/.m2/repository/org/jooq/jooq-meta/3.11.10/jooq-meta-3.11.10.jar:/home/user/.m2/repository/org/jooq/jooq-codegen/3.11.10/jooq-codegen-3.11.10.jar:/home/user/.m2/repository/com/jolbox/bonecp/0.8.0.RELEASE/bonecp-0.8.0.RELEASE.jar:/home/user/.m2/repository/org/xerial/sqlite-jdbc/3.25.2/sqlite-jdbc-3.25.2.jar:/home/user/.m2/repository/org/springframework/spring-jdbc/5.1.3.RELEASE/spring-jdbc-5.1.3.RELEASE.jar:/home/user/.m2/repository/org/springframework/spring-beans/5.1.3.RELEASE/spring-beans-5.1.3.RELEASE.jar:/home/user/.m2/repository/org/springframework/spring-core/5.1.3.RELEASE/spring-core-5.1.3.RELEASE.jar:/home/user/.m2/repository/org/springframework/spring-jcl/5.1.3.RELEASE/spring-jcl-5.1.3.RELEASE.jar:/home/user/.m2/repository/org/springframework/spring-tx/5.1.3.RELEASE/spring-tx-5.1.3.RELEASE.jar:/home/user/.m2/repository/org/apache/hadoop/hadoop-ozone-client/0.5.0-SNAPSHOT/hadoop-ozone-client-0.5.0-SNAPSHOT.jar:/home/user/.m2/repository/commons-lang/commons-lang/2.6/commons-lang-2.6.jar:/home/user/.m2/repository/org/apache/hadoop/hadoop-ozone-ozone-manager/0.5.0-SNAPSHOT/hadoop-ozone-ozone-manager-0.5.0-SNAPSHOT-tests.jar:/home/user/.m2/repository/junit/junit/4.11/junit-4.11.jar:/home/user/.m2/repository/org/hamcrest/hamcrest-core/1.3/hamcrest-core-1.3.jar:/home/user/.m2/repository/org/openjdk/jmh/jmh-core/1.19/jmh-core-1.19.jar:/home/user/.m2/repository/net/sf/jopt-simple/jopt-simple/4.6/jopt-simple-4.6.jar:/home/user/.m2/repository/org/apache/commons/commons-math3/3.1.1/commons-math3-3.1.1.jar:/home/user/.m2/repository/org/openjdk/jmh/jmh-generator-annprocess/1.19/jmh-generator-annprocess-1.19.jar:/home/user/.m2/repository/org/mockito/mockito-all/1.8.5/mockito-all-1.8.5.jar:/home/user/.m2/repository/org/apache/hadoop/hadoop-kms/3.2.0/hadoop-kms-3.2.0.jar:/home/user/.m2/repository/org/apache/hadoop/hadoop-auth/3.2.0/hadoop-auth-3.2.0.jar:/home/user/.m2/repository/com/nimbusds/nimbus-jose-jwt/4.41.1/nimbus-jose-jwt-4.41.1.jar:/home/user/.m2/repository/com/github/stephenc/jcip/jcip-annotations/1.0-1/jcip-annotations-1.0-1.jar:/home/user/.m2/repository/net/minidev/json-smart/2.3/json-smart-2.3.jar:/home/user/.m2/repository/net/minidev/accessors-smart/1.2/accessors-smart-1.2.jar:/home/user/.m2/repository/org/ow2/asm/asm/5.0.4/asm-5.0.4.jar:/home/user/.m2/repository/org/apache/curator/curator-framework/2.12.0/curator-framework-2.12.0.jar:/home/user/.m2/repository/com/sun/jersey/jersey-core/1.19/jersey-core-1.19.jar:/home/user/.m2/repository/javax/ws/rs/jsr311-api/1.1.1/jsr311-api-1.1.1.jar:/home/user/.m2/repository/com/sun/jersey/jersey-server/1.19/jersey-server-1.19.jar:/home/user/.m2/repository/javax/servlet/javax.servlet-api/3.1.0/javax.servlet-api-3.1.0.jar:/home/user/.m2/repository/org/eclipse/jetty/jetty-server/9.3.24.v20180605/jetty-server-9.3.24.v20180605.jar:/home/user/.m2/repository/org/eclipse/jetty/jetty-http/9.3.24.v20180605/jetty-http-9.3.24.v20180605.jar:/home/user/.m2/repository/org/eclipse/jetty/jetty-io/9.3.24.v20180605/jetty-io-9.3.24.v20180605.jar:/home/user/.m2/repository/org/eclipse/jetty/jetty-webapp/9.3.24.v20180605/jetty-webapp-9.3.24.v20180605.jar:/home/user/.m2/repository/org/eclipse/jetty/jetty-xml/9.3.24.v20180605/jetty-xml-9.3.24.v20180605.jar:/home/user/.m2/repository/log4j/log4j/1.2.17/log4j-1.2.17.jar:/home/user/.m2/repository/org/slf4j/slf4j-api/1.7.25/slf4j-api-1.7.25.jar:/home/user/.m2/repository/org/slf4j/jul-to-slf4j/1.7.25/jul-to-slf4j-1.7.25.jar:/home/user/.m2/repository/org/eclipse/jetty/jetty-util/9.3.24.v20180605/jetty-util-9.3.24.v20180605.jar:/home/user/.m2/repository/com/fasterxml/jackson/core/jackson-databind/2.9.5/jackson-databind-2.9.5.jar:/home/user/.m2/repository/org/apache/hadoop/hadoop-kms/3.2.0/hadoop-kms-3.2.0-tests.jar:/home/user/.m2/repository/org/apache/hadoop/hadoop-hdds-server-scm/0.5.0-SNAPSHOT/hadoop-hdds-server-scm-0.5.0-SNAPSHOT-tests.jar:/home/user/.m2/repository/org/apache/hadoop/hadoop-hdds-container-service/0.5.0-SNAPSHOT/hadoop-hdds-container-service-0.5.0-SNAPSHOT-tests.jar:/home/user/.m2/repository/org/yaml/snakeyaml/1.16/snakeyaml-1.16.jar:/home/user/.m2/repository/org/apache/hadoop/hadoop-common/3.2.0/hadoop-common-3.2.0-tests.jar:/home/user/.m2/repository/org/apache/hadoop/hadoop-annotations/3.2.0/hadoop-annotations-3.2.0.jar:/usr/lib/jvm/java-1.8-openjdk/jre/../lib/tools.jar:/home/user/.m2/repository/commons-cli/commons-cli/1.2/commons-cli-1.2.jar:/home/user/.m2/repository/org/apache/httpcomponents/httpclient/4.5.2/httpclient-4.5.2.jar:/home/user/.m2/repository/org/apache/httpcomponents/httpcore/4.4.4/httpcore-4.4.4.jar:/home/user/.m2/repository/commons-codec/commons-codec/1.11/commons-codec-1.11.jar:/home/user/.m2/repository/commons-net/commons-net/3.6/commons-net-3.6.jar:/home/user/.m2/repository/commons-collections/commons-collections/3.2.2/commons-collections-3.2.2.jar:/home/user/.m2/repository/org/eclipse/jetty/jetty-servlet/9.3.24.v20180605/jetty-servlet-9.3.24.v20180605.jar:/home/user/.m2/repository/org/eclipse/jetty/jetty-security/9.3.24.v20180605/jetty-security-9.3.24.v20180605.jar:/home/user/.m2/repository/javax/servlet/jsp/jsp-api/2.1/jsp-api-2.1.jar:/home/user/.m2/repository/com/sun/jersey/jersey-servlet/1.19/jersey-servlet-1.19.jar:/home/user/.m2/repository/com/sun/jersey/jersey-json/1.19/jersey-json-1.19.jar:/home/user/.m2/repository/org/codehaus/jettison/jettison/1.1/jettison-1.1.jar:/home/user/.m2/repository/org/codehaus/jackson/jackson-core-asl/1.9.13/jackson-core-asl-1.9.13.jar:/home/user/.m2/repository/org/codehaus/jackson/jackson-mapper-asl/1.9.13/jackson-mapper-asl-1.9.13.jar:/home/user/.m2/repository/org/codehaus/jackson/jackson-jaxrs/1.9.13/jackson-jaxrs-1.9.13.jar:/home/user/.m2/repository/org/codehaus/jackson/jackson-xc/1.9.13/jackson-xc-1.9.13.jar:/home/user/.m2/repository/commons-logging/commons-logging/1.1.3/commons-logging-1.1.3.jar:/home/user/.m2/repository/commons-beanutils/commons-beanutils/1.9.3/commons-beanutils-1.9.3.jar:/home/user/.m2/repository/org/apache/commons/commons-configuration2/2.1.1/commons-configuration2-2.1.1.jar:/home/user/.m2/repository/org/apache/commons/commons-lang3/3.7/commons-lang3-3.7.jar:/home/user/.m2/repository/org/apache/commons/commons-text/1.4/commons-text-1.4.jar:/home/user/.m2/repository/org/apache/avro/avro/1.7.7/avro-1.7.7.jar:/home/user/.m2/repository/com/thoughtworks/paranamer/paranamer/2.3/paranamer-2.3.jar:/home/user/.m2/repository/org/xerial/snappy/snappy-java/1.0.5/snappy-java-1.0.5.jar:/home/user/.m2/repository/com/google/re2j/re2j/1.1/re2j-1.1.jar:/home/user/.m2/repository/com/google/code/gson/gson/2.2.4/gson-2.2.4.jar:/home/user/.m2/repository/com/jcraft/jsch/0.1.54/jsch-0.1.54.jar:/home/user/.m2/repository/org/apache/curator/curator-client/2.12.0/curator-client-2.12.0.jar:/home/user/.m2/repository/org/apache/curator/curator-recipes/2.12.0/curator-recipes-2.12.0.jar:/home/user/.m2/repository/com/google/code/findbugs/jsr305/3.0.0/jsr305-3.0.0.jar:/home/user/.m2/repository/org/apache/htrace/htrace-core4/4.1.0-incubating/htrace-core4-4.1.0-incubating.jar:/home/user/.m2/repository/org/apache/zookeeper/zookeeper/3.4.13/zookeeper-3.4.13.jar:/home/user/.m2/repository/org/apache/yetus/audience-annotations/0.5.0/audience-annotations-0.5.0.jar:/home/user/.m2/repository/org/codehaus/woodstox/stax2-api/3.1.4/stax2-api-3.1.4.jar:/home/user/.m2/repository/com/fasterxml/woodstox/woodstox-core/5.0.3/woodstox-core-5.0.3.jar:/home/user/.m2/repository/dnsjava/dnsjava/2.1.7/dnsjava-2.1.7.jar:/home/user/.m2/repository/org/apache/hadoop/hadoop-hdfs/3.2.0/hadoop-hdfs-3.2.0-tests.jar:/home/user/.m2/repository/org/eclipse/jetty/jetty-util-ajax/9.3.24.v20180605/jetty-util-ajax-9.3.24.v20180605.jar:/home/user/.m2/repository/commons-daemon/commons-daemon/1.0.13/commons-daemon-1.0.13.jar:/home/user/.m2/repository/io/netty/netty/3.10.5.Final/netty-3.10.5.Final.jar:/home/user/.m2/repository/io/netty/netty-all/4.0.52.Final/netty-all-4.0.52.Final.jar:/home/user/.m2/repository/org/fusesource/leveldbjni/leveldbjni-all/1.8/leveldbjni-all-1.8.jar:"/>
    <property name="sun.cpu.endian" value="little"/>
    <property name="user.home" value="/home/user"/>
    <property name="user.language" value="en"/>
    <property name="java.specification.vendor" value="Oracle Corporation"/>
    <property name="java.home" value="/usr/lib/jvm/java-1.8-openjdk/jre"/>
    <property name="java.security.krb5.conf" value="/workdir/hadoop-ozone/integration-test/target/test-classes/krb5.conf"/>
    <property name="basedir" value="/workdir/hadoop-ozone/integration-test"/>
    <property name="file.separator" value="/"/>
    <property name="line.separator" value="&#10;"/>
    <property name="java.vm.specification.vendor" value="Oracle Corporation"/>
    <property name="java.specification.name" value="Java Platform API Specification"/>
    <property name="java.awt.graphicsenv" value="sun.awt.X11GraphicsEnvironment"/>
    <property name="surefire.real.class.path" value="/workdir/hadoop-ozone/integration-test/target/surefire/surefirebooter1242227523416097021.jar"/>
    <property name="hadoop.log.dir" value="/workdir/hadoop-ozone/integration-test/target/log"/>
    <property name="sun.boot.class.path" value="/usr/lib/jvm/java-1.8-openjdk/jre/lib/resources.jar:/usr/lib/jvm/java-1.8-openjdk/jre/lib/rt.jar:/usr/lib/jvm/java-1.8-openjdk/jre/lib/sunrsasign.jar:/usr/lib/jvm/java-1.8-openjdk/jre/lib/jsse.jar:/usr/lib/jvm/java-1.8-openjdk/jre/lib/jce.jar:/usr/lib/jvm/java-1.8-openjdk/jre/lib/charsets.jar:/usr/lib/jvm/java-1.8-openjdk/jre/lib/jfr.jar:/usr/lib/jvm/java-1.8-openjdk/jre/classes"/>
    <property name="sun.management.compiler" value="HotSpot 64-Bit Tiered Compilers"/>
    <property name="java.runtime.version" value="1.8.0_212-b04"/>
    <property name="java.net.preferIPv4Stack" value="true"/>
    <property name="user.name" value="jenkins1000"/>
    <property name="path.separator" value=":"/>
    <property name="java.security.egd" value="file:///dev/urandom"/>
    <property name="os.version" value="3.10.0-957.12.2.el7.x86_64"/>
    <property name="java.endorsed.dirs" value="/usr/lib/jvm/java-1.8-openjdk/jre/lib/endorsed"/>
    <property name="java.runtime.name" value="OpenJDK Runtime Environment"/>
    <property name="file.encoding" value="UTF-8"/>
    <property name="java.vm.name" value="OpenJDK 64-Bit Server VM"/>
    <property name="test.build.webapps" value=""/>
    <property name="localRepository" value="/home/user/.m2/repository"/>
    <property name="java.vendor.url.bug" value="https://icedtea.classpath.org/bugzilla"/>
    <property name="java.io.tmpdir" value="/tmp"/>
    <property name="require.test.libhadoop" value=""/>
    <property name="java.version" value="1.8.0_212"/>
    <property name="user.dir" value="/workdir/hadoop-ozone/integration-test"/>
    <property name="os.arch" value="amd64"/>
    <property name="java.vm.specification.name" value="Java Virtual Machine Specification"/>
    <property name="test.build.classes" value="/workdir/hadoop-ozone/integration-test/target/test-classes"/>
    <property name="java.awt.printerjob" value="sun.print.PSPrinterJob"/>
    <property name="sun.os.patch.level" value="unknown"/>
    <property name="hadoop.tmp.dir" value="/workdir/hadoop-ozone/integration-test/target/tmp"/>
    <property name="java.library.path" value="/usr/lib/jvm/java-1.8-openjdk/jre/lib/amd64/server:/usr/lib/jvm/java-1.8-openjdk/jre/lib/amd64:/usr/lib/jvm/java-1.8-openjdk/jre/../lib/amd64:/workdir/hadoop-ozone/integration-test/target/native/target/usr/local/lib:/workdir/hadoop-ozone/integration-test/../../hadoop-common-project/hadoop-common/target/native/target/usr/local/lib:/usr/java/packages/lib/amd64:/usr/lib64:/lib64:/lib:/usr/lib"/>
    <property name="java.vm.info" value="mixed mode"/>
    <property name="java.vendor" value="IcedTea"/>
    <property name="java.vm.version" value="25.212-b04"/>
    <property name="java.ext.dirs" value="/usr/lib/jvm/java-1.8-openjdk/jre/lib/ext:/usr/java/packages/lib/ext"/>
    <property name="sun.io.unicode.encoding" value="UnicodeLittle"/>
    <property name="java.class.version" value="52.0"/>
  </properties>
  <testcase name="testWatchForCommitWithKeyWrite" classname="org.apache.hadoop.ozone.client.rpc.TestWatchForCommit" time="60.173"/>
  <testcase name="testWatchForCommitWithSmallerTimeoutValue" classname="org.apache.hadoop.ozone.client.rpc.TestWatchForCommit" time="26.94">
    <error message="org.apache.ratis.protocol.RaftRetryFailureException: Failed RaftClientRequest:client-8D941197E7BC-&gt;67082b76-8d62-40bb-96ea-e7986b2b1c64@group-1B39324019A1, cid=50, seq=1*, RW, org.apache.hadoop.hdds.scm.XceiverClientRatis$$Lambda$524/1389978471@54029d75 for 20 attempts with RetryLimited(maxAttempts=20, sleepTime=1000ms)" type="java.util.concurrent.ExecutionException">java.util.concurrent.ExecutionException: org.apache.ratis.protocol.RaftRetryFailureException: Failed RaftClientRequest:client-8D941197E7BC->67082b76-8d62-40bb-96ea-e7986b2b1c64@group-1B39324019A1, cid=50, seq=1*, RW, org.apache.hadoop.hdds.scm.XceiverClientRatis$$Lambda$524/1389978471@54029d75 for 20 attempts with RetryLimited(maxAttempts=20, sleepTime=1000ms)
	at java.util.concurrent.CompletableFuture.reportGet(CompletableFuture.java:357)
	at java.util.concurrent.CompletableFuture.get(CompletableFuture.java:1895)
	at org.apache.hadoop.ozone.client.rpc.TestWatchForCommit.testWatchForCommitWithSmallerTimeoutValue(TestWatchForCommit.java:293)
	at sun.reflect.NativeMethodAccessorImpl.invoke0(Native Method)
	at sun.reflect.NativeMethodAccessorImpl.invoke(NativeMethodAccessorImpl.java:62)
	at sun.reflect.DelegatingMethodAccessorImpl.invoke(DelegatingMethodAccessorImpl.java:43)
	at java.lang.reflect.Method.invoke(Method.java:498)
	at org.junit.runners.model.FrameworkMethod$1.runReflectiveCall(FrameworkMethod.java:47)
	at org.junit.internal.runners.model.ReflectiveCallable.run(ReflectiveCallable.java:12)
	at org.junit.runners.model.FrameworkMethod.invokeExplosively(FrameworkMethod.java:44)
	at org.junit.internal.runners.statements.InvokeMethod.evaluate(InvokeMethod.java:17)
	at org.junit.runners.ParentRunner.runLeaf(ParentRunner.java:271)
	at org.junit.runners.BlockJUnit4ClassRunner.runChild(BlockJUnit4ClassRunner.java:70)
	at org.junit.runners.BlockJUnit4ClassRunner.runChild(BlockJUnit4ClassRunner.java:50)
	at org.junit.runners.ParentRunner$3.run(ParentRunner.java:238)
	at org.junit.runners.ParentRunner$1.schedule(ParentRunner.java:63)
	at org.junit.runners.ParentRunner.runChildren(ParentRunner.java:236)
	at org.junit.runners.ParentRunner.access$000(ParentRunner.java:53)
	at org.junit.runners.ParentRunner$2.evaluate(ParentRunner.java:229)
	at org.junit.runners.ParentRunner.run(ParentRunner.java:309)
	at org.apache.maven.surefire.junit4.JUnit4Provider.execute(JUnit4Provider.java:365)
	at org.apache.maven.surefire.junit4.JUnit4Provider.executeWithRerun(JUnit4Provider.java:273)
	at org.apache.maven.surefire.junit4.JUnit4Provider.executeTestSet(JUnit4Provider.java:238)
	at org.apache.maven.surefire.junit4.JUnit4Provider.invoke(JUnit4Provider.java:159)
	at org.apache.maven.surefire.booter.ForkedBooter.invokeProviderInSameClassLoader(ForkedBooter.java:384)
	at org.apache.maven.surefire.booter.ForkedBooter.runSuitesInProcess(ForkedBooter.java:345)
	at org.apache.maven.surefire.booter.ForkedBooter.execute(ForkedBooter.java:126)
	at org.apache.maven.surefire.booter.ForkedBooter.main(ForkedBooter.java:418)
Caused by: org.apache.ratis.protocol.RaftRetryFailureException: Failed RaftClientRequest:client-8D941197E7BC->67082b76-8d62-40bb-96ea-e7986b2b1c64@group-1B39324019A1, cid=50, seq=1*, RW, org.apache.hadoop.hdds.scm.XceiverClientRatis$$Lambda$524/1389978471@54029d75 for 20 attempts with RetryLimited(maxAttempts=20, sleepTime=1000ms)
	at org.apache.ratis.client.impl.RaftClientImpl.noMoreRetries(RaftClientImpl.java:272)
	at org.apache.ratis.client.impl.OrderedAsync.handleAsyncRetryFailure(OrderedAsync.java:138)
	at org.apache.ratis.client.impl.OrderedAsync.lambda$sendRequest$10(OrderedAsync.java:230)
	at java.util.concurrent.CompletableFuture.uniExceptionally(CompletableFuture.java:870)
	at java.util.concurrent.CompletableFuture$UniExceptionally.tryFire(CompletableFuture.java:852)
	at java.util.concurrent.CompletableFuture.postComplete(CompletableFuture.java:474)
	at java.util.concurrent.CompletableFuture.completeExceptionally(CompletableFuture.java:1977)
	at org.apache.ratis.grpc.client.GrpcClientProtocolClient$AsyncStreamObservers.completeReplyExceptionally(GrpcClientProtocolClient.java:330)
	at org.apache.ratis.grpc.client.GrpcClientProtocolClient$AsyncStreamObservers.access$000(GrpcClientProtocolClient.java:246)
	at org.apache.ratis.grpc.client.GrpcClientProtocolClient$AsyncStreamObservers$1.onNext(GrpcClientProtocolClient.java:258)
	at org.apache.ratis.grpc.client.GrpcClientProtocolClient$AsyncStreamObservers$1.onNext(GrpcClientProtocolClient.java:249)
	at org.apache.ratis.thirdparty.io.grpc.stub.ClientCalls$StreamObserverToCallListenerAdapter.onMessage(ClientCalls.java:421)
	at org.apache.ratis.thirdparty.io.grpc.ForwardingClientCallListener.onMessage(ForwardingClientCallListener.java:33)
	at org.apache.ratis.thirdparty.io.grpc.ForwardingClientCallListener.onMessage(ForwardingClientCallListener.java:33)
	at org.apache.ratis.thirdparty.io.grpc.internal.ClientCallImpl$ClientStreamListenerImpl$1MessagesAvailable.runInContext(ClientCallImpl.java:519)
	at org.apache.ratis.thirdparty.io.grpc.internal.ContextRunnable.run(ContextRunnable.java:37)
	at org.apache.ratis.thirdparty.io.grpc.internal.SerializingExecutor.run(SerializingExecutor.java:123)
	at java.util.concurrent.ThreadPoolExecutor.runWorker(ThreadPoolExecutor.java:1149)
	at java.util.concurrent.ThreadPoolExecutor$Worker.run(ThreadPoolExecutor.java:624)
	at java.lang.Thread.run(Thread.java:748)
Caused by: org.apache.ratis.protocol.NotLeaderException: Server 67082b76-8d62-40bb-96ea-e7986b2b1c64 is not the leader (null). Request must be sent to leader.
	at org.apache.ratis.client.impl.ClientProtoUtils.toRaftClientReply(ClientProtoUtils.java:242)
	at org.apache.ratis.grpc.client.GrpcClientProtocolClient$AsyncStreamObservers$1.onNext(GrpcClientProtocolClient.java:254)
	... 10 more
</error>
    <system-out><![CDATA[2019-08-20 14:34:45,908 WARN  server.ServerUtils (ServerUtils.java:getScmDbDir(145)) - ozone.scm.db.dirs is not configured. We recommend adding this setting. Falling back to ozone.metadata.dirs instead.
2019-08-20 14:34:45,931 WARN  server.ServerUtils (ServerUtils.java:getScmDbDir(145)) - ozone.scm.db.dirs is not configured. We recommend adding this setting. Falling back to ozone.metadata.dirs instead.
2019-08-20 14:34:45,932 WARN  server.ServerUtils (ServerUtils.java:getScmDbDir(145)) - ozone.scm.db.dirs is not configured. We recommend adding this setting. Falling back to ozone.metadata.dirs instead.
2019-08-20 14:34:45,932 INFO  db.DBStoreBuilder (DBStoreBuilder.java:addTable(110)) - using custom profile for table: deletedBlocks
2019-08-20 14:34:45,932 INFO  db.DBStoreBuilder (DBStoreBuilder.java:processTables(161)) - Using default column profile:DBProfile.DISK for Table:deletedBlocks
2019-08-20 14:34:45,933 INFO  db.DBStoreBuilder (DBStoreBuilder.java:addTable(110)) - using custom profile for table: validCerts
2019-08-20 14:34:45,933 INFO  db.DBStoreBuilder (DBStoreBuilder.java:processTables(161)) - Using default column profile:DBProfile.DISK for Table:validCerts
2019-08-20 14:34:45,933 INFO  db.DBStoreBuilder (DBStoreBuilder.java:addTable(110)) - using custom profile for table: revokedCerts
2019-08-20 14:34:45,933 INFO  db.DBStoreBuilder (DBStoreBuilder.java:processTables(161)) - Using default column profile:DBProfile.DISK for Table:revokedCerts
2019-08-20 14:34:45,933 INFO  db.DBStoreBuilder (DBStoreBuilder.java:addTable(110)) - using custom profile for table: default
2019-08-20 14:34:45,933 INFO  db.DBStoreBuilder (DBStoreBuilder.java:processTables(167)) - Using default column profile:DBProfile.DISK for Table:default
2019-08-20 14:34:45,934 INFO  db.DBStoreBuilder (DBStoreBuilder.java:getDbProfile(198)) - Using default options. DBProfile.DISK
2019-08-20 14:34:46,146 INFO  net.NodeSchemaLoader (NodeSchemaLoader.java:loadSchemaFromFile(125)) - Loading file from sun.misc.CompoundEnumeration@41e8d917
2019-08-20 14:34:46,146 INFO  net.NodeSchemaLoader (NodeSchemaLoader.java:loadSchema(171)) - Loading network topology layer schema file
2019-08-20 14:34:46,150 WARN  server.ServerUtils (ServerUtils.java:sanitizeUserArgs(70)) - ozone.scm.stale.node.interval value = 300000 is larger than max = 100000 based on the key value of ozone.scm.heartbeat.thread.interval, reset to the max value 100000.
2019-08-20 14:34:46,150 WARN  server.ServerUtils (ServerUtils.java:sanitizeUserArgs(70)) - ozone.scm.stale.node.interval value = 300000 is larger than max = 100000 based on the key value of ozone.scm.heartbeat.thread.interval, reset to the max value 100000.
2019-08-20 14:34:46,151 INFO  node.SCMNodeManager (SCMNodeManager.java:<init>(121)) - Entering startup safe mode.
2019-08-20 14:34:46,151 INFO  algorithms.ContainerPlacementPolicyFactory (ContainerPlacementPolicyFactory.java:getPolicy(55)) - Create container placement policy of type org.apache.hadoop.hdds.scm.container.placement.algorithms.SCMContainerPlacementRandom
2019-08-20 14:34:46,152 WARN  server.ServerUtils (ServerUtils.java:getScmDbDir(145)) - ozone.scm.db.dirs is not configured. We recommend adding this setting. Falling back to ozone.metadata.dirs instead.
2019-08-20 14:34:46,187 INFO  pipeline.SCMPipelineManager (SCMPipelineManager.java:initializePipelineState(126)) - No pipeline exists in current db
2019-08-20 14:34:46,187 WARN  server.ServerUtils (ServerUtils.java:getScmDbDir(145)) - ozone.scm.db.dirs is not configured. We recommend adding this setting. Falling back to ozone.metadata.dirs instead.
2019-08-20 14:34:46,257 WARN  events.EventQueue (EventQueue.java:fireEvent(175)) - No event handler registered for event TypedEvent{payloadType=SafeModeStatus, name='SafeModeStatus'}
2019-08-20 14:34:46,258 INFO  ipc.CallQueueManager (CallQueueManager.java:<init>(84)) - Using callQueue: class java.util.concurrent.LinkedBlockingQueue, queueCapacity: 2000, scheduler: class org.apache.hadoop.ipc.DefaultRpcScheduler, ipcBackoff: false.
2019-08-20 14:34:46,258 INFO  ipc.Server (Server.java:run(1074)) - Starting Socket Reader #1 for port 39829
2019-08-20 14:34:46,260 INFO  ipc.CallQueueManager (CallQueueManager.java:<init>(84)) - Using callQueue: class java.util.concurrent.LinkedBlockingQueue, queueCapacity: 2000, scheduler: class org.apache.hadoop.ipc.DefaultRpcScheduler, ipcBackoff: false.
2019-08-20 14:34:46,260 INFO  ipc.Server (Server.java:run(1074)) - Starting Socket Reader #1 for port 46236
2019-08-20 14:34:46,261 INFO  ipc.CallQueueManager (CallQueueManager.java:<init>(84)) - Using callQueue: class java.util.concurrent.LinkedBlockingQueue, queueCapacity: 2000, scheduler: class org.apache.hadoop.ipc.DefaultRpcScheduler, ipcBackoff: false.
2019-08-20 14:34:46,262 INFO  ipc.Server (Server.java:run(1074)) - Starting Socket Reader #1 for port 46192
2019-08-20 14:34:46,263 INFO  hdfs.DFSUtil (DFSUtil.java:httpServerTemplateForNNAndJN(1641)) - Starting Web-server for scm at: http://0.0.0.0:0
2019-08-20 14:34:46,265 INFO  server.AuthenticationFilter (AuthenticationFilter.java:constructSecretProvider(240)) - Unable to initialize FileSignerSecretProvider, falling back to use random secrets.
2019-08-20 14:34:46,266 WARN  http.HttpRequestLog (HttpRequestLog.java:getRequestLog(97)) - Jetty request log can only be enabled using Log4j
2019-08-20 14:34:46,267 INFO  http.HttpServer2 (HttpServer2.java:addGlobalFilter(975)) - Added global filter 'safety' (class=org.apache.hadoop.http.HttpServer2$QuotingInputFilter)
2019-08-20 14:34:46,268 INFO  http.HttpServer2 (HttpServer2.java:addFilter(948)) - Added filter static_user_filter (class=org.apache.hadoop.http.lib.StaticUserWebFilter$StaticUserFilter) to context scm
2019-08-20 14:34:46,268 INFO  http.HttpServer2 (HttpServer2.java:addFilter(958)) - Added filter static_user_filter (class=org.apache.hadoop.http.lib.StaticUserWebFilter$StaticUserFilter) to context logs
2019-08-20 14:34:46,268 INFO  http.HttpServer2 (HttpServer2.java:addFilter(958)) - Added filter static_user_filter (class=org.apache.hadoop.http.lib.StaticUserWebFilter$StaticUserFilter) to context static
2019-08-20 14:34:46,270 INFO  server.StorageContainerManager (StorageContainerManager.java:start(759)) - StorageContainerLocationProtocol RPC server is listening at /0.0.0.0:46192
2019-08-20 14:34:46,272 WARN  impl.MetricsConfig (MetricsConfig.java:loadFirst(134)) - Cannot locate configuration: tried hadoop-metrics2-storagecontainermanager.properties,hadoop-metrics2.properties
2019-08-20 14:34:46,272 INFO  impl.MetricsSystemImpl (MetricsSystemImpl.java:startTimer(374)) - Scheduled Metric snapshot period at 10 second(s).
2019-08-20 14:34:46,273 INFO  impl.MetricsSystemImpl (MetricsSystemImpl.java:start(191)) - StorageContainerManager metrics system started
2019-08-20 14:34:46,309 INFO  server.SCMClientProtocolServer (SCMClientProtocolServer.java:start(151)) - RPC server for Client  is listening at /0.0.0.0:46192
2019-08-20 14:34:46,309 INFO  ipc.Server (Server.java:run(1314)) - IPC Server Responder: starting
2019-08-20 14:34:46,309 INFO  ipc.Server (Server.java:run(1153)) - IPC Server listener on 46192: starting
2019-08-20 14:34:46,312 INFO  server.StorageContainerManager (StorageContainerManager.java:start(769)) - ScmBlockLocationProtocol RPC server is listening at /0.0.0.0:46236
2019-08-20 14:34:46,312 INFO  server.SCMBlockProtocolServer (SCMBlockProtocolServer.java:start(140)) - RPC server for Block Protocol is listening at /0.0.0.0:46236
2019-08-20 14:34:46,312 INFO  ipc.Server (Server.java:run(1314)) - IPC Server Responder: starting
2019-08-20 14:34:46,312 INFO  ipc.Server (Server.java:run(1153)) - IPC Server listener on 46236: starting
2019-08-20 14:34:46,314 INFO  server.StorageContainerManager (StorageContainerManager.java:start(773)) - ScmDatanodeProtocl RPC server is listening at /0.0.0.0:39829
2019-08-20 14:34:46,315 INFO  server.SCMDatanodeProtocolServer (SCMDatanodeProtocolServer.java:start(191)) - RPC server for DataNodes is listening at /0.0.0.0:39829
2019-08-20 14:34:46,315 INFO  ipc.Server (Server.java:run(1314)) - IPC Server Responder: starting
2019-08-20 14:34:46,315 INFO  ipc.Server (Server.java:run(1153)) - IPC Server listener on 39829: starting
2019-08-20 14:34:46,317 INFO  http.HttpServer2 (HttpServer2.java:bindListener(1191)) - Jetty bound to port 45667
2019-08-20 14:34:46,318 INFO  server.Server (Server.java:doStart(351)) - jetty-9.3.24.v20180605, build timestamp: 2018-06-05T17:11:56Z, git hash: 84205aa28f11a4f31f2a3b86d1bba2cc8ab69827
2019-08-20 14:34:46,319 INFO  handler.ContextHandler (ContextHandler.java:doStart(781)) - Started o.e.j.s.ServletContextHandler@322b09da{/logs,file:///workdir/hadoop-ozone/integration-test/target/log,AVAILABLE}
2019-08-20 14:34:46,319 INFO  handler.ContextHandler (ContextHandler.java:doStart(781)) - Started o.e.j.s.ServletContextHandler@308e87a1{/static,file:///workdir/hadoop-ozone/integration-test/target/test-classes/webapps/static,AVAILABLE}
2019-08-20 14:34:46,323 INFO  handler.ContextHandler (ContextHandler.java:doStart(781)) - Started o.e.j.w.WebAppContext@d1c5cf2{/,file:///workdir/hadoop-ozone/integration-test/target/test-classes/webapps/scm/,AVAILABLE}{/scm}
2019-08-20 14:34:46,324 INFO  server.AbstractConnector (AbstractConnector.java:doStart(278)) - Started ServerConnector@7e0986c9{HTTP/1.1,[http/1.1]}{0.0.0.0:45667}
2019-08-20 14:34:46,324 INFO  server.Server (Server.java:doStart(419)) - Started @61040ms
2019-08-20 14:34:46,325 INFO  server.BaseHttpServer (BaseHttpServer.java:updateConnectorAddress(213)) - HTTP server of SCM is listening at http://0.0.0.0:45667
2019-08-20 14:34:46,326 WARN  server.ServerUtils (ServerUtils.java:getDBPath(222)) - ozone.om.db.dirs is not configured. We recommend adding this setting. Falling back to ozone.metadata.dirs instead.
2019-08-20 14:34:46,326 INFO  util.JvmPauseMonitor (JvmPauseMonitor.java:run(188)) - Starting JVM pause monitor
2019-08-20 14:34:46,339 WARN  server.ServerUtils (ServerUtils.java:getDBPath(222)) - ozone.om.db.dirs is not configured. We recommend adding this setting. Falling back to ozone.metadata.dirs instead.
2019-08-20 14:34:46,339 WARN  server.ServerUtils (ServerUtils.java:getDBPath(222)) - ozone.om.db.dirs is not configured. We recommend adding this setting. Falling back to ozone.metadata.dirs instead.
2019-08-20 14:34:46,340 INFO  om.OzoneManager (OzoneManager.java:setOMNodeDetails(647)) - OM Service ID is not set. Setting it to the default ID: omServiceIdDefault
2019-08-20 14:34:46,340 INFO  om.OzoneManager (OzoneManager.java:setOMNodeDetails(653)) - OM Node ID is not set. Setting it to the OmStorage's OmID: d85fd6d5-734e-46a1-a1a4-be0d478a5092
2019-08-20 14:34:46,340 INFO  om.OzoneManager (OzoneManager.java:loadOMHAConfigs(604)) - Found matching OM address with OMServiceId: null, OMNodeId: null, RPC Address: localhost:0 and Ratis port: 9872
2019-08-20 14:34:46,346 WARN  server.ServerUtils (ServerUtils.java:getDBPath(222)) - ozone.om.db.dirs is not configured. We recommend adding this setting. Falling back to ozone.metadata.dirs instead.
2019-08-20 14:34:46,346 INFO  db.DBStoreBuilder (DBStoreBuilder.java:addTable(110)) - using custom profile for table: userTable
2019-08-20 14:34:46,346 INFO  db.DBStoreBuilder (DBStoreBuilder.java:processTables(161)) - Using default column profile:DBProfile.DISK for Table:userTable
2019-08-20 14:34:46,347 INFO  db.DBStoreBuilder (DBStoreBuilder.java:addTable(110)) - using custom profile for table: volumeTable
2019-08-20 14:34:46,347 INFO  db.DBStoreBuilder (DBStoreBuilder.java:processTables(161)) - Using default column profile:DBProfile.DISK for Table:volumeTable
2019-08-20 14:34:46,347 INFO  db.DBStoreBuilder (DBStoreBuilder.java:addTable(110)) - using custom profile for table: bucketTable
2019-08-20 14:34:46,347 INFO  db.DBStoreBuilder (DBStoreBuilder.java:processTables(161)) - Using default column profile:DBProfile.DISK for Table:bucketTable
2019-08-20 14:34:46,347 INFO  db.DBStoreBuilder (DBStoreBuilder.java:addTable(110)) - using custom profile for table: keyTable
2019-08-20 14:34:46,347 INFO  db.DBStoreBuilder (DBStoreBuilder.java:processTables(161)) - Using default column profile:DBProfile.DISK for Table:keyTable
2019-08-20 14:34:46,348 INFO  db.DBStoreBuilder (DBStoreBuilder.java:addTable(110)) - using custom profile for table: deletedTable
2019-08-20 14:34:46,348 INFO  db.DBStoreBuilder (DBStoreBuilder.java:processTables(161)) - Using default column profile:DBProfile.DISK for Table:deletedTable
2019-08-20 14:34:46,348 INFO  db.DBStoreBuilder (DBStoreBuilder.java:addTable(110)) - using custom profile for table: openKeyTable
2019-08-20 14:34:46,348 INFO  db.DBStoreBuilder (DBStoreBuilder.java:processTables(161)) - Using default column profile:DBProfile.DISK for Table:openKeyTable
2019-08-20 14:34:46,348 INFO  db.DBStoreBuilder (DBStoreBuilder.java:addTable(110)) - using custom profile for table: s3Table
2019-08-20 14:34:46,348 INFO  db.DBStoreBuilder (DBStoreBuilder.java:processTables(161)) - Using default column profile:DBProfile.DISK for Table:s3Table
2019-08-20 14:34:46,349 INFO  db.DBStoreBuilder (DBStoreBuilder.java:addTable(110)) - using custom profile for table: multipartInfoTable
2019-08-20 14:34:46,349 INFO  db.DBStoreBuilder (DBStoreBuilder.java:processTables(161)) - Using default column profile:DBProfile.DISK for Table:multipartInfoTable
2019-08-20 14:34:46,349 INFO  db.DBStoreBuilder (DBStoreBuilder.java:addTable(110)) - using custom profile for table: dTokenTable
2019-08-20 14:34:46,349 INFO  db.DBStoreBuilder (DBStoreBuilder.java:processTables(161)) - Using default column profile:DBProfile.DISK for Table:dTokenTable
2019-08-20 14:34:46,349 INFO  db.DBStoreBuilder (DBStoreBuilder.java:addTable(110)) - using custom profile for table: s3SecretTable
2019-08-20 14:34:46,349 INFO  db.DBStoreBuilder (DBStoreBuilder.java:processTables(161)) - Using default column profile:DBProfile.DISK for Table:s3SecretTable
2019-08-20 14:34:46,349 INFO  db.DBStoreBuilder (DBStoreBuilder.java:addTable(110)) - using custom profile for table: prefixTable
2019-08-20 14:34:46,350 INFO  db.DBStoreBuilder (DBStoreBuilder.java:processTables(161)) - Using default column profile:DBProfile.DISK for Table:prefixTable
2019-08-20 14:34:46,350 INFO  db.DBStoreBuilder (DBStoreBuilder.java:addTable(110)) - using custom profile for table: default
2019-08-20 14:34:46,350 INFO  db.DBStoreBuilder (DBStoreBuilder.java:processTables(167)) - Using default column profile:DBProfile.DISK for Table:default
2019-08-20 14:34:46,350 INFO  db.DBStoreBuilder (DBStoreBuilder.java:getDbProfile(198)) - Using default options. DBProfile.DISK
2019-08-20 14:34:46,780 INFO  ipc.CallQueueManager (CallQueueManager.java:<init>(84)) - Using callQueue: class java.util.concurrent.LinkedBlockingQueue, queueCapacity: 2000, scheduler: class org.apache.hadoop.ipc.DefaultRpcScheduler, ipcBackoff: false.
2019-08-20 14:34:46,781 INFO  ipc.Server (Server.java:run(1074)) - Starting Socket Reader #1 for port 38496
2019-08-20 14:34:46,798 INFO  om.OzoneManager (OzoneManager.java:start(1258)) - OzoneManager RPC server is listening at localhost/127.0.0.1:38496
2019-08-20 14:34:46,798 INFO  impl.MetricsSystemImpl (MetricsSystemImpl.java:init(158)) - OzoneManager metrics system started (again)
2019-08-20 14:34:46,799 INFO  ipc.Server (Server.java:run(1314)) - IPC Server Responder: starting
2019-08-20 14:34:46,799 INFO  ipc.Server (Server.java:run(1153)) - IPC Server listener on 38496: starting
2019-08-20 14:34:46,803 INFO  hdfs.DFSUtil (DFSUtil.java:httpServerTemplateForNNAndJN(1641)) - Starting Web-server for ozoneManager at: http://0.0.0.0:0
2019-08-20 14:34:46,805 INFO  server.AuthenticationFilter (AuthenticationFilter.java:constructSecretProvider(240)) - Unable to initialize FileSignerSecretProvider, falling back to use random secrets.
2019-08-20 14:34:46,806 WARN  http.HttpRequestLog (HttpRequestLog.java:getRequestLog(97)) - Jetty request log can only be enabled using Log4j
2019-08-20 14:34:46,807 INFO  http.HttpServer2 (HttpServer2.java:addGlobalFilter(975)) - Added global filter 'safety' (class=org.apache.hadoop.http.HttpServer2$QuotingInputFilter)
2019-08-20 14:34:46,808 INFO  http.HttpServer2 (HttpServer2.java:addFilter(948)) - Added filter static_user_filter (class=org.apache.hadoop.http.lib.StaticUserWebFilter$StaticUserFilter) to context ozoneManager
2019-08-20 14:34:46,808 INFO  http.HttpServer2 (HttpServer2.java:addFilter(958)) - Added filter static_user_filter (class=org.apache.hadoop.http.lib.StaticUserWebFilter$StaticUserFilter) to context logs
2019-08-20 14:34:46,808 INFO  http.HttpServer2 (HttpServer2.java:addFilter(958)) - Added filter static_user_filter (class=org.apache.hadoop.http.lib.StaticUserWebFilter$StaticUserFilter) to context static
2019-08-20 14:34:46,809 INFO  http.HttpServer2 (HttpServer2.java:bindListener(1191)) - Jetty bound to port 37126
2019-08-20 14:34:46,809 INFO  server.Server (Server.java:doStart(351)) - jetty-9.3.24.v20180605, build timestamp: 2018-06-05T17:11:56Z, git hash: 84205aa28f11a4f31f2a3b86d1bba2cc8ab69827
2019-08-20 14:34:46,811 INFO  handler.ContextHandler (ContextHandler.java:doStart(781)) - Started o.e.j.s.ServletContextHandler@1bb96449{/logs,file:///workdir/hadoop-ozone/integration-test/target/log,AVAILABLE}
2019-08-20 14:34:46,811 INFO  handler.ContextHandler (ContextHandler.java:doStart(781)) - Started o.e.j.s.ServletContextHandler@d28c214{/static,file:///workdir/hadoop-ozone/integration-test/target/test-classes/webapps/static,AVAILABLE}
2019-08-20 14:34:46,814 INFO  handler.ContextHandler (ContextHandler.java:doStart(781)) - Started o.e.j.w.WebAppContext@699e0bf0{/,file:///workdir/hadoop-ozone/integration-test/target/test-classes/webapps/ozoneManager/,AVAILABLE}{/ozoneManager}
2019-08-20 14:34:46,815 INFO  server.AbstractConnector (AbstractConnector.java:doStart(278)) - Started ServerConnector@2499b971{HTTP/1.1,[http/1.1]}{0.0.0.0:37126}
2019-08-20 14:34:46,816 INFO  server.Server (Server.java:doStart(419)) - Started @61531ms
2019-08-20 14:34:46,816 INFO  server.BaseHttpServer (BaseHttpServer.java:updateConnectorAddress(213)) - HTTP server of OZONEMANAGER is listening at http://0.0.0.0:37126
2019-08-20 14:34:46,831 INFO  impl.MetricsSystemImpl (MetricsSystemImpl.java:init(158)) - HddsDatanode metrics system started (again)
2019-08-20 14:34:46,834 INFO  ozone.HddsDatanodeService (HddsDatanodeService.java:start(184)) - HddsDatanodeService host:pr-hdds-1948-qmvbp-2153692187 ip:192.168.5.159
2019-08-20 14:34:46,840 INFO  volume.HddsVolume (HddsVolume.java:<init>(176)) - Creating Volume: /workdir/hadoop-ozone/integration-test/target/test-dir/MiniOzoneClusterImpl-2c49b900-e545-42f2-ab59-957038006ec1/datanode-0/data/containers/hdds of  storage type : DISK and capacity : 1482555576320
2019-08-20 14:34:46,840 INFO  volume.VolumeSet (VolumeSet.java:initializeVolumeSet(170)) - Added Volume : /workdir/hadoop-ozone/integration-test/target/test-dir/MiniOzoneClusterImpl-2c49b900-e545-42f2-ab59-957038006ec1/datanode-0/data/containers/hdds to VolumeSet
2019-08-20 14:34:46,840 INFO  volume.ThrottledAsyncChecker (ThrottledAsyncChecker.java:schedule(140)) - Scheduling a check for org.apache.hadoop.ozone.container.common.volume.HddsVolume@4a9b92c6
2019-08-20 14:34:46,841 INFO  volume.HddsVolumeChecker (HddsVolumeChecker.java:checkAllVolumes(203)) - Scheduled health check for volume org.apache.hadoop.ozone.container.common.volume.HddsVolume@4a9b92c6
2019-08-20 14:34:46,856 INFO  impl.RaftServerProxy (ConfUtils.java:logGet(43)) - raft.rpc.type = GRPC (default)
2019-08-20 14:34:46,856 INFO  grpc.GrpcFactory (GrpcFactory.java:checkPooledByteBufAllocatorUseCacheForAllThreads(45)) - PERFORMANCE WARNING: useCacheForAllThreads is true that may cause Netty to create a lot garbage objects and, as a result, trigger GC.
	It is recommended to disable useCacheForAllThreads by setting -Dorg.apache.ratis.thirdparty.io.netty.allocator.useCacheForAllThreads=false in command line.
2019-08-20 14:34:46,856 INFO  grpc.GrpcConfigKeys$Server (ConfUtils.java:logGet(43)) - raft.grpc.server.port = 0 (default)
2019-08-20 14:34:46,857 INFO  server.GrpcService (ConfUtils.java:logGet(43)) - raft.grpc.message.size.max = 33570816 (custom)
2019-08-20 14:34:46,857 INFO  server.RaftServerConfigKeys (ConfUtils.java:logGet(43)) - raft.server.log.appender.buffer.byte-limit = 33554432 (custom)
2019-08-20 14:34:46,857 INFO  server.GrpcService (ConfUtils.java:logGet(43)) - raft.grpc.flow.control.window = 1MB (=1048576) (default)
2019-08-20 14:34:46,857 INFO  server.RaftServerConfigKeys (ConfUtils.java:logGet(43)) - raft.server.rpc.request.timeout = 3000ms (default)
2019-08-20 14:34:46,858 INFO  server.RaftServerConfigKeys (ConfUtils.java:logGet(43)) - raft.server.storage.dir = [/workdir/hadoop-ozone/integration-test/target/test-dir/MiniOzoneClusterImpl-2c49b900-e545-42f2-ab59-957038006ec1/datanode-0/data/ratis] (custom)
2019-08-20 14:34:46,859 INFO  replication.SimpleContainerDownloader (SimpleContainerDownloader.java:<init>(72)) - Starting container downloader service to copy containers to replicate.
2019-08-20 14:34:46,861 INFO  hdfs.DFSUtil (DFSUtil.java:httpServerTemplateForNNAndJN(1641)) - Starting Web-server for hddsDatanode at: http://0.0.0.0:0
2019-08-20 14:34:46,862 INFO  server.AuthenticationFilter (AuthenticationFilter.java:constructSecretProvider(240)) - Unable to initialize FileSignerSecretProvider, falling back to use random secrets.
2019-08-20 14:34:46,863 WARN  http.HttpRequestLog (HttpRequestLog.java:getRequestLog(97)) - Jetty request log can only be enabled using Log4j
2019-08-20 14:34:46,864 INFO  http.HttpServer2 (HttpServer2.java:addGlobalFilter(975)) - Added global filter 'safety' (class=org.apache.hadoop.http.HttpServer2$QuotingInputFilter)
2019-08-20 14:34:46,865 INFO  http.HttpServer2 (HttpServer2.java:addFilter(948)) - Added filter static_user_filter (class=org.apache.hadoop.http.lib.StaticUserWebFilter$StaticUserFilter) to context hddsDatanode
2019-08-20 14:34:46,865 INFO  http.HttpServer2 (HttpServer2.java:addFilter(958)) - Added filter static_user_filter (class=org.apache.hadoop.http.lib.StaticUserWebFilter$StaticUserFilter) to context logs
2019-08-20 14:34:46,865 INFO  http.HttpServer2 (HttpServer2.java:addFilter(958)) - Added filter static_user_filter (class=org.apache.hadoop.http.lib.StaticUserWebFilter$StaticUserFilter) to context static
2019-08-20 14:34:46,866 INFO  http.HttpServer2 (HttpServer2.java:bindListener(1191)) - Jetty bound to port 38472
2019-08-20 14:34:46,866 INFO  server.Server (Server.java:doStart(351)) - jetty-9.3.24.v20180605, build timestamp: 2018-06-05T17:11:56Z, git hash: 84205aa28f11a4f31f2a3b86d1bba2cc8ab69827
2019-08-20 14:34:46,868 INFO  handler.ContextHandler (ContextHandler.java:doStart(781)) - Started o.e.j.s.ServletContextHandler@3dc46f24{/logs,file:///workdir/hadoop-ozone/integration-test/target/log,AVAILABLE}
2019-08-20 14:34:46,868 INFO  handler.ContextHandler (ContextHandler.java:doStart(781)) - Started o.e.j.s.ServletContextHandler@3313463c{/static,jar:file:/home/user/.m2/repository/org/apache/hadoop/hadoop-hdds-container-service/0.5.0-SNAPSHOT/hadoop-hdds-container-service-0.5.0-SNAPSHOT.jar!/webapps/static,AVAILABLE}
2019-08-20 14:34:46,895 INFO  handler.ContextHandler (ContextHandler.java:doStart(781)) - Started o.e.j.w.WebAppContext@26994c6a{/,file:///tmp/jetty-0.0.0.0-38472-hddsDatanode-_-any-3595204814024437629.dir/webapp/,AVAILABLE}{/hddsDatanode}
2019-08-20 14:34:46,895 INFO  server.AbstractConnector (AbstractConnector.java:doStart(278)) - Started ServerConnector@3cd46491{HTTP/1.1,[http/1.1]}{0.0.0.0:38472}
2019-08-20 14:34:46,896 INFO  server.Server (Server.java:doStart(419)) - Started @61612ms
2019-08-20 14:34:46,897 INFO  server.BaseHttpServer (BaseHttpServer.java:updateConnectorAddress(213)) - HTTP server of HDDSDATANODE is listening at http://0.0.0.0:38472
2019-08-20 14:34:47,028 INFO  ozone.HddsDatanodeService (HddsDatanodeService.java:startPlugins(395)) - Started plug-in org.apache.hadoop.ozone.web.OzoneHddsDatanodeService@443af394
2019-08-20 14:34:47,028 INFO  impl.MetricsSystemImpl (MetricsSystemImpl.java:init(158)) - HddsDatanode metrics system started (again)
2019-08-20 14:34:47,031 INFO  util.JvmPauseMonitor (JvmPauseMonitor.java:run(188)) - Starting JVM pause monitor
2019-08-20 14:34:47,032 INFO  ozone.HddsDatanodeService (HddsDatanodeService.java:start(184)) - HddsDatanodeService host:pr-hdds-1948-qmvbp-2153692187 ip:192.168.5.159
2019-08-20 14:34:47,033 INFO  datanode.InitDatanodeState (InitDatanodeState.java:persistContainerDatanodeDetails(140)) - DatanodeDetails is persisted to /workdir/hadoop-ozone/integration-test/target/test-dir/MiniOzoneClusterImpl-2c49b900-e545-42f2-ab59-957038006ec1/datanode-0/meta/datanode.id
2019-08-20 14:34:47,037 INFO  volume.HddsVolume (HddsVolume.java:<init>(176)) - Creating Volume: /workdir/hadoop-ozone/integration-test/target/test-dir/MiniOzoneClusterImpl-2c49b900-e545-42f2-ab59-957038006ec1/datanode-1/data/containers/hdds of  storage type : DISK and capacity : 1482555576320
2019-08-20 14:34:47,037 INFO  volume.VolumeSet (VolumeSet.java:initializeVolumeSet(170)) - Added Volume : /workdir/hadoop-ozone/integration-test/target/test-dir/MiniOzoneClusterImpl-2c49b900-e545-42f2-ab59-957038006ec1/datanode-1/data/containers/hdds to VolumeSet
2019-08-20 14:34:47,038 INFO  volume.ThrottledAsyncChecker (ThrottledAsyncChecker.java:schedule(140)) - Scheduling a check for org.apache.hadoop.ozone.container.common.volume.HddsVolume@8f6b4ab
2019-08-20 14:34:47,038 INFO  volume.HddsVolumeChecker (HddsVolumeChecker.java:checkAllVolumes(203)) - Scheduled health check for volume org.apache.hadoop.ozone.container.common.volume.HddsVolume@8f6b4ab
2019-08-20 14:34:47,052 INFO  impl.RaftServerProxy (ConfUtils.java:logGet(43)) - raft.rpc.type = GRPC (default)
2019-08-20 14:34:47,053 INFO  grpc.GrpcFactory (GrpcFactory.java:checkPooledByteBufAllocatorUseCacheForAllThreads(45)) - PERFORMANCE WARNING: useCacheForAllThreads is true that may cause Netty to create a lot garbage objects and, as a result, trigger GC.
	It is recommended to disable useCacheForAllThreads by setting -Dorg.apache.ratis.thirdparty.io.netty.allocator.useCacheForAllThreads=false in command line.
2019-08-20 14:34:47,053 INFO  grpc.GrpcConfigKeys$Server (ConfUtils.java:logGet(43)) - raft.grpc.server.port = 0 (default)
2019-08-20 14:34:47,053 INFO  server.GrpcService (ConfUtils.java:logGet(43)) - raft.grpc.message.size.max = 33570816 (custom)
2019-08-20 14:34:47,053 INFO  server.RaftServerConfigKeys (ConfUtils.java:logGet(43)) - raft.server.log.appender.buffer.byte-limit = 33554432 (custom)
2019-08-20 14:34:47,053 INFO  server.GrpcService (ConfUtils.java:logGet(43)) - raft.grpc.flow.control.window = 1MB (=1048576) (default)
2019-08-20 14:34:47,054 INFO  server.RaftServerConfigKeys (ConfUtils.java:logGet(43)) - raft.server.rpc.request.timeout = 3000ms (default)
2019-08-20 14:34:47,054 INFO  server.RaftServerConfigKeys (ConfUtils.java:logGet(43)) - raft.server.storage.dir = [/workdir/hadoop-ozone/integration-test/target/test-dir/MiniOzoneClusterImpl-2c49b900-e545-42f2-ab59-957038006ec1/datanode-1/data/ratis] (custom)
2019-08-20 14:34:47,055 INFO  replication.SimpleContainerDownloader (SimpleContainerDownloader.java:<init>(72)) - Starting container downloader service to copy containers to replicate.
2019-08-20 14:34:47,057 INFO  hdfs.DFSUtil (DFSUtil.java:httpServerTemplateForNNAndJN(1641)) - Starting Web-server for hddsDatanode at: http://0.0.0.0:0
2019-08-20 14:34:47,059 INFO  server.AuthenticationFilter (AuthenticationFilter.java:constructSecretProvider(240)) - Unable to initialize FileSignerSecretProvider, falling back to use random secrets.
2019-08-20 14:34:47,059 WARN  http.HttpRequestLog (HttpRequestLog.java:getRequestLog(97)) - Jetty request log can only be enabled using Log4j
2019-08-20 14:34:47,061 INFO  http.HttpServer2 (HttpServer2.java:addGlobalFilter(975)) - Added global filter 'safety' (class=org.apache.hadoop.http.HttpServer2$QuotingInputFilter)
2019-08-20 14:34:47,061 INFO  http.HttpServer2 (HttpServer2.java:addFilter(948)) - Added filter static_user_filter (class=org.apache.hadoop.http.lib.StaticUserWebFilter$StaticUserFilter) to context hddsDatanode
2019-08-20 14:34:47,061 INFO  http.HttpServer2 (HttpServer2.java:addFilter(958)) - Added filter static_user_filter (class=org.apache.hadoop.http.lib.StaticUserWebFilter$StaticUserFilter) to context logs
2019-08-20 14:34:47,062 INFO  http.HttpServer2 (HttpServer2.java:addFilter(958)) - Added filter static_user_filter (class=org.apache.hadoop.http.lib.StaticUserWebFilter$StaticUserFilter) to context static
2019-08-20 14:34:47,062 INFO  http.HttpServer2 (HttpServer2.java:bindListener(1191)) - Jetty bound to port 40611
2019-08-20 14:34:47,062 INFO  server.Server (Server.java:doStart(351)) - jetty-9.3.24.v20180605, build timestamp: 2018-06-05T17:11:56Z, git hash: 84205aa28f11a4f31f2a3b86d1bba2cc8ab69827
2019-08-20 14:34:47,064 INFO  handler.ContextHandler (ContextHandler.java:doStart(781)) - Started o.e.j.s.ServletContextHandler@60ed0b9d{/logs,file:///workdir/hadoop-ozone/integration-test/target/log,AVAILABLE}
2019-08-20 14:34:47,065 INFO  handler.ContextHandler (ContextHandler.java:doStart(781)) - Started o.e.j.s.ServletContextHandler@2c674d58{/static,jar:file:/home/user/.m2/repository/org/apache/hadoop/hadoop-hdds-container-service/0.5.0-SNAPSHOT/hadoop-hdds-container-service-0.5.0-SNAPSHOT.jar!/webapps/static,AVAILABLE}
2019-08-20 14:34:47,104 INFO  handler.ContextHandler (ContextHandler.java:doStart(781)) - Started o.e.j.w.WebAppContext@134abd78{/,file:///tmp/jetty-0.0.0.0-40611-hddsDatanode-_-any-3235706053581786992.dir/webapp/,AVAILABLE}{/hddsDatanode}
2019-08-20 14:34:47,106 INFO  server.AbstractConnector (AbstractConnector.java:doStart(278)) - Started ServerConnector@560b195d{HTTP/1.1,[http/1.1]}{0.0.0.0:40611}
2019-08-20 14:34:47,107 INFO  server.Server (Server.java:doStart(419)) - Started @61822ms
2019-08-20 14:34:47,108 INFO  server.BaseHttpServer (BaseHttpServer.java:updateConnectorAddress(213)) - HTTP server of HDDSDATANODE is listening at http://0.0.0.0:40611
2019-08-20 14:34:47,225 INFO  ozone.HddsDatanodeService (HddsDatanodeService.java:startPlugins(395)) - Started plug-in org.apache.hadoop.ozone.web.OzoneHddsDatanodeService@4aab7195
2019-08-20 14:34:47,225 INFO  impl.MetricsSystemImpl (MetricsSystemImpl.java:init(158)) - HddsDatanode metrics system started (again)
2019-08-20 14:34:47,229 INFO  util.JvmPauseMonitor (JvmPauseMonitor.java:run(188)) - Starting JVM pause monitor
2019-08-20 14:34:47,230 INFO  ozone.HddsDatanodeService (HddsDatanodeService.java:start(184)) - HddsDatanodeService host:pr-hdds-1948-qmvbp-2153692187 ip:192.168.5.159
2019-08-20 14:34:47,230 INFO  datanode.InitDatanodeState (InitDatanodeState.java:persistContainerDatanodeDetails(140)) - DatanodeDetails is persisted to /workdir/hadoop-ozone/integration-test/target/test-dir/MiniOzoneClusterImpl-2c49b900-e545-42f2-ab59-957038006ec1/datanode-1/meta/datanode.id
2019-08-20 14:34:47,235 INFO  volume.HddsVolume (HddsVolume.java:<init>(176)) - Creating Volume: /workdir/hadoop-ozone/integration-test/target/test-dir/MiniOzoneClusterImpl-2c49b900-e545-42f2-ab59-957038006ec1/datanode-2/data/containers/hdds of  storage type : DISK and capacity : 1482555576320
2019-08-20 14:34:47,236 INFO  volume.VolumeSet (VolumeSet.java:initializeVolumeSet(170)) - Added Volume : /workdir/hadoop-ozone/integration-test/target/test-dir/MiniOzoneClusterImpl-2c49b900-e545-42f2-ab59-957038006ec1/datanode-2/data/containers/hdds to VolumeSet
2019-08-20 14:34:47,236 INFO  volume.ThrottledAsyncChecker (ThrottledAsyncChecker.java:schedule(140)) - Scheduling a check for org.apache.hadoop.ozone.container.common.volume.HddsVolume@4bf8b77
2019-08-20 14:34:47,236 INFO  volume.HddsVolumeChecker (HddsVolumeChecker.java:checkAllVolumes(203)) - Scheduled health check for volume org.apache.hadoop.ozone.container.common.volume.HddsVolume@4bf8b77
2019-08-20 14:34:47,251 INFO  impl.RaftServerProxy (ConfUtils.java:logGet(43)) - raft.rpc.type = GRPC (default)
2019-08-20 14:34:47,251 INFO  grpc.GrpcFactory (GrpcFactory.java:checkPooledByteBufAllocatorUseCacheForAllThreads(45)) - PERFORMANCE WARNING: useCacheForAllThreads is true that may cause Netty to create a lot garbage objects and, as a result, trigger GC.
	It is recommended to disable useCacheForAllThreads by setting -Dorg.apache.ratis.thirdparty.io.netty.allocator.useCacheForAllThreads=false in command line.
2019-08-20 14:34:47,251 INFO  grpc.GrpcConfigKeys$Server (ConfUtils.java:logGet(43)) - raft.grpc.server.port = 0 (default)
2019-08-20 14:34:47,252 INFO  server.GrpcService (ConfUtils.java:logGet(43)) - raft.grpc.message.size.max = 33570816 (custom)
2019-08-20 14:34:47,252 INFO  server.RaftServerConfigKeys (ConfUtils.java:logGet(43)) - raft.server.log.appender.buffer.byte-limit = 33554432 (custom)
2019-08-20 14:34:47,252 INFO  server.GrpcService (ConfUtils.java:logGet(43)) - raft.grpc.flow.control.window = 1MB (=1048576) (default)
2019-08-20 14:34:47,252 INFO  server.RaftServerConfigKeys (ConfUtils.java:logGet(43)) - raft.server.rpc.request.timeout = 3000ms (default)
2019-08-20 14:34:47,252 INFO  server.RaftServerConfigKeys (ConfUtils.java:logGet(43)) - raft.server.storage.dir = [/workdir/hadoop-ozone/integration-test/target/test-dir/MiniOzoneClusterImpl-2c49b900-e545-42f2-ab59-957038006ec1/datanode-2/data/ratis] (custom)
2019-08-20 14:34:47,253 INFO  replication.SimpleContainerDownloader (SimpleContainerDownloader.java:<init>(72)) - Starting container downloader service to copy containers to replicate.
2019-08-20 14:34:47,254 INFO  hdfs.DFSUtil (DFSUtil.java:httpServerTemplateForNNAndJN(1641)) - Starting Web-server for hddsDatanode at: http://0.0.0.0:0
2019-08-20 14:34:47,255 INFO  server.AuthenticationFilter (AuthenticationFilter.java:constructSecretProvider(240)) - Unable to initialize FileSignerSecretProvider, falling back to use random secrets.
2019-08-20 14:34:47,255 WARN  http.HttpRequestLog (HttpRequestLog.java:getRequestLog(97)) - Jetty request log can only be enabled using Log4j
2019-08-20 14:34:47,256 INFO  http.HttpServer2 (HttpServer2.java:addGlobalFilter(975)) - Added global filter 'safety' (class=org.apache.hadoop.http.HttpServer2$QuotingInputFilter)
2019-08-20 14:34:47,257 INFO  http.HttpServer2 (HttpServer2.java:addFilter(948)) - Added filter static_user_filter (class=org.apache.hadoop.http.lib.StaticUserWebFilter$StaticUserFilter) to context hddsDatanode
2019-08-20 14:34:47,257 INFO  http.HttpServer2 (HttpServer2.java:addFilter(958)) - Added filter static_user_filter (class=org.apache.hadoop.http.lib.StaticUserWebFilter$StaticUserFilter) to context logs
2019-08-20 14:34:47,257 INFO  http.HttpServer2 (HttpServer2.java:addFilter(958)) - Added filter static_user_filter (class=org.apache.hadoop.http.lib.StaticUserWebFilter$StaticUserFilter) to context static
2019-08-20 14:34:47,258 INFO  http.HttpServer2 (HttpServer2.java:bindListener(1191)) - Jetty bound to port 38025
2019-08-20 14:34:47,258 INFO  server.Server (Server.java:doStart(351)) - jetty-9.3.24.v20180605, build timestamp: 2018-06-05T17:11:56Z, git hash: 84205aa28f11a4f31f2a3b86d1bba2cc8ab69827
2019-08-20 14:34:47,259 INFO  handler.ContextHandler (ContextHandler.java:doStart(781)) - Started o.e.j.s.ServletContextHandler@3ff8a3ad{/logs,file:///workdir/hadoop-ozone/integration-test/target/log,AVAILABLE}
2019-08-20 14:34:47,260 INFO  handler.ContextHandler (ContextHandler.java:doStart(781)) - Started o.e.j.s.ServletContextHandler@54275b5d{/static,jar:file:/home/user/.m2/repository/org/apache/hadoop/hadoop-hdds-container-service/0.5.0-SNAPSHOT/hadoop-hdds-container-service-0.5.0-SNAPSHOT.jar!/webapps/static,AVAILABLE}
2019-08-20 14:34:47,285 INFO  handler.ContextHandler (ContextHandler.java:doStart(781)) - Started o.e.j.w.WebAppContext@194224ca{/,file:///tmp/jetty-0.0.0.0-38025-hddsDatanode-_-any-5207689098065649654.dir/webapp/,AVAILABLE}{/hddsDatanode}
2019-08-20 14:34:47,287 INFO  server.AbstractConnector (AbstractConnector.java:doStart(278)) - Started ServerConnector@254e9709{HTTP/1.1,[http/1.1]}{0.0.0.0:38025}
2019-08-20 14:34:47,287 INFO  server.Server (Server.java:doStart(419)) - Started @62002ms
2019-08-20 14:34:47,288 INFO  server.BaseHttpServer (BaseHttpServer.java:updateConnectorAddress(213)) - HTTP server of HDDSDATANODE is listening at http://0.0.0.0:38025
2019-08-20 14:34:47,602 INFO  ozone.HddsDatanodeService (HddsDatanodeService.java:startPlugins(395)) - Started plug-in org.apache.hadoop.ozone.web.OzoneHddsDatanodeService@571d0925
2019-08-20 14:34:47,602 INFO  impl.MetricsSystemImpl (MetricsSystemImpl.java:init(158)) - HddsDatanode metrics system started (again)
2019-08-20 14:34:47,607 INFO  util.JvmPauseMonitor (JvmPauseMonitor.java:run(188)) - Starting JVM pause monitor
2019-08-20 14:34:47,607 INFO  ozone.HddsDatanodeService (HddsDatanodeService.java:start(184)) - HddsDatanodeService host:pr-hdds-1948-qmvbp-2153692187 ip:192.168.5.159
2019-08-20 14:34:47,609 INFO  datanode.InitDatanodeState (InitDatanodeState.java:persistContainerDatanodeDetails(140)) - DatanodeDetails is persisted to /workdir/hadoop-ozone/integration-test/target/test-dir/MiniOzoneClusterImpl-2c49b900-e545-42f2-ab59-957038006ec1/datanode-2/meta/datanode.id
2019-08-20 14:34:47,615 INFO  volume.HddsVolume (HddsVolume.java:<init>(176)) - Creating Volume: /workdir/hadoop-ozone/integration-test/target/test-dir/MiniOzoneClusterImpl-2c49b900-e545-42f2-ab59-957038006ec1/datanode-3/data/containers/hdds of  storage type : DISK and capacity : 1482555576320
2019-08-20 14:34:47,616 INFO  volume.VolumeSet (VolumeSet.java:initializeVolumeSet(170)) - Added Volume : /workdir/hadoop-ozone/integration-test/target/test-dir/MiniOzoneClusterImpl-2c49b900-e545-42f2-ab59-957038006ec1/datanode-3/data/containers/hdds to VolumeSet
2019-08-20 14:34:47,616 INFO  volume.ThrottledAsyncChecker (ThrottledAsyncChecker.java:schedule(140)) - Scheduling a check for org.apache.hadoop.ozone.container.common.volume.HddsVolume@7d126083
2019-08-20 14:34:47,617 INFO  volume.HddsVolumeChecker (HddsVolumeChecker.java:checkAllVolumes(203)) - Scheduled health check for volume org.apache.hadoop.ozone.container.common.volume.HddsVolume@7d126083
2019-08-20 14:34:47,641 INFO  impl.RaftServerProxy (ConfUtils.java:logGet(43)) - raft.rpc.type = GRPC (default)
2019-08-20 14:34:47,641 INFO  grpc.GrpcFactory (GrpcFactory.java:checkPooledByteBufAllocatorUseCacheForAllThreads(45)) - PERFORMANCE WARNING: useCacheForAllThreads is true that may cause Netty to create a lot garbage objects and, as a result, trigger GC.
	It is recommended to disable useCacheForAllThreads by setting -Dorg.apache.ratis.thirdparty.io.netty.allocator.useCacheForAllThreads=false in command line.
2019-08-20 14:34:47,641 INFO  grpc.GrpcConfigKeys$Server (ConfUtils.java:logGet(43)) - raft.grpc.server.port = 0 (default)
2019-08-20 14:34:47,642 INFO  server.GrpcService (ConfUtils.java:logGet(43)) - raft.grpc.message.size.max = 33570816 (custom)
2019-08-20 14:34:47,642 INFO  server.RaftServerConfigKeys (ConfUtils.java:logGet(43)) - raft.server.log.appender.buffer.byte-limit = 33554432 (custom)
2019-08-20 14:34:47,642 INFO  server.GrpcService (ConfUtils.java:logGet(43)) - raft.grpc.flow.control.window = 1MB (=1048576) (default)
2019-08-20 14:34:47,643 INFO  server.RaftServerConfigKeys (ConfUtils.java:logGet(43)) - raft.server.rpc.request.timeout = 3000ms (default)
2019-08-20 14:34:47,643 INFO  server.RaftServerConfigKeys (ConfUtils.java:logGet(43)) - raft.server.storage.dir = [/workdir/hadoop-ozone/integration-test/target/test-dir/MiniOzoneClusterImpl-2c49b900-e545-42f2-ab59-957038006ec1/datanode-3/data/ratis] (custom)
2019-08-20 14:34:47,644 INFO  replication.SimpleContainerDownloader (SimpleContainerDownloader.java:<init>(72)) - Starting container downloader service to copy containers to replicate.
2019-08-20 14:34:47,645 INFO  hdfs.DFSUtil (DFSUtil.java:httpServerTemplateForNNAndJN(1641)) - Starting Web-server for hddsDatanode at: http://0.0.0.0:0
2019-08-20 14:34:47,647 INFO  server.AuthenticationFilter (AuthenticationFilter.java:constructSecretProvider(240)) - Unable to initialize FileSignerSecretProvider, falling back to use random secrets.
2019-08-20 14:34:47,648 WARN  http.HttpRequestLog (HttpRequestLog.java:getRequestLog(97)) - Jetty request log can only be enabled using Log4j
2019-08-20 14:34:47,650 INFO  http.HttpServer2 (HttpServer2.java:addGlobalFilter(975)) - Added global filter 'safety' (class=org.apache.hadoop.http.HttpServer2$QuotingInputFilter)
2019-08-20 14:34:47,650 INFO  http.HttpServer2 (HttpServer2.java:addFilter(948)) - Added filter static_user_filter (class=org.apache.hadoop.http.lib.StaticUserWebFilter$StaticUserFilter) to context hddsDatanode
2019-08-20 14:34:47,650 INFO  http.HttpServer2 (HttpServer2.java:addFilter(958)) - Added filter static_user_filter (class=org.apache.hadoop.http.lib.StaticUserWebFilter$StaticUserFilter) to context logs
2019-08-20 14:34:47,651 INFO  http.HttpServer2 (HttpServer2.java:addFilter(958)) - Added filter static_user_filter (class=org.apache.hadoop.http.lib.StaticUserWebFilter$StaticUserFilter) to context static
2019-08-20 14:34:47,652 INFO  http.HttpServer2 (HttpServer2.java:bindListener(1191)) - Jetty bound to port 34565
2019-08-20 14:34:47,652 INFO  server.Server (Server.java:doStart(351)) - jetty-9.3.24.v20180605, build timestamp: 2018-06-05T17:11:56Z, git hash: 84205aa28f11a4f31f2a3b86d1bba2cc8ab69827
2019-08-20 14:34:47,654 INFO  handler.ContextHandler (ContextHandler.java:doStart(781)) - Started o.e.j.s.ServletContextHandler@5b1ff8cd{/logs,file:///workdir/hadoop-ozone/integration-test/target/log,AVAILABLE}
2019-08-20 14:34:47,654 INFO  handler.ContextHandler (ContextHandler.java:doStart(781)) - Started o.e.j.s.ServletContextHandler@780ee3ad{/static,jar:file:/home/user/.m2/repository/org/apache/hadoop/hadoop-hdds-container-service/0.5.0-SNAPSHOT/hadoop-hdds-container-service-0.5.0-SNAPSHOT.jar!/webapps/static,AVAILABLE}
2019-08-20 14:34:47,692 INFO  handler.ContextHandler (ContextHandler.java:doStart(781)) - Started o.e.j.w.WebAppContext@3fef1e6b{/,file:///tmp/jetty-0.0.0.0-34565-hddsDatanode-_-any-7081703734159593533.dir/webapp/,AVAILABLE}{/hddsDatanode}
2019-08-20 14:34:47,693 INFO  server.AbstractConnector (AbstractConnector.java:doStart(278)) - Started ServerConnector@4fee14b{HTTP/1.1,[http/1.1]}{0.0.0.0:34565}
2019-08-20 14:34:47,695 INFO  server.Server (Server.java:doStart(419)) - Started @62410ms
2019-08-20 14:34:47,696 INFO  server.BaseHttpServer (BaseHttpServer.java:updateConnectorAddress(213)) - HTTP server of HDDSDATANODE is listening at http://0.0.0.0:34565
2019-08-20 14:34:47,819 INFO  ozone.HddsDatanodeService (HddsDatanodeService.java:startPlugins(395)) - Started plug-in org.apache.hadoop.ozone.web.OzoneHddsDatanodeService@17df689e
2019-08-20 14:34:47,819 INFO  impl.MetricsSystemImpl (MetricsSystemImpl.java:init(158)) - HddsDatanode metrics system started (again)
2019-08-20 14:34:47,823 INFO  util.JvmPauseMonitor (JvmPauseMonitor.java:run(188)) - Starting JVM pause monitor
2019-08-20 14:34:47,824 INFO  ozone.HddsDatanodeService (HddsDatanodeService.java:start(184)) - HddsDatanodeService host:pr-hdds-1948-qmvbp-2153692187 ip:192.168.5.159
2019-08-20 14:34:47,825 INFO  datanode.InitDatanodeState (InitDatanodeState.java:persistContainerDatanodeDetails(140)) - DatanodeDetails is persisted to /workdir/hadoop-ozone/integration-test/target/test-dir/MiniOzoneClusterImpl-2c49b900-e545-42f2-ab59-957038006ec1/datanode-3/meta/datanode.id
2019-08-20 14:34:47,829 INFO  volume.HddsVolume (HddsVolume.java:<init>(176)) - Creating Volume: /workdir/hadoop-ozone/integration-test/target/test-dir/MiniOzoneClusterImpl-2c49b900-e545-42f2-ab59-957038006ec1/datanode-4/data/containers/hdds of  storage type : DISK and capacity : 1482555576320
2019-08-20 14:34:47,829 INFO  volume.VolumeSet (VolumeSet.java:initializeVolumeSet(170)) - Added Volume : /workdir/hadoop-ozone/integration-test/target/test-dir/MiniOzoneClusterImpl-2c49b900-e545-42f2-ab59-957038006ec1/datanode-4/data/containers/hdds to VolumeSet
2019-08-20 14:34:47,830 INFO  volume.ThrottledAsyncChecker (ThrottledAsyncChecker.java:schedule(140)) - Scheduling a check for org.apache.hadoop.ozone.container.common.volume.HddsVolume@1e258d3b
2019-08-20 14:34:47,830 INFO  volume.HddsVolumeChecker (HddsVolumeChecker.java:checkAllVolumes(203)) - Scheduled health check for volume org.apache.hadoop.ozone.container.common.volume.HddsVolume@1e258d3b
2019-08-20 14:34:47,843 INFO  impl.RaftServerProxy (ConfUtils.java:logGet(43)) - raft.rpc.type = GRPC (default)
2019-08-20 14:34:47,843 INFO  grpc.GrpcFactory (GrpcFactory.java:checkPooledByteBufAllocatorUseCacheForAllThreads(45)) - PERFORMANCE WARNING: useCacheForAllThreads is true that may cause Netty to create a lot garbage objects and, as a result, trigger GC.
	It is recommended to disable useCacheForAllThreads by setting -Dorg.apache.ratis.thirdparty.io.netty.allocator.useCacheForAllThreads=false in command line.
2019-08-20 14:34:47,843 INFO  grpc.GrpcConfigKeys$Server (ConfUtils.java:logGet(43)) - raft.grpc.server.port = 0 (default)
2019-08-20 14:34:47,843 INFO  server.GrpcService (ConfUtils.java:logGet(43)) - raft.grpc.message.size.max = 33570816 (custom)
2019-08-20 14:34:47,844 INFO  server.RaftServerConfigKeys (ConfUtils.java:logGet(43)) - raft.server.log.appender.buffer.byte-limit = 33554432 (custom)
2019-08-20 14:34:47,844 INFO  server.GrpcService (ConfUtils.java:logGet(43)) - raft.grpc.flow.control.window = 1MB (=1048576) (default)
2019-08-20 14:34:47,844 INFO  server.RaftServerConfigKeys (ConfUtils.java:logGet(43)) - raft.server.rpc.request.timeout = 3000ms (default)
2019-08-20 14:34:47,845 INFO  server.RaftServerConfigKeys (ConfUtils.java:logGet(43)) - raft.server.storage.dir = [/workdir/hadoop-ozone/integration-test/target/test-dir/MiniOzoneClusterImpl-2c49b900-e545-42f2-ab59-957038006ec1/datanode-4/data/ratis] (custom)
2019-08-20 14:34:47,845 INFO  replication.SimpleContainerDownloader (SimpleContainerDownloader.java:<init>(72)) - Starting container downloader service to copy containers to replicate.
2019-08-20 14:34:47,846 INFO  hdfs.DFSUtil (DFSUtil.java:httpServerTemplateForNNAndJN(1641)) - Starting Web-server for hddsDatanode at: http://0.0.0.0:0
2019-08-20 14:34:47,848 INFO  server.AuthenticationFilter (AuthenticationFilter.java:constructSecretProvider(240)) - Unable to initialize FileSignerSecretProvider, falling back to use random secrets.
2019-08-20 14:34:47,848 WARN  http.HttpRequestLog (HttpRequestLog.java:getRequestLog(97)) - Jetty request log can only be enabled using Log4j
2019-08-20 14:34:47,849 INFO  http.HttpServer2 (HttpServer2.java:addGlobalFilter(975)) - Added global filter 'safety' (class=org.apache.hadoop.http.HttpServer2$QuotingInputFilter)
2019-08-20 14:34:47,850 INFO  http.HttpServer2 (HttpServer2.java:addFilter(948)) - Added filter static_user_filter (class=org.apache.hadoop.http.lib.StaticUserWebFilter$StaticUserFilter) to context hddsDatanode
2019-08-20 14:34:47,850 INFO  http.HttpServer2 (HttpServer2.java:addFilter(958)) - Added filter static_user_filter (class=org.apache.hadoop.http.lib.StaticUserWebFilter$StaticUserFilter) to context static
2019-08-20 14:34:47,850 INFO  http.HttpServer2 (HttpServer2.java:addFilter(958)) - Added filter static_user_filter (class=org.apache.hadoop.http.lib.StaticUserWebFilter$StaticUserFilter) to context logs
2019-08-20 14:34:47,851 INFO  http.HttpServer2 (HttpServer2.java:bindListener(1191)) - Jetty bound to port 42046
2019-08-20 14:34:47,851 INFO  server.Server (Server.java:doStart(351)) - jetty-9.3.24.v20180605, build timestamp: 2018-06-05T17:11:56Z, git hash: 84205aa28f11a4f31f2a3b86d1bba2cc8ab69827
2019-08-20 14:34:47,853 INFO  handler.ContextHandler (ContextHandler.java:doStart(781)) - Started o.e.j.s.ServletContextHandler@25216999{/logs,file:///workdir/hadoop-ozone/integration-test/target/log,AVAILABLE}
2019-08-20 14:34:47,853 INFO  handler.ContextHandler (ContextHandler.java:doStart(781)) - Started o.e.j.s.ServletContextHandler@5c997de8{/static,jar:file:/home/user/.m2/repository/org/apache/hadoop/hadoop-hdds-container-service/0.5.0-SNAPSHOT/hadoop-hdds-container-service-0.5.0-SNAPSHOT.jar!/webapps/static,AVAILABLE}
2019-08-20 14:34:47,881 INFO  handler.ContextHandler (ContextHandler.java:doStart(781)) - Started o.e.j.w.WebAppContext@6dc9a56e{/,file:///tmp/jetty-0.0.0.0-42046-hddsDatanode-_-any-6534673436392195174.dir/webapp/,AVAILABLE}{/hddsDatanode}
2019-08-20 14:34:47,881 INFO  server.AbstractConnector (AbstractConnector.java:doStart(278)) - Started ServerConnector@287ad0da{HTTP/1.1,[http/1.1]}{0.0.0.0:42046}
2019-08-20 14:34:47,882 INFO  server.Server (Server.java:doStart(419)) - Started @62598ms
2019-08-20 14:34:47,883 INFO  server.BaseHttpServer (BaseHttpServer.java:updateConnectorAddress(213)) - HTTP server of HDDSDATANODE is listening at http://0.0.0.0:42046
2019-08-20 14:34:47,991 INFO  ozone.HddsDatanodeService (HddsDatanodeService.java:startPlugins(395)) - Started plug-in org.apache.hadoop.ozone.web.OzoneHddsDatanodeService@3d59933
2019-08-20 14:34:47,992 INFO  impl.MetricsSystemImpl (MetricsSystemImpl.java:init(158)) - HddsDatanode metrics system started (again)
2019-08-20 14:34:47,995 INFO  util.JvmPauseMonitor (JvmPauseMonitor.java:run(188)) - Starting JVM pause monitor
2019-08-20 14:34:47,996 INFO  ozone.HddsDatanodeService (HddsDatanodeService.java:start(184)) - HddsDatanodeService host:pr-hdds-1948-qmvbp-2153692187 ip:192.168.5.159
2019-08-20 14:34:47,997 INFO  datanode.InitDatanodeState (InitDatanodeState.java:persistContainerDatanodeDetails(140)) - DatanodeDetails is persisted to /workdir/hadoop-ozone/integration-test/target/test-dir/MiniOzoneClusterImpl-2c49b900-e545-42f2-ab59-957038006ec1/datanode-4/meta/datanode.id
2019-08-20 14:34:48,003 INFO  volume.HddsVolume (HddsVolume.java:<init>(176)) - Creating Volume: /workdir/hadoop-ozone/integration-test/target/test-dir/MiniOzoneClusterImpl-2c49b900-e545-42f2-ab59-957038006ec1/datanode-5/data/containers/hdds of  storage type : DISK and capacity : 1482555576320
2019-08-20 14:34:48,003 INFO  volume.VolumeSet (VolumeSet.java:initializeVolumeSet(170)) - Added Volume : /workdir/hadoop-ozone/integration-test/target/test-dir/MiniOzoneClusterImpl-2c49b900-e545-42f2-ab59-957038006ec1/datanode-5/data/containers/hdds to VolumeSet
2019-08-20 14:34:48,003 INFO  volume.ThrottledAsyncChecker (ThrottledAsyncChecker.java:schedule(140)) - Scheduling a check for org.apache.hadoop.ozone.container.common.volume.HddsVolume@67f8f5a6
2019-08-20 14:34:48,004 INFO  volume.HddsVolumeChecker (HddsVolumeChecker.java:checkAllVolumes(203)) - Scheduled health check for volume org.apache.hadoop.ozone.container.common.volume.HddsVolume@67f8f5a6
2019-08-20 14:34:48,017 INFO  impl.RaftServerProxy (ConfUtils.java:logGet(43)) - raft.rpc.type = GRPC (default)
2019-08-20 14:34:48,017 INFO  grpc.GrpcFactory (GrpcFactory.java:checkPooledByteBufAllocatorUseCacheForAllThreads(45)) - PERFORMANCE WARNING: useCacheForAllThreads is true that may cause Netty to create a lot garbage objects and, as a result, trigger GC.
	It is recommended to disable useCacheForAllThreads by setting -Dorg.apache.ratis.thirdparty.io.netty.allocator.useCacheForAllThreads=false in command line.
2019-08-20 14:34:48,018 INFO  grpc.GrpcConfigKeys$Server (ConfUtils.java:logGet(43)) - raft.grpc.server.port = 0 (default)
2019-08-20 14:34:48,018 INFO  server.GrpcService (ConfUtils.java:logGet(43)) - raft.grpc.message.size.max = 33570816 (custom)
2019-08-20 14:34:48,018 INFO  server.RaftServerConfigKeys (ConfUtils.java:logGet(43)) - raft.server.log.appender.buffer.byte-limit = 33554432 (custom)
2019-08-20 14:34:48,018 INFO  server.GrpcService (ConfUtils.java:logGet(43)) - raft.grpc.flow.control.window = 1MB (=1048576) (default)
2019-08-20 14:34:48,018 INFO  server.RaftServerConfigKeys (ConfUtils.java:logGet(43)) - raft.server.rpc.request.timeout = 3000ms (default)
2019-08-20 14:34:48,019 INFO  server.RaftServerConfigKeys (ConfUtils.java:logGet(43)) - raft.server.storage.dir = [/workdir/hadoop-ozone/integration-test/target/test-dir/MiniOzoneClusterImpl-2c49b900-e545-42f2-ab59-957038006ec1/datanode-5/data/ratis] (custom)
2019-08-20 14:34:48,020 INFO  replication.SimpleContainerDownloader (SimpleContainerDownloader.java:<init>(72)) - Starting container downloader service to copy containers to replicate.
2019-08-20 14:34:48,021 INFO  hdfs.DFSUtil (DFSUtil.java:httpServerTemplateForNNAndJN(1641)) - Starting Web-server for hddsDatanode at: http://0.0.0.0:0
2019-08-20 14:34:48,022 INFO  server.AuthenticationFilter (AuthenticationFilter.java:constructSecretProvider(240)) - Unable to initialize FileSignerSecretProvider, falling back to use random secrets.
2019-08-20 14:34:48,022 WARN  http.HttpRequestLog (HttpRequestLog.java:getRequestLog(97)) - Jetty request log can only be enabled using Log4j
2019-08-20 14:34:48,023 INFO  http.HttpServer2 (HttpServer2.java:addGlobalFilter(975)) - Added global filter 'safety' (class=org.apache.hadoop.http.HttpServer2$QuotingInputFilter)
2019-08-20 14:34:48,024 INFO  http.HttpServer2 (HttpServer2.java:addFilter(948)) - Added filter static_user_filter (class=org.apache.hadoop.http.lib.StaticUserWebFilter$StaticUserFilter) to context hddsDatanode
2019-08-20 14:34:48,024 INFO  http.HttpServer2 (HttpServer2.java:addFilter(958)) - Added filter static_user_filter (class=org.apache.hadoop.http.lib.StaticUserWebFilter$StaticUserFilter) to context static
2019-08-20 14:34:48,024 INFO  http.HttpServer2 (HttpServer2.java:addFilter(958)) - Added filter static_user_filter (class=org.apache.hadoop.http.lib.StaticUserWebFilter$StaticUserFilter) to context logs
2019-08-20 14:34:48,025 INFO  http.HttpServer2 (HttpServer2.java:bindListener(1191)) - Jetty bound to port 41722
2019-08-20 14:34:48,025 INFO  server.Server (Server.java:doStart(351)) - jetty-9.3.24.v20180605, build timestamp: 2018-06-05T17:11:56Z, git hash: 84205aa28f11a4f31f2a3b86d1bba2cc8ab69827
2019-08-20 14:34:48,027 INFO  handler.ContextHandler (ContextHandler.java:doStart(781)) - Started o.e.j.s.ServletContextHandler@10f8e2d2{/logs,file:///workdir/hadoop-ozone/integration-test/target/log,AVAILABLE}
2019-08-20 14:34:48,027 INFO  handler.ContextHandler (ContextHandler.java:doStart(781)) - Started o.e.j.s.ServletContextHandler@4f525e13{/static,jar:file:/home/user/.m2/repository/org/apache/hadoop/hadoop-hdds-container-service/0.5.0-SNAPSHOT/hadoop-hdds-container-service-0.5.0-SNAPSHOT.jar!/webapps/static,AVAILABLE}
2019-08-20 14:34:48,055 INFO  handler.ContextHandler (ContextHandler.java:doStart(781)) - Started o.e.j.w.WebAppContext@65015a49{/,file:///tmp/jetty-0.0.0.0-41722-hddsDatanode-_-any-5197198386821187556.dir/webapp/,AVAILABLE}{/hddsDatanode}
2019-08-20 14:34:48,056 INFO  server.AbstractConnector (AbstractConnector.java:doStart(278)) - Started ServerConnector@44e08a7a{HTTP/1.1,[http/1.1]}{0.0.0.0:41722}
2019-08-20 14:34:48,058 INFO  server.Server (Server.java:doStart(419)) - Started @62773ms
2019-08-20 14:34:48,058 INFO  server.BaseHttpServer (BaseHttpServer.java:updateConnectorAddress(213)) - HTTP server of HDDSDATANODE is listening at http://0.0.0.0:41722
2019-08-20 14:34:48,172 INFO  ozone.HddsDatanodeService (HddsDatanodeService.java:startPlugins(395)) - Started plug-in org.apache.hadoop.ozone.web.OzoneHddsDatanodeService@6d0a14c2
2019-08-20 14:34:48,172 INFO  impl.MetricsSystemImpl (MetricsSystemImpl.java:init(158)) - HddsDatanode metrics system started (again)
2019-08-20 14:34:48,176 INFO  util.JvmPauseMonitor (JvmPauseMonitor.java:run(188)) - Starting JVM pause monitor
2019-08-20 14:34:48,177 INFO  ozone.HddsDatanodeService (HddsDatanodeService.java:start(184)) - HddsDatanodeService host:pr-hdds-1948-qmvbp-2153692187 ip:192.168.5.159
2019-08-20 14:34:48,178 INFO  datanode.InitDatanodeState (InitDatanodeState.java:persistContainerDatanodeDetails(140)) - DatanodeDetails is persisted to /workdir/hadoop-ozone/integration-test/target/test-dir/MiniOzoneClusterImpl-2c49b900-e545-42f2-ab59-957038006ec1/datanode-5/meta/datanode.id
2019-08-20 14:34:48,183 INFO  volume.HddsVolume (HddsVolume.java:<init>(176)) - Creating Volume: /workdir/hadoop-ozone/integration-test/target/test-dir/MiniOzoneClusterImpl-2c49b900-e545-42f2-ab59-957038006ec1/datanode-6/data/containers/hdds of  storage type : DISK and capacity : 1482555576320
2019-08-20 14:34:48,183 INFO  volume.VolumeSet (VolumeSet.java:initializeVolumeSet(170)) - Added Volume : /workdir/hadoop-ozone/integration-test/target/test-dir/MiniOzoneClusterImpl-2c49b900-e545-42f2-ab59-957038006ec1/datanode-6/data/containers/hdds to VolumeSet
2019-08-20 14:34:48,183 INFO  volume.ThrottledAsyncChecker (ThrottledAsyncChecker.java:schedule(140)) - Scheduling a check for org.apache.hadoop.ozone.container.common.volume.HddsVolume@12421766
2019-08-20 14:34:48,184 INFO  volume.HddsVolumeChecker (HddsVolumeChecker.java:checkAllVolumes(203)) - Scheduled health check for volume org.apache.hadoop.ozone.container.common.volume.HddsVolume@12421766
2019-08-20 14:34:48,199 INFO  impl.RaftServerProxy (ConfUtils.java:logGet(43)) - raft.rpc.type = GRPC (default)
2019-08-20 14:34:48,200 INFO  grpc.GrpcFactory (GrpcFactory.java:checkPooledByteBufAllocatorUseCacheForAllThreads(45)) - PERFORMANCE WARNING: useCacheForAllThreads is true that may cause Netty to create a lot garbage objects and, as a result, trigger GC.
	It is recommended to disable useCacheForAllThreads by setting -Dorg.apache.ratis.thirdparty.io.netty.allocator.useCacheForAllThreads=false in command line.
2019-08-20 14:34:48,200 INFO  grpc.GrpcConfigKeys$Server (ConfUtils.java:logGet(43)) - raft.grpc.server.port = 0 (default)
2019-08-20 14:34:48,200 INFO  server.GrpcService (ConfUtils.java:logGet(43)) - raft.grpc.message.size.max = 33570816 (custom)
2019-08-20 14:34:48,200 INFO  server.RaftServerConfigKeys (ConfUtils.java:logGet(43)) - raft.server.log.appender.buffer.byte-limit = 33554432 (custom)
2019-08-20 14:34:48,201 INFO  server.GrpcService (ConfUtils.java:logGet(43)) - raft.grpc.flow.control.window = 1MB (=1048576) (default)
2019-08-20 14:34:48,201 INFO  server.RaftServerConfigKeys (ConfUtils.java:logGet(43)) - raft.server.rpc.request.timeout = 3000ms (default)
2019-08-20 14:34:48,201 INFO  server.RaftServerConfigKeys (ConfUtils.java:logGet(43)) - raft.server.storage.dir = [/workdir/hadoop-ozone/integration-test/target/test-dir/MiniOzoneClusterImpl-2c49b900-e545-42f2-ab59-957038006ec1/datanode-6/data/ratis] (custom)
2019-08-20 14:34:48,202 INFO  replication.SimpleContainerDownloader (SimpleContainerDownloader.java:<init>(72)) - Starting container downloader service to copy containers to replicate.
2019-08-20 14:34:48,203 INFO  hdfs.DFSUtil (DFSUtil.java:httpServerTemplateForNNAndJN(1641)) - Starting Web-server for hddsDatanode at: http://0.0.0.0:0
2019-08-20 14:34:48,204 INFO  server.AuthenticationFilter (AuthenticationFilter.java:constructSecretProvider(240)) - Unable to initialize FileSignerSecretProvider, falling back to use random secrets.
2019-08-20 14:34:48,205 WARN  http.HttpRequestLog (HttpRequestLog.java:getRequestLog(97)) - Jetty request log can only be enabled using Log4j
2019-08-20 14:34:48,206 INFO  http.HttpServer2 (HttpServer2.java:addGlobalFilter(975)) - Added global filter 'safety' (class=org.apache.hadoop.http.HttpServer2$QuotingInputFilter)
2019-08-20 14:34:48,207 INFO  http.HttpServer2 (HttpServer2.java:addFilter(948)) - Added filter static_user_filter (class=org.apache.hadoop.http.lib.StaticUserWebFilter$StaticUserFilter) to context hddsDatanode
2019-08-20 14:34:48,207 INFO  http.HttpServer2 (HttpServer2.java:addFilter(958)) - Added filter static_user_filter (class=org.apache.hadoop.http.lib.StaticUserWebFilter$StaticUserFilter) to context logs
2019-08-20 14:34:48,207 INFO  http.HttpServer2 (HttpServer2.java:addFilter(958)) - Added filter static_user_filter (class=org.apache.hadoop.http.lib.StaticUserWebFilter$StaticUserFilter) to context static
2019-08-20 14:34:48,208 INFO  http.HttpServer2 (HttpServer2.java:bindListener(1191)) - Jetty bound to port 37902
2019-08-20 14:34:48,209 INFO  server.Server (Server.java:doStart(351)) - jetty-9.3.24.v20180605, build timestamp: 2018-06-05T17:11:56Z, git hash: 84205aa28f11a4f31f2a3b86d1bba2cc8ab69827
2019-08-20 14:34:48,210 INFO  handler.ContextHandler (ContextHandler.java:doStart(781)) - Started o.e.j.s.ServletContextHandler@7809b43a{/logs,file:///workdir/hadoop-ozone/integration-test/target/log,AVAILABLE}
2019-08-20 14:34:48,211 INFO  handler.ContextHandler (ContextHandler.java:doStart(781)) - Started o.e.j.s.ServletContextHandler@fbe8fd3{/static,jar:file:/home/user/.m2/repository/org/apache/hadoop/hadoop-hdds-container-service/0.5.0-SNAPSHOT/hadoop-hdds-container-service-0.5.0-SNAPSHOT.jar!/webapps/static,AVAILABLE}
2019-08-20 14:34:48,242 INFO  handler.ContextHandler (ContextHandler.java:doStart(781)) - Started o.e.j.w.WebAppContext@4b9fa2f{/,file:///tmp/jetty-0.0.0.0-37902-hddsDatanode-_-any-1531818240223437320.dir/webapp/,AVAILABLE}{/hddsDatanode}
2019-08-20 14:34:48,243 INFO  server.AbstractConnector (AbstractConnector.java:doStart(278)) - Started ServerConnector@6d80e411{HTTP/1.1,[http/1.1]}{0.0.0.0:37902}
2019-08-20 14:34:48,244 INFO  server.Server (Server.java:doStart(419)) - Started @62959ms
2019-08-20 14:34:48,245 INFO  server.BaseHttpServer (BaseHttpServer.java:updateConnectorAddress(213)) - HTTP server of HDDSDATANODE is listening at http://0.0.0.0:37902
2019-08-20 14:34:48,366 INFO  ozone.HddsDatanodeService (HddsDatanodeService.java:startPlugins(395)) - Started plug-in org.apache.hadoop.ozone.web.OzoneHddsDatanodeService@2d3c501b
2019-08-20 14:34:48,367 INFO  ozone.MiniOzoneClusterImpl (MiniOzoneClusterImpl.java:lambda$waitForClusterToBeReady$0(142)) - Waiting for cluster to be ready. Got 0 of 7 DN Heartbeats.
2019-08-20 14:34:48,370 INFO  util.JvmPauseMonitor (JvmPauseMonitor.java:run(188)) - Starting JVM pause monitor
2019-08-20 14:34:48,371 INFO  datanode.InitDatanodeState (InitDatanodeState.java:persistContainerDatanodeDetails(140)) - DatanodeDetails is persisted to /workdir/hadoop-ozone/integration-test/target/test-dir/MiniOzoneClusterImpl-2c49b900-e545-42f2-ab59-957038006ec1/datanode-6/meta/datanode.id
2019-08-20 14:34:49,067 INFO  ozoneimpl.OzoneContainer (OzoneContainer.java:start(186)) - Attempting to start container services.
2019-08-20 14:34:49,070 INFO  ozoneimpl.OzoneContainer (OzoneContainer.java:startContainerScrub(160)) - Background container scrubber has been disabled by hdds.containerscrub.enabled
2019-08-20 14:34:49,071 INFO  ratis.XceiverServerRatis (XceiverServerRatis.java:start(404)) - Starting XceiverServerRatis a171a0bd-9f3d-4ada-ada0-3f45c6427efc at port 0
2019-08-20 14:34:49,076 INFO  impl.RaftServerProxy (RaftServerProxy.java:lambda$start$3(299)) - a171a0bd-9f3d-4ada-ada0-3f45c6427efc: start RPC server
2019-08-20 14:34:49,077 INFO  server.GrpcService (GrpcService.java:startImpl(149)) - a171a0bd-9f3d-4ada-ada0-3f45c6427efc: GrpcService started, listening on 0.0.0.0/0.0.0.0:45701
2019-08-20 14:34:49,077 INFO  ratis.XceiverServerRatis (XceiverServerRatis.java:start(414)) - XceiverServerRatis a171a0bd-9f3d-4ada-ada0-3f45c6427efc is started using port 45701
2019-08-20 14:34:49,078 INFO  server.XceiverServerGrpc (XceiverServerGrpc.java:start(161)) - XceiverServerGrpc a171a0bd-9f3d-4ada-ada0-3f45c6427efc is started using port 35308
2019-08-20 14:34:49,246 INFO  ozoneimpl.OzoneContainer (OzoneContainer.java:start(186)) - Attempting to start container services.
2019-08-20 14:34:49,253 INFO  ozoneimpl.OzoneContainer (OzoneContainer.java:startContainerScrub(160)) - Background container scrubber has been disabled by hdds.containerscrub.enabled
2019-08-20 14:34:49,253 INFO  ratis.XceiverServerRatis (XceiverServerRatis.java:start(404)) - Starting XceiverServerRatis 8244ffb0-534d-43b0-a5dd-4dd678a1ccce at port 0
2019-08-20 14:34:49,258 INFO  impl.RaftServerProxy (RaftServerProxy.java:lambda$start$3(299)) - 8244ffb0-534d-43b0-a5dd-4dd678a1ccce: start RPC server
2019-08-20 14:34:49,259 INFO  server.GrpcService (GrpcService.java:startImpl(149)) - 8244ffb0-534d-43b0-a5dd-4dd678a1ccce: GrpcService started, listening on 0.0.0.0/0.0.0.0:44665
2019-08-20 14:34:49,260 INFO  ratis.XceiverServerRatis (XceiverServerRatis.java:start(414)) - XceiverServerRatis 8244ffb0-534d-43b0-a5dd-4dd678a1ccce is started using port 44665
2019-08-20 14:34:49,260 INFO  server.XceiverServerGrpc (XceiverServerGrpc.java:start(161)) - XceiverServerGrpc 8244ffb0-534d-43b0-a5dd-4dd678a1ccce is started using port 43036
2019-08-20 14:34:49,369 INFO  ozone.MiniOzoneClusterImpl (MiniOzoneClusterImpl.java:lambda$waitForClusterToBeReady$0(142)) - Waiting for cluster to be ready. Got 0 of 7 DN Heartbeats.
2019-08-20 14:34:49,628 INFO  ozoneimpl.OzoneContainer (OzoneContainer.java:start(186)) - Attempting to start container services.
2019-08-20 14:34:49,628 INFO  ozoneimpl.OzoneContainer (OzoneContainer.java:startContainerScrub(160)) - Background container scrubber has been disabled by hdds.containerscrub.enabled
2019-08-20 14:34:49,628 INFO  ratis.XceiverServerRatis (XceiverServerRatis.java:start(404)) - Starting XceiverServerRatis 67082b76-8d62-40bb-96ea-e7986b2b1c64 at port 0
2019-08-20 14:34:49,633 INFO  impl.RaftServerProxy (RaftServerProxy.java:lambda$start$3(299)) - 67082b76-8d62-40bb-96ea-e7986b2b1c64: start RPC server
2019-08-20 14:34:49,638 INFO  server.GrpcService (GrpcService.java:startImpl(149)) - 67082b76-8d62-40bb-96ea-e7986b2b1c64: GrpcService started, listening on 0.0.0.0/0.0.0.0:37743
2019-08-20 14:34:49,639 INFO  ratis.XceiverServerRatis (XceiverServerRatis.java:start(414)) - XceiverServerRatis 67082b76-8d62-40bb-96ea-e7986b2b1c64 is started using port 37743
2019-08-20 14:34:49,644 INFO  server.XceiverServerGrpc (XceiverServerGrpc.java:start(161)) - XceiverServerGrpc 67082b76-8d62-40bb-96ea-e7986b2b1c64 is started using port 43180
2019-08-20 14:34:49,837 INFO  ozoneimpl.OzoneContainer (OzoneContainer.java:start(186)) - Attempting to start container services.
2019-08-20 14:34:49,837 INFO  ozoneimpl.OzoneContainer (OzoneContainer.java:startContainerScrub(160)) - Background container scrubber has been disabled by hdds.containerscrub.enabled
2019-08-20 14:34:49,838 INFO  ratis.XceiverServerRatis (XceiverServerRatis.java:start(404)) - Starting XceiverServerRatis 078ae558-aba9-4dbf-9250-ea4c71781868 at port 0
2019-08-20 14:34:49,843 INFO  impl.RaftServerProxy (RaftServerProxy.java:lambda$start$3(299)) - 078ae558-aba9-4dbf-9250-ea4c71781868: start RPC server
2019-08-20 14:34:49,844 INFO  server.GrpcService (GrpcService.java:startImpl(149)) - 078ae558-aba9-4dbf-9250-ea4c71781868: GrpcService started, listening on 0.0.0.0/0.0.0.0:46209
2019-08-20 14:34:49,844 INFO  ratis.XceiverServerRatis (XceiverServerRatis.java:start(414)) - XceiverServerRatis 078ae558-aba9-4dbf-9250-ea4c71781868 is started using port 46209
2019-08-20 14:34:49,847 INFO  server.XceiverServerGrpc (XceiverServerGrpc.java:start(161)) - XceiverServerGrpc 078ae558-aba9-4dbf-9250-ea4c71781868 is started using port 35980
2019-08-20 14:34:50,009 INFO  ozoneimpl.OzoneContainer (OzoneContainer.java:start(186)) - Attempting to start container services.
2019-08-20 14:34:50,009 INFO  ozoneimpl.OzoneContainer (OzoneContainer.java:startContainerScrub(160)) - Background container scrubber has been disabled by hdds.containerscrub.enabled
2019-08-20 14:34:50,009 INFO  ratis.XceiverServerRatis (XceiverServerRatis.java:start(404)) - Starting XceiverServerRatis a3d8aab6-9afb-4f8a-80a1-67a307609e9b at port 0
2019-08-20 14:34:50,013 INFO  impl.RaftServerProxy (RaftServerProxy.java:lambda$start$3(299)) - a3d8aab6-9afb-4f8a-80a1-67a307609e9b: start RPC server
2019-08-20 14:34:50,013 INFO  server.GrpcService (GrpcService.java:startImpl(149)) - a3d8aab6-9afb-4f8a-80a1-67a307609e9b: GrpcService started, listening on 0.0.0.0/0.0.0.0:38021
2019-08-20 14:34:50,014 INFO  ratis.XceiverServerRatis (XceiverServerRatis.java:start(414)) - XceiverServerRatis a3d8aab6-9afb-4f8a-80a1-67a307609e9b is started using port 38021
2019-08-20 14:34:50,014 INFO  server.XceiverServerGrpc (XceiverServerGrpc.java:start(161)) - XceiverServerGrpc a3d8aab6-9afb-4f8a-80a1-67a307609e9b is started using port 39820
2019-08-20 14:34:50,190 INFO  ozoneimpl.OzoneContainer (OzoneContainer.java:start(186)) - Attempting to start container services.
2019-08-20 14:34:50,190 INFO  ozoneimpl.OzoneContainer (OzoneContainer.java:startContainerScrub(160)) - Background container scrubber has been disabled by hdds.containerscrub.enabled
2019-08-20 14:34:50,191 INFO  ratis.XceiverServerRatis (XceiverServerRatis.java:start(404)) - Starting XceiverServerRatis 4f4b4c2b-9891-494a-a853-d1ce74a38e78 at port 0
2019-08-20 14:34:50,196 INFO  impl.RaftServerProxy (RaftServerProxy.java:lambda$start$3(299)) - 4f4b4c2b-9891-494a-a853-d1ce74a38e78: start RPC server
2019-08-20 14:34:50,197 INFO  server.GrpcService (GrpcService.java:startImpl(149)) - 4f4b4c2b-9891-494a-a853-d1ce74a38e78: GrpcService started, listening on 0.0.0.0/0.0.0.0:40054
2019-08-20 14:34:50,197 INFO  ratis.XceiverServerRatis (XceiverServerRatis.java:start(414)) - XceiverServerRatis 4f4b4c2b-9891-494a-a853-d1ce74a38e78 is started using port 40054
2019-08-20 14:34:50,201 INFO  server.XceiverServerGrpc (XceiverServerGrpc.java:start(161)) - XceiverServerGrpc 4f4b4c2b-9891-494a-a853-d1ce74a38e78 is started using port 43491
2019-08-20 14:34:50,370 INFO  ozone.MiniOzoneClusterImpl (MiniOzoneClusterImpl.java:lambda$waitForClusterToBeReady$0(142)) - Waiting for cluster to be ready. Got 0 of 7 DN Heartbeats.
2019-08-20 14:34:50,383 INFO  ozoneimpl.OzoneContainer (OzoneContainer.java:start(186)) - Attempting to start container services.
2019-08-20 14:34:50,384 INFO  ozoneimpl.OzoneContainer (OzoneContainer.java:startContainerScrub(160)) - Background container scrubber has been disabled by hdds.containerscrub.enabled
2019-08-20 14:34:50,384 INFO  ratis.XceiverServerRatis (XceiverServerRatis.java:start(404)) - Starting XceiverServerRatis bd3c3b78-9258-428f-be50-30c126e2ade0 at port 0
2019-08-20 14:34:50,390 INFO  impl.RaftServerProxy (RaftServerProxy.java:lambda$start$3(299)) - bd3c3b78-9258-428f-be50-30c126e2ade0: start RPC server
2019-08-20 14:34:50,393 INFO  server.GrpcService (GrpcService.java:startImpl(149)) - bd3c3b78-9258-428f-be50-30c126e2ade0: GrpcService started, listening on 0.0.0.0/0.0.0.0:44777
2019-08-20 14:34:50,393 INFO  ratis.XceiverServerRatis (XceiverServerRatis.java:start(414)) - XceiverServerRatis bd3c3b78-9258-428f-be50-30c126e2ade0 is started using port 44777
2019-08-20 14:34:50,395 INFO  server.XceiverServerGrpc (XceiverServerGrpc.java:start(161)) - XceiverServerGrpc bd3c3b78-9258-428f-be50-30c126e2ade0 is started using port 44782
2019-08-20 14:34:51,036 INFO  net.NetworkTopology (NetworkTopologyImpl.java:add(110)) - Added a new node: /default-rack/a171a0bd-9f3d-4ada-ada0-3f45c6427efc
2019-08-20 14:34:51,039 INFO  node.SCMNodeManager (SCMNodeManager.java:register(273)) - Registered Data node : a171a0bd-9f3d-4ada-ada0-3f45c6427efc{ip: 192.168.5.159, host: pr-hdds-1948-qmvbp-2153692187, networkLocation: /default-rack, certSerialId: null}
2019-08-20 14:34:51,039 INFO  safemode.SCMSafeModeManager (DataNodeSafeModeRule.java:process(71)) - SCM in safe mode. 1 DataNodes registered, 1 required.
2019-08-20 14:34:51,042 INFO  safemode.SCMSafeModeManager (SCMSafeModeManager.java:validateSafeModeExitRules(177)) - ScmSafeModeManager, all rules are successfully validated
2019-08-20 14:34:51,042 INFO  safemode.SCMSafeModeManager (SCMSafeModeManager.java:exitSafeMode(193)) - SCM exiting safe mode.
2019-08-20 14:34:51,055 INFO  impl.RaftServerProxy (RaftServerProxy.java:addNew(89)) - a171a0bd-9f3d-4ada-ada0-3f45c6427efc: addNew group-FAEEDD7A7A45:[a171a0bd-9f3d-4ada-ada0-3f45c6427efc:192.168.5.159:45701] returns group-FAEEDD7A7A45:java.util.concurrent.CompletableFuture@34429ccf[Not completed]
2019-08-20 14:34:51,057 INFO  impl.RaftServerImpl (RaftServerImpl.java:<init>(93)) - a171a0bd-9f3d-4ada-ada0-3f45c6427efc: new RaftServerImpl for group-FAEEDD7A7A45:[a171a0bd-9f3d-4ada-ada0-3f45c6427efc:192.168.5.159:45701] with ContainerStateMachine:uninitialized
2019-08-20 14:34:51,057 INFO  server.RaftServerConfigKeys (ConfUtils.java:logGet(43)) - raft.server.rpc.timeout.min = 5s (custom)
2019-08-20 14:34:51,057 INFO  server.RaftServerConfigKeys (ConfUtils.java:logGet(43)) - raft.server.rpc.timeout.max = 5200ms (custom)
2019-08-20 14:34:51,057 INFO  server.RaftServerConfigKeys (ConfUtils.java:logGet(43)) - raft.server.rpcslowness.timeout = 120s (custom)
2019-08-20 14:34:51,058 INFO  server.RaftServerConfigKeys (ConfUtils.java:logGet(43)) - raft.server.sleep.deviation.threshold = 300 (default)
2019-08-20 14:34:51,058 INFO  server.RaftServerConfigKeys (ConfUtils.java:logGet(43)) - raft.server.log.appender.install.snapshot.enabled = false (custom)
2019-08-20 14:34:51,058 INFO  impl.RaftServerImpl (ServerState.java:<init>(105)) - a171a0bd-9f3d-4ada-ada0-3f45c6427efc:group-FAEEDD7A7A45 ConfigurationManager, init=-1: [a171a0bd-9f3d-4ada-ada0-3f45c6427efc:192.168.5.159:45701], old=null, confs=<EMPTY_MAP>
2019-08-20 14:34:51,058 INFO  server.RaftServerConfigKeys (ConfUtils.java:logGet(43)) - raft.server.storage.dir = [/workdir/hadoop-ozone/integration-test/target/test-dir/MiniOzoneClusterImpl-2c49b900-e545-42f2-ab59-957038006ec1/datanode-0/data/ratis] (custom)
2019-08-20 14:34:51,058 INFO  storage.RaftStorageDirectory (RaftStorageDirectory.java:analyzeStorage(246)) - The storage directory /workdir/hadoop-ozone/integration-test/target/test-dir/MiniOzoneClusterImpl-2c49b900-e545-42f2-ab59-957038006ec1/datanode-0/data/ratis/804e92f1-15cb-402c-9a93-faeedd7a7a45 does not exist. Creating ...
2019-08-20 14:34:51,071 INFO  storage.RaftStorageDirectory (RaftStorageDirectory.java:tryLock(328)) - Lock on /workdir/hadoop-ozone/integration-test/target/test-dir/MiniOzoneClusterImpl-2c49b900-e545-42f2-ab59-957038006ec1/datanode-0/data/ratis/804e92f1-15cb-402c-9a93-faeedd7a7a45/in_use.lock acquired by nodename 22532@pr-hdds-1948-qmvbp-2153692187
2019-08-20 14:34:51,084 INFO  storage.RaftStorage (RaftStorage.java:format(72)) - Storage directory /workdir/hadoop-ozone/integration-test/target/test-dir/MiniOzoneClusterImpl-2c49b900-e545-42f2-ab59-957038006ec1/datanode-0/data/ratis/804e92f1-15cb-402c-9a93-faeedd7a7a45 has been successfully formatted.
2019-08-20 14:34:51,084 INFO  ratis.ContainerStateMachine (ContainerStateMachine.java:loadSnapshot(222)) - group-FAEEDD7A7A45: The snapshot info is null. Setting the last applied indexto:(t:0, i:~)
2019-08-20 14:34:51,084 INFO  server.RaftServerConfigKeys (ConfUtils.java:logGet(43)) - raft.server.leader.election.timeout = 120s (custom)
2019-08-20 14:34:51,084 INFO  server.RaftServerConfigKeys (ConfUtils.java:logGet(43)) - raft.server.log.use.memory = false (default)
2019-08-20 14:34:51,085 INFO  server.RaftServerConfigKeys (ConfUtils.java:logGet(43)) - raft.server.log.purge.gap = 1000000000 (custom)
2019-08-20 14:34:51,085 INFO  server.RaftServerConfigKeys (ConfUtils.java:logGet(43)) - raft.server.log.appender.buffer.byte-limit = 33554432 (custom)
2019-08-20 14:34:51,085 INFO  server.RaftServerConfigKeys (ConfUtils.java:logGet(43)) - raft.server.log.segment.size.max = 1048576 (custom)
2019-08-20 14:34:51,085 INFO  server.RaftServerConfigKeys (ConfUtils.java:logGet(43)) - raft.server.log.segment.cache.num.max = 2 (custom)
2019-08-20 14:34:51,085 INFO  segmented.SegmentedRaftLogWorker (SegmentedRaftLogWorker.java:<init>(172)) - new a171a0bd-9f3d-4ada-ada0-3f45c6427efc-SegmentedRaftLogWorker:Storage Directory /workdir/hadoop-ozone/integration-test/target/test-dir/MiniOzoneClusterImpl-2c49b900-e545-42f2-ab59-957038006ec1/datanode-0/data/ratis/804e92f1-15cb-402c-9a93-faeedd7a7a45 for RaftStorage:Storage Directory /workdir/hadoop-ozone/integration-test/target/test-dir/MiniOzoneClusterImpl-2c49b900-e545-42f2-ab59-957038006ec1/datanode-0/data/ratis/804e92f1-15cb-402c-9a93-faeedd7a7a45
2019-08-20 14:34:51,086 INFO  server.RaftServerConfigKeys (ConfUtils.java:logGet(43)) - raft.server.log.queue.byte-limit = 2147483647 (custom)
2019-08-20 14:34:51,086 INFO  server.RaftServerConfigKeys (ConfUtils.java:logGet(43)) - raft.server.log.queue.element-limit = 1024 (custom)
2019-08-20 14:34:51,086 INFO  server.RaftServerConfigKeys (ConfUtils.java:logGet(43)) - raft.server.log.segment.size.max = 1048576 (custom)
2019-08-20 14:34:51,087 INFO  server.RaftServerConfigKeys (ConfUtils.java:logGet(43)) - raft.server.log.preallocated.size = 16384 (custom)
2019-08-20 14:34:51,087 INFO  server.RaftServerConfigKeys (ConfUtils.java:logGet(43)) - raft.server.log.write.buffer.size = 33554432 (custom)
2019-08-20 14:34:51,087 INFO  server.RaftServerConfigKeys (ConfUtils.java:logGet(43)) - raft.server.log.force.sync.num = 128 (default)
2019-08-20 14:34:51,087 INFO  server.RaftServerConfigKeys (ConfUtils.java:logGet(43)) - raft.server.log.statemachine.data.sync = true (default)
2019-08-20 14:34:51,088 INFO  server.RaftServerConfigKeys (ConfUtils.java:logGet(43)) - raft.server.log.statemachine.data.sync.timeout = 10s (default)
2019-08-20 14:34:51,088 INFO  server.RaftServerConfigKeys (ConfUtils.java:logGet(43)) - raft.server.log.statemachine.data.sync.timeout.retry = -1 (default)
2019-08-20 14:34:51,088 INFO  server.RaftServerConfigKeys (ConfUtils.java:logGet(43)) - raft.server.log.statemachine.data.caching.enabled = true (custom)
2019-08-20 14:34:51,089 INFO  segmented.SegmentedRaftLogWorker (SegmentedRaftLogWorker.java:lambda$new$0(132)) - a171a0bd-9f3d-4ada-ada0-3f45c6427efc-SegmentedRaftLogWorker:Storage Directory /workdir/hadoop-ozone/integration-test/target/test-dir/MiniOzoneClusterImpl-2c49b900-e545-42f2-ab59-957038006ec1/datanode-0/data/ratis/804e92f1-15cb-402c-9a93-faeedd7a7a45: flushIndex: setUnconditionally 0 -> -1
2019-08-20 14:34:51,089 INFO  server.RaftServerConfigKeys (ConfUtils.java:logGet(43)) - raft.server.snapshot.auto.trigger.enabled = true (custom)
2019-08-20 14:34:51,089 INFO  server.RaftServerConfigKeys (ConfUtils.java:logGet(43)) - raft.server.snapshot.auto.trigger.threshold = 10000 (custom)
2019-08-20 14:34:51,089 INFO  server.RaftServerConfigKeys (ConfUtils.java:logGet(43)) - raft.server.retrycache.expirytime = 600000ms (custom)
2019-08-20 14:34:51,090 INFO  impl.RaftServerImpl (RaftServerImpl.java:start(180)) - a171a0bd-9f3d-4ada-ada0-3f45c6427efc: start group-FAEEDD7A7A45
2019-08-20 14:34:51,090 INFO  impl.RaftServerImpl (RaftServerImpl.java:setRole(171)) - a171a0bd-9f3d-4ada-ada0-3f45c6427efc:group-FAEEDD7A7A45 changes role from null to FOLLOWER at term 0 for startAsFollower
2019-08-20 14:34:51,090 INFO  impl.RoleInfo (RoleInfo.java:updateAndGet(143)) - a171a0bd-9f3d-4ada-ada0-3f45c6427efc: start FollowerState
2019-08-20 14:34:51,091 INFO  util.JmxRegister (JmxRegister.java:tryRegister(44)) - Successfully registered JMX Bean with object name Ratis:service=RaftServer,group=group-FAEEDD7A7A45,id=a171a0bd-9f3d-4ada-ada0-3f45c6427efc
2019-08-20 14:34:51,098 INFO  pipeline.PipelineStateManager (PipelineStateManager.java:addPipeline(56)) - Created pipeline Pipeline[ Id: 804e92f1-15cb-402c-9a93-faeedd7a7a45, Nodes: a171a0bd-9f3d-4ada-ada0-3f45c6427efc{ip: 192.168.5.159, host: pr-hdds-1948-qmvbp-2153692187, networkLocation: /default-rack, certSerialId: null}, Type:RATIS, Factor:ONE, State:OPEN]
2019-08-20 14:34:51,231 INFO  net.NetworkTopology (NetworkTopologyImpl.java:add(110)) - Added a new node: /default-rack/8244ffb0-534d-43b0-a5dd-4dd678a1ccce
2019-08-20 14:34:51,231 INFO  node.SCMNodeManager (SCMNodeManager.java:register(273)) - Registered Data node : 8244ffb0-534d-43b0-a5dd-4dd678a1ccce{ip: 192.168.5.159, host: pr-hdds-1948-qmvbp-2153692187, networkLocation: /default-rack, certSerialId: null}
2019-08-20 14:34:51,243 INFO  impl.RaftServerProxy (RaftServerProxy.java:addNew(89)) - 8244ffb0-534d-43b0-a5dd-4dd678a1ccce: addNew group-AB66B4F971AD:[8244ffb0-534d-43b0-a5dd-4dd678a1ccce:192.168.5.159:44665] returns group-AB66B4F971AD:java.util.concurrent.CompletableFuture@3f76bf0e[Not completed]
2019-08-20 14:34:51,248 INFO  impl.RaftServerImpl (RaftServerImpl.java:<init>(93)) - 8244ffb0-534d-43b0-a5dd-4dd678a1ccce: new RaftServerImpl for group-AB66B4F971AD:[8244ffb0-534d-43b0-a5dd-4dd678a1ccce:192.168.5.159:44665] with ContainerStateMachine:uninitialized
2019-08-20 14:34:51,249 INFO  server.RaftServerConfigKeys (ConfUtils.java:logGet(43)) - raft.server.rpc.timeout.min = 5s (custom)
2019-08-20 14:34:51,249 INFO  server.RaftServerConfigKeys (ConfUtils.java:logGet(43)) - raft.server.rpc.timeout.max = 5200ms (custom)
2019-08-20 14:34:51,249 INFO  server.RaftServerConfigKeys (ConfUtils.java:logGet(43)) - raft.server.rpcslowness.timeout = 120s (custom)
2019-08-20 14:34:51,249 INFO  server.RaftServerConfigKeys (ConfUtils.java:logGet(43)) - raft.server.sleep.deviation.threshold = 300 (default)
2019-08-20 14:34:51,249 INFO  server.RaftServerConfigKeys (ConfUtils.java:logGet(43)) - raft.server.log.appender.install.snapshot.enabled = false (custom)
2019-08-20 14:34:51,250 INFO  impl.RaftServerImpl (ServerState.java:<init>(105)) - 8244ffb0-534d-43b0-a5dd-4dd678a1ccce:group-AB66B4F971AD ConfigurationManager, init=-1: [8244ffb0-534d-43b0-a5dd-4dd678a1ccce:192.168.5.159:44665], old=null, confs=<EMPTY_MAP>
2019-08-20 14:34:51,250 INFO  server.RaftServerConfigKeys (ConfUtils.java:logGet(43)) - raft.server.storage.dir = [/workdir/hadoop-ozone/integration-test/target/test-dir/MiniOzoneClusterImpl-2c49b900-e545-42f2-ab59-957038006ec1/datanode-1/data/ratis] (custom)
2019-08-20 14:34:51,250 INFO  storage.RaftStorageDirectory (RaftStorageDirectory.java:analyzeStorage(246)) - The storage directory /workdir/hadoop-ozone/integration-test/target/test-dir/MiniOzoneClusterImpl-2c49b900-e545-42f2-ab59-957038006ec1/datanode-1/data/ratis/be517e2d-eb22-4619-8d17-ab66b4f971ad does not exist. Creating ...
2019-08-20 14:34:51,272 INFO  storage.RaftStorageDirectory (RaftStorageDirectory.java:tryLock(328)) - Lock on /workdir/hadoop-ozone/integration-test/target/test-dir/MiniOzoneClusterImpl-2c49b900-e545-42f2-ab59-957038006ec1/datanode-1/data/ratis/be517e2d-eb22-4619-8d17-ab66b4f971ad/in_use.lock acquired by nodename 22532@pr-hdds-1948-qmvbp-2153692187
2019-08-20 14:34:51,292 INFO  storage.RaftStorage (RaftStorage.java:format(72)) - Storage directory /workdir/hadoop-ozone/integration-test/target/test-dir/MiniOzoneClusterImpl-2c49b900-e545-42f2-ab59-957038006ec1/datanode-1/data/ratis/be517e2d-eb22-4619-8d17-ab66b4f971ad has been successfully formatted.
2019-08-20 14:34:51,292 INFO  ratis.ContainerStateMachine (ContainerStateMachine.java:loadSnapshot(222)) - group-AB66B4F971AD: The snapshot info is null. Setting the last applied indexto:(t:0, i:~)
2019-08-20 14:34:51,293 INFO  server.RaftServerConfigKeys (ConfUtils.java:logGet(43)) - raft.server.leader.election.timeout = 120s (custom)
2019-08-20 14:34:51,293 INFO  server.RaftServerConfigKeys (ConfUtils.java:logGet(43)) - raft.server.log.use.memory = false (default)
2019-08-20 14:34:51,293 INFO  server.RaftServerConfigKeys (ConfUtils.java:logGet(43)) - raft.server.log.purge.gap = 1000000000 (custom)
2019-08-20 14:34:51,293 INFO  server.RaftServerConfigKeys (ConfUtils.java:logGet(43)) - raft.server.log.appender.buffer.byte-limit = 33554432 (custom)
2019-08-20 14:34:51,293 INFO  server.RaftServerConfigKeys (ConfUtils.java:logGet(43)) - raft.server.log.segment.size.max = 1048576 (custom)
2019-08-20 14:34:51,293 INFO  server.RaftServerConfigKeys (ConfUtils.java:logGet(43)) - raft.server.log.segment.cache.num.max = 2 (custom)
2019-08-20 14:34:51,293 INFO  segmented.SegmentedRaftLogWorker (SegmentedRaftLogWorker.java:<init>(172)) - new 8244ffb0-534d-43b0-a5dd-4dd678a1ccce-SegmentedRaftLogWorker:Storage Directory /workdir/hadoop-ozone/integration-test/target/test-dir/MiniOzoneClusterImpl-2c49b900-e545-42f2-ab59-957038006ec1/datanode-1/data/ratis/be517e2d-eb22-4619-8d17-ab66b4f971ad for RaftStorage:Storage Directory /workdir/hadoop-ozone/integration-test/target/test-dir/MiniOzoneClusterImpl-2c49b900-e545-42f2-ab59-957038006ec1/datanode-1/data/ratis/be517e2d-eb22-4619-8d17-ab66b4f971ad
2019-08-20 14:34:51,294 INFO  server.RaftServerConfigKeys (ConfUtils.java:logGet(43)) - raft.server.log.queue.byte-limit = 2147483647 (custom)
2019-08-20 14:34:51,294 INFO  server.RaftServerConfigKeys (ConfUtils.java:logGet(43)) - raft.server.log.queue.element-limit = 1024 (custom)
2019-08-20 14:34:51,294 INFO  server.RaftServerConfigKeys (ConfUtils.java:logGet(43)) - raft.server.log.segment.size.max = 1048576 (custom)
2019-08-20 14:34:51,294 INFO  server.RaftServerConfigKeys (ConfUtils.java:logGet(43)) - raft.server.log.preallocated.size = 16384 (custom)
2019-08-20 14:34:51,294 INFO  server.RaftServerConfigKeys (ConfUtils.java:logGet(43)) - raft.server.log.write.buffer.size = 33554432 (custom)
2019-08-20 14:34:51,294 INFO  server.RaftServerConfigKeys (ConfUtils.java:logGet(43)) - raft.server.log.force.sync.num = 128 (default)
2019-08-20 14:34:51,294 INFO  server.RaftServerConfigKeys (ConfUtils.java:logGet(43)) - raft.server.log.statemachine.data.sync = true (default)
2019-08-20 14:34:51,294 INFO  server.RaftServerConfigKeys (ConfUtils.java:logGet(43)) - raft.server.log.statemachine.data.sync.timeout = 10s (default)
2019-08-20 14:34:51,295 INFO  server.RaftServerConfigKeys (ConfUtils.java:logGet(43)) - raft.server.log.statemachine.data.sync.timeout.retry = -1 (default)
2019-08-20 14:34:51,295 INFO  server.RaftServerConfigKeys (ConfUtils.java:logGet(43)) - raft.server.log.statemachine.data.caching.enabled = true (custom)
2019-08-20 14:34:51,295 INFO  segmented.SegmentedRaftLogWorker (SegmentedRaftLogWorker.java:lambda$new$0(132)) - 8244ffb0-534d-43b0-a5dd-4dd678a1ccce-SegmentedRaftLogWorker:Storage Directory /workdir/hadoop-ozone/integration-test/target/test-dir/MiniOzoneClusterImpl-2c49b900-e545-42f2-ab59-957038006ec1/datanode-1/data/ratis/be517e2d-eb22-4619-8d17-ab66b4f971ad: flushIndex: setUnconditionally 0 -> -1
2019-08-20 14:34:51,295 INFO  server.RaftServerConfigKeys (ConfUtils.java:logGet(43)) - raft.server.snapshot.auto.trigger.enabled = true (custom)
2019-08-20 14:34:51,295 INFO  server.RaftServerConfigKeys (ConfUtils.java:logGet(43)) - raft.server.snapshot.auto.trigger.threshold = 10000 (custom)
2019-08-20 14:34:51,296 INFO  server.RaftServerConfigKeys (ConfUtils.java:logGet(43)) - raft.server.retrycache.expirytime = 600000ms (custom)
2019-08-20 14:34:51,296 INFO  impl.RaftServerImpl (RaftServerImpl.java:start(180)) - 8244ffb0-534d-43b0-a5dd-4dd678a1ccce: start group-AB66B4F971AD
2019-08-20 14:34:51,296 INFO  impl.RaftServerImpl (RaftServerImpl.java:setRole(171)) - 8244ffb0-534d-43b0-a5dd-4dd678a1ccce:group-AB66B4F971AD changes role from null to FOLLOWER at term 0 for startAsFollower
2019-08-20 14:34:51,296 INFO  impl.RoleInfo (RoleInfo.java:updateAndGet(143)) - 8244ffb0-534d-43b0-a5dd-4dd678a1ccce: start FollowerState
2019-08-20 14:34:51,296 INFO  util.JmxRegister (JmxRegister.java:tryRegister(44)) - Successfully registered JMX Bean with object name Ratis:service=RaftServer,group=group-AB66B4F971AD,id=8244ffb0-534d-43b0-a5dd-4dd678a1ccce
2019-08-20 14:34:51,301 INFO  pipeline.PipelineStateManager (PipelineStateManager.java:addPipeline(56)) - Created pipeline Pipeline[ Id: be517e2d-eb22-4619-8d17-ab66b4f971ad, Nodes: 8244ffb0-534d-43b0-a5dd-4dd678a1ccce{ip: 192.168.5.159, host: pr-hdds-1948-qmvbp-2153692187, networkLocation: /default-rack, certSerialId: null}, Type:RATIS, Factor:ONE, State:OPEN]
2019-08-20 14:34:51,370 INFO  ozone.MiniOzoneClusterImpl (MiniOzoneClusterImpl.java:lambda$waitForClusterToBeReady$0(142)) - Waiting for cluster to be ready. Got 2 of 7 DN Heartbeats.
2019-08-20 14:34:51,607 INFO  net.NetworkTopology (NetworkTopologyImpl.java:add(110)) - Added a new node: /default-rack/67082b76-8d62-40bb-96ea-e7986b2b1c64
2019-08-20 14:34:51,608 INFO  node.SCMNodeManager (SCMNodeManager.java:register(273)) - Registered Data node : 67082b76-8d62-40bb-96ea-e7986b2b1c64{ip: 192.168.5.159, host: pr-hdds-1948-qmvbp-2153692187, networkLocation: /default-rack, certSerialId: null}
2019-08-20 14:34:51,623 INFO  impl.RaftServerProxy (RaftServerProxy.java:addNew(89)) - 67082b76-8d62-40bb-96ea-e7986b2b1c64: addNew group-2B172E9380A1:[67082b76-8d62-40bb-96ea-e7986b2b1c64:192.168.5.159:37743] returns group-2B172E9380A1:java.util.concurrent.CompletableFuture@ceb3aaf[Not completed]
2019-08-20 14:34:51,630 INFO  impl.RaftServerImpl (RaftServerImpl.java:<init>(93)) - 67082b76-8d62-40bb-96ea-e7986b2b1c64: new RaftServerImpl for group-2B172E9380A1:[67082b76-8d62-40bb-96ea-e7986b2b1c64:192.168.5.159:37743] with ContainerStateMachine:uninitialized
2019-08-20 14:34:51,631 INFO  server.RaftServerConfigKeys (ConfUtils.java:logGet(43)) - raft.server.rpc.timeout.min = 5s (custom)
2019-08-20 14:34:51,631 INFO  server.RaftServerConfigKeys (ConfUtils.java:logGet(43)) - raft.server.rpc.timeout.max = 5200ms (custom)
2019-08-20 14:34:51,631 INFO  server.RaftServerConfigKeys (ConfUtils.java:logGet(43)) - raft.server.rpcslowness.timeout = 120s (custom)
2019-08-20 14:34:51,631 INFO  server.RaftServerConfigKeys (ConfUtils.java:logGet(43)) - raft.server.sleep.deviation.threshold = 300 (default)
2019-08-20 14:34:51,631 INFO  server.RaftServerConfigKeys (ConfUtils.java:logGet(43)) - raft.server.log.appender.install.snapshot.enabled = false (custom)
2019-08-20 14:34:51,632 INFO  impl.RaftServerImpl (ServerState.java:<init>(105)) - 67082b76-8d62-40bb-96ea-e7986b2b1c64:group-2B172E9380A1 ConfigurationManager, init=-1: [67082b76-8d62-40bb-96ea-e7986b2b1c64:192.168.5.159:37743], old=null, confs=<EMPTY_MAP>
2019-08-20 14:34:51,632 INFO  server.RaftServerConfigKeys (ConfUtils.java:logGet(43)) - raft.server.storage.dir = [/workdir/hadoop-ozone/integration-test/target/test-dir/MiniOzoneClusterImpl-2c49b900-e545-42f2-ab59-957038006ec1/datanode-2/data/ratis] (custom)
2019-08-20 14:34:51,633 INFO  storage.RaftStorageDirectory (RaftStorageDirectory.java:analyzeStorage(246)) - The storage directory /workdir/hadoop-ozone/integration-test/target/test-dir/MiniOzoneClusterImpl-2c49b900-e545-42f2-ab59-957038006ec1/datanode-2/data/ratis/eda5fa4b-66ec-447c-96a9-2b172e9380a1 does not exist. Creating ...
2019-08-20 14:34:51,645 INFO  storage.RaftStorageDirectory (RaftStorageDirectory.java:tryLock(328)) - Lock on /workdir/hadoop-ozone/integration-test/target/test-dir/MiniOzoneClusterImpl-2c49b900-e545-42f2-ab59-957038006ec1/datanode-2/data/ratis/eda5fa4b-66ec-447c-96a9-2b172e9380a1/in_use.lock acquired by nodename 22532@pr-hdds-1948-qmvbp-2153692187
2019-08-20 14:34:51,658 INFO  storage.RaftStorage (RaftStorage.java:format(72)) - Storage directory /workdir/hadoop-ozone/integration-test/target/test-dir/MiniOzoneClusterImpl-2c49b900-e545-42f2-ab59-957038006ec1/datanode-2/data/ratis/eda5fa4b-66ec-447c-96a9-2b172e9380a1 has been successfully formatted.
2019-08-20 14:34:51,658 INFO  ratis.ContainerStateMachine (ContainerStateMachine.java:loadSnapshot(222)) - group-2B172E9380A1: The snapshot info is null. Setting the last applied indexto:(t:0, i:~)
2019-08-20 14:34:51,659 INFO  server.RaftServerConfigKeys (ConfUtils.java:logGet(43)) - raft.server.leader.election.timeout = 120s (custom)
2019-08-20 14:34:51,659 INFO  server.RaftServerConfigKeys (ConfUtils.java:logGet(43)) - raft.server.log.use.memory = false (default)
2019-08-20 14:34:51,659 INFO  server.RaftServerConfigKeys (ConfUtils.java:logGet(43)) - raft.server.log.purge.gap = 1000000000 (custom)
2019-08-20 14:34:51,659 INFO  server.RaftServerConfigKeys (ConfUtils.java:logGet(43)) - raft.server.log.appender.buffer.byte-limit = 33554432 (custom)
2019-08-20 14:34:51,659 INFO  server.RaftServerConfigKeys (ConfUtils.java:logGet(43)) - raft.server.log.segment.size.max = 1048576 (custom)
2019-08-20 14:34:51,659 INFO  server.RaftServerConfigKeys (ConfUtils.java:logGet(43)) - raft.server.log.segment.cache.num.max = 2 (custom)
2019-08-20 14:34:51,659 INFO  segmented.SegmentedRaftLogWorker (SegmentedRaftLogWorker.java:<init>(172)) - new 67082b76-8d62-40bb-96ea-e7986b2b1c64-SegmentedRaftLogWorker:Storage Directory /workdir/hadoop-ozone/integration-test/target/test-dir/MiniOzoneClusterImpl-2c49b900-e545-42f2-ab59-957038006ec1/datanode-2/data/ratis/eda5fa4b-66ec-447c-96a9-2b172e9380a1 for RaftStorage:Storage Directory /workdir/hadoop-ozone/integration-test/target/test-dir/MiniOzoneClusterImpl-2c49b900-e545-42f2-ab59-957038006ec1/datanode-2/data/ratis/eda5fa4b-66ec-447c-96a9-2b172e9380a1
2019-08-20 14:34:51,659 INFO  server.RaftServerConfigKeys (ConfUtils.java:logGet(43)) - raft.server.log.queue.byte-limit = 2147483647 (custom)
2019-08-20 14:34:51,660 INFO  server.RaftServerConfigKeys (ConfUtils.java:logGet(43)) - raft.server.log.queue.element-limit = 1024 (custom)
2019-08-20 14:34:51,660 INFO  server.RaftServerConfigKeys (ConfUtils.java:logGet(43)) - raft.server.log.segment.size.max = 1048576 (custom)
2019-08-20 14:34:51,660 INFO  server.RaftServerConfigKeys (ConfUtils.java:logGet(43)) - raft.server.log.preallocated.size = 16384 (custom)
2019-08-20 14:34:51,660 INFO  server.RaftServerConfigKeys (ConfUtils.java:logGet(43)) - raft.server.log.write.buffer.size = 33554432 (custom)
2019-08-20 14:34:51,660 INFO  server.RaftServerConfigKeys (ConfUtils.java:logGet(43)) - raft.server.log.force.sync.num = 128 (default)
2019-08-20 14:34:51,660 INFO  server.RaftServerConfigKeys (ConfUtils.java:logGet(43)) - raft.server.log.statemachine.data.sync = true (default)
2019-08-20 14:34:51,661 INFO  server.RaftServerConfigKeys (ConfUtils.java:logGet(43)) - raft.server.log.statemachine.data.sync.timeout = 10s (default)
2019-08-20 14:34:51,661 INFO  server.RaftServerConfigKeys (ConfUtils.java:logGet(43)) - raft.server.log.statemachine.data.sync.timeout.retry = -1 (default)
2019-08-20 14:34:51,661 INFO  server.RaftServerConfigKeys (ConfUtils.java:logGet(43)) - raft.server.log.statemachine.data.caching.enabled = true (custom)
2019-08-20 14:34:51,661 INFO  segmented.SegmentedRaftLogWorker (SegmentedRaftLogWorker.java:lambda$new$0(132)) - 67082b76-8d62-40bb-96ea-e7986b2b1c64-SegmentedRaftLogWorker:Storage Directory /workdir/hadoop-ozone/integration-test/target/test-dir/MiniOzoneClusterImpl-2c49b900-e545-42f2-ab59-957038006ec1/datanode-2/data/ratis/eda5fa4b-66ec-447c-96a9-2b172e9380a1: flushIndex: setUnconditionally 0 -> -1
2019-08-20 14:34:51,662 INFO  server.RaftServerConfigKeys (ConfUtils.java:logGet(43)) - raft.server.snapshot.auto.trigger.enabled = true (custom)
2019-08-20 14:34:51,662 INFO  server.RaftServerConfigKeys (ConfUtils.java:logGet(43)) - raft.server.snapshot.auto.trigger.threshold = 10000 (custom)
2019-08-20 14:34:51,662 INFO  server.RaftServerConfigKeys (ConfUtils.java:logGet(43)) - raft.server.retrycache.expirytime = 600000ms (custom)
2019-08-20 14:34:51,662 INFO  impl.RaftServerImpl (RaftServerImpl.java:start(180)) - 67082b76-8d62-40bb-96ea-e7986b2b1c64: start group-2B172E9380A1
2019-08-20 14:34:51,662 INFO  impl.RaftServerImpl (RaftServerImpl.java:setRole(171)) - 67082b76-8d62-40bb-96ea-e7986b2b1c64:group-2B172E9380A1 changes role from null to FOLLOWER at term 0 for startAsFollower
2019-08-20 14:34:51,662 INFO  impl.RoleInfo (RoleInfo.java:updateAndGet(143)) - 67082b76-8d62-40bb-96ea-e7986b2b1c64: start FollowerState
2019-08-20 14:34:51,663 INFO  util.JmxRegister (JmxRegister.java:tryRegister(44)) - Successfully registered JMX Bean with object name Ratis:service=RaftServer,group=group-2B172E9380A1,id=67082b76-8d62-40bb-96ea-e7986b2b1c64
2019-08-20 14:34:51,669 INFO  pipeline.PipelineStateManager (PipelineStateManager.java:addPipeline(56)) - Created pipeline Pipeline[ Id: eda5fa4b-66ec-447c-96a9-2b172e9380a1, Nodes: 67082b76-8d62-40bb-96ea-e7986b2b1c64{ip: 192.168.5.159, host: pr-hdds-1948-qmvbp-2153692187, networkLocation: /default-rack, certSerialId: null}, Type:RATIS, Factor:ONE, State:OPEN]
2019-08-20 14:34:51,690 INFO  impl.RaftServerProxy (RaftServerProxy.java:addNew(89)) - 8244ffb0-534d-43b0-a5dd-4dd678a1ccce: addNew group-1B39324019A1:[8244ffb0-534d-43b0-a5dd-4dd678a1ccce:192.168.5.159:44665, a171a0bd-9f3d-4ada-ada0-3f45c6427efc:192.168.5.159:45701, 67082b76-8d62-40bb-96ea-e7986b2b1c64:192.168.5.159:37743] returns group-1B39324019A1:java.util.concurrent.CompletableFuture@59a7bb82[Not completed]
2019-08-20 14:34:51,691 INFO  impl.RaftServerProxy (RaftServerProxy.java:addNew(89)) - a171a0bd-9f3d-4ada-ada0-3f45c6427efc: addNew group-1B39324019A1:[8244ffb0-534d-43b0-a5dd-4dd678a1ccce:192.168.5.159:44665, a171a0bd-9f3d-4ada-ada0-3f45c6427efc:192.168.5.159:45701, 67082b76-8d62-40bb-96ea-e7986b2b1c64:192.168.5.159:37743] returns group-1B39324019A1:java.util.concurrent.CompletableFuture@e53fe45[Not completed]
2019-08-20 14:34:51,692 INFO  impl.RaftServerProxy (RaftServerProxy.java:addNew(89)) - 67082b76-8d62-40bb-96ea-e7986b2b1c64: addNew group-1B39324019A1:[8244ffb0-534d-43b0-a5dd-4dd678a1ccce:192.168.5.159:44665, a171a0bd-9f3d-4ada-ada0-3f45c6427efc:192.168.5.159:45701, 67082b76-8d62-40bb-96ea-e7986b2b1c64:192.168.5.159:37743] returns group-1B39324019A1:java.util.concurrent.CompletableFuture@13b00ebf[Not completed]
2019-08-20 14:34:51,692 INFO  impl.RaftServerImpl (RaftServerImpl.java:<init>(93)) - 8244ffb0-534d-43b0-a5dd-4dd678a1ccce: new RaftServerImpl for group-1B39324019A1:[8244ffb0-534d-43b0-a5dd-4dd678a1ccce:192.168.5.159:44665, a171a0bd-9f3d-4ada-ada0-3f45c6427efc:192.168.5.159:45701, 67082b76-8d62-40bb-96ea-e7986b2b1c64:192.168.5.159:37743] with ContainerStateMachine:uninitialized
2019-08-20 14:34:51,693 INFO  server.RaftServerConfigKeys (ConfUtils.java:logGet(43)) - raft.server.rpc.timeout.min = 5s (custom)
2019-08-20 14:34:51,693 INFO  server.RaftServerConfigKeys (ConfUtils.java:logGet(43)) - raft.server.rpc.timeout.max = 5200ms (custom)
2019-08-20 14:34:51,693 INFO  server.RaftServerConfigKeys (ConfUtils.java:logGet(43)) - raft.server.rpcslowness.timeout = 120s (custom)
2019-08-20 14:34:51,693 INFO  server.RaftServerConfigKeys (ConfUtils.java:logGet(43)) - raft.server.sleep.deviation.threshold = 300 (default)
2019-08-20 14:34:51,693 INFO  server.RaftServerConfigKeys (ConfUtils.java:logGet(43)) - raft.server.log.appender.install.snapshot.enabled = false (custom)
2019-08-20 14:34:51,693 INFO  impl.RaftServerImpl (RaftServerImpl.java:<init>(93)) - 67082b76-8d62-40bb-96ea-e7986b2b1c64: new RaftServerImpl for group-1B39324019A1:[8244ffb0-534d-43b0-a5dd-4dd678a1ccce:192.168.5.159:44665, a171a0bd-9f3d-4ada-ada0-3f45c6427efc:192.168.5.159:45701, 67082b76-8d62-40bb-96ea-e7986b2b1c64:192.168.5.159:37743] with ContainerStateMachine:uninitialized
2019-08-20 14:34:51,693 INFO  impl.RaftServerImpl (ServerState.java:<init>(105)) - 8244ffb0-534d-43b0-a5dd-4dd678a1ccce:group-1B39324019A1 ConfigurationManager, init=-1: [8244ffb0-534d-43b0-a5dd-4dd678a1ccce:192.168.5.159:44665, a171a0bd-9f3d-4ada-ada0-3f45c6427efc:192.168.5.159:45701, 67082b76-8d62-40bb-96ea-e7986b2b1c64:192.168.5.159:37743], old=null, confs=<EMPTY_MAP>
2019-08-20 14:34:51,693 INFO  server.RaftServerConfigKeys (ConfUtils.java:logGet(43)) - raft.server.rpc.timeout.min = 5s (custom)
2019-08-20 14:34:51,693 INFO  server.RaftServerConfigKeys (ConfUtils.java:logGet(43)) - raft.server.storage.dir = [/workdir/hadoop-ozone/integration-test/target/test-dir/MiniOzoneClusterImpl-2c49b900-e545-42f2-ab59-957038006ec1/datanode-1/data/ratis] (custom)
2019-08-20 14:34:51,694 INFO  server.RaftServerConfigKeys (ConfUtils.java:logGet(43)) - raft.server.rpc.timeout.max = 5200ms (custom)
2019-08-20 14:34:51,694 INFO  server.RaftServerConfigKeys (ConfUtils.java:logGet(43)) - raft.server.rpcslowness.timeout = 120s (custom)
2019-08-20 14:34:51,694 INFO  storage.RaftStorageDirectory (RaftStorageDirectory.java:analyzeStorage(246)) - The storage directory /workdir/hadoop-ozone/integration-test/target/test-dir/MiniOzoneClusterImpl-2c49b900-e545-42f2-ab59-957038006ec1/datanode-1/data/ratis/13cef8a2-eeb7-4bd6-a183-1b39324019a1 does not exist. Creating ...
2019-08-20 14:34:51,694 INFO  impl.RaftServerImpl (RaftServerImpl.java:<init>(93)) - a171a0bd-9f3d-4ada-ada0-3f45c6427efc: new RaftServerImpl for group-1B39324019A1:[8244ffb0-534d-43b0-a5dd-4dd678a1ccce:192.168.5.159:44665, a171a0bd-9f3d-4ada-ada0-3f45c6427efc:192.168.5.159:45701, 67082b76-8d62-40bb-96ea-e7986b2b1c64:192.168.5.159:37743] with ContainerStateMachine:uninitialized
2019-08-20 14:34:51,694 INFO  server.RaftServerConfigKeys (ConfUtils.java:logGet(43)) - raft.server.sleep.deviation.threshold = 300 (default)
2019-08-20 14:34:51,694 INFO  server.RaftServerConfigKeys (ConfUtils.java:logGet(43)) - raft.server.rpc.timeout.min = 5s (custom)
2019-08-20 14:34:51,694 INFO  server.RaftServerConfigKeys (ConfUtils.java:logGet(43)) - raft.server.log.appender.install.snapshot.enabled = false (custom)
2019-08-20 14:34:51,695 INFO  server.RaftServerConfigKeys (ConfUtils.java:logGet(43)) - raft.server.rpc.timeout.max = 5200ms (custom)
2019-08-20 14:34:51,695 INFO  impl.RaftServerImpl (ServerState.java:<init>(105)) - 67082b76-8d62-40bb-96ea-e7986b2b1c64:group-1B39324019A1 ConfigurationManager, init=-1: [8244ffb0-534d-43b0-a5dd-4dd678a1ccce:192.168.5.159:44665, a171a0bd-9f3d-4ada-ada0-3f45c6427efc:192.168.5.159:45701, 67082b76-8d62-40bb-96ea-e7986b2b1c64:192.168.5.159:37743], old=null, confs=<EMPTY_MAP>
2019-08-20 14:34:51,695 INFO  server.RaftServerConfigKeys (ConfUtils.java:logGet(43)) - raft.server.rpcslowness.timeout = 120s (custom)
2019-08-20 14:34:51,695 INFO  server.RaftServerConfigKeys (ConfUtils.java:logGet(43)) - raft.server.storage.dir = [/workdir/hadoop-ozone/integration-test/target/test-dir/MiniOzoneClusterImpl-2c49b900-e545-42f2-ab59-957038006ec1/datanode-2/data/ratis] (custom)
2019-08-20 14:34:51,695 INFO  server.RaftServerConfigKeys (ConfUtils.java:logGet(43)) - raft.server.sleep.deviation.threshold = 300 (default)
2019-08-20 14:34:51,695 INFO  server.RaftServerConfigKeys (ConfUtils.java:logGet(43)) - raft.server.log.appender.install.snapshot.enabled = false (custom)
2019-08-20 14:34:51,695 INFO  impl.RaftServerImpl (ServerState.java:<init>(105)) - a171a0bd-9f3d-4ada-ada0-3f45c6427efc:group-1B39324019A1 ConfigurationManager, init=-1: [8244ffb0-534d-43b0-a5dd-4dd678a1ccce:192.168.5.159:44665, a171a0bd-9f3d-4ada-ada0-3f45c6427efc:192.168.5.159:45701, 67082b76-8d62-40bb-96ea-e7986b2b1c64:192.168.5.159:37743], old=null, confs=<EMPTY_MAP>
2019-08-20 14:34:51,695 INFO  storage.RaftStorageDirectory (RaftStorageDirectory.java:analyzeStorage(246)) - The storage directory /workdir/hadoop-ozone/integration-test/target/test-dir/MiniOzoneClusterImpl-2c49b900-e545-42f2-ab59-957038006ec1/datanode-2/data/ratis/13cef8a2-eeb7-4bd6-a183-1b39324019a1 does not exist. Creating ...
2019-08-20 14:34:51,695 INFO  server.RaftServerConfigKeys (ConfUtils.java:logGet(43)) - raft.server.storage.dir = [/workdir/hadoop-ozone/integration-test/target/test-dir/MiniOzoneClusterImpl-2c49b900-e545-42f2-ab59-957038006ec1/datanode-0/data/ratis] (custom)
2019-08-20 14:34:51,696 INFO  storage.RaftStorageDirectory (RaftStorageDirectory.java:analyzeStorage(246)) - The storage directory /workdir/hadoop-ozone/integration-test/target/test-dir/MiniOzoneClusterImpl-2c49b900-e545-42f2-ab59-957038006ec1/datanode-0/data/ratis/13cef8a2-eeb7-4bd6-a183-1b39324019a1 does not exist. Creating ...
2019-08-20 14:34:51,708 INFO  storage.RaftStorageDirectory (RaftStorageDirectory.java:tryLock(328)) - Lock on /workdir/hadoop-ozone/integration-test/target/test-dir/MiniOzoneClusterImpl-2c49b900-e545-42f2-ab59-957038006ec1/datanode-1/data/ratis/13cef8a2-eeb7-4bd6-a183-1b39324019a1/in_use.lock acquired by nodename 22532@pr-hdds-1948-qmvbp-2153692187
2019-08-20 14:34:51,708 INFO  storage.RaftStorageDirectory (RaftStorageDirectory.java:tryLock(328)) - Lock on /workdir/hadoop-ozone/integration-test/target/test-dir/MiniOzoneClusterImpl-2c49b900-e545-42f2-ab59-957038006ec1/datanode-2/data/ratis/13cef8a2-eeb7-4bd6-a183-1b39324019a1/in_use.lock acquired by nodename 22532@pr-hdds-1948-qmvbp-2153692187
2019-08-20 14:34:51,708 INFO  storage.RaftStorageDirectory (RaftStorageDirectory.java:tryLock(328)) - Lock on /workdir/hadoop-ozone/integration-test/target/test-dir/MiniOzoneClusterImpl-2c49b900-e545-42f2-ab59-957038006ec1/datanode-0/data/ratis/13cef8a2-eeb7-4bd6-a183-1b39324019a1/in_use.lock acquired by nodename 22532@pr-hdds-1948-qmvbp-2153692187
2019-08-20 14:34:51,721 INFO  storage.RaftStorage (RaftStorage.java:format(72)) - Storage directory /workdir/hadoop-ozone/integration-test/target/test-dir/MiniOzoneClusterImpl-2c49b900-e545-42f2-ab59-957038006ec1/datanode-0/data/ratis/13cef8a2-eeb7-4bd6-a183-1b39324019a1 has been successfully formatted.
2019-08-20 14:34:51,721 INFO  storage.RaftStorage (RaftStorage.java:format(72)) - Storage directory /workdir/hadoop-ozone/integration-test/target/test-dir/MiniOzoneClusterImpl-2c49b900-e545-42f2-ab59-957038006ec1/datanode-1/data/ratis/13cef8a2-eeb7-4bd6-a183-1b39324019a1 has been successfully formatted.
2019-08-20 14:34:51,721 INFO  storage.RaftStorage (RaftStorage.java:format(72)) - Storage directory /workdir/hadoop-ozone/integration-test/target/test-dir/MiniOzoneClusterImpl-2c49b900-e545-42f2-ab59-957038006ec1/datanode-2/data/ratis/13cef8a2-eeb7-4bd6-a183-1b39324019a1 has been successfully formatted.
2019-08-20 14:34:51,722 INFO  ratis.ContainerStateMachine (ContainerStateMachine.java:loadSnapshot(222)) - group-1B39324019A1: The snapshot info is null. Setting the last applied indexto:(t:0, i:~)
2019-08-20 14:34:51,722 INFO  ratis.ContainerStateMachine (ContainerStateMachine.java:loadSnapshot(222)) - group-1B39324019A1: The snapshot info is null. Setting the last applied indexto:(t:0, i:~)
2019-08-20 14:34:51,722 INFO  server.RaftServerConfigKeys (ConfUtils.java:logGet(43)) - raft.server.leader.election.timeout = 120s (custom)
2019-08-20 14:34:51,722 INFO  ratis.ContainerStateMachine (ContainerStateMachine.java:loadSnapshot(222)) - group-1B39324019A1: The snapshot info is null. Setting the last applied indexto:(t:0, i:~)
2019-08-20 14:34:51,722 INFO  server.RaftServerConfigKeys (ConfUtils.java:logGet(43)) - raft.server.log.use.memory = false (default)
2019-08-20 14:34:51,722 INFO  server.RaftServerConfigKeys (ConfUtils.java:logGet(43)) - raft.server.leader.election.timeout = 120s (custom)
2019-08-20 14:34:51,722 INFO  server.RaftServerConfigKeys (ConfUtils.java:logGet(43)) - raft.server.log.purge.gap = 1000000000 (custom)
2019-08-20 14:34:51,722 INFO  server.RaftServerConfigKeys (ConfUtils.java:logGet(43)) - raft.server.leader.election.timeout = 120s (custom)
2019-08-20 14:34:51,722 INFO  server.RaftServerConfigKeys (ConfUtils.java:logGet(43)) - raft.server.log.appender.buffer.byte-limit = 33554432 (custom)
2019-08-20 14:34:51,722 INFO  server.RaftServerConfigKeys (ConfUtils.java:logGet(43)) - raft.server.log.use.memory = false (default)
2019-08-20 14:34:51,723 INFO  server.RaftServerConfigKeys (ConfUtils.java:logGet(43)) - raft.server.log.segment.size.max = 1048576 (custom)
2019-08-20 14:34:51,723 INFO  server.RaftServerConfigKeys (ConfUtils.java:logGet(43)) - raft.server.log.use.memory = false (default)
2019-08-20 14:34:51,723 INFO  server.RaftServerConfigKeys (ConfUtils.java:logGet(43)) - raft.server.log.segment.cache.num.max = 2 (custom)
2019-08-20 14:34:51,723 INFO  server.RaftServerConfigKeys (ConfUtils.java:logGet(43)) - raft.server.log.purge.gap = 1000000000 (custom)
2019-08-20 14:34:51,723 INFO  segmented.SegmentedRaftLogWorker (SegmentedRaftLogWorker.java:<init>(172)) - new 8244ffb0-534d-43b0-a5dd-4dd678a1ccce-SegmentedRaftLogWorker:Storage Directory /workdir/hadoop-ozone/integration-test/target/test-dir/MiniOzoneClusterImpl-2c49b900-e545-42f2-ab59-957038006ec1/datanode-1/data/ratis/13cef8a2-eeb7-4bd6-a183-1b39324019a1 for RaftStorage:Storage Directory /workdir/hadoop-ozone/integration-test/target/test-dir/MiniOzoneClusterImpl-2c49b900-e545-42f2-ab59-957038006ec1/datanode-1/data/ratis/13cef8a2-eeb7-4bd6-a183-1b39324019a1
2019-08-20 14:34:51,723 INFO  server.RaftServerConfigKeys (ConfUtils.java:logGet(43)) - raft.server.log.purge.gap = 1000000000 (custom)
2019-08-20 14:34:51,723 INFO  server.RaftServerConfigKeys (ConfUtils.java:logGet(43)) - raft.server.log.queue.byte-limit = 2147483647 (custom)
2019-08-20 14:34:51,723 INFO  server.RaftServerConfigKeys (ConfUtils.java:logGet(43)) - raft.server.log.appender.buffer.byte-limit = 33554432 (custom)
2019-08-20 14:34:51,723 INFO  server.RaftServerConfigKeys (ConfUtils.java:logGet(43)) - raft.server.log.queue.element-limit = 1024 (custom)
2019-08-20 14:34:51,723 INFO  server.RaftServerConfigKeys (ConfUtils.java:logGet(43)) - raft.server.log.appender.buffer.byte-limit = 33554432 (custom)
2019-08-20 14:34:51,723 INFO  server.RaftServerConfigKeys (ConfUtils.java:logGet(43)) - raft.server.log.segment.size.max = 1048576 (custom)
2019-08-20 14:34:51,723 INFO  server.RaftServerConfigKeys (ConfUtils.java:logGet(43)) - raft.server.log.segment.size.max = 1048576 (custom)
2019-08-20 14:34:51,724 INFO  server.RaftServerConfigKeys (ConfUtils.java:logGet(43)) - raft.server.log.preallocated.size = 16384 (custom)
2019-08-20 14:34:51,724 INFO  server.RaftServerConfigKeys (ConfUtils.java:logGet(43)) - raft.server.log.segment.size.max = 1048576 (custom)
2019-08-20 14:34:51,724 INFO  server.RaftServerConfigKeys (ConfUtils.java:logGet(43)) - raft.server.log.write.buffer.size = 33554432 (custom)
2019-08-20 14:34:51,724 INFO  server.RaftServerConfigKeys (ConfUtils.java:logGet(43)) - raft.server.log.segment.cache.num.max = 2 (custom)
2019-08-20 14:34:51,724 INFO  server.RaftServerConfigKeys (ConfUtils.java:logGet(43)) - raft.server.log.force.sync.num = 128 (default)
2019-08-20 14:34:51,724 INFO  server.RaftServerConfigKeys (ConfUtils.java:logGet(43)) - raft.server.log.segment.cache.num.max = 2 (custom)
2019-08-20 14:34:51,724 INFO  server.RaftServerConfigKeys (ConfUtils.java:logGet(43)) - raft.server.log.statemachine.data.sync = true (default)
2019-08-20 14:34:51,724 INFO  segmented.SegmentedRaftLogWorker (SegmentedRaftLogWorker.java:<init>(172)) - new a171a0bd-9f3d-4ada-ada0-3f45c6427efc-SegmentedRaftLogWorker:Storage Directory /workdir/hadoop-ozone/integration-test/target/test-dir/MiniOzoneClusterImpl-2c49b900-e545-42f2-ab59-957038006ec1/datanode-0/data/ratis/13cef8a2-eeb7-4bd6-a183-1b39324019a1 for RaftStorage:Storage Directory /workdir/hadoop-ozone/integration-test/target/test-dir/MiniOzoneClusterImpl-2c49b900-e545-42f2-ab59-957038006ec1/datanode-0/data/ratis/13cef8a2-eeb7-4bd6-a183-1b39324019a1
2019-08-20 14:34:51,724 INFO  server.RaftServerConfigKeys (ConfUtils.java:logGet(43)) - raft.server.log.statemachine.data.sync.timeout = 10s (default)
2019-08-20 14:34:51,724 INFO  segmented.SegmentedRaftLogWorker (SegmentedRaftLogWorker.java:<init>(172)) - new 67082b76-8d62-40bb-96ea-e7986b2b1c64-SegmentedRaftLogWorker:Storage Directory /workdir/hadoop-ozone/integration-test/target/test-dir/MiniOzoneClusterImpl-2c49b900-e545-42f2-ab59-957038006ec1/datanode-2/data/ratis/13cef8a2-eeb7-4bd6-a183-1b39324019a1 for RaftStorage:Storage Directory /workdir/hadoop-ozone/integration-test/target/test-dir/MiniOzoneClusterImpl-2c49b900-e545-42f2-ab59-957038006ec1/datanode-2/data/ratis/13cef8a2-eeb7-4bd6-a183-1b39324019a1
2019-08-20 14:34:51,725 INFO  server.RaftServerConfigKeys (ConfUtils.java:logGet(43)) - raft.server.log.statemachine.data.sync.timeout.retry = -1 (default)
2019-08-20 14:34:51,724 INFO  server.RaftServerConfigKeys (ConfUtils.java:logGet(43)) - raft.server.log.queue.byte-limit = 2147483647 (custom)
2019-08-20 14:34:51,725 INFO  server.RaftServerConfigKeys (ConfUtils.java:logGet(43)) - raft.server.log.statemachine.data.caching.enabled = true (custom)
2019-08-20 14:34:51,725 INFO  server.RaftServerConfigKeys (ConfUtils.java:logGet(43)) - raft.server.log.queue.byte-limit = 2147483647 (custom)
2019-08-20 14:34:51,725 INFO  server.RaftServerConfigKeys (ConfUtils.java:logGet(43)) - raft.server.log.queue.element-limit = 1024 (custom)
2019-08-20 14:34:51,725 INFO  segmented.SegmentedRaftLogWorker (SegmentedRaftLogWorker.java:lambda$new$0(132)) - 8244ffb0-534d-43b0-a5dd-4dd678a1ccce-SegmentedRaftLogWorker:Storage Directory /workdir/hadoop-ozone/integration-test/target/test-dir/MiniOzoneClusterImpl-2c49b900-e545-42f2-ab59-957038006ec1/datanode-1/data/ratis/13cef8a2-eeb7-4bd6-a183-1b39324019a1: flushIndex: setUnconditionally 0 -> -1
2019-08-20 14:34:51,725 INFO  server.RaftServerConfigKeys (ConfUtils.java:logGet(43)) - raft.server.log.queue.element-limit = 1024 (custom)
2019-08-20 14:34:51,725 INFO  server.RaftServerConfigKeys (ConfUtils.java:logGet(43)) - raft.server.log.segment.size.max = 1048576 (custom)
2019-08-20 14:34:51,725 INFO  server.RaftServerConfigKeys (ConfUtils.java:logGet(43)) - raft.server.log.segment.size.max = 1048576 (custom)
2019-08-20 14:34:51,725 INFO  server.RaftServerConfigKeys (ConfUtils.java:logGet(43)) - raft.server.snapshot.auto.trigger.enabled = true (custom)
2019-08-20 14:34:51,725 INFO  server.RaftServerConfigKeys (ConfUtils.java:logGet(43)) - raft.server.log.preallocated.size = 16384 (custom)
2019-08-20 14:34:51,725 INFO  server.RaftServerConfigKeys (ConfUtils.java:logGet(43)) - raft.server.log.preallocated.size = 16384 (custom)
2019-08-20 14:34:51,726 INFO  server.RaftServerConfigKeys (ConfUtils.java:logGet(43)) - raft.server.log.write.buffer.size = 33554432 (custom)
2019-08-20 14:34:51,726 INFO  server.RaftServerConfigKeys (ConfUtils.java:logGet(43)) - raft.server.snapshot.auto.trigger.threshold = 10000 (custom)
2019-08-20 14:34:51,726 INFO  server.RaftServerConfigKeys (ConfUtils.java:logGet(43)) - raft.server.log.force.sync.num = 128 (default)
2019-08-20 14:34:51,726 INFO  server.RaftServerConfigKeys (ConfUtils.java:logGet(43)) - raft.server.log.write.buffer.size = 33554432 (custom)
2019-08-20 14:34:51,726 INFO  server.RaftServerConfigKeys (ConfUtils.java:logGet(43)) - raft.server.log.statemachine.data.sync = true (default)
2019-08-20 14:34:51,726 INFO  server.RaftServerConfigKeys (ConfUtils.java:logGet(43)) - raft.server.retrycache.expirytime = 600000ms (custom)
2019-08-20 14:34:51,726 INFO  server.RaftServerConfigKeys (ConfUtils.java:logGet(43)) - raft.server.log.statemachine.data.sync.timeout = 10s (default)
2019-08-20 14:34:51,726 INFO  server.RaftServerConfigKeys (ConfUtils.java:logGet(43)) - raft.server.log.force.sync.num = 128 (default)
2019-08-20 14:34:51,726 INFO  server.RaftServerConfigKeys (ConfUtils.java:logGet(43)) - raft.server.log.statemachine.data.sync.timeout.retry = -1 (default)
2019-08-20 14:34:51,726 INFO  impl.RaftServerImpl (RaftServerImpl.java:start(180)) - 8244ffb0-534d-43b0-a5dd-4dd678a1ccce: start group-1B39324019A1
2019-08-20 14:34:51,727 INFO  server.RaftServerConfigKeys (ConfUtils.java:logGet(43)) - raft.server.log.statemachine.data.caching.enabled = true (custom)
2019-08-20 14:34:51,727 INFO  server.RaftServerConfigKeys (ConfUtils.java:logGet(43)) - raft.server.log.statemachine.data.sync = true (default)
2019-08-20 14:34:51,727 INFO  impl.RaftServerImpl (RaftServerImpl.java:setRole(171)) - 8244ffb0-534d-43b0-a5dd-4dd678a1ccce:group-1B39324019A1 changes role from null to FOLLOWER at term 0 for startAsFollower
2019-08-20 14:34:51,727 INFO  server.RaftServerConfigKeys (ConfUtils.java:logGet(43)) - raft.server.log.statemachine.data.sync.timeout = 10s (default)
2019-08-20 14:34:51,727 INFO  impl.RoleInfo (RoleInfo.java:updateAndGet(143)) - 8244ffb0-534d-43b0-a5dd-4dd678a1ccce: start FollowerState
2019-08-20 14:34:51,727 INFO  segmented.SegmentedRaftLogWorker (SegmentedRaftLogWorker.java:lambda$new$0(132)) - 67082b76-8d62-40bb-96ea-e7986b2b1c64-SegmentedRaftLogWorker:Storage Directory /workdir/hadoop-ozone/integration-test/target/test-dir/MiniOzoneClusterImpl-2c49b900-e545-42f2-ab59-957038006ec1/datanode-2/data/ratis/13cef8a2-eeb7-4bd6-a183-1b39324019a1: flushIndex: setUnconditionally 0 -> -1
2019-08-20 14:34:51,727 INFO  server.RaftServerConfigKeys (ConfUtils.java:logGet(43)) - raft.server.log.statemachine.data.sync.timeout.retry = -1 (default)
2019-08-20 14:34:51,727 INFO  server.RaftServerConfigKeys (ConfUtils.java:logGet(43)) - raft.server.log.statemachine.data.caching.enabled = true (custom)
2019-08-20 14:34:51,728 INFO  util.JmxRegister (JmxRegister.java:tryRegister(44)) - Successfully registered JMX Bean with object name Ratis:service=RaftServer,group=group-1B39324019A1,id=8244ffb0-534d-43b0-a5dd-4dd678a1ccce
2019-08-20 14:34:51,727 INFO  server.RaftServerConfigKeys (ConfUtils.java:logGet(43)) - raft.server.snapshot.auto.trigger.enabled = true (custom)
2019-08-20 14:34:51,728 INFO  segmented.SegmentedRaftLogWorker (SegmentedRaftLogWorker.java:lambda$new$0(132)) - a171a0bd-9f3d-4ada-ada0-3f45c6427efc-SegmentedRaftLogWorker:Storage Directory /workdir/hadoop-ozone/integration-test/target/test-dir/MiniOzoneClusterImpl-2c49b900-e545-42f2-ab59-957038006ec1/datanode-0/data/ratis/13cef8a2-eeb7-4bd6-a183-1b39324019a1: flushIndex: setUnconditionally 0 -> -1
2019-08-20 14:34:51,728 INFO  server.RaftServerConfigKeys (ConfUtils.java:logGet(43)) - raft.server.snapshot.auto.trigger.threshold = 10000 (custom)
2019-08-20 14:34:51,728 INFO  server.RaftServerConfigKeys (ConfUtils.java:logGet(43)) - raft.server.snapshot.auto.trigger.enabled = true (custom)
2019-08-20 14:34:51,728 INFO  server.RaftServerConfigKeys (ConfUtils.java:logGet(43)) - raft.server.snapshot.auto.trigger.threshold = 10000 (custom)
2019-08-20 14:34:51,728 INFO  server.RaftServerConfigKeys (ConfUtils.java:logGet(43)) - raft.server.retrycache.expirytime = 600000ms (custom)
2019-08-20 14:34:51,728 INFO  server.RaftServerConfigKeys (ConfUtils.java:logGet(43)) - raft.server.retrycache.expirytime = 600000ms (custom)
2019-08-20 14:34:51,728 INFO  impl.RaftServerImpl (RaftServerImpl.java:start(180)) - 67082b76-8d62-40bb-96ea-e7986b2b1c64: start group-1B39324019A1
2019-08-20 14:34:51,728 INFO  impl.RaftServerImpl (RaftServerImpl.java:start(180)) - a171a0bd-9f3d-4ada-ada0-3f45c6427efc: start group-1B39324019A1
2019-08-20 14:34:51,728 INFO  impl.RaftServerImpl (RaftServerImpl.java:setRole(171)) - 67082b76-8d62-40bb-96ea-e7986b2b1c64:group-1B39324019A1 changes role from null to FOLLOWER at term 0 for startAsFollower
2019-08-20 14:34:51,729 INFO  impl.RaftServerImpl (RaftServerImpl.java:setRole(171)) - a171a0bd-9f3d-4ada-ada0-3f45c6427efc:group-1B39324019A1 changes role from null to FOLLOWER at term 0 for startAsFollower
2019-08-20 14:34:51,729 INFO  impl.RoleInfo (RoleInfo.java:updateAndGet(143)) - 67082b76-8d62-40bb-96ea-e7986b2b1c64: start FollowerState
2019-08-20 14:34:51,729 INFO  impl.RoleInfo (RoleInfo.java:updateAndGet(143)) - a171a0bd-9f3d-4ada-ada0-3f45c6427efc: start FollowerState
2019-08-20 14:34:51,729 INFO  util.JmxRegister (JmxRegister.java:tryRegister(44)) - Successfully registered JMX Bean with object name Ratis:service=RaftServer,group=group-1B39324019A1,id=a171a0bd-9f3d-4ada-ada0-3f45c6427efc
2019-08-20 14:34:51,729 INFO  util.JmxRegister (JmxRegister.java:tryRegister(44)) - Successfully registered JMX Bean with object name Ratis:service=RaftServer,group=group-1B39324019A1,id=67082b76-8d62-40bb-96ea-e7986b2b1c64
2019-08-20 14:34:51,738 INFO  pipeline.PipelineStateManager (PipelineStateManager.java:addPipeline(56)) - Created pipeline Pipeline[ Id: 13cef8a2-eeb7-4bd6-a183-1b39324019a1, Nodes: a171a0bd-9f3d-4ada-ada0-3f45c6427efc{ip: 192.168.5.159, host: pr-hdds-1948-qmvbp-2153692187, networkLocation: /default-rack, certSerialId: null}67082b76-8d62-40bb-96ea-e7986b2b1c64{ip: 192.168.5.159, host: pr-hdds-1948-qmvbp-2153692187, networkLocation: /default-rack, certSerialId: null}8244ffb0-534d-43b0-a5dd-4dd678a1ccce{ip: 192.168.5.159, host: pr-hdds-1948-qmvbp-2153692187, networkLocation: /default-rack, certSerialId: null}, Type:RATIS, Factor:THREE, State:OPEN]
2019-08-20 14:34:51,824 INFO  net.NetworkTopology (NetworkTopologyImpl.java:add(110)) - Added a new node: /default-rack/078ae558-aba9-4dbf-9250-ea4c71781868
2019-08-20 14:34:51,825 INFO  node.SCMNodeManager (SCMNodeManager.java:register(273)) - Registered Data node : 078ae558-aba9-4dbf-9250-ea4c71781868{ip: 192.168.5.159, host: pr-hdds-1948-qmvbp-2153692187, networkLocation: /default-rack, certSerialId: null}
2019-08-20 14:34:51,833 INFO  impl.RaftServerProxy (RaftServerProxy.java:addNew(89)) - 078ae558-aba9-4dbf-9250-ea4c71781868: addNew group-F5DBF006E2B8:[078ae558-aba9-4dbf-9250-ea4c71781868:192.168.5.159:46209] returns group-F5DBF006E2B8:java.util.concurrent.CompletableFuture@8d6e332[Not completed]
2019-08-20 14:34:51,837 INFO  impl.RaftServerImpl (RaftServerImpl.java:<init>(93)) - 078ae558-aba9-4dbf-9250-ea4c71781868: new RaftServerImpl for group-F5DBF006E2B8:[078ae558-aba9-4dbf-9250-ea4c71781868:192.168.5.159:46209] with ContainerStateMachine:uninitialized
2019-08-20 14:34:51,837 INFO  server.RaftServerConfigKeys (ConfUtils.java:logGet(43)) - raft.server.rpc.timeout.min = 5s (custom)
2019-08-20 14:34:51,837 INFO  server.RaftServerConfigKeys (ConfUtils.java:logGet(43)) - raft.server.rpc.timeout.max = 5200ms (custom)
2019-08-20 14:34:51,837 INFO  server.RaftServerConfigKeys (ConfUtils.java:logGet(43)) - raft.server.rpcslowness.timeout = 120s (custom)
2019-08-20 14:34:51,837 INFO  server.RaftServerConfigKeys (ConfUtils.java:logGet(43)) - raft.server.sleep.deviation.threshold = 300 (default)
2019-08-20 14:34:51,837 INFO  server.RaftServerConfigKeys (ConfUtils.java:logGet(43)) - raft.server.log.appender.install.snapshot.enabled = false (custom)
2019-08-20 14:34:51,837 INFO  impl.RaftServerImpl (ServerState.java:<init>(105)) - 078ae558-aba9-4dbf-9250-ea4c71781868:group-F5DBF006E2B8 ConfigurationManager, init=-1: [078ae558-aba9-4dbf-9250-ea4c71781868:192.168.5.159:46209], old=null, confs=<EMPTY_MAP>
2019-08-20 14:34:51,838 INFO  server.RaftServerConfigKeys (ConfUtils.java:logGet(43)) - raft.server.storage.dir = [/workdir/hadoop-ozone/integration-test/target/test-dir/MiniOzoneClusterImpl-2c49b900-e545-42f2-ab59-957038006ec1/datanode-3/data/ratis] (custom)
2019-08-20 14:34:51,838 INFO  storage.RaftStorageDirectory (RaftStorageDirectory.java:analyzeStorage(246)) - The storage directory /workdir/hadoop-ozone/integration-test/target/test-dir/MiniOzoneClusterImpl-2c49b900-e545-42f2-ab59-957038006ec1/datanode-3/data/ratis/dd1965b2-df38-4993-87c9-f5dbf006e2b8 does not exist. Creating ...
2019-08-20 14:34:51,850 INFO  storage.RaftStorageDirectory (RaftStorageDirectory.java:tryLock(328)) - Lock on /workdir/hadoop-ozone/integration-test/target/test-dir/MiniOzoneClusterImpl-2c49b900-e545-42f2-ab59-957038006ec1/datanode-3/data/ratis/dd1965b2-df38-4993-87c9-f5dbf006e2b8/in_use.lock acquired by nodename 22532@pr-hdds-1948-qmvbp-2153692187
2019-08-20 14:34:51,863 INFO  storage.RaftStorage (RaftStorage.java:format(72)) - Storage directory /workdir/hadoop-ozone/integration-test/target/test-dir/MiniOzoneClusterImpl-2c49b900-e545-42f2-ab59-957038006ec1/datanode-3/data/ratis/dd1965b2-df38-4993-87c9-f5dbf006e2b8 has been successfully formatted.
2019-08-20 14:34:51,863 INFO  ratis.ContainerStateMachine (ContainerStateMachine.java:loadSnapshot(222)) - group-F5DBF006E2B8: The snapshot info is null. Setting the last applied indexto:(t:0, i:~)
2019-08-20 14:34:51,864 INFO  server.RaftServerConfigKeys (ConfUtils.java:logGet(43)) - raft.server.leader.election.timeout = 120s (custom)
2019-08-20 14:34:51,864 INFO  server.RaftServerConfigKeys (ConfUtils.java:logGet(43)) - raft.server.log.use.memory = false (default)
2019-08-20 14:34:51,864 INFO  server.RaftServerConfigKeys (ConfUtils.java:logGet(43)) - raft.server.log.purge.gap = 1000000000 (custom)
2019-08-20 14:34:51,864 INFO  server.RaftServerConfigKeys (ConfUtils.java:logGet(43)) - raft.server.log.appender.buffer.byte-limit = 33554432 (custom)
2019-08-20 14:34:51,864 INFO  server.RaftServerConfigKeys (ConfUtils.java:logGet(43)) - raft.server.log.segment.size.max = 1048576 (custom)
2019-08-20 14:34:51,864 INFO  server.RaftServerConfigKeys (ConfUtils.java:logGet(43)) - raft.server.log.segment.cache.num.max = 2 (custom)
2019-08-20 14:34:51,864 INFO  segmented.SegmentedRaftLogWorker (SegmentedRaftLogWorker.java:<init>(172)) - new 078ae558-aba9-4dbf-9250-ea4c71781868-SegmentedRaftLogWorker:Storage Directory /workdir/hadoop-ozone/integration-test/target/test-dir/MiniOzoneClusterImpl-2c49b900-e545-42f2-ab59-957038006ec1/datanode-3/data/ratis/dd1965b2-df38-4993-87c9-f5dbf006e2b8 for RaftStorage:Storage Directory /workdir/hadoop-ozone/integration-test/target/test-dir/MiniOzoneClusterImpl-2c49b900-e545-42f2-ab59-957038006ec1/datanode-3/data/ratis/dd1965b2-df38-4993-87c9-f5dbf006e2b8
2019-08-20 14:34:51,865 INFO  server.RaftServerConfigKeys (ConfUtils.java:logGet(43)) - raft.server.log.queue.byte-limit = 2147483647 (custom)
2019-08-20 14:34:51,865 INFO  server.RaftServerConfigKeys (ConfUtils.java:logGet(43)) - raft.server.log.queue.element-limit = 1024 (custom)
2019-08-20 14:34:51,865 INFO  server.RaftServerConfigKeys (ConfUtils.java:logGet(43)) - raft.server.log.segment.size.max = 1048576 (custom)
2019-08-20 14:34:51,865 INFO  server.RaftServerConfigKeys (ConfUtils.java:logGet(43)) - raft.server.log.preallocated.size = 16384 (custom)
2019-08-20 14:34:51,865 INFO  server.RaftServerConfigKeys (ConfUtils.java:logGet(43)) - raft.server.log.write.buffer.size = 33554432 (custom)
2019-08-20 14:34:51,866 INFO  server.RaftServerConfigKeys (ConfUtils.java:logGet(43)) - raft.server.log.force.sync.num = 128 (default)
2019-08-20 14:34:51,866 INFO  server.RaftServerConfigKeys (ConfUtils.java:logGet(43)) - raft.server.log.statemachine.data.sync = true (default)
2019-08-20 14:34:51,866 INFO  server.RaftServerConfigKeys (ConfUtils.java:logGet(43)) - raft.server.log.statemachine.data.sync.timeout = 10s (default)
2019-08-20 14:34:51,866 INFO  server.RaftServerConfigKeys (ConfUtils.java:logGet(43)) - raft.server.log.statemachine.data.sync.timeout.retry = -1 (default)
2019-08-20 14:34:51,866 INFO  server.RaftServerConfigKeys (ConfUtils.java:logGet(43)) - raft.server.log.statemachine.data.caching.enabled = true (custom)
2019-08-20 14:34:51,867 INFO  segmented.SegmentedRaftLogWorker (SegmentedRaftLogWorker.java:lambda$new$0(132)) - 078ae558-aba9-4dbf-9250-ea4c71781868-SegmentedRaftLogWorker:Storage Directory /workdir/hadoop-ozone/integration-test/target/test-dir/MiniOzoneClusterImpl-2c49b900-e545-42f2-ab59-957038006ec1/datanode-3/data/ratis/dd1965b2-df38-4993-87c9-f5dbf006e2b8: flushIndex: setUnconditionally 0 -> -1
2019-08-20 14:34:51,867 INFO  server.RaftServerConfigKeys (ConfUtils.java:logGet(43)) - raft.server.snapshot.auto.trigger.enabled = true (custom)
2019-08-20 14:34:51,867 INFO  server.RaftServerConfigKeys (ConfUtils.java:logGet(43)) - raft.server.snapshot.auto.trigger.threshold = 10000 (custom)
2019-08-20 14:34:51,867 INFO  server.RaftServerConfigKeys (ConfUtils.java:logGet(43)) - raft.server.retrycache.expirytime = 600000ms (custom)
2019-08-20 14:34:51,868 INFO  impl.RaftServerImpl (RaftServerImpl.java:start(180)) - 078ae558-aba9-4dbf-9250-ea4c71781868: start group-F5DBF006E2B8
2019-08-20 14:34:51,868 INFO  impl.RaftServerImpl (RaftServerImpl.java:setRole(171)) - 078ae558-aba9-4dbf-9250-ea4c71781868:group-F5DBF006E2B8 changes role from null to FOLLOWER at term 0 for startAsFollower
2019-08-20 14:34:51,868 INFO  impl.RoleInfo (RoleInfo.java:updateAndGet(143)) - 078ae558-aba9-4dbf-9250-ea4c71781868: start FollowerState
2019-08-20 14:34:51,876 INFO  util.JmxRegister (JmxRegister.java:tryRegister(44)) - Successfully registered JMX Bean with object name Ratis:service=RaftServer,group=group-F5DBF006E2B8,id=078ae558-aba9-4dbf-9250-ea4c71781868
2019-08-20 14:34:51,886 INFO  pipeline.PipelineStateManager (PipelineStateManager.java:addPipeline(56)) - Created pipeline Pipeline[ Id: dd1965b2-df38-4993-87c9-f5dbf006e2b8, Nodes: 078ae558-aba9-4dbf-9250-ea4c71781868{ip: 192.168.5.159, host: pr-hdds-1948-qmvbp-2153692187, networkLocation: /default-rack, certSerialId: null}, Type:RATIS, Factor:ONE, State:OPEN]
2019-08-20 14:34:51,997 INFO  net.NetworkTopology (NetworkTopologyImpl.java:add(110)) - Added a new node: /default-rack/a3d8aab6-9afb-4f8a-80a1-67a307609e9b
2019-08-20 14:34:51,997 INFO  node.SCMNodeManager (SCMNodeManager.java:register(273)) - Registered Data node : a3d8aab6-9afb-4f8a-80a1-67a307609e9b{ip: 192.168.5.159, host: pr-hdds-1948-qmvbp-2153692187, networkLocation: /default-rack, certSerialId: null}
2019-08-20 14:34:52,010 INFO  impl.RaftServerProxy (RaftServerProxy.java:addNew(89)) - a3d8aab6-9afb-4f8a-80a1-67a307609e9b: addNew group-243F80612846:[a3d8aab6-9afb-4f8a-80a1-67a307609e9b:192.168.5.159:38021] returns group-243F80612846:java.util.concurrent.CompletableFuture@9432ee8[Not completed]
2019-08-20 14:34:52,014 INFO  impl.RaftServerImpl (RaftServerImpl.java:<init>(93)) - a3d8aab6-9afb-4f8a-80a1-67a307609e9b: new RaftServerImpl for group-243F80612846:[a3d8aab6-9afb-4f8a-80a1-67a307609e9b:192.168.5.159:38021] with ContainerStateMachine:uninitialized
2019-08-20 14:34:52,014 INFO  server.RaftServerConfigKeys (ConfUtils.java:logGet(43)) - raft.server.rpc.timeout.min = 5s (custom)
2019-08-20 14:34:52,014 INFO  server.RaftServerConfigKeys (ConfUtils.java:logGet(43)) - raft.server.rpc.timeout.max = 5200ms (custom)
2019-08-20 14:34:52,015 INFO  server.RaftServerConfigKeys (ConfUtils.java:logGet(43)) - raft.server.rpcslowness.timeout = 120s (custom)
2019-08-20 14:34:52,015 INFO  server.RaftServerConfigKeys (ConfUtils.java:logGet(43)) - raft.server.sleep.deviation.threshold = 300 (default)
2019-08-20 14:34:52,015 INFO  server.RaftServerConfigKeys (ConfUtils.java:logGet(43)) - raft.server.log.appender.install.snapshot.enabled = false (custom)
2019-08-20 14:34:52,015 INFO  impl.RaftServerImpl (ServerState.java:<init>(105)) - a3d8aab6-9afb-4f8a-80a1-67a307609e9b:group-243F80612846 ConfigurationManager, init=-1: [a3d8aab6-9afb-4f8a-80a1-67a307609e9b:192.168.5.159:38021], old=null, confs=<EMPTY_MAP>
2019-08-20 14:34:52,015 INFO  server.RaftServerConfigKeys (ConfUtils.java:logGet(43)) - raft.server.storage.dir = [/workdir/hadoop-ozone/integration-test/target/test-dir/MiniOzoneClusterImpl-2c49b900-e545-42f2-ab59-957038006ec1/datanode-4/data/ratis] (custom)
2019-08-20 14:34:52,015 INFO  storage.RaftStorageDirectory (RaftStorageDirectory.java:analyzeStorage(246)) - The storage directory /workdir/hadoop-ozone/integration-test/target/test-dir/MiniOzoneClusterImpl-2c49b900-e545-42f2-ab59-957038006ec1/datanode-4/data/ratis/d0d1f54b-a4b5-4684-882a-243f80612846 does not exist. Creating ...
2019-08-20 14:34:52,028 INFO  storage.RaftStorageDirectory (RaftStorageDirectory.java:tryLock(328)) - Lock on /workdir/hadoop-ozone/integration-test/target/test-dir/MiniOzoneClusterImpl-2c49b900-e545-42f2-ab59-957038006ec1/datanode-4/data/ratis/d0d1f54b-a4b5-4684-882a-243f80612846/in_use.lock acquired by nodename 22532@pr-hdds-1948-qmvbp-2153692187
2019-08-20 14:34:52,041 INFO  storage.RaftStorage (RaftStorage.java:format(72)) - Storage directory /workdir/hadoop-ozone/integration-test/target/test-dir/MiniOzoneClusterImpl-2c49b900-e545-42f2-ab59-957038006ec1/datanode-4/data/ratis/d0d1f54b-a4b5-4684-882a-243f80612846 has been successfully formatted.
2019-08-20 14:34:52,041 INFO  ratis.ContainerStateMachine (ContainerStateMachine.java:loadSnapshot(222)) - group-243F80612846: The snapshot info is null. Setting the last applied indexto:(t:0, i:~)
2019-08-20 14:34:52,041 INFO  server.RaftServerConfigKeys (ConfUtils.java:logGet(43)) - raft.server.leader.election.timeout = 120s (custom)
2019-08-20 14:34:52,041 INFO  server.RaftServerConfigKeys (ConfUtils.java:logGet(43)) - raft.server.log.use.memory = false (default)
2019-08-20 14:34:52,042 INFO  server.RaftServerConfigKeys (ConfUtils.java:logGet(43)) - raft.server.log.purge.gap = 1000000000 (custom)
2019-08-20 14:34:52,042 INFO  server.RaftServerConfigKeys (ConfUtils.java:logGet(43)) - raft.server.log.appender.buffer.byte-limit = 33554432 (custom)
2019-08-20 14:34:52,042 INFO  server.RaftServerConfigKeys (ConfUtils.java:logGet(43)) - raft.server.log.segment.size.max = 1048576 (custom)
2019-08-20 14:34:52,042 INFO  server.RaftServerConfigKeys (ConfUtils.java:logGet(43)) - raft.server.log.segment.cache.num.max = 2 (custom)
2019-08-20 14:34:52,042 INFO  segmented.SegmentedRaftLogWorker (SegmentedRaftLogWorker.java:<init>(172)) - new a3d8aab6-9afb-4f8a-80a1-67a307609e9b-SegmentedRaftLogWorker:Storage Directory /workdir/hadoop-ozone/integration-test/target/test-dir/MiniOzoneClusterImpl-2c49b900-e545-42f2-ab59-957038006ec1/datanode-4/data/ratis/d0d1f54b-a4b5-4684-882a-243f80612846 for RaftStorage:Storage Directory /workdir/hadoop-ozone/integration-test/target/test-dir/MiniOzoneClusterImpl-2c49b900-e545-42f2-ab59-957038006ec1/datanode-4/data/ratis/d0d1f54b-a4b5-4684-882a-243f80612846
2019-08-20 14:34:52,042 INFO  server.RaftServerConfigKeys (ConfUtils.java:logGet(43)) - raft.server.log.queue.byte-limit = 2147483647 (custom)
2019-08-20 14:34:52,042 INFO  server.RaftServerConfigKeys (ConfUtils.java:logGet(43)) - raft.server.log.queue.element-limit = 1024 (custom)
2019-08-20 14:34:52,043 INFO  server.RaftServerConfigKeys (ConfUtils.java:logGet(43)) - raft.server.log.segment.size.max = 1048576 (custom)
2019-08-20 14:34:52,043 INFO  server.RaftServerConfigKeys (ConfUtils.java:logGet(43)) - raft.server.log.preallocated.size = 16384 (custom)
2019-08-20 14:34:52,043 INFO  server.RaftServerConfigKeys (ConfUtils.java:logGet(43)) - raft.server.log.write.buffer.size = 33554432 (custom)
2019-08-20 14:34:52,043 INFO  server.RaftServerConfigKeys (ConfUtils.java:logGet(43)) - raft.server.log.force.sync.num = 128 (default)
2019-08-20 14:34:52,043 INFO  server.RaftServerConfigKeys (ConfUtils.java:logGet(43)) - raft.server.log.statemachine.data.sync = true (default)
2019-08-20 14:34:52,043 INFO  server.RaftServerConfigKeys (ConfUtils.java:logGet(43)) - raft.server.log.statemachine.data.sync.timeout = 10s (default)
2019-08-20 14:34:52,043 INFO  server.RaftServerConfigKeys (ConfUtils.java:logGet(43)) - raft.server.log.statemachine.data.sync.timeout.retry = -1 (default)
2019-08-20 14:34:52,044 INFO  server.RaftServerConfigKeys (ConfUtils.java:logGet(43)) - raft.server.log.statemachine.data.caching.enabled = true (custom)
2019-08-20 14:34:52,044 INFO  segmented.SegmentedRaftLogWorker (SegmentedRaftLogWorker.java:lambda$new$0(132)) - a3d8aab6-9afb-4f8a-80a1-67a307609e9b-SegmentedRaftLogWorker:Storage Directory /workdir/hadoop-ozone/integration-test/target/test-dir/MiniOzoneClusterImpl-2c49b900-e545-42f2-ab59-957038006ec1/datanode-4/data/ratis/d0d1f54b-a4b5-4684-882a-243f80612846: flushIndex: setUnconditionally 0 -> -1
2019-08-20 14:34:52,044 INFO  server.RaftServerConfigKeys (ConfUtils.java:logGet(43)) - raft.server.snapshot.auto.trigger.enabled = true (custom)
2019-08-20 14:34:52,044 INFO  server.RaftServerConfigKeys (ConfUtils.java:logGet(43)) - raft.server.snapshot.auto.trigger.threshold = 10000 (custom)
2019-08-20 14:34:52,045 INFO  server.RaftServerConfigKeys (ConfUtils.java:logGet(43)) - raft.server.retrycache.expirytime = 600000ms (custom)
2019-08-20 14:34:52,045 INFO  impl.RaftServerImpl (RaftServerImpl.java:start(180)) - a3d8aab6-9afb-4f8a-80a1-67a307609e9b: start group-243F80612846
2019-08-20 14:34:52,045 INFO  impl.RaftServerImpl (RaftServerImpl.java:setRole(171)) - a3d8aab6-9afb-4f8a-80a1-67a307609e9b:group-243F80612846 changes role from null to FOLLOWER at term 0 for startAsFollower
2019-08-20 14:34:52,045 INFO  impl.RoleInfo (RoleInfo.java:updateAndGet(143)) - a3d8aab6-9afb-4f8a-80a1-67a307609e9b: start FollowerState
2019-08-20 14:34:52,045 INFO  util.JmxRegister (JmxRegister.java:tryRegister(44)) - Successfully registered JMX Bean with object name Ratis:service=RaftServer,group=group-243F80612846,id=a3d8aab6-9afb-4f8a-80a1-67a307609e9b
2019-08-20 14:34:52,050 INFO  pipeline.PipelineStateManager (PipelineStateManager.java:addPipeline(56)) - Created pipeline Pipeline[ Id: d0d1f54b-a4b5-4684-882a-243f80612846, Nodes: a3d8aab6-9afb-4f8a-80a1-67a307609e9b{ip: 192.168.5.159, host: pr-hdds-1948-qmvbp-2153692187, networkLocation: /default-rack, certSerialId: null}, Type:RATIS, Factor:ONE, State:OPEN]
2019-08-20 14:34:52,178 INFO  net.NetworkTopology (NetworkTopologyImpl.java:add(110)) - Added a new node: /default-rack/4f4b4c2b-9891-494a-a853-d1ce74a38e78
2019-08-20 14:34:52,178 INFO  node.SCMNodeManager (SCMNodeManager.java:register(273)) - Registered Data node : 4f4b4c2b-9891-494a-a853-d1ce74a38e78{ip: 192.168.5.159, host: pr-hdds-1948-qmvbp-2153692187, networkLocation: /default-rack, certSerialId: null}
2019-08-20 14:34:52,193 INFO  impl.RaftServerProxy (RaftServerProxy.java:addNew(89)) - 4f4b4c2b-9891-494a-a853-d1ce74a38e78: addNew group-CA99C479A247:[4f4b4c2b-9891-494a-a853-d1ce74a38e78:192.168.5.159:40054] returns group-CA99C479A247:java.util.concurrent.CompletableFuture@3ca073ef[Not completed]
2019-08-20 14:34:52,200 INFO  impl.RaftServerImpl (RaftServerImpl.java:<init>(93)) - 4f4b4c2b-9891-494a-a853-d1ce74a38e78: new RaftServerImpl for group-CA99C479A247:[4f4b4c2b-9891-494a-a853-d1ce74a38e78:192.168.5.159:40054] with ContainerStateMachine:uninitialized
2019-08-20 14:34:52,200 INFO  server.RaftServerConfigKeys (ConfUtils.java:logGet(43)) - raft.server.rpc.timeout.min = 5s (custom)
2019-08-20 14:34:52,200 INFO  server.RaftServerConfigKeys (ConfUtils.java:logGet(43)) - raft.server.rpc.timeout.max = 5200ms (custom)
2019-08-20 14:34:52,200 INFO  server.RaftServerConfigKeys (ConfUtils.java:logGet(43)) - raft.server.rpcslowness.timeout = 120s (custom)
2019-08-20 14:34:52,201 INFO  server.RaftServerConfigKeys (ConfUtils.java:logGet(43)) - raft.server.sleep.deviation.threshold = 300 (default)
2019-08-20 14:34:52,201 INFO  server.RaftServerConfigKeys (ConfUtils.java:logGet(43)) - raft.server.log.appender.install.snapshot.enabled = false (custom)
2019-08-20 14:34:52,201 INFO  impl.RaftServerImpl (ServerState.java:<init>(105)) - 4f4b4c2b-9891-494a-a853-d1ce74a38e78:group-CA99C479A247 ConfigurationManager, init=-1: [4f4b4c2b-9891-494a-a853-d1ce74a38e78:192.168.5.159:40054], old=null, confs=<EMPTY_MAP>
2019-08-20 14:34:52,201 INFO  server.RaftServerConfigKeys (ConfUtils.java:logGet(43)) - raft.server.storage.dir = [/workdir/hadoop-ozone/integration-test/target/test-dir/MiniOzoneClusterImpl-2c49b900-e545-42f2-ab59-957038006ec1/datanode-5/data/ratis] (custom)
2019-08-20 14:34:52,201 INFO  storage.RaftStorageDirectory (RaftStorageDirectory.java:analyzeStorage(246)) - The storage directory /workdir/hadoop-ozone/integration-test/target/test-dir/MiniOzoneClusterImpl-2c49b900-e545-42f2-ab59-957038006ec1/datanode-5/data/ratis/bfcea5fd-ef9e-41d7-8a0b-ca99c479a247 does not exist. Creating ...
2019-08-20 14:34:52,214 INFO  storage.RaftStorageDirectory (RaftStorageDirectory.java:tryLock(328)) - Lock on /workdir/hadoop-ozone/integration-test/target/test-dir/MiniOzoneClusterImpl-2c49b900-e545-42f2-ab59-957038006ec1/datanode-5/data/ratis/bfcea5fd-ef9e-41d7-8a0b-ca99c479a247/in_use.lock acquired by nodename 22532@pr-hdds-1948-qmvbp-2153692187
2019-08-20 14:34:52,229 INFO  storage.RaftStorage (RaftStorage.java:format(72)) - Storage directory /workdir/hadoop-ozone/integration-test/target/test-dir/MiniOzoneClusterImpl-2c49b900-e545-42f2-ab59-957038006ec1/datanode-5/data/ratis/bfcea5fd-ef9e-41d7-8a0b-ca99c479a247 has been successfully formatted.
2019-08-20 14:34:52,229 INFO  ratis.ContainerStateMachine (ContainerStateMachine.java:loadSnapshot(222)) - group-CA99C479A247: The snapshot info is null. Setting the last applied indexto:(t:0, i:~)
2019-08-20 14:34:52,229 INFO  server.RaftServerConfigKeys (ConfUtils.java:logGet(43)) - raft.server.leader.election.timeout = 120s (custom)
2019-08-20 14:34:52,230 INFO  server.RaftServerConfigKeys (ConfUtils.java:logGet(43)) - raft.server.log.use.memory = false (default)
2019-08-20 14:34:52,230 INFO  server.RaftServerConfigKeys (ConfUtils.java:logGet(43)) - raft.server.log.purge.gap = 1000000000 (custom)
2019-08-20 14:34:52,230 INFO  server.RaftServerConfigKeys (ConfUtils.java:logGet(43)) - raft.server.log.appender.buffer.byte-limit = 33554432 (custom)
2019-08-20 14:34:52,231 INFO  server.RaftServerConfigKeys (ConfUtils.java:logGet(43)) - raft.server.log.segment.size.max = 1048576 (custom)
2019-08-20 14:34:52,231 INFO  server.RaftServerConfigKeys (ConfUtils.java:logGet(43)) - raft.server.log.segment.cache.num.max = 2 (custom)
2019-08-20 14:34:52,231 INFO  segmented.SegmentedRaftLogWorker (SegmentedRaftLogWorker.java:<init>(172)) - new 4f4b4c2b-9891-494a-a853-d1ce74a38e78-SegmentedRaftLogWorker:Storage Directory /workdir/hadoop-ozone/integration-test/target/test-dir/MiniOzoneClusterImpl-2c49b900-e545-42f2-ab59-957038006ec1/datanode-5/data/ratis/bfcea5fd-ef9e-41d7-8a0b-ca99c479a247 for RaftStorage:Storage Directory /workdir/hadoop-ozone/integration-test/target/test-dir/MiniOzoneClusterImpl-2c49b900-e545-42f2-ab59-957038006ec1/datanode-5/data/ratis/bfcea5fd-ef9e-41d7-8a0b-ca99c479a247
2019-08-20 14:34:52,231 INFO  server.RaftServerConfigKeys (ConfUtils.java:logGet(43)) - raft.server.log.queue.byte-limit = 2147483647 (custom)
2019-08-20 14:34:52,232 INFO  server.RaftServerConfigKeys (ConfUtils.java:logGet(43)) - raft.server.log.queue.element-limit = 1024 (custom)
2019-08-20 14:34:52,232 INFO  server.RaftServerConfigKeys (ConfUtils.java:logGet(43)) - raft.server.log.segment.size.max = 1048576 (custom)
2019-08-20 14:34:52,232 INFO  server.RaftServerConfigKeys (ConfUtils.java:logGet(43)) - raft.server.log.preallocated.size = 16384 (custom)
2019-08-20 14:34:52,233 INFO  server.RaftServerConfigKeys (ConfUtils.java:logGet(43)) - raft.server.log.write.buffer.size = 33554432 (custom)
2019-08-20 14:34:52,233 INFO  server.RaftServerConfigKeys (ConfUtils.java:logGet(43)) - raft.server.log.force.sync.num = 128 (default)
2019-08-20 14:34:52,233 INFO  server.RaftServerConfigKeys (ConfUtils.java:logGet(43)) - raft.server.log.statemachine.data.sync = true (default)
2019-08-20 14:34:52,233 INFO  server.RaftServerConfigKeys (ConfUtils.java:logGet(43)) - raft.server.log.statemachine.data.sync.timeout = 10s (default)
2019-08-20 14:34:52,233 INFO  server.RaftServerConfigKeys (ConfUtils.java:logGet(43)) - raft.server.log.statemachine.data.sync.timeout.retry = -1 (default)
2019-08-20 14:34:52,234 INFO  server.RaftServerConfigKeys (ConfUtils.java:logGet(43)) - raft.server.log.statemachine.data.caching.enabled = true (custom)
2019-08-20 14:34:52,234 INFO  segmented.SegmentedRaftLogWorker (SegmentedRaftLogWorker.java:lambda$new$0(132)) - 4f4b4c2b-9891-494a-a853-d1ce74a38e78-SegmentedRaftLogWorker:Storage Directory /workdir/hadoop-ozone/integration-test/target/test-dir/MiniOzoneClusterImpl-2c49b900-e545-42f2-ab59-957038006ec1/datanode-5/data/ratis/bfcea5fd-ef9e-41d7-8a0b-ca99c479a247: flushIndex: setUnconditionally 0 -> -1
2019-08-20 14:34:52,235 INFO  server.RaftServerConfigKeys (ConfUtils.java:logGet(43)) - raft.server.snapshot.auto.trigger.enabled = true (custom)
2019-08-20 14:34:52,235 INFO  server.RaftServerConfigKeys (ConfUtils.java:logGet(43)) - raft.server.snapshot.auto.trigger.threshold = 10000 (custom)
2019-08-20 14:34:52,235 INFO  server.RaftServerConfigKeys (ConfUtils.java:logGet(43)) - raft.server.retrycache.expirytime = 600000ms (custom)
2019-08-20 14:34:52,236 INFO  impl.RaftServerImpl (RaftServerImpl.java:start(180)) - 4f4b4c2b-9891-494a-a853-d1ce74a38e78: start group-CA99C479A247
2019-08-20 14:34:52,236 INFO  impl.RaftServerImpl (RaftServerImpl.java:setRole(171)) - 4f4b4c2b-9891-494a-a853-d1ce74a38e78:group-CA99C479A247 changes role from null to FOLLOWER at term 0 for startAsFollower
2019-08-20 14:34:52,236 INFO  impl.RoleInfo (RoleInfo.java:updateAndGet(143)) - 4f4b4c2b-9891-494a-a853-d1ce74a38e78: start FollowerState
2019-08-20 14:34:52,237 INFO  util.JmxRegister (JmxRegister.java:tryRegister(44)) - Successfully registered JMX Bean with object name Ratis:service=RaftServer,group=group-CA99C479A247,id=4f4b4c2b-9891-494a-a853-d1ce74a38e78
2019-08-20 14:34:52,244 INFO  pipeline.PipelineStateManager (PipelineStateManager.java:addPipeline(56)) - Created pipeline Pipeline[ Id: bfcea5fd-ef9e-41d7-8a0b-ca99c479a247, Nodes: 4f4b4c2b-9891-494a-a853-d1ce74a38e78{ip: 192.168.5.159, host: pr-hdds-1948-qmvbp-2153692187, networkLocation: /default-rack, certSerialId: null}, Type:RATIS, Factor:ONE, State:OPEN]
2019-08-20 14:34:52,259 INFO  impl.RaftServerProxy (RaftServerProxy.java:addNew(89)) - 4f4b4c2b-9891-494a-a853-d1ce74a38e78: addNew group-E4919EC28715:[4f4b4c2b-9891-494a-a853-d1ce74a38e78:192.168.5.159:40054, 078ae558-aba9-4dbf-9250-ea4c71781868:192.168.5.159:46209, a3d8aab6-9afb-4f8a-80a1-67a307609e9b:192.168.5.159:38021] returns group-E4919EC28715:java.util.concurrent.CompletableFuture@6819f77[Not completed]
2019-08-20 14:34:52,259 INFO  impl.RaftServerProxy (RaftServerProxy.java:addNew(89)) - a3d8aab6-9afb-4f8a-80a1-67a307609e9b: addNew group-E4919EC28715:[4f4b4c2b-9891-494a-a853-d1ce74a38e78:192.168.5.159:40054, 078ae558-aba9-4dbf-9250-ea4c71781868:192.168.5.159:46209, a3d8aab6-9afb-4f8a-80a1-67a307609e9b:192.168.5.159:38021] returns group-E4919EC28715:java.util.concurrent.CompletableFuture@3150a5f4[Not completed]
2019-08-20 14:34:52,259 INFO  impl.RaftServerProxy (RaftServerProxy.java:addNew(89)) - 078ae558-aba9-4dbf-9250-ea4c71781868: addNew group-E4919EC28715:[4f4b4c2b-9891-494a-a853-d1ce74a38e78:192.168.5.159:40054, 078ae558-aba9-4dbf-9250-ea4c71781868:192.168.5.159:46209, a3d8aab6-9afb-4f8a-80a1-67a307609e9b:192.168.5.159:38021] returns group-E4919EC28715:java.util.concurrent.CompletableFuture@48725918[Not completed]
2019-08-20 14:34:52,261 INFO  impl.RaftServerImpl (RaftServerImpl.java:<init>(93)) - 4f4b4c2b-9891-494a-a853-d1ce74a38e78: new RaftServerImpl for group-E4919EC28715:[4f4b4c2b-9891-494a-a853-d1ce74a38e78:192.168.5.159:40054, 078ae558-aba9-4dbf-9250-ea4c71781868:192.168.5.159:46209, a3d8aab6-9afb-4f8a-80a1-67a307609e9b:192.168.5.159:38021] with ContainerStateMachine:uninitialized
2019-08-20 14:34:52,262 INFO  server.RaftServerConfigKeys (ConfUtils.java:logGet(43)) - raft.server.rpc.timeout.min = 5s (custom)
2019-08-20 14:34:52,262 INFO  server.RaftServerConfigKeys (ConfUtils.java:logGet(43)) - raft.server.rpc.timeout.max = 5200ms (custom)
2019-08-20 14:34:52,262 INFO  server.RaftServerConfigKeys (ConfUtils.java:logGet(43)) - raft.server.rpcslowness.timeout = 120s (custom)
2019-08-20 14:34:52,262 INFO  server.RaftServerConfigKeys (ConfUtils.java:logGet(43)) - raft.server.sleep.deviation.threshold = 300 (default)
2019-08-20 14:34:52,262 INFO  server.RaftServerConfigKeys (ConfUtils.java:logGet(43)) - raft.server.log.appender.install.snapshot.enabled = false (custom)
2019-08-20 14:34:52,263 INFO  impl.RaftServerImpl (ServerState.java:<init>(105)) - 4f4b4c2b-9891-494a-a853-d1ce74a38e78:group-E4919EC28715 ConfigurationManager, init=-1: [4f4b4c2b-9891-494a-a853-d1ce74a38e78:192.168.5.159:40054, 078ae558-aba9-4dbf-9250-ea4c71781868:192.168.5.159:46209, a3d8aab6-9afb-4f8a-80a1-67a307609e9b:192.168.5.159:38021], old=null, confs=<EMPTY_MAP>
2019-08-20 14:34:52,263 INFO  impl.RaftServerImpl (RaftServerImpl.java:<init>(93)) - a3d8aab6-9afb-4f8a-80a1-67a307609e9b: new RaftServerImpl for group-E4919EC28715:[4f4b4c2b-9891-494a-a853-d1ce74a38e78:192.168.5.159:40054, 078ae558-aba9-4dbf-9250-ea4c71781868:192.168.5.159:46209, a3d8aab6-9afb-4f8a-80a1-67a307609e9b:192.168.5.159:38021] with ContainerStateMachine:uninitialized
2019-08-20 14:34:52,263 INFO  server.RaftServerConfigKeys (ConfUtils.java:logGet(43)) - raft.server.storage.dir = [/workdir/hadoop-ozone/integration-test/target/test-dir/MiniOzoneClusterImpl-2c49b900-e545-42f2-ab59-957038006ec1/datanode-5/data/ratis] (custom)
2019-08-20 14:34:52,263 INFO  server.RaftServerConfigKeys (ConfUtils.java:logGet(43)) - raft.server.rpc.timeout.min = 5s (custom)
2019-08-20 14:34:52,263 INFO  server.RaftServerConfigKeys (ConfUtils.java:logGet(43)) - raft.server.rpc.timeout.max = 5200ms (custom)
2019-08-20 14:34:52,263 INFO  storage.RaftStorageDirectory (RaftStorageDirectory.java:analyzeStorage(246)) - The storage directory /workdir/hadoop-ozone/integration-test/target/test-dir/MiniOzoneClusterImpl-2c49b900-e545-42f2-ab59-957038006ec1/datanode-5/data/ratis/82f170b6-9e33-48c3-969d-e4919ec28715 does not exist. Creating ...
2019-08-20 14:34:52,263 INFO  server.RaftServerConfigKeys (ConfUtils.java:logGet(43)) - raft.server.rpcslowness.timeout = 120s (custom)
2019-08-20 14:34:52,263 INFO  impl.RaftServerImpl (RaftServerImpl.java:<init>(93)) - 078ae558-aba9-4dbf-9250-ea4c71781868: new RaftServerImpl for group-E4919EC28715:[4f4b4c2b-9891-494a-a853-d1ce74a38e78:192.168.5.159:40054, 078ae558-aba9-4dbf-9250-ea4c71781868:192.168.5.159:46209, a3d8aab6-9afb-4f8a-80a1-67a307609e9b:192.168.5.159:38021] with ContainerStateMachine:uninitialized
2019-08-20 14:34:52,264 INFO  server.RaftServerConfigKeys (ConfUtils.java:logGet(43)) - raft.server.sleep.deviation.threshold = 300 (default)
2019-08-20 14:34:52,264 INFO  server.RaftServerConfigKeys (ConfUtils.java:logGet(43)) - raft.server.rpc.timeout.min = 5s (custom)
2019-08-20 14:34:52,264 INFO  server.RaftServerConfigKeys (ConfUtils.java:logGet(43)) - raft.server.log.appender.install.snapshot.enabled = false (custom)
2019-08-20 14:34:52,264 INFO  server.RaftServerConfigKeys (ConfUtils.java:logGet(43)) - raft.server.rpc.timeout.max = 5200ms (custom)
2019-08-20 14:34:52,264 INFO  impl.RaftServerImpl (ServerState.java:<init>(105)) - a3d8aab6-9afb-4f8a-80a1-67a307609e9b:group-E4919EC28715 ConfigurationManager, init=-1: [4f4b4c2b-9891-494a-a853-d1ce74a38e78:192.168.5.159:40054, 078ae558-aba9-4dbf-9250-ea4c71781868:192.168.5.159:46209, a3d8aab6-9afb-4f8a-80a1-67a307609e9b:192.168.5.159:38021], old=null, confs=<EMPTY_MAP>
2019-08-20 14:34:52,264 INFO  server.RaftServerConfigKeys (ConfUtils.java:logGet(43)) - raft.server.rpcslowness.timeout = 120s (custom)
2019-08-20 14:34:52,264 INFO  server.RaftServerConfigKeys (ConfUtils.java:logGet(43)) - raft.server.storage.dir = [/workdir/hadoop-ozone/integration-test/target/test-dir/MiniOzoneClusterImpl-2c49b900-e545-42f2-ab59-957038006ec1/datanode-4/data/ratis] (custom)
2019-08-20 14:34:52,264 INFO  server.RaftServerConfigKeys (ConfUtils.java:logGet(43)) - raft.server.sleep.deviation.threshold = 300 (default)
2019-08-20 14:34:52,264 INFO  server.RaftServerConfigKeys (ConfUtils.java:logGet(43)) - raft.server.log.appender.install.snapshot.enabled = false (custom)
2019-08-20 14:34:52,265 INFO  impl.RaftServerImpl (ServerState.java:<init>(105)) - 078ae558-aba9-4dbf-9250-ea4c71781868:group-E4919EC28715 ConfigurationManager, init=-1: [4f4b4c2b-9891-494a-a853-d1ce74a38e78:192.168.5.159:40054, 078ae558-aba9-4dbf-9250-ea4c71781868:192.168.5.159:46209, a3d8aab6-9afb-4f8a-80a1-67a307609e9b:192.168.5.159:38021], old=null, confs=<EMPTY_MAP>
2019-08-20 14:34:52,265 INFO  storage.RaftStorageDirectory (RaftStorageDirectory.java:analyzeStorage(246)) - The storage directory /workdir/hadoop-ozone/integration-test/target/test-dir/MiniOzoneClusterImpl-2c49b900-e545-42f2-ab59-957038006ec1/datanode-4/data/ratis/82f170b6-9e33-48c3-969d-e4919ec28715 does not exist. Creating ...
2019-08-20 14:34:52,265 INFO  server.RaftServerConfigKeys (ConfUtils.java:logGet(43)) - raft.server.storage.dir = [/workdir/hadoop-ozone/integration-test/target/test-dir/MiniOzoneClusterImpl-2c49b900-e545-42f2-ab59-957038006ec1/datanode-3/data/ratis] (custom)
2019-08-20 14:34:52,265 INFO  storage.RaftStorageDirectory (RaftStorageDirectory.java:analyzeStorage(246)) - The storage directory /workdir/hadoop-ozone/integration-test/target/test-dir/MiniOzoneClusterImpl-2c49b900-e545-42f2-ab59-957038006ec1/datanode-3/data/ratis/82f170b6-9e33-48c3-969d-e4919ec28715 does not exist. Creating ...
2019-08-20 14:34:52,277 INFO  storage.RaftStorageDirectory (RaftStorageDirectory.java:tryLock(328)) - Lock on /workdir/hadoop-ozone/integration-test/target/test-dir/MiniOzoneClusterImpl-2c49b900-e545-42f2-ab59-957038006ec1/datanode-3/data/ratis/82f170b6-9e33-48c3-969d-e4919ec28715/in_use.lock acquired by nodename 22532@pr-hdds-1948-qmvbp-2153692187
2019-08-20 14:34:52,277 INFO  storage.RaftStorageDirectory (RaftStorageDirectory.java:tryLock(328)) - Lock on /workdir/hadoop-ozone/integration-test/target/test-dir/MiniOzoneClusterImpl-2c49b900-e545-42f2-ab59-957038006ec1/datanode-4/data/ratis/82f170b6-9e33-48c3-969d-e4919ec28715/in_use.lock acquired by nodename 22532@pr-hdds-1948-qmvbp-2153692187
2019-08-20 14:34:52,277 INFO  storage.RaftStorageDirectory (RaftStorageDirectory.java:tryLock(328)) - Lock on /workdir/hadoop-ozone/integration-test/target/test-dir/MiniOzoneClusterImpl-2c49b900-e545-42f2-ab59-957038006ec1/datanode-5/data/ratis/82f170b6-9e33-48c3-969d-e4919ec28715/in_use.lock acquired by nodename 22532@pr-hdds-1948-qmvbp-2153692187
2019-08-20 14:34:52,291 INFO  storage.RaftStorage (RaftStorage.java:format(72)) - Storage directory /workdir/hadoop-ozone/integration-test/target/test-dir/MiniOzoneClusterImpl-2c49b900-e545-42f2-ab59-957038006ec1/datanode-3/data/ratis/82f170b6-9e33-48c3-969d-e4919ec28715 has been successfully formatted.
2019-08-20 14:34:52,291 INFO  storage.RaftStorage (RaftStorage.java:format(72)) - Storage directory /workdir/hadoop-ozone/integration-test/target/test-dir/MiniOzoneClusterImpl-2c49b900-e545-42f2-ab59-957038006ec1/datanode-4/data/ratis/82f170b6-9e33-48c3-969d-e4919ec28715 has been successfully formatted.
2019-08-20 14:34:52,291 INFO  ratis.ContainerStateMachine (ContainerStateMachine.java:loadSnapshot(222)) - group-E4919EC28715: The snapshot info is null. Setting the last applied indexto:(t:0, i:~)
2019-08-20 14:34:52,291 INFO  storage.RaftStorage (RaftStorage.java:format(72)) - Storage directory /workdir/hadoop-ozone/integration-test/target/test-dir/MiniOzoneClusterImpl-2c49b900-e545-42f2-ab59-957038006ec1/datanode-5/data/ratis/82f170b6-9e33-48c3-969d-e4919ec28715 has been successfully formatted.
2019-08-20 14:34:52,291 INFO  server.RaftServerConfigKeys (ConfUtils.java:logGet(43)) - raft.server.leader.election.timeout = 120s (custom)
2019-08-20 14:34:52,291 INFO  ratis.ContainerStateMachine (ContainerStateMachine.java:loadSnapshot(222)) - group-E4919EC28715: The snapshot info is null. Setting the last applied indexto:(t:0, i:~)
2019-08-20 14:34:52,291 INFO  ratis.ContainerStateMachine (ContainerStateMachine.java:loadSnapshot(222)) - group-E4919EC28715: The snapshot info is null. Setting the last applied indexto:(t:0, i:~)
2019-08-20 14:34:52,292 INFO  server.RaftServerConfigKeys (ConfUtils.java:logGet(43)) - raft.server.leader.election.timeout = 120s (custom)
2019-08-20 14:34:52,291 INFO  server.RaftServerConfigKeys (ConfUtils.java:logGet(43)) - raft.server.log.use.memory = false (default)
2019-08-20 14:34:52,292 INFO  server.RaftServerConfigKeys (ConfUtils.java:logGet(43)) - raft.server.log.use.memory = false (default)
2019-08-20 14:34:52,292 INFO  server.RaftServerConfigKeys (ConfUtils.java:logGet(43)) - raft.server.leader.election.timeout = 120s (custom)
2019-08-20 14:34:52,292 INFO  server.RaftServerConfigKeys (ConfUtils.java:logGet(43)) - raft.server.log.purge.gap = 1000000000 (custom)
2019-08-20 14:34:52,292 INFO  server.RaftServerConfigKeys (ConfUtils.java:logGet(43)) - raft.server.log.purge.gap = 1000000000 (custom)
2019-08-20 14:34:52,292 INFO  server.RaftServerConfigKeys (ConfUtils.java:logGet(43)) - raft.server.log.appender.buffer.byte-limit = 33554432 (custom)
2019-08-20 14:34:52,292 INFO  server.RaftServerConfigKeys (ConfUtils.java:logGet(43)) - raft.server.log.use.memory = false (default)
2019-08-20 14:34:52,292 INFO  server.RaftServerConfigKeys (ConfUtils.java:logGet(43)) - raft.server.log.segment.size.max = 1048576 (custom)
2019-08-20 14:34:52,292 INFO  server.RaftServerConfigKeys (ConfUtils.java:logGet(43)) - raft.server.log.appender.buffer.byte-limit = 33554432 (custom)
2019-08-20 14:34:52,293 INFO  server.RaftServerConfigKeys (ConfUtils.java:logGet(43)) - raft.server.log.segment.cache.num.max = 2 (custom)
2019-08-20 14:34:52,293 INFO  server.RaftServerConfigKeys (ConfUtils.java:logGet(43)) - raft.server.log.purge.gap = 1000000000 (custom)
2019-08-20 14:34:52,293 INFO  segmented.SegmentedRaftLogWorker (SegmentedRaftLogWorker.java:<init>(172)) - new 4f4b4c2b-9891-494a-a853-d1ce74a38e78-SegmentedRaftLogWorker:Storage Directory /workdir/hadoop-ozone/integration-test/target/test-dir/MiniOzoneClusterImpl-2c49b900-e545-42f2-ab59-957038006ec1/datanode-5/data/ratis/82f170b6-9e33-48c3-969d-e4919ec28715 for RaftStorage:Storage Directory /workdir/hadoop-ozone/integration-test/target/test-dir/MiniOzoneClusterImpl-2c49b900-e545-42f2-ab59-957038006ec1/datanode-5/data/ratis/82f170b6-9e33-48c3-969d-e4919ec28715
2019-08-20 14:34:52,293 INFO  server.RaftServerConfigKeys (ConfUtils.java:logGet(43)) - raft.server.log.segment.size.max = 1048576 (custom)
2019-08-20 14:34:52,293 INFO  server.RaftServerConfigKeys (ConfUtils.java:logGet(43)) - raft.server.log.queue.byte-limit = 2147483647 (custom)
2019-08-20 14:34:52,293 INFO  server.RaftServerConfigKeys (ConfUtils.java:logGet(43)) - raft.server.log.appender.buffer.byte-limit = 33554432 (custom)
2019-08-20 14:34:52,293 INFO  server.RaftServerConfigKeys (ConfUtils.java:logGet(43)) - raft.server.log.queue.element-limit = 1024 (custom)
2019-08-20 14:34:52,293 INFO  server.RaftServerConfigKeys (ConfUtils.java:logGet(43)) - raft.server.log.segment.cache.num.max = 2 (custom)
2019-08-20 14:34:52,294 INFO  server.RaftServerConfigKeys (ConfUtils.java:logGet(43)) - raft.server.log.segment.size.max = 1048576 (custom)
2019-08-20 14:34:52,293 INFO  server.RaftServerConfigKeys (ConfUtils.java:logGet(43)) - raft.server.log.segment.size.max = 1048576 (custom)
2019-08-20 14:34:52,294 INFO  server.RaftServerConfigKeys (ConfUtils.java:logGet(43)) - raft.server.log.preallocated.size = 16384 (custom)
2019-08-20 14:34:52,294 INFO  segmented.SegmentedRaftLogWorker (SegmentedRaftLogWorker.java:<init>(172)) - new 078ae558-aba9-4dbf-9250-ea4c71781868-SegmentedRaftLogWorker:Storage Directory /workdir/hadoop-ozone/integration-test/target/test-dir/MiniOzoneClusterImpl-2c49b900-e545-42f2-ab59-957038006ec1/datanode-3/data/ratis/82f170b6-9e33-48c3-969d-e4919ec28715 for RaftStorage:Storage Directory /workdir/hadoop-ozone/integration-test/target/test-dir/MiniOzoneClusterImpl-2c49b900-e545-42f2-ab59-957038006ec1/datanode-3/data/ratis/82f170b6-9e33-48c3-969d-e4919ec28715
2019-08-20 14:34:52,294 INFO  server.RaftServerConfigKeys (ConfUtils.java:logGet(43)) - raft.server.log.write.buffer.size = 33554432 (custom)
2019-08-20 14:34:52,294 INFO  server.RaftServerConfigKeys (ConfUtils.java:logGet(43)) - raft.server.log.segment.cache.num.max = 2 (custom)
2019-08-20 14:34:52,294 INFO  server.RaftServerConfigKeys (ConfUtils.java:logGet(43)) - raft.server.log.force.sync.num = 128 (default)
2019-08-20 14:34:52,294 INFO  server.RaftServerConfigKeys (ConfUtils.java:logGet(43)) - raft.server.log.queue.byte-limit = 2147483647 (custom)
2019-08-20 14:34:52,295 INFO  server.RaftServerConfigKeys (ConfUtils.java:logGet(43)) - raft.server.log.statemachine.data.sync = true (default)
2019-08-20 14:34:52,295 INFO  segmented.SegmentedRaftLogWorker (SegmentedRaftLogWorker.java:<init>(172)) - new a3d8aab6-9afb-4f8a-80a1-67a307609e9b-SegmentedRaftLogWorker:Storage Directory /workdir/hadoop-ozone/integration-test/target/test-dir/MiniOzoneClusterImpl-2c49b900-e545-42f2-ab59-957038006ec1/datanode-4/data/ratis/82f170b6-9e33-48c3-969d-e4919ec28715 for RaftStorage:Storage Directory /workdir/hadoop-ozone/integration-test/target/test-dir/MiniOzoneClusterImpl-2c49b900-e545-42f2-ab59-957038006ec1/datanode-4/data/ratis/82f170b6-9e33-48c3-969d-e4919ec28715
2019-08-20 14:34:52,295 INFO  server.RaftServerConfigKeys (ConfUtils.java:logGet(43)) - raft.server.log.statemachine.data.sync.timeout = 10s (default)
2019-08-20 14:34:52,295 INFO  server.RaftServerConfigKeys (ConfUtils.java:logGet(43)) - raft.server.log.queue.element-limit = 1024 (custom)
2019-08-20 14:34:52,295 INFO  server.RaftServerConfigKeys (ConfUtils.java:logGet(43)) - raft.server.log.statemachine.data.sync.timeout.retry = -1 (default)
2019-08-20 14:34:52,295 INFO  server.RaftServerConfigKeys (ConfUtils.java:logGet(43)) - raft.server.log.queue.byte-limit = 2147483647 (custom)
2019-08-20 14:34:52,295 INFO  server.RaftServerConfigKeys (ConfUtils.java:logGet(43)) - raft.server.log.statemachine.data.caching.enabled = true (custom)
2019-08-20 14:34:52,295 INFO  server.RaftServerConfigKeys (ConfUtils.java:logGet(43)) - raft.server.log.segment.size.max = 1048576 (custom)
2019-08-20 14:34:52,296 INFO  server.RaftServerConfigKeys (ConfUtils.java:logGet(43)) - raft.server.log.queue.element-limit = 1024 (custom)
2019-08-20 14:34:52,296 INFO  server.RaftServerConfigKeys (ConfUtils.java:logGet(43)) - raft.server.log.preallocated.size = 16384 (custom)
2019-08-20 14:34:52,296 INFO  segmented.SegmentedRaftLogWorker (SegmentedRaftLogWorker.java:lambda$new$0(132)) - 4f4b4c2b-9891-494a-a853-d1ce74a38e78-SegmentedRaftLogWorker:Storage Directory /workdir/hadoop-ozone/integration-test/target/test-dir/MiniOzoneClusterImpl-2c49b900-e545-42f2-ab59-957038006ec1/datanode-5/data/ratis/82f170b6-9e33-48c3-969d-e4919ec28715: flushIndex: setUnconditionally 0 -> -1
2019-08-20 14:34:52,296 INFO  server.RaftServerConfigKeys (ConfUtils.java:logGet(43)) - raft.server.log.write.buffer.size = 33554432 (custom)
2019-08-20 14:34:52,296 INFO  server.RaftServerConfigKeys (ConfUtils.java:logGet(43)) - raft.server.snapshot.auto.trigger.enabled = true (custom)
2019-08-20 14:34:52,296 INFO  server.RaftServerConfigKeys (ConfUtils.java:logGet(43)) - raft.server.log.segment.size.max = 1048576 (custom)
2019-08-20 14:34:52,297 INFO  server.RaftServerConfigKeys (ConfUtils.java:logGet(43)) - raft.server.snapshot.auto.trigger.threshold = 10000 (custom)
2019-08-20 14:34:52,296 INFO  server.RaftServerConfigKeys (ConfUtils.java:logGet(43)) - raft.server.log.force.sync.num = 128 (default)
2019-08-20 14:34:52,297 INFO  server.RaftServerConfigKeys (ConfUtils.java:logGet(43)) - raft.server.retrycache.expirytime = 600000ms (custom)
2019-08-20 14:34:52,297 INFO  server.RaftServerConfigKeys (ConfUtils.java:logGet(43)) - raft.server.log.preallocated.size = 16384 (custom)
2019-08-20 14:34:52,297 INFO  impl.RaftServerImpl (RaftServerImpl.java:start(180)) - 4f4b4c2b-9891-494a-a853-d1ce74a38e78: start group-E4919EC28715
2019-08-20 14:34:52,297 INFO  server.RaftServerConfigKeys (ConfUtils.java:logGet(43)) - raft.server.log.statemachine.data.sync = true (default)
2019-08-20 14:34:52,297 INFO  impl.RaftServerImpl (RaftServerImpl.java:setRole(171)) - 4f4b4c2b-9891-494a-a853-d1ce74a38e78:group-E4919EC28715 changes role from null to FOLLOWER at term 0 for startAsFollower
2019-08-20 14:34:52,297 INFO  server.RaftServerConfigKeys (ConfUtils.java:logGet(43)) - raft.server.log.write.buffer.size = 33554432 (custom)
2019-08-20 14:34:52,297 INFO  impl.RoleInfo (RoleInfo.java:updateAndGet(143)) - 4f4b4c2b-9891-494a-a853-d1ce74a38e78: start FollowerState
2019-08-20 14:34:52,297 INFO  server.RaftServerConfigKeys (ConfUtils.java:logGet(43)) - raft.server.log.statemachine.data.sync.timeout = 10s (default)
2019-08-20 14:34:52,298 INFO  server.RaftServerConfigKeys (ConfUtils.java:logGet(43)) - raft.server.log.force.sync.num = 128 (default)
2019-08-20 14:34:52,298 INFO  server.RaftServerConfigKeys (ConfUtils.java:logGet(43)) - raft.server.log.statemachine.data.sync.timeout.retry = -1 (default)
2019-08-20 14:34:52,298 INFO  util.JmxRegister (JmxRegister.java:tryRegister(44)) - Successfully registered JMX Bean with object name Ratis:service=RaftServer,group=group-E4919EC28715,id=4f4b4c2b-9891-494a-a853-d1ce74a38e78
2019-08-20 14:34:52,298 INFO  server.RaftServerConfigKeys (ConfUtils.java:logGet(43)) - raft.server.log.statemachine.data.sync = true (default)
2019-08-20 14:34:52,298 INFO  server.RaftServerConfigKeys (ConfUtils.java:logGet(43)) - raft.server.log.statemachine.data.caching.enabled = true (custom)
2019-08-20 14:34:52,298 INFO  server.RaftServerConfigKeys (ConfUtils.java:logGet(43)) - raft.server.log.statemachine.data.sync.timeout = 10s (default)
2019-08-20 14:34:52,299 INFO  server.RaftServerConfigKeys (ConfUtils.java:logGet(43)) - raft.server.log.statemachine.data.sync.timeout.retry = -1 (default)
2019-08-20 14:34:52,299 INFO  segmented.SegmentedRaftLogWorker (SegmentedRaftLogWorker.java:lambda$new$0(132)) - 078ae558-aba9-4dbf-9250-ea4c71781868-SegmentedRaftLogWorker:Storage Directory /workdir/hadoop-ozone/integration-test/target/test-dir/MiniOzoneClusterImpl-2c49b900-e545-42f2-ab59-957038006ec1/datanode-3/data/ratis/82f170b6-9e33-48c3-969d-e4919ec28715: flushIndex: setUnconditionally 0 -> -1
2019-08-20 14:34:52,299 INFO  server.RaftServerConfigKeys (ConfUtils.java:logGet(43)) - raft.server.log.statemachine.data.caching.enabled = true (custom)
2019-08-20 14:34:52,299 INFO  server.RaftServerConfigKeys (ConfUtils.java:logGet(43)) - raft.server.snapshot.auto.trigger.enabled = true (custom)
2019-08-20 14:34:52,299 INFO  server.RaftServerConfigKeys (ConfUtils.java:logGet(43)) - raft.server.snapshot.auto.trigger.threshold = 10000 (custom)
2019-08-20 14:34:52,299 INFO  segmented.SegmentedRaftLogWorker (SegmentedRaftLogWorker.java:lambda$new$0(132)) - a3d8aab6-9afb-4f8a-80a1-67a307609e9b-SegmentedRaftLogWorker:Storage Directory /workdir/hadoop-ozone/integration-test/target/test-dir/MiniOzoneClusterImpl-2c49b900-e545-42f2-ab59-957038006ec1/datanode-4/data/ratis/82f170b6-9e33-48c3-969d-e4919ec28715: flushIndex: setUnconditionally 0 -> -1
2019-08-20 14:34:52,299 INFO  server.RaftServerConfigKeys (ConfUtils.java:logGet(43)) - raft.server.retrycache.expirytime = 600000ms (custom)
2019-08-20 14:34:52,303 INFO  server.RaftServerConfigKeys (ConfUtils.java:logGet(43)) - raft.server.snapshot.auto.trigger.enabled = true (custom)
2019-08-20 14:34:52,303 INFO  impl.RaftServerImpl (RaftServerImpl.java:start(180)) - 078ae558-aba9-4dbf-9250-ea4c71781868: start group-E4919EC28715
2019-08-20 14:34:52,303 INFO  server.RaftServerConfigKeys (ConfUtils.java:logGet(43)) - raft.server.snapshot.auto.trigger.threshold = 10000 (custom)
2019-08-20 14:34:52,303 INFO  impl.RaftServerImpl (RaftServerImpl.java:setRole(171)) - 078ae558-aba9-4dbf-9250-ea4c71781868:group-E4919EC28715 changes role from null to FOLLOWER at term 0 for startAsFollower
2019-08-20 14:34:52,303 INFO  server.RaftServerConfigKeys (ConfUtils.java:logGet(43)) - raft.server.retrycache.expirytime = 600000ms (custom)
2019-08-20 14:34:52,303 INFO  impl.RoleInfo (RoleInfo.java:updateAndGet(143)) - 078ae558-aba9-4dbf-9250-ea4c71781868: start FollowerState
2019-08-20 14:34:52,303 INFO  impl.RaftServerImpl (RaftServerImpl.java:start(180)) - a3d8aab6-9afb-4f8a-80a1-67a307609e9b: start group-E4919EC28715
2019-08-20 14:34:52,303 INFO  impl.RaftServerImpl (RaftServerImpl.java:setRole(171)) - a3d8aab6-9afb-4f8a-80a1-67a307609e9b:group-E4919EC28715 changes role from null to FOLLOWER at term 0 for startAsFollower
2019-08-20 14:34:52,304 INFO  impl.RoleInfo (RoleInfo.java:updateAndGet(143)) - a3d8aab6-9afb-4f8a-80a1-67a307609e9b: start FollowerState
2019-08-20 14:34:52,304 INFO  util.JmxRegister (JmxRegister.java:tryRegister(44)) - Successfully registered JMX Bean with object name Ratis:service=RaftServer,group=group-E4919EC28715,id=078ae558-aba9-4dbf-9250-ea4c71781868
2019-08-20 14:34:52,304 INFO  util.JmxRegister (JmxRegister.java:tryRegister(44)) - Successfully registered JMX Bean with object name Ratis:service=RaftServer,group=group-E4919EC28715,id=a3d8aab6-9afb-4f8a-80a1-67a307609e9b
2019-08-20 14:34:52,313 INFO  pipeline.PipelineStateManager (PipelineStateManager.java:addPipeline(56)) - Created pipeline Pipeline[ Id: 82f170b6-9e33-48c3-969d-e4919ec28715, Nodes: a3d8aab6-9afb-4f8a-80a1-67a307609e9b{ip: 192.168.5.159, host: pr-hdds-1948-qmvbp-2153692187, networkLocation: /default-rack, certSerialId: null}078ae558-aba9-4dbf-9250-ea4c71781868{ip: 192.168.5.159, host: pr-hdds-1948-qmvbp-2153692187, networkLocation: /default-rack, certSerialId: null}4f4b4c2b-9891-494a-a853-d1ce74a38e78{ip: 192.168.5.159, host: pr-hdds-1948-qmvbp-2153692187, networkLocation: /default-rack, certSerialId: null}, Type:RATIS, Factor:THREE, State:OPEN]
2019-08-20 14:34:52,370 INFO  ozone.MiniOzoneClusterImpl (MiniOzoneClusterImpl.java:lambda$waitForClusterToBeReady$0(142)) - Waiting for cluster to be ready. Got 6 of 7 DN Heartbeats.
2019-08-20 14:34:52,371 INFO  net.NetworkTopology (NetworkTopologyImpl.java:add(110)) - Added a new node: /default-rack/bd3c3b78-9258-428f-be50-30c126e2ade0
2019-08-20 14:34:52,371 INFO  node.SCMNodeManager (SCMNodeManager.java:register(273)) - Registered Data node : bd3c3b78-9258-428f-be50-30c126e2ade0{ip: 192.168.5.159, host: pr-hdds-1948-qmvbp-2153692187, networkLocation: /default-rack, certSerialId: null}
2019-08-20 14:34:52,382 INFO  impl.RaftServerProxy (RaftServerProxy.java:addNew(89)) - bd3c3b78-9258-428f-be50-30c126e2ade0: addNew group-443D2AFFC24E:[bd3c3b78-9258-428f-be50-30c126e2ade0:192.168.5.159:44777] returns group-443D2AFFC24E:java.util.concurrent.CompletableFuture@70785272[Not completed]
2019-08-20 14:34:52,387 INFO  impl.RaftServerImpl (RaftServerImpl.java:<init>(93)) - bd3c3b78-9258-428f-be50-30c126e2ade0: new RaftServerImpl for group-443D2AFFC24E:[bd3c3b78-9258-428f-be50-30c126e2ade0:192.168.5.159:44777] with ContainerStateMachine:uninitialized
2019-08-20 14:34:52,387 INFO  server.RaftServerConfigKeys (ConfUtils.java:logGet(43)) - raft.server.rpc.timeout.min = 5s (custom)
2019-08-20 14:34:52,387 INFO  server.RaftServerConfigKeys (ConfUtils.java:logGet(43)) - raft.server.rpc.timeout.max = 5200ms (custom)
2019-08-20 14:34:52,387 INFO  server.RaftServerConfigKeys (ConfUtils.java:logGet(43)) - raft.server.rpcslowness.timeout = 120s (custom)
2019-08-20 14:34:52,387 INFO  server.RaftServerConfigKeys (ConfUtils.java:logGet(43)) - raft.server.sleep.deviation.threshold = 300 (default)
2019-08-20 14:34:52,388 INFO  server.RaftServerConfigKeys (ConfUtils.java:logGet(43)) - raft.server.log.appender.install.snapshot.enabled = false (custom)
2019-08-20 14:34:52,388 INFO  impl.RaftServerImpl (ServerState.java:<init>(105)) - bd3c3b78-9258-428f-be50-30c126e2ade0:group-443D2AFFC24E ConfigurationManager, init=-1: [bd3c3b78-9258-428f-be50-30c126e2ade0:192.168.5.159:44777], old=null, confs=<EMPTY_MAP>
2019-08-20 14:34:52,388 INFO  server.RaftServerConfigKeys (ConfUtils.java:logGet(43)) - raft.server.storage.dir = [/workdir/hadoop-ozone/integration-test/target/test-dir/MiniOzoneClusterImpl-2c49b900-e545-42f2-ab59-957038006ec1/datanode-6/data/ratis] (custom)
2019-08-20 14:34:52,388 INFO  storage.RaftStorageDirectory (RaftStorageDirectory.java:analyzeStorage(246)) - The storage directory /workdir/hadoop-ozone/integration-test/target/test-dir/MiniOzoneClusterImpl-2c49b900-e545-42f2-ab59-957038006ec1/datanode-6/data/ratis/74cc8fd3-1932-443e-8bfc-443d2affc24e does not exist. Creating ...
2019-08-20 14:34:52,402 INFO  storage.RaftStorageDirectory (RaftStorageDirectory.java:tryLock(328)) - Lock on /workdir/hadoop-ozone/integration-test/target/test-dir/MiniOzoneClusterImpl-2c49b900-e545-42f2-ab59-957038006ec1/datanode-6/data/ratis/74cc8fd3-1932-443e-8bfc-443d2affc24e/in_use.lock acquired by nodename 22532@pr-hdds-1948-qmvbp-2153692187
2019-08-20 14:34:52,417 INFO  storage.RaftStorage (RaftStorage.java:format(72)) - Storage directory /workdir/hadoop-ozone/integration-test/target/test-dir/MiniOzoneClusterImpl-2c49b900-e545-42f2-ab59-957038006ec1/datanode-6/data/ratis/74cc8fd3-1932-443e-8bfc-443d2affc24e has been successfully formatted.
2019-08-20 14:34:52,418 INFO  ratis.ContainerStateMachine (ContainerStateMachine.java:loadSnapshot(222)) - group-443D2AFFC24E: The snapshot info is null. Setting the last applied indexto:(t:0, i:~)
2019-08-20 14:34:52,418 INFO  server.RaftServerConfigKeys (ConfUtils.java:logGet(43)) - raft.server.leader.election.timeout = 120s (custom)
2019-08-20 14:34:52,418 INFO  server.RaftServerConfigKeys (ConfUtils.java:logGet(43)) - raft.server.log.use.memory = false (default)
2019-08-20 14:34:52,418 INFO  server.RaftServerConfigKeys (ConfUtils.java:logGet(43)) - raft.server.log.purge.gap = 1000000000 (custom)
2019-08-20 14:34:52,418 INFO  server.RaftServerConfigKeys (ConfUtils.java:logGet(43)) - raft.server.log.appender.buffer.byte-limit = 33554432 (custom)
2019-08-20 14:34:52,418 INFO  server.RaftServerConfigKeys (ConfUtils.java:logGet(43)) - raft.server.log.segment.size.max = 1048576 (custom)
2019-08-20 14:34:52,418 INFO  server.RaftServerConfigKeys (ConfUtils.java:logGet(43)) - raft.server.log.segment.cache.num.max = 2 (custom)
2019-08-20 14:34:52,419 INFO  segmented.SegmentedRaftLogWorker (SegmentedRaftLogWorker.java:<init>(172)) - new bd3c3b78-9258-428f-be50-30c126e2ade0-SegmentedRaftLogWorker:Storage Directory /workdir/hadoop-ozone/integration-test/target/test-dir/MiniOzoneClusterImpl-2c49b900-e545-42f2-ab59-957038006ec1/datanode-6/data/ratis/74cc8fd3-1932-443e-8bfc-443d2affc24e for RaftStorage:Storage Directory /workdir/hadoop-ozone/integration-test/target/test-dir/MiniOzoneClusterImpl-2c49b900-e545-42f2-ab59-957038006ec1/datanode-6/data/ratis/74cc8fd3-1932-443e-8bfc-443d2affc24e
2019-08-20 14:34:52,419 INFO  server.RaftServerConfigKeys (ConfUtils.java:logGet(43)) - raft.server.log.queue.byte-limit = 2147483647 (custom)
2019-08-20 14:34:52,419 INFO  server.RaftServerConfigKeys (ConfUtils.java:logGet(43)) - raft.server.log.queue.element-limit = 1024 (custom)
2019-08-20 14:34:52,419 INFO  server.RaftServerConfigKeys (ConfUtils.java:logGet(43)) - raft.server.log.segment.size.max = 1048576 (custom)
2019-08-20 14:34:52,419 INFO  server.RaftServerConfigKeys (ConfUtils.java:logGet(43)) - raft.server.log.preallocated.size = 16384 (custom)
2019-08-20 14:34:52,419 INFO  server.RaftServerConfigKeys (ConfUtils.java:logGet(43)) - raft.server.log.write.buffer.size = 33554432 (custom)
2019-08-20 14:34:52,419 INFO  server.RaftServerConfigKeys (ConfUtils.java:logGet(43)) - raft.server.log.force.sync.num = 128 (default)
2019-08-20 14:34:52,419 INFO  server.RaftServerConfigKeys (ConfUtils.java:logGet(43)) - raft.server.log.statemachine.data.sync = true (default)
2019-08-20 14:34:52,420 INFO  server.RaftServerConfigKeys (ConfUtils.java:logGet(43)) - raft.server.log.statemachine.data.sync.timeout = 10s (default)
2019-08-20 14:34:52,420 INFO  server.RaftServerConfigKeys (ConfUtils.java:logGet(43)) - raft.server.log.statemachine.data.sync.timeout.retry = -1 (default)
2019-08-20 14:34:52,420 INFO  server.RaftServerConfigKeys (ConfUtils.java:logGet(43)) - raft.server.log.statemachine.data.caching.enabled = true (custom)
2019-08-20 14:34:52,420 INFO  segmented.SegmentedRaftLogWorker (SegmentedRaftLogWorker.java:lambda$new$0(132)) - bd3c3b78-9258-428f-be50-30c126e2ade0-SegmentedRaftLogWorker:Storage Directory /workdir/hadoop-ozone/integration-test/target/test-dir/MiniOzoneClusterImpl-2c49b900-e545-42f2-ab59-957038006ec1/datanode-6/data/ratis/74cc8fd3-1932-443e-8bfc-443d2affc24e: flushIndex: setUnconditionally 0 -> -1
2019-08-20 14:34:52,420 INFO  server.RaftServerConfigKeys (ConfUtils.java:logGet(43)) - raft.server.snapshot.auto.trigger.enabled = true (custom)
2019-08-20 14:34:52,421 INFO  server.RaftServerConfigKeys (ConfUtils.java:logGet(43)) - raft.server.snapshot.auto.trigger.threshold = 10000 (custom)
2019-08-20 14:34:52,421 INFO  server.RaftServerConfigKeys (ConfUtils.java:logGet(43)) - raft.server.retrycache.expirytime = 600000ms (custom)
2019-08-20 14:34:52,421 INFO  impl.RaftServerImpl (RaftServerImpl.java:start(180)) - bd3c3b78-9258-428f-be50-30c126e2ade0: start group-443D2AFFC24E
2019-08-20 14:34:52,421 INFO  impl.RaftServerImpl (RaftServerImpl.java:setRole(171)) - bd3c3b78-9258-428f-be50-30c126e2ade0:group-443D2AFFC24E changes role from null to FOLLOWER at term 0 for startAsFollower
2019-08-20 14:34:52,421 INFO  impl.RoleInfo (RoleInfo.java:updateAndGet(143)) - bd3c3b78-9258-428f-be50-30c126e2ade0: start FollowerState
2019-08-20 14:34:52,421 INFO  util.JmxRegister (JmxRegister.java:tryRegister(44)) - Successfully registered JMX Bean with object name Ratis:service=RaftServer,group=group-443D2AFFC24E,id=bd3c3b78-9258-428f-be50-30c126e2ade0
2019-08-20 14:34:52,426 INFO  pipeline.PipelineStateManager (PipelineStateManager.java:addPipeline(56)) - Created pipeline Pipeline[ Id: 74cc8fd3-1932-443e-8bfc-443d2affc24e, Nodes: bd3c3b78-9258-428f-be50-30c126e2ade0{ip: 192.168.5.159, host: pr-hdds-1948-qmvbp-2153692187, networkLocation: /default-rack, certSerialId: null}, Type:RATIS, Factor:ONE, State:OPEN]
2019-08-20 14:34:53,371 INFO  ozone.MiniOzoneClusterImpl (MiniOzoneClusterImpl.java:lambda$waitForClusterToBeReady$0(142)) - Cluster is ready. Got 7 of 7 DN Heartbeats.
2019-08-20 14:34:53,414 INFO  rpc.RpcClient (RpcClient.java:createVolume(292)) - Creating Volume: watchforcommithandlingtest, with jenkins1000 as owner.
2019-08-20 14:34:53,429 INFO  rpc.RpcClient (RpcClient.java:createBucket(429)) - Creating Bucket: watchforcommithandlingtest/watchforcommithandlingtest, with Versioning false and Storage Type set to DISK and Encryption set to false 
2019-08-20 14:34:53,434 INFO  ozone.MiniOzoneClusterImpl (MiniOzoneClusterImpl.java:getStorageContainerLocationClient(241)) - Creating StorageContainerLocationProtocol RPC client with address /0.0.0.0:46192
2019-08-20 14:34:53,464 INFO  client.GrpcClientProtocolClient (GrpcClientProtocolClient.java:onNext(255)) - client-8D941197E7BC->a171a0bd-9f3d-4ada-ada0-3f45c6427efc: receive RaftClientReply:client-8D941197E7BC->a171a0bd-9f3d-4ada-ada0-3f45c6427efc@group-1B39324019A1, cid=50, FAILED org.apache.ratis.protocol.NotLeaderException: Server a171a0bd-9f3d-4ada-ada0-3f45c6427efc is not the leader (null). Request must be sent to leader., logIndex=0, commits[a171a0bd-9f3d-4ada-ada0-3f45c6427efc:c-1]
2019-08-20 14:34:54,045 INFO  container.ReplicationManager (ReplicationManager.java:start(155)) - Starting Replication Monitor Thread.
2019-08-20 14:34:54,048 INFO  container.ReplicationManager (ReplicationManager.java:run(207)) - Replication Monitor Thread took 0 milliseconds for processing 1 containers.
2019-08-20 14:34:54,487 INFO  client.GrpcClientProtocolClient (GrpcClientProtocolClient.java:onNext(255)) - client-8D941197E7BC->8244ffb0-534d-43b0-a5dd-4dd678a1ccce: receive RaftClientReply:client-8D941197E7BC->8244ffb0-534d-43b0-a5dd-4dd678a1ccce@group-1B39324019A1, cid=50, FAILED org.apache.ratis.protocol.NotLeaderException: Server 8244ffb0-534d-43b0-a5dd-4dd678a1ccce is not the leader (null). Request must be sent to leader., logIndex=0, commits[8244ffb0-534d-43b0-a5dd-4dd678a1ccce:c-1]
2019-08-20 14:34:55,502 INFO  client.GrpcClientProtocolClient (GrpcClientProtocolClient.java:onNext(255)) - client-8D941197E7BC->a171a0bd-9f3d-4ada-ada0-3f45c6427efc: receive RaftClientReply:client-8D941197E7BC->a171a0bd-9f3d-4ada-ada0-3f45c6427efc@group-1B39324019A1, cid=50, FAILED org.apache.ratis.protocol.NotLeaderException: Server a171a0bd-9f3d-4ada-ada0-3f45c6427efc is not the leader (null). Request must be sent to leader., logIndex=0, commits[a171a0bd-9f3d-4ada-ada0-3f45c6427efc:c-1]
2019-08-20 14:34:56,244 INFO  impl.FollowerState (FollowerState.java:run(106)) - a171a0bd-9f3d-4ada-ada0-3f45c6427efc:group-FAEEDD7A7A45 changes to CANDIDATE, lastRpcTime:5154, electionTimeout:5154ms
2019-08-20 14:34:56,245 INFO  impl.RoleInfo (RoleInfo.java:shutdownFollowerState(121)) - a171a0bd-9f3d-4ada-ada0-3f45c6427efc: shutdown FollowerState
2019-08-20 14:34:56,245 INFO  impl.RaftServerImpl (RaftServerImpl.java:setRole(171)) - a171a0bd-9f3d-4ada-ada0-3f45c6427efc:group-FAEEDD7A7A45 changes role from FOLLOWER to CANDIDATE at term 0 for changeToCandidate
2019-08-20 14:34:56,245 INFO  impl.RoleInfo (RoleInfo.java:updateAndGet(143)) - a171a0bd-9f3d-4ada-ada0-3f45c6427efc: start LeaderElection
2019-08-20 14:34:56,348 INFO  impl.LeaderElection (LeaderElection.java:askForVotes(181)) - a171a0bd-9f3d-4ada-ada0-3f45c6427efc:group-FAEEDD7A7A45:LeaderElection38: begin an election at term 1 for -1: [a171a0bd-9f3d-4ada-ada0-3f45c6427efc:192.168.5.159:45701], old=null
2019-08-20 14:34:56,349 INFO  impl.RoleInfo (RoleInfo.java:shutdownLeaderElection(134)) - a171a0bd-9f3d-4ada-ada0-3f45c6427efc: shutdown LeaderElection
2019-08-20 14:34:56,349 INFO  impl.RaftServerImpl (RaftServerImpl.java:setRole(171)) - a171a0bd-9f3d-4ada-ada0-3f45c6427efc:group-FAEEDD7A7A45 changes role from CANDIDATE to LEADER at term 1 for changeToLeader
2019-08-20 14:34:56,349 INFO  impl.RaftServerImpl (ServerState.java:setLeader(263)) - a171a0bd-9f3d-4ada-ada0-3f45c6427efc:group-FAEEDD7A7A45 change Leader from null to a171a0bd-9f3d-4ada-ada0-3f45c6427efc at term 1 for becomeLeader, leader elected after 5264ms
2019-08-20 14:34:56,351 INFO  server.RaftServerConfigKeys (ConfUtils.java:logGet(43)) - raft.server.staging.catchup.gap = 1000 (default)
2019-08-20 14:34:56,351 INFO  server.RaftServerConfigKeys (ConfUtils.java:logGet(43)) - raft.server.rpc.sleep.time = 25ms (default)
2019-08-20 14:34:56,351 INFO  server.RaftServerConfigKeys (ConfUtils.java:logGet(43)) - raft.server.write.element-limit = 4096 (default)
2019-08-20 14:34:56,352 INFO  server.RaftServerConfigKeys (ConfUtils.java:logGet(43)) - raft.server.watch.timeout = 10s (default)
2019-08-20 14:34:56,352 INFO  server.RaftServerConfigKeys (ConfUtils.java:logGet(43)) - raft.server.watch.timeout.denomination = 1s (default)
2019-08-20 14:34:56,352 INFO  server.RaftServerConfigKeys (ConfUtils.java:logGet(43)) - raft.server.watch.element-limit = 65536 (default)
2019-08-20 14:34:56,352 INFO  impl.RoleInfo (RoleInfo.java:updateAndGet(143)) - a171a0bd-9f3d-4ada-ada0-3f45c6427efc: start LeaderState
2019-08-20 14:34:56,352 INFO  segmented.SegmentedRaftLogWorker (SegmentedRaftLogWorker.java:startLogSegment(380)) - a171a0bd-9f3d-4ada-ada0-3f45c6427efc-SegmentedRaftLogWorker:Storage Directory /workdir/hadoop-ozone/integration-test/target/test-dir/MiniOzoneClusterImpl-2c49b900-e545-42f2-ab59-957038006ec1/datanode-0/data/ratis/804e92f1-15cb-402c-9a93-faeedd7a7a45: Starting segment from index:0
2019-08-20 14:34:56,353 INFO  impl.RaftServerImpl (ServerState.java:setRaftConf(361)) - a171a0bd-9f3d-4ada-ada0-3f45c6427efc:group-FAEEDD7A7A45 set configuration 0: [a171a0bd-9f3d-4ada-ada0-3f45c6427efc:192.168.5.159:45701], old=null at 0
2019-08-20 14:34:56,356 INFO  impl.FollowerState (FollowerState.java:run(106)) - 8244ffb0-534d-43b0-a5dd-4dd678a1ccce:group-AB66B4F971AD changes to CANDIDATE, lastRpcTime:5060, electionTimeout:5060ms
2019-08-20 14:34:56,357 INFO  impl.RoleInfo (RoleInfo.java:shutdownFollowerState(121)) - 8244ffb0-534d-43b0-a5dd-4dd678a1ccce: shutdown FollowerState
2019-08-20 14:34:56,357 INFO  impl.RaftServerImpl (RaftServerImpl.java:setRole(171)) - 8244ffb0-534d-43b0-a5dd-4dd678a1ccce:group-AB66B4F971AD changes role from FOLLOWER to CANDIDATE at term 0 for changeToCandidate
2019-08-20 14:34:56,357 INFO  impl.RoleInfo (RoleInfo.java:updateAndGet(143)) - 8244ffb0-534d-43b0-a5dd-4dd678a1ccce: start LeaderElection
2019-08-20 14:34:56,399 INFO  segmented.SegmentedRaftLogWorker (SegmentedRaftLogWorker.java:execute(569)) - a171a0bd-9f3d-4ada-ada0-3f45c6427efc-SegmentedRaftLogWorker:Storage Directory /workdir/hadoop-ozone/integration-test/target/test-dir/MiniOzoneClusterImpl-2c49b900-e545-42f2-ab59-957038006ec1/datanode-0/data/ratis/804e92f1-15cb-402c-9a93-faeedd7a7a45: created new log segment /workdir/hadoop-ozone/integration-test/target/test-dir/MiniOzoneClusterImpl-2c49b900-e545-42f2-ab59-957038006ec1/datanode-0/data/ratis/804e92f1-15cb-402c-9a93-faeedd7a7a45/current/log_inprogress_0
2019-08-20 14:34:56,399 INFO  impl.LeaderElection (LeaderElection.java:askForVotes(181)) - 8244ffb0-534d-43b0-a5dd-4dd678a1ccce:group-AB66B4F971AD:LeaderElection39: begin an election at term 1 for -1: [8244ffb0-534d-43b0-a5dd-4dd678a1ccce:192.168.5.159:44665], old=null
2019-08-20 14:34:56,400 INFO  impl.RoleInfo (RoleInfo.java:shutdownLeaderElection(134)) - 8244ffb0-534d-43b0-a5dd-4dd678a1ccce: shutdown LeaderElection
2019-08-20 14:34:56,400 INFO  impl.RaftServerImpl (RaftServerImpl.java:setRole(171)) - 8244ffb0-534d-43b0-a5dd-4dd678a1ccce:group-AB66B4F971AD changes role from CANDIDATE to LEADER at term 1 for changeToLeader
2019-08-20 14:34:56,400 INFO  impl.RaftServerImpl (ServerState.java:setLeader(263)) - 8244ffb0-534d-43b0-a5dd-4dd678a1ccce:group-AB66B4F971AD change Leader from null to 8244ffb0-534d-43b0-a5dd-4dd678a1ccce at term 1 for becomeLeader, leader elected after 5107ms
2019-08-20 14:34:56,402 INFO  server.RaftServerConfigKeys (ConfUtils.java:logGet(43)) - raft.server.staging.catchup.gap = 1000 (default)
2019-08-20 14:34:56,402 INFO  server.RaftServerConfigKeys (ConfUtils.java:logGet(43)) - raft.server.rpc.sleep.time = 25ms (default)
2019-08-20 14:34:56,402 INFO  server.RaftServerConfigKeys (ConfUtils.java:logGet(43)) - raft.server.write.element-limit = 4096 (default)
2019-08-20 14:34:56,402 INFO  server.RaftServerConfigKeys (ConfUtils.java:logGet(43)) - raft.server.watch.timeout = 10s (default)
2019-08-20 14:34:56,402 INFO  server.RaftServerConfigKeys (ConfUtils.java:logGet(43)) - raft.server.watch.timeout.denomination = 1s (default)
2019-08-20 14:34:56,402 INFO  server.RaftServerConfigKeys (ConfUtils.java:logGet(43)) - raft.server.watch.element-limit = 65536 (default)
2019-08-20 14:34:56,402 INFO  impl.RoleInfo (RoleInfo.java:updateAndGet(143)) - 8244ffb0-534d-43b0-a5dd-4dd678a1ccce: start LeaderState
2019-08-20 14:34:56,403 INFO  segmented.SegmentedRaftLogWorker (SegmentedRaftLogWorker.java:startLogSegment(380)) - 8244ffb0-534d-43b0-a5dd-4dd678a1ccce-SegmentedRaftLogWorker:Storage Directory /workdir/hadoop-ozone/integration-test/target/test-dir/MiniOzoneClusterImpl-2c49b900-e545-42f2-ab59-957038006ec1/datanode-1/data/ratis/be517e2d-eb22-4619-8d17-ab66b4f971ad: Starting segment from index:0
2019-08-20 14:34:56,403 INFO  impl.RaftServerImpl (ServerState.java:setRaftConf(361)) - 8244ffb0-534d-43b0-a5dd-4dd678a1ccce:group-AB66B4F971AD set configuration 0: [8244ffb0-534d-43b0-a5dd-4dd678a1ccce:192.168.5.159:44665], old=null at 0
2019-08-20 14:34:56,432 INFO  segmented.SegmentedRaftLogWorker (SegmentedRaftLogWorker.java:execute(569)) - 8244ffb0-534d-43b0-a5dd-4dd678a1ccce-SegmentedRaftLogWorker:Storage Directory /workdir/hadoop-ozone/integration-test/target/test-dir/MiniOzoneClusterImpl-2c49b900-e545-42f2-ab59-957038006ec1/datanode-1/data/ratis/be517e2d-eb22-4619-8d17-ab66b4f971ad: created new log segment /workdir/hadoop-ozone/integration-test/target/test-dir/MiniOzoneClusterImpl-2c49b900-e545-42f2-ab59-957038006ec1/datanode-1/data/ratis/be517e2d-eb22-4619-8d17-ab66b4f971ad/current/log_inprogress_0
2019-08-20 14:34:56,517 INFO  client.GrpcClientProtocolClient (GrpcClientProtocolClient.java:onNext(255)) - client-8D941197E7BC->8244ffb0-534d-43b0-a5dd-4dd678a1ccce: receive RaftClientReply:client-8D941197E7BC->8244ffb0-534d-43b0-a5dd-4dd678a1ccce@group-1B39324019A1, cid=50, FAILED org.apache.ratis.protocol.NotLeaderException: Server 8244ffb0-534d-43b0-a5dd-4dd678a1ccce is not the leader (null). Request must be sent to leader., logIndex=0, commits[8244ffb0-534d-43b0-a5dd-4dd678a1ccce:c-1]
2019-08-20 14:34:56,729 INFO  impl.FollowerState (FollowerState.java:run(106)) - 67082b76-8d62-40bb-96ea-e7986b2b1c64:group-2B172E9380A1 changes to CANDIDATE, lastRpcTime:5066, electionTimeout:5066ms
2019-08-20 14:34:56,729 INFO  impl.RoleInfo (RoleInfo.java:shutdownFollowerState(121)) - 67082b76-8d62-40bb-96ea-e7986b2b1c64: shutdown FollowerState
2019-08-20 14:34:56,729 INFO  impl.RaftServerImpl (RaftServerImpl.java:setRole(171)) - 67082b76-8d62-40bb-96ea-e7986b2b1c64:group-2B172E9380A1 changes role from FOLLOWER to CANDIDATE at term 0 for changeToCandidate
2019-08-20 14:34:56,729 INFO  impl.RoleInfo (RoleInfo.java:updateAndGet(143)) - 67082b76-8d62-40bb-96ea-e7986b2b1c64: start LeaderElection
2019-08-20 14:34:56,804 INFO  impl.FollowerState (FollowerState.java:run(106)) - 67082b76-8d62-40bb-96ea-e7986b2b1c64:group-1B39324019A1 changes to CANDIDATE, lastRpcTime:5075, electionTimeout:5075ms
2019-08-20 14:34:56,804 INFO  impl.RoleInfo (RoleInfo.java:shutdownFollowerState(121)) - 67082b76-8d62-40bb-96ea-e7986b2b1c64: shutdown FollowerState
2019-08-20 14:34:56,804 INFO  impl.RaftServerImpl (RaftServerImpl.java:setRole(171)) - 67082b76-8d62-40bb-96ea-e7986b2b1c64:group-1B39324019A1 changes role from FOLLOWER to CANDIDATE at term 0 for changeToCandidate
2019-08-20 14:34:56,805 INFO  impl.RoleInfo (RoleInfo.java:updateAndGet(143)) - 67082b76-8d62-40bb-96ea-e7986b2b1c64: start LeaderElection
2019-08-20 14:34:56,890 INFO  impl.FollowerState (FollowerState.java:run(106)) - 078ae558-aba9-4dbf-9250-ea4c71781868:group-F5DBF006E2B8 changes to CANDIDATE, lastRpcTime:5022, electionTimeout:5022ms
2019-08-20 14:34:56,890 INFO  impl.RoleInfo (RoleInfo.java:shutdownFollowerState(121)) - 078ae558-aba9-4dbf-9250-ea4c71781868: shutdown FollowerState
2019-08-20 14:34:56,890 INFO  impl.RaftServerImpl (RaftServerImpl.java:setRole(171)) - 078ae558-aba9-4dbf-9250-ea4c71781868:group-F5DBF006E2B8 changes role from FOLLOWER to CANDIDATE at term 0 for changeToCandidate
2019-08-20 14:34:56,891 INFO  impl.RoleInfo (RoleInfo.java:updateAndGet(143)) - 078ae558-aba9-4dbf-9250-ea4c71781868: start LeaderElection
2019-08-20 14:34:56,910 INFO  impl.FollowerState (FollowerState.java:run(106)) - a171a0bd-9f3d-4ada-ada0-3f45c6427efc:group-1B39324019A1 changes to CANDIDATE, lastRpcTime:5181, electionTimeout:5181ms
2019-08-20 14:34:56,910 INFO  impl.RoleInfo (RoleInfo.java:shutdownFollowerState(121)) - a171a0bd-9f3d-4ada-ada0-3f45c6427efc: shutdown FollowerState
2019-08-20 14:34:56,910 INFO  impl.RaftServerImpl (RaftServerImpl.java:setRole(171)) - a171a0bd-9f3d-4ada-ada0-3f45c6427efc:group-1B39324019A1 changes role from FOLLOWER to CANDIDATE at term 0 for changeToCandidate
2019-08-20 14:34:56,911 INFO  impl.RoleInfo (RoleInfo.java:updateAndGet(143)) - a171a0bd-9f3d-4ada-ada0-3f45c6427efc: start LeaderElection
2019-08-20 14:34:56,919 INFO  impl.FollowerState (FollowerState.java:run(106)) - 8244ffb0-534d-43b0-a5dd-4dd678a1ccce:group-1B39324019A1 changes to CANDIDATE, lastRpcTime:5191, electionTimeout:5191ms
2019-08-20 14:34:56,919 INFO  impl.RoleInfo (RoleInfo.java:shutdownFollowerState(121)) - 8244ffb0-534d-43b0-a5dd-4dd678a1ccce: shutdown FollowerState
2019-08-20 14:34:56,919 INFO  impl.RaftServerImpl (RaftServerImpl.java:setRole(171)) - 8244ffb0-534d-43b0-a5dd-4dd678a1ccce:group-1B39324019A1 changes role from FOLLOWER to CANDIDATE at term 0 for changeToCandidate
2019-08-20 14:34:56,919 INFO  impl.RoleInfo (RoleInfo.java:updateAndGet(143)) - 8244ffb0-534d-43b0-a5dd-4dd678a1ccce: start LeaderElection
2019-08-20 14:34:57,128 INFO  impl.FollowerState (FollowerState.java:run(106)) - a3d8aab6-9afb-4f8a-80a1-67a307609e9b:group-243F80612846 changes to CANDIDATE, lastRpcTime:5083, electionTimeout:5083ms
2019-08-20 14:34:57,129 INFO  impl.RoleInfo (RoleInfo.java:shutdownFollowerState(121)) - a3d8aab6-9afb-4f8a-80a1-67a307609e9b: shutdown FollowerState
2019-08-20 14:34:57,129 INFO  impl.RaftServerImpl (RaftServerImpl.java:setRole(171)) - a3d8aab6-9afb-4f8a-80a1-67a307609e9b:group-243F80612846 changes role from FOLLOWER to CANDIDATE at term 0 for changeToCandidate
2019-08-20 14:34:57,129 INFO  impl.RoleInfo (RoleInfo.java:updateAndGet(143)) - a3d8aab6-9afb-4f8a-80a1-67a307609e9b: start LeaderElection
2019-08-20 14:34:57,404 INFO  impl.FollowerState (FollowerState.java:run(106)) - 4f4b4c2b-9891-494a-a853-d1ce74a38e78:group-CA99C479A247 changes to CANDIDATE, lastRpcTime:5167, electionTimeout:5167ms
2019-08-20 14:34:57,404 INFO  impl.RoleInfo (RoleInfo.java:shutdownFollowerState(121)) - 4f4b4c2b-9891-494a-a853-d1ce74a38e78: shutdown FollowerState
2019-08-20 14:34:57,404 INFO  impl.RaftServerImpl (RaftServerImpl.java:setRole(171)) - 4f4b4c2b-9891-494a-a853-d1ce74a38e78:group-CA99C479A247 changes role from FOLLOWER to CANDIDATE at term 0 for changeToCandidate
2019-08-20 14:34:57,404 INFO  impl.RoleInfo (RoleInfo.java:updateAndGet(143)) - 4f4b4c2b-9891-494a-a853-d1ce74a38e78: start LeaderElection
2019-08-20 14:34:57,407 INFO  impl.FollowerState (FollowerState.java:run(106)) - 4f4b4c2b-9891-494a-a853-d1ce74a38e78:group-E4919EC28715 changes to CANDIDATE, lastRpcTime:5109, electionTimeout:5107ms
2019-08-20 14:34:57,407 INFO  impl.RoleInfo (RoleInfo.java:shutdownFollowerState(121)) - 4f4b4c2b-9891-494a-a853-d1ce74a38e78: shutdown FollowerState
2019-08-20 14:34:57,408 INFO  impl.RaftServerImpl (RaftServerImpl.java:setRole(171)) - 4f4b4c2b-9891-494a-a853-d1ce74a38e78:group-E4919EC28715 changes role from FOLLOWER to CANDIDATE at term 0 for changeToCandidate
2019-08-20 14:34:57,408 INFO  impl.RoleInfo (RoleInfo.java:updateAndGet(143)) - 4f4b4c2b-9891-494a-a853-d1ce74a38e78: start LeaderElection
2019-08-20 14:34:57,412 INFO  impl.FollowerState (FollowerState.java:run(106)) - a3d8aab6-9afb-4f8a-80a1-67a307609e9b:group-E4919EC28715 changes to CANDIDATE, lastRpcTime:5108, electionTimeout:5108ms
2019-08-20 14:34:57,412 INFO  impl.RoleInfo (RoleInfo.java:shutdownFollowerState(121)) - a3d8aab6-9afb-4f8a-80a1-67a307609e9b: shutdown FollowerState
2019-08-20 14:34:57,412 INFO  impl.RaftServerImpl (RaftServerImpl.java:setRole(171)) - a3d8aab6-9afb-4f8a-80a1-67a307609e9b:group-E4919EC28715 changes role from FOLLOWER to CANDIDATE at term 0 for changeToCandidate
2019-08-20 14:34:57,412 INFO  impl.RoleInfo (RoleInfo.java:updateAndGet(143)) - a3d8aab6-9afb-4f8a-80a1-67a307609e9b: start LeaderElection
2019-08-20 14:34:57,421 INFO  impl.FollowerState (FollowerState.java:run(106)) - 078ae558-aba9-4dbf-9250-ea4c71781868:group-E4919EC28715 changes to CANDIDATE, lastRpcTime:5117, electionTimeout:5117ms
2019-08-20 14:34:57,421 INFO  impl.RoleInfo (RoleInfo.java:shutdownFollowerState(121)) - 078ae558-aba9-4dbf-9250-ea4c71781868: shutdown FollowerState
2019-08-20 14:34:57,421 INFO  impl.RaftServerImpl (RaftServerImpl.java:setRole(171)) - 078ae558-aba9-4dbf-9250-ea4c71781868:group-E4919EC28715 changes role from FOLLOWER to CANDIDATE at term 0 for changeToCandidate
2019-08-20 14:34:57,421 INFO  impl.RoleInfo (RoleInfo.java:updateAndGet(143)) - 078ae558-aba9-4dbf-9250-ea4c71781868: start LeaderElection
2019-08-20 14:34:57,536 INFO  client.GrpcClientProtocolClient (GrpcClientProtocolClient.java:onNext(255)) - client-8D941197E7BC->67082b76-8d62-40bb-96ea-e7986b2b1c64: receive RaftClientReply:client-8D941197E7BC->67082b76-8d62-40bb-96ea-e7986b2b1c64@group-1B39324019A1, cid=50, FAILED org.apache.ratis.protocol.NotLeaderException: Server 67082b76-8d62-40bb-96ea-e7986b2b1c64 is not the leader (null). Request must be sent to leader., logIndex=0, commits[67082b76-8d62-40bb-96ea-e7986b2b1c64:c-1]
2019-08-20 14:34:57,605 INFO  impl.FollowerState (FollowerState.java:run(106)) - bd3c3b78-9258-428f-be50-30c126e2ade0:group-443D2AFFC24E changes to CANDIDATE, lastRpcTime:5184, electionTimeout:5184ms
2019-08-20 14:34:57,606 INFO  impl.RoleInfo (RoleInfo.java:shutdownFollowerState(121)) - bd3c3b78-9258-428f-be50-30c126e2ade0: shutdown FollowerState
2019-08-20 14:34:57,606 INFO  impl.RaftServerImpl (RaftServerImpl.java:setRole(171)) - bd3c3b78-9258-428f-be50-30c126e2ade0:group-443D2AFFC24E changes role from FOLLOWER to CANDIDATE at term 0 for changeToCandidate
2019-08-20 14:34:57,606 INFO  impl.RoleInfo (RoleInfo.java:updateAndGet(143)) - bd3c3b78-9258-428f-be50-30c126e2ade0: start LeaderElection
2019-08-20 14:34:58,558 INFO  client.GrpcClientProtocolClient (GrpcClientProtocolClient.java:onNext(255)) - client-8D941197E7BC->8244ffb0-534d-43b0-a5dd-4dd678a1ccce: receive RaftClientReply:client-8D941197E7BC->8244ffb0-534d-43b0-a5dd-4dd678a1ccce@group-1B39324019A1, cid=50, FAILED org.apache.ratis.protocol.NotLeaderException: Server 8244ffb0-534d-43b0-a5dd-4dd678a1ccce is not the leader (null). Request must be sent to leader., logIndex=0, commits[8244ffb0-534d-43b0-a5dd-4dd678a1ccce:c-1]
2019-08-20 14:34:58,574 WARN  nio.NioEventLoop (NioEventLoop.java:select(786)) - Selector.select() returned prematurely {} times in a row; rebuilding Selector {}.
2019-08-20 14:34:58,575 INFO  nio.NioEventLoop (NioEventLoop.java:rebuildSelector0(396)) - Migrated 0 channel(s) to the new Selector.
2019-08-20 14:34:59,577 INFO  client.GrpcClientProtocolClient (GrpcClientProtocolClient.java:onNext(255)) - client-8D941197E7BC->67082b76-8d62-40bb-96ea-e7986b2b1c64: receive RaftClientReply:client-8D941197E7BC->67082b76-8d62-40bb-96ea-e7986b2b1c64@group-1B39324019A1, cid=50, FAILED org.apache.ratis.protocol.NotLeaderException: Server 67082b76-8d62-40bb-96ea-e7986b2b1c64 is not the leader (null). Request must be sent to leader., logIndex=0, commits[67082b76-8d62-40bb-96ea-e7986b2b1c64:c-1]
2019-08-20 14:35:00,593 INFO  client.GrpcClientProtocolClient (GrpcClientProtocolClient.java:onNext(255)) - client-8D941197E7BC->8244ffb0-534d-43b0-a5dd-4dd678a1ccce: receive RaftClientReply:client-8D941197E7BC->8244ffb0-534d-43b0-a5dd-4dd678a1ccce@group-1B39324019A1, cid=50, FAILED org.apache.ratis.protocol.NotLeaderException: Server 8244ffb0-534d-43b0-a5dd-4dd678a1ccce is not the leader (null). Request must be sent to leader., logIndex=0, commits[8244ffb0-534d-43b0-a5dd-4dd678a1ccce:c-1]
2019-08-20 14:35:01,612 INFO  client.GrpcClientProtocolClient (GrpcClientProtocolClient.java:onNext(255)) - client-8D941197E7BC->a171a0bd-9f3d-4ada-ada0-3f45c6427efc: receive RaftClientReply:client-8D941197E7BC->a171a0bd-9f3d-4ada-ada0-3f45c6427efc@group-1B39324019A1, cid=50, FAILED org.apache.ratis.protocol.NotLeaderException: Server a171a0bd-9f3d-4ada-ada0-3f45c6427efc is not the leader (null). Request must be sent to leader., logIndex=0, commits[a171a0bd-9f3d-4ada-ada0-3f45c6427efc:c-1]
2019-08-20 14:35:02,633 INFO  client.GrpcClientProtocolClient (GrpcClientProtocolClient.java:onNext(255)) - client-8D941197E7BC->67082b76-8d62-40bb-96ea-e7986b2b1c64: receive RaftClientReply:client-8D941197E7BC->67082b76-8d62-40bb-96ea-e7986b2b1c64@group-1B39324019A1, cid=50, FAILED org.apache.ratis.protocol.NotLeaderException: Server 67082b76-8d62-40bb-96ea-e7986b2b1c64 is not the leader (null). Request must be sent to leader., logIndex=0, commits[67082b76-8d62-40bb-96ea-e7986b2b1c64:c-1]
2019-08-20 14:35:03,649 INFO  client.GrpcClientProtocolClient (GrpcClientProtocolClient.java:onNext(255)) - client-8D941197E7BC->8244ffb0-534d-43b0-a5dd-4dd678a1ccce: receive RaftClientReply:client-8D941197E7BC->8244ffb0-534d-43b0-a5dd-4dd678a1ccce@group-1B39324019A1, cid=50, FAILED org.apache.ratis.protocol.NotLeaderException: Server 8244ffb0-534d-43b0-a5dd-4dd678a1ccce is not the leader (null). Request must be sent to leader., logIndex=0, commits[8244ffb0-534d-43b0-a5dd-4dd678a1ccce:c-1]
2019-08-20 14:35:04,677 INFO  client.GrpcClientProtocolClient (GrpcClientProtocolClient.java:onNext(255)) - client-8D941197E7BC->a171a0bd-9f3d-4ada-ada0-3f45c6427efc: receive RaftClientReply:client-8D941197E7BC->a171a0bd-9f3d-4ada-ada0-3f45c6427efc@group-1B39324019A1, cid=50, FAILED org.apache.ratis.protocol.NotLeaderException: Server a171a0bd-9f3d-4ada-ada0-3f45c6427efc is not the leader (null). Request must be sent to leader., logIndex=0, commits[a171a0bd-9f3d-4ada-ada0-3f45c6427efc:c-1]
2019-08-20 14:35:05,331 INFO  impl.LeaderElection (LeaderElection.java:askForVotes(181)) - 8244ffb0-534d-43b0-a5dd-4dd678a1ccce:group-1B39324019A1:LeaderElection44: begin an election at term 1 for -1: [8244ffb0-534d-43b0-a5dd-4dd678a1ccce:192.168.5.159:44665, a171a0bd-9f3d-4ada-ada0-3f45c6427efc:192.168.5.159:45701, 67082b76-8d62-40bb-96ea-e7986b2b1c64:192.168.5.159:37743], old=null
2019-08-20 14:35:05,331 INFO  impl.LeaderElection (LeaderElection.java:askForVotes(181)) - 078ae558-aba9-4dbf-9250-ea4c71781868:group-E4919EC28715:LeaderElection49: begin an election at term 1 for -1: [4f4b4c2b-9891-494a-a853-d1ce74a38e78:192.168.5.159:40054, 078ae558-aba9-4dbf-9250-ea4c71781868:192.168.5.159:46209, a3d8aab6-9afb-4f8a-80a1-67a307609e9b:192.168.5.159:38021], old=null
2019-08-20 14:35:05,331 INFO  impl.LeaderElection (LeaderElection.java:askForVotes(181)) - 4f4b4c2b-9891-494a-a853-d1ce74a38e78:group-E4919EC28715:LeaderElection47: begin an election at term 1 for -1: [4f4b4c2b-9891-494a-a853-d1ce74a38e78:192.168.5.159:40054, 078ae558-aba9-4dbf-9250-ea4c71781868:192.168.5.159:46209, a3d8aab6-9afb-4f8a-80a1-67a307609e9b:192.168.5.159:38021], old=null
2019-08-20 14:35:05,331 INFO  impl.LeaderElection (LeaderElection.java:askForVotes(181)) - a3d8aab6-9afb-4f8a-80a1-67a307609e9b:group-E4919EC28715:LeaderElection48: begin an election at term 1 for -1: [4f4b4c2b-9891-494a-a853-d1ce74a38e78:192.168.5.159:40054, 078ae558-aba9-4dbf-9250-ea4c71781868:192.168.5.159:46209, a3d8aab6-9afb-4f8a-80a1-67a307609e9b:192.168.5.159:38021], old=null
2019-08-20 14:35:05,331 INFO  impl.LeaderElection (LeaderElection.java:askForVotes(181)) - bd3c3b78-9258-428f-be50-30c126e2ade0:group-443D2AFFC24E:LeaderElection50: begin an election at term 1 for -1: [bd3c3b78-9258-428f-be50-30c126e2ade0:192.168.5.159:44777], old=null
2019-08-20 14:35:05,331 INFO  impl.LeaderElection (LeaderElection.java:askForVotes(181)) - 078ae558-aba9-4dbf-9250-ea4c71781868:group-F5DBF006E2B8:LeaderElection42: begin an election at term 1 for -1: [078ae558-aba9-4dbf-9250-ea4c71781868:192.168.5.159:46209], old=null
2019-08-20 14:35:05,331 INFO  impl.LeaderElection (LeaderElection.java:askForVotes(181)) - a171a0bd-9f3d-4ada-ada0-3f45c6427efc:group-1B39324019A1:LeaderElection43: begin an election at term 1 for -1: [8244ffb0-534d-43b0-a5dd-4dd678a1ccce:192.168.5.159:44665, a171a0bd-9f3d-4ada-ada0-3f45c6427efc:192.168.5.159:45701, 67082b76-8d62-40bb-96ea-e7986b2b1c64:192.168.5.159:37743], old=null
2019-08-20 14:35:05,332 INFO  impl.RoleInfo (RoleInfo.java:shutdownLeaderElection(134)) - 078ae558-aba9-4dbf-9250-ea4c71781868: shutdown LeaderElection
2019-08-20 14:35:05,331 INFO  impl.LeaderElection (LeaderElection.java:askForVotes(181)) - 4f4b4c2b-9891-494a-a853-d1ce74a38e78:group-CA99C479A247:LeaderElection46: begin an election at term 1 for -1: [4f4b4c2b-9891-494a-a853-d1ce74a38e78:192.168.5.159:40054], old=null
2019-08-20 14:35:05,331 INFO  impl.LeaderElection (LeaderElection.java:askForVotes(181)) - 67082b76-8d62-40bb-96ea-e7986b2b1c64:group-1B39324019A1:LeaderElection41: begin an election at term 1 for -1: [8244ffb0-534d-43b0-a5dd-4dd678a1ccce:192.168.5.159:44665, a171a0bd-9f3d-4ada-ada0-3f45c6427efc:192.168.5.159:45701, 67082b76-8d62-40bb-96ea-e7986b2b1c64:192.168.5.159:37743], old=null
2019-08-20 14:35:05,333 INFO  impl.RoleInfo (RoleInfo.java:shutdownLeaderElection(134)) - 4f4b4c2b-9891-494a-a853-d1ce74a38e78: shutdown LeaderElection
2019-08-20 14:35:05,333 INFO  impl.RaftServerImpl (RaftServerImpl.java:setRole(171)) - 4f4b4c2b-9891-494a-a853-d1ce74a38e78:group-CA99C479A247 changes role from CANDIDATE to LEADER at term 1 for changeToLeader
2019-08-20 14:35:05,333 INFO  impl.RaftServerImpl (ServerState.java:setLeader(263)) - 4f4b4c2b-9891-494a-a853-d1ce74a38e78:group-CA99C479A247 change Leader from null to 4f4b4c2b-9891-494a-a853-d1ce74a38e78 at term 1 for becomeLeader, leader elected after 13103ms
2019-08-20 14:35:05,333 INFO  impl.RaftServerImpl (RaftServerImpl.java:setRole(171)) - 078ae558-aba9-4dbf-9250-ea4c71781868:group-F5DBF006E2B8 changes role from CANDIDATE to LEADER at term 1 for changeToLeader
2019-08-20 14:35:05,332 INFO  impl.RoleInfo (RoleInfo.java:shutdownLeaderElection(134)) - bd3c3b78-9258-428f-be50-30c126e2ade0: shutdown LeaderElection
2019-08-20 14:35:05,334 INFO  impl.RaftServerImpl (RaftServerImpl.java:setRole(171)) - bd3c3b78-9258-428f-be50-30c126e2ade0:group-443D2AFFC24E changes role from CANDIDATE to LEADER at term 1 for changeToLeader
2019-08-20 14:35:05,334 INFO  impl.RaftServerImpl (ServerState.java:setLeader(263)) - bd3c3b78-9258-428f-be50-30c126e2ade0:group-443D2AFFC24E change Leader from null to bd3c3b78-9258-428f-be50-30c126e2ade0 at term 1 for becomeLeader, leader elected after 12915ms
2019-08-20 14:35:05,332 INFO  impl.LeaderElection (LeaderElection.java:askForVotes(181)) - 67082b76-8d62-40bb-96ea-e7986b2b1c64:group-2B172E9380A1:LeaderElection40: begin an election at term 1 for -1: [67082b76-8d62-40bb-96ea-e7986b2b1c64:192.168.5.159:37743], old=null
2019-08-20 14:35:05,332 INFO  impl.LeaderElection (LeaderElection.java:askForVotes(181)) - a3d8aab6-9afb-4f8a-80a1-67a307609e9b:group-243F80612846:LeaderElection45: begin an election at term 1 for -1: [a3d8aab6-9afb-4f8a-80a1-67a307609e9b:192.168.5.159:38021], old=null
2019-08-20 14:35:05,334 INFO  impl.RoleInfo (RoleInfo.java:shutdownLeaderElection(134)) - a3d8aab6-9afb-4f8a-80a1-67a307609e9b: shutdown LeaderElection
2019-08-20 14:35:05,335 INFO  impl.RaftServerImpl (RaftServerImpl.java:setRole(171)) - a3d8aab6-9afb-4f8a-80a1-67a307609e9b:group-243F80612846 changes role from CANDIDATE to LEADER at term 1 for changeToLeader
2019-08-20 14:35:05,335 INFO  impl.RaftServerImpl (ServerState.java:setLeader(263)) - a3d8aab6-9afb-4f8a-80a1-67a307609e9b:group-243F80612846 change Leader from null to a3d8aab6-9afb-4f8a-80a1-67a307609e9b at term 1 for becomeLeader, leader elected after 13293ms
2019-08-20 14:35:05,334 INFO  impl.RoleInfo (RoleInfo.java:shutdownLeaderElection(134)) - 67082b76-8d62-40bb-96ea-e7986b2b1c64: shutdown LeaderElection
2019-08-20 14:35:05,334 INFO  impl.RaftServerImpl (ServerState.java:setLeader(263)) - 078ae558-aba9-4dbf-9250-ea4c71781868:group-F5DBF006E2B8 change Leader from null to 078ae558-aba9-4dbf-9250-ea4c71781868 at term 1 for becomeLeader, leader elected after 13470ms
2019-08-20 14:35:05,341 INFO  server.RaftServerConfigKeys (ConfUtils.java:logGet(43)) - raft.server.staging.catchup.gap = 1000 (default)
2019-08-20 14:35:05,341 INFO  server.RaftServerConfigKeys (ConfUtils.java:logGet(43)) - raft.server.staging.catchup.gap = 1000 (default)
2019-08-20 14:35:05,341 INFO  server.RaftServerConfigKeys (ConfUtils.java:logGet(43)) - raft.server.rpc.sleep.time = 25ms (default)
2019-08-20 14:35:05,341 INFO  server.RaftServerConfigKeys (ConfUtils.java:logGet(43)) - raft.server.staging.catchup.gap = 1000 (default)
2019-08-20 14:35:05,337 INFO  impl.RaftServerImpl (RaftServerImpl.java:setRole(171)) - 67082b76-8d62-40bb-96ea-e7986b2b1c64:group-2B172E9380A1 changes role from CANDIDATE to LEADER at term 1 for changeToLeader
2019-08-20 14:35:05,344 INFO  impl.RaftServerImpl (ServerState.java:setLeader(263)) - 67082b76-8d62-40bb-96ea-e7986b2b1c64:group-2B172E9380A1 change Leader from null to 67082b76-8d62-40bb-96ea-e7986b2b1c64 at term 1 for becomeLeader, leader elected after 13685ms
2019-08-20 14:35:05,344 INFO  server.RaftServerConfigKeys (ConfUtils.java:logGet(43)) - raft.server.rpc.sleep.time = 25ms (default)
2019-08-20 14:35:05,344 INFO  server.RaftServerConfigKeys (ConfUtils.java:logGet(43)) - raft.server.write.element-limit = 4096 (default)
2019-08-20 14:35:05,344 INFO  server.RaftServerConfigKeys (ConfUtils.java:logGet(43)) - raft.server.staging.catchup.gap = 1000 (default)
2019-08-20 14:35:05,345 INFO  server.RaftServerConfigKeys (ConfUtils.java:logGet(43)) - raft.server.rpc.sleep.time = 25ms (default)
2019-08-20 14:35:05,341 INFO  server.RaftServerConfigKeys (ConfUtils.java:logGet(43)) - raft.server.rpc.sleep.time = 25ms (default)
2019-08-20 14:35:05,355 INFO  server.RaftServerConfigKeys (ConfUtils.java:logGet(43)) - raft.server.write.element-limit = 4096 (default)
2019-08-20 14:35:05,355 INFO  server.RaftServerConfigKeys (ConfUtils.java:logGet(43)) - raft.server.staging.catchup.gap = 1000 (default)
2019-08-20 14:35:05,356 INFO  server.RaftServerConfigKeys (ConfUtils.java:logGet(43)) - raft.server.rpc.sleep.time = 25ms (default)
2019-08-20 14:35:05,345 INFO  server.RaftServerConfigKeys (ConfUtils.java:logGet(43)) - raft.server.watch.timeout = 10s (default)
2019-08-20 14:35:05,345 INFO  server.RaftServerConfigKeys (ConfUtils.java:logGet(43)) - raft.server.write.element-limit = 4096 (default)
2019-08-20 14:35:05,359 INFO  server.RaftServerConfigKeys (ConfUtils.java:logGet(43)) - raft.server.watch.timeout.denomination = 1s (default)
2019-08-20 14:35:05,364 INFO  server.RaftServerConfigKeys (ConfUtils.java:logGet(43)) - raft.server.watch.element-limit = 65536 (default)
2019-08-20 14:35:05,364 INFO  impl.RoleInfo (RoleInfo.java:updateAndGet(143)) - bd3c3b78-9258-428f-be50-30c126e2ade0: start LeaderState
2019-08-20 14:35:05,365 INFO  segmented.SegmentedRaftLogWorker (SegmentedRaftLogWorker.java:startLogSegment(380)) - bd3c3b78-9258-428f-be50-30c126e2ade0-SegmentedRaftLogWorker:Storage Directory /workdir/hadoop-ozone/integration-test/target/test-dir/MiniOzoneClusterImpl-2c49b900-e545-42f2-ab59-957038006ec1/datanode-6/data/ratis/74cc8fd3-1932-443e-8bfc-443d2affc24e: Starting segment from index:0
2019-08-20 14:35:05,365 INFO  impl.RaftServerImpl (ServerState.java:setRaftConf(361)) - bd3c3b78-9258-428f-be50-30c126e2ade0:group-443D2AFFC24E set configuration 0: [bd3c3b78-9258-428f-be50-30c126e2ade0:192.168.5.159:44777], old=null at 0
2019-08-20 14:35:05,358 INFO  server.RaftServerConfigKeys (ConfUtils.java:logGet(43)) - raft.server.write.element-limit = 4096 (default)
2019-08-20 14:35:05,366 INFO  server.RaftServerConfigKeys (ConfUtils.java:logGet(43)) - raft.server.watch.timeout = 10s (default)
2019-08-20 14:35:05,366 INFO  server.RaftServerConfigKeys (ConfUtils.java:logGet(43)) - raft.server.watch.timeout.denomination = 1s (default)
2019-08-20 14:35:05,367 INFO  server.RaftServerConfigKeys (ConfUtils.java:logGet(43)) - raft.server.watch.element-limit = 65536 (default)
2019-08-20 14:35:05,367 INFO  impl.RoleInfo (RoleInfo.java:updateAndGet(143)) - 67082b76-8d62-40bb-96ea-e7986b2b1c64: start LeaderState
2019-08-20 14:35:05,367 INFO  segmented.SegmentedRaftLogWorker (SegmentedRaftLogWorker.java:startLogSegment(380)) - 67082b76-8d62-40bb-96ea-e7986b2b1c64-SegmentedRaftLogWorker:Storage Directory /workdir/hadoop-ozone/integration-test/target/test-dir/MiniOzoneClusterImpl-2c49b900-e545-42f2-ab59-957038006ec1/datanode-2/data/ratis/eda5fa4b-66ec-447c-96a9-2b172e9380a1: Starting segment from index:0
2019-08-20 14:35:05,368 INFO  impl.RaftServerImpl (ServerState.java:setRaftConf(361)) - 67082b76-8d62-40bb-96ea-e7986b2b1c64:group-2B172E9380A1 set configuration 0: [67082b76-8d62-40bb-96ea-e7986b2b1c64:192.168.5.159:37743], old=null at 0
2019-08-20 14:35:05,356 INFO  server.RaftServerConfigKeys (ConfUtils.java:logGet(43)) - raft.server.watch.timeout = 10s (default)
2019-08-20 14:35:05,368 INFO  server.RaftServerConfigKeys (ConfUtils.java:logGet(43)) - raft.server.watch.timeout.denomination = 1s (default)
2019-08-20 14:35:05,368 INFO  server.RaftServerConfigKeys (ConfUtils.java:logGet(43)) - raft.server.watch.element-limit = 65536 (default)
2019-08-20 14:35:05,355 INFO  server.RaftServerConfigKeys (ConfUtils.java:logGet(43)) - raft.server.write.element-limit = 4096 (default)
2019-08-20 14:35:05,388 INFO  server.RaftServerConfigKeys (ConfUtils.java:logGet(43)) - raft.server.watch.timeout = 10s (default)
2019-08-20 14:35:05,388 INFO  server.RaftServerConfigKeys (ConfUtils.java:logGet(43)) - raft.server.watch.timeout.denomination = 1s (default)
2019-08-20 14:35:05,388 INFO  server.RaftServerConfigKeys (ConfUtils.java:logGet(43)) - raft.server.watch.element-limit = 65536 (default)
2019-08-20 14:35:05,387 INFO  impl.RoleInfo (RoleInfo.java:updateAndGet(143)) - 078ae558-aba9-4dbf-9250-ea4c71781868: start LeaderState
2019-08-20 14:35:05,388 INFO  impl.RoleInfo (RoleInfo.java:updateAndGet(143)) - a3d8aab6-9afb-4f8a-80a1-67a307609e9b: start LeaderState
2019-08-20 14:35:05,389 INFO  segmented.SegmentedRaftLogWorker (SegmentedRaftLogWorker.java:startLogSegment(380)) - 078ae558-aba9-4dbf-9250-ea4c71781868-SegmentedRaftLogWorker:Storage Directory /workdir/hadoop-ozone/integration-test/target/test-dir/MiniOzoneClusterImpl-2c49b900-e545-42f2-ab59-957038006ec1/datanode-3/data/ratis/dd1965b2-df38-4993-87c9-f5dbf006e2b8: Starting segment from index:0
2019-08-20 14:35:05,361 INFO  server.RaftServerConfigKeys (ConfUtils.java:logGet(43)) - raft.server.watch.timeout = 10s (default)
2019-08-20 14:35:05,389 INFO  segmented.SegmentedRaftLogWorker (SegmentedRaftLogWorker.java:startLogSegment(380)) - a3d8aab6-9afb-4f8a-80a1-67a307609e9b-SegmentedRaftLogWorker:Storage Directory /workdir/hadoop-ozone/integration-test/target/test-dir/MiniOzoneClusterImpl-2c49b900-e545-42f2-ab59-957038006ec1/datanode-4/data/ratis/d0d1f54b-a4b5-4684-882a-243f80612846: Starting segment from index:0
2019-08-20 14:35:05,389 INFO  server.RaftServerConfigKeys (ConfUtils.java:logGet(43)) - raft.server.watch.timeout.denomination = 1s (default)
2019-08-20 14:35:05,389 INFO  impl.RaftServerImpl (ServerState.java:setRaftConf(361)) - 078ae558-aba9-4dbf-9250-ea4c71781868:group-F5DBF006E2B8 set configuration 0: [078ae558-aba9-4dbf-9250-ea4c71781868:192.168.5.159:46209], old=null at 0
2019-08-20 14:35:05,390 INFO  server.RaftServerConfigKeys (ConfUtils.java:logGet(43)) - raft.server.watch.element-limit = 65536 (default)
2019-08-20 14:35:05,390 INFO  impl.RaftServerImpl (ServerState.java:setRaftConf(361)) - a3d8aab6-9afb-4f8a-80a1-67a307609e9b:group-243F80612846 set configuration 0: [a3d8aab6-9afb-4f8a-80a1-67a307609e9b:192.168.5.159:38021], old=null at 0
2019-08-20 14:35:05,420 INFO  impl.RoleInfo (RoleInfo.java:updateAndGet(143)) - 4f4b4c2b-9891-494a-a853-d1ce74a38e78: start LeaderState
2019-08-20 14:35:05,421 INFO  segmented.SegmentedRaftLogWorker (SegmentedRaftLogWorker.java:startLogSegment(380)) - 4f4b4c2b-9891-494a-a853-d1ce74a38e78-SegmentedRaftLogWorker:Storage Directory /workdir/hadoop-ozone/integration-test/target/test-dir/MiniOzoneClusterImpl-2c49b900-e545-42f2-ab59-957038006ec1/datanode-5/data/ratis/bfcea5fd-ef9e-41d7-8a0b-ca99c479a247: Starting segment from index:0
2019-08-20 14:35:05,427 INFO  impl.RaftServerImpl (ServerState.java:setRaftConf(361)) - 4f4b4c2b-9891-494a-a853-d1ce74a38e78:group-CA99C479A247 set configuration 0: [4f4b4c2b-9891-494a-a853-d1ce74a38e78:192.168.5.159:40054], old=null at 0
2019-08-20 14:35:05,462 INFO  impl.LeaderElection (LeaderElection.java:logAndReturn(56)) - a3d8aab6-9afb-4f8a-80a1-67a307609e9b:group-E4919EC28715:LeaderElection48: Election REJECTED; received 2 response(s) [a3d8aab6-9afb-4f8a-80a1-67a307609e9b<-4f4b4c2b-9891-494a-a853-d1ce74a38e78#0:FAIL-t1, a3d8aab6-9afb-4f8a-80a1-67a307609e9b<-078ae558-aba9-4dbf-9250-ea4c71781868#0:FAIL-t1] and 0 exception(s); a3d8aab6-9afb-4f8a-80a1-67a307609e9b:t1, leader=null, voted=a3d8aab6-9afb-4f8a-80a1-67a307609e9b, raftlog=a3d8aab6-9afb-4f8a-80a1-67a307609e9b-SegmentedRaftLog:OPENED:c-1,f-1,i0, conf=-1: [4f4b4c2b-9891-494a-a853-d1ce74a38e78:192.168.5.159:40054, 078ae558-aba9-4dbf-9250-ea4c71781868:192.168.5.159:46209, a3d8aab6-9afb-4f8a-80a1-67a307609e9b:192.168.5.159:38021], old=null
2019-08-20 14:35:05,463 INFO  impl.RaftServerImpl (RaftServerImpl.java:setRole(171)) - a3d8aab6-9afb-4f8a-80a1-67a307609e9b:group-E4919EC28715 changes role from CANDIDATE to FOLLOWER at term 1 for DISCOVERED_A_NEW_TERM
2019-08-20 14:35:05,465 INFO  impl.RoleInfo (RoleInfo.java:shutdownLeaderElection(134)) - a3d8aab6-9afb-4f8a-80a1-67a307609e9b: shutdown LeaderElection
2019-08-20 14:35:05,465 INFO  impl.RoleInfo (RoleInfo.java:updateAndGet(143)) - a3d8aab6-9afb-4f8a-80a1-67a307609e9b: start FollowerState
2019-08-20 14:35:05,467 INFO  impl.LeaderElection (LeaderElection.java:logAndReturn(56)) - a171a0bd-9f3d-4ada-ada0-3f45c6427efc:group-1B39324019A1:LeaderElection43: Election REJECTED; received 2 response(s) [a171a0bd-9f3d-4ada-ada0-3f45c6427efc<-8244ffb0-534d-43b0-a5dd-4dd678a1ccce#0:FAIL-t1, a171a0bd-9f3d-4ada-ada0-3f45c6427efc<-67082b76-8d62-40bb-96ea-e7986b2b1c64#0:FAIL-t1] and 0 exception(s); a171a0bd-9f3d-4ada-ada0-3f45c6427efc:t1, leader=null, voted=a171a0bd-9f3d-4ada-ada0-3f45c6427efc, raftlog=a171a0bd-9f3d-4ada-ada0-3f45c6427efc-SegmentedRaftLog:OPENED:c-1,f-1,i0, conf=-1: [8244ffb0-534d-43b0-a5dd-4dd678a1ccce:192.168.5.159:44665, a171a0bd-9f3d-4ada-ada0-3f45c6427efc:192.168.5.159:45701, 67082b76-8d62-40bb-96ea-e7986b2b1c64:192.168.5.159:37743], old=null
2019-08-20 14:35:05,470 INFO  impl.RaftServerImpl (RaftServerImpl.java:setRole(171)) - a171a0bd-9f3d-4ada-ada0-3f45c6427efc:group-1B39324019A1 changes role from CANDIDATE to FOLLOWER at term 1 for DISCOVERED_A_NEW_TERM
2019-08-20 14:35:05,473 INFO  impl.RoleInfo (RoleInfo.java:shutdownLeaderElection(134)) - a171a0bd-9f3d-4ada-ada0-3f45c6427efc: shutdown LeaderElection
2019-08-20 14:35:05,473 INFO  impl.RoleInfo (RoleInfo.java:updateAndGet(143)) - a171a0bd-9f3d-4ada-ada0-3f45c6427efc: start FollowerState
2019-08-20 14:35:05,473 INFO  impl.LeaderElection (LeaderElection.java:logAndReturn(56)) - 8244ffb0-534d-43b0-a5dd-4dd678a1ccce:group-1B39324019A1:LeaderElection44: Election REJECTED; received 2 response(s) [8244ffb0-534d-43b0-a5dd-4dd678a1ccce<-a171a0bd-9f3d-4ada-ada0-3f45c6427efc#0:FAIL-t1, 8244ffb0-534d-43b0-a5dd-4dd678a1ccce<-67082b76-8d62-40bb-96ea-e7986b2b1c64#0:FAIL-t1] and 0 exception(s); 8244ffb0-534d-43b0-a5dd-4dd678a1ccce:t1, leader=null, voted=8244ffb0-534d-43b0-a5dd-4dd678a1ccce, raftlog=8244ffb0-534d-43b0-a5dd-4dd678a1ccce-SegmentedRaftLog:OPENED:c-1,f-1,i0, conf=-1: [8244ffb0-534d-43b0-a5dd-4dd678a1ccce:192.168.5.159:44665, a171a0bd-9f3d-4ada-ada0-3f45c6427efc:192.168.5.159:45701, 67082b76-8d62-40bb-96ea-e7986b2b1c64:192.168.5.159:37743], old=null
2019-08-20 14:35:05,473 INFO  impl.LeaderElection (LeaderElection.java:logAndReturn(56)) - 67082b76-8d62-40bb-96ea-e7986b2b1c64:group-1B39324019A1:LeaderElection41: Election REJECTED; received 2 response(s) [67082b76-8d62-40bb-96ea-e7986b2b1c64<-8244ffb0-534d-43b0-a5dd-4dd678a1ccce#0:FAIL-t1, 67082b76-8d62-40bb-96ea-e7986b2b1c64<-a171a0bd-9f3d-4ada-ada0-3f45c6427efc#0:FAIL-t1] and 0 exception(s); 67082b76-8d62-40bb-96ea-e7986b2b1c64:t1, leader=null, voted=67082b76-8d62-40bb-96ea-e7986b2b1c64, raftlog=67082b76-8d62-40bb-96ea-e7986b2b1c64-SegmentedRaftLog:OPENED:c-1,f-1,i0, conf=-1: [8244ffb0-534d-43b0-a5dd-4dd678a1ccce:192.168.5.159:44665, a171a0bd-9f3d-4ada-ada0-3f45c6427efc:192.168.5.159:45701, 67082b76-8d62-40bb-96ea-e7986b2b1c64:192.168.5.159:37743], old=null
2019-08-20 14:35:05,473 INFO  impl.RaftServerImpl (RaftServerImpl.java:setRole(171)) - 8244ffb0-534d-43b0-a5dd-4dd678a1ccce:group-1B39324019A1 changes role from CANDIDATE to FOLLOWER at term 1 for DISCOVERED_A_NEW_TERM
2019-08-20 14:35:05,475 INFO  impl.RaftServerImpl (RaftServerImpl.java:setRole(171)) - 67082b76-8d62-40bb-96ea-e7986b2b1c64:group-1B39324019A1 changes role from CANDIDATE to FOLLOWER at term 1 for DISCOVERED_A_NEW_TERM
2019-08-20 14:35:05,475 INFO  impl.RoleInfo (RoleInfo.java:shutdownLeaderElection(134)) - 8244ffb0-534d-43b0-a5dd-4dd678a1ccce: shutdown LeaderElection
2019-08-20 14:35:05,475 INFO  impl.LeaderElection (LeaderElection.java:logAndReturn(56)) - 4f4b4c2b-9891-494a-a853-d1ce74a38e78:group-E4919EC28715:LeaderElection47: Election REJECTED; received 2 response(s) [4f4b4c2b-9891-494a-a853-d1ce74a38e78<-078ae558-aba9-4dbf-9250-ea4c71781868#0:FAIL-t1, 4f4b4c2b-9891-494a-a853-d1ce74a38e78<-a3d8aab6-9afb-4f8a-80a1-67a307609e9b#0:FAIL-t1] and 0 exception(s); 4f4b4c2b-9891-494a-a853-d1ce74a38e78:t1, leader=null, voted=4f4b4c2b-9891-494a-a853-d1ce74a38e78, raftlog=4f4b4c2b-9891-494a-a853-d1ce74a38e78-SegmentedRaftLog:OPENED:c-1,f-1,i0, conf=-1: [4f4b4c2b-9891-494a-a853-d1ce74a38e78:192.168.5.159:40054, 078ae558-aba9-4dbf-9250-ea4c71781868:192.168.5.159:46209, a3d8aab6-9afb-4f8a-80a1-67a307609e9b:192.168.5.159:38021], old=null
2019-08-20 14:35:05,475 INFO  impl.RoleInfo (RoleInfo.java:shutdownLeaderElection(134)) - 67082b76-8d62-40bb-96ea-e7986b2b1c64: shutdown LeaderElection
2019-08-20 14:35:05,477 INFO  impl.RaftServerImpl (RaftServerImpl.java:setRole(171)) - 4f4b4c2b-9891-494a-a853-d1ce74a38e78:group-E4919EC28715 changes role from CANDIDATE to FOLLOWER at term 1 for DISCOVERED_A_NEW_TERM
2019-08-20 14:35:05,475 INFO  impl.RoleInfo (RoleInfo.java:updateAndGet(143)) - 8244ffb0-534d-43b0-a5dd-4dd678a1ccce: start FollowerState
2019-08-20 14:35:05,477 INFO  impl.LeaderElection (LeaderElection.java:logAndReturn(56)) - 078ae558-aba9-4dbf-9250-ea4c71781868:group-E4919EC28715:LeaderElection49: Election REJECTED; received 2 response(s) [078ae558-aba9-4dbf-9250-ea4c71781868<-4f4b4c2b-9891-494a-a853-d1ce74a38e78#0:FAIL-t1, 078ae558-aba9-4dbf-9250-ea4c71781868<-a3d8aab6-9afb-4f8a-80a1-67a307609e9b#0:FAIL-t1] and 0 exception(s); 078ae558-aba9-4dbf-9250-ea4c71781868:t1, leader=null, voted=078ae558-aba9-4dbf-9250-ea4c71781868, raftlog=078ae558-aba9-4dbf-9250-ea4c71781868-SegmentedRaftLog:OPENED:c-1,f-1,i0, conf=-1: [4f4b4c2b-9891-494a-a853-d1ce74a38e78:192.168.5.159:40054, 078ae558-aba9-4dbf-9250-ea4c71781868:192.168.5.159:46209, a3d8aab6-9afb-4f8a-80a1-67a307609e9b:192.168.5.159:38021], old=null
2019-08-20 14:35:05,477 INFO  impl.RoleInfo (RoleInfo.java:shutdownLeaderElection(134)) - 4f4b4c2b-9891-494a-a853-d1ce74a38e78: shutdown LeaderElection
2019-08-20 14:35:05,477 INFO  impl.RoleInfo (RoleInfo.java:updateAndGet(143)) - 67082b76-8d62-40bb-96ea-e7986b2b1c64: start FollowerState
2019-08-20 14:35:05,477 INFO  impl.RoleInfo (RoleInfo.java:updateAndGet(143)) - 4f4b4c2b-9891-494a-a853-d1ce74a38e78: start FollowerState
2019-08-20 14:35:05,477 INFO  impl.RaftServerImpl (RaftServerImpl.java:setRole(171)) - 078ae558-aba9-4dbf-9250-ea4c71781868:group-E4919EC28715 changes role from CANDIDATE to FOLLOWER at term 1 for DISCOVERED_A_NEW_TERM
2019-08-20 14:35:05,478 INFO  impl.RoleInfo (RoleInfo.java:shutdownLeaderElection(134)) - 078ae558-aba9-4dbf-9250-ea4c71781868: shutdown LeaderElection
2019-08-20 14:35:05,478 INFO  impl.RoleInfo (RoleInfo.java:updateAndGet(143)) - 078ae558-aba9-4dbf-9250-ea4c71781868: start FollowerState
2019-08-20 14:35:05,697 INFO  client.GrpcClientProtocolClient (GrpcClientProtocolClient.java:onNext(255)) - client-8D941197E7BC->8244ffb0-534d-43b0-a5dd-4dd678a1ccce: receive RaftClientReply:client-8D941197E7BC->8244ffb0-534d-43b0-a5dd-4dd678a1ccce@group-1B39324019A1, cid=50, FAILED org.apache.ratis.protocol.NotLeaderException: Server 8244ffb0-534d-43b0-a5dd-4dd678a1ccce is not the leader (null). Request must be sent to leader., logIndex=0, commits[8244ffb0-534d-43b0-a5dd-4dd678a1ccce:c-1]
2019-08-20 14:35:06,104 INFO  segmented.SegmentedRaftLogWorker (SegmentedRaftLogWorker.java:execute(569)) - bd3c3b78-9258-428f-be50-30c126e2ade0-SegmentedRaftLogWorker:Storage Directory /workdir/hadoop-ozone/integration-test/target/test-dir/MiniOzoneClusterImpl-2c49b900-e545-42f2-ab59-957038006ec1/datanode-6/data/ratis/74cc8fd3-1932-443e-8bfc-443d2affc24e: created new log segment /workdir/hadoop-ozone/integration-test/target/test-dir/MiniOzoneClusterImpl-2c49b900-e545-42f2-ab59-957038006ec1/datanode-6/data/ratis/74cc8fd3-1932-443e-8bfc-443d2affc24e/current/log_inprogress_0
2019-08-20 14:35:06,104 INFO  segmented.SegmentedRaftLogWorker (SegmentedRaftLogWorker.java:execute(569)) - 67082b76-8d62-40bb-96ea-e7986b2b1c64-SegmentedRaftLogWorker:Storage Directory /workdir/hadoop-ozone/integration-test/target/test-dir/MiniOzoneClusterImpl-2c49b900-e545-42f2-ab59-957038006ec1/datanode-2/data/ratis/eda5fa4b-66ec-447c-96a9-2b172e9380a1: created new log segment /workdir/hadoop-ozone/integration-test/target/test-dir/MiniOzoneClusterImpl-2c49b900-e545-42f2-ab59-957038006ec1/datanode-2/data/ratis/eda5fa4b-66ec-447c-96a9-2b172e9380a1/current/log_inprogress_0
2019-08-20 14:35:06,104 INFO  segmented.SegmentedRaftLogWorker (SegmentedRaftLogWorker.java:execute(569)) - 4f4b4c2b-9891-494a-a853-d1ce74a38e78-SegmentedRaftLogWorker:Storage Directory /workdir/hadoop-ozone/integration-test/target/test-dir/MiniOzoneClusterImpl-2c49b900-e545-42f2-ab59-957038006ec1/datanode-5/data/ratis/bfcea5fd-ef9e-41d7-8a0b-ca99c479a247: created new log segment /workdir/hadoop-ozone/integration-test/target/test-dir/MiniOzoneClusterImpl-2c49b900-e545-42f2-ab59-957038006ec1/datanode-5/data/ratis/bfcea5fd-ef9e-41d7-8a0b-ca99c479a247/current/log_inprogress_0
2019-08-20 14:35:06,104 INFO  segmented.SegmentedRaftLogWorker (SegmentedRaftLogWorker.java:execute(569)) - 078ae558-aba9-4dbf-9250-ea4c71781868-SegmentedRaftLogWorker:Storage Directory /workdir/hadoop-ozone/integration-test/target/test-dir/MiniOzoneClusterImpl-2c49b900-e545-42f2-ab59-957038006ec1/datanode-3/data/ratis/dd1965b2-df38-4993-87c9-f5dbf006e2b8: created new log segment /workdir/hadoop-ozone/integration-test/target/test-dir/MiniOzoneClusterImpl-2c49b900-e545-42f2-ab59-957038006ec1/datanode-3/data/ratis/dd1965b2-df38-4993-87c9-f5dbf006e2b8/current/log_inprogress_0
2019-08-20 14:35:06,104 INFO  segmented.SegmentedRaftLogWorker (SegmentedRaftLogWorker.java:execute(569)) - a3d8aab6-9afb-4f8a-80a1-67a307609e9b-SegmentedRaftLogWorker:Storage Directory /workdir/hadoop-ozone/integration-test/target/test-dir/MiniOzoneClusterImpl-2c49b900-e545-42f2-ab59-957038006ec1/datanode-4/data/ratis/d0d1f54b-a4b5-4684-882a-243f80612846: created new log segment /workdir/hadoop-ozone/integration-test/target/test-dir/MiniOzoneClusterImpl-2c49b900-e545-42f2-ab59-957038006ec1/datanode-4/data/ratis/d0d1f54b-a4b5-4684-882a-243f80612846/current/log_inprogress_0
2019-08-20 14:35:06,714 INFO  client.GrpcClientProtocolClient (GrpcClientProtocolClient.java:onNext(255)) - client-8D941197E7BC->a171a0bd-9f3d-4ada-ada0-3f45c6427efc: receive RaftClientReply:client-8D941197E7BC->a171a0bd-9f3d-4ada-ada0-3f45c6427efc@group-1B39324019A1, cid=50, FAILED org.apache.ratis.protocol.NotLeaderException: Server a171a0bd-9f3d-4ada-ada0-3f45c6427efc is not the leader (null). Request must be sent to leader., logIndex=0, commits[a171a0bd-9f3d-4ada-ada0-3f45c6427efc:c-1]
2019-08-20 14:35:07,738 INFO  client.GrpcClientProtocolClient (GrpcClientProtocolClient.java:onNext(255)) - client-8D941197E7BC->8244ffb0-534d-43b0-a5dd-4dd678a1ccce: receive RaftClientReply:client-8D941197E7BC->8244ffb0-534d-43b0-a5dd-4dd678a1ccce@group-1B39324019A1, cid=50, FAILED org.apache.ratis.protocol.NotLeaderException: Server 8244ffb0-534d-43b0-a5dd-4dd678a1ccce is not the leader (null). Request must be sent to leader., logIndex=0, commits[8244ffb0-534d-43b0-a5dd-4dd678a1ccce:c-1]
2019-08-20 14:35:08,751 INFO  client.GrpcClientProtocolClient (GrpcClientProtocolClient.java:onNext(255)) - client-8D941197E7BC->a171a0bd-9f3d-4ada-ada0-3f45c6427efc: receive RaftClientReply:client-8D941197E7BC->a171a0bd-9f3d-4ada-ada0-3f45c6427efc@group-1B39324019A1, cid=50, FAILED org.apache.ratis.protocol.NotLeaderException: Server a171a0bd-9f3d-4ada-ada0-3f45c6427efc is not the leader (null). Request must be sent to leader., logIndex=0, commits[a171a0bd-9f3d-4ada-ada0-3f45c6427efc:c-1]
2019-08-20 14:35:09,764 INFO  client.GrpcClientProtocolClient (GrpcClientProtocolClient.java:onNext(255)) - client-8D941197E7BC->8244ffb0-534d-43b0-a5dd-4dd678a1ccce: receive RaftClientReply:client-8D941197E7BC->8244ffb0-534d-43b0-a5dd-4dd678a1ccce@group-1B39324019A1, cid=50, FAILED org.apache.ratis.protocol.NotLeaderException: Server 8244ffb0-534d-43b0-a5dd-4dd678a1ccce is not the leader (null). Request must be sent to leader., logIndex=0, commits[8244ffb0-534d-43b0-a5dd-4dd678a1ccce:c-1]
2019-08-20 14:35:10,481 INFO  impl.FollowerState (FollowerState.java:run(106)) - 4f4b4c2b-9891-494a-a853-d1ce74a38e78:group-E4919EC28715 changes to CANDIDATE, lastRpcTime:5003, electionTimeout:5003ms
2019-08-20 14:35:10,481 INFO  impl.RoleInfo (RoleInfo.java:shutdownFollowerState(121)) - 4f4b4c2b-9891-494a-a853-d1ce74a38e78: shutdown FollowerState
2019-08-20 14:35:10,481 INFO  impl.RaftServerImpl (RaftServerImpl.java:setRole(171)) - 4f4b4c2b-9891-494a-a853-d1ce74a38e78:group-E4919EC28715 changes role from FOLLOWER to CANDIDATE at term 1 for changeToCandidate
2019-08-20 14:35:10,481 INFO  impl.RoleInfo (RoleInfo.java:updateAndGet(143)) - 4f4b4c2b-9891-494a-a853-d1ce74a38e78: start LeaderElection
2019-08-20 14:35:10,504 INFO  impl.FollowerState (FollowerState.java:run(106)) - a3d8aab6-9afb-4f8a-80a1-67a307609e9b:group-E4919EC28715 changes to CANDIDATE, lastRpcTime:5039, electionTimeout:5039ms
2019-08-20 14:35:10,505 INFO  impl.RoleInfo (RoleInfo.java:shutdownFollowerState(121)) - a3d8aab6-9afb-4f8a-80a1-67a307609e9b: shutdown FollowerState
2019-08-20 14:35:10,505 INFO  impl.RaftServerImpl (RaftServerImpl.java:setRole(171)) - a3d8aab6-9afb-4f8a-80a1-67a307609e9b:group-E4919EC28715 changes role from FOLLOWER to CANDIDATE at term 1 for changeToCandidate
2019-08-20 14:35:10,505 INFO  impl.RoleInfo (RoleInfo.java:updateAndGet(143)) - a3d8aab6-9afb-4f8a-80a1-67a307609e9b: start LeaderElection
2019-08-20 14:35:10,515 INFO  impl.FollowerState (FollowerState.java:run(106)) - 078ae558-aba9-4dbf-9250-ea4c71781868:group-E4919EC28715 changes to CANDIDATE, lastRpcTime:5037, electionTimeout:5037ms
2019-08-20 14:35:10,515 INFO  impl.RoleInfo (RoleInfo.java:shutdownFollowerState(121)) - 078ae558-aba9-4dbf-9250-ea4c71781868: shutdown FollowerState
2019-08-20 14:35:10,515 INFO  impl.RaftServerImpl (RaftServerImpl.java:setRole(171)) - 078ae558-aba9-4dbf-9250-ea4c71781868:group-E4919EC28715 changes role from FOLLOWER to CANDIDATE at term 1 for changeToCandidate
2019-08-20 14:35:10,516 INFO  impl.RoleInfo (RoleInfo.java:updateAndGet(143)) - 078ae558-aba9-4dbf-9250-ea4c71781868: start LeaderElection
2019-08-20 14:35:10,583 INFO  impl.FollowerState (FollowerState.java:run(106)) - a171a0bd-9f3d-4ada-ada0-3f45c6427efc:group-1B39324019A1 changes to CANDIDATE, lastRpcTime:5109, electionTimeout:5108ms
2019-08-20 14:35:10,583 INFO  impl.RoleInfo (RoleInfo.java:shutdownFollowerState(121)) - a171a0bd-9f3d-4ada-ada0-3f45c6427efc: shutdown FollowerState
2019-08-20 14:35:10,583 INFO  impl.RaftServerImpl (RaftServerImpl.java:setRole(171)) - a171a0bd-9f3d-4ada-ada0-3f45c6427efc:group-1B39324019A1 changes role from FOLLOWER to CANDIDATE at term 1 for changeToCandidate
2019-08-20 14:35:10,584 INFO  impl.RoleInfo (RoleInfo.java:updateAndGet(143)) - a171a0bd-9f3d-4ada-ada0-3f45c6427efc: start LeaderElection
2019-08-20 14:35:10,611 INFO  impl.FollowerState (FollowerState.java:run(106)) - 67082b76-8d62-40bb-96ea-e7986b2b1c64:group-1B39324019A1 changes to CANDIDATE, lastRpcTime:5133, electionTimeout:5133ms
2019-08-20 14:35:10,611 INFO  impl.RoleInfo (RoleInfo.java:shutdownFollowerState(121)) - 67082b76-8d62-40bb-96ea-e7986b2b1c64: shutdown FollowerState
2019-08-20 14:35:10,611 INFO  impl.RaftServerImpl (RaftServerImpl.java:setRole(171)) - 67082b76-8d62-40bb-96ea-e7986b2b1c64:group-1B39324019A1 changes role from FOLLOWER to CANDIDATE at term 1 for changeToCandidate
2019-08-20 14:35:10,611 INFO  impl.RoleInfo (RoleInfo.java:updateAndGet(143)) - 67082b76-8d62-40bb-96ea-e7986b2b1c64: start LeaderElection
2019-08-20 14:35:10,631 INFO  impl.FollowerState (FollowerState.java:run(106)) - 8244ffb0-534d-43b0-a5dd-4dd678a1ccce:group-1B39324019A1 changes to CANDIDATE, lastRpcTime:5156, electionTimeout:5154ms
2019-08-20 14:35:10,632 INFO  impl.RoleInfo (RoleInfo.java:shutdownFollowerState(121)) - 8244ffb0-534d-43b0-a5dd-4dd678a1ccce: shutdown FollowerState
2019-08-20 14:35:10,632 INFO  impl.RaftServerImpl (RaftServerImpl.java:setRole(171)) - 8244ffb0-534d-43b0-a5dd-4dd678a1ccce:group-1B39324019A1 changes role from FOLLOWER to CANDIDATE at term 1 for changeToCandidate
2019-08-20 14:35:10,632 INFO  impl.RoleInfo (RoleInfo.java:updateAndGet(143)) - 8244ffb0-534d-43b0-a5dd-4dd678a1ccce: start LeaderElection
2019-08-20 14:35:10,779 INFO  client.GrpcClientProtocolClient (GrpcClientProtocolClient.java:onNext(255)) - client-8D941197E7BC->67082b76-8d62-40bb-96ea-e7986b2b1c64: receive RaftClientReply:client-8D941197E7BC->67082b76-8d62-40bb-96ea-e7986b2b1c64@group-1B39324019A1, cid=50, FAILED org.apache.ratis.protocol.NotLeaderException: Server 67082b76-8d62-40bb-96ea-e7986b2b1c64 is not the leader (null). Request must be sent to leader., logIndex=0, commits[67082b76-8d62-40bb-96ea-e7986b2b1c64:c-1]
2019-08-20 14:35:10,807 INFO  impl.LeaderElection (LeaderElection.java:askForVotes(181)) - 4f4b4c2b-9891-494a-a853-d1ce74a38e78:group-E4919EC28715:LeaderElection51: begin an election at term 2 for -1: [4f4b4c2b-9891-494a-a853-d1ce74a38e78:192.168.5.159:40054, 078ae558-aba9-4dbf-9250-ea4c71781868:192.168.5.159:46209, a3d8aab6-9afb-4f8a-80a1-67a307609e9b:192.168.5.159:38021], old=null
2019-08-20 14:35:10,807 INFO  impl.LeaderElection (LeaderElection.java:askForVotes(181)) - a3d8aab6-9afb-4f8a-80a1-67a307609e9b:group-E4919EC28715:LeaderElection52: begin an election at term 2 for -1: [4f4b4c2b-9891-494a-a853-d1ce74a38e78:192.168.5.159:40054, 078ae558-aba9-4dbf-9250-ea4c71781868:192.168.5.159:46209, a3d8aab6-9afb-4f8a-80a1-67a307609e9b:192.168.5.159:38021], old=null
2019-08-20 14:35:10,807 INFO  impl.LeaderElection (LeaderElection.java:askForVotes(181)) - 078ae558-aba9-4dbf-9250-ea4c71781868:group-E4919EC28715:LeaderElection53: begin an election at term 2 for -1: [4f4b4c2b-9891-494a-a853-d1ce74a38e78:192.168.5.159:40054, 078ae558-aba9-4dbf-9250-ea4c71781868:192.168.5.159:46209, a3d8aab6-9afb-4f8a-80a1-67a307609e9b:192.168.5.159:38021], old=null
2019-08-20 14:35:10,826 INFO  impl.LeaderElection (LeaderElection.java:logAndReturn(56)) - a3d8aab6-9afb-4f8a-80a1-67a307609e9b:group-E4919EC28715:LeaderElection52: Election REJECTED; received 2 response(s) [a3d8aab6-9afb-4f8a-80a1-67a307609e9b<-4f4b4c2b-9891-494a-a853-d1ce74a38e78#0:FAIL-t2, a3d8aab6-9afb-4f8a-80a1-67a307609e9b<-078ae558-aba9-4dbf-9250-ea4c71781868#0:FAIL-t2] and 0 exception(s); a3d8aab6-9afb-4f8a-80a1-67a307609e9b:t2, leader=null, voted=a3d8aab6-9afb-4f8a-80a1-67a307609e9b, raftlog=a3d8aab6-9afb-4f8a-80a1-67a307609e9b-SegmentedRaftLog:OPENED:c-1,f-1,i0, conf=-1: [4f4b4c2b-9891-494a-a853-d1ce74a38e78:192.168.5.159:40054, 078ae558-aba9-4dbf-9250-ea4c71781868:192.168.5.159:46209, a3d8aab6-9afb-4f8a-80a1-67a307609e9b:192.168.5.159:38021], old=null
2019-08-20 14:35:10,826 INFO  impl.RaftServerImpl (RaftServerImpl.java:setRole(171)) - a3d8aab6-9afb-4f8a-80a1-67a307609e9b:group-E4919EC28715 changes role from CANDIDATE to FOLLOWER at term 2 for DISCOVERED_A_NEW_TERM
2019-08-20 14:35:10,826 INFO  impl.RoleInfo (RoleInfo.java:shutdownLeaderElection(134)) - a3d8aab6-9afb-4f8a-80a1-67a307609e9b: shutdown LeaderElection
2019-08-20 14:35:10,827 INFO  impl.RoleInfo (RoleInfo.java:updateAndGet(143)) - a3d8aab6-9afb-4f8a-80a1-67a307609e9b: start FollowerState
2019-08-20 14:35:10,829 INFO  impl.LeaderElection (LeaderElection.java:logAndReturn(56)) - 078ae558-aba9-4dbf-9250-ea4c71781868:group-E4919EC28715:LeaderElection53: Election REJECTED; received 2 response(s) [078ae558-aba9-4dbf-9250-ea4c71781868<-4f4b4c2b-9891-494a-a853-d1ce74a38e78#0:FAIL-t2, 078ae558-aba9-4dbf-9250-ea4c71781868<-a3d8aab6-9afb-4f8a-80a1-67a307609e9b#0:FAIL-t2] and 0 exception(s); 078ae558-aba9-4dbf-9250-ea4c71781868:t2, leader=null, voted=078ae558-aba9-4dbf-9250-ea4c71781868, raftlog=078ae558-aba9-4dbf-9250-ea4c71781868-SegmentedRaftLog:OPENED:c-1,f-1,i0, conf=-1: [4f4b4c2b-9891-494a-a853-d1ce74a38e78:192.168.5.159:40054, 078ae558-aba9-4dbf-9250-ea4c71781868:192.168.5.159:46209, a3d8aab6-9afb-4f8a-80a1-67a307609e9b:192.168.5.159:38021], old=null
2019-08-20 14:35:10,829 INFO  impl.LeaderElection (LeaderElection.java:logAndReturn(56)) - 4f4b4c2b-9891-494a-a853-d1ce74a38e78:group-E4919EC28715:LeaderElection51: Election REJECTED; received 2 response(s) [4f4b4c2b-9891-494a-a853-d1ce74a38e78<-078ae558-aba9-4dbf-9250-ea4c71781868#0:FAIL-t2, 4f4b4c2b-9891-494a-a853-d1ce74a38e78<-a3d8aab6-9afb-4f8a-80a1-67a307609e9b#0:FAIL-t2] and 0 exception(s); 4f4b4c2b-9891-494a-a853-d1ce74a38e78:t2, leader=null, voted=4f4b4c2b-9891-494a-a853-d1ce74a38e78, raftlog=4f4b4c2b-9891-494a-a853-d1ce74a38e78-SegmentedRaftLog:OPENED:c-1,f-1,i0, conf=-1: [4f4b4c2b-9891-494a-a853-d1ce74a38e78:192.168.5.159:40054, 078ae558-aba9-4dbf-9250-ea4c71781868:192.168.5.159:46209, a3d8aab6-9afb-4f8a-80a1-67a307609e9b:192.168.5.159:38021], old=null
2019-08-20 14:35:10,829 INFO  impl.RaftServerImpl (RaftServerImpl.java:setRole(171)) - 078ae558-aba9-4dbf-9250-ea4c71781868:group-E4919EC28715 changes role from CANDIDATE to FOLLOWER at term 2 for DISCOVERED_A_NEW_TERM
2019-08-20 14:35:10,829 INFO  impl.RaftServerImpl (RaftServerImpl.java:setRole(171)) - 4f4b4c2b-9891-494a-a853-d1ce74a38e78:group-E4919EC28715 changes role from CANDIDATE to FOLLOWER at term 2 for DISCOVERED_A_NEW_TERM
2019-08-20 14:35:10,829 INFO  impl.RoleInfo (RoleInfo.java:shutdownLeaderElection(134)) - 078ae558-aba9-4dbf-9250-ea4c71781868: shutdown LeaderElection
2019-08-20 14:35:10,830 INFO  impl.RoleInfo (RoleInfo.java:shutdownLeaderElection(134)) - 4f4b4c2b-9891-494a-a853-d1ce74a38e78: shutdown LeaderElection
2019-08-20 14:35:10,830 INFO  impl.RoleInfo (RoleInfo.java:updateAndGet(143)) - 078ae558-aba9-4dbf-9250-ea4c71781868: start FollowerState
2019-08-20 14:35:10,830 INFO  impl.RoleInfo (RoleInfo.java:updateAndGet(143)) - 4f4b4c2b-9891-494a-a853-d1ce74a38e78: start FollowerState
2019-08-20 14:35:10,840 INFO  impl.LeaderElection (LeaderElection.java:askForVotes(181)) - a171a0bd-9f3d-4ada-ada0-3f45c6427efc:group-1B39324019A1:LeaderElection54: begin an election at term 2 for -1: [8244ffb0-534d-43b0-a5dd-4dd678a1ccce:192.168.5.159:44665, a171a0bd-9f3d-4ada-ada0-3f45c6427efc:192.168.5.159:45701, 67082b76-8d62-40bb-96ea-e7986b2b1c64:192.168.5.159:37743], old=null
2019-08-20 14:35:10,840 INFO  impl.LeaderElection (LeaderElection.java:askForVotes(181)) - 8244ffb0-534d-43b0-a5dd-4dd678a1ccce:group-1B39324019A1:LeaderElection56: begin an election at term 2 for -1: [8244ffb0-534d-43b0-a5dd-4dd678a1ccce:192.168.5.159:44665, a171a0bd-9f3d-4ada-ada0-3f45c6427efc:192.168.5.159:45701, 67082b76-8d62-40bb-96ea-e7986b2b1c64:192.168.5.159:37743], old=null
2019-08-20 14:35:10,840 INFO  impl.LeaderElection (LeaderElection.java:askForVotes(181)) - 67082b76-8d62-40bb-96ea-e7986b2b1c64:group-1B39324019A1:LeaderElection55: begin an election at term 2 for -1: [8244ffb0-534d-43b0-a5dd-4dd678a1ccce:192.168.5.159:44665, a171a0bd-9f3d-4ada-ada0-3f45c6427efc:192.168.5.159:45701, 67082b76-8d62-40bb-96ea-e7986b2b1c64:192.168.5.159:37743], old=null
2019-08-20 14:35:10,847 INFO  impl.LeaderElection (LeaderElection.java:logAndReturn(56)) - a171a0bd-9f3d-4ada-ada0-3f45c6427efc:group-1B39324019A1:LeaderElection54: Election REJECTED; received 2 response(s) [a171a0bd-9f3d-4ada-ada0-3f45c6427efc<-8244ffb0-534d-43b0-a5dd-4dd678a1ccce#0:FAIL-t2, a171a0bd-9f3d-4ada-ada0-3f45c6427efc<-67082b76-8d62-40bb-96ea-e7986b2b1c64#0:FAIL-t2] and 0 exception(s); a171a0bd-9f3d-4ada-ada0-3f45c6427efc:t2, leader=null, voted=a171a0bd-9f3d-4ada-ada0-3f45c6427efc, raftlog=a171a0bd-9f3d-4ada-ada0-3f45c6427efc-SegmentedRaftLog:OPENED:c-1,f-1,i0, conf=-1: [8244ffb0-534d-43b0-a5dd-4dd678a1ccce:192.168.5.159:44665, a171a0bd-9f3d-4ada-ada0-3f45c6427efc:192.168.5.159:45701, 67082b76-8d62-40bb-96ea-e7986b2b1c64:192.168.5.159:37743], old=null
2019-08-20 14:35:10,847 INFO  impl.RaftServerImpl (RaftServerImpl.java:setRole(171)) - a171a0bd-9f3d-4ada-ada0-3f45c6427efc:group-1B39324019A1 changes role from CANDIDATE to FOLLOWER at term 2 for DISCOVERED_A_NEW_TERM
2019-08-20 14:35:10,847 INFO  impl.RoleInfo (RoleInfo.java:shutdownLeaderElection(134)) - a171a0bd-9f3d-4ada-ada0-3f45c6427efc: shutdown LeaderElection
2019-08-20 14:35:10,847 INFO  impl.RoleInfo (RoleInfo.java:updateAndGet(143)) - a171a0bd-9f3d-4ada-ada0-3f45c6427efc: start FollowerState
2019-08-20 14:35:10,847 INFO  impl.LeaderElection (LeaderElection.java:logAndReturn(56)) - 67082b76-8d62-40bb-96ea-e7986b2b1c64:group-1B39324019A1:LeaderElection55: Election REJECTED; received 2 response(s) [67082b76-8d62-40bb-96ea-e7986b2b1c64<-8244ffb0-534d-43b0-a5dd-4dd678a1ccce#0:FAIL-t2, 67082b76-8d62-40bb-96ea-e7986b2b1c64<-a171a0bd-9f3d-4ada-ada0-3f45c6427efc#0:FAIL-t2] and 0 exception(s); 67082b76-8d62-40bb-96ea-e7986b2b1c64:t2, leader=null, voted=67082b76-8d62-40bb-96ea-e7986b2b1c64, raftlog=67082b76-8d62-40bb-96ea-e7986b2b1c64-SegmentedRaftLog:OPENED:c-1,f-1,i0, conf=-1: [8244ffb0-534d-43b0-a5dd-4dd678a1ccce:192.168.5.159:44665, a171a0bd-9f3d-4ada-ada0-3f45c6427efc:192.168.5.159:45701, 67082b76-8d62-40bb-96ea-e7986b2b1c64:192.168.5.159:37743], old=null
2019-08-20 14:35:10,848 INFO  impl.LeaderElection (LeaderElection.java:logAndReturn(56)) - 8244ffb0-534d-43b0-a5dd-4dd678a1ccce:group-1B39324019A1:LeaderElection56: Election REJECTED; received 2 response(s) [8244ffb0-534d-43b0-a5dd-4dd678a1ccce<-a171a0bd-9f3d-4ada-ada0-3f45c6427efc#0:FAIL-t2, 8244ffb0-534d-43b0-a5dd-4dd678a1ccce<-67082b76-8d62-40bb-96ea-e7986b2b1c64#0:FAIL-t2] and 0 exception(s); 8244ffb0-534d-43b0-a5dd-4dd678a1ccce:t2, leader=null, voted=8244ffb0-534d-43b0-a5dd-4dd678a1ccce, raftlog=8244ffb0-534d-43b0-a5dd-4dd678a1ccce-SegmentedRaftLog:OPENED:c-1,f-1,i0, conf=-1: [8244ffb0-534d-43b0-a5dd-4dd678a1ccce:192.168.5.159:44665, a171a0bd-9f3d-4ada-ada0-3f45c6427efc:192.168.5.159:45701, 67082b76-8d62-40bb-96ea-e7986b2b1c64:192.168.5.159:37743], old=null
2019-08-20 14:35:10,848 INFO  impl.RaftServerImpl (RaftServerImpl.java:setRole(171)) - 67082b76-8d62-40bb-96ea-e7986b2b1c64:group-1B39324019A1 changes role from CANDIDATE to FOLLOWER at term 2 for DISCOVERED_A_NEW_TERM
2019-08-20 14:35:10,848 INFO  impl.RaftServerImpl (RaftServerImpl.java:setRole(171)) - 8244ffb0-534d-43b0-a5dd-4dd678a1ccce:group-1B39324019A1 changes role from CANDIDATE to FOLLOWER at term 2 for DISCOVERED_A_NEW_TERM
2019-08-20 14:35:10,848 INFO  impl.RoleInfo (RoleInfo.java:shutdownLeaderElection(134)) - 67082b76-8d62-40bb-96ea-e7986b2b1c64: shutdown LeaderElection
2019-08-20 14:35:10,848 INFO  impl.RoleInfo (RoleInfo.java:shutdownLeaderElection(134)) - 8244ffb0-534d-43b0-a5dd-4dd678a1ccce: shutdown LeaderElection
2019-08-20 14:35:10,848 INFO  impl.RoleInfo (RoleInfo.java:updateAndGet(143)) - 67082b76-8d62-40bb-96ea-e7986b2b1c64: start FollowerState
2019-08-20 14:35:10,848 INFO  impl.RoleInfo (RoleInfo.java:updateAndGet(143)) - 8244ffb0-534d-43b0-a5dd-4dd678a1ccce: start FollowerState
2019-08-20 14:35:11,799 INFO  client.GrpcClientProtocolClient (GrpcClientProtocolClient.java:onNext(255)) - client-8D941197E7BC->8244ffb0-534d-43b0-a5dd-4dd678a1ccce: receive RaftClientReply:client-8D941197E7BC->8244ffb0-534d-43b0-a5dd-4dd678a1ccce@group-1B39324019A1, cid=50, FAILED org.apache.ratis.protocol.NotLeaderException: Server 8244ffb0-534d-43b0-a5dd-4dd678a1ccce is not the leader (null). Request must be sent to leader., logIndex=0, commits[8244ffb0-534d-43b0-a5dd-4dd678a1ccce:c-1]
2019-08-20 14:35:12,816 INFO  client.GrpcClientProtocolClient (GrpcClientProtocolClient.java:onNext(255)) - client-8D941197E7BC->67082b76-8d62-40bb-96ea-e7986b2b1c64: receive RaftClientReply:client-8D941197E7BC->67082b76-8d62-40bb-96ea-e7986b2b1c64@group-1B39324019A1, cid=50, FAILED org.apache.ratis.protocol.NotLeaderException: Server 67082b76-8d62-40bb-96ea-e7986b2b1c64 is not the leader (null). Request must be sent to leader., logIndex=0, commits[67082b76-8d62-40bb-96ea-e7986b2b1c64:c-1]
]]></system-out>
    <system-err><![CDATA[Aug 20, 2019 2:34:46 PM com.sun.jersey.server.impl.application.WebApplicationImpl _initiate
INFO: Initiating Jersey application, version 'Jersey: 1.19 02/11/2015 03:25 AM'
Aug 20, 2019 2:34:47 PM com.sun.jersey.server.impl.application.WebApplicationImpl _initiate
INFO: Initiating Jersey application, version 'Jersey: 1.19 02/11/2015 03:25 AM'
Aug 20, 2019 2:34:47 PM com.sun.jersey.server.impl.application.WebApplicationImpl _initiate
INFO: Initiating Jersey application, version 'Jersey: 1.19 02/11/2015 03:25 AM'
Aug 20, 2019 2:34:47 PM com.sun.jersey.server.impl.application.WebApplicationImpl _initiate
INFO: Initiating Jersey application, version 'Jersey: 1.19 02/11/2015 03:25 AM'
Aug 20, 2019 2:34:47 PM com.sun.jersey.server.impl.application.WebApplicationImpl _initiate
INFO: Initiating Jersey application, version 'Jersey: 1.19 02/11/2015 03:25 AM'
Aug 20, 2019 2:34:48 PM com.sun.jersey.server.impl.application.WebApplicationImpl _initiate
INFO: Initiating Jersey application, version 'Jersey: 1.19 02/11/2015 03:25 AM'
Aug 20, 2019 2:34:48 PM com.sun.jersey.server.impl.application.WebApplicationImpl _initiate
INFO: Initiating Jersey application, version 'Jersey: 1.19 02/11/2015 03:25 AM'
]]></system-err>
  </testcase>
  <testcase name="testWatchForCommitForRetryfailure" classname="org.apache.hadoop.ozone.client.rpc.TestWatchForCommit" time="67.527"/>
  <testcase name="testWatchForCommitForGroupMismatchException" classname="org.apache.hadoop.ozone.client.rpc.TestWatchForCommit" time="33.582"/>
  <testcase name="test2WayCommitForTimeoutException" classname="org.apache.hadoop.ozone.client.rpc.TestWatchForCommit" time="51.78"/>
</testsuite>