<?xml version="1.0" encoding="UTF-8"?>
<testsuite xmlns:xsi="http://www.w3.org/2001/XMLSchema-instance" xsi:noNamespaceSchemaLocation="https://maven.apache.org/surefire/maven-surefire-plugin/xsd/surefire-test-report.xsd" name="org.apache.hadoop.ozone.client.rpc.TestBlockOutputStreamWithFailures" time="768.989" tests="8" errors="0" skipped="0" failures="1">
  <properties>
    <property name="awt.toolkit" value="sun.awt.X11.XToolkit"/>
    <property name="file.encoding.pkg" value="sun.io"/>
    <property name="java.specification.version" value="1.8"/>
    <property name="sun.cpu.isalist" value=""/>
    <property name="sun.jnu.encoding" value="UTF-8"/>
    <property name="java.class.path" value="/workdir/hadoop-ozone/integration-test/target/test-classes:/workdir/hadoop-ozone/integration-test/target/classes:/home/user/.m2/repository/org/apache/hadoop/hadoop-ozone-common/0.5.0-SNAPSHOT/hadoop-ozone-common-0.5.0-SNAPSHOT.jar:/home/user/.m2/repository/org/apache/commons/commons-compress/1.4.1/commons-compress-1.4.1.jar:/home/user/.m2/repository/org/tukaani/xz/1.0/xz-1.0.jar:/home/user/.m2/repository/org/apache/hadoop/hadoop-common/3.2.0/hadoop-common-3.2.0.jar:/home/user/.m2/repository/org/apache/hadoop/hadoop-hdfs/3.2.0/hadoop-hdfs-3.2.0.jar:/home/user/.m2/repository/org/apache/hadoop/hadoop-hdfs-client/3.2.0/hadoop-hdfs-client-3.2.0.jar:/home/user/.m2/repository/com/fasterxml/jackson/core/jackson-annotations/2.9.5/jackson-annotations-2.9.5.jar:/home/user/.m2/repository/org/apache/hadoop/hadoop-hdds-common/0.5.0-SNAPSHOT/hadoop-hdds-common-0.5.0-SNAPSHOT.jar:/home/user/.m2/repository/javax/annotation/javax.annotation-api/1.2/javax.annotation-api-1.2.jar:/home/user/.m2/repository/org/apache/ratis/ratis-server/0.4.0-2337318-SNAPSHOT/ratis-server-0.4.0-2337318-SNAPSHOT.jar:/home/user/.m2/repository/org/apache/ratis/ratis-thirdparty-misc/0.2.0/ratis-thirdparty-misc-0.2.0.jar:/home/user/.m2/repository/org/apache/ratis/ratis-proto/0.4.0-2337318-SNAPSHOT/ratis-proto-0.4.0-2337318-SNAPSHOT.jar:/home/user/.m2/repository/org/apache/ratis/ratis-common/0.4.0-2337318-SNAPSHOT/ratis-common-0.4.0-2337318-SNAPSHOT.jar:/home/user/.m2/repository/org/apache/ratis/ratis-client/0.4.0-2337318-SNAPSHOT/ratis-client-0.4.0-2337318-SNAPSHOT.jar:/home/user/.m2/repository/org/apache/ratis/ratis-metrics/0.4.0-2337318-SNAPSHOT/ratis-metrics-0.4.0-2337318-SNAPSHOT.jar:/home/user/.m2/repository/org/apache/ratis/ratis-netty/0.4.0-2337318-SNAPSHOT/ratis-netty-0.4.0-2337318-SNAPSHOT.jar:/home/user/.m2/repository/org/apache/ratis/ratis-grpc/0.4.0-2337318-SNAPSHOT/ratis-grpc-0.4.0-2337318-SNAPSHOT.jar:/home/user/.m2/repository/org/rocksdb/rocksdbjni/6.0.1/rocksdbjni-6.0.1.jar:/home/user/.m2/repository/org/apache/logging/log4j/log4j-api/2.11.0/log4j-api-2.11.0.jar:/home/user/.m2/repository/org/apache/logging/log4j/log4j-core/2.11.0/log4j-core-2.11.0.jar:/home/user/.m2/repository/com/lmax/disruptor/3.4.2/disruptor-3.4.2.jar:/home/user/.m2/repository/org/apache/commons/commons-pool2/2.6.0/commons-pool2-2.6.0.jar:/home/user/.m2/repository/org/bouncycastle/bcpkix-jdk15on/1.60/bcpkix-jdk15on-1.60.jar:/home/user/.m2/repository/commons-validator/commons-validator/1.6/commons-validator-1.6.jar:/home/user/.m2/repository/commons-digester/commons-digester/1.8.1/commons-digester-1.8.1.jar:/home/user/.m2/repository/io/jaegertracing/jaeger-client/0.33.1/jaeger-client-0.33.1.jar:/home/user/.m2/repository/io/jaegertracing/jaeger-thrift/0.33.1/jaeger-thrift-0.33.1.jar:/home/user/.m2/repository/org/apache/thrift/libthrift/0.11.0/libthrift-0.11.0.jar:/home/user/.m2/repository/com/squareup/okhttp3/okhttp/3.9.0/okhttp-3.9.0.jar:/home/user/.m2/repository/com/squareup/okio/okio/1.13.0/okio-1.13.0.jar:/home/user/.m2/repository/io/jaegertracing/jaeger-core/0.33.1/jaeger-core-0.33.1.jar:/home/user/.m2/repository/io/jaegertracing/jaeger-tracerresolver/0.33.1/jaeger-tracerresolver-0.33.1.jar:/home/user/.m2/repository/io/opentracing/contrib/opentracing-tracerresolver/0.1.5/opentracing-tracerresolver-0.1.5.jar:/home/user/.m2/repository/io/opentracing/opentracing-util/0.31.0/opentracing-util-0.31.0.jar:/home/user/.m2/repository/io/opentracing/opentracing-api/0.31.0/opentracing-api-0.31.0.jar:/home/user/.m2/repository/io/opentracing/opentracing-noop/0.31.0/opentracing-noop-0.31.0.jar:/home/user/.m2/repository/org/apache/hadoop/hadoop-hdds-server-framework/0.5.0-SNAPSHOT/hadoop-hdds-server-framework-0.5.0-SNAPSHOT.jar:/home/user/.m2/repository/org/apache/hadoop/hadoop-hdds-container-service/0.5.0-SNAPSHOT/hadoop-hdds-container-service-0.5.0-SNAPSHOT.jar:/home/user/.m2/repository/org/apache/hadoop/hadoop-hdds-client/0.5.0-SNAPSHOT/hadoop-hdds-client-0.5.0-SNAPSHOT.jar:/home/user/.m2/repository/org/apache/hadoop/hadoop-hdds-tools/0.5.0-SNAPSHOT/hadoop-hdds-tools-0.5.0-SNAPSHOT.jar:/home/user/.m2/repository/org/apache/hadoop/hadoop-hdds-server-scm/0.5.0-SNAPSHOT/hadoop-hdds-server-scm-0.5.0-SNAPSHOT.jar:/home/user/.m2/repository/org/apache/hadoop/hadoop-hdds-docs/0.5.0-SNAPSHOT/hadoop-hdds-docs-0.5.0-SNAPSHOT.jar:/home/user/.m2/repository/io/dropwizard/metrics/metrics-core/3.2.4/metrics-core-3.2.4.jar:/home/user/.m2/repository/org/hamcrest/hamcrest-all/1.3/hamcrest-all-1.3.jar:/home/user/.m2/repository/org/bouncycastle/bcprov-jdk15on/1.60/bcprov-jdk15on-1.60.jar:/home/user/.m2/repository/info/picocli/picocli/3.9.6/picocli-3.9.6.jar:/home/user/.m2/repository/com/google/protobuf/protobuf-java/2.5.0/protobuf-java-2.5.0.jar:/home/user/.m2/repository/com/google/guava/guava/11.0.2/guava-11.0.2.jar:/home/user/.m2/repository/org/apache/hadoop/hadoop-ozone-ozone-manager/0.5.0-SNAPSHOT/hadoop-ozone-ozone-manager-0.5.0-SNAPSHOT.jar:/home/user/.m2/repository/org/apache/hadoop/hadoop-minikdc/3.2.0/hadoop-minikdc-3.2.0.jar:/home/user/.m2/repository/commons-io/commons-io/2.5/commons-io-2.5.jar:/home/user/.m2/repository/org/apache/kerby/kerb-simplekdc/1.0.1/kerb-simplekdc-1.0.1.jar:/home/user/.m2/repository/org/apache/kerby/kerb-client/1.0.1/kerb-client-1.0.1.jar:/home/user/.m2/repository/org/apache/kerby/kerby-config/1.0.1/kerby-config-1.0.1.jar:/home/user/.m2/repository/org/apache/kerby/kerb-core/1.0.1/kerb-core-1.0.1.jar:/home/user/.m2/repository/org/apache/kerby/kerby-pkix/1.0.1/kerby-pkix-1.0.1.jar:/home/user/.m2/repository/org/apache/kerby/kerby-asn1/1.0.1/kerby-asn1-1.0.1.jar:/home/user/.m2/repository/org/apache/kerby/kerby-util/1.0.1/kerby-util-1.0.1.jar:/home/user/.m2/repository/org/apache/kerby/kerb-common/1.0.1/kerb-common-1.0.1.jar:/home/user/.m2/repository/org/apache/kerby/kerb-crypto/1.0.1/kerb-crypto-1.0.1.jar:/home/user/.m2/repository/org/apache/kerby/kerb-util/1.0.1/kerb-util-1.0.1.jar:/home/user/.m2/repository/org/apache/kerby/token-provider/1.0.1/token-provider-1.0.1.jar:/home/user/.m2/repository/org/apache/kerby/kerb-admin/1.0.1/kerb-admin-1.0.1.jar:/home/user/.m2/repository/org/apache/kerby/kerb-server/1.0.1/kerb-server-1.0.1.jar:/home/user/.m2/repository/org/apache/kerby/kerb-identity/1.0.1/kerb-identity-1.0.1.jar:/home/user/.m2/repository/org/apache/kerby/kerby-xdr/1.0.1/kerby-xdr-1.0.1.jar:/home/user/.m2/repository/org/slf4j/slf4j-log4j12/1.7.25/slf4j-log4j12-1.7.25.jar:/home/user/.m2/repository/org/apache/hadoop/hadoop-ozone-objectstore-service/0.5.0-SNAPSHOT/hadoop-ozone-objectstore-service-0.5.0-SNAPSHOT.jar:/home/user/.m2/repository/org/apache/hadoop/hadoop-ozone-s3gateway/0.5.0-SNAPSHOT/hadoop-ozone-s3gateway-0.5.0-SNAPSHOT.jar:/home/user/.m2/repository/org/jboss/weld/servlet/weld-servlet/2.4.7.Final/weld-servlet-2.4.7.Final.jar:/home/user/.m2/repository/org/glassfish/jersey/containers/jersey-container-servlet-core/2.27/jersey-container-servlet-core-2.27.jar:/home/user/.m2/repository/org/glassfish/hk2/external/javax.inject/2.5.0-b42/javax.inject-2.5.0-b42.jar:/home/user/.m2/repository/org/glassfish/jersey/core/jersey-common/2.27/jersey-common-2.27.jar:/home/user/.m2/repository/org/glassfish/hk2/osgi-resource-locator/1.0.1/osgi-resource-locator-1.0.1.jar:/home/user/.m2/repository/javax/ws/rs/javax.ws.rs-api/2.1/javax.ws.rs-api-2.1.jar:/home/user/.m2/repository/org/glassfish/jersey/ext/cdi/jersey-cdi1x/2.27/jersey-cdi1x-2.27.jar:/home/user/.m2/repository/org/glassfish/jersey/inject/jersey-hk2/2.27/jersey-hk2-2.27.jar:/home/user/.m2/repository/org/glassfish/hk2/hk2-locator/2.5.0-b42/hk2-locator-2.5.0-b42.jar:/home/user/.m2/repository/org/javassist/javassist/3.22.0-CR2/javassist-3.22.0-CR2.jar:/home/user/.m2/repository/org/glassfish/hk2/hk2-api/2.5.0/hk2-api-2.5.0.jar:/home/user/.m2/repository/org/glassfish/hk2/external/jakarta.inject/2.5.0/jakarta.inject-2.5.0.jar:/home/user/.m2/repository/org/glassfish/hk2/hk2-utils/2.5.0/hk2-utils-2.5.0.jar:/home/user/.m2/repository/jakarta/annotation/jakarta.annotation-api/1.3.4/jakarta.annotation-api-1.3.4.jar:/home/user/.m2/repository/org/glassfish/hk2/external/aopalliance-repackaged/2.5.0/aopalliance-repackaged-2.5.0.jar:/home/user/.m2/repository/com/fasterxml/jackson/dataformat/jackson-dataformat-xml/2.9.0/jackson-dataformat-xml-2.9.0.jar:/home/user/.m2/repository/com/fasterxml/jackson/core/jackson-core/2.9.5/jackson-core-2.9.5.jar:/home/user/.m2/repository/com/fasterxml/jackson/module/jackson-module-jaxb-annotations/2.9.5/jackson-module-jaxb-annotations-2.9.5.jar:/home/user/.m2/repository/javax/enterprise/cdi-api/1.2/cdi-api-1.2.jar:/home/user/.m2/repository/javax/el/javax.el-api/3.0.0/javax.el-api-3.0.0.jar:/home/user/.m2/repository/javax/interceptor/javax.interceptor-api/1.2/javax.interceptor-api-1.2.jar:/home/user/.m2/repository/javax/inject/javax.inject/1/javax.inject-1.jar:/home/user/.m2/repository/com/sun/xml/bind/jaxb-impl/2.3.0.1/jaxb-impl-2.3.0.1.jar:/home/user/.m2/repository/com/sun/xml/bind/jaxb-core/2.3.0.1/jaxb-core-2.3.0.1.jar:/home/user/.m2/repository/javax/xml/bind/jaxb-api/2.3.0/jaxb-api-2.3.0.jar:/home/user/.m2/repository/javax/activation/activation/1.1.1/activation-1.1.1.jar:/home/user/.m2/repository/org/apache/hadoop/hadoop-ozone-csi/0.5.0-SNAPSHOT/hadoop-ozone-csi-0.5.0-SNAPSHOT.jar:/home/user/.m2/repository/com/google/protobuf/protobuf-java-util/3.5.1/protobuf-java-util-3.5.1.jar:/home/user/.m2/repository/org/apache/hadoop/hadoop-hdds-config/0.5.0-SNAPSHOT/hadoop-hdds-config-0.5.0-SNAPSHOT.jar:/home/user/.m2/repository/io/grpc/grpc-netty/1.17.1/grpc-netty-1.17.1.jar:/home/user/.m2/repository/io/grpc/grpc-core/1.17.1/grpc-core-1.17.1.jar:/home/user/.m2/repository/io/grpc/grpc-context/1.17.1/grpc-context-1.17.1.jar:/home/user/.m2/repository/com/google/errorprone/error_prone_annotations/2.2.0/error_prone_annotations-2.2.0.jar:/home/user/.m2/repository/org/codehaus/mojo/animal-sniffer-annotations/1.17/animal-sniffer-annotations-1.17.jar:/home/user/.m2/repository/io/opencensus/opencensus-api/0.17.0/opencensus-api-0.17.0.jar:/home/user/.m2/repository/io/opencensus/opencensus-contrib-grpc-metrics/0.17.0/opencensus-contrib-grpc-metrics-0.17.0.jar:/home/user/.m2/repository/io/netty/netty-codec-http2/4.1.30.Final/netty-codec-http2-4.1.30.Final.jar:/home/user/.m2/repository/io/netty/netty-codec-http/4.1.30.Final/netty-codec-http-4.1.30.Final.jar:/home/user/.m2/repository/io/netty/netty-codec/4.1.30.Final/netty-codec-4.1.30.Final.jar:/home/user/.m2/repository/io/netty/netty-handler/4.1.30.Final/netty-handler-4.1.30.Final.jar:/home/user/.m2/repository/io/netty/netty-handler-proxy/4.1.30.Final/netty-handler-proxy-4.1.30.Final.jar:/home/user/.m2/repository/io/netty/netty-codec-socks/4.1.30.Final/netty-codec-socks-4.1.30.Final.jar:/home/user/.m2/repository/io/netty/netty-transport-native-epoll/4.1.30.Final/netty-transport-native-epoll-4.1.30.Final.jar:/home/user/.m2/repository/io/netty/netty-common/4.1.30.Final/netty-common-4.1.30.Final.jar:/home/user/.m2/repository/io/netty/netty-buffer/4.1.30.Final/netty-buffer-4.1.30.Final.jar:/home/user/.m2/repository/io/netty/netty-transport/4.1.30.Final/netty-transport-4.1.30.Final.jar:/home/user/.m2/repository/io/netty/netty-resolver/4.1.30.Final/netty-resolver-4.1.30.Final.jar:/home/user/.m2/repository/io/netty/netty-transport-native-unix-common/4.1.30.Final/netty-transport-native-unix-common-4.1.30.Final.jar:/home/user/.m2/repository/io/grpc/grpc-protobuf/1.17.1/grpc-protobuf-1.17.1.jar:/home/user/.m2/repository/com/google/api/grpc/proto-google-common-protos/1.0.0/proto-google-common-protos-1.0.0.jar:/home/user/.m2/repository/io/grpc/grpc-protobuf-lite/1.17.1/grpc-protobuf-lite-1.17.1.jar:/home/user/.m2/repository/io/grpc/grpc-stub/1.17.1/grpc-stub-1.17.1.jar:/home/user/.m2/repository/org/apache/hadoop/hadoop-ozone-recon/0.5.0-SNAPSHOT/hadoop-ozone-recon-0.5.0-SNAPSHOT.jar:/home/user/.m2/repository/org/apache/hadoop/hadoop-ozone-reconcodegen/0.5.0-SNAPSHOT/hadoop-ozone-reconcodegen-0.5.0-SNAPSHOT.jar:/home/user/.m2/repository/com/google/inject/extensions/guice-multibindings/4.0/guice-multibindings-4.0.jar:/home/user/.m2/repository/com/google/inject/guice/4.0/guice-4.0.jar:/home/user/.m2/repository/aopalliance/aopalliance/1.0/aopalliance-1.0.jar:/home/user/.m2/repository/com/google/inject/extensions/guice-servlet/4.0/guice-servlet-4.0.jar:/home/user/.m2/repository/org/glassfish/jersey/containers/jersey-container-servlet/2.27/jersey-container-servlet-2.27.jar:/home/user/.m2/repository/org/glassfish/hk2/guice-bridge/2.5.0/guice-bridge-2.5.0.jar:/home/user/.m2/repository/org/glassfish/jersey/core/jersey-server/2.27/jersey-server-2.27.jar:/home/user/.m2/repository/org/glassfish/jersey/core/jersey-client/2.27/jersey-client-2.27.jar:/home/user/.m2/repository/org/glassfish/jersey/media/jersey-media-jaxb/2.27/jersey-media-jaxb-2.27.jar:/home/user/.m2/repository/javax/validation/validation-api/1.1.0.Final/validation-api-1.1.0.Final.jar:/home/user/.m2/repository/org/glassfish/jersey/media/jersey-media-json-jackson/2.27/jersey-media-json-jackson-2.27.jar:/home/user/.m2/repository/org/glassfish/jersey/ext/jersey-entity-filtering/2.27/jersey-entity-filtering-2.27.jar:/home/user/.m2/repository/com/google/inject/extensions/guice-assistedinject/4.0/guice-assistedinject-4.0.jar:/home/user/.m2/repository/org/jooq/jooq/3.11.10/jooq-3.11.10.jar:/home/user/.m2/repository/org/jooq/jooq-meta/3.11.10/jooq-meta-3.11.10.jar:/home/user/.m2/repository/org/jooq/jooq-codegen/3.11.10/jooq-codegen-3.11.10.jar:/home/user/.m2/repository/com/jolbox/bonecp/0.8.0.RELEASE/bonecp-0.8.0.RELEASE.jar:/home/user/.m2/repository/org/xerial/sqlite-jdbc/3.25.2/sqlite-jdbc-3.25.2.jar:/home/user/.m2/repository/org/springframework/spring-jdbc/5.1.3.RELEASE/spring-jdbc-5.1.3.RELEASE.jar:/home/user/.m2/repository/org/springframework/spring-beans/5.1.3.RELEASE/spring-beans-5.1.3.RELEASE.jar:/home/user/.m2/repository/org/springframework/spring-core/5.1.3.RELEASE/spring-core-5.1.3.RELEASE.jar:/home/user/.m2/repository/org/springframework/spring-jcl/5.1.3.RELEASE/spring-jcl-5.1.3.RELEASE.jar:/home/user/.m2/repository/org/springframework/spring-tx/5.1.3.RELEASE/spring-tx-5.1.3.RELEASE.jar:/home/user/.m2/repository/org/apache/hadoop/hadoop-ozone-client/0.5.0-SNAPSHOT/hadoop-ozone-client-0.5.0-SNAPSHOT.jar:/home/user/.m2/repository/commons-lang/commons-lang/2.6/commons-lang-2.6.jar:/home/user/.m2/repository/org/apache/hadoop/hadoop-ozone-ozone-manager/0.5.0-SNAPSHOT/hadoop-ozone-ozone-manager-0.5.0-SNAPSHOT-tests.jar:/home/user/.m2/repository/junit/junit/4.11/junit-4.11.jar:/home/user/.m2/repository/org/hamcrest/hamcrest-core/1.3/hamcrest-core-1.3.jar:/home/user/.m2/repository/org/openjdk/jmh/jmh-core/1.19/jmh-core-1.19.jar:/home/user/.m2/repository/net/sf/jopt-simple/jopt-simple/4.6/jopt-simple-4.6.jar:/home/user/.m2/repository/org/apache/commons/commons-math3/3.1.1/commons-math3-3.1.1.jar:/home/user/.m2/repository/org/openjdk/jmh/jmh-generator-annprocess/1.19/jmh-generator-annprocess-1.19.jar:/home/user/.m2/repository/org/mockito/mockito-all/1.8.5/mockito-all-1.8.5.jar:/home/user/.m2/repository/org/apache/hadoop/hadoop-kms/3.2.0/hadoop-kms-3.2.0.jar:/home/user/.m2/repository/org/apache/hadoop/hadoop-auth/3.2.0/hadoop-auth-3.2.0.jar:/home/user/.m2/repository/com/nimbusds/nimbus-jose-jwt/4.41.1/nimbus-jose-jwt-4.41.1.jar:/home/user/.m2/repository/com/github/stephenc/jcip/jcip-annotations/1.0-1/jcip-annotations-1.0-1.jar:/home/user/.m2/repository/net/minidev/json-smart/2.3/json-smart-2.3.jar:/home/user/.m2/repository/net/minidev/accessors-smart/1.2/accessors-smart-1.2.jar:/home/user/.m2/repository/org/ow2/asm/asm/5.0.4/asm-5.0.4.jar:/home/user/.m2/repository/org/apache/curator/curator-framework/2.12.0/curator-framework-2.12.0.jar:/home/user/.m2/repository/com/sun/jersey/jersey-core/1.19/jersey-core-1.19.jar:/home/user/.m2/repository/javax/ws/rs/jsr311-api/1.1.1/jsr311-api-1.1.1.jar:/home/user/.m2/repository/com/sun/jersey/jersey-server/1.19/jersey-server-1.19.jar:/home/user/.m2/repository/javax/servlet/javax.servlet-api/3.1.0/javax.servlet-api-3.1.0.jar:/home/user/.m2/repository/org/eclipse/jetty/jetty-server/9.3.24.v20180605/jetty-server-9.3.24.v20180605.jar:/home/user/.m2/repository/org/eclipse/jetty/jetty-http/9.3.24.v20180605/jetty-http-9.3.24.v20180605.jar:/home/user/.m2/repository/org/eclipse/jetty/jetty-io/9.3.24.v20180605/jetty-io-9.3.24.v20180605.jar:/home/user/.m2/repository/org/eclipse/jetty/jetty-webapp/9.3.24.v20180605/jetty-webapp-9.3.24.v20180605.jar:/home/user/.m2/repository/org/eclipse/jetty/jetty-xml/9.3.24.v20180605/jetty-xml-9.3.24.v20180605.jar:/home/user/.m2/repository/log4j/log4j/1.2.17/log4j-1.2.17.jar:/home/user/.m2/repository/org/slf4j/slf4j-api/1.7.25/slf4j-api-1.7.25.jar:/home/user/.m2/repository/org/slf4j/jul-to-slf4j/1.7.25/jul-to-slf4j-1.7.25.jar:/home/user/.m2/repository/org/eclipse/jetty/jetty-util/9.3.24.v20180605/jetty-util-9.3.24.v20180605.jar:/home/user/.m2/repository/com/fasterxml/jackson/core/jackson-databind/2.9.5/jackson-databind-2.9.5.jar:/home/user/.m2/repository/org/apache/hadoop/hadoop-kms/3.2.0/hadoop-kms-3.2.0-tests.jar:/home/user/.m2/repository/org/apache/hadoop/hadoop-hdds-server-scm/0.5.0-SNAPSHOT/hadoop-hdds-server-scm-0.5.0-SNAPSHOT-tests.jar:/home/user/.m2/repository/org/apache/hadoop/hadoop-hdds-container-service/0.5.0-SNAPSHOT/hadoop-hdds-container-service-0.5.0-SNAPSHOT-tests.jar:/home/user/.m2/repository/org/yaml/snakeyaml/1.16/snakeyaml-1.16.jar:/home/user/.m2/repository/org/apache/hadoop/hadoop-common/3.2.0/hadoop-common-3.2.0-tests.jar:/home/user/.m2/repository/org/apache/hadoop/hadoop-annotations/3.2.0/hadoop-annotations-3.2.0.jar:/usr/lib/jvm/java-1.8-openjdk/jre/../lib/tools.jar:/home/user/.m2/repository/commons-cli/commons-cli/1.2/commons-cli-1.2.jar:/home/user/.m2/repository/org/apache/httpcomponents/httpclient/4.5.2/httpclient-4.5.2.jar:/home/user/.m2/repository/org/apache/httpcomponents/httpcore/4.4.4/httpcore-4.4.4.jar:/home/user/.m2/repository/commons-codec/commons-codec/1.11/commons-codec-1.11.jar:/home/user/.m2/repository/commons-net/commons-net/3.6/commons-net-3.6.jar:/home/user/.m2/repository/commons-collections/commons-collections/3.2.2/commons-collections-3.2.2.jar:/home/user/.m2/repository/org/eclipse/jetty/jetty-servlet/9.3.24.v20180605/jetty-servlet-9.3.24.v20180605.jar:/home/user/.m2/repository/org/eclipse/jetty/jetty-security/9.3.24.v20180605/jetty-security-9.3.24.v20180605.jar:/home/user/.m2/repository/javax/servlet/jsp/jsp-api/2.1/jsp-api-2.1.jar:/home/user/.m2/repository/com/sun/jersey/jersey-servlet/1.19/jersey-servlet-1.19.jar:/home/user/.m2/repository/com/sun/jersey/jersey-json/1.19/jersey-json-1.19.jar:/home/user/.m2/repository/org/codehaus/jettison/jettison/1.1/jettison-1.1.jar:/home/user/.m2/repository/org/codehaus/jackson/jackson-core-asl/1.9.13/jackson-core-asl-1.9.13.jar:/home/user/.m2/repository/org/codehaus/jackson/jackson-mapper-asl/1.9.13/jackson-mapper-asl-1.9.13.jar:/home/user/.m2/repository/org/codehaus/jackson/jackson-jaxrs/1.9.13/jackson-jaxrs-1.9.13.jar:/home/user/.m2/repository/org/codehaus/jackson/jackson-xc/1.9.13/jackson-xc-1.9.13.jar:/home/user/.m2/repository/commons-logging/commons-logging/1.1.3/commons-logging-1.1.3.jar:/home/user/.m2/repository/commons-beanutils/commons-beanutils/1.9.3/commons-beanutils-1.9.3.jar:/home/user/.m2/repository/org/apache/commons/commons-configuration2/2.1.1/commons-configuration2-2.1.1.jar:/home/user/.m2/repository/org/apache/commons/commons-lang3/3.7/commons-lang3-3.7.jar:/home/user/.m2/repository/org/apache/commons/commons-text/1.4/commons-text-1.4.jar:/home/user/.m2/repository/org/apache/avro/avro/1.7.7/avro-1.7.7.jar:/home/user/.m2/repository/com/thoughtworks/paranamer/paranamer/2.3/paranamer-2.3.jar:/home/user/.m2/repository/org/xerial/snappy/snappy-java/1.0.5/snappy-java-1.0.5.jar:/home/user/.m2/repository/com/google/re2j/re2j/1.1/re2j-1.1.jar:/home/user/.m2/repository/com/google/code/gson/gson/2.2.4/gson-2.2.4.jar:/home/user/.m2/repository/com/jcraft/jsch/0.1.54/jsch-0.1.54.jar:/home/user/.m2/repository/org/apache/curator/curator-client/2.12.0/curator-client-2.12.0.jar:/home/user/.m2/repository/org/apache/curator/curator-recipes/2.12.0/curator-recipes-2.12.0.jar:/home/user/.m2/repository/com/google/code/findbugs/jsr305/3.0.0/jsr305-3.0.0.jar:/home/user/.m2/repository/org/apache/htrace/htrace-core4/4.1.0-incubating/htrace-core4-4.1.0-incubating.jar:/home/user/.m2/repository/org/apache/zookeeper/zookeeper/3.4.13/zookeeper-3.4.13.jar:/home/user/.m2/repository/org/apache/yetus/audience-annotations/0.5.0/audience-annotations-0.5.0.jar:/home/user/.m2/repository/org/codehaus/woodstox/stax2-api/3.1.4/stax2-api-3.1.4.jar:/home/user/.m2/repository/com/fasterxml/woodstox/woodstox-core/5.0.3/woodstox-core-5.0.3.jar:/home/user/.m2/repository/dnsjava/dnsjava/2.1.7/dnsjava-2.1.7.jar:/home/user/.m2/repository/org/apache/hadoop/hadoop-hdfs/3.2.0/hadoop-hdfs-3.2.0-tests.jar:/home/user/.m2/repository/org/eclipse/jetty/jetty-util-ajax/9.3.24.v20180605/jetty-util-ajax-9.3.24.v20180605.jar:/home/user/.m2/repository/commons-daemon/commons-daemon/1.0.13/commons-daemon-1.0.13.jar:/home/user/.m2/repository/io/netty/netty/3.10.5.Final/netty-3.10.5.Final.jar:/home/user/.m2/repository/io/netty/netty-all/4.0.52.Final/netty-all-4.0.52.Final.jar:/home/user/.m2/repository/org/fusesource/leveldbjni/leveldbjni-all/1.8/leveldbjni-all-1.8.jar:"/>
    <property name="java.vm.vendor" value="IcedTea"/>
    <property name="sun.arch.data.model" value="64"/>
    <property name="test.build.dir" value="/workdir/hadoop-ozone/integration-test/target/test-dir"/>
    <property name="test.cache.data" value=""/>
    <property name="java.vendor.url" value="https://icedtea.classpath.org"/>
    <property name="user.timezone" value=""/>
    <property name="java.vm.specification.version" value="1.8"/>
    <property name="os.name" value="Linux"/>
    <property name="test.build.data" value="/workdir/hadoop-ozone/integration-test/target/test-dir"/>
    <property name="user.country" value="US"/>
    <property name="sun.java.launcher" value="SUN_STANDARD"/>
    <property name="sun.boot.library.path" value="/usr/lib/jvm/java-1.8-openjdk/jre/lib/amd64"/>
    <property name="sun.java.command" value="/workdir/hadoop-ozone/integration-test/target/surefire/surefirebooter1912399016677319107.jar /workdir/hadoop-ozone/integration-test/target/surefire 2019-08-29T08-04-30_820-jvmRun1 surefire1647079250126007067tmp surefire_205922256778279398710tmp"/>
    <property name="test" value="!TestMiniChaosOzoneCluster"/>
    <property name="surefire.test.class.path" value="/workdir/hadoop-ozone/integration-test/target/test-classes:/workdir/hadoop-ozone/integration-test/target/classes:/home/user/.m2/repository/org/apache/hadoop/hadoop-ozone-common/0.5.0-SNAPSHOT/hadoop-ozone-common-0.5.0-SNAPSHOT.jar:/home/user/.m2/repository/org/apache/commons/commons-compress/1.4.1/commons-compress-1.4.1.jar:/home/user/.m2/repository/org/tukaani/xz/1.0/xz-1.0.jar:/home/user/.m2/repository/org/apache/hadoop/hadoop-common/3.2.0/hadoop-common-3.2.0.jar:/home/user/.m2/repository/org/apache/hadoop/hadoop-hdfs/3.2.0/hadoop-hdfs-3.2.0.jar:/home/user/.m2/repository/org/apache/hadoop/hadoop-hdfs-client/3.2.0/hadoop-hdfs-client-3.2.0.jar:/home/user/.m2/repository/com/fasterxml/jackson/core/jackson-annotations/2.9.5/jackson-annotations-2.9.5.jar:/home/user/.m2/repository/org/apache/hadoop/hadoop-hdds-common/0.5.0-SNAPSHOT/hadoop-hdds-common-0.5.0-SNAPSHOT.jar:/home/user/.m2/repository/javax/annotation/javax.annotation-api/1.2/javax.annotation-api-1.2.jar:/home/user/.m2/repository/org/apache/ratis/ratis-server/0.4.0-2337318-SNAPSHOT/ratis-server-0.4.0-2337318-SNAPSHOT.jar:/home/user/.m2/repository/org/apache/ratis/ratis-thirdparty-misc/0.2.0/ratis-thirdparty-misc-0.2.0.jar:/home/user/.m2/repository/org/apache/ratis/ratis-proto/0.4.0-2337318-SNAPSHOT/ratis-proto-0.4.0-2337318-SNAPSHOT.jar:/home/user/.m2/repository/org/apache/ratis/ratis-common/0.4.0-2337318-SNAPSHOT/ratis-common-0.4.0-2337318-SNAPSHOT.jar:/home/user/.m2/repository/org/apache/ratis/ratis-client/0.4.0-2337318-SNAPSHOT/ratis-client-0.4.0-2337318-SNAPSHOT.jar:/home/user/.m2/repository/org/apache/ratis/ratis-metrics/0.4.0-2337318-SNAPSHOT/ratis-metrics-0.4.0-2337318-SNAPSHOT.jar:/home/user/.m2/repository/org/apache/ratis/ratis-netty/0.4.0-2337318-SNAPSHOT/ratis-netty-0.4.0-2337318-SNAPSHOT.jar:/home/user/.m2/repository/org/apache/ratis/ratis-grpc/0.4.0-2337318-SNAPSHOT/ratis-grpc-0.4.0-2337318-SNAPSHOT.jar:/home/user/.m2/repository/org/rocksdb/rocksdbjni/6.0.1/rocksdbjni-6.0.1.jar:/home/user/.m2/repository/org/apache/logging/log4j/log4j-api/2.11.0/log4j-api-2.11.0.jar:/home/user/.m2/repository/org/apache/logging/log4j/log4j-core/2.11.0/log4j-core-2.11.0.jar:/home/user/.m2/repository/com/lmax/disruptor/3.4.2/disruptor-3.4.2.jar:/home/user/.m2/repository/org/apache/commons/commons-pool2/2.6.0/commons-pool2-2.6.0.jar:/home/user/.m2/repository/org/bouncycastle/bcpkix-jdk15on/1.60/bcpkix-jdk15on-1.60.jar:/home/user/.m2/repository/commons-validator/commons-validator/1.6/commons-validator-1.6.jar:/home/user/.m2/repository/commons-digester/commons-digester/1.8.1/commons-digester-1.8.1.jar:/home/user/.m2/repository/io/jaegertracing/jaeger-client/0.33.1/jaeger-client-0.33.1.jar:/home/user/.m2/repository/io/jaegertracing/jaeger-thrift/0.33.1/jaeger-thrift-0.33.1.jar:/home/user/.m2/repository/org/apache/thrift/libthrift/0.11.0/libthrift-0.11.0.jar:/home/user/.m2/repository/com/squareup/okhttp3/okhttp/3.9.0/okhttp-3.9.0.jar:/home/user/.m2/repository/com/squareup/okio/okio/1.13.0/okio-1.13.0.jar:/home/user/.m2/repository/io/jaegertracing/jaeger-core/0.33.1/jaeger-core-0.33.1.jar:/home/user/.m2/repository/io/jaegertracing/jaeger-tracerresolver/0.33.1/jaeger-tracerresolver-0.33.1.jar:/home/user/.m2/repository/io/opentracing/contrib/opentracing-tracerresolver/0.1.5/opentracing-tracerresolver-0.1.5.jar:/home/user/.m2/repository/io/opentracing/opentracing-util/0.31.0/opentracing-util-0.31.0.jar:/home/user/.m2/repository/io/opentracing/opentracing-api/0.31.0/opentracing-api-0.31.0.jar:/home/user/.m2/repository/io/opentracing/opentracing-noop/0.31.0/opentracing-noop-0.31.0.jar:/home/user/.m2/repository/org/apache/hadoop/hadoop-hdds-server-framework/0.5.0-SNAPSHOT/hadoop-hdds-server-framework-0.5.0-SNAPSHOT.jar:/home/user/.m2/repository/org/apache/hadoop/hadoop-hdds-container-service/0.5.0-SNAPSHOT/hadoop-hdds-container-service-0.5.0-SNAPSHOT.jar:/home/user/.m2/repository/org/apache/hadoop/hadoop-hdds-client/0.5.0-SNAPSHOT/hadoop-hdds-client-0.5.0-SNAPSHOT.jar:/home/user/.m2/repository/org/apache/hadoop/hadoop-hdds-tools/0.5.0-SNAPSHOT/hadoop-hdds-tools-0.5.0-SNAPSHOT.jar:/home/user/.m2/repository/org/apache/hadoop/hadoop-hdds-server-scm/0.5.0-SNAPSHOT/hadoop-hdds-server-scm-0.5.0-SNAPSHOT.jar:/home/user/.m2/repository/org/apache/hadoop/hadoop-hdds-docs/0.5.0-SNAPSHOT/hadoop-hdds-docs-0.5.0-SNAPSHOT.jar:/home/user/.m2/repository/io/dropwizard/metrics/metrics-core/3.2.4/metrics-core-3.2.4.jar:/home/user/.m2/repository/org/hamcrest/hamcrest-all/1.3/hamcrest-all-1.3.jar:/home/user/.m2/repository/org/bouncycastle/bcprov-jdk15on/1.60/bcprov-jdk15on-1.60.jar:/home/user/.m2/repository/info/picocli/picocli/3.9.6/picocli-3.9.6.jar:/home/user/.m2/repository/com/google/protobuf/protobuf-java/2.5.0/protobuf-java-2.5.0.jar:/home/user/.m2/repository/com/google/guava/guava/11.0.2/guava-11.0.2.jar:/home/user/.m2/repository/org/apache/hadoop/hadoop-ozone-ozone-manager/0.5.0-SNAPSHOT/hadoop-ozone-ozone-manager-0.5.0-SNAPSHOT.jar:/home/user/.m2/repository/org/apache/hadoop/hadoop-minikdc/3.2.0/hadoop-minikdc-3.2.0.jar:/home/user/.m2/repository/commons-io/commons-io/2.5/commons-io-2.5.jar:/home/user/.m2/repository/org/apache/kerby/kerb-simplekdc/1.0.1/kerb-simplekdc-1.0.1.jar:/home/user/.m2/repository/org/apache/kerby/kerb-client/1.0.1/kerb-client-1.0.1.jar:/home/user/.m2/repository/org/apache/kerby/kerby-config/1.0.1/kerby-config-1.0.1.jar:/home/user/.m2/repository/org/apache/kerby/kerb-core/1.0.1/kerb-core-1.0.1.jar:/home/user/.m2/repository/org/apache/kerby/kerby-pkix/1.0.1/kerby-pkix-1.0.1.jar:/home/user/.m2/repository/org/apache/kerby/kerby-asn1/1.0.1/kerby-asn1-1.0.1.jar:/home/user/.m2/repository/org/apache/kerby/kerby-util/1.0.1/kerby-util-1.0.1.jar:/home/user/.m2/repository/org/apache/kerby/kerb-common/1.0.1/kerb-common-1.0.1.jar:/home/user/.m2/repository/org/apache/kerby/kerb-crypto/1.0.1/kerb-crypto-1.0.1.jar:/home/user/.m2/repository/org/apache/kerby/kerb-util/1.0.1/kerb-util-1.0.1.jar:/home/user/.m2/repository/org/apache/kerby/token-provider/1.0.1/token-provider-1.0.1.jar:/home/user/.m2/repository/org/apache/kerby/kerb-admin/1.0.1/kerb-admin-1.0.1.jar:/home/user/.m2/repository/org/apache/kerby/kerb-server/1.0.1/kerb-server-1.0.1.jar:/home/user/.m2/repository/org/apache/kerby/kerb-identity/1.0.1/kerb-identity-1.0.1.jar:/home/user/.m2/repository/org/apache/kerby/kerby-xdr/1.0.1/kerby-xdr-1.0.1.jar:/home/user/.m2/repository/org/slf4j/slf4j-log4j12/1.7.25/slf4j-log4j12-1.7.25.jar:/home/user/.m2/repository/org/apache/hadoop/hadoop-ozone-objectstore-service/0.5.0-SNAPSHOT/hadoop-ozone-objectstore-service-0.5.0-SNAPSHOT.jar:/home/user/.m2/repository/org/apache/hadoop/hadoop-ozone-s3gateway/0.5.0-SNAPSHOT/hadoop-ozone-s3gateway-0.5.0-SNAPSHOT.jar:/home/user/.m2/repository/org/jboss/weld/servlet/weld-servlet/2.4.7.Final/weld-servlet-2.4.7.Final.jar:/home/user/.m2/repository/org/glassfish/jersey/containers/jersey-container-servlet-core/2.27/jersey-container-servlet-core-2.27.jar:/home/user/.m2/repository/org/glassfish/hk2/external/javax.inject/2.5.0-b42/javax.inject-2.5.0-b42.jar:/home/user/.m2/repository/org/glassfish/jersey/core/jersey-common/2.27/jersey-common-2.27.jar:/home/user/.m2/repository/org/glassfish/hk2/osgi-resource-locator/1.0.1/osgi-resource-locator-1.0.1.jar:/home/user/.m2/repository/javax/ws/rs/javax.ws.rs-api/2.1/javax.ws.rs-api-2.1.jar:/home/user/.m2/repository/org/glassfish/jersey/ext/cdi/jersey-cdi1x/2.27/jersey-cdi1x-2.27.jar:/home/user/.m2/repository/org/glassfish/jersey/inject/jersey-hk2/2.27/jersey-hk2-2.27.jar:/home/user/.m2/repository/org/glassfish/hk2/hk2-locator/2.5.0-b42/hk2-locator-2.5.0-b42.jar:/home/user/.m2/repository/org/javassist/javassist/3.22.0-CR2/javassist-3.22.0-CR2.jar:/home/user/.m2/repository/org/glassfish/hk2/hk2-api/2.5.0/hk2-api-2.5.0.jar:/home/user/.m2/repository/org/glassfish/hk2/external/jakarta.inject/2.5.0/jakarta.inject-2.5.0.jar:/home/user/.m2/repository/org/glassfish/hk2/hk2-utils/2.5.0/hk2-utils-2.5.0.jar:/home/user/.m2/repository/jakarta/annotation/jakarta.annotation-api/1.3.4/jakarta.annotation-api-1.3.4.jar:/home/user/.m2/repository/org/glassfish/hk2/external/aopalliance-repackaged/2.5.0/aopalliance-repackaged-2.5.0.jar:/home/user/.m2/repository/com/fasterxml/jackson/dataformat/jackson-dataformat-xml/2.9.0/jackson-dataformat-xml-2.9.0.jar:/home/user/.m2/repository/com/fasterxml/jackson/core/jackson-core/2.9.5/jackson-core-2.9.5.jar:/home/user/.m2/repository/com/fasterxml/jackson/module/jackson-module-jaxb-annotations/2.9.5/jackson-module-jaxb-annotations-2.9.5.jar:/home/user/.m2/repository/javax/enterprise/cdi-api/1.2/cdi-api-1.2.jar:/home/user/.m2/repository/javax/el/javax.el-api/3.0.0/javax.el-api-3.0.0.jar:/home/user/.m2/repository/javax/interceptor/javax.interceptor-api/1.2/javax.interceptor-api-1.2.jar:/home/user/.m2/repository/javax/inject/javax.inject/1/javax.inject-1.jar:/home/user/.m2/repository/com/sun/xml/bind/jaxb-impl/2.3.0.1/jaxb-impl-2.3.0.1.jar:/home/user/.m2/repository/com/sun/xml/bind/jaxb-core/2.3.0.1/jaxb-core-2.3.0.1.jar:/home/user/.m2/repository/javax/xml/bind/jaxb-api/2.3.0/jaxb-api-2.3.0.jar:/home/user/.m2/repository/javax/activation/activation/1.1.1/activation-1.1.1.jar:/home/user/.m2/repository/org/apache/hadoop/hadoop-ozone-csi/0.5.0-SNAPSHOT/hadoop-ozone-csi-0.5.0-SNAPSHOT.jar:/home/user/.m2/repository/com/google/protobuf/protobuf-java-util/3.5.1/protobuf-java-util-3.5.1.jar:/home/user/.m2/repository/org/apache/hadoop/hadoop-hdds-config/0.5.0-SNAPSHOT/hadoop-hdds-config-0.5.0-SNAPSHOT.jar:/home/user/.m2/repository/io/grpc/grpc-netty/1.17.1/grpc-netty-1.17.1.jar:/home/user/.m2/repository/io/grpc/grpc-core/1.17.1/grpc-core-1.17.1.jar:/home/user/.m2/repository/io/grpc/grpc-context/1.17.1/grpc-context-1.17.1.jar:/home/user/.m2/repository/com/google/errorprone/error_prone_annotations/2.2.0/error_prone_annotations-2.2.0.jar:/home/user/.m2/repository/org/codehaus/mojo/animal-sniffer-annotations/1.17/animal-sniffer-annotations-1.17.jar:/home/user/.m2/repository/io/opencensus/opencensus-api/0.17.0/opencensus-api-0.17.0.jar:/home/user/.m2/repository/io/opencensus/opencensus-contrib-grpc-metrics/0.17.0/opencensus-contrib-grpc-metrics-0.17.0.jar:/home/user/.m2/repository/io/netty/netty-codec-http2/4.1.30.Final/netty-codec-http2-4.1.30.Final.jar:/home/user/.m2/repository/io/netty/netty-codec-http/4.1.30.Final/netty-codec-http-4.1.30.Final.jar:/home/user/.m2/repository/io/netty/netty-codec/4.1.30.Final/netty-codec-4.1.30.Final.jar:/home/user/.m2/repository/io/netty/netty-handler/4.1.30.Final/netty-handler-4.1.30.Final.jar:/home/user/.m2/repository/io/netty/netty-handler-proxy/4.1.30.Final/netty-handler-proxy-4.1.30.Final.jar:/home/user/.m2/repository/io/netty/netty-codec-socks/4.1.30.Final/netty-codec-socks-4.1.30.Final.jar:/home/user/.m2/repository/io/netty/netty-transport-native-epoll/4.1.30.Final/netty-transport-native-epoll-4.1.30.Final.jar:/home/user/.m2/repository/io/netty/netty-common/4.1.30.Final/netty-common-4.1.30.Final.jar:/home/user/.m2/repository/io/netty/netty-buffer/4.1.30.Final/netty-buffer-4.1.30.Final.jar:/home/user/.m2/repository/io/netty/netty-transport/4.1.30.Final/netty-transport-4.1.30.Final.jar:/home/user/.m2/repository/io/netty/netty-resolver/4.1.30.Final/netty-resolver-4.1.30.Final.jar:/home/user/.m2/repository/io/netty/netty-transport-native-unix-common/4.1.30.Final/netty-transport-native-unix-common-4.1.30.Final.jar:/home/user/.m2/repository/io/grpc/grpc-protobuf/1.17.1/grpc-protobuf-1.17.1.jar:/home/user/.m2/repository/com/google/api/grpc/proto-google-common-protos/1.0.0/proto-google-common-protos-1.0.0.jar:/home/user/.m2/repository/io/grpc/grpc-protobuf-lite/1.17.1/grpc-protobuf-lite-1.17.1.jar:/home/user/.m2/repository/io/grpc/grpc-stub/1.17.1/grpc-stub-1.17.1.jar:/home/user/.m2/repository/org/apache/hadoop/hadoop-ozone-recon/0.5.0-SNAPSHOT/hadoop-ozone-recon-0.5.0-SNAPSHOT.jar:/home/user/.m2/repository/org/apache/hadoop/hadoop-ozone-reconcodegen/0.5.0-SNAPSHOT/hadoop-ozone-reconcodegen-0.5.0-SNAPSHOT.jar:/home/user/.m2/repository/com/google/inject/extensions/guice-multibindings/4.0/guice-multibindings-4.0.jar:/home/user/.m2/repository/com/google/inject/guice/4.0/guice-4.0.jar:/home/user/.m2/repository/aopalliance/aopalliance/1.0/aopalliance-1.0.jar:/home/user/.m2/repository/com/google/inject/extensions/guice-servlet/4.0/guice-servlet-4.0.jar:/home/user/.m2/repository/org/glassfish/jersey/containers/jersey-container-servlet/2.27/jersey-container-servlet-2.27.jar:/home/user/.m2/repository/org/glassfish/hk2/guice-bridge/2.5.0/guice-bridge-2.5.0.jar:/home/user/.m2/repository/org/glassfish/jersey/core/jersey-server/2.27/jersey-server-2.27.jar:/home/user/.m2/repository/org/glassfish/jersey/core/jersey-client/2.27/jersey-client-2.27.jar:/home/user/.m2/repository/org/glassfish/jersey/media/jersey-media-jaxb/2.27/jersey-media-jaxb-2.27.jar:/home/user/.m2/repository/javax/validation/validation-api/1.1.0.Final/validation-api-1.1.0.Final.jar:/home/user/.m2/repository/org/glassfish/jersey/media/jersey-media-json-jackson/2.27/jersey-media-json-jackson-2.27.jar:/home/user/.m2/repository/org/glassfish/jersey/ext/jersey-entity-filtering/2.27/jersey-entity-filtering-2.27.jar:/home/user/.m2/repository/com/google/inject/extensions/guice-assistedinject/4.0/guice-assistedinject-4.0.jar:/home/user/.m2/repository/org/jooq/jooq/3.11.10/jooq-3.11.10.jar:/home/user/.m2/repository/org/jooq/jooq-meta/3.11.10/jooq-meta-3.11.10.jar:/home/user/.m2/repository/org/jooq/jooq-codegen/3.11.10/jooq-codegen-3.11.10.jar:/home/user/.m2/repository/com/jolbox/bonecp/0.8.0.RELEASE/bonecp-0.8.0.RELEASE.jar:/home/user/.m2/repository/org/xerial/sqlite-jdbc/3.25.2/sqlite-jdbc-3.25.2.jar:/home/user/.m2/repository/org/springframework/spring-jdbc/5.1.3.RELEASE/spring-jdbc-5.1.3.RELEASE.jar:/home/user/.m2/repository/org/springframework/spring-beans/5.1.3.RELEASE/spring-beans-5.1.3.RELEASE.jar:/home/user/.m2/repository/org/springframework/spring-core/5.1.3.RELEASE/spring-core-5.1.3.RELEASE.jar:/home/user/.m2/repository/org/springframework/spring-jcl/5.1.3.RELEASE/spring-jcl-5.1.3.RELEASE.jar:/home/user/.m2/repository/org/springframework/spring-tx/5.1.3.RELEASE/spring-tx-5.1.3.RELEASE.jar:/home/user/.m2/repository/org/apache/hadoop/hadoop-ozone-client/0.5.0-SNAPSHOT/hadoop-ozone-client-0.5.0-SNAPSHOT.jar:/home/user/.m2/repository/commons-lang/commons-lang/2.6/commons-lang-2.6.jar:/home/user/.m2/repository/org/apache/hadoop/hadoop-ozone-ozone-manager/0.5.0-SNAPSHOT/hadoop-ozone-ozone-manager-0.5.0-SNAPSHOT-tests.jar:/home/user/.m2/repository/junit/junit/4.11/junit-4.11.jar:/home/user/.m2/repository/org/hamcrest/hamcrest-core/1.3/hamcrest-core-1.3.jar:/home/user/.m2/repository/org/openjdk/jmh/jmh-core/1.19/jmh-core-1.19.jar:/home/user/.m2/repository/net/sf/jopt-simple/jopt-simple/4.6/jopt-simple-4.6.jar:/home/user/.m2/repository/org/apache/commons/commons-math3/3.1.1/commons-math3-3.1.1.jar:/home/user/.m2/repository/org/openjdk/jmh/jmh-generator-annprocess/1.19/jmh-generator-annprocess-1.19.jar:/home/user/.m2/repository/org/mockito/mockito-all/1.8.5/mockito-all-1.8.5.jar:/home/user/.m2/repository/org/apache/hadoop/hadoop-kms/3.2.0/hadoop-kms-3.2.0.jar:/home/user/.m2/repository/org/apache/hadoop/hadoop-auth/3.2.0/hadoop-auth-3.2.0.jar:/home/user/.m2/repository/com/nimbusds/nimbus-jose-jwt/4.41.1/nimbus-jose-jwt-4.41.1.jar:/home/user/.m2/repository/com/github/stephenc/jcip/jcip-annotations/1.0-1/jcip-annotations-1.0-1.jar:/home/user/.m2/repository/net/minidev/json-smart/2.3/json-smart-2.3.jar:/home/user/.m2/repository/net/minidev/accessors-smart/1.2/accessors-smart-1.2.jar:/home/user/.m2/repository/org/ow2/asm/asm/5.0.4/asm-5.0.4.jar:/home/user/.m2/repository/org/apache/curator/curator-framework/2.12.0/curator-framework-2.12.0.jar:/home/user/.m2/repository/com/sun/jersey/jersey-core/1.19/jersey-core-1.19.jar:/home/user/.m2/repository/javax/ws/rs/jsr311-api/1.1.1/jsr311-api-1.1.1.jar:/home/user/.m2/repository/com/sun/jersey/jersey-server/1.19/jersey-server-1.19.jar:/home/user/.m2/repository/javax/servlet/javax.servlet-api/3.1.0/javax.servlet-api-3.1.0.jar:/home/user/.m2/repository/org/eclipse/jetty/jetty-server/9.3.24.v20180605/jetty-server-9.3.24.v20180605.jar:/home/user/.m2/repository/org/eclipse/jetty/jetty-http/9.3.24.v20180605/jetty-http-9.3.24.v20180605.jar:/home/user/.m2/repository/org/eclipse/jetty/jetty-io/9.3.24.v20180605/jetty-io-9.3.24.v20180605.jar:/home/user/.m2/repository/org/eclipse/jetty/jetty-webapp/9.3.24.v20180605/jetty-webapp-9.3.24.v20180605.jar:/home/user/.m2/repository/org/eclipse/jetty/jetty-xml/9.3.24.v20180605/jetty-xml-9.3.24.v20180605.jar:/home/user/.m2/repository/log4j/log4j/1.2.17/log4j-1.2.17.jar:/home/user/.m2/repository/org/slf4j/slf4j-api/1.7.25/slf4j-api-1.7.25.jar:/home/user/.m2/repository/org/slf4j/jul-to-slf4j/1.7.25/jul-to-slf4j-1.7.25.jar:/home/user/.m2/repository/org/eclipse/jetty/jetty-util/9.3.24.v20180605/jetty-util-9.3.24.v20180605.jar:/home/user/.m2/repository/com/fasterxml/jackson/core/jackson-databind/2.9.5/jackson-databind-2.9.5.jar:/home/user/.m2/repository/org/apache/hadoop/hadoop-kms/3.2.0/hadoop-kms-3.2.0-tests.jar:/home/user/.m2/repository/org/apache/hadoop/hadoop-hdds-server-scm/0.5.0-SNAPSHOT/hadoop-hdds-server-scm-0.5.0-SNAPSHOT-tests.jar:/home/user/.m2/repository/org/apache/hadoop/hadoop-hdds-container-service/0.5.0-SNAPSHOT/hadoop-hdds-container-service-0.5.0-SNAPSHOT-tests.jar:/home/user/.m2/repository/org/yaml/snakeyaml/1.16/snakeyaml-1.16.jar:/home/user/.m2/repository/org/apache/hadoop/hadoop-common/3.2.0/hadoop-common-3.2.0-tests.jar:/home/user/.m2/repository/org/apache/hadoop/hadoop-annotations/3.2.0/hadoop-annotations-3.2.0.jar:/usr/lib/jvm/java-1.8-openjdk/jre/../lib/tools.jar:/home/user/.m2/repository/commons-cli/commons-cli/1.2/commons-cli-1.2.jar:/home/user/.m2/repository/org/apache/httpcomponents/httpclient/4.5.2/httpclient-4.5.2.jar:/home/user/.m2/repository/org/apache/httpcomponents/httpcore/4.4.4/httpcore-4.4.4.jar:/home/user/.m2/repository/commons-codec/commons-codec/1.11/commons-codec-1.11.jar:/home/user/.m2/repository/commons-net/commons-net/3.6/commons-net-3.6.jar:/home/user/.m2/repository/commons-collections/commons-collections/3.2.2/commons-collections-3.2.2.jar:/home/user/.m2/repository/org/eclipse/jetty/jetty-servlet/9.3.24.v20180605/jetty-servlet-9.3.24.v20180605.jar:/home/user/.m2/repository/org/eclipse/jetty/jetty-security/9.3.24.v20180605/jetty-security-9.3.24.v20180605.jar:/home/user/.m2/repository/javax/servlet/jsp/jsp-api/2.1/jsp-api-2.1.jar:/home/user/.m2/repository/com/sun/jersey/jersey-servlet/1.19/jersey-servlet-1.19.jar:/home/user/.m2/repository/com/sun/jersey/jersey-json/1.19/jersey-json-1.19.jar:/home/user/.m2/repository/org/codehaus/jettison/jettison/1.1/jettison-1.1.jar:/home/user/.m2/repository/org/codehaus/jackson/jackson-core-asl/1.9.13/jackson-core-asl-1.9.13.jar:/home/user/.m2/repository/org/codehaus/jackson/jackson-mapper-asl/1.9.13/jackson-mapper-asl-1.9.13.jar:/home/user/.m2/repository/org/codehaus/jackson/jackson-jaxrs/1.9.13/jackson-jaxrs-1.9.13.jar:/home/user/.m2/repository/org/codehaus/jackson/jackson-xc/1.9.13/jackson-xc-1.9.13.jar:/home/user/.m2/repository/commons-logging/commons-logging/1.1.3/commons-logging-1.1.3.jar:/home/user/.m2/repository/commons-beanutils/commons-beanutils/1.9.3/commons-beanutils-1.9.3.jar:/home/user/.m2/repository/org/apache/commons/commons-configuration2/2.1.1/commons-configuration2-2.1.1.jar:/home/user/.m2/repository/org/apache/commons/commons-lang3/3.7/commons-lang3-3.7.jar:/home/user/.m2/repository/org/apache/commons/commons-text/1.4/commons-text-1.4.jar:/home/user/.m2/repository/org/apache/avro/avro/1.7.7/avro-1.7.7.jar:/home/user/.m2/repository/com/thoughtworks/paranamer/paranamer/2.3/paranamer-2.3.jar:/home/user/.m2/repository/org/xerial/snappy/snappy-java/1.0.5/snappy-java-1.0.5.jar:/home/user/.m2/repository/com/google/re2j/re2j/1.1/re2j-1.1.jar:/home/user/.m2/repository/com/google/code/gson/gson/2.2.4/gson-2.2.4.jar:/home/user/.m2/repository/com/jcraft/jsch/0.1.54/jsch-0.1.54.jar:/home/user/.m2/repository/org/apache/curator/curator-client/2.12.0/curator-client-2.12.0.jar:/home/user/.m2/repository/org/apache/curator/curator-recipes/2.12.0/curator-recipes-2.12.0.jar:/home/user/.m2/repository/com/google/code/findbugs/jsr305/3.0.0/jsr305-3.0.0.jar:/home/user/.m2/repository/org/apache/htrace/htrace-core4/4.1.0-incubating/htrace-core4-4.1.0-incubating.jar:/home/user/.m2/repository/org/apache/zookeeper/zookeeper/3.4.13/zookeeper-3.4.13.jar:/home/user/.m2/repository/org/apache/yetus/audience-annotations/0.5.0/audience-annotations-0.5.0.jar:/home/user/.m2/repository/org/codehaus/woodstox/stax2-api/3.1.4/stax2-api-3.1.4.jar:/home/user/.m2/repository/com/fasterxml/woodstox/woodstox-core/5.0.3/woodstox-core-5.0.3.jar:/home/user/.m2/repository/dnsjava/dnsjava/2.1.7/dnsjava-2.1.7.jar:/home/user/.m2/repository/org/apache/hadoop/hadoop-hdfs/3.2.0/hadoop-hdfs-3.2.0-tests.jar:/home/user/.m2/repository/org/eclipse/jetty/jetty-util-ajax/9.3.24.v20180605/jetty-util-ajax-9.3.24.v20180605.jar:/home/user/.m2/repository/commons-daemon/commons-daemon/1.0.13/commons-daemon-1.0.13.jar:/home/user/.m2/repository/io/netty/netty/3.10.5.Final/netty-3.10.5.Final.jar:/home/user/.m2/repository/io/netty/netty-all/4.0.52.Final/netty-all-4.0.52.Final.jar:/home/user/.m2/repository/org/fusesource/leveldbjni/leveldbjni-all/1.8/leveldbjni-all-1.8.jar:"/>
    <property name="sun.cpu.endian" value="little"/>
    <property name="user.home" value="/home/user"/>
    <property name="user.language" value="en"/>
    <property name="java.specification.vendor" value="Oracle Corporation"/>
    <property name="java.home" value="/usr/lib/jvm/java-1.8-openjdk/jre"/>
    <property name="java.security.krb5.conf" value="/workdir/hadoop-ozone/integration-test/target/test-classes/krb5.conf"/>
    <property name="basedir" value="/workdir/hadoop-ozone/integration-test"/>
    <property name="file.separator" value="/"/>
    <property name="line.separator" value="&#10;"/>
    <property name="java.vm.specification.vendor" value="Oracle Corporation"/>
    <property name="java.specification.name" value="Java Platform API Specification"/>
    <property name="java.awt.graphicsenv" value="sun.awt.X11GraphicsEnvironment"/>
    <property name="surefire.real.class.path" value="/workdir/hadoop-ozone/integration-test/target/surefire/surefirebooter1912399016677319107.jar"/>
    <property name="hadoop.log.dir" value="/workdir/hadoop-ozone/integration-test/target/log"/>
    <property name="sun.boot.class.path" value="/usr/lib/jvm/java-1.8-openjdk/jre/lib/resources.jar:/usr/lib/jvm/java-1.8-openjdk/jre/lib/rt.jar:/usr/lib/jvm/java-1.8-openjdk/jre/lib/sunrsasign.jar:/usr/lib/jvm/java-1.8-openjdk/jre/lib/jsse.jar:/usr/lib/jvm/java-1.8-openjdk/jre/lib/jce.jar:/usr/lib/jvm/java-1.8-openjdk/jre/lib/charsets.jar:/usr/lib/jvm/java-1.8-openjdk/jre/lib/jfr.jar:/usr/lib/jvm/java-1.8-openjdk/jre/classes"/>
    <property name="sun.management.compiler" value="HotSpot 64-Bit Tiered Compilers"/>
    <property name="java.runtime.version" value="1.8.0_212-b04"/>
    <property name="java.net.preferIPv4Stack" value="true"/>
    <property name="user.name" value="jenkins1000"/>
    <property name="path.separator" value=":"/>
    <property name="java.security.egd" value="file:///dev/urandom"/>
    <property name="os.version" value="3.10.0-957.12.2.el7.x86_64"/>
    <property name="java.endorsed.dirs" value="/usr/lib/jvm/java-1.8-openjdk/jre/lib/endorsed"/>
    <property name="java.runtime.name" value="OpenJDK Runtime Environment"/>
    <property name="file.encoding" value="UTF-8"/>
    <property name="java.vm.name" value="OpenJDK 64-Bit Server VM"/>
    <property name="test.build.webapps" value=""/>
    <property name="localRepository" value="/home/user/.m2/repository"/>
    <property name="java.vendor.url.bug" value="https://icedtea.classpath.org/bugzilla"/>
    <property name="java.io.tmpdir" value="/tmp"/>
    <property name="require.test.libhadoop" value=""/>
    <property name="java.version" value="1.8.0_212"/>
    <property name="user.dir" value="/workdir/hadoop-ozone/integration-test"/>
    <property name="os.arch" value="amd64"/>
    <property name="java.vm.specification.name" value="Java Virtual Machine Specification"/>
    <property name="test.build.classes" value="/workdir/hadoop-ozone/integration-test/target/test-classes"/>
    <property name="java.awt.printerjob" value="sun.print.PSPrinterJob"/>
    <property name="sun.os.patch.level" value="unknown"/>
    <property name="hadoop.tmp.dir" value="/workdir/hadoop-ozone/integration-test/target/tmp"/>
    <property name="java.library.path" value="/usr/lib/jvm/java-1.8-openjdk/jre/lib/amd64/server:/usr/lib/jvm/java-1.8-openjdk/jre/lib/amd64:/usr/lib/jvm/java-1.8-openjdk/jre/../lib/amd64:/workdir/hadoop-ozone/integration-test/target/native/target/usr/local/lib:/workdir/hadoop-ozone/integration-test/../../hadoop-common-project/hadoop-common/target/native/target/usr/local/lib:/usr/java/packages/lib/amd64:/usr/lib64:/lib64:/lib:/usr/lib"/>
    <property name="java.vm.info" value="mixed mode"/>
    <property name="java.vendor" value="IcedTea"/>
    <property name="java.vm.version" value="25.212-b04"/>
    <property name="java.ext.dirs" value="/usr/lib/jvm/java-1.8-openjdk/jre/lib/ext:/usr/java/packages/lib/ext"/>
    <property name="sun.io.unicode.encoding" value="UnicodeLittle"/>
    <property name="java.class.version" value="52.0"/>
  </properties>
  <testcase name="test2DatanodesFailure" classname="org.apache.hadoop.ozone.client.rpc.TestBlockOutputStreamWithFailures" time="118.292"/>
  <testcase name="testDatanodeFailureWithPreAllocation" classname="org.apache.hadoop.ozone.client.rpc.TestBlockOutputStreamWithFailures" time="229.012"/>
  <testcase name="testDatanodeFailureWithSingleNodeRatis" classname="org.apache.hadoop.ozone.client.rpc.TestBlockOutputStreamWithFailures" time="231.67"/>
  <testcase name="testWatchForCommitWithSingleNodeRatis" classname="org.apache.hadoop.ozone.client.rpc.TestBlockOutputStreamWithFailures" time="35.374"/>
  <testcase name="testWatchForCommitDatanodeFailure" classname="org.apache.hadoop.ozone.client.rpc.TestBlockOutputStreamWithFailures" time="41.3"/>
  <testcase name="testFailureWithPrimeSizedData" classname="org.apache.hadoop.ozone.client.rpc.TestBlockOutputStreamWithFailures" time="41.291">
    <failure message="expected:&lt;68&gt; but was:&lt;70&gt;" type="java.lang.AssertionError"><![CDATA[java.lang.AssertionError: expected:<68> but was:<70>
	at org.junit.Assert.fail(Assert.java:88)
	at org.junit.Assert.failNotEquals(Assert.java:743)
	at org.junit.Assert.assertEquals(Assert.java:118)
	at org.junit.Assert.assertEquals(Assert.java:555)
	at org.junit.Assert.assertEquals(Assert.java:542)
	at org.apache.hadoop.ozone.client.rpc.TestBlockOutputStreamWithFailures.testFailureWithPrimeSizedData(TestBlockOutputStreamWithFailures.java:605)
	at sun.reflect.NativeMethodAccessorImpl.invoke0(Native Method)
	at sun.reflect.NativeMethodAccessorImpl.invoke(NativeMethodAccessorImpl.java:62)
	at sun.reflect.DelegatingMethodAccessorImpl.invoke(DelegatingMethodAccessorImpl.java:43)
	at java.lang.reflect.Method.invoke(Method.java:498)
	at org.junit.runners.model.FrameworkMethod$1.runReflectiveCall(FrameworkMethod.java:47)
	at org.junit.internal.runners.model.ReflectiveCallable.run(ReflectiveCallable.java:12)
	at org.junit.runners.model.FrameworkMethod.invokeExplosively(FrameworkMethod.java:44)
	at org.junit.internal.runners.statements.InvokeMethod.evaluate(InvokeMethod.java:17)
	at org.junit.internal.runners.statements.RunBefores.evaluate(RunBefores.java:26)
	at org.junit.internal.runners.statements.RunAfters.evaluate(RunAfters.java:27)
	at org.junit.runners.ParentRunner.runLeaf(ParentRunner.java:271)
	at org.junit.runners.BlockJUnit4ClassRunner.runChild(BlockJUnit4ClassRunner.java:70)
	at org.junit.runners.BlockJUnit4ClassRunner.runChild(BlockJUnit4ClassRunner.java:50)
	at org.junit.runners.ParentRunner$3.run(ParentRunner.java:238)
	at org.junit.runners.ParentRunner$1.schedule(ParentRunner.java:63)
	at org.junit.runners.ParentRunner.runChildren(ParentRunner.java:236)
	at org.junit.runners.ParentRunner.access$000(ParentRunner.java:53)
	at org.junit.runners.ParentRunner$2.evaluate(ParentRunner.java:229)
	at org.junit.runners.ParentRunner.run(ParentRunner.java:309)
	at org.apache.maven.surefire.junit4.JUnit4Provider.execute(JUnit4Provider.java:365)
	at org.apache.maven.surefire.junit4.JUnit4Provider.executeWithRerun(JUnit4Provider.java:273)
	at org.apache.maven.surefire.junit4.JUnit4Provider.executeTestSet(JUnit4Provider.java:238)
	at org.apache.maven.surefire.junit4.JUnit4Provider.invoke(JUnit4Provider.java:159)
	at org.apache.maven.surefire.booter.ForkedBooter.invokeProviderInSameClassLoader(ForkedBooter.java:384)
	at org.apache.maven.surefire.booter.ForkedBooter.runSuitesInProcess(ForkedBooter.java:345)
	at org.apache.maven.surefire.booter.ForkedBooter.execute(ForkedBooter.java:126)
	at org.apache.maven.surefire.booter.ForkedBooter.main(ForkedBooter.java:418)
]]></failure>
    <system-out><![CDATA[2019-08-29 08:23:50,743 [main] WARN  server.ServerUtils (ServerUtils.java:getScmDbDir(145)) - ozone.scm.db.dirs is not configured. We recommend adding this setting. Falling back to ozone.metadata.dirs instead.
2019-08-29 08:23:50,769 [main] WARN  server.ServerUtils (ServerUtils.java:getScmDbDir(145)) - ozone.scm.db.dirs is not configured. We recommend adding this setting. Falling back to ozone.metadata.dirs instead.
2019-08-29 08:23:50,769 [main] WARN  server.ServerUtils (ServerUtils.java:getScmDbDir(145)) - ozone.scm.db.dirs is not configured. We recommend adding this setting. Falling back to ozone.metadata.dirs instead.
2019-08-29 08:23:50,770 [main] INFO  db.DBStoreBuilder (DBStoreBuilder.java:addTable(110)) - using custom profile for table: deletedBlocks
2019-08-29 08:23:50,770 [main] INFO  db.DBStoreBuilder (DBStoreBuilder.java:processTables(161)) - Using default column profile:DBProfile.DISK for Table:deletedBlocks
2019-08-29 08:23:50,770 [main] INFO  db.DBStoreBuilder (DBStoreBuilder.java:addTable(110)) - using custom profile for table: validCerts
2019-08-29 08:23:50,770 [main] INFO  db.DBStoreBuilder (DBStoreBuilder.java:processTables(161)) - Using default column profile:DBProfile.DISK for Table:validCerts
2019-08-29 08:23:50,770 [main] INFO  db.DBStoreBuilder (DBStoreBuilder.java:addTable(110)) - using custom profile for table: revokedCerts
2019-08-29 08:23:50,771 [main] INFO  db.DBStoreBuilder (DBStoreBuilder.java:processTables(161)) - Using default column profile:DBProfile.DISK for Table:revokedCerts
2019-08-29 08:23:50,771 [main] INFO  db.DBStoreBuilder (DBStoreBuilder.java:addTable(110)) - using custom profile for table: default
2019-08-29 08:23:50,771 [main] INFO  db.DBStoreBuilder (DBStoreBuilder.java:processTables(167)) - Using default column profile:DBProfile.DISK for Table:default
2019-08-29 08:23:50,771 [main] INFO  db.DBStoreBuilder (DBStoreBuilder.java:getDbProfile(198)) - Using default options. DBProfile.DISK
2019-08-29 08:23:50,969 [main] INFO  net.NodeSchemaLoader (NodeSchemaLoader.java:loadSchemaFromFile(125)) - Loading file from sun.misc.CompoundEnumeration@35c646b5
2019-08-29 08:23:50,970 [main] INFO  net.NodeSchemaLoader (NodeSchemaLoader.java:loadSchema(171)) - Loading network topology layer schema file
2019-08-29 08:23:50,975 [main] INFO  node.SCMNodeManager (SCMNodeManager.java:<init>(121)) - Entering startup safe mode.
2019-08-29 08:23:50,976 [main] INFO  algorithms.ContainerPlacementPolicyFactory (ContainerPlacementPolicyFactory.java:getPolicy(55)) - Create container placement policy of type org.apache.hadoop.hdds.scm.container.placement.algorithms.SCMContainerPlacementRandom
2019-08-29 08:23:50,976 [main] WARN  server.ServerUtils (ServerUtils.java:getScmDbDir(145)) - ozone.scm.db.dirs is not configured. We recommend adding this setting. Falling back to ozone.metadata.dirs instead.
2019-08-29 08:23:51,021 [main] INFO  pipeline.SCMPipelineManager (SCMPipelineManager.java:initializePipelineState(126)) - No pipeline exists in current db
2019-08-29 08:23:51,021 [main] WARN  server.ServerUtils (ServerUtils.java:getScmDbDir(145)) - ozone.scm.db.dirs is not configured. We recommend adding this setting. Falling back to ozone.metadata.dirs instead.
2019-08-29 08:23:51,087 [main] WARN  events.EventQueue (EventQueue.java:fireEvent(175)) - No event handler registered for event TypedEvent{payloadType=SafeModeStatus, name='SafeModeStatus'}
2019-08-29 08:23:51,088 [main] INFO  ipc.CallQueueManager (CallQueueManager.java:<init>(84)) - Using callQueue: class java.util.concurrent.LinkedBlockingQueue, queueCapacity: 2000, scheduler: class org.apache.hadoop.ipc.DefaultRpcScheduler, ipcBackoff: false.
2019-08-29 08:23:51,089 [Socket Reader #1 for port 37867] INFO  ipc.Server (Server.java:run(1074)) - Starting Socket Reader #1 for port 37867
2019-08-29 08:23:51,090 [main] INFO  ipc.CallQueueManager (CallQueueManager.java:<init>(84)) - Using callQueue: class java.util.concurrent.LinkedBlockingQueue, queueCapacity: 2000, scheduler: class org.apache.hadoop.ipc.DefaultRpcScheduler, ipcBackoff: false.
2019-08-29 08:23:51,091 [Socket Reader #1 for port 45680] INFO  ipc.Server (Server.java:run(1074)) - Starting Socket Reader #1 for port 45680
2019-08-29 08:23:51,092 [main] INFO  ipc.CallQueueManager (CallQueueManager.java:<init>(84)) - Using callQueue: class java.util.concurrent.LinkedBlockingQueue, queueCapacity: 2000, scheduler: class org.apache.hadoop.ipc.DefaultRpcScheduler, ipcBackoff: false.
2019-08-29 08:23:51,093 [Socket Reader #1 for port 39416] INFO  ipc.Server (Server.java:run(1074)) - Starting Socket Reader #1 for port 39416
2019-08-29 08:23:51,096 [main] INFO  hdfs.DFSUtil (DFSUtil.java:httpServerTemplateForNNAndJN(1641)) - Starting Web-server for scm at: http://0.0.0.0:0
2019-08-29 08:23:51,099 [main] INFO  server.AuthenticationFilter (AuthenticationFilter.java:constructSecretProvider(240)) - Unable to initialize FileSignerSecretProvider, falling back to use random secrets.
2019-08-29 08:23:51,099 [main] WARN  http.HttpRequestLog (HttpRequestLog.java:getRequestLog(97)) - Jetty request log can only be enabled using Log4j
2019-08-29 08:23:51,101 [main] INFO  http.HttpServer2 (HttpServer2.java:addGlobalFilter(975)) - Added global filter 'safety' (class=org.apache.hadoop.http.HttpServer2$QuotingInputFilter)
2019-08-29 08:23:51,101 [main] INFO  http.HttpServer2 (HttpServer2.java:addFilter(948)) - Added filter static_user_filter (class=org.apache.hadoop.http.lib.StaticUserWebFilter$StaticUserFilter) to context scm
2019-08-29 08:23:51,101 [main] INFO  http.HttpServer2 (HttpServer2.java:addFilter(958)) - Added filter static_user_filter (class=org.apache.hadoop.http.lib.StaticUserWebFilter$StaticUserFilter) to context static
2019-08-29 08:23:51,102 [main] INFO  http.HttpServer2 (HttpServer2.java:addFilter(958)) - Added filter static_user_filter (class=org.apache.hadoop.http.lib.StaticUserWebFilter$StaticUserFilter) to context logs
2019-08-29 08:23:51,103 [main] INFO  server.StorageContainerManager (StorageContainerManager.java:start(759)) - StorageContainerLocationProtocol RPC server is listening at /0.0.0.0:39416
2019-08-29 08:23:51,105 [main] WARN  impl.MetricsConfig (MetricsConfig.java:loadFirst(134)) - Cannot locate configuration: tried hadoop-metrics2-storagecontainermanager.properties,hadoop-metrics2.properties
2019-08-29 08:23:51,105 [main] INFO  impl.MetricsSystemImpl (MetricsSystemImpl.java:startTimer(374)) - Scheduled Metric snapshot period at 10 second(s).
2019-08-29 08:23:51,106 [main] INFO  impl.MetricsSystemImpl (MetricsSystemImpl.java:start(191)) - StorageContainerManager metrics system started
2019-08-29 08:23:51,197 [main] INFO  server.SCMClientProtocolServer (SCMClientProtocolServer.java:start(151)) - RPC server for Client  is listening at /0.0.0.0:39416
2019-08-29 08:23:51,197 [IPC Server Responder] INFO  ipc.Server (Server.java:run(1314)) - IPC Server Responder: starting
2019-08-29 08:23:51,197 [IPC Server listener on 39416] INFO  ipc.Server (Server.java:run(1153)) - IPC Server listener on 39416: starting
2019-08-29 08:23:51,200 [main] INFO  server.StorageContainerManager (StorageContainerManager.java:start(769)) - ScmBlockLocationProtocol RPC server is listening at /0.0.0.0:45680
2019-08-29 08:23:51,200 [main] INFO  server.SCMBlockProtocolServer (SCMBlockProtocolServer.java:start(140)) - RPC server for Block Protocol is listening at /0.0.0.0:45680
2019-08-29 08:23:51,200 [IPC Server Responder] INFO  ipc.Server (Server.java:run(1314)) - IPC Server Responder: starting
2019-08-29 08:23:51,200 [IPC Server listener on 45680] INFO  ipc.Server (Server.java:run(1153)) - IPC Server listener on 45680: starting
2019-08-29 08:23:51,203 [main] INFO  server.StorageContainerManager (StorageContainerManager.java:start(773)) - ScmDatanodeProtocl RPC server is listening at /0.0.0.0:37867
2019-08-29 08:23:51,203 [main] INFO  server.SCMDatanodeProtocolServer (SCMDatanodeProtocolServer.java:start(191)) - RPC server for DataNodes is listening at /0.0.0.0:37867
2019-08-29 08:23:51,203 [IPC Server Responder] INFO  ipc.Server (Server.java:run(1314)) - IPC Server Responder: starting
2019-08-29 08:23:51,203 [IPC Server listener on 37867] INFO  ipc.Server (Server.java:run(1153)) - IPC Server listener on 37867: starting
2019-08-29 08:23:51,209 [main] INFO  http.HttpServer2 (HttpServer2.java:bindListener(1191)) - Jetty bound to port 37697
2019-08-29 08:23:51,209 [main] INFO  server.Server (Server.java:doStart(351)) - jetty-9.3.24.v20180605, build timestamp: 2018-06-05T17:11:56Z, git hash: 84205aa28f11a4f31f2a3b86d1bba2cc8ab69827
2019-08-29 08:23:51,210 [main] INFO  handler.ContextHandler (ContextHandler.java:doStart(781)) - Started o.e.j.s.ServletContextHandler@43d00636{/logs,file:///workdir/hadoop-ozone/integration-test/target/log,AVAILABLE}
2019-08-29 08:23:51,210 [main] INFO  handler.ContextHandler (ContextHandler.java:doStart(781)) - Started o.e.j.s.ServletContextHandler@2a01c55{/static,file:///workdir/hadoop-ozone/integration-test/target/test-classes/webapps/static,AVAILABLE}
2019-08-29 08:23:51,214 [main] INFO  handler.ContextHandler (ContextHandler.java:doStart(781)) - Started o.e.j.w.WebAppContext@6970687e{/,file:///workdir/hadoop-ozone/integration-test/target/test-classes/webapps/scm/,AVAILABLE}{/scm}
2019-08-29 08:23:51,214 [main] INFO  server.AbstractConnector (AbstractConnector.java:doStart(278)) - Started ServerConnector@a6f34f5{HTTP/1.1,[http/1.1]}{0.0.0.0:37697}
2019-08-29 08:23:51,215 [main] INFO  server.Server (Server.java:doStart(419)) - Started @656710ms
2019-08-29 08:23:51,218 [main] INFO  server.BaseHttpServer (BaseHttpServer.java:updateConnectorAddress(213)) - HTTP server of SCM is listening at http://0.0.0.0:37697
2019-08-29 08:23:51,219 [main] WARN  server.ServerUtils (ServerUtils.java:getDBPath(222)) - ozone.om.db.dirs is not configured. We recommend adding this setting. Falling back to ozone.metadata.dirs instead.
2019-08-29 08:23:51,219 [org.apache.hadoop.util.JvmPauseMonitor$Monitor@3118ed2c] INFO  util.JvmPauseMonitor (JvmPauseMonitor.java:run(188)) - Starting JVM pause monitor
2019-08-29 08:23:51,233 [main] WARN  server.ServerUtils (ServerUtils.java:getDBPath(222)) - ozone.om.db.dirs is not configured. We recommend adding this setting. Falling back to ozone.metadata.dirs instead.
2019-08-29 08:23:51,234 [main] WARN  server.ServerUtils (ServerUtils.java:getDBPath(222)) - ozone.om.db.dirs is not configured. We recommend adding this setting. Falling back to ozone.metadata.dirs instead.
2019-08-29 08:23:51,234 [main] INFO  om.OzoneManager (OzoneManager.java:setOMNodeDetails(645)) - OM Service ID is not set. Setting it to the default ID: omServiceIdDefault
2019-08-29 08:23:51,234 [main] INFO  om.OzoneManager (OzoneManager.java:setOMNodeDetails(651)) - OM Node ID is not set. Setting it to the OmStorage's OmID: 86beef07-fd33-462a-80a0-7dddeb3f2e13
2019-08-29 08:23:51,234 [main] INFO  om.OzoneManager (OzoneManager.java:loadOMHAConfigs(602)) - Found matching OM address with OMServiceId: null, OMNodeId: null, RPC Address: localhost:0 and Ratis port: 9872
2019-08-29 08:23:51,237 | INFO  | SCMAudit | user=jenkins1000 | ip=192.168.69.89 | op=GET_SCM_INFO null | ret=SUCCESS |  
2019-08-29 08:23:51,239 [main] WARN  server.ServerUtils (ServerUtils.java:getDBPath(222)) - ozone.om.db.dirs is not configured. We recommend adding this setting. Falling back to ozone.metadata.dirs instead.
2019-08-29 08:23:51,239 [main] INFO  db.DBStoreBuilder (DBStoreBuilder.java:addTable(110)) - using custom profile for table: userTable
2019-08-29 08:23:51,239 [main] INFO  db.DBStoreBuilder (DBStoreBuilder.java:processTables(161)) - Using default column profile:DBProfile.DISK for Table:userTable
2019-08-29 08:23:51,240 [main] INFO  db.DBStoreBuilder (DBStoreBuilder.java:addTable(110)) - using custom profile for table: volumeTable
2019-08-29 08:23:51,240 [main] INFO  db.DBStoreBuilder (DBStoreBuilder.java:processTables(161)) - Using default column profile:DBProfile.DISK for Table:volumeTable
2019-08-29 08:23:51,240 [main] INFO  db.DBStoreBuilder (DBStoreBuilder.java:addTable(110)) - using custom profile for table: bucketTable
2019-08-29 08:23:51,240 [main] INFO  db.DBStoreBuilder (DBStoreBuilder.java:processTables(161)) - Using default column profile:DBProfile.DISK for Table:bucketTable
2019-08-29 08:23:51,240 [main] INFO  db.DBStoreBuilder (DBStoreBuilder.java:addTable(110)) - using custom profile for table: keyTable
2019-08-29 08:23:51,240 [main] INFO  db.DBStoreBuilder (DBStoreBuilder.java:processTables(161)) - Using default column profile:DBProfile.DISK for Table:keyTable
2019-08-29 08:23:51,241 [main] INFO  db.DBStoreBuilder (DBStoreBuilder.java:addTable(110)) - using custom profile for table: deletedTable
2019-08-29 08:23:51,241 [main] INFO  db.DBStoreBuilder (DBStoreBuilder.java:processTables(161)) - Using default column profile:DBProfile.DISK for Table:deletedTable
2019-08-29 08:23:51,241 [main] INFO  db.DBStoreBuilder (DBStoreBuilder.java:addTable(110)) - using custom profile for table: openKeyTable
2019-08-29 08:23:51,241 [main] INFO  db.DBStoreBuilder (DBStoreBuilder.java:processTables(161)) - Using default column profile:DBProfile.DISK for Table:openKeyTable
2019-08-29 08:23:51,241 [main] INFO  db.DBStoreBuilder (DBStoreBuilder.java:addTable(110)) - using custom profile for table: s3Table
2019-08-29 08:23:51,241 [main] INFO  db.DBStoreBuilder (DBStoreBuilder.java:processTables(161)) - Using default column profile:DBProfile.DISK for Table:s3Table
2019-08-29 08:23:51,241 [main] INFO  db.DBStoreBuilder (DBStoreBuilder.java:addTable(110)) - using custom profile for table: multipartInfoTable
2019-08-29 08:23:51,242 [main] INFO  db.DBStoreBuilder (DBStoreBuilder.java:processTables(161)) - Using default column profile:DBProfile.DISK for Table:multipartInfoTable
2019-08-29 08:23:51,242 [main] INFO  db.DBStoreBuilder (DBStoreBuilder.java:addTable(110)) - using custom profile for table: dTokenTable
2019-08-29 08:23:51,242 [main] INFO  db.DBStoreBuilder (DBStoreBuilder.java:processTables(161)) - Using default column profile:DBProfile.DISK for Table:dTokenTable
2019-08-29 08:23:51,242 [main] INFO  db.DBStoreBuilder (DBStoreBuilder.java:addTable(110)) - using custom profile for table: s3SecretTable
2019-08-29 08:23:51,242 [main] INFO  db.DBStoreBuilder (DBStoreBuilder.java:processTables(161)) - Using default column profile:DBProfile.DISK for Table:s3SecretTable
2019-08-29 08:23:51,242 [main] INFO  db.DBStoreBuilder (DBStoreBuilder.java:addTable(110)) - using custom profile for table: prefixTable
2019-08-29 08:23:51,242 [main] INFO  db.DBStoreBuilder (DBStoreBuilder.java:processTables(161)) - Using default column profile:DBProfile.DISK for Table:prefixTable
2019-08-29 08:23:51,243 [main] INFO  db.DBStoreBuilder (DBStoreBuilder.java:addTable(110)) - using custom profile for table: default
2019-08-29 08:23:51,243 [main] INFO  db.DBStoreBuilder (DBStoreBuilder.java:processTables(167)) - Using default column profile:DBProfile.DISK for Table:default
2019-08-29 08:23:51,243 [main] INFO  db.DBStoreBuilder (DBStoreBuilder.java:getDbProfile(198)) - Using default options. DBProfile.DISK
2019-08-29 08:23:51,877 [main] INFO  ipc.CallQueueManager (CallQueueManager.java:<init>(84)) - Using callQueue: class java.util.concurrent.LinkedBlockingQueue, queueCapacity: 2000, scheduler: class org.apache.hadoop.ipc.DefaultRpcScheduler, ipcBackoff: false.
2019-08-29 08:23:51,878 [Socket Reader #1 for port 42293] INFO  ipc.Server (Server.java:run(1074)) - Starting Socket Reader #1 for port 42293
2019-08-29 08:23:51,890 [main] INFO  om.OzoneManager (OzoneManager.java:start(1256)) - OzoneManager RPC server is listening at localhost/127.0.0.1:42293
2019-08-29 08:23:51,890 [main] INFO  impl.MetricsSystemImpl (MetricsSystemImpl.java:init(158)) - OzoneManager metrics system started (again)
2019-08-29 08:23:51,891 [IPC Server Responder] INFO  ipc.Server (Server.java:run(1314)) - IPC Server Responder: starting
2019-08-29 08:23:51,892 [IPC Server listener on 42293] INFO  ipc.Server (Server.java:run(1153)) - IPC Server listener on 42293: starting
2019-08-29 08:23:51,897 [main] INFO  hdfs.DFSUtil (DFSUtil.java:httpServerTemplateForNNAndJN(1641)) - Starting Web-server for ozoneManager at: http://0.0.0.0:0
2019-08-29 08:23:51,899 [main] INFO  server.AuthenticationFilter (AuthenticationFilter.java:constructSecretProvider(240)) - Unable to initialize FileSignerSecretProvider, falling back to use random secrets.
2019-08-29 08:23:51,899 [main] WARN  http.HttpRequestLog (HttpRequestLog.java:getRequestLog(97)) - Jetty request log can only be enabled using Log4j
2019-08-29 08:23:51,901 [main] INFO  http.HttpServer2 (HttpServer2.java:addGlobalFilter(975)) - Added global filter 'safety' (class=org.apache.hadoop.http.HttpServer2$QuotingInputFilter)
2019-08-29 08:23:51,901 [main] INFO  http.HttpServer2 (HttpServer2.java:addFilter(948)) - Added filter static_user_filter (class=org.apache.hadoop.http.lib.StaticUserWebFilter$StaticUserFilter) to context ozoneManager
2019-08-29 08:23:51,901 [main] INFO  http.HttpServer2 (HttpServer2.java:addFilter(958)) - Added filter static_user_filter (class=org.apache.hadoop.http.lib.StaticUserWebFilter$StaticUserFilter) to context logs
2019-08-29 08:23:51,901 [main] INFO  http.HttpServer2 (HttpServer2.java:addFilter(958)) - Added filter static_user_filter (class=org.apache.hadoop.http.lib.StaticUserWebFilter$StaticUserFilter) to context static
2019-08-29 08:23:51,902 [main] INFO  http.HttpServer2 (HttpServer2.java:bindListener(1191)) - Jetty bound to port 44224
2019-08-29 08:23:51,902 [main] INFO  server.Server (Server.java:doStart(351)) - jetty-9.3.24.v20180605, build timestamp: 2018-06-05T17:11:56Z, git hash: 84205aa28f11a4f31f2a3b86d1bba2cc8ab69827
2019-08-29 08:23:51,904 [main] INFO  handler.ContextHandler (ContextHandler.java:doStart(781)) - Started o.e.j.s.ServletContextHandler@14972600{/logs,file:///workdir/hadoop-ozone/integration-test/target/log,AVAILABLE}
2019-08-29 08:23:51,904 [main] INFO  handler.ContextHandler (ContextHandler.java:doStart(781)) - Started o.e.j.s.ServletContextHandler@5963a2c9{/static,file:///workdir/hadoop-ozone/integration-test/target/test-classes/webapps/static,AVAILABLE}
2019-08-29 08:23:51,907 [main] INFO  handler.ContextHandler (ContextHandler.java:doStart(781)) - Started o.e.j.w.WebAppContext@5146ae5e{/,file:///workdir/hadoop-ozone/integration-test/target/test-classes/webapps/ozoneManager/,AVAILABLE}{/ozoneManager}
2019-08-29 08:23:51,908 [main] INFO  server.AbstractConnector (AbstractConnector.java:doStart(278)) - Started ServerConnector@642270ad{HTTP/1.1,[http/1.1]}{0.0.0.0:44224}
2019-08-29 08:23:51,909 [main] INFO  server.Server (Server.java:doStart(419)) - Started @657404ms
2019-08-29 08:23:51,910 [main] INFO  server.BaseHttpServer (BaseHttpServer.java:updateConnectorAddress(213)) - HTTP server of OZONEMANAGER is listening at http://0.0.0.0:44224
2019-08-29 08:23:51,941 [main] INFO  impl.MetricsSystemImpl (MetricsSystemImpl.java:init(158)) - HddsDatanode metrics system started (again)
2019-08-29 08:23:51,944 [main] INFO  ozone.HddsDatanodeService (HddsDatanodeService.java:start(184)) - HddsDatanodeService host:pr-hdds-1569-7rqkn-550228749 ip:192.168.69.89
2019-08-29 08:23:51,953 [main] INFO  volume.HddsVolume (HddsVolume.java:<init>(176)) - Creating Volume: /workdir/hadoop-ozone/integration-test/target/test-dir/MiniOzoneClusterImpl-6291b889-f921-442b-be66-486fed594c04/datanode-0/data/containers/hdds of  storage type : DISK and capacity : 1482555576320
2019-08-29 08:23:51,954 [main] INFO  volume.VolumeSet (VolumeSet.java:initializeVolumeSet(170)) - Added Volume : /workdir/hadoop-ozone/integration-test/target/test-dir/MiniOzoneClusterImpl-6291b889-f921-442b-be66-486fed594c04/datanode-0/data/containers/hdds to VolumeSet
2019-08-29 08:23:51,954 [main] INFO  volume.ThrottledAsyncChecker (ThrottledAsyncChecker.java:schedule(140)) - Scheduling a check for org.apache.hadoop.ozone.container.common.volume.HddsVolume@3146c61d
2019-08-29 08:23:51,954 [main] INFO  volume.HddsVolumeChecker (HddsVolumeChecker.java:checkAllVolumes(203)) - Scheduled health check for volume org.apache.hadoop.ozone.container.common.volume.HddsVolume@3146c61d
2019-08-29 08:23:51,968 [main] INFO  impl.RaftServerProxy (ConfUtils.java:logGet(43)) - raft.rpc.type = GRPC (default)
2019-08-29 08:23:51,968 [main] INFO  grpc.GrpcFactory (GrpcFactory.java:checkPooledByteBufAllocatorUseCacheForAllThreads(45)) - PERFORMANCE WARNING: useCacheForAllThreads is true that may cause Netty to create a lot garbage objects and, as a result, trigger GC.
	It is recommended to disable useCacheForAllThreads by setting -Dorg.apache.ratis.thirdparty.io.netty.allocator.useCacheForAllThreads=false in command line.
2019-08-29 08:23:51,968 [main] INFO  grpc.GrpcConfigKeys$Server (ConfUtils.java:logGet(43)) - raft.grpc.server.port = 0 (default)
2019-08-29 08:23:51,968 [main] INFO  server.GrpcService (ConfUtils.java:logGet(43)) - raft.grpc.message.size.max = 33570816 (custom)
2019-08-29 08:23:51,968 [main] INFO  server.RaftServerConfigKeys (ConfUtils.java:logGet(43)) - raft.server.log.appender.buffer.byte-limit = 33554432 (custom)
2019-08-29 08:23:51,969 [main] INFO  server.GrpcService (ConfUtils.java:logGet(43)) - raft.grpc.flow.control.window = 1MB (=1048576) (default)
2019-08-29 08:23:51,969 [main] INFO  server.RaftServerConfigKeys (ConfUtils.java:logGet(43)) - raft.server.rpc.request.timeout = 3000ms (default)
2019-08-29 08:23:51,969 [main] INFO  server.RaftServerConfigKeys (ConfUtils.java:logGet(43)) - raft.server.storage.dir = [/workdir/hadoop-ozone/integration-test/target/test-dir/MiniOzoneClusterImpl-6291b889-f921-442b-be66-486fed594c04/datanode-0/data/ratis] (custom)
2019-08-29 08:23:51,969 [main] INFO  replication.SimpleContainerDownloader (SimpleContainerDownloader.java:<init>(72)) - Starting container downloader service to copy containers to replicate.
2019-08-29 08:23:51,971 [main] INFO  hdfs.DFSUtil (DFSUtil.java:httpServerTemplateForNNAndJN(1641)) - Starting Web-server for hddsDatanode at: http://0.0.0.0:0
2019-08-29 08:23:51,972 [main] INFO  server.AuthenticationFilter (AuthenticationFilter.java:constructSecretProvider(240)) - Unable to initialize FileSignerSecretProvider, falling back to use random secrets.
2019-08-29 08:23:51,973 [main] WARN  http.HttpRequestLog (HttpRequestLog.java:getRequestLog(97)) - Jetty request log can only be enabled using Log4j
2019-08-29 08:23:51,974 [main] INFO  http.HttpServer2 (HttpServer2.java:addGlobalFilter(975)) - Added global filter 'safety' (class=org.apache.hadoop.http.HttpServer2$QuotingInputFilter)
2019-08-29 08:23:51,975 [main] INFO  http.HttpServer2 (HttpServer2.java:addFilter(948)) - Added filter static_user_filter (class=org.apache.hadoop.http.lib.StaticUserWebFilter$StaticUserFilter) to context hddsDatanode
2019-08-29 08:23:51,975 [main] INFO  http.HttpServer2 (HttpServer2.java:addFilter(958)) - Added filter static_user_filter (class=org.apache.hadoop.http.lib.StaticUserWebFilter$StaticUserFilter) to context static
2019-08-29 08:23:51,975 [main] INFO  http.HttpServer2 (HttpServer2.java:addFilter(958)) - Added filter static_user_filter (class=org.apache.hadoop.http.lib.StaticUserWebFilter$StaticUserFilter) to context logs
2019-08-29 08:23:51,976 [main] INFO  http.HttpServer2 (HttpServer2.java:bindListener(1191)) - Jetty bound to port 43809
2019-08-29 08:23:51,976 [main] INFO  server.Server (Server.java:doStart(351)) - jetty-9.3.24.v20180605, build timestamp: 2018-06-05T17:11:56Z, git hash: 84205aa28f11a4f31f2a3b86d1bba2cc8ab69827
2019-08-29 08:23:51,978 [main] INFO  handler.ContextHandler (ContextHandler.java:doStart(781)) - Started o.e.j.s.ServletContextHandler@1d691d4f{/logs,file:///workdir/hadoop-ozone/integration-test/target/log,AVAILABLE}
2019-08-29 08:23:51,978 [main] INFO  handler.ContextHandler (ContextHandler.java:doStart(781)) - Started o.e.j.s.ServletContextHandler@7b2cd7ff{/static,jar:file:/home/user/.m2/repository/org/apache/hadoop/hadoop-hdds-container-service/0.5.0-SNAPSHOT/hadoop-hdds-container-service-0.5.0-SNAPSHOT.jar!/webapps/static,AVAILABLE}
2019-08-29 08:23:52,010 [main] INFO  handler.ContextHandler (ContextHandler.java:doStart(781)) - Started o.e.j.w.WebAppContext@3c67b7a9{/,file:///tmp/jetty-0.0.0.0-43809-hddsDatanode-_-any-5367932468109246091.dir/webapp/,AVAILABLE}{/hddsDatanode}
2019-08-29 08:23:52,011 [main] INFO  server.AbstractConnector (AbstractConnector.java:doStart(278)) - Started ServerConnector@67b6cb6e{HTTP/1.1,[http/1.1]}{0.0.0.0:43809}
2019-08-29 08:23:52,013 [main] INFO  server.Server (Server.java:doStart(419)) - Started @657508ms
2019-08-29 08:23:52,014 [main] INFO  server.BaseHttpServer (BaseHttpServer.java:updateConnectorAddress(213)) - HTTP server of HDDSDATANODE is listening at http://0.0.0.0:43809
2019-08-29 08:23:52,136 | INFO  | ObjectStoreRestHttpServer | Listening HDDS REST traffic on /0.0.0.0:45722 |  
2019-08-29 08:23:52,136 [main] INFO  ozone.HddsDatanodeService (HddsDatanodeService.java:startPlugins(395)) - Started plug-in org.apache.hadoop.ozone.web.OzoneHddsDatanodeService@375dc95c
2019-08-29 08:23:52,137 [main] INFO  impl.MetricsSystemImpl (MetricsSystemImpl.java:init(158)) - HddsDatanode metrics system started (again)
2019-08-29 08:23:52,139 [org.apache.hadoop.util.JvmPauseMonitor$Monitor@37529e70] INFO  util.JvmPauseMonitor (JvmPauseMonitor.java:run(188)) - Starting JVM pause monitor
2019-08-29 08:23:52,140 [main] INFO  ozone.HddsDatanodeService (HddsDatanodeService.java:start(184)) - HddsDatanodeService host:pr-hdds-1569-7rqkn-550228749 ip:192.168.69.89
2019-08-29 08:23:52,141 [Datanode State Machine Thread - 0] INFO  datanode.InitDatanodeState (InitDatanodeState.java:persistContainerDatanodeDetails(140)) - DatanodeDetails is persisted to /workdir/hadoop-ozone/integration-test/target/test-dir/MiniOzoneClusterImpl-6291b889-f921-442b-be66-486fed594c04/datanode-0/meta/datanode.id
2019-08-29 08:23:52,149 [main] INFO  volume.HddsVolume (HddsVolume.java:<init>(176)) - Creating Volume: /workdir/hadoop-ozone/integration-test/target/test-dir/MiniOzoneClusterImpl-6291b889-f921-442b-be66-486fed594c04/datanode-1/data/containers/hdds of  storage type : DISK and capacity : 1482555576320
2019-08-29 08:23:52,149 [main] INFO  volume.VolumeSet (VolumeSet.java:initializeVolumeSet(170)) - Added Volume : /workdir/hadoop-ozone/integration-test/target/test-dir/MiniOzoneClusterImpl-6291b889-f921-442b-be66-486fed594c04/datanode-1/data/containers/hdds to VolumeSet
2019-08-29 08:23:52,149 [main] INFO  volume.ThrottledAsyncChecker (ThrottledAsyncChecker.java:schedule(140)) - Scheduling a check for org.apache.hadoop.ozone.container.common.volume.HddsVolume@5a36a405
2019-08-29 08:23:52,150 [main] INFO  volume.HddsVolumeChecker (HddsVolumeChecker.java:checkAllVolumes(203)) - Scheduled health check for volume org.apache.hadoop.ozone.container.common.volume.HddsVolume@5a36a405
2019-08-29 08:23:52,174 [main] INFO  impl.RaftServerProxy (ConfUtils.java:logGet(43)) - raft.rpc.type = GRPC (default)
2019-08-29 08:23:52,174 [main] INFO  grpc.GrpcFactory (GrpcFactory.java:checkPooledByteBufAllocatorUseCacheForAllThreads(45)) - PERFORMANCE WARNING: useCacheForAllThreads is true that may cause Netty to create a lot garbage objects and, as a result, trigger GC.
	It is recommended to disable useCacheForAllThreads by setting -Dorg.apache.ratis.thirdparty.io.netty.allocator.useCacheForAllThreads=false in command line.
2019-08-29 08:23:52,174 [main] INFO  grpc.GrpcConfigKeys$Server (ConfUtils.java:logGet(43)) - raft.grpc.server.port = 0 (default)
2019-08-29 08:23:52,175 [main] INFO  server.GrpcService (ConfUtils.java:logGet(43)) - raft.grpc.message.size.max = 33570816 (custom)
2019-08-29 08:23:52,175 [main] INFO  server.RaftServerConfigKeys (ConfUtils.java:logGet(43)) - raft.server.log.appender.buffer.byte-limit = 33554432 (custom)
2019-08-29 08:23:52,175 [main] INFO  server.GrpcService (ConfUtils.java:logGet(43)) - raft.grpc.flow.control.window = 1MB (=1048576) (default)
2019-08-29 08:23:52,175 [main] INFO  server.RaftServerConfigKeys (ConfUtils.java:logGet(43)) - raft.server.rpc.request.timeout = 3000ms (default)
2019-08-29 08:23:52,176 [main] INFO  server.RaftServerConfigKeys (ConfUtils.java:logGet(43)) - raft.server.storage.dir = [/workdir/hadoop-ozone/integration-test/target/test-dir/MiniOzoneClusterImpl-6291b889-f921-442b-be66-486fed594c04/datanode-1/data/ratis] (custom)
2019-08-29 08:23:52,176 [main] INFO  replication.SimpleContainerDownloader (SimpleContainerDownloader.java:<init>(72)) - Starting container downloader service to copy containers to replicate.
2019-08-29 08:23:52,177 [main] INFO  hdfs.DFSUtil (DFSUtil.java:httpServerTemplateForNNAndJN(1641)) - Starting Web-server for hddsDatanode at: http://0.0.0.0:0
2019-08-29 08:23:52,179 [main] INFO  server.AuthenticationFilter (AuthenticationFilter.java:constructSecretProvider(240)) - Unable to initialize FileSignerSecretProvider, falling back to use random secrets.
2019-08-29 08:23:52,180 [main] WARN  http.HttpRequestLog (HttpRequestLog.java:getRequestLog(97)) - Jetty request log can only be enabled using Log4j
2019-08-29 08:23:52,182 [main] INFO  http.HttpServer2 (HttpServer2.java:addGlobalFilter(975)) - Added global filter 'safety' (class=org.apache.hadoop.http.HttpServer2$QuotingInputFilter)
2019-08-29 08:23:52,183 [main] INFO  http.HttpServer2 (HttpServer2.java:addFilter(948)) - Added filter static_user_filter (class=org.apache.hadoop.http.lib.StaticUserWebFilter$StaticUserFilter) to context hddsDatanode
2019-08-29 08:23:52,183 [main] INFO  http.HttpServer2 (HttpServer2.java:addFilter(958)) - Added filter static_user_filter (class=org.apache.hadoop.http.lib.StaticUserWebFilter$StaticUserFilter) to context static
2019-08-29 08:23:52,183 [main] INFO  http.HttpServer2 (HttpServer2.java:addFilter(958)) - Added filter static_user_filter (class=org.apache.hadoop.http.lib.StaticUserWebFilter$StaticUserFilter) to context logs
2019-08-29 08:23:52,184 [main] INFO  http.HttpServer2 (HttpServer2.java:bindListener(1191)) - Jetty bound to port 40380
2019-08-29 08:23:52,185 [main] INFO  server.Server (Server.java:doStart(351)) - jetty-9.3.24.v20180605, build timestamp: 2018-06-05T17:11:56Z, git hash: 84205aa28f11a4f31f2a3b86d1bba2cc8ab69827
2019-08-29 08:23:52,186 [main] INFO  handler.ContextHandler (ContextHandler.java:doStart(781)) - Started o.e.j.s.ServletContextHandler@a19fe87{/logs,file:///workdir/hadoop-ozone/integration-test/target/log,AVAILABLE}
2019-08-29 08:23:52,187 [main] INFO  handler.ContextHandler (ContextHandler.java:doStart(781)) - Started o.e.j.s.ServletContextHandler@77fa509a{/static,jar:file:/home/user/.m2/repository/org/apache/hadoop/hadoop-hdds-container-service/0.5.0-SNAPSHOT/hadoop-hdds-container-service-0.5.0-SNAPSHOT.jar!/webapps/static,AVAILABLE}
2019-08-29 08:23:52,223 [main] INFO  handler.ContextHandler (ContextHandler.java:doStart(781)) - Started o.e.j.w.WebAppContext@2cd6112b{/,file:///tmp/jetty-0.0.0.0-40380-hddsDatanode-_-any-1596920227525971448.dir/webapp/,AVAILABLE}{/hddsDatanode}
2019-08-29 08:23:52,224 [main] INFO  server.AbstractConnector (AbstractConnector.java:doStart(278)) - Started ServerConnector@7f7eeaaf{HTTP/1.1,[http/1.1]}{0.0.0.0:40380}
2019-08-29 08:23:52,225 [main] INFO  server.Server (Server.java:doStart(419)) - Started @657720ms
2019-08-29 08:23:52,226 [main] INFO  server.BaseHttpServer (BaseHttpServer.java:updateConnectorAddress(213)) - HTTP server of HDDSDATANODE is listening at http://0.0.0.0:40380
2019-08-29 08:23:52,347 | INFO  | ObjectStoreRestHttpServer | Listening HDDS REST traffic on /0.0.0.0:40802 |  
2019-08-29 08:23:52,347 [main] INFO  ozone.HddsDatanodeService (HddsDatanodeService.java:startPlugins(395)) - Started plug-in org.apache.hadoop.ozone.web.OzoneHddsDatanodeService@5c934077
2019-08-29 08:23:52,347 [main] INFO  impl.MetricsSystemImpl (MetricsSystemImpl.java:init(158)) - HddsDatanode metrics system started (again)
2019-08-29 08:23:52,350 [org.apache.hadoop.util.JvmPauseMonitor$Monitor@6d1acedb] INFO  util.JvmPauseMonitor (JvmPauseMonitor.java:run(188)) - Starting JVM pause monitor
2019-08-29 08:23:52,350 [main] INFO  ozone.HddsDatanodeService (HddsDatanodeService.java:start(184)) - HddsDatanodeService host:pr-hdds-1569-7rqkn-550228749 ip:192.168.69.89
2019-08-29 08:23:52,351 [Datanode State Machine Thread - 0] INFO  datanode.InitDatanodeState (InitDatanodeState.java:persistContainerDatanodeDetails(140)) - DatanodeDetails is persisted to /workdir/hadoop-ozone/integration-test/target/test-dir/MiniOzoneClusterImpl-6291b889-f921-442b-be66-486fed594c04/datanode-1/meta/datanode.id
2019-08-29 08:23:52,359 [main] INFO  volume.HddsVolume (HddsVolume.java:<init>(176)) - Creating Volume: /workdir/hadoop-ozone/integration-test/target/test-dir/MiniOzoneClusterImpl-6291b889-f921-442b-be66-486fed594c04/datanode-2/data/containers/hdds of  storage type : DISK and capacity : 1482555576320
2019-08-29 08:23:52,359 [main] INFO  volume.VolumeSet (VolumeSet.java:initializeVolumeSet(170)) - Added Volume : /workdir/hadoop-ozone/integration-test/target/test-dir/MiniOzoneClusterImpl-6291b889-f921-442b-be66-486fed594c04/datanode-2/data/containers/hdds to VolumeSet
2019-08-29 08:23:52,360 [main] INFO  volume.ThrottledAsyncChecker (ThrottledAsyncChecker.java:schedule(140)) - Scheduling a check for org.apache.hadoop.ozone.container.common.volume.HddsVolume@7e32f76b
2019-08-29 08:23:52,360 [main] INFO  volume.HddsVolumeChecker (HddsVolumeChecker.java:checkAllVolumes(203)) - Scheduled health check for volume org.apache.hadoop.ozone.container.common.volume.HddsVolume@7e32f76b
2019-08-29 08:23:52,373 [main] INFO  impl.RaftServerProxy (ConfUtils.java:logGet(43)) - raft.rpc.type = GRPC (default)
2019-08-29 08:23:52,373 [main] INFO  grpc.GrpcFactory (GrpcFactory.java:checkPooledByteBufAllocatorUseCacheForAllThreads(45)) - PERFORMANCE WARNING: useCacheForAllThreads is true that may cause Netty to create a lot garbage objects and, as a result, trigger GC.
	It is recommended to disable useCacheForAllThreads by setting -Dorg.apache.ratis.thirdparty.io.netty.allocator.useCacheForAllThreads=false in command line.
2019-08-29 08:23:52,373 [main] INFO  grpc.GrpcConfigKeys$Server (ConfUtils.java:logGet(43)) - raft.grpc.server.port = 0 (default)
2019-08-29 08:23:52,373 [main] INFO  server.GrpcService (ConfUtils.java:logGet(43)) - raft.grpc.message.size.max = 33570816 (custom)
2019-08-29 08:23:52,373 [main] INFO  server.RaftServerConfigKeys (ConfUtils.java:logGet(43)) - raft.server.log.appender.buffer.byte-limit = 33554432 (custom)
2019-08-29 08:23:52,374 [main] INFO  server.GrpcService (ConfUtils.java:logGet(43)) - raft.grpc.flow.control.window = 1MB (=1048576) (default)
2019-08-29 08:23:52,374 [main] INFO  server.RaftServerConfigKeys (ConfUtils.java:logGet(43)) - raft.server.rpc.request.timeout = 3000ms (default)
2019-08-29 08:23:52,374 [main] INFO  server.RaftServerConfigKeys (ConfUtils.java:logGet(43)) - raft.server.storage.dir = [/workdir/hadoop-ozone/integration-test/target/test-dir/MiniOzoneClusterImpl-6291b889-f921-442b-be66-486fed594c04/datanode-2/data/ratis] (custom)
2019-08-29 08:23:52,375 [main] INFO  replication.SimpleContainerDownloader (SimpleContainerDownloader.java:<init>(72)) - Starting container downloader service to copy containers to replicate.
2019-08-29 08:23:52,376 [main] INFO  hdfs.DFSUtil (DFSUtil.java:httpServerTemplateForNNAndJN(1641)) - Starting Web-server for hddsDatanode at: http://0.0.0.0:0
2019-08-29 08:23:52,377 [main] INFO  server.AuthenticationFilter (AuthenticationFilter.java:constructSecretProvider(240)) - Unable to initialize FileSignerSecretProvider, falling back to use random secrets.
2019-08-29 08:23:52,377 [main] WARN  http.HttpRequestLog (HttpRequestLog.java:getRequestLog(97)) - Jetty request log can only be enabled using Log4j
2019-08-29 08:23:52,378 [main] INFO  http.HttpServer2 (HttpServer2.java:addGlobalFilter(975)) - Added global filter 'safety' (class=org.apache.hadoop.http.HttpServer2$QuotingInputFilter)
2019-08-29 08:23:52,379 [main] INFO  http.HttpServer2 (HttpServer2.java:addFilter(948)) - Added filter static_user_filter (class=org.apache.hadoop.http.lib.StaticUserWebFilter$StaticUserFilter) to context hddsDatanode
2019-08-29 08:23:52,379 [main] INFO  http.HttpServer2 (HttpServer2.java:addFilter(958)) - Added filter static_user_filter (class=org.apache.hadoop.http.lib.StaticUserWebFilter$StaticUserFilter) to context static
2019-08-29 08:23:52,379 [main] INFO  http.HttpServer2 (HttpServer2.java:addFilter(958)) - Added filter static_user_filter (class=org.apache.hadoop.http.lib.StaticUserWebFilter$StaticUserFilter) to context logs
2019-08-29 08:23:52,380 [main] INFO  http.HttpServer2 (HttpServer2.java:bindListener(1191)) - Jetty bound to port 35691
2019-08-29 08:23:52,380 [main] INFO  server.Server (Server.java:doStart(351)) - jetty-9.3.24.v20180605, build timestamp: 2018-06-05T17:11:56Z, git hash: 84205aa28f11a4f31f2a3b86d1bba2cc8ab69827
2019-08-29 08:23:52,381 [main] INFO  handler.ContextHandler (ContextHandler.java:doStart(781)) - Started o.e.j.s.ServletContextHandler@1e5e0e75{/logs,file:///workdir/hadoop-ozone/integration-test/target/log,AVAILABLE}
2019-08-29 08:23:52,381 [main] INFO  handler.ContextHandler (ContextHandler.java:doStart(781)) - Started o.e.j.s.ServletContextHandler@12bb0322{/static,jar:file:/home/user/.m2/repository/org/apache/hadoop/hadoop-hdds-container-service/0.5.0-SNAPSHOT/hadoop-hdds-container-service-0.5.0-SNAPSHOT.jar!/webapps/static,AVAILABLE}
2019-08-29 08:23:52,419 [main] INFO  handler.ContextHandler (ContextHandler.java:doStart(781)) - Started o.e.j.w.WebAppContext@3597174b{/,file:///tmp/jetty-0.0.0.0-35691-hddsDatanode-_-any-762532904205901541.dir/webapp/,AVAILABLE}{/hddsDatanode}
2019-08-29 08:23:52,419 [main] INFO  server.AbstractConnector (AbstractConnector.java:doStart(278)) - Started ServerConnector@24a38ef3{HTTP/1.1,[http/1.1]}{0.0.0.0:35691}
2019-08-29 08:23:52,421 [main] INFO  server.Server (Server.java:doStart(419)) - Started @657916ms
2019-08-29 08:23:52,422 [main] INFO  server.BaseHttpServer (BaseHttpServer.java:updateConnectorAddress(213)) - HTTP server of HDDSDATANODE is listening at http://0.0.0.0:35691
2019-08-29 08:23:52,544 | INFO  | ObjectStoreRestHttpServer | Listening HDDS REST traffic on /0.0.0.0:34214 |  
2019-08-29 08:23:52,544 [main] INFO  ozone.HddsDatanodeService (HddsDatanodeService.java:startPlugins(395)) - Started plug-in org.apache.hadoop.ozone.web.OzoneHddsDatanodeService@5771adf3
2019-08-29 08:23:52,544 [main] INFO  impl.MetricsSystemImpl (MetricsSystemImpl.java:init(158)) - HddsDatanode metrics system started (again)
2019-08-29 08:23:52,547 [org.apache.hadoop.util.JvmPauseMonitor$Monitor@75887f04] INFO  util.JvmPauseMonitor (JvmPauseMonitor.java:run(188)) - Starting JVM pause monitor
2019-08-29 08:23:52,547 [main] INFO  ozone.HddsDatanodeService (HddsDatanodeService.java:start(184)) - HddsDatanodeService host:pr-hdds-1569-7rqkn-550228749 ip:192.168.69.89
2019-08-29 08:23:52,548 [Datanode State Machine Thread - 0] INFO  datanode.InitDatanodeState (InitDatanodeState.java:persistContainerDatanodeDetails(140)) - DatanodeDetails is persisted to /workdir/hadoop-ozone/integration-test/target/test-dir/MiniOzoneClusterImpl-6291b889-f921-442b-be66-486fed594c04/datanode-2/meta/datanode.id
2019-08-29 08:23:52,558 [main] INFO  volume.HddsVolume (HddsVolume.java:<init>(176)) - Creating Volume: /workdir/hadoop-ozone/integration-test/target/test-dir/MiniOzoneClusterImpl-6291b889-f921-442b-be66-486fed594c04/datanode-3/data/containers/hdds of  storage type : DISK and capacity : 1482555576320
2019-08-29 08:23:52,559 [main] INFO  volume.VolumeSet (VolumeSet.java:initializeVolumeSet(170)) - Added Volume : /workdir/hadoop-ozone/integration-test/target/test-dir/MiniOzoneClusterImpl-6291b889-f921-442b-be66-486fed594c04/datanode-3/data/containers/hdds to VolumeSet
2019-08-29 08:23:52,559 [main] INFO  volume.ThrottledAsyncChecker (ThrottledAsyncChecker.java:schedule(140)) - Scheduling a check for org.apache.hadoop.ozone.container.common.volume.HddsVolume@7f3616d2
2019-08-29 08:23:52,560 [main] INFO  volume.HddsVolumeChecker (HddsVolumeChecker.java:checkAllVolumes(203)) - Scheduled health check for volume org.apache.hadoop.ozone.container.common.volume.HddsVolume@7f3616d2
2019-08-29 08:23:52,577 [main] INFO  impl.RaftServerProxy (ConfUtils.java:logGet(43)) - raft.rpc.type = GRPC (default)
2019-08-29 08:23:52,577 [main] INFO  grpc.GrpcFactory (GrpcFactory.java:checkPooledByteBufAllocatorUseCacheForAllThreads(45)) - PERFORMANCE WARNING: useCacheForAllThreads is true that may cause Netty to create a lot garbage objects and, as a result, trigger GC.
	It is recommended to disable useCacheForAllThreads by setting -Dorg.apache.ratis.thirdparty.io.netty.allocator.useCacheForAllThreads=false in command line.
2019-08-29 08:23:52,577 [main] INFO  grpc.GrpcConfigKeys$Server (ConfUtils.java:logGet(43)) - raft.grpc.server.port = 0 (default)
2019-08-29 08:23:52,577 [main] INFO  server.GrpcService (ConfUtils.java:logGet(43)) - raft.grpc.message.size.max = 33570816 (custom)
2019-08-29 08:23:52,578 [main] INFO  server.RaftServerConfigKeys (ConfUtils.java:logGet(43)) - raft.server.log.appender.buffer.byte-limit = 33554432 (custom)
2019-08-29 08:23:52,578 [main] INFO  server.GrpcService (ConfUtils.java:logGet(43)) - raft.grpc.flow.control.window = 1MB (=1048576) (default)
2019-08-29 08:23:52,578 [main] INFO  server.RaftServerConfigKeys (ConfUtils.java:logGet(43)) - raft.server.rpc.request.timeout = 3000ms (default)
2019-08-29 08:23:52,579 [main] INFO  server.RaftServerConfigKeys (ConfUtils.java:logGet(43)) - raft.server.storage.dir = [/workdir/hadoop-ozone/integration-test/target/test-dir/MiniOzoneClusterImpl-6291b889-f921-442b-be66-486fed594c04/datanode-3/data/ratis] (custom)
2019-08-29 08:23:52,579 [main] INFO  replication.SimpleContainerDownloader (SimpleContainerDownloader.java:<init>(72)) - Starting container downloader service to copy containers to replicate.
2019-08-29 08:23:52,581 [main] INFO  hdfs.DFSUtil (DFSUtil.java:httpServerTemplateForNNAndJN(1641)) - Starting Web-server for hddsDatanode at: http://0.0.0.0:0
2019-08-29 08:23:52,582 [main] INFO  server.AuthenticationFilter (AuthenticationFilter.java:constructSecretProvider(240)) - Unable to initialize FileSignerSecretProvider, falling back to use random secrets.
2019-08-29 08:23:52,582 [main] WARN  http.HttpRequestLog (HttpRequestLog.java:getRequestLog(97)) - Jetty request log can only be enabled using Log4j
2019-08-29 08:23:52,583 [main] INFO  http.HttpServer2 (HttpServer2.java:addGlobalFilter(975)) - Added global filter 'safety' (class=org.apache.hadoop.http.HttpServer2$QuotingInputFilter)
2019-08-29 08:23:52,584 [main] INFO  http.HttpServer2 (HttpServer2.java:addFilter(948)) - Added filter static_user_filter (class=org.apache.hadoop.http.lib.StaticUserWebFilter$StaticUserFilter) to context hddsDatanode
2019-08-29 08:23:52,584 [main] INFO  http.HttpServer2 (HttpServer2.java:addFilter(958)) - Added filter static_user_filter (class=org.apache.hadoop.http.lib.StaticUserWebFilter$StaticUserFilter) to context logs
2019-08-29 08:23:52,584 [main] INFO  http.HttpServer2 (HttpServer2.java:addFilter(958)) - Added filter static_user_filter (class=org.apache.hadoop.http.lib.StaticUserWebFilter$StaticUserFilter) to context static
2019-08-29 08:23:52,584 [main] INFO  http.HttpServer2 (HttpServer2.java:bindListener(1191)) - Jetty bound to port 39081
2019-08-29 08:23:52,585 [main] INFO  server.Server (Server.java:doStart(351)) - jetty-9.3.24.v20180605, build timestamp: 2018-06-05T17:11:56Z, git hash: 84205aa28f11a4f31f2a3b86d1bba2cc8ab69827
2019-08-29 08:23:52,586 [main] INFO  handler.ContextHandler (ContextHandler.java:doStart(781)) - Started o.e.j.s.ServletContextHandler@2d170dac{/logs,file:///workdir/hadoop-ozone/integration-test/target/log,AVAILABLE}
2019-08-29 08:23:52,586 [main] INFO  handler.ContextHandler (ContextHandler.java:doStart(781)) - Started o.e.j.s.ServletContextHandler@56b4951a{/static,jar:file:/home/user/.m2/repository/org/apache/hadoop/hadoop-hdds-container-service/0.5.0-SNAPSHOT/hadoop-hdds-container-service-0.5.0-SNAPSHOT.jar!/webapps/static,AVAILABLE}
2019-08-29 08:23:52,864 [main] INFO  handler.ContextHandler (ContextHandler.java:doStart(781)) - Started o.e.j.w.WebAppContext@143abb21{/,file:///tmp/jetty-0.0.0.0-39081-hddsDatanode-_-any-7052861575153010654.dir/webapp/,AVAILABLE}{/hddsDatanode}
2019-08-29 08:23:52,875 [main] INFO  server.AbstractConnector (AbstractConnector.java:doStart(278)) - Started ServerConnector@5813046e{HTTP/1.1,[http/1.1]}{0.0.0.0:39081}
2019-08-29 08:23:52,877 [main] INFO  server.Server (Server.java:doStart(419)) - Started @658372ms
2019-08-29 08:23:52,880 [main] INFO  server.BaseHttpServer (BaseHttpServer.java:updateConnectorAddress(213)) - HTTP server of HDDSDATANODE is listening at http://0.0.0.0:39081
2019-08-29 08:23:53,033 | INFO  | ObjectStoreRestHttpServer | Listening HDDS REST traffic on /0.0.0.0:45158 |  
2019-08-29 08:23:53,033 [main] INFO  ozone.HddsDatanodeService (HddsDatanodeService.java:startPlugins(395)) - Started plug-in org.apache.hadoop.ozone.web.OzoneHddsDatanodeService@365ad794
2019-08-29 08:23:53,033 [main] INFO  impl.MetricsSystemImpl (MetricsSystemImpl.java:init(158)) - HddsDatanode metrics system started (again)
2019-08-29 08:23:53,037 [org.apache.hadoop.util.JvmPauseMonitor$Monitor@6fff460a] INFO  util.JvmPauseMonitor (JvmPauseMonitor.java:run(188)) - Starting JVM pause monitor
2019-08-29 08:23:53,037 [main] INFO  ozone.HddsDatanodeService (HddsDatanodeService.java:start(184)) - HddsDatanodeService host:pr-hdds-1569-7rqkn-550228749 ip:192.168.69.89
2019-08-29 08:23:53,038 [Datanode State Machine Thread - 0] INFO  datanode.InitDatanodeState (InitDatanodeState.java:persistContainerDatanodeDetails(140)) - DatanodeDetails is persisted to /workdir/hadoop-ozone/integration-test/target/test-dir/MiniOzoneClusterImpl-6291b889-f921-442b-be66-486fed594c04/datanode-3/meta/datanode.id
2019-08-29 08:23:53,049 [main] INFO  volume.HddsVolume (HddsVolume.java:<init>(176)) - Creating Volume: /workdir/hadoop-ozone/integration-test/target/test-dir/MiniOzoneClusterImpl-6291b889-f921-442b-be66-486fed594c04/datanode-4/data/containers/hdds of  storage type : DISK and capacity : 1482555576320
2019-08-29 08:23:53,049 [main] INFO  volume.VolumeSet (VolumeSet.java:initializeVolumeSet(170)) - Added Volume : /workdir/hadoop-ozone/integration-test/target/test-dir/MiniOzoneClusterImpl-6291b889-f921-442b-be66-486fed594c04/datanode-4/data/containers/hdds to VolumeSet
2019-08-29 08:23:53,049 [main] INFO  volume.ThrottledAsyncChecker (ThrottledAsyncChecker.java:schedule(140)) - Scheduling a check for org.apache.hadoop.ozone.container.common.volume.HddsVolume@4d2dc60
2019-08-29 08:23:53,050 [main] INFO  volume.HddsVolumeChecker (HddsVolumeChecker.java:checkAllVolumes(203)) - Scheduled health check for volume org.apache.hadoop.ozone.container.common.volume.HddsVolume@4d2dc60
2019-08-29 08:23:53,063 [main] INFO  impl.RaftServerProxy (ConfUtils.java:logGet(43)) - raft.rpc.type = GRPC (default)
2019-08-29 08:23:53,063 [main] INFO  grpc.GrpcFactory (GrpcFactory.java:checkPooledByteBufAllocatorUseCacheForAllThreads(45)) - PERFORMANCE WARNING: useCacheForAllThreads is true that may cause Netty to create a lot garbage objects and, as a result, trigger GC.
	It is recommended to disable useCacheForAllThreads by setting -Dorg.apache.ratis.thirdparty.io.netty.allocator.useCacheForAllThreads=false in command line.
2019-08-29 08:23:53,064 [main] INFO  grpc.GrpcConfigKeys$Server (ConfUtils.java:logGet(43)) - raft.grpc.server.port = 0 (default)
2019-08-29 08:23:53,064 [main] INFO  server.GrpcService (ConfUtils.java:logGet(43)) - raft.grpc.message.size.max = 33570816 (custom)
2019-08-29 08:23:53,064 [main] INFO  server.RaftServerConfigKeys (ConfUtils.java:logGet(43)) - raft.server.log.appender.buffer.byte-limit = 33554432 (custom)
2019-08-29 08:23:53,064 [main] INFO  server.GrpcService (ConfUtils.java:logGet(43)) - raft.grpc.flow.control.window = 1MB (=1048576) (default)
2019-08-29 08:23:53,065 [main] INFO  server.RaftServerConfigKeys (ConfUtils.java:logGet(43)) - raft.server.rpc.request.timeout = 3000ms (default)
2019-08-29 08:23:53,065 [main] INFO  server.RaftServerConfigKeys (ConfUtils.java:logGet(43)) - raft.server.storage.dir = [/workdir/hadoop-ozone/integration-test/target/test-dir/MiniOzoneClusterImpl-6291b889-f921-442b-be66-486fed594c04/datanode-4/data/ratis] (custom)
2019-08-29 08:23:53,066 [main] INFO  replication.SimpleContainerDownloader (SimpleContainerDownloader.java:<init>(72)) - Starting container downloader service to copy containers to replicate.
2019-08-29 08:23:53,067 [main] INFO  hdfs.DFSUtil (DFSUtil.java:httpServerTemplateForNNAndJN(1641)) - Starting Web-server for hddsDatanode at: http://0.0.0.0:0
2019-08-29 08:23:53,068 [main] INFO  server.AuthenticationFilter (AuthenticationFilter.java:constructSecretProvider(240)) - Unable to initialize FileSignerSecretProvider, falling back to use random secrets.
2019-08-29 08:23:53,068 [main] WARN  http.HttpRequestLog (HttpRequestLog.java:getRequestLog(97)) - Jetty request log can only be enabled using Log4j
2019-08-29 08:23:53,070 [main] INFO  http.HttpServer2 (HttpServer2.java:addGlobalFilter(975)) - Added global filter 'safety' (class=org.apache.hadoop.http.HttpServer2$QuotingInputFilter)
2019-08-29 08:23:53,070 [main] INFO  http.HttpServer2 (HttpServer2.java:addFilter(948)) - Added filter static_user_filter (class=org.apache.hadoop.http.lib.StaticUserWebFilter$StaticUserFilter) to context hddsDatanode
2019-08-29 08:23:53,070 [main] INFO  http.HttpServer2 (HttpServer2.java:addFilter(958)) - Added filter static_user_filter (class=org.apache.hadoop.http.lib.StaticUserWebFilter$StaticUserFilter) to context logs
2019-08-29 08:23:53,070 [main] INFO  http.HttpServer2 (HttpServer2.java:addFilter(958)) - Added filter static_user_filter (class=org.apache.hadoop.http.lib.StaticUserWebFilter$StaticUserFilter) to context static
2019-08-29 08:23:53,071 [main] INFO  http.HttpServer2 (HttpServer2.java:bindListener(1191)) - Jetty bound to port 36830
2019-08-29 08:23:53,071 [main] INFO  server.Server (Server.java:doStart(351)) - jetty-9.3.24.v20180605, build timestamp: 2018-06-05T17:11:56Z, git hash: 84205aa28f11a4f31f2a3b86d1bba2cc8ab69827
2019-08-29 08:23:53,072 [main] INFO  handler.ContextHandler (ContextHandler.java:doStart(781)) - Started o.e.j.s.ServletContextHandler@189f5ed8{/logs,file:///workdir/hadoop-ozone/integration-test/target/log,AVAILABLE}
2019-08-29 08:23:53,073 [main] INFO  handler.ContextHandler (ContextHandler.java:doStart(781)) - Started o.e.j.s.ServletContextHandler@5eb974{/static,jar:file:/home/user/.m2/repository/org/apache/hadoop/hadoop-hdds-container-service/0.5.0-SNAPSHOT/hadoop-hdds-container-service-0.5.0-SNAPSHOT.jar!/webapps/static,AVAILABLE}
2019-08-29 08:23:53,111 [main] INFO  handler.ContextHandler (ContextHandler.java:doStart(781)) - Started o.e.j.w.WebAppContext@22120799{/,file:///tmp/jetty-0.0.0.0-36830-hddsDatanode-_-any-9145874971803381230.dir/webapp/,AVAILABLE}{/hddsDatanode}
2019-08-29 08:23:53,112 [main] INFO  server.AbstractConnector (AbstractConnector.java:doStart(278)) - Started ServerConnector@3adbfd16{HTTP/1.1,[http/1.1]}{0.0.0.0:36830}
2019-08-29 08:23:53,113 [main] INFO  server.Server (Server.java:doStart(419)) - Started @658608ms
2019-08-29 08:23:53,114 [main] INFO  server.BaseHttpServer (BaseHttpServer.java:updateConnectorAddress(213)) - HTTP server of HDDSDATANODE is listening at http://0.0.0.0:36830
2019-08-29 08:23:53,251 | INFO  | ObjectStoreRestHttpServer | Listening HDDS REST traffic on /0.0.0.0:36886 |  
2019-08-29 08:23:53,251 [main] INFO  ozone.HddsDatanodeService (HddsDatanodeService.java:startPlugins(395)) - Started plug-in org.apache.hadoop.ozone.web.OzoneHddsDatanodeService@29e40db1
2019-08-29 08:23:53,252 [main] INFO  impl.MetricsSystemImpl (MetricsSystemImpl.java:init(158)) - HddsDatanode metrics system started (again)
2019-08-29 08:23:53,256 [org.apache.hadoop.util.JvmPauseMonitor$Monitor@1a6b7326] INFO  util.JvmPauseMonitor (JvmPauseMonitor.java:run(188)) - Starting JVM pause monitor
2019-08-29 08:23:53,256 [main] INFO  ozone.HddsDatanodeService (HddsDatanodeService.java:start(184)) - HddsDatanodeService host:pr-hdds-1569-7rqkn-550228749 ip:192.168.69.89
2019-08-29 08:23:53,257 [Datanode State Machine Thread - 0] INFO  datanode.InitDatanodeState (InitDatanodeState.java:persistContainerDatanodeDetails(140)) - DatanodeDetails is persisted to /workdir/hadoop-ozone/integration-test/target/test-dir/MiniOzoneClusterImpl-6291b889-f921-442b-be66-486fed594c04/datanode-4/meta/datanode.id
2019-08-29 08:23:53,270 [main] INFO  volume.HddsVolume (HddsVolume.java:<init>(176)) - Creating Volume: /workdir/hadoop-ozone/integration-test/target/test-dir/MiniOzoneClusterImpl-6291b889-f921-442b-be66-486fed594c04/datanode-5/data/containers/hdds of  storage type : DISK and capacity : 1482555576320
2019-08-29 08:23:53,270 [main] INFO  volume.VolumeSet (VolumeSet.java:initializeVolumeSet(170)) - Added Volume : /workdir/hadoop-ozone/integration-test/target/test-dir/MiniOzoneClusterImpl-6291b889-f921-442b-be66-486fed594c04/datanode-5/data/containers/hdds to VolumeSet
2019-08-29 08:23:53,271 [main] INFO  volume.ThrottledAsyncChecker (ThrottledAsyncChecker.java:schedule(140)) - Scheduling a check for org.apache.hadoop.ozone.container.common.volume.HddsVolume@3e93ee71
2019-08-29 08:23:53,271 [main] INFO  volume.HddsVolumeChecker (HddsVolumeChecker.java:checkAllVolumes(203)) - Scheduled health check for volume org.apache.hadoop.ozone.container.common.volume.HddsVolume@3e93ee71
2019-08-29 08:23:53,284 [main] INFO  impl.RaftServerProxy (ConfUtils.java:logGet(43)) - raft.rpc.type = GRPC (default)
2019-08-29 08:23:53,284 [main] INFO  grpc.GrpcFactory (GrpcFactory.java:checkPooledByteBufAllocatorUseCacheForAllThreads(45)) - PERFORMANCE WARNING: useCacheForAllThreads is true that may cause Netty to create a lot garbage objects and, as a result, trigger GC.
	It is recommended to disable useCacheForAllThreads by setting -Dorg.apache.ratis.thirdparty.io.netty.allocator.useCacheForAllThreads=false in command line.
2019-08-29 08:23:53,284 [main] INFO  grpc.GrpcConfigKeys$Server (ConfUtils.java:logGet(43)) - raft.grpc.server.port = 0 (default)
2019-08-29 08:23:53,284 [main] INFO  server.GrpcService (ConfUtils.java:logGet(43)) - raft.grpc.message.size.max = 33570816 (custom)
2019-08-29 08:23:53,284 [main] INFO  server.RaftServerConfigKeys (ConfUtils.java:logGet(43)) - raft.server.log.appender.buffer.byte-limit = 33554432 (custom)
2019-08-29 08:23:53,285 [main] INFO  server.GrpcService (ConfUtils.java:logGet(43)) - raft.grpc.flow.control.window = 1MB (=1048576) (default)
2019-08-29 08:23:53,285 [main] INFO  server.RaftServerConfigKeys (ConfUtils.java:logGet(43)) - raft.server.rpc.request.timeout = 3000ms (default)
2019-08-29 08:23:53,285 [main] INFO  server.RaftServerConfigKeys (ConfUtils.java:logGet(43)) - raft.server.storage.dir = [/workdir/hadoop-ozone/integration-test/target/test-dir/MiniOzoneClusterImpl-6291b889-f921-442b-be66-486fed594c04/datanode-5/data/ratis] (custom)
2019-08-29 08:23:53,286 [main] INFO  replication.SimpleContainerDownloader (SimpleContainerDownloader.java:<init>(72)) - Starting container downloader service to copy containers to replicate.
2019-08-29 08:23:53,287 [main] INFO  hdfs.DFSUtil (DFSUtil.java:httpServerTemplateForNNAndJN(1641)) - Starting Web-server for hddsDatanode at: http://0.0.0.0:0
2019-08-29 08:23:53,288 [main] INFO  server.AuthenticationFilter (AuthenticationFilter.java:constructSecretProvider(240)) - Unable to initialize FileSignerSecretProvider, falling back to use random secrets.
2019-08-29 08:23:53,288 [main] WARN  http.HttpRequestLog (HttpRequestLog.java:getRequestLog(97)) - Jetty request log can only be enabled using Log4j
2019-08-29 08:23:53,289 [main] INFO  http.HttpServer2 (HttpServer2.java:addGlobalFilter(975)) - Added global filter 'safety' (class=org.apache.hadoop.http.HttpServer2$QuotingInputFilter)
2019-08-29 08:23:53,290 [main] INFO  http.HttpServer2 (HttpServer2.java:addFilter(948)) - Added filter static_user_filter (class=org.apache.hadoop.http.lib.StaticUserWebFilter$StaticUserFilter) to context hddsDatanode
2019-08-29 08:23:53,290 [main] INFO  http.HttpServer2 (HttpServer2.java:addFilter(958)) - Added filter static_user_filter (class=org.apache.hadoop.http.lib.StaticUserWebFilter$StaticUserFilter) to context static
2019-08-29 08:23:53,290 [main] INFO  http.HttpServer2 (HttpServer2.java:addFilter(958)) - Added filter static_user_filter (class=org.apache.hadoop.http.lib.StaticUserWebFilter$StaticUserFilter) to context logs
2019-08-29 08:23:53,290 [main] INFO  http.HttpServer2 (HttpServer2.java:bindListener(1191)) - Jetty bound to port 38167
2019-08-29 08:23:53,291 [main] INFO  server.Server (Server.java:doStart(351)) - jetty-9.3.24.v20180605, build timestamp: 2018-06-05T17:11:56Z, git hash: 84205aa28f11a4f31f2a3b86d1bba2cc8ab69827
2019-08-29 08:23:53,292 [main] INFO  handler.ContextHandler (ContextHandler.java:doStart(781)) - Started o.e.j.s.ServletContextHandler@1181a376{/logs,file:///workdir/hadoop-ozone/integration-test/target/log,AVAILABLE}
2019-08-29 08:23:53,292 [main] INFO  handler.ContextHandler (ContextHandler.java:doStart(781)) - Started o.e.j.s.ServletContextHandler@5b628376{/static,jar:file:/home/user/.m2/repository/org/apache/hadoop/hadoop-hdds-container-service/0.5.0-SNAPSHOT/hadoop-hdds-container-service-0.5.0-SNAPSHOT.jar!/webapps/static,AVAILABLE}
2019-08-29 08:23:53,319 [main] INFO  handler.ContextHandler (ContextHandler.java:doStart(781)) - Started o.e.j.w.WebAppContext@20395afe{/,file:///tmp/jetty-0.0.0.0-38167-hddsDatanode-_-any-5797733349037076901.dir/webapp/,AVAILABLE}{/hddsDatanode}
2019-08-29 08:23:53,319 [main] INFO  server.AbstractConnector (AbstractConnector.java:doStart(278)) - Started ServerConnector@2dfdea3a{HTTP/1.1,[http/1.1]}{0.0.0.0:38167}
2019-08-29 08:23:53,320 [main] INFO  server.Server (Server.java:doStart(419)) - Started @658816ms
2019-08-29 08:23:53,321 [main] INFO  server.BaseHttpServer (BaseHttpServer.java:updateConnectorAddress(213)) - HTTP server of HDDSDATANODE is listening at http://0.0.0.0:38167
2019-08-29 08:23:53,447 | INFO  | ObjectStoreRestHttpServer | Listening HDDS REST traffic on /0.0.0.0:34476 |  
2019-08-29 08:23:53,447 [main] INFO  ozone.HddsDatanodeService (HddsDatanodeService.java:startPlugins(395)) - Started plug-in org.apache.hadoop.ozone.web.OzoneHddsDatanodeService@4127dcdb
2019-08-29 08:23:53,447 [main] INFO  impl.MetricsSystemImpl (MetricsSystemImpl.java:init(158)) - HddsDatanode metrics system started (again)
2019-08-29 08:23:53,451 [org.apache.hadoop.util.JvmPauseMonitor$Monitor@5771782d] INFO  util.JvmPauseMonitor (JvmPauseMonitor.java:run(188)) - Starting JVM pause monitor
2019-08-29 08:23:53,452 [main] INFO  ozone.HddsDatanodeService (HddsDatanodeService.java:start(184)) - HddsDatanodeService host:pr-hdds-1569-7rqkn-550228749 ip:192.168.69.89
2019-08-29 08:23:53,452 [Datanode State Machine Thread - 0] INFO  datanode.InitDatanodeState (InitDatanodeState.java:persistContainerDatanodeDetails(140)) - DatanodeDetails is persisted to /workdir/hadoop-ozone/integration-test/target/test-dir/MiniOzoneClusterImpl-6291b889-f921-442b-be66-486fed594c04/datanode-5/meta/datanode.id
2019-08-29 08:23:53,461 [main] INFO  volume.HddsVolume (HddsVolume.java:<init>(176)) - Creating Volume: /workdir/hadoop-ozone/integration-test/target/test-dir/MiniOzoneClusterImpl-6291b889-f921-442b-be66-486fed594c04/datanode-6/data/containers/hdds of  storage type : DISK and capacity : 1482555576320
2019-08-29 08:23:53,461 [main] INFO  volume.VolumeSet (VolumeSet.java:initializeVolumeSet(170)) - Added Volume : /workdir/hadoop-ozone/integration-test/target/test-dir/MiniOzoneClusterImpl-6291b889-f921-442b-be66-486fed594c04/datanode-6/data/containers/hdds to VolumeSet
2019-08-29 08:23:53,461 [main] INFO  volume.ThrottledAsyncChecker (ThrottledAsyncChecker.java:schedule(140)) - Scheduling a check for org.apache.hadoop.ozone.container.common.volume.HddsVolume@3f27a95b
2019-08-29 08:23:53,461 [main] INFO  volume.HddsVolumeChecker (HddsVolumeChecker.java:checkAllVolumes(203)) - Scheduled health check for volume org.apache.hadoop.ozone.container.common.volume.HddsVolume@3f27a95b
2019-08-29 08:23:53,474 [main] INFO  impl.RaftServerProxy (ConfUtils.java:logGet(43)) - raft.rpc.type = GRPC (default)
2019-08-29 08:23:53,475 [main] INFO  grpc.GrpcFactory (GrpcFactory.java:checkPooledByteBufAllocatorUseCacheForAllThreads(45)) - PERFORMANCE WARNING: useCacheForAllThreads is true that may cause Netty to create a lot garbage objects and, as a result, trigger GC.
	It is recommended to disable useCacheForAllThreads by setting -Dorg.apache.ratis.thirdparty.io.netty.allocator.useCacheForAllThreads=false in command line.
2019-08-29 08:23:53,475 [main] INFO  grpc.GrpcConfigKeys$Server (ConfUtils.java:logGet(43)) - raft.grpc.server.port = 0 (default)
2019-08-29 08:23:53,475 [main] INFO  server.GrpcService (ConfUtils.java:logGet(43)) - raft.grpc.message.size.max = 33570816 (custom)
2019-08-29 08:23:53,475 [main] INFO  server.RaftServerConfigKeys (ConfUtils.java:logGet(43)) - raft.server.log.appender.buffer.byte-limit = 33554432 (custom)
2019-08-29 08:23:53,475 [main] INFO  server.GrpcService (ConfUtils.java:logGet(43)) - raft.grpc.flow.control.window = 1MB (=1048576) (default)
2019-08-29 08:23:53,475 [main] INFO  server.RaftServerConfigKeys (ConfUtils.java:logGet(43)) - raft.server.rpc.request.timeout = 3000ms (default)
2019-08-29 08:23:53,476 [main] INFO  server.RaftServerConfigKeys (ConfUtils.java:logGet(43)) - raft.server.storage.dir = [/workdir/hadoop-ozone/integration-test/target/test-dir/MiniOzoneClusterImpl-6291b889-f921-442b-be66-486fed594c04/datanode-6/data/ratis] (custom)
2019-08-29 08:23:53,476 [main] INFO  replication.SimpleContainerDownloader (SimpleContainerDownloader.java:<init>(72)) - Starting container downloader service to copy containers to replicate.
2019-08-29 08:23:53,477 [main] INFO  hdfs.DFSUtil (DFSUtil.java:httpServerTemplateForNNAndJN(1641)) - Starting Web-server for hddsDatanode at: http://0.0.0.0:0
2019-08-29 08:23:53,478 [main] INFO  server.AuthenticationFilter (AuthenticationFilter.java:constructSecretProvider(240)) - Unable to initialize FileSignerSecretProvider, falling back to use random secrets.
2019-08-29 08:23:53,479 [main] WARN  http.HttpRequestLog (HttpRequestLog.java:getRequestLog(97)) - Jetty request log can only be enabled using Log4j
2019-08-29 08:23:53,480 [main] INFO  http.HttpServer2 (HttpServer2.java:addGlobalFilter(975)) - Added global filter 'safety' (class=org.apache.hadoop.http.HttpServer2$QuotingInputFilter)
2019-08-29 08:23:53,480 [main] INFO  http.HttpServer2 (HttpServer2.java:addFilter(948)) - Added filter static_user_filter (class=org.apache.hadoop.http.lib.StaticUserWebFilter$StaticUserFilter) to context hddsDatanode
2019-08-29 08:23:53,481 [main] INFO  http.HttpServer2 (HttpServer2.java:addFilter(958)) - Added filter static_user_filter (class=org.apache.hadoop.http.lib.StaticUserWebFilter$StaticUserFilter) to context static
2019-08-29 08:23:53,481 [main] INFO  http.HttpServer2 (HttpServer2.java:addFilter(958)) - Added filter static_user_filter (class=org.apache.hadoop.http.lib.StaticUserWebFilter$StaticUserFilter) to context logs
2019-08-29 08:23:53,481 [main] INFO  http.HttpServer2 (HttpServer2.java:bindListener(1191)) - Jetty bound to port 40149
2019-08-29 08:23:53,482 [main] INFO  server.Server (Server.java:doStart(351)) - jetty-9.3.24.v20180605, build timestamp: 2018-06-05T17:11:56Z, git hash: 84205aa28f11a4f31f2a3b86d1bba2cc8ab69827
2019-08-29 08:23:53,483 [main] INFO  handler.ContextHandler (ContextHandler.java:doStart(781)) - Started o.e.j.s.ServletContextHandler@350a3df3{/logs,file:///workdir/hadoop-ozone/integration-test/target/log,AVAILABLE}
2019-08-29 08:23:53,483 [main] INFO  handler.ContextHandler (ContextHandler.java:doStart(781)) - Started o.e.j.s.ServletContextHandler@65d28ad4{/static,jar:file:/home/user/.m2/repository/org/apache/hadoop/hadoop-hdds-container-service/0.5.0-SNAPSHOT/hadoop-hdds-container-service-0.5.0-SNAPSHOT.jar!/webapps/static,AVAILABLE}
2019-08-29 08:23:53,513 [main] INFO  handler.ContextHandler (ContextHandler.java:doStart(781)) - Started o.e.j.w.WebAppContext@2769d577{/,file:///tmp/jetty-0.0.0.0-40149-hddsDatanode-_-any-617881146078824930.dir/webapp/,AVAILABLE}{/hddsDatanode}
2019-08-29 08:23:53,514 [main] INFO  server.AbstractConnector (AbstractConnector.java:doStart(278)) - Started ServerConnector@25297d52{HTTP/1.1,[http/1.1]}{0.0.0.0:40149}
2019-08-29 08:23:53,516 [main] INFO  server.Server (Server.java:doStart(419)) - Started @659011ms
2019-08-29 08:23:53,517 [main] INFO  server.BaseHttpServer (BaseHttpServer.java:updateConnectorAddress(213)) - HTTP server of HDDSDATANODE is listening at http://0.0.0.0:40149
2019-08-29 08:23:53,632 | INFO  | ObjectStoreRestHttpServer | Listening HDDS REST traffic on /0.0.0.0:43671 |  
2019-08-29 08:23:53,632 [main] INFO  ozone.HddsDatanodeService (HddsDatanodeService.java:startPlugins(395)) - Started plug-in org.apache.hadoop.ozone.web.OzoneHddsDatanodeService@5ce1b67b
2019-08-29 08:23:53,632 [main] INFO  ozone.MiniOzoneClusterImpl (MiniOzoneClusterImpl.java:lambda$waitForClusterToBeReady$0(142)) - Waiting for cluster to be ready. Got 0 of 7 DN Heartbeats.
2019-08-29 08:23:53,633 [org.apache.hadoop.util.JvmPauseMonitor$Monitor@5105a609] INFO  util.JvmPauseMonitor (JvmPauseMonitor.java:run(188)) - Starting JVM pause monitor
2019-08-29 08:23:53,634 [Datanode State Machine Thread - 0] INFO  datanode.InitDatanodeState (InitDatanodeState.java:persistContainerDatanodeDetails(140)) - DatanodeDetails is persisted to /workdir/hadoop-ozone/integration-test/target/test-dir/MiniOzoneClusterImpl-6291b889-f921-442b-be66-486fed594c04/datanode-6/meta/datanode.id
2019-08-29 08:23:54,143 | INFO  | SCMAudit | user=jenkins1000 | ip=192.168.69.89 | op=GET_VERSION null | ret=SUCCESS |  
2019-08-29 08:23:54,162 [Datanode State Machine Thread - 0] INFO  ozoneimpl.OzoneContainer (OzoneContainer.java:start(186)) - Attempting to start container services.
2019-08-29 08:23:54,162 [Datanode State Machine Thread - 0] INFO  ozoneimpl.OzoneContainer (OzoneContainer.java:startContainerScrub(160)) - Background container scrubber has been disabled by hdds.containerscrub.enabled
2019-08-29 08:23:54,162 [Datanode State Machine Thread - 0] INFO  ratis.XceiverServerRatis (XceiverServerRatis.java:start(404)) - Starting XceiverServerRatis 0fa1021d-9840-440b-95fc-3f35327e9810 at port 0
2019-08-29 08:23:54,168 [Datanode State Machine Thread - 0] INFO  impl.RaftServerProxy (RaftServerProxy.java:lambda$start$3(299)) - 0fa1021d-9840-440b-95fc-3f35327e9810: start RPC server
2019-08-29 08:23:54,169 [Datanode State Machine Thread - 0] INFO  server.GrpcService (GrpcService.java:startImpl(149)) - 0fa1021d-9840-440b-95fc-3f35327e9810: GrpcService started, listening on 0.0.0.0/0.0.0.0:41905
2019-08-29 08:23:54,170 [Datanode State Machine Thread - 0] INFO  ratis.XceiverServerRatis (XceiverServerRatis.java:start(414)) - XceiverServerRatis 0fa1021d-9840-440b-95fc-3f35327e9810 is started using port 41905
2019-08-29 08:23:54,171 [Datanode State Machine Thread - 0] INFO  server.XceiverServerGrpc (XceiverServerGrpc.java:start(163)) - XceiverServerGrpc 0fa1021d-9840-440b-95fc-3f35327e9810 is started using port 38558
2019-08-29 08:23:54,350 | INFO  | SCMAudit | user=jenkins1000 | ip=192.168.69.89 | op=GET_VERSION null | ret=SUCCESS |  
2019-08-29 08:23:54,367 [Datanode State Machine Thread - 0] INFO  ozoneimpl.OzoneContainer (OzoneContainer.java:start(186)) - Attempting to start container services.
2019-08-29 08:23:54,367 [Datanode State Machine Thread - 0] INFO  ozoneimpl.OzoneContainer (OzoneContainer.java:startContainerScrub(160)) - Background container scrubber has been disabled by hdds.containerscrub.enabled
2019-08-29 08:23:54,367 [Datanode State Machine Thread - 0] INFO  ratis.XceiverServerRatis (XceiverServerRatis.java:start(404)) - Starting XceiverServerRatis ee5c7872-3dc8-4a1b-b96f-cbf662dd320f at port 0
2019-08-29 08:23:54,374 [Datanode State Machine Thread - 0] INFO  impl.RaftServerProxy (RaftServerProxy.java:lambda$start$3(299)) - ee5c7872-3dc8-4a1b-b96f-cbf662dd320f: start RPC server
2019-08-29 08:23:54,381 [Datanode State Machine Thread - 0] INFO  server.GrpcService (GrpcService.java:startImpl(149)) - ee5c7872-3dc8-4a1b-b96f-cbf662dd320f: GrpcService started, listening on 0.0.0.0/0.0.0.0:41195
2019-08-29 08:23:54,382 [Datanode State Machine Thread - 0] INFO  ratis.XceiverServerRatis (XceiverServerRatis.java:start(414)) - XceiverServerRatis ee5c7872-3dc8-4a1b-b96f-cbf662dd320f is started using port 41195
2019-08-29 08:23:54,382 [Datanode State Machine Thread - 0] INFO  server.XceiverServerGrpc (XceiverServerGrpc.java:start(163)) - XceiverServerGrpc ee5c7872-3dc8-4a1b-b96f-cbf662dd320f is started using port 34406
2019-08-29 08:23:54,547 | INFO  | SCMAudit | user=jenkins1000 | ip=192.168.69.89 | op=GET_VERSION null | ret=SUCCESS |  
2019-08-29 08:23:54,632 [main] INFO  ozone.MiniOzoneClusterImpl (MiniOzoneClusterImpl.java:lambda$waitForClusterToBeReady$0(142)) - Waiting for cluster to be ready. Got 0 of 7 DN Heartbeats.
2019-08-29 08:23:54,641 [Datanode State Machine Thread - 0] INFO  ozoneimpl.OzoneContainer (OzoneContainer.java:start(186)) - Attempting to start container services.
2019-08-29 08:23:54,641 [Datanode State Machine Thread - 0] INFO  ozoneimpl.OzoneContainer (OzoneContainer.java:startContainerScrub(160)) - Background container scrubber has been disabled by hdds.containerscrub.enabled
2019-08-29 08:23:54,642 [Datanode State Machine Thread - 0] INFO  ratis.XceiverServerRatis (XceiverServerRatis.java:start(404)) - Starting XceiverServerRatis f3af49b3-6b43-4dcd-87a2-e9c9c1638f7b at port 0
2019-08-29 08:23:54,647 [Datanode State Machine Thread - 0] INFO  impl.RaftServerProxy (RaftServerProxy.java:lambda$start$3(299)) - f3af49b3-6b43-4dcd-87a2-e9c9c1638f7b: start RPC server
2019-08-29 08:23:54,650 [Datanode State Machine Thread - 0] INFO  server.GrpcService (GrpcService.java:startImpl(149)) - f3af49b3-6b43-4dcd-87a2-e9c9c1638f7b: GrpcService started, listening on 0.0.0.0/0.0.0.0:34870
2019-08-29 08:23:54,650 [Datanode State Machine Thread - 0] INFO  ratis.XceiverServerRatis (XceiverServerRatis.java:start(414)) - XceiverServerRatis f3af49b3-6b43-4dcd-87a2-e9c9c1638f7b is started using port 34870
2019-08-29 08:23:54,657 [Datanode State Machine Thread - 0] INFO  server.XceiverServerGrpc (XceiverServerGrpc.java:start(163)) - XceiverServerGrpc f3af49b3-6b43-4dcd-87a2-e9c9c1638f7b is started using port 45070
2019-08-29 08:23:55,037 | INFO  | SCMAudit | user=jenkins1000 | ip=192.168.69.89 | op=GET_VERSION null | ret=SUCCESS |  
2019-08-29 08:23:55,062 [Datanode State Machine Thread - 0] INFO  ozoneimpl.OzoneContainer (OzoneContainer.java:start(186)) - Attempting to start container services.
2019-08-29 08:23:55,062 [Datanode State Machine Thread - 0] INFO  ozoneimpl.OzoneContainer (OzoneContainer.java:startContainerScrub(160)) - Background container scrubber has been disabled by hdds.containerscrub.enabled
2019-08-29 08:23:55,063 [Datanode State Machine Thread - 0] INFO  ratis.XceiverServerRatis (XceiverServerRatis.java:start(404)) - Starting XceiverServerRatis 2bf2abbb-f03d-4b0e-b27d-2c376d4bd519 at port 0
2019-08-29 08:23:55,069 [Datanode State Machine Thread - 0] INFO  impl.RaftServerProxy (RaftServerProxy.java:lambda$start$3(299)) - 2bf2abbb-f03d-4b0e-b27d-2c376d4bd519: start RPC server
2019-08-29 08:23:55,070 [Datanode State Machine Thread - 0] INFO  server.GrpcService (GrpcService.java:startImpl(149)) - 2bf2abbb-f03d-4b0e-b27d-2c376d4bd519: GrpcService started, listening on 0.0.0.0/0.0.0.0:37716
2019-08-29 08:23:55,070 [Datanode State Machine Thread - 0] INFO  ratis.XceiverServerRatis (XceiverServerRatis.java:start(414)) - XceiverServerRatis 2bf2abbb-f03d-4b0e-b27d-2c376d4bd519 is started using port 37716
2019-08-29 08:23:55,071 [Datanode State Machine Thread - 0] INFO  server.XceiverServerGrpc (XceiverServerGrpc.java:start(163)) - XceiverServerGrpc 2bf2abbb-f03d-4b0e-b27d-2c376d4bd519 is started using port 34168
2019-08-29 08:23:55,256 | INFO  | SCMAudit | user=jenkins1000 | ip=192.168.69.89 | op=GET_VERSION null | ret=SUCCESS |  
2019-08-29 08:23:55,276 [Datanode State Machine Thread - 0] INFO  ozoneimpl.OzoneContainer (OzoneContainer.java:start(186)) - Attempting to start container services.
2019-08-29 08:23:55,276 [Datanode State Machine Thread - 0] INFO  ozoneimpl.OzoneContainer (OzoneContainer.java:startContainerScrub(160)) - Background container scrubber has been disabled by hdds.containerscrub.enabled
2019-08-29 08:23:55,276 [Datanode State Machine Thread - 0] INFO  ratis.XceiverServerRatis (XceiverServerRatis.java:start(404)) - Starting XceiverServerRatis 4e4fc70f-7137-48e5-bce3-ed99a5fefc67 at port 0
2019-08-29 08:23:55,283 [Datanode State Machine Thread - 0] INFO  impl.RaftServerProxy (RaftServerProxy.java:lambda$start$3(299)) - 4e4fc70f-7137-48e5-bce3-ed99a5fefc67: start RPC server
2019-08-29 08:23:55,284 [Datanode State Machine Thread - 0] INFO  server.GrpcService (GrpcService.java:startImpl(149)) - 4e4fc70f-7137-48e5-bce3-ed99a5fefc67: GrpcService started, listening on 0.0.0.0/0.0.0.0:34375
2019-08-29 08:23:55,284 [Datanode State Machine Thread - 0] INFO  ratis.XceiverServerRatis (XceiverServerRatis.java:start(414)) - XceiverServerRatis 4e4fc70f-7137-48e5-bce3-ed99a5fefc67 is started using port 34375
2019-08-29 08:23:55,285 [Datanode State Machine Thread - 0] INFO  server.XceiverServerGrpc (XceiverServerGrpc.java:start(163)) - XceiverServerGrpc 4e4fc70f-7137-48e5-bce3-ed99a5fefc67 is started using port 36860
2019-08-29 08:23:55,452 | INFO  | SCMAudit | user=jenkins1000 | ip=192.168.69.89 | op=GET_VERSION null | ret=SUCCESS |  
2019-08-29 08:23:55,476 [Datanode State Machine Thread - 0] INFO  ozoneimpl.OzoneContainer (OzoneContainer.java:start(186)) - Attempting to start container services.
2019-08-29 08:23:55,476 [Datanode State Machine Thread - 0] INFO  ozoneimpl.OzoneContainer (OzoneContainer.java:startContainerScrub(160)) - Background container scrubber has been disabled by hdds.containerscrub.enabled
2019-08-29 08:23:55,476 [Datanode State Machine Thread - 0] INFO  ratis.XceiverServerRatis (XceiverServerRatis.java:start(404)) - Starting XceiverServerRatis 94e856c7-b0ce-4c30-ba6b-01ce82d994d4 at port 0
2019-08-29 08:23:55,483 [Datanode State Machine Thread - 0] INFO  impl.RaftServerProxy (RaftServerProxy.java:lambda$start$3(299)) - 94e856c7-b0ce-4c30-ba6b-01ce82d994d4: start RPC server
2019-08-29 08:23:55,484 [Datanode State Machine Thread - 0] INFO  server.GrpcService (GrpcService.java:startImpl(149)) - 94e856c7-b0ce-4c30-ba6b-01ce82d994d4: GrpcService started, listening on 0.0.0.0/0.0.0.0:39647
2019-08-29 08:23:55,484 [Datanode State Machine Thread - 0] INFO  ratis.XceiverServerRatis (XceiverServerRatis.java:start(414)) - XceiverServerRatis 94e856c7-b0ce-4c30-ba6b-01ce82d994d4 is started using port 39647
2019-08-29 08:23:55,488 [Datanode State Machine Thread - 0] INFO  server.XceiverServerGrpc (XceiverServerGrpc.java:start(163)) - XceiverServerGrpc 94e856c7-b0ce-4c30-ba6b-01ce82d994d4 is started using port 38364
2019-08-29 08:23:55,633 [main] INFO  ozone.MiniOzoneClusterImpl (MiniOzoneClusterImpl.java:lambda$waitForClusterToBeReady$0(142)) - Waiting for cluster to be ready. Got 0 of 7 DN Heartbeats.
2019-08-29 08:23:55,634 | INFO  | SCMAudit | user=jenkins1000 | ip=192.168.69.89 | op=GET_VERSION null | ret=SUCCESS |  
2019-08-29 08:23:55,658 [Datanode State Machine Thread - 0] INFO  ozoneimpl.OzoneContainer (OzoneContainer.java:start(186)) - Attempting to start container services.
2019-08-29 08:23:55,659 [Datanode State Machine Thread - 0] INFO  ozoneimpl.OzoneContainer (OzoneContainer.java:startContainerScrub(160)) - Background container scrubber has been disabled by hdds.containerscrub.enabled
2019-08-29 08:23:55,659 [Datanode State Machine Thread - 0] INFO  ratis.XceiverServerRatis (XceiverServerRatis.java:start(404)) - Starting XceiverServerRatis 3d0c9a1e-aae8-443e-a7b0-45fa20dec0f4 at port 0
2019-08-29 08:23:55,665 [Datanode State Machine Thread - 0] INFO  impl.RaftServerProxy (RaftServerProxy.java:lambda$start$3(299)) - 3d0c9a1e-aae8-443e-a7b0-45fa20dec0f4: start RPC server
2019-08-29 08:23:55,670 [Datanode State Machine Thread - 0] INFO  server.GrpcService (GrpcService.java:startImpl(149)) - 3d0c9a1e-aae8-443e-a7b0-45fa20dec0f4: GrpcService started, listening on 0.0.0.0/0.0.0.0:33882
2019-08-29 08:23:55,670 [Datanode State Machine Thread - 0] INFO  ratis.XceiverServerRatis (XceiverServerRatis.java:start(414)) - XceiverServerRatis 3d0c9a1e-aae8-443e-a7b0-45fa20dec0f4 is started using port 33882
2019-08-29 08:23:55,670 [Datanode State Machine Thread - 0] INFO  server.XceiverServerGrpc (XceiverServerGrpc.java:start(163)) - XceiverServerGrpc 3d0c9a1e-aae8-443e-a7b0-45fa20dec0f4 is started using port 41700
2019-08-29 08:23:56,145 [IPC Server handler 3 on 37867] INFO  net.NetworkTopology (NetworkTopologyImpl.java:add(110)) - Added a new node: /default-rack/0fa1021d-9840-440b-95fc-3f35327e9810
2019-08-29 08:23:56,148 [IPC Server handler 3 on 37867] INFO  node.SCMNodeManager (SCMNodeManager.java:register(273)) - Registered Data node : 0fa1021d-9840-440b-95fc-3f35327e9810{ip: 192.168.69.89, host: pr-hdds-1569-7rqkn-550228749, networkLocation: /default-rack, certSerialId: null}
2019-08-29 08:23:56,149 | INFO  | SCMAudit | user=jenkins1000 | ip=192.168.69.89 | op=REGISTER {datanodeDetails=0fa1021d-9840-440b-95fc-3f35327e9810{ip: 192.168.69.89, host: pr-hdds-1569-7rqkn-550228749, networkLocation: /default-rack, certSerialId: null}} | ret=SUCCESS |  
2019-08-29 08:23:56,149 [EventQueue-NodeRegistrationContainerReportForDataNodeSafeModeRule] INFO  safemode.SCMSafeModeManager (DataNodeSafeModeRule.java:process(71)) - SCM in safe mode. 1 DataNodes registered, 1 required.
2019-08-29 08:23:56,152 [EventQueue-NodeRegistrationContainerReportForDataNodeSafeModeRule] INFO  safemode.SCMSafeModeManager (SCMSafeModeManager.java:validateSafeModeExitRules(177)) - ScmSafeModeManager, all rules are successfully validated
2019-08-29 08:23:56,152 [EventQueue-NodeRegistrationContainerReportForDataNodeSafeModeRule] INFO  safemode.SCMSafeModeManager (SCMSafeModeManager.java:exitSafeMode(193)) - SCM exiting safe mode.
2019-08-29 08:23:56,158 [grpc-default-executor-7] INFO  impl.RaftServerProxy (RaftServerProxy.java:addNew(89)) - 0fa1021d-9840-440b-95fc-3f35327e9810: addNew group-FCE676CE442B:[0fa1021d-9840-440b-95fc-3f35327e9810:192.168.69.89:41905] returns group-FCE676CE442B:java.util.concurrent.CompletableFuture@5a17752d[Not completed]
2019-08-29 08:23:56,159 [pool-536-thread-1] INFO  impl.RaftServerImpl (RaftServerImpl.java:<init>(93)) - 0fa1021d-9840-440b-95fc-3f35327e9810: new RaftServerImpl for group-FCE676CE442B:[0fa1021d-9840-440b-95fc-3f35327e9810:192.168.69.89:41905] with ContainerStateMachine:uninitialized
2019-08-29 08:23:56,159 [pool-536-thread-1] INFO  server.RaftServerConfigKeys (ConfUtils.java:logGet(43)) - raft.server.rpc.timeout.min = 5s (custom)
2019-08-29 08:23:56,159 [pool-536-thread-1] INFO  server.RaftServerConfigKeys (ConfUtils.java:logGet(43)) - raft.server.rpc.timeout.max = 5200ms (custom)
2019-08-29 08:23:56,159 [pool-536-thread-1] INFO  server.RaftServerConfigKeys (ConfUtils.java:logGet(43)) - raft.server.rpcslowness.timeout = 120s (custom)
2019-08-29 08:23:56,160 [pool-536-thread-1] INFO  server.RaftServerConfigKeys (ConfUtils.java:logGet(43)) - raft.server.sleep.deviation.threshold = 300 (default)
2019-08-29 08:23:56,160 [pool-536-thread-1] INFO  server.RaftServerConfigKeys (ConfUtils.java:logGet(43)) - raft.server.log.appender.install.snapshot.enabled = false (custom)
2019-08-29 08:23:56,160 [pool-536-thread-1] INFO  impl.RaftServerImpl (ServerState.java:<init>(105)) - 0fa1021d-9840-440b-95fc-3f35327e9810:group-FCE676CE442B ConfigurationManager, init=-1: [0fa1021d-9840-440b-95fc-3f35327e9810:192.168.69.89:41905], old=null, confs=<EMPTY_MAP>
2019-08-29 08:23:56,160 [pool-536-thread-1] INFO  server.RaftServerConfigKeys (ConfUtils.java:logGet(43)) - raft.server.storage.dir = [/workdir/hadoop-ozone/integration-test/target/test-dir/MiniOzoneClusterImpl-6291b889-f921-442b-be66-486fed594c04/datanode-0/data/ratis] (custom)
2019-08-29 08:23:56,160 [pool-536-thread-1] INFO  storage.RaftStorageDirectory (RaftStorageDirectory.java:analyzeStorage(246)) - The storage directory /workdir/hadoop-ozone/integration-test/target/test-dir/MiniOzoneClusterImpl-6291b889-f921-442b-be66-486fed594c04/datanode-0/data/ratis/ecb3fcdb-4e5c-44a7-9f1c-fce676ce442b does not exist. Creating ...
2019-08-29 08:23:56,180 [pool-536-thread-1] INFO  storage.RaftStorageDirectory (RaftStorageDirectory.java:tryLock(328)) - Lock on /workdir/hadoop-ozone/integration-test/target/test-dir/MiniOzoneClusterImpl-6291b889-f921-442b-be66-486fed594c04/datanode-0/data/ratis/ecb3fcdb-4e5c-44a7-9f1c-fce676ce442b/in_use.lock acquired by nodename 16068@pr-hdds-1569-7rqkn-550228749
2019-08-29 08:23:56,204 [pool-536-thread-1] INFO  storage.RaftStorage (RaftStorage.java:format(72)) - Storage directory /workdir/hadoop-ozone/integration-test/target/test-dir/MiniOzoneClusterImpl-6291b889-f921-442b-be66-486fed594c04/datanode-0/data/ratis/ecb3fcdb-4e5c-44a7-9f1c-fce676ce442b has been successfully formatted.
2019-08-29 08:23:56,204 [pool-536-thread-1] INFO  ratis.ContainerStateMachine (ContainerStateMachine.java:loadSnapshot(226)) - group-FCE676CE442B: The snapshot info is null. Setting the last applied indexto:(t:0, i:~)
2019-08-29 08:23:56,205 [pool-536-thread-1] INFO  server.RaftServerConfigKeys (ConfUtils.java:logGet(43)) - raft.server.leader.election.timeout = 120s (custom)
2019-08-29 08:23:56,205 [pool-536-thread-1] INFO  server.RaftServerConfigKeys (ConfUtils.java:logGet(43)) - raft.server.log.use.memory = false (default)
2019-08-29 08:23:56,205 [pool-536-thread-1] INFO  server.RaftServerConfigKeys (ConfUtils.java:logGet(43)) - raft.server.log.purge.gap = 1000000 (custom)
2019-08-29 08:23:56,205 [pool-536-thread-1] INFO  server.RaftServerConfigKeys (ConfUtils.java:logGet(43)) - raft.server.log.appender.buffer.byte-limit = 33554432 (custom)
2019-08-29 08:23:56,205 [pool-536-thread-1] INFO  server.RaftServerConfigKeys (ConfUtils.java:logGet(43)) - raft.server.log.segment.size.max = 1048576 (custom)
2019-08-29 08:23:56,205 [pool-536-thread-1] INFO  server.RaftServerConfigKeys (ConfUtils.java:logGet(43)) - raft.server.log.segment.cache.num.max = 2 (custom)
2019-08-29 08:23:56,206 [pool-536-thread-1] INFO  segmented.SegmentedRaftLogWorker (SegmentedRaftLogWorker.java:<init>(172)) - new 0fa1021d-9840-440b-95fc-3f35327e9810-SegmentedRaftLogWorker:Storage Directory /workdir/hadoop-ozone/integration-test/target/test-dir/MiniOzoneClusterImpl-6291b889-f921-442b-be66-486fed594c04/datanode-0/data/ratis/ecb3fcdb-4e5c-44a7-9f1c-fce676ce442b for RaftStorage:Storage Directory /workdir/hadoop-ozone/integration-test/target/test-dir/MiniOzoneClusterImpl-6291b889-f921-442b-be66-486fed594c04/datanode-0/data/ratis/ecb3fcdb-4e5c-44a7-9f1c-fce676ce442b
2019-08-29 08:23:56,206 [pool-536-thread-1] INFO  server.RaftServerConfigKeys (ConfUtils.java:logGet(43)) - raft.server.log.queue.byte-limit = 2147483647 (custom)
2019-08-29 08:23:56,206 [pool-536-thread-1] INFO  server.RaftServerConfigKeys (ConfUtils.java:logGet(43)) - raft.server.log.queue.element-limit = 1024 (custom)
2019-08-29 08:23:56,206 [pool-536-thread-1] INFO  server.RaftServerConfigKeys (ConfUtils.java:logGet(43)) - raft.server.log.segment.size.max = 1048576 (custom)
2019-08-29 08:23:56,207 [pool-536-thread-1] INFO  server.RaftServerConfigKeys (ConfUtils.java:logGet(43)) - raft.server.log.preallocated.size = 16384 (custom)
2019-08-29 08:23:56,207 [pool-536-thread-1] INFO  server.RaftServerConfigKeys (ConfUtils.java:logGet(43)) - raft.server.log.write.buffer.size = 33554432 (custom)
2019-08-29 08:23:56,207 [pool-536-thread-1] INFO  server.RaftServerConfigKeys (ConfUtils.java:logGet(43)) - raft.server.log.force.sync.num = 128 (default)
2019-08-29 08:23:56,207 [pool-536-thread-1] INFO  server.RaftServerConfigKeys (ConfUtils.java:logGet(43)) - raft.server.log.statemachine.data.sync = true (default)
2019-08-29 08:23:56,207 [pool-536-thread-1] INFO  server.RaftServerConfigKeys (ConfUtils.java:logGet(43)) - raft.server.log.statemachine.data.sync.timeout = 10s (default)
2019-08-29 08:23:56,207 [pool-536-thread-1] INFO  server.RaftServerConfigKeys (ConfUtils.java:logGet(43)) - raft.server.log.statemachine.data.sync.timeout.retry = -1 (default)
2019-08-29 08:23:56,208 [pool-536-thread-1] INFO  server.RaftServerConfigKeys (ConfUtils.java:logGet(43)) - raft.server.log.statemachine.data.caching.enabled = true (custom)
2019-08-29 08:23:56,208 [pool-536-thread-1] INFO  segmented.SegmentedRaftLogWorker (SegmentedRaftLogWorker.java:lambda$new$0(132)) - 0fa1021d-9840-440b-95fc-3f35327e9810-SegmentedRaftLogWorker:Storage Directory /workdir/hadoop-ozone/integration-test/target/test-dir/MiniOzoneClusterImpl-6291b889-f921-442b-be66-486fed594c04/datanode-0/data/ratis/ecb3fcdb-4e5c-44a7-9f1c-fce676ce442b: flushIndex: setUnconditionally 0 -> -1
2019-08-29 08:23:56,208 [pool-536-thread-1] INFO  server.RaftServerConfigKeys (ConfUtils.java:logGet(43)) - raft.server.snapshot.auto.trigger.enabled = true (custom)
2019-08-29 08:23:56,209 [pool-536-thread-1] INFO  server.RaftServerConfigKeys (ConfUtils.java:logGet(43)) - raft.server.snapshot.auto.trigger.threshold = 10000 (custom)
2019-08-29 08:23:56,209 [pool-536-thread-1] INFO  server.RaftServerConfigKeys (ConfUtils.java:logGet(43)) - raft.server.retrycache.expirytime = 600000ms (custom)
2019-08-29 08:23:56,209 [pool-536-thread-1] INFO  impl.RaftServerImpl (RaftServerImpl.java:start(180)) - 0fa1021d-9840-440b-95fc-3f35327e9810: start group-FCE676CE442B
2019-08-29 08:23:56,209 [pool-536-thread-1] INFO  impl.RaftServerImpl (RaftServerImpl.java:setRole(171)) - 0fa1021d-9840-440b-95fc-3f35327e9810:group-FCE676CE442B changes role from null to FOLLOWER at term 0 for startAsFollower
2019-08-29 08:23:56,209 [pool-536-thread-1] INFO  impl.RoleInfo (RoleInfo.java:updateAndGet(143)) - 0fa1021d-9840-440b-95fc-3f35327e9810: start FollowerState
2019-08-29 08:23:56,210 [pool-536-thread-1] INFO  util.JmxRegister (JmxRegister.java:tryRegister(44)) - Successfully registered JMX Bean with object name Ratis:service=RaftServer,group=group-FCE676CE442B,id=0fa1021d-9840-440b-95fc-3f35327e9810
2019-08-29 08:23:56,213 [RatisPipelineUtilsThread] INFO  pipeline.PipelineStateManager (PipelineStateManager.java:addPipeline(56)) - Created pipeline Pipeline[ Id: ecb3fcdb-4e5c-44a7-9f1c-fce676ce442b, Nodes: 0fa1021d-9840-440b-95fc-3f35327e9810{ip: 192.168.69.89, host: pr-hdds-1569-7rqkn-550228749, networkLocation: /default-rack, certSerialId: null}, Type:RATIS, Factor:ONE, State:OPEN]
2019-08-29 08:23:56,351 [IPC Server handler 1 on 37867] INFO  net.NetworkTopology (NetworkTopologyImpl.java:add(110)) - Added a new node: /default-rack/ee5c7872-3dc8-4a1b-b96f-cbf662dd320f
2019-08-29 08:23:56,351 [IPC Server handler 1 on 37867] INFO  node.SCMNodeManager (SCMNodeManager.java:register(273)) - Registered Data node : ee5c7872-3dc8-4a1b-b96f-cbf662dd320f{ip: 192.168.69.89, host: pr-hdds-1569-7rqkn-550228749, networkLocation: /default-rack, certSerialId: null}
2019-08-29 08:23:56,351 | INFO  | SCMAudit | user=jenkins1000 | ip=192.168.69.89 | op=REGISTER {datanodeDetails=ee5c7872-3dc8-4a1b-b96f-cbf662dd320f{ip: 192.168.69.89, host: pr-hdds-1569-7rqkn-550228749, networkLocation: /default-rack, certSerialId: null}} | ret=SUCCESS |  
2019-08-29 08:23:56,358 [grpc-default-executor-7] INFO  impl.RaftServerProxy (RaftServerProxy.java:addNew(89)) - ee5c7872-3dc8-4a1b-b96f-cbf662dd320f: addNew group-9F278CE958CE:[ee5c7872-3dc8-4a1b-b96f-cbf662dd320f:192.168.69.89:41195] returns group-9F278CE958CE:java.util.concurrent.CompletableFuture@5e627565[Not completed]
2019-08-29 08:23:56,359 [pool-547-thread-1] INFO  impl.RaftServerImpl (RaftServerImpl.java:<init>(93)) - ee5c7872-3dc8-4a1b-b96f-cbf662dd320f: new RaftServerImpl for group-9F278CE958CE:[ee5c7872-3dc8-4a1b-b96f-cbf662dd320f:192.168.69.89:41195] with ContainerStateMachine:uninitialized
2019-08-29 08:23:56,359 [pool-547-thread-1] INFO  server.RaftServerConfigKeys (ConfUtils.java:logGet(43)) - raft.server.rpc.timeout.min = 5s (custom)
2019-08-29 08:23:56,360 [pool-547-thread-1] INFO  server.RaftServerConfigKeys (ConfUtils.java:logGet(43)) - raft.server.rpc.timeout.max = 5200ms (custom)
2019-08-29 08:23:56,360 [pool-547-thread-1] INFO  server.RaftServerConfigKeys (ConfUtils.java:logGet(43)) - raft.server.rpcslowness.timeout = 120s (custom)
2019-08-29 08:23:56,360 [pool-547-thread-1] INFO  server.RaftServerConfigKeys (ConfUtils.java:logGet(43)) - raft.server.sleep.deviation.threshold = 300 (default)
2019-08-29 08:23:56,360 [pool-547-thread-1] INFO  server.RaftServerConfigKeys (ConfUtils.java:logGet(43)) - raft.server.log.appender.install.snapshot.enabled = false (custom)
2019-08-29 08:23:56,360 [pool-547-thread-1] INFO  impl.RaftServerImpl (ServerState.java:<init>(105)) - ee5c7872-3dc8-4a1b-b96f-cbf662dd320f:group-9F278CE958CE ConfigurationManager, init=-1: [ee5c7872-3dc8-4a1b-b96f-cbf662dd320f:192.168.69.89:41195], old=null, confs=<EMPTY_MAP>
2019-08-29 08:23:56,360 [pool-547-thread-1] INFO  server.RaftServerConfigKeys (ConfUtils.java:logGet(43)) - raft.server.storage.dir = [/workdir/hadoop-ozone/integration-test/target/test-dir/MiniOzoneClusterImpl-6291b889-f921-442b-be66-486fed594c04/datanode-1/data/ratis] (custom)
2019-08-29 08:23:56,361 [pool-547-thread-1] INFO  storage.RaftStorageDirectory (RaftStorageDirectory.java:analyzeStorage(246)) - The storage directory /workdir/hadoop-ozone/integration-test/target/test-dir/MiniOzoneClusterImpl-6291b889-f921-442b-be66-486fed594c04/datanode-1/data/ratis/1518785e-b0e4-4a52-a5c0-9f278ce958ce does not exist. Creating ...
2019-08-29 08:23:56,385 [pool-547-thread-1] INFO  storage.RaftStorageDirectory (RaftStorageDirectory.java:tryLock(328)) - Lock on /workdir/hadoop-ozone/integration-test/target/test-dir/MiniOzoneClusterImpl-6291b889-f921-442b-be66-486fed594c04/datanode-1/data/ratis/1518785e-b0e4-4a52-a5c0-9f278ce958ce/in_use.lock acquired by nodename 16068@pr-hdds-1569-7rqkn-550228749
2019-08-29 08:23:56,423 [pool-547-thread-1] INFO  storage.RaftStorage (RaftStorage.java:format(72)) - Storage directory /workdir/hadoop-ozone/integration-test/target/test-dir/MiniOzoneClusterImpl-6291b889-f921-442b-be66-486fed594c04/datanode-1/data/ratis/1518785e-b0e4-4a52-a5c0-9f278ce958ce has been successfully formatted.
2019-08-29 08:23:56,424 [pool-547-thread-1] INFO  ratis.ContainerStateMachine (ContainerStateMachine.java:loadSnapshot(226)) - group-9F278CE958CE: The snapshot info is null. Setting the last applied indexto:(t:0, i:~)
2019-08-29 08:23:56,424 [pool-547-thread-1] INFO  server.RaftServerConfigKeys (ConfUtils.java:logGet(43)) - raft.server.leader.election.timeout = 120s (custom)
2019-08-29 08:23:56,424 [pool-547-thread-1] INFO  server.RaftServerConfigKeys (ConfUtils.java:logGet(43)) - raft.server.log.use.memory = false (default)
2019-08-29 08:23:56,424 [pool-547-thread-1] INFO  server.RaftServerConfigKeys (ConfUtils.java:logGet(43)) - raft.server.log.purge.gap = 1000000 (custom)
2019-08-29 08:23:56,424 [pool-547-thread-1] INFO  server.RaftServerConfigKeys (ConfUtils.java:logGet(43)) - raft.server.log.appender.buffer.byte-limit = 33554432 (custom)
2019-08-29 08:23:56,425 [pool-547-thread-1] INFO  server.RaftServerConfigKeys (ConfUtils.java:logGet(43)) - raft.server.log.segment.size.max = 1048576 (custom)
2019-08-29 08:23:56,425 [pool-547-thread-1] INFO  server.RaftServerConfigKeys (ConfUtils.java:logGet(43)) - raft.server.log.segment.cache.num.max = 2 (custom)
2019-08-29 08:23:56,425 [pool-547-thread-1] INFO  segmented.SegmentedRaftLogWorker (SegmentedRaftLogWorker.java:<init>(172)) - new ee5c7872-3dc8-4a1b-b96f-cbf662dd320f-SegmentedRaftLogWorker:Storage Directory /workdir/hadoop-ozone/integration-test/target/test-dir/MiniOzoneClusterImpl-6291b889-f921-442b-be66-486fed594c04/datanode-1/data/ratis/1518785e-b0e4-4a52-a5c0-9f278ce958ce for RaftStorage:Storage Directory /workdir/hadoop-ozone/integration-test/target/test-dir/MiniOzoneClusterImpl-6291b889-f921-442b-be66-486fed594c04/datanode-1/data/ratis/1518785e-b0e4-4a52-a5c0-9f278ce958ce
2019-08-29 08:23:56,425 [pool-547-thread-1] INFO  server.RaftServerConfigKeys (ConfUtils.java:logGet(43)) - raft.server.log.queue.byte-limit = 2147483647 (custom)
2019-08-29 08:23:56,425 [pool-547-thread-1] INFO  server.RaftServerConfigKeys (ConfUtils.java:logGet(43)) - raft.server.log.queue.element-limit = 1024 (custom)
2019-08-29 08:23:56,426 [pool-547-thread-1] INFO  server.RaftServerConfigKeys (ConfUtils.java:logGet(43)) - raft.server.log.segment.size.max = 1048576 (custom)
2019-08-29 08:23:56,426 [pool-547-thread-1] INFO  server.RaftServerConfigKeys (ConfUtils.java:logGet(43)) - raft.server.log.preallocated.size = 16384 (custom)
2019-08-29 08:23:56,426 [pool-547-thread-1] INFO  server.RaftServerConfigKeys (ConfUtils.java:logGet(43)) - raft.server.log.write.buffer.size = 33554432 (custom)
2019-08-29 08:23:56,426 [pool-547-thread-1] INFO  server.RaftServerConfigKeys (ConfUtils.java:logGet(43)) - raft.server.log.force.sync.num = 128 (default)
2019-08-29 08:23:56,426 [pool-547-thread-1] INFO  server.RaftServerConfigKeys (ConfUtils.java:logGet(43)) - raft.server.log.statemachine.data.sync = true (default)
2019-08-29 08:23:56,426 [pool-547-thread-1] INFO  server.RaftServerConfigKeys (ConfUtils.java:logGet(43)) - raft.server.log.statemachine.data.sync.timeout = 10s (default)
2019-08-29 08:23:56,427 [pool-547-thread-1] INFO  server.RaftServerConfigKeys (ConfUtils.java:logGet(43)) - raft.server.log.statemachine.data.sync.timeout.retry = -1 (default)
2019-08-29 08:23:56,427 [pool-547-thread-1] INFO  server.RaftServerConfigKeys (ConfUtils.java:logGet(43)) - raft.server.log.statemachine.data.caching.enabled = true (custom)
2019-08-29 08:23:56,427 [pool-547-thread-1] INFO  segmented.SegmentedRaftLogWorker (SegmentedRaftLogWorker.java:lambda$new$0(132)) - ee5c7872-3dc8-4a1b-b96f-cbf662dd320f-SegmentedRaftLogWorker:Storage Directory /workdir/hadoop-ozone/integration-test/target/test-dir/MiniOzoneClusterImpl-6291b889-f921-442b-be66-486fed594c04/datanode-1/data/ratis/1518785e-b0e4-4a52-a5c0-9f278ce958ce: flushIndex: setUnconditionally 0 -> -1
2019-08-29 08:23:56,428 [pool-547-thread-1] INFO  server.RaftServerConfigKeys (ConfUtils.java:logGet(43)) - raft.server.snapshot.auto.trigger.enabled = true (custom)
2019-08-29 08:23:56,428 [pool-547-thread-1] INFO  server.RaftServerConfigKeys (ConfUtils.java:logGet(43)) - raft.server.snapshot.auto.trigger.threshold = 10000 (custom)
2019-08-29 08:23:56,428 [pool-547-thread-1] INFO  server.RaftServerConfigKeys (ConfUtils.java:logGet(43)) - raft.server.retrycache.expirytime = 600000ms (custom)
2019-08-29 08:23:56,428 [pool-547-thread-1] INFO  impl.RaftServerImpl (RaftServerImpl.java:start(180)) - ee5c7872-3dc8-4a1b-b96f-cbf662dd320f: start group-9F278CE958CE
2019-08-29 08:23:56,428 [pool-547-thread-1] INFO  impl.RaftServerImpl (RaftServerImpl.java:setRole(171)) - ee5c7872-3dc8-4a1b-b96f-cbf662dd320f:group-9F278CE958CE changes role from null to FOLLOWER at term 0 for startAsFollower
2019-08-29 08:23:56,429 [pool-547-thread-1] INFO  impl.RoleInfo (RoleInfo.java:updateAndGet(143)) - ee5c7872-3dc8-4a1b-b96f-cbf662dd320f: start FollowerState
2019-08-29 08:23:56,429 [pool-547-thread-1] INFO  util.JmxRegister (JmxRegister.java:tryRegister(44)) - Successfully registered JMX Bean with object name Ratis:service=RaftServer,group=group-9F278CE958CE,id=ee5c7872-3dc8-4a1b-b96f-cbf662dd320f
2019-08-29 08:23:56,431 [RatisPipelineUtilsThread] INFO  pipeline.PipelineStateManager (PipelineStateManager.java:addPipeline(56)) - Created pipeline Pipeline[ Id: 1518785e-b0e4-4a52-a5c0-9f278ce958ce, Nodes: ee5c7872-3dc8-4a1b-b96f-cbf662dd320f{ip: 192.168.69.89, host: pr-hdds-1569-7rqkn-550228749, networkLocation: /default-rack, certSerialId: null}, Type:RATIS, Factor:ONE, State:OPEN]
2019-08-29 08:23:56,548 [IPC Server handler 2 on 37867] INFO  net.NetworkTopology (NetworkTopologyImpl.java:add(110)) - Added a new node: /default-rack/f3af49b3-6b43-4dcd-87a2-e9c9c1638f7b
2019-08-29 08:23:56,549 [IPC Server handler 2 on 37867] INFO  node.SCMNodeManager (SCMNodeManager.java:register(273)) - Registered Data node : f3af49b3-6b43-4dcd-87a2-e9c9c1638f7b{ip: 192.168.69.89, host: pr-hdds-1569-7rqkn-550228749, networkLocation: /default-rack, certSerialId: null}
2019-08-29 08:23:56,554 | INFO  | SCMAudit | user=jenkins1000 | ip=192.168.69.89 | op=REGISTER {datanodeDetails=f3af49b3-6b43-4dcd-87a2-e9c9c1638f7b{ip: 192.168.69.89, host: pr-hdds-1569-7rqkn-550228749, networkLocation: /default-rack, certSerialId: null}} | ret=SUCCESS |  
2019-08-29 08:23:56,562 [grpc-default-executor-12] INFO  impl.RaftServerProxy (RaftServerProxy.java:addNew(89)) - f3af49b3-6b43-4dcd-87a2-e9c9c1638f7b: addNew group-85213D96FE53:[f3af49b3-6b43-4dcd-87a2-e9c9c1638f7b:192.168.69.89:34870] returns group-85213D96FE53:java.util.concurrent.CompletableFuture@4e619335[Not completed]
2019-08-29 08:23:56,563 [pool-558-thread-1] INFO  impl.RaftServerImpl (RaftServerImpl.java:<init>(93)) - f3af49b3-6b43-4dcd-87a2-e9c9c1638f7b: new RaftServerImpl for group-85213D96FE53:[f3af49b3-6b43-4dcd-87a2-e9c9c1638f7b:192.168.69.89:34870] with ContainerStateMachine:uninitialized
2019-08-29 08:23:56,564 [pool-558-thread-1] INFO  server.RaftServerConfigKeys (ConfUtils.java:logGet(43)) - raft.server.rpc.timeout.min = 5s (custom)
2019-08-29 08:23:56,564 [pool-558-thread-1] INFO  server.RaftServerConfigKeys (ConfUtils.java:logGet(43)) - raft.server.rpc.timeout.max = 5200ms (custom)
2019-08-29 08:23:56,564 [pool-558-thread-1] INFO  server.RaftServerConfigKeys (ConfUtils.java:logGet(43)) - raft.server.rpcslowness.timeout = 120s (custom)
2019-08-29 08:23:56,564 [pool-558-thread-1] INFO  server.RaftServerConfigKeys (ConfUtils.java:logGet(43)) - raft.server.sleep.deviation.threshold = 300 (default)
2019-08-29 08:23:56,564 [pool-558-thread-1] INFO  server.RaftServerConfigKeys (ConfUtils.java:logGet(43)) - raft.server.log.appender.install.snapshot.enabled = false (custom)
2019-08-29 08:23:56,564 [pool-558-thread-1] INFO  impl.RaftServerImpl (ServerState.java:<init>(105)) - f3af49b3-6b43-4dcd-87a2-e9c9c1638f7b:group-85213D96FE53 ConfigurationManager, init=-1: [f3af49b3-6b43-4dcd-87a2-e9c9c1638f7b:192.168.69.89:34870], old=null, confs=<EMPTY_MAP>
2019-08-29 08:23:56,565 [pool-558-thread-1] INFO  server.RaftServerConfigKeys (ConfUtils.java:logGet(43)) - raft.server.storage.dir = [/workdir/hadoop-ozone/integration-test/target/test-dir/MiniOzoneClusterImpl-6291b889-f921-442b-be66-486fed594c04/datanode-2/data/ratis] (custom)
2019-08-29 08:23:56,565 [pool-558-thread-1] INFO  storage.RaftStorageDirectory (RaftStorageDirectory.java:analyzeStorage(246)) - The storage directory /workdir/hadoop-ozone/integration-test/target/test-dir/MiniOzoneClusterImpl-6291b889-f921-442b-be66-486fed594c04/datanode-2/data/ratis/df786622-dd82-4179-9b88-85213d96fe53 does not exist. Creating ...
2019-08-29 08:23:56,599 [pool-558-thread-1] INFO  storage.RaftStorageDirectory (RaftStorageDirectory.java:tryLock(328)) - Lock on /workdir/hadoop-ozone/integration-test/target/test-dir/MiniOzoneClusterImpl-6291b889-f921-442b-be66-486fed594c04/datanode-2/data/ratis/df786622-dd82-4179-9b88-85213d96fe53/in_use.lock acquired by nodename 16068@pr-hdds-1569-7rqkn-550228749
2019-08-29 08:23:56,625 [pool-558-thread-1] INFO  storage.RaftStorage (RaftStorage.java:format(72)) - Storage directory /workdir/hadoop-ozone/integration-test/target/test-dir/MiniOzoneClusterImpl-6291b889-f921-442b-be66-486fed594c04/datanode-2/data/ratis/df786622-dd82-4179-9b88-85213d96fe53 has been successfully formatted.
2019-08-29 08:23:56,625 [pool-558-thread-1] INFO  ratis.ContainerStateMachine (ContainerStateMachine.java:loadSnapshot(226)) - group-85213D96FE53: The snapshot info is null. Setting the last applied indexto:(t:0, i:~)
2019-08-29 08:23:56,625 [pool-558-thread-1] INFO  server.RaftServerConfigKeys (ConfUtils.java:logGet(43)) - raft.server.leader.election.timeout = 120s (custom)
2019-08-29 08:23:56,626 [pool-558-thread-1] INFO  server.RaftServerConfigKeys (ConfUtils.java:logGet(43)) - raft.server.log.use.memory = false (default)
2019-08-29 08:23:56,626 [pool-558-thread-1] INFO  server.RaftServerConfigKeys (ConfUtils.java:logGet(43)) - raft.server.log.purge.gap = 1000000 (custom)
2019-08-29 08:23:56,626 [pool-558-thread-1] INFO  server.RaftServerConfigKeys (ConfUtils.java:logGet(43)) - raft.server.log.appender.buffer.byte-limit = 33554432 (custom)
2019-08-29 08:23:56,626 [pool-558-thread-1] INFO  server.RaftServerConfigKeys (ConfUtils.java:logGet(43)) - raft.server.log.segment.size.max = 1048576 (custom)
2019-08-29 08:23:56,626 [pool-558-thread-1] INFO  server.RaftServerConfigKeys (ConfUtils.java:logGet(43)) - raft.server.log.segment.cache.num.max = 2 (custom)
2019-08-29 08:23:56,626 [pool-558-thread-1] INFO  segmented.SegmentedRaftLogWorker (SegmentedRaftLogWorker.java:<init>(172)) - new f3af49b3-6b43-4dcd-87a2-e9c9c1638f7b-SegmentedRaftLogWorker:Storage Directory /workdir/hadoop-ozone/integration-test/target/test-dir/MiniOzoneClusterImpl-6291b889-f921-442b-be66-486fed594c04/datanode-2/data/ratis/df786622-dd82-4179-9b88-85213d96fe53 for RaftStorage:Storage Directory /workdir/hadoop-ozone/integration-test/target/test-dir/MiniOzoneClusterImpl-6291b889-f921-442b-be66-486fed594c04/datanode-2/data/ratis/df786622-dd82-4179-9b88-85213d96fe53
2019-08-29 08:23:56,626 [pool-558-thread-1] INFO  server.RaftServerConfigKeys (ConfUtils.java:logGet(43)) - raft.server.log.queue.byte-limit = 2147483647 (custom)
2019-08-29 08:23:56,627 [pool-558-thread-1] INFO  server.RaftServerConfigKeys (ConfUtils.java:logGet(43)) - raft.server.log.queue.element-limit = 1024 (custom)
2019-08-29 08:23:56,627 [pool-558-thread-1] INFO  server.RaftServerConfigKeys (ConfUtils.java:logGet(43)) - raft.server.log.segment.size.max = 1048576 (custom)
2019-08-29 08:23:56,627 [pool-558-thread-1] INFO  server.RaftServerConfigKeys (ConfUtils.java:logGet(43)) - raft.server.log.preallocated.size = 16384 (custom)
2019-08-29 08:23:56,627 [pool-558-thread-1] INFO  server.RaftServerConfigKeys (ConfUtils.java:logGet(43)) - raft.server.log.write.buffer.size = 33554432 (custom)
2019-08-29 08:23:56,627 [pool-558-thread-1] INFO  server.RaftServerConfigKeys (ConfUtils.java:logGet(43)) - raft.server.log.force.sync.num = 128 (default)
2019-08-29 08:23:56,627 [pool-558-thread-1] INFO  server.RaftServerConfigKeys (ConfUtils.java:logGet(43)) - raft.server.log.statemachine.data.sync = true (default)
2019-08-29 08:23:56,627 [pool-558-thread-1] INFO  server.RaftServerConfigKeys (ConfUtils.java:logGet(43)) - raft.server.log.statemachine.data.sync.timeout = 10s (default)
2019-08-29 08:23:56,627 [pool-558-thread-1] INFO  server.RaftServerConfigKeys (ConfUtils.java:logGet(43)) - raft.server.log.statemachine.data.sync.timeout.retry = -1 (default)
2019-08-29 08:23:56,628 [pool-558-thread-1] INFO  server.RaftServerConfigKeys (ConfUtils.java:logGet(43)) - raft.server.log.statemachine.data.caching.enabled = true (custom)
2019-08-29 08:23:56,628 [pool-558-thread-1] INFO  segmented.SegmentedRaftLogWorker (SegmentedRaftLogWorker.java:lambda$new$0(132)) - f3af49b3-6b43-4dcd-87a2-e9c9c1638f7b-SegmentedRaftLogWorker:Storage Directory /workdir/hadoop-ozone/integration-test/target/test-dir/MiniOzoneClusterImpl-6291b889-f921-442b-be66-486fed594c04/datanode-2/data/ratis/df786622-dd82-4179-9b88-85213d96fe53: flushIndex: setUnconditionally 0 -> -1
2019-08-29 08:23:56,628 [pool-558-thread-1] INFO  server.RaftServerConfigKeys (ConfUtils.java:logGet(43)) - raft.server.snapshot.auto.trigger.enabled = true (custom)
2019-08-29 08:23:56,629 [pool-558-thread-1] INFO  server.RaftServerConfigKeys (ConfUtils.java:logGet(43)) - raft.server.snapshot.auto.trigger.threshold = 10000 (custom)
2019-08-29 08:23:56,629 [pool-558-thread-1] INFO  server.RaftServerConfigKeys (ConfUtils.java:logGet(43)) - raft.server.retrycache.expirytime = 600000ms (custom)
2019-08-29 08:23:56,629 [pool-558-thread-1] INFO  impl.RaftServerImpl (RaftServerImpl.java:start(180)) - f3af49b3-6b43-4dcd-87a2-e9c9c1638f7b: start group-85213D96FE53
2019-08-29 08:23:56,629 [pool-558-thread-1] INFO  impl.RaftServerImpl (RaftServerImpl.java:setRole(171)) - f3af49b3-6b43-4dcd-87a2-e9c9c1638f7b:group-85213D96FE53 changes role from null to FOLLOWER at term 0 for startAsFollower
2019-08-29 08:23:56,629 [pool-558-thread-1] INFO  impl.RoleInfo (RoleInfo.java:updateAndGet(143)) - f3af49b3-6b43-4dcd-87a2-e9c9c1638f7b: start FollowerState
2019-08-29 08:23:56,629 [pool-558-thread-1] INFO  util.JmxRegister (JmxRegister.java:tryRegister(44)) - Successfully registered JMX Bean with object name Ratis:service=RaftServer,group=group-85213D96FE53,id=f3af49b3-6b43-4dcd-87a2-e9c9c1638f7b
2019-08-29 08:23:56,631 [RatisPipelineUtilsThread] INFO  pipeline.PipelineStateManager (PipelineStateManager.java:addPipeline(56)) - Created pipeline Pipeline[ Id: df786622-dd82-4179-9b88-85213d96fe53, Nodes: f3af49b3-6b43-4dcd-87a2-e9c9c1638f7b{ip: 192.168.69.89, host: pr-hdds-1569-7rqkn-550228749, networkLocation: /default-rack, certSerialId: null}, Type:RATIS, Factor:ONE, State:OPEN]
2019-08-29 08:23:56,633 [main] INFO  ozone.MiniOzoneClusterImpl (MiniOzoneClusterImpl.java:lambda$waitForClusterToBeReady$0(142)) - Waiting for cluster to be ready. Got 3 of 7 DN Heartbeats.
2019-08-29 08:23:56,641 [grpc-default-executor-10] INFO  impl.RaftServerProxy (RaftServerProxy.java:addNew(89)) - f3af49b3-6b43-4dcd-87a2-e9c9c1638f7b: addNew group-EBBB911C96B3:[f3af49b3-6b43-4dcd-87a2-e9c9c1638f7b:192.168.69.89:34870, 0fa1021d-9840-440b-95fc-3f35327e9810:192.168.69.89:41905, ee5c7872-3dc8-4a1b-b96f-cbf662dd320f:192.168.69.89:41195] returns group-EBBB911C96B3:java.util.concurrent.CompletableFuture@4f44bce7[Not completed]
2019-08-29 08:23:56,641 [grpc-default-executor-10] INFO  impl.RaftServerProxy (RaftServerProxy.java:addNew(89)) - 0fa1021d-9840-440b-95fc-3f35327e9810: addNew group-EBBB911C96B3:[f3af49b3-6b43-4dcd-87a2-e9c9c1638f7b:192.168.69.89:34870, 0fa1021d-9840-440b-95fc-3f35327e9810:192.168.69.89:41905, ee5c7872-3dc8-4a1b-b96f-cbf662dd320f:192.168.69.89:41195] returns group-EBBB911C96B3:java.util.concurrent.CompletableFuture@3fd25905[Not completed]
2019-08-29 08:23:56,642 [grpc-default-executor-7] INFO  impl.RaftServerProxy (RaftServerProxy.java:addNew(89)) - ee5c7872-3dc8-4a1b-b96f-cbf662dd320f: addNew group-EBBB911C96B3:[f3af49b3-6b43-4dcd-87a2-e9c9c1638f7b:192.168.69.89:34870, 0fa1021d-9840-440b-95fc-3f35327e9810:192.168.69.89:41905, ee5c7872-3dc8-4a1b-b96f-cbf662dd320f:192.168.69.89:41195] returns group-EBBB911C96B3:java.util.concurrent.CompletableFuture@50f97f65[Not completed]
2019-08-29 08:23:56,642 [pool-558-thread-1] INFO  impl.RaftServerImpl (RaftServerImpl.java:<init>(93)) - f3af49b3-6b43-4dcd-87a2-e9c9c1638f7b: new RaftServerImpl for group-EBBB911C96B3:[f3af49b3-6b43-4dcd-87a2-e9c9c1638f7b:192.168.69.89:34870, 0fa1021d-9840-440b-95fc-3f35327e9810:192.168.69.89:41905, ee5c7872-3dc8-4a1b-b96f-cbf662dd320f:192.168.69.89:41195] with ContainerStateMachine:uninitialized
2019-08-29 08:23:56,642 [pool-558-thread-1] INFO  server.RaftServerConfigKeys (ConfUtils.java:logGet(43)) - raft.server.rpc.timeout.min = 5s (custom)
2019-08-29 08:23:56,642 [pool-558-thread-1] INFO  server.RaftServerConfigKeys (ConfUtils.java:logGet(43)) - raft.server.rpc.timeout.max = 5200ms (custom)
2019-08-29 08:23:56,642 [pool-558-thread-1] INFO  server.RaftServerConfigKeys (ConfUtils.java:logGet(43)) - raft.server.rpcslowness.timeout = 120s (custom)
2019-08-29 08:23:56,642 [pool-558-thread-1] INFO  server.RaftServerConfigKeys (ConfUtils.java:logGet(43)) - raft.server.sleep.deviation.threshold = 300 (default)
2019-08-29 08:23:56,642 [pool-558-thread-1] INFO  server.RaftServerConfigKeys (ConfUtils.java:logGet(43)) - raft.server.log.appender.install.snapshot.enabled = false (custom)
2019-08-29 08:23:56,643 [pool-558-thread-1] INFO  impl.RaftServerImpl (ServerState.java:<init>(105)) - f3af49b3-6b43-4dcd-87a2-e9c9c1638f7b:group-EBBB911C96B3 ConfigurationManager, init=-1: [f3af49b3-6b43-4dcd-87a2-e9c9c1638f7b:192.168.69.89:34870, 0fa1021d-9840-440b-95fc-3f35327e9810:192.168.69.89:41905, ee5c7872-3dc8-4a1b-b96f-cbf662dd320f:192.168.69.89:41195], old=null, confs=<EMPTY_MAP>
2019-08-29 08:23:56,643 [pool-536-thread-1] INFO  impl.RaftServerImpl (RaftServerImpl.java:<init>(93)) - 0fa1021d-9840-440b-95fc-3f35327e9810: new RaftServerImpl for group-EBBB911C96B3:[f3af49b3-6b43-4dcd-87a2-e9c9c1638f7b:192.168.69.89:34870, 0fa1021d-9840-440b-95fc-3f35327e9810:192.168.69.89:41905, ee5c7872-3dc8-4a1b-b96f-cbf662dd320f:192.168.69.89:41195] with ContainerStateMachine:uninitialized
2019-08-29 08:23:56,643 [pool-558-thread-1] INFO  server.RaftServerConfigKeys (ConfUtils.java:logGet(43)) - raft.server.storage.dir = [/workdir/hadoop-ozone/integration-test/target/test-dir/MiniOzoneClusterImpl-6291b889-f921-442b-be66-486fed594c04/datanode-2/data/ratis] (custom)
2019-08-29 08:23:56,643 [pool-536-thread-1] INFO  server.RaftServerConfigKeys (ConfUtils.java:logGet(43)) - raft.server.rpc.timeout.min = 5s (custom)
2019-08-29 08:23:56,643 [pool-547-thread-1] INFO  impl.RaftServerImpl (RaftServerImpl.java:<init>(93)) - ee5c7872-3dc8-4a1b-b96f-cbf662dd320f: new RaftServerImpl for group-EBBB911C96B3:[f3af49b3-6b43-4dcd-87a2-e9c9c1638f7b:192.168.69.89:34870, 0fa1021d-9840-440b-95fc-3f35327e9810:192.168.69.89:41905, ee5c7872-3dc8-4a1b-b96f-cbf662dd320f:192.168.69.89:41195] with ContainerStateMachine:uninitialized
2019-08-29 08:23:56,643 [pool-558-thread-1] INFO  storage.RaftStorageDirectory (RaftStorageDirectory.java:analyzeStorage(246)) - The storage directory /workdir/hadoop-ozone/integration-test/target/test-dir/MiniOzoneClusterImpl-6291b889-f921-442b-be66-486fed594c04/datanode-2/data/ratis/a06ce0ce-00b7-4c4f-86b9-ebbb911c96b3 does not exist. Creating ...
2019-08-29 08:23:56,643 [pool-536-thread-1] INFO  server.RaftServerConfigKeys (ConfUtils.java:logGet(43)) - raft.server.rpc.timeout.max = 5200ms (custom)
2019-08-29 08:23:56,643 [pool-547-thread-1] INFO  server.RaftServerConfigKeys (ConfUtils.java:logGet(43)) - raft.server.rpc.timeout.min = 5s (custom)
2019-08-29 08:23:56,643 [pool-536-thread-1] INFO  server.RaftServerConfigKeys (ConfUtils.java:logGet(43)) - raft.server.rpcslowness.timeout = 120s (custom)
2019-08-29 08:23:56,643 [pool-547-thread-1] INFO  server.RaftServerConfigKeys (ConfUtils.java:logGet(43)) - raft.server.rpc.timeout.max = 5200ms (custom)
2019-08-29 08:23:56,644 [pool-536-thread-1] INFO  server.RaftServerConfigKeys (ConfUtils.java:logGet(43)) - raft.server.sleep.deviation.threshold = 300 (default)
2019-08-29 08:23:56,644 [pool-547-thread-1] INFO  server.RaftServerConfigKeys (ConfUtils.java:logGet(43)) - raft.server.rpcslowness.timeout = 120s (custom)
2019-08-29 08:23:56,644 [pool-536-thread-1] INFO  server.RaftServerConfigKeys (ConfUtils.java:logGet(43)) - raft.server.log.appender.install.snapshot.enabled = false (custom)
2019-08-29 08:23:56,644 [pool-547-thread-1] INFO  server.RaftServerConfigKeys (ConfUtils.java:logGet(43)) - raft.server.sleep.deviation.threshold = 300 (default)
2019-08-29 08:23:56,644 [pool-536-thread-1] INFO  impl.RaftServerImpl (ServerState.java:<init>(105)) - 0fa1021d-9840-440b-95fc-3f35327e9810:group-EBBB911C96B3 ConfigurationManager, init=-1: [f3af49b3-6b43-4dcd-87a2-e9c9c1638f7b:192.168.69.89:34870, 0fa1021d-9840-440b-95fc-3f35327e9810:192.168.69.89:41905, ee5c7872-3dc8-4a1b-b96f-cbf662dd320f:192.168.69.89:41195], old=null, confs=<EMPTY_MAP>
2019-08-29 08:23:56,644 [pool-547-thread-1] INFO  server.RaftServerConfigKeys (ConfUtils.java:logGet(43)) - raft.server.log.appender.install.snapshot.enabled = false (custom)
2019-08-29 08:23:56,644 [pool-536-thread-1] INFO  server.RaftServerConfigKeys (ConfUtils.java:logGet(43)) - raft.server.storage.dir = [/workdir/hadoop-ozone/integration-test/target/test-dir/MiniOzoneClusterImpl-6291b889-f921-442b-be66-486fed594c04/datanode-0/data/ratis] (custom)
2019-08-29 08:23:56,644 [pool-547-thread-1] INFO  impl.RaftServerImpl (ServerState.java:<init>(105)) - ee5c7872-3dc8-4a1b-b96f-cbf662dd320f:group-EBBB911C96B3 ConfigurationManager, init=-1: [f3af49b3-6b43-4dcd-87a2-e9c9c1638f7b:192.168.69.89:34870, 0fa1021d-9840-440b-95fc-3f35327e9810:192.168.69.89:41905, ee5c7872-3dc8-4a1b-b96f-cbf662dd320f:192.168.69.89:41195], old=null, confs=<EMPTY_MAP>
2019-08-29 08:23:56,645 [pool-547-thread-1] INFO  server.RaftServerConfigKeys (ConfUtils.java:logGet(43)) - raft.server.storage.dir = [/workdir/hadoop-ozone/integration-test/target/test-dir/MiniOzoneClusterImpl-6291b889-f921-442b-be66-486fed594c04/datanode-1/data/ratis] (custom)
2019-08-29 08:23:56,645 [pool-536-thread-1] INFO  storage.RaftStorageDirectory (RaftStorageDirectory.java:analyzeStorage(246)) - The storage directory /workdir/hadoop-ozone/integration-test/target/test-dir/MiniOzoneClusterImpl-6291b889-f921-442b-be66-486fed594c04/datanode-0/data/ratis/a06ce0ce-00b7-4c4f-86b9-ebbb911c96b3 does not exist. Creating ...
2019-08-29 08:23:56,645 [pool-547-thread-1] INFO  storage.RaftStorageDirectory (RaftStorageDirectory.java:analyzeStorage(246)) - The storage directory /workdir/hadoop-ozone/integration-test/target/test-dir/MiniOzoneClusterImpl-6291b889-f921-442b-be66-486fed594c04/datanode-1/data/ratis/a06ce0ce-00b7-4c4f-86b9-ebbb911c96b3 does not exist. Creating ...
2019-08-29 08:23:56,667 [pool-536-thread-1] INFO  storage.RaftStorageDirectory (RaftStorageDirectory.java:tryLock(328)) - Lock on /workdir/hadoop-ozone/integration-test/target/test-dir/MiniOzoneClusterImpl-6291b889-f921-442b-be66-486fed594c04/datanode-0/data/ratis/a06ce0ce-00b7-4c4f-86b9-ebbb911c96b3/in_use.lock acquired by nodename 16068@pr-hdds-1569-7rqkn-550228749
2019-08-29 08:23:56,667 [pool-558-thread-1] INFO  storage.RaftStorageDirectory (RaftStorageDirectory.java:tryLock(328)) - Lock on /workdir/hadoop-ozone/integration-test/target/test-dir/MiniOzoneClusterImpl-6291b889-f921-442b-be66-486fed594c04/datanode-2/data/ratis/a06ce0ce-00b7-4c4f-86b9-ebbb911c96b3/in_use.lock acquired by nodename 16068@pr-hdds-1569-7rqkn-550228749
2019-08-29 08:23:56,667 [pool-547-thread-1] INFO  storage.RaftStorageDirectory (RaftStorageDirectory.java:tryLock(328)) - Lock on /workdir/hadoop-ozone/integration-test/target/test-dir/MiniOzoneClusterImpl-6291b889-f921-442b-be66-486fed594c04/datanode-1/data/ratis/a06ce0ce-00b7-4c4f-86b9-ebbb911c96b3/in_use.lock acquired by nodename 16068@pr-hdds-1569-7rqkn-550228749
2019-08-29 08:23:56,718 [pool-536-thread-1] INFO  storage.RaftStorage (RaftStorage.java:format(72)) - Storage directory /workdir/hadoop-ozone/integration-test/target/test-dir/MiniOzoneClusterImpl-6291b889-f921-442b-be66-486fed594c04/datanode-0/data/ratis/a06ce0ce-00b7-4c4f-86b9-ebbb911c96b3 has been successfully formatted.
2019-08-29 08:23:56,718 [pool-547-thread-1] INFO  storage.RaftStorage (RaftStorage.java:format(72)) - Storage directory /workdir/hadoop-ozone/integration-test/target/test-dir/MiniOzoneClusterImpl-6291b889-f921-442b-be66-486fed594c04/datanode-1/data/ratis/a06ce0ce-00b7-4c4f-86b9-ebbb911c96b3 has been successfully formatted.
2019-08-29 08:23:56,718 [pool-558-thread-1] INFO  storage.RaftStorage (RaftStorage.java:format(72)) - Storage directory /workdir/hadoop-ozone/integration-test/target/test-dir/MiniOzoneClusterImpl-6291b889-f921-442b-be66-486fed594c04/datanode-2/data/ratis/a06ce0ce-00b7-4c4f-86b9-ebbb911c96b3 has been successfully formatted.
2019-08-29 08:23:56,719 [pool-547-thread-1] INFO  ratis.ContainerStateMachine (ContainerStateMachine.java:loadSnapshot(226)) - group-EBBB911C96B3: The snapshot info is null. Setting the last applied indexto:(t:0, i:~)
2019-08-29 08:23:56,719 [pool-536-thread-1] INFO  ratis.ContainerStateMachine (ContainerStateMachine.java:loadSnapshot(226)) - group-EBBB911C96B3: The snapshot info is null. Setting the last applied indexto:(t:0, i:~)
2019-08-29 08:23:56,719 [pool-547-thread-1] INFO  server.RaftServerConfigKeys (ConfUtils.java:logGet(43)) - raft.server.leader.election.timeout = 120s (custom)
2019-08-29 08:23:56,719 [pool-558-thread-1] INFO  ratis.ContainerStateMachine (ContainerStateMachine.java:loadSnapshot(226)) - group-EBBB911C96B3: The snapshot info is null. Setting the last applied indexto:(t:0, i:~)
2019-08-29 08:23:56,719 [pool-547-thread-1] INFO  server.RaftServerConfigKeys (ConfUtils.java:logGet(43)) - raft.server.log.use.memory = false (default)
2019-08-29 08:23:56,719 [pool-536-thread-1] INFO  server.RaftServerConfigKeys (ConfUtils.java:logGet(43)) - raft.server.leader.election.timeout = 120s (custom)
2019-08-29 08:23:56,719 [pool-547-thread-1] INFO  server.RaftServerConfigKeys (ConfUtils.java:logGet(43)) - raft.server.log.purge.gap = 1000000 (custom)
2019-08-29 08:23:56,719 [pool-558-thread-1] INFO  server.RaftServerConfigKeys (ConfUtils.java:logGet(43)) - raft.server.leader.election.timeout = 120s (custom)
2019-08-29 08:23:56,720 [pool-547-thread-1] INFO  server.RaftServerConfigKeys (ConfUtils.java:logGet(43)) - raft.server.log.appender.buffer.byte-limit = 33554432 (custom)
2019-08-29 08:23:56,720 [pool-536-thread-1] INFO  server.RaftServerConfigKeys (ConfUtils.java:logGet(43)) - raft.server.log.use.memory = false (default)
2019-08-29 08:23:56,720 [pool-547-thread-1] INFO  server.RaftServerConfigKeys (ConfUtils.java:logGet(43)) - raft.server.log.segment.size.max = 1048576 (custom)
2019-08-29 08:23:56,720 [pool-558-thread-1] INFO  server.RaftServerConfigKeys (ConfUtils.java:logGet(43)) - raft.server.log.use.memory = false (default)
2019-08-29 08:23:56,720 [pool-547-thread-1] INFO  server.RaftServerConfigKeys (ConfUtils.java:logGet(43)) - raft.server.log.segment.cache.num.max = 2 (custom)
2019-08-29 08:23:56,720 [pool-536-thread-1] INFO  server.RaftServerConfigKeys (ConfUtils.java:logGet(43)) - raft.server.log.purge.gap = 1000000 (custom)
2019-08-29 08:23:56,720 [pool-547-thread-1] INFO  segmented.SegmentedRaftLogWorker (SegmentedRaftLogWorker.java:<init>(172)) - new ee5c7872-3dc8-4a1b-b96f-cbf662dd320f-SegmentedRaftLogWorker:Storage Directory /workdir/hadoop-ozone/integration-test/target/test-dir/MiniOzoneClusterImpl-6291b889-f921-442b-be66-486fed594c04/datanode-1/data/ratis/a06ce0ce-00b7-4c4f-86b9-ebbb911c96b3 for RaftStorage:Storage Directory /workdir/hadoop-ozone/integration-test/target/test-dir/MiniOzoneClusterImpl-6291b889-f921-442b-be66-486fed594c04/datanode-1/data/ratis/a06ce0ce-00b7-4c4f-86b9-ebbb911c96b3
2019-08-29 08:23:56,720 [pool-558-thread-1] INFO  server.RaftServerConfigKeys (ConfUtils.java:logGet(43)) - raft.server.log.purge.gap = 1000000 (custom)
2019-08-29 08:23:56,721 [pool-547-thread-1] INFO  server.RaftServerConfigKeys (ConfUtils.java:logGet(43)) - raft.server.log.queue.byte-limit = 2147483647 (custom)
2019-08-29 08:23:56,720 [pool-536-thread-1] INFO  server.RaftServerConfigKeys (ConfUtils.java:logGet(43)) - raft.server.log.appender.buffer.byte-limit = 33554432 (custom)
2019-08-29 08:23:56,721 [pool-547-thread-1] INFO  server.RaftServerConfigKeys (ConfUtils.java:logGet(43)) - raft.server.log.queue.element-limit = 1024 (custom)
2019-08-29 08:23:56,721 [pool-558-thread-1] INFO  server.RaftServerConfigKeys (ConfUtils.java:logGet(43)) - raft.server.log.appender.buffer.byte-limit = 33554432 (custom)
2019-08-29 08:23:56,721 [pool-547-thread-1] INFO  server.RaftServerConfigKeys (ConfUtils.java:logGet(43)) - raft.server.log.segment.size.max = 1048576 (custom)
2019-08-29 08:23:56,721 [pool-536-thread-1] INFO  server.RaftServerConfigKeys (ConfUtils.java:logGet(43)) - raft.server.log.segment.size.max = 1048576 (custom)
2019-08-29 08:23:56,721 [pool-547-thread-1] INFO  server.RaftServerConfigKeys (ConfUtils.java:logGet(43)) - raft.server.log.preallocated.size = 16384 (custom)
2019-08-29 08:23:56,722 [pool-547-thread-1] INFO  server.RaftServerConfigKeys (ConfUtils.java:logGet(43)) - raft.server.log.write.buffer.size = 33554432 (custom)
2019-08-29 08:23:56,721 [pool-558-thread-1] INFO  server.RaftServerConfigKeys (ConfUtils.java:logGet(43)) - raft.server.log.segment.size.max = 1048576 (custom)
2019-08-29 08:23:56,722 [pool-547-thread-1] INFO  server.RaftServerConfigKeys (ConfUtils.java:logGet(43)) - raft.server.log.force.sync.num = 128 (default)
2019-08-29 08:23:56,722 [pool-536-thread-1] INFO  server.RaftServerConfigKeys (ConfUtils.java:logGet(43)) - raft.server.log.segment.cache.num.max = 2 (custom)
2019-08-29 08:23:56,722 [pool-547-thread-1] INFO  server.RaftServerConfigKeys (ConfUtils.java:logGet(43)) - raft.server.log.statemachine.data.sync = true (default)
2019-08-29 08:23:56,722 [pool-558-thread-1] INFO  server.RaftServerConfigKeys (ConfUtils.java:logGet(43)) - raft.server.log.segment.cache.num.max = 2 (custom)
2019-08-29 08:23:56,722 [pool-547-thread-1] INFO  server.RaftServerConfigKeys (ConfUtils.java:logGet(43)) - raft.server.log.statemachine.data.sync.timeout = 10s (default)
2019-08-29 08:23:56,722 [pool-547-thread-1] INFO  server.RaftServerConfigKeys (ConfUtils.java:logGet(43)) - raft.server.log.statemachine.data.sync.timeout.retry = -1 (default)
2019-08-29 08:23:56,722 [pool-536-thread-1] INFO  segmented.SegmentedRaftLogWorker (SegmentedRaftLogWorker.java:<init>(172)) - new 0fa1021d-9840-440b-95fc-3f35327e9810-SegmentedRaftLogWorker:Storage Directory /workdir/hadoop-ozone/integration-test/target/test-dir/MiniOzoneClusterImpl-6291b889-f921-442b-be66-486fed594c04/datanode-0/data/ratis/a06ce0ce-00b7-4c4f-86b9-ebbb911c96b3 for RaftStorage:Storage Directory /workdir/hadoop-ozone/integration-test/target/test-dir/MiniOzoneClusterImpl-6291b889-f921-442b-be66-486fed594c04/datanode-0/data/ratis/a06ce0ce-00b7-4c4f-86b9-ebbb911c96b3
2019-08-29 08:23:56,723 [pool-547-thread-1] INFO  server.RaftServerConfigKeys (ConfUtils.java:logGet(43)) - raft.server.log.statemachine.data.caching.enabled = true (custom)
2019-08-29 08:23:56,722 [pool-558-thread-1] INFO  segmented.SegmentedRaftLogWorker (SegmentedRaftLogWorker.java:<init>(172)) - new f3af49b3-6b43-4dcd-87a2-e9c9c1638f7b-SegmentedRaftLogWorker:Storage Directory /workdir/hadoop-ozone/integration-test/target/test-dir/MiniOzoneClusterImpl-6291b889-f921-442b-be66-486fed594c04/datanode-2/data/ratis/a06ce0ce-00b7-4c4f-86b9-ebbb911c96b3 for RaftStorage:Storage Directory /workdir/hadoop-ozone/integration-test/target/test-dir/MiniOzoneClusterImpl-6291b889-f921-442b-be66-486fed594c04/datanode-2/data/ratis/a06ce0ce-00b7-4c4f-86b9-ebbb911c96b3
2019-08-29 08:23:56,723 [pool-536-thread-1] INFO  server.RaftServerConfigKeys (ConfUtils.java:logGet(43)) - raft.server.log.queue.byte-limit = 2147483647 (custom)
2019-08-29 08:23:56,723 [pool-558-thread-1] INFO  server.RaftServerConfigKeys (ConfUtils.java:logGet(43)) - raft.server.log.queue.byte-limit = 2147483647 (custom)
2019-08-29 08:23:56,723 [pool-547-thread-1] INFO  segmented.SegmentedRaftLogWorker (SegmentedRaftLogWorker.java:lambda$new$0(132)) - ee5c7872-3dc8-4a1b-b96f-cbf662dd320f-SegmentedRaftLogWorker:Storage Directory /workdir/hadoop-ozone/integration-test/target/test-dir/MiniOzoneClusterImpl-6291b889-f921-442b-be66-486fed594c04/datanode-1/data/ratis/a06ce0ce-00b7-4c4f-86b9-ebbb911c96b3: flushIndex: setUnconditionally 0 -> -1
2019-08-29 08:23:56,723 [pool-558-thread-1] INFO  server.RaftServerConfigKeys (ConfUtils.java:logGet(43)) - raft.server.log.queue.element-limit = 1024 (custom)
2019-08-29 08:23:56,723 [pool-536-thread-1] INFO  server.RaftServerConfigKeys (ConfUtils.java:logGet(43)) - raft.server.log.queue.element-limit = 1024 (custom)
2019-08-29 08:23:56,724 [pool-558-thread-1] INFO  server.RaftServerConfigKeys (ConfUtils.java:logGet(43)) - raft.server.log.segment.size.max = 1048576 (custom)
2019-08-29 08:23:56,723 [pool-547-thread-1] INFO  server.RaftServerConfigKeys (ConfUtils.java:logGet(43)) - raft.server.snapshot.auto.trigger.enabled = true (custom)
2019-08-29 08:23:56,724 [pool-558-thread-1] INFO  server.RaftServerConfigKeys (ConfUtils.java:logGet(43)) - raft.server.log.preallocated.size = 16384 (custom)
2019-08-29 08:23:56,724 [pool-536-thread-1] INFO  server.RaftServerConfigKeys (ConfUtils.java:logGet(43)) - raft.server.log.segment.size.max = 1048576 (custom)
2019-08-29 08:23:56,724 [pool-558-thread-1] INFO  server.RaftServerConfigKeys (ConfUtils.java:logGet(43)) - raft.server.log.write.buffer.size = 33554432 (custom)
2019-08-29 08:23:56,724 [pool-547-thread-1] INFO  server.RaftServerConfigKeys (ConfUtils.java:logGet(43)) - raft.server.snapshot.auto.trigger.threshold = 10000 (custom)
2019-08-29 08:23:56,724 [pool-558-thread-1] INFO  server.RaftServerConfigKeys (ConfUtils.java:logGet(43)) - raft.server.log.force.sync.num = 128 (default)
2019-08-29 08:23:56,724 [pool-536-thread-1] INFO  server.RaftServerConfigKeys (ConfUtils.java:logGet(43)) - raft.server.log.preallocated.size = 16384 (custom)
2019-08-29 08:23:56,725 [pool-558-thread-1] INFO  server.RaftServerConfigKeys (ConfUtils.java:logGet(43)) - raft.server.log.statemachine.data.sync = true (default)
2019-08-29 08:23:56,724 [pool-547-thread-1] INFO  server.RaftServerConfigKeys (ConfUtils.java:logGet(43)) - raft.server.retrycache.expirytime = 600000ms (custom)
2019-08-29 08:23:56,725 [pool-558-thread-1] INFO  server.RaftServerConfigKeys (ConfUtils.java:logGet(43)) - raft.server.log.statemachine.data.sync.timeout = 10s (default)
2019-08-29 08:23:56,725 [pool-536-thread-1] INFO  server.RaftServerConfigKeys (ConfUtils.java:logGet(43)) - raft.server.log.write.buffer.size = 33554432 (custom)
2019-08-29 08:23:56,725 [pool-558-thread-1] INFO  server.RaftServerConfigKeys (ConfUtils.java:logGet(43)) - raft.server.log.statemachine.data.sync.timeout.retry = -1 (default)
2019-08-29 08:23:56,725 [pool-547-thread-1] INFO  impl.RaftServerImpl (RaftServerImpl.java:start(180)) - ee5c7872-3dc8-4a1b-b96f-cbf662dd320f: start group-EBBB911C96B3
2019-08-29 08:23:56,725 [pool-558-thread-1] INFO  server.RaftServerConfigKeys (ConfUtils.java:logGet(43)) - raft.server.log.statemachine.data.caching.enabled = true (custom)
2019-08-29 08:23:56,725 [pool-536-thread-1] INFO  server.RaftServerConfigKeys (ConfUtils.java:logGet(43)) - raft.server.log.force.sync.num = 128 (default)
2019-08-29 08:23:56,726 [pool-536-thread-1] INFO  server.RaftServerConfigKeys (ConfUtils.java:logGet(43)) - raft.server.log.statemachine.data.sync = true (default)
2019-08-29 08:23:56,725 [pool-547-thread-1] INFO  impl.RaftServerImpl (RaftServerImpl.java:setRole(171)) - ee5c7872-3dc8-4a1b-b96f-cbf662dd320f:group-EBBB911C96B3 changes role from null to FOLLOWER at term 0 for startAsFollower
2019-08-29 08:23:56,726 [pool-536-thread-1] INFO  server.RaftServerConfigKeys (ConfUtils.java:logGet(43)) - raft.server.log.statemachine.data.sync.timeout = 10s (default)
2019-08-29 08:23:56,726 [pool-558-thread-1] INFO  segmented.SegmentedRaftLogWorker (SegmentedRaftLogWorker.java:lambda$new$0(132)) - f3af49b3-6b43-4dcd-87a2-e9c9c1638f7b-SegmentedRaftLogWorker:Storage Directory /workdir/hadoop-ozone/integration-test/target/test-dir/MiniOzoneClusterImpl-6291b889-f921-442b-be66-486fed594c04/datanode-2/data/ratis/a06ce0ce-00b7-4c4f-86b9-ebbb911c96b3: flushIndex: setUnconditionally 0 -> -1
2019-08-29 08:23:56,726 [pool-536-thread-1] INFO  server.RaftServerConfigKeys (ConfUtils.java:logGet(43)) - raft.server.log.statemachine.data.sync.timeout.retry = -1 (default)
2019-08-29 08:23:56,726 [pool-547-thread-1] INFO  impl.RoleInfo (RoleInfo.java:updateAndGet(143)) - ee5c7872-3dc8-4a1b-b96f-cbf662dd320f: start FollowerState
2019-08-29 08:23:56,726 [pool-558-thread-1] INFO  server.RaftServerConfigKeys (ConfUtils.java:logGet(43)) - raft.server.snapshot.auto.trigger.enabled = true (custom)
2019-08-29 08:23:56,726 [pool-536-thread-1] INFO  server.RaftServerConfigKeys (ConfUtils.java:logGet(43)) - raft.server.log.statemachine.data.caching.enabled = true (custom)
2019-08-29 08:23:56,727 [pool-558-thread-1] INFO  server.RaftServerConfigKeys (ConfUtils.java:logGet(43)) - raft.server.snapshot.auto.trigger.threshold = 10000 (custom)
2019-08-29 08:23:56,727 [pool-547-thread-1] INFO  util.JmxRegister (JmxRegister.java:tryRegister(44)) - Successfully registered JMX Bean with object name Ratis:service=RaftServer,group=group-EBBB911C96B3,id=ee5c7872-3dc8-4a1b-b96f-cbf662dd320f
2019-08-29 08:23:56,727 [pool-558-thread-1] INFO  server.RaftServerConfigKeys (ConfUtils.java:logGet(43)) - raft.server.retrycache.expirytime = 600000ms (custom)
2019-08-29 08:23:56,727 [pool-536-thread-1] INFO  segmented.SegmentedRaftLogWorker (SegmentedRaftLogWorker.java:lambda$new$0(132)) - 0fa1021d-9840-440b-95fc-3f35327e9810-SegmentedRaftLogWorker:Storage Directory /workdir/hadoop-ozone/integration-test/target/test-dir/MiniOzoneClusterImpl-6291b889-f921-442b-be66-486fed594c04/datanode-0/data/ratis/a06ce0ce-00b7-4c4f-86b9-ebbb911c96b3: flushIndex: setUnconditionally 0 -> -1
2019-08-29 08:23:56,727 [pool-558-thread-1] INFO  impl.RaftServerImpl (RaftServerImpl.java:start(180)) - f3af49b3-6b43-4dcd-87a2-e9c9c1638f7b: start group-EBBB911C96B3
2019-08-29 08:23:56,727 [pool-558-thread-1] INFO  impl.RaftServerImpl (RaftServerImpl.java:setRole(171)) - f3af49b3-6b43-4dcd-87a2-e9c9c1638f7b:group-EBBB911C96B3 changes role from null to FOLLOWER at term 0 for startAsFollower
2019-08-29 08:23:56,727 [pool-536-thread-1] INFO  server.RaftServerConfigKeys (ConfUtils.java:logGet(43)) - raft.server.snapshot.auto.trigger.enabled = true (custom)
2019-08-29 08:23:56,727 [pool-558-thread-1] INFO  impl.RoleInfo (RoleInfo.java:updateAndGet(143)) - f3af49b3-6b43-4dcd-87a2-e9c9c1638f7b: start FollowerState
2019-08-29 08:23:56,728 [pool-536-thread-1] INFO  server.RaftServerConfigKeys (ConfUtils.java:logGet(43)) - raft.server.snapshot.auto.trigger.threshold = 10000 (custom)
2019-08-29 08:23:56,728 [pool-536-thread-1] INFO  server.RaftServerConfigKeys (ConfUtils.java:logGet(43)) - raft.server.retrycache.expirytime = 600000ms (custom)
2019-08-29 08:23:56,728 [pool-536-thread-1] INFO  impl.RaftServerImpl (RaftServerImpl.java:start(180)) - 0fa1021d-9840-440b-95fc-3f35327e9810: start group-EBBB911C96B3
2019-08-29 08:23:56,728 [pool-558-thread-1] INFO  util.JmxRegister (JmxRegister.java:tryRegister(44)) - Successfully registered JMX Bean with object name Ratis:service=RaftServer,group=group-EBBB911C96B3,id=f3af49b3-6b43-4dcd-87a2-e9c9c1638f7b
2019-08-29 08:23:56,728 [pool-536-thread-1] INFO  impl.RaftServerImpl (RaftServerImpl.java:setRole(171)) - 0fa1021d-9840-440b-95fc-3f35327e9810:group-EBBB911C96B3 changes role from null to FOLLOWER at term 0 for startAsFollower
2019-08-29 08:23:56,728 [pool-536-thread-1] INFO  impl.RoleInfo (RoleInfo.java:updateAndGet(143)) - 0fa1021d-9840-440b-95fc-3f35327e9810: start FollowerState
2019-08-29 08:23:56,729 [pool-536-thread-1] INFO  util.JmxRegister (JmxRegister.java:tryRegister(44)) - Successfully registered JMX Bean with object name Ratis:service=RaftServer,group=group-EBBB911C96B3,id=0fa1021d-9840-440b-95fc-3f35327e9810
2019-08-29 08:23:56,731 [RatisPipelineUtilsThread] INFO  pipeline.PipelineStateManager (PipelineStateManager.java:addPipeline(56)) - Created pipeline Pipeline[ Id: a06ce0ce-00b7-4c4f-86b9-ebbb911c96b3, Nodes: 0fa1021d-9840-440b-95fc-3f35327e9810{ip: 192.168.69.89, host: pr-hdds-1569-7rqkn-550228749, networkLocation: /default-rack, certSerialId: null}f3af49b3-6b43-4dcd-87a2-e9c9c1638f7b{ip: 192.168.69.89, host: pr-hdds-1569-7rqkn-550228749, networkLocation: /default-rack, certSerialId: null}ee5c7872-3dc8-4a1b-b96f-cbf662dd320f{ip: 192.168.69.89, host: pr-hdds-1569-7rqkn-550228749, networkLocation: /default-rack, certSerialId: null}, Type:RATIS, Factor:THREE, State:OPEN]
2019-08-29 08:23:57,037 [IPC Server handler 3 on 37867] INFO  net.NetworkTopology (NetworkTopologyImpl.java:add(110)) - Added a new node: /default-rack/2bf2abbb-f03d-4b0e-b27d-2c376d4bd519
2019-08-29 08:23:57,037 [IPC Server handler 3 on 37867] INFO  node.SCMNodeManager (SCMNodeManager.java:register(273)) - Registered Data node : 2bf2abbb-f03d-4b0e-b27d-2c376d4bd519{ip: 192.168.69.89, host: pr-hdds-1569-7rqkn-550228749, networkLocation: /default-rack, certSerialId: null}
2019-08-29 08:23:57,040 | INFO  | SCMAudit | user=jenkins1000 | ip=192.168.69.89 | op=REGISTER {datanodeDetails=2bf2abbb-f03d-4b0e-b27d-2c376d4bd519{ip: 192.168.69.89, host: pr-hdds-1569-7rqkn-550228749, networkLocation: /default-rack, certSerialId: null}} | ret=SUCCESS |  
2019-08-29 08:23:57,046 [grpc-default-executor-7] INFO  impl.RaftServerProxy (RaftServerProxy.java:addNew(89)) - 2bf2abbb-f03d-4b0e-b27d-2c376d4bd519: addNew group-20A2B0FE613E:[2bf2abbb-f03d-4b0e-b27d-2c376d4bd519:192.168.69.89:37716] returns group-20A2B0FE613E:java.util.concurrent.CompletableFuture@5e2d6e74[Not completed]
2019-08-29 08:23:57,047 [pool-569-thread-1] INFO  impl.RaftServerImpl (RaftServerImpl.java:<init>(93)) - 2bf2abbb-f03d-4b0e-b27d-2c376d4bd519: new RaftServerImpl for group-20A2B0FE613E:[2bf2abbb-f03d-4b0e-b27d-2c376d4bd519:192.168.69.89:37716] with ContainerStateMachine:uninitialized
2019-08-29 08:23:57,047 [pool-569-thread-1] INFO  server.RaftServerConfigKeys (ConfUtils.java:logGet(43)) - raft.server.rpc.timeout.min = 5s (custom)
2019-08-29 08:23:57,047 [pool-569-thread-1] INFO  server.RaftServerConfigKeys (ConfUtils.java:logGet(43)) - raft.server.rpc.timeout.max = 5200ms (custom)
2019-08-29 08:23:57,047 [pool-569-thread-1] INFO  server.RaftServerConfigKeys (ConfUtils.java:logGet(43)) - raft.server.rpcslowness.timeout = 120s (custom)
2019-08-29 08:23:57,047 [pool-569-thread-1] INFO  server.RaftServerConfigKeys (ConfUtils.java:logGet(43)) - raft.server.sleep.deviation.threshold = 300 (default)
2019-08-29 08:23:57,048 [pool-569-thread-1] INFO  server.RaftServerConfigKeys (ConfUtils.java:logGet(43)) - raft.server.log.appender.install.snapshot.enabled = false (custom)
2019-08-29 08:23:57,048 [pool-569-thread-1] INFO  impl.RaftServerImpl (ServerState.java:<init>(105)) - 2bf2abbb-f03d-4b0e-b27d-2c376d4bd519:group-20A2B0FE613E ConfigurationManager, init=-1: [2bf2abbb-f03d-4b0e-b27d-2c376d4bd519:192.168.69.89:37716], old=null, confs=<EMPTY_MAP>
2019-08-29 08:23:57,048 [pool-569-thread-1] INFO  server.RaftServerConfigKeys (ConfUtils.java:logGet(43)) - raft.server.storage.dir = [/workdir/hadoop-ozone/integration-test/target/test-dir/MiniOzoneClusterImpl-6291b889-f921-442b-be66-486fed594c04/datanode-3/data/ratis] (custom)
2019-08-29 08:23:57,048 [pool-569-thread-1] INFO  storage.RaftStorageDirectory (RaftStorageDirectory.java:analyzeStorage(246)) - The storage directory /workdir/hadoop-ozone/integration-test/target/test-dir/MiniOzoneClusterImpl-6291b889-f921-442b-be66-486fed594c04/datanode-3/data/ratis/776dc259-fd2c-4cfb-8cf0-20a2b0fe613e does not exist. Creating ...
2019-08-29 08:23:57,071 [pool-569-thread-1] INFO  storage.RaftStorageDirectory (RaftStorageDirectory.java:tryLock(328)) - Lock on /workdir/hadoop-ozone/integration-test/target/test-dir/MiniOzoneClusterImpl-6291b889-f921-442b-be66-486fed594c04/datanode-3/data/ratis/776dc259-fd2c-4cfb-8cf0-20a2b0fe613e/in_use.lock acquired by nodename 16068@pr-hdds-1569-7rqkn-550228749
2019-08-29 08:23:57,094 [pool-569-thread-1] INFO  storage.RaftStorage (RaftStorage.java:format(72)) - Storage directory /workdir/hadoop-ozone/integration-test/target/test-dir/MiniOzoneClusterImpl-6291b889-f921-442b-be66-486fed594c04/datanode-3/data/ratis/776dc259-fd2c-4cfb-8cf0-20a2b0fe613e has been successfully formatted.
2019-08-29 08:23:57,095 [pool-569-thread-1] INFO  ratis.ContainerStateMachine (ContainerStateMachine.java:loadSnapshot(226)) - group-20A2B0FE613E: The snapshot info is null. Setting the last applied indexto:(t:0, i:~)
2019-08-29 08:23:57,095 [pool-569-thread-1] INFO  server.RaftServerConfigKeys (ConfUtils.java:logGet(43)) - raft.server.leader.election.timeout = 120s (custom)
2019-08-29 08:23:57,095 [pool-569-thread-1] INFO  server.RaftServerConfigKeys (ConfUtils.java:logGet(43)) - raft.server.log.use.memory = false (default)
2019-08-29 08:23:57,095 [pool-569-thread-1] INFO  server.RaftServerConfigKeys (ConfUtils.java:logGet(43)) - raft.server.log.purge.gap = 1000000 (custom)
2019-08-29 08:23:57,095 [pool-569-thread-1] INFO  server.RaftServerConfigKeys (ConfUtils.java:logGet(43)) - raft.server.log.appender.buffer.byte-limit = 33554432 (custom)
2019-08-29 08:23:57,095 [pool-569-thread-1] INFO  server.RaftServerConfigKeys (ConfUtils.java:logGet(43)) - raft.server.log.segment.size.max = 1048576 (custom)
2019-08-29 08:23:57,095 [pool-569-thread-1] INFO  server.RaftServerConfigKeys (ConfUtils.java:logGet(43)) - raft.server.log.segment.cache.num.max = 2 (custom)
2019-08-29 08:23:57,095 [pool-569-thread-1] INFO  segmented.SegmentedRaftLogWorker (SegmentedRaftLogWorker.java:<init>(172)) - new 2bf2abbb-f03d-4b0e-b27d-2c376d4bd519-SegmentedRaftLogWorker:Storage Directory /workdir/hadoop-ozone/integration-test/target/test-dir/MiniOzoneClusterImpl-6291b889-f921-442b-be66-486fed594c04/datanode-3/data/ratis/776dc259-fd2c-4cfb-8cf0-20a2b0fe613e for RaftStorage:Storage Directory /workdir/hadoop-ozone/integration-test/target/test-dir/MiniOzoneClusterImpl-6291b889-f921-442b-be66-486fed594c04/datanode-3/data/ratis/776dc259-fd2c-4cfb-8cf0-20a2b0fe613e
2019-08-29 08:23:57,095 [pool-569-thread-1] INFO  server.RaftServerConfigKeys (ConfUtils.java:logGet(43)) - raft.server.log.queue.byte-limit = 2147483647 (custom)
2019-08-29 08:23:57,096 [pool-569-thread-1] INFO  server.RaftServerConfigKeys (ConfUtils.java:logGet(43)) - raft.server.log.queue.element-limit = 1024 (custom)
2019-08-29 08:23:57,096 [pool-569-thread-1] INFO  server.RaftServerConfigKeys (ConfUtils.java:logGet(43)) - raft.server.log.segment.size.max = 1048576 (custom)
2019-08-29 08:23:57,096 [pool-569-thread-1] INFO  server.RaftServerConfigKeys (ConfUtils.java:logGet(43)) - raft.server.log.preallocated.size = 16384 (custom)
2019-08-29 08:23:57,096 [pool-569-thread-1] INFO  server.RaftServerConfigKeys (ConfUtils.java:logGet(43)) - raft.server.log.write.buffer.size = 33554432 (custom)
2019-08-29 08:23:57,096 [pool-569-thread-1] INFO  server.RaftServerConfigKeys (ConfUtils.java:logGet(43)) - raft.server.log.force.sync.num = 128 (default)
2019-08-29 08:23:57,096 [pool-569-thread-1] INFO  server.RaftServerConfigKeys (ConfUtils.java:logGet(43)) - raft.server.log.statemachine.data.sync = true (default)
2019-08-29 08:23:57,096 [pool-569-thread-1] INFO  server.RaftServerConfigKeys (ConfUtils.java:logGet(43)) - raft.server.log.statemachine.data.sync.timeout = 10s (default)
2019-08-29 08:23:57,096 [pool-569-thread-1] INFO  server.RaftServerConfigKeys (ConfUtils.java:logGet(43)) - raft.server.log.statemachine.data.sync.timeout.retry = -1 (default)
2019-08-29 08:23:57,096 [pool-569-thread-1] INFO  server.RaftServerConfigKeys (ConfUtils.java:logGet(43)) - raft.server.log.statemachine.data.caching.enabled = true (custom)
2019-08-29 08:23:57,097 [pool-569-thread-1] INFO  segmented.SegmentedRaftLogWorker (SegmentedRaftLogWorker.java:lambda$new$0(132)) - 2bf2abbb-f03d-4b0e-b27d-2c376d4bd519-SegmentedRaftLogWorker:Storage Directory /workdir/hadoop-ozone/integration-test/target/test-dir/MiniOzoneClusterImpl-6291b889-f921-442b-be66-486fed594c04/datanode-3/data/ratis/776dc259-fd2c-4cfb-8cf0-20a2b0fe613e: flushIndex: setUnconditionally 0 -> -1
2019-08-29 08:23:57,097 [pool-569-thread-1] INFO  server.RaftServerConfigKeys (ConfUtils.java:logGet(43)) - raft.server.snapshot.auto.trigger.enabled = true (custom)
2019-08-29 08:23:57,097 [pool-569-thread-1] INFO  server.RaftServerConfigKeys (ConfUtils.java:logGet(43)) - raft.server.snapshot.auto.trigger.threshold = 10000 (custom)
2019-08-29 08:23:57,097 [pool-569-thread-1] INFO  server.RaftServerConfigKeys (ConfUtils.java:logGet(43)) - raft.server.retrycache.expirytime = 600000ms (custom)
2019-08-29 08:23:57,097 [pool-569-thread-1] INFO  impl.RaftServerImpl (RaftServerImpl.java:start(180)) - 2bf2abbb-f03d-4b0e-b27d-2c376d4bd519: start group-20A2B0FE613E
2019-08-29 08:23:57,097 [pool-569-thread-1] INFO  impl.RaftServerImpl (RaftServerImpl.java:setRole(171)) - 2bf2abbb-f03d-4b0e-b27d-2c376d4bd519:group-20A2B0FE613E changes role from null to FOLLOWER at term 0 for startAsFollower
2019-08-29 08:23:57,097 [pool-569-thread-1] INFO  impl.RoleInfo (RoleInfo.java:updateAndGet(143)) - 2bf2abbb-f03d-4b0e-b27d-2c376d4bd519: start FollowerState
2019-08-29 08:23:57,098 [pool-569-thread-1] INFO  util.JmxRegister (JmxRegister.java:tryRegister(44)) - Successfully registered JMX Bean with object name Ratis:service=RaftServer,group=group-20A2B0FE613E,id=2bf2abbb-f03d-4b0e-b27d-2c376d4bd519
2019-08-29 08:23:57,099 [RatisPipelineUtilsThread] INFO  pipeline.PipelineStateManager (PipelineStateManager.java:addPipeline(56)) - Created pipeline Pipeline[ Id: 776dc259-fd2c-4cfb-8cf0-20a2b0fe613e, Nodes: 2bf2abbb-f03d-4b0e-b27d-2c376d4bd519{ip: 192.168.69.89, host: pr-hdds-1569-7rqkn-550228749, networkLocation: /default-rack, certSerialId: null}, Type:RATIS, Factor:ONE, State:OPEN]
2019-08-29 08:23:57,256 [IPC Server handler 0 on 37867] INFO  net.NetworkTopology (NetworkTopologyImpl.java:add(110)) - Added a new node: /default-rack/4e4fc70f-7137-48e5-bce3-ed99a5fefc67
2019-08-29 08:23:57,256 [IPC Server handler 0 on 37867] INFO  node.SCMNodeManager (SCMNodeManager.java:register(273)) - Registered Data node : 4e4fc70f-7137-48e5-bce3-ed99a5fefc67{ip: 192.168.69.89, host: pr-hdds-1569-7rqkn-550228749, networkLocation: /default-rack, certSerialId: null}
2019-08-29 08:23:57,257 | INFO  | SCMAudit | user=jenkins1000 | ip=192.168.69.89 | op=REGISTER {datanodeDetails=4e4fc70f-7137-48e5-bce3-ed99a5fefc67{ip: 192.168.69.89, host: pr-hdds-1569-7rqkn-550228749, networkLocation: /default-rack, certSerialId: null}} | ret=SUCCESS |  
2019-08-29 08:23:57,270 [grpc-default-executor-7] INFO  impl.RaftServerProxy (RaftServerProxy.java:addNew(89)) - 4e4fc70f-7137-48e5-bce3-ed99a5fefc67: addNew group-02717421C58F:[4e4fc70f-7137-48e5-bce3-ed99a5fefc67:192.168.69.89:34375] returns group-02717421C58F:java.util.concurrent.CompletableFuture@125ac83f[Not completed]
2019-08-29 08:23:57,272 [pool-580-thread-1] INFO  impl.RaftServerImpl (RaftServerImpl.java:<init>(93)) - 4e4fc70f-7137-48e5-bce3-ed99a5fefc67: new RaftServerImpl for group-02717421C58F:[4e4fc70f-7137-48e5-bce3-ed99a5fefc67:192.168.69.89:34375] with ContainerStateMachine:uninitialized
2019-08-29 08:23:57,272 [pool-580-thread-1] INFO  server.RaftServerConfigKeys (ConfUtils.java:logGet(43)) - raft.server.rpc.timeout.min = 5s (custom)
2019-08-29 08:23:57,272 [pool-580-thread-1] INFO  server.RaftServerConfigKeys (ConfUtils.java:logGet(43)) - raft.server.rpc.timeout.max = 5200ms (custom)
2019-08-29 08:23:57,272 [pool-580-thread-1] INFO  server.RaftServerConfigKeys (ConfUtils.java:logGet(43)) - raft.server.rpcslowness.timeout = 120s (custom)
2019-08-29 08:23:57,272 [pool-580-thread-1] INFO  server.RaftServerConfigKeys (ConfUtils.java:logGet(43)) - raft.server.sleep.deviation.threshold = 300 (default)
2019-08-29 08:23:57,272 [pool-580-thread-1] INFO  server.RaftServerConfigKeys (ConfUtils.java:logGet(43)) - raft.server.log.appender.install.snapshot.enabled = false (custom)
2019-08-29 08:23:57,272 [pool-580-thread-1] INFO  impl.RaftServerImpl (ServerState.java:<init>(105)) - 4e4fc70f-7137-48e5-bce3-ed99a5fefc67:group-02717421C58F ConfigurationManager, init=-1: [4e4fc70f-7137-48e5-bce3-ed99a5fefc67:192.168.69.89:34375], old=null, confs=<EMPTY_MAP>
2019-08-29 08:23:57,273 [pool-580-thread-1] INFO  server.RaftServerConfigKeys (ConfUtils.java:logGet(43)) - raft.server.storage.dir = [/workdir/hadoop-ozone/integration-test/target/test-dir/MiniOzoneClusterImpl-6291b889-f921-442b-be66-486fed594c04/datanode-4/data/ratis] (custom)
2019-08-29 08:23:57,273 [pool-580-thread-1] INFO  storage.RaftStorageDirectory (RaftStorageDirectory.java:analyzeStorage(246)) - The storage directory /workdir/hadoop-ozone/integration-test/target/test-dir/MiniOzoneClusterImpl-6291b889-f921-442b-be66-486fed594c04/datanode-4/data/ratis/e464f32e-bc41-4d3b-87cd-02717421c58f does not exist. Creating ...
2019-08-29 08:23:57,299 [pool-580-thread-1] INFO  storage.RaftStorageDirectory (RaftStorageDirectory.java:tryLock(328)) - Lock on /workdir/hadoop-ozone/integration-test/target/test-dir/MiniOzoneClusterImpl-6291b889-f921-442b-be66-486fed594c04/datanode-4/data/ratis/e464f32e-bc41-4d3b-87cd-02717421c58f/in_use.lock acquired by nodename 16068@pr-hdds-1569-7rqkn-550228749
2019-08-29 08:23:57,331 [pool-580-thread-1] INFO  storage.RaftStorage (RaftStorage.java:format(72)) - Storage directory /workdir/hadoop-ozone/integration-test/target/test-dir/MiniOzoneClusterImpl-6291b889-f921-442b-be66-486fed594c04/datanode-4/data/ratis/e464f32e-bc41-4d3b-87cd-02717421c58f has been successfully formatted.
2019-08-29 08:23:57,332 [pool-580-thread-1] INFO  ratis.ContainerStateMachine (ContainerStateMachine.java:loadSnapshot(226)) - group-02717421C58F: The snapshot info is null. Setting the last applied indexto:(t:0, i:~)
2019-08-29 08:23:57,332 [pool-580-thread-1] INFO  server.RaftServerConfigKeys (ConfUtils.java:logGet(43)) - raft.server.leader.election.timeout = 120s (custom)
2019-08-29 08:23:57,332 [pool-580-thread-1] INFO  server.RaftServerConfigKeys (ConfUtils.java:logGet(43)) - raft.server.log.use.memory = false (default)
2019-08-29 08:23:57,332 [pool-580-thread-1] INFO  server.RaftServerConfigKeys (ConfUtils.java:logGet(43)) - raft.server.log.purge.gap = 1000000 (custom)
2019-08-29 08:23:57,332 [pool-580-thread-1] INFO  server.RaftServerConfigKeys (ConfUtils.java:logGet(43)) - raft.server.log.appender.buffer.byte-limit = 33554432 (custom)
2019-08-29 08:23:57,332 [pool-580-thread-1] INFO  server.RaftServerConfigKeys (ConfUtils.java:logGet(43)) - raft.server.log.segment.size.max = 1048576 (custom)
2019-08-29 08:23:57,332 [pool-580-thread-1] INFO  server.RaftServerConfigKeys (ConfUtils.java:logGet(43)) - raft.server.log.segment.cache.num.max = 2 (custom)
2019-08-29 08:23:57,332 [pool-580-thread-1] INFO  segmented.SegmentedRaftLogWorker (SegmentedRaftLogWorker.java:<init>(172)) - new 4e4fc70f-7137-48e5-bce3-ed99a5fefc67-SegmentedRaftLogWorker:Storage Directory /workdir/hadoop-ozone/integration-test/target/test-dir/MiniOzoneClusterImpl-6291b889-f921-442b-be66-486fed594c04/datanode-4/data/ratis/e464f32e-bc41-4d3b-87cd-02717421c58f for RaftStorage:Storage Directory /workdir/hadoop-ozone/integration-test/target/test-dir/MiniOzoneClusterImpl-6291b889-f921-442b-be66-486fed594c04/datanode-4/data/ratis/e464f32e-bc41-4d3b-87cd-02717421c58f
2019-08-29 08:23:57,333 [pool-580-thread-1] INFO  server.RaftServerConfigKeys (ConfUtils.java:logGet(43)) - raft.server.log.queue.byte-limit = 2147483647 (custom)
2019-08-29 08:23:57,333 [pool-580-thread-1] INFO  server.RaftServerConfigKeys (ConfUtils.java:logGet(43)) - raft.server.log.queue.element-limit = 1024 (custom)
2019-08-29 08:23:57,333 [pool-580-thread-1] INFO  server.RaftServerConfigKeys (ConfUtils.java:logGet(43)) - raft.server.log.segment.size.max = 1048576 (custom)
2019-08-29 08:23:57,333 [pool-580-thread-1] INFO  server.RaftServerConfigKeys (ConfUtils.java:logGet(43)) - raft.server.log.preallocated.size = 16384 (custom)
2019-08-29 08:23:57,333 [pool-580-thread-1] INFO  server.RaftServerConfigKeys (ConfUtils.java:logGet(43)) - raft.server.log.write.buffer.size = 33554432 (custom)
2019-08-29 08:23:57,333 [pool-580-thread-1] INFO  server.RaftServerConfigKeys (ConfUtils.java:logGet(43)) - raft.server.log.force.sync.num = 128 (default)
2019-08-29 08:23:57,333 [pool-580-thread-1] INFO  server.RaftServerConfigKeys (ConfUtils.java:logGet(43)) - raft.server.log.statemachine.data.sync = true (default)
2019-08-29 08:23:57,333 [pool-580-thread-1] INFO  server.RaftServerConfigKeys (ConfUtils.java:logGet(43)) - raft.server.log.statemachine.data.sync.timeout = 10s (default)
2019-08-29 08:23:57,334 [pool-580-thread-1] INFO  server.RaftServerConfigKeys (ConfUtils.java:logGet(43)) - raft.server.log.statemachine.data.sync.timeout.retry = -1 (default)
2019-08-29 08:23:57,334 [pool-580-thread-1] INFO  server.RaftServerConfigKeys (ConfUtils.java:logGet(43)) - raft.server.log.statemachine.data.caching.enabled = true (custom)
2019-08-29 08:23:57,334 [pool-580-thread-1] INFO  segmented.SegmentedRaftLogWorker (SegmentedRaftLogWorker.java:lambda$new$0(132)) - 4e4fc70f-7137-48e5-bce3-ed99a5fefc67-SegmentedRaftLogWorker:Storage Directory /workdir/hadoop-ozone/integration-test/target/test-dir/MiniOzoneClusterImpl-6291b889-f921-442b-be66-486fed594c04/datanode-4/data/ratis/e464f32e-bc41-4d3b-87cd-02717421c58f: flushIndex: setUnconditionally 0 -> -1
2019-08-29 08:23:57,334 [pool-580-thread-1] INFO  server.RaftServerConfigKeys (ConfUtils.java:logGet(43)) - raft.server.snapshot.auto.trigger.enabled = true (custom)
2019-08-29 08:23:57,334 [pool-580-thread-1] INFO  server.RaftServerConfigKeys (ConfUtils.java:logGet(43)) - raft.server.snapshot.auto.trigger.threshold = 10000 (custom)
2019-08-29 08:23:57,334 [pool-580-thread-1] INFO  server.RaftServerConfigKeys (ConfUtils.java:logGet(43)) - raft.server.retrycache.expirytime = 600000ms (custom)
2019-08-29 08:23:57,335 [pool-580-thread-1] INFO  impl.RaftServerImpl (RaftServerImpl.java:start(180)) - 4e4fc70f-7137-48e5-bce3-ed99a5fefc67: start group-02717421C58F
2019-08-29 08:23:57,335 [pool-580-thread-1] INFO  impl.RaftServerImpl (RaftServerImpl.java:setRole(171)) - 4e4fc70f-7137-48e5-bce3-ed99a5fefc67:group-02717421C58F changes role from null to FOLLOWER at term 0 for startAsFollower
2019-08-29 08:23:57,335 [pool-580-thread-1] INFO  impl.RoleInfo (RoleInfo.java:updateAndGet(143)) - 4e4fc70f-7137-48e5-bce3-ed99a5fefc67: start FollowerState
2019-08-29 08:23:57,335 [pool-580-thread-1] INFO  util.JmxRegister (JmxRegister.java:tryRegister(44)) - Successfully registered JMX Bean with object name Ratis:service=RaftServer,group=group-02717421C58F,id=4e4fc70f-7137-48e5-bce3-ed99a5fefc67
2019-08-29 08:23:57,337 [RatisPipelineUtilsThread] INFO  pipeline.PipelineStateManager (PipelineStateManager.java:addPipeline(56)) - Created pipeline Pipeline[ Id: e464f32e-bc41-4d3b-87cd-02717421c58f, Nodes: 4e4fc70f-7137-48e5-bce3-ed99a5fefc67{ip: 192.168.69.89, host: pr-hdds-1569-7rqkn-550228749, networkLocation: /default-rack, certSerialId: null}, Type:RATIS, Factor:ONE, State:OPEN]
2019-08-29 08:23:57,453 [IPC Server handler 2 on 37867] INFO  net.NetworkTopology (NetworkTopologyImpl.java:add(110)) - Added a new node: /default-rack/94e856c7-b0ce-4c30-ba6b-01ce82d994d4
2019-08-29 08:23:57,453 [IPC Server handler 2 on 37867] INFO  node.SCMNodeManager (SCMNodeManager.java:register(273)) - Registered Data node : 94e856c7-b0ce-4c30-ba6b-01ce82d994d4{ip: 192.168.69.89, host: pr-hdds-1569-7rqkn-550228749, networkLocation: /default-rack, certSerialId: null}
2019-08-29 08:23:57,453 | INFO  | SCMAudit | user=jenkins1000 | ip=192.168.69.89 | op=REGISTER {datanodeDetails=94e856c7-b0ce-4c30-ba6b-01ce82d994d4{ip: 192.168.69.89, host: pr-hdds-1569-7rqkn-550228749, networkLocation: /default-rack, certSerialId: null}} | ret=SUCCESS |  
2019-08-29 08:23:57,458 [grpc-default-executor-12] INFO  impl.RaftServerProxy (RaftServerProxy.java:addNew(89)) - 94e856c7-b0ce-4c30-ba6b-01ce82d994d4: addNew group-2C6413F096BC:[94e856c7-b0ce-4c30-ba6b-01ce82d994d4:192.168.69.89:39647] returns group-2C6413F096BC:java.util.concurrent.CompletableFuture@bc24dd1[Not completed]
2019-08-29 08:23:57,459 [pool-591-thread-1] INFO  impl.RaftServerImpl (RaftServerImpl.java:<init>(93)) - 94e856c7-b0ce-4c30-ba6b-01ce82d994d4: new RaftServerImpl for group-2C6413F096BC:[94e856c7-b0ce-4c30-ba6b-01ce82d994d4:192.168.69.89:39647] with ContainerStateMachine:uninitialized
2019-08-29 08:23:57,459 [pool-591-thread-1] INFO  server.RaftServerConfigKeys (ConfUtils.java:logGet(43)) - raft.server.rpc.timeout.min = 5s (custom)
2019-08-29 08:23:57,459 [pool-591-thread-1] INFO  server.RaftServerConfigKeys (ConfUtils.java:logGet(43)) - raft.server.rpc.timeout.max = 5200ms (custom)
2019-08-29 08:23:57,459 [pool-591-thread-1] INFO  server.RaftServerConfigKeys (ConfUtils.java:logGet(43)) - raft.server.rpcslowness.timeout = 120s (custom)
2019-08-29 08:23:57,459 [pool-591-thread-1] INFO  server.RaftServerConfigKeys (ConfUtils.java:logGet(43)) - raft.server.sleep.deviation.threshold = 300 (default)
2019-08-29 08:23:57,459 [pool-591-thread-1] INFO  server.RaftServerConfigKeys (ConfUtils.java:logGet(43)) - raft.server.log.appender.install.snapshot.enabled = false (custom)
2019-08-29 08:23:57,459 [pool-591-thread-1] INFO  impl.RaftServerImpl (ServerState.java:<init>(105)) - 94e856c7-b0ce-4c30-ba6b-01ce82d994d4:group-2C6413F096BC ConfigurationManager, init=-1: [94e856c7-b0ce-4c30-ba6b-01ce82d994d4:192.168.69.89:39647], old=null, confs=<EMPTY_MAP>
2019-08-29 08:23:57,459 [pool-591-thread-1] INFO  server.RaftServerConfigKeys (ConfUtils.java:logGet(43)) - raft.server.storage.dir = [/workdir/hadoop-ozone/integration-test/target/test-dir/MiniOzoneClusterImpl-6291b889-f921-442b-be66-486fed594c04/datanode-5/data/ratis] (custom)
2019-08-29 08:23:57,460 [pool-591-thread-1] INFO  storage.RaftStorageDirectory (RaftStorageDirectory.java:analyzeStorage(246)) - The storage directory /workdir/hadoop-ozone/integration-test/target/test-dir/MiniOzoneClusterImpl-6291b889-f921-442b-be66-486fed594c04/datanode-5/data/ratis/47eb3698-c2b1-42d0-b341-2c6413f096bc does not exist. Creating ...
2019-08-29 08:23:57,498 [pool-591-thread-1] INFO  storage.RaftStorageDirectory (RaftStorageDirectory.java:tryLock(328)) - Lock on /workdir/hadoop-ozone/integration-test/target/test-dir/MiniOzoneClusterImpl-6291b889-f921-442b-be66-486fed594c04/datanode-5/data/ratis/47eb3698-c2b1-42d0-b341-2c6413f096bc/in_use.lock acquired by nodename 16068@pr-hdds-1569-7rqkn-550228749
2019-08-29 08:23:57,515 [pool-591-thread-1] INFO  storage.RaftStorage (RaftStorage.java:format(72)) - Storage directory /workdir/hadoop-ozone/integration-test/target/test-dir/MiniOzoneClusterImpl-6291b889-f921-442b-be66-486fed594c04/datanode-5/data/ratis/47eb3698-c2b1-42d0-b341-2c6413f096bc has been successfully formatted.
2019-08-29 08:23:57,515 [pool-591-thread-1] INFO  ratis.ContainerStateMachine (ContainerStateMachine.java:loadSnapshot(226)) - group-2C6413F096BC: The snapshot info is null. Setting the last applied indexto:(t:0, i:~)
2019-08-29 08:23:57,515 [pool-591-thread-1] INFO  server.RaftServerConfigKeys (ConfUtils.java:logGet(43)) - raft.server.leader.election.timeout = 120s (custom)
2019-08-29 08:23:57,515 [pool-591-thread-1] INFO  server.RaftServerConfigKeys (ConfUtils.java:logGet(43)) - raft.server.log.use.memory = false (default)
2019-08-29 08:23:57,516 [pool-591-thread-1] INFO  server.RaftServerConfigKeys (ConfUtils.java:logGet(43)) - raft.server.log.purge.gap = 1000000 (custom)
2019-08-29 08:23:57,516 [pool-591-thread-1] INFO  server.RaftServerConfigKeys (ConfUtils.java:logGet(43)) - raft.server.log.appender.buffer.byte-limit = 33554432 (custom)
2019-08-29 08:23:57,516 [pool-591-thread-1] INFO  server.RaftServerConfigKeys (ConfUtils.java:logGet(43)) - raft.server.log.segment.size.max = 1048576 (custom)
2019-08-29 08:23:57,516 [pool-591-thread-1] INFO  server.RaftServerConfigKeys (ConfUtils.java:logGet(43)) - raft.server.log.segment.cache.num.max = 2 (custom)
2019-08-29 08:23:57,516 [pool-591-thread-1] INFO  segmented.SegmentedRaftLogWorker (SegmentedRaftLogWorker.java:<init>(172)) - new 94e856c7-b0ce-4c30-ba6b-01ce82d994d4-SegmentedRaftLogWorker:Storage Directory /workdir/hadoop-ozone/integration-test/target/test-dir/MiniOzoneClusterImpl-6291b889-f921-442b-be66-486fed594c04/datanode-5/data/ratis/47eb3698-c2b1-42d0-b341-2c6413f096bc for RaftStorage:Storage Directory /workdir/hadoop-ozone/integration-test/target/test-dir/MiniOzoneClusterImpl-6291b889-f921-442b-be66-486fed594c04/datanode-5/data/ratis/47eb3698-c2b1-42d0-b341-2c6413f096bc
2019-08-29 08:23:57,516 [pool-591-thread-1] INFO  server.RaftServerConfigKeys (ConfUtils.java:logGet(43)) - raft.server.log.queue.byte-limit = 2147483647 (custom)
2019-08-29 08:23:57,516 [pool-591-thread-1] INFO  server.RaftServerConfigKeys (ConfUtils.java:logGet(43)) - raft.server.log.queue.element-limit = 1024 (custom)
2019-08-29 08:23:57,517 [pool-591-thread-1] INFO  server.RaftServerConfigKeys (ConfUtils.java:logGet(43)) - raft.server.log.segment.size.max = 1048576 (custom)
2019-08-29 08:23:57,517 [pool-591-thread-1] INFO  server.RaftServerConfigKeys (ConfUtils.java:logGet(43)) - raft.server.log.preallocated.size = 16384 (custom)
2019-08-29 08:23:57,517 [pool-591-thread-1] INFO  server.RaftServerConfigKeys (ConfUtils.java:logGet(43)) - raft.server.log.write.buffer.size = 33554432 (custom)
2019-08-29 08:23:57,517 [pool-591-thread-1] INFO  server.RaftServerConfigKeys (ConfUtils.java:logGet(43)) - raft.server.log.force.sync.num = 128 (default)
2019-08-29 08:23:57,517 [pool-591-thread-1] INFO  server.RaftServerConfigKeys (ConfUtils.java:logGet(43)) - raft.server.log.statemachine.data.sync = true (default)
2019-08-29 08:23:57,517 [pool-591-thread-1] INFO  server.RaftServerConfigKeys (ConfUtils.java:logGet(43)) - raft.server.log.statemachine.data.sync.timeout = 10s (default)
2019-08-29 08:23:57,517 [pool-591-thread-1] INFO  server.RaftServerConfigKeys (ConfUtils.java:logGet(43)) - raft.server.log.statemachine.data.sync.timeout.retry = -1 (default)
2019-08-29 08:23:57,518 [pool-591-thread-1] INFO  server.RaftServerConfigKeys (ConfUtils.java:logGet(43)) - raft.server.log.statemachine.data.caching.enabled = true (custom)
2019-08-29 08:23:57,518 [pool-591-thread-1] INFO  segmented.SegmentedRaftLogWorker (SegmentedRaftLogWorker.java:lambda$new$0(132)) - 94e856c7-b0ce-4c30-ba6b-01ce82d994d4-SegmentedRaftLogWorker:Storage Directory /workdir/hadoop-ozone/integration-test/target/test-dir/MiniOzoneClusterImpl-6291b889-f921-442b-be66-486fed594c04/datanode-5/data/ratis/47eb3698-c2b1-42d0-b341-2c6413f096bc: flushIndex: setUnconditionally 0 -> -1
2019-08-29 08:23:57,518 [pool-591-thread-1] INFO  server.RaftServerConfigKeys (ConfUtils.java:logGet(43)) - raft.server.snapshot.auto.trigger.enabled = true (custom)
2019-08-29 08:23:57,518 [pool-591-thread-1] INFO  server.RaftServerConfigKeys (ConfUtils.java:logGet(43)) - raft.server.snapshot.auto.trigger.threshold = 10000 (custom)
2019-08-29 08:23:57,518 [pool-591-thread-1] INFO  server.RaftServerConfigKeys (ConfUtils.java:logGet(43)) - raft.server.retrycache.expirytime = 600000ms (custom)
2019-08-29 08:23:57,519 [pool-591-thread-1] INFO  impl.RaftServerImpl (RaftServerImpl.java:start(180)) - 94e856c7-b0ce-4c30-ba6b-01ce82d994d4: start group-2C6413F096BC
2019-08-29 08:23:57,519 [pool-591-thread-1] INFO  impl.RaftServerImpl (RaftServerImpl.java:setRole(171)) - 94e856c7-b0ce-4c30-ba6b-01ce82d994d4:group-2C6413F096BC changes role from null to FOLLOWER at term 0 for startAsFollower
2019-08-29 08:23:57,519 [pool-591-thread-1] INFO  impl.RoleInfo (RoleInfo.java:updateAndGet(143)) - 94e856c7-b0ce-4c30-ba6b-01ce82d994d4: start FollowerState
2019-08-29 08:23:57,519 [pool-591-thread-1] INFO  util.JmxRegister (JmxRegister.java:tryRegister(44)) - Successfully registered JMX Bean with object name Ratis:service=RaftServer,group=group-2C6413F096BC,id=94e856c7-b0ce-4c30-ba6b-01ce82d994d4
2019-08-29 08:23:57,521 [RatisPipelineUtilsThread] INFO  pipeline.PipelineStateManager (PipelineStateManager.java:addPipeline(56)) - Created pipeline Pipeline[ Id: 47eb3698-c2b1-42d0-b341-2c6413f096bc, Nodes: 94e856c7-b0ce-4c30-ba6b-01ce82d994d4{ip: 192.168.69.89, host: pr-hdds-1569-7rqkn-550228749, networkLocation: /default-rack, certSerialId: null}, Type:RATIS, Factor:ONE, State:OPEN]
2019-08-29 08:23:57,529 [grpc-default-executor-7] INFO  impl.RaftServerProxy (RaftServerProxy.java:addNew(89)) - 2bf2abbb-f03d-4b0e-b27d-2c376d4bd519: addNew group-8B1667B5E62E:[2bf2abbb-f03d-4b0e-b27d-2c376d4bd519:192.168.69.89:37716, 94e856c7-b0ce-4c30-ba6b-01ce82d994d4:192.168.69.89:39647, 4e4fc70f-7137-48e5-bce3-ed99a5fefc67:192.168.69.89:34375] returns group-8B1667B5E62E:java.util.concurrent.CompletableFuture@799a15e7[Not completed]
2019-08-29 08:23:57,530 [grpc-default-executor-10] INFO  impl.RaftServerProxy (RaftServerProxy.java:addNew(89)) - 4e4fc70f-7137-48e5-bce3-ed99a5fefc67: addNew group-8B1667B5E62E:[2bf2abbb-f03d-4b0e-b27d-2c376d4bd519:192.168.69.89:37716, 94e856c7-b0ce-4c30-ba6b-01ce82d994d4:192.168.69.89:39647, 4e4fc70f-7137-48e5-bce3-ed99a5fefc67:192.168.69.89:34375] returns group-8B1667B5E62E:java.util.concurrent.CompletableFuture@7437d0d4[Not completed]
2019-08-29 08:23:57,530 [grpc-default-executor-12] INFO  impl.RaftServerProxy (RaftServerProxy.java:addNew(89)) - 94e856c7-b0ce-4c30-ba6b-01ce82d994d4: addNew group-8B1667B5E62E:[2bf2abbb-f03d-4b0e-b27d-2c376d4bd519:192.168.69.89:37716, 94e856c7-b0ce-4c30-ba6b-01ce82d994d4:192.168.69.89:39647, 4e4fc70f-7137-48e5-bce3-ed99a5fefc67:192.168.69.89:34375] returns group-8B1667B5E62E:java.util.concurrent.CompletableFuture@279f68d4[Not completed]
2019-08-29 08:23:57,531 [pool-569-thread-1] INFO  impl.RaftServerImpl (RaftServerImpl.java:<init>(93)) - 2bf2abbb-f03d-4b0e-b27d-2c376d4bd519: new RaftServerImpl for group-8B1667B5E62E:[2bf2abbb-f03d-4b0e-b27d-2c376d4bd519:192.168.69.89:37716, 94e856c7-b0ce-4c30-ba6b-01ce82d994d4:192.168.69.89:39647, 4e4fc70f-7137-48e5-bce3-ed99a5fefc67:192.168.69.89:34375] with ContainerStateMachine:uninitialized
2019-08-29 08:23:57,531 [pool-569-thread-1] INFO  server.RaftServerConfigKeys (ConfUtils.java:logGet(43)) - raft.server.rpc.timeout.min = 5s (custom)
2019-08-29 08:23:57,531 [pool-569-thread-1] INFO  server.RaftServerConfigKeys (ConfUtils.java:logGet(43)) - raft.server.rpc.timeout.max = 5200ms (custom)
2019-08-29 08:23:57,531 [pool-569-thread-1] INFO  server.RaftServerConfigKeys (ConfUtils.java:logGet(43)) - raft.server.rpcslowness.timeout = 120s (custom)
2019-08-29 08:23:57,531 [pool-591-thread-1] INFO  impl.RaftServerImpl (RaftServerImpl.java:<init>(93)) - 94e856c7-b0ce-4c30-ba6b-01ce82d994d4: new RaftServerImpl for group-8B1667B5E62E:[2bf2abbb-f03d-4b0e-b27d-2c376d4bd519:192.168.69.89:37716, 94e856c7-b0ce-4c30-ba6b-01ce82d994d4:192.168.69.89:39647, 4e4fc70f-7137-48e5-bce3-ed99a5fefc67:192.168.69.89:34375] with ContainerStateMachine:uninitialized
2019-08-29 08:23:57,531 [pool-569-thread-1] INFO  server.RaftServerConfigKeys (ConfUtils.java:logGet(43)) - raft.server.sleep.deviation.threshold = 300 (default)
2019-08-29 08:23:57,531 [pool-591-thread-1] INFO  server.RaftServerConfigKeys (ConfUtils.java:logGet(43)) - raft.server.rpc.timeout.min = 5s (custom)
2019-08-29 08:23:57,531 [pool-580-thread-1] INFO  impl.RaftServerImpl (RaftServerImpl.java:<init>(93)) - 4e4fc70f-7137-48e5-bce3-ed99a5fefc67: new RaftServerImpl for group-8B1667B5E62E:[2bf2abbb-f03d-4b0e-b27d-2c376d4bd519:192.168.69.89:37716, 94e856c7-b0ce-4c30-ba6b-01ce82d994d4:192.168.69.89:39647, 4e4fc70f-7137-48e5-bce3-ed99a5fefc67:192.168.69.89:34375] with ContainerStateMachine:uninitialized
2019-08-29 08:23:57,531 [pool-569-thread-1] INFO  server.RaftServerConfigKeys (ConfUtils.java:logGet(43)) - raft.server.log.appender.install.snapshot.enabled = false (custom)
2019-08-29 08:23:57,532 [pool-580-thread-1] INFO  server.RaftServerConfigKeys (ConfUtils.java:logGet(43)) - raft.server.rpc.timeout.min = 5s (custom)
2019-08-29 08:23:57,531 [pool-591-thread-1] INFO  server.RaftServerConfigKeys (ConfUtils.java:logGet(43)) - raft.server.rpc.timeout.max = 5200ms (custom)
2019-08-29 08:23:57,532 [pool-580-thread-1] INFO  server.RaftServerConfigKeys (ConfUtils.java:logGet(43)) - raft.server.rpc.timeout.max = 5200ms (custom)
2019-08-29 08:23:57,532 [pool-569-thread-1] INFO  impl.RaftServerImpl (ServerState.java:<init>(105)) - 2bf2abbb-f03d-4b0e-b27d-2c376d4bd519:group-8B1667B5E62E ConfigurationManager, init=-1: [2bf2abbb-f03d-4b0e-b27d-2c376d4bd519:192.168.69.89:37716, 94e856c7-b0ce-4c30-ba6b-01ce82d994d4:192.168.69.89:39647, 4e4fc70f-7137-48e5-bce3-ed99a5fefc67:192.168.69.89:34375], old=null, confs=<EMPTY_MAP>
2019-08-29 08:23:57,532 [pool-580-thread-1] INFO  server.RaftServerConfigKeys (ConfUtils.java:logGet(43)) - raft.server.rpcslowness.timeout = 120s (custom)
2019-08-29 08:23:57,532 [pool-591-thread-1] INFO  server.RaftServerConfigKeys (ConfUtils.java:logGet(43)) - raft.server.rpcslowness.timeout = 120s (custom)
2019-08-29 08:23:57,532 [pool-580-thread-1] INFO  server.RaftServerConfigKeys (ConfUtils.java:logGet(43)) - raft.server.sleep.deviation.threshold = 300 (default)
2019-08-29 08:23:57,532 [pool-569-thread-1] INFO  server.RaftServerConfigKeys (ConfUtils.java:logGet(43)) - raft.server.storage.dir = [/workdir/hadoop-ozone/integration-test/target/test-dir/MiniOzoneClusterImpl-6291b889-f921-442b-be66-486fed594c04/datanode-3/data/ratis] (custom)
2019-08-29 08:23:57,532 [pool-580-thread-1] INFO  server.RaftServerConfigKeys (ConfUtils.java:logGet(43)) - raft.server.log.appender.install.snapshot.enabled = false (custom)
2019-08-29 08:23:57,532 [pool-591-thread-1] INFO  server.RaftServerConfigKeys (ConfUtils.java:logGet(43)) - raft.server.sleep.deviation.threshold = 300 (default)
2019-08-29 08:23:57,532 [pool-580-thread-1] INFO  impl.RaftServerImpl (ServerState.java:<init>(105)) - 4e4fc70f-7137-48e5-bce3-ed99a5fefc67:group-8B1667B5E62E ConfigurationManager, init=-1: [2bf2abbb-f03d-4b0e-b27d-2c376d4bd519:192.168.69.89:37716, 94e856c7-b0ce-4c30-ba6b-01ce82d994d4:192.168.69.89:39647, 4e4fc70f-7137-48e5-bce3-ed99a5fefc67:192.168.69.89:34375], old=null, confs=<EMPTY_MAP>
2019-08-29 08:23:57,532 [pool-569-thread-1] INFO  storage.RaftStorageDirectory (RaftStorageDirectory.java:analyzeStorage(246)) - The storage directory /workdir/hadoop-ozone/integration-test/target/test-dir/MiniOzoneClusterImpl-6291b889-f921-442b-be66-486fed594c04/datanode-3/data/ratis/c28299d6-49f7-41c4-8395-8b1667b5e62e does not exist. Creating ...
2019-08-29 08:23:57,532 [pool-591-thread-1] INFO  server.RaftServerConfigKeys (ConfUtils.java:logGet(43)) - raft.server.log.appender.install.snapshot.enabled = false (custom)
2019-08-29 08:23:57,532 [pool-580-thread-1] INFO  server.RaftServerConfigKeys (ConfUtils.java:logGet(43)) - raft.server.storage.dir = [/workdir/hadoop-ozone/integration-test/target/test-dir/MiniOzoneClusterImpl-6291b889-f921-442b-be66-486fed594c04/datanode-4/data/ratis] (custom)
2019-08-29 08:23:57,533 [pool-591-thread-1] INFO  impl.RaftServerImpl (ServerState.java:<init>(105)) - 94e856c7-b0ce-4c30-ba6b-01ce82d994d4:group-8B1667B5E62E ConfigurationManager, init=-1: [2bf2abbb-f03d-4b0e-b27d-2c376d4bd519:192.168.69.89:37716, 94e856c7-b0ce-4c30-ba6b-01ce82d994d4:192.168.69.89:39647, 4e4fc70f-7137-48e5-bce3-ed99a5fefc67:192.168.69.89:34375], old=null, confs=<EMPTY_MAP>
2019-08-29 08:23:57,533 [pool-591-thread-1] INFO  server.RaftServerConfigKeys (ConfUtils.java:logGet(43)) - raft.server.storage.dir = [/workdir/hadoop-ozone/integration-test/target/test-dir/MiniOzoneClusterImpl-6291b889-f921-442b-be66-486fed594c04/datanode-5/data/ratis] (custom)
2019-08-29 08:23:57,533 [pool-580-thread-1] INFO  storage.RaftStorageDirectory (RaftStorageDirectory.java:analyzeStorage(246)) - The storage directory /workdir/hadoop-ozone/integration-test/target/test-dir/MiniOzoneClusterImpl-6291b889-f921-442b-be66-486fed594c04/datanode-4/data/ratis/c28299d6-49f7-41c4-8395-8b1667b5e62e does not exist. Creating ...
2019-08-29 08:23:57,533 [pool-591-thread-1] INFO  storage.RaftStorageDirectory (RaftStorageDirectory.java:analyzeStorage(246)) - The storage directory /workdir/hadoop-ozone/integration-test/target/test-dir/MiniOzoneClusterImpl-6291b889-f921-442b-be66-486fed594c04/datanode-5/data/ratis/c28299d6-49f7-41c4-8395-8b1667b5e62e does not exist. Creating ...
2019-08-29 08:23:57,557 [pool-569-thread-1] INFO  storage.RaftStorageDirectory (RaftStorageDirectory.java:tryLock(328)) - Lock on /workdir/hadoop-ozone/integration-test/target/test-dir/MiniOzoneClusterImpl-6291b889-f921-442b-be66-486fed594c04/datanode-3/data/ratis/c28299d6-49f7-41c4-8395-8b1667b5e62e/in_use.lock acquired by nodename 16068@pr-hdds-1569-7rqkn-550228749
2019-08-29 08:23:57,557 [pool-580-thread-1] INFO  storage.RaftStorageDirectory (RaftStorageDirectory.java:tryLock(328)) - Lock on /workdir/hadoop-ozone/integration-test/target/test-dir/MiniOzoneClusterImpl-6291b889-f921-442b-be66-486fed594c04/datanode-4/data/ratis/c28299d6-49f7-41c4-8395-8b1667b5e62e/in_use.lock acquired by nodename 16068@pr-hdds-1569-7rqkn-550228749
2019-08-29 08:23:57,557 [pool-591-thread-1] INFO  storage.RaftStorageDirectory (RaftStorageDirectory.java:tryLock(328)) - Lock on /workdir/hadoop-ozone/integration-test/target/test-dir/MiniOzoneClusterImpl-6291b889-f921-442b-be66-486fed594c04/datanode-5/data/ratis/c28299d6-49f7-41c4-8395-8b1667b5e62e/in_use.lock acquired by nodename 16068@pr-hdds-1569-7rqkn-550228749
2019-08-29 08:23:57,575 [pool-591-thread-1] INFO  storage.RaftStorage (RaftStorage.java:format(72)) - Storage directory /workdir/hadoop-ozone/integration-test/target/test-dir/MiniOzoneClusterImpl-6291b889-f921-442b-be66-486fed594c04/datanode-5/data/ratis/c28299d6-49f7-41c4-8395-8b1667b5e62e has been successfully formatted.
2019-08-29 08:23:57,575 [pool-580-thread-1] INFO  storage.RaftStorage (RaftStorage.java:format(72)) - Storage directory /workdir/hadoop-ozone/integration-test/target/test-dir/MiniOzoneClusterImpl-6291b889-f921-442b-be66-486fed594c04/datanode-4/data/ratis/c28299d6-49f7-41c4-8395-8b1667b5e62e has been successfully formatted.
2019-08-29 08:23:57,575 [pool-569-thread-1] INFO  storage.RaftStorage (RaftStorage.java:format(72)) - Storage directory /workdir/hadoop-ozone/integration-test/target/test-dir/MiniOzoneClusterImpl-6291b889-f921-442b-be66-486fed594c04/datanode-3/data/ratis/c28299d6-49f7-41c4-8395-8b1667b5e62e has been successfully formatted.
2019-08-29 08:23:57,575 [pool-591-thread-1] INFO  ratis.ContainerStateMachine (ContainerStateMachine.java:loadSnapshot(226)) - group-8B1667B5E62E: The snapshot info is null. Setting the last applied indexto:(t:0, i:~)
2019-08-29 08:23:57,575 [pool-580-thread-1] INFO  ratis.ContainerStateMachine (ContainerStateMachine.java:loadSnapshot(226)) - group-8B1667B5E62E: The snapshot info is null. Setting the last applied indexto:(t:0, i:~)
2019-08-29 08:23:57,575 [pool-591-thread-1] INFO  server.RaftServerConfigKeys (ConfUtils.java:logGet(43)) - raft.server.leader.election.timeout = 120s (custom)
2019-08-29 08:23:57,575 [pool-591-thread-1] INFO  server.RaftServerConfigKeys (ConfUtils.java:logGet(43)) - raft.server.log.use.memory = false (default)
2019-08-29 08:23:57,575 [pool-569-thread-1] INFO  ratis.ContainerStateMachine (ContainerStateMachine.java:loadSnapshot(226)) - group-8B1667B5E62E: The snapshot info is null. Setting the last applied indexto:(t:0, i:~)
2019-08-29 08:23:57,575 [pool-591-thread-1] INFO  server.RaftServerConfigKeys (ConfUtils.java:logGet(43)) - raft.server.log.purge.gap = 1000000 (custom)
2019-08-29 08:23:57,575 [pool-580-thread-1] INFO  server.RaftServerConfigKeys (ConfUtils.java:logGet(43)) - raft.server.leader.election.timeout = 120s (custom)
2019-08-29 08:23:57,576 [pool-591-thread-1] INFO  server.RaftServerConfigKeys (ConfUtils.java:logGet(43)) - raft.server.log.appender.buffer.byte-limit = 33554432 (custom)
2019-08-29 08:23:57,576 [pool-569-thread-1] INFO  server.RaftServerConfigKeys (ConfUtils.java:logGet(43)) - raft.server.leader.election.timeout = 120s (custom)
2019-08-29 08:23:57,576 [pool-591-thread-1] INFO  server.RaftServerConfigKeys (ConfUtils.java:logGet(43)) - raft.server.log.segment.size.max = 1048576 (custom)
2019-08-29 08:23:57,576 [pool-580-thread-1] INFO  server.RaftServerConfigKeys (ConfUtils.java:logGet(43)) - raft.server.log.use.memory = false (default)
2019-08-29 08:23:57,576 [pool-591-thread-1] INFO  server.RaftServerConfigKeys (ConfUtils.java:logGet(43)) - raft.server.log.segment.cache.num.max = 2 (custom)
2019-08-29 08:23:57,576 [pool-569-thread-1] INFO  server.RaftServerConfigKeys (ConfUtils.java:logGet(43)) - raft.server.log.use.memory = false (default)
2019-08-29 08:23:57,576 [pool-591-thread-1] INFO  segmented.SegmentedRaftLogWorker (SegmentedRaftLogWorker.java:<init>(172)) - new 94e856c7-b0ce-4c30-ba6b-01ce82d994d4-SegmentedRaftLogWorker:Storage Directory /workdir/hadoop-ozone/integration-test/target/test-dir/MiniOzoneClusterImpl-6291b889-f921-442b-be66-486fed594c04/datanode-5/data/ratis/c28299d6-49f7-41c4-8395-8b1667b5e62e for RaftStorage:Storage Directory /workdir/hadoop-ozone/integration-test/target/test-dir/MiniOzoneClusterImpl-6291b889-f921-442b-be66-486fed594c04/datanode-5/data/ratis/c28299d6-49f7-41c4-8395-8b1667b5e62e
2019-08-29 08:23:57,576 [pool-580-thread-1] INFO  server.RaftServerConfigKeys (ConfUtils.java:logGet(43)) - raft.server.log.purge.gap = 1000000 (custom)
2019-08-29 08:23:57,577 [pool-591-thread-1] INFO  server.RaftServerConfigKeys (ConfUtils.java:logGet(43)) - raft.server.log.queue.byte-limit = 2147483647 (custom)
2019-08-29 08:23:57,577 [pool-591-thread-1] INFO  server.RaftServerConfigKeys (ConfUtils.java:logGet(43)) - raft.server.log.queue.element-limit = 1024 (custom)
2019-08-29 08:23:57,577 [pool-569-thread-1] INFO  server.RaftServerConfigKeys (ConfUtils.java:logGet(43)) - raft.server.log.purge.gap = 1000000 (custom)
2019-08-29 08:23:57,577 [pool-591-thread-1] INFO  server.RaftServerConfigKeys (ConfUtils.java:logGet(43)) - raft.server.log.segment.size.max = 1048576 (custom)
2019-08-29 08:23:57,577 [pool-580-thread-1] INFO  server.RaftServerConfigKeys (ConfUtils.java:logGet(43)) - raft.server.log.appender.buffer.byte-limit = 33554432 (custom)
2019-08-29 08:23:57,577 [pool-591-thread-1] INFO  server.RaftServerConfigKeys (ConfUtils.java:logGet(43)) - raft.server.log.preallocated.size = 16384 (custom)
2019-08-29 08:23:57,577 [pool-591-thread-1] INFO  server.RaftServerConfigKeys (ConfUtils.java:logGet(43)) - raft.server.log.write.buffer.size = 33554432 (custom)
2019-08-29 08:23:57,577 [pool-569-thread-1] INFO  server.RaftServerConfigKeys (ConfUtils.java:logGet(43)) - raft.server.log.appender.buffer.byte-limit = 33554432 (custom)
2019-08-29 08:23:57,577 [pool-591-thread-1] INFO  server.RaftServerConfigKeys (ConfUtils.java:logGet(43)) - raft.server.log.force.sync.num = 128 (default)
2019-08-29 08:23:57,578 [pool-591-thread-1] INFO  server.RaftServerConfigKeys (ConfUtils.java:logGet(43)) - raft.server.log.statemachine.data.sync = true (default)
2019-08-29 08:23:57,577 [pool-580-thread-1] INFO  server.RaftServerConfigKeys (ConfUtils.java:logGet(43)) - raft.server.log.segment.size.max = 1048576 (custom)
2019-08-29 08:23:57,578 [pool-591-thread-1] INFO  server.RaftServerConfigKeys (ConfUtils.java:logGet(43)) - raft.server.log.statemachine.data.sync.timeout = 10s (default)
2019-08-29 08:23:57,578 [pool-569-thread-1] INFO  server.RaftServerConfigKeys (ConfUtils.java:logGet(43)) - raft.server.log.segment.size.max = 1048576 (custom)
2019-08-29 08:23:57,578 [pool-591-thread-1] INFO  server.RaftServerConfigKeys (ConfUtils.java:logGet(43)) - raft.server.log.statemachine.data.sync.timeout.retry = -1 (default)
2019-08-29 08:23:57,578 [pool-580-thread-1] INFO  server.RaftServerConfigKeys (ConfUtils.java:logGet(43)) - raft.server.log.segment.cache.num.max = 2 (custom)
2019-08-29 08:23:57,578 [pool-591-thread-1] INFO  server.RaftServerConfigKeys (ConfUtils.java:logGet(43)) - raft.server.log.statemachine.data.caching.enabled = true (custom)
2019-08-29 08:23:57,578 [pool-569-thread-1] INFO  server.RaftServerConfigKeys (ConfUtils.java:logGet(43)) - raft.server.log.segment.cache.num.max = 2 (custom)
2019-08-29 08:23:57,578 [pool-580-thread-1] INFO  segmented.SegmentedRaftLogWorker (SegmentedRaftLogWorker.java:<init>(172)) - new 4e4fc70f-7137-48e5-bce3-ed99a5fefc67-SegmentedRaftLogWorker:Storage Directory /workdir/hadoop-ozone/integration-test/target/test-dir/MiniOzoneClusterImpl-6291b889-f921-442b-be66-486fed594c04/datanode-4/data/ratis/c28299d6-49f7-41c4-8395-8b1667b5e62e for RaftStorage:Storage Directory /workdir/hadoop-ozone/integration-test/target/test-dir/MiniOzoneClusterImpl-6291b889-f921-442b-be66-486fed594c04/datanode-4/data/ratis/c28299d6-49f7-41c4-8395-8b1667b5e62e
2019-08-29 08:23:57,578 [pool-569-thread-1] INFO  segmented.SegmentedRaftLogWorker (SegmentedRaftLogWorker.java:<init>(172)) - new 2bf2abbb-f03d-4b0e-b27d-2c376d4bd519-SegmentedRaftLogWorker:Storage Directory /workdir/hadoop-ozone/integration-test/target/test-dir/MiniOzoneClusterImpl-6291b889-f921-442b-be66-486fed594c04/datanode-3/data/ratis/c28299d6-49f7-41c4-8395-8b1667b5e62e for RaftStorage:Storage Directory /workdir/hadoop-ozone/integration-test/target/test-dir/MiniOzoneClusterImpl-6291b889-f921-442b-be66-486fed594c04/datanode-3/data/ratis/c28299d6-49f7-41c4-8395-8b1667b5e62e
2019-08-29 08:23:57,579 [pool-580-thread-1] INFO  server.RaftServerConfigKeys (ConfUtils.java:logGet(43)) - raft.server.log.queue.byte-limit = 2147483647 (custom)
2019-08-29 08:23:57,578 [pool-591-thread-1] INFO  segmented.SegmentedRaftLogWorker (SegmentedRaftLogWorker.java:lambda$new$0(132)) - 94e856c7-b0ce-4c30-ba6b-01ce82d994d4-SegmentedRaftLogWorker:Storage Directory /workdir/hadoop-ozone/integration-test/target/test-dir/MiniOzoneClusterImpl-6291b889-f921-442b-be66-486fed594c04/datanode-5/data/ratis/c28299d6-49f7-41c4-8395-8b1667b5e62e: flushIndex: setUnconditionally 0 -> -1
2019-08-29 08:23:57,579 [pool-580-thread-1] INFO  server.RaftServerConfigKeys (ConfUtils.java:logGet(43)) - raft.server.log.queue.element-limit = 1024 (custom)
2019-08-29 08:23:57,579 [pool-569-thread-1] INFO  server.RaftServerConfigKeys (ConfUtils.java:logGet(43)) - raft.server.log.queue.byte-limit = 2147483647 (custom)
2019-08-29 08:23:57,579 [pool-580-thread-1] INFO  server.RaftServerConfigKeys (ConfUtils.java:logGet(43)) - raft.server.log.segment.size.max = 1048576 (custom)
2019-08-29 08:23:57,579 [pool-591-thread-1] INFO  server.RaftServerConfigKeys (ConfUtils.java:logGet(43)) - raft.server.snapshot.auto.trigger.enabled = true (custom)
2019-08-29 08:23:57,579 [pool-580-thread-1] INFO  server.RaftServerConfigKeys (ConfUtils.java:logGet(43)) - raft.server.log.preallocated.size = 16384 (custom)
2019-08-29 08:23:57,579 [pool-569-thread-1] INFO  server.RaftServerConfigKeys (ConfUtils.java:logGet(43)) - raft.server.log.queue.element-limit = 1024 (custom)
2019-08-29 08:23:57,580 [pool-580-thread-1] INFO  server.RaftServerConfigKeys (ConfUtils.java:logGet(43)) - raft.server.log.write.buffer.size = 33554432 (custom)
2019-08-29 08:23:57,579 [pool-591-thread-1] INFO  server.RaftServerConfigKeys (ConfUtils.java:logGet(43)) - raft.server.snapshot.auto.trigger.threshold = 10000 (custom)
2019-08-29 08:23:57,580 [pool-580-thread-1] INFO  server.RaftServerConfigKeys (ConfUtils.java:logGet(43)) - raft.server.log.force.sync.num = 128 (default)
2019-08-29 08:23:57,580 [pool-569-thread-1] INFO  server.RaftServerConfigKeys (ConfUtils.java:logGet(43)) - raft.server.log.segment.size.max = 1048576 (custom)
2019-08-29 08:23:57,580 [pool-580-thread-1] INFO  server.RaftServerConfigKeys (ConfUtils.java:logGet(43)) - raft.server.log.statemachine.data.sync = true (default)
2019-08-29 08:23:57,580 [pool-591-thread-1] INFO  server.RaftServerConfigKeys (ConfUtils.java:logGet(43)) - raft.server.retrycache.expirytime = 600000ms (custom)
2019-08-29 08:23:57,580 [pool-580-thread-1] INFO  server.RaftServerConfigKeys (ConfUtils.java:logGet(43)) - raft.server.log.statemachine.data.sync.timeout = 10s (default)
2019-08-29 08:23:57,580 [pool-569-thread-1] INFO  server.RaftServerConfigKeys (ConfUtils.java:logGet(43)) - raft.server.log.preallocated.size = 16384 (custom)
2019-08-29 08:23:57,580 [pool-580-thread-1] INFO  server.RaftServerConfigKeys (ConfUtils.java:logGet(43)) - raft.server.log.statemachine.data.sync.timeout.retry = -1 (default)
2019-08-29 08:23:57,580 [pool-591-thread-1] INFO  impl.RaftServerImpl (RaftServerImpl.java:start(180)) - 94e856c7-b0ce-4c30-ba6b-01ce82d994d4: start group-8B1667B5E62E
2019-08-29 08:23:57,581 [pool-580-thread-1] INFO  server.RaftServerConfigKeys (ConfUtils.java:logGet(43)) - raft.server.log.statemachine.data.caching.enabled = true (custom)
2019-08-29 08:23:57,581 [pool-569-thread-1] INFO  server.RaftServerConfigKeys (ConfUtils.java:logGet(43)) - raft.server.log.write.buffer.size = 33554432 (custom)
2019-08-29 08:23:57,581 [pool-591-thread-1] INFO  impl.RaftServerImpl (RaftServerImpl.java:setRole(171)) - 94e856c7-b0ce-4c30-ba6b-01ce82d994d4:group-8B1667B5E62E changes role from null to FOLLOWER at term 0 for startAsFollower
2019-08-29 08:23:57,581 [pool-569-thread-1] INFO  server.RaftServerConfigKeys (ConfUtils.java:logGet(43)) - raft.server.log.force.sync.num = 128 (default)
2019-08-29 08:23:57,581 [pool-580-thread-1] INFO  segmented.SegmentedRaftLogWorker (SegmentedRaftLogWorker.java:lambda$new$0(132)) - 4e4fc70f-7137-48e5-bce3-ed99a5fefc67-SegmentedRaftLogWorker:Storage Directory /workdir/hadoop-ozone/integration-test/target/test-dir/MiniOzoneClusterImpl-6291b889-f921-442b-be66-486fed594c04/datanode-4/data/ratis/c28299d6-49f7-41c4-8395-8b1667b5e62e: flushIndex: setUnconditionally 0 -> -1
2019-08-29 08:23:57,581 [pool-591-thread-1] INFO  impl.RoleInfo (RoleInfo.java:updateAndGet(143)) - 94e856c7-b0ce-4c30-ba6b-01ce82d994d4: start FollowerState
2019-08-29 08:23:57,581 [pool-569-thread-1] INFO  server.RaftServerConfigKeys (ConfUtils.java:logGet(43)) - raft.server.log.statemachine.data.sync = true (default)
2019-08-29 08:23:57,581 [pool-580-thread-1] INFO  server.RaftServerConfigKeys (ConfUtils.java:logGet(43)) - raft.server.snapshot.auto.trigger.enabled = true (custom)
2019-08-29 08:23:57,581 [pool-569-thread-1] INFO  server.RaftServerConfigKeys (ConfUtils.java:logGet(43)) - raft.server.log.statemachine.data.sync.timeout = 10s (default)
2019-08-29 08:23:57,582 [pool-591-thread-1] INFO  util.JmxRegister (JmxRegister.java:tryRegister(44)) - Successfully registered JMX Bean with object name Ratis:service=RaftServer,group=group-8B1667B5E62E,id=94e856c7-b0ce-4c30-ba6b-01ce82d994d4
2019-08-29 08:23:57,582 [pool-580-thread-1] INFO  server.RaftServerConfigKeys (ConfUtils.java:logGet(43)) - raft.server.snapshot.auto.trigger.threshold = 10000 (custom)
2019-08-29 08:23:57,582 [pool-569-thread-1] INFO  server.RaftServerConfigKeys (ConfUtils.java:logGet(43)) - raft.server.log.statemachine.data.sync.timeout.retry = -1 (default)
2019-08-29 08:23:57,582 [pool-580-thread-1] INFO  server.RaftServerConfigKeys (ConfUtils.java:logGet(43)) - raft.server.retrycache.expirytime = 600000ms (custom)
2019-08-29 08:23:57,582 [pool-569-thread-1] INFO  server.RaftServerConfigKeys (ConfUtils.java:logGet(43)) - raft.server.log.statemachine.data.caching.enabled = true (custom)
2019-08-29 08:23:57,582 [pool-580-thread-1] INFO  impl.RaftServerImpl (RaftServerImpl.java:start(180)) - 4e4fc70f-7137-48e5-bce3-ed99a5fefc67: start group-8B1667B5E62E
2019-08-29 08:23:57,582 [pool-580-thread-1] INFO  impl.RaftServerImpl (RaftServerImpl.java:setRole(171)) - 4e4fc70f-7137-48e5-bce3-ed99a5fefc67:group-8B1667B5E62E changes role from null to FOLLOWER at term 0 for startAsFollower
2019-08-29 08:23:57,582 [pool-569-thread-1] INFO  segmented.SegmentedRaftLogWorker (SegmentedRaftLogWorker.java:lambda$new$0(132)) - 2bf2abbb-f03d-4b0e-b27d-2c376d4bd519-SegmentedRaftLogWorker:Storage Directory /workdir/hadoop-ozone/integration-test/target/test-dir/MiniOzoneClusterImpl-6291b889-f921-442b-be66-486fed594c04/datanode-3/data/ratis/c28299d6-49f7-41c4-8395-8b1667b5e62e: flushIndex: setUnconditionally 0 -> -1
2019-08-29 08:23:57,582 [pool-580-thread-1] INFO  impl.RoleInfo (RoleInfo.java:updateAndGet(143)) - 4e4fc70f-7137-48e5-bce3-ed99a5fefc67: start FollowerState
2019-08-29 08:23:57,583 [pool-569-thread-1] INFO  server.RaftServerConfigKeys (ConfUtils.java:logGet(43)) - raft.server.snapshot.auto.trigger.enabled = true (custom)
2019-08-29 08:23:57,583 [pool-569-thread-1] INFO  server.RaftServerConfigKeys (ConfUtils.java:logGet(43)) - raft.server.snapshot.auto.trigger.threshold = 10000 (custom)
2019-08-29 08:23:57,583 [pool-580-thread-1] INFO  util.JmxRegister (JmxRegister.java:tryRegister(44)) - Successfully registered JMX Bean with object name Ratis:service=RaftServer,group=group-8B1667B5E62E,id=4e4fc70f-7137-48e5-bce3-ed99a5fefc67
2019-08-29 08:23:57,583 [pool-569-thread-1] INFO  server.RaftServerConfigKeys (ConfUtils.java:logGet(43)) - raft.server.retrycache.expirytime = 600000ms (custom)
2019-08-29 08:23:57,583 [pool-569-thread-1] INFO  impl.RaftServerImpl (RaftServerImpl.java:start(180)) - 2bf2abbb-f03d-4b0e-b27d-2c376d4bd519: start group-8B1667B5E62E
2019-08-29 08:23:57,583 [pool-569-thread-1] INFO  impl.RaftServerImpl (RaftServerImpl.java:setRole(171)) - 2bf2abbb-f03d-4b0e-b27d-2c376d4bd519:group-8B1667B5E62E changes role from null to FOLLOWER at term 0 for startAsFollower
2019-08-29 08:23:57,583 [pool-569-thread-1] INFO  impl.RoleInfo (RoleInfo.java:updateAndGet(143)) - 2bf2abbb-f03d-4b0e-b27d-2c376d4bd519: start FollowerState
2019-08-29 08:23:57,583 [pool-569-thread-1] INFO  util.JmxRegister (JmxRegister.java:tryRegister(44)) - Successfully registered JMX Bean with object name Ratis:service=RaftServer,group=group-8B1667B5E62E,id=2bf2abbb-f03d-4b0e-b27d-2c376d4bd519
2019-08-29 08:23:57,585 [RatisPipelineUtilsThread] INFO  pipeline.PipelineStateManager (PipelineStateManager.java:addPipeline(56)) - Created pipeline Pipeline[ Id: c28299d6-49f7-41c4-8395-8b1667b5e62e, Nodes: 4e4fc70f-7137-48e5-bce3-ed99a5fefc67{ip: 192.168.69.89, host: pr-hdds-1569-7rqkn-550228749, networkLocation: /default-rack, certSerialId: null}2bf2abbb-f03d-4b0e-b27d-2c376d4bd519{ip: 192.168.69.89, host: pr-hdds-1569-7rqkn-550228749, networkLocation: /default-rack, certSerialId: null}94e856c7-b0ce-4c30-ba6b-01ce82d994d4{ip: 192.168.69.89, host: pr-hdds-1569-7rqkn-550228749, networkLocation: /default-rack, certSerialId: null}, Type:RATIS, Factor:THREE, State:OPEN]
2019-08-29 08:23:57,634 [main] INFO  ozone.MiniOzoneClusterImpl (MiniOzoneClusterImpl.java:lambda$waitForClusterToBeReady$0(142)) - Waiting for cluster to be ready. Got 6 of 7 DN Heartbeats.
2019-08-29 08:23:57,635 [IPC Server handler 3 on 37867] INFO  net.NetworkTopology (NetworkTopologyImpl.java:add(110)) - Added a new node: /default-rack/3d0c9a1e-aae8-443e-a7b0-45fa20dec0f4
2019-08-29 08:23:57,652 [IPC Server handler 3 on 37867] INFO  node.SCMNodeManager (SCMNodeManager.java:register(273)) - Registered Data node : 3d0c9a1e-aae8-443e-a7b0-45fa20dec0f4{ip: 192.168.69.89, host: pr-hdds-1569-7rqkn-550228749, networkLocation: /default-rack, certSerialId: null}
2019-08-29 08:23:57,653 | INFO  | SCMAudit | user=jenkins1000 | ip=192.168.69.89 | op=REGISTER {datanodeDetails=3d0c9a1e-aae8-443e-a7b0-45fa20dec0f4{ip: 192.168.69.89, host: pr-hdds-1569-7rqkn-550228749, networkLocation: /default-rack, certSerialId: null}} | ret=SUCCESS |  
2019-08-29 08:23:57,662 [grpc-default-executor-12] INFO  impl.RaftServerProxy (RaftServerProxy.java:addNew(89)) - 3d0c9a1e-aae8-443e-a7b0-45fa20dec0f4: addNew group-05A694A94084:[3d0c9a1e-aae8-443e-a7b0-45fa20dec0f4:192.168.69.89:33882] returns group-05A694A94084:java.util.concurrent.CompletableFuture@5d32305a[Not completed]
2019-08-29 08:23:57,663 [pool-602-thread-1] INFO  impl.RaftServerImpl (RaftServerImpl.java:<init>(93)) - 3d0c9a1e-aae8-443e-a7b0-45fa20dec0f4: new RaftServerImpl for group-05A694A94084:[3d0c9a1e-aae8-443e-a7b0-45fa20dec0f4:192.168.69.89:33882] with ContainerStateMachine:uninitialized
2019-08-29 08:23:57,663 [pool-602-thread-1] INFO  server.RaftServerConfigKeys (ConfUtils.java:logGet(43)) - raft.server.rpc.timeout.min = 5s (custom)
2019-08-29 08:23:57,663 [pool-602-thread-1] INFO  server.RaftServerConfigKeys (ConfUtils.java:logGet(43)) - raft.server.rpc.timeout.max = 5200ms (custom)
2019-08-29 08:23:57,663 [pool-602-thread-1] INFO  server.RaftServerConfigKeys (ConfUtils.java:logGet(43)) - raft.server.rpcslowness.timeout = 120s (custom)
2019-08-29 08:23:57,663 [pool-602-thread-1] INFO  server.RaftServerConfigKeys (ConfUtils.java:logGet(43)) - raft.server.sleep.deviation.threshold = 300 (default)
2019-08-29 08:23:57,664 [pool-602-thread-1] INFO  server.RaftServerConfigKeys (ConfUtils.java:logGet(43)) - raft.server.log.appender.install.snapshot.enabled = false (custom)
2019-08-29 08:23:57,664 [pool-602-thread-1] INFO  impl.RaftServerImpl (ServerState.java:<init>(105)) - 3d0c9a1e-aae8-443e-a7b0-45fa20dec0f4:group-05A694A94084 ConfigurationManager, init=-1: [3d0c9a1e-aae8-443e-a7b0-45fa20dec0f4:192.168.69.89:33882], old=null, confs=<EMPTY_MAP>
2019-08-29 08:23:57,664 [pool-602-thread-1] INFO  server.RaftServerConfigKeys (ConfUtils.java:logGet(43)) - raft.server.storage.dir = [/workdir/hadoop-ozone/integration-test/target/test-dir/MiniOzoneClusterImpl-6291b889-f921-442b-be66-486fed594c04/datanode-6/data/ratis] (custom)
2019-08-29 08:23:57,664 [pool-602-thread-1] INFO  storage.RaftStorageDirectory (RaftStorageDirectory.java:analyzeStorage(246)) - The storage directory /workdir/hadoop-ozone/integration-test/target/test-dir/MiniOzoneClusterImpl-6291b889-f921-442b-be66-486fed594c04/datanode-6/data/ratis/c7cc1b13-4670-4ef6-8971-05a694a94084 does not exist. Creating ...
2019-08-29 08:23:57,687 [pool-602-thread-1] INFO  storage.RaftStorageDirectory (RaftStorageDirectory.java:tryLock(328)) - Lock on /workdir/hadoop-ozone/integration-test/target/test-dir/MiniOzoneClusterImpl-6291b889-f921-442b-be66-486fed594c04/datanode-6/data/ratis/c7cc1b13-4670-4ef6-8971-05a694a94084/in_use.lock acquired by nodename 16068@pr-hdds-1569-7rqkn-550228749
2019-08-29 08:23:57,703 [pool-602-thread-1] INFO  storage.RaftStorage (RaftStorage.java:format(72)) - Storage directory /workdir/hadoop-ozone/integration-test/target/test-dir/MiniOzoneClusterImpl-6291b889-f921-442b-be66-486fed594c04/datanode-6/data/ratis/c7cc1b13-4670-4ef6-8971-05a694a94084 has been successfully formatted.
2019-08-29 08:23:57,703 [pool-602-thread-1] INFO  ratis.ContainerStateMachine (ContainerStateMachine.java:loadSnapshot(226)) - group-05A694A94084: The snapshot info is null. Setting the last applied indexto:(t:0, i:~)
2019-08-29 08:23:57,703 [pool-602-thread-1] INFO  server.RaftServerConfigKeys (ConfUtils.java:logGet(43)) - raft.server.leader.election.timeout = 120s (custom)
2019-08-29 08:23:57,703 [pool-602-thread-1] INFO  server.RaftServerConfigKeys (ConfUtils.java:logGet(43)) - raft.server.log.use.memory = false (default)
2019-08-29 08:23:57,703 [pool-602-thread-1] INFO  server.RaftServerConfigKeys (ConfUtils.java:logGet(43)) - raft.server.log.purge.gap = 1000000 (custom)
2019-08-29 08:23:57,703 [pool-602-thread-1] INFO  server.RaftServerConfigKeys (ConfUtils.java:logGet(43)) - raft.server.log.appender.buffer.byte-limit = 33554432 (custom)
2019-08-29 08:23:57,704 [pool-602-thread-1] INFO  server.RaftServerConfigKeys (ConfUtils.java:logGet(43)) - raft.server.log.segment.size.max = 1048576 (custom)
2019-08-29 08:23:57,704 [pool-602-thread-1] INFO  server.RaftServerConfigKeys (ConfUtils.java:logGet(43)) - raft.server.log.segment.cache.num.max = 2 (custom)
2019-08-29 08:23:57,704 [pool-602-thread-1] INFO  segmented.SegmentedRaftLogWorker (SegmentedRaftLogWorker.java:<init>(172)) - new 3d0c9a1e-aae8-443e-a7b0-45fa20dec0f4-SegmentedRaftLogWorker:Storage Directory /workdir/hadoop-ozone/integration-test/target/test-dir/MiniOzoneClusterImpl-6291b889-f921-442b-be66-486fed594c04/datanode-6/data/ratis/c7cc1b13-4670-4ef6-8971-05a694a94084 for RaftStorage:Storage Directory /workdir/hadoop-ozone/integration-test/target/test-dir/MiniOzoneClusterImpl-6291b889-f921-442b-be66-486fed594c04/datanode-6/data/ratis/c7cc1b13-4670-4ef6-8971-05a694a94084
2019-08-29 08:23:57,704 [pool-602-thread-1] INFO  server.RaftServerConfigKeys (ConfUtils.java:logGet(43)) - raft.server.log.queue.byte-limit = 2147483647 (custom)
2019-08-29 08:23:57,704 [pool-602-thread-1] INFO  server.RaftServerConfigKeys (ConfUtils.java:logGet(43)) - raft.server.log.queue.element-limit = 1024 (custom)
2019-08-29 08:23:57,704 [pool-602-thread-1] INFO  server.RaftServerConfigKeys (ConfUtils.java:logGet(43)) - raft.server.log.segment.size.max = 1048576 (custom)
2019-08-29 08:23:57,705 [pool-602-thread-1] INFO  server.RaftServerConfigKeys (ConfUtils.java:logGet(43)) - raft.server.log.preallocated.size = 16384 (custom)
2019-08-29 08:23:57,705 [pool-602-thread-1] INFO  server.RaftServerConfigKeys (ConfUtils.java:logGet(43)) - raft.server.log.write.buffer.size = 33554432 (custom)
2019-08-29 08:23:57,705 [pool-602-thread-1] INFO  server.RaftServerConfigKeys (ConfUtils.java:logGet(43)) - raft.server.log.force.sync.num = 128 (default)
2019-08-29 08:23:57,705 [pool-602-thread-1] INFO  server.RaftServerConfigKeys (ConfUtils.java:logGet(43)) - raft.server.log.statemachine.data.sync = true (default)
2019-08-29 08:23:57,705 [pool-602-thread-1] INFO  server.RaftServerConfigKeys (ConfUtils.java:logGet(43)) - raft.server.log.statemachine.data.sync.timeout = 10s (default)
2019-08-29 08:23:57,705 [pool-602-thread-1] INFO  server.RaftServerConfigKeys (ConfUtils.java:logGet(43)) - raft.server.log.statemachine.data.sync.timeout.retry = -1 (default)
2019-08-29 08:23:57,706 [pool-602-thread-1] INFO  server.RaftServerConfigKeys (ConfUtils.java:logGet(43)) - raft.server.log.statemachine.data.caching.enabled = true (custom)
2019-08-29 08:23:57,706 [pool-602-thread-1] INFO  segmented.SegmentedRaftLogWorker (SegmentedRaftLogWorker.java:lambda$new$0(132)) - 3d0c9a1e-aae8-443e-a7b0-45fa20dec0f4-SegmentedRaftLogWorker:Storage Directory /workdir/hadoop-ozone/integration-test/target/test-dir/MiniOzoneClusterImpl-6291b889-f921-442b-be66-486fed594c04/datanode-6/data/ratis/c7cc1b13-4670-4ef6-8971-05a694a94084: flushIndex: setUnconditionally 0 -> -1
2019-08-29 08:23:57,706 [pool-602-thread-1] INFO  server.RaftServerConfigKeys (ConfUtils.java:logGet(43)) - raft.server.snapshot.auto.trigger.enabled = true (custom)
2019-08-29 08:23:57,706 [pool-602-thread-1] INFO  server.RaftServerConfigKeys (ConfUtils.java:logGet(43)) - raft.server.snapshot.auto.trigger.threshold = 10000 (custom)
2019-08-29 08:23:57,706 [pool-602-thread-1] INFO  server.RaftServerConfigKeys (ConfUtils.java:logGet(43)) - raft.server.retrycache.expirytime = 600000ms (custom)
2019-08-29 08:23:57,707 [pool-602-thread-1] INFO  impl.RaftServerImpl (RaftServerImpl.java:start(180)) - 3d0c9a1e-aae8-443e-a7b0-45fa20dec0f4: start group-05A694A94084
2019-08-29 08:23:57,707 [pool-602-thread-1] INFO  impl.RaftServerImpl (RaftServerImpl.java:setRole(171)) - 3d0c9a1e-aae8-443e-a7b0-45fa20dec0f4:group-05A694A94084 changes role from null to FOLLOWER at term 0 for startAsFollower
2019-08-29 08:23:57,707 [pool-602-thread-1] INFO  impl.RoleInfo (RoleInfo.java:updateAndGet(143)) - 3d0c9a1e-aae8-443e-a7b0-45fa20dec0f4: start FollowerState
2019-08-29 08:23:57,707 [pool-602-thread-1] INFO  util.JmxRegister (JmxRegister.java:tryRegister(44)) - Successfully registered JMX Bean with object name Ratis:service=RaftServer,group=group-05A694A94084,id=3d0c9a1e-aae8-443e-a7b0-45fa20dec0f4
2019-08-29 08:23:57,709 [RatisPipelineUtilsThread] INFO  pipeline.PipelineStateManager (PipelineStateManager.java:addPipeline(56)) - Created pipeline Pipeline[ Id: c7cc1b13-4670-4ef6-8971-05a694a94084, Nodes: 3d0c9a1e-aae8-443e-a7b0-45fa20dec0f4{ip: 192.168.69.89, host: pr-hdds-1569-7rqkn-550228749, networkLocation: /default-rack, certSerialId: null}, Type:RATIS, Factor:ONE, State:OPEN]
2019-08-29 08:23:58,140 | INFO  | SCMAudit | user=jenkins1000 | ip=192.168.69.89 | op=SEND_HEARTBEAT {datanodeUUID=0fa1021d-9840-440b-95fc-3f35327e9810, command=[]} | ret=SUCCESS |  
2019-08-29 08:23:58,350 | INFO  | SCMAudit | user=jenkins1000 | ip=192.168.69.89 | op=SEND_HEARTBEAT {datanodeUUID=ee5c7872-3dc8-4a1b-b96f-cbf662dd320f, command=[]} | ret=SUCCESS |  
2019-08-29 08:23:58,548 | INFO  | SCMAudit | user=jenkins1000 | ip=192.168.69.89 | op=SEND_HEARTBEAT {datanodeUUID=f3af49b3-6b43-4dcd-87a2-e9c9c1638f7b, command=[]} | ret=SUCCESS |  
2019-08-29 08:23:58,634 [main] INFO  ozone.MiniOzoneClusterImpl (MiniOzoneClusterImpl.java:lambda$waitForClusterToBeReady$0(142)) - Cluster is ready. Got 7 of 7 DN Heartbeats.
2019-08-29 08:23:58,683 [main] INFO  rpc.RpcClient (RpcClient.java:createVolume(293)) - Creating Volume: testblockoutputstream, with jenkins1000 as owner.
2019-08-29 08:23:58,686 | INFO  | OMAudit | user=jenkins1000 | ip=127.0.0.1 | op=CREATE_VOLUME {admin=jenkins1000, owner=jenkins1000, volume=testblockoutputstream, creationTime=1567067038685, quotaInBytes=1152921504606846976} | ret=SUCCESS |  
2019-08-29 08:23:58,699 | INFO  | OMAudit | user=jenkins1000 | ip=127.0.0.1 | op=READ_VOLUME {volume=testblockoutputstream} | ret=SUCCESS |  
2019-08-29 08:23:58,700 [main] INFO  rpc.RpcClient (RpcClient.java:createBucket(432)) - Creating Bucket: testblockoutputstream/testblockoutputstream, with Versioning false and Storage Type set to DISK and Encryption set to false 
2019-08-29 08:23:58,702 | INFO  | OMAudit | user=jenkins1000 | ip=127.0.0.1 | op=CREATE_BUCKET {volume=testblockoutputstream, bucket=testblockoutputstream, acls=[user:jenkins1000:a[ACCESS], group:default:a[ACCESS]], isVersionEnabled=false, storageType=DISK, creationTime=0} | ret=SUCCESS |  
2019-08-29 08:23:58,704 | INFO  | OMAudit | user=jenkins1000 | ip=127.0.0.1 | op=READ_VOLUME {volume=testblockoutputstream} | ret=SUCCESS |  
2019-08-29 08:23:58,705 | INFO  | OMAudit | user=jenkins1000 | ip=127.0.0.1 | op=READ_BUCKET {volume=testblockoutputstream, bucket=testblockoutputstream} | ret=SUCCESS |  
2019-08-29 08:23:58,707 | INFO  | SCMAudit | user=jenkins1000 | ip=192.168.69.89 | op=ALLOCATE_BLOCK {owner=86beef07-fd33-462a-80a0-7dddeb3f2e13, size=800, type=RATIS, factor=THREE} | ret=SUCCESS |  
2019-08-29 08:23:58,710 | INFO  | OMAudit | user=jenkins1000 | ip=127.0.0.1 | op=ALLOCATE_KEY {volume=testblockoutputstream, bucket=testblockoutputstream, key=a9a601fa-0243-4221-a51c-88dfda7c443c, dataSize=0, replicationType=RATIS, replicationFactor=THREE, keyLocationInfo=null} | ret=SUCCESS |  
2019-08-29 08:23:58,718 [grpc-default-executor-12] INFO  client.GrpcClientProtocolClient (GrpcClientProtocolClient.java:onNext(255)) - client-5FE936BE1C89->4e4fc70f-7137-48e5-bce3-ed99a5fefc67: receive RaftClientReply:client-5FE936BE1C89->4e4fc70f-7137-48e5-bce3-ed99a5fefc67@group-8B1667B5E62E, cid=215, FAILED org.apache.ratis.protocol.NotLeaderException: Server 4e4fc70f-7137-48e5-bce3-ed99a5fefc67 is not the leader (null). Request must be sent to leader., logIndex=0, commits[4e4fc70f-7137-48e5-bce3-ed99a5fefc67:c-1]
2019-08-29 08:23:59,037 | INFO  | SCMAudit | user=jenkins1000 | ip=192.168.69.89 | op=SEND_HEARTBEAT {datanodeUUID=2bf2abbb-f03d-4b0e-b27d-2c376d4bd519, command=[]} | ret=SUCCESS |  
2019-08-29 08:23:59,141 | INFO  | SCMAudit | user=jenkins1000 | ip=192.168.69.89 | op=SEND_HEARTBEAT {datanodeUUID=0fa1021d-9840-440b-95fc-3f35327e9810, command=[]} | ret=SUCCESS |  
2019-08-29 08:23:59,153 [Thread-4163] INFO  container.ReplicationManager (ReplicationManager.java:start(152)) - Starting Replication Monitor Thread.
2019-08-29 08:23:59,157 [ReplicationMonitor] INFO  container.ReplicationManager (ReplicationManager.java:run(215)) - Replication Monitor Thread took 1 milliseconds for processing 1 containers.
2019-08-29 08:23:59,256 | INFO  | SCMAudit | user=jenkins1000 | ip=192.168.69.89 | op=SEND_HEARTBEAT {datanodeUUID=4e4fc70f-7137-48e5-bce3-ed99a5fefc67, command=[]} | ret=SUCCESS |  
2019-08-29 08:23:59,350 | INFO  | SCMAudit | user=jenkins1000 | ip=192.168.69.89 | op=SEND_HEARTBEAT {datanodeUUID=ee5c7872-3dc8-4a1b-b96f-cbf662dd320f, command=[]} | ret=SUCCESS |  
2019-08-29 08:23:59,453 | INFO  | SCMAudit | user=jenkins1000 | ip=192.168.69.89 | op=SEND_HEARTBEAT {datanodeUUID=94e856c7-b0ce-4c30-ba6b-01ce82d994d4, command=[]} | ret=SUCCESS |  
2019-08-29 08:23:59,548 | INFO  | SCMAudit | user=jenkins1000 | ip=192.168.69.89 | op=SEND_HEARTBEAT {datanodeUUID=f3af49b3-6b43-4dcd-87a2-e9c9c1638f7b, command=[]} | ret=SUCCESS |  
2019-08-29 08:23:59,634 | INFO  | SCMAudit | user=jenkins1000 | ip=192.168.69.89 | op=SEND_HEARTBEAT {datanodeUUID=3d0c9a1e-aae8-443e-a7b0-45fa20dec0f4, command=[]} | ret=SUCCESS |  
2019-08-29 08:23:59,727 [grpc-default-executor-7] INFO  client.GrpcClientProtocolClient (GrpcClientProtocolClient.java:onNext(255)) - client-5FE936BE1C89->2bf2abbb-f03d-4b0e-b27d-2c376d4bd519: receive RaftClientReply:client-5FE936BE1C89->2bf2abbb-f03d-4b0e-b27d-2c376d4bd519@group-8B1667B5E62E, cid=215, FAILED org.apache.ratis.protocol.NotLeaderException: Server 2bf2abbb-f03d-4b0e-b27d-2c376d4bd519 is not the leader (null). Request must be sent to leader., logIndex=0, commits[2bf2abbb-f03d-4b0e-b27d-2c376d4bd519:c-1]
2019-08-29 08:24:00,037 | INFO  | SCMAudit | user=jenkins1000 | ip=192.168.69.89 | op=SEND_HEARTBEAT {datanodeUUID=2bf2abbb-f03d-4b0e-b27d-2c376d4bd519, command=[]} | ret=SUCCESS |  
2019-08-29 08:24:00,141 | INFO  | SCMAudit | user=jenkins1000 | ip=192.168.69.89 | op=SEND_HEARTBEAT {datanodeUUID=0fa1021d-9840-440b-95fc-3f35327e9810, command=[]} | ret=SUCCESS |  
2019-08-29 08:24:00,256 | INFO  | SCMAudit | user=jenkins1000 | ip=192.168.69.89 | op=SEND_HEARTBEAT {datanodeUUID=4e4fc70f-7137-48e5-bce3-ed99a5fefc67, command=[]} | ret=SUCCESS |  
2019-08-29 08:24:00,350 | INFO  | SCMAudit | user=jenkins1000 | ip=192.168.69.89 | op=SEND_HEARTBEAT {datanodeUUID=ee5c7872-3dc8-4a1b-b96f-cbf662dd320f, command=[]} | ret=SUCCESS |  
2019-08-29 08:24:00,453 | INFO  | SCMAudit | user=jenkins1000 | ip=192.168.69.89 | op=SEND_HEARTBEAT {datanodeUUID=94e856c7-b0ce-4c30-ba6b-01ce82d994d4, command=[]} | ret=SUCCESS |  
2019-08-29 08:24:00,549 | INFO  | SCMAudit | user=jenkins1000 | ip=192.168.69.89 | op=SEND_HEARTBEAT {datanodeUUID=f3af49b3-6b43-4dcd-87a2-e9c9c1638f7b, command=[]} | ret=SUCCESS |  
2019-08-29 08:24:00,634 | INFO  | SCMAudit | user=jenkins1000 | ip=192.168.69.89 | op=SEND_HEARTBEAT {datanodeUUID=3d0c9a1e-aae8-443e-a7b0-45fa20dec0f4, command=[]} | ret=SUCCESS |  
2019-08-29 08:24:00,743 [grpc-default-executor-10] INFO  client.GrpcClientProtocolClient (GrpcClientProtocolClient.java:onNext(255)) - client-5FE936BE1C89->4e4fc70f-7137-48e5-bce3-ed99a5fefc67: receive RaftClientReply:client-5FE936BE1C89->4e4fc70f-7137-48e5-bce3-ed99a5fefc67@group-8B1667B5E62E, cid=215, FAILED org.apache.ratis.protocol.NotLeaderException: Server 4e4fc70f-7137-48e5-bce3-ed99a5fefc67 is not the leader (null). Request must be sent to leader., logIndex=0, commits[4e4fc70f-7137-48e5-bce3-ed99a5fefc67:c-1]
2019-08-29 08:24:01,037 | INFO  | SCMAudit | user=jenkins1000 | ip=192.168.69.89 | op=SEND_HEARTBEAT {datanodeUUID=2bf2abbb-f03d-4b0e-b27d-2c376d4bd519, command=[]} | ret=SUCCESS |  
2019-08-29 08:24:01,141 | INFO  | SCMAudit | user=jenkins1000 | ip=192.168.69.89 | op=SEND_HEARTBEAT {datanodeUUID=0fa1021d-9840-440b-95fc-3f35327e9810, command=[]} | ret=SUCCESS |  
2019-08-29 08:24:01,256 | INFO  | SCMAudit | user=jenkins1000 | ip=192.168.69.89 | op=SEND_HEARTBEAT {datanodeUUID=4e4fc70f-7137-48e5-bce3-ed99a5fefc67, command=[]} | ret=SUCCESS |  
2019-08-29 08:24:01,350 | INFO  | SCMAudit | user=jenkins1000 | ip=192.168.69.89 | op=SEND_HEARTBEAT {datanodeUUID=ee5c7872-3dc8-4a1b-b96f-cbf662dd320f, command=[]} | ret=SUCCESS |  
2019-08-29 08:24:01,388 [Thread-4165] INFO  impl.FollowerState (FollowerState.java:run(106)) - 0fa1021d-9840-440b-95fc-3f35327e9810:group-FCE676CE442B changes to CANDIDATE, lastRpcTime:5178, electionTimeout:5178ms
2019-08-29 08:24:01,388 [Thread-4165] INFO  impl.RoleInfo (RoleInfo.java:shutdownFollowerState(121)) - 0fa1021d-9840-440b-95fc-3f35327e9810: shutdown FollowerState
2019-08-29 08:24:01,388 [Thread-4165] INFO  impl.RaftServerImpl (RaftServerImpl.java:setRole(171)) - 0fa1021d-9840-440b-95fc-3f35327e9810:group-FCE676CE442B changes role from FOLLOWER to CANDIDATE at term 0 for changeToCandidate
2019-08-29 08:24:01,388 [Thread-4165] INFO  impl.RoleInfo (RoleInfo.java:updateAndGet(143)) - 0fa1021d-9840-440b-95fc-3f35327e9810: start LeaderElection
2019-08-29 08:24:01,424 [0fa1021d-9840-440b-95fc-3f35327e9810:group-FCE676CE442B:LeaderElection98] INFO  impl.LeaderElection (LeaderElection.java:askForVotes(181)) - 0fa1021d-9840-440b-95fc-3f35327e9810:group-FCE676CE442B:LeaderElection98: begin an election at term 1 for -1: [0fa1021d-9840-440b-95fc-3f35327e9810:192.168.69.89:41905], old=null
2019-08-29 08:24:01,424 [0fa1021d-9840-440b-95fc-3f35327e9810:group-FCE676CE442B:LeaderElection98] INFO  impl.RoleInfo (RoleInfo.java:shutdownLeaderElection(134)) - 0fa1021d-9840-440b-95fc-3f35327e9810: shutdown LeaderElection
2019-08-29 08:24:01,424 [0fa1021d-9840-440b-95fc-3f35327e9810:group-FCE676CE442B:LeaderElection98] INFO  impl.RaftServerImpl (RaftServerImpl.java:setRole(171)) - 0fa1021d-9840-440b-95fc-3f35327e9810:group-FCE676CE442B changes role from CANDIDATE to LEADER at term 1 for changeToLeader
2019-08-29 08:24:01,424 [0fa1021d-9840-440b-95fc-3f35327e9810:group-FCE676CE442B:LeaderElection98] INFO  impl.RaftServerImpl (ServerState.java:setLeader(263)) - 0fa1021d-9840-440b-95fc-3f35327e9810:group-FCE676CE442B change Leader from null to 0fa1021d-9840-440b-95fc-3f35327e9810 at term 1 for becomeLeader, leader elected after 5219ms
2019-08-29 08:24:01,424 [0fa1021d-9840-440b-95fc-3f35327e9810:group-FCE676CE442B:LeaderElection98] INFO  server.RaftServerConfigKeys (ConfUtils.java:logGet(43)) - raft.server.staging.catchup.gap = 1000 (default)
2019-08-29 08:24:01,425 [0fa1021d-9840-440b-95fc-3f35327e9810:group-FCE676CE442B:LeaderElection98] INFO  server.RaftServerConfigKeys (ConfUtils.java:logGet(43)) - raft.server.rpc.sleep.time = 25ms (default)
2019-08-29 08:24:01,425 [0fa1021d-9840-440b-95fc-3f35327e9810:group-FCE676CE442B:LeaderElection98] INFO  server.RaftServerConfigKeys (ConfUtils.java:logGet(43)) - raft.server.write.element-limit = 4096 (default)
2019-08-29 08:24:01,425 [0fa1021d-9840-440b-95fc-3f35327e9810:group-FCE676CE442B:LeaderElection98] INFO  server.RaftServerConfigKeys (ConfUtils.java:logGet(43)) - raft.server.watch.timeout = 10s (default)
2019-08-29 08:24:01,425 [0fa1021d-9840-440b-95fc-3f35327e9810:group-FCE676CE442B:LeaderElection98] INFO  server.RaftServerConfigKeys (ConfUtils.java:logGet(43)) - raft.server.watch.timeout.denomination = 1s (default)
2019-08-29 08:24:01,425 [0fa1021d-9840-440b-95fc-3f35327e9810:group-FCE676CE442B:LeaderElection98] INFO  server.RaftServerConfigKeys (ConfUtils.java:logGet(43)) - raft.server.watch.element-limit = 65536 (default)
2019-08-29 08:24:01,425 [0fa1021d-9840-440b-95fc-3f35327e9810:group-FCE676CE442B:LeaderElection98] INFO  impl.RoleInfo (RoleInfo.java:updateAndGet(143)) - 0fa1021d-9840-440b-95fc-3f35327e9810: start LeaderState
2019-08-29 08:24:01,425 [0fa1021d-9840-440b-95fc-3f35327e9810:group-FCE676CE442B:LeaderElection98] INFO  segmented.SegmentedRaftLogWorker (SegmentedRaftLogWorker.java:startLogSegment(380)) - 0fa1021d-9840-440b-95fc-3f35327e9810-SegmentedRaftLogWorker:Storage Directory /workdir/hadoop-ozone/integration-test/target/test-dir/MiniOzoneClusterImpl-6291b889-f921-442b-be66-486fed594c04/datanode-0/data/ratis/ecb3fcdb-4e5c-44a7-9f1c-fce676ce442b: Starting segment from index:0
2019-08-29 08:24:01,426 [0fa1021d-9840-440b-95fc-3f35327e9810:group-FCE676CE442B:LeaderElection98] INFO  impl.RaftServerImpl (ServerState.java:setRaftConf(361)) - 0fa1021d-9840-440b-95fc-3f35327e9810:group-FCE676CE442B set configuration 0: [0fa1021d-9840-440b-95fc-3f35327e9810:192.168.69.89:41905], old=null at 0
2019-08-29 08:24:01,453 | INFO  | SCMAudit | user=jenkins1000 | ip=192.168.69.89 | op=SEND_HEARTBEAT {datanodeUUID=94e856c7-b0ce-4c30-ba6b-01ce82d994d4, command=[]} | ret=SUCCESS |  
2019-08-29 08:24:01,476 [0fa1021d-9840-440b-95fc-3f35327e9810-SegmentedRaftLogWorker:Storage Directory /workdir/hadoop-ozone/integration-test/target/test-dir/MiniOzoneClusterImpl-6291b889-f921-442b-be66-486fed594c04/datanode-0/data/ratis/ecb3fcdb-4e5c-44a7-9f1c-fce676ce442b] INFO  segmented.SegmentedRaftLogWorker (SegmentedRaftLogWorker.java:execute(569)) - 0fa1021d-9840-440b-95fc-3f35327e9810-SegmentedRaftLogWorker:Storage Directory /workdir/hadoop-ozone/integration-test/target/test-dir/MiniOzoneClusterImpl-6291b889-f921-442b-be66-486fed594c04/datanode-0/data/ratis/ecb3fcdb-4e5c-44a7-9f1c-fce676ce442b: created new log segment /workdir/hadoop-ozone/integration-test/target/test-dir/MiniOzoneClusterImpl-6291b889-f921-442b-be66-486fed594c04/datanode-0/data/ratis/ecb3fcdb-4e5c-44a7-9f1c-fce676ce442b/current/log_inprogress_0
2019-08-29 08:24:01,549 | INFO  | SCMAudit | user=jenkins1000 | ip=192.168.69.89 | op=SEND_HEARTBEAT {datanodeUUID=f3af49b3-6b43-4dcd-87a2-e9c9c1638f7b, command=[]} | ret=SUCCESS |  
2019-08-29 08:24:01,595 [Thread-4169] INFO  impl.FollowerState (FollowerState.java:run(106)) - ee5c7872-3dc8-4a1b-b96f-cbf662dd320f:group-9F278CE958CE changes to CANDIDATE, lastRpcTime:5166, electionTimeout:5166ms
2019-08-29 08:24:01,595 [Thread-4169] INFO  impl.RoleInfo (RoleInfo.java:shutdownFollowerState(121)) - ee5c7872-3dc8-4a1b-b96f-cbf662dd320f: shutdown FollowerState
2019-08-29 08:24:01,595 [Thread-4169] INFO  impl.RaftServerImpl (RaftServerImpl.java:setRole(171)) - ee5c7872-3dc8-4a1b-b96f-cbf662dd320f:group-9F278CE958CE changes role from FOLLOWER to CANDIDATE at term 0 for changeToCandidate
2019-08-29 08:24:01,595 [Thread-4169] INFO  impl.RoleInfo (RoleInfo.java:updateAndGet(143)) - ee5c7872-3dc8-4a1b-b96f-cbf662dd320f: start LeaderElection
2019-08-29 08:24:01,623 [ee5c7872-3dc8-4a1b-b96f-cbf662dd320f:group-9F278CE958CE:LeaderElection99] INFO  impl.LeaderElection (LeaderElection.java:askForVotes(181)) - ee5c7872-3dc8-4a1b-b96f-cbf662dd320f:group-9F278CE958CE:LeaderElection99: begin an election at term 1 for -1: [ee5c7872-3dc8-4a1b-b96f-cbf662dd320f:192.168.69.89:41195], old=null
2019-08-29 08:24:01,623 [ee5c7872-3dc8-4a1b-b96f-cbf662dd320f:group-9F278CE958CE:LeaderElection99] INFO  impl.RoleInfo (RoleInfo.java:shutdownLeaderElection(134)) - ee5c7872-3dc8-4a1b-b96f-cbf662dd320f: shutdown LeaderElection
2019-08-29 08:24:01,623 [ee5c7872-3dc8-4a1b-b96f-cbf662dd320f:group-9F278CE958CE:LeaderElection99] INFO  impl.RaftServerImpl (RaftServerImpl.java:setRole(171)) - ee5c7872-3dc8-4a1b-b96f-cbf662dd320f:group-9F278CE958CE changes role from CANDIDATE to LEADER at term 1 for changeToLeader
2019-08-29 08:24:01,623 [ee5c7872-3dc8-4a1b-b96f-cbf662dd320f:group-9F278CE958CE:LeaderElection99] INFO  impl.RaftServerImpl (ServerState.java:setLeader(263)) - ee5c7872-3dc8-4a1b-b96f-cbf662dd320f:group-9F278CE958CE change Leader from null to ee5c7872-3dc8-4a1b-b96f-cbf662dd320f at term 1 for becomeLeader, leader elected after 5199ms
2019-08-29 08:24:01,623 [ee5c7872-3dc8-4a1b-b96f-cbf662dd320f:group-9F278CE958CE:LeaderElection99] INFO  server.RaftServerConfigKeys (ConfUtils.java:logGet(43)) - raft.server.staging.catchup.gap = 1000 (default)
2019-08-29 08:24:01,623 [ee5c7872-3dc8-4a1b-b96f-cbf662dd320f:group-9F278CE958CE:LeaderElection99] INFO  server.RaftServerConfigKeys (ConfUtils.java:logGet(43)) - raft.server.rpc.sleep.time = 25ms (default)
2019-08-29 08:24:01,623 [ee5c7872-3dc8-4a1b-b96f-cbf662dd320f:group-9F278CE958CE:LeaderElection99] INFO  server.RaftServerConfigKeys (ConfUtils.java:logGet(43)) - raft.server.write.element-limit = 4096 (default)
2019-08-29 08:24:01,623 [ee5c7872-3dc8-4a1b-b96f-cbf662dd320f:group-9F278CE958CE:LeaderElection99] INFO  server.RaftServerConfigKeys (ConfUtils.java:logGet(43)) - raft.server.watch.timeout = 10s (default)
2019-08-29 08:24:01,623 [ee5c7872-3dc8-4a1b-b96f-cbf662dd320f:group-9F278CE958CE:LeaderElection99] INFO  server.RaftServerConfigKeys (ConfUtils.java:logGet(43)) - raft.server.watch.timeout.denomination = 1s (default)
2019-08-29 08:24:01,624 [ee5c7872-3dc8-4a1b-b96f-cbf662dd320f:group-9F278CE958CE:LeaderElection99] INFO  server.RaftServerConfigKeys (ConfUtils.java:logGet(43)) - raft.server.watch.element-limit = 65536 (default)
2019-08-29 08:24:01,624 [ee5c7872-3dc8-4a1b-b96f-cbf662dd320f:group-9F278CE958CE:LeaderElection99] INFO  impl.RoleInfo (RoleInfo.java:updateAndGet(143)) - ee5c7872-3dc8-4a1b-b96f-cbf662dd320f: start LeaderState
2019-08-29 08:24:01,624 [ee5c7872-3dc8-4a1b-b96f-cbf662dd320f:group-9F278CE958CE:LeaderElection99] INFO  segmented.SegmentedRaftLogWorker (SegmentedRaftLogWorker.java:startLogSegment(380)) - ee5c7872-3dc8-4a1b-b96f-cbf662dd320f-SegmentedRaftLogWorker:Storage Directory /workdir/hadoop-ozone/integration-test/target/test-dir/MiniOzoneClusterImpl-6291b889-f921-442b-be66-486fed594c04/datanode-1/data/ratis/1518785e-b0e4-4a52-a5c0-9f278ce958ce: Starting segment from index:0
2019-08-29 08:24:01,624 [ee5c7872-3dc8-4a1b-b96f-cbf662dd320f:group-9F278CE958CE:LeaderElection99] INFO  impl.RaftServerImpl (ServerState.java:setRaftConf(361)) - ee5c7872-3dc8-4a1b-b96f-cbf662dd320f:group-9F278CE958CE set configuration 0: [ee5c7872-3dc8-4a1b-b96f-cbf662dd320f:192.168.69.89:41195], old=null at 0
2019-08-29 08:24:01,634 | INFO  | SCMAudit | user=jenkins1000 | ip=192.168.69.89 | op=SEND_HEARTBEAT {datanodeUUID=3d0c9a1e-aae8-443e-a7b0-45fa20dec0f4, command=[]} | ret=SUCCESS |  
2019-08-29 08:24:01,671 [ee5c7872-3dc8-4a1b-b96f-cbf662dd320f-SegmentedRaftLogWorker:Storage Directory /workdir/hadoop-ozone/integration-test/target/test-dir/MiniOzoneClusterImpl-6291b889-f921-442b-be66-486fed594c04/datanode-1/data/ratis/1518785e-b0e4-4a52-a5c0-9f278ce958ce] INFO  segmented.SegmentedRaftLogWorker (SegmentedRaftLogWorker.java:execute(569)) - ee5c7872-3dc8-4a1b-b96f-cbf662dd320f-SegmentedRaftLogWorker:Storage Directory /workdir/hadoop-ozone/integration-test/target/test-dir/MiniOzoneClusterImpl-6291b889-f921-442b-be66-486fed594c04/datanode-1/data/ratis/1518785e-b0e4-4a52-a5c0-9f278ce958ce: created new log segment /workdir/hadoop-ozone/integration-test/target/test-dir/MiniOzoneClusterImpl-6291b889-f921-442b-be66-486fed594c04/datanode-1/data/ratis/1518785e-b0e4-4a52-a5c0-9f278ce958ce/current/log_inprogress_0
2019-08-29 08:24:01,734 [Thread-4174] INFO  impl.FollowerState (FollowerState.java:run(106)) - f3af49b3-6b43-4dcd-87a2-e9c9c1638f7b:group-85213D96FE53 changes to CANDIDATE, lastRpcTime:5104, electionTimeout:5104ms
2019-08-29 08:24:01,734 [Thread-4174] INFO  impl.RoleInfo (RoleInfo.java:shutdownFollowerState(121)) - f3af49b3-6b43-4dcd-87a2-e9c9c1638f7b: shutdown FollowerState
2019-08-29 08:24:01,734 [Thread-4174] INFO  impl.RaftServerImpl (RaftServerImpl.java:setRole(171)) - f3af49b3-6b43-4dcd-87a2-e9c9c1638f7b:group-85213D96FE53 changes role from FOLLOWER to CANDIDATE at term 0 for changeToCandidate
2019-08-29 08:24:01,734 [Thread-4174] INFO  impl.RoleInfo (RoleInfo.java:updateAndGet(143)) - f3af49b3-6b43-4dcd-87a2-e9c9c1638f7b: start LeaderElection
2019-08-29 08:24:01,750 [grpc-default-executor-7] INFO  client.GrpcClientProtocolClient (GrpcClientProtocolClient.java:onNext(255)) - client-5FE936BE1C89->94e856c7-b0ce-4c30-ba6b-01ce82d994d4: receive RaftClientReply:client-5FE936BE1C89->94e856c7-b0ce-4c30-ba6b-01ce82d994d4@group-8B1667B5E62E, cid=215, FAILED org.apache.ratis.protocol.NotLeaderException: Server 94e856c7-b0ce-4c30-ba6b-01ce82d994d4 is not the leader (null). Request must be sent to leader., logIndex=0, commits[94e856c7-b0ce-4c30-ba6b-01ce82d994d4:c-1]
2019-08-29 08:24:01,752 [f3af49b3-6b43-4dcd-87a2-e9c9c1638f7b:group-85213D96FE53:LeaderElection100] INFO  impl.LeaderElection (LeaderElection.java:askForVotes(181)) - f3af49b3-6b43-4dcd-87a2-e9c9c1638f7b:group-85213D96FE53:LeaderElection100: begin an election at term 1 for -1: [f3af49b3-6b43-4dcd-87a2-e9c9c1638f7b:192.168.69.89:34870], old=null
2019-08-29 08:24:01,752 [f3af49b3-6b43-4dcd-87a2-e9c9c1638f7b:group-85213D96FE53:LeaderElection100] INFO  impl.RoleInfo (RoleInfo.java:shutdownLeaderElection(134)) - f3af49b3-6b43-4dcd-87a2-e9c9c1638f7b: shutdown LeaderElection
2019-08-29 08:24:01,753 [f3af49b3-6b43-4dcd-87a2-e9c9c1638f7b:group-85213D96FE53:LeaderElection100] INFO  impl.RaftServerImpl (RaftServerImpl.java:setRole(171)) - f3af49b3-6b43-4dcd-87a2-e9c9c1638f7b:group-85213D96FE53 changes role from CANDIDATE to LEADER at term 1 for changeToLeader
2019-08-29 08:24:01,753 [f3af49b3-6b43-4dcd-87a2-e9c9c1638f7b:group-85213D96FE53:LeaderElection100] INFO  impl.RaftServerImpl (ServerState.java:setLeader(263)) - f3af49b3-6b43-4dcd-87a2-e9c9c1638f7b:group-85213D96FE53 change Leader from null to f3af49b3-6b43-4dcd-87a2-e9c9c1638f7b at term 1 for becomeLeader, leader elected after 5127ms
2019-08-29 08:24:01,753 [f3af49b3-6b43-4dcd-87a2-e9c9c1638f7b:group-85213D96FE53:LeaderElection100] INFO  server.RaftServerConfigKeys (ConfUtils.java:logGet(43)) - raft.server.staging.catchup.gap = 1000 (default)
2019-08-29 08:24:01,753 [f3af49b3-6b43-4dcd-87a2-e9c9c1638f7b:group-85213D96FE53:LeaderElection100] INFO  server.RaftServerConfigKeys (ConfUtils.java:logGet(43)) - raft.server.rpc.sleep.time = 25ms (default)
2019-08-29 08:24:01,753 [f3af49b3-6b43-4dcd-87a2-e9c9c1638f7b:group-85213D96FE53:LeaderElection100] INFO  server.RaftServerConfigKeys (ConfUtils.java:logGet(43)) - raft.server.write.element-limit = 4096 (default)
2019-08-29 08:24:01,753 [f3af49b3-6b43-4dcd-87a2-e9c9c1638f7b:group-85213D96FE53:LeaderElection100] INFO  server.RaftServerConfigKeys (ConfUtils.java:logGet(43)) - raft.server.watch.timeout = 10s (default)
2019-08-29 08:24:01,753 [f3af49b3-6b43-4dcd-87a2-e9c9c1638f7b:group-85213D96FE53:LeaderElection100] INFO  server.RaftServerConfigKeys (ConfUtils.java:logGet(43)) - raft.server.watch.timeout.denomination = 1s (default)
2019-08-29 08:24:01,753 [f3af49b3-6b43-4dcd-87a2-e9c9c1638f7b:group-85213D96FE53:LeaderElection100] INFO  server.RaftServerConfigKeys (ConfUtils.java:logGet(43)) - raft.server.watch.element-limit = 65536 (default)
2019-08-29 08:24:01,753 [f3af49b3-6b43-4dcd-87a2-e9c9c1638f7b:group-85213D96FE53:LeaderElection100] INFO  impl.RoleInfo (RoleInfo.java:updateAndGet(143)) - f3af49b3-6b43-4dcd-87a2-e9c9c1638f7b: start LeaderState
2019-08-29 08:24:01,753 [f3af49b3-6b43-4dcd-87a2-e9c9c1638f7b:group-85213D96FE53:LeaderElection100] INFO  segmented.SegmentedRaftLogWorker (SegmentedRaftLogWorker.java:startLogSegment(380)) - f3af49b3-6b43-4dcd-87a2-e9c9c1638f7b-SegmentedRaftLogWorker:Storage Directory /workdir/hadoop-ozone/integration-test/target/test-dir/MiniOzoneClusterImpl-6291b889-f921-442b-be66-486fed594c04/datanode-2/data/ratis/df786622-dd82-4179-9b88-85213d96fe53: Starting segment from index:0
2019-08-29 08:24:01,754 [f3af49b3-6b43-4dcd-87a2-e9c9c1638f7b:group-85213D96FE53:LeaderElection100] INFO  impl.RaftServerImpl (ServerState.java:setRaftConf(361)) - f3af49b3-6b43-4dcd-87a2-e9c9c1638f7b:group-85213D96FE53 set configuration 0: [f3af49b3-6b43-4dcd-87a2-e9c9c1638f7b:192.168.69.89:34870], old=null at 0
2019-08-29 08:24:01,797 [f3af49b3-6b43-4dcd-87a2-e9c9c1638f7b-SegmentedRaftLogWorker:Storage Directory /workdir/hadoop-ozone/integration-test/target/test-dir/MiniOzoneClusterImpl-6291b889-f921-442b-be66-486fed594c04/datanode-2/data/ratis/df786622-dd82-4179-9b88-85213d96fe53] INFO  segmented.SegmentedRaftLogWorker (SegmentedRaftLogWorker.java:execute(569)) - f3af49b3-6b43-4dcd-87a2-e9c9c1638f7b-SegmentedRaftLogWorker:Storage Directory /workdir/hadoop-ozone/integration-test/target/test-dir/MiniOzoneClusterImpl-6291b889-f921-442b-be66-486fed594c04/datanode-2/data/ratis/df786622-dd82-4179-9b88-85213d96fe53: created new log segment /workdir/hadoop-ozone/integration-test/target/test-dir/MiniOzoneClusterImpl-6291b889-f921-442b-be66-486fed594c04/datanode-2/data/ratis/df786622-dd82-4179-9b88-85213d96fe53/current/log_inprogress_0
2019-08-29 08:24:01,833 [Thread-4177] INFO  impl.FollowerState (FollowerState.java:run(106)) - ee5c7872-3dc8-4a1b-b96f-cbf662dd320f:group-EBBB911C96B3 changes to CANDIDATE, lastRpcTime:5106, electionTimeout:5106ms
2019-08-29 08:24:01,833 [Thread-4177] INFO  impl.RoleInfo (RoleInfo.java:shutdownFollowerState(121)) - ee5c7872-3dc8-4a1b-b96f-cbf662dd320f: shutdown FollowerState
2019-08-29 08:24:01,833 [Thread-4177] INFO  impl.RaftServerImpl (RaftServerImpl.java:setRole(171)) - ee5c7872-3dc8-4a1b-b96f-cbf662dd320f:group-EBBB911C96B3 changes role from FOLLOWER to CANDIDATE at term 0 for changeToCandidate
2019-08-29 08:24:01,833 [Thread-4177] INFO  impl.RoleInfo (RoleInfo.java:updateAndGet(143)) - ee5c7872-3dc8-4a1b-b96f-cbf662dd320f: start LeaderElection
2019-08-29 08:24:01,859 [ee5c7872-3dc8-4a1b-b96f-cbf662dd320f:group-EBBB911C96B3:LeaderElection101] INFO  impl.LeaderElection (LeaderElection.java:askForVotes(181)) - ee5c7872-3dc8-4a1b-b96f-cbf662dd320f:group-EBBB911C96B3:LeaderElection101: begin an election at term 1 for -1: [f3af49b3-6b43-4dcd-87a2-e9c9c1638f7b:192.168.69.89:34870, 0fa1021d-9840-440b-95fc-3f35327e9810:192.168.69.89:41905, ee5c7872-3dc8-4a1b-b96f-cbf662dd320f:192.168.69.89:41195], old=null
2019-08-29 08:24:01,865 [grpc-default-executor-7] INFO  impl.RaftServerImpl (RaftServerImpl.java:setRole(171)) - f3af49b3-6b43-4dcd-87a2-e9c9c1638f7b:group-EBBB911C96B3 changes role from FOLLOWER to FOLLOWER at term 1 for recognizeCandidate:ee5c7872-3dc8-4a1b-b96f-cbf662dd320f
2019-08-29 08:24:01,865 [grpc-default-executor-10] INFO  impl.RaftServerImpl (RaftServerImpl.java:setRole(171)) - 0fa1021d-9840-440b-95fc-3f35327e9810:group-EBBB911C96B3 changes role from FOLLOWER to FOLLOWER at term 1 for recognizeCandidate:ee5c7872-3dc8-4a1b-b96f-cbf662dd320f
2019-08-29 08:24:01,865 [grpc-default-executor-7] INFO  impl.RoleInfo (RoleInfo.java:shutdownFollowerState(121)) - f3af49b3-6b43-4dcd-87a2-e9c9c1638f7b: shutdown FollowerState
2019-08-29 08:24:01,865 [grpc-default-executor-10] INFO  impl.RoleInfo (RoleInfo.java:shutdownFollowerState(121)) - 0fa1021d-9840-440b-95fc-3f35327e9810: shutdown FollowerState
2019-08-29 08:24:01,865 [grpc-default-executor-7] INFO  impl.RoleInfo (RoleInfo.java:updateAndGet(143)) - f3af49b3-6b43-4dcd-87a2-e9c9c1638f7b: start FollowerState
2019-08-29 08:24:01,865 [Thread-4180] INFO  impl.FollowerState (FollowerState.java:run(114)) - f3af49b3-6b43-4dcd-87a2-e9c9c1638f7b: FollowerState was interrupted: java.lang.InterruptedException: sleep interrupted
2019-08-29 08:24:01,865 [grpc-default-executor-10] INFO  impl.RoleInfo (RoleInfo.java:updateAndGet(143)) - 0fa1021d-9840-440b-95fc-3f35327e9810: start FollowerState
2019-08-29 08:24:01,865 [Thread-4182] INFO  impl.FollowerState (FollowerState.java:run(114)) - 0fa1021d-9840-440b-95fc-3f35327e9810: FollowerState was interrupted: java.lang.InterruptedException: sleep interrupted
2019-08-29 08:24:01,883 [ee5c7872-3dc8-4a1b-b96f-cbf662dd320f:group-EBBB911C96B3:LeaderElection101] INFO  impl.LeaderElection (LeaderElection.java:logAndReturn(56)) - ee5c7872-3dc8-4a1b-b96f-cbf662dd320f:group-EBBB911C96B3:LeaderElection101: Election PASSED; received 1 response(s) [ee5c7872-3dc8-4a1b-b96f-cbf662dd320f<-f3af49b3-6b43-4dcd-87a2-e9c9c1638f7b#0:OK-t1] and 0 exception(s); ee5c7872-3dc8-4a1b-b96f-cbf662dd320f:t1, leader=null, voted=ee5c7872-3dc8-4a1b-b96f-cbf662dd320f, raftlog=ee5c7872-3dc8-4a1b-b96f-cbf662dd320f-SegmentedRaftLog:OPENED:c-1,f-1,i0, conf=-1: [f3af49b3-6b43-4dcd-87a2-e9c9c1638f7b:192.168.69.89:34870, 0fa1021d-9840-440b-95fc-3f35327e9810:192.168.69.89:41905, ee5c7872-3dc8-4a1b-b96f-cbf662dd320f:192.168.69.89:41195], old=null
2019-08-29 08:24:01,883 [ee5c7872-3dc8-4a1b-b96f-cbf662dd320f:group-EBBB911C96B3:LeaderElection101] INFO  impl.RoleInfo (RoleInfo.java:shutdownLeaderElection(134)) - ee5c7872-3dc8-4a1b-b96f-cbf662dd320f: shutdown LeaderElection
2019-08-29 08:24:01,883 [ee5c7872-3dc8-4a1b-b96f-cbf662dd320f:group-EBBB911C96B3:LeaderElection101] INFO  impl.RaftServerImpl (RaftServerImpl.java:setRole(171)) - ee5c7872-3dc8-4a1b-b96f-cbf662dd320f:group-EBBB911C96B3 changes role from CANDIDATE to LEADER at term 1 for changeToLeader
2019-08-29 08:24:01,883 [ee5c7872-3dc8-4a1b-b96f-cbf662dd320f:group-EBBB911C96B3:LeaderElection101] INFO  impl.RaftServerImpl (ServerState.java:setLeader(263)) - ee5c7872-3dc8-4a1b-b96f-cbf662dd320f:group-EBBB911C96B3 change Leader from null to ee5c7872-3dc8-4a1b-b96f-cbf662dd320f at term 1 for becomeLeader, leader elected after 5164ms
2019-08-29 08:24:01,883 [ee5c7872-3dc8-4a1b-b96f-cbf662dd320f:group-EBBB911C96B3:LeaderElection101] INFO  server.RaftServerConfigKeys (ConfUtils.java:logGet(43)) - raft.server.staging.catchup.gap = 1000 (default)
2019-08-29 08:24:01,883 [ee5c7872-3dc8-4a1b-b96f-cbf662dd320f:group-EBBB911C96B3:LeaderElection101] INFO  server.RaftServerConfigKeys (ConfUtils.java:logGet(43)) - raft.server.rpc.sleep.time = 25ms (default)
2019-08-29 08:24:01,883 [ee5c7872-3dc8-4a1b-b96f-cbf662dd320f:group-EBBB911C96B3:LeaderElection101] INFO  server.RaftServerConfigKeys (ConfUtils.java:logGet(43)) - raft.server.write.element-limit = 4096 (default)
2019-08-29 08:24:01,884 [ee5c7872-3dc8-4a1b-b96f-cbf662dd320f:group-EBBB911C96B3:LeaderElection101] INFO  server.RaftServerConfigKeys (ConfUtils.java:logGet(43)) - raft.server.watch.timeout = 10s (default)
2019-08-29 08:24:01,884 [ee5c7872-3dc8-4a1b-b96f-cbf662dd320f:group-EBBB911C96B3:LeaderElection101] INFO  server.RaftServerConfigKeys (ConfUtils.java:logGet(43)) - raft.server.watch.timeout.denomination = 1s (default)
2019-08-29 08:24:01,884 [ee5c7872-3dc8-4a1b-b96f-cbf662dd320f:group-EBBB911C96B3:LeaderElection101] INFO  server.RaftServerConfigKeys (ConfUtils.java:logGet(43)) - raft.server.watch.element-limit = 65536 (default)
2019-08-29 08:24:01,884 [ee5c7872-3dc8-4a1b-b96f-cbf662dd320f:group-EBBB911C96B3:LeaderElection101] INFO  server.RaftServerConfigKeys (ConfUtils.java:logGet(43)) - raft.server.log.appender.snapshot.chunk.size.max = 16MB (=16777216) (default)
2019-08-29 08:24:01,884 [ee5c7872-3dc8-4a1b-b96f-cbf662dd320f:group-EBBB911C96B3:LeaderElection101] INFO  server.RaftServerConfigKeys (ConfUtils.java:logGet(43)) - raft.server.log.appender.buffer.byte-limit = 33554432 (custom)
2019-08-29 08:24:01,884 [ee5c7872-3dc8-4a1b-b96f-cbf662dd320f:group-EBBB911C96B3:LeaderElection101] INFO  server.RaftServerConfigKeys (ConfUtils.java:logGet(43)) - raft.server.log.appender.buffer.element-limit = 1 (custom)
2019-08-29 08:24:01,884 [ee5c7872-3dc8-4a1b-b96f-cbf662dd320f:group-EBBB911C96B3:LeaderElection101] INFO  grpc.GrpcConfigKeys$Server (ConfUtils.java:logGet(43)) - raft.grpc.server.leader.outstanding.appends.max = 128 (default)
2019-08-29 08:24:01,884 [ee5c7872-3dc8-4a1b-b96f-cbf662dd320f:group-EBBB911C96B3:LeaderElection101] INFO  server.RaftServerConfigKeys (ConfUtils.java:logGet(43)) - raft.server.rpc.request.timeout = 3000ms (default)
2019-08-29 08:24:01,884 [ee5c7872-3dc8-4a1b-b96f-cbf662dd320f:group-EBBB911C96B3:LeaderElection101] INFO  server.RaftServerConfigKeys (ConfUtils.java:logGet(43)) - raft.server.log.appender.install.snapshot.enabled = false (custom)
2019-08-29 08:24:01,885 [ee5c7872-3dc8-4a1b-b96f-cbf662dd320f:group-EBBB911C96B3:LeaderElection101] INFO  server.RaftServerConfigKeys (ConfUtils.java:logGet(43)) - raft.server.log.appender.snapshot.chunk.size.max = 16MB (=16777216) (default)
2019-08-29 08:24:01,885 [ee5c7872-3dc8-4a1b-b96f-cbf662dd320f:group-EBBB911C96B3:LeaderElection101] INFO  server.RaftServerConfigKeys (ConfUtils.java:logGet(43)) - raft.server.log.appender.buffer.byte-limit = 33554432 (custom)
2019-08-29 08:24:01,885 [ee5c7872-3dc8-4a1b-b96f-cbf662dd320f:group-EBBB911C96B3:LeaderElection101] INFO  server.RaftServerConfigKeys (ConfUtils.java:logGet(43)) - raft.server.log.appender.buffer.element-limit = 1 (custom)
2019-08-29 08:24:01,885 [ee5c7872-3dc8-4a1b-b96f-cbf662dd320f:group-EBBB911C96B3:LeaderElection101] INFO  grpc.GrpcConfigKeys$Server (ConfUtils.java:logGet(43)) - raft.grpc.server.leader.outstanding.appends.max = 128 (default)
2019-08-29 08:24:01,885 [ee5c7872-3dc8-4a1b-b96f-cbf662dd320f:group-EBBB911C96B3:LeaderElection101] INFO  server.RaftServerConfigKeys (ConfUtils.java:logGet(43)) - raft.server.rpc.request.timeout = 3000ms (default)
2019-08-29 08:24:01,885 [ee5c7872-3dc8-4a1b-b96f-cbf662dd320f:group-EBBB911C96B3:LeaderElection101] INFO  server.RaftServerConfigKeys (ConfUtils.java:logGet(43)) - raft.server.log.appender.install.snapshot.enabled = false (custom)
2019-08-29 08:24:01,885 [ee5c7872-3dc8-4a1b-b96f-cbf662dd320f:group-EBBB911C96B3:LeaderElection101] INFO  impl.RoleInfo (RoleInfo.java:updateAndGet(143)) - ee5c7872-3dc8-4a1b-b96f-cbf662dd320f: start LeaderState
2019-08-29 08:24:01,885 [ee5c7872-3dc8-4a1b-b96f-cbf662dd320f:group-EBBB911C96B3:LeaderElection101] INFO  segmented.SegmentedRaftLogWorker (SegmentedRaftLogWorker.java:startLogSegment(380)) - ee5c7872-3dc8-4a1b-b96f-cbf662dd320f-SegmentedRaftLogWorker:Storage Directory /workdir/hadoop-ozone/integration-test/target/test-dir/MiniOzoneClusterImpl-6291b889-f921-442b-be66-486fed594c04/datanode-1/data/ratis/a06ce0ce-00b7-4c4f-86b9-ebbb911c96b3: Starting segment from index:0
2019-08-29 08:24:01,886 [ee5c7872-3dc8-4a1b-b96f-cbf662dd320f:group-EBBB911C96B3:LeaderElection101] INFO  impl.RaftServerImpl (ServerState.java:setRaftConf(361)) - ee5c7872-3dc8-4a1b-b96f-cbf662dd320f:group-EBBB911C96B3 set configuration 0: [f3af49b3-6b43-4dcd-87a2-e9c9c1638f7b:192.168.69.89:34870, 0fa1021d-9840-440b-95fc-3f35327e9810:192.168.69.89:41905, ee5c7872-3dc8-4a1b-b96f-cbf662dd320f:192.168.69.89:41195], old=null at 0
2019-08-29 08:24:01,910 [grpc-default-executor-10] INFO  impl.RaftServerImpl (ServerState.java:setLeader(263)) - f3af49b3-6b43-4dcd-87a2-e9c9c1638f7b:group-EBBB911C96B3 change Leader from null to ee5c7872-3dc8-4a1b-b96f-cbf662dd320f at term 1 for appendEntries, leader elected after 5190ms
2019-08-29 08:24:01,911 [grpc-default-executor-10] INFO  impl.RaftServerImpl (ServerState.java:setLeader(263)) - 0fa1021d-9840-440b-95fc-3f35327e9810:group-EBBB911C96B3 change Leader from null to ee5c7872-3dc8-4a1b-b96f-cbf662dd320f at term 1 for appendEntries, leader elected after 5191ms
2019-08-29 08:24:01,914 [grpc-default-executor-7] INFO  impl.RaftServerImpl (ServerState.java:setRaftConf(361)) - f3af49b3-6b43-4dcd-87a2-e9c9c1638f7b:group-EBBB911C96B3 set configuration 0: [f3af49b3-6b43-4dcd-87a2-e9c9c1638f7b:192.168.69.89:34870, 0fa1021d-9840-440b-95fc-3f35327e9810:192.168.69.89:41905, ee5c7872-3dc8-4a1b-b96f-cbf662dd320f:192.168.69.89:41195], old=null at 0
2019-08-29 08:24:01,914 [grpc-default-executor-10] INFO  impl.RaftServerImpl (ServerState.java:setRaftConf(361)) - 0fa1021d-9840-440b-95fc-3f35327e9810:group-EBBB911C96B3 set configuration 0: [f3af49b3-6b43-4dcd-87a2-e9c9c1638f7b:192.168.69.89:34870, 0fa1021d-9840-440b-95fc-3f35327e9810:192.168.69.89:41905, ee5c7872-3dc8-4a1b-b96f-cbf662dd320f:192.168.69.89:41195], old=null at 0
2019-08-29 08:24:01,914 [grpc-default-executor-7] INFO  segmented.SegmentedRaftLogWorker (SegmentedRaftLogWorker.java:startLogSegment(380)) - f3af49b3-6b43-4dcd-87a2-e9c9c1638f7b-SegmentedRaftLogWorker:Storage Directory /workdir/hadoop-ozone/integration-test/target/test-dir/MiniOzoneClusterImpl-6291b889-f921-442b-be66-486fed594c04/datanode-2/data/ratis/a06ce0ce-00b7-4c4f-86b9-ebbb911c96b3: Starting segment from index:0
2019-08-29 08:24:01,914 [grpc-default-executor-10] INFO  segmented.SegmentedRaftLogWorker (SegmentedRaftLogWorker.java:startLogSegment(380)) - 0fa1021d-9840-440b-95fc-3f35327e9810-SegmentedRaftLogWorker:Storage Directory /workdir/hadoop-ozone/integration-test/target/test-dir/MiniOzoneClusterImpl-6291b889-f921-442b-be66-486fed594c04/datanode-0/data/ratis/a06ce0ce-00b7-4c4f-86b9-ebbb911c96b3: Starting segment from index:0
2019-08-29 08:24:01,932 [ee5c7872-3dc8-4a1b-b96f-cbf662dd320f-SegmentedRaftLogWorker:Storage Directory /workdir/hadoop-ozone/integration-test/target/test-dir/MiniOzoneClusterImpl-6291b889-f921-442b-be66-486fed594c04/datanode-1/data/ratis/a06ce0ce-00b7-4c4f-86b9-ebbb911c96b3] INFO  segmented.SegmentedRaftLogWorker (SegmentedRaftLogWorker.java:execute(569)) - ee5c7872-3dc8-4a1b-b96f-cbf662dd320f-SegmentedRaftLogWorker:Storage Directory /workdir/hadoop-ozone/integration-test/target/test-dir/MiniOzoneClusterImpl-6291b889-f921-442b-be66-486fed594c04/datanode-1/data/ratis/a06ce0ce-00b7-4c4f-86b9-ebbb911c96b3: created new log segment /workdir/hadoop-ozone/integration-test/target/test-dir/MiniOzoneClusterImpl-6291b889-f921-442b-be66-486fed594c04/datanode-1/data/ratis/a06ce0ce-00b7-4c4f-86b9-ebbb911c96b3/current/log_inprogress_0
2019-08-29 08:24:01,975 [f3af49b3-6b43-4dcd-87a2-e9c9c1638f7b-SegmentedRaftLogWorker:Storage Directory /workdir/hadoop-ozone/integration-test/target/test-dir/MiniOzoneClusterImpl-6291b889-f921-442b-be66-486fed594c04/datanode-2/data/ratis/a06ce0ce-00b7-4c4f-86b9-ebbb911c96b3] INFO  segmented.SegmentedRaftLogWorker (SegmentedRaftLogWorker.java:execute(569)) - f3af49b3-6b43-4dcd-87a2-e9c9c1638f7b-SegmentedRaftLogWorker:Storage Directory /workdir/hadoop-ozone/integration-test/target/test-dir/MiniOzoneClusterImpl-6291b889-f921-442b-be66-486fed594c04/datanode-2/data/ratis/a06ce0ce-00b7-4c4f-86b9-ebbb911c96b3: created new log segment /workdir/hadoop-ozone/integration-test/target/test-dir/MiniOzoneClusterImpl-6291b889-f921-442b-be66-486fed594c04/datanode-2/data/ratis/a06ce0ce-00b7-4c4f-86b9-ebbb911c96b3/current/log_inprogress_0
2019-08-29 08:24:01,975 [0fa1021d-9840-440b-95fc-3f35327e9810-SegmentedRaftLogWorker:Storage Directory /workdir/hadoop-ozone/integration-test/target/test-dir/MiniOzoneClusterImpl-6291b889-f921-442b-be66-486fed594c04/datanode-0/data/ratis/a06ce0ce-00b7-4c4f-86b9-ebbb911c96b3] INFO  segmented.SegmentedRaftLogWorker (SegmentedRaftLogWorker.java:execute(569)) - 0fa1021d-9840-440b-95fc-3f35327e9810-SegmentedRaftLogWorker:Storage Directory /workdir/hadoop-ozone/integration-test/target/test-dir/MiniOzoneClusterImpl-6291b889-f921-442b-be66-486fed594c04/datanode-0/data/ratis/a06ce0ce-00b7-4c4f-86b9-ebbb911c96b3: created new log segment /workdir/hadoop-ozone/integration-test/target/test-dir/MiniOzoneClusterImpl-6291b889-f921-442b-be66-486fed594c04/datanode-0/data/ratis/a06ce0ce-00b7-4c4f-86b9-ebbb911c96b3/current/log_inprogress_0
2019-08-29 08:24:02,037 | INFO  | SCMAudit | user=jenkins1000 | ip=192.168.69.89 | op=SEND_HEARTBEAT {datanodeUUID=2bf2abbb-f03d-4b0e-b27d-2c376d4bd519, command=[]} | ret=SUCCESS |  
2019-08-29 08:24:02,141 | INFO  | SCMAudit | user=jenkins1000 | ip=192.168.69.89 | op=SEND_HEARTBEAT {datanodeUUID=0fa1021d-9840-440b-95fc-3f35327e9810, command=[]} | ret=SUCCESS |  
2019-08-29 08:24:02,176 [Thread-4186] INFO  impl.FollowerState (FollowerState.java:run(106)) - 2bf2abbb-f03d-4b0e-b27d-2c376d4bd519:group-20A2B0FE613E changes to CANDIDATE, lastRpcTime:5078, electionTimeout:5078ms
2019-08-29 08:24:02,176 [Thread-4186] INFO  impl.RoleInfo (RoleInfo.java:shutdownFollowerState(121)) - 2bf2abbb-f03d-4b0e-b27d-2c376d4bd519: shutdown FollowerState
2019-08-29 08:24:02,176 [Thread-4186] INFO  impl.RaftServerImpl (RaftServerImpl.java:setRole(171)) - 2bf2abbb-f03d-4b0e-b27d-2c376d4bd519:group-20A2B0FE613E changes role from FOLLOWER to CANDIDATE at term 0 for changeToCandidate
2019-08-29 08:24:02,176 [Thread-4186] INFO  impl.RoleInfo (RoleInfo.java:updateAndGet(143)) - 2bf2abbb-f03d-4b0e-b27d-2c376d4bd519: start LeaderElection
2019-08-29 08:24:02,208 [2bf2abbb-f03d-4b0e-b27d-2c376d4bd519:group-20A2B0FE613E:LeaderElection102] INFO  impl.LeaderElection (LeaderElection.java:askForVotes(181)) - 2bf2abbb-f03d-4b0e-b27d-2c376d4bd519:group-20A2B0FE613E:LeaderElection102: begin an election at term 1 for -1: [2bf2abbb-f03d-4b0e-b27d-2c376d4bd519:192.168.69.89:37716], old=null
2019-08-29 08:24:02,208 [2bf2abbb-f03d-4b0e-b27d-2c376d4bd519:group-20A2B0FE613E:LeaderElection102] INFO  impl.RoleInfo (RoleInfo.java:shutdownLeaderElection(134)) - 2bf2abbb-f03d-4b0e-b27d-2c376d4bd519: shutdown LeaderElection
2019-08-29 08:24:02,208 [2bf2abbb-f03d-4b0e-b27d-2c376d4bd519:group-20A2B0FE613E:LeaderElection102] INFO  impl.RaftServerImpl (RaftServerImpl.java:setRole(171)) - 2bf2abbb-f03d-4b0e-b27d-2c376d4bd519:group-20A2B0FE613E changes role from CANDIDATE to LEADER at term 1 for changeToLeader
2019-08-29 08:24:02,208 [2bf2abbb-f03d-4b0e-b27d-2c376d4bd519:group-20A2B0FE613E:LeaderElection102] INFO  impl.RaftServerImpl (ServerState.java:setLeader(263)) - 2bf2abbb-f03d-4b0e-b27d-2c376d4bd519:group-20A2B0FE613E change Leader from null to 2bf2abbb-f03d-4b0e-b27d-2c376d4bd519 at term 1 for becomeLeader, leader elected after 5113ms
2019-08-29 08:24:02,208 [2bf2abbb-f03d-4b0e-b27d-2c376d4bd519:group-20A2B0FE613E:LeaderElection102] INFO  server.RaftServerConfigKeys (ConfUtils.java:logGet(43)) - raft.server.staging.catchup.gap = 1000 (default)
2019-08-29 08:24:02,208 [2bf2abbb-f03d-4b0e-b27d-2c376d4bd519:group-20A2B0FE613E:LeaderElection102] INFO  server.RaftServerConfigKeys (ConfUtils.java:logGet(43)) - raft.server.rpc.sleep.time = 25ms (default)
2019-08-29 08:24:02,208 [2bf2abbb-f03d-4b0e-b27d-2c376d4bd519:group-20A2B0FE613E:LeaderElection102] INFO  server.RaftServerConfigKeys (ConfUtils.java:logGet(43)) - raft.server.write.element-limit = 4096 (default)
2019-08-29 08:24:02,209 [2bf2abbb-f03d-4b0e-b27d-2c376d4bd519:group-20A2B0FE613E:LeaderElection102] INFO  server.RaftServerConfigKeys (ConfUtils.java:logGet(43)) - raft.server.watch.timeout = 10s (default)
2019-08-29 08:24:02,209 [2bf2abbb-f03d-4b0e-b27d-2c376d4bd519:group-20A2B0FE613E:LeaderElection102] INFO  server.RaftServerConfigKeys (ConfUtils.java:logGet(43)) - raft.server.watch.timeout.denomination = 1s (default)
2019-08-29 08:24:02,209 [2bf2abbb-f03d-4b0e-b27d-2c376d4bd519:group-20A2B0FE613E:LeaderElection102] INFO  server.RaftServerConfigKeys (ConfUtils.java:logGet(43)) - raft.server.watch.element-limit = 65536 (default)
2019-08-29 08:24:02,209 [2bf2abbb-f03d-4b0e-b27d-2c376d4bd519:group-20A2B0FE613E:LeaderElection102] INFO  impl.RoleInfo (RoleInfo.java:updateAndGet(143)) - 2bf2abbb-f03d-4b0e-b27d-2c376d4bd519: start LeaderState
2019-08-29 08:24:02,209 [2bf2abbb-f03d-4b0e-b27d-2c376d4bd519:group-20A2B0FE613E:LeaderElection102] INFO  segmented.SegmentedRaftLogWorker (SegmentedRaftLogWorker.java:startLogSegment(380)) - 2bf2abbb-f03d-4b0e-b27d-2c376d4bd519-SegmentedRaftLogWorker:Storage Directory /workdir/hadoop-ozone/integration-test/target/test-dir/MiniOzoneClusterImpl-6291b889-f921-442b-be66-486fed594c04/datanode-3/data/ratis/776dc259-fd2c-4cfb-8cf0-20a2b0fe613e: Starting segment from index:0
2019-08-29 08:24:02,209 [2bf2abbb-f03d-4b0e-b27d-2c376d4bd519:group-20A2B0FE613E:LeaderElection102] INFO  impl.RaftServerImpl (ServerState.java:setRaftConf(361)) - 2bf2abbb-f03d-4b0e-b27d-2c376d4bd519:group-20A2B0FE613E set configuration 0: [2bf2abbb-f03d-4b0e-b27d-2c376d4bd519:192.168.69.89:37716], old=null at 0
2019-08-29 08:24:02,256 | INFO  | SCMAudit | user=jenkins1000 | ip=192.168.69.89 | op=SEND_HEARTBEAT {datanodeUUID=4e4fc70f-7137-48e5-bce3-ed99a5fefc67, command=[]} | ret=SUCCESS |  
2019-08-29 08:24:02,273 [2bf2abbb-f03d-4b0e-b27d-2c376d4bd519-SegmentedRaftLogWorker:Storage Directory /workdir/hadoop-ozone/integration-test/target/test-dir/MiniOzoneClusterImpl-6291b889-f921-442b-be66-486fed594c04/datanode-3/data/ratis/776dc259-fd2c-4cfb-8cf0-20a2b0fe613e] INFO  segmented.SegmentedRaftLogWorker (SegmentedRaftLogWorker.java:execute(569)) - 2bf2abbb-f03d-4b0e-b27d-2c376d4bd519-SegmentedRaftLogWorker:Storage Directory /workdir/hadoop-ozone/integration-test/target/test-dir/MiniOzoneClusterImpl-6291b889-f921-442b-be66-486fed594c04/datanode-3/data/ratis/776dc259-fd2c-4cfb-8cf0-20a2b0fe613e: created new log segment /workdir/hadoop-ozone/integration-test/target/test-dir/MiniOzoneClusterImpl-6291b889-f921-442b-be66-486fed594c04/datanode-3/data/ratis/776dc259-fd2c-4cfb-8cf0-20a2b0fe613e/current/log_inprogress_0
2019-08-29 08:24:02,350 | INFO  | SCMAudit | user=jenkins1000 | ip=192.168.69.89 | op=SEND_HEARTBEAT {datanodeUUID=ee5c7872-3dc8-4a1b-b96f-cbf662dd320f, command=[]} | ret=SUCCESS |  
2019-08-29 08:24:02,436 [Thread-4189] INFO  impl.FollowerState (FollowerState.java:run(106)) - 4e4fc70f-7137-48e5-bce3-ed99a5fefc67:group-02717421C58F changes to CANDIDATE, lastRpcTime:5101, electionTimeout:5101ms
2019-08-29 08:24:02,437 [Thread-4189] INFO  impl.RoleInfo (RoleInfo.java:shutdownFollowerState(121)) - 4e4fc70f-7137-48e5-bce3-ed99a5fefc67: shutdown FollowerState
2019-08-29 08:24:02,437 [Thread-4189] INFO  impl.RaftServerImpl (RaftServerImpl.java:setRole(171)) - 4e4fc70f-7137-48e5-bce3-ed99a5fefc67:group-02717421C58F changes role from FOLLOWER to CANDIDATE at term 0 for changeToCandidate
2019-08-29 08:24:02,437 [Thread-4189] INFO  impl.RoleInfo (RoleInfo.java:updateAndGet(143)) - 4e4fc70f-7137-48e5-bce3-ed99a5fefc67: start LeaderElection
2019-08-29 08:24:02,453 | INFO  | SCMAudit | user=jenkins1000 | ip=192.168.69.89 | op=SEND_HEARTBEAT {datanodeUUID=94e856c7-b0ce-4c30-ba6b-01ce82d994d4, command=[]} | ret=SUCCESS |  
2019-08-29 08:24:02,461 [4e4fc70f-7137-48e5-bce3-ed99a5fefc67:group-02717421C58F:LeaderElection103] INFO  impl.LeaderElection (LeaderElection.java:askForVotes(181)) - 4e4fc70f-7137-48e5-bce3-ed99a5fefc67:group-02717421C58F:LeaderElection103: begin an election at term 1 for -1: [4e4fc70f-7137-48e5-bce3-ed99a5fefc67:192.168.69.89:34375], old=null
2019-08-29 08:24:02,462 [4e4fc70f-7137-48e5-bce3-ed99a5fefc67:group-02717421C58F:LeaderElection103] INFO  impl.RoleInfo (RoleInfo.java:shutdownLeaderElection(134)) - 4e4fc70f-7137-48e5-bce3-ed99a5fefc67: shutdown LeaderElection
2019-08-29 08:24:02,462 [4e4fc70f-7137-48e5-bce3-ed99a5fefc67:group-02717421C58F:LeaderElection103] INFO  impl.RaftServerImpl (RaftServerImpl.java:setRole(171)) - 4e4fc70f-7137-48e5-bce3-ed99a5fefc67:group-02717421C58F changes role from CANDIDATE to LEADER at term 1 for changeToLeader
2019-08-29 08:24:02,462 [4e4fc70f-7137-48e5-bce3-ed99a5fefc67:group-02717421C58F:LeaderElection103] INFO  impl.RaftServerImpl (ServerState.java:setLeader(263)) - 4e4fc70f-7137-48e5-bce3-ed99a5fefc67:group-02717421C58F change Leader from null to 4e4fc70f-7137-48e5-bce3-ed99a5fefc67 at term 1 for becomeLeader, leader elected after 5129ms
2019-08-29 08:24:02,462 [4e4fc70f-7137-48e5-bce3-ed99a5fefc67:group-02717421C58F:LeaderElection103] INFO  server.RaftServerConfigKeys (ConfUtils.java:logGet(43)) - raft.server.staging.catchup.gap = 1000 (default)
2019-08-29 08:24:02,462 [4e4fc70f-7137-48e5-bce3-ed99a5fefc67:group-02717421C58F:LeaderElection103] INFO  server.RaftServerConfigKeys (ConfUtils.java:logGet(43)) - raft.server.rpc.sleep.time = 25ms (default)
2019-08-29 08:24:02,462 [4e4fc70f-7137-48e5-bce3-ed99a5fefc67:group-02717421C58F:LeaderElection103] INFO  server.RaftServerConfigKeys (ConfUtils.java:logGet(43)) - raft.server.write.element-limit = 4096 (default)
2019-08-29 08:24:02,462 [4e4fc70f-7137-48e5-bce3-ed99a5fefc67:group-02717421C58F:LeaderElection103] INFO  server.RaftServerConfigKeys (ConfUtils.java:logGet(43)) - raft.server.watch.timeout = 10s (default)
2019-08-29 08:24:02,462 [4e4fc70f-7137-48e5-bce3-ed99a5fefc67:group-02717421C58F:LeaderElection103] INFO  server.RaftServerConfigKeys (ConfUtils.java:logGet(43)) - raft.server.watch.timeout.denomination = 1s (default)
2019-08-29 08:24:02,463 [4e4fc70f-7137-48e5-bce3-ed99a5fefc67:group-02717421C58F:LeaderElection103] INFO  server.RaftServerConfigKeys (ConfUtils.java:logGet(43)) - raft.server.watch.element-limit = 65536 (default)
2019-08-29 08:24:02,463 [4e4fc70f-7137-48e5-bce3-ed99a5fefc67:group-02717421C58F:LeaderElection103] INFO  impl.RoleInfo (RoleInfo.java:updateAndGet(143)) - 4e4fc70f-7137-48e5-bce3-ed99a5fefc67: start LeaderState
2019-08-29 08:24:02,463 [4e4fc70f-7137-48e5-bce3-ed99a5fefc67:group-02717421C58F:LeaderElection103] INFO  segmented.SegmentedRaftLogWorker (SegmentedRaftLogWorker.java:startLogSegment(380)) - 4e4fc70f-7137-48e5-bce3-ed99a5fefc67-SegmentedRaftLogWorker:Storage Directory /workdir/hadoop-ozone/integration-test/target/test-dir/MiniOzoneClusterImpl-6291b889-f921-442b-be66-486fed594c04/datanode-4/data/ratis/e464f32e-bc41-4d3b-87cd-02717421c58f: Starting segment from index:0
2019-08-29 08:24:02,464 [4e4fc70f-7137-48e5-bce3-ed99a5fefc67:group-02717421C58F:LeaderElection103] INFO  impl.RaftServerImpl (ServerState.java:setRaftConf(361)) - 4e4fc70f-7137-48e5-bce3-ed99a5fefc67:group-02717421C58F set configuration 0: [4e4fc70f-7137-48e5-bce3-ed99a5fefc67:192.168.69.89:34375], old=null at 0
2019-08-29 08:24:02,516 [4e4fc70f-7137-48e5-bce3-ed99a5fefc67-SegmentedRaftLogWorker:Storage Directory /workdir/hadoop-ozone/integration-test/target/test-dir/MiniOzoneClusterImpl-6291b889-f921-442b-be66-486fed594c04/datanode-4/data/ratis/e464f32e-bc41-4d3b-87cd-02717421c58f] INFO  segmented.SegmentedRaftLogWorker (SegmentedRaftLogWorker.java:execute(569)) - 4e4fc70f-7137-48e5-bce3-ed99a5fefc67-SegmentedRaftLogWorker:Storage Directory /workdir/hadoop-ozone/integration-test/target/test-dir/MiniOzoneClusterImpl-6291b889-f921-442b-be66-486fed594c04/datanode-4/data/ratis/e464f32e-bc41-4d3b-87cd-02717421c58f: created new log segment /workdir/hadoop-ozone/integration-test/target/test-dir/MiniOzoneClusterImpl-6291b889-f921-442b-be66-486fed594c04/datanode-4/data/ratis/e464f32e-bc41-4d3b-87cd-02717421c58f/current/log_inprogress_0
2019-08-29 08:24:02,549 | INFO  | SCMAudit | user=jenkins1000 | ip=192.168.69.89 | op=SEND_HEARTBEAT {datanodeUUID=f3af49b3-6b43-4dcd-87a2-e9c9c1638f7b, command=[]} | ret=SUCCESS |  
2019-08-29 08:24:02,634 | INFO  | SCMAudit | user=jenkins1000 | ip=192.168.69.89 | op=SEND_HEARTBEAT {datanodeUUID=3d0c9a1e-aae8-443e-a7b0-45fa20dec0f4, command=[]} | ret=SUCCESS |  
2019-08-29 08:24:02,636 [Thread-4195] INFO  impl.FollowerState (FollowerState.java:run(106)) - 94e856c7-b0ce-4c30-ba6b-01ce82d994d4:group-2C6413F096BC changes to CANDIDATE, lastRpcTime:5117, electionTimeout:5117ms
2019-08-29 08:24:02,636 [Thread-4195] INFO  impl.RoleInfo (RoleInfo.java:shutdownFollowerState(121)) - 94e856c7-b0ce-4c30-ba6b-01ce82d994d4: shutdown FollowerState
2019-08-29 08:24:02,637 [Thread-4195] INFO  impl.RaftServerImpl (RaftServerImpl.java:setRole(171)) - 94e856c7-b0ce-4c30-ba6b-01ce82d994d4:group-2C6413F096BC changes role from FOLLOWER to CANDIDATE at term 0 for changeToCandidate
2019-08-29 08:24:02,637 [Thread-4195] INFO  impl.RoleInfo (RoleInfo.java:updateAndGet(143)) - 94e856c7-b0ce-4c30-ba6b-01ce82d994d4: start LeaderElection
2019-08-29 08:24:02,666 [94e856c7-b0ce-4c30-ba6b-01ce82d994d4:group-2C6413F096BC:LeaderElection104] INFO  impl.LeaderElection (LeaderElection.java:askForVotes(181)) - 94e856c7-b0ce-4c30-ba6b-01ce82d994d4:group-2C6413F096BC:LeaderElection104: begin an election at term 1 for -1: [94e856c7-b0ce-4c30-ba6b-01ce82d994d4:192.168.69.89:39647], old=null
2019-08-29 08:24:02,666 [94e856c7-b0ce-4c30-ba6b-01ce82d994d4:group-2C6413F096BC:LeaderElection104] INFO  impl.RoleInfo (RoleInfo.java:shutdownLeaderElection(134)) - 94e856c7-b0ce-4c30-ba6b-01ce82d994d4: shutdown LeaderElection
2019-08-29 08:24:02,666 [94e856c7-b0ce-4c30-ba6b-01ce82d994d4:group-2C6413F096BC:LeaderElection104] INFO  impl.RaftServerImpl (RaftServerImpl.java:setRole(171)) - 94e856c7-b0ce-4c30-ba6b-01ce82d994d4:group-2C6413F096BC changes role from CANDIDATE to LEADER at term 1 for changeToLeader
2019-08-29 08:24:02,666 [94e856c7-b0ce-4c30-ba6b-01ce82d994d4:group-2C6413F096BC:LeaderElection104] INFO  impl.RaftServerImpl (ServerState.java:setLeader(263)) - 94e856c7-b0ce-4c30-ba6b-01ce82d994d4:group-2C6413F096BC change Leader from null to 94e856c7-b0ce-4c30-ba6b-01ce82d994d4 at term 1 for becomeLeader, leader elected after 5150ms
2019-08-29 08:24:02,666 [94e856c7-b0ce-4c30-ba6b-01ce82d994d4:group-2C6413F096BC:LeaderElection104] INFO  server.RaftServerConfigKeys (ConfUtils.java:logGet(43)) - raft.server.staging.catchup.gap = 1000 (default)
2019-08-29 08:24:02,666 [94e856c7-b0ce-4c30-ba6b-01ce82d994d4:group-2C6413F096BC:LeaderElection104] INFO  server.RaftServerConfigKeys (ConfUtils.java:logGet(43)) - raft.server.rpc.sleep.time = 25ms (default)
2019-08-29 08:24:02,666 [94e856c7-b0ce-4c30-ba6b-01ce82d994d4:group-2C6413F096BC:LeaderElection104] INFO  server.RaftServerConfigKeys (ConfUtils.java:logGet(43)) - raft.server.write.element-limit = 4096 (default)
2019-08-29 08:24:02,667 [94e856c7-b0ce-4c30-ba6b-01ce82d994d4:group-2C6413F096BC:LeaderElection104] INFO  server.RaftServerConfigKeys (ConfUtils.java:logGet(43)) - raft.server.watch.timeout = 10s (default)
2019-08-29 08:24:02,667 [94e856c7-b0ce-4c30-ba6b-01ce82d994d4:group-2C6413F096BC:LeaderElection104] INFO  server.RaftServerConfigKeys (ConfUtils.java:logGet(43)) - raft.server.watch.timeout.denomination = 1s (default)
2019-08-29 08:24:02,667 [94e856c7-b0ce-4c30-ba6b-01ce82d994d4:group-2C6413F096BC:LeaderElection104] INFO  server.RaftServerConfigKeys (ConfUtils.java:logGet(43)) - raft.server.watch.element-limit = 65536 (default)
2019-08-29 08:24:02,667 [94e856c7-b0ce-4c30-ba6b-01ce82d994d4:group-2C6413F096BC:LeaderElection104] INFO  impl.RoleInfo (RoleInfo.java:updateAndGet(143)) - 94e856c7-b0ce-4c30-ba6b-01ce82d994d4: start LeaderState
2019-08-29 08:24:02,667 [94e856c7-b0ce-4c30-ba6b-01ce82d994d4:group-2C6413F096BC:LeaderElection104] INFO  segmented.SegmentedRaftLogWorker (SegmentedRaftLogWorker.java:startLogSegment(380)) - 94e856c7-b0ce-4c30-ba6b-01ce82d994d4-SegmentedRaftLogWorker:Storage Directory /workdir/hadoop-ozone/integration-test/target/test-dir/MiniOzoneClusterImpl-6291b889-f921-442b-be66-486fed594c04/datanode-5/data/ratis/47eb3698-c2b1-42d0-b341-2c6413f096bc: Starting segment from index:0
2019-08-29 08:24:02,668 [94e856c7-b0ce-4c30-ba6b-01ce82d994d4:group-2C6413F096BC:LeaderElection104] INFO  impl.RaftServerImpl (ServerState.java:setRaftConf(361)) - 94e856c7-b0ce-4c30-ba6b-01ce82d994d4:group-2C6413F096BC set configuration 0: [94e856c7-b0ce-4c30-ba6b-01ce82d994d4:192.168.69.89:39647], old=null at 0
2019-08-29 08:24:02,677 [Thread-4201] INFO  impl.FollowerState (FollowerState.java:run(106)) - 4e4fc70f-7137-48e5-bce3-ed99a5fefc67:group-8B1667B5E62E changes to CANDIDATE, lastRpcTime:5094, electionTimeout:5094ms
2019-08-29 08:24:02,677 [Thread-4201] INFO  impl.RoleInfo (RoleInfo.java:shutdownFollowerState(121)) - 4e4fc70f-7137-48e5-bce3-ed99a5fefc67: shutdown FollowerState
2019-08-29 08:24:02,677 [Thread-4201] INFO  impl.RaftServerImpl (RaftServerImpl.java:setRole(171)) - 4e4fc70f-7137-48e5-bce3-ed99a5fefc67:group-8B1667B5E62E changes role from FOLLOWER to CANDIDATE at term 0 for changeToCandidate
2019-08-29 08:24:02,677 [Thread-4201] INFO  impl.RoleInfo (RoleInfo.java:updateAndGet(143)) - 4e4fc70f-7137-48e5-bce3-ed99a5fefc67: start LeaderElection
2019-08-29 08:24:02,714 [Thread-4198] INFO  impl.FollowerState (FollowerState.java:run(106)) - 94e856c7-b0ce-4c30-ba6b-01ce82d994d4:group-8B1667B5E62E changes to CANDIDATE, lastRpcTime:5132, electionTimeout:5132ms
2019-08-29 08:24:02,714 [Thread-4198] INFO  impl.RoleInfo (RoleInfo.java:shutdownFollowerState(121)) - 94e856c7-b0ce-4c30-ba6b-01ce82d994d4: shutdown FollowerState
2019-08-29 08:24:02,714 [Thread-4198] INFO  impl.RaftServerImpl (RaftServerImpl.java:setRole(171)) - 94e856c7-b0ce-4c30-ba6b-01ce82d994d4:group-8B1667B5E62E changes role from FOLLOWER to CANDIDATE at term 0 for changeToCandidate
2019-08-29 08:24:02,714 [Thread-4198] INFO  impl.RoleInfo (RoleInfo.java:updateAndGet(143)) - 94e856c7-b0ce-4c30-ba6b-01ce82d994d4: start LeaderElection
2019-08-29 08:24:02,717 [Thread-4204] INFO  impl.FollowerState (FollowerState.java:run(106)) - 2bf2abbb-f03d-4b0e-b27d-2c376d4bd519:group-8B1667B5E62E changes to CANDIDATE, lastRpcTime:5133, electionTimeout:5132ms
2019-08-29 08:24:02,717 [Thread-4204] INFO  impl.RoleInfo (RoleInfo.java:shutdownFollowerState(121)) - 2bf2abbb-f03d-4b0e-b27d-2c376d4bd519: shutdown FollowerState
2019-08-29 08:24:02,717 [Thread-4204] INFO  impl.RaftServerImpl (RaftServerImpl.java:setRole(171)) - 2bf2abbb-f03d-4b0e-b27d-2c376d4bd519:group-8B1667B5E62E changes role from FOLLOWER to CANDIDATE at term 0 for changeToCandidate
2019-08-29 08:24:02,717 [Thread-4204] INFO  impl.RoleInfo (RoleInfo.java:updateAndGet(143)) - 2bf2abbb-f03d-4b0e-b27d-2c376d4bd519: start LeaderElection
2019-08-29 08:24:02,757 [grpc-default-executor-7] INFO  client.GrpcClientProtocolClient (GrpcClientProtocolClient.java:onNext(255)) - client-5FE936BE1C89->4e4fc70f-7137-48e5-bce3-ed99a5fefc67: receive RaftClientReply:client-5FE936BE1C89->4e4fc70f-7137-48e5-bce3-ed99a5fefc67@group-8B1667B5E62E, cid=215, FAILED org.apache.ratis.protocol.NotLeaderException: Server 4e4fc70f-7137-48e5-bce3-ed99a5fefc67 is not the leader (null). Request must be sent to leader., logIndex=0, commits[4e4fc70f-7137-48e5-bce3-ed99a5fefc67:c-1]
2019-08-29 08:24:02,759 [94e856c7-b0ce-4c30-ba6b-01ce82d994d4-SegmentedRaftLogWorker:Storage Directory /workdir/hadoop-ozone/integration-test/target/test-dir/MiniOzoneClusterImpl-6291b889-f921-442b-be66-486fed594c04/datanode-5/data/ratis/47eb3698-c2b1-42d0-b341-2c6413f096bc] INFO  segmented.SegmentedRaftLogWorker (SegmentedRaftLogWorker.java:execute(569)) - 94e856c7-b0ce-4c30-ba6b-01ce82d994d4-SegmentedRaftLogWorker:Storage Directory /workdir/hadoop-ozone/integration-test/target/test-dir/MiniOzoneClusterImpl-6291b889-f921-442b-be66-486fed594c04/datanode-5/data/ratis/47eb3698-c2b1-42d0-b341-2c6413f096bc: created new log segment /workdir/hadoop-ozone/integration-test/target/test-dir/MiniOzoneClusterImpl-6291b889-f921-442b-be66-486fed594c04/datanode-5/data/ratis/47eb3698-c2b1-42d0-b341-2c6413f096bc/current/log_inprogress_0
2019-08-29 08:24:02,759 [4e4fc70f-7137-48e5-bce3-ed99a5fefc67:group-8B1667B5E62E:LeaderElection105] INFO  impl.LeaderElection (LeaderElection.java:askForVotes(181)) - 4e4fc70f-7137-48e5-bce3-ed99a5fefc67:group-8B1667B5E62E:LeaderElection105: begin an election at term 1 for -1: [2bf2abbb-f03d-4b0e-b27d-2c376d4bd519:192.168.69.89:37716, 94e856c7-b0ce-4c30-ba6b-01ce82d994d4:192.168.69.89:39647, 4e4fc70f-7137-48e5-bce3-ed99a5fefc67:192.168.69.89:34375], old=null
2019-08-29 08:24:02,776 [94e856c7-b0ce-4c30-ba6b-01ce82d994d4:group-8B1667B5E62E:LeaderElection106] INFO  impl.LeaderElection (LeaderElection.java:askForVotes(181)) - 94e856c7-b0ce-4c30-ba6b-01ce82d994d4:group-8B1667B5E62E:LeaderElection106: begin an election at term 1 for -1: [2bf2abbb-f03d-4b0e-b27d-2c376d4bd519:192.168.69.89:37716, 94e856c7-b0ce-4c30-ba6b-01ce82d994d4:192.168.69.89:39647, 4e4fc70f-7137-48e5-bce3-ed99a5fefc67:192.168.69.89:34375], old=null
2019-08-29 08:24:02,776 [2bf2abbb-f03d-4b0e-b27d-2c376d4bd519:group-8B1667B5E62E:LeaderElection107] INFO  impl.LeaderElection (LeaderElection.java:askForVotes(181)) - 2bf2abbb-f03d-4b0e-b27d-2c376d4bd519:group-8B1667B5E62E:LeaderElection107: begin an election at term 1 for -1: [2bf2abbb-f03d-4b0e-b27d-2c376d4bd519:192.168.69.89:37716, 94e856c7-b0ce-4c30-ba6b-01ce82d994d4:192.168.69.89:39647, 4e4fc70f-7137-48e5-bce3-ed99a5fefc67:192.168.69.89:34375], old=null
2019-08-29 08:24:02,777 [4e4fc70f-7137-48e5-bce3-ed99a5fefc67:group-8B1667B5E62E:LeaderElection105] INFO  impl.LeaderElection (LeaderElection.java:logAndReturn(56)) - 4e4fc70f-7137-48e5-bce3-ed99a5fefc67:group-8B1667B5E62E:LeaderElection105: Election REJECTED; received 2 response(s) [4e4fc70f-7137-48e5-bce3-ed99a5fefc67<-2bf2abbb-f03d-4b0e-b27d-2c376d4bd519#0:FAIL-t1, 4e4fc70f-7137-48e5-bce3-ed99a5fefc67<-94e856c7-b0ce-4c30-ba6b-01ce82d994d4#0:FAIL-t1] and 0 exception(s); 4e4fc70f-7137-48e5-bce3-ed99a5fefc67:t1, leader=null, voted=4e4fc70f-7137-48e5-bce3-ed99a5fefc67, raftlog=4e4fc70f-7137-48e5-bce3-ed99a5fefc67-SegmentedRaftLog:OPENED:c-1,f-1,i0, conf=-1: [2bf2abbb-f03d-4b0e-b27d-2c376d4bd519:192.168.69.89:37716, 94e856c7-b0ce-4c30-ba6b-01ce82d994d4:192.168.69.89:39647, 4e4fc70f-7137-48e5-bce3-ed99a5fefc67:192.168.69.89:34375], old=null
2019-08-29 08:24:02,777 [4e4fc70f-7137-48e5-bce3-ed99a5fefc67:group-8B1667B5E62E:LeaderElection105] INFO  impl.RaftServerImpl (RaftServerImpl.java:setRole(171)) - 4e4fc70f-7137-48e5-bce3-ed99a5fefc67:group-8B1667B5E62E changes role from CANDIDATE to FOLLOWER at term 1 for DISCOVERED_A_NEW_TERM
2019-08-29 08:24:02,777 [4e4fc70f-7137-48e5-bce3-ed99a5fefc67:group-8B1667B5E62E:LeaderElection105] INFO  impl.RoleInfo (RoleInfo.java:shutdownLeaderElection(134)) - 4e4fc70f-7137-48e5-bce3-ed99a5fefc67: shutdown LeaderElection
2019-08-29 08:24:02,778 [4e4fc70f-7137-48e5-bce3-ed99a5fefc67:group-8B1667B5E62E:LeaderElection105] INFO  impl.RoleInfo (RoleInfo.java:updateAndGet(143)) - 4e4fc70f-7137-48e5-bce3-ed99a5fefc67: start FollowerState
2019-08-29 08:24:02,780 [94e856c7-b0ce-4c30-ba6b-01ce82d994d4:group-8B1667B5E62E:LeaderElection106] INFO  impl.LeaderElection (LeaderElection.java:logAndReturn(56)) - 94e856c7-b0ce-4c30-ba6b-01ce82d994d4:group-8B1667B5E62E:LeaderElection106: Election REJECTED; received 2 response(s) [94e856c7-b0ce-4c30-ba6b-01ce82d994d4<-2bf2abbb-f03d-4b0e-b27d-2c376d4bd519#0:FAIL-t1, 94e856c7-b0ce-4c30-ba6b-01ce82d994d4<-4e4fc70f-7137-48e5-bce3-ed99a5fefc67#0:FAIL-t1] and 0 exception(s); 94e856c7-b0ce-4c30-ba6b-01ce82d994d4:t1, leader=null, voted=94e856c7-b0ce-4c30-ba6b-01ce82d994d4, raftlog=94e856c7-b0ce-4c30-ba6b-01ce82d994d4-SegmentedRaftLog:OPENED:c-1,f-1,i0, conf=-1: [2bf2abbb-f03d-4b0e-b27d-2c376d4bd519:192.168.69.89:37716, 94e856c7-b0ce-4c30-ba6b-01ce82d994d4:192.168.69.89:39647, 4e4fc70f-7137-48e5-bce3-ed99a5fefc67:192.168.69.89:34375], old=null
2019-08-29 08:24:02,780 [94e856c7-b0ce-4c30-ba6b-01ce82d994d4:group-8B1667B5E62E:LeaderElection106] INFO  impl.RaftServerImpl (RaftServerImpl.java:setRole(171)) - 94e856c7-b0ce-4c30-ba6b-01ce82d994d4:group-8B1667B5E62E changes role from CANDIDATE to FOLLOWER at term 1 for DISCOVERED_A_NEW_TERM
2019-08-29 08:24:02,780 [94e856c7-b0ce-4c30-ba6b-01ce82d994d4:group-8B1667B5E62E:LeaderElection106] INFO  impl.RoleInfo (RoleInfo.java:shutdownLeaderElection(134)) - 94e856c7-b0ce-4c30-ba6b-01ce82d994d4: shutdown LeaderElection
2019-08-29 08:24:02,780 [2bf2abbb-f03d-4b0e-b27d-2c376d4bd519:group-8B1667B5E62E:LeaderElection107] INFO  impl.LeaderElection (LeaderElection.java:logAndReturn(56)) - 2bf2abbb-f03d-4b0e-b27d-2c376d4bd519:group-8B1667B5E62E:LeaderElection107: Election REJECTED; received 2 response(s) [2bf2abbb-f03d-4b0e-b27d-2c376d4bd519<-94e856c7-b0ce-4c30-ba6b-01ce82d994d4#0:FAIL-t1, 2bf2abbb-f03d-4b0e-b27d-2c376d4bd519<-4e4fc70f-7137-48e5-bce3-ed99a5fefc67#0:FAIL-t1] and 0 exception(s); 2bf2abbb-f03d-4b0e-b27d-2c376d4bd519:t1, leader=null, voted=2bf2abbb-f03d-4b0e-b27d-2c376d4bd519, raftlog=2bf2abbb-f03d-4b0e-b27d-2c376d4bd519-SegmentedRaftLog:OPENED:c-1,f-1,i0, conf=-1: [2bf2abbb-f03d-4b0e-b27d-2c376d4bd519:192.168.69.89:37716, 94e856c7-b0ce-4c30-ba6b-01ce82d994d4:192.168.69.89:39647, 4e4fc70f-7137-48e5-bce3-ed99a5fefc67:192.168.69.89:34375], old=null
2019-08-29 08:24:02,780 [94e856c7-b0ce-4c30-ba6b-01ce82d994d4:group-8B1667B5E62E:LeaderElection106] INFO  impl.RoleInfo (RoleInfo.java:updateAndGet(143)) - 94e856c7-b0ce-4c30-ba6b-01ce82d994d4: start FollowerState
2019-08-29 08:24:02,780 [2bf2abbb-f03d-4b0e-b27d-2c376d4bd519:group-8B1667B5E62E:LeaderElection107] INFO  impl.RaftServerImpl (RaftServerImpl.java:setRole(171)) - 2bf2abbb-f03d-4b0e-b27d-2c376d4bd519:group-8B1667B5E62E changes role from CANDIDATE to FOLLOWER at term 1 for DISCOVERED_A_NEW_TERM
2019-08-29 08:24:02,781 [2bf2abbb-f03d-4b0e-b27d-2c376d4bd519:group-8B1667B5E62E:LeaderElection107] INFO  impl.RoleInfo (RoleInfo.java:shutdownLeaderElection(134)) - 2bf2abbb-f03d-4b0e-b27d-2c376d4bd519: shutdown LeaderElection
2019-08-29 08:24:02,781 [2bf2abbb-f03d-4b0e-b27d-2c376d4bd519:group-8B1667B5E62E:LeaderElection107] INFO  impl.RoleInfo (RoleInfo.java:updateAndGet(143)) - 2bf2abbb-f03d-4b0e-b27d-2c376d4bd519: start FollowerState
2019-08-29 08:24:02,856 [Thread-4207] INFO  impl.FollowerState (FollowerState.java:run(106)) - 3d0c9a1e-aae8-443e-a7b0-45fa20dec0f4:group-05A694A94084 changes to CANDIDATE, lastRpcTime:5149, electionTimeout:5149ms
2019-08-29 08:24:02,857 [Thread-4207] INFO  impl.RoleInfo (RoleInfo.java:shutdownFollowerState(121)) - 3d0c9a1e-aae8-443e-a7b0-45fa20dec0f4: shutdown FollowerState
2019-08-29 08:24:02,857 [Thread-4207] INFO  impl.RaftServerImpl (RaftServerImpl.java:setRole(171)) - 3d0c9a1e-aae8-443e-a7b0-45fa20dec0f4:group-05A694A94084 changes role from FOLLOWER to CANDIDATE at term 0 for changeToCandidate
2019-08-29 08:24:02,857 [Thread-4207] INFO  impl.RoleInfo (RoleInfo.java:updateAndGet(143)) - 3d0c9a1e-aae8-443e-a7b0-45fa20dec0f4: start LeaderElection
2019-08-29 08:24:02,888 [3d0c9a1e-aae8-443e-a7b0-45fa20dec0f4:group-05A694A94084:LeaderElection108] INFO  impl.LeaderElection (LeaderElection.java:askForVotes(181)) - 3d0c9a1e-aae8-443e-a7b0-45fa20dec0f4:group-05A694A94084:LeaderElection108: begin an election at term 1 for -1: [3d0c9a1e-aae8-443e-a7b0-45fa20dec0f4:192.168.69.89:33882], old=null
2019-08-29 08:24:02,888 [3d0c9a1e-aae8-443e-a7b0-45fa20dec0f4:group-05A694A94084:LeaderElection108] INFO  impl.RoleInfo (RoleInfo.java:shutdownLeaderElection(134)) - 3d0c9a1e-aae8-443e-a7b0-45fa20dec0f4: shutdown LeaderElection
2019-08-29 08:24:02,888 [3d0c9a1e-aae8-443e-a7b0-45fa20dec0f4:group-05A694A94084:LeaderElection108] INFO  impl.RaftServerImpl (RaftServerImpl.java:setRole(171)) - 3d0c9a1e-aae8-443e-a7b0-45fa20dec0f4:group-05A694A94084 changes role from CANDIDATE to LEADER at term 1 for changeToLeader
2019-08-29 08:24:02,888 [3d0c9a1e-aae8-443e-a7b0-45fa20dec0f4:group-05A694A94084:LeaderElection108] INFO  impl.RaftServerImpl (ServerState.java:setLeader(263)) - 3d0c9a1e-aae8-443e-a7b0-45fa20dec0f4:group-05A694A94084 change Leader from null to 3d0c9a1e-aae8-443e-a7b0-45fa20dec0f4 at term 1 for becomeLeader, leader elected after 5185ms
2019-08-29 08:24:02,889 [3d0c9a1e-aae8-443e-a7b0-45fa20dec0f4:group-05A694A94084:LeaderElection108] INFO  server.RaftServerConfigKeys (ConfUtils.java:logGet(43)) - raft.server.staging.catchup.gap = 1000 (default)
2019-08-29 08:24:02,889 [3d0c9a1e-aae8-443e-a7b0-45fa20dec0f4:group-05A694A94084:LeaderElection108] INFO  server.RaftServerConfigKeys (ConfUtils.java:logGet(43)) - raft.server.rpc.sleep.time = 25ms (default)
2019-08-29 08:24:02,889 [3d0c9a1e-aae8-443e-a7b0-45fa20dec0f4:group-05A694A94084:LeaderElection108] INFO  server.RaftServerConfigKeys (ConfUtils.java:logGet(43)) - raft.server.write.element-limit = 4096 (default)
2019-08-29 08:24:02,889 [3d0c9a1e-aae8-443e-a7b0-45fa20dec0f4:group-05A694A94084:LeaderElection108] INFO  server.RaftServerConfigKeys (ConfUtils.java:logGet(43)) - raft.server.watch.timeout = 10s (default)
2019-08-29 08:24:02,889 [3d0c9a1e-aae8-443e-a7b0-45fa20dec0f4:group-05A694A94084:LeaderElection108] INFO  server.RaftServerConfigKeys (ConfUtils.java:logGet(43)) - raft.server.watch.timeout.denomination = 1s (default)
2019-08-29 08:24:02,889 [3d0c9a1e-aae8-443e-a7b0-45fa20dec0f4:group-05A694A94084:LeaderElection108] INFO  server.RaftServerConfigKeys (ConfUtils.java:logGet(43)) - raft.server.watch.element-limit = 65536 (default)
2019-08-29 08:24:02,890 [3d0c9a1e-aae8-443e-a7b0-45fa20dec0f4:group-05A694A94084:LeaderElection108] INFO  impl.RoleInfo (RoleInfo.java:updateAndGet(143)) - 3d0c9a1e-aae8-443e-a7b0-45fa20dec0f4: start LeaderState
2019-08-29 08:24:02,890 [3d0c9a1e-aae8-443e-a7b0-45fa20dec0f4:group-05A694A94084:LeaderElection108] INFO  segmented.SegmentedRaftLogWorker (SegmentedRaftLogWorker.java:startLogSegment(380)) - 3d0c9a1e-aae8-443e-a7b0-45fa20dec0f4-SegmentedRaftLogWorker:Storage Directory /workdir/hadoop-ozone/integration-test/target/test-dir/MiniOzoneClusterImpl-6291b889-f921-442b-be66-486fed594c04/datanode-6/data/ratis/c7cc1b13-4670-4ef6-8971-05a694a94084: Starting segment from index:0
2019-08-29 08:24:02,890 [3d0c9a1e-aae8-443e-a7b0-45fa20dec0f4:group-05A694A94084:LeaderElection108] INFO  impl.RaftServerImpl (ServerState.java:setRaftConf(361)) - 3d0c9a1e-aae8-443e-a7b0-45fa20dec0f4:group-05A694A94084 set configuration 0: [3d0c9a1e-aae8-443e-a7b0-45fa20dec0f4:192.168.69.89:33882], old=null at 0
2019-08-29 08:24:02,931 [3d0c9a1e-aae8-443e-a7b0-45fa20dec0f4-SegmentedRaftLogWorker:Storage Directory /workdir/hadoop-ozone/integration-test/target/test-dir/MiniOzoneClusterImpl-6291b889-f921-442b-be66-486fed594c04/datanode-6/data/ratis/c7cc1b13-4670-4ef6-8971-05a694a94084] INFO  segmented.SegmentedRaftLogWorker (SegmentedRaftLogWorker.java:execute(569)) - 3d0c9a1e-aae8-443e-a7b0-45fa20dec0f4-SegmentedRaftLogWorker:Storage Directory /workdir/hadoop-ozone/integration-test/target/test-dir/MiniOzoneClusterImpl-6291b889-f921-442b-be66-486fed594c04/datanode-6/data/ratis/c7cc1b13-4670-4ef6-8971-05a694a94084: created new log segment /workdir/hadoop-ozone/integration-test/target/test-dir/MiniOzoneClusterImpl-6291b889-f921-442b-be66-486fed594c04/datanode-6/data/ratis/c7cc1b13-4670-4ef6-8971-05a694a94084/current/log_inprogress_0
2019-08-29 08:24:03,037 | INFO  | SCMAudit | user=jenkins1000 | ip=192.168.69.89 | op=SEND_HEARTBEAT {datanodeUUID=2bf2abbb-f03d-4b0e-b27d-2c376d4bd519, command=[]} | ret=SUCCESS |  
2019-08-29 08:24:03,141 | INFO  | SCMAudit | user=jenkins1000 | ip=192.168.69.89 | op=SEND_HEARTBEAT {datanodeUUID=0fa1021d-9840-440b-95fc-3f35327e9810, command=[]} | ret=SUCCESS |  
2019-08-29 08:24:03,256 | INFO  | SCMAudit | user=jenkins1000 | ip=192.168.69.89 | op=SEND_HEARTBEAT {datanodeUUID=4e4fc70f-7137-48e5-bce3-ed99a5fefc67, command=[]} | ret=SUCCESS |  
2019-08-29 08:24:03,350 | INFO  | SCMAudit | user=jenkins1000 | ip=192.168.69.89 | op=SEND_HEARTBEAT {datanodeUUID=ee5c7872-3dc8-4a1b-b96f-cbf662dd320f, command=[]} | ret=SUCCESS |  
2019-08-29 08:24:03,453 | INFO  | SCMAudit | user=jenkins1000 | ip=192.168.69.89 | op=SEND_HEARTBEAT {datanodeUUID=94e856c7-b0ce-4c30-ba6b-01ce82d994d4, command=[]} | ret=SUCCESS |  
2019-08-29 08:24:03,549 | INFO  | SCMAudit | user=jenkins1000 | ip=192.168.69.89 | op=SEND_HEARTBEAT {datanodeUUID=f3af49b3-6b43-4dcd-87a2-e9c9c1638f7b, command=[]} | ret=SUCCESS |  
2019-08-29 08:24:03,634 | INFO  | SCMAudit | user=jenkins1000 | ip=192.168.69.89 | op=SEND_HEARTBEAT {datanodeUUID=3d0c9a1e-aae8-443e-a7b0-45fa20dec0f4, command=[]} | ret=SUCCESS |  
2019-08-29 08:24:03,764 [grpc-default-executor-7] INFO  client.GrpcClientProtocolClient (GrpcClientProtocolClient.java:onNext(255)) - client-5FE936BE1C89->94e856c7-b0ce-4c30-ba6b-01ce82d994d4: receive RaftClientReply:client-5FE936BE1C89->94e856c7-b0ce-4c30-ba6b-01ce82d994d4@group-8B1667B5E62E, cid=215, FAILED org.apache.ratis.protocol.NotLeaderException: Server 94e856c7-b0ce-4c30-ba6b-01ce82d994d4 is not the leader (null). Request must be sent to leader., logIndex=0, commits[94e856c7-b0ce-4c30-ba6b-01ce82d994d4:c-1]
2019-08-29 08:24:04,037 | INFO  | SCMAudit | user=jenkins1000 | ip=192.168.69.89 | op=SEND_HEARTBEAT {datanodeUUID=2bf2abbb-f03d-4b0e-b27d-2c376d4bd519, command=[]} | ret=SUCCESS |  
2019-08-29 08:24:04,141 | INFO  | SCMAudit | user=jenkins1000 | ip=192.168.69.89 | op=SEND_HEARTBEAT {datanodeUUID=0fa1021d-9840-440b-95fc-3f35327e9810, command=[]} | ret=SUCCESS |  
2019-08-29 08:24:04,256 | INFO  | SCMAudit | user=jenkins1000 | ip=192.168.69.89 | op=SEND_HEARTBEAT {datanodeUUID=4e4fc70f-7137-48e5-bce3-ed99a5fefc67, command=[]} | ret=SUCCESS |  
2019-08-29 08:24:04,350 | INFO  | SCMAudit | user=jenkins1000 | ip=192.168.69.89 | op=SEND_HEARTBEAT {datanodeUUID=ee5c7872-3dc8-4a1b-b96f-cbf662dd320f, command=[]} | ret=SUCCESS |  
2019-08-29 08:24:04,453 | INFO  | SCMAudit | user=jenkins1000 | ip=192.168.69.89 | op=SEND_HEARTBEAT {datanodeUUID=94e856c7-b0ce-4c30-ba6b-01ce82d994d4, command=[]} | ret=SUCCESS |  
2019-08-29 08:24:04,549 | INFO  | SCMAudit | user=jenkins1000 | ip=192.168.69.89 | op=SEND_HEARTBEAT {datanodeUUID=f3af49b3-6b43-4dcd-87a2-e9c9c1638f7b, command=[]} | ret=SUCCESS |  
2019-08-29 08:24:04,634 | INFO  | SCMAudit | user=jenkins1000 | ip=192.168.69.89 | op=SEND_HEARTBEAT {datanodeUUID=3d0c9a1e-aae8-443e-a7b0-45fa20dec0f4, command=[]} | ret=SUCCESS |  
2019-08-29 08:24:04,775 [grpc-default-executor-12] INFO  client.GrpcClientProtocolClient (GrpcClientProtocolClient.java:onNext(255)) - client-5FE936BE1C89->2bf2abbb-f03d-4b0e-b27d-2c376d4bd519: receive RaftClientReply:client-5FE936BE1C89->2bf2abbb-f03d-4b0e-b27d-2c376d4bd519@group-8B1667B5E62E, cid=215, FAILED org.apache.ratis.protocol.NotLeaderException: Server 2bf2abbb-f03d-4b0e-b27d-2c376d4bd519 is not the leader (null). Request must be sent to leader., logIndex=0, commits[2bf2abbb-f03d-4b0e-b27d-2c376d4bd519:c-1]
2019-08-29 08:24:05,037 | INFO  | SCMAudit | user=jenkins1000 | ip=192.168.69.89 | op=SEND_HEARTBEAT {datanodeUUID=2bf2abbb-f03d-4b0e-b27d-2c376d4bd519, command=[]} | ret=SUCCESS |  
2019-08-29 08:24:05,142 | INFO  | SCMAudit | user=jenkins1000 | ip=192.168.69.89 | op=SEND_HEARTBEAT {datanodeUUID=0fa1021d-9840-440b-95fc-3f35327e9810, command=[]} | ret=SUCCESS |  
2019-08-29 08:24:05,256 | INFO  | SCMAudit | user=jenkins1000 | ip=192.168.69.89 | op=SEND_HEARTBEAT {datanodeUUID=4e4fc70f-7137-48e5-bce3-ed99a5fefc67, command=[]} | ret=SUCCESS |  
2019-08-29 08:24:05,353 | INFO  | SCMAudit | user=jenkins1000 | ip=192.168.69.89 | op=SEND_HEARTBEAT {datanodeUUID=ee5c7872-3dc8-4a1b-b96f-cbf662dd320f, command=[]} | ret=SUCCESS |  
2019-08-29 08:24:05,453 | INFO  | SCMAudit | user=jenkins1000 | ip=192.168.69.89 | op=SEND_HEARTBEAT {datanodeUUID=94e856c7-b0ce-4c30-ba6b-01ce82d994d4, command=[]} | ret=SUCCESS |  
2019-08-29 08:24:05,549 | INFO  | SCMAudit | user=jenkins1000 | ip=192.168.69.89 | op=SEND_HEARTBEAT {datanodeUUID=f3af49b3-6b43-4dcd-87a2-e9c9c1638f7b, command=[]} | ret=SUCCESS |  
2019-08-29 08:24:05,634 | INFO  | SCMAudit | user=jenkins1000 | ip=192.168.69.89 | op=SEND_HEARTBEAT {datanodeUUID=3d0c9a1e-aae8-443e-a7b0-45fa20dec0f4, command=[]} | ret=SUCCESS |  
2019-08-29 08:24:05,781 [grpc-default-executor-7] INFO  client.GrpcClientProtocolClient (GrpcClientProtocolClient.java:onNext(255)) - client-5FE936BE1C89->94e856c7-b0ce-4c30-ba6b-01ce82d994d4: receive RaftClientReply:client-5FE936BE1C89->94e856c7-b0ce-4c30-ba6b-01ce82d994d4@group-8B1667B5E62E, cid=215, FAILED org.apache.ratis.protocol.NotLeaderException: Server 94e856c7-b0ce-4c30-ba6b-01ce82d994d4 is not the leader (null). Request must be sent to leader., logIndex=0, commits[94e856c7-b0ce-4c30-ba6b-01ce82d994d4:c-1]
2019-08-29 08:24:06,038 | INFO  | SCMAudit | user=jenkins1000 | ip=192.168.69.89 | op=SEND_HEARTBEAT {datanodeUUID=2bf2abbb-f03d-4b0e-b27d-2c376d4bd519, command=[]} | ret=SUCCESS |  
2019-08-29 08:24:06,142 | INFO  | SCMAudit | user=jenkins1000 | ip=192.168.69.89 | op=SEND_HEARTBEAT {datanodeUUID=0fa1021d-9840-440b-95fc-3f35327e9810, command=[]} | ret=SUCCESS |  
2019-08-29 08:24:06,257 | INFO  | SCMAudit | user=jenkins1000 | ip=192.168.69.89 | op=SEND_HEARTBEAT {datanodeUUID=4e4fc70f-7137-48e5-bce3-ed99a5fefc67, command=[]} | ret=SUCCESS |  
2019-08-29 08:24:06,353 | INFO  | SCMAudit | user=jenkins1000 | ip=192.168.69.89 | op=SEND_HEARTBEAT {datanodeUUID=ee5c7872-3dc8-4a1b-b96f-cbf662dd320f, command=[]} | ret=SUCCESS |  
2019-08-29 08:24:06,453 | INFO  | SCMAudit | user=jenkins1000 | ip=192.168.69.89 | op=SEND_HEARTBEAT {datanodeUUID=94e856c7-b0ce-4c30-ba6b-01ce82d994d4, command=[]} | ret=SUCCESS |  
2019-08-29 08:24:06,549 | INFO  | SCMAudit | user=jenkins1000 | ip=192.168.69.89 | op=SEND_HEARTBEAT {datanodeUUID=f3af49b3-6b43-4dcd-87a2-e9c9c1638f7b, command=[]} | ret=SUCCESS |  
2019-08-29 08:24:06,634 | INFO  | SCMAudit | user=jenkins1000 | ip=192.168.69.89 | op=SEND_HEARTBEAT {datanodeUUID=3d0c9a1e-aae8-443e-a7b0-45fa20dec0f4, command=[]} | ret=SUCCESS |  
2019-08-29 08:24:06,788 [grpc-default-executor-12] INFO  client.GrpcClientProtocolClient (GrpcClientProtocolClient.java:onNext(255)) - client-5FE936BE1C89->4e4fc70f-7137-48e5-bce3-ed99a5fefc67: receive RaftClientReply:client-5FE936BE1C89->4e4fc70f-7137-48e5-bce3-ed99a5fefc67@group-8B1667B5E62E, cid=215, FAILED org.apache.ratis.protocol.NotLeaderException: Server 4e4fc70f-7137-48e5-bce3-ed99a5fefc67 is not the leader (null). Request must be sent to leader., logIndex=0, commits[4e4fc70f-7137-48e5-bce3-ed99a5fefc67:c-1]
2019-08-29 08:24:07,038 | INFO  | SCMAudit | user=jenkins1000 | ip=192.168.69.89 | op=SEND_HEARTBEAT {datanodeUUID=2bf2abbb-f03d-4b0e-b27d-2c376d4bd519, command=[]} | ret=SUCCESS |  
2019-08-29 08:24:07,142 | INFO  | SCMAudit | user=jenkins1000 | ip=192.168.69.89 | op=SEND_HEARTBEAT {datanodeUUID=0fa1021d-9840-440b-95fc-3f35327e9810, command=[]} | ret=SUCCESS |  
2019-08-29 08:24:07,257 | INFO  | SCMAudit | user=jenkins1000 | ip=192.168.69.89 | op=SEND_HEARTBEAT {datanodeUUID=4e4fc70f-7137-48e5-bce3-ed99a5fefc67, command=[]} | ret=SUCCESS |  
2019-08-29 08:24:07,353 | INFO  | SCMAudit | user=jenkins1000 | ip=192.168.69.89 | op=SEND_HEARTBEAT {datanodeUUID=ee5c7872-3dc8-4a1b-b96f-cbf662dd320f, command=[]} | ret=SUCCESS |  
2019-08-29 08:24:07,453 | INFO  | SCMAudit | user=jenkins1000 | ip=192.168.69.89 | op=SEND_HEARTBEAT {datanodeUUID=94e856c7-b0ce-4c30-ba6b-01ce82d994d4, command=[]} | ret=SUCCESS |  
2019-08-29 08:24:07,549 | INFO  | SCMAudit | user=jenkins1000 | ip=192.168.69.89 | op=SEND_HEARTBEAT {datanodeUUID=f3af49b3-6b43-4dcd-87a2-e9c9c1638f7b, command=[]} | ret=SUCCESS |  
2019-08-29 08:24:07,634 | INFO  | SCMAudit | user=jenkins1000 | ip=192.168.69.89 | op=SEND_HEARTBEAT {datanodeUUID=3d0c9a1e-aae8-443e-a7b0-45fa20dec0f4, command=[]} | ret=SUCCESS |  
2019-08-29 08:24:07,780 [Thread-4278] INFO  impl.FollowerState (FollowerState.java:run(106)) - 4e4fc70f-7137-48e5-bce3-ed99a5fefc67:group-8B1667B5E62E changes to CANDIDATE, lastRpcTime:5002, electionTimeout:5002ms
2019-08-29 08:24:07,780 [Thread-4278] INFO  impl.RoleInfo (RoleInfo.java:shutdownFollowerState(121)) - 4e4fc70f-7137-48e5-bce3-ed99a5fefc67: shutdown FollowerState
2019-08-29 08:24:07,781 [Thread-4278] INFO  impl.RaftServerImpl (RaftServerImpl.java:setRole(171)) - 4e4fc70f-7137-48e5-bce3-ed99a5fefc67:group-8B1667B5E62E changes role from FOLLOWER to CANDIDATE at term 1 for changeToCandidate
2019-08-29 08:24:07,781 [Thread-4278] INFO  impl.RoleInfo (RoleInfo.java:updateAndGet(143)) - 4e4fc70f-7137-48e5-bce3-ed99a5fefc67: start LeaderElection
2019-08-29 08:24:07,794 [grpc-default-executor-10] INFO  client.GrpcClientProtocolClient (GrpcClientProtocolClient.java:onNext(255)) - client-5FE936BE1C89->2bf2abbb-f03d-4b0e-b27d-2c376d4bd519: receive RaftClientReply:client-5FE936BE1C89->2bf2abbb-f03d-4b0e-b27d-2c376d4bd519@group-8B1667B5E62E, cid=215, FAILED org.apache.ratis.protocol.NotLeaderException: Server 2bf2abbb-f03d-4b0e-b27d-2c376d4bd519 is not the leader (null). Request must be sent to leader., logIndex=0, commits[2bf2abbb-f03d-4b0e-b27d-2c376d4bd519:c-1]
2019-08-29 08:24:07,807 [4e4fc70f-7137-48e5-bce3-ed99a5fefc67:group-8B1667B5E62E:LeaderElection109] INFO  impl.LeaderElection (LeaderElection.java:askForVotes(181)) - 4e4fc70f-7137-48e5-bce3-ed99a5fefc67:group-8B1667B5E62E:LeaderElection109: begin an election at term 2 for -1: [2bf2abbb-f03d-4b0e-b27d-2c376d4bd519:192.168.69.89:37716, 94e856c7-b0ce-4c30-ba6b-01ce82d994d4:192.168.69.89:39647, 4e4fc70f-7137-48e5-bce3-ed99a5fefc67:192.168.69.89:34375], old=null
2019-08-29 08:24:07,808 [grpc-default-executor-10] INFO  impl.RaftServerImpl (RaftServerImpl.java:setRole(171)) - 2bf2abbb-f03d-4b0e-b27d-2c376d4bd519:group-8B1667B5E62E changes role from FOLLOWER to FOLLOWER at term 2 for recognizeCandidate:4e4fc70f-7137-48e5-bce3-ed99a5fefc67
2019-08-29 08:24:07,808 [grpc-default-executor-12] INFO  impl.RaftServerImpl (RaftServerImpl.java:setRole(171)) - 94e856c7-b0ce-4c30-ba6b-01ce82d994d4:group-8B1667B5E62E changes role from FOLLOWER to FOLLOWER at term 2 for recognizeCandidate:4e4fc70f-7137-48e5-bce3-ed99a5fefc67
2019-08-29 08:24:07,808 [grpc-default-executor-10] INFO  impl.RoleInfo (RoleInfo.java:shutdownFollowerState(121)) - 2bf2abbb-f03d-4b0e-b27d-2c376d4bd519: shutdown FollowerState
2019-08-29 08:24:07,808 [grpc-default-executor-12] INFO  impl.RoleInfo (RoleInfo.java:shutdownFollowerState(121)) - 94e856c7-b0ce-4c30-ba6b-01ce82d994d4: shutdown FollowerState
2019-08-29 08:24:07,809 [Thread-4280] INFO  impl.FollowerState (FollowerState.java:run(114)) - 2bf2abbb-f03d-4b0e-b27d-2c376d4bd519: FollowerState was interrupted: java.lang.InterruptedException: sleep interrupted
2019-08-29 08:24:07,809 [grpc-default-executor-10] INFO  impl.RoleInfo (RoleInfo.java:updateAndGet(143)) - 2bf2abbb-f03d-4b0e-b27d-2c376d4bd519: start FollowerState
2019-08-29 08:24:07,809 [Thread-4279] INFO  impl.FollowerState (FollowerState.java:run(114)) - 94e856c7-b0ce-4c30-ba6b-01ce82d994d4: FollowerState was interrupted: java.lang.InterruptedException: sleep interrupted
2019-08-29 08:24:07,809 [grpc-default-executor-12] INFO  impl.RoleInfo (RoleInfo.java:updateAndGet(143)) - 94e856c7-b0ce-4c30-ba6b-01ce82d994d4: start FollowerState
2019-08-29 08:24:07,844 [4e4fc70f-7137-48e5-bce3-ed99a5fefc67:group-8B1667B5E62E:LeaderElection109] INFO  impl.LeaderElection (LeaderElection.java:logAndReturn(56)) - 4e4fc70f-7137-48e5-bce3-ed99a5fefc67:group-8B1667B5E62E:LeaderElection109: Election PASSED; received 1 response(s) [4e4fc70f-7137-48e5-bce3-ed99a5fefc67<-2bf2abbb-f03d-4b0e-b27d-2c376d4bd519#0:OK-t2] and 0 exception(s); 4e4fc70f-7137-48e5-bce3-ed99a5fefc67:t2, leader=null, voted=4e4fc70f-7137-48e5-bce3-ed99a5fefc67, raftlog=4e4fc70f-7137-48e5-bce3-ed99a5fefc67-SegmentedRaftLog:OPENED:c-1,f-1,i0, conf=-1: [2bf2abbb-f03d-4b0e-b27d-2c376d4bd519:192.168.69.89:37716, 94e856c7-b0ce-4c30-ba6b-01ce82d994d4:192.168.69.89:39647, 4e4fc70f-7137-48e5-bce3-ed99a5fefc67:192.168.69.89:34375], old=null
2019-08-29 08:24:07,844 [4e4fc70f-7137-48e5-bce3-ed99a5fefc67:group-8B1667B5E62E:LeaderElection109] INFO  impl.RoleInfo (RoleInfo.java:shutdownLeaderElection(134)) - 4e4fc70f-7137-48e5-bce3-ed99a5fefc67: shutdown LeaderElection
2019-08-29 08:24:07,844 [4e4fc70f-7137-48e5-bce3-ed99a5fefc67:group-8B1667B5E62E:LeaderElection109] INFO  impl.RaftServerImpl (RaftServerImpl.java:setRole(171)) - 4e4fc70f-7137-48e5-bce3-ed99a5fefc67:group-8B1667B5E62E changes role from CANDIDATE to LEADER at term 2 for changeToLeader
2019-08-29 08:24:07,844 [4e4fc70f-7137-48e5-bce3-ed99a5fefc67:group-8B1667B5E62E:LeaderElection109] INFO  impl.RaftServerImpl (ServerState.java:setLeader(263)) - 4e4fc70f-7137-48e5-bce3-ed99a5fefc67:group-8B1667B5E62E change Leader from null to 4e4fc70f-7137-48e5-bce3-ed99a5fefc67 at term 2 for becomeLeader, leader elected after 10269ms
2019-08-29 08:24:07,844 [4e4fc70f-7137-48e5-bce3-ed99a5fefc67:group-8B1667B5E62E:LeaderElection109] INFO  server.RaftServerConfigKeys (ConfUtils.java:logGet(43)) - raft.server.staging.catchup.gap = 1000 (default)
2019-08-29 08:24:07,845 [4e4fc70f-7137-48e5-bce3-ed99a5fefc67:group-8B1667B5E62E:LeaderElection109] INFO  server.RaftServerConfigKeys (ConfUtils.java:logGet(43)) - raft.server.rpc.sleep.time = 25ms (default)
2019-08-29 08:24:07,845 [4e4fc70f-7137-48e5-bce3-ed99a5fefc67:group-8B1667B5E62E:LeaderElection109] INFO  server.RaftServerConfigKeys (ConfUtils.java:logGet(43)) - raft.server.write.element-limit = 4096 (default)
2019-08-29 08:24:07,845 [4e4fc70f-7137-48e5-bce3-ed99a5fefc67:group-8B1667B5E62E:LeaderElection109] INFO  server.RaftServerConfigKeys (ConfUtils.java:logGet(43)) - raft.server.watch.timeout = 10s (default)
2019-08-29 08:24:07,845 [4e4fc70f-7137-48e5-bce3-ed99a5fefc67:group-8B1667B5E62E:LeaderElection109] INFO  server.RaftServerConfigKeys (ConfUtils.java:logGet(43)) - raft.server.watch.timeout.denomination = 1s (default)
2019-08-29 08:24:07,845 [4e4fc70f-7137-48e5-bce3-ed99a5fefc67:group-8B1667B5E62E:LeaderElection109] INFO  server.RaftServerConfigKeys (ConfUtils.java:logGet(43)) - raft.server.watch.element-limit = 65536 (default)
2019-08-29 08:24:07,846 [4e4fc70f-7137-48e5-bce3-ed99a5fefc67:group-8B1667B5E62E:LeaderElection109] INFO  server.RaftServerConfigKeys (ConfUtils.java:logGet(43)) - raft.server.log.appender.snapshot.chunk.size.max = 16MB (=16777216) (default)
2019-08-29 08:24:07,846 [4e4fc70f-7137-48e5-bce3-ed99a5fefc67:group-8B1667B5E62E:LeaderElection109] INFO  server.RaftServerConfigKeys (ConfUtils.java:logGet(43)) - raft.server.log.appender.buffer.byte-limit = 33554432 (custom)
2019-08-29 08:24:07,846 [4e4fc70f-7137-48e5-bce3-ed99a5fefc67:group-8B1667B5E62E:LeaderElection109] INFO  server.RaftServerConfigKeys (ConfUtils.java:logGet(43)) - raft.server.log.appender.buffer.element-limit = 1 (custom)
2019-08-29 08:24:07,846 [4e4fc70f-7137-48e5-bce3-ed99a5fefc67:group-8B1667B5E62E:LeaderElection109] INFO  grpc.GrpcConfigKeys$Server (ConfUtils.java:logGet(43)) - raft.grpc.server.leader.outstanding.appends.max = 128 (default)
2019-08-29 08:24:07,847 [4e4fc70f-7137-48e5-bce3-ed99a5fefc67:group-8B1667B5E62E:LeaderElection109] INFO  server.RaftServerConfigKeys (ConfUtils.java:logGet(43)) - raft.server.rpc.request.timeout = 3000ms (default)
2019-08-29 08:24:07,847 [4e4fc70f-7137-48e5-bce3-ed99a5fefc67:group-8B1667B5E62E:LeaderElection109] INFO  server.RaftServerConfigKeys (ConfUtils.java:logGet(43)) - raft.server.log.appender.install.snapshot.enabled = false (custom)
2019-08-29 08:24:07,847 [4e4fc70f-7137-48e5-bce3-ed99a5fefc67:group-8B1667B5E62E:LeaderElection109] INFO  server.RaftServerConfigKeys (ConfUtils.java:logGet(43)) - raft.server.log.appender.snapshot.chunk.size.max = 16MB (=16777216) (default)
2019-08-29 08:24:07,847 [4e4fc70f-7137-48e5-bce3-ed99a5fefc67:group-8B1667B5E62E:LeaderElection109] INFO  server.RaftServerConfigKeys (ConfUtils.java:logGet(43)) - raft.server.log.appender.buffer.byte-limit = 33554432 (custom)
2019-08-29 08:24:07,847 [4e4fc70f-7137-48e5-bce3-ed99a5fefc67:group-8B1667B5E62E:LeaderElection109] INFO  server.RaftServerConfigKeys (ConfUtils.java:logGet(43)) - raft.server.log.appender.buffer.element-limit = 1 (custom)
2019-08-29 08:24:07,848 [4e4fc70f-7137-48e5-bce3-ed99a5fefc67:group-8B1667B5E62E:LeaderElection109] INFO  grpc.GrpcConfigKeys$Server (ConfUtils.java:logGet(43)) - raft.grpc.server.leader.outstanding.appends.max = 128 (default)
2019-08-29 08:24:07,848 [4e4fc70f-7137-48e5-bce3-ed99a5fefc67:group-8B1667B5E62E:LeaderElection109] INFO  server.RaftServerConfigKeys (ConfUtils.java:logGet(43)) - raft.server.rpc.request.timeout = 3000ms (default)
2019-08-29 08:24:07,848 [4e4fc70f-7137-48e5-bce3-ed99a5fefc67:group-8B1667B5E62E:LeaderElection109] INFO  server.RaftServerConfigKeys (ConfUtils.java:logGet(43)) - raft.server.log.appender.install.snapshot.enabled = false (custom)
2019-08-29 08:24:07,848 [4e4fc70f-7137-48e5-bce3-ed99a5fefc67:group-8B1667B5E62E:LeaderElection109] INFO  impl.RoleInfo (RoleInfo.java:updateAndGet(143)) - 4e4fc70f-7137-48e5-bce3-ed99a5fefc67: start LeaderState
2019-08-29 08:24:07,848 [4e4fc70f-7137-48e5-bce3-ed99a5fefc67:group-8B1667B5E62E:LeaderElection109] INFO  segmented.SegmentedRaftLogWorker (SegmentedRaftLogWorker.java:startLogSegment(380)) - 4e4fc70f-7137-48e5-bce3-ed99a5fefc67-SegmentedRaftLogWorker:Storage Directory /workdir/hadoop-ozone/integration-test/target/test-dir/MiniOzoneClusterImpl-6291b889-f921-442b-be66-486fed594c04/datanode-4/data/ratis/c28299d6-49f7-41c4-8395-8b1667b5e62e: Starting segment from index:0
2019-08-29 08:24:07,849 [4e4fc70f-7137-48e5-bce3-ed99a5fefc67:group-8B1667B5E62E:LeaderElection109] INFO  impl.RaftServerImpl (ServerState.java:setRaftConf(361)) - 4e4fc70f-7137-48e5-bce3-ed99a5fefc67:group-8B1667B5E62E set configuration 0: [2bf2abbb-f03d-4b0e-b27d-2c376d4bd519:192.168.69.89:37716, 94e856c7-b0ce-4c30-ba6b-01ce82d994d4:192.168.69.89:39647, 4e4fc70f-7137-48e5-bce3-ed99a5fefc67:192.168.69.89:34375], old=null at 0
2019-08-29 08:24:07,850 [grpc-default-executor-10] INFO  impl.RaftServerImpl (ServerState.java:setLeader(263)) - 2bf2abbb-f03d-4b0e-b27d-2c376d4bd519:group-8B1667B5E62E change Leader from null to 4e4fc70f-7137-48e5-bce3-ed99a5fefc67 at term 2 for appendEntries, leader elected after 10274ms
2019-08-29 08:24:07,850 [grpc-default-executor-12] INFO  impl.RaftServerImpl (ServerState.java:setLeader(263)) - 94e856c7-b0ce-4c30-ba6b-01ce82d994d4:group-8B1667B5E62E change Leader from null to 4e4fc70f-7137-48e5-bce3-ed99a5fefc67 at term 2 for appendEntries, leader elected after 10275ms
2019-08-29 08:24:07,851 [grpc-default-executor-12] INFO  impl.RaftServerImpl (ServerState.java:setRaftConf(361)) - 2bf2abbb-f03d-4b0e-b27d-2c376d4bd519:group-8B1667B5E62E set configuration 0: [2bf2abbb-f03d-4b0e-b27d-2c376d4bd519:192.168.69.89:37716, 94e856c7-b0ce-4c30-ba6b-01ce82d994d4:192.168.69.89:39647, 4e4fc70f-7137-48e5-bce3-ed99a5fefc67:192.168.69.89:34375], old=null at 0
2019-08-29 08:24:07,852 [grpc-default-executor-12] INFO  segmented.SegmentedRaftLogWorker (SegmentedRaftLogWorker.java:startLogSegment(380)) - 2bf2abbb-f03d-4b0e-b27d-2c376d4bd519-SegmentedRaftLogWorker:Storage Directory /workdir/hadoop-ozone/integration-test/target/test-dir/MiniOzoneClusterImpl-6291b889-f921-442b-be66-486fed594c04/datanode-3/data/ratis/c28299d6-49f7-41c4-8395-8b1667b5e62e: Starting segment from index:0
2019-08-29 08:24:07,852 [grpc-default-executor-10] INFO  impl.RaftServerImpl (ServerState.java:setRaftConf(361)) - 94e856c7-b0ce-4c30-ba6b-01ce82d994d4:group-8B1667B5E62E set configuration 0: [2bf2abbb-f03d-4b0e-b27d-2c376d4bd519:192.168.69.89:37716, 94e856c7-b0ce-4c30-ba6b-01ce82d994d4:192.168.69.89:39647, 4e4fc70f-7137-48e5-bce3-ed99a5fefc67:192.168.69.89:34375], old=null at 0
2019-08-29 08:24:07,852 [grpc-default-executor-10] INFO  segmented.SegmentedRaftLogWorker (SegmentedRaftLogWorker.java:startLogSegment(380)) - 94e856c7-b0ce-4c30-ba6b-01ce82d994d4-SegmentedRaftLogWorker:Storage Directory /workdir/hadoop-ozone/integration-test/target/test-dir/MiniOzoneClusterImpl-6291b889-f921-442b-be66-486fed594c04/datanode-5/data/ratis/c28299d6-49f7-41c4-8395-8b1667b5e62e: Starting segment from index:0
2019-08-29 08:24:07,891 [4e4fc70f-7137-48e5-bce3-ed99a5fefc67-SegmentedRaftLogWorker:Storage Directory /workdir/hadoop-ozone/integration-test/target/test-dir/MiniOzoneClusterImpl-6291b889-f921-442b-be66-486fed594c04/datanode-4/data/ratis/c28299d6-49f7-41c4-8395-8b1667b5e62e] INFO  segmented.SegmentedRaftLogWorker (SegmentedRaftLogWorker.java:execute(569)) - 4e4fc70f-7137-48e5-bce3-ed99a5fefc67-SegmentedRaftLogWorker:Storage Directory /workdir/hadoop-ozone/integration-test/target/test-dir/MiniOzoneClusterImpl-6291b889-f921-442b-be66-486fed594c04/datanode-4/data/ratis/c28299d6-49f7-41c4-8395-8b1667b5e62e: created new log segment /workdir/hadoop-ozone/integration-test/target/test-dir/MiniOzoneClusterImpl-6291b889-f921-442b-be66-486fed594c04/datanode-4/data/ratis/c28299d6-49f7-41c4-8395-8b1667b5e62e/current/log_inprogress_0
2019-08-29 08:24:07,891 [2bf2abbb-f03d-4b0e-b27d-2c376d4bd519-SegmentedRaftLogWorker:Storage Directory /workdir/hadoop-ozone/integration-test/target/test-dir/MiniOzoneClusterImpl-6291b889-f921-442b-be66-486fed594c04/datanode-3/data/ratis/c28299d6-49f7-41c4-8395-8b1667b5e62e] INFO  segmented.SegmentedRaftLogWorker (SegmentedRaftLogWorker.java:execute(569)) - 2bf2abbb-f03d-4b0e-b27d-2c376d4bd519-SegmentedRaftLogWorker:Storage Directory /workdir/hadoop-ozone/integration-test/target/test-dir/MiniOzoneClusterImpl-6291b889-f921-442b-be66-486fed594c04/datanode-3/data/ratis/c28299d6-49f7-41c4-8395-8b1667b5e62e: created new log segment /workdir/hadoop-ozone/integration-test/target/test-dir/MiniOzoneClusterImpl-6291b889-f921-442b-be66-486fed594c04/datanode-3/data/ratis/c28299d6-49f7-41c4-8395-8b1667b5e62e/current/log_inprogress_0
2019-08-29 08:24:07,913 [94e856c7-b0ce-4c30-ba6b-01ce82d994d4-SegmentedRaftLogWorker:Storage Directory /workdir/hadoop-ozone/integration-test/target/test-dir/MiniOzoneClusterImpl-6291b889-f921-442b-be66-486fed594c04/datanode-5/data/ratis/c28299d6-49f7-41c4-8395-8b1667b5e62e] INFO  segmented.SegmentedRaftLogWorker (SegmentedRaftLogWorker.java:execute(569)) - 94e856c7-b0ce-4c30-ba6b-01ce82d994d4-SegmentedRaftLogWorker:Storage Directory /workdir/hadoop-ozone/integration-test/target/test-dir/MiniOzoneClusterImpl-6291b889-f921-442b-be66-486fed594c04/datanode-5/data/ratis/c28299d6-49f7-41c4-8395-8b1667b5e62e: created new log segment /workdir/hadoop-ozone/integration-test/target/test-dir/MiniOzoneClusterImpl-6291b889-f921-442b-be66-486fed594c04/datanode-5/data/ratis/c28299d6-49f7-41c4-8395-8b1667b5e62e/current/log_inprogress_0
2019-08-29 08:24:08,154 | INFO  | SCMAudit | user=jenkins1000 | ip=192.168.69.89 | op=SEND_HEARTBEAT {datanodeUUID=2bf2abbb-f03d-4b0e-b27d-2c376d4bd519, command=[]} | ret=SUCCESS |  
2019-08-29 08:24:08,154 | INFO  | SCMAudit | user=jenkins1000 | ip=192.168.69.89 | op=SEND_HEARTBEAT {datanodeUUID=0fa1021d-9840-440b-95fc-3f35327e9810, command=[]} | ret=SUCCESS |  
2019-08-29 08:24:08,257 | INFO  | SCMAudit | user=jenkins1000 | ip=192.168.69.89 | op=SEND_HEARTBEAT {datanodeUUID=4e4fc70f-7137-48e5-bce3-ed99a5fefc67, command=[]} | ret=SUCCESS |  
2019-08-29 08:24:08,353 | INFO  | SCMAudit | user=jenkins1000 | ip=192.168.69.89 | op=SEND_HEARTBEAT {datanodeUUID=ee5c7872-3dc8-4a1b-b96f-cbf662dd320f, command=[]} | ret=SUCCESS |  
2019-08-29 08:24:08,453 | INFO  | SCMAudit | user=jenkins1000 | ip=192.168.69.89 | op=SEND_HEARTBEAT {datanodeUUID=94e856c7-b0ce-4c30-ba6b-01ce82d994d4, command=[]} | ret=SUCCESS |  
2019-08-29 08:24:08,549 | INFO  | SCMAudit | user=jenkins1000 | ip=192.168.69.89 | op=SEND_HEARTBEAT {datanodeUUID=f3af49b3-6b43-4dcd-87a2-e9c9c1638f7b, command=[]} | ret=SUCCESS |  
2019-08-29 08:24:08,792 | INFO  | SCMAudit | user=jenkins1000 | ip=192.168.69.89 | op=SEND_HEARTBEAT {datanodeUUID=3d0c9a1e-aae8-443e-a7b0-45fa20dec0f4, command=[]} | ret=SUCCESS |  
2019-08-29 08:24:08,806 [grpc-default-executor-10] INFO  client.GrpcClientProtocolClient (GrpcClientProtocolClient.java:onNext(255)) - client-5FE936BE1C89->94e856c7-b0ce-4c30-ba6b-01ce82d994d4: receive RaftClientReply:client-5FE936BE1C89->94e856c7-b0ce-4c30-ba6b-01ce82d994d4@group-8B1667B5E62E, cid=215, FAILED org.apache.ratis.protocol.NotLeaderException: Server 94e856c7-b0ce-4c30-ba6b-01ce82d994d4 is not the leader (4e4fc70f-7137-48e5-bce3-ed99a5fefc67:192.168.69.89:34375). Request must be sent to leader., logIndex=0, commits[94e856c7-b0ce-4c30-ba6b-01ce82d994d4:c-1, 2bf2abbb-f03d-4b0e-b27d-2c376d4bd519:c-1, 4e4fc70f-7137-48e5-bce3-ed99a5fefc67:c-1]
2019-08-29 08:24:09,104 | INFO  | DNAudit | user=null | ip=null | op=WRITE_CHUNK {blockData=conID: 1 locID: 102699305448701969 bcsId: 0} | ret=SUCCESS |  
2019-08-29 08:24:09,104 | INFO  | DNAudit | user=null | ip=null | op=WRITE_CHUNK {blockData=conID: 1 locID: 102699305448701969 bcsId: 0} | ret=SUCCESS |  
2019-08-29 08:24:09,104 | INFO  | DNAudit | user=null | ip=null | op=WRITE_CHUNK {blockData=conID: 1 locID: 102699305448701969 bcsId: 0} | ret=SUCCESS |  
2019-08-29 08:24:09,104 | INFO  | SCMAudit | user=jenkins1000 | ip=192.168.69.89 | op=SEND_HEARTBEAT {datanodeUUID=94e856c7-b0ce-4c30-ba6b-01ce82d994d4, command=[]} | ret=SUCCESS |  
2019-08-29 08:24:09,104 | INFO  | SCMAudit | user=jenkins1000 | ip=192.168.69.89 | op=SEND_HEARTBEAT {datanodeUUID=2bf2abbb-f03d-4b0e-b27d-2c376d4bd519, command=[]} | ret=SUCCESS |  
2019-08-29 08:24:09,104 | INFO  | SCMAudit | user=jenkins1000 | ip=192.168.69.89 | op=SEND_HEARTBEAT {datanodeUUID=4e4fc70f-7137-48e5-bce3-ed99a5fefc67, command=[]} | ret=SUCCESS |  
2019-08-29 08:24:09,110 | INFO  | DNAudit | user=null | ip=null | op=WRITE_CHUNK {blockData=conID: 1 locID: 102699305448701969 bcsId: 0} | ret=SUCCESS |  
2019-08-29 08:24:09,115 | INFO  | DNAudit | user=null | ip=null | op=WRITE_CHUNK {blockData=conID: 1 locID: 102699305448701969 bcsId: 0} | ret=SUCCESS |  
2019-08-29 08:24:09,115 [grpc-default-executor-10] INFO  client.GrpcClientProtocolClient (GrpcClientProtocolClient.java:onNext(255)) - client-5FE936BE1C89->4e4fc70f-7137-48e5-bce3-ed99a5fefc67: receive RaftClientReply:client-5FE936BE1C89->4e4fc70f-7137-48e5-bce3-ed99a5fefc67@group-8B1667B5E62E, cid=215, SUCCESS, logIndex=1, commits[4e4fc70f-7137-48e5-bce3-ed99a5fefc67:c1, 2bf2abbb-f03d-4b0e-b27d-2c376d4bd519:c0, 94e856c7-b0ce-4c30-ba6b-01ce82d994d4:c0]
2019-08-29 08:24:09,116 | INFO  | DNAudit | user=null | ip=null | op=WRITE_CHUNK {blockData=conID: 1 locID: 102699305448701969 bcsId: 0} | ret=SUCCESS |  
2019-08-29 08:24:09,120 | INFO  | DNAudit | user=null | ip=null | op=WRITE_CHUNK {blockData=conID: 1 locID: 102699305448701969 bcsId: 0} | ret=SUCCESS |  
2019-08-29 08:24:09,121 | INFO  | DNAudit | user=null | ip=null | op=WRITE_CHUNK {blockData=conID: 1 locID: 102699305448701969 bcsId: 0} | ret=SUCCESS |  
2019-08-29 08:24:09,121 | INFO  | DNAudit | user=null | ip=null | op=WRITE_CHUNK {blockData=conID: 1 locID: 102699305448701969 bcsId: 0} | ret=SUCCESS |  
2019-08-29 08:24:09,132 | INFO  | DNAudit | user=null | ip=null | op=WRITE_CHUNK {blockData=conID: 1 locID: 102699305448701969 bcsId: 0} | ret=SUCCESS |  
2019-08-29 08:24:09,135 [grpc-default-executor-12] INFO  client.GrpcClientProtocolClient (GrpcClientProtocolClient.java:onNext(255)) - client-5FE936BE1C89->4e4fc70f-7137-48e5-bce3-ed99a5fefc67: receive RaftClientReply:client-5FE936BE1C89->4e4fc70f-7137-48e5-bce3-ed99a5fefc67@group-8B1667B5E62E, cid=216, SUCCESS, logIndex=3, commits[4e4fc70f-7137-48e5-bce3-ed99a5fefc67:c3, 2bf2abbb-f03d-4b0e-b27d-2c376d4bd519:c2, 94e856c7-b0ce-4c30-ba6b-01ce82d994d4:c2]
2019-08-29 08:24:09,137 | INFO  | DNAudit | user=null | ip=null | op=WRITE_CHUNK {blockData=conID: 1 locID: 102699305448701969 bcsId: 0} | ret=SUCCESS |  
2019-08-29 08:24:09,137 | INFO  | DNAudit | user=null | ip=null | op=WRITE_CHUNK {blockData=conID: 1 locID: 102699305448701969 bcsId: 0} | ret=SUCCESS |  
2019-08-29 08:24:09,153 | INFO  | SCMAudit | user=jenkins1000 | ip=192.168.69.89 | op=SEND_HEARTBEAT {datanodeUUID=0fa1021d-9840-440b-95fc-3f35327e9810, command=[]} | ret=SUCCESS |  
2019-08-29 08:24:09,228 | INFO  | DNAudit | user=null | ip=null | op=PUT_BLOCK {blockData=[blockId=conID: 1 locID: 102699305448701969 bcsId: 0,size=167]} | ret=SUCCESS |  
2019-08-29 08:24:09,229 [grpc-default-executor-12] INFO  client.GrpcClientProtocolClient (GrpcClientProtocolClient.java:onNext(255)) - client-5FE936BE1C89->4e4fc70f-7137-48e5-bce3-ed99a5fefc67: receive RaftClientReply:client-5FE936BE1C89->4e4fc70f-7137-48e5-bce3-ed99a5fefc67@group-8B1667B5E62E, cid=217, SUCCESS, logIndex=4, commits[4e4fc70f-7137-48e5-bce3-ed99a5fefc67:c6, 2bf2abbb-f03d-4b0e-b27d-2c376d4bd519:c3, 94e856c7-b0ce-4c30-ba6b-01ce82d994d4:c3]
2019-08-29 08:24:09,353 | INFO  | SCMAudit | user=jenkins1000 | ip=192.168.69.89 | op=SEND_HEARTBEAT {datanodeUUID=ee5c7872-3dc8-4a1b-b96f-cbf662dd320f, command=[]} | ret=SUCCESS |  
2019-08-29 08:24:09,549 | INFO  | SCMAudit | user=jenkins1000 | ip=192.168.69.89 | op=SEND_HEARTBEAT {datanodeUUID=f3af49b3-6b43-4dcd-87a2-e9c9c1638f7b, command=[]} | ret=SUCCESS |  
2019-08-29 08:24:09,634 | INFO  | SCMAudit | user=jenkins1000 | ip=192.168.69.89 | op=SEND_HEARTBEAT {datanodeUUID=3d0c9a1e-aae8-443e-a7b0-45fa20dec0f4, command=[]} | ret=SUCCESS |  
2019-08-29 08:24:10,104 | INFO  | SCMAudit | user=jenkins1000 | ip=192.168.69.89 | op=SEND_HEARTBEAT {datanodeUUID=2bf2abbb-f03d-4b0e-b27d-2c376d4bd519, command=[]} | ret=SUCCESS |  
2019-08-29 08:24:10,104 | INFO  | SCMAudit | user=jenkins1000 | ip=192.168.69.89 | op=SEND_HEARTBEAT {datanodeUUID=4e4fc70f-7137-48e5-bce3-ed99a5fefc67, command=[]} | ret=SUCCESS |  
2019-08-29 08:24:10,104 | INFO  | SCMAudit | user=jenkins1000 | ip=192.168.69.89 | op=SEND_HEARTBEAT {datanodeUUID=94e856c7-b0ce-4c30-ba6b-01ce82d994d4, command=[]} | ret=SUCCESS |  
2019-08-29 08:24:10,153 | INFO  | SCMAudit | user=jenkins1000 | ip=192.168.69.89 | op=SEND_HEARTBEAT {datanodeUUID=0fa1021d-9840-440b-95fc-3f35327e9810, command=[]} | ret=SUCCESS |  
2019-08-29 08:24:10,230 [main] WARN  scm.XceiverClientRatis (XceiverClientRatis.java:watchForCommit(262)) - 3 way commit failed on pipeline Pipeline[ Id: c28299d6-49f7-41c4-8395-8b1667b5e62e, Nodes: 4e4fc70f-7137-48e5-bce3-ed99a5fefc67{ip: 192.168.69.89, host: pr-hdds-1569-7rqkn-550228749, networkLocation: /default-rack, certSerialId: null}2bf2abbb-f03d-4b0e-b27d-2c376d4bd519{ip: 192.168.69.89, host: pr-hdds-1569-7rqkn-550228749, networkLocation: /default-rack, certSerialId: null}94e856c7-b0ce-4c30-ba6b-01ce82d994d4{ip: 192.168.69.89, host: pr-hdds-1569-7rqkn-550228749, networkLocation: /default-rack, certSerialId: null}, Type:RATIS, Factor:THREE, State:OPEN]
java.util.concurrent.TimeoutException
	at java.util.concurrent.CompletableFuture.timedGet(CompletableFuture.java:1771)
	at java.util.concurrent.CompletableFuture.get(CompletableFuture.java:1915)
	at org.apache.hadoop.hdds.scm.XceiverClientRatis.watchForCommit(XceiverClientRatis.java:259)
	at org.apache.hadoop.hdds.scm.storage.CommitWatcher.watchForCommit(CommitWatcher.java:194)
	at org.apache.hadoop.hdds.scm.storage.CommitWatcher.watchOnLastIndex(CommitWatcher.java:157)
	at org.apache.hadoop.hdds.scm.storage.BlockOutputStream.watchForCommit(BlockOutputStream.java:347)
	at org.apache.hadoop.hdds.scm.storage.BlockOutputStream.handleFlush(BlockOutputStream.java:479)
	at org.apache.hadoop.hdds.scm.storage.BlockOutputStream.flush(BlockOutputStream.java:428)
	at org.apache.hadoop.ozone.client.io.BlockOutputStreamEntry.flush(BlockOutputStreamEntry.java:136)
	at org.apache.hadoop.ozone.client.io.KeyOutputStream.handleFlushOrClose(KeyOutputStream.java:442)
	at org.apache.hadoop.ozone.client.io.KeyOutputStream.flush(KeyOutputStream.java:396)
	at org.apache.hadoop.ozone.client.io.OzoneOutputStream.flush(OzoneOutputStream.java:54)
	at org.apache.hadoop.ozone.client.rpc.TestBlockOutputStreamWithFailures.testFailureWithPrimeSizedData(TestBlockOutputStreamWithFailures.java:599)
	at sun.reflect.NativeMethodAccessorImpl.invoke0(Native Method)
	at sun.reflect.NativeMethodAccessorImpl.invoke(NativeMethodAccessorImpl.java:62)
	at sun.reflect.DelegatingMethodAccessorImpl.invoke(DelegatingMethodAccessorImpl.java:43)
	at java.lang.reflect.Method.invoke(Method.java:498)
	at org.junit.runners.model.FrameworkMethod$1.runReflectiveCall(FrameworkMethod.java:47)
	at org.junit.internal.runners.model.ReflectiveCallable.run(ReflectiveCallable.java:12)
	at org.junit.runners.model.FrameworkMethod.invokeExplosively(FrameworkMethod.java:44)
	at org.junit.internal.runners.statements.InvokeMethod.evaluate(InvokeMethod.java:17)
	at org.junit.internal.runners.statements.RunBefores.evaluate(RunBefores.java:26)
	at org.junit.internal.runners.statements.RunAfters.evaluate(RunAfters.java:27)
	at org.junit.runners.ParentRunner.runLeaf(ParentRunner.java:271)
	at org.junit.runners.BlockJUnit4ClassRunner.runChild(BlockJUnit4ClassRunner.java:70)
	at org.junit.runners.BlockJUnit4ClassRunner.runChild(BlockJUnit4ClassRunner.java:50)
	at org.junit.runners.ParentRunner$3.run(ParentRunner.java:238)
	at org.junit.runners.ParentRunner$1.schedule(ParentRunner.java:63)
	at org.junit.runners.ParentRunner.runChildren(ParentRunner.java:236)
	at org.junit.runners.ParentRunner.access$000(ParentRunner.java:53)
	at org.junit.runners.ParentRunner$2.evaluate(ParentRunner.java:229)
	at org.junit.runners.ParentRunner.run(ParentRunner.java:309)
	at org.apache.maven.surefire.junit4.JUnit4Provider.execute(JUnit4Provider.java:365)
	at org.apache.maven.surefire.junit4.JUnit4Provider.executeWithRerun(JUnit4Provider.java:273)
	at org.apache.maven.surefire.junit4.JUnit4Provider.executeTestSet(JUnit4Provider.java:238)
	at org.apache.maven.surefire.junit4.JUnit4Provider.invoke(JUnit4Provider.java:159)
	at org.apache.maven.surefire.booter.ForkedBooter.invokeProviderInSameClassLoader(ForkedBooter.java:384)
	at org.apache.maven.surefire.booter.ForkedBooter.runSuitesInProcess(ForkedBooter.java:345)
	at org.apache.maven.surefire.booter.ForkedBooter.execute(ForkedBooter.java:126)
	at org.apache.maven.surefire.booter.ForkedBooter.main(ForkedBooter.java:418)
2019-08-29 08:24:10,353 | INFO  | SCMAudit | user=jenkins1000 | ip=192.168.69.89 | op=SEND_HEARTBEAT {datanodeUUID=ee5c7872-3dc8-4a1b-b96f-cbf662dd320f, command=[]} | ret=SUCCESS |  
2019-08-29 08:24:10,549 | INFO  | SCMAudit | user=jenkins1000 | ip=192.168.69.89 | op=SEND_HEARTBEAT {datanodeUUID=f3af49b3-6b43-4dcd-87a2-e9c9c1638f7b, command=[]} | ret=SUCCESS |  
2019-08-29 08:24:10,634 | INFO  | SCMAudit | user=jenkins1000 | ip=192.168.69.89 | op=SEND_HEARTBEAT {datanodeUUID=3d0c9a1e-aae8-443e-a7b0-45fa20dec0f4, command=[]} | ret=SUCCESS |  
2019-08-29 08:24:11,104 | INFO  | SCMAudit | user=jenkins1000 | ip=192.168.69.89 | op=SEND_HEARTBEAT {datanodeUUID=2bf2abbb-f03d-4b0e-b27d-2c376d4bd519, command=[]} | ret=SUCCESS |  
2019-08-29 08:24:11,104 | INFO  | SCMAudit | user=jenkins1000 | ip=192.168.69.89 | op=SEND_HEARTBEAT {datanodeUUID=4e4fc70f-7137-48e5-bce3-ed99a5fefc67, command=[]} | ret=SUCCESS |  
2019-08-29 08:24:11,104 | INFO  | SCMAudit | user=jenkins1000 | ip=192.168.69.89 | op=SEND_HEARTBEAT {datanodeUUID=94e856c7-b0ce-4c30-ba6b-01ce82d994d4, command=[]} | ret=SUCCESS |  
2019-08-29 08:24:11,153 | INFO  | SCMAudit | user=jenkins1000 | ip=192.168.69.89 | op=SEND_HEARTBEAT {datanodeUUID=0fa1021d-9840-440b-95fc-3f35327e9810, command=[]} | ret=SUCCESS |  
2019-08-29 08:24:11,232 [main] WARN  storage.CommitWatcher (CommitWatcher.java:watchForCommit(203)) - watchForCommit failed for index 4
java.util.concurrent.TimeoutException
	at java.util.concurrent.CompletableFuture.timedGet(CompletableFuture.java:1771)
	at java.util.concurrent.CompletableFuture.get(CompletableFuture.java:1915)
	at org.apache.hadoop.hdds.scm.XceiverClientRatis.watchForCommit(XceiverClientRatis.java:268)
	at org.apache.hadoop.hdds.scm.storage.CommitWatcher.watchForCommit(CommitWatcher.java:194)
	at org.apache.hadoop.hdds.scm.storage.CommitWatcher.watchOnLastIndex(CommitWatcher.java:157)
	at org.apache.hadoop.hdds.scm.storage.BlockOutputStream.watchForCommit(BlockOutputStream.java:347)
	at org.apache.hadoop.hdds.scm.storage.BlockOutputStream.handleFlush(BlockOutputStream.java:479)
	at org.apache.hadoop.hdds.scm.storage.BlockOutputStream.flush(BlockOutputStream.java:428)
	at org.apache.hadoop.ozone.client.io.BlockOutputStreamEntry.flush(BlockOutputStreamEntry.java:136)
	at org.apache.hadoop.ozone.client.io.KeyOutputStream.handleFlushOrClose(KeyOutputStream.java:442)
	at org.apache.hadoop.ozone.client.io.KeyOutputStream.flush(KeyOutputStream.java:396)
	at org.apache.hadoop.ozone.client.io.OzoneOutputStream.flush(OzoneOutputStream.java:54)
	at org.apache.hadoop.ozone.client.rpc.TestBlockOutputStreamWithFailures.testFailureWithPrimeSizedData(TestBlockOutputStreamWithFailures.java:599)
	at sun.reflect.NativeMethodAccessorImpl.invoke0(Native Method)
	at sun.reflect.NativeMethodAccessorImpl.invoke(NativeMethodAccessorImpl.java:62)
	at sun.reflect.DelegatingMethodAccessorImpl.invoke(DelegatingMethodAccessorImpl.java:43)
	at java.lang.reflect.Method.invoke(Method.java:498)
	at org.junit.runners.model.FrameworkMethod$1.runReflectiveCall(FrameworkMethod.java:47)
	at org.junit.internal.runners.model.ReflectiveCallable.run(ReflectiveCallable.java:12)
	at org.junit.runners.model.FrameworkMethod.invokeExplosively(FrameworkMethod.java:44)
	at org.junit.internal.runners.statements.InvokeMethod.evaluate(InvokeMethod.java:17)
	at org.junit.internal.runners.statements.RunBefores.evaluate(RunBefores.java:26)
	at org.junit.internal.runners.statements.RunAfters.evaluate(RunAfters.java:27)
	at org.junit.runners.ParentRunner.runLeaf(ParentRunner.java:271)
	at org.junit.runners.BlockJUnit4ClassRunner.runChild(BlockJUnit4ClassRunner.java:70)
	at org.junit.runners.BlockJUnit4ClassRunner.runChild(BlockJUnit4ClassRunner.java:50)
	at org.junit.runners.ParentRunner$3.run(ParentRunner.java:238)
	at org.junit.runners.ParentRunner$1.schedule(ParentRunner.java:63)
	at org.junit.runners.ParentRunner.runChildren(ParentRunner.java:236)
	at org.junit.runners.ParentRunner.access$000(ParentRunner.java:53)
	at org.junit.runners.ParentRunner$2.evaluate(ParentRunner.java:229)
	at org.junit.runners.ParentRunner.run(ParentRunner.java:309)
	at org.apache.maven.surefire.junit4.JUnit4Provider.execute(JUnit4Provider.java:365)
	at org.apache.maven.surefire.junit4.JUnit4Provider.executeWithRerun(JUnit4Provider.java:273)
	at org.apache.maven.surefire.junit4.JUnit4Provider.executeTestSet(JUnit4Provider.java:238)
	at org.apache.maven.surefire.junit4.JUnit4Provider.invoke(JUnit4Provider.java:159)
	at org.apache.maven.surefire.booter.ForkedBooter.invokeProviderInSameClassLoader(ForkedBooter.java:384)
	at org.apache.maven.surefire.booter.ForkedBooter.runSuitesInProcess(ForkedBooter.java:345)
	at org.apache.maven.surefire.booter.ForkedBooter.execute(ForkedBooter.java:126)
	at org.apache.maven.surefire.booter.ForkedBooter.main(ForkedBooter.java:418)
2019-08-29 08:24:11,234 [main] WARN  io.KeyOutputStream (KeyOutputStream.java:handleException(276)) - Encountered exception java.io.IOException: Unexpected Storage Container Exception: java.io.IOException: Unexpected Storage Container Exception: java.util.concurrent.TimeoutException on the pipeline Pipeline[ Id: c28299d6-49f7-41c4-8395-8b1667b5e62e, Nodes: 4e4fc70f-7137-48e5-bce3-ed99a5fefc67{ip: 192.168.69.89, host: pr-hdds-1569-7rqkn-550228749, networkLocation: /default-rack, certSerialId: null}2bf2abbb-f03d-4b0e-b27d-2c376d4bd519{ip: 192.168.69.89, host: pr-hdds-1569-7rqkn-550228749, networkLocation: /default-rack, certSerialId: null}94e856c7-b0ce-4c30-ba6b-01ce82d994d4{ip: 192.168.69.89, host: pr-hdds-1569-7rqkn-550228749, networkLocation: /default-rack, certSerialId: null}, Type:RATIS, Factor:THREE, State:OPEN]. The last committed block length is 0, uncommitted data length is 167 retry count 0
2019-08-29 08:24:11,250 | INFO  | SCMAudit | user=jenkins1000 | ip=192.168.69.89 | op=ALLOCATE_BLOCK {owner=86beef07-fd33-462a-80a0-7dddeb3f2e13, size=800, type=RATIS, factor=THREE} | ret=SUCCESS |  
2019-08-29 08:24:11,251 | INFO  | OMAudit | user=jenkins1000 | ip=127.0.0.1 | op=ALLOCATE_BLOCK {volume=testblockoutputstream, bucket=testblockoutputstream, key=a9a601fa-0243-4221-a51c-88dfda7c443c, dataSize=0, replicationType=null, replicationFactor=null, keyLocationInfo=null, clientID=102699305448636432} | ret=SUCCESS |  
2019-08-29 08:24:11,261 [grpc-default-executor-12] INFO  client.GrpcClientProtocolClient (GrpcClientProtocolClient.java:onNext(255)) - client-4A2391D15C58->0fa1021d-9840-440b-95fc-3f35327e9810: receive RaftClientReply:client-4A2391D15C58->0fa1021d-9840-440b-95fc-3f35327e9810@group-EBBB911C96B3, cid=220, FAILED org.apache.ratis.protocol.NotLeaderException: Server 0fa1021d-9840-440b-95fc-3f35327e9810 is not the leader (ee5c7872-3dc8-4a1b-b96f-cbf662dd320f:192.168.69.89:41195). Request must be sent to leader., logIndex=0, commits[0fa1021d-9840-440b-95fc-3f35327e9810:c0, f3af49b3-6b43-4dcd-87a2-e9c9c1638f7b:c0, ee5c7872-3dc8-4a1b-b96f-cbf662dd320f:c0]
2019-08-29 08:24:11,353 | INFO  | SCMAudit | user=jenkins1000 | ip=192.168.69.89 | op=SEND_HEARTBEAT {datanodeUUID=ee5c7872-3dc8-4a1b-b96f-cbf662dd320f, command=[]} | ret=SUCCESS |  
2019-08-29 08:24:11,429 | INFO  | DNAudit | user=null | ip=null | op=WRITE_CHUNK {blockData=conID: 2 locID: 102699306270720018 bcsId: 0} | ret=SUCCESS |  
2019-08-29 08:24:11,429 | INFO  | SCMAudit | user=jenkins1000 | ip=192.168.69.89 | op=SEND_HEARTBEAT {datanodeUUID=ee5c7872-3dc8-4a1b-b96f-cbf662dd320f, command=[]} | ret=SUCCESS |  
2019-08-29 08:24:11,452 | INFO  | SCMAudit | user=jenkins1000 | ip=192.168.69.89 | op=SEND_HEARTBEAT {datanodeUUID=f3af49b3-6b43-4dcd-87a2-e9c9c1638f7b, command=[]} | ret=SUCCESS |  
2019-08-29 08:24:11,452 | INFO  | SCMAudit | user=jenkins1000 | ip=192.168.69.89 | op=SEND_HEARTBEAT {datanodeUUID=0fa1021d-9840-440b-95fc-3f35327e9810, command=[]} | ret=SUCCESS |  
2019-08-29 08:24:11,461 | INFO  | DNAudit | user=null | ip=null | op=WRITE_CHUNK {blockData=conID: 2 locID: 102699306270720018 bcsId: 0} | ret=SUCCESS |  
2019-08-29 08:24:11,461 | INFO  | DNAudit | user=null | ip=null | op=WRITE_CHUNK {blockData=conID: 2 locID: 102699306270720018 bcsId: 0} | ret=SUCCESS |  
2019-08-29 08:24:11,484 | INFO  | DNAudit | user=null | ip=null | op=WRITE_CHUNK {blockData=conID: 2 locID: 102699306270720018 bcsId: 0} | ret=SUCCESS |  
2019-08-29 08:24:11,488 | INFO  | DNAudit | user=null | ip=null | op=WRITE_CHUNK {blockData=conID: 2 locID: 102699306270720018 bcsId: 0} | ret=SUCCESS |  
2019-08-29 08:24:11,488 [grpc-default-executor-10] INFO  client.GrpcClientProtocolClient (GrpcClientProtocolClient.java:onNext(255)) - client-4A2391D15C58->ee5c7872-3dc8-4a1b-b96f-cbf662dd320f: receive RaftClientReply:client-4A2391D15C58->ee5c7872-3dc8-4a1b-b96f-cbf662dd320f@group-EBBB911C96B3, cid=220, SUCCESS, logIndex=1, commits[ee5c7872-3dc8-4a1b-b96f-cbf662dd320f:c1, f3af49b3-6b43-4dcd-87a2-e9c9c1638f7b:c0, 0fa1021d-9840-440b-95fc-3f35327e9810:c0]
2019-08-29 08:24:11,488 | INFO  | DNAudit | user=null | ip=null | op=WRITE_CHUNK {blockData=conID: 2 locID: 102699306270720018 bcsId: 0} | ret=SUCCESS |  
2019-08-29 08:24:11,492 | INFO  | DNAudit | user=null | ip=null | op=WRITE_CHUNK {blockData=conID: 2 locID: 102699306270720018 bcsId: 0} | ret=SUCCESS |  
2019-08-29 08:24:11,493 | INFO  | DNAudit | user=null | ip=null | op=WRITE_CHUNK {blockData=conID: 2 locID: 102699306270720018 bcsId: 0} | ret=SUCCESS |  
2019-08-29 08:24:11,493 | INFO  | DNAudit | user=null | ip=null | op=WRITE_CHUNK {blockData=conID: 2 locID: 102699306270720018 bcsId: 0} | ret=SUCCESS |  
2019-08-29 08:24:11,501 | INFO  | DNAudit | user=null | ip=null | op=WRITE_CHUNK {blockData=conID: 2 locID: 102699306270720018 bcsId: 0} | ret=SUCCESS |  
2019-08-29 08:24:11,504 [grpc-default-executor-7] INFO  client.GrpcClientProtocolClient (GrpcClientProtocolClient.java:onNext(255)) - client-4A2391D15C58->ee5c7872-3dc8-4a1b-b96f-cbf662dd320f: receive RaftClientReply:client-4A2391D15C58->ee5c7872-3dc8-4a1b-b96f-cbf662dd320f@group-EBBB911C96B3, cid=221, SUCCESS, logIndex=3, commits[ee5c7872-3dc8-4a1b-b96f-cbf662dd320f:c4, f3af49b3-6b43-4dcd-87a2-e9c9c1638f7b:c2, 0fa1021d-9840-440b-95fc-3f35327e9810:c2]
2019-08-29 08:24:11,515 | INFO  | DNAudit | user=null | ip=null | op=WRITE_CHUNK {blockData=conID: 2 locID: 102699306270720018 bcsId: 0} | ret=SUCCESS |  
2019-08-29 08:24:11,515 | INFO  | DNAudit | user=null | ip=null | op=WRITE_CHUNK {blockData=conID: 2 locID: 102699306270720018 bcsId: 0} | ret=SUCCESS |  
2019-08-29 08:24:11,578 | INFO  | DNAudit | user=null | ip=null | op=PUT_BLOCK {blockData=[blockId=conID: 2 locID: 102699306270720018 bcsId: 0,size=167]} | ret=SUCCESS |  
2019-08-29 08:24:11,580 [grpc-default-executor-7] INFO  client.GrpcClientProtocolClient (GrpcClientProtocolClient.java:onNext(255)) - client-4A2391D15C58->ee5c7872-3dc8-4a1b-b96f-cbf662dd320f: receive RaftClientReply:client-4A2391D15C58->ee5c7872-3dc8-4a1b-b96f-cbf662dd320f@group-EBBB911C96B3, cid=222, SUCCESS, logIndex=4, commits[ee5c7872-3dc8-4a1b-b96f-cbf662dd320f:c6, f3af49b3-6b43-4dcd-87a2-e9c9c1638f7b:c4, 0fa1021d-9840-440b-95fc-3f35327e9810:c4]
2019-08-29 08:24:11,581 [main] INFO  ozone.MiniOzoneClusterImpl (MiniOzoneClusterImpl.java:shutdown(321)) - Shutting down the Mini Ozone Cluster
2019-08-29 08:24:11,581 | INFO  | SCMAudit | user=null | ip=null | op=GET_SCM_INFO null | ret=SUCCESS |  
2019-08-29 08:24:11,581 [main] INFO  ozone.MiniOzoneClusterImpl (MiniOzoneClusterImpl.java:stop(336)) - Stopping the Mini Ozone Cluster
2019-08-29 08:24:11,581 [main] INFO  ozone.MiniOzoneClusterImpl (MiniOzoneClusterImpl.java:stop(338)) - Stopping the OzoneManager
2019-08-29 08:24:11,581 [main] INFO  ipc.Server (Server.java:stop(3082)) - Stopping server on 42293
2019-08-29 08:24:11,591 [IPC Server listener on 42293] INFO  ipc.Server (Server.java:run(1185)) - Stopping IPC Server listener on 42293
2019-08-29 08:24:11,593 [main] INFO  ratis.OzoneManagerDoubleBuffer (OzoneManagerDoubleBuffer.java:stop(248)) - Stopping OMDoubleBuffer flush thread
2019-08-29 08:24:11,593 [IPC Server Responder] INFO  ipc.Server (Server.java:run(1319)) - Stopping IPC Server Responder
2019-08-29 08:24:11,607 [OMDoubleBufferFlushThread] INFO  ratis.OzoneManagerDoubleBuffer (OzoneManagerDoubleBuffer.java:flushTransactions(191)) - OMDoubleBuffer flush thread OMDoubleBufferFlushThread is interrupted and will exit. OMDoubleBufferFlushThread
2019-08-29 08:24:11,607 [main] INFO  utils.BackgroundService (BackgroundService.java:shutdown(148)) - Shutting down service KeyDeletingService
2019-08-29 08:24:11,608 [main] INFO  handler.ContextHandler (ContextHandler.java:doStop(910)) - Stopped o.e.j.w.WebAppContext@5146ae5e{/,null,UNAVAILABLE}{/ozoneManager}
2019-08-29 08:24:11,608 [main] INFO  server.AbstractConnector (AbstractConnector.java:doStop(318)) - Stopped ServerConnector@642270ad{HTTP/1.1,[http/1.1]}{0.0.0.0:0}
2019-08-29 08:24:11,609 [main] INFO  handler.ContextHandler (ContextHandler.java:doStop(910)) - Stopped o.e.j.s.ServletContextHandler@5963a2c9{/static,file:///workdir/hadoop-ozone/integration-test/target/test-classes/webapps/static,UNAVAILABLE}
2019-08-29 08:24:11,609 [main] INFO  handler.ContextHandler (ContextHandler.java:doStop(910)) - Stopped o.e.j.s.ServletContextHandler@14972600{/logs,file:///workdir/hadoop-ozone/integration-test/target/log,UNAVAILABLE}
2019-08-29 08:24:11,612 [main] INFO  ozone.MiniOzoneClusterImpl (MiniOzoneClusterImpl.java:stop(344)) - Shutting the HddsDatanodes
2019-08-29 08:24:11,612 [main] INFO  datanode.ObjectStoreHandler (ObjectStoreHandler.java:close(155)) - Closing ObjectStoreHandler.
2019-08-29 08:24:11,612 [ForkJoinPool.commonPool-worker-1] INFO  datanode.ObjectStoreHandler (ObjectStoreHandler.java:close(155)) - Closing ObjectStoreHandler.
2019-08-29 08:24:11,612 [main] INFO  ozone.HddsDatanodeService (HddsDatanodeService.java:stop(451)) - Stopped plug-in org.apache.hadoop.ozone.web.OzoneHddsDatanodeService@29e40db1
2019-08-29 08:24:11,612 [ForkJoinPool.commonPool-worker-1] INFO  ozone.HddsDatanodeService (HddsDatanodeService.java:stop(451)) - Stopped plug-in org.apache.hadoop.ozone.web.OzoneHddsDatanodeService@5c934077
2019-08-29 08:24:11,635 | INFO  | SCMAudit | user=jenkins1000 | ip=192.168.69.89 | op=SEND_HEARTBEAT {datanodeUUID=3d0c9a1e-aae8-443e-a7b0-45fa20dec0f4, command=[]} | ret=SUCCESS |  
2019-08-29 08:24:11,640 [grpc-default-executor-10] INFO  client.GrpcClientProtocolClient (GrpcClientProtocolClient.java:onNext(255)) - client-5FE936BE1C89->4e4fc70f-7137-48e5-bce3-ed99a5fefc67: receive RaftClientReply:client-5FE936BE1C89->4e4fc70f-7137-48e5-bce3-ed99a5fefc67@group-8B1667B5E62E, cid=219, SUCCESS, logIndex=0, commits[4e4fc70f-7137-48e5-bce3-ed99a5fefc67:c6, 2bf2abbb-f03d-4b0e-b27d-2c376d4bd519:c6, 94e856c7-b0ce-4c30-ba6b-01ce82d994d4:c3]
2019-08-29 08:24:11,641 [grpc-default-executor-10] INFO  client.GrpcClientProtocolClient (GrpcClientProtocolClient.java:onNext(255)) - client-5FE936BE1C89->4e4fc70f-7137-48e5-bce3-ed99a5fefc67: receive RaftClientReply:client-5FE936BE1C89->4e4fc70f-7137-48e5-bce3-ed99a5fefc67@group-8B1667B5E62E, cid=218, SUCCESS, logIndex=0, commits[4e4fc70f-7137-48e5-bce3-ed99a5fefc67:c6, 2bf2abbb-f03d-4b0e-b27d-2c376d4bd519:c6, 94e856c7-b0ce-4c30-ba6b-01ce82d994d4:c6]
2019-08-29 08:24:11,643 | INFO  | DNAudit | user=null | ip=null | op=PUT_BLOCK {blockData=[blockId=conID: 2 locID: 102699306270720018 bcsId: 0,size=167]} | ret=SUCCESS |  
2019-08-29 08:24:11,714 | INFO  | DNAudit | user=null | ip=null | op=PUT_BLOCK {blockData=[blockId=conID: 2 locID: 102699306270720018 bcsId: 0,size=167]} | ret=SUCCESS |  
2019-08-29 08:24:11,788 | INFO  | DNAudit | user=null | ip=null | op=PUT_BLOCK {blockData=[blockId=conID: 1 locID: 102699305448701969 bcsId: 0,size=167]} | ret=SUCCESS |  
2019-08-29 08:24:11,836 | INFO  | DNAudit | user=null | ip=null | op=PUT_BLOCK {blockData=[blockId=conID: 1 locID: 102699305448701969 bcsId: 0,size=167]} | ret=SUCCESS |  
2019-08-29 08:24:12,103 [Datanode State Machine Thread - 0] INFO  statemachine.DatanodeStateMachine (DatanodeStateMachine.java:lambda$startDaemon$0(350)) - Ozone container server started.
2019-08-29 08:24:12,104 | INFO  | SCMAudit | user=jenkins1000 | ip=192.168.69.89 | op=SEND_HEARTBEAT {datanodeUUID=2bf2abbb-f03d-4b0e-b27d-2c376d4bd519, command=[]} | ret=SUCCESS |  
2019-08-29 08:24:12,104 | INFO  | SCMAudit | user=jenkins1000 | ip=192.168.69.89 | op=SEND_HEARTBEAT {datanodeUUID=94e856c7-b0ce-4c30-ba6b-01ce82d994d4, command=[]} | ret=SUCCESS |  
2019-08-29 08:24:12,428 [Datanode State Machine Thread - 0] INFO  statemachine.DatanodeStateMachine (DatanodeStateMachine.java:lambda$startDaemon$0(350)) - Ozone container server started.
2019-08-29 08:24:12,452 | INFO  | SCMAudit | user=jenkins1000 | ip=192.168.69.89 | op=SEND_HEARTBEAT {datanodeUUID=0fa1021d-9840-440b-95fc-3f35327e9810, command=[]} | ret=SUCCESS |  
2019-08-29 08:24:12,452 | INFO  | SCMAudit | user=jenkins1000 | ip=192.168.69.89 | op=SEND_HEARTBEAT {datanodeUUID=f3af49b3-6b43-4dcd-87a2-e9c9c1638f7b, command=[]} | ret=SUCCESS |  
2019-08-29 08:24:12,634 | INFO  | SCMAudit | user=jenkins1000 | ip=192.168.69.89 | op=SEND_HEARTBEAT {datanodeUUID=3d0c9a1e-aae8-443e-a7b0-45fa20dec0f4, command=[]} | ret=SUCCESS |  
2019-08-29 08:24:13,104 | INFO  | SCMAudit | user=jenkins1000 | ip=192.168.69.89 | op=SEND_HEARTBEAT {datanodeUUID=2bf2abbb-f03d-4b0e-b27d-2c376d4bd519, command=[]} | ret=SUCCESS |  
2019-08-29 08:24:13,104 | INFO  | SCMAudit | user=jenkins1000 | ip=192.168.69.89 | op=SEND_HEARTBEAT {datanodeUUID=94e856c7-b0ce-4c30-ba6b-01ce82d994d4, command=[]} | ret=SUCCESS |  
2019-08-29 08:24:13,452 | INFO  | SCMAudit | user=jenkins1000 | ip=192.168.69.89 | op=SEND_HEARTBEAT {datanodeUUID=f3af49b3-6b43-4dcd-87a2-e9c9c1638f7b, command=[]} | ret=SUCCESS |  
2019-08-29 08:24:13,453 | INFO  | SCMAudit | user=jenkins1000 | ip=192.168.69.89 | op=SEND_HEARTBEAT {datanodeUUID=0fa1021d-9840-440b-95fc-3f35327e9810, command=[]} | ret=SUCCESS |  
2019-08-29 08:24:13,634 | INFO  | SCMAudit | user=jenkins1000 | ip=192.168.69.89 | op=SEND_HEARTBEAT {datanodeUUID=3d0c9a1e-aae8-443e-a7b0-45fa20dec0f4, command=[]} | ret=SUCCESS |  
2019-08-29 08:24:14,104 | INFO  | SCMAudit | user=jenkins1000 | ip=192.168.69.89 | op=SEND_HEARTBEAT {datanodeUUID=94e856c7-b0ce-4c30-ba6b-01ce82d994d4, command=[]} | ret=SUCCESS |  
2019-08-29 08:24:14,104 | INFO  | SCMAudit | user=jenkins1000 | ip=192.168.69.89 | op=SEND_HEARTBEAT {datanodeUUID=2bf2abbb-f03d-4b0e-b27d-2c376d4bd519, command=[]} | ret=SUCCESS |  
2019-08-29 08:24:14,452 | INFO  | SCMAudit | user=jenkins1000 | ip=192.168.69.89 | op=SEND_HEARTBEAT {datanodeUUID=f3af49b3-6b43-4dcd-87a2-e9c9c1638f7b, command=[]} | ret=SUCCESS |  
2019-08-29 08:24:14,453 | INFO  | SCMAudit | user=jenkins1000 | ip=192.168.69.89 | op=SEND_HEARTBEAT {datanodeUUID=0fa1021d-9840-440b-95fc-3f35327e9810, command=[]} | ret=SUCCESS |  
2019-08-29 08:24:14,634 | INFO  | SCMAudit | user=jenkins1000 | ip=192.168.69.89 | op=SEND_HEARTBEAT {datanodeUUID=3d0c9a1e-aae8-443e-a7b0-45fa20dec0f4, command=[]} | ret=SUCCESS |  
2019-08-29 08:24:15,104 | INFO  | SCMAudit | user=jenkins1000 | ip=192.168.69.89 | op=SEND_HEARTBEAT {datanodeUUID=94e856c7-b0ce-4c30-ba6b-01ce82d994d4, command=[]} | ret=SUCCESS |  
2019-08-29 08:24:15,104 | INFO  | SCMAudit | user=jenkins1000 | ip=192.168.69.89 | op=SEND_HEARTBEAT {datanodeUUID=2bf2abbb-f03d-4b0e-b27d-2c376d4bd519, command=[]} | ret=SUCCESS |  
2019-08-29 08:24:15,452 | INFO  | SCMAudit | user=jenkins1000 | ip=192.168.69.89 | op=SEND_HEARTBEAT {datanodeUUID=0fa1021d-9840-440b-95fc-3f35327e9810, command=[]} | ret=SUCCESS |  
2019-08-29 08:24:15,452 | INFO  | SCMAudit | user=jenkins1000 | ip=192.168.69.89 | op=SEND_HEARTBEAT {datanodeUUID=f3af49b3-6b43-4dcd-87a2-e9c9c1638f7b, command=[]} | ret=SUCCESS |  
2019-08-29 08:24:15,634 | INFO  | SCMAudit | user=jenkins1000 | ip=192.168.69.89 | op=SEND_HEARTBEAT {datanodeUUID=3d0c9a1e-aae8-443e-a7b0-45fa20dec0f4, command=[]} | ret=SUCCESS |  
2019-08-29 08:24:16,104 | INFO  | SCMAudit | user=jenkins1000 | ip=192.168.69.89 | op=SEND_HEARTBEAT {datanodeUUID=2bf2abbb-f03d-4b0e-b27d-2c376d4bd519, command=[]} | ret=SUCCESS |  
2019-08-29 08:24:16,104 | INFO  | SCMAudit | user=jenkins1000 | ip=192.168.69.89 | op=SEND_HEARTBEAT {datanodeUUID=94e856c7-b0ce-4c30-ba6b-01ce82d994d4, command=[]} | ret=SUCCESS |  
2019-08-29 08:24:16,144 [EventQueue-StaleNodeForStaleNodeHandler] INFO  node.StaleNodeHandler (StaleNodeHandler.java:onMessage(58)) - Datanode 4e4fc70f-7137-48e5-bce3-ed99a5fefc67{ip: 192.168.69.89, host: pr-hdds-1569-7rqkn-550228749, networkLocation: /default-rack, certSerialId: null} moved to stale state. Finalizing its pipelines [PipelineID=e464f32e-bc41-4d3b-87cd-02717421c58f, PipelineID=c28299d6-49f7-41c4-8395-8b1667b5e62e]
2019-08-29 08:24:16,144 [EventQueue-StaleNodeForStaleNodeHandler] INFO  pipeline.SCMPipelineManager (SCMPipelineManager.java:finalizeAndDestroyPipeline(309)) - destroying pipeline:Pipeline[ Id: e464f32e-bc41-4d3b-87cd-02717421c58f, Nodes: 4e4fc70f-7137-48e5-bce3-ed99a5fefc67{ip: 192.168.69.89, host: pr-hdds-1569-7rqkn-550228749, networkLocation: /default-rack, certSerialId: null}, Type:RATIS, Factor:ONE, State:OPEN]
2019-08-29 08:24:16,144 [EventQueue-StaleNodeForStaleNodeHandler] INFO  pipeline.PipelineStateManager (PipelineStateManager.java:finalizePipeline(123)) - Pipeline Pipeline[ Id: e464f32e-bc41-4d3b-87cd-02717421c58f, Nodes: 4e4fc70f-7137-48e5-bce3-ed99a5fefc67{ip: 192.168.69.89, host: pr-hdds-1569-7rqkn-550228749, networkLocation: /default-rack, certSerialId: null}, Type:RATIS, Factor:ONE, State:CLOSED] moved to CLOSED state
2019-08-29 08:24:16,145 [EventQueue-StaleNodeForStaleNodeHandler] INFO  pipeline.SCMPipelineManager (SCMPipelineManager.java:finalizeAndDestroyPipeline(309)) - destroying pipeline:Pipeline[ Id: c28299d6-49f7-41c4-8395-8b1667b5e62e, Nodes: 4e4fc70f-7137-48e5-bce3-ed99a5fefc67{ip: 192.168.69.89, host: pr-hdds-1569-7rqkn-550228749, networkLocation: /default-rack, certSerialId: null}2bf2abbb-f03d-4b0e-b27d-2c376d4bd519{ip: 192.168.69.89, host: pr-hdds-1569-7rqkn-550228749, networkLocation: /default-rack, certSerialId: null}94e856c7-b0ce-4c30-ba6b-01ce82d994d4{ip: 192.168.69.89, host: pr-hdds-1569-7rqkn-550228749, networkLocation: /default-rack, certSerialId: null}, Type:RATIS, Factor:THREE, State:OPEN]
2019-08-29 08:24:16,145 [EventQueue-StaleNodeForStaleNodeHandler] INFO  pipeline.PipelineStateManager (PipelineStateManager.java:finalizePipeline(123)) - Pipeline Pipeline[ Id: c28299d6-49f7-41c4-8395-8b1667b5e62e, Nodes: 4e4fc70f-7137-48e5-bce3-ed99a5fefc67{ip: 192.168.69.89, host: pr-hdds-1569-7rqkn-550228749, networkLocation: /default-rack, certSerialId: null}2bf2abbb-f03d-4b0e-b27d-2c376d4bd519{ip: 192.168.69.89, host: pr-hdds-1569-7rqkn-550228749, networkLocation: /default-rack, certSerialId: null}94e856c7-b0ce-4c30-ba6b-01ce82d994d4{ip: 192.168.69.89, host: pr-hdds-1569-7rqkn-550228749, networkLocation: /default-rack, certSerialId: null}, Type:RATIS, Factor:THREE, State:CLOSED] moved to CLOSED state
2019-08-29 08:24:16,145 [EventQueue-CloseContainerForCloseContainerEventHandler] INFO  container.CloseContainerEventHandler (CloseContainerEventHandler.java:onMessage(61)) - Close container Event triggered for container : #1
2019-08-29 08:24:16,444 [EventQueue-StaleNodeForStaleNodeHandler] INFO  node.StaleNodeHandler (StaleNodeHandler.java:onMessage(58)) - Datanode ee5c7872-3dc8-4a1b-b96f-cbf662dd320f{ip: 192.168.69.89, host: pr-hdds-1569-7rqkn-550228749, networkLocation: /default-rack, certSerialId: null} moved to stale state. Finalizing its pipelines [PipelineID=1518785e-b0e4-4a52-a5c0-9f278ce958ce, PipelineID=a06ce0ce-00b7-4c4f-86b9-ebbb911c96b3]
2019-08-29 08:24:16,444 [EventQueue-StaleNodeForStaleNodeHandler] INFO  pipeline.SCMPipelineManager (SCMPipelineManager.java:finalizeAndDestroyPipeline(309)) - destroying pipeline:Pipeline[ Id: 1518785e-b0e4-4a52-a5c0-9f278ce958ce, Nodes: ee5c7872-3dc8-4a1b-b96f-cbf662dd320f{ip: 192.168.69.89, host: pr-hdds-1569-7rqkn-550228749, networkLocation: /default-rack, certSerialId: null}, Type:RATIS, Factor:ONE, State:OPEN]
2019-08-29 08:24:16,444 [EventQueue-StaleNodeForStaleNodeHandler] INFO  pipeline.PipelineStateManager (PipelineStateManager.java:finalizePipeline(123)) - Pipeline Pipeline[ Id: 1518785e-b0e4-4a52-a5c0-9f278ce958ce, Nodes: ee5c7872-3dc8-4a1b-b96f-cbf662dd320f{ip: 192.168.69.89, host: pr-hdds-1569-7rqkn-550228749, networkLocation: /default-rack, certSerialId: null}, Type:RATIS, Factor:ONE, State:CLOSED] moved to CLOSED state
2019-08-29 08:24:16,445 [EventQueue-StaleNodeForStaleNodeHandler] INFO  pipeline.SCMPipelineManager (SCMPipelineManager.java:finalizeAndDestroyPipeline(309)) - destroying pipeline:Pipeline[ Id: a06ce0ce-00b7-4c4f-86b9-ebbb911c96b3, Nodes: 0fa1021d-9840-440b-95fc-3f35327e9810{ip: 192.168.69.89, host: pr-hdds-1569-7rqkn-550228749, networkLocation: /default-rack, certSerialId: null}f3af49b3-6b43-4dcd-87a2-e9c9c1638f7b{ip: 192.168.69.89, host: pr-hdds-1569-7rqkn-550228749, networkLocation: /default-rack, certSerialId: null}ee5c7872-3dc8-4a1b-b96f-cbf662dd320f{ip: 192.168.69.89, host: pr-hdds-1569-7rqkn-550228749, networkLocation: /default-rack, certSerialId: null}, Type:RATIS, Factor:THREE, State:OPEN]
2019-08-29 08:24:16,445 [EventQueue-StaleNodeForStaleNodeHandler] INFO  pipeline.PipelineStateManager (PipelineStateManager.java:finalizePipeline(123)) - Pipeline Pipeline[ Id: a06ce0ce-00b7-4c4f-86b9-ebbb911c96b3, Nodes: 0fa1021d-9840-440b-95fc-3f35327e9810{ip: 192.168.69.89, host: pr-hdds-1569-7rqkn-550228749, networkLocation: /default-rack, certSerialId: null}f3af49b3-6b43-4dcd-87a2-e9c9c1638f7b{ip: 192.168.69.89, host: pr-hdds-1569-7rqkn-550228749, networkLocation: /default-rack, certSerialId: null}ee5c7872-3dc8-4a1b-b96f-cbf662dd320f{ip: 192.168.69.89, host: pr-hdds-1569-7rqkn-550228749, networkLocation: /default-rack, certSerialId: null}, Type:RATIS, Factor:THREE, State:CLOSED] moved to CLOSED state
2019-08-29 08:24:16,445 [EventQueue-CloseContainerForCloseContainerEventHandler] INFO  container.CloseContainerEventHandler (CloseContainerEventHandler.java:onMessage(61)) - Close container Event triggered for container : #2
2019-08-29 08:24:16,453 | INFO  | SCMAudit | user=jenkins1000 | ip=192.168.69.89 | op=SEND_HEARTBEAT {datanodeUUID=f3af49b3-6b43-4dcd-87a2-e9c9c1638f7b, command=[commandType: closeContainerCommand closeContainerCommandProto { containerID: 2 pipelineID { id: "a06ce0ce-00b7-4c4f-86b9-ebbb911c96b3" } cmdId: 2 force: false } ]} | ret=SUCCESS |  
2019-08-29 08:24:16,454 | INFO  | SCMAudit | user=jenkins1000 | ip=192.168.69.89 | op=SEND_HEARTBEAT {datanodeUUID=0fa1021d-9840-440b-95fc-3f35327e9810, command=[commandType: closeContainerCommand closeContainerCommandProto { containerID: 2 pipelineID { id: "a06ce0ce-00b7-4c4f-86b9-ebbb911c96b3" } cmdId: 2 force: false } ]} | ret=SUCCESS |  
2019-08-29 08:24:16,613 [main] INFO  ozoneimpl.OzoneContainer (OzoneContainer.java:stop(199)) - Attempting to stop container services.
2019-08-29 08:24:16,613 [ForkJoinPool.commonPool-worker-1] INFO  ozoneimpl.OzoneContainer (OzoneContainer.java:stop(199)) - Attempting to stop container services.
2019-08-29 08:24:16,613 [main] INFO  impl.RaftServerProxy (RaftServerProxy.java:lambda$close$4(314)) - 4e4fc70f-7137-48e5-bce3-ed99a5fefc67: close
2019-08-29 08:24:16,614 [ForkJoinPool.commonPool-worker-1] INFO  impl.RaftServerProxy (RaftServerProxy.java:lambda$close$4(314)) - ee5c7872-3dc8-4a1b-b96f-cbf662dd320f: close
2019-08-29 08:24:16,614 [main] INFO  impl.RaftServerImpl (RaftServerImpl.java:lambda$shutdown$3(245)) - 4e4fc70f-7137-48e5-bce3-ed99a5fefc67: shutdown group-02717421C58F
2019-08-29 08:24:16,614 [ForkJoinPool.commonPool-worker-1] INFO  impl.RaftServerImpl (RaftServerImpl.java:lambda$shutdown$3(245)) - ee5c7872-3dc8-4a1b-b96f-cbf662dd320f: shutdown group-9F278CE958CE
2019-08-29 08:24:16,614 [main] INFO  util.JmxRegister (JmxRegister.java:unregister(73)) - Successfully un-registered JMX Bean with object name Ratis:service=RaftServer,group=group-02717421C58F,id=4e4fc70f-7137-48e5-bce3-ed99a5fefc67
2019-08-29 08:24:16,615 [ForkJoinPool.commonPool-worker-1] INFO  util.JmxRegister (JmxRegister.java:unregister(73)) - Successfully un-registered JMX Bean with object name Ratis:service=RaftServer,group=group-9F278CE958CE,id=ee5c7872-3dc8-4a1b-b96f-cbf662dd320f
2019-08-29 08:24:16,615 [main] INFO  impl.RoleInfo (RoleInfo.java:shutdownLeaderState(104)) - 4e4fc70f-7137-48e5-bce3-ed99a5fefc67: shutdown LeaderState
2019-08-29 08:24:16,615 [ForkJoinPool.commonPool-worker-1] INFO  impl.RoleInfo (RoleInfo.java:shutdownLeaderState(104)) - ee5c7872-3dc8-4a1b-b96f-cbf662dd320f: shutdown LeaderState
2019-08-29 08:24:16,615 [main] INFO  impl.PendingRequests (PendingRequests.java:sendNotLeaderResponses(202)) - 4e4fc70f-7137-48e5-bce3-ed99a5fefc67-PendingRequests: sendNotLeaderResponses
2019-08-29 08:24:16,616 [ForkJoinPool.commonPool-worker-1] INFO  impl.PendingRequests (PendingRequests.java:sendNotLeaderResponses(202)) - ee5c7872-3dc8-4a1b-b96f-cbf662dd320f-PendingRequests: sendNotLeaderResponses
2019-08-29 08:24:16,616 [main] INFO  impl.StateMachineUpdater (StateMachineUpdater.java:stopAndJoin(115)) - StateMachineUpdater:4e4fc70f-7137-48e5-bce3-ed99a5fefc67:group-02717421C58F: set stopIndex = 0
2019-08-29 08:24:16,616 [ForkJoinPool.commonPool-worker-1] INFO  impl.StateMachineUpdater (StateMachineUpdater.java:stopAndJoin(115)) - StateMachineUpdater:ee5c7872-3dc8-4a1b-b96f-cbf662dd320f:group-9F278CE958CE: set stopIndex = 0
2019-08-29 08:24:16,616 [main] INFO  impl.RaftServerImpl (ServerState.java:close(394)) - 4e4fc70f-7137-48e5-bce3-ed99a5fefc67:group-02717421C58F closes. The last applied log index is 0
2019-08-29 08:24:16,617 [ForkJoinPool.commonPool-worker-1] INFO  impl.RaftServerImpl (ServerState.java:close(394)) - ee5c7872-3dc8-4a1b-b96f-cbf662dd320f:group-9F278CE958CE closes. The last applied log index is 0
2019-08-29 08:24:16,617 [4e4fc70f-7137-48e5-bce3-ed99a5fefc67-SegmentedRaftLogWorker:Storage Directory /workdir/hadoop-ozone/integration-test/target/test-dir/MiniOzoneClusterImpl-6291b889-f921-442b-be66-486fed594c04/datanode-4/data/ratis/e464f32e-bc41-4d3b-87cd-02717421c58f] INFO  segmented.SegmentedRaftLogWorker (SegmentedRaftLogWorker.java:run(313)) - 4e4fc70f-7137-48e5-bce3-ed99a5fefc67-SegmentedRaftLogWorker:Storage Directory /workdir/hadoop-ozone/integration-test/target/test-dir/MiniOzoneClusterImpl-6291b889-f921-442b-be66-486fed594c04/datanode-4/data/ratis/e464f32e-bc41-4d3b-87cd-02717421c58f was interrupted, exiting. There are 0 tasks remaining in the queue.
2019-08-29 08:24:16,617 [ee5c7872-3dc8-4a1b-b96f-cbf662dd320f-SegmentedRaftLogWorker:Storage Directory /workdir/hadoop-ozone/integration-test/target/test-dir/MiniOzoneClusterImpl-6291b889-f921-442b-be66-486fed594c04/datanode-1/data/ratis/1518785e-b0e4-4a52-a5c0-9f278ce958ce] INFO  segmented.SegmentedRaftLogWorker (SegmentedRaftLogWorker.java:run(313)) - ee5c7872-3dc8-4a1b-b96f-cbf662dd320f-SegmentedRaftLogWorker:Storage Directory /workdir/hadoop-ozone/integration-test/target/test-dir/MiniOzoneClusterImpl-6291b889-f921-442b-be66-486fed594c04/datanode-1/data/ratis/1518785e-b0e4-4a52-a5c0-9f278ce958ce was interrupted, exiting. There are 0 tasks remaining in the queue.
2019-08-29 08:24:16,620 [main] INFO  segmented.SegmentedRaftLogWorker (SegmentedRaftLogWorker.java:close(228)) - 4e4fc70f-7137-48e5-bce3-ed99a5fefc67-SegmentedRaftLogWorker:Storage Directory /workdir/hadoop-ozone/integration-test/target/test-dir/MiniOzoneClusterImpl-6291b889-f921-442b-be66-486fed594c04/datanode-4/data/ratis/e464f32e-bc41-4d3b-87cd-02717421c58f close()
2019-08-29 08:24:16,622 [ForkJoinPool.commonPool-worker-1] INFO  segmented.SegmentedRaftLogWorker (SegmentedRaftLogWorker.java:close(228)) - ee5c7872-3dc8-4a1b-b96f-cbf662dd320f-SegmentedRaftLogWorker:Storage Directory /workdir/hadoop-ozone/integration-test/target/test-dir/MiniOzoneClusterImpl-6291b889-f921-442b-be66-486fed594c04/datanode-1/data/ratis/1518785e-b0e4-4a52-a5c0-9f278ce958ce close()
2019-08-29 08:24:16,626 [main] INFO  impl.RaftServerImpl (RaftServerImpl.java:lambda$shutdown$3(245)) - 4e4fc70f-7137-48e5-bce3-ed99a5fefc67: shutdown group-8B1667B5E62E
2019-08-29 08:24:16,630 [ForkJoinPool.commonPool-worker-1] INFO  impl.RaftServerImpl (RaftServerImpl.java:lambda$shutdown$3(245)) - ee5c7872-3dc8-4a1b-b96f-cbf662dd320f: shutdown group-EBBB911C96B3
2019-08-29 08:24:16,630 [main] INFO  util.JmxRegister (JmxRegister.java:unregister(73)) - Successfully un-registered JMX Bean with object name Ratis:service=RaftServer,group=group-8B1667B5E62E,id=4e4fc70f-7137-48e5-bce3-ed99a5fefc67
2019-08-29 08:24:16,630 [ForkJoinPool.commonPool-worker-1] INFO  util.JmxRegister (JmxRegister.java:unregister(73)) - Successfully un-registered JMX Bean with object name Ratis:service=RaftServer,group=group-EBBB911C96B3,id=ee5c7872-3dc8-4a1b-b96f-cbf662dd320f
2019-08-29 08:24:16,631 [main] INFO  impl.RoleInfo (RoleInfo.java:shutdownLeaderState(104)) - 4e4fc70f-7137-48e5-bce3-ed99a5fefc67: shutdown LeaderState
2019-08-29 08:24:16,631 [ForkJoinPool.commonPool-worker-1] INFO  impl.RoleInfo (RoleInfo.java:shutdownLeaderState(104)) - ee5c7872-3dc8-4a1b-b96f-cbf662dd320f: shutdown LeaderState
2019-08-29 08:24:16,635 [org.apache.ratis.server.impl.LogAppender$AppenderDaemon$$Lambda$483/1626705950@456c94d9] WARN  server.GrpcLogAppender (GrpcLogAppender.java:mayWait(143)) - GrpcLogAppender(4e4fc70f-7137-48e5-bce3-ed99a5fefc67->2bf2abbb-f03d-4b0e-b27d-2c376d4bd519): Wait interrupted by java.lang.InterruptedException
2019-08-29 08:24:16,638 [org.apache.ratis.server.impl.LogAppender$AppenderDaemon$$Lambda$483/1626705950@174fd2d8] WARN  server.GrpcLogAppender (GrpcLogAppender.java:mayWait(143)) - GrpcLogAppender(ee5c7872-3dc8-4a1b-b96f-cbf662dd320f->f3af49b3-6b43-4dcd-87a2-e9c9c1638f7b): Wait interrupted by java.lang.InterruptedException
2019-08-29 08:24:16,638 [org.apache.ratis.server.impl.LogAppender$AppenderDaemon$$Lambda$483/1626705950@524d4e55] WARN  server.GrpcLogAppender (GrpcLogAppender.java:mayWait(143)) - GrpcLogAppender(ee5c7872-3dc8-4a1b-b96f-cbf662dd320f->0fa1021d-9840-440b-95fc-3f35327e9810): Wait interrupted by java.lang.InterruptedException
2019-08-29 08:24:16,639 | INFO  | SCMAudit | user=jenkins1000 | ip=192.168.69.89 | op=SEND_HEARTBEAT {datanodeUUID=3d0c9a1e-aae8-443e-a7b0-45fa20dec0f4, command=[]} | ret=SUCCESS |  
2019-08-29 08:24:16,638 [ForkJoinPool.commonPool-worker-1] INFO  impl.PendingRequests (PendingRequests.java:sendNotLeaderResponses(202)) - ee5c7872-3dc8-4a1b-b96f-cbf662dd320f-PendingRequests: sendNotLeaderResponses
2019-08-29 08:24:16,635 [org.apache.ratis.server.impl.LogAppender$AppenderDaemon$$Lambda$483/1626705950@6e0210] WARN  server.GrpcLogAppender (GrpcLogAppender.java:mayWait(143)) - GrpcLogAppender(4e4fc70f-7137-48e5-bce3-ed99a5fefc67->94e856c7-b0ce-4c30-ba6b-01ce82d994d4): Wait interrupted by java.lang.InterruptedException
2019-08-29 08:24:16,635 [main] INFO  impl.PendingRequests (PendingRequests.java:sendNotLeaderResponses(202)) - 4e4fc70f-7137-48e5-bce3-ed99a5fefc67-PendingRequests: sendNotLeaderResponses
2019-08-29 08:24:16,644 [StateMachineUpdater:ee5c7872-3dc8-4a1b-b96f-cbf662dd320f:group-EBBB911C96B3] INFO  ratis.ContainerStateMachine (ContainerStateMachine.java:takeSnapshot(283)) - group-EBBB911C96B3: Taking a snapshot at:(t:1, i:6) file /workdir/hadoop-ozone/integration-test/target/test-dir/MiniOzoneClusterImpl-6291b889-f921-442b-be66-486fed594c04/datanode-1/data/ratis/a06ce0ce-00b7-4c4f-86b9-ebbb911c96b3/sm/snapshot.1_6
2019-08-29 08:24:16,644 [grpc-default-executor-6] INFO  server.GrpcServerProtocolService (GrpcServerProtocolService.java:onCompleted(104)) - 94e856c7-b0ce-4c30-ba6b-01ce82d994d4: appendEntries completed
2019-08-29 08:24:16,648 [StateMachineUpdater:4e4fc70f-7137-48e5-bce3-ed99a5fefc67:group-8B1667B5E62E] INFO  ratis.ContainerStateMachine (ContainerStateMachine.java:takeSnapshot(283)) - group-8B1667B5E62E: Taking a snapshot at:(t:2, i:6) file /workdir/hadoop-ozone/integration-test/target/test-dir/MiniOzoneClusterImpl-6291b889-f921-442b-be66-486fed594c04/datanode-4/data/ratis/c28299d6-49f7-41c4-8395-8b1667b5e62e/sm/snapshot.2_6
2019-08-29 08:24:16,644 [ForkJoinPool.commonPool-worker-1] INFO  impl.StateMachineUpdater (StateMachineUpdater.java:stopAndJoin(115)) - StateMachineUpdater:ee5c7872-3dc8-4a1b-b96f-cbf662dd320f:group-EBBB911C96B3: set stopIndex = 6
2019-08-29 08:24:16,639 [grpc-default-executor-12] INFO  server.GrpcServerProtocolService (GrpcServerProtocolService.java:onCompleted(104)) - f3af49b3-6b43-4dcd-87a2-e9c9c1638f7b: appendEntries completed
2019-08-29 08:24:16,639 [grpc-default-executor-7] INFO  server.GrpcServerProtocolService (GrpcServerProtocolService.java:onCompleted(104)) - 0fa1021d-9840-440b-95fc-3f35327e9810: appendEntries completed
2019-08-29 08:24:16,639 [grpc-default-executor-10] INFO  server.GrpcServerProtocolService (GrpcServerProtocolService.java:onCompleted(104)) - 2bf2abbb-f03d-4b0e-b27d-2c376d4bd519: appendEntries completed
2019-08-29 08:24:16,648 [grpc-default-executor-12] INFO  server.GrpcLogAppender (GrpcLogAppender.java:onCompleted(292)) - ee5c7872-3dc8-4a1b-b96f-cbf662dd320f->f3af49b3-6b43-4dcd-87a2-e9c9c1638f7b: follower responses appendEntries COMPLETED
2019-08-29 08:24:16,648 [grpc-default-executor-6] INFO  server.GrpcLogAppender (GrpcLogAppender.java:onCompleted(292)) - 4e4fc70f-7137-48e5-bce3-ed99a5fefc67->94e856c7-b0ce-4c30-ba6b-01ce82d994d4: follower responses appendEntries COMPLETED
2019-08-29 08:24:16,648 [main] INFO  impl.StateMachineUpdater (StateMachineUpdater.java:stopAndJoin(115)) - StateMachineUpdater:4e4fc70f-7137-48e5-bce3-ed99a5fefc67:group-8B1667B5E62E: set stopIndex = 6
2019-08-29 08:24:16,649 [grpc-default-executor-6] INFO  impl.FollowerInfo (FollowerInfo.java:lambda$new$0(50)) - 4e4fc70f-7137-48e5-bce3-ed99a5fefc67->94e856c7-b0ce-4c30-ba6b-01ce82d994d4: nextIndex: updateUnconditionally 7 -> 6
2019-08-29 08:24:16,649 [grpc-default-executor-12] INFO  impl.FollowerInfo (FollowerInfo.java:lambda$new$0(50)) - ee5c7872-3dc8-4a1b-b96f-cbf662dd320f->f3af49b3-6b43-4dcd-87a2-e9c9c1638f7b: nextIndex: updateUnconditionally 7 -> 6
2019-08-29 08:24:16,649 [grpc-default-executor-7] INFO  server.GrpcLogAppender (GrpcLogAppender.java:onCompleted(292)) - 4e4fc70f-7137-48e5-bce3-ed99a5fefc67->2bf2abbb-f03d-4b0e-b27d-2c376d4bd519: follower responses appendEntries COMPLETED
2019-08-29 08:24:16,649 [grpc-default-executor-10] INFO  server.GrpcLogAppender (GrpcLogAppender.java:onCompleted(292)) - ee5c7872-3dc8-4a1b-b96f-cbf662dd320f->0fa1021d-9840-440b-95fc-3f35327e9810: follower responses appendEntries COMPLETED
2019-08-29 08:24:16,650 [grpc-default-executor-7] INFO  impl.FollowerInfo (FollowerInfo.java:lambda$new$0(50)) - 4e4fc70f-7137-48e5-bce3-ed99a5fefc67->2bf2abbb-f03d-4b0e-b27d-2c376d4bd519: nextIndex: updateUnconditionally 7 -> 6
2019-08-29 08:24:16,650 [grpc-default-executor-10] INFO  impl.FollowerInfo (FollowerInfo.java:lambda$new$0(50)) - ee5c7872-3dc8-4a1b-b96f-cbf662dd320f->0fa1021d-9840-440b-95fc-3f35327e9810: nextIndex: updateUnconditionally 7 -> 6
2019-08-29 08:24:16,655 [StateMachineUpdater:4e4fc70f-7137-48e5-bce3-ed99a5fefc67:group-8B1667B5E62E] INFO  ratis.ContainerStateMachine (ContainerStateMachine.java:takeSnapshot(294)) - group-8B1667B5E62E: Finished taking a snapshot at:(t:2, i:6) file:/workdir/hadoop-ozone/integration-test/target/test-dir/MiniOzoneClusterImpl-6291b889-f921-442b-be66-486fed594c04/datanode-4/data/ratis/c28299d6-49f7-41c4-8395-8b1667b5e62e/sm/snapshot.2_6 time:8
2019-08-29 08:24:16,655 [StateMachineUpdater:ee5c7872-3dc8-4a1b-b96f-cbf662dd320f:group-EBBB911C96B3] INFO  ratis.ContainerStateMachine (ContainerStateMachine.java:takeSnapshot(294)) - group-EBBB911C96B3: Finished taking a snapshot at:(t:1, i:6) file:/workdir/hadoop-ozone/integration-test/target/test-dir/MiniOzoneClusterImpl-6291b889-f921-442b-be66-486fed594c04/datanode-1/data/ratis/a06ce0ce-00b7-4c4f-86b9-ebbb911c96b3/sm/snapshot.1_6 time:11
2019-08-29 08:24:16,655 [StateMachineUpdater:4e4fc70f-7137-48e5-bce3-ed99a5fefc67:group-8B1667B5E62E] INFO  impl.StateMachineUpdater (StateMachineUpdater.java:takeSnapshot(242)) - StateMachineUpdater:4e4fc70f-7137-48e5-bce3-ed99a5fefc67:group-8B1667B5E62E: Took a snapshot at index 6
2019-08-29 08:24:16,655 [StateMachineUpdater:ee5c7872-3dc8-4a1b-b96f-cbf662dd320f:group-EBBB911C96B3] INFO  impl.StateMachineUpdater (StateMachineUpdater.java:takeSnapshot(242)) - StateMachineUpdater:ee5c7872-3dc8-4a1b-b96f-cbf662dd320f:group-EBBB911C96B3: Took a snapshot at index 6
2019-08-29 08:24:16,655 [StateMachineUpdater:4e4fc70f-7137-48e5-bce3-ed99a5fefc67:group-8B1667B5E62E] INFO  impl.StateMachineUpdater (StateMachineUpdater.java:lambda$new$0(80)) - StateMachineUpdater:4e4fc70f-7137-48e5-bce3-ed99a5fefc67:group-8B1667B5E62E: snapshotIndex: updateIncreasingly -1 -> 6
2019-08-29 08:24:16,655 [StateMachineUpdater:ee5c7872-3dc8-4a1b-b96f-cbf662dd320f:group-EBBB911C96B3] INFO  impl.StateMachineUpdater (StateMachineUpdater.java:lambda$new$0(80)) - StateMachineUpdater:ee5c7872-3dc8-4a1b-b96f-cbf662dd320f:group-EBBB911C96B3: snapshotIndex: updateIncreasingly -1 -> 6
2019-08-29 08:24:16,656 [main] INFO  impl.RaftServerImpl (ServerState.java:close(394)) - 4e4fc70f-7137-48e5-bce3-ed99a5fefc67:group-8B1667B5E62E closes. The last applied log index is 6
2019-08-29 08:24:16,656 [ForkJoinPool.commonPool-worker-1] INFO  impl.RaftServerImpl (ServerState.java:close(394)) - ee5c7872-3dc8-4a1b-b96f-cbf662dd320f:group-EBBB911C96B3 closes. The last applied log index is 6
2019-08-29 08:24:16,657 [4e4fc70f-7137-48e5-bce3-ed99a5fefc67-SegmentedRaftLogWorker:Storage Directory /workdir/hadoop-ozone/integration-test/target/test-dir/MiniOzoneClusterImpl-6291b889-f921-442b-be66-486fed594c04/datanode-4/data/ratis/c28299d6-49f7-41c4-8395-8b1667b5e62e] INFO  segmented.SegmentedRaftLogWorker (SegmentedRaftLogWorker.java:run(313)) - 4e4fc70f-7137-48e5-bce3-ed99a5fefc67-SegmentedRaftLogWorker:Storage Directory /workdir/hadoop-ozone/integration-test/target/test-dir/MiniOzoneClusterImpl-6291b889-f921-442b-be66-486fed594c04/datanode-4/data/ratis/c28299d6-49f7-41c4-8395-8b1667b5e62e was interrupted, exiting. There are 0 tasks remaining in the queue.
2019-08-29 08:24:16,657 [ee5c7872-3dc8-4a1b-b96f-cbf662dd320f-SegmentedRaftLogWorker:Storage Directory /workdir/hadoop-ozone/integration-test/target/test-dir/MiniOzoneClusterImpl-6291b889-f921-442b-be66-486fed594c04/datanode-1/data/ratis/a06ce0ce-00b7-4c4f-86b9-ebbb911c96b3] INFO  segmented.SegmentedRaftLogWorker (SegmentedRaftLogWorker.java:run(313)) - ee5c7872-3dc8-4a1b-b96f-cbf662dd320f-SegmentedRaftLogWorker:Storage Directory /workdir/hadoop-ozone/integration-test/target/test-dir/MiniOzoneClusterImpl-6291b889-f921-442b-be66-486fed594c04/datanode-1/data/ratis/a06ce0ce-00b7-4c4f-86b9-ebbb911c96b3 was interrupted, exiting. There are 0 tasks remaining in the queue.
2019-08-29 08:24:16,661 [main] INFO  segmented.SegmentedRaftLogWorker (SegmentedRaftLogWorker.java:close(228)) - 4e4fc70f-7137-48e5-bce3-ed99a5fefc67-SegmentedRaftLogWorker:Storage Directory /workdir/hadoop-ozone/integration-test/target/test-dir/MiniOzoneClusterImpl-6291b889-f921-442b-be66-486fed594c04/datanode-4/data/ratis/c28299d6-49f7-41c4-8395-8b1667b5e62e close()
2019-08-29 08:24:16,661 [ForkJoinPool.commonPool-worker-1] INFO  segmented.SegmentedRaftLogWorker (SegmentedRaftLogWorker.java:close(228)) - ee5c7872-3dc8-4a1b-b96f-cbf662dd320f-SegmentedRaftLogWorker:Storage Directory /workdir/hadoop-ozone/integration-test/target/test-dir/MiniOzoneClusterImpl-6291b889-f921-442b-be66-486fed594c04/datanode-1/data/ratis/a06ce0ce-00b7-4c4f-86b9-ebbb911c96b3 close()
2019-08-29 08:24:16,664 [main] INFO  server.GrpcService (GrpcService.java:closeImpl(155)) - 4e4fc70f-7137-48e5-bce3-ed99a5fefc67: shutdown server with port 34375 now
2019-08-29 08:24:16,668 [ForkJoinPool.commonPool-worker-1] INFO  server.GrpcService (GrpcService.java:closeImpl(155)) - ee5c7872-3dc8-4a1b-b96f-cbf662dd320f: shutdown server with port 41195 now
2019-08-29 08:24:16,668 [ForkJoinPool.commonPool-worker-1] INFO  server.GrpcService (GrpcService.java:closeImpl(163)) - ee5c7872-3dc8-4a1b-b96f-cbf662dd320f: shutdown server with port 41195 successfully
2019-08-29 08:24:16,668 [grpc-default-executor-7] WARN  client.GrpcClientProtocolService (LogUtils.java:warn(134)) - 5-UnorderedRequestStreamObserver5: onError: org.apache.ratis.thirdparty.io.grpc.StatusRuntimeException: CANCELLED: cancelled before receiving half close
2019-08-29 08:24:16,669 [main] INFO  server.GrpcService (GrpcService.java:closeImpl(163)) - 4e4fc70f-7137-48e5-bce3-ed99a5fefc67: shutdown server with port 34375 successfully
2019-08-29 08:24:16,671 [ForkJoinPool.commonPool-worker-1] INFO  utils.BackgroundService (BackgroundService.java:shutdown(148)) - Shutting down service BlockDeletingService
2019-08-29 08:24:16,672 [main] INFO  utils.BackgroundService (BackgroundService.java:shutdown(148)) - Shutting down service BlockDeletingService
2019-08-29 08:24:16,678 [refreshUsed-/workdir/hadoop-ozone/integration-test/target/test-dir/MiniOzoneClusterImpl-6291b889-f921-442b-be66-486fed594c04/datanode-4/data/containers] WARN  fs.CachingGetSpaceUsed (CachingGetSpaceUsed.java:run(183)) - Thread Interrupted waiting to refresh disk information: sleep interrupted
2019-08-29 08:24:16,678 [refreshUsed-/workdir/hadoop-ozone/integration-test/target/test-dir/MiniOzoneClusterImpl-6291b889-f921-442b-be66-486fed594c04/datanode-1/data/containers] WARN  fs.CachingGetSpaceUsed (CachingGetSpaceUsed.java:run(183)) - Thread Interrupted waiting to refresh disk information: sleep interrupted
2019-08-29 08:24:16,705 [ForkJoinPool.commonPool-worker-1] INFO  statemachine.DatanodeStateMachine (DatanodeStateMachine.java:stopDaemon(395)) - Ozone container server stopped.
2019-08-29 08:24:16,710 [main] INFO  statemachine.DatanodeStateMachine (DatanodeStateMachine.java:stopDaemon(395)) - Ozone container server stopped.
2019-08-29 08:24:16,716 [ForkJoinPool.commonPool-worker-1] INFO  handler.ContextHandler (ContextHandler.java:doStop(910)) - Stopped o.e.j.w.WebAppContext@2cd6112b{/,null,UNAVAILABLE}{/hddsDatanode}
2019-08-29 08:24:16,717 [main] INFO  handler.ContextHandler (ContextHandler.java:doStop(910)) - Stopped o.e.j.w.WebAppContext@22120799{/,null,UNAVAILABLE}{/hddsDatanode}
2019-08-29 08:24:16,717 [ForkJoinPool.commonPool-worker-1] INFO  server.AbstractConnector (AbstractConnector.java:doStop(318)) - Stopped ServerConnector@7f7eeaaf{HTTP/1.1,[http/1.1]}{0.0.0.0:0}
2019-08-29 08:24:16,719 [ForkJoinPool.commonPool-worker-1] INFO  handler.ContextHandler (ContextHandler.java:doStop(910)) - Stopped o.e.j.s.ServletContextHandler@77fa509a{/static,jar:file:/home/user/.m2/repository/org/apache/hadoop/hadoop-hdds-container-service/0.5.0-SNAPSHOT/hadoop-hdds-container-service-0.5.0-SNAPSHOT.jar!/webapps/static,UNAVAILABLE}
2019-08-29 08:24:16,720 [main] INFO  server.AbstractConnector (AbstractConnector.java:doStop(318)) - Stopped ServerConnector@3adbfd16{HTTP/1.1,[http/1.1]}{0.0.0.0:0}
2019-08-29 08:24:16,720 [ForkJoinPool.commonPool-worker-1] INFO  handler.ContextHandler (ContextHandler.java:doStop(910)) - Stopped o.e.j.s.ServletContextHandler@a19fe87{/logs,file:///workdir/hadoop-ozone/integration-test/target/log,UNAVAILABLE}
2019-08-29 08:24:16,721 [main] INFO  handler.ContextHandler (ContextHandler.java:doStop(910)) - Stopped o.e.j.s.ServletContextHandler@5eb974{/static,jar:file:/home/user/.m2/repository/org/apache/hadoop/hadoop-hdds-container-service/0.5.0-SNAPSHOT/hadoop-hdds-container-service-0.5.0-SNAPSHOT.jar!/webapps/static,UNAVAILABLE}
2019-08-29 08:24:16,721 [main] INFO  handler.ContextHandler (ContextHandler.java:doStop(910)) - Stopped o.e.j.s.ServletContextHandler@189f5ed8{/logs,file:///workdir/hadoop-ozone/integration-test/target/log,UNAVAILABLE}
2019-08-29 08:24:16,721 [ForkJoinPool.commonPool-worker-1] INFO  datanode.ObjectStoreHandler (ObjectStoreHandler.java:close(155)) - Closing ObjectStoreHandler.
2019-08-29 08:24:16,722 [main] INFO  datanode.ObjectStoreHandler (ObjectStoreHandler.java:close(155)) - Closing ObjectStoreHandler.
2019-08-29 08:24:16,723 [ForkJoinPool.commonPool-worker-1] INFO  ozone.HddsDatanodeService (HddsDatanodeService.java:stop(451)) - Stopped plug-in org.apache.hadoop.ozone.web.OzoneHddsDatanodeService@5771adf3
2019-08-29 08:24:16,723 [main] INFO  ozone.HddsDatanodeService (HddsDatanodeService.java:stop(451)) - Stopped plug-in org.apache.hadoop.ozone.web.OzoneHddsDatanodeService@365ad794
2019-08-29 08:24:17,104 [Datanode State Machine Thread - 0] INFO  statemachine.DatanodeStateMachine (DatanodeStateMachine.java:lambda$startDaemon$0(350)) - Ozone container server started.
2019-08-29 08:24:17,106 | INFO  | SCMAudit | user=jenkins1000 | ip=192.168.69.89 | op=SEND_HEARTBEAT {datanodeUUID=94e856c7-b0ce-4c30-ba6b-01ce82d994d4, command=[commandType: closeContainerCommand closeContainerCommandProto { containerID: 1 pipelineID { id: "c28299d6-49f7-41c4-8395-8b1667b5e62e" } cmdId: 1 force: false } ]} | ret=SUCCESS |  
2019-08-29 08:24:17,451 [Datanode State Machine Thread - 0] INFO  statemachine.DatanodeStateMachine (DatanodeStateMachine.java:lambda$startDaemon$0(350)) - Ozone container server started.
2019-08-29 08:24:17,453 | INFO  | SCMAudit | user=jenkins1000 | ip=192.168.69.89 | op=SEND_HEARTBEAT {datanodeUUID=0fa1021d-9840-440b-95fc-3f35327e9810, command=[]} | ret=SUCCESS |  
2019-08-29 08:24:17,639 | INFO  | SCMAudit | user=jenkins1000 | ip=192.168.69.89 | op=SEND_HEARTBEAT {datanodeUUID=3d0c9a1e-aae8-443e-a7b0-45fa20dec0f4, command=[]} | ret=SUCCESS |  
2019-08-29 08:24:18,105 | INFO  | SCMAudit | user=jenkins1000 | ip=192.168.69.89 | op=SEND_HEARTBEAT {datanodeUUID=94e856c7-b0ce-4c30-ba6b-01ce82d994d4, command=[]} | ret=SUCCESS |  
2019-08-29 08:24:18,135 | INFO  | SCMAudit | user=jenkins1000 | ip=192.168.69.89 | op=SEND_HEARTBEAT {datanodeUUID=94e856c7-b0ce-4c30-ba6b-01ce82d994d4, command=[]} | ret=SUCCESS |  
2019-08-29 08:24:18,454 | INFO  | SCMAudit | user=jenkins1000 | ip=192.168.69.89 | op=SEND_HEARTBEAT {datanodeUUID=0fa1021d-9840-440b-95fc-3f35327e9810, command=[]} | ret=SUCCESS |  
2019-08-29 08:24:18,480 | INFO  | SCMAudit | user=jenkins1000 | ip=192.168.69.89 | op=SEND_HEARTBEAT {datanodeUUID=0fa1021d-9840-440b-95fc-3f35327e9810, command=[]} | ret=SUCCESS |  
2019-08-29 08:24:18,639 | INFO  | SCMAudit | user=jenkins1000 | ip=192.168.69.89 | op=SEND_HEARTBEAT {datanodeUUID=3d0c9a1e-aae8-443e-a7b0-45fa20dec0f4, command=[]} | ret=SUCCESS |  
2019-08-29 08:24:19,137 | INFO  | SCMAudit | user=jenkins1000 | ip=192.168.69.89 | op=SEND_HEARTBEAT {datanodeUUID=94e856c7-b0ce-4c30-ba6b-01ce82d994d4, command=[]} | ret=SUCCESS |  
2019-08-29 08:24:19,479 | INFO  | SCMAudit | user=jenkins1000 | ip=192.168.69.89 | op=SEND_HEARTBEAT {datanodeUUID=0fa1021d-9840-440b-95fc-3f35327e9810, command=[]} | ret=SUCCESS |  
2019-08-29 08:24:19,639 | INFO  | SCMAudit | user=jenkins1000 | ip=192.168.69.89 | op=SEND_HEARTBEAT {datanodeUUID=3d0c9a1e-aae8-443e-a7b0-45fa20dec0f4, command=[]} | ret=SUCCESS |  
2019-08-29 08:24:20,137 | INFO  | SCMAudit | user=jenkins1000 | ip=192.168.69.89 | op=SEND_HEARTBEAT {datanodeUUID=94e856c7-b0ce-4c30-ba6b-01ce82d994d4, command=[]} | ret=SUCCESS |  
2019-08-29 08:24:20,479 | INFO  | SCMAudit | user=jenkins1000 | ip=192.168.69.89 | op=SEND_HEARTBEAT {datanodeUUID=0fa1021d-9840-440b-95fc-3f35327e9810, command=[]} | ret=SUCCESS |  
2019-08-29 08:24:20,639 | INFO  | SCMAudit | user=jenkins1000 | ip=192.168.69.89 | op=SEND_HEARTBEAT {datanodeUUID=3d0c9a1e-aae8-443e-a7b0-45fa20dec0f4, command=[]} | ret=SUCCESS |  
2019-08-29 08:24:21,137 | INFO  | SCMAudit | user=jenkins1000 | ip=192.168.69.89 | op=SEND_HEARTBEAT {datanodeUUID=94e856c7-b0ce-4c30-ba6b-01ce82d994d4, command=[]} | ret=SUCCESS |  
2019-08-29 08:24:21,150 [EventQueue-StaleNodeForStaleNodeHandler] INFO  node.StaleNodeHandler (StaleNodeHandler.java:onMessage(58)) - Datanode 2bf2abbb-f03d-4b0e-b27d-2c376d4bd519{ip: 192.168.69.89, host: pr-hdds-1569-7rqkn-550228749, networkLocation: /default-rack, certSerialId: null} moved to stale state. Finalizing its pipelines [PipelineID=776dc259-fd2c-4cfb-8cf0-20a2b0fe613e, PipelineID=c28299d6-49f7-41c4-8395-8b1667b5e62e]
2019-08-29 08:24:21,150 [EventQueue-StaleNodeForStaleNodeHandler] INFO  pipeline.SCMPipelineManager (SCMPipelineManager.java:finalizeAndDestroyPipeline(309)) - destroying pipeline:Pipeline[ Id: 776dc259-fd2c-4cfb-8cf0-20a2b0fe613e, Nodes: 2bf2abbb-f03d-4b0e-b27d-2c376d4bd519{ip: 192.168.69.89, host: pr-hdds-1569-7rqkn-550228749, networkLocation: /default-rack, certSerialId: null}, Type:RATIS, Factor:ONE, State:OPEN]
2019-08-29 08:24:21,150 [EventQueue-StaleNodeForStaleNodeHandler] INFO  pipeline.PipelineStateManager (PipelineStateManager.java:finalizePipeline(123)) - Pipeline Pipeline[ Id: 776dc259-fd2c-4cfb-8cf0-20a2b0fe613e, Nodes: 2bf2abbb-f03d-4b0e-b27d-2c376d4bd519{ip: 192.168.69.89, host: pr-hdds-1569-7rqkn-550228749, networkLocation: /default-rack, certSerialId: null}, Type:RATIS, Factor:ONE, State:CLOSED] moved to CLOSED state
2019-08-29 08:24:21,151 [EventQueue-StaleNodeForStaleNodeHandler] INFO  pipeline.SCMPipelineManager (SCMPipelineManager.java:finalizeAndDestroyPipeline(309)) - destroying pipeline:Pipeline[ Id: c28299d6-49f7-41c4-8395-8b1667b5e62e, Nodes: 4e4fc70f-7137-48e5-bce3-ed99a5fefc67{ip: 192.168.69.89, host: pr-hdds-1569-7rqkn-550228749, networkLocation: /default-rack, certSerialId: null}2bf2abbb-f03d-4b0e-b27d-2c376d4bd519{ip: 192.168.69.89, host: pr-hdds-1569-7rqkn-550228749, networkLocation: /default-rack, certSerialId: null}94e856c7-b0ce-4c30-ba6b-01ce82d994d4{ip: 192.168.69.89, host: pr-hdds-1569-7rqkn-550228749, networkLocation: /default-rack, certSerialId: null}, Type:RATIS, Factor:THREE, State:CLOSED]
2019-08-29 08:24:21,479 | INFO  | SCMAudit | user=jenkins1000 | ip=192.168.69.89 | op=SEND_HEARTBEAT {datanodeUUID=0fa1021d-9840-440b-95fc-3f35327e9810, command=[]} | ret=SUCCESS |  
2019-08-29 08:24:21,550 [EventQueue-StaleNodeForStaleNodeHandler] INFO  node.StaleNodeHandler (StaleNodeHandler.java:onMessage(58)) - Datanode f3af49b3-6b43-4dcd-87a2-e9c9c1638f7b{ip: 192.168.69.89, host: pr-hdds-1569-7rqkn-550228749, networkLocation: /default-rack, certSerialId: null} moved to stale state. Finalizing its pipelines [PipelineID=a06ce0ce-00b7-4c4f-86b9-ebbb911c96b3, PipelineID=df786622-dd82-4179-9b88-85213d96fe53]
2019-08-29 08:24:21,550 [EventQueue-StaleNodeForStaleNodeHandler] INFO  pipeline.SCMPipelineManager (SCMPipelineManager.java:finalizeAndDestroyPipeline(309)) - destroying pipeline:Pipeline[ Id: a06ce0ce-00b7-4c4f-86b9-ebbb911c96b3, Nodes: 0fa1021d-9840-440b-95fc-3f35327e9810{ip: 192.168.69.89, host: pr-hdds-1569-7rqkn-550228749, networkLocation: /default-rack, certSerialId: null}f3af49b3-6b43-4dcd-87a2-e9c9c1638f7b{ip: 192.168.69.89, host: pr-hdds-1569-7rqkn-550228749, networkLocation: /default-rack, certSerialId: null}ee5c7872-3dc8-4a1b-b96f-cbf662dd320f{ip: 192.168.69.89, host: pr-hdds-1569-7rqkn-550228749, networkLocation: /default-rack, certSerialId: null}, Type:RATIS, Factor:THREE, State:CLOSED]
2019-08-29 08:24:21,551 [EventQueue-StaleNodeForStaleNodeHandler] INFO  pipeline.SCMPipelineManager (SCMPipelineManager.java:finalizeAndDestroyPipeline(309)) - destroying pipeline:Pipeline[ Id: df786622-dd82-4179-9b88-85213d96fe53, Nodes: f3af49b3-6b43-4dcd-87a2-e9c9c1638f7b{ip: 192.168.69.89, host: pr-hdds-1569-7rqkn-550228749, networkLocation: /default-rack, certSerialId: null}, Type:RATIS, Factor:ONE, State:OPEN]
2019-08-29 08:24:21,551 [EventQueue-StaleNodeForStaleNodeHandler] INFO  pipeline.PipelineStateManager (PipelineStateManager.java:finalizePipeline(123)) - Pipeline Pipeline[ Id: df786622-dd82-4179-9b88-85213d96fe53, Nodes: f3af49b3-6b43-4dcd-87a2-e9c9c1638f7b{ip: 192.168.69.89, host: pr-hdds-1569-7rqkn-550228749, networkLocation: /default-rack, certSerialId: null}, Type:RATIS, Factor:ONE, State:CLOSED] moved to CLOSED state
2019-08-29 08:24:21,639 | INFO  | SCMAudit | user=jenkins1000 | ip=192.168.69.89 | op=SEND_HEARTBEAT {datanodeUUID=3d0c9a1e-aae8-443e-a7b0-45fa20dec0f4, command=[]} | ret=SUCCESS |  
2019-08-29 08:24:21,724 [main] INFO  ozoneimpl.OzoneContainer (OzoneContainer.java:stop(199)) - Attempting to stop container services.
2019-08-29 08:24:21,724 [ForkJoinPool.commonPool-worker-1] INFO  ozoneimpl.OzoneContainer (OzoneContainer.java:stop(199)) - Attempting to stop container services.
2019-08-29 08:24:21,725 [main] INFO  impl.RaftServerProxy (RaftServerProxy.java:lambda$close$4(314)) - 2bf2abbb-f03d-4b0e-b27d-2c376d4bd519: close
2019-08-29 08:24:21,725 [ForkJoinPool.commonPool-worker-1] INFO  impl.RaftServerProxy (RaftServerProxy.java:lambda$close$4(314)) - f3af49b3-6b43-4dcd-87a2-e9c9c1638f7b: close
2019-08-29 08:24:21,725 [main] INFO  impl.RaftServerImpl (RaftServerImpl.java:lambda$shutdown$3(245)) - 2bf2abbb-f03d-4b0e-b27d-2c376d4bd519: shutdown group-20A2B0FE613E
2019-08-29 08:24:21,725 [ForkJoinPool.commonPool-worker-1] INFO  impl.RaftServerImpl (RaftServerImpl.java:lambda$shutdown$3(245)) - f3af49b3-6b43-4dcd-87a2-e9c9c1638f7b: shutdown group-EBBB911C96B3
2019-08-29 08:24:21,725 [main] INFO  util.JmxRegister (JmxRegister.java:unregister(73)) - Successfully un-registered JMX Bean with object name Ratis:service=RaftServer,group=group-20A2B0FE613E,id=2bf2abbb-f03d-4b0e-b27d-2c376d4bd519
2019-08-29 08:24:21,726 [ForkJoinPool.commonPool-worker-1] INFO  util.JmxRegister (JmxRegister.java:unregister(73)) - Successfully un-registered JMX Bean with object name Ratis:service=RaftServer,group=group-EBBB911C96B3,id=f3af49b3-6b43-4dcd-87a2-e9c9c1638f7b
2019-08-29 08:24:21,726 [main] INFO  impl.RoleInfo (RoleInfo.java:shutdownLeaderState(104)) - 2bf2abbb-f03d-4b0e-b27d-2c376d4bd519: shutdown LeaderState
2019-08-29 08:24:21,726 [ForkJoinPool.commonPool-worker-1] INFO  impl.RoleInfo (RoleInfo.java:shutdownFollowerState(121)) - f3af49b3-6b43-4dcd-87a2-e9c9c1638f7b: shutdown FollowerState
2019-08-29 08:24:21,726 [main] INFO  impl.PendingRequests (PendingRequests.java:sendNotLeaderResponses(202)) - 2bf2abbb-f03d-4b0e-b27d-2c376d4bd519-PendingRequests: sendNotLeaderResponses
2019-08-29 08:24:21,726 [Thread-4246] INFO  impl.FollowerState (FollowerState.java:run(114)) - f3af49b3-6b43-4dcd-87a2-e9c9c1638f7b: FollowerState was interrupted: java.lang.InterruptedException: sleep interrupted
2019-08-29 08:24:21,726 [StateMachineUpdater:f3af49b3-6b43-4dcd-87a2-e9c9c1638f7b:group-EBBB911C96B3] INFO  ratis.ContainerStateMachine (ContainerStateMachine.java:takeSnapshot(283)) - group-EBBB911C96B3: Taking a snapshot at:(t:1, i:4) file /workdir/hadoop-ozone/integration-test/target/test-dir/MiniOzoneClusterImpl-6291b889-f921-442b-be66-486fed594c04/datanode-2/data/ratis/a06ce0ce-00b7-4c4f-86b9-ebbb911c96b3/sm/snapshot.1_4
2019-08-29 08:24:21,726 [ForkJoinPool.commonPool-worker-1] INFO  impl.StateMachineUpdater (StateMachineUpdater.java:stopAndJoin(115)) - StateMachineUpdater:f3af49b3-6b43-4dcd-87a2-e9c9c1638f7b:group-EBBB911C96B3: set stopIndex = 6
2019-08-29 08:24:21,727 [main] INFO  impl.StateMachineUpdater (StateMachineUpdater.java:stopAndJoin(115)) - StateMachineUpdater:2bf2abbb-f03d-4b0e-b27d-2c376d4bd519:group-20A2B0FE613E: set stopIndex = 0
2019-08-29 08:24:21,727 [main] INFO  impl.RaftServerImpl (ServerState.java:close(394)) - 2bf2abbb-f03d-4b0e-b27d-2c376d4bd519:group-20A2B0FE613E closes. The last applied log index is 0
2019-08-29 08:24:21,728 [2bf2abbb-f03d-4b0e-b27d-2c376d4bd519-SegmentedRaftLogWorker:Storage Directory /workdir/hadoop-ozone/integration-test/target/test-dir/MiniOzoneClusterImpl-6291b889-f921-442b-be66-486fed594c04/datanode-3/data/ratis/776dc259-fd2c-4cfb-8cf0-20a2b0fe613e] INFO  segmented.SegmentedRaftLogWorker (SegmentedRaftLogWorker.java:run(313)) - 2bf2abbb-f03d-4b0e-b27d-2c376d4bd519-SegmentedRaftLogWorker:Storage Directory /workdir/hadoop-ozone/integration-test/target/test-dir/MiniOzoneClusterImpl-6291b889-f921-442b-be66-486fed594c04/datanode-3/data/ratis/776dc259-fd2c-4cfb-8cf0-20a2b0fe613e was interrupted, exiting. There are 0 tasks remaining in the queue.
2019-08-29 08:24:21,730 [main] INFO  segmented.SegmentedRaftLogWorker (SegmentedRaftLogWorker.java:close(228)) - 2bf2abbb-f03d-4b0e-b27d-2c376d4bd519-SegmentedRaftLogWorker:Storage Directory /workdir/hadoop-ozone/integration-test/target/test-dir/MiniOzoneClusterImpl-6291b889-f921-442b-be66-486fed594c04/datanode-3/data/ratis/776dc259-fd2c-4cfb-8cf0-20a2b0fe613e close()
2019-08-29 08:24:21,734 [main] INFO  impl.RaftServerImpl (RaftServerImpl.java:lambda$shutdown$3(245)) - 2bf2abbb-f03d-4b0e-b27d-2c376d4bd519: shutdown group-8B1667B5E62E
2019-08-29 08:24:21,734 [main] INFO  util.JmxRegister (JmxRegister.java:unregister(73)) - Successfully un-registered JMX Bean with object name Ratis:service=RaftServer,group=group-8B1667B5E62E,id=2bf2abbb-f03d-4b0e-b27d-2c376d4bd519
2019-08-29 08:24:21,734 [main] INFO  impl.RoleInfo (RoleInfo.java:shutdownFollowerState(121)) - 2bf2abbb-f03d-4b0e-b27d-2c376d4bd519: shutdown FollowerState
2019-08-29 08:24:21,735 [main] INFO  impl.StateMachineUpdater (StateMachineUpdater.java:stopAndJoin(115)) - StateMachineUpdater:2bf2abbb-f03d-4b0e-b27d-2c376d4bd519:group-8B1667B5E62E: set stopIndex = 6
2019-08-29 08:24:21,735 [StateMachineUpdater:2bf2abbb-f03d-4b0e-b27d-2c376d4bd519:group-8B1667B5E62E] INFO  ratis.ContainerStateMachine (ContainerStateMachine.java:takeSnapshot(283)) - group-8B1667B5E62E: Taking a snapshot at:(t:2, i:6) file /workdir/hadoop-ozone/integration-test/target/test-dir/MiniOzoneClusterImpl-6291b889-f921-442b-be66-486fed594c04/datanode-3/data/ratis/c28299d6-49f7-41c4-8395-8b1667b5e62e/sm/snapshot.2_6
2019-08-29 08:24:21,735 [Thread-4320] INFO  impl.FollowerState (FollowerState.java:run(114)) - 2bf2abbb-f03d-4b0e-b27d-2c376d4bd519: FollowerState was interrupted: java.lang.InterruptedException: sleep interrupted
2019-08-29 08:24:21,750 [StateMachineUpdater:2bf2abbb-f03d-4b0e-b27d-2c376d4bd519:group-8B1667B5E62E] INFO  ratis.ContainerStateMachine (ContainerStateMachine.java:takeSnapshot(294)) - group-8B1667B5E62E: Finished taking a snapshot at:(t:2, i:6) file:/workdir/hadoop-ozone/integration-test/target/test-dir/MiniOzoneClusterImpl-6291b889-f921-442b-be66-486fed594c04/datanode-3/data/ratis/c28299d6-49f7-41c4-8395-8b1667b5e62e/sm/snapshot.2_6 time:16
2019-08-29 08:24:21,750 [StateMachineUpdater:f3af49b3-6b43-4dcd-87a2-e9c9c1638f7b:group-EBBB911C96B3] INFO  ratis.ContainerStateMachine (ContainerStateMachine.java:takeSnapshot(294)) - group-EBBB911C96B3: Finished taking a snapshot at:(t:1, i:4) file:/workdir/hadoop-ozone/integration-test/target/test-dir/MiniOzoneClusterImpl-6291b889-f921-442b-be66-486fed594c04/datanode-2/data/ratis/a06ce0ce-00b7-4c4f-86b9-ebbb911c96b3/sm/snapshot.1_4 time:24
2019-08-29 08:24:21,750 [StateMachineUpdater:2bf2abbb-f03d-4b0e-b27d-2c376d4bd519:group-8B1667B5E62E] INFO  impl.StateMachineUpdater (StateMachineUpdater.java:takeSnapshot(242)) - StateMachineUpdater:2bf2abbb-f03d-4b0e-b27d-2c376d4bd519:group-8B1667B5E62E: Took a snapshot at index 6
2019-08-29 08:24:21,750 [StateMachineUpdater:f3af49b3-6b43-4dcd-87a2-e9c9c1638f7b:group-EBBB911C96B3] INFO  impl.StateMachineUpdater (StateMachineUpdater.java:takeSnapshot(242)) - StateMachineUpdater:f3af49b3-6b43-4dcd-87a2-e9c9c1638f7b:group-EBBB911C96B3: Took a snapshot at index 4
2019-08-29 08:24:21,750 [StateMachineUpdater:2bf2abbb-f03d-4b0e-b27d-2c376d4bd519:group-8B1667B5E62E] INFO  impl.StateMachineUpdater (StateMachineUpdater.java:lambda$new$0(80)) - StateMachineUpdater:2bf2abbb-f03d-4b0e-b27d-2c376d4bd519:group-8B1667B5E62E: snapshotIndex: updateIncreasingly -1 -> 6
2019-08-29 08:24:21,750 [StateMachineUpdater:f3af49b3-6b43-4dcd-87a2-e9c9c1638f7b:group-EBBB911C96B3] INFO  impl.StateMachineUpdater (StateMachineUpdater.java:lambda$new$0(80)) - StateMachineUpdater:f3af49b3-6b43-4dcd-87a2-e9c9c1638f7b:group-EBBB911C96B3: snapshotIndex: updateIncreasingly -1 -> 4
2019-08-29 08:24:21,751 [main] INFO  impl.RaftServerImpl (ServerState.java:close(394)) - 2bf2abbb-f03d-4b0e-b27d-2c376d4bd519:group-8B1667B5E62E closes. The last applied log index is 6
2019-08-29 08:24:21,751 [ForkJoinPool.commonPool-worker-1] INFO  impl.RaftServerImpl (ServerState.java:close(394)) - f3af49b3-6b43-4dcd-87a2-e9c9c1638f7b:group-EBBB911C96B3 closes. The last applied log index is 6
2019-08-29 08:24:21,751 [2bf2abbb-f03d-4b0e-b27d-2c376d4bd519-SegmentedRaftLogWorker:Storage Directory /workdir/hadoop-ozone/integration-test/target/test-dir/MiniOzoneClusterImpl-6291b889-f921-442b-be66-486fed594c04/datanode-3/data/ratis/c28299d6-49f7-41c4-8395-8b1667b5e62e] INFO  segmented.SegmentedRaftLogWorker (SegmentedRaftLogWorker.java:run(313)) - 2bf2abbb-f03d-4b0e-b27d-2c376d4bd519-SegmentedRaftLogWorker:Storage Directory /workdir/hadoop-ozone/integration-test/target/test-dir/MiniOzoneClusterImpl-6291b889-f921-442b-be66-486fed594c04/datanode-3/data/ratis/c28299d6-49f7-41c4-8395-8b1667b5e62e was interrupted, exiting. There are 0 tasks remaining in the queue.
2019-08-29 08:24:21,751 [f3af49b3-6b43-4dcd-87a2-e9c9c1638f7b-SegmentedRaftLogWorker:Storage Directory /workdir/hadoop-ozone/integration-test/target/test-dir/MiniOzoneClusterImpl-6291b889-f921-442b-be66-486fed594c04/datanode-2/data/ratis/a06ce0ce-00b7-4c4f-86b9-ebbb911c96b3] INFO  segmented.SegmentedRaftLogWorker (SegmentedRaftLogWorker.java:run(313)) - f3af49b3-6b43-4dcd-87a2-e9c9c1638f7b-SegmentedRaftLogWorker:Storage Directory /workdir/hadoop-ozone/integration-test/target/test-dir/MiniOzoneClusterImpl-6291b889-f921-442b-be66-486fed594c04/datanode-2/data/ratis/a06ce0ce-00b7-4c4f-86b9-ebbb911c96b3 was interrupted, exiting. There are 0 tasks remaining in the queue.
2019-08-29 08:24:21,754 [main] INFO  segmented.SegmentedRaftLogWorker (SegmentedRaftLogWorker.java:close(228)) - 2bf2abbb-f03d-4b0e-b27d-2c376d4bd519-SegmentedRaftLogWorker:Storage Directory /workdir/hadoop-ozone/integration-test/target/test-dir/MiniOzoneClusterImpl-6291b889-f921-442b-be66-486fed594c04/datanode-3/data/ratis/c28299d6-49f7-41c4-8395-8b1667b5e62e close()
2019-08-29 08:24:21,754 [ForkJoinPool.commonPool-worker-1] INFO  segmented.SegmentedRaftLogWorker (SegmentedRaftLogWorker.java:close(228)) - f3af49b3-6b43-4dcd-87a2-e9c9c1638f7b-SegmentedRaftLogWorker:Storage Directory /workdir/hadoop-ozone/integration-test/target/test-dir/MiniOzoneClusterImpl-6291b889-f921-442b-be66-486fed594c04/datanode-2/data/ratis/a06ce0ce-00b7-4c4f-86b9-ebbb911c96b3 close()
2019-08-29 08:24:21,757 [main] INFO  server.GrpcService (GrpcService.java:closeImpl(155)) - 2bf2abbb-f03d-4b0e-b27d-2c376d4bd519: shutdown server with port 37716 now
2019-08-29 08:24:21,766 [ForkJoinPool.commonPool-worker-1] INFO  impl.RaftServerImpl (RaftServerImpl.java:lambda$shutdown$3(245)) - f3af49b3-6b43-4dcd-87a2-e9c9c1638f7b: shutdown group-85213D96FE53
2019-08-29 08:24:21,766 [ForkJoinPool.commonPool-worker-1] INFO  util.JmxRegister (JmxRegister.java:unregister(73)) - Successfully un-registered JMX Bean with object name Ratis:service=RaftServer,group=group-85213D96FE53,id=f3af49b3-6b43-4dcd-87a2-e9c9c1638f7b
2019-08-29 08:24:21,766 [ForkJoinPool.commonPool-worker-1] INFO  impl.RoleInfo (RoleInfo.java:shutdownLeaderState(104)) - f3af49b3-6b43-4dcd-87a2-e9c9c1638f7b: shutdown LeaderState
2019-08-29 08:24:21,766 [main] INFO  server.GrpcService (GrpcService.java:closeImpl(163)) - 2bf2abbb-f03d-4b0e-b27d-2c376d4bd519: shutdown server with port 37716 successfully
2019-08-29 08:24:21,767 [ForkJoinPool.commonPool-worker-1] INFO  impl.PendingRequests (PendingRequests.java:sendNotLeaderResponses(202)) - f3af49b3-6b43-4dcd-87a2-e9c9c1638f7b-PendingRequests: sendNotLeaderResponses
2019-08-29 08:24:21,767 [ForkJoinPool.commonPool-worker-1] INFO  impl.StateMachineUpdater (StateMachineUpdater.java:stopAndJoin(115)) - StateMachineUpdater:f3af49b3-6b43-4dcd-87a2-e9c9c1638f7b:group-85213D96FE53: set stopIndex = 0
2019-08-29 08:24:21,767 [ForkJoinPool.commonPool-worker-1] INFO  impl.RaftServerImpl (ServerState.java:close(394)) - f3af49b3-6b43-4dcd-87a2-e9c9c1638f7b:group-85213D96FE53 closes. The last applied log index is 0
2019-08-29 08:24:21,767 [f3af49b3-6b43-4dcd-87a2-e9c9c1638f7b-SegmentedRaftLogWorker:Storage Directory /workdir/hadoop-ozone/integration-test/target/test-dir/MiniOzoneClusterImpl-6291b889-f921-442b-be66-486fed594c04/datanode-2/data/ratis/df786622-dd82-4179-9b88-85213d96fe53] INFO  segmented.SegmentedRaftLogWorker (SegmentedRaftLogWorker.java:run(313)) - f3af49b3-6b43-4dcd-87a2-e9c9c1638f7b-SegmentedRaftLogWorker:Storage Directory /workdir/hadoop-ozone/integration-test/target/test-dir/MiniOzoneClusterImpl-6291b889-f921-442b-be66-486fed594c04/datanode-2/data/ratis/df786622-dd82-4179-9b88-85213d96fe53 was interrupted, exiting. There are 0 tasks remaining in the queue.
2019-08-29 08:24:21,769 [ForkJoinPool.commonPool-worker-1] INFO  segmented.SegmentedRaftLogWorker (SegmentedRaftLogWorker.java:close(228)) - f3af49b3-6b43-4dcd-87a2-e9c9c1638f7b-SegmentedRaftLogWorker:Storage Directory /workdir/hadoop-ozone/integration-test/target/test-dir/MiniOzoneClusterImpl-6291b889-f921-442b-be66-486fed594c04/datanode-2/data/ratis/df786622-dd82-4179-9b88-85213d96fe53 close()
2019-08-29 08:24:21,769 [main] INFO  utils.BackgroundService (BackgroundService.java:shutdown(148)) - Shutting down service BlockDeletingService
2019-08-29 08:24:21,771 [ForkJoinPool.commonPool-worker-1] INFO  server.GrpcService (GrpcService.java:closeImpl(155)) - f3af49b3-6b43-4dcd-87a2-e9c9c1638f7b: shutdown server with port 34870 now
2019-08-29 08:24:21,772 [ForkJoinPool.commonPool-worker-1] INFO  server.GrpcService (GrpcService.java:closeImpl(163)) - f3af49b3-6b43-4dcd-87a2-e9c9c1638f7b: shutdown server with port 34870 successfully
2019-08-29 08:24:21,772 [refreshUsed-/workdir/hadoop-ozone/integration-test/target/test-dir/MiniOzoneClusterImpl-6291b889-f921-442b-be66-486fed594c04/datanode-3/data/containers] WARN  fs.CachingGetSpaceUsed (CachingGetSpaceUsed.java:run(183)) - Thread Interrupted waiting to refresh disk information: sleep interrupted
2019-08-29 08:24:21,773 [ForkJoinPool.commonPool-worker-1] INFO  utils.BackgroundService (BackgroundService.java:shutdown(148)) - Shutting down service BlockDeletingService
2019-08-29 08:24:21,775 [refreshUsed-/workdir/hadoop-ozone/integration-test/target/test-dir/MiniOzoneClusterImpl-6291b889-f921-442b-be66-486fed594c04/datanode-2/data/containers] WARN  fs.CachingGetSpaceUsed (CachingGetSpaceUsed.java:run(183)) - Thread Interrupted waiting to refresh disk information: sleep interrupted
2019-08-29 08:24:21,789 [main] INFO  statemachine.DatanodeStateMachine (DatanodeStateMachine.java:stopDaemon(395)) - Ozone container server stopped.
2019-08-29 08:24:21,796 [ForkJoinPool.commonPool-worker-1] INFO  statemachine.DatanodeStateMachine (DatanodeStateMachine.java:stopDaemon(395)) - Ozone container server stopped.
2019-08-29 08:24:21,801 [ForkJoinPool.commonPool-worker-1] INFO  handler.ContextHandler (ContextHandler.java:doStop(910)) - Stopped o.e.j.w.WebAppContext@3597174b{/,null,UNAVAILABLE}{/hddsDatanode}
2019-08-29 08:24:21,801 [main] INFO  handler.ContextHandler (ContextHandler.java:doStop(910)) - Stopped o.e.j.w.WebAppContext@143abb21{/,null,UNAVAILABLE}{/hddsDatanode}
2019-08-29 08:24:21,801 [ForkJoinPool.commonPool-worker-1] INFO  server.AbstractConnector (AbstractConnector.java:doStop(318)) - Stopped ServerConnector@24a38ef3{HTTP/1.1,[http/1.1]}{0.0.0.0:0}
2019-08-29 08:24:21,802 [ForkJoinPool.commonPool-worker-1] INFO  handler.ContextHandler (ContextHandler.java:doStop(910)) - Stopped o.e.j.s.ServletContextHandler@12bb0322{/static,jar:file:/home/user/.m2/repository/org/apache/hadoop/hadoop-hdds-container-service/0.5.0-SNAPSHOT/hadoop-hdds-container-service-0.5.0-SNAPSHOT.jar!/webapps/static,UNAVAILABLE}
2019-08-29 08:24:21,803 [main] INFO  server.AbstractConnector (AbstractConnector.java:doStop(318)) - Stopped ServerConnector@5813046e{HTTP/1.1,[http/1.1]}{0.0.0.0:0}
2019-08-29 08:24:21,804 [ForkJoinPool.commonPool-worker-1] INFO  handler.ContextHandler (ContextHandler.java:doStop(910)) - Stopped o.e.j.s.ServletContextHandler@1e5e0e75{/logs,file:///workdir/hadoop-ozone/integration-test/target/log,UNAVAILABLE}
2019-08-29 08:24:21,804 [main] INFO  handler.ContextHandler (ContextHandler.java:doStop(910)) - Stopped o.e.j.s.ServletContextHandler@56b4951a{/static,jar:file:/home/user/.m2/repository/org/apache/hadoop/hadoop-hdds-container-service/0.5.0-SNAPSHOT/hadoop-hdds-container-service-0.5.0-SNAPSHOT.jar!/webapps/static,UNAVAILABLE}
2019-08-29 08:24:21,805 [ForkJoinPool.commonPool-worker-1] INFO  datanode.ObjectStoreHandler (ObjectStoreHandler.java:close(155)) - Closing ObjectStoreHandler.
2019-08-29 08:24:21,805 [main] INFO  handler.ContextHandler (ContextHandler.java:doStop(910)) - Stopped o.e.j.s.ServletContextHandler@2d170dac{/logs,file:///workdir/hadoop-ozone/integration-test/target/log,UNAVAILABLE}
2019-08-29 08:24:21,805 [ForkJoinPool.commonPool-worker-1] INFO  ozone.HddsDatanodeService (HddsDatanodeService.java:stop(451)) - Stopped plug-in org.apache.hadoop.ozone.web.OzoneHddsDatanodeService@375dc95c
2019-08-29 08:24:21,806 [main] INFO  datanode.ObjectStoreHandler (ObjectStoreHandler.java:close(155)) - Closing ObjectStoreHandler.
2019-08-29 08:24:21,806 [main] INFO  ozone.HddsDatanodeService (HddsDatanodeService.java:stop(451)) - Stopped plug-in org.apache.hadoop.ozone.web.OzoneHddsDatanodeService@5ce1b67b
2019-08-29 08:24:22,138 | INFO  | SCMAudit | user=jenkins1000 | ip=192.168.69.89 | op=SEND_HEARTBEAT {datanodeUUID=94e856c7-b0ce-4c30-ba6b-01ce82d994d4, command=[]} | ret=SUCCESS |  
2019-08-29 08:24:22,141 [Thread-4247] INFO  impl.FollowerState (FollowerState.java:run(106)) - 0fa1021d-9840-440b-95fc-3f35327e9810:group-EBBB911C96B3 changes to CANDIDATE, lastRpcTime:5610, electionTimeout:5117ms
2019-08-29 08:24:22,141 [Thread-4247] INFO  impl.RoleInfo (RoleInfo.java:shutdownFollowerState(121)) - 0fa1021d-9840-440b-95fc-3f35327e9810: shutdown FollowerState
2019-08-29 08:24:22,141 [Thread-4247] INFO  impl.RaftServerImpl (RaftServerImpl.java:setRole(171)) - 0fa1021d-9840-440b-95fc-3f35327e9810:group-EBBB911C96B3 changes role from FOLLOWER to CANDIDATE at term 1 for changeToCandidate
2019-08-29 08:24:22,142 [Thread-4247] INFO  impl.RoleInfo (RoleInfo.java:updateAndGet(143)) - 0fa1021d-9840-440b-95fc-3f35327e9810: start LeaderElection
2019-08-29 08:24:22,142 [0fa1021d-9840-440b-95fc-3f35327e9810:group-EBBB911C96B3:LeaderElection110] INFO  impl.RaftServerImpl (ServerState.java:setLeader(263)) - 0fa1021d-9840-440b-95fc-3f35327e9810:group-EBBB911C96B3 change Leader from ee5c7872-3dc8-4a1b-b96f-cbf662dd320f to null at term 1 for initElection
2019-08-29 08:24:22,167 [0fa1021d-9840-440b-95fc-3f35327e9810:group-EBBB911C96B3:LeaderElection110] INFO  impl.LeaderElection (LeaderElection.java:askForVotes(181)) - 0fa1021d-9840-440b-95fc-3f35327e9810:group-EBBB911C96B3:LeaderElection110: begin an election at term 2 for 0: [f3af49b3-6b43-4dcd-87a2-e9c9c1638f7b:192.168.69.89:34870, 0fa1021d-9840-440b-95fc-3f35327e9810:192.168.69.89:41905, ee5c7872-3dc8-4a1b-b96f-cbf662dd320f:192.168.69.89:41195], old=null
2019-08-29 08:24:22,170 [0fa1021d-9840-440b-95fc-3f35327e9810:group-EBBB911C96B3:LeaderElection110] INFO  impl.LeaderElection (LogUtils.java:infoOrTrace(149)) - 0fa1021d-9840-440b-95fc-3f35327e9810:group-EBBB911C96B3:LeaderElection110 got exception when requesting votes: {}
java.util.concurrent.ExecutionException: org.apache.ratis.thirdparty.io.grpc.StatusRuntimeException: UNAVAILABLE: io exception
	at java.util.concurrent.FutureTask.report(FutureTask.java:122)
	at java.util.concurrent.FutureTask.get(FutureTask.java:192)
	at org.apache.ratis.server.impl.LeaderElection.waitForResults(LeaderElection.java:262)
	at org.apache.ratis.server.impl.LeaderElection.askForVotes(LeaderElection.java:200)
	at org.apache.ratis.server.impl.LeaderElection.run(LeaderElection.java:130)
	at java.lang.Thread.run(Thread.java:748)
Caused by: org.apache.ratis.thirdparty.io.grpc.StatusRuntimeException: UNAVAILABLE: io exception
	at org.apache.ratis.thirdparty.io.grpc.stub.ClientCalls.toStatusRuntimeException(ClientCalls.java:233)
	at org.apache.ratis.thirdparty.io.grpc.stub.ClientCalls.getUnchecked(ClientCalls.java:214)
	at org.apache.ratis.thirdparty.io.grpc.stub.ClientCalls.blockingUnaryCall(ClientCalls.java:139)
	at org.apache.ratis.proto.grpc.RaftServerProtocolServiceGrpc$RaftServerProtocolServiceBlockingStub.requestVote(RaftServerProtocolServiceGrpc.java:265)
	at org.apache.ratis.grpc.server.GrpcServerProtocolClient.requestVote(GrpcServerProtocolClient.java:83)
	at org.apache.ratis.grpc.server.GrpcService.requestVote(GrpcService.java:195)
	at org.apache.ratis.server.impl.LeaderElection.lambda$submitRequests$1(LeaderElection.java:237)
	at java.util.concurrent.FutureTask.run(FutureTask.java:266)
	at java.util.concurrent.Executors$RunnableAdapter.call(Executors.java:511)
	at java.util.concurrent.FutureTask.run(FutureTask.java:266)
	at java.util.concurrent.ThreadPoolExecutor.runWorker(ThreadPoolExecutor.java:1149)
	at java.util.concurrent.ThreadPoolExecutor$Worker.run(ThreadPoolExecutor.java:624)
	... 1 more
Caused by: org.apache.ratis.thirdparty.io.netty.channel.AbstractChannel$AnnotatedConnectException: Connection refused: /192.168.69.89:34870
	at sun.nio.ch.SocketChannelImpl.checkConnect(Native Method)
	at sun.nio.ch.SocketChannelImpl.finishConnect(SocketChannelImpl.java:717)
	at org.apache.ratis.thirdparty.io.netty.channel.socket.nio.NioSocketChannel.doFinishConnect(NioSocketChannel.java:327)
	at org.apache.ratis.thirdparty.io.netty.channel.nio.AbstractNioChannel$AbstractNioUnsafe.finishConnect(AbstractNioChannel.java:340)
	at org.apache.ratis.thirdparty.io.netty.channel.nio.NioEventLoop.processSelectedKey(NioEventLoop.java:632)
	at org.apache.ratis.thirdparty.io.netty.channel.nio.NioEventLoop.processSelectedKeysOptimized(NioEventLoop.java:579)
	at org.apache.ratis.thirdparty.io.netty.channel.nio.NioEventLoop.processSelectedKeys(NioEventLoop.java:496)
	at org.apache.ratis.thirdparty.io.netty.channel.nio.NioEventLoop.run(NioEventLoop.java:458)
	at org.apache.ratis.thirdparty.io.netty.util.concurrent.SingleThreadEventExecutor$5.run(SingleThreadEventExecutor.java:897)
	at org.apache.ratis.thirdparty.io.netty.util.concurrent.FastThreadLocalRunnable.run(FastThreadLocalRunnable.java:30)
	... 1 more
Caused by: java.net.ConnectException: Connection refused
	... 11 more
2019-08-29 08:24:22,173 [0fa1021d-9840-440b-95fc-3f35327e9810:group-EBBB911C96B3:LeaderElection110] INFO  impl.LeaderElection (LogUtils.java:infoOrTrace(149)) - 0fa1021d-9840-440b-95fc-3f35327e9810:group-EBBB911C96B3:LeaderElection110 got exception when requesting votes: {}
java.util.concurrent.ExecutionException: org.apache.ratis.thirdparty.io.grpc.StatusRuntimeException: UNAVAILABLE: io exception
	at java.util.concurrent.FutureTask.report(FutureTask.java:122)
	at java.util.concurrent.FutureTask.get(FutureTask.java:192)
	at org.apache.ratis.server.impl.LeaderElection.waitForResults(LeaderElection.java:262)
	at org.apache.ratis.server.impl.LeaderElection.askForVotes(LeaderElection.java:200)
	at org.apache.ratis.server.impl.LeaderElection.run(LeaderElection.java:130)
	at java.lang.Thread.run(Thread.java:748)
Caused by: org.apache.ratis.thirdparty.io.grpc.StatusRuntimeException: UNAVAILABLE: io exception
	at org.apache.ratis.thirdparty.io.grpc.stub.ClientCalls.toStatusRuntimeException(ClientCalls.java:233)
	at org.apache.ratis.thirdparty.io.grpc.stub.ClientCalls.getUnchecked(ClientCalls.java:214)
	at org.apache.ratis.thirdparty.io.grpc.stub.ClientCalls.blockingUnaryCall(ClientCalls.java:139)
	at org.apache.ratis.proto.grpc.RaftServerProtocolServiceGrpc$RaftServerProtocolServiceBlockingStub.requestVote(RaftServerProtocolServiceGrpc.java:265)
	at org.apache.ratis.grpc.server.GrpcServerProtocolClient.requestVote(GrpcServerProtocolClient.java:83)
	at org.apache.ratis.grpc.server.GrpcService.requestVote(GrpcService.java:195)
	at org.apache.ratis.server.impl.LeaderElection.lambda$submitRequests$1(LeaderElection.java:237)
	at java.util.concurrent.FutureTask.run(FutureTask.java:266)
	at java.util.concurrent.Executors$RunnableAdapter.call(Executors.java:511)
	at java.util.concurrent.FutureTask.run(FutureTask.java:266)
	at java.util.concurrent.ThreadPoolExecutor.runWorker(ThreadPoolExecutor.java:1149)
	at java.util.concurrent.ThreadPoolExecutor$Worker.run(ThreadPoolExecutor.java:624)
	... 1 more
Caused by: org.apache.ratis.thirdparty.io.netty.channel.AbstractChannel$AnnotatedConnectException: Connection refused: /192.168.69.89:41195
	at sun.nio.ch.SocketChannelImpl.checkConnect(Native Method)
	at sun.nio.ch.SocketChannelImpl.finishConnect(SocketChannelImpl.java:717)
	at org.apache.ratis.thirdparty.io.netty.channel.socket.nio.NioSocketChannel.doFinishConnect(NioSocketChannel.java:327)
	at org.apache.ratis.thirdparty.io.netty.channel.nio.AbstractNioChannel$AbstractNioUnsafe.finishConnect(AbstractNioChannel.java:340)
	at org.apache.ratis.thirdparty.io.netty.channel.nio.NioEventLoop.processSelectedKey(NioEventLoop.java:632)
	at org.apache.ratis.thirdparty.io.netty.channel.nio.NioEventLoop.processSelectedKeysOptimized(NioEventLoop.java:579)
	at org.apache.ratis.thirdparty.io.netty.channel.nio.NioEventLoop.processSelectedKeys(NioEventLoop.java:496)
	at org.apache.ratis.thirdparty.io.netty.channel.nio.NioEventLoop.run(NioEventLoop.java:458)
	at org.apache.ratis.thirdparty.io.netty.util.concurrent.SingleThreadEventExecutor$5.run(SingleThreadEventExecutor.java:897)
	at org.apache.ratis.thirdparty.io.netty.util.concurrent.FastThreadLocalRunnable.run(FastThreadLocalRunnable.java:30)
	... 1 more
Caused by: java.net.ConnectException: Connection refused
	... 11 more
2019-08-29 08:24:22,176 [0fa1021d-9840-440b-95fc-3f35327e9810:group-EBBB911C96B3:LeaderElection110] INFO  impl.LeaderElection (LeaderElection.java:logAndReturn(56)) - 0fa1021d-9840-440b-95fc-3f35327e9810:group-EBBB911C96B3:LeaderElection110: Election REJECTED; received 0 response(s) [] and 2 exception(s); 0fa1021d-9840-440b-95fc-3f35327e9810:t2, leader=null, voted=0fa1021d-9840-440b-95fc-3f35327e9810, raftlog=0fa1021d-9840-440b-95fc-3f35327e9810-SegmentedRaftLog:OPENED:c6,f6,i6, conf=0: [f3af49b3-6b43-4dcd-87a2-e9c9c1638f7b:192.168.69.89:34870, 0fa1021d-9840-440b-95fc-3f35327e9810:192.168.69.89:41905, ee5c7872-3dc8-4a1b-b96f-cbf662dd320f:192.168.69.89:41195], old=null
2019-08-29 08:24:22,176 [0fa1021d-9840-440b-95fc-3f35327e9810:group-EBBB911C96B3:LeaderElection110] INFO  impl.LeaderElection (LogUtils.java:infoOrTrace(149)) -   Exception 0: {}
java.util.concurrent.ExecutionException: org.apache.ratis.thirdparty.io.grpc.StatusRuntimeException: UNAVAILABLE: io exception
	at java.util.concurrent.FutureTask.report(FutureTask.java:122)
	at java.util.concurrent.FutureTask.get(FutureTask.java:192)
	at org.apache.ratis.server.impl.LeaderElection.waitForResults(LeaderElection.java:262)
	at org.apache.ratis.server.impl.LeaderElection.askForVotes(LeaderElection.java:200)
	at org.apache.ratis.server.impl.LeaderElection.run(LeaderElection.java:130)
	at java.lang.Thread.run(Thread.java:748)
Caused by: org.apache.ratis.thirdparty.io.grpc.StatusRuntimeException: UNAVAILABLE: io exception
	at org.apache.ratis.thirdparty.io.grpc.stub.ClientCalls.toStatusRuntimeException(ClientCalls.java:233)
	at org.apache.ratis.thirdparty.io.grpc.stub.ClientCalls.getUnchecked(ClientCalls.java:214)
	at org.apache.ratis.thirdparty.io.grpc.stub.ClientCalls.blockingUnaryCall(ClientCalls.java:139)
	at org.apache.ratis.proto.grpc.RaftServerProtocolServiceGrpc$RaftServerProtocolServiceBlockingStub.requestVote(RaftServerProtocolServiceGrpc.java:265)
	at org.apache.ratis.grpc.server.GrpcServerProtocolClient.requestVote(GrpcServerProtocolClient.java:83)
	at org.apache.ratis.grpc.server.GrpcService.requestVote(GrpcService.java:195)
	at org.apache.ratis.server.impl.LeaderElection.lambda$submitRequests$1(LeaderElection.java:237)
	at java.util.concurrent.FutureTask.run(FutureTask.java:266)
	at java.util.concurrent.Executors$RunnableAdapter.call(Executors.java:511)
	at java.util.concurrent.FutureTask.run(FutureTask.java:266)
	at java.util.concurrent.ThreadPoolExecutor.runWorker(ThreadPoolExecutor.java:1149)
	at java.util.concurrent.ThreadPoolExecutor$Worker.run(ThreadPoolExecutor.java:624)
	... 1 more
Caused by: org.apache.ratis.thirdparty.io.netty.channel.AbstractChannel$AnnotatedConnectException: Connection refused: /192.168.69.89:34870
	at sun.nio.ch.SocketChannelImpl.checkConnect(Native Method)
	at sun.nio.ch.SocketChannelImpl.finishConnect(SocketChannelImpl.java:717)
	at org.apache.ratis.thirdparty.io.netty.channel.socket.nio.NioSocketChannel.doFinishConnect(NioSocketChannel.java:327)
	at org.apache.ratis.thirdparty.io.netty.channel.nio.AbstractNioChannel$AbstractNioUnsafe.finishConnect(AbstractNioChannel.java:340)
	at org.apache.ratis.thirdparty.io.netty.channel.nio.NioEventLoop.processSelectedKey(NioEventLoop.java:632)
	at org.apache.ratis.thirdparty.io.netty.channel.nio.NioEventLoop.processSelectedKeysOptimized(NioEventLoop.java:579)
	at org.apache.ratis.thirdparty.io.netty.channel.nio.NioEventLoop.processSelectedKeys(NioEventLoop.java:496)
	at org.apache.ratis.thirdparty.io.netty.channel.nio.NioEventLoop.run(NioEventLoop.java:458)
	at org.apache.ratis.thirdparty.io.netty.util.concurrent.SingleThreadEventExecutor$5.run(SingleThreadEventExecutor.java:897)
	at org.apache.ratis.thirdparty.io.netty.util.concurrent.FastThreadLocalRunnable.run(FastThreadLocalRunnable.java:30)
	... 1 more
Caused by: java.net.ConnectException: Connection refused
	... 11 more
2019-08-29 08:24:22,176 [0fa1021d-9840-440b-95fc-3f35327e9810:group-EBBB911C96B3:LeaderElection110] INFO  impl.LeaderElection (LogUtils.java:infoOrTrace(149)) -   Exception 1: {}
java.util.concurrent.ExecutionException: org.apache.ratis.thirdparty.io.grpc.StatusRuntimeException: UNAVAILABLE: io exception
	at java.util.concurrent.FutureTask.report(FutureTask.java:122)
	at java.util.concurrent.FutureTask.get(FutureTask.java:192)
	at org.apache.ratis.server.impl.LeaderElection.waitForResults(LeaderElection.java:262)
	at org.apache.ratis.server.impl.LeaderElection.askForVotes(LeaderElection.java:200)
	at org.apache.ratis.server.impl.LeaderElection.run(LeaderElection.java:130)
	at java.lang.Thread.run(Thread.java:748)
Caused by: org.apache.ratis.thirdparty.io.grpc.StatusRuntimeException: UNAVAILABLE: io exception
	at org.apache.ratis.thirdparty.io.grpc.stub.ClientCalls.toStatusRuntimeException(ClientCalls.java:233)
	at org.apache.ratis.thirdparty.io.grpc.stub.ClientCalls.getUnchecked(ClientCalls.java:214)
	at org.apache.ratis.thirdparty.io.grpc.stub.ClientCalls.blockingUnaryCall(ClientCalls.java:139)
	at org.apache.ratis.proto.grpc.RaftServerProtocolServiceGrpc$RaftServerProtocolServiceBlockingStub.requestVote(RaftServerProtocolServiceGrpc.java:265)
	at org.apache.ratis.grpc.server.GrpcServerProtocolClient.requestVote(GrpcServerProtocolClient.java:83)
	at org.apache.ratis.grpc.server.GrpcService.requestVote(GrpcService.java:195)
	at org.apache.ratis.server.impl.LeaderElection.lambda$submitRequests$1(LeaderElection.java:237)
	at java.util.concurrent.FutureTask.run(FutureTask.java:266)
	at java.util.concurrent.Executors$RunnableAdapter.call(Executors.java:511)
	at java.util.concurrent.FutureTask.run(FutureTask.java:266)
	at java.util.concurrent.ThreadPoolExecutor.runWorker(ThreadPoolExecutor.java:1149)
	at java.util.concurrent.ThreadPoolExecutor$Worker.run(ThreadPoolExecutor.java:624)
	... 1 more
Caused by: org.apache.ratis.thirdparty.io.netty.channel.AbstractChannel$AnnotatedConnectException: Connection refused: /192.168.69.89:41195
	at sun.nio.ch.SocketChannelImpl.checkConnect(Native Method)
	at sun.nio.ch.SocketChannelImpl.finishConnect(SocketChannelImpl.java:717)
	at org.apache.ratis.thirdparty.io.netty.channel.socket.nio.NioSocketChannel.doFinishConnect(NioSocketChannel.java:327)
	at org.apache.ratis.thirdparty.io.netty.channel.nio.AbstractNioChannel$AbstractNioUnsafe.finishConnect(AbstractNioChannel.java:340)
	at org.apache.ratis.thirdparty.io.netty.channel.nio.NioEventLoop.processSelectedKey(NioEventLoop.java:632)
	at org.apache.ratis.thirdparty.io.netty.channel.nio.NioEventLoop.processSelectedKeysOptimized(NioEventLoop.java:579)
	at org.apache.ratis.thirdparty.io.netty.channel.nio.NioEventLoop.processSelectedKeys(NioEventLoop.java:496)
	at org.apache.ratis.thirdparty.io.netty.channel.nio.NioEventLoop.run(NioEventLoop.java:458)
	at org.apache.ratis.thirdparty.io.netty.util.concurrent.SingleThreadEventExecutor$5.run(SingleThreadEventExecutor.java:897)
	at org.apache.ratis.thirdparty.io.netty.util.concurrent.FastThreadLocalRunnable.run(FastThreadLocalRunnable.java:30)
	... 1 more
Caused by: java.net.ConnectException: Connection refused
	... 11 more
2019-08-29 08:24:22,177 [0fa1021d-9840-440b-95fc-3f35327e9810:group-EBBB911C96B3:LeaderElection110] INFO  impl.RaftServerImpl (RaftServerImpl.java:setRole(171)) - 0fa1021d-9840-440b-95fc-3f35327e9810:group-EBBB911C96B3 changes role from CANDIDATE to FOLLOWER at term 2 for DISCOVERED_A_NEW_TERM
2019-08-29 08:24:22,177 [0fa1021d-9840-440b-95fc-3f35327e9810:group-EBBB911C96B3:LeaderElection110] INFO  impl.RoleInfo (RoleInfo.java:shutdownLeaderElection(134)) - 0fa1021d-9840-440b-95fc-3f35327e9810: shutdown LeaderElection
2019-08-29 08:24:22,177 [0fa1021d-9840-440b-95fc-3f35327e9810:group-EBBB911C96B3:LeaderElection110] INFO  impl.RoleInfo (RoleInfo.java:updateAndGet(143)) - 0fa1021d-9840-440b-95fc-3f35327e9810: start FollowerState
2019-08-29 08:24:22,479 [Datanode State Machine Thread - 0] INFO  statemachine.DatanodeStateMachine (DatanodeStateMachine.java:lambda$startDaemon$0(350)) - Ozone container server started.
2019-08-29 08:24:22,640 [Datanode State Machine Thread - 0] INFO  statemachine.DatanodeStateMachine (DatanodeStateMachine.java:lambda$startDaemon$0(350)) - Ozone container server started.
2019-08-29 08:24:23,035 [Thread-4321] INFO  impl.FollowerState (FollowerState.java:run(106)) - 94e856c7-b0ce-4c30-ba6b-01ce82d994d4:group-8B1667B5E62E changes to CANDIDATE, lastRpcTime:8892, electionTimeout:5048ms
2019-08-29 08:24:23,035 [Thread-4321] INFO  impl.RoleInfo (RoleInfo.java:shutdownFollowerState(121)) - 94e856c7-b0ce-4c30-ba6b-01ce82d994d4: shutdown FollowerState
2019-08-29 08:24:23,035 [Thread-4321] INFO  impl.RaftServerImpl (RaftServerImpl.java:setRole(171)) - 94e856c7-b0ce-4c30-ba6b-01ce82d994d4:group-8B1667B5E62E changes role from FOLLOWER to CANDIDATE at term 2 for changeToCandidate
2019-08-29 08:24:23,035 [Thread-4321] INFO  impl.RoleInfo (RoleInfo.java:updateAndGet(143)) - 94e856c7-b0ce-4c30-ba6b-01ce82d994d4: start LeaderElection
2019-08-29 08:24:23,035 [94e856c7-b0ce-4c30-ba6b-01ce82d994d4:group-8B1667B5E62E:LeaderElection111] INFO  impl.RaftServerImpl (ServerState.java:setLeader(263)) - 94e856c7-b0ce-4c30-ba6b-01ce82d994d4:group-8B1667B5E62E change Leader from 4e4fc70f-7137-48e5-bce3-ed99a5fefc67 to null at term 2 for initElection
2019-08-29 08:24:23,066 [94e856c7-b0ce-4c30-ba6b-01ce82d994d4:group-8B1667B5E62E:LeaderElection111] INFO  impl.LeaderElection (LeaderElection.java:askForVotes(181)) - 94e856c7-b0ce-4c30-ba6b-01ce82d994d4:group-8B1667B5E62E:LeaderElection111: begin an election at term 3 for 0: [2bf2abbb-f03d-4b0e-b27d-2c376d4bd519:192.168.69.89:37716, 94e856c7-b0ce-4c30-ba6b-01ce82d994d4:192.168.69.89:39647, 4e4fc70f-7137-48e5-bce3-ed99a5fefc67:192.168.69.89:34375], old=null
2019-08-29 08:24:23,068 [94e856c7-b0ce-4c30-ba6b-01ce82d994d4:group-8B1667B5E62E:LeaderElection111] INFO  impl.LeaderElection (LogUtils.java:infoOrTrace(149)) - 94e856c7-b0ce-4c30-ba6b-01ce82d994d4:group-8B1667B5E62E:LeaderElection111 got exception when requesting votes: {}
java.util.concurrent.ExecutionException: org.apache.ratis.thirdparty.io.grpc.StatusRuntimeException: UNAVAILABLE: io exception
	at java.util.concurrent.FutureTask.report(FutureTask.java:122)
	at java.util.concurrent.FutureTask.get(FutureTask.java:192)
	at org.apache.ratis.server.impl.LeaderElection.waitForResults(LeaderElection.java:262)
	at org.apache.ratis.server.impl.LeaderElection.askForVotes(LeaderElection.java:200)
	at org.apache.ratis.server.impl.LeaderElection.run(LeaderElection.java:130)
	at java.lang.Thread.run(Thread.java:748)
Caused by: org.apache.ratis.thirdparty.io.grpc.StatusRuntimeException: UNAVAILABLE: io exception
	at org.apache.ratis.thirdparty.io.grpc.stub.ClientCalls.toStatusRuntimeException(ClientCalls.java:233)
	at org.apache.ratis.thirdparty.io.grpc.stub.ClientCalls.getUnchecked(ClientCalls.java:214)
	at org.apache.ratis.thirdparty.io.grpc.stub.ClientCalls.blockingUnaryCall(ClientCalls.java:139)
	at org.apache.ratis.proto.grpc.RaftServerProtocolServiceGrpc$RaftServerProtocolServiceBlockingStub.requestVote(RaftServerProtocolServiceGrpc.java:265)
	at org.apache.ratis.grpc.server.GrpcServerProtocolClient.requestVote(GrpcServerProtocolClient.java:83)
	at org.apache.ratis.grpc.server.GrpcService.requestVote(GrpcService.java:195)
	at org.apache.ratis.server.impl.LeaderElection.lambda$submitRequests$1(LeaderElection.java:237)
	at java.util.concurrent.FutureTask.run(FutureTask.java:266)
	at java.util.concurrent.Executors$RunnableAdapter.call(Executors.java:511)
	at java.util.concurrent.FutureTask.run(FutureTask.java:266)
	at java.util.concurrent.ThreadPoolExecutor.runWorker(ThreadPoolExecutor.java:1149)
	at java.util.concurrent.ThreadPoolExecutor$Worker.run(ThreadPoolExecutor.java:624)
	... 1 more
Caused by: org.apache.ratis.thirdparty.io.netty.channel.AbstractChannel$AnnotatedConnectException: Connection refused: /192.168.69.89:37716
	at sun.nio.ch.SocketChannelImpl.checkConnect(Native Method)
	at sun.nio.ch.SocketChannelImpl.finishConnect(SocketChannelImpl.java:717)
	at org.apache.ratis.thirdparty.io.netty.channel.socket.nio.NioSocketChannel.doFinishConnect(NioSocketChannel.java:327)
	at org.apache.ratis.thirdparty.io.netty.channel.nio.AbstractNioChannel$AbstractNioUnsafe.finishConnect(AbstractNioChannel.java:340)
	at org.apache.ratis.thirdparty.io.netty.channel.nio.NioEventLoop.processSelectedKey(NioEventLoop.java:632)
	at org.apache.ratis.thirdparty.io.netty.channel.nio.NioEventLoop.processSelectedKeysOptimized(NioEventLoop.java:579)
	at org.apache.ratis.thirdparty.io.netty.channel.nio.NioEventLoop.processSelectedKeys(NioEventLoop.java:496)
	at org.apache.ratis.thirdparty.io.netty.channel.nio.NioEventLoop.run(NioEventLoop.java:458)
	at org.apache.ratis.thirdparty.io.netty.util.concurrent.SingleThreadEventExecutor$5.run(SingleThreadEventExecutor.java:897)
	at org.apache.ratis.thirdparty.io.netty.util.concurrent.FastThreadLocalRunnable.run(FastThreadLocalRunnable.java:30)
	... 1 more
Caused by: java.net.ConnectException: Connection refused
	... 11 more
2019-08-29 08:24:23,071 [94e856c7-b0ce-4c30-ba6b-01ce82d994d4:group-8B1667B5E62E:LeaderElection111] INFO  impl.LeaderElection (LogUtils.java:infoOrTrace(149)) - 94e856c7-b0ce-4c30-ba6b-01ce82d994d4:group-8B1667B5E62E:LeaderElection111 got exception when requesting votes: {}
java.util.concurrent.ExecutionException: org.apache.ratis.thirdparty.io.grpc.StatusRuntimeException: UNAVAILABLE: io exception
	at java.util.concurrent.FutureTask.report(FutureTask.java:122)
	at java.util.concurrent.FutureTask.get(FutureTask.java:192)
	at org.apache.ratis.server.impl.LeaderElection.waitForResults(LeaderElection.java:262)
	at org.apache.ratis.server.impl.LeaderElection.askForVotes(LeaderElection.java:200)
	at org.apache.ratis.server.impl.LeaderElection.run(LeaderElection.java:130)
	at java.lang.Thread.run(Thread.java:748)
Caused by: org.apache.ratis.thirdparty.io.grpc.StatusRuntimeException: UNAVAILABLE: io exception
	at org.apache.ratis.thirdparty.io.grpc.stub.ClientCalls.toStatusRuntimeException(ClientCalls.java:233)
	at org.apache.ratis.thirdparty.io.grpc.stub.ClientCalls.getUnchecked(ClientCalls.java:214)
	at org.apache.ratis.thirdparty.io.grpc.stub.ClientCalls.blockingUnaryCall(ClientCalls.java:139)
	at org.apache.ratis.proto.grpc.RaftServerProtocolServiceGrpc$RaftServerProtocolServiceBlockingStub.requestVote(RaftServerProtocolServiceGrpc.java:265)
	at org.apache.ratis.grpc.server.GrpcServerProtocolClient.requestVote(GrpcServerProtocolClient.java:83)
	at org.apache.ratis.grpc.server.GrpcService.requestVote(GrpcService.java:195)
	at org.apache.ratis.server.impl.LeaderElection.lambda$submitRequests$1(LeaderElection.java:237)
	at java.util.concurrent.FutureTask.run(FutureTask.java:266)
	at java.util.concurrent.Executors$RunnableAdapter.call(Executors.java:511)
	at java.util.concurrent.FutureTask.run(FutureTask.java:266)
	at java.util.concurrent.ThreadPoolExecutor.runWorker(ThreadPoolExecutor.java:1149)
	at java.util.concurrent.ThreadPoolExecutor$Worker.run(ThreadPoolExecutor.java:624)
	... 1 more
Caused by: org.apache.ratis.thirdparty.io.netty.channel.AbstractChannel$AnnotatedConnectException: Connection refused: /192.168.69.89:34375
	at sun.nio.ch.SocketChannelImpl.checkConnect(Native Method)
	at sun.nio.ch.SocketChannelImpl.finishConnect(SocketChannelImpl.java:717)
	at org.apache.ratis.thirdparty.io.netty.channel.socket.nio.NioSocketChannel.doFinishConnect(NioSocketChannel.java:327)
	at org.apache.ratis.thirdparty.io.netty.channel.nio.AbstractNioChannel$AbstractNioUnsafe.finishConnect(AbstractNioChannel.java:340)
	at org.apache.ratis.thirdparty.io.netty.channel.nio.NioEventLoop.processSelectedKey(NioEventLoop.java:632)
	at org.apache.ratis.thirdparty.io.netty.channel.nio.NioEventLoop.processSelectedKeysOptimized(NioEventLoop.java:579)
	at org.apache.ratis.thirdparty.io.netty.channel.nio.NioEventLoop.processSelectedKeys(NioEventLoop.java:496)
	at org.apache.ratis.thirdparty.io.netty.channel.nio.NioEventLoop.run(NioEventLoop.java:458)
	at org.apache.ratis.thirdparty.io.netty.util.concurrent.SingleThreadEventExecutor$5.run(SingleThreadEventExecutor.java:897)
	at org.apache.ratis.thirdparty.io.netty.util.concurrent.FastThreadLocalRunnable.run(FastThreadLocalRunnable.java:30)
	... 1 more
Caused by: java.net.ConnectException: Connection refused
	... 11 more
2019-08-29 08:24:23,073 [94e856c7-b0ce-4c30-ba6b-01ce82d994d4:group-8B1667B5E62E:LeaderElection111] INFO  impl.LeaderElection (LeaderElection.java:logAndReturn(56)) - 94e856c7-b0ce-4c30-ba6b-01ce82d994d4:group-8B1667B5E62E:LeaderElection111: Election REJECTED; received 0 response(s) [] and 2 exception(s); 94e856c7-b0ce-4c30-ba6b-01ce82d994d4:t3, leader=null, voted=94e856c7-b0ce-4c30-ba6b-01ce82d994d4, raftlog=94e856c7-b0ce-4c30-ba6b-01ce82d994d4-SegmentedRaftLog:OPENED:c6,f6,i6, conf=0: [2bf2abbb-f03d-4b0e-b27d-2c376d4bd519:192.168.69.89:37716, 94e856c7-b0ce-4c30-ba6b-01ce82d994d4:192.168.69.89:39647, 4e4fc70f-7137-48e5-bce3-ed99a5fefc67:192.168.69.89:34375], old=null
2019-08-29 08:24:23,073 [94e856c7-b0ce-4c30-ba6b-01ce82d994d4:group-8B1667B5E62E:LeaderElection111] INFO  impl.LeaderElection (LogUtils.java:infoOrTrace(149)) -   Exception 0: {}
java.util.concurrent.ExecutionException: org.apache.ratis.thirdparty.io.grpc.StatusRuntimeException: UNAVAILABLE: io exception
	at java.util.concurrent.FutureTask.report(FutureTask.java:122)
	at java.util.concurrent.FutureTask.get(FutureTask.java:192)
	at org.apache.ratis.server.impl.LeaderElection.waitForResults(LeaderElection.java:262)
	at org.apache.ratis.server.impl.LeaderElection.askForVotes(LeaderElection.java:200)
	at org.apache.ratis.server.impl.LeaderElection.run(LeaderElection.java:130)
	at java.lang.Thread.run(Thread.java:748)
Caused by: org.apache.ratis.thirdparty.io.grpc.StatusRuntimeException: UNAVAILABLE: io exception
	at org.apache.ratis.thirdparty.io.grpc.stub.ClientCalls.toStatusRuntimeException(ClientCalls.java:233)
	at org.apache.ratis.thirdparty.io.grpc.stub.ClientCalls.getUnchecked(ClientCalls.java:214)
	at org.apache.ratis.thirdparty.io.grpc.stub.ClientCalls.blockingUnaryCall(ClientCalls.java:139)
	at org.apache.ratis.proto.grpc.RaftServerProtocolServiceGrpc$RaftServerProtocolServiceBlockingStub.requestVote(RaftServerProtocolServiceGrpc.java:265)
	at org.apache.ratis.grpc.server.GrpcServerProtocolClient.requestVote(GrpcServerProtocolClient.java:83)
	at org.apache.ratis.grpc.server.GrpcService.requestVote(GrpcService.java:195)
	at org.apache.ratis.server.impl.LeaderElection.lambda$submitRequests$1(LeaderElection.java:237)
	at java.util.concurrent.FutureTask.run(FutureTask.java:266)
	at java.util.concurrent.Executors$RunnableAdapter.call(Executors.java:511)
	at java.util.concurrent.FutureTask.run(FutureTask.java:266)
	at java.util.concurrent.ThreadPoolExecutor.runWorker(ThreadPoolExecutor.java:1149)
	at java.util.concurrent.ThreadPoolExecutor$Worker.run(ThreadPoolExecutor.java:624)
	... 1 more
Caused by: org.apache.ratis.thirdparty.io.netty.channel.AbstractChannel$AnnotatedConnectException: Connection refused: /192.168.69.89:37716
	at sun.nio.ch.SocketChannelImpl.checkConnect(Native Method)
	at sun.nio.ch.SocketChannelImpl.finishConnect(SocketChannelImpl.java:717)
	at org.apache.ratis.thirdparty.io.netty.channel.socket.nio.NioSocketChannel.doFinishConnect(NioSocketChannel.java:327)
	at org.apache.ratis.thirdparty.io.netty.channel.nio.AbstractNioChannel$AbstractNioUnsafe.finishConnect(AbstractNioChannel.java:340)
	at org.apache.ratis.thirdparty.io.netty.channel.nio.NioEventLoop.processSelectedKey(NioEventLoop.java:632)
	at org.apache.ratis.thirdparty.io.netty.channel.nio.NioEventLoop.processSelectedKeysOptimized(NioEventLoop.java:579)
	at org.apache.ratis.thirdparty.io.netty.channel.nio.NioEventLoop.processSelectedKeys(NioEventLoop.java:496)
	at org.apache.ratis.thirdparty.io.netty.channel.nio.NioEventLoop.run(NioEventLoop.java:458)
	at org.apache.ratis.thirdparty.io.netty.util.concurrent.SingleThreadEventExecutor$5.run(SingleThreadEventExecutor.java:897)
	at org.apache.ratis.thirdparty.io.netty.util.concurrent.FastThreadLocalRunnable.run(FastThreadLocalRunnable.java:30)
	... 1 more
Caused by: java.net.ConnectException: Connection refused
	... 11 more
2019-08-29 08:24:23,074 [94e856c7-b0ce-4c30-ba6b-01ce82d994d4:group-8B1667B5E62E:LeaderElection111] INFO  impl.LeaderElection (LogUtils.java:infoOrTrace(149)) -   Exception 1: {}
java.util.concurrent.ExecutionException: org.apache.ratis.thirdparty.io.grpc.StatusRuntimeException: UNAVAILABLE: io exception
	at java.util.concurrent.FutureTask.report(FutureTask.java:122)
	at java.util.concurrent.FutureTask.get(FutureTask.java:192)
	at org.apache.ratis.server.impl.LeaderElection.waitForResults(LeaderElection.java:262)
	at org.apache.ratis.server.impl.LeaderElection.askForVotes(LeaderElection.java:200)
	at org.apache.ratis.server.impl.LeaderElection.run(LeaderElection.java:130)
	at java.lang.Thread.run(Thread.java:748)
Caused by: org.apache.ratis.thirdparty.io.grpc.StatusRuntimeException: UNAVAILABLE: io exception
	at org.apache.ratis.thirdparty.io.grpc.stub.ClientCalls.toStatusRuntimeException(ClientCalls.java:233)
	at org.apache.ratis.thirdparty.io.grpc.stub.ClientCalls.getUnchecked(ClientCalls.java:214)
	at org.apache.ratis.thirdparty.io.grpc.stub.ClientCalls.blockingUnaryCall(ClientCalls.java:139)
	at org.apache.ratis.proto.grpc.RaftServerProtocolServiceGrpc$RaftServerProtocolServiceBlockingStub.requestVote(RaftServerProtocolServiceGrpc.java:265)
	at org.apache.ratis.grpc.server.GrpcServerProtocolClient.requestVote(GrpcServerProtocolClient.java:83)
	at org.apache.ratis.grpc.server.GrpcService.requestVote(GrpcService.java:195)
	at org.apache.ratis.server.impl.LeaderElection.lambda$submitRequests$1(LeaderElection.java:237)
	at java.util.concurrent.FutureTask.run(FutureTask.java:266)
	at java.util.concurrent.Executors$RunnableAdapter.call(Executors.java:511)
	at java.util.concurrent.FutureTask.run(FutureTask.java:266)
	at java.util.concurrent.ThreadPoolExecutor.runWorker(ThreadPoolExecutor.java:1149)
	at java.util.concurrent.ThreadPoolExecutor$Worker.run(ThreadPoolExecutor.java:624)
	... 1 more
Caused by: org.apache.ratis.thirdparty.io.netty.channel.AbstractChannel$AnnotatedConnectException: Connection refused: /192.168.69.89:34375
	at sun.nio.ch.SocketChannelImpl.checkConnect(Native Method)
	at sun.nio.ch.SocketChannelImpl.finishConnect(SocketChannelImpl.java:717)
	at org.apache.ratis.thirdparty.io.netty.channel.socket.nio.NioSocketChannel.doFinishConnect(NioSocketChannel.java:327)
	at org.apache.ratis.thirdparty.io.netty.channel.nio.AbstractNioChannel$AbstractNioUnsafe.finishConnect(AbstractNioChannel.java:340)
	at org.apache.ratis.thirdparty.io.netty.channel.nio.NioEventLoop.processSelectedKey(NioEventLoop.java:632)
	at org.apache.ratis.thirdparty.io.netty.channel.nio.NioEventLoop.processSelectedKeysOptimized(NioEventLoop.java:579)
	at org.apache.ratis.thirdparty.io.netty.channel.nio.NioEventLoop.processSelectedKeys(NioEventLoop.java:496)
	at org.apache.ratis.thirdparty.io.netty.channel.nio.NioEventLoop.run(NioEventLoop.java:458)
	at org.apache.ratis.thirdparty.io.netty.util.concurrent.SingleThreadEventExecutor$5.run(SingleThreadEventExecutor.java:897)
	at org.apache.ratis.thirdparty.io.netty.util.concurrent.FastThreadLocalRunnable.run(FastThreadLocalRunnable.java:30)
	... 1 more
Caused by: java.net.ConnectException: Connection refused
	... 11 more
2019-08-29 08:24:23,074 [94e856c7-b0ce-4c30-ba6b-01ce82d994d4:group-8B1667B5E62E:LeaderElection111] INFO  impl.RaftServerImpl (RaftServerImpl.java:setRole(171)) - 94e856c7-b0ce-4c30-ba6b-01ce82d994d4:group-8B1667B5E62E changes role from CANDIDATE to FOLLOWER at term 3 for DISCOVERED_A_NEW_TERM
2019-08-29 08:24:23,074 [94e856c7-b0ce-4c30-ba6b-01ce82d994d4:group-8B1667B5E62E:LeaderElection111] INFO  impl.RoleInfo (RoleInfo.java:shutdownLeaderElection(134)) - 94e856c7-b0ce-4c30-ba6b-01ce82d994d4: shutdown LeaderElection
2019-08-29 08:24:23,074 [94e856c7-b0ce-4c30-ba6b-01ce82d994d4:group-8B1667B5E62E:LeaderElection111] INFO  impl.RoleInfo (RoleInfo.java:updateAndGet(143)) - 94e856c7-b0ce-4c30-ba6b-01ce82d994d4: start FollowerState
2019-08-29 08:24:23,137 | INFO  | SCMAudit | user=jenkins1000 | ip=192.168.69.89 | op=SEND_HEARTBEAT {datanodeUUID=94e856c7-b0ce-4c30-ba6b-01ce82d994d4, command=[]} | ret=SUCCESS |  
2019-08-29 08:24:24,137 | INFO  | SCMAudit | user=jenkins1000 | ip=192.168.69.89 | op=SEND_HEARTBEAT {datanodeUUID=94e856c7-b0ce-4c30-ba6b-01ce82d994d4, command=[]} | ret=SUCCESS |  
2019-08-29 08:24:25,137 | INFO  | SCMAudit | user=jenkins1000 | ip=192.168.69.89 | op=SEND_HEARTBEAT {datanodeUUID=94e856c7-b0ce-4c30-ba6b-01ce82d994d4, command=[]} | ret=SUCCESS |  
2019-08-29 08:24:26,137 | INFO  | SCMAudit | user=jenkins1000 | ip=192.168.69.89 | op=SEND_HEARTBEAT {datanodeUUID=94e856c7-b0ce-4c30-ba6b-01ce82d994d4, command=[]} | ret=SUCCESS |  
2019-08-29 08:24:26,556 [EventQueue-StaleNodeForStaleNodeHandler] INFO  node.StaleNodeHandler (StaleNodeHandler.java:onMessage(58)) - Datanode 0fa1021d-9840-440b-95fc-3f35327e9810{ip: 192.168.69.89, host: pr-hdds-1569-7rqkn-550228749, networkLocation: /default-rack, certSerialId: null} moved to stale state. Finalizing its pipelines [PipelineID=a06ce0ce-00b7-4c4f-86b9-ebbb911c96b3, PipelineID=ecb3fcdb-4e5c-44a7-9f1c-fce676ce442b]
2019-08-29 08:24:26,556 [EventQueue-StaleNodeForStaleNodeHandler] INFO  pipeline.SCMPipelineManager (SCMPipelineManager.java:finalizeAndDestroyPipeline(309)) - destroying pipeline:Pipeline[ Id: a06ce0ce-00b7-4c4f-86b9-ebbb911c96b3, Nodes: 0fa1021d-9840-440b-95fc-3f35327e9810{ip: 192.168.69.89, host: pr-hdds-1569-7rqkn-550228749, networkLocation: /default-rack, certSerialId: null}f3af49b3-6b43-4dcd-87a2-e9c9c1638f7b{ip: 192.168.69.89, host: pr-hdds-1569-7rqkn-550228749, networkLocation: /default-rack, certSerialId: null}ee5c7872-3dc8-4a1b-b96f-cbf662dd320f{ip: 192.168.69.89, host: pr-hdds-1569-7rqkn-550228749, networkLocation: /default-rack, certSerialId: null}, Type:RATIS, Factor:THREE, State:CLOSED]
2019-08-29 08:24:26,557 [EventQueue-StaleNodeForStaleNodeHandler] INFO  pipeline.SCMPipelineManager (SCMPipelineManager.java:finalizeAndDestroyPipeline(309)) - destroying pipeline:Pipeline[ Id: ecb3fcdb-4e5c-44a7-9f1c-fce676ce442b, Nodes: 0fa1021d-9840-440b-95fc-3f35327e9810{ip: 192.168.69.89, host: pr-hdds-1569-7rqkn-550228749, networkLocation: /default-rack, certSerialId: null}, Type:RATIS, Factor:ONE, State:OPEN]
2019-08-29 08:24:26,557 [EventQueue-StaleNodeForStaleNodeHandler] INFO  pipeline.PipelineStateManager (PipelineStateManager.java:finalizePipeline(123)) - Pipeline Pipeline[ Id: ecb3fcdb-4e5c-44a7-9f1c-fce676ce442b, Nodes: 0fa1021d-9840-440b-95fc-3f35327e9810{ip: 192.168.69.89, host: pr-hdds-1569-7rqkn-550228749, networkLocation: /default-rack, certSerialId: null}, Type:RATIS, Factor:ONE, State:CLOSED] moved to CLOSED state
2019-08-29 08:24:26,656 [EventQueue-StaleNodeForStaleNodeHandler] INFO  node.StaleNodeHandler (StaleNodeHandler.java:onMessage(58)) - Datanode 3d0c9a1e-aae8-443e-a7b0-45fa20dec0f4{ip: 192.168.69.89, host: pr-hdds-1569-7rqkn-550228749, networkLocation: /default-rack, certSerialId: null} moved to stale state. Finalizing its pipelines [PipelineID=c7cc1b13-4670-4ef6-8971-05a694a94084]
2019-08-29 08:24:26,656 [EventQueue-StaleNodeForStaleNodeHandler] INFO  pipeline.SCMPipelineManager (SCMPipelineManager.java:finalizeAndDestroyPipeline(309)) - destroying pipeline:Pipeline[ Id: c7cc1b13-4670-4ef6-8971-05a694a94084, Nodes: 3d0c9a1e-aae8-443e-a7b0-45fa20dec0f4{ip: 192.168.69.89, host: pr-hdds-1569-7rqkn-550228749, networkLocation: /default-rack, certSerialId: null}, Type:RATIS, Factor:ONE, State:OPEN]
2019-08-29 08:24:26,657 [EventQueue-StaleNodeForStaleNodeHandler] INFO  pipeline.PipelineStateManager (PipelineStateManager.java:finalizePipeline(123)) - Pipeline Pipeline[ Id: c7cc1b13-4670-4ef6-8971-05a694a94084, Nodes: 3d0c9a1e-aae8-443e-a7b0-45fa20dec0f4{ip: 192.168.69.89, host: pr-hdds-1569-7rqkn-550228749, networkLocation: /default-rack, certSerialId: null}, Type:RATIS, Factor:ONE, State:CLOSED] moved to CLOSED state
2019-08-29 08:24:26,806 [ForkJoinPool.commonPool-worker-1] INFO  ozoneimpl.OzoneContainer (OzoneContainer.java:stop(199)) - Attempting to stop container services.
2019-08-29 08:24:26,806 [ForkJoinPool.commonPool-worker-1] INFO  impl.RaftServerProxy (RaftServerProxy.java:lambda$close$4(314)) - 0fa1021d-9840-440b-95fc-3f35327e9810: close
2019-08-29 08:24:26,807 [ForkJoinPool.commonPool-worker-1] INFO  impl.RaftServerImpl (RaftServerImpl.java:lambda$shutdown$3(245)) - 0fa1021d-9840-440b-95fc-3f35327e9810: shutdown group-EBBB911C96B3
2019-08-29 08:24:26,807 [ForkJoinPool.commonPool-worker-1] INFO  util.JmxRegister (JmxRegister.java:unregister(73)) - Successfully un-registered JMX Bean with object name Ratis:service=RaftServer,group=group-EBBB911C96B3,id=0fa1021d-9840-440b-95fc-3f35327e9810
2019-08-29 08:24:26,807 [main] INFO  ozoneimpl.OzoneContainer (OzoneContainer.java:stop(199)) - Attempting to stop container services.
2019-08-29 08:24:26,807 [ForkJoinPool.commonPool-worker-1] INFO  impl.RoleInfo (RoleInfo.java:shutdownFollowerState(121)) - 0fa1021d-9840-440b-95fc-3f35327e9810: shutdown FollowerState
2019-08-29 08:24:26,807 [main] INFO  impl.RaftServerProxy (RaftServerProxy.java:lambda$close$4(314)) - 3d0c9a1e-aae8-443e-a7b0-45fa20dec0f4: close
2019-08-29 08:24:26,807 [Thread-4451] INFO  impl.FollowerState (FollowerState.java:run(114)) - 0fa1021d-9840-440b-95fc-3f35327e9810: FollowerState was interrupted: java.lang.InterruptedException: sleep interrupted
2019-08-29 08:24:26,807 [StateMachineUpdater:0fa1021d-9840-440b-95fc-3f35327e9810:group-EBBB911C96B3] INFO  ratis.ContainerStateMachine (ContainerStateMachine.java:takeSnapshot(283)) - group-EBBB911C96B3: Taking a snapshot at:(t:1, i:4) file /workdir/hadoop-ozone/integration-test/target/test-dir/MiniOzoneClusterImpl-6291b889-f921-442b-be66-486fed594c04/datanode-0/data/ratis/a06ce0ce-00b7-4c4f-86b9-ebbb911c96b3/sm/snapshot.1_4
2019-08-29 08:24:26,807 [ForkJoinPool.commonPool-worker-1] INFO  impl.StateMachineUpdater (StateMachineUpdater.java:stopAndJoin(115)) - StateMachineUpdater:0fa1021d-9840-440b-95fc-3f35327e9810:group-EBBB911C96B3: set stopIndex = 6
2019-08-29 08:24:26,808 [main] INFO  impl.RaftServerImpl (RaftServerImpl.java:lambda$shutdown$3(245)) - 3d0c9a1e-aae8-443e-a7b0-45fa20dec0f4: shutdown group-05A694A94084
2019-08-29 08:24:26,808 [main] INFO  util.JmxRegister (JmxRegister.java:unregister(73)) - Successfully un-registered JMX Bean with object name Ratis:service=RaftServer,group=group-05A694A94084,id=3d0c9a1e-aae8-443e-a7b0-45fa20dec0f4
2019-08-29 08:24:26,808 [main] INFO  impl.RoleInfo (RoleInfo.java:shutdownLeaderState(104)) - 3d0c9a1e-aae8-443e-a7b0-45fa20dec0f4: shutdown LeaderState
2019-08-29 08:24:26,809 [main] INFO  impl.PendingRequests (PendingRequests.java:sendNotLeaderResponses(202)) - 3d0c9a1e-aae8-443e-a7b0-45fa20dec0f4-PendingRequests: sendNotLeaderResponses
2019-08-29 08:24:26,809 [main] INFO  impl.StateMachineUpdater (StateMachineUpdater.java:stopAndJoin(115)) - StateMachineUpdater:3d0c9a1e-aae8-443e-a7b0-45fa20dec0f4:group-05A694A94084: set stopIndex = 0
2019-08-29 08:24:26,809 [main] INFO  impl.RaftServerImpl (ServerState.java:close(394)) - 3d0c9a1e-aae8-443e-a7b0-45fa20dec0f4:group-05A694A94084 closes. The last applied log index is 0
2019-08-29 08:24:26,810 [3d0c9a1e-aae8-443e-a7b0-45fa20dec0f4-SegmentedRaftLogWorker:Storage Directory /workdir/hadoop-ozone/integration-test/target/test-dir/MiniOzoneClusterImpl-6291b889-f921-442b-be66-486fed594c04/datanode-6/data/ratis/c7cc1b13-4670-4ef6-8971-05a694a94084] INFO  segmented.SegmentedRaftLogWorker (SegmentedRaftLogWorker.java:run(313)) - 3d0c9a1e-aae8-443e-a7b0-45fa20dec0f4-SegmentedRaftLogWorker:Storage Directory /workdir/hadoop-ozone/integration-test/target/test-dir/MiniOzoneClusterImpl-6291b889-f921-442b-be66-486fed594c04/datanode-6/data/ratis/c7cc1b13-4670-4ef6-8971-05a694a94084 was interrupted, exiting. There are 0 tasks remaining in the queue.
2019-08-29 08:24:26,812 [main] INFO  segmented.SegmentedRaftLogWorker (SegmentedRaftLogWorker.java:close(228)) - 3d0c9a1e-aae8-443e-a7b0-45fa20dec0f4-SegmentedRaftLogWorker:Storage Directory /workdir/hadoop-ozone/integration-test/target/test-dir/MiniOzoneClusterImpl-6291b889-f921-442b-be66-486fed594c04/datanode-6/data/ratis/c7cc1b13-4670-4ef6-8971-05a694a94084 close()
2019-08-29 08:24:26,813 [main] INFO  server.GrpcService (GrpcService.java:closeImpl(155)) - 3d0c9a1e-aae8-443e-a7b0-45fa20dec0f4: shutdown server with port 33882 now
2019-08-29 08:24:26,815 [main] INFO  server.GrpcService (GrpcService.java:closeImpl(163)) - 3d0c9a1e-aae8-443e-a7b0-45fa20dec0f4: shutdown server with port 33882 successfully
2019-08-29 08:24:26,817 [main] INFO  utils.BackgroundService (BackgroundService.java:shutdown(148)) - Shutting down service BlockDeletingService
2019-08-29 08:24:26,835 [refreshUsed-/workdir/hadoop-ozone/integration-test/target/test-dir/MiniOzoneClusterImpl-6291b889-f921-442b-be66-486fed594c04/datanode-6/data/containers] WARN  fs.CachingGetSpaceUsed (CachingGetSpaceUsed.java:run(183)) - Thread Interrupted waiting to refresh disk information: sleep interrupted
2019-08-29 08:24:26,837 [StateMachineUpdater:0fa1021d-9840-440b-95fc-3f35327e9810:group-EBBB911C96B3] INFO  ratis.ContainerStateMachine (ContainerStateMachine.java:takeSnapshot(294)) - group-EBBB911C96B3: Finished taking a snapshot at:(t:1, i:4) file:/workdir/hadoop-ozone/integration-test/target/test-dir/MiniOzoneClusterImpl-6291b889-f921-442b-be66-486fed594c04/datanode-0/data/ratis/a06ce0ce-00b7-4c4f-86b9-ebbb911c96b3/sm/snapshot.1_4 time:30
2019-08-29 08:24:26,837 [StateMachineUpdater:0fa1021d-9840-440b-95fc-3f35327e9810:group-EBBB911C96B3] INFO  impl.StateMachineUpdater (StateMachineUpdater.java:takeSnapshot(242)) - StateMachineUpdater:0fa1021d-9840-440b-95fc-3f35327e9810:group-EBBB911C96B3: Took a snapshot at index 4
2019-08-29 08:24:26,837 [StateMachineUpdater:0fa1021d-9840-440b-95fc-3f35327e9810:group-EBBB911C96B3] INFO  impl.StateMachineUpdater (StateMachineUpdater.java:lambda$new$0(80)) - StateMachineUpdater:0fa1021d-9840-440b-95fc-3f35327e9810:group-EBBB911C96B3: snapshotIndex: updateIncreasingly -1 -> 4
2019-08-29 08:24:26,838 [ForkJoinPool.commonPool-worker-1] INFO  impl.RaftServerImpl (ServerState.java:close(394)) - 0fa1021d-9840-440b-95fc-3f35327e9810:group-EBBB911C96B3 closes. The last applied log index is 6
2019-08-29 08:24:26,838 [0fa1021d-9840-440b-95fc-3f35327e9810-SegmentedRaftLogWorker:Storage Directory /workdir/hadoop-ozone/integration-test/target/test-dir/MiniOzoneClusterImpl-6291b889-f921-442b-be66-486fed594c04/datanode-0/data/ratis/a06ce0ce-00b7-4c4f-86b9-ebbb911c96b3] INFO  segmented.SegmentedRaftLogWorker (SegmentedRaftLogWorker.java:run(313)) - 0fa1021d-9840-440b-95fc-3f35327e9810-SegmentedRaftLogWorker:Storage Directory /workdir/hadoop-ozone/integration-test/target/test-dir/MiniOzoneClusterImpl-6291b889-f921-442b-be66-486fed594c04/datanode-0/data/ratis/a06ce0ce-00b7-4c4f-86b9-ebbb911c96b3 was interrupted, exiting. There are 0 tasks remaining in the queue.
2019-08-29 08:24:26,839 [ForkJoinPool.commonPool-worker-1] INFO  segmented.SegmentedRaftLogWorker (SegmentedRaftLogWorker.java:close(228)) - 0fa1021d-9840-440b-95fc-3f35327e9810-SegmentedRaftLogWorker:Storage Directory /workdir/hadoop-ozone/integration-test/target/test-dir/MiniOzoneClusterImpl-6291b889-f921-442b-be66-486fed594c04/datanode-0/data/ratis/a06ce0ce-00b7-4c4f-86b9-ebbb911c96b3 close()
2019-08-29 08:24:26,843 [ForkJoinPool.commonPool-worker-1] INFO  impl.RaftServerImpl (RaftServerImpl.java:lambda$shutdown$3(245)) - 0fa1021d-9840-440b-95fc-3f35327e9810: shutdown group-FCE676CE442B
2019-08-29 08:24:26,844 [ForkJoinPool.commonPool-worker-1] INFO  util.JmxRegister (JmxRegister.java:unregister(73)) - Successfully un-registered JMX Bean with object name Ratis:service=RaftServer,group=group-FCE676CE442B,id=0fa1021d-9840-440b-95fc-3f35327e9810
2019-08-29 08:24:26,844 [ForkJoinPool.commonPool-worker-1] INFO  impl.RoleInfo (RoleInfo.java:shutdownLeaderState(104)) - 0fa1021d-9840-440b-95fc-3f35327e9810: shutdown LeaderState
2019-08-29 08:24:26,844 [ForkJoinPool.commonPool-worker-1] INFO  impl.PendingRequests (PendingRequests.java:sendNotLeaderResponses(202)) - 0fa1021d-9840-440b-95fc-3f35327e9810-PendingRequests: sendNotLeaderResponses
2019-08-29 08:24:26,844 [ForkJoinPool.commonPool-worker-1] INFO  impl.StateMachineUpdater (StateMachineUpdater.java:stopAndJoin(115)) - StateMachineUpdater:0fa1021d-9840-440b-95fc-3f35327e9810:group-FCE676CE442B: set stopIndex = 0
2019-08-29 08:24:26,844 [ForkJoinPool.commonPool-worker-1] INFO  impl.RaftServerImpl (ServerState.java:close(394)) - 0fa1021d-9840-440b-95fc-3f35327e9810:group-FCE676CE442B closes. The last applied log index is 0
2019-08-29 08:24:26,845 [0fa1021d-9840-440b-95fc-3f35327e9810-SegmentedRaftLogWorker:Storage Directory /workdir/hadoop-ozone/integration-test/target/test-dir/MiniOzoneClusterImpl-6291b889-f921-442b-be66-486fed594c04/datanode-0/data/ratis/ecb3fcdb-4e5c-44a7-9f1c-fce676ce442b] INFO  segmented.SegmentedRaftLogWorker (SegmentedRaftLogWorker.java:run(313)) - 0fa1021d-9840-440b-95fc-3f35327e9810-SegmentedRaftLogWorker:Storage Directory /workdir/hadoop-ozone/integration-test/target/test-dir/MiniOzoneClusterImpl-6291b889-f921-442b-be66-486fed594c04/datanode-0/data/ratis/ecb3fcdb-4e5c-44a7-9f1c-fce676ce442b was interrupted, exiting. There are 0 tasks remaining in the queue.
2019-08-29 08:24:26,845 [ForkJoinPool.commonPool-worker-1] INFO  segmented.SegmentedRaftLogWorker (SegmentedRaftLogWorker.java:close(228)) - 0fa1021d-9840-440b-95fc-3f35327e9810-SegmentedRaftLogWorker:Storage Directory /workdir/hadoop-ozone/integration-test/target/test-dir/MiniOzoneClusterImpl-6291b889-f921-442b-be66-486fed594c04/datanode-0/data/ratis/ecb3fcdb-4e5c-44a7-9f1c-fce676ce442b close()
2019-08-29 08:24:26,845 [ForkJoinPool.commonPool-worker-1] INFO  server.GrpcService (GrpcService.java:closeImpl(155)) - 0fa1021d-9840-440b-95fc-3f35327e9810: shutdown server with port 41905 now
2019-08-29 08:24:26,845 [ForkJoinPool.commonPool-worker-1] INFO  server.GrpcService (GrpcService.java:closeImpl(163)) - 0fa1021d-9840-440b-95fc-3f35327e9810: shutdown server with port 41905 successfully
2019-08-29 08:24:26,848 [ForkJoinPool.commonPool-worker-1] INFO  utils.BackgroundService (BackgroundService.java:shutdown(148)) - Shutting down service BlockDeletingService
2019-08-29 08:24:26,849 [refreshUsed-/workdir/hadoop-ozone/integration-test/target/test-dir/MiniOzoneClusterImpl-6291b889-f921-442b-be66-486fed594c04/datanode-0/data/containers] WARN  fs.CachingGetSpaceUsed (CachingGetSpaceUsed.java:run(183)) - Thread Interrupted waiting to refresh disk information: sleep interrupted
2019-08-29 08:24:26,853 [main] INFO  statemachine.DatanodeStateMachine (DatanodeStateMachine.java:stopDaemon(395)) - Ozone container server stopped.
2019-08-29 08:24:26,854 [main] INFO  handler.ContextHandler (ContextHandler.java:doStop(910)) - Stopped o.e.j.w.WebAppContext@2769d577{/,null,UNAVAILABLE}{/hddsDatanode}
2019-08-29 08:24:26,855 [main] INFO  server.AbstractConnector (AbstractConnector.java:doStop(318)) - Stopped ServerConnector@25297d52{HTTP/1.1,[http/1.1]}{0.0.0.0:0}
2019-08-29 08:24:26,855 [main] INFO  handler.ContextHandler (ContextHandler.java:doStop(910)) - Stopped o.e.j.s.ServletContextHandler@65d28ad4{/static,jar:file:/home/user/.m2/repository/org/apache/hadoop/hadoop-hdds-container-service/0.5.0-SNAPSHOT/hadoop-hdds-container-service-0.5.0-SNAPSHOT.jar!/webapps/static,UNAVAILABLE}
2019-08-29 08:24:26,855 [main] INFO  handler.ContextHandler (ContextHandler.java:doStop(910)) - Stopped o.e.j.s.ServletContextHandler@350a3df3{/logs,file:///workdir/hadoop-ozone/integration-test/target/log,UNAVAILABLE}
2019-08-29 08:24:26,856 [main] INFO  datanode.ObjectStoreHandler (ObjectStoreHandler.java:close(155)) - Closing ObjectStoreHandler.
2019-08-29 08:24:26,856 [main] INFO  ozone.HddsDatanodeService (HddsDatanodeService.java:stop(451)) - Stopped plug-in org.apache.hadoop.ozone.web.OzoneHddsDatanodeService@4127dcdb
2019-08-29 08:24:26,866 [ForkJoinPool.commonPool-worker-1] INFO  statemachine.DatanodeStateMachine (DatanodeStateMachine.java:stopDaemon(395)) - Ozone container server stopped.
2019-08-29 08:24:26,869 [ForkJoinPool.commonPool-worker-1] INFO  handler.ContextHandler (ContextHandler.java:doStop(910)) - Stopped o.e.j.w.WebAppContext@3c67b7a9{/,null,UNAVAILABLE}{/hddsDatanode}
2019-08-29 08:24:26,870 [ForkJoinPool.commonPool-worker-1] INFO  server.AbstractConnector (AbstractConnector.java:doStop(318)) - Stopped ServerConnector@67b6cb6e{HTTP/1.1,[http/1.1]}{0.0.0.0:0}
2019-08-29 08:24:26,871 [ForkJoinPool.commonPool-worker-1] INFO  handler.ContextHandler (ContextHandler.java:doStop(910)) - Stopped o.e.j.s.ServletContextHandler@7b2cd7ff{/static,jar:file:/home/user/.m2/repository/org/apache/hadoop/hadoop-hdds-container-service/0.5.0-SNAPSHOT/hadoop-hdds-container-service-0.5.0-SNAPSHOT.jar!/webapps/static,UNAVAILABLE}
2019-08-29 08:24:26,872 [ForkJoinPool.commonPool-worker-1] INFO  handler.ContextHandler (ContextHandler.java:doStop(910)) - Stopped o.e.j.s.ServletContextHandler@1d691d4f{/logs,file:///workdir/hadoop-ozone/integration-test/target/log,UNAVAILABLE}
2019-08-29 08:24:27,136 [Datanode State Machine Thread - 0] INFO  statemachine.DatanodeStateMachine (DatanodeStateMachine.java:lambda$startDaemon$0(350)) - Ozone container server started.
2019-08-29 08:24:28,204 [Thread-4458] INFO  impl.FollowerState (FollowerState.java:run(106)) - 94e856c7-b0ce-4c30-ba6b-01ce82d994d4:group-8B1667B5E62E changes to CANDIDATE, lastRpcTime:5129, electionTimeout:5129ms
2019-08-29 08:24:28,204 [Thread-4458] INFO  impl.RoleInfo (RoleInfo.java:shutdownFollowerState(121)) - 94e856c7-b0ce-4c30-ba6b-01ce82d994d4: shutdown FollowerState
2019-08-29 08:24:28,204 [Thread-4458] INFO  impl.RaftServerImpl (RaftServerImpl.java:setRole(171)) - 94e856c7-b0ce-4c30-ba6b-01ce82d994d4:group-8B1667B5E62E changes role from FOLLOWER to CANDIDATE at term 3 for changeToCandidate
2019-08-29 08:24:28,204 [Thread-4458] INFO  impl.RoleInfo (RoleInfo.java:updateAndGet(143)) - 94e856c7-b0ce-4c30-ba6b-01ce82d994d4: start LeaderElection
2019-08-29 08:24:28,229 [94e856c7-b0ce-4c30-ba6b-01ce82d994d4:group-8B1667B5E62E:LeaderElection112] INFO  impl.LeaderElection (LeaderElection.java:askForVotes(181)) - 94e856c7-b0ce-4c30-ba6b-01ce82d994d4:group-8B1667B5E62E:LeaderElection112: begin an election at term 4 for 0: [2bf2abbb-f03d-4b0e-b27d-2c376d4bd519:192.168.69.89:37716, 94e856c7-b0ce-4c30-ba6b-01ce82d994d4:192.168.69.89:39647, 4e4fc70f-7137-48e5-bce3-ed99a5fefc67:192.168.69.89:34375], old=null
2019-08-29 08:24:28,230 [94e856c7-b0ce-4c30-ba6b-01ce82d994d4:group-8B1667B5E62E:LeaderElection112] INFO  impl.LeaderElection (LogUtils.java:infoOrTrace(149)) - 94e856c7-b0ce-4c30-ba6b-01ce82d994d4:group-8B1667B5E62E:LeaderElection112 got exception when requesting votes: {}
java.util.concurrent.ExecutionException: org.apache.ratis.thirdparty.io.grpc.StatusRuntimeException: UNAVAILABLE: io exception
	at java.util.concurrent.FutureTask.report(FutureTask.java:122)
	at java.util.concurrent.FutureTask.get(FutureTask.java:192)
	at org.apache.ratis.server.impl.LeaderElection.waitForResults(LeaderElection.java:262)
	at org.apache.ratis.server.impl.LeaderElection.askForVotes(LeaderElection.java:200)
	at org.apache.ratis.server.impl.LeaderElection.run(LeaderElection.java:130)
	at java.lang.Thread.run(Thread.java:748)
Caused by: org.apache.ratis.thirdparty.io.grpc.StatusRuntimeException: UNAVAILABLE: io exception
	at org.apache.ratis.thirdparty.io.grpc.stub.ClientCalls.toStatusRuntimeException(ClientCalls.java:233)
	at org.apache.ratis.thirdparty.io.grpc.stub.ClientCalls.getUnchecked(ClientCalls.java:214)
	at org.apache.ratis.thirdparty.io.grpc.stub.ClientCalls.blockingUnaryCall(ClientCalls.java:139)
	at org.apache.ratis.proto.grpc.RaftServerProtocolServiceGrpc$RaftServerProtocolServiceBlockingStub.requestVote(RaftServerProtocolServiceGrpc.java:265)
	at org.apache.ratis.grpc.server.GrpcServerProtocolClient.requestVote(GrpcServerProtocolClient.java:83)
	at org.apache.ratis.grpc.server.GrpcService.requestVote(GrpcService.java:195)
	at org.apache.ratis.server.impl.LeaderElection.lambda$submitRequests$1(LeaderElection.java:237)
	at java.util.concurrent.FutureTask.run(FutureTask.java:266)
	at java.util.concurrent.Executors$RunnableAdapter.call(Executors.java:511)
	at java.util.concurrent.FutureTask.run(FutureTask.java:266)
	at java.util.concurrent.ThreadPoolExecutor.runWorker(ThreadPoolExecutor.java:1149)
	at java.util.concurrent.ThreadPoolExecutor$Worker.run(ThreadPoolExecutor.java:624)
	... 1 more
Caused by: org.apache.ratis.thirdparty.io.netty.channel.AbstractChannel$AnnotatedConnectException: Connection refused: /192.168.69.89:37716
	at sun.nio.ch.SocketChannelImpl.checkConnect(Native Method)
	at sun.nio.ch.SocketChannelImpl.finishConnect(SocketChannelImpl.java:717)
	at org.apache.ratis.thirdparty.io.netty.channel.socket.nio.NioSocketChannel.doFinishConnect(NioSocketChannel.java:327)
	at org.apache.ratis.thirdparty.io.netty.channel.nio.AbstractNioChannel$AbstractNioUnsafe.finishConnect(AbstractNioChannel.java:340)
	at org.apache.ratis.thirdparty.io.netty.channel.nio.NioEventLoop.processSelectedKey(NioEventLoop.java:632)
	at org.apache.ratis.thirdparty.io.netty.channel.nio.NioEventLoop.processSelectedKeysOptimized(NioEventLoop.java:579)
	at org.apache.ratis.thirdparty.io.netty.channel.nio.NioEventLoop.processSelectedKeys(NioEventLoop.java:496)
	at org.apache.ratis.thirdparty.io.netty.channel.nio.NioEventLoop.run(NioEventLoop.java:458)
	at org.apache.ratis.thirdparty.io.netty.util.concurrent.SingleThreadEventExecutor$5.run(SingleThreadEventExecutor.java:897)
	at org.apache.ratis.thirdparty.io.netty.util.concurrent.FastThreadLocalRunnable.run(FastThreadLocalRunnable.java:30)
	... 1 more
Caused by: java.net.ConnectException: Connection refused
	... 11 more
2019-08-29 08:24:28,232 [94e856c7-b0ce-4c30-ba6b-01ce82d994d4:group-8B1667B5E62E:LeaderElection112] INFO  impl.LeaderElection (LogUtils.java:infoOrTrace(149)) - 94e856c7-b0ce-4c30-ba6b-01ce82d994d4:group-8B1667B5E62E:LeaderElection112 got exception when requesting votes: {}
java.util.concurrent.ExecutionException: org.apache.ratis.thirdparty.io.grpc.StatusRuntimeException: UNAVAILABLE: io exception
	at java.util.concurrent.FutureTask.report(FutureTask.java:122)
	at java.util.concurrent.FutureTask.get(FutureTask.java:192)
	at org.apache.ratis.server.impl.LeaderElection.waitForResults(LeaderElection.java:262)
	at org.apache.ratis.server.impl.LeaderElection.askForVotes(LeaderElection.java:200)
	at org.apache.ratis.server.impl.LeaderElection.run(LeaderElection.java:130)
	at java.lang.Thread.run(Thread.java:748)
Caused by: org.apache.ratis.thirdparty.io.grpc.StatusRuntimeException: UNAVAILABLE: io exception
	at org.apache.ratis.thirdparty.io.grpc.stub.ClientCalls.toStatusRuntimeException(ClientCalls.java:233)
	at org.apache.ratis.thirdparty.io.grpc.stub.ClientCalls.getUnchecked(ClientCalls.java:214)
	at org.apache.ratis.thirdparty.io.grpc.stub.ClientCalls.blockingUnaryCall(ClientCalls.java:139)
	at org.apache.ratis.proto.grpc.RaftServerProtocolServiceGrpc$RaftServerProtocolServiceBlockingStub.requestVote(RaftServerProtocolServiceGrpc.java:265)
	at org.apache.ratis.grpc.server.GrpcServerProtocolClient.requestVote(GrpcServerProtocolClient.java:83)
	at org.apache.ratis.grpc.server.GrpcService.requestVote(GrpcService.java:195)
	at org.apache.ratis.server.impl.LeaderElection.lambda$submitRequests$1(LeaderElection.java:237)
	at java.util.concurrent.FutureTask.run(FutureTask.java:266)
	at java.util.concurrent.Executors$RunnableAdapter.call(Executors.java:511)
	at java.util.concurrent.FutureTask.run(FutureTask.java:266)
	at java.util.concurrent.ThreadPoolExecutor.runWorker(ThreadPoolExecutor.java:1149)
	at java.util.concurrent.ThreadPoolExecutor$Worker.run(ThreadPoolExecutor.java:624)
	... 1 more
Caused by: org.apache.ratis.thirdparty.io.netty.channel.AbstractChannel$AnnotatedConnectException: Connection refused: /192.168.69.89:34375
	at sun.nio.ch.SocketChannelImpl.checkConnect(Native Method)
	at sun.nio.ch.SocketChannelImpl.finishConnect(SocketChannelImpl.java:717)
	at org.apache.ratis.thirdparty.io.netty.channel.socket.nio.NioSocketChannel.doFinishConnect(NioSocketChannel.java:327)
	at org.apache.ratis.thirdparty.io.netty.channel.nio.AbstractNioChannel$AbstractNioUnsafe.finishConnect(AbstractNioChannel.java:340)
	at org.apache.ratis.thirdparty.io.netty.channel.nio.NioEventLoop.processSelectedKey(NioEventLoop.java:632)
	at org.apache.ratis.thirdparty.io.netty.channel.nio.NioEventLoop.processSelectedKeysOptimized(NioEventLoop.java:579)
	at org.apache.ratis.thirdparty.io.netty.channel.nio.NioEventLoop.processSelectedKeys(NioEventLoop.java:496)
	at org.apache.ratis.thirdparty.io.netty.channel.nio.NioEventLoop.run(NioEventLoop.java:458)
	at org.apache.ratis.thirdparty.io.netty.util.concurrent.SingleThreadEventExecutor$5.run(SingleThreadEventExecutor.java:897)
	at org.apache.ratis.thirdparty.io.netty.util.concurrent.FastThreadLocalRunnable.run(FastThreadLocalRunnable.java:30)
	... 1 more
Caused by: java.net.ConnectException: Connection refused
	... 11 more
2019-08-29 08:24:28,234 [94e856c7-b0ce-4c30-ba6b-01ce82d994d4:group-8B1667B5E62E:LeaderElection112] INFO  impl.LeaderElection (LeaderElection.java:logAndReturn(56)) - 94e856c7-b0ce-4c30-ba6b-01ce82d994d4:group-8B1667B5E62E:LeaderElection112: Election REJECTED; received 0 response(s) [] and 2 exception(s); 94e856c7-b0ce-4c30-ba6b-01ce82d994d4:t4, leader=null, voted=94e856c7-b0ce-4c30-ba6b-01ce82d994d4, raftlog=94e856c7-b0ce-4c30-ba6b-01ce82d994d4-SegmentedRaftLog:OPENED:c6,f6,i6, conf=0: [2bf2abbb-f03d-4b0e-b27d-2c376d4bd519:192.168.69.89:37716, 94e856c7-b0ce-4c30-ba6b-01ce82d994d4:192.168.69.89:39647, 4e4fc70f-7137-48e5-bce3-ed99a5fefc67:192.168.69.89:34375], old=null
2019-08-29 08:24:28,234 [94e856c7-b0ce-4c30-ba6b-01ce82d994d4:group-8B1667B5E62E:LeaderElection112] INFO  impl.LeaderElection (LogUtils.java:infoOrTrace(149)) -   Exception 0: {}
java.util.concurrent.ExecutionException: org.apache.ratis.thirdparty.io.grpc.StatusRuntimeException: UNAVAILABLE: io exception
	at java.util.concurrent.FutureTask.report(FutureTask.java:122)
	at java.util.concurrent.FutureTask.get(FutureTask.java:192)
	at org.apache.ratis.server.impl.LeaderElection.waitForResults(LeaderElection.java:262)
	at org.apache.ratis.server.impl.LeaderElection.askForVotes(LeaderElection.java:200)
	at org.apache.ratis.server.impl.LeaderElection.run(LeaderElection.java:130)
	at java.lang.Thread.run(Thread.java:748)
Caused by: org.apache.ratis.thirdparty.io.grpc.StatusRuntimeException: UNAVAILABLE: io exception
	at org.apache.ratis.thirdparty.io.grpc.stub.ClientCalls.toStatusRuntimeException(ClientCalls.java:233)
	at org.apache.ratis.thirdparty.io.grpc.stub.ClientCalls.getUnchecked(ClientCalls.java:214)
	at org.apache.ratis.thirdparty.io.grpc.stub.ClientCalls.blockingUnaryCall(ClientCalls.java:139)
	at org.apache.ratis.proto.grpc.RaftServerProtocolServiceGrpc$RaftServerProtocolServiceBlockingStub.requestVote(RaftServerProtocolServiceGrpc.java:265)
	at org.apache.ratis.grpc.server.GrpcServerProtocolClient.requestVote(GrpcServerProtocolClient.java:83)
	at org.apache.ratis.grpc.server.GrpcService.requestVote(GrpcService.java:195)
	at org.apache.ratis.server.impl.LeaderElection.lambda$submitRequests$1(LeaderElection.java:237)
	at java.util.concurrent.FutureTask.run(FutureTask.java:266)
	at java.util.concurrent.Executors$RunnableAdapter.call(Executors.java:511)
	at java.util.concurrent.FutureTask.run(FutureTask.java:266)
	at java.util.concurrent.ThreadPoolExecutor.runWorker(ThreadPoolExecutor.java:1149)
	at java.util.concurrent.ThreadPoolExecutor$Worker.run(ThreadPoolExecutor.java:624)
	... 1 more
Caused by: org.apache.ratis.thirdparty.io.netty.channel.AbstractChannel$AnnotatedConnectException: Connection refused: /192.168.69.89:37716
	at sun.nio.ch.SocketChannelImpl.checkConnect(Native Method)
	at sun.nio.ch.SocketChannelImpl.finishConnect(SocketChannelImpl.java:717)
	at org.apache.ratis.thirdparty.io.netty.channel.socket.nio.NioSocketChannel.doFinishConnect(NioSocketChannel.java:327)
	at org.apache.ratis.thirdparty.io.netty.channel.nio.AbstractNioChannel$AbstractNioUnsafe.finishConnect(AbstractNioChannel.java:340)
	at org.apache.ratis.thirdparty.io.netty.channel.nio.NioEventLoop.processSelectedKey(NioEventLoop.java:632)
	at org.apache.ratis.thirdparty.io.netty.channel.nio.NioEventLoop.processSelectedKeysOptimized(NioEventLoop.java:579)
	at org.apache.ratis.thirdparty.io.netty.channel.nio.NioEventLoop.processSelectedKeys(NioEventLoop.java:496)
	at org.apache.ratis.thirdparty.io.netty.channel.nio.NioEventLoop.run(NioEventLoop.java:458)
	at org.apache.ratis.thirdparty.io.netty.util.concurrent.SingleThreadEventExecutor$5.run(SingleThreadEventExecutor.java:897)
	at org.apache.ratis.thirdparty.io.netty.util.concurrent.FastThreadLocalRunnable.run(FastThreadLocalRunnable.java:30)
	... 1 more
Caused by: java.net.ConnectException: Connection refused
	... 11 more
2019-08-29 08:24:28,234 [94e856c7-b0ce-4c30-ba6b-01ce82d994d4:group-8B1667B5E62E:LeaderElection112] INFO  impl.LeaderElection (LogUtils.java:infoOrTrace(149)) -   Exception 1: {}
java.util.concurrent.ExecutionException: org.apache.ratis.thirdparty.io.grpc.StatusRuntimeException: UNAVAILABLE: io exception
	at java.util.concurrent.FutureTask.report(FutureTask.java:122)
	at java.util.concurrent.FutureTask.get(FutureTask.java:192)
	at org.apache.ratis.server.impl.LeaderElection.waitForResults(LeaderElection.java:262)
	at org.apache.ratis.server.impl.LeaderElection.askForVotes(LeaderElection.java:200)
	at org.apache.ratis.server.impl.LeaderElection.run(LeaderElection.java:130)
	at java.lang.Thread.run(Thread.java:748)
Caused by: org.apache.ratis.thirdparty.io.grpc.StatusRuntimeException: UNAVAILABLE: io exception
	at org.apache.ratis.thirdparty.io.grpc.stub.ClientCalls.toStatusRuntimeException(ClientCalls.java:233)
	at org.apache.ratis.thirdparty.io.grpc.stub.ClientCalls.getUnchecked(ClientCalls.java:214)
	at org.apache.ratis.thirdparty.io.grpc.stub.ClientCalls.blockingUnaryCall(ClientCalls.java:139)
	at org.apache.ratis.proto.grpc.RaftServerProtocolServiceGrpc$RaftServerProtocolServiceBlockingStub.requestVote(RaftServerProtocolServiceGrpc.java:265)
	at org.apache.ratis.grpc.server.GrpcServerProtocolClient.requestVote(GrpcServerProtocolClient.java:83)
	at org.apache.ratis.grpc.server.GrpcService.requestVote(GrpcService.java:195)
	at org.apache.ratis.server.impl.LeaderElection.lambda$submitRequests$1(LeaderElection.java:237)
	at java.util.concurrent.FutureTask.run(FutureTask.java:266)
	at java.util.concurrent.Executors$RunnableAdapter.call(Executors.java:511)
	at java.util.concurrent.FutureTask.run(FutureTask.java:266)
	at java.util.concurrent.ThreadPoolExecutor.runWorker(ThreadPoolExecutor.java:1149)
	at java.util.concurrent.ThreadPoolExecutor$Worker.run(ThreadPoolExecutor.java:624)
	... 1 more
Caused by: org.apache.ratis.thirdparty.io.netty.channel.AbstractChannel$AnnotatedConnectException: Connection refused: /192.168.69.89:34375
	at sun.nio.ch.SocketChannelImpl.checkConnect(Native Method)
	at sun.nio.ch.SocketChannelImpl.finishConnect(SocketChannelImpl.java:717)
	at org.apache.ratis.thirdparty.io.netty.channel.socket.nio.NioSocketChannel.doFinishConnect(NioSocketChannel.java:327)
	at org.apache.ratis.thirdparty.io.netty.channel.nio.AbstractNioChannel$AbstractNioUnsafe.finishConnect(AbstractNioChannel.java:340)
	at org.apache.ratis.thirdparty.io.netty.channel.nio.NioEventLoop.processSelectedKey(NioEventLoop.java:632)
	at org.apache.ratis.thirdparty.io.netty.channel.nio.NioEventLoop.processSelectedKeysOptimized(NioEventLoop.java:579)
	at org.apache.ratis.thirdparty.io.netty.channel.nio.NioEventLoop.processSelectedKeys(NioEventLoop.java:496)
	at org.apache.ratis.thirdparty.io.netty.channel.nio.NioEventLoop.run(NioEventLoop.java:458)
	at org.apache.ratis.thirdparty.io.netty.util.concurrent.SingleThreadEventExecutor$5.run(SingleThreadEventExecutor.java:897)
	at org.apache.ratis.thirdparty.io.netty.util.concurrent.FastThreadLocalRunnable.run(FastThreadLocalRunnable.java:30)
	... 1 more
Caused by: java.net.ConnectException: Connection refused
	... 11 more
2019-08-29 08:24:28,234 [94e856c7-b0ce-4c30-ba6b-01ce82d994d4:group-8B1667B5E62E:LeaderElection112] INFO  impl.RaftServerImpl (RaftServerImpl.java:setRole(171)) - 94e856c7-b0ce-4c30-ba6b-01ce82d994d4:group-8B1667B5E62E changes role from CANDIDATE to FOLLOWER at term 4 for DISCOVERED_A_NEW_TERM
2019-08-29 08:24:28,234 [94e856c7-b0ce-4c30-ba6b-01ce82d994d4:group-8B1667B5E62E:LeaderElection112] INFO  impl.RoleInfo (RoleInfo.java:shutdownLeaderElection(134)) - 94e856c7-b0ce-4c30-ba6b-01ce82d994d4: shutdown LeaderElection
2019-08-29 08:24:28,235 [94e856c7-b0ce-4c30-ba6b-01ce82d994d4:group-8B1667B5E62E:LeaderElection112] INFO  impl.RoleInfo (RoleInfo.java:updateAndGet(143)) - 94e856c7-b0ce-4c30-ba6b-01ce82d994d4: start FollowerState
2019-08-29 08:24:31,162 [EventQueue-StaleNodeForStaleNodeHandler] INFO  node.StaleNodeHandler (StaleNodeHandler.java:onMessage(58)) - Datanode 94e856c7-b0ce-4c30-ba6b-01ce82d994d4{ip: 192.168.69.89, host: pr-hdds-1569-7rqkn-550228749, networkLocation: /default-rack, certSerialId: null} moved to stale state. Finalizing its pipelines [PipelineID=47eb3698-c2b1-42d0-b341-2c6413f096bc, PipelineID=c28299d6-49f7-41c4-8395-8b1667b5e62e]
2019-08-29 08:24:31,162 [EventQueue-StaleNodeForStaleNodeHandler] INFO  pipeline.SCMPipelineManager (SCMPipelineManager.java:finalizeAndDestroyPipeline(309)) - destroying pipeline:Pipeline[ Id: 47eb3698-c2b1-42d0-b341-2c6413f096bc, Nodes: 94e856c7-b0ce-4c30-ba6b-01ce82d994d4{ip: 192.168.69.89, host: pr-hdds-1569-7rqkn-550228749, networkLocation: /default-rack, certSerialId: null}, Type:RATIS, Factor:ONE, State:OPEN]
2019-08-29 08:24:31,162 [EventQueue-StaleNodeForStaleNodeHandler] INFO  pipeline.PipelineStateManager (PipelineStateManager.java:finalizePipeline(123)) - Pipeline Pipeline[ Id: 47eb3698-c2b1-42d0-b341-2c6413f096bc, Nodes: 94e856c7-b0ce-4c30-ba6b-01ce82d994d4{ip: 192.168.69.89, host: pr-hdds-1569-7rqkn-550228749, networkLocation: /default-rack, certSerialId: null}, Type:RATIS, Factor:ONE, State:CLOSED] moved to CLOSED state
2019-08-29 08:24:31,163 [EventQueue-StaleNodeForStaleNodeHandler] INFO  pipeline.SCMPipelineManager (SCMPipelineManager.java:finalizeAndDestroyPipeline(309)) - destroying pipeline:Pipeline[ Id: c28299d6-49f7-41c4-8395-8b1667b5e62e, Nodes: 4e4fc70f-7137-48e5-bce3-ed99a5fefc67{ip: 192.168.69.89, host: pr-hdds-1569-7rqkn-550228749, networkLocation: /default-rack, certSerialId: null}2bf2abbb-f03d-4b0e-b27d-2c376d4bd519{ip: 192.168.69.89, host: pr-hdds-1569-7rqkn-550228749, networkLocation: /default-rack, certSerialId: null}94e856c7-b0ce-4c30-ba6b-01ce82d994d4{ip: 192.168.69.89, host: pr-hdds-1569-7rqkn-550228749, networkLocation: /default-rack, certSerialId: null}, Type:RATIS, Factor:THREE, State:CLOSED]
2019-08-29 08:24:31,857 [main] INFO  ozoneimpl.OzoneContainer (OzoneContainer.java:stop(199)) - Attempting to stop container services.
2019-08-29 08:24:31,857 [main] INFO  impl.RaftServerProxy (RaftServerProxy.java:lambda$close$4(314)) - 94e856c7-b0ce-4c30-ba6b-01ce82d994d4: close
2019-08-29 08:24:31,858 [main] INFO  impl.RaftServerImpl (RaftServerImpl.java:lambda$shutdown$3(245)) - 94e856c7-b0ce-4c30-ba6b-01ce82d994d4: shutdown group-2C6413F096BC
2019-08-29 08:24:31,858 [main] INFO  util.JmxRegister (JmxRegister.java:unregister(73)) - Successfully un-registered JMX Bean with object name Ratis:service=RaftServer,group=group-2C6413F096BC,id=94e856c7-b0ce-4c30-ba6b-01ce82d994d4
2019-08-29 08:24:31,859 [main] INFO  impl.RoleInfo (RoleInfo.java:shutdownLeaderState(104)) - 94e856c7-b0ce-4c30-ba6b-01ce82d994d4: shutdown LeaderState
2019-08-29 08:24:31,859 [main] INFO  impl.PendingRequests (PendingRequests.java:sendNotLeaderResponses(202)) - 94e856c7-b0ce-4c30-ba6b-01ce82d994d4-PendingRequests: sendNotLeaderResponses
2019-08-29 08:24:31,859 [main] INFO  impl.StateMachineUpdater (StateMachineUpdater.java:stopAndJoin(115)) - StateMachineUpdater:94e856c7-b0ce-4c30-ba6b-01ce82d994d4:group-2C6413F096BC: set stopIndex = 0
2019-08-29 08:24:31,860 [main] INFO  impl.RaftServerImpl (ServerState.java:close(394)) - 94e856c7-b0ce-4c30-ba6b-01ce82d994d4:group-2C6413F096BC closes. The last applied log index is 0
2019-08-29 08:24:31,860 [94e856c7-b0ce-4c30-ba6b-01ce82d994d4-SegmentedRaftLogWorker:Storage Directory /workdir/hadoop-ozone/integration-test/target/test-dir/MiniOzoneClusterImpl-6291b889-f921-442b-be66-486fed594c04/datanode-5/data/ratis/47eb3698-c2b1-42d0-b341-2c6413f096bc] INFO  segmented.SegmentedRaftLogWorker (SegmentedRaftLogWorker.java:run(313)) - 94e856c7-b0ce-4c30-ba6b-01ce82d994d4-SegmentedRaftLogWorker:Storage Directory /workdir/hadoop-ozone/integration-test/target/test-dir/MiniOzoneClusterImpl-6291b889-f921-442b-be66-486fed594c04/datanode-5/data/ratis/47eb3698-c2b1-42d0-b341-2c6413f096bc was interrupted, exiting. There are 0 tasks remaining in the queue.
2019-08-29 08:24:31,861 [main] INFO  segmented.SegmentedRaftLogWorker (SegmentedRaftLogWorker.java:close(228)) - 94e856c7-b0ce-4c30-ba6b-01ce82d994d4-SegmentedRaftLogWorker:Storage Directory /workdir/hadoop-ozone/integration-test/target/test-dir/MiniOzoneClusterImpl-6291b889-f921-442b-be66-486fed594c04/datanode-5/data/ratis/47eb3698-c2b1-42d0-b341-2c6413f096bc close()
2019-08-29 08:24:31,861 [main] INFO  impl.RaftServerImpl (RaftServerImpl.java:lambda$shutdown$3(245)) - 94e856c7-b0ce-4c30-ba6b-01ce82d994d4: shutdown group-8B1667B5E62E
2019-08-29 08:24:31,861 [main] INFO  util.JmxRegister (JmxRegister.java:unregister(73)) - Successfully un-registered JMX Bean with object name Ratis:service=RaftServer,group=group-8B1667B5E62E,id=94e856c7-b0ce-4c30-ba6b-01ce82d994d4
2019-08-29 08:24:31,862 [main] INFO  impl.RoleInfo (RoleInfo.java:shutdownFollowerState(121)) - 94e856c7-b0ce-4c30-ba6b-01ce82d994d4: shutdown FollowerState
2019-08-29 08:24:31,862 [main] INFO  impl.StateMachineUpdater (StateMachineUpdater.java:stopAndJoin(115)) - StateMachineUpdater:94e856c7-b0ce-4c30-ba6b-01ce82d994d4:group-8B1667B5E62E: set stopIndex = 6
2019-08-29 08:24:31,862 [StateMachineUpdater:94e856c7-b0ce-4c30-ba6b-01ce82d994d4:group-8B1667B5E62E] INFO  ratis.ContainerStateMachine (ContainerStateMachine.java:takeSnapshot(283)) - group-8B1667B5E62E: Taking a snapshot at:(t:2, i:6) file /workdir/hadoop-ozone/integration-test/target/test-dir/MiniOzoneClusterImpl-6291b889-f921-442b-be66-486fed594c04/datanode-5/data/ratis/c28299d6-49f7-41c4-8395-8b1667b5e62e/sm/snapshot.2_6
2019-08-29 08:24:31,862 [Thread-4477] INFO  impl.FollowerState (FollowerState.java:run(114)) - 94e856c7-b0ce-4c30-ba6b-01ce82d994d4: FollowerState was interrupted: java.lang.InterruptedException: sleep interrupted
2019-08-29 08:24:31,887 [StateMachineUpdater:94e856c7-b0ce-4c30-ba6b-01ce82d994d4:group-8B1667B5E62E] INFO  ratis.ContainerStateMachine (ContainerStateMachine.java:takeSnapshot(294)) - group-8B1667B5E62E: Finished taking a snapshot at:(t:2, i:6) file:/workdir/hadoop-ozone/integration-test/target/test-dir/MiniOzoneClusterImpl-6291b889-f921-442b-be66-486fed594c04/datanode-5/data/ratis/c28299d6-49f7-41c4-8395-8b1667b5e62e/sm/snapshot.2_6 time:25
2019-08-29 08:24:31,887 [StateMachineUpdater:94e856c7-b0ce-4c30-ba6b-01ce82d994d4:group-8B1667B5E62E] INFO  impl.StateMachineUpdater (StateMachineUpdater.java:takeSnapshot(242)) - StateMachineUpdater:94e856c7-b0ce-4c30-ba6b-01ce82d994d4:group-8B1667B5E62E: Took a snapshot at index 6
2019-08-29 08:24:31,887 [StateMachineUpdater:94e856c7-b0ce-4c30-ba6b-01ce82d994d4:group-8B1667B5E62E] INFO  impl.StateMachineUpdater (StateMachineUpdater.java:lambda$new$0(80)) - StateMachineUpdater:94e856c7-b0ce-4c30-ba6b-01ce82d994d4:group-8B1667B5E62E: snapshotIndex: updateIncreasingly -1 -> 6
2019-08-29 08:24:31,888 [main] INFO  impl.RaftServerImpl (ServerState.java:close(394)) - 94e856c7-b0ce-4c30-ba6b-01ce82d994d4:group-8B1667B5E62E closes. The last applied log index is 6
2019-08-29 08:24:31,888 [94e856c7-b0ce-4c30-ba6b-01ce82d994d4-SegmentedRaftLogWorker:Storage Directory /workdir/hadoop-ozone/integration-test/target/test-dir/MiniOzoneClusterImpl-6291b889-f921-442b-be66-486fed594c04/datanode-5/data/ratis/c28299d6-49f7-41c4-8395-8b1667b5e62e] INFO  segmented.SegmentedRaftLogWorker (SegmentedRaftLogWorker.java:run(313)) - 94e856c7-b0ce-4c30-ba6b-01ce82d994d4-SegmentedRaftLogWorker:Storage Directory /workdir/hadoop-ozone/integration-test/target/test-dir/MiniOzoneClusterImpl-6291b889-f921-442b-be66-486fed594c04/datanode-5/data/ratis/c28299d6-49f7-41c4-8395-8b1667b5e62e was interrupted, exiting. There are 0 tasks remaining in the queue.
2019-08-29 08:24:31,889 [main] INFO  segmented.SegmentedRaftLogWorker (SegmentedRaftLogWorker.java:close(228)) - 94e856c7-b0ce-4c30-ba6b-01ce82d994d4-SegmentedRaftLogWorker:Storage Directory /workdir/hadoop-ozone/integration-test/target/test-dir/MiniOzoneClusterImpl-6291b889-f921-442b-be66-486fed594c04/datanode-5/data/ratis/c28299d6-49f7-41c4-8395-8b1667b5e62e close()
2019-08-29 08:24:31,889 [main] INFO  server.GrpcService (GrpcService.java:closeImpl(155)) - 94e856c7-b0ce-4c30-ba6b-01ce82d994d4: shutdown server with port 39647 now
2019-08-29 08:24:31,890 [main] INFO  server.GrpcService (GrpcService.java:closeImpl(163)) - 94e856c7-b0ce-4c30-ba6b-01ce82d994d4: shutdown server with port 39647 successfully
2019-08-29 08:24:31,891 [main] INFO  utils.BackgroundService (BackgroundService.java:shutdown(148)) - Shutting down service BlockDeletingService
2019-08-29 08:24:31,893 [refreshUsed-/workdir/hadoop-ozone/integration-test/target/test-dir/MiniOzoneClusterImpl-6291b889-f921-442b-be66-486fed594c04/datanode-5/data/containers] WARN  fs.CachingGetSpaceUsed (CachingGetSpaceUsed.java:run(183)) - Thread Interrupted waiting to refresh disk information: sleep interrupted
2019-08-29 08:24:31,903 [main] INFO  statemachine.DatanodeStateMachine (DatanodeStateMachine.java:stopDaemon(395)) - Ozone container server stopped.
2019-08-29 08:24:31,905 [main] INFO  handler.ContextHandler (ContextHandler.java:doStop(910)) - Stopped o.e.j.w.WebAppContext@20395afe{/,null,UNAVAILABLE}{/hddsDatanode}
2019-08-29 08:24:31,905 [main] INFO  server.AbstractConnector (AbstractConnector.java:doStop(318)) - Stopped ServerConnector@2dfdea3a{HTTP/1.1,[http/1.1]}{0.0.0.0:0}
2019-08-29 08:24:31,906 [main] INFO  handler.ContextHandler (ContextHandler.java:doStop(910)) - Stopped o.e.j.s.ServletContextHandler@5b628376{/static,jar:file:/home/user/.m2/repository/org/apache/hadoop/hadoop-hdds-container-service/0.5.0-SNAPSHOT/hadoop-hdds-container-service-0.5.0-SNAPSHOT.jar!/webapps/static,UNAVAILABLE}
2019-08-29 08:24:31,906 [main] INFO  handler.ContextHandler (ContextHandler.java:doStop(910)) - Stopped o.e.j.s.ServletContextHandler@1181a376{/logs,file:///workdir/hadoop-ozone/integration-test/target/log,UNAVAILABLE}
2019-08-29 08:24:31,907 [main] INFO  ozone.MiniOzoneClusterImpl (MiniOzoneClusterImpl.java:stop(353)) - Stopping the StorageContainerManager
2019-08-29 08:24:31,907 [main] INFO  server.StorageContainerManager (StorageContainerManager.java:stop(797)) - Stopping Replication Manager Service.
2019-08-29 08:24:31,907 [main] INFO  container.ReplicationManager (ReplicationManager.java:stop(193)) - Stopping Replication Monitor Thread.
2019-08-29 08:24:31,907 [main] INFO  server.StorageContainerManager (StorageContainerManager.java:stop(804)) - Stopping Lease Manager of the command watchers
2019-08-29 08:24:31,908 [main] INFO  server.StorageContainerManager (StorageContainerManager.java:stop(811)) - Stopping datanode service RPC server
2019-08-29 08:24:31,908 [main] INFO  server.SCMDatanodeProtocolServer (SCMDatanodeProtocolServer.java:stop(367)) - Stopping the RPC server for DataNodes
2019-08-29 08:24:31,908 [main] INFO  ipc.Server (Server.java:stop(3082)) - Stopping server on 37867
2019-08-29 08:24:31,913 [IPC Server listener on 37867] INFO  ipc.Server (Server.java:run(1185)) - Stopping IPC Server listener on 37867
2019-08-29 08:24:31,913 [IPC Server Responder] INFO  ipc.Server (Server.java:run(1319)) - Stopping IPC Server Responder
2019-08-29 08:24:31,963 [SCM Heartbeat Processing Thread - 0] WARN  node.NodeStateManager (NodeStateManager.java:scheduleNextHealthCheck(655)) - Current Thread is interrupted, shutting down HB processing thread for Node Manager.
2019-08-29 08:24:31,963 [main] INFO  server.StorageContainerManager (StorageContainerManager.java:stop(819)) - Stopping block service RPC server
2019-08-29 08:24:31,963 [main] INFO  server.SCMBlockProtocolServer (SCMBlockProtocolServer.java:stop(148)) - Stopping the RPC server for Block Protocol
2019-08-29 08:24:31,963 [main] INFO  ipc.Server (Server.java:stop(3082)) - Stopping server on 45680
2019-08-29 08:24:31,969 [main] INFO  server.StorageContainerManager (StorageContainerManager.java:stop(826)) - Stopping the StorageContainerLocationProtocol RPC server
2019-08-29 08:24:31,969 [IPC Server Responder] INFO  ipc.Server (Server.java:run(1319)) - Stopping IPC Server Responder
2019-08-29 08:24:31,969 [main] INFO  server.SCMClientProtocolServer (SCMClientProtocolServer.java:stop(159)) - Stopping the RPC server for Client Protocol
2019-08-29 08:24:31,969 [IPC Server listener on 45680] INFO  ipc.Server (Server.java:run(1185)) - Stopping IPC Server listener on 45680
2019-08-29 08:24:31,970 [main] INFO  ipc.Server (Server.java:stop(3082)) - Stopping server on 39416
2019-08-29 08:24:31,973 [IPC Server listener on 39416] INFO  ipc.Server (Server.java:run(1185)) - Stopping IPC Server listener on 39416
2019-08-29 08:24:31,973 [main] INFO  server.StorageContainerManager (StorageContainerManager.java:stop(833)) - Stopping Storage Container Manager HTTP server.
2019-08-29 08:24:31,973 [IPC Server Responder] INFO  ipc.Server (Server.java:run(1319)) - Stopping IPC Server Responder
2019-08-29 08:24:31,975 [main] INFO  handler.ContextHandler (ContextHandler.java:doStop(910)) - Stopped o.e.j.w.WebAppContext@6970687e{/,null,UNAVAILABLE}{/scm}
2019-08-29 08:24:31,976 [main] INFO  server.AbstractConnector (AbstractConnector.java:doStop(318)) - Stopped ServerConnector@a6f34f5{HTTP/1.1,[http/1.1]}{0.0.0.0:0}
2019-08-29 08:24:31,976 [main] INFO  handler.ContextHandler (ContextHandler.java:doStop(910)) - Stopped o.e.j.s.ServletContextHandler@2a01c55{/static,file:///workdir/hadoop-ozone/integration-test/target/test-classes/webapps/static,UNAVAILABLE}
2019-08-29 08:24:31,976 [main] INFO  handler.ContextHandler (ContextHandler.java:doStop(910)) - Stopped o.e.j.s.ServletContextHandler@43d00636{/logs,file:///workdir/hadoop-ozone/integration-test/target/log,UNAVAILABLE}
2019-08-29 08:24:31,977 [main] INFO  server.StorageContainerManager (StorageContainerManager.java:stop(844)) - Stopping Block Manager Service.
2019-08-29 08:24:31,977 [main] INFO  utils.BackgroundService (BackgroundService.java:shutdown(148)) - Shutting down service SCMBlockDeletingService
2019-08-29 08:24:31,978 [main] INFO  utils.BackgroundService (BackgroundService.java:shutdown(148)) - Shutting down service SCMBlockDeletingService
2019-08-29 08:24:31,978 [main] INFO  server.StorageContainerManager (StorageContainerManager.java:stop(866)) - Stopping SCM Event Queue.
2019-08-29 08:24:31,981 [main] INFO  impl.MetricsSystemImpl (MetricsSystemImpl.java:stop(210)) - Stopping HddsDatanode metrics system...
2019-08-29 08:24:31,991 [main] INFO  impl.MetricsSystemImpl (MetricsSystemImpl.java:stop(216)) - HddsDatanode metrics system stopped.
]]></system-out>
    <system-err><![CDATA[Aug 29, 2019 8:23:52 AM com.sun.jersey.server.impl.application.WebApplicationImpl _initiate
INFO: Initiating Jersey application, version 'Jersey: 1.19 02/11/2015 03:25 AM'
Aug 29, 2019 8:23:52 AM com.sun.jersey.server.impl.application.WebApplicationImpl _initiate
INFO: Initiating Jersey application, version 'Jersey: 1.19 02/11/2015 03:25 AM'
Aug 29, 2019 8:23:52 AM com.sun.jersey.server.impl.application.WebApplicationImpl _initiate
INFO: Initiating Jersey application, version 'Jersey: 1.19 02/11/2015 03:25 AM'
Aug 29, 2019 8:23:52 AM com.sun.jersey.server.impl.application.WebApplicationImpl _initiate
INFO: Initiating Jersey application, version 'Jersey: 1.19 02/11/2015 03:25 AM'
Aug 29, 2019 8:23:53 AM com.sun.jersey.server.impl.application.WebApplicationImpl _initiate
INFO: Initiating Jersey application, version 'Jersey: 1.19 02/11/2015 03:25 AM'
Aug 29, 2019 8:23:53 AM com.sun.jersey.server.impl.application.WebApplicationImpl _initiate
INFO: Initiating Jersey application, version 'Jersey: 1.19 02/11/2015 03:25 AM'
Aug 29, 2019 8:23:53 AM org.apache.ratis.thirdparty.io.grpc.internal.ManagedChannelOrphanWrapper$ManagedChannelReference cleanQueue
SEVERE: *~*~*~ Channel ManagedChannelImpl{logId=3304, target=192.168.69.89:44265} was not shutdown properly!!! ~*~*~*
    Make sure to call shutdown()/shutdownNow() and wait until awaitTermination() returns true.
java.lang.RuntimeException: ManagedChannel allocation site
	at org.apache.ratis.thirdparty.io.grpc.internal.ManagedChannelOrphanWrapper$ManagedChannelReference.<init>(ManagedChannelOrphanWrapper.java:103)
	at org.apache.ratis.thirdparty.io.grpc.internal.ManagedChannelOrphanWrapper.<init>(ManagedChannelOrphanWrapper.java:53)
	at org.apache.ratis.thirdparty.io.grpc.internal.ManagedChannelOrphanWrapper.<init>(ManagedChannelOrphanWrapper.java:44)
	at org.apache.ratis.thirdparty.io.grpc.internal.AbstractManagedChannelImplBuilder.build(AbstractManagedChannelImplBuilder.java:411)
	at org.apache.hadoop.hdds.scm.XceiverClientGrpc.connectToDatanode(XceiverClientGrpc.java:175)
	at org.apache.hadoop.hdds.scm.XceiverClientGrpc.reconnect(XceiverClientGrpc.java:423)
	at org.apache.hadoop.hdds.scm.XceiverClientGrpc.sendCommandAsync(XceiverClientGrpc.java:372)
	at org.apache.hadoop.hdds.scm.XceiverClientGrpc.sendCommandWithRetry(XceiverClientGrpc.java:285)
	at org.apache.hadoop.hdds.scm.XceiverClientGrpc.sendCommandWithTraceIDAndRetry(XceiverClientGrpc.java:251)
	at org.apache.hadoop.hdds.scm.XceiverClientGrpc.sendCommand(XceiverClientGrpc.java:234)
	at org.apache.hadoop.hdds.scm.storage.ContainerProtocolCalls.readChunk(ContainerProtocolCalls.java:245)
	at org.apache.hadoop.hdds.scm.storage.ChunkInputStream.readChunk(ChunkInputStream.java:335)
	at org.apache.hadoop.hdds.scm.storage.ChunkInputStream.readChunkFromContainer(ChunkInputStream.java:307)
	at org.apache.hadoop.hdds.scm.storage.ChunkInputStream.prepareRead(ChunkInputStream.java:259)
	at org.apache.hadoop.hdds.scm.storage.ChunkInputStream.read(ChunkInputStream.java:144)
	at org.apache.hadoop.hdds.scm.storage.BlockInputStream.read(BlockInputStream.java:239)
	at org.apache.hadoop.ozone.client.io.KeyInputStream.read(KeyInputStream.java:171)
	at org.apache.hadoop.ozone.client.io.OzoneInputStream.read(OzoneInputStream.java:47)
	at java.io.InputStream.read(InputStream.java:101)
	at org.apache.hadoop.ozone.container.ContainerTestHelper.validateData(ContainerTestHelper.java:713)
	at org.apache.hadoop.ozone.client.rpc.TestBlockOutputStreamWithFailures.validateData(TestBlockOutputStreamWithFailures.java:1216)
	at org.apache.hadoop.ozone.client.rpc.TestBlockOutputStreamWithFailures.testWatchForCommitDatanodeFailure(TestBlockOutputStreamWithFailures.java:393)
	at sun.reflect.NativeMethodAccessorImpl.invoke0(Native Method)
	at sun.reflect.NativeMethodAccessorImpl.invoke(NativeMethodAccessorImpl.java:62)
	at sun.reflect.DelegatingMethodAccessorImpl.invoke(DelegatingMethodAccessorImpl.java:43)
	at java.lang.reflect.Method.invoke(Method.java:498)
	at org.junit.runners.model.FrameworkMethod$1.runReflectiveCall(FrameworkMethod.java:47)
	at org.junit.internal.runners.model.ReflectiveCallable.run(ReflectiveCallable.java:12)
	at org.junit.runners.model.FrameworkMethod.invokeExplosively(FrameworkMethod.java:44)
	at org.junit.internal.runners.statements.InvokeMethod.evaluate(InvokeMethod.java:17)
	at org.junit.internal.runners.statements.RunBefores.evaluate(RunBefores.java:26)
	at org.junit.internal.runners.statements.RunAfters.evaluate(RunAfters.java:27)
	at org.junit.runners.ParentRunner.runLeaf(ParentRunner.java:271)
	at org.junit.runners.BlockJUnit4ClassRunner.runChild(BlockJUnit4ClassRunner.java:70)
	at org.junit.runners.BlockJUnit4ClassRunner.runChild(BlockJUnit4ClassRunner.java:50)
	at org.junit.runners.ParentRunner$3.run(ParentRunner.java:238)
	at org.junit.runners.ParentRunner$1.schedule(ParentRunner.java:63)
	at org.junit.runners.ParentRunner.runChildren(ParentRunner.java:236)
	at org.junit.runners.ParentRunner.access$000(ParentRunner.java:53)
	at org.junit.runners.ParentRunner$2.evaluate(ParentRunner.java:229)
	at org.junit.runners.ParentRunner.run(ParentRunner.java:309)
	at org.apache.maven.surefire.junit4.JUnit4Provider.execute(JUnit4Provider.java:365)
	at org.apache.maven.surefire.junit4.JUnit4Provider.executeWithRerun(JUnit4Provider.java:273)
	at org.apache.maven.surefire.junit4.JUnit4Provider.executeTestSet(JUnit4Provider.java:238)
	at org.apache.maven.surefire.junit4.JUnit4Provider.invoke(JUnit4Provider.java:159)
	at org.apache.maven.surefire.booter.ForkedBooter.invokeProviderInSameClassLoader(ForkedBooter.java:384)
	at org.apache.maven.surefire.booter.ForkedBooter.runSuitesInProcess(ForkedBooter.java:345)
	at org.apache.maven.surefire.booter.ForkedBooter.execute(ForkedBooter.java:126)
	at org.apache.maven.surefire.booter.ForkedBooter.main(ForkedBooter.java:418)

Aug 29, 2019 8:23:53 AM org.apache.ratis.thirdparty.io.grpc.internal.ManagedChannelOrphanWrapper$ManagedChannelReference cleanQueue
SEVERE: *~*~*~ Channel ManagedChannelImpl{logId=3318, target=192.168.69.89:35118} was not shutdown properly!!! ~*~*~*
    Make sure to call shutdown()/shutdownNow() and wait until awaitTermination() returns true.
java.lang.RuntimeException: ManagedChannel allocation site
	at org.apache.ratis.thirdparty.io.grpc.internal.ManagedChannelOrphanWrapper$ManagedChannelReference.<init>(ManagedChannelOrphanWrapper.java:103)
	at org.apache.ratis.thirdparty.io.grpc.internal.ManagedChannelOrphanWrapper.<init>(ManagedChannelOrphanWrapper.java:53)
	at org.apache.ratis.thirdparty.io.grpc.internal.ManagedChannelOrphanWrapper.<init>(ManagedChannelOrphanWrapper.java:44)
	at org.apache.ratis.thirdparty.io.grpc.internal.AbstractManagedChannelImplBuilder.build(AbstractManagedChannelImplBuilder.java:411)
	at org.apache.hadoop.hdds.scm.XceiverClientGrpc.connectToDatanode(XceiverClientGrpc.java:175)
	at org.apache.hadoop.hdds.scm.XceiverClientGrpc.reconnect(XceiverClientGrpc.java:423)
	at org.apache.hadoop.hdds.scm.XceiverClientGrpc.sendCommandAsync(XceiverClientGrpc.java:372)
	at org.apache.hadoop.hdds.scm.XceiverClientGrpc.sendCommandWithRetry(XceiverClientGrpc.java:285)
	at org.apache.hadoop.hdds.scm.XceiverClientGrpc.sendCommandWithTraceIDAndRetry(XceiverClientGrpc.java:251)
	at org.apache.hadoop.hdds.scm.XceiverClientGrpc.sendCommand(XceiverClientGrpc.java:234)
	at org.apache.hadoop.hdds.scm.storage.ContainerProtocolCalls.readChunk(ContainerProtocolCalls.java:245)
	at org.apache.hadoop.hdds.scm.storage.ChunkInputStream.readChunk(ChunkInputStream.java:335)
	at org.apache.hadoop.hdds.scm.storage.ChunkInputStream.readChunkFromContainer(ChunkInputStream.java:307)
	at org.apache.hadoop.hdds.scm.storage.ChunkInputStream.prepareRead(ChunkInputStream.java:259)
	at org.apache.hadoop.hdds.scm.storage.ChunkInputStream.read(ChunkInputStream.java:144)
	at org.apache.hadoop.hdds.scm.storage.BlockInputStream.read(BlockInputStream.java:239)
	at org.apache.hadoop.ozone.client.io.KeyInputStream.read(KeyInputStream.java:171)
	at org.apache.hadoop.ozone.client.io.OzoneInputStream.read(OzoneInputStream.java:47)
	at java.io.InputStream.read(InputStream.java:101)
	at org.apache.hadoop.ozone.container.ContainerTestHelper.validateData(ContainerTestHelper.java:713)
	at org.apache.hadoop.ozone.client.rpc.TestBlockOutputStreamWithFailures.validateData(TestBlockOutputStreamWithFailures.java:1216)
	at org.apache.hadoop.ozone.client.rpc.TestBlockOutputStreamWithFailures.testWatchForCommitDatanodeFailure(TestBlockOutputStreamWithFailures.java:393)
	at sun.reflect.NativeMethodAccessorImpl.invoke0(Native Method)
	at sun.reflect.NativeMethodAccessorImpl.invoke(NativeMethodAccessorImpl.java:62)
	at sun.reflect.DelegatingMethodAccessorImpl.invoke(DelegatingMethodAccessorImpl.java:43)
	at java.lang.reflect.Method.invoke(Method.java:498)
	at org.junit.runners.model.FrameworkMethod$1.runReflectiveCall(FrameworkMethod.java:47)
	at org.junit.internal.runners.model.ReflectiveCallable.run(ReflectiveCallable.java:12)
	at org.junit.runners.model.FrameworkMethod.invokeExplosively(FrameworkMethod.java:44)
	at org.junit.internal.runners.statements.InvokeMethod.evaluate(InvokeMethod.java:17)
	at org.junit.internal.runners.statements.RunBefores.evaluate(RunBefores.java:26)
	at org.junit.internal.runners.statements.RunAfters.evaluate(RunAfters.java:27)
	at org.junit.runners.ParentRunner.runLeaf(ParentRunner.java:271)
	at org.junit.runners.BlockJUnit4ClassRunner.runChild(BlockJUnit4ClassRunner.java:70)
	at org.junit.runners.BlockJUnit4ClassRunner.runChild(BlockJUnit4ClassRunner.java:50)
	at org.junit.runners.ParentRunner$3.run(ParentRunner.java:238)
	at org.junit.runners.ParentRunner$1.schedule(ParentRunner.java:63)
	at org.junit.runners.ParentRunner.runChildren(ParentRunner.java:236)
	at org.junit.runners.ParentRunner.access$000(ParentRunner.java:53)
	at org.junit.runners.ParentRunner$2.evaluate(ParentRunner.java:229)
	at org.junit.runners.ParentRunner.run(ParentRunner.java:309)
	at org.apache.maven.surefire.junit4.JUnit4Provider.execute(JUnit4Provider.java:365)
	at org.apache.maven.surefire.junit4.JUnit4Provider.executeWithRerun(JUnit4Provider.java:273)
	at org.apache.maven.surefire.junit4.JUnit4Provider.executeTestSet(JUnit4Provider.java:238)
	at org.apache.maven.surefire.junit4.JUnit4Provider.invoke(JUnit4Provider.java:159)
	at org.apache.maven.surefire.booter.ForkedBooter.invokeProviderInSameClassLoader(ForkedBooter.java:384)
	at org.apache.maven.surefire.booter.ForkedBooter.runSuitesInProcess(ForkedBooter.java:345)
	at org.apache.maven.surefire.booter.ForkedBooter.execute(ForkedBooter.java:126)
	at org.apache.maven.surefire.booter.ForkedBooter.main(ForkedBooter.java:418)

Aug 29, 2019 8:23:53 AM org.apache.ratis.thirdparty.io.grpc.internal.ManagedChannelOrphanWrapper$ManagedChannelReference cleanQueue
SEVERE: *~*~*~ Channel ManagedChannelImpl{logId=3287, target=192.168.69.89:39356} was not shutdown properly!!! ~*~*~*
    Make sure to call shutdown()/shutdownNow() and wait until awaitTermination() returns true.
java.lang.RuntimeException: ManagedChannel allocation site
	at org.apache.ratis.thirdparty.io.grpc.internal.ManagedChannelOrphanWrapper$ManagedChannelReference.<init>(ManagedChannelOrphanWrapper.java:103)
	at org.apache.ratis.thirdparty.io.grpc.internal.ManagedChannelOrphanWrapper.<init>(ManagedChannelOrphanWrapper.java:53)
	at org.apache.ratis.thirdparty.io.grpc.internal.ManagedChannelOrphanWrapper.<init>(ManagedChannelOrphanWrapper.java:44)
	at org.apache.ratis.thirdparty.io.grpc.internal.AbstractManagedChannelImplBuilder.build(AbstractManagedChannelImplBuilder.java:411)
	at org.apache.hadoop.hdds.scm.XceiverClientGrpc.connectToDatanode(XceiverClientGrpc.java:175)
	at org.apache.hadoop.hdds.scm.XceiverClientGrpc.reconnect(XceiverClientGrpc.java:423)
	at org.apache.hadoop.hdds.scm.XceiverClientGrpc.sendCommandAsync(XceiverClientGrpc.java:372)
	at org.apache.hadoop.hdds.scm.XceiverClientGrpc.sendCommandWithRetry(XceiverClientGrpc.java:285)
	at org.apache.hadoop.hdds.scm.XceiverClientGrpc.sendCommandWithTraceIDAndRetry(XceiverClientGrpc.java:251)
	at org.apache.hadoop.hdds.scm.XceiverClientGrpc.sendCommand(XceiverClientGrpc.java:234)
	at org.apache.hadoop.hdds.scm.storage.ContainerProtocolCalls.getBlock(ContainerProtocolCalls.java:118)
	at org.apache.hadoop.hdds.scm.storage.BlockInputStream.getChunkInfos(BlockInputStream.java:167)
	at org.apache.hadoop.hdds.scm.storage.BlockInputStream.initialize(BlockInputStream.java:118)
	at org.apache.hadoop.hdds.scm.storage.BlockInputStream.read(BlockInputStream.java:222)
	at org.apache.hadoop.ozone.client.io.KeyInputStream.read(KeyInputStream.java:171)
	at org.apache.hadoop.ozone.client.io.OzoneInputStream.read(OzoneInputStream.java:47)
	at java.io.InputStream.read(InputStream.java:101)
	at org.apache.hadoop.ozone.container.ContainerTestHelper.validateData(ContainerTestHelper.java:713)
	at org.apache.hadoop.ozone.client.rpc.TestBlockOutputStreamWithFailures.validateData(TestBlockOutputStreamWithFailures.java:1216)
	at org.apache.hadoop.ozone.client.rpc.TestBlockOutputStreamWithFailures.testWatchForCommitDatanodeFailure(TestBlockOutputStreamWithFailures.java:393)
	at sun.reflect.NativeMethodAccessorImpl.invoke0(Native Method)
	at sun.reflect.NativeMethodAccessorImpl.invoke(NativeMethodAccessorImpl.java:62)
	at sun.reflect.DelegatingMethodAccessorImpl.invoke(DelegatingMethodAccessorImpl.java:43)
	at java.lang.reflect.Method.invoke(Method.java:498)
	at org.junit.runners.model.FrameworkMethod$1.runReflectiveCall(FrameworkMethod.java:47)
	at org.junit.internal.runners.model.ReflectiveCallable.run(ReflectiveCallable.java:12)
	at org.junit.runners.model.FrameworkMethod.invokeExplosively(FrameworkMethod.java:44)
	at org.junit.internal.runners.statements.InvokeMethod.evaluate(InvokeMethod.java:17)
	at org.junit.internal.runners.statements.RunBefores.evaluate(RunBefores.java:26)
	at org.junit.internal.runners.statements.RunAfters.evaluate(RunAfters.java:27)
	at org.junit.runners.ParentRunner.runLeaf(ParentRunner.java:271)
	at org.junit.runners.BlockJUnit4ClassRunner.runChild(BlockJUnit4ClassRunner.java:70)
	at org.junit.runners.BlockJUnit4ClassRunner.runChild(BlockJUnit4ClassRunner.java:50)
	at org.junit.runners.ParentRunner$3.run(ParentRunner.java:238)
	at org.junit.runners.ParentRunner$1.schedule(ParentRunner.java:63)
	at org.junit.runners.ParentRunner.runChildren(ParentRunner.java:236)
	at org.junit.runners.ParentRunner.access$000(ParentRunner.java:53)
	at org.junit.runners.ParentRunner$2.evaluate(ParentRunner.java:229)
	at org.junit.runners.ParentRunner.run(ParentRunner.java:309)
	at org.apache.maven.surefire.junit4.JUnit4Provider.execute(JUnit4Provider.java:365)
	at org.apache.maven.surefire.junit4.JUnit4Provider.executeWithRerun(JUnit4Provider.java:273)
	at org.apache.maven.surefire.junit4.JUnit4Provider.executeTestSet(JUnit4Provider.java:238)
	at org.apache.maven.surefire.junit4.JUnit4Provider.invoke(JUnit4Provider.java:159)
	at org.apache.maven.surefire.booter.ForkedBooter.invokeProviderInSameClassLoader(ForkedBooter.java:384)
	at org.apache.maven.surefire.booter.ForkedBooter.runSuitesInProcess(ForkedBooter.java:345)
	at org.apache.maven.surefire.booter.ForkedBooter.execute(ForkedBooter.java:126)
	at org.apache.maven.surefire.booter.ForkedBooter.main(ForkedBooter.java:418)

Aug 29, 2019 8:23:53 AM org.apache.ratis.thirdparty.io.grpc.internal.ManagedChannelOrphanWrapper$ManagedChannelReference cleanQueue
SEVERE: *~*~*~ Channel ManagedChannelImpl{logId=3313, target=192.168.69.89:44731} was not shutdown properly!!! ~*~*~*
    Make sure to call shutdown()/shutdownNow() and wait until awaitTermination() returns true.
java.lang.RuntimeException: ManagedChannel allocation site
	at org.apache.ratis.thirdparty.io.grpc.internal.ManagedChannelOrphanWrapper$ManagedChannelReference.<init>(ManagedChannelOrphanWrapper.java:103)
	at org.apache.ratis.thirdparty.io.grpc.internal.ManagedChannelOrphanWrapper.<init>(ManagedChannelOrphanWrapper.java:53)
	at org.apache.ratis.thirdparty.io.grpc.internal.ManagedChannelOrphanWrapper.<init>(ManagedChannelOrphanWrapper.java:44)
	at org.apache.ratis.thirdparty.io.grpc.internal.AbstractManagedChannelImplBuilder.build(AbstractManagedChannelImplBuilder.java:411)
	at org.apache.hadoop.hdds.scm.XceiverClientGrpc.connectToDatanode(XceiverClientGrpc.java:175)
	at org.apache.hadoop.hdds.scm.XceiverClientGrpc.reconnect(XceiverClientGrpc.java:423)
	at org.apache.hadoop.hdds.scm.XceiverClientGrpc.sendCommandAsync(XceiverClientGrpc.java:372)
	at org.apache.hadoop.hdds.scm.XceiverClientGrpc.sendCommandWithRetry(XceiverClientGrpc.java:285)
	at org.apache.hadoop.hdds.scm.XceiverClientGrpc.sendCommandWithTraceIDAndRetry(XceiverClientGrpc.java:251)
	at org.apache.hadoop.hdds.scm.XceiverClientGrpc.sendCommand(XceiverClientGrpc.java:234)
	at org.apache.hadoop.hdds.scm.storage.ContainerProtocolCalls.getBlock(ContainerProtocolCalls.java:118)
	at org.apache.hadoop.hdds.scm.storage.BlockInputStream.getChunkInfos(BlockInputStream.java:167)
	at org.apache.hadoop.hdds.scm.storage.BlockInputStream.initialize(BlockInputStream.java:118)
	at org.apache.hadoop.hdds.scm.storage.BlockInputStream.read(BlockInputStream.java:222)
	at org.apache.hadoop.ozone.client.io.KeyInputStream.read(KeyInputStream.java:171)
	at org.apache.hadoop.ozone.client.io.OzoneInputStream.read(OzoneInputStream.java:47)
	at java.io.InputStream.read(InputStream.java:101)
	at org.apache.hadoop.ozone.container.ContainerTestHelper.validateData(ContainerTestHelper.java:713)
	at org.apache.hadoop.ozone.client.rpc.TestBlockOutputStreamWithFailures.validateData(TestBlockOutputStreamWithFailures.java:1216)
	at org.apache.hadoop.ozone.client.rpc.TestBlockOutputStreamWithFailures.testWatchForCommitDatanodeFailure(TestBlockOutputStreamWithFailures.java:393)
	at sun.reflect.NativeMethodAccessorImpl.invoke0(Native Method)
	at sun.reflect.NativeMethodAccessorImpl.invoke(NativeMethodAccessorImpl.java:62)
	at sun.reflect.DelegatingMethodAccessorImpl.invoke(DelegatingMethodAccessorImpl.java:43)
	at java.lang.reflect.Method.invoke(Method.java:498)
	at org.junit.runners.model.FrameworkMethod$1.runReflectiveCall(FrameworkMethod.java:47)
	at org.junit.internal.runners.model.ReflectiveCallable.run(ReflectiveCallable.java:12)
	at org.junit.runners.model.FrameworkMethod.invokeExplosively(FrameworkMethod.java:44)
	at org.junit.internal.runners.statements.InvokeMethod.evaluate(InvokeMethod.java:17)
	at org.junit.internal.runners.statements.RunBefores.evaluate(RunBefores.java:26)
	at org.junit.internal.runners.statements.RunAfters.evaluate(RunAfters.java:27)
	at org.junit.runners.ParentRunner.runLeaf(ParentRunner.java:271)
	at org.junit.runners.BlockJUnit4ClassRunner.runChild(BlockJUnit4ClassRunner.java:70)
	at org.junit.runners.BlockJUnit4ClassRunner.runChild(BlockJUnit4ClassRunner.java:50)
	at org.junit.runners.ParentRunner$3.run(ParentRunner.java:238)
	at org.junit.runners.ParentRunner$1.schedule(ParentRunner.java:63)
	at org.junit.runners.ParentRunner.runChildren(ParentRunner.java:236)
	at org.junit.runners.ParentRunner.access$000(ParentRunner.java:53)
	at org.junit.runners.ParentRunner$2.evaluate(ParentRunner.java:229)
	at org.junit.runners.ParentRunner.run(ParentRunner.java:309)
	at org.apache.maven.surefire.junit4.JUnit4Provider.execute(JUnit4Provider.java:365)
	at org.apache.maven.surefire.junit4.JUnit4Provider.executeWithRerun(JUnit4Provider.java:273)
	at org.apache.maven.surefire.junit4.JUnit4Provider.executeTestSet(JUnit4Provider.java:238)
	at org.apache.maven.surefire.junit4.JUnit4Provider.invoke(JUnit4Provider.java:159)
	at org.apache.maven.surefire.booter.ForkedBooter.invokeProviderInSameClassLoader(ForkedBooter.java:384)
	at org.apache.maven.surefire.booter.ForkedBooter.runSuitesInProcess(ForkedBooter.java:345)
	at org.apache.maven.surefire.booter.ForkedBooter.execute(ForkedBooter.java:126)
	at org.apache.maven.surefire.booter.ForkedBooter.main(ForkedBooter.java:418)

Aug 29, 2019 8:23:53 AM org.apache.ratis.thirdparty.io.grpc.internal.ManagedChannelOrphanWrapper$ManagedChannelReference cleanQueue
SEVERE: *~*~*~ Channel ManagedChannelImpl{logId=3296, target=192.168.69.89:37802} was not shutdown properly!!! ~*~*~*
    Make sure to call shutdown()/shutdownNow() and wait until awaitTermination() returns true.
java.lang.RuntimeException: ManagedChannel allocation site
	at org.apache.ratis.thirdparty.io.grpc.internal.ManagedChannelOrphanWrapper$ManagedChannelReference.<init>(ManagedChannelOrphanWrapper.java:103)
	at org.apache.ratis.thirdparty.io.grpc.internal.ManagedChannelOrphanWrapper.<init>(ManagedChannelOrphanWrapper.java:53)
	at org.apache.ratis.thirdparty.io.grpc.internal.ManagedChannelOrphanWrapper.<init>(ManagedChannelOrphanWrapper.java:44)
	at org.apache.ratis.thirdparty.io.grpc.internal.AbstractManagedChannelImplBuilder.build(AbstractManagedChannelImplBuilder.java:411)
	at org.apache.hadoop.hdds.scm.XceiverClientGrpc.connectToDatanode(XceiverClientGrpc.java:175)
	at org.apache.hadoop.hdds.scm.XceiverClientGrpc.reconnect(XceiverClientGrpc.java:423)
	at org.apache.hadoop.hdds.scm.XceiverClientGrpc.sendCommandAsync(XceiverClientGrpc.java:372)
	at org.apache.hadoop.hdds.scm.XceiverClientGrpc.sendCommandWithRetry(XceiverClientGrpc.java:285)
	at org.apache.hadoop.hdds.scm.XceiverClientGrpc.sendCommandWithTraceIDAndRetry(XceiverClientGrpc.java:251)
	at org.apache.hadoop.hdds.scm.XceiverClientGrpc.sendCommand(XceiverClientGrpc.java:234)
	at org.apache.hadoop.hdds.scm.storage.ContainerProtocolCalls.readChunk(ContainerProtocolCalls.java:245)
	at org.apache.hadoop.hdds.scm.storage.ChunkInputStream.readChunk(ChunkInputStream.java:335)
	at org.apache.hadoop.hdds.scm.storage.ChunkInputStream.readChunkFromContainer(ChunkInputStream.java:307)
	at org.apache.hadoop.hdds.scm.storage.ChunkInputStream.prepareRead(ChunkInputStream.java:259)
	at org.apache.hadoop.hdds.scm.storage.ChunkInputStream.read(ChunkInputStream.java:144)
	at org.apache.hadoop.hdds.scm.storage.BlockInputStream.read(BlockInputStream.java:239)
	at org.apache.hadoop.ozone.client.io.KeyInputStream.read(KeyInputStream.java:171)
	at org.apache.hadoop.ozone.client.io.OzoneInputStream.read(OzoneInputStream.java:47)
	at java.io.InputStream.read(InputStream.java:101)
	at org.apache.hadoop.ozone.container.ContainerTestHelper.validateData(ContainerTestHelper.java:713)
	at org.apache.hadoop.ozone.client.rpc.TestBlockOutputStreamWithFailures.validateData(TestBlockOutputStreamWithFailures.java:1216)
	at org.apache.hadoop.ozone.client.rpc.TestBlockOutputStreamWithFailures.testWatchForCommitDatanodeFailure(TestBlockOutputStreamWithFailures.java:393)
	at sun.reflect.NativeMethodAccessorImpl.invoke0(Native Method)
	at sun.reflect.NativeMethodAccessorImpl.invoke(NativeMethodAccessorImpl.java:62)
	at sun.reflect.DelegatingMethodAccessorImpl.invoke(DelegatingMethodAccessorImpl.java:43)
	at java.lang.reflect.Method.invoke(Method.java:498)
	at org.junit.runners.model.FrameworkMethod$1.runReflectiveCall(FrameworkMethod.java:47)
	at org.junit.internal.runners.model.ReflectiveCallable.run(ReflectiveCallable.java:12)
	at org.junit.runners.model.FrameworkMethod.invokeExplosively(FrameworkMethod.java:44)
	at org.junit.internal.runners.statements.InvokeMethod.evaluate(InvokeMethod.java:17)
	at org.junit.internal.runners.statements.RunBefores.evaluate(RunBefores.java:26)
	at org.junit.internal.runners.statements.RunAfters.evaluate(RunAfters.java:27)
	at org.junit.runners.ParentRunner.runLeaf(ParentRunner.java:271)
	at org.junit.runners.BlockJUnit4ClassRunner.runChild(BlockJUnit4ClassRunner.java:70)
	at org.junit.runners.BlockJUnit4ClassRunner.runChild(BlockJUnit4ClassRunner.java:50)
	at org.junit.runners.ParentRunner$3.run(ParentRunner.java:238)
	at org.junit.runners.ParentRunner$1.schedule(ParentRunner.java:63)
	at org.junit.runners.ParentRunner.runChildren(ParentRunner.java:236)
	at org.junit.runners.ParentRunner.access$000(ParentRunner.java:53)
	at org.junit.runners.ParentRunner$2.evaluate(ParentRunner.java:229)
	at org.junit.runners.ParentRunner.run(ParentRunner.java:309)
	at org.apache.maven.surefire.junit4.JUnit4Provider.execute(JUnit4Provider.java:365)
	at org.apache.maven.surefire.junit4.JUnit4Provider.executeWithRerun(JUnit4Provider.java:273)
	at org.apache.maven.surefire.junit4.JUnit4Provider.executeTestSet(JUnit4Provider.java:238)
	at org.apache.maven.surefire.junit4.JUnit4Provider.invoke(JUnit4Provider.java:159)
	at org.apache.maven.surefire.booter.ForkedBooter.invokeProviderInSameClassLoader(ForkedBooter.java:384)
	at org.apache.maven.surefire.booter.ForkedBooter.runSuitesInProcess(ForkedBooter.java:345)
	at org.apache.maven.surefire.booter.ForkedBooter.execute(ForkedBooter.java:126)
	at org.apache.maven.surefire.booter.ForkedBooter.main(ForkedBooter.java:418)

Aug 29, 2019 8:23:53 AM org.apache.ratis.thirdparty.io.grpc.internal.ManagedChannelOrphanWrapper$ManagedChannelReference cleanQueue
SEVERE: *~*~*~ Channel ManagedChannelImpl{logId=3282, target=192.168.69.89:42448} was not shutdown properly!!! ~*~*~*
    Make sure to call shutdown()/shutdownNow() and wait until awaitTermination() returns true.
java.lang.RuntimeException: ManagedChannel allocation site
	at org.apache.ratis.thirdparty.io.grpc.internal.ManagedChannelOrphanWrapper$ManagedChannelReference.<init>(ManagedChannelOrphanWrapper.java:103)
	at org.apache.ratis.thirdparty.io.grpc.internal.ManagedChannelOrphanWrapper.<init>(ManagedChannelOrphanWrapper.java:53)
	at org.apache.ratis.thirdparty.io.grpc.internal.ManagedChannelOrphanWrapper.<init>(ManagedChannelOrphanWrapper.java:44)
	at org.apache.ratis.thirdparty.io.grpc.internal.AbstractManagedChannelImplBuilder.build(AbstractManagedChannelImplBuilder.java:411)
	at org.apache.ratis.grpc.client.GrpcClientProtocolClient.<init>(GrpcClientProtocolClient.java:119)
	at org.apache.ratis.grpc.client.GrpcClientRpc.lambda$new$0(GrpcClientRpc.java:55)
	at org.apache.ratis.util.PeerProxyMap$PeerAndProxy.lambda$getProxy$0(PeerProxyMap.java:61)
	at org.apache.ratis.util.LifeCycle.startAndTransition(LifeCycle.java:202)
	at org.apache.ratis.util.PeerProxyMap$PeerAndProxy.getProxy(PeerProxyMap.java:60)
	at org.apache.ratis.util.PeerProxyMap.getProxy(PeerProxyMap.java:107)
	at org.apache.ratis.grpc.client.GrpcClientRpc.sendRequestAsync(GrpcClientRpc.java:66)
	at org.apache.ratis.client.impl.OrderedAsync.sendRequest(OrderedAsync.java:208)
	at org.apache.ratis.client.impl.OrderedAsync.sendRequestWithRetry(OrderedAsync.java:169)
	at org.apache.ratis.util.SlidingWindow$Client.sendOrDelayRequest(SlidingWindow.java:278)
	at org.apache.ratis.util.SlidingWindow$Client.submitNewRequest(SlidingWindow.java:257)
	at org.apache.ratis.client.impl.OrderedAsync.send(OrderedAsync.java:155)
	at org.apache.ratis.client.impl.RaftClientImpl.sendAsync(RaftClientImpl.java:145)
	at org.apache.ratis.client.impl.RaftClientImpl.sendAsync(RaftClientImpl.java:125)
	at org.apache.hadoop.hdds.scm.XceiverClientRatis.sendRequestAsync(XceiverClientRatis.java:224)
	at org.apache.hadoop.hdds.scm.XceiverClientRatis.sendCommandAsync(XceiverClientRatis.java:302)
	at org.apache.hadoop.hdds.scm.storage.ContainerProtocolCalls.writeChunkAsync(ContainerProtocolCalls.java:310)
	at org.apache.hadoop.hdds.scm.storage.BlockOutputStream.writeChunkToContainer(BlockOutputStream.java:601)
	at org.apache.hadoop.hdds.scm.storage.BlockOutputStream.writeChunk(BlockOutputStream.java:459)
	at org.apache.hadoop.hdds.scm.storage.BlockOutputStream.write(BlockOutputStream.java:240)
	at org.apache.hadoop.ozone.client.io.BlockOutputStreamEntry.write(BlockOutputStreamEntry.java:129)
	at org.apache.hadoop.ozone.client.io.KeyOutputStream.handleWrite(KeyOutputStream.java:211)
	at org.apache.hadoop.ozone.client.io.KeyOutputStream.write(KeyOutputStream.java:193)
	at org.apache.hadoop.ozone.client.io.OzoneOutputStream.write(OzoneOutputStream.java:49)
	at java.io.OutputStream.write(OutputStream.java:75)
	at org.apache.hadoop.ozone.client.rpc.TestBlockOutputStreamWithFailures.testWatchForCommitDatanodeFailure(TestBlockOutputStreamWithFailures.java:363)
	at sun.reflect.NativeMethodAccessorImpl.invoke0(Native Method)
	at sun.reflect.NativeMethodAccessorImpl.invoke(NativeMethodAccessorImpl.java:62)
	at sun.reflect.DelegatingMethodAccessorImpl.invoke(DelegatingMethodAccessorImpl.java:43)
	at java.lang.reflect.Method.invoke(Method.java:498)
	at org.junit.runners.model.FrameworkMethod$1.runReflectiveCall(FrameworkMethod.java:47)
	at org.junit.internal.runners.model.ReflectiveCallable.run(ReflectiveCallable.java:12)
	at org.junit.runners.model.FrameworkMethod.invokeExplosively(FrameworkMethod.java:44)
	at org.junit.internal.runners.statements.InvokeMethod.evaluate(InvokeMethod.java:17)
	at org.junit.internal.runners.statements.RunBefores.evaluate(RunBefores.java:26)
	at org.junit.internal.runners.statements.RunAfters.evaluate(RunAfters.java:27)
	at org.junit.runners.ParentRunner.runLeaf(ParentRunner.java:271)
	at org.junit.runners.BlockJUnit4ClassRunner.runChild(BlockJUnit4ClassRunner.java:70)
	at org.junit.runners.BlockJUnit4ClassRunner.runChild(BlockJUnit4ClassRunner.java:50)
	at org.junit.runners.ParentRunner$3.run(ParentRunner.java:238)
	at org.junit.runners.ParentRunner$1.schedule(ParentRunner.java:63)
	at org.junit.runners.ParentRunner.runChildren(ParentRunner.java:236)
	at org.junit.runners.ParentRunner.access$000(ParentRunner.java:53)
	at org.junit.runners.ParentRunner$2.evaluate(ParentRunner.java:229)
	at org.junit.runners.ParentRunner.run(ParentRunner.java:309)
	at org.apache.maven.surefire.junit4.JUnit4Provider.execute(JUnit4Provider.java:365)
	at org.apache.maven.surefire.junit4.JUnit4Provider.executeWithRerun(JUnit4Provider.java:273)
	at org.apache.maven.surefire.junit4.JUnit4Provider.executeTestSet(JUnit4Provider.java:238)
	at org.apache.maven.surefire.junit4.JUnit4Provider.invoke(JUnit4Provider.java:159)
	at org.apache.maven.surefire.booter.ForkedBooter.invokeProviderInSameClassLoader(ForkedBooter.java:384)
	at org.apache.maven.surefire.booter.ForkedBooter.runSuitesInProcess(ForkedBooter.java:345)
	at org.apache.maven.surefire.booter.ForkedBooter.execute(ForkedBooter.java:126)
	at org.apache.maven.surefire.booter.ForkedBooter.main(ForkedBooter.java:418)

Aug 29, 2019 8:23:53 AM com.sun.jersey.server.impl.application.WebApplicationImpl _initiate
INFO: Initiating Jersey application, version 'Jersey: 1.19 02/11/2015 03:25 AM'
]]></system-err>
  </testcase>
  <testcase name="testWatchForCommitWithCloseContainerException" classname="org.apache.hadoop.ozone.client.rpc.TestBlockOutputStreamWithFailures" time="35.413"/>
  <testcase name="testExceptionDuringClose" classname="org.apache.hadoop.ozone.client.rpc.TestBlockOutputStreamWithFailures" time="36.396"/>
</testsuite>