<?xml version="1.0" encoding="UTF-8"?>
<testsuite xmlns:xsi="http://www.w3.org/2001/XMLSchema-instance" xsi:noNamespaceSchemaLocation="https://maven.apache.org/surefire/maven-surefire-plugin/xsd/surefire-test-report.xsd" name="org.apache.hadoop.ozone.client.rpc.TestMultiBlockWritesWithDnFailures" time="175.992" tests="2" errors="1" skipped="0" failures="0">
  <properties>
    <property name="awt.toolkit" value="sun.awt.X11.XToolkit"/>
    <property name="file.encoding.pkg" value="sun.io"/>
    <property name="java.specification.version" value="1.8"/>
    <property name="sun.cpu.isalist" value=""/>
    <property name="sun.jnu.encoding" value="UTF-8"/>
    <property name="java.class.path" value="/workdir/hadoop-ozone/integration-test/target/test-classes:/workdir/hadoop-ozone/integration-test/target/classes:/home/user/.m2/repository/org/apache/hadoop/hadoop-ozone-common/0.5.0-SNAPSHOT/hadoop-ozone-common-0.5.0-SNAPSHOT.jar:/home/user/.m2/repository/org/apache/commons/commons-compress/1.4.1/commons-compress-1.4.1.jar:/home/user/.m2/repository/org/tukaani/xz/1.0/xz-1.0.jar:/home/user/.m2/repository/org/apache/hadoop/hadoop-common/3.2.0/hadoop-common-3.2.0.jar:/home/user/.m2/repository/org/apache/hadoop/hadoop-hdfs/3.2.0/hadoop-hdfs-3.2.0.jar:/home/user/.m2/repository/org/apache/hadoop/hadoop-hdfs-client/3.2.0/hadoop-hdfs-client-3.2.0.jar:/home/user/.m2/repository/com/fasterxml/jackson/core/jackson-annotations/2.9.5/jackson-annotations-2.9.5.jar:/home/user/.m2/repository/org/apache/hadoop/hadoop-hdds-common/0.5.0-SNAPSHOT/hadoop-hdds-common-0.5.0-SNAPSHOT.jar:/home/user/.m2/repository/javax/annotation/javax.annotation-api/1.2/javax.annotation-api-1.2.jar:/home/user/.m2/repository/org/apache/ratis/ratis-server/0.4.0-2337318-SNAPSHOT/ratis-server-0.4.0-2337318-SNAPSHOT.jar:/home/user/.m2/repository/org/apache/ratis/ratis-thirdparty-misc/0.2.0/ratis-thirdparty-misc-0.2.0.jar:/home/user/.m2/repository/org/apache/ratis/ratis-proto/0.4.0-2337318-SNAPSHOT/ratis-proto-0.4.0-2337318-SNAPSHOT.jar:/home/user/.m2/repository/org/apache/ratis/ratis-common/0.4.0-2337318-SNAPSHOT/ratis-common-0.4.0-2337318-SNAPSHOT.jar:/home/user/.m2/repository/org/apache/ratis/ratis-client/0.4.0-2337318-SNAPSHOT/ratis-client-0.4.0-2337318-SNAPSHOT.jar:/home/user/.m2/repository/org/apache/ratis/ratis-metrics/0.4.0-2337318-SNAPSHOT/ratis-metrics-0.4.0-2337318-SNAPSHOT.jar:/home/user/.m2/repository/org/apache/ratis/ratis-netty/0.4.0-2337318-SNAPSHOT/ratis-netty-0.4.0-2337318-SNAPSHOT.jar:/home/user/.m2/repository/org/apache/ratis/ratis-grpc/0.4.0-2337318-SNAPSHOT/ratis-grpc-0.4.0-2337318-SNAPSHOT.jar:/home/user/.m2/repository/org/rocksdb/rocksdbjni/6.0.1/rocksdbjni-6.0.1.jar:/home/user/.m2/repository/org/apache/logging/log4j/log4j-api/2.11.0/log4j-api-2.11.0.jar:/home/user/.m2/repository/org/apache/logging/log4j/log4j-core/2.11.0/log4j-core-2.11.0.jar:/home/user/.m2/repository/com/lmax/disruptor/3.4.2/disruptor-3.4.2.jar:/home/user/.m2/repository/org/apache/commons/commons-pool2/2.6.0/commons-pool2-2.6.0.jar:/home/user/.m2/repository/org/bouncycastle/bcpkix-jdk15on/1.60/bcpkix-jdk15on-1.60.jar:/home/user/.m2/repository/commons-validator/commons-validator/1.6/commons-validator-1.6.jar:/home/user/.m2/repository/commons-digester/commons-digester/1.8.1/commons-digester-1.8.1.jar:/home/user/.m2/repository/io/jaegertracing/jaeger-client/0.33.1/jaeger-client-0.33.1.jar:/home/user/.m2/repository/io/jaegertracing/jaeger-thrift/0.33.1/jaeger-thrift-0.33.1.jar:/home/user/.m2/repository/org/apache/thrift/libthrift/0.11.0/libthrift-0.11.0.jar:/home/user/.m2/repository/com/squareup/okhttp3/okhttp/3.9.0/okhttp-3.9.0.jar:/home/user/.m2/repository/com/squareup/okio/okio/1.13.0/okio-1.13.0.jar:/home/user/.m2/repository/io/jaegertracing/jaeger-core/0.33.1/jaeger-core-0.33.1.jar:/home/user/.m2/repository/io/jaegertracing/jaeger-tracerresolver/0.33.1/jaeger-tracerresolver-0.33.1.jar:/home/user/.m2/repository/io/opentracing/contrib/opentracing-tracerresolver/0.1.5/opentracing-tracerresolver-0.1.5.jar:/home/user/.m2/repository/io/opentracing/opentracing-util/0.31.0/opentracing-util-0.31.0.jar:/home/user/.m2/repository/io/opentracing/opentracing-api/0.31.0/opentracing-api-0.31.0.jar:/home/user/.m2/repository/io/opentracing/opentracing-noop/0.31.0/opentracing-noop-0.31.0.jar:/home/user/.m2/repository/org/apache/hadoop/hadoop-hdds-server-framework/0.5.0-SNAPSHOT/hadoop-hdds-server-framework-0.5.0-SNAPSHOT.jar:/home/user/.m2/repository/org/apache/hadoop/hadoop-hdds-container-service/0.5.0-SNAPSHOT/hadoop-hdds-container-service-0.5.0-SNAPSHOT.jar:/home/user/.m2/repository/org/apache/hadoop/hadoop-hdds-client/0.5.0-SNAPSHOT/hadoop-hdds-client-0.5.0-SNAPSHOT.jar:/home/user/.m2/repository/org/apache/hadoop/hadoop-hdds-tools/0.5.0-SNAPSHOT/hadoop-hdds-tools-0.5.0-SNAPSHOT.jar:/home/user/.m2/repository/org/apache/hadoop/hadoop-hdds-server-scm/0.5.0-SNAPSHOT/hadoop-hdds-server-scm-0.5.0-SNAPSHOT.jar:/home/user/.m2/repository/org/apache/hadoop/hadoop-hdds-docs/0.5.0-SNAPSHOT/hadoop-hdds-docs-0.5.0-SNAPSHOT.jar:/home/user/.m2/repository/io/dropwizard/metrics/metrics-core/3.2.4/metrics-core-3.2.4.jar:/home/user/.m2/repository/org/hamcrest/hamcrest-all/1.3/hamcrest-all-1.3.jar:/home/user/.m2/repository/org/bouncycastle/bcprov-jdk15on/1.60/bcprov-jdk15on-1.60.jar:/home/user/.m2/repository/info/picocli/picocli/3.9.6/picocli-3.9.6.jar:/home/user/.m2/repository/com/google/protobuf/protobuf-java/2.5.0/protobuf-java-2.5.0.jar:/home/user/.m2/repository/com/google/guava/guava/11.0.2/guava-11.0.2.jar:/home/user/.m2/repository/org/apache/hadoop/hadoop-ozone-ozone-manager/0.5.0-SNAPSHOT/hadoop-ozone-ozone-manager-0.5.0-SNAPSHOT.jar:/home/user/.m2/repository/org/apache/hadoop/hadoop-minikdc/3.2.0/hadoop-minikdc-3.2.0.jar:/home/user/.m2/repository/commons-io/commons-io/2.5/commons-io-2.5.jar:/home/user/.m2/repository/org/apache/kerby/kerb-simplekdc/1.0.1/kerb-simplekdc-1.0.1.jar:/home/user/.m2/repository/org/apache/kerby/kerb-client/1.0.1/kerb-client-1.0.1.jar:/home/user/.m2/repository/org/apache/kerby/kerby-config/1.0.1/kerby-config-1.0.1.jar:/home/user/.m2/repository/org/apache/kerby/kerb-core/1.0.1/kerb-core-1.0.1.jar:/home/user/.m2/repository/org/apache/kerby/kerby-pkix/1.0.1/kerby-pkix-1.0.1.jar:/home/user/.m2/repository/org/apache/kerby/kerby-asn1/1.0.1/kerby-asn1-1.0.1.jar:/home/user/.m2/repository/org/apache/kerby/kerby-util/1.0.1/kerby-util-1.0.1.jar:/home/user/.m2/repository/org/apache/kerby/kerb-common/1.0.1/kerb-common-1.0.1.jar:/home/user/.m2/repository/org/apache/kerby/kerb-crypto/1.0.1/kerb-crypto-1.0.1.jar:/home/user/.m2/repository/org/apache/kerby/kerb-util/1.0.1/kerb-util-1.0.1.jar:/home/user/.m2/repository/org/apache/kerby/token-provider/1.0.1/token-provider-1.0.1.jar:/home/user/.m2/repository/org/apache/kerby/kerb-admin/1.0.1/kerb-admin-1.0.1.jar:/home/user/.m2/repository/org/apache/kerby/kerb-server/1.0.1/kerb-server-1.0.1.jar:/home/user/.m2/repository/org/apache/kerby/kerb-identity/1.0.1/kerb-identity-1.0.1.jar:/home/user/.m2/repository/org/apache/kerby/kerby-xdr/1.0.1/kerby-xdr-1.0.1.jar:/home/user/.m2/repository/org/slf4j/slf4j-log4j12/1.7.25/slf4j-log4j12-1.7.25.jar:/home/user/.m2/repository/org/apache/hadoop/hadoop-ozone-objectstore-service/0.5.0-SNAPSHOT/hadoop-ozone-objectstore-service-0.5.0-SNAPSHOT.jar:/home/user/.m2/repository/org/apache/hadoop/hadoop-ozone-s3gateway/0.5.0-SNAPSHOT/hadoop-ozone-s3gateway-0.5.0-SNAPSHOT.jar:/home/user/.m2/repository/org/jboss/weld/servlet/weld-servlet/2.4.7.Final/weld-servlet-2.4.7.Final.jar:/home/user/.m2/repository/org/glassfish/jersey/containers/jersey-container-servlet-core/2.27/jersey-container-servlet-core-2.27.jar:/home/user/.m2/repository/org/glassfish/hk2/external/javax.inject/2.5.0-b42/javax.inject-2.5.0-b42.jar:/home/user/.m2/repository/org/glassfish/jersey/core/jersey-common/2.27/jersey-common-2.27.jar:/home/user/.m2/repository/org/glassfish/hk2/osgi-resource-locator/1.0.1/osgi-resource-locator-1.0.1.jar:/home/user/.m2/repository/javax/ws/rs/javax.ws.rs-api/2.1/javax.ws.rs-api-2.1.jar:/home/user/.m2/repository/org/glassfish/jersey/ext/cdi/jersey-cdi1x/2.27/jersey-cdi1x-2.27.jar:/home/user/.m2/repository/org/glassfish/jersey/inject/jersey-hk2/2.27/jersey-hk2-2.27.jar:/home/user/.m2/repository/org/glassfish/hk2/hk2-locator/2.5.0-b42/hk2-locator-2.5.0-b42.jar:/home/user/.m2/repository/org/javassist/javassist/3.22.0-CR2/javassist-3.22.0-CR2.jar:/home/user/.m2/repository/org/glassfish/hk2/hk2-api/2.5.0/hk2-api-2.5.0.jar:/home/user/.m2/repository/org/glassfish/hk2/external/jakarta.inject/2.5.0/jakarta.inject-2.5.0.jar:/home/user/.m2/repository/org/glassfish/hk2/hk2-utils/2.5.0/hk2-utils-2.5.0.jar:/home/user/.m2/repository/jakarta/annotation/jakarta.annotation-api/1.3.4/jakarta.annotation-api-1.3.4.jar:/home/user/.m2/repository/org/glassfish/hk2/external/aopalliance-repackaged/2.5.0/aopalliance-repackaged-2.5.0.jar:/home/user/.m2/repository/com/fasterxml/jackson/dataformat/jackson-dataformat-xml/2.9.0/jackson-dataformat-xml-2.9.0.jar:/home/user/.m2/repository/com/fasterxml/jackson/core/jackson-core/2.9.5/jackson-core-2.9.5.jar:/home/user/.m2/repository/com/fasterxml/jackson/module/jackson-module-jaxb-annotations/2.9.5/jackson-module-jaxb-annotations-2.9.5.jar:/home/user/.m2/repository/javax/enterprise/cdi-api/1.2/cdi-api-1.2.jar:/home/user/.m2/repository/javax/el/javax.el-api/3.0.0/javax.el-api-3.0.0.jar:/home/user/.m2/repository/javax/interceptor/javax.interceptor-api/1.2/javax.interceptor-api-1.2.jar:/home/user/.m2/repository/javax/inject/javax.inject/1/javax.inject-1.jar:/home/user/.m2/repository/com/sun/xml/bind/jaxb-impl/2.3.0.1/jaxb-impl-2.3.0.1.jar:/home/user/.m2/repository/com/sun/xml/bind/jaxb-core/2.3.0.1/jaxb-core-2.3.0.1.jar:/home/user/.m2/repository/javax/xml/bind/jaxb-api/2.3.0/jaxb-api-2.3.0.jar:/home/user/.m2/repository/javax/activation/activation/1.1.1/activation-1.1.1.jar:/home/user/.m2/repository/org/apache/hadoop/hadoop-ozone-csi/0.5.0-SNAPSHOT/hadoop-ozone-csi-0.5.0-SNAPSHOT.jar:/home/user/.m2/repository/com/google/protobuf/protobuf-java-util/3.5.1/protobuf-java-util-3.5.1.jar:/home/user/.m2/repository/org/apache/hadoop/hadoop-hdds-config/0.5.0-SNAPSHOT/hadoop-hdds-config-0.5.0-SNAPSHOT.jar:/home/user/.m2/repository/io/grpc/grpc-netty/1.17.1/grpc-netty-1.17.1.jar:/home/user/.m2/repository/io/grpc/grpc-core/1.17.1/grpc-core-1.17.1.jar:/home/user/.m2/repository/io/grpc/grpc-context/1.17.1/grpc-context-1.17.1.jar:/home/user/.m2/repository/com/google/errorprone/error_prone_annotations/2.2.0/error_prone_annotations-2.2.0.jar:/home/user/.m2/repository/org/codehaus/mojo/animal-sniffer-annotations/1.17/animal-sniffer-annotations-1.17.jar:/home/user/.m2/repository/io/opencensus/opencensus-api/0.17.0/opencensus-api-0.17.0.jar:/home/user/.m2/repository/io/opencensus/opencensus-contrib-grpc-metrics/0.17.0/opencensus-contrib-grpc-metrics-0.17.0.jar:/home/user/.m2/repository/io/netty/netty-codec-http2/4.1.30.Final/netty-codec-http2-4.1.30.Final.jar:/home/user/.m2/repository/io/netty/netty-codec-http/4.1.30.Final/netty-codec-http-4.1.30.Final.jar:/home/user/.m2/repository/io/netty/netty-codec/4.1.30.Final/netty-codec-4.1.30.Final.jar:/home/user/.m2/repository/io/netty/netty-handler/4.1.30.Final/netty-handler-4.1.30.Final.jar:/home/user/.m2/repository/io/netty/netty-handler-proxy/4.1.30.Final/netty-handler-proxy-4.1.30.Final.jar:/home/user/.m2/repository/io/netty/netty-codec-socks/4.1.30.Final/netty-codec-socks-4.1.30.Final.jar:/home/user/.m2/repository/io/netty/netty-transport-native-epoll/4.1.30.Final/netty-transport-native-epoll-4.1.30.Final.jar:/home/user/.m2/repository/io/netty/netty-common/4.1.30.Final/netty-common-4.1.30.Final.jar:/home/user/.m2/repository/io/netty/netty-buffer/4.1.30.Final/netty-buffer-4.1.30.Final.jar:/home/user/.m2/repository/io/netty/netty-transport/4.1.30.Final/netty-transport-4.1.30.Final.jar:/home/user/.m2/repository/io/netty/netty-resolver/4.1.30.Final/netty-resolver-4.1.30.Final.jar:/home/user/.m2/repository/io/netty/netty-transport-native-unix-common/4.1.30.Final/netty-transport-native-unix-common-4.1.30.Final.jar:/home/user/.m2/repository/io/grpc/grpc-protobuf/1.17.1/grpc-protobuf-1.17.1.jar:/home/user/.m2/repository/com/google/api/grpc/proto-google-common-protos/1.0.0/proto-google-common-protos-1.0.0.jar:/home/user/.m2/repository/io/grpc/grpc-protobuf-lite/1.17.1/grpc-protobuf-lite-1.17.1.jar:/home/user/.m2/repository/io/grpc/grpc-stub/1.17.1/grpc-stub-1.17.1.jar:/home/user/.m2/repository/org/apache/hadoop/hadoop-ozone-recon/0.5.0-SNAPSHOT/hadoop-ozone-recon-0.5.0-SNAPSHOT.jar:/home/user/.m2/repository/org/apache/hadoop/hadoop-ozone-reconcodegen/0.5.0-SNAPSHOT/hadoop-ozone-reconcodegen-0.5.0-SNAPSHOT.jar:/home/user/.m2/repository/com/google/inject/extensions/guice-multibindings/4.0/guice-multibindings-4.0.jar:/home/user/.m2/repository/com/google/inject/guice/4.0/guice-4.0.jar:/home/user/.m2/repository/aopalliance/aopalliance/1.0/aopalliance-1.0.jar:/home/user/.m2/repository/com/google/inject/extensions/guice-servlet/4.0/guice-servlet-4.0.jar:/home/user/.m2/repository/org/glassfish/jersey/containers/jersey-container-servlet/2.27/jersey-container-servlet-2.27.jar:/home/user/.m2/repository/org/glassfish/hk2/guice-bridge/2.5.0/guice-bridge-2.5.0.jar:/home/user/.m2/repository/org/glassfish/jersey/core/jersey-server/2.27/jersey-server-2.27.jar:/home/user/.m2/repository/org/glassfish/jersey/core/jersey-client/2.27/jersey-client-2.27.jar:/home/user/.m2/repository/org/glassfish/jersey/media/jersey-media-jaxb/2.27/jersey-media-jaxb-2.27.jar:/home/user/.m2/repository/javax/validation/validation-api/1.1.0.Final/validation-api-1.1.0.Final.jar:/home/user/.m2/repository/org/glassfish/jersey/media/jersey-media-json-jackson/2.27/jersey-media-json-jackson-2.27.jar:/home/user/.m2/repository/org/glassfish/jersey/ext/jersey-entity-filtering/2.27/jersey-entity-filtering-2.27.jar:/home/user/.m2/repository/com/google/inject/extensions/guice-assistedinject/4.0/guice-assistedinject-4.0.jar:/home/user/.m2/repository/org/jooq/jooq/3.11.10/jooq-3.11.10.jar:/home/user/.m2/repository/org/jooq/jooq-meta/3.11.10/jooq-meta-3.11.10.jar:/home/user/.m2/repository/org/jooq/jooq-codegen/3.11.10/jooq-codegen-3.11.10.jar:/home/user/.m2/repository/com/jolbox/bonecp/0.8.0.RELEASE/bonecp-0.8.0.RELEASE.jar:/home/user/.m2/repository/org/xerial/sqlite-jdbc/3.25.2/sqlite-jdbc-3.25.2.jar:/home/user/.m2/repository/org/springframework/spring-jdbc/5.1.3.RELEASE/spring-jdbc-5.1.3.RELEASE.jar:/home/user/.m2/repository/org/springframework/spring-beans/5.1.3.RELEASE/spring-beans-5.1.3.RELEASE.jar:/home/user/.m2/repository/org/springframework/spring-core/5.1.3.RELEASE/spring-core-5.1.3.RELEASE.jar:/home/user/.m2/repository/org/springframework/spring-jcl/5.1.3.RELEASE/spring-jcl-5.1.3.RELEASE.jar:/home/user/.m2/repository/org/springframework/spring-tx/5.1.3.RELEASE/spring-tx-5.1.3.RELEASE.jar:/home/user/.m2/repository/org/apache/hadoop/hadoop-ozone-client/0.5.0-SNAPSHOT/hadoop-ozone-client-0.5.0-SNAPSHOT.jar:/home/user/.m2/repository/commons-lang/commons-lang/2.6/commons-lang-2.6.jar:/home/user/.m2/repository/org/apache/hadoop/hadoop-ozone-ozone-manager/0.5.0-SNAPSHOT/hadoop-ozone-ozone-manager-0.5.0-SNAPSHOT-tests.jar:/home/user/.m2/repository/junit/junit/4.11/junit-4.11.jar:/home/user/.m2/repository/org/hamcrest/hamcrest-core/1.3/hamcrest-core-1.3.jar:/home/user/.m2/repository/org/openjdk/jmh/jmh-core/1.19/jmh-core-1.19.jar:/home/user/.m2/repository/net/sf/jopt-simple/jopt-simple/4.6/jopt-simple-4.6.jar:/home/user/.m2/repository/org/apache/commons/commons-math3/3.1.1/commons-math3-3.1.1.jar:/home/user/.m2/repository/org/openjdk/jmh/jmh-generator-annprocess/1.19/jmh-generator-annprocess-1.19.jar:/home/user/.m2/repository/org/mockito/mockito-all/1.8.5/mockito-all-1.8.5.jar:/home/user/.m2/repository/org/apache/hadoop/hadoop-kms/3.2.0/hadoop-kms-3.2.0.jar:/home/user/.m2/repository/org/apache/hadoop/hadoop-auth/3.2.0/hadoop-auth-3.2.0.jar:/home/user/.m2/repository/com/nimbusds/nimbus-jose-jwt/4.41.1/nimbus-jose-jwt-4.41.1.jar:/home/user/.m2/repository/com/github/stephenc/jcip/jcip-annotations/1.0-1/jcip-annotations-1.0-1.jar:/home/user/.m2/repository/net/minidev/json-smart/2.3/json-smart-2.3.jar:/home/user/.m2/repository/net/minidev/accessors-smart/1.2/accessors-smart-1.2.jar:/home/user/.m2/repository/org/ow2/asm/asm/5.0.4/asm-5.0.4.jar:/home/user/.m2/repository/org/apache/curator/curator-framework/2.12.0/curator-framework-2.12.0.jar:/home/user/.m2/repository/com/sun/jersey/jersey-core/1.19/jersey-core-1.19.jar:/home/user/.m2/repository/javax/ws/rs/jsr311-api/1.1.1/jsr311-api-1.1.1.jar:/home/user/.m2/repository/com/sun/jersey/jersey-server/1.19/jersey-server-1.19.jar:/home/user/.m2/repository/javax/servlet/javax.servlet-api/3.1.0/javax.servlet-api-3.1.0.jar:/home/user/.m2/repository/org/eclipse/jetty/jetty-server/9.3.24.v20180605/jetty-server-9.3.24.v20180605.jar:/home/user/.m2/repository/org/eclipse/jetty/jetty-http/9.3.24.v20180605/jetty-http-9.3.24.v20180605.jar:/home/user/.m2/repository/org/eclipse/jetty/jetty-io/9.3.24.v20180605/jetty-io-9.3.24.v20180605.jar:/home/user/.m2/repository/org/eclipse/jetty/jetty-webapp/9.3.24.v20180605/jetty-webapp-9.3.24.v20180605.jar:/home/user/.m2/repository/org/eclipse/jetty/jetty-xml/9.3.24.v20180605/jetty-xml-9.3.24.v20180605.jar:/home/user/.m2/repository/log4j/log4j/1.2.17/log4j-1.2.17.jar:/home/user/.m2/repository/org/slf4j/slf4j-api/1.7.25/slf4j-api-1.7.25.jar:/home/user/.m2/repository/org/slf4j/jul-to-slf4j/1.7.25/jul-to-slf4j-1.7.25.jar:/home/user/.m2/repository/org/eclipse/jetty/jetty-util/9.3.24.v20180605/jetty-util-9.3.24.v20180605.jar:/home/user/.m2/repository/com/fasterxml/jackson/core/jackson-databind/2.9.5/jackson-databind-2.9.5.jar:/home/user/.m2/repository/org/apache/hadoop/hadoop-kms/3.2.0/hadoop-kms-3.2.0-tests.jar:/home/user/.m2/repository/org/apache/hadoop/hadoop-hdds-server-scm/0.5.0-SNAPSHOT/hadoop-hdds-server-scm-0.5.0-SNAPSHOT-tests.jar:/home/user/.m2/repository/org/apache/hadoop/hadoop-hdds-container-service/0.5.0-SNAPSHOT/hadoop-hdds-container-service-0.5.0-SNAPSHOT-tests.jar:/home/user/.m2/repository/org/yaml/snakeyaml/1.16/snakeyaml-1.16.jar:/home/user/.m2/repository/org/apache/hadoop/hadoop-common/3.2.0/hadoop-common-3.2.0-tests.jar:/home/user/.m2/repository/org/apache/hadoop/hadoop-annotations/3.2.0/hadoop-annotations-3.2.0.jar:/usr/lib/jvm/java-1.8-openjdk/jre/../lib/tools.jar:/home/user/.m2/repository/commons-cli/commons-cli/1.2/commons-cli-1.2.jar:/home/user/.m2/repository/org/apache/httpcomponents/httpclient/4.5.2/httpclient-4.5.2.jar:/home/user/.m2/repository/org/apache/httpcomponents/httpcore/4.4.4/httpcore-4.4.4.jar:/home/user/.m2/repository/commons-codec/commons-codec/1.11/commons-codec-1.11.jar:/home/user/.m2/repository/commons-net/commons-net/3.6/commons-net-3.6.jar:/home/user/.m2/repository/commons-collections/commons-collections/3.2.2/commons-collections-3.2.2.jar:/home/user/.m2/repository/org/eclipse/jetty/jetty-servlet/9.3.24.v20180605/jetty-servlet-9.3.24.v20180605.jar:/home/user/.m2/repository/org/eclipse/jetty/jetty-security/9.3.24.v20180605/jetty-security-9.3.24.v20180605.jar:/home/user/.m2/repository/javax/servlet/jsp/jsp-api/2.1/jsp-api-2.1.jar:/home/user/.m2/repository/com/sun/jersey/jersey-servlet/1.19/jersey-servlet-1.19.jar:/home/user/.m2/repository/com/sun/jersey/jersey-json/1.19/jersey-json-1.19.jar:/home/user/.m2/repository/org/codehaus/jettison/jettison/1.1/jettison-1.1.jar:/home/user/.m2/repository/org/codehaus/jackson/jackson-core-asl/1.9.13/jackson-core-asl-1.9.13.jar:/home/user/.m2/repository/org/codehaus/jackson/jackson-mapper-asl/1.9.13/jackson-mapper-asl-1.9.13.jar:/home/user/.m2/repository/org/codehaus/jackson/jackson-jaxrs/1.9.13/jackson-jaxrs-1.9.13.jar:/home/user/.m2/repository/org/codehaus/jackson/jackson-xc/1.9.13/jackson-xc-1.9.13.jar:/home/user/.m2/repository/commons-logging/commons-logging/1.1.3/commons-logging-1.1.3.jar:/home/user/.m2/repository/commons-beanutils/commons-beanutils/1.9.3/commons-beanutils-1.9.3.jar:/home/user/.m2/repository/org/apache/commons/commons-configuration2/2.1.1/commons-configuration2-2.1.1.jar:/home/user/.m2/repository/org/apache/commons/commons-lang3/3.7/commons-lang3-3.7.jar:/home/user/.m2/repository/org/apache/commons/commons-text/1.4/commons-text-1.4.jar:/home/user/.m2/repository/org/apache/avro/avro/1.7.7/avro-1.7.7.jar:/home/user/.m2/repository/com/thoughtworks/paranamer/paranamer/2.3/paranamer-2.3.jar:/home/user/.m2/repository/org/xerial/snappy/snappy-java/1.0.5/snappy-java-1.0.5.jar:/home/user/.m2/repository/com/google/re2j/re2j/1.1/re2j-1.1.jar:/home/user/.m2/repository/com/google/code/gson/gson/2.2.4/gson-2.2.4.jar:/home/user/.m2/repository/com/jcraft/jsch/0.1.54/jsch-0.1.54.jar:/home/user/.m2/repository/org/apache/curator/curator-client/2.12.0/curator-client-2.12.0.jar:/home/user/.m2/repository/org/apache/curator/curator-recipes/2.12.0/curator-recipes-2.12.0.jar:/home/user/.m2/repository/com/google/code/findbugs/jsr305/3.0.0/jsr305-3.0.0.jar:/home/user/.m2/repository/org/apache/htrace/htrace-core4/4.1.0-incubating/htrace-core4-4.1.0-incubating.jar:/home/user/.m2/repository/org/apache/zookeeper/zookeeper/3.4.13/zookeeper-3.4.13.jar:/home/user/.m2/repository/org/apache/yetus/audience-annotations/0.5.0/audience-annotations-0.5.0.jar:/home/user/.m2/repository/org/codehaus/woodstox/stax2-api/3.1.4/stax2-api-3.1.4.jar:/home/user/.m2/repository/com/fasterxml/woodstox/woodstox-core/5.0.3/woodstox-core-5.0.3.jar:/home/user/.m2/repository/dnsjava/dnsjava/2.1.7/dnsjava-2.1.7.jar:/home/user/.m2/repository/org/apache/hadoop/hadoop-hdfs/3.2.0/hadoop-hdfs-3.2.0-tests.jar:/home/user/.m2/repository/org/eclipse/jetty/jetty-util-ajax/9.3.24.v20180605/jetty-util-ajax-9.3.24.v20180605.jar:/home/user/.m2/repository/commons-daemon/commons-daemon/1.0.13/commons-daemon-1.0.13.jar:/home/user/.m2/repository/io/netty/netty/3.10.5.Final/netty-3.10.5.Final.jar:/home/user/.m2/repository/io/netty/netty-all/4.0.52.Final/netty-all-4.0.52.Final.jar:/home/user/.m2/repository/org/fusesource/leveldbjni/leveldbjni-all/1.8/leveldbjni-all-1.8.jar:"/>
    <property name="java.vm.vendor" value="IcedTea"/>
    <property name="sun.arch.data.model" value="64"/>
    <property name="test.build.dir" value="/workdir/hadoop-ozone/integration-test/target/test-dir"/>
    <property name="test.cache.data" value=""/>
    <property name="java.vendor.url" value="https://icedtea.classpath.org"/>
    <property name="user.timezone" value=""/>
    <property name="java.vm.specification.version" value="1.8"/>
    <property name="os.name" value="Linux"/>
    <property name="test.build.data" value="/workdir/hadoop-ozone/integration-test/target/test-dir"/>
    <property name="user.country" value="US"/>
    <property name="sun.java.launcher" value="SUN_STANDARD"/>
    <property name="sun.boot.library.path" value="/usr/lib/jvm/java-1.8-openjdk/jre/lib/amd64"/>
    <property name="sun.java.command" value="/workdir/hadoop-ozone/integration-test/target/surefire/surefirebooter1039983397006226719.jar /workdir/hadoop-ozone/integration-test/target/surefire 2019-08-29T08-04-30_820-jvmRun1 surefire1046968833103308559tmp surefire_263614203922248913907tmp"/>
    <property name="test" value="!TestMiniChaosOzoneCluster"/>
    <property name="surefire.test.class.path" value="/workdir/hadoop-ozone/integration-test/target/test-classes:/workdir/hadoop-ozone/integration-test/target/classes:/home/user/.m2/repository/org/apache/hadoop/hadoop-ozone-common/0.5.0-SNAPSHOT/hadoop-ozone-common-0.5.0-SNAPSHOT.jar:/home/user/.m2/repository/org/apache/commons/commons-compress/1.4.1/commons-compress-1.4.1.jar:/home/user/.m2/repository/org/tukaani/xz/1.0/xz-1.0.jar:/home/user/.m2/repository/org/apache/hadoop/hadoop-common/3.2.0/hadoop-common-3.2.0.jar:/home/user/.m2/repository/org/apache/hadoop/hadoop-hdfs/3.2.0/hadoop-hdfs-3.2.0.jar:/home/user/.m2/repository/org/apache/hadoop/hadoop-hdfs-client/3.2.0/hadoop-hdfs-client-3.2.0.jar:/home/user/.m2/repository/com/fasterxml/jackson/core/jackson-annotations/2.9.5/jackson-annotations-2.9.5.jar:/home/user/.m2/repository/org/apache/hadoop/hadoop-hdds-common/0.5.0-SNAPSHOT/hadoop-hdds-common-0.5.0-SNAPSHOT.jar:/home/user/.m2/repository/javax/annotation/javax.annotation-api/1.2/javax.annotation-api-1.2.jar:/home/user/.m2/repository/org/apache/ratis/ratis-server/0.4.0-2337318-SNAPSHOT/ratis-server-0.4.0-2337318-SNAPSHOT.jar:/home/user/.m2/repository/org/apache/ratis/ratis-thirdparty-misc/0.2.0/ratis-thirdparty-misc-0.2.0.jar:/home/user/.m2/repository/org/apache/ratis/ratis-proto/0.4.0-2337318-SNAPSHOT/ratis-proto-0.4.0-2337318-SNAPSHOT.jar:/home/user/.m2/repository/org/apache/ratis/ratis-common/0.4.0-2337318-SNAPSHOT/ratis-common-0.4.0-2337318-SNAPSHOT.jar:/home/user/.m2/repository/org/apache/ratis/ratis-client/0.4.0-2337318-SNAPSHOT/ratis-client-0.4.0-2337318-SNAPSHOT.jar:/home/user/.m2/repository/org/apache/ratis/ratis-metrics/0.4.0-2337318-SNAPSHOT/ratis-metrics-0.4.0-2337318-SNAPSHOT.jar:/home/user/.m2/repository/org/apache/ratis/ratis-netty/0.4.0-2337318-SNAPSHOT/ratis-netty-0.4.0-2337318-SNAPSHOT.jar:/home/user/.m2/repository/org/apache/ratis/ratis-grpc/0.4.0-2337318-SNAPSHOT/ratis-grpc-0.4.0-2337318-SNAPSHOT.jar:/home/user/.m2/repository/org/rocksdb/rocksdbjni/6.0.1/rocksdbjni-6.0.1.jar:/home/user/.m2/repository/org/apache/logging/log4j/log4j-api/2.11.0/log4j-api-2.11.0.jar:/home/user/.m2/repository/org/apache/logging/log4j/log4j-core/2.11.0/log4j-core-2.11.0.jar:/home/user/.m2/repository/com/lmax/disruptor/3.4.2/disruptor-3.4.2.jar:/home/user/.m2/repository/org/apache/commons/commons-pool2/2.6.0/commons-pool2-2.6.0.jar:/home/user/.m2/repository/org/bouncycastle/bcpkix-jdk15on/1.60/bcpkix-jdk15on-1.60.jar:/home/user/.m2/repository/commons-validator/commons-validator/1.6/commons-validator-1.6.jar:/home/user/.m2/repository/commons-digester/commons-digester/1.8.1/commons-digester-1.8.1.jar:/home/user/.m2/repository/io/jaegertracing/jaeger-client/0.33.1/jaeger-client-0.33.1.jar:/home/user/.m2/repository/io/jaegertracing/jaeger-thrift/0.33.1/jaeger-thrift-0.33.1.jar:/home/user/.m2/repository/org/apache/thrift/libthrift/0.11.0/libthrift-0.11.0.jar:/home/user/.m2/repository/com/squareup/okhttp3/okhttp/3.9.0/okhttp-3.9.0.jar:/home/user/.m2/repository/com/squareup/okio/okio/1.13.0/okio-1.13.0.jar:/home/user/.m2/repository/io/jaegertracing/jaeger-core/0.33.1/jaeger-core-0.33.1.jar:/home/user/.m2/repository/io/jaegertracing/jaeger-tracerresolver/0.33.1/jaeger-tracerresolver-0.33.1.jar:/home/user/.m2/repository/io/opentracing/contrib/opentracing-tracerresolver/0.1.5/opentracing-tracerresolver-0.1.5.jar:/home/user/.m2/repository/io/opentracing/opentracing-util/0.31.0/opentracing-util-0.31.0.jar:/home/user/.m2/repository/io/opentracing/opentracing-api/0.31.0/opentracing-api-0.31.0.jar:/home/user/.m2/repository/io/opentracing/opentracing-noop/0.31.0/opentracing-noop-0.31.0.jar:/home/user/.m2/repository/org/apache/hadoop/hadoop-hdds-server-framework/0.5.0-SNAPSHOT/hadoop-hdds-server-framework-0.5.0-SNAPSHOT.jar:/home/user/.m2/repository/org/apache/hadoop/hadoop-hdds-container-service/0.5.0-SNAPSHOT/hadoop-hdds-container-service-0.5.0-SNAPSHOT.jar:/home/user/.m2/repository/org/apache/hadoop/hadoop-hdds-client/0.5.0-SNAPSHOT/hadoop-hdds-client-0.5.0-SNAPSHOT.jar:/home/user/.m2/repository/org/apache/hadoop/hadoop-hdds-tools/0.5.0-SNAPSHOT/hadoop-hdds-tools-0.5.0-SNAPSHOT.jar:/home/user/.m2/repository/org/apache/hadoop/hadoop-hdds-server-scm/0.5.0-SNAPSHOT/hadoop-hdds-server-scm-0.5.0-SNAPSHOT.jar:/home/user/.m2/repository/org/apache/hadoop/hadoop-hdds-docs/0.5.0-SNAPSHOT/hadoop-hdds-docs-0.5.0-SNAPSHOT.jar:/home/user/.m2/repository/io/dropwizard/metrics/metrics-core/3.2.4/metrics-core-3.2.4.jar:/home/user/.m2/repository/org/hamcrest/hamcrest-all/1.3/hamcrest-all-1.3.jar:/home/user/.m2/repository/org/bouncycastle/bcprov-jdk15on/1.60/bcprov-jdk15on-1.60.jar:/home/user/.m2/repository/info/picocli/picocli/3.9.6/picocli-3.9.6.jar:/home/user/.m2/repository/com/google/protobuf/protobuf-java/2.5.0/protobuf-java-2.5.0.jar:/home/user/.m2/repository/com/google/guava/guava/11.0.2/guava-11.0.2.jar:/home/user/.m2/repository/org/apache/hadoop/hadoop-ozone-ozone-manager/0.5.0-SNAPSHOT/hadoop-ozone-ozone-manager-0.5.0-SNAPSHOT.jar:/home/user/.m2/repository/org/apache/hadoop/hadoop-minikdc/3.2.0/hadoop-minikdc-3.2.0.jar:/home/user/.m2/repository/commons-io/commons-io/2.5/commons-io-2.5.jar:/home/user/.m2/repository/org/apache/kerby/kerb-simplekdc/1.0.1/kerb-simplekdc-1.0.1.jar:/home/user/.m2/repository/org/apache/kerby/kerb-client/1.0.1/kerb-client-1.0.1.jar:/home/user/.m2/repository/org/apache/kerby/kerby-config/1.0.1/kerby-config-1.0.1.jar:/home/user/.m2/repository/org/apache/kerby/kerb-core/1.0.1/kerb-core-1.0.1.jar:/home/user/.m2/repository/org/apache/kerby/kerby-pkix/1.0.1/kerby-pkix-1.0.1.jar:/home/user/.m2/repository/org/apache/kerby/kerby-asn1/1.0.1/kerby-asn1-1.0.1.jar:/home/user/.m2/repository/org/apache/kerby/kerby-util/1.0.1/kerby-util-1.0.1.jar:/home/user/.m2/repository/org/apache/kerby/kerb-common/1.0.1/kerb-common-1.0.1.jar:/home/user/.m2/repository/org/apache/kerby/kerb-crypto/1.0.1/kerb-crypto-1.0.1.jar:/home/user/.m2/repository/org/apache/kerby/kerb-util/1.0.1/kerb-util-1.0.1.jar:/home/user/.m2/repository/org/apache/kerby/token-provider/1.0.1/token-provider-1.0.1.jar:/home/user/.m2/repository/org/apache/kerby/kerb-admin/1.0.1/kerb-admin-1.0.1.jar:/home/user/.m2/repository/org/apache/kerby/kerb-server/1.0.1/kerb-server-1.0.1.jar:/home/user/.m2/repository/org/apache/kerby/kerb-identity/1.0.1/kerb-identity-1.0.1.jar:/home/user/.m2/repository/org/apache/kerby/kerby-xdr/1.0.1/kerby-xdr-1.0.1.jar:/home/user/.m2/repository/org/slf4j/slf4j-log4j12/1.7.25/slf4j-log4j12-1.7.25.jar:/home/user/.m2/repository/org/apache/hadoop/hadoop-ozone-objectstore-service/0.5.0-SNAPSHOT/hadoop-ozone-objectstore-service-0.5.0-SNAPSHOT.jar:/home/user/.m2/repository/org/apache/hadoop/hadoop-ozone-s3gateway/0.5.0-SNAPSHOT/hadoop-ozone-s3gateway-0.5.0-SNAPSHOT.jar:/home/user/.m2/repository/org/jboss/weld/servlet/weld-servlet/2.4.7.Final/weld-servlet-2.4.7.Final.jar:/home/user/.m2/repository/org/glassfish/jersey/containers/jersey-container-servlet-core/2.27/jersey-container-servlet-core-2.27.jar:/home/user/.m2/repository/org/glassfish/hk2/external/javax.inject/2.5.0-b42/javax.inject-2.5.0-b42.jar:/home/user/.m2/repository/org/glassfish/jersey/core/jersey-common/2.27/jersey-common-2.27.jar:/home/user/.m2/repository/org/glassfish/hk2/osgi-resource-locator/1.0.1/osgi-resource-locator-1.0.1.jar:/home/user/.m2/repository/javax/ws/rs/javax.ws.rs-api/2.1/javax.ws.rs-api-2.1.jar:/home/user/.m2/repository/org/glassfish/jersey/ext/cdi/jersey-cdi1x/2.27/jersey-cdi1x-2.27.jar:/home/user/.m2/repository/org/glassfish/jersey/inject/jersey-hk2/2.27/jersey-hk2-2.27.jar:/home/user/.m2/repository/org/glassfish/hk2/hk2-locator/2.5.0-b42/hk2-locator-2.5.0-b42.jar:/home/user/.m2/repository/org/javassist/javassist/3.22.0-CR2/javassist-3.22.0-CR2.jar:/home/user/.m2/repository/org/glassfish/hk2/hk2-api/2.5.0/hk2-api-2.5.0.jar:/home/user/.m2/repository/org/glassfish/hk2/external/jakarta.inject/2.5.0/jakarta.inject-2.5.0.jar:/home/user/.m2/repository/org/glassfish/hk2/hk2-utils/2.5.0/hk2-utils-2.5.0.jar:/home/user/.m2/repository/jakarta/annotation/jakarta.annotation-api/1.3.4/jakarta.annotation-api-1.3.4.jar:/home/user/.m2/repository/org/glassfish/hk2/external/aopalliance-repackaged/2.5.0/aopalliance-repackaged-2.5.0.jar:/home/user/.m2/repository/com/fasterxml/jackson/dataformat/jackson-dataformat-xml/2.9.0/jackson-dataformat-xml-2.9.0.jar:/home/user/.m2/repository/com/fasterxml/jackson/core/jackson-core/2.9.5/jackson-core-2.9.5.jar:/home/user/.m2/repository/com/fasterxml/jackson/module/jackson-module-jaxb-annotations/2.9.5/jackson-module-jaxb-annotations-2.9.5.jar:/home/user/.m2/repository/javax/enterprise/cdi-api/1.2/cdi-api-1.2.jar:/home/user/.m2/repository/javax/el/javax.el-api/3.0.0/javax.el-api-3.0.0.jar:/home/user/.m2/repository/javax/interceptor/javax.interceptor-api/1.2/javax.interceptor-api-1.2.jar:/home/user/.m2/repository/javax/inject/javax.inject/1/javax.inject-1.jar:/home/user/.m2/repository/com/sun/xml/bind/jaxb-impl/2.3.0.1/jaxb-impl-2.3.0.1.jar:/home/user/.m2/repository/com/sun/xml/bind/jaxb-core/2.3.0.1/jaxb-core-2.3.0.1.jar:/home/user/.m2/repository/javax/xml/bind/jaxb-api/2.3.0/jaxb-api-2.3.0.jar:/home/user/.m2/repository/javax/activation/activation/1.1.1/activation-1.1.1.jar:/home/user/.m2/repository/org/apache/hadoop/hadoop-ozone-csi/0.5.0-SNAPSHOT/hadoop-ozone-csi-0.5.0-SNAPSHOT.jar:/home/user/.m2/repository/com/google/protobuf/protobuf-java-util/3.5.1/protobuf-java-util-3.5.1.jar:/home/user/.m2/repository/org/apache/hadoop/hadoop-hdds-config/0.5.0-SNAPSHOT/hadoop-hdds-config-0.5.0-SNAPSHOT.jar:/home/user/.m2/repository/io/grpc/grpc-netty/1.17.1/grpc-netty-1.17.1.jar:/home/user/.m2/repository/io/grpc/grpc-core/1.17.1/grpc-core-1.17.1.jar:/home/user/.m2/repository/io/grpc/grpc-context/1.17.1/grpc-context-1.17.1.jar:/home/user/.m2/repository/com/google/errorprone/error_prone_annotations/2.2.0/error_prone_annotations-2.2.0.jar:/home/user/.m2/repository/org/codehaus/mojo/animal-sniffer-annotations/1.17/animal-sniffer-annotations-1.17.jar:/home/user/.m2/repository/io/opencensus/opencensus-api/0.17.0/opencensus-api-0.17.0.jar:/home/user/.m2/repository/io/opencensus/opencensus-contrib-grpc-metrics/0.17.0/opencensus-contrib-grpc-metrics-0.17.0.jar:/home/user/.m2/repository/io/netty/netty-codec-http2/4.1.30.Final/netty-codec-http2-4.1.30.Final.jar:/home/user/.m2/repository/io/netty/netty-codec-http/4.1.30.Final/netty-codec-http-4.1.30.Final.jar:/home/user/.m2/repository/io/netty/netty-codec/4.1.30.Final/netty-codec-4.1.30.Final.jar:/home/user/.m2/repository/io/netty/netty-handler/4.1.30.Final/netty-handler-4.1.30.Final.jar:/home/user/.m2/repository/io/netty/netty-handler-proxy/4.1.30.Final/netty-handler-proxy-4.1.30.Final.jar:/home/user/.m2/repository/io/netty/netty-codec-socks/4.1.30.Final/netty-codec-socks-4.1.30.Final.jar:/home/user/.m2/repository/io/netty/netty-transport-native-epoll/4.1.30.Final/netty-transport-native-epoll-4.1.30.Final.jar:/home/user/.m2/repository/io/netty/netty-common/4.1.30.Final/netty-common-4.1.30.Final.jar:/home/user/.m2/repository/io/netty/netty-buffer/4.1.30.Final/netty-buffer-4.1.30.Final.jar:/home/user/.m2/repository/io/netty/netty-transport/4.1.30.Final/netty-transport-4.1.30.Final.jar:/home/user/.m2/repository/io/netty/netty-resolver/4.1.30.Final/netty-resolver-4.1.30.Final.jar:/home/user/.m2/repository/io/netty/netty-transport-native-unix-common/4.1.30.Final/netty-transport-native-unix-common-4.1.30.Final.jar:/home/user/.m2/repository/io/grpc/grpc-protobuf/1.17.1/grpc-protobuf-1.17.1.jar:/home/user/.m2/repository/com/google/api/grpc/proto-google-common-protos/1.0.0/proto-google-common-protos-1.0.0.jar:/home/user/.m2/repository/io/grpc/grpc-protobuf-lite/1.17.1/grpc-protobuf-lite-1.17.1.jar:/home/user/.m2/repository/io/grpc/grpc-stub/1.17.1/grpc-stub-1.17.1.jar:/home/user/.m2/repository/org/apache/hadoop/hadoop-ozone-recon/0.5.0-SNAPSHOT/hadoop-ozone-recon-0.5.0-SNAPSHOT.jar:/home/user/.m2/repository/org/apache/hadoop/hadoop-ozone-reconcodegen/0.5.0-SNAPSHOT/hadoop-ozone-reconcodegen-0.5.0-SNAPSHOT.jar:/home/user/.m2/repository/com/google/inject/extensions/guice-multibindings/4.0/guice-multibindings-4.0.jar:/home/user/.m2/repository/com/google/inject/guice/4.0/guice-4.0.jar:/home/user/.m2/repository/aopalliance/aopalliance/1.0/aopalliance-1.0.jar:/home/user/.m2/repository/com/google/inject/extensions/guice-servlet/4.0/guice-servlet-4.0.jar:/home/user/.m2/repository/org/glassfish/jersey/containers/jersey-container-servlet/2.27/jersey-container-servlet-2.27.jar:/home/user/.m2/repository/org/glassfish/hk2/guice-bridge/2.5.0/guice-bridge-2.5.0.jar:/home/user/.m2/repository/org/glassfish/jersey/core/jersey-server/2.27/jersey-server-2.27.jar:/home/user/.m2/repository/org/glassfish/jersey/core/jersey-client/2.27/jersey-client-2.27.jar:/home/user/.m2/repository/org/glassfish/jersey/media/jersey-media-jaxb/2.27/jersey-media-jaxb-2.27.jar:/home/user/.m2/repository/javax/validation/validation-api/1.1.0.Final/validation-api-1.1.0.Final.jar:/home/user/.m2/repository/org/glassfish/jersey/media/jersey-media-json-jackson/2.27/jersey-media-json-jackson-2.27.jar:/home/user/.m2/repository/org/glassfish/jersey/ext/jersey-entity-filtering/2.27/jersey-entity-filtering-2.27.jar:/home/user/.m2/repository/com/google/inject/extensions/guice-assistedinject/4.0/guice-assistedinject-4.0.jar:/home/user/.m2/repository/org/jooq/jooq/3.11.10/jooq-3.11.10.jar:/home/user/.m2/repository/org/jooq/jooq-meta/3.11.10/jooq-meta-3.11.10.jar:/home/user/.m2/repository/org/jooq/jooq-codegen/3.11.10/jooq-codegen-3.11.10.jar:/home/user/.m2/repository/com/jolbox/bonecp/0.8.0.RELEASE/bonecp-0.8.0.RELEASE.jar:/home/user/.m2/repository/org/xerial/sqlite-jdbc/3.25.2/sqlite-jdbc-3.25.2.jar:/home/user/.m2/repository/org/springframework/spring-jdbc/5.1.3.RELEASE/spring-jdbc-5.1.3.RELEASE.jar:/home/user/.m2/repository/org/springframework/spring-beans/5.1.3.RELEASE/spring-beans-5.1.3.RELEASE.jar:/home/user/.m2/repository/org/springframework/spring-core/5.1.3.RELEASE/spring-core-5.1.3.RELEASE.jar:/home/user/.m2/repository/org/springframework/spring-jcl/5.1.3.RELEASE/spring-jcl-5.1.3.RELEASE.jar:/home/user/.m2/repository/org/springframework/spring-tx/5.1.3.RELEASE/spring-tx-5.1.3.RELEASE.jar:/home/user/.m2/repository/org/apache/hadoop/hadoop-ozone-client/0.5.0-SNAPSHOT/hadoop-ozone-client-0.5.0-SNAPSHOT.jar:/home/user/.m2/repository/commons-lang/commons-lang/2.6/commons-lang-2.6.jar:/home/user/.m2/repository/org/apache/hadoop/hadoop-ozone-ozone-manager/0.5.0-SNAPSHOT/hadoop-ozone-ozone-manager-0.5.0-SNAPSHOT-tests.jar:/home/user/.m2/repository/junit/junit/4.11/junit-4.11.jar:/home/user/.m2/repository/org/hamcrest/hamcrest-core/1.3/hamcrest-core-1.3.jar:/home/user/.m2/repository/org/openjdk/jmh/jmh-core/1.19/jmh-core-1.19.jar:/home/user/.m2/repository/net/sf/jopt-simple/jopt-simple/4.6/jopt-simple-4.6.jar:/home/user/.m2/repository/org/apache/commons/commons-math3/3.1.1/commons-math3-3.1.1.jar:/home/user/.m2/repository/org/openjdk/jmh/jmh-generator-annprocess/1.19/jmh-generator-annprocess-1.19.jar:/home/user/.m2/repository/org/mockito/mockito-all/1.8.5/mockito-all-1.8.5.jar:/home/user/.m2/repository/org/apache/hadoop/hadoop-kms/3.2.0/hadoop-kms-3.2.0.jar:/home/user/.m2/repository/org/apache/hadoop/hadoop-auth/3.2.0/hadoop-auth-3.2.0.jar:/home/user/.m2/repository/com/nimbusds/nimbus-jose-jwt/4.41.1/nimbus-jose-jwt-4.41.1.jar:/home/user/.m2/repository/com/github/stephenc/jcip/jcip-annotations/1.0-1/jcip-annotations-1.0-1.jar:/home/user/.m2/repository/net/minidev/json-smart/2.3/json-smart-2.3.jar:/home/user/.m2/repository/net/minidev/accessors-smart/1.2/accessors-smart-1.2.jar:/home/user/.m2/repository/org/ow2/asm/asm/5.0.4/asm-5.0.4.jar:/home/user/.m2/repository/org/apache/curator/curator-framework/2.12.0/curator-framework-2.12.0.jar:/home/user/.m2/repository/com/sun/jersey/jersey-core/1.19/jersey-core-1.19.jar:/home/user/.m2/repository/javax/ws/rs/jsr311-api/1.1.1/jsr311-api-1.1.1.jar:/home/user/.m2/repository/com/sun/jersey/jersey-server/1.19/jersey-server-1.19.jar:/home/user/.m2/repository/javax/servlet/javax.servlet-api/3.1.0/javax.servlet-api-3.1.0.jar:/home/user/.m2/repository/org/eclipse/jetty/jetty-server/9.3.24.v20180605/jetty-server-9.3.24.v20180605.jar:/home/user/.m2/repository/org/eclipse/jetty/jetty-http/9.3.24.v20180605/jetty-http-9.3.24.v20180605.jar:/home/user/.m2/repository/org/eclipse/jetty/jetty-io/9.3.24.v20180605/jetty-io-9.3.24.v20180605.jar:/home/user/.m2/repository/org/eclipse/jetty/jetty-webapp/9.3.24.v20180605/jetty-webapp-9.3.24.v20180605.jar:/home/user/.m2/repository/org/eclipse/jetty/jetty-xml/9.3.24.v20180605/jetty-xml-9.3.24.v20180605.jar:/home/user/.m2/repository/log4j/log4j/1.2.17/log4j-1.2.17.jar:/home/user/.m2/repository/org/slf4j/slf4j-api/1.7.25/slf4j-api-1.7.25.jar:/home/user/.m2/repository/org/slf4j/jul-to-slf4j/1.7.25/jul-to-slf4j-1.7.25.jar:/home/user/.m2/repository/org/eclipse/jetty/jetty-util/9.3.24.v20180605/jetty-util-9.3.24.v20180605.jar:/home/user/.m2/repository/com/fasterxml/jackson/core/jackson-databind/2.9.5/jackson-databind-2.9.5.jar:/home/user/.m2/repository/org/apache/hadoop/hadoop-kms/3.2.0/hadoop-kms-3.2.0-tests.jar:/home/user/.m2/repository/org/apache/hadoop/hadoop-hdds-server-scm/0.5.0-SNAPSHOT/hadoop-hdds-server-scm-0.5.0-SNAPSHOT-tests.jar:/home/user/.m2/repository/org/apache/hadoop/hadoop-hdds-container-service/0.5.0-SNAPSHOT/hadoop-hdds-container-service-0.5.0-SNAPSHOT-tests.jar:/home/user/.m2/repository/org/yaml/snakeyaml/1.16/snakeyaml-1.16.jar:/home/user/.m2/repository/org/apache/hadoop/hadoop-common/3.2.0/hadoop-common-3.2.0-tests.jar:/home/user/.m2/repository/org/apache/hadoop/hadoop-annotations/3.2.0/hadoop-annotations-3.2.0.jar:/usr/lib/jvm/java-1.8-openjdk/jre/../lib/tools.jar:/home/user/.m2/repository/commons-cli/commons-cli/1.2/commons-cli-1.2.jar:/home/user/.m2/repository/org/apache/httpcomponents/httpclient/4.5.2/httpclient-4.5.2.jar:/home/user/.m2/repository/org/apache/httpcomponents/httpcore/4.4.4/httpcore-4.4.4.jar:/home/user/.m2/repository/commons-codec/commons-codec/1.11/commons-codec-1.11.jar:/home/user/.m2/repository/commons-net/commons-net/3.6/commons-net-3.6.jar:/home/user/.m2/repository/commons-collections/commons-collections/3.2.2/commons-collections-3.2.2.jar:/home/user/.m2/repository/org/eclipse/jetty/jetty-servlet/9.3.24.v20180605/jetty-servlet-9.3.24.v20180605.jar:/home/user/.m2/repository/org/eclipse/jetty/jetty-security/9.3.24.v20180605/jetty-security-9.3.24.v20180605.jar:/home/user/.m2/repository/javax/servlet/jsp/jsp-api/2.1/jsp-api-2.1.jar:/home/user/.m2/repository/com/sun/jersey/jersey-servlet/1.19/jersey-servlet-1.19.jar:/home/user/.m2/repository/com/sun/jersey/jersey-json/1.19/jersey-json-1.19.jar:/home/user/.m2/repository/org/codehaus/jettison/jettison/1.1/jettison-1.1.jar:/home/user/.m2/repository/org/codehaus/jackson/jackson-core-asl/1.9.13/jackson-core-asl-1.9.13.jar:/home/user/.m2/repository/org/codehaus/jackson/jackson-mapper-asl/1.9.13/jackson-mapper-asl-1.9.13.jar:/home/user/.m2/repository/org/codehaus/jackson/jackson-jaxrs/1.9.13/jackson-jaxrs-1.9.13.jar:/home/user/.m2/repository/org/codehaus/jackson/jackson-xc/1.9.13/jackson-xc-1.9.13.jar:/home/user/.m2/repository/commons-logging/commons-logging/1.1.3/commons-logging-1.1.3.jar:/home/user/.m2/repository/commons-beanutils/commons-beanutils/1.9.3/commons-beanutils-1.9.3.jar:/home/user/.m2/repository/org/apache/commons/commons-configuration2/2.1.1/commons-configuration2-2.1.1.jar:/home/user/.m2/repository/org/apache/commons/commons-lang3/3.7/commons-lang3-3.7.jar:/home/user/.m2/repository/org/apache/commons/commons-text/1.4/commons-text-1.4.jar:/home/user/.m2/repository/org/apache/avro/avro/1.7.7/avro-1.7.7.jar:/home/user/.m2/repository/com/thoughtworks/paranamer/paranamer/2.3/paranamer-2.3.jar:/home/user/.m2/repository/org/xerial/snappy/snappy-java/1.0.5/snappy-java-1.0.5.jar:/home/user/.m2/repository/com/google/re2j/re2j/1.1/re2j-1.1.jar:/home/user/.m2/repository/com/google/code/gson/gson/2.2.4/gson-2.2.4.jar:/home/user/.m2/repository/com/jcraft/jsch/0.1.54/jsch-0.1.54.jar:/home/user/.m2/repository/org/apache/curator/curator-client/2.12.0/curator-client-2.12.0.jar:/home/user/.m2/repository/org/apache/curator/curator-recipes/2.12.0/curator-recipes-2.12.0.jar:/home/user/.m2/repository/com/google/code/findbugs/jsr305/3.0.0/jsr305-3.0.0.jar:/home/user/.m2/repository/org/apache/htrace/htrace-core4/4.1.0-incubating/htrace-core4-4.1.0-incubating.jar:/home/user/.m2/repository/org/apache/zookeeper/zookeeper/3.4.13/zookeeper-3.4.13.jar:/home/user/.m2/repository/org/apache/yetus/audience-annotations/0.5.0/audience-annotations-0.5.0.jar:/home/user/.m2/repository/org/codehaus/woodstox/stax2-api/3.1.4/stax2-api-3.1.4.jar:/home/user/.m2/repository/com/fasterxml/woodstox/woodstox-core/5.0.3/woodstox-core-5.0.3.jar:/home/user/.m2/repository/dnsjava/dnsjava/2.1.7/dnsjava-2.1.7.jar:/home/user/.m2/repository/org/apache/hadoop/hadoop-hdfs/3.2.0/hadoop-hdfs-3.2.0-tests.jar:/home/user/.m2/repository/org/eclipse/jetty/jetty-util-ajax/9.3.24.v20180605/jetty-util-ajax-9.3.24.v20180605.jar:/home/user/.m2/repository/commons-daemon/commons-daemon/1.0.13/commons-daemon-1.0.13.jar:/home/user/.m2/repository/io/netty/netty/3.10.5.Final/netty-3.10.5.Final.jar:/home/user/.m2/repository/io/netty/netty-all/4.0.52.Final/netty-all-4.0.52.Final.jar:/home/user/.m2/repository/org/fusesource/leveldbjni/leveldbjni-all/1.8/leveldbjni-all-1.8.jar:"/>
    <property name="sun.cpu.endian" value="little"/>
    <property name="user.home" value="/home/user"/>
    <property name="user.language" value="en"/>
    <property name="java.specification.vendor" value="Oracle Corporation"/>
    <property name="java.home" value="/usr/lib/jvm/java-1.8-openjdk/jre"/>
    <property name="java.security.krb5.conf" value="/workdir/hadoop-ozone/integration-test/target/test-classes/krb5.conf"/>
    <property name="basedir" value="/workdir/hadoop-ozone/integration-test"/>
    <property name="file.separator" value="/"/>
    <property name="line.separator" value="&#10;"/>
    <property name="java.vm.specification.vendor" value="Oracle Corporation"/>
    <property name="java.specification.name" value="Java Platform API Specification"/>
    <property name="java.awt.graphicsenv" value="sun.awt.X11GraphicsEnvironment"/>
    <property name="surefire.real.class.path" value="/workdir/hadoop-ozone/integration-test/target/surefire/surefirebooter1039983397006226719.jar"/>
    <property name="hadoop.log.dir" value="/workdir/hadoop-ozone/integration-test/target/log"/>
    <property name="sun.boot.class.path" value="/usr/lib/jvm/java-1.8-openjdk/jre/lib/resources.jar:/usr/lib/jvm/java-1.8-openjdk/jre/lib/rt.jar:/usr/lib/jvm/java-1.8-openjdk/jre/lib/sunrsasign.jar:/usr/lib/jvm/java-1.8-openjdk/jre/lib/jsse.jar:/usr/lib/jvm/java-1.8-openjdk/jre/lib/jce.jar:/usr/lib/jvm/java-1.8-openjdk/jre/lib/charsets.jar:/usr/lib/jvm/java-1.8-openjdk/jre/lib/jfr.jar:/usr/lib/jvm/java-1.8-openjdk/jre/classes"/>
    <property name="sun.management.compiler" value="HotSpot 64-Bit Tiered Compilers"/>
    <property name="java.runtime.version" value="1.8.0_212-b04"/>
    <property name="java.net.preferIPv4Stack" value="true"/>
    <property name="user.name" value="jenkins1000"/>
    <property name="path.separator" value=":"/>
    <property name="java.security.egd" value="file:///dev/urandom"/>
    <property name="os.version" value="3.10.0-957.12.2.el7.x86_64"/>
    <property name="java.endorsed.dirs" value="/usr/lib/jvm/java-1.8-openjdk/jre/lib/endorsed"/>
    <property name="java.runtime.name" value="OpenJDK Runtime Environment"/>
    <property name="file.encoding" value="UTF-8"/>
    <property name="java.vm.name" value="OpenJDK 64-Bit Server VM"/>
    <property name="test.build.webapps" value=""/>
    <property name="localRepository" value="/home/user/.m2/repository"/>
    <property name="java.vendor.url.bug" value="https://icedtea.classpath.org/bugzilla"/>
    <property name="java.io.tmpdir" value="/tmp"/>
    <property name="require.test.libhadoop" value=""/>
    <property name="java.version" value="1.8.0_212"/>
    <property name="user.dir" value="/workdir/hadoop-ozone/integration-test"/>
    <property name="os.arch" value="amd64"/>
    <property name="java.vm.specification.name" value="Java Virtual Machine Specification"/>
    <property name="test.build.classes" value="/workdir/hadoop-ozone/integration-test/target/test-classes"/>
    <property name="java.awt.printerjob" value="sun.print.PSPrinterJob"/>
    <property name="sun.os.patch.level" value="unknown"/>
    <property name="hadoop.tmp.dir" value="/workdir/hadoop-ozone/integration-test/target/tmp"/>
    <property name="java.library.path" value="/usr/lib/jvm/java-1.8-openjdk/jre/lib/amd64/server:/usr/lib/jvm/java-1.8-openjdk/jre/lib/amd64:/usr/lib/jvm/java-1.8-openjdk/jre/../lib/amd64:/workdir/hadoop-ozone/integration-test/target/native/target/usr/local/lib:/workdir/hadoop-ozone/integration-test/../../hadoop-common-project/hadoop-common/target/native/target/usr/local/lib:/usr/java/packages/lib/amd64:/usr/lib64:/lib64:/lib:/usr/lib"/>
    <property name="java.vm.info" value="mixed mode"/>
    <property name="java.vendor" value="IcedTea"/>
    <property name="java.vm.version" value="25.212-b04"/>
    <property name="java.ext.dirs" value="/usr/lib/jvm/java-1.8-openjdk/jre/lib/ext:/usr/java/packages/lib/ext"/>
    <property name="sun.io.unicode.encoding" value="UnicodeLittle"/>
    <property name="java.class.version" value="52.0"/>
  </properties>
  <testcase name="testMultiBlockWritesWithIntermittentDnFailures" classname="org.apache.hadoop.ozone.client.rpc.TestMultiBlockWritesWithDnFailures" time="123.449">
    <error message="Allocated 0 blocks. Requested 1 blocks" type="INTERNAL_ERROR org.apache.hadoop.ozone.om.exceptions.OMException">INTERNAL_ERROR org.apache.hadoop.ozone.om.exceptions.OMException: Allocated 0 blocks. Requested 1 blocks
	at org.apache.hadoop.ozone.om.protocolPB.OzoneManagerProtocolClientSideTranslatorPB.handleError(OzoneManagerProtocolClientSideTranslatorPB.java:725)
	at org.apache.hadoop.ozone.om.protocolPB.OzoneManagerProtocolClientSideTranslatorPB.allocateBlock(OzoneManagerProtocolClientSideTranslatorPB.java:757)
	at org.apache.hadoop.ozone.client.io.BlockOutputStreamEntryPool.allocateNewBlock(BlockOutputStreamEntryPool.java:248)
	at org.apache.hadoop.ozone.client.io.BlockOutputStreamEntryPool.allocateBlockIfNeeded(BlockOutputStreamEntryPool.java:296)
	at org.apache.hadoop.ozone.client.io.KeyOutputStream.handleWrite(KeyOutputStream.java:201)
	at org.apache.hadoop.ozone.client.io.KeyOutputStream.handleRetry(KeyOutputStream.java:376)
	at org.apache.hadoop.ozone.client.io.KeyOutputStream.handleException(KeyOutputStream.java:325)
	at org.apache.hadoop.ozone.client.io.KeyOutputStream.handleWrite(KeyOutputStream.java:231)
	at org.apache.hadoop.ozone.client.io.KeyOutputStream.handleRetry(KeyOutputStream.java:376)
	at org.apache.hadoop.ozone.client.io.KeyOutputStream.handleException(KeyOutputStream.java:325)
	at org.apache.hadoop.ozone.client.io.KeyOutputStream.handleWrite(KeyOutputStream.java:231)
	at org.apache.hadoop.ozone.client.io.KeyOutputStream.handleRetry(KeyOutputStream.java:376)
	at org.apache.hadoop.ozone.client.io.KeyOutputStream.handleException(KeyOutputStream.java:325)
	at org.apache.hadoop.ozone.client.io.KeyOutputStream.handleWrite(KeyOutputStream.java:231)
	at org.apache.hadoop.ozone.client.io.KeyOutputStream.write(KeyOutputStream.java:193)
	at org.apache.hadoop.ozone.client.io.OzoneOutputStream.write(OzoneOutputStream.java:49)
	at java.io.OutputStream.write(OutputStream.java:75)
	at org.apache.hadoop.ozone.client.rpc.TestMultiBlockWritesWithDnFailures.testMultiBlockWritesWithIntermittentDnFailures(TestMultiBlockWritesWithDnFailures.java:196)
	at sun.reflect.NativeMethodAccessorImpl.invoke0(Native Method)
	at sun.reflect.NativeMethodAccessorImpl.invoke(NativeMethodAccessorImpl.java:62)
	at sun.reflect.DelegatingMethodAccessorImpl.invoke(DelegatingMethodAccessorImpl.java:43)
	at java.lang.reflect.Method.invoke(Method.java:498)
	at org.junit.runners.model.FrameworkMethod$1.runReflectiveCall(FrameworkMethod.java:47)
	at org.junit.internal.runners.model.ReflectiveCallable.run(ReflectiveCallable.java:12)
	at org.junit.runners.model.FrameworkMethod.invokeExplosively(FrameworkMethod.java:44)
	at org.junit.internal.runners.statements.InvokeMethod.evaluate(InvokeMethod.java:17)
	at org.junit.internal.runners.statements.RunAfters.evaluate(RunAfters.java:27)
	at org.junit.runners.ParentRunner.runLeaf(ParentRunner.java:271)
	at org.junit.runners.BlockJUnit4ClassRunner.runChild(BlockJUnit4ClassRunner.java:70)
	at org.junit.runners.BlockJUnit4ClassRunner.runChild(BlockJUnit4ClassRunner.java:50)
	at org.junit.runners.ParentRunner$3.run(ParentRunner.java:238)
	at org.junit.runners.ParentRunner$1.schedule(ParentRunner.java:63)
	at org.junit.runners.ParentRunner.runChildren(ParentRunner.java:236)
	at org.junit.runners.ParentRunner.access$000(ParentRunner.java:53)
	at org.junit.runners.ParentRunner$2.evaluate(ParentRunner.java:229)
	at org.junit.runners.ParentRunner.run(ParentRunner.java:309)
	at org.apache.maven.surefire.junit4.JUnit4Provider.execute(JUnit4Provider.java:365)
	at org.apache.maven.surefire.junit4.JUnit4Provider.executeWithRerun(JUnit4Provider.java:273)
	at org.apache.maven.surefire.junit4.JUnit4Provider.executeTestSet(JUnit4Provider.java:238)
	at org.apache.maven.surefire.junit4.JUnit4Provider.invoke(JUnit4Provider.java:159)
	at org.apache.maven.surefire.booter.ForkedBooter.invokeProviderInSameClassLoader(ForkedBooter.java:384)
	at org.apache.maven.surefire.booter.ForkedBooter.runSuitesInProcess(ForkedBooter.java:345)
	at org.apache.maven.surefire.booter.ForkedBooter.execute(ForkedBooter.java:126)
	at org.apache.maven.surefire.booter.ForkedBooter.main(ForkedBooter.java:418)
</error>
    <system-out><![CDATA[2019-08-29 08:33:17,968 [main] WARN  server.ServerUtils (ServerUtils.java:getScmDbDir(145)) - ozone.scm.db.dirs is not configured. We recommend adding this setting. Falling back to ozone.metadata.dirs instead.
2019-08-29 08:33:18,068 [main] WARN  server.ServerUtils (ServerUtils.java:getScmDbDir(145)) - ozone.scm.db.dirs is not configured. We recommend adding this setting. Falling back to ozone.metadata.dirs instead.
2019-08-29 08:33:18,071 [main] WARN  server.ServerUtils (ServerUtils.java:getScmDbDir(145)) - ozone.scm.db.dirs is not configured. We recommend adding this setting. Falling back to ozone.metadata.dirs instead.
2019-08-29 08:33:18,089 [main] INFO  util.log (Log.java:initialized(192)) - Logging initialized @860ms
2019-08-29 08:33:18,205 [main] INFO  db.DBStoreBuilder (DBStoreBuilder.java:addTable(110)) - using custom profile for table: deletedBlocks
2019-08-29 08:33:18,205 [main] INFO  db.DBStoreBuilder (DBStoreBuilder.java:processTables(161)) - Using default column profile:DBProfile.DISK for Table:deletedBlocks
2019-08-29 08:33:18,206 [main] INFO  db.DBStoreBuilder (DBStoreBuilder.java:addTable(110)) - using custom profile for table: validCerts
2019-08-29 08:33:18,206 [main] INFO  db.DBStoreBuilder (DBStoreBuilder.java:processTables(161)) - Using default column profile:DBProfile.DISK for Table:validCerts
2019-08-29 08:33:18,207 [main] INFO  db.DBStoreBuilder (DBStoreBuilder.java:addTable(110)) - using custom profile for table: revokedCerts
2019-08-29 08:33:18,207 [main] INFO  db.DBStoreBuilder (DBStoreBuilder.java:processTables(161)) - Using default column profile:DBProfile.DISK for Table:revokedCerts
2019-08-29 08:33:18,222 [main] INFO  db.DBStoreBuilder (DBStoreBuilder.java:addTable(110)) - using custom profile for table: default
2019-08-29 08:33:18,222 [main] INFO  db.DBStoreBuilder (DBStoreBuilder.java:processTables(167)) - Using default column profile:DBProfile.DISK for Table:default
2019-08-29 08:33:18,224 [main] INFO  db.DBStoreBuilder (DBStoreBuilder.java:getDbProfile(198)) - Using default options. DBProfile.DISK
2019-08-29 08:33:18,989 [main] INFO  net.NodeSchemaLoader (NodeSchemaLoader.java:loadSchemaFromFile(125)) - Loading file from sun.misc.CompoundEnumeration@56620197
2019-08-29 08:33:18,992 [main] INFO  net.NodeSchemaLoader (NodeSchemaLoader.java:loadSchema(171)) - Loading network topology layer schema file
2019-08-29 08:33:19,062 [main] INFO  node.SCMNodeManager (SCMNodeManager.java:<init>(121)) - Entering startup safe mode.
2019-08-29 08:33:19,141 [main] INFO  algorithms.ContainerPlacementPolicyFactory (ContainerPlacementPolicyFactory.java:getPolicy(55)) - Create container placement policy of type org.apache.hadoop.hdds.scm.container.placement.algorithms.SCMContainerPlacementRandom
2019-08-29 08:33:19,157 [main] WARN  server.ServerUtils (ServerUtils.java:getScmDbDir(145)) - ozone.scm.db.dirs is not configured. We recommend adding this setting. Falling back to ozone.metadata.dirs instead.
2019-08-29 08:33:19,262 [main] INFO  pipeline.SCMPipelineManager (SCMPipelineManager.java:initializePipelineState(126)) - No pipeline exists in current db
2019-08-29 08:33:19,265 [main] WARN  server.ServerUtils (ServerUtils.java:getScmDbDir(145)) - ozone.scm.db.dirs is not configured. We recommend adding this setting. Falling back to ozone.metadata.dirs instead.
2019-08-29 08:33:19,442 [main] WARN  events.EventQueue (EventQueue.java:fireEvent(175)) - No event handler registered for event TypedEvent{payloadType=SafeModeStatus, name='SafeModeStatus'}
2019-08-29 08:33:19,906 [main] INFO  ipc.CallQueueManager (CallQueueManager.java:<init>(84)) - Using callQueue: class java.util.concurrent.LinkedBlockingQueue, queueCapacity: 2000, scheduler: class org.apache.hadoop.ipc.DefaultRpcScheduler, ipcBackoff: false.
2019-08-29 08:33:20,150 [Socket Reader #1 for port 43772] INFO  ipc.Server (Server.java:run(1074)) - Starting Socket Reader #1 for port 43772
2019-08-29 08:33:20,178 [main] INFO  ipc.CallQueueManager (CallQueueManager.java:<init>(84)) - Using callQueue: class java.util.concurrent.LinkedBlockingQueue, queueCapacity: 2000, scheduler: class org.apache.hadoop.ipc.DefaultRpcScheduler, ipcBackoff: false.
2019-08-29 08:33:20,179 [Socket Reader #1 for port 39120] INFO  ipc.Server (Server.java:run(1074)) - Starting Socket Reader #1 for port 39120
2019-08-29 08:33:20,187 [main] INFO  ipc.CallQueueManager (CallQueueManager.java:<init>(84)) - Using callQueue: class java.util.concurrent.LinkedBlockingQueue, queueCapacity: 2000, scheduler: class org.apache.hadoop.ipc.DefaultRpcScheduler, ipcBackoff: false.
2019-08-29 08:33:20,187 [Socket Reader #1 for port 42191] INFO  ipc.Server (Server.java:run(1074)) - Starting Socket Reader #1 for port 42191
2019-08-29 08:33:20,207 [main] INFO  hdfs.DFSUtil (DFSUtil.java:httpServerTemplateForNNAndJN(1641)) - Starting Web-server for scm at: http://0.0.0.0:0
2019-08-29 08:33:20,351 [main] INFO  server.AuthenticationFilter (AuthenticationFilter.java:constructSecretProvider(240)) - Unable to initialize FileSignerSecretProvider, falling back to use random secrets.
2019-08-29 08:33:20,360 [main] WARN  http.HttpRequestLog (HttpRequestLog.java:getRequestLog(97)) - Jetty request log can only be enabled using Log4j
2019-08-29 08:33:20,369 [main] INFO  http.HttpServer2 (HttpServer2.java:addGlobalFilter(975)) - Added global filter 'safety' (class=org.apache.hadoop.http.HttpServer2$QuotingInputFilter)
2019-08-29 08:33:20,373 [main] INFO  http.HttpServer2 (HttpServer2.java:addFilter(948)) - Added filter static_user_filter (class=org.apache.hadoop.http.lib.StaticUserWebFilter$StaticUserFilter) to context scm
2019-08-29 08:33:20,373 [main] INFO  http.HttpServer2 (HttpServer2.java:addFilter(958)) - Added filter static_user_filter (class=org.apache.hadoop.http.lib.StaticUserWebFilter$StaticUserFilter) to context static
2019-08-29 08:33:20,373 [main] INFO  http.HttpServer2 (HttpServer2.java:addFilter(958)) - Added filter static_user_filter (class=org.apache.hadoop.http.lib.StaticUserWebFilter$StaticUserFilter) to context logs
2019-08-29 08:33:20,406 [main] INFO  server.StorageContainerManager (StorageContainerManager.java:start(759)) - StorageContainerLocationProtocol RPC server is listening at /0.0.0.0:42191
2019-08-29 08:33:20,470 [main] WARN  impl.MetricsConfig (MetricsConfig.java:loadFirst(134)) - Cannot locate configuration: tried hadoop-metrics2-storagecontainermanager.properties,hadoop-metrics2.properties
2019-08-29 08:33:20,482 [main] INFO  impl.MetricsSystemImpl (MetricsSystemImpl.java:startTimer(374)) - Scheduled Metric snapshot period at 10 second(s).
2019-08-29 08:33:20,482 [main] INFO  impl.MetricsSystemImpl (MetricsSystemImpl.java:start(191)) - StorageContainerManager metrics system started
2019-08-29 08:33:20,693 [main] INFO  server.SCMClientProtocolServer (SCMClientProtocolServer.java:start(151)) - RPC server for Client  is listening at /0.0.0.0:42191
2019-08-29 08:33:20,694 [IPC Server listener on 42191] INFO  ipc.Server (Server.java:run(1153)) - IPC Server listener on 42191: starting
2019-08-29 08:33:20,694 [IPC Server Responder] INFO  ipc.Server (Server.java:run(1314)) - IPC Server Responder: starting
2019-08-29 08:33:20,697 [main] INFO  server.StorageContainerManager (StorageContainerManager.java:start(769)) - ScmBlockLocationProtocol RPC server is listening at /0.0.0.0:39120
2019-08-29 08:33:20,697 [main] INFO  server.SCMBlockProtocolServer (SCMBlockProtocolServer.java:start(140)) - RPC server for Block Protocol is listening at /0.0.0.0:39120
2019-08-29 08:33:20,697 [IPC Server Responder] INFO  ipc.Server (Server.java:run(1314)) - IPC Server Responder: starting
2019-08-29 08:33:20,697 [IPC Server listener on 39120] INFO  ipc.Server (Server.java:run(1153)) - IPC Server listener on 39120: starting
2019-08-29 08:33:20,699 [main] INFO  server.StorageContainerManager (StorageContainerManager.java:start(773)) - ScmDatanodeProtocl RPC server is listening at /0.0.0.0:43772
2019-08-29 08:33:20,700 [main] INFO  server.SCMDatanodeProtocolServer (SCMDatanodeProtocolServer.java:start(191)) - RPC server for DataNodes is listening at /0.0.0.0:43772
2019-08-29 08:33:20,700 [IPC Server Responder] INFO  ipc.Server (Server.java:run(1314)) - IPC Server Responder: starting
2019-08-29 08:33:20,700 [IPC Server listener on 43772] INFO  ipc.Server (Server.java:run(1153)) - IPC Server listener on 43772: starting
2019-08-29 08:33:20,704 [main] INFO  http.HttpServer2 (HttpServer2.java:bindListener(1191)) - Jetty bound to port 33400
2019-08-29 08:33:20,705 [main] INFO  server.Server (Server.java:doStart(351)) - jetty-9.3.24.v20180605, build timestamp: 2018-06-05T17:11:56Z, git hash: 84205aa28f11a4f31f2a3b86d1bba2cc8ab69827
2019-08-29 08:33:20,742 [main] INFO  handler.ContextHandler (ContextHandler.java:doStart(781)) - Started o.e.j.s.ServletContextHandler@424fd310{/logs,file:///workdir/hadoop-ozone/integration-test/target/log,AVAILABLE}
2019-08-29 08:33:20,742 [main] INFO  handler.ContextHandler (ContextHandler.java:doStart(781)) - Started o.e.j.s.ServletContextHandler@38f116f6{/static,file:///workdir/hadoop-ozone/integration-test/target/test-classes/webapps/static,AVAILABLE}
2019-08-29 08:33:20,776 [main] INFO  handler.ContextHandler (ContextHandler.java:doStart(781)) - Started o.e.j.w.WebAppContext@5489c777{/,file:///workdir/hadoop-ozone/integration-test/target/test-classes/webapps/scm/,AVAILABLE}{/scm}
2019-08-29 08:33:20,782 [main] INFO  server.AbstractConnector (AbstractConnector.java:doStart(278)) - Started ServerConnector@2970a5bc{HTTP/1.1,[http/1.1]}{0.0.0.0:33400}
2019-08-29 08:33:20,782 [main] INFO  server.Server (Server.java:doStart(419)) - Started @3553ms
2019-08-29 08:33:20,783 [main] INFO  server.BaseHttpServer (BaseHttpServer.java:updateConnectorAddress(213)) - HTTP server of SCM is listening at http://0.0.0.0:33400
2019-08-29 08:33:20,789 [org.apache.hadoop.util.JvmPauseMonitor$Monitor@7c18432b] INFO  util.JvmPauseMonitor (JvmPauseMonitor.java:run(188)) - Starting JVM pause monitor
2019-08-29 08:33:20,792 [main] WARN  server.ServerUtils (ServerUtils.java:getDBPath(222)) - ozone.om.db.dirs is not configured. We recommend adding this setting. Falling back to ozone.metadata.dirs instead.
2019-08-29 08:33:20,909 [main] WARN  server.ServerUtils (ServerUtils.java:getDBPath(222)) - ozone.om.db.dirs is not configured. We recommend adding this setting. Falling back to ozone.metadata.dirs instead.
2019-08-29 08:33:20,909 [main] WARN  server.ServerUtils (ServerUtils.java:getDBPath(222)) - ozone.om.db.dirs is not configured. We recommend adding this setting. Falling back to ozone.metadata.dirs instead.
2019-08-29 08:33:20,910 [main] INFO  om.OzoneManager (OzoneManager.java:setOMNodeDetails(645)) - OM Service ID is not set. Setting it to the default ID: omServiceIdDefault
2019-08-29 08:33:20,911 [main] INFO  om.OzoneManager (OzoneManager.java:setOMNodeDetails(651)) - OM Node ID is not set. Setting it to the OmStorage's OmID: 6e9d6dc0-e410-4131-a9fb-1686458013f7
2019-08-29 08:33:20,912 [main] INFO  om.OzoneManager (OzoneManager.java:loadOMHAConfigs(602)) - Found matching OM address with OMServiceId: null, OMNodeId: null, RPC Address: localhost:0 and Ratis port: 9872
2019-08-29 08:33:21,138 | INFO  | SCMAudit | user=jenkins1000 | ip=192.168.69.89 | op=GET_SCM_INFO null | ret=SUCCESS |  
2019-08-29 08:33:21,656 [main] WARN  server.ServerUtils (ServerUtils.java:getDBPath(222)) - ozone.om.db.dirs is not configured. We recommend adding this setting. Falling back to ozone.metadata.dirs instead.
2019-08-29 08:33:21,664 [main] INFO  db.DBStoreBuilder (DBStoreBuilder.java:addTable(110)) - using custom profile for table: userTable
2019-08-29 08:33:21,664 [main] INFO  db.DBStoreBuilder (DBStoreBuilder.java:processTables(161)) - Using default column profile:DBProfile.DISK for Table:userTable
2019-08-29 08:33:21,664 [main] INFO  db.DBStoreBuilder (DBStoreBuilder.java:addTable(110)) - using custom profile for table: volumeTable
2019-08-29 08:33:21,665 [main] INFO  db.DBStoreBuilder (DBStoreBuilder.java:processTables(161)) - Using default column profile:DBProfile.DISK for Table:volumeTable
2019-08-29 08:33:21,665 [main] INFO  db.DBStoreBuilder (DBStoreBuilder.java:addTable(110)) - using custom profile for table: bucketTable
2019-08-29 08:33:21,665 [main] INFO  db.DBStoreBuilder (DBStoreBuilder.java:processTables(161)) - Using default column profile:DBProfile.DISK for Table:bucketTable
2019-08-29 08:33:21,665 [main] INFO  db.DBStoreBuilder (DBStoreBuilder.java:addTable(110)) - using custom profile for table: keyTable
2019-08-29 08:33:21,665 [main] INFO  db.DBStoreBuilder (DBStoreBuilder.java:processTables(161)) - Using default column profile:DBProfile.DISK for Table:keyTable
2019-08-29 08:33:21,666 [main] INFO  db.DBStoreBuilder (DBStoreBuilder.java:addTable(110)) - using custom profile for table: deletedTable
2019-08-29 08:33:21,666 [main] INFO  db.DBStoreBuilder (DBStoreBuilder.java:processTables(161)) - Using default column profile:DBProfile.DISK for Table:deletedTable
2019-08-29 08:33:21,666 [main] INFO  db.DBStoreBuilder (DBStoreBuilder.java:addTable(110)) - using custom profile for table: openKeyTable
2019-08-29 08:33:21,666 [main] INFO  db.DBStoreBuilder (DBStoreBuilder.java:processTables(161)) - Using default column profile:DBProfile.DISK for Table:openKeyTable
2019-08-29 08:33:21,667 [main] INFO  db.DBStoreBuilder (DBStoreBuilder.java:addTable(110)) - using custom profile for table: s3Table
2019-08-29 08:33:21,667 [main] INFO  db.DBStoreBuilder (DBStoreBuilder.java:processTables(161)) - Using default column profile:DBProfile.DISK for Table:s3Table
2019-08-29 08:33:21,667 [main] INFO  db.DBStoreBuilder (DBStoreBuilder.java:addTable(110)) - using custom profile for table: multipartInfoTable
2019-08-29 08:33:21,667 [main] INFO  db.DBStoreBuilder (DBStoreBuilder.java:processTables(161)) - Using default column profile:DBProfile.DISK for Table:multipartInfoTable
2019-08-29 08:33:21,668 [main] INFO  db.DBStoreBuilder (DBStoreBuilder.java:addTable(110)) - using custom profile for table: dTokenTable
2019-08-29 08:33:21,668 [main] INFO  db.DBStoreBuilder (DBStoreBuilder.java:processTables(161)) - Using default column profile:DBProfile.DISK for Table:dTokenTable
2019-08-29 08:33:21,668 [main] INFO  db.DBStoreBuilder (DBStoreBuilder.java:addTable(110)) - using custom profile for table: s3SecretTable
2019-08-29 08:33:21,668 [main] INFO  db.DBStoreBuilder (DBStoreBuilder.java:processTables(161)) - Using default column profile:DBProfile.DISK for Table:s3SecretTable
2019-08-29 08:33:21,669 [main] INFO  db.DBStoreBuilder (DBStoreBuilder.java:addTable(110)) - using custom profile for table: prefixTable
2019-08-29 08:33:21,669 [main] INFO  db.DBStoreBuilder (DBStoreBuilder.java:processTables(161)) - Using default column profile:DBProfile.DISK for Table:prefixTable
2019-08-29 08:33:21,669 [main] INFO  db.DBStoreBuilder (DBStoreBuilder.java:addTable(110)) - using custom profile for table: default
2019-08-29 08:33:21,669 [main] INFO  db.DBStoreBuilder (DBStoreBuilder.java:processTables(167)) - Using default column profile:DBProfile.DISK for Table:default
2019-08-29 08:33:21,670 [main] INFO  db.DBStoreBuilder (DBStoreBuilder.java:getDbProfile(198)) - Using default options. DBProfile.DISK
2019-08-29 08:33:22,502 [main] INFO  ipc.CallQueueManager (CallQueueManager.java:<init>(84)) - Using callQueue: class java.util.concurrent.LinkedBlockingQueue, queueCapacity: 2000, scheduler: class org.apache.hadoop.ipc.DefaultRpcScheduler, ipcBackoff: false.
2019-08-29 08:33:22,504 [Socket Reader #1 for port 44383] INFO  ipc.Server (Server.java:run(1074)) - Starting Socket Reader #1 for port 44383
2019-08-29 08:33:22,525 [main] INFO  om.OzoneManager (OzoneManager.java:start(1256)) - OzoneManager RPC server is listening at localhost/127.0.0.1:44383
2019-08-29 08:33:22,525 [main] INFO  impl.MetricsSystemImpl (MetricsSystemImpl.java:init(158)) - OzoneManager metrics system started (again)
2019-08-29 08:33:22,527 [IPC Server Responder] INFO  ipc.Server (Server.java:run(1314)) - IPC Server Responder: starting
2019-08-29 08:33:22,527 [IPC Server listener on 44383] INFO  ipc.Server (Server.java:run(1153)) - IPC Server listener on 44383: starting
2019-08-29 08:33:22,532 [main] INFO  hdfs.DFSUtil (DFSUtil.java:httpServerTemplateForNNAndJN(1641)) - Starting Web-server for ozoneManager at: http://0.0.0.0:0
2019-08-29 08:33:22,536 [main] INFO  server.AuthenticationFilter (AuthenticationFilter.java:constructSecretProvider(240)) - Unable to initialize FileSignerSecretProvider, falling back to use random secrets.
2019-08-29 08:33:22,537 [main] WARN  http.HttpRequestLog (HttpRequestLog.java:getRequestLog(97)) - Jetty request log can only be enabled using Log4j
2019-08-29 08:33:22,541 [main] INFO  http.HttpServer2 (HttpServer2.java:addGlobalFilter(975)) - Added global filter 'safety' (class=org.apache.hadoop.http.HttpServer2$QuotingInputFilter)
2019-08-29 08:33:22,713 [main] INFO  http.HttpServer2 (HttpServer2.java:addFilter(948)) - Added filter static_user_filter (class=org.apache.hadoop.http.lib.StaticUserWebFilter$StaticUserFilter) to context ozoneManager
2019-08-29 08:33:22,714 [main] INFO  http.HttpServer2 (HttpServer2.java:addFilter(958)) - Added filter static_user_filter (class=org.apache.hadoop.http.lib.StaticUserWebFilter$StaticUserFilter) to context logs
2019-08-29 08:33:22,715 [main] INFO  http.HttpServer2 (HttpServer2.java:addFilter(958)) - Added filter static_user_filter (class=org.apache.hadoop.http.lib.StaticUserWebFilter$StaticUserFilter) to context static
2019-08-29 08:33:22,728 [main] INFO  http.HttpServer2 (HttpServer2.java:bindListener(1191)) - Jetty bound to port 45477
2019-08-29 08:33:22,729 [main] INFO  server.Server (Server.java:doStart(351)) - jetty-9.3.24.v20180605, build timestamp: 2018-06-05T17:11:56Z, git hash: 84205aa28f11a4f31f2a3b86d1bba2cc8ab69827
2019-08-29 08:33:22,732 [main] INFO  handler.ContextHandler (ContextHandler.java:doStart(781)) - Started o.e.j.s.ServletContextHandler@4d74c3ba{/logs,file:///workdir/hadoop-ozone/integration-test/target/log,AVAILABLE}
2019-08-29 08:33:22,733 [main] INFO  handler.ContextHandler (ContextHandler.java:doStart(781)) - Started o.e.j.s.ServletContextHandler@64138b0c{/static,file:///workdir/hadoop-ozone/integration-test/target/test-classes/webapps/static,AVAILABLE}
2019-08-29 08:33:22,742 [main] INFO  handler.ContextHandler (ContextHandler.java:doStart(781)) - Started o.e.j.w.WebAppContext@69c93ca4{/,file:///workdir/hadoop-ozone/integration-test/target/test-classes/webapps/ozoneManager/,AVAILABLE}{/ozoneManager}
2019-08-29 08:33:22,743 [main] INFO  server.AbstractConnector (AbstractConnector.java:doStart(278)) - Started ServerConnector@63da207f{HTTP/1.1,[http/1.1]}{0.0.0.0:45477}
2019-08-29 08:33:22,744 [main] INFO  server.Server (Server.java:doStart(419)) - Started @5514ms
2019-08-29 08:33:22,745 [main] INFO  server.BaseHttpServer (BaseHttpServer.java:updateConnectorAddress(213)) - HTTP server of OZONEMANAGER is listening at http://0.0.0.0:45477
2019-08-29 08:33:22,946 [main] INFO  impl.MetricsSystemImpl (MetricsSystemImpl.java:init(158)) - HddsDatanode metrics system started (again)
2019-08-29 08:33:23,044 [main] INFO  ozone.HddsDatanodeService (HddsDatanodeService.java:start(184)) - HddsDatanodeService host:pr-hdds-1569-7rqkn-550228749 ip:192.168.69.89
2019-08-29 08:33:23,078 [main] INFO  volume.HddsVolume (HddsVolume.java:<init>(176)) - Creating Volume: /workdir/hadoop-ozone/integration-test/target/test-dir/MiniOzoneClusterImpl-839c4a83-1072-4184-a39a-41aa01fb846d/datanode-0/data/containers/hdds of  storage type : DISK and capacity : 1482555576320
2019-08-29 08:33:23,080 [main] INFO  volume.VolumeSet (VolumeSet.java:initializeVolumeSet(170)) - Added Volume : /workdir/hadoop-ozone/integration-test/target/test-dir/MiniOzoneClusterImpl-839c4a83-1072-4184-a39a-41aa01fb846d/datanode-0/data/containers/hdds to VolumeSet
2019-08-29 08:33:23,083 [main] INFO  volume.ThrottledAsyncChecker (ThrottledAsyncChecker.java:schedule(140)) - Scheduling a check for org.apache.hadoop.ozone.container.common.volume.HddsVolume@116a2108
2019-08-29 08:33:23,102 [main] INFO  volume.HddsVolumeChecker (HddsVolumeChecker.java:checkAllVolumes(203)) - Scheduled health check for volume org.apache.hadoop.ozone.container.common.volume.HddsVolume@116a2108
2019-08-29 08:33:23,213 [main] INFO  impl.RaftServerProxy (ConfUtils.java:logGet(43)) - raft.rpc.type = GRPC (default)
2019-08-29 08:33:23,278 [main] INFO  grpc.GrpcFactory (GrpcFactory.java:checkPooledByteBufAllocatorUseCacheForAllThreads(45)) - PERFORMANCE WARNING: useCacheForAllThreads is true that may cause Netty to create a lot garbage objects and, as a result, trigger GC.
	It is recommended to disable useCacheForAllThreads by setting -Dorg.apache.ratis.thirdparty.io.netty.allocator.useCacheForAllThreads=false in command line.
2019-08-29 08:33:23,283 [main] INFO  grpc.GrpcConfigKeys$Server (ConfUtils.java:logGet(43)) - raft.grpc.server.port = 0 (default)
2019-08-29 08:33:23,284 [main] INFO  server.GrpcService (ConfUtils.java:logGet(43)) - raft.grpc.message.size.max = 33570816 (custom)
2019-08-29 08:33:23,285 [main] INFO  server.RaftServerConfigKeys (ConfUtils.java:logGet(43)) - raft.server.log.appender.buffer.byte-limit = 33554432 (custom)
2019-08-29 08:33:23,286 [main] INFO  server.GrpcService (ConfUtils.java:logGet(43)) - raft.grpc.flow.control.window = 1MB (=1048576) (default)
2019-08-29 08:33:23,287 [main] INFO  server.RaftServerConfigKeys (ConfUtils.java:logGet(43)) - raft.server.rpc.request.timeout = 3000ms (default)
2019-08-29 08:33:23,456 [main] INFO  server.RaftServerConfigKeys (ConfUtils.java:logGet(43)) - raft.server.storage.dir = [/workdir/hadoop-ozone/integration-test/target/test-dir/MiniOzoneClusterImpl-839c4a83-1072-4184-a39a-41aa01fb846d/datanode-0/data/ratis] (custom)
2019-08-29 08:33:23,486 [main] INFO  replication.SimpleContainerDownloader (SimpleContainerDownloader.java:<init>(72)) - Starting container downloader service to copy containers to replicate.
2019-08-29 08:33:23,498 [main] INFO  hdfs.DFSUtil (DFSUtil.java:httpServerTemplateForNNAndJN(1641)) - Starting Web-server for hddsDatanode at: http://0.0.0.0:0
2019-08-29 08:33:23,500 [main] INFO  server.AuthenticationFilter (AuthenticationFilter.java:constructSecretProvider(240)) - Unable to initialize FileSignerSecretProvider, falling back to use random secrets.
2019-08-29 08:33:23,501 [main] WARN  http.HttpRequestLog (HttpRequestLog.java:getRequestLog(97)) - Jetty request log can only be enabled using Log4j
2019-08-29 08:33:23,503 [main] INFO  http.HttpServer2 (HttpServer2.java:addGlobalFilter(975)) - Added global filter 'safety' (class=org.apache.hadoop.http.HttpServer2$QuotingInputFilter)
2019-08-29 08:33:23,504 [main] INFO  http.HttpServer2 (HttpServer2.java:addFilter(948)) - Added filter static_user_filter (class=org.apache.hadoop.http.lib.StaticUserWebFilter$StaticUserFilter) to context hddsDatanode
2019-08-29 08:33:23,504 [main] INFO  http.HttpServer2 (HttpServer2.java:addFilter(958)) - Added filter static_user_filter (class=org.apache.hadoop.http.lib.StaticUserWebFilter$StaticUserFilter) to context static
2019-08-29 08:33:23,504 [main] INFO  http.HttpServer2 (HttpServer2.java:addFilter(958)) - Added filter static_user_filter (class=org.apache.hadoop.http.lib.StaticUserWebFilter$StaticUserFilter) to context logs
2019-08-29 08:33:23,505 [main] INFO  http.HttpServer2 (HttpServer2.java:bindListener(1191)) - Jetty bound to port 44379
2019-08-29 08:33:23,506 [main] INFO  server.Server (Server.java:doStart(351)) - jetty-9.3.24.v20180605, build timestamp: 2018-06-05T17:11:56Z, git hash: 84205aa28f11a4f31f2a3b86d1bba2cc8ab69827
2019-08-29 08:33:23,508 [main] INFO  handler.ContextHandler (ContextHandler.java:doStart(781)) - Started o.e.j.s.ServletContextHandler@17fa1336{/logs,file:///workdir/hadoop-ozone/integration-test/target/log,AVAILABLE}
2019-08-29 08:33:23,508 [main] INFO  handler.ContextHandler (ContextHandler.java:doStart(781)) - Started o.e.j.s.ServletContextHandler@68b9834c{/static,jar:file:/home/user/.m2/repository/org/apache/hadoop/hadoop-hdds-container-service/0.5.0-SNAPSHOT/hadoop-hdds-container-service-0.5.0-SNAPSHOT.jar!/webapps/static,AVAILABLE}
2019-08-29 08:33:23,549 [main] INFO  handler.ContextHandler (ContextHandler.java:doStart(781)) - Started o.e.j.w.WebAppContext@934b52f{/,file:///tmp/jetty-0.0.0.0-44379-hddsDatanode-_-any-869833815039145064.dir/webapp/,AVAILABLE}{/hddsDatanode}
2019-08-29 08:33:23,551 [main] INFO  server.AbstractConnector (AbstractConnector.java:doStart(278)) - Started ServerConnector@2630dbc4{HTTP/1.1,[http/1.1]}{0.0.0.0:44379}
2019-08-29 08:33:23,552 [main] INFO  server.Server (Server.java:doStart(419)) - Started @6322ms
2019-08-29 08:33:23,553 [main] INFO  server.BaseHttpServer (BaseHttpServer.java:updateConnectorAddress(213)) - HTTP server of HDDSDATANODE is listening at http://0.0.0.0:44379
2019-08-29 08:33:24,586 | INFO  | ObjectStoreRestHttpServer | Listening HDDS REST traffic on /0.0.0.0:38432 |  
2019-08-29 08:33:24,587 [main] INFO  ozone.HddsDatanodeService (HddsDatanodeService.java:startPlugins(395)) - Started plug-in org.apache.hadoop.ozone.web.OzoneHddsDatanodeService@798cb6d9
2019-08-29 08:33:24,588 [main] INFO  impl.MetricsSystemImpl (MetricsSystemImpl.java:init(158)) - HddsDatanode metrics system started (again)
2019-08-29 08:33:24,591 [main] INFO  ozone.HddsDatanodeService (HddsDatanodeService.java:start(184)) - HddsDatanodeService host:pr-hdds-1569-7rqkn-550228749 ip:192.168.69.89
2019-08-29 08:33:24,592 [org.apache.hadoop.util.JvmPauseMonitor$Monitor@25f1f2c5] INFO  util.JvmPauseMonitor (JvmPauseMonitor.java:run(188)) - Starting JVM pause monitor
2019-08-29 08:33:24,600 [main] INFO  volume.HddsVolume (HddsVolume.java:<init>(176)) - Creating Volume: /workdir/hadoop-ozone/integration-test/target/test-dir/MiniOzoneClusterImpl-839c4a83-1072-4184-a39a-41aa01fb846d/datanode-1/data/containers/hdds of  storage type : DISK and capacity : 1482555576320
2019-08-29 08:33:24,600 [main] INFO  volume.VolumeSet (VolumeSet.java:initializeVolumeSet(170)) - Added Volume : /workdir/hadoop-ozone/integration-test/target/test-dir/MiniOzoneClusterImpl-839c4a83-1072-4184-a39a-41aa01fb846d/datanode-1/data/containers/hdds to VolumeSet
2019-08-29 08:33:24,601 [main] INFO  volume.ThrottledAsyncChecker (ThrottledAsyncChecker.java:schedule(140)) - Scheduling a check for org.apache.hadoop.ozone.container.common.volume.HddsVolume@26582ca
2019-08-29 08:33:24,603 [main] INFO  volume.HddsVolumeChecker (HddsVolumeChecker.java:checkAllVolumes(203)) - Scheduled health check for volume org.apache.hadoop.ozone.container.common.volume.HddsVolume@26582ca
2019-08-29 08:33:24,696 [main] INFO  impl.RaftServerProxy (ConfUtils.java:logGet(43)) - raft.rpc.type = GRPC (default)
2019-08-29 08:33:24,697 [main] INFO  grpc.GrpcFactory (GrpcFactory.java:checkPooledByteBufAllocatorUseCacheForAllThreads(45)) - PERFORMANCE WARNING: useCacheForAllThreads is true that may cause Netty to create a lot garbage objects and, as a result, trigger GC.
	It is recommended to disable useCacheForAllThreads by setting -Dorg.apache.ratis.thirdparty.io.netty.allocator.useCacheForAllThreads=false in command line.
2019-08-29 08:33:24,697 [main] INFO  grpc.GrpcConfigKeys$Server (ConfUtils.java:logGet(43)) - raft.grpc.server.port = 0 (default)
2019-08-29 08:33:24,697 [main] INFO  server.GrpcService (ConfUtils.java:logGet(43)) - raft.grpc.message.size.max = 33570816 (custom)
2019-08-29 08:33:24,698 [main] INFO  server.RaftServerConfigKeys (ConfUtils.java:logGet(43)) - raft.server.log.appender.buffer.byte-limit = 33554432 (custom)
2019-08-29 08:33:24,698 [main] INFO  server.GrpcService (ConfUtils.java:logGet(43)) - raft.grpc.flow.control.window = 1MB (=1048576) (default)
2019-08-29 08:33:24,698 [main] INFO  server.RaftServerConfigKeys (ConfUtils.java:logGet(43)) - raft.server.rpc.request.timeout = 3000ms (default)
2019-08-29 08:33:24,699 [main] INFO  server.RaftServerConfigKeys (ConfUtils.java:logGet(43)) - raft.server.storage.dir = [/workdir/hadoop-ozone/integration-test/target/test-dir/MiniOzoneClusterImpl-839c4a83-1072-4184-a39a-41aa01fb846d/datanode-1/data/ratis] (custom)
2019-08-29 08:33:24,699 [main] INFO  replication.SimpleContainerDownloader (SimpleContainerDownloader.java:<init>(72)) - Starting container downloader service to copy containers to replicate.
2019-08-29 08:33:24,700 [main] INFO  hdfs.DFSUtil (DFSUtil.java:httpServerTemplateForNNAndJN(1641)) - Starting Web-server for hddsDatanode at: http://0.0.0.0:0
2019-08-29 08:33:24,702 [main] INFO  server.AuthenticationFilter (AuthenticationFilter.java:constructSecretProvider(240)) - Unable to initialize FileSignerSecretProvider, falling back to use random secrets.
2019-08-29 08:33:24,703 [main] WARN  http.HttpRequestLog (HttpRequestLog.java:getRequestLog(97)) - Jetty request log can only be enabled using Log4j
2019-08-29 08:33:24,704 [main] INFO  http.HttpServer2 (HttpServer2.java:addGlobalFilter(975)) - Added global filter 'safety' (class=org.apache.hadoop.http.HttpServer2$QuotingInputFilter)
2019-08-29 08:33:24,705 [main] INFO  http.HttpServer2 (HttpServer2.java:addFilter(948)) - Added filter static_user_filter (class=org.apache.hadoop.http.lib.StaticUserWebFilter$StaticUserFilter) to context hddsDatanode
2019-08-29 08:33:24,705 [main] INFO  http.HttpServer2 (HttpServer2.java:addFilter(958)) - Added filter static_user_filter (class=org.apache.hadoop.http.lib.StaticUserWebFilter$StaticUserFilter) to context static
2019-08-29 08:33:24,705 [main] INFO  http.HttpServer2 (HttpServer2.java:addFilter(958)) - Added filter static_user_filter (class=org.apache.hadoop.http.lib.StaticUserWebFilter$StaticUserFilter) to context logs
2019-08-29 08:33:24,706 [main] INFO  http.HttpServer2 (HttpServer2.java:bindListener(1191)) - Jetty bound to port 41767
2019-08-29 08:33:24,706 [main] INFO  server.Server (Server.java:doStart(351)) - jetty-9.3.24.v20180605, build timestamp: 2018-06-05T17:11:56Z, git hash: 84205aa28f11a4f31f2a3b86d1bba2cc8ab69827
2019-08-29 08:33:24,712 [main] INFO  handler.ContextHandler (ContextHandler.java:doStart(781)) - Started o.e.j.s.ServletContextHandler@43d65a81{/logs,file:///workdir/hadoop-ozone/integration-test/target/log,AVAILABLE}
2019-08-29 08:33:24,713 [main] INFO  handler.ContextHandler (ContextHandler.java:doStart(781)) - Started o.e.j.s.ServletContextHandler@7418d76e{/static,jar:file:/home/user/.m2/repository/org/apache/hadoop/hadoop-hdds-container-service/0.5.0-SNAPSHOT/hadoop-hdds-container-service-0.5.0-SNAPSHOT.jar!/webapps/static,AVAILABLE}
2019-08-29 08:33:24,730 [Datanode State Machine Thread - 0] INFO  datanode.InitDatanodeState (InitDatanodeState.java:persistContainerDatanodeDetails(140)) - DatanodeDetails is persisted to /workdir/hadoop-ozone/integration-test/target/test-dir/MiniOzoneClusterImpl-839c4a83-1072-4184-a39a-41aa01fb846d/datanode-0/meta/datanode.id
2019-08-29 08:33:24,755 [main] INFO  handler.ContextHandler (ContextHandler.java:doStart(781)) - Started o.e.j.w.WebAppContext@22a260ff{/,file:///tmp/jetty-0.0.0.0-41767-hddsDatanode-_-any-473212015158188681.dir/webapp/,AVAILABLE}{/hddsDatanode}
2019-08-29 08:33:24,756 [main] INFO  server.AbstractConnector (AbstractConnector.java:doStart(278)) - Started ServerConnector@54c425b1{HTTP/1.1,[http/1.1]}{0.0.0.0:41767}
2019-08-29 08:33:24,757 [main] INFO  server.Server (Server.java:doStart(419)) - Started @7528ms
2019-08-29 08:33:24,758 [main] INFO  server.BaseHttpServer (BaseHttpServer.java:updateConnectorAddress(213)) - HTTP server of HDDSDATANODE is listening at http://0.0.0.0:41767
2019-08-29 08:33:24,924 | INFO  | ObjectStoreRestHttpServer | Listening HDDS REST traffic on /0.0.0.0:38270 |  
2019-08-29 08:33:24,925 [main] INFO  ozone.HddsDatanodeService (HddsDatanodeService.java:startPlugins(395)) - Started plug-in org.apache.hadoop.ozone.web.OzoneHddsDatanodeService@b30a50d
2019-08-29 08:33:24,925 [main] INFO  impl.MetricsSystemImpl (MetricsSystemImpl.java:init(158)) - HddsDatanode metrics system started (again)
2019-08-29 08:33:24,927 [org.apache.hadoop.util.JvmPauseMonitor$Monitor@26a1f50e] INFO  util.JvmPauseMonitor (JvmPauseMonitor.java:run(188)) - Starting JVM pause monitor
2019-08-29 08:33:24,928 [main] INFO  ozone.HddsDatanodeService (HddsDatanodeService.java:start(184)) - HddsDatanodeService host:pr-hdds-1569-7rqkn-550228749 ip:192.168.69.89
2019-08-29 08:33:24,936 [main] INFO  volume.HddsVolume (HddsVolume.java:<init>(176)) - Creating Volume: /workdir/hadoop-ozone/integration-test/target/test-dir/MiniOzoneClusterImpl-839c4a83-1072-4184-a39a-41aa01fb846d/datanode-2/data/containers/hdds of  storage type : DISK and capacity : 1482555576320
2019-08-29 08:33:24,946 [main] INFO  volume.VolumeSet (VolumeSet.java:initializeVolumeSet(170)) - Added Volume : /workdir/hadoop-ozone/integration-test/target/test-dir/MiniOzoneClusterImpl-839c4a83-1072-4184-a39a-41aa01fb846d/datanode-2/data/containers/hdds to VolumeSet
2019-08-29 08:33:24,947 [main] INFO  volume.ThrottledAsyncChecker (ThrottledAsyncChecker.java:schedule(140)) - Scheduling a check for org.apache.hadoop.ozone.container.common.volume.HddsVolume@5a14e60d
2019-08-29 08:33:24,948 [main] INFO  volume.HddsVolumeChecker (HddsVolumeChecker.java:checkAllVolumes(203)) - Scheduled health check for volume org.apache.hadoop.ozone.container.common.volume.HddsVolume@5a14e60d
2019-08-29 08:33:24,949 [Datanode State Machine Thread - 0] INFO  datanode.InitDatanodeState (InitDatanodeState.java:persistContainerDatanodeDetails(140)) - DatanodeDetails is persisted to /workdir/hadoop-ozone/integration-test/target/test-dir/MiniOzoneClusterImpl-839c4a83-1072-4184-a39a-41aa01fb846d/datanode-1/meta/datanode.id
2019-08-29 08:33:24,964 [main] INFO  impl.RaftServerProxy (ConfUtils.java:logGet(43)) - raft.rpc.type = GRPC (default)
2019-08-29 08:33:24,965 [main] INFO  grpc.GrpcFactory (GrpcFactory.java:checkPooledByteBufAllocatorUseCacheForAllThreads(45)) - PERFORMANCE WARNING: useCacheForAllThreads is true that may cause Netty to create a lot garbage objects and, as a result, trigger GC.
	It is recommended to disable useCacheForAllThreads by setting -Dorg.apache.ratis.thirdparty.io.netty.allocator.useCacheForAllThreads=false in command line.
2019-08-29 08:33:24,965 [main] INFO  grpc.GrpcConfigKeys$Server (ConfUtils.java:logGet(43)) - raft.grpc.server.port = 0 (default)
2019-08-29 08:33:24,965 [main] INFO  server.GrpcService (ConfUtils.java:logGet(43)) - raft.grpc.message.size.max = 33570816 (custom)
2019-08-29 08:33:24,965 [main] INFO  server.RaftServerConfigKeys (ConfUtils.java:logGet(43)) - raft.server.log.appender.buffer.byte-limit = 33554432 (custom)
2019-08-29 08:33:24,966 [main] INFO  server.GrpcService (ConfUtils.java:logGet(43)) - raft.grpc.flow.control.window = 1MB (=1048576) (default)
2019-08-29 08:33:24,966 [main] INFO  server.RaftServerConfigKeys (ConfUtils.java:logGet(43)) - raft.server.rpc.request.timeout = 3000ms (default)
2019-08-29 08:33:24,967 [main] INFO  server.RaftServerConfigKeys (ConfUtils.java:logGet(43)) - raft.server.storage.dir = [/workdir/hadoop-ozone/integration-test/target/test-dir/MiniOzoneClusterImpl-839c4a83-1072-4184-a39a-41aa01fb846d/datanode-2/data/ratis] (custom)
2019-08-29 08:33:24,967 [main] INFO  replication.SimpleContainerDownloader (SimpleContainerDownloader.java:<init>(72)) - Starting container downloader service to copy containers to replicate.
2019-08-29 08:33:24,969 [main] INFO  hdfs.DFSUtil (DFSUtil.java:httpServerTemplateForNNAndJN(1641)) - Starting Web-server for hddsDatanode at: http://0.0.0.0:0
2019-08-29 08:33:24,970 [main] INFO  server.AuthenticationFilter (AuthenticationFilter.java:constructSecretProvider(240)) - Unable to initialize FileSignerSecretProvider, falling back to use random secrets.
2019-08-29 08:33:24,970 [main] WARN  http.HttpRequestLog (HttpRequestLog.java:getRequestLog(97)) - Jetty request log can only be enabled using Log4j
2019-08-29 08:33:24,972 [main] INFO  http.HttpServer2 (HttpServer2.java:addGlobalFilter(975)) - Added global filter 'safety' (class=org.apache.hadoop.http.HttpServer2$QuotingInputFilter)
2019-08-29 08:33:24,973 [main] INFO  http.HttpServer2 (HttpServer2.java:addFilter(948)) - Added filter static_user_filter (class=org.apache.hadoop.http.lib.StaticUserWebFilter$StaticUserFilter) to context hddsDatanode
2019-08-29 08:33:24,973 [main] INFO  http.HttpServer2 (HttpServer2.java:addFilter(958)) - Added filter static_user_filter (class=org.apache.hadoop.http.lib.StaticUserWebFilter$StaticUserFilter) to context logs
2019-08-29 08:33:24,973 [main] INFO  http.HttpServer2 (HttpServer2.java:addFilter(958)) - Added filter static_user_filter (class=org.apache.hadoop.http.lib.StaticUserWebFilter$StaticUserFilter) to context static
2019-08-29 08:33:24,974 [main] INFO  http.HttpServer2 (HttpServer2.java:bindListener(1191)) - Jetty bound to port 36722
2019-08-29 08:33:24,974 [main] INFO  server.Server (Server.java:doStart(351)) - jetty-9.3.24.v20180605, build timestamp: 2018-06-05T17:11:56Z, git hash: 84205aa28f11a4f31f2a3b86d1bba2cc8ab69827
2019-08-29 08:33:24,975 [main] INFO  handler.ContextHandler (ContextHandler.java:doStart(781)) - Started o.e.j.s.ServletContextHandler@7abeabe9{/logs,file:///workdir/hadoop-ozone/integration-test/target/log,AVAILABLE}
2019-08-29 08:33:24,976 [main] INFO  handler.ContextHandler (ContextHandler.java:doStart(781)) - Started o.e.j.s.ServletContextHandler@1b52699c{/static,jar:file:/home/user/.m2/repository/org/apache/hadoop/hadoop-hdds-container-service/0.5.0-SNAPSHOT/hadoop-hdds-container-service-0.5.0-SNAPSHOT.jar!/webapps/static,AVAILABLE}
2019-08-29 08:33:25,005 [main] INFO  handler.ContextHandler (ContextHandler.java:doStart(781)) - Started o.e.j.w.WebAppContext@340cb97f{/,file:///tmp/jetty-0.0.0.0-36722-hddsDatanode-_-any-270892722271193770.dir/webapp/,AVAILABLE}{/hddsDatanode}
2019-08-29 08:33:25,006 [main] INFO  server.AbstractConnector (AbstractConnector.java:doStart(278)) - Started ServerConnector@6a1568d6{HTTP/1.1,[http/1.1]}{0.0.0.0:36722}
2019-08-29 08:33:25,006 [main] INFO  server.Server (Server.java:doStart(419)) - Started @7777ms
2019-08-29 08:33:25,007 [main] INFO  server.BaseHttpServer (BaseHttpServer.java:updateConnectorAddress(213)) - HTTP server of HDDSDATANODE is listening at http://0.0.0.0:36722
2019-08-29 08:33:25,152 | INFO  | ObjectStoreRestHttpServer | Listening HDDS REST traffic on /0.0.0.0:43948 |  
2019-08-29 08:33:25,152 [main] INFO  ozone.HddsDatanodeService (HddsDatanodeService.java:startPlugins(395)) - Started plug-in org.apache.hadoop.ozone.web.OzoneHddsDatanodeService@5e905f2c
2019-08-29 08:33:25,153 [main] INFO  impl.MetricsSystemImpl (MetricsSystemImpl.java:init(158)) - HddsDatanode metrics system started (again)
2019-08-29 08:33:25,155 [org.apache.hadoop.util.JvmPauseMonitor$Monitor@6c1d21ef] INFO  util.JvmPauseMonitor (JvmPauseMonitor.java:run(188)) - Starting JVM pause monitor
2019-08-29 08:33:25,156 [main] INFO  ozone.HddsDatanodeService (HddsDatanodeService.java:start(184)) - HddsDatanodeService host:pr-hdds-1569-7rqkn-550228749 ip:192.168.69.89
2019-08-29 08:33:25,157 [Datanode State Machine Thread - 0] INFO  datanode.InitDatanodeState (InitDatanodeState.java:persistContainerDatanodeDetails(140)) - DatanodeDetails is persisted to /workdir/hadoop-ozone/integration-test/target/test-dir/MiniOzoneClusterImpl-839c4a83-1072-4184-a39a-41aa01fb846d/datanode-2/meta/datanode.id
2019-08-29 08:33:25,162 [main] INFO  volume.HddsVolume (HddsVolume.java:<init>(176)) - Creating Volume: /workdir/hadoop-ozone/integration-test/target/test-dir/MiniOzoneClusterImpl-839c4a83-1072-4184-a39a-41aa01fb846d/datanode-3/data/containers/hdds of  storage type : DISK and capacity : 1482555576320
2019-08-29 08:33:25,162 [main] INFO  volume.VolumeSet (VolumeSet.java:initializeVolumeSet(170)) - Added Volume : /workdir/hadoop-ozone/integration-test/target/test-dir/MiniOzoneClusterImpl-839c4a83-1072-4184-a39a-41aa01fb846d/datanode-3/data/containers/hdds to VolumeSet
2019-08-29 08:33:25,162 [main] INFO  volume.ThrottledAsyncChecker (ThrottledAsyncChecker.java:schedule(140)) - Scheduling a check for org.apache.hadoop.ozone.container.common.volume.HddsVolume@52354202
2019-08-29 08:33:25,163 [main] INFO  volume.HddsVolumeChecker (HddsVolumeChecker.java:checkAllVolumes(203)) - Scheduled health check for volume org.apache.hadoop.ozone.container.common.volume.HddsVolume@52354202
2019-08-29 08:33:25,177 [main] INFO  impl.RaftServerProxy (ConfUtils.java:logGet(43)) - raft.rpc.type = GRPC (default)
2019-08-29 08:33:25,177 [main] INFO  grpc.GrpcFactory (GrpcFactory.java:checkPooledByteBufAllocatorUseCacheForAllThreads(45)) - PERFORMANCE WARNING: useCacheForAllThreads is true that may cause Netty to create a lot garbage objects and, as a result, trigger GC.
	It is recommended to disable useCacheForAllThreads by setting -Dorg.apache.ratis.thirdparty.io.netty.allocator.useCacheForAllThreads=false in command line.
2019-08-29 08:33:25,177 [main] INFO  grpc.GrpcConfigKeys$Server (ConfUtils.java:logGet(43)) - raft.grpc.server.port = 0 (default)
2019-08-29 08:33:25,178 [main] INFO  server.GrpcService (ConfUtils.java:logGet(43)) - raft.grpc.message.size.max = 33570816 (custom)
2019-08-29 08:33:25,178 [main] INFO  server.RaftServerConfigKeys (ConfUtils.java:logGet(43)) - raft.server.log.appender.buffer.byte-limit = 33554432 (custom)
2019-08-29 08:33:25,178 [main] INFO  server.GrpcService (ConfUtils.java:logGet(43)) - raft.grpc.flow.control.window = 1MB (=1048576) (default)
2019-08-29 08:33:25,178 [main] INFO  server.RaftServerConfigKeys (ConfUtils.java:logGet(43)) - raft.server.rpc.request.timeout = 3000ms (default)
2019-08-29 08:33:25,179 [main] INFO  server.RaftServerConfigKeys (ConfUtils.java:logGet(43)) - raft.server.storage.dir = [/workdir/hadoop-ozone/integration-test/target/test-dir/MiniOzoneClusterImpl-839c4a83-1072-4184-a39a-41aa01fb846d/datanode-3/data/ratis] (custom)
2019-08-29 08:33:25,179 [main] INFO  replication.SimpleContainerDownloader (SimpleContainerDownloader.java:<init>(72)) - Starting container downloader service to copy containers to replicate.
2019-08-29 08:33:25,181 [main] INFO  hdfs.DFSUtil (DFSUtil.java:httpServerTemplateForNNAndJN(1641)) - Starting Web-server for hddsDatanode at: http://0.0.0.0:0
2019-08-29 08:33:25,183 [main] INFO  server.AuthenticationFilter (AuthenticationFilter.java:constructSecretProvider(240)) - Unable to initialize FileSignerSecretProvider, falling back to use random secrets.
2019-08-29 08:33:25,184 [main] WARN  http.HttpRequestLog (HttpRequestLog.java:getRequestLog(97)) - Jetty request log can only be enabled using Log4j
2019-08-29 08:33:25,186 [main] INFO  http.HttpServer2 (HttpServer2.java:addGlobalFilter(975)) - Added global filter 'safety' (class=org.apache.hadoop.http.HttpServer2$QuotingInputFilter)
2019-08-29 08:33:25,187 [main] INFO  http.HttpServer2 (HttpServer2.java:addFilter(948)) - Added filter static_user_filter (class=org.apache.hadoop.http.lib.StaticUserWebFilter$StaticUserFilter) to context hddsDatanode
2019-08-29 08:33:25,188 [main] INFO  http.HttpServer2 (HttpServer2.java:addFilter(958)) - Added filter static_user_filter (class=org.apache.hadoop.http.lib.StaticUserWebFilter$StaticUserFilter) to context logs
2019-08-29 08:33:25,188 [main] INFO  http.HttpServer2 (HttpServer2.java:addFilter(958)) - Added filter static_user_filter (class=org.apache.hadoop.http.lib.StaticUserWebFilter$StaticUserFilter) to context static
2019-08-29 08:33:25,189 [main] INFO  http.HttpServer2 (HttpServer2.java:bindListener(1191)) - Jetty bound to port 45256
2019-08-29 08:33:25,189 [main] INFO  server.Server (Server.java:doStart(351)) - jetty-9.3.24.v20180605, build timestamp: 2018-06-05T17:11:56Z, git hash: 84205aa28f11a4f31f2a3b86d1bba2cc8ab69827
2019-08-29 08:33:25,194 [main] INFO  handler.ContextHandler (ContextHandler.java:doStart(781)) - Started o.e.j.s.ServletContextHandler@5a2ae1ab{/logs,file:///workdir/hadoop-ozone/integration-test/target/log,AVAILABLE}
2019-08-29 08:33:25,194 [main] INFO  handler.ContextHandler (ContextHandler.java:doStart(781)) - Started o.e.j.s.ServletContextHandler@7d59e968{/static,jar:file:/home/user/.m2/repository/org/apache/hadoop/hadoop-hdds-container-service/0.5.0-SNAPSHOT/hadoop-hdds-container-service-0.5.0-SNAPSHOT.jar!/webapps/static,AVAILABLE}
2019-08-29 08:33:25,234 [main] INFO  handler.ContextHandler (ContextHandler.java:doStart(781)) - Started o.e.j.w.WebAppContext@26da1ba2{/,file:///tmp/jetty-0.0.0.0-45256-hddsDatanode-_-any-5701423491911495255.dir/webapp/,AVAILABLE}{/hddsDatanode}
2019-08-29 08:33:25,235 [main] INFO  server.AbstractConnector (AbstractConnector.java:doStart(278)) - Started ServerConnector@3820cfe{HTTP/1.1,[http/1.1]}{0.0.0.0:45256}
2019-08-29 08:33:25,236 [main] INFO  server.Server (Server.java:doStart(419)) - Started @8006ms
2019-08-29 08:33:25,236 [main] INFO  server.BaseHttpServer (BaseHttpServer.java:updateConnectorAddress(213)) - HTTP server of HDDSDATANODE is listening at http://0.0.0.0:45256
2019-08-29 08:33:25,409 | INFO  | ObjectStoreRestHttpServer | Listening HDDS REST traffic on /0.0.0.0:34240 |  
2019-08-29 08:33:25,409 [main] INFO  ozone.HddsDatanodeService (HddsDatanodeService.java:startPlugins(395)) - Started plug-in org.apache.hadoop.ozone.web.OzoneHddsDatanodeService@1e495414
2019-08-29 08:33:25,410 [main] INFO  impl.MetricsSystemImpl (MetricsSystemImpl.java:init(158)) - HddsDatanode metrics system started (again)
2019-08-29 08:33:25,413 [org.apache.hadoop.util.JvmPauseMonitor$Monitor@14917603] INFO  util.JvmPauseMonitor (JvmPauseMonitor.java:run(188)) - Starting JVM pause monitor
2019-08-29 08:33:25,414 [main] INFO  ozone.HddsDatanodeService (HddsDatanodeService.java:start(184)) - HddsDatanodeService host:pr-hdds-1569-7rqkn-550228749 ip:192.168.69.89
2019-08-29 08:33:25,415 [Datanode State Machine Thread - 0] INFO  datanode.InitDatanodeState (InitDatanodeState.java:persistContainerDatanodeDetails(140)) - DatanodeDetails is persisted to /workdir/hadoop-ozone/integration-test/target/test-dir/MiniOzoneClusterImpl-839c4a83-1072-4184-a39a-41aa01fb846d/datanode-3/meta/datanode.id
2019-08-29 08:33:25,428 [main] INFO  volume.HddsVolume (HddsVolume.java:<init>(176)) - Creating Volume: /workdir/hadoop-ozone/integration-test/target/test-dir/MiniOzoneClusterImpl-839c4a83-1072-4184-a39a-41aa01fb846d/datanode-4/data/containers/hdds of  storage type : DISK and capacity : 1482555576320
2019-08-29 08:33:25,429 [main] INFO  volume.VolumeSet (VolumeSet.java:initializeVolumeSet(170)) - Added Volume : /workdir/hadoop-ozone/integration-test/target/test-dir/MiniOzoneClusterImpl-839c4a83-1072-4184-a39a-41aa01fb846d/datanode-4/data/containers/hdds to VolumeSet
2019-08-29 08:33:25,429 [main] INFO  volume.ThrottledAsyncChecker (ThrottledAsyncChecker.java:schedule(140)) - Scheduling a check for org.apache.hadoop.ozone.container.common.volume.HddsVolume@b06d46d
2019-08-29 08:33:25,430 [main] INFO  volume.HddsVolumeChecker (HddsVolumeChecker.java:checkAllVolumes(203)) - Scheduled health check for volume org.apache.hadoop.ozone.container.common.volume.HddsVolume@b06d46d
2019-08-29 08:33:25,447 [main] INFO  impl.RaftServerProxy (ConfUtils.java:logGet(43)) - raft.rpc.type = GRPC (default)
2019-08-29 08:33:25,447 [main] INFO  grpc.GrpcFactory (GrpcFactory.java:checkPooledByteBufAllocatorUseCacheForAllThreads(45)) - PERFORMANCE WARNING: useCacheForAllThreads is true that may cause Netty to create a lot garbage objects and, as a result, trigger GC.
	It is recommended to disable useCacheForAllThreads by setting -Dorg.apache.ratis.thirdparty.io.netty.allocator.useCacheForAllThreads=false in command line.
2019-08-29 08:33:25,447 [main] INFO  grpc.GrpcConfigKeys$Server (ConfUtils.java:logGet(43)) - raft.grpc.server.port = 0 (default)
2019-08-29 08:33:25,448 [main] INFO  server.GrpcService (ConfUtils.java:logGet(43)) - raft.grpc.message.size.max = 33570816 (custom)
2019-08-29 08:33:25,448 [main] INFO  server.RaftServerConfigKeys (ConfUtils.java:logGet(43)) - raft.server.log.appender.buffer.byte-limit = 33554432 (custom)
2019-08-29 08:33:25,448 [main] INFO  server.GrpcService (ConfUtils.java:logGet(43)) - raft.grpc.flow.control.window = 1MB (=1048576) (default)
2019-08-29 08:33:25,449 [main] INFO  server.RaftServerConfigKeys (ConfUtils.java:logGet(43)) - raft.server.rpc.request.timeout = 3000ms (default)
2019-08-29 08:33:25,449 [main] INFO  server.RaftServerConfigKeys (ConfUtils.java:logGet(43)) - raft.server.storage.dir = [/workdir/hadoop-ozone/integration-test/target/test-dir/MiniOzoneClusterImpl-839c4a83-1072-4184-a39a-41aa01fb846d/datanode-4/data/ratis] (custom)
2019-08-29 08:33:25,450 [main] INFO  replication.SimpleContainerDownloader (SimpleContainerDownloader.java:<init>(72)) - Starting container downloader service to copy containers to replicate.
2019-08-29 08:33:25,452 [main] INFO  hdfs.DFSUtil (DFSUtil.java:httpServerTemplateForNNAndJN(1641)) - Starting Web-server for hddsDatanode at: http://0.0.0.0:0
2019-08-29 08:33:25,454 [main] INFO  server.AuthenticationFilter (AuthenticationFilter.java:constructSecretProvider(240)) - Unable to initialize FileSignerSecretProvider, falling back to use random secrets.
2019-08-29 08:33:25,454 [main] WARN  http.HttpRequestLog (HttpRequestLog.java:getRequestLog(97)) - Jetty request log can only be enabled using Log4j
2019-08-29 08:33:25,456 [main] INFO  http.HttpServer2 (HttpServer2.java:addGlobalFilter(975)) - Added global filter 'safety' (class=org.apache.hadoop.http.HttpServer2$QuotingInputFilter)
2019-08-29 08:33:25,457 [main] INFO  http.HttpServer2 (HttpServer2.java:addFilter(948)) - Added filter static_user_filter (class=org.apache.hadoop.http.lib.StaticUserWebFilter$StaticUserFilter) to context hddsDatanode
2019-08-29 08:33:25,457 [main] INFO  http.HttpServer2 (HttpServer2.java:addFilter(958)) - Added filter static_user_filter (class=org.apache.hadoop.http.lib.StaticUserWebFilter$StaticUserFilter) to context static
2019-08-29 08:33:25,458 [main] INFO  http.HttpServer2 (HttpServer2.java:addFilter(958)) - Added filter static_user_filter (class=org.apache.hadoop.http.lib.StaticUserWebFilter$StaticUserFilter) to context logs
2019-08-29 08:33:25,458 [main] INFO  http.HttpServer2 (HttpServer2.java:bindListener(1191)) - Jetty bound to port 34475
2019-08-29 08:33:25,459 [main] INFO  server.Server (Server.java:doStart(351)) - jetty-9.3.24.v20180605, build timestamp: 2018-06-05T17:11:56Z, git hash: 84205aa28f11a4f31f2a3b86d1bba2cc8ab69827
2019-08-29 08:33:25,461 [main] INFO  handler.ContextHandler (ContextHandler.java:doStart(781)) - Started o.e.j.s.ServletContextHandler@7a36c83a{/logs,file:///workdir/hadoop-ozone/integration-test/target/log,AVAILABLE}
2019-08-29 08:33:25,462 [main] INFO  handler.ContextHandler (ContextHandler.java:doStart(781)) - Started o.e.j.s.ServletContextHandler@7b297740{/static,jar:file:/home/user/.m2/repository/org/apache/hadoop/hadoop-hdds-container-service/0.5.0-SNAPSHOT/hadoop-hdds-container-service-0.5.0-SNAPSHOT.jar!/webapps/static,AVAILABLE}
2019-08-29 08:33:25,493 [main] INFO  handler.ContextHandler (ContextHandler.java:doStart(781)) - Started o.e.j.w.WebAppContext@48f2054d{/,file:///tmp/jetty-0.0.0.0-34475-hddsDatanode-_-any-7279295079066622794.dir/webapp/,AVAILABLE}{/hddsDatanode}
2019-08-29 08:33:25,495 [main] INFO  server.AbstractConnector (AbstractConnector.java:doStart(278)) - Started ServerConnector@4b3a01d8{HTTP/1.1,[http/1.1]}{0.0.0.0:34475}
2019-08-29 08:33:25,495 [main] INFO  server.Server (Server.java:doStart(419)) - Started @8266ms
2019-08-29 08:33:25,496 [main] INFO  server.BaseHttpServer (BaseHttpServer.java:updateConnectorAddress(213)) - HTTP server of HDDSDATANODE is listening at http://0.0.0.0:34475
2019-08-29 08:33:25,644 | INFO  | ObjectStoreRestHttpServer | Listening HDDS REST traffic on /0.0.0.0:40923 |  
2019-08-29 08:33:25,644 [main] INFO  ozone.HddsDatanodeService (HddsDatanodeService.java:startPlugins(395)) - Started plug-in org.apache.hadoop.ozone.web.OzoneHddsDatanodeService@2e4eda17
2019-08-29 08:33:25,644 [main] INFO  impl.MetricsSystemImpl (MetricsSystemImpl.java:init(158)) - HddsDatanode metrics system started (again)
2019-08-29 08:33:25,647 [org.apache.hadoop.util.JvmPauseMonitor$Monitor@788f0b81] INFO  util.JvmPauseMonitor (JvmPauseMonitor.java:run(188)) - Starting JVM pause monitor
2019-08-29 08:33:25,648 [main] INFO  ozone.HddsDatanodeService (HddsDatanodeService.java:start(184)) - HddsDatanodeService host:pr-hdds-1569-7rqkn-550228749 ip:192.168.69.89
2019-08-29 08:33:25,649 [Datanode State Machine Thread - 0] INFO  datanode.InitDatanodeState (InitDatanodeState.java:persistContainerDatanodeDetails(140)) - DatanodeDetails is persisted to /workdir/hadoop-ozone/integration-test/target/test-dir/MiniOzoneClusterImpl-839c4a83-1072-4184-a39a-41aa01fb846d/datanode-4/meta/datanode.id
2019-08-29 08:33:25,656 [main] INFO  volume.HddsVolume (HddsVolume.java:<init>(176)) - Creating Volume: /workdir/hadoop-ozone/integration-test/target/test-dir/MiniOzoneClusterImpl-839c4a83-1072-4184-a39a-41aa01fb846d/datanode-5/data/containers/hdds of  storage type : DISK and capacity : 1482555576320
2019-08-29 08:33:25,656 [main] INFO  volume.VolumeSet (VolumeSet.java:initializeVolumeSet(170)) - Added Volume : /workdir/hadoop-ozone/integration-test/target/test-dir/MiniOzoneClusterImpl-839c4a83-1072-4184-a39a-41aa01fb846d/datanode-5/data/containers/hdds to VolumeSet
2019-08-29 08:33:25,656 [main] INFO  volume.ThrottledAsyncChecker (ThrottledAsyncChecker.java:schedule(140)) - Scheduling a check for org.apache.hadoop.ozone.container.common.volume.HddsVolume@49cc9b2a
2019-08-29 08:33:25,657 [main] INFO  volume.HddsVolumeChecker (HddsVolumeChecker.java:checkAllVolumes(203)) - Scheduled health check for volume org.apache.hadoop.ozone.container.common.volume.HddsVolume@49cc9b2a
2019-08-29 08:33:25,671 [main] INFO  impl.RaftServerProxy (ConfUtils.java:logGet(43)) - raft.rpc.type = GRPC (default)
2019-08-29 08:33:25,672 [main] INFO  grpc.GrpcFactory (GrpcFactory.java:checkPooledByteBufAllocatorUseCacheForAllThreads(45)) - PERFORMANCE WARNING: useCacheForAllThreads is true that may cause Netty to create a lot garbage objects and, as a result, trigger GC.
	It is recommended to disable useCacheForAllThreads by setting -Dorg.apache.ratis.thirdparty.io.netty.allocator.useCacheForAllThreads=false in command line.
2019-08-29 08:33:25,672 [main] INFO  grpc.GrpcConfigKeys$Server (ConfUtils.java:logGet(43)) - raft.grpc.server.port = 0 (default)
2019-08-29 08:33:25,672 [main] INFO  server.GrpcService (ConfUtils.java:logGet(43)) - raft.grpc.message.size.max = 33570816 (custom)
2019-08-29 08:33:25,672 [main] INFO  server.RaftServerConfigKeys (ConfUtils.java:logGet(43)) - raft.server.log.appender.buffer.byte-limit = 33554432 (custom)
2019-08-29 08:33:25,673 [main] INFO  server.GrpcService (ConfUtils.java:logGet(43)) - raft.grpc.flow.control.window = 1MB (=1048576) (default)
2019-08-29 08:33:25,673 [main] INFO  server.RaftServerConfigKeys (ConfUtils.java:logGet(43)) - raft.server.rpc.request.timeout = 3000ms (default)
2019-08-29 08:33:25,673 [main] INFO  server.RaftServerConfigKeys (ConfUtils.java:logGet(43)) - raft.server.storage.dir = [/workdir/hadoop-ozone/integration-test/target/test-dir/MiniOzoneClusterImpl-839c4a83-1072-4184-a39a-41aa01fb846d/datanode-5/data/ratis] (custom)
2019-08-29 08:33:25,674 [main] INFO  replication.SimpleContainerDownloader (SimpleContainerDownloader.java:<init>(72)) - Starting container downloader service to copy containers to replicate.
2019-08-29 08:33:25,675 [main] INFO  hdfs.DFSUtil (DFSUtil.java:httpServerTemplateForNNAndJN(1641)) - Starting Web-server for hddsDatanode at: http://0.0.0.0:0
2019-08-29 08:33:25,676 [main] INFO  server.AuthenticationFilter (AuthenticationFilter.java:constructSecretProvider(240)) - Unable to initialize FileSignerSecretProvider, falling back to use random secrets.
2019-08-29 08:33:25,677 [main] WARN  http.HttpRequestLog (HttpRequestLog.java:getRequestLog(97)) - Jetty request log can only be enabled using Log4j
2019-08-29 08:33:25,678 [main] INFO  http.HttpServer2 (HttpServer2.java:addGlobalFilter(975)) - Added global filter 'safety' (class=org.apache.hadoop.http.HttpServer2$QuotingInputFilter)
2019-08-29 08:33:25,679 [main] INFO  http.HttpServer2 (HttpServer2.java:addFilter(948)) - Added filter static_user_filter (class=org.apache.hadoop.http.lib.StaticUserWebFilter$StaticUserFilter) to context hddsDatanode
2019-08-29 08:33:25,679 [main] INFO  http.HttpServer2 (HttpServer2.java:addFilter(958)) - Added filter static_user_filter (class=org.apache.hadoop.http.lib.StaticUserWebFilter$StaticUserFilter) to context static
2019-08-29 08:33:25,679 [main] INFO  http.HttpServer2 (HttpServer2.java:addFilter(958)) - Added filter static_user_filter (class=org.apache.hadoop.http.lib.StaticUserWebFilter$StaticUserFilter) to context logs
2019-08-29 08:33:25,680 [main] INFO  http.HttpServer2 (HttpServer2.java:bindListener(1191)) - Jetty bound to port 35984
2019-08-29 08:33:25,680 [main] INFO  server.Server (Server.java:doStart(351)) - jetty-9.3.24.v20180605, build timestamp: 2018-06-05T17:11:56Z, git hash: 84205aa28f11a4f31f2a3b86d1bba2cc8ab69827
2019-08-29 08:33:25,682 [main] INFO  handler.ContextHandler (ContextHandler.java:doStart(781)) - Started o.e.j.s.ServletContextHandler@29bd85db{/logs,file:///workdir/hadoop-ozone/integration-test/target/log,AVAILABLE}
2019-08-29 08:33:25,682 [main] INFO  handler.ContextHandler (ContextHandler.java:doStart(781)) - Started o.e.j.s.ServletContextHandler@5c234920{/static,jar:file:/home/user/.m2/repository/org/apache/hadoop/hadoop-hdds-container-service/0.5.0-SNAPSHOT/hadoop-hdds-container-service-0.5.0-SNAPSHOT.jar!/webapps/static,AVAILABLE}
2019-08-29 08:33:25,710 [main] INFO  handler.ContextHandler (ContextHandler.java:doStart(781)) - Started o.e.j.w.WebAppContext@424f02b8{/,file:///tmp/jetty-0.0.0.0-35984-hddsDatanode-_-any-3112578176593171338.dir/webapp/,AVAILABLE}{/hddsDatanode}
2019-08-29 08:33:25,712 [main] INFO  server.AbstractConnector (AbstractConnector.java:doStart(278)) - Started ServerConnector@2ad7bd26{HTTP/1.1,[http/1.1]}{0.0.0.0:35984}
2019-08-29 08:33:25,712 [main] INFO  server.Server (Server.java:doStart(419)) - Started @8483ms
2019-08-29 08:33:25,714 [main] INFO  server.BaseHttpServer (BaseHttpServer.java:updateConnectorAddress(213)) - HTTP server of HDDSDATANODE is listening at http://0.0.0.0:35984
2019-08-29 08:33:25,943 | INFO  | ObjectStoreRestHttpServer | Listening HDDS REST traffic on /0.0.0.0:44168 |  
2019-08-29 08:33:25,943 [main] INFO  ozone.HddsDatanodeService (HddsDatanodeService.java:startPlugins(395)) - Started plug-in org.apache.hadoop.ozone.web.OzoneHddsDatanodeService@799c8758
2019-08-29 08:33:25,944 [main] INFO  impl.MetricsSystemImpl (MetricsSystemImpl.java:init(158)) - HddsDatanode metrics system started (again)
2019-08-29 08:33:25,947 [org.apache.hadoop.util.JvmPauseMonitor$Monitor@633a5a22] INFO  util.JvmPauseMonitor (JvmPauseMonitor.java:run(188)) - Starting JVM pause monitor
2019-08-29 08:33:25,947 [main] INFO  ozone.HddsDatanodeService (HddsDatanodeService.java:start(184)) - HddsDatanodeService host:pr-hdds-1569-7rqkn-550228749 ip:192.168.69.89
2019-08-29 08:33:25,949 [Datanode State Machine Thread - 0] INFO  datanode.InitDatanodeState (InitDatanodeState.java:persistContainerDatanodeDetails(140)) - DatanodeDetails is persisted to /workdir/hadoop-ozone/integration-test/target/test-dir/MiniOzoneClusterImpl-839c4a83-1072-4184-a39a-41aa01fb846d/datanode-5/meta/datanode.id
2019-08-29 08:33:25,954 [main] INFO  volume.HddsVolume (HddsVolume.java:<init>(176)) - Creating Volume: /workdir/hadoop-ozone/integration-test/target/test-dir/MiniOzoneClusterImpl-839c4a83-1072-4184-a39a-41aa01fb846d/datanode-6/data/containers/hdds of  storage type : DISK and capacity : 1482555576320
2019-08-29 08:33:25,954 [main] INFO  volume.VolumeSet (VolumeSet.java:initializeVolumeSet(170)) - Added Volume : /workdir/hadoop-ozone/integration-test/target/test-dir/MiniOzoneClusterImpl-839c4a83-1072-4184-a39a-41aa01fb846d/datanode-6/data/containers/hdds to VolumeSet
2019-08-29 08:33:25,954 [main] INFO  volume.ThrottledAsyncChecker (ThrottledAsyncChecker.java:schedule(140)) - Scheduling a check for org.apache.hadoop.ozone.container.common.volume.HddsVolume@7aae1170
2019-08-29 08:33:25,955 [main] INFO  volume.HddsVolumeChecker (HddsVolumeChecker.java:checkAllVolumes(203)) - Scheduled health check for volume org.apache.hadoop.ozone.container.common.volume.HddsVolume@7aae1170
2019-08-29 08:33:25,969 [main] INFO  impl.RaftServerProxy (ConfUtils.java:logGet(43)) - raft.rpc.type = GRPC (default)
2019-08-29 08:33:25,969 [main] INFO  grpc.GrpcFactory (GrpcFactory.java:checkPooledByteBufAllocatorUseCacheForAllThreads(45)) - PERFORMANCE WARNING: useCacheForAllThreads is true that may cause Netty to create a lot garbage objects and, as a result, trigger GC.
	It is recommended to disable useCacheForAllThreads by setting -Dorg.apache.ratis.thirdparty.io.netty.allocator.useCacheForAllThreads=false in command line.
2019-08-29 08:33:25,969 [main] INFO  grpc.GrpcConfigKeys$Server (ConfUtils.java:logGet(43)) - raft.grpc.server.port = 0 (default)
2019-08-29 08:33:25,969 [main] INFO  server.GrpcService (ConfUtils.java:logGet(43)) - raft.grpc.message.size.max = 33570816 (custom)
2019-08-29 08:33:25,969 [main] INFO  server.RaftServerConfigKeys (ConfUtils.java:logGet(43)) - raft.server.log.appender.buffer.byte-limit = 33554432 (custom)
2019-08-29 08:33:25,970 [main] INFO  server.GrpcService (ConfUtils.java:logGet(43)) - raft.grpc.flow.control.window = 1MB (=1048576) (default)
2019-08-29 08:33:25,970 [main] INFO  server.RaftServerConfigKeys (ConfUtils.java:logGet(43)) - raft.server.rpc.request.timeout = 3000ms (default)
2019-08-29 08:33:25,970 [main] INFO  server.RaftServerConfigKeys (ConfUtils.java:logGet(43)) - raft.server.storage.dir = [/workdir/hadoop-ozone/integration-test/target/test-dir/MiniOzoneClusterImpl-839c4a83-1072-4184-a39a-41aa01fb846d/datanode-6/data/ratis] (custom)
2019-08-29 08:33:25,971 [main] INFO  replication.SimpleContainerDownloader (SimpleContainerDownloader.java:<init>(72)) - Starting container downloader service to copy containers to replicate.
2019-08-29 08:33:25,972 [main] INFO  hdfs.DFSUtil (DFSUtil.java:httpServerTemplateForNNAndJN(1641)) - Starting Web-server for hddsDatanode at: http://0.0.0.0:0
2019-08-29 08:33:25,973 [main] INFO  server.AuthenticationFilter (AuthenticationFilter.java:constructSecretProvider(240)) - Unable to initialize FileSignerSecretProvider, falling back to use random secrets.
2019-08-29 08:33:25,974 [main] WARN  http.HttpRequestLog (HttpRequestLog.java:getRequestLog(97)) - Jetty request log can only be enabled using Log4j
2019-08-29 08:33:25,975 [main] INFO  http.HttpServer2 (HttpServer2.java:addGlobalFilter(975)) - Added global filter 'safety' (class=org.apache.hadoop.http.HttpServer2$QuotingInputFilter)
2019-08-29 08:33:25,976 [main] INFO  http.HttpServer2 (HttpServer2.java:addFilter(948)) - Added filter static_user_filter (class=org.apache.hadoop.http.lib.StaticUserWebFilter$StaticUserFilter) to context hddsDatanode
2019-08-29 08:33:25,976 [main] INFO  http.HttpServer2 (HttpServer2.java:addFilter(958)) - Added filter static_user_filter (class=org.apache.hadoop.http.lib.StaticUserWebFilter$StaticUserFilter) to context static
2019-08-29 08:33:25,976 [main] INFO  http.HttpServer2 (HttpServer2.java:addFilter(958)) - Added filter static_user_filter (class=org.apache.hadoop.http.lib.StaticUserWebFilter$StaticUserFilter) to context logs
2019-08-29 08:33:25,977 [main] INFO  http.HttpServer2 (HttpServer2.java:bindListener(1191)) - Jetty bound to port 36789
2019-08-29 08:33:25,977 [main] INFO  server.Server (Server.java:doStart(351)) - jetty-9.3.24.v20180605, build timestamp: 2018-06-05T17:11:56Z, git hash: 84205aa28f11a4f31f2a3b86d1bba2cc8ab69827
2019-08-29 08:33:25,978 [main] INFO  handler.ContextHandler (ContextHandler.java:doStart(781)) - Started o.e.j.s.ServletContextHandler@76e6c070{/logs,file:///workdir/hadoop-ozone/integration-test/target/log,AVAILABLE}
2019-08-29 08:33:25,979 [main] INFO  handler.ContextHandler (ContextHandler.java:doStart(781)) - Started o.e.j.s.ServletContextHandler@22da200e{/static,jar:file:/home/user/.m2/repository/org/apache/hadoop/hadoop-hdds-container-service/0.5.0-SNAPSHOT/hadoop-hdds-container-service-0.5.0-SNAPSHOT.jar!/webapps/static,AVAILABLE}
2019-08-29 08:33:26,007 [main] INFO  handler.ContextHandler (ContextHandler.java:doStart(781)) - Started o.e.j.w.WebAppContext@38f617f4{/,file:///tmp/jetty-0.0.0.0-36789-hddsDatanode-_-any-3638675232462391594.dir/webapp/,AVAILABLE}{/hddsDatanode}
2019-08-29 08:33:26,008 [main] INFO  server.AbstractConnector (AbstractConnector.java:doStart(278)) - Started ServerConnector@4899799b{HTTP/1.1,[http/1.1]}{0.0.0.0:36789}
2019-08-29 08:33:26,009 [main] INFO  server.Server (Server.java:doStart(419)) - Started @8780ms
2019-08-29 08:33:26,010 [main] INFO  server.BaseHttpServer (BaseHttpServer.java:updateConnectorAddress(213)) - HTTP server of HDDSDATANODE is listening at http://0.0.0.0:36789
2019-08-29 08:33:26,169 | INFO  | ObjectStoreRestHttpServer | Listening HDDS REST traffic on /0.0.0.0:42237 |  
2019-08-29 08:33:26,169 [main] INFO  ozone.HddsDatanodeService (HddsDatanodeService.java:startPlugins(395)) - Started plug-in org.apache.hadoop.ozone.web.OzoneHddsDatanodeService@3375b118
2019-08-29 08:33:26,169 [main] INFO  impl.MetricsSystemImpl (MetricsSystemImpl.java:init(158)) - HddsDatanode metrics system started (again)
2019-08-29 08:33:26,172 [org.apache.hadoop.util.JvmPauseMonitor$Monitor@7d23793c] INFO  util.JvmPauseMonitor (JvmPauseMonitor.java:run(188)) - Starting JVM pause monitor
2019-08-29 08:33:26,173 [main] INFO  ozone.HddsDatanodeService (HddsDatanodeService.java:start(184)) - HddsDatanodeService host:pr-hdds-1569-7rqkn-550228749 ip:192.168.69.89
2019-08-29 08:33:26,174 [Datanode State Machine Thread - 0] INFO  datanode.InitDatanodeState (InitDatanodeState.java:persistContainerDatanodeDetails(140)) - DatanodeDetails is persisted to /workdir/hadoop-ozone/integration-test/target/test-dir/MiniOzoneClusterImpl-839c4a83-1072-4184-a39a-41aa01fb846d/datanode-6/meta/datanode.id
2019-08-29 08:33:26,182 [main] INFO  volume.HddsVolume (HddsVolume.java:<init>(176)) - Creating Volume: /workdir/hadoop-ozone/integration-test/target/test-dir/MiniOzoneClusterImpl-839c4a83-1072-4184-a39a-41aa01fb846d/datanode-7/data/containers/hdds of  storage type : DISK and capacity : 1482555576320
2019-08-29 08:33:26,183 [main] INFO  volume.VolumeSet (VolumeSet.java:initializeVolumeSet(170)) - Added Volume : /workdir/hadoop-ozone/integration-test/target/test-dir/MiniOzoneClusterImpl-839c4a83-1072-4184-a39a-41aa01fb846d/datanode-7/data/containers/hdds to VolumeSet
2019-08-29 08:33:26,183 [main] INFO  volume.ThrottledAsyncChecker (ThrottledAsyncChecker.java:schedule(140)) - Scheduling a check for org.apache.hadoop.ozone.container.common.volume.HddsVolume@5da57a64
2019-08-29 08:33:26,184 [main] INFO  volume.HddsVolumeChecker (HddsVolumeChecker.java:checkAllVolumes(203)) - Scheduled health check for volume org.apache.hadoop.ozone.container.common.volume.HddsVolume@5da57a64
2019-08-29 08:33:26,201 [main] INFO  impl.RaftServerProxy (ConfUtils.java:logGet(43)) - raft.rpc.type = GRPC (default)
2019-08-29 08:33:26,202 [main] INFO  grpc.GrpcFactory (GrpcFactory.java:checkPooledByteBufAllocatorUseCacheForAllThreads(45)) - PERFORMANCE WARNING: useCacheForAllThreads is true that may cause Netty to create a lot garbage objects and, as a result, trigger GC.
	It is recommended to disable useCacheForAllThreads by setting -Dorg.apache.ratis.thirdparty.io.netty.allocator.useCacheForAllThreads=false in command line.
2019-08-29 08:33:26,202 [main] INFO  grpc.GrpcConfigKeys$Server (ConfUtils.java:logGet(43)) - raft.grpc.server.port = 0 (default)
2019-08-29 08:33:26,202 [main] INFO  server.GrpcService (ConfUtils.java:logGet(43)) - raft.grpc.message.size.max = 33570816 (custom)
2019-08-29 08:33:26,203 [main] INFO  server.RaftServerConfigKeys (ConfUtils.java:logGet(43)) - raft.server.log.appender.buffer.byte-limit = 33554432 (custom)
2019-08-29 08:33:26,203 [main] INFO  server.GrpcService (ConfUtils.java:logGet(43)) - raft.grpc.flow.control.window = 1MB (=1048576) (default)
2019-08-29 08:33:26,203 [main] INFO  server.RaftServerConfigKeys (ConfUtils.java:logGet(43)) - raft.server.rpc.request.timeout = 3000ms (default)
2019-08-29 08:33:26,204 [main] INFO  server.RaftServerConfigKeys (ConfUtils.java:logGet(43)) - raft.server.storage.dir = [/workdir/hadoop-ozone/integration-test/target/test-dir/MiniOzoneClusterImpl-839c4a83-1072-4184-a39a-41aa01fb846d/datanode-7/data/ratis] (custom)
2019-08-29 08:33:26,205 [main] INFO  replication.SimpleContainerDownloader (SimpleContainerDownloader.java:<init>(72)) - Starting container downloader service to copy containers to replicate.
2019-08-29 08:33:26,206 [main] INFO  hdfs.DFSUtil (DFSUtil.java:httpServerTemplateForNNAndJN(1641)) - Starting Web-server for hddsDatanode at: http://0.0.0.0:0
2019-08-29 08:33:26,208 [main] INFO  server.AuthenticationFilter (AuthenticationFilter.java:constructSecretProvider(240)) - Unable to initialize FileSignerSecretProvider, falling back to use random secrets.
2019-08-29 08:33:26,208 [main] WARN  http.HttpRequestLog (HttpRequestLog.java:getRequestLog(97)) - Jetty request log can only be enabled using Log4j
2019-08-29 08:33:26,210 [main] INFO  http.HttpServer2 (HttpServer2.java:addGlobalFilter(975)) - Added global filter 'safety' (class=org.apache.hadoop.http.HttpServer2$QuotingInputFilter)
2019-08-29 08:33:26,210 [main] INFO  http.HttpServer2 (HttpServer2.java:addFilter(948)) - Added filter static_user_filter (class=org.apache.hadoop.http.lib.StaticUserWebFilter$StaticUserFilter) to context hddsDatanode
2019-08-29 08:33:26,210 [main] INFO  http.HttpServer2 (HttpServer2.java:addFilter(958)) - Added filter static_user_filter (class=org.apache.hadoop.http.lib.StaticUserWebFilter$StaticUserFilter) to context static
2019-08-29 08:33:26,211 [main] INFO  http.HttpServer2 (HttpServer2.java:addFilter(958)) - Added filter static_user_filter (class=org.apache.hadoop.http.lib.StaticUserWebFilter$StaticUserFilter) to context logs
2019-08-29 08:33:26,211 [main] INFO  http.HttpServer2 (HttpServer2.java:bindListener(1191)) - Jetty bound to port 39998
2019-08-29 08:33:26,211 [main] INFO  server.Server (Server.java:doStart(351)) - jetty-9.3.24.v20180605, build timestamp: 2018-06-05T17:11:56Z, git hash: 84205aa28f11a4f31f2a3b86d1bba2cc8ab69827
2019-08-29 08:33:26,213 [main] INFO  handler.ContextHandler (ContextHandler.java:doStart(781)) - Started o.e.j.s.ServletContextHandler@376b5cb2{/logs,file:///workdir/hadoop-ozone/integration-test/target/log,AVAILABLE}
2019-08-29 08:33:26,214 [main] INFO  handler.ContextHandler (ContextHandler.java:doStart(781)) - Started o.e.j.s.ServletContextHandler@106cd9c8{/static,jar:file:/home/user/.m2/repository/org/apache/hadoop/hadoop-hdds-container-service/0.5.0-SNAPSHOT/hadoop-hdds-container-service-0.5.0-SNAPSHOT.jar!/webapps/static,AVAILABLE}
2019-08-29 08:33:26,270 [main] INFO  handler.ContextHandler (ContextHandler.java:doStart(781)) - Started o.e.j.w.WebAppContext@5822ecda{/,file:///tmp/jetty-0.0.0.0-39998-hddsDatanode-_-any-7934602074529929555.dir/webapp/,AVAILABLE}{/hddsDatanode}
2019-08-29 08:33:26,271 [main] INFO  server.AbstractConnector (AbstractConnector.java:doStart(278)) - Started ServerConnector@5908e6d6{HTTP/1.1,[http/1.1]}{0.0.0.0:39998}
2019-08-29 08:33:26,272 [main] INFO  server.Server (Server.java:doStart(419)) - Started @9043ms
2019-08-29 08:33:26,273 [main] INFO  server.BaseHttpServer (BaseHttpServer.java:updateConnectorAddress(213)) - HTTP server of HDDSDATANODE is listening at http://0.0.0.0:39998
2019-08-29 08:33:26,412 | INFO  | ObjectStoreRestHttpServer | Listening HDDS REST traffic on /0.0.0.0:34626 |  
2019-08-29 08:33:26,412 [main] INFO  ozone.HddsDatanodeService (HddsDatanodeService.java:startPlugins(395)) - Started plug-in org.apache.hadoop.ozone.web.OzoneHddsDatanodeService@1a345298
2019-08-29 08:33:26,413 [main] INFO  impl.MetricsSystemImpl (MetricsSystemImpl.java:init(158)) - HddsDatanode metrics system started (again)
2019-08-29 08:33:26,417 [main] INFO  ozone.HddsDatanodeService (HddsDatanodeService.java:start(184)) - HddsDatanodeService host:pr-hdds-1569-7rqkn-550228749 ip:192.168.69.89
2019-08-29 08:33:26,417 [org.apache.hadoop.util.JvmPauseMonitor$Monitor@ba496f7] INFO  util.JvmPauseMonitor (JvmPauseMonitor.java:run(188)) - Starting JVM pause monitor
2019-08-29 08:33:26,420 [Datanode State Machine Thread - 0] INFO  datanode.InitDatanodeState (InitDatanodeState.java:persistContainerDatanodeDetails(140)) - DatanodeDetails is persisted to /workdir/hadoop-ozone/integration-test/target/test-dir/MiniOzoneClusterImpl-839c4a83-1072-4184-a39a-41aa01fb846d/datanode-7/meta/datanode.id
2019-08-29 08:33:26,426 [main] INFO  volume.HddsVolume (HddsVolume.java:<init>(176)) - Creating Volume: /workdir/hadoop-ozone/integration-test/target/test-dir/MiniOzoneClusterImpl-839c4a83-1072-4184-a39a-41aa01fb846d/datanode-8/data/containers/hdds of  storage type : DISK and capacity : 1482555576320
2019-08-29 08:33:26,426 [main] INFO  volume.VolumeSet (VolumeSet.java:initializeVolumeSet(170)) - Added Volume : /workdir/hadoop-ozone/integration-test/target/test-dir/MiniOzoneClusterImpl-839c4a83-1072-4184-a39a-41aa01fb846d/datanode-8/data/containers/hdds to VolumeSet
2019-08-29 08:33:26,427 [main] INFO  volume.ThrottledAsyncChecker (ThrottledAsyncChecker.java:schedule(140)) - Scheduling a check for org.apache.hadoop.ozone.container.common.volume.HddsVolume@655621fd
2019-08-29 08:33:26,427 [main] INFO  volume.HddsVolumeChecker (HddsVolumeChecker.java:checkAllVolumes(203)) - Scheduled health check for volume org.apache.hadoop.ozone.container.common.volume.HddsVolume@655621fd
2019-08-29 08:33:26,443 [main] INFO  impl.RaftServerProxy (ConfUtils.java:logGet(43)) - raft.rpc.type = GRPC (default)
2019-08-29 08:33:26,444 [main] INFO  grpc.GrpcFactory (GrpcFactory.java:checkPooledByteBufAllocatorUseCacheForAllThreads(45)) - PERFORMANCE WARNING: useCacheForAllThreads is true that may cause Netty to create a lot garbage objects and, as a result, trigger GC.
	It is recommended to disable useCacheForAllThreads by setting -Dorg.apache.ratis.thirdparty.io.netty.allocator.useCacheForAllThreads=false in command line.
2019-08-29 08:33:26,444 [main] INFO  grpc.GrpcConfigKeys$Server (ConfUtils.java:logGet(43)) - raft.grpc.server.port = 0 (default)
2019-08-29 08:33:26,444 [main] INFO  server.GrpcService (ConfUtils.java:logGet(43)) - raft.grpc.message.size.max = 33570816 (custom)
2019-08-29 08:33:26,444 [main] INFO  server.RaftServerConfigKeys (ConfUtils.java:logGet(43)) - raft.server.log.appender.buffer.byte-limit = 33554432 (custom)
2019-08-29 08:33:26,445 [main] INFO  server.GrpcService (ConfUtils.java:logGet(43)) - raft.grpc.flow.control.window = 1MB (=1048576) (default)
2019-08-29 08:33:26,445 [main] INFO  server.RaftServerConfigKeys (ConfUtils.java:logGet(43)) - raft.server.rpc.request.timeout = 3000ms (default)
2019-08-29 08:33:26,445 [main] INFO  server.RaftServerConfigKeys (ConfUtils.java:logGet(43)) - raft.server.storage.dir = [/workdir/hadoop-ozone/integration-test/target/test-dir/MiniOzoneClusterImpl-839c4a83-1072-4184-a39a-41aa01fb846d/datanode-8/data/ratis] (custom)
2019-08-29 08:33:26,446 [main] INFO  replication.SimpleContainerDownloader (SimpleContainerDownloader.java:<init>(72)) - Starting container downloader service to copy containers to replicate.
2019-08-29 08:33:26,447 [main] INFO  hdfs.DFSUtil (DFSUtil.java:httpServerTemplateForNNAndJN(1641)) - Starting Web-server for hddsDatanode at: http://0.0.0.0:0
2019-08-29 08:33:26,449 [main] INFO  server.AuthenticationFilter (AuthenticationFilter.java:constructSecretProvider(240)) - Unable to initialize FileSignerSecretProvider, falling back to use random secrets.
2019-08-29 08:33:26,450 [main] WARN  http.HttpRequestLog (HttpRequestLog.java:getRequestLog(97)) - Jetty request log can only be enabled using Log4j
2019-08-29 08:33:26,452 [main] INFO  http.HttpServer2 (HttpServer2.java:addGlobalFilter(975)) - Added global filter 'safety' (class=org.apache.hadoop.http.HttpServer2$QuotingInputFilter)
2019-08-29 08:33:26,452 [main] INFO  http.HttpServer2 (HttpServer2.java:addFilter(948)) - Added filter static_user_filter (class=org.apache.hadoop.http.lib.StaticUserWebFilter$StaticUserFilter) to context hddsDatanode
2019-08-29 08:33:26,453 [main] INFO  http.HttpServer2 (HttpServer2.java:addFilter(958)) - Added filter static_user_filter (class=org.apache.hadoop.http.lib.StaticUserWebFilter$StaticUserFilter) to context logs
2019-08-29 08:33:26,453 [main] INFO  http.HttpServer2 (HttpServer2.java:addFilter(958)) - Added filter static_user_filter (class=org.apache.hadoop.http.lib.StaticUserWebFilter$StaticUserFilter) to context static
2019-08-29 08:33:26,454 [main] INFO  http.HttpServer2 (HttpServer2.java:bindListener(1191)) - Jetty bound to port 41493
2019-08-29 08:33:26,454 [main] INFO  server.Server (Server.java:doStart(351)) - jetty-9.3.24.v20180605, build timestamp: 2018-06-05T17:11:56Z, git hash: 84205aa28f11a4f31f2a3b86d1bba2cc8ab69827
2019-08-29 08:33:26,456 [main] INFO  handler.ContextHandler (ContextHandler.java:doStart(781)) - Started o.e.j.s.ServletContextHandler@2cea921a{/logs,file:///workdir/hadoop-ozone/integration-test/target/log,AVAILABLE}
2019-08-29 08:33:26,457 [main] INFO  handler.ContextHandler (ContextHandler.java:doStart(781)) - Started o.e.j.s.ServletContextHandler@2bc16fe2{/static,jar:file:/home/user/.m2/repository/org/apache/hadoop/hadoop-hdds-container-service/0.5.0-SNAPSHOT/hadoop-hdds-container-service-0.5.0-SNAPSHOT.jar!/webapps/static,AVAILABLE}
2019-08-29 08:33:26,495 [main] INFO  handler.ContextHandler (ContextHandler.java:doStart(781)) - Started o.e.j.w.WebAppContext@5c573229{/,file:///tmp/jetty-0.0.0.0-41493-hddsDatanode-_-any-7326300688864805402.dir/webapp/,AVAILABLE}{/hddsDatanode}
2019-08-29 08:33:26,495 [main] INFO  server.AbstractConnector (AbstractConnector.java:doStart(278)) - Started ServerConnector@77ecdc2b{HTTP/1.1,[http/1.1]}{0.0.0.0:41493}
2019-08-29 08:33:26,496 [main] INFO  server.Server (Server.java:doStart(419)) - Started @9267ms
2019-08-29 08:33:26,497 [main] INFO  server.BaseHttpServer (BaseHttpServer.java:updateConnectorAddress(213)) - HTTP server of HDDSDATANODE is listening at http://0.0.0.0:41493
2019-08-29 08:33:26,617 | INFO  | SCMAudit | user=jenkins1000 | ip=192.168.69.89 | op=GET_VERSION null | ret=SUCCESS |  
2019-08-29 08:33:26,633 | INFO  | ObjectStoreRestHttpServer | Listening HDDS REST traffic on /0.0.0.0:34217 |  
2019-08-29 08:33:26,633 [main] INFO  ozone.HddsDatanodeService (HddsDatanodeService.java:startPlugins(395)) - Started plug-in org.apache.hadoop.ozone.web.OzoneHddsDatanodeService@432c0f1
2019-08-29 08:33:26,634 [main] INFO  impl.MetricsSystemImpl (MetricsSystemImpl.java:init(158)) - HddsDatanode metrics system started (again)
2019-08-29 08:33:26,638 [org.apache.hadoop.util.JvmPauseMonitor$Monitor@516736aa] INFO  util.JvmPauseMonitor (JvmPauseMonitor.java:run(188)) - Starting JVM pause monitor
2019-08-29 08:33:26,639 [main] INFO  ozone.HddsDatanodeService (HddsDatanodeService.java:start(184)) - HddsDatanodeService host:pr-hdds-1569-7rqkn-550228749 ip:192.168.69.89
2019-08-29 08:33:26,641 [Datanode State Machine Thread - 0] INFO  datanode.InitDatanodeState (InitDatanodeState.java:persistContainerDatanodeDetails(140)) - DatanodeDetails is persisted to /workdir/hadoop-ozone/integration-test/target/test-dir/MiniOzoneClusterImpl-839c4a83-1072-4184-a39a-41aa01fb846d/datanode-8/meta/datanode.id
2019-08-29 08:33:26,642 [Datanode State Machine Thread - 0] INFO  ozoneimpl.OzoneContainer (OzoneContainer.java:start(186)) - Attempting to start container services.
2019-08-29 08:33:26,645 [Datanode State Machine Thread - 0] INFO  ozoneimpl.OzoneContainer (OzoneContainer.java:startContainerScrub(160)) - Background container scrubber has been disabled by hdds.containerscrub.enabled
2019-08-29 08:33:26,646 [Datanode State Machine Thread - 0] INFO  ratis.XceiverServerRatis (XceiverServerRatis.java:start(404)) - Starting XceiverServerRatis 4da055f9-cd9d-4c6f-9ab8-147a42717fcf at port 0
2019-08-29 08:33:26,650 [main] INFO  volume.HddsVolume (HddsVolume.java:<init>(176)) - Creating Volume: /workdir/hadoop-ozone/integration-test/target/test-dir/MiniOzoneClusterImpl-839c4a83-1072-4184-a39a-41aa01fb846d/datanode-9/data/containers/hdds of  storage type : DISK and capacity : 1482555576320
2019-08-29 08:33:26,650 [main] INFO  volume.VolumeSet (VolumeSet.java:initializeVolumeSet(170)) - Added Volume : /workdir/hadoop-ozone/integration-test/target/test-dir/MiniOzoneClusterImpl-839c4a83-1072-4184-a39a-41aa01fb846d/datanode-9/data/containers/hdds to VolumeSet
2019-08-29 08:33:26,651 [main] INFO  volume.ThrottledAsyncChecker (ThrottledAsyncChecker.java:schedule(140)) - Scheduling a check for org.apache.hadoop.ozone.container.common.volume.HddsVolume@44aed6a4
2019-08-29 08:33:26,652 [main] INFO  volume.HddsVolumeChecker (HddsVolumeChecker.java:checkAllVolumes(203)) - Scheduled health check for volume org.apache.hadoop.ozone.container.common.volume.HddsVolume@44aed6a4
2019-08-29 08:33:26,667 [main] INFO  impl.RaftServerProxy (ConfUtils.java:logGet(43)) - raft.rpc.type = GRPC (default)
2019-08-29 08:33:26,667 [main] INFO  grpc.GrpcFactory (GrpcFactory.java:checkPooledByteBufAllocatorUseCacheForAllThreads(45)) - PERFORMANCE WARNING: useCacheForAllThreads is true that may cause Netty to create a lot garbage objects and, as a result, trigger GC.
	It is recommended to disable useCacheForAllThreads by setting -Dorg.apache.ratis.thirdparty.io.netty.allocator.useCacheForAllThreads=false in command line.
2019-08-29 08:33:26,667 [main] INFO  grpc.GrpcConfigKeys$Server (ConfUtils.java:logGet(43)) - raft.grpc.server.port = 0 (default)
2019-08-29 08:33:26,668 [main] INFO  server.GrpcService (ConfUtils.java:logGet(43)) - raft.grpc.message.size.max = 33570816 (custom)
2019-08-29 08:33:26,668 [main] INFO  server.RaftServerConfigKeys (ConfUtils.java:logGet(43)) - raft.server.log.appender.buffer.byte-limit = 33554432 (custom)
2019-08-29 08:33:26,668 [main] INFO  server.GrpcService (ConfUtils.java:logGet(43)) - raft.grpc.flow.control.window = 1MB (=1048576) (default)
2019-08-29 08:33:26,668 [main] INFO  server.RaftServerConfigKeys (ConfUtils.java:logGet(43)) - raft.server.rpc.request.timeout = 3000ms (default)
2019-08-29 08:33:26,669 [main] INFO  server.RaftServerConfigKeys (ConfUtils.java:logGet(43)) - raft.server.storage.dir = [/workdir/hadoop-ozone/integration-test/target/test-dir/MiniOzoneClusterImpl-839c4a83-1072-4184-a39a-41aa01fb846d/datanode-9/data/ratis] (custom)
2019-08-29 08:33:26,669 [main] INFO  replication.SimpleContainerDownloader (SimpleContainerDownloader.java:<init>(72)) - Starting container downloader service to copy containers to replicate.
2019-08-29 08:33:26,670 [main] INFO  hdfs.DFSUtil (DFSUtil.java:httpServerTemplateForNNAndJN(1641)) - Starting Web-server for hddsDatanode at: http://0.0.0.0:0
2019-08-29 08:33:26,672 [Datanode State Machine Thread - 0] INFO  impl.RaftServerProxy (RaftServerProxy.java:lambda$start$3(299)) - 4da055f9-cd9d-4c6f-9ab8-147a42717fcf: start RPC server
2019-08-29 08:33:26,673 [main] INFO  server.AuthenticationFilter (AuthenticationFilter.java:constructSecretProvider(240)) - Unable to initialize FileSignerSecretProvider, falling back to use random secrets.
2019-08-29 08:33:26,674 [main] WARN  http.HttpRequestLog (HttpRequestLog.java:getRequestLog(97)) - Jetty request log can only be enabled using Log4j
2019-08-29 08:33:26,677 [main] INFO  http.HttpServer2 (HttpServer2.java:addGlobalFilter(975)) - Added global filter 'safety' (class=org.apache.hadoop.http.HttpServer2$QuotingInputFilter)
2019-08-29 08:33:26,678 [main] INFO  http.HttpServer2 (HttpServer2.java:addFilter(948)) - Added filter static_user_filter (class=org.apache.hadoop.http.lib.StaticUserWebFilter$StaticUserFilter) to context hddsDatanode
2019-08-29 08:33:26,678 [main] INFO  http.HttpServer2 (HttpServer2.java:addFilter(958)) - Added filter static_user_filter (class=org.apache.hadoop.http.lib.StaticUserWebFilter$StaticUserFilter) to context static
2019-08-29 08:33:26,678 [main] INFO  http.HttpServer2 (HttpServer2.java:addFilter(958)) - Added filter static_user_filter (class=org.apache.hadoop.http.lib.StaticUserWebFilter$StaticUserFilter) to context logs
2019-08-29 08:33:26,679 [main] INFO  http.HttpServer2 (HttpServer2.java:bindListener(1191)) - Jetty bound to port 40639
2019-08-29 08:33:26,680 [main] INFO  server.Server (Server.java:doStart(351)) - jetty-9.3.24.v20180605, build timestamp: 2018-06-05T17:11:56Z, git hash: 84205aa28f11a4f31f2a3b86d1bba2cc8ab69827
2019-08-29 08:33:26,682 [main] INFO  handler.ContextHandler (ContextHandler.java:doStart(781)) - Started o.e.j.s.ServletContextHandler@213835b6{/logs,file:///workdir/hadoop-ozone/integration-test/target/log,AVAILABLE}
2019-08-29 08:33:26,683 [main] INFO  handler.ContextHandler (ContextHandler.java:doStart(781)) - Started o.e.j.s.ServletContextHandler@37e55819{/static,jar:file:/home/user/.m2/repository/org/apache/hadoop/hadoop-hdds-container-service/0.5.0-SNAPSHOT/hadoop-hdds-container-service-0.5.0-SNAPSHOT.jar!/webapps/static,AVAILABLE}
2019-08-29 08:33:26,730 [main] INFO  handler.ContextHandler (ContextHandler.java:doStart(781)) - Started o.e.j.w.WebAppContext@6f8ac8d5{/,file:///tmp/jetty-0.0.0.0-40639-hddsDatanode-_-any-7569783426751912235.dir/webapp/,AVAILABLE}{/hddsDatanode}
2019-08-29 08:33:26,731 [main] INFO  server.AbstractConnector (AbstractConnector.java:doStart(278)) - Started ServerConnector@370225c7{HTTP/1.1,[http/1.1]}{0.0.0.0:40639}
2019-08-29 08:33:26,732 [main] INFO  server.Server (Server.java:doStart(419)) - Started @9503ms
2019-08-29 08:33:26,733 [main] INFO  server.BaseHttpServer (BaseHttpServer.java:updateConnectorAddress(213)) - HTTP server of HDDSDATANODE is listening at http://0.0.0.0:40639
2019-08-29 08:33:26,789 [Datanode State Machine Thread - 0] INFO  server.GrpcService (GrpcService.java:startImpl(149)) - 4da055f9-cd9d-4c6f-9ab8-147a42717fcf: GrpcService started, listening on 0.0.0.0/0.0.0.0:41539
2019-08-29 08:33:26,790 [Datanode State Machine Thread - 0] INFO  ratis.XceiverServerRatis (XceiverServerRatis.java:start(414)) - XceiverServerRatis 4da055f9-cd9d-4c6f-9ab8-147a42717fcf is started using port 41539
2019-08-29 08:33:26,793 [Datanode State Machine Thread - 0] INFO  server.XceiverServerGrpc (XceiverServerGrpc.java:start(163)) - XceiverServerGrpc 4da055f9-cd9d-4c6f-9ab8-147a42717fcf is started using port 38193
2019-08-29 08:33:26,866 | INFO  | ObjectStoreRestHttpServer | Listening HDDS REST traffic on /0.0.0.0:34162 |  
2019-08-29 08:33:26,866 [main] INFO  ozone.HddsDatanodeService (HddsDatanodeService.java:startPlugins(395)) - Started plug-in org.apache.hadoop.ozone.web.OzoneHddsDatanodeService@3f9f8d23
2019-08-29 08:33:26,869 [main] INFO  ozone.MiniOzoneClusterImpl (MiniOzoneClusterImpl.java:lambda$waitForClusterToBeReady$0(142)) - Waiting for cluster to be ready. Got 0 of 10 DN Heartbeats.
2019-08-29 08:33:26,870 [org.apache.hadoop.util.JvmPauseMonitor$Monitor@532116e] INFO  util.JvmPauseMonitor (JvmPauseMonitor.java:run(188)) - Starting JVM pause monitor
2019-08-29 08:33:26,873 [Datanode State Machine Thread - 0] INFO  datanode.InitDatanodeState (InitDatanodeState.java:persistContainerDatanodeDetails(140)) - DatanodeDetails is persisted to /workdir/hadoop-ozone/integration-test/target/test-dir/MiniOzoneClusterImpl-839c4a83-1072-4184-a39a-41aa01fb846d/datanode-9/meta/datanode.id
2019-08-29 08:33:26,931 | INFO  | SCMAudit | user=jenkins1000 | ip=192.168.69.89 | op=GET_VERSION null | ret=SUCCESS |  
2019-08-29 08:33:26,968 [Datanode State Machine Thread - 0] INFO  ozoneimpl.OzoneContainer (OzoneContainer.java:start(186)) - Attempting to start container services.
2019-08-29 08:33:26,969 [Datanode State Machine Thread - 0] INFO  ozoneimpl.OzoneContainer (OzoneContainer.java:startContainerScrub(160)) - Background container scrubber has been disabled by hdds.containerscrub.enabled
2019-08-29 08:33:26,970 [Datanode State Machine Thread - 0] INFO  ratis.XceiverServerRatis (XceiverServerRatis.java:start(404)) - Starting XceiverServerRatis e7b9916e-4eca-4156-a086-839e4ffd13a0 at port 0
2019-08-29 08:33:26,980 [Datanode State Machine Thread - 0] INFO  impl.RaftServerProxy (RaftServerProxy.java:lambda$start$3(299)) - e7b9916e-4eca-4156-a086-839e4ffd13a0: start RPC server
2019-08-29 08:33:26,984 [Datanode State Machine Thread - 0] INFO  server.GrpcService (GrpcService.java:startImpl(149)) - e7b9916e-4eca-4156-a086-839e4ffd13a0: GrpcService started, listening on 0.0.0.0/0.0.0.0:37189
2019-08-29 08:33:26,984 [Datanode State Machine Thread - 0] INFO  ratis.XceiverServerRatis (XceiverServerRatis.java:start(414)) - XceiverServerRatis e7b9916e-4eca-4156-a086-839e4ffd13a0 is started using port 37189
2019-08-29 08:33:26,987 [Datanode State Machine Thread - 0] INFO  server.XceiverServerGrpc (XceiverServerGrpc.java:start(163)) - XceiverServerGrpc e7b9916e-4eca-4156-a086-839e4ffd13a0 is started using port 35649
2019-08-29 08:33:27,158 | INFO  | SCMAudit | user=jenkins1000 | ip=192.168.69.89 | op=GET_VERSION null | ret=SUCCESS |  
2019-08-29 08:33:27,252 [Datanode State Machine Thread - 0] INFO  ozoneimpl.OzoneContainer (OzoneContainer.java:start(186)) - Attempting to start container services.
2019-08-29 08:33:27,252 [Datanode State Machine Thread - 0] INFO  ozoneimpl.OzoneContainer (OzoneContainer.java:startContainerScrub(160)) - Background container scrubber has been disabled by hdds.containerscrub.enabled
2019-08-29 08:33:27,252 [Datanode State Machine Thread - 0] INFO  ratis.XceiverServerRatis (XceiverServerRatis.java:start(404)) - Starting XceiverServerRatis 7a9bfe55-9a1e-4d2f-9ebd-558835cfe40a at port 0
2019-08-29 08:33:27,261 [Datanode State Machine Thread - 0] INFO  impl.RaftServerProxy (RaftServerProxy.java:lambda$start$3(299)) - 7a9bfe55-9a1e-4d2f-9ebd-558835cfe40a: start RPC server
2019-08-29 08:33:27,265 [Datanode State Machine Thread - 0] INFO  server.GrpcService (GrpcService.java:startImpl(149)) - 7a9bfe55-9a1e-4d2f-9ebd-558835cfe40a: GrpcService started, listening on 0.0.0.0/0.0.0.0:46617
2019-08-29 08:33:27,265 [Datanode State Machine Thread - 0] INFO  ratis.XceiverServerRatis (XceiverServerRatis.java:start(414)) - XceiverServerRatis 7a9bfe55-9a1e-4d2f-9ebd-558835cfe40a is started using port 46617
2019-08-29 08:33:27,269 [Datanode State Machine Thread - 0] INFO  server.XceiverServerGrpc (XceiverServerGrpc.java:start(163)) - XceiverServerGrpc 7a9bfe55-9a1e-4d2f-9ebd-558835cfe40a is started using port 33674
2019-08-29 08:33:27,418 | INFO  | SCMAudit | user=jenkins1000 | ip=192.168.69.89 | op=GET_VERSION null | ret=SUCCESS |  
2019-08-29 08:33:27,444 [Datanode State Machine Thread - 0] INFO  ozoneimpl.OzoneContainer (OzoneContainer.java:start(186)) - Attempting to start container services.
2019-08-29 08:33:27,444 [Datanode State Machine Thread - 0] INFO  ozoneimpl.OzoneContainer (OzoneContainer.java:startContainerScrub(160)) - Background container scrubber has been disabled by hdds.containerscrub.enabled
2019-08-29 08:33:27,444 [Datanode State Machine Thread - 0] INFO  ratis.XceiverServerRatis (XceiverServerRatis.java:start(404)) - Starting XceiverServerRatis 02bf3283-c6bf-4588-a57c-baa459038378 at port 0
2019-08-29 08:33:27,450 [Datanode State Machine Thread - 0] INFO  impl.RaftServerProxy (RaftServerProxy.java:lambda$start$3(299)) - 02bf3283-c6bf-4588-a57c-baa459038378: start RPC server
2019-08-29 08:33:27,454 [Datanode State Machine Thread - 0] INFO  server.GrpcService (GrpcService.java:startImpl(149)) - 02bf3283-c6bf-4588-a57c-baa459038378: GrpcService started, listening on 0.0.0.0/0.0.0.0:46486
2019-08-29 08:33:27,454 [Datanode State Machine Thread - 0] INFO  ratis.XceiverServerRatis (XceiverServerRatis.java:start(414)) - XceiverServerRatis 02bf3283-c6bf-4588-a57c-baa459038378 is started using port 46486
2019-08-29 08:33:27,456 [Datanode State Machine Thread - 0] INFO  server.XceiverServerGrpc (XceiverServerGrpc.java:start(163)) - XceiverServerGrpc 02bf3283-c6bf-4588-a57c-baa459038378 is started using port 34352
2019-08-29 08:33:27,651 | INFO  | SCMAudit | user=jenkins1000 | ip=192.168.69.89 | op=GET_VERSION null | ret=SUCCESS |  
2019-08-29 08:33:27,686 [Datanode State Machine Thread - 0] INFO  ozoneimpl.OzoneContainer (OzoneContainer.java:start(186)) - Attempting to start container services.
2019-08-29 08:33:27,686 [Datanode State Machine Thread - 0] INFO  ozoneimpl.OzoneContainer (OzoneContainer.java:startContainerScrub(160)) - Background container scrubber has been disabled by hdds.containerscrub.enabled
2019-08-29 08:33:27,686 [Datanode State Machine Thread - 0] INFO  ratis.XceiverServerRatis (XceiverServerRatis.java:start(404)) - Starting XceiverServerRatis 802c6c9d-4843-417e-8983-b6e40533cc1c at port 0
2019-08-29 08:33:27,694 [Datanode State Machine Thread - 0] INFO  impl.RaftServerProxy (RaftServerProxy.java:lambda$start$3(299)) - 802c6c9d-4843-417e-8983-b6e40533cc1c: start RPC server
2019-08-29 08:33:27,699 [Datanode State Machine Thread - 0] INFO  server.GrpcService (GrpcService.java:startImpl(149)) - 802c6c9d-4843-417e-8983-b6e40533cc1c: GrpcService started, listening on 0.0.0.0/0.0.0.0:37103
2019-08-29 08:33:27,699 [Datanode State Machine Thread - 0] INFO  ratis.XceiverServerRatis (XceiverServerRatis.java:start(414)) - XceiverServerRatis 802c6c9d-4843-417e-8983-b6e40533cc1c is started using port 37103
2019-08-29 08:33:27,703 [Datanode State Machine Thread - 0] INFO  server.XceiverServerGrpc (XceiverServerGrpc.java:start(163)) - XceiverServerGrpc 802c6c9d-4843-417e-8983-b6e40533cc1c is started using port 40993
2019-08-29 08:33:27,869 [main] INFO  ozone.MiniOzoneClusterImpl (MiniOzoneClusterImpl.java:lambda$waitForClusterToBeReady$0(142)) - Waiting for cluster to be ready. Got 0 of 10 DN Heartbeats.
2019-08-29 08:33:27,951 | INFO  | SCMAudit | user=jenkins1000 | ip=192.168.69.89 | op=GET_VERSION null | ret=SUCCESS |  
2019-08-29 08:33:27,978 [Datanode State Machine Thread - 0] INFO  ozoneimpl.OzoneContainer (OzoneContainer.java:start(186)) - Attempting to start container services.
2019-08-29 08:33:27,978 [Datanode State Machine Thread - 0] INFO  ozoneimpl.OzoneContainer (OzoneContainer.java:startContainerScrub(160)) - Background container scrubber has been disabled by hdds.containerscrub.enabled
2019-08-29 08:33:27,978 [Datanode State Machine Thread - 0] INFO  ratis.XceiverServerRatis (XceiverServerRatis.java:start(404)) - Starting XceiverServerRatis 99586f2f-9d87-40a3-9061-4566008201fd at port 0
2019-08-29 08:33:27,985 [Datanode State Machine Thread - 0] INFO  impl.RaftServerProxy (RaftServerProxy.java:lambda$start$3(299)) - 99586f2f-9d87-40a3-9061-4566008201fd: start RPC server
2019-08-29 08:33:27,990 [Datanode State Machine Thread - 0] INFO  server.GrpcService (GrpcService.java:startImpl(149)) - 99586f2f-9d87-40a3-9061-4566008201fd: GrpcService started, listening on 0.0.0.0/0.0.0.0:38980
2019-08-29 08:33:27,990 [Datanode State Machine Thread - 0] INFO  ratis.XceiverServerRatis (XceiverServerRatis.java:start(414)) - XceiverServerRatis 99586f2f-9d87-40a3-9061-4566008201fd is started using port 38980
2019-08-29 08:33:27,994 [Datanode State Machine Thread - 0] INFO  server.XceiverServerGrpc (XceiverServerGrpc.java:start(163)) - XceiverServerGrpc 99586f2f-9d87-40a3-9061-4566008201fd is started using port 38047
2019-08-29 08:33:28,176 | INFO  | SCMAudit | user=jenkins1000 | ip=192.168.69.89 | op=GET_VERSION null | ret=SUCCESS |  
2019-08-29 08:33:28,220 [Datanode State Machine Thread - 0] INFO  ozoneimpl.OzoneContainer (OzoneContainer.java:start(186)) - Attempting to start container services.
2019-08-29 08:33:28,221 [Datanode State Machine Thread - 0] INFO  ozoneimpl.OzoneContainer (OzoneContainer.java:startContainerScrub(160)) - Background container scrubber has been disabled by hdds.containerscrub.enabled
2019-08-29 08:33:28,221 [Datanode State Machine Thread - 0] INFO  ratis.XceiverServerRatis (XceiverServerRatis.java:start(404)) - Starting XceiverServerRatis bcbb4469-e902-4083-b3d9-1bab9ea4cd29 at port 0
2019-08-29 08:33:28,227 [Datanode State Machine Thread - 0] INFO  impl.RaftServerProxy (RaftServerProxy.java:lambda$start$3(299)) - bcbb4469-e902-4083-b3d9-1bab9ea4cd29: start RPC server
2019-08-29 08:33:28,232 [Datanode State Machine Thread - 0] INFO  server.GrpcService (GrpcService.java:startImpl(149)) - bcbb4469-e902-4083-b3d9-1bab9ea4cd29: GrpcService started, listening on 0.0.0.0/0.0.0.0:42960
2019-08-29 08:33:28,232 [Datanode State Machine Thread - 0] INFO  ratis.XceiverServerRatis (XceiverServerRatis.java:start(414)) - XceiverServerRatis bcbb4469-e902-4083-b3d9-1bab9ea4cd29 is started using port 42960
2019-08-29 08:33:28,235 [Datanode State Machine Thread - 0] INFO  server.XceiverServerGrpc (XceiverServerGrpc.java:start(163)) - XceiverServerGrpc bcbb4469-e902-4083-b3d9-1bab9ea4cd29 is started using port 41604
2019-08-29 08:33:28,420 | INFO  | SCMAudit | user=jenkins1000 | ip=192.168.69.89 | op=GET_VERSION null | ret=SUCCESS |  
2019-08-29 08:33:28,462 [Datanode State Machine Thread - 0] INFO  ozoneimpl.OzoneContainer (OzoneContainer.java:start(186)) - Attempting to start container services.
2019-08-29 08:33:28,463 [Datanode State Machine Thread - 0] INFO  ozoneimpl.OzoneContainer (OzoneContainer.java:startContainerScrub(160)) - Background container scrubber has been disabled by hdds.containerscrub.enabled
2019-08-29 08:33:28,463 [Datanode State Machine Thread - 0] INFO  ratis.XceiverServerRatis (XceiverServerRatis.java:start(404)) - Starting XceiverServerRatis fe546585-3c52-42ae-8754-1a35dad17d3f at port 0
2019-08-29 08:33:28,469 [Datanode State Machine Thread - 0] INFO  impl.RaftServerProxy (RaftServerProxy.java:lambda$start$3(299)) - fe546585-3c52-42ae-8754-1a35dad17d3f: start RPC server
2019-08-29 08:33:28,473 [Datanode State Machine Thread - 0] INFO  server.GrpcService (GrpcService.java:startImpl(149)) - fe546585-3c52-42ae-8754-1a35dad17d3f: GrpcService started, listening on 0.0.0.0/0.0.0.0:45996
2019-08-29 08:33:28,474 [Datanode State Machine Thread - 0] INFO  ratis.XceiverServerRatis (XceiverServerRatis.java:start(414)) - XceiverServerRatis fe546585-3c52-42ae-8754-1a35dad17d3f is started using port 45996
2019-08-29 08:33:28,477 [Datanode State Machine Thread - 0] INFO  server.XceiverServerGrpc (XceiverServerGrpc.java:start(163)) - XceiverServerGrpc fe546585-3c52-42ae-8754-1a35dad17d3f is started using port 41705
2019-08-29 08:33:28,632 [IPC Server handler 5 on 43772] INFO  net.NetworkTopology (NetworkTopologyImpl.java:add(110)) - Added a new node: /default-rack/4da055f9-cd9d-4c6f-9ab8-147a42717fcf
2019-08-29 08:33:28,632 [IPC Server handler 5 on 43772] INFO  node.SCMNodeManager (SCMNodeManager.java:register(273)) - Registered Data node : 4da055f9-cd9d-4c6f-9ab8-147a42717fcf{ip: 192.168.69.89, host: pr-hdds-1569-7rqkn-550228749, networkLocation: /default-rack, certSerialId: null}
2019-08-29 08:33:28,641 [EventQueue-NodeRegistrationContainerReportForDataNodeSafeModeRule] INFO  safemode.SCMSafeModeManager (DataNodeSafeModeRule.java:process(71)) - SCM in safe mode. 1 DataNodes registered, 1 required.
2019-08-29 08:33:28,641 | INFO  | SCMAudit | user=jenkins1000 | ip=192.168.69.89 | op=GET_VERSION null | ret=SUCCESS |  
2019-08-29 08:33:28,641 [EventQueue-NodeRegistrationContainerReportForDataNodeSafeModeRule] INFO  safemode.SCMSafeModeManager (SCMSafeModeManager.java:validateSafeModeExitRules(177)) - ScmSafeModeManager, all rules are successfully validated
2019-08-29 08:33:28,641 [EventQueue-NodeRegistrationContainerReportForDataNodeSafeModeRule] INFO  safemode.SCMSafeModeManager (SCMSafeModeManager.java:exitSafeMode(193)) - SCM exiting safe mode.
2019-08-29 08:33:28,647 | INFO  | SCMAudit | user=jenkins1000 | ip=192.168.69.89 | op=REGISTER {datanodeDetails=4da055f9-cd9d-4c6f-9ab8-147a42717fcf{ip: 192.168.69.89, host: pr-hdds-1569-7rqkn-550228749, networkLocation: /default-rack, certSerialId: null}} | ret=SUCCESS |  
2019-08-29 08:33:28,663 [Datanode State Machine Thread - 0] INFO  ozoneimpl.OzoneContainer (OzoneContainer.java:start(186)) - Attempting to start container services.
2019-08-29 08:33:28,664 [Datanode State Machine Thread - 0] INFO  ozoneimpl.OzoneContainer (OzoneContainer.java:startContainerScrub(160)) - Background container scrubber has been disabled by hdds.containerscrub.enabled
2019-08-29 08:33:28,665 [Datanode State Machine Thread - 0] INFO  ratis.XceiverServerRatis (XceiverServerRatis.java:start(404)) - Starting XceiverServerRatis 129685ee-8122-4333-8930-3eeb8cf836af at port 0
2019-08-29 08:33:28,674 [Datanode State Machine Thread - 0] INFO  impl.RaftServerProxy (RaftServerProxy.java:lambda$start$3(299)) - 129685ee-8122-4333-8930-3eeb8cf836af: start RPC server
2019-08-29 08:33:28,677 [Datanode State Machine Thread - 0] INFO  server.GrpcService (GrpcService.java:startImpl(149)) - 129685ee-8122-4333-8930-3eeb8cf836af: GrpcService started, listening on 0.0.0.0/0.0.0.0:45580
2019-08-29 08:33:28,678 [Datanode State Machine Thread - 0] INFO  ratis.XceiverServerRatis (XceiverServerRatis.java:start(414)) - XceiverServerRatis 129685ee-8122-4333-8930-3eeb8cf836af is started using port 45580
2019-08-29 08:33:28,688 [Datanode State Machine Thread - 0] INFO  server.XceiverServerGrpc (XceiverServerGrpc.java:start(163)) - XceiverServerGrpc 129685ee-8122-4333-8930-3eeb8cf836af is started using port 38319
2019-08-29 08:33:28,870 [main] INFO  ozone.MiniOzoneClusterImpl (MiniOzoneClusterImpl.java:lambda$waitForClusterToBeReady$0(142)) - Waiting for cluster to be ready. Got 1 of 10 DN Heartbeats.
2019-08-29 08:33:28,874 | INFO  | SCMAudit | user=jenkins1000 | ip=192.168.69.89 | op=GET_VERSION null | ret=SUCCESS |  
2019-08-29 08:33:28,905 [Datanode State Machine Thread - 0] INFO  ozoneimpl.OzoneContainer (OzoneContainer.java:start(186)) - Attempting to start container services.
2019-08-29 08:33:28,909 [Datanode State Machine Thread - 0] INFO  ozoneimpl.OzoneContainer (OzoneContainer.java:startContainerScrub(160)) - Background container scrubber has been disabled by hdds.containerscrub.enabled
2019-08-29 08:33:28,909 [Datanode State Machine Thread - 0] INFO  ratis.XceiverServerRatis (XceiverServerRatis.java:start(404)) - Starting XceiverServerRatis f0c18ce4-0e5b-4823-99c8-fd716531bc5f at port 0
2019-08-29 08:33:28,915 [Datanode State Machine Thread - 0] INFO  impl.RaftServerProxy (RaftServerProxy.java:lambda$start$3(299)) - f0c18ce4-0e5b-4823-99c8-fd716531bc5f: start RPC server
2019-08-29 08:33:28,920 [Datanode State Machine Thread - 0] INFO  server.GrpcService (GrpcService.java:startImpl(149)) - f0c18ce4-0e5b-4823-99c8-fd716531bc5f: GrpcService started, listening on 0.0.0.0/0.0.0.0:36167
2019-08-29 08:33:28,920 [Datanode State Machine Thread - 0] INFO  ratis.XceiverServerRatis (XceiverServerRatis.java:start(414)) - XceiverServerRatis f0c18ce4-0e5b-4823-99c8-fd716531bc5f is started using port 36167
2019-08-29 08:33:28,936 [Datanode State Machine Thread - 0] INFO  server.XceiverServerGrpc (XceiverServerGrpc.java:start(163)) - XceiverServerGrpc f0c18ce4-0e5b-4823-99c8-fd716531bc5f is started using port 36804
2019-08-29 08:33:28,939 [IPC Server handler 1 on 43772] INFO  net.NetworkTopology (NetworkTopologyImpl.java:add(110)) - Added a new node: /default-rack/e7b9916e-4eca-4156-a086-839e4ffd13a0
2019-08-29 08:33:28,939 [IPC Server handler 1 on 43772] INFO  node.SCMNodeManager (SCMNodeManager.java:register(273)) - Registered Data node : e7b9916e-4eca-4156-a086-839e4ffd13a0{ip: 192.168.69.89, host: pr-hdds-1569-7rqkn-550228749, networkLocation: /default-rack, certSerialId: null}
2019-08-29 08:33:28,939 | INFO  | SCMAudit | user=jenkins1000 | ip=192.168.69.89 | op=REGISTER {datanodeDetails=e7b9916e-4eca-4156-a086-839e4ffd13a0{ip: 192.168.69.89, host: pr-hdds-1569-7rqkn-550228749, networkLocation: /default-rack, certSerialId: null}} | ret=SUCCESS |  
2019-08-29 08:33:29,376 [IPC Server handler 7 on 43772] INFO  net.NetworkTopology (NetworkTopologyImpl.java:add(110)) - Added a new node: /default-rack/7a9bfe55-9a1e-4d2f-9ebd-558835cfe40a
2019-08-29 08:33:29,376 [IPC Server handler 7 on 43772] INFO  node.SCMNodeManager (SCMNodeManager.java:register(273)) - Registered Data node : 7a9bfe55-9a1e-4d2f-9ebd-558835cfe40a{ip: 192.168.69.89, host: pr-hdds-1569-7rqkn-550228749, networkLocation: /default-rack, certSerialId: null}
2019-08-29 08:33:29,377 | INFO  | SCMAudit | user=jenkins1000 | ip=192.168.69.89 | op=REGISTER {datanodeDetails=7a9bfe55-9a1e-4d2f-9ebd-558835cfe40a{ip: 192.168.69.89, host: pr-hdds-1569-7rqkn-550228749, networkLocation: /default-rack, certSerialId: null}} | ret=SUCCESS |  
2019-08-29 08:33:29,431 [IPC Server handler 4 on 43772] INFO  net.NetworkTopology (NetworkTopologyImpl.java:add(110)) - Added a new node: /default-rack/02bf3283-c6bf-4588-a57c-baa459038378
2019-08-29 08:33:29,431 [IPC Server handler 4 on 43772] INFO  node.SCMNodeManager (SCMNodeManager.java:register(273)) - Registered Data node : 02bf3283-c6bf-4588-a57c-baa459038378{ip: 192.168.69.89, host: pr-hdds-1569-7rqkn-550228749, networkLocation: /default-rack, certSerialId: null}
2019-08-29 08:33:29,431 | INFO  | SCMAudit | user=jenkins1000 | ip=192.168.69.89 | op=REGISTER {datanodeDetails=02bf3283-c6bf-4588-a57c-baa459038378{ip: 192.168.69.89, host: pr-hdds-1569-7rqkn-550228749, networkLocation: /default-rack, certSerialId: null}} | ret=SUCCESS |  
2019-08-29 08:33:29,630 [grpc-default-executor-0] INFO  impl.RaftServerProxy (RaftServerProxy.java:addNew(89)) - 4da055f9-cd9d-4c6f-9ab8-147a42717fcf: addNew group-FA2299444F23:[4da055f9-cd9d-4c6f-9ab8-147a42717fcf:192.168.69.89:41539] returns group-FA2299444F23:java.util.concurrent.CompletableFuture@37da22f2[Not completed]
2019-08-29 08:33:29,651 [IPC Server handler 3 on 43772] INFO  net.NetworkTopology (NetworkTopologyImpl.java:add(110)) - Added a new node: /default-rack/802c6c9d-4843-417e-8983-b6e40533cc1c
2019-08-29 08:33:29,652 [IPC Server handler 3 on 43772] INFO  node.SCMNodeManager (SCMNodeManager.java:register(273)) - Registered Data node : 802c6c9d-4843-417e-8983-b6e40533cc1c{ip: 192.168.69.89, host: pr-hdds-1569-7rqkn-550228749, networkLocation: /default-rack, certSerialId: null}
2019-08-29 08:33:29,652 | INFO  | SCMAudit | user=jenkins1000 | ip=192.168.69.89 | op=REGISTER {datanodeDetails=802c6c9d-4843-417e-8983-b6e40533cc1c{ip: 192.168.69.89, host: pr-hdds-1569-7rqkn-550228749, networkLocation: /default-rack, certSerialId: null}} | ret=SUCCESS |  
2019-08-29 08:33:29,660 [pool-27-thread-1] INFO  impl.RaftServerImpl (RaftServerImpl.java:<init>(93)) - 4da055f9-cd9d-4c6f-9ab8-147a42717fcf: new RaftServerImpl for group-FA2299444F23:[4da055f9-cd9d-4c6f-9ab8-147a42717fcf:192.168.69.89:41539] with ContainerStateMachine:uninitialized
2019-08-29 08:33:29,662 [pool-27-thread-1] INFO  server.RaftServerConfigKeys (ConfUtils.java:logGet(43)) - raft.server.rpc.timeout.min = 1s (custom)
2019-08-29 08:33:29,664 [pool-27-thread-1] INFO  server.RaftServerConfigKeys (ConfUtils.java:logGet(43)) - raft.server.rpc.timeout.max = 1200ms (custom)
2019-08-29 08:33:29,664 [pool-27-thread-1] INFO  server.RaftServerConfigKeys (ConfUtils.java:logGet(43)) - raft.server.rpcslowness.timeout = 120s (custom)
2019-08-29 08:33:29,665 [pool-27-thread-1] INFO  server.RaftServerConfigKeys (ConfUtils.java:logGet(43)) - raft.server.sleep.deviation.threshold = 300 (default)
2019-08-29 08:33:29,666 [pool-27-thread-1] INFO  server.RaftServerConfigKeys (ConfUtils.java:logGet(43)) - raft.server.log.appender.install.snapshot.enabled = false (custom)
2019-08-29 08:33:29,676 [pool-27-thread-1] INFO  impl.RaftServerImpl (ServerState.java:<init>(105)) - 4da055f9-cd9d-4c6f-9ab8-147a42717fcf:group-FA2299444F23 ConfigurationManager, init=-1: [4da055f9-cd9d-4c6f-9ab8-147a42717fcf:192.168.69.89:41539], old=null, confs=<EMPTY_MAP>
2019-08-29 08:33:29,676 [pool-27-thread-1] INFO  server.RaftServerConfigKeys (ConfUtils.java:logGet(43)) - raft.server.storage.dir = [/workdir/hadoop-ozone/integration-test/target/test-dir/MiniOzoneClusterImpl-839c4a83-1072-4184-a39a-41aa01fb846d/datanode-0/data/ratis] (custom)
2019-08-29 08:33:29,686 [pool-27-thread-1] INFO  storage.RaftStorageDirectory (RaftStorageDirectory.java:analyzeStorage(246)) - The storage directory /workdir/hadoop-ozone/integration-test/target/test-dir/MiniOzoneClusterImpl-839c4a83-1072-4184-a39a-41aa01fb846d/datanode-0/data/ratis/8079e211-f4ce-47f0-aaef-fa2299444f23 does not exist. Creating ...
2019-08-29 08:33:29,873 [main] INFO  ozone.MiniOzoneClusterImpl (MiniOzoneClusterImpl.java:lambda$waitForClusterToBeReady$0(142)) - Waiting for cluster to be ready. Got 5 of 10 DN Heartbeats.
2019-08-29 08:33:29,953 [IPC Server handler 2 on 43772] INFO  net.NetworkTopology (NetworkTopologyImpl.java:add(110)) - Added a new node: /default-rack/99586f2f-9d87-40a3-9061-4566008201fd
2019-08-29 08:33:29,953 [IPC Server handler 2 on 43772] INFO  node.SCMNodeManager (SCMNodeManager.java:register(273)) - Registered Data node : 99586f2f-9d87-40a3-9061-4566008201fd{ip: 192.168.69.89, host: pr-hdds-1569-7rqkn-550228749, networkLocation: /default-rack, certSerialId: null}
2019-08-29 08:33:29,953 | INFO  | SCMAudit | user=jenkins1000 | ip=192.168.69.89 | op=REGISTER {datanodeDetails=99586f2f-9d87-40a3-9061-4566008201fd{ip: 192.168.69.89, host: pr-hdds-1569-7rqkn-550228749, networkLocation: /default-rack, certSerialId: null}} | ret=SUCCESS |  
2019-08-29 08:33:30,178 [IPC Server handler 7 on 43772] INFO  net.NetworkTopology (NetworkTopologyImpl.java:add(110)) - Added a new node: /default-rack/bcbb4469-e902-4083-b3d9-1bab9ea4cd29
2019-08-29 08:33:30,178 [IPC Server handler 7 on 43772] INFO  node.SCMNodeManager (SCMNodeManager.java:register(273)) - Registered Data node : bcbb4469-e902-4083-b3d9-1bab9ea4cd29{ip: 192.168.69.89, host: pr-hdds-1569-7rqkn-550228749, networkLocation: /default-rack, certSerialId: null}
2019-08-29 08:33:30,178 | INFO  | SCMAudit | user=jenkins1000 | ip=192.168.69.89 | op=REGISTER {datanodeDetails=bcbb4469-e902-4083-b3d9-1bab9ea4cd29{ip: 192.168.69.89, host: pr-hdds-1569-7rqkn-550228749, networkLocation: /default-rack, certSerialId: null}} | ret=SUCCESS |  
2019-08-29 08:33:30,421 [IPC Server handler 4 on 43772] INFO  net.NetworkTopology (NetworkTopologyImpl.java:add(110)) - Added a new node: /default-rack/fe546585-3c52-42ae-8754-1a35dad17d3f
2019-08-29 08:33:30,421 [IPC Server handler 4 on 43772] INFO  node.SCMNodeManager (SCMNodeManager.java:register(273)) - Registered Data node : fe546585-3c52-42ae-8754-1a35dad17d3f{ip: 192.168.69.89, host: pr-hdds-1569-7rqkn-550228749, networkLocation: /default-rack, certSerialId: null}
2019-08-29 08:33:30,421 | INFO  | SCMAudit | user=jenkins1000 | ip=192.168.69.89 | op=REGISTER {datanodeDetails=fe546585-3c52-42ae-8754-1a35dad17d3f{ip: 192.168.69.89, host: pr-hdds-1569-7rqkn-550228749, networkLocation: /default-rack, certSerialId: null}} | ret=SUCCESS |  
2019-08-29 08:33:30,609 | INFO  | SCMAudit | user=jenkins1000 | ip=192.168.69.89 | op=SEND_HEARTBEAT {datanodeUUID=4da055f9-cd9d-4c6f-9ab8-147a42717fcf, command=[]} | ret=SUCCESS |  
2019-08-29 08:33:30,654 [IPC Server handler 9 on 43772] INFO  net.NetworkTopology (NetworkTopologyImpl.java:add(110)) - Added a new node: /default-rack/129685ee-8122-4333-8930-3eeb8cf836af
2019-08-29 08:33:30,654 [IPC Server handler 9 on 43772] INFO  node.SCMNodeManager (SCMNodeManager.java:register(273)) - Registered Data node : 129685ee-8122-4333-8930-3eeb8cf836af{ip: 192.168.69.89, host: pr-hdds-1569-7rqkn-550228749, networkLocation: /default-rack, certSerialId: null}
2019-08-29 08:33:30,654 | INFO  | SCMAudit | user=jenkins1000 | ip=192.168.69.89 | op=REGISTER {datanodeDetails=129685ee-8122-4333-8930-3eeb8cf836af{ip: 192.168.69.89, host: pr-hdds-1569-7rqkn-550228749, networkLocation: /default-rack, certSerialId: null}} | ret=SUCCESS |  
2019-08-29 08:33:30,875 [main] INFO  ozone.MiniOzoneClusterImpl (MiniOzoneClusterImpl.java:lambda$waitForClusterToBeReady$0(142)) - Waiting for cluster to be ready. Got 9 of 10 DN Heartbeats.
2019-08-29 08:33:30,876 [IPC Server handler 1 on 43772] INFO  net.NetworkTopology (NetworkTopologyImpl.java:add(110)) - Added a new node: /default-rack/f0c18ce4-0e5b-4823-99c8-fd716531bc5f
2019-08-29 08:33:30,876 [IPC Server handler 1 on 43772] INFO  node.SCMNodeManager (SCMNodeManager.java:register(273)) - Registered Data node : f0c18ce4-0e5b-4823-99c8-fd716531bc5f{ip: 192.168.69.89, host: pr-hdds-1569-7rqkn-550228749, networkLocation: /default-rack, certSerialId: null}
2019-08-29 08:33:30,877 | INFO  | SCMAudit | user=jenkins1000 | ip=192.168.69.89 | op=REGISTER {datanodeDetails=f0c18ce4-0e5b-4823-99c8-fd716531bc5f{ip: 192.168.69.89, host: pr-hdds-1569-7rqkn-550228749, networkLocation: /default-rack, certSerialId: null}} | ret=SUCCESS |  
2019-08-29 08:33:30,941 | INFO  | SCMAudit | user=jenkins1000 | ip=192.168.69.89 | op=SEND_HEARTBEAT {datanodeUUID=e7b9916e-4eca-4156-a086-839e4ffd13a0, command=[]} | ret=SUCCESS |  
2019-08-29 08:33:31,375 | INFO  | SCMAudit | user=jenkins1000 | ip=192.168.69.89 | op=SEND_HEARTBEAT {datanodeUUID=7a9bfe55-9a1e-4d2f-9ebd-558835cfe40a, command=[]} | ret=SUCCESS |  
2019-08-29 08:33:31,429 | INFO  | SCMAudit | user=jenkins1000 | ip=192.168.69.89 | op=SEND_HEARTBEAT {datanodeUUID=02bf3283-c6bf-4588-a57c-baa459038378, command=[]} | ret=SUCCESS |  
2019-08-29 08:33:31,597 | INFO  | SCMAudit | user=jenkins1000 | ip=192.168.69.89 | op=SEND_HEARTBEAT {datanodeUUID=4da055f9-cd9d-4c6f-9ab8-147a42717fcf, command=[]} | ret=SUCCESS |  
2019-08-29 08:33:31,642 [Thread-282] INFO  container.ReplicationManager (ReplicationManager.java:start(152)) - Starting Replication Monitor Thread.
2019-08-29 08:33:31,644 [ReplicationMonitor] INFO  container.ReplicationManager (ReplicationManager.java:run(215)) - Replication Monitor Thread took 1 milliseconds for processing 0 containers.
2019-08-29 08:33:31,651 | INFO  | SCMAudit | user=jenkins1000 | ip=192.168.69.89 | op=SEND_HEARTBEAT {datanodeUUID=802c6c9d-4843-417e-8983-b6e40533cc1c, command=[]} | ret=SUCCESS |  
2019-08-29 08:33:31,820 [RATISCREATEPIPELINE1] ERROR pipeline.RatisPipelineProvider (RatisPipelineProvider.java:lambda$null$5(235)) - Failed invoke Ratis rpc org.apache.hadoop.hdds.scm.pipeline.RatisPipelineProvider$$Lambda$171/103026294@7001abbe for 4da055f9-cd9d-4c6f-9ab8-147a42717fcf
org.apache.ratis.protocol.TimeoutIOException: deadline exceeded after 2962019110ns
	at org.apache.ratis.grpc.GrpcUtil.tryUnwrapException(GrpcUtil.java:82)
	at org.apache.ratis.grpc.GrpcUtil.unwrapException(GrpcUtil.java:75)
	at org.apache.ratis.grpc.client.GrpcClientProtocolClient.blockingCall(GrpcClientProtocolClient.java:169)
	at org.apache.ratis.grpc.client.GrpcClientProtocolClient.groupAdd(GrpcClientProtocolClient.java:138)
	at org.apache.ratis.grpc.client.GrpcClientRpc.sendRequest(GrpcClientRpc.java:94)
	at org.apache.ratis.client.impl.RaftClientImpl.sendRequest(RaftClientImpl.java:279)
	at org.apache.ratis.client.impl.RaftClientImpl.groupAdd(RaftClientImpl.java:206)
	at org.apache.hadoop.hdds.scm.pipeline.RatisPipelineProvider.lambda$initializePipeline$4(RatisPipelineProvider.java:194)
	at org.apache.hadoop.hdds.scm.pipeline.RatisPipelineProvider.lambda$null$5(RatisPipelineProvider.java:231)
	at java.util.stream.ForEachOps$ForEachOp$OfRef.accept(ForEachOps.java:184)
	at java.util.ArrayList$ArrayListSpliterator.forEachRemaining(ArrayList.java:1382)
	at java.util.stream.AbstractPipeline.copyInto(AbstractPipeline.java:482)
	at java.util.stream.ForEachOps$ForEachTask.compute(ForEachOps.java:291)
	at java.util.concurrent.CountedCompleter.exec(CountedCompleter.java:731)
	at java.util.concurrent.ForkJoinTask.doExec(ForkJoinTask.java:289)
	at java.util.concurrent.ForkJoinTask.doInvoke(ForkJoinTask.java:401)
	at java.util.concurrent.ForkJoinTask.invoke(ForkJoinTask.java:734)
	at java.util.stream.ForEachOps$ForEachOp.evaluateParallel(ForEachOps.java:160)
	at java.util.stream.ForEachOps$ForEachOp$OfRef.evaluateParallel(ForEachOps.java:174)
	at java.util.stream.AbstractPipeline.evaluate(AbstractPipeline.java:233)
	at java.util.stream.ReferencePipeline.forEach(ReferencePipeline.java:418)
	at java.util.stream.ReferencePipeline$Head.forEach(ReferencePipeline.java:583)
	at org.apache.hadoop.hdds.scm.pipeline.RatisPipelineProvider.lambda$callRatisRpc$6(RatisPipelineProvider.java:225)
	at java.util.concurrent.ForkJoinTask$AdaptedRunnableAction.exec(ForkJoinTask.java:1386)
	at java.util.concurrent.ForkJoinTask.doExec(ForkJoinTask.java:289)
	at java.util.concurrent.ForkJoinPool$WorkQueue.runTask(ForkJoinPool.java:1056)
	at java.util.concurrent.ForkJoinPool.runWorker(ForkJoinPool.java:1692)
	at java.util.concurrent.ForkJoinWorkerThread.run(ForkJoinWorkerThread.java:157)
Caused by: org.apache.ratis.thirdparty.io.grpc.StatusRuntimeException: DEADLINE_EXCEEDED: deadline exceeded after 2962019110ns
	at org.apache.ratis.thirdparty.io.grpc.stub.ClientCalls.toStatusRuntimeException(ClientCalls.java:233)
	at org.apache.ratis.thirdparty.io.grpc.stub.ClientCalls.getUnchecked(ClientCalls.java:214)
	at org.apache.ratis.thirdparty.io.grpc.stub.ClientCalls.blockingUnaryCall(ClientCalls.java:139)
	at org.apache.ratis.proto.grpc.AdminProtocolServiceGrpc$AdminProtocolServiceBlockingStub.groupManagement(AdminProtocolServiceGrpc.java:274)
	at org.apache.ratis.grpc.client.GrpcClientProtocolClient.lambda$groupAdd$3(GrpcClientProtocolClient.java:140)
	at org.apache.ratis.grpc.client.GrpcClientProtocolClient.blockingCall(GrpcClientProtocolClient.java:167)
	... 25 more
2019-08-29 08:33:31,874 [grpc-default-executor-1] INFO  impl.RaftServerProxy (RaftServerProxy.java:addNew(89)) - fe546585-3c52-42ae-8754-1a35dad17d3f: addNew group-1043D396F2BA:[802c6c9d-4843-417e-8983-b6e40533cc1c:192.168.69.89:37103, 129685ee-8122-4333-8930-3eeb8cf836af:192.168.69.89:45580, fe546585-3c52-42ae-8754-1a35dad17d3f:192.168.69.89:45996] returns group-1043D396F2BA:java.util.concurrent.CompletableFuture@14403b69[Not completed]
2019-08-29 08:33:31,876 [main] INFO  ozone.MiniOzoneClusterImpl (MiniOzoneClusterImpl.java:lambda$waitForClusterToBeReady$0(142)) - Cluster is ready. Got 10 of 10 DN Heartbeats.
2019-08-29 08:33:31,877 [grpc-default-executor-0] INFO  impl.RaftServerProxy (RaftServerProxy.java:addNew(89)) - 129685ee-8122-4333-8930-3eeb8cf836af: addNew group-1043D396F2BA:[802c6c9d-4843-417e-8983-b6e40533cc1c:192.168.69.89:37103, 129685ee-8122-4333-8930-3eeb8cf836af:192.168.69.89:45580, fe546585-3c52-42ae-8754-1a35dad17d3f:192.168.69.89:45996] returns group-1043D396F2BA:java.util.concurrent.CompletableFuture@63215ac5[Not completed]
2019-08-29 08:33:31,878 [grpc-default-executor-2] INFO  impl.RaftServerProxy (RaftServerProxy.java:addNew(89)) - 802c6c9d-4843-417e-8983-b6e40533cc1c: addNew group-1043D396F2BA:[802c6c9d-4843-417e-8983-b6e40533cc1c:192.168.69.89:37103, 129685ee-8122-4333-8930-3eeb8cf836af:192.168.69.89:45580, fe546585-3c52-42ae-8754-1a35dad17d3f:192.168.69.89:45996] returns group-1043D396F2BA:java.util.concurrent.CompletableFuture@39c443b8[Not completed]
2019-08-29 08:33:31,935 [pool-104-thread-1] INFO  impl.RaftServerImpl (RaftServerImpl.java:<init>(93)) - fe546585-3c52-42ae-8754-1a35dad17d3f: new RaftServerImpl for group-1043D396F2BA:[802c6c9d-4843-417e-8983-b6e40533cc1c:192.168.69.89:37103, 129685ee-8122-4333-8930-3eeb8cf836af:192.168.69.89:45580, fe546585-3c52-42ae-8754-1a35dad17d3f:192.168.69.89:45996] with ContainerStateMachine:uninitialized
2019-08-29 08:33:31,937 [pool-104-thread-1] INFO  server.RaftServerConfigKeys (ConfUtils.java:logGet(43)) - raft.server.rpc.timeout.min = 1s (custom)
2019-08-29 08:33:31,949 [pool-104-thread-1] INFO  server.RaftServerConfigKeys (ConfUtils.java:logGet(43)) - raft.server.rpc.timeout.max = 1200ms (custom)
2019-08-29 08:33:31,949 [pool-104-thread-1] INFO  server.RaftServerConfigKeys (ConfUtils.java:logGet(43)) - raft.server.rpcslowness.timeout = 120s (custom)
2019-08-29 08:33:31,949 [pool-104-thread-1] INFO  server.RaftServerConfigKeys (ConfUtils.java:logGet(43)) - raft.server.sleep.deviation.threshold = 300 (default)
2019-08-29 08:33:31,949 [pool-104-thread-1] INFO  server.RaftServerConfigKeys (ConfUtils.java:logGet(43)) - raft.server.log.appender.install.snapshot.enabled = false (custom)
2019-08-29 08:33:31,951 [pool-104-thread-1] INFO  impl.RaftServerImpl (ServerState.java:<init>(105)) - fe546585-3c52-42ae-8754-1a35dad17d3f:group-1043D396F2BA ConfigurationManager, init=-1: [802c6c9d-4843-417e-8983-b6e40533cc1c:192.168.69.89:37103, 129685ee-8122-4333-8930-3eeb8cf836af:192.168.69.89:45580, fe546585-3c52-42ae-8754-1a35dad17d3f:192.168.69.89:45996], old=null, confs=<EMPTY_MAP>
2019-08-29 08:33:31,954 [pool-71-thread-1] INFO  impl.RaftServerImpl (RaftServerImpl.java:<init>(93)) - 802c6c9d-4843-417e-8983-b6e40533cc1c: new RaftServerImpl for group-1043D396F2BA:[802c6c9d-4843-417e-8983-b6e40533cc1c:192.168.69.89:37103, 129685ee-8122-4333-8930-3eeb8cf836af:192.168.69.89:45580, fe546585-3c52-42ae-8754-1a35dad17d3f:192.168.69.89:45996] with ContainerStateMachine:uninitialized
2019-08-29 08:33:31,954 | INFO  | SCMAudit | user=jenkins1000 | ip=192.168.69.89 | op=SEND_HEARTBEAT {datanodeUUID=e7b9916e-4eca-4156-a086-839e4ffd13a0, command=[]} | ret=SUCCESS |  
2019-08-29 08:33:31,954 | INFO  | SCMAudit | user=jenkins1000 | ip=192.168.69.89 | op=SEND_HEARTBEAT {datanodeUUID=99586f2f-9d87-40a3-9061-4566008201fd, command=[]} | ret=SUCCESS |  
2019-08-29 08:33:31,954 [pool-104-thread-1] INFO  server.RaftServerConfigKeys (ConfUtils.java:logGet(43)) - raft.server.storage.dir = [/workdir/hadoop-ozone/integration-test/target/test-dir/MiniOzoneClusterImpl-839c4a83-1072-4184-a39a-41aa01fb846d/datanode-7/data/ratis] (custom)
2019-08-29 08:33:31,954 [pool-71-thread-1] INFO  server.RaftServerConfigKeys (ConfUtils.java:logGet(43)) - raft.server.rpc.timeout.min = 1s (custom)
2019-08-29 08:33:31,954 [pool-71-thread-1] INFO  server.RaftServerConfigKeys (ConfUtils.java:logGet(43)) - raft.server.rpc.timeout.max = 1200ms (custom)
2019-08-29 08:33:31,954 [pool-71-thread-1] INFO  server.RaftServerConfigKeys (ConfUtils.java:logGet(43)) - raft.server.rpcslowness.timeout = 120s (custom)
2019-08-29 08:33:31,954 [pool-71-thread-1] INFO  server.RaftServerConfigKeys (ConfUtils.java:logGet(43)) - raft.server.sleep.deviation.threshold = 300 (default)
2019-08-29 08:33:31,954 [pool-104-thread-1] INFO  storage.RaftStorageDirectory (RaftStorageDirectory.java:analyzeStorage(246)) - The storage directory /workdir/hadoop-ozone/integration-test/target/test-dir/MiniOzoneClusterImpl-839c4a83-1072-4184-a39a-41aa01fb846d/datanode-7/data/ratis/7acb3d0f-f7f8-49f7-960d-1043d396f2ba does not exist. Creating ...
2019-08-29 08:33:31,956 [pool-71-thread-1] INFO  server.RaftServerConfigKeys (ConfUtils.java:logGet(43)) - raft.server.log.appender.install.snapshot.enabled = false (custom)
2019-08-29 08:33:31,959 [pool-115-thread-1] INFO  impl.RaftServerImpl (RaftServerImpl.java:<init>(93)) - 129685ee-8122-4333-8930-3eeb8cf836af: new RaftServerImpl for group-1043D396F2BA:[802c6c9d-4843-417e-8983-b6e40533cc1c:192.168.69.89:37103, 129685ee-8122-4333-8930-3eeb8cf836af:192.168.69.89:45580, fe546585-3c52-42ae-8754-1a35dad17d3f:192.168.69.89:45996] with ContainerStateMachine:uninitialized
2019-08-29 08:33:31,959 [pool-71-thread-1] INFO  impl.RaftServerImpl (ServerState.java:<init>(105)) - 802c6c9d-4843-417e-8983-b6e40533cc1c:group-1043D396F2BA ConfigurationManager, init=-1: [802c6c9d-4843-417e-8983-b6e40533cc1c:192.168.69.89:37103, 129685ee-8122-4333-8930-3eeb8cf836af:192.168.69.89:45580, fe546585-3c52-42ae-8754-1a35dad17d3f:192.168.69.89:45996], old=null, confs=<EMPTY_MAP>
2019-08-29 08:33:31,959 [pool-115-thread-1] INFO  server.RaftServerConfigKeys (ConfUtils.java:logGet(43)) - raft.server.rpc.timeout.min = 1s (custom)
2019-08-29 08:33:31,959 [pool-71-thread-1] INFO  server.RaftServerConfigKeys (ConfUtils.java:logGet(43)) - raft.server.storage.dir = [/workdir/hadoop-ozone/integration-test/target/test-dir/MiniOzoneClusterImpl-839c4a83-1072-4184-a39a-41aa01fb846d/datanode-4/data/ratis] (custom)
2019-08-29 08:33:31,959 [pool-115-thread-1] INFO  server.RaftServerConfigKeys (ConfUtils.java:logGet(43)) - raft.server.rpc.timeout.max = 1200ms (custom)
2019-08-29 08:33:31,959 [pool-115-thread-1] INFO  server.RaftServerConfigKeys (ConfUtils.java:logGet(43)) - raft.server.rpcslowness.timeout = 120s (custom)
2019-08-29 08:33:31,959 [pool-71-thread-1] INFO  storage.RaftStorageDirectory (RaftStorageDirectory.java:analyzeStorage(246)) - The storage directory /workdir/hadoop-ozone/integration-test/target/test-dir/MiniOzoneClusterImpl-839c4a83-1072-4184-a39a-41aa01fb846d/datanode-4/data/ratis/7acb3d0f-f7f8-49f7-960d-1043d396f2ba does not exist. Creating ...
2019-08-29 08:33:31,959 [pool-115-thread-1] INFO  server.RaftServerConfigKeys (ConfUtils.java:logGet(43)) - raft.server.sleep.deviation.threshold = 300 (default)
2019-08-29 08:33:31,959 [pool-115-thread-1] INFO  server.RaftServerConfigKeys (ConfUtils.java:logGet(43)) - raft.server.log.appender.install.snapshot.enabled = false (custom)
2019-08-29 08:33:31,960 [pool-115-thread-1] INFO  impl.RaftServerImpl (ServerState.java:<init>(105)) - 129685ee-8122-4333-8930-3eeb8cf836af:group-1043D396F2BA ConfigurationManager, init=-1: [802c6c9d-4843-417e-8983-b6e40533cc1c:192.168.69.89:37103, 129685ee-8122-4333-8930-3eeb8cf836af:192.168.69.89:45580, fe546585-3c52-42ae-8754-1a35dad17d3f:192.168.69.89:45996], old=null, confs=<EMPTY_MAP>
2019-08-29 08:33:31,960 [pool-115-thread-1] INFO  server.RaftServerConfigKeys (ConfUtils.java:logGet(43)) - raft.server.storage.dir = [/workdir/hadoop-ozone/integration-test/target/test-dir/MiniOzoneClusterImpl-839c4a83-1072-4184-a39a-41aa01fb846d/datanode-8/data/ratis] (custom)
2019-08-29 08:33:31,960 [pool-115-thread-1] INFO  storage.RaftStorageDirectory (RaftStorageDirectory.java:analyzeStorage(246)) - The storage directory /workdir/hadoop-ozone/integration-test/target/test-dir/MiniOzoneClusterImpl-839c4a83-1072-4184-a39a-41aa01fb846d/datanode-8/data/ratis/7acb3d0f-f7f8-49f7-960d-1043d396f2ba does not exist. Creating ...
2019-08-29 08:33:32,176 | INFO  | SCMAudit | user=jenkins1000 | ip=192.168.69.89 | op=SEND_HEARTBEAT {datanodeUUID=bcbb4469-e902-4083-b3d9-1bab9ea4cd29, command=[]} | ret=SUCCESS |  
2019-08-29 08:33:32,242 [main] INFO  rpc.RpcClient (RpcClient.java:createVolume(293)) - Creating Volume: datanodefailurehandlingtest, with jenkins1000 as owner.
2019-08-29 08:33:32,264 | INFO  | OMAudit | user=jenkins1000 | ip=127.0.0.1 | op=CREATE_VOLUME {admin=jenkins1000, owner=jenkins1000, volume=datanodefailurehandlingtest, creationTime=1567067612260, quotaInBytes=1152921504606846976} | ret=SUCCESS |  
2019-08-29 08:33:32,282 | INFO  | OMAudit | user=jenkins1000 | ip=127.0.0.1 | op=READ_VOLUME {volume=datanodefailurehandlingtest} | ret=SUCCESS |  
2019-08-29 08:33:32,287 [main] INFO  rpc.RpcClient (RpcClient.java:createBucket(432)) - Creating Bucket: datanodefailurehandlingtest/datanodefailurehandlingtest, with Versioning false and Storage Type set to DISK and Encryption set to false 
2019-08-29 08:33:32,301 | INFO  | OMAudit | user=jenkins1000 | ip=127.0.0.1 | op=CREATE_BUCKET {volume=datanodefailurehandlingtest, bucket=datanodefailurehandlingtest, acls=[user:jenkins1000:a[ACCESS], group:default:a[ACCESS]], isVersionEnabled=false, storageType=DISK, creationTime=0} | ret=SUCCESS |  
2019-08-29 08:33:32,307 | INFO  | OMAudit | user=jenkins1000 | ip=127.0.0.1 | op=READ_VOLUME {volume=datanodefailurehandlingtest} | ret=SUCCESS |  
2019-08-29 08:33:32,314 | INFO  | OMAudit | user=jenkins1000 | ip=127.0.0.1 | op=READ_BUCKET {volume=datanodefailurehandlingtest, bucket=datanodefailurehandlingtest} | ret=SUCCESS |  
2019-08-29 08:33:32,375 | INFO  | SCMAudit | user=jenkins1000 | ip=192.168.69.89 | op=SEND_HEARTBEAT {datanodeUUID=7a9bfe55-9a1e-4d2f-9ebd-558835cfe40a, command=[]} | ret=SUCCESS |  
2019-08-29 08:33:32,451 | INFO  | SCMAudit | user=jenkins1000 | ip=192.168.69.89 | op=SEND_HEARTBEAT {datanodeUUID=fe546585-3c52-42ae-8754-1a35dad17d3f, command=[]} | ret=SUCCESS |  
2019-08-29 08:33:32,451 | INFO  | SCMAudit | user=jenkins1000 | ip=192.168.69.89 | op=SEND_HEARTBEAT {datanodeUUID=02bf3283-c6bf-4588-a57c-baa459038378, command=[]} | ret=SUCCESS |  
2019-08-29 08:33:32,594 | INFO  | SCMAudit | user=jenkins1000 | ip=192.168.69.89 | op=SEND_HEARTBEAT {datanodeUUID=4da055f9-cd9d-4c6f-9ab8-147a42717fcf, command=[]} | ret=SUCCESS |  
2019-08-29 08:33:32,639 | INFO  | SCMAudit | user=jenkins1000 | ip=192.168.69.89 | op=SEND_HEARTBEAT {datanodeUUID=129685ee-8122-4333-8930-3eeb8cf836af, command=[]} | ret=SUCCESS |  
2019-08-29 08:33:32,649 | INFO  | SCMAudit | user=jenkins1000 | ip=192.168.69.89 | op=SEND_HEARTBEAT {datanodeUUID=802c6c9d-4843-417e-8983-b6e40533cc1c, command=[]} | ret=SUCCESS |  
2019-08-29 08:33:32,872 | INFO  | SCMAudit | user=jenkins1000 | ip=192.168.69.89 | op=SEND_HEARTBEAT {datanodeUUID=f0c18ce4-0e5b-4823-99c8-fd716531bc5f, command=[]} | ret=SUCCESS |  
2019-08-29 08:33:32,937 | INFO  | SCMAudit | user=jenkins1000 | ip=192.168.69.89 | op=SEND_HEARTBEAT {datanodeUUID=e7b9916e-4eca-4156-a086-839e4ffd13a0, command=[]} | ret=SUCCESS |  
2019-08-29 08:33:32,950 | INFO  | SCMAudit | user=jenkins1000 | ip=192.168.69.89 | op=SEND_HEARTBEAT {datanodeUUID=99586f2f-9d87-40a3-9061-4566008201fd, command=[]} | ret=SUCCESS |  
2019-08-29 08:33:33,174 | INFO  | SCMAudit | user=jenkins1000 | ip=192.168.69.89 | op=SEND_HEARTBEAT {datanodeUUID=bcbb4469-e902-4083-b3d9-1bab9ea4cd29, command=[]} | ret=SUCCESS |  
2019-08-29 08:33:33,372 | INFO  | SCMAudit | user=jenkins1000 | ip=192.168.69.89 | op=SEND_HEARTBEAT {datanodeUUID=7a9bfe55-9a1e-4d2f-9ebd-558835cfe40a, command=[]} | ret=SUCCESS |  
2019-08-29 08:33:33,418 | INFO  | SCMAudit | user=jenkins1000 | ip=192.168.69.89 | op=SEND_HEARTBEAT {datanodeUUID=fe546585-3c52-42ae-8754-1a35dad17d3f, command=[]} | ret=SUCCESS |  
2019-08-29 08:33:33,442 | INFO  | SCMAudit | user=jenkins1000 | ip=192.168.69.89 | op=SEND_HEARTBEAT {datanodeUUID=02bf3283-c6bf-4588-a57c-baa459038378, command=[]} | ret=SUCCESS |  
2019-08-29 08:33:33,595 | INFO  | SCMAudit | user=jenkins1000 | ip=192.168.69.89 | op=SEND_HEARTBEAT {datanodeUUID=4da055f9-cd9d-4c6f-9ab8-147a42717fcf, command=[]} | ret=SUCCESS |  
2019-08-29 08:33:33,639 | INFO  | SCMAudit | user=jenkins1000 | ip=192.168.69.89 | op=SEND_HEARTBEAT {datanodeUUID=129685ee-8122-4333-8930-3eeb8cf836af, command=[]} | ret=SUCCESS |  
2019-08-29 08:33:33,649 | INFO  | SCMAudit | user=jenkins1000 | ip=192.168.69.89 | op=SEND_HEARTBEAT {datanodeUUID=802c6c9d-4843-417e-8983-b6e40533cc1c, command=[]} | ret=SUCCESS |  
2019-08-29 08:33:33,734 [pool-27-thread-1] INFO  storage.RaftStorageDirectory (RaftStorageDirectory.java:tryLock(328)) - Lock on /workdir/hadoop-ozone/integration-test/target/test-dir/MiniOzoneClusterImpl-839c4a83-1072-4184-a39a-41aa01fb846d/datanode-0/data/ratis/8079e211-f4ce-47f0-aaef-fa2299444f23/in_use.lock acquired by nodename 9793@pr-hdds-1569-7rqkn-550228749
2019-08-29 08:33:33,872 | INFO  | SCMAudit | user=jenkins1000 | ip=192.168.69.89 | op=SEND_HEARTBEAT {datanodeUUID=f0c18ce4-0e5b-4823-99c8-fd716531bc5f, command=[]} | ret=SUCCESS |  
2019-08-29 08:33:33,937 | INFO  | SCMAudit | user=jenkins1000 | ip=192.168.69.89 | op=SEND_HEARTBEAT {datanodeUUID=e7b9916e-4eca-4156-a086-839e4ffd13a0, command=[]} | ret=SUCCESS |  
2019-08-29 08:33:33,951 | INFO  | SCMAudit | user=jenkins1000 | ip=192.168.69.89 | op=SEND_HEARTBEAT {datanodeUUID=99586f2f-9d87-40a3-9061-4566008201fd, command=[]} | ret=SUCCESS |  
2019-08-29 08:33:34,174 | INFO  | SCMAudit | user=jenkins1000 | ip=192.168.69.89 | op=SEND_HEARTBEAT {datanodeUUID=bcbb4469-e902-4083-b3d9-1bab9ea4cd29, command=[]} | ret=SUCCESS |  
2019-08-29 08:33:34,372 | INFO  | SCMAudit | user=jenkins1000 | ip=192.168.69.89 | op=SEND_HEARTBEAT {datanodeUUID=7a9bfe55-9a1e-4d2f-9ebd-558835cfe40a, command=[]} | ret=SUCCESS |  
2019-08-29 08:33:34,418 | INFO  | SCMAudit | user=jenkins1000 | ip=192.168.69.89 | op=SEND_HEARTBEAT {datanodeUUID=fe546585-3c52-42ae-8754-1a35dad17d3f, command=[]} | ret=SUCCESS |  
2019-08-29 08:33:34,425 [pool-71-thread-1] INFO  storage.RaftStorageDirectory (RaftStorageDirectory.java:tryLock(328)) - Lock on /workdir/hadoop-ozone/integration-test/target/test-dir/MiniOzoneClusterImpl-839c4a83-1072-4184-a39a-41aa01fb846d/datanode-4/data/ratis/7acb3d0f-f7f8-49f7-960d-1043d396f2ba/in_use.lock acquired by nodename 9793@pr-hdds-1569-7rqkn-550228749
2019-08-29 08:33:34,425 [pool-115-thread-1] INFO  storage.RaftStorageDirectory (RaftStorageDirectory.java:tryLock(328)) - Lock on /workdir/hadoop-ozone/integration-test/target/test-dir/MiniOzoneClusterImpl-839c4a83-1072-4184-a39a-41aa01fb846d/datanode-8/data/ratis/7acb3d0f-f7f8-49f7-960d-1043d396f2ba/in_use.lock acquired by nodename 9793@pr-hdds-1569-7rqkn-550228749
2019-08-29 08:33:34,425 [pool-104-thread-1] INFO  storage.RaftStorageDirectory (RaftStorageDirectory.java:tryLock(328)) - Lock on /workdir/hadoop-ozone/integration-test/target/test-dir/MiniOzoneClusterImpl-839c4a83-1072-4184-a39a-41aa01fb846d/datanode-7/data/ratis/7acb3d0f-f7f8-49f7-960d-1043d396f2ba/in_use.lock acquired by nodename 9793@pr-hdds-1569-7rqkn-550228749
2019-08-29 08:33:34,443 | INFO  | SCMAudit | user=jenkins1000 | ip=192.168.69.89 | op=SEND_HEARTBEAT {datanodeUUID=02bf3283-c6bf-4588-a57c-baa459038378, command=[]} | ret=SUCCESS |  
2019-08-29 08:33:34,595 | INFO  | SCMAudit | user=jenkins1000 | ip=192.168.69.89 | op=SEND_HEARTBEAT {datanodeUUID=4da055f9-cd9d-4c6f-9ab8-147a42717fcf, command=[]} | ret=SUCCESS |  
2019-08-29 08:33:34,639 | INFO  | SCMAudit | user=jenkins1000 | ip=192.168.69.89 | op=SEND_HEARTBEAT {datanodeUUID=129685ee-8122-4333-8930-3eeb8cf836af, command=[]} | ret=SUCCESS |  
2019-08-29 08:33:34,648 | INFO  | SCMAudit | user=jenkins1000 | ip=192.168.69.89 | op=SEND_HEARTBEAT {datanodeUUID=802c6c9d-4843-417e-8983-b6e40533cc1c, command=[]} | ret=SUCCESS |  
2019-08-29 08:33:34,842 [RATISCREATEPIPELINE2] ERROR pipeline.RatisPipelineProvider (RatisPipelineProvider.java:lambda$null$5(235)) - Failed invoke Ratis rpc org.apache.hadoop.hdds.scm.pipeline.RatisPipelineProvider$$Lambda$171/103026294@9ef3891 for fe546585-3c52-42ae-8754-1a35dad17d3f
org.apache.ratis.protocol.TimeoutIOException: deadline exceeded after 2996978337ns
	at org.apache.ratis.grpc.GrpcUtil.tryUnwrapException(GrpcUtil.java:82)
	at org.apache.ratis.grpc.GrpcUtil.unwrapException(GrpcUtil.java:75)
	at org.apache.ratis.grpc.client.GrpcClientProtocolClient.blockingCall(GrpcClientProtocolClient.java:169)
	at org.apache.ratis.grpc.client.GrpcClientProtocolClient.groupAdd(GrpcClientProtocolClient.java:138)
	at org.apache.ratis.grpc.client.GrpcClientRpc.sendRequest(GrpcClientRpc.java:94)
	at org.apache.ratis.client.impl.RaftClientImpl.sendRequest(RaftClientImpl.java:279)
	at org.apache.ratis.client.impl.RaftClientImpl.groupAdd(RaftClientImpl.java:206)
	at org.apache.hadoop.hdds.scm.pipeline.RatisPipelineProvider.lambda$initializePipeline$4(RatisPipelineProvider.java:194)
	at org.apache.hadoop.hdds.scm.pipeline.RatisPipelineProvider.lambda$null$5(RatisPipelineProvider.java:231)
	at java.util.stream.ForEachOps$ForEachOp$OfRef.accept(ForEachOps.java:184)
	at java.util.ArrayList$ArrayListSpliterator.forEachRemaining(ArrayList.java:1382)
	at java.util.stream.AbstractPipeline.copyInto(AbstractPipeline.java:482)
	at java.util.stream.ForEachOps$ForEachTask.compute(ForEachOps.java:291)
	at java.util.concurrent.CountedCompleter.exec(CountedCompleter.java:731)
	at java.util.concurrent.ForkJoinTask.doExec(ForkJoinTask.java:289)
	at java.util.concurrent.ForkJoinPool$WorkQueue.runTask(ForkJoinPool.java:1056)
	at java.util.concurrent.ForkJoinPool.runWorker(ForkJoinPool.java:1692)
	at java.util.concurrent.ForkJoinWorkerThread.run(ForkJoinWorkerThread.java:157)
Caused by: org.apache.ratis.thirdparty.io.grpc.StatusRuntimeException: DEADLINE_EXCEEDED: deadline exceeded after 2996978337ns
	at org.apache.ratis.thirdparty.io.grpc.stub.ClientCalls.toStatusRuntimeException(ClientCalls.java:233)
	at org.apache.ratis.thirdparty.io.grpc.stub.ClientCalls.getUnchecked(ClientCalls.java:214)
	at org.apache.ratis.thirdparty.io.grpc.stub.ClientCalls.blockingUnaryCall(ClientCalls.java:139)
	at org.apache.ratis.proto.grpc.AdminProtocolServiceGrpc$AdminProtocolServiceBlockingStub.groupManagement(AdminProtocolServiceGrpc.java:274)
	at org.apache.ratis.grpc.client.GrpcClientProtocolClient.lambda$groupAdd$3(GrpcClientProtocolClient.java:140)
	at org.apache.ratis.grpc.client.GrpcClientProtocolClient.blockingCall(GrpcClientProtocolClient.java:167)
	... 15 more
2019-08-29 08:33:34,842 [RATISCREATEPIPELINE1] ERROR pipeline.RatisPipelineProvider (RatisPipelineProvider.java:lambda$null$5(235)) - Failed invoke Ratis rpc org.apache.hadoop.hdds.scm.pipeline.RatisPipelineProvider$$Lambda$171/103026294@9ef3891 for 802c6c9d-4843-417e-8983-b6e40533cc1c
org.apache.ratis.protocol.TimeoutIOException: deadline exceeded after 2999752948ns
	at org.apache.ratis.grpc.GrpcUtil.tryUnwrapException(GrpcUtil.java:82)
	at org.apache.ratis.grpc.GrpcUtil.unwrapException(GrpcUtil.java:75)
	at org.apache.ratis.grpc.client.GrpcClientProtocolClient.blockingCall(GrpcClientProtocolClient.java:169)
	at org.apache.ratis.grpc.client.GrpcClientProtocolClient.groupAdd(GrpcClientProtocolClient.java:138)
	at org.apache.ratis.grpc.client.GrpcClientRpc.sendRequest(GrpcClientRpc.java:94)
	at org.apache.ratis.client.impl.RaftClientImpl.sendRequest(RaftClientImpl.java:279)
	at org.apache.ratis.client.impl.RaftClientImpl.groupAdd(RaftClientImpl.java:206)
	at org.apache.hadoop.hdds.scm.pipeline.RatisPipelineProvider.lambda$initializePipeline$4(RatisPipelineProvider.java:194)
	at org.apache.hadoop.hdds.scm.pipeline.RatisPipelineProvider.lambda$null$5(RatisPipelineProvider.java:231)
	at java.util.stream.ForEachOps$ForEachOp$OfRef.accept(ForEachOps.java:184)
	at java.util.ArrayList$ArrayListSpliterator.forEachRemaining(ArrayList.java:1382)
	at java.util.stream.AbstractPipeline.copyInto(AbstractPipeline.java:482)
	at java.util.stream.ForEachOps$ForEachTask.compute(ForEachOps.java:291)
	at java.util.concurrent.CountedCompleter.exec(CountedCompleter.java:731)
	at java.util.concurrent.ForkJoinTask.doExec(ForkJoinTask.java:289)
	at java.util.concurrent.ForkJoinTask.doInvoke(ForkJoinTask.java:401)
	at java.util.concurrent.ForkJoinTask.invoke(ForkJoinTask.java:734)
	at java.util.stream.ForEachOps$ForEachOp.evaluateParallel(ForEachOps.java:160)
	at java.util.stream.ForEachOps$ForEachOp$OfRef.evaluateParallel(ForEachOps.java:174)
	at java.util.stream.AbstractPipeline.evaluate(AbstractPipeline.java:233)
	at java.util.stream.ReferencePipeline.forEach(ReferencePipeline.java:418)
	at java.util.stream.ReferencePipeline$Head.forEach(ReferencePipeline.java:583)
	at org.apache.hadoop.hdds.scm.pipeline.RatisPipelineProvider.lambda$callRatisRpc$6(RatisPipelineProvider.java:225)
	at java.util.concurrent.ForkJoinTask$AdaptedRunnableAction.exec(ForkJoinTask.java:1386)
	at java.util.concurrent.ForkJoinTask.doExec(ForkJoinTask.java:289)
	at java.util.concurrent.ForkJoinPool$WorkQueue.runTask(ForkJoinPool.java:1056)
	at java.util.concurrent.ForkJoinPool.runWorker(ForkJoinPool.java:1692)
	at java.util.concurrent.ForkJoinWorkerThread.run(ForkJoinWorkerThread.java:157)
Caused by: org.apache.ratis.thirdparty.io.grpc.StatusRuntimeException: DEADLINE_EXCEEDED: deadline exceeded after 2999752948ns
	at org.apache.ratis.thirdparty.io.grpc.stub.ClientCalls.toStatusRuntimeException(ClientCalls.java:233)
	at org.apache.ratis.thirdparty.io.grpc.stub.ClientCalls.getUnchecked(ClientCalls.java:214)
	at org.apache.ratis.thirdparty.io.grpc.stub.ClientCalls.blockingUnaryCall(ClientCalls.java:139)
	at org.apache.ratis.proto.grpc.AdminProtocolServiceGrpc$AdminProtocolServiceBlockingStub.groupManagement(AdminProtocolServiceGrpc.java:274)
	at org.apache.ratis.grpc.client.GrpcClientProtocolClient.lambda$groupAdd$3(GrpcClientProtocolClient.java:140)
	at org.apache.ratis.grpc.client.GrpcClientProtocolClient.blockingCall(GrpcClientProtocolClient.java:167)
	... 25 more
2019-08-29 08:33:34,872 | INFO  | SCMAudit | user=jenkins1000 | ip=192.168.69.89 | op=SEND_HEARTBEAT {datanodeUUID=f0c18ce4-0e5b-4823-99c8-fd716531bc5f, command=[]} | ret=SUCCESS |  
2019-08-29 08:33:34,858 [RATISCREATEPIPELINE3] ERROR pipeline.RatisPipelineProvider (RatisPipelineProvider.java:lambda$null$5(235)) - Failed invoke Ratis rpc org.apache.hadoop.hdds.scm.pipeline.RatisPipelineProvider$$Lambda$171/103026294@9ef3891 for 129685ee-8122-4333-8930-3eeb8cf836af
org.apache.ratis.protocol.TimeoutIOException: deadline exceeded after 2999752930ns
	at org.apache.ratis.grpc.GrpcUtil.tryUnwrapException(GrpcUtil.java:82)
	at org.apache.ratis.grpc.GrpcUtil.unwrapException(GrpcUtil.java:75)
	at org.apache.ratis.grpc.client.GrpcClientProtocolClient.blockingCall(GrpcClientProtocolClient.java:169)
	at org.apache.ratis.grpc.client.GrpcClientProtocolClient.groupAdd(GrpcClientProtocolClient.java:138)
	at org.apache.ratis.grpc.client.GrpcClientRpc.sendRequest(GrpcClientRpc.java:94)
	at org.apache.ratis.client.impl.RaftClientImpl.sendRequest(RaftClientImpl.java:279)
	at org.apache.ratis.client.impl.RaftClientImpl.groupAdd(RaftClientImpl.java:206)
	at org.apache.hadoop.hdds.scm.pipeline.RatisPipelineProvider.lambda$initializePipeline$4(RatisPipelineProvider.java:194)
	at org.apache.hadoop.hdds.scm.pipeline.RatisPipelineProvider.lambda$null$5(RatisPipelineProvider.java:231)
	at java.util.stream.ForEachOps$ForEachOp$OfRef.accept(ForEachOps.java:184)
	at java.util.ArrayList$ArrayListSpliterator.forEachRemaining(ArrayList.java:1382)
	at java.util.stream.AbstractPipeline.copyInto(AbstractPipeline.java:482)
	at java.util.stream.ForEachOps$ForEachTask.compute(ForEachOps.java:291)
	at java.util.concurrent.CountedCompleter.exec(CountedCompleter.java:731)
	at java.util.concurrent.ForkJoinTask.doExec(ForkJoinTask.java:289)
	at java.util.concurrent.ForkJoinPool$WorkQueue.runTask(ForkJoinPool.java:1056)
	at java.util.concurrent.ForkJoinPool.runWorker(ForkJoinPool.java:1692)
	at java.util.concurrent.ForkJoinWorkerThread.run(ForkJoinWorkerThread.java:157)
Caused by: org.apache.ratis.thirdparty.io.grpc.StatusRuntimeException: DEADLINE_EXCEEDED: deadline exceeded after 2999752930ns
	at org.apache.ratis.thirdparty.io.grpc.stub.ClientCalls.toStatusRuntimeException(ClientCalls.java:233)
	at org.apache.ratis.thirdparty.io.grpc.stub.ClientCalls.getUnchecked(ClientCalls.java:214)
	at org.apache.ratis.thirdparty.io.grpc.stub.ClientCalls.blockingUnaryCall(ClientCalls.java:139)
	at org.apache.ratis.proto.grpc.AdminProtocolServiceGrpc$AdminProtocolServiceBlockingStub.groupManagement(AdminProtocolServiceGrpc.java:274)
	at org.apache.ratis.grpc.client.GrpcClientProtocolClient.lambda$groupAdd$3(GrpcClientProtocolClient.java:140)
	at org.apache.ratis.grpc.client.GrpcClientProtocolClient.blockingCall(GrpcClientProtocolClient.java:167)
	... 15 more
2019-08-29 08:33:34,915 [grpc-default-executor-1] INFO  impl.RaftServerProxy (RaftServerProxy.java:addNew(89)) - fe546585-3c52-42ae-8754-1a35dad17d3f: addNew group-D331A1104E49:[fe546585-3c52-42ae-8754-1a35dad17d3f:192.168.69.89:45996] returns group-D331A1104E49:java.util.concurrent.CompletableFuture@da61d2c[Not completed]
2019-08-29 08:33:34,937 | INFO  | SCMAudit | user=jenkins1000 | ip=192.168.69.89 | op=SEND_HEARTBEAT {datanodeUUID=e7b9916e-4eca-4156-a086-839e4ffd13a0, command=[]} | ret=SUCCESS |  
2019-08-29 08:33:34,951 | INFO  | SCMAudit | user=jenkins1000 | ip=192.168.69.89 | op=SEND_HEARTBEAT {datanodeUUID=99586f2f-9d87-40a3-9061-4566008201fd, command=[]} | ret=SUCCESS |  
2019-08-29 08:33:35,173 | INFO  | SCMAudit | user=jenkins1000 | ip=192.168.69.89 | op=SEND_HEARTBEAT {datanodeUUID=bcbb4469-e902-4083-b3d9-1bab9ea4cd29, command=[]} | ret=SUCCESS |  
2019-08-29 08:33:35,372 | INFO  | SCMAudit | user=jenkins1000 | ip=192.168.69.89 | op=SEND_HEARTBEAT {datanodeUUID=7a9bfe55-9a1e-4d2f-9ebd-558835cfe40a, command=[]} | ret=SUCCESS |  
2019-08-29 08:33:35,406 [pool-115-thread-1] INFO  storage.RaftStorage (RaftStorage.java:format(72)) - Storage directory /workdir/hadoop-ozone/integration-test/target/test-dir/MiniOzoneClusterImpl-839c4a83-1072-4184-a39a-41aa01fb846d/datanode-8/data/ratis/7acb3d0f-f7f8-49f7-960d-1043d396f2ba has been successfully formatted.
2019-08-29 08:33:35,406 [pool-27-thread-1] INFO  storage.RaftStorage (RaftStorage.java:format(72)) - Storage directory /workdir/hadoop-ozone/integration-test/target/test-dir/MiniOzoneClusterImpl-839c4a83-1072-4184-a39a-41aa01fb846d/datanode-0/data/ratis/8079e211-f4ce-47f0-aaef-fa2299444f23 has been successfully formatted.
2019-08-29 08:33:35,406 [pool-71-thread-1] INFO  storage.RaftStorage (RaftStorage.java:format(72)) - Storage directory /workdir/hadoop-ozone/integration-test/target/test-dir/MiniOzoneClusterImpl-839c4a83-1072-4184-a39a-41aa01fb846d/datanode-4/data/ratis/7acb3d0f-f7f8-49f7-960d-1043d396f2ba has been successfully formatted.
2019-08-29 08:33:35,406 [pool-104-thread-1] INFO  storage.RaftStorage (RaftStorage.java:format(72)) - Storage directory /workdir/hadoop-ozone/integration-test/target/test-dir/MiniOzoneClusterImpl-839c4a83-1072-4184-a39a-41aa01fb846d/datanode-7/data/ratis/7acb3d0f-f7f8-49f7-960d-1043d396f2ba has been successfully formatted.
2019-08-29 08:33:35,418 | INFO  | SCMAudit | user=jenkins1000 | ip=192.168.69.89 | op=SEND_HEARTBEAT {datanodeUUID=fe546585-3c52-42ae-8754-1a35dad17d3f, command=[]} | ret=SUCCESS |  
2019-08-29 08:33:35,418 [pool-71-thread-1] INFO  ratis.ContainerStateMachine (ContainerStateMachine.java:loadSnapshot(226)) - group-1043D396F2BA: The snapshot info is null. Setting the last applied indexto:(t:0, i:~)
2019-08-29 08:33:35,418 [pool-104-thread-1] INFO  ratis.ContainerStateMachine (ContainerStateMachine.java:loadSnapshot(226)) - group-1043D396F2BA: The snapshot info is null. Setting the last applied indexto:(t:0, i:~)
2019-08-29 08:33:35,418 [pool-27-thread-1] INFO  ratis.ContainerStateMachine (ContainerStateMachine.java:loadSnapshot(226)) - group-FA2299444F23: The snapshot info is null. Setting the last applied indexto:(t:0, i:~)
2019-08-29 08:33:35,418 [pool-115-thread-1] INFO  ratis.ContainerStateMachine (ContainerStateMachine.java:loadSnapshot(226)) - group-1043D396F2BA: The snapshot info is null. Setting the last applied indexto:(t:0, i:~)
2019-08-29 08:33:35,421 [pool-71-thread-1] INFO  server.RaftServerConfigKeys (ConfUtils.java:logGet(43)) - raft.server.leader.election.timeout = 120s (custom)
2019-08-29 08:33:35,421 [pool-104-thread-1] INFO  server.RaftServerConfigKeys (ConfUtils.java:logGet(43)) - raft.server.leader.election.timeout = 120s (custom)
2019-08-29 08:33:35,422 [pool-115-thread-1] INFO  server.RaftServerConfigKeys (ConfUtils.java:logGet(43)) - raft.server.leader.election.timeout = 120s (custom)
2019-08-29 08:33:35,422 [pool-27-thread-1] INFO  server.RaftServerConfigKeys (ConfUtils.java:logGet(43)) - raft.server.leader.election.timeout = 120s (custom)
2019-08-29 08:33:35,425 [pool-104-thread-1] INFO  server.RaftServerConfigKeys (ConfUtils.java:logGet(43)) - raft.server.log.use.memory = false (default)
2019-08-29 08:33:35,425 [pool-71-thread-1] INFO  server.RaftServerConfigKeys (ConfUtils.java:logGet(43)) - raft.server.log.use.memory = false (default)
2019-08-29 08:33:35,425 [pool-115-thread-1] INFO  server.RaftServerConfigKeys (ConfUtils.java:logGet(43)) - raft.server.log.use.memory = false (default)
2019-08-29 08:33:35,425 [pool-27-thread-1] INFO  server.RaftServerConfigKeys (ConfUtils.java:logGet(43)) - raft.server.log.use.memory = false (default)
2019-08-29 08:33:35,432 [pool-104-thread-1] INFO  server.RaftServerConfigKeys (ConfUtils.java:logGet(43)) - raft.server.log.purge.gap = 1000000 (custom)
2019-08-29 08:33:35,432 [pool-104-thread-1] INFO  server.RaftServerConfigKeys (ConfUtils.java:logGet(43)) - raft.server.log.appender.buffer.byte-limit = 33554432 (custom)
2019-08-29 08:33:35,432 [pool-27-thread-1] INFO  server.RaftServerConfigKeys (ConfUtils.java:logGet(43)) - raft.server.log.purge.gap = 1000000 (custom)
2019-08-29 08:33:35,432 [pool-115-thread-1] INFO  server.RaftServerConfigKeys (ConfUtils.java:logGet(43)) - raft.server.log.purge.gap = 1000000 (custom)
2019-08-29 08:33:35,432 [pool-71-thread-1] INFO  server.RaftServerConfigKeys (ConfUtils.java:logGet(43)) - raft.server.log.purge.gap = 1000000 (custom)
2019-08-29 08:33:35,433 [pool-115-thread-1] INFO  server.RaftServerConfigKeys (ConfUtils.java:logGet(43)) - raft.server.log.appender.buffer.byte-limit = 33554432 (custom)
2019-08-29 08:33:35,432 [pool-27-thread-1] INFO  server.RaftServerConfigKeys (ConfUtils.java:logGet(43)) - raft.server.log.appender.buffer.byte-limit = 33554432 (custom)
2019-08-29 08:33:35,433 [pool-71-thread-1] INFO  server.RaftServerConfigKeys (ConfUtils.java:logGet(43)) - raft.server.log.appender.buffer.byte-limit = 33554432 (custom)
2019-08-29 08:33:35,434 [pool-27-thread-1] INFO  server.RaftServerConfigKeys (ConfUtils.java:logGet(43)) - raft.server.log.segment.size.max = 1048576 (custom)
2019-08-29 08:33:35,434 [pool-104-thread-1] INFO  server.RaftServerConfigKeys (ConfUtils.java:logGet(43)) - raft.server.log.segment.size.max = 1048576 (custom)
2019-08-29 08:33:35,434 [pool-115-thread-1] INFO  server.RaftServerConfigKeys (ConfUtils.java:logGet(43)) - raft.server.log.segment.size.max = 1048576 (custom)
2019-08-29 08:33:35,434 [pool-71-thread-1] INFO  server.RaftServerConfigKeys (ConfUtils.java:logGet(43)) - raft.server.log.segment.size.max = 1048576 (custom)
2019-08-29 08:33:35,442 [pool-71-thread-1] INFO  server.RaftServerConfigKeys (ConfUtils.java:logGet(43)) - raft.server.log.segment.cache.num.max = 2 (custom)
2019-08-29 08:33:35,442 [pool-115-thread-1] INFO  server.RaftServerConfigKeys (ConfUtils.java:logGet(43)) - raft.server.log.segment.cache.num.max = 2 (custom)
2019-08-29 08:33:35,442 [pool-27-thread-1] INFO  server.RaftServerConfigKeys (ConfUtils.java:logGet(43)) - raft.server.log.segment.cache.num.max = 2 (custom)
2019-08-29 08:33:35,442 [pool-104-thread-1] INFO  server.RaftServerConfigKeys (ConfUtils.java:logGet(43)) - raft.server.log.segment.cache.num.max = 2 (custom)
2019-08-29 08:33:35,443 | INFO  | SCMAudit | user=jenkins1000 | ip=192.168.69.89 | op=SEND_HEARTBEAT {datanodeUUID=02bf3283-c6bf-4588-a57c-baa459038378, command=[]} | ret=SUCCESS |  
2019-08-29 08:33:35,450 [pool-115-thread-1] INFO  segmented.SegmentedRaftLogWorker (SegmentedRaftLogWorker.java:<init>(172)) - new 129685ee-8122-4333-8930-3eeb8cf836af-SegmentedRaftLogWorker:Storage Directory /workdir/hadoop-ozone/integration-test/target/test-dir/MiniOzoneClusterImpl-839c4a83-1072-4184-a39a-41aa01fb846d/datanode-8/data/ratis/7acb3d0f-f7f8-49f7-960d-1043d396f2ba for RaftStorage:Storage Directory /workdir/hadoop-ozone/integration-test/target/test-dir/MiniOzoneClusterImpl-839c4a83-1072-4184-a39a-41aa01fb846d/datanode-8/data/ratis/7acb3d0f-f7f8-49f7-960d-1043d396f2ba
2019-08-29 08:33:35,450 [pool-71-thread-1] INFO  segmented.SegmentedRaftLogWorker (SegmentedRaftLogWorker.java:<init>(172)) - new 802c6c9d-4843-417e-8983-b6e40533cc1c-SegmentedRaftLogWorker:Storage Directory /workdir/hadoop-ozone/integration-test/target/test-dir/MiniOzoneClusterImpl-839c4a83-1072-4184-a39a-41aa01fb846d/datanode-4/data/ratis/7acb3d0f-f7f8-49f7-960d-1043d396f2ba for RaftStorage:Storage Directory /workdir/hadoop-ozone/integration-test/target/test-dir/MiniOzoneClusterImpl-839c4a83-1072-4184-a39a-41aa01fb846d/datanode-4/data/ratis/7acb3d0f-f7f8-49f7-960d-1043d396f2ba
2019-08-29 08:33:35,450 [pool-104-thread-1] INFO  segmented.SegmentedRaftLogWorker (SegmentedRaftLogWorker.java:<init>(172)) - new fe546585-3c52-42ae-8754-1a35dad17d3f-SegmentedRaftLogWorker:Storage Directory /workdir/hadoop-ozone/integration-test/target/test-dir/MiniOzoneClusterImpl-839c4a83-1072-4184-a39a-41aa01fb846d/datanode-7/data/ratis/7acb3d0f-f7f8-49f7-960d-1043d396f2ba for RaftStorage:Storage Directory /workdir/hadoop-ozone/integration-test/target/test-dir/MiniOzoneClusterImpl-839c4a83-1072-4184-a39a-41aa01fb846d/datanode-7/data/ratis/7acb3d0f-f7f8-49f7-960d-1043d396f2ba
2019-08-29 08:33:35,450 [pool-27-thread-1] INFO  segmented.SegmentedRaftLogWorker (SegmentedRaftLogWorker.java:<init>(172)) - new 4da055f9-cd9d-4c6f-9ab8-147a42717fcf-SegmentedRaftLogWorker:Storage Directory /workdir/hadoop-ozone/integration-test/target/test-dir/MiniOzoneClusterImpl-839c4a83-1072-4184-a39a-41aa01fb846d/datanode-0/data/ratis/8079e211-f4ce-47f0-aaef-fa2299444f23 for RaftStorage:Storage Directory /workdir/hadoop-ozone/integration-test/target/test-dir/MiniOzoneClusterImpl-839c4a83-1072-4184-a39a-41aa01fb846d/datanode-0/data/ratis/8079e211-f4ce-47f0-aaef-fa2299444f23
2019-08-29 08:33:35,473 [pool-104-thread-1] INFO  server.RaftServerConfigKeys (ConfUtils.java:logGet(43)) - raft.server.log.queue.byte-limit = 2147483647 (custom)
2019-08-29 08:33:35,473 [pool-27-thread-1] INFO  server.RaftServerConfigKeys (ConfUtils.java:logGet(43)) - raft.server.log.queue.byte-limit = 2147483647 (custom)
2019-08-29 08:33:35,473 [pool-115-thread-1] INFO  server.RaftServerConfigKeys (ConfUtils.java:logGet(43)) - raft.server.log.queue.byte-limit = 2147483647 (custom)
2019-08-29 08:33:35,473 [pool-71-thread-1] INFO  server.RaftServerConfigKeys (ConfUtils.java:logGet(43)) - raft.server.log.queue.byte-limit = 2147483647 (custom)
2019-08-29 08:33:35,477 [pool-115-thread-1] INFO  server.RaftServerConfigKeys (ConfUtils.java:logGet(43)) - raft.server.log.queue.element-limit = 1024 (custom)
2019-08-29 08:33:35,477 [pool-104-thread-1] INFO  server.RaftServerConfigKeys (ConfUtils.java:logGet(43)) - raft.server.log.queue.element-limit = 1024 (custom)
2019-08-29 08:33:35,478 [pool-27-thread-1] INFO  server.RaftServerConfigKeys (ConfUtils.java:logGet(43)) - raft.server.log.queue.element-limit = 1024 (custom)
2019-08-29 08:33:35,477 [pool-71-thread-1] INFO  server.RaftServerConfigKeys (ConfUtils.java:logGet(43)) - raft.server.log.queue.element-limit = 1024 (custom)
2019-08-29 08:33:35,483 [pool-115-thread-1] INFO  server.RaftServerConfigKeys (ConfUtils.java:logGet(43)) - raft.server.log.segment.size.max = 1048576 (custom)
2019-08-29 08:33:35,483 [pool-71-thread-1] INFO  server.RaftServerConfigKeys (ConfUtils.java:logGet(43)) - raft.server.log.segment.size.max = 1048576 (custom)
2019-08-29 08:33:35,483 [pool-27-thread-1] INFO  server.RaftServerConfigKeys (ConfUtils.java:logGet(43)) - raft.server.log.segment.size.max = 1048576 (custom)
2019-08-29 08:33:35,483 [pool-104-thread-1] INFO  server.RaftServerConfigKeys (ConfUtils.java:logGet(43)) - raft.server.log.segment.size.max = 1048576 (custom)
2019-08-29 08:33:35,484 [pool-115-thread-1] INFO  server.RaftServerConfigKeys (ConfUtils.java:logGet(43)) - raft.server.log.preallocated.size = 16384 (custom)
2019-08-29 08:33:35,484 [pool-27-thread-1] INFO  server.RaftServerConfigKeys (ConfUtils.java:logGet(43)) - raft.server.log.preallocated.size = 16384 (custom)
2019-08-29 08:33:35,484 [pool-71-thread-1] INFO  server.RaftServerConfigKeys (ConfUtils.java:logGet(43)) - raft.server.log.preallocated.size = 16384 (custom)
2019-08-29 08:33:35,484 [pool-104-thread-1] INFO  server.RaftServerConfigKeys (ConfUtils.java:logGet(43)) - raft.server.log.preallocated.size = 16384 (custom)
2019-08-29 08:33:35,485 [pool-115-thread-1] INFO  server.RaftServerConfigKeys (ConfUtils.java:logGet(43)) - raft.server.log.write.buffer.size = 33554432 (custom)
2019-08-29 08:33:35,485 [pool-27-thread-1] INFO  server.RaftServerConfigKeys (ConfUtils.java:logGet(43)) - raft.server.log.write.buffer.size = 33554432 (custom)
2019-08-29 08:33:35,485 [pool-104-thread-1] INFO  server.RaftServerConfigKeys (ConfUtils.java:logGet(43)) - raft.server.log.write.buffer.size = 33554432 (custom)
2019-08-29 08:33:35,485 [pool-71-thread-1] INFO  server.RaftServerConfigKeys (ConfUtils.java:logGet(43)) - raft.server.log.write.buffer.size = 33554432 (custom)
2019-08-29 08:33:35,485 [pool-115-thread-1] INFO  server.RaftServerConfigKeys (ConfUtils.java:logGet(43)) - raft.server.log.force.sync.num = 128 (default)
2019-08-29 08:33:35,485 [pool-27-thread-1] INFO  server.RaftServerConfigKeys (ConfUtils.java:logGet(43)) - raft.server.log.force.sync.num = 128 (default)
2019-08-29 08:33:35,485 [pool-71-thread-1] INFO  server.RaftServerConfigKeys (ConfUtils.java:logGet(43)) - raft.server.log.force.sync.num = 128 (default)
2019-08-29 08:33:35,485 [pool-104-thread-1] INFO  server.RaftServerConfigKeys (ConfUtils.java:logGet(43)) - raft.server.log.force.sync.num = 128 (default)
2019-08-29 08:33:35,486 [pool-115-thread-1] INFO  server.RaftServerConfigKeys (ConfUtils.java:logGet(43)) - raft.server.log.statemachine.data.sync = true (default)
2019-08-29 08:33:35,486 [pool-71-thread-1] INFO  server.RaftServerConfigKeys (ConfUtils.java:logGet(43)) - raft.server.log.statemachine.data.sync = true (default)
2019-08-29 08:33:35,486 [pool-104-thread-1] INFO  server.RaftServerConfigKeys (ConfUtils.java:logGet(43)) - raft.server.log.statemachine.data.sync = true (default)
2019-08-29 08:33:35,486 [pool-27-thread-1] INFO  server.RaftServerConfigKeys (ConfUtils.java:logGet(43)) - raft.server.log.statemachine.data.sync = true (default)
2019-08-29 08:33:35,487 [pool-104-thread-1] INFO  server.RaftServerConfigKeys (ConfUtils.java:logGet(43)) - raft.server.log.statemachine.data.sync.timeout = 10s (default)
2019-08-29 08:33:35,487 [pool-71-thread-1] INFO  server.RaftServerConfigKeys (ConfUtils.java:logGet(43)) - raft.server.log.statemachine.data.sync.timeout = 10s (default)
2019-08-29 08:33:35,486 [pool-115-thread-1] INFO  server.RaftServerConfigKeys (ConfUtils.java:logGet(43)) - raft.server.log.statemachine.data.sync.timeout = 10s (default)
2019-08-29 08:33:35,487 [pool-27-thread-1] INFO  server.RaftServerConfigKeys (ConfUtils.java:logGet(43)) - raft.server.log.statemachine.data.sync.timeout = 10s (default)
2019-08-29 08:33:35,487 [pool-104-thread-1] INFO  server.RaftServerConfigKeys (ConfUtils.java:logGet(43)) - raft.server.log.statemachine.data.sync.timeout.retry = -1 (default)
2019-08-29 08:33:35,487 [pool-115-thread-1] INFO  server.RaftServerConfigKeys (ConfUtils.java:logGet(43)) - raft.server.log.statemachine.data.sync.timeout.retry = -1 (default)
2019-08-29 08:33:35,487 [pool-27-thread-1] INFO  server.RaftServerConfigKeys (ConfUtils.java:logGet(43)) - raft.server.log.statemachine.data.sync.timeout.retry = -1 (default)
2019-08-29 08:33:35,487 [pool-71-thread-1] INFO  server.RaftServerConfigKeys (ConfUtils.java:logGet(43)) - raft.server.log.statemachine.data.sync.timeout.retry = -1 (default)
2019-08-29 08:33:35,501 [pool-27-thread-1] INFO  server.RaftServerConfigKeys (ConfUtils.java:logGet(43)) - raft.server.log.statemachine.data.caching.enabled = true (custom)
2019-08-29 08:33:35,501 [pool-104-thread-1] INFO  server.RaftServerConfigKeys (ConfUtils.java:logGet(43)) - raft.server.log.statemachine.data.caching.enabled = true (custom)
2019-08-29 08:33:35,501 [pool-71-thread-1] INFO  server.RaftServerConfigKeys (ConfUtils.java:logGet(43)) - raft.server.log.statemachine.data.caching.enabled = true (custom)
2019-08-29 08:33:35,501 [pool-115-thread-1] INFO  server.RaftServerConfigKeys (ConfUtils.java:logGet(43)) - raft.server.log.statemachine.data.caching.enabled = true (custom)
2019-08-29 08:33:35,514 [pool-115-thread-1] INFO  segmented.SegmentedRaftLogWorker (SegmentedRaftLogWorker.java:lambda$new$0(132)) - 129685ee-8122-4333-8930-3eeb8cf836af-SegmentedRaftLogWorker:Storage Directory /workdir/hadoop-ozone/integration-test/target/test-dir/MiniOzoneClusterImpl-839c4a83-1072-4184-a39a-41aa01fb846d/datanode-8/data/ratis/7acb3d0f-f7f8-49f7-960d-1043d396f2ba: flushIndex: setUnconditionally 0 -> -1
2019-08-29 08:33:35,514 [pool-71-thread-1] INFO  segmented.SegmentedRaftLogWorker (SegmentedRaftLogWorker.java:lambda$new$0(132)) - 802c6c9d-4843-417e-8983-b6e40533cc1c-SegmentedRaftLogWorker:Storage Directory /workdir/hadoop-ozone/integration-test/target/test-dir/MiniOzoneClusterImpl-839c4a83-1072-4184-a39a-41aa01fb846d/datanode-4/data/ratis/7acb3d0f-f7f8-49f7-960d-1043d396f2ba: flushIndex: setUnconditionally 0 -> -1
2019-08-29 08:33:35,514 [pool-104-thread-1] INFO  segmented.SegmentedRaftLogWorker (SegmentedRaftLogWorker.java:lambda$new$0(132)) - fe546585-3c52-42ae-8754-1a35dad17d3f-SegmentedRaftLogWorker:Storage Directory /workdir/hadoop-ozone/integration-test/target/test-dir/MiniOzoneClusterImpl-839c4a83-1072-4184-a39a-41aa01fb846d/datanode-7/data/ratis/7acb3d0f-f7f8-49f7-960d-1043d396f2ba: flushIndex: setUnconditionally 0 -> -1
2019-08-29 08:33:35,514 [pool-27-thread-1] INFO  segmented.SegmentedRaftLogWorker (SegmentedRaftLogWorker.java:lambda$new$0(132)) - 4da055f9-cd9d-4c6f-9ab8-147a42717fcf-SegmentedRaftLogWorker:Storage Directory /workdir/hadoop-ozone/integration-test/target/test-dir/MiniOzoneClusterImpl-839c4a83-1072-4184-a39a-41aa01fb846d/datanode-0/data/ratis/8079e211-f4ce-47f0-aaef-fa2299444f23: flushIndex: setUnconditionally 0 -> -1
2019-08-29 08:33:35,521 [pool-27-thread-1] INFO  server.RaftServerConfigKeys (ConfUtils.java:logGet(43)) - raft.server.snapshot.auto.trigger.enabled = true (custom)
2019-08-29 08:33:35,521 [pool-115-thread-1] INFO  server.RaftServerConfigKeys (ConfUtils.java:logGet(43)) - raft.server.snapshot.auto.trigger.enabled = true (custom)
2019-08-29 08:33:35,521 [pool-71-thread-1] INFO  server.RaftServerConfigKeys (ConfUtils.java:logGet(43)) - raft.server.snapshot.auto.trigger.enabled = true (custom)
2019-08-29 08:33:35,522 [pool-104-thread-1] INFO  server.RaftServerConfigKeys (ConfUtils.java:logGet(43)) - raft.server.snapshot.auto.trigger.enabled = true (custom)
2019-08-29 08:33:35,524 [pool-27-thread-1] INFO  server.RaftServerConfigKeys (ConfUtils.java:logGet(43)) - raft.server.snapshot.auto.trigger.threshold = 10000 (custom)
2019-08-29 08:33:35,524 [pool-115-thread-1] INFO  server.RaftServerConfigKeys (ConfUtils.java:logGet(43)) - raft.server.snapshot.auto.trigger.threshold = 10000 (custom)
2019-08-29 08:33:35,524 [pool-104-thread-1] INFO  server.RaftServerConfigKeys (ConfUtils.java:logGet(43)) - raft.server.snapshot.auto.trigger.threshold = 10000 (custom)
2019-08-29 08:33:35,524 [pool-71-thread-1] INFO  server.RaftServerConfigKeys (ConfUtils.java:logGet(43)) - raft.server.snapshot.auto.trigger.threshold = 10000 (custom)
2019-08-29 08:33:35,524 [pool-115-thread-1] INFO  server.RaftServerConfigKeys (ConfUtils.java:logGet(43)) - raft.server.retrycache.expirytime = 600000ms (custom)
2019-08-29 08:33:35,524 [pool-27-thread-1] INFO  server.RaftServerConfigKeys (ConfUtils.java:logGet(43)) - raft.server.retrycache.expirytime = 600000ms (custom)
2019-08-29 08:33:35,525 [pool-71-thread-1] INFO  server.RaftServerConfigKeys (ConfUtils.java:logGet(43)) - raft.server.retrycache.expirytime = 600000ms (custom)
2019-08-29 08:33:35,525 [pool-104-thread-1] INFO  server.RaftServerConfigKeys (ConfUtils.java:logGet(43)) - raft.server.retrycache.expirytime = 600000ms (custom)
2019-08-29 08:33:35,544 [pool-27-thread-1] INFO  impl.RaftServerImpl (RaftServerImpl.java:start(180)) - 4da055f9-cd9d-4c6f-9ab8-147a42717fcf: start group-FA2299444F23
2019-08-29 08:33:35,544 [pool-71-thread-1] INFO  impl.RaftServerImpl (RaftServerImpl.java:start(180)) - 802c6c9d-4843-417e-8983-b6e40533cc1c: start group-1043D396F2BA
2019-08-29 08:33:35,544 [pool-115-thread-1] INFO  impl.RaftServerImpl (RaftServerImpl.java:start(180)) - 129685ee-8122-4333-8930-3eeb8cf836af: start group-1043D396F2BA
2019-08-29 08:33:35,545 [pool-27-thread-1] INFO  impl.RaftServerImpl (RaftServerImpl.java:setRole(171)) - 4da055f9-cd9d-4c6f-9ab8-147a42717fcf:group-FA2299444F23 changes role from null to FOLLOWER at term 0 for startAsFollower
2019-08-29 08:33:35,545 [pool-71-thread-1] INFO  impl.RaftServerImpl (RaftServerImpl.java:setRole(171)) - 802c6c9d-4843-417e-8983-b6e40533cc1c:group-1043D396F2BA changes role from null to FOLLOWER at term 0 for startAsFollower
2019-08-29 08:33:35,545 [pool-115-thread-1] INFO  impl.RaftServerImpl (RaftServerImpl.java:setRole(171)) - 129685ee-8122-4333-8930-3eeb8cf836af:group-1043D396F2BA changes role from null to FOLLOWER at term 0 for startAsFollower
2019-08-29 08:33:35,546 [pool-104-thread-1] INFO  impl.RaftServerImpl (RaftServerImpl.java:<init>(93)) - fe546585-3c52-42ae-8754-1a35dad17d3f: new RaftServerImpl for group-D331A1104E49:[fe546585-3c52-42ae-8754-1a35dad17d3f:192.168.69.89:45996] with ContainerStateMachine:uninitialized
2019-08-29 08:33:35,546 [pool-115-thread-1] INFO  impl.RoleInfo (RoleInfo.java:updateAndGet(143)) - 129685ee-8122-4333-8930-3eeb8cf836af: start FollowerState
2019-08-29 08:33:35,549 [pool-104-thread-1] INFO  server.RaftServerConfigKeys (ConfUtils.java:logGet(43)) - raft.server.rpc.timeout.min = 1s (custom)
2019-08-29 08:33:35,549 [pool-71-thread-1] INFO  impl.RoleInfo (RoleInfo.java:updateAndGet(143)) - 802c6c9d-4843-417e-8983-b6e40533cc1c: start FollowerState
2019-08-29 08:33:35,546 [pool-27-thread-1] INFO  impl.RoleInfo (RoleInfo.java:updateAndGet(143)) - 4da055f9-cd9d-4c6f-9ab8-147a42717fcf: start FollowerState
2019-08-29 08:33:35,550 [pool-104-thread-1] INFO  server.RaftServerConfigKeys (ConfUtils.java:logGet(43)) - raft.server.rpc.timeout.max = 1200ms (custom)
2019-08-29 08:33:35,550 [pool-104-thread-1] INFO  server.RaftServerConfigKeys (ConfUtils.java:logGet(43)) - raft.server.rpcslowness.timeout = 120s (custom)
2019-08-29 08:33:35,550 [pool-104-thread-1] INFO  server.RaftServerConfigKeys (ConfUtils.java:logGet(43)) - raft.server.sleep.deviation.threshold = 300 (default)
2019-08-29 08:33:35,550 [pool-104-thread-1] INFO  server.RaftServerConfigKeys (ConfUtils.java:logGet(43)) - raft.server.log.appender.install.snapshot.enabled = false (custom)
2019-08-29 08:33:35,550 [pool-104-thread-1] INFO  impl.RaftServerImpl (ServerState.java:<init>(105)) - fe546585-3c52-42ae-8754-1a35dad17d3f:group-D331A1104E49 ConfigurationManager, init=-1: [fe546585-3c52-42ae-8754-1a35dad17d3f:192.168.69.89:45996], old=null, confs=<EMPTY_MAP>
2019-08-29 08:33:35,551 [pool-104-thread-1] INFO  server.RaftServerConfigKeys (ConfUtils.java:logGet(43)) - raft.server.storage.dir = [/workdir/hadoop-ozone/integration-test/target/test-dir/MiniOzoneClusterImpl-839c4a83-1072-4184-a39a-41aa01fb846d/datanode-7/data/ratis] (custom)
2019-08-29 08:33:35,551 [pool-27-thread-1] INFO  util.JmxRegister (JmxRegister.java:tryRegister(44)) - Successfully registered JMX Bean with object name Ratis:service=RaftServer,group=group-FA2299444F23,id=4da055f9-cd9d-4c6f-9ab8-147a42717fcf
2019-08-29 08:33:35,551 [pool-71-thread-1] INFO  util.JmxRegister (JmxRegister.java:tryRegister(44)) - Successfully registered JMX Bean with object name Ratis:service=RaftServer,group=group-1043D396F2BA,id=802c6c9d-4843-417e-8983-b6e40533cc1c
2019-08-29 08:33:35,551 [pool-115-thread-1] INFO  util.JmxRegister (JmxRegister.java:tryRegister(44)) - Successfully registered JMX Bean with object name Ratis:service=RaftServer,group=group-1043D396F2BA,id=129685ee-8122-4333-8930-3eeb8cf836af
2019-08-29 08:33:35,594 | INFO  | SCMAudit | user=jenkins1000 | ip=192.168.69.89 | op=SEND_HEARTBEAT {datanodeUUID=4da055f9-cd9d-4c6f-9ab8-147a42717fcf, command=[]} | ret=SUCCESS |  
2019-08-29 08:33:35,639 | INFO  | SCMAudit | user=jenkins1000 | ip=192.168.69.89 | op=SEND_HEARTBEAT {datanodeUUID=129685ee-8122-4333-8930-3eeb8cf836af, command=[]} | ret=SUCCESS |  
2019-08-29 08:33:35,649 | INFO  | SCMAudit | user=jenkins1000 | ip=192.168.69.89 | op=SEND_HEARTBEAT {datanodeUUID=802c6c9d-4843-417e-8983-b6e40533cc1c, command=[]} | ret=SUCCESS |  
2019-08-29 08:33:35,872 | INFO  | SCMAudit | user=jenkins1000 | ip=192.168.69.89 | op=SEND_HEARTBEAT {datanodeUUID=f0c18ce4-0e5b-4823-99c8-fd716531bc5f, command=[]} | ret=SUCCESS |  
2019-08-29 08:33:35,882 [pool-104-thread-1] INFO  storage.RaftStorageDirectory (RaftStorageDirectory.java:analyzeStorage(246)) - The storage directory /workdir/hadoop-ozone/integration-test/target/test-dir/MiniOzoneClusterImpl-839c4a83-1072-4184-a39a-41aa01fb846d/datanode-7/data/ratis/53087ce9-2f53-4a8b-9e50-d331a1104e49 does not exist. Creating ...
2019-08-29 08:33:35,938 | INFO  | SCMAudit | user=jenkins1000 | ip=192.168.69.89 | op=SEND_HEARTBEAT {datanodeUUID=e7b9916e-4eca-4156-a086-839e4ffd13a0, command=[]} | ret=SUCCESS |  
2019-08-29 08:33:35,951 | INFO  | SCMAudit | user=jenkins1000 | ip=192.168.69.89 | op=SEND_HEARTBEAT {datanodeUUID=99586f2f-9d87-40a3-9061-4566008201fd, command=[]} | ret=SUCCESS |  
2019-08-29 08:33:36,174 | INFO  | SCMAudit | user=jenkins1000 | ip=192.168.69.89 | op=SEND_HEARTBEAT {datanodeUUID=bcbb4469-e902-4083-b3d9-1bab9ea4cd29, command=[]} | ret=SUCCESS |  
2019-08-29 08:33:36,373 | INFO  | SCMAudit | user=jenkins1000 | ip=192.168.69.89 | op=SEND_HEARTBEAT {datanodeUUID=7a9bfe55-9a1e-4d2f-9ebd-558835cfe40a, command=[]} | ret=SUCCESS |  
2019-08-29 08:33:36,418 | INFO  | SCMAudit | user=jenkins1000 | ip=192.168.69.89 | op=SEND_HEARTBEAT {datanodeUUID=fe546585-3c52-42ae-8754-1a35dad17d3f, command=[]} | ret=SUCCESS |  
2019-08-29 08:33:36,443 | INFO  | SCMAudit | user=jenkins1000 | ip=192.168.69.89 | op=SEND_HEARTBEAT {datanodeUUID=02bf3283-c6bf-4588-a57c-baa459038378, command=[]} | ret=SUCCESS |  
2019-08-29 08:33:36,596 | INFO  | SCMAudit | user=jenkins1000 | ip=192.168.69.89 | op=SEND_HEARTBEAT {datanodeUUID=4da055f9-cd9d-4c6f-9ab8-147a42717fcf, command=[]} | ret=SUCCESS |  
2019-08-29 08:33:36,634 [Thread-294] INFO  impl.FollowerState (FollowerState.java:run(106)) - 802c6c9d-4843-417e-8983-b6e40533cc1c:group-1043D396F2BA changes to CANDIDATE, lastRpcTime:1088, electionTimeout:1084ms
2019-08-29 08:33:36,635 [Thread-294] INFO  impl.RoleInfo (RoleInfo.java:shutdownFollowerState(121)) - 802c6c9d-4843-417e-8983-b6e40533cc1c: shutdown FollowerState
2019-08-29 08:33:36,635 [Thread-294] INFO  impl.RaftServerImpl (RaftServerImpl.java:setRole(171)) - 802c6c9d-4843-417e-8983-b6e40533cc1c:group-1043D396F2BA changes role from FOLLOWER to CANDIDATE at term 0 for changeToCandidate
2019-08-29 08:33:36,637 [Thread-294] INFO  impl.RoleInfo (RoleInfo.java:updateAndGet(143)) - 802c6c9d-4843-417e-8983-b6e40533cc1c: start LeaderElection
2019-08-29 08:33:36,648 | INFO  | SCMAudit | user=jenkins1000 | ip=192.168.69.89 | op=SEND_HEARTBEAT {datanodeUUID=129685ee-8122-4333-8930-3eeb8cf836af, command=[]} | ret=SUCCESS |  
2019-08-29 08:33:36,649 | INFO  | SCMAudit | user=jenkins1000 | ip=192.168.69.89 | op=SEND_HEARTBEAT {datanodeUUID=802c6c9d-4843-417e-8983-b6e40533cc1c, command=[]} | ret=SUCCESS |  
2019-08-29 08:33:36,689 [Thread-293] INFO  impl.FollowerState (FollowerState.java:run(106)) - 129685ee-8122-4333-8930-3eeb8cf836af:group-1043D396F2BA changes to CANDIDATE, lastRpcTime:1143, electionTimeout:1139ms
2019-08-29 08:33:36,693 [Thread-293] INFO  impl.RoleInfo (RoleInfo.java:shutdownFollowerState(121)) - 129685ee-8122-4333-8930-3eeb8cf836af: shutdown FollowerState
2019-08-29 08:33:36,693 [Thread-293] INFO  impl.RaftServerImpl (RaftServerImpl.java:setRole(171)) - 129685ee-8122-4333-8930-3eeb8cf836af:group-1043D396F2BA changes role from FOLLOWER to CANDIDATE at term 0 for changeToCandidate
2019-08-29 08:33:36,693 [Thread-293] INFO  impl.RoleInfo (RoleInfo.java:updateAndGet(143)) - 129685ee-8122-4333-8930-3eeb8cf836af: start LeaderElection
2019-08-29 08:33:36,728 [Thread-292] INFO  impl.FollowerState (FollowerState.java:run(106)) - 4da055f9-cd9d-4c6f-9ab8-147a42717fcf:group-FA2299444F23 changes to CANDIDATE, lastRpcTime:1182, electionTimeout:1178ms
2019-08-29 08:33:36,728 [Thread-292] INFO  impl.RoleInfo (RoleInfo.java:shutdownFollowerState(121)) - 4da055f9-cd9d-4c6f-9ab8-147a42717fcf: shutdown FollowerState
2019-08-29 08:33:36,728 [Thread-292] INFO  impl.RaftServerImpl (RaftServerImpl.java:setRole(171)) - 4da055f9-cd9d-4c6f-9ab8-147a42717fcf:group-FA2299444F23 changes role from FOLLOWER to CANDIDATE at term 0 for changeToCandidate
2019-08-29 08:33:36,729 [Thread-292] INFO  impl.RoleInfo (RoleInfo.java:updateAndGet(143)) - 4da055f9-cd9d-4c6f-9ab8-147a42717fcf: start LeaderElection
2019-08-29 08:33:36,872 | INFO  | SCMAudit | user=jenkins1000 | ip=192.168.69.89 | op=SEND_HEARTBEAT {datanodeUUID=f0c18ce4-0e5b-4823-99c8-fd716531bc5f, command=[]} | ret=SUCCESS |  
2019-08-29 08:33:36,938 | INFO  | SCMAudit | user=jenkins1000 | ip=192.168.69.89 | op=SEND_HEARTBEAT {datanodeUUID=e7b9916e-4eca-4156-a086-839e4ffd13a0, command=[]} | ret=SUCCESS |  
2019-08-29 08:33:36,951 | INFO  | SCMAudit | user=jenkins1000 | ip=192.168.69.89 | op=SEND_HEARTBEAT {datanodeUUID=99586f2f-9d87-40a3-9061-4566008201fd, command=[]} | ret=SUCCESS |  
2019-08-29 08:33:37,174 | INFO  | SCMAudit | user=jenkins1000 | ip=192.168.69.89 | op=SEND_HEARTBEAT {datanodeUUID=bcbb4469-e902-4083-b3d9-1bab9ea4cd29, command=[]} | ret=SUCCESS |  
2019-08-29 08:33:37,200 [pool-104-thread-1] INFO  storage.RaftStorageDirectory (RaftStorageDirectory.java:tryLock(328)) - Lock on /workdir/hadoop-ozone/integration-test/target/test-dir/MiniOzoneClusterImpl-839c4a83-1072-4184-a39a-41aa01fb846d/datanode-7/data/ratis/53087ce9-2f53-4a8b-9e50-d331a1104e49/in_use.lock acquired by nodename 9793@pr-hdds-1569-7rqkn-550228749
2019-08-29 08:33:37,202 [4da055f9-cd9d-4c6f-9ab8-147a42717fcf:group-FA2299444F23:LeaderElection3] INFO  impl.LeaderElection (LeaderElection.java:askForVotes(181)) - 4da055f9-cd9d-4c6f-9ab8-147a42717fcf:group-FA2299444F23:LeaderElection3: begin an election at term 1 for -1: [4da055f9-cd9d-4c6f-9ab8-147a42717fcf:192.168.69.89:41539], old=null
2019-08-29 08:33:37,202 [802c6c9d-4843-417e-8983-b6e40533cc1c:group-1043D396F2BA:LeaderElection1] INFO  impl.LeaderElection (LeaderElection.java:askForVotes(181)) - 802c6c9d-4843-417e-8983-b6e40533cc1c:group-1043D396F2BA:LeaderElection1: begin an election at term 1 for -1: [802c6c9d-4843-417e-8983-b6e40533cc1c:192.168.69.89:37103, 129685ee-8122-4333-8930-3eeb8cf836af:192.168.69.89:45580, fe546585-3c52-42ae-8754-1a35dad17d3f:192.168.69.89:45996], old=null
2019-08-29 08:33:37,202 [129685ee-8122-4333-8930-3eeb8cf836af:group-1043D396F2BA:LeaderElection2] INFO  impl.LeaderElection (LeaderElection.java:askForVotes(181)) - 129685ee-8122-4333-8930-3eeb8cf836af:group-1043D396F2BA:LeaderElection2: begin an election at term 1 for -1: [802c6c9d-4843-417e-8983-b6e40533cc1c:192.168.69.89:37103, 129685ee-8122-4333-8930-3eeb8cf836af:192.168.69.89:45580, fe546585-3c52-42ae-8754-1a35dad17d3f:192.168.69.89:45996], old=null
2019-08-29 08:33:37,208 [4da055f9-cd9d-4c6f-9ab8-147a42717fcf:group-FA2299444F23:LeaderElection3] INFO  impl.RoleInfo (RoleInfo.java:shutdownLeaderElection(134)) - 4da055f9-cd9d-4c6f-9ab8-147a42717fcf: shutdown LeaderElection
2019-08-29 08:33:37,208 [4da055f9-cd9d-4c6f-9ab8-147a42717fcf:group-FA2299444F23:LeaderElection3] INFO  impl.RaftServerImpl (RaftServerImpl.java:setRole(171)) - 4da055f9-cd9d-4c6f-9ab8-147a42717fcf:group-FA2299444F23 changes role from CANDIDATE to LEADER at term 1 for changeToLeader
2019-08-29 08:33:37,208 [4da055f9-cd9d-4c6f-9ab8-147a42717fcf:group-FA2299444F23:LeaderElection3] INFO  impl.RaftServerImpl (ServerState.java:setLeader(263)) - 4da055f9-cd9d-4c6f-9ab8-147a42717fcf:group-FA2299444F23 change Leader from null to 4da055f9-cd9d-4c6f-9ab8-147a42717fcf at term 1 for becomeLeader, leader elected after 1786ms
2019-08-29 08:33:37,217 [4da055f9-cd9d-4c6f-9ab8-147a42717fcf:group-FA2299444F23:LeaderElection3] INFO  server.RaftServerConfigKeys (ConfUtils.java:logGet(43)) - raft.server.staging.catchup.gap = 1000 (default)
2019-08-29 08:33:37,217 [4da055f9-cd9d-4c6f-9ab8-147a42717fcf:group-FA2299444F23:LeaderElection3] INFO  server.RaftServerConfigKeys (ConfUtils.java:logGet(43)) - raft.server.rpc.sleep.time = 25ms (default)
2019-08-29 08:33:37,220 [4da055f9-cd9d-4c6f-9ab8-147a42717fcf:group-FA2299444F23:LeaderElection3] INFO  server.RaftServerConfigKeys (ConfUtils.java:logGet(43)) - raft.server.write.element-limit = 4096 (default)
2019-08-29 08:33:37,232 [4da055f9-cd9d-4c6f-9ab8-147a42717fcf:group-FA2299444F23:LeaderElection3] INFO  server.RaftServerConfigKeys (ConfUtils.java:logGet(43)) - raft.server.watch.timeout = 10s (default)
2019-08-29 08:33:37,233 [4da055f9-cd9d-4c6f-9ab8-147a42717fcf:group-FA2299444F23:LeaderElection3] INFO  server.RaftServerConfigKeys (ConfUtils.java:logGet(43)) - raft.server.watch.timeout.denomination = 1s (default)
2019-08-29 08:33:37,248 [4da055f9-cd9d-4c6f-9ab8-147a42717fcf:group-FA2299444F23:LeaderElection3] INFO  server.RaftServerConfigKeys (ConfUtils.java:logGet(43)) - raft.server.watch.element-limit = 65536 (default)
2019-08-29 08:33:37,274 [4da055f9-cd9d-4c6f-9ab8-147a42717fcf:group-FA2299444F23:LeaderElection3] INFO  impl.RoleInfo (RoleInfo.java:updateAndGet(143)) - 4da055f9-cd9d-4c6f-9ab8-147a42717fcf: start LeaderState
2019-08-29 08:33:37,276 [grpc-default-executor-0] WARN  server.GrpcServerProtocolService (LogUtils.java:warn(134)) - fe546585-3c52-42ae-8754-1a35dad17d3f: Failed requestVote 129685ee-8122-4333-8930-3eeb8cf836af->fe546585-3c52-42ae-8754-1a35dad17d3f#0: org.apache.ratis.protocol.ServerNotReadyException: Server fe546585-3c52-42ae-8754-1a35dad17d3f is not [RUNNING]: current state is NEW
2019-08-29 08:33:37,276 [grpc-default-executor-2] WARN  server.GrpcServerProtocolService (LogUtils.java:warn(134)) - fe546585-3c52-42ae-8754-1a35dad17d3f: Failed requestVote 802c6c9d-4843-417e-8983-b6e40533cc1c->fe546585-3c52-42ae-8754-1a35dad17d3f#0: org.apache.ratis.protocol.ServerNotReadyException: Server fe546585-3c52-42ae-8754-1a35dad17d3f is not [RUNNING]: current state is NEW
2019-08-29 08:33:37,305 [4da055f9-cd9d-4c6f-9ab8-147a42717fcf:group-FA2299444F23:LeaderElection3] INFO  segmented.SegmentedRaftLogWorker (SegmentedRaftLogWorker.java:startLogSegment(380)) - 4da055f9-cd9d-4c6f-9ab8-147a42717fcf-SegmentedRaftLogWorker:Storage Directory /workdir/hadoop-ozone/integration-test/target/test-dir/MiniOzoneClusterImpl-839c4a83-1072-4184-a39a-41aa01fb846d/datanode-0/data/ratis/8079e211-f4ce-47f0-aaef-fa2299444f23: Starting segment from index:0
2019-08-29 08:33:37,312 [4da055f9-cd9d-4c6f-9ab8-147a42717fcf:group-FA2299444F23:LeaderElection3] INFO  impl.RaftServerImpl (ServerState.java:setRaftConf(361)) - 4da055f9-cd9d-4c6f-9ab8-147a42717fcf:group-FA2299444F23 set configuration 0: [4da055f9-cd9d-4c6f-9ab8-147a42717fcf:192.168.69.89:41539], old=null at 0
2019-08-29 08:33:37,348 [802c6c9d-4843-417e-8983-b6e40533cc1c:group-1043D396F2BA:LeaderElection1] INFO  impl.LeaderElection (LogUtils.java:infoOrTrace(149)) - 802c6c9d-4843-417e-8983-b6e40533cc1c:group-1043D396F2BA:LeaderElection1 got exception when requesting votes: {}
java.util.concurrent.ExecutionException: org.apache.ratis.thirdparty.io.grpc.StatusRuntimeException: INTERNAL: Server fe546585-3c52-42ae-8754-1a35dad17d3f is not [RUNNING]: current state is NEW
	at java.util.concurrent.FutureTask.report(FutureTask.java:122)
	at java.util.concurrent.FutureTask.get(FutureTask.java:192)
	at org.apache.ratis.server.impl.LeaderElection.waitForResults(LeaderElection.java:262)
	at org.apache.ratis.server.impl.LeaderElection.askForVotes(LeaderElection.java:200)
	at org.apache.ratis.server.impl.LeaderElection.run(LeaderElection.java:130)
	at java.lang.Thread.run(Thread.java:748)
Caused by: org.apache.ratis.thirdparty.io.grpc.StatusRuntimeException: INTERNAL: Server fe546585-3c52-42ae-8754-1a35dad17d3f is not [RUNNING]: current state is NEW
	at org.apache.ratis.thirdparty.io.grpc.stub.ClientCalls.toStatusRuntimeException(ClientCalls.java:233)
	at org.apache.ratis.thirdparty.io.grpc.stub.ClientCalls.getUnchecked(ClientCalls.java:214)
	at org.apache.ratis.thirdparty.io.grpc.stub.ClientCalls.blockingUnaryCall(ClientCalls.java:139)
	at org.apache.ratis.proto.grpc.RaftServerProtocolServiceGrpc$RaftServerProtocolServiceBlockingStub.requestVote(RaftServerProtocolServiceGrpc.java:265)
	at org.apache.ratis.grpc.server.GrpcServerProtocolClient.requestVote(GrpcServerProtocolClient.java:83)
	at org.apache.ratis.grpc.server.GrpcService.requestVote(GrpcService.java:195)
	at org.apache.ratis.server.impl.LeaderElection.lambda$submitRequests$1(LeaderElection.java:237)
	at java.util.concurrent.FutureTask.run(FutureTask.java:266)
	at java.util.concurrent.Executors$RunnableAdapter.call(Executors.java:511)
	at java.util.concurrent.FutureTask.run(FutureTask.java:266)
	at java.util.concurrent.ThreadPoolExecutor.runWorker(ThreadPoolExecutor.java:1149)
	at java.util.concurrent.ThreadPoolExecutor$Worker.run(ThreadPoolExecutor.java:624)
	... 1 more
2019-08-29 08:33:37,348 [129685ee-8122-4333-8930-3eeb8cf836af:group-1043D396F2BA:LeaderElection2] INFO  impl.LeaderElection (LogUtils.java:infoOrTrace(149)) - 129685ee-8122-4333-8930-3eeb8cf836af:group-1043D396F2BA:LeaderElection2 got exception when requesting votes: {}
java.util.concurrent.ExecutionException: org.apache.ratis.thirdparty.io.grpc.StatusRuntimeException: INTERNAL: Server fe546585-3c52-42ae-8754-1a35dad17d3f is not [RUNNING]: current state is NEW
	at java.util.concurrent.FutureTask.report(FutureTask.java:122)
	at java.util.concurrent.FutureTask.get(FutureTask.java:192)
	at org.apache.ratis.server.impl.LeaderElection.waitForResults(LeaderElection.java:262)
	at org.apache.ratis.server.impl.LeaderElection.askForVotes(LeaderElection.java:200)
	at org.apache.ratis.server.impl.LeaderElection.run(LeaderElection.java:130)
	at java.lang.Thread.run(Thread.java:748)
Caused by: org.apache.ratis.thirdparty.io.grpc.StatusRuntimeException: INTERNAL: Server fe546585-3c52-42ae-8754-1a35dad17d3f is not [RUNNING]: current state is NEW
	at org.apache.ratis.thirdparty.io.grpc.stub.ClientCalls.toStatusRuntimeException(ClientCalls.java:233)
	at org.apache.ratis.thirdparty.io.grpc.stub.ClientCalls.getUnchecked(ClientCalls.java:214)
	at org.apache.ratis.thirdparty.io.grpc.stub.ClientCalls.blockingUnaryCall(ClientCalls.java:139)
	at org.apache.ratis.proto.grpc.RaftServerProtocolServiceGrpc$RaftServerProtocolServiceBlockingStub.requestVote(RaftServerProtocolServiceGrpc.java:265)
	at org.apache.ratis.grpc.server.GrpcServerProtocolClient.requestVote(GrpcServerProtocolClient.java:83)
	at org.apache.ratis.grpc.server.GrpcService.requestVote(GrpcService.java:195)
	at org.apache.ratis.server.impl.LeaderElection.lambda$submitRequests$1(LeaderElection.java:237)
	at java.util.concurrent.FutureTask.run(FutureTask.java:266)
	at java.util.concurrent.Executors$RunnableAdapter.call(Executors.java:511)
	at java.util.concurrent.FutureTask.run(FutureTask.java:266)
	at java.util.concurrent.ThreadPoolExecutor.runWorker(ThreadPoolExecutor.java:1149)
	at java.util.concurrent.ThreadPoolExecutor$Worker.run(ThreadPoolExecutor.java:624)
	... 1 more
2019-08-29 08:33:37,355 [802c6c9d-4843-417e-8983-b6e40533cc1c:group-1043D396F2BA:LeaderElection1] INFO  impl.LeaderElection (LeaderElection.java:logAndReturn(56)) - 802c6c9d-4843-417e-8983-b6e40533cc1c:group-1043D396F2BA:LeaderElection1: Election REJECTED; received 1 response(s) [802c6c9d-4843-417e-8983-b6e40533cc1c<-129685ee-8122-4333-8930-3eeb8cf836af#0:FAIL-t1] and 1 exception(s); 802c6c9d-4843-417e-8983-b6e40533cc1c:t1, leader=null, voted=802c6c9d-4843-417e-8983-b6e40533cc1c, raftlog=802c6c9d-4843-417e-8983-b6e40533cc1c-SegmentedRaftLog:OPENED:c-1,f-1,i0, conf=-1: [802c6c9d-4843-417e-8983-b6e40533cc1c:192.168.69.89:37103, 129685ee-8122-4333-8930-3eeb8cf836af:192.168.69.89:45580, fe546585-3c52-42ae-8754-1a35dad17d3f:192.168.69.89:45996], old=null
2019-08-29 08:33:37,355 [129685ee-8122-4333-8930-3eeb8cf836af:group-1043D396F2BA:LeaderElection2] INFO  impl.LeaderElection (LeaderElection.java:logAndReturn(56)) - 129685ee-8122-4333-8930-3eeb8cf836af:group-1043D396F2BA:LeaderElection2: Election REJECTED; received 1 response(s) [129685ee-8122-4333-8930-3eeb8cf836af<-802c6c9d-4843-417e-8983-b6e40533cc1c#0:FAIL-t1] and 1 exception(s); 129685ee-8122-4333-8930-3eeb8cf836af:t1, leader=null, voted=129685ee-8122-4333-8930-3eeb8cf836af, raftlog=129685ee-8122-4333-8930-3eeb8cf836af-SegmentedRaftLog:OPENED:c-1,f-1,i0, conf=-1: [802c6c9d-4843-417e-8983-b6e40533cc1c:192.168.69.89:37103, 129685ee-8122-4333-8930-3eeb8cf836af:192.168.69.89:45580, fe546585-3c52-42ae-8754-1a35dad17d3f:192.168.69.89:45996], old=null
2019-08-29 08:33:37,355 [802c6c9d-4843-417e-8983-b6e40533cc1c:group-1043D396F2BA:LeaderElection1] INFO  impl.LeaderElection (LogUtils.java:infoOrTrace(149)) -   Exception 0: {}
java.util.concurrent.ExecutionException: org.apache.ratis.thirdparty.io.grpc.StatusRuntimeException: INTERNAL: Server fe546585-3c52-42ae-8754-1a35dad17d3f is not [RUNNING]: current state is NEW
	at java.util.concurrent.FutureTask.report(FutureTask.java:122)
	at java.util.concurrent.FutureTask.get(FutureTask.java:192)
	at org.apache.ratis.server.impl.LeaderElection.waitForResults(LeaderElection.java:262)
	at org.apache.ratis.server.impl.LeaderElection.askForVotes(LeaderElection.java:200)
	at org.apache.ratis.server.impl.LeaderElection.run(LeaderElection.java:130)
	at java.lang.Thread.run(Thread.java:748)
Caused by: org.apache.ratis.thirdparty.io.grpc.StatusRuntimeException: INTERNAL: Server fe546585-3c52-42ae-8754-1a35dad17d3f is not [RUNNING]: current state is NEW
	at org.apache.ratis.thirdparty.io.grpc.stub.ClientCalls.toStatusRuntimeException(ClientCalls.java:233)
	at org.apache.ratis.thirdparty.io.grpc.stub.ClientCalls.getUnchecked(ClientCalls.java:214)
	at org.apache.ratis.thirdparty.io.grpc.stub.ClientCalls.blockingUnaryCall(ClientCalls.java:139)
	at org.apache.ratis.proto.grpc.RaftServerProtocolServiceGrpc$RaftServerProtocolServiceBlockingStub.requestVote(RaftServerProtocolServiceGrpc.java:265)
	at org.apache.ratis.grpc.server.GrpcServerProtocolClient.requestVote(GrpcServerProtocolClient.java:83)
	at org.apache.ratis.grpc.server.GrpcService.requestVote(GrpcService.java:195)
	at org.apache.ratis.server.impl.LeaderElection.lambda$submitRequests$1(LeaderElection.java:237)
	at java.util.concurrent.FutureTask.run(FutureTask.java:266)
	at java.util.concurrent.Executors$RunnableAdapter.call(Executors.java:511)
	at java.util.concurrent.FutureTask.run(FutureTask.java:266)
	at java.util.concurrent.ThreadPoolExecutor.runWorker(ThreadPoolExecutor.java:1149)
	at java.util.concurrent.ThreadPoolExecutor$Worker.run(ThreadPoolExecutor.java:624)
	... 1 more
2019-08-29 08:33:37,358 [129685ee-8122-4333-8930-3eeb8cf836af:group-1043D396F2BA:LeaderElection2] INFO  impl.LeaderElection (LogUtils.java:infoOrTrace(149)) -   Exception 0: {}
java.util.concurrent.ExecutionException: org.apache.ratis.thirdparty.io.grpc.StatusRuntimeException: INTERNAL: Server fe546585-3c52-42ae-8754-1a35dad17d3f is not [RUNNING]: current state is NEW
	at java.util.concurrent.FutureTask.report(FutureTask.java:122)
	at java.util.concurrent.FutureTask.get(FutureTask.java:192)
	at org.apache.ratis.server.impl.LeaderElection.waitForResults(LeaderElection.java:262)
	at org.apache.ratis.server.impl.LeaderElection.askForVotes(LeaderElection.java:200)
	at org.apache.ratis.server.impl.LeaderElection.run(LeaderElection.java:130)
	at java.lang.Thread.run(Thread.java:748)
Caused by: org.apache.ratis.thirdparty.io.grpc.StatusRuntimeException: INTERNAL: Server fe546585-3c52-42ae-8754-1a35dad17d3f is not [RUNNING]: current state is NEW
	at org.apache.ratis.thirdparty.io.grpc.stub.ClientCalls.toStatusRuntimeException(ClientCalls.java:233)
	at org.apache.ratis.thirdparty.io.grpc.stub.ClientCalls.getUnchecked(ClientCalls.java:214)
	at org.apache.ratis.thirdparty.io.grpc.stub.ClientCalls.blockingUnaryCall(ClientCalls.java:139)
	at org.apache.ratis.proto.grpc.RaftServerProtocolServiceGrpc$RaftServerProtocolServiceBlockingStub.requestVote(RaftServerProtocolServiceGrpc.java:265)
	at org.apache.ratis.grpc.server.GrpcServerProtocolClient.requestVote(GrpcServerProtocolClient.java:83)
	at org.apache.ratis.grpc.server.GrpcService.requestVote(GrpcService.java:195)
	at org.apache.ratis.server.impl.LeaderElection.lambda$submitRequests$1(LeaderElection.java:237)
	at java.util.concurrent.FutureTask.run(FutureTask.java:266)
	at java.util.concurrent.Executors$RunnableAdapter.call(Executors.java:511)
	at java.util.concurrent.FutureTask.run(FutureTask.java:266)
	at java.util.concurrent.ThreadPoolExecutor.runWorker(ThreadPoolExecutor.java:1149)
	at java.util.concurrent.ThreadPoolExecutor$Worker.run(ThreadPoolExecutor.java:624)
	... 1 more
2019-08-29 08:33:37,361 [802c6c9d-4843-417e-8983-b6e40533cc1c:group-1043D396F2BA:LeaderElection1] INFO  impl.RaftServerImpl (RaftServerImpl.java:setRole(171)) - 802c6c9d-4843-417e-8983-b6e40533cc1c:group-1043D396F2BA changes role from CANDIDATE to FOLLOWER at term 1 for DISCOVERED_A_NEW_TERM
2019-08-29 08:33:37,366 [129685ee-8122-4333-8930-3eeb8cf836af:group-1043D396F2BA:LeaderElection2] INFO  impl.RaftServerImpl (RaftServerImpl.java:setRole(171)) - 129685ee-8122-4333-8930-3eeb8cf836af:group-1043D396F2BA changes role from CANDIDATE to FOLLOWER at term 1 for DISCOVERED_A_NEW_TERM
2019-08-29 08:33:37,366 [802c6c9d-4843-417e-8983-b6e40533cc1c:group-1043D396F2BA:LeaderElection1] INFO  impl.RoleInfo (RoleInfo.java:shutdownLeaderElection(134)) - 802c6c9d-4843-417e-8983-b6e40533cc1c: shutdown LeaderElection
2019-08-29 08:33:37,371 [129685ee-8122-4333-8930-3eeb8cf836af:group-1043D396F2BA:LeaderElection2] INFO  impl.RoleInfo (RoleInfo.java:shutdownLeaderElection(134)) - 129685ee-8122-4333-8930-3eeb8cf836af: shutdown LeaderElection
2019-08-29 08:33:37,371 [802c6c9d-4843-417e-8983-b6e40533cc1c:group-1043D396F2BA:LeaderElection1] INFO  impl.RoleInfo (RoleInfo.java:updateAndGet(143)) - 802c6c9d-4843-417e-8983-b6e40533cc1c: start FollowerState
2019-08-29 08:33:37,371 [129685ee-8122-4333-8930-3eeb8cf836af:group-1043D396F2BA:LeaderElection2] INFO  impl.RoleInfo (RoleInfo.java:updateAndGet(143)) - 129685ee-8122-4333-8930-3eeb8cf836af: start FollowerState
2019-08-29 08:33:37,378 | INFO  | SCMAudit | user=jenkins1000 | ip=192.168.69.89 | op=SEND_HEARTBEAT {datanodeUUID=7a9bfe55-9a1e-4d2f-9ebd-558835cfe40a, command=[]} | ret=SUCCESS |  
2019-08-29 08:33:37,419 | INFO  | SCMAudit | user=jenkins1000 | ip=192.168.69.89 | op=SEND_HEARTBEAT {datanodeUUID=fe546585-3c52-42ae-8754-1a35dad17d3f, command=[]} | ret=SUCCESS |  
2019-08-29 08:33:37,443 | INFO  | SCMAudit | user=jenkins1000 | ip=192.168.69.89 | op=SEND_HEARTBEAT {datanodeUUID=02bf3283-c6bf-4588-a57c-baa459038378, command=[]} | ret=SUCCESS |  
2019-08-29 08:33:37,596 | INFO  | SCMAudit | user=jenkins1000 | ip=192.168.69.89 | op=SEND_HEARTBEAT {datanodeUUID=4da055f9-cd9d-4c6f-9ab8-147a42717fcf, command=[]} | ret=SUCCESS |  
2019-08-29 08:33:37,638 | INFO  | SCMAudit | user=jenkins1000 | ip=192.168.69.89 | op=SEND_HEARTBEAT {datanodeUUID=129685ee-8122-4333-8930-3eeb8cf836af, command=[]} | ret=SUCCESS |  
2019-08-29 08:33:37,643 [pool-104-thread-1] INFO  storage.RaftStorage (RaftStorage.java:format(72)) - Storage directory /workdir/hadoop-ozone/integration-test/target/test-dir/MiniOzoneClusterImpl-839c4a83-1072-4184-a39a-41aa01fb846d/datanode-7/data/ratis/53087ce9-2f53-4a8b-9e50-d331a1104e49 has been successfully formatted.
2019-08-29 08:33:37,643 [pool-104-thread-1] INFO  ratis.ContainerStateMachine (ContainerStateMachine.java:loadSnapshot(226)) - group-D331A1104E49: The snapshot info is null. Setting the last applied indexto:(t:0, i:~)
2019-08-29 08:33:37,644 [pool-104-thread-1] INFO  server.RaftServerConfigKeys (ConfUtils.java:logGet(43)) - raft.server.leader.election.timeout = 120s (custom)
2019-08-29 08:33:37,644 [pool-104-thread-1] INFO  server.RaftServerConfigKeys (ConfUtils.java:logGet(43)) - raft.server.log.use.memory = false (default)
2019-08-29 08:33:37,644 [pool-104-thread-1] INFO  server.RaftServerConfigKeys (ConfUtils.java:logGet(43)) - raft.server.log.purge.gap = 1000000 (custom)
2019-08-29 08:33:37,644 [pool-104-thread-1] INFO  server.RaftServerConfigKeys (ConfUtils.java:logGet(43)) - raft.server.log.appender.buffer.byte-limit = 33554432 (custom)
2019-08-29 08:33:37,644 [pool-104-thread-1] INFO  server.RaftServerConfigKeys (ConfUtils.java:logGet(43)) - raft.server.log.segment.size.max = 1048576 (custom)
2019-08-29 08:33:37,645 [pool-104-thread-1] INFO  server.RaftServerConfigKeys (ConfUtils.java:logGet(43)) - raft.server.log.segment.cache.num.max = 2 (custom)
2019-08-29 08:33:37,645 [pool-104-thread-1] INFO  segmented.SegmentedRaftLogWorker (SegmentedRaftLogWorker.java:<init>(172)) - new fe546585-3c52-42ae-8754-1a35dad17d3f-SegmentedRaftLogWorker:Storage Directory /workdir/hadoop-ozone/integration-test/target/test-dir/MiniOzoneClusterImpl-839c4a83-1072-4184-a39a-41aa01fb846d/datanode-7/data/ratis/53087ce9-2f53-4a8b-9e50-d331a1104e49 for RaftStorage:Storage Directory /workdir/hadoop-ozone/integration-test/target/test-dir/MiniOzoneClusterImpl-839c4a83-1072-4184-a39a-41aa01fb846d/datanode-7/data/ratis/53087ce9-2f53-4a8b-9e50-d331a1104e49
2019-08-29 08:33:37,645 [pool-104-thread-1] INFO  server.RaftServerConfigKeys (ConfUtils.java:logGet(43)) - raft.server.log.queue.byte-limit = 2147483647 (custom)
2019-08-29 08:33:37,645 [pool-104-thread-1] INFO  server.RaftServerConfigKeys (ConfUtils.java:logGet(43)) - raft.server.log.queue.element-limit = 1024 (custom)
2019-08-29 08:33:37,645 [pool-104-thread-1] INFO  server.RaftServerConfigKeys (ConfUtils.java:logGet(43)) - raft.server.log.segment.size.max = 1048576 (custom)
2019-08-29 08:33:37,646 [pool-104-thread-1] INFO  server.RaftServerConfigKeys (ConfUtils.java:logGet(43)) - raft.server.log.preallocated.size = 16384 (custom)
2019-08-29 08:33:37,646 [pool-104-thread-1] INFO  server.RaftServerConfigKeys (ConfUtils.java:logGet(43)) - raft.server.log.write.buffer.size = 33554432 (custom)
2019-08-29 08:33:37,646 [pool-104-thread-1] INFO  server.RaftServerConfigKeys (ConfUtils.java:logGet(43)) - raft.server.log.force.sync.num = 128 (default)
2019-08-29 08:33:37,646 [pool-104-thread-1] INFO  server.RaftServerConfigKeys (ConfUtils.java:logGet(43)) - raft.server.log.statemachine.data.sync = true (default)
2019-08-29 08:33:37,646 [pool-104-thread-1] INFO  server.RaftServerConfigKeys (ConfUtils.java:logGet(43)) - raft.server.log.statemachine.data.sync.timeout = 10s (default)
2019-08-29 08:33:37,646 [pool-104-thread-1] INFO  server.RaftServerConfigKeys (ConfUtils.java:logGet(43)) - raft.server.log.statemachine.data.sync.timeout.retry = -1 (default)
2019-08-29 08:33:37,647 [pool-104-thread-1] INFO  server.RaftServerConfigKeys (ConfUtils.java:logGet(43)) - raft.server.log.statemachine.data.caching.enabled = true (custom)
2019-08-29 08:33:37,647 [pool-104-thread-1] INFO  segmented.SegmentedRaftLogWorker (SegmentedRaftLogWorker.java:lambda$new$0(132)) - fe546585-3c52-42ae-8754-1a35dad17d3f-SegmentedRaftLogWorker:Storage Directory /workdir/hadoop-ozone/integration-test/target/test-dir/MiniOzoneClusterImpl-839c4a83-1072-4184-a39a-41aa01fb846d/datanode-7/data/ratis/53087ce9-2f53-4a8b-9e50-d331a1104e49: flushIndex: setUnconditionally 0 -> -1
2019-08-29 08:33:37,647 [pool-104-thread-1] INFO  server.RaftServerConfigKeys (ConfUtils.java:logGet(43)) - raft.server.snapshot.auto.trigger.enabled = true (custom)
2019-08-29 08:33:37,648 [pool-104-thread-1] INFO  server.RaftServerConfigKeys (ConfUtils.java:logGet(43)) - raft.server.snapshot.auto.trigger.threshold = 10000 (custom)
2019-08-29 08:33:37,648 [pool-104-thread-1] INFO  server.RaftServerConfigKeys (ConfUtils.java:logGet(43)) - raft.server.retrycache.expirytime = 600000ms (custom)
2019-08-29 08:33:37,648 [pool-104-thread-1] INFO  impl.RaftServerImpl (RaftServerImpl.java:start(180)) - fe546585-3c52-42ae-8754-1a35dad17d3f: start group-1043D396F2BA
2019-08-29 08:33:37,648 [pool-104-thread-1] INFO  impl.RaftServerImpl (RaftServerImpl.java:setRole(171)) - fe546585-3c52-42ae-8754-1a35dad17d3f:group-1043D396F2BA changes role from null to FOLLOWER at term 0 for startAsFollower
2019-08-29 08:33:37,648 | INFO  | SCMAudit | user=jenkins1000 | ip=192.168.69.89 | op=SEND_HEARTBEAT {datanodeUUID=802c6c9d-4843-417e-8983-b6e40533cc1c, command=[]} | ret=SUCCESS |  
2019-08-29 08:33:37,648 [pool-104-thread-1] INFO  impl.RoleInfo (RoleInfo.java:updateAndGet(143)) - fe546585-3c52-42ae-8754-1a35dad17d3f: start FollowerState
2019-08-29 08:33:37,649 [pool-104-thread-1] INFO  util.JmxRegister (JmxRegister.java:tryRegister(44)) - Successfully registered JMX Bean with object name Ratis:service=RaftServer,group=group-1043D396F2BA,id=fe546585-3c52-42ae-8754-1a35dad17d3f
2019-08-29 08:33:37,650 [pool-104-thread-1] INFO  impl.RaftServerImpl (RaftServerImpl.java:start(180)) - fe546585-3c52-42ae-8754-1a35dad17d3f: start group-D331A1104E49
2019-08-29 08:33:37,650 [pool-104-thread-1] INFO  impl.RaftServerImpl (RaftServerImpl.java:setRole(171)) - fe546585-3c52-42ae-8754-1a35dad17d3f:group-D331A1104E49 changes role from null to FOLLOWER at term 0 for startAsFollower
2019-08-29 08:33:37,650 [pool-104-thread-1] INFO  impl.RoleInfo (RoleInfo.java:updateAndGet(143)) - fe546585-3c52-42ae-8754-1a35dad17d3f: start FollowerState
2019-08-29 08:33:37,650 [pool-104-thread-1] INFO  util.JmxRegister (JmxRegister.java:tryRegister(44)) - Successfully registered JMX Bean with object name Ratis:service=RaftServer,group=group-D331A1104E49,id=fe546585-3c52-42ae-8754-1a35dad17d3f
2019-08-29 08:33:37,706 [RatisPipelineUtilsThread] INFO  pipeline.PipelineStateManager (PipelineStateManager.java:addPipeline(56)) - Created pipeline Pipeline[ Id: 53087ce9-2f53-4a8b-9e50-d331a1104e49, Nodes: fe546585-3c52-42ae-8754-1a35dad17d3f{ip: 192.168.69.89, host: pr-hdds-1569-7rqkn-550228749, networkLocation: /default-rack, certSerialId: null}, Type:RATIS, Factor:ONE, State:OPEN]
2019-08-29 08:33:37,727 [4da055f9-cd9d-4c6f-9ab8-147a42717fcf-SegmentedRaftLogWorker:Storage Directory /workdir/hadoop-ozone/integration-test/target/test-dir/MiniOzoneClusterImpl-839c4a83-1072-4184-a39a-41aa01fb846d/datanode-0/data/ratis/8079e211-f4ce-47f0-aaef-fa2299444f23] INFO  segmented.SegmentedRaftLogWorker (SegmentedRaftLogWorker.java:execute(569)) - 4da055f9-cd9d-4c6f-9ab8-147a42717fcf-SegmentedRaftLogWorker:Storage Directory /workdir/hadoop-ozone/integration-test/target/test-dir/MiniOzoneClusterImpl-839c4a83-1072-4184-a39a-41aa01fb846d/datanode-0/data/ratis/8079e211-f4ce-47f0-aaef-fa2299444f23: created new log segment /workdir/hadoop-ozone/integration-test/target/test-dir/MiniOzoneClusterImpl-839c4a83-1072-4184-a39a-41aa01fb846d/datanode-0/data/ratis/8079e211-f4ce-47f0-aaef-fa2299444f23/current/log_inprogress_0
2019-08-29 08:33:37,734 [grpc-default-executor-2] INFO  impl.RaftServerProxy (RaftServerProxy.java:addNew(89)) - 802c6c9d-4843-417e-8983-b6e40533cc1c: addNew group-7CE38931A4C9:[802c6c9d-4843-417e-8983-b6e40533cc1c:192.168.69.89:37103] returns group-7CE38931A4C9:java.util.concurrent.CompletableFuture@3ab006f9[Not completed]
2019-08-29 08:33:37,735 [pool-71-thread-1] INFO  impl.RaftServerImpl (RaftServerImpl.java:<init>(93)) - 802c6c9d-4843-417e-8983-b6e40533cc1c: new RaftServerImpl for group-7CE38931A4C9:[802c6c9d-4843-417e-8983-b6e40533cc1c:192.168.69.89:37103] with ContainerStateMachine:uninitialized
2019-08-29 08:33:37,738 [pool-71-thread-1] INFO  server.RaftServerConfigKeys (ConfUtils.java:logGet(43)) - raft.server.rpc.timeout.min = 1s (custom)
2019-08-29 08:33:37,738 [pool-71-thread-1] INFO  server.RaftServerConfigKeys (ConfUtils.java:logGet(43)) - raft.server.rpc.timeout.max = 1200ms (custom)
2019-08-29 08:33:37,738 [pool-71-thread-1] INFO  server.RaftServerConfigKeys (ConfUtils.java:logGet(43)) - raft.server.rpcslowness.timeout = 120s (custom)
2019-08-29 08:33:37,738 [pool-71-thread-1] INFO  server.RaftServerConfigKeys (ConfUtils.java:logGet(43)) - raft.server.sleep.deviation.threshold = 300 (default)
2019-08-29 08:33:37,738 [pool-71-thread-1] INFO  server.RaftServerConfigKeys (ConfUtils.java:logGet(43)) - raft.server.log.appender.install.snapshot.enabled = false (custom)
2019-08-29 08:33:37,738 [pool-71-thread-1] INFO  impl.RaftServerImpl (ServerState.java:<init>(105)) - 802c6c9d-4843-417e-8983-b6e40533cc1c:group-7CE38931A4C9 ConfigurationManager, init=-1: [802c6c9d-4843-417e-8983-b6e40533cc1c:192.168.69.89:37103], old=null, confs=<EMPTY_MAP>
2019-08-29 08:33:37,738 [pool-71-thread-1] INFO  server.RaftServerConfigKeys (ConfUtils.java:logGet(43)) - raft.server.storage.dir = [/workdir/hadoop-ozone/integration-test/target/test-dir/MiniOzoneClusterImpl-839c4a83-1072-4184-a39a-41aa01fb846d/datanode-4/data/ratis] (custom)
2019-08-29 08:33:37,739 [pool-71-thread-1] INFO  storage.RaftStorageDirectory (RaftStorageDirectory.java:analyzeStorage(246)) - The storage directory /workdir/hadoop-ozone/integration-test/target/test-dir/MiniOzoneClusterImpl-839c4a83-1072-4184-a39a-41aa01fb846d/datanode-4/data/ratis/1a250d49-7e7e-47d8-97e3-7ce38931a4c9 does not exist. Creating ...
2019-08-29 08:33:37,872 | INFO  | SCMAudit | user=jenkins1000 | ip=192.168.69.89 | op=SEND_HEARTBEAT {datanodeUUID=f0c18ce4-0e5b-4823-99c8-fd716531bc5f, command=[]} | ret=SUCCESS |  
2019-08-29 08:33:37,909 [pool-71-thread-1] INFO  storage.RaftStorageDirectory (RaftStorageDirectory.java:tryLock(328)) - Lock on /workdir/hadoop-ozone/integration-test/target/test-dir/MiniOzoneClusterImpl-839c4a83-1072-4184-a39a-41aa01fb846d/datanode-4/data/ratis/1a250d49-7e7e-47d8-97e3-7ce38931a4c9/in_use.lock acquired by nodename 9793@pr-hdds-1569-7rqkn-550228749
2019-08-29 08:33:37,928 [pool-71-thread-1] INFO  storage.RaftStorage (RaftStorage.java:format(72)) - Storage directory /workdir/hadoop-ozone/integration-test/target/test-dir/MiniOzoneClusterImpl-839c4a83-1072-4184-a39a-41aa01fb846d/datanode-4/data/ratis/1a250d49-7e7e-47d8-97e3-7ce38931a4c9 has been successfully formatted.
2019-08-29 08:33:37,929 [pool-71-thread-1] INFO  ratis.ContainerStateMachine (ContainerStateMachine.java:loadSnapshot(226)) - group-7CE38931A4C9: The snapshot info is null. Setting the last applied indexto:(t:0, i:~)
2019-08-29 08:33:37,929 [pool-71-thread-1] INFO  server.RaftServerConfigKeys (ConfUtils.java:logGet(43)) - raft.server.leader.election.timeout = 120s (custom)
2019-08-29 08:33:37,929 [pool-71-thread-1] INFO  server.RaftServerConfigKeys (ConfUtils.java:logGet(43)) - raft.server.log.use.memory = false (default)
2019-08-29 08:33:37,929 [pool-71-thread-1] INFO  server.RaftServerConfigKeys (ConfUtils.java:logGet(43)) - raft.server.log.purge.gap = 1000000 (custom)
2019-08-29 08:33:37,930 [pool-71-thread-1] INFO  server.RaftServerConfigKeys (ConfUtils.java:logGet(43)) - raft.server.log.appender.buffer.byte-limit = 33554432 (custom)
2019-08-29 08:33:37,930 [pool-71-thread-1] INFO  server.RaftServerConfigKeys (ConfUtils.java:logGet(43)) - raft.server.log.segment.size.max = 1048576 (custom)
2019-08-29 08:33:37,930 [pool-71-thread-1] INFO  server.RaftServerConfigKeys (ConfUtils.java:logGet(43)) - raft.server.log.segment.cache.num.max = 2 (custom)
2019-08-29 08:33:37,930 [pool-71-thread-1] INFO  segmented.SegmentedRaftLogWorker (SegmentedRaftLogWorker.java:<init>(172)) - new 802c6c9d-4843-417e-8983-b6e40533cc1c-SegmentedRaftLogWorker:Storage Directory /workdir/hadoop-ozone/integration-test/target/test-dir/MiniOzoneClusterImpl-839c4a83-1072-4184-a39a-41aa01fb846d/datanode-4/data/ratis/1a250d49-7e7e-47d8-97e3-7ce38931a4c9 for RaftStorage:Storage Directory /workdir/hadoop-ozone/integration-test/target/test-dir/MiniOzoneClusterImpl-839c4a83-1072-4184-a39a-41aa01fb846d/datanode-4/data/ratis/1a250d49-7e7e-47d8-97e3-7ce38931a4c9
2019-08-29 08:33:37,930 [pool-71-thread-1] INFO  server.RaftServerConfigKeys (ConfUtils.java:logGet(43)) - raft.server.log.queue.byte-limit = 2147483647 (custom)
2019-08-29 08:33:37,930 [pool-71-thread-1] INFO  server.RaftServerConfigKeys (ConfUtils.java:logGet(43)) - raft.server.log.queue.element-limit = 1024 (custom)
2019-08-29 08:33:37,930 [pool-71-thread-1] INFO  server.RaftServerConfigKeys (ConfUtils.java:logGet(43)) - raft.server.log.segment.size.max = 1048576 (custom)
2019-08-29 08:33:37,931 [pool-71-thread-1] INFO  server.RaftServerConfigKeys (ConfUtils.java:logGet(43)) - raft.server.log.preallocated.size = 16384 (custom)
2019-08-29 08:33:37,931 [pool-71-thread-1] INFO  server.RaftServerConfigKeys (ConfUtils.java:logGet(43)) - raft.server.log.write.buffer.size = 33554432 (custom)
2019-08-29 08:33:37,931 [pool-71-thread-1] INFO  server.RaftServerConfigKeys (ConfUtils.java:logGet(43)) - raft.server.log.force.sync.num = 128 (default)
2019-08-29 08:33:37,931 [pool-71-thread-1] INFO  server.RaftServerConfigKeys (ConfUtils.java:logGet(43)) - raft.server.log.statemachine.data.sync = true (default)
2019-08-29 08:33:37,931 [pool-71-thread-1] INFO  server.RaftServerConfigKeys (ConfUtils.java:logGet(43)) - raft.server.log.statemachine.data.sync.timeout = 10s (default)
2019-08-29 08:33:37,931 [pool-71-thread-1] INFO  server.RaftServerConfigKeys (ConfUtils.java:logGet(43)) - raft.server.log.statemachine.data.sync.timeout.retry = -1 (default)
2019-08-29 08:33:37,931 [pool-71-thread-1] INFO  server.RaftServerConfigKeys (ConfUtils.java:logGet(43)) - raft.server.log.statemachine.data.caching.enabled = true (custom)
2019-08-29 08:33:37,932 [pool-71-thread-1] INFO  segmented.SegmentedRaftLogWorker (SegmentedRaftLogWorker.java:lambda$new$0(132)) - 802c6c9d-4843-417e-8983-b6e40533cc1c-SegmentedRaftLogWorker:Storage Directory /workdir/hadoop-ozone/integration-test/target/test-dir/MiniOzoneClusterImpl-839c4a83-1072-4184-a39a-41aa01fb846d/datanode-4/data/ratis/1a250d49-7e7e-47d8-97e3-7ce38931a4c9: flushIndex: setUnconditionally 0 -> -1
2019-08-29 08:33:37,932 [pool-71-thread-1] INFO  server.RaftServerConfigKeys (ConfUtils.java:logGet(43)) - raft.server.snapshot.auto.trigger.enabled = true (custom)
2019-08-29 08:33:37,932 [pool-71-thread-1] INFO  server.RaftServerConfigKeys (ConfUtils.java:logGet(43)) - raft.server.snapshot.auto.trigger.threshold = 10000 (custom)
2019-08-29 08:33:37,932 [pool-71-thread-1] INFO  server.RaftServerConfigKeys (ConfUtils.java:logGet(43)) - raft.server.retrycache.expirytime = 600000ms (custom)
2019-08-29 08:33:37,933 [pool-71-thread-1] INFO  impl.RaftServerImpl (RaftServerImpl.java:start(180)) - 802c6c9d-4843-417e-8983-b6e40533cc1c: start group-7CE38931A4C9
2019-08-29 08:33:37,933 [pool-71-thread-1] INFO  impl.RaftServerImpl (RaftServerImpl.java:setRole(171)) - 802c6c9d-4843-417e-8983-b6e40533cc1c:group-7CE38931A4C9 changes role from null to FOLLOWER at term 0 for startAsFollower
2019-08-29 08:33:37,933 [pool-71-thread-1] INFO  impl.RoleInfo (RoleInfo.java:updateAndGet(143)) - 802c6c9d-4843-417e-8983-b6e40533cc1c: start FollowerState
2019-08-29 08:33:37,933 [pool-71-thread-1] INFO  util.JmxRegister (JmxRegister.java:tryRegister(44)) - Successfully registered JMX Bean with object name Ratis:service=RaftServer,group=group-7CE38931A4C9,id=802c6c9d-4843-417e-8983-b6e40533cc1c
2019-08-29 08:33:37,955 | INFO  | SCMAudit | user=jenkins1000 | ip=192.168.69.89 | op=SEND_HEARTBEAT {datanodeUUID=99586f2f-9d87-40a3-9061-4566008201fd, command=[]} | ret=SUCCESS |  
2019-08-29 08:33:37,955 | INFO  | SCMAudit | user=jenkins1000 | ip=192.168.69.89 | op=SEND_HEARTBEAT {datanodeUUID=e7b9916e-4eca-4156-a086-839e4ffd13a0, command=[]} | ret=SUCCESS |  
2019-08-29 08:33:37,959 [RatisPipelineUtilsThread] INFO  pipeline.PipelineStateManager (PipelineStateManager.java:addPipeline(56)) - Created pipeline Pipeline[ Id: 1a250d49-7e7e-47d8-97e3-7ce38931a4c9, Nodes: 802c6c9d-4843-417e-8983-b6e40533cc1c{ip: 192.168.69.89, host: pr-hdds-1569-7rqkn-550228749, networkLocation: /default-rack, certSerialId: null}, Type:RATIS, Factor:ONE, State:OPEN]
2019-08-29 08:33:37,976 [grpc-default-executor-2] INFO  impl.RaftServerProxy (RaftServerProxy.java:addNew(89)) - 129685ee-8122-4333-8930-3eeb8cf836af: addNew group-F1BD435FB6F3:[129685ee-8122-4333-8930-3eeb8cf836af:192.168.69.89:45580] returns group-F1BD435FB6F3:java.util.concurrent.CompletableFuture@5f0634c9[Not completed]
2019-08-29 08:33:37,978 [pool-115-thread-1] INFO  impl.RaftServerImpl (RaftServerImpl.java:<init>(93)) - 129685ee-8122-4333-8930-3eeb8cf836af: new RaftServerImpl for group-F1BD435FB6F3:[129685ee-8122-4333-8930-3eeb8cf836af:192.168.69.89:45580] with ContainerStateMachine:uninitialized
2019-08-29 08:33:37,978 [pool-115-thread-1] INFO  server.RaftServerConfigKeys (ConfUtils.java:logGet(43)) - raft.server.rpc.timeout.min = 1s (custom)
2019-08-29 08:33:37,978 [pool-115-thread-1] INFO  server.RaftServerConfigKeys (ConfUtils.java:logGet(43)) - raft.server.rpc.timeout.max = 1200ms (custom)
2019-08-29 08:33:37,978 [pool-115-thread-1] INFO  server.RaftServerConfigKeys (ConfUtils.java:logGet(43)) - raft.server.rpcslowness.timeout = 120s (custom)
2019-08-29 08:33:37,979 [pool-115-thread-1] INFO  server.RaftServerConfigKeys (ConfUtils.java:logGet(43)) - raft.server.sleep.deviation.threshold = 300 (default)
2019-08-29 08:33:37,979 [pool-115-thread-1] INFO  server.RaftServerConfigKeys (ConfUtils.java:logGet(43)) - raft.server.log.appender.install.snapshot.enabled = false (custom)
2019-08-29 08:33:37,979 [pool-115-thread-1] INFO  impl.RaftServerImpl (ServerState.java:<init>(105)) - 129685ee-8122-4333-8930-3eeb8cf836af:group-F1BD435FB6F3 ConfigurationManager, init=-1: [129685ee-8122-4333-8930-3eeb8cf836af:192.168.69.89:45580], old=null, confs=<EMPTY_MAP>
2019-08-29 08:33:37,979 [pool-115-thread-1] INFO  server.RaftServerConfigKeys (ConfUtils.java:logGet(43)) - raft.server.storage.dir = [/workdir/hadoop-ozone/integration-test/target/test-dir/MiniOzoneClusterImpl-839c4a83-1072-4184-a39a-41aa01fb846d/datanode-8/data/ratis] (custom)
2019-08-29 08:33:37,980 [pool-115-thread-1] INFO  storage.RaftStorageDirectory (RaftStorageDirectory.java:analyzeStorage(246)) - The storage directory /workdir/hadoop-ozone/integration-test/target/test-dir/MiniOzoneClusterImpl-839c4a83-1072-4184-a39a-41aa01fb846d/datanode-8/data/ratis/aa05a0c6-3458-48c8-988a-f1bd435fb6f3 does not exist. Creating ...
2019-08-29 08:33:38,073 [pool-115-thread-1] INFO  storage.RaftStorageDirectory (RaftStorageDirectory.java:tryLock(328)) - Lock on /workdir/hadoop-ozone/integration-test/target/test-dir/MiniOzoneClusterImpl-839c4a83-1072-4184-a39a-41aa01fb846d/datanode-8/data/ratis/aa05a0c6-3458-48c8-988a-f1bd435fb6f3/in_use.lock acquired by nodename 9793@pr-hdds-1569-7rqkn-550228749
2019-08-29 08:33:38,104 [pool-115-thread-1] INFO  storage.RaftStorage (RaftStorage.java:format(72)) - Storage directory /workdir/hadoop-ozone/integration-test/target/test-dir/MiniOzoneClusterImpl-839c4a83-1072-4184-a39a-41aa01fb846d/datanode-8/data/ratis/aa05a0c6-3458-48c8-988a-f1bd435fb6f3 has been successfully formatted.
2019-08-29 08:33:38,105 [pool-115-thread-1] INFO  ratis.ContainerStateMachine (ContainerStateMachine.java:loadSnapshot(226)) - group-F1BD435FB6F3: The snapshot info is null. Setting the last applied indexto:(t:0, i:~)
2019-08-29 08:33:38,105 [pool-115-thread-1] INFO  server.RaftServerConfigKeys (ConfUtils.java:logGet(43)) - raft.server.leader.election.timeout = 120s (custom)
2019-08-29 08:33:38,105 [pool-115-thread-1] INFO  server.RaftServerConfigKeys (ConfUtils.java:logGet(43)) - raft.server.log.use.memory = false (default)
2019-08-29 08:33:38,105 [pool-115-thread-1] INFO  server.RaftServerConfigKeys (ConfUtils.java:logGet(43)) - raft.server.log.purge.gap = 1000000 (custom)
2019-08-29 08:33:38,105 [pool-115-thread-1] INFO  server.RaftServerConfigKeys (ConfUtils.java:logGet(43)) - raft.server.log.appender.buffer.byte-limit = 33554432 (custom)
2019-08-29 08:33:38,105 [pool-115-thread-1] INFO  server.RaftServerConfigKeys (ConfUtils.java:logGet(43)) - raft.server.log.segment.size.max = 1048576 (custom)
2019-08-29 08:33:38,106 [pool-115-thread-1] INFO  server.RaftServerConfigKeys (ConfUtils.java:logGet(43)) - raft.server.log.segment.cache.num.max = 2 (custom)
2019-08-29 08:33:38,106 [pool-115-thread-1] INFO  segmented.SegmentedRaftLogWorker (SegmentedRaftLogWorker.java:<init>(172)) - new 129685ee-8122-4333-8930-3eeb8cf836af-SegmentedRaftLogWorker:Storage Directory /workdir/hadoop-ozone/integration-test/target/test-dir/MiniOzoneClusterImpl-839c4a83-1072-4184-a39a-41aa01fb846d/datanode-8/data/ratis/aa05a0c6-3458-48c8-988a-f1bd435fb6f3 for RaftStorage:Storage Directory /workdir/hadoop-ozone/integration-test/target/test-dir/MiniOzoneClusterImpl-839c4a83-1072-4184-a39a-41aa01fb846d/datanode-8/data/ratis/aa05a0c6-3458-48c8-988a-f1bd435fb6f3
2019-08-29 08:33:38,106 [pool-115-thread-1] INFO  server.RaftServerConfigKeys (ConfUtils.java:logGet(43)) - raft.server.log.queue.byte-limit = 2147483647 (custom)
2019-08-29 08:33:38,106 [pool-115-thread-1] INFO  server.RaftServerConfigKeys (ConfUtils.java:logGet(43)) - raft.server.log.queue.element-limit = 1024 (custom)
2019-08-29 08:33:38,106 [pool-115-thread-1] INFO  server.RaftServerConfigKeys (ConfUtils.java:logGet(43)) - raft.server.log.segment.size.max = 1048576 (custom)
2019-08-29 08:33:38,106 [pool-115-thread-1] INFO  server.RaftServerConfigKeys (ConfUtils.java:logGet(43)) - raft.server.log.preallocated.size = 16384 (custom)
2019-08-29 08:33:38,106 [pool-115-thread-1] INFO  server.RaftServerConfigKeys (ConfUtils.java:logGet(43)) - raft.server.log.write.buffer.size = 33554432 (custom)
2019-08-29 08:33:38,106 [pool-115-thread-1] INFO  server.RaftServerConfigKeys (ConfUtils.java:logGet(43)) - raft.server.log.force.sync.num = 128 (default)
2019-08-29 08:33:38,107 [pool-115-thread-1] INFO  server.RaftServerConfigKeys (ConfUtils.java:logGet(43)) - raft.server.log.statemachine.data.sync = true (default)
2019-08-29 08:33:38,107 [pool-115-thread-1] INFO  server.RaftServerConfigKeys (ConfUtils.java:logGet(43)) - raft.server.log.statemachine.data.sync.timeout = 10s (default)
2019-08-29 08:33:38,107 [pool-115-thread-1] INFO  server.RaftServerConfigKeys (ConfUtils.java:logGet(43)) - raft.server.log.statemachine.data.sync.timeout.retry = -1 (default)
2019-08-29 08:33:38,107 [pool-115-thread-1] INFO  server.RaftServerConfigKeys (ConfUtils.java:logGet(43)) - raft.server.log.statemachine.data.caching.enabled = true (custom)
2019-08-29 08:33:38,107 [pool-115-thread-1] INFO  segmented.SegmentedRaftLogWorker (SegmentedRaftLogWorker.java:lambda$new$0(132)) - 129685ee-8122-4333-8930-3eeb8cf836af-SegmentedRaftLogWorker:Storage Directory /workdir/hadoop-ozone/integration-test/target/test-dir/MiniOzoneClusterImpl-839c4a83-1072-4184-a39a-41aa01fb846d/datanode-8/data/ratis/aa05a0c6-3458-48c8-988a-f1bd435fb6f3: flushIndex: setUnconditionally 0 -> -1
2019-08-29 08:33:38,107 [pool-115-thread-1] INFO  server.RaftServerConfigKeys (ConfUtils.java:logGet(43)) - raft.server.snapshot.auto.trigger.enabled = true (custom)
2019-08-29 08:33:38,108 [pool-115-thread-1] INFO  server.RaftServerConfigKeys (ConfUtils.java:logGet(43)) - raft.server.snapshot.auto.trigger.threshold = 10000 (custom)
2019-08-29 08:33:38,108 [pool-115-thread-1] INFO  server.RaftServerConfigKeys (ConfUtils.java:logGet(43)) - raft.server.retrycache.expirytime = 600000ms (custom)
2019-08-29 08:33:38,108 [pool-115-thread-1] INFO  impl.RaftServerImpl (RaftServerImpl.java:start(180)) - 129685ee-8122-4333-8930-3eeb8cf836af: start group-F1BD435FB6F3
2019-08-29 08:33:38,108 [pool-115-thread-1] INFO  impl.RaftServerImpl (RaftServerImpl.java:setRole(171)) - 129685ee-8122-4333-8930-3eeb8cf836af:group-F1BD435FB6F3 changes role from null to FOLLOWER at term 0 for startAsFollower
2019-08-29 08:33:38,108 [pool-115-thread-1] INFO  impl.RoleInfo (RoleInfo.java:updateAndGet(143)) - 129685ee-8122-4333-8930-3eeb8cf836af: start FollowerState
2019-08-29 08:33:38,108 [pool-115-thread-1] INFO  util.JmxRegister (JmxRegister.java:tryRegister(44)) - Successfully registered JMX Bean with object name Ratis:service=RaftServer,group=group-F1BD435FB6F3,id=129685ee-8122-4333-8930-3eeb8cf836af
2019-08-29 08:33:38,122 [RatisPipelineUtilsThread] INFO  pipeline.PipelineStateManager (PipelineStateManager.java:addPipeline(56)) - Created pipeline Pipeline[ Id: aa05a0c6-3458-48c8-988a-f1bd435fb6f3, Nodes: 129685ee-8122-4333-8930-3eeb8cf836af{ip: 192.168.69.89, host: pr-hdds-1569-7rqkn-550228749, networkLocation: /default-rack, certSerialId: null}, Type:RATIS, Factor:ONE, State:OPEN]
2019-08-29 08:33:38,135 [grpc-default-executor-2] INFO  impl.RaftServerProxy (RaftServerProxy.java:addNew(89)) - 4da055f9-cd9d-4c6f-9ab8-147a42717fcf: addNew group-DB5B41FAF3F1:[4da055f9-cd9d-4c6f-9ab8-147a42717fcf:192.168.69.89:41539] returns group-DB5B41FAF3F1:java.util.concurrent.CompletableFuture@676dc6cc[Not completed]
2019-08-29 08:33:38,136 [pool-27-thread-1] INFO  impl.RaftServerImpl (RaftServerImpl.java:<init>(93)) - 4da055f9-cd9d-4c6f-9ab8-147a42717fcf: new RaftServerImpl for group-DB5B41FAF3F1:[4da055f9-cd9d-4c6f-9ab8-147a42717fcf:192.168.69.89:41539] with ContainerStateMachine:uninitialized
2019-08-29 08:33:38,137 [pool-27-thread-1] INFO  server.RaftServerConfigKeys (ConfUtils.java:logGet(43)) - raft.server.rpc.timeout.min = 1s (custom)
2019-08-29 08:33:38,137 [pool-27-thread-1] INFO  server.RaftServerConfigKeys (ConfUtils.java:logGet(43)) - raft.server.rpc.timeout.max = 1200ms (custom)
2019-08-29 08:33:38,137 [pool-27-thread-1] INFO  server.RaftServerConfigKeys (ConfUtils.java:logGet(43)) - raft.server.rpcslowness.timeout = 120s (custom)
2019-08-29 08:33:38,137 [pool-27-thread-1] INFO  server.RaftServerConfigKeys (ConfUtils.java:logGet(43)) - raft.server.sleep.deviation.threshold = 300 (default)
2019-08-29 08:33:38,137 [pool-27-thread-1] INFO  server.RaftServerConfigKeys (ConfUtils.java:logGet(43)) - raft.server.log.appender.install.snapshot.enabled = false (custom)
2019-08-29 08:33:38,137 [pool-27-thread-1] INFO  impl.RaftServerImpl (ServerState.java:<init>(105)) - 4da055f9-cd9d-4c6f-9ab8-147a42717fcf:group-DB5B41FAF3F1 ConfigurationManager, init=-1: [4da055f9-cd9d-4c6f-9ab8-147a42717fcf:192.168.69.89:41539], old=null, confs=<EMPTY_MAP>
2019-08-29 08:33:38,138 [pool-27-thread-1] INFO  server.RaftServerConfigKeys (ConfUtils.java:logGet(43)) - raft.server.storage.dir = [/workdir/hadoop-ozone/integration-test/target/test-dir/MiniOzoneClusterImpl-839c4a83-1072-4184-a39a-41aa01fb846d/datanode-0/data/ratis] (custom)
2019-08-29 08:33:38,138 [pool-27-thread-1] INFO  storage.RaftStorageDirectory (RaftStorageDirectory.java:analyzeStorage(246)) - The storage directory /workdir/hadoop-ozone/integration-test/target/test-dir/MiniOzoneClusterImpl-839c4a83-1072-4184-a39a-41aa01fb846d/datanode-0/data/ratis/68e63637-f728-42fd-8f59-db5b41faf3f1 does not exist. Creating ...
2019-08-29 08:33:38,174 | INFO  | SCMAudit | user=jenkins1000 | ip=192.168.69.89 | op=SEND_HEARTBEAT {datanodeUUID=bcbb4469-e902-4083-b3d9-1bab9ea4cd29, command=[]} | ret=SUCCESS |  
2019-08-29 08:33:38,177 [pool-27-thread-1] INFO  storage.RaftStorageDirectory (RaftStorageDirectory.java:tryLock(328)) - Lock on /workdir/hadoop-ozone/integration-test/target/test-dir/MiniOzoneClusterImpl-839c4a83-1072-4184-a39a-41aa01fb846d/datanode-0/data/ratis/68e63637-f728-42fd-8f59-db5b41faf3f1/in_use.lock acquired by nodename 9793@pr-hdds-1569-7rqkn-550228749
2019-08-29 08:33:38,223 [pool-27-thread-1] INFO  storage.RaftStorage (RaftStorage.java:format(72)) - Storage directory /workdir/hadoop-ozone/integration-test/target/test-dir/MiniOzoneClusterImpl-839c4a83-1072-4184-a39a-41aa01fb846d/datanode-0/data/ratis/68e63637-f728-42fd-8f59-db5b41faf3f1 has been successfully formatted.
2019-08-29 08:33:38,224 [pool-27-thread-1] INFO  ratis.ContainerStateMachine (ContainerStateMachine.java:loadSnapshot(226)) - group-DB5B41FAF3F1: The snapshot info is null. Setting the last applied indexto:(t:0, i:~)
2019-08-29 08:33:38,224 [pool-27-thread-1] INFO  server.RaftServerConfigKeys (ConfUtils.java:logGet(43)) - raft.server.leader.election.timeout = 120s (custom)
2019-08-29 08:33:38,224 [pool-27-thread-1] INFO  server.RaftServerConfigKeys (ConfUtils.java:logGet(43)) - raft.server.log.use.memory = false (default)
2019-08-29 08:33:38,224 [pool-27-thread-1] INFO  server.RaftServerConfigKeys (ConfUtils.java:logGet(43)) - raft.server.log.purge.gap = 1000000 (custom)
2019-08-29 08:33:38,224 [pool-27-thread-1] INFO  server.RaftServerConfigKeys (ConfUtils.java:logGet(43)) - raft.server.log.appender.buffer.byte-limit = 33554432 (custom)
2019-08-29 08:33:38,225 [pool-27-thread-1] INFO  server.RaftServerConfigKeys (ConfUtils.java:logGet(43)) - raft.server.log.segment.size.max = 1048576 (custom)
2019-08-29 08:33:38,225 [pool-27-thread-1] INFO  server.RaftServerConfigKeys (ConfUtils.java:logGet(43)) - raft.server.log.segment.cache.num.max = 2 (custom)
2019-08-29 08:33:38,225 [pool-27-thread-1] INFO  segmented.SegmentedRaftLogWorker (SegmentedRaftLogWorker.java:<init>(172)) - new 4da055f9-cd9d-4c6f-9ab8-147a42717fcf-SegmentedRaftLogWorker:Storage Directory /workdir/hadoop-ozone/integration-test/target/test-dir/MiniOzoneClusterImpl-839c4a83-1072-4184-a39a-41aa01fb846d/datanode-0/data/ratis/68e63637-f728-42fd-8f59-db5b41faf3f1 for RaftStorage:Storage Directory /workdir/hadoop-ozone/integration-test/target/test-dir/MiniOzoneClusterImpl-839c4a83-1072-4184-a39a-41aa01fb846d/datanode-0/data/ratis/68e63637-f728-42fd-8f59-db5b41faf3f1
2019-08-29 08:33:38,225 [pool-27-thread-1] INFO  server.RaftServerConfigKeys (ConfUtils.java:logGet(43)) - raft.server.log.queue.byte-limit = 2147483647 (custom)
2019-08-29 08:33:38,225 [pool-27-thread-1] INFO  server.RaftServerConfigKeys (ConfUtils.java:logGet(43)) - raft.server.log.queue.element-limit = 1024 (custom)
2019-08-29 08:33:38,226 [pool-27-thread-1] INFO  server.RaftServerConfigKeys (ConfUtils.java:logGet(43)) - raft.server.log.segment.size.max = 1048576 (custom)
2019-08-29 08:33:38,226 [pool-27-thread-1] INFO  server.RaftServerConfigKeys (ConfUtils.java:logGet(43)) - raft.server.log.preallocated.size = 16384 (custom)
2019-08-29 08:33:38,226 [pool-27-thread-1] INFO  server.RaftServerConfigKeys (ConfUtils.java:logGet(43)) - raft.server.log.write.buffer.size = 33554432 (custom)
2019-08-29 08:33:38,226 [pool-27-thread-1] INFO  server.RaftServerConfigKeys (ConfUtils.java:logGet(43)) - raft.server.log.force.sync.num = 128 (default)
2019-08-29 08:33:38,226 [pool-27-thread-1] INFO  server.RaftServerConfigKeys (ConfUtils.java:logGet(43)) - raft.server.log.statemachine.data.sync = true (default)
2019-08-29 08:33:38,226 [pool-27-thread-1] INFO  server.RaftServerConfigKeys (ConfUtils.java:logGet(43)) - raft.server.log.statemachine.data.sync.timeout = 10s (default)
2019-08-29 08:33:38,227 [pool-27-thread-1] INFO  server.RaftServerConfigKeys (ConfUtils.java:logGet(43)) - raft.server.log.statemachine.data.sync.timeout.retry = -1 (default)
2019-08-29 08:33:38,227 [pool-27-thread-1] INFO  server.RaftServerConfigKeys (ConfUtils.java:logGet(43)) - raft.server.log.statemachine.data.caching.enabled = true (custom)
2019-08-29 08:33:38,227 [pool-27-thread-1] INFO  segmented.SegmentedRaftLogWorker (SegmentedRaftLogWorker.java:lambda$new$0(132)) - 4da055f9-cd9d-4c6f-9ab8-147a42717fcf-SegmentedRaftLogWorker:Storage Directory /workdir/hadoop-ozone/integration-test/target/test-dir/MiniOzoneClusterImpl-839c4a83-1072-4184-a39a-41aa01fb846d/datanode-0/data/ratis/68e63637-f728-42fd-8f59-db5b41faf3f1: flushIndex: setUnconditionally 0 -> -1
2019-08-29 08:33:38,228 [pool-27-thread-1] INFO  server.RaftServerConfigKeys (ConfUtils.java:logGet(43)) - raft.server.snapshot.auto.trigger.enabled = true (custom)
2019-08-29 08:33:38,228 [pool-27-thread-1] INFO  server.RaftServerConfigKeys (ConfUtils.java:logGet(43)) - raft.server.snapshot.auto.trigger.threshold = 10000 (custom)
2019-08-29 08:33:38,228 [pool-27-thread-1] INFO  server.RaftServerConfigKeys (ConfUtils.java:logGet(43)) - raft.server.retrycache.expirytime = 600000ms (custom)
2019-08-29 08:33:38,228 [pool-27-thread-1] INFO  impl.RaftServerImpl (RaftServerImpl.java:start(180)) - 4da055f9-cd9d-4c6f-9ab8-147a42717fcf: start group-DB5B41FAF3F1
2019-08-29 08:33:38,229 [pool-27-thread-1] INFO  impl.RaftServerImpl (RaftServerImpl.java:setRole(171)) - 4da055f9-cd9d-4c6f-9ab8-147a42717fcf:group-DB5B41FAF3F1 changes role from null to FOLLOWER at term 0 for startAsFollower
2019-08-29 08:33:38,229 [pool-27-thread-1] INFO  impl.RoleInfo (RoleInfo.java:updateAndGet(143)) - 4da055f9-cd9d-4c6f-9ab8-147a42717fcf: start FollowerState
2019-08-29 08:33:38,229 [pool-27-thread-1] INFO  util.JmxRegister (JmxRegister.java:tryRegister(44)) - Successfully registered JMX Bean with object name Ratis:service=RaftServer,group=group-DB5B41FAF3F1,id=4da055f9-cd9d-4c6f-9ab8-147a42717fcf
2019-08-29 08:33:38,243 [RatisPipelineUtilsThread] INFO  pipeline.PipelineStateManager (PipelineStateManager.java:addPipeline(56)) - Created pipeline Pipeline[ Id: 68e63637-f728-42fd-8f59-db5b41faf3f1, Nodes: 4da055f9-cd9d-4c6f-9ab8-147a42717fcf{ip: 192.168.69.89, host: pr-hdds-1569-7rqkn-550228749, networkLocation: /default-rack, certSerialId: null}, Type:RATIS, Factor:ONE, State:OPEN]
2019-08-29 08:33:38,261 [grpc-default-executor-2] INFO  impl.RaftServerProxy (RaftServerProxy.java:addNew(89)) - 02bf3283-c6bf-4588-a57c-baa459038378: addNew group-F1A9B08BDC53:[02bf3283-c6bf-4588-a57c-baa459038378:192.168.69.89:46486] returns group-F1A9B08BDC53:java.util.concurrent.CompletableFuture@1314f165[Not completed]
2019-08-29 08:33:38,267 [pool-60-thread-1] INFO  impl.RaftServerImpl (RaftServerImpl.java:<init>(93)) - 02bf3283-c6bf-4588-a57c-baa459038378: new RaftServerImpl for group-F1A9B08BDC53:[02bf3283-c6bf-4588-a57c-baa459038378:192.168.69.89:46486] with ContainerStateMachine:uninitialized
2019-08-29 08:33:38,267 [pool-60-thread-1] INFO  server.RaftServerConfigKeys (ConfUtils.java:logGet(43)) - raft.server.rpc.timeout.min = 1s (custom)
2019-08-29 08:33:38,267 [pool-60-thread-1] INFO  server.RaftServerConfigKeys (ConfUtils.java:logGet(43)) - raft.server.rpc.timeout.max = 1200ms (custom)
2019-08-29 08:33:38,267 [pool-60-thread-1] INFO  server.RaftServerConfigKeys (ConfUtils.java:logGet(43)) - raft.server.rpcslowness.timeout = 120s (custom)
2019-08-29 08:33:38,268 [pool-60-thread-1] INFO  server.RaftServerConfigKeys (ConfUtils.java:logGet(43)) - raft.server.sleep.deviation.threshold = 300 (default)
2019-08-29 08:33:38,268 [pool-60-thread-1] INFO  server.RaftServerConfigKeys (ConfUtils.java:logGet(43)) - raft.server.log.appender.install.snapshot.enabled = false (custom)
2019-08-29 08:33:38,268 [pool-60-thread-1] INFO  impl.RaftServerImpl (ServerState.java:<init>(105)) - 02bf3283-c6bf-4588-a57c-baa459038378:group-F1A9B08BDC53 ConfigurationManager, init=-1: [02bf3283-c6bf-4588-a57c-baa459038378:192.168.69.89:46486], old=null, confs=<EMPTY_MAP>
2019-08-29 08:33:38,268 [pool-60-thread-1] INFO  server.RaftServerConfigKeys (ConfUtils.java:logGet(43)) - raft.server.storage.dir = [/workdir/hadoop-ozone/integration-test/target/test-dir/MiniOzoneClusterImpl-839c4a83-1072-4184-a39a-41aa01fb846d/datanode-3/data/ratis] (custom)
2019-08-29 08:33:38,269 [pool-60-thread-1] INFO  storage.RaftStorageDirectory (RaftStorageDirectory.java:analyzeStorage(246)) - The storage directory /workdir/hadoop-ozone/integration-test/target/test-dir/MiniOzoneClusterImpl-839c4a83-1072-4184-a39a-41aa01fb846d/datanode-3/data/ratis/0c32431e-c655-43c5-8604-f1a9b08bdc53 does not exist. Creating ...
2019-08-29 08:33:38,304 [pool-60-thread-1] INFO  storage.RaftStorageDirectory (RaftStorageDirectory.java:tryLock(328)) - Lock on /workdir/hadoop-ozone/integration-test/target/test-dir/MiniOzoneClusterImpl-839c4a83-1072-4184-a39a-41aa01fb846d/datanode-3/data/ratis/0c32431e-c655-43c5-8604-f1a9b08bdc53/in_use.lock acquired by nodename 9793@pr-hdds-1569-7rqkn-550228749
2019-08-29 08:33:38,376 | INFO  | SCMAudit | user=jenkins1000 | ip=192.168.69.89 | op=SEND_HEARTBEAT {datanodeUUID=7a9bfe55-9a1e-4d2f-9ebd-558835cfe40a, command=[]} | ret=SUCCESS |  
2019-08-29 08:33:38,407 [Thread-307] INFO  impl.FollowerState (FollowerState.java:run(106)) - 129685ee-8122-4333-8930-3eeb8cf836af:group-1043D396F2BA changes to CANDIDATE, lastRpcTime:1036, electionTimeout:1033ms
2019-08-29 08:33:38,407 [Thread-307] INFO  impl.RoleInfo (RoleInfo.java:shutdownFollowerState(121)) - 129685ee-8122-4333-8930-3eeb8cf836af: shutdown FollowerState
2019-08-29 08:33:38,408 [Thread-307] INFO  impl.RaftServerImpl (RaftServerImpl.java:setRole(171)) - 129685ee-8122-4333-8930-3eeb8cf836af:group-1043D396F2BA changes role from FOLLOWER to CANDIDATE at term 1 for changeToCandidate
2019-08-29 08:33:38,408 [Thread-307] INFO  impl.RoleInfo (RoleInfo.java:updateAndGet(143)) - 129685ee-8122-4333-8930-3eeb8cf836af: start LeaderElection
2019-08-29 08:33:38,418 | INFO  | SCMAudit | user=jenkins1000 | ip=192.168.69.89 | op=SEND_HEARTBEAT {datanodeUUID=fe546585-3c52-42ae-8754-1a35dad17d3f, command=[]} | ret=SUCCESS |  
2019-08-29 08:33:38,421 [pool-60-thread-1] INFO  storage.RaftStorage (RaftStorage.java:format(72)) - Storage directory /workdir/hadoop-ozone/integration-test/target/test-dir/MiniOzoneClusterImpl-839c4a83-1072-4184-a39a-41aa01fb846d/datanode-3/data/ratis/0c32431e-c655-43c5-8604-f1a9b08bdc53 has been successfully formatted.
2019-08-29 08:33:38,421 [pool-60-thread-1] INFO  ratis.ContainerStateMachine (ContainerStateMachine.java:loadSnapshot(226)) - group-F1A9B08BDC53: The snapshot info is null. Setting the last applied indexto:(t:0, i:~)
2019-08-29 08:33:38,422 [pool-60-thread-1] INFO  server.RaftServerConfigKeys (ConfUtils.java:logGet(43)) - raft.server.leader.election.timeout = 120s (custom)
2019-08-29 08:33:38,422 [pool-60-thread-1] INFO  server.RaftServerConfigKeys (ConfUtils.java:logGet(43)) - raft.server.log.use.memory = false (default)
2019-08-29 08:33:38,422 [pool-60-thread-1] INFO  server.RaftServerConfigKeys (ConfUtils.java:logGet(43)) - raft.server.log.purge.gap = 1000000 (custom)
2019-08-29 08:33:38,422 [pool-60-thread-1] INFO  server.RaftServerConfigKeys (ConfUtils.java:logGet(43)) - raft.server.log.appender.buffer.byte-limit = 33554432 (custom)
2019-08-29 08:33:38,422 [pool-60-thread-1] INFO  server.RaftServerConfigKeys (ConfUtils.java:logGet(43)) - raft.server.log.segment.size.max = 1048576 (custom)
2019-08-29 08:33:38,422 [pool-60-thread-1] INFO  server.RaftServerConfigKeys (ConfUtils.java:logGet(43)) - raft.server.log.segment.cache.num.max = 2 (custom)
2019-08-29 08:33:38,423 [pool-60-thread-1] INFO  segmented.SegmentedRaftLogWorker (SegmentedRaftLogWorker.java:<init>(172)) - new 02bf3283-c6bf-4588-a57c-baa459038378-SegmentedRaftLogWorker:Storage Directory /workdir/hadoop-ozone/integration-test/target/test-dir/MiniOzoneClusterImpl-839c4a83-1072-4184-a39a-41aa01fb846d/datanode-3/data/ratis/0c32431e-c655-43c5-8604-f1a9b08bdc53 for RaftStorage:Storage Directory /workdir/hadoop-ozone/integration-test/target/test-dir/MiniOzoneClusterImpl-839c4a83-1072-4184-a39a-41aa01fb846d/datanode-3/data/ratis/0c32431e-c655-43c5-8604-f1a9b08bdc53
2019-08-29 08:33:38,423 [pool-60-thread-1] INFO  server.RaftServerConfigKeys (ConfUtils.java:logGet(43)) - raft.server.log.queue.byte-limit = 2147483647 (custom)
2019-08-29 08:33:38,423 [pool-60-thread-1] INFO  server.RaftServerConfigKeys (ConfUtils.java:logGet(43)) - raft.server.log.queue.element-limit = 1024 (custom)
2019-08-29 08:33:38,423 [pool-60-thread-1] INFO  server.RaftServerConfigKeys (ConfUtils.java:logGet(43)) - raft.server.log.segment.size.max = 1048576 (custom)
2019-08-29 08:33:38,424 [pool-60-thread-1] INFO  server.RaftServerConfigKeys (ConfUtils.java:logGet(43)) - raft.server.log.preallocated.size = 16384 (custom)
2019-08-29 08:33:38,424 [pool-60-thread-1] INFO  server.RaftServerConfigKeys (ConfUtils.java:logGet(43)) - raft.server.log.write.buffer.size = 33554432 (custom)
2019-08-29 08:33:38,424 [pool-60-thread-1] INFO  server.RaftServerConfigKeys (ConfUtils.java:logGet(43)) - raft.server.log.force.sync.num = 128 (default)
2019-08-29 08:33:38,424 [pool-60-thread-1] INFO  server.RaftServerConfigKeys (ConfUtils.java:logGet(43)) - raft.server.log.statemachine.data.sync = true (default)
2019-08-29 08:33:38,424 [pool-60-thread-1] INFO  server.RaftServerConfigKeys (ConfUtils.java:logGet(43)) - raft.server.log.statemachine.data.sync.timeout = 10s (default)
2019-08-29 08:33:38,424 [pool-60-thread-1] INFO  server.RaftServerConfigKeys (ConfUtils.java:logGet(43)) - raft.server.log.statemachine.data.sync.timeout.retry = -1 (default)
2019-08-29 08:33:38,425 [pool-60-thread-1] INFO  server.RaftServerConfigKeys (ConfUtils.java:logGet(43)) - raft.server.log.statemachine.data.caching.enabled = true (custom)
2019-08-29 08:33:38,425 [pool-60-thread-1] INFO  segmented.SegmentedRaftLogWorker (SegmentedRaftLogWorker.java:lambda$new$0(132)) - 02bf3283-c6bf-4588-a57c-baa459038378-SegmentedRaftLogWorker:Storage Directory /workdir/hadoop-ozone/integration-test/target/test-dir/MiniOzoneClusterImpl-839c4a83-1072-4184-a39a-41aa01fb846d/datanode-3/data/ratis/0c32431e-c655-43c5-8604-f1a9b08bdc53: flushIndex: setUnconditionally 0 -> -1
2019-08-29 08:33:38,426 [pool-60-thread-1] INFO  server.RaftServerConfigKeys (ConfUtils.java:logGet(43)) - raft.server.snapshot.auto.trigger.enabled = true (custom)
2019-08-29 08:33:38,426 [pool-60-thread-1] INFO  server.RaftServerConfigKeys (ConfUtils.java:logGet(43)) - raft.server.snapshot.auto.trigger.threshold = 10000 (custom)
2019-08-29 08:33:38,426 [pool-60-thread-1] INFO  server.RaftServerConfigKeys (ConfUtils.java:logGet(43)) - raft.server.retrycache.expirytime = 600000ms (custom)
2019-08-29 08:33:38,426 [pool-60-thread-1] INFO  impl.RaftServerImpl (RaftServerImpl.java:start(180)) - 02bf3283-c6bf-4588-a57c-baa459038378: start group-F1A9B08BDC53
2019-08-29 08:33:38,426 [pool-60-thread-1] INFO  impl.RaftServerImpl (RaftServerImpl.java:setRole(171)) - 02bf3283-c6bf-4588-a57c-baa459038378:group-F1A9B08BDC53 changes role from null to FOLLOWER at term 0 for startAsFollower
2019-08-29 08:33:38,427 [pool-60-thread-1] INFO  impl.RoleInfo (RoleInfo.java:updateAndGet(143)) - 02bf3283-c6bf-4588-a57c-baa459038378: start FollowerState
2019-08-29 08:33:38,427 [pool-60-thread-1] INFO  util.JmxRegister (JmxRegister.java:tryRegister(44)) - Successfully registered JMX Bean with object name Ratis:service=RaftServer,group=group-F1A9B08BDC53,id=02bf3283-c6bf-4588-a57c-baa459038378
2019-08-29 08:33:38,440 [RatisPipelineUtilsThread] INFO  pipeline.PipelineStateManager (PipelineStateManager.java:addPipeline(56)) - Created pipeline Pipeline[ Id: 0c32431e-c655-43c5-8604-f1a9b08bdc53, Nodes: 02bf3283-c6bf-4588-a57c-baa459038378{ip: 192.168.69.89, host: pr-hdds-1569-7rqkn-550228749, networkLocation: /default-rack, certSerialId: null}, Type:RATIS, Factor:ONE, State:OPEN]
2019-08-29 08:33:38,443 | INFO  | SCMAudit | user=jenkins1000 | ip=192.168.69.89 | op=SEND_HEARTBEAT {datanodeUUID=02bf3283-c6bf-4588-a57c-baa459038378, command=[]} | ret=SUCCESS |  
2019-08-29 08:33:38,447 [129685ee-8122-4333-8930-3eeb8cf836af:group-1043D396F2BA:LeaderElection4] INFO  impl.LeaderElection (LeaderElection.java:askForVotes(181)) - 129685ee-8122-4333-8930-3eeb8cf836af:group-1043D396F2BA:LeaderElection4: begin an election at term 2 for -1: [802c6c9d-4843-417e-8983-b6e40533cc1c:192.168.69.89:37103, 129685ee-8122-4333-8930-3eeb8cf836af:192.168.69.89:45580, fe546585-3c52-42ae-8754-1a35dad17d3f:192.168.69.89:45996], old=null
2019-08-29 08:33:38,455 [grpc-default-executor-2] INFO  impl.RaftServerImpl (RaftServerImpl.java:setRole(171)) - 802c6c9d-4843-417e-8983-b6e40533cc1c:group-1043D396F2BA changes role from FOLLOWER to FOLLOWER at term 2 for recognizeCandidate:129685ee-8122-4333-8930-3eeb8cf836af
2019-08-29 08:33:38,455 [grpc-default-executor-2] INFO  impl.RoleInfo (RoleInfo.java:shutdownFollowerState(121)) - 802c6c9d-4843-417e-8983-b6e40533cc1c: shutdown FollowerState
2019-08-29 08:33:38,457 [grpc-default-executor-0] INFO  impl.RaftServerImpl (RaftServerImpl.java:setRole(171)) - fe546585-3c52-42ae-8754-1a35dad17d3f:group-1043D396F2BA changes role from FOLLOWER to FOLLOWER at term 2 for recognizeCandidate:129685ee-8122-4333-8930-3eeb8cf836af
2019-08-29 08:33:38,458 [Thread-306] INFO  impl.FollowerState (FollowerState.java:run(114)) - 802c6c9d-4843-417e-8983-b6e40533cc1c: FollowerState was interrupted: java.lang.InterruptedException: sleep interrupted
2019-08-29 08:33:38,458 [grpc-default-executor-2] INFO  impl.RoleInfo (RoleInfo.java:updateAndGet(143)) - 802c6c9d-4843-417e-8983-b6e40533cc1c: start FollowerState
2019-08-29 08:33:38,458 [grpc-default-executor-0] INFO  impl.RoleInfo (RoleInfo.java:shutdownFollowerState(121)) - fe546585-3c52-42ae-8754-1a35dad17d3f: shutdown FollowerState
2019-08-29 08:33:38,460 [grpc-default-executor-0] INFO  impl.RoleInfo (RoleInfo.java:updateAndGet(143)) - fe546585-3c52-42ae-8754-1a35dad17d3f: start FollowerState
2019-08-29 08:33:38,460 [Thread-309] INFO  impl.FollowerState (FollowerState.java:run(114)) - fe546585-3c52-42ae-8754-1a35dad17d3f: FollowerState was interrupted: java.lang.InterruptedException: sleep interrupted
2019-08-29 08:33:38,468 [grpc-default-executor-3] INFO  impl.RaftServerProxy (RaftServerProxy.java:addNew(89)) - f0c18ce4-0e5b-4823-99c8-fd716531bc5f: addNew group-544DCBEC5E56:[f0c18ce4-0e5b-4823-99c8-fd716531bc5f:192.168.69.89:36167] returns group-544DCBEC5E56:java.util.concurrent.CompletableFuture@51b56ec[Not completed]
2019-08-29 08:33:38,470 [pool-126-thread-1] INFO  impl.RaftServerImpl (RaftServerImpl.java:<init>(93)) - f0c18ce4-0e5b-4823-99c8-fd716531bc5f: new RaftServerImpl for group-544DCBEC5E56:[f0c18ce4-0e5b-4823-99c8-fd716531bc5f:192.168.69.89:36167] with ContainerStateMachine:uninitialized
2019-08-29 08:33:38,472 [pool-126-thread-1] INFO  server.RaftServerConfigKeys (ConfUtils.java:logGet(43)) - raft.server.rpc.timeout.min = 1s (custom)
2019-08-29 08:33:38,472 [pool-126-thread-1] INFO  server.RaftServerConfigKeys (ConfUtils.java:logGet(43)) - raft.server.rpc.timeout.max = 1200ms (custom)
2019-08-29 08:33:38,472 [pool-126-thread-1] INFO  server.RaftServerConfigKeys (ConfUtils.java:logGet(43)) - raft.server.rpcslowness.timeout = 120s (custom)
2019-08-29 08:33:38,472 [pool-126-thread-1] INFO  server.RaftServerConfigKeys (ConfUtils.java:logGet(43)) - raft.server.sleep.deviation.threshold = 300 (default)
2019-08-29 08:33:38,472 [pool-126-thread-1] INFO  server.RaftServerConfigKeys (ConfUtils.java:logGet(43)) - raft.server.log.appender.install.snapshot.enabled = false (custom)
2019-08-29 08:33:38,473 [pool-126-thread-1] INFO  impl.RaftServerImpl (ServerState.java:<init>(105)) - f0c18ce4-0e5b-4823-99c8-fd716531bc5f:group-544DCBEC5E56 ConfigurationManager, init=-1: [f0c18ce4-0e5b-4823-99c8-fd716531bc5f:192.168.69.89:36167], old=null, confs=<EMPTY_MAP>
2019-08-29 08:33:38,473 [pool-126-thread-1] INFO  server.RaftServerConfigKeys (ConfUtils.java:logGet(43)) - raft.server.storage.dir = [/workdir/hadoop-ozone/integration-test/target/test-dir/MiniOzoneClusterImpl-839c4a83-1072-4184-a39a-41aa01fb846d/datanode-9/data/ratis] (custom)
2019-08-29 08:33:38,473 [pool-126-thread-1] INFO  storage.RaftStorageDirectory (RaftStorageDirectory.java:analyzeStorage(246)) - The storage directory /workdir/hadoop-ozone/integration-test/target/test-dir/MiniOzoneClusterImpl-839c4a83-1072-4184-a39a-41aa01fb846d/datanode-9/data/ratis/1c628f6f-546c-4ba9-a778-544dcbec5e56 does not exist. Creating ...
2019-08-29 08:33:38,520 [pool-126-thread-1] INFO  storage.RaftStorageDirectory (RaftStorageDirectory.java:tryLock(328)) - Lock on /workdir/hadoop-ozone/integration-test/target/test-dir/MiniOzoneClusterImpl-839c4a83-1072-4184-a39a-41aa01fb846d/datanode-9/data/ratis/1c628f6f-546c-4ba9-a778-544dcbec5e56/in_use.lock acquired by nodename 9793@pr-hdds-1569-7rqkn-550228749
2019-08-29 08:33:38,533 [129685ee-8122-4333-8930-3eeb8cf836af:group-1043D396F2BA:LeaderElection4] INFO  impl.LeaderElection (LeaderElection.java:logAndReturn(56)) - 129685ee-8122-4333-8930-3eeb8cf836af:group-1043D396F2BA:LeaderElection4: Election PASSED; received 1 response(s) [129685ee-8122-4333-8930-3eeb8cf836af<-fe546585-3c52-42ae-8754-1a35dad17d3f#0:OK-t2] and 0 exception(s); 129685ee-8122-4333-8930-3eeb8cf836af:t2, leader=null, voted=129685ee-8122-4333-8930-3eeb8cf836af, raftlog=129685ee-8122-4333-8930-3eeb8cf836af-SegmentedRaftLog:OPENED:c-1,f-1,i0, conf=-1: [802c6c9d-4843-417e-8983-b6e40533cc1c:192.168.69.89:37103, 129685ee-8122-4333-8930-3eeb8cf836af:192.168.69.89:45580, fe546585-3c52-42ae-8754-1a35dad17d3f:192.168.69.89:45996], old=null
2019-08-29 08:33:38,533 [129685ee-8122-4333-8930-3eeb8cf836af:group-1043D396F2BA:LeaderElection4] INFO  impl.RoleInfo (RoleInfo.java:shutdownLeaderElection(134)) - 129685ee-8122-4333-8930-3eeb8cf836af: shutdown LeaderElection
2019-08-29 08:33:38,533 [129685ee-8122-4333-8930-3eeb8cf836af:group-1043D396F2BA:LeaderElection4] INFO  impl.RaftServerImpl (RaftServerImpl.java:setRole(171)) - 129685ee-8122-4333-8930-3eeb8cf836af:group-1043D396F2BA changes role from CANDIDATE to LEADER at term 2 for changeToLeader
2019-08-29 08:33:38,538 [129685ee-8122-4333-8930-3eeb8cf836af:group-1043D396F2BA:LeaderElection4] INFO  impl.RaftServerImpl (ServerState.java:setLeader(263)) - 129685ee-8122-4333-8930-3eeb8cf836af:group-1043D396F2BA change Leader from null to 129685ee-8122-4333-8930-3eeb8cf836af at term 2 for becomeLeader, leader elected after 3116ms
2019-08-29 08:33:38,541 [129685ee-8122-4333-8930-3eeb8cf836af:group-1043D396F2BA:LeaderElection4] INFO  server.RaftServerConfigKeys (ConfUtils.java:logGet(43)) - raft.server.staging.catchup.gap = 1000 (default)
2019-08-29 08:33:38,541 [129685ee-8122-4333-8930-3eeb8cf836af:group-1043D396F2BA:LeaderElection4] INFO  server.RaftServerConfigKeys (ConfUtils.java:logGet(43)) - raft.server.rpc.sleep.time = 25ms (default)
2019-08-29 08:33:38,541 [129685ee-8122-4333-8930-3eeb8cf836af:group-1043D396F2BA:LeaderElection4] INFO  server.RaftServerConfigKeys (ConfUtils.java:logGet(43)) - raft.server.write.element-limit = 4096 (default)
2019-08-29 08:33:38,541 [129685ee-8122-4333-8930-3eeb8cf836af:group-1043D396F2BA:LeaderElection4] INFO  server.RaftServerConfigKeys (ConfUtils.java:logGet(43)) - raft.server.watch.timeout = 10s (default)
2019-08-29 08:33:38,541 [129685ee-8122-4333-8930-3eeb8cf836af:group-1043D396F2BA:LeaderElection4] INFO  server.RaftServerConfigKeys (ConfUtils.java:logGet(43)) - raft.server.watch.timeout.denomination = 1s (default)
2019-08-29 08:33:38,542 [129685ee-8122-4333-8930-3eeb8cf836af:group-1043D396F2BA:LeaderElection4] INFO  server.RaftServerConfigKeys (ConfUtils.java:logGet(43)) - raft.server.watch.element-limit = 65536 (default)
2019-08-29 08:33:38,545 [129685ee-8122-4333-8930-3eeb8cf836af:group-1043D396F2BA:LeaderElection4] INFO  server.RaftServerConfigKeys (ConfUtils.java:logGet(43)) - raft.server.log.appender.snapshot.chunk.size.max = 16MB (=16777216) (default)
2019-08-29 08:33:38,546 [129685ee-8122-4333-8930-3eeb8cf836af:group-1043D396F2BA:LeaderElection4] INFO  server.RaftServerConfigKeys (ConfUtils.java:logGet(43)) - raft.server.log.appender.buffer.byte-limit = 33554432 (custom)
2019-08-29 08:33:38,546 [129685ee-8122-4333-8930-3eeb8cf836af:group-1043D396F2BA:LeaderElection4] INFO  server.RaftServerConfigKeys (ConfUtils.java:logGet(43)) - raft.server.log.appender.buffer.element-limit = 1 (custom)
2019-08-29 08:33:38,551 [129685ee-8122-4333-8930-3eeb8cf836af:group-1043D396F2BA:LeaderElection4] INFO  grpc.GrpcConfigKeys$Server (ConfUtils.java:logGet(43)) - raft.grpc.server.leader.outstanding.appends.max = 128 (default)
2019-08-29 08:33:38,551 [129685ee-8122-4333-8930-3eeb8cf836af:group-1043D396F2BA:LeaderElection4] INFO  server.RaftServerConfigKeys (ConfUtils.java:logGet(43)) - raft.server.rpc.request.timeout = 3000ms (default)
2019-08-29 08:33:38,551 [129685ee-8122-4333-8930-3eeb8cf836af:group-1043D396F2BA:LeaderElection4] INFO  server.RaftServerConfigKeys (ConfUtils.java:logGet(43)) - raft.server.log.appender.install.snapshot.enabled = false (custom)
2019-08-29 08:33:38,552 [129685ee-8122-4333-8930-3eeb8cf836af:group-1043D396F2BA:LeaderElection4] INFO  server.RaftServerConfigKeys (ConfUtils.java:logGet(43)) - raft.server.log.appender.snapshot.chunk.size.max = 16MB (=16777216) (default)
2019-08-29 08:33:38,552 [129685ee-8122-4333-8930-3eeb8cf836af:group-1043D396F2BA:LeaderElection4] INFO  server.RaftServerConfigKeys (ConfUtils.java:logGet(43)) - raft.server.log.appender.buffer.byte-limit = 33554432 (custom)
2019-08-29 08:33:38,552 [129685ee-8122-4333-8930-3eeb8cf836af:group-1043D396F2BA:LeaderElection4] INFO  server.RaftServerConfigKeys (ConfUtils.java:logGet(43)) - raft.server.log.appender.buffer.element-limit = 1 (custom)
2019-08-29 08:33:38,552 [129685ee-8122-4333-8930-3eeb8cf836af:group-1043D396F2BA:LeaderElection4] INFO  grpc.GrpcConfigKeys$Server (ConfUtils.java:logGet(43)) - raft.grpc.server.leader.outstanding.appends.max = 128 (default)
2019-08-29 08:33:38,553 [129685ee-8122-4333-8930-3eeb8cf836af:group-1043D396F2BA:LeaderElection4] INFO  server.RaftServerConfigKeys (ConfUtils.java:logGet(43)) - raft.server.rpc.request.timeout = 3000ms (default)
2019-08-29 08:33:38,553 [129685ee-8122-4333-8930-3eeb8cf836af:group-1043D396F2BA:LeaderElection4] INFO  server.RaftServerConfigKeys (ConfUtils.java:logGet(43)) - raft.server.log.appender.install.snapshot.enabled = false (custom)
2019-08-29 08:33:38,555 [129685ee-8122-4333-8930-3eeb8cf836af:group-1043D396F2BA:LeaderElection4] INFO  impl.RoleInfo (RoleInfo.java:updateAndGet(143)) - 129685ee-8122-4333-8930-3eeb8cf836af: start LeaderState
2019-08-29 08:33:38,555 [129685ee-8122-4333-8930-3eeb8cf836af:group-1043D396F2BA:LeaderElection4] INFO  segmented.SegmentedRaftLogWorker (SegmentedRaftLogWorker.java:startLogSegment(380)) - 129685ee-8122-4333-8930-3eeb8cf836af-SegmentedRaftLogWorker:Storage Directory /workdir/hadoop-ozone/integration-test/target/test-dir/MiniOzoneClusterImpl-839c4a83-1072-4184-a39a-41aa01fb846d/datanode-8/data/ratis/7acb3d0f-f7f8-49f7-960d-1043d396f2ba: Starting segment from index:0
2019-08-29 08:33:38,556 [129685ee-8122-4333-8930-3eeb8cf836af:group-1043D396F2BA:LeaderElection4] INFO  impl.RaftServerImpl (ServerState.java:setRaftConf(361)) - 129685ee-8122-4333-8930-3eeb8cf836af:group-1043D396F2BA set configuration 0: [802c6c9d-4843-417e-8983-b6e40533cc1c:192.168.69.89:37103, 129685ee-8122-4333-8930-3eeb8cf836af:192.168.69.89:45580, fe546585-3c52-42ae-8754-1a35dad17d3f:192.168.69.89:45996], old=null at 0
2019-08-29 08:33:38,596 | INFO  | SCMAudit | user=jenkins1000 | ip=192.168.69.89 | op=SEND_HEARTBEAT {datanodeUUID=4da055f9-cd9d-4c6f-9ab8-147a42717fcf, command=[]} | ret=SUCCESS |  
2019-08-29 08:33:38,621 [grpc-default-executor-2] INFO  impl.RaftServerImpl (ServerState.java:setLeader(263)) - 802c6c9d-4843-417e-8983-b6e40533cc1c:group-1043D396F2BA change Leader from null to 129685ee-8122-4333-8930-3eeb8cf836af at term 2 for appendEntries, leader elected after 3199ms
2019-08-29 08:33:38,621 [grpc-default-executor-0] INFO  impl.RaftServerImpl (ServerState.java:setLeader(263)) - fe546585-3c52-42ae-8754-1a35dad17d3f:group-1043D396F2BA change Leader from null to 129685ee-8122-4333-8930-3eeb8cf836af at term 2 for appendEntries, leader elected after 3199ms
2019-08-29 08:33:38,641 | INFO  | SCMAudit | user=jenkins1000 | ip=192.168.69.89 | op=SEND_HEARTBEAT {datanodeUUID=129685ee-8122-4333-8930-3eeb8cf836af, command=[]} | ret=SUCCESS |  
2019-08-29 08:33:38,648 | INFO  | SCMAudit | user=jenkins1000 | ip=192.168.69.89 | op=SEND_HEARTBEAT {datanodeUUID=802c6c9d-4843-417e-8983-b6e40533cc1c, command=[]} | ret=SUCCESS |  
2019-08-29 08:33:38,672 [grpc-default-executor-0] INFO  impl.RaftServerImpl (ServerState.java:setRaftConf(361)) - 802c6c9d-4843-417e-8983-b6e40533cc1c:group-1043D396F2BA set configuration 0: [802c6c9d-4843-417e-8983-b6e40533cc1c:192.168.69.89:37103, 129685ee-8122-4333-8930-3eeb8cf836af:192.168.69.89:45580, fe546585-3c52-42ae-8754-1a35dad17d3f:192.168.69.89:45996], old=null at 0
2019-08-29 08:33:38,672 [grpc-default-executor-2] INFO  impl.RaftServerImpl (ServerState.java:setRaftConf(361)) - fe546585-3c52-42ae-8754-1a35dad17d3f:group-1043D396F2BA set configuration 0: [802c6c9d-4843-417e-8983-b6e40533cc1c:192.168.69.89:37103, 129685ee-8122-4333-8930-3eeb8cf836af:192.168.69.89:45580, fe546585-3c52-42ae-8754-1a35dad17d3f:192.168.69.89:45996], old=null at 0
2019-08-29 08:33:38,673 [grpc-default-executor-0] INFO  segmented.SegmentedRaftLogWorker (SegmentedRaftLogWorker.java:startLogSegment(380)) - 802c6c9d-4843-417e-8983-b6e40533cc1c-SegmentedRaftLogWorker:Storage Directory /workdir/hadoop-ozone/integration-test/target/test-dir/MiniOzoneClusterImpl-839c4a83-1072-4184-a39a-41aa01fb846d/datanode-4/data/ratis/7acb3d0f-f7f8-49f7-960d-1043d396f2ba: Starting segment from index:0
2019-08-29 08:33:38,673 [grpc-default-executor-2] INFO  segmented.SegmentedRaftLogWorker (SegmentedRaftLogWorker.java:startLogSegment(380)) - fe546585-3c52-42ae-8754-1a35dad17d3f-SegmentedRaftLogWorker:Storage Directory /workdir/hadoop-ozone/integration-test/target/test-dir/MiniOzoneClusterImpl-839c4a83-1072-4184-a39a-41aa01fb846d/datanode-7/data/ratis/7acb3d0f-f7f8-49f7-960d-1043d396f2ba: Starting segment from index:0
2019-08-29 08:33:38,850 [Thread-311] INFO  impl.FollowerState (FollowerState.java:run(106)) - fe546585-3c52-42ae-8754-1a35dad17d3f:group-D331A1104E49 changes to CANDIDATE, lastRpcTime:1199, electionTimeout:1199ms
2019-08-29 08:33:38,850 [Thread-311] INFO  impl.RoleInfo (RoleInfo.java:shutdownFollowerState(121)) - fe546585-3c52-42ae-8754-1a35dad17d3f: shutdown FollowerState
2019-08-29 08:33:38,850 [Thread-311] INFO  impl.RaftServerImpl (RaftServerImpl.java:setRole(171)) - fe546585-3c52-42ae-8754-1a35dad17d3f:group-D331A1104E49 changes role from FOLLOWER to CANDIDATE at term 0 for changeToCandidate
2019-08-29 08:33:38,850 [Thread-311] INFO  impl.RoleInfo (RoleInfo.java:updateAndGet(143)) - fe546585-3c52-42ae-8754-1a35dad17d3f: start LeaderElection
2019-08-29 08:33:38,873 | INFO  | SCMAudit | user=jenkins1000 | ip=192.168.69.89 | op=SEND_HEARTBEAT {datanodeUUID=f0c18ce4-0e5b-4823-99c8-fd716531bc5f, command=[]} | ret=SUCCESS |  
2019-08-29 08:33:38,954 | INFO  | SCMAudit | user=jenkins1000 | ip=192.168.69.89 | op=SEND_HEARTBEAT {datanodeUUID=e7b9916e-4eca-4156-a086-839e4ffd13a0, command=[]} | ret=SUCCESS |  
2019-08-29 08:33:38,954 | INFO  | SCMAudit | user=jenkins1000 | ip=192.168.69.89 | op=SEND_HEARTBEAT {datanodeUUID=99586f2f-9d87-40a3-9061-4566008201fd, command=[]} | ret=SUCCESS |  
2019-08-29 08:33:38,992 [Thread-314] INFO  impl.FollowerState (FollowerState.java:run(106)) - 802c6c9d-4843-417e-8983-b6e40533cc1c:group-7CE38931A4C9 changes to CANDIDATE, lastRpcTime:1059, electionTimeout:1059ms
2019-08-29 08:33:38,993 [Thread-314] INFO  impl.RoleInfo (RoleInfo.java:shutdownFollowerState(121)) - 802c6c9d-4843-417e-8983-b6e40533cc1c: shutdown FollowerState
2019-08-29 08:33:38,993 [Thread-314] INFO  impl.RaftServerImpl (RaftServerImpl.java:setRole(171)) - 802c6c9d-4843-417e-8983-b6e40533cc1c:group-7CE38931A4C9 changes role from FOLLOWER to CANDIDATE at term 0 for changeToCandidate
2019-08-29 08:33:38,993 [Thread-314] INFO  impl.RoleInfo (RoleInfo.java:updateAndGet(143)) - 802c6c9d-4843-417e-8983-b6e40533cc1c: start LeaderElection
2019-08-29 08:33:39,174 | INFO  | SCMAudit | user=jenkins1000 | ip=192.168.69.89 | op=SEND_HEARTBEAT {datanodeUUID=bcbb4469-e902-4083-b3d9-1bab9ea4cd29, command=[]} | ret=SUCCESS |  
2019-08-29 08:33:39,285 [Thread-320] INFO  impl.FollowerState (FollowerState.java:run(106)) - 4da055f9-cd9d-4c6f-9ab8-147a42717fcf:group-DB5B41FAF3F1 changes to CANDIDATE, lastRpcTime:1056, electionTimeout:1056ms
2019-08-29 08:33:39,285 [Thread-320] INFO  impl.RoleInfo (RoleInfo.java:shutdownFollowerState(121)) - 4da055f9-cd9d-4c6f-9ab8-147a42717fcf: shutdown FollowerState
2019-08-29 08:33:39,286 [Thread-320] INFO  impl.RaftServerImpl (RaftServerImpl.java:setRole(171)) - 4da055f9-cd9d-4c6f-9ab8-147a42717fcf:group-DB5B41FAF3F1 changes role from FOLLOWER to CANDIDATE at term 0 for changeToCandidate
2019-08-29 08:33:39,286 [Thread-320] INFO  impl.RoleInfo (RoleInfo.java:updateAndGet(143)) - 4da055f9-cd9d-4c6f-9ab8-147a42717fcf: start LeaderElection
2019-08-29 08:33:39,308 [Thread-317] INFO  impl.FollowerState (FollowerState.java:run(106)) - 129685ee-8122-4333-8930-3eeb8cf836af:group-F1BD435FB6F3 changes to CANDIDATE, lastRpcTime:1199, electionTimeout:1199ms
2019-08-29 08:33:39,308 [Thread-317] INFO  impl.RoleInfo (RoleInfo.java:shutdownFollowerState(121)) - 129685ee-8122-4333-8930-3eeb8cf836af: shutdown FollowerState
2019-08-29 08:33:39,308 [Thread-317] INFO  impl.RaftServerImpl (RaftServerImpl.java:setRole(171)) - 129685ee-8122-4333-8930-3eeb8cf836af:group-F1BD435FB6F3 changes role from FOLLOWER to CANDIDATE at term 0 for changeToCandidate
2019-08-29 08:33:39,308 [Thread-317] INFO  impl.RoleInfo (RoleInfo.java:updateAndGet(143)) - 129685ee-8122-4333-8930-3eeb8cf836af: start LeaderElection
2019-08-29 08:33:39,375 | INFO  | SCMAudit | user=jenkins1000 | ip=192.168.69.89 | op=SEND_HEARTBEAT {datanodeUUID=7a9bfe55-9a1e-4d2f-9ebd-558835cfe40a, command=[]} | ret=SUCCESS |  
2019-08-29 08:33:39,417 | INFO  | SCMAudit | user=jenkins1000 | ip=192.168.69.89 | op=SEND_HEARTBEAT {datanodeUUID=fe546585-3c52-42ae-8754-1a35dad17d3f, command=[]} | ret=SUCCESS |  
2019-08-29 08:33:39,434 [Thread-324] INFO  impl.FollowerState (FollowerState.java:run(106)) - 02bf3283-c6bf-4588-a57c-baa459038378:group-F1A9B08BDC53 changes to CANDIDATE, lastRpcTime:1007, electionTimeout:1007ms
2019-08-29 08:33:39,434 [Thread-324] INFO  impl.RoleInfo (RoleInfo.java:shutdownFollowerState(121)) - 02bf3283-c6bf-4588-a57c-baa459038378: shutdown FollowerState
2019-08-29 08:33:39,434 [Thread-324] INFO  impl.RaftServerImpl (RaftServerImpl.java:setRole(171)) - 02bf3283-c6bf-4588-a57c-baa459038378:group-F1A9B08BDC53 changes role from FOLLOWER to CANDIDATE at term 0 for changeToCandidate
2019-08-29 08:33:39,435 [Thread-324] INFO  impl.RoleInfo (RoleInfo.java:updateAndGet(143)) - 02bf3283-c6bf-4588-a57c-baa459038378: start LeaderElection
2019-08-29 08:33:39,448 | INFO  | SCMAudit | user=jenkins1000 | ip=192.168.69.89 | op=SEND_HEARTBEAT {datanodeUUID=02bf3283-c6bf-4588-a57c-baa459038378, command=[]} | ret=SUCCESS |  
2019-08-29 08:33:39,478 [pool-126-thread-1] INFO  storage.RaftStorage (RaftStorage.java:format(72)) - Storage directory /workdir/hadoop-ozone/integration-test/target/test-dir/MiniOzoneClusterImpl-839c4a83-1072-4184-a39a-41aa01fb846d/datanode-9/data/ratis/1c628f6f-546c-4ba9-a778-544dcbec5e56 has been successfully formatted.
2019-08-29 08:33:39,479 [pool-126-thread-1] INFO  ratis.ContainerStateMachine (ContainerStateMachine.java:loadSnapshot(226)) - group-544DCBEC5E56: The snapshot info is null. Setting the last applied indexto:(t:0, i:~)
2019-08-29 08:33:39,479 [129685ee-8122-4333-8930-3eeb8cf836af-SegmentedRaftLogWorker:Storage Directory /workdir/hadoop-ozone/integration-test/target/test-dir/MiniOzoneClusterImpl-839c4a83-1072-4184-a39a-41aa01fb846d/datanode-8/data/ratis/7acb3d0f-f7f8-49f7-960d-1043d396f2ba] INFO  segmented.SegmentedRaftLogWorker (SegmentedRaftLogWorker.java:execute(569)) - 129685ee-8122-4333-8930-3eeb8cf836af-SegmentedRaftLogWorker:Storage Directory /workdir/hadoop-ozone/integration-test/target/test-dir/MiniOzoneClusterImpl-839c4a83-1072-4184-a39a-41aa01fb846d/datanode-8/data/ratis/7acb3d0f-f7f8-49f7-960d-1043d396f2ba: created new log segment /workdir/hadoop-ozone/integration-test/target/test-dir/MiniOzoneClusterImpl-839c4a83-1072-4184-a39a-41aa01fb846d/datanode-8/data/ratis/7acb3d0f-f7f8-49f7-960d-1043d396f2ba/current/log_inprogress_0
2019-08-29 08:33:39,479 [129685ee-8122-4333-8930-3eeb8cf836af:group-F1BD435FB6F3:LeaderElection8] INFO  impl.LeaderElection (LeaderElection.java:askForVotes(181)) - 129685ee-8122-4333-8930-3eeb8cf836af:group-F1BD435FB6F3:LeaderElection8: begin an election at term 1 for -1: [129685ee-8122-4333-8930-3eeb8cf836af:192.168.69.89:45580], old=null
2019-08-29 08:33:39,479 [pool-126-thread-1] INFO  server.RaftServerConfigKeys (ConfUtils.java:logGet(43)) - raft.server.leader.election.timeout = 120s (custom)
2019-08-29 08:33:39,479 [802c6c9d-4843-417e-8983-b6e40533cc1c-SegmentedRaftLogWorker:Storage Directory /workdir/hadoop-ozone/integration-test/target/test-dir/MiniOzoneClusterImpl-839c4a83-1072-4184-a39a-41aa01fb846d/datanode-4/data/ratis/7acb3d0f-f7f8-49f7-960d-1043d396f2ba] INFO  segmented.SegmentedRaftLogWorker (SegmentedRaftLogWorker.java:execute(569)) - 802c6c9d-4843-417e-8983-b6e40533cc1c-SegmentedRaftLogWorker:Storage Directory /workdir/hadoop-ozone/integration-test/target/test-dir/MiniOzoneClusterImpl-839c4a83-1072-4184-a39a-41aa01fb846d/datanode-4/data/ratis/7acb3d0f-f7f8-49f7-960d-1043d396f2ba: created new log segment /workdir/hadoop-ozone/integration-test/target/test-dir/MiniOzoneClusterImpl-839c4a83-1072-4184-a39a-41aa01fb846d/datanode-4/data/ratis/7acb3d0f-f7f8-49f7-960d-1043d396f2ba/current/log_inprogress_0
2019-08-29 08:33:39,479 [fe546585-3c52-42ae-8754-1a35dad17d3f-SegmentedRaftLogWorker:Storage Directory /workdir/hadoop-ozone/integration-test/target/test-dir/MiniOzoneClusterImpl-839c4a83-1072-4184-a39a-41aa01fb846d/datanode-7/data/ratis/7acb3d0f-f7f8-49f7-960d-1043d396f2ba] INFO  segmented.SegmentedRaftLogWorker (SegmentedRaftLogWorker.java:execute(569)) - fe546585-3c52-42ae-8754-1a35dad17d3f-SegmentedRaftLogWorker:Storage Directory /workdir/hadoop-ozone/integration-test/target/test-dir/MiniOzoneClusterImpl-839c4a83-1072-4184-a39a-41aa01fb846d/datanode-7/data/ratis/7acb3d0f-f7f8-49f7-960d-1043d396f2ba: created new log segment /workdir/hadoop-ozone/integration-test/target/test-dir/MiniOzoneClusterImpl-839c4a83-1072-4184-a39a-41aa01fb846d/datanode-7/data/ratis/7acb3d0f-f7f8-49f7-960d-1043d396f2ba/current/log_inprogress_0
2019-08-29 08:33:39,484 [pool-126-thread-1] INFO  server.RaftServerConfigKeys (ConfUtils.java:logGet(43)) - raft.server.log.use.memory = false (default)
2019-08-29 08:33:39,483 [129685ee-8122-4333-8930-3eeb8cf836af:group-F1BD435FB6F3:LeaderElection8] INFO  impl.RoleInfo (RoleInfo.java:shutdownLeaderElection(134)) - 129685ee-8122-4333-8930-3eeb8cf836af: shutdown LeaderElection
2019-08-29 08:33:39,479 [02bf3283-c6bf-4588-a57c-baa459038378:group-F1A9B08BDC53:LeaderElection9] INFO  impl.LeaderElection (LeaderElection.java:askForVotes(181)) - 02bf3283-c6bf-4588-a57c-baa459038378:group-F1A9B08BDC53:LeaderElection9: begin an election at term 1 for -1: [02bf3283-c6bf-4588-a57c-baa459038378:192.168.69.89:46486], old=null
2019-08-29 08:33:39,479 [4da055f9-cd9d-4c6f-9ab8-147a42717fcf:group-DB5B41FAF3F1:LeaderElection7] INFO  impl.LeaderElection (LeaderElection.java:askForVotes(181)) - 4da055f9-cd9d-4c6f-9ab8-147a42717fcf:group-DB5B41FAF3F1:LeaderElection7: begin an election at term 1 for -1: [4da055f9-cd9d-4c6f-9ab8-147a42717fcf:192.168.69.89:41539], old=null
2019-08-29 08:33:39,479 [fe546585-3c52-42ae-8754-1a35dad17d3f:group-D331A1104E49:LeaderElection5] INFO  impl.LeaderElection (LeaderElection.java:askForVotes(181)) - fe546585-3c52-42ae-8754-1a35dad17d3f:group-D331A1104E49:LeaderElection5: begin an election at term 1 for -1: [fe546585-3c52-42ae-8754-1a35dad17d3f:192.168.69.89:45996], old=null
2019-08-29 08:33:39,479 [802c6c9d-4843-417e-8983-b6e40533cc1c:group-7CE38931A4C9:LeaderElection6] INFO  impl.LeaderElection (LeaderElection.java:askForVotes(181)) - 802c6c9d-4843-417e-8983-b6e40533cc1c:group-7CE38931A4C9:LeaderElection6: begin an election at term 1 for -1: [802c6c9d-4843-417e-8983-b6e40533cc1c:192.168.69.89:37103], old=null
2019-08-29 08:33:39,488 [fe546585-3c52-42ae-8754-1a35dad17d3f:group-D331A1104E49:LeaderElection5] INFO  impl.RoleInfo (RoleInfo.java:shutdownLeaderElection(134)) - fe546585-3c52-42ae-8754-1a35dad17d3f: shutdown LeaderElection
2019-08-29 08:33:39,488 [4da055f9-cd9d-4c6f-9ab8-147a42717fcf:group-DB5B41FAF3F1:LeaderElection7] INFO  impl.RoleInfo (RoleInfo.java:shutdownLeaderElection(134)) - 4da055f9-cd9d-4c6f-9ab8-147a42717fcf: shutdown LeaderElection
2019-08-29 08:33:39,488 [02bf3283-c6bf-4588-a57c-baa459038378:group-F1A9B08BDC53:LeaderElection9] INFO  impl.RoleInfo (RoleInfo.java:shutdownLeaderElection(134)) - 02bf3283-c6bf-4588-a57c-baa459038378: shutdown LeaderElection
2019-08-29 08:33:39,488 [129685ee-8122-4333-8930-3eeb8cf836af:group-F1BD435FB6F3:LeaderElection8] INFO  impl.RaftServerImpl (RaftServerImpl.java:setRole(171)) - 129685ee-8122-4333-8930-3eeb8cf836af:group-F1BD435FB6F3 changes role from CANDIDATE to LEADER at term 1 for changeToLeader
2019-08-29 08:33:39,488 [pool-126-thread-1] INFO  server.RaftServerConfigKeys (ConfUtils.java:logGet(43)) - raft.server.log.purge.gap = 1000000 (custom)
2019-08-29 08:33:39,489 [129685ee-8122-4333-8930-3eeb8cf836af:group-F1BD435FB6F3:LeaderElection8] INFO  impl.RaftServerImpl (ServerState.java:setLeader(263)) - 129685ee-8122-4333-8930-3eeb8cf836af:group-F1BD435FB6F3 change Leader from null to 129685ee-8122-4333-8930-3eeb8cf836af at term 1 for becomeLeader, leader elected after 1384ms
2019-08-29 08:33:39,489 [02bf3283-c6bf-4588-a57c-baa459038378:group-F1A9B08BDC53:LeaderElection9] INFO  impl.RaftServerImpl (RaftServerImpl.java:setRole(171)) - 02bf3283-c6bf-4588-a57c-baa459038378:group-F1A9B08BDC53 changes role from CANDIDATE to LEADER at term 1 for changeToLeader
2019-08-29 08:33:39,489 [4da055f9-cd9d-4c6f-9ab8-147a42717fcf:group-DB5B41FAF3F1:LeaderElection7] INFO  impl.RaftServerImpl (RaftServerImpl.java:setRole(171)) - 4da055f9-cd9d-4c6f-9ab8-147a42717fcf:group-DB5B41FAF3F1 changes role from CANDIDATE to LEADER at term 1 for changeToLeader
2019-08-29 08:33:39,489 [fe546585-3c52-42ae-8754-1a35dad17d3f:group-D331A1104E49:LeaderElection5] INFO  impl.RaftServerImpl (RaftServerImpl.java:setRole(171)) - fe546585-3c52-42ae-8754-1a35dad17d3f:group-D331A1104E49 changes role from CANDIDATE to LEADER at term 1 for changeToLeader
2019-08-29 08:33:39,488 [802c6c9d-4843-417e-8983-b6e40533cc1c:group-7CE38931A4C9:LeaderElection6] INFO  impl.RoleInfo (RoleInfo.java:shutdownLeaderElection(134)) - 802c6c9d-4843-417e-8983-b6e40533cc1c: shutdown LeaderElection
2019-08-29 08:33:39,490 [fe546585-3c52-42ae-8754-1a35dad17d3f:group-D331A1104E49:LeaderElection5] INFO  impl.RaftServerImpl (ServerState.java:setLeader(263)) - fe546585-3c52-42ae-8754-1a35dad17d3f:group-D331A1104E49 change Leader from null to fe546585-3c52-42ae-8754-1a35dad17d3f at term 1 for becomeLeader, leader elected after 1846ms
2019-08-29 08:33:39,490 [4da055f9-cd9d-4c6f-9ab8-147a42717fcf:group-DB5B41FAF3F1:LeaderElection7] INFO  impl.RaftServerImpl (ServerState.java:setLeader(263)) - 4da055f9-cd9d-4c6f-9ab8-147a42717fcf:group-DB5B41FAF3F1 change Leader from null to 4da055f9-cd9d-4c6f-9ab8-147a42717fcf at term 1 for becomeLeader, leader elected after 1265ms
2019-08-29 08:33:39,489 [02bf3283-c6bf-4588-a57c-baa459038378:group-F1A9B08BDC53:LeaderElection9] INFO  impl.RaftServerImpl (ServerState.java:setLeader(263)) - 02bf3283-c6bf-4588-a57c-baa459038378:group-F1A9B08BDC53 change Leader from null to 02bf3283-c6bf-4588-a57c-baa459038378 at term 1 for becomeLeader, leader elected after 1067ms
2019-08-29 08:33:39,489 [129685ee-8122-4333-8930-3eeb8cf836af:group-F1BD435FB6F3:LeaderElection8] INFO  server.RaftServerConfigKeys (ConfUtils.java:logGet(43)) - raft.server.staging.catchup.gap = 1000 (default)
2019-08-29 08:33:39,489 [pool-126-thread-1] INFO  server.RaftServerConfigKeys (ConfUtils.java:logGet(43)) - raft.server.log.appender.buffer.byte-limit = 33554432 (custom)
2019-08-29 08:33:39,494 [129685ee-8122-4333-8930-3eeb8cf836af:group-F1BD435FB6F3:LeaderElection8] INFO  server.RaftServerConfigKeys (ConfUtils.java:logGet(43)) - raft.server.rpc.sleep.time = 25ms (default)
2019-08-29 08:33:39,494 [pool-126-thread-1] INFO  server.RaftServerConfigKeys (ConfUtils.java:logGet(43)) - raft.server.log.segment.size.max = 1048576 (custom)
2019-08-29 08:33:39,494 [02bf3283-c6bf-4588-a57c-baa459038378:group-F1A9B08BDC53:LeaderElection9] INFO  server.RaftServerConfigKeys (ConfUtils.java:logGet(43)) - raft.server.staging.catchup.gap = 1000 (default)
2019-08-29 08:33:39,494 [02bf3283-c6bf-4588-a57c-baa459038378:group-F1A9B08BDC53:LeaderElection9] INFO  server.RaftServerConfigKeys (ConfUtils.java:logGet(43)) - raft.server.rpc.sleep.time = 25ms (default)
2019-08-29 08:33:39,492 [4da055f9-cd9d-4c6f-9ab8-147a42717fcf:group-DB5B41FAF3F1:LeaderElection7] INFO  server.RaftServerConfigKeys (ConfUtils.java:logGet(43)) - raft.server.staging.catchup.gap = 1000 (default)
2019-08-29 08:33:39,492 [fe546585-3c52-42ae-8754-1a35dad17d3f:group-D331A1104E49:LeaderElection5] INFO  server.RaftServerConfigKeys (ConfUtils.java:logGet(43)) - raft.server.staging.catchup.gap = 1000 (default)
2019-08-29 08:33:39,490 [802c6c9d-4843-417e-8983-b6e40533cc1c:group-7CE38931A4C9:LeaderElection6] INFO  impl.RaftServerImpl (RaftServerImpl.java:setRole(171)) - 802c6c9d-4843-417e-8983-b6e40533cc1c:group-7CE38931A4C9 changes role from CANDIDATE to LEADER at term 1 for changeToLeader
2019-08-29 08:33:39,495 [fe546585-3c52-42ae-8754-1a35dad17d3f:group-D331A1104E49:LeaderElection5] INFO  server.RaftServerConfigKeys (ConfUtils.java:logGet(43)) - raft.server.rpc.sleep.time = 25ms (default)
2019-08-29 08:33:39,495 [4da055f9-cd9d-4c6f-9ab8-147a42717fcf:group-DB5B41FAF3F1:LeaderElection7] INFO  server.RaftServerConfigKeys (ConfUtils.java:logGet(43)) - raft.server.rpc.sleep.time = 25ms (default)
2019-08-29 08:33:39,495 [02bf3283-c6bf-4588-a57c-baa459038378:group-F1A9B08BDC53:LeaderElection9] INFO  server.RaftServerConfigKeys (ConfUtils.java:logGet(43)) - raft.server.write.element-limit = 4096 (default)
2019-08-29 08:33:39,494 [pool-126-thread-1] INFO  server.RaftServerConfigKeys (ConfUtils.java:logGet(43)) - raft.server.log.segment.cache.num.max = 2 (custom)
2019-08-29 08:33:39,494 [129685ee-8122-4333-8930-3eeb8cf836af:group-F1BD435FB6F3:LeaderElection8] INFO  server.RaftServerConfigKeys (ConfUtils.java:logGet(43)) - raft.server.write.element-limit = 4096 (default)
2019-08-29 08:33:39,496 [pool-126-thread-1] INFO  segmented.SegmentedRaftLogWorker (SegmentedRaftLogWorker.java:<init>(172)) - new f0c18ce4-0e5b-4823-99c8-fd716531bc5f-SegmentedRaftLogWorker:Storage Directory /workdir/hadoop-ozone/integration-test/target/test-dir/MiniOzoneClusterImpl-839c4a83-1072-4184-a39a-41aa01fb846d/datanode-9/data/ratis/1c628f6f-546c-4ba9-a778-544dcbec5e56 for RaftStorage:Storage Directory /workdir/hadoop-ozone/integration-test/target/test-dir/MiniOzoneClusterImpl-839c4a83-1072-4184-a39a-41aa01fb846d/datanode-9/data/ratis/1c628f6f-546c-4ba9-a778-544dcbec5e56
2019-08-29 08:33:39,496 [02bf3283-c6bf-4588-a57c-baa459038378:group-F1A9B08BDC53:LeaderElection9] INFO  server.RaftServerConfigKeys (ConfUtils.java:logGet(43)) - raft.server.watch.timeout = 10s (default)
2019-08-29 08:33:39,496 [4da055f9-cd9d-4c6f-9ab8-147a42717fcf:group-DB5B41FAF3F1:LeaderElection7] INFO  server.RaftServerConfigKeys (ConfUtils.java:logGet(43)) - raft.server.write.element-limit = 4096 (default)
2019-08-29 08:33:39,495 [fe546585-3c52-42ae-8754-1a35dad17d3f:group-D331A1104E49:LeaderElection5] INFO  server.RaftServerConfigKeys (ConfUtils.java:logGet(43)) - raft.server.write.element-limit = 4096 (default)
2019-08-29 08:33:39,495 [802c6c9d-4843-417e-8983-b6e40533cc1c:group-7CE38931A4C9:LeaderElection6] INFO  impl.RaftServerImpl (ServerState.java:setLeader(263)) - 802c6c9d-4843-417e-8983-b6e40533cc1c:group-7CE38931A4C9 change Leader from null to 802c6c9d-4843-417e-8983-b6e40533cc1c at term 1 for becomeLeader, leader elected after 1565ms
2019-08-29 08:33:39,499 [fe546585-3c52-42ae-8754-1a35dad17d3f:group-D331A1104E49:LeaderElection5] INFO  server.RaftServerConfigKeys (ConfUtils.java:logGet(43)) - raft.server.watch.timeout = 10s (default)
2019-08-29 08:33:39,499 [4da055f9-cd9d-4c6f-9ab8-147a42717fcf:group-DB5B41FAF3F1:LeaderElection7] INFO  server.RaftServerConfigKeys (ConfUtils.java:logGet(43)) - raft.server.watch.timeout = 10s (default)
2019-08-29 08:33:39,496 [02bf3283-c6bf-4588-a57c-baa459038378:group-F1A9B08BDC53:LeaderElection9] INFO  server.RaftServerConfigKeys (ConfUtils.java:logGet(43)) - raft.server.watch.timeout.denomination = 1s (default)
2019-08-29 08:33:39,496 [pool-126-thread-1] INFO  server.RaftServerConfigKeys (ConfUtils.java:logGet(43)) - raft.server.log.queue.byte-limit = 2147483647 (custom)
2019-08-29 08:33:39,508 [4da055f9-cd9d-4c6f-9ab8-147a42717fcf:group-DB5B41FAF3F1:LeaderElection7] INFO  server.RaftServerConfigKeys (ConfUtils.java:logGet(43)) - raft.server.watch.timeout.denomination = 1s (default)
2019-08-29 08:33:39,496 [129685ee-8122-4333-8930-3eeb8cf836af:group-F1BD435FB6F3:LeaderElection8] INFO  server.RaftServerConfigKeys (ConfUtils.java:logGet(43)) - raft.server.watch.timeout = 10s (default)
2019-08-29 08:33:39,508 [4da055f9-cd9d-4c6f-9ab8-147a42717fcf:group-DB5B41FAF3F1:LeaderElection7] INFO  server.RaftServerConfigKeys (ConfUtils.java:logGet(43)) - raft.server.watch.element-limit = 65536 (default)
2019-08-29 08:33:39,508 [pool-126-thread-1] INFO  server.RaftServerConfigKeys (ConfUtils.java:logGet(43)) - raft.server.log.queue.element-limit = 1024 (custom)
2019-08-29 08:33:39,508 [02bf3283-c6bf-4588-a57c-baa459038378:group-F1A9B08BDC53:LeaderElection9] INFO  server.RaftServerConfigKeys (ConfUtils.java:logGet(43)) - raft.server.watch.element-limit = 65536 (default)
2019-08-29 08:33:39,507 [fe546585-3c52-42ae-8754-1a35dad17d3f:group-D331A1104E49:LeaderElection5] INFO  server.RaftServerConfigKeys (ConfUtils.java:logGet(43)) - raft.server.watch.timeout.denomination = 1s (default)
2019-08-29 08:33:39,507 [802c6c9d-4843-417e-8983-b6e40533cc1c:group-7CE38931A4C9:LeaderElection6] INFO  server.RaftServerConfigKeys (ConfUtils.java:logGet(43)) - raft.server.staging.catchup.gap = 1000 (default)
2019-08-29 08:33:39,509 [fe546585-3c52-42ae-8754-1a35dad17d3f:group-D331A1104E49:LeaderElection5] INFO  server.RaftServerConfigKeys (ConfUtils.java:logGet(43)) - raft.server.watch.element-limit = 65536 (default)
2019-08-29 08:33:39,509 [02bf3283-c6bf-4588-a57c-baa459038378:group-F1A9B08BDC53:LeaderElection9] INFO  impl.RoleInfo (RoleInfo.java:updateAndGet(143)) - 02bf3283-c6bf-4588-a57c-baa459038378: start LeaderState
2019-08-29 08:33:39,509 [pool-126-thread-1] INFO  server.RaftServerConfigKeys (ConfUtils.java:logGet(43)) - raft.server.log.segment.size.max = 1048576 (custom)
2019-08-29 08:33:39,509 [fe546585-3c52-42ae-8754-1a35dad17d3f:group-D331A1104E49:LeaderElection5] INFO  impl.RoleInfo (RoleInfo.java:updateAndGet(143)) - fe546585-3c52-42ae-8754-1a35dad17d3f: start LeaderState
2019-08-29 08:33:39,508 [4da055f9-cd9d-4c6f-9ab8-147a42717fcf:group-DB5B41FAF3F1:LeaderElection7] INFO  impl.RoleInfo (RoleInfo.java:updateAndGet(143)) - 4da055f9-cd9d-4c6f-9ab8-147a42717fcf: start LeaderState
2019-08-29 08:33:39,508 [129685ee-8122-4333-8930-3eeb8cf836af:group-F1BD435FB6F3:LeaderElection8] INFO  server.RaftServerConfigKeys (ConfUtils.java:logGet(43)) - raft.server.watch.timeout.denomination = 1s (default)
2019-08-29 08:33:39,510 [fe546585-3c52-42ae-8754-1a35dad17d3f:group-D331A1104E49:LeaderElection5] INFO  segmented.SegmentedRaftLogWorker (SegmentedRaftLogWorker.java:startLogSegment(380)) - fe546585-3c52-42ae-8754-1a35dad17d3f-SegmentedRaftLogWorker:Storage Directory /workdir/hadoop-ozone/integration-test/target/test-dir/MiniOzoneClusterImpl-839c4a83-1072-4184-a39a-41aa01fb846d/datanode-7/data/ratis/53087ce9-2f53-4a8b-9e50-d331a1104e49: Starting segment from index:0
2019-08-29 08:33:39,509 [02bf3283-c6bf-4588-a57c-baa459038378:group-F1A9B08BDC53:LeaderElection9] INFO  segmented.SegmentedRaftLogWorker (SegmentedRaftLogWorker.java:startLogSegment(380)) - 02bf3283-c6bf-4588-a57c-baa459038378-SegmentedRaftLogWorker:Storage Directory /workdir/hadoop-ozone/integration-test/target/test-dir/MiniOzoneClusterImpl-839c4a83-1072-4184-a39a-41aa01fb846d/datanode-3/data/ratis/0c32431e-c655-43c5-8604-f1a9b08bdc53: Starting segment from index:0
2019-08-29 08:33:39,509 [pool-126-thread-1] INFO  server.RaftServerConfigKeys (ConfUtils.java:logGet(43)) - raft.server.log.preallocated.size = 16384 (custom)
2019-08-29 08:33:39,509 [802c6c9d-4843-417e-8983-b6e40533cc1c:group-7CE38931A4C9:LeaderElection6] INFO  server.RaftServerConfigKeys (ConfUtils.java:logGet(43)) - raft.server.rpc.sleep.time = 25ms (default)
2019-08-29 08:33:39,510 [pool-126-thread-1] INFO  server.RaftServerConfigKeys (ConfUtils.java:logGet(43)) - raft.server.log.write.buffer.size = 33554432 (custom)
2019-08-29 08:33:39,510 [802c6c9d-4843-417e-8983-b6e40533cc1c:group-7CE38931A4C9:LeaderElection6] INFO  server.RaftServerConfigKeys (ConfUtils.java:logGet(43)) - raft.server.write.element-limit = 4096 (default)
2019-08-29 08:33:39,510 [129685ee-8122-4333-8930-3eeb8cf836af:group-F1BD435FB6F3:LeaderElection8] INFO  server.RaftServerConfigKeys (ConfUtils.java:logGet(43)) - raft.server.watch.element-limit = 65536 (default)
2019-08-29 08:33:39,510 [4da055f9-cd9d-4c6f-9ab8-147a42717fcf:group-DB5B41FAF3F1:LeaderElection7] INFO  segmented.SegmentedRaftLogWorker (SegmentedRaftLogWorker.java:startLogSegment(380)) - 4da055f9-cd9d-4c6f-9ab8-147a42717fcf-SegmentedRaftLogWorker:Storage Directory /workdir/hadoop-ozone/integration-test/target/test-dir/MiniOzoneClusterImpl-839c4a83-1072-4184-a39a-41aa01fb846d/datanode-0/data/ratis/68e63637-f728-42fd-8f59-db5b41faf3f1: Starting segment from index:0
2019-08-29 08:33:39,511 [129685ee-8122-4333-8930-3eeb8cf836af:group-F1BD435FB6F3:LeaderElection8] INFO  impl.RoleInfo (RoleInfo.java:updateAndGet(143)) - 129685ee-8122-4333-8930-3eeb8cf836af: start LeaderState
2019-08-29 08:33:39,511 [802c6c9d-4843-417e-8983-b6e40533cc1c:group-7CE38931A4C9:LeaderElection6] INFO  server.RaftServerConfigKeys (ConfUtils.java:logGet(43)) - raft.server.watch.timeout = 10s (default)
2019-08-29 08:33:39,510 [pool-126-thread-1] INFO  server.RaftServerConfigKeys (ConfUtils.java:logGet(43)) - raft.server.log.force.sync.num = 128 (default)
2019-08-29 08:33:39,510 [02bf3283-c6bf-4588-a57c-baa459038378:group-F1A9B08BDC53:LeaderElection9] INFO  impl.RaftServerImpl (ServerState.java:setRaftConf(361)) - 02bf3283-c6bf-4588-a57c-baa459038378:group-F1A9B08BDC53 set configuration 0: [02bf3283-c6bf-4588-a57c-baa459038378:192.168.69.89:46486], old=null at 0
2019-08-29 08:33:39,510 [fe546585-3c52-42ae-8754-1a35dad17d3f:group-D331A1104E49:LeaderElection5] INFO  impl.RaftServerImpl (ServerState.java:setRaftConf(361)) - fe546585-3c52-42ae-8754-1a35dad17d3f:group-D331A1104E49 set configuration 0: [fe546585-3c52-42ae-8754-1a35dad17d3f:192.168.69.89:45996], old=null at 0
2019-08-29 08:33:39,511 [pool-126-thread-1] INFO  server.RaftServerConfigKeys (ConfUtils.java:logGet(43)) - raft.server.log.statemachine.data.sync = true (default)
2019-08-29 08:33:39,511 [4da055f9-cd9d-4c6f-9ab8-147a42717fcf:group-DB5B41FAF3F1:LeaderElection7] INFO  impl.RaftServerImpl (ServerState.java:setRaftConf(361)) - 4da055f9-cd9d-4c6f-9ab8-147a42717fcf:group-DB5B41FAF3F1 set configuration 0: [4da055f9-cd9d-4c6f-9ab8-147a42717fcf:192.168.69.89:41539], old=null at 0
2019-08-29 08:33:39,511 [802c6c9d-4843-417e-8983-b6e40533cc1c:group-7CE38931A4C9:LeaderElection6] INFO  server.RaftServerConfigKeys (ConfUtils.java:logGet(43)) - raft.server.watch.timeout.denomination = 1s (default)
2019-08-29 08:33:39,511 [129685ee-8122-4333-8930-3eeb8cf836af:group-F1BD435FB6F3:LeaderElection8] INFO  segmented.SegmentedRaftLogWorker (SegmentedRaftLogWorker.java:startLogSegment(380)) - 129685ee-8122-4333-8930-3eeb8cf836af-SegmentedRaftLogWorker:Storage Directory /workdir/hadoop-ozone/integration-test/target/test-dir/MiniOzoneClusterImpl-839c4a83-1072-4184-a39a-41aa01fb846d/datanode-8/data/ratis/aa05a0c6-3458-48c8-988a-f1bd435fb6f3: Starting segment from index:0
2019-08-29 08:33:39,556 [pool-126-thread-1] INFO  server.RaftServerConfigKeys (ConfUtils.java:logGet(43)) - raft.server.log.statemachine.data.sync.timeout = 10s (default)
2019-08-29 08:33:39,562 [802c6c9d-4843-417e-8983-b6e40533cc1c:group-7CE38931A4C9:LeaderElection6] INFO  server.RaftServerConfigKeys (ConfUtils.java:logGet(43)) - raft.server.watch.element-limit = 65536 (default)
2019-08-29 08:33:39,562 [129685ee-8122-4333-8930-3eeb8cf836af:group-F1BD435FB6F3:LeaderElection8] INFO  impl.RaftServerImpl (ServerState.java:setRaftConf(361)) - 129685ee-8122-4333-8930-3eeb8cf836af:group-F1BD435FB6F3 set configuration 0: [129685ee-8122-4333-8930-3eeb8cf836af:192.168.69.89:45580], old=null at 0
2019-08-29 08:33:39,562 [pool-126-thread-1] INFO  server.RaftServerConfigKeys (ConfUtils.java:logGet(43)) - raft.server.log.statemachine.data.sync.timeout.retry = -1 (default)
2019-08-29 08:33:39,587 [802c6c9d-4843-417e-8983-b6e40533cc1c:group-7CE38931A4C9:LeaderElection6] INFO  impl.RoleInfo (RoleInfo.java:updateAndGet(143)) - 802c6c9d-4843-417e-8983-b6e40533cc1c: start LeaderState
2019-08-29 08:33:39,587 [802c6c9d-4843-417e-8983-b6e40533cc1c:group-7CE38931A4C9:LeaderElection6] INFO  segmented.SegmentedRaftLogWorker (SegmentedRaftLogWorker.java:startLogSegment(380)) - 802c6c9d-4843-417e-8983-b6e40533cc1c-SegmentedRaftLogWorker:Storage Directory /workdir/hadoop-ozone/integration-test/target/test-dir/MiniOzoneClusterImpl-839c4a83-1072-4184-a39a-41aa01fb846d/datanode-4/data/ratis/1a250d49-7e7e-47d8-97e3-7ce38931a4c9: Starting segment from index:0
2019-08-29 08:33:39,587 [pool-126-thread-1] INFO  server.RaftServerConfigKeys (ConfUtils.java:logGet(43)) - raft.server.log.statemachine.data.caching.enabled = true (custom)
2019-08-29 08:33:39,588 [pool-126-thread-1] INFO  segmented.SegmentedRaftLogWorker (SegmentedRaftLogWorker.java:lambda$new$0(132)) - f0c18ce4-0e5b-4823-99c8-fd716531bc5f-SegmentedRaftLogWorker:Storage Directory /workdir/hadoop-ozone/integration-test/target/test-dir/MiniOzoneClusterImpl-839c4a83-1072-4184-a39a-41aa01fb846d/datanode-9/data/ratis/1c628f6f-546c-4ba9-a778-544dcbec5e56: flushIndex: setUnconditionally 0 -> -1
2019-08-29 08:33:39,588 [802c6c9d-4843-417e-8983-b6e40533cc1c:group-7CE38931A4C9:LeaderElection6] INFO  impl.RaftServerImpl (ServerState.java:setRaftConf(361)) - 802c6c9d-4843-417e-8983-b6e40533cc1c:group-7CE38931A4C9 set configuration 0: [802c6c9d-4843-417e-8983-b6e40533cc1c:192.168.69.89:37103], old=null at 0
2019-08-29 08:33:39,615 [129685ee-8122-4333-8930-3eeb8cf836af-SegmentedRaftLogWorker:Storage Directory /workdir/hadoop-ozone/integration-test/target/test-dir/MiniOzoneClusterImpl-839c4a83-1072-4184-a39a-41aa01fb846d/datanode-8/data/ratis/aa05a0c6-3458-48c8-988a-f1bd435fb6f3] INFO  segmented.SegmentedRaftLogWorker (SegmentedRaftLogWorker.java:execute(569)) - 129685ee-8122-4333-8930-3eeb8cf836af-SegmentedRaftLogWorker:Storage Directory /workdir/hadoop-ozone/integration-test/target/test-dir/MiniOzoneClusterImpl-839c4a83-1072-4184-a39a-41aa01fb846d/datanode-8/data/ratis/aa05a0c6-3458-48c8-988a-f1bd435fb6f3: created new log segment /workdir/hadoop-ozone/integration-test/target/test-dir/MiniOzoneClusterImpl-839c4a83-1072-4184-a39a-41aa01fb846d/datanode-8/data/ratis/aa05a0c6-3458-48c8-988a-f1bd435fb6f3/current/log_inprogress_0
2019-08-29 08:33:39,615 [02bf3283-c6bf-4588-a57c-baa459038378-SegmentedRaftLogWorker:Storage Directory /workdir/hadoop-ozone/integration-test/target/test-dir/MiniOzoneClusterImpl-839c4a83-1072-4184-a39a-41aa01fb846d/datanode-3/data/ratis/0c32431e-c655-43c5-8604-f1a9b08bdc53] INFO  segmented.SegmentedRaftLogWorker (SegmentedRaftLogWorker.java:execute(569)) - 02bf3283-c6bf-4588-a57c-baa459038378-SegmentedRaftLogWorker:Storage Directory /workdir/hadoop-ozone/integration-test/target/test-dir/MiniOzoneClusterImpl-839c4a83-1072-4184-a39a-41aa01fb846d/datanode-3/data/ratis/0c32431e-c655-43c5-8604-f1a9b08bdc53: created new log segment /workdir/hadoop-ozone/integration-test/target/test-dir/MiniOzoneClusterImpl-839c4a83-1072-4184-a39a-41aa01fb846d/datanode-3/data/ratis/0c32431e-c655-43c5-8604-f1a9b08bdc53/current/log_inprogress_0
2019-08-29 08:33:39,615 [fe546585-3c52-42ae-8754-1a35dad17d3f-SegmentedRaftLogWorker:Storage Directory /workdir/hadoop-ozone/integration-test/target/test-dir/MiniOzoneClusterImpl-839c4a83-1072-4184-a39a-41aa01fb846d/datanode-7/data/ratis/53087ce9-2f53-4a8b-9e50-d331a1104e49] INFO  segmented.SegmentedRaftLogWorker (SegmentedRaftLogWorker.java:execute(569)) - fe546585-3c52-42ae-8754-1a35dad17d3f-SegmentedRaftLogWorker:Storage Directory /workdir/hadoop-ozone/integration-test/target/test-dir/MiniOzoneClusterImpl-839c4a83-1072-4184-a39a-41aa01fb846d/datanode-7/data/ratis/53087ce9-2f53-4a8b-9e50-d331a1104e49: created new log segment /workdir/hadoop-ozone/integration-test/target/test-dir/MiniOzoneClusterImpl-839c4a83-1072-4184-a39a-41aa01fb846d/datanode-7/data/ratis/53087ce9-2f53-4a8b-9e50-d331a1104e49/current/log_inprogress_0
2019-08-29 08:33:39,615 [4da055f9-cd9d-4c6f-9ab8-147a42717fcf-SegmentedRaftLogWorker:Storage Directory /workdir/hadoop-ozone/integration-test/target/test-dir/MiniOzoneClusterImpl-839c4a83-1072-4184-a39a-41aa01fb846d/datanode-0/data/ratis/68e63637-f728-42fd-8f59-db5b41faf3f1] INFO  segmented.SegmentedRaftLogWorker (SegmentedRaftLogWorker.java:execute(569)) - 4da055f9-cd9d-4c6f-9ab8-147a42717fcf-SegmentedRaftLogWorker:Storage Directory /workdir/hadoop-ozone/integration-test/target/test-dir/MiniOzoneClusterImpl-839c4a83-1072-4184-a39a-41aa01fb846d/datanode-0/data/ratis/68e63637-f728-42fd-8f59-db5b41faf3f1: created new log segment /workdir/hadoop-ozone/integration-test/target/test-dir/MiniOzoneClusterImpl-839c4a83-1072-4184-a39a-41aa01fb846d/datanode-0/data/ratis/68e63637-f728-42fd-8f59-db5b41faf3f1/current/log_inprogress_0
2019-08-29 08:33:39,616 [pool-126-thread-1] INFO  server.RaftServerConfigKeys (ConfUtils.java:logGet(43)) - raft.server.snapshot.auto.trigger.enabled = true (custom)
2019-08-29 08:33:39,626 [pool-126-thread-1] INFO  server.RaftServerConfigKeys (ConfUtils.java:logGet(43)) - raft.server.snapshot.auto.trigger.threshold = 10000 (custom)
2019-08-29 08:33:39,626 [pool-126-thread-1] INFO  server.RaftServerConfigKeys (ConfUtils.java:logGet(43)) - raft.server.retrycache.expirytime = 600000ms (custom)
2019-08-29 08:33:39,627 [pool-126-thread-1] INFO  impl.RaftServerImpl (RaftServerImpl.java:start(180)) - f0c18ce4-0e5b-4823-99c8-fd716531bc5f: start group-544DCBEC5E56
2019-08-29 08:33:39,627 | INFO  | SCMAudit | user=jenkins1000 | ip=192.168.69.89 | op=SEND_HEARTBEAT {datanodeUUID=4da055f9-cd9d-4c6f-9ab8-147a42717fcf, command=[]} | ret=SUCCESS |  
2019-08-29 08:33:39,627 [pool-126-thread-1] INFO  impl.RaftServerImpl (RaftServerImpl.java:setRole(171)) - f0c18ce4-0e5b-4823-99c8-fd716531bc5f:group-544DCBEC5E56 changes role from null to FOLLOWER at term 0 for startAsFollower
2019-08-29 08:33:39,627 [pool-126-thread-1] INFO  impl.RoleInfo (RoleInfo.java:updateAndGet(143)) - f0c18ce4-0e5b-4823-99c8-fd716531bc5f: start FollowerState
2019-08-29 08:33:39,627 [pool-126-thread-1] INFO  util.JmxRegister (JmxRegister.java:tryRegister(44)) - Successfully registered JMX Bean with object name Ratis:service=RaftServer,group=group-544DCBEC5E56,id=f0c18ce4-0e5b-4823-99c8-fd716531bc5f
2019-08-29 08:33:39,636 [RatisPipelineUtilsThread] INFO  pipeline.PipelineStateManager (PipelineStateManager.java:addPipeline(56)) - Created pipeline Pipeline[ Id: 1c628f6f-546c-4ba9-a778-544dcbec5e56, Nodes: f0c18ce4-0e5b-4823-99c8-fd716531bc5f{ip: 192.168.69.89, host: pr-hdds-1569-7rqkn-550228749, networkLocation: /default-rack, certSerialId: null}, Type:RATIS, Factor:ONE, State:OPEN]
2019-08-29 08:33:39,641 [802c6c9d-4843-417e-8983-b6e40533cc1c-SegmentedRaftLogWorker:Storage Directory /workdir/hadoop-ozone/integration-test/target/test-dir/MiniOzoneClusterImpl-839c4a83-1072-4184-a39a-41aa01fb846d/datanode-4/data/ratis/1a250d49-7e7e-47d8-97e3-7ce38931a4c9] INFO  segmented.SegmentedRaftLogWorker (SegmentedRaftLogWorker.java:execute(569)) - 802c6c9d-4843-417e-8983-b6e40533cc1c-SegmentedRaftLogWorker:Storage Directory /workdir/hadoop-ozone/integration-test/target/test-dir/MiniOzoneClusterImpl-839c4a83-1072-4184-a39a-41aa01fb846d/datanode-4/data/ratis/1a250d49-7e7e-47d8-97e3-7ce38931a4c9: created new log segment /workdir/hadoop-ozone/integration-test/target/test-dir/MiniOzoneClusterImpl-839c4a83-1072-4184-a39a-41aa01fb846d/datanode-4/data/ratis/1a250d49-7e7e-47d8-97e3-7ce38931a4c9/current/log_inprogress_0
2019-08-29 08:33:39,642 | INFO  | SCMAudit | user=jenkins1000 | ip=192.168.69.89 | op=SEND_HEARTBEAT {datanodeUUID=129685ee-8122-4333-8930-3eeb8cf836af, command=[]} | ret=SUCCESS |  
2019-08-29 08:33:39,649 [grpc-default-executor-0] INFO  impl.RaftServerProxy (RaftServerProxy.java:addNew(89)) - 99586f2f-9d87-40a3-9061-4566008201fd: addNew group-460952194E1B:[99586f2f-9d87-40a3-9061-4566008201fd:192.168.69.89:38980] returns group-460952194E1B:java.util.concurrent.CompletableFuture@2d674490[Not completed]
2019-08-29 08:33:39,649 | INFO  | SCMAudit | user=jenkins1000 | ip=192.168.69.89 | op=SEND_HEARTBEAT {datanodeUUID=802c6c9d-4843-417e-8983-b6e40533cc1c, command=[]} | ret=SUCCESS |  
2019-08-29 08:33:39,650 [pool-82-thread-1] INFO  impl.RaftServerImpl (RaftServerImpl.java:<init>(93)) - 99586f2f-9d87-40a3-9061-4566008201fd: new RaftServerImpl for group-460952194E1B:[99586f2f-9d87-40a3-9061-4566008201fd:192.168.69.89:38980] with ContainerStateMachine:uninitialized
2019-08-29 08:33:39,652 [pool-82-thread-1] INFO  server.RaftServerConfigKeys (ConfUtils.java:logGet(43)) - raft.server.rpc.timeout.min = 1s (custom)
2019-08-29 08:33:39,652 [pool-82-thread-1] INFO  server.RaftServerConfigKeys (ConfUtils.java:logGet(43)) - raft.server.rpc.timeout.max = 1200ms (custom)
2019-08-29 08:33:39,652 [pool-82-thread-1] INFO  server.RaftServerConfigKeys (ConfUtils.java:logGet(43)) - raft.server.rpcslowness.timeout = 120s (custom)
2019-08-29 08:33:39,652 [pool-82-thread-1] INFO  server.RaftServerConfigKeys (ConfUtils.java:logGet(43)) - raft.server.sleep.deviation.threshold = 300 (default)
2019-08-29 08:33:39,652 [pool-82-thread-1] INFO  server.RaftServerConfigKeys (ConfUtils.java:logGet(43)) - raft.server.log.appender.install.snapshot.enabled = false (custom)
2019-08-29 08:33:39,653 [pool-82-thread-1] INFO  impl.RaftServerImpl (ServerState.java:<init>(105)) - 99586f2f-9d87-40a3-9061-4566008201fd:group-460952194E1B ConfigurationManager, init=-1: [99586f2f-9d87-40a3-9061-4566008201fd:192.168.69.89:38980], old=null, confs=<EMPTY_MAP>
2019-08-29 08:33:39,653 [pool-82-thread-1] INFO  server.RaftServerConfigKeys (ConfUtils.java:logGet(43)) - raft.server.storage.dir = [/workdir/hadoop-ozone/integration-test/target/test-dir/MiniOzoneClusterImpl-839c4a83-1072-4184-a39a-41aa01fb846d/datanode-5/data/ratis] (custom)
2019-08-29 08:33:39,653 [pool-82-thread-1] INFO  storage.RaftStorageDirectory (RaftStorageDirectory.java:analyzeStorage(246)) - The storage directory /workdir/hadoop-ozone/integration-test/target/test-dir/MiniOzoneClusterImpl-839c4a83-1072-4184-a39a-41aa01fb846d/datanode-5/data/ratis/89c1e31b-d436-460b-9a16-460952194e1b does not exist. Creating ...
2019-08-29 08:33:39,671 [pool-82-thread-1] INFO  storage.RaftStorageDirectory (RaftStorageDirectory.java:tryLock(328)) - Lock on /workdir/hadoop-ozone/integration-test/target/test-dir/MiniOzoneClusterImpl-839c4a83-1072-4184-a39a-41aa01fb846d/datanode-5/data/ratis/89c1e31b-d436-460b-9a16-460952194e1b/in_use.lock acquired by nodename 9793@pr-hdds-1569-7rqkn-550228749
2019-08-29 08:33:39,706 [pool-82-thread-1] INFO  storage.RaftStorage (RaftStorage.java:format(72)) - Storage directory /workdir/hadoop-ozone/integration-test/target/test-dir/MiniOzoneClusterImpl-839c4a83-1072-4184-a39a-41aa01fb846d/datanode-5/data/ratis/89c1e31b-d436-460b-9a16-460952194e1b has been successfully formatted.
2019-08-29 08:33:39,707 [pool-82-thread-1] INFO  ratis.ContainerStateMachine (ContainerStateMachine.java:loadSnapshot(226)) - group-460952194E1B: The snapshot info is null. Setting the last applied indexto:(t:0, i:~)
2019-08-29 08:33:39,707 [pool-82-thread-1] INFO  server.RaftServerConfigKeys (ConfUtils.java:logGet(43)) - raft.server.leader.election.timeout = 120s (custom)
2019-08-29 08:33:39,707 [pool-82-thread-1] INFO  server.RaftServerConfigKeys (ConfUtils.java:logGet(43)) - raft.server.log.use.memory = false (default)
2019-08-29 08:33:39,707 [pool-82-thread-1] INFO  server.RaftServerConfigKeys (ConfUtils.java:logGet(43)) - raft.server.log.purge.gap = 1000000 (custom)
2019-08-29 08:33:39,707 [pool-82-thread-1] INFO  server.RaftServerConfigKeys (ConfUtils.java:logGet(43)) - raft.server.log.appender.buffer.byte-limit = 33554432 (custom)
2019-08-29 08:33:39,707 [pool-82-thread-1] INFO  server.RaftServerConfigKeys (ConfUtils.java:logGet(43)) - raft.server.log.segment.size.max = 1048576 (custom)
2019-08-29 08:33:39,708 [pool-82-thread-1] INFO  server.RaftServerConfigKeys (ConfUtils.java:logGet(43)) - raft.server.log.segment.cache.num.max = 2 (custom)
2019-08-29 08:33:39,708 [pool-82-thread-1] INFO  segmented.SegmentedRaftLogWorker (SegmentedRaftLogWorker.java:<init>(172)) - new 99586f2f-9d87-40a3-9061-4566008201fd-SegmentedRaftLogWorker:Storage Directory /workdir/hadoop-ozone/integration-test/target/test-dir/MiniOzoneClusterImpl-839c4a83-1072-4184-a39a-41aa01fb846d/datanode-5/data/ratis/89c1e31b-d436-460b-9a16-460952194e1b for RaftStorage:Storage Directory /workdir/hadoop-ozone/integration-test/target/test-dir/MiniOzoneClusterImpl-839c4a83-1072-4184-a39a-41aa01fb846d/datanode-5/data/ratis/89c1e31b-d436-460b-9a16-460952194e1b
2019-08-29 08:33:39,708 [pool-82-thread-1] INFO  server.RaftServerConfigKeys (ConfUtils.java:logGet(43)) - raft.server.log.queue.byte-limit = 2147483647 (custom)
2019-08-29 08:33:39,708 [pool-82-thread-1] INFO  server.RaftServerConfigKeys (ConfUtils.java:logGet(43)) - raft.server.log.queue.element-limit = 1024 (custom)
2019-08-29 08:33:39,708 [pool-82-thread-1] INFO  server.RaftServerConfigKeys (ConfUtils.java:logGet(43)) - raft.server.log.segment.size.max = 1048576 (custom)
2019-08-29 08:33:39,708 [pool-82-thread-1] INFO  server.RaftServerConfigKeys (ConfUtils.java:logGet(43)) - raft.server.log.preallocated.size = 16384 (custom)
2019-08-29 08:33:39,708 [pool-82-thread-1] INFO  server.RaftServerConfigKeys (ConfUtils.java:logGet(43)) - raft.server.log.write.buffer.size = 33554432 (custom)
2019-08-29 08:33:39,708 [pool-82-thread-1] INFO  server.RaftServerConfigKeys (ConfUtils.java:logGet(43)) - raft.server.log.force.sync.num = 128 (default)
2019-08-29 08:33:39,709 [pool-82-thread-1] INFO  server.RaftServerConfigKeys (ConfUtils.java:logGet(43)) - raft.server.log.statemachine.data.sync = true (default)
2019-08-29 08:33:39,709 [pool-82-thread-1] INFO  server.RaftServerConfigKeys (ConfUtils.java:logGet(43)) - raft.server.log.statemachine.data.sync.timeout = 10s (default)
2019-08-29 08:33:39,709 [pool-82-thread-1] INFO  server.RaftServerConfigKeys (ConfUtils.java:logGet(43)) - raft.server.log.statemachine.data.sync.timeout.retry = -1 (default)
2019-08-29 08:33:39,709 [pool-82-thread-1] INFO  server.RaftServerConfigKeys (ConfUtils.java:logGet(43)) - raft.server.log.statemachine.data.caching.enabled = true (custom)
2019-08-29 08:33:39,709 [pool-82-thread-1] INFO  segmented.SegmentedRaftLogWorker (SegmentedRaftLogWorker.java:lambda$new$0(132)) - 99586f2f-9d87-40a3-9061-4566008201fd-SegmentedRaftLogWorker:Storage Directory /workdir/hadoop-ozone/integration-test/target/test-dir/MiniOzoneClusterImpl-839c4a83-1072-4184-a39a-41aa01fb846d/datanode-5/data/ratis/89c1e31b-d436-460b-9a16-460952194e1b: flushIndex: setUnconditionally 0 -> -1
2019-08-29 08:33:39,710 [pool-82-thread-1] INFO  server.RaftServerConfigKeys (ConfUtils.java:logGet(43)) - raft.server.snapshot.auto.trigger.enabled = true (custom)
2019-08-29 08:33:39,710 [pool-82-thread-1] INFO  server.RaftServerConfigKeys (ConfUtils.java:logGet(43)) - raft.server.snapshot.auto.trigger.threshold = 10000 (custom)
2019-08-29 08:33:39,710 [pool-82-thread-1] INFO  server.RaftServerConfigKeys (ConfUtils.java:logGet(43)) - raft.server.retrycache.expirytime = 600000ms (custom)
2019-08-29 08:33:39,710 [pool-82-thread-1] INFO  impl.RaftServerImpl (RaftServerImpl.java:start(180)) - 99586f2f-9d87-40a3-9061-4566008201fd: start group-460952194E1B
2019-08-29 08:33:39,710 [pool-82-thread-1] INFO  impl.RaftServerImpl (RaftServerImpl.java:setRole(171)) - 99586f2f-9d87-40a3-9061-4566008201fd:group-460952194E1B changes role from null to FOLLOWER at term 0 for startAsFollower
2019-08-29 08:33:39,710 [pool-82-thread-1] INFO  impl.RoleInfo (RoleInfo.java:updateAndGet(143)) - 99586f2f-9d87-40a3-9061-4566008201fd: start FollowerState
2019-08-29 08:33:39,711 [pool-82-thread-1] INFO  util.JmxRegister (JmxRegister.java:tryRegister(44)) - Successfully registered JMX Bean with object name Ratis:service=RaftServer,group=group-460952194E1B,id=99586f2f-9d87-40a3-9061-4566008201fd
2019-08-29 08:33:39,727 [RatisPipelineUtilsThread] INFO  pipeline.PipelineStateManager (PipelineStateManager.java:addPipeline(56)) - Created pipeline Pipeline[ Id: 89c1e31b-d436-460b-9a16-460952194e1b, Nodes: 99586f2f-9d87-40a3-9061-4566008201fd{ip: 192.168.69.89, host: pr-hdds-1569-7rqkn-550228749, networkLocation: /default-rack, certSerialId: null}, Type:RATIS, Factor:ONE, State:OPEN]
2019-08-29 08:33:39,740 [grpc-default-executor-0] INFO  impl.RaftServerProxy (RaftServerProxy.java:addNew(89)) - bcbb4469-e902-4083-b3d9-1bab9ea4cd29: addNew group-DCD4534FD442:[bcbb4469-e902-4083-b3d9-1bab9ea4cd29:192.168.69.89:42960] returns group-DCD4534FD442:java.util.concurrent.CompletableFuture@4315defc[Not completed]
2019-08-29 08:33:39,741 [pool-93-thread-1] INFO  impl.RaftServerImpl (RaftServerImpl.java:<init>(93)) - bcbb4469-e902-4083-b3d9-1bab9ea4cd29: new RaftServerImpl for group-DCD4534FD442:[bcbb4469-e902-4083-b3d9-1bab9ea4cd29:192.168.69.89:42960] with ContainerStateMachine:uninitialized
2019-08-29 08:33:39,741 [pool-93-thread-1] INFO  server.RaftServerConfigKeys (ConfUtils.java:logGet(43)) - raft.server.rpc.timeout.min = 1s (custom)
2019-08-29 08:33:39,742 [pool-93-thread-1] INFO  server.RaftServerConfigKeys (ConfUtils.java:logGet(43)) - raft.server.rpc.timeout.max = 1200ms (custom)
2019-08-29 08:33:39,742 [pool-93-thread-1] INFO  server.RaftServerConfigKeys (ConfUtils.java:logGet(43)) - raft.server.rpcslowness.timeout = 120s (custom)
2019-08-29 08:33:39,742 [pool-93-thread-1] INFO  server.RaftServerConfigKeys (ConfUtils.java:logGet(43)) - raft.server.sleep.deviation.threshold = 300 (default)
2019-08-29 08:33:39,742 [pool-93-thread-1] INFO  server.RaftServerConfigKeys (ConfUtils.java:logGet(43)) - raft.server.log.appender.install.snapshot.enabled = false (custom)
2019-08-29 08:33:39,742 [pool-93-thread-1] INFO  impl.RaftServerImpl (ServerState.java:<init>(105)) - bcbb4469-e902-4083-b3d9-1bab9ea4cd29:group-DCD4534FD442 ConfigurationManager, init=-1: [bcbb4469-e902-4083-b3d9-1bab9ea4cd29:192.168.69.89:42960], old=null, confs=<EMPTY_MAP>
2019-08-29 08:33:39,742 [pool-93-thread-1] INFO  server.RaftServerConfigKeys (ConfUtils.java:logGet(43)) - raft.server.storage.dir = [/workdir/hadoop-ozone/integration-test/target/test-dir/MiniOzoneClusterImpl-839c4a83-1072-4184-a39a-41aa01fb846d/datanode-6/data/ratis] (custom)
2019-08-29 08:33:39,743 [pool-93-thread-1] INFO  storage.RaftStorageDirectory (RaftStorageDirectory.java:analyzeStorage(246)) - The storage directory /workdir/hadoop-ozone/integration-test/target/test-dir/MiniOzoneClusterImpl-839c4a83-1072-4184-a39a-41aa01fb846d/datanode-6/data/ratis/5f82f049-73e5-447d-8ebe-dcd4534fd442 does not exist. Creating ...
2019-08-29 08:33:39,768 [pool-93-thread-1] INFO  storage.RaftStorageDirectory (RaftStorageDirectory.java:tryLock(328)) - Lock on /workdir/hadoop-ozone/integration-test/target/test-dir/MiniOzoneClusterImpl-839c4a83-1072-4184-a39a-41aa01fb846d/datanode-6/data/ratis/5f82f049-73e5-447d-8ebe-dcd4534fd442/in_use.lock acquired by nodename 9793@pr-hdds-1569-7rqkn-550228749
2019-08-29 08:33:39,799 [pool-93-thread-1] INFO  storage.RaftStorage (RaftStorage.java:format(72)) - Storage directory /workdir/hadoop-ozone/integration-test/target/test-dir/MiniOzoneClusterImpl-839c4a83-1072-4184-a39a-41aa01fb846d/datanode-6/data/ratis/5f82f049-73e5-447d-8ebe-dcd4534fd442 has been successfully formatted.
2019-08-29 08:33:39,800 [pool-93-thread-1] INFO  ratis.ContainerStateMachine (ContainerStateMachine.java:loadSnapshot(226)) - group-DCD4534FD442: The snapshot info is null. Setting the last applied indexto:(t:0, i:~)
2019-08-29 08:33:39,800 [pool-93-thread-1] INFO  server.RaftServerConfigKeys (ConfUtils.java:logGet(43)) - raft.server.leader.election.timeout = 120s (custom)
2019-08-29 08:33:39,800 [pool-93-thread-1] INFO  server.RaftServerConfigKeys (ConfUtils.java:logGet(43)) - raft.server.log.use.memory = false (default)
2019-08-29 08:33:39,800 [pool-93-thread-1] INFO  server.RaftServerConfigKeys (ConfUtils.java:logGet(43)) - raft.server.log.purge.gap = 1000000 (custom)
2019-08-29 08:33:39,800 [pool-93-thread-1] INFO  server.RaftServerConfigKeys (ConfUtils.java:logGet(43)) - raft.server.log.appender.buffer.byte-limit = 33554432 (custom)
2019-08-29 08:33:39,800 [pool-93-thread-1] INFO  server.RaftServerConfigKeys (ConfUtils.java:logGet(43)) - raft.server.log.segment.size.max = 1048576 (custom)
2019-08-29 08:33:39,801 [pool-93-thread-1] INFO  server.RaftServerConfigKeys (ConfUtils.java:logGet(43)) - raft.server.log.segment.cache.num.max = 2 (custom)
2019-08-29 08:33:39,801 [pool-93-thread-1] INFO  segmented.SegmentedRaftLogWorker (SegmentedRaftLogWorker.java:<init>(172)) - new bcbb4469-e902-4083-b3d9-1bab9ea4cd29-SegmentedRaftLogWorker:Storage Directory /workdir/hadoop-ozone/integration-test/target/test-dir/MiniOzoneClusterImpl-839c4a83-1072-4184-a39a-41aa01fb846d/datanode-6/data/ratis/5f82f049-73e5-447d-8ebe-dcd4534fd442 for RaftStorage:Storage Directory /workdir/hadoop-ozone/integration-test/target/test-dir/MiniOzoneClusterImpl-839c4a83-1072-4184-a39a-41aa01fb846d/datanode-6/data/ratis/5f82f049-73e5-447d-8ebe-dcd4534fd442
2019-08-29 08:33:39,801 [pool-93-thread-1] INFO  server.RaftServerConfigKeys (ConfUtils.java:logGet(43)) - raft.server.log.queue.byte-limit = 2147483647 (custom)
2019-08-29 08:33:39,801 [pool-93-thread-1] INFO  server.RaftServerConfigKeys (ConfUtils.java:logGet(43)) - raft.server.log.queue.element-limit = 1024 (custom)
2019-08-29 08:33:39,801 [pool-93-thread-1] INFO  server.RaftServerConfigKeys (ConfUtils.java:logGet(43)) - raft.server.log.segment.size.max = 1048576 (custom)
2019-08-29 08:33:39,801 [pool-93-thread-1] INFO  server.RaftServerConfigKeys (ConfUtils.java:logGet(43)) - raft.server.log.preallocated.size = 16384 (custom)
2019-08-29 08:33:39,801 [pool-93-thread-1] INFO  server.RaftServerConfigKeys (ConfUtils.java:logGet(43)) - raft.server.log.write.buffer.size = 33554432 (custom)
2019-08-29 08:33:39,802 [pool-93-thread-1] INFO  server.RaftServerConfigKeys (ConfUtils.java:logGet(43)) - raft.server.log.force.sync.num = 128 (default)
2019-08-29 08:33:39,802 [pool-93-thread-1] INFO  server.RaftServerConfigKeys (ConfUtils.java:logGet(43)) - raft.server.log.statemachine.data.sync = true (default)
2019-08-29 08:33:39,802 [pool-93-thread-1] INFO  server.RaftServerConfigKeys (ConfUtils.java:logGet(43)) - raft.server.log.statemachine.data.sync.timeout = 10s (default)
2019-08-29 08:33:39,802 [pool-93-thread-1] INFO  server.RaftServerConfigKeys (ConfUtils.java:logGet(43)) - raft.server.log.statemachine.data.sync.timeout.retry = -1 (default)
2019-08-29 08:33:39,802 [pool-93-thread-1] INFO  server.RaftServerConfigKeys (ConfUtils.java:logGet(43)) - raft.server.log.statemachine.data.caching.enabled = true (custom)
2019-08-29 08:33:39,802 [pool-93-thread-1] INFO  segmented.SegmentedRaftLogWorker (SegmentedRaftLogWorker.java:lambda$new$0(132)) - bcbb4469-e902-4083-b3d9-1bab9ea4cd29-SegmentedRaftLogWorker:Storage Directory /workdir/hadoop-ozone/integration-test/target/test-dir/MiniOzoneClusterImpl-839c4a83-1072-4184-a39a-41aa01fb846d/datanode-6/data/ratis/5f82f049-73e5-447d-8ebe-dcd4534fd442: flushIndex: setUnconditionally 0 -> -1
2019-08-29 08:33:39,803 [pool-93-thread-1] INFO  server.RaftServerConfigKeys (ConfUtils.java:logGet(43)) - raft.server.snapshot.auto.trigger.enabled = true (custom)
2019-08-29 08:33:39,803 [pool-93-thread-1] INFO  server.RaftServerConfigKeys (ConfUtils.java:logGet(43)) - raft.server.snapshot.auto.trigger.threshold = 10000 (custom)
2019-08-29 08:33:39,803 [pool-93-thread-1] INFO  server.RaftServerConfigKeys (ConfUtils.java:logGet(43)) - raft.server.retrycache.expirytime = 600000ms (custom)
2019-08-29 08:33:39,803 [pool-93-thread-1] INFO  impl.RaftServerImpl (RaftServerImpl.java:start(180)) - bcbb4469-e902-4083-b3d9-1bab9ea4cd29: start group-DCD4534FD442
2019-08-29 08:33:39,803 [pool-93-thread-1] INFO  impl.RaftServerImpl (RaftServerImpl.java:setRole(171)) - bcbb4469-e902-4083-b3d9-1bab9ea4cd29:group-DCD4534FD442 changes role from null to FOLLOWER at term 0 for startAsFollower
2019-08-29 08:33:39,803 [pool-93-thread-1] INFO  impl.RoleInfo (RoleInfo.java:updateAndGet(143)) - bcbb4469-e902-4083-b3d9-1bab9ea4cd29: start FollowerState
2019-08-29 08:33:39,804 [pool-93-thread-1] INFO  util.JmxRegister (JmxRegister.java:tryRegister(44)) - Successfully registered JMX Bean with object name Ratis:service=RaftServer,group=group-DCD4534FD442,id=bcbb4469-e902-4083-b3d9-1bab9ea4cd29
2019-08-29 08:33:39,811 [RatisPipelineUtilsThread] INFO  pipeline.PipelineStateManager (PipelineStateManager.java:addPipeline(56)) - Created pipeline Pipeline[ Id: 5f82f049-73e5-447d-8ebe-dcd4534fd442, Nodes: bcbb4469-e902-4083-b3d9-1bab9ea4cd29{ip: 192.168.69.89, host: pr-hdds-1569-7rqkn-550228749, networkLocation: /default-rack, certSerialId: null}, Type:RATIS, Factor:ONE, State:OPEN]
2019-08-29 08:33:39,828 [grpc-default-executor-0] INFO  impl.RaftServerProxy (RaftServerProxy.java:addNew(89)) - e7b9916e-4eca-4156-a086-839e4ffd13a0: addNew group-CE428A2E4B7D:[e7b9916e-4eca-4156-a086-839e4ffd13a0:192.168.69.89:37189] returns group-CE428A2E4B7D:java.util.concurrent.CompletableFuture@37e465ca[Not completed]
2019-08-29 08:33:39,830 [pool-38-thread-1] INFO  impl.RaftServerImpl (RaftServerImpl.java:<init>(93)) - e7b9916e-4eca-4156-a086-839e4ffd13a0: new RaftServerImpl for group-CE428A2E4B7D:[e7b9916e-4eca-4156-a086-839e4ffd13a0:192.168.69.89:37189] with ContainerStateMachine:uninitialized
2019-08-29 08:33:39,830 [pool-38-thread-1] INFO  server.RaftServerConfigKeys (ConfUtils.java:logGet(43)) - raft.server.rpc.timeout.min = 1s (custom)
2019-08-29 08:33:39,830 [pool-38-thread-1] INFO  server.RaftServerConfigKeys (ConfUtils.java:logGet(43)) - raft.server.rpc.timeout.max = 1200ms (custom)
2019-08-29 08:33:39,830 [pool-38-thread-1] INFO  server.RaftServerConfigKeys (ConfUtils.java:logGet(43)) - raft.server.rpcslowness.timeout = 120s (custom)
2019-08-29 08:33:39,830 [pool-38-thread-1] INFO  server.RaftServerConfigKeys (ConfUtils.java:logGet(43)) - raft.server.sleep.deviation.threshold = 300 (default)
2019-08-29 08:33:39,830 [pool-38-thread-1] INFO  server.RaftServerConfigKeys (ConfUtils.java:logGet(43)) - raft.server.log.appender.install.snapshot.enabled = false (custom)
2019-08-29 08:33:39,830 [pool-38-thread-1] INFO  impl.RaftServerImpl (ServerState.java:<init>(105)) - e7b9916e-4eca-4156-a086-839e4ffd13a0:group-CE428A2E4B7D ConfigurationManager, init=-1: [e7b9916e-4eca-4156-a086-839e4ffd13a0:192.168.69.89:37189], old=null, confs=<EMPTY_MAP>
2019-08-29 08:33:39,830 [pool-38-thread-1] INFO  server.RaftServerConfigKeys (ConfUtils.java:logGet(43)) - raft.server.storage.dir = [/workdir/hadoop-ozone/integration-test/target/test-dir/MiniOzoneClusterImpl-839c4a83-1072-4184-a39a-41aa01fb846d/datanode-1/data/ratis] (custom)
2019-08-29 08:33:39,831 [pool-38-thread-1] INFO  storage.RaftStorageDirectory (RaftStorageDirectory.java:analyzeStorage(246)) - The storage directory /workdir/hadoop-ozone/integration-test/target/test-dir/MiniOzoneClusterImpl-839c4a83-1072-4184-a39a-41aa01fb846d/datanode-1/data/ratis/0752e0e4-9e35-484e-b573-ce428a2e4b7d does not exist. Creating ...
2019-08-29 08:33:39,871 [pool-38-thread-1] INFO  storage.RaftStorageDirectory (RaftStorageDirectory.java:tryLock(328)) - Lock on /workdir/hadoop-ozone/integration-test/target/test-dir/MiniOzoneClusterImpl-839c4a83-1072-4184-a39a-41aa01fb846d/datanode-1/data/ratis/0752e0e4-9e35-484e-b573-ce428a2e4b7d/in_use.lock acquired by nodename 9793@pr-hdds-1569-7rqkn-550228749
2019-08-29 08:33:39,873 | INFO  | SCMAudit | user=jenkins1000 | ip=192.168.69.89 | op=SEND_HEARTBEAT {datanodeUUID=f0c18ce4-0e5b-4823-99c8-fd716531bc5f, command=[]} | ret=SUCCESS |  
2019-08-29 08:33:39,905 [pool-38-thread-1] INFO  storage.RaftStorage (RaftStorage.java:format(72)) - Storage directory /workdir/hadoop-ozone/integration-test/target/test-dir/MiniOzoneClusterImpl-839c4a83-1072-4184-a39a-41aa01fb846d/datanode-1/data/ratis/0752e0e4-9e35-484e-b573-ce428a2e4b7d has been successfully formatted.
2019-08-29 08:33:39,906 [pool-38-thread-1] INFO  ratis.ContainerStateMachine (ContainerStateMachine.java:loadSnapshot(226)) - group-CE428A2E4B7D: The snapshot info is null. Setting the last applied indexto:(t:0, i:~)
2019-08-29 08:33:39,906 [pool-38-thread-1] INFO  server.RaftServerConfigKeys (ConfUtils.java:logGet(43)) - raft.server.leader.election.timeout = 120s (custom)
2019-08-29 08:33:39,907 [pool-38-thread-1] INFO  server.RaftServerConfigKeys (ConfUtils.java:logGet(43)) - raft.server.log.use.memory = false (default)
2019-08-29 08:33:39,907 [pool-38-thread-1] INFO  server.RaftServerConfigKeys (ConfUtils.java:logGet(43)) - raft.server.log.purge.gap = 1000000 (custom)
2019-08-29 08:33:39,907 [pool-38-thread-1] INFO  server.RaftServerConfigKeys (ConfUtils.java:logGet(43)) - raft.server.log.appender.buffer.byte-limit = 33554432 (custom)
2019-08-29 08:33:39,907 [pool-38-thread-1] INFO  server.RaftServerConfigKeys (ConfUtils.java:logGet(43)) - raft.server.log.segment.size.max = 1048576 (custom)
2019-08-29 08:33:39,908 [pool-38-thread-1] INFO  server.RaftServerConfigKeys (ConfUtils.java:logGet(43)) - raft.server.log.segment.cache.num.max = 2 (custom)
2019-08-29 08:33:39,908 [pool-38-thread-1] INFO  segmented.SegmentedRaftLogWorker (SegmentedRaftLogWorker.java:<init>(172)) - new e7b9916e-4eca-4156-a086-839e4ffd13a0-SegmentedRaftLogWorker:Storage Directory /workdir/hadoop-ozone/integration-test/target/test-dir/MiniOzoneClusterImpl-839c4a83-1072-4184-a39a-41aa01fb846d/datanode-1/data/ratis/0752e0e4-9e35-484e-b573-ce428a2e4b7d for RaftStorage:Storage Directory /workdir/hadoop-ozone/integration-test/target/test-dir/MiniOzoneClusterImpl-839c4a83-1072-4184-a39a-41aa01fb846d/datanode-1/data/ratis/0752e0e4-9e35-484e-b573-ce428a2e4b7d
2019-08-29 08:33:39,908 [pool-38-thread-1] INFO  server.RaftServerConfigKeys (ConfUtils.java:logGet(43)) - raft.server.log.queue.byte-limit = 2147483647 (custom)
2019-08-29 08:33:39,908 [pool-38-thread-1] INFO  server.RaftServerConfigKeys (ConfUtils.java:logGet(43)) - raft.server.log.queue.element-limit = 1024 (custom)
2019-08-29 08:33:39,909 [pool-38-thread-1] INFO  server.RaftServerConfigKeys (ConfUtils.java:logGet(43)) - raft.server.log.segment.size.max = 1048576 (custom)
2019-08-29 08:33:39,909 [pool-38-thread-1] INFO  server.RaftServerConfigKeys (ConfUtils.java:logGet(43)) - raft.server.log.preallocated.size = 16384 (custom)
2019-08-29 08:33:39,909 [pool-38-thread-1] INFO  server.RaftServerConfigKeys (ConfUtils.java:logGet(43)) - raft.server.log.write.buffer.size = 33554432 (custom)
2019-08-29 08:33:39,909 [pool-38-thread-1] INFO  server.RaftServerConfigKeys (ConfUtils.java:logGet(43)) - raft.server.log.force.sync.num = 128 (default)
2019-08-29 08:33:39,910 [pool-38-thread-1] INFO  server.RaftServerConfigKeys (ConfUtils.java:logGet(43)) - raft.server.log.statemachine.data.sync = true (default)
2019-08-29 08:33:39,910 [pool-38-thread-1] INFO  server.RaftServerConfigKeys (ConfUtils.java:logGet(43)) - raft.server.log.statemachine.data.sync.timeout = 10s (default)
2019-08-29 08:33:39,910 [pool-38-thread-1] INFO  server.RaftServerConfigKeys (ConfUtils.java:logGet(43)) - raft.server.log.statemachine.data.sync.timeout.retry = -1 (default)
2019-08-29 08:33:39,910 [pool-38-thread-1] INFO  server.RaftServerConfigKeys (ConfUtils.java:logGet(43)) - raft.server.log.statemachine.data.caching.enabled = true (custom)
2019-08-29 08:33:39,911 [pool-38-thread-1] INFO  segmented.SegmentedRaftLogWorker (SegmentedRaftLogWorker.java:lambda$new$0(132)) - e7b9916e-4eca-4156-a086-839e4ffd13a0-SegmentedRaftLogWorker:Storage Directory /workdir/hadoop-ozone/integration-test/target/test-dir/MiniOzoneClusterImpl-839c4a83-1072-4184-a39a-41aa01fb846d/datanode-1/data/ratis/0752e0e4-9e35-484e-b573-ce428a2e4b7d: flushIndex: setUnconditionally 0 -> -1
2019-08-29 08:33:39,911 [pool-38-thread-1] INFO  server.RaftServerConfigKeys (ConfUtils.java:logGet(43)) - raft.server.snapshot.auto.trigger.enabled = true (custom)
2019-08-29 08:33:39,912 [pool-38-thread-1] INFO  server.RaftServerConfigKeys (ConfUtils.java:logGet(43)) - raft.server.snapshot.auto.trigger.threshold = 10000 (custom)
2019-08-29 08:33:39,912 [pool-38-thread-1] INFO  server.RaftServerConfigKeys (ConfUtils.java:logGet(43)) - raft.server.retrycache.expirytime = 600000ms (custom)
2019-08-29 08:33:39,912 [pool-38-thread-1] INFO  impl.RaftServerImpl (RaftServerImpl.java:start(180)) - e7b9916e-4eca-4156-a086-839e4ffd13a0: start group-CE428A2E4B7D
2019-08-29 08:33:39,912 [pool-38-thread-1] INFO  impl.RaftServerImpl (RaftServerImpl.java:setRole(171)) - e7b9916e-4eca-4156-a086-839e4ffd13a0:group-CE428A2E4B7D changes role from null to FOLLOWER at term 0 for startAsFollower
2019-08-29 08:33:39,913 [pool-38-thread-1] INFO  impl.RoleInfo (RoleInfo.java:updateAndGet(143)) - e7b9916e-4eca-4156-a086-839e4ffd13a0: start FollowerState
2019-08-29 08:33:39,913 [pool-38-thread-1] INFO  util.JmxRegister (JmxRegister.java:tryRegister(44)) - Successfully registered JMX Bean with object name Ratis:service=RaftServer,group=group-CE428A2E4B7D,id=e7b9916e-4eca-4156-a086-839e4ffd13a0
2019-08-29 08:33:39,921 [RatisPipelineUtilsThread] INFO  pipeline.PipelineStateManager (PipelineStateManager.java:addPipeline(56)) - Created pipeline Pipeline[ Id: 0752e0e4-9e35-484e-b573-ce428a2e4b7d, Nodes: e7b9916e-4eca-4156-a086-839e4ffd13a0{ip: 192.168.69.89, host: pr-hdds-1569-7rqkn-550228749, networkLocation: /default-rack, certSerialId: null}, Type:RATIS, Factor:ONE, State:OPEN]
2019-08-29 08:33:39,951 [grpc-default-executor-0] INFO  impl.RaftServerProxy (RaftServerProxy.java:addNew(89)) - 7a9bfe55-9a1e-4d2f-9ebd-558835cfe40a: addNew group-50748D818F34:[7a9bfe55-9a1e-4d2f-9ebd-558835cfe40a:192.168.69.89:46617] returns group-50748D818F34:java.util.concurrent.CompletableFuture@1ffa5cb[Not completed]
2019-08-29 08:33:39,953 | INFO  | SCMAudit | user=jenkins1000 | ip=192.168.69.89 | op=SEND_HEARTBEAT {datanodeUUID=99586f2f-9d87-40a3-9061-4566008201fd, command=[]} | ret=SUCCESS |  
2019-08-29 08:33:39,953 | INFO  | SCMAudit | user=jenkins1000 | ip=192.168.69.89 | op=SEND_HEARTBEAT {datanodeUUID=e7b9916e-4eca-4156-a086-839e4ffd13a0, command=[]} | ret=SUCCESS |  
2019-08-29 08:33:39,954 [pool-49-thread-1] INFO  impl.RaftServerImpl (RaftServerImpl.java:<init>(93)) - 7a9bfe55-9a1e-4d2f-9ebd-558835cfe40a: new RaftServerImpl for group-50748D818F34:[7a9bfe55-9a1e-4d2f-9ebd-558835cfe40a:192.168.69.89:46617] with ContainerStateMachine:uninitialized
2019-08-29 08:33:39,955 [pool-49-thread-1] INFO  server.RaftServerConfigKeys (ConfUtils.java:logGet(43)) - raft.server.rpc.timeout.min = 1s (custom)
2019-08-29 08:33:39,955 [pool-49-thread-1] INFO  server.RaftServerConfigKeys (ConfUtils.java:logGet(43)) - raft.server.rpc.timeout.max = 1200ms (custom)
2019-08-29 08:33:39,955 [pool-49-thread-1] INFO  server.RaftServerConfigKeys (ConfUtils.java:logGet(43)) - raft.server.rpcslowness.timeout = 120s (custom)
2019-08-29 08:33:39,955 [pool-49-thread-1] INFO  server.RaftServerConfigKeys (ConfUtils.java:logGet(43)) - raft.server.sleep.deviation.threshold = 300 (default)
2019-08-29 08:33:39,956 [pool-49-thread-1] INFO  server.RaftServerConfigKeys (ConfUtils.java:logGet(43)) - raft.server.log.appender.install.snapshot.enabled = false (custom)
2019-08-29 08:33:39,956 [pool-49-thread-1] INFO  impl.RaftServerImpl (ServerState.java:<init>(105)) - 7a9bfe55-9a1e-4d2f-9ebd-558835cfe40a:group-50748D818F34 ConfigurationManager, init=-1: [7a9bfe55-9a1e-4d2f-9ebd-558835cfe40a:192.168.69.89:46617], old=null, confs=<EMPTY_MAP>
2019-08-29 08:33:39,956 [pool-49-thread-1] INFO  server.RaftServerConfigKeys (ConfUtils.java:logGet(43)) - raft.server.storage.dir = [/workdir/hadoop-ozone/integration-test/target/test-dir/MiniOzoneClusterImpl-839c4a83-1072-4184-a39a-41aa01fb846d/datanode-2/data/ratis] (custom)
2019-08-29 08:33:39,956 [pool-49-thread-1] INFO  storage.RaftStorageDirectory (RaftStorageDirectory.java:analyzeStorage(246)) - The storage directory /workdir/hadoop-ozone/integration-test/target/test-dir/MiniOzoneClusterImpl-839c4a83-1072-4184-a39a-41aa01fb846d/datanode-2/data/ratis/9f26a0ef-a6e8-4332-8e4d-50748d818f34 does not exist. Creating ...
2019-08-29 08:33:40,042 [pool-49-thread-1] INFO  storage.RaftStorageDirectory (RaftStorageDirectory.java:tryLock(328)) - Lock on /workdir/hadoop-ozone/integration-test/target/test-dir/MiniOzoneClusterImpl-839c4a83-1072-4184-a39a-41aa01fb846d/datanode-2/data/ratis/9f26a0ef-a6e8-4332-8e4d-50748d818f34/in_use.lock acquired by nodename 9793@pr-hdds-1569-7rqkn-550228749
2019-08-29 08:33:40,090 [pool-49-thread-1] INFO  storage.RaftStorage (RaftStorage.java:format(72)) - Storage directory /workdir/hadoop-ozone/integration-test/target/test-dir/MiniOzoneClusterImpl-839c4a83-1072-4184-a39a-41aa01fb846d/datanode-2/data/ratis/9f26a0ef-a6e8-4332-8e4d-50748d818f34 has been successfully formatted.
2019-08-29 08:33:40,090 [pool-49-thread-1] INFO  ratis.ContainerStateMachine (ContainerStateMachine.java:loadSnapshot(226)) - group-50748D818F34: The snapshot info is null. Setting the last applied indexto:(t:0, i:~)
2019-08-29 08:33:40,090 [pool-49-thread-1] INFO  server.RaftServerConfigKeys (ConfUtils.java:logGet(43)) - raft.server.leader.election.timeout = 120s (custom)
2019-08-29 08:33:40,091 [pool-49-thread-1] INFO  server.RaftServerConfigKeys (ConfUtils.java:logGet(43)) - raft.server.log.use.memory = false (default)
2019-08-29 08:33:40,091 [pool-49-thread-1] INFO  server.RaftServerConfigKeys (ConfUtils.java:logGet(43)) - raft.server.log.purge.gap = 1000000 (custom)
2019-08-29 08:33:40,091 [pool-49-thread-1] INFO  server.RaftServerConfigKeys (ConfUtils.java:logGet(43)) - raft.server.log.appender.buffer.byte-limit = 33554432 (custom)
2019-08-29 08:33:40,091 [pool-49-thread-1] INFO  server.RaftServerConfigKeys (ConfUtils.java:logGet(43)) - raft.server.log.segment.size.max = 1048576 (custom)
2019-08-29 08:33:40,091 [pool-49-thread-1] INFO  server.RaftServerConfigKeys (ConfUtils.java:logGet(43)) - raft.server.log.segment.cache.num.max = 2 (custom)
2019-08-29 08:33:40,091 [pool-49-thread-1] INFO  segmented.SegmentedRaftLogWorker (SegmentedRaftLogWorker.java:<init>(172)) - new 7a9bfe55-9a1e-4d2f-9ebd-558835cfe40a-SegmentedRaftLogWorker:Storage Directory /workdir/hadoop-ozone/integration-test/target/test-dir/MiniOzoneClusterImpl-839c4a83-1072-4184-a39a-41aa01fb846d/datanode-2/data/ratis/9f26a0ef-a6e8-4332-8e4d-50748d818f34 for RaftStorage:Storage Directory /workdir/hadoop-ozone/integration-test/target/test-dir/MiniOzoneClusterImpl-839c4a83-1072-4184-a39a-41aa01fb846d/datanode-2/data/ratis/9f26a0ef-a6e8-4332-8e4d-50748d818f34
2019-08-29 08:33:40,092 [pool-49-thread-1] INFO  server.RaftServerConfigKeys (ConfUtils.java:logGet(43)) - raft.server.log.queue.byte-limit = 2147483647 (custom)
2019-08-29 08:33:40,092 [pool-49-thread-1] INFO  server.RaftServerConfigKeys (ConfUtils.java:logGet(43)) - raft.server.log.queue.element-limit = 1024 (custom)
2019-08-29 08:33:40,092 [pool-49-thread-1] INFO  server.RaftServerConfigKeys (ConfUtils.java:logGet(43)) - raft.server.log.segment.size.max = 1048576 (custom)
2019-08-29 08:33:40,092 [pool-49-thread-1] INFO  server.RaftServerConfigKeys (ConfUtils.java:logGet(43)) - raft.server.log.preallocated.size = 16384 (custom)
2019-08-29 08:33:40,092 [pool-49-thread-1] INFO  server.RaftServerConfigKeys (ConfUtils.java:logGet(43)) - raft.server.log.write.buffer.size = 33554432 (custom)
2019-08-29 08:33:40,092 [pool-49-thread-1] INFO  server.RaftServerConfigKeys (ConfUtils.java:logGet(43)) - raft.server.log.force.sync.num = 128 (default)
2019-08-29 08:33:40,092 [pool-49-thread-1] INFO  server.RaftServerConfigKeys (ConfUtils.java:logGet(43)) - raft.server.log.statemachine.data.sync = true (default)
2019-08-29 08:33:40,093 [pool-49-thread-1] INFO  server.RaftServerConfigKeys (ConfUtils.java:logGet(43)) - raft.server.log.statemachine.data.sync.timeout = 10s (default)
2019-08-29 08:33:40,093 [pool-49-thread-1] INFO  server.RaftServerConfigKeys (ConfUtils.java:logGet(43)) - raft.server.log.statemachine.data.sync.timeout.retry = -1 (default)
2019-08-29 08:33:40,093 [pool-49-thread-1] INFO  server.RaftServerConfigKeys (ConfUtils.java:logGet(43)) - raft.server.log.statemachine.data.caching.enabled = true (custom)
2019-08-29 08:33:40,093 [pool-49-thread-1] INFO  segmented.SegmentedRaftLogWorker (SegmentedRaftLogWorker.java:lambda$new$0(132)) - 7a9bfe55-9a1e-4d2f-9ebd-558835cfe40a-SegmentedRaftLogWorker:Storage Directory /workdir/hadoop-ozone/integration-test/target/test-dir/MiniOzoneClusterImpl-839c4a83-1072-4184-a39a-41aa01fb846d/datanode-2/data/ratis/9f26a0ef-a6e8-4332-8e4d-50748d818f34: flushIndex: setUnconditionally 0 -> -1
2019-08-29 08:33:40,093 [pool-49-thread-1] INFO  server.RaftServerConfigKeys (ConfUtils.java:logGet(43)) - raft.server.snapshot.auto.trigger.enabled = true (custom)
2019-08-29 08:33:40,094 [pool-49-thread-1] INFO  server.RaftServerConfigKeys (ConfUtils.java:logGet(43)) - raft.server.snapshot.auto.trigger.threshold = 10000 (custom)
2019-08-29 08:33:40,094 [pool-49-thread-1] INFO  server.RaftServerConfigKeys (ConfUtils.java:logGet(43)) - raft.server.retrycache.expirytime = 600000ms (custom)
2019-08-29 08:33:40,094 [pool-49-thread-1] INFO  impl.RaftServerImpl (RaftServerImpl.java:start(180)) - 7a9bfe55-9a1e-4d2f-9ebd-558835cfe40a: start group-50748D818F34
2019-08-29 08:33:40,094 [pool-49-thread-1] INFO  impl.RaftServerImpl (RaftServerImpl.java:setRole(171)) - 7a9bfe55-9a1e-4d2f-9ebd-558835cfe40a:group-50748D818F34 changes role from null to FOLLOWER at term 0 for startAsFollower
2019-08-29 08:33:40,094 [pool-49-thread-1] INFO  impl.RoleInfo (RoleInfo.java:updateAndGet(143)) - 7a9bfe55-9a1e-4d2f-9ebd-558835cfe40a: start FollowerState
2019-08-29 08:33:40,094 [pool-49-thread-1] INFO  util.JmxRegister (JmxRegister.java:tryRegister(44)) - Successfully registered JMX Bean with object name Ratis:service=RaftServer,group=group-50748D818F34,id=7a9bfe55-9a1e-4d2f-9ebd-558835cfe40a
2019-08-29 08:33:40,101 [RatisPipelineUtilsThread] INFO  pipeline.PipelineStateManager (PipelineStateManager.java:addPipeline(56)) - Created pipeline Pipeline[ Id: 9f26a0ef-a6e8-4332-8e4d-50748d818f34, Nodes: 7a9bfe55-9a1e-4d2f-9ebd-558835cfe40a{ip: 192.168.69.89, host: pr-hdds-1569-7rqkn-550228749, networkLocation: /default-rack, certSerialId: null}, Type:RATIS, Factor:ONE, State:OPEN]
2019-08-29 08:33:40,128 [grpc-default-executor-0] INFO  impl.RaftServerProxy (RaftServerProxy.java:addNew(89)) - fe546585-3c52-42ae-8754-1a35dad17d3f: addNew group-4F259F9E67CD:[802c6c9d-4843-417e-8983-b6e40533cc1c:192.168.69.89:37103, 129685ee-8122-4333-8930-3eeb8cf836af:192.168.69.89:45580, fe546585-3c52-42ae-8754-1a35dad17d3f:192.168.69.89:45996] returns group-4F259F9E67CD:java.util.concurrent.CompletableFuture@1e9155fe[Not completed]
2019-08-29 08:33:40,128 [grpc-default-executor-3] INFO  impl.RaftServerProxy (RaftServerProxy.java:addNew(89)) - 129685ee-8122-4333-8930-3eeb8cf836af: addNew group-4F259F9E67CD:[802c6c9d-4843-417e-8983-b6e40533cc1c:192.168.69.89:37103, 129685ee-8122-4333-8930-3eeb8cf836af:192.168.69.89:45580, fe546585-3c52-42ae-8754-1a35dad17d3f:192.168.69.89:45996] returns group-4F259F9E67CD:java.util.concurrent.CompletableFuture@36993199[Not completed]
2019-08-29 08:33:40,128 [grpc-default-executor-2] INFO  impl.RaftServerProxy (RaftServerProxy.java:addNew(89)) - 802c6c9d-4843-417e-8983-b6e40533cc1c: addNew group-4F259F9E67CD:[802c6c9d-4843-417e-8983-b6e40533cc1c:192.168.69.89:37103, 129685ee-8122-4333-8930-3eeb8cf836af:192.168.69.89:45580, fe546585-3c52-42ae-8754-1a35dad17d3f:192.168.69.89:45996] returns group-4F259F9E67CD:java.util.concurrent.CompletableFuture@2d5704d5[Not completed]
2019-08-29 08:33:40,129 [pool-104-thread-1] INFO  impl.RaftServerImpl (RaftServerImpl.java:<init>(93)) - fe546585-3c52-42ae-8754-1a35dad17d3f: new RaftServerImpl for group-4F259F9E67CD:[802c6c9d-4843-417e-8983-b6e40533cc1c:192.168.69.89:37103, 129685ee-8122-4333-8930-3eeb8cf836af:192.168.69.89:45580, fe546585-3c52-42ae-8754-1a35dad17d3f:192.168.69.89:45996] with ContainerStateMachine:uninitialized
2019-08-29 08:33:40,130 [pool-104-thread-1] INFO  server.RaftServerConfigKeys (ConfUtils.java:logGet(43)) - raft.server.rpc.timeout.min = 1s (custom)
2019-08-29 08:33:40,130 [pool-104-thread-1] INFO  server.RaftServerConfigKeys (ConfUtils.java:logGet(43)) - raft.server.rpc.timeout.max = 1200ms (custom)
2019-08-29 08:33:40,130 [pool-104-thread-1] INFO  server.RaftServerConfigKeys (ConfUtils.java:logGet(43)) - raft.server.rpcslowness.timeout = 120s (custom)
2019-08-29 08:33:40,130 [pool-104-thread-1] INFO  server.RaftServerConfigKeys (ConfUtils.java:logGet(43)) - raft.server.sleep.deviation.threshold = 300 (default)
2019-08-29 08:33:40,130 [pool-71-thread-1] INFO  impl.RaftServerImpl (RaftServerImpl.java:<init>(93)) - 802c6c9d-4843-417e-8983-b6e40533cc1c: new RaftServerImpl for group-4F259F9E67CD:[802c6c9d-4843-417e-8983-b6e40533cc1c:192.168.69.89:37103, 129685ee-8122-4333-8930-3eeb8cf836af:192.168.69.89:45580, fe546585-3c52-42ae-8754-1a35dad17d3f:192.168.69.89:45996] with ContainerStateMachine:uninitialized
2019-08-29 08:33:40,130 [pool-104-thread-1] INFO  server.RaftServerConfigKeys (ConfUtils.java:logGet(43)) - raft.server.log.appender.install.snapshot.enabled = false (custom)
2019-08-29 08:33:40,130 [pool-71-thread-1] INFO  server.RaftServerConfigKeys (ConfUtils.java:logGet(43)) - raft.server.rpc.timeout.min = 1s (custom)
2019-08-29 08:33:40,130 [pool-104-thread-1] INFO  impl.RaftServerImpl (ServerState.java:<init>(105)) - fe546585-3c52-42ae-8754-1a35dad17d3f:group-4F259F9E67CD ConfigurationManager, init=-1: [802c6c9d-4843-417e-8983-b6e40533cc1c:192.168.69.89:37103, 129685ee-8122-4333-8930-3eeb8cf836af:192.168.69.89:45580, fe546585-3c52-42ae-8754-1a35dad17d3f:192.168.69.89:45996], old=null, confs=<EMPTY_MAP>
2019-08-29 08:33:40,131 [pool-71-thread-1] INFO  server.RaftServerConfigKeys (ConfUtils.java:logGet(43)) - raft.server.rpc.timeout.max = 1200ms (custom)
2019-08-29 08:33:40,131 [pool-104-thread-1] INFO  server.RaftServerConfigKeys (ConfUtils.java:logGet(43)) - raft.server.storage.dir = [/workdir/hadoop-ozone/integration-test/target/test-dir/MiniOzoneClusterImpl-839c4a83-1072-4184-a39a-41aa01fb846d/datanode-7/data/ratis] (custom)
2019-08-29 08:33:40,131 [pool-71-thread-1] INFO  server.RaftServerConfigKeys (ConfUtils.java:logGet(43)) - raft.server.rpcslowness.timeout = 120s (custom)
2019-08-29 08:33:40,131 [pool-71-thread-1] INFO  server.RaftServerConfigKeys (ConfUtils.java:logGet(43)) - raft.server.sleep.deviation.threshold = 300 (default)
2019-08-29 08:33:40,131 [pool-71-thread-1] INFO  server.RaftServerConfigKeys (ConfUtils.java:logGet(43)) - raft.server.log.appender.install.snapshot.enabled = false (custom)
2019-08-29 08:33:40,131 [pool-104-thread-1] INFO  storage.RaftStorageDirectory (RaftStorageDirectory.java:analyzeStorage(246)) - The storage directory /workdir/hadoop-ozone/integration-test/target/test-dir/MiniOzoneClusterImpl-839c4a83-1072-4184-a39a-41aa01fb846d/datanode-7/data/ratis/9e321d5a-d5d8-48c0-844c-4f259f9e67cd does not exist. Creating ...
2019-08-29 08:33:40,131 [pool-115-thread-1] INFO  impl.RaftServerImpl (RaftServerImpl.java:<init>(93)) - 129685ee-8122-4333-8930-3eeb8cf836af: new RaftServerImpl for group-4F259F9E67CD:[802c6c9d-4843-417e-8983-b6e40533cc1c:192.168.69.89:37103, 129685ee-8122-4333-8930-3eeb8cf836af:192.168.69.89:45580, fe546585-3c52-42ae-8754-1a35dad17d3f:192.168.69.89:45996] with ContainerStateMachine:uninitialized
2019-08-29 08:33:40,131 [pool-71-thread-1] INFO  impl.RaftServerImpl (ServerState.java:<init>(105)) - 802c6c9d-4843-417e-8983-b6e40533cc1c:group-4F259F9E67CD ConfigurationManager, init=-1: [802c6c9d-4843-417e-8983-b6e40533cc1c:192.168.69.89:37103, 129685ee-8122-4333-8930-3eeb8cf836af:192.168.69.89:45580, fe546585-3c52-42ae-8754-1a35dad17d3f:192.168.69.89:45996], old=null, confs=<EMPTY_MAP>
2019-08-29 08:33:40,132 [pool-115-thread-1] INFO  server.RaftServerConfigKeys (ConfUtils.java:logGet(43)) - raft.server.rpc.timeout.min = 1s (custom)
2019-08-29 08:33:40,132 [pool-71-thread-1] INFO  server.RaftServerConfigKeys (ConfUtils.java:logGet(43)) - raft.server.storage.dir = [/workdir/hadoop-ozone/integration-test/target/test-dir/MiniOzoneClusterImpl-839c4a83-1072-4184-a39a-41aa01fb846d/datanode-4/data/ratis] (custom)
2019-08-29 08:33:40,132 [pool-115-thread-1] INFO  server.RaftServerConfigKeys (ConfUtils.java:logGet(43)) - raft.server.rpc.timeout.max = 1200ms (custom)
2019-08-29 08:33:40,132 [pool-115-thread-1] INFO  server.RaftServerConfigKeys (ConfUtils.java:logGet(43)) - raft.server.rpcslowness.timeout = 120s (custom)
2019-08-29 08:33:40,132 [pool-71-thread-1] INFO  storage.RaftStorageDirectory (RaftStorageDirectory.java:analyzeStorage(246)) - The storage directory /workdir/hadoop-ozone/integration-test/target/test-dir/MiniOzoneClusterImpl-839c4a83-1072-4184-a39a-41aa01fb846d/datanode-4/data/ratis/9e321d5a-d5d8-48c0-844c-4f259f9e67cd does not exist. Creating ...
2019-08-29 08:33:40,132 [pool-115-thread-1] INFO  server.RaftServerConfigKeys (ConfUtils.java:logGet(43)) - raft.server.sleep.deviation.threshold = 300 (default)
2019-08-29 08:33:40,133 [pool-115-thread-1] INFO  server.RaftServerConfigKeys (ConfUtils.java:logGet(43)) - raft.server.log.appender.install.snapshot.enabled = false (custom)
2019-08-29 08:33:40,133 [pool-115-thread-1] INFO  impl.RaftServerImpl (ServerState.java:<init>(105)) - 129685ee-8122-4333-8930-3eeb8cf836af:group-4F259F9E67CD ConfigurationManager, init=-1: [802c6c9d-4843-417e-8983-b6e40533cc1c:192.168.69.89:37103, 129685ee-8122-4333-8930-3eeb8cf836af:192.168.69.89:45580, fe546585-3c52-42ae-8754-1a35dad17d3f:192.168.69.89:45996], old=null, confs=<EMPTY_MAP>
2019-08-29 08:33:40,133 [pool-115-thread-1] INFO  server.RaftServerConfigKeys (ConfUtils.java:logGet(43)) - raft.server.storage.dir = [/workdir/hadoop-ozone/integration-test/target/test-dir/MiniOzoneClusterImpl-839c4a83-1072-4184-a39a-41aa01fb846d/datanode-8/data/ratis] (custom)
2019-08-29 08:33:40,133 [pool-115-thread-1] INFO  storage.RaftStorageDirectory (RaftStorageDirectory.java:analyzeStorage(246)) - The storage directory /workdir/hadoop-ozone/integration-test/target/test-dir/MiniOzoneClusterImpl-839c4a83-1072-4184-a39a-41aa01fb846d/datanode-8/data/ratis/9e321d5a-d5d8-48c0-844c-4f259f9e67cd does not exist. Creating ...
2019-08-29 08:33:40,151 [pool-71-thread-1] INFO  storage.RaftStorageDirectory (RaftStorageDirectory.java:tryLock(328)) - Lock on /workdir/hadoop-ozone/integration-test/target/test-dir/MiniOzoneClusterImpl-839c4a83-1072-4184-a39a-41aa01fb846d/datanode-4/data/ratis/9e321d5a-d5d8-48c0-844c-4f259f9e67cd/in_use.lock acquired by nodename 9793@pr-hdds-1569-7rqkn-550228749
2019-08-29 08:33:40,151 [pool-104-thread-1] INFO  storage.RaftStorageDirectory (RaftStorageDirectory.java:tryLock(328)) - Lock on /workdir/hadoop-ozone/integration-test/target/test-dir/MiniOzoneClusterImpl-839c4a83-1072-4184-a39a-41aa01fb846d/datanode-7/data/ratis/9e321d5a-d5d8-48c0-844c-4f259f9e67cd/in_use.lock acquired by nodename 9793@pr-hdds-1569-7rqkn-550228749
2019-08-29 08:33:40,169 [pool-115-thread-1] INFO  storage.RaftStorageDirectory (RaftStorageDirectory.java:tryLock(328)) - Lock on /workdir/hadoop-ozone/integration-test/target/test-dir/MiniOzoneClusterImpl-839c4a83-1072-4184-a39a-41aa01fb846d/datanode-8/data/ratis/9e321d5a-d5d8-48c0-844c-4f259f9e67cd/in_use.lock acquired by nodename 9793@pr-hdds-1569-7rqkn-550228749
2019-08-29 08:33:40,169 [pool-71-thread-1] INFO  storage.RaftStorage (RaftStorage.java:format(72)) - Storage directory /workdir/hadoop-ozone/integration-test/target/test-dir/MiniOzoneClusterImpl-839c4a83-1072-4184-a39a-41aa01fb846d/datanode-4/data/ratis/9e321d5a-d5d8-48c0-844c-4f259f9e67cd has been successfully formatted.
2019-08-29 08:33:40,169 [pool-104-thread-1] INFO  storage.RaftStorage (RaftStorage.java:format(72)) - Storage directory /workdir/hadoop-ozone/integration-test/target/test-dir/MiniOzoneClusterImpl-839c4a83-1072-4184-a39a-41aa01fb846d/datanode-7/data/ratis/9e321d5a-d5d8-48c0-844c-4f259f9e67cd has been successfully formatted.
2019-08-29 08:33:40,169 [pool-71-thread-1] INFO  ratis.ContainerStateMachine (ContainerStateMachine.java:loadSnapshot(226)) - group-4F259F9E67CD: The snapshot info is null. Setting the last applied indexto:(t:0, i:~)
2019-08-29 08:33:40,169 [pool-104-thread-1] INFO  ratis.ContainerStateMachine (ContainerStateMachine.java:loadSnapshot(226)) - group-4F259F9E67CD: The snapshot info is null. Setting the last applied indexto:(t:0, i:~)
2019-08-29 08:33:40,169 [pool-71-thread-1] INFO  server.RaftServerConfigKeys (ConfUtils.java:logGet(43)) - raft.server.leader.election.timeout = 120s (custom)
2019-08-29 08:33:40,170 [pool-104-thread-1] INFO  server.RaftServerConfigKeys (ConfUtils.java:logGet(43)) - raft.server.leader.election.timeout = 120s (custom)
2019-08-29 08:33:40,170 [pool-71-thread-1] INFO  server.RaftServerConfigKeys (ConfUtils.java:logGet(43)) - raft.server.log.use.memory = false (default)
2019-08-29 08:33:40,170 [pool-104-thread-1] INFO  server.RaftServerConfigKeys (ConfUtils.java:logGet(43)) - raft.server.log.use.memory = false (default)
2019-08-29 08:33:40,170 [pool-71-thread-1] INFO  server.RaftServerConfigKeys (ConfUtils.java:logGet(43)) - raft.server.log.purge.gap = 1000000 (custom)
2019-08-29 08:33:40,170 [pool-104-thread-1] INFO  server.RaftServerConfigKeys (ConfUtils.java:logGet(43)) - raft.server.log.purge.gap = 1000000 (custom)
2019-08-29 08:33:40,170 [pool-71-thread-1] INFO  server.RaftServerConfigKeys (ConfUtils.java:logGet(43)) - raft.server.log.appender.buffer.byte-limit = 33554432 (custom)
2019-08-29 08:33:40,170 [pool-104-thread-1] INFO  server.RaftServerConfigKeys (ConfUtils.java:logGet(43)) - raft.server.log.appender.buffer.byte-limit = 33554432 (custom)
2019-08-29 08:33:40,170 [pool-71-thread-1] INFO  server.RaftServerConfigKeys (ConfUtils.java:logGet(43)) - raft.server.log.segment.size.max = 1048576 (custom)
2019-08-29 08:33:40,170 [pool-104-thread-1] INFO  server.RaftServerConfigKeys (ConfUtils.java:logGet(43)) - raft.server.log.segment.size.max = 1048576 (custom)
2019-08-29 08:33:40,171 [pool-71-thread-1] INFO  server.RaftServerConfigKeys (ConfUtils.java:logGet(43)) - raft.server.log.segment.cache.num.max = 2 (custom)
2019-08-29 08:33:40,171 [pool-104-thread-1] INFO  server.RaftServerConfigKeys (ConfUtils.java:logGet(43)) - raft.server.log.segment.cache.num.max = 2 (custom)
2019-08-29 08:33:40,171 [pool-71-thread-1] INFO  segmented.SegmentedRaftLogWorker (SegmentedRaftLogWorker.java:<init>(172)) - new 802c6c9d-4843-417e-8983-b6e40533cc1c-SegmentedRaftLogWorker:Storage Directory /workdir/hadoop-ozone/integration-test/target/test-dir/MiniOzoneClusterImpl-839c4a83-1072-4184-a39a-41aa01fb846d/datanode-4/data/ratis/9e321d5a-d5d8-48c0-844c-4f259f9e67cd for RaftStorage:Storage Directory /workdir/hadoop-ozone/integration-test/target/test-dir/MiniOzoneClusterImpl-839c4a83-1072-4184-a39a-41aa01fb846d/datanode-4/data/ratis/9e321d5a-d5d8-48c0-844c-4f259f9e67cd
2019-08-29 08:33:40,171 [pool-104-thread-1] INFO  segmented.SegmentedRaftLogWorker (SegmentedRaftLogWorker.java:<init>(172)) - new fe546585-3c52-42ae-8754-1a35dad17d3f-SegmentedRaftLogWorker:Storage Directory /workdir/hadoop-ozone/integration-test/target/test-dir/MiniOzoneClusterImpl-839c4a83-1072-4184-a39a-41aa01fb846d/datanode-7/data/ratis/9e321d5a-d5d8-48c0-844c-4f259f9e67cd for RaftStorage:Storage Directory /workdir/hadoop-ozone/integration-test/target/test-dir/MiniOzoneClusterImpl-839c4a83-1072-4184-a39a-41aa01fb846d/datanode-7/data/ratis/9e321d5a-d5d8-48c0-844c-4f259f9e67cd
2019-08-29 08:33:40,171 [pool-71-thread-1] INFO  server.RaftServerConfigKeys (ConfUtils.java:logGet(43)) - raft.server.log.queue.byte-limit = 2147483647 (custom)
2019-08-29 08:33:40,171 [pool-104-thread-1] INFO  server.RaftServerConfigKeys (ConfUtils.java:logGet(43)) - raft.server.log.queue.byte-limit = 2147483647 (custom)
2019-08-29 08:33:40,177 [pool-71-thread-1] INFO  server.RaftServerConfigKeys (ConfUtils.java:logGet(43)) - raft.server.log.queue.element-limit = 1024 (custom)
2019-08-29 08:33:40,177 [pool-104-thread-1] INFO  server.RaftServerConfigKeys (ConfUtils.java:logGet(43)) - raft.server.log.queue.element-limit = 1024 (custom)
2019-08-29 08:33:40,177 [pool-71-thread-1] INFO  server.RaftServerConfigKeys (ConfUtils.java:logGet(43)) - raft.server.log.segment.size.max = 1048576 (custom)
2019-08-29 08:33:40,177 [pool-104-thread-1] INFO  server.RaftServerConfigKeys (ConfUtils.java:logGet(43)) - raft.server.log.segment.size.max = 1048576 (custom)
2019-08-29 08:33:40,177 [pool-71-thread-1] INFO  server.RaftServerConfigKeys (ConfUtils.java:logGet(43)) - raft.server.log.preallocated.size = 16384 (custom)
2019-08-29 08:33:40,177 [pool-104-thread-1] INFO  server.RaftServerConfigKeys (ConfUtils.java:logGet(43)) - raft.server.log.preallocated.size = 16384 (custom)
2019-08-29 08:33:40,178 [pool-71-thread-1] INFO  server.RaftServerConfigKeys (ConfUtils.java:logGet(43)) - raft.server.log.write.buffer.size = 33554432 (custom)
2019-08-29 08:33:40,178 | INFO  | SCMAudit | user=jenkins1000 | ip=192.168.69.89 | op=SEND_HEARTBEAT {datanodeUUID=bcbb4469-e902-4083-b3d9-1bab9ea4cd29, command=[]} | ret=SUCCESS |  
2019-08-29 08:33:40,178 [pool-104-thread-1] INFO  server.RaftServerConfigKeys (ConfUtils.java:logGet(43)) - raft.server.log.write.buffer.size = 33554432 (custom)
2019-08-29 08:33:40,178 [pool-71-thread-1] INFO  server.RaftServerConfigKeys (ConfUtils.java:logGet(43)) - raft.server.log.force.sync.num = 128 (default)
2019-08-29 08:33:40,178 [pool-104-thread-1] INFO  server.RaftServerConfigKeys (ConfUtils.java:logGet(43)) - raft.server.log.force.sync.num = 128 (default)
2019-08-29 08:33:40,178 [pool-71-thread-1] INFO  server.RaftServerConfigKeys (ConfUtils.java:logGet(43)) - raft.server.log.statemachine.data.sync = true (default)
2019-08-29 08:33:40,178 [pool-104-thread-1] INFO  server.RaftServerConfigKeys (ConfUtils.java:logGet(43)) - raft.server.log.statemachine.data.sync = true (default)
2019-08-29 08:33:40,178 [pool-71-thread-1] INFO  server.RaftServerConfigKeys (ConfUtils.java:logGet(43)) - raft.server.log.statemachine.data.sync.timeout = 10s (default)
2019-08-29 08:33:40,179 [pool-104-thread-1] INFO  server.RaftServerConfigKeys (ConfUtils.java:logGet(43)) - raft.server.log.statemachine.data.sync.timeout = 10s (default)
2019-08-29 08:33:40,179 [pool-71-thread-1] INFO  server.RaftServerConfigKeys (ConfUtils.java:logGet(43)) - raft.server.log.statemachine.data.sync.timeout.retry = -1 (default)
2019-08-29 08:33:40,179 [pool-104-thread-1] INFO  server.RaftServerConfigKeys (ConfUtils.java:logGet(43)) - raft.server.log.statemachine.data.sync.timeout.retry = -1 (default)
2019-08-29 08:33:40,179 [pool-71-thread-1] INFO  server.RaftServerConfigKeys (ConfUtils.java:logGet(43)) - raft.server.log.statemachine.data.caching.enabled = true (custom)
2019-08-29 08:33:40,179 [pool-104-thread-1] INFO  server.RaftServerConfigKeys (ConfUtils.java:logGet(43)) - raft.server.log.statemachine.data.caching.enabled = true (custom)
2019-08-29 08:33:40,179 [pool-104-thread-1] INFO  segmented.SegmentedRaftLogWorker (SegmentedRaftLogWorker.java:lambda$new$0(132)) - fe546585-3c52-42ae-8754-1a35dad17d3f-SegmentedRaftLogWorker:Storage Directory /workdir/hadoop-ozone/integration-test/target/test-dir/MiniOzoneClusterImpl-839c4a83-1072-4184-a39a-41aa01fb846d/datanode-7/data/ratis/9e321d5a-d5d8-48c0-844c-4f259f9e67cd: flushIndex: setUnconditionally 0 -> -1
2019-08-29 08:33:40,179 [pool-71-thread-1] INFO  segmented.SegmentedRaftLogWorker (SegmentedRaftLogWorker.java:lambda$new$0(132)) - 802c6c9d-4843-417e-8983-b6e40533cc1c-SegmentedRaftLogWorker:Storage Directory /workdir/hadoop-ozone/integration-test/target/test-dir/MiniOzoneClusterImpl-839c4a83-1072-4184-a39a-41aa01fb846d/datanode-4/data/ratis/9e321d5a-d5d8-48c0-844c-4f259f9e67cd: flushIndex: setUnconditionally 0 -> -1
2019-08-29 08:33:40,180 [pool-104-thread-1] INFO  server.RaftServerConfigKeys (ConfUtils.java:logGet(43)) - raft.server.snapshot.auto.trigger.enabled = true (custom)
2019-08-29 08:33:40,180 [pool-71-thread-1] INFO  server.RaftServerConfigKeys (ConfUtils.java:logGet(43)) - raft.server.snapshot.auto.trigger.enabled = true (custom)
2019-08-29 08:33:40,180 [pool-104-thread-1] INFO  server.RaftServerConfigKeys (ConfUtils.java:logGet(43)) - raft.server.snapshot.auto.trigger.threshold = 10000 (custom)
2019-08-29 08:33:40,180 [pool-71-thread-1] INFO  server.RaftServerConfigKeys (ConfUtils.java:logGet(43)) - raft.server.snapshot.auto.trigger.threshold = 10000 (custom)
2019-08-29 08:33:40,180 [pool-104-thread-1] INFO  server.RaftServerConfigKeys (ConfUtils.java:logGet(43)) - raft.server.retrycache.expirytime = 600000ms (custom)
2019-08-29 08:33:40,180 [pool-71-thread-1] INFO  server.RaftServerConfigKeys (ConfUtils.java:logGet(43)) - raft.server.retrycache.expirytime = 600000ms (custom)
2019-08-29 08:33:40,180 [pool-104-thread-1] INFO  impl.RaftServerImpl (RaftServerImpl.java:start(180)) - fe546585-3c52-42ae-8754-1a35dad17d3f: start group-4F259F9E67CD
2019-08-29 08:33:40,180 [pool-71-thread-1] INFO  impl.RaftServerImpl (RaftServerImpl.java:start(180)) - 802c6c9d-4843-417e-8983-b6e40533cc1c: start group-4F259F9E67CD
2019-08-29 08:33:40,180 [pool-104-thread-1] INFO  impl.RaftServerImpl (RaftServerImpl.java:setRole(171)) - fe546585-3c52-42ae-8754-1a35dad17d3f:group-4F259F9E67CD changes role from null to FOLLOWER at term 0 for startAsFollower
2019-08-29 08:33:40,180 [pool-71-thread-1] INFO  impl.RaftServerImpl (RaftServerImpl.java:setRole(171)) - 802c6c9d-4843-417e-8983-b6e40533cc1c:group-4F259F9E67CD changes role from null to FOLLOWER at term 0 for startAsFollower
2019-08-29 08:33:40,181 [pool-104-thread-1] INFO  impl.RoleInfo (RoleInfo.java:updateAndGet(143)) - fe546585-3c52-42ae-8754-1a35dad17d3f: start FollowerState
2019-08-29 08:33:40,181 [pool-71-thread-1] INFO  impl.RoleInfo (RoleInfo.java:updateAndGet(143)) - 802c6c9d-4843-417e-8983-b6e40533cc1c: start FollowerState
2019-08-29 08:33:40,181 [pool-104-thread-1] INFO  util.JmxRegister (JmxRegister.java:tryRegister(44)) - Successfully registered JMX Bean with object name Ratis:service=RaftServer,group=group-4F259F9E67CD,id=fe546585-3c52-42ae-8754-1a35dad17d3f
2019-08-29 08:33:40,181 [pool-71-thread-1] INFO  util.JmxRegister (JmxRegister.java:tryRegister(44)) - Successfully registered JMX Bean with object name Ratis:service=RaftServer,group=group-4F259F9E67CD,id=802c6c9d-4843-417e-8983-b6e40533cc1c
2019-08-29 08:33:40,219 [pool-115-thread-1] INFO  storage.RaftStorage (RaftStorage.java:format(72)) - Storage directory /workdir/hadoop-ozone/integration-test/target/test-dir/MiniOzoneClusterImpl-839c4a83-1072-4184-a39a-41aa01fb846d/datanode-8/data/ratis/9e321d5a-d5d8-48c0-844c-4f259f9e67cd has been successfully formatted.
2019-08-29 08:33:40,219 [pool-115-thread-1] INFO  ratis.ContainerStateMachine (ContainerStateMachine.java:loadSnapshot(226)) - group-4F259F9E67CD: The snapshot info is null. Setting the last applied indexto:(t:0, i:~)
2019-08-29 08:33:40,219 [pool-115-thread-1] INFO  server.RaftServerConfigKeys (ConfUtils.java:logGet(43)) - raft.server.leader.election.timeout = 120s (custom)
2019-08-29 08:33:40,219 [pool-115-thread-1] INFO  server.RaftServerConfigKeys (ConfUtils.java:logGet(43)) - raft.server.log.use.memory = false (default)
2019-08-29 08:33:40,220 [pool-115-thread-1] INFO  server.RaftServerConfigKeys (ConfUtils.java:logGet(43)) - raft.server.log.purge.gap = 1000000 (custom)
2019-08-29 08:33:40,220 [pool-115-thread-1] INFO  server.RaftServerConfigKeys (ConfUtils.java:logGet(43)) - raft.server.log.appender.buffer.byte-limit = 33554432 (custom)
2019-08-29 08:33:40,220 [pool-115-thread-1] INFO  server.RaftServerConfigKeys (ConfUtils.java:logGet(43)) - raft.server.log.segment.size.max = 1048576 (custom)
2019-08-29 08:33:40,220 [pool-115-thread-1] INFO  server.RaftServerConfigKeys (ConfUtils.java:logGet(43)) - raft.server.log.segment.cache.num.max = 2 (custom)
2019-08-29 08:33:40,220 [pool-115-thread-1] INFO  segmented.SegmentedRaftLogWorker (SegmentedRaftLogWorker.java:<init>(172)) - new 129685ee-8122-4333-8930-3eeb8cf836af-SegmentedRaftLogWorker:Storage Directory /workdir/hadoop-ozone/integration-test/target/test-dir/MiniOzoneClusterImpl-839c4a83-1072-4184-a39a-41aa01fb846d/datanode-8/data/ratis/9e321d5a-d5d8-48c0-844c-4f259f9e67cd for RaftStorage:Storage Directory /workdir/hadoop-ozone/integration-test/target/test-dir/MiniOzoneClusterImpl-839c4a83-1072-4184-a39a-41aa01fb846d/datanode-8/data/ratis/9e321d5a-d5d8-48c0-844c-4f259f9e67cd
2019-08-29 08:33:40,220 [pool-115-thread-1] INFO  server.RaftServerConfigKeys (ConfUtils.java:logGet(43)) - raft.server.log.queue.byte-limit = 2147483647 (custom)
2019-08-29 08:33:40,220 [pool-115-thread-1] INFO  server.RaftServerConfigKeys (ConfUtils.java:logGet(43)) - raft.server.log.queue.element-limit = 1024 (custom)
2019-08-29 08:33:40,221 [pool-115-thread-1] INFO  server.RaftServerConfigKeys (ConfUtils.java:logGet(43)) - raft.server.log.segment.size.max = 1048576 (custom)
2019-08-29 08:33:40,221 [pool-115-thread-1] INFO  server.RaftServerConfigKeys (ConfUtils.java:logGet(43)) - raft.server.log.preallocated.size = 16384 (custom)
2019-08-29 08:33:40,221 [pool-115-thread-1] INFO  server.RaftServerConfigKeys (ConfUtils.java:logGet(43)) - raft.server.log.write.buffer.size = 33554432 (custom)
2019-08-29 08:33:40,221 [pool-115-thread-1] INFO  server.RaftServerConfigKeys (ConfUtils.java:logGet(43)) - raft.server.log.force.sync.num = 128 (default)
2019-08-29 08:33:40,221 [pool-115-thread-1] INFO  server.RaftServerConfigKeys (ConfUtils.java:logGet(43)) - raft.server.log.statemachine.data.sync = true (default)
2019-08-29 08:33:40,221 [pool-115-thread-1] INFO  server.RaftServerConfigKeys (ConfUtils.java:logGet(43)) - raft.server.log.statemachine.data.sync.timeout = 10s (default)
2019-08-29 08:33:40,222 [pool-115-thread-1] INFO  server.RaftServerConfigKeys (ConfUtils.java:logGet(43)) - raft.server.log.statemachine.data.sync.timeout.retry = -1 (default)
2019-08-29 08:33:40,222 [pool-115-thread-1] INFO  server.RaftServerConfigKeys (ConfUtils.java:logGet(43)) - raft.server.log.statemachine.data.caching.enabled = true (custom)
2019-08-29 08:33:40,232 [pool-115-thread-1] INFO  segmented.SegmentedRaftLogWorker (SegmentedRaftLogWorker.java:lambda$new$0(132)) - 129685ee-8122-4333-8930-3eeb8cf836af-SegmentedRaftLogWorker:Storage Directory /workdir/hadoop-ozone/integration-test/target/test-dir/MiniOzoneClusterImpl-839c4a83-1072-4184-a39a-41aa01fb846d/datanode-8/data/ratis/9e321d5a-d5d8-48c0-844c-4f259f9e67cd: flushIndex: setUnconditionally 0 -> -1
2019-08-29 08:33:40,232 [pool-115-thread-1] INFO  server.RaftServerConfigKeys (ConfUtils.java:logGet(43)) - raft.server.snapshot.auto.trigger.enabled = true (custom)
2019-08-29 08:33:40,232 [pool-115-thread-1] INFO  server.RaftServerConfigKeys (ConfUtils.java:logGet(43)) - raft.server.snapshot.auto.trigger.threshold = 10000 (custom)
2019-08-29 08:33:40,232 [pool-115-thread-1] INFO  server.RaftServerConfigKeys (ConfUtils.java:logGet(43)) - raft.server.retrycache.expirytime = 600000ms (custom)
2019-08-29 08:33:40,233 [pool-115-thread-1] INFO  impl.RaftServerImpl (RaftServerImpl.java:start(180)) - 129685ee-8122-4333-8930-3eeb8cf836af: start group-4F259F9E67CD
2019-08-29 08:33:40,233 [pool-115-thread-1] INFO  impl.RaftServerImpl (RaftServerImpl.java:setRole(171)) - 129685ee-8122-4333-8930-3eeb8cf836af:group-4F259F9E67CD changes role from null to FOLLOWER at term 0 for startAsFollower
2019-08-29 08:33:40,233 [pool-115-thread-1] INFO  impl.RoleInfo (RoleInfo.java:updateAndGet(143)) - 129685ee-8122-4333-8930-3eeb8cf836af: start FollowerState
2019-08-29 08:33:40,233 [pool-115-thread-1] INFO  util.JmxRegister (JmxRegister.java:tryRegister(44)) - Successfully registered JMX Bean with object name Ratis:service=RaftServer,group=group-4F259F9E67CD,id=129685ee-8122-4333-8930-3eeb8cf836af
2019-08-29 08:33:40,241 [RatisPipelineUtilsThread] INFO  pipeline.PipelineStateManager (PipelineStateManager.java:addPipeline(56)) - Created pipeline Pipeline[ Id: 9e321d5a-d5d8-48c0-844c-4f259f9e67cd, Nodes: fe546585-3c52-42ae-8754-1a35dad17d3f{ip: 192.168.69.89, host: pr-hdds-1569-7rqkn-550228749, networkLocation: /default-rack, certSerialId: null}802c6c9d-4843-417e-8983-b6e40533cc1c{ip: 192.168.69.89, host: pr-hdds-1569-7rqkn-550228749, networkLocation: /default-rack, certSerialId: null}129685ee-8122-4333-8930-3eeb8cf836af{ip: 192.168.69.89, host: pr-hdds-1569-7rqkn-550228749, networkLocation: /default-rack, certSerialId: null}, Type:RATIS, Factor:THREE, State:OPEN]
2019-08-29 08:33:40,260 [grpc-default-executor-2] INFO  impl.RaftServerProxy (RaftServerProxy.java:addNew(89)) - 4da055f9-cd9d-4c6f-9ab8-147a42717fcf: addNew group-4C1082AB210C:[4da055f9-cd9d-4c6f-9ab8-147a42717fcf:192.168.69.89:41539, 02bf3283-c6bf-4588-a57c-baa459038378:192.168.69.89:46486, f0c18ce4-0e5b-4823-99c8-fd716531bc5f:192.168.69.89:36167] returns group-4C1082AB210C:java.util.concurrent.CompletableFuture@42fa1114[Not completed]
2019-08-29 08:33:40,263 [grpc-default-executor-3] INFO  impl.RaftServerProxy (RaftServerProxy.java:addNew(89)) - f0c18ce4-0e5b-4823-99c8-fd716531bc5f: addNew group-4C1082AB210C:[4da055f9-cd9d-4c6f-9ab8-147a42717fcf:192.168.69.89:41539, 02bf3283-c6bf-4588-a57c-baa459038378:192.168.69.89:46486, f0c18ce4-0e5b-4823-99c8-fd716531bc5f:192.168.69.89:36167] returns group-4C1082AB210C:java.util.concurrent.CompletableFuture@159bec6a[Not completed]
2019-08-29 08:33:40,268 [pool-27-thread-1] INFO  impl.RaftServerImpl (RaftServerImpl.java:<init>(93)) - 4da055f9-cd9d-4c6f-9ab8-147a42717fcf: new RaftServerImpl for group-4C1082AB210C:[4da055f9-cd9d-4c6f-9ab8-147a42717fcf:192.168.69.89:41539, 02bf3283-c6bf-4588-a57c-baa459038378:192.168.69.89:46486, f0c18ce4-0e5b-4823-99c8-fd716531bc5f:192.168.69.89:36167] with ContainerStateMachine:uninitialized
2019-08-29 08:33:40,268 [pool-27-thread-1] INFO  server.RaftServerConfigKeys (ConfUtils.java:logGet(43)) - raft.server.rpc.timeout.min = 1s (custom)
2019-08-29 08:33:40,268 [pool-27-thread-1] INFO  server.RaftServerConfigKeys (ConfUtils.java:logGet(43)) - raft.server.rpc.timeout.max = 1200ms (custom)
2019-08-29 08:33:40,268 [pool-27-thread-1] INFO  server.RaftServerConfigKeys (ConfUtils.java:logGet(43)) - raft.server.rpcslowness.timeout = 120s (custom)
2019-08-29 08:33:40,268 [pool-27-thread-1] INFO  server.RaftServerConfigKeys (ConfUtils.java:logGet(43)) - raft.server.sleep.deviation.threshold = 300 (default)
2019-08-29 08:33:40,268 [pool-27-thread-1] INFO  server.RaftServerConfigKeys (ConfUtils.java:logGet(43)) - raft.server.log.appender.install.snapshot.enabled = false (custom)
2019-08-29 08:33:40,268 [pool-27-thread-1] INFO  impl.RaftServerImpl (ServerState.java:<init>(105)) - 4da055f9-cd9d-4c6f-9ab8-147a42717fcf:group-4C1082AB210C ConfigurationManager, init=-1: [4da055f9-cd9d-4c6f-9ab8-147a42717fcf:192.168.69.89:41539, 02bf3283-c6bf-4588-a57c-baa459038378:192.168.69.89:46486, f0c18ce4-0e5b-4823-99c8-fd716531bc5f:192.168.69.89:36167], old=null, confs=<EMPTY_MAP>
2019-08-29 08:33:40,268 [grpc-default-executor-3] INFO  impl.RaftServerProxy (RaftServerProxy.java:addNew(89)) - 02bf3283-c6bf-4588-a57c-baa459038378: addNew group-4C1082AB210C:[4da055f9-cd9d-4c6f-9ab8-147a42717fcf:192.168.69.89:41539, 02bf3283-c6bf-4588-a57c-baa459038378:192.168.69.89:46486, f0c18ce4-0e5b-4823-99c8-fd716531bc5f:192.168.69.89:36167] returns group-4C1082AB210C:java.util.concurrent.CompletableFuture@52273053[Not completed]
2019-08-29 08:33:40,268 [pool-27-thread-1] INFO  server.RaftServerConfigKeys (ConfUtils.java:logGet(43)) - raft.server.storage.dir = [/workdir/hadoop-ozone/integration-test/target/test-dir/MiniOzoneClusterImpl-839c4a83-1072-4184-a39a-41aa01fb846d/datanode-0/data/ratis] (custom)
2019-08-29 08:33:40,269 [pool-126-thread-1] INFO  impl.RaftServerImpl (RaftServerImpl.java:<init>(93)) - f0c18ce4-0e5b-4823-99c8-fd716531bc5f: new RaftServerImpl for group-4C1082AB210C:[4da055f9-cd9d-4c6f-9ab8-147a42717fcf:192.168.69.89:41539, 02bf3283-c6bf-4588-a57c-baa459038378:192.168.69.89:46486, f0c18ce4-0e5b-4823-99c8-fd716531bc5f:192.168.69.89:36167] with ContainerStateMachine:uninitialized
2019-08-29 08:33:40,269 [pool-27-thread-1] INFO  storage.RaftStorageDirectory (RaftStorageDirectory.java:analyzeStorage(246)) - The storage directory /workdir/hadoop-ozone/integration-test/target/test-dir/MiniOzoneClusterImpl-839c4a83-1072-4184-a39a-41aa01fb846d/datanode-0/data/ratis/a6019285-0027-46c6-9b76-4c1082ab210c does not exist. Creating ...
2019-08-29 08:33:40,269 [pool-126-thread-1] INFO  server.RaftServerConfigKeys (ConfUtils.java:logGet(43)) - raft.server.rpc.timeout.min = 1s (custom)
2019-08-29 08:33:40,269 [pool-126-thread-1] INFO  server.RaftServerConfigKeys (ConfUtils.java:logGet(43)) - raft.server.rpc.timeout.max = 1200ms (custom)
2019-08-29 08:33:40,269 [pool-126-thread-1] INFO  server.RaftServerConfigKeys (ConfUtils.java:logGet(43)) - raft.server.rpcslowness.timeout = 120s (custom)
2019-08-29 08:33:40,269 [pool-60-thread-1] INFO  impl.RaftServerImpl (RaftServerImpl.java:<init>(93)) - 02bf3283-c6bf-4588-a57c-baa459038378: new RaftServerImpl for group-4C1082AB210C:[4da055f9-cd9d-4c6f-9ab8-147a42717fcf:192.168.69.89:41539, 02bf3283-c6bf-4588-a57c-baa459038378:192.168.69.89:46486, f0c18ce4-0e5b-4823-99c8-fd716531bc5f:192.168.69.89:36167] with ContainerStateMachine:uninitialized
2019-08-29 08:33:40,269 [pool-126-thread-1] INFO  server.RaftServerConfigKeys (ConfUtils.java:logGet(43)) - raft.server.sleep.deviation.threshold = 300 (default)
2019-08-29 08:33:40,269 [pool-60-thread-1] INFO  server.RaftServerConfigKeys (ConfUtils.java:logGet(43)) - raft.server.rpc.timeout.min = 1s (custom)
2019-08-29 08:33:40,270 [pool-126-thread-1] INFO  server.RaftServerConfigKeys (ConfUtils.java:logGet(43)) - raft.server.log.appender.install.snapshot.enabled = false (custom)
2019-08-29 08:33:40,270 [pool-60-thread-1] INFO  server.RaftServerConfigKeys (ConfUtils.java:logGet(43)) - raft.server.rpc.timeout.max = 1200ms (custom)
2019-08-29 08:33:40,270 [pool-126-thread-1] INFO  impl.RaftServerImpl (ServerState.java:<init>(105)) - f0c18ce4-0e5b-4823-99c8-fd716531bc5f:group-4C1082AB210C ConfigurationManager, init=-1: [4da055f9-cd9d-4c6f-9ab8-147a42717fcf:192.168.69.89:41539, 02bf3283-c6bf-4588-a57c-baa459038378:192.168.69.89:46486, f0c18ce4-0e5b-4823-99c8-fd716531bc5f:192.168.69.89:36167], old=null, confs=<EMPTY_MAP>
2019-08-29 08:33:40,270 [pool-60-thread-1] INFO  server.RaftServerConfigKeys (ConfUtils.java:logGet(43)) - raft.server.rpcslowness.timeout = 120s (custom)
2019-08-29 08:33:40,270 [pool-126-thread-1] INFO  server.RaftServerConfigKeys (ConfUtils.java:logGet(43)) - raft.server.storage.dir = [/workdir/hadoop-ozone/integration-test/target/test-dir/MiniOzoneClusterImpl-839c4a83-1072-4184-a39a-41aa01fb846d/datanode-9/data/ratis] (custom)
2019-08-29 08:33:40,270 [pool-60-thread-1] INFO  server.RaftServerConfigKeys (ConfUtils.java:logGet(43)) - raft.server.sleep.deviation.threshold = 300 (default)
2019-08-29 08:33:40,270 [pool-60-thread-1] INFO  server.RaftServerConfigKeys (ConfUtils.java:logGet(43)) - raft.server.log.appender.install.snapshot.enabled = false (custom)
2019-08-29 08:33:40,270 [pool-60-thread-1] INFO  impl.RaftServerImpl (ServerState.java:<init>(105)) - 02bf3283-c6bf-4588-a57c-baa459038378:group-4C1082AB210C ConfigurationManager, init=-1: [4da055f9-cd9d-4c6f-9ab8-147a42717fcf:192.168.69.89:41539, 02bf3283-c6bf-4588-a57c-baa459038378:192.168.69.89:46486, f0c18ce4-0e5b-4823-99c8-fd716531bc5f:192.168.69.89:36167], old=null, confs=<EMPTY_MAP>
2019-08-29 08:33:40,270 [pool-126-thread-1] INFO  storage.RaftStorageDirectory (RaftStorageDirectory.java:analyzeStorage(246)) - The storage directory /workdir/hadoop-ozone/integration-test/target/test-dir/MiniOzoneClusterImpl-839c4a83-1072-4184-a39a-41aa01fb846d/datanode-9/data/ratis/a6019285-0027-46c6-9b76-4c1082ab210c does not exist. Creating ...
2019-08-29 08:33:40,270 [pool-60-thread-1] INFO  server.RaftServerConfigKeys (ConfUtils.java:logGet(43)) - raft.server.storage.dir = [/workdir/hadoop-ozone/integration-test/target/test-dir/MiniOzoneClusterImpl-839c4a83-1072-4184-a39a-41aa01fb846d/datanode-3/data/ratis] (custom)
2019-08-29 08:33:40,271 [pool-60-thread-1] INFO  storage.RaftStorageDirectory (RaftStorageDirectory.java:analyzeStorage(246)) - The storage directory /workdir/hadoop-ozone/integration-test/target/test-dir/MiniOzoneClusterImpl-839c4a83-1072-4184-a39a-41aa01fb846d/datanode-3/data/ratis/a6019285-0027-46c6-9b76-4c1082ab210c does not exist. Creating ...
2019-08-29 08:33:40,301 [pool-60-thread-1] INFO  storage.RaftStorageDirectory (RaftStorageDirectory.java:tryLock(328)) - Lock on /workdir/hadoop-ozone/integration-test/target/test-dir/MiniOzoneClusterImpl-839c4a83-1072-4184-a39a-41aa01fb846d/datanode-3/data/ratis/a6019285-0027-46c6-9b76-4c1082ab210c/in_use.lock acquired by nodename 9793@pr-hdds-1569-7rqkn-550228749
2019-08-29 08:33:40,301 [pool-27-thread-1] INFO  storage.RaftStorageDirectory (RaftStorageDirectory.java:tryLock(328)) - Lock on /workdir/hadoop-ozone/integration-test/target/test-dir/MiniOzoneClusterImpl-839c4a83-1072-4184-a39a-41aa01fb846d/datanode-0/data/ratis/a6019285-0027-46c6-9b76-4c1082ab210c/in_use.lock acquired by nodename 9793@pr-hdds-1569-7rqkn-550228749
2019-08-29 08:33:40,301 [pool-126-thread-1] INFO  storage.RaftStorageDirectory (RaftStorageDirectory.java:tryLock(328)) - Lock on /workdir/hadoop-ozone/integration-test/target/test-dir/MiniOzoneClusterImpl-839c4a83-1072-4184-a39a-41aa01fb846d/datanode-9/data/ratis/a6019285-0027-46c6-9b76-4c1082ab210c/in_use.lock acquired by nodename 9793@pr-hdds-1569-7rqkn-550228749
2019-08-29 08:33:40,331 [pool-60-thread-1] INFO  storage.RaftStorage (RaftStorage.java:format(72)) - Storage directory /workdir/hadoop-ozone/integration-test/target/test-dir/MiniOzoneClusterImpl-839c4a83-1072-4184-a39a-41aa01fb846d/datanode-3/data/ratis/a6019285-0027-46c6-9b76-4c1082ab210c has been successfully formatted.
2019-08-29 08:33:40,331 [pool-126-thread-1] INFO  storage.RaftStorage (RaftStorage.java:format(72)) - Storage directory /workdir/hadoop-ozone/integration-test/target/test-dir/MiniOzoneClusterImpl-839c4a83-1072-4184-a39a-41aa01fb846d/datanode-9/data/ratis/a6019285-0027-46c6-9b76-4c1082ab210c has been successfully formatted.
2019-08-29 08:33:40,331 [pool-27-thread-1] INFO  storage.RaftStorage (RaftStorage.java:format(72)) - Storage directory /workdir/hadoop-ozone/integration-test/target/test-dir/MiniOzoneClusterImpl-839c4a83-1072-4184-a39a-41aa01fb846d/datanode-0/data/ratis/a6019285-0027-46c6-9b76-4c1082ab210c has been successfully formatted.
2019-08-29 08:33:40,332 [pool-126-thread-1] INFO  ratis.ContainerStateMachine (ContainerStateMachine.java:loadSnapshot(226)) - group-4C1082AB210C: The snapshot info is null. Setting the last applied indexto:(t:0, i:~)
2019-08-29 08:33:40,332 [pool-60-thread-1] INFO  ratis.ContainerStateMachine (ContainerStateMachine.java:loadSnapshot(226)) - group-4C1082AB210C: The snapshot info is null. Setting the last applied indexto:(t:0, i:~)
2019-08-29 08:33:40,332 [pool-126-thread-1] INFO  server.RaftServerConfigKeys (ConfUtils.java:logGet(43)) - raft.server.leader.election.timeout = 120s (custom)
2019-08-29 08:33:40,332 [pool-27-thread-1] INFO  ratis.ContainerStateMachine (ContainerStateMachine.java:loadSnapshot(226)) - group-4C1082AB210C: The snapshot info is null. Setting the last applied indexto:(t:0, i:~)
2019-08-29 08:33:40,332 [pool-126-thread-1] INFO  server.RaftServerConfigKeys (ConfUtils.java:logGet(43)) - raft.server.log.use.memory = false (default)
2019-08-29 08:33:40,332 [pool-60-thread-1] INFO  server.RaftServerConfigKeys (ConfUtils.java:logGet(43)) - raft.server.leader.election.timeout = 120s (custom)
2019-08-29 08:33:40,333 [pool-126-thread-1] INFO  server.RaftServerConfigKeys (ConfUtils.java:logGet(43)) - raft.server.log.purge.gap = 1000000 (custom)
2019-08-29 08:33:40,333 [pool-27-thread-1] INFO  server.RaftServerConfigKeys (ConfUtils.java:logGet(43)) - raft.server.leader.election.timeout = 120s (custom)
2019-08-29 08:33:40,333 [pool-126-thread-1] INFO  server.RaftServerConfigKeys (ConfUtils.java:logGet(43)) - raft.server.log.appender.buffer.byte-limit = 33554432 (custom)
2019-08-29 08:33:40,333 [pool-60-thread-1] INFO  server.RaftServerConfigKeys (ConfUtils.java:logGet(43)) - raft.server.log.use.memory = false (default)
2019-08-29 08:33:40,333 [pool-126-thread-1] INFO  server.RaftServerConfigKeys (ConfUtils.java:logGet(43)) - raft.server.log.segment.size.max = 1048576 (custom)
2019-08-29 08:33:40,333 [pool-27-thread-1] INFO  server.RaftServerConfigKeys (ConfUtils.java:logGet(43)) - raft.server.log.use.memory = false (default)
2019-08-29 08:33:40,334 [pool-126-thread-1] INFO  server.RaftServerConfigKeys (ConfUtils.java:logGet(43)) - raft.server.log.segment.cache.num.max = 2 (custom)
2019-08-29 08:33:40,334 [pool-126-thread-1] INFO  segmented.SegmentedRaftLogWorker (SegmentedRaftLogWorker.java:<init>(172)) - new f0c18ce4-0e5b-4823-99c8-fd716531bc5f-SegmentedRaftLogWorker:Storage Directory /workdir/hadoop-ozone/integration-test/target/test-dir/MiniOzoneClusterImpl-839c4a83-1072-4184-a39a-41aa01fb846d/datanode-9/data/ratis/a6019285-0027-46c6-9b76-4c1082ab210c for RaftStorage:Storage Directory /workdir/hadoop-ozone/integration-test/target/test-dir/MiniOzoneClusterImpl-839c4a83-1072-4184-a39a-41aa01fb846d/datanode-9/data/ratis/a6019285-0027-46c6-9b76-4c1082ab210c
2019-08-29 08:33:40,334 [pool-126-thread-1] INFO  server.RaftServerConfigKeys (ConfUtils.java:logGet(43)) - raft.server.log.queue.byte-limit = 2147483647 (custom)
2019-08-29 08:33:40,334 [pool-126-thread-1] INFO  server.RaftServerConfigKeys (ConfUtils.java:logGet(43)) - raft.server.log.queue.element-limit = 1024 (custom)
2019-08-29 08:33:40,335 [pool-126-thread-1] INFO  server.RaftServerConfigKeys (ConfUtils.java:logGet(43)) - raft.server.log.segment.size.max = 1048576 (custom)
2019-08-29 08:33:40,335 [pool-126-thread-1] INFO  server.RaftServerConfigKeys (ConfUtils.java:logGet(43)) - raft.server.log.preallocated.size = 16384 (custom)
2019-08-29 08:33:40,335 [pool-126-thread-1] INFO  server.RaftServerConfigKeys (ConfUtils.java:logGet(43)) - raft.server.log.write.buffer.size = 33554432 (custom)
2019-08-29 08:33:40,333 [pool-60-thread-1] INFO  server.RaftServerConfigKeys (ConfUtils.java:logGet(43)) - raft.server.log.purge.gap = 1000000 (custom)
2019-08-29 08:33:40,335 [pool-126-thread-1] INFO  server.RaftServerConfigKeys (ConfUtils.java:logGet(43)) - raft.server.log.force.sync.num = 128 (default)
2019-08-29 08:33:40,334 [pool-27-thread-1] INFO  server.RaftServerConfigKeys (ConfUtils.java:logGet(43)) - raft.server.log.purge.gap = 1000000 (custom)
2019-08-29 08:33:40,347 [pool-126-thread-1] INFO  server.RaftServerConfigKeys (ConfUtils.java:logGet(43)) - raft.server.log.statemachine.data.sync = true (default)
2019-08-29 08:33:40,347 [pool-60-thread-1] INFO  server.RaftServerConfigKeys (ConfUtils.java:logGet(43)) - raft.server.log.appender.buffer.byte-limit = 33554432 (custom)
2019-08-29 08:33:40,348 [pool-126-thread-1] INFO  server.RaftServerConfigKeys (ConfUtils.java:logGet(43)) - raft.server.log.statemachine.data.sync.timeout = 10s (default)
2019-08-29 08:33:40,347 [pool-27-thread-1] INFO  server.RaftServerConfigKeys (ConfUtils.java:logGet(43)) - raft.server.log.appender.buffer.byte-limit = 33554432 (custom)
2019-08-29 08:33:40,348 [pool-126-thread-1] INFO  server.RaftServerConfigKeys (ConfUtils.java:logGet(43)) - raft.server.log.statemachine.data.sync.timeout.retry = -1 (default)
2019-08-29 08:33:40,348 [pool-60-thread-1] INFO  server.RaftServerConfigKeys (ConfUtils.java:logGet(43)) - raft.server.log.segment.size.max = 1048576 (custom)
2019-08-29 08:33:40,348 [pool-126-thread-1] INFO  server.RaftServerConfigKeys (ConfUtils.java:logGet(43)) - raft.server.log.statemachine.data.caching.enabled = true (custom)
2019-08-29 08:33:40,348 [pool-27-thread-1] INFO  server.RaftServerConfigKeys (ConfUtils.java:logGet(43)) - raft.server.log.segment.size.max = 1048576 (custom)
2019-08-29 08:33:40,348 [pool-60-thread-1] INFO  server.RaftServerConfigKeys (ConfUtils.java:logGet(43)) - raft.server.log.segment.cache.num.max = 2 (custom)
2019-08-29 08:33:40,348 [pool-126-thread-1] INFO  segmented.SegmentedRaftLogWorker (SegmentedRaftLogWorker.java:lambda$new$0(132)) - f0c18ce4-0e5b-4823-99c8-fd716531bc5f-SegmentedRaftLogWorker:Storage Directory /workdir/hadoop-ozone/integration-test/target/test-dir/MiniOzoneClusterImpl-839c4a83-1072-4184-a39a-41aa01fb846d/datanode-9/data/ratis/a6019285-0027-46c6-9b76-4c1082ab210c: flushIndex: setUnconditionally 0 -> -1
2019-08-29 08:33:40,348 [pool-27-thread-1] INFO  server.RaftServerConfigKeys (ConfUtils.java:logGet(43)) - raft.server.log.segment.cache.num.max = 2 (custom)
2019-08-29 08:33:40,349 [pool-60-thread-1] INFO  segmented.SegmentedRaftLogWorker (SegmentedRaftLogWorker.java:<init>(172)) - new 02bf3283-c6bf-4588-a57c-baa459038378-SegmentedRaftLogWorker:Storage Directory /workdir/hadoop-ozone/integration-test/target/test-dir/MiniOzoneClusterImpl-839c4a83-1072-4184-a39a-41aa01fb846d/datanode-3/data/ratis/a6019285-0027-46c6-9b76-4c1082ab210c for RaftStorage:Storage Directory /workdir/hadoop-ozone/integration-test/target/test-dir/MiniOzoneClusterImpl-839c4a83-1072-4184-a39a-41aa01fb846d/datanode-3/data/ratis/a6019285-0027-46c6-9b76-4c1082ab210c
2019-08-29 08:33:40,349 [pool-27-thread-1] INFO  segmented.SegmentedRaftLogWorker (SegmentedRaftLogWorker.java:<init>(172)) - new 4da055f9-cd9d-4c6f-9ab8-147a42717fcf-SegmentedRaftLogWorker:Storage Directory /workdir/hadoop-ozone/integration-test/target/test-dir/MiniOzoneClusterImpl-839c4a83-1072-4184-a39a-41aa01fb846d/datanode-0/data/ratis/a6019285-0027-46c6-9b76-4c1082ab210c for RaftStorage:Storage Directory /workdir/hadoop-ozone/integration-test/target/test-dir/MiniOzoneClusterImpl-839c4a83-1072-4184-a39a-41aa01fb846d/datanode-0/data/ratis/a6019285-0027-46c6-9b76-4c1082ab210c
2019-08-29 08:33:40,349 [pool-126-thread-1] INFO  server.RaftServerConfigKeys (ConfUtils.java:logGet(43)) - raft.server.snapshot.auto.trigger.enabled = true (custom)
2019-08-29 08:33:40,349 [pool-27-thread-1] INFO  server.RaftServerConfigKeys (ConfUtils.java:logGet(43)) - raft.server.log.queue.byte-limit = 2147483647 (custom)
2019-08-29 08:33:40,349 [pool-60-thread-1] INFO  server.RaftServerConfigKeys (ConfUtils.java:logGet(43)) - raft.server.log.queue.byte-limit = 2147483647 (custom)
2019-08-29 08:33:40,353 [pool-27-thread-1] INFO  server.RaftServerConfigKeys (ConfUtils.java:logGet(43)) - raft.server.log.queue.element-limit = 1024 (custom)
2019-08-29 08:33:40,353 [pool-126-thread-1] INFO  server.RaftServerConfigKeys (ConfUtils.java:logGet(43)) - raft.server.snapshot.auto.trigger.threshold = 10000 (custom)
2019-08-29 08:33:40,354 [pool-27-thread-1] INFO  server.RaftServerConfigKeys (ConfUtils.java:logGet(43)) - raft.server.log.segment.size.max = 1048576 (custom)
2019-08-29 08:33:40,353 [pool-60-thread-1] INFO  server.RaftServerConfigKeys (ConfUtils.java:logGet(43)) - raft.server.log.queue.element-limit = 1024 (custom)
2019-08-29 08:33:40,354 [pool-27-thread-1] INFO  server.RaftServerConfigKeys (ConfUtils.java:logGet(43)) - raft.server.log.preallocated.size = 16384 (custom)
2019-08-29 08:33:40,354 [pool-126-thread-1] INFO  server.RaftServerConfigKeys (ConfUtils.java:logGet(43)) - raft.server.retrycache.expirytime = 600000ms (custom)
2019-08-29 08:33:40,354 [pool-27-thread-1] INFO  server.RaftServerConfigKeys (ConfUtils.java:logGet(43)) - raft.server.log.write.buffer.size = 33554432 (custom)
2019-08-29 08:33:40,354 [pool-126-thread-1] INFO  impl.RaftServerImpl (RaftServerImpl.java:start(180)) - f0c18ce4-0e5b-4823-99c8-fd716531bc5f: start group-4C1082AB210C
2019-08-29 08:33:40,354 [pool-60-thread-1] INFO  server.RaftServerConfigKeys (ConfUtils.java:logGet(43)) - raft.server.log.segment.size.max = 1048576 (custom)
2019-08-29 08:33:40,355 [pool-126-thread-1] INFO  impl.RaftServerImpl (RaftServerImpl.java:setRole(171)) - f0c18ce4-0e5b-4823-99c8-fd716531bc5f:group-4C1082AB210C changes role from null to FOLLOWER at term 0 for startAsFollower
2019-08-29 08:33:40,354 [pool-27-thread-1] INFO  server.RaftServerConfigKeys (ConfUtils.java:logGet(43)) - raft.server.log.force.sync.num = 128 (default)
2019-08-29 08:33:40,355 [pool-126-thread-1] INFO  impl.RoleInfo (RoleInfo.java:updateAndGet(143)) - f0c18ce4-0e5b-4823-99c8-fd716531bc5f: start FollowerState
2019-08-29 08:33:40,355 [pool-60-thread-1] INFO  server.RaftServerConfigKeys (ConfUtils.java:logGet(43)) - raft.server.log.preallocated.size = 16384 (custom)
2019-08-29 08:33:40,355 [pool-27-thread-1] INFO  server.RaftServerConfigKeys (ConfUtils.java:logGet(43)) - raft.server.log.statemachine.data.sync = true (default)
2019-08-29 08:33:40,355 [pool-60-thread-1] INFO  server.RaftServerConfigKeys (ConfUtils.java:logGet(43)) - raft.server.log.write.buffer.size = 33554432 (custom)
2019-08-29 08:33:40,355 [pool-27-thread-1] INFO  server.RaftServerConfigKeys (ConfUtils.java:logGet(43)) - raft.server.log.statemachine.data.sync.timeout = 10s (default)
2019-08-29 08:33:40,355 [pool-126-thread-1] INFO  util.JmxRegister (JmxRegister.java:tryRegister(44)) - Successfully registered JMX Bean with object name Ratis:service=RaftServer,group=group-4C1082AB210C,id=f0c18ce4-0e5b-4823-99c8-fd716531bc5f
2019-08-29 08:33:40,355 [pool-60-thread-1] INFO  server.RaftServerConfigKeys (ConfUtils.java:logGet(43)) - raft.server.log.force.sync.num = 128 (default)
2019-08-29 08:33:40,356 [pool-27-thread-1] INFO  server.RaftServerConfigKeys (ConfUtils.java:logGet(43)) - raft.server.log.statemachine.data.sync.timeout.retry = -1 (default)
2019-08-29 08:33:40,356 [pool-60-thread-1] INFO  server.RaftServerConfigKeys (ConfUtils.java:logGet(43)) - raft.server.log.statemachine.data.sync = true (default)
2019-08-29 08:33:40,356 [pool-27-thread-1] INFO  server.RaftServerConfigKeys (ConfUtils.java:logGet(43)) - raft.server.log.statemachine.data.caching.enabled = true (custom)
2019-08-29 08:33:40,356 [pool-60-thread-1] INFO  server.RaftServerConfigKeys (ConfUtils.java:logGet(43)) - raft.server.log.statemachine.data.sync.timeout = 10s (default)
2019-08-29 08:33:40,356 [pool-60-thread-1] INFO  server.RaftServerConfigKeys (ConfUtils.java:logGet(43)) - raft.server.log.statemachine.data.sync.timeout.retry = -1 (default)
2019-08-29 08:33:40,356 [pool-60-thread-1] INFO  server.RaftServerConfigKeys (ConfUtils.java:logGet(43)) - raft.server.log.statemachine.data.caching.enabled = true (custom)
2019-08-29 08:33:40,356 [pool-27-thread-1] INFO  segmented.SegmentedRaftLogWorker (SegmentedRaftLogWorker.java:lambda$new$0(132)) - 4da055f9-cd9d-4c6f-9ab8-147a42717fcf-SegmentedRaftLogWorker:Storage Directory /workdir/hadoop-ozone/integration-test/target/test-dir/MiniOzoneClusterImpl-839c4a83-1072-4184-a39a-41aa01fb846d/datanode-0/data/ratis/a6019285-0027-46c6-9b76-4c1082ab210c: flushIndex: setUnconditionally 0 -> -1
2019-08-29 08:33:40,357 [pool-60-thread-1] INFO  segmented.SegmentedRaftLogWorker (SegmentedRaftLogWorker.java:lambda$new$0(132)) - 02bf3283-c6bf-4588-a57c-baa459038378-SegmentedRaftLogWorker:Storage Directory /workdir/hadoop-ozone/integration-test/target/test-dir/MiniOzoneClusterImpl-839c4a83-1072-4184-a39a-41aa01fb846d/datanode-3/data/ratis/a6019285-0027-46c6-9b76-4c1082ab210c: flushIndex: setUnconditionally 0 -> -1
2019-08-29 08:33:40,357 [pool-27-thread-1] INFO  server.RaftServerConfigKeys (ConfUtils.java:logGet(43)) - raft.server.snapshot.auto.trigger.enabled = true (custom)
2019-08-29 08:33:40,357 [pool-60-thread-1] INFO  server.RaftServerConfigKeys (ConfUtils.java:logGet(43)) - raft.server.snapshot.auto.trigger.enabled = true (custom)
2019-08-29 08:33:40,357 [pool-27-thread-1] INFO  server.RaftServerConfigKeys (ConfUtils.java:logGet(43)) - raft.server.snapshot.auto.trigger.threshold = 10000 (custom)
2019-08-29 08:33:40,357 [pool-60-thread-1] INFO  server.RaftServerConfigKeys (ConfUtils.java:logGet(43)) - raft.server.snapshot.auto.trigger.threshold = 10000 (custom)
2019-08-29 08:33:40,358 [pool-27-thread-1] INFO  server.RaftServerConfigKeys (ConfUtils.java:logGet(43)) - raft.server.retrycache.expirytime = 600000ms (custom)
2019-08-29 08:33:40,358 [pool-60-thread-1] INFO  server.RaftServerConfigKeys (ConfUtils.java:logGet(43)) - raft.server.retrycache.expirytime = 600000ms (custom)
2019-08-29 08:33:40,358 [pool-27-thread-1] INFO  impl.RaftServerImpl (RaftServerImpl.java:start(180)) - 4da055f9-cd9d-4c6f-9ab8-147a42717fcf: start group-4C1082AB210C
2019-08-29 08:33:40,358 [pool-60-thread-1] INFO  impl.RaftServerImpl (RaftServerImpl.java:start(180)) - 02bf3283-c6bf-4588-a57c-baa459038378: start group-4C1082AB210C
2019-08-29 08:33:40,358 [pool-27-thread-1] INFO  impl.RaftServerImpl (RaftServerImpl.java:setRole(171)) - 4da055f9-cd9d-4c6f-9ab8-147a42717fcf:group-4C1082AB210C changes role from null to FOLLOWER at term 0 for startAsFollower
2019-08-29 08:33:40,358 [pool-60-thread-1] INFO  impl.RaftServerImpl (RaftServerImpl.java:setRole(171)) - 02bf3283-c6bf-4588-a57c-baa459038378:group-4C1082AB210C changes role from null to FOLLOWER at term 0 for startAsFollower
2019-08-29 08:33:40,358 [pool-27-thread-1] INFO  impl.RoleInfo (RoleInfo.java:updateAndGet(143)) - 4da055f9-cd9d-4c6f-9ab8-147a42717fcf: start FollowerState
2019-08-29 08:33:40,361 [pool-60-thread-1] INFO  impl.RoleInfo (RoleInfo.java:updateAndGet(143)) - 02bf3283-c6bf-4588-a57c-baa459038378: start FollowerState
2019-08-29 08:33:40,380 [pool-60-thread-1] INFO  util.JmxRegister (JmxRegister.java:tryRegister(44)) - Successfully registered JMX Bean with object name Ratis:service=RaftServer,group=group-4C1082AB210C,id=02bf3283-c6bf-4588-a57c-baa459038378
2019-08-29 08:33:40,380 [pool-27-thread-1] INFO  util.JmxRegister (JmxRegister.java:tryRegister(44)) - Successfully registered JMX Bean with object name Ratis:service=RaftServer,group=group-4C1082AB210C,id=4da055f9-cd9d-4c6f-9ab8-147a42717fcf
2019-08-29 08:33:40,390 | INFO  | SCMAudit | user=jenkins1000 | ip=192.168.69.89 | op=SEND_HEARTBEAT {datanodeUUID=7a9bfe55-9a1e-4d2f-9ebd-558835cfe40a, command=[]} | ret=SUCCESS |  
2019-08-29 08:33:40,397 [RatisPipelineUtilsThread] INFO  pipeline.PipelineStateManager (PipelineStateManager.java:addPipeline(56)) - Created pipeline Pipeline[ Id: a6019285-0027-46c6-9b76-4c1082ab210c, Nodes: 4da055f9-cd9d-4c6f-9ab8-147a42717fcf{ip: 192.168.69.89, host: pr-hdds-1569-7rqkn-550228749, networkLocation: /default-rack, certSerialId: null}02bf3283-c6bf-4588-a57c-baa459038378{ip: 192.168.69.89, host: pr-hdds-1569-7rqkn-550228749, networkLocation: /default-rack, certSerialId: null}f0c18ce4-0e5b-4823-99c8-fd716531bc5f{ip: 192.168.69.89, host: pr-hdds-1569-7rqkn-550228749, networkLocation: /default-rack, certSerialId: null}, Type:RATIS, Factor:THREE, State:OPEN]
2019-08-29 08:33:40,418 [grpc-default-executor-0] INFO  impl.RaftServerProxy (RaftServerProxy.java:addNew(89)) - 99586f2f-9d87-40a3-9061-4566008201fd: addNew group-F65937874E2C:[bcbb4469-e902-4083-b3d9-1bab9ea4cd29:192.168.69.89:42960, 99586f2f-9d87-40a3-9061-4566008201fd:192.168.69.89:38980, e7b9916e-4eca-4156-a086-839e4ffd13a0:192.168.69.89:37189] returns group-F65937874E2C:java.util.concurrent.CompletableFuture@75e9c3a4[Not completed]
2019-08-29 08:33:40,418 [grpc-default-executor-3] INFO  impl.RaftServerProxy (RaftServerProxy.java:addNew(89)) - e7b9916e-4eca-4156-a086-839e4ffd13a0: addNew group-F65937874E2C:[bcbb4469-e902-4083-b3d9-1bab9ea4cd29:192.168.69.89:42960, 99586f2f-9d87-40a3-9061-4566008201fd:192.168.69.89:38980, e7b9916e-4eca-4156-a086-839e4ffd13a0:192.168.69.89:37189] returns group-F65937874E2C:java.util.concurrent.CompletableFuture@24d343a4[Not completed]
2019-08-29 08:33:40,421 | INFO  | SCMAudit | user=jenkins1000 | ip=192.168.69.89 | op=SEND_HEARTBEAT {datanodeUUID=fe546585-3c52-42ae-8754-1a35dad17d3f, command=[]} | ret=SUCCESS |  
2019-08-29 08:33:40,424 [grpc-default-executor-3] INFO  impl.RaftServerProxy (RaftServerProxy.java:addNew(89)) - bcbb4469-e902-4083-b3d9-1bab9ea4cd29: addNew group-F65937874E2C:[bcbb4469-e902-4083-b3d9-1bab9ea4cd29:192.168.69.89:42960, 99586f2f-9d87-40a3-9061-4566008201fd:192.168.69.89:38980, e7b9916e-4eca-4156-a086-839e4ffd13a0:192.168.69.89:37189] returns group-F65937874E2C:java.util.concurrent.CompletableFuture@6e6103e8[Not completed]
2019-08-29 08:33:40,424 [pool-38-thread-1] INFO  impl.RaftServerImpl (RaftServerImpl.java:<init>(93)) - e7b9916e-4eca-4156-a086-839e4ffd13a0: new RaftServerImpl for group-F65937874E2C:[bcbb4469-e902-4083-b3d9-1bab9ea4cd29:192.168.69.89:42960, 99586f2f-9d87-40a3-9061-4566008201fd:192.168.69.89:38980, e7b9916e-4eca-4156-a086-839e4ffd13a0:192.168.69.89:37189] with ContainerStateMachine:uninitialized
2019-08-29 08:33:40,424 [pool-38-thread-1] INFO  server.RaftServerConfigKeys (ConfUtils.java:logGet(43)) - raft.server.rpc.timeout.min = 1s (custom)
2019-08-29 08:33:40,424 [pool-38-thread-1] INFO  server.RaftServerConfigKeys (ConfUtils.java:logGet(43)) - raft.server.rpc.timeout.max = 1200ms (custom)
2019-08-29 08:33:40,425 [pool-38-thread-1] INFO  server.RaftServerConfigKeys (ConfUtils.java:logGet(43)) - raft.server.rpcslowness.timeout = 120s (custom)
2019-08-29 08:33:40,425 [pool-38-thread-1] INFO  server.RaftServerConfigKeys (ConfUtils.java:logGet(43)) - raft.server.sleep.deviation.threshold = 300 (default)
2019-08-29 08:33:40,425 [pool-82-thread-1] INFO  impl.RaftServerImpl (RaftServerImpl.java:<init>(93)) - 99586f2f-9d87-40a3-9061-4566008201fd: new RaftServerImpl for group-F65937874E2C:[bcbb4469-e902-4083-b3d9-1bab9ea4cd29:192.168.69.89:42960, 99586f2f-9d87-40a3-9061-4566008201fd:192.168.69.89:38980, e7b9916e-4eca-4156-a086-839e4ffd13a0:192.168.69.89:37189] with ContainerStateMachine:uninitialized
2019-08-29 08:33:40,425 [pool-38-thread-1] INFO  server.RaftServerConfigKeys (ConfUtils.java:logGet(43)) - raft.server.log.appender.install.snapshot.enabled = false (custom)
2019-08-29 08:33:40,425 [pool-82-thread-1] INFO  server.RaftServerConfigKeys (ConfUtils.java:logGet(43)) - raft.server.rpc.timeout.min = 1s (custom)
2019-08-29 08:33:40,425 [pool-38-thread-1] INFO  impl.RaftServerImpl (ServerState.java:<init>(105)) - e7b9916e-4eca-4156-a086-839e4ffd13a0:group-F65937874E2C ConfigurationManager, init=-1: [bcbb4469-e902-4083-b3d9-1bab9ea4cd29:192.168.69.89:42960, 99586f2f-9d87-40a3-9061-4566008201fd:192.168.69.89:38980, e7b9916e-4eca-4156-a086-839e4ffd13a0:192.168.69.89:37189], old=null, confs=<EMPTY_MAP>
2019-08-29 08:33:40,425 [pool-82-thread-1] INFO  server.RaftServerConfigKeys (ConfUtils.java:logGet(43)) - raft.server.rpc.timeout.max = 1200ms (custom)
2019-08-29 08:33:40,425 [pool-38-thread-1] INFO  server.RaftServerConfigKeys (ConfUtils.java:logGet(43)) - raft.server.storage.dir = [/workdir/hadoop-ozone/integration-test/target/test-dir/MiniOzoneClusterImpl-839c4a83-1072-4184-a39a-41aa01fb846d/datanode-1/data/ratis] (custom)
2019-08-29 08:33:40,425 [pool-93-thread-1] INFO  impl.RaftServerImpl (RaftServerImpl.java:<init>(93)) - bcbb4469-e902-4083-b3d9-1bab9ea4cd29: new RaftServerImpl for group-F65937874E2C:[bcbb4469-e902-4083-b3d9-1bab9ea4cd29:192.168.69.89:42960, 99586f2f-9d87-40a3-9061-4566008201fd:192.168.69.89:38980, e7b9916e-4eca-4156-a086-839e4ffd13a0:192.168.69.89:37189] with ContainerStateMachine:uninitialized
2019-08-29 08:33:40,426 [pool-82-thread-1] INFO  server.RaftServerConfigKeys (ConfUtils.java:logGet(43)) - raft.server.rpcslowness.timeout = 120s (custom)
2019-08-29 08:33:40,426 [pool-93-thread-1] INFO  server.RaftServerConfigKeys (ConfUtils.java:logGet(43)) - raft.server.rpc.timeout.min = 1s (custom)
2019-08-29 08:33:40,426 [pool-38-thread-1] INFO  storage.RaftStorageDirectory (RaftStorageDirectory.java:analyzeStorage(246)) - The storage directory /workdir/hadoop-ozone/integration-test/target/test-dir/MiniOzoneClusterImpl-839c4a83-1072-4184-a39a-41aa01fb846d/datanode-1/data/ratis/79f04424-d886-402f-8436-f65937874e2c does not exist. Creating ...
2019-08-29 08:33:40,426 [pool-82-thread-1] INFO  server.RaftServerConfigKeys (ConfUtils.java:logGet(43)) - raft.server.sleep.deviation.threshold = 300 (default)
2019-08-29 08:33:40,426 [pool-93-thread-1] INFO  server.RaftServerConfigKeys (ConfUtils.java:logGet(43)) - raft.server.rpc.timeout.max = 1200ms (custom)
2019-08-29 08:33:40,426 [pool-82-thread-1] INFO  server.RaftServerConfigKeys (ConfUtils.java:logGet(43)) - raft.server.log.appender.install.snapshot.enabled = false (custom)
2019-08-29 08:33:40,426 [pool-93-thread-1] INFO  server.RaftServerConfigKeys (ConfUtils.java:logGet(43)) - raft.server.rpcslowness.timeout = 120s (custom)
2019-08-29 08:33:40,426 [pool-82-thread-1] INFO  impl.RaftServerImpl (ServerState.java:<init>(105)) - 99586f2f-9d87-40a3-9061-4566008201fd:group-F65937874E2C ConfigurationManager, init=-1: [bcbb4469-e902-4083-b3d9-1bab9ea4cd29:192.168.69.89:42960, 99586f2f-9d87-40a3-9061-4566008201fd:192.168.69.89:38980, e7b9916e-4eca-4156-a086-839e4ffd13a0:192.168.69.89:37189], old=null, confs=<EMPTY_MAP>
2019-08-29 08:33:40,426 [pool-93-thread-1] INFO  server.RaftServerConfigKeys (ConfUtils.java:logGet(43)) - raft.server.sleep.deviation.threshold = 300 (default)
2019-08-29 08:33:40,427 [pool-82-thread-1] INFO  server.RaftServerConfigKeys (ConfUtils.java:logGet(43)) - raft.server.storage.dir = [/workdir/hadoop-ozone/integration-test/target/test-dir/MiniOzoneClusterImpl-839c4a83-1072-4184-a39a-41aa01fb846d/datanode-5/data/ratis] (custom)
2019-08-29 08:33:40,427 [pool-93-thread-1] INFO  server.RaftServerConfigKeys (ConfUtils.java:logGet(43)) - raft.server.log.appender.install.snapshot.enabled = false (custom)
2019-08-29 08:33:40,427 [pool-93-thread-1] INFO  impl.RaftServerImpl (ServerState.java:<init>(105)) - bcbb4469-e902-4083-b3d9-1bab9ea4cd29:group-F65937874E2C ConfigurationManager, init=-1: [bcbb4469-e902-4083-b3d9-1bab9ea4cd29:192.168.69.89:42960, 99586f2f-9d87-40a3-9061-4566008201fd:192.168.69.89:38980, e7b9916e-4eca-4156-a086-839e4ffd13a0:192.168.69.89:37189], old=null, confs=<EMPTY_MAP>
2019-08-29 08:33:40,427 [pool-82-thread-1] INFO  storage.RaftStorageDirectory (RaftStorageDirectory.java:analyzeStorage(246)) - The storage directory /workdir/hadoop-ozone/integration-test/target/test-dir/MiniOzoneClusterImpl-839c4a83-1072-4184-a39a-41aa01fb846d/datanode-5/data/ratis/79f04424-d886-402f-8436-f65937874e2c does not exist. Creating ...
2019-08-29 08:33:40,427 [pool-93-thread-1] INFO  server.RaftServerConfigKeys (ConfUtils.java:logGet(43)) - raft.server.storage.dir = [/workdir/hadoop-ozone/integration-test/target/test-dir/MiniOzoneClusterImpl-839c4a83-1072-4184-a39a-41aa01fb846d/datanode-6/data/ratis] (custom)
2019-08-29 08:33:40,427 [pool-93-thread-1] INFO  storage.RaftStorageDirectory (RaftStorageDirectory.java:analyzeStorage(246)) - The storage directory /workdir/hadoop-ozone/integration-test/target/test-dir/MiniOzoneClusterImpl-839c4a83-1072-4184-a39a-41aa01fb846d/datanode-6/data/ratis/79f04424-d886-402f-8436-f65937874e2c does not exist. Creating ...
2019-08-29 08:33:40,444 | INFO  | SCMAudit | user=jenkins1000 | ip=192.168.69.89 | op=SEND_HEARTBEAT {datanodeUUID=02bf3283-c6bf-4588-a57c-baa459038378, command=[]} | ret=SUCCESS |  
2019-08-29 08:33:40,466 [pool-82-thread-1] INFO  storage.RaftStorageDirectory (RaftStorageDirectory.java:tryLock(328)) - Lock on /workdir/hadoop-ozone/integration-test/target/test-dir/MiniOzoneClusterImpl-839c4a83-1072-4184-a39a-41aa01fb846d/datanode-5/data/ratis/79f04424-d886-402f-8436-f65937874e2c/in_use.lock acquired by nodename 9793@pr-hdds-1569-7rqkn-550228749
2019-08-29 08:33:40,466 [pool-38-thread-1] INFO  storage.RaftStorageDirectory (RaftStorageDirectory.java:tryLock(328)) - Lock on /workdir/hadoop-ozone/integration-test/target/test-dir/MiniOzoneClusterImpl-839c4a83-1072-4184-a39a-41aa01fb846d/datanode-1/data/ratis/79f04424-d886-402f-8436-f65937874e2c/in_use.lock acquired by nodename 9793@pr-hdds-1569-7rqkn-550228749
2019-08-29 08:33:40,466 [pool-93-thread-1] INFO  storage.RaftStorageDirectory (RaftStorageDirectory.java:tryLock(328)) - Lock on /workdir/hadoop-ozone/integration-test/target/test-dir/MiniOzoneClusterImpl-839c4a83-1072-4184-a39a-41aa01fb846d/datanode-6/data/ratis/79f04424-d886-402f-8436-f65937874e2c/in_use.lock acquired by nodename 9793@pr-hdds-1569-7rqkn-550228749
2019-08-29 08:33:40,511 [pool-82-thread-1] INFO  storage.RaftStorage (RaftStorage.java:format(72)) - Storage directory /workdir/hadoop-ozone/integration-test/target/test-dir/MiniOzoneClusterImpl-839c4a83-1072-4184-a39a-41aa01fb846d/datanode-5/data/ratis/79f04424-d886-402f-8436-f65937874e2c has been successfully formatted.
2019-08-29 08:33:40,511 [pool-38-thread-1] INFO  storage.RaftStorage (RaftStorage.java:format(72)) - Storage directory /workdir/hadoop-ozone/integration-test/target/test-dir/MiniOzoneClusterImpl-839c4a83-1072-4184-a39a-41aa01fb846d/datanode-1/data/ratis/79f04424-d886-402f-8436-f65937874e2c has been successfully formatted.
2019-08-29 08:33:40,511 [pool-93-thread-1] INFO  storage.RaftStorage (RaftStorage.java:format(72)) - Storage directory /workdir/hadoop-ozone/integration-test/target/test-dir/MiniOzoneClusterImpl-839c4a83-1072-4184-a39a-41aa01fb846d/datanode-6/data/ratis/79f04424-d886-402f-8436-f65937874e2c has been successfully formatted.
2019-08-29 08:33:40,511 [pool-82-thread-1] INFO  ratis.ContainerStateMachine (ContainerStateMachine.java:loadSnapshot(226)) - group-F65937874E2C: The snapshot info is null. Setting the last applied indexto:(t:0, i:~)
2019-08-29 08:33:40,511 [pool-93-thread-1] INFO  ratis.ContainerStateMachine (ContainerStateMachine.java:loadSnapshot(226)) - group-F65937874E2C: The snapshot info is null. Setting the last applied indexto:(t:0, i:~)
2019-08-29 08:33:40,511 [pool-38-thread-1] INFO  ratis.ContainerStateMachine (ContainerStateMachine.java:loadSnapshot(226)) - group-F65937874E2C: The snapshot info is null. Setting the last applied indexto:(t:0, i:~)
2019-08-29 08:33:40,512 [pool-93-thread-1] INFO  server.RaftServerConfigKeys (ConfUtils.java:logGet(43)) - raft.server.leader.election.timeout = 120s (custom)
2019-08-29 08:33:40,511 [pool-82-thread-1] INFO  server.RaftServerConfigKeys (ConfUtils.java:logGet(43)) - raft.server.leader.election.timeout = 120s (custom)
2019-08-29 08:33:40,512 [pool-93-thread-1] INFO  server.RaftServerConfigKeys (ConfUtils.java:logGet(43)) - raft.server.log.use.memory = false (default)
2019-08-29 08:33:40,512 [pool-38-thread-1] INFO  server.RaftServerConfigKeys (ConfUtils.java:logGet(43)) - raft.server.leader.election.timeout = 120s (custom)
2019-08-29 08:33:40,512 [pool-93-thread-1] INFO  server.RaftServerConfigKeys (ConfUtils.java:logGet(43)) - raft.server.log.purge.gap = 1000000 (custom)
2019-08-29 08:33:40,512 [pool-82-thread-1] INFO  server.RaftServerConfigKeys (ConfUtils.java:logGet(43)) - raft.server.log.use.memory = false (default)
2019-08-29 08:33:40,512 [pool-93-thread-1] INFO  server.RaftServerConfigKeys (ConfUtils.java:logGet(43)) - raft.server.log.appender.buffer.byte-limit = 33554432 (custom)
2019-08-29 08:33:40,512 [pool-38-thread-1] INFO  server.RaftServerConfigKeys (ConfUtils.java:logGet(43)) - raft.server.log.use.memory = false (default)
2019-08-29 08:33:40,512 [pool-93-thread-1] INFO  server.RaftServerConfigKeys (ConfUtils.java:logGet(43)) - raft.server.log.segment.size.max = 1048576 (custom)
2019-08-29 08:33:40,512 [pool-82-thread-1] INFO  server.RaftServerConfigKeys (ConfUtils.java:logGet(43)) - raft.server.log.purge.gap = 1000000 (custom)
2019-08-29 08:33:40,512 [pool-93-thread-1] INFO  server.RaftServerConfigKeys (ConfUtils.java:logGet(43)) - raft.server.log.segment.cache.num.max = 2 (custom)
2019-08-29 08:33:40,512 [pool-38-thread-1] INFO  server.RaftServerConfigKeys (ConfUtils.java:logGet(43)) - raft.server.log.purge.gap = 1000000 (custom)
2019-08-29 08:33:40,513 [pool-93-thread-1] INFO  segmented.SegmentedRaftLogWorker (SegmentedRaftLogWorker.java:<init>(172)) - new bcbb4469-e902-4083-b3d9-1bab9ea4cd29-SegmentedRaftLogWorker:Storage Directory /workdir/hadoop-ozone/integration-test/target/test-dir/MiniOzoneClusterImpl-839c4a83-1072-4184-a39a-41aa01fb846d/datanode-6/data/ratis/79f04424-d886-402f-8436-f65937874e2c for RaftStorage:Storage Directory /workdir/hadoop-ozone/integration-test/target/test-dir/MiniOzoneClusterImpl-839c4a83-1072-4184-a39a-41aa01fb846d/datanode-6/data/ratis/79f04424-d886-402f-8436-f65937874e2c
2019-08-29 08:33:40,513 [pool-82-thread-1] INFO  server.RaftServerConfigKeys (ConfUtils.java:logGet(43)) - raft.server.log.appender.buffer.byte-limit = 33554432 (custom)
2019-08-29 08:33:40,513 [pool-93-thread-1] INFO  server.RaftServerConfigKeys (ConfUtils.java:logGet(43)) - raft.server.log.queue.byte-limit = 2147483647 (custom)
2019-08-29 08:33:40,513 [pool-38-thread-1] INFO  server.RaftServerConfigKeys (ConfUtils.java:logGet(43)) - raft.server.log.appender.buffer.byte-limit = 33554432 (custom)
2019-08-29 08:33:40,516 [pool-93-thread-1] INFO  server.RaftServerConfigKeys (ConfUtils.java:logGet(43)) - raft.server.log.queue.element-limit = 1024 (custom)
2019-08-29 08:33:40,513 [pool-82-thread-1] INFO  server.RaftServerConfigKeys (ConfUtils.java:logGet(43)) - raft.server.log.segment.size.max = 1048576 (custom)
2019-08-29 08:33:40,516 [pool-93-thread-1] INFO  server.RaftServerConfigKeys (ConfUtils.java:logGet(43)) - raft.server.log.segment.size.max = 1048576 (custom)
2019-08-29 08:33:40,516 [pool-38-thread-1] INFO  server.RaftServerConfigKeys (ConfUtils.java:logGet(43)) - raft.server.log.segment.size.max = 1048576 (custom)
2019-08-29 08:33:40,516 [pool-93-thread-1] INFO  server.RaftServerConfigKeys (ConfUtils.java:logGet(43)) - raft.server.log.preallocated.size = 16384 (custom)
2019-08-29 08:33:40,516 [pool-82-thread-1] INFO  server.RaftServerConfigKeys (ConfUtils.java:logGet(43)) - raft.server.log.segment.cache.num.max = 2 (custom)
2019-08-29 08:33:40,517 [pool-93-thread-1] INFO  server.RaftServerConfigKeys (ConfUtils.java:logGet(43)) - raft.server.log.write.buffer.size = 33554432 (custom)
2019-08-29 08:33:40,516 [pool-38-thread-1] INFO  server.RaftServerConfigKeys (ConfUtils.java:logGet(43)) - raft.server.log.segment.cache.num.max = 2 (custom)
2019-08-29 08:33:40,517 [pool-93-thread-1] INFO  server.RaftServerConfigKeys (ConfUtils.java:logGet(43)) - raft.server.log.force.sync.num = 128 (default)
2019-08-29 08:33:40,517 [pool-82-thread-1] INFO  segmented.SegmentedRaftLogWorker (SegmentedRaftLogWorker.java:<init>(172)) - new 99586f2f-9d87-40a3-9061-4566008201fd-SegmentedRaftLogWorker:Storage Directory /workdir/hadoop-ozone/integration-test/target/test-dir/MiniOzoneClusterImpl-839c4a83-1072-4184-a39a-41aa01fb846d/datanode-5/data/ratis/79f04424-d886-402f-8436-f65937874e2c for RaftStorage:Storage Directory /workdir/hadoop-ozone/integration-test/target/test-dir/MiniOzoneClusterImpl-839c4a83-1072-4184-a39a-41aa01fb846d/datanode-5/data/ratis/79f04424-d886-402f-8436-f65937874e2c
2019-08-29 08:33:40,517 [pool-93-thread-1] INFO  server.RaftServerConfigKeys (ConfUtils.java:logGet(43)) - raft.server.log.statemachine.data.sync = true (default)
2019-08-29 08:33:40,517 [pool-38-thread-1] INFO  segmented.SegmentedRaftLogWorker (SegmentedRaftLogWorker.java:<init>(172)) - new e7b9916e-4eca-4156-a086-839e4ffd13a0-SegmentedRaftLogWorker:Storage Directory /workdir/hadoop-ozone/integration-test/target/test-dir/MiniOzoneClusterImpl-839c4a83-1072-4184-a39a-41aa01fb846d/datanode-1/data/ratis/79f04424-d886-402f-8436-f65937874e2c for RaftStorage:Storage Directory /workdir/hadoop-ozone/integration-test/target/test-dir/MiniOzoneClusterImpl-839c4a83-1072-4184-a39a-41aa01fb846d/datanode-1/data/ratis/79f04424-d886-402f-8436-f65937874e2c
2019-08-29 08:33:40,519 [pool-93-thread-1] INFO  server.RaftServerConfigKeys (ConfUtils.java:logGet(43)) - raft.server.log.statemachine.data.sync.timeout = 10s (default)
2019-08-29 08:33:40,517 [pool-82-thread-1] INFO  server.RaftServerConfigKeys (ConfUtils.java:logGet(43)) - raft.server.log.queue.byte-limit = 2147483647 (custom)
2019-08-29 08:33:40,520 [pool-93-thread-1] INFO  server.RaftServerConfigKeys (ConfUtils.java:logGet(43)) - raft.server.log.statemachine.data.sync.timeout.retry = -1 (default)
2019-08-29 08:33:40,520 [pool-38-thread-1] INFO  server.RaftServerConfigKeys (ConfUtils.java:logGet(43)) - raft.server.log.queue.byte-limit = 2147483647 (custom)
2019-08-29 08:33:40,522 [pool-93-thread-1] INFO  server.RaftServerConfigKeys (ConfUtils.java:logGet(43)) - raft.server.log.statemachine.data.caching.enabled = true (custom)
2019-08-29 08:33:40,522 [pool-82-thread-1] INFO  server.RaftServerConfigKeys (ConfUtils.java:logGet(43)) - raft.server.log.queue.element-limit = 1024 (custom)
2019-08-29 08:33:40,522 [pool-38-thread-1] INFO  server.RaftServerConfigKeys (ConfUtils.java:logGet(43)) - raft.server.log.queue.element-limit = 1024 (custom)
2019-08-29 08:33:40,522 [pool-93-thread-1] INFO  segmented.SegmentedRaftLogWorker (SegmentedRaftLogWorker.java:lambda$new$0(132)) - bcbb4469-e902-4083-b3d9-1bab9ea4cd29-SegmentedRaftLogWorker:Storage Directory /workdir/hadoop-ozone/integration-test/target/test-dir/MiniOzoneClusterImpl-839c4a83-1072-4184-a39a-41aa01fb846d/datanode-6/data/ratis/79f04424-d886-402f-8436-f65937874e2c: flushIndex: setUnconditionally 0 -> -1
2019-08-29 08:33:40,522 [pool-82-thread-1] INFO  server.RaftServerConfigKeys (ConfUtils.java:logGet(43)) - raft.server.log.segment.size.max = 1048576 (custom)
2019-08-29 08:33:40,522 [pool-38-thread-1] INFO  server.RaftServerConfigKeys (ConfUtils.java:logGet(43)) - raft.server.log.segment.size.max = 1048576 (custom)
2019-08-29 08:33:40,523 [pool-93-thread-1] INFO  server.RaftServerConfigKeys (ConfUtils.java:logGet(43)) - raft.server.snapshot.auto.trigger.enabled = true (custom)
2019-08-29 08:33:40,523 [pool-82-thread-1] INFO  server.RaftServerConfigKeys (ConfUtils.java:logGet(43)) - raft.server.log.preallocated.size = 16384 (custom)
2019-08-29 08:33:40,523 [pool-93-thread-1] INFO  server.RaftServerConfigKeys (ConfUtils.java:logGet(43)) - raft.server.snapshot.auto.trigger.threshold = 10000 (custom)
2019-08-29 08:33:40,523 [pool-38-thread-1] INFO  server.RaftServerConfigKeys (ConfUtils.java:logGet(43)) - raft.server.log.preallocated.size = 16384 (custom)
2019-08-29 08:33:40,523 [pool-93-thread-1] INFO  server.RaftServerConfigKeys (ConfUtils.java:logGet(43)) - raft.server.retrycache.expirytime = 600000ms (custom)
2019-08-29 08:33:40,523 [pool-82-thread-1] INFO  server.RaftServerConfigKeys (ConfUtils.java:logGet(43)) - raft.server.log.write.buffer.size = 33554432 (custom)
2019-08-29 08:33:40,523 [pool-93-thread-1] INFO  impl.RaftServerImpl (RaftServerImpl.java:start(180)) - bcbb4469-e902-4083-b3d9-1bab9ea4cd29: start group-F65937874E2C
2019-08-29 08:33:40,523 [pool-38-thread-1] INFO  server.RaftServerConfigKeys (ConfUtils.java:logGet(43)) - raft.server.log.write.buffer.size = 33554432 (custom)
2019-08-29 08:33:40,523 [pool-93-thread-1] INFO  impl.RaftServerImpl (RaftServerImpl.java:setRole(171)) - bcbb4469-e902-4083-b3d9-1bab9ea4cd29:group-F65937874E2C changes role from null to FOLLOWER at term 0 for startAsFollower
2019-08-29 08:33:40,523 [pool-82-thread-1] INFO  server.RaftServerConfigKeys (ConfUtils.java:logGet(43)) - raft.server.log.force.sync.num = 128 (default)
2019-08-29 08:33:40,524 [pool-93-thread-1] INFO  impl.RoleInfo (RoleInfo.java:updateAndGet(143)) - bcbb4469-e902-4083-b3d9-1bab9ea4cd29: start FollowerState
2019-08-29 08:33:40,524 [pool-38-thread-1] INFO  server.RaftServerConfigKeys (ConfUtils.java:logGet(43)) - raft.server.log.force.sync.num = 128 (default)
2019-08-29 08:33:40,524 [pool-82-thread-1] INFO  server.RaftServerConfigKeys (ConfUtils.java:logGet(43)) - raft.server.log.statemachine.data.sync = true (default)
2019-08-29 08:33:40,524 [pool-38-thread-1] INFO  server.RaftServerConfigKeys (ConfUtils.java:logGet(43)) - raft.server.log.statemachine.data.sync = true (default)
2019-08-29 08:33:40,524 [pool-93-thread-1] INFO  util.JmxRegister (JmxRegister.java:tryRegister(44)) - Successfully registered JMX Bean with object name Ratis:service=RaftServer,group=group-F65937874E2C,id=bcbb4469-e902-4083-b3d9-1bab9ea4cd29
2019-08-29 08:33:40,524 [pool-82-thread-1] INFO  server.RaftServerConfigKeys (ConfUtils.java:logGet(43)) - raft.server.log.statemachine.data.sync.timeout = 10s (default)
2019-08-29 08:33:40,524 [pool-38-thread-1] INFO  server.RaftServerConfigKeys (ConfUtils.java:logGet(43)) - raft.server.log.statemachine.data.sync.timeout = 10s (default)
2019-08-29 08:33:40,524 [pool-82-thread-1] INFO  server.RaftServerConfigKeys (ConfUtils.java:logGet(43)) - raft.server.log.statemachine.data.sync.timeout.retry = -1 (default)
2019-08-29 08:33:40,525 [pool-38-thread-1] INFO  server.RaftServerConfigKeys (ConfUtils.java:logGet(43)) - raft.server.log.statemachine.data.sync.timeout.retry = -1 (default)
2019-08-29 08:33:40,525 [pool-82-thread-1] INFO  server.RaftServerConfigKeys (ConfUtils.java:logGet(43)) - raft.server.log.statemachine.data.caching.enabled = true (custom)
2019-08-29 08:33:40,525 [pool-38-thread-1] INFO  server.RaftServerConfigKeys (ConfUtils.java:logGet(43)) - raft.server.log.statemachine.data.caching.enabled = true (custom)
2019-08-29 08:33:40,525 [pool-82-thread-1] INFO  segmented.SegmentedRaftLogWorker (SegmentedRaftLogWorker.java:lambda$new$0(132)) - 99586f2f-9d87-40a3-9061-4566008201fd-SegmentedRaftLogWorker:Storage Directory /workdir/hadoop-ozone/integration-test/target/test-dir/MiniOzoneClusterImpl-839c4a83-1072-4184-a39a-41aa01fb846d/datanode-5/data/ratis/79f04424-d886-402f-8436-f65937874e2c: flushIndex: setUnconditionally 0 -> -1
2019-08-29 08:33:40,525 [pool-38-thread-1] INFO  segmented.SegmentedRaftLogWorker (SegmentedRaftLogWorker.java:lambda$new$0(132)) - e7b9916e-4eca-4156-a086-839e4ffd13a0-SegmentedRaftLogWorker:Storage Directory /workdir/hadoop-ozone/integration-test/target/test-dir/MiniOzoneClusterImpl-839c4a83-1072-4184-a39a-41aa01fb846d/datanode-1/data/ratis/79f04424-d886-402f-8436-f65937874e2c: flushIndex: setUnconditionally 0 -> -1
2019-08-29 08:33:40,526 [pool-82-thread-1] INFO  server.RaftServerConfigKeys (ConfUtils.java:logGet(43)) - raft.server.snapshot.auto.trigger.enabled = true (custom)
2019-08-29 08:33:40,526 [pool-38-thread-1] INFO  server.RaftServerConfigKeys (ConfUtils.java:logGet(43)) - raft.server.snapshot.auto.trigger.enabled = true (custom)
2019-08-29 08:33:40,526 [pool-82-thread-1] INFO  server.RaftServerConfigKeys (ConfUtils.java:logGet(43)) - raft.server.snapshot.auto.trigger.threshold = 10000 (custom)
2019-08-29 08:33:40,526 [pool-38-thread-1] INFO  server.RaftServerConfigKeys (ConfUtils.java:logGet(43)) - raft.server.snapshot.auto.trigger.threshold = 10000 (custom)
2019-08-29 08:33:40,526 [pool-82-thread-1] INFO  server.RaftServerConfigKeys (ConfUtils.java:logGet(43)) - raft.server.retrycache.expirytime = 600000ms (custom)
2019-08-29 08:33:40,526 [pool-38-thread-1] INFO  server.RaftServerConfigKeys (ConfUtils.java:logGet(43)) - raft.server.retrycache.expirytime = 600000ms (custom)
2019-08-29 08:33:40,527 [pool-82-thread-1] INFO  impl.RaftServerImpl (RaftServerImpl.java:start(180)) - 99586f2f-9d87-40a3-9061-4566008201fd: start group-F65937874E2C
2019-08-29 08:33:40,529 [pool-38-thread-1] INFO  impl.RaftServerImpl (RaftServerImpl.java:start(180)) - e7b9916e-4eca-4156-a086-839e4ffd13a0: start group-F65937874E2C
2019-08-29 08:33:40,529 [pool-82-thread-1] INFO  impl.RaftServerImpl (RaftServerImpl.java:setRole(171)) - 99586f2f-9d87-40a3-9061-4566008201fd:group-F65937874E2C changes role from null to FOLLOWER at term 0 for startAsFollower
2019-08-29 08:33:40,529 [pool-38-thread-1] INFO  impl.RaftServerImpl (RaftServerImpl.java:setRole(171)) - e7b9916e-4eca-4156-a086-839e4ffd13a0:group-F65937874E2C changes role from null to FOLLOWER at term 0 for startAsFollower
2019-08-29 08:33:40,530 [pool-82-thread-1] INFO  impl.RoleInfo (RoleInfo.java:updateAndGet(143)) - 99586f2f-9d87-40a3-9061-4566008201fd: start FollowerState
2019-08-29 08:33:40,530 [pool-38-thread-1] INFO  impl.RoleInfo (RoleInfo.java:updateAndGet(143)) - e7b9916e-4eca-4156-a086-839e4ffd13a0: start FollowerState
2019-08-29 08:33:40,530 [pool-82-thread-1] INFO  util.JmxRegister (JmxRegister.java:tryRegister(44)) - Successfully registered JMX Bean with object name Ratis:service=RaftServer,group=group-F65937874E2C,id=99586f2f-9d87-40a3-9061-4566008201fd
2019-08-29 08:33:40,530 [pool-38-thread-1] INFO  util.JmxRegister (JmxRegister.java:tryRegister(44)) - Successfully registered JMX Bean with object name Ratis:service=RaftServer,group=group-F65937874E2C,id=e7b9916e-4eca-4156-a086-839e4ffd13a0
2019-08-29 08:33:40,538 [RatisPipelineUtilsThread] INFO  pipeline.PipelineStateManager (PipelineStateManager.java:addPipeline(56)) - Created pipeline Pipeline[ Id: 79f04424-d886-402f-8436-f65937874e2c, Nodes: 99586f2f-9d87-40a3-9061-4566008201fd{ip: 192.168.69.89, host: pr-hdds-1569-7rqkn-550228749, networkLocation: /default-rack, certSerialId: null}bcbb4469-e902-4083-b3d9-1bab9ea4cd29{ip: 192.168.69.89, host: pr-hdds-1569-7rqkn-550228749, networkLocation: /default-rack, certSerialId: null}e7b9916e-4eca-4156-a086-839e4ffd13a0{ip: 192.168.69.89, host: pr-hdds-1569-7rqkn-550228749, networkLocation: /default-rack, certSerialId: null}, Type:RATIS, Factor:THREE, State:OPEN]
2019-08-29 08:33:40,541 [IPC Server handler 0 on 39120] WARN  block.BlockManagerImpl (BlockManagerImpl.java:allocateBlock(192)) - Pipeline creation failed for type:RATIS factor:THREE. Retrying get pipelines call once.
org.apache.hadoop.hdds.scm.pipeline.InsufficientDatanodesException: Cannot create pipeline of factor 3 using 1 nodes.
	at org.apache.hadoop.hdds.scm.pipeline.RatisPipelineProvider.create(RatisPipelineProvider.java:151)
	at org.apache.hadoop.hdds.scm.pipeline.PipelineFactory.create(PipelineFactory.java:57)
	at org.apache.hadoop.hdds.scm.pipeline.SCMPipelineManager.createPipeline(SCMPipelineManager.java:149)
	at org.apache.hadoop.hdds.scm.block.BlockManagerImpl.allocateBlock(BlockManagerImpl.java:190)
	at org.apache.hadoop.hdds.scm.server.SCMBlockProtocolServer.allocateBlock(SCMBlockProtocolServer.java:175)
	at org.apache.hadoop.ozone.protocolPB.ScmBlockLocationProtocolServerSideTranslatorPB.allocateScmBlock(ScmBlockLocationProtocolServerSideTranslatorPB.java:153)
	at org.apache.hadoop.ozone.protocolPB.ScmBlockLocationProtocolServerSideTranslatorPB.send(ScmBlockLocationProtocolServerSideTranslatorPB.java:112)
	at org.apache.hadoop.hdds.protocol.proto.ScmBlockLocationProtocolProtos$ScmBlockLocationProtocolService$2.callBlockingMethod(ScmBlockLocationProtocolProtos.java:13157)
	at org.apache.hadoop.ipc.ProtobufRpcEngine$Server$ProtoBufRpcInvoker.call(ProtobufRpcEngine.java:524)
	at org.apache.hadoop.ipc.RPC$Server.call(RPC.java:1025)
	at org.apache.hadoop.ipc.Server$RpcCall.run(Server.java:876)
	at org.apache.hadoop.ipc.Server$RpcCall.run(Server.java:822)
	at java.security.AccessController.doPrivileged(Native Method)
	at javax.security.auth.Subject.doAs(Subject.java:422)
	at org.apache.hadoop.security.UserGroupInformation.doAs(UserGroupInformation.java:1730)
	at org.apache.hadoop.ipc.Server$Handler.run(Server.java:2682)
2019-08-29 08:33:40,562 | INFO  | SCMAudit | user=jenkins1000 | ip=192.168.69.89 | op=ALLOCATE_BLOCK {owner=6e9d6dc0-e410-4131-a9fb-1686458013f7, size=4194304, type=RATIS, factor=THREE} | ret=SUCCESS |  
2019-08-29 08:33:40,584 | INFO  | OMAudit | user=jenkins1000 | ip=127.0.0.1 | op=ALLOCATE_KEY {volume=datanodefailurehandlingtest, bucket=datanodefailurehandlingtest, key=0de24179-cc66-419b-b9b0-7ec105897008, dataSize=25165824, replicationType=RATIS, replicationFactor=THREE, keyLocationInfo=null} | ret=SUCCESS |  
2019-08-29 08:33:40,616 | INFO  | SCMAudit | user=jenkins1000 | ip=192.168.69.89 | op=SEND_HEARTBEAT {datanodeUUID=4da055f9-cd9d-4c6f-9ab8-147a42717fcf, command=[]} | ret=SUCCESS |  
2019-08-29 08:33:40,641 | INFO  | SCMAudit | user=jenkins1000 | ip=192.168.69.89 | op=SEND_HEARTBEAT {datanodeUUID=129685ee-8122-4333-8930-3eeb8cf836af, command=[]} | ret=SUCCESS |  
2019-08-29 08:33:40,650 | INFO  | SCMAudit | user=jenkins1000 | ip=192.168.69.89 | op=SEND_HEARTBEAT {datanodeUUID=802c6c9d-4843-417e-8983-b6e40533cc1c, command=[]} | ret=SUCCESS |  
2019-08-29 08:33:40,664 [Thread-352] INFO  impl.FollowerState (FollowerState.java:run(106)) - f0c18ce4-0e5b-4823-99c8-fd716531bc5f:group-544DCBEC5E56 changes to CANDIDATE, lastRpcTime:1037, electionTimeout:1037ms
2019-08-29 08:33:40,669 [Thread-352] INFO  impl.RoleInfo (RoleInfo.java:shutdownFollowerState(121)) - f0c18ce4-0e5b-4823-99c8-fd716531bc5f: shutdown FollowerState
2019-08-29 08:33:40,669 [Thread-352] INFO  impl.RaftServerImpl (RaftServerImpl.java:setRole(171)) - f0c18ce4-0e5b-4823-99c8-fd716531bc5f:group-544DCBEC5E56 changes role from FOLLOWER to CANDIDATE at term 0 for changeToCandidate
2019-08-29 08:33:40,669 [Thread-352] INFO  impl.RoleInfo (RoleInfo.java:updateAndGet(143)) - f0c18ce4-0e5b-4823-99c8-fd716531bc5f: start LeaderElection
2019-08-29 08:33:40,723 [main] INFO  impl.MetricsSystemImpl (MetricsSystemImpl.java:init(158)) - XceiverClientMetrics metrics system started (again)
2019-08-29 08:33:40,745 [f0c18ce4-0e5b-4823-99c8-fd716531bc5f:group-544DCBEC5E56:LeaderElection10] INFO  impl.LeaderElection (LeaderElection.java:askForVotes(181)) - f0c18ce4-0e5b-4823-99c8-fd716531bc5f:group-544DCBEC5E56:LeaderElection10: begin an election at term 1 for -1: [f0c18ce4-0e5b-4823-99c8-fd716531bc5f:192.168.69.89:36167], old=null
2019-08-29 08:33:40,745 [f0c18ce4-0e5b-4823-99c8-fd716531bc5f:group-544DCBEC5E56:LeaderElection10] INFO  impl.RoleInfo (RoleInfo.java:shutdownLeaderElection(134)) - f0c18ce4-0e5b-4823-99c8-fd716531bc5f: shutdown LeaderElection
2019-08-29 08:33:40,745 [f0c18ce4-0e5b-4823-99c8-fd716531bc5f:group-544DCBEC5E56:LeaderElection10] INFO  impl.RaftServerImpl (RaftServerImpl.java:setRole(171)) - f0c18ce4-0e5b-4823-99c8-fd716531bc5f:group-544DCBEC5E56 changes role from CANDIDATE to LEADER at term 1 for changeToLeader
2019-08-29 08:33:40,745 [f0c18ce4-0e5b-4823-99c8-fd716531bc5f:group-544DCBEC5E56:LeaderElection10] INFO  impl.RaftServerImpl (ServerState.java:setLeader(263)) - f0c18ce4-0e5b-4823-99c8-fd716531bc5f:group-544DCBEC5E56 change Leader from null to f0c18ce4-0e5b-4823-99c8-fd716531bc5f at term 1 for becomeLeader, leader elected after 1266ms
2019-08-29 08:33:40,746 [f0c18ce4-0e5b-4823-99c8-fd716531bc5f:group-544DCBEC5E56:LeaderElection10] INFO  server.RaftServerConfigKeys (ConfUtils.java:logGet(43)) - raft.server.staging.catchup.gap = 1000 (default)
2019-08-29 08:33:40,746 [f0c18ce4-0e5b-4823-99c8-fd716531bc5f:group-544DCBEC5E56:LeaderElection10] INFO  server.RaftServerConfigKeys (ConfUtils.java:logGet(43)) - raft.server.rpc.sleep.time = 25ms (default)
2019-08-29 08:33:40,746 [f0c18ce4-0e5b-4823-99c8-fd716531bc5f:group-544DCBEC5E56:LeaderElection10] INFO  server.RaftServerConfigKeys (ConfUtils.java:logGet(43)) - raft.server.write.element-limit = 4096 (default)
2019-08-29 08:33:40,746 [f0c18ce4-0e5b-4823-99c8-fd716531bc5f:group-544DCBEC5E56:LeaderElection10] INFO  server.RaftServerConfigKeys (ConfUtils.java:logGet(43)) - raft.server.watch.timeout = 10s (default)
2019-08-29 08:33:40,746 [f0c18ce4-0e5b-4823-99c8-fd716531bc5f:group-544DCBEC5E56:LeaderElection10] INFO  server.RaftServerConfigKeys (ConfUtils.java:logGet(43)) - raft.server.watch.timeout.denomination = 1s (default)
2019-08-29 08:33:40,746 [f0c18ce4-0e5b-4823-99c8-fd716531bc5f:group-544DCBEC5E56:LeaderElection10] INFO  server.RaftServerConfigKeys (ConfUtils.java:logGet(43)) - raft.server.watch.element-limit = 65536 (default)
2019-08-29 08:33:40,747 [f0c18ce4-0e5b-4823-99c8-fd716531bc5f:group-544DCBEC5E56:LeaderElection10] INFO  impl.RoleInfo (RoleInfo.java:updateAndGet(143)) - f0c18ce4-0e5b-4823-99c8-fd716531bc5f: start LeaderState
2019-08-29 08:33:40,747 [f0c18ce4-0e5b-4823-99c8-fd716531bc5f:group-544DCBEC5E56:LeaderElection10] INFO  segmented.SegmentedRaftLogWorker (SegmentedRaftLogWorker.java:startLogSegment(380)) - f0c18ce4-0e5b-4823-99c8-fd716531bc5f-SegmentedRaftLogWorker:Storage Directory /workdir/hadoop-ozone/integration-test/target/test-dir/MiniOzoneClusterImpl-839c4a83-1072-4184-a39a-41aa01fb846d/datanode-9/data/ratis/1c628f6f-546c-4ba9-a778-544dcbec5e56: Starting segment from index:0
2019-08-29 08:33:40,748 [f0c18ce4-0e5b-4823-99c8-fd716531bc5f:group-544DCBEC5E56:LeaderElection10] INFO  impl.RaftServerImpl (ServerState.java:setRaftConf(361)) - f0c18ce4-0e5b-4823-99c8-fd716531bc5f:group-544DCBEC5E56 set configuration 0: [f0c18ce4-0e5b-4823-99c8-fd716531bc5f:192.168.69.89:36167], old=null at 0
2019-08-29 08:33:40,846 [f0c18ce4-0e5b-4823-99c8-fd716531bc5f-SegmentedRaftLogWorker:Storage Directory /workdir/hadoop-ozone/integration-test/target/test-dir/MiniOzoneClusterImpl-839c4a83-1072-4184-a39a-41aa01fb846d/datanode-9/data/ratis/1c628f6f-546c-4ba9-a778-544dcbec5e56] INFO  segmented.SegmentedRaftLogWorker (SegmentedRaftLogWorker.java:execute(569)) - f0c18ce4-0e5b-4823-99c8-fd716531bc5f-SegmentedRaftLogWorker:Storage Directory /workdir/hadoop-ozone/integration-test/target/test-dir/MiniOzoneClusterImpl-839c4a83-1072-4184-a39a-41aa01fb846d/datanode-9/data/ratis/1c628f6f-546c-4ba9-a778-544dcbec5e56: created new log segment /workdir/hadoop-ozone/integration-test/target/test-dir/MiniOzoneClusterImpl-839c4a83-1072-4184-a39a-41aa01fb846d/datanode-9/data/ratis/1c628f6f-546c-4ba9-a778-544dcbec5e56/current/log_inprogress_0
2019-08-29 08:33:40,873 | INFO  | SCMAudit | user=jenkins1000 | ip=192.168.69.89 | op=SEND_HEARTBEAT {datanodeUUID=f0c18ce4-0e5b-4823-99c8-fd716531bc5f, command=[]} | ret=SUCCESS |  
2019-08-29 08:33:40,874 [grpc-default-executor-3] INFO  client.GrpcClientProtocolClient (GrpcClientProtocolClient.java:onNext(255)) - client-170632F83769->fe546585-3c52-42ae-8754-1a35dad17d3f: receive RaftClientReply:client-170632F83769->fe546585-3c52-42ae-8754-1a35dad17d3f@group-4F259F9E67CD, cid=23, FAILED org.apache.ratis.protocol.NotLeaderException: Server fe546585-3c52-42ae-8754-1a35dad17d3f is not the leader (null). Request must be sent to leader., logIndex=0, commits[fe546585-3c52-42ae-8754-1a35dad17d3f:c-1]
2019-08-29 08:33:40,876 [Thread-355] INFO  impl.FollowerState (FollowerState.java:run(106)) - 99586f2f-9d87-40a3-9061-4566008201fd:group-460952194E1B changes to CANDIDATE, lastRpcTime:1166, electionTimeout:1165ms
2019-08-29 08:33:40,879 [Thread-355] INFO  impl.RoleInfo (RoleInfo.java:shutdownFollowerState(121)) - 99586f2f-9d87-40a3-9061-4566008201fd: shutdown FollowerState
2019-08-29 08:33:40,879 [Thread-355] INFO  impl.RaftServerImpl (RaftServerImpl.java:setRole(171)) - 99586f2f-9d87-40a3-9061-4566008201fd:group-460952194E1B changes role from FOLLOWER to CANDIDATE at term 0 for changeToCandidate
2019-08-29 08:33:40,879 [Thread-355] INFO  impl.RoleInfo (RoleInfo.java:updateAndGet(143)) - 99586f2f-9d87-40a3-9061-4566008201fd: start LeaderElection
2019-08-29 08:33:40,922 [99586f2f-9d87-40a3-9061-4566008201fd:group-460952194E1B:LeaderElection11] INFO  impl.LeaderElection (LeaderElection.java:askForVotes(181)) - 99586f2f-9d87-40a3-9061-4566008201fd:group-460952194E1B:LeaderElection11: begin an election at term 1 for -1: [99586f2f-9d87-40a3-9061-4566008201fd:192.168.69.89:38980], old=null
2019-08-29 08:33:40,931 [99586f2f-9d87-40a3-9061-4566008201fd:group-460952194E1B:LeaderElection11] INFO  impl.RoleInfo (RoleInfo.java:shutdownLeaderElection(134)) - 99586f2f-9d87-40a3-9061-4566008201fd: shutdown LeaderElection
2019-08-29 08:33:40,931 [99586f2f-9d87-40a3-9061-4566008201fd:group-460952194E1B:LeaderElection11] INFO  impl.RaftServerImpl (RaftServerImpl.java:setRole(171)) - 99586f2f-9d87-40a3-9061-4566008201fd:group-460952194E1B changes role from CANDIDATE to LEADER at term 1 for changeToLeader
2019-08-29 08:33:40,932 [99586f2f-9d87-40a3-9061-4566008201fd:group-460952194E1B:LeaderElection11] INFO  impl.RaftServerImpl (ServerState.java:setLeader(263)) - 99586f2f-9d87-40a3-9061-4566008201fd:group-460952194E1B change Leader from null to 99586f2f-9d87-40a3-9061-4566008201fd at term 1 for becomeLeader, leader elected after 1224ms
2019-08-29 08:33:40,932 [99586f2f-9d87-40a3-9061-4566008201fd:group-460952194E1B:LeaderElection11] INFO  server.RaftServerConfigKeys (ConfUtils.java:logGet(43)) - raft.server.staging.catchup.gap = 1000 (default)
2019-08-29 08:33:40,932 [99586f2f-9d87-40a3-9061-4566008201fd:group-460952194E1B:LeaderElection11] INFO  server.RaftServerConfigKeys (ConfUtils.java:logGet(43)) - raft.server.rpc.sleep.time = 25ms (default)
2019-08-29 08:33:40,932 [99586f2f-9d87-40a3-9061-4566008201fd:group-460952194E1B:LeaderElection11] INFO  server.RaftServerConfigKeys (ConfUtils.java:logGet(43)) - raft.server.write.element-limit = 4096 (default)
2019-08-29 08:33:40,932 [99586f2f-9d87-40a3-9061-4566008201fd:group-460952194E1B:LeaderElection11] INFO  server.RaftServerConfigKeys (ConfUtils.java:logGet(43)) - raft.server.watch.timeout = 10s (default)
2019-08-29 08:33:40,932 [99586f2f-9d87-40a3-9061-4566008201fd:group-460952194E1B:LeaderElection11] INFO  server.RaftServerConfigKeys (ConfUtils.java:logGet(43)) - raft.server.watch.timeout.denomination = 1s (default)
2019-08-29 08:33:40,932 [99586f2f-9d87-40a3-9061-4566008201fd:group-460952194E1B:LeaderElection11] INFO  server.RaftServerConfigKeys (ConfUtils.java:logGet(43)) - raft.server.watch.element-limit = 65536 (default)
2019-08-29 08:33:40,933 [99586f2f-9d87-40a3-9061-4566008201fd:group-460952194E1B:LeaderElection11] INFO  impl.RoleInfo (RoleInfo.java:updateAndGet(143)) - 99586f2f-9d87-40a3-9061-4566008201fd: start LeaderState
2019-08-29 08:33:40,933 [99586f2f-9d87-40a3-9061-4566008201fd:group-460952194E1B:LeaderElection11] INFO  segmented.SegmentedRaftLogWorker (SegmentedRaftLogWorker.java:startLogSegment(380)) - 99586f2f-9d87-40a3-9061-4566008201fd-SegmentedRaftLogWorker:Storage Directory /workdir/hadoop-ozone/integration-test/target/test-dir/MiniOzoneClusterImpl-839c4a83-1072-4184-a39a-41aa01fb846d/datanode-5/data/ratis/89c1e31b-d436-460b-9a16-460952194e1b: Starting segment from index:0
2019-08-29 08:33:40,933 [99586f2f-9d87-40a3-9061-4566008201fd:group-460952194E1B:LeaderElection11] INFO  impl.RaftServerImpl (ServerState.java:setRaftConf(361)) - 99586f2f-9d87-40a3-9061-4566008201fd:group-460952194E1B set configuration 0: [99586f2f-9d87-40a3-9061-4566008201fd:192.168.69.89:38980], old=null at 0
2019-08-29 08:33:40,964 [Thread-361] INFO  impl.FollowerState (FollowerState.java:run(106)) - e7b9916e-4eca-4156-a086-839e4ffd13a0:group-CE428A2E4B7D changes to CANDIDATE, lastRpcTime:1050, electionTimeout:1026ms
2019-08-29 08:33:40,964 [Thread-361] INFO  impl.RoleInfo (RoleInfo.java:shutdownFollowerState(121)) - e7b9916e-4eca-4156-a086-839e4ffd13a0: shutdown FollowerState
2019-08-29 08:33:40,964 [Thread-361] INFO  impl.RaftServerImpl (RaftServerImpl.java:setRole(171)) - e7b9916e-4eca-4156-a086-839e4ffd13a0:group-CE428A2E4B7D changes role from FOLLOWER to CANDIDATE at term 0 for changeToCandidate
2019-08-29 08:33:40,964 [Thread-361] INFO  impl.RoleInfo (RoleInfo.java:updateAndGet(143)) - e7b9916e-4eca-4156-a086-839e4ffd13a0: start LeaderElection
2019-08-29 08:33:40,964 | INFO  | SCMAudit | user=jenkins1000 | ip=192.168.69.89 | op=SEND_HEARTBEAT {datanodeUUID=99586f2f-9d87-40a3-9061-4566008201fd, command=[]} | ret=SUCCESS |  
2019-08-29 08:33:40,964 | INFO  | SCMAudit | user=jenkins1000 | ip=192.168.69.89 | op=SEND_HEARTBEAT {datanodeUUID=e7b9916e-4eca-4156-a086-839e4ffd13a0, command=[]} | ret=SUCCESS |  
2019-08-29 08:33:40,970 [Thread-358] INFO  impl.FollowerState (FollowerState.java:run(106)) - bcbb4469-e902-4083-b3d9-1bab9ea4cd29:group-DCD4534FD442 changes to CANDIDATE, lastRpcTime:1166, electionTimeout:1166ms
2019-08-29 08:33:40,970 [Thread-358] INFO  impl.RoleInfo (RoleInfo.java:shutdownFollowerState(121)) - bcbb4469-e902-4083-b3d9-1bab9ea4cd29: shutdown FollowerState
2019-08-29 08:33:40,970 [Thread-358] INFO  impl.RaftServerImpl (RaftServerImpl.java:setRole(171)) - bcbb4469-e902-4083-b3d9-1bab9ea4cd29:group-DCD4534FD442 changes role from FOLLOWER to CANDIDATE at term 0 for changeToCandidate
2019-08-29 08:33:40,970 [Thread-358] INFO  impl.RoleInfo (RoleInfo.java:updateAndGet(143)) - bcbb4469-e902-4083-b3d9-1bab9ea4cd29: start LeaderElection
2019-08-29 08:33:41,007 [99586f2f-9d87-40a3-9061-4566008201fd-SegmentedRaftLogWorker:Storage Directory /workdir/hadoop-ozone/integration-test/target/test-dir/MiniOzoneClusterImpl-839c4a83-1072-4184-a39a-41aa01fb846d/datanode-5/data/ratis/89c1e31b-d436-460b-9a16-460952194e1b] INFO  segmented.SegmentedRaftLogWorker (SegmentedRaftLogWorker.java:execute(569)) - 99586f2f-9d87-40a3-9061-4566008201fd-SegmentedRaftLogWorker:Storage Directory /workdir/hadoop-ozone/integration-test/target/test-dir/MiniOzoneClusterImpl-839c4a83-1072-4184-a39a-41aa01fb846d/datanode-5/data/ratis/89c1e31b-d436-460b-9a16-460952194e1b: created new log segment /workdir/hadoop-ozone/integration-test/target/test-dir/MiniOzoneClusterImpl-839c4a83-1072-4184-a39a-41aa01fb846d/datanode-5/data/ratis/89c1e31b-d436-460b-9a16-460952194e1b/current/log_inprogress_0
2019-08-29 08:33:41,007 [bcbb4469-e902-4083-b3d9-1bab9ea4cd29:group-DCD4534FD442:LeaderElection13] INFO  impl.LeaderElection (LeaderElection.java:askForVotes(181)) - bcbb4469-e902-4083-b3d9-1bab9ea4cd29:group-DCD4534FD442:LeaderElection13: begin an election at term 1 for -1: [bcbb4469-e902-4083-b3d9-1bab9ea4cd29:192.168.69.89:42960], old=null
2019-08-29 08:33:41,007 [e7b9916e-4eca-4156-a086-839e4ffd13a0:group-CE428A2E4B7D:LeaderElection12] INFO  impl.LeaderElection (LeaderElection.java:askForVotes(181)) - e7b9916e-4eca-4156-a086-839e4ffd13a0:group-CE428A2E4B7D:LeaderElection12: begin an election at term 1 for -1: [e7b9916e-4eca-4156-a086-839e4ffd13a0:192.168.69.89:37189], old=null
2019-08-29 08:33:41,008 [bcbb4469-e902-4083-b3d9-1bab9ea4cd29:group-DCD4534FD442:LeaderElection13] INFO  impl.RoleInfo (RoleInfo.java:shutdownLeaderElection(134)) - bcbb4469-e902-4083-b3d9-1bab9ea4cd29: shutdown LeaderElection
2019-08-29 08:33:41,008 [e7b9916e-4eca-4156-a086-839e4ffd13a0:group-CE428A2E4B7D:LeaderElection12] INFO  impl.RoleInfo (RoleInfo.java:shutdownLeaderElection(134)) - e7b9916e-4eca-4156-a086-839e4ffd13a0: shutdown LeaderElection
2019-08-29 08:33:41,008 [bcbb4469-e902-4083-b3d9-1bab9ea4cd29:group-DCD4534FD442:LeaderElection13] INFO  impl.RaftServerImpl (RaftServerImpl.java:setRole(171)) - bcbb4469-e902-4083-b3d9-1bab9ea4cd29:group-DCD4534FD442 changes role from CANDIDATE to LEADER at term 1 for changeToLeader
2019-08-29 08:33:41,008 [e7b9916e-4eca-4156-a086-839e4ffd13a0:group-CE428A2E4B7D:LeaderElection12] INFO  impl.RaftServerImpl (RaftServerImpl.java:setRole(171)) - e7b9916e-4eca-4156-a086-839e4ffd13a0:group-CE428A2E4B7D changes role from CANDIDATE to LEADER at term 1 for changeToLeader
2019-08-29 08:33:41,008 [bcbb4469-e902-4083-b3d9-1bab9ea4cd29:group-DCD4534FD442:LeaderElection13] INFO  impl.RaftServerImpl (ServerState.java:setLeader(263)) - bcbb4469-e902-4083-b3d9-1bab9ea4cd29:group-DCD4534FD442 change Leader from null to bcbb4469-e902-4083-b3d9-1bab9ea4cd29 at term 1 for becomeLeader, leader elected after 1208ms
2019-08-29 08:33:41,008 [e7b9916e-4eca-4156-a086-839e4ffd13a0:group-CE428A2E4B7D:LeaderElection12] INFO  impl.RaftServerImpl (ServerState.java:setLeader(263)) - e7b9916e-4eca-4156-a086-839e4ffd13a0:group-CE428A2E4B7D change Leader from null to e7b9916e-4eca-4156-a086-839e4ffd13a0 at term 1 for becomeLeader, leader elected after 1102ms
2019-08-29 08:33:41,009 [bcbb4469-e902-4083-b3d9-1bab9ea4cd29:group-DCD4534FD442:LeaderElection13] INFO  server.RaftServerConfigKeys (ConfUtils.java:logGet(43)) - raft.server.staging.catchup.gap = 1000 (default)
2019-08-29 08:33:41,009 [e7b9916e-4eca-4156-a086-839e4ffd13a0:group-CE428A2E4B7D:LeaderElection12] INFO  server.RaftServerConfigKeys (ConfUtils.java:logGet(43)) - raft.server.staging.catchup.gap = 1000 (default)
2019-08-29 08:33:41,009 [bcbb4469-e902-4083-b3d9-1bab9ea4cd29:group-DCD4534FD442:LeaderElection13] INFO  server.RaftServerConfigKeys (ConfUtils.java:logGet(43)) - raft.server.rpc.sleep.time = 25ms (default)
2019-08-29 08:33:41,009 [e7b9916e-4eca-4156-a086-839e4ffd13a0:group-CE428A2E4B7D:LeaderElection12] INFO  server.RaftServerConfigKeys (ConfUtils.java:logGet(43)) - raft.server.rpc.sleep.time = 25ms (default)
2019-08-29 08:33:41,009 [bcbb4469-e902-4083-b3d9-1bab9ea4cd29:group-DCD4534FD442:LeaderElection13] INFO  server.RaftServerConfigKeys (ConfUtils.java:logGet(43)) - raft.server.write.element-limit = 4096 (default)
2019-08-29 08:33:41,009 [e7b9916e-4eca-4156-a086-839e4ffd13a0:group-CE428A2E4B7D:LeaderElection12] INFO  server.RaftServerConfigKeys (ConfUtils.java:logGet(43)) - raft.server.write.element-limit = 4096 (default)
2019-08-29 08:33:41,009 [bcbb4469-e902-4083-b3d9-1bab9ea4cd29:group-DCD4534FD442:LeaderElection13] INFO  server.RaftServerConfigKeys (ConfUtils.java:logGet(43)) - raft.server.watch.timeout = 10s (default)
2019-08-29 08:33:41,009 [e7b9916e-4eca-4156-a086-839e4ffd13a0:group-CE428A2E4B7D:LeaderElection12] INFO  server.RaftServerConfigKeys (ConfUtils.java:logGet(43)) - raft.server.watch.timeout = 10s (default)
2019-08-29 08:33:41,009 [bcbb4469-e902-4083-b3d9-1bab9ea4cd29:group-DCD4534FD442:LeaderElection13] INFO  server.RaftServerConfigKeys (ConfUtils.java:logGet(43)) - raft.server.watch.timeout.denomination = 1s (default)
2019-08-29 08:33:41,010 [e7b9916e-4eca-4156-a086-839e4ffd13a0:group-CE428A2E4B7D:LeaderElection12] INFO  server.RaftServerConfigKeys (ConfUtils.java:logGet(43)) - raft.server.watch.timeout.denomination = 1s (default)
2019-08-29 08:33:41,010 [bcbb4469-e902-4083-b3d9-1bab9ea4cd29:group-DCD4534FD442:LeaderElection13] INFO  server.RaftServerConfigKeys (ConfUtils.java:logGet(43)) - raft.server.watch.element-limit = 65536 (default)
2019-08-29 08:33:41,010 [e7b9916e-4eca-4156-a086-839e4ffd13a0:group-CE428A2E4B7D:LeaderElection12] INFO  server.RaftServerConfigKeys (ConfUtils.java:logGet(43)) - raft.server.watch.element-limit = 65536 (default)
2019-08-29 08:33:41,010 [bcbb4469-e902-4083-b3d9-1bab9ea4cd29:group-DCD4534FD442:LeaderElection13] INFO  impl.RoleInfo (RoleInfo.java:updateAndGet(143)) - bcbb4469-e902-4083-b3d9-1bab9ea4cd29: start LeaderState
2019-08-29 08:33:41,010 [e7b9916e-4eca-4156-a086-839e4ffd13a0:group-CE428A2E4B7D:LeaderElection12] INFO  impl.RoleInfo (RoleInfo.java:updateAndGet(143)) - e7b9916e-4eca-4156-a086-839e4ffd13a0: start LeaderState
2019-08-29 08:33:41,010 [bcbb4469-e902-4083-b3d9-1bab9ea4cd29:group-DCD4534FD442:LeaderElection13] INFO  segmented.SegmentedRaftLogWorker (SegmentedRaftLogWorker.java:startLogSegment(380)) - bcbb4469-e902-4083-b3d9-1bab9ea4cd29-SegmentedRaftLogWorker:Storage Directory /workdir/hadoop-ozone/integration-test/target/test-dir/MiniOzoneClusterImpl-839c4a83-1072-4184-a39a-41aa01fb846d/datanode-6/data/ratis/5f82f049-73e5-447d-8ebe-dcd4534fd442: Starting segment from index:0
2019-08-29 08:33:41,011 [e7b9916e-4eca-4156-a086-839e4ffd13a0:group-CE428A2E4B7D:LeaderElection12] INFO  segmented.SegmentedRaftLogWorker (SegmentedRaftLogWorker.java:startLogSegment(380)) - e7b9916e-4eca-4156-a086-839e4ffd13a0-SegmentedRaftLogWorker:Storage Directory /workdir/hadoop-ozone/integration-test/target/test-dir/MiniOzoneClusterImpl-839c4a83-1072-4184-a39a-41aa01fb846d/datanode-1/data/ratis/0752e0e4-9e35-484e-b573-ce428a2e4b7d: Starting segment from index:0
2019-08-29 08:33:41,011 [bcbb4469-e902-4083-b3d9-1bab9ea4cd29:group-DCD4534FD442:LeaderElection13] INFO  impl.RaftServerImpl (ServerState.java:setRaftConf(361)) - bcbb4469-e902-4083-b3d9-1bab9ea4cd29:group-DCD4534FD442 set configuration 0: [bcbb4469-e902-4083-b3d9-1bab9ea4cd29:192.168.69.89:42960], old=null at 0
2019-08-29 08:33:41,015 [e7b9916e-4eca-4156-a086-839e4ffd13a0:group-CE428A2E4B7D:LeaderElection12] INFO  impl.RaftServerImpl (ServerState.java:setRaftConf(361)) - e7b9916e-4eca-4156-a086-839e4ffd13a0:group-CE428A2E4B7D set configuration 0: [e7b9916e-4eca-4156-a086-839e4ffd13a0:192.168.69.89:37189], old=null at 0
2019-08-29 08:33:41,075 [bcbb4469-e902-4083-b3d9-1bab9ea4cd29-SegmentedRaftLogWorker:Storage Directory /workdir/hadoop-ozone/integration-test/target/test-dir/MiniOzoneClusterImpl-839c4a83-1072-4184-a39a-41aa01fb846d/datanode-6/data/ratis/5f82f049-73e5-447d-8ebe-dcd4534fd442] INFO  segmented.SegmentedRaftLogWorker (SegmentedRaftLogWorker.java:execute(569)) - bcbb4469-e902-4083-b3d9-1bab9ea4cd29-SegmentedRaftLogWorker:Storage Directory /workdir/hadoop-ozone/integration-test/target/test-dir/MiniOzoneClusterImpl-839c4a83-1072-4184-a39a-41aa01fb846d/datanode-6/data/ratis/5f82f049-73e5-447d-8ebe-dcd4534fd442: created new log segment /workdir/hadoop-ozone/integration-test/target/test-dir/MiniOzoneClusterImpl-839c4a83-1072-4184-a39a-41aa01fb846d/datanode-6/data/ratis/5f82f049-73e5-447d-8ebe-dcd4534fd442/current/log_inprogress_0
2019-08-29 08:33:41,075 [e7b9916e-4eca-4156-a086-839e4ffd13a0-SegmentedRaftLogWorker:Storage Directory /workdir/hadoop-ozone/integration-test/target/test-dir/MiniOzoneClusterImpl-839c4a83-1072-4184-a39a-41aa01fb846d/datanode-1/data/ratis/0752e0e4-9e35-484e-b573-ce428a2e4b7d] INFO  segmented.SegmentedRaftLogWorker (SegmentedRaftLogWorker.java:execute(569)) - e7b9916e-4eca-4156-a086-839e4ffd13a0-SegmentedRaftLogWorker:Storage Directory /workdir/hadoop-ozone/integration-test/target/test-dir/MiniOzoneClusterImpl-839c4a83-1072-4184-a39a-41aa01fb846d/datanode-1/data/ratis/0752e0e4-9e35-484e-b573-ce428a2e4b7d: created new log segment /workdir/hadoop-ozone/integration-test/target/test-dir/MiniOzoneClusterImpl-839c4a83-1072-4184-a39a-41aa01fb846d/datanode-1/data/ratis/0752e0e4-9e35-484e-b573-ce428a2e4b7d/current/log_inprogress_0
2019-08-29 08:33:41,176 | INFO  | SCMAudit | user=jenkins1000 | ip=192.168.69.89 | op=SEND_HEARTBEAT {datanodeUUID=bcbb4469-e902-4083-b3d9-1bab9ea4cd29, command=[]} | ret=SUCCESS |  
2019-08-29 08:33:41,183 [Thread-366] INFO  impl.FollowerState (FollowerState.java:run(106)) - 7a9bfe55-9a1e-4d2f-9ebd-558835cfe40a:group-50748D818F34 changes to CANDIDATE, lastRpcTime:1088, electionTimeout:1088ms
2019-08-29 08:33:41,183 [Thread-366] INFO  impl.RoleInfo (RoleInfo.java:shutdownFollowerState(121)) - 7a9bfe55-9a1e-4d2f-9ebd-558835cfe40a: shutdown FollowerState
2019-08-29 08:33:41,183 [Thread-366] INFO  impl.RaftServerImpl (RaftServerImpl.java:setRole(171)) - 7a9bfe55-9a1e-4d2f-9ebd-558835cfe40a:group-50748D818F34 changes role from FOLLOWER to CANDIDATE at term 0 for changeToCandidate
2019-08-29 08:33:41,183 [Thread-366] INFO  impl.RoleInfo (RoleInfo.java:updateAndGet(143)) - 7a9bfe55-9a1e-4d2f-9ebd-558835cfe40a: start LeaderElection
2019-08-29 08:33:41,251 [7a9bfe55-9a1e-4d2f-9ebd-558835cfe40a:group-50748D818F34:LeaderElection14] INFO  impl.LeaderElection (LeaderElection.java:askForVotes(181)) - 7a9bfe55-9a1e-4d2f-9ebd-558835cfe40a:group-50748D818F34:LeaderElection14: begin an election at term 1 for -1: [7a9bfe55-9a1e-4d2f-9ebd-558835cfe40a:192.168.69.89:46617], old=null
2019-08-29 08:33:41,251 [7a9bfe55-9a1e-4d2f-9ebd-558835cfe40a:group-50748D818F34:LeaderElection14] INFO  impl.RoleInfo (RoleInfo.java:shutdownLeaderElection(134)) - 7a9bfe55-9a1e-4d2f-9ebd-558835cfe40a: shutdown LeaderElection
2019-08-29 08:33:41,252 [7a9bfe55-9a1e-4d2f-9ebd-558835cfe40a:group-50748D818F34:LeaderElection14] INFO  impl.RaftServerImpl (RaftServerImpl.java:setRole(171)) - 7a9bfe55-9a1e-4d2f-9ebd-558835cfe40a:group-50748D818F34 changes role from CANDIDATE to LEADER at term 1 for changeToLeader
2019-08-29 08:33:41,252 [7a9bfe55-9a1e-4d2f-9ebd-558835cfe40a:group-50748D818F34:LeaderElection14] INFO  impl.RaftServerImpl (ServerState.java:setLeader(263)) - 7a9bfe55-9a1e-4d2f-9ebd-558835cfe40a:group-50748D818F34 change Leader from null to 7a9bfe55-9a1e-4d2f-9ebd-558835cfe40a at term 1 for becomeLeader, leader elected after 1161ms
2019-08-29 08:33:41,252 [7a9bfe55-9a1e-4d2f-9ebd-558835cfe40a:group-50748D818F34:LeaderElection14] INFO  server.RaftServerConfigKeys (ConfUtils.java:logGet(43)) - raft.server.staging.catchup.gap = 1000 (default)
2019-08-29 08:33:41,252 [7a9bfe55-9a1e-4d2f-9ebd-558835cfe40a:group-50748D818F34:LeaderElection14] INFO  server.RaftServerConfigKeys (ConfUtils.java:logGet(43)) - raft.server.rpc.sleep.time = 25ms (default)
2019-08-29 08:33:41,252 [7a9bfe55-9a1e-4d2f-9ebd-558835cfe40a:group-50748D818F34:LeaderElection14] INFO  server.RaftServerConfigKeys (ConfUtils.java:logGet(43)) - raft.server.write.element-limit = 4096 (default)
2019-08-29 08:33:41,252 [7a9bfe55-9a1e-4d2f-9ebd-558835cfe40a:group-50748D818F34:LeaderElection14] INFO  server.RaftServerConfigKeys (ConfUtils.java:logGet(43)) - raft.server.watch.timeout = 10s (default)
2019-08-29 08:33:41,252 [7a9bfe55-9a1e-4d2f-9ebd-558835cfe40a:group-50748D818F34:LeaderElection14] INFO  server.RaftServerConfigKeys (ConfUtils.java:logGet(43)) - raft.server.watch.timeout.denomination = 1s (default)
2019-08-29 08:33:41,253 [7a9bfe55-9a1e-4d2f-9ebd-558835cfe40a:group-50748D818F34:LeaderElection14] INFO  server.RaftServerConfigKeys (ConfUtils.java:logGet(43)) - raft.server.watch.element-limit = 65536 (default)
2019-08-29 08:33:41,253 [7a9bfe55-9a1e-4d2f-9ebd-558835cfe40a:group-50748D818F34:LeaderElection14] INFO  impl.RoleInfo (RoleInfo.java:updateAndGet(143)) - 7a9bfe55-9a1e-4d2f-9ebd-558835cfe40a: start LeaderState
2019-08-29 08:33:41,253 [7a9bfe55-9a1e-4d2f-9ebd-558835cfe40a:group-50748D818F34:LeaderElection14] INFO  segmented.SegmentedRaftLogWorker (SegmentedRaftLogWorker.java:startLogSegment(380)) - 7a9bfe55-9a1e-4d2f-9ebd-558835cfe40a-SegmentedRaftLogWorker:Storage Directory /workdir/hadoop-ozone/integration-test/target/test-dir/MiniOzoneClusterImpl-839c4a83-1072-4184-a39a-41aa01fb846d/datanode-2/data/ratis/9f26a0ef-a6e8-4332-8e4d-50748d818f34: Starting segment from index:0
2019-08-29 08:33:41,254 [7a9bfe55-9a1e-4d2f-9ebd-558835cfe40a:group-50748D818F34:LeaderElection14] INFO  impl.RaftServerImpl (ServerState.java:setRaftConf(361)) - 7a9bfe55-9a1e-4d2f-9ebd-558835cfe40a:group-50748D818F34 set configuration 0: [7a9bfe55-9a1e-4d2f-9ebd-558835cfe40a:192.168.69.89:46617], old=null at 0
2019-08-29 08:33:41,294 [Thread-371] INFO  impl.FollowerState (FollowerState.java:run(106)) - 802c6c9d-4843-417e-8983-b6e40533cc1c:group-4F259F9E67CD changes to CANDIDATE, lastRpcTime:1112, electionTimeout:1101ms
2019-08-29 08:33:41,294 [Thread-370] INFO  impl.FollowerState (FollowerState.java:run(106)) - fe546585-3c52-42ae-8754-1a35dad17d3f:group-4F259F9E67CD changes to CANDIDATE, lastRpcTime:1113, electionTimeout:1088ms
2019-08-29 08:33:41,294 [Thread-371] INFO  impl.RoleInfo (RoleInfo.java:shutdownFollowerState(121)) - 802c6c9d-4843-417e-8983-b6e40533cc1c: shutdown FollowerState
2019-08-29 08:33:41,294 [Thread-370] INFO  impl.RoleInfo (RoleInfo.java:shutdownFollowerState(121)) - fe546585-3c52-42ae-8754-1a35dad17d3f: shutdown FollowerState
2019-08-29 08:33:41,294 [Thread-371] INFO  impl.RaftServerImpl (RaftServerImpl.java:setRole(171)) - 802c6c9d-4843-417e-8983-b6e40533cc1c:group-4F259F9E67CD changes role from FOLLOWER to CANDIDATE at term 0 for changeToCandidate
2019-08-29 08:33:41,294 [Thread-370] INFO  impl.RaftServerImpl (RaftServerImpl.java:setRole(171)) - fe546585-3c52-42ae-8754-1a35dad17d3f:group-4F259F9E67CD changes role from FOLLOWER to CANDIDATE at term 0 for changeToCandidate
2019-08-29 08:33:41,295 [Thread-371] INFO  impl.RoleInfo (RoleInfo.java:updateAndGet(143)) - 802c6c9d-4843-417e-8983-b6e40533cc1c: start LeaderElection
2019-08-29 08:33:41,295 [Thread-370] INFO  impl.RoleInfo (RoleInfo.java:updateAndGet(143)) - fe546585-3c52-42ae-8754-1a35dad17d3f: start LeaderElection
2019-08-29 08:33:41,327 [7a9bfe55-9a1e-4d2f-9ebd-558835cfe40a-SegmentedRaftLogWorker:Storage Directory /workdir/hadoop-ozone/integration-test/target/test-dir/MiniOzoneClusterImpl-839c4a83-1072-4184-a39a-41aa01fb846d/datanode-2/data/ratis/9f26a0ef-a6e8-4332-8e4d-50748d818f34] INFO  segmented.SegmentedRaftLogWorker (SegmentedRaftLogWorker.java:execute(569)) - 7a9bfe55-9a1e-4d2f-9ebd-558835cfe40a-SegmentedRaftLogWorker:Storage Directory /workdir/hadoop-ozone/integration-test/target/test-dir/MiniOzoneClusterImpl-839c4a83-1072-4184-a39a-41aa01fb846d/datanode-2/data/ratis/9f26a0ef-a6e8-4332-8e4d-50748d818f34: created new log segment /workdir/hadoop-ozone/integration-test/target/test-dir/MiniOzoneClusterImpl-839c4a83-1072-4184-a39a-41aa01fb846d/datanode-2/data/ratis/9f26a0ef-a6e8-4332-8e4d-50748d818f34/current/log_inprogress_0
2019-08-29 08:33:41,327 [fe546585-3c52-42ae-8754-1a35dad17d3f:group-4F259F9E67CD:LeaderElection16] INFO  impl.LeaderElection (LeaderElection.java:askForVotes(181)) - fe546585-3c52-42ae-8754-1a35dad17d3f:group-4F259F9E67CD:LeaderElection16: begin an election at term 1 for -1: [802c6c9d-4843-417e-8983-b6e40533cc1c:192.168.69.89:37103, 129685ee-8122-4333-8930-3eeb8cf836af:192.168.69.89:45580, fe546585-3c52-42ae-8754-1a35dad17d3f:192.168.69.89:45996], old=null
2019-08-29 08:33:41,327 [802c6c9d-4843-417e-8983-b6e40533cc1c:group-4F259F9E67CD:LeaderElection15] INFO  impl.LeaderElection (LeaderElection.java:askForVotes(181)) - 802c6c9d-4843-417e-8983-b6e40533cc1c:group-4F259F9E67CD:LeaderElection15: begin an election at term 1 for -1: [802c6c9d-4843-417e-8983-b6e40533cc1c:192.168.69.89:37103, 129685ee-8122-4333-8930-3eeb8cf836af:192.168.69.89:45580, fe546585-3c52-42ae-8754-1a35dad17d3f:192.168.69.89:45996], old=null
2019-08-29 08:33:41,331 [Thread-375] INFO  impl.FollowerState (FollowerState.java:run(106)) - 129685ee-8122-4333-8930-3eeb8cf836af:group-4F259F9E67CD changes to CANDIDATE, lastRpcTime:1098, electionTimeout:1096ms
2019-08-29 08:33:41,334 [Thread-375] INFO  impl.RoleInfo (RoleInfo.java:shutdownFollowerState(121)) - 129685ee-8122-4333-8930-3eeb8cf836af: shutdown FollowerState
2019-08-29 08:33:41,335 [Thread-375] INFO  impl.RaftServerImpl (RaftServerImpl.java:setRole(171)) - 129685ee-8122-4333-8930-3eeb8cf836af:group-4F259F9E67CD changes role from FOLLOWER to CANDIDATE at term 0 for changeToCandidate
2019-08-29 08:33:41,335 [Thread-375] INFO  impl.RoleInfo (RoleInfo.java:updateAndGet(143)) - 129685ee-8122-4333-8930-3eeb8cf836af: start LeaderElection
2019-08-29 08:33:41,381 | INFO  | SCMAudit | user=jenkins1000 | ip=192.168.69.89 | op=SEND_HEARTBEAT {datanodeUUID=7a9bfe55-9a1e-4d2f-9ebd-558835cfe40a, command=[]} | ret=SUCCESS |  
2019-08-29 08:33:41,411 [129685ee-8122-4333-8930-3eeb8cf836af:group-4F259F9E67CD:LeaderElection17] INFO  impl.LeaderElection (LeaderElection.java:askForVotes(181)) - 129685ee-8122-4333-8930-3eeb8cf836af:group-4F259F9E67CD:LeaderElection17: begin an election at term 1 for -1: [802c6c9d-4843-417e-8983-b6e40533cc1c:192.168.69.89:37103, 129685ee-8122-4333-8930-3eeb8cf836af:192.168.69.89:45580, fe546585-3c52-42ae-8754-1a35dad17d3f:192.168.69.89:45996], old=null
2019-08-29 08:33:41,414 [802c6c9d-4843-417e-8983-b6e40533cc1c:group-4F259F9E67CD:LeaderElection15] INFO  impl.LeaderElection (LeaderElection.java:logAndReturn(56)) - 802c6c9d-4843-417e-8983-b6e40533cc1c:group-4F259F9E67CD:LeaderElection15: Election REJECTED; received 2 response(s) [802c6c9d-4843-417e-8983-b6e40533cc1c<-129685ee-8122-4333-8930-3eeb8cf836af#0:FAIL-t1, 802c6c9d-4843-417e-8983-b6e40533cc1c<-fe546585-3c52-42ae-8754-1a35dad17d3f#0:FAIL-t1] and 0 exception(s); 802c6c9d-4843-417e-8983-b6e40533cc1c:t1, leader=null, voted=802c6c9d-4843-417e-8983-b6e40533cc1c, raftlog=802c6c9d-4843-417e-8983-b6e40533cc1c-SegmentedRaftLog:OPENED:c-1,f-1,i0, conf=-1: [802c6c9d-4843-417e-8983-b6e40533cc1c:192.168.69.89:37103, 129685ee-8122-4333-8930-3eeb8cf836af:192.168.69.89:45580, fe546585-3c52-42ae-8754-1a35dad17d3f:192.168.69.89:45996], old=null
2019-08-29 08:33:41,419 [802c6c9d-4843-417e-8983-b6e40533cc1c:group-4F259F9E67CD:LeaderElection15] INFO  impl.RaftServerImpl (RaftServerImpl.java:setRole(171)) - 802c6c9d-4843-417e-8983-b6e40533cc1c:group-4F259F9E67CD changes role from CANDIDATE to FOLLOWER at term 1 for DISCOVERED_A_NEW_TERM
2019-08-29 08:33:41,425 [802c6c9d-4843-417e-8983-b6e40533cc1c:group-4F259F9E67CD:LeaderElection15] INFO  impl.RoleInfo (RoleInfo.java:shutdownLeaderElection(134)) - 802c6c9d-4843-417e-8983-b6e40533cc1c: shutdown LeaderElection
2019-08-29 08:33:41,425 [802c6c9d-4843-417e-8983-b6e40533cc1c:group-4F259F9E67CD:LeaderElection15] INFO  impl.RoleInfo (RoleInfo.java:updateAndGet(143)) - 802c6c9d-4843-417e-8983-b6e40533cc1c: start FollowerState
2019-08-29 08:33:41,425 [fe546585-3c52-42ae-8754-1a35dad17d3f:group-4F259F9E67CD:LeaderElection16] INFO  impl.LeaderElection (LeaderElection.java:logAndReturn(56)) - fe546585-3c52-42ae-8754-1a35dad17d3f:group-4F259F9E67CD:LeaderElection16: Election REJECTED; received 2 response(s) [fe546585-3c52-42ae-8754-1a35dad17d3f<-802c6c9d-4843-417e-8983-b6e40533cc1c#0:FAIL-t1, fe546585-3c52-42ae-8754-1a35dad17d3f<-129685ee-8122-4333-8930-3eeb8cf836af#0:FAIL-t1] and 0 exception(s); fe546585-3c52-42ae-8754-1a35dad17d3f:t1, leader=null, voted=fe546585-3c52-42ae-8754-1a35dad17d3f, raftlog=fe546585-3c52-42ae-8754-1a35dad17d3f-SegmentedRaftLog:OPENED:c-1,f-1,i0, conf=-1: [802c6c9d-4843-417e-8983-b6e40533cc1c:192.168.69.89:37103, 129685ee-8122-4333-8930-3eeb8cf836af:192.168.69.89:45580, fe546585-3c52-42ae-8754-1a35dad17d3f:192.168.69.89:45996], old=null
2019-08-29 08:33:41,429 [fe546585-3c52-42ae-8754-1a35dad17d3f:group-4F259F9E67CD:LeaderElection16] INFO  impl.RaftServerImpl (RaftServerImpl.java:setRole(171)) - fe546585-3c52-42ae-8754-1a35dad17d3f:group-4F259F9E67CD changes role from CANDIDATE to FOLLOWER at term 1 for DISCOVERED_A_NEW_TERM
2019-08-29 08:33:41,431 [fe546585-3c52-42ae-8754-1a35dad17d3f:group-4F259F9E67CD:LeaderElection16] INFO  impl.RoleInfo (RoleInfo.java:shutdownLeaderElection(134)) - fe546585-3c52-42ae-8754-1a35dad17d3f: shutdown LeaderElection
2019-08-29 08:33:41,431 [fe546585-3c52-42ae-8754-1a35dad17d3f:group-4F259F9E67CD:LeaderElection16] INFO  impl.RoleInfo (RoleInfo.java:updateAndGet(143)) - fe546585-3c52-42ae-8754-1a35dad17d3f: start FollowerState
2019-08-29 08:33:41,431 | INFO  | SCMAudit | user=jenkins1000 | ip=192.168.69.89 | op=SEND_HEARTBEAT {datanodeUUID=fe546585-3c52-42ae-8754-1a35dad17d3f, command=[]} | ret=SUCCESS |  
2019-08-29 08:33:41,438 [129685ee-8122-4333-8930-3eeb8cf836af:group-4F259F9E67CD:LeaderElection17] INFO  impl.LeaderElection (LeaderElection.java:logAndReturn(56)) - 129685ee-8122-4333-8930-3eeb8cf836af:group-4F259F9E67CD:LeaderElection17: Election REJECTED; received 2 response(s) [129685ee-8122-4333-8930-3eeb8cf836af<-802c6c9d-4843-417e-8983-b6e40533cc1c#0:FAIL-t1, 129685ee-8122-4333-8930-3eeb8cf836af<-fe546585-3c52-42ae-8754-1a35dad17d3f#0:FAIL-t1] and 0 exception(s); 129685ee-8122-4333-8930-3eeb8cf836af:t1, leader=null, voted=129685ee-8122-4333-8930-3eeb8cf836af, raftlog=129685ee-8122-4333-8930-3eeb8cf836af-SegmentedRaftLog:OPENED:c-1,f-1,i0, conf=-1: [802c6c9d-4843-417e-8983-b6e40533cc1c:192.168.69.89:37103, 129685ee-8122-4333-8930-3eeb8cf836af:192.168.69.89:45580, fe546585-3c52-42ae-8754-1a35dad17d3f:192.168.69.89:45996], old=null
2019-08-29 08:33:41,438 [129685ee-8122-4333-8930-3eeb8cf836af:group-4F259F9E67CD:LeaderElection17] INFO  impl.RaftServerImpl (RaftServerImpl.java:setRole(171)) - 129685ee-8122-4333-8930-3eeb8cf836af:group-4F259F9E67CD changes role from CANDIDATE to FOLLOWER at term 1 for DISCOVERED_A_NEW_TERM
2019-08-29 08:33:41,440 [129685ee-8122-4333-8930-3eeb8cf836af:group-4F259F9E67CD:LeaderElection17] INFO  impl.RoleInfo (RoleInfo.java:shutdownLeaderElection(134)) - 129685ee-8122-4333-8930-3eeb8cf836af: shutdown LeaderElection
2019-08-29 08:33:41,441 [129685ee-8122-4333-8930-3eeb8cf836af:group-4F259F9E67CD:LeaderElection17] INFO  impl.RoleInfo (RoleInfo.java:updateAndGet(143)) - 129685ee-8122-4333-8930-3eeb8cf836af: start FollowerState
2019-08-29 08:33:41,443 | INFO  | SCMAudit | user=jenkins1000 | ip=192.168.69.89 | op=SEND_HEARTBEAT {datanodeUUID=02bf3283-c6bf-4588-a57c-baa459038378, command=[]} | ret=SUCCESS |  
2019-08-29 08:33:41,450 [Thread-382] INFO  impl.FollowerState (FollowerState.java:run(106)) - 4da055f9-cd9d-4c6f-9ab8-147a42717fcf:group-4C1082AB210C changes to CANDIDATE, lastRpcTime:1091, electionTimeout:1089ms
2019-08-29 08:33:41,450 [Thread-382] INFO  impl.RoleInfo (RoleInfo.java:shutdownFollowerState(121)) - 4da055f9-cd9d-4c6f-9ab8-147a42717fcf: shutdown FollowerState
2019-08-29 08:33:41,451 [Thread-382] INFO  impl.RaftServerImpl (RaftServerImpl.java:setRole(171)) - 4da055f9-cd9d-4c6f-9ab8-147a42717fcf:group-4C1082AB210C changes role from FOLLOWER to CANDIDATE at term 0 for changeToCandidate
2019-08-29 08:33:41,451 [Thread-382] INFO  impl.RoleInfo (RoleInfo.java:updateAndGet(143)) - 4da055f9-cd9d-4c6f-9ab8-147a42717fcf: start LeaderElection
2019-08-29 08:33:41,481 [Thread-378] INFO  impl.FollowerState (FollowerState.java:run(106)) - f0c18ce4-0e5b-4823-99c8-fd716531bc5f:group-4C1082AB210C changes to CANDIDATE, lastRpcTime:1125, electionTimeout:1125ms
2019-08-29 08:33:41,481 [Thread-378] INFO  impl.RoleInfo (RoleInfo.java:shutdownFollowerState(121)) - f0c18ce4-0e5b-4823-99c8-fd716531bc5f: shutdown FollowerState
2019-08-29 08:33:41,481 [Thread-378] INFO  impl.RaftServerImpl (RaftServerImpl.java:setRole(171)) - f0c18ce4-0e5b-4823-99c8-fd716531bc5f:group-4C1082AB210C changes role from FOLLOWER to CANDIDATE at term 0 for changeToCandidate
2019-08-29 08:33:41,481 [Thread-378] INFO  impl.RoleInfo (RoleInfo.java:updateAndGet(143)) - f0c18ce4-0e5b-4823-99c8-fd716531bc5f: start LeaderElection
2019-08-29 08:33:41,494 [4da055f9-cd9d-4c6f-9ab8-147a42717fcf:group-4C1082AB210C:LeaderElection18] INFO  impl.LeaderElection (LeaderElection.java:askForVotes(181)) - 4da055f9-cd9d-4c6f-9ab8-147a42717fcf:group-4C1082AB210C:LeaderElection18: begin an election at term 1 for -1: [4da055f9-cd9d-4c6f-9ab8-147a42717fcf:192.168.69.89:41539, 02bf3283-c6bf-4588-a57c-baa459038378:192.168.69.89:46486, f0c18ce4-0e5b-4823-99c8-fd716531bc5f:192.168.69.89:36167], old=null
2019-08-29 08:33:41,514 [grpc-default-executor-0] INFO  impl.RaftServerImpl (RaftServerImpl.java:setRole(171)) - 02bf3283-c6bf-4588-a57c-baa459038378:group-4C1082AB210C changes role from FOLLOWER to FOLLOWER at term 1 for recognizeCandidate:4da055f9-cd9d-4c6f-9ab8-147a42717fcf
2019-08-29 08:33:41,514 [grpc-default-executor-0] INFO  impl.RoleInfo (RoleInfo.java:shutdownFollowerState(121)) - 02bf3283-c6bf-4588-a57c-baa459038378: shutdown FollowerState
2019-08-29 08:33:41,515 [Thread-383] INFO  impl.FollowerState (FollowerState.java:run(114)) - 02bf3283-c6bf-4588-a57c-baa459038378: FollowerState was interrupted: java.lang.InterruptedException: sleep interrupted
2019-08-29 08:33:41,515 [grpc-default-executor-0] INFO  impl.RoleInfo (RoleInfo.java:updateAndGet(143)) - 02bf3283-c6bf-4588-a57c-baa459038378: start FollowerState
2019-08-29 08:33:41,553 [f0c18ce4-0e5b-4823-99c8-fd716531bc5f:group-4C1082AB210C:LeaderElection19] INFO  impl.LeaderElection (LeaderElection.java:askForVotes(181)) - f0c18ce4-0e5b-4823-99c8-fd716531bc5f:group-4C1082AB210C:LeaderElection19: begin an election at term 1 for -1: [4da055f9-cd9d-4c6f-9ab8-147a42717fcf:192.168.69.89:41539, 02bf3283-c6bf-4588-a57c-baa459038378:192.168.69.89:46486, f0c18ce4-0e5b-4823-99c8-fd716531bc5f:192.168.69.89:36167], old=null
2019-08-29 08:33:41,562 [4da055f9-cd9d-4c6f-9ab8-147a42717fcf:group-4C1082AB210C:LeaderElection18] INFO  impl.LeaderElection (LeaderElection.java:logAndReturn(56)) - 4da055f9-cd9d-4c6f-9ab8-147a42717fcf:group-4C1082AB210C:LeaderElection18: Election PASSED; received 1 response(s) [4da055f9-cd9d-4c6f-9ab8-147a42717fcf<-02bf3283-c6bf-4588-a57c-baa459038378#0:OK-t1] and 0 exception(s); 4da055f9-cd9d-4c6f-9ab8-147a42717fcf:t1, leader=null, voted=4da055f9-cd9d-4c6f-9ab8-147a42717fcf, raftlog=4da055f9-cd9d-4c6f-9ab8-147a42717fcf-SegmentedRaftLog:OPENED:c-1,f-1,i0, conf=-1: [4da055f9-cd9d-4c6f-9ab8-147a42717fcf:192.168.69.89:41539, 02bf3283-c6bf-4588-a57c-baa459038378:192.168.69.89:46486, f0c18ce4-0e5b-4823-99c8-fd716531bc5f:192.168.69.89:36167], old=null
2019-08-29 08:33:41,562 [4da055f9-cd9d-4c6f-9ab8-147a42717fcf:group-4C1082AB210C:LeaderElection18] INFO  impl.RoleInfo (RoleInfo.java:shutdownLeaderElection(134)) - 4da055f9-cd9d-4c6f-9ab8-147a42717fcf: shutdown LeaderElection
2019-08-29 08:33:41,564 [4da055f9-cd9d-4c6f-9ab8-147a42717fcf:group-4C1082AB210C:LeaderElection18] INFO  impl.RaftServerImpl (RaftServerImpl.java:setRole(171)) - 4da055f9-cd9d-4c6f-9ab8-147a42717fcf:group-4C1082AB210C changes role from CANDIDATE to LEADER at term 1 for changeToLeader
2019-08-29 08:33:41,564 [4da055f9-cd9d-4c6f-9ab8-147a42717fcf:group-4C1082AB210C:LeaderElection18] INFO  impl.RaftServerImpl (ServerState.java:setLeader(263)) - 4da055f9-cd9d-4c6f-9ab8-147a42717fcf:group-4C1082AB210C change Leader from null to 4da055f9-cd9d-4c6f-9ab8-147a42717fcf at term 1 for becomeLeader, leader elected after 1231ms
2019-08-29 08:33:41,564 [4da055f9-cd9d-4c6f-9ab8-147a42717fcf:group-4C1082AB210C:LeaderElection18] INFO  server.RaftServerConfigKeys (ConfUtils.java:logGet(43)) - raft.server.staging.catchup.gap = 1000 (default)
2019-08-29 08:33:41,564 [4da055f9-cd9d-4c6f-9ab8-147a42717fcf:group-4C1082AB210C:LeaderElection18] INFO  server.RaftServerConfigKeys (ConfUtils.java:logGet(43)) - raft.server.rpc.sleep.time = 25ms (default)
2019-08-29 08:33:41,564 [4da055f9-cd9d-4c6f-9ab8-147a42717fcf:group-4C1082AB210C:LeaderElection18] INFO  server.RaftServerConfigKeys (ConfUtils.java:logGet(43)) - raft.server.write.element-limit = 4096 (default)
2019-08-29 08:33:41,565 [4da055f9-cd9d-4c6f-9ab8-147a42717fcf:group-4C1082AB210C:LeaderElection18] INFO  server.RaftServerConfigKeys (ConfUtils.java:logGet(43)) - raft.server.watch.timeout = 10s (default)
2019-08-29 08:33:41,565 [4da055f9-cd9d-4c6f-9ab8-147a42717fcf:group-4C1082AB210C:LeaderElection18] INFO  server.RaftServerConfigKeys (ConfUtils.java:logGet(43)) - raft.server.watch.timeout.denomination = 1s (default)
2019-08-29 08:33:41,565 [4da055f9-cd9d-4c6f-9ab8-147a42717fcf:group-4C1082AB210C:LeaderElection18] INFO  server.RaftServerConfigKeys (ConfUtils.java:logGet(43)) - raft.server.watch.element-limit = 65536 (default)
2019-08-29 08:33:41,565 [4da055f9-cd9d-4c6f-9ab8-147a42717fcf:group-4C1082AB210C:LeaderElection18] INFO  server.RaftServerConfigKeys (ConfUtils.java:logGet(43)) - raft.server.log.appender.snapshot.chunk.size.max = 16MB (=16777216) (default)
2019-08-29 08:33:41,566 [4da055f9-cd9d-4c6f-9ab8-147a42717fcf:group-4C1082AB210C:LeaderElection18] INFO  server.RaftServerConfigKeys (ConfUtils.java:logGet(43)) - raft.server.log.appender.buffer.byte-limit = 33554432 (custom)
2019-08-29 08:33:41,566 [4da055f9-cd9d-4c6f-9ab8-147a42717fcf:group-4C1082AB210C:LeaderElection18] INFO  server.RaftServerConfigKeys (ConfUtils.java:logGet(43)) - raft.server.log.appender.buffer.element-limit = 1 (custom)
2019-08-29 08:33:41,566 [4da055f9-cd9d-4c6f-9ab8-147a42717fcf:group-4C1082AB210C:LeaderElection18] INFO  grpc.GrpcConfigKeys$Server (ConfUtils.java:logGet(43)) - raft.grpc.server.leader.outstanding.appends.max = 128 (default)
2019-08-29 08:33:41,568 [4da055f9-cd9d-4c6f-9ab8-147a42717fcf:group-4C1082AB210C:LeaderElection18] INFO  server.RaftServerConfigKeys (ConfUtils.java:logGet(43)) - raft.server.rpc.request.timeout = 3000ms (default)
2019-08-29 08:33:41,568 [4da055f9-cd9d-4c6f-9ab8-147a42717fcf:group-4C1082AB210C:LeaderElection18] INFO  server.RaftServerConfigKeys (ConfUtils.java:logGet(43)) - raft.server.log.appender.install.snapshot.enabled = false (custom)
2019-08-29 08:33:41,569 [4da055f9-cd9d-4c6f-9ab8-147a42717fcf:group-4C1082AB210C:LeaderElection18] INFO  server.RaftServerConfigKeys (ConfUtils.java:logGet(43)) - raft.server.log.appender.snapshot.chunk.size.max = 16MB (=16777216) (default)
2019-08-29 08:33:41,569 [4da055f9-cd9d-4c6f-9ab8-147a42717fcf:group-4C1082AB210C:LeaderElection18] INFO  server.RaftServerConfigKeys (ConfUtils.java:logGet(43)) - raft.server.log.appender.buffer.byte-limit = 33554432 (custom)
2019-08-29 08:33:41,569 [4da055f9-cd9d-4c6f-9ab8-147a42717fcf:group-4C1082AB210C:LeaderElection18] INFO  server.RaftServerConfigKeys (ConfUtils.java:logGet(43)) - raft.server.log.appender.buffer.element-limit = 1 (custom)
2019-08-29 08:33:41,571 [4da055f9-cd9d-4c6f-9ab8-147a42717fcf:group-4C1082AB210C:LeaderElection18] INFO  grpc.GrpcConfigKeys$Server (ConfUtils.java:logGet(43)) - raft.grpc.server.leader.outstanding.appends.max = 128 (default)
2019-08-29 08:33:41,578 [4da055f9-cd9d-4c6f-9ab8-147a42717fcf:group-4C1082AB210C:LeaderElection18] INFO  server.RaftServerConfigKeys (ConfUtils.java:logGet(43)) - raft.server.rpc.request.timeout = 3000ms (default)
2019-08-29 08:33:41,578 [4da055f9-cd9d-4c6f-9ab8-147a42717fcf:group-4C1082AB210C:LeaderElection18] INFO  server.RaftServerConfigKeys (ConfUtils.java:logGet(43)) - raft.server.log.appender.install.snapshot.enabled = false (custom)
2019-08-29 08:33:41,578 [4da055f9-cd9d-4c6f-9ab8-147a42717fcf:group-4C1082AB210C:LeaderElection18] INFO  impl.RoleInfo (RoleInfo.java:updateAndGet(143)) - 4da055f9-cd9d-4c6f-9ab8-147a42717fcf: start LeaderState
2019-08-29 08:33:41,589 [4da055f9-cd9d-4c6f-9ab8-147a42717fcf:group-4C1082AB210C:LeaderElection18] INFO  segmented.SegmentedRaftLogWorker (SegmentedRaftLogWorker.java:startLogSegment(380)) - 4da055f9-cd9d-4c6f-9ab8-147a42717fcf-SegmentedRaftLogWorker:Storage Directory /workdir/hadoop-ozone/integration-test/target/test-dir/MiniOzoneClusterImpl-839c4a83-1072-4184-a39a-41aa01fb846d/datanode-0/data/ratis/a6019285-0027-46c6-9b76-4c1082ab210c: Starting segment from index:0
2019-08-29 08:33:41,621 [Thread-391] INFO  impl.FollowerState (FollowerState.java:run(106)) - 99586f2f-9d87-40a3-9061-4566008201fd:group-F65937874E2C changes to CANDIDATE, lastRpcTime:1091, electionTimeout:1060ms
2019-08-29 08:33:41,621 [4da055f9-cd9d-4c6f-9ab8-147a42717fcf:group-4C1082AB210C:LeaderElection18] INFO  impl.RaftServerImpl (ServerState.java:setRaftConf(361)) - 4da055f9-cd9d-4c6f-9ab8-147a42717fcf:group-4C1082AB210C set configuration 0: [4da055f9-cd9d-4c6f-9ab8-147a42717fcf:192.168.69.89:41539, 02bf3283-c6bf-4588-a57c-baa459038378:192.168.69.89:46486, f0c18ce4-0e5b-4823-99c8-fd716531bc5f:192.168.69.89:36167], old=null at 0
2019-08-29 08:33:41,622 [Thread-391] INFO  impl.RoleInfo (RoleInfo.java:shutdownFollowerState(121)) - 99586f2f-9d87-40a3-9061-4566008201fd: shutdown FollowerState
2019-08-29 08:33:41,624 [Thread-391] INFO  impl.RaftServerImpl (RaftServerImpl.java:setRole(171)) - 99586f2f-9d87-40a3-9061-4566008201fd:group-F65937874E2C changes role from FOLLOWER to CANDIDATE at term 0 for changeToCandidate
2019-08-29 08:33:41,624 [grpc-default-executor-0] INFO  impl.RaftServerImpl (RaftServerImpl.java:requestVote(754)) - 4da055f9-cd9d-4c6f-9ab8-147a42717fcf-LEADER: Withhold vote from candidate f0c18ce4-0e5b-4823-99c8-fd716531bc5f with term 1. State: leader=4da055f9-cd9d-4c6f-9ab8-147a42717fcf, term=1, lastRpcElapsed=null
2019-08-29 08:33:41,624 [Thread-391] INFO  impl.RoleInfo (RoleInfo.java:updateAndGet(143)) - 99586f2f-9d87-40a3-9061-4566008201fd: start LeaderElection
2019-08-29 08:33:41,627 | INFO  | SCMAudit | user=jenkins1000 | ip=192.168.69.89 | op=SEND_HEARTBEAT {datanodeUUID=4da055f9-cd9d-4c6f-9ab8-147a42717fcf, command=[]} | ret=SUCCESS |  
2019-08-29 08:33:41,632 [f0c18ce4-0e5b-4823-99c8-fd716531bc5f:group-4C1082AB210C:LeaderElection19] INFO  impl.LeaderElection (LeaderElection.java:logAndReturn(56)) - f0c18ce4-0e5b-4823-99c8-fd716531bc5f:group-4C1082AB210C:LeaderElection19: Election REJECTED; received 2 response(s) [f0c18ce4-0e5b-4823-99c8-fd716531bc5f<-4da055f9-cd9d-4c6f-9ab8-147a42717fcf#0:FAIL-t1, f0c18ce4-0e5b-4823-99c8-fd716531bc5f<-02bf3283-c6bf-4588-a57c-baa459038378#0:FAIL-t1] and 0 exception(s); f0c18ce4-0e5b-4823-99c8-fd716531bc5f:t1, leader=null, voted=f0c18ce4-0e5b-4823-99c8-fd716531bc5f, raftlog=f0c18ce4-0e5b-4823-99c8-fd716531bc5f-SegmentedRaftLog:OPENED:c-1,f-1,i0, conf=-1: [4da055f9-cd9d-4c6f-9ab8-147a42717fcf:192.168.69.89:41539, 02bf3283-c6bf-4588-a57c-baa459038378:192.168.69.89:46486, f0c18ce4-0e5b-4823-99c8-fd716531bc5f:192.168.69.89:36167], old=null
2019-08-29 08:33:41,632 [f0c18ce4-0e5b-4823-99c8-fd716531bc5f:group-4C1082AB210C:LeaderElection19] INFO  impl.RaftServerImpl (RaftServerImpl.java:setRole(171)) - f0c18ce4-0e5b-4823-99c8-fd716531bc5f:group-4C1082AB210C changes role from CANDIDATE to FOLLOWER at term 1 for DISCOVERED_A_NEW_TERM
2019-08-29 08:33:41,634 [f0c18ce4-0e5b-4823-99c8-fd716531bc5f:group-4C1082AB210C:LeaderElection19] INFO  impl.RoleInfo (RoleInfo.java:shutdownLeaderElection(134)) - f0c18ce4-0e5b-4823-99c8-fd716531bc5f: shutdown LeaderElection
2019-08-29 08:33:41,634 [f0c18ce4-0e5b-4823-99c8-fd716531bc5f:group-4C1082AB210C:LeaderElection19] INFO  impl.RoleInfo (RoleInfo.java:updateAndGet(143)) - f0c18ce4-0e5b-4823-99c8-fd716531bc5f: start FollowerState
2019-08-29 08:33:41,638 [grpc-default-executor-3] INFO  impl.RaftServerImpl (ServerState.java:setLeader(263)) - f0c18ce4-0e5b-4823-99c8-fd716531bc5f:group-4C1082AB210C change Leader from null to 4da055f9-cd9d-4c6f-9ab8-147a42717fcf at term 1 for appendEntries, leader elected after 1305ms
2019-08-29 08:33:41,638 [grpc-default-executor-2] INFO  impl.RaftServerImpl (ServerState.java:setLeader(263)) - 02bf3283-c6bf-4588-a57c-baa459038378:group-4C1082AB210C change Leader from null to 4da055f9-cd9d-4c6f-9ab8-147a42717fcf at term 1 for appendEntries, leader elected after 1305ms
2019-08-29 08:33:41,640 | INFO  | SCMAudit | user=jenkins1000 | ip=192.168.69.89 | op=SEND_HEARTBEAT {datanodeUUID=129685ee-8122-4333-8930-3eeb8cf836af, command=[]} | ret=SUCCESS |  
2019-08-29 08:33:41,641 [grpc-default-executor-3] INFO  impl.RaftServerImpl (ServerState.java:setRaftConf(361)) - 02bf3283-c6bf-4588-a57c-baa459038378:group-4C1082AB210C set configuration 0: [4da055f9-cd9d-4c6f-9ab8-147a42717fcf:192.168.69.89:41539, 02bf3283-c6bf-4588-a57c-baa459038378:192.168.69.89:46486, f0c18ce4-0e5b-4823-99c8-fd716531bc5f:192.168.69.89:36167], old=null at 0
2019-08-29 08:33:41,641 [grpc-default-executor-2] INFO  impl.RaftServerImpl (ServerState.java:setRaftConf(361)) - f0c18ce4-0e5b-4823-99c8-fd716531bc5f:group-4C1082AB210C set configuration 0: [4da055f9-cd9d-4c6f-9ab8-147a42717fcf:192.168.69.89:41539, 02bf3283-c6bf-4588-a57c-baa459038378:192.168.69.89:46486, f0c18ce4-0e5b-4823-99c8-fd716531bc5f:192.168.69.89:36167], old=null at 0
2019-08-29 08:33:41,642 [grpc-default-executor-3] INFO  segmented.SegmentedRaftLogWorker (SegmentedRaftLogWorker.java:startLogSegment(380)) - 02bf3283-c6bf-4588-a57c-baa459038378-SegmentedRaftLogWorker:Storage Directory /workdir/hadoop-ozone/integration-test/target/test-dir/MiniOzoneClusterImpl-839c4a83-1072-4184-a39a-41aa01fb846d/datanode-3/data/ratis/a6019285-0027-46c6-9b76-4c1082ab210c: Starting segment from index:0
2019-08-29 08:33:41,642 [grpc-default-executor-2] INFO  segmented.SegmentedRaftLogWorker (SegmentedRaftLogWorker.java:startLogSegment(380)) - f0c18ce4-0e5b-4823-99c8-fd716531bc5f-SegmentedRaftLogWorker:Storage Directory /workdir/hadoop-ozone/integration-test/target/test-dir/MiniOzoneClusterImpl-839c4a83-1072-4184-a39a-41aa01fb846d/datanode-9/data/ratis/a6019285-0027-46c6-9b76-4c1082ab210c: Starting segment from index:0
2019-08-29 08:33:41,648 [Thread-392] INFO  impl.FollowerState (FollowerState.java:run(106)) - e7b9916e-4eca-4156-a086-839e4ffd13a0:group-F65937874E2C changes to CANDIDATE, lastRpcTime:1118, electionTimeout:1118ms
2019-08-29 08:33:41,648 [Thread-392] INFO  impl.RoleInfo (RoleInfo.java:shutdownFollowerState(121)) - e7b9916e-4eca-4156-a086-839e4ffd13a0: shutdown FollowerState
2019-08-29 08:33:41,648 [Thread-392] INFO  impl.RaftServerImpl (RaftServerImpl.java:setRole(171)) - e7b9916e-4eca-4156-a086-839e4ffd13a0:group-F65937874E2C changes role from FOLLOWER to CANDIDATE at term 0 for changeToCandidate
2019-08-29 08:33:41,649 [Thread-392] INFO  impl.RoleInfo (RoleInfo.java:updateAndGet(143)) - e7b9916e-4eca-4156-a086-839e4ffd13a0: start LeaderElection
2019-08-29 08:33:41,671 | INFO  | SCMAudit | user=jenkins1000 | ip=192.168.69.89 | op=SEND_HEARTBEAT {datanodeUUID=802c6c9d-4843-417e-8983-b6e40533cc1c, command=[]} | ret=SUCCESS |  
2019-08-29 08:33:41,683 [Thread-387] INFO  impl.FollowerState (FollowerState.java:run(106)) - bcbb4469-e902-4083-b3d9-1bab9ea4cd29:group-F65937874E2C changes to CANDIDATE, lastRpcTime:1159, electionTimeout:1159ms
2019-08-29 08:33:41,683 [Thread-387] INFO  impl.RoleInfo (RoleInfo.java:shutdownFollowerState(121)) - bcbb4469-e902-4083-b3d9-1bab9ea4cd29: shutdown FollowerState
2019-08-29 08:33:41,683 [Thread-387] INFO  impl.RaftServerImpl (RaftServerImpl.java:setRole(171)) - bcbb4469-e902-4083-b3d9-1bab9ea4cd29:group-F65937874E2C changes role from FOLLOWER to CANDIDATE at term 0 for changeToCandidate
2019-08-29 08:33:41,684 [Thread-387] INFO  impl.RoleInfo (RoleInfo.java:updateAndGet(143)) - bcbb4469-e902-4083-b3d9-1bab9ea4cd29: start LeaderElection
2019-08-29 08:33:41,720 [02bf3283-c6bf-4588-a57c-baa459038378-SegmentedRaftLogWorker:Storage Directory /workdir/hadoop-ozone/integration-test/target/test-dir/MiniOzoneClusterImpl-839c4a83-1072-4184-a39a-41aa01fb846d/datanode-3/data/ratis/a6019285-0027-46c6-9b76-4c1082ab210c] INFO  segmented.SegmentedRaftLogWorker (SegmentedRaftLogWorker.java:execute(569)) - 02bf3283-c6bf-4588-a57c-baa459038378-SegmentedRaftLogWorker:Storage Directory /workdir/hadoop-ozone/integration-test/target/test-dir/MiniOzoneClusterImpl-839c4a83-1072-4184-a39a-41aa01fb846d/datanode-3/data/ratis/a6019285-0027-46c6-9b76-4c1082ab210c: created new log segment /workdir/hadoop-ozone/integration-test/target/test-dir/MiniOzoneClusterImpl-839c4a83-1072-4184-a39a-41aa01fb846d/datanode-3/data/ratis/a6019285-0027-46c6-9b76-4c1082ab210c/current/log_inprogress_0
2019-08-29 08:33:41,721 [4da055f9-cd9d-4c6f-9ab8-147a42717fcf-SegmentedRaftLogWorker:Storage Directory /workdir/hadoop-ozone/integration-test/target/test-dir/MiniOzoneClusterImpl-839c4a83-1072-4184-a39a-41aa01fb846d/datanode-0/data/ratis/a6019285-0027-46c6-9b76-4c1082ab210c] INFO  segmented.SegmentedRaftLogWorker (SegmentedRaftLogWorker.java:execute(569)) - 4da055f9-cd9d-4c6f-9ab8-147a42717fcf-SegmentedRaftLogWorker:Storage Directory /workdir/hadoop-ozone/integration-test/target/test-dir/MiniOzoneClusterImpl-839c4a83-1072-4184-a39a-41aa01fb846d/datanode-0/data/ratis/a6019285-0027-46c6-9b76-4c1082ab210c: created new log segment /workdir/hadoop-ozone/integration-test/target/test-dir/MiniOzoneClusterImpl-839c4a83-1072-4184-a39a-41aa01fb846d/datanode-0/data/ratis/a6019285-0027-46c6-9b76-4c1082ab210c/current/log_inprogress_0
2019-08-29 08:33:41,721 [e7b9916e-4eca-4156-a086-839e4ffd13a0:group-F65937874E2C:LeaderElection21] INFO  impl.LeaderElection (LeaderElection.java:askForVotes(181)) - e7b9916e-4eca-4156-a086-839e4ffd13a0:group-F65937874E2C:LeaderElection21: begin an election at term 1 for -1: [bcbb4469-e902-4083-b3d9-1bab9ea4cd29:192.168.69.89:42960, 99586f2f-9d87-40a3-9061-4566008201fd:192.168.69.89:38980, e7b9916e-4eca-4156-a086-839e4ffd13a0:192.168.69.89:37189], old=null
2019-08-29 08:33:41,721 [99586f2f-9d87-40a3-9061-4566008201fd:group-F65937874E2C:LeaderElection20] INFO  impl.LeaderElection (LeaderElection.java:askForVotes(181)) - 99586f2f-9d87-40a3-9061-4566008201fd:group-F65937874E2C:LeaderElection20: begin an election at term 1 for -1: [bcbb4469-e902-4083-b3d9-1bab9ea4cd29:192.168.69.89:42960, 99586f2f-9d87-40a3-9061-4566008201fd:192.168.69.89:38980, e7b9916e-4eca-4156-a086-839e4ffd13a0:192.168.69.89:37189], old=null
2019-08-29 08:33:41,721 [bcbb4469-e902-4083-b3d9-1bab9ea4cd29:group-F65937874E2C:LeaderElection22] INFO  impl.LeaderElection (LeaderElection.java:askForVotes(181)) - bcbb4469-e902-4083-b3d9-1bab9ea4cd29:group-F65937874E2C:LeaderElection22: begin an election at term 1 for -1: [bcbb4469-e902-4083-b3d9-1bab9ea4cd29:192.168.69.89:42960, 99586f2f-9d87-40a3-9061-4566008201fd:192.168.69.89:38980, e7b9916e-4eca-4156-a086-839e4ffd13a0:192.168.69.89:37189], old=null
2019-08-29 08:33:41,720 [f0c18ce4-0e5b-4823-99c8-fd716531bc5f-SegmentedRaftLogWorker:Storage Directory /workdir/hadoop-ozone/integration-test/target/test-dir/MiniOzoneClusterImpl-839c4a83-1072-4184-a39a-41aa01fb846d/datanode-9/data/ratis/a6019285-0027-46c6-9b76-4c1082ab210c] INFO  segmented.SegmentedRaftLogWorker (SegmentedRaftLogWorker.java:execute(569)) - f0c18ce4-0e5b-4823-99c8-fd716531bc5f-SegmentedRaftLogWorker:Storage Directory /workdir/hadoop-ozone/integration-test/target/test-dir/MiniOzoneClusterImpl-839c4a83-1072-4184-a39a-41aa01fb846d/datanode-9/data/ratis/a6019285-0027-46c6-9b76-4c1082ab210c: created new log segment /workdir/hadoop-ozone/integration-test/target/test-dir/MiniOzoneClusterImpl-839c4a83-1072-4184-a39a-41aa01fb846d/datanode-9/data/ratis/a6019285-0027-46c6-9b76-4c1082ab210c/current/log_inprogress_0
2019-08-29 08:33:41,762 [bcbb4469-e902-4083-b3d9-1bab9ea4cd29:group-F65937874E2C:LeaderElection22] INFO  impl.LeaderElection (LeaderElection.java:logAndReturn(56)) - bcbb4469-e902-4083-b3d9-1bab9ea4cd29:group-F65937874E2C:LeaderElection22: Election REJECTED; received 2 response(s) [bcbb4469-e902-4083-b3d9-1bab9ea4cd29<-99586f2f-9d87-40a3-9061-4566008201fd#0:FAIL-t1, bcbb4469-e902-4083-b3d9-1bab9ea4cd29<-e7b9916e-4eca-4156-a086-839e4ffd13a0#0:FAIL-t1] and 0 exception(s); bcbb4469-e902-4083-b3d9-1bab9ea4cd29:t1, leader=null, voted=bcbb4469-e902-4083-b3d9-1bab9ea4cd29, raftlog=bcbb4469-e902-4083-b3d9-1bab9ea4cd29-SegmentedRaftLog:OPENED:c-1,f-1,i0, conf=-1: [bcbb4469-e902-4083-b3d9-1bab9ea4cd29:192.168.69.89:42960, 99586f2f-9d87-40a3-9061-4566008201fd:192.168.69.89:38980, e7b9916e-4eca-4156-a086-839e4ffd13a0:192.168.69.89:37189], old=null
2019-08-29 08:33:41,762 [bcbb4469-e902-4083-b3d9-1bab9ea4cd29:group-F65937874E2C:LeaderElection22] INFO  impl.RaftServerImpl (RaftServerImpl.java:setRole(171)) - bcbb4469-e902-4083-b3d9-1bab9ea4cd29:group-F65937874E2C changes role from CANDIDATE to FOLLOWER at term 1 for DISCOVERED_A_NEW_TERM
2019-08-29 08:33:41,762 [99586f2f-9d87-40a3-9061-4566008201fd:group-F65937874E2C:LeaderElection20] INFO  impl.LeaderElection (LeaderElection.java:logAndReturn(56)) - 99586f2f-9d87-40a3-9061-4566008201fd:group-F65937874E2C:LeaderElection20: Election REJECTED; received 2 response(s) [99586f2f-9d87-40a3-9061-4566008201fd<-bcbb4469-e902-4083-b3d9-1bab9ea4cd29#0:FAIL-t1, 99586f2f-9d87-40a3-9061-4566008201fd<-e7b9916e-4eca-4156-a086-839e4ffd13a0#0:FAIL-t1] and 0 exception(s); 99586f2f-9d87-40a3-9061-4566008201fd:t1, leader=null, voted=99586f2f-9d87-40a3-9061-4566008201fd, raftlog=99586f2f-9d87-40a3-9061-4566008201fd-SegmentedRaftLog:OPENED:c-1,f-1,i0, conf=-1: [bcbb4469-e902-4083-b3d9-1bab9ea4cd29:192.168.69.89:42960, 99586f2f-9d87-40a3-9061-4566008201fd:192.168.69.89:38980, e7b9916e-4eca-4156-a086-839e4ffd13a0:192.168.69.89:37189], old=null
2019-08-29 08:33:41,764 [bcbb4469-e902-4083-b3d9-1bab9ea4cd29:group-F65937874E2C:LeaderElection22] INFO  impl.RoleInfo (RoleInfo.java:shutdownLeaderElection(134)) - bcbb4469-e902-4083-b3d9-1bab9ea4cd29: shutdown LeaderElection
2019-08-29 08:33:41,766 [99586f2f-9d87-40a3-9061-4566008201fd:group-F65937874E2C:LeaderElection20] INFO  impl.RaftServerImpl (RaftServerImpl.java:setRole(171)) - 99586f2f-9d87-40a3-9061-4566008201fd:group-F65937874E2C changes role from CANDIDATE to FOLLOWER at term 1 for DISCOVERED_A_NEW_TERM
2019-08-29 08:33:41,768 [99586f2f-9d87-40a3-9061-4566008201fd:group-F65937874E2C:LeaderElection20] INFO  impl.RoleInfo (RoleInfo.java:shutdownLeaderElection(134)) - 99586f2f-9d87-40a3-9061-4566008201fd: shutdown LeaderElection
2019-08-29 08:33:41,768 [bcbb4469-e902-4083-b3d9-1bab9ea4cd29:group-F65937874E2C:LeaderElection22] INFO  impl.RoleInfo (RoleInfo.java:updateAndGet(143)) - bcbb4469-e902-4083-b3d9-1bab9ea4cd29: start FollowerState
2019-08-29 08:33:41,768 [e7b9916e-4eca-4156-a086-839e4ffd13a0:group-F65937874E2C:LeaderElection21] INFO  impl.LeaderElection (LeaderElection.java:logAndReturn(56)) - e7b9916e-4eca-4156-a086-839e4ffd13a0:group-F65937874E2C:LeaderElection21: Election REJECTED; received 2 response(s) [e7b9916e-4eca-4156-a086-839e4ffd13a0<-bcbb4469-e902-4083-b3d9-1bab9ea4cd29#0:FAIL-t1, e7b9916e-4eca-4156-a086-839e4ffd13a0<-99586f2f-9d87-40a3-9061-4566008201fd#0:FAIL-t1] and 0 exception(s); e7b9916e-4eca-4156-a086-839e4ffd13a0:t1, leader=null, voted=e7b9916e-4eca-4156-a086-839e4ffd13a0, raftlog=e7b9916e-4eca-4156-a086-839e4ffd13a0-SegmentedRaftLog:OPENED:c-1,f-1,i0, conf=-1: [bcbb4469-e902-4083-b3d9-1bab9ea4cd29:192.168.69.89:42960, 99586f2f-9d87-40a3-9061-4566008201fd:192.168.69.89:38980, e7b9916e-4eca-4156-a086-839e4ffd13a0:192.168.69.89:37189], old=null
2019-08-29 08:33:41,768 [99586f2f-9d87-40a3-9061-4566008201fd:group-F65937874E2C:LeaderElection20] INFO  impl.RoleInfo (RoleInfo.java:updateAndGet(143)) - 99586f2f-9d87-40a3-9061-4566008201fd: start FollowerState
2019-08-29 08:33:41,776 [e7b9916e-4eca-4156-a086-839e4ffd13a0:group-F65937874E2C:LeaderElection21] INFO  impl.RaftServerImpl (RaftServerImpl.java:setRole(171)) - e7b9916e-4eca-4156-a086-839e4ffd13a0:group-F65937874E2C changes role from CANDIDATE to FOLLOWER at term 1 for DISCOVERED_A_NEW_TERM
2019-08-29 08:33:41,776 [e7b9916e-4eca-4156-a086-839e4ffd13a0:group-F65937874E2C:LeaderElection21] INFO  impl.RoleInfo (RoleInfo.java:shutdownLeaderElection(134)) - e7b9916e-4eca-4156-a086-839e4ffd13a0: shutdown LeaderElection
2019-08-29 08:33:41,776 [e7b9916e-4eca-4156-a086-839e4ffd13a0:group-F65937874E2C:LeaderElection21] INFO  impl.RoleInfo (RoleInfo.java:updateAndGet(143)) - e7b9916e-4eca-4156-a086-839e4ffd13a0: start FollowerState
2019-08-29 08:33:41,873 | INFO  | SCMAudit | user=jenkins1000 | ip=192.168.69.89 | op=SEND_HEARTBEAT {datanodeUUID=f0c18ce4-0e5b-4823-99c8-fd716531bc5f, command=[]} | ret=SUCCESS |  
2019-08-29 08:33:41,919 [grpc-default-executor-2] INFO  client.GrpcClientProtocolClient (GrpcClientProtocolClient.java:onNext(255)) - client-170632F83769->129685ee-8122-4333-8930-3eeb8cf836af: receive RaftClientReply:client-170632F83769->129685ee-8122-4333-8930-3eeb8cf836af@group-4F259F9E67CD, cid=23, FAILED org.apache.ratis.protocol.NotLeaderException: Server 129685ee-8122-4333-8930-3eeb8cf836af is not the leader (null). Request must be sent to leader., logIndex=0, commits[129685ee-8122-4333-8930-3eeb8cf836af:c-1]
2019-08-29 08:33:41,965 | INFO  | SCMAudit | user=jenkins1000 | ip=192.168.69.89 | op=SEND_HEARTBEAT {datanodeUUID=99586f2f-9d87-40a3-9061-4566008201fd, command=[]} | ret=SUCCESS |  
2019-08-29 08:33:41,965 | INFO  | SCMAudit | user=jenkins1000 | ip=192.168.69.89 | op=SEND_HEARTBEAT {datanodeUUID=e7b9916e-4eca-4156-a086-839e4ffd13a0, command=[]} | ret=SUCCESS |  
2019-08-29 08:33:42,176 | INFO  | SCMAudit | user=jenkins1000 | ip=192.168.69.89 | op=SEND_HEARTBEAT {datanodeUUID=bcbb4469-e902-4083-b3d9-1bab9ea4cd29, command=[]} | ret=SUCCESS |  
2019-08-29 08:33:42,381 | INFO  | SCMAudit | user=jenkins1000 | ip=192.168.69.89 | op=SEND_HEARTBEAT {datanodeUUID=7a9bfe55-9a1e-4d2f-9ebd-558835cfe40a, command=[]} | ret=SUCCESS |  
2019-08-29 08:33:42,420 | INFO  | SCMAudit | user=jenkins1000 | ip=192.168.69.89 | op=SEND_HEARTBEAT {datanodeUUID=fe546585-3c52-42ae-8754-1a35dad17d3f, command=[]} | ret=SUCCESS |  
2019-08-29 08:33:42,444 | INFO  | SCMAudit | user=jenkins1000 | ip=192.168.69.89 | op=SEND_HEARTBEAT {datanodeUUID=02bf3283-c6bf-4588-a57c-baa459038378, command=[]} | ret=SUCCESS |  
2019-08-29 08:33:42,557 [Thread-423] INFO  impl.FollowerState (FollowerState.java:run(106)) - 129685ee-8122-4333-8930-3eeb8cf836af:group-4F259F9E67CD changes to CANDIDATE, lastRpcTime:1116, electionTimeout:1114ms
2019-08-29 08:33:42,557 [Thread-423] INFO  impl.RoleInfo (RoleInfo.java:shutdownFollowerState(121)) - 129685ee-8122-4333-8930-3eeb8cf836af: shutdown FollowerState
2019-08-29 08:33:42,557 [Thread-423] INFO  impl.RaftServerImpl (RaftServerImpl.java:setRole(171)) - 129685ee-8122-4333-8930-3eeb8cf836af:group-4F259F9E67CD changes role from FOLLOWER to CANDIDATE at term 1 for changeToCandidate
2019-08-29 08:33:42,558 [Thread-423] INFO  impl.RoleInfo (RoleInfo.java:updateAndGet(143)) - 129685ee-8122-4333-8930-3eeb8cf836af: start LeaderElection
2019-08-29 08:33:42,588 [129685ee-8122-4333-8930-3eeb8cf836af:group-4F259F9E67CD:LeaderElection23] INFO  impl.LeaderElection (LeaderElection.java:askForVotes(181)) - 129685ee-8122-4333-8930-3eeb8cf836af:group-4F259F9E67CD:LeaderElection23: begin an election at term 2 for -1: [802c6c9d-4843-417e-8983-b6e40533cc1c:192.168.69.89:37103, 129685ee-8122-4333-8930-3eeb8cf836af:192.168.69.89:45580, fe546585-3c52-42ae-8754-1a35dad17d3f:192.168.69.89:45996], old=null
2019-08-29 08:33:42,592 [grpc-default-executor-2] INFO  impl.RaftServerImpl (RaftServerImpl.java:setRole(171)) - fe546585-3c52-42ae-8754-1a35dad17d3f:group-4F259F9E67CD changes role from FOLLOWER to FOLLOWER at term 2 for recognizeCandidate:129685ee-8122-4333-8930-3eeb8cf836af
2019-08-29 08:33:42,592 [grpc-default-executor-5] INFO  impl.RaftServerImpl (RaftServerImpl.java:setRole(171)) - 802c6c9d-4843-417e-8983-b6e40533cc1c:group-4F259F9E67CD changes role from FOLLOWER to FOLLOWER at term 2 for recognizeCandidate:129685ee-8122-4333-8930-3eeb8cf836af
2019-08-29 08:33:42,592 [grpc-default-executor-2] INFO  impl.RoleInfo (RoleInfo.java:shutdownFollowerState(121)) - fe546585-3c52-42ae-8754-1a35dad17d3f: shutdown FollowerState
2019-08-29 08:33:42,593 [grpc-default-executor-5] INFO  impl.RoleInfo (RoleInfo.java:shutdownFollowerState(121)) - 802c6c9d-4843-417e-8983-b6e40533cc1c: shutdown FollowerState
2019-08-29 08:33:42,593 [Thread-422] INFO  impl.FollowerState (FollowerState.java:run(114)) - fe546585-3c52-42ae-8754-1a35dad17d3f: FollowerState was interrupted: java.lang.InterruptedException: sleep interrupted
2019-08-29 08:33:42,594 [grpc-default-executor-5] INFO  impl.RoleInfo (RoleInfo.java:updateAndGet(143)) - 802c6c9d-4843-417e-8983-b6e40533cc1c: start FollowerState
2019-08-29 08:33:42,593 [grpc-default-executor-2] INFO  impl.RoleInfo (RoleInfo.java:updateAndGet(143)) - fe546585-3c52-42ae-8754-1a35dad17d3f: start FollowerState
2019-08-29 08:33:42,594 [Thread-421] INFO  impl.FollowerState (FollowerState.java:run(114)) - 802c6c9d-4843-417e-8983-b6e40533cc1c: FollowerState was interrupted: java.lang.InterruptedException: sleep interrupted
2019-08-29 08:33:42,623 | INFO  | SCMAudit | user=jenkins1000 | ip=192.168.69.89 | op=SEND_HEARTBEAT {datanodeUUID=4da055f9-cd9d-4c6f-9ab8-147a42717fcf, command=[]} | ret=SUCCESS |  
2019-08-29 08:33:42,624 [129685ee-8122-4333-8930-3eeb8cf836af:group-4F259F9E67CD:LeaderElection23] INFO  impl.LeaderElection (LeaderElection.java:logAndReturn(56)) - 129685ee-8122-4333-8930-3eeb8cf836af:group-4F259F9E67CD:LeaderElection23: Election PASSED; received 1 response(s) [129685ee-8122-4333-8930-3eeb8cf836af<-fe546585-3c52-42ae-8754-1a35dad17d3f#0:OK-t2] and 0 exception(s); 129685ee-8122-4333-8930-3eeb8cf836af:t2, leader=null, voted=129685ee-8122-4333-8930-3eeb8cf836af, raftlog=129685ee-8122-4333-8930-3eeb8cf836af-SegmentedRaftLog:OPENED:c-1,f-1,i0, conf=-1: [802c6c9d-4843-417e-8983-b6e40533cc1c:192.168.69.89:37103, 129685ee-8122-4333-8930-3eeb8cf836af:192.168.69.89:45580, fe546585-3c52-42ae-8754-1a35dad17d3f:192.168.69.89:45996], old=null
2019-08-29 08:33:42,624 [129685ee-8122-4333-8930-3eeb8cf836af:group-4F259F9E67CD:LeaderElection23] INFO  impl.RoleInfo (RoleInfo.java:shutdownLeaderElection(134)) - 129685ee-8122-4333-8930-3eeb8cf836af: shutdown LeaderElection
2019-08-29 08:33:42,625 [129685ee-8122-4333-8930-3eeb8cf836af:group-4F259F9E67CD:LeaderElection23] INFO  impl.RaftServerImpl (RaftServerImpl.java:setRole(171)) - 129685ee-8122-4333-8930-3eeb8cf836af:group-4F259F9E67CD changes role from CANDIDATE to LEADER at term 2 for changeToLeader
2019-08-29 08:33:42,625 [129685ee-8122-4333-8930-3eeb8cf836af:group-4F259F9E67CD:LeaderElection23] INFO  impl.RaftServerImpl (ServerState.java:setLeader(263)) - 129685ee-8122-4333-8930-3eeb8cf836af:group-4F259F9E67CD change Leader from null to 129685ee-8122-4333-8930-3eeb8cf836af at term 2 for becomeLeader, leader elected after 2405ms
2019-08-29 08:33:42,625 [129685ee-8122-4333-8930-3eeb8cf836af:group-4F259F9E67CD:LeaderElection23] INFO  server.RaftServerConfigKeys (ConfUtils.java:logGet(43)) - raft.server.staging.catchup.gap = 1000 (default)
2019-08-29 08:33:42,625 [129685ee-8122-4333-8930-3eeb8cf836af:group-4F259F9E67CD:LeaderElection23] INFO  server.RaftServerConfigKeys (ConfUtils.java:logGet(43)) - raft.server.rpc.sleep.time = 25ms (default)
2019-08-29 08:33:42,625 [129685ee-8122-4333-8930-3eeb8cf836af:group-4F259F9E67CD:LeaderElection23] INFO  server.RaftServerConfigKeys (ConfUtils.java:logGet(43)) - raft.server.write.element-limit = 4096 (default)
2019-08-29 08:33:42,626 [129685ee-8122-4333-8930-3eeb8cf836af:group-4F259F9E67CD:LeaderElection23] INFO  server.RaftServerConfigKeys (ConfUtils.java:logGet(43)) - raft.server.watch.timeout = 10s (default)
2019-08-29 08:33:42,626 [129685ee-8122-4333-8930-3eeb8cf836af:group-4F259F9E67CD:LeaderElection23] INFO  server.RaftServerConfigKeys (ConfUtils.java:logGet(43)) - raft.server.watch.timeout.denomination = 1s (default)
2019-08-29 08:33:42,626 [129685ee-8122-4333-8930-3eeb8cf836af:group-4F259F9E67CD:LeaderElection23] INFO  server.RaftServerConfigKeys (ConfUtils.java:logGet(43)) - raft.server.watch.element-limit = 65536 (default)
2019-08-29 08:33:42,626 [129685ee-8122-4333-8930-3eeb8cf836af:group-4F259F9E67CD:LeaderElection23] INFO  server.RaftServerConfigKeys (ConfUtils.java:logGet(43)) - raft.server.log.appender.snapshot.chunk.size.max = 16MB (=16777216) (default)
2019-08-29 08:33:42,627 [129685ee-8122-4333-8930-3eeb8cf836af:group-4F259F9E67CD:LeaderElection23] INFO  server.RaftServerConfigKeys (ConfUtils.java:logGet(43)) - raft.server.log.appender.buffer.byte-limit = 33554432 (custom)
2019-08-29 08:33:42,627 [129685ee-8122-4333-8930-3eeb8cf836af:group-4F259F9E67CD:LeaderElection23] INFO  server.RaftServerConfigKeys (ConfUtils.java:logGet(43)) - raft.server.log.appender.buffer.element-limit = 1 (custom)
2019-08-29 08:33:42,627 [129685ee-8122-4333-8930-3eeb8cf836af:group-4F259F9E67CD:LeaderElection23] INFO  grpc.GrpcConfigKeys$Server (ConfUtils.java:logGet(43)) - raft.grpc.server.leader.outstanding.appends.max = 128 (default)
2019-08-29 08:33:42,627 [129685ee-8122-4333-8930-3eeb8cf836af:group-4F259F9E67CD:LeaderElection23] INFO  server.RaftServerConfigKeys (ConfUtils.java:logGet(43)) - raft.server.rpc.request.timeout = 3000ms (default)
2019-08-29 08:33:42,628 [129685ee-8122-4333-8930-3eeb8cf836af:group-4F259F9E67CD:LeaderElection23] INFO  server.RaftServerConfigKeys (ConfUtils.java:logGet(43)) - raft.server.log.appender.install.snapshot.enabled = false (custom)
2019-08-29 08:33:42,628 [129685ee-8122-4333-8930-3eeb8cf836af:group-4F259F9E67CD:LeaderElection23] INFO  server.RaftServerConfigKeys (ConfUtils.java:logGet(43)) - raft.server.log.appender.snapshot.chunk.size.max = 16MB (=16777216) (default)
2019-08-29 08:33:42,628 [129685ee-8122-4333-8930-3eeb8cf836af:group-4F259F9E67CD:LeaderElection23] INFO  server.RaftServerConfigKeys (ConfUtils.java:logGet(43)) - raft.server.log.appender.buffer.byte-limit = 33554432 (custom)
2019-08-29 08:33:42,628 [129685ee-8122-4333-8930-3eeb8cf836af:group-4F259F9E67CD:LeaderElection23] INFO  server.RaftServerConfigKeys (ConfUtils.java:logGet(43)) - raft.server.log.appender.buffer.element-limit = 1 (custom)
2019-08-29 08:33:42,628 [129685ee-8122-4333-8930-3eeb8cf836af:group-4F259F9E67CD:LeaderElection23] INFO  grpc.GrpcConfigKeys$Server (ConfUtils.java:logGet(43)) - raft.grpc.server.leader.outstanding.appends.max = 128 (default)
2019-08-29 08:33:42,629 [129685ee-8122-4333-8930-3eeb8cf836af:group-4F259F9E67CD:LeaderElection23] INFO  server.RaftServerConfigKeys (ConfUtils.java:logGet(43)) - raft.server.rpc.request.timeout = 3000ms (default)
2019-08-29 08:33:42,629 [129685ee-8122-4333-8930-3eeb8cf836af:group-4F259F9E67CD:LeaderElection23] INFO  server.RaftServerConfigKeys (ConfUtils.java:logGet(43)) - raft.server.log.appender.install.snapshot.enabled = false (custom)
2019-08-29 08:33:42,629 [129685ee-8122-4333-8930-3eeb8cf836af:group-4F259F9E67CD:LeaderElection23] INFO  impl.RoleInfo (RoleInfo.java:updateAndGet(143)) - 129685ee-8122-4333-8930-3eeb8cf836af: start LeaderState
2019-08-29 08:33:42,629 [129685ee-8122-4333-8930-3eeb8cf836af:group-4F259F9E67CD:LeaderElection23] INFO  segmented.SegmentedRaftLogWorker (SegmentedRaftLogWorker.java:startLogSegment(380)) - 129685ee-8122-4333-8930-3eeb8cf836af-SegmentedRaftLogWorker:Storage Directory /workdir/hadoop-ozone/integration-test/target/test-dir/MiniOzoneClusterImpl-839c4a83-1072-4184-a39a-41aa01fb846d/datanode-8/data/ratis/9e321d5a-d5d8-48c0-844c-4f259f9e67cd: Starting segment from index:0
2019-08-29 08:33:42,630 [129685ee-8122-4333-8930-3eeb8cf836af:group-4F259F9E67CD:LeaderElection23] INFO  impl.RaftServerImpl (ServerState.java:setRaftConf(361)) - 129685ee-8122-4333-8930-3eeb8cf836af:group-4F259F9E67CD set configuration 0: [802c6c9d-4843-417e-8983-b6e40533cc1c:192.168.69.89:37103, 129685ee-8122-4333-8930-3eeb8cf836af:192.168.69.89:45580, fe546585-3c52-42ae-8754-1a35dad17d3f:192.168.69.89:45996], old=null at 0
2019-08-29 08:33:42,633 [grpc-default-executor-2] INFO  impl.RaftServerImpl (ServerState.java:setLeader(263)) - fe546585-3c52-42ae-8754-1a35dad17d3f:group-4F259F9E67CD change Leader from null to 129685ee-8122-4333-8930-3eeb8cf836af at term 2 for appendEntries, leader elected after 2463ms
2019-08-29 08:33:42,634 [grpc-default-executor-5] INFO  impl.RaftServerImpl (ServerState.java:setLeader(263)) - 802c6c9d-4843-417e-8983-b6e40533cc1c:group-4F259F9E67CD change Leader from null to 129685ee-8122-4333-8930-3eeb8cf836af at term 2 for appendEntries, leader elected after 2464ms
2019-08-29 08:33:42,638 [grpc-default-executor-2] INFO  impl.RaftServerImpl (ServerState.java:setRaftConf(361)) - fe546585-3c52-42ae-8754-1a35dad17d3f:group-4F259F9E67CD set configuration 0: [802c6c9d-4843-417e-8983-b6e40533cc1c:192.168.69.89:37103, 129685ee-8122-4333-8930-3eeb8cf836af:192.168.69.89:45580, fe546585-3c52-42ae-8754-1a35dad17d3f:192.168.69.89:45996], old=null at 0
2019-08-29 08:33:42,639 [grpc-default-executor-2] INFO  segmented.SegmentedRaftLogWorker (SegmentedRaftLogWorker.java:startLogSegment(380)) - fe546585-3c52-42ae-8754-1a35dad17d3f-SegmentedRaftLogWorker:Storage Directory /workdir/hadoop-ozone/integration-test/target/test-dir/MiniOzoneClusterImpl-839c4a83-1072-4184-a39a-41aa01fb846d/datanode-7/data/ratis/9e321d5a-d5d8-48c0-844c-4f259f9e67cd: Starting segment from index:0
2019-08-29 08:33:42,639 [grpc-default-executor-5] INFO  impl.RaftServerImpl (ServerState.java:setRaftConf(361)) - 802c6c9d-4843-417e-8983-b6e40533cc1c:group-4F259F9E67CD set configuration 0: [802c6c9d-4843-417e-8983-b6e40533cc1c:192.168.69.89:37103, 129685ee-8122-4333-8930-3eeb8cf836af:192.168.69.89:45580, fe546585-3c52-42ae-8754-1a35dad17d3f:192.168.69.89:45996], old=null at 0
2019-08-29 08:33:42,639 [grpc-default-executor-5] INFO  segmented.SegmentedRaftLogWorker (SegmentedRaftLogWorker.java:startLogSegment(380)) - 802c6c9d-4843-417e-8983-b6e40533cc1c-SegmentedRaftLogWorker:Storage Directory /workdir/hadoop-ozone/integration-test/target/test-dir/MiniOzoneClusterImpl-839c4a83-1072-4184-a39a-41aa01fb846d/datanode-4/data/ratis/9e321d5a-d5d8-48c0-844c-4f259f9e67cd: Starting segment from index:0
2019-08-29 08:33:42,641 | INFO  | SCMAudit | user=jenkins1000 | ip=192.168.69.89 | op=SEND_HEARTBEAT {datanodeUUID=129685ee-8122-4333-8930-3eeb8cf836af, command=[]} | ret=SUCCESS |  
2019-08-29 08:33:42,671 | INFO  | SCMAudit | user=jenkins1000 | ip=192.168.69.89 | op=SEND_HEARTBEAT {datanodeUUID=802c6c9d-4843-417e-8983-b6e40533cc1c, command=[]} | ret=SUCCESS |  
2019-08-29 08:33:42,697 [802c6c9d-4843-417e-8983-b6e40533cc1c-SegmentedRaftLogWorker:Storage Directory /workdir/hadoop-ozone/integration-test/target/test-dir/MiniOzoneClusterImpl-839c4a83-1072-4184-a39a-41aa01fb846d/datanode-4/data/ratis/9e321d5a-d5d8-48c0-844c-4f259f9e67cd] INFO  segmented.SegmentedRaftLogWorker (SegmentedRaftLogWorker.java:execute(569)) - 802c6c9d-4843-417e-8983-b6e40533cc1c-SegmentedRaftLogWorker:Storage Directory /workdir/hadoop-ozone/integration-test/target/test-dir/MiniOzoneClusterImpl-839c4a83-1072-4184-a39a-41aa01fb846d/datanode-4/data/ratis/9e321d5a-d5d8-48c0-844c-4f259f9e67cd: created new log segment /workdir/hadoop-ozone/integration-test/target/test-dir/MiniOzoneClusterImpl-839c4a83-1072-4184-a39a-41aa01fb846d/datanode-4/data/ratis/9e321d5a-d5d8-48c0-844c-4f259f9e67cd/current/log_inprogress_0
2019-08-29 08:33:42,697 [129685ee-8122-4333-8930-3eeb8cf836af-SegmentedRaftLogWorker:Storage Directory /workdir/hadoop-ozone/integration-test/target/test-dir/MiniOzoneClusterImpl-839c4a83-1072-4184-a39a-41aa01fb846d/datanode-8/data/ratis/9e321d5a-d5d8-48c0-844c-4f259f9e67cd] INFO  segmented.SegmentedRaftLogWorker (SegmentedRaftLogWorker.java:execute(569)) - 129685ee-8122-4333-8930-3eeb8cf836af-SegmentedRaftLogWorker:Storage Directory /workdir/hadoop-ozone/integration-test/target/test-dir/MiniOzoneClusterImpl-839c4a83-1072-4184-a39a-41aa01fb846d/datanode-8/data/ratis/9e321d5a-d5d8-48c0-844c-4f259f9e67cd: created new log segment /workdir/hadoop-ozone/integration-test/target/test-dir/MiniOzoneClusterImpl-839c4a83-1072-4184-a39a-41aa01fb846d/datanode-8/data/ratis/9e321d5a-d5d8-48c0-844c-4f259f9e67cd/current/log_inprogress_0
2019-08-29 08:33:42,697 [fe546585-3c52-42ae-8754-1a35dad17d3f-SegmentedRaftLogWorker:Storage Directory /workdir/hadoop-ozone/integration-test/target/test-dir/MiniOzoneClusterImpl-839c4a83-1072-4184-a39a-41aa01fb846d/datanode-7/data/ratis/9e321d5a-d5d8-48c0-844c-4f259f9e67cd] INFO  segmented.SegmentedRaftLogWorker (SegmentedRaftLogWorker.java:execute(569)) - fe546585-3c52-42ae-8754-1a35dad17d3f-SegmentedRaftLogWorker:Storage Directory /workdir/hadoop-ozone/integration-test/target/test-dir/MiniOzoneClusterImpl-839c4a83-1072-4184-a39a-41aa01fb846d/datanode-7/data/ratis/9e321d5a-d5d8-48c0-844c-4f259f9e67cd: created new log segment /workdir/hadoop-ozone/integration-test/target/test-dir/MiniOzoneClusterImpl-839c4a83-1072-4184-a39a-41aa01fb846d/datanode-7/data/ratis/9e321d5a-d5d8-48c0-844c-4f259f9e67cd/current/log_inprogress_0
2019-08-29 08:33:42,853 [Thread-453] INFO  impl.FollowerState (FollowerState.java:run(106)) - 99586f2f-9d87-40a3-9061-4566008201fd:group-F65937874E2C changes to CANDIDATE, lastRpcTime:1084, electionTimeout:1077ms
2019-08-29 08:33:42,853 [Thread-453] INFO  impl.RoleInfo (RoleInfo.java:shutdownFollowerState(121)) - 99586f2f-9d87-40a3-9061-4566008201fd: shutdown FollowerState
2019-08-29 08:33:42,853 [Thread-453] INFO  impl.RaftServerImpl (RaftServerImpl.java:setRole(171)) - 99586f2f-9d87-40a3-9061-4566008201fd:group-F65937874E2C changes role from FOLLOWER to CANDIDATE at term 1 for changeToCandidate
2019-08-29 08:33:42,854 [Thread-453] INFO  impl.RoleInfo (RoleInfo.java:updateAndGet(143)) - 99586f2f-9d87-40a3-9061-4566008201fd: start LeaderElection
2019-08-29 08:33:42,858 [Thread-452] INFO  impl.FollowerState (FollowerState.java:run(106)) - bcbb4469-e902-4083-b3d9-1bab9ea4cd29:group-F65937874E2C changes to CANDIDATE, lastRpcTime:1090, electionTimeout:1082ms
2019-08-29 08:33:42,858 [Thread-452] INFO  impl.RoleInfo (RoleInfo.java:shutdownFollowerState(121)) - bcbb4469-e902-4083-b3d9-1bab9ea4cd29: shutdown FollowerState
2019-08-29 08:33:42,859 [Thread-452] INFO  impl.RaftServerImpl (RaftServerImpl.java:setRole(171)) - bcbb4469-e902-4083-b3d9-1bab9ea4cd29:group-F65937874E2C changes role from FOLLOWER to CANDIDATE at term 1 for changeToCandidate
2019-08-29 08:33:42,859 [Thread-452] INFO  impl.RoleInfo (RoleInfo.java:updateAndGet(143)) - bcbb4469-e902-4083-b3d9-1bab9ea4cd29: start LeaderElection
2019-08-29 08:33:42,873 | INFO  | SCMAudit | user=jenkins1000 | ip=192.168.69.89 | op=SEND_HEARTBEAT {datanodeUUID=f0c18ce4-0e5b-4823-99c8-fd716531bc5f, command=[]} | ret=SUCCESS |  
2019-08-29 08:33:42,898 [99586f2f-9d87-40a3-9061-4566008201fd:group-F65937874E2C:LeaderElection24] INFO  impl.LeaderElection (LeaderElection.java:askForVotes(181)) - 99586f2f-9d87-40a3-9061-4566008201fd:group-F65937874E2C:LeaderElection24: begin an election at term 2 for -1: [bcbb4469-e902-4083-b3d9-1bab9ea4cd29:192.168.69.89:42960, 99586f2f-9d87-40a3-9061-4566008201fd:192.168.69.89:38980, e7b9916e-4eca-4156-a086-839e4ffd13a0:192.168.69.89:37189], old=null
2019-08-29 08:33:42,898 [bcbb4469-e902-4083-b3d9-1bab9ea4cd29:group-F65937874E2C:LeaderElection25] INFO  impl.LeaderElection (LeaderElection.java:askForVotes(181)) - bcbb4469-e902-4083-b3d9-1bab9ea4cd29:group-F65937874E2C:LeaderElection25: begin an election at term 2 for -1: [bcbb4469-e902-4083-b3d9-1bab9ea4cd29:192.168.69.89:42960, 99586f2f-9d87-40a3-9061-4566008201fd:192.168.69.89:38980, e7b9916e-4eca-4156-a086-839e4ffd13a0:192.168.69.89:37189], old=null
2019-08-29 08:33:42,902 [grpc-default-executor-2] INFO  impl.RaftServerImpl (RaftServerImpl.java:setRole(171)) - e7b9916e-4eca-4156-a086-839e4ffd13a0:group-F65937874E2C changes role from FOLLOWER to FOLLOWER at term 2 for recognizeCandidate:bcbb4469-e902-4083-b3d9-1bab9ea4cd29
2019-08-29 08:33:42,902 [grpc-default-executor-2] INFO  impl.RoleInfo (RoleInfo.java:shutdownFollowerState(121)) - e7b9916e-4eca-4156-a086-839e4ffd13a0: shutdown FollowerState
2019-08-29 08:33:42,902 [grpc-default-executor-2] INFO  impl.RoleInfo (RoleInfo.java:updateAndGet(143)) - e7b9916e-4eca-4156-a086-839e4ffd13a0: start FollowerState
2019-08-29 08:33:42,902 [Thread-454] INFO  impl.FollowerState (FollowerState.java:run(114)) - e7b9916e-4eca-4156-a086-839e4ffd13a0: FollowerState was interrupted: java.lang.InterruptedException: sleep interrupted
2019-08-29 08:33:42,944 [bcbb4469-e902-4083-b3d9-1bab9ea4cd29:group-F65937874E2C:LeaderElection25] INFO  impl.LeaderElection (LeaderElection.java:logAndReturn(56)) - bcbb4469-e902-4083-b3d9-1bab9ea4cd29:group-F65937874E2C:LeaderElection25: Election PASSED; received 2 response(s) [bcbb4469-e902-4083-b3d9-1bab9ea4cd29<-99586f2f-9d87-40a3-9061-4566008201fd#0:FAIL-t2, bcbb4469-e902-4083-b3d9-1bab9ea4cd29<-e7b9916e-4eca-4156-a086-839e4ffd13a0#0:OK-t2] and 0 exception(s); bcbb4469-e902-4083-b3d9-1bab9ea4cd29:t2, leader=null, voted=bcbb4469-e902-4083-b3d9-1bab9ea4cd29, raftlog=bcbb4469-e902-4083-b3d9-1bab9ea4cd29-SegmentedRaftLog:OPENED:c-1,f-1,i0, conf=-1: [bcbb4469-e902-4083-b3d9-1bab9ea4cd29:192.168.69.89:42960, 99586f2f-9d87-40a3-9061-4566008201fd:192.168.69.89:38980, e7b9916e-4eca-4156-a086-839e4ffd13a0:192.168.69.89:37189], old=null
2019-08-29 08:33:42,945 [bcbb4469-e902-4083-b3d9-1bab9ea4cd29:group-F65937874E2C:LeaderElection25] INFO  impl.RoleInfo (RoleInfo.java:shutdownLeaderElection(134)) - bcbb4469-e902-4083-b3d9-1bab9ea4cd29: shutdown LeaderElection
2019-08-29 08:33:42,945 [grpc-default-executor-2] INFO  client.GrpcClientProtocolClient (GrpcClientProtocolClient.java:onNext(255)) - client-170632F83769->802c6c9d-4843-417e-8983-b6e40533cc1c: receive RaftClientReply:client-170632F83769->802c6c9d-4843-417e-8983-b6e40533cc1c@group-4F259F9E67CD, cid=23, FAILED org.apache.ratis.protocol.NotLeaderException: Server 802c6c9d-4843-417e-8983-b6e40533cc1c is not the leader (129685ee-8122-4333-8930-3eeb8cf836af:192.168.69.89:45580). Request must be sent to leader., logIndex=0, commits[802c6c9d-4843-417e-8983-b6e40533cc1c:c-1, 129685ee-8122-4333-8930-3eeb8cf836af:c-1, fe546585-3c52-42ae-8754-1a35dad17d3f:c-1]
2019-08-29 08:33:42,945 [99586f2f-9d87-40a3-9061-4566008201fd:group-F65937874E2C:LeaderElection24] INFO  impl.LeaderElection (LeaderElection.java:logAndReturn(56)) - 99586f2f-9d87-40a3-9061-4566008201fd:group-F65937874E2C:LeaderElection24: Election REJECTED; received 2 response(s) [99586f2f-9d87-40a3-9061-4566008201fd<-bcbb4469-e902-4083-b3d9-1bab9ea4cd29#0:FAIL-t2, 99586f2f-9d87-40a3-9061-4566008201fd<-e7b9916e-4eca-4156-a086-839e4ffd13a0#0:FAIL-t2] and 0 exception(s); 99586f2f-9d87-40a3-9061-4566008201fd:t2, leader=null, voted=99586f2f-9d87-40a3-9061-4566008201fd, raftlog=99586f2f-9d87-40a3-9061-4566008201fd-SegmentedRaftLog:OPENED:c-1,f-1,i0, conf=-1: [bcbb4469-e902-4083-b3d9-1bab9ea4cd29:192.168.69.89:42960, 99586f2f-9d87-40a3-9061-4566008201fd:192.168.69.89:38980, e7b9916e-4eca-4156-a086-839e4ffd13a0:192.168.69.89:37189], old=null
2019-08-29 08:33:42,945 [bcbb4469-e902-4083-b3d9-1bab9ea4cd29:group-F65937874E2C:LeaderElection25] INFO  impl.RaftServerImpl (RaftServerImpl.java:setRole(171)) - bcbb4469-e902-4083-b3d9-1bab9ea4cd29:group-F65937874E2C changes role from CANDIDATE to LEADER at term 2 for changeToLeader
2019-08-29 08:33:42,954 [99586f2f-9d87-40a3-9061-4566008201fd:group-F65937874E2C:LeaderElection24] INFO  impl.RaftServerImpl (RaftServerImpl.java:setRole(171)) - 99586f2f-9d87-40a3-9061-4566008201fd:group-F65937874E2C changes role from CANDIDATE to FOLLOWER at term 2 for DISCOVERED_A_NEW_TERM
2019-08-29 08:33:42,954 [bcbb4469-e902-4083-b3d9-1bab9ea4cd29:group-F65937874E2C:LeaderElection25] INFO  impl.RaftServerImpl (ServerState.java:setLeader(263)) - bcbb4469-e902-4083-b3d9-1bab9ea4cd29:group-F65937874E2C change Leader from null to bcbb4469-e902-4083-b3d9-1bab9ea4cd29 at term 2 for becomeLeader, leader elected after 2442ms
2019-08-29 08:33:42,954 [99586f2f-9d87-40a3-9061-4566008201fd:group-F65937874E2C:LeaderElection24] INFO  impl.RoleInfo (RoleInfo.java:shutdownLeaderElection(134)) - 99586f2f-9d87-40a3-9061-4566008201fd: shutdown LeaderElection
2019-08-29 08:33:42,954 [bcbb4469-e902-4083-b3d9-1bab9ea4cd29:group-F65937874E2C:LeaderElection25] INFO  server.RaftServerConfigKeys (ConfUtils.java:logGet(43)) - raft.server.staging.catchup.gap = 1000 (default)
2019-08-29 08:33:42,957 [99586f2f-9d87-40a3-9061-4566008201fd:group-F65937874E2C:LeaderElection24] INFO  impl.RoleInfo (RoleInfo.java:updateAndGet(143)) - 99586f2f-9d87-40a3-9061-4566008201fd: start FollowerState
2019-08-29 08:33:42,957 [bcbb4469-e902-4083-b3d9-1bab9ea4cd29:group-F65937874E2C:LeaderElection25] INFO  server.RaftServerConfigKeys (ConfUtils.java:logGet(43)) - raft.server.rpc.sleep.time = 25ms (default)
2019-08-29 08:33:42,958 [bcbb4469-e902-4083-b3d9-1bab9ea4cd29:group-F65937874E2C:LeaderElection25] INFO  server.RaftServerConfigKeys (ConfUtils.java:logGet(43)) - raft.server.write.element-limit = 4096 (default)
2019-08-29 08:33:42,958 [bcbb4469-e902-4083-b3d9-1bab9ea4cd29:group-F65937874E2C:LeaderElection25] INFO  server.RaftServerConfigKeys (ConfUtils.java:logGet(43)) - raft.server.watch.timeout = 10s (default)
2019-08-29 08:33:42,958 [bcbb4469-e902-4083-b3d9-1bab9ea4cd29:group-F65937874E2C:LeaderElection25] INFO  server.RaftServerConfigKeys (ConfUtils.java:logGet(43)) - raft.server.watch.timeout.denomination = 1s (default)
2019-08-29 08:33:42,958 [bcbb4469-e902-4083-b3d9-1bab9ea4cd29:group-F65937874E2C:LeaderElection25] INFO  server.RaftServerConfigKeys (ConfUtils.java:logGet(43)) - raft.server.watch.element-limit = 65536 (default)
2019-08-29 08:33:42,959 [bcbb4469-e902-4083-b3d9-1bab9ea4cd29:group-F65937874E2C:LeaderElection25] INFO  server.RaftServerConfigKeys (ConfUtils.java:logGet(43)) - raft.server.log.appender.snapshot.chunk.size.max = 16MB (=16777216) (default)
2019-08-29 08:33:42,959 [bcbb4469-e902-4083-b3d9-1bab9ea4cd29:group-F65937874E2C:LeaderElection25] INFO  server.RaftServerConfigKeys (ConfUtils.java:logGet(43)) - raft.server.log.appender.buffer.byte-limit = 33554432 (custom)
2019-08-29 08:33:42,959 [bcbb4469-e902-4083-b3d9-1bab9ea4cd29:group-F65937874E2C:LeaderElection25] INFO  server.RaftServerConfigKeys (ConfUtils.java:logGet(43)) - raft.server.log.appender.buffer.element-limit = 1 (custom)
2019-08-29 08:33:42,959 [bcbb4469-e902-4083-b3d9-1bab9ea4cd29:group-F65937874E2C:LeaderElection25] INFO  grpc.GrpcConfigKeys$Server (ConfUtils.java:logGet(43)) - raft.grpc.server.leader.outstanding.appends.max = 128 (default)
2019-08-29 08:33:42,960 [bcbb4469-e902-4083-b3d9-1bab9ea4cd29:group-F65937874E2C:LeaderElection25] INFO  server.RaftServerConfigKeys (ConfUtils.java:logGet(43)) - raft.server.rpc.request.timeout = 3000ms (default)
2019-08-29 08:33:42,960 [bcbb4469-e902-4083-b3d9-1bab9ea4cd29:group-F65937874E2C:LeaderElection25] INFO  server.RaftServerConfigKeys (ConfUtils.java:logGet(43)) - raft.server.log.appender.install.snapshot.enabled = false (custom)
2019-08-29 08:33:42,960 [bcbb4469-e902-4083-b3d9-1bab9ea4cd29:group-F65937874E2C:LeaderElection25] INFO  server.RaftServerConfigKeys (ConfUtils.java:logGet(43)) - raft.server.log.appender.snapshot.chunk.size.max = 16MB (=16777216) (default)
2019-08-29 08:33:42,960 [bcbb4469-e902-4083-b3d9-1bab9ea4cd29:group-F65937874E2C:LeaderElection25] INFO  server.RaftServerConfigKeys (ConfUtils.java:logGet(43)) - raft.server.log.appender.buffer.byte-limit = 33554432 (custom)
2019-08-29 08:33:42,961 [bcbb4469-e902-4083-b3d9-1bab9ea4cd29:group-F65937874E2C:LeaderElection25] INFO  server.RaftServerConfigKeys (ConfUtils.java:logGet(43)) - raft.server.log.appender.buffer.element-limit = 1 (custom)
2019-08-29 08:33:42,961 [bcbb4469-e902-4083-b3d9-1bab9ea4cd29:group-F65937874E2C:LeaderElection25] INFO  grpc.GrpcConfigKeys$Server (ConfUtils.java:logGet(43)) - raft.grpc.server.leader.outstanding.appends.max = 128 (default)
2019-08-29 08:33:42,961 [bcbb4469-e902-4083-b3d9-1bab9ea4cd29:group-F65937874E2C:LeaderElection25] INFO  server.RaftServerConfigKeys (ConfUtils.java:logGet(43)) - raft.server.rpc.request.timeout = 3000ms (default)
2019-08-29 08:33:42,961 [bcbb4469-e902-4083-b3d9-1bab9ea4cd29:group-F65937874E2C:LeaderElection25] INFO  server.RaftServerConfigKeys (ConfUtils.java:logGet(43)) - raft.server.log.appender.install.snapshot.enabled = false (custom)
2019-08-29 08:33:42,962 [bcbb4469-e902-4083-b3d9-1bab9ea4cd29:group-F65937874E2C:LeaderElection25] INFO  impl.RoleInfo (RoleInfo.java:updateAndGet(143)) - bcbb4469-e902-4083-b3d9-1bab9ea4cd29: start LeaderState
2019-08-29 08:33:42,962 [bcbb4469-e902-4083-b3d9-1bab9ea4cd29:group-F65937874E2C:LeaderElection25] INFO  segmented.SegmentedRaftLogWorker (SegmentedRaftLogWorker.java:startLogSegment(380)) - bcbb4469-e902-4083-b3d9-1bab9ea4cd29-SegmentedRaftLogWorker:Storage Directory /workdir/hadoop-ozone/integration-test/target/test-dir/MiniOzoneClusterImpl-839c4a83-1072-4184-a39a-41aa01fb846d/datanode-6/data/ratis/79f04424-d886-402f-8436-f65937874e2c: Starting segment from index:0
2019-08-29 08:33:42,963 [bcbb4469-e902-4083-b3d9-1bab9ea4cd29:group-F65937874E2C:LeaderElection25] INFO  impl.RaftServerImpl (ServerState.java:setRaftConf(361)) - bcbb4469-e902-4083-b3d9-1bab9ea4cd29:group-F65937874E2C set configuration 0: [bcbb4469-e902-4083-b3d9-1bab9ea4cd29:192.168.69.89:42960, 99586f2f-9d87-40a3-9061-4566008201fd:192.168.69.89:38980, e7b9916e-4eca-4156-a086-839e4ffd13a0:192.168.69.89:37189], old=null at 0
2019-08-29 08:33:43,001 | INFO  | SCMAudit | user=jenkins1000 | ip=192.168.69.89 | op=SEND_HEARTBEAT {datanodeUUID=99586f2f-9d87-40a3-9061-4566008201fd, command=[]} | ret=SUCCESS |  
2019-08-29 08:33:43,001 | INFO  | SCMAudit | user=jenkins1000 | ip=192.168.69.89 | op=SEND_HEARTBEAT {datanodeUUID=e7b9916e-4eca-4156-a086-839e4ffd13a0, command=[]} | ret=SUCCESS |  
2019-08-29 08:33:43,005 [grpc-default-executor-2] INFO  impl.RaftServerImpl (ServerState.java:setLeader(263)) - 99586f2f-9d87-40a3-9061-4566008201fd:group-F65937874E2C change Leader from null to bcbb4469-e902-4083-b3d9-1bab9ea4cd29 at term 2 for appendEntries, leader elected after 2493ms
2019-08-29 08:33:43,007 [grpc-default-executor-1] INFO  impl.RaftServerImpl (ServerState.java:setLeader(263)) - e7b9916e-4eca-4156-a086-839e4ffd13a0:group-F65937874E2C change Leader from null to bcbb4469-e902-4083-b3d9-1bab9ea4cd29 at term 2 for appendEntries, leader elected after 2494ms
2019-08-29 08:33:43,008 [grpc-default-executor-1] INFO  impl.RaftServerImpl (ServerState.java:setRaftConf(361)) - 99586f2f-9d87-40a3-9061-4566008201fd:group-F65937874E2C set configuration 0: [bcbb4469-e902-4083-b3d9-1bab9ea4cd29:192.168.69.89:42960, 99586f2f-9d87-40a3-9061-4566008201fd:192.168.69.89:38980, e7b9916e-4eca-4156-a086-839e4ffd13a0:192.168.69.89:37189], old=null at 0
2019-08-29 08:33:43,008 [grpc-default-executor-1] INFO  segmented.SegmentedRaftLogWorker (SegmentedRaftLogWorker.java:startLogSegment(380)) - 99586f2f-9d87-40a3-9061-4566008201fd-SegmentedRaftLogWorker:Storage Directory /workdir/hadoop-ozone/integration-test/target/test-dir/MiniOzoneClusterImpl-839c4a83-1072-4184-a39a-41aa01fb846d/datanode-5/data/ratis/79f04424-d886-402f-8436-f65937874e2c: Starting segment from index:0
2019-08-29 08:33:43,009 [grpc-default-executor-1] INFO  impl.RaftServerImpl (ServerState.java:setRaftConf(361)) - e7b9916e-4eca-4156-a086-839e4ffd13a0:group-F65937874E2C set configuration 0: [bcbb4469-e902-4083-b3d9-1bab9ea4cd29:192.168.69.89:42960, 99586f2f-9d87-40a3-9061-4566008201fd:192.168.69.89:38980, e7b9916e-4eca-4156-a086-839e4ffd13a0:192.168.69.89:37189], old=null at 0
2019-08-29 08:33:43,009 [grpc-default-executor-1] INFO  segmented.SegmentedRaftLogWorker (SegmentedRaftLogWorker.java:startLogSegment(380)) - e7b9916e-4eca-4156-a086-839e4ffd13a0-SegmentedRaftLogWorker:Storage Directory /workdir/hadoop-ozone/integration-test/target/test-dir/MiniOzoneClusterImpl-839c4a83-1072-4184-a39a-41aa01fb846d/datanode-1/data/ratis/79f04424-d886-402f-8436-f65937874e2c: Starting segment from index:0
2019-08-29 08:33:43,043 [bcbb4469-e902-4083-b3d9-1bab9ea4cd29-SegmentedRaftLogWorker:Storage Directory /workdir/hadoop-ozone/integration-test/target/test-dir/MiniOzoneClusterImpl-839c4a83-1072-4184-a39a-41aa01fb846d/datanode-6/data/ratis/79f04424-d886-402f-8436-f65937874e2c] INFO  segmented.SegmentedRaftLogWorker (SegmentedRaftLogWorker.java:execute(569)) - bcbb4469-e902-4083-b3d9-1bab9ea4cd29-SegmentedRaftLogWorker:Storage Directory /workdir/hadoop-ozone/integration-test/target/test-dir/MiniOzoneClusterImpl-839c4a83-1072-4184-a39a-41aa01fb846d/datanode-6/data/ratis/79f04424-d886-402f-8436-f65937874e2c: created new log segment /workdir/hadoop-ozone/integration-test/target/test-dir/MiniOzoneClusterImpl-839c4a83-1072-4184-a39a-41aa01fb846d/datanode-6/data/ratis/79f04424-d886-402f-8436-f65937874e2c/current/log_inprogress_0
2019-08-29 08:33:43,068 [99586f2f-9d87-40a3-9061-4566008201fd-SegmentedRaftLogWorker:Storage Directory /workdir/hadoop-ozone/integration-test/target/test-dir/MiniOzoneClusterImpl-839c4a83-1072-4184-a39a-41aa01fb846d/datanode-5/data/ratis/79f04424-d886-402f-8436-f65937874e2c] INFO  segmented.SegmentedRaftLogWorker (SegmentedRaftLogWorker.java:execute(569)) - 99586f2f-9d87-40a3-9061-4566008201fd-SegmentedRaftLogWorker:Storage Directory /workdir/hadoop-ozone/integration-test/target/test-dir/MiniOzoneClusterImpl-839c4a83-1072-4184-a39a-41aa01fb846d/datanode-5/data/ratis/79f04424-d886-402f-8436-f65937874e2c: created new log segment /workdir/hadoop-ozone/integration-test/target/test-dir/MiniOzoneClusterImpl-839c4a83-1072-4184-a39a-41aa01fb846d/datanode-5/data/ratis/79f04424-d886-402f-8436-f65937874e2c/current/log_inprogress_0
2019-08-29 08:33:43,089 [e7b9916e-4eca-4156-a086-839e4ffd13a0-SegmentedRaftLogWorker:Storage Directory /workdir/hadoop-ozone/integration-test/target/test-dir/MiniOzoneClusterImpl-839c4a83-1072-4184-a39a-41aa01fb846d/datanode-1/data/ratis/79f04424-d886-402f-8436-f65937874e2c] INFO  segmented.SegmentedRaftLogWorker (SegmentedRaftLogWorker.java:execute(569)) - e7b9916e-4eca-4156-a086-839e4ffd13a0-SegmentedRaftLogWorker:Storage Directory /workdir/hadoop-ozone/integration-test/target/test-dir/MiniOzoneClusterImpl-839c4a83-1072-4184-a39a-41aa01fb846d/datanode-1/data/ratis/79f04424-d886-402f-8436-f65937874e2c: created new log segment /workdir/hadoop-ozone/integration-test/target/test-dir/MiniOzoneClusterImpl-839c4a83-1072-4184-a39a-41aa01fb846d/datanode-1/data/ratis/79f04424-d886-402f-8436-f65937874e2c/current/log_inprogress_0
2019-08-29 08:33:43,176 | INFO  | SCMAudit | user=jenkins1000 | ip=192.168.69.89 | op=SEND_HEARTBEAT {datanodeUUID=bcbb4469-e902-4083-b3d9-1bab9ea4cd29, command=[]} | ret=SUCCESS |  
2019-08-29 08:33:43,289 | INFO  | SCMAudit | user=jenkins1000 | ip=192.168.69.89 | op=SEND_HEARTBEAT {datanodeUUID=129685ee-8122-4333-8930-3eeb8cf836af, command=[]} | ret=SUCCESS |  
2019-08-29 08:33:43,314 | INFO  | DNAudit | user=null | ip=null | op=WRITE_CHUNK {blockData=conID: 1 locID: 102699343580823553 bcsId: 0} | ret=SUCCESS |  
2019-08-29 08:33:43,377 | INFO  | SCMAudit | user=jenkins1000 | ip=192.168.69.89 | op=SEND_HEARTBEAT {datanodeUUID=802c6c9d-4843-417e-8983-b6e40533cc1c, command=[]} | ret=SUCCESS |  
2019-08-29 08:33:43,377 | INFO  | SCMAudit | user=jenkins1000 | ip=192.168.69.89 | op=SEND_HEARTBEAT {datanodeUUID=fe546585-3c52-42ae-8754-1a35dad17d3f, command=[]} | ret=SUCCESS |  
2019-08-29 08:33:43,385 | INFO  | DNAudit | user=null | ip=null | op=WRITE_CHUNK {blockData=conID: 1 locID: 102699343580823553 bcsId: 0} | ret=SUCCESS |  
2019-08-29 08:33:43,385 | INFO  | DNAudit | user=null | ip=null | op=WRITE_CHUNK {blockData=conID: 1 locID: 102699343580823553 bcsId: 0} | ret=SUCCESS |  
2019-08-29 08:33:43,385 | INFO  | SCMAudit | user=jenkins1000 | ip=192.168.69.89 | op=SEND_HEARTBEAT {datanodeUUID=7a9bfe55-9a1e-4d2f-9ebd-558835cfe40a, command=[]} | ret=SUCCESS |  
2019-08-29 08:33:43,404 | INFO  | DNAudit | user=null | ip=null | op=WRITE_CHUNK {blockData=conID: 1 locID: 102699343580823553 bcsId: 0} | ret=SUCCESS |  
2019-08-29 08:33:43,422 [grpc-default-executor-1] INFO  client.GrpcClientProtocolClient (GrpcClientProtocolClient.java:onNext(255)) - client-170632F83769->129685ee-8122-4333-8930-3eeb8cf836af: receive RaftClientReply:client-170632F83769->129685ee-8122-4333-8930-3eeb8cf836af@group-4F259F9E67CD, cid=23, SUCCESS, logIndex=1, commits[129685ee-8122-4333-8930-3eeb8cf836af:c1, 802c6c9d-4843-417e-8983-b6e40533cc1c:c0, fe546585-3c52-42ae-8754-1a35dad17d3f:c0]
2019-08-29 08:33:43,424 | INFO  | DNAudit | user=null | ip=null | op=WRITE_CHUNK {blockData=conID: 1 locID: 102699343580823553 bcsId: 0} | ret=SUCCESS |  
2019-08-29 08:33:43,424 | INFO  | DNAudit | user=null | ip=null | op=WRITE_CHUNK {blockData=conID: 1 locID: 102699343580823553 bcsId: 0} | ret=SUCCESS |  
2019-08-29 08:33:43,443 | INFO  | SCMAudit | user=jenkins1000 | ip=192.168.69.89 | op=SEND_HEARTBEAT {datanodeUUID=02bf3283-c6bf-4588-a57c-baa459038378, command=[]} | ret=SUCCESS |  
2019-08-29 08:33:43,458 | INFO  | DNAudit | user=null | ip=null | op=WRITE_CHUNK {blockData=conID: 1 locID: 102699343580823553 bcsId: 0} | ret=SUCCESS |  
2019-08-29 08:33:43,468 | INFO  | DNAudit | user=null | ip=null | op=WRITE_CHUNK {blockData=conID: 1 locID: 102699343580823553 bcsId: 0} | ret=SUCCESS |  
2019-08-29 08:33:43,468 | INFO  | DNAudit | user=null | ip=null | op=WRITE_CHUNK {blockData=conID: 1 locID: 102699343580823553 bcsId: 0} | ret=SUCCESS |  
2019-08-29 08:33:43,597 | INFO  | DNAudit | user=null | ip=null | op=PUT_BLOCK {blockData=[blockId=conID: 1 locID: 102699343580823553 bcsId: 0,size=1048576]} | ret=SUCCESS |  
2019-08-29 08:33:43,605 [grpc-default-executor-5] INFO  client.GrpcClientProtocolClient (GrpcClientProtocolClient.java:onNext(255)) - client-170632F83769->129685ee-8122-4333-8930-3eeb8cf836af: receive RaftClientReply:client-170632F83769->129685ee-8122-4333-8930-3eeb8cf836af@group-4F259F9E67CD, cid=24, SUCCESS, logIndex=3, commits[129685ee-8122-4333-8930-3eeb8cf836af:c8, 802c6c9d-4843-417e-8983-b6e40533cc1c:c5, fe546585-3c52-42ae-8754-1a35dad17d3f:c5]
2019-08-29 08:33:43,609 | INFO  | DNAudit | user=null | ip=null | op=WRITE_CHUNK {blockData=conID: 1 locID: 102699343580823553 bcsId: 0} | ret=SUCCESS |  
2019-08-29 08:33:43,611 [grpc-default-executor-5] INFO  client.GrpcClientProtocolClient (GrpcClientProtocolClient.java:onNext(255)) - client-170632F83769->129685ee-8122-4333-8930-3eeb8cf836af: receive RaftClientReply:client-170632F83769->129685ee-8122-4333-8930-3eeb8cf836af@group-4F259F9E67CD, cid=25, SUCCESS, logIndex=4, commits[129685ee-8122-4333-8930-3eeb8cf836af:c8, 802c6c9d-4843-417e-8983-b6e40533cc1c:c5, fe546585-3c52-42ae-8754-1a35dad17d3f:c5]
2019-08-29 08:33:43,622 | INFO  | SCMAudit | user=jenkins1000 | ip=192.168.69.89 | op=SEND_HEARTBEAT {datanodeUUID=4da055f9-cd9d-4c6f-9ab8-147a42717fcf, command=[]} | ret=SUCCESS |  
2019-08-29 08:33:43,724 | INFO  | DNAudit | user=null | ip=null | op=PUT_BLOCK {blockData=[blockId=conID: 1 locID: 102699343580823553 bcsId: 0,size=1048576]} | ret=SUCCESS |  
2019-08-29 08:33:43,726 | INFO  | DNAudit | user=null | ip=null | op=WRITE_CHUNK {blockData=conID: 1 locID: 102699343580823553 bcsId: 0} | ret=SUCCESS |  
2019-08-29 08:33:43,873 | INFO  | SCMAudit | user=jenkins1000 | ip=192.168.69.89 | op=SEND_HEARTBEAT {datanodeUUID=f0c18ce4-0e5b-4823-99c8-fd716531bc5f, command=[]} | ret=SUCCESS |  
2019-08-29 08:33:43,968 | INFO  | DNAudit | user=null | ip=null | op=PUT_BLOCK {blockData=[blockId=conID: 1 locID: 102699343580823553 bcsId: 0,size=2097152]} | ret=SUCCESS |  
2019-08-29 08:33:43,968 | INFO  | DNAudit | user=null | ip=null | op=PUT_BLOCK {blockData=[blockId=conID: 1 locID: 102699343580823553 bcsId: 0,size=1048576]} | ret=SUCCESS |  
2019-08-29 08:33:43,968 | INFO  | DNAudit | user=null | ip=null | op=PUT_BLOCK {blockData=[blockId=conID: 1 locID: 102699343580823553 bcsId: 0,size=2097152]} | ret=SUCCESS |  
2019-08-29 08:33:43,969 | INFO  | DNAudit | user=null | ip=null | op=WRITE_CHUNK {blockData=conID: 1 locID: 102699343580823553 bcsId: 0} | ret=SUCCESS |  
2019-08-29 08:33:43,974 | INFO  | DNAudit | user=null | ip=null | op=PUT_BLOCK {blockData=[blockId=conID: 1 locID: 102699343580823553 bcsId: 0,size=2097152]} | ret=SUCCESS |  
2019-08-29 08:33:43,975 [grpc-default-executor-5] INFO  client.GrpcClientProtocolClient (GrpcClientProtocolClient.java:onNext(255)) - client-170632F83769->129685ee-8122-4333-8930-3eeb8cf836af: receive RaftClientReply:client-170632F83769->129685ee-8122-4333-8930-3eeb8cf836af@group-4F259F9E67CD, cid=26, SUCCESS, logIndex=5, commits[129685ee-8122-4333-8930-3eeb8cf836af:c8, 802c6c9d-4843-417e-8983-b6e40533cc1c:c5, fe546585-3c52-42ae-8754-1a35dad17d3f:c5]
2019-08-29 08:33:44,001 | INFO  | SCMAudit | user=jenkins1000 | ip=192.168.69.89 | op=SEND_HEARTBEAT {datanodeUUID=e7b9916e-4eca-4156-a086-839e4ffd13a0, command=[]} | ret=SUCCESS |  
2019-08-29 08:33:44,001 | INFO  | SCMAudit | user=jenkins1000 | ip=192.168.69.89 | op=SEND_HEARTBEAT {datanodeUUID=99586f2f-9d87-40a3-9061-4566008201fd, command=[]} | ret=SUCCESS |  
2019-08-29 08:33:44,003 | INFO  | DNAudit | user=null | ip=null | op=WRITE_CHUNK {blockData=conID: 1 locID: 102699343580823553 bcsId: 5} | ret=SUCCESS |  
2019-08-29 08:33:44,014 | INFO  | DNAudit | user=null | ip=null | op=WRITE_CHUNK {blockData=conID: 1 locID: 102699343580823553 bcsId: 5} | ret=SUCCESS |  
2019-08-29 08:33:44,014 | INFO  | DNAudit | user=null | ip=null | op=WRITE_CHUNK {blockData=conID: 1 locID: 102699343580823553 bcsId: 5} | ret=SUCCESS |  
2019-08-29 08:33:44,018 | INFO  | DNAudit | user=null | ip=null | op=WRITE_CHUNK {blockData=conID: 1 locID: 102699343580823553 bcsId: 5} | ret=SUCCESS |  
2019-08-29 08:33:44,022 | INFO  | DNAudit | user=null | ip=null | op=WRITE_CHUNK {blockData=conID: 1 locID: 102699343580823553 bcsId: 5} | ret=SUCCESS |  
2019-08-29 08:33:44,023 | INFO  | DNAudit | user=null | ip=null | op=WRITE_CHUNK {blockData=conID: 1 locID: 102699343580823553 bcsId: 5} | ret=SUCCESS |  
2019-08-29 08:33:44,176 | INFO  | SCMAudit | user=jenkins1000 | ip=192.168.69.89 | op=SEND_HEARTBEAT {datanodeUUID=bcbb4469-e902-4083-b3d9-1bab9ea4cd29, command=[]} | ret=SUCCESS |  
2019-08-29 08:33:44,264 | INFO  | SCMAudit | user=jenkins1000 | ip=192.168.69.89 | op=SEND_HEARTBEAT {datanodeUUID=129685ee-8122-4333-8930-3eeb8cf836af, command=[]} | ret=SUCCESS |  
2019-08-29 08:33:44,378 | INFO  | SCMAudit | user=jenkins1000 | ip=192.168.69.89 | op=SEND_HEARTBEAT {datanodeUUID=802c6c9d-4843-417e-8983-b6e40533cc1c, command=[]} | ret=SUCCESS |  
2019-08-29 08:33:44,378 | INFO  | SCMAudit | user=jenkins1000 | ip=192.168.69.89 | op=SEND_HEARTBEAT {datanodeUUID=fe546585-3c52-42ae-8754-1a35dad17d3f, command=[]} | ret=SUCCESS |  
2019-08-29 08:33:44,382 | INFO  | SCMAudit | user=jenkins1000 | ip=192.168.69.89 | op=SEND_HEARTBEAT {datanodeUUID=7a9bfe55-9a1e-4d2f-9ebd-558835cfe40a, command=[]} | ret=SUCCESS |  
2019-08-29 08:33:44,443 | INFO  | SCMAudit | user=jenkins1000 | ip=192.168.69.89 | op=SEND_HEARTBEAT {datanodeUUID=02bf3283-c6bf-4588-a57c-baa459038378, command=[]} | ret=SUCCESS |  
2019-08-29 08:33:44,532 | INFO  | DNAudit | user=null | ip=null | op=WRITE_CHUNK {blockData=conID: 1 locID: 102699343580823553 bcsId: 5} | ret=SUCCESS |  
2019-08-29 08:33:44,536 | INFO  | DNAudit | user=null | ip=null | op=PUT_BLOCK {blockData=[blockId=conID: 1 locID: 102699343580823553 bcsId: 0,size=3145728]} | ret=SUCCESS |  
2019-08-29 08:33:44,537 [grpc-default-executor-1] INFO  client.GrpcClientProtocolClient (GrpcClientProtocolClient.java:onNext(255)) - client-170632F83769->129685ee-8122-4333-8930-3eeb8cf836af: receive RaftClientReply:client-170632F83769->129685ee-8122-4333-8930-3eeb8cf836af@group-4F259F9E67CD, cid=27, SUCCESS, logIndex=9, commits[129685ee-8122-4333-8930-3eeb8cf836af:c10, 802c6c9d-4843-417e-8983-b6e40533cc1c:c8, fe546585-3c52-42ae-8754-1a35dad17d3f:c8]
2019-08-29 08:33:44,538 [grpc-default-executor-1] INFO  client.GrpcClientProtocolClient (GrpcClientProtocolClient.java:onNext(255)) - client-170632F83769->129685ee-8122-4333-8930-3eeb8cf836af: receive RaftClientReply:client-170632F83769->129685ee-8122-4333-8930-3eeb8cf836af@group-4F259F9E67CD, cid=28, SUCCESS, logIndex=10, commits[129685ee-8122-4333-8930-3eeb8cf836af:c10, 802c6c9d-4843-417e-8983-b6e40533cc1c:c8, fe546585-3c52-42ae-8754-1a35dad17d3f:c8]
2019-08-29 08:33:44,623 | INFO  | SCMAudit | user=jenkins1000 | ip=192.168.69.89 | op=SEND_HEARTBEAT {datanodeUUID=4da055f9-cd9d-4c6f-9ab8-147a42717fcf, command=[]} | ret=SUCCESS |  
2019-08-29 08:33:44,873 | INFO  | SCMAudit | user=jenkins1000 | ip=192.168.69.89 | op=SEND_HEARTBEAT {datanodeUUID=f0c18ce4-0e5b-4823-99c8-fd716531bc5f, command=[]} | ret=SUCCESS |  
2019-08-29 08:33:44,879 | INFO  | DNAudit | user=null | ip=null | op=WRITE_CHUNK {blockData=conID: 1 locID: 102699343580823553 bcsId: 5} | ret=SUCCESS |  
2019-08-29 08:33:44,885 | INFO  | DNAudit | user=null | ip=null | op=PUT_BLOCK {blockData=[blockId=conID: 1 locID: 102699343580823553 bcsId: 0,size=4194304]} | ret=SUCCESS |  
2019-08-29 08:33:44,886 [grpc-default-executor-5] INFO  client.GrpcClientProtocolClient (GrpcClientProtocolClient.java:onNext(255)) - client-170632F83769->129685ee-8122-4333-8930-3eeb8cf836af: receive RaftClientReply:client-170632F83769->129685ee-8122-4333-8930-3eeb8cf836af@group-4F259F9E67CD, cid=29, SUCCESS, logIndex=11, commits[129685ee-8122-4333-8930-3eeb8cf836af:c12, 802c6c9d-4843-417e-8983-b6e40533cc1c:c8, fe546585-3c52-42ae-8754-1a35dad17d3f:c8]
2019-08-29 08:33:44,887 [grpc-default-executor-5] INFO  client.GrpcClientProtocolClient (GrpcClientProtocolClient.java:onNext(255)) - client-170632F83769->129685ee-8122-4333-8930-3eeb8cf836af: receive RaftClientReply:client-170632F83769->129685ee-8122-4333-8930-3eeb8cf836af@group-4F259F9E67CD, cid=30, SUCCESS, logIndex=12, commits[129685ee-8122-4333-8930-3eeb8cf836af:c12, 802c6c9d-4843-417e-8983-b6e40533cc1c:c8, fe546585-3c52-42ae-8754-1a35dad17d3f:c8]
2019-08-29 08:33:45,001 | INFO  | SCMAudit | user=jenkins1000 | ip=192.168.69.89 | op=SEND_HEARTBEAT {datanodeUUID=99586f2f-9d87-40a3-9061-4566008201fd, command=[]} | ret=SUCCESS |  
2019-08-29 08:33:45,001 | INFO  | SCMAudit | user=jenkins1000 | ip=192.168.69.89 | op=SEND_HEARTBEAT {datanodeUUID=e7b9916e-4eca-4156-a086-839e4ffd13a0, command=[]} | ret=SUCCESS |  
2019-08-29 08:33:45,175 | INFO  | SCMAudit | user=jenkins1000 | ip=192.168.69.89 | op=SEND_HEARTBEAT {datanodeUUID=bcbb4469-e902-4083-b3d9-1bab9ea4cd29, command=[]} | ret=SUCCESS |  
2019-08-29 08:33:45,264 | INFO  | SCMAudit | user=jenkins1000 | ip=192.168.69.89 | op=SEND_HEARTBEAT {datanodeUUID=129685ee-8122-4333-8930-3eeb8cf836af, command=[]} | ret=SUCCESS |  
2019-08-29 08:33:45,372 | INFO  | DNAudit | user=null | ip=null | op=WRITE_CHUNK {blockData=conID: 1 locID: 102699343580823553 bcsId: 5} | ret=SUCCESS |  
2019-08-29 08:33:45,382 | INFO  | SCMAudit | user=jenkins1000 | ip=192.168.69.89 | op=SEND_HEARTBEAT {datanodeUUID=802c6c9d-4843-417e-8983-b6e40533cc1c, command=[]} | ret=SUCCESS |  
2019-08-29 08:33:45,382 | INFO  | SCMAudit | user=jenkins1000 | ip=192.168.69.89 | op=SEND_HEARTBEAT {datanodeUUID=fe546585-3c52-42ae-8754-1a35dad17d3f, command=[]} | ret=SUCCESS |  
2019-08-29 08:33:45,383 | INFO  | SCMAudit | user=jenkins1000 | ip=192.168.69.89 | op=SEND_HEARTBEAT {datanodeUUID=7a9bfe55-9a1e-4d2f-9ebd-558835cfe40a, command=[]} | ret=SUCCESS |  
2019-08-29 08:33:45,383 | INFO  | DNAudit | user=null | ip=null | op=PUT_BLOCK {blockData=[blockId=conID: 1 locID: 102699343580823553 bcsId: 0,size=3145728]} | ret=SUCCESS |  
2019-08-29 08:33:45,383 | INFO  | DNAudit | user=null | ip=null | op=WRITE_CHUNK {blockData=conID: 1 locID: 102699343580823553 bcsId: 5} | ret=SUCCESS |  
2019-08-29 08:33:45,384 | INFO  | DNAudit | user=null | ip=null | op=WRITE_CHUNK {blockData=conID: 1 locID: 102699343580823553 bcsId: 5} | ret=SUCCESS |  
2019-08-29 08:33:45,388 | INFO  | DNAudit | user=null | ip=null | op=PUT_BLOCK {blockData=[blockId=conID: 1 locID: 102699343580823553 bcsId: 0,size=3145728]} | ret=SUCCESS |  
2019-08-29 08:33:45,388 | INFO  | DNAudit | user=null | ip=null | op=PUT_BLOCK {blockData=[blockId=conID: 1 locID: 102699343580823553 bcsId: 0,size=4194304]} | ret=SUCCESS |  
2019-08-29 08:33:45,389 | INFO  | DNAudit | user=null | ip=null | op=WRITE_CHUNK {blockData=conID: 1 locID: 102699343580823553 bcsId: 5} | ret=SUCCESS |  
2019-08-29 08:33:45,393 | INFO  | DNAudit | user=null | ip=null | op=PUT_BLOCK {blockData=[blockId=conID: 1 locID: 102699343580823553 bcsId: 0,size=4194304]} | ret=SUCCESS |  
2019-08-29 08:33:45,431 [grpc-default-executor-5] INFO  client.GrpcClientProtocolClient (GrpcClientProtocolClient.java:onNext(255)) - client-170632F83769->129685ee-8122-4333-8930-3eeb8cf836af: receive RaftClientReply:client-170632F83769->129685ee-8122-4333-8930-3eeb8cf836af@group-4F259F9E67CD, cid=31, SUCCESS, logIndex=0, commits[129685ee-8122-4333-8930-3eeb8cf836af:c14, 802c6c9d-4843-417e-8983-b6e40533cc1c:c12, fe546585-3c52-42ae-8754-1a35dad17d3f:c10]
2019-08-29 08:33:45,443 | INFO  | SCMAudit | user=jenkins1000 | ip=192.168.69.89 | op=SEND_HEARTBEAT {datanodeUUID=02bf3283-c6bf-4588-a57c-baa459038378, command=[]} | ret=SUCCESS |  
2019-08-29 08:33:45,471 [grpc-default-executor-5] INFO  client.GrpcClientProtocolClient (GrpcClientProtocolClient.java:onNext(255)) - client-170632F83769->129685ee-8122-4333-8930-3eeb8cf836af: receive RaftClientReply:client-170632F83769->129685ee-8122-4333-8930-3eeb8cf836af@group-4F259F9E67CD, cid=32, SUCCESS, logIndex=0, commits[129685ee-8122-4333-8930-3eeb8cf836af:c14, 802c6c9d-4843-417e-8983-b6e40533cc1c:c12, fe546585-3c52-42ae-8754-1a35dad17d3f:c12]
2019-08-29 08:33:45,493 [grpc-default-executor-2] INFO  client.GrpcClientProtocolClient (GrpcClientProtocolClient.java:onNext(255)) - client-2F6ADB736161->99586f2f-9d87-40a3-9061-4566008201fd: receive RaftClientReply:client-2F6ADB736161->99586f2f-9d87-40a3-9061-4566008201fd@group-F65937874E2C, cid=33, FAILED org.apache.ratis.protocol.NotLeaderException: Server 99586f2f-9d87-40a3-9061-4566008201fd is not the leader (bcbb4469-e902-4083-b3d9-1bab9ea4cd29:192.168.69.89:42960). Request must be sent to leader., logIndex=0, commits[99586f2f-9d87-40a3-9061-4566008201fd:c0, bcbb4469-e902-4083-b3d9-1bab9ea4cd29:c0, e7b9916e-4eca-4156-a086-839e4ffd13a0:c0]
2019-08-29 08:33:45,623 | INFO  | SCMAudit | user=jenkins1000 | ip=192.168.69.89 | op=SEND_HEARTBEAT {datanodeUUID=4da055f9-cd9d-4c6f-9ab8-147a42717fcf, command=[]} | ret=SUCCESS |  
2019-08-29 08:33:45,840 | INFO  | SCMAudit | user=jenkins1000 | ip=192.168.69.89 | op=SEND_HEARTBEAT {datanodeUUID=e7b9916e-4eca-4156-a086-839e4ffd13a0, command=[]} | ret=SUCCESS |  
2019-08-29 08:33:45,840 | INFO  | SCMAudit | user=jenkins1000 | ip=192.168.69.89 | op=SEND_HEARTBEAT {datanodeUUID=bcbb4469-e902-4083-b3d9-1bab9ea4cd29, command=[]} | ret=SUCCESS |  
2019-08-29 08:33:45,840 | INFO  | SCMAudit | user=jenkins1000 | ip=192.168.69.89 | op=SEND_HEARTBEAT {datanodeUUID=99586f2f-9d87-40a3-9061-4566008201fd, command=[]} | ret=SUCCESS |  
2019-08-29 08:33:45,846 | INFO  | DNAudit | user=null | ip=null | op=WRITE_CHUNK {blockData=conID: 2 locID: 102699343580954626 bcsId: 0} | ret=SUCCESS |  
2019-08-29 08:33:45,849 | INFO  | DNAudit | user=null | ip=null | op=WRITE_CHUNK {blockData=conID: 2 locID: 102699343580954626 bcsId: 0} | ret=SUCCESS |  
2019-08-29 08:33:45,851 | INFO  | DNAudit | user=null | ip=null | op=WRITE_CHUNK {blockData=conID: 2 locID: 102699343580954626 bcsId: 0} | ret=SUCCESS |  
2019-08-29 08:33:45,856 | INFO  | DNAudit | user=null | ip=null | op=WRITE_CHUNK {blockData=conID: 2 locID: 102699343580954626 bcsId: 0} | ret=SUCCESS |  
2019-08-29 08:33:45,867 | INFO  | DNAudit | user=null | ip=null | op=WRITE_CHUNK {blockData=conID: 2 locID: 102699343580954626 bcsId: 0} | ret=SUCCESS |  
2019-08-29 08:33:45,867 [grpc-default-executor-5] INFO  client.GrpcClientProtocolClient (GrpcClientProtocolClient.java:onNext(255)) - client-2F6ADB736161->bcbb4469-e902-4083-b3d9-1bab9ea4cd29: receive RaftClientReply:client-2F6ADB736161->bcbb4469-e902-4083-b3d9-1bab9ea4cd29@group-F65937874E2C, cid=33, SUCCESS, logIndex=1, commits[bcbb4469-e902-4083-b3d9-1bab9ea4cd29:c1, 99586f2f-9d87-40a3-9061-4566008201fd:c0, e7b9916e-4eca-4156-a086-839e4ffd13a0:c0]
2019-08-29 08:33:45,867 | INFO  | DNAudit | user=null | ip=null | op=WRITE_CHUNK {blockData=conID: 2 locID: 102699343580954626 bcsId: 0} | ret=SUCCESS |  
2019-08-29 08:33:45,876 | INFO  | SCMAudit | user=jenkins1000 | ip=192.168.69.89 | op=SEND_HEARTBEAT {datanodeUUID=f0c18ce4-0e5b-4823-99c8-fd716531bc5f, command=[]} | ret=SUCCESS |  
2019-08-29 08:33:45,886 | INFO  | DNAudit | user=null | ip=null | op=WRITE_CHUNK {blockData=conID: 2 locID: 102699343580954626 bcsId: 0} | ret=SUCCESS |  
2019-08-29 08:33:45,901 | INFO  | DNAudit | user=null | ip=null | op=WRITE_CHUNK {blockData=conID: 2 locID: 102699343580954626 bcsId: 0} | ret=SUCCESS |  
2019-08-29 08:33:45,906 | INFO  | DNAudit | user=null | ip=null | op=WRITE_CHUNK {blockData=conID: 2 locID: 102699343580954626 bcsId: 0} | ret=SUCCESS |  
2019-08-29 08:33:46,016 | INFO  | DNAudit | user=null | ip=null | op=PUT_BLOCK {blockData=[blockId=conID: 2 locID: 102699343580954626 bcsId: 0,size=1048576]} | ret=SUCCESS |  
2019-08-29 08:33:46,039 [grpc-default-executor-2] INFO  client.GrpcClientProtocolClient (GrpcClientProtocolClient.java:onNext(255)) - client-2F6ADB736161->bcbb4469-e902-4083-b3d9-1bab9ea4cd29: receive RaftClientReply:client-2F6ADB736161->bcbb4469-e902-4083-b3d9-1bab9ea4cd29@group-F65937874E2C, cid=34, SUCCESS, logIndex=3, commits[bcbb4469-e902-4083-b3d9-1bab9ea4cd29:c7, 99586f2f-9d87-40a3-9061-4566008201fd:c6, e7b9916e-4eca-4156-a086-839e4ffd13a0:c6]
2019-08-29 08:33:46,045 | INFO  | DNAudit | user=null | ip=null | op=WRITE_CHUNK {blockData=conID: 2 locID: 102699343580954626 bcsId: 0} | ret=SUCCESS |  
2019-08-29 08:33:46,047 [grpc-default-executor-2] INFO  client.GrpcClientProtocolClient (GrpcClientProtocolClient.java:onNext(255)) - client-2F6ADB736161->bcbb4469-e902-4083-b3d9-1bab9ea4cd29: receive RaftClientReply:client-2F6ADB736161->bcbb4469-e902-4083-b3d9-1bab9ea4cd29@group-F65937874E2C, cid=35, SUCCESS, logIndex=4, commits[bcbb4469-e902-4083-b3d9-1bab9ea4cd29:c7, 99586f2f-9d87-40a3-9061-4566008201fd:c6, e7b9916e-4eca-4156-a086-839e4ffd13a0:c6]
2019-08-29 08:33:46,124 | INFO  | DNAudit | user=null | ip=null | op=PUT_BLOCK {blockData=[blockId=conID: 2 locID: 102699343580954626 bcsId: 0,size=1048576]} | ret=SUCCESS |  
2019-08-29 08:33:46,125 | INFO  | DNAudit | user=null | ip=null | op=WRITE_CHUNK {blockData=conID: 2 locID: 102699343580954626 bcsId: 0} | ret=SUCCESS |  
2019-08-29 08:33:46,242 | INFO  | DNAudit | user=null | ip=null | op=PUT_BLOCK {blockData=[blockId=conID: 2 locID: 102699343580954626 bcsId: 0,size=2097152]} | ret=SUCCESS |  
2019-08-29 08:33:46,242 | INFO  | DNAudit | user=null | ip=null | op=PUT_BLOCK {blockData=[blockId=conID: 2 locID: 102699343580954626 bcsId: 0,size=1048576]} | ret=SUCCESS |  
2019-08-29 08:33:46,242 | INFO  | DNAudit | user=null | ip=null | op=PUT_BLOCK {blockData=[blockId=conID: 2 locID: 102699343580954626 bcsId: 0,size=2097152]} | ret=SUCCESS |  
2019-08-29 08:33:46,243 | INFO  | DNAudit | user=null | ip=null | op=WRITE_CHUNK {blockData=conID: 2 locID: 102699343580954626 bcsId: 0} | ret=SUCCESS |  
2019-08-29 08:33:46,243 | INFO  | DNAudit | user=null | ip=null | op=PUT_BLOCK {blockData=[blockId=conID: 2 locID: 102699343580954626 bcsId: 0,size=2097152]} | ret=SUCCESS |  
2019-08-29 08:33:46,244 [grpc-default-executor-2] INFO  client.GrpcClientProtocolClient (GrpcClientProtocolClient.java:onNext(255)) - client-2F6ADB736161->bcbb4469-e902-4083-b3d9-1bab9ea4cd29: receive RaftClientReply:client-2F6ADB736161->bcbb4469-e902-4083-b3d9-1bab9ea4cd29@group-F65937874E2C, cid=36, SUCCESS, logIndex=5, commits[bcbb4469-e902-4083-b3d9-1bab9ea4cd29:c7, 99586f2f-9d87-40a3-9061-4566008201fd:c6, e7b9916e-4eca-4156-a086-839e4ffd13a0:c6]
2019-08-29 08:33:46,267 | INFO  | SCMAudit | user=jenkins1000 | ip=192.168.69.89 | op=SEND_HEARTBEAT {datanodeUUID=129685ee-8122-4333-8930-3eeb8cf836af, command=[]} | ret=SUCCESS |  
2019-08-29 08:33:46,280 | INFO  | DNAudit | user=null | ip=null | op=WRITE_CHUNK {blockData=conID: 2 locID: 102699343580954626 bcsId: 5} | ret=SUCCESS |  
2019-08-29 08:33:46,292 | INFO  | DNAudit | user=null | ip=null | op=WRITE_CHUNK {blockData=conID: 2 locID: 102699343580954626 bcsId: 5} | ret=SUCCESS |  
2019-08-29 08:33:46,292 | INFO  | DNAudit | user=null | ip=null | op=WRITE_CHUNK {blockData=conID: 2 locID: 102699343580954626 bcsId: 5} | ret=SUCCESS |  
2019-08-29 08:33:46,303 | INFO  | DNAudit | user=null | ip=null | op=WRITE_CHUNK {blockData=conID: 2 locID: 102699343580954626 bcsId: 5} | ret=SUCCESS |  
2019-08-29 08:33:46,303 | INFO  | DNAudit | user=null | ip=null | op=WRITE_CHUNK {blockData=conID: 2 locID: 102699343580954626 bcsId: 5} | ret=SUCCESS |  
2019-08-29 08:33:46,305 | INFO  | DNAudit | user=null | ip=null | op=PUT_BLOCK {blockData=[blockId=conID: 2 locID: 102699343580954626 bcsId: 0,size=3145728]} | ret=SUCCESS |  
2019-08-29 08:33:46,307 [grpc-default-executor-1] INFO  client.GrpcClientProtocolClient (GrpcClientProtocolClient.java:onNext(255)) - client-2F6ADB736161->bcbb4469-e902-4083-b3d9-1bab9ea4cd29: receive RaftClientReply:client-2F6ADB736161->bcbb4469-e902-4083-b3d9-1bab9ea4cd29@group-F65937874E2C, cid=37, SUCCESS, logIndex=8, commits[bcbb4469-e902-4083-b3d9-1bab9ea4cd29:c9, 99586f2f-9d87-40a3-9061-4566008201fd:c7, e7b9916e-4eca-4156-a086-839e4ffd13a0:c6]
2019-08-29 08:33:46,315 [grpc-default-executor-1] INFO  client.GrpcClientProtocolClient (GrpcClientProtocolClient.java:onNext(255)) - client-2F6ADB736161->bcbb4469-e902-4083-b3d9-1bab9ea4cd29: receive RaftClientReply:client-2F6ADB736161->bcbb4469-e902-4083-b3d9-1bab9ea4cd29@group-F65937874E2C, cid=38, SUCCESS, logIndex=9, commits[bcbb4469-e902-4083-b3d9-1bab9ea4cd29:c9, 99586f2f-9d87-40a3-9061-4566008201fd:c7, e7b9916e-4eca-4156-a086-839e4ffd13a0:c6]
2019-08-29 08:33:46,318 | INFO  | DNAudit | user=null | ip=null | op=WRITE_CHUNK {blockData=conID: 2 locID: 102699343580954626 bcsId: 5} | ret=SUCCESS |  
2019-08-29 08:33:46,319 | INFO  | DNAudit | user=null | ip=null | op=WRITE_CHUNK {blockData=conID: 2 locID: 102699343580954626 bcsId: 5} | ret=SUCCESS |  
2019-08-29 08:33:46,334 | INFO  | DNAudit | user=null | ip=null | op=WRITE_CHUNK {blockData=conID: 2 locID: 102699343580954626 bcsId: 5} | ret=SUCCESS |  
2019-08-29 08:33:46,334 | INFO  | DNAudit | user=null | ip=null | op=WRITE_CHUNK {blockData=conID: 2 locID: 102699343580954626 bcsId: 5} | ret=SUCCESS |  
2019-08-29 08:33:46,339 | INFO  | DNAudit | user=null | ip=null | op=PUT_BLOCK {blockData=[blockId=conID: 2 locID: 102699343580954626 bcsId: 0,size=3145728]} | ret=SUCCESS |  
2019-08-29 08:33:46,339 | INFO  | DNAudit | user=null | ip=null | op=PUT_BLOCK {blockData=[blockId=conID: 2 locID: 102699343580954626 bcsId: 0,size=3145728]} | ret=SUCCESS |  
2019-08-29 08:33:46,339 | INFO  | DNAudit | user=null | ip=null | op=WRITE_CHUNK {blockData=conID: 2 locID: 102699343580954626 bcsId: 5} | ret=SUCCESS |  
2019-08-29 08:33:46,340 | INFO  | DNAudit | user=null | ip=null | op=PUT_BLOCK {blockData=[blockId=conID: 2 locID: 102699343580954626 bcsId: 0,size=4194304]} | ret=SUCCESS |  
2019-08-29 08:33:46,341 [grpc-default-executor-1] INFO  client.GrpcClientProtocolClient (GrpcClientProtocolClient.java:onNext(255)) - client-2F6ADB736161->bcbb4469-e902-4083-b3d9-1bab9ea4cd29: receive RaftClientReply:client-2F6ADB736161->bcbb4469-e902-4083-b3d9-1bab9ea4cd29@group-F65937874E2C, cid=39, SUCCESS, logIndex=10, commits[bcbb4469-e902-4083-b3d9-1bab9ea4cd29:c11, 99586f2f-9d87-40a3-9061-4566008201fd:c9, e7b9916e-4eca-4156-a086-839e4ffd13a0:c7]
2019-08-29 08:33:46,344 [grpc-default-executor-1] INFO  client.GrpcClientProtocolClient (GrpcClientProtocolClient.java:onNext(255)) - client-2F6ADB736161->bcbb4469-e902-4083-b3d9-1bab9ea4cd29: receive RaftClientReply:client-2F6ADB736161->bcbb4469-e902-4083-b3d9-1bab9ea4cd29@group-F65937874E2C, cid=40, SUCCESS, logIndex=11, commits[bcbb4469-e902-4083-b3d9-1bab9ea4cd29:c13, 99586f2f-9d87-40a3-9061-4566008201fd:c9, e7b9916e-4eca-4156-a086-839e4ffd13a0:c9]
2019-08-29 08:33:46,352 | INFO  | DNAudit | user=null | ip=null | op=WRITE_CHUNK {blockData=conID: 2 locID: 102699343580954626 bcsId: 5} | ret=SUCCESS |  
2019-08-29 08:33:46,352 | INFO  | DNAudit | user=null | ip=null | op=WRITE_CHUNK {blockData=conID: 2 locID: 102699343580954626 bcsId: 5} | ret=SUCCESS |  
2019-08-29 08:33:46,353 | INFO  | DNAudit | user=null | ip=null | op=PUT_BLOCK {blockData=[blockId=conID: 2 locID: 102699343580954626 bcsId: 0,size=4194304]} | ret=SUCCESS |  
2019-08-29 08:33:46,355 | INFO  | DNAudit | user=null | ip=null | op=PUT_BLOCK {blockData=[blockId=conID: 2 locID: 102699343580954626 bcsId: 0,size=4194304]} | ret=SUCCESS |  
2019-08-29 08:33:46,360 [grpc-default-executor-1] INFO  client.GrpcClientProtocolClient (GrpcClientProtocolClient.java:onNext(255)) - client-2F6ADB736161->bcbb4469-e902-4083-b3d9-1bab9ea4cd29: receive RaftClientReply:client-2F6ADB736161->bcbb4469-e902-4083-b3d9-1bab9ea4cd29@group-F65937874E2C, cid=41, SUCCESS, logIndex=0, commits[bcbb4469-e902-4083-b3d9-1bab9ea4cd29:c15, 99586f2f-9d87-40a3-9061-4566008201fd:c13, e7b9916e-4eca-4156-a086-839e4ffd13a0:c12]
2019-08-29 08:33:46,383 | INFO  | SCMAudit | user=jenkins1000 | ip=192.168.69.89 | op=SEND_HEARTBEAT {datanodeUUID=802c6c9d-4843-417e-8983-b6e40533cc1c, command=[]} | ret=SUCCESS |  
2019-08-29 08:33:46,383 | INFO  | SCMAudit | user=jenkins1000 | ip=192.168.69.89 | op=SEND_HEARTBEAT {datanodeUUID=7a9bfe55-9a1e-4d2f-9ebd-558835cfe40a, command=[]} | ret=SUCCESS |  
2019-08-29 08:33:46,383 | INFO  | SCMAudit | user=jenkins1000 | ip=192.168.69.89 | op=SEND_HEARTBEAT {datanodeUUID=fe546585-3c52-42ae-8754-1a35dad17d3f, command=[]} | ret=SUCCESS |  
2019-08-29 08:33:46,444 | INFO  | SCMAudit | user=jenkins1000 | ip=192.168.69.89 | op=SEND_HEARTBEAT {datanodeUUID=02bf3283-c6bf-4588-a57c-baa459038378, command=[]} | ret=SUCCESS |  
2019-08-29 08:33:46,624 | INFO  | SCMAudit | user=jenkins1000 | ip=192.168.69.89 | op=SEND_HEARTBEAT {datanodeUUID=4da055f9-cd9d-4c6f-9ab8-147a42717fcf, command=[]} | ret=SUCCESS |  
2019-08-29 08:33:46,675 | INFO  | SCMAudit | user=jenkins1000 | ip=192.168.69.89 | op=SEND_HEARTBEAT {datanodeUUID=e7b9916e-4eca-4156-a086-839e4ffd13a0, command=[]} | ret=SUCCESS |  
2019-08-29 08:33:46,675 | INFO  | SCMAudit | user=jenkins1000 | ip=192.168.69.89 | op=SEND_HEARTBEAT {datanodeUUID=99586f2f-9d87-40a3-9061-4566008201fd, command=[]} | ret=SUCCESS |  
2019-08-29 08:33:46,675 | INFO  | SCMAudit | user=jenkins1000 | ip=192.168.69.89 | op=SEND_HEARTBEAT {datanodeUUID=bcbb4469-e902-4083-b3d9-1bab9ea4cd29, command=[]} | ret=SUCCESS |  
2019-08-29 08:33:46,676 | INFO  | DNAudit | user=null | ip=null | op=WRITE_CHUNK {blockData=conID: 3 locID: 102699343581085699 bcsId: 0} | ret=SUCCESS |  
2019-08-29 08:33:46,676 | INFO  | DNAudit | user=null | ip=null | op=WRITE_CHUNK {blockData=conID: 3 locID: 102699343581085699 bcsId: 0} | ret=SUCCESS |  
2019-08-29 08:33:46,677 | INFO  | DNAudit | user=null | ip=null | op=WRITE_CHUNK {blockData=conID: 3 locID: 102699343581085699 bcsId: 0} | ret=SUCCESS |  
2019-08-29 08:33:46,677 | INFO  | DNAudit | user=null | ip=null | op=WRITE_CHUNK {blockData=conID: 3 locID: 102699343581085699 bcsId: 0} | ret=SUCCESS |  
2019-08-29 08:33:46,678 | INFO  | DNAudit | user=null | ip=null | op=WRITE_CHUNK {blockData=conID: 3 locID: 102699343581085699 bcsId: 0} | ret=SUCCESS |  
2019-08-29 08:33:46,678 | INFO  | DNAudit | user=null | ip=null | op=WRITE_CHUNK {blockData=conID: 3 locID: 102699343581085699 bcsId: 0} | ret=SUCCESS |  
2019-08-29 08:33:46,687 | INFO  | DNAudit | user=null | ip=null | op=WRITE_CHUNK {blockData=conID: 3 locID: 102699343581085699 bcsId: 0} | ret=SUCCESS |  
2019-08-29 08:33:46,693 [grpc-default-executor-4] INFO  client.GrpcClientProtocolClient (GrpcClientProtocolClient.java:onNext(255)) - client-2F6ADB736161->bcbb4469-e902-4083-b3d9-1bab9ea4cd29: receive RaftClientReply:client-2F6ADB736161->bcbb4469-e902-4083-b3d9-1bab9ea4cd29@group-F65937874E2C, cid=42, SUCCESS, logIndex=16, commits[bcbb4469-e902-4083-b3d9-1bab9ea4cd29:c19, 99586f2f-9d87-40a3-9061-4566008201fd:c15, e7b9916e-4eca-4156-a086-839e4ffd13a0:c15]
2019-08-29 08:33:46,695 | INFO  | DNAudit | user=null | ip=null | op=WRITE_CHUNK {blockData=conID: 3 locID: 102699343581085699 bcsId: 0} | ret=SUCCESS |  
2019-08-29 08:33:46,696 | INFO  | DNAudit | user=null | ip=null | op=WRITE_CHUNK {blockData=conID: 3 locID: 102699343581085699 bcsId: 0} | ret=SUCCESS |  
2019-08-29 08:33:46,777 | INFO  | DNAudit | user=null | ip=null | op=PUT_BLOCK {blockData=[blockId=conID: 3 locID: 102699343581085699 bcsId: 0,size=1048576]} | ret=SUCCESS |  
2019-08-29 08:33:46,784 | INFO  | DNAudit | user=null | ip=null | op=WRITE_CHUNK {blockData=conID: 3 locID: 102699343581085699 bcsId: 0} | ret=SUCCESS |  
2019-08-29 08:33:46,788 [grpc-default-executor-3] INFO  client.GrpcClientProtocolClient (GrpcClientProtocolClient.java:onNext(255)) - client-2F6ADB736161->bcbb4469-e902-4083-b3d9-1bab9ea4cd29: receive RaftClientReply:client-2F6ADB736161->bcbb4469-e902-4083-b3d9-1bab9ea4cd29@group-F65937874E2C, cid=43, SUCCESS, logIndex=17, commits[bcbb4469-e902-4083-b3d9-1bab9ea4cd29:c22, 99586f2f-9d87-40a3-9061-4566008201fd:c19, e7b9916e-4eca-4156-a086-839e4ffd13a0:c19]
2019-08-29 08:33:46,789 [grpc-default-executor-3] INFO  client.GrpcClientProtocolClient (GrpcClientProtocolClient.java:onNext(255)) - client-2F6ADB736161->bcbb4469-e902-4083-b3d9-1bab9ea4cd29: receive RaftClientReply:client-2F6ADB736161->bcbb4469-e902-4083-b3d9-1bab9ea4cd29@group-F65937874E2C, cid=44, SUCCESS, logIndex=18, commits[bcbb4469-e902-4083-b3d9-1bab9ea4cd29:c22, 99586f2f-9d87-40a3-9061-4566008201fd:c19, e7b9916e-4eca-4156-a086-839e4ffd13a0:c19]
2019-08-29 08:33:46,863 | INFO  | DNAudit | user=null | ip=null | op=PUT_BLOCK {blockData=[blockId=conID: 3 locID: 102699343581085699 bcsId: 0,size=1048576]} | ret=SUCCESS |  
2019-08-29 08:33:46,864 | INFO  | DNAudit | user=null | ip=null | op=WRITE_CHUNK {blockData=conID: 3 locID: 102699343581085699 bcsId: 0} | ret=SUCCESS |  
2019-08-29 08:33:46,874 | INFO  | SCMAudit | user=jenkins1000 | ip=192.168.69.89 | op=SEND_HEARTBEAT {datanodeUUID=f0c18ce4-0e5b-4823-99c8-fd716531bc5f, command=[]} | ret=SUCCESS |  
2019-08-29 08:33:46,948 | INFO  | DNAudit | user=null | ip=null | op=PUT_BLOCK {blockData=[blockId=conID: 3 locID: 102699343581085699 bcsId: 0,size=1048576]} | ret=SUCCESS |  
2019-08-29 08:33:46,948 | INFO  | DNAudit | user=null | ip=null | op=PUT_BLOCK {blockData=[blockId=conID: 3 locID: 102699343581085699 bcsId: 0,size=2097152]} | ret=SUCCESS |  
2019-08-29 08:33:46,948 | INFO  | DNAudit | user=null | ip=null | op=PUT_BLOCK {blockData=[blockId=conID: 3 locID: 102699343581085699 bcsId: 0,size=2097152]} | ret=SUCCESS |  
2019-08-29 08:33:46,949 | INFO  | DNAudit | user=null | ip=null | op=WRITE_CHUNK {blockData=conID: 3 locID: 102699343581085699 bcsId: 0} | ret=SUCCESS |  
2019-08-29 08:33:46,966 | INFO  | DNAudit | user=null | ip=null | op=PUT_BLOCK {blockData=[blockId=conID: 3 locID: 102699343581085699 bcsId: 0,size=2097152]} | ret=SUCCESS |  
2019-08-29 08:33:46,966 [grpc-default-executor-4] INFO  client.GrpcClientProtocolClient (GrpcClientProtocolClient.java:onNext(255)) - client-2F6ADB736161->bcbb4469-e902-4083-b3d9-1bab9ea4cd29: receive RaftClientReply:client-2F6ADB736161->bcbb4469-e902-4083-b3d9-1bab9ea4cd29@group-F65937874E2C, cid=45, SUCCESS, logIndex=19, commits[bcbb4469-e902-4083-b3d9-1bab9ea4cd29:c22, 99586f2f-9d87-40a3-9061-4566008201fd:c19, e7b9916e-4eca-4156-a086-839e4ffd13a0:c19]
2019-08-29 08:33:46,968 [main] INFO  datanode.ObjectStoreHandler (ObjectStoreHandler.java:close(155)) - Closing ObjectStoreHandler.
2019-08-29 08:33:46,969 [main] INFO  ozone.HddsDatanodeService (HddsDatanodeService.java:stop(451)) - Stopped plug-in org.apache.hadoop.ozone.web.OzoneHddsDatanodeService@1a345298
2019-08-29 08:33:47,264 | INFO  | SCMAudit | user=jenkins1000 | ip=192.168.69.89 | op=SEND_HEARTBEAT {datanodeUUID=129685ee-8122-4333-8930-3eeb8cf836af, command=[]} | ret=SUCCESS |  
2019-08-29 08:33:47,382 [Datanode State Machine Thread - 0] INFO  statemachine.DatanodeStateMachine (DatanodeStateMachine.java:lambda$startDaemon$0(350)) - Ozone container server started.
2019-08-29 08:33:47,383 | INFO  | SCMAudit | user=jenkins1000 | ip=192.168.69.89 | op=SEND_HEARTBEAT {datanodeUUID=802c6c9d-4843-417e-8983-b6e40533cc1c, command=[]} | ret=SUCCESS |  
2019-08-29 08:33:47,383 | INFO  | SCMAudit | user=jenkins1000 | ip=192.168.69.89 | op=SEND_HEARTBEAT {datanodeUUID=7a9bfe55-9a1e-4d2f-9ebd-558835cfe40a, command=[]} | ret=SUCCESS |  
2019-08-29 08:33:47,444 | INFO  | SCMAudit | user=jenkins1000 | ip=192.168.69.89 | op=SEND_HEARTBEAT {datanodeUUID=02bf3283-c6bf-4588-a57c-baa459038378, command=[]} | ret=SUCCESS |  
2019-08-29 08:33:47,624 | INFO  | SCMAudit | user=jenkins1000 | ip=192.168.69.89 | op=SEND_HEARTBEAT {datanodeUUID=4da055f9-cd9d-4c6f-9ab8-147a42717fcf, command=[]} | ret=SUCCESS |  
2019-08-29 08:33:47,675 | INFO  | SCMAudit | user=jenkins1000 | ip=192.168.69.89 | op=SEND_HEARTBEAT {datanodeUUID=e7b9916e-4eca-4156-a086-839e4ffd13a0, command=[]} | ret=SUCCESS |  
2019-08-29 08:33:47,675 | INFO  | SCMAudit | user=jenkins1000 | ip=192.168.69.89 | op=SEND_HEARTBEAT {datanodeUUID=bcbb4469-e902-4083-b3d9-1bab9ea4cd29, command=[]} | ret=SUCCESS |  
2019-08-29 08:33:47,675 | INFO  | SCMAudit | user=jenkins1000 | ip=192.168.69.89 | op=SEND_HEARTBEAT {datanodeUUID=99586f2f-9d87-40a3-9061-4566008201fd, command=[]} | ret=SUCCESS |  
2019-08-29 08:33:47,875 | INFO  | SCMAudit | user=jenkins1000 | ip=192.168.69.89 | op=SEND_HEARTBEAT {datanodeUUID=f0c18ce4-0e5b-4823-99c8-fd716531bc5f, command=[]} | ret=SUCCESS |  
2019-08-29 08:33:48,266 | INFO  | SCMAudit | user=jenkins1000 | ip=192.168.69.89 | op=SEND_HEARTBEAT {datanodeUUID=129685ee-8122-4333-8930-3eeb8cf836af, command=[]} | ret=SUCCESS |  
2019-08-29 08:33:48,383 | INFO  | SCMAudit | user=jenkins1000 | ip=192.168.69.89 | op=SEND_HEARTBEAT {datanodeUUID=7a9bfe55-9a1e-4d2f-9ebd-558835cfe40a, command=[]} | ret=SUCCESS |  
2019-08-29 08:33:48,383 | INFO  | SCMAudit | user=jenkins1000 | ip=192.168.69.89 | op=SEND_HEARTBEAT {datanodeUUID=802c6c9d-4843-417e-8983-b6e40533cc1c, command=[]} | ret=SUCCESS |  
2019-08-29 08:33:48,444 | INFO  | SCMAudit | user=jenkins1000 | ip=192.168.69.89 | op=SEND_HEARTBEAT {datanodeUUID=02bf3283-c6bf-4588-a57c-baa459038378, command=[]} | ret=SUCCESS |  
2019-08-29 08:33:48,624 | INFO  | SCMAudit | user=jenkins1000 | ip=192.168.69.89 | op=SEND_HEARTBEAT {datanodeUUID=4da055f9-cd9d-4c6f-9ab8-147a42717fcf, command=[]} | ret=SUCCESS |  
2019-08-29 08:33:48,675 | INFO  | SCMAudit | user=jenkins1000 | ip=192.168.69.89 | op=SEND_HEARTBEAT {datanodeUUID=99586f2f-9d87-40a3-9061-4566008201fd, command=[]} | ret=SUCCESS |  
2019-08-29 08:33:48,675 | INFO  | SCMAudit | user=jenkins1000 | ip=192.168.69.89 | op=SEND_HEARTBEAT {datanodeUUID=bcbb4469-e902-4083-b3d9-1bab9ea4cd29, command=[]} | ret=SUCCESS |  
2019-08-29 08:33:48,675 | INFO  | SCMAudit | user=jenkins1000 | ip=192.168.69.89 | op=SEND_HEARTBEAT {datanodeUUID=e7b9916e-4eca-4156-a086-839e4ffd13a0, command=[]} | ret=SUCCESS |  
2019-08-29 08:33:48,873 | INFO  | SCMAudit | user=jenkins1000 | ip=192.168.69.89 | op=SEND_HEARTBEAT {datanodeUUID=f0c18ce4-0e5b-4823-99c8-fd716531bc5f, command=[]} | ret=SUCCESS |  
2019-08-29 08:33:49,263 | INFO  | SCMAudit | user=jenkins1000 | ip=192.168.69.89 | op=SEND_HEARTBEAT {datanodeUUID=129685ee-8122-4333-8930-3eeb8cf836af, command=[]} | ret=SUCCESS |  
2019-08-29 08:33:49,383 | INFO  | SCMAudit | user=jenkins1000 | ip=192.168.69.89 | op=SEND_HEARTBEAT {datanodeUUID=7a9bfe55-9a1e-4d2f-9ebd-558835cfe40a, command=[]} | ret=SUCCESS |  
2019-08-29 08:33:49,383 | INFO  | SCMAudit | user=jenkins1000 | ip=192.168.69.89 | op=SEND_HEARTBEAT {datanodeUUID=802c6c9d-4843-417e-8983-b6e40533cc1c, command=[]} | ret=SUCCESS |  
2019-08-29 08:33:49,444 | INFO  | SCMAudit | user=jenkins1000 | ip=192.168.69.89 | op=SEND_HEARTBEAT {datanodeUUID=02bf3283-c6bf-4588-a57c-baa459038378, command=[]} | ret=SUCCESS |  
2019-08-29 08:33:49,624 | INFO  | SCMAudit | user=jenkins1000 | ip=192.168.69.89 | op=SEND_HEARTBEAT {datanodeUUID=4da055f9-cd9d-4c6f-9ab8-147a42717fcf, command=[]} | ret=SUCCESS |  
2019-08-29 08:33:49,675 | INFO  | SCMAudit | user=jenkins1000 | ip=192.168.69.89 | op=SEND_HEARTBEAT {datanodeUUID=e7b9916e-4eca-4156-a086-839e4ffd13a0, command=[]} | ret=SUCCESS |  
2019-08-29 08:33:49,675 | INFO  | SCMAudit | user=jenkins1000 | ip=192.168.69.89 | op=SEND_HEARTBEAT {datanodeUUID=bcbb4469-e902-4083-b3d9-1bab9ea4cd29, command=[]} | ret=SUCCESS |  
2019-08-29 08:33:49,675 | INFO  | SCMAudit | user=jenkins1000 | ip=192.168.69.89 | op=SEND_HEARTBEAT {datanodeUUID=99586f2f-9d87-40a3-9061-4566008201fd, command=[]} | ret=SUCCESS |  
2019-08-29 08:33:49,874 | INFO  | SCMAudit | user=jenkins1000 | ip=192.168.69.89 | op=SEND_HEARTBEAT {datanodeUUID=f0c18ce4-0e5b-4823-99c8-fd716531bc5f, command=[]} | ret=SUCCESS |  
2019-08-29 08:33:50,263 | INFO  | SCMAudit | user=jenkins1000 | ip=192.168.69.89 | op=SEND_HEARTBEAT {datanodeUUID=129685ee-8122-4333-8930-3eeb8cf836af, command=[]} | ret=SUCCESS |  
2019-08-29 08:33:50,383 | INFO  | SCMAudit | user=jenkins1000 | ip=192.168.69.89 | op=SEND_HEARTBEAT {datanodeUUID=802c6c9d-4843-417e-8983-b6e40533cc1c, command=[]} | ret=SUCCESS |  
2019-08-29 08:33:50,383 | INFO  | SCMAudit | user=jenkins1000 | ip=192.168.69.89 | op=SEND_HEARTBEAT {datanodeUUID=7a9bfe55-9a1e-4d2f-9ebd-558835cfe40a, command=[]} | ret=SUCCESS |  
2019-08-29 08:33:50,444 | INFO  | SCMAudit | user=jenkins1000 | ip=192.168.69.89 | op=SEND_HEARTBEAT {datanodeUUID=02bf3283-c6bf-4588-a57c-baa459038378, command=[]} | ret=SUCCESS |  
2019-08-29 08:33:50,624 | INFO  | SCMAudit | user=jenkins1000 | ip=192.168.69.89 | op=SEND_HEARTBEAT {datanodeUUID=4da055f9-cd9d-4c6f-9ab8-147a42717fcf, command=[]} | ret=SUCCESS |  
2019-08-29 08:33:50,675 | INFO  | SCMAudit | user=jenkins1000 | ip=192.168.69.89 | op=SEND_HEARTBEAT {datanodeUUID=bcbb4469-e902-4083-b3d9-1bab9ea4cd29, command=[]} | ret=SUCCESS |  
2019-08-29 08:33:50,675 | INFO  | SCMAudit | user=jenkins1000 | ip=192.168.69.89 | op=SEND_HEARTBEAT {datanodeUUID=99586f2f-9d87-40a3-9061-4566008201fd, command=[]} | ret=SUCCESS |  
2019-08-29 08:33:50,675 | INFO  | SCMAudit | user=jenkins1000 | ip=192.168.69.89 | op=SEND_HEARTBEAT {datanodeUUID=e7b9916e-4eca-4156-a086-839e4ffd13a0, command=[]} | ret=SUCCESS |  
2019-08-29 08:33:50,874 | INFO  | SCMAudit | user=jenkins1000 | ip=192.168.69.89 | op=SEND_HEARTBEAT {datanodeUUID=f0c18ce4-0e5b-4823-99c8-fd716531bc5f, command=[]} | ret=SUCCESS |  
2019-08-29 08:33:51,264 | INFO  | SCMAudit | user=jenkins1000 | ip=192.168.69.89 | op=SEND_HEARTBEAT {datanodeUUID=129685ee-8122-4333-8930-3eeb8cf836af, command=[]} | ret=SUCCESS |  
2019-08-29 08:33:51,382 | INFO  | SCMAudit | user=jenkins1000 | ip=192.168.69.89 | op=SEND_HEARTBEAT {datanodeUUID=802c6c9d-4843-417e-8983-b6e40533cc1c, command=[]} | ret=SUCCESS |  
2019-08-29 08:33:51,382 | INFO  | SCMAudit | user=jenkins1000 | ip=192.168.69.89 | op=SEND_HEARTBEAT {datanodeUUID=7a9bfe55-9a1e-4d2f-9ebd-558835cfe40a, command=[]} | ret=SUCCESS |  
2019-08-29 08:33:51,444 | INFO  | SCMAudit | user=jenkins1000 | ip=192.168.69.89 | op=SEND_HEARTBEAT {datanodeUUID=02bf3283-c6bf-4588-a57c-baa459038378, command=[]} | ret=SUCCESS |  
2019-08-29 08:33:51,624 | INFO  | SCMAudit | user=jenkins1000 | ip=192.168.69.89 | op=SEND_HEARTBEAT {datanodeUUID=4da055f9-cd9d-4c6f-9ab8-147a42717fcf, command=[]} | ret=SUCCESS |  
2019-08-29 08:33:51,675 | INFO  | SCMAudit | user=jenkins1000 | ip=192.168.69.89 | op=SEND_HEARTBEAT {datanodeUUID=bcbb4469-e902-4083-b3d9-1bab9ea4cd29, command=[]} | ret=SUCCESS |  
2019-08-29 08:33:51,675 | INFO  | SCMAudit | user=jenkins1000 | ip=192.168.69.89 | op=SEND_HEARTBEAT {datanodeUUID=e7b9916e-4eca-4156-a086-839e4ffd13a0, command=[]} | ret=SUCCESS |  
2019-08-29 08:33:51,675 | INFO  | SCMAudit | user=jenkins1000 | ip=192.168.69.89 | op=SEND_HEARTBEAT {datanodeUUID=99586f2f-9d87-40a3-9061-4566008201fd, command=[]} | ret=SUCCESS |  
2019-08-29 08:33:51,873 | INFO  | SCMAudit | user=jenkins1000 | ip=192.168.69.89 | op=SEND_HEARTBEAT {datanodeUUID=f0c18ce4-0e5b-4823-99c8-fd716531bc5f, command=[]} | ret=SUCCESS |  
2019-08-29 08:33:51,972 [main] INFO  ozoneimpl.OzoneContainer (OzoneContainer.java:stop(199)) - Attempting to stop container services.
2019-08-29 08:33:51,974 [main] INFO  impl.RaftServerProxy (RaftServerProxy.java:lambda$close$4(314)) - fe546585-3c52-42ae-8754-1a35dad17d3f: close
2019-08-29 08:33:51,976 [main] INFO  impl.RaftServerImpl (RaftServerImpl.java:lambda$shutdown$3(245)) - fe546585-3c52-42ae-8754-1a35dad17d3f: shutdown group-D331A1104E49
2019-08-29 08:33:51,977 [ForkJoinPool.commonPool-worker-1] INFO  impl.RaftServerImpl (RaftServerImpl.java:lambda$shutdown$3(245)) - fe546585-3c52-42ae-8754-1a35dad17d3f: shutdown group-1043D396F2BA
2019-08-29 08:33:51,977 [main] INFO  util.JmxRegister (JmxRegister.java:unregister(73)) - Successfully un-registered JMX Bean with object name Ratis:service=RaftServer,group=group-D331A1104E49,id=fe546585-3c52-42ae-8754-1a35dad17d3f
2019-08-29 08:33:51,977 [ForkJoinPool.commonPool-worker-1] INFO  util.JmxRegister (JmxRegister.java:unregister(73)) - Successfully un-registered JMX Bean with object name Ratis:service=RaftServer,group=group-1043D396F2BA,id=fe546585-3c52-42ae-8754-1a35dad17d3f
2019-08-29 08:33:51,977 [main] INFO  impl.RoleInfo (RoleInfo.java:shutdownLeaderState(104)) - fe546585-3c52-42ae-8754-1a35dad17d3f: shutdown LeaderState
2019-08-29 08:33:51,978 [ForkJoinPool.commonPool-worker-1] INFO  impl.RoleInfo (RoleInfo.java:shutdownFollowerState(121)) - fe546585-3c52-42ae-8754-1a35dad17d3f: shutdown FollowerState
2019-08-29 08:33:51,978 [Thread-329] INFO  impl.FollowerState (FollowerState.java:run(114)) - fe546585-3c52-42ae-8754-1a35dad17d3f: FollowerState was interrupted: java.lang.InterruptedException: sleep interrupted
2019-08-29 08:33:51,978 [ForkJoinPool.commonPool-worker-1] INFO  impl.StateMachineUpdater (StateMachineUpdater.java:stopAndJoin(115)) - StateMachineUpdater:fe546585-3c52-42ae-8754-1a35dad17d3f:group-1043D396F2BA: set stopIndex = 0
2019-08-29 08:33:51,979 [main] INFO  impl.PendingRequests (PendingRequests.java:sendNotLeaderResponses(202)) - fe546585-3c52-42ae-8754-1a35dad17d3f-PendingRequests: sendNotLeaderResponses
2019-08-29 08:33:51,979 [ForkJoinPool.commonPool-worker-1] INFO  impl.RaftServerImpl (ServerState.java:close(394)) - fe546585-3c52-42ae-8754-1a35dad17d3f:group-1043D396F2BA closes. The last applied log index is 0
2019-08-29 08:33:51,981 [main] INFO  impl.StateMachineUpdater (StateMachineUpdater.java:stopAndJoin(115)) - StateMachineUpdater:fe546585-3c52-42ae-8754-1a35dad17d3f:group-D331A1104E49: set stopIndex = 0
2019-08-29 08:33:51,986 [main] INFO  impl.RaftServerImpl (ServerState.java:close(394)) - fe546585-3c52-42ae-8754-1a35dad17d3f:group-D331A1104E49 closes. The last applied log index is 0
2019-08-29 08:33:51,986 [fe546585-3c52-42ae-8754-1a35dad17d3f-SegmentedRaftLogWorker:Storage Directory /workdir/hadoop-ozone/integration-test/target/test-dir/MiniOzoneClusterImpl-839c4a83-1072-4184-a39a-41aa01fb846d/datanode-7/data/ratis/7acb3d0f-f7f8-49f7-960d-1043d396f2ba] INFO  segmented.SegmentedRaftLogWorker (SegmentedRaftLogWorker.java:run(313)) - fe546585-3c52-42ae-8754-1a35dad17d3f-SegmentedRaftLogWorker:Storage Directory /workdir/hadoop-ozone/integration-test/target/test-dir/MiniOzoneClusterImpl-839c4a83-1072-4184-a39a-41aa01fb846d/datanode-7/data/ratis/7acb3d0f-f7f8-49f7-960d-1043d396f2ba was interrupted, exiting. There are 0 tasks remaining in the queue.
2019-08-29 08:33:51,986 [fe546585-3c52-42ae-8754-1a35dad17d3f-SegmentedRaftLogWorker:Storage Directory /workdir/hadoop-ozone/integration-test/target/test-dir/MiniOzoneClusterImpl-839c4a83-1072-4184-a39a-41aa01fb846d/datanode-7/data/ratis/53087ce9-2f53-4a8b-9e50-d331a1104e49] INFO  segmented.SegmentedRaftLogWorker (SegmentedRaftLogWorker.java:run(313)) - fe546585-3c52-42ae-8754-1a35dad17d3f-SegmentedRaftLogWorker:Storage Directory /workdir/hadoop-ozone/integration-test/target/test-dir/MiniOzoneClusterImpl-839c4a83-1072-4184-a39a-41aa01fb846d/datanode-7/data/ratis/53087ce9-2f53-4a8b-9e50-d331a1104e49 was interrupted, exiting. There are 0 tasks remaining in the queue.
2019-08-29 08:33:51,993 [main] INFO  segmented.SegmentedRaftLogWorker (SegmentedRaftLogWorker.java:close(228)) - fe546585-3c52-42ae-8754-1a35dad17d3f-SegmentedRaftLogWorker:Storage Directory /workdir/hadoop-ozone/integration-test/target/test-dir/MiniOzoneClusterImpl-839c4a83-1072-4184-a39a-41aa01fb846d/datanode-7/data/ratis/53087ce9-2f53-4a8b-9e50-d331a1104e49 close()
2019-08-29 08:33:51,993 [ForkJoinPool.commonPool-worker-1] INFO  segmented.SegmentedRaftLogWorker (SegmentedRaftLogWorker.java:close(228)) - fe546585-3c52-42ae-8754-1a35dad17d3f-SegmentedRaftLogWorker:Storage Directory /workdir/hadoop-ozone/integration-test/target/test-dir/MiniOzoneClusterImpl-839c4a83-1072-4184-a39a-41aa01fb846d/datanode-7/data/ratis/7acb3d0f-f7f8-49f7-960d-1043d396f2ba close()
2019-08-29 08:33:52,004 [ForkJoinPool.commonPool-worker-1] INFO  impl.RaftServerImpl (RaftServerImpl.java:lambda$shutdown$3(245)) - fe546585-3c52-42ae-8754-1a35dad17d3f: shutdown group-4F259F9E67CD
2019-08-29 08:33:52,004 [ForkJoinPool.commonPool-worker-1] INFO  util.JmxRegister (JmxRegister.java:unregister(73)) - Successfully un-registered JMX Bean with object name Ratis:service=RaftServer,group=group-4F259F9E67CD,id=fe546585-3c52-42ae-8754-1a35dad17d3f
2019-08-29 08:33:52,005 [ForkJoinPool.commonPool-worker-1] INFO  impl.RoleInfo (RoleInfo.java:shutdownFollowerState(121)) - fe546585-3c52-42ae-8754-1a35dad17d3f: shutdown FollowerState
2019-08-29 08:33:52,005 [ForkJoinPool.commonPool-worker-1] INFO  impl.StateMachineUpdater (StateMachineUpdater.java:stopAndJoin(115)) - StateMachineUpdater:fe546585-3c52-42ae-8754-1a35dad17d3f:group-4F259F9E67CD: set stopIndex = 16
2019-08-29 08:33:52,005 [Thread-466] INFO  impl.FollowerState (FollowerState.java:run(114)) - fe546585-3c52-42ae-8754-1a35dad17d3f: FollowerState was interrupted: java.lang.InterruptedException: sleep interrupted
2019-08-29 08:33:52,005 [StateMachineUpdater:fe546585-3c52-42ae-8754-1a35dad17d3f:group-4F259F9E67CD] INFO  ratis.ContainerStateMachine (ContainerStateMachine.java:takeSnapshot(283)) - group-4F259F9E67CD: Taking a snapshot at:(t:2, i:12) file /workdir/hadoop-ozone/integration-test/target/test-dir/MiniOzoneClusterImpl-839c4a83-1072-4184-a39a-41aa01fb846d/datanode-7/data/ratis/9e321d5a-d5d8-48c0-844c-4f259f9e67cd/sm/snapshot.2_12
2019-08-29 08:33:52,065 [StateMachineUpdater:fe546585-3c52-42ae-8754-1a35dad17d3f:group-4F259F9E67CD] INFO  ratis.ContainerStateMachine (ContainerStateMachine.java:takeSnapshot(294)) - group-4F259F9E67CD: Finished taking a snapshot at:(t:2, i:12) file:/workdir/hadoop-ozone/integration-test/target/test-dir/MiniOzoneClusterImpl-839c4a83-1072-4184-a39a-41aa01fb846d/datanode-7/data/ratis/9e321d5a-d5d8-48c0-844c-4f259f9e67cd/sm/snapshot.2_12 time:61
2019-08-29 08:33:52,065 [StateMachineUpdater:fe546585-3c52-42ae-8754-1a35dad17d3f:group-4F259F9E67CD] INFO  impl.StateMachineUpdater (StateMachineUpdater.java:takeSnapshot(242)) - StateMachineUpdater:fe546585-3c52-42ae-8754-1a35dad17d3f:group-4F259F9E67CD: Took a snapshot at index 12
2019-08-29 08:33:52,066 [StateMachineUpdater:fe546585-3c52-42ae-8754-1a35dad17d3f:group-4F259F9E67CD] INFO  impl.StateMachineUpdater (StateMachineUpdater.java:lambda$new$0(80)) - StateMachineUpdater:fe546585-3c52-42ae-8754-1a35dad17d3f:group-4F259F9E67CD: snapshotIndex: updateIncreasingly -1 -> 12
2019-08-29 08:33:52,070 [ForkJoinPool.commonPool-worker-1] INFO  impl.RaftServerImpl (ServerState.java:close(394)) - fe546585-3c52-42ae-8754-1a35dad17d3f:group-4F259F9E67CD closes. The last applied log index is 16
2019-08-29 08:33:52,071 [fe546585-3c52-42ae-8754-1a35dad17d3f-SegmentedRaftLogWorker:Storage Directory /workdir/hadoop-ozone/integration-test/target/test-dir/MiniOzoneClusterImpl-839c4a83-1072-4184-a39a-41aa01fb846d/datanode-7/data/ratis/9e321d5a-d5d8-48c0-844c-4f259f9e67cd] INFO  segmented.SegmentedRaftLogWorker (SegmentedRaftLogWorker.java:run(313)) - fe546585-3c52-42ae-8754-1a35dad17d3f-SegmentedRaftLogWorker:Storage Directory /workdir/hadoop-ozone/integration-test/target/test-dir/MiniOzoneClusterImpl-839c4a83-1072-4184-a39a-41aa01fb846d/datanode-7/data/ratis/9e321d5a-d5d8-48c0-844c-4f259f9e67cd was interrupted, exiting. There are 0 tasks remaining in the queue.
2019-08-29 08:33:52,075 [ForkJoinPool.commonPool-worker-1] INFO  segmented.SegmentedRaftLogWorker (SegmentedRaftLogWorker.java:close(228)) - fe546585-3c52-42ae-8754-1a35dad17d3f-SegmentedRaftLogWorker:Storage Directory /workdir/hadoop-ozone/integration-test/target/test-dir/MiniOzoneClusterImpl-839c4a83-1072-4184-a39a-41aa01fb846d/datanode-7/data/ratis/9e321d5a-d5d8-48c0-844c-4f259f9e67cd close()
2019-08-29 08:33:52,081 [main] INFO  server.GrpcService (GrpcService.java:closeImpl(155)) - fe546585-3c52-42ae-8754-1a35dad17d3f: shutdown server with port 45996 now
2019-08-29 08:33:52,092 [main] INFO  server.GrpcService (GrpcService.java:closeImpl(163)) - fe546585-3c52-42ae-8754-1a35dad17d3f: shutdown server with port 45996 successfully
2019-08-29 08:33:52,092 [grpc-default-executor-1] WARN  server.GrpcServerProtocolService (LogUtils.java:warn(134)) - fe546585-3c52-42ae-8754-1a35dad17d3f: appendEntries onError: org.apache.ratis.thirdparty.io.grpc.StatusRuntimeException: CANCELLED: cancelled before receiving half close
2019-08-29 08:33:52,092 [grpc-default-executor-3] WARN  server.GrpcServerProtocolService (LogUtils.java:warn(134)) - fe546585-3c52-42ae-8754-1a35dad17d3f: appendEntries onError: org.apache.ratis.thirdparty.io.grpc.StatusRuntimeException: CANCELLED: cancelled before receiving half close
2019-08-29 08:33:52,093 [grpc-default-executor-2] WARN  server.GrpcLogAppender (LogUtils.java:warn(134)) - 129685ee-8122-4333-8930-3eeb8cf836af->fe546585-3c52-42ae-8754-1a35dad17d3f: Failed appendEntries: org.apache.ratis.thirdparty.io.grpc.StatusRuntimeException: CANCELLED: HTTP/2 error code: CANCEL
Received Rst Stream
2019-08-29 08:33:52,094 [grpc-default-executor-4] WARN  server.GrpcLogAppender (LogUtils.java:warn(134)) - 129685ee-8122-4333-8930-3eeb8cf836af->fe546585-3c52-42ae-8754-1a35dad17d3f: Failed appendEntries: org.apache.ratis.thirdparty.io.grpc.StatusRuntimeException: CANCELLED: HTTP/2 error code: CANCEL
Received Rst Stream
2019-08-29 08:33:52,101 [main] INFO  utils.BackgroundService (BackgroundService.java:shutdown(148)) - Shutting down service BlockDeletingService
2019-08-29 08:33:52,101 [grpc-default-executor-2] INFO  impl.FollowerInfo (FollowerInfo.java:lambda$new$0(50)) - 129685ee-8122-4333-8930-3eeb8cf836af->fe546585-3c52-42ae-8754-1a35dad17d3f: nextIndex: updateUnconditionally 1 -> 0
2019-08-29 08:33:52,101 [grpc-default-executor-4] INFO  impl.FollowerInfo (FollowerInfo.java:lambda$new$0(50)) - 129685ee-8122-4333-8930-3eeb8cf836af->fe546585-3c52-42ae-8754-1a35dad17d3f: nextIndex: updateUnconditionally 17 -> 16
2019-08-29 08:33:52,105 [refreshUsed-/workdir/hadoop-ozone/integration-test/target/test-dir/MiniOzoneClusterImpl-839c4a83-1072-4184-a39a-41aa01fb846d/datanode-7/data/containers] WARN  fs.CachingGetSpaceUsed (CachingGetSpaceUsed.java:run(183)) - Thread Interrupted waiting to refresh disk information: sleep interrupted
2019-08-29 08:33:52,135 [main] INFO  statemachine.DatanodeStateMachine (DatanodeStateMachine.java:stopDaemon(395)) - Ozone container server stopped.
2019-08-29 08:33:52,141 [main] INFO  handler.ContextHandler (ContextHandler.java:doStop(910)) - Stopped o.e.j.w.WebAppContext@5822ecda{/,null,UNAVAILABLE}{/hddsDatanode}
2019-08-29 08:33:52,147 [main] INFO  server.AbstractConnector (AbstractConnector.java:doStop(318)) - Stopped ServerConnector@5908e6d6{HTTP/1.1,[http/1.1]}{0.0.0.0:0}
2019-08-29 08:33:52,148 [main] INFO  handler.ContextHandler (ContextHandler.java:doStop(910)) - Stopped o.e.j.s.ServletContextHandler@106cd9c8{/static,jar:file:/home/user/.m2/repository/org/apache/hadoop/hadoop-hdds-container-service/0.5.0-SNAPSHOT/hadoop-hdds-container-service-0.5.0-SNAPSHOT.jar!/webapps/static,UNAVAILABLE}
2019-08-29 08:33:52,148 [main] INFO  handler.ContextHandler (ContextHandler.java:doStop(910)) - Stopped o.e.j.s.ServletContextHandler@376b5cb2{/logs,file:///workdir/hadoop-ozone/integration-test/target/log,UNAVAILABLE}
2019-08-29 08:33:52,180 | INFO  | DNAudit | user=null | ip=null | op=WRITE_CHUNK {blockData=conID: 3 locID: 102699343581085699 bcsId: 19} | ret=SUCCESS |  
2019-08-29 08:33:52,185 | INFO  | DNAudit | user=null | ip=null | op=WRITE_CHUNK {blockData=conID: 3 locID: 102699343581085699 bcsId: 19} | ret=SUCCESS |  
2019-08-29 08:33:52,187 | INFO  | DNAudit | user=null | ip=null | op=WRITE_CHUNK {blockData=conID: 3 locID: 102699343581085699 bcsId: 19} | ret=SUCCESS |  
2019-08-29 08:33:52,188 | INFO  | DNAudit | user=null | ip=null | op=WRITE_CHUNK {blockData=conID: 3 locID: 102699343581085699 bcsId: 19} | ret=SUCCESS |  
2019-08-29 08:33:52,192 | INFO  | DNAudit | user=null | ip=null | op=WRITE_CHUNK {blockData=conID: 3 locID: 102699343581085699 bcsId: 19} | ret=SUCCESS |  
2019-08-29 08:33:52,192 | INFO  | DNAudit | user=null | ip=null | op=WRITE_CHUNK {blockData=conID: 3 locID: 102699343581085699 bcsId: 19} | ret=SUCCESS |  
2019-08-29 08:33:52,213 | INFO  | DNAudit | user=null | ip=null | op=WRITE_CHUNK {blockData=conID: 3 locID: 102699343581085699 bcsId: 19} | ret=SUCCESS |  
2019-08-29 08:33:52,215 [grpc-default-executor-1] INFO  client.GrpcClientProtocolClient (GrpcClientProtocolClient.java:onNext(255)) - client-2F6ADB736161->bcbb4469-e902-4083-b3d9-1bab9ea4cd29: receive RaftClientReply:client-2F6ADB736161->bcbb4469-e902-4083-b3d9-1bab9ea4cd29@group-F65937874E2C, cid=46, SUCCESS, logIndex=23, commits[bcbb4469-e902-4083-b3d9-1bab9ea4cd29:c24, 99586f2f-9d87-40a3-9061-4566008201fd:c22, e7b9916e-4eca-4156-a086-839e4ffd13a0:c22]
2019-08-29 08:33:52,215 | INFO  | DNAudit | user=null | ip=null | op=PUT_BLOCK {blockData=[blockId=conID: 3 locID: 102699343581085699 bcsId: 0,size=3145728]} | ret=SUCCESS |  
2019-08-29 08:33:52,216 [grpc-default-executor-1] WARN  server.GrpcLogAppender (LogUtils.java:warn(134)) - 129685ee-8122-4333-8930-3eeb8cf836af->fe546585-3c52-42ae-8754-1a35dad17d3f: Failed appendEntries: org.apache.ratis.thirdparty.io.grpc.StatusRuntimeException: UNAVAILABLE: io exception
2019-08-29 08:33:52,220 [grpc-default-executor-1] INFO  impl.FollowerInfo (FollowerInfo.java:lambda$new$0(50)) - 129685ee-8122-4333-8930-3eeb8cf836af->fe546585-3c52-42ae-8754-1a35dad17d3f: nextIndex: updateUnconditionally 0 -> 0
2019-08-29 08:33:52,220 [grpc-default-executor-3] INFO  client.GrpcClientProtocolClient (GrpcClientProtocolClient.java:onNext(255)) - client-2F6ADB736161->bcbb4469-e902-4083-b3d9-1bab9ea4cd29: receive RaftClientReply:client-2F6ADB736161->bcbb4469-e902-4083-b3d9-1bab9ea4cd29@group-F65937874E2C, cid=47, SUCCESS, logIndex=24, commits[bcbb4469-e902-4083-b3d9-1bab9ea4cd29:c24, 99586f2f-9d87-40a3-9061-4566008201fd:c22, e7b9916e-4eca-4156-a086-839e4ffd13a0:c22]
2019-08-29 08:33:52,226 | INFO  | DNAudit | user=null | ip=null | op=WRITE_CHUNK {blockData=conID: 3 locID: 102699343581085699 bcsId: 19} | ret=SUCCESS |  
2019-08-29 08:33:52,227 | INFO  | DNAudit | user=null | ip=null | op=WRITE_CHUNK {blockData=conID: 3 locID: 102699343581085699 bcsId: 19} | ret=SUCCESS |  
2019-08-29 08:33:52,228 | INFO  | DNAudit | user=null | ip=null | op=PUT_BLOCK {blockData=[blockId=conID: 3 locID: 102699343581085699 bcsId: 0,size=4194304]} | ret=SUCCESS |  
2019-08-29 08:33:52,228 | INFO  | DNAudit | user=null | ip=null | op=PUT_BLOCK {blockData=[blockId=conID: 3 locID: 102699343581085699 bcsId: 0,size=3145728]} | ret=SUCCESS |  
2019-08-29 08:33:52,228 | INFO  | DNAudit | user=null | ip=null | op=WRITE_CHUNK {blockData=conID: 3 locID: 102699343581085699 bcsId: 19} | ret=SUCCESS |  
2019-08-29 08:33:52,228 [grpc-default-executor-1] INFO  client.GrpcClientProtocolClient (GrpcClientProtocolClient.java:onNext(255)) - client-2F6ADB736161->bcbb4469-e902-4083-b3d9-1bab9ea4cd29: receive RaftClientReply:client-2F6ADB736161->bcbb4469-e902-4083-b3d9-1bab9ea4cd29@group-F65937874E2C, cid=48, SUCCESS, logIndex=25, commits[bcbb4469-e902-4083-b3d9-1bab9ea4cd29:c26, 99586f2f-9d87-40a3-9061-4566008201fd:c22, e7b9916e-4eca-4156-a086-839e4ffd13a0:c22]
2019-08-29 08:33:52,229 | INFO  | DNAudit | user=null | ip=null | op=PUT_BLOCK {blockData=[blockId=conID: 3 locID: 102699343581085699 bcsId: 0,size=3145728]} | ret=SUCCESS |  
2019-08-29 08:33:52,229 | INFO  | DNAudit | user=null | ip=null | op=WRITE_CHUNK {blockData=conID: 3 locID: 102699343581085699 bcsId: 19} | ret=SUCCESS |  
2019-08-29 08:33:52,230 | INFO  | DNAudit | user=null | ip=null | op=WRITE_CHUNK {blockData=conID: 3 locID: 102699343581085699 bcsId: 19} | ret=SUCCESS |  
2019-08-29 08:33:52,230 | INFO  | DNAudit | user=null | ip=null | op=PUT_BLOCK {blockData=[blockId=conID: 3 locID: 102699343581085699 bcsId: 0,size=4194304]} | ret=SUCCESS |  
2019-08-29 08:33:52,231 | INFO  | DNAudit | user=null | ip=null | op=PUT_BLOCK {blockData=[blockId=conID: 3 locID: 102699343581085699 bcsId: 0,size=4194304]} | ret=SUCCESS |  
2019-08-29 08:33:52,231 [grpc-default-executor-1] INFO  client.GrpcClientProtocolClient (GrpcClientProtocolClient.java:onNext(255)) - client-2F6ADB736161->bcbb4469-e902-4083-b3d9-1bab9ea4cd29: receive RaftClientReply:client-2F6ADB736161->bcbb4469-e902-4083-b3d9-1bab9ea4cd29@group-F65937874E2C, cid=49, SUCCESS, logIndex=26, commits[bcbb4469-e902-4083-b3d9-1bab9ea4cd29:c27, 99586f2f-9d87-40a3-9061-4566008201fd:c22, e7b9916e-4eca-4156-a086-839e4ffd13a0:c24]
2019-08-29 08:33:52,233 [grpc-default-executor-1] INFO  client.GrpcClientProtocolClient (GrpcClientProtocolClient.java:onNext(255)) - client-2F6ADB736161->bcbb4469-e902-4083-b3d9-1bab9ea4cd29: receive RaftClientReply:client-2F6ADB736161->bcbb4469-e902-4083-b3d9-1bab9ea4cd29@group-F65937874E2C, cid=50, SUCCESS, logIndex=0, commits[bcbb4469-e902-4083-b3d9-1bab9ea4cd29:c29, 99586f2f-9d87-40a3-9061-4566008201fd:c26, e7b9916e-4eca-4156-a086-839e4ffd13a0:c26]
2019-08-29 08:33:52,235 [grpc-default-executor-1] INFO  client.GrpcClientProtocolClient (GrpcClientProtocolClient.java:onNext(255)) - client-2F6ADB736161->bcbb4469-e902-4083-b3d9-1bab9ea4cd29: receive RaftClientReply:client-2F6ADB736161->bcbb4469-e902-4083-b3d9-1bab9ea4cd29@group-F65937874E2C, cid=51, SUCCESS, logIndex=0, commits[bcbb4469-e902-4083-b3d9-1bab9ea4cd29:c29, 99586f2f-9d87-40a3-9061-4566008201fd:c26, e7b9916e-4eca-4156-a086-839e4ffd13a0:c26]
2019-08-29 08:33:52,264 | INFO  | SCMAudit | user=jenkins1000 | ip=192.168.69.89 | op=SEND_HEARTBEAT {datanodeUUID=129685ee-8122-4333-8930-3eeb8cf836af, command=[]} | ret=SUCCESS |  
2019-08-29 08:33:52,383 | INFO  | SCMAudit | user=jenkins1000 | ip=192.168.69.89 | op=SEND_HEARTBEAT {datanodeUUID=802c6c9d-4843-417e-8983-b6e40533cc1c, command=[]} | ret=SUCCESS |  
2019-08-29 08:33:52,383 | INFO  | SCMAudit | user=jenkins1000 | ip=192.168.69.89 | op=SEND_HEARTBEAT {datanodeUUID=7a9bfe55-9a1e-4d2f-9ebd-558835cfe40a, command=[]} | ret=SUCCESS |  
2019-08-29 08:33:52,445 | INFO  | SCMAudit | user=jenkins1000 | ip=192.168.69.89 | op=SEND_HEARTBEAT {datanodeUUID=02bf3283-c6bf-4588-a57c-baa459038378, command=[]} | ret=SUCCESS |  
2019-08-29 08:33:52,513 | INFO  | SCMAudit | user=jenkins1000 | ip=192.168.69.89 | op=SEND_HEARTBEAT {datanodeUUID=02bf3283-c6bf-4588-a57c-baa459038378, command=[]} | ret=SUCCESS |  
2019-08-29 08:33:52,513 | INFO  | SCMAudit | user=jenkins1000 | ip=192.168.69.89 | op=SEND_HEARTBEAT {datanodeUUID=4da055f9-cd9d-4c6f-9ab8-147a42717fcf, command=[]} | ret=SUCCESS |  
2019-08-29 08:33:52,513 | INFO  | SCMAudit | user=jenkins1000 | ip=192.168.69.89 | op=SEND_HEARTBEAT {datanodeUUID=f0c18ce4-0e5b-4823-99c8-fd716531bc5f, command=[]} | ret=SUCCESS |  
2019-08-29 08:33:52,515 | INFO  | DNAudit | user=null | ip=null | op=WRITE_CHUNK {blockData=conID: 4 locID: 102699343581085700 bcsId: 0} | ret=SUCCESS |  
2019-08-29 08:33:52,515 | INFO  | DNAudit | user=null | ip=null | op=WRITE_CHUNK {blockData=conID: 4 locID: 102699343581085700 bcsId: 0} | ret=SUCCESS |  
2019-08-29 08:33:52,515 | INFO  | DNAudit | user=null | ip=null | op=WRITE_CHUNK {blockData=conID: 4 locID: 102699343581085700 bcsId: 0} | ret=SUCCESS |  
2019-08-29 08:33:52,515 [grpc-default-executor-2] WARN  server.GrpcLogAppender (LogUtils.java:warn(134)) - 129685ee-8122-4333-8930-3eeb8cf836af->fe546585-3c52-42ae-8754-1a35dad17d3f: Failed appendEntries: org.apache.ratis.thirdparty.io.grpc.StatusRuntimeException: UNAVAILABLE: io exception
2019-08-29 08:33:52,519 [grpc-default-executor-2] INFO  impl.FollowerInfo (FollowerInfo.java:lambda$new$0(50)) - 129685ee-8122-4333-8930-3eeb8cf836af->fe546585-3c52-42ae-8754-1a35dad17d3f: nextIndex: updateUnconditionally 16 -> 15
2019-08-29 08:33:52,531 | INFO  | DNAudit | user=null | ip=null | op=WRITE_CHUNK {blockData=conID: 4 locID: 102699343581085700 bcsId: 0} | ret=SUCCESS |  
2019-08-29 08:33:52,535 [grpc-default-executor-1] INFO  client.GrpcClientProtocolClient (GrpcClientProtocolClient.java:onNext(255)) - client-7BEC2072577B->4da055f9-cd9d-4c6f-9ab8-147a42717fcf: receive RaftClientReply:client-7BEC2072577B->4da055f9-cd9d-4c6f-9ab8-147a42717fcf@group-4C1082AB210C, cid=52, SUCCESS, logIndex=1, commits[4da055f9-cd9d-4c6f-9ab8-147a42717fcf:c1, 02bf3283-c6bf-4588-a57c-baa459038378:c0, f0c18ce4-0e5b-4823-99c8-fd716531bc5f:c0]
2019-08-29 08:33:52,561 | INFO  | DNAudit | user=null | ip=null | op=WRITE_CHUNK {blockData=conID: 4 locID: 102699343581085700 bcsId: 0} | ret=SUCCESS |  
2019-08-29 08:33:52,569 | INFO  | DNAudit | user=null | ip=null | op=WRITE_CHUNK {blockData=conID: 4 locID: 102699343581085700 bcsId: 0} | ret=SUCCESS |  
2019-08-29 08:33:52,572 | INFO  | DNAudit | user=null | ip=null | op=WRITE_CHUNK {blockData=conID: 4 locID: 102699343581085700 bcsId: 0} | ret=SUCCESS |  
2019-08-29 08:33:52,600 | INFO  | DNAudit | user=null | ip=null | op=WRITE_CHUNK {blockData=conID: 4 locID: 102699343581085700 bcsId: 0} | ret=SUCCESS |  
2019-08-29 08:33:52,601 | INFO  | DNAudit | user=null | ip=null | op=WRITE_CHUNK {blockData=conID: 4 locID: 102699343581085700 bcsId: 0} | ret=SUCCESS |  
2019-08-29 08:33:52,675 | INFO  | SCMAudit | user=jenkins1000 | ip=192.168.69.89 | op=SEND_HEARTBEAT {datanodeUUID=99586f2f-9d87-40a3-9061-4566008201fd, command=[]} | ret=SUCCESS |  
2019-08-29 08:33:52,675 | INFO  | SCMAudit | user=jenkins1000 | ip=192.168.69.89 | op=SEND_HEARTBEAT {datanodeUUID=bcbb4469-e902-4083-b3d9-1bab9ea4cd29, command=[]} | ret=SUCCESS |  
2019-08-29 08:33:52,675 | INFO  | SCMAudit | user=jenkins1000 | ip=192.168.69.89 | op=SEND_HEARTBEAT {datanodeUUID=e7b9916e-4eca-4156-a086-839e4ffd13a0, command=[]} | ret=SUCCESS |  
2019-08-29 08:33:52,709 [grpc-default-executor-3] WARN  server.GrpcLogAppender (LogUtils.java:warn(134)) - 129685ee-8122-4333-8930-3eeb8cf836af->fe546585-3c52-42ae-8754-1a35dad17d3f: Failed appendEntries: org.apache.ratis.thirdparty.io.grpc.StatusRuntimeException: UNAVAILABLE: io exception
2019-08-29 08:33:52,713 [grpc-default-executor-3] INFO  impl.FollowerInfo (FollowerInfo.java:lambda$new$0(50)) - 129685ee-8122-4333-8930-3eeb8cf836af->fe546585-3c52-42ae-8754-1a35dad17d3f: nextIndex: updateUnconditionally 0 -> 0
2019-08-29 08:33:52,775 | INFO  | DNAudit | user=null | ip=null | op=PUT_BLOCK {blockData=[blockId=conID: 4 locID: 102699343581085700 bcsId: 0,size=1048576]} | ret=SUCCESS |  
2019-08-29 08:33:52,780 | INFO  | DNAudit | user=null | ip=null | op=WRITE_CHUNK {blockData=conID: 4 locID: 102699343581085700 bcsId: 0} | ret=SUCCESS |  
2019-08-29 08:33:52,782 [grpc-default-executor-1] INFO  client.GrpcClientProtocolClient (GrpcClientProtocolClient.java:onNext(255)) - client-7BEC2072577B->4da055f9-cd9d-4c6f-9ab8-147a42717fcf: receive RaftClientReply:client-7BEC2072577B->4da055f9-cd9d-4c6f-9ab8-147a42717fcf@group-4C1082AB210C, cid=53, SUCCESS, logIndex=3, commits[4da055f9-cd9d-4c6f-9ab8-147a42717fcf:c7, 02bf3283-c6bf-4588-a57c-baa459038378:c5, f0c18ce4-0e5b-4823-99c8-fd716531bc5f:c5]
2019-08-29 08:33:52,783 [grpc-default-executor-1] INFO  client.GrpcClientProtocolClient (GrpcClientProtocolClient.java:onNext(255)) - client-7BEC2072577B->4da055f9-cd9d-4c6f-9ab8-147a42717fcf: receive RaftClientReply:client-7BEC2072577B->4da055f9-cd9d-4c6f-9ab8-147a42717fcf@group-4C1082AB210C, cid=54, SUCCESS, logIndex=4, commits[4da055f9-cd9d-4c6f-9ab8-147a42717fcf:c7, 02bf3283-c6bf-4588-a57c-baa459038378:c5, f0c18ce4-0e5b-4823-99c8-fd716531bc5f:c5]
2019-08-29 08:33:52,895 | INFO  | DNAudit | user=null | ip=null | op=PUT_BLOCK {blockData=[blockId=conID: 4 locID: 102699343581085700 bcsId: 0,size=1048576]} | ret=SUCCESS |  
2019-08-29 08:33:52,896 | INFO  | DNAudit | user=null | ip=null | op=WRITE_CHUNK {blockData=conID: 4 locID: 102699343581085700 bcsId: 0} | ret=SUCCESS |  
2019-08-29 08:33:53,001 | INFO  | DNAudit | user=null | ip=null | op=PUT_BLOCK {blockData=[blockId=conID: 4 locID: 102699343581085700 bcsId: 0,size=1048576]} | ret=SUCCESS |  
2019-08-29 08:33:53,001 | INFO  | DNAudit | user=null | ip=null | op=PUT_BLOCK {blockData=[blockId=conID: 4 locID: 102699343581085700 bcsId: 0,size=2097152]} | ret=SUCCESS |  
2019-08-29 08:33:53,001 | INFO  | DNAudit | user=null | ip=null | op=PUT_BLOCK {blockData=[blockId=conID: 4 locID: 102699343581085700 bcsId: 0,size=2097152]} | ret=SUCCESS |  
2019-08-29 08:33:53,002 | INFO  | DNAudit | user=null | ip=null | op=WRITE_CHUNK {blockData=conID: 4 locID: 102699343581085700 bcsId: 0} | ret=SUCCESS |  
2019-08-29 08:33:53,002 | INFO  | DNAudit | user=null | ip=null | op=PUT_BLOCK {blockData=[blockId=conID: 4 locID: 102699343581085700 bcsId: 0,size=2097152]} | ret=SUCCESS |  
2019-08-29 08:33:53,003 [grpc-default-executor-1] INFO  client.GrpcClientProtocolClient (GrpcClientProtocolClient.java:onNext(255)) - client-7BEC2072577B->4da055f9-cd9d-4c6f-9ab8-147a42717fcf: receive RaftClientReply:client-7BEC2072577B->4da055f9-cd9d-4c6f-9ab8-147a42717fcf@group-4C1082AB210C, cid=55, SUCCESS, logIndex=5, commits[4da055f9-cd9d-4c6f-9ab8-147a42717fcf:c7, 02bf3283-c6bf-4588-a57c-baa459038378:c5, f0c18ce4-0e5b-4823-99c8-fd716531bc5f:c5]
2019-08-29 08:33:53,009 [main] INFO  datanode.ObjectStoreHandler (ObjectStoreHandler.java:close(155)) - Closing ObjectStoreHandler.
2019-08-29 08:33:53,009 [main] INFO  ozone.HddsDatanodeService (HddsDatanodeService.java:stop(451)) - Stopped plug-in org.apache.hadoop.ozone.web.OzoneHddsDatanodeService@2e4eda17
2019-08-29 08:33:53,016 [grpc-default-executor-2] WARN  server.GrpcLogAppender (LogUtils.java:warn(134)) - 129685ee-8122-4333-8930-3eeb8cf836af->fe546585-3c52-42ae-8754-1a35dad17d3f: Failed appendEntries: org.apache.ratis.thirdparty.io.grpc.StatusRuntimeException: UNAVAILABLE: io exception
2019-08-29 08:33:53,020 [grpc-default-executor-2] INFO  impl.FollowerInfo (FollowerInfo.java:lambda$new$0(50)) - 129685ee-8122-4333-8930-3eeb8cf836af->fe546585-3c52-42ae-8754-1a35dad17d3f: nextIndex: updateUnconditionally 15 -> 14
2019-08-29 08:33:53,022 | INFO  | DNAudit | user=null | ip=null | op=WRITE_CHUNK {blockData=conID: 4 locID: 102699343581085700 bcsId: 5} | ret=SUCCESS |  
2019-08-29 08:33:53,030 | INFO  | DNAudit | user=null | ip=null | op=WRITE_CHUNK {blockData=conID: 4 locID: 102699343581085700 bcsId: 5} | ret=SUCCESS |  
2019-08-29 08:33:53,030 | INFO  | DNAudit | user=null | ip=null | op=WRITE_CHUNK {blockData=conID: 4 locID: 102699343581085700 bcsId: 5} | ret=SUCCESS |  
2019-08-29 08:33:53,062 | INFO  | DNAudit | user=null | ip=null | op=WRITE_CHUNK {blockData=conID: 4 locID: 102699343581085700 bcsId: 5} | ret=SUCCESS |  
2019-08-29 08:33:53,064 | INFO  | DNAudit | user=null | ip=null | op=PUT_BLOCK {blockData=[blockId=conID: 4 locID: 102699343581085700 bcsId: 0,size=3145728]} | ret=SUCCESS |  
2019-08-29 08:33:53,064 [grpc-default-executor-2] INFO  client.GrpcClientProtocolClient (GrpcClientProtocolClient.java:onNext(255)) - client-7BEC2072577B->4da055f9-cd9d-4c6f-9ab8-147a42717fcf: receive RaftClientReply:client-7BEC2072577B->4da055f9-cd9d-4c6f-9ab8-147a42717fcf@group-4C1082AB210C, cid=56, SUCCESS, logIndex=8, commits[4da055f9-cd9d-4c6f-9ab8-147a42717fcf:c9, 02bf3283-c6bf-4588-a57c-baa459038378:c7, f0c18ce4-0e5b-4823-99c8-fd716531bc5f:c7]
2019-08-29 08:33:53,066 [grpc-default-executor-2] INFO  client.GrpcClientProtocolClient (GrpcClientProtocolClient.java:onNext(255)) - client-7BEC2072577B->4da055f9-cd9d-4c6f-9ab8-147a42717fcf: receive RaftClientReply:client-7BEC2072577B->4da055f9-cd9d-4c6f-9ab8-147a42717fcf@group-4C1082AB210C, cid=57, SUCCESS, logIndex=9, commits[4da055f9-cd9d-4c6f-9ab8-147a42717fcf:c9, 02bf3283-c6bf-4588-a57c-baa459038378:c7, f0c18ce4-0e5b-4823-99c8-fd716531bc5f:c7]
2019-08-29 08:33:53,069 | INFO  | DNAudit | user=null | ip=null | op=WRITE_CHUNK {blockData=conID: 4 locID: 102699343581085700 bcsId: 5} | ret=SUCCESS |  
2019-08-29 08:33:53,069 | INFO  | DNAudit | user=null | ip=null | op=WRITE_CHUNK {blockData=conID: 4 locID: 102699343581085700 bcsId: 5} | ret=SUCCESS |  
2019-08-29 08:33:53,071 | INFO  | DNAudit | user=null | ip=null | op=PUT_BLOCK {blockData=[blockId=conID: 4 locID: 102699343581085700 bcsId: 0,size=3145728]} | ret=SUCCESS |  
2019-08-29 08:33:53,071 | INFO  | DNAudit | user=null | ip=null | op=PUT_BLOCK {blockData=[blockId=conID: 4 locID: 102699343581085700 bcsId: 0,size=3145728]} | ret=SUCCESS |  
2019-08-29 08:33:53,210 [grpc-default-executor-3] WARN  server.GrpcLogAppender (LogUtils.java:warn(134)) - 129685ee-8122-4333-8930-3eeb8cf836af->fe546585-3c52-42ae-8754-1a35dad17d3f: Failed appendEntries: org.apache.ratis.thirdparty.io.grpc.StatusRuntimeException: UNAVAILABLE: io exception
2019-08-29 08:33:53,215 [grpc-default-executor-3] INFO  impl.FollowerInfo (FollowerInfo.java:lambda$new$0(50)) - 129685ee-8122-4333-8930-3eeb8cf836af->fe546585-3c52-42ae-8754-1a35dad17d3f: nextIndex: updateUnconditionally 0 -> 0
2019-08-29 08:33:53,263 | INFO  | SCMAudit | user=jenkins1000 | ip=192.168.69.89 | op=SEND_HEARTBEAT {datanodeUUID=129685ee-8122-4333-8930-3eeb8cf836af, command=[]} | ret=SUCCESS |  
2019-08-29 08:33:53,383 [Datanode State Machine Thread - 0] INFO  statemachine.DatanodeStateMachine (DatanodeStateMachine.java:lambda$startDaemon$0(350)) - Ozone container server started.
2019-08-29 08:33:53,384 | INFO  | SCMAudit | user=jenkins1000 | ip=192.168.69.89 | op=SEND_HEARTBEAT {datanodeUUID=7a9bfe55-9a1e-4d2f-9ebd-558835cfe40a, command=[]} | ret=SUCCESS |  
2019-08-29 08:33:53,509 | INFO  | SCMAudit | user=jenkins1000 | ip=192.168.69.89 | op=SEND_HEARTBEAT {datanodeUUID=f0c18ce4-0e5b-4823-99c8-fd716531bc5f, command=[]} | ret=SUCCESS |  
2019-08-29 08:33:53,509 | INFO  | SCMAudit | user=jenkins1000 | ip=192.168.69.89 | op=SEND_HEARTBEAT {datanodeUUID=02bf3283-c6bf-4588-a57c-baa459038378, command=[]} | ret=SUCCESS |  
2019-08-29 08:33:53,509 | INFO  | SCMAudit | user=jenkins1000 | ip=192.168.69.89 | op=SEND_HEARTBEAT {datanodeUUID=4da055f9-cd9d-4c6f-9ab8-147a42717fcf, command=[]} | ret=SUCCESS |  
2019-08-29 08:33:53,520 [grpc-default-executor-1] WARN  server.GrpcLogAppender (LogUtils.java:warn(134)) - 129685ee-8122-4333-8930-3eeb8cf836af->fe546585-3c52-42ae-8754-1a35dad17d3f: Failed appendEntries: org.apache.ratis.thirdparty.io.grpc.StatusRuntimeException: UNAVAILABLE: io exception
2019-08-29 08:33:53,524 [grpc-default-executor-1] INFO  impl.FollowerInfo (FollowerInfo.java:lambda$new$0(50)) - 129685ee-8122-4333-8930-3eeb8cf836af->fe546585-3c52-42ae-8754-1a35dad17d3f: nextIndex: updateUnconditionally 14 -> 13
2019-08-29 08:33:53,675 | INFO  | SCMAudit | user=jenkins1000 | ip=192.168.69.89 | op=SEND_HEARTBEAT {datanodeUUID=bcbb4469-e902-4083-b3d9-1bab9ea4cd29, command=[]} | ret=SUCCESS |  
2019-08-29 08:33:53,675 | INFO  | SCMAudit | user=jenkins1000 | ip=192.168.69.89 | op=SEND_HEARTBEAT {datanodeUUID=e7b9916e-4eca-4156-a086-839e4ffd13a0, command=[]} | ret=SUCCESS |  
2019-08-29 08:33:53,675 | INFO  | SCMAudit | user=jenkins1000 | ip=192.168.69.89 | op=SEND_HEARTBEAT {datanodeUUID=99586f2f-9d87-40a3-9061-4566008201fd, command=[]} | ret=SUCCESS |  
2019-08-29 08:33:53,712 [grpc-default-executor-2] WARN  server.GrpcLogAppender (LogUtils.java:warn(134)) - 129685ee-8122-4333-8930-3eeb8cf836af->fe546585-3c52-42ae-8754-1a35dad17d3f: Failed appendEntries: org.apache.ratis.thirdparty.io.grpc.StatusRuntimeException: UNAVAILABLE: io exception
2019-08-29 08:33:53,716 [grpc-default-executor-2] INFO  impl.FollowerInfo (FollowerInfo.java:lambda$new$0(50)) - 129685ee-8122-4333-8930-3eeb8cf836af->fe546585-3c52-42ae-8754-1a35dad17d3f: nextIndex: updateUnconditionally 0 -> 0
2019-08-29 08:33:54,019 [grpc-default-executor-1] WARN  server.GrpcLogAppender (LogUtils.java:warn(134)) - 129685ee-8122-4333-8930-3eeb8cf836af->fe546585-3c52-42ae-8754-1a35dad17d3f: Failed appendEntries: org.apache.ratis.thirdparty.io.grpc.StatusRuntimeException: UNAVAILABLE: io exception
2019-08-29 08:33:54,023 [grpc-default-executor-1] INFO  impl.FollowerInfo (FollowerInfo.java:lambda$new$0(50)) - 129685ee-8122-4333-8930-3eeb8cf836af->fe546585-3c52-42ae-8754-1a35dad17d3f: nextIndex: updateUnconditionally 13 -> 12
2019-08-29 08:33:54,213 [grpc-default-executor-3] WARN  server.GrpcLogAppender (LogUtils.java:warn(134)) - 129685ee-8122-4333-8930-3eeb8cf836af->fe546585-3c52-42ae-8754-1a35dad17d3f: Failed appendEntries: org.apache.ratis.thirdparty.io.grpc.StatusRuntimeException: UNAVAILABLE: io exception
2019-08-29 08:33:54,217 [grpc-default-executor-3] INFO  impl.FollowerInfo (FollowerInfo.java:lambda$new$0(50)) - 129685ee-8122-4333-8930-3eeb8cf836af->fe546585-3c52-42ae-8754-1a35dad17d3f: nextIndex: updateUnconditionally 0 -> 0
2019-08-29 08:33:54,263 | INFO  | SCMAudit | user=jenkins1000 | ip=192.168.69.89 | op=SEND_HEARTBEAT {datanodeUUID=129685ee-8122-4333-8930-3eeb8cf836af, command=[]} | ret=SUCCESS |  
2019-08-29 08:33:54,384 | INFO  | SCMAudit | user=jenkins1000 | ip=192.168.69.89 | op=SEND_HEARTBEAT {datanodeUUID=7a9bfe55-9a1e-4d2f-9ebd-558835cfe40a, command=[]} | ret=SUCCESS |  
2019-08-29 08:33:54,509 | INFO  | SCMAudit | user=jenkins1000 | ip=192.168.69.89 | op=SEND_HEARTBEAT {datanodeUUID=4da055f9-cd9d-4c6f-9ab8-147a42717fcf, command=[]} | ret=SUCCESS |  
2019-08-29 08:33:54,511 | INFO  | SCMAudit | user=jenkins1000 | ip=192.168.69.89 | op=SEND_HEARTBEAT {datanodeUUID=f0c18ce4-0e5b-4823-99c8-fd716531bc5f, command=[]} | ret=SUCCESS |  
2019-08-29 08:33:54,511 | INFO  | SCMAudit | user=jenkins1000 | ip=192.168.69.89 | op=SEND_HEARTBEAT {datanodeUUID=02bf3283-c6bf-4588-a57c-baa459038378, command=[]} | ret=SUCCESS |  
2019-08-29 08:33:54,519 [grpc-default-executor-1] WARN  server.GrpcLogAppender (LogUtils.java:warn(134)) - 129685ee-8122-4333-8930-3eeb8cf836af->fe546585-3c52-42ae-8754-1a35dad17d3f: Failed appendEntries: org.apache.ratis.thirdparty.io.grpc.StatusRuntimeException: UNAVAILABLE: io exception
2019-08-29 08:33:54,523 [grpc-default-executor-1] INFO  impl.FollowerInfo (FollowerInfo.java:lambda$new$0(50)) - 129685ee-8122-4333-8930-3eeb8cf836af->fe546585-3c52-42ae-8754-1a35dad17d3f: nextIndex: updateUnconditionally 12 -> 11
2019-08-29 08:33:54,675 | INFO  | SCMAudit | user=jenkins1000 | ip=192.168.69.89 | op=SEND_HEARTBEAT {datanodeUUID=99586f2f-9d87-40a3-9061-4566008201fd, command=[]} | ret=SUCCESS |  
2019-08-29 08:33:54,675 | INFO  | SCMAudit | user=jenkins1000 | ip=192.168.69.89 | op=SEND_HEARTBEAT {datanodeUUID=e7b9916e-4eca-4156-a086-839e4ffd13a0, command=[]} | ret=SUCCESS |  
2019-08-29 08:33:54,675 | INFO  | SCMAudit | user=jenkins1000 | ip=192.168.69.89 | op=SEND_HEARTBEAT {datanodeUUID=bcbb4469-e902-4083-b3d9-1bab9ea4cd29, command=[]} | ret=SUCCESS |  
2019-08-29 08:33:54,714 [grpc-default-executor-2] WARN  server.GrpcLogAppender (LogUtils.java:warn(134)) - 129685ee-8122-4333-8930-3eeb8cf836af->fe546585-3c52-42ae-8754-1a35dad17d3f: Failed appendEntries: org.apache.ratis.thirdparty.io.grpc.StatusRuntimeException: UNAVAILABLE: io exception
2019-08-29 08:33:54,717 [grpc-default-executor-2] INFO  impl.FollowerInfo (FollowerInfo.java:lambda$new$0(50)) - 129685ee-8122-4333-8930-3eeb8cf836af->fe546585-3c52-42ae-8754-1a35dad17d3f: nextIndex: updateUnconditionally 0 -> 0
2019-08-29 08:33:55,021 [grpc-default-executor-1] WARN  server.GrpcLogAppender (LogUtils.java:warn(134)) - 129685ee-8122-4333-8930-3eeb8cf836af->fe546585-3c52-42ae-8754-1a35dad17d3f: Failed appendEntries: org.apache.ratis.thirdparty.io.grpc.StatusRuntimeException: UNAVAILABLE: io exception
2019-08-29 08:33:55,025 [grpc-default-executor-1] INFO  impl.FollowerInfo (FollowerInfo.java:lambda$new$0(50)) - 129685ee-8122-4333-8930-3eeb8cf836af->fe546585-3c52-42ae-8754-1a35dad17d3f: nextIndex: updateUnconditionally 11 -> 10
2019-08-29 08:33:55,215 [grpc-default-executor-2] WARN  server.GrpcLogAppender (LogUtils.java:warn(134)) - 129685ee-8122-4333-8930-3eeb8cf836af->fe546585-3c52-42ae-8754-1a35dad17d3f: Failed appendEntries: org.apache.ratis.thirdparty.io.grpc.StatusRuntimeException: UNAVAILABLE: io exception
2019-08-29 08:33:55,227 [grpc-default-executor-2] INFO  impl.FollowerInfo (FollowerInfo.java:lambda$new$0(50)) - 129685ee-8122-4333-8930-3eeb8cf836af->fe546585-3c52-42ae-8754-1a35dad17d3f: nextIndex: updateUnconditionally 0 -> 0
2019-08-29 08:33:55,263 | INFO  | SCMAudit | user=jenkins1000 | ip=192.168.69.89 | op=SEND_HEARTBEAT {datanodeUUID=129685ee-8122-4333-8930-3eeb8cf836af, command=[]} | ret=SUCCESS |  
2019-08-29 08:33:55,384 | INFO  | SCMAudit | user=jenkins1000 | ip=192.168.69.89 | op=SEND_HEARTBEAT {datanodeUUID=7a9bfe55-9a1e-4d2f-9ebd-558835cfe40a, command=[]} | ret=SUCCESS |  
2019-08-29 08:33:55,508 | INFO  | SCMAudit | user=jenkins1000 | ip=192.168.69.89 | op=SEND_HEARTBEAT {datanodeUUID=4da055f9-cd9d-4c6f-9ab8-147a42717fcf, command=[]} | ret=SUCCESS |  
2019-08-29 08:33:55,508 | INFO  | SCMAudit | user=jenkins1000 | ip=192.168.69.89 | op=SEND_HEARTBEAT {datanodeUUID=f0c18ce4-0e5b-4823-99c8-fd716531bc5f, command=[]} | ret=SUCCESS |  
2019-08-29 08:33:55,511 | INFO  | SCMAudit | user=jenkins1000 | ip=192.168.69.89 | op=SEND_HEARTBEAT {datanodeUUID=02bf3283-c6bf-4588-a57c-baa459038378, command=[]} | ret=SUCCESS |  
2019-08-29 08:33:55,521 [grpc-default-executor-3] WARN  server.GrpcLogAppender (LogUtils.java:warn(134)) - 129685ee-8122-4333-8930-3eeb8cf836af->fe546585-3c52-42ae-8754-1a35dad17d3f: Failed appendEntries: org.apache.ratis.thirdparty.io.grpc.StatusRuntimeException: UNAVAILABLE: io exception
2019-08-29 08:33:55,525 [grpc-default-executor-3] INFO  impl.FollowerInfo (FollowerInfo.java:lambda$new$0(50)) - 129685ee-8122-4333-8930-3eeb8cf836af->fe546585-3c52-42ae-8754-1a35dad17d3f: nextIndex: updateUnconditionally 10 -> 9
2019-08-29 08:33:55,675 | INFO  | SCMAudit | user=jenkins1000 | ip=192.168.69.89 | op=SEND_HEARTBEAT {datanodeUUID=e7b9916e-4eca-4156-a086-839e4ffd13a0, command=[]} | ret=SUCCESS |  
2019-08-29 08:33:55,675 | INFO  | SCMAudit | user=jenkins1000 | ip=192.168.69.89 | op=SEND_HEARTBEAT {datanodeUUID=99586f2f-9d87-40a3-9061-4566008201fd, command=[]} | ret=SUCCESS |  
2019-08-29 08:33:55,675 | INFO  | SCMAudit | user=jenkins1000 | ip=192.168.69.89 | op=SEND_HEARTBEAT {datanodeUUID=bcbb4469-e902-4083-b3d9-1bab9ea4cd29, command=[]} | ret=SUCCESS |  
2019-08-29 08:33:55,716 [grpc-default-executor-2] WARN  server.GrpcLogAppender (LogUtils.java:warn(134)) - 129685ee-8122-4333-8930-3eeb8cf836af->fe546585-3c52-42ae-8754-1a35dad17d3f: Failed appendEntries: org.apache.ratis.thirdparty.io.grpc.StatusRuntimeException: UNAVAILABLE: io exception
2019-08-29 08:33:55,720 [grpc-default-executor-2] INFO  impl.FollowerInfo (FollowerInfo.java:lambda$new$0(50)) - 129685ee-8122-4333-8930-3eeb8cf836af->fe546585-3c52-42ae-8754-1a35dad17d3f: nextIndex: updateUnconditionally 0 -> 0
2019-08-29 08:33:56,022 [grpc-default-executor-1] WARN  server.GrpcLogAppender (LogUtils.java:warn(134)) - 129685ee-8122-4333-8930-3eeb8cf836af->fe546585-3c52-42ae-8754-1a35dad17d3f: Failed appendEntries: org.apache.ratis.thirdparty.io.grpc.StatusRuntimeException: UNAVAILABLE: io exception
2019-08-29 08:33:56,027 [grpc-default-executor-1] INFO  impl.FollowerInfo (FollowerInfo.java:lambda$new$0(50)) - 129685ee-8122-4333-8930-3eeb8cf836af->fe546585-3c52-42ae-8754-1a35dad17d3f: nextIndex: updateUnconditionally 9 -> 8
2019-08-29 08:33:56,217 [grpc-default-executor-2] WARN  server.GrpcLogAppender (LogUtils.java:warn(134)) - 129685ee-8122-4333-8930-3eeb8cf836af->fe546585-3c52-42ae-8754-1a35dad17d3f: Failed appendEntries: org.apache.ratis.thirdparty.io.grpc.StatusRuntimeException: UNAVAILABLE: io exception
2019-08-29 08:33:56,221 [grpc-default-executor-2] INFO  impl.FollowerInfo (FollowerInfo.java:lambda$new$0(50)) - 129685ee-8122-4333-8930-3eeb8cf836af->fe546585-3c52-42ae-8754-1a35dad17d3f: nextIndex: updateUnconditionally 0 -> 0
2019-08-29 08:33:56,264 | INFO  | SCMAudit | user=jenkins1000 | ip=192.168.69.89 | op=SEND_HEARTBEAT {datanodeUUID=129685ee-8122-4333-8930-3eeb8cf836af, command=[]} | ret=SUCCESS |  
2019-08-29 08:33:56,385 | INFO  | SCMAudit | user=jenkins1000 | ip=192.168.69.89 | op=SEND_HEARTBEAT {datanodeUUID=7a9bfe55-9a1e-4d2f-9ebd-558835cfe40a, command=[]} | ret=SUCCESS |  
2019-08-29 08:33:56,509 | INFO  | SCMAudit | user=jenkins1000 | ip=192.168.69.89 | op=SEND_HEARTBEAT {datanodeUUID=4da055f9-cd9d-4c6f-9ab8-147a42717fcf, command=[]} | ret=SUCCESS |  
2019-08-29 08:33:56,509 | INFO  | SCMAudit | user=jenkins1000 | ip=192.168.69.89 | op=SEND_HEARTBEAT {datanodeUUID=f0c18ce4-0e5b-4823-99c8-fd716531bc5f, command=[]} | ret=SUCCESS |  
2019-08-29 08:33:56,511 | INFO  | SCMAudit | user=jenkins1000 | ip=192.168.69.89 | op=SEND_HEARTBEAT {datanodeUUID=02bf3283-c6bf-4588-a57c-baa459038378, command=[]} | ret=SUCCESS |  
2019-08-29 08:33:56,524 [grpc-default-executor-3] WARN  server.GrpcLogAppender (LogUtils.java:warn(134)) - 129685ee-8122-4333-8930-3eeb8cf836af->fe546585-3c52-42ae-8754-1a35dad17d3f: Failed appendEntries: org.apache.ratis.thirdparty.io.grpc.StatusRuntimeException: UNAVAILABLE: io exception
2019-08-29 08:33:56,528 [grpc-default-executor-3] INFO  impl.FollowerInfo (FollowerInfo.java:lambda$new$0(50)) - 129685ee-8122-4333-8930-3eeb8cf836af->fe546585-3c52-42ae-8754-1a35dad17d3f: nextIndex: updateUnconditionally 8 -> 7
2019-08-29 08:33:56,675 | INFO  | SCMAudit | user=jenkins1000 | ip=192.168.69.89 | op=SEND_HEARTBEAT {datanodeUUID=bcbb4469-e902-4083-b3d9-1bab9ea4cd29, command=[]} | ret=SUCCESS |  
2019-08-29 08:33:56,675 | INFO  | SCMAudit | user=jenkins1000 | ip=192.168.69.89 | op=SEND_HEARTBEAT {datanodeUUID=99586f2f-9d87-40a3-9061-4566008201fd, command=[]} | ret=SUCCESS |  
2019-08-29 08:33:56,675 | INFO  | SCMAudit | user=jenkins1000 | ip=192.168.69.89 | op=SEND_HEARTBEAT {datanodeUUID=e7b9916e-4eca-4156-a086-839e4ffd13a0, command=[]} | ret=SUCCESS |  
2019-08-29 08:33:56,719 [grpc-default-executor-1] WARN  server.GrpcLogAppender (LogUtils.java:warn(134)) - 129685ee-8122-4333-8930-3eeb8cf836af->fe546585-3c52-42ae-8754-1a35dad17d3f: Failed appendEntries: org.apache.ratis.thirdparty.io.grpc.StatusRuntimeException: UNAVAILABLE: io exception
2019-08-29 08:33:56,723 [grpc-default-executor-1] INFO  impl.FollowerInfo (FollowerInfo.java:lambda$new$0(50)) - 129685ee-8122-4333-8930-3eeb8cf836af->fe546585-3c52-42ae-8754-1a35dad17d3f: nextIndex: updateUnconditionally 0 -> 0
2019-08-29 08:33:57,264 | INFO  | SCMAudit | user=jenkins1000 | ip=192.168.69.89 | op=SEND_HEARTBEAT {datanodeUUID=129685ee-8122-4333-8930-3eeb8cf836af, command=[]} | ret=SUCCESS |  
2019-08-29 08:33:57,386 | INFO  | SCMAudit | user=jenkins1000 | ip=192.168.69.89 | op=SEND_HEARTBEAT {datanodeUUID=7a9bfe55-9a1e-4d2f-9ebd-558835cfe40a, command=[]} | ret=SUCCESS |  
2019-08-29 08:33:57,509 | INFO  | SCMAudit | user=jenkins1000 | ip=192.168.69.89 | op=SEND_HEARTBEAT {datanodeUUID=4da055f9-cd9d-4c6f-9ab8-147a42717fcf, command=[]} | ret=SUCCESS |  
2019-08-29 08:33:57,510 | INFO  | SCMAudit | user=jenkins1000 | ip=192.168.69.89 | op=SEND_HEARTBEAT {datanodeUUID=f0c18ce4-0e5b-4823-99c8-fd716531bc5f, command=[]} | ret=SUCCESS |  
2019-08-29 08:33:57,511 | INFO  | SCMAudit | user=jenkins1000 | ip=192.168.69.89 | op=SEND_HEARTBEAT {datanodeUUID=02bf3283-c6bf-4588-a57c-baa459038378, command=[]} | ret=SUCCESS |  
2019-08-29 08:33:57,675 | INFO  | SCMAudit | user=jenkins1000 | ip=192.168.69.89 | op=SEND_HEARTBEAT {datanodeUUID=e7b9916e-4eca-4156-a086-839e4ffd13a0, command=[]} | ret=SUCCESS |  
2019-08-29 08:33:57,675 | INFO  | SCMAudit | user=jenkins1000 | ip=192.168.69.89 | op=SEND_HEARTBEAT {datanodeUUID=bcbb4469-e902-4083-b3d9-1bab9ea4cd29, command=[]} | ret=SUCCESS |  
2019-08-29 08:33:57,675 | INFO  | SCMAudit | user=jenkins1000 | ip=192.168.69.89 | op=SEND_HEARTBEAT {datanodeUUID=99586f2f-9d87-40a3-9061-4566008201fd, command=[]} | ret=SUCCESS |  
2019-08-29 08:33:58,043 [grpc-default-executor-4] WARN  server.GrpcLogAppender (LogUtils.java:warn(134)) - 129685ee-8122-4333-8930-3eeb8cf836af->fe546585-3c52-42ae-8754-1a35dad17d3f: Failed appendEntries: org.apache.ratis.thirdparty.io.grpc.StatusRuntimeException: UNAVAILABLE: io exception
2019-08-29 08:33:58,048 [Thread-467] INFO  impl.FollowerState (FollowerState.java:run(106)) - 802c6c9d-4843-417e-8983-b6e40533cc1c:group-4F259F9E67CD changes to CANDIDATE, lastRpcTime:1495, electionTimeout:1173ms
2019-08-29 08:33:58,055 [Thread-467] INFO  impl.RoleInfo (RoleInfo.java:shutdownFollowerState(121)) - 802c6c9d-4843-417e-8983-b6e40533cc1c: shutdown FollowerState
2019-08-29 08:33:58,059 [grpc-default-executor-0] WARN  server.GrpcLogAppender (LogUtils.java:warn(134)) - 129685ee-8122-4333-8930-3eeb8cf836af->fe546585-3c52-42ae-8754-1a35dad17d3f: Failed appendEntries: org.apache.ratis.thirdparty.io.grpc.StatusRuntimeException: UNAVAILABLE: io exception
2019-08-29 08:33:58,058 [Thread-439] INFO  impl.FollowerState (FollowerState.java:run(106)) - f0c18ce4-0e5b-4823-99c8-fd716531bc5f:group-4C1082AB210C changes to CANDIDATE, lastRpcTime:1446, electionTimeout:1085ms
2019-08-29 08:33:58,064 [main] INFO  ozoneimpl.OzoneContainer (OzoneContainer.java:stop(199)) - Attempting to stop container services.
2019-08-29 08:33:58,059 [Thread-467] INFO  impl.RaftServerImpl (RaftServerImpl.java:setRole(171)) - 802c6c9d-4843-417e-8983-b6e40533cc1c:group-4F259F9E67CD changes role from FOLLOWER to CANDIDATE at term 2 for changeToCandidate
2019-08-29 08:33:58,064 [grpc-default-executor-0] INFO  impl.FollowerInfo (FollowerInfo.java:lambda$new$0(50)) - 129685ee-8122-4333-8930-3eeb8cf836af->fe546585-3c52-42ae-8754-1a35dad17d3f: nextIndex: updateUnconditionally 7 -> 6
2019-08-29 08:33:58,064 [grpc-default-executor-4] INFO  impl.FollowerInfo (FollowerInfo.java:lambda$new$0(50)) - 129685ee-8122-4333-8930-3eeb8cf836af->fe546585-3c52-42ae-8754-1a35dad17d3f: nextIndex: updateUnconditionally 0 -> 0
2019-08-29 08:33:58,064 [Thread-439] INFO  impl.RoleInfo (RoleInfo.java:shutdownFollowerState(121)) - f0c18ce4-0e5b-4823-99c8-fd716531bc5f: shutdown FollowerState
2019-08-29 08:33:58,071 [main] INFO  impl.RaftServerProxy (RaftServerProxy.java:lambda$close$4(314)) - 802c6c9d-4843-417e-8983-b6e40533cc1c: close
2019-08-29 08:33:58,070 [Thread-467] INFO  impl.RoleInfo (RoleInfo.java:updateAndGet(143)) - 802c6c9d-4843-417e-8983-b6e40533cc1c: start LeaderElection
2019-08-29 08:33:58,071 [Thread-439] INFO  impl.RaftServerImpl (RaftServerImpl.java:setRole(171)) - f0c18ce4-0e5b-4823-99c8-fd716531bc5f:group-4C1082AB210C changes role from FOLLOWER to CANDIDATE at term 1 for changeToCandidate
2019-08-29 08:33:58,072 [main] INFO  impl.RaftServerImpl (RaftServerImpl.java:lambda$shutdown$3(245)) - 802c6c9d-4843-417e-8983-b6e40533cc1c: shutdown group-7CE38931A4C9
2019-08-29 08:33:58,072 [Thread-439] INFO  impl.RoleInfo (RoleInfo.java:updateAndGet(143)) - f0c18ce4-0e5b-4823-99c8-fd716531bc5f: start LeaderElection
2019-08-29 08:33:58,074 [grpc-default-executor-5] INFO  impl.RaftServerImpl (RaftServerImpl.java:setRole(171)) - 802c6c9d-4843-417e-8983-b6e40533cc1c:group-4F259F9E67CD changes role from CANDIDATE to FOLLOWER at term 2 for appendEntries
2019-08-29 08:33:58,074 [main] INFO  util.JmxRegister (JmxRegister.java:unregister(73)) - Successfully un-registered JMX Bean with object name Ratis:service=RaftServer,group=group-7CE38931A4C9,id=802c6c9d-4843-417e-8983-b6e40533cc1c
2019-08-29 08:33:58,074 [ForkJoinPool.commonPool-worker-0] INFO  impl.RaftServerImpl (RaftServerImpl.java:lambda$shutdown$3(245)) - 802c6c9d-4843-417e-8983-b6e40533cc1c: shutdown group-1043D396F2BA
2019-08-29 08:33:58,077 [main] INFO  impl.RoleInfo (RoleInfo.java:shutdownLeaderState(104)) - 802c6c9d-4843-417e-8983-b6e40533cc1c: shutdown LeaderState
2019-08-29 08:33:58,077 [grpc-default-executor-2] INFO  impl.RaftServerImpl (RaftServerImpl.java:setRole(171)) - f0c18ce4-0e5b-4823-99c8-fd716531bc5f:group-4C1082AB210C changes role from CANDIDATE to FOLLOWER at term 1 for appendEntries
2019-08-29 08:33:58,077 [grpc-default-executor-5] INFO  impl.RoleInfo (RoleInfo.java:shutdownLeaderElection(134)) - 802c6c9d-4843-417e-8983-b6e40533cc1c: shutdown LeaderElection
2019-08-29 08:33:58,078 [grpc-default-executor-2] INFO  impl.RoleInfo (RoleInfo.java:shutdownLeaderElection(134)) - f0c18ce4-0e5b-4823-99c8-fd716531bc5f: shutdown LeaderElection
2019-08-29 08:33:58,078 [main] INFO  impl.PendingRequests (PendingRequests.java:sendNotLeaderResponses(202)) - 802c6c9d-4843-417e-8983-b6e40533cc1c-PendingRequests: sendNotLeaderResponses
2019-08-29 08:33:58,078 [ForkJoinPool.commonPool-worker-0] INFO  util.JmxRegister (JmxRegister.java:unregister(73)) - Successfully un-registered JMX Bean with object name Ratis:service=RaftServer,group=group-1043D396F2BA,id=802c6c9d-4843-417e-8983-b6e40533cc1c
2019-08-29 08:33:58,079 [main] INFO  impl.StateMachineUpdater (StateMachineUpdater.java:stopAndJoin(115)) - StateMachineUpdater:802c6c9d-4843-417e-8983-b6e40533cc1c:group-7CE38931A4C9: set stopIndex = 0
2019-08-29 08:33:58,078 [grpc-default-executor-2] INFO  impl.RoleInfo (RoleInfo.java:updateAndGet(143)) - f0c18ce4-0e5b-4823-99c8-fd716531bc5f: start FollowerState
2019-08-29 08:33:58,078 [grpc-default-executor-5] INFO  impl.RoleInfo (RoleInfo.java:updateAndGet(143)) - 802c6c9d-4843-417e-8983-b6e40533cc1c: start FollowerState
2019-08-29 08:33:58,079 [main] INFO  impl.RaftServerImpl (ServerState.java:close(394)) - 802c6c9d-4843-417e-8983-b6e40533cc1c:group-7CE38931A4C9 closes. The last applied log index is 0
2019-08-29 08:33:58,079 [ForkJoinPool.commonPool-worker-0] INFO  impl.RoleInfo (RoleInfo.java:shutdownFollowerState(121)) - 802c6c9d-4843-417e-8983-b6e40533cc1c: shutdown FollowerState
2019-08-29 08:33:58,080 [802c6c9d-4843-417e-8983-b6e40533cc1c-SegmentedRaftLogWorker:Storage Directory /workdir/hadoop-ozone/integration-test/target/test-dir/MiniOzoneClusterImpl-839c4a83-1072-4184-a39a-41aa01fb846d/datanode-4/data/ratis/1a250d49-7e7e-47d8-97e3-7ce38931a4c9] INFO  segmented.SegmentedRaftLogWorker (SegmentedRaftLogWorker.java:run(313)) - 802c6c9d-4843-417e-8983-b6e40533cc1c-SegmentedRaftLogWorker:Storage Directory /workdir/hadoop-ozone/integration-test/target/test-dir/MiniOzoneClusterImpl-839c4a83-1072-4184-a39a-41aa01fb846d/datanode-4/data/ratis/1a250d49-7e7e-47d8-97e3-7ce38931a4c9 was interrupted, exiting. There are 0 tasks remaining in the queue.
2019-08-29 08:33:58,080 [802c6c9d-4843-417e-8983-b6e40533cc1c:group-4F259F9E67CD:LeaderElection26] INFO  impl.RaftServerImpl (ServerState.java:setLeader(263)) - 802c6c9d-4843-417e-8983-b6e40533cc1c:group-4F259F9E67CD change Leader from 129685ee-8122-4333-8930-3eeb8cf836af to null at term 2 for initElection
2019-08-29 08:33:58,080 [f0c18ce4-0e5b-4823-99c8-fd716531bc5f:group-4C1082AB210C:LeaderElection27] INFO  impl.RaftServerImpl (ServerState.java:setLeader(263)) - f0c18ce4-0e5b-4823-99c8-fd716531bc5f:group-4C1082AB210C change Leader from 4da055f9-cd9d-4c6f-9ab8-147a42717fcf to null at term 1 for initElection
2019-08-29 08:33:58,082 [main] INFO  segmented.SegmentedRaftLogWorker (SegmentedRaftLogWorker.java:close(228)) - 802c6c9d-4843-417e-8983-b6e40533cc1c-SegmentedRaftLogWorker:Storage Directory /workdir/hadoop-ozone/integration-test/target/test-dir/MiniOzoneClusterImpl-839c4a83-1072-4184-a39a-41aa01fb846d/datanode-4/data/ratis/1a250d49-7e7e-47d8-97e3-7ce38931a4c9 close()
2019-08-29 08:33:58,080 [Thread-328] INFO  impl.FollowerState (FollowerState.java:run(114)) - 802c6c9d-4843-417e-8983-b6e40533cc1c: FollowerState was interrupted: java.lang.InterruptedException: sleep interrupted
2019-08-29 08:33:58,080 [ForkJoinPool.commonPool-worker-0] INFO  impl.StateMachineUpdater (StateMachineUpdater.java:stopAndJoin(115)) - StateMachineUpdater:802c6c9d-4843-417e-8983-b6e40533cc1c:group-1043D396F2BA: set stopIndex = 0
2019-08-29 08:33:58,087 [ForkJoinPool.commonPool-worker-0] INFO  impl.RaftServerImpl (ServerState.java:close(394)) - 802c6c9d-4843-417e-8983-b6e40533cc1c:group-1043D396F2BA closes. The last applied log index is 0
2019-08-29 08:33:58,088 [802c6c9d-4843-417e-8983-b6e40533cc1c-SegmentedRaftLogWorker:Storage Directory /workdir/hadoop-ozone/integration-test/target/test-dir/MiniOzoneClusterImpl-839c4a83-1072-4184-a39a-41aa01fb846d/datanode-4/data/ratis/7acb3d0f-f7f8-49f7-960d-1043d396f2ba] INFO  segmented.SegmentedRaftLogWorker (SegmentedRaftLogWorker.java:run(313)) - 802c6c9d-4843-417e-8983-b6e40533cc1c-SegmentedRaftLogWorker:Storage Directory /workdir/hadoop-ozone/integration-test/target/test-dir/MiniOzoneClusterImpl-839c4a83-1072-4184-a39a-41aa01fb846d/datanode-4/data/ratis/7acb3d0f-f7f8-49f7-960d-1043d396f2ba was interrupted, exiting. There are 0 tasks remaining in the queue.
2019-08-29 08:33:58,090 [ForkJoinPool.commonPool-worker-0] INFO  segmented.SegmentedRaftLogWorker (SegmentedRaftLogWorker.java:close(228)) - 802c6c9d-4843-417e-8983-b6e40533cc1c-SegmentedRaftLogWorker:Storage Directory /workdir/hadoop-ozone/integration-test/target/test-dir/MiniOzoneClusterImpl-839c4a83-1072-4184-a39a-41aa01fb846d/datanode-4/data/ratis/7acb3d0f-f7f8-49f7-960d-1043d396f2ba close()
2019-08-29 08:33:58,093 [ForkJoinPool.commonPool-worker-0] INFO  impl.RaftServerImpl (RaftServerImpl.java:lambda$shutdown$3(245)) - 802c6c9d-4843-417e-8983-b6e40533cc1c: shutdown group-4F259F9E67CD
2019-08-29 08:33:58,094 [ForkJoinPool.commonPool-worker-0] INFO  util.JmxRegister (JmxRegister.java:unregister(73)) - Successfully un-registered JMX Bean with object name Ratis:service=RaftServer,group=group-4F259F9E67CD,id=802c6c9d-4843-417e-8983-b6e40533cc1c
2019-08-29 08:33:58,094 [ForkJoinPool.commonPool-worker-0] INFO  impl.RoleInfo (RoleInfo.java:shutdownFollowerState(121)) - 802c6c9d-4843-417e-8983-b6e40533cc1c: shutdown FollowerState
2019-08-29 08:33:58,094 [ForkJoinPool.commonPool-worker-0] INFO  impl.StateMachineUpdater (StateMachineUpdater.java:stopAndJoin(115)) - StateMachineUpdater:802c6c9d-4843-417e-8983-b6e40533cc1c:group-4F259F9E67CD: set stopIndex = 16
2019-08-29 08:33:58,094 [StateMachineUpdater:802c6c9d-4843-417e-8983-b6e40533cc1c:group-4F259F9E67CD] INFO  ratis.ContainerStateMachine (ContainerStateMachine.java:takeSnapshot(283)) - group-4F259F9E67CD: Taking a snapshot at:(t:2, i:12) file /workdir/hadoop-ozone/integration-test/target/test-dir/MiniOzoneClusterImpl-839c4a83-1072-4184-a39a-41aa01fb846d/datanode-4/data/ratis/9e321d5a-d5d8-48c0-844c-4f259f9e67cd/sm/snapshot.2_12
2019-08-29 08:33:58,094 [Thread-874] INFO  impl.FollowerState (FollowerState.java:run(114)) - 802c6c9d-4843-417e-8983-b6e40533cc1c: FollowerState was interrupted: java.lang.InterruptedException: sleep interrupted
2019-08-29 08:33:58,115 [StateMachineUpdater:802c6c9d-4843-417e-8983-b6e40533cc1c:group-4F259F9E67CD] INFO  ratis.ContainerStateMachine (ContainerStateMachine.java:takeSnapshot(294)) - group-4F259F9E67CD: Finished taking a snapshot at:(t:2, i:12) file:/workdir/hadoop-ozone/integration-test/target/test-dir/MiniOzoneClusterImpl-839c4a83-1072-4184-a39a-41aa01fb846d/datanode-4/data/ratis/9e321d5a-d5d8-48c0-844c-4f259f9e67cd/sm/snapshot.2_12 time:21
2019-08-29 08:33:58,115 [f0c18ce4-0e5b-4823-99c8-fd716531bc5f:group-4C1082AB210C:LeaderElection27] INFO  impl.LeaderElection (LeaderElection.java:askForVotes(181)) - f0c18ce4-0e5b-4823-99c8-fd716531bc5f:group-4C1082AB210C:LeaderElection27: begin an election at term 2 for 0: [4da055f9-cd9d-4c6f-9ab8-147a42717fcf:192.168.69.89:41539, 02bf3283-c6bf-4588-a57c-baa459038378:192.168.69.89:46486, f0c18ce4-0e5b-4823-99c8-fd716531bc5f:192.168.69.89:36167], old=null
2019-08-29 08:33:58,115 [StateMachineUpdater:802c6c9d-4843-417e-8983-b6e40533cc1c:group-4F259F9E67CD] INFO  impl.StateMachineUpdater (StateMachineUpdater.java:takeSnapshot(242)) - StateMachineUpdater:802c6c9d-4843-417e-8983-b6e40533cc1c:group-4F259F9E67CD: Took a snapshot at index 12
2019-08-29 08:33:58,115 [802c6c9d-4843-417e-8983-b6e40533cc1c:group-4F259F9E67CD:LeaderElection26] INFO  impl.LeaderElection (LeaderElection.java:askForVotes(181)) - 802c6c9d-4843-417e-8983-b6e40533cc1c:group-4F259F9E67CD:LeaderElection26: begin an election at term 3 for 0: [802c6c9d-4843-417e-8983-b6e40533cc1c:192.168.69.89:37103, 129685ee-8122-4333-8930-3eeb8cf836af:192.168.69.89:45580, fe546585-3c52-42ae-8754-1a35dad17d3f:192.168.69.89:45996], old=null
2019-08-29 08:33:58,116 [StateMachineUpdater:802c6c9d-4843-417e-8983-b6e40533cc1c:group-4F259F9E67CD] INFO  impl.StateMachineUpdater (StateMachineUpdater.java:lambda$new$0(80)) - StateMachineUpdater:802c6c9d-4843-417e-8983-b6e40533cc1c:group-4F259F9E67CD: snapshotIndex: updateIncreasingly -1 -> 12
2019-08-29 08:33:58,116 [f0c18ce4-0e5b-4823-99c8-fd716531bc5f:group-4C1082AB210C:LeaderElection27] INFO  impl.LeaderElection (LeaderElection.java:logAndReturn(56)) - f0c18ce4-0e5b-4823-99c8-fd716531bc5f:group-4C1082AB210C:LeaderElection27: Election REJECTED; received 0 response(s) [] and 0 exception(s); f0c18ce4-0e5b-4823-99c8-fd716531bc5f:t2, leader=null, voted=f0c18ce4-0e5b-4823-99c8-fd716531bc5f, raftlog=f0c18ce4-0e5b-4823-99c8-fd716531bc5f-SegmentedRaftLog:OPENED:c11,f11,i11, conf=0: [4da055f9-cd9d-4c6f-9ab8-147a42717fcf:192.168.69.89:41539, 02bf3283-c6bf-4588-a57c-baa459038378:192.168.69.89:46486, f0c18ce4-0e5b-4823-99c8-fd716531bc5f:192.168.69.89:36167], old=null
2019-08-29 08:33:58,116 [ForkJoinPool.commonPool-worker-0] INFO  impl.RaftServerImpl (ServerState.java:close(394)) - 802c6c9d-4843-417e-8983-b6e40533cc1c:group-4F259F9E67CD closes. The last applied log index is 16
2019-08-29 08:33:58,116 [802c6c9d-4843-417e-8983-b6e40533cc1c:group-4F259F9E67CD:LeaderElection26] INFO  impl.LeaderElection (LeaderElection.java:logAndReturn(56)) - 802c6c9d-4843-417e-8983-b6e40533cc1c:group-4F259F9E67CD:LeaderElection26: Election REJECTED; received 0 response(s) [] and 0 exception(s); 802c6c9d-4843-417e-8983-b6e40533cc1c:t3, leader=null, voted=802c6c9d-4843-417e-8983-b6e40533cc1c, raftlog=802c6c9d-4843-417e-8983-b6e40533cc1c-SegmentedRaftLog:OPENED:c16,f16,i16, conf=0: [802c6c9d-4843-417e-8983-b6e40533cc1c:192.168.69.89:37103, 129685ee-8122-4333-8930-3eeb8cf836af:192.168.69.89:45580, fe546585-3c52-42ae-8754-1a35dad17d3f:192.168.69.89:45996], old=null
2019-08-29 08:33:58,117 [802c6c9d-4843-417e-8983-b6e40533cc1c-SegmentedRaftLogWorker:Storage Directory /workdir/hadoop-ozone/integration-test/target/test-dir/MiniOzoneClusterImpl-839c4a83-1072-4184-a39a-41aa01fb846d/datanode-4/data/ratis/9e321d5a-d5d8-48c0-844c-4f259f9e67cd] INFO  segmented.SegmentedRaftLogWorker (SegmentedRaftLogWorker.java:run(313)) - 802c6c9d-4843-417e-8983-b6e40533cc1c-SegmentedRaftLogWorker:Storage Directory /workdir/hadoop-ozone/integration-test/target/test-dir/MiniOzoneClusterImpl-839c4a83-1072-4184-a39a-41aa01fb846d/datanode-4/data/ratis/9e321d5a-d5d8-48c0-844c-4f259f9e67cd was interrupted, exiting. There are 0 tasks remaining in the queue.
2019-08-29 08:33:58,120 [ForkJoinPool.commonPool-worker-0] INFO  segmented.SegmentedRaftLogWorker (SegmentedRaftLogWorker.java:close(228)) - 802c6c9d-4843-417e-8983-b6e40533cc1c-SegmentedRaftLogWorker:Storage Directory /workdir/hadoop-ozone/integration-test/target/test-dir/MiniOzoneClusterImpl-839c4a83-1072-4184-a39a-41aa01fb846d/datanode-4/data/ratis/9e321d5a-d5d8-48c0-844c-4f259f9e67cd close()
2019-08-29 08:33:58,124 [main] INFO  server.GrpcService (GrpcService.java:closeImpl(155)) - 802c6c9d-4843-417e-8983-b6e40533cc1c: shutdown server with port 37103 now
2019-08-29 08:33:58,127 [Thread-468] INFO  impl.RaftServerImpl (ServerState.java:setLeader(263)) - 129685ee-8122-4333-8930-3eeb8cf836af:group-4F259F9E67CD change Leader from 129685ee-8122-4333-8930-3eeb8cf836af to null at term 3 for updateCurrentTerm
2019-08-29 08:33:58,127 [Thread-431] INFO  impl.RaftServerImpl (ServerState.java:setLeader(263)) - 4da055f9-cd9d-4c6f-9ab8-147a42717fcf:group-4C1082AB210C change Leader from 4da055f9-cd9d-4c6f-9ab8-147a42717fcf to null at term 2 for updateCurrentTerm
2019-08-29 08:33:58,127 [grpc-default-executor-6] WARN  server.GrpcServerProtocolService (LogUtils.java:warn(134)) - 802c6c9d-4843-417e-8983-b6e40533cc1c: appendEntries onError: org.apache.ratis.thirdparty.io.grpc.StatusRuntimeException: CANCELLED: cancelled before receiving half close
2019-08-29 08:33:58,127 [Thread-468] INFO  impl.RaftServerImpl (RaftServerImpl.java:setRole(171)) - 129685ee-8122-4333-8930-3eeb8cf836af:group-4F259F9E67CD changes role from LEADER to FOLLOWER at term 3 for stepDown
2019-08-29 08:33:58,127 [grpc-default-executor-3] WARN  server.GrpcServerProtocolService (LogUtils.java:warn(134)) - 802c6c9d-4843-417e-8983-b6e40533cc1c: appendEntries onError: org.apache.ratis.thirdparty.io.grpc.StatusRuntimeException: CANCELLED: cancelled before receiving half close
2019-08-29 08:33:58,129 [Thread-468] INFO  impl.RoleInfo (RoleInfo.java:shutdownLeaderState(104)) - 129685ee-8122-4333-8930-3eeb8cf836af: shutdown LeaderState
2019-08-29 08:33:58,128 [main] INFO  server.GrpcService (GrpcService.java:closeImpl(163)) - 802c6c9d-4843-417e-8983-b6e40533cc1c: shutdown server with port 37103 successfully
2019-08-29 08:33:58,128 [Thread-431] INFO  impl.RaftServerImpl (RaftServerImpl.java:setRole(171)) - 4da055f9-cd9d-4c6f-9ab8-147a42717fcf:group-4C1082AB210C changes role from LEADER to FOLLOWER at term 2 for stepDown
2019-08-29 08:33:58,135 [grpc-default-executor-0] INFO  server.GrpcLogAppender (GrpcLogAppender.java:onError(281)) - GrpcLogAppender(129685ee-8122-4333-8930-3eeb8cf836af->802c6c9d-4843-417e-8983-b6e40533cc1c) is stopped
2019-08-29 08:33:58,135 [org.apache.ratis.server.impl.LogAppender$AppenderDaemon$$Lambda$517/355638001@5284611c] WARN  server.GrpcLogAppender (GrpcLogAppender.java:mayWait(143)) - GrpcLogAppender(129685ee-8122-4333-8930-3eeb8cf836af->fe546585-3c52-42ae-8754-1a35dad17d3f): Wait interrupted by java.lang.InterruptedException
2019-08-29 08:33:58,133 [grpc-default-executor-4] WARN  server.GrpcLogAppender (LogUtils.java:warn(134)) - 129685ee-8122-4333-8930-3eeb8cf836af->802c6c9d-4843-417e-8983-b6e40533cc1c: Failed appendEntries: org.apache.ratis.thirdparty.io.grpc.StatusRuntimeException: CANCELLED: HTTP/2 error code: CANCEL
Received Rst Stream
2019-08-29 08:33:58,133 [Thread-468] INFO  impl.PendingRequests (PendingRequests.java:sendNotLeaderResponses(202)) - 129685ee-8122-4333-8930-3eeb8cf836af-PendingRequests: sendNotLeaderResponses
2019-08-29 08:33:58,135 [org.apache.ratis.server.impl.LogAppender$AppenderDaemon$$Lambda$517/355638001@1786ed88] WARN  server.GrpcLogAppender (GrpcLogAppender.java:mayWait(143)) - GrpcLogAppender(129685ee-8122-4333-8930-3eeb8cf836af->802c6c9d-4843-417e-8983-b6e40533cc1c): Wait interrupted by java.lang.InterruptedException
2019-08-29 08:33:58,135 [grpc-default-executor-3] INFO  impl.RaftServerImpl (ServerState.java:setLeader(263)) - 02bf3283-c6bf-4588-a57c-baa459038378:group-4C1082AB210C change Leader from 4da055f9-cd9d-4c6f-9ab8-147a42717fcf to null at term 2 for updateCurrentTerm
2019-08-29 08:33:58,136 [grpc-default-executor-3] INFO  impl.RaftServerImpl (RaftServerImpl.java:setRole(171)) - 02bf3283-c6bf-4588-a57c-baa459038378:group-4C1082AB210C changes role from FOLLOWER to FOLLOWER at term 2 for recognizeCandidate:f0c18ce4-0e5b-4823-99c8-fd716531bc5f
2019-08-29 08:33:58,135 [Thread-431] INFO  impl.RoleInfo (RoleInfo.java:shutdownLeaderState(104)) - 4da055f9-cd9d-4c6f-9ab8-147a42717fcf: shutdown LeaderState
2019-08-29 08:33:58,137 [grpc-default-executor-3] INFO  impl.RoleInfo (RoleInfo.java:shutdownFollowerState(121)) - 02bf3283-c6bf-4588-a57c-baa459038378: shutdown FollowerState
2019-08-29 08:33:58,136 [main] INFO  utils.BackgroundService (BackgroundService.java:shutdown(148)) - Shutting down service BlockDeletingService
2019-08-29 08:33:58,136 [grpc-default-executor-4] INFO  impl.FollowerInfo (FollowerInfo.java:lambda$new$0(50)) - 129685ee-8122-4333-8930-3eeb8cf836af->802c6c9d-4843-417e-8983-b6e40533cc1c: nextIndex: updateUnconditionally 1 -> 0
2019-08-29 08:33:58,141 [org.apache.ratis.server.impl.LogAppender$AppenderDaemon$$Lambda$517/355638001@41874b2e] WARN  server.GrpcLogAppender (GrpcLogAppender.java:mayWait(143)) - GrpcLogAppender(4da055f9-cd9d-4c6f-9ab8-147a42717fcf->02bf3283-c6bf-4588-a57c-baa459038378): Wait interrupted by java.lang.InterruptedException
2019-08-29 08:33:58,141 [Thread-428] INFO  impl.FollowerState (FollowerState.java:run(114)) - 02bf3283-c6bf-4588-a57c-baa459038378: FollowerState was interrupted: java.lang.InterruptedException: sleep interrupted
2019-08-29 08:33:58,140 [grpc-default-executor-3] INFO  impl.RoleInfo (RoleInfo.java:updateAndGet(143)) - 02bf3283-c6bf-4588-a57c-baa459038378: start FollowerState
2019-08-29 08:33:58,140 [org.apache.ratis.server.impl.LogAppender$AppenderDaemon$$Lambda$517/355638001@485dd7a] WARN  server.GrpcLogAppender (GrpcLogAppender.java:mayWait(143)) - GrpcLogAppender(4da055f9-cd9d-4c6f-9ab8-147a42717fcf->f0c18ce4-0e5b-4823-99c8-fd716531bc5f): Wait interrupted by java.lang.InterruptedException
2019-08-29 08:33:58,140 [Thread-431] INFO  impl.PendingRequests (PendingRequests.java:sendNotLeaderResponses(202)) - 4da055f9-cd9d-4c6f-9ab8-147a42717fcf-PendingRequests: sendNotLeaderResponses
2019-08-29 08:33:58,144 [grpc-default-executor-4] INFO  server.GrpcServerProtocolService (GrpcServerProtocolService.java:onCompleted(104)) - 02bf3283-c6bf-4588-a57c-baa459038378: appendEntries completed
2019-08-29 08:33:58,144 [grpc-default-executor-0] INFO  server.GrpcServerProtocolService (GrpcServerProtocolService.java:onCompleted(104)) - f0c18ce4-0e5b-4823-99c8-fd716531bc5f: appendEntries completed
2019-08-29 08:33:58,145 [grpc-default-executor-0] INFO  server.GrpcLogAppender (GrpcLogAppender.java:onCompleted(292)) - 4da055f9-cd9d-4c6f-9ab8-147a42717fcf->02bf3283-c6bf-4588-a57c-baa459038378: follower responses appendEntries COMPLETED
2019-08-29 08:33:58,146 [grpc-default-executor-0] INFO  impl.FollowerInfo (FollowerInfo.java:lambda$new$0(50)) - 4da055f9-cd9d-4c6f-9ab8-147a42717fcf->02bf3283-c6bf-4588-a57c-baa459038378: nextIndex: updateUnconditionally 12 -> 11
2019-08-29 08:33:58,146 [refreshUsed-/workdir/hadoop-ozone/integration-test/target/test-dir/MiniOzoneClusterImpl-839c4a83-1072-4184-a39a-41aa01fb846d/datanode-4/data/containers] WARN  fs.CachingGetSpaceUsed (CachingGetSpaceUsed.java:run(183)) - Thread Interrupted waiting to refresh disk information: sleep interrupted
2019-08-29 08:33:58,148 [Thread-468] INFO  impl.RoleInfo (RoleInfo.java:updateAndGet(143)) - 129685ee-8122-4333-8930-3eeb8cf836af: start FollowerState
2019-08-29 08:33:58,148 [Thread-431] INFO  impl.RoleInfo (RoleInfo.java:updateAndGet(143)) - 4da055f9-cd9d-4c6f-9ab8-147a42717fcf: start FollowerState
2019-08-29 08:33:58,163 [main] INFO  statemachine.DatanodeStateMachine (DatanodeStateMachine.java:stopDaemon(395)) - Ozone container server stopped.
2019-08-29 08:33:58,164 [main] INFO  handler.ContextHandler (ContextHandler.java:doStop(910)) - Stopped o.e.j.w.WebAppContext@48f2054d{/,null,UNAVAILABLE}{/hddsDatanode}
2019-08-29 08:33:58,164 [main] INFO  server.AbstractConnector (AbstractConnector.java:doStop(318)) - Stopped ServerConnector@4b3a01d8{HTTP/1.1,[http/1.1]}{0.0.0.0:0}
2019-08-29 08:33:58,165 [main] INFO  handler.ContextHandler (ContextHandler.java:doStop(910)) - Stopped o.e.j.s.ServletContextHandler@7b297740{/static,jar:file:/home/user/.m2/repository/org/apache/hadoop/hadoop-hdds-container-service/0.5.0-SNAPSHOT/hadoop-hdds-container-service-0.5.0-SNAPSHOT.jar!/webapps/static,UNAVAILABLE}
2019-08-29 08:33:58,165 [main] INFO  handler.ContextHandler (ContextHandler.java:doStop(910)) - Stopped o.e.j.s.ServletContextHandler@7a36c83a{/logs,file:///workdir/hadoop-ozone/integration-test/target/log,UNAVAILABLE}
2019-08-29 08:33:58,184 [grpc-default-executor-6] INFO  impl.RaftServerImpl (RaftServerImpl.java:setRole(171)) - 4da055f9-cd9d-4c6f-9ab8-147a42717fcf:group-4C1082AB210C changes role from FOLLOWER to FOLLOWER at term 2 for recognizeCandidate:f0c18ce4-0e5b-4823-99c8-fd716531bc5f
2019-08-29 08:33:58,184 [grpc-default-executor-2] INFO  impl.RaftServerImpl (RaftServerImpl.java:setRole(171)) - 129685ee-8122-4333-8930-3eeb8cf836af:group-4F259F9E67CD changes role from FOLLOWER to FOLLOWER at term 3 for recognizeCandidate:802c6c9d-4843-417e-8983-b6e40533cc1c
2019-08-29 08:33:58,184 [grpc-default-executor-6] INFO  impl.RoleInfo (RoleInfo.java:shutdownFollowerState(121)) - 4da055f9-cd9d-4c6f-9ab8-147a42717fcf: shutdown FollowerState
2019-08-29 08:33:58,184 [grpc-default-executor-2] INFO  impl.RoleInfo (RoleInfo.java:shutdownFollowerState(121)) - 129685ee-8122-4333-8930-3eeb8cf836af: shutdown FollowerState
2019-08-29 08:33:58,184 [Thread-883] INFO  impl.FollowerState (FollowerState.java:run(114)) - 4da055f9-cd9d-4c6f-9ab8-147a42717fcf: FollowerState was interrupted: java.lang.InterruptedException: sleep interrupted
2019-08-29 08:33:58,184 [grpc-default-executor-6] INFO  impl.RoleInfo (RoleInfo.java:updateAndGet(143)) - 4da055f9-cd9d-4c6f-9ab8-147a42717fcf: start FollowerState
2019-08-29 08:33:58,186 [Thread-884] INFO  impl.FollowerState (FollowerState.java:run(114)) - 129685ee-8122-4333-8930-3eeb8cf836af: FollowerState was interrupted: java.lang.InterruptedException: sleep interrupted
2019-08-29 08:33:58,185 [grpc-default-executor-2] INFO  impl.RoleInfo (RoleInfo.java:updateAndGet(143)) - 129685ee-8122-4333-8930-3eeb8cf836af: start FollowerState
2019-08-29 08:33:58,219 [grpc-default-executor-5] INFO  server.GrpcLogAppender (GrpcLogAppender.java:onCompleted(292)) - 4da055f9-cd9d-4c6f-9ab8-147a42717fcf->f0c18ce4-0e5b-4823-99c8-fd716531bc5f: follower responses appendEntries COMPLETED
2019-08-29 08:33:58,219 [grpc-default-executor-5] INFO  impl.FollowerInfo (FollowerInfo.java:lambda$new$0(50)) - 4da055f9-cd9d-4c6f-9ab8-147a42717fcf->f0c18ce4-0e5b-4823-99c8-fd716531bc5f: nextIndex: updateUnconditionally 12 -> 11
2019-08-29 08:33:58,220 [grpc-default-executor-5] WARN  server.GrpcLogAppender (LogUtils.java:warn(134)) - 129685ee-8122-4333-8930-3eeb8cf836af->fe546585-3c52-42ae-8754-1a35dad17d3f: Failed appendEntries: org.apache.ratis.thirdparty.io.grpc.StatusRuntimeException: UNAVAILABLE: io exception
2019-08-29 08:33:58,224 [grpc-default-executor-5] INFO  impl.FollowerInfo (FollowerInfo.java:lambda$new$0(50)) - 129685ee-8122-4333-8930-3eeb8cf836af->fe546585-3c52-42ae-8754-1a35dad17d3f: nextIndex: updateUnconditionally 0 -> 0
2019-08-29 08:33:58,264 | INFO  | SCMAudit | user=jenkins1000 | ip=192.168.69.89 | op=SEND_HEARTBEAT {datanodeUUID=129685ee-8122-4333-8930-3eeb8cf836af, command=[]} | ret=SUCCESS |  
2019-08-29 08:33:58,386 | INFO  | SCMAudit | user=jenkins1000 | ip=192.168.69.89 | op=SEND_HEARTBEAT {datanodeUUID=7a9bfe55-9a1e-4d2f-9ebd-558835cfe40a, command=[]} | ret=SUCCESS |  
2019-08-29 08:33:58,509 | INFO  | SCMAudit | user=jenkins1000 | ip=192.168.69.89 | op=SEND_HEARTBEAT {datanodeUUID=f0c18ce4-0e5b-4823-99c8-fd716531bc5f, command=[]} | ret=SUCCESS |  
2019-08-29 08:33:58,509 | INFO  | SCMAudit | user=jenkins1000 | ip=192.168.69.89 | op=SEND_HEARTBEAT {datanodeUUID=4da055f9-cd9d-4c6f-9ab8-147a42717fcf, command=[]} | ret=SUCCESS |  
2019-08-29 08:33:58,511 | INFO  | SCMAudit | user=jenkins1000 | ip=192.168.69.89 | op=SEND_HEARTBEAT {datanodeUUID=02bf3283-c6bf-4588-a57c-baa459038378, command=[]} | ret=SUCCESS |  
2019-08-29 08:33:58,581 [grpc-default-executor-3] WARN  server.GrpcLogAppender (LogUtils.java:warn(134)) - 129685ee-8122-4333-8930-3eeb8cf836af->802c6c9d-4843-417e-8983-b6e40533cc1c: Failed appendEntries: org.apache.ratis.thirdparty.io.grpc.StatusRuntimeException: UNAVAILABLE: io exception
2019-08-29 08:33:58,584 [grpc-default-executor-3] INFO  impl.FollowerInfo (FollowerInfo.java:lambda$new$0(50)) - 129685ee-8122-4333-8930-3eeb8cf836af->802c6c9d-4843-417e-8983-b6e40533cc1c: nextIndex: updateUnconditionally 0 -> 0
2019-08-29 08:33:58,674 | INFO  | SCMAudit | user=jenkins1000 | ip=192.168.69.89 | op=SEND_HEARTBEAT {datanodeUUID=e7b9916e-4eca-4156-a086-839e4ffd13a0, command=[]} | ret=SUCCESS |  
2019-08-29 08:33:58,674 | INFO  | SCMAudit | user=jenkins1000 | ip=192.168.69.89 | op=SEND_HEARTBEAT {datanodeUUID=99586f2f-9d87-40a3-9061-4566008201fd, command=[]} | ret=SUCCESS |  
2019-08-29 08:33:58,675 | INFO  | SCMAudit | user=jenkins1000 | ip=192.168.69.89 | op=SEND_HEARTBEAT {datanodeUUID=bcbb4469-e902-4083-b3d9-1bab9ea4cd29, command=[]} | ret=SUCCESS |  
2019-08-29 08:33:58,721 [grpc-default-executor-5] WARN  server.GrpcLogAppender (LogUtils.java:warn(134)) - 129685ee-8122-4333-8930-3eeb8cf836af->fe546585-3c52-42ae-8754-1a35dad17d3f: Failed appendEntries: org.apache.ratis.thirdparty.io.grpc.StatusRuntimeException: UNAVAILABLE: io exception
2019-08-29 08:33:58,725 [grpc-default-executor-5] INFO  impl.FollowerInfo (FollowerInfo.java:lambda$new$0(50)) - 129685ee-8122-4333-8930-3eeb8cf836af->fe546585-3c52-42ae-8754-1a35dad17d3f: nextIndex: updateUnconditionally 0 -> 0
2019-08-29 08:33:59,081 [grpc-default-executor-5] WARN  server.GrpcLogAppender (LogUtils.java:warn(134)) - 129685ee-8122-4333-8930-3eeb8cf836af->802c6c9d-4843-417e-8983-b6e40533cc1c: Failed appendEntries: org.apache.ratis.thirdparty.io.grpc.StatusRuntimeException: UNAVAILABLE: io exception
2019-08-29 08:33:59,085 [grpc-default-executor-5] INFO  impl.FollowerInfo (FollowerInfo.java:lambda$new$0(50)) - 129685ee-8122-4333-8930-3eeb8cf836af->802c6c9d-4843-417e-8983-b6e40533cc1c: nextIndex: updateUnconditionally 0 -> 0
2019-08-29 08:33:59,205 [grpc-default-executor-3] INFO  client.GrpcClientProtocolClient (GrpcClientProtocolClient.java:onNext(255)) - client-7BEC2072577B->4da055f9-cd9d-4c6f-9ab8-147a42717fcf: receive RaftClientReply:client-7BEC2072577B->4da055f9-cd9d-4c6f-9ab8-147a42717fcf@group-4C1082AB210C, cid=58, FAILED org.apache.ratis.protocol.NotLeaderException: Server 4da055f9-cd9d-4c6f-9ab8-147a42717fcf is not the leader (null). Request must be sent to leader., logIndex=0, commits[4da055f9-cd9d-4c6f-9ab8-147a42717fcf:c11, 02bf3283-c6bf-4588-a57c-baa459038378:c11, f0c18ce4-0e5b-4823-99c8-fd716531bc5f:c11]
2019-08-29 08:33:59,223 [grpc-default-executor-6] WARN  server.GrpcLogAppender (LogUtils.java:warn(134)) - 129685ee-8122-4333-8930-3eeb8cf836af->fe546585-3c52-42ae-8754-1a35dad17d3f: Failed appendEntries: org.apache.ratis.thirdparty.io.grpc.StatusRuntimeException: UNAVAILABLE: io exception
2019-08-29 08:33:59,225 [grpc-default-executor-6] INFO  impl.FollowerInfo (FollowerInfo.java:lambda$new$0(50)) - 129685ee-8122-4333-8930-3eeb8cf836af->fe546585-3c52-42ae-8754-1a35dad17d3f: nextIndex: updateUnconditionally 0 -> 0
2019-08-29 08:33:59,252 [Thread-882] INFO  impl.FollowerState (FollowerState.java:run(106)) - 02bf3283-c6bf-4588-a57c-baa459038378:group-4C1082AB210C changes to CANDIDATE, lastRpcTime:1111, electionTimeout:1106ms
2019-08-29 08:33:59,252 [Thread-882] INFO  impl.RoleInfo (RoleInfo.java:shutdownFollowerState(121)) - 02bf3283-c6bf-4588-a57c-baa459038378: shutdown FollowerState
2019-08-29 08:33:59,252 [Thread-882] INFO  impl.RaftServerImpl (RaftServerImpl.java:setRole(171)) - 02bf3283-c6bf-4588-a57c-baa459038378:group-4C1082AB210C changes role from FOLLOWER to CANDIDATE at term 2 for changeToCandidate
2019-08-29 08:33:59,252 [Thread-882] INFO  impl.RoleInfo (RoleInfo.java:updateAndGet(143)) - 02bf3283-c6bf-4588-a57c-baa459038378: start LeaderElection
2019-08-29 08:33:59,264 | INFO  | SCMAudit | user=jenkins1000 | ip=192.168.69.89 | op=SEND_HEARTBEAT {datanodeUUID=129685ee-8122-4333-8930-3eeb8cf836af, command=[]} | ret=SUCCESS |  
2019-08-29 08:33:59,296 [02bf3283-c6bf-4588-a57c-baa459038378:group-4C1082AB210C:LeaderElection28] INFO  impl.LeaderElection (LeaderElection.java:askForVotes(181)) - 02bf3283-c6bf-4588-a57c-baa459038378:group-4C1082AB210C:LeaderElection28: begin an election at term 3 for 0: [4da055f9-cd9d-4c6f-9ab8-147a42717fcf:192.168.69.89:41539, 02bf3283-c6bf-4588-a57c-baa459038378:192.168.69.89:46486, f0c18ce4-0e5b-4823-99c8-fd716531bc5f:192.168.69.89:36167], old=null
2019-08-29 08:33:59,302 [grpc-default-executor-5] INFO  impl.RaftServerImpl (RaftServerImpl.java:setRole(171)) - f0c18ce4-0e5b-4823-99c8-fd716531bc5f:group-4C1082AB210C changes role from FOLLOWER to FOLLOWER at term 3 for recognizeCandidate:02bf3283-c6bf-4588-a57c-baa459038378
2019-08-29 08:33:59,302 [grpc-default-executor-6] INFO  impl.RaftServerImpl (RaftServerImpl.java:setRole(171)) - 4da055f9-cd9d-4c6f-9ab8-147a42717fcf:group-4C1082AB210C changes role from FOLLOWER to FOLLOWER at term 3 for recognizeCandidate:02bf3283-c6bf-4588-a57c-baa459038378
2019-08-29 08:33:59,303 [grpc-default-executor-5] INFO  impl.RoleInfo (RoleInfo.java:shutdownFollowerState(121)) - f0c18ce4-0e5b-4823-99c8-fd716531bc5f: shutdown FollowerState
2019-08-29 08:33:59,303 [grpc-default-executor-6] INFO  impl.RoleInfo (RoleInfo.java:shutdownFollowerState(121)) - 4da055f9-cd9d-4c6f-9ab8-147a42717fcf: shutdown FollowerState
2019-08-29 08:33:59,303 [Thread-875] INFO  impl.FollowerState (FollowerState.java:run(114)) - f0c18ce4-0e5b-4823-99c8-fd716531bc5f: FollowerState was interrupted: java.lang.InterruptedException: sleep interrupted
2019-08-29 08:33:59,303 [Thread-886] INFO  impl.FollowerState (FollowerState.java:run(114)) - 4da055f9-cd9d-4c6f-9ab8-147a42717fcf: FollowerState was interrupted: java.lang.InterruptedException: sleep interrupted
2019-08-29 08:33:59,303 [grpc-default-executor-5] INFO  impl.RoleInfo (RoleInfo.java:updateAndGet(143)) - f0c18ce4-0e5b-4823-99c8-fd716531bc5f: start FollowerState
2019-08-29 08:33:59,309 [Thread-887] INFO  impl.FollowerState (FollowerState.java:run(106)) - 129685ee-8122-4333-8930-3eeb8cf836af:group-4F259F9E67CD changes to CANDIDATE, lastRpcTime:1122, electionTimeout:1118ms
2019-08-29 08:33:59,303 [grpc-default-executor-6] INFO  impl.RoleInfo (RoleInfo.java:updateAndGet(143)) - 4da055f9-cd9d-4c6f-9ab8-147a42717fcf: start FollowerState
2019-08-29 08:33:59,310 [Thread-887] INFO  impl.RoleInfo (RoleInfo.java:shutdownFollowerState(121)) - 129685ee-8122-4333-8930-3eeb8cf836af: shutdown FollowerState
2019-08-29 08:33:59,310 [Thread-887] INFO  impl.RaftServerImpl (RaftServerImpl.java:setRole(171)) - 129685ee-8122-4333-8930-3eeb8cf836af:group-4F259F9E67CD changes role from FOLLOWER to CANDIDATE at term 3 for changeToCandidate
2019-08-29 08:33:59,310 [Thread-887] INFO  impl.RoleInfo (RoleInfo.java:updateAndGet(143)) - 129685ee-8122-4333-8930-3eeb8cf836af: start LeaderElection
2019-08-29 08:33:59,326 [129685ee-8122-4333-8930-3eeb8cf836af:group-4F259F9E67CD:LeaderElection29] INFO  impl.LeaderElection (LeaderElection.java:askForVotes(181)) - 129685ee-8122-4333-8930-3eeb8cf836af:group-4F259F9E67CD:LeaderElection29: begin an election at term 4 for 0: [802c6c9d-4843-417e-8983-b6e40533cc1c:192.168.69.89:37103, 129685ee-8122-4333-8930-3eeb8cf836af:192.168.69.89:45580, fe546585-3c52-42ae-8754-1a35dad17d3f:192.168.69.89:45996], old=null
2019-08-29 08:33:59,327 [02bf3283-c6bf-4588-a57c-baa459038378:group-4C1082AB210C:LeaderElection28] INFO  impl.LeaderElection (LeaderElection.java:logAndReturn(56)) - 02bf3283-c6bf-4588-a57c-baa459038378:group-4C1082AB210C:LeaderElection28: Election PASSED; received 1 response(s) [02bf3283-c6bf-4588-a57c-baa459038378<-4da055f9-cd9d-4c6f-9ab8-147a42717fcf#0:OK-t3] and 0 exception(s); 02bf3283-c6bf-4588-a57c-baa459038378:t3, leader=null, voted=02bf3283-c6bf-4588-a57c-baa459038378, raftlog=02bf3283-c6bf-4588-a57c-baa459038378-SegmentedRaftLog:OPENED:c11,f11,i11, conf=0: [4da055f9-cd9d-4c6f-9ab8-147a42717fcf:192.168.69.89:41539, 02bf3283-c6bf-4588-a57c-baa459038378:192.168.69.89:46486, f0c18ce4-0e5b-4823-99c8-fd716531bc5f:192.168.69.89:36167], old=null
2019-08-29 08:33:59,327 [02bf3283-c6bf-4588-a57c-baa459038378:group-4C1082AB210C:LeaderElection28] INFO  impl.RoleInfo (RoleInfo.java:shutdownLeaderElection(134)) - 02bf3283-c6bf-4588-a57c-baa459038378: shutdown LeaderElection
2019-08-29 08:33:59,327 [02bf3283-c6bf-4588-a57c-baa459038378:group-4C1082AB210C:LeaderElection28] INFO  impl.RaftServerImpl (RaftServerImpl.java:setRole(171)) - 02bf3283-c6bf-4588-a57c-baa459038378:group-4C1082AB210C changes role from CANDIDATE to LEADER at term 3 for changeToLeader
2019-08-29 08:33:59,328 [02bf3283-c6bf-4588-a57c-baa459038378:group-4C1082AB210C:LeaderElection28] INFO  impl.RaftServerImpl (ServerState.java:setLeader(263)) - 02bf3283-c6bf-4588-a57c-baa459038378:group-4C1082AB210C change Leader from null to 02bf3283-c6bf-4588-a57c-baa459038378 at term 3 for becomeLeader, leader elected after 1192ms
2019-08-29 08:33:59,328 [02bf3283-c6bf-4588-a57c-baa459038378:group-4C1082AB210C:LeaderElection28] INFO  server.RaftServerConfigKeys (ConfUtils.java:logGet(43)) - raft.server.staging.catchup.gap = 1000 (default)
2019-08-29 08:33:59,328 [02bf3283-c6bf-4588-a57c-baa459038378:group-4C1082AB210C:LeaderElection28] INFO  server.RaftServerConfigKeys (ConfUtils.java:logGet(43)) - raft.server.rpc.sleep.time = 25ms (default)
2019-08-29 08:33:59,328 [02bf3283-c6bf-4588-a57c-baa459038378:group-4C1082AB210C:LeaderElection28] INFO  server.RaftServerConfigKeys (ConfUtils.java:logGet(43)) - raft.server.write.element-limit = 4096 (default)
2019-08-29 08:33:59,329 [02bf3283-c6bf-4588-a57c-baa459038378:group-4C1082AB210C:LeaderElection28] INFO  server.RaftServerConfigKeys (ConfUtils.java:logGet(43)) - raft.server.watch.timeout = 10s (default)
2019-08-29 08:33:59,329 [02bf3283-c6bf-4588-a57c-baa459038378:group-4C1082AB210C:LeaderElection28] INFO  server.RaftServerConfigKeys (ConfUtils.java:logGet(43)) - raft.server.watch.timeout.denomination = 1s (default)
2019-08-29 08:33:59,329 [02bf3283-c6bf-4588-a57c-baa459038378:group-4C1082AB210C:LeaderElection28] INFO  server.RaftServerConfigKeys (ConfUtils.java:logGet(43)) - raft.server.watch.element-limit = 65536 (default)
2019-08-29 08:33:59,329 [129685ee-8122-4333-8930-3eeb8cf836af:group-4F259F9E67CD:LeaderElection29] INFO  impl.LeaderElection (LogUtils.java:infoOrTrace(149)) - 129685ee-8122-4333-8930-3eeb8cf836af:group-4F259F9E67CD:LeaderElection29 got exception when requesting votes: {}
java.util.concurrent.ExecutionException: org.apache.ratis.thirdparty.io.grpc.StatusRuntimeException: UNAVAILABLE: io exception
	at java.util.concurrent.FutureTask.report(FutureTask.java:122)
	at java.util.concurrent.FutureTask.get(FutureTask.java:192)
	at org.apache.ratis.server.impl.LeaderElection.waitForResults(LeaderElection.java:262)
	at org.apache.ratis.server.impl.LeaderElection.askForVotes(LeaderElection.java:200)
	at org.apache.ratis.server.impl.LeaderElection.run(LeaderElection.java:130)
	at java.lang.Thread.run(Thread.java:748)
Caused by: org.apache.ratis.thirdparty.io.grpc.StatusRuntimeException: UNAVAILABLE: io exception
	at org.apache.ratis.thirdparty.io.grpc.stub.ClientCalls.toStatusRuntimeException(ClientCalls.java:233)
	at org.apache.ratis.thirdparty.io.grpc.stub.ClientCalls.getUnchecked(ClientCalls.java:214)
	at org.apache.ratis.thirdparty.io.grpc.stub.ClientCalls.blockingUnaryCall(ClientCalls.java:139)
	at org.apache.ratis.proto.grpc.RaftServerProtocolServiceGrpc$RaftServerProtocolServiceBlockingStub.requestVote(RaftServerProtocolServiceGrpc.java:265)
	at org.apache.ratis.grpc.server.GrpcServerProtocolClient.requestVote(GrpcServerProtocolClient.java:83)
	at org.apache.ratis.grpc.server.GrpcService.requestVote(GrpcService.java:195)
	at org.apache.ratis.server.impl.LeaderElection.lambda$submitRequests$1(LeaderElection.java:237)
	at java.util.concurrent.FutureTask.run(FutureTask.java:266)
	at java.util.concurrent.Executors$RunnableAdapter.call(Executors.java:511)
	at java.util.concurrent.FutureTask.run(FutureTask.java:266)
	at java.util.concurrent.ThreadPoolExecutor.runWorker(ThreadPoolExecutor.java:1149)
	at java.util.concurrent.ThreadPoolExecutor$Worker.run(ThreadPoolExecutor.java:624)
	... 1 more
Caused by: org.apache.ratis.thirdparty.io.netty.channel.AbstractChannel$AnnotatedConnectException: Connection refused: /192.168.69.89:37103
	at sun.nio.ch.SocketChannelImpl.checkConnect(Native Method)
	at sun.nio.ch.SocketChannelImpl.finishConnect(SocketChannelImpl.java:717)
	at org.apache.ratis.thirdparty.io.netty.channel.socket.nio.NioSocketChannel.doFinishConnect(NioSocketChannel.java:327)
	at org.apache.ratis.thirdparty.io.netty.channel.nio.AbstractNioChannel$AbstractNioUnsafe.finishConnect(AbstractNioChannel.java:340)
	at org.apache.ratis.thirdparty.io.netty.channel.nio.NioEventLoop.processSelectedKey(NioEventLoop.java:632)
	at org.apache.ratis.thirdparty.io.netty.channel.nio.NioEventLoop.processSelectedKeysOptimized(NioEventLoop.java:579)
	at org.apache.ratis.thirdparty.io.netty.channel.nio.NioEventLoop.processSelectedKeys(NioEventLoop.java:496)
	at org.apache.ratis.thirdparty.io.netty.channel.nio.NioEventLoop.run(NioEventLoop.java:458)
	at org.apache.ratis.thirdparty.io.netty.util.concurrent.SingleThreadEventExecutor$5.run(SingleThreadEventExecutor.java:897)
	at org.apache.ratis.thirdparty.io.netty.util.concurrent.FastThreadLocalRunnable.run(FastThreadLocalRunnable.java:30)
	... 1 more
Caused by: java.net.ConnectException: Connection refused
	... 11 more
2019-08-29 08:33:59,329 [02bf3283-c6bf-4588-a57c-baa459038378:group-4C1082AB210C:LeaderElection28] INFO  server.RaftServerConfigKeys (ConfUtils.java:logGet(43)) - raft.server.log.appender.snapshot.chunk.size.max = 16MB (=16777216) (default)
2019-08-29 08:33:59,333 [129685ee-8122-4333-8930-3eeb8cf836af:group-4F259F9E67CD:LeaderElection29] INFO  impl.LeaderElection (LogUtils.java:infoOrTrace(149)) - 129685ee-8122-4333-8930-3eeb8cf836af:group-4F259F9E67CD:LeaderElection29 got exception when requesting votes: {}
java.util.concurrent.ExecutionException: org.apache.ratis.thirdparty.io.grpc.StatusRuntimeException: UNAVAILABLE: io exception
	at java.util.concurrent.FutureTask.report(FutureTask.java:122)
	at java.util.concurrent.FutureTask.get(FutureTask.java:192)
	at org.apache.ratis.server.impl.LeaderElection.waitForResults(LeaderElection.java:262)
	at org.apache.ratis.server.impl.LeaderElection.askForVotes(LeaderElection.java:200)
	at org.apache.ratis.server.impl.LeaderElection.run(LeaderElection.java:130)
	at java.lang.Thread.run(Thread.java:748)
Caused by: org.apache.ratis.thirdparty.io.grpc.StatusRuntimeException: UNAVAILABLE: io exception
	at org.apache.ratis.thirdparty.io.grpc.stub.ClientCalls.toStatusRuntimeException(ClientCalls.java:233)
	at org.apache.ratis.thirdparty.io.grpc.stub.ClientCalls.getUnchecked(ClientCalls.java:214)
	at org.apache.ratis.thirdparty.io.grpc.stub.ClientCalls.blockingUnaryCall(ClientCalls.java:139)
	at org.apache.ratis.proto.grpc.RaftServerProtocolServiceGrpc$RaftServerProtocolServiceBlockingStub.requestVote(RaftServerProtocolServiceGrpc.java:265)
	at org.apache.ratis.grpc.server.GrpcServerProtocolClient.requestVote(GrpcServerProtocolClient.java:83)
	at org.apache.ratis.grpc.server.GrpcService.requestVote(GrpcService.java:195)
	at org.apache.ratis.server.impl.LeaderElection.lambda$submitRequests$1(LeaderElection.java:237)
	at java.util.concurrent.FutureTask.run(FutureTask.java:266)
	at java.util.concurrent.Executors$RunnableAdapter.call(Executors.java:511)
	at java.util.concurrent.FutureTask.run(FutureTask.java:266)
	at java.util.concurrent.ThreadPoolExecutor.runWorker(ThreadPoolExecutor.java:1149)
	at java.util.concurrent.ThreadPoolExecutor$Worker.run(ThreadPoolExecutor.java:624)
	... 1 more
Caused by: org.apache.ratis.thirdparty.io.netty.channel.AbstractChannel$AnnotatedConnectException: Connection refused: /192.168.69.89:45996
	at sun.nio.ch.SocketChannelImpl.checkConnect(Native Method)
	at sun.nio.ch.SocketChannelImpl.finishConnect(SocketChannelImpl.java:717)
	at org.apache.ratis.thirdparty.io.netty.channel.socket.nio.NioSocketChannel.doFinishConnect(NioSocketChannel.java:327)
	at org.apache.ratis.thirdparty.io.netty.channel.nio.AbstractNioChannel$AbstractNioUnsafe.finishConnect(AbstractNioChannel.java:340)
	at org.apache.ratis.thirdparty.io.netty.channel.nio.NioEventLoop.processSelectedKey(NioEventLoop.java:632)
	at org.apache.ratis.thirdparty.io.netty.channel.nio.NioEventLoop.processSelectedKeysOptimized(NioEventLoop.java:579)
	at org.apache.ratis.thirdparty.io.netty.channel.nio.NioEventLoop.processSelectedKeys(NioEventLoop.java:496)
	at org.apache.ratis.thirdparty.io.netty.channel.nio.NioEventLoop.run(NioEventLoop.java:458)
	at org.apache.ratis.thirdparty.io.netty.util.concurrent.SingleThreadEventExecutor$5.run(SingleThreadEventExecutor.java:897)
	at org.apache.ratis.thirdparty.io.netty.util.concurrent.FastThreadLocalRunnable.run(FastThreadLocalRunnable.java:30)
	... 1 more
Caused by: java.net.ConnectException: Connection refused
	... 11 more
2019-08-29 08:33:59,333 [02bf3283-c6bf-4588-a57c-baa459038378:group-4C1082AB210C:LeaderElection28] INFO  server.RaftServerConfigKeys (ConfUtils.java:logGet(43)) - raft.server.log.appender.buffer.byte-limit = 33554432 (custom)
2019-08-29 08:33:59,336 [129685ee-8122-4333-8930-3eeb8cf836af:group-4F259F9E67CD:LeaderElection29] INFO  impl.LeaderElection (LeaderElection.java:logAndReturn(56)) - 129685ee-8122-4333-8930-3eeb8cf836af:group-4F259F9E67CD:LeaderElection29: Election REJECTED; received 0 response(s) [] and 2 exception(s); 129685ee-8122-4333-8930-3eeb8cf836af:t4, leader=null, voted=129685ee-8122-4333-8930-3eeb8cf836af, raftlog=129685ee-8122-4333-8930-3eeb8cf836af-SegmentedRaftLog:OPENED:c16,f16,i16, conf=0: [802c6c9d-4843-417e-8983-b6e40533cc1c:192.168.69.89:37103, 129685ee-8122-4333-8930-3eeb8cf836af:192.168.69.89:45580, fe546585-3c52-42ae-8754-1a35dad17d3f:192.168.69.89:45996], old=null
2019-08-29 08:33:59,337 [02bf3283-c6bf-4588-a57c-baa459038378:group-4C1082AB210C:LeaderElection28] INFO  server.RaftServerConfigKeys (ConfUtils.java:logGet(43)) - raft.server.log.appender.buffer.element-limit = 1 (custom)
2019-08-29 08:33:59,337 [129685ee-8122-4333-8930-3eeb8cf836af:group-4F259F9E67CD:LeaderElection29] INFO  impl.LeaderElection (LogUtils.java:infoOrTrace(149)) -   Exception 0: {}
java.util.concurrent.ExecutionException: org.apache.ratis.thirdparty.io.grpc.StatusRuntimeException: UNAVAILABLE: io exception
	at java.util.concurrent.FutureTask.report(FutureTask.java:122)
	at java.util.concurrent.FutureTask.get(FutureTask.java:192)
	at org.apache.ratis.server.impl.LeaderElection.waitForResults(LeaderElection.java:262)
	at org.apache.ratis.server.impl.LeaderElection.askForVotes(LeaderElection.java:200)
	at org.apache.ratis.server.impl.LeaderElection.run(LeaderElection.java:130)
	at java.lang.Thread.run(Thread.java:748)
Caused by: org.apache.ratis.thirdparty.io.grpc.StatusRuntimeException: UNAVAILABLE: io exception
	at org.apache.ratis.thirdparty.io.grpc.stub.ClientCalls.toStatusRuntimeException(ClientCalls.java:233)
	at org.apache.ratis.thirdparty.io.grpc.stub.ClientCalls.getUnchecked(ClientCalls.java:214)
	at org.apache.ratis.thirdparty.io.grpc.stub.ClientCalls.blockingUnaryCall(ClientCalls.java:139)
	at org.apache.ratis.proto.grpc.RaftServerProtocolServiceGrpc$RaftServerProtocolServiceBlockingStub.requestVote(RaftServerProtocolServiceGrpc.java:265)
	at org.apache.ratis.grpc.server.GrpcServerProtocolClient.requestVote(GrpcServerProtocolClient.java:83)
	at org.apache.ratis.grpc.server.GrpcService.requestVote(GrpcService.java:195)
	at org.apache.ratis.server.impl.LeaderElection.lambda$submitRequests$1(LeaderElection.java:237)
	at java.util.concurrent.FutureTask.run(FutureTask.java:266)
	at java.util.concurrent.Executors$RunnableAdapter.call(Executors.java:511)
	at java.util.concurrent.FutureTask.run(FutureTask.java:266)
	at java.util.concurrent.ThreadPoolExecutor.runWorker(ThreadPoolExecutor.java:1149)
	at java.util.concurrent.ThreadPoolExecutor$Worker.run(ThreadPoolExecutor.java:624)
	... 1 more
Caused by: org.apache.ratis.thirdparty.io.netty.channel.AbstractChannel$AnnotatedConnectException: Connection refused: /192.168.69.89:37103
	at sun.nio.ch.SocketChannelImpl.checkConnect(Native Method)
	at sun.nio.ch.SocketChannelImpl.finishConnect(SocketChannelImpl.java:717)
	at org.apache.ratis.thirdparty.io.netty.channel.socket.nio.NioSocketChannel.doFinishConnect(NioSocketChannel.java:327)
	at org.apache.ratis.thirdparty.io.netty.channel.nio.AbstractNioChannel$AbstractNioUnsafe.finishConnect(AbstractNioChannel.java:340)
	at org.apache.ratis.thirdparty.io.netty.channel.nio.NioEventLoop.processSelectedKey(NioEventLoop.java:632)
	at org.apache.ratis.thirdparty.io.netty.channel.nio.NioEventLoop.processSelectedKeysOptimized(NioEventLoop.java:579)
	at org.apache.ratis.thirdparty.io.netty.channel.nio.NioEventLoop.processSelectedKeys(NioEventLoop.java:496)
	at org.apache.ratis.thirdparty.io.netty.channel.nio.NioEventLoop.run(NioEventLoop.java:458)
	at org.apache.ratis.thirdparty.io.netty.util.concurrent.SingleThreadEventExecutor$5.run(SingleThreadEventExecutor.java:897)
	at org.apache.ratis.thirdparty.io.netty.util.concurrent.FastThreadLocalRunnable.run(FastThreadLocalRunnable.java:30)
	... 1 more
Caused by: java.net.ConnectException: Connection refused
	... 11 more
2019-08-29 08:33:59,337 [02bf3283-c6bf-4588-a57c-baa459038378:group-4C1082AB210C:LeaderElection28] INFO  grpc.GrpcConfigKeys$Server (ConfUtils.java:logGet(43)) - raft.grpc.server.leader.outstanding.appends.max = 128 (default)
2019-08-29 08:33:59,338 [129685ee-8122-4333-8930-3eeb8cf836af:group-4F259F9E67CD:LeaderElection29] INFO  impl.LeaderElection (LogUtils.java:infoOrTrace(149)) -   Exception 1: {}
java.util.concurrent.ExecutionException: org.apache.ratis.thirdparty.io.grpc.StatusRuntimeException: UNAVAILABLE: io exception
	at java.util.concurrent.FutureTask.report(FutureTask.java:122)
	at java.util.concurrent.FutureTask.get(FutureTask.java:192)
	at org.apache.ratis.server.impl.LeaderElection.waitForResults(LeaderElection.java:262)
	at org.apache.ratis.server.impl.LeaderElection.askForVotes(LeaderElection.java:200)
	at org.apache.ratis.server.impl.LeaderElection.run(LeaderElection.java:130)
	at java.lang.Thread.run(Thread.java:748)
Caused by: org.apache.ratis.thirdparty.io.grpc.StatusRuntimeException: UNAVAILABLE: io exception
	at org.apache.ratis.thirdparty.io.grpc.stub.ClientCalls.toStatusRuntimeException(ClientCalls.java:233)
	at org.apache.ratis.thirdparty.io.grpc.stub.ClientCalls.getUnchecked(ClientCalls.java:214)
	at org.apache.ratis.thirdparty.io.grpc.stub.ClientCalls.blockingUnaryCall(ClientCalls.java:139)
	at org.apache.ratis.proto.grpc.RaftServerProtocolServiceGrpc$RaftServerProtocolServiceBlockingStub.requestVote(RaftServerProtocolServiceGrpc.java:265)
	at org.apache.ratis.grpc.server.GrpcServerProtocolClient.requestVote(GrpcServerProtocolClient.java:83)
	at org.apache.ratis.grpc.server.GrpcService.requestVote(GrpcService.java:195)
	at org.apache.ratis.server.impl.LeaderElection.lambda$submitRequests$1(LeaderElection.java:237)
	at java.util.concurrent.FutureTask.run(FutureTask.java:266)
	at java.util.concurrent.Executors$RunnableAdapter.call(Executors.java:511)
	at java.util.concurrent.FutureTask.run(FutureTask.java:266)
	at java.util.concurrent.ThreadPoolExecutor.runWorker(ThreadPoolExecutor.java:1149)
	at java.util.concurrent.ThreadPoolExecutor$Worker.run(ThreadPoolExecutor.java:624)
	... 1 more
Caused by: org.apache.ratis.thirdparty.io.netty.channel.AbstractChannel$AnnotatedConnectException: Connection refused: /192.168.69.89:45996
	at sun.nio.ch.SocketChannelImpl.checkConnect(Native Method)
	at sun.nio.ch.SocketChannelImpl.finishConnect(SocketChannelImpl.java:717)
	at org.apache.ratis.thirdparty.io.netty.channel.socket.nio.NioSocketChannel.doFinishConnect(NioSocketChannel.java:327)
	at org.apache.ratis.thirdparty.io.netty.channel.nio.AbstractNioChannel$AbstractNioUnsafe.finishConnect(AbstractNioChannel.java:340)
	at org.apache.ratis.thirdparty.io.netty.channel.nio.NioEventLoop.processSelectedKey(NioEventLoop.java:632)
	at org.apache.ratis.thirdparty.io.netty.channel.nio.NioEventLoop.processSelectedKeysOptimized(NioEventLoop.java:579)
	at org.apache.ratis.thirdparty.io.netty.channel.nio.NioEventLoop.processSelectedKeys(NioEventLoop.java:496)
	at org.apache.ratis.thirdparty.io.netty.channel.nio.NioEventLoop.run(NioEventLoop.java:458)
	at org.apache.ratis.thirdparty.io.netty.util.concurrent.SingleThreadEventExecutor$5.run(SingleThreadEventExecutor.java:897)
	at org.apache.ratis.thirdparty.io.netty.util.concurrent.FastThreadLocalRunnable.run(FastThreadLocalRunnable.java:30)
	... 1 more
Caused by: java.net.ConnectException: Connection refused
	... 11 more
2019-08-29 08:33:59,338 [02bf3283-c6bf-4588-a57c-baa459038378:group-4C1082AB210C:LeaderElection28] INFO  server.RaftServerConfigKeys (ConfUtils.java:logGet(43)) - raft.server.rpc.request.timeout = 3000ms (default)
2019-08-29 08:33:59,339 [129685ee-8122-4333-8930-3eeb8cf836af:group-4F259F9E67CD:LeaderElection29] INFO  impl.RaftServerImpl (RaftServerImpl.java:setRole(171)) - 129685ee-8122-4333-8930-3eeb8cf836af:group-4F259F9E67CD changes role from CANDIDATE to FOLLOWER at term 4 for DISCOVERED_A_NEW_TERM
2019-08-29 08:33:59,339 [02bf3283-c6bf-4588-a57c-baa459038378:group-4C1082AB210C:LeaderElection28] INFO  server.RaftServerConfigKeys (ConfUtils.java:logGet(43)) - raft.server.log.appender.install.snapshot.enabled = false (custom)
2019-08-29 08:33:59,339 [129685ee-8122-4333-8930-3eeb8cf836af:group-4F259F9E67CD:LeaderElection29] INFO  impl.RoleInfo (RoleInfo.java:shutdownLeaderElection(134)) - 129685ee-8122-4333-8930-3eeb8cf836af: shutdown LeaderElection
2019-08-29 08:33:59,339 [02bf3283-c6bf-4588-a57c-baa459038378:group-4C1082AB210C:LeaderElection28] INFO  server.RaftServerConfigKeys (ConfUtils.java:logGet(43)) - raft.server.log.appender.snapshot.chunk.size.max = 16MB (=16777216) (default)
2019-08-29 08:33:59,340 [129685ee-8122-4333-8930-3eeb8cf836af:group-4F259F9E67CD:LeaderElection29] INFO  impl.RoleInfo (RoleInfo.java:updateAndGet(143)) - 129685ee-8122-4333-8930-3eeb8cf836af: start FollowerState
2019-08-29 08:33:59,340 [02bf3283-c6bf-4588-a57c-baa459038378:group-4C1082AB210C:LeaderElection28] INFO  server.RaftServerConfigKeys (ConfUtils.java:logGet(43)) - raft.server.log.appender.buffer.byte-limit = 33554432 (custom)
2019-08-29 08:33:59,340 [02bf3283-c6bf-4588-a57c-baa459038378:group-4C1082AB210C:LeaderElection28] INFO  server.RaftServerConfigKeys (ConfUtils.java:logGet(43)) - raft.server.log.appender.buffer.element-limit = 1 (custom)
2019-08-29 08:33:59,341 [02bf3283-c6bf-4588-a57c-baa459038378:group-4C1082AB210C:LeaderElection28] INFO  grpc.GrpcConfigKeys$Server (ConfUtils.java:logGet(43)) - raft.grpc.server.leader.outstanding.appends.max = 128 (default)
2019-08-29 08:33:59,341 [02bf3283-c6bf-4588-a57c-baa459038378:group-4C1082AB210C:LeaderElection28] INFO  server.RaftServerConfigKeys (ConfUtils.java:logGet(43)) - raft.server.rpc.request.timeout = 3000ms (default)
2019-08-29 08:33:59,341 [02bf3283-c6bf-4588-a57c-baa459038378:group-4C1082AB210C:LeaderElection28] INFO  server.RaftServerConfigKeys (ConfUtils.java:logGet(43)) - raft.server.log.appender.install.snapshot.enabled = false (custom)
2019-08-29 08:33:59,341 [02bf3283-c6bf-4588-a57c-baa459038378:group-4C1082AB210C:LeaderElection28] INFO  impl.RoleInfo (RoleInfo.java:updateAndGet(143)) - 02bf3283-c6bf-4588-a57c-baa459038378: start LeaderState
2019-08-29 08:33:59,342 [02bf3283-c6bf-4588-a57c-baa459038378:group-4C1082AB210C:LeaderElection28] INFO  segmented.SegmentedRaftLogWorker (SegmentedRaftLogWorker.java:rollLogSegment(385)) - 02bf3283-c6bf-4588-a57c-baa459038378-SegmentedRaftLogWorker:Storage Directory /workdir/hadoop-ozone/integration-test/target/test-dir/MiniOzoneClusterImpl-839c4a83-1072-4184-a39a-41aa01fb846d/datanode-3/data/ratis/a6019285-0027-46c6-9b76-4c1082ab210c: Rolling segment log-0_11 to index:11
2019-08-29 08:33:59,345 [02bf3283-c6bf-4588-a57c-baa459038378:group-4C1082AB210C:LeaderElection28] INFO  impl.RaftServerImpl (ServerState.java:setRaftConf(361)) - 02bf3283-c6bf-4588-a57c-baa459038378:group-4C1082AB210C set configuration 12: [4da055f9-cd9d-4c6f-9ab8-147a42717fcf:192.168.69.89:41539, 02bf3283-c6bf-4588-a57c-baa459038378:192.168.69.89:46486, f0c18ce4-0e5b-4823-99c8-fd716531bc5f:192.168.69.89:36167], old=null at 12
2019-08-29 08:33:59,345 [02bf3283-c6bf-4588-a57c-baa459038378-SegmentedRaftLogWorker:Storage Directory /workdir/hadoop-ozone/integration-test/target/test-dir/MiniOzoneClusterImpl-839c4a83-1072-4184-a39a-41aa01fb846d/datanode-3/data/ratis/a6019285-0027-46c6-9b76-4c1082ab210c] INFO  segmented.SegmentedRaftLogWorker (SegmentedRaftLogWorker.java:execute(526)) - 02bf3283-c6bf-4588-a57c-baa459038378-SegmentedRaftLogWorker:Storage Directory /workdir/hadoop-ozone/integration-test/target/test-dir/MiniOzoneClusterImpl-839c4a83-1072-4184-a39a-41aa01fb846d/datanode-3/data/ratis/a6019285-0027-46c6-9b76-4c1082ab210c: Rolled log segment from /workdir/hadoop-ozone/integration-test/target/test-dir/MiniOzoneClusterImpl-839c4a83-1072-4184-a39a-41aa01fb846d/datanode-3/data/ratis/a6019285-0027-46c6-9b76-4c1082ab210c/current/log_inprogress_0 to /workdir/hadoop-ozone/integration-test/target/test-dir/MiniOzoneClusterImpl-839c4a83-1072-4184-a39a-41aa01fb846d/datanode-3/data/ratis/a6019285-0027-46c6-9b76-4c1082ab210c/current/log_0-11
2019-08-29 08:33:59,346 [grpc-default-executor-6] INFO  impl.RaftServerImpl (ServerState.java:setLeader(263)) - f0c18ce4-0e5b-4823-99c8-fd716531bc5f:group-4C1082AB210C change Leader from null to 02bf3283-c6bf-4588-a57c-baa459038378 at term 3 for appendEntries, leader elected after 1266ms
2019-08-29 08:33:59,346 [grpc-default-executor-5] INFO  impl.RaftServerImpl (ServerState.java:setLeader(263)) - 4da055f9-cd9d-4c6f-9ab8-147a42717fcf:group-4C1082AB210C change Leader from null to 02bf3283-c6bf-4588-a57c-baa459038378 at term 3 for appendEntries, leader elected after 1219ms
2019-08-29 08:33:59,349 [grpc-default-executor-6] INFO  impl.RaftServerImpl (ServerState.java:setRaftConf(361)) - f0c18ce4-0e5b-4823-99c8-fd716531bc5f:group-4C1082AB210C set configuration 12: [4da055f9-cd9d-4c6f-9ab8-147a42717fcf:192.168.69.89:41539, 02bf3283-c6bf-4588-a57c-baa459038378:192.168.69.89:46486, f0c18ce4-0e5b-4823-99c8-fd716531bc5f:192.168.69.89:36167], old=null at 12
2019-08-29 08:33:59,349 [grpc-default-executor-5] INFO  impl.RaftServerImpl (ServerState.java:setRaftConf(361)) - 4da055f9-cd9d-4c6f-9ab8-147a42717fcf:group-4C1082AB210C set configuration 12: [4da055f9-cd9d-4c6f-9ab8-147a42717fcf:192.168.69.89:41539, 02bf3283-c6bf-4588-a57c-baa459038378:192.168.69.89:46486, f0c18ce4-0e5b-4823-99c8-fd716531bc5f:192.168.69.89:36167], old=null at 12
2019-08-29 08:33:59,349 [grpc-default-executor-6] INFO  segmented.SegmentedRaftLogWorker (SegmentedRaftLogWorker.java:rollLogSegment(385)) - f0c18ce4-0e5b-4823-99c8-fd716531bc5f-SegmentedRaftLogWorker:Storage Directory /workdir/hadoop-ozone/integration-test/target/test-dir/MiniOzoneClusterImpl-839c4a83-1072-4184-a39a-41aa01fb846d/datanode-9/data/ratis/a6019285-0027-46c6-9b76-4c1082ab210c: Rolling segment log-0_11 to index:11
2019-08-29 08:33:59,350 [grpc-default-executor-5] INFO  segmented.SegmentedRaftLogWorker (SegmentedRaftLogWorker.java:rollLogSegment(385)) - 4da055f9-cd9d-4c6f-9ab8-147a42717fcf-SegmentedRaftLogWorker:Storage Directory /workdir/hadoop-ozone/integration-test/target/test-dir/MiniOzoneClusterImpl-839c4a83-1072-4184-a39a-41aa01fb846d/datanode-0/data/ratis/a6019285-0027-46c6-9b76-4c1082ab210c: Rolling segment log-0_11 to index:11
2019-08-29 08:33:59,350 [f0c18ce4-0e5b-4823-99c8-fd716531bc5f-SegmentedRaftLogWorker:Storage Directory /workdir/hadoop-ozone/integration-test/target/test-dir/MiniOzoneClusterImpl-839c4a83-1072-4184-a39a-41aa01fb846d/datanode-9/data/ratis/a6019285-0027-46c6-9b76-4c1082ab210c] INFO  segmented.SegmentedRaftLogWorker (SegmentedRaftLogWorker.java:execute(526)) - f0c18ce4-0e5b-4823-99c8-fd716531bc5f-SegmentedRaftLogWorker:Storage Directory /workdir/hadoop-ozone/integration-test/target/test-dir/MiniOzoneClusterImpl-839c4a83-1072-4184-a39a-41aa01fb846d/datanode-9/data/ratis/a6019285-0027-46c6-9b76-4c1082ab210c: Rolled log segment from /workdir/hadoop-ozone/integration-test/target/test-dir/MiniOzoneClusterImpl-839c4a83-1072-4184-a39a-41aa01fb846d/datanode-9/data/ratis/a6019285-0027-46c6-9b76-4c1082ab210c/current/log_inprogress_0 to /workdir/hadoop-ozone/integration-test/target/test-dir/MiniOzoneClusterImpl-839c4a83-1072-4184-a39a-41aa01fb846d/datanode-9/data/ratis/a6019285-0027-46c6-9b76-4c1082ab210c/current/log_0-11
2019-08-29 08:33:59,350 [4da055f9-cd9d-4c6f-9ab8-147a42717fcf-SegmentedRaftLogWorker:Storage Directory /workdir/hadoop-ozone/integration-test/target/test-dir/MiniOzoneClusterImpl-839c4a83-1072-4184-a39a-41aa01fb846d/datanode-0/data/ratis/a6019285-0027-46c6-9b76-4c1082ab210c] INFO  segmented.SegmentedRaftLogWorker (SegmentedRaftLogWorker.java:execute(526)) - 4da055f9-cd9d-4c6f-9ab8-147a42717fcf-SegmentedRaftLogWorker:Storage Directory /workdir/hadoop-ozone/integration-test/target/test-dir/MiniOzoneClusterImpl-839c4a83-1072-4184-a39a-41aa01fb846d/datanode-0/data/ratis/a6019285-0027-46c6-9b76-4c1082ab210c: Rolled log segment from /workdir/hadoop-ozone/integration-test/target/test-dir/MiniOzoneClusterImpl-839c4a83-1072-4184-a39a-41aa01fb846d/datanode-0/data/ratis/a6019285-0027-46c6-9b76-4c1082ab210c/current/log_inprogress_0 to /workdir/hadoop-ozone/integration-test/target/test-dir/MiniOzoneClusterImpl-839c4a83-1072-4184-a39a-41aa01fb846d/datanode-0/data/ratis/a6019285-0027-46c6-9b76-4c1082ab210c/current/log_0-11
2019-08-29 08:33:59,385 | INFO  | SCMAudit | user=jenkins1000 | ip=192.168.69.89 | op=SEND_HEARTBEAT {datanodeUUID=7a9bfe55-9a1e-4d2f-9ebd-558835cfe40a, command=[]} | ret=SUCCESS |  
2019-08-29 08:33:59,408 [f0c18ce4-0e5b-4823-99c8-fd716531bc5f-SegmentedRaftLogWorker:Storage Directory /workdir/hadoop-ozone/integration-test/target/test-dir/MiniOzoneClusterImpl-839c4a83-1072-4184-a39a-41aa01fb846d/datanode-9/data/ratis/a6019285-0027-46c6-9b76-4c1082ab210c] INFO  segmented.SegmentedRaftLogWorker (SegmentedRaftLogWorker.java:execute(569)) - f0c18ce4-0e5b-4823-99c8-fd716531bc5f-SegmentedRaftLogWorker:Storage Directory /workdir/hadoop-ozone/integration-test/target/test-dir/MiniOzoneClusterImpl-839c4a83-1072-4184-a39a-41aa01fb846d/datanode-9/data/ratis/a6019285-0027-46c6-9b76-4c1082ab210c: created new log segment /workdir/hadoop-ozone/integration-test/target/test-dir/MiniOzoneClusterImpl-839c4a83-1072-4184-a39a-41aa01fb846d/datanode-9/data/ratis/a6019285-0027-46c6-9b76-4c1082ab210c/current/log_inprogress_12
2019-08-29 08:33:59,408 [02bf3283-c6bf-4588-a57c-baa459038378-SegmentedRaftLogWorker:Storage Directory /workdir/hadoop-ozone/integration-test/target/test-dir/MiniOzoneClusterImpl-839c4a83-1072-4184-a39a-41aa01fb846d/datanode-3/data/ratis/a6019285-0027-46c6-9b76-4c1082ab210c] INFO  segmented.SegmentedRaftLogWorker (SegmentedRaftLogWorker.java:execute(569)) - 02bf3283-c6bf-4588-a57c-baa459038378-SegmentedRaftLogWorker:Storage Directory /workdir/hadoop-ozone/integration-test/target/test-dir/MiniOzoneClusterImpl-839c4a83-1072-4184-a39a-41aa01fb846d/datanode-3/data/ratis/a6019285-0027-46c6-9b76-4c1082ab210c: created new log segment /workdir/hadoop-ozone/integration-test/target/test-dir/MiniOzoneClusterImpl-839c4a83-1072-4184-a39a-41aa01fb846d/datanode-3/data/ratis/a6019285-0027-46c6-9b76-4c1082ab210c/current/log_inprogress_12
2019-08-29 08:33:59,408 [4da055f9-cd9d-4c6f-9ab8-147a42717fcf-SegmentedRaftLogWorker:Storage Directory /workdir/hadoop-ozone/integration-test/target/test-dir/MiniOzoneClusterImpl-839c4a83-1072-4184-a39a-41aa01fb846d/datanode-0/data/ratis/a6019285-0027-46c6-9b76-4c1082ab210c] INFO  segmented.SegmentedRaftLogWorker (SegmentedRaftLogWorker.java:execute(569)) - 4da055f9-cd9d-4c6f-9ab8-147a42717fcf-SegmentedRaftLogWorker:Storage Directory /workdir/hadoop-ozone/integration-test/target/test-dir/MiniOzoneClusterImpl-839c4a83-1072-4184-a39a-41aa01fb846d/datanode-0/data/ratis/a6019285-0027-46c6-9b76-4c1082ab210c: created new log segment /workdir/hadoop-ozone/integration-test/target/test-dir/MiniOzoneClusterImpl-839c4a83-1072-4184-a39a-41aa01fb846d/datanode-0/data/ratis/a6019285-0027-46c6-9b76-4c1082ab210c/current/log_inprogress_12
2019-08-29 08:33:59,509 | INFO  | SCMAudit | user=jenkins1000 | ip=192.168.69.89 | op=SEND_HEARTBEAT {datanodeUUID=f0c18ce4-0e5b-4823-99c8-fd716531bc5f, command=[]} | ret=SUCCESS |  
2019-08-29 08:33:59,509 | INFO  | SCMAudit | user=jenkins1000 | ip=192.168.69.89 | op=SEND_HEARTBEAT {datanodeUUID=4da055f9-cd9d-4c6f-9ab8-147a42717fcf, command=[]} | ret=SUCCESS |  
2019-08-29 08:33:59,511 | INFO  | SCMAudit | user=jenkins1000 | ip=192.168.69.89 | op=SEND_HEARTBEAT {datanodeUUID=02bf3283-c6bf-4588-a57c-baa459038378, command=[]} | ret=SUCCESS |  
2019-08-29 08:33:59,580 [grpc-default-executor-3] WARN  server.GrpcLogAppender (LogUtils.java:warn(134)) - 129685ee-8122-4333-8930-3eeb8cf836af->802c6c9d-4843-417e-8983-b6e40533cc1c: Failed appendEntries: org.apache.ratis.thirdparty.io.grpc.StatusRuntimeException: UNAVAILABLE: io exception
2019-08-29 08:33:59,584 [grpc-default-executor-3] INFO  impl.FollowerInfo (FollowerInfo.java:lambda$new$0(50)) - 129685ee-8122-4333-8930-3eeb8cf836af->802c6c9d-4843-417e-8983-b6e40533cc1c: nextIndex: updateUnconditionally 0 -> 0
2019-08-29 08:33:59,674 | INFO  | SCMAudit | user=jenkins1000 | ip=192.168.69.89 | op=SEND_HEARTBEAT {datanodeUUID=99586f2f-9d87-40a3-9061-4566008201fd, command=[]} | ret=SUCCESS |  
2019-08-29 08:33:59,674 | INFO  | SCMAudit | user=jenkins1000 | ip=192.168.69.89 | op=SEND_HEARTBEAT {datanodeUUID=bcbb4469-e902-4083-b3d9-1bab9ea4cd29, command=[]} | ret=SUCCESS |  
2019-08-29 08:33:59,674 | INFO  | SCMAudit | user=jenkins1000 | ip=192.168.69.89 | op=SEND_HEARTBEAT {datanodeUUID=e7b9916e-4eca-4156-a086-839e4ffd13a0, command=[]} | ret=SUCCESS |  
2019-08-29 08:33:59,722 [grpc-default-executor-3] WARN  server.GrpcLogAppender (LogUtils.java:warn(134)) - 129685ee-8122-4333-8930-3eeb8cf836af->fe546585-3c52-42ae-8754-1a35dad17d3f: Failed appendEntries: org.apache.ratis.thirdparty.io.grpc.StatusRuntimeException: UNAVAILABLE: io exception
2019-08-29 08:33:59,727 [grpc-default-executor-3] INFO  impl.FollowerInfo (FollowerInfo.java:lambda$new$0(50)) - 129685ee-8122-4333-8930-3eeb8cf836af->fe546585-3c52-42ae-8754-1a35dad17d3f: nextIndex: updateUnconditionally 0 -> 0
2019-08-29 08:34:00,084 [grpc-default-executor-2] WARN  server.GrpcLogAppender (LogUtils.java:warn(134)) - 129685ee-8122-4333-8930-3eeb8cf836af->802c6c9d-4843-417e-8983-b6e40533cc1c: Failed appendEntries: org.apache.ratis.thirdparty.io.grpc.StatusRuntimeException: UNAVAILABLE: io exception
2019-08-29 08:34:00,225 [grpc-default-executor-1] WARN  server.GrpcLogAppender (LogUtils.java:warn(134)) - 129685ee-8122-4333-8930-3eeb8cf836af->fe546585-3c52-42ae-8754-1a35dad17d3f: Failed appendEntries: org.apache.ratis.thirdparty.io.grpc.StatusRuntimeException: UNAVAILABLE: io exception
2019-08-29 08:34:00,248 [grpc-default-executor-2] INFO  impl.FollowerInfo (FollowerInfo.java:lambda$new$0(50)) - 129685ee-8122-4333-8930-3eeb8cf836af->802c6c9d-4843-417e-8983-b6e40533cc1c: nextIndex: updateUnconditionally 0 -> 0
2019-08-29 08:34:00,251 [grpc-default-executor-1] INFO  impl.FollowerInfo (FollowerInfo.java:lambda$new$0(50)) - 129685ee-8122-4333-8930-3eeb8cf836af->fe546585-3c52-42ae-8754-1a35dad17d3f: nextIndex: updateUnconditionally 0 -> 0
2019-08-29 08:34:00,262 [grpc-default-executor-1] INFO  client.GrpcClientProtocolClient (GrpcClientProtocolClient.java:onNext(255)) - client-7BEC2072577B->f0c18ce4-0e5b-4823-99c8-fd716531bc5f: receive RaftClientReply:client-7BEC2072577B->f0c18ce4-0e5b-4823-99c8-fd716531bc5f@group-4C1082AB210C, cid=58, FAILED org.apache.ratis.protocol.NotLeaderException: Server f0c18ce4-0e5b-4823-99c8-fd716531bc5f is not the leader (02bf3283-c6bf-4588-a57c-baa459038378:192.168.69.89:46486). Request must be sent to leader., logIndex=0, commits[f0c18ce4-0e5b-4823-99c8-fd716531bc5f:c13, 4da055f9-cd9d-4c6f-9ab8-147a42717fcf:c12, 02bf3283-c6bf-4588-a57c-baa459038378:c13]
2019-08-29 08:34:00,272 | INFO  | SCMAudit | user=jenkins1000 | ip=192.168.69.89 | op=SEND_HEARTBEAT {datanodeUUID=129685ee-8122-4333-8930-3eeb8cf836af, command=[]} | ret=SUCCESS |  
2019-08-29 08:34:00,284 | INFO  | DNAudit | user=null | ip=null | op=WRITE_CHUNK {blockData=conID: 4 locID: 102699343581085700 bcsId: 9} | ret=SUCCESS |  
2019-08-29 08:34:00,290 | INFO  | DNAudit | user=null | ip=null | op=WRITE_CHUNK {blockData=conID: 4 locID: 102699343581085700 bcsId: 9} | ret=SUCCESS |  
2019-08-29 08:34:00,291 | INFO  | DNAudit | user=null | ip=null | op=WRITE_CHUNK {blockData=conID: 4 locID: 102699343581085700 bcsId: 9} | ret=SUCCESS |  
2019-08-29 08:34:00,385 | INFO  | SCMAudit | user=jenkins1000 | ip=192.168.69.89 | op=SEND_HEARTBEAT {datanodeUUID=7a9bfe55-9a1e-4d2f-9ebd-558835cfe40a, command=[]} | ret=SUCCESS |  
2019-08-29 08:34:00,509 | INFO  | SCMAudit | user=jenkins1000 | ip=192.168.69.89 | op=SEND_HEARTBEAT {datanodeUUID=4da055f9-cd9d-4c6f-9ab8-147a42717fcf, command=[]} | ret=SUCCESS |  
2019-08-29 08:34:00,509 | INFO  | SCMAudit | user=jenkins1000 | ip=192.168.69.89 | op=SEND_HEARTBEAT {datanodeUUID=f0c18ce4-0e5b-4823-99c8-fd716531bc5f, command=[]} | ret=SUCCESS |  
2019-08-29 08:34:00,511 | INFO  | SCMAudit | user=jenkins1000 | ip=192.168.69.89 | op=SEND_HEARTBEAT {datanodeUUID=02bf3283-c6bf-4588-a57c-baa459038378, command=[]} | ret=SUCCESS |  
2019-08-29 08:34:00,537 [Thread-906] INFO  impl.FollowerState (FollowerState.java:run(106)) - 129685ee-8122-4333-8930-3eeb8cf836af:group-4F259F9E67CD changes to CANDIDATE, lastRpcTime:1196, electionTimeout:1196ms
2019-08-29 08:34:00,537 [Thread-906] INFO  impl.RoleInfo (RoleInfo.java:shutdownFollowerState(121)) - 129685ee-8122-4333-8930-3eeb8cf836af: shutdown FollowerState
2019-08-29 08:34:00,537 [Thread-906] INFO  impl.RaftServerImpl (RaftServerImpl.java:setRole(171)) - 129685ee-8122-4333-8930-3eeb8cf836af:group-4F259F9E67CD changes role from FOLLOWER to CANDIDATE at term 4 for changeToCandidate
2019-08-29 08:34:00,584 [grpc-default-executor-3] WARN  server.GrpcLogAppender (LogUtils.java:warn(134)) - 129685ee-8122-4333-8930-3eeb8cf836af->802c6c9d-4843-417e-8983-b6e40533cc1c: Failed appendEntries: org.apache.ratis.thirdparty.io.grpc.StatusRuntimeException: UNAVAILABLE: io exception
2019-08-29 08:34:00,674 | INFO  | SCMAudit | user=jenkins1000 | ip=192.168.69.89 | op=SEND_HEARTBEAT {datanodeUUID=bcbb4469-e902-4083-b3d9-1bab9ea4cd29, command=[]} | ret=SUCCESS |  
2019-08-29 08:34:00,674 | INFO  | SCMAudit | user=jenkins1000 | ip=192.168.69.89 | op=SEND_HEARTBEAT {datanodeUUID=e7b9916e-4eca-4156-a086-839e4ffd13a0, command=[]} | ret=SUCCESS |  
2019-08-29 08:34:00,674 | INFO  | SCMAudit | user=jenkins1000 | ip=192.168.69.89 | op=SEND_HEARTBEAT {datanodeUUID=99586f2f-9d87-40a3-9061-4566008201fd, command=[]} | ret=SUCCESS |  
2019-08-29 08:34:00,726 [grpc-default-executor-5] WARN  server.GrpcLogAppender (LogUtils.java:warn(134)) - 129685ee-8122-4333-8930-3eeb8cf836af->fe546585-3c52-42ae-8754-1a35dad17d3f: Failed appendEntries: org.apache.ratis.thirdparty.io.grpc.StatusRuntimeException: UNAVAILABLE: io exception
2019-08-29 08:34:01,059 [java.util.concurrent.ThreadPoolExecutor$Worker@541a2db3[State = -1, empty queue]] WARN  server.GrpcLogAppender (GrpcLogAppender.java:timeoutAppendRequest(200)) - GrpcLogAppender(129685ee-8122-4333-8930-3eeb8cf836af->802c6c9d-4843-417e-8983-b6e40533cc1c): appendEntries Timeout, request=129685ee-8122-4333-8930-3eeb8cf836af->802c6c9d-4843-417e-8983-b6e40533cc1c#43-t2, previous=(t:2, i:16), leaderCommit=16, initializing? false, entries: <empty>
2019-08-29 08:34:01,267 | INFO  | SCMAudit | user=jenkins1000 | ip=192.168.69.89 | op=SEND_HEARTBEAT {datanodeUUID=129685ee-8122-4333-8930-3eeb8cf836af, command=[]} | ret=SUCCESS |  
2019-08-29 08:34:01,386 | INFO  | SCMAudit | user=jenkins1000 | ip=192.168.69.89 | op=SEND_HEARTBEAT {datanodeUUID=7a9bfe55-9a1e-4d2f-9ebd-558835cfe40a, command=[]} | ret=SUCCESS |  
2019-08-29 08:34:01,413 [Thread-906] INFO  impl.RoleInfo (RoleInfo.java:updateAndGet(143)) - 129685ee-8122-4333-8930-3eeb8cf836af: start LeaderElection
2019-08-29 08:34:01,413 [grpc-default-executor-3] INFO  impl.FollowerInfo (FollowerInfo.java:lambda$new$0(50)) - 129685ee-8122-4333-8930-3eeb8cf836af->802c6c9d-4843-417e-8983-b6e40533cc1c: nextIndex: updateUnconditionally 0 -> 0
2019-08-29 08:34:01,427 [grpc-default-executor-5] INFO  impl.FollowerInfo (FollowerInfo.java:lambda$new$0(50)) - 129685ee-8122-4333-8930-3eeb8cf836af->fe546585-3c52-42ae-8754-1a35dad17d3f: nextIndex: updateUnconditionally 0 -> 0
2019-08-29 08:34:01,430 | INFO  | DNAudit | user=null | ip=null | op=WRITE_CHUNK {blockData=conID: 4 locID: 102699343581085700 bcsId: 9} | ret=SUCCESS |  
2019-08-29 08:34:01,435 [grpc-default-executor-2] WARN  server.GrpcLogAppender (LogUtils.java:warn(134)) - 129685ee-8122-4333-8930-3eeb8cf836af->802c6c9d-4843-417e-8983-b6e40533cc1c: Failed appendEntries: org.apache.ratis.thirdparty.io.grpc.StatusRuntimeException: UNAVAILABLE: io exception
2019-08-29 08:34:01,435 [grpc-default-executor-1] WARN  server.GrpcLogAppender (LogUtils.java:warn(134)) - 129685ee-8122-4333-8930-3eeb8cf836af->fe546585-3c52-42ae-8754-1a35dad17d3f: Failed appendEntries: org.apache.ratis.thirdparty.io.grpc.StatusRuntimeException: UNAVAILABLE: io exception
2019-08-29 08:34:01,435 [grpc-default-executor-2] INFO  impl.FollowerInfo (FollowerInfo.java:lambda$new$0(50)) - 129685ee-8122-4333-8930-3eeb8cf836af->802c6c9d-4843-417e-8983-b6e40533cc1c: nextIndex: updateUnconditionally 0 -> 0
2019-08-29 08:34:01,436 [grpc-default-executor-1] INFO  impl.FollowerInfo (FollowerInfo.java:lambda$new$0(50)) - 129685ee-8122-4333-8930-3eeb8cf836af->fe546585-3c52-42ae-8754-1a35dad17d3f: nextIndex: updateUnconditionally 0 -> 0
2019-08-29 08:34:01,436 [grpc-default-executor-2] INFO  client.GrpcClientProtocolClient (GrpcClientProtocolClient.java:onNext(255)) - client-7BEC2072577B->02bf3283-c6bf-4588-a57c-baa459038378: receive RaftClientReply:client-7BEC2072577B->02bf3283-c6bf-4588-a57c-baa459038378@group-4C1082AB210C, cid=58, SUCCESS, logIndex=14, commits[02bf3283-c6bf-4588-a57c-baa459038378:c14, 4da055f9-cd9d-4c6f-9ab8-147a42717fcf:c13, f0c18ce4-0e5b-4823-99c8-fd716531bc5f:c13]
2019-08-29 08:34:01,508 | INFO  | SCMAudit | user=jenkins1000 | ip=192.168.69.89 | op=SEND_HEARTBEAT {datanodeUUID=4da055f9-cd9d-4c6f-9ab8-147a42717fcf, command=[]} | ret=SUCCESS |  
2019-08-29 08:34:01,508 | INFO  | SCMAudit | user=jenkins1000 | ip=192.168.69.89 | op=SEND_HEARTBEAT {datanodeUUID=f0c18ce4-0e5b-4823-99c8-fd716531bc5f, command=[]} | ret=SUCCESS |  
2019-08-29 08:34:01,511 | INFO  | SCMAudit | user=jenkins1000 | ip=192.168.69.89 | op=SEND_HEARTBEAT {datanodeUUID=02bf3283-c6bf-4588-a57c-baa459038378, command=[]} | ret=SUCCESS |  
2019-08-29 08:34:01,674 | INFO  | SCMAudit | user=jenkins1000 | ip=192.168.69.89 | op=SEND_HEARTBEAT {datanodeUUID=e7b9916e-4eca-4156-a086-839e4ffd13a0, command=[]} | ret=SUCCESS |  
2019-08-29 08:34:01,675 | INFO  | SCMAudit | user=jenkins1000 | ip=192.168.69.89 | op=SEND_HEARTBEAT {datanodeUUID=bcbb4469-e902-4083-b3d9-1bab9ea4cd29, command=[]} | ret=SUCCESS |  
2019-08-29 08:34:01,675 | INFO  | SCMAudit | user=jenkins1000 | ip=192.168.69.89 | op=SEND_HEARTBEAT {datanodeUUID=99586f2f-9d87-40a3-9061-4566008201fd, command=[]} | ret=SUCCESS |  
2019-08-29 08:34:01,837 | INFO  | DNAudit | user=null | ip=null | op=WRITE_CHUNK {blockData=conID: 4 locID: 102699343581085700 bcsId: 9} | ret=SUCCESS |  
2019-08-29 08:34:01,837 | INFO  | DNAudit | user=null | ip=null | op=WRITE_CHUNK {blockData=conID: 4 locID: 102699343581085700 bcsId: 9} | ret=SUCCESS |  
2019-08-29 08:34:01,846 | INFO  | DNAudit | user=null | ip=null | op=PUT_BLOCK {blockData=[blockId=conID: 4 locID: 102699343581085700 bcsId: 0,size=4194304]} | ret=SUCCESS |  
2019-08-29 08:34:01,851 [grpc-default-executor-2] INFO  client.GrpcClientProtocolClient (GrpcClientProtocolClient.java:onNext(255)) - client-7BEC2072577B->02bf3283-c6bf-4588-a57c-baa459038378: receive RaftClientReply:client-7BEC2072577B->02bf3283-c6bf-4588-a57c-baa459038378@group-4C1082AB210C, cid=59, SUCCESS, logIndex=16, commits[02bf3283-c6bf-4588-a57c-baa459038378:c16, 4da055f9-cd9d-4c6f-9ab8-147a42717fcf:c14, f0c18ce4-0e5b-4823-99c8-fd716531bc5f:c14]
2019-08-29 08:34:01,859 | INFO  | DNAudit | user=null | ip=null | op=PUT_BLOCK {blockData=[blockId=conID: 4 locID: 102699343581085700 bcsId: 0,size=4194304]} | ret=SUCCESS |  
2019-08-29 08:34:01,859 | INFO  | DNAudit | user=null | ip=null | op=PUT_BLOCK {blockData=[blockId=conID: 4 locID: 102699343581085700 bcsId: 0,size=4194304]} | ret=SUCCESS |  
2019-08-29 08:34:01,862 [grpc-default-executor-2] INFO  client.GrpcClientProtocolClient (GrpcClientProtocolClient.java:onNext(255)) - client-7BEC2072577B->02bf3283-c6bf-4588-a57c-baa459038378: receive RaftClientReply:client-7BEC2072577B->02bf3283-c6bf-4588-a57c-baa459038378@group-4C1082AB210C, cid=60, SUCCESS, logIndex=0, commits[02bf3283-c6bf-4588-a57c-baa459038378:c17, 4da055f9-cd9d-4c6f-9ab8-147a42717fcf:c16, f0c18ce4-0e5b-4823-99c8-fd716531bc5f:c16]
2019-08-29 08:34:01,932 [grpc-default-executor-6] WARN  server.GrpcLogAppender (LogUtils.java:warn(134)) - 129685ee-8122-4333-8930-3eeb8cf836af->fe546585-3c52-42ae-8754-1a35dad17d3f: Failed appendEntries: org.apache.ratis.thirdparty.io.grpc.StatusRuntimeException: UNAVAILABLE: io exception
2019-08-29 08:34:01,932 [grpc-default-executor-3] WARN  server.GrpcLogAppender (LogUtils.java:warn(134)) - 129685ee-8122-4333-8930-3eeb8cf836af->802c6c9d-4843-417e-8983-b6e40533cc1c: Failed appendEntries: org.apache.ratis.thirdparty.io.grpc.StatusRuntimeException: UNAVAILABLE: io exception
2019-08-29 08:34:01,933 [grpc-default-executor-6] INFO  impl.FollowerInfo (FollowerInfo.java:lambda$new$0(50)) - 129685ee-8122-4333-8930-3eeb8cf836af->fe546585-3c52-42ae-8754-1a35dad17d3f: nextIndex: updateUnconditionally 0 -> 0
2019-08-29 08:34:01,933 [grpc-default-executor-3] INFO  impl.FollowerInfo (FollowerInfo.java:lambda$new$0(50)) - 129685ee-8122-4333-8930-3eeb8cf836af->802c6c9d-4843-417e-8983-b6e40533cc1c: nextIndex: updateUnconditionally 0 -> 0
2019-08-29 08:34:02,267 | INFO  | SCMAudit | user=jenkins1000 | ip=192.168.69.89 | op=SEND_HEARTBEAT {datanodeUUID=129685ee-8122-4333-8930-3eeb8cf836af, command=[]} | ret=SUCCESS |  
2019-08-29 08:34:02,387 | INFO  | SCMAudit | user=jenkins1000 | ip=192.168.69.89 | op=SEND_HEARTBEAT {datanodeUUID=7a9bfe55-9a1e-4d2f-9ebd-558835cfe40a, command=[]} | ret=SUCCESS |  
2019-08-29 08:34:02,433 [grpc-default-executor-5] WARN  server.GrpcLogAppender (LogUtils.java:warn(134)) - 129685ee-8122-4333-8930-3eeb8cf836af->fe546585-3c52-42ae-8754-1a35dad17d3f: Failed appendEntries: org.apache.ratis.thirdparty.io.grpc.StatusRuntimeException: UNAVAILABLE: io exception
2019-08-29 08:34:02,433 [grpc-default-executor-2] WARN  server.GrpcLogAppender (LogUtils.java:warn(134)) - 129685ee-8122-4333-8930-3eeb8cf836af->802c6c9d-4843-417e-8983-b6e40533cc1c: Failed appendEntries: org.apache.ratis.thirdparty.io.grpc.StatusRuntimeException: UNAVAILABLE: io exception
2019-08-29 08:34:02,433 [grpc-default-executor-5] INFO  impl.FollowerInfo (FollowerInfo.java:lambda$new$0(50)) - 129685ee-8122-4333-8930-3eeb8cf836af->fe546585-3c52-42ae-8754-1a35dad17d3f: nextIndex: updateUnconditionally 0 -> 0
2019-08-29 08:34:02,434 [grpc-default-executor-2] INFO  impl.FollowerInfo (FollowerInfo.java:lambda$new$0(50)) - 129685ee-8122-4333-8930-3eeb8cf836af->802c6c9d-4843-417e-8983-b6e40533cc1c: nextIndex: updateUnconditionally 0 -> 0
2019-08-29 08:34:02,508 | INFO  | SCMAudit | user=jenkins1000 | ip=192.168.69.89 | op=SEND_HEARTBEAT {datanodeUUID=f0c18ce4-0e5b-4823-99c8-fd716531bc5f, command=[]} | ret=SUCCESS |  
2019-08-29 08:34:02,508 | INFO  | SCMAudit | user=jenkins1000 | ip=192.168.69.89 | op=SEND_HEARTBEAT {datanodeUUID=4da055f9-cd9d-4c6f-9ab8-147a42717fcf, command=[]} | ret=SUCCESS |  
2019-08-29 08:34:02,511 | INFO  | SCMAudit | user=jenkins1000 | ip=192.168.69.89 | op=SEND_HEARTBEAT {datanodeUUID=02bf3283-c6bf-4588-a57c-baa459038378, command=[]} | ret=SUCCESS |  
2019-08-29 08:34:02,675 | INFO  | SCMAudit | user=jenkins1000 | ip=192.168.69.89 | op=SEND_HEARTBEAT {datanodeUUID=e7b9916e-4eca-4156-a086-839e4ffd13a0, command=[]} | ret=SUCCESS |  
2019-08-29 08:34:02,675 | INFO  | SCMAudit | user=jenkins1000 | ip=192.168.69.89 | op=SEND_HEARTBEAT {datanodeUUID=99586f2f-9d87-40a3-9061-4566008201fd, command=[]} | ret=SUCCESS |  
2019-08-29 08:34:02,675 | INFO  | SCMAudit | user=jenkins1000 | ip=192.168.69.89 | op=SEND_HEARTBEAT {datanodeUUID=bcbb4469-e902-4083-b3d9-1bab9ea4cd29, command=[]} | ret=SUCCESS |  
2019-08-29 08:34:02,958 [grpc-default-executor-1] WARN  server.GrpcLogAppender (LogUtils.java:warn(134)) - 129685ee-8122-4333-8930-3eeb8cf836af->802c6c9d-4843-417e-8983-b6e40533cc1c: Failed appendEntries: org.apache.ratis.thirdparty.io.grpc.StatusRuntimeException: UNAVAILABLE: io exception
2019-08-29 08:34:02,958 [grpc-default-executor-3] WARN  server.GrpcLogAppender (LogUtils.java:warn(134)) - 129685ee-8122-4333-8930-3eeb8cf836af->fe546585-3c52-42ae-8754-1a35dad17d3f: Failed appendEntries: org.apache.ratis.thirdparty.io.grpc.StatusRuntimeException: UNAVAILABLE: io exception
2019-08-29 08:34:02,959 [grpc-default-executor-1] INFO  impl.FollowerInfo (FollowerInfo.java:lambda$new$0(50)) - 129685ee-8122-4333-8930-3eeb8cf836af->802c6c9d-4843-417e-8983-b6e40533cc1c: nextIndex: updateUnconditionally 0 -> 0
2019-08-29 08:34:02,959 [grpc-default-executor-3] INFO  impl.FollowerInfo (FollowerInfo.java:lambda$new$0(50)) - 129685ee-8122-4333-8930-3eeb8cf836af->fe546585-3c52-42ae-8754-1a35dad17d3f: nextIndex: updateUnconditionally 0 -> 0
2019-08-29 08:34:03,268 | INFO  | SCMAudit | user=jenkins1000 | ip=192.168.69.89 | op=SEND_HEARTBEAT {datanodeUUID=129685ee-8122-4333-8930-3eeb8cf836af, command=[]} | ret=SUCCESS |  
2019-08-29 08:34:03,388 | INFO  | SCMAudit | user=jenkins1000 | ip=192.168.69.89 | op=SEND_HEARTBEAT {datanodeUUID=7a9bfe55-9a1e-4d2f-9ebd-558835cfe40a, command=[]} | ret=SUCCESS |  
2019-08-29 08:34:03,435 [grpc-default-executor-2] WARN  server.GrpcLogAppender (LogUtils.java:warn(134)) - 129685ee-8122-4333-8930-3eeb8cf836af->fe546585-3c52-42ae-8754-1a35dad17d3f: Failed appendEntries: org.apache.ratis.thirdparty.io.grpc.StatusRuntimeException: UNAVAILABLE: io exception
2019-08-29 08:34:03,435 [grpc-default-executor-1] WARN  server.GrpcLogAppender (LogUtils.java:warn(134)) - 129685ee-8122-4333-8930-3eeb8cf836af->802c6c9d-4843-417e-8983-b6e40533cc1c: Failed appendEntries: org.apache.ratis.thirdparty.io.grpc.StatusRuntimeException: UNAVAILABLE: io exception
2019-08-29 08:34:03,435 [grpc-default-executor-2] INFO  impl.FollowerInfo (FollowerInfo.java:lambda$new$0(50)) - 129685ee-8122-4333-8930-3eeb8cf836af->fe546585-3c52-42ae-8754-1a35dad17d3f: nextIndex: updateUnconditionally 0 -> 0
2019-08-29 08:34:03,435 [grpc-default-executor-1] INFO  impl.FollowerInfo (FollowerInfo.java:lambda$new$0(50)) - 129685ee-8122-4333-8930-3eeb8cf836af->802c6c9d-4843-417e-8983-b6e40533cc1c: nextIndex: updateUnconditionally 0 -> 0
2019-08-29 08:34:03,508 | INFO  | SCMAudit | user=jenkins1000 | ip=192.168.69.89 | op=SEND_HEARTBEAT {datanodeUUID=f0c18ce4-0e5b-4823-99c8-fd716531bc5f, command=[]} | ret=SUCCESS |  
2019-08-29 08:34:03,508 | INFO  | SCMAudit | user=jenkins1000 | ip=192.168.69.89 | op=SEND_HEARTBEAT {datanodeUUID=4da055f9-cd9d-4c6f-9ab8-147a42717fcf, command=[]} | ret=SUCCESS |  
2019-08-29 08:34:03,511 | INFO  | SCMAudit | user=jenkins1000 | ip=192.168.69.89 | op=SEND_HEARTBEAT {datanodeUUID=02bf3283-c6bf-4588-a57c-baa459038378, command=[]} | ret=SUCCESS |  
2019-08-29 08:34:03,548 [129685ee-8122-4333-8930-3eeb8cf836af:group-4F259F9E67CD:LeaderElection30] INFO  impl.LeaderElection (LeaderElection.java:askForVotes(181)) - 129685ee-8122-4333-8930-3eeb8cf836af:group-4F259F9E67CD:LeaderElection30: begin an election at term 5 for 0: [802c6c9d-4843-417e-8983-b6e40533cc1c:192.168.69.89:37103, 129685ee-8122-4333-8930-3eeb8cf836af:192.168.69.89:45580, fe546585-3c52-42ae-8754-1a35dad17d3f:192.168.69.89:45996], old=null
2019-08-29 08:34:03,551 [129685ee-8122-4333-8930-3eeb8cf836af:group-4F259F9E67CD:LeaderElection30] INFO  impl.LeaderElection (LogUtils.java:infoOrTrace(149)) - 129685ee-8122-4333-8930-3eeb8cf836af:group-4F259F9E67CD:LeaderElection30 got exception when requesting votes: {}
java.util.concurrent.ExecutionException: org.apache.ratis.thirdparty.io.grpc.StatusRuntimeException: UNAVAILABLE: io exception
	at java.util.concurrent.FutureTask.report(FutureTask.java:122)
	at java.util.concurrent.FutureTask.get(FutureTask.java:192)
	at org.apache.ratis.server.impl.LeaderElection.waitForResults(LeaderElection.java:262)
	at org.apache.ratis.server.impl.LeaderElection.askForVotes(LeaderElection.java:200)
	at org.apache.ratis.server.impl.LeaderElection.run(LeaderElection.java:130)
	at java.lang.Thread.run(Thread.java:748)
Caused by: org.apache.ratis.thirdparty.io.grpc.StatusRuntimeException: UNAVAILABLE: io exception
	at org.apache.ratis.thirdparty.io.grpc.stub.ClientCalls.toStatusRuntimeException(ClientCalls.java:233)
	at org.apache.ratis.thirdparty.io.grpc.stub.ClientCalls.getUnchecked(ClientCalls.java:214)
	at org.apache.ratis.thirdparty.io.grpc.stub.ClientCalls.blockingUnaryCall(ClientCalls.java:139)
	at org.apache.ratis.proto.grpc.RaftServerProtocolServiceGrpc$RaftServerProtocolServiceBlockingStub.requestVote(RaftServerProtocolServiceGrpc.java:265)
	at org.apache.ratis.grpc.server.GrpcServerProtocolClient.requestVote(GrpcServerProtocolClient.java:83)
	at org.apache.ratis.grpc.server.GrpcService.requestVote(GrpcService.java:195)
	at org.apache.ratis.server.impl.LeaderElection.lambda$submitRequests$1(LeaderElection.java:237)
	at java.util.concurrent.FutureTask.run(FutureTask.java:266)
	at java.util.concurrent.Executors$RunnableAdapter.call(Executors.java:511)
	at java.util.concurrent.FutureTask.run(FutureTask.java:266)
	at java.util.concurrent.ThreadPoolExecutor.runWorker(ThreadPoolExecutor.java:1149)
	at java.util.concurrent.ThreadPoolExecutor$Worker.run(ThreadPoolExecutor.java:624)
	... 1 more
Caused by: org.apache.ratis.thirdparty.io.netty.channel.AbstractChannel$AnnotatedConnectException: Connection refused: /192.168.69.89:45996
	at sun.nio.ch.SocketChannelImpl.checkConnect(Native Method)
	at sun.nio.ch.SocketChannelImpl.finishConnect(SocketChannelImpl.java:717)
	at org.apache.ratis.thirdparty.io.netty.channel.socket.nio.NioSocketChannel.doFinishConnect(NioSocketChannel.java:327)
	at org.apache.ratis.thirdparty.io.netty.channel.nio.AbstractNioChannel$AbstractNioUnsafe.finishConnect(AbstractNioChannel.java:340)
	at org.apache.ratis.thirdparty.io.netty.channel.nio.NioEventLoop.processSelectedKey(NioEventLoop.java:632)
	at org.apache.ratis.thirdparty.io.netty.channel.nio.NioEventLoop.processSelectedKeysOptimized(NioEventLoop.java:579)
	at org.apache.ratis.thirdparty.io.netty.channel.nio.NioEventLoop.processSelectedKeys(NioEventLoop.java:496)
	at org.apache.ratis.thirdparty.io.netty.channel.nio.NioEventLoop.run(NioEventLoop.java:458)
	at org.apache.ratis.thirdparty.io.netty.util.concurrent.SingleThreadEventExecutor$5.run(SingleThreadEventExecutor.java:897)
	at org.apache.ratis.thirdparty.io.netty.util.concurrent.FastThreadLocalRunnable.run(FastThreadLocalRunnable.java:30)
	... 1 more
Caused by: java.net.ConnectException: Connection refused
	... 11 more
2019-08-29 08:34:03,555 [129685ee-8122-4333-8930-3eeb8cf836af:group-4F259F9E67CD:LeaderElection30] INFO  impl.LeaderElection (LogUtils.java:infoOrTrace(149)) - 129685ee-8122-4333-8930-3eeb8cf836af:group-4F259F9E67CD:LeaderElection30 got exception when requesting votes: {}
java.util.concurrent.ExecutionException: org.apache.ratis.thirdparty.io.grpc.StatusRuntimeException: UNAVAILABLE: io exception
	at java.util.concurrent.FutureTask.report(FutureTask.java:122)
	at java.util.concurrent.FutureTask.get(FutureTask.java:192)
	at org.apache.ratis.server.impl.LeaderElection.waitForResults(LeaderElection.java:262)
	at org.apache.ratis.server.impl.LeaderElection.askForVotes(LeaderElection.java:200)
	at org.apache.ratis.server.impl.LeaderElection.run(LeaderElection.java:130)
	at java.lang.Thread.run(Thread.java:748)
Caused by: org.apache.ratis.thirdparty.io.grpc.StatusRuntimeException: UNAVAILABLE: io exception
	at org.apache.ratis.thirdparty.io.grpc.stub.ClientCalls.toStatusRuntimeException(ClientCalls.java:233)
	at org.apache.ratis.thirdparty.io.grpc.stub.ClientCalls.getUnchecked(ClientCalls.java:214)
	at org.apache.ratis.thirdparty.io.grpc.stub.ClientCalls.blockingUnaryCall(ClientCalls.java:139)
	at org.apache.ratis.proto.grpc.RaftServerProtocolServiceGrpc$RaftServerProtocolServiceBlockingStub.requestVote(RaftServerProtocolServiceGrpc.java:265)
	at org.apache.ratis.grpc.server.GrpcServerProtocolClient.requestVote(GrpcServerProtocolClient.java:83)
	at org.apache.ratis.grpc.server.GrpcService.requestVote(GrpcService.java:195)
	at org.apache.ratis.server.impl.LeaderElection.lambda$submitRequests$1(LeaderElection.java:237)
	at java.util.concurrent.FutureTask.run(FutureTask.java:266)
	at java.util.concurrent.Executors$RunnableAdapter.call(Executors.java:511)
	at java.util.concurrent.FutureTask.run(FutureTask.java:266)
	at java.util.concurrent.ThreadPoolExecutor.runWorker(ThreadPoolExecutor.java:1149)
	at java.util.concurrent.ThreadPoolExecutor$Worker.run(ThreadPoolExecutor.java:624)
	... 1 more
Caused by: org.apache.ratis.thirdparty.io.netty.channel.AbstractChannel$AnnotatedConnectException: Connection refused: /192.168.69.89:37103
	at sun.nio.ch.SocketChannelImpl.checkConnect(Native Method)
	at sun.nio.ch.SocketChannelImpl.finishConnect(SocketChannelImpl.java:717)
	at org.apache.ratis.thirdparty.io.netty.channel.socket.nio.NioSocketChannel.doFinishConnect(NioSocketChannel.java:327)
	at org.apache.ratis.thirdparty.io.netty.channel.nio.AbstractNioChannel$AbstractNioUnsafe.finishConnect(AbstractNioChannel.java:340)
	at org.apache.ratis.thirdparty.io.netty.channel.nio.NioEventLoop.processSelectedKey(NioEventLoop.java:632)
	at org.apache.ratis.thirdparty.io.netty.channel.nio.NioEventLoop.processSelectedKeysOptimized(NioEventLoop.java:579)
	at org.apache.ratis.thirdparty.io.netty.channel.nio.NioEventLoop.processSelectedKeys(NioEventLoop.java:496)
	at org.apache.ratis.thirdparty.io.netty.channel.nio.NioEventLoop.run(NioEventLoop.java:458)
	at org.apache.ratis.thirdparty.io.netty.util.concurrent.SingleThreadEventExecutor$5.run(SingleThreadEventExecutor.java:897)
	at org.apache.ratis.thirdparty.io.netty.util.concurrent.FastThreadLocalRunnable.run(FastThreadLocalRunnable.java:30)
	... 1 more
Caused by: java.net.ConnectException: Connection refused
	... 11 more
2019-08-29 08:34:03,557 [129685ee-8122-4333-8930-3eeb8cf836af:group-4F259F9E67CD:LeaderElection30] INFO  impl.LeaderElection (LeaderElection.java:logAndReturn(56)) - 129685ee-8122-4333-8930-3eeb8cf836af:group-4F259F9E67CD:LeaderElection30: Election REJECTED; received 0 response(s) [] and 2 exception(s); 129685ee-8122-4333-8930-3eeb8cf836af:t5, leader=null, voted=129685ee-8122-4333-8930-3eeb8cf836af, raftlog=129685ee-8122-4333-8930-3eeb8cf836af-SegmentedRaftLog:OPENED:c16,f16,i16, conf=0: [802c6c9d-4843-417e-8983-b6e40533cc1c:192.168.69.89:37103, 129685ee-8122-4333-8930-3eeb8cf836af:192.168.69.89:45580, fe546585-3c52-42ae-8754-1a35dad17d3f:192.168.69.89:45996], old=null
2019-08-29 08:34:03,558 [129685ee-8122-4333-8930-3eeb8cf836af:group-4F259F9E67CD:LeaderElection30] INFO  impl.LeaderElection (LogUtils.java:infoOrTrace(149)) -   Exception 0: {}
java.util.concurrent.ExecutionException: org.apache.ratis.thirdparty.io.grpc.StatusRuntimeException: UNAVAILABLE: io exception
	at java.util.concurrent.FutureTask.report(FutureTask.java:122)
	at java.util.concurrent.FutureTask.get(FutureTask.java:192)
	at org.apache.ratis.server.impl.LeaderElection.waitForResults(LeaderElection.java:262)
	at org.apache.ratis.server.impl.LeaderElection.askForVotes(LeaderElection.java:200)
	at org.apache.ratis.server.impl.LeaderElection.run(LeaderElection.java:130)
	at java.lang.Thread.run(Thread.java:748)
Caused by: org.apache.ratis.thirdparty.io.grpc.StatusRuntimeException: UNAVAILABLE: io exception
	at org.apache.ratis.thirdparty.io.grpc.stub.ClientCalls.toStatusRuntimeException(ClientCalls.java:233)
	at org.apache.ratis.thirdparty.io.grpc.stub.ClientCalls.getUnchecked(ClientCalls.java:214)
	at org.apache.ratis.thirdparty.io.grpc.stub.ClientCalls.blockingUnaryCall(ClientCalls.java:139)
	at org.apache.ratis.proto.grpc.RaftServerProtocolServiceGrpc$RaftServerProtocolServiceBlockingStub.requestVote(RaftServerProtocolServiceGrpc.java:265)
	at org.apache.ratis.grpc.server.GrpcServerProtocolClient.requestVote(GrpcServerProtocolClient.java:83)
	at org.apache.ratis.grpc.server.GrpcService.requestVote(GrpcService.java:195)
	at org.apache.ratis.server.impl.LeaderElection.lambda$submitRequests$1(LeaderElection.java:237)
	at java.util.concurrent.FutureTask.run(FutureTask.java:266)
	at java.util.concurrent.Executors$RunnableAdapter.call(Executors.java:511)
	at java.util.concurrent.FutureTask.run(FutureTask.java:266)
	at java.util.concurrent.ThreadPoolExecutor.runWorker(ThreadPoolExecutor.java:1149)
	at java.util.concurrent.ThreadPoolExecutor$Worker.run(ThreadPoolExecutor.java:624)
	... 1 more
Caused by: org.apache.ratis.thirdparty.io.netty.channel.AbstractChannel$AnnotatedConnectException: Connection refused: /192.168.69.89:45996
	at sun.nio.ch.SocketChannelImpl.checkConnect(Native Method)
	at sun.nio.ch.SocketChannelImpl.finishConnect(SocketChannelImpl.java:717)
	at org.apache.ratis.thirdparty.io.netty.channel.socket.nio.NioSocketChannel.doFinishConnect(NioSocketChannel.java:327)
	at org.apache.ratis.thirdparty.io.netty.channel.nio.AbstractNioChannel$AbstractNioUnsafe.finishConnect(AbstractNioChannel.java:340)
	at org.apache.ratis.thirdparty.io.netty.channel.nio.NioEventLoop.processSelectedKey(NioEventLoop.java:632)
	at org.apache.ratis.thirdparty.io.netty.channel.nio.NioEventLoop.processSelectedKeysOptimized(NioEventLoop.java:579)
	at org.apache.ratis.thirdparty.io.netty.channel.nio.NioEventLoop.processSelectedKeys(NioEventLoop.java:496)
	at org.apache.ratis.thirdparty.io.netty.channel.nio.NioEventLoop.run(NioEventLoop.java:458)
	at org.apache.ratis.thirdparty.io.netty.util.concurrent.SingleThreadEventExecutor$5.run(SingleThreadEventExecutor.java:897)
	at org.apache.ratis.thirdparty.io.netty.util.concurrent.FastThreadLocalRunnable.run(FastThreadLocalRunnable.java:30)
	... 1 more
Caused by: java.net.ConnectException: Connection refused
	... 11 more
2019-08-29 08:34:03,558 [129685ee-8122-4333-8930-3eeb8cf836af:group-4F259F9E67CD:LeaderElection30] INFO  impl.LeaderElection (LogUtils.java:infoOrTrace(149)) -   Exception 1: {}
java.util.concurrent.ExecutionException: org.apache.ratis.thirdparty.io.grpc.StatusRuntimeException: UNAVAILABLE: io exception
	at java.util.concurrent.FutureTask.report(FutureTask.java:122)
	at java.util.concurrent.FutureTask.get(FutureTask.java:192)
	at org.apache.ratis.server.impl.LeaderElection.waitForResults(LeaderElection.java:262)
	at org.apache.ratis.server.impl.LeaderElection.askForVotes(LeaderElection.java:200)
	at org.apache.ratis.server.impl.LeaderElection.run(LeaderElection.java:130)
	at java.lang.Thread.run(Thread.java:748)
Caused by: org.apache.ratis.thirdparty.io.grpc.StatusRuntimeException: UNAVAILABLE: io exception
	at org.apache.ratis.thirdparty.io.grpc.stub.ClientCalls.toStatusRuntimeException(ClientCalls.java:233)
	at org.apache.ratis.thirdparty.io.grpc.stub.ClientCalls.getUnchecked(ClientCalls.java:214)
	at org.apache.ratis.thirdparty.io.grpc.stub.ClientCalls.blockingUnaryCall(ClientCalls.java:139)
	at org.apache.ratis.proto.grpc.RaftServerProtocolServiceGrpc$RaftServerProtocolServiceBlockingStub.requestVote(RaftServerProtocolServiceGrpc.java:265)
	at org.apache.ratis.grpc.server.GrpcServerProtocolClient.requestVote(GrpcServerProtocolClient.java:83)
	at org.apache.ratis.grpc.server.GrpcService.requestVote(GrpcService.java:195)
	at org.apache.ratis.server.impl.LeaderElection.lambda$submitRequests$1(LeaderElection.java:237)
	at java.util.concurrent.FutureTask.run(FutureTask.java:266)
	at java.util.concurrent.Executors$RunnableAdapter.call(Executors.java:511)
	at java.util.concurrent.FutureTask.run(FutureTask.java:266)
	at java.util.concurrent.ThreadPoolExecutor.runWorker(ThreadPoolExecutor.java:1149)
	at java.util.concurrent.ThreadPoolExecutor$Worker.run(ThreadPoolExecutor.java:624)
	... 1 more
Caused by: org.apache.ratis.thirdparty.io.netty.channel.AbstractChannel$AnnotatedConnectException: Connection refused: /192.168.69.89:37103
	at sun.nio.ch.SocketChannelImpl.checkConnect(Native Method)
	at sun.nio.ch.SocketChannelImpl.finishConnect(SocketChannelImpl.java:717)
	at org.apache.ratis.thirdparty.io.netty.channel.socket.nio.NioSocketChannel.doFinishConnect(NioSocketChannel.java:327)
	at org.apache.ratis.thirdparty.io.netty.channel.nio.AbstractNioChannel$AbstractNioUnsafe.finishConnect(AbstractNioChannel.java:340)
	at org.apache.ratis.thirdparty.io.netty.channel.nio.NioEventLoop.processSelectedKey(NioEventLoop.java:632)
	at org.apache.ratis.thirdparty.io.netty.channel.nio.NioEventLoop.processSelectedKeysOptimized(NioEventLoop.java:579)
	at org.apache.ratis.thirdparty.io.netty.channel.nio.NioEventLoop.processSelectedKeys(NioEventLoop.java:496)
	at org.apache.ratis.thirdparty.io.netty.channel.nio.NioEventLoop.run(NioEventLoop.java:458)
	at org.apache.ratis.thirdparty.io.netty.util.concurrent.SingleThreadEventExecutor$5.run(SingleThreadEventExecutor.java:897)
	at org.apache.ratis.thirdparty.io.netty.util.concurrent.FastThreadLocalRunnable.run(FastThreadLocalRunnable.java:30)
	... 1 more
Caused by: java.net.ConnectException: Connection refused
	... 11 more
2019-08-29 08:34:03,558 [129685ee-8122-4333-8930-3eeb8cf836af:group-4F259F9E67CD:LeaderElection30] INFO  impl.RaftServerImpl (RaftServerImpl.java:setRole(171)) - 129685ee-8122-4333-8930-3eeb8cf836af:group-4F259F9E67CD changes role from CANDIDATE to FOLLOWER at term 5 for DISCOVERED_A_NEW_TERM
2019-08-29 08:34:03,558 [129685ee-8122-4333-8930-3eeb8cf836af:group-4F259F9E67CD:LeaderElection30] INFO  impl.RoleInfo (RoleInfo.java:shutdownLeaderElection(134)) - 129685ee-8122-4333-8930-3eeb8cf836af: shutdown LeaderElection
2019-08-29 08:34:03,558 [129685ee-8122-4333-8930-3eeb8cf836af:group-4F259F9E67CD:LeaderElection30] INFO  impl.RoleInfo (RoleInfo.java:updateAndGet(143)) - 129685ee-8122-4333-8930-3eeb8cf836af: start FollowerState
2019-08-29 08:34:03,676 | INFO  | SCMAudit | user=jenkins1000 | ip=192.168.69.89 | op=SEND_HEARTBEAT {datanodeUUID=e7b9916e-4eca-4156-a086-839e4ffd13a0, command=[]} | ret=SUCCESS |  
2019-08-29 08:34:03,676 | INFO  | SCMAudit | user=jenkins1000 | ip=192.168.69.89 | op=SEND_HEARTBEAT {datanodeUUID=bcbb4469-e902-4083-b3d9-1bab9ea4cd29, command=[]} | ret=SUCCESS |  
2019-08-29 08:34:03,676 | INFO  | SCMAudit | user=jenkins1000 | ip=192.168.69.89 | op=SEND_HEARTBEAT {datanodeUUID=99586f2f-9d87-40a3-9061-4566008201fd, command=[]} | ret=SUCCESS |  
2019-08-29 08:34:03,905 [grpc-default-executor-1] INFO  client.GrpcClientProtocolClient (GrpcClientProtocolClient.java:onNext(255)) - client-5078A4917FB6->129685ee-8122-4333-8930-3eeb8cf836af: receive RaftClientReply:client-5078A4917FB6->129685ee-8122-4333-8930-3eeb8cf836af@group-4F259F9E67CD, cid=61, FAILED org.apache.ratis.protocol.NotLeaderException: Server 129685ee-8122-4333-8930-3eeb8cf836af is not the leader (null). Request must be sent to leader., logIndex=0, commits[129685ee-8122-4333-8930-3eeb8cf836af:c16, 802c6c9d-4843-417e-8983-b6e40533cc1c:c16, fe546585-3c52-42ae-8754-1a35dad17d3f:c16]
2019-08-29 08:34:03,933 [grpc-default-executor-2] WARN  server.GrpcLogAppender (LogUtils.java:warn(134)) - 129685ee-8122-4333-8930-3eeb8cf836af->fe546585-3c52-42ae-8754-1a35dad17d3f: Failed appendEntries: org.apache.ratis.thirdparty.io.grpc.StatusRuntimeException: UNAVAILABLE: io exception
2019-08-29 08:34:03,933 [grpc-default-executor-1] WARN  server.GrpcLogAppender (LogUtils.java:warn(134)) - 129685ee-8122-4333-8930-3eeb8cf836af->802c6c9d-4843-417e-8983-b6e40533cc1c: Failed appendEntries: org.apache.ratis.thirdparty.io.grpc.StatusRuntimeException: UNAVAILABLE: io exception
2019-08-29 08:34:03,934 [grpc-default-executor-2] INFO  impl.FollowerInfo (FollowerInfo.java:lambda$new$0(50)) - 129685ee-8122-4333-8930-3eeb8cf836af->fe546585-3c52-42ae-8754-1a35dad17d3f: nextIndex: updateUnconditionally 0 -> 0
2019-08-29 08:34:03,934 [grpc-default-executor-1] INFO  impl.FollowerInfo (FollowerInfo.java:lambda$new$0(50)) - 129685ee-8122-4333-8930-3eeb8cf836af->802c6c9d-4843-417e-8983-b6e40533cc1c: nextIndex: updateUnconditionally 0 -> 0
2019-08-29 08:34:04,268 | INFO  | SCMAudit | user=jenkins1000 | ip=192.168.69.89 | op=SEND_HEARTBEAT {datanodeUUID=129685ee-8122-4333-8930-3eeb8cf836af, command=[]} | ret=SUCCESS |  
2019-08-29 08:34:04,387 | INFO  | SCMAudit | user=jenkins1000 | ip=192.168.69.89 | op=SEND_HEARTBEAT {datanodeUUID=7a9bfe55-9a1e-4d2f-9ebd-558835cfe40a, command=[]} | ret=SUCCESS |  
2019-08-29 08:34:04,436 [grpc-default-executor-3] WARN  server.GrpcLogAppender (LogUtils.java:warn(134)) - 129685ee-8122-4333-8930-3eeb8cf836af->802c6c9d-4843-417e-8983-b6e40533cc1c: Failed appendEntries: org.apache.ratis.thirdparty.io.grpc.StatusRuntimeException: UNAVAILABLE: io exception
2019-08-29 08:34:04,436 [grpc-default-executor-5] WARN  server.GrpcLogAppender (LogUtils.java:warn(134)) - 129685ee-8122-4333-8930-3eeb8cf836af->fe546585-3c52-42ae-8754-1a35dad17d3f: Failed appendEntries: org.apache.ratis.thirdparty.io.grpc.StatusRuntimeException: UNAVAILABLE: io exception
2019-08-29 08:34:04,437 [grpc-default-executor-3] INFO  impl.FollowerInfo (FollowerInfo.java:lambda$new$0(50)) - 129685ee-8122-4333-8930-3eeb8cf836af->802c6c9d-4843-417e-8983-b6e40533cc1c: nextIndex: updateUnconditionally 0 -> 0
2019-08-29 08:34:04,437 [grpc-default-executor-5] INFO  impl.FollowerInfo (FollowerInfo.java:lambda$new$0(50)) - 129685ee-8122-4333-8930-3eeb8cf836af->fe546585-3c52-42ae-8754-1a35dad17d3f: nextIndex: updateUnconditionally 0 -> 0
2019-08-29 08:34:04,508 | INFO  | SCMAudit | user=jenkins1000 | ip=192.168.69.89 | op=SEND_HEARTBEAT {datanodeUUID=4da055f9-cd9d-4c6f-9ab8-147a42717fcf, command=[]} | ret=SUCCESS |  
2019-08-29 08:34:04,509 | INFO  | SCMAudit | user=jenkins1000 | ip=192.168.69.89 | op=SEND_HEARTBEAT {datanodeUUID=f0c18ce4-0e5b-4823-99c8-fd716531bc5f, command=[]} | ret=SUCCESS |  
2019-08-29 08:34:04,511 | INFO  | SCMAudit | user=jenkins1000 | ip=192.168.69.89 | op=SEND_HEARTBEAT {datanodeUUID=02bf3283-c6bf-4588-a57c-baa459038378, command=[]} | ret=SUCCESS |  
2019-08-29 08:34:04,579 [Thread-972] INFO  impl.FollowerState (FollowerState.java:run(106)) - 129685ee-8122-4333-8930-3eeb8cf836af:group-4F259F9E67CD changes to CANDIDATE, lastRpcTime:1020, electionTimeout:1020ms
2019-08-29 08:34:04,579 [Thread-972] INFO  impl.RoleInfo (RoleInfo.java:shutdownFollowerState(121)) - 129685ee-8122-4333-8930-3eeb8cf836af: shutdown FollowerState
2019-08-29 08:34:04,579 [Thread-972] INFO  impl.RaftServerImpl (RaftServerImpl.java:setRole(171)) - 129685ee-8122-4333-8930-3eeb8cf836af:group-4F259F9E67CD changes role from FOLLOWER to CANDIDATE at term 5 for changeToCandidate
2019-08-29 08:34:04,579 [Thread-972] INFO  impl.RoleInfo (RoleInfo.java:updateAndGet(143)) - 129685ee-8122-4333-8930-3eeb8cf836af: start LeaderElection
2019-08-29 08:34:04,676 | INFO  | SCMAudit | user=jenkins1000 | ip=192.168.69.89 | op=SEND_HEARTBEAT {datanodeUUID=bcbb4469-e902-4083-b3d9-1bab9ea4cd29, command=[]} | ret=SUCCESS |  
2019-08-29 08:34:04,676 | INFO  | SCMAudit | user=jenkins1000 | ip=192.168.69.89 | op=SEND_HEARTBEAT {datanodeUUID=99586f2f-9d87-40a3-9061-4566008201fd, command=[]} | ret=SUCCESS |  
2019-08-29 08:34:04,677 | INFO  | SCMAudit | user=jenkins1000 | ip=192.168.69.89 | op=SEND_HEARTBEAT {datanodeUUID=e7b9916e-4eca-4156-a086-839e4ffd13a0, command=[]} | ret=SUCCESS |  
2019-08-29 08:34:04,936 [grpc-default-executor-3] WARN  server.GrpcLogAppender (LogUtils.java:warn(134)) - 129685ee-8122-4333-8930-3eeb8cf836af->802c6c9d-4843-417e-8983-b6e40533cc1c: Failed appendEntries: org.apache.ratis.thirdparty.io.grpc.StatusRuntimeException: UNAVAILABLE: io exception
2019-08-29 08:34:04,936 [grpc-default-executor-2] WARN  server.GrpcLogAppender (LogUtils.java:warn(134)) - 129685ee-8122-4333-8930-3eeb8cf836af->fe546585-3c52-42ae-8754-1a35dad17d3f: Failed appendEntries: org.apache.ratis.thirdparty.io.grpc.StatusRuntimeException: UNAVAILABLE: io exception
2019-08-29 08:34:04,937 [grpc-default-executor-3] INFO  impl.FollowerInfo (FollowerInfo.java:lambda$new$0(50)) - 129685ee-8122-4333-8930-3eeb8cf836af->802c6c9d-4843-417e-8983-b6e40533cc1c: nextIndex: updateUnconditionally 0 -> 0
2019-08-29 08:34:04,937 [grpc-default-executor-2] INFO  impl.FollowerInfo (FollowerInfo.java:lambda$new$0(50)) - 129685ee-8122-4333-8930-3eeb8cf836af->fe546585-3c52-42ae-8754-1a35dad17d3f: nextIndex: updateUnconditionally 0 -> 0
2019-08-29 08:34:05,268 | INFO  | SCMAudit | user=jenkins1000 | ip=192.168.69.89 | op=SEND_HEARTBEAT {datanodeUUID=129685ee-8122-4333-8930-3eeb8cf836af, command=[]} | ret=SUCCESS |  
2019-08-29 08:34:05,387 | INFO  | SCMAudit | user=jenkins1000 | ip=192.168.69.89 | op=SEND_HEARTBEAT {datanodeUUID=7a9bfe55-9a1e-4d2f-9ebd-558835cfe40a, command=[]} | ret=SUCCESS |  
2019-08-29 08:34:05,439 [grpc-default-executor-6] WARN  server.GrpcLogAppender (LogUtils.java:warn(134)) - 129685ee-8122-4333-8930-3eeb8cf836af->802c6c9d-4843-417e-8983-b6e40533cc1c: Failed appendEntries: org.apache.ratis.thirdparty.io.grpc.StatusRuntimeException: UNAVAILABLE: io exception
2019-08-29 08:34:05,439 [grpc-default-executor-3] WARN  server.GrpcLogAppender (LogUtils.java:warn(134)) - 129685ee-8122-4333-8930-3eeb8cf836af->fe546585-3c52-42ae-8754-1a35dad17d3f: Failed appendEntries: org.apache.ratis.thirdparty.io.grpc.StatusRuntimeException: UNAVAILABLE: io exception
2019-08-29 08:34:05,440 [grpc-default-executor-6] INFO  impl.FollowerInfo (FollowerInfo.java:lambda$new$0(50)) - 129685ee-8122-4333-8930-3eeb8cf836af->802c6c9d-4843-417e-8983-b6e40533cc1c: nextIndex: updateUnconditionally 0 -> 0
2019-08-29 08:34:05,440 [grpc-default-executor-3] INFO  impl.FollowerInfo (FollowerInfo.java:lambda$new$0(50)) - 129685ee-8122-4333-8930-3eeb8cf836af->fe546585-3c52-42ae-8754-1a35dad17d3f: nextIndex: updateUnconditionally 0 -> 0
2019-08-29 08:34:05,487 [129685ee-8122-4333-8930-3eeb8cf836af:group-4F259F9E67CD:LeaderElection31] INFO  impl.LeaderElection (LeaderElection.java:askForVotes(181)) - 129685ee-8122-4333-8930-3eeb8cf836af:group-4F259F9E67CD:LeaderElection31: begin an election at term 6 for 0: [802c6c9d-4843-417e-8983-b6e40533cc1c:192.168.69.89:37103, 129685ee-8122-4333-8930-3eeb8cf836af:192.168.69.89:45580, fe546585-3c52-42ae-8754-1a35dad17d3f:192.168.69.89:45996], old=null
2019-08-29 08:34:05,491 [129685ee-8122-4333-8930-3eeb8cf836af:group-4F259F9E67CD:LeaderElection31] INFO  impl.LeaderElection (LogUtils.java:infoOrTrace(149)) - 129685ee-8122-4333-8930-3eeb8cf836af:group-4F259F9E67CD:LeaderElection31 got exception when requesting votes: {}
java.util.concurrent.ExecutionException: org.apache.ratis.thirdparty.io.grpc.StatusRuntimeException: UNAVAILABLE: io exception
	at java.util.concurrent.FutureTask.report(FutureTask.java:122)
	at java.util.concurrent.FutureTask.get(FutureTask.java:192)
	at org.apache.ratis.server.impl.LeaderElection.waitForResults(LeaderElection.java:262)
	at org.apache.ratis.server.impl.LeaderElection.askForVotes(LeaderElection.java:200)
	at org.apache.ratis.server.impl.LeaderElection.run(LeaderElection.java:130)
	at java.lang.Thread.run(Thread.java:748)
Caused by: org.apache.ratis.thirdparty.io.grpc.StatusRuntimeException: UNAVAILABLE: io exception
	at org.apache.ratis.thirdparty.io.grpc.stub.ClientCalls.toStatusRuntimeException(ClientCalls.java:233)
	at org.apache.ratis.thirdparty.io.grpc.stub.ClientCalls.getUnchecked(ClientCalls.java:214)
	at org.apache.ratis.thirdparty.io.grpc.stub.ClientCalls.blockingUnaryCall(ClientCalls.java:139)
	at org.apache.ratis.proto.grpc.RaftServerProtocolServiceGrpc$RaftServerProtocolServiceBlockingStub.requestVote(RaftServerProtocolServiceGrpc.java:265)
	at org.apache.ratis.grpc.server.GrpcServerProtocolClient.requestVote(GrpcServerProtocolClient.java:83)
	at org.apache.ratis.grpc.server.GrpcService.requestVote(GrpcService.java:195)
	at org.apache.ratis.server.impl.LeaderElection.lambda$submitRequests$1(LeaderElection.java:237)
	at java.util.concurrent.FutureTask.run(FutureTask.java:266)
	at java.util.concurrent.Executors$RunnableAdapter.call(Executors.java:511)
	at java.util.concurrent.FutureTask.run(FutureTask.java:266)
	at java.util.concurrent.ThreadPoolExecutor.runWorker(ThreadPoolExecutor.java:1149)
	at java.util.concurrent.ThreadPoolExecutor$Worker.run(ThreadPoolExecutor.java:624)
	... 1 more
Caused by: org.apache.ratis.thirdparty.io.netty.channel.AbstractChannel$AnnotatedConnectException: Connection refused: /192.168.69.89:37103
	at sun.nio.ch.SocketChannelImpl.checkConnect(Native Method)
	at sun.nio.ch.SocketChannelImpl.finishConnect(SocketChannelImpl.java:717)
	at org.apache.ratis.thirdparty.io.netty.channel.socket.nio.NioSocketChannel.doFinishConnect(NioSocketChannel.java:327)
	at org.apache.ratis.thirdparty.io.netty.channel.nio.AbstractNioChannel$AbstractNioUnsafe.finishConnect(AbstractNioChannel.java:340)
	at org.apache.ratis.thirdparty.io.netty.channel.nio.NioEventLoop.processSelectedKey(NioEventLoop.java:632)
	at org.apache.ratis.thirdparty.io.netty.channel.nio.NioEventLoop.processSelectedKeysOptimized(NioEventLoop.java:579)
	at org.apache.ratis.thirdparty.io.netty.channel.nio.NioEventLoop.processSelectedKeys(NioEventLoop.java:496)
	at org.apache.ratis.thirdparty.io.netty.channel.nio.NioEventLoop.run(NioEventLoop.java:458)
	at org.apache.ratis.thirdparty.io.netty.util.concurrent.SingleThreadEventExecutor$5.run(SingleThreadEventExecutor.java:897)
	at org.apache.ratis.thirdparty.io.netty.util.concurrent.FastThreadLocalRunnable.run(FastThreadLocalRunnable.java:30)
	... 1 more
Caused by: java.net.ConnectException: Connection refused
	... 11 more
2019-08-29 08:34:05,496 [129685ee-8122-4333-8930-3eeb8cf836af:group-4F259F9E67CD:LeaderElection31] INFO  impl.LeaderElection (LogUtils.java:infoOrTrace(149)) - 129685ee-8122-4333-8930-3eeb8cf836af:group-4F259F9E67CD:LeaderElection31 got exception when requesting votes: {}
java.util.concurrent.ExecutionException: org.apache.ratis.thirdparty.io.grpc.StatusRuntimeException: UNAVAILABLE: io exception
	at java.util.concurrent.FutureTask.report(FutureTask.java:122)
	at java.util.concurrent.FutureTask.get(FutureTask.java:192)
	at org.apache.ratis.server.impl.LeaderElection.waitForResults(LeaderElection.java:262)
	at org.apache.ratis.server.impl.LeaderElection.askForVotes(LeaderElection.java:200)
	at org.apache.ratis.server.impl.LeaderElection.run(LeaderElection.java:130)
	at java.lang.Thread.run(Thread.java:748)
Caused by: org.apache.ratis.thirdparty.io.grpc.StatusRuntimeException: UNAVAILABLE: io exception
	at org.apache.ratis.thirdparty.io.grpc.stub.ClientCalls.toStatusRuntimeException(ClientCalls.java:233)
	at org.apache.ratis.thirdparty.io.grpc.stub.ClientCalls.getUnchecked(ClientCalls.java:214)
	at org.apache.ratis.thirdparty.io.grpc.stub.ClientCalls.blockingUnaryCall(ClientCalls.java:139)
	at org.apache.ratis.proto.grpc.RaftServerProtocolServiceGrpc$RaftServerProtocolServiceBlockingStub.requestVote(RaftServerProtocolServiceGrpc.java:265)
	at org.apache.ratis.grpc.server.GrpcServerProtocolClient.requestVote(GrpcServerProtocolClient.java:83)
	at org.apache.ratis.grpc.server.GrpcService.requestVote(GrpcService.java:195)
	at org.apache.ratis.server.impl.LeaderElection.lambda$submitRequests$1(LeaderElection.java:237)
	at java.util.concurrent.FutureTask.run(FutureTask.java:266)
	at java.util.concurrent.Executors$RunnableAdapter.call(Executors.java:511)
	at java.util.concurrent.FutureTask.run(FutureTask.java:266)
	at java.util.concurrent.ThreadPoolExecutor.runWorker(ThreadPoolExecutor.java:1149)
	at java.util.concurrent.ThreadPoolExecutor$Worker.run(ThreadPoolExecutor.java:624)
	... 1 more
Caused by: org.apache.ratis.thirdparty.io.netty.channel.AbstractChannel$AnnotatedConnectException: Connection refused: /192.168.69.89:45996
	at sun.nio.ch.SocketChannelImpl.checkConnect(Native Method)
	at sun.nio.ch.SocketChannelImpl.finishConnect(SocketChannelImpl.java:717)
	at org.apache.ratis.thirdparty.io.netty.channel.socket.nio.NioSocketChannel.doFinishConnect(NioSocketChannel.java:327)
	at org.apache.ratis.thirdparty.io.netty.channel.nio.AbstractNioChannel$AbstractNioUnsafe.finishConnect(AbstractNioChannel.java:340)
	at org.apache.ratis.thirdparty.io.netty.channel.nio.NioEventLoop.processSelectedKey(NioEventLoop.java:632)
	at org.apache.ratis.thirdparty.io.netty.channel.nio.NioEventLoop.processSelectedKeysOptimized(NioEventLoop.java:579)
	at org.apache.ratis.thirdparty.io.netty.channel.nio.NioEventLoop.processSelectedKeys(NioEventLoop.java:496)
	at org.apache.ratis.thirdparty.io.netty.channel.nio.NioEventLoop.run(NioEventLoop.java:458)
	at org.apache.ratis.thirdparty.io.netty.util.concurrent.SingleThreadEventExecutor$5.run(SingleThreadEventExecutor.java:897)
	at org.apache.ratis.thirdparty.io.netty.util.concurrent.FastThreadLocalRunnable.run(FastThreadLocalRunnable.java:30)
	... 1 more
Caused by: java.net.ConnectException: Connection refused
	... 11 more
2019-08-29 08:34:05,499 [129685ee-8122-4333-8930-3eeb8cf836af:group-4F259F9E67CD:LeaderElection31] INFO  impl.LeaderElection (LeaderElection.java:logAndReturn(56)) - 129685ee-8122-4333-8930-3eeb8cf836af:group-4F259F9E67CD:LeaderElection31: Election REJECTED; received 0 response(s) [] and 2 exception(s); 129685ee-8122-4333-8930-3eeb8cf836af:t6, leader=null, voted=129685ee-8122-4333-8930-3eeb8cf836af, raftlog=129685ee-8122-4333-8930-3eeb8cf836af-SegmentedRaftLog:OPENED:c16,f16,i16, conf=0: [802c6c9d-4843-417e-8983-b6e40533cc1c:192.168.69.89:37103, 129685ee-8122-4333-8930-3eeb8cf836af:192.168.69.89:45580, fe546585-3c52-42ae-8754-1a35dad17d3f:192.168.69.89:45996], old=null
2019-08-29 08:34:05,499 [129685ee-8122-4333-8930-3eeb8cf836af:group-4F259F9E67CD:LeaderElection31] INFO  impl.LeaderElection (LogUtils.java:infoOrTrace(149)) -   Exception 0: {}
java.util.concurrent.ExecutionException: org.apache.ratis.thirdparty.io.grpc.StatusRuntimeException: UNAVAILABLE: io exception
	at java.util.concurrent.FutureTask.report(FutureTask.java:122)
	at java.util.concurrent.FutureTask.get(FutureTask.java:192)
	at org.apache.ratis.server.impl.LeaderElection.waitForResults(LeaderElection.java:262)
	at org.apache.ratis.server.impl.LeaderElection.askForVotes(LeaderElection.java:200)
	at org.apache.ratis.server.impl.LeaderElection.run(LeaderElection.java:130)
	at java.lang.Thread.run(Thread.java:748)
Caused by: org.apache.ratis.thirdparty.io.grpc.StatusRuntimeException: UNAVAILABLE: io exception
	at org.apache.ratis.thirdparty.io.grpc.stub.ClientCalls.toStatusRuntimeException(ClientCalls.java:233)
	at org.apache.ratis.thirdparty.io.grpc.stub.ClientCalls.getUnchecked(ClientCalls.java:214)
	at org.apache.ratis.thirdparty.io.grpc.stub.ClientCalls.blockingUnaryCall(ClientCalls.java:139)
	at org.apache.ratis.proto.grpc.RaftServerProtocolServiceGrpc$RaftServerProtocolServiceBlockingStub.requestVote(RaftServerProtocolServiceGrpc.java:265)
	at org.apache.ratis.grpc.server.GrpcServerProtocolClient.requestVote(GrpcServerProtocolClient.java:83)
	at org.apache.ratis.grpc.server.GrpcService.requestVote(GrpcService.java:195)
	at org.apache.ratis.server.impl.LeaderElection.lambda$submitRequests$1(LeaderElection.java:237)
	at java.util.concurrent.FutureTask.run(FutureTask.java:266)
	at java.util.concurrent.Executors$RunnableAdapter.call(Executors.java:511)
	at java.util.concurrent.FutureTask.run(FutureTask.java:266)
	at java.util.concurrent.ThreadPoolExecutor.runWorker(ThreadPoolExecutor.java:1149)
	at java.util.concurrent.ThreadPoolExecutor$Worker.run(ThreadPoolExecutor.java:624)
	... 1 more
Caused by: org.apache.ratis.thirdparty.io.netty.channel.AbstractChannel$AnnotatedConnectException: Connection refused: /192.168.69.89:37103
	at sun.nio.ch.SocketChannelImpl.checkConnect(Native Method)
	at sun.nio.ch.SocketChannelImpl.finishConnect(SocketChannelImpl.java:717)
	at org.apache.ratis.thirdparty.io.netty.channel.socket.nio.NioSocketChannel.doFinishConnect(NioSocketChannel.java:327)
	at org.apache.ratis.thirdparty.io.netty.channel.nio.AbstractNioChannel$AbstractNioUnsafe.finishConnect(AbstractNioChannel.java:340)
	at org.apache.ratis.thirdparty.io.netty.channel.nio.NioEventLoop.processSelectedKey(NioEventLoop.java:632)
	at org.apache.ratis.thirdparty.io.netty.channel.nio.NioEventLoop.processSelectedKeysOptimized(NioEventLoop.java:579)
	at org.apache.ratis.thirdparty.io.netty.channel.nio.NioEventLoop.processSelectedKeys(NioEventLoop.java:496)
	at org.apache.ratis.thirdparty.io.netty.channel.nio.NioEventLoop.run(NioEventLoop.java:458)
	at org.apache.ratis.thirdparty.io.netty.util.concurrent.SingleThreadEventExecutor$5.run(SingleThreadEventExecutor.java:897)
	at org.apache.ratis.thirdparty.io.netty.util.concurrent.FastThreadLocalRunnable.run(FastThreadLocalRunnable.java:30)
	... 1 more
Caused by: java.net.ConnectException: Connection refused
	... 11 more
2019-08-29 08:34:05,500 [129685ee-8122-4333-8930-3eeb8cf836af:group-4F259F9E67CD:LeaderElection31] INFO  impl.LeaderElection (LogUtils.java:infoOrTrace(149)) -   Exception 1: {}
java.util.concurrent.ExecutionException: org.apache.ratis.thirdparty.io.grpc.StatusRuntimeException: UNAVAILABLE: io exception
	at java.util.concurrent.FutureTask.report(FutureTask.java:122)
	at java.util.concurrent.FutureTask.get(FutureTask.java:192)
	at org.apache.ratis.server.impl.LeaderElection.waitForResults(LeaderElection.java:262)
	at org.apache.ratis.server.impl.LeaderElection.askForVotes(LeaderElection.java:200)
	at org.apache.ratis.server.impl.LeaderElection.run(LeaderElection.java:130)
	at java.lang.Thread.run(Thread.java:748)
Caused by: org.apache.ratis.thirdparty.io.grpc.StatusRuntimeException: UNAVAILABLE: io exception
	at org.apache.ratis.thirdparty.io.grpc.stub.ClientCalls.toStatusRuntimeException(ClientCalls.java:233)
	at org.apache.ratis.thirdparty.io.grpc.stub.ClientCalls.getUnchecked(ClientCalls.java:214)
	at org.apache.ratis.thirdparty.io.grpc.stub.ClientCalls.blockingUnaryCall(ClientCalls.java:139)
	at org.apache.ratis.proto.grpc.RaftServerProtocolServiceGrpc$RaftServerProtocolServiceBlockingStub.requestVote(RaftServerProtocolServiceGrpc.java:265)
	at org.apache.ratis.grpc.server.GrpcServerProtocolClient.requestVote(GrpcServerProtocolClient.java:83)
	at org.apache.ratis.grpc.server.GrpcService.requestVote(GrpcService.java:195)
	at org.apache.ratis.server.impl.LeaderElection.lambda$submitRequests$1(LeaderElection.java:237)
	at java.util.concurrent.FutureTask.run(FutureTask.java:266)
	at java.util.concurrent.Executors$RunnableAdapter.call(Executors.java:511)
	at java.util.concurrent.FutureTask.run(FutureTask.java:266)
	at java.util.concurrent.ThreadPoolExecutor.runWorker(ThreadPoolExecutor.java:1149)
	at java.util.concurrent.ThreadPoolExecutor$Worker.run(ThreadPoolExecutor.java:624)
	... 1 more
Caused by: org.apache.ratis.thirdparty.io.netty.channel.AbstractChannel$AnnotatedConnectException: Connection refused: /192.168.69.89:45996
	at sun.nio.ch.SocketChannelImpl.checkConnect(Native Method)
	at sun.nio.ch.SocketChannelImpl.finishConnect(SocketChannelImpl.java:717)
	at org.apache.ratis.thirdparty.io.netty.channel.socket.nio.NioSocketChannel.doFinishConnect(NioSocketChannel.java:327)
	at org.apache.ratis.thirdparty.io.netty.channel.nio.AbstractNioChannel$AbstractNioUnsafe.finishConnect(AbstractNioChannel.java:340)
	at org.apache.ratis.thirdparty.io.netty.channel.nio.NioEventLoop.processSelectedKey(NioEventLoop.java:632)
	at org.apache.ratis.thirdparty.io.netty.channel.nio.NioEventLoop.processSelectedKeysOptimized(NioEventLoop.java:579)
	at org.apache.ratis.thirdparty.io.netty.channel.nio.NioEventLoop.processSelectedKeys(NioEventLoop.java:496)
	at org.apache.ratis.thirdparty.io.netty.channel.nio.NioEventLoop.run(NioEventLoop.java:458)
	at org.apache.ratis.thirdparty.io.netty.util.concurrent.SingleThreadEventExecutor$5.run(SingleThreadEventExecutor.java:897)
	at org.apache.ratis.thirdparty.io.netty.util.concurrent.FastThreadLocalRunnable.run(FastThreadLocalRunnable.java:30)
	... 1 more
Caused by: java.net.ConnectException: Connection refused
	... 11 more
2019-08-29 08:34:05,500 [129685ee-8122-4333-8930-3eeb8cf836af:group-4F259F9E67CD:LeaderElection31] INFO  impl.RaftServerImpl (RaftServerImpl.java:setRole(171)) - 129685ee-8122-4333-8930-3eeb8cf836af:group-4F259F9E67CD changes role from CANDIDATE to FOLLOWER at term 6 for DISCOVERED_A_NEW_TERM
2019-08-29 08:34:05,501 [129685ee-8122-4333-8930-3eeb8cf836af:group-4F259F9E67CD:LeaderElection31] INFO  impl.RoleInfo (RoleInfo.java:shutdownLeaderElection(134)) - 129685ee-8122-4333-8930-3eeb8cf836af: shutdown LeaderElection
2019-08-29 08:34:05,501 [129685ee-8122-4333-8930-3eeb8cf836af:group-4F259F9E67CD:LeaderElection31] INFO  impl.RoleInfo (RoleInfo.java:updateAndGet(143)) - 129685ee-8122-4333-8930-3eeb8cf836af: start FollowerState
2019-08-29 08:34:05,509 | INFO  | SCMAudit | user=jenkins1000 | ip=192.168.69.89 | op=SEND_HEARTBEAT {datanodeUUID=4da055f9-cd9d-4c6f-9ab8-147a42717fcf, command=[]} | ret=SUCCESS |  
2019-08-29 08:34:05,509 | INFO  | SCMAudit | user=jenkins1000 | ip=192.168.69.89 | op=SEND_HEARTBEAT {datanodeUUID=f0c18ce4-0e5b-4823-99c8-fd716531bc5f, command=[]} | ret=SUCCESS |  
2019-08-29 08:34:05,511 | INFO  | SCMAudit | user=jenkins1000 | ip=192.168.69.89 | op=SEND_HEARTBEAT {datanodeUUID=02bf3283-c6bf-4588-a57c-baa459038378, command=[]} | ret=SUCCESS |  
2019-08-29 08:34:05,676 | INFO  | SCMAudit | user=jenkins1000 | ip=192.168.69.89 | op=SEND_HEARTBEAT {datanodeUUID=99586f2f-9d87-40a3-9061-4566008201fd, command=[]} | ret=SUCCESS |  
2019-08-29 08:34:05,676 | INFO  | SCMAudit | user=jenkins1000 | ip=192.168.69.89 | op=SEND_HEARTBEAT {datanodeUUID=bcbb4469-e902-4083-b3d9-1bab9ea4cd29, command=[]} | ret=SUCCESS |  
2019-08-29 08:34:05,677 | INFO  | SCMAudit | user=jenkins1000 | ip=192.168.69.89 | op=SEND_HEARTBEAT {datanodeUUID=e7b9916e-4eca-4156-a086-839e4ffd13a0, command=[]} | ret=SUCCESS |  
2019-08-29 08:34:05,932 [grpc-default-executor-6] INFO  client.GrpcClientProtocolClient (GrpcClientProtocolClient.java:onNext(255)) - client-5078A4917FB6->129685ee-8122-4333-8930-3eeb8cf836af: receive RaftClientReply:client-5078A4917FB6->129685ee-8122-4333-8930-3eeb8cf836af@group-4F259F9E67CD, cid=61, FAILED org.apache.ratis.protocol.NotLeaderException: Server 129685ee-8122-4333-8930-3eeb8cf836af is not the leader (null). Request must be sent to leader., logIndex=0, commits[129685ee-8122-4333-8930-3eeb8cf836af:c16, 802c6c9d-4843-417e-8983-b6e40533cc1c:c16, fe546585-3c52-42ae-8754-1a35dad17d3f:c16]
2019-08-29 08:34:05,937 [grpc-default-executor-5] WARN  server.GrpcLogAppender (LogUtils.java:warn(134)) - 129685ee-8122-4333-8930-3eeb8cf836af->fe546585-3c52-42ae-8754-1a35dad17d3f: Failed appendEntries: org.apache.ratis.thirdparty.io.grpc.StatusRuntimeException: UNAVAILABLE: io exception
2019-08-29 08:34:05,939 [grpc-default-executor-3] WARN  server.GrpcLogAppender (LogUtils.java:warn(134)) - 129685ee-8122-4333-8930-3eeb8cf836af->802c6c9d-4843-417e-8983-b6e40533cc1c: Failed appendEntries: org.apache.ratis.thirdparty.io.grpc.StatusRuntimeException: UNAVAILABLE: io exception
2019-08-29 08:34:05,940 [grpc-default-executor-5] INFO  impl.FollowerInfo (FollowerInfo.java:lambda$new$0(50)) - 129685ee-8122-4333-8930-3eeb8cf836af->fe546585-3c52-42ae-8754-1a35dad17d3f: nextIndex: updateUnconditionally 0 -> 0
2019-08-29 08:34:05,940 [grpc-default-executor-3] INFO  impl.FollowerInfo (FollowerInfo.java:lambda$new$0(50)) - 129685ee-8122-4333-8930-3eeb8cf836af->802c6c9d-4843-417e-8983-b6e40533cc1c: nextIndex: updateUnconditionally 0 -> 0
2019-08-29 08:34:06,268 | INFO  | SCMAudit | user=jenkins1000 | ip=192.168.69.89 | op=SEND_HEARTBEAT {datanodeUUID=129685ee-8122-4333-8930-3eeb8cf836af, command=[]} | ret=SUCCESS |  
2019-08-29 08:34:06,388 | INFO  | SCMAudit | user=jenkins1000 | ip=192.168.69.89 | op=SEND_HEARTBEAT {datanodeUUID=7a9bfe55-9a1e-4d2f-9ebd-558835cfe40a, command=[]} | ret=SUCCESS |  
2019-08-29 08:34:06,440 [grpc-default-executor-2] WARN  server.GrpcLogAppender (LogUtils.java:warn(134)) - 129685ee-8122-4333-8930-3eeb8cf836af->fe546585-3c52-42ae-8754-1a35dad17d3f: Failed appendEntries: org.apache.ratis.thirdparty.io.grpc.StatusRuntimeException: UNAVAILABLE: io exception
2019-08-29 08:34:06,441 [grpc-default-executor-0] WARN  server.GrpcLogAppender (LogUtils.java:warn(134)) - 129685ee-8122-4333-8930-3eeb8cf836af->802c6c9d-4843-417e-8983-b6e40533cc1c: Failed appendEntries: org.apache.ratis.thirdparty.io.grpc.StatusRuntimeException: UNAVAILABLE: io exception
2019-08-29 08:34:06,441 [grpc-default-executor-2] INFO  impl.FollowerInfo (FollowerInfo.java:lambda$new$0(50)) - 129685ee-8122-4333-8930-3eeb8cf836af->fe546585-3c52-42ae-8754-1a35dad17d3f: nextIndex: updateUnconditionally 0 -> 0
2019-08-29 08:34:06,441 [grpc-default-executor-0] INFO  impl.FollowerInfo (FollowerInfo.java:lambda$new$0(50)) - 129685ee-8122-4333-8930-3eeb8cf836af->802c6c9d-4843-417e-8983-b6e40533cc1c: nextIndex: updateUnconditionally 0 -> 0
2019-08-29 08:34:06,509 | INFO  | SCMAudit | user=jenkins1000 | ip=192.168.69.89 | op=SEND_HEARTBEAT {datanodeUUID=4da055f9-cd9d-4c6f-9ab8-147a42717fcf, command=[]} | ret=SUCCESS |  
2019-08-29 08:34:06,510 | INFO  | SCMAudit | user=jenkins1000 | ip=192.168.69.89 | op=SEND_HEARTBEAT {datanodeUUID=f0c18ce4-0e5b-4823-99c8-fd716531bc5f, command=[]} | ret=SUCCESS |  
2019-08-29 08:34:06,511 | INFO  | SCMAudit | user=jenkins1000 | ip=192.168.69.89 | op=SEND_HEARTBEAT {datanodeUUID=02bf3283-c6bf-4588-a57c-baa459038378, command=[]} | ret=SUCCESS |  
2019-08-29 08:34:06,608 [Thread-996] INFO  impl.FollowerState (FollowerState.java:run(106)) - 129685ee-8122-4333-8930-3eeb8cf836af:group-4F259F9E67CD changes to CANDIDATE, lastRpcTime:1107, electionTimeout:1107ms
2019-08-29 08:34:06,609 [Thread-996] INFO  impl.RoleInfo (RoleInfo.java:shutdownFollowerState(121)) - 129685ee-8122-4333-8930-3eeb8cf836af: shutdown FollowerState
2019-08-29 08:34:06,609 [Thread-996] INFO  impl.RaftServerImpl (RaftServerImpl.java:setRole(171)) - 129685ee-8122-4333-8930-3eeb8cf836af:group-4F259F9E67CD changes role from FOLLOWER to CANDIDATE at term 6 for changeToCandidate
2019-08-29 08:34:06,609 [Thread-996] INFO  impl.RoleInfo (RoleInfo.java:updateAndGet(143)) - 129685ee-8122-4333-8930-3eeb8cf836af: start LeaderElection
2019-08-29 08:34:06,676 | INFO  | SCMAudit | user=jenkins1000 | ip=192.168.69.89 | op=SEND_HEARTBEAT {datanodeUUID=99586f2f-9d87-40a3-9061-4566008201fd, command=[]} | ret=SUCCESS |  
2019-08-29 08:34:06,676 | INFO  | SCMAudit | user=jenkins1000 | ip=192.168.69.89 | op=SEND_HEARTBEAT {datanodeUUID=bcbb4469-e902-4083-b3d9-1bab9ea4cd29, command=[]} | ret=SUCCESS |  
2019-08-29 08:34:06,676 | INFO  | SCMAudit | user=jenkins1000 | ip=192.168.69.89 | op=SEND_HEARTBEAT {datanodeUUID=e7b9916e-4eca-4156-a086-839e4ffd13a0, command=[]} | ret=SUCCESS |  
2019-08-29 08:34:06,944 [grpc-default-executor-3] WARN  server.GrpcLogAppender (LogUtils.java:warn(134)) - 129685ee-8122-4333-8930-3eeb8cf836af->802c6c9d-4843-417e-8983-b6e40533cc1c: Failed appendEntries: org.apache.ratis.thirdparty.io.grpc.StatusRuntimeException: UNAVAILABLE: io exception
2019-08-29 08:34:06,947 [grpc-default-executor-3] INFO  impl.FollowerInfo (FollowerInfo.java:lambda$new$0(50)) - 129685ee-8122-4333-8930-3eeb8cf836af->802c6c9d-4843-417e-8983-b6e40533cc1c: nextIndex: updateUnconditionally 0 -> 0
2019-08-29 08:34:06,947 [grpc-default-executor-6] WARN  server.GrpcLogAppender (LogUtils.java:warn(134)) - 129685ee-8122-4333-8930-3eeb8cf836af->fe546585-3c52-42ae-8754-1a35dad17d3f: Failed appendEntries: org.apache.ratis.thirdparty.io.grpc.StatusRuntimeException: UNAVAILABLE: io exception
2019-08-29 08:34:06,948 [grpc-default-executor-6] INFO  impl.FollowerInfo (FollowerInfo.java:lambda$new$0(50)) - 129685ee-8122-4333-8930-3eeb8cf836af->fe546585-3c52-42ae-8754-1a35dad17d3f: nextIndex: updateUnconditionally 0 -> 0
2019-08-29 08:34:07,267 | INFO  | SCMAudit | user=jenkins1000 | ip=192.168.69.89 | op=SEND_HEARTBEAT {datanodeUUID=129685ee-8122-4333-8930-3eeb8cf836af, command=[]} | ret=SUCCESS |  
2019-08-29 08:34:07,389 | INFO  | SCMAudit | user=jenkins1000 | ip=192.168.69.89 | op=SEND_HEARTBEAT {datanodeUUID=7a9bfe55-9a1e-4d2f-9ebd-558835cfe40a, command=[]} | ret=SUCCESS |  
2019-08-29 08:34:07,442 [grpc-default-executor-3] WARN  server.GrpcLogAppender (LogUtils.java:warn(134)) - 129685ee-8122-4333-8930-3eeb8cf836af->802c6c9d-4843-417e-8983-b6e40533cc1c: Failed appendEntries: org.apache.ratis.thirdparty.io.grpc.StatusRuntimeException: UNAVAILABLE: io exception
2019-08-29 08:34:07,442 [grpc-default-executor-1] WARN  server.GrpcLogAppender (LogUtils.java:warn(134)) - 129685ee-8122-4333-8930-3eeb8cf836af->fe546585-3c52-42ae-8754-1a35dad17d3f: Failed appendEntries: org.apache.ratis.thirdparty.io.grpc.StatusRuntimeException: UNAVAILABLE: io exception
2019-08-29 08:34:07,443 [grpc-default-executor-3] INFO  impl.FollowerInfo (FollowerInfo.java:lambda$new$0(50)) - 129685ee-8122-4333-8930-3eeb8cf836af->802c6c9d-4843-417e-8983-b6e40533cc1c: nextIndex: updateUnconditionally 0 -> 0
2019-08-29 08:34:07,443 [grpc-default-executor-1] INFO  impl.FollowerInfo (FollowerInfo.java:lambda$new$0(50)) - 129685ee-8122-4333-8930-3eeb8cf836af->fe546585-3c52-42ae-8754-1a35dad17d3f: nextIndex: updateUnconditionally 0 -> 0
2019-08-29 08:34:07,509 | INFO  | SCMAudit | user=jenkins1000 | ip=192.168.69.89 | op=SEND_HEARTBEAT {datanodeUUID=4da055f9-cd9d-4c6f-9ab8-147a42717fcf, command=[]} | ret=SUCCESS |  
2019-08-29 08:34:07,509 | INFO  | SCMAudit | user=jenkins1000 | ip=192.168.69.89 | op=SEND_HEARTBEAT {datanodeUUID=f0c18ce4-0e5b-4823-99c8-fd716531bc5f, command=[]} | ret=SUCCESS |  
2019-08-29 08:34:07,511 | INFO  | SCMAudit | user=jenkins1000 | ip=192.168.69.89 | op=SEND_HEARTBEAT {datanodeUUID=02bf3283-c6bf-4588-a57c-baa459038378, command=[]} | ret=SUCCESS |  
2019-08-29 08:34:07,676 | INFO  | SCMAudit | user=jenkins1000 | ip=192.168.69.89 | op=SEND_HEARTBEAT {datanodeUUID=99586f2f-9d87-40a3-9061-4566008201fd, command=[]} | ret=SUCCESS |  
2019-08-29 08:34:07,676 | INFO  | SCMAudit | user=jenkins1000 | ip=192.168.69.89 | op=SEND_HEARTBEAT {datanodeUUID=bcbb4469-e902-4083-b3d9-1bab9ea4cd29, command=[]} | ret=SUCCESS |  
2019-08-29 08:34:07,676 | INFO  | SCMAudit | user=jenkins1000 | ip=192.168.69.89 | op=SEND_HEARTBEAT {datanodeUUID=e7b9916e-4eca-4156-a086-839e4ffd13a0, command=[]} | ret=SUCCESS |  
2019-08-29 08:34:07,943 [grpc-default-executor-6] WARN  server.GrpcLogAppender (LogUtils.java:warn(134)) - 129685ee-8122-4333-8930-3eeb8cf836af->802c6c9d-4843-417e-8983-b6e40533cc1c: Failed appendEntries: org.apache.ratis.thirdparty.io.grpc.StatusRuntimeException: UNAVAILABLE: io exception
2019-08-29 08:34:07,943 [grpc-default-executor-5] WARN  server.GrpcLogAppender (LogUtils.java:warn(134)) - 129685ee-8122-4333-8930-3eeb8cf836af->fe546585-3c52-42ae-8754-1a35dad17d3f: Failed appendEntries: org.apache.ratis.thirdparty.io.grpc.StatusRuntimeException: UNAVAILABLE: io exception
2019-08-29 08:34:07,944 [grpc-default-executor-6] INFO  impl.FollowerInfo (FollowerInfo.java:lambda$new$0(50)) - 129685ee-8122-4333-8930-3eeb8cf836af->802c6c9d-4843-417e-8983-b6e40533cc1c: nextIndex: updateUnconditionally 0 -> 0
2019-08-29 08:34:07,944 [grpc-default-executor-5] INFO  impl.FollowerInfo (FollowerInfo.java:lambda$new$0(50)) - 129685ee-8122-4333-8930-3eeb8cf836af->fe546585-3c52-42ae-8754-1a35dad17d3f: nextIndex: updateUnconditionally 0 -> 0
2019-08-29 08:34:07,952 [129685ee-8122-4333-8930-3eeb8cf836af:group-4F259F9E67CD:LeaderElection32] INFO  impl.LeaderElection (LeaderElection.java:askForVotes(181)) - 129685ee-8122-4333-8930-3eeb8cf836af:group-4F259F9E67CD:LeaderElection32: begin an election at term 7 for 0: [802c6c9d-4843-417e-8983-b6e40533cc1c:192.168.69.89:37103, 129685ee-8122-4333-8930-3eeb8cf836af:192.168.69.89:45580, fe546585-3c52-42ae-8754-1a35dad17d3f:192.168.69.89:45996], old=null
2019-08-29 08:34:07,958 [129685ee-8122-4333-8930-3eeb8cf836af:group-4F259F9E67CD:LeaderElection32] INFO  impl.LeaderElection (LogUtils.java:infoOrTrace(149)) - 129685ee-8122-4333-8930-3eeb8cf836af:group-4F259F9E67CD:LeaderElection32 got exception when requesting votes: {}
java.util.concurrent.ExecutionException: org.apache.ratis.thirdparty.io.grpc.StatusRuntimeException: UNAVAILABLE: io exception
	at java.util.concurrent.FutureTask.report(FutureTask.java:122)
	at java.util.concurrent.FutureTask.get(FutureTask.java:192)
	at org.apache.ratis.server.impl.LeaderElection.waitForResults(LeaderElection.java:262)
	at org.apache.ratis.server.impl.LeaderElection.askForVotes(LeaderElection.java:200)
	at org.apache.ratis.server.impl.LeaderElection.run(LeaderElection.java:130)
	at java.lang.Thread.run(Thread.java:748)
Caused by: org.apache.ratis.thirdparty.io.grpc.StatusRuntimeException: UNAVAILABLE: io exception
	at org.apache.ratis.thirdparty.io.grpc.stub.ClientCalls.toStatusRuntimeException(ClientCalls.java:233)
	at org.apache.ratis.thirdparty.io.grpc.stub.ClientCalls.getUnchecked(ClientCalls.java:214)
	at org.apache.ratis.thirdparty.io.grpc.stub.ClientCalls.blockingUnaryCall(ClientCalls.java:139)
	at org.apache.ratis.proto.grpc.RaftServerProtocolServiceGrpc$RaftServerProtocolServiceBlockingStub.requestVote(RaftServerProtocolServiceGrpc.java:265)
	at org.apache.ratis.grpc.server.GrpcServerProtocolClient.requestVote(GrpcServerProtocolClient.java:83)
	at org.apache.ratis.grpc.server.GrpcService.requestVote(GrpcService.java:195)
	at org.apache.ratis.server.impl.LeaderElection.lambda$submitRequests$1(LeaderElection.java:237)
	at java.util.concurrent.FutureTask.run(FutureTask.java:266)
	at java.util.concurrent.Executors$RunnableAdapter.call(Executors.java:511)
	at java.util.concurrent.FutureTask.run(FutureTask.java:266)
	at java.util.concurrent.ThreadPoolExecutor.runWorker(ThreadPoolExecutor.java:1149)
	at java.util.concurrent.ThreadPoolExecutor$Worker.run(ThreadPoolExecutor.java:624)
	... 1 more
Caused by: org.apache.ratis.thirdparty.io.netty.channel.AbstractChannel$AnnotatedConnectException: Connection refused: /192.168.69.89:45996
	at sun.nio.ch.SocketChannelImpl.checkConnect(Native Method)
	at sun.nio.ch.SocketChannelImpl.finishConnect(SocketChannelImpl.java:717)
	at org.apache.ratis.thirdparty.io.netty.channel.socket.nio.NioSocketChannel.doFinishConnect(NioSocketChannel.java:327)
	at org.apache.ratis.thirdparty.io.netty.channel.nio.AbstractNioChannel$AbstractNioUnsafe.finishConnect(AbstractNioChannel.java:340)
	at org.apache.ratis.thirdparty.io.netty.channel.nio.NioEventLoop.processSelectedKey(NioEventLoop.java:632)
	at org.apache.ratis.thirdparty.io.netty.channel.nio.NioEventLoop.processSelectedKeysOptimized(NioEventLoop.java:579)
	at org.apache.ratis.thirdparty.io.netty.channel.nio.NioEventLoop.processSelectedKeys(NioEventLoop.java:496)
	at org.apache.ratis.thirdparty.io.netty.channel.nio.NioEventLoop.run(NioEventLoop.java:458)
	at org.apache.ratis.thirdparty.io.netty.util.concurrent.SingleThreadEventExecutor$5.run(SingleThreadEventExecutor.java:897)
	at org.apache.ratis.thirdparty.io.netty.util.concurrent.FastThreadLocalRunnable.run(FastThreadLocalRunnable.java:30)
	... 1 more
Caused by: java.net.ConnectException: Connection refused
	... 11 more
2019-08-29 08:34:07,961 [grpc-default-executor-3] INFO  client.GrpcClientProtocolClient (GrpcClientProtocolClient.java:onNext(255)) - client-5078A4917FB6->129685ee-8122-4333-8930-3eeb8cf836af: receive RaftClientReply:client-5078A4917FB6->129685ee-8122-4333-8930-3eeb8cf836af@group-4F259F9E67CD, cid=61, FAILED org.apache.ratis.protocol.NotLeaderException: Server 129685ee-8122-4333-8930-3eeb8cf836af is not the leader (null). Request must be sent to leader., logIndex=0, commits[129685ee-8122-4333-8930-3eeb8cf836af:c16, 802c6c9d-4843-417e-8983-b6e40533cc1c:c16, fe546585-3c52-42ae-8754-1a35dad17d3f:c16]
2019-08-29 08:34:07,961 [129685ee-8122-4333-8930-3eeb8cf836af:group-4F259F9E67CD:LeaderElection32] INFO  impl.LeaderElection (LogUtils.java:infoOrTrace(149)) - 129685ee-8122-4333-8930-3eeb8cf836af:group-4F259F9E67CD:LeaderElection32 got exception when requesting votes: {}
java.util.concurrent.ExecutionException: org.apache.ratis.thirdparty.io.grpc.StatusRuntimeException: UNAVAILABLE: io exception
	at java.util.concurrent.FutureTask.report(FutureTask.java:122)
	at java.util.concurrent.FutureTask.get(FutureTask.java:192)
	at org.apache.ratis.server.impl.LeaderElection.waitForResults(LeaderElection.java:262)
	at org.apache.ratis.server.impl.LeaderElection.askForVotes(LeaderElection.java:200)
	at org.apache.ratis.server.impl.LeaderElection.run(LeaderElection.java:130)
	at java.lang.Thread.run(Thread.java:748)
Caused by: org.apache.ratis.thirdparty.io.grpc.StatusRuntimeException: UNAVAILABLE: io exception
	at org.apache.ratis.thirdparty.io.grpc.stub.ClientCalls.toStatusRuntimeException(ClientCalls.java:233)
	at org.apache.ratis.thirdparty.io.grpc.stub.ClientCalls.getUnchecked(ClientCalls.java:214)
	at org.apache.ratis.thirdparty.io.grpc.stub.ClientCalls.blockingUnaryCall(ClientCalls.java:139)
	at org.apache.ratis.proto.grpc.RaftServerProtocolServiceGrpc$RaftServerProtocolServiceBlockingStub.requestVote(RaftServerProtocolServiceGrpc.java:265)
	at org.apache.ratis.grpc.server.GrpcServerProtocolClient.requestVote(GrpcServerProtocolClient.java:83)
	at org.apache.ratis.grpc.server.GrpcService.requestVote(GrpcService.java:195)
	at org.apache.ratis.server.impl.LeaderElection.lambda$submitRequests$1(LeaderElection.java:237)
	at java.util.concurrent.FutureTask.run(FutureTask.java:266)
	at java.util.concurrent.Executors$RunnableAdapter.call(Executors.java:511)
	at java.util.concurrent.FutureTask.run(FutureTask.java:266)
	at java.util.concurrent.ThreadPoolExecutor.runWorker(ThreadPoolExecutor.java:1149)
	at java.util.concurrent.ThreadPoolExecutor$Worker.run(ThreadPoolExecutor.java:624)
	... 1 more
Caused by: org.apache.ratis.thirdparty.io.netty.channel.AbstractChannel$AnnotatedConnectException: Connection refused: /192.168.69.89:37103
	at sun.nio.ch.SocketChannelImpl.checkConnect(Native Method)
	at sun.nio.ch.SocketChannelImpl.finishConnect(SocketChannelImpl.java:717)
	at org.apache.ratis.thirdparty.io.netty.channel.socket.nio.NioSocketChannel.doFinishConnect(NioSocketChannel.java:327)
	at org.apache.ratis.thirdparty.io.netty.channel.nio.AbstractNioChannel$AbstractNioUnsafe.finishConnect(AbstractNioChannel.java:340)
	at org.apache.ratis.thirdparty.io.netty.channel.nio.NioEventLoop.processSelectedKey(NioEventLoop.java:632)
	at org.apache.ratis.thirdparty.io.netty.channel.nio.NioEventLoop.processSelectedKeysOptimized(NioEventLoop.java:579)
	at org.apache.ratis.thirdparty.io.netty.channel.nio.NioEventLoop.processSelectedKeys(NioEventLoop.java:496)
	at org.apache.ratis.thirdparty.io.netty.channel.nio.NioEventLoop.run(NioEventLoop.java:458)
	at org.apache.ratis.thirdparty.io.netty.util.concurrent.SingleThreadEventExecutor$5.run(SingleThreadEventExecutor.java:897)
	at org.apache.ratis.thirdparty.io.netty.util.concurrent.FastThreadLocalRunnable.run(FastThreadLocalRunnable.java:30)
	... 1 more
Caused by: java.net.ConnectException: Connection refused
	... 11 more
2019-08-29 08:34:07,967 [129685ee-8122-4333-8930-3eeb8cf836af:group-4F259F9E67CD:LeaderElection32] INFO  impl.LeaderElection (LeaderElection.java:logAndReturn(56)) - 129685ee-8122-4333-8930-3eeb8cf836af:group-4F259F9E67CD:LeaderElection32: Election REJECTED; received 0 response(s) [] and 2 exception(s); 129685ee-8122-4333-8930-3eeb8cf836af:t7, leader=null, voted=129685ee-8122-4333-8930-3eeb8cf836af, raftlog=129685ee-8122-4333-8930-3eeb8cf836af-SegmentedRaftLog:OPENED:c16,f16,i16, conf=0: [802c6c9d-4843-417e-8983-b6e40533cc1c:192.168.69.89:37103, 129685ee-8122-4333-8930-3eeb8cf836af:192.168.69.89:45580, fe546585-3c52-42ae-8754-1a35dad17d3f:192.168.69.89:45996], old=null
2019-08-29 08:34:07,967 [129685ee-8122-4333-8930-3eeb8cf836af:group-4F259F9E67CD:LeaderElection32] INFO  impl.LeaderElection (LogUtils.java:infoOrTrace(149)) -   Exception 0: {}
java.util.concurrent.ExecutionException: org.apache.ratis.thirdparty.io.grpc.StatusRuntimeException: UNAVAILABLE: io exception
	at java.util.concurrent.FutureTask.report(FutureTask.java:122)
	at java.util.concurrent.FutureTask.get(FutureTask.java:192)
	at org.apache.ratis.server.impl.LeaderElection.waitForResults(LeaderElection.java:262)
	at org.apache.ratis.server.impl.LeaderElection.askForVotes(LeaderElection.java:200)
	at org.apache.ratis.server.impl.LeaderElection.run(LeaderElection.java:130)
	at java.lang.Thread.run(Thread.java:748)
Caused by: org.apache.ratis.thirdparty.io.grpc.StatusRuntimeException: UNAVAILABLE: io exception
	at org.apache.ratis.thirdparty.io.grpc.stub.ClientCalls.toStatusRuntimeException(ClientCalls.java:233)
	at org.apache.ratis.thirdparty.io.grpc.stub.ClientCalls.getUnchecked(ClientCalls.java:214)
	at org.apache.ratis.thirdparty.io.grpc.stub.ClientCalls.blockingUnaryCall(ClientCalls.java:139)
	at org.apache.ratis.proto.grpc.RaftServerProtocolServiceGrpc$RaftServerProtocolServiceBlockingStub.requestVote(RaftServerProtocolServiceGrpc.java:265)
	at org.apache.ratis.grpc.server.GrpcServerProtocolClient.requestVote(GrpcServerProtocolClient.java:83)
	at org.apache.ratis.grpc.server.GrpcService.requestVote(GrpcService.java:195)
	at org.apache.ratis.server.impl.LeaderElection.lambda$submitRequests$1(LeaderElection.java:237)
	at java.util.concurrent.FutureTask.run(FutureTask.java:266)
	at java.util.concurrent.Executors$RunnableAdapter.call(Executors.java:511)
	at java.util.concurrent.FutureTask.run(FutureTask.java:266)
	at java.util.concurrent.ThreadPoolExecutor.runWorker(ThreadPoolExecutor.java:1149)
	at java.util.concurrent.ThreadPoolExecutor$Worker.run(ThreadPoolExecutor.java:624)
	... 1 more
Caused by: org.apache.ratis.thirdparty.io.netty.channel.AbstractChannel$AnnotatedConnectException: Connection refused: /192.168.69.89:45996
	at sun.nio.ch.SocketChannelImpl.checkConnect(Native Method)
	at sun.nio.ch.SocketChannelImpl.finishConnect(SocketChannelImpl.java:717)
	at org.apache.ratis.thirdparty.io.netty.channel.socket.nio.NioSocketChannel.doFinishConnect(NioSocketChannel.java:327)
	at org.apache.ratis.thirdparty.io.netty.channel.nio.AbstractNioChannel$AbstractNioUnsafe.finishConnect(AbstractNioChannel.java:340)
	at org.apache.ratis.thirdparty.io.netty.channel.nio.NioEventLoop.processSelectedKey(NioEventLoop.java:632)
	at org.apache.ratis.thirdparty.io.netty.channel.nio.NioEventLoop.processSelectedKeysOptimized(NioEventLoop.java:579)
	at org.apache.ratis.thirdparty.io.netty.channel.nio.NioEventLoop.processSelectedKeys(NioEventLoop.java:496)
	at org.apache.ratis.thirdparty.io.netty.channel.nio.NioEventLoop.run(NioEventLoop.java:458)
	at org.apache.ratis.thirdparty.io.netty.util.concurrent.SingleThreadEventExecutor$5.run(SingleThreadEventExecutor.java:897)
	at org.apache.ratis.thirdparty.io.netty.util.concurrent.FastThreadLocalRunnable.run(FastThreadLocalRunnable.java:30)
	... 1 more
Caused by: java.net.ConnectException: Connection refused
	... 11 more
2019-08-29 08:34:07,970 [129685ee-8122-4333-8930-3eeb8cf836af:group-4F259F9E67CD:LeaderElection32] INFO  impl.LeaderElection (LogUtils.java:infoOrTrace(149)) -   Exception 1: {}
java.util.concurrent.ExecutionException: org.apache.ratis.thirdparty.io.grpc.StatusRuntimeException: UNAVAILABLE: io exception
	at java.util.concurrent.FutureTask.report(FutureTask.java:122)
	at java.util.concurrent.FutureTask.get(FutureTask.java:192)
	at org.apache.ratis.server.impl.LeaderElection.waitForResults(LeaderElection.java:262)
	at org.apache.ratis.server.impl.LeaderElection.askForVotes(LeaderElection.java:200)
	at org.apache.ratis.server.impl.LeaderElection.run(LeaderElection.java:130)
	at java.lang.Thread.run(Thread.java:748)
Caused by: org.apache.ratis.thirdparty.io.grpc.StatusRuntimeException: UNAVAILABLE: io exception
	at org.apache.ratis.thirdparty.io.grpc.stub.ClientCalls.toStatusRuntimeException(ClientCalls.java:233)
	at org.apache.ratis.thirdparty.io.grpc.stub.ClientCalls.getUnchecked(ClientCalls.java:214)
	at org.apache.ratis.thirdparty.io.grpc.stub.ClientCalls.blockingUnaryCall(ClientCalls.java:139)
	at org.apache.ratis.proto.grpc.RaftServerProtocolServiceGrpc$RaftServerProtocolServiceBlockingStub.requestVote(RaftServerProtocolServiceGrpc.java:265)
	at org.apache.ratis.grpc.server.GrpcServerProtocolClient.requestVote(GrpcServerProtocolClient.java:83)
	at org.apache.ratis.grpc.server.GrpcService.requestVote(GrpcService.java:195)
	at org.apache.ratis.server.impl.LeaderElection.lambda$submitRequests$1(LeaderElection.java:237)
	at java.util.concurrent.FutureTask.run(FutureTask.java:266)
	at java.util.concurrent.Executors$RunnableAdapter.call(Executors.java:511)
	at java.util.concurrent.FutureTask.run(FutureTask.java:266)
	at java.util.concurrent.ThreadPoolExecutor.runWorker(ThreadPoolExecutor.java:1149)
	at java.util.concurrent.ThreadPoolExecutor$Worker.run(ThreadPoolExecutor.java:624)
	... 1 more
Caused by: org.apache.ratis.thirdparty.io.netty.channel.AbstractChannel$AnnotatedConnectException: Connection refused: /192.168.69.89:37103
	at sun.nio.ch.SocketChannelImpl.checkConnect(Native Method)
	at sun.nio.ch.SocketChannelImpl.finishConnect(SocketChannelImpl.java:717)
	at org.apache.ratis.thirdparty.io.netty.channel.socket.nio.NioSocketChannel.doFinishConnect(NioSocketChannel.java:327)
	at org.apache.ratis.thirdparty.io.netty.channel.nio.AbstractNioChannel$AbstractNioUnsafe.finishConnect(AbstractNioChannel.java:340)
	at org.apache.ratis.thirdparty.io.netty.channel.nio.NioEventLoop.processSelectedKey(NioEventLoop.java:632)
	at org.apache.ratis.thirdparty.io.netty.channel.nio.NioEventLoop.processSelectedKeysOptimized(NioEventLoop.java:579)
	at org.apache.ratis.thirdparty.io.netty.channel.nio.NioEventLoop.processSelectedKeys(NioEventLoop.java:496)
	at org.apache.ratis.thirdparty.io.netty.channel.nio.NioEventLoop.run(NioEventLoop.java:458)
	at org.apache.ratis.thirdparty.io.netty.util.concurrent.SingleThreadEventExecutor$5.run(SingleThreadEventExecutor.java:897)
	at org.apache.ratis.thirdparty.io.netty.util.concurrent.FastThreadLocalRunnable.run(FastThreadLocalRunnable.java:30)
	... 1 more
Caused by: java.net.ConnectException: Connection refused
	... 11 more
2019-08-29 08:34:07,970 [129685ee-8122-4333-8930-3eeb8cf836af:group-4F259F9E67CD:LeaderElection32] INFO  impl.RaftServerImpl (RaftServerImpl.java:setRole(171)) - 129685ee-8122-4333-8930-3eeb8cf836af:group-4F259F9E67CD changes role from CANDIDATE to FOLLOWER at term 7 for DISCOVERED_A_NEW_TERM
2019-08-29 08:34:07,970 [129685ee-8122-4333-8930-3eeb8cf836af:group-4F259F9E67CD:LeaderElection32] INFO  impl.RoleInfo (RoleInfo.java:shutdownLeaderElection(134)) - 129685ee-8122-4333-8930-3eeb8cf836af: shutdown LeaderElection
2019-08-29 08:34:07,970 [129685ee-8122-4333-8930-3eeb8cf836af:group-4F259F9E67CD:LeaderElection32] INFO  impl.RoleInfo (RoleInfo.java:updateAndGet(143)) - 129685ee-8122-4333-8930-3eeb8cf836af: start FollowerState
2019-08-29 08:34:08,268 | INFO  | SCMAudit | user=jenkins1000 | ip=192.168.69.89 | op=SEND_HEARTBEAT {datanodeUUID=129685ee-8122-4333-8930-3eeb8cf836af, command=[]} | ret=SUCCESS |  
2019-08-29 08:34:08,389 | INFO  | SCMAudit | user=jenkins1000 | ip=192.168.69.89 | op=SEND_HEARTBEAT {datanodeUUID=7a9bfe55-9a1e-4d2f-9ebd-558835cfe40a, command=[]} | ret=SUCCESS |  
2019-08-29 08:34:08,441 [grpc-default-executor-3] WARN  server.GrpcLogAppender (LogUtils.java:warn(134)) - 129685ee-8122-4333-8930-3eeb8cf836af->fe546585-3c52-42ae-8754-1a35dad17d3f: Failed appendEntries: org.apache.ratis.thirdparty.io.grpc.StatusRuntimeException: UNAVAILABLE: io exception
2019-08-29 08:34:08,442 [grpc-default-executor-5] WARN  server.GrpcLogAppender (LogUtils.java:warn(134)) - 129685ee-8122-4333-8930-3eeb8cf836af->802c6c9d-4843-417e-8983-b6e40533cc1c: Failed appendEntries: org.apache.ratis.thirdparty.io.grpc.StatusRuntimeException: UNAVAILABLE: io exception
2019-08-29 08:34:08,442 [grpc-default-executor-3] INFO  impl.FollowerInfo (FollowerInfo.java:lambda$new$0(50)) - 129685ee-8122-4333-8930-3eeb8cf836af->fe546585-3c52-42ae-8754-1a35dad17d3f: nextIndex: updateUnconditionally 0 -> 0
2019-08-29 08:34:08,443 [grpc-default-executor-5] INFO  impl.FollowerInfo (FollowerInfo.java:lambda$new$0(50)) - 129685ee-8122-4333-8930-3eeb8cf836af->802c6c9d-4843-417e-8983-b6e40533cc1c: nextIndex: updateUnconditionally 0 -> 0
2019-08-29 08:34:08,509 | INFO  | SCMAudit | user=jenkins1000 | ip=192.168.69.89 | op=SEND_HEARTBEAT {datanodeUUID=4da055f9-cd9d-4c6f-9ab8-147a42717fcf, command=[]} | ret=SUCCESS |  
2019-08-29 08:34:08,510 | INFO  | SCMAudit | user=jenkins1000 | ip=192.168.69.89 | op=SEND_HEARTBEAT {datanodeUUID=f0c18ce4-0e5b-4823-99c8-fd716531bc5f, command=[]} | ret=SUCCESS |  
2019-08-29 08:34:08,511 | INFO  | SCMAudit | user=jenkins1000 | ip=192.168.69.89 | op=SEND_HEARTBEAT {datanodeUUID=02bf3283-c6bf-4588-a57c-baa459038378, command=[]} | ret=SUCCESS |  
2019-08-29 08:34:08,676 | INFO  | SCMAudit | user=jenkins1000 | ip=192.168.69.89 | op=SEND_HEARTBEAT {datanodeUUID=99586f2f-9d87-40a3-9061-4566008201fd, command=[]} | ret=SUCCESS |  
2019-08-29 08:34:08,676 | INFO  | SCMAudit | user=jenkins1000 | ip=192.168.69.89 | op=SEND_HEARTBEAT {datanodeUUID=bcbb4469-e902-4083-b3d9-1bab9ea4cd29, command=[]} | ret=SUCCESS |  
2019-08-29 08:34:08,677 | INFO  | SCMAudit | user=jenkins1000 | ip=192.168.69.89 | op=SEND_HEARTBEAT {datanodeUUID=e7b9916e-4eca-4156-a086-839e4ffd13a0, command=[]} | ret=SUCCESS |  
2019-08-29 08:34:08,945 [grpc-default-executor-1] WARN  server.GrpcLogAppender (LogUtils.java:warn(134)) - 129685ee-8122-4333-8930-3eeb8cf836af->fe546585-3c52-42ae-8754-1a35dad17d3f: Failed appendEntries: org.apache.ratis.thirdparty.io.grpc.StatusRuntimeException: UNAVAILABLE: io exception
2019-08-29 08:34:08,945 [grpc-default-executor-0] WARN  server.GrpcLogAppender (LogUtils.java:warn(134)) - 129685ee-8122-4333-8930-3eeb8cf836af->802c6c9d-4843-417e-8983-b6e40533cc1c: Failed appendEntries: org.apache.ratis.thirdparty.io.grpc.StatusRuntimeException: UNAVAILABLE: io exception
2019-08-29 08:34:08,946 [grpc-default-executor-1] INFO  impl.FollowerInfo (FollowerInfo.java:lambda$new$0(50)) - 129685ee-8122-4333-8930-3eeb8cf836af->fe546585-3c52-42ae-8754-1a35dad17d3f: nextIndex: updateUnconditionally 0 -> 0
2019-08-29 08:34:08,947 [grpc-default-executor-0] INFO  impl.FollowerInfo (FollowerInfo.java:lambda$new$0(50)) - 129685ee-8122-4333-8930-3eeb8cf836af->802c6c9d-4843-417e-8983-b6e40533cc1c: nextIndex: updateUnconditionally 0 -> 0
2019-08-29 08:34:09,127 [Thread-1026] INFO  impl.FollowerState (FollowerState.java:run(106)) - 129685ee-8122-4333-8930-3eeb8cf836af:group-4F259F9E67CD changes to CANDIDATE, lastRpcTime:1156, electionTimeout:1156ms
2019-08-29 08:34:09,127 [Thread-1026] INFO  impl.RoleInfo (RoleInfo.java:shutdownFollowerState(121)) - 129685ee-8122-4333-8930-3eeb8cf836af: shutdown FollowerState
2019-08-29 08:34:09,127 [Thread-1026] INFO  impl.RaftServerImpl (RaftServerImpl.java:setRole(171)) - 129685ee-8122-4333-8930-3eeb8cf836af:group-4F259F9E67CD changes role from FOLLOWER to CANDIDATE at term 7 for changeToCandidate
2019-08-29 08:34:09,128 [Thread-1026] INFO  impl.RoleInfo (RoleInfo.java:updateAndGet(143)) - 129685ee-8122-4333-8930-3eeb8cf836af: start LeaderElection
2019-08-29 08:34:09,269 | INFO  | SCMAudit | user=jenkins1000 | ip=192.168.69.89 | op=SEND_HEARTBEAT {datanodeUUID=129685ee-8122-4333-8930-3eeb8cf836af, command=[]} | ret=SUCCESS |  
2019-08-29 08:34:09,389 | INFO  | SCMAudit | user=jenkins1000 | ip=192.168.69.89 | op=SEND_HEARTBEAT {datanodeUUID=7a9bfe55-9a1e-4d2f-9ebd-558835cfe40a, command=[]} | ret=SUCCESS |  
2019-08-29 08:34:09,446 [grpc-default-executor-5] WARN  server.GrpcLogAppender (LogUtils.java:warn(134)) - 129685ee-8122-4333-8930-3eeb8cf836af->fe546585-3c52-42ae-8754-1a35dad17d3f: Failed appendEntries: org.apache.ratis.thirdparty.io.grpc.StatusRuntimeException: UNAVAILABLE: io exception
2019-08-29 08:34:09,446 [grpc-default-executor-2] WARN  server.GrpcLogAppender (LogUtils.java:warn(134)) - 129685ee-8122-4333-8930-3eeb8cf836af->802c6c9d-4843-417e-8983-b6e40533cc1c: Failed appendEntries: org.apache.ratis.thirdparty.io.grpc.StatusRuntimeException: UNAVAILABLE: io exception
2019-08-29 08:34:09,447 [grpc-default-executor-5] INFO  impl.FollowerInfo (FollowerInfo.java:lambda$new$0(50)) - 129685ee-8122-4333-8930-3eeb8cf836af->fe546585-3c52-42ae-8754-1a35dad17d3f: nextIndex: updateUnconditionally 0 -> 0
2019-08-29 08:34:09,447 [grpc-default-executor-2] INFO  impl.FollowerInfo (FollowerInfo.java:lambda$new$0(50)) - 129685ee-8122-4333-8930-3eeb8cf836af->802c6c9d-4843-417e-8983-b6e40533cc1c: nextIndex: updateUnconditionally 0 -> 0
2019-08-29 08:34:09,509 | INFO  | SCMAudit | user=jenkins1000 | ip=192.168.69.89 | op=SEND_HEARTBEAT {datanodeUUID=4da055f9-cd9d-4c6f-9ab8-147a42717fcf, command=[]} | ret=SUCCESS |  
2019-08-29 08:34:09,509 | INFO  | SCMAudit | user=jenkins1000 | ip=192.168.69.89 | op=SEND_HEARTBEAT {datanodeUUID=f0c18ce4-0e5b-4823-99c8-fd716531bc5f, command=[]} | ret=SUCCESS |  
2019-08-29 08:34:09,511 | INFO  | SCMAudit | user=jenkins1000 | ip=192.168.69.89 | op=SEND_HEARTBEAT {datanodeUUID=02bf3283-c6bf-4588-a57c-baa459038378, command=[]} | ret=SUCCESS |  
2019-08-29 08:34:09,676 | INFO  | SCMAudit | user=jenkins1000 | ip=192.168.69.89 | op=SEND_HEARTBEAT {datanodeUUID=99586f2f-9d87-40a3-9061-4566008201fd, command=[]} | ret=SUCCESS |  
2019-08-29 08:34:09,676 | INFO  | SCMAudit | user=jenkins1000 | ip=192.168.69.89 | op=SEND_HEARTBEAT {datanodeUUID=bcbb4469-e902-4083-b3d9-1bab9ea4cd29, command=[]} | ret=SUCCESS |  
2019-08-29 08:34:09,676 | INFO  | SCMAudit | user=jenkins1000 | ip=192.168.69.89 | op=SEND_HEARTBEAT {datanodeUUID=e7b9916e-4eca-4156-a086-839e4ffd13a0, command=[]} | ret=SUCCESS |  
2019-08-29 08:34:09,947 [grpc-default-executor-1] WARN  server.GrpcLogAppender (LogUtils.java:warn(134)) - 129685ee-8122-4333-8930-3eeb8cf836af->802c6c9d-4843-417e-8983-b6e40533cc1c: Failed appendEntries: org.apache.ratis.thirdparty.io.grpc.StatusRuntimeException: UNAVAILABLE: io exception
2019-08-29 08:34:09,947 [grpc-default-executor-2] WARN  server.GrpcLogAppender (LogUtils.java:warn(134)) - 129685ee-8122-4333-8930-3eeb8cf836af->fe546585-3c52-42ae-8754-1a35dad17d3f: Failed appendEntries: org.apache.ratis.thirdparty.io.grpc.StatusRuntimeException: UNAVAILABLE: io exception
2019-08-29 08:34:09,947 [grpc-default-executor-1] INFO  impl.FollowerInfo (FollowerInfo.java:lambda$new$0(50)) - 129685ee-8122-4333-8930-3eeb8cf836af->802c6c9d-4843-417e-8983-b6e40533cc1c: nextIndex: updateUnconditionally 0 -> 0
2019-08-29 08:34:09,948 [grpc-default-executor-2] INFO  impl.FollowerInfo (FollowerInfo.java:lambda$new$0(50)) - 129685ee-8122-4333-8930-3eeb8cf836af->fe546585-3c52-42ae-8754-1a35dad17d3f: nextIndex: updateUnconditionally 0 -> 0
2019-08-29 08:34:10,006 [grpc-default-executor-1] INFO  client.GrpcClientProtocolClient (GrpcClientProtocolClient.java:onNext(255)) - client-5078A4917FB6->129685ee-8122-4333-8930-3eeb8cf836af: receive RaftClientReply:client-5078A4917FB6->129685ee-8122-4333-8930-3eeb8cf836af@group-4F259F9E67CD, cid=61, FAILED org.apache.ratis.protocol.NotLeaderException: Server 129685ee-8122-4333-8930-3eeb8cf836af is not the leader (null). Request must be sent to leader., logIndex=0, commits[129685ee-8122-4333-8930-3eeb8cf836af:c16, 802c6c9d-4843-417e-8983-b6e40533cc1c:c16, fe546585-3c52-42ae-8754-1a35dad17d3f:c16]
2019-08-29 08:34:10,268 | INFO  | SCMAudit | user=jenkins1000 | ip=192.168.69.89 | op=SEND_HEARTBEAT {datanodeUUID=129685ee-8122-4333-8930-3eeb8cf836af, command=[]} | ret=SUCCESS |  
2019-08-29 08:34:10,388 | INFO  | SCMAudit | user=jenkins1000 | ip=192.168.69.89 | op=SEND_HEARTBEAT {datanodeUUID=7a9bfe55-9a1e-4d2f-9ebd-558835cfe40a, command=[]} | ret=SUCCESS |  
2019-08-29 08:34:10,448 [grpc-default-executor-5] WARN  server.GrpcLogAppender (LogUtils.java:warn(134)) - 129685ee-8122-4333-8930-3eeb8cf836af->802c6c9d-4843-417e-8983-b6e40533cc1c: Failed appendEntries: org.apache.ratis.thirdparty.io.grpc.StatusRuntimeException: UNAVAILABLE: io exception
2019-08-29 08:34:10,448 [grpc-default-executor-2] WARN  server.GrpcLogAppender (LogUtils.java:warn(134)) - 129685ee-8122-4333-8930-3eeb8cf836af->fe546585-3c52-42ae-8754-1a35dad17d3f: Failed appendEntries: org.apache.ratis.thirdparty.io.grpc.StatusRuntimeException: UNAVAILABLE: io exception
2019-08-29 08:34:10,449 [grpc-default-executor-5] INFO  impl.FollowerInfo (FollowerInfo.java:lambda$new$0(50)) - 129685ee-8122-4333-8930-3eeb8cf836af->802c6c9d-4843-417e-8983-b6e40533cc1c: nextIndex: updateUnconditionally 0 -> 0
2019-08-29 08:34:10,449 [grpc-default-executor-2] INFO  impl.FollowerInfo (FollowerInfo.java:lambda$new$0(50)) - 129685ee-8122-4333-8930-3eeb8cf836af->fe546585-3c52-42ae-8754-1a35dad17d3f: nextIndex: updateUnconditionally 0 -> 0
2019-08-29 08:34:10,508 | INFO  | SCMAudit | user=jenkins1000 | ip=192.168.69.89 | op=SEND_HEARTBEAT {datanodeUUID=4da055f9-cd9d-4c6f-9ab8-147a42717fcf, command=[]} | ret=SUCCESS |  
2019-08-29 08:34:10,510 | INFO  | SCMAudit | user=jenkins1000 | ip=192.168.69.89 | op=SEND_HEARTBEAT {datanodeUUID=f0c18ce4-0e5b-4823-99c8-fd716531bc5f, command=[]} | ret=SUCCESS |  
2019-08-29 08:34:10,511 | INFO  | SCMAudit | user=jenkins1000 | ip=192.168.69.89 | op=SEND_HEARTBEAT {datanodeUUID=02bf3283-c6bf-4588-a57c-baa459038378, command=[]} | ret=SUCCESS |  
2019-08-29 08:34:10,676 | INFO  | SCMAudit | user=jenkins1000 | ip=192.168.69.89 | op=SEND_HEARTBEAT {datanodeUUID=bcbb4469-e902-4083-b3d9-1bab9ea4cd29, command=[]} | ret=SUCCESS |  
2019-08-29 08:34:10,676 | INFO  | SCMAudit | user=jenkins1000 | ip=192.168.69.89 | op=SEND_HEARTBEAT {datanodeUUID=99586f2f-9d87-40a3-9061-4566008201fd, command=[]} | ret=SUCCESS |  
2019-08-29 08:34:10,676 | INFO  | SCMAudit | user=jenkins1000 | ip=192.168.69.89 | op=SEND_HEARTBEAT {datanodeUUID=e7b9916e-4eca-4156-a086-839e4ffd13a0, command=[]} | ret=SUCCESS |  
2019-08-29 08:34:10,953 [grpc-default-executor-5] WARN  server.GrpcLogAppender (LogUtils.java:warn(134)) - 129685ee-8122-4333-8930-3eeb8cf836af->802c6c9d-4843-417e-8983-b6e40533cc1c: Failed appendEntries: org.apache.ratis.thirdparty.io.grpc.StatusRuntimeException: UNAVAILABLE: io exception
2019-08-29 08:34:10,953 [grpc-default-executor-3] WARN  server.GrpcLogAppender (LogUtils.java:warn(134)) - 129685ee-8122-4333-8930-3eeb8cf836af->fe546585-3c52-42ae-8754-1a35dad17d3f: Failed appendEntries: org.apache.ratis.thirdparty.io.grpc.StatusRuntimeException: UNAVAILABLE: io exception
2019-08-29 08:34:10,953 [grpc-default-executor-5] INFO  impl.FollowerInfo (FollowerInfo.java:lambda$new$0(50)) - 129685ee-8122-4333-8930-3eeb8cf836af->802c6c9d-4843-417e-8983-b6e40533cc1c: nextIndex: updateUnconditionally 0 -> 0
2019-08-29 08:34:10,953 [grpc-default-executor-3] INFO  impl.FollowerInfo (FollowerInfo.java:lambda$new$0(50)) - 129685ee-8122-4333-8930-3eeb8cf836af->fe546585-3c52-42ae-8754-1a35dad17d3f: nextIndex: updateUnconditionally 0 -> 0
2019-08-29 08:34:11,054 [main] WARN  io.KeyOutputStream (KeyOutputStream.java:handleException(276)) - Encountered exception java.io.IOException: Unexpected Storage Container Exception: java.util.concurrent.CompletionException: java.util.concurrent.CompletionException: org.apache.ratis.protocol.RaftRetryFailureException: Failed RaftClientRequest:client-5078A4917FB6->802c6c9d-4843-417e-8983-b6e40533cc1c@group-4F259F9E67CD, cid=61, seq=1*, RW, org.apache.hadoop.hdds.scm.XceiverClientRatis$$Lambda$600/1198045532@c6dc2cf for 10 attempts with RetryLimited(maxAttempts=10, sleepTime=1000ms) on the pipeline Pipeline[ Id: 9e321d5a-d5d8-48c0-844c-4f259f9e67cd, Nodes: fe546585-3c52-42ae-8754-1a35dad17d3f{ip: 192.168.69.89, host: pr-hdds-1569-7rqkn-550228749, networkLocation: /default-rack, certSerialId: null}802c6c9d-4843-417e-8983-b6e40533cc1c{ip: 192.168.69.89, host: pr-hdds-1569-7rqkn-550228749, networkLocation: /default-rack, certSerialId: null}129685ee-8122-4333-8930-3eeb8cf836af{ip: 192.168.69.89, host: pr-hdds-1569-7rqkn-550228749, networkLocation: /default-rack, certSerialId: null}, Type:RATIS, Factor:THREE, State:OPEN]. The last committed block length is 0, uncommitted data length is 2097152 retry count 0
2019-08-29 08:34:11,095 [grpc-default-executor-0] INFO  client.GrpcClientProtocolClient (GrpcClientProtocolClient.java:onNext(255)) - client-74F246C92584->99586f2f-9d87-40a3-9061-4566008201fd: receive RaftClientReply:client-74F246C92584->99586f2f-9d87-40a3-9061-4566008201fd@group-F65937874E2C, cid=65, FAILED org.apache.ratis.protocol.NotLeaderException: Server 99586f2f-9d87-40a3-9061-4566008201fd is not the leader (bcbb4469-e902-4083-b3d9-1bab9ea4cd29:192.168.69.89:42960). Request must be sent to leader., logIndex=0, commits[99586f2f-9d87-40a3-9061-4566008201fd:c29, bcbb4469-e902-4083-b3d9-1bab9ea4cd29:c29, e7b9916e-4eca-4156-a086-839e4ffd13a0:c29]
2019-08-29 08:34:11,268 | INFO  | SCMAudit | user=jenkins1000 | ip=192.168.69.89 | op=SEND_HEARTBEAT {datanodeUUID=129685ee-8122-4333-8930-3eeb8cf836af, command=[]} | ret=SUCCESS |  
2019-08-29 08:34:11,389 | INFO  | SCMAudit | user=jenkins1000 | ip=192.168.69.89 | op=SEND_HEARTBEAT {datanodeUUID=7a9bfe55-9a1e-4d2f-9ebd-558835cfe40a, command=[]} | ret=SUCCESS |  
2019-08-29 08:34:11,450 [grpc-default-executor-3] WARN  server.GrpcLogAppender (LogUtils.java:warn(134)) - 129685ee-8122-4333-8930-3eeb8cf836af->fe546585-3c52-42ae-8754-1a35dad17d3f: Failed appendEntries: org.apache.ratis.thirdparty.io.grpc.StatusRuntimeException: UNAVAILABLE: io exception
2019-08-29 08:34:11,450 [grpc-default-executor-2] WARN  server.GrpcLogAppender (LogUtils.java:warn(134)) - 129685ee-8122-4333-8930-3eeb8cf836af->802c6c9d-4843-417e-8983-b6e40533cc1c: Failed appendEntries: org.apache.ratis.thirdparty.io.grpc.StatusRuntimeException: UNAVAILABLE: io exception
2019-08-29 08:34:11,450 [grpc-default-executor-3] INFO  impl.FollowerInfo (FollowerInfo.java:lambda$new$0(50)) - 129685ee-8122-4333-8930-3eeb8cf836af->fe546585-3c52-42ae-8754-1a35dad17d3f: nextIndex: updateUnconditionally 0 -> 0
2019-08-29 08:34:11,450 [grpc-default-executor-2] INFO  impl.FollowerInfo (FollowerInfo.java:lambda$new$0(50)) - 129685ee-8122-4333-8930-3eeb8cf836af->802c6c9d-4843-417e-8983-b6e40533cc1c: nextIndex: updateUnconditionally 0 -> 0
2019-08-29 08:34:11,509 | INFO  | SCMAudit | user=jenkins1000 | ip=192.168.69.89 | op=SEND_HEARTBEAT {datanodeUUID=f0c18ce4-0e5b-4823-99c8-fd716531bc5f, command=[]} | ret=SUCCESS |  
2019-08-29 08:34:11,509 | INFO  | SCMAudit | user=jenkins1000 | ip=192.168.69.89 | op=SEND_HEARTBEAT {datanodeUUID=4da055f9-cd9d-4c6f-9ab8-147a42717fcf, command=[]} | ret=SUCCESS |  
2019-08-29 08:34:11,511 | INFO  | SCMAudit | user=jenkins1000 | ip=192.168.69.89 | op=SEND_HEARTBEAT {datanodeUUID=02bf3283-c6bf-4588-a57c-baa459038378, command=[]} | ret=SUCCESS |  
2019-08-29 08:34:11,676 | INFO  | SCMAudit | user=jenkins1000 | ip=192.168.69.89 | op=SEND_HEARTBEAT {datanodeUUID=bcbb4469-e902-4083-b3d9-1bab9ea4cd29, command=[]} | ret=SUCCESS |  
2019-08-29 08:34:11,676 | INFO  | SCMAudit | user=jenkins1000 | ip=192.168.69.89 | op=SEND_HEARTBEAT {datanodeUUID=99586f2f-9d87-40a3-9061-4566008201fd, command=[]} | ret=SUCCESS |  
2019-08-29 08:34:11,676 | INFO  | SCMAudit | user=jenkins1000 | ip=192.168.69.89 | op=SEND_HEARTBEAT {datanodeUUID=e7b9916e-4eca-4156-a086-839e4ffd13a0, command=[]} | ret=SUCCESS |  
2019-08-29 08:34:11,951 [grpc-default-executor-0] WARN  server.GrpcLogAppender (LogUtils.java:warn(134)) - 129685ee-8122-4333-8930-3eeb8cf836af->fe546585-3c52-42ae-8754-1a35dad17d3f: Failed appendEntries: org.apache.ratis.thirdparty.io.grpc.StatusRuntimeException: UNAVAILABLE: io exception
2019-08-29 08:34:11,951 [grpc-default-executor-3] WARN  server.GrpcLogAppender (LogUtils.java:warn(134)) - 129685ee-8122-4333-8930-3eeb8cf836af->802c6c9d-4843-417e-8983-b6e40533cc1c: Failed appendEntries: org.apache.ratis.thirdparty.io.grpc.StatusRuntimeException: UNAVAILABLE: io exception
2019-08-29 08:34:11,952 [grpc-default-executor-0] INFO  impl.FollowerInfo (FollowerInfo.java:lambda$new$0(50)) - 129685ee-8122-4333-8930-3eeb8cf836af->fe546585-3c52-42ae-8754-1a35dad17d3f: nextIndex: updateUnconditionally 0 -> 0
2019-08-29 08:34:11,952 [grpc-default-executor-3] INFO  impl.FollowerInfo (FollowerInfo.java:lambda$new$0(50)) - 129685ee-8122-4333-8930-3eeb8cf836af->802c6c9d-4843-417e-8983-b6e40533cc1c: nextIndex: updateUnconditionally 0 -> 0
2019-08-29 08:34:12,268 | INFO  | SCMAudit | user=jenkins1000 | ip=192.168.69.89 | op=SEND_HEARTBEAT {datanodeUUID=129685ee-8122-4333-8930-3eeb8cf836af, command=[]} | ret=SUCCESS |  
2019-08-29 08:34:12,388 | INFO  | SCMAudit | user=jenkins1000 | ip=192.168.69.89 | op=SEND_HEARTBEAT {datanodeUUID=7a9bfe55-9a1e-4d2f-9ebd-558835cfe40a, command=[]} | ret=SUCCESS |  
2019-08-29 08:34:12,452 [grpc-default-executor-5] WARN  server.GrpcLogAppender (LogUtils.java:warn(134)) - 129685ee-8122-4333-8930-3eeb8cf836af->fe546585-3c52-42ae-8754-1a35dad17d3f: Failed appendEntries: org.apache.ratis.thirdparty.io.grpc.StatusRuntimeException: UNAVAILABLE: io exception
2019-08-29 08:34:12,452 [grpc-default-executor-6] WARN  server.GrpcLogAppender (LogUtils.java:warn(134)) - 129685ee-8122-4333-8930-3eeb8cf836af->802c6c9d-4843-417e-8983-b6e40533cc1c: Failed appendEntries: org.apache.ratis.thirdparty.io.grpc.StatusRuntimeException: UNAVAILABLE: io exception
2019-08-29 08:34:12,452 [grpc-default-executor-5] INFO  impl.FollowerInfo (FollowerInfo.java:lambda$new$0(50)) - 129685ee-8122-4333-8930-3eeb8cf836af->fe546585-3c52-42ae-8754-1a35dad17d3f: nextIndex: updateUnconditionally 0 -> 0
2019-08-29 08:34:12,452 [grpc-default-executor-6] INFO  impl.FollowerInfo (FollowerInfo.java:lambda$new$0(50)) - 129685ee-8122-4333-8930-3eeb8cf836af->802c6c9d-4843-417e-8983-b6e40533cc1c: nextIndex: updateUnconditionally 0 -> 0
2019-08-29 08:34:12,510 | INFO  | SCMAudit | user=jenkins1000 | ip=192.168.69.89 | op=SEND_HEARTBEAT {datanodeUUID=4da055f9-cd9d-4c6f-9ab8-147a42717fcf, command=[]} | ret=SUCCESS |  
2019-08-29 08:34:12,510 | INFO  | SCMAudit | user=jenkins1000 | ip=192.168.69.89 | op=SEND_HEARTBEAT {datanodeUUID=f0c18ce4-0e5b-4823-99c8-fd716531bc5f, command=[]} | ret=SUCCESS |  
2019-08-29 08:34:12,511 | INFO  | SCMAudit | user=jenkins1000 | ip=192.168.69.89 | op=SEND_HEARTBEAT {datanodeUUID=02bf3283-c6bf-4588-a57c-baa459038378, command=[]} | ret=SUCCESS |  
2019-08-29 08:34:12,675 | INFO  | SCMAudit | user=jenkins1000 | ip=192.168.69.89 | op=SEND_HEARTBEAT {datanodeUUID=bcbb4469-e902-4083-b3d9-1bab9ea4cd29, command=[]} | ret=SUCCESS |  
2019-08-29 08:34:12,675 | INFO  | SCMAudit | user=jenkins1000 | ip=192.168.69.89 | op=SEND_HEARTBEAT {datanodeUUID=99586f2f-9d87-40a3-9061-4566008201fd, command=[]} | ret=SUCCESS |  
2019-08-29 08:34:12,676 | INFO  | SCMAudit | user=jenkins1000 | ip=192.168.69.89 | op=SEND_HEARTBEAT {datanodeUUID=e7b9916e-4eca-4156-a086-839e4ffd13a0, command=[]} | ret=SUCCESS |  
2019-08-29 08:34:12,953 [grpc-default-executor-0] WARN  server.GrpcLogAppender (LogUtils.java:warn(134)) - 129685ee-8122-4333-8930-3eeb8cf836af->802c6c9d-4843-417e-8983-b6e40533cc1c: Failed appendEntries: org.apache.ratis.thirdparty.io.grpc.StatusRuntimeException: UNAVAILABLE: io exception
2019-08-29 08:34:12,953 [grpc-default-executor-5] WARN  server.GrpcLogAppender (LogUtils.java:warn(134)) - 129685ee-8122-4333-8930-3eeb8cf836af->fe546585-3c52-42ae-8754-1a35dad17d3f: Failed appendEntries: org.apache.ratis.thirdparty.io.grpc.StatusRuntimeException: UNAVAILABLE: io exception
2019-08-29 08:34:12,953 [grpc-default-executor-0] INFO  impl.FollowerInfo (FollowerInfo.java:lambda$new$0(50)) - 129685ee-8122-4333-8930-3eeb8cf836af->802c6c9d-4843-417e-8983-b6e40533cc1c: nextIndex: updateUnconditionally 0 -> 0
2019-08-29 08:34:12,953 [grpc-default-executor-5] INFO  impl.FollowerInfo (FollowerInfo.java:lambda$new$0(50)) - 129685ee-8122-4333-8930-3eeb8cf836af->fe546585-3c52-42ae-8754-1a35dad17d3f: nextIndex: updateUnconditionally 0 -> 0
2019-08-29 08:34:13,268 | INFO  | SCMAudit | user=jenkins1000 | ip=192.168.69.89 | op=SEND_HEARTBEAT {datanodeUUID=129685ee-8122-4333-8930-3eeb8cf836af, command=[]} | ret=SUCCESS |  
2019-08-29 08:34:13,389 | INFO  | SCMAudit | user=jenkins1000 | ip=192.168.69.89 | op=SEND_HEARTBEAT {datanodeUUID=7a9bfe55-9a1e-4d2f-9ebd-558835cfe40a, command=[]} | ret=SUCCESS |  
2019-08-29 08:34:13,453 [grpc-default-executor-2] WARN  server.GrpcLogAppender (LogUtils.java:warn(134)) - 129685ee-8122-4333-8930-3eeb8cf836af->802c6c9d-4843-417e-8983-b6e40533cc1c: Failed appendEntries: org.apache.ratis.thirdparty.io.grpc.StatusRuntimeException: UNAVAILABLE: io exception
2019-08-29 08:34:13,453 [grpc-default-executor-1] WARN  server.GrpcLogAppender (LogUtils.java:warn(134)) - 129685ee-8122-4333-8930-3eeb8cf836af->fe546585-3c52-42ae-8754-1a35dad17d3f: Failed appendEntries: org.apache.ratis.thirdparty.io.grpc.StatusRuntimeException: UNAVAILABLE: io exception
2019-08-29 08:34:13,454 [grpc-default-executor-2] INFO  impl.FollowerInfo (FollowerInfo.java:lambda$new$0(50)) - 129685ee-8122-4333-8930-3eeb8cf836af->802c6c9d-4843-417e-8983-b6e40533cc1c: nextIndex: updateUnconditionally 0 -> 0
2019-08-29 08:34:13,454 [grpc-default-executor-1] INFO  impl.FollowerInfo (FollowerInfo.java:lambda$new$0(50)) - 129685ee-8122-4333-8930-3eeb8cf836af->fe546585-3c52-42ae-8754-1a35dad17d3f: nextIndex: updateUnconditionally 0 -> 0
2019-08-29 08:34:13,510 | INFO  | SCMAudit | user=jenkins1000 | ip=192.168.69.89 | op=SEND_HEARTBEAT {datanodeUUID=02bf3283-c6bf-4588-a57c-baa459038378, command=[]} | ret=SUCCESS |  
2019-08-29 08:34:13,510 | INFO  | SCMAudit | user=jenkins1000 | ip=192.168.69.89 | op=SEND_HEARTBEAT {datanodeUUID=f0c18ce4-0e5b-4823-99c8-fd716531bc5f, command=[]} | ret=SUCCESS |  
2019-08-29 08:34:13,510 | INFO  | SCMAudit | user=jenkins1000 | ip=192.168.69.89 | op=SEND_HEARTBEAT {datanodeUUID=4da055f9-cd9d-4c6f-9ab8-147a42717fcf, command=[]} | ret=SUCCESS |  
2019-08-29 08:34:13,676 | INFO  | SCMAudit | user=jenkins1000 | ip=192.168.69.89 | op=SEND_HEARTBEAT {datanodeUUID=bcbb4469-e902-4083-b3d9-1bab9ea4cd29, command=[]} | ret=SUCCESS |  
2019-08-29 08:34:13,676 | INFO  | SCMAudit | user=jenkins1000 | ip=192.168.69.89 | op=SEND_HEARTBEAT {datanodeUUID=99586f2f-9d87-40a3-9061-4566008201fd, command=[]} | ret=SUCCESS |  
2019-08-29 08:34:13,676 | INFO  | SCMAudit | user=jenkins1000 | ip=192.168.69.89 | op=SEND_HEARTBEAT {datanodeUUID=e7b9916e-4eca-4156-a086-839e4ffd13a0, command=[]} | ret=SUCCESS |  
2019-08-29 08:34:13,954 [grpc-default-executor-5] WARN  server.GrpcLogAppender (LogUtils.java:warn(134)) - 129685ee-8122-4333-8930-3eeb8cf836af->802c6c9d-4843-417e-8983-b6e40533cc1c: Failed appendEntries: org.apache.ratis.thirdparty.io.grpc.StatusRuntimeException: UNAVAILABLE: io exception
2019-08-29 08:34:13,954 [grpc-default-executor-0] WARN  server.GrpcLogAppender (LogUtils.java:warn(134)) - 129685ee-8122-4333-8930-3eeb8cf836af->fe546585-3c52-42ae-8754-1a35dad17d3f: Failed appendEntries: org.apache.ratis.thirdparty.io.grpc.StatusRuntimeException: UNAVAILABLE: io exception
2019-08-29 08:34:13,955 [grpc-default-executor-5] INFO  impl.FollowerInfo (FollowerInfo.java:lambda$new$0(50)) - 129685ee-8122-4333-8930-3eeb8cf836af->802c6c9d-4843-417e-8983-b6e40533cc1c: nextIndex: updateUnconditionally 0 -> 0
2019-08-29 08:34:13,955 [grpc-default-executor-0] INFO  impl.FollowerInfo (FollowerInfo.java:lambda$new$0(50)) - 129685ee-8122-4333-8930-3eeb8cf836af->fe546585-3c52-42ae-8754-1a35dad17d3f: nextIndex: updateUnconditionally 0 -> 0
2019-08-29 08:34:14,123 [java.util.concurrent.ThreadPoolExecutor$Worker@1719057[State = -1, empty queue]] WARN  server.GrpcLogAppender (GrpcLogAppender.java:timeoutAppendRequest(200)) - GrpcLogAppender(bcbb4469-e902-4083-b3d9-1bab9ea4cd29->e7b9916e-4eca-4156-a086-839e4ffd13a0): appendEntries Timeout, request=bcbb4469-e902-4083-b3d9-1bab9ea4cd29->e7b9916e-4eca-4156-a086-839e4ffd13a0#81-t2, previous=(t:2, i:29), leaderCommit=29, initializing? false, entries: size=1, first=(t:2, i:30), STATEMACHINELOGENTRY, client-74F246C92584, cid=65
2019-08-29 08:34:14,123 [java.util.concurrent.ThreadPoolExecutor$Worker@765ccaac[State = -1, empty queue]] WARN  server.GrpcLogAppender (GrpcLogAppender.java:timeoutAppendRequest(200)) - GrpcLogAppender(bcbb4469-e902-4083-b3d9-1bab9ea4cd29->99586f2f-9d87-40a3-9061-4566008201fd): appendEntries Timeout, request=bcbb4469-e902-4083-b3d9-1bab9ea4cd29->99586f2f-9d87-40a3-9061-4566008201fd#81-t2, previous=(t:2, i:29), leaderCommit=29, initializing? false, entries: size=1, first=(t:2, i:30), STATEMACHINELOGENTRY, client-74F246C92584, cid=65
2019-08-29 08:34:14,268 | INFO  | SCMAudit | user=jenkins1000 | ip=192.168.69.89 | op=SEND_HEARTBEAT {datanodeUUID=129685ee-8122-4333-8930-3eeb8cf836af, command=[]} | ret=SUCCESS |  
2019-08-29 08:34:14,390 | INFO  | SCMAudit | user=jenkins1000 | ip=192.168.69.89 | op=SEND_HEARTBEAT {datanodeUUID=7a9bfe55-9a1e-4d2f-9ebd-558835cfe40a, command=[]} | ret=SUCCESS |  
2019-08-29 08:34:14,455 [grpc-default-executor-0] WARN  server.GrpcLogAppender (LogUtils.java:warn(134)) - 129685ee-8122-4333-8930-3eeb8cf836af->fe546585-3c52-42ae-8754-1a35dad17d3f: Failed appendEntries: org.apache.ratis.thirdparty.io.grpc.StatusRuntimeException: UNAVAILABLE: io exception
2019-08-29 08:34:14,455 [grpc-default-executor-6] WARN  server.GrpcLogAppender (LogUtils.java:warn(134)) - 129685ee-8122-4333-8930-3eeb8cf836af->802c6c9d-4843-417e-8983-b6e40533cc1c: Failed appendEntries: org.apache.ratis.thirdparty.io.grpc.StatusRuntimeException: UNAVAILABLE: io exception
2019-08-29 08:34:14,456 [grpc-default-executor-0] INFO  impl.FollowerInfo (FollowerInfo.java:lambda$new$0(50)) - 129685ee-8122-4333-8930-3eeb8cf836af->fe546585-3c52-42ae-8754-1a35dad17d3f: nextIndex: updateUnconditionally 0 -> 0
2019-08-29 08:34:14,456 [grpc-default-executor-6] INFO  impl.FollowerInfo (FollowerInfo.java:lambda$new$0(50)) - 129685ee-8122-4333-8930-3eeb8cf836af->802c6c9d-4843-417e-8983-b6e40533cc1c: nextIndex: updateUnconditionally 0 -> 0
2019-08-29 08:34:14,510 | INFO  | SCMAudit | user=jenkins1000 | ip=192.168.69.89 | op=SEND_HEARTBEAT {datanodeUUID=4da055f9-cd9d-4c6f-9ab8-147a42717fcf, command=[]} | ret=SUCCESS |  
2019-08-29 08:34:14,510 | INFO  | SCMAudit | user=jenkins1000 | ip=192.168.69.89 | op=SEND_HEARTBEAT {datanodeUUID=f0c18ce4-0e5b-4823-99c8-fd716531bc5f, command=[]} | ret=SUCCESS |  
2019-08-29 08:34:14,511 | INFO  | SCMAudit | user=jenkins1000 | ip=192.168.69.89 | op=SEND_HEARTBEAT {datanodeUUID=02bf3283-c6bf-4588-a57c-baa459038378, command=[]} | ret=SUCCESS |  
2019-08-29 08:34:14,617 [java.util.concurrent.ThreadPoolExecutor$Worker@1719057[State = -1, empty queue]] WARN  server.GrpcLogAppender (GrpcLogAppender.java:timeoutAppendRequest(200)) - GrpcLogAppender(bcbb4469-e902-4083-b3d9-1bab9ea4cd29->e7b9916e-4eca-4156-a086-839e4ffd13a0): appendEntries Timeout, request=bcbb4469-e902-4083-b3d9-1bab9ea4cd29->e7b9916e-4eca-4156-a086-839e4ffd13a0#82-t2, previous=(t:2, i:30), leaderCommit=29, initializing? false, entries: <empty>
2019-08-29 08:34:14,617 [java.util.concurrent.ThreadPoolExecutor$Worker@765ccaac[State = -1, empty queue]] WARN  server.GrpcLogAppender (GrpcLogAppender.java:timeoutAppendRequest(200)) - GrpcLogAppender(bcbb4469-e902-4083-b3d9-1bab9ea4cd29->99586f2f-9d87-40a3-9061-4566008201fd): appendEntries Timeout, request=bcbb4469-e902-4083-b3d9-1bab9ea4cd29->99586f2f-9d87-40a3-9061-4566008201fd#82-t2, previous=(t:2, i:30), leaderCommit=29, initializing? false, entries: <empty>
2019-08-29 08:34:14,676 | INFO  | SCMAudit | user=jenkins1000 | ip=192.168.69.89 | op=SEND_HEARTBEAT {datanodeUUID=bcbb4469-e902-4083-b3d9-1bab9ea4cd29, command=[]} | ret=SUCCESS |  
2019-08-29 08:34:14,676 | INFO  | SCMAudit | user=jenkins1000 | ip=192.168.69.89 | op=SEND_HEARTBEAT {datanodeUUID=99586f2f-9d87-40a3-9061-4566008201fd, command=[]} | ret=SUCCESS |  
2019-08-29 08:34:14,677 | INFO  | SCMAudit | user=jenkins1000 | ip=192.168.69.89 | op=SEND_HEARTBEAT {datanodeUUID=e7b9916e-4eca-4156-a086-839e4ffd13a0, command=[]} | ret=SUCCESS |  
2019-08-29 08:34:14,956 [grpc-default-executor-3] WARN  server.GrpcLogAppender (LogUtils.java:warn(134)) - 129685ee-8122-4333-8930-3eeb8cf836af->fe546585-3c52-42ae-8754-1a35dad17d3f: Failed appendEntries: org.apache.ratis.thirdparty.io.grpc.StatusRuntimeException: UNAVAILABLE: io exception
2019-08-29 08:34:14,956 [grpc-default-executor-5] WARN  server.GrpcLogAppender (LogUtils.java:warn(134)) - 129685ee-8122-4333-8930-3eeb8cf836af->802c6c9d-4843-417e-8983-b6e40533cc1c: Failed appendEntries: org.apache.ratis.thirdparty.io.grpc.StatusRuntimeException: UNAVAILABLE: io exception
2019-08-29 08:34:14,957 [grpc-default-executor-3] INFO  impl.FollowerInfo (FollowerInfo.java:lambda$new$0(50)) - 129685ee-8122-4333-8930-3eeb8cf836af->fe546585-3c52-42ae-8754-1a35dad17d3f: nextIndex: updateUnconditionally 0 -> 0
2019-08-29 08:34:14,957 [grpc-default-executor-5] INFO  impl.FollowerInfo (FollowerInfo.java:lambda$new$0(50)) - 129685ee-8122-4333-8930-3eeb8cf836af->802c6c9d-4843-417e-8983-b6e40533cc1c: nextIndex: updateUnconditionally 0 -> 0
2019-08-29 08:34:15,125 [java.util.concurrent.ThreadPoolExecutor$Worker@765ccaac[State = -1, empty queue]] WARN  server.GrpcLogAppender (GrpcLogAppender.java:timeoutAppendRequest(200)) - GrpcLogAppender(bcbb4469-e902-4083-b3d9-1bab9ea4cd29->99586f2f-9d87-40a3-9061-4566008201fd): appendEntries Timeout, request=bcbb4469-e902-4083-b3d9-1bab9ea4cd29->99586f2f-9d87-40a3-9061-4566008201fd#83-t2, previous=(t:2, i:30), leaderCommit=29, initializing? false, entries: <empty>
2019-08-29 08:34:15,125 [java.util.concurrent.ThreadPoolExecutor$Worker@1719057[State = -1, empty queue]] WARN  server.GrpcLogAppender (GrpcLogAppender.java:timeoutAppendRequest(200)) - GrpcLogAppender(bcbb4469-e902-4083-b3d9-1bab9ea4cd29->e7b9916e-4eca-4156-a086-839e4ffd13a0): appendEntries Timeout, request=bcbb4469-e902-4083-b3d9-1bab9ea4cd29->e7b9916e-4eca-4156-a086-839e4ffd13a0#83-t2, previous=(t:2, i:30), leaderCommit=29, initializing? false, entries: <empty>
2019-08-29 08:34:15,267 | INFO  | SCMAudit | user=jenkins1000 | ip=192.168.69.89 | op=SEND_HEARTBEAT {datanodeUUID=129685ee-8122-4333-8930-3eeb8cf836af, command=[]} | ret=SUCCESS |  
2019-08-29 08:34:15,326 [129685ee-8122-4333-8930-3eeb8cf836af:group-4F259F9E67CD:LeaderElection33] INFO  impl.LeaderElection (LeaderElection.java:askForVotes(181)) - 129685ee-8122-4333-8930-3eeb8cf836af:group-4F259F9E67CD:LeaderElection33: begin an election at term 8 for 0: [802c6c9d-4843-417e-8983-b6e40533cc1c:192.168.69.89:37103, 129685ee-8122-4333-8930-3eeb8cf836af:192.168.69.89:45580, fe546585-3c52-42ae-8754-1a35dad17d3f:192.168.69.89:45996], old=null
2019-08-29 08:34:15,330 [129685ee-8122-4333-8930-3eeb8cf836af:group-4F259F9E67CD:LeaderElection33] INFO  impl.LeaderElection (LogUtils.java:infoOrTrace(149)) - 129685ee-8122-4333-8930-3eeb8cf836af:group-4F259F9E67CD:LeaderElection33 got exception when requesting votes: {}
java.util.concurrent.ExecutionException: org.apache.ratis.thirdparty.io.grpc.StatusRuntimeException: UNAVAILABLE: io exception
	at java.util.concurrent.FutureTask.report(FutureTask.java:122)
	at java.util.concurrent.FutureTask.get(FutureTask.java:192)
	at org.apache.ratis.server.impl.LeaderElection.waitForResults(LeaderElection.java:262)
	at org.apache.ratis.server.impl.LeaderElection.askForVotes(LeaderElection.java:200)
	at org.apache.ratis.server.impl.LeaderElection.run(LeaderElection.java:130)
	at java.lang.Thread.run(Thread.java:748)
Caused by: org.apache.ratis.thirdparty.io.grpc.StatusRuntimeException: UNAVAILABLE: io exception
	at org.apache.ratis.thirdparty.io.grpc.stub.ClientCalls.toStatusRuntimeException(ClientCalls.java:233)
	at org.apache.ratis.thirdparty.io.grpc.stub.ClientCalls.getUnchecked(ClientCalls.java:214)
	at org.apache.ratis.thirdparty.io.grpc.stub.ClientCalls.blockingUnaryCall(ClientCalls.java:139)
	at org.apache.ratis.proto.grpc.RaftServerProtocolServiceGrpc$RaftServerProtocolServiceBlockingStub.requestVote(RaftServerProtocolServiceGrpc.java:265)
	at org.apache.ratis.grpc.server.GrpcServerProtocolClient.requestVote(GrpcServerProtocolClient.java:83)
	at org.apache.ratis.grpc.server.GrpcService.requestVote(GrpcService.java:195)
	at org.apache.ratis.server.impl.LeaderElection.lambda$submitRequests$1(LeaderElection.java:237)
	at java.util.concurrent.FutureTask.run(FutureTask.java:266)
	at java.util.concurrent.Executors$RunnableAdapter.call(Executors.java:511)
	at java.util.concurrent.FutureTask.run(FutureTask.java:266)
	at java.util.concurrent.ThreadPoolExecutor.runWorker(ThreadPoolExecutor.java:1149)
	at java.util.concurrent.ThreadPoolExecutor$Worker.run(ThreadPoolExecutor.java:624)
	... 1 more
Caused by: org.apache.ratis.thirdparty.io.netty.channel.AbstractChannel$AnnotatedConnectException: Connection refused: /192.168.69.89:37103
	at sun.nio.ch.SocketChannelImpl.checkConnect(Native Method)
	at sun.nio.ch.SocketChannelImpl.finishConnect(SocketChannelImpl.java:717)
	at org.apache.ratis.thirdparty.io.netty.channel.socket.nio.NioSocketChannel.doFinishConnect(NioSocketChannel.java:327)
	at org.apache.ratis.thirdparty.io.netty.channel.nio.AbstractNioChannel$AbstractNioUnsafe.finishConnect(AbstractNioChannel.java:340)
	at org.apache.ratis.thirdparty.io.netty.channel.nio.NioEventLoop.processSelectedKey(NioEventLoop.java:632)
	at org.apache.ratis.thirdparty.io.netty.channel.nio.NioEventLoop.processSelectedKeysOptimized(NioEventLoop.java:579)
	at org.apache.ratis.thirdparty.io.netty.channel.nio.NioEventLoop.processSelectedKeys(NioEventLoop.java:496)
	at org.apache.ratis.thirdparty.io.netty.channel.nio.NioEventLoop.run(NioEventLoop.java:458)
	at org.apache.ratis.thirdparty.io.netty.util.concurrent.SingleThreadEventExecutor$5.run(SingleThreadEventExecutor.java:897)
	at org.apache.ratis.thirdparty.io.netty.util.concurrent.FastThreadLocalRunnable.run(FastThreadLocalRunnable.java:30)
	... 1 more
Caused by: java.net.ConnectException: Connection refused
	... 11 more
2019-08-29 08:34:15,336 [129685ee-8122-4333-8930-3eeb8cf836af:group-4F259F9E67CD:LeaderElection33] INFO  impl.LeaderElection (LogUtils.java:infoOrTrace(149)) - 129685ee-8122-4333-8930-3eeb8cf836af:group-4F259F9E67CD:LeaderElection33 got exception when requesting votes: {}
java.util.concurrent.ExecutionException: org.apache.ratis.thirdparty.io.grpc.StatusRuntimeException: UNAVAILABLE: io exception
	at java.util.concurrent.FutureTask.report(FutureTask.java:122)
	at java.util.concurrent.FutureTask.get(FutureTask.java:192)
	at org.apache.ratis.server.impl.LeaderElection.waitForResults(LeaderElection.java:262)
	at org.apache.ratis.server.impl.LeaderElection.askForVotes(LeaderElection.java:200)
	at org.apache.ratis.server.impl.LeaderElection.run(LeaderElection.java:130)
	at java.lang.Thread.run(Thread.java:748)
Caused by: org.apache.ratis.thirdparty.io.grpc.StatusRuntimeException: UNAVAILABLE: io exception
	at org.apache.ratis.thirdparty.io.grpc.stub.ClientCalls.toStatusRuntimeException(ClientCalls.java:233)
	at org.apache.ratis.thirdparty.io.grpc.stub.ClientCalls.getUnchecked(ClientCalls.java:214)
	at org.apache.ratis.thirdparty.io.grpc.stub.ClientCalls.blockingUnaryCall(ClientCalls.java:139)
	at org.apache.ratis.proto.grpc.RaftServerProtocolServiceGrpc$RaftServerProtocolServiceBlockingStub.requestVote(RaftServerProtocolServiceGrpc.java:265)
	at org.apache.ratis.grpc.server.GrpcServerProtocolClient.requestVote(GrpcServerProtocolClient.java:83)
	at org.apache.ratis.grpc.server.GrpcService.requestVote(GrpcService.java:195)
	at org.apache.ratis.server.impl.LeaderElection.lambda$submitRequests$1(LeaderElection.java:237)
	at java.util.concurrent.FutureTask.run(FutureTask.java:266)
	at java.util.concurrent.Executors$RunnableAdapter.call(Executors.java:511)
	at java.util.concurrent.FutureTask.run(FutureTask.java:266)
	at java.util.concurrent.ThreadPoolExecutor.runWorker(ThreadPoolExecutor.java:1149)
	at java.util.concurrent.ThreadPoolExecutor$Worker.run(ThreadPoolExecutor.java:624)
	... 1 more
Caused by: org.apache.ratis.thirdparty.io.netty.channel.AbstractChannel$AnnotatedConnectException: Connection refused: /192.168.69.89:45996
	at sun.nio.ch.SocketChannelImpl.checkConnect(Native Method)
	at sun.nio.ch.SocketChannelImpl.finishConnect(SocketChannelImpl.java:717)
	at org.apache.ratis.thirdparty.io.netty.channel.socket.nio.NioSocketChannel.doFinishConnect(NioSocketChannel.java:327)
	at org.apache.ratis.thirdparty.io.netty.channel.nio.AbstractNioChannel$AbstractNioUnsafe.finishConnect(AbstractNioChannel.java:340)
	at org.apache.ratis.thirdparty.io.netty.channel.nio.NioEventLoop.processSelectedKey(NioEventLoop.java:632)
	at org.apache.ratis.thirdparty.io.netty.channel.nio.NioEventLoop.processSelectedKeysOptimized(NioEventLoop.java:579)
	at org.apache.ratis.thirdparty.io.netty.channel.nio.NioEventLoop.processSelectedKeys(NioEventLoop.java:496)
	at org.apache.ratis.thirdparty.io.netty.channel.nio.NioEventLoop.run(NioEventLoop.java:458)
	at org.apache.ratis.thirdparty.io.netty.util.concurrent.SingleThreadEventExecutor$5.run(SingleThreadEventExecutor.java:897)
	at org.apache.ratis.thirdparty.io.netty.util.concurrent.FastThreadLocalRunnable.run(FastThreadLocalRunnable.java:30)
	... 1 more
Caused by: java.net.ConnectException: Connection refused
	... 11 more
2019-08-29 08:34:15,340 [129685ee-8122-4333-8930-3eeb8cf836af:group-4F259F9E67CD:LeaderElection33] INFO  impl.LeaderElection (LeaderElection.java:logAndReturn(56)) - 129685ee-8122-4333-8930-3eeb8cf836af:group-4F259F9E67CD:LeaderElection33: Election REJECTED; received 0 response(s) [] and 2 exception(s); 129685ee-8122-4333-8930-3eeb8cf836af:t8, leader=null, voted=129685ee-8122-4333-8930-3eeb8cf836af, raftlog=129685ee-8122-4333-8930-3eeb8cf836af-SegmentedRaftLog:OPENED:c16,f16,i16, conf=0: [802c6c9d-4843-417e-8983-b6e40533cc1c:192.168.69.89:37103, 129685ee-8122-4333-8930-3eeb8cf836af:192.168.69.89:45580, fe546585-3c52-42ae-8754-1a35dad17d3f:192.168.69.89:45996], old=null
2019-08-29 08:34:15,340 [129685ee-8122-4333-8930-3eeb8cf836af:group-4F259F9E67CD:LeaderElection33] INFO  impl.LeaderElection (LogUtils.java:infoOrTrace(149)) -   Exception 0: {}
java.util.concurrent.ExecutionException: org.apache.ratis.thirdparty.io.grpc.StatusRuntimeException: UNAVAILABLE: io exception
	at java.util.concurrent.FutureTask.report(FutureTask.java:122)
	at java.util.concurrent.FutureTask.get(FutureTask.java:192)
	at org.apache.ratis.server.impl.LeaderElection.waitForResults(LeaderElection.java:262)
	at org.apache.ratis.server.impl.LeaderElection.askForVotes(LeaderElection.java:200)
	at org.apache.ratis.server.impl.LeaderElection.run(LeaderElection.java:130)
	at java.lang.Thread.run(Thread.java:748)
Caused by: org.apache.ratis.thirdparty.io.grpc.StatusRuntimeException: UNAVAILABLE: io exception
	at org.apache.ratis.thirdparty.io.grpc.stub.ClientCalls.toStatusRuntimeException(ClientCalls.java:233)
	at org.apache.ratis.thirdparty.io.grpc.stub.ClientCalls.getUnchecked(ClientCalls.java:214)
	at org.apache.ratis.thirdparty.io.grpc.stub.ClientCalls.blockingUnaryCall(ClientCalls.java:139)
	at org.apache.ratis.proto.grpc.RaftServerProtocolServiceGrpc$RaftServerProtocolServiceBlockingStub.requestVote(RaftServerProtocolServiceGrpc.java:265)
	at org.apache.ratis.grpc.server.GrpcServerProtocolClient.requestVote(GrpcServerProtocolClient.java:83)
	at org.apache.ratis.grpc.server.GrpcService.requestVote(GrpcService.java:195)
	at org.apache.ratis.server.impl.LeaderElection.lambda$submitRequests$1(LeaderElection.java:237)
	at java.util.concurrent.FutureTask.run(FutureTask.java:266)
	at java.util.concurrent.Executors$RunnableAdapter.call(Executors.java:511)
	at java.util.concurrent.FutureTask.run(FutureTask.java:266)
	at java.util.concurrent.ThreadPoolExecutor.runWorker(ThreadPoolExecutor.java:1149)
	at java.util.concurrent.ThreadPoolExecutor$Worker.run(ThreadPoolExecutor.java:624)
	... 1 more
Caused by: org.apache.ratis.thirdparty.io.netty.channel.AbstractChannel$AnnotatedConnectException: Connection refused: /192.168.69.89:37103
	at sun.nio.ch.SocketChannelImpl.checkConnect(Native Method)
	at sun.nio.ch.SocketChannelImpl.finishConnect(SocketChannelImpl.java:717)
	at org.apache.ratis.thirdparty.io.netty.channel.socket.nio.NioSocketChannel.doFinishConnect(NioSocketChannel.java:327)
	at org.apache.ratis.thirdparty.io.netty.channel.nio.AbstractNioChannel$AbstractNioUnsafe.finishConnect(AbstractNioChannel.java:340)
	at org.apache.ratis.thirdparty.io.netty.channel.nio.NioEventLoop.processSelectedKey(NioEventLoop.java:632)
	at org.apache.ratis.thirdparty.io.netty.channel.nio.NioEventLoop.processSelectedKeysOptimized(NioEventLoop.java:579)
	at org.apache.ratis.thirdparty.io.netty.channel.nio.NioEventLoop.processSelectedKeys(NioEventLoop.java:496)
	at org.apache.ratis.thirdparty.io.netty.channel.nio.NioEventLoop.run(NioEventLoop.java:458)
	at org.apache.ratis.thirdparty.io.netty.util.concurrent.SingleThreadEventExecutor$5.run(SingleThreadEventExecutor.java:897)
	at org.apache.ratis.thirdparty.io.netty.util.concurrent.FastThreadLocalRunnable.run(FastThreadLocalRunnable.java:30)
	... 1 more
Caused by: java.net.ConnectException: Connection refused
	... 11 more
2019-08-29 08:34:15,340 [129685ee-8122-4333-8930-3eeb8cf836af:group-4F259F9E67CD:LeaderElection33] INFO  impl.LeaderElection (LogUtils.java:infoOrTrace(149)) -   Exception 1: {}
java.util.concurrent.ExecutionException: org.apache.ratis.thirdparty.io.grpc.StatusRuntimeException: UNAVAILABLE: io exception
	at java.util.concurrent.FutureTask.report(FutureTask.java:122)
	at java.util.concurrent.FutureTask.get(FutureTask.java:192)
	at org.apache.ratis.server.impl.LeaderElection.waitForResults(LeaderElection.java:262)
	at org.apache.ratis.server.impl.LeaderElection.askForVotes(LeaderElection.java:200)
	at org.apache.ratis.server.impl.LeaderElection.run(LeaderElection.java:130)
	at java.lang.Thread.run(Thread.java:748)
Caused by: org.apache.ratis.thirdparty.io.grpc.StatusRuntimeException: UNAVAILABLE: io exception
	at org.apache.ratis.thirdparty.io.grpc.stub.ClientCalls.toStatusRuntimeException(ClientCalls.java:233)
	at org.apache.ratis.thirdparty.io.grpc.stub.ClientCalls.getUnchecked(ClientCalls.java:214)
	at org.apache.ratis.thirdparty.io.grpc.stub.ClientCalls.blockingUnaryCall(ClientCalls.java:139)
	at org.apache.ratis.proto.grpc.RaftServerProtocolServiceGrpc$RaftServerProtocolServiceBlockingStub.requestVote(RaftServerProtocolServiceGrpc.java:265)
	at org.apache.ratis.grpc.server.GrpcServerProtocolClient.requestVote(GrpcServerProtocolClient.java:83)
	at org.apache.ratis.grpc.server.GrpcService.requestVote(GrpcService.java:195)
	at org.apache.ratis.server.impl.LeaderElection.lambda$submitRequests$1(LeaderElection.java:237)
	at java.util.concurrent.FutureTask.run(FutureTask.java:266)
	at java.util.concurrent.Executors$RunnableAdapter.call(Executors.java:511)
	at java.util.concurrent.FutureTask.run(FutureTask.java:266)
	at java.util.concurrent.ThreadPoolExecutor.runWorker(ThreadPoolExecutor.java:1149)
	at java.util.concurrent.ThreadPoolExecutor$Worker.run(ThreadPoolExecutor.java:624)
	... 1 more
Caused by: org.apache.ratis.thirdparty.io.netty.channel.AbstractChannel$AnnotatedConnectException: Connection refused: /192.168.69.89:45996
	at sun.nio.ch.SocketChannelImpl.checkConnect(Native Method)
	at sun.nio.ch.SocketChannelImpl.finishConnect(SocketChannelImpl.java:717)
	at org.apache.ratis.thirdparty.io.netty.channel.socket.nio.NioSocketChannel.doFinishConnect(NioSocketChannel.java:327)
	at org.apache.ratis.thirdparty.io.netty.channel.nio.AbstractNioChannel$AbstractNioUnsafe.finishConnect(AbstractNioChannel.java:340)
	at org.apache.ratis.thirdparty.io.netty.channel.nio.NioEventLoop.processSelectedKey(NioEventLoop.java:632)
	at org.apache.ratis.thirdparty.io.netty.channel.nio.NioEventLoop.processSelectedKeysOptimized(NioEventLoop.java:579)
	at org.apache.ratis.thirdparty.io.netty.channel.nio.NioEventLoop.processSelectedKeys(NioEventLoop.java:496)
	at org.apache.ratis.thirdparty.io.netty.channel.nio.NioEventLoop.run(NioEventLoop.java:458)
	at org.apache.ratis.thirdparty.io.netty.util.concurrent.SingleThreadEventExecutor$5.run(SingleThreadEventExecutor.java:897)
	at org.apache.ratis.thirdparty.io.netty.util.concurrent.FastThreadLocalRunnable.run(FastThreadLocalRunnable.java:30)
	... 1 more
Caused by: java.net.ConnectException: Connection refused
	... 11 more
2019-08-29 08:34:15,341 [129685ee-8122-4333-8930-3eeb8cf836af:group-4F259F9E67CD:LeaderElection33] INFO  impl.RaftServerImpl (RaftServerImpl.java:setRole(171)) - 129685ee-8122-4333-8930-3eeb8cf836af:group-4F259F9E67CD changes role from CANDIDATE to FOLLOWER at term 8 for DISCOVERED_A_NEW_TERM
2019-08-29 08:34:15,341 [129685ee-8122-4333-8930-3eeb8cf836af:group-4F259F9E67CD:LeaderElection33] INFO  impl.RoleInfo (RoleInfo.java:shutdownLeaderElection(134)) - 129685ee-8122-4333-8930-3eeb8cf836af: shutdown LeaderElection
2019-08-29 08:34:15,341 [129685ee-8122-4333-8930-3eeb8cf836af:group-4F259F9E67CD:LeaderElection33] INFO  impl.RoleInfo (RoleInfo.java:updateAndGet(143)) - 129685ee-8122-4333-8930-3eeb8cf836af: start FollowerState
2019-08-29 08:34:15,390 | INFO  | SCMAudit | user=jenkins1000 | ip=192.168.69.89 | op=SEND_HEARTBEAT {datanodeUUID=7a9bfe55-9a1e-4d2f-9ebd-558835cfe40a, command=[]} | ret=SUCCESS |  
2019-08-29 08:34:15,455 [grpc-default-executor-0] WARN  server.GrpcLogAppender (LogUtils.java:warn(134)) - 129685ee-8122-4333-8930-3eeb8cf836af->fe546585-3c52-42ae-8754-1a35dad17d3f: Failed appendEntries: org.apache.ratis.thirdparty.io.grpc.StatusRuntimeException: UNAVAILABLE: io exception
2019-08-29 08:34:15,455 [grpc-default-executor-3] WARN  server.GrpcLogAppender (LogUtils.java:warn(134)) - 129685ee-8122-4333-8930-3eeb8cf836af->802c6c9d-4843-417e-8983-b6e40533cc1c: Failed appendEntries: org.apache.ratis.thirdparty.io.grpc.StatusRuntimeException: UNAVAILABLE: io exception
2019-08-29 08:34:15,455 [grpc-default-executor-0] INFO  impl.FollowerInfo (FollowerInfo.java:lambda$new$0(50)) - 129685ee-8122-4333-8930-3eeb8cf836af->fe546585-3c52-42ae-8754-1a35dad17d3f: nextIndex: updateUnconditionally 0 -> 0
2019-08-29 08:34:15,455 [grpc-default-executor-3] INFO  impl.FollowerInfo (FollowerInfo.java:lambda$new$0(50)) - 129685ee-8122-4333-8930-3eeb8cf836af->802c6c9d-4843-417e-8983-b6e40533cc1c: nextIndex: updateUnconditionally 0 -> 0
2019-08-29 08:34:15,511 | INFO  | SCMAudit | user=jenkins1000 | ip=192.168.69.89 | op=SEND_HEARTBEAT {datanodeUUID=02bf3283-c6bf-4588-a57c-baa459038378, command=[]} | ret=SUCCESS |  
2019-08-29 08:34:15,511 | INFO  | SCMAudit | user=jenkins1000 | ip=192.168.69.89 | op=SEND_HEARTBEAT {datanodeUUID=f0c18ce4-0e5b-4823-99c8-fd716531bc5f, command=[]} | ret=SUCCESS |  
2019-08-29 08:34:15,511 | INFO  | SCMAudit | user=jenkins1000 | ip=192.168.69.89 | op=SEND_HEARTBEAT {datanodeUUID=4da055f9-cd9d-4c6f-9ab8-147a42717fcf, command=[]} | ret=SUCCESS |  
2019-08-29 08:34:15,617 [java.util.concurrent.ThreadPoolExecutor$Worker@765ccaac[State = -1, empty queue]] WARN  server.GrpcLogAppender (GrpcLogAppender.java:timeoutAppendRequest(200)) - GrpcLogAppender(bcbb4469-e902-4083-b3d9-1bab9ea4cd29->99586f2f-9d87-40a3-9061-4566008201fd): appendEntries Timeout, request=bcbb4469-e902-4083-b3d9-1bab9ea4cd29->99586f2f-9d87-40a3-9061-4566008201fd#84-t2, previous=(t:2, i:30), leaderCommit=29, initializing? false, entries: <empty>
2019-08-29 08:34:15,617 [java.util.concurrent.ThreadPoolExecutor$Worker@1719057[State = -1, empty queue]] WARN  server.GrpcLogAppender (GrpcLogAppender.java:timeoutAppendRequest(200)) - GrpcLogAppender(bcbb4469-e902-4083-b3d9-1bab9ea4cd29->e7b9916e-4eca-4156-a086-839e4ffd13a0): appendEntries Timeout, request=bcbb4469-e902-4083-b3d9-1bab9ea4cd29->e7b9916e-4eca-4156-a086-839e4ffd13a0#84-t2, previous=(t:2, i:30), leaderCommit=29, initializing? false, entries: <empty>
2019-08-29 08:34:15,676 | INFO  | SCMAudit | user=jenkins1000 | ip=192.168.69.89 | op=SEND_HEARTBEAT {datanodeUUID=99586f2f-9d87-40a3-9061-4566008201fd, command=[]} | ret=SUCCESS |  
2019-08-29 08:34:15,676 | INFO  | SCMAudit | user=jenkins1000 | ip=192.168.69.89 | op=SEND_HEARTBEAT {datanodeUUID=bcbb4469-e902-4083-b3d9-1bab9ea4cd29, command=[]} | ret=SUCCESS |  
2019-08-29 08:34:15,676 | INFO  | SCMAudit | user=jenkins1000 | ip=192.168.69.89 | op=SEND_HEARTBEAT {datanodeUUID=e7b9916e-4eca-4156-a086-839e4ffd13a0, command=[]} | ret=SUCCESS |  
2019-08-29 08:34:15,957 [grpc-default-executor-0] WARN  server.GrpcLogAppender (LogUtils.java:warn(134)) - 129685ee-8122-4333-8930-3eeb8cf836af->802c6c9d-4843-417e-8983-b6e40533cc1c: Failed appendEntries: org.apache.ratis.thirdparty.io.grpc.StatusRuntimeException: UNAVAILABLE: io exception
2019-08-29 08:34:15,957 [grpc-default-executor-2] WARN  server.GrpcLogAppender (LogUtils.java:warn(134)) - 129685ee-8122-4333-8930-3eeb8cf836af->fe546585-3c52-42ae-8754-1a35dad17d3f: Failed appendEntries: org.apache.ratis.thirdparty.io.grpc.StatusRuntimeException: UNAVAILABLE: io exception
2019-08-29 08:34:15,958 [grpc-default-executor-0] INFO  impl.FollowerInfo (FollowerInfo.java:lambda$new$0(50)) - 129685ee-8122-4333-8930-3eeb8cf836af->802c6c9d-4843-417e-8983-b6e40533cc1c: nextIndex: updateUnconditionally 0 -> 0
2019-08-29 08:34:15,958 [grpc-default-executor-2] INFO  impl.FollowerInfo (FollowerInfo.java:lambda$new$0(50)) - 129685ee-8122-4333-8930-3eeb8cf836af->fe546585-3c52-42ae-8754-1a35dad17d3f: nextIndex: updateUnconditionally 0 -> 0
2019-08-29 08:34:16,118 [java.util.concurrent.ThreadPoolExecutor$Worker@1719057[State = -1, empty queue]] WARN  server.GrpcLogAppender (GrpcLogAppender.java:timeoutAppendRequest(200)) - GrpcLogAppender(bcbb4469-e902-4083-b3d9-1bab9ea4cd29->e7b9916e-4eca-4156-a086-839e4ffd13a0): appendEntries Timeout, request=bcbb4469-e902-4083-b3d9-1bab9ea4cd29->e7b9916e-4eca-4156-a086-839e4ffd13a0#85-t2, previous=(t:2, i:30), leaderCommit=29, initializing? false, entries: <empty>
2019-08-29 08:34:16,118 [java.util.concurrent.ThreadPoolExecutor$Worker@765ccaac[State = -1, empty queue]] WARN  server.GrpcLogAppender (GrpcLogAppender.java:timeoutAppendRequest(200)) - GrpcLogAppender(bcbb4469-e902-4083-b3d9-1bab9ea4cd29->99586f2f-9d87-40a3-9061-4566008201fd): appendEntries Timeout, request=bcbb4469-e902-4083-b3d9-1bab9ea4cd29->99586f2f-9d87-40a3-9061-4566008201fd#85-t2, previous=(t:2, i:30), leaderCommit=29, initializing? false, entries: <empty>
2019-08-29 08:34:16,155 [grpc-default-executor-2] INFO  client.GrpcClientProtocolClient (GrpcClientProtocolClient.java:onNext(255)) - client-74F246C92584->99586f2f-9d87-40a3-9061-4566008201fd: receive RaftClientReply:client-74F246C92584->99586f2f-9d87-40a3-9061-4566008201fd@group-F65937874E2C, cid=65, FAILED org.apache.ratis.protocol.NotLeaderException: Server 99586f2f-9d87-40a3-9061-4566008201fd is not the leader (bcbb4469-e902-4083-b3d9-1bab9ea4cd29:192.168.69.89:42960). Request must be sent to leader., logIndex=0, commits[99586f2f-9d87-40a3-9061-4566008201fd:c29, bcbb4469-e902-4083-b3d9-1bab9ea4cd29:c29, e7b9916e-4eca-4156-a086-839e4ffd13a0:c29]
2019-08-29 08:34:16,267 | INFO  | SCMAudit | user=jenkins1000 | ip=192.168.69.89 | op=SEND_HEARTBEAT {datanodeUUID=129685ee-8122-4333-8930-3eeb8cf836af, command=[]} | ret=SUCCESS |  
2019-08-29 08:34:16,390 | INFO  | SCMAudit | user=jenkins1000 | ip=192.168.69.89 | op=SEND_HEARTBEAT {datanodeUUID=7a9bfe55-9a1e-4d2f-9ebd-558835cfe40a, command=[]} | ret=SUCCESS |  
2019-08-29 08:34:16,431 [Thread-1108] INFO  impl.FollowerState (FollowerState.java:run(106)) - 129685ee-8122-4333-8930-3eeb8cf836af:group-4F259F9E67CD changes to CANDIDATE, lastRpcTime:1089, electionTimeout:1089ms
2019-08-29 08:34:16,431 [Thread-1108] INFO  impl.RoleInfo (RoleInfo.java:shutdownFollowerState(121)) - 129685ee-8122-4333-8930-3eeb8cf836af: shutdown FollowerState
2019-08-29 08:34:16,431 [Thread-1108] INFO  impl.RaftServerImpl (RaftServerImpl.java:setRole(171)) - 129685ee-8122-4333-8930-3eeb8cf836af:group-4F259F9E67CD changes role from FOLLOWER to CANDIDATE at term 8 for changeToCandidate
2019-08-29 08:34:16,431 [Thread-1108] INFO  impl.RoleInfo (RoleInfo.java:updateAndGet(143)) - 129685ee-8122-4333-8930-3eeb8cf836af: start LeaderElection
2019-08-29 08:34:16,459 [grpc-default-executor-0] WARN  server.GrpcLogAppender (LogUtils.java:warn(134)) - 129685ee-8122-4333-8930-3eeb8cf836af->fe546585-3c52-42ae-8754-1a35dad17d3f: Failed appendEntries: org.apache.ratis.thirdparty.io.grpc.StatusRuntimeException: UNAVAILABLE: io exception
2019-08-29 08:34:16,459 [grpc-default-executor-5] WARN  server.GrpcLogAppender (LogUtils.java:warn(134)) - 129685ee-8122-4333-8930-3eeb8cf836af->802c6c9d-4843-417e-8983-b6e40533cc1c: Failed appendEntries: org.apache.ratis.thirdparty.io.grpc.StatusRuntimeException: UNAVAILABLE: io exception
2019-08-29 08:34:16,459 [grpc-default-executor-0] INFO  impl.FollowerInfo (FollowerInfo.java:lambda$new$0(50)) - 129685ee-8122-4333-8930-3eeb8cf836af->fe546585-3c52-42ae-8754-1a35dad17d3f: nextIndex: updateUnconditionally 0 -> 0
2019-08-29 08:34:16,460 [grpc-default-executor-5] INFO  impl.FollowerInfo (FollowerInfo.java:lambda$new$0(50)) - 129685ee-8122-4333-8930-3eeb8cf836af->802c6c9d-4843-417e-8983-b6e40533cc1c: nextIndex: updateUnconditionally 0 -> 0
2019-08-29 08:34:16,511 | INFO  | SCMAudit | user=jenkins1000 | ip=192.168.69.89 | op=SEND_HEARTBEAT {datanodeUUID=02bf3283-c6bf-4588-a57c-baa459038378, command=[]} | ret=SUCCESS |  
2019-08-29 08:34:16,511 | INFO  | SCMAudit | user=jenkins1000 | ip=192.168.69.89 | op=SEND_HEARTBEAT {datanodeUUID=4da055f9-cd9d-4c6f-9ab8-147a42717fcf, command=[]} | ret=SUCCESS |  
2019-08-29 08:34:16,512 | INFO  | SCMAudit | user=jenkins1000 | ip=192.168.69.89 | op=SEND_HEARTBEAT {datanodeUUID=f0c18ce4-0e5b-4823-99c8-fd716531bc5f, command=[]} | ret=SUCCESS |  
2019-08-29 08:34:16,618 [java.util.concurrent.ThreadPoolExecutor$Worker@765ccaac[State = -1, empty queue]] WARN  server.GrpcLogAppender (GrpcLogAppender.java:timeoutAppendRequest(200)) - GrpcLogAppender(bcbb4469-e902-4083-b3d9-1bab9ea4cd29->99586f2f-9d87-40a3-9061-4566008201fd): appendEntries Timeout, request=bcbb4469-e902-4083-b3d9-1bab9ea4cd29->99586f2f-9d87-40a3-9061-4566008201fd#86-t2, previous=(t:2, i:30), leaderCommit=29, initializing? false, entries: <empty>
2019-08-29 08:34:16,618 [java.util.concurrent.ThreadPoolExecutor$Worker@1719057[State = -1, empty queue]] WARN  server.GrpcLogAppender (GrpcLogAppender.java:timeoutAppendRequest(200)) - GrpcLogAppender(bcbb4469-e902-4083-b3d9-1bab9ea4cd29->e7b9916e-4eca-4156-a086-839e4ffd13a0): appendEntries Timeout, request=bcbb4469-e902-4083-b3d9-1bab9ea4cd29->e7b9916e-4eca-4156-a086-839e4ffd13a0#86-t2, previous=(t:2, i:30), leaderCommit=29, initializing? false, entries: <empty>
2019-08-29 08:34:16,675 | INFO  | SCMAudit | user=jenkins1000 | ip=192.168.69.89 | op=SEND_HEARTBEAT {datanodeUUID=99586f2f-9d87-40a3-9061-4566008201fd, command=[]} | ret=SUCCESS |  
2019-08-29 08:34:16,675 | INFO  | SCMAudit | user=jenkins1000 | ip=192.168.69.89 | op=SEND_HEARTBEAT {datanodeUUID=bcbb4469-e902-4083-b3d9-1bab9ea4cd29, command=[]} | ret=SUCCESS |  
2019-08-29 08:34:16,676 | INFO  | SCMAudit | user=jenkins1000 | ip=192.168.69.89 | op=SEND_HEARTBEAT {datanodeUUID=e7b9916e-4eca-4156-a086-839e4ffd13a0, command=[]} | ret=SUCCESS |  
2019-08-29 08:34:16,960 [grpc-default-executor-1] WARN  server.GrpcLogAppender (LogUtils.java:warn(134)) - 129685ee-8122-4333-8930-3eeb8cf836af->802c6c9d-4843-417e-8983-b6e40533cc1c: Failed appendEntries: org.apache.ratis.thirdparty.io.grpc.StatusRuntimeException: UNAVAILABLE: io exception
2019-08-29 08:34:16,960 [grpc-default-executor-2] WARN  server.GrpcLogAppender (LogUtils.java:warn(134)) - 129685ee-8122-4333-8930-3eeb8cf836af->fe546585-3c52-42ae-8754-1a35dad17d3f: Failed appendEntries: org.apache.ratis.thirdparty.io.grpc.StatusRuntimeException: UNAVAILABLE: io exception
2019-08-29 08:34:16,961 [grpc-default-executor-1] INFO  impl.FollowerInfo (FollowerInfo.java:lambda$new$0(50)) - 129685ee-8122-4333-8930-3eeb8cf836af->802c6c9d-4843-417e-8983-b6e40533cc1c: nextIndex: updateUnconditionally 0 -> 0
2019-08-29 08:34:16,961 [grpc-default-executor-2] INFO  impl.FollowerInfo (FollowerInfo.java:lambda$new$0(50)) - 129685ee-8122-4333-8930-3eeb8cf836af->fe546585-3c52-42ae-8754-1a35dad17d3f: nextIndex: updateUnconditionally 0 -> 0
2019-08-29 08:34:17,124 [java.util.concurrent.ThreadPoolExecutor$Worker@1719057[State = -1, empty queue]] WARN  server.GrpcLogAppender (GrpcLogAppender.java:timeoutAppendRequest(200)) - GrpcLogAppender(bcbb4469-e902-4083-b3d9-1bab9ea4cd29->e7b9916e-4eca-4156-a086-839e4ffd13a0): appendEntries Timeout, request=bcbb4469-e902-4083-b3d9-1bab9ea4cd29->e7b9916e-4eca-4156-a086-839e4ffd13a0#87-t2, previous=(t:2, i:30), leaderCommit=29, initializing? false, entries: <empty>
2019-08-29 08:34:17,124 [java.util.concurrent.ThreadPoolExecutor$Worker@765ccaac[State = -1, empty queue]] WARN  server.GrpcLogAppender (GrpcLogAppender.java:timeoutAppendRequest(200)) - GrpcLogAppender(bcbb4469-e902-4083-b3d9-1bab9ea4cd29->99586f2f-9d87-40a3-9061-4566008201fd): appendEntries Timeout, request=bcbb4469-e902-4083-b3d9-1bab9ea4cd29->99586f2f-9d87-40a3-9061-4566008201fd#87-t2, previous=(t:2, i:30), leaderCommit=29, initializing? false, entries: <empty>
2019-08-29 08:34:17,267 | INFO  | SCMAudit | user=jenkins1000 | ip=192.168.69.89 | op=SEND_HEARTBEAT {datanodeUUID=129685ee-8122-4333-8930-3eeb8cf836af, command=[]} | ret=SUCCESS |  
2019-08-29 08:34:17,389 | INFO  | SCMAudit | user=jenkins1000 | ip=192.168.69.89 | op=SEND_HEARTBEAT {datanodeUUID=7a9bfe55-9a1e-4d2f-9ebd-558835cfe40a, command=[]} | ret=SUCCESS |  
2019-08-29 08:34:17,460 [grpc-default-executor-3] WARN  server.GrpcLogAppender (LogUtils.java:warn(134)) - 129685ee-8122-4333-8930-3eeb8cf836af->802c6c9d-4843-417e-8983-b6e40533cc1c: Failed appendEntries: org.apache.ratis.thirdparty.io.grpc.StatusRuntimeException: UNAVAILABLE: io exception
2019-08-29 08:34:17,460 [grpc-default-executor-4] WARN  server.GrpcLogAppender (LogUtils.java:warn(134)) - 129685ee-8122-4333-8930-3eeb8cf836af->fe546585-3c52-42ae-8754-1a35dad17d3f: Failed appendEntries: org.apache.ratis.thirdparty.io.grpc.StatusRuntimeException: UNAVAILABLE: io exception
2019-08-29 08:34:17,461 [grpc-default-executor-3] INFO  impl.FollowerInfo (FollowerInfo.java:lambda$new$0(50)) - 129685ee-8122-4333-8930-3eeb8cf836af->802c6c9d-4843-417e-8983-b6e40533cc1c: nextIndex: updateUnconditionally 0 -> 0
2019-08-29 08:34:17,461 [grpc-default-executor-4] INFO  impl.FollowerInfo (FollowerInfo.java:lambda$new$0(50)) - 129685ee-8122-4333-8930-3eeb8cf836af->fe546585-3c52-42ae-8754-1a35dad17d3f: nextIndex: updateUnconditionally 0 -> 0
2019-08-29 08:34:17,511 | INFO  | SCMAudit | user=jenkins1000 | ip=192.168.69.89 | op=SEND_HEARTBEAT {datanodeUUID=02bf3283-c6bf-4588-a57c-baa459038378, command=[]} | ret=SUCCESS |  
2019-08-29 08:34:17,511 | INFO  | SCMAudit | user=jenkins1000 | ip=192.168.69.89 | op=SEND_HEARTBEAT {datanodeUUID=4da055f9-cd9d-4c6f-9ab8-147a42717fcf, command=[]} | ret=SUCCESS |  
2019-08-29 08:34:17,512 | INFO  | SCMAudit | user=jenkins1000 | ip=192.168.69.89 | op=SEND_HEARTBEAT {datanodeUUID=f0c18ce4-0e5b-4823-99c8-fd716531bc5f, command=[]} | ret=SUCCESS |  
2019-08-29 08:34:17,624 [java.util.concurrent.ThreadPoolExecutor$Worker@765ccaac[State = -1, empty queue]] WARN  server.GrpcLogAppender (GrpcLogAppender.java:timeoutAppendRequest(200)) - GrpcLogAppender(bcbb4469-e902-4083-b3d9-1bab9ea4cd29->99586f2f-9d87-40a3-9061-4566008201fd): appendEntries Timeout, request=bcbb4469-e902-4083-b3d9-1bab9ea4cd29->99586f2f-9d87-40a3-9061-4566008201fd#88-t2, previous=(t:2, i:30), leaderCommit=29, initializing? false, entries: <empty>
2019-08-29 08:34:17,624 [java.util.concurrent.ThreadPoolExecutor$Worker@1719057[State = -1, empty queue]] WARN  server.GrpcLogAppender (GrpcLogAppender.java:timeoutAppendRequest(200)) - GrpcLogAppender(bcbb4469-e902-4083-b3d9-1bab9ea4cd29->e7b9916e-4eca-4156-a086-839e4ffd13a0): appendEntries Timeout, request=bcbb4469-e902-4083-b3d9-1bab9ea4cd29->e7b9916e-4eca-4156-a086-839e4ffd13a0#88-t2, previous=(t:2, i:30), leaderCommit=29, initializing? false, entries: <empty>
2019-08-29 08:34:17,676 | INFO  | SCMAudit | user=jenkins1000 | ip=192.168.69.89 | op=SEND_HEARTBEAT {datanodeUUID=99586f2f-9d87-40a3-9061-4566008201fd, command=[]} | ret=SUCCESS |  
2019-08-29 08:34:17,676 | INFO  | SCMAudit | user=jenkins1000 | ip=192.168.69.89 | op=SEND_HEARTBEAT {datanodeUUID=bcbb4469-e902-4083-b3d9-1bab9ea4cd29, command=[]} | ret=SUCCESS |  
2019-08-29 08:34:17,676 | INFO  | SCMAudit | user=jenkins1000 | ip=192.168.69.89 | op=SEND_HEARTBEAT {datanodeUUID=e7b9916e-4eca-4156-a086-839e4ffd13a0, command=[]} | ret=SUCCESS |  
2019-08-29 08:34:17,961 [grpc-default-executor-0] WARN  server.GrpcLogAppender (LogUtils.java:warn(134)) - 129685ee-8122-4333-8930-3eeb8cf836af->802c6c9d-4843-417e-8983-b6e40533cc1c: Failed appendEntries: org.apache.ratis.thirdparty.io.grpc.StatusRuntimeException: UNAVAILABLE: io exception
2019-08-29 08:34:17,961 [grpc-default-executor-3] WARN  server.GrpcLogAppender (LogUtils.java:warn(134)) - 129685ee-8122-4333-8930-3eeb8cf836af->fe546585-3c52-42ae-8754-1a35dad17d3f: Failed appendEntries: org.apache.ratis.thirdparty.io.grpc.StatusRuntimeException: UNAVAILABLE: io exception
2019-08-29 08:34:17,962 [grpc-default-executor-0] INFO  impl.FollowerInfo (FollowerInfo.java:lambda$new$0(50)) - 129685ee-8122-4333-8930-3eeb8cf836af->802c6c9d-4843-417e-8983-b6e40533cc1c: nextIndex: updateUnconditionally 0 -> 0
2019-08-29 08:34:17,962 [grpc-default-executor-3] INFO  impl.FollowerInfo (FollowerInfo.java:lambda$new$0(50)) - 129685ee-8122-4333-8930-3eeb8cf836af->fe546585-3c52-42ae-8754-1a35dad17d3f: nextIndex: updateUnconditionally 0 -> 0
2019-08-29 08:34:18,125 [java.util.concurrent.ThreadPoolExecutor$Worker@1719057[State = -1, empty queue]] WARN  server.GrpcLogAppender (GrpcLogAppender.java:timeoutAppendRequest(200)) - GrpcLogAppender(bcbb4469-e902-4083-b3d9-1bab9ea4cd29->e7b9916e-4eca-4156-a086-839e4ffd13a0): appendEntries Timeout, request=bcbb4469-e902-4083-b3d9-1bab9ea4cd29->e7b9916e-4eca-4156-a086-839e4ffd13a0#89-t2, previous=(t:2, i:30), leaderCommit=29, initializing? false, entries: <empty>
2019-08-29 08:34:18,125 [java.util.concurrent.ThreadPoolExecutor$Worker@765ccaac[State = -1, empty queue]] WARN  server.GrpcLogAppender (GrpcLogAppender.java:timeoutAppendRequest(200)) - GrpcLogAppender(bcbb4469-e902-4083-b3d9-1bab9ea4cd29->99586f2f-9d87-40a3-9061-4566008201fd): appendEntries Timeout, request=bcbb4469-e902-4083-b3d9-1bab9ea4cd29->99586f2f-9d87-40a3-9061-4566008201fd#89-t2, previous=(t:2, i:30), leaderCommit=29, initializing? false, entries: <empty>
2019-08-29 08:34:18,268 | INFO  | SCMAudit | user=jenkins1000 | ip=192.168.69.89 | op=SEND_HEARTBEAT {datanodeUUID=129685ee-8122-4333-8930-3eeb8cf836af, command=[]} | ret=SUCCESS |  
2019-08-29 08:34:18,390 | INFO  | SCMAudit | user=jenkins1000 | ip=192.168.69.89 | op=SEND_HEARTBEAT {datanodeUUID=7a9bfe55-9a1e-4d2f-9ebd-558835cfe40a, command=[]} | ret=SUCCESS |  
2019-08-29 08:34:18,462 [grpc-default-executor-6] WARN  server.GrpcLogAppender (LogUtils.java:warn(134)) - 129685ee-8122-4333-8930-3eeb8cf836af->fe546585-3c52-42ae-8754-1a35dad17d3f: Failed appendEntries: org.apache.ratis.thirdparty.io.grpc.StatusRuntimeException: UNAVAILABLE: io exception
2019-08-29 08:34:18,462 [grpc-default-executor-1] WARN  server.GrpcLogAppender (LogUtils.java:warn(134)) - 129685ee-8122-4333-8930-3eeb8cf836af->802c6c9d-4843-417e-8983-b6e40533cc1c: Failed appendEntries: org.apache.ratis.thirdparty.io.grpc.StatusRuntimeException: UNAVAILABLE: io exception
2019-08-29 08:34:18,463 [grpc-default-executor-6] INFO  impl.FollowerInfo (FollowerInfo.java:lambda$new$0(50)) - 129685ee-8122-4333-8930-3eeb8cf836af->fe546585-3c52-42ae-8754-1a35dad17d3f: nextIndex: updateUnconditionally 0 -> 0
2019-08-29 08:34:18,463 [grpc-default-executor-1] INFO  impl.FollowerInfo (FollowerInfo.java:lambda$new$0(50)) - 129685ee-8122-4333-8930-3eeb8cf836af->802c6c9d-4843-417e-8983-b6e40533cc1c: nextIndex: updateUnconditionally 0 -> 0
2019-08-29 08:34:18,512 | INFO  | SCMAudit | user=jenkins1000 | ip=192.168.69.89 | op=SEND_HEARTBEAT {datanodeUUID=4da055f9-cd9d-4c6f-9ab8-147a42717fcf, command=[]} | ret=SUCCESS |  
2019-08-29 08:34:18,512 | INFO  | SCMAudit | user=jenkins1000 | ip=192.168.69.89 | op=SEND_HEARTBEAT {datanodeUUID=02bf3283-c6bf-4588-a57c-baa459038378, command=[]} | ret=SUCCESS |  
2019-08-29 08:34:18,512 | INFO  | SCMAudit | user=jenkins1000 | ip=192.168.69.89 | op=SEND_HEARTBEAT {datanodeUUID=f0c18ce4-0e5b-4823-99c8-fd716531bc5f, command=[]} | ret=SUCCESS |  
2019-08-29 08:34:18,625 [java.util.concurrent.ThreadPoolExecutor$Worker@1719057[State = -1, empty queue]] WARN  server.GrpcLogAppender (GrpcLogAppender.java:timeoutAppendRequest(200)) - GrpcLogAppender(bcbb4469-e902-4083-b3d9-1bab9ea4cd29->e7b9916e-4eca-4156-a086-839e4ffd13a0): appendEntries Timeout, request=bcbb4469-e902-4083-b3d9-1bab9ea4cd29->e7b9916e-4eca-4156-a086-839e4ffd13a0#90-t2, previous=(t:2, i:30), leaderCommit=29, initializing? false, entries: <empty>
2019-08-29 08:34:18,625 [java.util.concurrent.ThreadPoolExecutor$Worker@765ccaac[State = -1, empty queue]] WARN  server.GrpcLogAppender (GrpcLogAppender.java:timeoutAppendRequest(200)) - GrpcLogAppender(bcbb4469-e902-4083-b3d9-1bab9ea4cd29->99586f2f-9d87-40a3-9061-4566008201fd): appendEntries Timeout, request=bcbb4469-e902-4083-b3d9-1bab9ea4cd29->99586f2f-9d87-40a3-9061-4566008201fd#90-t2, previous=(t:2, i:30), leaderCommit=29, initializing? false, entries: <empty>
2019-08-29 08:34:18,675 | INFO  | SCMAudit | user=jenkins1000 | ip=192.168.69.89 | op=SEND_HEARTBEAT {datanodeUUID=99586f2f-9d87-40a3-9061-4566008201fd, command=[]} | ret=SUCCESS |  
2019-08-29 08:34:18,675 | INFO  | SCMAudit | user=jenkins1000 | ip=192.168.69.89 | op=SEND_HEARTBEAT {datanodeUUID=bcbb4469-e902-4083-b3d9-1bab9ea4cd29, command=[]} | ret=SUCCESS |  
2019-08-29 08:34:18,676 | INFO  | SCMAudit | user=jenkins1000 | ip=192.168.69.89 | op=SEND_HEARTBEAT {datanodeUUID=e7b9916e-4eca-4156-a086-839e4ffd13a0, command=[]} | ret=SUCCESS |  
2019-08-29 08:34:18,963 [grpc-default-executor-4] WARN  server.GrpcLogAppender (LogUtils.java:warn(134)) - 129685ee-8122-4333-8930-3eeb8cf836af->fe546585-3c52-42ae-8754-1a35dad17d3f: Failed appendEntries: org.apache.ratis.thirdparty.io.grpc.StatusRuntimeException: UNAVAILABLE: io exception
2019-08-29 08:34:18,963 [grpc-default-executor-0] WARN  server.GrpcLogAppender (LogUtils.java:warn(134)) - 129685ee-8122-4333-8930-3eeb8cf836af->802c6c9d-4843-417e-8983-b6e40533cc1c: Failed appendEntries: org.apache.ratis.thirdparty.io.grpc.StatusRuntimeException: UNAVAILABLE: io exception
2019-08-29 08:34:18,964 [grpc-default-executor-4] INFO  impl.FollowerInfo (FollowerInfo.java:lambda$new$0(50)) - 129685ee-8122-4333-8930-3eeb8cf836af->fe546585-3c52-42ae-8754-1a35dad17d3f: nextIndex: updateUnconditionally 0 -> 0
2019-08-29 08:34:18,964 [grpc-default-executor-0] INFO  impl.FollowerInfo (FollowerInfo.java:lambda$new$0(50)) - 129685ee-8122-4333-8930-3eeb8cf836af->802c6c9d-4843-417e-8983-b6e40533cc1c: nextIndex: updateUnconditionally 0 -> 0
2019-08-29 08:34:19,126 [java.util.concurrent.ThreadPoolExecutor$Worker@765ccaac[State = -1, empty queue]] WARN  server.GrpcLogAppender (GrpcLogAppender.java:timeoutAppendRequest(200)) - GrpcLogAppender(bcbb4469-e902-4083-b3d9-1bab9ea4cd29->99586f2f-9d87-40a3-9061-4566008201fd): appendEntries Timeout, request=bcbb4469-e902-4083-b3d9-1bab9ea4cd29->99586f2f-9d87-40a3-9061-4566008201fd#91-t2, previous=(t:2, i:30), leaderCommit=29, initializing? false, entries: <empty>
2019-08-29 08:34:19,126 [java.util.concurrent.ThreadPoolExecutor$Worker@1719057[State = -1, empty queue]] WARN  server.GrpcLogAppender (GrpcLogAppender.java:timeoutAppendRequest(200)) - GrpcLogAppender(bcbb4469-e902-4083-b3d9-1bab9ea4cd29->e7b9916e-4eca-4156-a086-839e4ffd13a0): appendEntries Timeout, request=bcbb4469-e902-4083-b3d9-1bab9ea4cd29->e7b9916e-4eca-4156-a086-839e4ffd13a0#91-t2, previous=(t:2, i:30), leaderCommit=29, initializing? false, entries: <empty>
2019-08-29 08:34:19,269 | INFO  | SCMAudit | user=jenkins1000 | ip=192.168.69.89 | op=SEND_HEARTBEAT {datanodeUUID=129685ee-8122-4333-8930-3eeb8cf836af, command=[]} | ret=SUCCESS |  
2019-08-29 08:34:19,389 | INFO  | SCMAudit | user=jenkins1000 | ip=192.168.69.89 | op=SEND_HEARTBEAT {datanodeUUID=7a9bfe55-9a1e-4d2f-9ebd-558835cfe40a, command=[]} | ret=SUCCESS |  
2019-08-29 08:34:19,464 [grpc-default-executor-6] WARN  server.GrpcLogAppender (LogUtils.java:warn(134)) - 129685ee-8122-4333-8930-3eeb8cf836af->fe546585-3c52-42ae-8754-1a35dad17d3f: Failed appendEntries: org.apache.ratis.thirdparty.io.grpc.StatusRuntimeException: UNAVAILABLE: io exception
2019-08-29 08:34:19,464 [grpc-default-executor-0] WARN  server.GrpcLogAppender (LogUtils.java:warn(134)) - 129685ee-8122-4333-8930-3eeb8cf836af->802c6c9d-4843-417e-8983-b6e40533cc1c: Failed appendEntries: org.apache.ratis.thirdparty.io.grpc.StatusRuntimeException: UNAVAILABLE: io exception
2019-08-29 08:34:19,465 [grpc-default-executor-6] INFO  impl.FollowerInfo (FollowerInfo.java:lambda$new$0(50)) - 129685ee-8122-4333-8930-3eeb8cf836af->fe546585-3c52-42ae-8754-1a35dad17d3f: nextIndex: updateUnconditionally 0 -> 0
2019-08-29 08:34:19,465 [grpc-default-executor-0] INFO  impl.FollowerInfo (FollowerInfo.java:lambda$new$0(50)) - 129685ee-8122-4333-8930-3eeb8cf836af->802c6c9d-4843-417e-8983-b6e40533cc1c: nextIndex: updateUnconditionally 0 -> 0
2019-08-29 08:34:19,511 | INFO  | SCMAudit | user=jenkins1000 | ip=192.168.69.89 | op=SEND_HEARTBEAT {datanodeUUID=02bf3283-c6bf-4588-a57c-baa459038378, command=[]} | ret=SUCCESS |  
2019-08-29 08:34:19,511 | INFO  | SCMAudit | user=jenkins1000 | ip=192.168.69.89 | op=SEND_HEARTBEAT {datanodeUUID=4da055f9-cd9d-4c6f-9ab8-147a42717fcf, command=[]} | ret=SUCCESS |  
2019-08-29 08:34:19,512 | INFO  | SCMAudit | user=jenkins1000 | ip=192.168.69.89 | op=SEND_HEARTBEAT {datanodeUUID=f0c18ce4-0e5b-4823-99c8-fd716531bc5f, command=[]} | ret=SUCCESS |  
2019-08-29 08:34:19,626 [java.util.concurrent.ThreadPoolExecutor$Worker@765ccaac[State = -1, empty queue]] WARN  server.GrpcLogAppender (GrpcLogAppender.java:timeoutAppendRequest(200)) - GrpcLogAppender(bcbb4469-e902-4083-b3d9-1bab9ea4cd29->99586f2f-9d87-40a3-9061-4566008201fd): appendEntries Timeout, request=bcbb4469-e902-4083-b3d9-1bab9ea4cd29->99586f2f-9d87-40a3-9061-4566008201fd#92-t2, previous=(t:2, i:30), leaderCommit=29, initializing? false, entries: <empty>
2019-08-29 08:34:19,626 [java.util.concurrent.ThreadPoolExecutor$Worker@1719057[State = -1, empty queue]] WARN  server.GrpcLogAppender (GrpcLogAppender.java:timeoutAppendRequest(200)) - GrpcLogAppender(bcbb4469-e902-4083-b3d9-1bab9ea4cd29->e7b9916e-4eca-4156-a086-839e4ffd13a0): appendEntries Timeout, request=bcbb4469-e902-4083-b3d9-1bab9ea4cd29->e7b9916e-4eca-4156-a086-839e4ffd13a0#92-t2, previous=(t:2, i:30), leaderCommit=29, initializing? false, entries: <empty>
2019-08-29 08:34:19,675 | INFO  | SCMAudit | user=jenkins1000 | ip=192.168.69.89 | op=SEND_HEARTBEAT {datanodeUUID=99586f2f-9d87-40a3-9061-4566008201fd, command=[]} | ret=SUCCESS |  
2019-08-29 08:34:19,675 | INFO  | SCMAudit | user=jenkins1000 | ip=192.168.69.89 | op=SEND_HEARTBEAT {datanodeUUID=bcbb4469-e902-4083-b3d9-1bab9ea4cd29, command=[]} | ret=SUCCESS |  
2019-08-29 08:34:19,677 | INFO  | SCMAudit | user=jenkins1000 | ip=192.168.69.89 | op=SEND_HEARTBEAT {datanodeUUID=e7b9916e-4eca-4156-a086-839e4ffd13a0, command=[]} | ret=SUCCESS |  
2019-08-29 08:34:19,965 [grpc-default-executor-3] WARN  server.GrpcLogAppender (LogUtils.java:warn(134)) - 129685ee-8122-4333-8930-3eeb8cf836af->802c6c9d-4843-417e-8983-b6e40533cc1c: Failed appendEntries: org.apache.ratis.thirdparty.io.grpc.StatusRuntimeException: UNAVAILABLE: io exception
2019-08-29 08:34:19,965 [grpc-default-executor-0] WARN  server.GrpcLogAppender (LogUtils.java:warn(134)) - 129685ee-8122-4333-8930-3eeb8cf836af->fe546585-3c52-42ae-8754-1a35dad17d3f: Failed appendEntries: org.apache.ratis.thirdparty.io.grpc.StatusRuntimeException: UNAVAILABLE: io exception
2019-08-29 08:34:19,966 [grpc-default-executor-3] INFO  impl.FollowerInfo (FollowerInfo.java:lambda$new$0(50)) - 129685ee-8122-4333-8930-3eeb8cf836af->802c6c9d-4843-417e-8983-b6e40533cc1c: nextIndex: updateUnconditionally 0 -> 0
2019-08-29 08:34:19,966 [grpc-default-executor-0] INFO  impl.FollowerInfo (FollowerInfo.java:lambda$new$0(50)) - 129685ee-8122-4333-8930-3eeb8cf836af->fe546585-3c52-42ae-8754-1a35dad17d3f: nextIndex: updateUnconditionally 0 -> 0
2019-08-29 08:34:20,126 [java.util.concurrent.ThreadPoolExecutor$Worker@765ccaac[State = -1, empty queue]] WARN  server.GrpcLogAppender (GrpcLogAppender.java:timeoutAppendRequest(200)) - GrpcLogAppender(bcbb4469-e902-4083-b3d9-1bab9ea4cd29->99586f2f-9d87-40a3-9061-4566008201fd): appendEntries Timeout, request=bcbb4469-e902-4083-b3d9-1bab9ea4cd29->99586f2f-9d87-40a3-9061-4566008201fd#93-t2, previous=(t:2, i:30), leaderCommit=29, initializing? false, entries: <empty>
2019-08-29 08:34:20,126 [java.util.concurrent.ThreadPoolExecutor$Worker@1719057[State = -1, empty queue]] WARN  server.GrpcLogAppender (GrpcLogAppender.java:timeoutAppendRequest(200)) - GrpcLogAppender(bcbb4469-e902-4083-b3d9-1bab9ea4cd29->e7b9916e-4eca-4156-a086-839e4ffd13a0): appendEntries Timeout, request=bcbb4469-e902-4083-b3d9-1bab9ea4cd29->e7b9916e-4eca-4156-a086-839e4ffd13a0#93-t2, previous=(t:2, i:30), leaderCommit=29, initializing? false, entries: <empty>
2019-08-29 08:34:20,268 | INFO  | SCMAudit | user=jenkins1000 | ip=192.168.69.89 | op=SEND_HEARTBEAT {datanodeUUID=129685ee-8122-4333-8930-3eeb8cf836af, command=[]} | ret=SUCCESS |  
2019-08-29 08:34:20,390 | INFO  | SCMAudit | user=jenkins1000 | ip=192.168.69.89 | op=SEND_HEARTBEAT {datanodeUUID=7a9bfe55-9a1e-4d2f-9ebd-558835cfe40a, command=[]} | ret=SUCCESS |  
2019-08-29 08:34:20,466 [grpc-default-executor-3] WARN  server.GrpcLogAppender (LogUtils.java:warn(134)) - 129685ee-8122-4333-8930-3eeb8cf836af->802c6c9d-4843-417e-8983-b6e40533cc1c: Failed appendEntries: org.apache.ratis.thirdparty.io.grpc.StatusRuntimeException: UNAVAILABLE: io exception
2019-08-29 08:34:20,466 [grpc-default-executor-6] WARN  server.GrpcLogAppender (LogUtils.java:warn(134)) - 129685ee-8122-4333-8930-3eeb8cf836af->fe546585-3c52-42ae-8754-1a35dad17d3f: Failed appendEntries: org.apache.ratis.thirdparty.io.grpc.StatusRuntimeException: UNAVAILABLE: io exception
2019-08-29 08:34:20,467 [grpc-default-executor-3] INFO  impl.FollowerInfo (FollowerInfo.java:lambda$new$0(50)) - 129685ee-8122-4333-8930-3eeb8cf836af->802c6c9d-4843-417e-8983-b6e40533cc1c: nextIndex: updateUnconditionally 0 -> 0
2019-08-29 08:34:20,467 [grpc-default-executor-6] INFO  impl.FollowerInfo (FollowerInfo.java:lambda$new$0(50)) - 129685ee-8122-4333-8930-3eeb8cf836af->fe546585-3c52-42ae-8754-1a35dad17d3f: nextIndex: updateUnconditionally 0 -> 0
2019-08-29 08:34:20,512 | INFO  | SCMAudit | user=jenkins1000 | ip=192.168.69.89 | op=SEND_HEARTBEAT {datanodeUUID=f0c18ce4-0e5b-4823-99c8-fd716531bc5f, command=[]} | ret=SUCCESS |  
2019-08-29 08:34:20,512 | INFO  | SCMAudit | user=jenkins1000 | ip=192.168.69.89 | op=SEND_HEARTBEAT {datanodeUUID=4da055f9-cd9d-4c6f-9ab8-147a42717fcf, command=[]} | ret=SUCCESS |  
2019-08-29 08:34:20,512 | INFO  | SCMAudit | user=jenkins1000 | ip=192.168.69.89 | op=SEND_HEARTBEAT {datanodeUUID=02bf3283-c6bf-4588-a57c-baa459038378, command=[]} | ret=SUCCESS |  
2019-08-29 08:34:20,627 [java.util.concurrent.ThreadPoolExecutor$Worker@1719057[State = -1, empty queue]] WARN  server.GrpcLogAppender (GrpcLogAppender.java:timeoutAppendRequest(200)) - GrpcLogAppender(bcbb4469-e902-4083-b3d9-1bab9ea4cd29->e7b9916e-4eca-4156-a086-839e4ffd13a0): appendEntries Timeout, request=bcbb4469-e902-4083-b3d9-1bab9ea4cd29->e7b9916e-4eca-4156-a086-839e4ffd13a0#94-t2, previous=(t:2, i:30), leaderCommit=29, initializing? false, entries: <empty>
2019-08-29 08:34:20,627 [java.util.concurrent.ThreadPoolExecutor$Worker@765ccaac[State = -1, empty queue]] WARN  server.GrpcLogAppender (GrpcLogAppender.java:timeoutAppendRequest(200)) - GrpcLogAppender(bcbb4469-e902-4083-b3d9-1bab9ea4cd29->99586f2f-9d87-40a3-9061-4566008201fd): appendEntries Timeout, request=bcbb4469-e902-4083-b3d9-1bab9ea4cd29->99586f2f-9d87-40a3-9061-4566008201fd#94-t2, previous=(t:2, i:30), leaderCommit=29, initializing? false, entries: <empty>
2019-08-29 08:34:20,676 | INFO  | SCMAudit | user=jenkins1000 | ip=192.168.69.89 | op=SEND_HEARTBEAT {datanodeUUID=99586f2f-9d87-40a3-9061-4566008201fd, command=[]} | ret=SUCCESS |  
2019-08-29 08:34:20,676 | INFO  | SCMAudit | user=jenkins1000 | ip=192.168.69.89 | op=SEND_HEARTBEAT {datanodeUUID=bcbb4469-e902-4083-b3d9-1bab9ea4cd29, command=[]} | ret=SUCCESS |  
2019-08-29 08:34:20,676 | INFO  | SCMAudit | user=jenkins1000 | ip=192.168.69.89 | op=SEND_HEARTBEAT {datanodeUUID=e7b9916e-4eca-4156-a086-839e4ffd13a0, command=[]} | ret=SUCCESS |  
2019-08-29 08:34:20,967 [grpc-default-executor-4] WARN  server.GrpcLogAppender (LogUtils.java:warn(134)) - 129685ee-8122-4333-8930-3eeb8cf836af->802c6c9d-4843-417e-8983-b6e40533cc1c: Failed appendEntries: org.apache.ratis.thirdparty.io.grpc.StatusRuntimeException: UNAVAILABLE: io exception
2019-08-29 08:34:20,967 [grpc-default-executor-6] WARN  server.GrpcLogAppender (LogUtils.java:warn(134)) - 129685ee-8122-4333-8930-3eeb8cf836af->fe546585-3c52-42ae-8754-1a35dad17d3f: Failed appendEntries: org.apache.ratis.thirdparty.io.grpc.StatusRuntimeException: UNAVAILABLE: io exception
2019-08-29 08:34:20,968 [grpc-default-executor-4] INFO  impl.FollowerInfo (FollowerInfo.java:lambda$new$0(50)) - 129685ee-8122-4333-8930-3eeb8cf836af->802c6c9d-4843-417e-8983-b6e40533cc1c: nextIndex: updateUnconditionally 0 -> 0
2019-08-29 08:34:20,968 [grpc-default-executor-6] INFO  impl.FollowerInfo (FollowerInfo.java:lambda$new$0(50)) - 129685ee-8122-4333-8930-3eeb8cf836af->fe546585-3c52-42ae-8754-1a35dad17d3f: nextIndex: updateUnconditionally 0 -> 0
2019-08-29 08:34:21,116 [bcbb4469-e902-4083-b3d9-1bab9ea4cd29-SegmentedRaftLogWorker:Storage Directory /workdir/hadoop-ozone/integration-test/target/test-dir/MiniOzoneClusterImpl-839c4a83-1072-4184-a39a-41aa01fb846d/datanode-6/data/ratis/79f04424-d886-402f-8436-f65937874e2c] WARN  segmented.SegmentedRaftLogWorker (SegmentedRaftLogWorker.java:getFromFuture(90)) - Timeout 0/~
org.apache.ratis.protocol.TimeoutIOException: Timeout 10s: WriteLog:30: (t:2, i:30), STATEMACHINELOGENTRY, client-74F246C92584, cid=65-writeStateMachineData
	at org.apache.ratis.util.IOUtils.getFromFuture(IOUtils.java:87)
	at org.apache.ratis.server.raftlog.segmented.SegmentedRaftLogWorker$StateMachineDataPolicy.getFromFuture(SegmentedRaftLogWorker.java:87)
	at org.apache.ratis.server.raftlog.segmented.SegmentedRaftLogWorker$WriteLog.execute(SegmentedRaftLogWorker.java:477)
	at org.apache.ratis.server.raftlog.segmented.SegmentedRaftLogWorker.run(SegmentedRaftLogWorker.java:289)
	at java.lang.Thread.run(Thread.java:748)
Caused by: java.util.concurrent.TimeoutException
	at java.util.concurrent.CompletableFuture.timedGet(CompletableFuture.java:1771)
	at java.util.concurrent.CompletableFuture.get(CompletableFuture.java:1915)
	at org.apache.ratis.util.IOUtils.getFromFuture(IOUtils.java:79)
	... 4 more
2019-08-29 08:34:21,120 [99586f2f-9d87-40a3-9061-4566008201fd-SegmentedRaftLogWorker:Storage Directory /workdir/hadoop-ozone/integration-test/target/test-dir/MiniOzoneClusterImpl-839c4a83-1072-4184-a39a-41aa01fb846d/datanode-5/data/ratis/79f04424-d886-402f-8436-f65937874e2c] WARN  segmented.SegmentedRaftLogWorker (SegmentedRaftLogWorker.java:getFromFuture(90)) - Timeout 0/~
org.apache.ratis.protocol.TimeoutIOException: Timeout 10s: WriteLog:30: (t:2, i:30), STATEMACHINELOGENTRY, client-74F246C92584, cid=65-writeStateMachineData
	at org.apache.ratis.util.IOUtils.getFromFuture(IOUtils.java:87)
	at org.apache.ratis.server.raftlog.segmented.SegmentedRaftLogWorker$StateMachineDataPolicy.getFromFuture(SegmentedRaftLogWorker.java:87)
	at org.apache.ratis.server.raftlog.segmented.SegmentedRaftLogWorker$WriteLog.execute(SegmentedRaftLogWorker.java:477)
	at org.apache.ratis.server.raftlog.segmented.SegmentedRaftLogWorker.run(SegmentedRaftLogWorker.java:289)
	at java.lang.Thread.run(Thread.java:748)
Caused by: java.util.concurrent.TimeoutException
	at java.util.concurrent.CompletableFuture.timedGet(CompletableFuture.java:1771)
	at java.util.concurrent.CompletableFuture.get(CompletableFuture.java:1915)
	at org.apache.ratis.util.IOUtils.getFromFuture(IOUtils.java:79)
	... 4 more
2019-08-29 08:34:21,120 [e7b9916e-4eca-4156-a086-839e4ffd13a0-SegmentedRaftLogWorker:Storage Directory /workdir/hadoop-ozone/integration-test/target/test-dir/MiniOzoneClusterImpl-839c4a83-1072-4184-a39a-41aa01fb846d/datanode-1/data/ratis/79f04424-d886-402f-8436-f65937874e2c] WARN  segmented.SegmentedRaftLogWorker (SegmentedRaftLogWorker.java:getFromFuture(90)) - Timeout 0/~
org.apache.ratis.protocol.TimeoutIOException: Timeout 10s: WriteLog:30: (t:2, i:30), STATEMACHINELOGENTRY, client-74F246C92584, cid=65-writeStateMachineData
	at org.apache.ratis.util.IOUtils.getFromFuture(IOUtils.java:87)
	at org.apache.ratis.server.raftlog.segmented.SegmentedRaftLogWorker$StateMachineDataPolicy.getFromFuture(SegmentedRaftLogWorker.java:87)
	at org.apache.ratis.server.raftlog.segmented.SegmentedRaftLogWorker$WriteLog.execute(SegmentedRaftLogWorker.java:477)
	at org.apache.ratis.server.raftlog.segmented.SegmentedRaftLogWorker.run(SegmentedRaftLogWorker.java:289)
	at java.lang.Thread.run(Thread.java:748)
Caused by: java.util.concurrent.TimeoutException
	at java.util.concurrent.CompletableFuture.timedGet(CompletableFuture.java:1771)
	at java.util.concurrent.CompletableFuture.get(CompletableFuture.java:1915)
	at org.apache.ratis.util.IOUtils.getFromFuture(IOUtils.java:79)
	... 4 more
2019-08-29 08:34:21,127 [java.util.concurrent.ThreadPoolExecutor$Worker@765ccaac[State = -1, empty queue]] WARN  server.GrpcLogAppender (GrpcLogAppender.java:timeoutAppendRequest(200)) - GrpcLogAppender(bcbb4469-e902-4083-b3d9-1bab9ea4cd29->99586f2f-9d87-40a3-9061-4566008201fd): appendEntries Timeout, request=bcbb4469-e902-4083-b3d9-1bab9ea4cd29->99586f2f-9d87-40a3-9061-4566008201fd#95-t2, previous=(t:2, i:30), leaderCommit=29, initializing? false, entries: <empty>
2019-08-29 08:34:21,127 [java.util.concurrent.ThreadPoolExecutor$Worker@1719057[State = -1, empty queue]] WARN  server.GrpcLogAppender (GrpcLogAppender.java:timeoutAppendRequest(200)) - GrpcLogAppender(bcbb4469-e902-4083-b3d9-1bab9ea4cd29->e7b9916e-4eca-4156-a086-839e4ffd13a0): appendEntries Timeout, request=bcbb4469-e902-4083-b3d9-1bab9ea4cd29->e7b9916e-4eca-4156-a086-839e4ffd13a0#95-t2, previous=(t:2, i:30), leaderCommit=29, initializing? false, entries: <empty>
2019-08-29 08:34:21,202 [grpc-default-executor-6] INFO  client.GrpcClientProtocolClient (GrpcClientProtocolClient.java:onNext(255)) - client-74F246C92584->e7b9916e-4eca-4156-a086-839e4ffd13a0: receive RaftClientReply:client-74F246C92584->e7b9916e-4eca-4156-a086-839e4ffd13a0@group-F65937874E2C, cid=65, FAILED org.apache.ratis.protocol.NotLeaderException: Server e7b9916e-4eca-4156-a086-839e4ffd13a0 is not the leader (bcbb4469-e902-4083-b3d9-1bab9ea4cd29:192.168.69.89:42960). Request must be sent to leader., logIndex=0, commits[e7b9916e-4eca-4156-a086-839e4ffd13a0:c29, bcbb4469-e902-4083-b3d9-1bab9ea4cd29:c29, 99586f2f-9d87-40a3-9061-4566008201fd:c29]
2019-08-29 08:34:21,268 | INFO  | SCMAudit | user=jenkins1000 | ip=192.168.69.89 | op=SEND_HEARTBEAT {datanodeUUID=129685ee-8122-4333-8930-3eeb8cf836af, command=[]} | ret=SUCCESS |  
2019-08-29 08:34:21,390 | INFO  | SCMAudit | user=jenkins1000 | ip=192.168.69.89 | op=SEND_HEARTBEAT {datanodeUUID=7a9bfe55-9a1e-4d2f-9ebd-558835cfe40a, command=[]} | ret=SUCCESS |  
2019-08-29 08:34:21,468 [grpc-default-executor-4] WARN  server.GrpcLogAppender (LogUtils.java:warn(134)) - 129685ee-8122-4333-8930-3eeb8cf836af->802c6c9d-4843-417e-8983-b6e40533cc1c: Failed appendEntries: org.apache.ratis.thirdparty.io.grpc.StatusRuntimeException: UNAVAILABLE: io exception
2019-08-29 08:34:21,468 [grpc-default-executor-0] WARN  server.GrpcLogAppender (LogUtils.java:warn(134)) - 129685ee-8122-4333-8930-3eeb8cf836af->fe546585-3c52-42ae-8754-1a35dad17d3f: Failed appendEntries: org.apache.ratis.thirdparty.io.grpc.StatusRuntimeException: UNAVAILABLE: io exception
2019-08-29 08:34:21,468 [grpc-default-executor-4] INFO  impl.FollowerInfo (FollowerInfo.java:lambda$new$0(50)) - 129685ee-8122-4333-8930-3eeb8cf836af->802c6c9d-4843-417e-8983-b6e40533cc1c: nextIndex: updateUnconditionally 0 -> 0
2019-08-29 08:34:21,468 [grpc-default-executor-0] INFO  impl.FollowerInfo (FollowerInfo.java:lambda$new$0(50)) - 129685ee-8122-4333-8930-3eeb8cf836af->fe546585-3c52-42ae-8754-1a35dad17d3f: nextIndex: updateUnconditionally 0 -> 0
2019-08-29 08:34:21,511 | INFO  | SCMAudit | user=jenkins1000 | ip=192.168.69.89 | op=SEND_HEARTBEAT {datanodeUUID=02bf3283-c6bf-4588-a57c-baa459038378, command=[]} | ret=SUCCESS |  
2019-08-29 08:34:21,511 | INFO  | SCMAudit | user=jenkins1000 | ip=192.168.69.89 | op=SEND_HEARTBEAT {datanodeUUID=4da055f9-cd9d-4c6f-9ab8-147a42717fcf, command=[]} | ret=SUCCESS |  
2019-08-29 08:34:21,512 | INFO  | SCMAudit | user=jenkins1000 | ip=192.168.69.89 | op=SEND_HEARTBEAT {datanodeUUID=f0c18ce4-0e5b-4823-99c8-fd716531bc5f, command=[]} | ret=SUCCESS |  
2019-08-29 08:34:21,539 [129685ee-8122-4333-8930-3eeb8cf836af:group-4F259F9E67CD:LeaderElection34] INFO  impl.LeaderElection (LeaderElection.java:askForVotes(181)) - 129685ee-8122-4333-8930-3eeb8cf836af:group-4F259F9E67CD:LeaderElection34: begin an election at term 9 for 0: [802c6c9d-4843-417e-8983-b6e40533cc1c:192.168.69.89:37103, 129685ee-8122-4333-8930-3eeb8cf836af:192.168.69.89:45580, fe546585-3c52-42ae-8754-1a35dad17d3f:192.168.69.89:45996], old=null
2019-08-29 08:34:21,542 [129685ee-8122-4333-8930-3eeb8cf836af:group-4F259F9E67CD:LeaderElection34] INFO  impl.LeaderElection (LogUtils.java:infoOrTrace(149)) - 129685ee-8122-4333-8930-3eeb8cf836af:group-4F259F9E67CD:LeaderElection34 got exception when requesting votes: {}
java.util.concurrent.ExecutionException: org.apache.ratis.thirdparty.io.grpc.StatusRuntimeException: UNAVAILABLE: io exception
	at java.util.concurrent.FutureTask.report(FutureTask.java:122)
	at java.util.concurrent.FutureTask.get(FutureTask.java:192)
	at org.apache.ratis.server.impl.LeaderElection.waitForResults(LeaderElection.java:262)
	at org.apache.ratis.server.impl.LeaderElection.askForVotes(LeaderElection.java:200)
	at org.apache.ratis.server.impl.LeaderElection.run(LeaderElection.java:130)
	at java.lang.Thread.run(Thread.java:748)
Caused by: org.apache.ratis.thirdparty.io.grpc.StatusRuntimeException: UNAVAILABLE: io exception
	at org.apache.ratis.thirdparty.io.grpc.stub.ClientCalls.toStatusRuntimeException(ClientCalls.java:233)
	at org.apache.ratis.thirdparty.io.grpc.stub.ClientCalls.getUnchecked(ClientCalls.java:214)
	at org.apache.ratis.thirdparty.io.grpc.stub.ClientCalls.blockingUnaryCall(ClientCalls.java:139)
	at org.apache.ratis.proto.grpc.RaftServerProtocolServiceGrpc$RaftServerProtocolServiceBlockingStub.requestVote(RaftServerProtocolServiceGrpc.java:265)
	at org.apache.ratis.grpc.server.GrpcServerProtocolClient.requestVote(GrpcServerProtocolClient.java:83)
	at org.apache.ratis.grpc.server.GrpcService.requestVote(GrpcService.java:195)
	at org.apache.ratis.server.impl.LeaderElection.lambda$submitRequests$1(LeaderElection.java:237)
	at java.util.concurrent.FutureTask.run(FutureTask.java:266)
	at java.util.concurrent.Executors$RunnableAdapter.call(Executors.java:511)
	at java.util.concurrent.FutureTask.run(FutureTask.java:266)
	at java.util.concurrent.ThreadPoolExecutor.runWorker(ThreadPoolExecutor.java:1149)
	at java.util.concurrent.ThreadPoolExecutor$Worker.run(ThreadPoolExecutor.java:624)
	... 1 more
Caused by: org.apache.ratis.thirdparty.io.netty.channel.AbstractChannel$AnnotatedConnectException: Connection refused: /192.168.69.89:37103
	at sun.nio.ch.SocketChannelImpl.checkConnect(Native Method)
	at sun.nio.ch.SocketChannelImpl.finishConnect(SocketChannelImpl.java:717)
	at org.apache.ratis.thirdparty.io.netty.channel.socket.nio.NioSocketChannel.doFinishConnect(NioSocketChannel.java:327)
	at org.apache.ratis.thirdparty.io.netty.channel.nio.AbstractNioChannel$AbstractNioUnsafe.finishConnect(AbstractNioChannel.java:340)
	at org.apache.ratis.thirdparty.io.netty.channel.nio.NioEventLoop.processSelectedKey(NioEventLoop.java:632)
	at org.apache.ratis.thirdparty.io.netty.channel.nio.NioEventLoop.processSelectedKeysOptimized(NioEventLoop.java:579)
	at org.apache.ratis.thirdparty.io.netty.channel.nio.NioEventLoop.processSelectedKeys(NioEventLoop.java:496)
	at org.apache.ratis.thirdparty.io.netty.channel.nio.NioEventLoop.run(NioEventLoop.java:458)
	at org.apache.ratis.thirdparty.io.netty.util.concurrent.SingleThreadEventExecutor$5.run(SingleThreadEventExecutor.java:897)
	at org.apache.ratis.thirdparty.io.netty.util.concurrent.FastThreadLocalRunnable.run(FastThreadLocalRunnable.java:30)
	... 1 more
Caused by: java.net.ConnectException: Connection refused
	... 11 more
2019-08-29 08:34:21,546 [129685ee-8122-4333-8930-3eeb8cf836af:group-4F259F9E67CD:LeaderElection34] INFO  impl.LeaderElection (LogUtils.java:infoOrTrace(149)) - 129685ee-8122-4333-8930-3eeb8cf836af:group-4F259F9E67CD:LeaderElection34 got exception when requesting votes: {}
java.util.concurrent.ExecutionException: org.apache.ratis.thirdparty.io.grpc.StatusRuntimeException: UNAVAILABLE: io exception
	at java.util.concurrent.FutureTask.report(FutureTask.java:122)
	at java.util.concurrent.FutureTask.get(FutureTask.java:192)
	at org.apache.ratis.server.impl.LeaderElection.waitForResults(LeaderElection.java:262)
	at org.apache.ratis.server.impl.LeaderElection.askForVotes(LeaderElection.java:200)
	at org.apache.ratis.server.impl.LeaderElection.run(LeaderElection.java:130)
	at java.lang.Thread.run(Thread.java:748)
Caused by: org.apache.ratis.thirdparty.io.grpc.StatusRuntimeException: UNAVAILABLE: io exception
	at org.apache.ratis.thirdparty.io.grpc.stub.ClientCalls.toStatusRuntimeException(ClientCalls.java:233)
	at org.apache.ratis.thirdparty.io.grpc.stub.ClientCalls.getUnchecked(ClientCalls.java:214)
	at org.apache.ratis.thirdparty.io.grpc.stub.ClientCalls.blockingUnaryCall(ClientCalls.java:139)
	at org.apache.ratis.proto.grpc.RaftServerProtocolServiceGrpc$RaftServerProtocolServiceBlockingStub.requestVote(RaftServerProtocolServiceGrpc.java:265)
	at org.apache.ratis.grpc.server.GrpcServerProtocolClient.requestVote(GrpcServerProtocolClient.java:83)
	at org.apache.ratis.grpc.server.GrpcService.requestVote(GrpcService.java:195)
	at org.apache.ratis.server.impl.LeaderElection.lambda$submitRequests$1(LeaderElection.java:237)
	at java.util.concurrent.FutureTask.run(FutureTask.java:266)
	at java.util.concurrent.Executors$RunnableAdapter.call(Executors.java:511)
	at java.util.concurrent.FutureTask.run(FutureTask.java:266)
	at java.util.concurrent.ThreadPoolExecutor.runWorker(ThreadPoolExecutor.java:1149)
	at java.util.concurrent.ThreadPoolExecutor$Worker.run(ThreadPoolExecutor.java:624)
	... 1 more
Caused by: org.apache.ratis.thirdparty.io.netty.channel.AbstractChannel$AnnotatedConnectException: Connection refused: /192.168.69.89:45996
	at sun.nio.ch.SocketChannelImpl.checkConnect(Native Method)
	at sun.nio.ch.SocketChannelImpl.finishConnect(SocketChannelImpl.java:717)
	at org.apache.ratis.thirdparty.io.netty.channel.socket.nio.NioSocketChannel.doFinishConnect(NioSocketChannel.java:327)
	at org.apache.ratis.thirdparty.io.netty.channel.nio.AbstractNioChannel$AbstractNioUnsafe.finishConnect(AbstractNioChannel.java:340)
	at org.apache.ratis.thirdparty.io.netty.channel.nio.NioEventLoop.processSelectedKey(NioEventLoop.java:632)
	at org.apache.ratis.thirdparty.io.netty.channel.nio.NioEventLoop.processSelectedKeysOptimized(NioEventLoop.java:579)
	at org.apache.ratis.thirdparty.io.netty.channel.nio.NioEventLoop.processSelectedKeys(NioEventLoop.java:496)
	at org.apache.ratis.thirdparty.io.netty.channel.nio.NioEventLoop.run(NioEventLoop.java:458)
	at org.apache.ratis.thirdparty.io.netty.util.concurrent.SingleThreadEventExecutor$5.run(SingleThreadEventExecutor.java:897)
	at org.apache.ratis.thirdparty.io.netty.util.concurrent.FastThreadLocalRunnable.run(FastThreadLocalRunnable.java:30)
	... 1 more
Caused by: java.net.ConnectException: Connection refused
	... 11 more
2019-08-29 08:34:21,549 [129685ee-8122-4333-8930-3eeb8cf836af:group-4F259F9E67CD:LeaderElection34] INFO  impl.LeaderElection (LeaderElection.java:logAndReturn(56)) - 129685ee-8122-4333-8930-3eeb8cf836af:group-4F259F9E67CD:LeaderElection34: Election REJECTED; received 0 response(s) [] and 2 exception(s); 129685ee-8122-4333-8930-3eeb8cf836af:t9, leader=null, voted=129685ee-8122-4333-8930-3eeb8cf836af, raftlog=129685ee-8122-4333-8930-3eeb8cf836af-SegmentedRaftLog:OPENED:c16,f16,i16, conf=0: [802c6c9d-4843-417e-8983-b6e40533cc1c:192.168.69.89:37103, 129685ee-8122-4333-8930-3eeb8cf836af:192.168.69.89:45580, fe546585-3c52-42ae-8754-1a35dad17d3f:192.168.69.89:45996], old=null
2019-08-29 08:34:21,550 [129685ee-8122-4333-8930-3eeb8cf836af:group-4F259F9E67CD:LeaderElection34] INFO  impl.LeaderElection (LogUtils.java:infoOrTrace(149)) -   Exception 0: {}
java.util.concurrent.ExecutionException: org.apache.ratis.thirdparty.io.grpc.StatusRuntimeException: UNAVAILABLE: io exception
	at java.util.concurrent.FutureTask.report(FutureTask.java:122)
	at java.util.concurrent.FutureTask.get(FutureTask.java:192)
	at org.apache.ratis.server.impl.LeaderElection.waitForResults(LeaderElection.java:262)
	at org.apache.ratis.server.impl.LeaderElection.askForVotes(LeaderElection.java:200)
	at org.apache.ratis.server.impl.LeaderElection.run(LeaderElection.java:130)
	at java.lang.Thread.run(Thread.java:748)
Caused by: org.apache.ratis.thirdparty.io.grpc.StatusRuntimeException: UNAVAILABLE: io exception
	at org.apache.ratis.thirdparty.io.grpc.stub.ClientCalls.toStatusRuntimeException(ClientCalls.java:233)
	at org.apache.ratis.thirdparty.io.grpc.stub.ClientCalls.getUnchecked(ClientCalls.java:214)
	at org.apache.ratis.thirdparty.io.grpc.stub.ClientCalls.blockingUnaryCall(ClientCalls.java:139)
	at org.apache.ratis.proto.grpc.RaftServerProtocolServiceGrpc$RaftServerProtocolServiceBlockingStub.requestVote(RaftServerProtocolServiceGrpc.java:265)
	at org.apache.ratis.grpc.server.GrpcServerProtocolClient.requestVote(GrpcServerProtocolClient.java:83)
	at org.apache.ratis.grpc.server.GrpcService.requestVote(GrpcService.java:195)
	at org.apache.ratis.server.impl.LeaderElection.lambda$submitRequests$1(LeaderElection.java:237)
	at java.util.concurrent.FutureTask.run(FutureTask.java:266)
	at java.util.concurrent.Executors$RunnableAdapter.call(Executors.java:511)
	at java.util.concurrent.FutureTask.run(FutureTask.java:266)
	at java.util.concurrent.ThreadPoolExecutor.runWorker(ThreadPoolExecutor.java:1149)
	at java.util.concurrent.ThreadPoolExecutor$Worker.run(ThreadPoolExecutor.java:624)
	... 1 more
Caused by: org.apache.ratis.thirdparty.io.netty.channel.AbstractChannel$AnnotatedConnectException: Connection refused: /192.168.69.89:37103
	at sun.nio.ch.SocketChannelImpl.checkConnect(Native Method)
	at sun.nio.ch.SocketChannelImpl.finishConnect(SocketChannelImpl.java:717)
	at org.apache.ratis.thirdparty.io.netty.channel.socket.nio.NioSocketChannel.doFinishConnect(NioSocketChannel.java:327)
	at org.apache.ratis.thirdparty.io.netty.channel.nio.AbstractNioChannel$AbstractNioUnsafe.finishConnect(AbstractNioChannel.java:340)
	at org.apache.ratis.thirdparty.io.netty.channel.nio.NioEventLoop.processSelectedKey(NioEventLoop.java:632)
	at org.apache.ratis.thirdparty.io.netty.channel.nio.NioEventLoop.processSelectedKeysOptimized(NioEventLoop.java:579)
	at org.apache.ratis.thirdparty.io.netty.channel.nio.NioEventLoop.processSelectedKeys(NioEventLoop.java:496)
	at org.apache.ratis.thirdparty.io.netty.channel.nio.NioEventLoop.run(NioEventLoop.java:458)
	at org.apache.ratis.thirdparty.io.netty.util.concurrent.SingleThreadEventExecutor$5.run(SingleThreadEventExecutor.java:897)
	at org.apache.ratis.thirdparty.io.netty.util.concurrent.FastThreadLocalRunnable.run(FastThreadLocalRunnable.java:30)
	... 1 more
Caused by: java.net.ConnectException: Connection refused
	... 11 more
2019-08-29 08:34:21,550 [129685ee-8122-4333-8930-3eeb8cf836af:group-4F259F9E67CD:LeaderElection34] INFO  impl.LeaderElection (LogUtils.java:infoOrTrace(149)) -   Exception 1: {}
java.util.concurrent.ExecutionException: org.apache.ratis.thirdparty.io.grpc.StatusRuntimeException: UNAVAILABLE: io exception
	at java.util.concurrent.FutureTask.report(FutureTask.java:122)
	at java.util.concurrent.FutureTask.get(FutureTask.java:192)
	at org.apache.ratis.server.impl.LeaderElection.waitForResults(LeaderElection.java:262)
	at org.apache.ratis.server.impl.LeaderElection.askForVotes(LeaderElection.java:200)
	at org.apache.ratis.server.impl.LeaderElection.run(LeaderElection.java:130)
	at java.lang.Thread.run(Thread.java:748)
Caused by: org.apache.ratis.thirdparty.io.grpc.StatusRuntimeException: UNAVAILABLE: io exception
	at org.apache.ratis.thirdparty.io.grpc.stub.ClientCalls.toStatusRuntimeException(ClientCalls.java:233)
	at org.apache.ratis.thirdparty.io.grpc.stub.ClientCalls.getUnchecked(ClientCalls.java:214)
	at org.apache.ratis.thirdparty.io.grpc.stub.ClientCalls.blockingUnaryCall(ClientCalls.java:139)
	at org.apache.ratis.proto.grpc.RaftServerProtocolServiceGrpc$RaftServerProtocolServiceBlockingStub.requestVote(RaftServerProtocolServiceGrpc.java:265)
	at org.apache.ratis.grpc.server.GrpcServerProtocolClient.requestVote(GrpcServerProtocolClient.java:83)
	at org.apache.ratis.grpc.server.GrpcService.requestVote(GrpcService.java:195)
	at org.apache.ratis.server.impl.LeaderElection.lambda$submitRequests$1(LeaderElection.java:237)
	at java.util.concurrent.FutureTask.run(FutureTask.java:266)
	at java.util.concurrent.Executors$RunnableAdapter.call(Executors.java:511)
	at java.util.concurrent.FutureTask.run(FutureTask.java:266)
	at java.util.concurrent.ThreadPoolExecutor.runWorker(ThreadPoolExecutor.java:1149)
	at java.util.concurrent.ThreadPoolExecutor$Worker.run(ThreadPoolExecutor.java:624)
	... 1 more
Caused by: org.apache.ratis.thirdparty.io.netty.channel.AbstractChannel$AnnotatedConnectException: Connection refused: /192.168.69.89:45996
	at sun.nio.ch.SocketChannelImpl.checkConnect(Native Method)
	at sun.nio.ch.SocketChannelImpl.finishConnect(SocketChannelImpl.java:717)
	at org.apache.ratis.thirdparty.io.netty.channel.socket.nio.NioSocketChannel.doFinishConnect(NioSocketChannel.java:327)
	at org.apache.ratis.thirdparty.io.netty.channel.nio.AbstractNioChannel$AbstractNioUnsafe.finishConnect(AbstractNioChannel.java:340)
	at org.apache.ratis.thirdparty.io.netty.channel.nio.NioEventLoop.processSelectedKey(NioEventLoop.java:632)
	at org.apache.ratis.thirdparty.io.netty.channel.nio.NioEventLoop.processSelectedKeysOptimized(NioEventLoop.java:579)
	at org.apache.ratis.thirdparty.io.netty.channel.nio.NioEventLoop.processSelectedKeys(NioEventLoop.java:496)
	at org.apache.ratis.thirdparty.io.netty.channel.nio.NioEventLoop.run(NioEventLoop.java:458)
	at org.apache.ratis.thirdparty.io.netty.util.concurrent.SingleThreadEventExecutor$5.run(SingleThreadEventExecutor.java:897)
	at org.apache.ratis.thirdparty.io.netty.util.concurrent.FastThreadLocalRunnable.run(FastThreadLocalRunnable.java:30)
	... 1 more
Caused by: java.net.ConnectException: Connection refused
	... 11 more
2019-08-29 08:34:21,551 [129685ee-8122-4333-8930-3eeb8cf836af:group-4F259F9E67CD:LeaderElection34] INFO  impl.RaftServerImpl (RaftServerImpl.java:setRole(171)) - 129685ee-8122-4333-8930-3eeb8cf836af:group-4F259F9E67CD changes role from CANDIDATE to FOLLOWER at term 9 for DISCOVERED_A_NEW_TERM
2019-08-29 08:34:21,551 [129685ee-8122-4333-8930-3eeb8cf836af:group-4F259F9E67CD:LeaderElection34] INFO  impl.RoleInfo (RoleInfo.java:shutdownLeaderElection(134)) - 129685ee-8122-4333-8930-3eeb8cf836af: shutdown LeaderElection
2019-08-29 08:34:21,551 [129685ee-8122-4333-8930-3eeb8cf836af:group-4F259F9E67CD:LeaderElection34] INFO  impl.RoleInfo (RoleInfo.java:updateAndGet(143)) - 129685ee-8122-4333-8930-3eeb8cf836af: start FollowerState
2019-08-29 08:34:21,627 [java.util.concurrent.ThreadPoolExecutor$Worker@765ccaac[State = -1, empty queue]] WARN  server.GrpcLogAppender (GrpcLogAppender.java:timeoutAppendRequest(200)) - GrpcLogAppender(bcbb4469-e902-4083-b3d9-1bab9ea4cd29->99586f2f-9d87-40a3-9061-4566008201fd): appendEntries Timeout, request=bcbb4469-e902-4083-b3d9-1bab9ea4cd29->99586f2f-9d87-40a3-9061-4566008201fd#96-t2, previous=(t:2, i:30), leaderCommit=29, initializing? false, entries: <empty>
2019-08-29 08:34:21,627 [java.util.concurrent.ThreadPoolExecutor$Worker@1719057[State = -1, empty queue]] WARN  server.GrpcLogAppender (GrpcLogAppender.java:timeoutAppendRequest(200)) - GrpcLogAppender(bcbb4469-e902-4083-b3d9-1bab9ea4cd29->e7b9916e-4eca-4156-a086-839e4ffd13a0): appendEntries Timeout, request=bcbb4469-e902-4083-b3d9-1bab9ea4cd29->e7b9916e-4eca-4156-a086-839e4ffd13a0#96-t2, previous=(t:2, i:30), leaderCommit=29, initializing? false, entries: <empty>
2019-08-29 08:34:21,675 | INFO  | SCMAudit | user=jenkins1000 | ip=192.168.69.89 | op=SEND_HEARTBEAT {datanodeUUID=99586f2f-9d87-40a3-9061-4566008201fd, command=[]} | ret=SUCCESS |  
2019-08-29 08:34:21,676 | INFO  | SCMAudit | user=jenkins1000 | ip=192.168.69.89 | op=SEND_HEARTBEAT {datanodeUUID=bcbb4469-e902-4083-b3d9-1bab9ea4cd29, command=[]} | ret=SUCCESS |  
2019-08-29 08:34:21,676 | INFO  | SCMAudit | user=jenkins1000 | ip=192.168.69.89 | op=SEND_HEARTBEAT {datanodeUUID=e7b9916e-4eca-4156-a086-839e4ffd13a0, command=[]} | ret=SUCCESS |  
2019-08-29 08:34:21,967 [grpc-default-executor-0] WARN  server.GrpcLogAppender (LogUtils.java:warn(134)) - 129685ee-8122-4333-8930-3eeb8cf836af->fe546585-3c52-42ae-8754-1a35dad17d3f: Failed appendEntries: org.apache.ratis.thirdparty.io.grpc.StatusRuntimeException: UNAVAILABLE: io exception
2019-08-29 08:34:21,967 [grpc-default-executor-4] WARN  server.GrpcLogAppender (LogUtils.java:warn(134)) - 129685ee-8122-4333-8930-3eeb8cf836af->802c6c9d-4843-417e-8983-b6e40533cc1c: Failed appendEntries: org.apache.ratis.thirdparty.io.grpc.StatusRuntimeException: UNAVAILABLE: io exception
2019-08-29 08:34:21,967 [grpc-default-executor-0] INFO  impl.FollowerInfo (FollowerInfo.java:lambda$new$0(50)) - 129685ee-8122-4333-8930-3eeb8cf836af->fe546585-3c52-42ae-8754-1a35dad17d3f: nextIndex: updateUnconditionally 0 -> 0
2019-08-29 08:34:21,968 [grpc-default-executor-4] INFO  impl.FollowerInfo (FollowerInfo.java:lambda$new$0(50)) - 129685ee-8122-4333-8930-3eeb8cf836af->802c6c9d-4843-417e-8983-b6e40533cc1c: nextIndex: updateUnconditionally 0 -> 0
2019-08-29 08:34:22,128 [java.util.concurrent.ThreadPoolExecutor$Worker@1719057[State = -1, empty queue]] WARN  server.GrpcLogAppender (GrpcLogAppender.java:timeoutAppendRequest(200)) - GrpcLogAppender(bcbb4469-e902-4083-b3d9-1bab9ea4cd29->e7b9916e-4eca-4156-a086-839e4ffd13a0): appendEntries Timeout, request=bcbb4469-e902-4083-b3d9-1bab9ea4cd29->e7b9916e-4eca-4156-a086-839e4ffd13a0#97-t2, previous=(t:2, i:30), leaderCommit=29, initializing? false, entries: <empty>
2019-08-29 08:34:22,128 [java.util.concurrent.ThreadPoolExecutor$Worker@765ccaac[State = -1, empty queue]] WARN  server.GrpcLogAppender (GrpcLogAppender.java:timeoutAppendRequest(200)) - GrpcLogAppender(bcbb4469-e902-4083-b3d9-1bab9ea4cd29->99586f2f-9d87-40a3-9061-4566008201fd): appendEntries Timeout, request=bcbb4469-e902-4083-b3d9-1bab9ea4cd29->99586f2f-9d87-40a3-9061-4566008201fd#97-t2, previous=(t:2, i:30), leaderCommit=29, initializing? false, entries: <empty>
2019-08-29 08:34:22,269 | INFO  | SCMAudit | user=jenkins1000 | ip=192.168.69.89 | op=SEND_HEARTBEAT {datanodeUUID=129685ee-8122-4333-8930-3eeb8cf836af, command=[]} | ret=SUCCESS |  
2019-08-29 08:34:22,390 | INFO  | SCMAudit | user=jenkins1000 | ip=192.168.69.89 | op=SEND_HEARTBEAT {datanodeUUID=7a9bfe55-9a1e-4d2f-9ebd-558835cfe40a, command=[]} | ret=SUCCESS |  
2019-08-29 08:34:22,470 [grpc-default-executor-0] WARN  server.GrpcLogAppender (LogUtils.java:warn(134)) - 129685ee-8122-4333-8930-3eeb8cf836af->fe546585-3c52-42ae-8754-1a35dad17d3f: Failed appendEntries: org.apache.ratis.thirdparty.io.grpc.StatusRuntimeException: UNAVAILABLE: io exception
2019-08-29 08:34:22,470 [grpc-default-executor-4] WARN  server.GrpcLogAppender (LogUtils.java:warn(134)) - 129685ee-8122-4333-8930-3eeb8cf836af->802c6c9d-4843-417e-8983-b6e40533cc1c: Failed appendEntries: org.apache.ratis.thirdparty.io.grpc.StatusRuntimeException: UNAVAILABLE: io exception
2019-08-29 08:34:22,470 [grpc-default-executor-0] INFO  impl.FollowerInfo (FollowerInfo.java:lambda$new$0(50)) - 129685ee-8122-4333-8930-3eeb8cf836af->fe546585-3c52-42ae-8754-1a35dad17d3f: nextIndex: updateUnconditionally 0 -> 0
2019-08-29 08:34:22,470 [grpc-default-executor-4] INFO  impl.FollowerInfo (FollowerInfo.java:lambda$new$0(50)) - 129685ee-8122-4333-8930-3eeb8cf836af->802c6c9d-4843-417e-8983-b6e40533cc1c: nextIndex: updateUnconditionally 0 -> 0
2019-08-29 08:34:22,512 | INFO  | SCMAudit | user=jenkins1000 | ip=192.168.69.89 | op=SEND_HEARTBEAT {datanodeUUID=4da055f9-cd9d-4c6f-9ab8-147a42717fcf, command=[]} | ret=SUCCESS |  
2019-08-29 08:34:22,512 | INFO  | SCMAudit | user=jenkins1000 | ip=192.168.69.89 | op=SEND_HEARTBEAT {datanodeUUID=02bf3283-c6bf-4588-a57c-baa459038378, command=[]} | ret=SUCCESS |  
2019-08-29 08:34:22,512 | INFO  | SCMAudit | user=jenkins1000 | ip=192.168.69.89 | op=SEND_HEARTBEAT {datanodeUUID=f0c18ce4-0e5b-4823-99c8-fd716531bc5f, command=[]} | ret=SUCCESS |  
2019-08-29 08:34:22,571 [Thread-1171] INFO  impl.FollowerState (FollowerState.java:run(106)) - 129685ee-8122-4333-8930-3eeb8cf836af:group-4F259F9E67CD changes to CANDIDATE, lastRpcTime:1019, electionTimeout:1019ms
2019-08-29 08:34:22,571 [Thread-1171] INFO  impl.RoleInfo (RoleInfo.java:shutdownFollowerState(121)) - 129685ee-8122-4333-8930-3eeb8cf836af: shutdown FollowerState
2019-08-29 08:34:22,571 [Thread-1171] INFO  impl.RaftServerImpl (RaftServerImpl.java:setRole(171)) - 129685ee-8122-4333-8930-3eeb8cf836af:group-4F259F9E67CD changes role from FOLLOWER to CANDIDATE at term 9 for changeToCandidate
2019-08-29 08:34:22,571 [Thread-1171] INFO  impl.RoleInfo (RoleInfo.java:updateAndGet(143)) - 129685ee-8122-4333-8930-3eeb8cf836af: start LeaderElection
2019-08-29 08:34:22,628 [java.util.concurrent.ThreadPoolExecutor$Worker@1719057[State = -1, empty queue]] WARN  server.GrpcLogAppender (GrpcLogAppender.java:timeoutAppendRequest(200)) - GrpcLogAppender(bcbb4469-e902-4083-b3d9-1bab9ea4cd29->e7b9916e-4eca-4156-a086-839e4ffd13a0): appendEntries Timeout, request=bcbb4469-e902-4083-b3d9-1bab9ea4cd29->e7b9916e-4eca-4156-a086-839e4ffd13a0#98-t2, previous=(t:2, i:30), leaderCommit=29, initializing? false, entries: <empty>
2019-08-29 08:34:22,628 [java.util.concurrent.ThreadPoolExecutor$Worker@765ccaac[State = -1, empty queue]] WARN  server.GrpcLogAppender (GrpcLogAppender.java:timeoutAppendRequest(200)) - GrpcLogAppender(bcbb4469-e902-4083-b3d9-1bab9ea4cd29->99586f2f-9d87-40a3-9061-4566008201fd): appendEntries Timeout, request=bcbb4469-e902-4083-b3d9-1bab9ea4cd29->99586f2f-9d87-40a3-9061-4566008201fd#98-t2, previous=(t:2, i:30), leaderCommit=29, initializing? false, entries: <empty>
2019-08-29 08:34:22,675 | INFO  | SCMAudit | user=jenkins1000 | ip=192.168.69.89 | op=SEND_HEARTBEAT {datanodeUUID=bcbb4469-e902-4083-b3d9-1bab9ea4cd29, command=[]} | ret=SUCCESS |  
2019-08-29 08:34:22,675 | INFO  | SCMAudit | user=jenkins1000 | ip=192.168.69.89 | op=SEND_HEARTBEAT {datanodeUUID=99586f2f-9d87-40a3-9061-4566008201fd, command=[]} | ret=SUCCESS |  
2019-08-29 08:34:22,676 | INFO  | SCMAudit | user=jenkins1000 | ip=192.168.69.89 | op=SEND_HEARTBEAT {datanodeUUID=e7b9916e-4eca-4156-a086-839e4ffd13a0, command=[]} | ret=SUCCESS |  
2019-08-29 08:34:22,971 [grpc-default-executor-0] WARN  server.GrpcLogAppender (LogUtils.java:warn(134)) - 129685ee-8122-4333-8930-3eeb8cf836af->fe546585-3c52-42ae-8754-1a35dad17d3f: Failed appendEntries: org.apache.ratis.thirdparty.io.grpc.StatusRuntimeException: UNAVAILABLE: io exception
2019-08-29 08:34:22,971 [grpc-default-executor-3] WARN  server.GrpcLogAppender (LogUtils.java:warn(134)) - 129685ee-8122-4333-8930-3eeb8cf836af->802c6c9d-4843-417e-8983-b6e40533cc1c: Failed appendEntries: org.apache.ratis.thirdparty.io.grpc.StatusRuntimeException: UNAVAILABLE: io exception
2019-08-29 08:34:22,971 [grpc-default-executor-0] INFO  impl.FollowerInfo (FollowerInfo.java:lambda$new$0(50)) - 129685ee-8122-4333-8930-3eeb8cf836af->fe546585-3c52-42ae-8754-1a35dad17d3f: nextIndex: updateUnconditionally 0 -> 0
2019-08-29 08:34:22,972 [grpc-default-executor-3] INFO  impl.FollowerInfo (FollowerInfo.java:lambda$new$0(50)) - 129685ee-8122-4333-8930-3eeb8cf836af->802c6c9d-4843-417e-8983-b6e40533cc1c: nextIndex: updateUnconditionally 0 -> 0
2019-08-29 08:34:23,128 [java.util.concurrent.ThreadPoolExecutor$Worker@765ccaac[State = -1, empty queue]] WARN  server.GrpcLogAppender (GrpcLogAppender.java:timeoutAppendRequest(200)) - GrpcLogAppender(bcbb4469-e902-4083-b3d9-1bab9ea4cd29->99586f2f-9d87-40a3-9061-4566008201fd): appendEntries Timeout, request=bcbb4469-e902-4083-b3d9-1bab9ea4cd29->99586f2f-9d87-40a3-9061-4566008201fd#99-t2, previous=(t:2, i:30), leaderCommit=29, initializing? false, entries: <empty>
2019-08-29 08:34:23,128 [java.util.concurrent.ThreadPoolExecutor$Worker@1719057[State = -1, empty queue]] WARN  server.GrpcLogAppender (GrpcLogAppender.java:timeoutAppendRequest(200)) - GrpcLogAppender(bcbb4469-e902-4083-b3d9-1bab9ea4cd29->e7b9916e-4eca-4156-a086-839e4ffd13a0): appendEntries Timeout, request=bcbb4469-e902-4083-b3d9-1bab9ea4cd29->e7b9916e-4eca-4156-a086-839e4ffd13a0#99-t2, previous=(t:2, i:30), leaderCommit=29, initializing? false, entries: <empty>
2019-08-29 08:34:23,270 | INFO  | SCMAudit | user=jenkins1000 | ip=192.168.69.89 | op=SEND_HEARTBEAT {datanodeUUID=129685ee-8122-4333-8930-3eeb8cf836af, command=[]} | ret=SUCCESS |  
2019-08-29 08:34:23,391 | INFO  | SCMAudit | user=jenkins1000 | ip=192.168.69.89 | op=SEND_HEARTBEAT {datanodeUUID=7a9bfe55-9a1e-4d2f-9ebd-558835cfe40a, command=[]} | ret=SUCCESS |  
2019-08-29 08:34:23,472 [grpc-default-executor-3] WARN  server.GrpcLogAppender (LogUtils.java:warn(134)) - 129685ee-8122-4333-8930-3eeb8cf836af->fe546585-3c52-42ae-8754-1a35dad17d3f: Failed appendEntries: org.apache.ratis.thirdparty.io.grpc.StatusRuntimeException: UNAVAILABLE: io exception
2019-08-29 08:34:23,472 [grpc-default-executor-0] WARN  server.GrpcLogAppender (LogUtils.java:warn(134)) - 129685ee-8122-4333-8930-3eeb8cf836af->802c6c9d-4843-417e-8983-b6e40533cc1c: Failed appendEntries: org.apache.ratis.thirdparty.io.grpc.StatusRuntimeException: UNAVAILABLE: io exception
2019-08-29 08:34:23,472 [grpc-default-executor-3] INFO  impl.FollowerInfo (FollowerInfo.java:lambda$new$0(50)) - 129685ee-8122-4333-8930-3eeb8cf836af->fe546585-3c52-42ae-8754-1a35dad17d3f: nextIndex: updateUnconditionally 0 -> 0
2019-08-29 08:34:23,472 [grpc-default-executor-0] INFO  impl.FollowerInfo (FollowerInfo.java:lambda$new$0(50)) - 129685ee-8122-4333-8930-3eeb8cf836af->802c6c9d-4843-417e-8983-b6e40533cc1c: nextIndex: updateUnconditionally 0 -> 0
2019-08-29 08:34:23,511 | INFO  | SCMAudit | user=jenkins1000 | ip=192.168.69.89 | op=SEND_HEARTBEAT {datanodeUUID=02bf3283-c6bf-4588-a57c-baa459038378, command=[]} | ret=SUCCESS |  
2019-08-29 08:34:23,511 | INFO  | SCMAudit | user=jenkins1000 | ip=192.168.69.89 | op=SEND_HEARTBEAT {datanodeUUID=4da055f9-cd9d-4c6f-9ab8-147a42717fcf, command=[]} | ret=SUCCESS |  
2019-08-29 08:34:23,512 | INFO  | SCMAudit | user=jenkins1000 | ip=192.168.69.89 | op=SEND_HEARTBEAT {datanodeUUID=f0c18ce4-0e5b-4823-99c8-fd716531bc5f, command=[]} | ret=SUCCESS |  
2019-08-29 08:34:23,629 [java.util.concurrent.ThreadPoolExecutor$Worker@1719057[State = -1, empty queue]] WARN  server.GrpcLogAppender (GrpcLogAppender.java:timeoutAppendRequest(200)) - GrpcLogAppender(bcbb4469-e902-4083-b3d9-1bab9ea4cd29->e7b9916e-4eca-4156-a086-839e4ffd13a0): appendEntries Timeout, request=bcbb4469-e902-4083-b3d9-1bab9ea4cd29->e7b9916e-4eca-4156-a086-839e4ffd13a0#100-t2, previous=(t:2, i:30), leaderCommit=29, initializing? false, entries: <empty>
2019-08-29 08:34:23,629 [java.util.concurrent.ThreadPoolExecutor$Worker@765ccaac[State = -1, empty queue]] WARN  server.GrpcLogAppender (GrpcLogAppender.java:timeoutAppendRequest(200)) - GrpcLogAppender(bcbb4469-e902-4083-b3d9-1bab9ea4cd29->99586f2f-9d87-40a3-9061-4566008201fd): appendEntries Timeout, request=bcbb4469-e902-4083-b3d9-1bab9ea4cd29->99586f2f-9d87-40a3-9061-4566008201fd#100-t2, previous=(t:2, i:30), leaderCommit=29, initializing? false, entries: <empty>
2019-08-29 08:34:23,675 | INFO  | SCMAudit | user=jenkins1000 | ip=192.168.69.89 | op=SEND_HEARTBEAT {datanodeUUID=bcbb4469-e902-4083-b3d9-1bab9ea4cd29, command=[]} | ret=SUCCESS |  
2019-08-29 08:34:23,675 | INFO  | SCMAudit | user=jenkins1000 | ip=192.168.69.89 | op=SEND_HEARTBEAT {datanodeUUID=99586f2f-9d87-40a3-9061-4566008201fd, command=[]} | ret=SUCCESS |  
2019-08-29 08:34:23,676 | INFO  | SCMAudit | user=jenkins1000 | ip=192.168.69.89 | op=SEND_HEARTBEAT {datanodeUUID=e7b9916e-4eca-4156-a086-839e4ffd13a0, command=[]} | ret=SUCCESS |  
2019-08-29 08:34:23,973 [grpc-default-executor-0] WARN  server.GrpcLogAppender (LogUtils.java:warn(134)) - 129685ee-8122-4333-8930-3eeb8cf836af->802c6c9d-4843-417e-8983-b6e40533cc1c: Failed appendEntries: org.apache.ratis.thirdparty.io.grpc.StatusRuntimeException: UNAVAILABLE: io exception
2019-08-29 08:34:23,973 [grpc-default-executor-4] WARN  server.GrpcLogAppender (LogUtils.java:warn(134)) - 129685ee-8122-4333-8930-3eeb8cf836af->fe546585-3c52-42ae-8754-1a35dad17d3f: Failed appendEntries: org.apache.ratis.thirdparty.io.grpc.StatusRuntimeException: UNAVAILABLE: io exception
2019-08-29 08:34:23,973 [grpc-default-executor-0] INFO  impl.FollowerInfo (FollowerInfo.java:lambda$new$0(50)) - 129685ee-8122-4333-8930-3eeb8cf836af->802c6c9d-4843-417e-8983-b6e40533cc1c: nextIndex: updateUnconditionally 0 -> 0
2019-08-29 08:34:23,973 [grpc-default-executor-4] INFO  impl.FollowerInfo (FollowerInfo.java:lambda$new$0(50)) - 129685ee-8122-4333-8930-3eeb8cf836af->fe546585-3c52-42ae-8754-1a35dad17d3f: nextIndex: updateUnconditionally 0 -> 0
2019-08-29 08:34:24,129 [java.util.concurrent.ThreadPoolExecutor$Worker@1719057[State = -1, empty queue]] WARN  server.GrpcLogAppender (GrpcLogAppender.java:timeoutAppendRequest(200)) - GrpcLogAppender(bcbb4469-e902-4083-b3d9-1bab9ea4cd29->e7b9916e-4eca-4156-a086-839e4ffd13a0): appendEntries Timeout, request=bcbb4469-e902-4083-b3d9-1bab9ea4cd29->e7b9916e-4eca-4156-a086-839e4ffd13a0#101-t2, previous=(t:2, i:30), leaderCommit=29, initializing? false, entries: <empty>
2019-08-29 08:34:24,129 [java.util.concurrent.ThreadPoolExecutor$Worker@765ccaac[State = -1, empty queue]] WARN  server.GrpcLogAppender (GrpcLogAppender.java:timeoutAppendRequest(200)) - GrpcLogAppender(bcbb4469-e902-4083-b3d9-1bab9ea4cd29->99586f2f-9d87-40a3-9061-4566008201fd): appendEntries Timeout, request=bcbb4469-e902-4083-b3d9-1bab9ea4cd29->99586f2f-9d87-40a3-9061-4566008201fd#101-t2, previous=(t:2, i:30), leaderCommit=29, initializing? false, entries: <empty>
2019-08-29 08:34:24,270 | INFO  | SCMAudit | user=jenkins1000 | ip=192.168.69.89 | op=SEND_HEARTBEAT {datanodeUUID=129685ee-8122-4333-8930-3eeb8cf836af, command=[]} | ret=SUCCESS |  
2019-08-29 08:34:24,392 | INFO  | SCMAudit | user=jenkins1000 | ip=192.168.69.89 | op=SEND_HEARTBEAT {datanodeUUID=7a9bfe55-9a1e-4d2f-9ebd-558835cfe40a, command=[]} | ret=SUCCESS |  
2019-08-29 08:34:24,473 [grpc-default-executor-1] WARN  server.GrpcLogAppender (LogUtils.java:warn(134)) - 129685ee-8122-4333-8930-3eeb8cf836af->802c6c9d-4843-417e-8983-b6e40533cc1c: Failed appendEntries: org.apache.ratis.thirdparty.io.grpc.StatusRuntimeException: UNAVAILABLE: io exception
2019-08-29 08:34:24,474 [grpc-default-executor-2] WARN  server.GrpcLogAppender (LogUtils.java:warn(134)) - 129685ee-8122-4333-8930-3eeb8cf836af->fe546585-3c52-42ae-8754-1a35dad17d3f: Failed appendEntries: org.apache.ratis.thirdparty.io.grpc.StatusRuntimeException: UNAVAILABLE: io exception
2019-08-29 08:34:24,474 [grpc-default-executor-1] INFO  impl.FollowerInfo (FollowerInfo.java:lambda$new$0(50)) - 129685ee-8122-4333-8930-3eeb8cf836af->802c6c9d-4843-417e-8983-b6e40533cc1c: nextIndex: updateUnconditionally 0 -> 0
2019-08-29 08:34:24,474 [grpc-default-executor-2] INFO  impl.FollowerInfo (FollowerInfo.java:lambda$new$0(50)) - 129685ee-8122-4333-8930-3eeb8cf836af->fe546585-3c52-42ae-8754-1a35dad17d3f: nextIndex: updateUnconditionally 0 -> 0
2019-08-29 08:34:24,511 | INFO  | SCMAudit | user=jenkins1000 | ip=192.168.69.89 | op=SEND_HEARTBEAT {datanodeUUID=4da055f9-cd9d-4c6f-9ab8-147a42717fcf, command=[]} | ret=SUCCESS |  
2019-08-29 08:34:24,511 | INFO  | SCMAudit | user=jenkins1000 | ip=192.168.69.89 | op=SEND_HEARTBEAT {datanodeUUID=02bf3283-c6bf-4588-a57c-baa459038378, command=[]} | ret=SUCCESS |  
2019-08-29 08:34:24,512 | INFO  | SCMAudit | user=jenkins1000 | ip=192.168.69.89 | op=SEND_HEARTBEAT {datanodeUUID=f0c18ce4-0e5b-4823-99c8-fd716531bc5f, command=[]} | ret=SUCCESS |  
2019-08-29 08:34:24,629 [java.util.concurrent.ThreadPoolExecutor$Worker@765ccaac[State = -1, empty queue]] WARN  server.GrpcLogAppender (GrpcLogAppender.java:timeoutAppendRequest(200)) - GrpcLogAppender(bcbb4469-e902-4083-b3d9-1bab9ea4cd29->99586f2f-9d87-40a3-9061-4566008201fd): appendEntries Timeout, request=bcbb4469-e902-4083-b3d9-1bab9ea4cd29->99586f2f-9d87-40a3-9061-4566008201fd#102-t2, previous=(t:2, i:30), leaderCommit=29, initializing? false, entries: <empty>
2019-08-29 08:34:24,630 [java.util.concurrent.ThreadPoolExecutor$Worker@1719057[State = -1, empty queue]] WARN  server.GrpcLogAppender (GrpcLogAppender.java:timeoutAppendRequest(200)) - GrpcLogAppender(bcbb4469-e902-4083-b3d9-1bab9ea4cd29->e7b9916e-4eca-4156-a086-839e4ffd13a0): appendEntries Timeout, request=bcbb4469-e902-4083-b3d9-1bab9ea4cd29->e7b9916e-4eca-4156-a086-839e4ffd13a0#102-t2, previous=(t:2, i:30), leaderCommit=29, initializing? false, entries: <empty>
2019-08-29 08:34:24,675 | INFO  | SCMAudit | user=jenkins1000 | ip=192.168.69.89 | op=SEND_HEARTBEAT {datanodeUUID=bcbb4469-e902-4083-b3d9-1bab9ea4cd29, command=[]} | ret=SUCCESS |  
2019-08-29 08:34:24,675 | INFO  | SCMAudit | user=jenkins1000 | ip=192.168.69.89 | op=SEND_HEARTBEAT {datanodeUUID=99586f2f-9d87-40a3-9061-4566008201fd, command=[]} | ret=SUCCESS |  
2019-08-29 08:34:24,676 | INFO  | SCMAudit | user=jenkins1000 | ip=192.168.69.89 | op=SEND_HEARTBEAT {datanodeUUID=e7b9916e-4eca-4156-a086-839e4ffd13a0, command=[]} | ret=SUCCESS |  
2019-08-29 08:34:24,974 [grpc-default-executor-4] WARN  server.GrpcLogAppender (LogUtils.java:warn(134)) - 129685ee-8122-4333-8930-3eeb8cf836af->fe546585-3c52-42ae-8754-1a35dad17d3f: Failed appendEntries: org.apache.ratis.thirdparty.io.grpc.StatusRuntimeException: UNAVAILABLE: io exception
2019-08-29 08:34:24,974 [grpc-default-executor-3] WARN  server.GrpcLogAppender (LogUtils.java:warn(134)) - 129685ee-8122-4333-8930-3eeb8cf836af->802c6c9d-4843-417e-8983-b6e40533cc1c: Failed appendEntries: org.apache.ratis.thirdparty.io.grpc.StatusRuntimeException: UNAVAILABLE: io exception
2019-08-29 08:34:24,975 [grpc-default-executor-4] INFO  impl.FollowerInfo (FollowerInfo.java:lambda$new$0(50)) - 129685ee-8122-4333-8930-3eeb8cf836af->fe546585-3c52-42ae-8754-1a35dad17d3f: nextIndex: updateUnconditionally 0 -> 0
2019-08-29 08:34:24,975 [grpc-default-executor-3] INFO  impl.FollowerInfo (FollowerInfo.java:lambda$new$0(50)) - 129685ee-8122-4333-8930-3eeb8cf836af->802c6c9d-4843-417e-8983-b6e40533cc1c: nextIndex: updateUnconditionally 0 -> 0
2019-08-29 08:34:25,130 [java.util.concurrent.ThreadPoolExecutor$Worker@765ccaac[State = -1, empty queue]] WARN  server.GrpcLogAppender (GrpcLogAppender.java:timeoutAppendRequest(200)) - GrpcLogAppender(bcbb4469-e902-4083-b3d9-1bab9ea4cd29->99586f2f-9d87-40a3-9061-4566008201fd): appendEntries Timeout, request=bcbb4469-e902-4083-b3d9-1bab9ea4cd29->99586f2f-9d87-40a3-9061-4566008201fd#103-t2, previous=(t:2, i:30), leaderCommit=29, initializing? false, entries: <empty>
2019-08-29 08:34:25,130 [java.util.concurrent.ThreadPoolExecutor$Worker@1719057[State = -1, empty queue]] WARN  server.GrpcLogAppender (GrpcLogAppender.java:timeoutAppendRequest(200)) - GrpcLogAppender(bcbb4469-e902-4083-b3d9-1bab9ea4cd29->e7b9916e-4eca-4156-a086-839e4ffd13a0): appendEntries Timeout, request=bcbb4469-e902-4083-b3d9-1bab9ea4cd29->e7b9916e-4eca-4156-a086-839e4ffd13a0#103-t2, previous=(t:2, i:30), leaderCommit=29, initializing? false, entries: <empty>
2019-08-29 08:34:25,270 | INFO  | SCMAudit | user=jenkins1000 | ip=192.168.69.89 | op=SEND_HEARTBEAT {datanodeUUID=129685ee-8122-4333-8930-3eeb8cf836af, command=[]} | ret=SUCCESS |  
2019-08-29 08:34:25,393 | INFO  | SCMAudit | user=jenkins1000 | ip=192.168.69.89 | op=SEND_HEARTBEAT {datanodeUUID=7a9bfe55-9a1e-4d2f-9ebd-558835cfe40a, command=[]} | ret=SUCCESS |  
2019-08-29 08:34:25,476 [grpc-default-executor-2] WARN  server.GrpcLogAppender (LogUtils.java:warn(134)) - 129685ee-8122-4333-8930-3eeb8cf836af->fe546585-3c52-42ae-8754-1a35dad17d3f: Failed appendEntries: org.apache.ratis.thirdparty.io.grpc.StatusRuntimeException: UNAVAILABLE: io exception
2019-08-29 08:34:25,476 [grpc-default-executor-4] WARN  server.GrpcLogAppender (LogUtils.java:warn(134)) - 129685ee-8122-4333-8930-3eeb8cf836af->802c6c9d-4843-417e-8983-b6e40533cc1c: Failed appendEntries: org.apache.ratis.thirdparty.io.grpc.StatusRuntimeException: UNAVAILABLE: io exception
2019-08-29 08:34:25,477 [grpc-default-executor-2] INFO  impl.FollowerInfo (FollowerInfo.java:lambda$new$0(50)) - 129685ee-8122-4333-8930-3eeb8cf836af->fe546585-3c52-42ae-8754-1a35dad17d3f: nextIndex: updateUnconditionally 0 -> 0
2019-08-29 08:34:25,477 [grpc-default-executor-4] INFO  impl.FollowerInfo (FollowerInfo.java:lambda$new$0(50)) - 129685ee-8122-4333-8930-3eeb8cf836af->802c6c9d-4843-417e-8983-b6e40533cc1c: nextIndex: updateUnconditionally 0 -> 0
2019-08-29 08:34:25,511 | INFO  | SCMAudit | user=jenkins1000 | ip=192.168.69.89 | op=SEND_HEARTBEAT {datanodeUUID=4da055f9-cd9d-4c6f-9ab8-147a42717fcf, command=[]} | ret=SUCCESS |  
2019-08-29 08:34:25,511 | INFO  | SCMAudit | user=jenkins1000 | ip=192.168.69.89 | op=SEND_HEARTBEAT {datanodeUUID=02bf3283-c6bf-4588-a57c-baa459038378, command=[]} | ret=SUCCESS |  
2019-08-29 08:34:25,512 | INFO  | SCMAudit | user=jenkins1000 | ip=192.168.69.89 | op=SEND_HEARTBEAT {datanodeUUID=f0c18ce4-0e5b-4823-99c8-fd716531bc5f, command=[]} | ret=SUCCESS |  
2019-08-29 08:34:25,630 [java.util.concurrent.ThreadPoolExecutor$Worker@765ccaac[State = -1, empty queue]] WARN  server.GrpcLogAppender (GrpcLogAppender.java:timeoutAppendRequest(200)) - GrpcLogAppender(bcbb4469-e902-4083-b3d9-1bab9ea4cd29->99586f2f-9d87-40a3-9061-4566008201fd): appendEntries Timeout, request=bcbb4469-e902-4083-b3d9-1bab9ea4cd29->99586f2f-9d87-40a3-9061-4566008201fd#104-t2, previous=(t:2, i:30), leaderCommit=29, initializing? false, entries: <empty>
2019-08-29 08:34:25,630 [java.util.concurrent.ThreadPoolExecutor$Worker@1719057[State = -1, empty queue]] WARN  server.GrpcLogAppender (GrpcLogAppender.java:timeoutAppendRequest(200)) - GrpcLogAppender(bcbb4469-e902-4083-b3d9-1bab9ea4cd29->e7b9916e-4eca-4156-a086-839e4ffd13a0): appendEntries Timeout, request=bcbb4469-e902-4083-b3d9-1bab9ea4cd29->e7b9916e-4eca-4156-a086-839e4ffd13a0#104-t2, previous=(t:2, i:30), leaderCommit=29, initializing? false, entries: <empty>
2019-08-29 08:34:25,675 | INFO  | SCMAudit | user=jenkins1000 | ip=192.168.69.89 | op=SEND_HEARTBEAT {datanodeUUID=bcbb4469-e902-4083-b3d9-1bab9ea4cd29, command=[]} | ret=SUCCESS |  
2019-08-29 08:34:25,676 | INFO  | SCMAudit | user=jenkins1000 | ip=192.168.69.89 | op=SEND_HEARTBEAT {datanodeUUID=99586f2f-9d87-40a3-9061-4566008201fd, command=[]} | ret=SUCCESS |  
2019-08-29 08:34:25,677 | INFO  | SCMAudit | user=jenkins1000 | ip=192.168.69.89 | op=SEND_HEARTBEAT {datanodeUUID=e7b9916e-4eca-4156-a086-839e4ffd13a0, command=[]} | ret=SUCCESS |  
2019-08-29 08:34:25,976 [grpc-default-executor-0] WARN  server.GrpcLogAppender (LogUtils.java:warn(134)) - 129685ee-8122-4333-8930-3eeb8cf836af->fe546585-3c52-42ae-8754-1a35dad17d3f: Failed appendEntries: org.apache.ratis.thirdparty.io.grpc.StatusRuntimeException: UNAVAILABLE: io exception
2019-08-29 08:34:25,976 [grpc-default-executor-6] WARN  server.GrpcLogAppender (LogUtils.java:warn(134)) - 129685ee-8122-4333-8930-3eeb8cf836af->802c6c9d-4843-417e-8983-b6e40533cc1c: Failed appendEntries: org.apache.ratis.thirdparty.io.grpc.StatusRuntimeException: UNAVAILABLE: io exception
2019-08-29 08:34:25,976 [grpc-default-executor-0] INFO  impl.FollowerInfo (FollowerInfo.java:lambda$new$0(50)) - 129685ee-8122-4333-8930-3eeb8cf836af->fe546585-3c52-42ae-8754-1a35dad17d3f: nextIndex: updateUnconditionally 0 -> 0
2019-08-29 08:34:25,977 [grpc-default-executor-6] INFO  impl.FollowerInfo (FollowerInfo.java:lambda$new$0(50)) - 129685ee-8122-4333-8930-3eeb8cf836af->802c6c9d-4843-417e-8983-b6e40533cc1c: nextIndex: updateUnconditionally 0 -> 0
2019-08-29 08:34:26,130 [java.util.concurrent.ThreadPoolExecutor$Worker@1719057[State = -1, empty queue]] WARN  server.GrpcLogAppender (GrpcLogAppender.java:timeoutAppendRequest(200)) - GrpcLogAppender(bcbb4469-e902-4083-b3d9-1bab9ea4cd29->e7b9916e-4eca-4156-a086-839e4ffd13a0): appendEntries Timeout, request=bcbb4469-e902-4083-b3d9-1bab9ea4cd29->e7b9916e-4eca-4156-a086-839e4ffd13a0#105-t2, previous=(t:2, i:30), leaderCommit=29, initializing? false, entries: <empty>
2019-08-29 08:34:26,130 [java.util.concurrent.ThreadPoolExecutor$Worker@765ccaac[State = -1, empty queue]] WARN  server.GrpcLogAppender (GrpcLogAppender.java:timeoutAppendRequest(200)) - GrpcLogAppender(bcbb4469-e902-4083-b3d9-1bab9ea4cd29->99586f2f-9d87-40a3-9061-4566008201fd): appendEntries Timeout, request=bcbb4469-e902-4083-b3d9-1bab9ea4cd29->99586f2f-9d87-40a3-9061-4566008201fd#105-t2, previous=(t:2, i:30), leaderCommit=29, initializing? false, entries: <empty>
2019-08-29 08:34:26,261 [grpc-default-executor-0] INFO  client.GrpcClientProtocolClient (GrpcClientProtocolClient.java:onNext(255)) - client-74F246C92584->e7b9916e-4eca-4156-a086-839e4ffd13a0: receive RaftClientReply:client-74F246C92584->e7b9916e-4eca-4156-a086-839e4ffd13a0@group-F65937874E2C, cid=65, FAILED org.apache.ratis.protocol.NotLeaderException: Server e7b9916e-4eca-4156-a086-839e4ffd13a0 is not the leader (bcbb4469-e902-4083-b3d9-1bab9ea4cd29:192.168.69.89:42960). Request must be sent to leader., logIndex=0, commits[e7b9916e-4eca-4156-a086-839e4ffd13a0:c29, bcbb4469-e902-4083-b3d9-1bab9ea4cd29:c29, 99586f2f-9d87-40a3-9061-4566008201fd:c29]
2019-08-29 08:34:26,274 [main] WARN  io.KeyOutputStream (KeyOutputStream.java:handleException(276)) - Encountered exception java.io.IOException: Unexpected Storage Container Exception: java.util.concurrent.CompletionException: java.util.concurrent.CompletionException: org.apache.ratis.protocol.RaftRetryFailureException: Failed RaftClientRequest:client-74F246C92584->e7b9916e-4eca-4156-a086-839e4ffd13a0@group-F65937874E2C, cid=65, seq=1*, RW, org.apache.hadoop.hdds.scm.XceiverClientRatis$$Lambda$600/1198045532@4faf3c27 for 10 attempts with RetryLimited(maxAttempts=10, sleepTime=1000ms) on the pipeline Pipeline[ Id: 79f04424-d886-402f-8436-f65937874e2c, Nodes: 99586f2f-9d87-40a3-9061-4566008201fd{ip: 192.168.69.89, host: pr-hdds-1569-7rqkn-550228749, networkLocation: /default-rack, certSerialId: null}bcbb4469-e902-4083-b3d9-1bab9ea4cd29{ip: 192.168.69.89, host: pr-hdds-1569-7rqkn-550228749, networkLocation: /default-rack, certSerialId: null}e7b9916e-4eca-4156-a086-839e4ffd13a0{ip: 192.168.69.89, host: pr-hdds-1569-7rqkn-550228749, networkLocation: /default-rack, certSerialId: null}, Type:RATIS, Factor:THREE, State:OPEN]. The last committed block length is 0, uncommitted data length is 2097152 retry count 1
2019-08-29 08:34:26,275 | INFO  | SCMAudit | user=jenkins1000 | ip=192.168.69.89 | op=SEND_HEARTBEAT {datanodeUUID=129685ee-8122-4333-8930-3eeb8cf836af, command=[]} | ret=SUCCESS |  
2019-08-29 08:34:26,349 | INFO  | SCMAudit | user=jenkins1000 | ip=192.168.69.89 | op=ALLOCATE_BLOCK {owner=6e9d6dc0-e410-4131-a9fb-1686458013f7, size=4194304, type=RATIS, factor=THREE} | ret=SUCCESS |  
2019-08-29 08:34:26,352 | INFO  | OMAudit | user=jenkins1000 | ip=127.0.0.1 | op=ALLOCATE_BLOCK {volume=datanodefailurehandlingtest, bucket=datanodefailurehandlingtest, key=0de24179-cc66-419b-b9b0-7ec105897008, dataSize=0, replicationType=null, replicationFactor=null, keyLocationInfo=null, clientID=102699343041462272} | ret=SUCCESS |  
2019-08-29 08:34:26,374 [grpc-default-executor-6] INFO  client.GrpcClientProtocolClient (GrpcClientProtocolClient.java:onNext(255)) - client-70F2772B880A->4da055f9-cd9d-4c6f-9ab8-147a42717fcf: receive RaftClientReply:client-70F2772B880A->4da055f9-cd9d-4c6f-9ab8-147a42717fcf@group-4C1082AB210C, cid=69, FAILED org.apache.ratis.protocol.NotLeaderException: Server 4da055f9-cd9d-4c6f-9ab8-147a42717fcf is not the leader (02bf3283-c6bf-4588-a57c-baa459038378:192.168.69.89:46486). Request must be sent to leader., logIndex=0, commits[4da055f9-cd9d-4c6f-9ab8-147a42717fcf:c17, 02bf3283-c6bf-4588-a57c-baa459038378:c17, f0c18ce4-0e5b-4823-99c8-fd716531bc5f:c17]
2019-08-29 08:34:26,392 | INFO  | SCMAudit | user=jenkins1000 | ip=192.168.69.89 | op=SEND_HEARTBEAT {datanodeUUID=7a9bfe55-9a1e-4d2f-9ebd-558835cfe40a, command=[]} | ret=SUCCESS |  
2019-08-29 08:34:26,477 [grpc-default-executor-0] WARN  server.GrpcLogAppender (LogUtils.java:warn(134)) - 129685ee-8122-4333-8930-3eeb8cf836af->fe546585-3c52-42ae-8754-1a35dad17d3f: Failed appendEntries: org.apache.ratis.thirdparty.io.grpc.StatusRuntimeException: UNAVAILABLE: io exception
2019-08-29 08:34:26,477 [grpc-default-executor-4] WARN  server.GrpcLogAppender (LogUtils.java:warn(134)) - 129685ee-8122-4333-8930-3eeb8cf836af->802c6c9d-4843-417e-8983-b6e40533cc1c: Failed appendEntries: org.apache.ratis.thirdparty.io.grpc.StatusRuntimeException: UNAVAILABLE: io exception
2019-08-29 08:34:26,478 [grpc-default-executor-0] INFO  impl.FollowerInfo (FollowerInfo.java:lambda$new$0(50)) - 129685ee-8122-4333-8930-3eeb8cf836af->fe546585-3c52-42ae-8754-1a35dad17d3f: nextIndex: updateUnconditionally 0 -> 0
2019-08-29 08:34:26,478 [grpc-default-executor-4] INFO  impl.FollowerInfo (FollowerInfo.java:lambda$new$0(50)) - 129685ee-8122-4333-8930-3eeb8cf836af->802c6c9d-4843-417e-8983-b6e40533cc1c: nextIndex: updateUnconditionally 0 -> 0
2019-08-29 08:34:26,511 | INFO  | SCMAudit | user=jenkins1000 | ip=192.168.69.89 | op=SEND_HEARTBEAT {datanodeUUID=02bf3283-c6bf-4588-a57c-baa459038378, command=[]} | ret=SUCCESS |  
2019-08-29 08:34:26,511 | INFO  | SCMAudit | user=jenkins1000 | ip=192.168.69.89 | op=SEND_HEARTBEAT {datanodeUUID=4da055f9-cd9d-4c6f-9ab8-147a42717fcf, command=[]} | ret=SUCCESS |  
2019-08-29 08:34:26,512 | INFO  | SCMAudit | user=jenkins1000 | ip=192.168.69.89 | op=SEND_HEARTBEAT {datanodeUUID=f0c18ce4-0e5b-4823-99c8-fd716531bc5f, command=[]} | ret=SUCCESS |  
2019-08-29 08:34:26,631 [java.util.concurrent.ThreadPoolExecutor$Worker@1719057[State = -1, empty queue]] WARN  server.GrpcLogAppender (GrpcLogAppender.java:timeoutAppendRequest(200)) - GrpcLogAppender(bcbb4469-e902-4083-b3d9-1bab9ea4cd29->e7b9916e-4eca-4156-a086-839e4ffd13a0): appendEntries Timeout, request=bcbb4469-e902-4083-b3d9-1bab9ea4cd29->e7b9916e-4eca-4156-a086-839e4ffd13a0#106-t2, previous=(t:2, i:30), leaderCommit=29, initializing? false, entries: <empty>
2019-08-29 08:34:26,631 [java.util.concurrent.ThreadPoolExecutor$Worker@765ccaac[State = -1, empty queue]] WARN  server.GrpcLogAppender (GrpcLogAppender.java:timeoutAppendRequest(200)) - GrpcLogAppender(bcbb4469-e902-4083-b3d9-1bab9ea4cd29->99586f2f-9d87-40a3-9061-4566008201fd): appendEntries Timeout, request=bcbb4469-e902-4083-b3d9-1bab9ea4cd29->99586f2f-9d87-40a3-9061-4566008201fd#106-t2, previous=(t:2, i:30), leaderCommit=29, initializing? false, entries: <empty>
2019-08-29 08:34:26,676 | INFO  | SCMAudit | user=jenkins1000 | ip=192.168.69.89 | op=SEND_HEARTBEAT {datanodeUUID=e7b9916e-4eca-4156-a086-839e4ffd13a0, command=[]} | ret=SUCCESS |  
2019-08-29 08:34:26,676 | INFO  | SCMAudit | user=jenkins1000 | ip=192.168.69.89 | op=SEND_HEARTBEAT {datanodeUUID=bcbb4469-e902-4083-b3d9-1bab9ea4cd29, command=[]} | ret=SUCCESS |  
2019-08-29 08:34:26,676 | INFO  | SCMAudit | user=jenkins1000 | ip=192.168.69.89 | op=SEND_HEARTBEAT {datanodeUUID=99586f2f-9d87-40a3-9061-4566008201fd, command=[]} | ret=SUCCESS |  
2019-08-29 08:34:26,978 [grpc-default-executor-1] WARN  server.GrpcLogAppender (LogUtils.java:warn(134)) - 129685ee-8122-4333-8930-3eeb8cf836af->fe546585-3c52-42ae-8754-1a35dad17d3f: Failed appendEntries: org.apache.ratis.thirdparty.io.grpc.StatusRuntimeException: UNAVAILABLE: io exception
2019-08-29 08:34:26,978 [grpc-default-executor-4] WARN  server.GrpcLogAppender (LogUtils.java:warn(134)) - 129685ee-8122-4333-8930-3eeb8cf836af->802c6c9d-4843-417e-8983-b6e40533cc1c: Failed appendEntries: org.apache.ratis.thirdparty.io.grpc.StatusRuntimeException: UNAVAILABLE: io exception
2019-08-29 08:34:26,979 [grpc-default-executor-1] INFO  impl.FollowerInfo (FollowerInfo.java:lambda$new$0(50)) - 129685ee-8122-4333-8930-3eeb8cf836af->fe546585-3c52-42ae-8754-1a35dad17d3f: nextIndex: updateUnconditionally 0 -> 0
2019-08-29 08:34:26,979 [grpc-default-executor-4] INFO  impl.FollowerInfo (FollowerInfo.java:lambda$new$0(50)) - 129685ee-8122-4333-8930-3eeb8cf836af->802c6c9d-4843-417e-8983-b6e40533cc1c: nextIndex: updateUnconditionally 0 -> 0
2019-08-29 08:34:27,049 [129685ee-8122-4333-8930-3eeb8cf836af:group-4F259F9E67CD:LeaderElection35] INFO  impl.LeaderElection (LeaderElection.java:askForVotes(181)) - 129685ee-8122-4333-8930-3eeb8cf836af:group-4F259F9E67CD:LeaderElection35: begin an election at term 10 for 0: [802c6c9d-4843-417e-8983-b6e40533cc1c:192.168.69.89:37103, 129685ee-8122-4333-8930-3eeb8cf836af:192.168.69.89:45580, fe546585-3c52-42ae-8754-1a35dad17d3f:192.168.69.89:45996], old=null
2019-08-29 08:34:27,052 [129685ee-8122-4333-8930-3eeb8cf836af:group-4F259F9E67CD:LeaderElection35] INFO  impl.LeaderElection (LogUtils.java:infoOrTrace(149)) - 129685ee-8122-4333-8930-3eeb8cf836af:group-4F259F9E67CD:LeaderElection35 got exception when requesting votes: {}
java.util.concurrent.ExecutionException: org.apache.ratis.thirdparty.io.grpc.StatusRuntimeException: UNAVAILABLE: io exception
	at java.util.concurrent.FutureTask.report(FutureTask.java:122)
	at java.util.concurrent.FutureTask.get(FutureTask.java:192)
	at org.apache.ratis.server.impl.LeaderElection.waitForResults(LeaderElection.java:262)
	at org.apache.ratis.server.impl.LeaderElection.askForVotes(LeaderElection.java:200)
	at org.apache.ratis.server.impl.LeaderElection.run(LeaderElection.java:130)
	at java.lang.Thread.run(Thread.java:748)
Caused by: org.apache.ratis.thirdparty.io.grpc.StatusRuntimeException: UNAVAILABLE: io exception
	at org.apache.ratis.thirdparty.io.grpc.stub.ClientCalls.toStatusRuntimeException(ClientCalls.java:233)
	at org.apache.ratis.thirdparty.io.grpc.stub.ClientCalls.getUnchecked(ClientCalls.java:214)
	at org.apache.ratis.thirdparty.io.grpc.stub.ClientCalls.blockingUnaryCall(ClientCalls.java:139)
	at org.apache.ratis.proto.grpc.RaftServerProtocolServiceGrpc$RaftServerProtocolServiceBlockingStub.requestVote(RaftServerProtocolServiceGrpc.java:265)
	at org.apache.ratis.grpc.server.GrpcServerProtocolClient.requestVote(GrpcServerProtocolClient.java:83)
	at org.apache.ratis.grpc.server.GrpcService.requestVote(GrpcService.java:195)
	at org.apache.ratis.server.impl.LeaderElection.lambda$submitRequests$1(LeaderElection.java:237)
	at java.util.concurrent.FutureTask.run(FutureTask.java:266)
	at java.util.concurrent.Executors$RunnableAdapter.call(Executors.java:511)
	at java.util.concurrent.FutureTask.run(FutureTask.java:266)
	at java.util.concurrent.ThreadPoolExecutor.runWorker(ThreadPoolExecutor.java:1149)
	at java.util.concurrent.ThreadPoolExecutor$Worker.run(ThreadPoolExecutor.java:624)
	... 1 more
Caused by: org.apache.ratis.thirdparty.io.netty.channel.AbstractChannel$AnnotatedConnectException: Connection refused: /192.168.69.89:45996
	at sun.nio.ch.SocketChannelImpl.checkConnect(Native Method)
	at sun.nio.ch.SocketChannelImpl.finishConnect(SocketChannelImpl.java:717)
	at org.apache.ratis.thirdparty.io.netty.channel.socket.nio.NioSocketChannel.doFinishConnect(NioSocketChannel.java:327)
	at org.apache.ratis.thirdparty.io.netty.channel.nio.AbstractNioChannel$AbstractNioUnsafe.finishConnect(AbstractNioChannel.java:340)
	at org.apache.ratis.thirdparty.io.netty.channel.nio.NioEventLoop.processSelectedKey(NioEventLoop.java:632)
	at org.apache.ratis.thirdparty.io.netty.channel.nio.NioEventLoop.processSelectedKeysOptimized(NioEventLoop.java:579)
	at org.apache.ratis.thirdparty.io.netty.channel.nio.NioEventLoop.processSelectedKeys(NioEventLoop.java:496)
	at org.apache.ratis.thirdparty.io.netty.channel.nio.NioEventLoop.run(NioEventLoop.java:458)
	at org.apache.ratis.thirdparty.io.netty.util.concurrent.SingleThreadEventExecutor$5.run(SingleThreadEventExecutor.java:897)
	at org.apache.ratis.thirdparty.io.netty.util.concurrent.FastThreadLocalRunnable.run(FastThreadLocalRunnable.java:30)
	... 1 more
Caused by: java.net.ConnectException: Connection refused
	... 11 more
2019-08-29 08:34:27,058 [129685ee-8122-4333-8930-3eeb8cf836af:group-4F259F9E67CD:LeaderElection35] INFO  impl.LeaderElection (LogUtils.java:infoOrTrace(149)) - 129685ee-8122-4333-8930-3eeb8cf836af:group-4F259F9E67CD:LeaderElection35 got exception when requesting votes: {}
java.util.concurrent.ExecutionException: org.apache.ratis.thirdparty.io.grpc.StatusRuntimeException: UNAVAILABLE: io exception
	at java.util.concurrent.FutureTask.report(FutureTask.java:122)
	at java.util.concurrent.FutureTask.get(FutureTask.java:192)
	at org.apache.ratis.server.impl.LeaderElection.waitForResults(LeaderElection.java:262)
	at org.apache.ratis.server.impl.LeaderElection.askForVotes(LeaderElection.java:200)
	at org.apache.ratis.server.impl.LeaderElection.run(LeaderElection.java:130)
	at java.lang.Thread.run(Thread.java:748)
Caused by: org.apache.ratis.thirdparty.io.grpc.StatusRuntimeException: UNAVAILABLE: io exception
	at org.apache.ratis.thirdparty.io.grpc.stub.ClientCalls.toStatusRuntimeException(ClientCalls.java:233)
	at org.apache.ratis.thirdparty.io.grpc.stub.ClientCalls.getUnchecked(ClientCalls.java:214)
	at org.apache.ratis.thirdparty.io.grpc.stub.ClientCalls.blockingUnaryCall(ClientCalls.java:139)
	at org.apache.ratis.proto.grpc.RaftServerProtocolServiceGrpc$RaftServerProtocolServiceBlockingStub.requestVote(RaftServerProtocolServiceGrpc.java:265)
	at org.apache.ratis.grpc.server.GrpcServerProtocolClient.requestVote(GrpcServerProtocolClient.java:83)
	at org.apache.ratis.grpc.server.GrpcService.requestVote(GrpcService.java:195)
	at org.apache.ratis.server.impl.LeaderElection.lambda$submitRequests$1(LeaderElection.java:237)
	at java.util.concurrent.FutureTask.run(FutureTask.java:266)
	at java.util.concurrent.Executors$RunnableAdapter.call(Executors.java:511)
	at java.util.concurrent.FutureTask.run(FutureTask.java:266)
	at java.util.concurrent.ThreadPoolExecutor.runWorker(ThreadPoolExecutor.java:1149)
	at java.util.concurrent.ThreadPoolExecutor$Worker.run(ThreadPoolExecutor.java:624)
	... 1 more
Caused by: org.apache.ratis.thirdparty.io.netty.channel.AbstractChannel$AnnotatedConnectException: Connection refused: /192.168.69.89:37103
	at sun.nio.ch.SocketChannelImpl.checkConnect(Native Method)
	at sun.nio.ch.SocketChannelImpl.finishConnect(SocketChannelImpl.java:717)
	at org.apache.ratis.thirdparty.io.netty.channel.socket.nio.NioSocketChannel.doFinishConnect(NioSocketChannel.java:327)
	at org.apache.ratis.thirdparty.io.netty.channel.nio.AbstractNioChannel$AbstractNioUnsafe.finishConnect(AbstractNioChannel.java:340)
	at org.apache.ratis.thirdparty.io.netty.channel.nio.NioEventLoop.processSelectedKey(NioEventLoop.java:632)
	at org.apache.ratis.thirdparty.io.netty.channel.nio.NioEventLoop.processSelectedKeysOptimized(NioEventLoop.java:579)
	at org.apache.ratis.thirdparty.io.netty.channel.nio.NioEventLoop.processSelectedKeys(NioEventLoop.java:496)
	at org.apache.ratis.thirdparty.io.netty.channel.nio.NioEventLoop.run(NioEventLoop.java:458)
	at org.apache.ratis.thirdparty.io.netty.util.concurrent.SingleThreadEventExecutor$5.run(SingleThreadEventExecutor.java:897)
	at org.apache.ratis.thirdparty.io.netty.util.concurrent.FastThreadLocalRunnable.run(FastThreadLocalRunnable.java:30)
	... 1 more
Caused by: java.net.ConnectException: Connection refused
	... 11 more
2019-08-29 08:34:27,070 [129685ee-8122-4333-8930-3eeb8cf836af:group-4F259F9E67CD:LeaderElection35] INFO  impl.LeaderElection (LeaderElection.java:logAndReturn(56)) - 129685ee-8122-4333-8930-3eeb8cf836af:group-4F259F9E67CD:LeaderElection35: Election REJECTED; received 0 response(s) [] and 2 exception(s); 129685ee-8122-4333-8930-3eeb8cf836af:t10, leader=null, voted=129685ee-8122-4333-8930-3eeb8cf836af, raftlog=129685ee-8122-4333-8930-3eeb8cf836af-SegmentedRaftLog:OPENED:c16,f16,i16, conf=0: [802c6c9d-4843-417e-8983-b6e40533cc1c:192.168.69.89:37103, 129685ee-8122-4333-8930-3eeb8cf836af:192.168.69.89:45580, fe546585-3c52-42ae-8754-1a35dad17d3f:192.168.69.89:45996], old=null
2019-08-29 08:34:27,070 [129685ee-8122-4333-8930-3eeb8cf836af:group-4F259F9E67CD:LeaderElection35] INFO  impl.LeaderElection (LogUtils.java:infoOrTrace(149)) -   Exception 0: {}
java.util.concurrent.ExecutionException: org.apache.ratis.thirdparty.io.grpc.StatusRuntimeException: UNAVAILABLE: io exception
	at java.util.concurrent.FutureTask.report(FutureTask.java:122)
	at java.util.concurrent.FutureTask.get(FutureTask.java:192)
	at org.apache.ratis.server.impl.LeaderElection.waitForResults(LeaderElection.java:262)
	at org.apache.ratis.server.impl.LeaderElection.askForVotes(LeaderElection.java:200)
	at org.apache.ratis.server.impl.LeaderElection.run(LeaderElection.java:130)
	at java.lang.Thread.run(Thread.java:748)
Caused by: org.apache.ratis.thirdparty.io.grpc.StatusRuntimeException: UNAVAILABLE: io exception
	at org.apache.ratis.thirdparty.io.grpc.stub.ClientCalls.toStatusRuntimeException(ClientCalls.java:233)
	at org.apache.ratis.thirdparty.io.grpc.stub.ClientCalls.getUnchecked(ClientCalls.java:214)
	at org.apache.ratis.thirdparty.io.grpc.stub.ClientCalls.blockingUnaryCall(ClientCalls.java:139)
	at org.apache.ratis.proto.grpc.RaftServerProtocolServiceGrpc$RaftServerProtocolServiceBlockingStub.requestVote(RaftServerProtocolServiceGrpc.java:265)
	at org.apache.ratis.grpc.server.GrpcServerProtocolClient.requestVote(GrpcServerProtocolClient.java:83)
	at org.apache.ratis.grpc.server.GrpcService.requestVote(GrpcService.java:195)
	at org.apache.ratis.server.impl.LeaderElection.lambda$submitRequests$1(LeaderElection.java:237)
	at java.util.concurrent.FutureTask.run(FutureTask.java:266)
	at java.util.concurrent.Executors$RunnableAdapter.call(Executors.java:511)
	at java.util.concurrent.FutureTask.run(FutureTask.java:266)
	at java.util.concurrent.ThreadPoolExecutor.runWorker(ThreadPoolExecutor.java:1149)
	at java.util.concurrent.ThreadPoolExecutor$Worker.run(ThreadPoolExecutor.java:624)
	... 1 more
Caused by: org.apache.ratis.thirdparty.io.netty.channel.AbstractChannel$AnnotatedConnectException: Connection refused: /192.168.69.89:45996
	at sun.nio.ch.SocketChannelImpl.checkConnect(Native Method)
	at sun.nio.ch.SocketChannelImpl.finishConnect(SocketChannelImpl.java:717)
	at org.apache.ratis.thirdparty.io.netty.channel.socket.nio.NioSocketChannel.doFinishConnect(NioSocketChannel.java:327)
	at org.apache.ratis.thirdparty.io.netty.channel.nio.AbstractNioChannel$AbstractNioUnsafe.finishConnect(AbstractNioChannel.java:340)
	at org.apache.ratis.thirdparty.io.netty.channel.nio.NioEventLoop.processSelectedKey(NioEventLoop.java:632)
	at org.apache.ratis.thirdparty.io.netty.channel.nio.NioEventLoop.processSelectedKeysOptimized(NioEventLoop.java:579)
	at org.apache.ratis.thirdparty.io.netty.channel.nio.NioEventLoop.processSelectedKeys(NioEventLoop.java:496)
	at org.apache.ratis.thirdparty.io.netty.channel.nio.NioEventLoop.run(NioEventLoop.java:458)
	at org.apache.ratis.thirdparty.io.netty.util.concurrent.SingleThreadEventExecutor$5.run(SingleThreadEventExecutor.java:897)
	at org.apache.ratis.thirdparty.io.netty.util.concurrent.FastThreadLocalRunnable.run(FastThreadLocalRunnable.java:30)
	... 1 more
Caused by: java.net.ConnectException: Connection refused
	... 11 more
2019-08-29 08:34:27,070 [129685ee-8122-4333-8930-3eeb8cf836af:group-4F259F9E67CD:LeaderElection35] INFO  impl.LeaderElection (LogUtils.java:infoOrTrace(149)) -   Exception 1: {}
java.util.concurrent.ExecutionException: org.apache.ratis.thirdparty.io.grpc.StatusRuntimeException: UNAVAILABLE: io exception
	at java.util.concurrent.FutureTask.report(FutureTask.java:122)
	at java.util.concurrent.FutureTask.get(FutureTask.java:192)
	at org.apache.ratis.server.impl.LeaderElection.waitForResults(LeaderElection.java:262)
	at org.apache.ratis.server.impl.LeaderElection.askForVotes(LeaderElection.java:200)
	at org.apache.ratis.server.impl.LeaderElection.run(LeaderElection.java:130)
	at java.lang.Thread.run(Thread.java:748)
Caused by: org.apache.ratis.thirdparty.io.grpc.StatusRuntimeException: UNAVAILABLE: io exception
	at org.apache.ratis.thirdparty.io.grpc.stub.ClientCalls.toStatusRuntimeException(ClientCalls.java:233)
	at org.apache.ratis.thirdparty.io.grpc.stub.ClientCalls.getUnchecked(ClientCalls.java:214)
	at org.apache.ratis.thirdparty.io.grpc.stub.ClientCalls.blockingUnaryCall(ClientCalls.java:139)
	at org.apache.ratis.proto.grpc.RaftServerProtocolServiceGrpc$RaftServerProtocolServiceBlockingStub.requestVote(RaftServerProtocolServiceGrpc.java:265)
	at org.apache.ratis.grpc.server.GrpcServerProtocolClient.requestVote(GrpcServerProtocolClient.java:83)
	at org.apache.ratis.grpc.server.GrpcService.requestVote(GrpcService.java:195)
	at org.apache.ratis.server.impl.LeaderElection.lambda$submitRequests$1(LeaderElection.java:237)
	at java.util.concurrent.FutureTask.run(FutureTask.java:266)
	at java.util.concurrent.Executors$RunnableAdapter.call(Executors.java:511)
	at java.util.concurrent.FutureTask.run(FutureTask.java:266)
	at java.util.concurrent.ThreadPoolExecutor.runWorker(ThreadPoolExecutor.java:1149)
	at java.util.concurrent.ThreadPoolExecutor$Worker.run(ThreadPoolExecutor.java:624)
	... 1 more
Caused by: org.apache.ratis.thirdparty.io.netty.channel.AbstractChannel$AnnotatedConnectException: Connection refused: /192.168.69.89:37103
	at sun.nio.ch.SocketChannelImpl.checkConnect(Native Method)
	at sun.nio.ch.SocketChannelImpl.finishConnect(SocketChannelImpl.java:717)
	at org.apache.ratis.thirdparty.io.netty.channel.socket.nio.NioSocketChannel.doFinishConnect(NioSocketChannel.java:327)
	at org.apache.ratis.thirdparty.io.netty.channel.nio.AbstractNioChannel$AbstractNioUnsafe.finishConnect(AbstractNioChannel.java:340)
	at org.apache.ratis.thirdparty.io.netty.channel.nio.NioEventLoop.processSelectedKey(NioEventLoop.java:632)
	at org.apache.ratis.thirdparty.io.netty.channel.nio.NioEventLoop.processSelectedKeysOptimized(NioEventLoop.java:579)
	at org.apache.ratis.thirdparty.io.netty.channel.nio.NioEventLoop.processSelectedKeys(NioEventLoop.java:496)
	at org.apache.ratis.thirdparty.io.netty.channel.nio.NioEventLoop.run(NioEventLoop.java:458)
	at org.apache.ratis.thirdparty.io.netty.util.concurrent.SingleThreadEventExecutor$5.run(SingleThreadEventExecutor.java:897)
	at org.apache.ratis.thirdparty.io.netty.util.concurrent.FastThreadLocalRunnable.run(FastThreadLocalRunnable.java:30)
	... 1 more
Caused by: java.net.ConnectException: Connection refused
	... 11 more
2019-08-29 08:34:27,071 [129685ee-8122-4333-8930-3eeb8cf836af:group-4F259F9E67CD:LeaderElection35] INFO  impl.RaftServerImpl (RaftServerImpl.java:setRole(171)) - 129685ee-8122-4333-8930-3eeb8cf836af:group-4F259F9E67CD changes role from CANDIDATE to FOLLOWER at term 10 for DISCOVERED_A_NEW_TERM
2019-08-29 08:34:27,071 [129685ee-8122-4333-8930-3eeb8cf836af:group-4F259F9E67CD:LeaderElection35] INFO  impl.RoleInfo (RoleInfo.java:shutdownLeaderElection(134)) - 129685ee-8122-4333-8930-3eeb8cf836af: shutdown LeaderElection
2019-08-29 08:34:27,071 [129685ee-8122-4333-8930-3eeb8cf836af:group-4F259F9E67CD:LeaderElection35] INFO  impl.RoleInfo (RoleInfo.java:updateAndGet(143)) - 129685ee-8122-4333-8930-3eeb8cf836af: start FollowerState
2019-08-29 08:34:27,131 [java.util.concurrent.ThreadPoolExecutor$Worker@1719057[State = -1, empty queue]] WARN  server.GrpcLogAppender (GrpcLogAppender.java:timeoutAppendRequest(200)) - GrpcLogAppender(bcbb4469-e902-4083-b3d9-1bab9ea4cd29->e7b9916e-4eca-4156-a086-839e4ffd13a0): appendEntries Timeout, request=bcbb4469-e902-4083-b3d9-1bab9ea4cd29->e7b9916e-4eca-4156-a086-839e4ffd13a0#107-t2, previous=(t:2, i:30), leaderCommit=29, initializing? false, entries: <empty>
2019-08-29 08:34:27,131 [java.util.concurrent.ThreadPoolExecutor$Worker@765ccaac[State = -1, empty queue]] WARN  server.GrpcLogAppender (GrpcLogAppender.java:timeoutAppendRequest(200)) - GrpcLogAppender(bcbb4469-e902-4083-b3d9-1bab9ea4cd29->99586f2f-9d87-40a3-9061-4566008201fd): appendEntries Timeout, request=bcbb4469-e902-4083-b3d9-1bab9ea4cd29->99586f2f-9d87-40a3-9061-4566008201fd#107-t2, previous=(t:2, i:30), leaderCommit=29, initializing? false, entries: <empty>
2019-08-29 08:34:27,273 | INFO  | SCMAudit | user=jenkins1000 | ip=192.168.69.89 | op=SEND_HEARTBEAT {datanodeUUID=129685ee-8122-4333-8930-3eeb8cf836af, command=[]} | ret=SUCCESS |  
2019-08-29 08:34:27,391 | INFO  | SCMAudit | user=jenkins1000 | ip=192.168.69.89 | op=SEND_HEARTBEAT {datanodeUUID=7a9bfe55-9a1e-4d2f-9ebd-558835cfe40a, command=[]} | ret=SUCCESS |  
2019-08-29 08:34:27,477 [grpc-default-executor-4] WARN  server.GrpcLogAppender (LogUtils.java:warn(134)) - 129685ee-8122-4333-8930-3eeb8cf836af->fe546585-3c52-42ae-8754-1a35dad17d3f: Failed appendEntries: org.apache.ratis.thirdparty.io.grpc.StatusRuntimeException: UNAVAILABLE: io exception
2019-08-29 08:34:27,477 [grpc-default-executor-1] WARN  server.GrpcLogAppender (LogUtils.java:warn(134)) - 129685ee-8122-4333-8930-3eeb8cf836af->802c6c9d-4843-417e-8983-b6e40533cc1c: Failed appendEntries: org.apache.ratis.thirdparty.io.grpc.StatusRuntimeException: UNAVAILABLE: io exception
2019-08-29 08:34:27,478 [grpc-default-executor-4] INFO  impl.FollowerInfo (FollowerInfo.java:lambda$new$0(50)) - 129685ee-8122-4333-8930-3eeb8cf836af->fe546585-3c52-42ae-8754-1a35dad17d3f: nextIndex: updateUnconditionally 0 -> 0
2019-08-29 08:34:27,478 [grpc-default-executor-1] INFO  impl.FollowerInfo (FollowerInfo.java:lambda$new$0(50)) - 129685ee-8122-4333-8930-3eeb8cf836af->802c6c9d-4843-417e-8983-b6e40533cc1c: nextIndex: updateUnconditionally 0 -> 0
2019-08-29 08:34:27,511 | INFO  | SCMAudit | user=jenkins1000 | ip=192.168.69.89 | op=SEND_HEARTBEAT {datanodeUUID=4da055f9-cd9d-4c6f-9ab8-147a42717fcf, command=[]} | ret=SUCCESS |  
2019-08-29 08:34:27,511 | INFO  | SCMAudit | user=jenkins1000 | ip=192.168.69.89 | op=SEND_HEARTBEAT {datanodeUUID=02bf3283-c6bf-4588-a57c-baa459038378, command=[]} | ret=SUCCESS |  
2019-08-29 08:34:27,513 | INFO  | SCMAudit | user=jenkins1000 | ip=192.168.69.89 | op=SEND_HEARTBEAT {datanodeUUID=f0c18ce4-0e5b-4823-99c8-fd716531bc5f, command=[]} | ret=SUCCESS |  
2019-08-29 08:34:27,631 [java.util.concurrent.ThreadPoolExecutor$Worker@1719057[State = -1, empty queue]] WARN  server.GrpcLogAppender (GrpcLogAppender.java:timeoutAppendRequest(200)) - GrpcLogAppender(bcbb4469-e902-4083-b3d9-1bab9ea4cd29->e7b9916e-4eca-4156-a086-839e4ffd13a0): appendEntries Timeout, request=bcbb4469-e902-4083-b3d9-1bab9ea4cd29->e7b9916e-4eca-4156-a086-839e4ffd13a0#108-t2, previous=(t:2, i:30), leaderCommit=29, initializing? false, entries: <empty>
2019-08-29 08:34:27,631 [java.util.concurrent.ThreadPoolExecutor$Worker@765ccaac[State = -1, empty queue]] WARN  server.GrpcLogAppender (GrpcLogAppender.java:timeoutAppendRequest(200)) - GrpcLogAppender(bcbb4469-e902-4083-b3d9-1bab9ea4cd29->99586f2f-9d87-40a3-9061-4566008201fd): appendEntries Timeout, request=bcbb4469-e902-4083-b3d9-1bab9ea4cd29->99586f2f-9d87-40a3-9061-4566008201fd#108-t2, previous=(t:2, i:30), leaderCommit=29, initializing? false, entries: <empty>
2019-08-29 08:34:27,677 | INFO  | SCMAudit | user=jenkins1000 | ip=192.168.69.89 | op=SEND_HEARTBEAT {datanodeUUID=e7b9916e-4eca-4156-a086-839e4ffd13a0, command=[]} | ret=SUCCESS |  
2019-08-29 08:34:27,677 | INFO  | SCMAudit | user=jenkins1000 | ip=192.168.69.89 | op=SEND_HEARTBEAT {datanodeUUID=bcbb4469-e902-4083-b3d9-1bab9ea4cd29, command=[]} | ret=SUCCESS |  
2019-08-29 08:34:27,678 | INFO  | SCMAudit | user=jenkins1000 | ip=192.168.69.89 | op=SEND_HEARTBEAT {datanodeUUID=99586f2f-9d87-40a3-9061-4566008201fd, command=[]} | ret=SUCCESS |  
2019-08-29 08:34:27,980 [grpc-default-executor-0] WARN  server.GrpcLogAppender (LogUtils.java:warn(134)) - 129685ee-8122-4333-8930-3eeb8cf836af->fe546585-3c52-42ae-8754-1a35dad17d3f: Failed appendEntries: org.apache.ratis.thirdparty.io.grpc.StatusRuntimeException: UNAVAILABLE: io exception
2019-08-29 08:34:27,980 [grpc-default-executor-6] WARN  server.GrpcLogAppender (LogUtils.java:warn(134)) - 129685ee-8122-4333-8930-3eeb8cf836af->802c6c9d-4843-417e-8983-b6e40533cc1c: Failed appendEntries: org.apache.ratis.thirdparty.io.grpc.StatusRuntimeException: UNAVAILABLE: io exception
2019-08-29 08:34:27,980 [grpc-default-executor-0] INFO  impl.FollowerInfo (FollowerInfo.java:lambda$new$0(50)) - 129685ee-8122-4333-8930-3eeb8cf836af->fe546585-3c52-42ae-8754-1a35dad17d3f: nextIndex: updateUnconditionally 0 -> 0
2019-08-29 08:34:27,981 [grpc-default-executor-6] INFO  impl.FollowerInfo (FollowerInfo.java:lambda$new$0(50)) - 129685ee-8122-4333-8930-3eeb8cf836af->802c6c9d-4843-417e-8983-b6e40533cc1c: nextIndex: updateUnconditionally 0 -> 0
2019-08-29 08:34:28,122 [Thread-1238] INFO  impl.FollowerState (FollowerState.java:run(106)) - 129685ee-8122-4333-8930-3eeb8cf836af:group-4F259F9E67CD changes to CANDIDATE, lastRpcTime:1050, electionTimeout:1050ms
2019-08-29 08:34:28,122 [Thread-1238] INFO  impl.RoleInfo (RoleInfo.java:shutdownFollowerState(121)) - 129685ee-8122-4333-8930-3eeb8cf836af: shutdown FollowerState
2019-08-29 08:34:28,122 [Thread-1238] INFO  impl.RaftServerImpl (RaftServerImpl.java:setRole(171)) - 129685ee-8122-4333-8930-3eeb8cf836af:group-4F259F9E67CD changes role from FOLLOWER to CANDIDATE at term 10 for changeToCandidate
2019-08-29 08:34:28,122 [Thread-1238] INFO  impl.RoleInfo (RoleInfo.java:updateAndGet(143)) - 129685ee-8122-4333-8930-3eeb8cf836af: start LeaderElection
2019-08-29 08:34:28,132 [java.util.concurrent.ThreadPoolExecutor$Worker@1719057[State = -1, empty queue]] WARN  server.GrpcLogAppender (GrpcLogAppender.java:timeoutAppendRequest(200)) - GrpcLogAppender(bcbb4469-e902-4083-b3d9-1bab9ea4cd29->e7b9916e-4eca-4156-a086-839e4ffd13a0): appendEntries Timeout, request=bcbb4469-e902-4083-b3d9-1bab9ea4cd29->e7b9916e-4eca-4156-a086-839e4ffd13a0#109-t2, previous=(t:2, i:30), leaderCommit=29, initializing? false, entries: <empty>
2019-08-29 08:34:28,132 [java.util.concurrent.ThreadPoolExecutor$Worker@765ccaac[State = -1, empty queue]] WARN  server.GrpcLogAppender (GrpcLogAppender.java:timeoutAppendRequest(200)) - GrpcLogAppender(bcbb4469-e902-4083-b3d9-1bab9ea4cd29->99586f2f-9d87-40a3-9061-4566008201fd): appendEntries Timeout, request=bcbb4469-e902-4083-b3d9-1bab9ea4cd29->99586f2f-9d87-40a3-9061-4566008201fd#109-t2, previous=(t:2, i:30), leaderCommit=29, initializing? false, entries: <empty>
2019-08-29 08:34:28,274 | INFO  | SCMAudit | user=jenkins1000 | ip=192.168.69.89 | op=SEND_HEARTBEAT {datanodeUUID=129685ee-8122-4333-8930-3eeb8cf836af, command=[]} | ret=SUCCESS |  
2019-08-29 08:34:28,392 | INFO  | SCMAudit | user=jenkins1000 | ip=192.168.69.89 | op=SEND_HEARTBEAT {datanodeUUID=7a9bfe55-9a1e-4d2f-9ebd-558835cfe40a, command=[]} | ret=SUCCESS |  
2019-08-29 08:34:28,481 [grpc-default-executor-4] WARN  server.GrpcLogAppender (LogUtils.java:warn(134)) - 129685ee-8122-4333-8930-3eeb8cf836af->802c6c9d-4843-417e-8983-b6e40533cc1c: Failed appendEntries: org.apache.ratis.thirdparty.io.grpc.StatusRuntimeException: UNAVAILABLE: io exception
2019-08-29 08:34:28,481 [grpc-default-executor-0] WARN  server.GrpcLogAppender (LogUtils.java:warn(134)) - 129685ee-8122-4333-8930-3eeb8cf836af->fe546585-3c52-42ae-8754-1a35dad17d3f: Failed appendEntries: org.apache.ratis.thirdparty.io.grpc.StatusRuntimeException: UNAVAILABLE: io exception
2019-08-29 08:34:28,481 [grpc-default-executor-4] INFO  impl.FollowerInfo (FollowerInfo.java:lambda$new$0(50)) - 129685ee-8122-4333-8930-3eeb8cf836af->802c6c9d-4843-417e-8983-b6e40533cc1c: nextIndex: updateUnconditionally 0 -> 0
2019-08-29 08:34:28,482 [grpc-default-executor-0] INFO  impl.FollowerInfo (FollowerInfo.java:lambda$new$0(50)) - 129685ee-8122-4333-8930-3eeb8cf836af->fe546585-3c52-42ae-8754-1a35dad17d3f: nextIndex: updateUnconditionally 0 -> 0
2019-08-29 08:34:28,511 | INFO  | SCMAudit | user=jenkins1000 | ip=192.168.69.89 | op=SEND_HEARTBEAT {datanodeUUID=4da055f9-cd9d-4c6f-9ab8-147a42717fcf, command=[]} | ret=SUCCESS |  
2019-08-29 08:34:28,511 | INFO  | SCMAudit | user=jenkins1000 | ip=192.168.69.89 | op=SEND_HEARTBEAT {datanodeUUID=02bf3283-c6bf-4588-a57c-baa459038378, command=[]} | ret=SUCCESS |  
2019-08-29 08:34:28,512 | INFO  | SCMAudit | user=jenkins1000 | ip=192.168.69.89 | op=SEND_HEARTBEAT {datanodeUUID=f0c18ce4-0e5b-4823-99c8-fd716531bc5f, command=[]} | ret=SUCCESS |  
2019-08-29 08:34:28,632 [java.util.concurrent.ThreadPoolExecutor$Worker@1719057[State = -1, empty queue]] WARN  server.GrpcLogAppender (GrpcLogAppender.java:timeoutAppendRequest(200)) - GrpcLogAppender(bcbb4469-e902-4083-b3d9-1bab9ea4cd29->e7b9916e-4eca-4156-a086-839e4ffd13a0): appendEntries Timeout, request=bcbb4469-e902-4083-b3d9-1bab9ea4cd29->e7b9916e-4eca-4156-a086-839e4ffd13a0#110-t2, previous=(t:2, i:30), leaderCommit=29, initializing? false, entries: <empty>
2019-08-29 08:34:28,632 [java.util.concurrent.ThreadPoolExecutor$Worker@765ccaac[State = -1, empty queue]] WARN  server.GrpcLogAppender (GrpcLogAppender.java:timeoutAppendRequest(200)) - GrpcLogAppender(bcbb4469-e902-4083-b3d9-1bab9ea4cd29->99586f2f-9d87-40a3-9061-4566008201fd): appendEntries Timeout, request=bcbb4469-e902-4083-b3d9-1bab9ea4cd29->99586f2f-9d87-40a3-9061-4566008201fd#110-t2, previous=(t:2, i:30), leaderCommit=29, initializing? false, entries: <empty>
2019-08-29 08:34:28,676 | INFO  | SCMAudit | user=jenkins1000 | ip=192.168.69.89 | op=SEND_HEARTBEAT {datanodeUUID=e7b9916e-4eca-4156-a086-839e4ffd13a0, command=[]} | ret=SUCCESS |  
2019-08-29 08:34:28,676 | INFO  | SCMAudit | user=jenkins1000 | ip=192.168.69.89 | op=SEND_HEARTBEAT {datanodeUUID=bcbb4469-e902-4083-b3d9-1bab9ea4cd29, command=[]} | ret=SUCCESS |  
2019-08-29 08:34:28,677 | INFO  | SCMAudit | user=jenkins1000 | ip=192.168.69.89 | op=SEND_HEARTBEAT {datanodeUUID=99586f2f-9d87-40a3-9061-4566008201fd, command=[]} | ret=SUCCESS |  
2019-08-29 08:34:28,982 [grpc-default-executor-6] WARN  server.GrpcLogAppender (LogUtils.java:warn(134)) - 129685ee-8122-4333-8930-3eeb8cf836af->fe546585-3c52-42ae-8754-1a35dad17d3f: Failed appendEntries: org.apache.ratis.thirdparty.io.grpc.StatusRuntimeException: UNAVAILABLE: io exception
2019-08-29 08:34:28,982 [grpc-default-executor-1] WARN  server.GrpcLogAppender (LogUtils.java:warn(134)) - 129685ee-8122-4333-8930-3eeb8cf836af->802c6c9d-4843-417e-8983-b6e40533cc1c: Failed appendEntries: org.apache.ratis.thirdparty.io.grpc.StatusRuntimeException: UNAVAILABLE: io exception
2019-08-29 08:34:28,982 [grpc-default-executor-6] INFO  impl.FollowerInfo (FollowerInfo.java:lambda$new$0(50)) - 129685ee-8122-4333-8930-3eeb8cf836af->fe546585-3c52-42ae-8754-1a35dad17d3f: nextIndex: updateUnconditionally 0 -> 0
2019-08-29 08:34:28,983 [grpc-default-executor-1] INFO  impl.FollowerInfo (FollowerInfo.java:lambda$new$0(50)) - 129685ee-8122-4333-8930-3eeb8cf836af->802c6c9d-4843-417e-8983-b6e40533cc1c: nextIndex: updateUnconditionally 0 -> 0
2019-08-29 08:34:29,132 [java.util.concurrent.ThreadPoolExecutor$Worker@1719057[State = -1, empty queue]] WARN  server.GrpcLogAppender (GrpcLogAppender.java:timeoutAppendRequest(200)) - GrpcLogAppender(bcbb4469-e902-4083-b3d9-1bab9ea4cd29->e7b9916e-4eca-4156-a086-839e4ffd13a0): appendEntries Timeout, request=bcbb4469-e902-4083-b3d9-1bab9ea4cd29->e7b9916e-4eca-4156-a086-839e4ffd13a0#111-t2, previous=(t:2, i:30), leaderCommit=29, initializing? false, entries: <empty>
2019-08-29 08:34:29,132 [java.util.concurrent.ThreadPoolExecutor$Worker@765ccaac[State = -1, empty queue]] WARN  server.GrpcLogAppender (GrpcLogAppender.java:timeoutAppendRequest(200)) - GrpcLogAppender(bcbb4469-e902-4083-b3d9-1bab9ea4cd29->99586f2f-9d87-40a3-9061-4566008201fd): appendEntries Timeout, request=bcbb4469-e902-4083-b3d9-1bab9ea4cd29->99586f2f-9d87-40a3-9061-4566008201fd#111-t2, previous=(t:2, i:30), leaderCommit=29, initializing? false, entries: <empty>
2019-08-29 08:34:29,274 | INFO  | SCMAudit | user=jenkins1000 | ip=192.168.69.89 | op=SEND_HEARTBEAT {datanodeUUID=129685ee-8122-4333-8930-3eeb8cf836af, command=[]} | ret=SUCCESS |  
2019-08-29 08:34:29,391 | INFO  | SCMAudit | user=jenkins1000 | ip=192.168.69.89 | op=SEND_HEARTBEAT {datanodeUUID=7a9bfe55-9a1e-4d2f-9ebd-558835cfe40a, command=[]} | ret=SUCCESS |  
2019-08-29 08:34:29,392 [java.util.concurrent.ThreadPoolExecutor$Worker@1d54cbf9[State = -1, empty queue]] WARN  server.GrpcLogAppender (GrpcLogAppender.java:timeoutAppendRequest(200)) - GrpcLogAppender(02bf3283-c6bf-4588-a57c-baa459038378->f0c18ce4-0e5b-4823-99c8-fd716531bc5f): appendEntries Timeout, request=02bf3283-c6bf-4588-a57c-baa459038378->f0c18ce4-0e5b-4823-99c8-fd716531bc5f#58-t3, previous=(t:3, i:17), leaderCommit=17, initializing? false, entries: size=1, first=(t:3, i:18), STATEMACHINELOGENTRY, client-70F2772B880A, cid=69
2019-08-29 08:34:29,392 [java.util.concurrent.ThreadPoolExecutor$Worker@4232d1d8[State = -1, empty queue]] WARN  server.GrpcLogAppender (GrpcLogAppender.java:timeoutAppendRequest(200)) - GrpcLogAppender(02bf3283-c6bf-4588-a57c-baa459038378->4da055f9-cd9d-4c6f-9ab8-147a42717fcf): appendEntries Timeout, request=02bf3283-c6bf-4588-a57c-baa459038378->4da055f9-cd9d-4c6f-9ab8-147a42717fcf#58-t3, previous=(t:3, i:17), leaderCommit=17, initializing? false, entries: size=1, first=(t:3, i:18), STATEMACHINELOGENTRY, client-70F2772B880A, cid=69
2019-08-29 08:34:29,482 [grpc-default-executor-1] WARN  server.GrpcLogAppender (LogUtils.java:warn(134)) - 129685ee-8122-4333-8930-3eeb8cf836af->802c6c9d-4843-417e-8983-b6e40533cc1c: Failed appendEntries: org.apache.ratis.thirdparty.io.grpc.StatusRuntimeException: UNAVAILABLE: io exception
2019-08-29 08:34:29,482 [grpc-default-executor-6] WARN  server.GrpcLogAppender (LogUtils.java:warn(134)) - 129685ee-8122-4333-8930-3eeb8cf836af->fe546585-3c52-42ae-8754-1a35dad17d3f: Failed appendEntries: org.apache.ratis.thirdparty.io.grpc.StatusRuntimeException: UNAVAILABLE: io exception
2019-08-29 08:34:29,483 [grpc-default-executor-1] INFO  impl.FollowerInfo (FollowerInfo.java:lambda$new$0(50)) - 129685ee-8122-4333-8930-3eeb8cf836af->802c6c9d-4843-417e-8983-b6e40533cc1c: nextIndex: updateUnconditionally 0 -> 0
2019-08-29 08:34:29,483 [grpc-default-executor-6] INFO  impl.FollowerInfo (FollowerInfo.java:lambda$new$0(50)) - 129685ee-8122-4333-8930-3eeb8cf836af->fe546585-3c52-42ae-8754-1a35dad17d3f: nextIndex: updateUnconditionally 0 -> 0
2019-08-29 08:34:29,512 | INFO  | SCMAudit | user=jenkins1000 | ip=192.168.69.89 | op=SEND_HEARTBEAT {datanodeUUID=4da055f9-cd9d-4c6f-9ab8-147a42717fcf, command=[]} | ret=SUCCESS |  
2019-08-29 08:34:29,512 | INFO  | SCMAudit | user=jenkins1000 | ip=192.168.69.89 | op=SEND_HEARTBEAT {datanodeUUID=02bf3283-c6bf-4588-a57c-baa459038378, command=[]} | ret=SUCCESS |  
2019-08-29 08:34:29,512 | INFO  | SCMAudit | user=jenkins1000 | ip=192.168.69.89 | op=SEND_HEARTBEAT {datanodeUUID=f0c18ce4-0e5b-4823-99c8-fd716531bc5f, command=[]} | ret=SUCCESS |  
2019-08-29 08:34:29,633 [java.util.concurrent.ThreadPoolExecutor$Worker@765ccaac[State = -1, empty queue]] WARN  server.GrpcLogAppender (GrpcLogAppender.java:timeoutAppendRequest(200)) - GrpcLogAppender(bcbb4469-e902-4083-b3d9-1bab9ea4cd29->99586f2f-9d87-40a3-9061-4566008201fd): appendEntries Timeout, request=bcbb4469-e902-4083-b3d9-1bab9ea4cd29->99586f2f-9d87-40a3-9061-4566008201fd#112-t2, previous=(t:2, i:30), leaderCommit=29, initializing? false, entries: <empty>
2019-08-29 08:34:29,633 [java.util.concurrent.ThreadPoolExecutor$Worker@1719057[State = -1, empty queue]] WARN  server.GrpcLogAppender (GrpcLogAppender.java:timeoutAppendRequest(200)) - GrpcLogAppender(bcbb4469-e902-4083-b3d9-1bab9ea4cd29->e7b9916e-4eca-4156-a086-839e4ffd13a0): appendEntries Timeout, request=bcbb4469-e902-4083-b3d9-1bab9ea4cd29->e7b9916e-4eca-4156-a086-839e4ffd13a0#112-t2, previous=(t:2, i:30), leaderCommit=29, initializing? false, entries: <empty>
2019-08-29 08:34:29,677 | INFO  | SCMAudit | user=jenkins1000 | ip=192.168.69.89 | op=SEND_HEARTBEAT {datanodeUUID=e7b9916e-4eca-4156-a086-839e4ffd13a0, command=[]} | ret=SUCCESS |  
2019-08-29 08:34:29,677 | INFO  | SCMAudit | user=jenkins1000 | ip=192.168.69.89 | op=SEND_HEARTBEAT {datanodeUUID=bcbb4469-e902-4083-b3d9-1bab9ea4cd29, command=[]} | ret=SUCCESS |  
2019-08-29 08:34:29,677 | INFO  | SCMAudit | user=jenkins1000 | ip=192.168.69.89 | op=SEND_HEARTBEAT {datanodeUUID=99586f2f-9d87-40a3-9061-4566008201fd, command=[]} | ret=SUCCESS |  
2019-08-29 08:34:29,892 [java.util.concurrent.ThreadPoolExecutor$Worker@1d54cbf9[State = -1, empty queue]] WARN  server.GrpcLogAppender (GrpcLogAppender.java:timeoutAppendRequest(200)) - GrpcLogAppender(02bf3283-c6bf-4588-a57c-baa459038378->f0c18ce4-0e5b-4823-99c8-fd716531bc5f): appendEntries Timeout, request=02bf3283-c6bf-4588-a57c-baa459038378->f0c18ce4-0e5b-4823-99c8-fd716531bc5f#59-t3, previous=(t:3, i:18), leaderCommit=17, initializing? false, entries: <empty>
2019-08-29 08:34:29,892 [java.util.concurrent.ThreadPoolExecutor$Worker@4232d1d8[State = -1, empty queue]] WARN  server.GrpcLogAppender (GrpcLogAppender.java:timeoutAppendRequest(200)) - GrpcLogAppender(02bf3283-c6bf-4588-a57c-baa459038378->4da055f9-cd9d-4c6f-9ab8-147a42717fcf): appendEntries Timeout, request=02bf3283-c6bf-4588-a57c-baa459038378->4da055f9-cd9d-4c6f-9ab8-147a42717fcf#59-t3, previous=(t:3, i:18), leaderCommit=17, initializing? false, entries: <empty>
2019-08-29 08:34:29,983 [grpc-default-executor-1] WARN  server.GrpcLogAppender (LogUtils.java:warn(134)) - 129685ee-8122-4333-8930-3eeb8cf836af->fe546585-3c52-42ae-8754-1a35dad17d3f: Failed appendEntries: org.apache.ratis.thirdparty.io.grpc.StatusRuntimeException: UNAVAILABLE: io exception
2019-08-29 08:34:29,983 [grpc-default-executor-0] WARN  server.GrpcLogAppender (LogUtils.java:warn(134)) - 129685ee-8122-4333-8930-3eeb8cf836af->802c6c9d-4843-417e-8983-b6e40533cc1c: Failed appendEntries: org.apache.ratis.thirdparty.io.grpc.StatusRuntimeException: UNAVAILABLE: io exception
2019-08-29 08:34:29,984 [grpc-default-executor-1] INFO  impl.FollowerInfo (FollowerInfo.java:lambda$new$0(50)) - 129685ee-8122-4333-8930-3eeb8cf836af->fe546585-3c52-42ae-8754-1a35dad17d3f: nextIndex: updateUnconditionally 0 -> 0
2019-08-29 08:34:29,984 [grpc-default-executor-0] INFO  impl.FollowerInfo (FollowerInfo.java:lambda$new$0(50)) - 129685ee-8122-4333-8930-3eeb8cf836af->802c6c9d-4843-417e-8983-b6e40533cc1c: nextIndex: updateUnconditionally 0 -> 0
2019-08-29 08:34:30,133 [java.util.concurrent.ThreadPoolExecutor$Worker@1719057[State = -1, empty queue]] WARN  server.GrpcLogAppender (GrpcLogAppender.java:timeoutAppendRequest(200)) - GrpcLogAppender(bcbb4469-e902-4083-b3d9-1bab9ea4cd29->e7b9916e-4eca-4156-a086-839e4ffd13a0): appendEntries Timeout, request=bcbb4469-e902-4083-b3d9-1bab9ea4cd29->e7b9916e-4eca-4156-a086-839e4ffd13a0#113-t2, previous=(t:2, i:30), leaderCommit=29, initializing? false, entries: <empty>
2019-08-29 08:34:30,133 [java.util.concurrent.ThreadPoolExecutor$Worker@765ccaac[State = -1, empty queue]] WARN  server.GrpcLogAppender (GrpcLogAppender.java:timeoutAppendRequest(200)) - GrpcLogAppender(bcbb4469-e902-4083-b3d9-1bab9ea4cd29->99586f2f-9d87-40a3-9061-4566008201fd): appendEntries Timeout, request=bcbb4469-e902-4083-b3d9-1bab9ea4cd29->99586f2f-9d87-40a3-9061-4566008201fd#113-t2, previous=(t:2, i:30), leaderCommit=29, initializing? false, entries: <empty>
2019-08-29 08:34:30,275 | INFO  | SCMAudit | user=jenkins1000 | ip=192.168.69.89 | op=SEND_HEARTBEAT {datanodeUUID=129685ee-8122-4333-8930-3eeb8cf836af, command=[]} | ret=SUCCESS |  
2019-08-29 08:34:30,395 [java.util.concurrent.ThreadPoolExecutor$Worker@4232d1d8[State = -1, empty queue]] WARN  server.GrpcLogAppender (GrpcLogAppender.java:timeoutAppendRequest(200)) - GrpcLogAppender(02bf3283-c6bf-4588-a57c-baa459038378->4da055f9-cd9d-4c6f-9ab8-147a42717fcf): appendEntries Timeout, request=02bf3283-c6bf-4588-a57c-baa459038378->4da055f9-cd9d-4c6f-9ab8-147a42717fcf#60-t3, previous=(t:3, i:18), leaderCommit=17, initializing? false, entries: <empty>
2019-08-29 08:34:30,395 [java.util.concurrent.ThreadPoolExecutor$Worker@1d54cbf9[State = -1, empty queue]] WARN  server.GrpcLogAppender (GrpcLogAppender.java:timeoutAppendRequest(200)) - GrpcLogAppender(02bf3283-c6bf-4588-a57c-baa459038378->f0c18ce4-0e5b-4823-99c8-fd716531bc5f): appendEntries Timeout, request=02bf3283-c6bf-4588-a57c-baa459038378->f0c18ce4-0e5b-4823-99c8-fd716531bc5f#60-t3, previous=(t:3, i:18), leaderCommit=17, initializing? false, entries: <empty>
2019-08-29 08:34:30,396 | INFO  | SCMAudit | user=jenkins1000 | ip=192.168.69.89 | op=SEND_HEARTBEAT {datanodeUUID=7a9bfe55-9a1e-4d2f-9ebd-558835cfe40a, command=[]} | ret=SUCCESS |  
2019-08-29 08:34:30,485 [grpc-default-executor-0] WARN  server.GrpcLogAppender (LogUtils.java:warn(134)) - 129685ee-8122-4333-8930-3eeb8cf836af->fe546585-3c52-42ae-8754-1a35dad17d3f: Failed appendEntries: org.apache.ratis.thirdparty.io.grpc.StatusRuntimeException: UNAVAILABLE: io exception
2019-08-29 08:34:30,485 [grpc-default-executor-6] WARN  server.GrpcLogAppender (LogUtils.java:warn(134)) - 129685ee-8122-4333-8930-3eeb8cf836af->802c6c9d-4843-417e-8983-b6e40533cc1c: Failed appendEntries: org.apache.ratis.thirdparty.io.grpc.StatusRuntimeException: UNAVAILABLE: io exception
2019-08-29 08:34:30,485 [grpc-default-executor-0] INFO  impl.FollowerInfo (FollowerInfo.java:lambda$new$0(50)) - 129685ee-8122-4333-8930-3eeb8cf836af->fe546585-3c52-42ae-8754-1a35dad17d3f: nextIndex: updateUnconditionally 0 -> 0
2019-08-29 08:34:30,486 [grpc-default-executor-6] INFO  impl.FollowerInfo (FollowerInfo.java:lambda$new$0(50)) - 129685ee-8122-4333-8930-3eeb8cf836af->802c6c9d-4843-417e-8983-b6e40533cc1c: nextIndex: updateUnconditionally 0 -> 0
2019-08-29 08:34:30,511 | INFO  | SCMAudit | user=jenkins1000 | ip=192.168.69.89 | op=SEND_HEARTBEAT {datanodeUUID=4da055f9-cd9d-4c6f-9ab8-147a42717fcf, command=[]} | ret=SUCCESS |  
2019-08-29 08:34:30,511 | INFO  | SCMAudit | user=jenkins1000 | ip=192.168.69.89 | op=SEND_HEARTBEAT {datanodeUUID=02bf3283-c6bf-4588-a57c-baa459038378, command=[]} | ret=SUCCESS |  
2019-08-29 08:34:30,512 | INFO  | SCMAudit | user=jenkins1000 | ip=192.168.69.89 | op=SEND_HEARTBEAT {datanodeUUID=f0c18ce4-0e5b-4823-99c8-fd716531bc5f, command=[]} | ret=SUCCESS |  
2019-08-29 08:34:30,633 [java.util.concurrent.ThreadPoolExecutor$Worker@1719057[State = -1, empty queue]] WARN  server.GrpcLogAppender (GrpcLogAppender.java:timeoutAppendRequest(200)) - GrpcLogAppender(bcbb4469-e902-4083-b3d9-1bab9ea4cd29->e7b9916e-4eca-4156-a086-839e4ffd13a0): appendEntries Timeout, request=bcbb4469-e902-4083-b3d9-1bab9ea4cd29->e7b9916e-4eca-4156-a086-839e4ffd13a0#114-t2, previous=(t:2, i:30), leaderCommit=29, initializing? false, entries: <empty>
2019-08-29 08:34:30,633 [java.util.concurrent.ThreadPoolExecutor$Worker@765ccaac[State = -1, empty queue]] WARN  server.GrpcLogAppender (GrpcLogAppender.java:timeoutAppendRequest(200)) - GrpcLogAppender(bcbb4469-e902-4083-b3d9-1bab9ea4cd29->99586f2f-9d87-40a3-9061-4566008201fd): appendEntries Timeout, request=bcbb4469-e902-4083-b3d9-1bab9ea4cd29->99586f2f-9d87-40a3-9061-4566008201fd#114-t2, previous=(t:2, i:30), leaderCommit=29, initializing? false, entries: <empty>
2019-08-29 08:34:30,678 | INFO  | SCMAudit | user=jenkins1000 | ip=192.168.69.89 | op=SEND_HEARTBEAT {datanodeUUID=bcbb4469-e902-4083-b3d9-1bab9ea4cd29, command=[]} | ret=SUCCESS |  
2019-08-29 08:34:30,678 | INFO  | SCMAudit | user=jenkins1000 | ip=192.168.69.89 | op=SEND_HEARTBEAT {datanodeUUID=e7b9916e-4eca-4156-a086-839e4ffd13a0, command=[]} | ret=SUCCESS |  
2019-08-29 08:34:30,678 | INFO  | SCMAudit | user=jenkins1000 | ip=192.168.69.89 | op=SEND_HEARTBEAT {datanodeUUID=99586f2f-9d87-40a3-9061-4566008201fd, command=[]} | ret=SUCCESS |  
2019-08-29 08:34:30,893 [java.util.concurrent.ThreadPoolExecutor$Worker@4232d1d8[State = -1, empty queue]] WARN  server.GrpcLogAppender (GrpcLogAppender.java:timeoutAppendRequest(200)) - GrpcLogAppender(02bf3283-c6bf-4588-a57c-baa459038378->4da055f9-cd9d-4c6f-9ab8-147a42717fcf): appendEntries Timeout, request=02bf3283-c6bf-4588-a57c-baa459038378->4da055f9-cd9d-4c6f-9ab8-147a42717fcf#61-t3, previous=(t:3, i:18), leaderCommit=17, initializing? false, entries: <empty>
2019-08-29 08:34:30,893 [java.util.concurrent.ThreadPoolExecutor$Worker@1d54cbf9[State = -1, empty queue]] WARN  server.GrpcLogAppender (GrpcLogAppender.java:timeoutAppendRequest(200)) - GrpcLogAppender(02bf3283-c6bf-4588-a57c-baa459038378->f0c18ce4-0e5b-4823-99c8-fd716531bc5f): appendEntries Timeout, request=02bf3283-c6bf-4588-a57c-baa459038378->f0c18ce4-0e5b-4823-99c8-fd716531bc5f#61-t3, previous=(t:3, i:18), leaderCommit=17, initializing? false, entries: <empty>
2019-08-29 08:34:30,985 [grpc-default-executor-1] WARN  server.GrpcLogAppender (LogUtils.java:warn(134)) - 129685ee-8122-4333-8930-3eeb8cf836af->802c6c9d-4843-417e-8983-b6e40533cc1c: Failed appendEntries: org.apache.ratis.thirdparty.io.grpc.StatusRuntimeException: UNAVAILABLE: io exception
2019-08-29 08:34:30,985 [grpc-default-executor-2] WARN  server.GrpcLogAppender (LogUtils.java:warn(134)) - 129685ee-8122-4333-8930-3eeb8cf836af->fe546585-3c52-42ae-8754-1a35dad17d3f: Failed appendEntries: org.apache.ratis.thirdparty.io.grpc.StatusRuntimeException: UNAVAILABLE: io exception
2019-08-29 08:34:30,986 [grpc-default-executor-1] INFO  impl.FollowerInfo (FollowerInfo.java:lambda$new$0(50)) - 129685ee-8122-4333-8930-3eeb8cf836af->802c6c9d-4843-417e-8983-b6e40533cc1c: nextIndex: updateUnconditionally 0 -> 0
2019-08-29 08:34:30,986 [grpc-default-executor-2] INFO  impl.FollowerInfo (FollowerInfo.java:lambda$new$0(50)) - 129685ee-8122-4333-8930-3eeb8cf836af->fe546585-3c52-42ae-8754-1a35dad17d3f: nextIndex: updateUnconditionally 0 -> 0
2019-08-29 08:34:31,116 [bcbb4469-e902-4083-b3d9-1bab9ea4cd29-SegmentedRaftLogWorker:Storage Directory /workdir/hadoop-ozone/integration-test/target/test-dir/MiniOzoneClusterImpl-839c4a83-1072-4184-a39a-41aa01fb846d/datanode-6/data/ratis/79f04424-d886-402f-8436-f65937874e2c] WARN  segmented.SegmentedRaftLogWorker (SegmentedRaftLogWorker.java:getFromFuture(90)) - Timeout 1/~
org.apache.ratis.protocol.TimeoutIOException: Timeout 10s: WriteLog:30: (t:2, i:30), STATEMACHINELOGENTRY, client-74F246C92584, cid=65-writeStateMachineData
	at org.apache.ratis.util.IOUtils.getFromFuture(IOUtils.java:87)
	at org.apache.ratis.server.raftlog.segmented.SegmentedRaftLogWorker$StateMachineDataPolicy.getFromFuture(SegmentedRaftLogWorker.java:87)
	at org.apache.ratis.server.raftlog.segmented.SegmentedRaftLogWorker$WriteLog.execute(SegmentedRaftLogWorker.java:477)
	at org.apache.ratis.server.raftlog.segmented.SegmentedRaftLogWorker.run(SegmentedRaftLogWorker.java:289)
	at java.lang.Thread.run(Thread.java:748)
Caused by: java.util.concurrent.TimeoutException
	at java.util.concurrent.CompletableFuture.timedGet(CompletableFuture.java:1771)
	at java.util.concurrent.CompletableFuture.get(CompletableFuture.java:1915)
	at org.apache.ratis.util.IOUtils.getFromFuture(IOUtils.java:79)
	... 4 more
2019-08-29 08:34:31,121 [99586f2f-9d87-40a3-9061-4566008201fd-SegmentedRaftLogWorker:Storage Directory /workdir/hadoop-ozone/integration-test/target/test-dir/MiniOzoneClusterImpl-839c4a83-1072-4184-a39a-41aa01fb846d/datanode-5/data/ratis/79f04424-d886-402f-8436-f65937874e2c] WARN  segmented.SegmentedRaftLogWorker (SegmentedRaftLogWorker.java:getFromFuture(90)) - Timeout 1/~
org.apache.ratis.protocol.TimeoutIOException: Timeout 10s: WriteLog:30: (t:2, i:30), STATEMACHINELOGENTRY, client-74F246C92584, cid=65-writeStateMachineData
	at org.apache.ratis.util.IOUtils.getFromFuture(IOUtils.java:87)
	at org.apache.ratis.server.raftlog.segmented.SegmentedRaftLogWorker$StateMachineDataPolicy.getFromFuture(SegmentedRaftLogWorker.java:87)
	at org.apache.ratis.server.raftlog.segmented.SegmentedRaftLogWorker$WriteLog.execute(SegmentedRaftLogWorker.java:477)
	at org.apache.ratis.server.raftlog.segmented.SegmentedRaftLogWorker.run(SegmentedRaftLogWorker.java:289)
	at java.lang.Thread.run(Thread.java:748)
Caused by: java.util.concurrent.TimeoutException
	at java.util.concurrent.CompletableFuture.timedGet(CompletableFuture.java:1771)
	at java.util.concurrent.CompletableFuture.get(CompletableFuture.java:1915)
	at org.apache.ratis.util.IOUtils.getFromFuture(IOUtils.java:79)
	... 4 more
2019-08-29 08:34:31,121 [e7b9916e-4eca-4156-a086-839e4ffd13a0-SegmentedRaftLogWorker:Storage Directory /workdir/hadoop-ozone/integration-test/target/test-dir/MiniOzoneClusterImpl-839c4a83-1072-4184-a39a-41aa01fb846d/datanode-1/data/ratis/79f04424-d886-402f-8436-f65937874e2c] WARN  segmented.SegmentedRaftLogWorker (SegmentedRaftLogWorker.java:getFromFuture(90)) - Timeout 1/~
org.apache.ratis.protocol.TimeoutIOException: Timeout 10s: WriteLog:30: (t:2, i:30), STATEMACHINELOGENTRY, client-74F246C92584, cid=65-writeStateMachineData
	at org.apache.ratis.util.IOUtils.getFromFuture(IOUtils.java:87)
	at org.apache.ratis.server.raftlog.segmented.SegmentedRaftLogWorker$StateMachineDataPolicy.getFromFuture(SegmentedRaftLogWorker.java:87)
	at org.apache.ratis.server.raftlog.segmented.SegmentedRaftLogWorker$WriteLog.execute(SegmentedRaftLogWorker.java:477)
	at org.apache.ratis.server.raftlog.segmented.SegmentedRaftLogWorker.run(SegmentedRaftLogWorker.java:289)
	at java.lang.Thread.run(Thread.java:748)
Caused by: java.util.concurrent.TimeoutException
	at java.util.concurrent.CompletableFuture.timedGet(CompletableFuture.java:1771)
	at java.util.concurrent.CompletableFuture.get(CompletableFuture.java:1915)
	at org.apache.ratis.util.IOUtils.getFromFuture(IOUtils.java:79)
	... 4 more
2019-08-29 08:34:31,133 [java.util.concurrent.ThreadPoolExecutor$Worker@765ccaac[State = -1, empty queue]] WARN  server.GrpcLogAppender (GrpcLogAppender.java:timeoutAppendRequest(200)) - GrpcLogAppender(bcbb4469-e902-4083-b3d9-1bab9ea4cd29->99586f2f-9d87-40a3-9061-4566008201fd): appendEntries Timeout, request=bcbb4469-e902-4083-b3d9-1bab9ea4cd29->99586f2f-9d87-40a3-9061-4566008201fd#115-t2, previous=(t:2, i:30), leaderCommit=29, initializing? false, entries: <empty>
2019-08-29 08:34:31,133 [java.util.concurrent.ThreadPoolExecutor$Worker@1719057[State = -1, empty queue]] WARN  server.GrpcLogAppender (GrpcLogAppender.java:timeoutAppendRequest(200)) - GrpcLogAppender(bcbb4469-e902-4083-b3d9-1bab9ea4cd29->e7b9916e-4eca-4156-a086-839e4ffd13a0): appendEntries Timeout, request=bcbb4469-e902-4083-b3d9-1bab9ea4cd29->e7b9916e-4eca-4156-a086-839e4ffd13a0#115-t2, previous=(t:2, i:30), leaderCommit=29, initializing? false, entries: <empty>
2019-08-29 08:34:31,276 | INFO  | SCMAudit | user=jenkins1000 | ip=192.168.69.89 | op=SEND_HEARTBEAT {datanodeUUID=129685ee-8122-4333-8930-3eeb8cf836af, command=[]} | ret=SUCCESS |  
2019-08-29 08:34:31,393 [java.util.concurrent.ThreadPoolExecutor$Worker@1d54cbf9[State = -1, empty queue]] WARN  server.GrpcLogAppender (GrpcLogAppender.java:timeoutAppendRequest(200)) - GrpcLogAppender(02bf3283-c6bf-4588-a57c-baa459038378->f0c18ce4-0e5b-4823-99c8-fd716531bc5f): appendEntries Timeout, request=02bf3283-c6bf-4588-a57c-baa459038378->f0c18ce4-0e5b-4823-99c8-fd716531bc5f#62-t3, previous=(t:3, i:18), leaderCommit=17, initializing? false, entries: <empty>
2019-08-29 08:34:31,393 [java.util.concurrent.ThreadPoolExecutor$Worker@4232d1d8[State = -1, empty queue]] WARN  server.GrpcLogAppender (GrpcLogAppender.java:timeoutAppendRequest(200)) - GrpcLogAppender(02bf3283-c6bf-4588-a57c-baa459038378->4da055f9-cd9d-4c6f-9ab8-147a42717fcf): appendEntries Timeout, request=02bf3283-c6bf-4588-a57c-baa459038378->4da055f9-cd9d-4c6f-9ab8-147a42717fcf#62-t3, previous=(t:3, i:18), leaderCommit=17, initializing? false, entries: <empty>
2019-08-29 08:34:31,395 | INFO  | SCMAudit | user=jenkins1000 | ip=192.168.69.89 | op=SEND_HEARTBEAT {datanodeUUID=7a9bfe55-9a1e-4d2f-9ebd-558835cfe40a, command=[]} | ret=SUCCESS |  
2019-08-29 08:34:31,418 [grpc-default-executor-2] INFO  client.GrpcClientProtocolClient (GrpcClientProtocolClient.java:onNext(255)) - client-70F2772B880A->f0c18ce4-0e5b-4823-99c8-fd716531bc5f: receive RaftClientReply:client-70F2772B880A->f0c18ce4-0e5b-4823-99c8-fd716531bc5f@group-4C1082AB210C, cid=69, FAILED org.apache.ratis.protocol.NotLeaderException: Server f0c18ce4-0e5b-4823-99c8-fd716531bc5f is not the leader (02bf3283-c6bf-4588-a57c-baa459038378:192.168.69.89:46486). Request must be sent to leader., logIndex=0, commits[f0c18ce4-0e5b-4823-99c8-fd716531bc5f:c17, 4da055f9-cd9d-4c6f-9ab8-147a42717fcf:c17, 02bf3283-c6bf-4588-a57c-baa459038378:c17]
2019-08-29 08:34:31,486 [grpc-default-executor-6] WARN  server.GrpcLogAppender (LogUtils.java:warn(134)) - 129685ee-8122-4333-8930-3eeb8cf836af->fe546585-3c52-42ae-8754-1a35dad17d3f: Failed appendEntries: org.apache.ratis.thirdparty.io.grpc.StatusRuntimeException: UNAVAILABLE: io exception
2019-08-29 08:34:31,486 [grpc-default-executor-4] WARN  server.GrpcLogAppender (LogUtils.java:warn(134)) - 129685ee-8122-4333-8930-3eeb8cf836af->802c6c9d-4843-417e-8983-b6e40533cc1c: Failed appendEntries: org.apache.ratis.thirdparty.io.grpc.StatusRuntimeException: UNAVAILABLE: io exception
2019-08-29 08:34:31,486 [grpc-default-executor-6] INFO  impl.FollowerInfo (FollowerInfo.java:lambda$new$0(50)) - 129685ee-8122-4333-8930-3eeb8cf836af->fe546585-3c52-42ae-8754-1a35dad17d3f: nextIndex: updateUnconditionally 0 -> 0
2019-08-29 08:34:31,487 [grpc-default-executor-4] INFO  impl.FollowerInfo (FollowerInfo.java:lambda$new$0(50)) - 129685ee-8122-4333-8930-3eeb8cf836af->802c6c9d-4843-417e-8983-b6e40533cc1c: nextIndex: updateUnconditionally 0 -> 0
2019-08-29 08:34:31,512 | INFO  | SCMAudit | user=jenkins1000 | ip=192.168.69.89 | op=SEND_HEARTBEAT {datanodeUUID=4da055f9-cd9d-4c6f-9ab8-147a42717fcf, command=[]} | ret=SUCCESS |  
2019-08-29 08:34:31,512 | INFO  | SCMAudit | user=jenkins1000 | ip=192.168.69.89 | op=SEND_HEARTBEAT {datanodeUUID=02bf3283-c6bf-4588-a57c-baa459038378, command=[]} | ret=SUCCESS |  
2019-08-29 08:34:31,512 | INFO  | SCMAudit | user=jenkins1000 | ip=192.168.69.89 | op=SEND_HEARTBEAT {datanodeUUID=f0c18ce4-0e5b-4823-99c8-fd716531bc5f, command=[]} | ret=SUCCESS |  
2019-08-29 08:34:31,634 [java.util.concurrent.ThreadPoolExecutor$Worker@1719057[State = -1, empty queue]] WARN  server.GrpcLogAppender (GrpcLogAppender.java:timeoutAppendRequest(200)) - GrpcLogAppender(bcbb4469-e902-4083-b3d9-1bab9ea4cd29->e7b9916e-4eca-4156-a086-839e4ffd13a0): appendEntries Timeout, request=bcbb4469-e902-4083-b3d9-1bab9ea4cd29->e7b9916e-4eca-4156-a086-839e4ffd13a0#116-t2, previous=(t:2, i:30), leaderCommit=29, initializing? false, entries: <empty>
2019-08-29 08:34:31,634 [java.util.concurrent.ThreadPoolExecutor$Worker@765ccaac[State = -1, empty queue]] WARN  server.GrpcLogAppender (GrpcLogAppender.java:timeoutAppendRequest(200)) - GrpcLogAppender(bcbb4469-e902-4083-b3d9-1bab9ea4cd29->99586f2f-9d87-40a3-9061-4566008201fd): appendEntries Timeout, request=bcbb4469-e902-4083-b3d9-1bab9ea4cd29->99586f2f-9d87-40a3-9061-4566008201fd#116-t2, previous=(t:2, i:30), leaderCommit=29, initializing? false, entries: <empty>
2019-08-29 08:34:31,677 | INFO  | SCMAudit | user=jenkins1000 | ip=192.168.69.89 | op=SEND_HEARTBEAT {datanodeUUID=bcbb4469-e902-4083-b3d9-1bab9ea4cd29, command=[]} | ret=SUCCESS |  
2019-08-29 08:34:31,678 | INFO  | SCMAudit | user=jenkins1000 | ip=192.168.69.89 | op=SEND_HEARTBEAT {datanodeUUID=99586f2f-9d87-40a3-9061-4566008201fd, command=[]} | ret=SUCCESS |  
2019-08-29 08:34:31,678 | INFO  | SCMAudit | user=jenkins1000 | ip=192.168.69.89 | op=SEND_HEARTBEAT {datanodeUUID=e7b9916e-4eca-4156-a086-839e4ffd13a0, command=[]} | ret=SUCCESS |  
2019-08-29 08:34:31,893 [java.util.concurrent.ThreadPoolExecutor$Worker@1d54cbf9[State = -1, empty queue]] WARN  server.GrpcLogAppender (GrpcLogAppender.java:timeoutAppendRequest(200)) - GrpcLogAppender(02bf3283-c6bf-4588-a57c-baa459038378->f0c18ce4-0e5b-4823-99c8-fd716531bc5f): appendEntries Timeout, request=02bf3283-c6bf-4588-a57c-baa459038378->f0c18ce4-0e5b-4823-99c8-fd716531bc5f#63-t3, previous=(t:3, i:18), leaderCommit=17, initializing? false, entries: <empty>
2019-08-29 08:34:31,893 [java.util.concurrent.ThreadPoolExecutor$Worker@4232d1d8[State = -1, empty queue]] WARN  server.GrpcLogAppender (GrpcLogAppender.java:timeoutAppendRequest(200)) - GrpcLogAppender(02bf3283-c6bf-4588-a57c-baa459038378->4da055f9-cd9d-4c6f-9ab8-147a42717fcf): appendEntries Timeout, request=02bf3283-c6bf-4588-a57c-baa459038378->4da055f9-cd9d-4c6f-9ab8-147a42717fcf#63-t3, previous=(t:3, i:18), leaderCommit=17, initializing? false, entries: <empty>
2019-08-29 08:34:31,988 [grpc-default-executor-4] WARN  server.GrpcLogAppender (LogUtils.java:warn(134)) - 129685ee-8122-4333-8930-3eeb8cf836af->fe546585-3c52-42ae-8754-1a35dad17d3f: Failed appendEntries: org.apache.ratis.thirdparty.io.grpc.StatusRuntimeException: UNAVAILABLE: io exception
2019-08-29 08:34:31,988 [grpc-default-executor-1] WARN  server.GrpcLogAppender (LogUtils.java:warn(134)) - 129685ee-8122-4333-8930-3eeb8cf836af->802c6c9d-4843-417e-8983-b6e40533cc1c: Failed appendEntries: org.apache.ratis.thirdparty.io.grpc.StatusRuntimeException: UNAVAILABLE: io exception
2019-08-29 08:34:31,988 [grpc-default-executor-4] INFO  impl.FollowerInfo (FollowerInfo.java:lambda$new$0(50)) - 129685ee-8122-4333-8930-3eeb8cf836af->fe546585-3c52-42ae-8754-1a35dad17d3f: nextIndex: updateUnconditionally 0 -> 0
2019-08-29 08:34:31,988 [grpc-default-executor-1] INFO  impl.FollowerInfo (FollowerInfo.java:lambda$new$0(50)) - 129685ee-8122-4333-8930-3eeb8cf836af->802c6c9d-4843-417e-8983-b6e40533cc1c: nextIndex: updateUnconditionally 0 -> 0
2019-08-29 08:34:32,134 [java.util.concurrent.ThreadPoolExecutor$Worker@1719057[State = -1, empty queue]] WARN  server.GrpcLogAppender (GrpcLogAppender.java:timeoutAppendRequest(200)) - GrpcLogAppender(bcbb4469-e902-4083-b3d9-1bab9ea4cd29->e7b9916e-4eca-4156-a086-839e4ffd13a0): appendEntries Timeout, request=bcbb4469-e902-4083-b3d9-1bab9ea4cd29->e7b9916e-4eca-4156-a086-839e4ffd13a0#117-t2, previous=(t:2, i:30), leaderCommit=29, initializing? false, entries: <empty>
2019-08-29 08:34:32,134 [java.util.concurrent.ThreadPoolExecutor$Worker@765ccaac[State = -1, empty queue]] WARN  server.GrpcLogAppender (GrpcLogAppender.java:timeoutAppendRequest(200)) - GrpcLogAppender(bcbb4469-e902-4083-b3d9-1bab9ea4cd29->99586f2f-9d87-40a3-9061-4566008201fd): appendEntries Timeout, request=bcbb4469-e902-4083-b3d9-1bab9ea4cd29->99586f2f-9d87-40a3-9061-4566008201fd#117-t2, previous=(t:2, i:30), leaderCommit=29, initializing? false, entries: <empty>
2019-08-29 08:34:32,275 | INFO  | SCMAudit | user=jenkins1000 | ip=192.168.69.89 | op=SEND_HEARTBEAT {datanodeUUID=129685ee-8122-4333-8930-3eeb8cf836af, command=[]} | ret=SUCCESS |  
2019-08-29 08:34:32,394 [java.util.concurrent.ThreadPoolExecutor$Worker@4232d1d8[State = -1, empty queue]] WARN  server.GrpcLogAppender (GrpcLogAppender.java:timeoutAppendRequest(200)) - GrpcLogAppender(02bf3283-c6bf-4588-a57c-baa459038378->4da055f9-cd9d-4c6f-9ab8-147a42717fcf): appendEntries Timeout, request=02bf3283-c6bf-4588-a57c-baa459038378->4da055f9-cd9d-4c6f-9ab8-147a42717fcf#64-t3, previous=(t:3, i:18), leaderCommit=17, initializing? false, entries: <empty>
2019-08-29 08:34:32,394 [java.util.concurrent.ThreadPoolExecutor$Worker@1d54cbf9[State = -1, empty queue]] WARN  server.GrpcLogAppender (GrpcLogAppender.java:timeoutAppendRequest(200)) - GrpcLogAppender(02bf3283-c6bf-4588-a57c-baa459038378->f0c18ce4-0e5b-4823-99c8-fd716531bc5f): appendEntries Timeout, request=02bf3283-c6bf-4588-a57c-baa459038378->f0c18ce4-0e5b-4823-99c8-fd716531bc5f#64-t3, previous=(t:3, i:18), leaderCommit=17, initializing? false, entries: <empty>
2019-08-29 08:34:32,396 | INFO  | SCMAudit | user=jenkins1000 | ip=192.168.69.89 | op=SEND_HEARTBEAT {datanodeUUID=7a9bfe55-9a1e-4d2f-9ebd-558835cfe40a, command=[]} | ret=SUCCESS |  
2019-08-29 08:34:32,489 [grpc-default-executor-1] WARN  server.GrpcLogAppender (LogUtils.java:warn(134)) - 129685ee-8122-4333-8930-3eeb8cf836af->802c6c9d-4843-417e-8983-b6e40533cc1c: Failed appendEntries: org.apache.ratis.thirdparty.io.grpc.StatusRuntimeException: UNAVAILABLE: io exception
2019-08-29 08:34:32,489 [grpc-default-executor-6] WARN  server.GrpcLogAppender (LogUtils.java:warn(134)) - 129685ee-8122-4333-8930-3eeb8cf836af->fe546585-3c52-42ae-8754-1a35dad17d3f: Failed appendEntries: org.apache.ratis.thirdparty.io.grpc.StatusRuntimeException: UNAVAILABLE: io exception
2019-08-29 08:34:32,489 [grpc-default-executor-1] INFO  impl.FollowerInfo (FollowerInfo.java:lambda$new$0(50)) - 129685ee-8122-4333-8930-3eeb8cf836af->802c6c9d-4843-417e-8983-b6e40533cc1c: nextIndex: updateUnconditionally 0 -> 0
2019-08-29 08:34:32,489 [grpc-default-executor-6] INFO  impl.FollowerInfo (FollowerInfo.java:lambda$new$0(50)) - 129685ee-8122-4333-8930-3eeb8cf836af->fe546585-3c52-42ae-8754-1a35dad17d3f: nextIndex: updateUnconditionally 0 -> 0
2019-08-29 08:34:32,512 | INFO  | SCMAudit | user=jenkins1000 | ip=192.168.69.89 | op=SEND_HEARTBEAT {datanodeUUID=02bf3283-c6bf-4588-a57c-baa459038378, command=[]} | ret=SUCCESS |  
2019-08-29 08:34:32,512 | INFO  | SCMAudit | user=jenkins1000 | ip=192.168.69.89 | op=SEND_HEARTBEAT {datanodeUUID=f0c18ce4-0e5b-4823-99c8-fd716531bc5f, command=[]} | ret=SUCCESS |  
2019-08-29 08:34:32,512 | INFO  | SCMAudit | user=jenkins1000 | ip=192.168.69.89 | op=SEND_HEARTBEAT {datanodeUUID=4da055f9-cd9d-4c6f-9ab8-147a42717fcf, command=[]} | ret=SUCCESS |  
2019-08-29 08:34:32,635 [java.util.concurrent.ThreadPoolExecutor$Worker@1719057[State = -1, empty queue]] WARN  server.GrpcLogAppender (GrpcLogAppender.java:timeoutAppendRequest(200)) - GrpcLogAppender(bcbb4469-e902-4083-b3d9-1bab9ea4cd29->e7b9916e-4eca-4156-a086-839e4ffd13a0): appendEntries Timeout, request=bcbb4469-e902-4083-b3d9-1bab9ea4cd29->e7b9916e-4eca-4156-a086-839e4ffd13a0#118-t2, previous=(t:2, i:30), leaderCommit=29, initializing? false, entries: <empty>
2019-08-29 08:34:32,635 [java.util.concurrent.ThreadPoolExecutor$Worker@765ccaac[State = -1, empty queue]] WARN  server.GrpcLogAppender (GrpcLogAppender.java:timeoutAppendRequest(200)) - GrpcLogAppender(bcbb4469-e902-4083-b3d9-1bab9ea4cd29->99586f2f-9d87-40a3-9061-4566008201fd): appendEntries Timeout, request=bcbb4469-e902-4083-b3d9-1bab9ea4cd29->99586f2f-9d87-40a3-9061-4566008201fd#118-t2, previous=(t:2, i:30), leaderCommit=29, initializing? false, entries: <empty>
2019-08-29 08:34:32,677 | INFO  | SCMAudit | user=jenkins1000 | ip=192.168.69.89 | op=SEND_HEARTBEAT {datanodeUUID=e7b9916e-4eca-4156-a086-839e4ffd13a0, command=[]} | ret=SUCCESS |  
2019-08-29 08:34:32,678 | INFO  | SCMAudit | user=jenkins1000 | ip=192.168.69.89 | op=SEND_HEARTBEAT {datanodeUUID=99586f2f-9d87-40a3-9061-4566008201fd, command=[]} | ret=SUCCESS |  
2019-08-29 08:34:32,678 | INFO  | SCMAudit | user=jenkins1000 | ip=192.168.69.89 | op=SEND_HEARTBEAT {datanodeUUID=bcbb4469-e902-4083-b3d9-1bab9ea4cd29, command=[]} | ret=SUCCESS |  
2019-08-29 08:34:32,882 [129685ee-8122-4333-8930-3eeb8cf836af:group-4F259F9E67CD:LeaderElection36] INFO  impl.LeaderElection (LeaderElection.java:askForVotes(181)) - 129685ee-8122-4333-8930-3eeb8cf836af:group-4F259F9E67CD:LeaderElection36: begin an election at term 11 for 0: [802c6c9d-4843-417e-8983-b6e40533cc1c:192.168.69.89:37103, 129685ee-8122-4333-8930-3eeb8cf836af:192.168.69.89:45580, fe546585-3c52-42ae-8754-1a35dad17d3f:192.168.69.89:45996], old=null
2019-08-29 08:34:32,886 [129685ee-8122-4333-8930-3eeb8cf836af:group-4F259F9E67CD:LeaderElection36] INFO  impl.LeaderElection (LogUtils.java:infoOrTrace(149)) - 129685ee-8122-4333-8930-3eeb8cf836af:group-4F259F9E67CD:LeaderElection36 got exception when requesting votes: {}
java.util.concurrent.ExecutionException: org.apache.ratis.thirdparty.io.grpc.StatusRuntimeException: UNAVAILABLE: io exception
	at java.util.concurrent.FutureTask.report(FutureTask.java:122)
	at java.util.concurrent.FutureTask.get(FutureTask.java:192)
	at org.apache.ratis.server.impl.LeaderElection.waitForResults(LeaderElection.java:262)
	at org.apache.ratis.server.impl.LeaderElection.askForVotes(LeaderElection.java:200)
	at org.apache.ratis.server.impl.LeaderElection.run(LeaderElection.java:130)
	at java.lang.Thread.run(Thread.java:748)
Caused by: org.apache.ratis.thirdparty.io.grpc.StatusRuntimeException: UNAVAILABLE: io exception
	at org.apache.ratis.thirdparty.io.grpc.stub.ClientCalls.toStatusRuntimeException(ClientCalls.java:233)
	at org.apache.ratis.thirdparty.io.grpc.stub.ClientCalls.getUnchecked(ClientCalls.java:214)
	at org.apache.ratis.thirdparty.io.grpc.stub.ClientCalls.blockingUnaryCall(ClientCalls.java:139)
	at org.apache.ratis.proto.grpc.RaftServerProtocolServiceGrpc$RaftServerProtocolServiceBlockingStub.requestVote(RaftServerProtocolServiceGrpc.java:265)
	at org.apache.ratis.grpc.server.GrpcServerProtocolClient.requestVote(GrpcServerProtocolClient.java:83)
	at org.apache.ratis.grpc.server.GrpcService.requestVote(GrpcService.java:195)
	at org.apache.ratis.server.impl.LeaderElection.lambda$submitRequests$1(LeaderElection.java:237)
	at java.util.concurrent.FutureTask.run(FutureTask.java:266)
	at java.util.concurrent.Executors$RunnableAdapter.call(Executors.java:511)
	at java.util.concurrent.FutureTask.run(FutureTask.java:266)
	at java.util.concurrent.ThreadPoolExecutor.runWorker(ThreadPoolExecutor.java:1149)
	at java.util.concurrent.ThreadPoolExecutor$Worker.run(ThreadPoolExecutor.java:624)
	... 1 more
Caused by: org.apache.ratis.thirdparty.io.netty.channel.AbstractChannel$AnnotatedConnectException: Connection refused: /192.168.69.89:37103
	at sun.nio.ch.SocketChannelImpl.checkConnect(Native Method)
	at sun.nio.ch.SocketChannelImpl.finishConnect(SocketChannelImpl.java:717)
	at org.apache.ratis.thirdparty.io.netty.channel.socket.nio.NioSocketChannel.doFinishConnect(NioSocketChannel.java:327)
	at org.apache.ratis.thirdparty.io.netty.channel.nio.AbstractNioChannel$AbstractNioUnsafe.finishConnect(AbstractNioChannel.java:340)
	at org.apache.ratis.thirdparty.io.netty.channel.nio.NioEventLoop.processSelectedKey(NioEventLoop.java:632)
	at org.apache.ratis.thirdparty.io.netty.channel.nio.NioEventLoop.processSelectedKeysOptimized(NioEventLoop.java:579)
	at org.apache.ratis.thirdparty.io.netty.channel.nio.NioEventLoop.processSelectedKeys(NioEventLoop.java:496)
	at org.apache.ratis.thirdparty.io.netty.channel.nio.NioEventLoop.run(NioEventLoop.java:458)
	at org.apache.ratis.thirdparty.io.netty.util.concurrent.SingleThreadEventExecutor$5.run(SingleThreadEventExecutor.java:897)
	at org.apache.ratis.thirdparty.io.netty.util.concurrent.FastThreadLocalRunnable.run(FastThreadLocalRunnable.java:30)
	... 1 more
Caused by: java.net.ConnectException: Connection refused
	... 11 more
2019-08-29 08:34:32,891 [129685ee-8122-4333-8930-3eeb8cf836af:group-4F259F9E67CD:LeaderElection36] INFO  impl.LeaderElection (LogUtils.java:infoOrTrace(149)) - 129685ee-8122-4333-8930-3eeb8cf836af:group-4F259F9E67CD:LeaderElection36 got exception when requesting votes: {}
java.util.concurrent.ExecutionException: org.apache.ratis.thirdparty.io.grpc.StatusRuntimeException: UNAVAILABLE: io exception
	at java.util.concurrent.FutureTask.report(FutureTask.java:122)
	at java.util.concurrent.FutureTask.get(FutureTask.java:192)
	at org.apache.ratis.server.impl.LeaderElection.waitForResults(LeaderElection.java:262)
	at org.apache.ratis.server.impl.LeaderElection.askForVotes(LeaderElection.java:200)
	at org.apache.ratis.server.impl.LeaderElection.run(LeaderElection.java:130)
	at java.lang.Thread.run(Thread.java:748)
Caused by: org.apache.ratis.thirdparty.io.grpc.StatusRuntimeException: UNAVAILABLE: io exception
	at org.apache.ratis.thirdparty.io.grpc.stub.ClientCalls.toStatusRuntimeException(ClientCalls.java:233)
	at org.apache.ratis.thirdparty.io.grpc.stub.ClientCalls.getUnchecked(ClientCalls.java:214)
	at org.apache.ratis.thirdparty.io.grpc.stub.ClientCalls.blockingUnaryCall(ClientCalls.java:139)
	at org.apache.ratis.proto.grpc.RaftServerProtocolServiceGrpc$RaftServerProtocolServiceBlockingStub.requestVote(RaftServerProtocolServiceGrpc.java:265)
	at org.apache.ratis.grpc.server.GrpcServerProtocolClient.requestVote(GrpcServerProtocolClient.java:83)
	at org.apache.ratis.grpc.server.GrpcService.requestVote(GrpcService.java:195)
	at org.apache.ratis.server.impl.LeaderElection.lambda$submitRequests$1(LeaderElection.java:237)
	at java.util.concurrent.FutureTask.run(FutureTask.java:266)
	at java.util.concurrent.Executors$RunnableAdapter.call(Executors.java:511)
	at java.util.concurrent.FutureTask.run(FutureTask.java:266)
	at java.util.concurrent.ThreadPoolExecutor.runWorker(ThreadPoolExecutor.java:1149)
	at java.util.concurrent.ThreadPoolExecutor$Worker.run(ThreadPoolExecutor.java:624)
	... 1 more
Caused by: org.apache.ratis.thirdparty.io.netty.channel.AbstractChannel$AnnotatedConnectException: Connection refused: /192.168.69.89:45996
	at sun.nio.ch.SocketChannelImpl.checkConnect(Native Method)
	at sun.nio.ch.SocketChannelImpl.finishConnect(SocketChannelImpl.java:717)
	at org.apache.ratis.thirdparty.io.netty.channel.socket.nio.NioSocketChannel.doFinishConnect(NioSocketChannel.java:327)
	at org.apache.ratis.thirdparty.io.netty.channel.nio.AbstractNioChannel$AbstractNioUnsafe.finishConnect(AbstractNioChannel.java:340)
	at org.apache.ratis.thirdparty.io.netty.channel.nio.NioEventLoop.processSelectedKey(NioEventLoop.java:632)
	at org.apache.ratis.thirdparty.io.netty.channel.nio.NioEventLoop.processSelectedKeysOptimized(NioEventLoop.java:579)
	at org.apache.ratis.thirdparty.io.netty.channel.nio.NioEventLoop.processSelectedKeys(NioEventLoop.java:496)
	at org.apache.ratis.thirdparty.io.netty.channel.nio.NioEventLoop.run(NioEventLoop.java:458)
	at org.apache.ratis.thirdparty.io.netty.util.concurrent.SingleThreadEventExecutor$5.run(SingleThreadEventExecutor.java:897)
	at org.apache.ratis.thirdparty.io.netty.util.concurrent.FastThreadLocalRunnable.run(FastThreadLocalRunnable.java:30)
	... 1 more
Caused by: java.net.ConnectException: Connection refused
	... 11 more
2019-08-29 08:34:32,894 [java.util.concurrent.ThreadPoolExecutor$Worker@1d54cbf9[State = -1, empty queue]] WARN  server.GrpcLogAppender (GrpcLogAppender.java:timeoutAppendRequest(200)) - GrpcLogAppender(02bf3283-c6bf-4588-a57c-baa459038378->f0c18ce4-0e5b-4823-99c8-fd716531bc5f): appendEntries Timeout, request=02bf3283-c6bf-4588-a57c-baa459038378->f0c18ce4-0e5b-4823-99c8-fd716531bc5f#65-t3, previous=(t:3, i:18), leaderCommit=17, initializing? false, entries: <empty>
2019-08-29 08:34:32,894 [java.util.concurrent.ThreadPoolExecutor$Worker@4232d1d8[State = -1, empty queue]] WARN  server.GrpcLogAppender (GrpcLogAppender.java:timeoutAppendRequest(200)) - GrpcLogAppender(02bf3283-c6bf-4588-a57c-baa459038378->4da055f9-cd9d-4c6f-9ab8-147a42717fcf): appendEntries Timeout, request=02bf3283-c6bf-4588-a57c-baa459038378->4da055f9-cd9d-4c6f-9ab8-147a42717fcf#65-t3, previous=(t:3, i:18), leaderCommit=17, initializing? false, entries: <empty>
2019-08-29 08:34:32,894 [129685ee-8122-4333-8930-3eeb8cf836af:group-4F259F9E67CD:LeaderElection36] INFO  impl.LeaderElection (LeaderElection.java:logAndReturn(56)) - 129685ee-8122-4333-8930-3eeb8cf836af:group-4F259F9E67CD:LeaderElection36: Election REJECTED; received 0 response(s) [] and 2 exception(s); 129685ee-8122-4333-8930-3eeb8cf836af:t11, leader=null, voted=129685ee-8122-4333-8930-3eeb8cf836af, raftlog=129685ee-8122-4333-8930-3eeb8cf836af-SegmentedRaftLog:OPENED:c16,f16,i16, conf=0: [802c6c9d-4843-417e-8983-b6e40533cc1c:192.168.69.89:37103, 129685ee-8122-4333-8930-3eeb8cf836af:192.168.69.89:45580, fe546585-3c52-42ae-8754-1a35dad17d3f:192.168.69.89:45996], old=null
2019-08-29 08:34:32,895 [129685ee-8122-4333-8930-3eeb8cf836af:group-4F259F9E67CD:LeaderElection36] INFO  impl.LeaderElection (LogUtils.java:infoOrTrace(149)) -   Exception 0: {}
java.util.concurrent.ExecutionException: org.apache.ratis.thirdparty.io.grpc.StatusRuntimeException: UNAVAILABLE: io exception
	at java.util.concurrent.FutureTask.report(FutureTask.java:122)
	at java.util.concurrent.FutureTask.get(FutureTask.java:192)
	at org.apache.ratis.server.impl.LeaderElection.waitForResults(LeaderElection.java:262)
	at org.apache.ratis.server.impl.LeaderElection.askForVotes(LeaderElection.java:200)
	at org.apache.ratis.server.impl.LeaderElection.run(LeaderElection.java:130)
	at java.lang.Thread.run(Thread.java:748)
Caused by: org.apache.ratis.thirdparty.io.grpc.StatusRuntimeException: UNAVAILABLE: io exception
	at org.apache.ratis.thirdparty.io.grpc.stub.ClientCalls.toStatusRuntimeException(ClientCalls.java:233)
	at org.apache.ratis.thirdparty.io.grpc.stub.ClientCalls.getUnchecked(ClientCalls.java:214)
	at org.apache.ratis.thirdparty.io.grpc.stub.ClientCalls.blockingUnaryCall(ClientCalls.java:139)
	at org.apache.ratis.proto.grpc.RaftServerProtocolServiceGrpc$RaftServerProtocolServiceBlockingStub.requestVote(RaftServerProtocolServiceGrpc.java:265)
	at org.apache.ratis.grpc.server.GrpcServerProtocolClient.requestVote(GrpcServerProtocolClient.java:83)
	at org.apache.ratis.grpc.server.GrpcService.requestVote(GrpcService.java:195)
	at org.apache.ratis.server.impl.LeaderElection.lambda$submitRequests$1(LeaderElection.java:237)
	at java.util.concurrent.FutureTask.run(FutureTask.java:266)
	at java.util.concurrent.Executors$RunnableAdapter.call(Executors.java:511)
	at java.util.concurrent.FutureTask.run(FutureTask.java:266)
	at java.util.concurrent.ThreadPoolExecutor.runWorker(ThreadPoolExecutor.java:1149)
	at java.util.concurrent.ThreadPoolExecutor$Worker.run(ThreadPoolExecutor.java:624)
	... 1 more
Caused by: org.apache.ratis.thirdparty.io.netty.channel.AbstractChannel$AnnotatedConnectException: Connection refused: /192.168.69.89:37103
	at sun.nio.ch.SocketChannelImpl.checkConnect(Native Method)
	at sun.nio.ch.SocketChannelImpl.finishConnect(SocketChannelImpl.java:717)
	at org.apache.ratis.thirdparty.io.netty.channel.socket.nio.NioSocketChannel.doFinishConnect(NioSocketChannel.java:327)
	at org.apache.ratis.thirdparty.io.netty.channel.nio.AbstractNioChannel$AbstractNioUnsafe.finishConnect(AbstractNioChannel.java:340)
	at org.apache.ratis.thirdparty.io.netty.channel.nio.NioEventLoop.processSelectedKey(NioEventLoop.java:632)
	at org.apache.ratis.thirdparty.io.netty.channel.nio.NioEventLoop.processSelectedKeysOptimized(NioEventLoop.java:579)
	at org.apache.ratis.thirdparty.io.netty.channel.nio.NioEventLoop.processSelectedKeys(NioEventLoop.java:496)
	at org.apache.ratis.thirdparty.io.netty.channel.nio.NioEventLoop.run(NioEventLoop.java:458)
	at org.apache.ratis.thirdparty.io.netty.util.concurrent.SingleThreadEventExecutor$5.run(SingleThreadEventExecutor.java:897)
	at org.apache.ratis.thirdparty.io.netty.util.concurrent.FastThreadLocalRunnable.run(FastThreadLocalRunnable.java:30)
	... 1 more
Caused by: java.net.ConnectException: Connection refused
	... 11 more
2019-08-29 08:34:32,895 [129685ee-8122-4333-8930-3eeb8cf836af:group-4F259F9E67CD:LeaderElection36] INFO  impl.LeaderElection (LogUtils.java:infoOrTrace(149)) -   Exception 1: {}
java.util.concurrent.ExecutionException: org.apache.ratis.thirdparty.io.grpc.StatusRuntimeException: UNAVAILABLE: io exception
	at java.util.concurrent.FutureTask.report(FutureTask.java:122)
	at java.util.concurrent.FutureTask.get(FutureTask.java:192)
	at org.apache.ratis.server.impl.LeaderElection.waitForResults(LeaderElection.java:262)
	at org.apache.ratis.server.impl.LeaderElection.askForVotes(LeaderElection.java:200)
	at org.apache.ratis.server.impl.LeaderElection.run(LeaderElection.java:130)
	at java.lang.Thread.run(Thread.java:748)
Caused by: org.apache.ratis.thirdparty.io.grpc.StatusRuntimeException: UNAVAILABLE: io exception
	at org.apache.ratis.thirdparty.io.grpc.stub.ClientCalls.toStatusRuntimeException(ClientCalls.java:233)
	at org.apache.ratis.thirdparty.io.grpc.stub.ClientCalls.getUnchecked(ClientCalls.java:214)
	at org.apache.ratis.thirdparty.io.grpc.stub.ClientCalls.blockingUnaryCall(ClientCalls.java:139)
	at org.apache.ratis.proto.grpc.RaftServerProtocolServiceGrpc$RaftServerProtocolServiceBlockingStub.requestVote(RaftServerProtocolServiceGrpc.java:265)
	at org.apache.ratis.grpc.server.GrpcServerProtocolClient.requestVote(GrpcServerProtocolClient.java:83)
	at org.apache.ratis.grpc.server.GrpcService.requestVote(GrpcService.java:195)
	at org.apache.ratis.server.impl.LeaderElection.lambda$submitRequests$1(LeaderElection.java:237)
	at java.util.concurrent.FutureTask.run(FutureTask.java:266)
	at java.util.concurrent.Executors$RunnableAdapter.call(Executors.java:511)
	at java.util.concurrent.FutureTask.run(FutureTask.java:266)
	at java.util.concurrent.ThreadPoolExecutor.runWorker(ThreadPoolExecutor.java:1149)
	at java.util.concurrent.ThreadPoolExecutor$Worker.run(ThreadPoolExecutor.java:624)
	... 1 more
Caused by: org.apache.ratis.thirdparty.io.netty.channel.AbstractChannel$AnnotatedConnectException: Connection refused: /192.168.69.89:45996
	at sun.nio.ch.SocketChannelImpl.checkConnect(Native Method)
	at sun.nio.ch.SocketChannelImpl.finishConnect(SocketChannelImpl.java:717)
	at org.apache.ratis.thirdparty.io.netty.channel.socket.nio.NioSocketChannel.doFinishConnect(NioSocketChannel.java:327)
	at org.apache.ratis.thirdparty.io.netty.channel.nio.AbstractNioChannel$AbstractNioUnsafe.finishConnect(AbstractNioChannel.java:340)
	at org.apache.ratis.thirdparty.io.netty.channel.nio.NioEventLoop.processSelectedKey(NioEventLoop.java:632)
	at org.apache.ratis.thirdparty.io.netty.channel.nio.NioEventLoop.processSelectedKeysOptimized(NioEventLoop.java:579)
	at org.apache.ratis.thirdparty.io.netty.channel.nio.NioEventLoop.processSelectedKeys(NioEventLoop.java:496)
	at org.apache.ratis.thirdparty.io.netty.channel.nio.NioEventLoop.run(NioEventLoop.java:458)
	at org.apache.ratis.thirdparty.io.netty.util.concurrent.SingleThreadEventExecutor$5.run(SingleThreadEventExecutor.java:897)
	at org.apache.ratis.thirdparty.io.netty.util.concurrent.FastThreadLocalRunnable.run(FastThreadLocalRunnable.java:30)
	... 1 more
Caused by: java.net.ConnectException: Connection refused
	... 11 more
2019-08-29 08:34:32,896 [129685ee-8122-4333-8930-3eeb8cf836af:group-4F259F9E67CD:LeaderElection36] INFO  impl.RaftServerImpl (RaftServerImpl.java:setRole(171)) - 129685ee-8122-4333-8930-3eeb8cf836af:group-4F259F9E67CD changes role from CANDIDATE to FOLLOWER at term 11 for DISCOVERED_A_NEW_TERM
2019-08-29 08:34:32,896 [129685ee-8122-4333-8930-3eeb8cf836af:group-4F259F9E67CD:LeaderElection36] INFO  impl.RoleInfo (RoleInfo.java:shutdownLeaderElection(134)) - 129685ee-8122-4333-8930-3eeb8cf836af: shutdown LeaderElection
2019-08-29 08:34:32,896 [129685ee-8122-4333-8930-3eeb8cf836af:group-4F259F9E67CD:LeaderElection36] INFO  impl.RoleInfo (RoleInfo.java:updateAndGet(143)) - 129685ee-8122-4333-8930-3eeb8cf836af: start FollowerState
2019-08-29 08:34:32,987 [grpc-default-executor-6] WARN  server.GrpcLogAppender (LogUtils.java:warn(134)) - 129685ee-8122-4333-8930-3eeb8cf836af->802c6c9d-4843-417e-8983-b6e40533cc1c: Failed appendEntries: org.apache.ratis.thirdparty.io.grpc.StatusRuntimeException: UNAVAILABLE: io exception
2019-08-29 08:34:32,987 [grpc-default-executor-1] WARN  server.GrpcLogAppender (LogUtils.java:warn(134)) - 129685ee-8122-4333-8930-3eeb8cf836af->fe546585-3c52-42ae-8754-1a35dad17d3f: Failed appendEntries: org.apache.ratis.thirdparty.io.grpc.StatusRuntimeException: UNAVAILABLE: io exception
2019-08-29 08:34:32,988 [grpc-default-executor-6] INFO  impl.FollowerInfo (FollowerInfo.java:lambda$new$0(50)) - 129685ee-8122-4333-8930-3eeb8cf836af->802c6c9d-4843-417e-8983-b6e40533cc1c: nextIndex: updateUnconditionally 0 -> 0
2019-08-29 08:34:32,988 [grpc-default-executor-1] INFO  impl.FollowerInfo (FollowerInfo.java:lambda$new$0(50)) - 129685ee-8122-4333-8930-3eeb8cf836af->fe546585-3c52-42ae-8754-1a35dad17d3f: nextIndex: updateUnconditionally 0 -> 0
2019-08-29 08:34:33,135 [java.util.concurrent.ThreadPoolExecutor$Worker@1719057[State = -1, empty queue]] WARN  server.GrpcLogAppender (GrpcLogAppender.java:timeoutAppendRequest(200)) - GrpcLogAppender(bcbb4469-e902-4083-b3d9-1bab9ea4cd29->e7b9916e-4eca-4156-a086-839e4ffd13a0): appendEntries Timeout, request=bcbb4469-e902-4083-b3d9-1bab9ea4cd29->e7b9916e-4eca-4156-a086-839e4ffd13a0#119-t2, previous=(t:2, i:30), leaderCommit=29, initializing? false, entries: <empty>
2019-08-29 08:34:33,135 [java.util.concurrent.ThreadPoolExecutor$Worker@765ccaac[State = -1, empty queue]] WARN  server.GrpcLogAppender (GrpcLogAppender.java:timeoutAppendRequest(200)) - GrpcLogAppender(bcbb4469-e902-4083-b3d9-1bab9ea4cd29->99586f2f-9d87-40a3-9061-4566008201fd): appendEntries Timeout, request=bcbb4469-e902-4083-b3d9-1bab9ea4cd29->99586f2f-9d87-40a3-9061-4566008201fd#119-t2, previous=(t:2, i:30), leaderCommit=29, initializing? false, entries: <empty>
2019-08-29 08:34:33,277 | INFO  | SCMAudit | user=jenkins1000 | ip=192.168.69.89 | op=SEND_HEARTBEAT {datanodeUUID=129685ee-8122-4333-8930-3eeb8cf836af, command=[]} | ret=SUCCESS |  
2019-08-29 08:34:33,395 [java.util.concurrent.ThreadPoolExecutor$Worker@4232d1d8[State = -1, empty queue]] WARN  server.GrpcLogAppender (GrpcLogAppender.java:timeoutAppendRequest(200)) - GrpcLogAppender(02bf3283-c6bf-4588-a57c-baa459038378->4da055f9-cd9d-4c6f-9ab8-147a42717fcf): appendEntries Timeout, request=02bf3283-c6bf-4588-a57c-baa459038378->4da055f9-cd9d-4c6f-9ab8-147a42717fcf#66-t3, previous=(t:3, i:18), leaderCommit=17, initializing? false, entries: <empty>
2019-08-29 08:34:33,395 [java.util.concurrent.ThreadPoolExecutor$Worker@1d54cbf9[State = -1, empty queue]] WARN  server.GrpcLogAppender (GrpcLogAppender.java:timeoutAppendRequest(200)) - GrpcLogAppender(02bf3283-c6bf-4588-a57c-baa459038378->f0c18ce4-0e5b-4823-99c8-fd716531bc5f): appendEntries Timeout, request=02bf3283-c6bf-4588-a57c-baa459038378->f0c18ce4-0e5b-4823-99c8-fd716531bc5f#66-t3, previous=(t:3, i:18), leaderCommit=17, initializing? false, entries: <empty>
2019-08-29 08:34:33,396 | INFO  | SCMAudit | user=jenkins1000 | ip=192.168.69.89 | op=SEND_HEARTBEAT {datanodeUUID=7a9bfe55-9a1e-4d2f-9ebd-558835cfe40a, command=[]} | ret=SUCCESS |  
2019-08-29 08:34:33,490 [grpc-default-executor-0] WARN  server.GrpcLogAppender (LogUtils.java:warn(134)) - 129685ee-8122-4333-8930-3eeb8cf836af->fe546585-3c52-42ae-8754-1a35dad17d3f: Failed appendEntries: org.apache.ratis.thirdparty.io.grpc.StatusRuntimeException: UNAVAILABLE: io exception
2019-08-29 08:34:33,490 [grpc-default-executor-4] WARN  server.GrpcLogAppender (LogUtils.java:warn(134)) - 129685ee-8122-4333-8930-3eeb8cf836af->802c6c9d-4843-417e-8983-b6e40533cc1c: Failed appendEntries: org.apache.ratis.thirdparty.io.grpc.StatusRuntimeException: UNAVAILABLE: io exception
2019-08-29 08:34:33,490 [grpc-default-executor-0] INFO  impl.FollowerInfo (FollowerInfo.java:lambda$new$0(50)) - 129685ee-8122-4333-8930-3eeb8cf836af->fe546585-3c52-42ae-8754-1a35dad17d3f: nextIndex: updateUnconditionally 0 -> 0
2019-08-29 08:34:33,491 [grpc-default-executor-4] INFO  impl.FollowerInfo (FollowerInfo.java:lambda$new$0(50)) - 129685ee-8122-4333-8930-3eeb8cf836af->802c6c9d-4843-417e-8983-b6e40533cc1c: nextIndex: updateUnconditionally 0 -> 0
2019-08-29 08:34:33,512 | INFO  | SCMAudit | user=jenkins1000 | ip=192.168.69.89 | op=SEND_HEARTBEAT {datanodeUUID=02bf3283-c6bf-4588-a57c-baa459038378, command=[]} | ret=SUCCESS |  
2019-08-29 08:34:33,513 | INFO  | SCMAudit | user=jenkins1000 | ip=192.168.69.89 | op=SEND_HEARTBEAT {datanodeUUID=4da055f9-cd9d-4c6f-9ab8-147a42717fcf, command=[]} | ret=SUCCESS |  
2019-08-29 08:34:33,513 | INFO  | SCMAudit | user=jenkins1000 | ip=192.168.69.89 | op=SEND_HEARTBEAT {datanodeUUID=f0c18ce4-0e5b-4823-99c8-fd716531bc5f, command=[]} | ret=SUCCESS |  
2019-08-29 08:34:33,635 [java.util.concurrent.ThreadPoolExecutor$Worker@1719057[State = -1, empty queue]] WARN  server.GrpcLogAppender (GrpcLogAppender.java:timeoutAppendRequest(200)) - GrpcLogAppender(bcbb4469-e902-4083-b3d9-1bab9ea4cd29->e7b9916e-4eca-4156-a086-839e4ffd13a0): appendEntries Timeout, request=bcbb4469-e902-4083-b3d9-1bab9ea4cd29->e7b9916e-4eca-4156-a086-839e4ffd13a0#120-t2, previous=(t:2, i:30), leaderCommit=29, initializing? false, entries: <empty>
2019-08-29 08:34:33,635 [java.util.concurrent.ThreadPoolExecutor$Worker@765ccaac[State = -1, empty queue]] WARN  server.GrpcLogAppender (GrpcLogAppender.java:timeoutAppendRequest(200)) - GrpcLogAppender(bcbb4469-e902-4083-b3d9-1bab9ea4cd29->99586f2f-9d87-40a3-9061-4566008201fd): appendEntries Timeout, request=bcbb4469-e902-4083-b3d9-1bab9ea4cd29->99586f2f-9d87-40a3-9061-4566008201fd#120-t2, previous=(t:2, i:30), leaderCommit=29, initializing? false, entries: <empty>
2019-08-29 08:34:33,677 | INFO  | SCMAudit | user=jenkins1000 | ip=192.168.69.89 | op=SEND_HEARTBEAT {datanodeUUID=e7b9916e-4eca-4156-a086-839e4ffd13a0, command=[]} | ret=SUCCESS |  
2019-08-29 08:34:33,678 | INFO  | SCMAudit | user=jenkins1000 | ip=192.168.69.89 | op=SEND_HEARTBEAT {datanodeUUID=bcbb4469-e902-4083-b3d9-1bab9ea4cd29, command=[]} | ret=SUCCESS |  
2019-08-29 08:34:33,678 | INFO  | SCMAudit | user=jenkins1000 | ip=192.168.69.89 | op=SEND_HEARTBEAT {datanodeUUID=99586f2f-9d87-40a3-9061-4566008201fd, command=[]} | ret=SUCCESS |  
2019-08-29 08:34:33,895 [java.util.concurrent.ThreadPoolExecutor$Worker@1d54cbf9[State = -1, empty queue]] WARN  server.GrpcLogAppender (GrpcLogAppender.java:timeoutAppendRequest(200)) - GrpcLogAppender(02bf3283-c6bf-4588-a57c-baa459038378->f0c18ce4-0e5b-4823-99c8-fd716531bc5f): appendEntries Timeout, request=02bf3283-c6bf-4588-a57c-baa459038378->f0c18ce4-0e5b-4823-99c8-fd716531bc5f#67-t3, previous=(t:3, i:18), leaderCommit=17, initializing? false, entries: <empty>
2019-08-29 08:34:33,895 [java.util.concurrent.ThreadPoolExecutor$Worker@4232d1d8[State = -1, empty queue]] WARN  server.GrpcLogAppender (GrpcLogAppender.java:timeoutAppendRequest(200)) - GrpcLogAppender(02bf3283-c6bf-4588-a57c-baa459038378->4da055f9-cd9d-4c6f-9ab8-147a42717fcf): appendEntries Timeout, request=02bf3283-c6bf-4588-a57c-baa459038378->4da055f9-cd9d-4c6f-9ab8-147a42717fcf#67-t3, previous=(t:3, i:18), leaderCommit=17, initializing? false, entries: <empty>
2019-08-29 08:34:33,990 [grpc-default-executor-4] WARN  server.GrpcLogAppender (LogUtils.java:warn(134)) - 129685ee-8122-4333-8930-3eeb8cf836af->802c6c9d-4843-417e-8983-b6e40533cc1c: Failed appendEntries: org.apache.ratis.thirdparty.io.grpc.StatusRuntimeException: UNAVAILABLE: io exception
2019-08-29 08:34:33,990 [grpc-default-executor-1] WARN  server.GrpcLogAppender (LogUtils.java:warn(134)) - 129685ee-8122-4333-8930-3eeb8cf836af->fe546585-3c52-42ae-8754-1a35dad17d3f: Failed appendEntries: org.apache.ratis.thirdparty.io.grpc.StatusRuntimeException: UNAVAILABLE: io exception
2019-08-29 08:34:33,991 [grpc-default-executor-4] INFO  impl.FollowerInfo (FollowerInfo.java:lambda$new$0(50)) - 129685ee-8122-4333-8930-3eeb8cf836af->802c6c9d-4843-417e-8983-b6e40533cc1c: nextIndex: updateUnconditionally 0 -> 0
2019-08-29 08:34:33,991 [grpc-default-executor-1] INFO  impl.FollowerInfo (FollowerInfo.java:lambda$new$0(50)) - 129685ee-8122-4333-8930-3eeb8cf836af->fe546585-3c52-42ae-8754-1a35dad17d3f: nextIndex: updateUnconditionally 0 -> 0
2019-08-29 08:34:34,055 [Thread-1296] INFO  impl.FollowerState (FollowerState.java:run(106)) - 129685ee-8122-4333-8930-3eeb8cf836af:group-4F259F9E67CD changes to CANDIDATE, lastRpcTime:1158, electionTimeout:1158ms
2019-08-29 08:34:34,055 [Thread-1296] INFO  impl.RoleInfo (RoleInfo.java:shutdownFollowerState(121)) - 129685ee-8122-4333-8930-3eeb8cf836af: shutdown FollowerState
2019-08-29 08:34:34,055 [Thread-1296] INFO  impl.RaftServerImpl (RaftServerImpl.java:setRole(171)) - 129685ee-8122-4333-8930-3eeb8cf836af:group-4F259F9E67CD changes role from FOLLOWER to CANDIDATE at term 11 for changeToCandidate
2019-08-29 08:34:34,056 [Thread-1296] INFO  impl.RoleInfo (RoleInfo.java:updateAndGet(143)) - 129685ee-8122-4333-8930-3eeb8cf836af: start LeaderElection
2019-08-29 08:34:34,136 [java.util.concurrent.ThreadPoolExecutor$Worker@765ccaac[State = -1, empty queue]] WARN  server.GrpcLogAppender (GrpcLogAppender.java:timeoutAppendRequest(200)) - GrpcLogAppender(bcbb4469-e902-4083-b3d9-1bab9ea4cd29->99586f2f-9d87-40a3-9061-4566008201fd): appendEntries Timeout, request=bcbb4469-e902-4083-b3d9-1bab9ea4cd29->99586f2f-9d87-40a3-9061-4566008201fd#121-t2, previous=(t:2, i:30), leaderCommit=29, initializing? false, entries: <empty>
2019-08-29 08:34:34,136 [java.util.concurrent.ThreadPoolExecutor$Worker@1719057[State = -1, empty queue]] WARN  server.GrpcLogAppender (GrpcLogAppender.java:timeoutAppendRequest(200)) - GrpcLogAppender(bcbb4469-e902-4083-b3d9-1bab9ea4cd29->e7b9916e-4eca-4156-a086-839e4ffd13a0): appendEntries Timeout, request=bcbb4469-e902-4083-b3d9-1bab9ea4cd29->e7b9916e-4eca-4156-a086-839e4ffd13a0#121-t2, previous=(t:2, i:30), leaderCommit=29, initializing? false, entries: <empty>
2019-08-29 08:34:34,276 | INFO  | SCMAudit | user=jenkins1000 | ip=192.168.69.89 | op=SEND_HEARTBEAT {datanodeUUID=129685ee-8122-4333-8930-3eeb8cf836af, command=[]} | ret=SUCCESS |  
2019-08-29 08:34:34,396 [java.util.concurrent.ThreadPoolExecutor$Worker@1d54cbf9[State = -1, empty queue]] WARN  server.GrpcLogAppender (GrpcLogAppender.java:timeoutAppendRequest(200)) - GrpcLogAppender(02bf3283-c6bf-4588-a57c-baa459038378->f0c18ce4-0e5b-4823-99c8-fd716531bc5f): appendEntries Timeout, request=02bf3283-c6bf-4588-a57c-baa459038378->f0c18ce4-0e5b-4823-99c8-fd716531bc5f#68-t3, previous=(t:3, i:18), leaderCommit=17, initializing? false, entries: <empty>
2019-08-29 08:34:34,396 [java.util.concurrent.ThreadPoolExecutor$Worker@4232d1d8[State = -1, empty queue]] WARN  server.GrpcLogAppender (GrpcLogAppender.java:timeoutAppendRequest(200)) - GrpcLogAppender(02bf3283-c6bf-4588-a57c-baa459038378->4da055f9-cd9d-4c6f-9ab8-147a42717fcf): appendEntries Timeout, request=02bf3283-c6bf-4588-a57c-baa459038378->4da055f9-cd9d-4c6f-9ab8-147a42717fcf#68-t3, previous=(t:3, i:18), leaderCommit=17, initializing? false, entries: <empty>
2019-08-29 08:34:34,396 | INFO  | SCMAudit | user=jenkins1000 | ip=192.168.69.89 | op=SEND_HEARTBEAT {datanodeUUID=7a9bfe55-9a1e-4d2f-9ebd-558835cfe40a, command=[]} | ret=SUCCESS |  
2019-08-29 08:34:34,491 [grpc-default-executor-0] WARN  server.GrpcLogAppender (LogUtils.java:warn(134)) - 129685ee-8122-4333-8930-3eeb8cf836af->802c6c9d-4843-417e-8983-b6e40533cc1c: Failed appendEntries: org.apache.ratis.thirdparty.io.grpc.StatusRuntimeException: UNAVAILABLE: io exception
2019-08-29 08:34:34,491 [grpc-default-executor-3] WARN  server.GrpcLogAppender (LogUtils.java:warn(134)) - 129685ee-8122-4333-8930-3eeb8cf836af->fe546585-3c52-42ae-8754-1a35dad17d3f: Failed appendEntries: org.apache.ratis.thirdparty.io.grpc.StatusRuntimeException: UNAVAILABLE: io exception
2019-08-29 08:34:34,492 [grpc-default-executor-0] INFO  impl.FollowerInfo (FollowerInfo.java:lambda$new$0(50)) - 129685ee-8122-4333-8930-3eeb8cf836af->802c6c9d-4843-417e-8983-b6e40533cc1c: nextIndex: updateUnconditionally 0 -> 0
2019-08-29 08:34:34,492 [grpc-default-executor-3] INFO  impl.FollowerInfo (FollowerInfo.java:lambda$new$0(50)) - 129685ee-8122-4333-8930-3eeb8cf836af->fe546585-3c52-42ae-8754-1a35dad17d3f: nextIndex: updateUnconditionally 0 -> 0
2019-08-29 08:34:34,512 | INFO  | SCMAudit | user=jenkins1000 | ip=192.168.69.89 | op=SEND_HEARTBEAT {datanodeUUID=4da055f9-cd9d-4c6f-9ab8-147a42717fcf, command=[]} | ret=SUCCESS |  
2019-08-29 08:34:34,513 | INFO  | SCMAudit | user=jenkins1000 | ip=192.168.69.89 | op=SEND_HEARTBEAT {datanodeUUID=02bf3283-c6bf-4588-a57c-baa459038378, command=[]} | ret=SUCCESS |  
2019-08-29 08:34:34,513 | INFO  | SCMAudit | user=jenkins1000 | ip=192.168.69.89 | op=SEND_HEARTBEAT {datanodeUUID=f0c18ce4-0e5b-4823-99c8-fd716531bc5f, command=[]} | ret=SUCCESS |  
2019-08-29 08:34:34,636 [java.util.concurrent.ThreadPoolExecutor$Worker@765ccaac[State = -1, empty queue]] WARN  server.GrpcLogAppender (GrpcLogAppender.java:timeoutAppendRequest(200)) - GrpcLogAppender(bcbb4469-e902-4083-b3d9-1bab9ea4cd29->99586f2f-9d87-40a3-9061-4566008201fd): appendEntries Timeout, request=bcbb4469-e902-4083-b3d9-1bab9ea4cd29->99586f2f-9d87-40a3-9061-4566008201fd#122-t2, previous=(t:2, i:30), leaderCommit=29, initializing? false, entries: <empty>
2019-08-29 08:34:34,636 [java.util.concurrent.ThreadPoolExecutor$Worker@1719057[State = -1, empty queue]] WARN  server.GrpcLogAppender (GrpcLogAppender.java:timeoutAppendRequest(200)) - GrpcLogAppender(bcbb4469-e902-4083-b3d9-1bab9ea4cd29->e7b9916e-4eca-4156-a086-839e4ffd13a0): appendEntries Timeout, request=bcbb4469-e902-4083-b3d9-1bab9ea4cd29->e7b9916e-4eca-4156-a086-839e4ffd13a0#122-t2, previous=(t:2, i:30), leaderCommit=29, initializing? false, entries: <empty>
2019-08-29 08:34:34,678 | INFO  | SCMAudit | user=jenkins1000 | ip=192.168.69.89 | op=SEND_HEARTBEAT {datanodeUUID=e7b9916e-4eca-4156-a086-839e4ffd13a0, command=[]} | ret=SUCCESS |  
2019-08-29 08:34:34,678 | INFO  | SCMAudit | user=jenkins1000 | ip=192.168.69.89 | op=SEND_HEARTBEAT {datanodeUUID=bcbb4469-e902-4083-b3d9-1bab9ea4cd29, command=[]} | ret=SUCCESS |  
2019-08-29 08:34:34,680 | INFO  | SCMAudit | user=jenkins1000 | ip=192.168.69.89 | op=SEND_HEARTBEAT {datanodeUUID=99586f2f-9d87-40a3-9061-4566008201fd, command=[]} | ret=SUCCESS |  
2019-08-29 08:34:34,896 [java.util.concurrent.ThreadPoolExecutor$Worker@1d54cbf9[State = -1, empty queue]] WARN  server.GrpcLogAppender (GrpcLogAppender.java:timeoutAppendRequest(200)) - GrpcLogAppender(02bf3283-c6bf-4588-a57c-baa459038378->f0c18ce4-0e5b-4823-99c8-fd716531bc5f): appendEntries Timeout, request=02bf3283-c6bf-4588-a57c-baa459038378->f0c18ce4-0e5b-4823-99c8-fd716531bc5f#69-t3, previous=(t:3, i:18), leaderCommit=17, initializing? false, entries: <empty>
2019-08-29 08:34:34,896 [java.util.concurrent.ThreadPoolExecutor$Worker@4232d1d8[State = -1, empty queue]] WARN  server.GrpcLogAppender (GrpcLogAppender.java:timeoutAppendRequest(200)) - GrpcLogAppender(02bf3283-c6bf-4588-a57c-baa459038378->4da055f9-cd9d-4c6f-9ab8-147a42717fcf): appendEntries Timeout, request=02bf3283-c6bf-4588-a57c-baa459038378->4da055f9-cd9d-4c6f-9ab8-147a42717fcf#69-t3, previous=(t:3, i:18), leaderCommit=17, initializing? false, entries: <empty>
2019-08-29 08:34:34,992 [grpc-default-executor-0] WARN  server.GrpcLogAppender (LogUtils.java:warn(134)) - 129685ee-8122-4333-8930-3eeb8cf836af->802c6c9d-4843-417e-8983-b6e40533cc1c: Failed appendEntries: org.apache.ratis.thirdparty.io.grpc.StatusRuntimeException: UNAVAILABLE: io exception
2019-08-29 08:34:34,992 [grpc-default-executor-4] WARN  server.GrpcLogAppender (LogUtils.java:warn(134)) - 129685ee-8122-4333-8930-3eeb8cf836af->fe546585-3c52-42ae-8754-1a35dad17d3f: Failed appendEntries: org.apache.ratis.thirdparty.io.grpc.StatusRuntimeException: UNAVAILABLE: io exception
2019-08-29 08:34:34,993 [grpc-default-executor-0] INFO  impl.FollowerInfo (FollowerInfo.java:lambda$new$0(50)) - 129685ee-8122-4333-8930-3eeb8cf836af->802c6c9d-4843-417e-8983-b6e40533cc1c: nextIndex: updateUnconditionally 0 -> 0
2019-08-29 08:34:34,993 [grpc-default-executor-4] INFO  impl.FollowerInfo (FollowerInfo.java:lambda$new$0(50)) - 129685ee-8122-4333-8930-3eeb8cf836af->fe546585-3c52-42ae-8754-1a35dad17d3f: nextIndex: updateUnconditionally 0 -> 0
2019-08-29 08:34:35,136 [java.util.concurrent.ThreadPoolExecutor$Worker@765ccaac[State = -1, empty queue]] WARN  server.GrpcLogAppender (GrpcLogAppender.java:timeoutAppendRequest(200)) - GrpcLogAppender(bcbb4469-e902-4083-b3d9-1bab9ea4cd29->99586f2f-9d87-40a3-9061-4566008201fd): appendEntries Timeout, request=bcbb4469-e902-4083-b3d9-1bab9ea4cd29->99586f2f-9d87-40a3-9061-4566008201fd#123-t2, previous=(t:2, i:30), leaderCommit=29, initializing? false, entries: <empty>
2019-08-29 08:34:35,137 [java.util.concurrent.ThreadPoolExecutor$Worker@1719057[State = -1, empty queue]] WARN  server.GrpcLogAppender (GrpcLogAppender.java:timeoutAppendRequest(200)) - GrpcLogAppender(bcbb4469-e902-4083-b3d9-1bab9ea4cd29->e7b9916e-4eca-4156-a086-839e4ffd13a0): appendEntries Timeout, request=bcbb4469-e902-4083-b3d9-1bab9ea4cd29->e7b9916e-4eca-4156-a086-839e4ffd13a0#123-t2, previous=(t:2, i:30), leaderCommit=29, initializing? false, entries: <empty>
2019-08-29 08:34:35,276 | INFO  | SCMAudit | user=jenkins1000 | ip=192.168.69.89 | op=SEND_HEARTBEAT {datanodeUUID=129685ee-8122-4333-8930-3eeb8cf836af, command=[]} | ret=SUCCESS |  
2019-08-29 08:34:35,396 [java.util.concurrent.ThreadPoolExecutor$Worker@4232d1d8[State = -1, empty queue]] WARN  server.GrpcLogAppender (GrpcLogAppender.java:timeoutAppendRequest(200)) - GrpcLogAppender(02bf3283-c6bf-4588-a57c-baa459038378->4da055f9-cd9d-4c6f-9ab8-147a42717fcf): appendEntries Timeout, request=02bf3283-c6bf-4588-a57c-baa459038378->4da055f9-cd9d-4c6f-9ab8-147a42717fcf#70-t3, previous=(t:3, i:18), leaderCommit=17, initializing? false, entries: <empty>
2019-08-29 08:34:35,396 [java.util.concurrent.ThreadPoolExecutor$Worker@1d54cbf9[State = -1, empty queue]] WARN  server.GrpcLogAppender (GrpcLogAppender.java:timeoutAppendRequest(200)) - GrpcLogAppender(02bf3283-c6bf-4588-a57c-baa459038378->f0c18ce4-0e5b-4823-99c8-fd716531bc5f): appendEntries Timeout, request=02bf3283-c6bf-4588-a57c-baa459038378->f0c18ce4-0e5b-4823-99c8-fd716531bc5f#70-t3, previous=(t:3, i:18), leaderCommit=17, initializing? false, entries: <empty>
2019-08-29 08:34:35,397 | INFO  | SCMAudit | user=jenkins1000 | ip=192.168.69.89 | op=SEND_HEARTBEAT {datanodeUUID=7a9bfe55-9a1e-4d2f-9ebd-558835cfe40a, command=[]} | ret=SUCCESS |  
2019-08-29 08:34:35,494 [grpc-default-executor-4] WARN  server.GrpcLogAppender (LogUtils.java:warn(134)) - 129685ee-8122-4333-8930-3eeb8cf836af->802c6c9d-4843-417e-8983-b6e40533cc1c: Failed appendEntries: org.apache.ratis.thirdparty.io.grpc.StatusRuntimeException: UNAVAILABLE: io exception
2019-08-29 08:34:35,494 [grpc-default-executor-2] WARN  server.GrpcLogAppender (LogUtils.java:warn(134)) - 129685ee-8122-4333-8930-3eeb8cf836af->fe546585-3c52-42ae-8754-1a35dad17d3f: Failed appendEntries: org.apache.ratis.thirdparty.io.grpc.StatusRuntimeException: UNAVAILABLE: io exception
2019-08-29 08:34:35,495 [grpc-default-executor-4] INFO  impl.FollowerInfo (FollowerInfo.java:lambda$new$0(50)) - 129685ee-8122-4333-8930-3eeb8cf836af->802c6c9d-4843-417e-8983-b6e40533cc1c: nextIndex: updateUnconditionally 0 -> 0
2019-08-29 08:34:35,495 [grpc-default-executor-2] INFO  impl.FollowerInfo (FollowerInfo.java:lambda$new$0(50)) - 129685ee-8122-4333-8930-3eeb8cf836af->fe546585-3c52-42ae-8754-1a35dad17d3f: nextIndex: updateUnconditionally 0 -> 0
2019-08-29 08:34:35,513 | INFO  | SCMAudit | user=jenkins1000 | ip=192.168.69.89 | op=SEND_HEARTBEAT {datanodeUUID=02bf3283-c6bf-4588-a57c-baa459038378, command=[]} | ret=SUCCESS |  
2019-08-29 08:34:35,513 | INFO  | SCMAudit | user=jenkins1000 | ip=192.168.69.89 | op=SEND_HEARTBEAT {datanodeUUID=4da055f9-cd9d-4c6f-9ab8-147a42717fcf, command=[]} | ret=SUCCESS |  
2019-08-29 08:34:35,513 | INFO  | SCMAudit | user=jenkins1000 | ip=192.168.69.89 | op=SEND_HEARTBEAT {datanodeUUID=f0c18ce4-0e5b-4823-99c8-fd716531bc5f, command=[]} | ret=SUCCESS |  
2019-08-29 08:34:35,637 [java.util.concurrent.ThreadPoolExecutor$Worker@765ccaac[State = -1, empty queue]] WARN  server.GrpcLogAppender (GrpcLogAppender.java:timeoutAppendRequest(200)) - GrpcLogAppender(bcbb4469-e902-4083-b3d9-1bab9ea4cd29->99586f2f-9d87-40a3-9061-4566008201fd): appendEntries Timeout, request=bcbb4469-e902-4083-b3d9-1bab9ea4cd29->99586f2f-9d87-40a3-9061-4566008201fd#124-t2, previous=(t:2, i:30), leaderCommit=29, initializing? false, entries: <empty>
2019-08-29 08:34:35,637 [java.util.concurrent.ThreadPoolExecutor$Worker@1719057[State = -1, empty queue]] WARN  server.GrpcLogAppender (GrpcLogAppender.java:timeoutAppendRequest(200)) - GrpcLogAppender(bcbb4469-e902-4083-b3d9-1bab9ea4cd29->e7b9916e-4eca-4156-a086-839e4ffd13a0): appendEntries Timeout, request=bcbb4469-e902-4083-b3d9-1bab9ea4cd29->e7b9916e-4eca-4156-a086-839e4ffd13a0#124-t2, previous=(t:2, i:30), leaderCommit=29, initializing? false, entries: <empty>
2019-08-29 08:34:35,678 | INFO  | SCMAudit | user=jenkins1000 | ip=192.168.69.89 | op=SEND_HEARTBEAT {datanodeUUID=bcbb4469-e902-4083-b3d9-1bab9ea4cd29, command=[]} | ret=SUCCESS |  
2019-08-29 08:34:35,678 | INFO  | SCMAudit | user=jenkins1000 | ip=192.168.69.89 | op=SEND_HEARTBEAT {datanodeUUID=e7b9916e-4eca-4156-a086-839e4ffd13a0, command=[]} | ret=SUCCESS |  
2019-08-29 08:34:35,680 | INFO  | SCMAudit | user=jenkins1000 | ip=192.168.69.89 | op=SEND_HEARTBEAT {datanodeUUID=99586f2f-9d87-40a3-9061-4566008201fd, command=[]} | ret=SUCCESS |  
2019-08-29 08:34:35,897 [java.util.concurrent.ThreadPoolExecutor$Worker@4232d1d8[State = -1, empty queue]] WARN  server.GrpcLogAppender (GrpcLogAppender.java:timeoutAppendRequest(200)) - GrpcLogAppender(02bf3283-c6bf-4588-a57c-baa459038378->4da055f9-cd9d-4c6f-9ab8-147a42717fcf): appendEntries Timeout, request=02bf3283-c6bf-4588-a57c-baa459038378->4da055f9-cd9d-4c6f-9ab8-147a42717fcf#71-t3, previous=(t:3, i:18), leaderCommit=17, initializing? false, entries: <empty>
2019-08-29 08:34:35,897 [java.util.concurrent.ThreadPoolExecutor$Worker@1d54cbf9[State = -1, empty queue]] WARN  server.GrpcLogAppender (GrpcLogAppender.java:timeoutAppendRequest(200)) - GrpcLogAppender(02bf3283-c6bf-4588-a57c-baa459038378->f0c18ce4-0e5b-4823-99c8-fd716531bc5f): appendEntries Timeout, request=02bf3283-c6bf-4588-a57c-baa459038378->f0c18ce4-0e5b-4823-99c8-fd716531bc5f#71-t3, previous=(t:3, i:18), leaderCommit=17, initializing? false, entries: <empty>
2019-08-29 08:34:35,994 [grpc-default-executor-3] WARN  server.GrpcLogAppender (LogUtils.java:warn(134)) - 129685ee-8122-4333-8930-3eeb8cf836af->fe546585-3c52-42ae-8754-1a35dad17d3f: Failed appendEntries: org.apache.ratis.thirdparty.io.grpc.StatusRuntimeException: UNAVAILABLE: io exception
2019-08-29 08:34:35,994 [grpc-default-executor-0] WARN  server.GrpcLogAppender (LogUtils.java:warn(134)) - 129685ee-8122-4333-8930-3eeb8cf836af->802c6c9d-4843-417e-8983-b6e40533cc1c: Failed appendEntries: org.apache.ratis.thirdparty.io.grpc.StatusRuntimeException: UNAVAILABLE: io exception
2019-08-29 08:34:35,995 [grpc-default-executor-3] INFO  impl.FollowerInfo (FollowerInfo.java:lambda$new$0(50)) - 129685ee-8122-4333-8930-3eeb8cf836af->fe546585-3c52-42ae-8754-1a35dad17d3f: nextIndex: updateUnconditionally 0 -> 0
2019-08-29 08:34:35,995 [grpc-default-executor-0] INFO  impl.FollowerInfo (FollowerInfo.java:lambda$new$0(50)) - 129685ee-8122-4333-8930-3eeb8cf836af->802c6c9d-4843-417e-8983-b6e40533cc1c: nextIndex: updateUnconditionally 0 -> 0
2019-08-29 08:34:36,137 [java.util.concurrent.ThreadPoolExecutor$Worker@765ccaac[State = -1, empty queue]] WARN  server.GrpcLogAppender (GrpcLogAppender.java:timeoutAppendRequest(200)) - GrpcLogAppender(bcbb4469-e902-4083-b3d9-1bab9ea4cd29->99586f2f-9d87-40a3-9061-4566008201fd): appendEntries Timeout, request=bcbb4469-e902-4083-b3d9-1bab9ea4cd29->99586f2f-9d87-40a3-9061-4566008201fd#125-t2, previous=(t:2, i:30), leaderCommit=29, initializing? false, entries: <empty>
2019-08-29 08:34:36,137 [java.util.concurrent.ThreadPoolExecutor$Worker@1719057[State = -1, empty queue]] WARN  server.GrpcLogAppender (GrpcLogAppender.java:timeoutAppendRequest(200)) - GrpcLogAppender(bcbb4469-e902-4083-b3d9-1bab9ea4cd29->e7b9916e-4eca-4156-a086-839e4ffd13a0): appendEntries Timeout, request=bcbb4469-e902-4083-b3d9-1bab9ea4cd29->e7b9916e-4eca-4156-a086-839e4ffd13a0#125-t2, previous=(t:2, i:30), leaderCommit=29, initializing? false, entries: <empty>
2019-08-29 08:34:36,276 | INFO  | SCMAudit | user=jenkins1000 | ip=192.168.69.89 | op=SEND_HEARTBEAT {datanodeUUID=129685ee-8122-4333-8930-3eeb8cf836af, command=[]} | ret=SUCCESS |  
2019-08-29 08:34:36,390 [02bf3283-c6bf-4588-a57c-baa459038378-SegmentedRaftLogWorker:Storage Directory /workdir/hadoop-ozone/integration-test/target/test-dir/MiniOzoneClusterImpl-839c4a83-1072-4184-a39a-41aa01fb846d/datanode-3/data/ratis/a6019285-0027-46c6-9b76-4c1082ab210c] WARN  segmented.SegmentedRaftLogWorker (SegmentedRaftLogWorker.java:getFromFuture(90)) - Timeout 0/~
org.apache.ratis.protocol.TimeoutIOException: Timeout 10s: WriteLog:18: (t:3, i:18), STATEMACHINELOGENTRY, client-70F2772B880A, cid=69-writeStateMachineData
	at org.apache.ratis.util.IOUtils.getFromFuture(IOUtils.java:87)
	at org.apache.ratis.server.raftlog.segmented.SegmentedRaftLogWorker$StateMachineDataPolicy.getFromFuture(SegmentedRaftLogWorker.java:87)
	at org.apache.ratis.server.raftlog.segmented.SegmentedRaftLogWorker$WriteLog.execute(SegmentedRaftLogWorker.java:477)
	at org.apache.ratis.server.raftlog.segmented.SegmentedRaftLogWorker.run(SegmentedRaftLogWorker.java:289)
	at java.lang.Thread.run(Thread.java:748)
Caused by: java.util.concurrent.TimeoutException
	at java.util.concurrent.CompletableFuture.timedGet(CompletableFuture.java:1771)
	at java.util.concurrent.CompletableFuture.get(CompletableFuture.java:1915)
	at org.apache.ratis.util.IOUtils.getFromFuture(IOUtils.java:79)
	... 4 more
2019-08-29 08:34:36,396 [4da055f9-cd9d-4c6f-9ab8-147a42717fcf-SegmentedRaftLogWorker:Storage Directory /workdir/hadoop-ozone/integration-test/target/test-dir/MiniOzoneClusterImpl-839c4a83-1072-4184-a39a-41aa01fb846d/datanode-0/data/ratis/a6019285-0027-46c6-9b76-4c1082ab210c] WARN  segmented.SegmentedRaftLogWorker (SegmentedRaftLogWorker.java:getFromFuture(90)) - Timeout 0/~
org.apache.ratis.protocol.TimeoutIOException: Timeout 10s: WriteLog:18: (t:3, i:18), STATEMACHINELOGENTRY, client-70F2772B880A, cid=69-writeStateMachineData
	at org.apache.ratis.util.IOUtils.getFromFuture(IOUtils.java:87)
	at org.apache.ratis.server.raftlog.segmented.SegmentedRaftLogWorker$StateMachineDataPolicy.getFromFuture(SegmentedRaftLogWorker.java:87)
	at org.apache.ratis.server.raftlog.segmented.SegmentedRaftLogWorker$WriteLog.execute(SegmentedRaftLogWorker.java:477)
	at org.apache.ratis.server.raftlog.segmented.SegmentedRaftLogWorker.run(SegmentedRaftLogWorker.java:289)
	at java.lang.Thread.run(Thread.java:748)
Caused by: java.util.concurrent.TimeoutException
	at java.util.concurrent.CompletableFuture.timedGet(CompletableFuture.java:1771)
	at java.util.concurrent.CompletableFuture.get(CompletableFuture.java:1915)
	at org.apache.ratis.util.IOUtils.getFromFuture(IOUtils.java:79)
	... 4 more
2019-08-29 08:34:36,396 [f0c18ce4-0e5b-4823-99c8-fd716531bc5f-SegmentedRaftLogWorker:Storage Directory /workdir/hadoop-ozone/integration-test/target/test-dir/MiniOzoneClusterImpl-839c4a83-1072-4184-a39a-41aa01fb846d/datanode-9/data/ratis/a6019285-0027-46c6-9b76-4c1082ab210c] WARN  segmented.SegmentedRaftLogWorker (SegmentedRaftLogWorker.java:getFromFuture(90)) - Timeout 0/~
org.apache.ratis.protocol.TimeoutIOException: Timeout 10s: WriteLog:18: (t:3, i:18), STATEMACHINELOGENTRY, client-70F2772B880A, cid=69-writeStateMachineData
	at org.apache.ratis.util.IOUtils.getFromFuture(IOUtils.java:87)
	at org.apache.ratis.server.raftlog.segmented.SegmentedRaftLogWorker$StateMachineDataPolicy.getFromFuture(SegmentedRaftLogWorker.java:87)
	at org.apache.ratis.server.raftlog.segmented.SegmentedRaftLogWorker$WriteLog.execute(SegmentedRaftLogWorker.java:477)
	at org.apache.ratis.server.raftlog.segmented.SegmentedRaftLogWorker.run(SegmentedRaftLogWorker.java:289)
	at java.lang.Thread.run(Thread.java:748)
Caused by: java.util.concurrent.TimeoutException
	at java.util.concurrent.CompletableFuture.timedGet(CompletableFuture.java:1771)
	at java.util.concurrent.CompletableFuture.get(CompletableFuture.java:1915)
	at org.apache.ratis.util.IOUtils.getFromFuture(IOUtils.java:79)
	... 4 more
2019-08-29 08:34:36,397 | INFO  | SCMAudit | user=jenkins1000 | ip=192.168.69.89 | op=SEND_HEARTBEAT {datanodeUUID=7a9bfe55-9a1e-4d2f-9ebd-558835cfe40a, command=[]} | ret=SUCCESS |  
2019-08-29 08:34:36,397 [java.util.concurrent.ThreadPoolExecutor$Worker@4232d1d8[State = -1, empty queue]] WARN  server.GrpcLogAppender (GrpcLogAppender.java:timeoutAppendRequest(200)) - GrpcLogAppender(02bf3283-c6bf-4588-a57c-baa459038378->4da055f9-cd9d-4c6f-9ab8-147a42717fcf): appendEntries Timeout, request=02bf3283-c6bf-4588-a57c-baa459038378->4da055f9-cd9d-4c6f-9ab8-147a42717fcf#72-t3, previous=(t:3, i:18), leaderCommit=17, initializing? false, entries: <empty>
2019-08-29 08:34:36,397 [java.util.concurrent.ThreadPoolExecutor$Worker@1d54cbf9[State = -1, empty queue]] WARN  server.GrpcLogAppender (GrpcLogAppender.java:timeoutAppendRequest(200)) - GrpcLogAppender(02bf3283-c6bf-4588-a57c-baa459038378->f0c18ce4-0e5b-4823-99c8-fd716531bc5f): appendEntries Timeout, request=02bf3283-c6bf-4588-a57c-baa459038378->f0c18ce4-0e5b-4823-99c8-fd716531bc5f#72-t3, previous=(t:3, i:18), leaderCommit=17, initializing? false, entries: <empty>
2019-08-29 08:34:36,473 [grpc-default-executor-3] INFO  client.GrpcClientProtocolClient (GrpcClientProtocolClient.java:onNext(255)) - client-70F2772B880A->f0c18ce4-0e5b-4823-99c8-fd716531bc5f: receive RaftClientReply:client-70F2772B880A->f0c18ce4-0e5b-4823-99c8-fd716531bc5f@group-4C1082AB210C, cid=69, FAILED org.apache.ratis.protocol.NotLeaderException: Server f0c18ce4-0e5b-4823-99c8-fd716531bc5f is not the leader (02bf3283-c6bf-4588-a57c-baa459038378:192.168.69.89:46486). Request must be sent to leader., logIndex=0, commits[f0c18ce4-0e5b-4823-99c8-fd716531bc5f:c17, 4da055f9-cd9d-4c6f-9ab8-147a42717fcf:c17, 02bf3283-c6bf-4588-a57c-baa459038378:c17]
2019-08-29 08:34:36,495 [grpc-default-executor-4] WARN  server.GrpcLogAppender (LogUtils.java:warn(134)) - 129685ee-8122-4333-8930-3eeb8cf836af->802c6c9d-4843-417e-8983-b6e40533cc1c: Failed appendEntries: org.apache.ratis.thirdparty.io.grpc.StatusRuntimeException: UNAVAILABLE: io exception
2019-08-29 08:34:36,495 [grpc-default-executor-1] WARN  server.GrpcLogAppender (LogUtils.java:warn(134)) - 129685ee-8122-4333-8930-3eeb8cf836af->fe546585-3c52-42ae-8754-1a35dad17d3f: Failed appendEntries: org.apache.ratis.thirdparty.io.grpc.StatusRuntimeException: UNAVAILABLE: io exception
2019-08-29 08:34:36,496 [grpc-default-executor-4] INFO  impl.FollowerInfo (FollowerInfo.java:lambda$new$0(50)) - 129685ee-8122-4333-8930-3eeb8cf836af->802c6c9d-4843-417e-8983-b6e40533cc1c: nextIndex: updateUnconditionally 0 -> 0
2019-08-29 08:34:36,496 [grpc-default-executor-1] INFO  impl.FollowerInfo (FollowerInfo.java:lambda$new$0(50)) - 129685ee-8122-4333-8930-3eeb8cf836af->fe546585-3c52-42ae-8754-1a35dad17d3f: nextIndex: updateUnconditionally 0 -> 0
2019-08-29 08:34:36,513 | INFO  | SCMAudit | user=jenkins1000 | ip=192.168.69.89 | op=SEND_HEARTBEAT {datanodeUUID=4da055f9-cd9d-4c6f-9ab8-147a42717fcf, command=[]} | ret=SUCCESS |  
2019-08-29 08:34:36,514 | INFO  | SCMAudit | user=jenkins1000 | ip=192.168.69.89 | op=SEND_HEARTBEAT {datanodeUUID=f0c18ce4-0e5b-4823-99c8-fd716531bc5f, command=[]} | ret=SUCCESS |  
2019-08-29 08:34:36,514 | INFO  | SCMAudit | user=jenkins1000 | ip=192.168.69.89 | op=SEND_HEARTBEAT {datanodeUUID=02bf3283-c6bf-4588-a57c-baa459038378, command=[]} | ret=SUCCESS |  
2019-08-29 08:34:36,637 [java.util.concurrent.ThreadPoolExecutor$Worker@765ccaac[State = -1, empty queue]] WARN  server.GrpcLogAppender (GrpcLogAppender.java:timeoutAppendRequest(200)) - GrpcLogAppender(bcbb4469-e902-4083-b3d9-1bab9ea4cd29->99586f2f-9d87-40a3-9061-4566008201fd): appendEntries Timeout, request=bcbb4469-e902-4083-b3d9-1bab9ea4cd29->99586f2f-9d87-40a3-9061-4566008201fd#126-t2, previous=(t:2, i:30), leaderCommit=29, initializing? false, entries: <empty>
2019-08-29 08:34:36,637 [java.util.concurrent.ThreadPoolExecutor$Worker@1719057[State = -1, empty queue]] WARN  server.GrpcLogAppender (GrpcLogAppender.java:timeoutAppendRequest(200)) - GrpcLogAppender(bcbb4469-e902-4083-b3d9-1bab9ea4cd29->e7b9916e-4eca-4156-a086-839e4ffd13a0): appendEntries Timeout, request=bcbb4469-e902-4083-b3d9-1bab9ea4cd29->e7b9916e-4eca-4156-a086-839e4ffd13a0#126-t2, previous=(t:2, i:30), leaderCommit=29, initializing? false, entries: <empty>
2019-08-29 08:34:36,678 | INFO  | SCMAudit | user=jenkins1000 | ip=192.168.69.89 | op=SEND_HEARTBEAT {datanodeUUID=bcbb4469-e902-4083-b3d9-1bab9ea4cd29, command=[]} | ret=SUCCESS |  
2019-08-29 08:34:36,678 | INFO  | SCMAudit | user=jenkins1000 | ip=192.168.69.89 | op=SEND_HEARTBEAT {datanodeUUID=e7b9916e-4eca-4156-a086-839e4ffd13a0, command=[]} | ret=SUCCESS |  
2019-08-29 08:34:36,680 | INFO  | SCMAudit | user=jenkins1000 | ip=192.168.69.89 | op=SEND_HEARTBEAT {datanodeUUID=99586f2f-9d87-40a3-9061-4566008201fd, command=[]} | ret=SUCCESS |  
2019-08-29 08:34:36,897 [java.util.concurrent.ThreadPoolExecutor$Worker@4232d1d8[State = -1, empty queue]] WARN  server.GrpcLogAppender (GrpcLogAppender.java:timeoutAppendRequest(200)) - GrpcLogAppender(02bf3283-c6bf-4588-a57c-baa459038378->4da055f9-cd9d-4c6f-9ab8-147a42717fcf): appendEntries Timeout, request=02bf3283-c6bf-4588-a57c-baa459038378->4da055f9-cd9d-4c6f-9ab8-147a42717fcf#73-t3, previous=(t:3, i:18), leaderCommit=17, initializing? false, entries: <empty>
2019-08-29 08:34:36,897 [java.util.concurrent.ThreadPoolExecutor$Worker@1d54cbf9[State = -1, empty queue]] WARN  server.GrpcLogAppender (GrpcLogAppender.java:timeoutAppendRequest(200)) - GrpcLogAppender(02bf3283-c6bf-4588-a57c-baa459038378->f0c18ce4-0e5b-4823-99c8-fd716531bc5f): appendEntries Timeout, request=02bf3283-c6bf-4588-a57c-baa459038378->f0c18ce4-0e5b-4823-99c8-fd716531bc5f#73-t3, previous=(t:3, i:18), leaderCommit=17, initializing? false, entries: <empty>
2019-08-29 08:34:36,996 [grpc-default-executor-4] WARN  server.GrpcLogAppender (LogUtils.java:warn(134)) - 129685ee-8122-4333-8930-3eeb8cf836af->fe546585-3c52-42ae-8754-1a35dad17d3f: Failed appendEntries: org.apache.ratis.thirdparty.io.grpc.StatusRuntimeException: UNAVAILABLE: io exception
2019-08-29 08:34:36,996 [grpc-default-executor-2] WARN  server.GrpcLogAppender (LogUtils.java:warn(134)) - 129685ee-8122-4333-8930-3eeb8cf836af->802c6c9d-4843-417e-8983-b6e40533cc1c: Failed appendEntries: org.apache.ratis.thirdparty.io.grpc.StatusRuntimeException: UNAVAILABLE: io exception
2019-08-29 08:34:36,997 [grpc-default-executor-4] INFO  impl.FollowerInfo (FollowerInfo.java:lambda$new$0(50)) - 129685ee-8122-4333-8930-3eeb8cf836af->fe546585-3c52-42ae-8754-1a35dad17d3f: nextIndex: updateUnconditionally 0 -> 0
2019-08-29 08:34:36,997 [grpc-default-executor-2] INFO  impl.FollowerInfo (FollowerInfo.java:lambda$new$0(50)) - 129685ee-8122-4333-8930-3eeb8cf836af->802c6c9d-4843-417e-8983-b6e40533cc1c: nextIndex: updateUnconditionally 0 -> 0
2019-08-29 08:34:37,137 [java.util.concurrent.ThreadPoolExecutor$Worker@765ccaac[State = -1, empty queue]] WARN  server.GrpcLogAppender (GrpcLogAppender.java:timeoutAppendRequest(200)) - GrpcLogAppender(bcbb4469-e902-4083-b3d9-1bab9ea4cd29->99586f2f-9d87-40a3-9061-4566008201fd): appendEntries Timeout, request=bcbb4469-e902-4083-b3d9-1bab9ea4cd29->99586f2f-9d87-40a3-9061-4566008201fd#127-t2, previous=(t:2, i:30), leaderCommit=29, initializing? false, entries: <empty>
2019-08-29 08:34:37,138 [java.util.concurrent.ThreadPoolExecutor$Worker@1719057[State = -1, empty queue]] WARN  server.GrpcLogAppender (GrpcLogAppender.java:timeoutAppendRequest(200)) - GrpcLogAppender(bcbb4469-e902-4083-b3d9-1bab9ea4cd29->e7b9916e-4eca-4156-a086-839e4ffd13a0): appendEntries Timeout, request=bcbb4469-e902-4083-b3d9-1bab9ea4cd29->e7b9916e-4eca-4156-a086-839e4ffd13a0#127-t2, previous=(t:2, i:30), leaderCommit=29, initializing? false, entries: <empty>
2019-08-29 08:34:37,276 | INFO  | SCMAudit | user=jenkins1000 | ip=192.168.69.89 | op=SEND_HEARTBEAT {datanodeUUID=129685ee-8122-4333-8930-3eeb8cf836af, command=[]} | ret=SUCCESS |  
2019-08-29 08:34:37,398 | INFO  | SCMAudit | user=jenkins1000 | ip=192.168.69.89 | op=SEND_HEARTBEAT {datanodeUUID=7a9bfe55-9a1e-4d2f-9ebd-558835cfe40a, command=[]} | ret=SUCCESS |  
2019-08-29 08:34:37,398 [java.util.concurrent.ThreadPoolExecutor$Worker@1d54cbf9[State = -1, empty queue]] WARN  server.GrpcLogAppender (GrpcLogAppender.java:timeoutAppendRequest(200)) - GrpcLogAppender(02bf3283-c6bf-4588-a57c-baa459038378->f0c18ce4-0e5b-4823-99c8-fd716531bc5f): appendEntries Timeout, request=02bf3283-c6bf-4588-a57c-baa459038378->f0c18ce4-0e5b-4823-99c8-fd716531bc5f#74-t3, previous=(t:3, i:18), leaderCommit=17, initializing? false, entries: <empty>
2019-08-29 08:34:37,398 [java.util.concurrent.ThreadPoolExecutor$Worker@4232d1d8[State = -1, empty queue]] WARN  server.GrpcLogAppender (GrpcLogAppender.java:timeoutAppendRequest(200)) - GrpcLogAppender(02bf3283-c6bf-4588-a57c-baa459038378->4da055f9-cd9d-4c6f-9ab8-147a42717fcf): appendEntries Timeout, request=02bf3283-c6bf-4588-a57c-baa459038378->4da055f9-cd9d-4c6f-9ab8-147a42717fcf#74-t3, previous=(t:3, i:18), leaderCommit=17, initializing? false, entries: <empty>
2019-08-29 08:34:37,497 [grpc-default-executor-6] WARN  server.GrpcLogAppender (LogUtils.java:warn(134)) - 129685ee-8122-4333-8930-3eeb8cf836af->802c6c9d-4843-417e-8983-b6e40533cc1c: Failed appendEntries: org.apache.ratis.thirdparty.io.grpc.StatusRuntimeException: UNAVAILABLE: io exception
2019-08-29 08:34:37,497 [grpc-default-executor-0] WARN  server.GrpcLogAppender (LogUtils.java:warn(134)) - 129685ee-8122-4333-8930-3eeb8cf836af->fe546585-3c52-42ae-8754-1a35dad17d3f: Failed appendEntries: org.apache.ratis.thirdparty.io.grpc.StatusRuntimeException: UNAVAILABLE: io exception
2019-08-29 08:34:37,497 [grpc-default-executor-6] INFO  impl.FollowerInfo (FollowerInfo.java:lambda$new$0(50)) - 129685ee-8122-4333-8930-3eeb8cf836af->802c6c9d-4843-417e-8983-b6e40533cc1c: nextIndex: updateUnconditionally 0 -> 0
2019-08-29 08:34:37,498 [grpc-default-executor-0] INFO  impl.FollowerInfo (FollowerInfo.java:lambda$new$0(50)) - 129685ee-8122-4333-8930-3eeb8cf836af->fe546585-3c52-42ae-8754-1a35dad17d3f: nextIndex: updateUnconditionally 0 -> 0
2019-08-29 08:34:37,515 | INFO  | SCMAudit | user=jenkins1000 | ip=192.168.69.89 | op=SEND_HEARTBEAT {datanodeUUID=4da055f9-cd9d-4c6f-9ab8-147a42717fcf, command=[]} | ret=SUCCESS |  
2019-08-29 08:34:37,515 | INFO  | SCMAudit | user=jenkins1000 | ip=192.168.69.89 | op=SEND_HEARTBEAT {datanodeUUID=f0c18ce4-0e5b-4823-99c8-fd716531bc5f, command=[]} | ret=SUCCESS |  
2019-08-29 08:34:37,515 | INFO  | SCMAudit | user=jenkins1000 | ip=192.168.69.89 | op=SEND_HEARTBEAT {datanodeUUID=02bf3283-c6bf-4588-a57c-baa459038378, command=[]} | ret=SUCCESS |  
2019-08-29 08:34:37,638 [java.util.concurrent.ThreadPoolExecutor$Worker@1719057[State = -1, empty queue]] WARN  server.GrpcLogAppender (GrpcLogAppender.java:timeoutAppendRequest(200)) - GrpcLogAppender(bcbb4469-e902-4083-b3d9-1bab9ea4cd29->e7b9916e-4eca-4156-a086-839e4ffd13a0): appendEntries Timeout, request=bcbb4469-e902-4083-b3d9-1bab9ea4cd29->e7b9916e-4eca-4156-a086-839e4ffd13a0#128-t2, previous=(t:2, i:30), leaderCommit=29, initializing? false, entries: <empty>
2019-08-29 08:34:37,638 [java.util.concurrent.ThreadPoolExecutor$Worker@765ccaac[State = -1, empty queue]] WARN  server.GrpcLogAppender (GrpcLogAppender.java:timeoutAppendRequest(200)) - GrpcLogAppender(bcbb4469-e902-4083-b3d9-1bab9ea4cd29->99586f2f-9d87-40a3-9061-4566008201fd): appendEntries Timeout, request=bcbb4469-e902-4083-b3d9-1bab9ea4cd29->99586f2f-9d87-40a3-9061-4566008201fd#128-t2, previous=(t:2, i:30), leaderCommit=29, initializing? false, entries: <empty>
2019-08-29 08:34:37,678 | INFO  | SCMAudit | user=jenkins1000 | ip=192.168.69.89 | op=SEND_HEARTBEAT {datanodeUUID=e7b9916e-4eca-4156-a086-839e4ffd13a0, command=[]} | ret=SUCCESS |  
2019-08-29 08:34:37,678 | INFO  | SCMAudit | user=jenkins1000 | ip=192.168.69.89 | op=SEND_HEARTBEAT {datanodeUUID=bcbb4469-e902-4083-b3d9-1bab9ea4cd29, command=[]} | ret=SUCCESS |  
2019-08-29 08:34:37,680 | INFO  | SCMAudit | user=jenkins1000 | ip=192.168.69.89 | op=SEND_HEARTBEAT {datanodeUUID=99586f2f-9d87-40a3-9061-4566008201fd, command=[]} | ret=SUCCESS |  
2019-08-29 08:34:37,898 [java.util.concurrent.ThreadPoolExecutor$Worker@1d54cbf9[State = -1, empty queue]] WARN  server.GrpcLogAppender (GrpcLogAppender.java:timeoutAppendRequest(200)) - GrpcLogAppender(02bf3283-c6bf-4588-a57c-baa459038378->f0c18ce4-0e5b-4823-99c8-fd716531bc5f): appendEntries Timeout, request=02bf3283-c6bf-4588-a57c-baa459038378->f0c18ce4-0e5b-4823-99c8-fd716531bc5f#75-t3, previous=(t:3, i:18), leaderCommit=17, initializing? false, entries: <empty>
2019-08-29 08:34:37,898 [java.util.concurrent.ThreadPoolExecutor$Worker@4232d1d8[State = -1, empty queue]] WARN  server.GrpcLogAppender (GrpcLogAppender.java:timeoutAppendRequest(200)) - GrpcLogAppender(02bf3283-c6bf-4588-a57c-baa459038378->4da055f9-cd9d-4c6f-9ab8-147a42717fcf): appendEntries Timeout, request=02bf3283-c6bf-4588-a57c-baa459038378->4da055f9-cd9d-4c6f-9ab8-147a42717fcf#75-t3, previous=(t:3, i:18), leaderCommit=17, initializing? false, entries: <empty>
2019-08-29 08:34:38,000 [grpc-default-executor-1] WARN  server.GrpcLogAppender (LogUtils.java:warn(134)) - 129685ee-8122-4333-8930-3eeb8cf836af->802c6c9d-4843-417e-8983-b6e40533cc1c: Failed appendEntries: org.apache.ratis.thirdparty.io.grpc.StatusRuntimeException: UNAVAILABLE: io exception
2019-08-29 08:34:38,000 [grpc-default-executor-3] WARN  server.GrpcLogAppender (LogUtils.java:warn(134)) - 129685ee-8122-4333-8930-3eeb8cf836af->fe546585-3c52-42ae-8754-1a35dad17d3f: Failed appendEntries: org.apache.ratis.thirdparty.io.grpc.StatusRuntimeException: UNAVAILABLE: io exception
2019-08-29 08:34:38,001 [grpc-default-executor-1] INFO  impl.FollowerInfo (FollowerInfo.java:lambda$new$0(50)) - 129685ee-8122-4333-8930-3eeb8cf836af->802c6c9d-4843-417e-8983-b6e40533cc1c: nextIndex: updateUnconditionally 0 -> 0
2019-08-29 08:34:38,001 [grpc-default-executor-3] INFO  impl.FollowerInfo (FollowerInfo.java:lambda$new$0(50)) - 129685ee-8122-4333-8930-3eeb8cf836af->fe546585-3c52-42ae-8754-1a35dad17d3f: nextIndex: updateUnconditionally 0 -> 0
2019-08-29 08:34:38,138 [java.util.concurrent.ThreadPoolExecutor$Worker@765ccaac[State = -1, empty queue]] WARN  server.GrpcLogAppender (GrpcLogAppender.java:timeoutAppendRequest(200)) - GrpcLogAppender(bcbb4469-e902-4083-b3d9-1bab9ea4cd29->99586f2f-9d87-40a3-9061-4566008201fd): appendEntries Timeout, request=bcbb4469-e902-4083-b3d9-1bab9ea4cd29->99586f2f-9d87-40a3-9061-4566008201fd#129-t2, previous=(t:2, i:30), leaderCommit=29, initializing? false, entries: <empty>
2019-08-29 08:34:38,138 [java.util.concurrent.ThreadPoolExecutor$Worker@1719057[State = -1, empty queue]] WARN  server.GrpcLogAppender (GrpcLogAppender.java:timeoutAppendRequest(200)) - GrpcLogAppender(bcbb4469-e902-4083-b3d9-1bab9ea4cd29->e7b9916e-4eca-4156-a086-839e4ffd13a0): appendEntries Timeout, request=bcbb4469-e902-4083-b3d9-1bab9ea4cd29->e7b9916e-4eca-4156-a086-839e4ffd13a0#129-t2, previous=(t:2, i:30), leaderCommit=29, initializing? false, entries: <empty>
2019-08-29 08:34:38,278 | INFO  | SCMAudit | user=jenkins1000 | ip=192.168.69.89 | op=SEND_HEARTBEAT {datanodeUUID=129685ee-8122-4333-8930-3eeb8cf836af, command=[]} | ret=SUCCESS |  
2019-08-29 08:34:38,295 [grpc-default-executor-1] INFO  impl.RaftServerProxy (RaftServerProxy.java:remove(95)) - 129685ee-8122-4333-8930-3eeb8cf836af: remove   LEADER group-1043D396F2BA 129685ee-8122-4333-8930-3eeb8cf836af:t2, leader=129685ee-8122-4333-8930-3eeb8cf836af, voted=129685ee-8122-4333-8930-3eeb8cf836af, raftlog=129685ee-8122-4333-8930-3eeb8cf836af-SegmentedRaftLog:OPENED:c0,f0,i0, conf=0: [802c6c9d-4843-417e-8983-b6e40533cc1c:192.168.69.89:37103, 129685ee-8122-4333-8930-3eeb8cf836af:192.168.69.89:45580, fe546585-3c52-42ae-8754-1a35dad17d3f:192.168.69.89:45996], old=null RUNNING
2019-08-29 08:34:38,319 [grpc-default-executor-1] INFO  impl.RaftServerImpl (RaftServerImpl.java:lambda$shutdown$3(245)) - 129685ee-8122-4333-8930-3eeb8cf836af: shutdown group-1043D396F2BA
2019-08-29 08:34:38,320 [grpc-default-executor-1] INFO  util.JmxRegister (JmxRegister.java:unregister(73)) - Successfully un-registered JMX Bean with object name Ratis:service=RaftServer,group=group-1043D396F2BA,id=129685ee-8122-4333-8930-3eeb8cf836af
2019-08-29 08:34:38,320 [grpc-default-executor-1] INFO  impl.RoleInfo (RoleInfo.java:shutdownLeaderState(104)) - 129685ee-8122-4333-8930-3eeb8cf836af: shutdown LeaderState
2019-08-29 08:34:38,326 [grpc-default-executor-1] INFO  impl.PendingRequests (PendingRequests.java:sendNotLeaderResponses(202)) - 129685ee-8122-4333-8930-3eeb8cf836af-PendingRequests: sendNotLeaderResponses
2019-08-29 08:34:38,326 [org.apache.ratis.server.impl.LogAppender$AppenderDaemon$$Lambda$517/355638001@6698afdf] WARN  server.GrpcLogAppender (GrpcLogAppender.java:mayWait(143)) - GrpcLogAppender(129685ee-8122-4333-8930-3eeb8cf836af->fe546585-3c52-42ae-8754-1a35dad17d3f): Wait interrupted by java.lang.InterruptedException
2019-08-29 08:34:38,326 [org.apache.ratis.server.impl.LogAppender$AppenderDaemon$$Lambda$517/355638001@7812f666] WARN  server.GrpcLogAppender (GrpcLogAppender.java:mayWait(143)) - GrpcLogAppender(129685ee-8122-4333-8930-3eeb8cf836af->802c6c9d-4843-417e-8983-b6e40533cc1c): Wait interrupted by java.lang.InterruptedException
2019-08-29 08:34:38,326 [grpc-default-executor-1] INFO  impl.StateMachineUpdater (StateMachineUpdater.java:stopAndJoin(115)) - StateMachineUpdater:129685ee-8122-4333-8930-3eeb8cf836af:group-1043D396F2BA: set stopIndex = 0
2019-08-29 08:34:38,327 [grpc-default-executor-1] INFO  impl.RaftServerImpl (ServerState.java:close(394)) - 129685ee-8122-4333-8930-3eeb8cf836af:group-1043D396F2BA closes. The last applied log index is 0
2019-08-29 08:34:38,327 [129685ee-8122-4333-8930-3eeb8cf836af-SegmentedRaftLogWorker:Storage Directory /workdir/hadoop-ozone/integration-test/target/test-dir/MiniOzoneClusterImpl-839c4a83-1072-4184-a39a-41aa01fb846d/datanode-8/data/ratis/7acb3d0f-f7f8-49f7-960d-1043d396f2ba] INFO  segmented.SegmentedRaftLogWorker (SegmentedRaftLogWorker.java:run(313)) - 129685ee-8122-4333-8930-3eeb8cf836af-SegmentedRaftLogWorker:Storage Directory /workdir/hadoop-ozone/integration-test/target/test-dir/MiniOzoneClusterImpl-839c4a83-1072-4184-a39a-41aa01fb846d/datanode-8/data/ratis/7acb3d0f-f7f8-49f7-960d-1043d396f2ba was interrupted, exiting. There are 0 tasks remaining in the queue.
2019-08-29 08:34:38,330 [grpc-default-executor-1] INFO  segmented.SegmentedRaftLogWorker (SegmentedRaftLogWorker.java:close(228)) - 129685ee-8122-4333-8930-3eeb8cf836af-SegmentedRaftLogWorker:Storage Directory /workdir/hadoop-ozone/integration-test/target/test-dir/MiniOzoneClusterImpl-839c4a83-1072-4184-a39a-41aa01fb846d/datanode-8/data/ratis/7acb3d0f-f7f8-49f7-960d-1043d396f2ba close()
2019-08-29 08:34:38,397 | INFO  | SCMAudit | user=jenkins1000 | ip=192.168.69.89 | op=SEND_HEARTBEAT {datanodeUUID=7a9bfe55-9a1e-4d2f-9ebd-558835cfe40a, command=[]} | ret=SUCCESS |  
2019-08-29 08:34:38,399 [java.util.concurrent.ThreadPoolExecutor$Worker@4232d1d8[State = -1, empty queue]] WARN  server.GrpcLogAppender (GrpcLogAppender.java:timeoutAppendRequest(200)) - GrpcLogAppender(02bf3283-c6bf-4588-a57c-baa459038378->4da055f9-cd9d-4c6f-9ab8-147a42717fcf): appendEntries Timeout, request=02bf3283-c6bf-4588-a57c-baa459038378->4da055f9-cd9d-4c6f-9ab8-147a42717fcf#76-t3, previous=(t:3, i:18), leaderCommit=17, initializing? false, entries: <empty>
2019-08-29 08:34:38,399 [java.util.concurrent.ThreadPoolExecutor$Worker@1d54cbf9[State = -1, empty queue]] WARN  server.GrpcLogAppender (GrpcLogAppender.java:timeoutAppendRequest(200)) - GrpcLogAppender(02bf3283-c6bf-4588-a57c-baa459038378->f0c18ce4-0e5b-4823-99c8-fd716531bc5f): appendEntries Timeout, request=02bf3283-c6bf-4588-a57c-baa459038378->f0c18ce4-0e5b-4823-99c8-fd716531bc5f#76-t3, previous=(t:3, i:18), leaderCommit=17, initializing? false, entries: <empty>
2019-08-29 08:34:38,512 | INFO  | SCMAudit | user=jenkins1000 | ip=192.168.69.89 | op=SEND_HEARTBEAT {datanodeUUID=4da055f9-cd9d-4c6f-9ab8-147a42717fcf, command=[]} | ret=SUCCESS |  
2019-08-29 08:34:38,513 | INFO  | SCMAudit | user=jenkins1000 | ip=192.168.69.89 | op=SEND_HEARTBEAT {datanodeUUID=f0c18ce4-0e5b-4823-99c8-fd716531bc5f, command=[]} | ret=SUCCESS |  
2019-08-29 08:34:38,513 | INFO  | SCMAudit | user=jenkins1000 | ip=192.168.69.89 | op=SEND_HEARTBEAT {datanodeUUID=02bf3283-c6bf-4588-a57c-baa459038378, command=[]} | ret=SUCCESS |  
2019-08-29 08:34:38,638 [java.util.concurrent.ThreadPoolExecutor$Worker@765ccaac[State = -1, empty queue]] WARN  server.GrpcLogAppender (GrpcLogAppender.java:timeoutAppendRequest(200)) - GrpcLogAppender(bcbb4469-e902-4083-b3d9-1bab9ea4cd29->99586f2f-9d87-40a3-9061-4566008201fd): appendEntries Timeout, request=bcbb4469-e902-4083-b3d9-1bab9ea4cd29->99586f2f-9d87-40a3-9061-4566008201fd#130-t2, previous=(t:2, i:30), leaderCommit=29, initializing? false, entries: <empty>
2019-08-29 08:34:38,639 [java.util.concurrent.ThreadPoolExecutor$Worker@1719057[State = -1, empty queue]] WARN  server.GrpcLogAppender (GrpcLogAppender.java:timeoutAppendRequest(200)) - GrpcLogAppender(bcbb4469-e902-4083-b3d9-1bab9ea4cd29->e7b9916e-4eca-4156-a086-839e4ffd13a0): appendEntries Timeout, request=bcbb4469-e902-4083-b3d9-1bab9ea4cd29->e7b9916e-4eca-4156-a086-839e4ffd13a0#130-t2, previous=(t:2, i:30), leaderCommit=29, initializing? false, entries: <empty>
2019-08-29 08:34:38,678 | INFO  | SCMAudit | user=jenkins1000 | ip=192.168.69.89 | op=SEND_HEARTBEAT {datanodeUUID=e7b9916e-4eca-4156-a086-839e4ffd13a0, command=[]} | ret=SUCCESS |  
2019-08-29 08:34:38,679 | INFO  | SCMAudit | user=jenkins1000 | ip=192.168.69.89 | op=SEND_HEARTBEAT {datanodeUUID=bcbb4469-e902-4083-b3d9-1bab9ea4cd29, command=[]} | ret=SUCCESS |  
2019-08-29 08:34:38,680 | INFO  | SCMAudit | user=jenkins1000 | ip=192.168.69.89 | op=SEND_HEARTBEAT {datanodeUUID=99586f2f-9d87-40a3-9061-4566008201fd, command=[]} | ret=SUCCESS |  
2019-08-29 08:34:38,899 [java.util.concurrent.ThreadPoolExecutor$Worker@4232d1d8[State = -1, empty queue]] WARN  server.GrpcLogAppender (GrpcLogAppender.java:timeoutAppendRequest(200)) - GrpcLogAppender(02bf3283-c6bf-4588-a57c-baa459038378->4da055f9-cd9d-4c6f-9ab8-147a42717fcf): appendEntries Timeout, request=02bf3283-c6bf-4588-a57c-baa459038378->4da055f9-cd9d-4c6f-9ab8-147a42717fcf#77-t3, previous=(t:3, i:18), leaderCommit=17, initializing? false, entries: <empty>
2019-08-29 08:34:38,899 [java.util.concurrent.ThreadPoolExecutor$Worker@1d54cbf9[State = -1, empty queue]] WARN  server.GrpcLogAppender (GrpcLogAppender.java:timeoutAppendRequest(200)) - GrpcLogAppender(02bf3283-c6bf-4588-a57c-baa459038378->f0c18ce4-0e5b-4823-99c8-fd716531bc5f): appendEntries Timeout, request=02bf3283-c6bf-4588-a57c-baa459038378->f0c18ce4-0e5b-4823-99c8-fd716531bc5f#77-t3, previous=(t:3, i:18), leaderCommit=17, initializing? false, entries: <empty>
2019-08-29 08:34:39,139 [java.util.concurrent.ThreadPoolExecutor$Worker@765ccaac[State = -1, empty queue]] WARN  server.GrpcLogAppender (GrpcLogAppender.java:timeoutAppendRequest(200)) - GrpcLogAppender(bcbb4469-e902-4083-b3d9-1bab9ea4cd29->99586f2f-9d87-40a3-9061-4566008201fd): appendEntries Timeout, request=bcbb4469-e902-4083-b3d9-1bab9ea4cd29->99586f2f-9d87-40a3-9061-4566008201fd#131-t2, previous=(t:2, i:30), leaderCommit=29, initializing? false, entries: <empty>
2019-08-29 08:34:39,139 [java.util.concurrent.ThreadPoolExecutor$Worker@1719057[State = -1, empty queue]] WARN  server.GrpcLogAppender (GrpcLogAppender.java:timeoutAppendRequest(200)) - GrpcLogAppender(bcbb4469-e902-4083-b3d9-1bab9ea4cd29->e7b9916e-4eca-4156-a086-839e4ffd13a0): appendEntries Timeout, request=bcbb4469-e902-4083-b3d9-1bab9ea4cd29->e7b9916e-4eca-4156-a086-839e4ffd13a0#131-t2, previous=(t:2, i:30), leaderCommit=29, initializing? false, entries: <empty>
2019-08-29 08:34:39,276 | INFO  | SCMAudit | user=jenkins1000 | ip=192.168.69.89 | op=SEND_HEARTBEAT {datanodeUUID=129685ee-8122-4333-8930-3eeb8cf836af, command=[]} | ret=SUCCESS |  
2019-08-29 08:34:39,398 | INFO  | SCMAudit | user=jenkins1000 | ip=192.168.69.89 | op=SEND_HEARTBEAT {datanodeUUID=7a9bfe55-9a1e-4d2f-9ebd-558835cfe40a, command=[]} | ret=SUCCESS |  
2019-08-29 08:34:39,399 [java.util.concurrent.ThreadPoolExecutor$Worker@4232d1d8[State = -1, empty queue]] WARN  server.GrpcLogAppender (GrpcLogAppender.java:timeoutAppendRequest(200)) - GrpcLogAppender(02bf3283-c6bf-4588-a57c-baa459038378->4da055f9-cd9d-4c6f-9ab8-147a42717fcf): appendEntries Timeout, request=02bf3283-c6bf-4588-a57c-baa459038378->4da055f9-cd9d-4c6f-9ab8-147a42717fcf#78-t3, previous=(t:3, i:18), leaderCommit=17, initializing? false, entries: <empty>
2019-08-29 08:34:39,399 [java.util.concurrent.ThreadPoolExecutor$Worker@1d54cbf9[State = -1, empty queue]] WARN  server.GrpcLogAppender (GrpcLogAppender.java:timeoutAppendRequest(200)) - GrpcLogAppender(02bf3283-c6bf-4588-a57c-baa459038378->f0c18ce4-0e5b-4823-99c8-fd716531bc5f): appendEntries Timeout, request=02bf3283-c6bf-4588-a57c-baa459038378->f0c18ce4-0e5b-4823-99c8-fd716531bc5f#78-t3, previous=(t:3, i:18), leaderCommit=17, initializing? false, entries: <empty>
2019-08-29 08:34:39,512 | INFO  | SCMAudit | user=jenkins1000 | ip=192.168.69.89 | op=SEND_HEARTBEAT {datanodeUUID=f0c18ce4-0e5b-4823-99c8-fd716531bc5f, command=[]} | ret=SUCCESS |  
2019-08-29 08:34:39,512 | INFO  | SCMAudit | user=jenkins1000 | ip=192.168.69.89 | op=SEND_HEARTBEAT {datanodeUUID=4da055f9-cd9d-4c6f-9ab8-147a42717fcf, command=[]} | ret=SUCCESS |  
2019-08-29 08:34:39,513 | INFO  | SCMAudit | user=jenkins1000 | ip=192.168.69.89 | op=SEND_HEARTBEAT {datanodeUUID=02bf3283-c6bf-4588-a57c-baa459038378, command=[]} | ret=SUCCESS |  
2019-08-29 08:34:39,639 [java.util.concurrent.ThreadPoolExecutor$Worker@765ccaac[State = -1, empty queue]] WARN  server.GrpcLogAppender (GrpcLogAppender.java:timeoutAppendRequest(200)) - GrpcLogAppender(bcbb4469-e902-4083-b3d9-1bab9ea4cd29->99586f2f-9d87-40a3-9061-4566008201fd): appendEntries Timeout, request=bcbb4469-e902-4083-b3d9-1bab9ea4cd29->99586f2f-9d87-40a3-9061-4566008201fd#132-t2, previous=(t:2, i:30), leaderCommit=29, initializing? false, entries: <empty>
2019-08-29 08:34:39,639 [java.util.concurrent.ThreadPoolExecutor$Worker@1719057[State = -1, empty queue]] WARN  server.GrpcLogAppender (GrpcLogAppender.java:timeoutAppendRequest(200)) - GrpcLogAppender(bcbb4469-e902-4083-b3d9-1bab9ea4cd29->e7b9916e-4eca-4156-a086-839e4ffd13a0): appendEntries Timeout, request=bcbb4469-e902-4083-b3d9-1bab9ea4cd29->e7b9916e-4eca-4156-a086-839e4ffd13a0#132-t2, previous=(t:2, i:30), leaderCommit=29, initializing? false, entries: <empty>
2019-08-29 08:34:39,678 | INFO  | SCMAudit | user=jenkins1000 | ip=192.168.69.89 | op=SEND_HEARTBEAT {datanodeUUID=e7b9916e-4eca-4156-a086-839e4ffd13a0, command=[]} | ret=SUCCESS |  
2019-08-29 08:34:39,679 | INFO  | SCMAudit | user=jenkins1000 | ip=192.168.69.89 | op=SEND_HEARTBEAT {datanodeUUID=bcbb4469-e902-4083-b3d9-1bab9ea4cd29, command=[]} | ret=SUCCESS |  
2019-08-29 08:34:39,681 | INFO  | SCMAudit | user=jenkins1000 | ip=192.168.69.89 | op=SEND_HEARTBEAT {datanodeUUID=99586f2f-9d87-40a3-9061-4566008201fd, command=[]} | ret=SUCCESS |  
2019-08-29 08:34:39,900 [java.util.concurrent.ThreadPoolExecutor$Worker@4232d1d8[State = -1, empty queue]] WARN  server.GrpcLogAppender (GrpcLogAppender.java:timeoutAppendRequest(200)) - GrpcLogAppender(02bf3283-c6bf-4588-a57c-baa459038378->4da055f9-cd9d-4c6f-9ab8-147a42717fcf): appendEntries Timeout, request=02bf3283-c6bf-4588-a57c-baa459038378->4da055f9-cd9d-4c6f-9ab8-147a42717fcf#79-t3, previous=(t:3, i:18), leaderCommit=17, initializing? false, entries: <empty>
2019-08-29 08:34:39,900 [java.util.concurrent.ThreadPoolExecutor$Worker@1d54cbf9[State = -1, empty queue]] WARN  server.GrpcLogAppender (GrpcLogAppender.java:timeoutAppendRequest(200)) - GrpcLogAppender(02bf3283-c6bf-4588-a57c-baa459038378->f0c18ce4-0e5b-4823-99c8-fd716531bc5f): appendEntries Timeout, request=02bf3283-c6bf-4588-a57c-baa459038378->f0c18ce4-0e5b-4823-99c8-fd716531bc5f#79-t3, previous=(t:3, i:18), leaderCommit=17, initializing? false, entries: <empty>
2019-08-29 08:34:40,139 [java.util.concurrent.ThreadPoolExecutor$Worker@765ccaac[State = -1, empty queue]] WARN  server.GrpcLogAppender (GrpcLogAppender.java:timeoutAppendRequest(200)) - GrpcLogAppender(bcbb4469-e902-4083-b3d9-1bab9ea4cd29->99586f2f-9d87-40a3-9061-4566008201fd): appendEntries Timeout, request=bcbb4469-e902-4083-b3d9-1bab9ea4cd29->99586f2f-9d87-40a3-9061-4566008201fd#133-t2, previous=(t:2, i:30), leaderCommit=29, initializing? false, entries: <empty>
2019-08-29 08:34:40,140 [java.util.concurrent.ThreadPoolExecutor$Worker@1719057[State = -1, empty queue]] WARN  server.GrpcLogAppender (GrpcLogAppender.java:timeoutAppendRequest(200)) - GrpcLogAppender(bcbb4469-e902-4083-b3d9-1bab9ea4cd29->e7b9916e-4eca-4156-a086-839e4ffd13a0): appendEntries Timeout, request=bcbb4469-e902-4083-b3d9-1bab9ea4cd29->e7b9916e-4eca-4156-a086-839e4ffd13a0#133-t2, previous=(t:2, i:30), leaderCommit=29, initializing? false, entries: <empty>
2019-08-29 08:34:40,277 | INFO  | SCMAudit | user=jenkins1000 | ip=192.168.69.89 | op=SEND_HEARTBEAT {datanodeUUID=129685ee-8122-4333-8930-3eeb8cf836af, command=[]} | ret=SUCCESS |  
2019-08-29 08:34:40,399 | INFO  | SCMAudit | user=jenkins1000 | ip=192.168.69.89 | op=SEND_HEARTBEAT {datanodeUUID=7a9bfe55-9a1e-4d2f-9ebd-558835cfe40a, command=[]} | ret=SUCCESS |  
2019-08-29 08:34:40,400 [java.util.concurrent.ThreadPoolExecutor$Worker@4232d1d8[State = -1, empty queue]] WARN  server.GrpcLogAppender (GrpcLogAppender.java:timeoutAppendRequest(200)) - GrpcLogAppender(02bf3283-c6bf-4588-a57c-baa459038378->4da055f9-cd9d-4c6f-9ab8-147a42717fcf): appendEntries Timeout, request=02bf3283-c6bf-4588-a57c-baa459038378->4da055f9-cd9d-4c6f-9ab8-147a42717fcf#80-t3, previous=(t:3, i:18), leaderCommit=17, initializing? false, entries: <empty>
2019-08-29 08:34:40,400 [java.util.concurrent.ThreadPoolExecutor$Worker@1d54cbf9[State = -1, empty queue]] WARN  server.GrpcLogAppender (GrpcLogAppender.java:timeoutAppendRequest(200)) - GrpcLogAppender(02bf3283-c6bf-4588-a57c-baa459038378->f0c18ce4-0e5b-4823-99c8-fd716531bc5f): appendEntries Timeout, request=02bf3283-c6bf-4588-a57c-baa459038378->f0c18ce4-0e5b-4823-99c8-fd716531bc5f#80-t3, previous=(t:3, i:18), leaderCommit=17, initializing? false, entries: <empty>
2019-08-29 08:34:40,512 | INFO  | SCMAudit | user=jenkins1000 | ip=192.168.69.89 | op=SEND_HEARTBEAT {datanodeUUID=4da055f9-cd9d-4c6f-9ab8-147a42717fcf, command=[]} | ret=SUCCESS |  
2019-08-29 08:34:40,512 | INFO  | SCMAudit | user=jenkins1000 | ip=192.168.69.89 | op=SEND_HEARTBEAT {datanodeUUID=02bf3283-c6bf-4588-a57c-baa459038378, command=[]} | ret=SUCCESS |  
2019-08-29 08:34:40,512 | INFO  | SCMAudit | user=jenkins1000 | ip=192.168.69.89 | op=SEND_HEARTBEAT {datanodeUUID=f0c18ce4-0e5b-4823-99c8-fd716531bc5f, command=[]} | ret=SUCCESS |  
2019-08-29 08:34:40,641 [java.util.concurrent.ThreadPoolExecutor$Worker@765ccaac[State = -1, empty queue]] WARN  server.GrpcLogAppender (GrpcLogAppender.java:timeoutAppendRequest(200)) - GrpcLogAppender(bcbb4469-e902-4083-b3d9-1bab9ea4cd29->99586f2f-9d87-40a3-9061-4566008201fd): appendEntries Timeout, request=bcbb4469-e902-4083-b3d9-1bab9ea4cd29->99586f2f-9d87-40a3-9061-4566008201fd#134-t2, previous=(t:2, i:30), leaderCommit=29, initializing? false, entries: <empty>
2019-08-29 08:34:40,641 [java.util.concurrent.ThreadPoolExecutor$Worker@1719057[State = -1, empty queue]] WARN  server.GrpcLogAppender (GrpcLogAppender.java:timeoutAppendRequest(200)) - GrpcLogAppender(bcbb4469-e902-4083-b3d9-1bab9ea4cd29->e7b9916e-4eca-4156-a086-839e4ffd13a0): appendEntries Timeout, request=bcbb4469-e902-4083-b3d9-1bab9ea4cd29->e7b9916e-4eca-4156-a086-839e4ffd13a0#134-t2, previous=(t:2, i:30), leaderCommit=29, initializing? false, entries: <empty>
2019-08-29 08:34:40,678 | INFO  | SCMAudit | user=jenkins1000 | ip=192.168.69.89 | op=SEND_HEARTBEAT {datanodeUUID=e7b9916e-4eca-4156-a086-839e4ffd13a0, command=[]} | ret=SUCCESS |  
2019-08-29 08:34:40,679 | INFO  | SCMAudit | user=jenkins1000 | ip=192.168.69.89 | op=SEND_HEARTBEAT {datanodeUUID=bcbb4469-e902-4083-b3d9-1bab9ea4cd29, command=[]} | ret=SUCCESS |  
2019-08-29 08:34:40,680 | INFO  | SCMAudit | user=jenkins1000 | ip=192.168.69.89 | op=SEND_HEARTBEAT {datanodeUUID=99586f2f-9d87-40a3-9061-4566008201fd, command=[]} | ret=SUCCESS |  
2019-08-29 08:34:40,901 [java.util.concurrent.ThreadPoolExecutor$Worker@1d54cbf9[State = -1, empty queue]] WARN  server.GrpcLogAppender (GrpcLogAppender.java:timeoutAppendRequest(200)) - GrpcLogAppender(02bf3283-c6bf-4588-a57c-baa459038378->f0c18ce4-0e5b-4823-99c8-fd716531bc5f): appendEntries Timeout, request=02bf3283-c6bf-4588-a57c-baa459038378->f0c18ce4-0e5b-4823-99c8-fd716531bc5f#81-t3, previous=(t:3, i:18), leaderCommit=17, initializing? false, entries: <empty>
2019-08-29 08:34:40,901 [java.util.concurrent.ThreadPoolExecutor$Worker@4232d1d8[State = -1, empty queue]] WARN  server.GrpcLogAppender (GrpcLogAppender.java:timeoutAppendRequest(200)) - GrpcLogAppender(02bf3283-c6bf-4588-a57c-baa459038378->4da055f9-cd9d-4c6f-9ab8-147a42717fcf): appendEntries Timeout, request=02bf3283-c6bf-4588-a57c-baa459038378->4da055f9-cd9d-4c6f-9ab8-147a42717fcf#81-t3, previous=(t:3, i:18), leaderCommit=17, initializing? false, entries: <empty>
2019-08-29 08:34:41,117 [bcbb4469-e902-4083-b3d9-1bab9ea4cd29-SegmentedRaftLogWorker:Storage Directory /workdir/hadoop-ozone/integration-test/target/test-dir/MiniOzoneClusterImpl-839c4a83-1072-4184-a39a-41aa01fb846d/datanode-6/data/ratis/79f04424-d886-402f-8436-f65937874e2c] WARN  segmented.SegmentedRaftLogWorker (SegmentedRaftLogWorker.java:getFromFuture(90)) - Timeout 2/~
org.apache.ratis.protocol.TimeoutIOException: Timeout 10s: WriteLog:30: (t:2, i:30), STATEMACHINELOGENTRY, client-74F246C92584, cid=65-writeStateMachineData
	at org.apache.ratis.util.IOUtils.getFromFuture(IOUtils.java:87)
	at org.apache.ratis.server.raftlog.segmented.SegmentedRaftLogWorker$StateMachineDataPolicy.getFromFuture(SegmentedRaftLogWorker.java:87)
	at org.apache.ratis.server.raftlog.segmented.SegmentedRaftLogWorker$WriteLog.execute(SegmentedRaftLogWorker.java:477)
	at org.apache.ratis.server.raftlog.segmented.SegmentedRaftLogWorker.run(SegmentedRaftLogWorker.java:289)
	at java.lang.Thread.run(Thread.java:748)
Caused by: java.util.concurrent.TimeoutException
	at java.util.concurrent.CompletableFuture.timedGet(CompletableFuture.java:1771)
	at java.util.concurrent.CompletableFuture.get(CompletableFuture.java:1915)
	at org.apache.ratis.util.IOUtils.getFromFuture(IOUtils.java:79)
	... 4 more
2019-08-29 08:34:41,121 [99586f2f-9d87-40a3-9061-4566008201fd-SegmentedRaftLogWorker:Storage Directory /workdir/hadoop-ozone/integration-test/target/test-dir/MiniOzoneClusterImpl-839c4a83-1072-4184-a39a-41aa01fb846d/datanode-5/data/ratis/79f04424-d886-402f-8436-f65937874e2c] WARN  segmented.SegmentedRaftLogWorker (SegmentedRaftLogWorker.java:getFromFuture(90)) - Timeout 2/~
org.apache.ratis.protocol.TimeoutIOException: Timeout 10s: WriteLog:30: (t:2, i:30), STATEMACHINELOGENTRY, client-74F246C92584, cid=65-writeStateMachineData
	at org.apache.ratis.util.IOUtils.getFromFuture(IOUtils.java:87)
	at org.apache.ratis.server.raftlog.segmented.SegmentedRaftLogWorker$StateMachineDataPolicy.getFromFuture(SegmentedRaftLogWorker.java:87)
	at org.apache.ratis.server.raftlog.segmented.SegmentedRaftLogWorker$WriteLog.execute(SegmentedRaftLogWorker.java:477)
	at org.apache.ratis.server.raftlog.segmented.SegmentedRaftLogWorker.run(SegmentedRaftLogWorker.java:289)
	at java.lang.Thread.run(Thread.java:748)
Caused by: java.util.concurrent.TimeoutException
	at java.util.concurrent.CompletableFuture.timedGet(CompletableFuture.java:1771)
	at java.util.concurrent.CompletableFuture.get(CompletableFuture.java:1915)
	at org.apache.ratis.util.IOUtils.getFromFuture(IOUtils.java:79)
	... 4 more
2019-08-29 08:34:41,122 [e7b9916e-4eca-4156-a086-839e4ffd13a0-SegmentedRaftLogWorker:Storage Directory /workdir/hadoop-ozone/integration-test/target/test-dir/MiniOzoneClusterImpl-839c4a83-1072-4184-a39a-41aa01fb846d/datanode-1/data/ratis/79f04424-d886-402f-8436-f65937874e2c] WARN  segmented.SegmentedRaftLogWorker (SegmentedRaftLogWorker.java:getFromFuture(90)) - Timeout 2/~
org.apache.ratis.protocol.TimeoutIOException: Timeout 10s: WriteLog:30: (t:2, i:30), STATEMACHINELOGENTRY, client-74F246C92584, cid=65-writeStateMachineData
	at org.apache.ratis.util.IOUtils.getFromFuture(IOUtils.java:87)
	at org.apache.ratis.server.raftlog.segmented.SegmentedRaftLogWorker$StateMachineDataPolicy.getFromFuture(SegmentedRaftLogWorker.java:87)
	at org.apache.ratis.server.raftlog.segmented.SegmentedRaftLogWorker$WriteLog.execute(SegmentedRaftLogWorker.java:477)
	at org.apache.ratis.server.raftlog.segmented.SegmentedRaftLogWorker.run(SegmentedRaftLogWorker.java:289)
	at java.lang.Thread.run(Thread.java:748)
Caused by: java.util.concurrent.TimeoutException
	at java.util.concurrent.CompletableFuture.timedGet(CompletableFuture.java:1771)
	at java.util.concurrent.CompletableFuture.get(CompletableFuture.java:1915)
	at org.apache.ratis.util.IOUtils.getFromFuture(IOUtils.java:79)
	... 4 more
2019-08-29 08:34:41,141 [java.util.concurrent.ThreadPoolExecutor$Worker@765ccaac[State = -1, empty queue]] WARN  server.GrpcLogAppender (GrpcLogAppender.java:timeoutAppendRequest(200)) - GrpcLogAppender(bcbb4469-e902-4083-b3d9-1bab9ea4cd29->99586f2f-9d87-40a3-9061-4566008201fd): appendEntries Timeout, request=bcbb4469-e902-4083-b3d9-1bab9ea4cd29->99586f2f-9d87-40a3-9061-4566008201fd#135-t2, previous=(t:2, i:30), leaderCommit=29, initializing? false, entries: <empty>
2019-08-29 08:34:41,141 [java.util.concurrent.ThreadPoolExecutor$Worker@1719057[State = -1, empty queue]] WARN  server.GrpcLogAppender (GrpcLogAppender.java:timeoutAppendRequest(200)) - GrpcLogAppender(bcbb4469-e902-4083-b3d9-1bab9ea4cd29->e7b9916e-4eca-4156-a086-839e4ffd13a0): appendEntries Timeout, request=bcbb4469-e902-4083-b3d9-1bab9ea4cd29->e7b9916e-4eca-4156-a086-839e4ffd13a0#135-t2, previous=(t:2, i:30), leaderCommit=29, initializing? false, entries: <empty>
2019-08-29 08:34:41,277 | INFO  | SCMAudit | user=jenkins1000 | ip=192.168.69.89 | op=SEND_HEARTBEAT {datanodeUUID=129685ee-8122-4333-8930-3eeb8cf836af, command=[]} | ret=SUCCESS |  
2019-08-29 08:34:41,398 | INFO  | SCMAudit | user=jenkins1000 | ip=192.168.69.89 | op=SEND_HEARTBEAT {datanodeUUID=7a9bfe55-9a1e-4d2f-9ebd-558835cfe40a, command=[]} | ret=SUCCESS |  
2019-08-29 08:34:41,401 [java.util.concurrent.ThreadPoolExecutor$Worker@4232d1d8[State = -1, empty queue]] WARN  server.GrpcLogAppender (GrpcLogAppender.java:timeoutAppendRequest(200)) - GrpcLogAppender(02bf3283-c6bf-4588-a57c-baa459038378->4da055f9-cd9d-4c6f-9ab8-147a42717fcf): appendEntries Timeout, request=02bf3283-c6bf-4588-a57c-baa459038378->4da055f9-cd9d-4c6f-9ab8-147a42717fcf#82-t3, previous=(t:3, i:18), leaderCommit=17, initializing? false, entries: <empty>
2019-08-29 08:34:41,401 [java.util.concurrent.ThreadPoolExecutor$Worker@1d54cbf9[State = -1, empty queue]] WARN  server.GrpcLogAppender (GrpcLogAppender.java:timeoutAppendRequest(200)) - GrpcLogAppender(02bf3283-c6bf-4588-a57c-baa459038378->f0c18ce4-0e5b-4823-99c8-fd716531bc5f): appendEntries Timeout, request=02bf3283-c6bf-4588-a57c-baa459038378->f0c18ce4-0e5b-4823-99c8-fd716531bc5f#82-t3, previous=(t:3, i:18), leaderCommit=17, initializing? false, entries: <empty>
2019-08-29 08:34:41,512 | INFO  | SCMAudit | user=jenkins1000 | ip=192.168.69.89 | op=SEND_HEARTBEAT {datanodeUUID=4da055f9-cd9d-4c6f-9ab8-147a42717fcf, command=[]} | ret=SUCCESS |  
2019-08-29 08:34:41,513 [grpc-default-executor-3] INFO  client.GrpcClientProtocolClient (GrpcClientProtocolClient.java:onNext(255)) - client-70F2772B880A->4da055f9-cd9d-4c6f-9ab8-147a42717fcf: receive RaftClientReply:client-70F2772B880A->4da055f9-cd9d-4c6f-9ab8-147a42717fcf@group-4C1082AB210C, cid=69, FAILED org.apache.ratis.protocol.NotLeaderException: Server 4da055f9-cd9d-4c6f-9ab8-147a42717fcf is not the leader (02bf3283-c6bf-4588-a57c-baa459038378:192.168.69.89:46486). Request must be sent to leader., logIndex=0, commits[4da055f9-cd9d-4c6f-9ab8-147a42717fcf:c17, 02bf3283-c6bf-4588-a57c-baa459038378:c17, f0c18ce4-0e5b-4823-99c8-fd716531bc5f:c17]
2019-08-29 08:34:41,515 | INFO  | SCMAudit | user=jenkins1000 | ip=192.168.69.89 | op=SEND_HEARTBEAT {datanodeUUID=02bf3283-c6bf-4588-a57c-baa459038378, command=[]} | ret=SUCCESS |  
2019-08-29 08:34:41,515 | INFO  | SCMAudit | user=jenkins1000 | ip=192.168.69.89 | op=SEND_HEARTBEAT {datanodeUUID=f0c18ce4-0e5b-4823-99c8-fd716531bc5f, command=[]} | ret=SUCCESS |  
2019-08-29 08:34:41,524 [main] WARN  io.KeyOutputStream (KeyOutputStream.java:handleException(276)) - Encountered exception java.io.IOException: Unexpected Storage Container Exception: java.util.concurrent.CompletionException: java.util.concurrent.CompletionException: org.apache.ratis.protocol.RaftRetryFailureException: Failed RaftClientRequest:client-70F2772B880A->4da055f9-cd9d-4c6f-9ab8-147a42717fcf@group-4C1082AB210C, cid=69, seq=1*, RW, org.apache.hadoop.hdds.scm.XceiverClientRatis$$Lambda$600/1198045532@2de5832f for 10 attempts with RetryLimited(maxAttempts=10, sleepTime=1000ms) on the pipeline Pipeline[ Id: a6019285-0027-46c6-9b76-4c1082ab210c, Nodes: 4da055f9-cd9d-4c6f-9ab8-147a42717fcf{ip: 192.168.69.89, host: pr-hdds-1569-7rqkn-550228749, networkLocation: /default-rack, certSerialId: null}02bf3283-c6bf-4588-a57c-baa459038378{ip: 192.168.69.89, host: pr-hdds-1569-7rqkn-550228749, networkLocation: /default-rack, certSerialId: null}f0c18ce4-0e5b-4823-99c8-fd716531bc5f{ip: 192.168.69.89, host: pr-hdds-1569-7rqkn-550228749, networkLocation: /default-rack, certSerialId: null}, Type:RATIS, Factor:THREE, State:OPEN]. The last committed block length is 0, uncommitted data length is 2097152 retry count 2
2019-08-29 08:34:41,551 [IPC Server handler 11 on 39120] WARN  block.BlockManagerImpl (BlockManagerImpl.java:allocateBlock(192)) - Pipeline creation failed for type:RATIS factor:THREE. Retrying get pipelines call once.
org.apache.hadoop.hdds.scm.pipeline.InsufficientDatanodesException: Cannot create pipeline of factor 3 using 1 nodes.
	at org.apache.hadoop.hdds.scm.pipeline.RatisPipelineProvider.create(RatisPipelineProvider.java:151)
	at org.apache.hadoop.hdds.scm.pipeline.PipelineFactory.create(PipelineFactory.java:57)
	at org.apache.hadoop.hdds.scm.pipeline.SCMPipelineManager.createPipeline(SCMPipelineManager.java:149)
	at org.apache.hadoop.hdds.scm.block.BlockManagerImpl.allocateBlock(BlockManagerImpl.java:190)
	at org.apache.hadoop.hdds.scm.server.SCMBlockProtocolServer.allocateBlock(SCMBlockProtocolServer.java:175)
	at org.apache.hadoop.ozone.protocolPB.ScmBlockLocationProtocolServerSideTranslatorPB.allocateScmBlock(ScmBlockLocationProtocolServerSideTranslatorPB.java:153)
	at org.apache.hadoop.ozone.protocolPB.ScmBlockLocationProtocolServerSideTranslatorPB.send(ScmBlockLocationProtocolServerSideTranslatorPB.java:112)
	at org.apache.hadoop.hdds.protocol.proto.ScmBlockLocationProtocolProtos$ScmBlockLocationProtocolService$2.callBlockingMethod(ScmBlockLocationProtocolProtos.java:13157)
	at org.apache.hadoop.ipc.ProtobufRpcEngine$Server$ProtoBufRpcInvoker.call(ProtobufRpcEngine.java:524)
	at org.apache.hadoop.ipc.RPC$Server.call(RPC.java:1025)
	at org.apache.hadoop.ipc.Server$RpcCall.run(Server.java:876)
	at org.apache.hadoop.ipc.Server$RpcCall.run(Server.java:822)
	at java.security.AccessController.doPrivileged(Native Method)
	at javax.security.auth.Subject.doAs(Subject.java:422)
	at org.apache.hadoop.security.UserGroupInformation.doAs(UserGroupInformation.java:1730)
	at org.apache.hadoop.ipc.Server$Handler.run(Server.java:2682)
2019-08-29 08:34:41,552 [IPC Server handler 11 on 39120] INFO  block.BlockManagerImpl (BlockManagerImpl.java:allocateBlock(198)) - Could not find available pipeline of type:RATIS and factor:THREE even after retrying
2019-08-29 08:34:41,552 [IPC Server handler 11 on 39120] ERROR block.BlockManagerImpl (BlockManagerImpl.java:allocateBlock(222)) - Unable to allocate a block for the size: 4194304, type: RATIS, factor: THREE
2019-08-29 08:34:41,552 | INFO  | SCMAudit | user=jenkins1000 | ip=192.168.69.89 | op=ALLOCATE_BLOCK {owner=6e9d6dc0-e410-4131-a9fb-1686458013f7, size=4194304, type=RATIS, factor=THREE} | ret=SUCCESS |  
2019-08-29 08:34:41,555 | ERROR | OMAudit | user=jenkins1000 | ip=127.0.0.1 | op=ALLOCATE_BLOCK {volume=datanodefailurehandlingtest, bucket=datanodefailurehandlingtest, key=0de24179-cc66-419b-b9b0-7ec105897008, dataSize=0, replicationType=null, replicationFactor=null, keyLocationInfo=null, clientID=102699343041462272} | ret=FAILURE | org.apache.hadoop.hdds.scm.exceptions.SCMException: Allocated 0 blocks. Requested 1 blocks
	at org.apache.hadoop.hdds.scm.protocolPB.ScmBlockLocationProtocolClientSideTranslatorPB.handleError(ScmBlockLocationProtocolClientSideTranslatorPB.java:118)
	at org.apache.hadoop.hdds.scm.protocolPB.ScmBlockLocationProtocolClientSideTranslatorPB.allocateBlock(ScmBlockLocationProtocolClientSideTranslatorPB.java:156) 
2019-08-29 08:34:41,559 [main] ERROR io.BlockOutputStreamEntryPool (BlockOutputStreamEntryPool.java:allocateBlockIfNeeded(299)) - Try to allocate more blocks for write failed, already allocated 0 blocks for this write.
INTERNAL_ERROR org.apache.hadoop.ozone.om.exceptions.OMException: Allocated 0 blocks. Requested 1 blocks
	at org.apache.hadoop.ozone.om.protocolPB.OzoneManagerProtocolClientSideTranslatorPB.handleError(OzoneManagerProtocolClientSideTranslatorPB.java:725)
	at org.apache.hadoop.ozone.om.protocolPB.OzoneManagerProtocolClientSideTranslatorPB.allocateBlock(OzoneManagerProtocolClientSideTranslatorPB.java:757)
	at org.apache.hadoop.ozone.client.io.BlockOutputStreamEntryPool.allocateNewBlock(BlockOutputStreamEntryPool.java:248)
	at org.apache.hadoop.ozone.client.io.BlockOutputStreamEntryPool.allocateBlockIfNeeded(BlockOutputStreamEntryPool.java:296)
	at org.apache.hadoop.ozone.client.io.KeyOutputStream.handleWrite(KeyOutputStream.java:201)
	at org.apache.hadoop.ozone.client.io.KeyOutputStream.handleRetry(KeyOutputStream.java:376)
	at org.apache.hadoop.ozone.client.io.KeyOutputStream.handleException(KeyOutputStream.java:325)
	at org.apache.hadoop.ozone.client.io.KeyOutputStream.handleWrite(KeyOutputStream.java:231)
	at org.apache.hadoop.ozone.client.io.KeyOutputStream.handleRetry(KeyOutputStream.java:376)
	at org.apache.hadoop.ozone.client.io.KeyOutputStream.handleException(KeyOutputStream.java:325)
	at org.apache.hadoop.ozone.client.io.KeyOutputStream.handleWrite(KeyOutputStream.java:231)
	at org.apache.hadoop.ozone.client.io.KeyOutputStream.handleRetry(KeyOutputStream.java:376)
	at org.apache.hadoop.ozone.client.io.KeyOutputStream.handleException(KeyOutputStream.java:325)
	at org.apache.hadoop.ozone.client.io.KeyOutputStream.handleWrite(KeyOutputStream.java:231)
	at org.apache.hadoop.ozone.client.io.KeyOutputStream.write(KeyOutputStream.java:193)
	at org.apache.hadoop.ozone.client.io.OzoneOutputStream.write(OzoneOutputStream.java:49)
	at java.io.OutputStream.write(OutputStream.java:75)
	at org.apache.hadoop.ozone.client.rpc.TestMultiBlockWritesWithDnFailures.testMultiBlockWritesWithIntermittentDnFailures(TestMultiBlockWritesWithDnFailures.java:196)
	at sun.reflect.NativeMethodAccessorImpl.invoke0(Native Method)
	at sun.reflect.NativeMethodAccessorImpl.invoke(NativeMethodAccessorImpl.java:62)
	at sun.reflect.DelegatingMethodAccessorImpl.invoke(DelegatingMethodAccessorImpl.java:43)
	at java.lang.reflect.Method.invoke(Method.java:498)
	at org.junit.runners.model.FrameworkMethod$1.runReflectiveCall(FrameworkMethod.java:47)
	at org.junit.internal.runners.model.ReflectiveCallable.run(ReflectiveCallable.java:12)
	at org.junit.runners.model.FrameworkMethod.invokeExplosively(FrameworkMethod.java:44)
	at org.junit.internal.runners.statements.InvokeMethod.evaluate(InvokeMethod.java:17)
	at org.junit.internal.runners.statements.RunAfters.evaluate(RunAfters.java:27)
	at org.junit.runners.ParentRunner.runLeaf(ParentRunner.java:271)
	at org.junit.runners.BlockJUnit4ClassRunner.runChild(BlockJUnit4ClassRunner.java:70)
	at org.junit.runners.BlockJUnit4ClassRunner.runChild(BlockJUnit4ClassRunner.java:50)
	at org.junit.runners.ParentRunner$3.run(ParentRunner.java:238)
	at org.junit.runners.ParentRunner$1.schedule(ParentRunner.java:63)
	at org.junit.runners.ParentRunner.runChildren(ParentRunner.java:236)
	at org.junit.runners.ParentRunner.access$000(ParentRunner.java:53)
	at org.junit.runners.ParentRunner$2.evaluate(ParentRunner.java:229)
	at org.junit.runners.ParentRunner.run(ParentRunner.java:309)
	at org.apache.maven.surefire.junit4.JUnit4Provider.execute(JUnit4Provider.java:365)
	at org.apache.maven.surefire.junit4.JUnit4Provider.executeWithRerun(JUnit4Provider.java:273)
	at org.apache.maven.surefire.junit4.JUnit4Provider.executeTestSet(JUnit4Provider.java:238)
	at org.apache.maven.surefire.junit4.JUnit4Provider.invoke(JUnit4Provider.java:159)
	at org.apache.maven.surefire.booter.ForkedBooter.invokeProviderInSameClassLoader(ForkedBooter.java:384)
	at org.apache.maven.surefire.booter.ForkedBooter.runSuitesInProcess(ForkedBooter.java:345)
	at org.apache.maven.surefire.booter.ForkedBooter.execute(ForkedBooter.java:126)
	at org.apache.maven.surefire.booter.ForkedBooter.main(ForkedBooter.java:418)
2019-08-29 08:34:41,560 [main] INFO  ozone.MiniOzoneClusterImpl (MiniOzoneClusterImpl.java:shutdown(321)) - Shutting down the Mini Ozone Cluster
2019-08-29 08:34:41,560 | INFO  | SCMAudit | user=null | ip=null | op=GET_SCM_INFO null | ret=SUCCESS |  
2019-08-29 08:34:41,561 [main] INFO  ozone.MiniOzoneClusterImpl (MiniOzoneClusterImpl.java:stop(336)) - Stopping the Mini Ozone Cluster
2019-08-29 08:34:41,561 [main] INFO  ozone.MiniOzoneClusterImpl (MiniOzoneClusterImpl.java:stop(338)) - Stopping the OzoneManager
2019-08-29 08:34:41,561 [main] INFO  ipc.Server (Server.java:stop(3082)) - Stopping server on 44383
2019-08-29 08:34:41,577 [IPC Server listener on 44383] INFO  ipc.Server (Server.java:run(1185)) - Stopping IPC Server listener on 44383
2019-08-29 08:34:41,581 [main] INFO  ratis.OzoneManagerDoubleBuffer (OzoneManagerDoubleBuffer.java:stop(248)) - Stopping OMDoubleBuffer flush thread
2019-08-29 08:34:41,581 [IPC Server Responder] INFO  ipc.Server (Server.java:run(1319)) - Stopping IPC Server Responder
2019-08-29 08:34:41,592 [OMDoubleBufferFlushThread] INFO  ratis.OzoneManagerDoubleBuffer (OzoneManagerDoubleBuffer.java:flushTransactions(191)) - OMDoubleBuffer flush thread OMDoubleBufferFlushThread is interrupted and will exit. OMDoubleBufferFlushThread
2019-08-29 08:34:41,611 [main] INFO  utils.BackgroundService (BackgroundService.java:shutdown(148)) - Shutting down service KeyDeletingService
2019-08-29 08:34:41,614 [main] INFO  handler.ContextHandler (ContextHandler.java:doStop(910)) - Stopped o.e.j.w.WebAppContext@69c93ca4{/,null,UNAVAILABLE}{/ozoneManager}
2019-08-29 08:34:41,615 [main] INFO  server.AbstractConnector (AbstractConnector.java:doStop(318)) - Stopped ServerConnector@63da207f{HTTP/1.1,[http/1.1]}{0.0.0.0:0}
2019-08-29 08:34:41,616 [main] INFO  handler.ContextHandler (ContextHandler.java:doStop(910)) - Stopped o.e.j.s.ServletContextHandler@64138b0c{/static,file:///workdir/hadoop-ozone/integration-test/target/test-classes/webapps/static,UNAVAILABLE}
2019-08-29 08:34:41,616 [main] INFO  handler.ContextHandler (ContextHandler.java:doStop(910)) - Stopped o.e.j.s.ServletContextHandler@4d74c3ba{/logs,file:///workdir/hadoop-ozone/integration-test/target/log,UNAVAILABLE}
2019-08-29 08:34:41,641 [java.util.concurrent.ThreadPoolExecutor$Worker@765ccaac[State = -1, empty queue]] WARN  server.GrpcLogAppender (GrpcLogAppender.java:timeoutAppendRequest(200)) - GrpcLogAppender(bcbb4469-e902-4083-b3d9-1bab9ea4cd29->99586f2f-9d87-40a3-9061-4566008201fd): appendEntries Timeout, request=bcbb4469-e902-4083-b3d9-1bab9ea4cd29->99586f2f-9d87-40a3-9061-4566008201fd#136-t2, previous=(t:2, i:30), leaderCommit=29, initializing? false, entries: <empty>
2019-08-29 08:34:41,641 [java.util.concurrent.ThreadPoolExecutor$Worker@1719057[State = -1, empty queue]] WARN  server.GrpcLogAppender (GrpcLogAppender.java:timeoutAppendRequest(200)) - GrpcLogAppender(bcbb4469-e902-4083-b3d9-1bab9ea4cd29->e7b9916e-4eca-4156-a086-839e4ffd13a0): appendEntries Timeout, request=bcbb4469-e902-4083-b3d9-1bab9ea4cd29->e7b9916e-4eca-4156-a086-839e4ffd13a0#136-t2, previous=(t:2, i:30), leaderCommit=29, initializing? false, entries: <empty>
2019-08-29 08:34:41,679 | INFO  | SCMAudit | user=jenkins1000 | ip=192.168.69.89 | op=SEND_HEARTBEAT {datanodeUUID=e7b9916e-4eca-4156-a086-839e4ffd13a0, command=[]} | ret=SUCCESS |  
2019-08-29 08:34:41,679 | INFO  | SCMAudit | user=jenkins1000 | ip=192.168.69.89 | op=SEND_HEARTBEAT {datanodeUUID=bcbb4469-e902-4083-b3d9-1bab9ea4cd29, command=[]} | ret=SUCCESS |  
2019-08-29 08:34:41,680 | INFO  | SCMAudit | user=jenkins1000 | ip=192.168.69.89 | op=SEND_HEARTBEAT {datanodeUUID=99586f2f-9d87-40a3-9061-4566008201fd, command=[]} | ret=SUCCESS |  
2019-08-29 08:34:42,170 [java.util.concurrent.ThreadPoolExecutor$Worker@1d54cbf9[State = -1, empty queue]] WARN  server.GrpcLogAppender (GrpcLogAppender.java:timeoutAppendRequest(200)) - GrpcLogAppender(02bf3283-c6bf-4588-a57c-baa459038378->f0c18ce4-0e5b-4823-99c8-fd716531bc5f): appendEntries Timeout, request=02bf3283-c6bf-4588-a57c-baa459038378->f0c18ce4-0e5b-4823-99c8-fd716531bc5f#83-t3, previous=(t:3, i:18), leaderCommit=17, initializing? false, entries: <empty>
2019-08-29 08:34:42,170 [SCM Heartbeat Processing Thread - 0] ERROR node.NodeStateManager (NodeStateManager.java:checkNodesHealth(635)) - Total time spend processing datanode HB's is greater than configured values for datanode heartbeats. Please adjust the heartbeat configs. Time Spend on HB processing: 0 seconds Datanode heartbeat Interval: 100 seconds.
2019-08-29 08:34:42,170 [java.util.concurrent.ThreadPoolExecutor$Worker@1719057[State = -1, empty queue]] WARN  server.GrpcLogAppender (GrpcLogAppender.java:timeoutAppendRequest(200)) - GrpcLogAppender(bcbb4469-e902-4083-b3d9-1bab9ea4cd29->e7b9916e-4eca-4156-a086-839e4ffd13a0): appendEntries Timeout, request=bcbb4469-e902-4083-b3d9-1bab9ea4cd29->e7b9916e-4eca-4156-a086-839e4ffd13a0#137-t2, previous=(t:2, i:30), leaderCommit=29, initializing? false, entries: <empty>
2019-08-29 08:34:42,170 [java.util.concurrent.ThreadPoolExecutor$Worker@765ccaac[State = -1, empty queue]] WARN  server.GrpcLogAppender (GrpcLogAppender.java:timeoutAppendRequest(200)) - GrpcLogAppender(bcbb4469-e902-4083-b3d9-1bab9ea4cd29->99586f2f-9d87-40a3-9061-4566008201fd): appendEntries Timeout, request=bcbb4469-e902-4083-b3d9-1bab9ea4cd29->99586f2f-9d87-40a3-9061-4566008201fd#137-t2, previous=(t:2, i:30), leaderCommit=29, initializing? false, entries: <empty>
2019-08-29 08:34:42,170 [java.util.concurrent.ThreadPoolExecutor$Worker@4232d1d8[State = -1, empty queue]] WARN  server.GrpcLogAppender (GrpcLogAppender.java:timeoutAppendRequest(200)) - GrpcLogAppender(02bf3283-c6bf-4588-a57c-baa459038378->4da055f9-cd9d-4c6f-9ab8-147a42717fcf): appendEntries Timeout, request=02bf3283-c6bf-4588-a57c-baa459038378->4da055f9-cd9d-4c6f-9ab8-147a42717fcf#83-t3, previous=(t:3, i:18), leaderCommit=17, initializing? false, entries: <empty>
2019-08-29 08:34:42,170 [129685ee-8122-4333-8930-3eeb8cf836af:group-4F259F9E67CD:LeaderElection37] INFO  impl.LeaderElection (LeaderElection.java:askForVotes(181)) - 129685ee-8122-4333-8930-3eeb8cf836af:group-4F259F9E67CD:LeaderElection37: begin an election at term 12 for 0: [802c6c9d-4843-417e-8983-b6e40533cc1c:192.168.69.89:37103, 129685ee-8122-4333-8930-3eeb8cf836af:192.168.69.89:45580, fe546585-3c52-42ae-8754-1a35dad17d3f:192.168.69.89:45996], old=null
2019-08-29 08:34:42,172 [main] INFO  ozone.MiniOzoneClusterImpl (MiniOzoneClusterImpl.java:stop(344)) - Shutting the HddsDatanodes
2019-08-29 08:34:42,173 [main] INFO  datanode.ObjectStoreHandler (ObjectStoreHandler.java:close(155)) - Closing ObjectStoreHandler.
2019-08-29 08:34:42,174 [main] INFO  ozone.HddsDatanodeService (HddsDatanodeService.java:stop(451)) - Stopped plug-in org.apache.hadoop.ozone.web.OzoneHddsDatanodeService@799c8758
2019-08-29 08:34:42,174 [ForkJoinPool.commonPool-worker-1] INFO  datanode.ObjectStoreHandler (ObjectStoreHandler.java:close(155)) - Closing ObjectStoreHandler.
2019-08-29 08:34:42,177 [129685ee-8122-4333-8930-3eeb8cf836af:group-4F259F9E67CD:LeaderElection37] INFO  impl.LeaderElection (LogUtils.java:infoOrTrace(149)) - 129685ee-8122-4333-8930-3eeb8cf836af:group-4F259F9E67CD:LeaderElection37 got exception when requesting votes: {}
java.util.concurrent.ExecutionException: org.apache.ratis.thirdparty.io.grpc.StatusRuntimeException: UNAVAILABLE: io exception
	at java.util.concurrent.FutureTask.report(FutureTask.java:122)
	at java.util.concurrent.FutureTask.get(FutureTask.java:192)
	at org.apache.ratis.server.impl.LeaderElection.waitForResults(LeaderElection.java:262)
	at org.apache.ratis.server.impl.LeaderElection.askForVotes(LeaderElection.java:200)
	at org.apache.ratis.server.impl.LeaderElection.run(LeaderElection.java:130)
	at java.lang.Thread.run(Thread.java:748)
Caused by: org.apache.ratis.thirdparty.io.grpc.StatusRuntimeException: UNAVAILABLE: io exception
	at org.apache.ratis.thirdparty.io.grpc.stub.ClientCalls.toStatusRuntimeException(ClientCalls.java:233)
	at org.apache.ratis.thirdparty.io.grpc.stub.ClientCalls.getUnchecked(ClientCalls.java:214)
	at org.apache.ratis.thirdparty.io.grpc.stub.ClientCalls.blockingUnaryCall(ClientCalls.java:139)
	at org.apache.ratis.proto.grpc.RaftServerProtocolServiceGrpc$RaftServerProtocolServiceBlockingStub.requestVote(RaftServerProtocolServiceGrpc.java:265)
	at org.apache.ratis.grpc.server.GrpcServerProtocolClient.requestVote(GrpcServerProtocolClient.java:83)
	at org.apache.ratis.grpc.server.GrpcService.requestVote(GrpcService.java:195)
	at org.apache.ratis.server.impl.LeaderElection.lambda$submitRequests$1(LeaderElection.java:237)
	at java.util.concurrent.FutureTask.run(FutureTask.java:266)
	at java.util.concurrent.Executors$RunnableAdapter.call(Executors.java:511)
	at java.util.concurrent.FutureTask.run(FutureTask.java:266)
	at java.util.concurrent.ThreadPoolExecutor.runWorker(ThreadPoolExecutor.java:1149)
	at java.util.concurrent.ThreadPoolExecutor$Worker.run(ThreadPoolExecutor.java:624)
	... 1 more
Caused by: org.apache.ratis.thirdparty.io.netty.channel.AbstractChannel$AnnotatedConnectException: Connection refused: /192.168.69.89:37103
	at sun.nio.ch.SocketChannelImpl.checkConnect(Native Method)
	at sun.nio.ch.SocketChannelImpl.finishConnect(SocketChannelImpl.java:717)
	at org.apache.ratis.thirdparty.io.netty.channel.socket.nio.NioSocketChannel.doFinishConnect(NioSocketChannel.java:327)
	at org.apache.ratis.thirdparty.io.netty.channel.nio.AbstractNioChannel$AbstractNioUnsafe.finishConnect(AbstractNioChannel.java:340)
	at org.apache.ratis.thirdparty.io.netty.channel.nio.NioEventLoop.processSelectedKey(NioEventLoop.java:632)
	at org.apache.ratis.thirdparty.io.netty.channel.nio.NioEventLoop.processSelectedKeysOptimized(NioEventLoop.java:579)
	at org.apache.ratis.thirdparty.io.netty.channel.nio.NioEventLoop.processSelectedKeys(NioEventLoop.java:496)
	at org.apache.ratis.thirdparty.io.netty.channel.nio.NioEventLoop.run(NioEventLoop.java:458)
	at org.apache.ratis.thirdparty.io.netty.util.concurrent.SingleThreadEventExecutor$5.run(SingleThreadEventExecutor.java:897)
	at org.apache.ratis.thirdparty.io.netty.util.concurrent.FastThreadLocalRunnable.run(FastThreadLocalRunnable.java:30)
	... 1 more
Caused by: java.net.ConnectException: Connection refused
	... 11 more
2019-08-29 08:34:42,178 [ForkJoinPool.commonPool-worker-1] INFO  ozone.HddsDatanodeService (HddsDatanodeService.java:stop(451)) - Stopped plug-in org.apache.hadoop.ozone.web.OzoneHddsDatanodeService@5e905f2c
2019-08-29 08:34:42,186 [129685ee-8122-4333-8930-3eeb8cf836af:group-4F259F9E67CD:LeaderElection37] INFO  impl.LeaderElection (LogUtils.java:infoOrTrace(149)) - 129685ee-8122-4333-8930-3eeb8cf836af:group-4F259F9E67CD:LeaderElection37 got exception when requesting votes: {}
java.util.concurrent.ExecutionException: org.apache.ratis.thirdparty.io.grpc.StatusRuntimeException: UNAVAILABLE: io exception
	at java.util.concurrent.FutureTask.report(FutureTask.java:122)
	at java.util.concurrent.FutureTask.get(FutureTask.java:192)
	at org.apache.ratis.server.impl.LeaderElection.waitForResults(LeaderElection.java:262)
	at org.apache.ratis.server.impl.LeaderElection.askForVotes(LeaderElection.java:200)
	at org.apache.ratis.server.impl.LeaderElection.run(LeaderElection.java:130)
	at java.lang.Thread.run(Thread.java:748)
Caused by: org.apache.ratis.thirdparty.io.grpc.StatusRuntimeException: UNAVAILABLE: io exception
	at org.apache.ratis.thirdparty.io.grpc.stub.ClientCalls.toStatusRuntimeException(ClientCalls.java:233)
	at org.apache.ratis.thirdparty.io.grpc.stub.ClientCalls.getUnchecked(ClientCalls.java:214)
	at org.apache.ratis.thirdparty.io.grpc.stub.ClientCalls.blockingUnaryCall(ClientCalls.java:139)
	at org.apache.ratis.proto.grpc.RaftServerProtocolServiceGrpc$RaftServerProtocolServiceBlockingStub.requestVote(RaftServerProtocolServiceGrpc.java:265)
	at org.apache.ratis.grpc.server.GrpcServerProtocolClient.requestVote(GrpcServerProtocolClient.java:83)
	at org.apache.ratis.grpc.server.GrpcService.requestVote(GrpcService.java:195)
	at org.apache.ratis.server.impl.LeaderElection.lambda$submitRequests$1(LeaderElection.java:237)
	at java.util.concurrent.FutureTask.run(FutureTask.java:266)
	at java.util.concurrent.Executors$RunnableAdapter.call(Executors.java:511)
	at java.util.concurrent.FutureTask.run(FutureTask.java:266)
	at java.util.concurrent.ThreadPoolExecutor.runWorker(ThreadPoolExecutor.java:1149)
	at java.util.concurrent.ThreadPoolExecutor$Worker.run(ThreadPoolExecutor.java:624)
	... 1 more
Caused by: org.apache.ratis.thirdparty.io.netty.channel.AbstractChannel$AnnotatedConnectException: Connection refused: /192.168.69.89:45996
	at sun.nio.ch.SocketChannelImpl.checkConnect(Native Method)
	at sun.nio.ch.SocketChannelImpl.finishConnect(SocketChannelImpl.java:717)
	at org.apache.ratis.thirdparty.io.netty.channel.socket.nio.NioSocketChannel.doFinishConnect(NioSocketChannel.java:327)
	at org.apache.ratis.thirdparty.io.netty.channel.nio.AbstractNioChannel$AbstractNioUnsafe.finishConnect(AbstractNioChannel.java:340)
	at org.apache.ratis.thirdparty.io.netty.channel.nio.NioEventLoop.processSelectedKey(NioEventLoop.java:632)
	at org.apache.ratis.thirdparty.io.netty.channel.nio.NioEventLoop.processSelectedKeysOptimized(NioEventLoop.java:579)
	at org.apache.ratis.thirdparty.io.netty.channel.nio.NioEventLoop.processSelectedKeys(NioEventLoop.java:496)
	at org.apache.ratis.thirdparty.io.netty.channel.nio.NioEventLoop.run(NioEventLoop.java:458)
	at org.apache.ratis.thirdparty.io.netty.util.concurrent.SingleThreadEventExecutor$5.run(SingleThreadEventExecutor.java:897)
	at org.apache.ratis.thirdparty.io.netty.util.concurrent.FastThreadLocalRunnable.run(FastThreadLocalRunnable.java:30)
	... 1 more
Caused by: java.net.ConnectException: Connection refused
	... 11 more
2019-08-29 08:34:42,200 [129685ee-8122-4333-8930-3eeb8cf836af:group-4F259F9E67CD:LeaderElection37] INFO  impl.LeaderElection (LeaderElection.java:logAndReturn(56)) - 129685ee-8122-4333-8930-3eeb8cf836af:group-4F259F9E67CD:LeaderElection37: Election REJECTED; received 0 response(s) [] and 2 exception(s); 129685ee-8122-4333-8930-3eeb8cf836af:t12, leader=null, voted=129685ee-8122-4333-8930-3eeb8cf836af, raftlog=129685ee-8122-4333-8930-3eeb8cf836af-SegmentedRaftLog:OPENED:c16,f16,i16, conf=0: [802c6c9d-4843-417e-8983-b6e40533cc1c:192.168.69.89:37103, 129685ee-8122-4333-8930-3eeb8cf836af:192.168.69.89:45580, fe546585-3c52-42ae-8754-1a35dad17d3f:192.168.69.89:45996], old=null
2019-08-29 08:34:42,200 [129685ee-8122-4333-8930-3eeb8cf836af:group-4F259F9E67CD:LeaderElection37] INFO  impl.LeaderElection (LogUtils.java:infoOrTrace(149)) -   Exception 0: {}
java.util.concurrent.ExecutionException: org.apache.ratis.thirdparty.io.grpc.StatusRuntimeException: UNAVAILABLE: io exception
	at java.util.concurrent.FutureTask.report(FutureTask.java:122)
	at java.util.concurrent.FutureTask.get(FutureTask.java:192)
	at org.apache.ratis.server.impl.LeaderElection.waitForResults(LeaderElection.java:262)
	at org.apache.ratis.server.impl.LeaderElection.askForVotes(LeaderElection.java:200)
	at org.apache.ratis.server.impl.LeaderElection.run(LeaderElection.java:130)
	at java.lang.Thread.run(Thread.java:748)
Caused by: org.apache.ratis.thirdparty.io.grpc.StatusRuntimeException: UNAVAILABLE: io exception
	at org.apache.ratis.thirdparty.io.grpc.stub.ClientCalls.toStatusRuntimeException(ClientCalls.java:233)
	at org.apache.ratis.thirdparty.io.grpc.stub.ClientCalls.getUnchecked(ClientCalls.java:214)
	at org.apache.ratis.thirdparty.io.grpc.stub.ClientCalls.blockingUnaryCall(ClientCalls.java:139)
	at org.apache.ratis.proto.grpc.RaftServerProtocolServiceGrpc$RaftServerProtocolServiceBlockingStub.requestVote(RaftServerProtocolServiceGrpc.java:265)
	at org.apache.ratis.grpc.server.GrpcServerProtocolClient.requestVote(GrpcServerProtocolClient.java:83)
	at org.apache.ratis.grpc.server.GrpcService.requestVote(GrpcService.java:195)
	at org.apache.ratis.server.impl.LeaderElection.lambda$submitRequests$1(LeaderElection.java:237)
	at java.util.concurrent.FutureTask.run(FutureTask.java:266)
	at java.util.concurrent.Executors$RunnableAdapter.call(Executors.java:511)
	at java.util.concurrent.FutureTask.run(FutureTask.java:266)
	at java.util.concurrent.ThreadPoolExecutor.runWorker(ThreadPoolExecutor.java:1149)
	at java.util.concurrent.ThreadPoolExecutor$Worker.run(ThreadPoolExecutor.java:624)
	... 1 more
Caused by: org.apache.ratis.thirdparty.io.netty.channel.AbstractChannel$AnnotatedConnectException: Connection refused: /192.168.69.89:37103
	at sun.nio.ch.SocketChannelImpl.checkConnect(Native Method)
	at sun.nio.ch.SocketChannelImpl.finishConnect(SocketChannelImpl.java:717)
	at org.apache.ratis.thirdparty.io.netty.channel.socket.nio.NioSocketChannel.doFinishConnect(NioSocketChannel.java:327)
	at org.apache.ratis.thirdparty.io.netty.channel.nio.AbstractNioChannel$AbstractNioUnsafe.finishConnect(AbstractNioChannel.java:340)
	at org.apache.ratis.thirdparty.io.netty.channel.nio.NioEventLoop.processSelectedKey(NioEventLoop.java:632)
	at org.apache.ratis.thirdparty.io.netty.channel.nio.NioEventLoop.processSelectedKeysOptimized(NioEventLoop.java:579)
	at org.apache.ratis.thirdparty.io.netty.channel.nio.NioEventLoop.processSelectedKeys(NioEventLoop.java:496)
	at org.apache.ratis.thirdparty.io.netty.channel.nio.NioEventLoop.run(NioEventLoop.java:458)
	at org.apache.ratis.thirdparty.io.netty.util.concurrent.SingleThreadEventExecutor$5.run(SingleThreadEventExecutor.java:897)
	at org.apache.ratis.thirdparty.io.netty.util.concurrent.FastThreadLocalRunnable.run(FastThreadLocalRunnable.java:30)
	... 1 more
Caused by: java.net.ConnectException: Connection refused
	... 11 more
2019-08-29 08:34:42,201 [129685ee-8122-4333-8930-3eeb8cf836af:group-4F259F9E67CD:LeaderElection37] INFO  impl.LeaderElection (LogUtils.java:infoOrTrace(149)) -   Exception 1: {}
java.util.concurrent.ExecutionException: org.apache.ratis.thirdparty.io.grpc.StatusRuntimeException: UNAVAILABLE: io exception
	at java.util.concurrent.FutureTask.report(FutureTask.java:122)
	at java.util.concurrent.FutureTask.get(FutureTask.java:192)
	at org.apache.ratis.server.impl.LeaderElection.waitForResults(LeaderElection.java:262)
	at org.apache.ratis.server.impl.LeaderElection.askForVotes(LeaderElection.java:200)
	at org.apache.ratis.server.impl.LeaderElection.run(LeaderElection.java:130)
	at java.lang.Thread.run(Thread.java:748)
Caused by: org.apache.ratis.thirdparty.io.grpc.StatusRuntimeException: UNAVAILABLE: io exception
	at org.apache.ratis.thirdparty.io.grpc.stub.ClientCalls.toStatusRuntimeException(ClientCalls.java:233)
	at org.apache.ratis.thirdparty.io.grpc.stub.ClientCalls.getUnchecked(ClientCalls.java:214)
	at org.apache.ratis.thirdparty.io.grpc.stub.ClientCalls.blockingUnaryCall(ClientCalls.java:139)
	at org.apache.ratis.proto.grpc.RaftServerProtocolServiceGrpc$RaftServerProtocolServiceBlockingStub.requestVote(RaftServerProtocolServiceGrpc.java:265)
	at org.apache.ratis.grpc.server.GrpcServerProtocolClient.requestVote(GrpcServerProtocolClient.java:83)
	at org.apache.ratis.grpc.server.GrpcService.requestVote(GrpcService.java:195)
	at org.apache.ratis.server.impl.LeaderElection.lambda$submitRequests$1(LeaderElection.java:237)
	at java.util.concurrent.FutureTask.run(FutureTask.java:266)
	at java.util.concurrent.Executors$RunnableAdapter.call(Executors.java:511)
	at java.util.concurrent.FutureTask.run(FutureTask.java:266)
	at java.util.concurrent.ThreadPoolExecutor.runWorker(ThreadPoolExecutor.java:1149)
	at java.util.concurrent.ThreadPoolExecutor$Worker.run(ThreadPoolExecutor.java:624)
	... 1 more
Caused by: org.apache.ratis.thirdparty.io.netty.channel.AbstractChannel$AnnotatedConnectException: Connection refused: /192.168.69.89:45996
	at sun.nio.ch.SocketChannelImpl.checkConnect(Native Method)
	at sun.nio.ch.SocketChannelImpl.finishConnect(SocketChannelImpl.java:717)
	at org.apache.ratis.thirdparty.io.netty.channel.socket.nio.NioSocketChannel.doFinishConnect(NioSocketChannel.java:327)
	at org.apache.ratis.thirdparty.io.netty.channel.nio.AbstractNioChannel$AbstractNioUnsafe.finishConnect(AbstractNioChannel.java:340)
	at org.apache.ratis.thirdparty.io.netty.channel.nio.NioEventLoop.processSelectedKey(NioEventLoop.java:632)
	at org.apache.ratis.thirdparty.io.netty.channel.nio.NioEventLoop.processSelectedKeysOptimized(NioEventLoop.java:579)
	at org.apache.ratis.thirdparty.io.netty.channel.nio.NioEventLoop.processSelectedKeys(NioEventLoop.java:496)
	at org.apache.ratis.thirdparty.io.netty.channel.nio.NioEventLoop.run(NioEventLoop.java:458)
	at org.apache.ratis.thirdparty.io.netty.util.concurrent.SingleThreadEventExecutor$5.run(SingleThreadEventExecutor.java:897)
	at org.apache.ratis.thirdparty.io.netty.util.concurrent.FastThreadLocalRunnable.run(FastThreadLocalRunnable.java:30)
	... 1 more
Caused by: java.net.ConnectException: Connection refused
	... 11 more
2019-08-29 08:34:42,201 [129685ee-8122-4333-8930-3eeb8cf836af:group-4F259F9E67CD:LeaderElection37] INFO  impl.RaftServerImpl (RaftServerImpl.java:setRole(171)) - 129685ee-8122-4333-8930-3eeb8cf836af:group-4F259F9E67CD changes role from CANDIDATE to FOLLOWER at term 12 for DISCOVERED_A_NEW_TERM
2019-08-29 08:34:42,201 [129685ee-8122-4333-8930-3eeb8cf836af:group-4F259F9E67CD:LeaderElection37] INFO  impl.RoleInfo (RoleInfo.java:shutdownLeaderElection(134)) - 129685ee-8122-4333-8930-3eeb8cf836af: shutdown LeaderElection
2019-08-29 08:34:42,202 [129685ee-8122-4333-8930-3eeb8cf836af:group-4F259F9E67CD:LeaderElection37] INFO  impl.RoleInfo (RoleInfo.java:updateAndGet(143)) - 129685ee-8122-4333-8930-3eeb8cf836af: start FollowerState
2019-08-29 08:34:42,277 | INFO  | SCMAudit | user=jenkins1000 | ip=192.168.69.89 | op=SEND_HEARTBEAT {datanodeUUID=129685ee-8122-4333-8930-3eeb8cf836af, command=[]} | ret=SUCCESS |  
2019-08-29 08:34:42,397 [Datanode State Machine Thread - 0] INFO  statemachine.DatanodeStateMachine (DatanodeStateMachine.java:lambda$startDaemon$0(350)) - Ozone container server started.
2019-08-29 08:34:42,402 [java.util.concurrent.ThreadPoolExecutor$Worker@1d54cbf9[State = -1, empty queue]] WARN  server.GrpcLogAppender (GrpcLogAppender.java:timeoutAppendRequest(200)) - GrpcLogAppender(02bf3283-c6bf-4588-a57c-baa459038378->f0c18ce4-0e5b-4823-99c8-fd716531bc5f): appendEntries Timeout, request=02bf3283-c6bf-4588-a57c-baa459038378->f0c18ce4-0e5b-4823-99c8-fd716531bc5f#84-t3, previous=(t:3, i:18), leaderCommit=17, initializing? false, entries: <empty>
2019-08-29 08:34:42,402 [java.util.concurrent.ThreadPoolExecutor$Worker@4232d1d8[State = -1, empty queue]] WARN  server.GrpcLogAppender (GrpcLogAppender.java:timeoutAppendRequest(200)) - GrpcLogAppender(02bf3283-c6bf-4588-a57c-baa459038378->4da055f9-cd9d-4c6f-9ab8-147a42717fcf): appendEntries Timeout, request=02bf3283-c6bf-4588-a57c-baa459038378->4da055f9-cd9d-4c6f-9ab8-147a42717fcf#84-t3, previous=(t:3, i:18), leaderCommit=17, initializing? false, entries: <empty>
2019-08-29 08:34:42,513 | INFO  | SCMAudit | user=jenkins1000 | ip=192.168.69.89 | op=SEND_HEARTBEAT {datanodeUUID=4da055f9-cd9d-4c6f-9ab8-147a42717fcf, command=[]} | ret=SUCCESS |  
2019-08-29 08:34:42,513 | INFO  | SCMAudit | user=jenkins1000 | ip=192.168.69.89 | op=SEND_HEARTBEAT {datanodeUUID=02bf3283-c6bf-4588-a57c-baa459038378, command=[]} | ret=SUCCESS |  
2019-08-29 08:34:42,513 | INFO  | SCMAudit | user=jenkins1000 | ip=192.168.69.89 | op=SEND_HEARTBEAT {datanodeUUID=f0c18ce4-0e5b-4823-99c8-fd716531bc5f, command=[]} | ret=SUCCESS |  
2019-08-29 08:34:42,642 [java.util.concurrent.ThreadPoolExecutor$Worker@765ccaac[State = -1, empty queue]] WARN  server.GrpcLogAppender (GrpcLogAppender.java:timeoutAppendRequest(200)) - GrpcLogAppender(bcbb4469-e902-4083-b3d9-1bab9ea4cd29->99586f2f-9d87-40a3-9061-4566008201fd): appendEntries Timeout, request=bcbb4469-e902-4083-b3d9-1bab9ea4cd29->99586f2f-9d87-40a3-9061-4566008201fd#138-t2, previous=(t:2, i:30), leaderCommit=29, initializing? false, entries: <empty>
2019-08-29 08:34:42,642 [java.util.concurrent.ThreadPoolExecutor$Worker@1719057[State = -1, empty queue]] WARN  server.GrpcLogAppender (GrpcLogAppender.java:timeoutAppendRequest(200)) - GrpcLogAppender(bcbb4469-e902-4083-b3d9-1bab9ea4cd29->e7b9916e-4eca-4156-a086-839e4ffd13a0): appendEntries Timeout, request=bcbb4469-e902-4083-b3d9-1bab9ea4cd29->e7b9916e-4eca-4156-a086-839e4ffd13a0#138-t2, previous=(t:2, i:30), leaderCommit=29, initializing? false, entries: <empty>
2019-08-29 08:34:42,679 | INFO  | SCMAudit | user=jenkins1000 | ip=192.168.69.89 | op=SEND_HEARTBEAT {datanodeUUID=bcbb4469-e902-4083-b3d9-1bab9ea4cd29, command=[]} | ret=SUCCESS |  
2019-08-29 08:34:42,679 [Datanode State Machine Thread - 0] INFO  statemachine.DatanodeStateMachine (DatanodeStateMachine.java:lambda$startDaemon$0(350)) - Ozone container server started.
2019-08-29 08:34:42,679 | INFO  | SCMAudit | user=jenkins1000 | ip=192.168.69.89 | op=SEND_HEARTBEAT {datanodeUUID=e7b9916e-4eca-4156-a086-839e4ffd13a0, command=[]} | ret=SUCCESS |  
2019-08-29 08:34:42,902 [java.util.concurrent.ThreadPoolExecutor$Worker@1d54cbf9[State = -1, empty queue]] WARN  server.GrpcLogAppender (GrpcLogAppender.java:timeoutAppendRequest(200)) - GrpcLogAppender(02bf3283-c6bf-4588-a57c-baa459038378->f0c18ce4-0e5b-4823-99c8-fd716531bc5f): appendEntries Timeout, request=02bf3283-c6bf-4588-a57c-baa459038378->f0c18ce4-0e5b-4823-99c8-fd716531bc5f#85-t3, previous=(t:3, i:18), leaderCommit=17, initializing? false, entries: <empty>
2019-08-29 08:34:42,902 [java.util.concurrent.ThreadPoolExecutor$Worker@4232d1d8[State = -1, empty queue]] WARN  server.GrpcLogAppender (GrpcLogAppender.java:timeoutAppendRequest(200)) - GrpcLogAppender(02bf3283-c6bf-4588-a57c-baa459038378->4da055f9-cd9d-4c6f-9ab8-147a42717fcf): appendEntries Timeout, request=02bf3283-c6bf-4588-a57c-baa459038378->4da055f9-cd9d-4c6f-9ab8-147a42717fcf#85-t3, previous=(t:3, i:18), leaderCommit=17, initializing? false, entries: <empty>
2019-08-29 08:34:43,142 [java.util.concurrent.ThreadPoolExecutor$Worker@765ccaac[State = -1, empty queue]] WARN  server.GrpcLogAppender (GrpcLogAppender.java:timeoutAppendRequest(200)) - GrpcLogAppender(bcbb4469-e902-4083-b3d9-1bab9ea4cd29->99586f2f-9d87-40a3-9061-4566008201fd): appendEntries Timeout, request=bcbb4469-e902-4083-b3d9-1bab9ea4cd29->99586f2f-9d87-40a3-9061-4566008201fd#139-t2, previous=(t:2, i:30), leaderCommit=29, initializing? false, entries: <empty>
2019-08-29 08:34:43,142 [java.util.concurrent.ThreadPoolExecutor$Worker@1719057[State = -1, empty queue]] WARN  server.GrpcLogAppender (GrpcLogAppender.java:timeoutAppendRequest(200)) - GrpcLogAppender(bcbb4469-e902-4083-b3d9-1bab9ea4cd29->e7b9916e-4eca-4156-a086-839e4ffd13a0): appendEntries Timeout, request=bcbb4469-e902-4083-b3d9-1bab9ea4cd29->e7b9916e-4eca-4156-a086-839e4ffd13a0#139-t2, previous=(t:2, i:30), leaderCommit=29, initializing? false, entries: <empty>
2019-08-29 08:34:43,246 [Thread-1390] INFO  impl.FollowerState (FollowerState.java:run(106)) - 129685ee-8122-4333-8930-3eeb8cf836af:group-4F259F9E67CD changes to CANDIDATE, lastRpcTime:1044, electionTimeout:1044ms
2019-08-29 08:34:43,246 [Thread-1390] INFO  impl.RoleInfo (RoleInfo.java:shutdownFollowerState(121)) - 129685ee-8122-4333-8930-3eeb8cf836af: shutdown FollowerState
2019-08-29 08:34:43,246 [Thread-1390] INFO  impl.RaftServerImpl (RaftServerImpl.java:setRole(171)) - 129685ee-8122-4333-8930-3eeb8cf836af:group-4F259F9E67CD changes role from FOLLOWER to CANDIDATE at term 12 for changeToCandidate
2019-08-29 08:34:43,246 [Thread-1390] INFO  impl.RoleInfo (RoleInfo.java:updateAndGet(143)) - 129685ee-8122-4333-8930-3eeb8cf836af: start LeaderElection
2019-08-29 08:34:43,277 | INFO  | SCMAudit | user=jenkins1000 | ip=192.168.69.89 | op=SEND_HEARTBEAT {datanodeUUID=129685ee-8122-4333-8930-3eeb8cf836af, command=[]} | ret=SUCCESS |  
2019-08-29 08:34:43,402 [java.util.concurrent.ThreadPoolExecutor$Worker@1d54cbf9[State = -1, empty queue]] WARN  server.GrpcLogAppender (GrpcLogAppender.java:timeoutAppendRequest(200)) - GrpcLogAppender(02bf3283-c6bf-4588-a57c-baa459038378->f0c18ce4-0e5b-4823-99c8-fd716531bc5f): appendEntries Timeout, request=02bf3283-c6bf-4588-a57c-baa459038378->f0c18ce4-0e5b-4823-99c8-fd716531bc5f#86-t3, previous=(t:3, i:18), leaderCommit=17, initializing? false, entries: <empty>
2019-08-29 08:34:43,402 [java.util.concurrent.ThreadPoolExecutor$Worker@4232d1d8[State = -1, empty queue]] WARN  server.GrpcLogAppender (GrpcLogAppender.java:timeoutAppendRequest(200)) - GrpcLogAppender(02bf3283-c6bf-4588-a57c-baa459038378->4da055f9-cd9d-4c6f-9ab8-147a42717fcf): appendEntries Timeout, request=02bf3283-c6bf-4588-a57c-baa459038378->4da055f9-cd9d-4c6f-9ab8-147a42717fcf#86-t3, previous=(t:3, i:18), leaderCommit=17, initializing? false, entries: <empty>
2019-08-29 08:34:43,512 | INFO  | SCMAudit | user=jenkins1000 | ip=192.168.69.89 | op=SEND_HEARTBEAT {datanodeUUID=4da055f9-cd9d-4c6f-9ab8-147a42717fcf, command=[]} | ret=SUCCESS |  
2019-08-29 08:34:43,513 | INFO  | SCMAudit | user=jenkins1000 | ip=192.168.69.89 | op=SEND_HEARTBEAT {datanodeUUID=02bf3283-c6bf-4588-a57c-baa459038378, command=[]} | ret=SUCCESS |  
2019-08-29 08:34:43,513 | INFO  | SCMAudit | user=jenkins1000 | ip=192.168.69.89 | op=SEND_HEARTBEAT {datanodeUUID=f0c18ce4-0e5b-4823-99c8-fd716531bc5f, command=[]} | ret=SUCCESS |  
2019-08-29 08:34:43,643 [java.util.concurrent.ThreadPoolExecutor$Worker@1719057[State = -1, empty queue]] WARN  server.GrpcLogAppender (GrpcLogAppender.java:timeoutAppendRequest(200)) - GrpcLogAppender(bcbb4469-e902-4083-b3d9-1bab9ea4cd29->e7b9916e-4eca-4156-a086-839e4ffd13a0): appendEntries Timeout, request=bcbb4469-e902-4083-b3d9-1bab9ea4cd29->e7b9916e-4eca-4156-a086-839e4ffd13a0#140-t2, previous=(t:2, i:30), leaderCommit=29, initializing? false, entries: <empty>
2019-08-29 08:34:43,643 [java.util.concurrent.ThreadPoolExecutor$Worker@765ccaac[State = -1, empty queue]] WARN  server.GrpcLogAppender (GrpcLogAppender.java:timeoutAppendRequest(200)) - GrpcLogAppender(bcbb4469-e902-4083-b3d9-1bab9ea4cd29->99586f2f-9d87-40a3-9061-4566008201fd): appendEntries Timeout, request=bcbb4469-e902-4083-b3d9-1bab9ea4cd29->99586f2f-9d87-40a3-9061-4566008201fd#140-t2, previous=(t:2, i:30), leaderCommit=29, initializing? false, entries: <empty>
2019-08-29 08:34:43,679 | INFO  | SCMAudit | user=jenkins1000 | ip=192.168.69.89 | op=SEND_HEARTBEAT {datanodeUUID=bcbb4469-e902-4083-b3d9-1bab9ea4cd29, command=[]} | ret=SUCCESS |  
2019-08-29 08:34:43,680 | INFO  | SCMAudit | user=jenkins1000 | ip=192.168.69.89 | op=SEND_HEARTBEAT {datanodeUUID=e7b9916e-4eca-4156-a086-839e4ffd13a0, command=[]} | ret=SUCCESS |  
2019-08-29 08:34:43,903 [java.util.concurrent.ThreadPoolExecutor$Worker@1d54cbf9[State = -1, empty queue]] WARN  server.GrpcLogAppender (GrpcLogAppender.java:timeoutAppendRequest(200)) - GrpcLogAppender(02bf3283-c6bf-4588-a57c-baa459038378->f0c18ce4-0e5b-4823-99c8-fd716531bc5f): appendEntries Timeout, request=02bf3283-c6bf-4588-a57c-baa459038378->f0c18ce4-0e5b-4823-99c8-fd716531bc5f#87-t3, previous=(t:3, i:18), leaderCommit=17, initializing? false, entries: <empty>
2019-08-29 08:34:43,903 [java.util.concurrent.ThreadPoolExecutor$Worker@4232d1d8[State = -1, empty queue]] WARN  server.GrpcLogAppender (GrpcLogAppender.java:timeoutAppendRequest(200)) - GrpcLogAppender(02bf3283-c6bf-4588-a57c-baa459038378->4da055f9-cd9d-4c6f-9ab8-147a42717fcf): appendEntries Timeout, request=02bf3283-c6bf-4588-a57c-baa459038378->4da055f9-cd9d-4c6f-9ab8-147a42717fcf#87-t3, previous=(t:3, i:18), leaderCommit=17, initializing? false, entries: <empty>
2019-08-29 08:34:44,143 [java.util.concurrent.ThreadPoolExecutor$Worker@765ccaac[State = -1, empty queue]] WARN  server.GrpcLogAppender (GrpcLogAppender.java:timeoutAppendRequest(200)) - GrpcLogAppender(bcbb4469-e902-4083-b3d9-1bab9ea4cd29->99586f2f-9d87-40a3-9061-4566008201fd): appendEntries Timeout, request=bcbb4469-e902-4083-b3d9-1bab9ea4cd29->99586f2f-9d87-40a3-9061-4566008201fd#141-t2, previous=(t:2, i:30), leaderCommit=29, initializing? false, entries: <empty>
2019-08-29 08:34:44,143 [java.util.concurrent.ThreadPoolExecutor$Worker@1719057[State = -1, empty queue]] WARN  server.GrpcLogAppender (GrpcLogAppender.java:timeoutAppendRequest(200)) - GrpcLogAppender(bcbb4469-e902-4083-b3d9-1bab9ea4cd29->e7b9916e-4eca-4156-a086-839e4ffd13a0): appendEntries Timeout, request=bcbb4469-e902-4083-b3d9-1bab9ea4cd29->e7b9916e-4eca-4156-a086-839e4ffd13a0#141-t2, previous=(t:2, i:30), leaderCommit=29, initializing? false, entries: <empty>
2019-08-29 08:34:44,278 | INFO  | SCMAudit | user=jenkins1000 | ip=192.168.69.89 | op=SEND_HEARTBEAT {datanodeUUID=129685ee-8122-4333-8930-3eeb8cf836af, command=[]} | ret=SUCCESS |  
2019-08-29 08:34:44,403 [java.util.concurrent.ThreadPoolExecutor$Worker@1d54cbf9[State = -1, empty queue]] WARN  server.GrpcLogAppender (GrpcLogAppender.java:timeoutAppendRequest(200)) - GrpcLogAppender(02bf3283-c6bf-4588-a57c-baa459038378->f0c18ce4-0e5b-4823-99c8-fd716531bc5f): appendEntries Timeout, request=02bf3283-c6bf-4588-a57c-baa459038378->f0c18ce4-0e5b-4823-99c8-fd716531bc5f#88-t3, previous=(t:3, i:18), leaderCommit=17, initializing? false, entries: <empty>
2019-08-29 08:34:44,403 [java.util.concurrent.ThreadPoolExecutor$Worker@4232d1d8[State = -1, empty queue]] WARN  server.GrpcLogAppender (GrpcLogAppender.java:timeoutAppendRequest(200)) - GrpcLogAppender(02bf3283-c6bf-4588-a57c-baa459038378->4da055f9-cd9d-4c6f-9ab8-147a42717fcf): appendEntries Timeout, request=02bf3283-c6bf-4588-a57c-baa459038378->4da055f9-cd9d-4c6f-9ab8-147a42717fcf#88-t3, previous=(t:3, i:18), leaderCommit=17, initializing? false, entries: <empty>
2019-08-29 08:34:44,512 | INFO  | SCMAudit | user=jenkins1000 | ip=192.168.69.89 | op=SEND_HEARTBEAT {datanodeUUID=4da055f9-cd9d-4c6f-9ab8-147a42717fcf, command=[]} | ret=SUCCESS |  
2019-08-29 08:34:44,513 | INFO  | SCMAudit | user=jenkins1000 | ip=192.168.69.89 | op=SEND_HEARTBEAT {datanodeUUID=02bf3283-c6bf-4588-a57c-baa459038378, command=[]} | ret=SUCCESS |  
2019-08-29 08:34:44,513 | INFO  | SCMAudit | user=jenkins1000 | ip=192.168.69.89 | op=SEND_HEARTBEAT {datanodeUUID=f0c18ce4-0e5b-4823-99c8-fd716531bc5f, command=[]} | ret=SUCCESS |  
2019-08-29 08:34:44,643 [java.util.concurrent.ThreadPoolExecutor$Worker@765ccaac[State = -1, empty queue]] WARN  server.GrpcLogAppender (GrpcLogAppender.java:timeoutAppendRequest(200)) - GrpcLogAppender(bcbb4469-e902-4083-b3d9-1bab9ea4cd29->99586f2f-9d87-40a3-9061-4566008201fd): appendEntries Timeout, request=bcbb4469-e902-4083-b3d9-1bab9ea4cd29->99586f2f-9d87-40a3-9061-4566008201fd#142-t2, previous=(t:2, i:30), leaderCommit=29, initializing? false, entries: <empty>
2019-08-29 08:34:44,643 [java.util.concurrent.ThreadPoolExecutor$Worker@1719057[State = -1, empty queue]] WARN  server.GrpcLogAppender (GrpcLogAppender.java:timeoutAppendRequest(200)) - GrpcLogAppender(bcbb4469-e902-4083-b3d9-1bab9ea4cd29->e7b9916e-4eca-4156-a086-839e4ffd13a0): appendEntries Timeout, request=bcbb4469-e902-4083-b3d9-1bab9ea4cd29->e7b9916e-4eca-4156-a086-839e4ffd13a0#142-t2, previous=(t:2, i:30), leaderCommit=29, initializing? false, entries: <empty>
2019-08-29 08:34:44,680 | INFO  | SCMAudit | user=jenkins1000 | ip=192.168.69.89 | op=SEND_HEARTBEAT {datanodeUUID=bcbb4469-e902-4083-b3d9-1bab9ea4cd29, command=[]} | ret=SUCCESS |  
2019-08-29 08:34:44,680 | INFO  | SCMAudit | user=jenkins1000 | ip=192.168.69.89 | op=SEND_HEARTBEAT {datanodeUUID=e7b9916e-4eca-4156-a086-839e4ffd13a0, command=[]} | ret=SUCCESS |  
2019-08-29 08:34:44,903 [java.util.concurrent.ThreadPoolExecutor$Worker@4232d1d8[State = -1, empty queue]] WARN  server.GrpcLogAppender (GrpcLogAppender.java:timeoutAppendRequest(200)) - GrpcLogAppender(02bf3283-c6bf-4588-a57c-baa459038378->4da055f9-cd9d-4c6f-9ab8-147a42717fcf): appendEntries Timeout, request=02bf3283-c6bf-4588-a57c-baa459038378->4da055f9-cd9d-4c6f-9ab8-147a42717fcf#89-t3, previous=(t:3, i:18), leaderCommit=17, initializing? false, entries: <empty>
2019-08-29 08:34:45,144 [java.util.concurrent.ThreadPoolExecutor$Worker@765ccaac[State = -1, empty queue]] WARN  server.GrpcLogAppender (GrpcLogAppender.java:timeoutAppendRequest(200)) - GrpcLogAppender(bcbb4469-e902-4083-b3d9-1bab9ea4cd29->99586f2f-9d87-40a3-9061-4566008201fd): appendEntries Timeout, request=bcbb4469-e902-4083-b3d9-1bab9ea4cd29->99586f2f-9d87-40a3-9061-4566008201fd#143-t2, previous=(t:2, i:30), leaderCommit=29, initializing? false, entries: <empty>
2019-08-29 08:34:45,144 [java.util.concurrent.ThreadPoolExecutor$Worker@1719057[State = -1, empty queue]] WARN  server.GrpcLogAppender (GrpcLogAppender.java:timeoutAppendRequest(200)) - GrpcLogAppender(bcbb4469-e902-4083-b3d9-1bab9ea4cd29->e7b9916e-4eca-4156-a086-839e4ffd13a0): appendEntries Timeout, request=bcbb4469-e902-4083-b3d9-1bab9ea4cd29->e7b9916e-4eca-4156-a086-839e4ffd13a0#143-t2, previous=(t:2, i:30), leaderCommit=29, initializing? false, entries: <empty>
2019-08-29 08:34:45,170 [java.util.concurrent.ThreadPoolExecutor$Worker@1d54cbf9[State = -1, empty queue]] WARN  server.GrpcLogAppender (GrpcLogAppender.java:timeoutAppendRequest(200)) - GrpcLogAppender(02bf3283-c6bf-4588-a57c-baa459038378->f0c18ce4-0e5b-4823-99c8-fd716531bc5f): appendEntries Timeout, request=02bf3283-c6bf-4588-a57c-baa459038378->f0c18ce4-0e5b-4823-99c8-fd716531bc5f#89-t3, previous=(t:3, i:18), leaderCommit=17, initializing? false, entries: <empty>
2019-08-29 08:34:45,279 | INFO  | SCMAudit | user=jenkins1000 | ip=192.168.69.89 | op=SEND_HEARTBEAT {datanodeUUID=129685ee-8122-4333-8930-3eeb8cf836af, command=[]} | ret=SUCCESS |  
2019-08-29 08:34:45,403 [java.util.concurrent.ThreadPoolExecutor$Worker@4232d1d8[State = -1, empty queue]] WARN  server.GrpcLogAppender (GrpcLogAppender.java:timeoutAppendRequest(200)) - GrpcLogAppender(02bf3283-c6bf-4588-a57c-baa459038378->4da055f9-cd9d-4c6f-9ab8-147a42717fcf): appendEntries Timeout, request=02bf3283-c6bf-4588-a57c-baa459038378->4da055f9-cd9d-4c6f-9ab8-147a42717fcf#90-t3, previous=(t:3, i:18), leaderCommit=17, initializing? false, entries: <empty>
2019-08-29 08:34:45,513 | INFO  | SCMAudit | user=jenkins1000 | ip=192.168.69.89 | op=SEND_HEARTBEAT {datanodeUUID=02bf3283-c6bf-4588-a57c-baa459038378, command=[]} | ret=SUCCESS |  
2019-08-29 08:34:45,513 | INFO  | SCMAudit | user=jenkins1000 | ip=192.168.69.89 | op=SEND_HEARTBEAT {datanodeUUID=4da055f9-cd9d-4c6f-9ab8-147a42717fcf, command=[]} | ret=SUCCESS |  
2019-08-29 08:34:45,513 | INFO  | SCMAudit | user=jenkins1000 | ip=192.168.69.89 | op=SEND_HEARTBEAT {datanodeUUID=f0c18ce4-0e5b-4823-99c8-fd716531bc5f, command=[]} | ret=SUCCESS |  
2019-08-29 08:34:45,644 [java.util.concurrent.ThreadPoolExecutor$Worker@765ccaac[State = -1, empty queue]] WARN  server.GrpcLogAppender (GrpcLogAppender.java:timeoutAppendRequest(200)) - GrpcLogAppender(bcbb4469-e902-4083-b3d9-1bab9ea4cd29->99586f2f-9d87-40a3-9061-4566008201fd): appendEntries Timeout, request=bcbb4469-e902-4083-b3d9-1bab9ea4cd29->99586f2f-9d87-40a3-9061-4566008201fd#144-t2, previous=(t:2, i:30), leaderCommit=29, initializing? false, entries: <empty>
2019-08-29 08:34:45,644 [java.util.concurrent.ThreadPoolExecutor$Worker@1719057[State = -1, empty queue]] WARN  server.GrpcLogAppender (GrpcLogAppender.java:timeoutAppendRequest(200)) - GrpcLogAppender(bcbb4469-e902-4083-b3d9-1bab9ea4cd29->e7b9916e-4eca-4156-a086-839e4ffd13a0): appendEntries Timeout, request=bcbb4469-e902-4083-b3d9-1bab9ea4cd29->e7b9916e-4eca-4156-a086-839e4ffd13a0#144-t2, previous=(t:2, i:30), leaderCommit=29, initializing? false, entries: <empty>
2019-08-29 08:34:45,670 [java.util.concurrent.ThreadPoolExecutor$Worker@1d54cbf9[State = -1, empty queue]] WARN  server.GrpcLogAppender (GrpcLogAppender.java:timeoutAppendRequest(200)) - GrpcLogAppender(02bf3283-c6bf-4588-a57c-baa459038378->f0c18ce4-0e5b-4823-99c8-fd716531bc5f): appendEntries Timeout, request=02bf3283-c6bf-4588-a57c-baa459038378->f0c18ce4-0e5b-4823-99c8-fd716531bc5f#90-t3, previous=(t:3, i:18), leaderCommit=17, initializing? false, entries: <empty>
2019-08-29 08:34:45,680 | INFO  | SCMAudit | user=jenkins1000 | ip=192.168.69.89 | op=SEND_HEARTBEAT {datanodeUUID=bcbb4469-e902-4083-b3d9-1bab9ea4cd29, command=[]} | ret=SUCCESS |  
2019-08-29 08:34:45,680 | INFO  | SCMAudit | user=jenkins1000 | ip=192.168.69.89 | op=SEND_HEARTBEAT {datanodeUUID=e7b9916e-4eca-4156-a086-839e4ffd13a0, command=[]} | ret=SUCCESS |  
2019-08-29 08:34:45,904 [java.util.concurrent.ThreadPoolExecutor$Worker@4232d1d8[State = -1, empty queue]] WARN  server.GrpcLogAppender (GrpcLogAppender.java:timeoutAppendRequest(200)) - GrpcLogAppender(02bf3283-c6bf-4588-a57c-baa459038378->4da055f9-cd9d-4c6f-9ab8-147a42717fcf): appendEntries Timeout, request=02bf3283-c6bf-4588-a57c-baa459038378->4da055f9-cd9d-4c6f-9ab8-147a42717fcf#91-t3, previous=(t:3, i:18), leaderCommit=17, initializing? false, entries: <empty>
2019-08-29 08:34:46,144 [java.util.concurrent.ThreadPoolExecutor$Worker@765ccaac[State = -1, empty queue]] WARN  server.GrpcLogAppender (GrpcLogAppender.java:timeoutAppendRequest(200)) - GrpcLogAppender(bcbb4469-e902-4083-b3d9-1bab9ea4cd29->99586f2f-9d87-40a3-9061-4566008201fd): appendEntries Timeout, request=bcbb4469-e902-4083-b3d9-1bab9ea4cd29->99586f2f-9d87-40a3-9061-4566008201fd#145-t2, previous=(t:2, i:30), leaderCommit=29, initializing? false, entries: <empty>
2019-08-29 08:34:46,144 [java.util.concurrent.ThreadPoolExecutor$Worker@1719057[State = -1, empty queue]] WARN  server.GrpcLogAppender (GrpcLogAppender.java:timeoutAppendRequest(200)) - GrpcLogAppender(bcbb4469-e902-4083-b3d9-1bab9ea4cd29->e7b9916e-4eca-4156-a086-839e4ffd13a0): appendEntries Timeout, request=bcbb4469-e902-4083-b3d9-1bab9ea4cd29->e7b9916e-4eca-4156-a086-839e4ffd13a0#145-t2, previous=(t:2, i:30), leaderCommit=29, initializing? false, entries: <empty>
2019-08-29 08:34:46,171 [java.util.concurrent.ThreadPoolExecutor$Worker@1d54cbf9[State = -1, empty queue]] WARN  server.GrpcLogAppender (GrpcLogAppender.java:timeoutAppendRequest(200)) - GrpcLogAppender(02bf3283-c6bf-4588-a57c-baa459038378->f0c18ce4-0e5b-4823-99c8-fd716531bc5f): appendEntries Timeout, request=02bf3283-c6bf-4588-a57c-baa459038378->f0c18ce4-0e5b-4823-99c8-fd716531bc5f#91-t3, previous=(t:3, i:18), leaderCommit=17, initializing? false, entries: <empty>
2019-08-29 08:34:46,279 | INFO  | SCMAudit | user=jenkins1000 | ip=192.168.69.89 | op=SEND_HEARTBEAT {datanodeUUID=129685ee-8122-4333-8930-3eeb8cf836af, command=[]} | ret=SUCCESS |  
2019-08-29 08:34:46,391 [02bf3283-c6bf-4588-a57c-baa459038378-SegmentedRaftLogWorker:Storage Directory /workdir/hadoop-ozone/integration-test/target/test-dir/MiniOzoneClusterImpl-839c4a83-1072-4184-a39a-41aa01fb846d/datanode-3/data/ratis/a6019285-0027-46c6-9b76-4c1082ab210c] WARN  segmented.SegmentedRaftLogWorker (SegmentedRaftLogWorker.java:getFromFuture(90)) - Timeout 1/~
org.apache.ratis.protocol.TimeoutIOException: Timeout 10s: WriteLog:18: (t:3, i:18), STATEMACHINELOGENTRY, client-70F2772B880A, cid=69-writeStateMachineData
	at org.apache.ratis.util.IOUtils.getFromFuture(IOUtils.java:87)
	at org.apache.ratis.server.raftlog.segmented.SegmentedRaftLogWorker$StateMachineDataPolicy.getFromFuture(SegmentedRaftLogWorker.java:87)
	at org.apache.ratis.server.raftlog.segmented.SegmentedRaftLogWorker$WriteLog.execute(SegmentedRaftLogWorker.java:477)
	at org.apache.ratis.server.raftlog.segmented.SegmentedRaftLogWorker.run(SegmentedRaftLogWorker.java:289)
	at java.lang.Thread.run(Thread.java:748)
Caused by: java.util.concurrent.TimeoutException
	at java.util.concurrent.CompletableFuture.timedGet(CompletableFuture.java:1771)
	at java.util.concurrent.CompletableFuture.get(CompletableFuture.java:1915)
	at org.apache.ratis.util.IOUtils.getFromFuture(IOUtils.java:79)
	... 4 more
2019-08-29 08:34:46,396 [4da055f9-cd9d-4c6f-9ab8-147a42717fcf-SegmentedRaftLogWorker:Storage Directory /workdir/hadoop-ozone/integration-test/target/test-dir/MiniOzoneClusterImpl-839c4a83-1072-4184-a39a-41aa01fb846d/datanode-0/data/ratis/a6019285-0027-46c6-9b76-4c1082ab210c] WARN  segmented.SegmentedRaftLogWorker (SegmentedRaftLogWorker.java:getFromFuture(90)) - Timeout 1/~
org.apache.ratis.protocol.TimeoutIOException: Timeout 10s: WriteLog:18: (t:3, i:18), STATEMACHINELOGENTRY, client-70F2772B880A, cid=69-writeStateMachineData
	at org.apache.ratis.util.IOUtils.getFromFuture(IOUtils.java:87)
	at org.apache.ratis.server.raftlog.segmented.SegmentedRaftLogWorker$StateMachineDataPolicy.getFromFuture(SegmentedRaftLogWorker.java:87)
	at org.apache.ratis.server.raftlog.segmented.SegmentedRaftLogWorker$WriteLog.execute(SegmentedRaftLogWorker.java:477)
	at org.apache.ratis.server.raftlog.segmented.SegmentedRaftLogWorker.run(SegmentedRaftLogWorker.java:289)
	at java.lang.Thread.run(Thread.java:748)
Caused by: java.util.concurrent.TimeoutException
	at java.util.concurrent.CompletableFuture.timedGet(CompletableFuture.java:1771)
	at java.util.concurrent.CompletableFuture.get(CompletableFuture.java:1915)
	at org.apache.ratis.util.IOUtils.getFromFuture(IOUtils.java:79)
	... 4 more
2019-08-29 08:34:46,397 [f0c18ce4-0e5b-4823-99c8-fd716531bc5f-SegmentedRaftLogWorker:Storage Directory /workdir/hadoop-ozone/integration-test/target/test-dir/MiniOzoneClusterImpl-839c4a83-1072-4184-a39a-41aa01fb846d/datanode-9/data/ratis/a6019285-0027-46c6-9b76-4c1082ab210c] WARN  segmented.SegmentedRaftLogWorker (SegmentedRaftLogWorker.java:getFromFuture(90)) - Timeout 1/~
org.apache.ratis.protocol.TimeoutIOException: Timeout 10s: WriteLog:18: (t:3, i:18), STATEMACHINELOGENTRY, client-70F2772B880A, cid=69-writeStateMachineData
	at org.apache.ratis.util.IOUtils.getFromFuture(IOUtils.java:87)
	at org.apache.ratis.server.raftlog.segmented.SegmentedRaftLogWorker$StateMachineDataPolicy.getFromFuture(SegmentedRaftLogWorker.java:87)
	at org.apache.ratis.server.raftlog.segmented.SegmentedRaftLogWorker$WriteLog.execute(SegmentedRaftLogWorker.java:477)
	at org.apache.ratis.server.raftlog.segmented.SegmentedRaftLogWorker.run(SegmentedRaftLogWorker.java:289)
	at java.lang.Thread.run(Thread.java:748)
Caused by: java.util.concurrent.TimeoutException
	at java.util.concurrent.CompletableFuture.timedGet(CompletableFuture.java:1771)
	at java.util.concurrent.CompletableFuture.get(CompletableFuture.java:1915)
	at org.apache.ratis.util.IOUtils.getFromFuture(IOUtils.java:79)
	... 4 more
2019-08-29 08:34:46,404 [java.util.concurrent.ThreadPoolExecutor$Worker@4232d1d8[State = -1, empty queue]] WARN  server.GrpcLogAppender (GrpcLogAppender.java:timeoutAppendRequest(200)) - GrpcLogAppender(02bf3283-c6bf-4588-a57c-baa459038378->4da055f9-cd9d-4c6f-9ab8-147a42717fcf): appendEntries Timeout, request=02bf3283-c6bf-4588-a57c-baa459038378->4da055f9-cd9d-4c6f-9ab8-147a42717fcf#92-t3, previous=(t:3, i:18), leaderCommit=17, initializing? false, entries: <empty>
2019-08-29 08:34:46,512 | INFO  | SCMAudit | user=jenkins1000 | ip=192.168.69.89 | op=SEND_HEARTBEAT {datanodeUUID=4da055f9-cd9d-4c6f-9ab8-147a42717fcf, command=[]} | ret=SUCCESS |  
2019-08-29 08:34:46,512 | INFO  | SCMAudit | user=jenkins1000 | ip=192.168.69.89 | op=SEND_HEARTBEAT {datanodeUUID=02bf3283-c6bf-4588-a57c-baa459038378, command=[]} | ret=SUCCESS |  
2019-08-29 08:34:46,512 | INFO  | SCMAudit | user=jenkins1000 | ip=192.168.69.89 | op=SEND_HEARTBEAT {datanodeUUID=f0c18ce4-0e5b-4823-99c8-fd716531bc5f, command=[]} | ret=SUCCESS |  
2019-08-29 08:34:46,644 [java.util.concurrent.ThreadPoolExecutor$Worker@765ccaac[State = -1, empty queue]] WARN  server.GrpcLogAppender (GrpcLogAppender.java:timeoutAppendRequest(200)) - GrpcLogAppender(bcbb4469-e902-4083-b3d9-1bab9ea4cd29->99586f2f-9d87-40a3-9061-4566008201fd): appendEntries Timeout, request=bcbb4469-e902-4083-b3d9-1bab9ea4cd29->99586f2f-9d87-40a3-9061-4566008201fd#146-t2, previous=(t:2, i:30), leaderCommit=29, initializing? false, entries: <empty>
2019-08-29 08:34:46,645 [java.util.concurrent.ThreadPoolExecutor$Worker@1719057[State = -1, empty queue]] WARN  server.GrpcLogAppender (GrpcLogAppender.java:timeoutAppendRequest(200)) - GrpcLogAppender(bcbb4469-e902-4083-b3d9-1bab9ea4cd29->e7b9916e-4eca-4156-a086-839e4ffd13a0): appendEntries Timeout, request=bcbb4469-e902-4083-b3d9-1bab9ea4cd29->e7b9916e-4eca-4156-a086-839e4ffd13a0#146-t2, previous=(t:2, i:30), leaderCommit=29, initializing? false, entries: <empty>
2019-08-29 08:34:46,671 [java.util.concurrent.ThreadPoolExecutor$Worker@1d54cbf9[State = -1, empty queue]] WARN  server.GrpcLogAppender (GrpcLogAppender.java:timeoutAppendRequest(200)) - GrpcLogAppender(02bf3283-c6bf-4588-a57c-baa459038378->f0c18ce4-0e5b-4823-99c8-fd716531bc5f): appendEntries Timeout, request=02bf3283-c6bf-4588-a57c-baa459038378->f0c18ce4-0e5b-4823-99c8-fd716531bc5f#92-t3, previous=(t:3, i:18), leaderCommit=17, initializing? false, entries: <empty>
2019-08-29 08:34:46,680 | INFO  | SCMAudit | user=jenkins1000 | ip=192.168.69.89 | op=SEND_HEARTBEAT {datanodeUUID=bcbb4469-e902-4083-b3d9-1bab9ea4cd29, command=[]} | ret=SUCCESS |  
2019-08-29 08:34:46,680 | INFO  | SCMAudit | user=jenkins1000 | ip=192.168.69.89 | op=SEND_HEARTBEAT {datanodeUUID=e7b9916e-4eca-4156-a086-839e4ffd13a0, command=[]} | ret=SUCCESS |  
2019-08-29 08:34:46,904 [java.util.concurrent.ThreadPoolExecutor$Worker@4232d1d8[State = -1, empty queue]] WARN  server.GrpcLogAppender (GrpcLogAppender.java:timeoutAppendRequest(200)) - GrpcLogAppender(02bf3283-c6bf-4588-a57c-baa459038378->4da055f9-cd9d-4c6f-9ab8-147a42717fcf): appendEntries Timeout, request=02bf3283-c6bf-4588-a57c-baa459038378->4da055f9-cd9d-4c6f-9ab8-147a42717fcf#93-t3, previous=(t:3, i:18), leaderCommit=17, initializing? false, entries: <empty>
2019-08-29 08:34:47,145 [java.util.concurrent.ThreadPoolExecutor$Worker@765ccaac[State = -1, empty queue]] WARN  server.GrpcLogAppender (GrpcLogAppender.java:timeoutAppendRequest(200)) - GrpcLogAppender(bcbb4469-e902-4083-b3d9-1bab9ea4cd29->99586f2f-9d87-40a3-9061-4566008201fd): appendEntries Timeout, request=bcbb4469-e902-4083-b3d9-1bab9ea4cd29->99586f2f-9d87-40a3-9061-4566008201fd#147-t2, previous=(t:2, i:30), leaderCommit=29, initializing? false, entries: <empty>
2019-08-29 08:34:47,145 [java.util.concurrent.ThreadPoolExecutor$Worker@1719057[State = -1, empty queue]] WARN  server.GrpcLogAppender (GrpcLogAppender.java:timeoutAppendRequest(200)) - GrpcLogAppender(bcbb4469-e902-4083-b3d9-1bab9ea4cd29->e7b9916e-4eca-4156-a086-839e4ffd13a0): appendEntries Timeout, request=bcbb4469-e902-4083-b3d9-1bab9ea4cd29->e7b9916e-4eca-4156-a086-839e4ffd13a0#147-t2, previous=(t:2, i:30), leaderCommit=29, initializing? false, entries: <empty>
2019-08-29 08:34:47,171 [java.util.concurrent.ThreadPoolExecutor$Worker@1d54cbf9[State = -1, empty queue]] WARN  server.GrpcLogAppender (GrpcLogAppender.java:timeoutAppendRequest(200)) - GrpcLogAppender(02bf3283-c6bf-4588-a57c-baa459038378->f0c18ce4-0e5b-4823-99c8-fd716531bc5f): appendEntries Timeout, request=02bf3283-c6bf-4588-a57c-baa459038378->f0c18ce4-0e5b-4823-99c8-fd716531bc5f#93-t3, previous=(t:3, i:18), leaderCommit=17, initializing? false, entries: <empty>
2019-08-29 08:34:47,174 [main] INFO  ozoneimpl.OzoneContainer (OzoneContainer.java:stop(199)) - Attempting to stop container services.
2019-08-29 08:34:47,175 [main] INFO  impl.RaftServerProxy (RaftServerProxy.java:lambda$close$4(314)) - 99586f2f-9d87-40a3-9061-4566008201fd: close
2019-08-29 08:34:47,175 [main] INFO  impl.RaftServerImpl (RaftServerImpl.java:lambda$shutdown$3(245)) - 99586f2f-9d87-40a3-9061-4566008201fd: shutdown group-F65937874E2C
2019-08-29 08:34:47,175 [main] INFO  util.JmxRegister (JmxRegister.java:unregister(73)) - Successfully un-registered JMX Bean with object name Ratis:service=RaftServer,group=group-F65937874E2C,id=99586f2f-9d87-40a3-9061-4566008201fd
2019-08-29 08:34:47,176 [main] INFO  impl.RoleInfo (RoleInfo.java:shutdownFollowerState(121)) - 99586f2f-9d87-40a3-9061-4566008201fd: shutdown FollowerState
2019-08-29 08:34:47,176 [main] INFO  impl.StateMachineUpdater (StateMachineUpdater.java:stopAndJoin(115)) - StateMachineUpdater:99586f2f-9d87-40a3-9061-4566008201fd:group-F65937874E2C: set stopIndex = 29
2019-08-29 08:34:47,176 [StateMachineUpdater:99586f2f-9d87-40a3-9061-4566008201fd:group-F65937874E2C] INFO  ratis.ContainerStateMachine (ContainerStateMachine.java:takeSnapshot(283)) - group-F65937874E2C: Taking a snapshot at:(t:2, i:26) file /workdir/hadoop-ozone/integration-test/target/test-dir/MiniOzoneClusterImpl-839c4a83-1072-4184-a39a-41aa01fb846d/datanode-5/data/ratis/79f04424-d886-402f-8436-f65937874e2c/sm/snapshot.2_26
2019-08-29 08:34:47,176 [Thread-490] INFO  impl.FollowerState (FollowerState.java:run(114)) - 99586f2f-9d87-40a3-9061-4566008201fd: FollowerState was interrupted: java.lang.InterruptedException: sleep interrupted
2019-08-29 08:34:47,185 [ForkJoinPool.commonPool-worker-1] INFO  ozoneimpl.OzoneContainer (OzoneContainer.java:stop(199)) - Attempting to stop container services.
2019-08-29 08:34:47,186 [ForkJoinPool.commonPool-worker-1] INFO  impl.RaftServerProxy (RaftServerProxy.java:lambda$close$4(314)) - 7a9bfe55-9a1e-4d2f-9ebd-558835cfe40a: close
2019-08-29 08:34:47,186 [ForkJoinPool.commonPool-worker-1] INFO  impl.RaftServerImpl (RaftServerImpl.java:lambda$shutdown$3(245)) - 7a9bfe55-9a1e-4d2f-9ebd-558835cfe40a: shutdown group-50748D818F34
2019-08-29 08:34:47,186 [ForkJoinPool.commonPool-worker-1] INFO  util.JmxRegister (JmxRegister.java:unregister(73)) - Successfully un-registered JMX Bean with object name Ratis:service=RaftServer,group=group-50748D818F34,id=7a9bfe55-9a1e-4d2f-9ebd-558835cfe40a
2019-08-29 08:34:47,186 [ForkJoinPool.commonPool-worker-1] INFO  impl.RoleInfo (RoleInfo.java:shutdownLeaderState(104)) - 7a9bfe55-9a1e-4d2f-9ebd-558835cfe40a: shutdown LeaderState
2019-08-29 08:34:47,187 [ForkJoinPool.commonPool-worker-1] INFO  impl.PendingRequests (PendingRequests.java:sendNotLeaderResponses(202)) - 7a9bfe55-9a1e-4d2f-9ebd-558835cfe40a-PendingRequests: sendNotLeaderResponses
2019-08-29 08:34:47,187 [ForkJoinPool.commonPool-worker-1] INFO  impl.StateMachineUpdater (StateMachineUpdater.java:stopAndJoin(115)) - StateMachineUpdater:7a9bfe55-9a1e-4d2f-9ebd-558835cfe40a:group-50748D818F34: set stopIndex = 0
2019-08-29 08:34:47,187 [ForkJoinPool.commonPool-worker-1] INFO  impl.RaftServerImpl (ServerState.java:close(394)) - 7a9bfe55-9a1e-4d2f-9ebd-558835cfe40a:group-50748D818F34 closes. The last applied log index is 0
2019-08-29 08:34:47,188 [7a9bfe55-9a1e-4d2f-9ebd-558835cfe40a-SegmentedRaftLogWorker:Storage Directory /workdir/hadoop-ozone/integration-test/target/test-dir/MiniOzoneClusterImpl-839c4a83-1072-4184-a39a-41aa01fb846d/datanode-2/data/ratis/9f26a0ef-a6e8-4332-8e4d-50748d818f34] INFO  segmented.SegmentedRaftLogWorker (SegmentedRaftLogWorker.java:run(313)) - 7a9bfe55-9a1e-4d2f-9ebd-558835cfe40a-SegmentedRaftLogWorker:Storage Directory /workdir/hadoop-ozone/integration-test/target/test-dir/MiniOzoneClusterImpl-839c4a83-1072-4184-a39a-41aa01fb846d/datanode-2/data/ratis/9f26a0ef-a6e8-4332-8e4d-50748d818f34 was interrupted, exiting. There are 0 tasks remaining in the queue.
2019-08-29 08:34:47,279 | INFO  | SCMAudit | user=jenkins1000 | ip=192.168.69.89 | op=SEND_HEARTBEAT {datanodeUUID=129685ee-8122-4333-8930-3eeb8cf836af, command=[]} | ret=SUCCESS |  
2019-08-29 08:34:47,404 [java.util.concurrent.ThreadPoolExecutor$Worker@4232d1d8[State = -1, empty queue]] WARN  server.GrpcLogAppender (GrpcLogAppender.java:timeoutAppendRequest(200)) - GrpcLogAppender(02bf3283-c6bf-4588-a57c-baa459038378->4da055f9-cd9d-4c6f-9ab8-147a42717fcf): appendEntries Timeout, request=02bf3283-c6bf-4588-a57c-baa459038378->4da055f9-cd9d-4c6f-9ab8-147a42717fcf#94-t3, previous=(t:3, i:18), leaderCommit=17, initializing? false, entries: <empty>
2019-08-29 08:34:47,512 | INFO  | SCMAudit | user=jenkins1000 | ip=192.168.69.89 | op=SEND_HEARTBEAT {datanodeUUID=4da055f9-cd9d-4c6f-9ab8-147a42717fcf, command=[]} | ret=SUCCESS |  
2019-08-29 08:34:47,513 | INFO  | SCMAudit | user=jenkins1000 | ip=192.168.69.89 | op=SEND_HEARTBEAT {datanodeUUID=02bf3283-c6bf-4588-a57c-baa459038378, command=[]} | ret=SUCCESS |  
2019-08-29 08:34:47,513 | INFO  | SCMAudit | user=jenkins1000 | ip=192.168.69.89 | op=SEND_HEARTBEAT {datanodeUUID=f0c18ce4-0e5b-4823-99c8-fd716531bc5f, command=[]} | ret=SUCCESS |  
2019-08-29 08:34:47,645 [java.util.concurrent.ThreadPoolExecutor$Worker@765ccaac[State = -1, empty queue]] WARN  server.GrpcLogAppender (GrpcLogAppender.java:timeoutAppendRequest(200)) - GrpcLogAppender(bcbb4469-e902-4083-b3d9-1bab9ea4cd29->99586f2f-9d87-40a3-9061-4566008201fd): appendEntries Timeout, request=bcbb4469-e902-4083-b3d9-1bab9ea4cd29->99586f2f-9d87-40a3-9061-4566008201fd#148-t2, previous=(t:2, i:30), leaderCommit=29, initializing? false, entries: <empty>
2019-08-29 08:34:47,645 [java.util.concurrent.ThreadPoolExecutor$Worker@1719057[State = -1, empty queue]] WARN  server.GrpcLogAppender (GrpcLogAppender.java:timeoutAppendRequest(200)) - GrpcLogAppender(bcbb4469-e902-4083-b3d9-1bab9ea4cd29->e7b9916e-4eca-4156-a086-839e4ffd13a0): appendEntries Timeout, request=bcbb4469-e902-4083-b3d9-1bab9ea4cd29->e7b9916e-4eca-4156-a086-839e4ffd13a0#148-t2, previous=(t:2, i:30), leaderCommit=29, initializing? false, entries: <empty>
2019-08-29 08:34:47,672 [java.util.concurrent.ThreadPoolExecutor$Worker@1d54cbf9[State = -1, empty queue]] WARN  server.GrpcLogAppender (GrpcLogAppender.java:timeoutAppendRequest(200)) - GrpcLogAppender(02bf3283-c6bf-4588-a57c-baa459038378->f0c18ce4-0e5b-4823-99c8-fd716531bc5f): appendEntries Timeout, request=02bf3283-c6bf-4588-a57c-baa459038378->f0c18ce4-0e5b-4823-99c8-fd716531bc5f#94-t3, previous=(t:3, i:18), leaderCommit=17, initializing? false, entries: <empty>
2019-08-29 08:34:47,680 | INFO  | SCMAudit | user=jenkins1000 | ip=192.168.69.89 | op=SEND_HEARTBEAT {datanodeUUID=bcbb4469-e902-4083-b3d9-1bab9ea4cd29, command=[]} | ret=SUCCESS |  
2019-08-29 08:34:47,680 | INFO  | SCMAudit | user=jenkins1000 | ip=192.168.69.89 | op=SEND_HEARTBEAT {datanodeUUID=e7b9916e-4eca-4156-a086-839e4ffd13a0, command=[]} | ret=SUCCESS |  
2019-08-29 08:34:47,905 [java.util.concurrent.ThreadPoolExecutor$Worker@4232d1d8[State = -1, empty queue]] WARN  server.GrpcLogAppender (GrpcLogAppender.java:timeoutAppendRequest(200)) - GrpcLogAppender(02bf3283-c6bf-4588-a57c-baa459038378->4da055f9-cd9d-4c6f-9ab8-147a42717fcf): appendEntries Timeout, request=02bf3283-c6bf-4588-a57c-baa459038378->4da055f9-cd9d-4c6f-9ab8-147a42717fcf#95-t3, previous=(t:3, i:18), leaderCommit=17, initializing? false, entries: <empty>
2019-08-29 08:34:48,145 [java.util.concurrent.ThreadPoolExecutor$Worker@765ccaac[State = -1, empty queue]] WARN  server.GrpcLogAppender (GrpcLogAppender.java:timeoutAppendRequest(200)) - GrpcLogAppender(bcbb4469-e902-4083-b3d9-1bab9ea4cd29->99586f2f-9d87-40a3-9061-4566008201fd): appendEntries Timeout, request=bcbb4469-e902-4083-b3d9-1bab9ea4cd29->99586f2f-9d87-40a3-9061-4566008201fd#149-t2, previous=(t:2, i:30), leaderCommit=29, initializing? false, entries: <empty>
2019-08-29 08:34:48,145 [java.util.concurrent.ThreadPoolExecutor$Worker@1719057[State = -1, empty queue]] WARN  server.GrpcLogAppender (GrpcLogAppender.java:timeoutAppendRequest(200)) - GrpcLogAppender(bcbb4469-e902-4083-b3d9-1bab9ea4cd29->e7b9916e-4eca-4156-a086-839e4ffd13a0): appendEntries Timeout, request=bcbb4469-e902-4083-b3d9-1bab9ea4cd29->e7b9916e-4eca-4156-a086-839e4ffd13a0#149-t2, previous=(t:2, i:30), leaderCommit=29, initializing? false, entries: <empty>
2019-08-29 08:34:48,172 [java.util.concurrent.ThreadPoolExecutor$Worker@1d54cbf9[State = -1, empty queue]] WARN  server.GrpcLogAppender (GrpcLogAppender.java:timeoutAppendRequest(200)) - GrpcLogAppender(02bf3283-c6bf-4588-a57c-baa459038378->f0c18ce4-0e5b-4823-99c8-fd716531bc5f): appendEntries Timeout, request=02bf3283-c6bf-4588-a57c-baa459038378->f0c18ce4-0e5b-4823-99c8-fd716531bc5f#95-t3, previous=(t:3, i:18), leaderCommit=17, initializing? false, entries: <empty>
2019-08-29 08:34:48,280 | INFO  | SCMAudit | user=jenkins1000 | ip=192.168.69.89 | op=SEND_HEARTBEAT {datanodeUUID=129685ee-8122-4333-8930-3eeb8cf836af, command=[]} | ret=SUCCESS |  
2019-08-29 08:34:48,408 [java.util.concurrent.ThreadPoolExecutor$Worker@4232d1d8[State = -1, empty queue]] WARN  server.GrpcLogAppender (GrpcLogAppender.java:timeoutAppendRequest(200)) - GrpcLogAppender(02bf3283-c6bf-4588-a57c-baa459038378->4da055f9-cd9d-4c6f-9ab8-147a42717fcf): appendEntries Timeout, request=02bf3283-c6bf-4588-a57c-baa459038378->4da055f9-cd9d-4c6f-9ab8-147a42717fcf#96-t3, previous=(t:3, i:18), leaderCommit=17, initializing? false, entries: <empty>
2019-08-29 08:34:48,512 | INFO  | SCMAudit | user=jenkins1000 | ip=192.168.69.89 | op=SEND_HEARTBEAT {datanodeUUID=4da055f9-cd9d-4c6f-9ab8-147a42717fcf, command=[]} | ret=SUCCESS |  
2019-08-29 08:34:48,513 | INFO  | SCMAudit | user=jenkins1000 | ip=192.168.69.89 | op=SEND_HEARTBEAT {datanodeUUID=02bf3283-c6bf-4588-a57c-baa459038378, command=[]} | ret=SUCCESS |  
2019-08-29 08:34:48,513 | INFO  | SCMAudit | user=jenkins1000 | ip=192.168.69.89 | op=SEND_HEARTBEAT {datanodeUUID=f0c18ce4-0e5b-4823-99c8-fd716531bc5f, command=[]} | ret=SUCCESS |  
2019-08-29 08:34:48,646 [java.util.concurrent.ThreadPoolExecutor$Worker@765ccaac[State = -1, empty queue]] WARN  server.GrpcLogAppender (GrpcLogAppender.java:timeoutAppendRequest(200)) - GrpcLogAppender(bcbb4469-e902-4083-b3d9-1bab9ea4cd29->99586f2f-9d87-40a3-9061-4566008201fd): appendEntries Timeout, request=bcbb4469-e902-4083-b3d9-1bab9ea4cd29->99586f2f-9d87-40a3-9061-4566008201fd#150-t2, previous=(t:2, i:30), leaderCommit=29, initializing? false, entries: <empty>
2019-08-29 08:34:48,646 [java.util.concurrent.ThreadPoolExecutor$Worker@1719057[State = -1, empty queue]] WARN  server.GrpcLogAppender (GrpcLogAppender.java:timeoutAppendRequest(200)) - GrpcLogAppender(bcbb4469-e902-4083-b3d9-1bab9ea4cd29->e7b9916e-4eca-4156-a086-839e4ffd13a0): appendEntries Timeout, request=bcbb4469-e902-4083-b3d9-1bab9ea4cd29->e7b9916e-4eca-4156-a086-839e4ffd13a0#150-t2, previous=(t:2, i:30), leaderCommit=29, initializing? false, entries: <empty>
2019-08-29 08:34:48,672 [java.util.concurrent.ThreadPoolExecutor$Worker@1d54cbf9[State = -1, empty queue]] WARN  server.GrpcLogAppender (GrpcLogAppender.java:timeoutAppendRequest(200)) - GrpcLogAppender(02bf3283-c6bf-4588-a57c-baa459038378->f0c18ce4-0e5b-4823-99c8-fd716531bc5f): appendEntries Timeout, request=02bf3283-c6bf-4588-a57c-baa459038378->f0c18ce4-0e5b-4823-99c8-fd716531bc5f#96-t3, previous=(t:3, i:18), leaderCommit=17, initializing? false, entries: <empty>
2019-08-29 08:34:48,680 | INFO  | SCMAudit | user=jenkins1000 | ip=192.168.69.89 | op=SEND_HEARTBEAT {datanodeUUID=bcbb4469-e902-4083-b3d9-1bab9ea4cd29, command=[]} | ret=SUCCESS |  
2019-08-29 08:34:48,680 | INFO  | SCMAudit | user=jenkins1000 | ip=192.168.69.89 | op=SEND_HEARTBEAT {datanodeUUID=e7b9916e-4eca-4156-a086-839e4ffd13a0, command=[]} | ret=SUCCESS |  
2019-08-29 08:34:48,905 [java.util.concurrent.ThreadPoolExecutor$Worker@4232d1d8[State = -1, empty queue]] WARN  server.GrpcLogAppender (GrpcLogAppender.java:timeoutAppendRequest(200)) - GrpcLogAppender(02bf3283-c6bf-4588-a57c-baa459038378->4da055f9-cd9d-4c6f-9ab8-147a42717fcf): appendEntries Timeout, request=02bf3283-c6bf-4588-a57c-baa459038378->4da055f9-cd9d-4c6f-9ab8-147a42717fcf#97-t3, previous=(t:3, i:18), leaderCommit=17, initializing? false, entries: <empty>
2019-08-29 08:34:49,146 [java.util.concurrent.ThreadPoolExecutor$Worker@765ccaac[State = -1, empty queue]] WARN  server.GrpcLogAppender (GrpcLogAppender.java:timeoutAppendRequest(200)) - GrpcLogAppender(bcbb4469-e902-4083-b3d9-1bab9ea4cd29->99586f2f-9d87-40a3-9061-4566008201fd): appendEntries Timeout, request=bcbb4469-e902-4083-b3d9-1bab9ea4cd29->99586f2f-9d87-40a3-9061-4566008201fd#151-t2, previous=(t:2, i:30), leaderCommit=29, initializing? false, entries: <empty>
2019-08-29 08:34:49,146 [java.util.concurrent.ThreadPoolExecutor$Worker@1719057[State = -1, empty queue]] WARN  server.GrpcLogAppender (GrpcLogAppender.java:timeoutAppendRequest(200)) - GrpcLogAppender(bcbb4469-e902-4083-b3d9-1bab9ea4cd29->e7b9916e-4eca-4156-a086-839e4ffd13a0): appendEntries Timeout, request=bcbb4469-e902-4083-b3d9-1bab9ea4cd29->e7b9916e-4eca-4156-a086-839e4ffd13a0#151-t2, previous=(t:2, i:30), leaderCommit=29, initializing? false, entries: <empty>
2019-08-29 08:34:49,172 [java.util.concurrent.ThreadPoolExecutor$Worker@1d54cbf9[State = -1, empty queue]] WARN  server.GrpcLogAppender (GrpcLogAppender.java:timeoutAppendRequest(200)) - GrpcLogAppender(02bf3283-c6bf-4588-a57c-baa459038378->f0c18ce4-0e5b-4823-99c8-fd716531bc5f): appendEntries Timeout, request=02bf3283-c6bf-4588-a57c-baa459038378->f0c18ce4-0e5b-4823-99c8-fd716531bc5f#97-t3, previous=(t:3, i:18), leaderCommit=17, initializing? false, entries: <empty>
2019-08-29 08:34:49,280 | INFO  | SCMAudit | user=jenkins1000 | ip=192.168.69.89 | op=SEND_HEARTBEAT {datanodeUUID=129685ee-8122-4333-8930-3eeb8cf836af, command=[]} | ret=SUCCESS |  
2019-08-29 08:34:49,405 [java.util.concurrent.ThreadPoolExecutor$Worker@4232d1d8[State = -1, empty queue]] WARN  server.GrpcLogAppender (GrpcLogAppender.java:timeoutAppendRequest(200)) - GrpcLogAppender(02bf3283-c6bf-4588-a57c-baa459038378->4da055f9-cd9d-4c6f-9ab8-147a42717fcf): appendEntries Timeout, request=02bf3283-c6bf-4588-a57c-baa459038378->4da055f9-cd9d-4c6f-9ab8-147a42717fcf#98-t3, previous=(t:3, i:18), leaderCommit=17, initializing? false, entries: <empty>
2019-08-29 08:34:49,480 [ForkJoinPool.commonPool-worker-1] INFO  segmented.SegmentedRaftLogWorker (SegmentedRaftLogWorker.java:close(228)) - 7a9bfe55-9a1e-4d2f-9ebd-558835cfe40a-SegmentedRaftLogWorker:Storage Directory /workdir/hadoop-ozone/integration-test/target/test-dir/MiniOzoneClusterImpl-839c4a83-1072-4184-a39a-41aa01fb846d/datanode-2/data/ratis/9f26a0ef-a6e8-4332-8e4d-50748d818f34 close()
2019-08-29 08:34:49,480 [129685ee-8122-4333-8930-3eeb8cf836af:group-4F259F9E67CD:LeaderElection38] INFO  impl.LeaderElection (LeaderElection.java:askForVotes(181)) - 129685ee-8122-4333-8930-3eeb8cf836af:group-4F259F9E67CD:LeaderElection38: begin an election at term 13 for 0: [802c6c9d-4843-417e-8983-b6e40533cc1c:192.168.69.89:37103, 129685ee-8122-4333-8930-3eeb8cf836af:192.168.69.89:45580, fe546585-3c52-42ae-8754-1a35dad17d3f:192.168.69.89:45996], old=null
2019-08-29 08:34:49,489 [ForkJoinPool.commonPool-worker-1] INFO  server.GrpcService (GrpcService.java:closeImpl(155)) - 7a9bfe55-9a1e-4d2f-9ebd-558835cfe40a: shutdown server with port 46617 now
2019-08-29 08:34:49,494 [ForkJoinPool.commonPool-worker-1] INFO  server.GrpcService (GrpcService.java:closeImpl(163)) - 7a9bfe55-9a1e-4d2f-9ebd-558835cfe40a: shutdown server with port 46617 successfully
2019-08-29 08:34:49,494 | INFO  | SCMAudit | user=jenkins1000 | ip=192.168.69.89 | op=SEND_HEARTBEAT {datanodeUUID=bcbb4469-e902-4083-b3d9-1bab9ea4cd29, command=[]} | ret=SUCCESS |  
2019-08-29 08:34:49,494 | INFO  | SCMAudit | user=jenkins1000 | ip=192.168.69.89 | op=SEND_HEARTBEAT {datanodeUUID=e7b9916e-4eca-4156-a086-839e4ffd13a0, command=[]} | ret=SUCCESS |  
2019-08-29 08:34:49,495 [129685ee-8122-4333-8930-3eeb8cf836af:group-4F259F9E67CD:LeaderElection38] INFO  impl.LeaderElection (LogUtils.java:infoOrTrace(149)) - 129685ee-8122-4333-8930-3eeb8cf836af:group-4F259F9E67CD:LeaderElection38 got exception when requesting votes: {}
java.util.concurrent.ExecutionException: org.apache.ratis.thirdparty.io.grpc.StatusRuntimeException: UNAVAILABLE: io exception
	at java.util.concurrent.FutureTask.report(FutureTask.java:122)
	at java.util.concurrent.FutureTask.get(FutureTask.java:192)
	at org.apache.ratis.server.impl.LeaderElection.waitForResults(LeaderElection.java:262)
	at org.apache.ratis.server.impl.LeaderElection.askForVotes(LeaderElection.java:200)
	at org.apache.ratis.server.impl.LeaderElection.run(LeaderElection.java:130)
	at java.lang.Thread.run(Thread.java:748)
Caused by: org.apache.ratis.thirdparty.io.grpc.StatusRuntimeException: UNAVAILABLE: io exception
	at org.apache.ratis.thirdparty.io.grpc.stub.ClientCalls.toStatusRuntimeException(ClientCalls.java:233)
	at org.apache.ratis.thirdparty.io.grpc.stub.ClientCalls.getUnchecked(ClientCalls.java:214)
	at org.apache.ratis.thirdparty.io.grpc.stub.ClientCalls.blockingUnaryCall(ClientCalls.java:139)
	at org.apache.ratis.proto.grpc.RaftServerProtocolServiceGrpc$RaftServerProtocolServiceBlockingStub.requestVote(RaftServerProtocolServiceGrpc.java:265)
	at org.apache.ratis.grpc.server.GrpcServerProtocolClient.requestVote(GrpcServerProtocolClient.java:83)
	at org.apache.ratis.grpc.server.GrpcService.requestVote(GrpcService.java:195)
	at org.apache.ratis.server.impl.LeaderElection.lambda$submitRequests$1(LeaderElection.java:237)
	at java.util.concurrent.FutureTask.run(FutureTask.java:266)
	at java.util.concurrent.Executors$RunnableAdapter.call(Executors.java:511)
	at java.util.concurrent.FutureTask.run(FutureTask.java:266)
	at java.util.concurrent.ThreadPoolExecutor.runWorker(ThreadPoolExecutor.java:1149)
	at java.util.concurrent.ThreadPoolExecutor$Worker.run(ThreadPoolExecutor.java:624)
	... 1 more
Caused by: org.apache.ratis.thirdparty.io.netty.channel.AbstractChannel$AnnotatedConnectException: Connection refused: /192.168.69.89:37103
	at sun.nio.ch.SocketChannelImpl.checkConnect(Native Method)
	at sun.nio.ch.SocketChannelImpl.finishConnect(SocketChannelImpl.java:717)
	at org.apache.ratis.thirdparty.io.netty.channel.socket.nio.NioSocketChannel.doFinishConnect(NioSocketChannel.java:327)
	at org.apache.ratis.thirdparty.io.netty.channel.nio.AbstractNioChannel$AbstractNioUnsafe.finishConnect(AbstractNioChannel.java:340)
	at org.apache.ratis.thirdparty.io.netty.channel.nio.NioEventLoop.processSelectedKey(NioEventLoop.java:632)
	at org.apache.ratis.thirdparty.io.netty.channel.nio.NioEventLoop.processSelectedKeysOptimized(NioEventLoop.java:579)
	at org.apache.ratis.thirdparty.io.netty.channel.nio.NioEventLoop.processSelectedKeys(NioEventLoop.java:496)
	at org.apache.ratis.thirdparty.io.netty.channel.nio.NioEventLoop.run(NioEventLoop.java:458)
	at org.apache.ratis.thirdparty.io.netty.util.concurrent.SingleThreadEventExecutor$5.run(SingleThreadEventExecutor.java:897)
	at org.apache.ratis.thirdparty.io.netty.util.concurrent.FastThreadLocalRunnable.run(FastThreadLocalRunnable.java:30)
	... 1 more
Caused by: java.net.ConnectException: Connection refused
	... 11 more
2019-08-29 08:34:49,499 | INFO  | DNAudit | user=null | ip=null | op=WRITE_CHUNK {blockData=conID: 6 locID: 102699343581151238 bcsId: 0} | ret=SUCCESS |  
2019-08-29 08:34:49,499 | INFO  | DNAudit | user=null | ip=null | op=WRITE_CHUNK {blockData=conID: 6 locID: 102699343581151238 bcsId: 0} | ret=SUCCESS |  
2019-08-29 08:34:49,499 | INFO  | DNAudit | user=null | ip=null | op=WRITE_CHUNK {blockData=conID: 6 locID: 102699343581151238 bcsId: 0} | ret=SUCCESS |  
2019-08-29 08:34:49,500 [129685ee-8122-4333-8930-3eeb8cf836af:group-4F259F9E67CD:LeaderElection38] INFO  impl.LeaderElection (LogUtils.java:infoOrTrace(149)) - 129685ee-8122-4333-8930-3eeb8cf836af:group-4F259F9E67CD:LeaderElection38 got exception when requesting votes: {}
java.util.concurrent.ExecutionException: org.apache.ratis.thirdparty.io.grpc.StatusRuntimeException: UNAVAILABLE: io exception
	at java.util.concurrent.FutureTask.report(FutureTask.java:122)
	at java.util.concurrent.FutureTask.get(FutureTask.java:192)
	at org.apache.ratis.server.impl.LeaderElection.waitForResults(LeaderElection.java:262)
	at org.apache.ratis.server.impl.LeaderElection.askForVotes(LeaderElection.java:200)
	at org.apache.ratis.server.impl.LeaderElection.run(LeaderElection.java:130)
	at java.lang.Thread.run(Thread.java:748)
Caused by: org.apache.ratis.thirdparty.io.grpc.StatusRuntimeException: UNAVAILABLE: io exception
	at org.apache.ratis.thirdparty.io.grpc.stub.ClientCalls.toStatusRuntimeException(ClientCalls.java:233)
	at org.apache.ratis.thirdparty.io.grpc.stub.ClientCalls.getUnchecked(ClientCalls.java:214)
	at org.apache.ratis.thirdparty.io.grpc.stub.ClientCalls.blockingUnaryCall(ClientCalls.java:139)
	at org.apache.ratis.proto.grpc.RaftServerProtocolServiceGrpc$RaftServerProtocolServiceBlockingStub.requestVote(RaftServerProtocolServiceGrpc.java:265)
	at org.apache.ratis.grpc.server.GrpcServerProtocolClient.requestVote(GrpcServerProtocolClient.java:83)
	at org.apache.ratis.grpc.server.GrpcService.requestVote(GrpcService.java:195)
	at org.apache.ratis.server.impl.LeaderElection.lambda$submitRequests$1(LeaderElection.java:237)
	at java.util.concurrent.FutureTask.run(FutureTask.java:266)
	at java.util.concurrent.Executors$RunnableAdapter.call(Executors.java:511)
	at java.util.concurrent.FutureTask.run(FutureTask.java:266)
	at java.util.concurrent.ThreadPoolExecutor.runWorker(ThreadPoolExecutor.java:1149)
	at java.util.concurrent.ThreadPoolExecutor$Worker.run(ThreadPoolExecutor.java:624)
	... 1 more
Caused by: org.apache.ratis.thirdparty.io.netty.channel.AbstractChannel$AnnotatedConnectException: Connection refused: /192.168.69.89:45996
	at sun.nio.ch.SocketChannelImpl.checkConnect(Native Method)
	at sun.nio.ch.SocketChannelImpl.finishConnect(SocketChannelImpl.java:717)
	at org.apache.ratis.thirdparty.io.netty.channel.socket.nio.NioSocketChannel.doFinishConnect(NioSocketChannel.java:327)
	at org.apache.ratis.thirdparty.io.netty.channel.nio.AbstractNioChannel$AbstractNioUnsafe.finishConnect(AbstractNioChannel.java:340)
	at org.apache.ratis.thirdparty.io.netty.channel.nio.NioEventLoop.processSelectedKey(NioEventLoop.java:632)
	at org.apache.ratis.thirdparty.io.netty.channel.nio.NioEventLoop.processSelectedKeysOptimized(NioEventLoop.java:579)
	at org.apache.ratis.thirdparty.io.netty.channel.nio.NioEventLoop.processSelectedKeys(NioEventLoop.java:496)
	at org.apache.ratis.thirdparty.io.netty.channel.nio.NioEventLoop.run(NioEventLoop.java:458)
	at org.apache.ratis.thirdparty.io.netty.util.concurrent.SingleThreadEventExecutor$5.run(SingleThreadEventExecutor.java:897)
	at org.apache.ratis.thirdparty.io.netty.util.concurrent.FastThreadLocalRunnable.run(FastThreadLocalRunnable.java:30)
	... 1 more
Caused by: java.net.ConnectException: Connection refused
	... 11 more
2019-08-29 08:34:49,504 [129685ee-8122-4333-8930-3eeb8cf836af:group-4F259F9E67CD:LeaderElection38] INFO  impl.LeaderElection (LeaderElection.java:logAndReturn(56)) - 129685ee-8122-4333-8930-3eeb8cf836af:group-4F259F9E67CD:LeaderElection38: Election REJECTED; received 0 response(s) [] and 2 exception(s); 129685ee-8122-4333-8930-3eeb8cf836af:t13, leader=null, voted=129685ee-8122-4333-8930-3eeb8cf836af, raftlog=129685ee-8122-4333-8930-3eeb8cf836af-SegmentedRaftLog:OPENED:c16,f16,i16, conf=0: [802c6c9d-4843-417e-8983-b6e40533cc1c:192.168.69.89:37103, 129685ee-8122-4333-8930-3eeb8cf836af:192.168.69.89:45580, fe546585-3c52-42ae-8754-1a35dad17d3f:192.168.69.89:45996], old=null
2019-08-29 08:34:49,504 [129685ee-8122-4333-8930-3eeb8cf836af:group-4F259F9E67CD:LeaderElection38] INFO  impl.LeaderElection (LogUtils.java:infoOrTrace(149)) -   Exception 0: {}
java.util.concurrent.ExecutionException: org.apache.ratis.thirdparty.io.grpc.StatusRuntimeException: UNAVAILABLE: io exception
	at java.util.concurrent.FutureTask.report(FutureTask.java:122)
	at java.util.concurrent.FutureTask.get(FutureTask.java:192)
	at org.apache.ratis.server.impl.LeaderElection.waitForResults(LeaderElection.java:262)
	at org.apache.ratis.server.impl.LeaderElection.askForVotes(LeaderElection.java:200)
	at org.apache.ratis.server.impl.LeaderElection.run(LeaderElection.java:130)
	at java.lang.Thread.run(Thread.java:748)
Caused by: org.apache.ratis.thirdparty.io.grpc.StatusRuntimeException: UNAVAILABLE: io exception
	at org.apache.ratis.thirdparty.io.grpc.stub.ClientCalls.toStatusRuntimeException(ClientCalls.java:233)
	at org.apache.ratis.thirdparty.io.grpc.stub.ClientCalls.getUnchecked(ClientCalls.java:214)
	at org.apache.ratis.thirdparty.io.grpc.stub.ClientCalls.blockingUnaryCall(ClientCalls.java:139)
	at org.apache.ratis.proto.grpc.RaftServerProtocolServiceGrpc$RaftServerProtocolServiceBlockingStub.requestVote(RaftServerProtocolServiceGrpc.java:265)
	at org.apache.ratis.grpc.server.GrpcServerProtocolClient.requestVote(GrpcServerProtocolClient.java:83)
	at org.apache.ratis.grpc.server.GrpcService.requestVote(GrpcService.java:195)
	at org.apache.ratis.server.impl.LeaderElection.lambda$submitRequests$1(LeaderElection.java:237)
	at java.util.concurrent.FutureTask.run(FutureTask.java:266)
	at java.util.concurrent.Executors$RunnableAdapter.call(Executors.java:511)
	at java.util.concurrent.FutureTask.run(FutureTask.java:266)
	at java.util.concurrent.ThreadPoolExecutor.runWorker(ThreadPoolExecutor.java:1149)
	at java.util.concurrent.ThreadPoolExecutor$Worker.run(ThreadPoolExecutor.java:624)
	... 1 more
Caused by: org.apache.ratis.thirdparty.io.netty.channel.AbstractChannel$AnnotatedConnectException: Connection refused: /192.168.69.89:37103
	at sun.nio.ch.SocketChannelImpl.checkConnect(Native Method)
	at sun.nio.ch.SocketChannelImpl.finishConnect(SocketChannelImpl.java:717)
	at org.apache.ratis.thirdparty.io.netty.channel.socket.nio.NioSocketChannel.doFinishConnect(NioSocketChannel.java:327)
	at org.apache.ratis.thirdparty.io.netty.channel.nio.AbstractNioChannel$AbstractNioUnsafe.finishConnect(AbstractNioChannel.java:340)
	at org.apache.ratis.thirdparty.io.netty.channel.nio.NioEventLoop.processSelectedKey(NioEventLoop.java:632)
	at org.apache.ratis.thirdparty.io.netty.channel.nio.NioEventLoop.processSelectedKeysOptimized(NioEventLoop.java:579)
	at org.apache.ratis.thirdparty.io.netty.channel.nio.NioEventLoop.processSelectedKeys(NioEventLoop.java:496)
	at org.apache.ratis.thirdparty.io.netty.channel.nio.NioEventLoop.run(NioEventLoop.java:458)
	at org.apache.ratis.thirdparty.io.netty.util.concurrent.SingleThreadEventExecutor$5.run(SingleThreadEventExecutor.java:897)
	at org.apache.ratis.thirdparty.io.netty.util.concurrent.FastThreadLocalRunnable.run(FastThreadLocalRunnable.java:30)
	... 1 more
Caused by: java.net.ConnectException: Connection refused
	... 11 more
2019-08-29 08:34:49,505 [129685ee-8122-4333-8930-3eeb8cf836af:group-4F259F9E67CD:LeaderElection38] INFO  impl.LeaderElection (LogUtils.java:infoOrTrace(149)) -   Exception 1: {}
java.util.concurrent.ExecutionException: org.apache.ratis.thirdparty.io.grpc.StatusRuntimeException: UNAVAILABLE: io exception
	at java.util.concurrent.FutureTask.report(FutureTask.java:122)
	at java.util.concurrent.FutureTask.get(FutureTask.java:192)
	at org.apache.ratis.server.impl.LeaderElection.waitForResults(LeaderElection.java:262)
	at org.apache.ratis.server.impl.LeaderElection.askForVotes(LeaderElection.java:200)
	at org.apache.ratis.server.impl.LeaderElection.run(LeaderElection.java:130)
	at java.lang.Thread.run(Thread.java:748)
Caused by: org.apache.ratis.thirdparty.io.grpc.StatusRuntimeException: UNAVAILABLE: io exception
	at org.apache.ratis.thirdparty.io.grpc.stub.ClientCalls.toStatusRuntimeException(ClientCalls.java:233)
	at org.apache.ratis.thirdparty.io.grpc.stub.ClientCalls.getUnchecked(ClientCalls.java:214)
	at org.apache.ratis.thirdparty.io.grpc.stub.ClientCalls.blockingUnaryCall(ClientCalls.java:139)
	at org.apache.ratis.proto.grpc.RaftServerProtocolServiceGrpc$RaftServerProtocolServiceBlockingStub.requestVote(RaftServerProtocolServiceGrpc.java:265)
	at org.apache.ratis.grpc.server.GrpcServerProtocolClient.requestVote(GrpcServerProtocolClient.java:83)
	at org.apache.ratis.grpc.server.GrpcService.requestVote(GrpcService.java:195)
	at org.apache.ratis.server.impl.LeaderElection.lambda$submitRequests$1(LeaderElection.java:237)
	at java.util.concurrent.FutureTask.run(FutureTask.java:266)
	at java.util.concurrent.Executors$RunnableAdapter.call(Executors.java:511)
	at java.util.concurrent.FutureTask.run(FutureTask.java:266)
	at java.util.concurrent.ThreadPoolExecutor.runWorker(ThreadPoolExecutor.java:1149)
	at java.util.concurrent.ThreadPoolExecutor$Worker.run(ThreadPoolExecutor.java:624)
	... 1 more
Caused by: org.apache.ratis.thirdparty.io.netty.channel.AbstractChannel$AnnotatedConnectException: Connection refused: /192.168.69.89:45996
	at sun.nio.ch.SocketChannelImpl.checkConnect(Native Method)
	at sun.nio.ch.SocketChannelImpl.finishConnect(SocketChannelImpl.java:717)
	at org.apache.ratis.thirdparty.io.netty.channel.socket.nio.NioSocketChannel.doFinishConnect(NioSocketChannel.java:327)
	at org.apache.ratis.thirdparty.io.netty.channel.nio.AbstractNioChannel$AbstractNioUnsafe.finishConnect(AbstractNioChannel.java:340)
	at org.apache.ratis.thirdparty.io.netty.channel.nio.NioEventLoop.processSelectedKey(NioEventLoop.java:632)
	at org.apache.ratis.thirdparty.io.netty.channel.nio.NioEventLoop.processSelectedKeysOptimized(NioEventLoop.java:579)
	at org.apache.ratis.thirdparty.io.netty.channel.nio.NioEventLoop.processSelectedKeys(NioEventLoop.java:496)
	at org.apache.ratis.thirdparty.io.netty.channel.nio.NioEventLoop.run(NioEventLoop.java:458)
	at org.apache.ratis.thirdparty.io.netty.util.concurrent.SingleThreadEventExecutor$5.run(SingleThreadEventExecutor.java:897)
	at org.apache.ratis.thirdparty.io.netty.util.concurrent.FastThreadLocalRunnable.run(FastThreadLocalRunnable.java:30)
	... 1 more
Caused by: java.net.ConnectException: Connection refused
	... 11 more
2019-08-29 08:34:49,505 [129685ee-8122-4333-8930-3eeb8cf836af:group-4F259F9E67CD:LeaderElection38] INFO  impl.RaftServerImpl (RaftServerImpl.java:setRole(171)) - 129685ee-8122-4333-8930-3eeb8cf836af:group-4F259F9E67CD changes role from CANDIDATE to FOLLOWER at term 13 for DISCOVERED_A_NEW_TERM
2019-08-29 08:34:49,506 [129685ee-8122-4333-8930-3eeb8cf836af:group-4F259F9E67CD:LeaderElection38] INFO  impl.RoleInfo (RoleInfo.java:shutdownLeaderElection(134)) - 129685ee-8122-4333-8930-3eeb8cf836af: shutdown LeaderElection
2019-08-29 08:34:49,506 [129685ee-8122-4333-8930-3eeb8cf836af:group-4F259F9E67CD:LeaderElection38] INFO  impl.RoleInfo (RoleInfo.java:updateAndGet(143)) - 129685ee-8122-4333-8930-3eeb8cf836af: start FollowerState
2019-08-29 08:34:49,510 [ForkJoinPool.commonPool-worker-1] INFO  utils.BackgroundService (BackgroundService.java:shutdown(148)) - Shutting down service BlockDeletingService
2019-08-29 08:34:49,513 | INFO  | SCMAudit | user=jenkins1000 | ip=192.168.69.89 | op=SEND_HEARTBEAT {datanodeUUID=4da055f9-cd9d-4c6f-9ab8-147a42717fcf, command=[]} | ret=SUCCESS |  
2019-08-29 08:34:49,514 | INFO  | SCMAudit | user=jenkins1000 | ip=192.168.69.89 | op=SEND_HEARTBEAT {datanodeUUID=f0c18ce4-0e5b-4823-99c8-fd716531bc5f, command=[]} | ret=SUCCESS |  
2019-08-29 08:34:49,514 | INFO  | SCMAudit | user=jenkins1000 | ip=192.168.69.89 | op=SEND_HEARTBEAT {datanodeUUID=02bf3283-c6bf-4588-a57c-baa459038378, command=[]} | ret=SUCCESS |  
2019-08-29 08:34:49,515 [refreshUsed-/workdir/hadoop-ozone/integration-test/target/test-dir/MiniOzoneClusterImpl-839c4a83-1072-4184-a39a-41aa01fb846d/datanode-2/data/containers] WARN  fs.CachingGetSpaceUsed (CachingGetSpaceUsed.java:run(183)) - Thread Interrupted waiting to refresh disk information: sleep interrupted
2019-08-29 08:34:49,516 [grpc-default-executor-0] WARN  server.GrpcLogAppender (GrpcLogAppender.java:onNextImpl(250)) - org.apache.ratis.grpc.server.GrpcLogAppender$AppendLogResponseHandler@43134f6: Request not found, ignoring reply: bcbb4469-e902-4083-b3d9-1bab9ea4cd29<-99586f2f-9d87-40a3-9061-4566008201fd#81:OK,SUCCESS,nextIndex:31,term:2,followerCommit:29
2019-08-29 08:34:49,516 [grpc-default-executor-1] WARN  server.GrpcLogAppender (GrpcLogAppender.java:onNextImpl(250)) - org.apache.ratis.grpc.server.GrpcLogAppender$AppendLogResponseHandler@32c973a9: Request not found, ignoring reply: bcbb4469-e902-4083-b3d9-1bab9ea4cd29<-e7b9916e-4eca-4156-a086-839e4ffd13a0#81:OK,SUCCESS,nextIndex:31,term:2,followerCommit:29
2019-08-29 08:34:49,517 [grpc-default-executor-0] WARN  server.GrpcLogAppender (GrpcLogAppender.java:onNextImpl(250)) - org.apache.ratis.grpc.server.GrpcLogAppender$AppendLogResponseHandler@32c973a9: Request not found, ignoring reply: bcbb4469-e902-4083-b3d9-1bab9ea4cd29<-e7b9916e-4eca-4156-a086-839e4ffd13a0#82:OK,SUCCESS,nextIndex:31,term:2,followerCommit:29
2019-08-29 08:34:49,517 [grpc-default-executor-1] WARN  server.GrpcLogAppender (GrpcLogAppender.java:onNextImpl(250)) - org.apache.ratis.grpc.server.GrpcLogAppender$AppendLogResponseHandler@43134f6: Request not found, ignoring reply: bcbb4469-e902-4083-b3d9-1bab9ea4cd29<-99586f2f-9d87-40a3-9061-4566008201fd#82:OK,SUCCESS,nextIndex:31,term:2,followerCommit:29
2019-08-29 08:34:49,517 [grpc-default-executor-0] WARN  server.GrpcLogAppender (GrpcLogAppender.java:onNextImpl(250)) - org.apache.ratis.grpc.server.GrpcLogAppender$AppendLogResponseHandler@32c973a9: Request not found, ignoring reply: bcbb4469-e902-4083-b3d9-1bab9ea4cd29<-e7b9916e-4eca-4156-a086-839e4ffd13a0#83:OK,SUCCESS,nextIndex:31,term:2,followerCommit:29
2019-08-29 08:34:49,517 [grpc-default-executor-1] WARN  server.GrpcLogAppender (GrpcLogAppender.java:onNextImpl(250)) - org.apache.ratis.grpc.server.GrpcLogAppender$AppendLogResponseHandler@43134f6: Request not found, ignoring reply: bcbb4469-e902-4083-b3d9-1bab9ea4cd29<-99586f2f-9d87-40a3-9061-4566008201fd#83:OK,SUCCESS,nextIndex:31,term:2,followerCommit:29
2019-08-29 08:34:49,518 [grpc-default-executor-1] WARN  server.GrpcLogAppender (GrpcLogAppender.java:onNextImpl(250)) - org.apache.ratis.grpc.server.GrpcLogAppender$AppendLogResponseHandler@32c973a9: Request not found, ignoring reply: bcbb4469-e902-4083-b3d9-1bab9ea4cd29<-e7b9916e-4eca-4156-a086-839e4ffd13a0#84:OK,SUCCESS,nextIndex:31,term:2,followerCommit:29
2019-08-29 08:34:49,518 [grpc-default-executor-0] WARN  server.GrpcLogAppender (GrpcLogAppender.java:onNextImpl(250)) - org.apache.ratis.grpc.server.GrpcLogAppender$AppendLogResponseHandler@43134f6: Request not found, ignoring reply: bcbb4469-e902-4083-b3d9-1bab9ea4cd29<-99586f2f-9d87-40a3-9061-4566008201fd#84:OK,SUCCESS,nextIndex:31,term:2,followerCommit:29
2019-08-29 08:34:49,518 [grpc-default-executor-1] WARN  server.GrpcLogAppender (GrpcLogAppender.java:onNextImpl(250)) - org.apache.ratis.grpc.server.GrpcLogAppender$AppendLogResponseHandler@32c973a9: Request not found, ignoring reply: bcbb4469-e902-4083-b3d9-1bab9ea4cd29<-e7b9916e-4eca-4156-a086-839e4ffd13a0#85:OK,SUCCESS,nextIndex:31,term:2,followerCommit:29
2019-08-29 08:34:49,518 [grpc-default-executor-0] WARN  server.GrpcLogAppender (GrpcLogAppender.java:onNextImpl(250)) - org.apache.ratis.grpc.server.GrpcLogAppender$AppendLogResponseHandler@43134f6: Request not found, ignoring reply: bcbb4469-e902-4083-b3d9-1bab9ea4cd29<-99586f2f-9d87-40a3-9061-4566008201fd#85:OK,SUCCESS,nextIndex:31,term:2,followerCommit:29
2019-08-29 08:34:49,519 [grpc-default-executor-1] WARN  server.GrpcLogAppender (GrpcLogAppender.java:onNextImpl(250)) - org.apache.ratis.grpc.server.GrpcLogAppender$AppendLogResponseHandler@32c973a9: Request not found, ignoring reply: bcbb4469-e902-4083-b3d9-1bab9ea4cd29<-e7b9916e-4eca-4156-a086-839e4ffd13a0#86:OK,SUCCESS,nextIndex:31,term:2,followerCommit:29
2019-08-29 08:34:49,519 [grpc-default-executor-0] WARN  server.GrpcLogAppender (GrpcLogAppender.java:onNextImpl(250)) - org.apache.ratis.grpc.server.GrpcLogAppender$AppendLogResponseHandler@43134f6: Request not found, ignoring reply: bcbb4469-e902-4083-b3d9-1bab9ea4cd29<-99586f2f-9d87-40a3-9061-4566008201fd#86:OK,SUCCESS,nextIndex:31,term:2,followerCommit:29
2019-08-29 08:34:49,519 [grpc-default-executor-1] WARN  server.GrpcLogAppender (GrpcLogAppender.java:onNextImpl(250)) - org.apache.ratis.grpc.server.GrpcLogAppender$AppendLogResponseHandler@32c973a9: Request not found, ignoring reply: bcbb4469-e902-4083-b3d9-1bab9ea4cd29<-e7b9916e-4eca-4156-a086-839e4ffd13a0#87:OK,SUCCESS,nextIndex:31,term:2,followerCommit:29
2019-08-29 08:34:49,519 [grpc-default-executor-0] WARN  server.GrpcLogAppender (GrpcLogAppender.java:onNextImpl(250)) - org.apache.ratis.grpc.server.GrpcLogAppender$AppendLogResponseHandler@43134f6: Request not found, ignoring reply: bcbb4469-e902-4083-b3d9-1bab9ea4cd29<-99586f2f-9d87-40a3-9061-4566008201fd#87:OK,SUCCESS,nextIndex:31,term:2,followerCommit:29
2019-08-29 08:34:49,519 [grpc-default-executor-1] WARN  server.GrpcLogAppender (GrpcLogAppender.java:onNextImpl(250)) - org.apache.ratis.grpc.server.GrpcLogAppender$AppendLogResponseHandler@32c973a9: Request not found, ignoring reply: bcbb4469-e902-4083-b3d9-1bab9ea4cd29<-e7b9916e-4eca-4156-a086-839e4ffd13a0#88:OK,SUCCESS,nextIndex:31,term:2,followerCommit:29
2019-08-29 08:34:49,520 [grpc-default-executor-0] WARN  server.GrpcLogAppender (GrpcLogAppender.java:onNextImpl(250)) - org.apache.ratis.grpc.server.GrpcLogAppender$AppendLogResponseHandler@43134f6: Request not found, ignoring reply: bcbb4469-e902-4083-b3d9-1bab9ea4cd29<-99586f2f-9d87-40a3-9061-4566008201fd#88:OK,SUCCESS,nextIndex:31,term:2,followerCommit:29
2019-08-29 08:34:49,520 [grpc-default-executor-1] WARN  server.GrpcLogAppender (GrpcLogAppender.java:onNextImpl(250)) - org.apache.ratis.grpc.server.GrpcLogAppender$AppendLogResponseHandler@32c973a9: Request not found, ignoring reply: bcbb4469-e902-4083-b3d9-1bab9ea4cd29<-e7b9916e-4eca-4156-a086-839e4ffd13a0#89:OK,SUCCESS,nextIndex:31,term:2,followerCommit:29
2019-08-29 08:34:49,520 [grpc-default-executor-0] WARN  server.GrpcLogAppender (GrpcLogAppender.java:onNextImpl(250)) - org.apache.ratis.grpc.server.GrpcLogAppender$AppendLogResponseHandler@43134f6: Request not found, ignoring reply: bcbb4469-e902-4083-b3d9-1bab9ea4cd29<-99586f2f-9d87-40a3-9061-4566008201fd#89:OK,SUCCESS,nextIndex:31,term:2,followerCommit:29
2019-08-29 08:34:49,520 [grpc-default-executor-1] WARN  server.GrpcLogAppender (GrpcLogAppender.java:onNextImpl(250)) - org.apache.ratis.grpc.server.GrpcLogAppender$AppendLogResponseHandler@32c973a9: Request not found, ignoring reply: bcbb4469-e902-4083-b3d9-1bab9ea4cd29<-e7b9916e-4eca-4156-a086-839e4ffd13a0#90:OK,SUCCESS,nextIndex:31,term:2,followerCommit:29
2019-08-29 08:34:49,520 [grpc-default-executor-0] WARN  server.GrpcLogAppender (GrpcLogAppender.java:onNextImpl(250)) - org.apache.ratis.grpc.server.GrpcLogAppender$AppendLogResponseHandler@43134f6: Request not found, ignoring reply: bcbb4469-e902-4083-b3d9-1bab9ea4cd29<-99586f2f-9d87-40a3-9061-4566008201fd#90:OK,SUCCESS,nextIndex:31,term:2,followerCommit:29
2019-08-29 08:34:49,520 [grpc-default-executor-1] WARN  server.GrpcLogAppender (GrpcLogAppender.java:onNextImpl(250)) - org.apache.ratis.grpc.server.GrpcLogAppender$AppendLogResponseHandler@32c973a9: Request not found, ignoring reply: bcbb4469-e902-4083-b3d9-1bab9ea4cd29<-e7b9916e-4eca-4156-a086-839e4ffd13a0#91:OK,SUCCESS,nextIndex:31,term:2,followerCommit:29
2019-08-29 08:34:49,521 [grpc-default-executor-0] WARN  server.GrpcLogAppender (GrpcLogAppender.java:onNextImpl(250)) - org.apache.ratis.grpc.server.GrpcLogAppender$AppendLogResponseHandler@43134f6: Request not found, ignoring reply: bcbb4469-e902-4083-b3d9-1bab9ea4cd29<-99586f2f-9d87-40a3-9061-4566008201fd#91:OK,SUCCESS,nextIndex:31,term:2,followerCommit:29
2019-08-29 08:34:49,521 [grpc-default-executor-1] WARN  server.GrpcLogAppender (GrpcLogAppender.java:onNextImpl(250)) - org.apache.ratis.grpc.server.GrpcLogAppender$AppendLogResponseHandler@32c973a9: Request not found, ignoring reply: bcbb4469-e902-4083-b3d9-1bab9ea4cd29<-e7b9916e-4eca-4156-a086-839e4ffd13a0#92:OK,SUCCESS,nextIndex:31,term:2,followerCommit:29
2019-08-29 08:34:49,521 [grpc-default-executor-0] WARN  server.GrpcLogAppender (GrpcLogAppender.java:onNextImpl(250)) - org.apache.ratis.grpc.server.GrpcLogAppender$AppendLogResponseHandler@43134f6: Request not found, ignoring reply: bcbb4469-e902-4083-b3d9-1bab9ea4cd29<-99586f2f-9d87-40a3-9061-4566008201fd#92:OK,SUCCESS,nextIndex:31,term:2,followerCommit:29
2019-08-29 08:34:49,521 [grpc-default-executor-1] WARN  server.GrpcLogAppender (GrpcLogAppender.java:onNextImpl(250)) - org.apache.ratis.grpc.server.GrpcLogAppender$AppendLogResponseHandler@32c973a9: Request not found, ignoring reply: bcbb4469-e902-4083-b3d9-1bab9ea4cd29<-e7b9916e-4eca-4156-a086-839e4ffd13a0#93:OK,SUCCESS,nextIndex:31,term:2,followerCommit:29
2019-08-29 08:34:49,521 [grpc-default-executor-0] WARN  server.GrpcLogAppender (GrpcLogAppender.java:onNextImpl(250)) - org.apache.ratis.grpc.server.GrpcLogAppender$AppendLogResponseHandler@43134f6: Request not found, ignoring reply: bcbb4469-e902-4083-b3d9-1bab9ea4cd29<-99586f2f-9d87-40a3-9061-4566008201fd#93:OK,SUCCESS,nextIndex:31,term:2,followerCommit:29
2019-08-29 08:34:49,522 [grpc-default-executor-1] WARN  server.GrpcLogAppender (GrpcLogAppender.java:onNextImpl(250)) - org.apache.ratis.grpc.server.GrpcLogAppender$AppendLogResponseHandler@32c973a9: Request not found, ignoring reply: bcbb4469-e902-4083-b3d9-1bab9ea4cd29<-e7b9916e-4eca-4156-a086-839e4ffd13a0#94:OK,SUCCESS,nextIndex:31,term:2,followerCommit:29
2019-08-29 08:34:49,522 [grpc-default-executor-0] WARN  server.GrpcLogAppender (GrpcLogAppender.java:onNextImpl(250)) - org.apache.ratis.grpc.server.GrpcLogAppender$AppendLogResponseHandler@43134f6: Request not found, ignoring reply: bcbb4469-e902-4083-b3d9-1bab9ea4cd29<-99586f2f-9d87-40a3-9061-4566008201fd#94:OK,SUCCESS,nextIndex:31,term:2,followerCommit:29
2019-08-29 08:34:49,522 [grpc-default-executor-1] WARN  server.GrpcLogAppender (GrpcLogAppender.java:onNextImpl(250)) - org.apache.ratis.grpc.server.GrpcLogAppender$AppendLogResponseHandler@32c973a9: Request not found, ignoring reply: bcbb4469-e902-4083-b3d9-1bab9ea4cd29<-e7b9916e-4eca-4156-a086-839e4ffd13a0#95:OK,SUCCESS,nextIndex:31,term:2,followerCommit:29
2019-08-29 08:34:49,522 [grpc-default-executor-0] WARN  server.GrpcLogAppender (GrpcLogAppender.java:onNextImpl(250)) - org.apache.ratis.grpc.server.GrpcLogAppender$AppendLogResponseHandler@43134f6: Request not found, ignoring reply: bcbb4469-e902-4083-b3d9-1bab9ea4cd29<-99586f2f-9d87-40a3-9061-4566008201fd#95:OK,SUCCESS,nextIndex:31,term:2,followerCommit:29
2019-08-29 08:34:49,522 [grpc-default-executor-1] WARN  server.GrpcLogAppender (GrpcLogAppender.java:onNextImpl(250)) - org.apache.ratis.grpc.server.GrpcLogAppender$AppendLogResponseHandler@32c973a9: Request not found, ignoring reply: bcbb4469-e902-4083-b3d9-1bab9ea4cd29<-e7b9916e-4eca-4156-a086-839e4ffd13a0#96:OK,SUCCESS,nextIndex:31,term:2,followerCommit:29
2019-08-29 08:34:49,522 [grpc-default-executor-0] WARN  server.GrpcLogAppender (GrpcLogAppender.java:onNextImpl(250)) - org.apache.ratis.grpc.server.GrpcLogAppender$AppendLogResponseHandler@43134f6: Request not found, ignoring reply: bcbb4469-e902-4083-b3d9-1bab9ea4cd29<-99586f2f-9d87-40a3-9061-4566008201fd#96:OK,SUCCESS,nextIndex:31,term:2,followerCommit:29
2019-08-29 08:34:49,523 [grpc-default-executor-1] WARN  server.GrpcLogAppender (GrpcLogAppender.java:onNextImpl(250)) - org.apache.ratis.grpc.server.GrpcLogAppender$AppendLogResponseHandler@32c973a9: Request not found, ignoring reply: bcbb4469-e902-4083-b3d9-1bab9ea4cd29<-e7b9916e-4eca-4156-a086-839e4ffd13a0#97:OK,SUCCESS,nextIndex:31,term:2,followerCommit:29
2019-08-29 08:34:49,523 [grpc-default-executor-0] WARN  server.GrpcLogAppender (GrpcLogAppender.java:onNextImpl(250)) - org.apache.ratis.grpc.server.GrpcLogAppender$AppendLogResponseHandler@43134f6: Request not found, ignoring reply: bcbb4469-e902-4083-b3d9-1bab9ea4cd29<-99586f2f-9d87-40a3-9061-4566008201fd#97:OK,SUCCESS,nextIndex:31,term:2,followerCommit:29
2019-08-29 08:34:49,523 [grpc-default-executor-1] WARN  server.GrpcLogAppender (GrpcLogAppender.java:onNextImpl(250)) - org.apache.ratis.grpc.server.GrpcLogAppender$AppendLogResponseHandler@32c973a9: Request not found, ignoring reply: bcbb4469-e902-4083-b3d9-1bab9ea4cd29<-e7b9916e-4eca-4156-a086-839e4ffd13a0#98:OK,SUCCESS,nextIndex:31,term:2,followerCommit:29
2019-08-29 08:34:49,523 [grpc-default-executor-0] WARN  server.GrpcLogAppender (GrpcLogAppender.java:onNextImpl(250)) - org.apache.ratis.grpc.server.GrpcLogAppender$AppendLogResponseHandler@43134f6: Request not found, ignoring reply: bcbb4469-e902-4083-b3d9-1bab9ea4cd29<-99586f2f-9d87-40a3-9061-4566008201fd#98:OK,SUCCESS,nextIndex:31,term:2,followerCommit:29
2019-08-29 08:34:49,523 [grpc-default-executor-1] WARN  server.GrpcLogAppender (GrpcLogAppender.java:onNextImpl(250)) - org.apache.ratis.grpc.server.GrpcLogAppender$AppendLogResponseHandler@32c973a9: Request not found, ignoring reply: bcbb4469-e902-4083-b3d9-1bab9ea4cd29<-e7b9916e-4eca-4156-a086-839e4ffd13a0#99:OK,SUCCESS,nextIndex:31,term:2,followerCommit:29
2019-08-29 08:34:49,524 [grpc-default-executor-0] WARN  server.GrpcLogAppender (GrpcLogAppender.java:onNextImpl(250)) - org.apache.ratis.grpc.server.GrpcLogAppender$AppendLogResponseHandler@43134f6: Request not found, ignoring reply: bcbb4469-e902-4083-b3d9-1bab9ea4cd29<-99586f2f-9d87-40a3-9061-4566008201fd#99:OK,SUCCESS,nextIndex:31,term:2,followerCommit:29
2019-08-29 08:34:49,524 [grpc-default-executor-1] WARN  server.GrpcLogAppender (GrpcLogAppender.java:onNextImpl(250)) - org.apache.ratis.grpc.server.GrpcLogAppender$AppendLogResponseHandler@32c973a9: Request not found, ignoring reply: bcbb4469-e902-4083-b3d9-1bab9ea4cd29<-e7b9916e-4eca-4156-a086-839e4ffd13a0#100:OK,SUCCESS,nextIndex:31,term:2,followerCommit:29
2019-08-29 08:34:49,524 [grpc-default-executor-0] WARN  server.GrpcLogAppender (GrpcLogAppender.java:onNextImpl(250)) - org.apache.ratis.grpc.server.GrpcLogAppender$AppendLogResponseHandler@43134f6: Request not found, ignoring reply: bcbb4469-e902-4083-b3d9-1bab9ea4cd29<-99586f2f-9d87-40a3-9061-4566008201fd#100:OK,SUCCESS,nextIndex:31,term:2,followerCommit:29
2019-08-29 08:34:49,524 [grpc-default-executor-1] WARN  server.GrpcLogAppender (GrpcLogAppender.java:onNextImpl(250)) - org.apache.ratis.grpc.server.GrpcLogAppender$AppendLogResponseHandler@32c973a9: Request not found, ignoring reply: bcbb4469-e902-4083-b3d9-1bab9ea4cd29<-e7b9916e-4eca-4156-a086-839e4ffd13a0#101:OK,SUCCESS,nextIndex:31,term:2,followerCommit:29
2019-08-29 08:34:49,524 [grpc-default-executor-0] WARN  server.GrpcLogAppender (GrpcLogAppender.java:onNextImpl(250)) - org.apache.ratis.grpc.server.GrpcLogAppender$AppendLogResponseHandler@43134f6: Request not found, ignoring reply: bcbb4469-e902-4083-b3d9-1bab9ea4cd29<-99586f2f-9d87-40a3-9061-4566008201fd#101:OK,SUCCESS,nextIndex:31,term:2,followerCommit:29
2019-08-29 08:34:49,524 [grpc-default-executor-1] WARN  server.GrpcLogAppender (GrpcLogAppender.java:onNextImpl(250)) - org.apache.ratis.grpc.server.GrpcLogAppender$AppendLogResponseHandler@32c973a9: Request not found, ignoring reply: bcbb4469-e902-4083-b3d9-1bab9ea4cd29<-e7b9916e-4eca-4156-a086-839e4ffd13a0#102:OK,SUCCESS,nextIndex:31,term:2,followerCommit:29
2019-08-29 08:34:49,525 [grpc-default-executor-0] WARN  server.GrpcLogAppender (GrpcLogAppender.java:onNextImpl(250)) - org.apache.ratis.grpc.server.GrpcLogAppender$AppendLogResponseHandler@43134f6: Request not found, ignoring reply: bcbb4469-e902-4083-b3d9-1bab9ea4cd29<-99586f2f-9d87-40a3-9061-4566008201fd#102:OK,SUCCESS,nextIndex:31,term:2,followerCommit:29
2019-08-29 08:34:49,525 [grpc-default-executor-1] WARN  server.GrpcLogAppender (GrpcLogAppender.java:onNextImpl(250)) - org.apache.ratis.grpc.server.GrpcLogAppender$AppendLogResponseHandler@32c973a9: Request not found, ignoring reply: bcbb4469-e902-4083-b3d9-1bab9ea4cd29<-e7b9916e-4eca-4156-a086-839e4ffd13a0#103:OK,SUCCESS,nextIndex:31,term:2,followerCommit:29
2019-08-29 08:34:49,525 [grpc-default-executor-0] WARN  server.GrpcLogAppender (GrpcLogAppender.java:onNextImpl(250)) - org.apache.ratis.grpc.server.GrpcLogAppender$AppendLogResponseHandler@43134f6: Request not found, ignoring reply: bcbb4469-e902-4083-b3d9-1bab9ea4cd29<-99586f2f-9d87-40a3-9061-4566008201fd#103:OK,SUCCESS,nextIndex:31,term:2,followerCommit:29
2019-08-29 08:34:49,525 [grpc-default-executor-1] WARN  server.GrpcLogAppender (GrpcLogAppender.java:onNextImpl(250)) - org.apache.ratis.grpc.server.GrpcLogAppender$AppendLogResponseHandler@32c973a9: Request not found, ignoring reply: bcbb4469-e902-4083-b3d9-1bab9ea4cd29<-e7b9916e-4eca-4156-a086-839e4ffd13a0#104:OK,SUCCESS,nextIndex:31,term:2,followerCommit:29
2019-08-29 08:34:49,525 [grpc-default-executor-0] WARN  server.GrpcLogAppender (GrpcLogAppender.java:onNextImpl(250)) - org.apache.ratis.grpc.server.GrpcLogAppender$AppendLogResponseHandler@43134f6: Request not found, ignoring reply: bcbb4469-e902-4083-b3d9-1bab9ea4cd29<-99586f2f-9d87-40a3-9061-4566008201fd#104:OK,SUCCESS,nextIndex:31,term:2,followerCommit:29
2019-08-29 08:34:49,525 [grpc-default-executor-1] WARN  server.GrpcLogAppender (GrpcLogAppender.java:onNextImpl(250)) - org.apache.ratis.grpc.server.GrpcLogAppender$AppendLogResponseHandler@32c973a9: Request not found, ignoring reply: bcbb4469-e902-4083-b3d9-1bab9ea4cd29<-e7b9916e-4eca-4156-a086-839e4ffd13a0#105:OK,SUCCESS,nextIndex:31,term:2,followerCommit:29
2019-08-29 08:34:49,526 [grpc-default-executor-0] WARN  server.GrpcLogAppender (GrpcLogAppender.java:onNextImpl(250)) - org.apache.ratis.grpc.server.GrpcLogAppender$AppendLogResponseHandler@43134f6: Request not found, ignoring reply: bcbb4469-e902-4083-b3d9-1bab9ea4cd29<-99586f2f-9d87-40a3-9061-4566008201fd#105:OK,SUCCESS,nextIndex:31,term:2,followerCommit:29
2019-08-29 08:34:49,526 [grpc-default-executor-1] WARN  server.GrpcLogAppender (GrpcLogAppender.java:onNextImpl(250)) - org.apache.ratis.grpc.server.GrpcLogAppender$AppendLogResponseHandler@32c973a9: Request not found, ignoring reply: bcbb4469-e902-4083-b3d9-1bab9ea4cd29<-e7b9916e-4eca-4156-a086-839e4ffd13a0#106:OK,SUCCESS,nextIndex:31,term:2,followerCommit:29
2019-08-29 08:34:49,526 [grpc-default-executor-0] WARN  server.GrpcLogAppender (GrpcLogAppender.java:onNextImpl(250)) - org.apache.ratis.grpc.server.GrpcLogAppender$AppendLogResponseHandler@43134f6: Request not found, ignoring reply: bcbb4469-e902-4083-b3d9-1bab9ea4cd29<-99586f2f-9d87-40a3-9061-4566008201fd#106:OK,SUCCESS,nextIndex:31,term:2,followerCommit:29
2019-08-29 08:34:49,526 [grpc-default-executor-1] WARN  server.GrpcLogAppender (GrpcLogAppender.java:onNextImpl(250)) - org.apache.ratis.grpc.server.GrpcLogAppender$AppendLogResponseHandler@32c973a9: Request not found, ignoring reply: bcbb4469-e902-4083-b3d9-1bab9ea4cd29<-e7b9916e-4eca-4156-a086-839e4ffd13a0#107:OK,SUCCESS,nextIndex:31,term:2,followerCommit:29
2019-08-29 08:34:49,526 [grpc-default-executor-0] WARN  server.GrpcLogAppender (GrpcLogAppender.java:onNextImpl(250)) - org.apache.ratis.grpc.server.GrpcLogAppender$AppendLogResponseHandler@43134f6: Request not found, ignoring reply: bcbb4469-e902-4083-b3d9-1bab9ea4cd29<-99586f2f-9d87-40a3-9061-4566008201fd#107:OK,SUCCESS,nextIndex:31,term:2,followerCommit:29
2019-08-29 08:34:49,527 [grpc-default-executor-1] WARN  server.GrpcLogAppender (GrpcLogAppender.java:onNextImpl(250)) - org.apache.ratis.grpc.server.GrpcLogAppender$AppendLogResponseHandler@32c973a9: Request not found, ignoring reply: bcbb4469-e902-4083-b3d9-1bab9ea4cd29<-e7b9916e-4eca-4156-a086-839e4ffd13a0#108:OK,SUCCESS,nextIndex:31,term:2,followerCommit:29
2019-08-29 08:34:49,527 [grpc-default-executor-0] WARN  server.GrpcLogAppender (GrpcLogAppender.java:onNextImpl(250)) - org.apache.ratis.grpc.server.GrpcLogAppender$AppendLogResponseHandler@43134f6: Request not found, ignoring reply: bcbb4469-e902-4083-b3d9-1bab9ea4cd29<-99586f2f-9d87-40a3-9061-4566008201fd#108:OK,SUCCESS,nextIndex:31,term:2,followerCommit:29
2019-08-29 08:34:49,527 [grpc-default-executor-1] WARN  server.GrpcLogAppender (GrpcLogAppender.java:onNextImpl(250)) - org.apache.ratis.grpc.server.GrpcLogAppender$AppendLogResponseHandler@32c973a9: Request not found, ignoring reply: bcbb4469-e902-4083-b3d9-1bab9ea4cd29<-e7b9916e-4eca-4156-a086-839e4ffd13a0#109:OK,SUCCESS,nextIndex:31,term:2,followerCommit:29
2019-08-29 08:34:49,527 [grpc-default-executor-0] WARN  server.GrpcLogAppender (GrpcLogAppender.java:onNextImpl(250)) - org.apache.ratis.grpc.server.GrpcLogAppender$AppendLogResponseHandler@43134f6: Request not found, ignoring reply: bcbb4469-e902-4083-b3d9-1bab9ea4cd29<-99586f2f-9d87-40a3-9061-4566008201fd#109:OK,SUCCESS,nextIndex:31,term:2,followerCommit:29
2019-08-29 08:34:49,527 [grpc-default-executor-1] WARN  server.GrpcLogAppender (GrpcLogAppender.java:onNextImpl(250)) - org.apache.ratis.grpc.server.GrpcLogAppender$AppendLogResponseHandler@32c973a9: Request not found, ignoring reply: bcbb4469-e902-4083-b3d9-1bab9ea4cd29<-e7b9916e-4eca-4156-a086-839e4ffd13a0#110:OK,SUCCESS,nextIndex:31,term:2,followerCommit:29
2019-08-29 08:34:49,528 [grpc-default-executor-0] WARN  server.GrpcLogAppender (GrpcLogAppender.java:onNextImpl(250)) - org.apache.ratis.grpc.server.GrpcLogAppender$AppendLogResponseHandler@43134f6: Request not found, ignoring reply: bcbb4469-e902-4083-b3d9-1bab9ea4cd29<-99586f2f-9d87-40a3-9061-4566008201fd#110:OK,SUCCESS,nextIndex:31,term:2,followerCommit:29
2019-08-29 08:34:49,528 [grpc-default-executor-1] WARN  server.GrpcLogAppender (GrpcLogAppender.java:onNextImpl(250)) - org.apache.ratis.grpc.server.GrpcLogAppender$AppendLogResponseHandler@32c973a9: Request not found, ignoring reply: bcbb4469-e902-4083-b3d9-1bab9ea4cd29<-e7b9916e-4eca-4156-a086-839e4ffd13a0#111:OK,SUCCESS,nextIndex:31,term:2,followerCommit:29
2019-08-29 08:34:49,528 [grpc-default-executor-0] WARN  server.GrpcLogAppender (GrpcLogAppender.java:onNextImpl(250)) - org.apache.ratis.grpc.server.GrpcLogAppender$AppendLogResponseHandler@43134f6: Request not found, ignoring reply: bcbb4469-e902-4083-b3d9-1bab9ea4cd29<-99586f2f-9d87-40a3-9061-4566008201fd#111:OK,SUCCESS,nextIndex:31,term:2,followerCommit:29
2019-08-29 08:34:49,528 [grpc-default-executor-1] WARN  server.GrpcLogAppender (GrpcLogAppender.java:onNextImpl(250)) - org.apache.ratis.grpc.server.GrpcLogAppender$AppendLogResponseHandler@32c973a9: Request not found, ignoring reply: bcbb4469-e902-4083-b3d9-1bab9ea4cd29<-e7b9916e-4eca-4156-a086-839e4ffd13a0#112:OK,SUCCESS,nextIndex:31,term:2,followerCommit:29
2019-08-29 08:34:49,528 [grpc-default-executor-0] WARN  server.GrpcLogAppender (GrpcLogAppender.java:onNextImpl(250)) - org.apache.ratis.grpc.server.GrpcLogAppender$AppendLogResponseHandler@43134f6: Request not found, ignoring reply: bcbb4469-e902-4083-b3d9-1bab9ea4cd29<-99586f2f-9d87-40a3-9061-4566008201fd#112:OK,SUCCESS,nextIndex:31,term:2,followerCommit:29
2019-08-29 08:34:49,528 [grpc-default-executor-1] WARN  server.GrpcLogAppender (GrpcLogAppender.java:onNextImpl(250)) - org.apache.ratis.grpc.server.GrpcLogAppender$AppendLogResponseHandler@32c973a9: Request not found, ignoring reply: bcbb4469-e902-4083-b3d9-1bab9ea4cd29<-e7b9916e-4eca-4156-a086-839e4ffd13a0#113:OK,SUCCESS,nextIndex:31,term:2,followerCommit:29
2019-08-29 08:34:49,529 [grpc-default-executor-0] WARN  server.GrpcLogAppender (GrpcLogAppender.java:onNextImpl(250)) - org.apache.ratis.grpc.server.GrpcLogAppender$AppendLogResponseHandler@43134f6: Request not found, ignoring reply: bcbb4469-e902-4083-b3d9-1bab9ea4cd29<-99586f2f-9d87-40a3-9061-4566008201fd#113:OK,SUCCESS,nextIndex:31,term:2,followerCommit:29
2019-08-29 08:34:49,529 [grpc-default-executor-1] WARN  server.GrpcLogAppender (GrpcLogAppender.java:onNextImpl(250)) - org.apache.ratis.grpc.server.GrpcLogAppender$AppendLogResponseHandler@32c973a9: Request not found, ignoring reply: bcbb4469-e902-4083-b3d9-1bab9ea4cd29<-e7b9916e-4eca-4156-a086-839e4ffd13a0#114:OK,SUCCESS,nextIndex:31,term:2,followerCommit:29
2019-08-29 08:34:49,529 [grpc-default-executor-0] WARN  server.GrpcLogAppender (GrpcLogAppender.java:onNextImpl(250)) - org.apache.ratis.grpc.server.GrpcLogAppender$AppendLogResponseHandler@43134f6: Request not found, ignoring reply: bcbb4469-e902-4083-b3d9-1bab9ea4cd29<-99586f2f-9d87-40a3-9061-4566008201fd#114:OK,SUCCESS,nextIndex:31,term:2,followerCommit:29
2019-08-29 08:34:49,529 [grpc-default-executor-1] WARN  server.GrpcLogAppender (GrpcLogAppender.java:onNextImpl(250)) - org.apache.ratis.grpc.server.GrpcLogAppender$AppendLogResponseHandler@32c973a9: Request not found, ignoring reply: bcbb4469-e902-4083-b3d9-1bab9ea4cd29<-e7b9916e-4eca-4156-a086-839e4ffd13a0#115:OK,SUCCESS,nextIndex:31,term:2,followerCommit:29
2019-08-29 08:34:49,529 [grpc-default-executor-0] WARN  server.GrpcLogAppender (GrpcLogAppender.java:onNextImpl(250)) - org.apache.ratis.grpc.server.GrpcLogAppender$AppendLogResponseHandler@43134f6: Request not found, ignoring reply: bcbb4469-e902-4083-b3d9-1bab9ea4cd29<-99586f2f-9d87-40a3-9061-4566008201fd#115:OK,SUCCESS,nextIndex:31,term:2,followerCommit:29
2019-08-29 08:34:49,529 [grpc-default-executor-1] WARN  server.GrpcLogAppender (GrpcLogAppender.java:onNextImpl(250)) - org.apache.ratis.grpc.server.GrpcLogAppender$AppendLogResponseHandler@32c973a9: Request not found, ignoring reply: bcbb4469-e902-4083-b3d9-1bab9ea4cd29<-e7b9916e-4eca-4156-a086-839e4ffd13a0#116:OK,SUCCESS,nextIndex:31,term:2,followerCommit:29
2019-08-29 08:34:49,530 [grpc-default-executor-0] WARN  server.GrpcLogAppender (GrpcLogAppender.java:onNextImpl(250)) - org.apache.ratis.grpc.server.GrpcLogAppender$AppendLogResponseHandler@43134f6: Request not found, ignoring reply: bcbb4469-e902-4083-b3d9-1bab9ea4cd29<-99586f2f-9d87-40a3-9061-4566008201fd#116:OK,SUCCESS,nextIndex:31,term:2,followerCommit:29
2019-08-29 08:34:49,530 [grpc-default-executor-1] WARN  server.GrpcLogAppender (GrpcLogAppender.java:onNextImpl(250)) - org.apache.ratis.grpc.server.GrpcLogAppender$AppendLogResponseHandler@32c973a9: Request not found, ignoring reply: bcbb4469-e902-4083-b3d9-1bab9ea4cd29<-e7b9916e-4eca-4156-a086-839e4ffd13a0#117:OK,SUCCESS,nextIndex:31,term:2,followerCommit:29
2019-08-29 08:34:49,530 [grpc-default-executor-0] WARN  server.GrpcLogAppender (GrpcLogAppender.java:onNextImpl(250)) - org.apache.ratis.grpc.server.GrpcLogAppender$AppendLogResponseHandler@43134f6: Request not found, ignoring reply: bcbb4469-e902-4083-b3d9-1bab9ea4cd29<-99586f2f-9d87-40a3-9061-4566008201fd#117:OK,SUCCESS,nextIndex:31,term:2,followerCommit:29
2019-08-29 08:34:49,530 [grpc-default-executor-1] WARN  server.GrpcLogAppender (GrpcLogAppender.java:onNextImpl(250)) - org.apache.ratis.grpc.server.GrpcLogAppender$AppendLogResponseHandler@32c973a9: Request not found, ignoring reply: bcbb4469-e902-4083-b3d9-1bab9ea4cd29<-e7b9916e-4eca-4156-a086-839e4ffd13a0#118:OK,SUCCESS,nextIndex:31,term:2,followerCommit:29
2019-08-29 08:34:49,530 [grpc-default-executor-0] WARN  server.GrpcLogAppender (GrpcLogAppender.java:onNextImpl(250)) - org.apache.ratis.grpc.server.GrpcLogAppender$AppendLogResponseHandler@43134f6: Request not found, ignoring reply: bcbb4469-e902-4083-b3d9-1bab9ea4cd29<-99586f2f-9d87-40a3-9061-4566008201fd#118:OK,SUCCESS,nextIndex:31,term:2,followerCommit:29
2019-08-29 08:34:49,530 [grpc-default-executor-1] WARN  server.GrpcLogAppender (GrpcLogAppender.java:onNextImpl(250)) - org.apache.ratis.grpc.server.GrpcLogAppender$AppendLogResponseHandler@32c973a9: Request not found, ignoring reply: bcbb4469-e902-4083-b3d9-1bab9ea4cd29<-e7b9916e-4eca-4156-a086-839e4ffd13a0#119:OK,SUCCESS,nextIndex:31,term:2,followerCommit:29
2019-08-29 08:34:49,531 [grpc-default-executor-0] WARN  server.GrpcLogAppender (GrpcLogAppender.java:onNextImpl(250)) - org.apache.ratis.grpc.server.GrpcLogAppender$AppendLogResponseHandler@43134f6: Request not found, ignoring reply: bcbb4469-e902-4083-b3d9-1bab9ea4cd29<-99586f2f-9d87-40a3-9061-4566008201fd#119:OK,SUCCESS,nextIndex:31,term:2,followerCommit:29
2019-08-29 08:34:49,531 [grpc-default-executor-1] WARN  server.GrpcLogAppender (GrpcLogAppender.java:onNextImpl(250)) - org.apache.ratis.grpc.server.GrpcLogAppender$AppendLogResponseHandler@32c973a9: Request not found, ignoring reply: bcbb4469-e902-4083-b3d9-1bab9ea4cd29<-e7b9916e-4eca-4156-a086-839e4ffd13a0#120:OK,SUCCESS,nextIndex:31,term:2,followerCommit:29
2019-08-29 08:34:49,531 [grpc-default-executor-1] WARN  server.GrpcLogAppender (GrpcLogAppender.java:onNextImpl(250)) - org.apache.ratis.grpc.server.GrpcLogAppender$AppendLogResponseHandler@32c973a9: Request not found, ignoring reply: bcbb4469-e902-4083-b3d9-1bab9ea4cd29<-e7b9916e-4eca-4156-a086-839e4ffd13a0#121:OK,SUCCESS,nextIndex:31,term:2,followerCommit:29
2019-08-29 08:34:49,531 [grpc-default-executor-0] WARN  server.GrpcLogAppender (GrpcLogAppender.java:onNextImpl(250)) - org.apache.ratis.grpc.server.GrpcLogAppender$AppendLogResponseHandler@43134f6: Request not found, ignoring reply: bcbb4469-e902-4083-b3d9-1bab9ea4cd29<-99586f2f-9d87-40a3-9061-4566008201fd#120:OK,SUCCESS,nextIndex:31,term:2,followerCommit:29
2019-08-29 08:34:49,531 [grpc-default-executor-1] WARN  server.GrpcLogAppender (GrpcLogAppender.java:onNextImpl(250)) - org.apache.ratis.grpc.server.GrpcLogAppender$AppendLogResponseHandler@32c973a9: Request not found, ignoring reply: bcbb4469-e902-4083-b3d9-1bab9ea4cd29<-e7b9916e-4eca-4156-a086-839e4ffd13a0#122:OK,SUCCESS,nextIndex:31,term:2,followerCommit:29
2019-08-29 08:34:49,532 [grpc-default-executor-0] WARN  server.GrpcLogAppender (GrpcLogAppender.java:onNextImpl(250)) - org.apache.ratis.grpc.server.GrpcLogAppender$AppendLogResponseHandler@43134f6: Request not found, ignoring reply: bcbb4469-e902-4083-b3d9-1bab9ea4cd29<-99586f2f-9d87-40a3-9061-4566008201fd#121:OK,SUCCESS,nextIndex:31,term:2,followerCommit:29
2019-08-29 08:34:49,532 [grpc-default-executor-1] WARN  server.GrpcLogAppender (GrpcLogAppender.java:onNextImpl(250)) - org.apache.ratis.grpc.server.GrpcLogAppender$AppendLogResponseHandler@32c973a9: Request not found, ignoring reply: bcbb4469-e902-4083-b3d9-1bab9ea4cd29<-e7b9916e-4eca-4156-a086-839e4ffd13a0#123:OK,SUCCESS,nextIndex:31,term:2,followerCommit:29
2019-08-29 08:34:49,532 [grpc-default-executor-0] WARN  server.GrpcLogAppender (GrpcLogAppender.java:onNextImpl(250)) - org.apache.ratis.grpc.server.GrpcLogAppender$AppendLogResponseHandler@43134f6: Request not found, ignoring reply: bcbb4469-e902-4083-b3d9-1bab9ea4cd29<-99586f2f-9d87-40a3-9061-4566008201fd#122:OK,SUCCESS,nextIndex:31,term:2,followerCommit:29
2019-08-29 08:34:49,532 [grpc-default-executor-1] WARN  server.GrpcLogAppender (GrpcLogAppender.java:onNextImpl(250)) - org.apache.ratis.grpc.server.GrpcLogAppender$AppendLogResponseHandler@32c973a9: Request not found, ignoring reply: bcbb4469-e902-4083-b3d9-1bab9ea4cd29<-e7b9916e-4eca-4156-a086-839e4ffd13a0#124:OK,SUCCESS,nextIndex:31,term:2,followerCommit:29
2019-08-29 08:34:49,532 [grpc-default-executor-0] WARN  server.GrpcLogAppender (GrpcLogAppender.java:onNextImpl(250)) - org.apache.ratis.grpc.server.GrpcLogAppender$AppendLogResponseHandler@43134f6: Request not found, ignoring reply: bcbb4469-e902-4083-b3d9-1bab9ea4cd29<-99586f2f-9d87-40a3-9061-4566008201fd#123:OK,SUCCESS,nextIndex:31,term:2,followerCommit:29
2019-08-29 08:34:49,532 [grpc-default-executor-1] WARN  server.GrpcLogAppender (GrpcLogAppender.java:onNextImpl(250)) - org.apache.ratis.grpc.server.GrpcLogAppender$AppendLogResponseHandler@32c973a9: Request not found, ignoring reply: bcbb4469-e902-4083-b3d9-1bab9ea4cd29<-e7b9916e-4eca-4156-a086-839e4ffd13a0#125:OK,SUCCESS,nextIndex:31,term:2,followerCommit:29
2019-08-29 08:34:49,533 [grpc-default-executor-0] WARN  server.GrpcLogAppender (GrpcLogAppender.java:onNextImpl(250)) - org.apache.ratis.grpc.server.GrpcLogAppender$AppendLogResponseHandler@43134f6: Request not found, ignoring reply: bcbb4469-e902-4083-b3d9-1bab9ea4cd29<-99586f2f-9d87-40a3-9061-4566008201fd#124:OK,SUCCESS,nextIndex:31,term:2,followerCommit:29
2019-08-29 08:34:49,533 [grpc-default-executor-1] WARN  server.GrpcLogAppender (GrpcLogAppender.java:onNextImpl(250)) - org.apache.ratis.grpc.server.GrpcLogAppender$AppendLogResponseHandler@32c973a9: Request not found, ignoring reply: bcbb4469-e902-4083-b3d9-1bab9ea4cd29<-e7b9916e-4eca-4156-a086-839e4ffd13a0#126:OK,SUCCESS,nextIndex:31,term:2,followerCommit:29
2019-08-29 08:34:49,533 [grpc-default-executor-0] WARN  server.GrpcLogAppender (GrpcLogAppender.java:onNextImpl(250)) - org.apache.ratis.grpc.server.GrpcLogAppender$AppendLogResponseHandler@43134f6: Request not found, ignoring reply: bcbb4469-e902-4083-b3d9-1bab9ea4cd29<-99586f2f-9d87-40a3-9061-4566008201fd#125:OK,SUCCESS,nextIndex:31,term:2,followerCommit:29
2019-08-29 08:34:49,533 [grpc-default-executor-1] WARN  server.GrpcLogAppender (GrpcLogAppender.java:onNextImpl(250)) - org.apache.ratis.grpc.server.GrpcLogAppender$AppendLogResponseHandler@32c973a9: Request not found, ignoring reply: bcbb4469-e902-4083-b3d9-1bab9ea4cd29<-e7b9916e-4eca-4156-a086-839e4ffd13a0#127:OK,SUCCESS,nextIndex:31,term:2,followerCommit:29
2019-08-29 08:34:49,533 [grpc-default-executor-0] WARN  server.GrpcLogAppender (GrpcLogAppender.java:onNextImpl(250)) - org.apache.ratis.grpc.server.GrpcLogAppender$AppendLogResponseHandler@43134f6: Request not found, ignoring reply: bcbb4469-e902-4083-b3d9-1bab9ea4cd29<-99586f2f-9d87-40a3-9061-4566008201fd#126:OK,SUCCESS,nextIndex:31,term:2,followerCommit:29
2019-08-29 08:34:49,533 [grpc-default-executor-1] WARN  server.GrpcLogAppender (GrpcLogAppender.java:onNextImpl(250)) - org.apache.ratis.grpc.server.GrpcLogAppender$AppendLogResponseHandler@32c973a9: Request not found, ignoring reply: bcbb4469-e902-4083-b3d9-1bab9ea4cd29<-e7b9916e-4eca-4156-a086-839e4ffd13a0#128:OK,SUCCESS,nextIndex:31,term:2,followerCommit:29
2019-08-29 08:34:49,534 [grpc-default-executor-0] WARN  server.GrpcLogAppender (GrpcLogAppender.java:onNextImpl(250)) - org.apache.ratis.grpc.server.GrpcLogAppender$AppendLogResponseHandler@43134f6: Request not found, ignoring reply: bcbb4469-e902-4083-b3d9-1bab9ea4cd29<-99586f2f-9d87-40a3-9061-4566008201fd#127:OK,SUCCESS,nextIndex:31,term:2,followerCommit:29
2019-08-29 08:34:49,534 [grpc-default-executor-1] WARN  server.GrpcLogAppender (GrpcLogAppender.java:onNextImpl(250)) - org.apache.ratis.grpc.server.GrpcLogAppender$AppendLogResponseHandler@32c973a9: Request not found, ignoring reply: bcbb4469-e902-4083-b3d9-1bab9ea4cd29<-e7b9916e-4eca-4156-a086-839e4ffd13a0#129:OK,SUCCESS,nextIndex:31,term:2,followerCommit:29
2019-08-29 08:34:49,534 [grpc-default-executor-0] WARN  server.GrpcLogAppender (GrpcLogAppender.java:onNextImpl(250)) - org.apache.ratis.grpc.server.GrpcLogAppender$AppendLogResponseHandler@43134f6: Request not found, ignoring reply: bcbb4469-e902-4083-b3d9-1bab9ea4cd29<-99586f2f-9d87-40a3-9061-4566008201fd#128:OK,SUCCESS,nextIndex:31,term:2,followerCommit:29
2019-08-29 08:34:49,534 [grpc-default-executor-1] WARN  server.GrpcLogAppender (GrpcLogAppender.java:onNextImpl(250)) - org.apache.ratis.grpc.server.GrpcLogAppender$AppendLogResponseHandler@32c973a9: Request not found, ignoring reply: bcbb4469-e902-4083-b3d9-1bab9ea4cd29<-e7b9916e-4eca-4156-a086-839e4ffd13a0#130:OK,SUCCESS,nextIndex:31,term:2,followerCommit:29
2019-08-29 08:34:49,534 [grpc-default-executor-0] WARN  server.GrpcLogAppender (GrpcLogAppender.java:onNextImpl(250)) - org.apache.ratis.grpc.server.GrpcLogAppender$AppendLogResponseHandler@43134f6: Request not found, ignoring reply: bcbb4469-e902-4083-b3d9-1bab9ea4cd29<-99586f2f-9d87-40a3-9061-4566008201fd#129:OK,SUCCESS,nextIndex:31,term:2,followerCommit:29
2019-08-29 08:34:49,534 [grpc-default-executor-1] WARN  server.GrpcLogAppender (GrpcLogAppender.java:onNextImpl(250)) - org.apache.ratis.grpc.server.GrpcLogAppender$AppendLogResponseHandler@32c973a9: Request not found, ignoring reply: bcbb4469-e902-4083-b3d9-1bab9ea4cd29<-e7b9916e-4eca-4156-a086-839e4ffd13a0#131:OK,SUCCESS,nextIndex:31,term:2,followerCommit:29
2019-08-29 08:34:49,535 [grpc-default-executor-0] WARN  server.GrpcLogAppender (GrpcLogAppender.java:onNextImpl(250)) - org.apache.ratis.grpc.server.GrpcLogAppender$AppendLogResponseHandler@43134f6: Request not found, ignoring reply: bcbb4469-e902-4083-b3d9-1bab9ea4cd29<-99586f2f-9d87-40a3-9061-4566008201fd#130:OK,SUCCESS,nextIndex:31,term:2,followerCommit:29
2019-08-29 08:34:49,535 [grpc-default-executor-1] WARN  server.GrpcLogAppender (GrpcLogAppender.java:onNextImpl(250)) - org.apache.ratis.grpc.server.GrpcLogAppender$AppendLogResponseHandler@32c973a9: Request not found, ignoring reply: bcbb4469-e902-4083-b3d9-1bab9ea4cd29<-e7b9916e-4eca-4156-a086-839e4ffd13a0#132:OK,SUCCESS,nextIndex:31,term:2,followerCommit:29
2019-08-29 08:34:49,535 [grpc-default-executor-0] WARN  server.GrpcLogAppender (GrpcLogAppender.java:onNextImpl(250)) - org.apache.ratis.grpc.server.GrpcLogAppender$AppendLogResponseHandler@43134f6: Request not found, ignoring reply: bcbb4469-e902-4083-b3d9-1bab9ea4cd29<-99586f2f-9d87-40a3-9061-4566008201fd#131:OK,SUCCESS,nextIndex:31,term:2,followerCommit:29
2019-08-29 08:34:49,535 [grpc-default-executor-1] WARN  server.GrpcLogAppender (GrpcLogAppender.java:onNextImpl(250)) - org.apache.ratis.grpc.server.GrpcLogAppender$AppendLogResponseHandler@32c973a9: Request not found, ignoring reply: bcbb4469-e902-4083-b3d9-1bab9ea4cd29<-e7b9916e-4eca-4156-a086-839e4ffd13a0#133:OK,SUCCESS,nextIndex:31,term:2,followerCommit:29
2019-08-29 08:34:49,535 [grpc-default-executor-0] WARN  server.GrpcLogAppender (GrpcLogAppender.java:onNextImpl(250)) - org.apache.ratis.grpc.server.GrpcLogAppender$AppendLogResponseHandler@43134f6: Request not found, ignoring reply: bcbb4469-e902-4083-b3d9-1bab9ea4cd29<-99586f2f-9d87-40a3-9061-4566008201fd#132:OK,SUCCESS,nextIndex:31,term:2,followerCommit:29
2019-08-29 08:34:49,535 [grpc-default-executor-1] WARN  server.GrpcLogAppender (GrpcLogAppender.java:onNextImpl(250)) - org.apache.ratis.grpc.server.GrpcLogAppender$AppendLogResponseHandler@32c973a9: Request not found, ignoring reply: bcbb4469-e902-4083-b3d9-1bab9ea4cd29<-e7b9916e-4eca-4156-a086-839e4ffd13a0#134:OK,SUCCESS,nextIndex:31,term:2,followerCommit:29
2019-08-29 08:34:49,536 [grpc-default-executor-0] WARN  server.GrpcLogAppender (GrpcLogAppender.java:onNextImpl(250)) - org.apache.ratis.grpc.server.GrpcLogAppender$AppendLogResponseHandler@43134f6: Request not found, ignoring reply: bcbb4469-e902-4083-b3d9-1bab9ea4cd29<-99586f2f-9d87-40a3-9061-4566008201fd#133:OK,SUCCESS,nextIndex:31,term:2,followerCommit:29
2019-08-29 08:34:49,536 [grpc-default-executor-0] WARN  server.GrpcLogAppender (GrpcLogAppender.java:onNextImpl(250)) - org.apache.ratis.grpc.server.GrpcLogAppender$AppendLogResponseHandler@43134f6: Request not found, ignoring reply: bcbb4469-e902-4083-b3d9-1bab9ea4cd29<-99586f2f-9d87-40a3-9061-4566008201fd#134:OK,SUCCESS,nextIndex:31,term:2,followerCommit:29
2019-08-29 08:34:49,536 [grpc-default-executor-1] WARN  server.GrpcLogAppender (GrpcLogAppender.java:onNextImpl(250)) - org.apache.ratis.grpc.server.GrpcLogAppender$AppendLogResponseHandler@32c973a9: Request not found, ignoring reply: bcbb4469-e902-4083-b3d9-1bab9ea4cd29<-e7b9916e-4eca-4156-a086-839e4ffd13a0#135:OK,SUCCESS,nextIndex:31,term:2,followerCommit:29
2019-08-29 08:34:49,536 [grpc-default-executor-0] WARN  server.GrpcLogAppender (GrpcLogAppender.java:onNextImpl(250)) - org.apache.ratis.grpc.server.GrpcLogAppender$AppendLogResponseHandler@43134f6: Request not found, ignoring reply: bcbb4469-e902-4083-b3d9-1bab9ea4cd29<-99586f2f-9d87-40a3-9061-4566008201fd#135:OK,SUCCESS,nextIndex:31,term:2,followerCommit:29
2019-08-29 08:34:49,536 [grpc-default-executor-1] WARN  server.GrpcLogAppender (GrpcLogAppender.java:onNextImpl(250)) - org.apache.ratis.grpc.server.GrpcLogAppender$AppendLogResponseHandler@32c973a9: Request not found, ignoring reply: bcbb4469-e902-4083-b3d9-1bab9ea4cd29<-e7b9916e-4eca-4156-a086-839e4ffd13a0#136:OK,SUCCESS,nextIndex:31,term:2,followerCommit:29
2019-08-29 08:34:49,537 [grpc-default-executor-0] WARN  server.GrpcLogAppender (GrpcLogAppender.java:onNextImpl(250)) - org.apache.ratis.grpc.server.GrpcLogAppender$AppendLogResponseHandler@43134f6: Request not found, ignoring reply: bcbb4469-e902-4083-b3d9-1bab9ea4cd29<-99586f2f-9d87-40a3-9061-4566008201fd#136:OK,SUCCESS,nextIndex:31,term:2,followerCommit:29
2019-08-29 08:34:49,537 [grpc-default-executor-1] WARN  server.GrpcLogAppender (GrpcLogAppender.java:onNextImpl(250)) - org.apache.ratis.grpc.server.GrpcLogAppender$AppendLogResponseHandler@32c973a9: Request not found, ignoring reply: bcbb4469-e902-4083-b3d9-1bab9ea4cd29<-e7b9916e-4eca-4156-a086-839e4ffd13a0#137:OK,SUCCESS,nextIndex:31,term:2,followerCommit:29
2019-08-29 08:34:49,537 [grpc-default-executor-0] WARN  server.GrpcLogAppender (GrpcLogAppender.java:onNextImpl(250)) - org.apache.ratis.grpc.server.GrpcLogAppender$AppendLogResponseHandler@43134f6: Request not found, ignoring reply: bcbb4469-e902-4083-b3d9-1bab9ea4cd29<-99586f2f-9d87-40a3-9061-4566008201fd#137:OK,SUCCESS,nextIndex:31,term:2,followerCommit:29
2019-08-29 08:34:49,537 [grpc-default-executor-1] WARN  server.GrpcLogAppender (GrpcLogAppender.java:onNextImpl(250)) - org.apache.ratis.grpc.server.GrpcLogAppender$AppendLogResponseHandler@32c973a9: Request not found, ignoring reply: bcbb4469-e902-4083-b3d9-1bab9ea4cd29<-e7b9916e-4eca-4156-a086-839e4ffd13a0#138:OK,SUCCESS,nextIndex:31,term:2,followerCommit:29
2019-08-29 08:34:49,537 [grpc-default-executor-0] WARN  server.GrpcLogAppender (GrpcLogAppender.java:onNextImpl(250)) - org.apache.ratis.grpc.server.GrpcLogAppender$AppendLogResponseHandler@43134f6: Request not found, ignoring reply: bcbb4469-e902-4083-b3d9-1bab9ea4cd29<-99586f2f-9d87-40a3-9061-4566008201fd#138:OK,SUCCESS,nextIndex:31,term:2,followerCommit:29
2019-08-29 08:34:49,537 [grpc-default-executor-1] WARN  server.GrpcLogAppender (GrpcLogAppender.java:onNextImpl(250)) - org.apache.ratis.grpc.server.GrpcLogAppender$AppendLogResponseHandler@32c973a9: Request not found, ignoring reply: bcbb4469-e902-4083-b3d9-1bab9ea4cd29<-e7b9916e-4eca-4156-a086-839e4ffd13a0#139:OK,SUCCESS,nextIndex:31,term:2,followerCommit:29
2019-08-29 08:34:49,538 [grpc-default-executor-0] WARN  server.GrpcLogAppender (GrpcLogAppender.java:onNextImpl(250)) - org.apache.ratis.grpc.server.GrpcLogAppender$AppendLogResponseHandler@43134f6: Request not found, ignoring reply: bcbb4469-e902-4083-b3d9-1bab9ea4cd29<-99586f2f-9d87-40a3-9061-4566008201fd#139:OK,SUCCESS,nextIndex:31,term:2,followerCommit:29
2019-08-29 08:34:49,538 [grpc-default-executor-1] WARN  server.GrpcLogAppender (GrpcLogAppender.java:onNextImpl(250)) - org.apache.ratis.grpc.server.GrpcLogAppender$AppendLogResponseHandler@32c973a9: Request not found, ignoring reply: bcbb4469-e902-4083-b3d9-1bab9ea4cd29<-e7b9916e-4eca-4156-a086-839e4ffd13a0#140:OK,SUCCESS,nextIndex:31,term:2,followerCommit:29
2019-08-29 08:34:49,538 [grpc-default-executor-0] WARN  server.GrpcLogAppender (GrpcLogAppender.java:onNextImpl(250)) - org.apache.ratis.grpc.server.GrpcLogAppender$AppendLogResponseHandler@43134f6: Request not found, ignoring reply: bcbb4469-e902-4083-b3d9-1bab9ea4cd29<-99586f2f-9d87-40a3-9061-4566008201fd#140:OK,SUCCESS,nextIndex:31,term:2,followerCommit:29
2019-08-29 08:34:49,538 [grpc-default-executor-1] WARN  server.GrpcLogAppender (GrpcLogAppender.java:onNextImpl(250)) - org.apache.ratis.grpc.server.GrpcLogAppender$AppendLogResponseHandler@32c973a9: Request not found, ignoring reply: bcbb4469-e902-4083-b3d9-1bab9ea4cd29<-e7b9916e-4eca-4156-a086-839e4ffd13a0#141:OK,SUCCESS,nextIndex:31,term:2,followerCommit:29
2019-08-29 08:34:49,538 [grpc-default-executor-0] WARN  server.GrpcLogAppender (GrpcLogAppender.java:onNextImpl(250)) - org.apache.ratis.grpc.server.GrpcLogAppender$AppendLogResponseHandler@43134f6: Request not found, ignoring reply: bcbb4469-e902-4083-b3d9-1bab9ea4cd29<-99586f2f-9d87-40a3-9061-4566008201fd#141:OK,SUCCESS,nextIndex:31,term:2,followerCommit:29
2019-08-29 08:34:49,538 [grpc-default-executor-1] WARN  server.GrpcLogAppender (GrpcLogAppender.java:onNextImpl(250)) - org.apache.ratis.grpc.server.GrpcLogAppender$AppendLogResponseHandler@32c973a9: Request not found, ignoring reply: bcbb4469-e902-4083-b3d9-1bab9ea4cd29<-e7b9916e-4eca-4156-a086-839e4ffd13a0#142:OK,SUCCESS,nextIndex:31,term:2,followerCommit:29
2019-08-29 08:34:49,539 [grpc-default-executor-0] WARN  server.GrpcLogAppender (GrpcLogAppender.java:onNextImpl(250)) - org.apache.ratis.grpc.server.GrpcLogAppender$AppendLogResponseHandler@43134f6: Request not found, ignoring reply: bcbb4469-e902-4083-b3d9-1bab9ea4cd29<-99586f2f-9d87-40a3-9061-4566008201fd#142:OK,SUCCESS,nextIndex:31,term:2,followerCommit:29
2019-08-29 08:34:49,539 [grpc-default-executor-1] WARN  server.GrpcLogAppender (GrpcLogAppender.java:onNextImpl(250)) - org.apache.ratis.grpc.server.GrpcLogAppender$AppendLogResponseHandler@32c973a9: Request not found, ignoring reply: bcbb4469-e902-4083-b3d9-1bab9ea4cd29<-e7b9916e-4eca-4156-a086-839e4ffd13a0#143:OK,SUCCESS,nextIndex:31,term:2,followerCommit:29
2019-08-29 08:34:49,539 [grpc-default-executor-0] WARN  server.GrpcLogAppender (GrpcLogAppender.java:onNextImpl(250)) - org.apache.ratis.grpc.server.GrpcLogAppender$AppendLogResponseHandler@43134f6: Request not found, ignoring reply: bcbb4469-e902-4083-b3d9-1bab9ea4cd29<-99586f2f-9d87-40a3-9061-4566008201fd#143:OK,SUCCESS,nextIndex:31,term:2,followerCommit:29
2019-08-29 08:34:49,539 [grpc-default-executor-1] WARN  server.GrpcLogAppender (GrpcLogAppender.java:onNextImpl(250)) - org.apache.ratis.grpc.server.GrpcLogAppender$AppendLogResponseHandler@32c973a9: Request not found, ignoring reply: bcbb4469-e902-4083-b3d9-1bab9ea4cd29<-e7b9916e-4eca-4156-a086-839e4ffd13a0#144:OK,SUCCESS,nextIndex:31,term:2,followerCommit:29
2019-08-29 08:34:49,539 [grpc-default-executor-0] WARN  server.GrpcLogAppender (GrpcLogAppender.java:onNextImpl(250)) - org.apache.ratis.grpc.server.GrpcLogAppender$AppendLogResponseHandler@43134f6: Request not found, ignoring reply: bcbb4469-e902-4083-b3d9-1bab9ea4cd29<-99586f2f-9d87-40a3-9061-4566008201fd#144:OK,SUCCESS,nextIndex:31,term:2,followerCommit:29
2019-08-29 08:34:49,540 [grpc-default-executor-1] WARN  server.GrpcLogAppender (GrpcLogAppender.java:onNextImpl(250)) - org.apache.ratis.grpc.server.GrpcLogAppender$AppendLogResponseHandler@32c973a9: Request not found, ignoring reply: bcbb4469-e902-4083-b3d9-1bab9ea4cd29<-e7b9916e-4eca-4156-a086-839e4ffd13a0#145:OK,SUCCESS,nextIndex:31,term:2,followerCommit:29
2019-08-29 08:34:49,540 [grpc-default-executor-0] WARN  server.GrpcLogAppender (GrpcLogAppender.java:onNextImpl(250)) - org.apache.ratis.grpc.server.GrpcLogAppender$AppendLogResponseHandler@43134f6: Request not found, ignoring reply: bcbb4469-e902-4083-b3d9-1bab9ea4cd29<-99586f2f-9d87-40a3-9061-4566008201fd#145:OK,SUCCESS,nextIndex:31,term:2,followerCommit:29
2019-08-29 08:34:49,540 [grpc-default-executor-1] WARN  server.GrpcLogAppender (GrpcLogAppender.java:onNextImpl(250)) - org.apache.ratis.grpc.server.GrpcLogAppender$AppendLogResponseHandler@32c973a9: Request not found, ignoring reply: bcbb4469-e902-4083-b3d9-1bab9ea4cd29<-e7b9916e-4eca-4156-a086-839e4ffd13a0#146:OK,SUCCESS,nextIndex:31,term:2,followerCommit:29
2019-08-29 08:34:49,549 [grpc-default-executor-0] WARN  server.GrpcLogAppender (GrpcLogAppender.java:onNextImpl(250)) - org.apache.ratis.grpc.server.GrpcLogAppender$AppendLogResponseHandler@43134f6: Request not found, ignoring reply: bcbb4469-e902-4083-b3d9-1bab9ea4cd29<-99586f2f-9d87-40a3-9061-4566008201fd#146:OK,SUCCESS,nextIndex:31,term:2,followerCommit:29
2019-08-29 08:34:49,549 [ForkJoinPool.commonPool-worker-1] INFO  statemachine.DatanodeStateMachine (DatanodeStateMachine.java:stopDaemon(395)) - Ozone container server stopped.
2019-08-29 08:34:49,550 [grpc-default-executor-0] WARN  server.GrpcLogAppender (GrpcLogAppender.java:onNextImpl(250)) - org.apache.ratis.grpc.server.GrpcLogAppender$AppendLogResponseHandler@43134f6: Request not found, ignoring reply: bcbb4469-e902-4083-b3d9-1bab9ea4cd29<-99586f2f-9d87-40a3-9061-4566008201fd#147:OK,SUCCESS,nextIndex:31,term:2,followerCommit:29
2019-08-29 08:34:49,550 [grpc-default-executor-1] WARN  server.GrpcLogAppender (GrpcLogAppender.java:onNextImpl(250)) - org.apache.ratis.grpc.server.GrpcLogAppender$AppendLogResponseHandler@32c973a9: Request not found, ignoring reply: bcbb4469-e902-4083-b3d9-1bab9ea4cd29<-e7b9916e-4eca-4156-a086-839e4ffd13a0#147:OK,SUCCESS,nextIndex:31,term:2,followerCommit:29
2019-08-29 08:34:49,552 [grpc-default-executor-0] WARN  server.GrpcLogAppender (GrpcLogAppender.java:onNextImpl(250)) - org.apache.ratis.grpc.server.GrpcLogAppender$AppendLogResponseHandler@43134f6: Request not found, ignoring reply: bcbb4469-e902-4083-b3d9-1bab9ea4cd29<-99586f2f-9d87-40a3-9061-4566008201fd#148:OK,SUCCESS,nextIndex:31,term:2,followerCommit:29
2019-08-29 08:34:49,554 [grpc-default-executor-1] WARN  server.GrpcLogAppender (GrpcLogAppender.java:onNextImpl(250)) - org.apache.ratis.grpc.server.GrpcLogAppender$AppendLogResponseHandler@32c973a9: Request not found, ignoring reply: bcbb4469-e902-4083-b3d9-1bab9ea4cd29<-e7b9916e-4eca-4156-a086-839e4ffd13a0#148:OK,SUCCESS,nextIndex:31,term:2,followerCommit:29
2019-08-29 08:34:49,554 [grpc-default-executor-0] WARN  server.GrpcLogAppender (GrpcLogAppender.java:onNextImpl(250)) - org.apache.ratis.grpc.server.GrpcLogAppender$AppendLogResponseHandler@43134f6: Request not found, ignoring reply: bcbb4469-e902-4083-b3d9-1bab9ea4cd29<-99586f2f-9d87-40a3-9061-4566008201fd#149:OK,SUCCESS,nextIndex:31,term:2,followerCommit:29
2019-08-29 08:34:49,555 [grpc-default-executor-1] WARN  server.GrpcLogAppender (GrpcLogAppender.java:onNextImpl(250)) - org.apache.ratis.grpc.server.GrpcLogAppender$AppendLogResponseHandler@32c973a9: Request not found, ignoring reply: bcbb4469-e902-4083-b3d9-1bab9ea4cd29<-e7b9916e-4eca-4156-a086-839e4ffd13a0#149:OK,SUCCESS,nextIndex:31,term:2,followerCommit:29
2019-08-29 08:34:49,555 [grpc-default-executor-0] WARN  server.GrpcLogAppender (GrpcLogAppender.java:onNextImpl(250)) - org.apache.ratis.grpc.server.GrpcLogAppender$AppendLogResponseHandler@43134f6: Request not found, ignoring reply: bcbb4469-e902-4083-b3d9-1bab9ea4cd29<-99586f2f-9d87-40a3-9061-4566008201fd#150:OK,SUCCESS,nextIndex:31,term:2,followerCommit:29
2019-08-29 08:34:49,557 [grpc-default-executor-1] WARN  server.GrpcLogAppender (GrpcLogAppender.java:onNextImpl(250)) - org.apache.ratis.grpc.server.GrpcLogAppender$AppendLogResponseHandler@32c973a9: Request not found, ignoring reply: bcbb4469-e902-4083-b3d9-1bab9ea4cd29<-e7b9916e-4eca-4156-a086-839e4ffd13a0#150:OK,SUCCESS,nextIndex:31,term:2,followerCommit:29
2019-08-29 08:34:49,557 [ForkJoinPool.commonPool-worker-1] INFO  handler.ContextHandler (ContextHandler.java:doStop(910)) - Stopped o.e.j.w.WebAppContext@340cb97f{/,null,UNAVAILABLE}{/hddsDatanode}
2019-08-29 08:34:49,557 [grpc-default-executor-1] WARN  server.GrpcLogAppender (GrpcLogAppender.java:onNextImpl(250)) - org.apache.ratis.grpc.server.GrpcLogAppender$AppendLogResponseHandler@32c973a9: Request not found, ignoring reply: bcbb4469-e902-4083-b3d9-1bab9ea4cd29<-e7b9916e-4eca-4156-a086-839e4ffd13a0#151:OK,SUCCESS,nextIndex:31,term:2,followerCommit:29
2019-08-29 08:34:49,557 [grpc-default-executor-0] WARN  server.GrpcLogAppender (GrpcLogAppender.java:onNextImpl(250)) - org.apache.ratis.grpc.server.GrpcLogAppender$AppendLogResponseHandler@43134f6: Request not found, ignoring reply: bcbb4469-e902-4083-b3d9-1bab9ea4cd29<-99586f2f-9d87-40a3-9061-4566008201fd#151:OK,SUCCESS,nextIndex:31,term:2,followerCommit:29
2019-08-29 08:34:49,558 [ForkJoinPool.commonPool-worker-1] INFO  server.AbstractConnector (AbstractConnector.java:doStop(318)) - Stopped ServerConnector@6a1568d6{HTTP/1.1,[http/1.1]}{0.0.0.0:0}
2019-08-29 08:34:49,561 [ForkJoinPool.commonPool-worker-1] INFO  handler.ContextHandler (ContextHandler.java:doStop(910)) - Stopped o.e.j.s.ServletContextHandler@1b52699c{/static,jar:file:/home/user/.m2/repository/org/apache/hadoop/hadoop-hdds-container-service/0.5.0-SNAPSHOT/hadoop-hdds-container-service-0.5.0-SNAPSHOT.jar!/webapps/static,UNAVAILABLE}
2019-08-29 08:34:49,563 [ForkJoinPool.commonPool-worker-1] INFO  handler.ContextHandler (ContextHandler.java:doStop(910)) - Stopped o.e.j.s.ServletContextHandler@7abeabe9{/logs,file:///workdir/hadoop-ozone/integration-test/target/log,UNAVAILABLE}
2019-08-29 08:34:49,564 [ForkJoinPool.commonPool-worker-1] INFO  datanode.ObjectStoreHandler (ObjectStoreHandler.java:close(155)) - Closing ObjectStoreHandler.
2019-08-29 08:34:49,564 | INFO  | DNAudit | user=null | ip=null | op=WRITE_CHUNK {blockData=conID: 6 locID: 102699343581151238 bcsId: 0} | ret=SUCCESS |  
2019-08-29 08:34:49,567 [ForkJoinPool.commonPool-worker-1] INFO  ozone.HddsDatanodeService (HddsDatanodeService.java:stop(451)) - Stopped plug-in org.apache.hadoop.ozone.web.OzoneHddsDatanodeService@1e495414
2019-08-29 08:34:49,575 | INFO  | DNAudit | user=null | ip=null | op=WRITE_CHUNK {blockData=conID: 6 locID: 102699343581151238 bcsId: 0} | ret=SUCCESS |  
2019-08-29 08:34:49,672 [java.util.concurrent.ThreadPoolExecutor$Worker@1d54cbf9[State = -1, empty queue]] WARN  server.GrpcLogAppender (GrpcLogAppender.java:timeoutAppendRequest(200)) - GrpcLogAppender(02bf3283-c6bf-4588-a57c-baa459038378->f0c18ce4-0e5b-4823-99c8-fd716531bc5f): appendEntries Timeout, request=02bf3283-c6bf-4588-a57c-baa459038378->f0c18ce4-0e5b-4823-99c8-fd716531bc5f#98-t3, previous=(t:3, i:18), leaderCommit=17, initializing? false, entries: <empty>
2019-08-29 08:34:49,906 [java.util.concurrent.ThreadPoolExecutor$Worker@4232d1d8[State = -1, empty queue]] WARN  server.GrpcLogAppender (GrpcLogAppender.java:timeoutAppendRequest(200)) - GrpcLogAppender(02bf3283-c6bf-4588-a57c-baa459038378->4da055f9-cd9d-4c6f-9ab8-147a42717fcf): appendEntries Timeout, request=02bf3283-c6bf-4588-a57c-baa459038378->4da055f9-cd9d-4c6f-9ab8-147a42717fcf#99-t3, previous=(t:3, i:18), leaderCommit=17, initializing? false, entries: <empty>
2019-08-29 08:34:50,173 [java.util.concurrent.ThreadPoolExecutor$Worker@1d54cbf9[State = -1, empty queue]] WARN  server.GrpcLogAppender (GrpcLogAppender.java:timeoutAppendRequest(200)) - GrpcLogAppender(02bf3283-c6bf-4588-a57c-baa459038378->f0c18ce4-0e5b-4823-99c8-fd716531bc5f): appendEntries Timeout, request=02bf3283-c6bf-4588-a57c-baa459038378->f0c18ce4-0e5b-4823-99c8-fd716531bc5f#99-t3, previous=(t:3, i:18), leaderCommit=17, initializing? false, entries: <empty>
2019-08-29 08:34:50,281 | INFO  | SCMAudit | user=jenkins1000 | ip=192.168.69.89 | op=SEND_HEARTBEAT {datanodeUUID=129685ee-8122-4333-8930-3eeb8cf836af, command=[]} | ret=SUCCESS |  
2019-08-29 08:34:50,406 [java.util.concurrent.ThreadPoolExecutor$Worker@4232d1d8[State = -1, empty queue]] WARN  server.GrpcLogAppender (GrpcLogAppender.java:timeoutAppendRequest(200)) - GrpcLogAppender(02bf3283-c6bf-4588-a57c-baa459038378->4da055f9-cd9d-4c6f-9ab8-147a42717fcf): appendEntries Timeout, request=02bf3283-c6bf-4588-a57c-baa459038378->4da055f9-cd9d-4c6f-9ab8-147a42717fcf#100-t3, previous=(t:3, i:18), leaderCommit=17, initializing? false, entries: <empty>
2019-08-29 08:34:50,481 | INFO  | SCMAudit | user=jenkins1000 | ip=192.168.69.89 | op=SEND_HEARTBEAT {datanodeUUID=bcbb4469-e902-4083-b3d9-1bab9ea4cd29, command=[]} | ret=SUCCESS |  
2019-08-29 08:34:50,489 | INFO  | SCMAudit | user=jenkins1000 | ip=192.168.69.89 | op=SEND_HEARTBEAT {datanodeUUID=e7b9916e-4eca-4156-a086-839e4ffd13a0, command=[]} | ret=SUCCESS |  
2019-08-29 08:34:50,512 [Datanode State Machine Thread - 0] INFO  statemachine.DatanodeStateMachine (DatanodeStateMachine.java:lambda$startDaemon$0(350)) - Ozone container server started.
2019-08-29 08:34:50,513 | INFO  | SCMAudit | user=jenkins1000 | ip=192.168.69.89 | op=SEND_HEARTBEAT {datanodeUUID=f0c18ce4-0e5b-4823-99c8-fd716531bc5f, command=[]} | ret=SUCCESS |  
2019-08-29 08:34:50,513 | INFO  | SCMAudit | user=jenkins1000 | ip=192.168.69.89 | op=SEND_HEARTBEAT {datanodeUUID=4da055f9-cd9d-4c6f-9ab8-147a42717fcf, command=[]} | ret=SUCCESS |  
2019-08-29 08:34:50,597 [Thread-1448] INFO  impl.FollowerState (FollowerState.java:run(106)) - 129685ee-8122-4333-8930-3eeb8cf836af:group-4F259F9E67CD changes to CANDIDATE, lastRpcTime:1091, electionTimeout:1091ms
2019-08-29 08:34:50,598 [Thread-1448] INFO  impl.RoleInfo (RoleInfo.java:shutdownFollowerState(121)) - 129685ee-8122-4333-8930-3eeb8cf836af: shutdown FollowerState
2019-08-29 08:34:50,598 [Thread-1448] INFO  impl.RaftServerImpl (RaftServerImpl.java:setRole(171)) - 129685ee-8122-4333-8930-3eeb8cf836af:group-4F259F9E67CD changes role from FOLLOWER to CANDIDATE at term 13 for changeToCandidate
2019-08-29 08:34:50,598 [Thread-1448] INFO  impl.RoleInfo (RoleInfo.java:updateAndGet(143)) - 129685ee-8122-4333-8930-3eeb8cf836af: start LeaderElection
2019-08-29 08:34:50,647 [java.util.concurrent.ThreadPoolExecutor$Worker@765ccaac[State = -1, empty queue]] WARN  server.GrpcLogAppender (GrpcLogAppender.java:timeoutAppendRequest(200)) - GrpcLogAppender(bcbb4469-e902-4083-b3d9-1bab9ea4cd29->99586f2f-9d87-40a3-9061-4566008201fd): appendEntries Timeout, request=bcbb4469-e902-4083-b3d9-1bab9ea4cd29->99586f2f-9d87-40a3-9061-4566008201fd#154-t2, previous=(t:2, i:30), leaderCommit=29, initializing? false, entries: <empty>
2019-08-29 08:34:50,673 [java.util.concurrent.ThreadPoolExecutor$Worker@1d54cbf9[State = -1, empty queue]] WARN  server.GrpcLogAppender (GrpcLogAppender.java:timeoutAppendRequest(200)) - GrpcLogAppender(02bf3283-c6bf-4588-a57c-baa459038378->f0c18ce4-0e5b-4823-99c8-fd716531bc5f): appendEntries Timeout, request=02bf3283-c6bf-4588-a57c-baa459038378->f0c18ce4-0e5b-4823-99c8-fd716531bc5f#100-t3, previous=(t:3, i:18), leaderCommit=17, initializing? false, entries: <empty>
2019-08-29 08:34:50,906 [java.util.concurrent.ThreadPoolExecutor$Worker@4232d1d8[State = -1, empty queue]] WARN  server.GrpcLogAppender (GrpcLogAppender.java:timeoutAppendRequest(200)) - GrpcLogAppender(02bf3283-c6bf-4588-a57c-baa459038378->4da055f9-cd9d-4c6f-9ab8-147a42717fcf): appendEntries Timeout, request=02bf3283-c6bf-4588-a57c-baa459038378->4da055f9-cd9d-4c6f-9ab8-147a42717fcf#101-t3, previous=(t:3, i:18), leaderCommit=17, initializing? false, entries: <empty>
2019-08-29 08:34:51,147 [java.util.concurrent.ThreadPoolExecutor$Worker@765ccaac[State = -1, empty queue]] WARN  server.GrpcLogAppender (GrpcLogAppender.java:timeoutAppendRequest(200)) - GrpcLogAppender(bcbb4469-e902-4083-b3d9-1bab9ea4cd29->99586f2f-9d87-40a3-9061-4566008201fd): appendEntries Timeout, request=bcbb4469-e902-4083-b3d9-1bab9ea4cd29->99586f2f-9d87-40a3-9061-4566008201fd#155-t2, previous=(t:2, i:30), leaderCommit=29, initializing? false, entries: <empty>
2019-08-29 08:34:51,173 [java.util.concurrent.ThreadPoolExecutor$Worker@1d54cbf9[State = -1, empty queue]] WARN  server.GrpcLogAppender (GrpcLogAppender.java:timeoutAppendRequest(200)) - GrpcLogAppender(02bf3283-c6bf-4588-a57c-baa459038378->f0c18ce4-0e5b-4823-99c8-fd716531bc5f): appendEntries Timeout, request=02bf3283-c6bf-4588-a57c-baa459038378->f0c18ce4-0e5b-4823-99c8-fd716531bc5f#101-t3, previous=(t:3, i:18), leaderCommit=17, initializing? false, entries: <empty>
2019-08-29 08:34:51,280 | INFO  | SCMAudit | user=jenkins1000 | ip=192.168.69.89 | op=SEND_HEARTBEAT {datanodeUUID=129685ee-8122-4333-8930-3eeb8cf836af, command=[]} | ret=SUCCESS |  
2019-08-29 08:34:51,408 [java.util.concurrent.ThreadPoolExecutor$Worker@4232d1d8[State = -1, empty queue]] WARN  server.GrpcLogAppender (GrpcLogAppender.java:timeoutAppendRequest(200)) - GrpcLogAppender(02bf3283-c6bf-4588-a57c-baa459038378->4da055f9-cd9d-4c6f-9ab8-147a42717fcf): appendEntries Timeout, request=02bf3283-c6bf-4588-a57c-baa459038378->4da055f9-cd9d-4c6f-9ab8-147a42717fcf#102-t3, previous=(t:3, i:18), leaderCommit=17, initializing? false, entries: <empty>
2019-08-29 08:34:51,481 | INFO  | SCMAudit | user=jenkins1000 | ip=192.168.69.89 | op=SEND_HEARTBEAT {datanodeUUID=bcbb4469-e902-4083-b3d9-1bab9ea4cd29, command=[]} | ret=SUCCESS |  
2019-08-29 08:34:51,489 | INFO  | SCMAudit | user=jenkins1000 | ip=192.168.69.89 | op=SEND_HEARTBEAT {datanodeUUID=e7b9916e-4eca-4156-a086-839e4ffd13a0, command=[]} | ret=SUCCESS |  
2019-08-29 08:34:51,513 | INFO  | SCMAudit | user=jenkins1000 | ip=192.168.69.89 | op=SEND_HEARTBEAT {datanodeUUID=f0c18ce4-0e5b-4823-99c8-fd716531bc5f, command=[]} | ret=SUCCESS |  
2019-08-29 08:34:51,514 | INFO  | SCMAudit | user=jenkins1000 | ip=192.168.69.89 | op=SEND_HEARTBEAT {datanodeUUID=4da055f9-cd9d-4c6f-9ab8-147a42717fcf, command=[]} | ret=SUCCESS |  
2019-08-29 08:34:51,647 [java.util.concurrent.ThreadPoolExecutor$Worker@765ccaac[State = -1, empty queue]] WARN  server.GrpcLogAppender (GrpcLogAppender.java:timeoutAppendRequest(200)) - GrpcLogAppender(bcbb4469-e902-4083-b3d9-1bab9ea4cd29->99586f2f-9d87-40a3-9061-4566008201fd): appendEntries Timeout, request=bcbb4469-e902-4083-b3d9-1bab9ea4cd29->99586f2f-9d87-40a3-9061-4566008201fd#156-t2, previous=(t:2, i:30), leaderCommit=29, initializing? false, entries: <empty>
2019-08-29 08:34:51,673 [java.util.concurrent.ThreadPoolExecutor$Worker@1d54cbf9[State = -1, empty queue]] WARN  server.GrpcLogAppender (GrpcLogAppender.java:timeoutAppendRequest(200)) - GrpcLogAppender(02bf3283-c6bf-4588-a57c-baa459038378->f0c18ce4-0e5b-4823-99c8-fd716531bc5f): appendEntries Timeout, request=02bf3283-c6bf-4588-a57c-baa459038378->f0c18ce4-0e5b-4823-99c8-fd716531bc5f#102-t3, previous=(t:3, i:18), leaderCommit=17, initializing? false, entries: <empty>
2019-08-29 08:34:51,909 [java.util.concurrent.ThreadPoolExecutor$Worker@4232d1d8[State = -1, empty queue]] WARN  server.GrpcLogAppender (GrpcLogAppender.java:timeoutAppendRequest(200)) - GrpcLogAppender(02bf3283-c6bf-4588-a57c-baa459038378->4da055f9-cd9d-4c6f-9ab8-147a42717fcf): appendEntries Timeout, request=02bf3283-c6bf-4588-a57c-baa459038378->4da055f9-cd9d-4c6f-9ab8-147a42717fcf#103-t3, previous=(t:3, i:18), leaderCommit=17, initializing? false, entries: <empty>
2019-08-29 08:34:52,148 [java.util.concurrent.ThreadPoolExecutor$Worker@765ccaac[State = -1, empty queue]] WARN  server.GrpcLogAppender (GrpcLogAppender.java:timeoutAppendRequest(200)) - GrpcLogAppender(bcbb4469-e902-4083-b3d9-1bab9ea4cd29->99586f2f-9d87-40a3-9061-4566008201fd): appendEntries Timeout, request=bcbb4469-e902-4083-b3d9-1bab9ea4cd29->99586f2f-9d87-40a3-9061-4566008201fd#157-t2, previous=(t:2, i:30), leaderCommit=29, initializing? false, entries: <empty>
2019-08-29 08:34:52,174 [java.util.concurrent.ThreadPoolExecutor$Worker@1d54cbf9[State = -1, empty queue]] WARN  server.GrpcLogAppender (GrpcLogAppender.java:timeoutAppendRequest(200)) - GrpcLogAppender(02bf3283-c6bf-4588-a57c-baa459038378->f0c18ce4-0e5b-4823-99c8-fd716531bc5f): appendEntries Timeout, request=02bf3283-c6bf-4588-a57c-baa459038378->f0c18ce4-0e5b-4823-99c8-fd716531bc5f#103-t3, previous=(t:3, i:18), leaderCommit=17, initializing? false, entries: <empty>
2019-08-29 08:34:52,280 | INFO  | SCMAudit | user=jenkins1000 | ip=192.168.69.89 | op=SEND_HEARTBEAT {datanodeUUID=129685ee-8122-4333-8930-3eeb8cf836af, command=[]} | ret=SUCCESS |  
2019-08-29 08:34:52,307 [StateMachineUpdater:99586f2f-9d87-40a3-9061-4566008201fd:group-F65937874E2C] INFO  ratis.ContainerStateMachine (ContainerStateMachine.java:takeSnapshot(294)) - group-F65937874E2C: Finished taking a snapshot at:(t:2, i:26) file:/workdir/hadoop-ozone/integration-test/target/test-dir/MiniOzoneClusterImpl-839c4a83-1072-4184-a39a-41aa01fb846d/datanode-5/data/ratis/79f04424-d886-402f-8436-f65937874e2c/sm/snapshot.2_26 time:5130
2019-08-29 08:34:52,307 [StateMachineUpdater:99586f2f-9d87-40a3-9061-4566008201fd:group-F65937874E2C] INFO  impl.StateMachineUpdater (StateMachineUpdater.java:takeSnapshot(242)) - StateMachineUpdater:99586f2f-9d87-40a3-9061-4566008201fd:group-F65937874E2C: Took a snapshot at index 26
2019-08-29 08:34:52,307 [StateMachineUpdater:99586f2f-9d87-40a3-9061-4566008201fd:group-F65937874E2C] INFO  impl.StateMachineUpdater (StateMachineUpdater.java:lambda$new$0(80)) - StateMachineUpdater:99586f2f-9d87-40a3-9061-4566008201fd:group-F65937874E2C: snapshotIndex: updateIncreasingly -1 -> 26
2019-08-29 08:34:52,308 [main] INFO  impl.RaftServerImpl (ServerState.java:close(394)) - 99586f2f-9d87-40a3-9061-4566008201fd:group-F65937874E2C closes. The last applied log index is 29
2019-08-29 08:34:52,308 [99586f2f-9d87-40a3-9061-4566008201fd-SegmentedRaftLogWorker:Storage Directory /workdir/hadoop-ozone/integration-test/target/test-dir/MiniOzoneClusterImpl-839c4a83-1072-4184-a39a-41aa01fb846d/datanode-5/data/ratis/79f04424-d886-402f-8436-f65937874e2c] INFO  segmented.SegmentedRaftLogWorker (SegmentedRaftLogWorker.java:run(313)) - 99586f2f-9d87-40a3-9061-4566008201fd-SegmentedRaftLogWorker:Storage Directory /workdir/hadoop-ozone/integration-test/target/test-dir/MiniOzoneClusterImpl-839c4a83-1072-4184-a39a-41aa01fb846d/datanode-5/data/ratis/79f04424-d886-402f-8436-f65937874e2c was interrupted, exiting. There are 0 tasks remaining in the queue.
2019-08-29 08:34:52,413 [java.util.concurrent.ThreadPoolExecutor$Worker@4232d1d8[State = -1, empty queue]] WARN  server.GrpcLogAppender (GrpcLogAppender.java:timeoutAppendRequest(200)) - GrpcLogAppender(02bf3283-c6bf-4588-a57c-baa459038378->4da055f9-cd9d-4c6f-9ab8-147a42717fcf): appendEntries Timeout, request=02bf3283-c6bf-4588-a57c-baa459038378->4da055f9-cd9d-4c6f-9ab8-147a42717fcf#104-t3, previous=(t:3, i:18), leaderCommit=17, initializing? false, entries: <empty>
2019-08-29 08:34:52,482 | INFO  | SCMAudit | user=jenkins1000 | ip=192.168.69.89 | op=SEND_HEARTBEAT {datanodeUUID=bcbb4469-e902-4083-b3d9-1bab9ea4cd29, command=[]} | ret=SUCCESS |  
2019-08-29 08:34:52,489 | INFO  | SCMAudit | user=jenkins1000 | ip=192.168.69.89 | op=SEND_HEARTBEAT {datanodeUUID=e7b9916e-4eca-4156-a086-839e4ffd13a0, command=[]} | ret=SUCCESS |  
2019-08-29 08:34:52,513 | INFO  | SCMAudit | user=jenkins1000 | ip=192.168.69.89 | op=SEND_HEARTBEAT {datanodeUUID=f0c18ce4-0e5b-4823-99c8-fd716531bc5f, command=[]} | ret=SUCCESS |  
2019-08-29 08:34:52,514 | INFO  | SCMAudit | user=jenkins1000 | ip=192.168.69.89 | op=SEND_HEARTBEAT {datanodeUUID=4da055f9-cd9d-4c6f-9ab8-147a42717fcf, command=[]} | ret=SUCCESS |  
2019-08-29 08:34:52,545 [main] INFO  segmented.SegmentedRaftLogWorker (SegmentedRaftLogWorker.java:close(228)) - 99586f2f-9d87-40a3-9061-4566008201fd-SegmentedRaftLogWorker:Storage Directory /workdir/hadoop-ozone/integration-test/target/test-dir/MiniOzoneClusterImpl-839c4a83-1072-4184-a39a-41aa01fb846d/datanode-5/data/ratis/79f04424-d886-402f-8436-f65937874e2c close()
2019-08-29 08:34:52,550 [main] INFO  impl.RaftServerImpl (RaftServerImpl.java:lambda$shutdown$3(245)) - 99586f2f-9d87-40a3-9061-4566008201fd: shutdown group-460952194E1B
2019-08-29 08:34:52,551 [main] INFO  util.JmxRegister (JmxRegister.java:unregister(73)) - Successfully un-registered JMX Bean with object name Ratis:service=RaftServer,group=group-460952194E1B,id=99586f2f-9d87-40a3-9061-4566008201fd
2019-08-29 08:34:52,551 [main] INFO  impl.RoleInfo (RoleInfo.java:shutdownLeaderState(104)) - 99586f2f-9d87-40a3-9061-4566008201fd: shutdown LeaderState
2019-08-29 08:34:52,552 [main] INFO  impl.PendingRequests (PendingRequests.java:sendNotLeaderResponses(202)) - 99586f2f-9d87-40a3-9061-4566008201fd-PendingRequests: sendNotLeaderResponses
2019-08-29 08:34:52,552 [main] INFO  impl.StateMachineUpdater (StateMachineUpdater.java:stopAndJoin(115)) - StateMachineUpdater:99586f2f-9d87-40a3-9061-4566008201fd:group-460952194E1B: set stopIndex = 0
2019-08-29 08:34:52,553 [main] INFO  impl.RaftServerImpl (ServerState.java:close(394)) - 99586f2f-9d87-40a3-9061-4566008201fd:group-460952194E1B closes. The last applied log index is 0
2019-08-29 08:34:52,553 [99586f2f-9d87-40a3-9061-4566008201fd-SegmentedRaftLogWorker:Storage Directory /workdir/hadoop-ozone/integration-test/target/test-dir/MiniOzoneClusterImpl-839c4a83-1072-4184-a39a-41aa01fb846d/datanode-5/data/ratis/89c1e31b-d436-460b-9a16-460952194e1b] INFO  segmented.SegmentedRaftLogWorker (SegmentedRaftLogWorker.java:run(313)) - 99586f2f-9d87-40a3-9061-4566008201fd-SegmentedRaftLogWorker:Storage Directory /workdir/hadoop-ozone/integration-test/target/test-dir/MiniOzoneClusterImpl-839c4a83-1072-4184-a39a-41aa01fb846d/datanode-5/data/ratis/89c1e31b-d436-460b-9a16-460952194e1b was interrupted, exiting. There are 0 tasks remaining in the queue.
2019-08-29 08:34:52,561 [java.util.concurrent.ThreadPoolExecutor$Worker@765ccaac[State = -1, empty queue]] WARN  server.GrpcLogAppender (GrpcLogAppender.java:timeoutAppendRequest(200)) - GrpcLogAppender(bcbb4469-e902-4083-b3d9-1bab9ea4cd29->99586f2f-9d87-40a3-9061-4566008201fd): appendEntries Timeout, request=bcbb4469-e902-4083-b3d9-1bab9ea4cd29->99586f2f-9d87-40a3-9061-4566008201fd#158-t2, previous=(t:2, i:30), leaderCommit=30, initializing? false, entries: size=1, first=(t:2, i:31), METADATAENTRY(c30)
2019-08-29 08:34:52,674 [java.util.concurrent.ThreadPoolExecutor$Worker@1d54cbf9[State = -1, empty queue]] WARN  server.GrpcLogAppender (GrpcLogAppender.java:timeoutAppendRequest(200)) - GrpcLogAppender(02bf3283-c6bf-4588-a57c-baa459038378->f0c18ce4-0e5b-4823-99c8-fd716531bc5f): appendEntries Timeout, request=02bf3283-c6bf-4588-a57c-baa459038378->f0c18ce4-0e5b-4823-99c8-fd716531bc5f#104-t3, previous=(t:3, i:18), leaderCommit=17, initializing? false, entries: <empty>
2019-08-29 08:34:52,913 [java.util.concurrent.ThreadPoolExecutor$Worker@4232d1d8[State = -1, empty queue]] WARN  server.GrpcLogAppender (GrpcLogAppender.java:timeoutAppendRequest(200)) - GrpcLogAppender(02bf3283-c6bf-4588-a57c-baa459038378->4da055f9-cd9d-4c6f-9ab8-147a42717fcf): appendEntries Timeout, request=02bf3283-c6bf-4588-a57c-baa459038378->4da055f9-cd9d-4c6f-9ab8-147a42717fcf#105-t3, previous=(t:3, i:18), leaderCommit=17, initializing? false, entries: <empty>
2019-08-29 08:34:53,013 [main] INFO  segmented.SegmentedRaftLogWorker (SegmentedRaftLogWorker.java:close(228)) - 99586f2f-9d87-40a3-9061-4566008201fd-SegmentedRaftLogWorker:Storage Directory /workdir/hadoop-ozone/integration-test/target/test-dir/MiniOzoneClusterImpl-839c4a83-1072-4184-a39a-41aa01fb846d/datanode-5/data/ratis/89c1e31b-d436-460b-9a16-460952194e1b close()
2019-08-29 08:34:53,030 [main] INFO  server.GrpcService (GrpcService.java:closeImpl(155)) - 99586f2f-9d87-40a3-9061-4566008201fd: shutdown server with port 38980 now
2019-08-29 08:34:53,031 [grpc-default-executor-1] WARN  server.GrpcServerProtocolService (LogUtils.java:warn(134)) - 99586f2f-9d87-40a3-9061-4566008201fd: appendEntries onError: org.apache.ratis.thirdparty.io.grpc.StatusRuntimeException: CANCELLED: cancelled before receiving half close
2019-08-29 08:34:53,031 [main] INFO  server.GrpcService (GrpcService.java:closeImpl(163)) - 99586f2f-9d87-40a3-9061-4566008201fd: shutdown server with port 38980 successfully
2019-08-29 08:34:53,031 [grpc-default-executor-0] WARN  server.GrpcLogAppender (LogUtils.java:warn(134)) - bcbb4469-e902-4083-b3d9-1bab9ea4cd29->99586f2f-9d87-40a3-9061-4566008201fd: Failed appendEntries: org.apache.ratis.thirdparty.io.grpc.StatusRuntimeException: CANCELLED: HTTP/2 error code: CANCEL
Received Rst Stream
2019-08-29 08:34:53,032 [grpc-default-executor-0] INFO  impl.FollowerInfo (FollowerInfo.java:lambda$new$0(50)) - bcbb4469-e902-4083-b3d9-1bab9ea4cd29->99586f2f-9d87-40a3-9061-4566008201fd: nextIndex: updateUnconditionally 32 -> 31
2019-08-29 08:34:53,032 [main] INFO  utils.BackgroundService (BackgroundService.java:shutdown(148)) - Shutting down service BlockDeletingService
2019-08-29 08:34:53,034 [refreshUsed-/workdir/hadoop-ozone/integration-test/target/test-dir/MiniOzoneClusterImpl-839c4a83-1072-4184-a39a-41aa01fb846d/datanode-5/data/containers] WARN  fs.CachingGetSpaceUsed (CachingGetSpaceUsed.java:run(183)) - Thread Interrupted waiting to refresh disk information: sleep interrupted
2019-08-29 08:34:53,060 [main] INFO  statemachine.DatanodeStateMachine (DatanodeStateMachine.java:stopDaemon(395)) - Ozone container server stopped.
2019-08-29 08:34:53,061 [main] INFO  handler.ContextHandler (ContextHandler.java:doStop(910)) - Stopped o.e.j.w.WebAppContext@424f02b8{/,null,UNAVAILABLE}{/hddsDatanode}
2019-08-29 08:34:53,062 [main] INFO  server.AbstractConnector (AbstractConnector.java:doStop(318)) - Stopped ServerConnector@2ad7bd26{HTTP/1.1,[http/1.1]}{0.0.0.0:0}
2019-08-29 08:34:53,062 [main] INFO  handler.ContextHandler (ContextHandler.java:doStop(910)) - Stopped o.e.j.s.ServletContextHandler@5c234920{/static,jar:file:/home/user/.m2/repository/org/apache/hadoop/hadoop-hdds-container-service/0.5.0-SNAPSHOT/hadoop-hdds-container-service-0.5.0-SNAPSHOT.jar!/webapps/static,UNAVAILABLE}
2019-08-29 08:34:53,063 [main] INFO  handler.ContextHandler (ContextHandler.java:doStop(910)) - Stopped o.e.j.s.ServletContextHandler@29bd85db{/logs,file:///workdir/hadoop-ozone/integration-test/target/log,UNAVAILABLE}
2019-08-29 08:34:53,064 [main] INFO  datanode.ObjectStoreHandler (ObjectStoreHandler.java:close(155)) - Closing ObjectStoreHandler.
2019-08-29 08:34:53,064 [main] INFO  ozone.HddsDatanodeService (HddsDatanodeService.java:stop(451)) - Stopped plug-in org.apache.hadoop.ozone.web.OzoneHddsDatanodeService@3375b118
2019-08-29 08:34:53,066 [grpc-default-executor-1] WARN  server.GrpcLogAppender (LogUtils.java:warn(134)) - bcbb4469-e902-4083-b3d9-1bab9ea4cd29->99586f2f-9d87-40a3-9061-4566008201fd: Failed appendEntries: org.apache.ratis.thirdparty.io.grpc.StatusRuntimeException: UNAVAILABLE: io exception
2019-08-29 08:34:53,066 [grpc-default-executor-1] INFO  impl.FollowerInfo (FollowerInfo.java:lambda$new$0(50)) - bcbb4469-e902-4083-b3d9-1bab9ea4cd29->99586f2f-9d87-40a3-9061-4566008201fd: nextIndex: updateUnconditionally 31 -> 30
2019-08-29 08:34:53,174 [java.util.concurrent.ThreadPoolExecutor$Worker@1d54cbf9[State = -1, empty queue]] WARN  server.GrpcLogAppender (GrpcLogAppender.java:timeoutAppendRequest(200)) - GrpcLogAppender(02bf3283-c6bf-4588-a57c-baa459038378->f0c18ce4-0e5b-4823-99c8-fd716531bc5f): appendEntries Timeout, request=02bf3283-c6bf-4588-a57c-baa459038378->f0c18ce4-0e5b-4823-99c8-fd716531bc5f#105-t3, previous=(t:3, i:18), leaderCommit=17, initializing? false, entries: <empty>
2019-08-29 08:34:53,281 | INFO  | SCMAudit | user=jenkins1000 | ip=192.168.69.89 | op=SEND_HEARTBEAT {datanodeUUID=129685ee-8122-4333-8930-3eeb8cf836af, command=[]} | ret=SUCCESS |  
2019-08-29 08:34:53,352 [129685ee-8122-4333-8930-3eeb8cf836af:group-4F259F9E67CD:LeaderElection39] INFO  impl.LeaderElection (LeaderElection.java:askForVotes(181)) - 129685ee-8122-4333-8930-3eeb8cf836af:group-4F259F9E67CD:LeaderElection39: begin an election at term 14 for 0: [802c6c9d-4843-417e-8983-b6e40533cc1c:192.168.69.89:37103, 129685ee-8122-4333-8930-3eeb8cf836af:192.168.69.89:45580, fe546585-3c52-42ae-8754-1a35dad17d3f:192.168.69.89:45996], old=null
2019-08-29 08:34:53,354 [129685ee-8122-4333-8930-3eeb8cf836af:group-4F259F9E67CD:LeaderElection39] INFO  impl.LeaderElection (LogUtils.java:infoOrTrace(149)) - 129685ee-8122-4333-8930-3eeb8cf836af:group-4F259F9E67CD:LeaderElection39 got exception when requesting votes: {}
java.util.concurrent.ExecutionException: org.apache.ratis.thirdparty.io.grpc.StatusRuntimeException: UNAVAILABLE: io exception
	at java.util.concurrent.FutureTask.report(FutureTask.java:122)
	at java.util.concurrent.FutureTask.get(FutureTask.java:192)
	at org.apache.ratis.server.impl.LeaderElection.waitForResults(LeaderElection.java:262)
	at org.apache.ratis.server.impl.LeaderElection.askForVotes(LeaderElection.java:200)
	at org.apache.ratis.server.impl.LeaderElection.run(LeaderElection.java:130)
	at java.lang.Thread.run(Thread.java:748)
Caused by: org.apache.ratis.thirdparty.io.grpc.StatusRuntimeException: UNAVAILABLE: io exception
	at org.apache.ratis.thirdparty.io.grpc.stub.ClientCalls.toStatusRuntimeException(ClientCalls.java:233)
	at org.apache.ratis.thirdparty.io.grpc.stub.ClientCalls.getUnchecked(ClientCalls.java:214)
	at org.apache.ratis.thirdparty.io.grpc.stub.ClientCalls.blockingUnaryCall(ClientCalls.java:139)
	at org.apache.ratis.proto.grpc.RaftServerProtocolServiceGrpc$RaftServerProtocolServiceBlockingStub.requestVote(RaftServerProtocolServiceGrpc.java:265)
	at org.apache.ratis.grpc.server.GrpcServerProtocolClient.requestVote(GrpcServerProtocolClient.java:83)
	at org.apache.ratis.grpc.server.GrpcService.requestVote(GrpcService.java:195)
	at org.apache.ratis.server.impl.LeaderElection.lambda$submitRequests$1(LeaderElection.java:237)
	at java.util.concurrent.FutureTask.run(FutureTask.java:266)
	at java.util.concurrent.Executors$RunnableAdapter.call(Executors.java:511)
	at java.util.concurrent.FutureTask.run(FutureTask.java:266)
	at java.util.concurrent.ThreadPoolExecutor.runWorker(ThreadPoolExecutor.java:1149)
	at java.util.concurrent.ThreadPoolExecutor$Worker.run(ThreadPoolExecutor.java:624)
	... 1 more
Caused by: org.apache.ratis.thirdparty.io.netty.channel.AbstractChannel$AnnotatedConnectException: Connection refused: /192.168.69.89:37103
	at sun.nio.ch.SocketChannelImpl.checkConnect(Native Method)
	at sun.nio.ch.SocketChannelImpl.finishConnect(SocketChannelImpl.java:717)
	at org.apache.ratis.thirdparty.io.netty.channel.socket.nio.NioSocketChannel.doFinishConnect(NioSocketChannel.java:327)
	at org.apache.ratis.thirdparty.io.netty.channel.nio.AbstractNioChannel$AbstractNioUnsafe.finishConnect(AbstractNioChannel.java:340)
	at org.apache.ratis.thirdparty.io.netty.channel.nio.NioEventLoop.processSelectedKey(NioEventLoop.java:632)
	at org.apache.ratis.thirdparty.io.netty.channel.nio.NioEventLoop.processSelectedKeysOptimized(NioEventLoop.java:579)
	at org.apache.ratis.thirdparty.io.netty.channel.nio.NioEventLoop.processSelectedKeys(NioEventLoop.java:496)
	at org.apache.ratis.thirdparty.io.netty.channel.nio.NioEventLoop.run(NioEventLoop.java:458)
	at org.apache.ratis.thirdparty.io.netty.util.concurrent.SingleThreadEventExecutor$5.run(SingleThreadEventExecutor.java:897)
	at org.apache.ratis.thirdparty.io.netty.util.concurrent.FastThreadLocalRunnable.run(FastThreadLocalRunnable.java:30)
	... 1 more
Caused by: java.net.ConnectException: Connection refused
	... 11 more
2019-08-29 08:34:53,357 [129685ee-8122-4333-8930-3eeb8cf836af:group-4F259F9E67CD:LeaderElection39] INFO  impl.LeaderElection (LogUtils.java:infoOrTrace(149)) - 129685ee-8122-4333-8930-3eeb8cf836af:group-4F259F9E67CD:LeaderElection39 got exception when requesting votes: {}
java.util.concurrent.ExecutionException: org.apache.ratis.thirdparty.io.grpc.StatusRuntimeException: UNAVAILABLE: io exception
	at java.util.concurrent.FutureTask.report(FutureTask.java:122)
	at java.util.concurrent.FutureTask.get(FutureTask.java:192)
	at org.apache.ratis.server.impl.LeaderElection.waitForResults(LeaderElection.java:262)
	at org.apache.ratis.server.impl.LeaderElection.askForVotes(LeaderElection.java:200)
	at org.apache.ratis.server.impl.LeaderElection.run(LeaderElection.java:130)
	at java.lang.Thread.run(Thread.java:748)
Caused by: org.apache.ratis.thirdparty.io.grpc.StatusRuntimeException: UNAVAILABLE: io exception
	at org.apache.ratis.thirdparty.io.grpc.stub.ClientCalls.toStatusRuntimeException(ClientCalls.java:233)
	at org.apache.ratis.thirdparty.io.grpc.stub.ClientCalls.getUnchecked(ClientCalls.java:214)
	at org.apache.ratis.thirdparty.io.grpc.stub.ClientCalls.blockingUnaryCall(ClientCalls.java:139)
	at org.apache.ratis.proto.grpc.RaftServerProtocolServiceGrpc$RaftServerProtocolServiceBlockingStub.requestVote(RaftServerProtocolServiceGrpc.java:265)
	at org.apache.ratis.grpc.server.GrpcServerProtocolClient.requestVote(GrpcServerProtocolClient.java:83)
	at org.apache.ratis.grpc.server.GrpcService.requestVote(GrpcService.java:195)
	at org.apache.ratis.server.impl.LeaderElection.lambda$submitRequests$1(LeaderElection.java:237)
	at java.util.concurrent.FutureTask.run(FutureTask.java:266)
	at java.util.concurrent.Executors$RunnableAdapter.call(Executors.java:511)
	at java.util.concurrent.FutureTask.run(FutureTask.java:266)
	at java.util.concurrent.ThreadPoolExecutor.runWorker(ThreadPoolExecutor.java:1149)
	at java.util.concurrent.ThreadPoolExecutor$Worker.run(ThreadPoolExecutor.java:624)
	... 1 more
Caused by: org.apache.ratis.thirdparty.io.netty.channel.AbstractChannel$AnnotatedConnectException: Connection refused: /192.168.69.89:45996
	at sun.nio.ch.SocketChannelImpl.checkConnect(Native Method)
	at sun.nio.ch.SocketChannelImpl.finishConnect(SocketChannelImpl.java:717)
	at org.apache.ratis.thirdparty.io.netty.channel.socket.nio.NioSocketChannel.doFinishConnect(NioSocketChannel.java:327)
	at org.apache.ratis.thirdparty.io.netty.channel.nio.AbstractNioChannel$AbstractNioUnsafe.finishConnect(AbstractNioChannel.java:340)
	at org.apache.ratis.thirdparty.io.netty.channel.nio.NioEventLoop.processSelectedKey(NioEventLoop.java:632)
	at org.apache.ratis.thirdparty.io.netty.channel.nio.NioEventLoop.processSelectedKeysOptimized(NioEventLoop.java:579)
	at org.apache.ratis.thirdparty.io.netty.channel.nio.NioEventLoop.processSelectedKeys(NioEventLoop.java:496)
	at org.apache.ratis.thirdparty.io.netty.channel.nio.NioEventLoop.run(NioEventLoop.java:458)
	at org.apache.ratis.thirdparty.io.netty.util.concurrent.SingleThreadEventExecutor$5.run(SingleThreadEventExecutor.java:897)
	at org.apache.ratis.thirdparty.io.netty.util.concurrent.FastThreadLocalRunnable.run(FastThreadLocalRunnable.java:30)
	... 1 more
Caused by: java.net.ConnectException: Connection refused
	... 11 more
2019-08-29 08:34:53,359 [129685ee-8122-4333-8930-3eeb8cf836af:group-4F259F9E67CD:LeaderElection39] INFO  impl.LeaderElection (LeaderElection.java:logAndReturn(56)) - 129685ee-8122-4333-8930-3eeb8cf836af:group-4F259F9E67CD:LeaderElection39: Election REJECTED; received 0 response(s) [] and 2 exception(s); 129685ee-8122-4333-8930-3eeb8cf836af:t14, leader=null, voted=129685ee-8122-4333-8930-3eeb8cf836af, raftlog=129685ee-8122-4333-8930-3eeb8cf836af-SegmentedRaftLog:OPENED:c16,f16,i16, conf=0: [802c6c9d-4843-417e-8983-b6e40533cc1c:192.168.69.89:37103, 129685ee-8122-4333-8930-3eeb8cf836af:192.168.69.89:45580, fe546585-3c52-42ae-8754-1a35dad17d3f:192.168.69.89:45996], old=null
2019-08-29 08:34:53,360 [129685ee-8122-4333-8930-3eeb8cf836af:group-4F259F9E67CD:LeaderElection39] INFO  impl.LeaderElection (LogUtils.java:infoOrTrace(149)) -   Exception 0: {}
java.util.concurrent.ExecutionException: org.apache.ratis.thirdparty.io.grpc.StatusRuntimeException: UNAVAILABLE: io exception
	at java.util.concurrent.FutureTask.report(FutureTask.java:122)
	at java.util.concurrent.FutureTask.get(FutureTask.java:192)
	at org.apache.ratis.server.impl.LeaderElection.waitForResults(LeaderElection.java:262)
	at org.apache.ratis.server.impl.LeaderElection.askForVotes(LeaderElection.java:200)
	at org.apache.ratis.server.impl.LeaderElection.run(LeaderElection.java:130)
	at java.lang.Thread.run(Thread.java:748)
Caused by: org.apache.ratis.thirdparty.io.grpc.StatusRuntimeException: UNAVAILABLE: io exception
	at org.apache.ratis.thirdparty.io.grpc.stub.ClientCalls.toStatusRuntimeException(ClientCalls.java:233)
	at org.apache.ratis.thirdparty.io.grpc.stub.ClientCalls.getUnchecked(ClientCalls.java:214)
	at org.apache.ratis.thirdparty.io.grpc.stub.ClientCalls.blockingUnaryCall(ClientCalls.java:139)
	at org.apache.ratis.proto.grpc.RaftServerProtocolServiceGrpc$RaftServerProtocolServiceBlockingStub.requestVote(RaftServerProtocolServiceGrpc.java:265)
	at org.apache.ratis.grpc.server.GrpcServerProtocolClient.requestVote(GrpcServerProtocolClient.java:83)
	at org.apache.ratis.grpc.server.GrpcService.requestVote(GrpcService.java:195)
	at org.apache.ratis.server.impl.LeaderElection.lambda$submitRequests$1(LeaderElection.java:237)
	at java.util.concurrent.FutureTask.run(FutureTask.java:266)
	at java.util.concurrent.Executors$RunnableAdapter.call(Executors.java:511)
	at java.util.concurrent.FutureTask.run(FutureTask.java:266)
	at java.util.concurrent.ThreadPoolExecutor.runWorker(ThreadPoolExecutor.java:1149)
	at java.util.concurrent.ThreadPoolExecutor$Worker.run(ThreadPoolExecutor.java:624)
	... 1 more
Caused by: org.apache.ratis.thirdparty.io.netty.channel.AbstractChannel$AnnotatedConnectException: Connection refused: /192.168.69.89:37103
	at sun.nio.ch.SocketChannelImpl.checkConnect(Native Method)
	at sun.nio.ch.SocketChannelImpl.finishConnect(SocketChannelImpl.java:717)
	at org.apache.ratis.thirdparty.io.netty.channel.socket.nio.NioSocketChannel.doFinishConnect(NioSocketChannel.java:327)
	at org.apache.ratis.thirdparty.io.netty.channel.nio.AbstractNioChannel$AbstractNioUnsafe.finishConnect(AbstractNioChannel.java:340)
	at org.apache.ratis.thirdparty.io.netty.channel.nio.NioEventLoop.processSelectedKey(NioEventLoop.java:632)
	at org.apache.ratis.thirdparty.io.netty.channel.nio.NioEventLoop.processSelectedKeysOptimized(NioEventLoop.java:579)
	at org.apache.ratis.thirdparty.io.netty.channel.nio.NioEventLoop.processSelectedKeys(NioEventLoop.java:496)
	at org.apache.ratis.thirdparty.io.netty.channel.nio.NioEventLoop.run(NioEventLoop.java:458)
	at org.apache.ratis.thirdparty.io.netty.util.concurrent.SingleThreadEventExecutor$5.run(SingleThreadEventExecutor.java:897)
	at org.apache.ratis.thirdparty.io.netty.util.concurrent.FastThreadLocalRunnable.run(FastThreadLocalRunnable.java:30)
	... 1 more
Caused by: java.net.ConnectException: Connection refused
	... 11 more
2019-08-29 08:34:53,360 [129685ee-8122-4333-8930-3eeb8cf836af:group-4F259F9E67CD:LeaderElection39] INFO  impl.LeaderElection (LogUtils.java:infoOrTrace(149)) -   Exception 1: {}
java.util.concurrent.ExecutionException: org.apache.ratis.thirdparty.io.grpc.StatusRuntimeException: UNAVAILABLE: io exception
	at java.util.concurrent.FutureTask.report(FutureTask.java:122)
	at java.util.concurrent.FutureTask.get(FutureTask.java:192)
	at org.apache.ratis.server.impl.LeaderElection.waitForResults(LeaderElection.java:262)
	at org.apache.ratis.server.impl.LeaderElection.askForVotes(LeaderElection.java:200)
	at org.apache.ratis.server.impl.LeaderElection.run(LeaderElection.java:130)
	at java.lang.Thread.run(Thread.java:748)
Caused by: org.apache.ratis.thirdparty.io.grpc.StatusRuntimeException: UNAVAILABLE: io exception
	at org.apache.ratis.thirdparty.io.grpc.stub.ClientCalls.toStatusRuntimeException(ClientCalls.java:233)
	at org.apache.ratis.thirdparty.io.grpc.stub.ClientCalls.getUnchecked(ClientCalls.java:214)
	at org.apache.ratis.thirdparty.io.grpc.stub.ClientCalls.blockingUnaryCall(ClientCalls.java:139)
	at org.apache.ratis.proto.grpc.RaftServerProtocolServiceGrpc$RaftServerProtocolServiceBlockingStub.requestVote(RaftServerProtocolServiceGrpc.java:265)
	at org.apache.ratis.grpc.server.GrpcServerProtocolClient.requestVote(GrpcServerProtocolClient.java:83)
	at org.apache.ratis.grpc.server.GrpcService.requestVote(GrpcService.java:195)
	at org.apache.ratis.server.impl.LeaderElection.lambda$submitRequests$1(LeaderElection.java:237)
	at java.util.concurrent.FutureTask.run(FutureTask.java:266)
	at java.util.concurrent.Executors$RunnableAdapter.call(Executors.java:511)
	at java.util.concurrent.FutureTask.run(FutureTask.java:266)
	at java.util.concurrent.ThreadPoolExecutor.runWorker(ThreadPoolExecutor.java:1149)
	at java.util.concurrent.ThreadPoolExecutor$Worker.run(ThreadPoolExecutor.java:624)
	... 1 more
Caused by: org.apache.ratis.thirdparty.io.netty.channel.AbstractChannel$AnnotatedConnectException: Connection refused: /192.168.69.89:45996
	at sun.nio.ch.SocketChannelImpl.checkConnect(Native Method)
	at sun.nio.ch.SocketChannelImpl.finishConnect(SocketChannelImpl.java:717)
	at org.apache.ratis.thirdparty.io.netty.channel.socket.nio.NioSocketChannel.doFinishConnect(NioSocketChannel.java:327)
	at org.apache.ratis.thirdparty.io.netty.channel.nio.AbstractNioChannel$AbstractNioUnsafe.finishConnect(AbstractNioChannel.java:340)
	at org.apache.ratis.thirdparty.io.netty.channel.nio.NioEventLoop.processSelectedKey(NioEventLoop.java:632)
	at org.apache.ratis.thirdparty.io.netty.channel.nio.NioEventLoop.processSelectedKeysOptimized(NioEventLoop.java:579)
	at org.apache.ratis.thirdparty.io.netty.channel.nio.NioEventLoop.processSelectedKeys(NioEventLoop.java:496)
	at org.apache.ratis.thirdparty.io.netty.channel.nio.NioEventLoop.run(NioEventLoop.java:458)
	at org.apache.ratis.thirdparty.io.netty.util.concurrent.SingleThreadEventExecutor$5.run(SingleThreadEventExecutor.java:897)
	at org.apache.ratis.thirdparty.io.netty.util.concurrent.FastThreadLocalRunnable.run(FastThreadLocalRunnable.java:30)
	... 1 more
Caused by: java.net.ConnectException: Connection refused
	... 11 more
2019-08-29 08:34:53,360 [129685ee-8122-4333-8930-3eeb8cf836af:group-4F259F9E67CD:LeaderElection39] INFO  impl.RaftServerImpl (RaftServerImpl.java:setRole(171)) - 129685ee-8122-4333-8930-3eeb8cf836af:group-4F259F9E67CD changes role from CANDIDATE to FOLLOWER at term 14 for DISCOVERED_A_NEW_TERM
2019-08-29 08:34:53,360 [129685ee-8122-4333-8930-3eeb8cf836af:group-4F259F9E67CD:LeaderElection39] INFO  impl.RoleInfo (RoleInfo.java:shutdownLeaderElection(134)) - 129685ee-8122-4333-8930-3eeb8cf836af: shutdown LeaderElection
2019-08-29 08:34:53,361 [129685ee-8122-4333-8930-3eeb8cf836af:group-4F259F9E67CD:LeaderElection39] INFO  impl.RoleInfo (RoleInfo.java:updateAndGet(143)) - 129685ee-8122-4333-8930-3eeb8cf836af: start FollowerState
2019-08-29 08:34:53,414 [java.util.concurrent.ThreadPoolExecutor$Worker@4232d1d8[State = -1, empty queue]] WARN  server.GrpcLogAppender (GrpcLogAppender.java:timeoutAppendRequest(200)) - GrpcLogAppender(02bf3283-c6bf-4588-a57c-baa459038378->4da055f9-cd9d-4c6f-9ab8-147a42717fcf): appendEntries Timeout, request=02bf3283-c6bf-4588-a57c-baa459038378->4da055f9-cd9d-4c6f-9ab8-147a42717fcf#106-t3, previous=(t:3, i:18), leaderCommit=17, initializing? false, entries: <empty>
2019-08-29 08:34:53,480 [Datanode State Machine Thread - 0] INFO  statemachine.DatanodeStateMachine (DatanodeStateMachine.java:lambda$startDaemon$0(350)) - Ozone container server started.
2019-08-29 08:34:53,489 | INFO  | SCMAudit | user=jenkins1000 | ip=192.168.69.89 | op=SEND_HEARTBEAT {datanodeUUID=e7b9916e-4eca-4156-a086-839e4ffd13a0, command=[]} | ret=SUCCESS |  
2019-08-29 08:34:53,513 | INFO  | SCMAudit | user=jenkins1000 | ip=192.168.69.89 | op=SEND_HEARTBEAT {datanodeUUID=f0c18ce4-0e5b-4823-99c8-fd716531bc5f, command=[]} | ret=SUCCESS |  
2019-08-29 08:34:53,514 | INFO  | SCMAudit | user=jenkins1000 | ip=192.168.69.89 | op=SEND_HEARTBEAT {datanodeUUID=4da055f9-cd9d-4c6f-9ab8-147a42717fcf, command=[]} | ret=SUCCESS |  
2019-08-29 08:34:53,566 [grpc-default-executor-1] WARN  server.GrpcLogAppender (LogUtils.java:warn(134)) - bcbb4469-e902-4083-b3d9-1bab9ea4cd29->99586f2f-9d87-40a3-9061-4566008201fd: Failed appendEntries: org.apache.ratis.thirdparty.io.grpc.StatusRuntimeException: UNAVAILABLE: io exception
2019-08-29 08:34:53,567 [grpc-default-executor-1] INFO  impl.FollowerInfo (FollowerInfo.java:lambda$new$0(50)) - bcbb4469-e902-4083-b3d9-1bab9ea4cd29->99586f2f-9d87-40a3-9061-4566008201fd: nextIndex: updateUnconditionally 30 -> 29
2019-08-29 08:34:53,675 [java.util.concurrent.ThreadPoolExecutor$Worker@1d54cbf9[State = -1, empty queue]] WARN  server.GrpcLogAppender (GrpcLogAppender.java:timeoutAppendRequest(200)) - GrpcLogAppender(02bf3283-c6bf-4588-a57c-baa459038378->f0c18ce4-0e5b-4823-99c8-fd716531bc5f): appendEntries Timeout, request=02bf3283-c6bf-4588-a57c-baa459038378->f0c18ce4-0e5b-4823-99c8-fd716531bc5f#106-t3, previous=(t:3, i:18), leaderCommit=17, initializing? false, entries: <empty>
2019-08-29 08:34:53,914 [java.util.concurrent.ThreadPoolExecutor$Worker@4232d1d8[State = -1, empty queue]] WARN  server.GrpcLogAppender (GrpcLogAppender.java:timeoutAppendRequest(200)) - GrpcLogAppender(02bf3283-c6bf-4588-a57c-baa459038378->4da055f9-cd9d-4c6f-9ab8-147a42717fcf): appendEntries Timeout, request=02bf3283-c6bf-4588-a57c-baa459038378->4da055f9-cd9d-4c6f-9ab8-147a42717fcf#107-t3, previous=(t:3, i:18), leaderCommit=17, initializing? false, entries: <empty>
2019-08-29 08:34:54,067 [grpc-default-executor-0] WARN  server.GrpcLogAppender (LogUtils.java:warn(134)) - bcbb4469-e902-4083-b3d9-1bab9ea4cd29->99586f2f-9d87-40a3-9061-4566008201fd: Failed appendEntries: org.apache.ratis.thirdparty.io.grpc.StatusRuntimeException: UNAVAILABLE: io exception
2019-08-29 08:34:54,068 [grpc-default-executor-0] INFO  impl.FollowerInfo (FollowerInfo.java:lambda$new$0(50)) - bcbb4469-e902-4083-b3d9-1bab9ea4cd29->99586f2f-9d87-40a3-9061-4566008201fd: nextIndex: updateUnconditionally 29 -> 28
2019-08-29 08:34:54,175 [java.util.concurrent.ThreadPoolExecutor$Worker@1d54cbf9[State = -1, empty queue]] WARN  server.GrpcLogAppender (GrpcLogAppender.java:timeoutAppendRequest(200)) - GrpcLogAppender(02bf3283-c6bf-4588-a57c-baa459038378->f0c18ce4-0e5b-4823-99c8-fd716531bc5f): appendEntries Timeout, request=02bf3283-c6bf-4588-a57c-baa459038378->f0c18ce4-0e5b-4823-99c8-fd716531bc5f#107-t3, previous=(t:3, i:18), leaderCommit=17, initializing? false, entries: <empty>
2019-08-29 08:34:54,280 | INFO  | SCMAudit | user=jenkins1000 | ip=192.168.69.89 | op=SEND_HEARTBEAT {datanodeUUID=129685ee-8122-4333-8930-3eeb8cf836af, command=[]} | ret=SUCCESS |  
2019-08-29 08:34:54,401 | INFO  | SCMAudit | user=jenkins1000 | ip=192.168.69.89 | op=SEND_HEARTBEAT {datanodeUUID=4da055f9-cd9d-4c6f-9ab8-147a42717fcf, command=[]} | ret=SUCCESS |  
2019-08-29 08:34:54,401 | INFO  | SCMAudit | user=jenkins1000 | ip=192.168.69.89 | op=SEND_HEARTBEAT {datanodeUUID=f0c18ce4-0e5b-4823-99c8-fd716531bc5f, command=[]} | ret=SUCCESS |  
2019-08-29 08:34:54,414 [java.util.concurrent.ThreadPoolExecutor$Worker@4232d1d8[State = -1, empty queue]] WARN  server.GrpcLogAppender (GrpcLogAppender.java:timeoutAppendRequest(200)) - GrpcLogAppender(02bf3283-c6bf-4588-a57c-baa459038378->4da055f9-cd9d-4c6f-9ab8-147a42717fcf): appendEntries Timeout, request=02bf3283-c6bf-4588-a57c-baa459038378->4da055f9-cd9d-4c6f-9ab8-147a42717fcf#108-t3, previous=(t:3, i:18), leaderCommit=17, initializing? false, entries: <empty>
2019-08-29 08:34:54,449 [Thread-1482] INFO  impl.FollowerState (FollowerState.java:run(106)) - 129685ee-8122-4333-8930-3eeb8cf836af:group-4F259F9E67CD changes to CANDIDATE, lastRpcTime:1088, electionTimeout:1088ms
2019-08-29 08:34:54,449 [Thread-1482] INFO  impl.RoleInfo (RoleInfo.java:shutdownFollowerState(121)) - 129685ee-8122-4333-8930-3eeb8cf836af: shutdown FollowerState
2019-08-29 08:34:54,449 [Thread-1482] INFO  impl.RaftServerImpl (RaftServerImpl.java:setRole(171)) - 129685ee-8122-4333-8930-3eeb8cf836af:group-4F259F9E67CD changes role from FOLLOWER to CANDIDATE at term 14 for changeToCandidate
2019-08-29 08:34:54,450 [Thread-1482] INFO  impl.RoleInfo (RoleInfo.java:updateAndGet(143)) - 129685ee-8122-4333-8930-3eeb8cf836af: start LeaderElection
2019-08-29 08:34:54,489 | INFO  | SCMAudit | user=jenkins1000 | ip=192.168.69.89 | op=SEND_HEARTBEAT {datanodeUUID=e7b9916e-4eca-4156-a086-839e4ffd13a0, command=[]} | ret=SUCCESS |  
2019-08-29 08:34:54,567 [ForkJoinPool.commonPool-worker-1] INFO  ozoneimpl.OzoneContainer (OzoneContainer.java:stop(199)) - Attempting to stop container services.
2019-08-29 08:34:54,568 [ForkJoinPool.commonPool-worker-1] INFO  impl.RaftServerProxy (RaftServerProxy.java:lambda$close$4(314)) - 02bf3283-c6bf-4588-a57c-baa459038378: close
2019-08-29 08:34:54,568 [grpc-default-executor-0] WARN  server.GrpcLogAppender (LogUtils.java:warn(134)) - bcbb4469-e902-4083-b3d9-1bab9ea4cd29->99586f2f-9d87-40a3-9061-4566008201fd: Failed appendEntries: org.apache.ratis.thirdparty.io.grpc.StatusRuntimeException: UNAVAILABLE: io exception
2019-08-29 08:34:54,568 [ForkJoinPool.commonPool-worker-1] INFO  impl.RaftServerImpl (RaftServerImpl.java:lambda$shutdown$3(245)) - 02bf3283-c6bf-4588-a57c-baa459038378: shutdown group-4C1082AB210C
2019-08-29 08:34:54,568 [grpc-default-executor-0] INFO  impl.FollowerInfo (FollowerInfo.java:lambda$new$0(50)) - bcbb4469-e902-4083-b3d9-1bab9ea4cd29->99586f2f-9d87-40a3-9061-4566008201fd: nextIndex: updateUnconditionally 28 -> 27
2019-08-29 08:34:54,569 [ForkJoinPool.commonPool-worker-1] INFO  util.JmxRegister (JmxRegister.java:unregister(73)) - Successfully un-registered JMX Bean with object name Ratis:service=RaftServer,group=group-4C1082AB210C,id=02bf3283-c6bf-4588-a57c-baa459038378
2019-08-29 08:34:54,569 [ForkJoinPool.commonPool-worker-1] INFO  impl.RoleInfo (RoleInfo.java:shutdownLeaderState(104)) - 02bf3283-c6bf-4588-a57c-baa459038378: shutdown LeaderState
2019-08-29 08:34:54,575 [ForkJoinPool.commonPool-worker-1] INFO  impl.PendingRequests (PendingRequests.java:sendNotLeaderResponses(202)) - 02bf3283-c6bf-4588-a57c-baa459038378-PendingRequests: sendNotLeaderResponses
2019-08-29 08:34:54,575 [org.apache.ratis.server.impl.LogAppender$AppenderDaemon$$Lambda$517/355638001@a3cc23d] WARN  server.GrpcLogAppender (GrpcLogAppender.java:mayWait(143)) - GrpcLogAppender(02bf3283-c6bf-4588-a57c-baa459038378->4da055f9-cd9d-4c6f-9ab8-147a42717fcf): Wait interrupted by java.lang.InterruptedException
2019-08-29 08:34:54,575 [org.apache.ratis.server.impl.LogAppender$AppenderDaemon$$Lambda$517/355638001@4f3e4d1e] WARN  server.GrpcLogAppender (GrpcLogAppender.java:mayWait(143)) - GrpcLogAppender(02bf3283-c6bf-4588-a57c-baa459038378->f0c18ce4-0e5b-4823-99c8-fd716531bc5f): Wait interrupted by java.lang.InterruptedException
2019-08-29 08:34:54,580 [grpc-default-executor-0] INFO  server.GrpcServerProtocolService (GrpcServerProtocolService.java:onCompleted(104)) - 4da055f9-cd9d-4c6f-9ab8-147a42717fcf: appendEntries completed
2019-08-29 08:34:54,580 [grpc-default-executor-1] INFO  server.GrpcServerProtocolService (GrpcServerProtocolService.java:onCompleted(104)) - f0c18ce4-0e5b-4823-99c8-fd716531bc5f: appendEntries completed
2019-08-29 08:34:54,580 [StateMachineUpdater:02bf3283-c6bf-4588-a57c-baa459038378:group-4C1082AB210C] INFO  ratis.ContainerStateMachine (ContainerStateMachine.java:takeSnapshot(283)) - group-4C1082AB210C: Taking a snapshot at:(t:3, i:16) file /workdir/hadoop-ozone/integration-test/target/test-dir/MiniOzoneClusterImpl-839c4a83-1072-4184-a39a-41aa01fb846d/datanode-3/data/ratis/a6019285-0027-46c6-9b76-4c1082ab210c/sm/snapshot.3_16
2019-08-29 08:34:54,580 [ForkJoinPool.commonPool-worker-1] INFO  impl.StateMachineUpdater (StateMachineUpdater.java:stopAndJoin(115)) - StateMachineUpdater:02bf3283-c6bf-4588-a57c-baa459038378:group-4C1082AB210C: set stopIndex = 17
2019-08-29 08:34:54,580 [grpc-default-executor-1] INFO  server.GrpcLogAppender (GrpcLogAppender.java:onCompleted(292)) - 02bf3283-c6bf-4588-a57c-baa459038378->f0c18ce4-0e5b-4823-99c8-fd716531bc5f: follower responses appendEntries COMPLETED
2019-08-29 08:34:54,580 [grpc-default-executor-0] INFO  server.GrpcLogAppender (GrpcLogAppender.java:onCompleted(292)) - 02bf3283-c6bf-4588-a57c-baa459038378->4da055f9-cd9d-4c6f-9ab8-147a42717fcf: follower responses appendEntries COMPLETED
2019-08-29 08:34:54,581 [grpc-default-executor-1] INFO  impl.FollowerInfo (FollowerInfo.java:lambda$new$0(50)) - 02bf3283-c6bf-4588-a57c-baa459038378->f0c18ce4-0e5b-4823-99c8-fd716531bc5f: nextIndex: updateUnconditionally 19 -> 18
2019-08-29 08:34:54,581 [grpc-default-executor-0] INFO  impl.FollowerInfo (FollowerInfo.java:lambda$new$0(50)) - 02bf3283-c6bf-4588-a57c-baa459038378->4da055f9-cd9d-4c6f-9ab8-147a42717fcf: nextIndex: updateUnconditionally 19 -> 18
2019-08-29 08:34:55,069 [grpc-default-executor-0] WARN  server.GrpcLogAppender (LogUtils.java:warn(134)) - bcbb4469-e902-4083-b3d9-1bab9ea4cd29->99586f2f-9d87-40a3-9061-4566008201fd: Failed appendEntries: org.apache.ratis.thirdparty.io.grpc.StatusRuntimeException: UNAVAILABLE: io exception
2019-08-29 08:34:55,069 [grpc-default-executor-0] INFO  impl.FollowerInfo (FollowerInfo.java:lambda$new$0(50)) - bcbb4469-e902-4083-b3d9-1bab9ea4cd29->99586f2f-9d87-40a3-9061-4566008201fd: nextIndex: updateUnconditionally 27 -> 26
2019-08-29 08:34:55,242 | INFO  | DNAudit | user=null | ip=null | op=WRITE_CHUNK {blockData=conID: 7 locID: 102699346581848071 bcsId: 0} | ret=SUCCESS |  
2019-08-29 08:34:55,243 | INFO  | DNAudit | user=null | ip=null | op=WRITE_CHUNK {blockData=conID: 7 locID: 102699346581848071 bcsId: 0} | ret=SUCCESS |  
2019-08-29 08:34:55,243 | INFO  | DNAudit | user=null | ip=null | op=WRITE_CHUNK {blockData=conID: 7 locID: 102699346581848071 bcsId: 0} | ret=SUCCESS |  
2019-08-29 08:34:55,280 | INFO  | SCMAudit | user=jenkins1000 | ip=192.168.69.89 | op=SEND_HEARTBEAT {datanodeUUID=129685ee-8122-4333-8930-3eeb8cf836af, command=[]} | ret=SUCCESS |  
2019-08-29 08:34:55,401 | INFO  | SCMAudit | user=jenkins1000 | ip=192.168.69.89 | op=SEND_HEARTBEAT {datanodeUUID=f0c18ce4-0e5b-4823-99c8-fd716531bc5f, command=[]} | ret=SUCCESS |  
2019-08-29 08:34:55,401 | INFO  | SCMAudit | user=jenkins1000 | ip=192.168.69.89 | op=SEND_HEARTBEAT {datanodeUUID=4da055f9-cd9d-4c6f-9ab8-147a42717fcf, command=[]} | ret=SUCCESS |  
2019-08-29 08:34:55,489 | INFO  | SCMAudit | user=jenkins1000 | ip=192.168.69.89 | op=SEND_HEARTBEAT {datanodeUUID=e7b9916e-4eca-4156-a086-839e4ffd13a0, command=[]} | ret=SUCCESS |  
2019-08-29 08:34:55,570 [grpc-default-executor-0] WARN  server.GrpcLogAppender (LogUtils.java:warn(134)) - bcbb4469-e902-4083-b3d9-1bab9ea4cd29->99586f2f-9d87-40a3-9061-4566008201fd: Failed appendEntries: org.apache.ratis.thirdparty.io.grpc.StatusRuntimeException: UNAVAILABLE: io exception
2019-08-29 08:34:55,570 [grpc-default-executor-0] INFO  impl.FollowerInfo (FollowerInfo.java:lambda$new$0(50)) - bcbb4469-e902-4083-b3d9-1bab9ea4cd29->99586f2f-9d87-40a3-9061-4566008201fd: nextIndex: updateUnconditionally 26 -> 25
2019-08-29 08:34:56,071 [grpc-default-executor-0] WARN  server.GrpcLogAppender (LogUtils.java:warn(134)) - bcbb4469-e902-4083-b3d9-1bab9ea4cd29->99586f2f-9d87-40a3-9061-4566008201fd: Failed appendEntries: org.apache.ratis.thirdparty.io.grpc.StatusRuntimeException: UNAVAILABLE: io exception
2019-08-29 08:34:56,071 [grpc-default-executor-0] INFO  impl.FollowerInfo (FollowerInfo.java:lambda$new$0(50)) - bcbb4469-e902-4083-b3d9-1bab9ea4cd29->99586f2f-9d87-40a3-9061-4566008201fd: nextIndex: updateUnconditionally 25 -> 24
2019-08-29 08:34:56,280 | INFO  | SCMAudit | user=jenkins1000 | ip=192.168.69.89 | op=SEND_HEARTBEAT {datanodeUUID=129685ee-8122-4333-8930-3eeb8cf836af, command=[]} | ret=SUCCESS |  
2019-08-29 08:34:56,401 | INFO  | SCMAudit | user=jenkins1000 | ip=192.168.69.89 | op=SEND_HEARTBEAT {datanodeUUID=4da055f9-cd9d-4c6f-9ab8-147a42717fcf, command=[]} | ret=SUCCESS |  
2019-08-29 08:34:56,401 | INFO  | SCMAudit | user=jenkins1000 | ip=192.168.69.89 | op=SEND_HEARTBEAT {datanodeUUID=f0c18ce4-0e5b-4823-99c8-fd716531bc5f, command=[]} | ret=SUCCESS |  
2019-08-29 08:34:56,489 | INFO  | SCMAudit | user=jenkins1000 | ip=192.168.69.89 | op=SEND_HEARTBEAT {datanodeUUID=e7b9916e-4eca-4156-a086-839e4ffd13a0, command=[]} | ret=SUCCESS |  
2019-08-29 08:34:56,571 [grpc-default-executor-0] WARN  server.GrpcLogAppender (LogUtils.java:warn(134)) - bcbb4469-e902-4083-b3d9-1bab9ea4cd29->99586f2f-9d87-40a3-9061-4566008201fd: Failed appendEntries: org.apache.ratis.thirdparty.io.grpc.StatusRuntimeException: UNAVAILABLE: io exception
2019-08-29 08:34:56,572 [grpc-default-executor-0] INFO  impl.FollowerInfo (FollowerInfo.java:lambda$new$0(50)) - bcbb4469-e902-4083-b3d9-1bab9ea4cd29->99586f2f-9d87-40a3-9061-4566008201fd: nextIndex: updateUnconditionally 24 -> 23
2019-08-29 08:34:56,681 [StateMachineUpdater:02bf3283-c6bf-4588-a57c-baa459038378:group-4C1082AB210C] INFO  ratis.ContainerStateMachine (ContainerStateMachine.java:takeSnapshot(294)) - group-4C1082AB210C: Finished taking a snapshot at:(t:3, i:16) file:/workdir/hadoop-ozone/integration-test/target/test-dir/MiniOzoneClusterImpl-839c4a83-1072-4184-a39a-41aa01fb846d/datanode-3/data/ratis/a6019285-0027-46c6-9b76-4c1082ab210c/sm/snapshot.3_16 time:2102
2019-08-29 08:34:56,681 [129685ee-8122-4333-8930-3eeb8cf836af:group-4F259F9E67CD:LeaderElection40] INFO  impl.LeaderElection (LeaderElection.java:askForVotes(181)) - 129685ee-8122-4333-8930-3eeb8cf836af:group-4F259F9E67CD:LeaderElection40: begin an election at term 15 for 0: [802c6c9d-4843-417e-8983-b6e40533cc1c:192.168.69.89:37103, 129685ee-8122-4333-8930-3eeb8cf836af:192.168.69.89:45580, fe546585-3c52-42ae-8754-1a35dad17d3f:192.168.69.89:45996], old=null
2019-08-29 08:34:56,681 [StateMachineUpdater:02bf3283-c6bf-4588-a57c-baa459038378:group-4C1082AB210C] INFO  impl.StateMachineUpdater (StateMachineUpdater.java:takeSnapshot(242)) - StateMachineUpdater:02bf3283-c6bf-4588-a57c-baa459038378:group-4C1082AB210C: Took a snapshot at index 16
2019-08-29 08:34:56,681 [StateMachineUpdater:02bf3283-c6bf-4588-a57c-baa459038378:group-4C1082AB210C] INFO  impl.StateMachineUpdater (StateMachineUpdater.java:lambda$new$0(80)) - StateMachineUpdater:02bf3283-c6bf-4588-a57c-baa459038378:group-4C1082AB210C: snapshotIndex: updateIncreasingly -1 -> 16
2019-08-29 08:34:56,682 [ForkJoinPool.commonPool-worker-1] INFO  impl.RaftServerImpl (ServerState.java:close(394)) - 02bf3283-c6bf-4588-a57c-baa459038378:group-4C1082AB210C closes. The last applied log index is 17
2019-08-29 08:34:56,682 [129685ee-8122-4333-8930-3eeb8cf836af:group-4F259F9E67CD:LeaderElection40] INFO  impl.LeaderElection (LogUtils.java:infoOrTrace(149)) - 129685ee-8122-4333-8930-3eeb8cf836af:group-4F259F9E67CD:LeaderElection40 got exception when requesting votes: {}
java.util.concurrent.ExecutionException: org.apache.ratis.thirdparty.io.grpc.StatusRuntimeException: UNAVAILABLE: io exception
	at java.util.concurrent.FutureTask.report(FutureTask.java:122)
	at java.util.concurrent.FutureTask.get(FutureTask.java:192)
	at org.apache.ratis.server.impl.LeaderElection.waitForResults(LeaderElection.java:262)
	at org.apache.ratis.server.impl.LeaderElection.askForVotes(LeaderElection.java:200)
	at org.apache.ratis.server.impl.LeaderElection.run(LeaderElection.java:130)
	at java.lang.Thread.run(Thread.java:748)
Caused by: org.apache.ratis.thirdparty.io.grpc.StatusRuntimeException: UNAVAILABLE: io exception
	at org.apache.ratis.thirdparty.io.grpc.stub.ClientCalls.toStatusRuntimeException(ClientCalls.java:233)
	at org.apache.ratis.thirdparty.io.grpc.stub.ClientCalls.getUnchecked(ClientCalls.java:214)
	at org.apache.ratis.thirdparty.io.grpc.stub.ClientCalls.blockingUnaryCall(ClientCalls.java:139)
	at org.apache.ratis.proto.grpc.RaftServerProtocolServiceGrpc$RaftServerProtocolServiceBlockingStub.requestVote(RaftServerProtocolServiceGrpc.java:265)
	at org.apache.ratis.grpc.server.GrpcServerProtocolClient.requestVote(GrpcServerProtocolClient.java:83)
	at org.apache.ratis.grpc.server.GrpcService.requestVote(GrpcService.java:195)
	at org.apache.ratis.server.impl.LeaderElection.lambda$submitRequests$1(LeaderElection.java:237)
	at java.util.concurrent.FutureTask.run(FutureTask.java:266)
	at java.util.concurrent.Executors$RunnableAdapter.call(Executors.java:511)
	at java.util.concurrent.FutureTask.run(FutureTask.java:266)
	at java.util.concurrent.ThreadPoolExecutor.runWorker(ThreadPoolExecutor.java:1149)
	at java.util.concurrent.ThreadPoolExecutor$Worker.run(ThreadPoolExecutor.java:624)
	... 1 more
Caused by: org.apache.ratis.thirdparty.io.netty.channel.AbstractChannel$AnnotatedConnectException: Connection refused: /192.168.69.89:37103
	at sun.nio.ch.SocketChannelImpl.checkConnect(Native Method)
	at sun.nio.ch.SocketChannelImpl.finishConnect(SocketChannelImpl.java:717)
	at org.apache.ratis.thirdparty.io.netty.channel.socket.nio.NioSocketChannel.doFinishConnect(NioSocketChannel.java:327)
	at org.apache.ratis.thirdparty.io.netty.channel.nio.AbstractNioChannel$AbstractNioUnsafe.finishConnect(AbstractNioChannel.java:340)
	at org.apache.ratis.thirdparty.io.netty.channel.nio.NioEventLoop.processSelectedKey(NioEventLoop.java:632)
	at org.apache.ratis.thirdparty.io.netty.channel.nio.NioEventLoop.processSelectedKeysOptimized(NioEventLoop.java:579)
	at org.apache.ratis.thirdparty.io.netty.channel.nio.NioEventLoop.processSelectedKeys(NioEventLoop.java:496)
	at org.apache.ratis.thirdparty.io.netty.channel.nio.NioEventLoop.run(NioEventLoop.java:458)
	at org.apache.ratis.thirdparty.io.netty.util.concurrent.SingleThreadEventExecutor$5.run(SingleThreadEventExecutor.java:897)
	at org.apache.ratis.thirdparty.io.netty.util.concurrent.FastThreadLocalRunnable.run(FastThreadLocalRunnable.java:30)
	... 1 more
Caused by: java.net.ConnectException: Connection refused
	... 11 more
2019-08-29 08:34:56,682 [02bf3283-c6bf-4588-a57c-baa459038378-SegmentedRaftLogWorker:Storage Directory /workdir/hadoop-ozone/integration-test/target/test-dir/MiniOzoneClusterImpl-839c4a83-1072-4184-a39a-41aa01fb846d/datanode-3/data/ratis/a6019285-0027-46c6-9b76-4c1082ab210c] INFO  segmented.SegmentedRaftLogWorker (SegmentedRaftLogWorker.java:run(313)) - 02bf3283-c6bf-4588-a57c-baa459038378-SegmentedRaftLogWorker:Storage Directory /workdir/hadoop-ozone/integration-test/target/test-dir/MiniOzoneClusterImpl-839c4a83-1072-4184-a39a-41aa01fb846d/datanode-3/data/ratis/a6019285-0027-46c6-9b76-4c1082ab210c was interrupted, exiting. There are 0 tasks remaining in the queue.
2019-08-29 08:34:56,684 [129685ee-8122-4333-8930-3eeb8cf836af:group-4F259F9E67CD:LeaderElection40] INFO  impl.LeaderElection (LogUtils.java:infoOrTrace(149)) - 129685ee-8122-4333-8930-3eeb8cf836af:group-4F259F9E67CD:LeaderElection40 got exception when requesting votes: {}
java.util.concurrent.ExecutionException: org.apache.ratis.thirdparty.io.grpc.StatusRuntimeException: UNAVAILABLE: io exception
	at java.util.concurrent.FutureTask.report(FutureTask.java:122)
	at java.util.concurrent.FutureTask.get(FutureTask.java:192)
	at org.apache.ratis.server.impl.LeaderElection.waitForResults(LeaderElection.java:262)
	at org.apache.ratis.server.impl.LeaderElection.askForVotes(LeaderElection.java:200)
	at org.apache.ratis.server.impl.LeaderElection.run(LeaderElection.java:130)
	at java.lang.Thread.run(Thread.java:748)
Caused by: org.apache.ratis.thirdparty.io.grpc.StatusRuntimeException: UNAVAILABLE: io exception
	at org.apache.ratis.thirdparty.io.grpc.stub.ClientCalls.toStatusRuntimeException(ClientCalls.java:233)
	at org.apache.ratis.thirdparty.io.grpc.stub.ClientCalls.getUnchecked(ClientCalls.java:214)
	at org.apache.ratis.thirdparty.io.grpc.stub.ClientCalls.blockingUnaryCall(ClientCalls.java:139)
	at org.apache.ratis.proto.grpc.RaftServerProtocolServiceGrpc$RaftServerProtocolServiceBlockingStub.requestVote(RaftServerProtocolServiceGrpc.java:265)
	at org.apache.ratis.grpc.server.GrpcServerProtocolClient.requestVote(GrpcServerProtocolClient.java:83)
	at org.apache.ratis.grpc.server.GrpcService.requestVote(GrpcService.java:195)
	at org.apache.ratis.server.impl.LeaderElection.lambda$submitRequests$1(LeaderElection.java:237)
	at java.util.concurrent.FutureTask.run(FutureTask.java:266)
	at java.util.concurrent.Executors$RunnableAdapter.call(Executors.java:511)
	at java.util.concurrent.FutureTask.run(FutureTask.java:266)
	at java.util.concurrent.ThreadPoolExecutor.runWorker(ThreadPoolExecutor.java:1149)
	at java.util.concurrent.ThreadPoolExecutor$Worker.run(ThreadPoolExecutor.java:624)
	... 1 more
Caused by: org.apache.ratis.thirdparty.io.netty.channel.AbstractChannel$AnnotatedConnectException: Connection refused: /192.168.69.89:45996
	at sun.nio.ch.SocketChannelImpl.checkConnect(Native Method)
	at sun.nio.ch.SocketChannelImpl.finishConnect(SocketChannelImpl.java:717)
	at org.apache.ratis.thirdparty.io.netty.channel.socket.nio.NioSocketChannel.doFinishConnect(NioSocketChannel.java:327)
	at org.apache.ratis.thirdparty.io.netty.channel.nio.AbstractNioChannel$AbstractNioUnsafe.finishConnect(AbstractNioChannel.java:340)
	at org.apache.ratis.thirdparty.io.netty.channel.nio.NioEventLoop.processSelectedKey(NioEventLoop.java:632)
	at org.apache.ratis.thirdparty.io.netty.channel.nio.NioEventLoop.processSelectedKeysOptimized(NioEventLoop.java:579)
	at org.apache.ratis.thirdparty.io.netty.channel.nio.NioEventLoop.processSelectedKeys(NioEventLoop.java:496)
	at org.apache.ratis.thirdparty.io.netty.channel.nio.NioEventLoop.run(NioEventLoop.java:458)
	at org.apache.ratis.thirdparty.io.netty.util.concurrent.SingleThreadEventExecutor$5.run(SingleThreadEventExecutor.java:897)
	at org.apache.ratis.thirdparty.io.netty.util.concurrent.FastThreadLocalRunnable.run(FastThreadLocalRunnable.java:30)
	... 1 more
Caused by: java.net.ConnectException: Connection refused
	... 11 more
2019-08-29 08:34:56,687 [ForkJoinPool.commonPool-worker-1] INFO  segmented.SegmentedRaftLogWorker (SegmentedRaftLogWorker.java:close(228)) - 02bf3283-c6bf-4588-a57c-baa459038378-SegmentedRaftLogWorker:Storage Directory /workdir/hadoop-ozone/integration-test/target/test-dir/MiniOzoneClusterImpl-839c4a83-1072-4184-a39a-41aa01fb846d/datanode-3/data/ratis/a6019285-0027-46c6-9b76-4c1082ab210c close()
2019-08-29 08:34:56,687 [129685ee-8122-4333-8930-3eeb8cf836af:group-4F259F9E67CD:LeaderElection40] INFO  impl.LeaderElection (LeaderElection.java:logAndReturn(56)) - 129685ee-8122-4333-8930-3eeb8cf836af:group-4F259F9E67CD:LeaderElection40: Election REJECTED; received 0 response(s) [] and 2 exception(s); 129685ee-8122-4333-8930-3eeb8cf836af:t15, leader=null, voted=129685ee-8122-4333-8930-3eeb8cf836af, raftlog=129685ee-8122-4333-8930-3eeb8cf836af-SegmentedRaftLog:OPENED:c16,f16,i16, conf=0: [802c6c9d-4843-417e-8983-b6e40533cc1c:192.168.69.89:37103, 129685ee-8122-4333-8930-3eeb8cf836af:192.168.69.89:45580, fe546585-3c52-42ae-8754-1a35dad17d3f:192.168.69.89:45996], old=null
2019-08-29 08:34:56,689 [129685ee-8122-4333-8930-3eeb8cf836af:group-4F259F9E67CD:LeaderElection40] INFO  impl.LeaderElection (LogUtils.java:infoOrTrace(149)) -   Exception 0: {}
java.util.concurrent.ExecutionException: org.apache.ratis.thirdparty.io.grpc.StatusRuntimeException: UNAVAILABLE: io exception
	at java.util.concurrent.FutureTask.report(FutureTask.java:122)
	at java.util.concurrent.FutureTask.get(FutureTask.java:192)
	at org.apache.ratis.server.impl.LeaderElection.waitForResults(LeaderElection.java:262)
	at org.apache.ratis.server.impl.LeaderElection.askForVotes(LeaderElection.java:200)
	at org.apache.ratis.server.impl.LeaderElection.run(LeaderElection.java:130)
	at java.lang.Thread.run(Thread.java:748)
Caused by: org.apache.ratis.thirdparty.io.grpc.StatusRuntimeException: UNAVAILABLE: io exception
	at org.apache.ratis.thirdparty.io.grpc.stub.ClientCalls.toStatusRuntimeException(ClientCalls.java:233)
	at org.apache.ratis.thirdparty.io.grpc.stub.ClientCalls.getUnchecked(ClientCalls.java:214)
	at org.apache.ratis.thirdparty.io.grpc.stub.ClientCalls.blockingUnaryCall(ClientCalls.java:139)
	at org.apache.ratis.proto.grpc.RaftServerProtocolServiceGrpc$RaftServerProtocolServiceBlockingStub.requestVote(RaftServerProtocolServiceGrpc.java:265)
	at org.apache.ratis.grpc.server.GrpcServerProtocolClient.requestVote(GrpcServerProtocolClient.java:83)
	at org.apache.ratis.grpc.server.GrpcService.requestVote(GrpcService.java:195)
	at org.apache.ratis.server.impl.LeaderElection.lambda$submitRequests$1(LeaderElection.java:237)
	at java.util.concurrent.FutureTask.run(FutureTask.java:266)
	at java.util.concurrent.Executors$RunnableAdapter.call(Executors.java:511)
	at java.util.concurrent.FutureTask.run(FutureTask.java:266)
	at java.util.concurrent.ThreadPoolExecutor.runWorker(ThreadPoolExecutor.java:1149)
	at java.util.concurrent.ThreadPoolExecutor$Worker.run(ThreadPoolExecutor.java:624)
	... 1 more
Caused by: org.apache.ratis.thirdparty.io.netty.channel.AbstractChannel$AnnotatedConnectException: Connection refused: /192.168.69.89:37103
	at sun.nio.ch.SocketChannelImpl.checkConnect(Native Method)
	at sun.nio.ch.SocketChannelImpl.finishConnect(SocketChannelImpl.java:717)
	at org.apache.ratis.thirdparty.io.netty.channel.socket.nio.NioSocketChannel.doFinishConnect(NioSocketChannel.java:327)
	at org.apache.ratis.thirdparty.io.netty.channel.nio.AbstractNioChannel$AbstractNioUnsafe.finishConnect(AbstractNioChannel.java:340)
	at org.apache.ratis.thirdparty.io.netty.channel.nio.NioEventLoop.processSelectedKey(NioEventLoop.java:632)
	at org.apache.ratis.thirdparty.io.netty.channel.nio.NioEventLoop.processSelectedKeysOptimized(NioEventLoop.java:579)
	at org.apache.ratis.thirdparty.io.netty.channel.nio.NioEventLoop.processSelectedKeys(NioEventLoop.java:496)
	at org.apache.ratis.thirdparty.io.netty.channel.nio.NioEventLoop.run(NioEventLoop.java:458)
	at org.apache.ratis.thirdparty.io.netty.util.concurrent.SingleThreadEventExecutor$5.run(SingleThreadEventExecutor.java:897)
	at org.apache.ratis.thirdparty.io.netty.util.concurrent.FastThreadLocalRunnable.run(FastThreadLocalRunnable.java:30)
	... 1 more
Caused by: java.net.ConnectException: Connection refused
	... 11 more
2019-08-29 08:34:56,689 [129685ee-8122-4333-8930-3eeb8cf836af:group-4F259F9E67CD:LeaderElection40] INFO  impl.LeaderElection (LogUtils.java:infoOrTrace(149)) -   Exception 1: {}
java.util.concurrent.ExecutionException: org.apache.ratis.thirdparty.io.grpc.StatusRuntimeException: UNAVAILABLE: io exception
	at java.util.concurrent.FutureTask.report(FutureTask.java:122)
	at java.util.concurrent.FutureTask.get(FutureTask.java:192)
	at org.apache.ratis.server.impl.LeaderElection.waitForResults(LeaderElection.java:262)
	at org.apache.ratis.server.impl.LeaderElection.askForVotes(LeaderElection.java:200)
	at org.apache.ratis.server.impl.LeaderElection.run(LeaderElection.java:130)
	at java.lang.Thread.run(Thread.java:748)
Caused by: org.apache.ratis.thirdparty.io.grpc.StatusRuntimeException: UNAVAILABLE: io exception
	at org.apache.ratis.thirdparty.io.grpc.stub.ClientCalls.toStatusRuntimeException(ClientCalls.java:233)
	at org.apache.ratis.thirdparty.io.grpc.stub.ClientCalls.getUnchecked(ClientCalls.java:214)
	at org.apache.ratis.thirdparty.io.grpc.stub.ClientCalls.blockingUnaryCall(ClientCalls.java:139)
	at org.apache.ratis.proto.grpc.RaftServerProtocolServiceGrpc$RaftServerProtocolServiceBlockingStub.requestVote(RaftServerProtocolServiceGrpc.java:265)
	at org.apache.ratis.grpc.server.GrpcServerProtocolClient.requestVote(GrpcServerProtocolClient.java:83)
	at org.apache.ratis.grpc.server.GrpcService.requestVote(GrpcService.java:195)
	at org.apache.ratis.server.impl.LeaderElection.lambda$submitRequests$1(LeaderElection.java:237)
	at java.util.concurrent.FutureTask.run(FutureTask.java:266)
	at java.util.concurrent.Executors$RunnableAdapter.call(Executors.java:511)
	at java.util.concurrent.FutureTask.run(FutureTask.java:266)
	at java.util.concurrent.ThreadPoolExecutor.runWorker(ThreadPoolExecutor.java:1149)
	at java.util.concurrent.ThreadPoolExecutor$Worker.run(ThreadPoolExecutor.java:624)
	... 1 more
Caused by: org.apache.ratis.thirdparty.io.netty.channel.AbstractChannel$AnnotatedConnectException: Connection refused: /192.168.69.89:45996
	at sun.nio.ch.SocketChannelImpl.checkConnect(Native Method)
	at sun.nio.ch.SocketChannelImpl.finishConnect(SocketChannelImpl.java:717)
	at org.apache.ratis.thirdparty.io.netty.channel.socket.nio.NioSocketChannel.doFinishConnect(NioSocketChannel.java:327)
	at org.apache.ratis.thirdparty.io.netty.channel.nio.AbstractNioChannel$AbstractNioUnsafe.finishConnect(AbstractNioChannel.java:340)
	at org.apache.ratis.thirdparty.io.netty.channel.nio.NioEventLoop.processSelectedKey(NioEventLoop.java:632)
	at org.apache.ratis.thirdparty.io.netty.channel.nio.NioEventLoop.processSelectedKeysOptimized(NioEventLoop.java:579)
	at org.apache.ratis.thirdparty.io.netty.channel.nio.NioEventLoop.processSelectedKeys(NioEventLoop.java:496)
	at org.apache.ratis.thirdparty.io.netty.channel.nio.NioEventLoop.run(NioEventLoop.java:458)
	at org.apache.ratis.thirdparty.io.netty.util.concurrent.SingleThreadEventExecutor$5.run(SingleThreadEventExecutor.java:897)
	at org.apache.ratis.thirdparty.io.netty.util.concurrent.FastThreadLocalRunnable.run(FastThreadLocalRunnable.java:30)
	... 1 more
Caused by: java.net.ConnectException: Connection refused
	... 11 more
2019-08-29 08:34:56,689 [ForkJoinPool.commonPool-worker-1] INFO  impl.RaftServerImpl (RaftServerImpl.java:lambda$shutdown$3(245)) - 02bf3283-c6bf-4588-a57c-baa459038378: shutdown group-F1A9B08BDC53
2019-08-29 08:34:56,689 [129685ee-8122-4333-8930-3eeb8cf836af:group-4F259F9E67CD:LeaderElection40] INFO  impl.RaftServerImpl (RaftServerImpl.java:setRole(171)) - 129685ee-8122-4333-8930-3eeb8cf836af:group-4F259F9E67CD changes role from CANDIDATE to FOLLOWER at term 15 for DISCOVERED_A_NEW_TERM
2019-08-29 08:34:56,689 [129685ee-8122-4333-8930-3eeb8cf836af:group-4F259F9E67CD:LeaderElection40] INFO  impl.RoleInfo (RoleInfo.java:shutdownLeaderElection(134)) - 129685ee-8122-4333-8930-3eeb8cf836af: shutdown LeaderElection
2019-08-29 08:34:56,689 [ForkJoinPool.commonPool-worker-1] INFO  util.JmxRegister (JmxRegister.java:unregister(73)) - Successfully un-registered JMX Bean with object name Ratis:service=RaftServer,group=group-F1A9B08BDC53,id=02bf3283-c6bf-4588-a57c-baa459038378
2019-08-29 08:34:56,689 [129685ee-8122-4333-8930-3eeb8cf836af:group-4F259F9E67CD:LeaderElection40] INFO  impl.RoleInfo (RoleInfo.java:updateAndGet(143)) - 129685ee-8122-4333-8930-3eeb8cf836af: start FollowerState
2019-08-29 08:34:56,690 [ForkJoinPool.commonPool-worker-1] INFO  impl.RoleInfo (RoleInfo.java:shutdownLeaderState(104)) - 02bf3283-c6bf-4588-a57c-baa459038378: shutdown LeaderState
2019-08-29 08:34:56,690 [ForkJoinPool.commonPool-worker-1] INFO  impl.PendingRequests (PendingRequests.java:sendNotLeaderResponses(202)) - 02bf3283-c6bf-4588-a57c-baa459038378-PendingRequests: sendNotLeaderResponses
2019-08-29 08:34:56,691 [ForkJoinPool.commonPool-worker-1] INFO  impl.StateMachineUpdater (StateMachineUpdater.java:stopAndJoin(115)) - StateMachineUpdater:02bf3283-c6bf-4588-a57c-baa459038378:group-F1A9B08BDC53: set stopIndex = 0
2019-08-29 08:34:56,691 [ForkJoinPool.commonPool-worker-1] INFO  impl.RaftServerImpl (ServerState.java:close(394)) - 02bf3283-c6bf-4588-a57c-baa459038378:group-F1A9B08BDC53 closes. The last applied log index is 0
2019-08-29 08:34:56,691 [02bf3283-c6bf-4588-a57c-baa459038378-SegmentedRaftLogWorker:Storage Directory /workdir/hadoop-ozone/integration-test/target/test-dir/MiniOzoneClusterImpl-839c4a83-1072-4184-a39a-41aa01fb846d/datanode-3/data/ratis/0c32431e-c655-43c5-8604-f1a9b08bdc53] INFO  segmented.SegmentedRaftLogWorker (SegmentedRaftLogWorker.java:run(313)) - 02bf3283-c6bf-4588-a57c-baa459038378-SegmentedRaftLogWorker:Storage Directory /workdir/hadoop-ozone/integration-test/target/test-dir/MiniOzoneClusterImpl-839c4a83-1072-4184-a39a-41aa01fb846d/datanode-3/data/ratis/0c32431e-c655-43c5-8604-f1a9b08bdc53 was interrupted, exiting. There are 0 tasks remaining in the queue.
2019-08-29 08:34:56,691 [ForkJoinPool.commonPool-worker-1] INFO  segmented.SegmentedRaftLogWorker (SegmentedRaftLogWorker.java:close(228)) - 02bf3283-c6bf-4588-a57c-baa459038378-SegmentedRaftLogWorker:Storage Directory /workdir/hadoop-ozone/integration-test/target/test-dir/MiniOzoneClusterImpl-839c4a83-1072-4184-a39a-41aa01fb846d/datanode-3/data/ratis/0c32431e-c655-43c5-8604-f1a9b08bdc53 close()
2019-08-29 08:34:56,693 [ForkJoinPool.commonPool-worker-1] INFO  server.GrpcService (GrpcService.java:closeImpl(155)) - 02bf3283-c6bf-4588-a57c-baa459038378: shutdown server with port 46486 now
2019-08-29 08:34:56,694 [ForkJoinPool.commonPool-worker-1] INFO  server.GrpcService (GrpcService.java:closeImpl(163)) - 02bf3283-c6bf-4588-a57c-baa459038378: shutdown server with port 46486 successfully
2019-08-29 08:34:56,695 [ForkJoinPool.commonPool-worker-1] INFO  utils.BackgroundService (BackgroundService.java:shutdown(148)) - Shutting down service BlockDeletingService
2019-08-29 08:34:56,696 [refreshUsed-/workdir/hadoop-ozone/integration-test/target/test-dir/MiniOzoneClusterImpl-839c4a83-1072-4184-a39a-41aa01fb846d/datanode-3/data/containers] WARN  fs.CachingGetSpaceUsed (CachingGetSpaceUsed.java:run(183)) - Thread Interrupted waiting to refresh disk information: sleep interrupted
2019-08-29 08:34:56,712 [ForkJoinPool.commonPool-worker-1] INFO  statemachine.DatanodeStateMachine (DatanodeStateMachine.java:stopDaemon(395)) - Ozone container server stopped.
2019-08-29 08:34:56,719 [ForkJoinPool.commonPool-worker-1] INFO  handler.ContextHandler (ContextHandler.java:doStop(910)) - Stopped o.e.j.w.WebAppContext@26da1ba2{/,null,UNAVAILABLE}{/hddsDatanode}
2019-08-29 08:34:56,719 [ForkJoinPool.commonPool-worker-1] INFO  server.AbstractConnector (AbstractConnector.java:doStop(318)) - Stopped ServerConnector@3820cfe{HTTP/1.1,[http/1.1]}{0.0.0.0:0}
2019-08-29 08:34:56,721 [ForkJoinPool.commonPool-worker-1] INFO  handler.ContextHandler (ContextHandler.java:doStop(910)) - Stopped o.e.j.s.ServletContextHandler@7d59e968{/static,jar:file:/home/user/.m2/repository/org/apache/hadoop/hadoop-hdds-container-service/0.5.0-SNAPSHOT/hadoop-hdds-container-service-0.5.0-SNAPSHOT.jar!/webapps/static,UNAVAILABLE}
2019-08-29 08:34:56,723 [ForkJoinPool.commonPool-worker-1] INFO  handler.ContextHandler (ContextHandler.java:doStop(910)) - Stopped o.e.j.s.ServletContextHandler@5a2ae1ab{/logs,file:///workdir/hadoop-ozone/integration-test/target/log,UNAVAILABLE}
2019-08-29 08:34:56,724 [ForkJoinPool.commonPool-worker-1] INFO  datanode.ObjectStoreHandler (ObjectStoreHandler.java:close(155)) - Closing ObjectStoreHandler.
2019-08-29 08:34:56,724 [ForkJoinPool.commonPool-worker-1] INFO  ozone.HddsDatanodeService (HddsDatanodeService.java:stop(451)) - Stopped plug-in org.apache.hadoop.ozone.web.OzoneHddsDatanodeService@798cb6d9
2019-08-29 08:34:56,946 [Thread-900] INFO  impl.FollowerState (FollowerState.java:run(106)) - 4da055f9-cd9d-4c6f-9ab8-147a42717fcf:group-4C1082AB210C changes to CANDIDATE, lastRpcTime:1694, electionTimeout:1176ms
2019-08-29 08:34:56,946 [Thread-900] INFO  impl.RoleInfo (RoleInfo.java:shutdownFollowerState(121)) - 4da055f9-cd9d-4c6f-9ab8-147a42717fcf: shutdown FollowerState
2019-08-29 08:34:56,946 [Thread-900] INFO  impl.RaftServerImpl (RaftServerImpl.java:setRole(171)) - 4da055f9-cd9d-4c6f-9ab8-147a42717fcf:group-4C1082AB210C changes role from FOLLOWER to CANDIDATE at term 3 for changeToCandidate
2019-08-29 08:34:56,946 [Thread-900] INFO  impl.RoleInfo (RoleInfo.java:updateAndGet(143)) - 4da055f9-cd9d-4c6f-9ab8-147a42717fcf: start LeaderElection
2019-08-29 08:34:56,949 [4da055f9-cd9d-4c6f-9ab8-147a42717fcf:group-4C1082AB210C:LeaderElection41] INFO  impl.RaftServerImpl (ServerState.java:setLeader(263)) - 4da055f9-cd9d-4c6f-9ab8-147a42717fcf:group-4C1082AB210C change Leader from 02bf3283-c6bf-4588-a57c-baa459038378 to null at term 3 for initElection
2019-08-29 08:34:57,072 [grpc-default-executor-0] WARN  server.GrpcLogAppender (LogUtils.java:warn(134)) - bcbb4469-e902-4083-b3d9-1bab9ea4cd29->99586f2f-9d87-40a3-9061-4566008201fd: Failed appendEntries: org.apache.ratis.thirdparty.io.grpc.StatusRuntimeException: UNAVAILABLE: io exception
2019-08-29 08:34:57,073 [grpc-default-executor-0] INFO  impl.FollowerInfo (FollowerInfo.java:lambda$new$0(50)) - bcbb4469-e902-4083-b3d9-1bab9ea4cd29->99586f2f-9d87-40a3-9061-4566008201fd: nextIndex: updateUnconditionally 23 -> 22
2019-08-29 08:34:57,281 | INFO  | SCMAudit | user=jenkins1000 | ip=192.168.69.89 | op=SEND_HEARTBEAT {datanodeUUID=129685ee-8122-4333-8930-3eeb8cf836af, command=[]} | ret=SUCCESS |  
2019-08-29 08:34:57,356 [Thread-899] INFO  impl.FollowerState (FollowerState.java:run(106)) - f0c18ce4-0e5b-4823-99c8-fd716531bc5f:group-4C1082AB210C changes to CANDIDATE, lastRpcTime:2104, electionTimeout:1141ms
2019-08-29 08:34:57,356 [Thread-899] INFO  impl.RoleInfo (RoleInfo.java:shutdownFollowerState(121)) - f0c18ce4-0e5b-4823-99c8-fd716531bc5f: shutdown FollowerState
2019-08-29 08:34:57,356 [Thread-899] INFO  impl.RaftServerImpl (RaftServerImpl.java:setRole(171)) - f0c18ce4-0e5b-4823-99c8-fd716531bc5f:group-4C1082AB210C changes role from FOLLOWER to CANDIDATE at term 3 for changeToCandidate
2019-08-29 08:34:57,356 [Thread-899] INFO  impl.RoleInfo (RoleInfo.java:updateAndGet(143)) - f0c18ce4-0e5b-4823-99c8-fd716531bc5f: start LeaderElection
2019-08-29 08:34:57,362 [f0c18ce4-0e5b-4823-99c8-fd716531bc5f:group-4C1082AB210C:LeaderElection42] INFO  impl.RaftServerImpl (ServerState.java:setLeader(263)) - f0c18ce4-0e5b-4823-99c8-fd716531bc5f:group-4C1082AB210C change Leader from 02bf3283-c6bf-4588-a57c-baa459038378 to null at term 3 for initElection
2019-08-29 08:34:57,401 [Datanode State Machine Thread - 0] INFO  statemachine.DatanodeStateMachine (DatanodeStateMachine.java:lambda$startDaemon$0(350)) - Ozone container server started.
2019-08-29 08:34:57,401 | INFO  | SCMAudit | user=jenkins1000 | ip=192.168.69.89 | op=SEND_HEARTBEAT {datanodeUUID=f0c18ce4-0e5b-4823-99c8-fd716531bc5f, command=[]} | ret=SUCCESS |  
2019-08-29 08:34:57,489 | INFO  | SCMAudit | user=jenkins1000 | ip=192.168.69.89 | op=SEND_HEARTBEAT {datanodeUUID=e7b9916e-4eca-4156-a086-839e4ffd13a0, command=[]} | ret=SUCCESS |  
2019-08-29 08:34:57,573 [grpc-default-executor-3] WARN  server.GrpcLogAppender (LogUtils.java:warn(134)) - bcbb4469-e902-4083-b3d9-1bab9ea4cd29->99586f2f-9d87-40a3-9061-4566008201fd: Failed appendEntries: org.apache.ratis.thirdparty.io.grpc.StatusRuntimeException: UNAVAILABLE: io exception
2019-08-29 08:34:57,574 [grpc-default-executor-3] INFO  impl.FollowerInfo (FollowerInfo.java:lambda$new$0(50)) - bcbb4469-e902-4083-b3d9-1bab9ea4cd29->99586f2f-9d87-40a3-9061-4566008201fd: nextIndex: updateUnconditionally 22 -> 21
2019-08-29 08:34:57,749 [Thread-1501] INFO  impl.FollowerState (FollowerState.java:run(106)) - 129685ee-8122-4333-8930-3eeb8cf836af:group-4F259F9E67CD changes to CANDIDATE, lastRpcTime:1059, electionTimeout:1059ms
2019-08-29 08:34:57,749 [Thread-1501] INFO  impl.RoleInfo (RoleInfo.java:shutdownFollowerState(121)) - 129685ee-8122-4333-8930-3eeb8cf836af: shutdown FollowerState
2019-08-29 08:34:57,750 [Thread-1501] INFO  impl.RaftServerImpl (RaftServerImpl.java:setRole(171)) - 129685ee-8122-4333-8930-3eeb8cf836af:group-4F259F9E67CD changes role from FOLLOWER to CANDIDATE at term 15 for changeToCandidate
2019-08-29 08:34:57,750 [Thread-1501] INFO  impl.RoleInfo (RoleInfo.java:updateAndGet(143)) - 129685ee-8122-4333-8930-3eeb8cf836af: start LeaderElection
2019-08-29 08:34:58,065 [main] INFO  ozoneimpl.OzoneContainer (OzoneContainer.java:stop(199)) - Attempting to stop container services.
2019-08-29 08:34:58,066 [main] INFO  impl.RaftServerProxy (RaftServerProxy.java:lambda$close$4(314)) - bcbb4469-e902-4083-b3d9-1bab9ea4cd29: close
2019-08-29 08:34:58,066 [main] INFO  impl.RaftServerImpl (RaftServerImpl.java:lambda$shutdown$3(245)) - bcbb4469-e902-4083-b3d9-1bab9ea4cd29: shutdown group-DCD4534FD442
2019-08-29 08:34:58,066 [main] INFO  util.JmxRegister (JmxRegister.java:unregister(73)) - Successfully un-registered JMX Bean with object name Ratis:service=RaftServer,group=group-DCD4534FD442,id=bcbb4469-e902-4083-b3d9-1bab9ea4cd29
2019-08-29 08:34:58,067 [main] INFO  impl.RoleInfo (RoleInfo.java:shutdownLeaderState(104)) - bcbb4469-e902-4083-b3d9-1bab9ea4cd29: shutdown LeaderState
2019-08-29 08:34:58,067 [main] INFO  impl.PendingRequests (PendingRequests.java:sendNotLeaderResponses(202)) - bcbb4469-e902-4083-b3d9-1bab9ea4cd29-PendingRequests: sendNotLeaderResponses
2019-08-29 08:34:58,068 [main] INFO  impl.StateMachineUpdater (StateMachineUpdater.java:stopAndJoin(115)) - StateMachineUpdater:bcbb4469-e902-4083-b3d9-1bab9ea4cd29:group-DCD4534FD442: set stopIndex = 0
2019-08-29 08:34:58,068 [main] INFO  impl.RaftServerImpl (ServerState.java:close(394)) - bcbb4469-e902-4083-b3d9-1bab9ea4cd29:group-DCD4534FD442 closes. The last applied log index is 0
2019-08-29 08:34:58,069 [bcbb4469-e902-4083-b3d9-1bab9ea4cd29-SegmentedRaftLogWorker:Storage Directory /workdir/hadoop-ozone/integration-test/target/test-dir/MiniOzoneClusterImpl-839c4a83-1072-4184-a39a-41aa01fb846d/datanode-6/data/ratis/5f82f049-73e5-447d-8ebe-dcd4534fd442] INFO  segmented.SegmentedRaftLogWorker (SegmentedRaftLogWorker.java:run(313)) - bcbb4469-e902-4083-b3d9-1bab9ea4cd29-SegmentedRaftLogWorker:Storage Directory /workdir/hadoop-ozone/integration-test/target/test-dir/MiniOzoneClusterImpl-839c4a83-1072-4184-a39a-41aa01fb846d/datanode-6/data/ratis/5f82f049-73e5-447d-8ebe-dcd4534fd442 was interrupted, exiting. There are 0 tasks remaining in the queue.
2019-08-29 08:34:58,069 [main] INFO  segmented.SegmentedRaftLogWorker (SegmentedRaftLogWorker.java:close(228)) - bcbb4469-e902-4083-b3d9-1bab9ea4cd29-SegmentedRaftLogWorker:Storage Directory /workdir/hadoop-ozone/integration-test/target/test-dir/MiniOzoneClusterImpl-839c4a83-1072-4184-a39a-41aa01fb846d/datanode-6/data/ratis/5f82f049-73e5-447d-8ebe-dcd4534fd442 close()
2019-08-29 08:34:58,072 [main] INFO  impl.RaftServerImpl (RaftServerImpl.java:lambda$shutdown$3(245)) - bcbb4469-e902-4083-b3d9-1bab9ea4cd29: shutdown group-F65937874E2C
2019-08-29 08:34:58,072 [main] INFO  util.JmxRegister (JmxRegister.java:unregister(73)) - Successfully un-registered JMX Bean with object name Ratis:service=RaftServer,group=group-F65937874E2C,id=bcbb4469-e902-4083-b3d9-1bab9ea4cd29
2019-08-29 08:34:58,073 [main] INFO  impl.RoleInfo (RoleInfo.java:shutdownLeaderState(104)) - bcbb4469-e902-4083-b3d9-1bab9ea4cd29: shutdown LeaderState
2019-08-29 08:34:58,077 [main] INFO  impl.PendingRequests (PendingRequests.java:sendNotLeaderResponses(202)) - bcbb4469-e902-4083-b3d9-1bab9ea4cd29-PendingRequests: sendNotLeaderResponses
2019-08-29 08:34:58,077 [org.apache.ratis.server.impl.LogAppender$AppenderDaemon$$Lambda$517/355638001@340372db] WARN  server.GrpcLogAppender (GrpcLogAppender.java:mayWait(143)) - GrpcLogAppender(bcbb4469-e902-4083-b3d9-1bab9ea4cd29->e7b9916e-4eca-4156-a086-839e4ffd13a0): Wait interrupted by java.lang.InterruptedException
2019-08-29 08:34:58,077 [org.apache.ratis.server.impl.LogAppender$AppenderDaemon$$Lambda$517/355638001@7101e29f] WARN  server.GrpcLogAppender (GrpcLogAppender.java:mayWait(143)) - GrpcLogAppender(bcbb4469-e902-4083-b3d9-1bab9ea4cd29->99586f2f-9d87-40a3-9061-4566008201fd): Wait interrupted by java.lang.InterruptedException
2019-08-29 08:34:58,081 [StateMachineUpdater:bcbb4469-e902-4083-b3d9-1bab9ea4cd29:group-F65937874E2C] INFO  ratis.ContainerStateMachine (ContainerStateMachine.java:takeSnapshot(283)) - group-F65937874E2C: Taking a snapshot at:(t:2, i:30) file /workdir/hadoop-ozone/integration-test/target/test-dir/MiniOzoneClusterImpl-839c4a83-1072-4184-a39a-41aa01fb846d/datanode-6/data/ratis/79f04424-d886-402f-8436-f65937874e2c/sm/snapshot.2_30
2019-08-29 08:34:58,081 [main] INFO  impl.StateMachineUpdater (StateMachineUpdater.java:stopAndJoin(115)) - StateMachineUpdater:bcbb4469-e902-4083-b3d9-1bab9ea4cd29:group-F65937874E2C: set stopIndex = 31
2019-08-29 08:34:58,078 [grpc-default-executor-1] INFO  server.GrpcLogAppender (GrpcLogAppender.java:onError(281)) - GrpcLogAppender(bcbb4469-e902-4083-b3d9-1bab9ea4cd29->99586f2f-9d87-40a3-9061-4566008201fd) is stopped
2019-08-29 08:34:58,081 [grpc-default-executor-3] INFO  server.GrpcServerProtocolService (GrpcServerProtocolService.java:onCompleted(104)) - e7b9916e-4eca-4156-a086-839e4ffd13a0: appendEntries completed
2019-08-29 08:34:58,082 [grpc-default-executor-3] INFO  server.GrpcLogAppender (GrpcLogAppender.java:onCompleted(292)) - bcbb4469-e902-4083-b3d9-1bab9ea4cd29->e7b9916e-4eca-4156-a086-839e4ffd13a0: follower responses appendEntries COMPLETED
2019-08-29 08:34:58,083 [grpc-default-executor-3] INFO  impl.FollowerInfo (FollowerInfo.java:lambda$new$0(50)) - bcbb4469-e902-4083-b3d9-1bab9ea4cd29->e7b9916e-4eca-4156-a086-839e4ffd13a0: nextIndex: updateUnconditionally 32 -> 31
2019-08-29 08:34:58,280 | INFO  | SCMAudit | user=jenkins1000 | ip=192.168.69.89 | op=SEND_HEARTBEAT {datanodeUUID=129685ee-8122-4333-8930-3eeb8cf836af, command=[]} | ret=SUCCESS |  
2019-08-29 08:34:58,403 | INFO  | SCMAudit | user=jenkins1000 | ip=192.168.69.89 | op=SEND_HEARTBEAT {datanodeUUID=f0c18ce4-0e5b-4823-99c8-fd716531bc5f, command=[]} | ret=SUCCESS |  
2019-08-29 08:34:58,490 | INFO  | SCMAudit | user=jenkins1000 | ip=192.168.69.89 | op=SEND_HEARTBEAT {datanodeUUID=e7b9916e-4eca-4156-a086-839e4ffd13a0, command=[]} | ret=SUCCESS |  
2019-08-29 08:34:59,280 | INFO  | SCMAudit | user=jenkins1000 | ip=192.168.69.89 | op=SEND_HEARTBEAT {datanodeUUID=129685ee-8122-4333-8930-3eeb8cf836af, command=[]} | ret=SUCCESS |  
2019-08-29 08:34:59,403 | INFO  | SCMAudit | user=jenkins1000 | ip=192.168.69.89 | op=SEND_HEARTBEAT {datanodeUUID=f0c18ce4-0e5b-4823-99c8-fd716531bc5f, command=[]} | ret=SUCCESS |  
2019-08-29 08:34:59,490 | INFO  | SCMAudit | user=jenkins1000 | ip=192.168.69.89 | op=SEND_HEARTBEAT {datanodeUUID=e7b9916e-4eca-4156-a086-839e4ffd13a0, command=[]} | ret=SUCCESS |  
2019-08-29 08:34:59,629 [Thread-487] INFO  impl.FollowerState (FollowerState.java:run(106)) - e7b9916e-4eca-4156-a086-839e4ffd13a0:group-F65937874E2C changes to CANDIDATE, lastRpcTime:2029, electionTimeout:1015ms
2019-08-29 08:34:59,629 [Thread-487] INFO  impl.RoleInfo (RoleInfo.java:shutdownFollowerState(121)) - e7b9916e-4eca-4156-a086-839e4ffd13a0: shutdown FollowerState
2019-08-29 08:34:59,629 [Thread-487] INFO  impl.RaftServerImpl (RaftServerImpl.java:setRole(171)) - e7b9916e-4eca-4156-a086-839e4ffd13a0:group-F65937874E2C changes role from FOLLOWER to CANDIDATE at term 2 for changeToCandidate
2019-08-29 08:34:59,629 [Thread-487] INFO  impl.RoleInfo (RoleInfo.java:updateAndGet(143)) - e7b9916e-4eca-4156-a086-839e4ffd13a0: start LeaderElection
2019-08-29 08:34:59,632 [e7b9916e-4eca-4156-a086-839e4ffd13a0:group-F65937874E2C:LeaderElection44] INFO  impl.RaftServerImpl (ServerState.java:setLeader(263)) - e7b9916e-4eca-4156-a086-839e4ffd13a0:group-F65937874E2C change Leader from bcbb4469-e902-4083-b3d9-1bab9ea4cd29 to null at term 2 for initElection
2019-08-29 08:35:00,280 | INFO  | SCMAudit | user=jenkins1000 | ip=192.168.69.89 | op=SEND_HEARTBEAT {datanodeUUID=129685ee-8122-4333-8930-3eeb8cf836af, command=[]} | ret=SUCCESS |  
2019-08-29 08:35:00,403 | INFO  | SCMAudit | user=jenkins1000 | ip=192.168.69.89 | op=SEND_HEARTBEAT {datanodeUUID=f0c18ce4-0e5b-4823-99c8-fd716531bc5f, command=[]} | ret=SUCCESS |  
2019-08-29 08:35:00,490 | INFO  | SCMAudit | user=jenkins1000 | ip=192.168.69.89 | op=SEND_HEARTBEAT {datanodeUUID=e7b9916e-4eca-4156-a086-839e4ffd13a0, command=[]} | ret=SUCCESS |  
2019-08-29 08:35:00,696 [StateMachineUpdater:bcbb4469-e902-4083-b3d9-1bab9ea4cd29:group-F65937874E2C] INFO  ratis.ContainerStateMachine (ContainerStateMachine.java:takeSnapshot(294)) - group-F65937874E2C: Finished taking a snapshot at:(t:2, i:30) file:/workdir/hadoop-ozone/integration-test/target/test-dir/MiniOzoneClusterImpl-839c4a83-1072-4184-a39a-41aa01fb846d/datanode-6/data/ratis/79f04424-d886-402f-8436-f65937874e2c/sm/snapshot.2_30 time:2615
2019-08-29 08:35:00,696 [StateMachineUpdater:bcbb4469-e902-4083-b3d9-1bab9ea4cd29:group-F65937874E2C] INFO  impl.StateMachineUpdater (StateMachineUpdater.java:takeSnapshot(242)) - StateMachineUpdater:bcbb4469-e902-4083-b3d9-1bab9ea4cd29:group-F65937874E2C: Took a snapshot at index 30
2019-08-29 08:35:00,696 [StateMachineUpdater:bcbb4469-e902-4083-b3d9-1bab9ea4cd29:group-F65937874E2C] INFO  impl.StateMachineUpdater (StateMachineUpdater.java:lambda$new$0(80)) - StateMachineUpdater:bcbb4469-e902-4083-b3d9-1bab9ea4cd29:group-F65937874E2C: snapshotIndex: updateIncreasingly -1 -> 30
2019-08-29 08:35:00,697 [main] INFO  impl.RaftServerImpl (ServerState.java:close(394)) - bcbb4469-e902-4083-b3d9-1bab9ea4cd29:group-F65937874E2C closes. The last applied log index is 31
2019-08-29 08:35:00,698 [bcbb4469-e902-4083-b3d9-1bab9ea4cd29-SegmentedRaftLogWorker:Storage Directory /workdir/hadoop-ozone/integration-test/target/test-dir/MiniOzoneClusterImpl-839c4a83-1072-4184-a39a-41aa01fb846d/datanode-6/data/ratis/79f04424-d886-402f-8436-f65937874e2c] INFO  segmented.SegmentedRaftLogWorker (SegmentedRaftLogWorker.java:run(313)) - bcbb4469-e902-4083-b3d9-1bab9ea4cd29-SegmentedRaftLogWorker:Storage Directory /workdir/hadoop-ozone/integration-test/target/test-dir/MiniOzoneClusterImpl-839c4a83-1072-4184-a39a-41aa01fb846d/datanode-6/data/ratis/79f04424-d886-402f-8436-f65937874e2c was interrupted, exiting. There are 0 tasks remaining in the queue.
2019-08-29 08:35:01,073 [java.util.concurrent.ThreadPoolExecutor$Worker@765ccaac[State = -1, empty queue]] WARN  server.GrpcLogAppender (GrpcLogAppender.java:timeoutAppendRequest(200)) - GrpcLogAppender(bcbb4469-e902-4083-b3d9-1bab9ea4cd29->99586f2f-9d87-40a3-9061-4566008201fd): appendEntries Timeout, request=bcbb4469-e902-4083-b3d9-1bab9ea4cd29->99586f2f-9d87-40a3-9061-4566008201fd#175-t2, previous=(t:2, i:20), leaderCommit=31, initializing? false, entries: <empty>
2019-08-29 08:35:01,281 | INFO  | SCMAudit | user=jenkins1000 | ip=192.168.69.89 | op=SEND_HEARTBEAT {datanodeUUID=129685ee-8122-4333-8930-3eeb8cf836af, command=[]} | ret=SUCCESS |  
2019-08-29 08:35:01,403 | INFO  | SCMAudit | user=jenkins1000 | ip=192.168.69.89 | op=SEND_HEARTBEAT {datanodeUUID=f0c18ce4-0e5b-4823-99c8-fd716531bc5f, command=[]} | ret=SUCCESS |  
2019-08-29 08:35:01,490 | INFO  | SCMAudit | user=jenkins1000 | ip=192.168.69.89 | op=SEND_HEARTBEAT {datanodeUUID=e7b9916e-4eca-4156-a086-839e4ffd13a0, command=[]} | ret=SUCCESS |  
2019-08-29 08:35:01,725 [ForkJoinPool.commonPool-worker-1] INFO  ozoneimpl.OzoneContainer (OzoneContainer.java:stop(199)) - Attempting to stop container services.
2019-08-29 08:35:01,725 [ForkJoinPool.commonPool-worker-1] INFO  impl.RaftServerProxy (RaftServerProxy.java:lambda$close$4(314)) - 4da055f9-cd9d-4c6f-9ab8-147a42717fcf: close
2019-08-29 08:35:01,725 [ForkJoinPool.commonPool-worker-1] INFO  impl.RaftServerImpl (RaftServerImpl.java:lambda$shutdown$3(245)) - 4da055f9-cd9d-4c6f-9ab8-147a42717fcf: shutdown group-4C1082AB210C
2019-08-29 08:35:01,726 [ForkJoinPool.commonPool-worker-1] INFO  util.JmxRegister (JmxRegister.java:unregister(73)) - Successfully un-registered JMX Bean with object name Ratis:service=RaftServer,group=group-4C1082AB210C,id=4da055f9-cd9d-4c6f-9ab8-147a42717fcf
2019-08-29 08:35:01,726 [ForkJoinPool.commonPool-worker-1] INFO  impl.RoleInfo (RoleInfo.java:shutdownLeaderElection(134)) - 4da055f9-cd9d-4c6f-9ab8-147a42717fcf: shutdown LeaderElection
2019-08-29 08:35:01,726 [ForkJoinPool.commonPool-worker-1] INFO  impl.StateMachineUpdater (StateMachineUpdater.java:stopAndJoin(115)) - StateMachineUpdater:4da055f9-cd9d-4c6f-9ab8-147a42717fcf:group-4C1082AB210C: set stopIndex = 17
2019-08-29 08:35:01,726 [StateMachineUpdater:4da055f9-cd9d-4c6f-9ab8-147a42717fcf:group-4C1082AB210C] INFO  ratis.ContainerStateMachine (ContainerStateMachine.java:takeSnapshot(283)) - group-4C1082AB210C: Taking a snapshot at:(t:3, i:16) file /workdir/hadoop-ozone/integration-test/target/test-dir/MiniOzoneClusterImpl-839c4a83-1072-4184-a39a-41aa01fb846d/datanode-0/data/ratis/a6019285-0027-46c6-9b76-4c1082ab210c/sm/snapshot.3_16
2019-08-29 08:35:02,280 | INFO  | SCMAudit | user=jenkins1000 | ip=192.168.69.89 | op=SEND_HEARTBEAT {datanodeUUID=129685ee-8122-4333-8930-3eeb8cf836af, command=[]} | ret=SUCCESS |  
2019-08-29 08:35:02,403 | INFO  | SCMAudit | user=jenkins1000 | ip=192.168.69.89 | op=SEND_HEARTBEAT {datanodeUUID=f0c18ce4-0e5b-4823-99c8-fd716531bc5f, command=[]} | ret=SUCCESS |  
2019-08-29 08:35:02,491 | INFO  | SCMAudit | user=jenkins1000 | ip=192.168.69.89 | op=SEND_HEARTBEAT {datanodeUUID=e7b9916e-4eca-4156-a086-839e4ffd13a0, command=[]} | ret=SUCCESS |  
2019-08-29 08:35:02,523 [4da055f9-cd9d-4c6f-9ab8-147a42717fcf:group-4C1082AB210C:LeaderElection41] INFO  impl.LeaderElection (LeaderElection.java:askForVotes(181)) - 4da055f9-cd9d-4c6f-9ab8-147a42717fcf:group-4C1082AB210C:LeaderElection41: begin an election at term 4 for 12: [4da055f9-cd9d-4c6f-9ab8-147a42717fcf:192.168.69.89:41539, 02bf3283-c6bf-4588-a57c-baa459038378:192.168.69.89:46486, f0c18ce4-0e5b-4823-99c8-fd716531bc5f:192.168.69.89:36167], old=null
2019-08-29 08:35:02,523 [main] INFO  segmented.SegmentedRaftLogWorker (SegmentedRaftLogWorker.java:close(228)) - bcbb4469-e902-4083-b3d9-1bab9ea4cd29-SegmentedRaftLogWorker:Storage Directory /workdir/hadoop-ozone/integration-test/target/test-dir/MiniOzoneClusterImpl-839c4a83-1072-4184-a39a-41aa01fb846d/datanode-6/data/ratis/79f04424-d886-402f-8436-f65937874e2c close()
2019-08-29 08:35:02,523 [f0c18ce4-0e5b-4823-99c8-fd716531bc5f:group-4C1082AB210C:LeaderElection42] INFO  impl.LeaderElection (LeaderElection.java:askForVotes(181)) - f0c18ce4-0e5b-4823-99c8-fd716531bc5f:group-4C1082AB210C:LeaderElection42: begin an election at term 4 for 12: [4da055f9-cd9d-4c6f-9ab8-147a42717fcf:192.168.69.89:41539, 02bf3283-c6bf-4588-a57c-baa459038378:192.168.69.89:46486, f0c18ce4-0e5b-4823-99c8-fd716531bc5f:192.168.69.89:36167], old=null
2019-08-29 08:35:02,523 [129685ee-8122-4333-8930-3eeb8cf836af:group-4F259F9E67CD:LeaderElection43] INFO  impl.LeaderElection (LeaderElection.java:askForVotes(181)) - 129685ee-8122-4333-8930-3eeb8cf836af:group-4F259F9E67CD:LeaderElection43: begin an election at term 16 for 0: [802c6c9d-4843-417e-8983-b6e40533cc1c:192.168.69.89:37103, 129685ee-8122-4333-8930-3eeb8cf836af:192.168.69.89:45580, fe546585-3c52-42ae-8754-1a35dad17d3f:192.168.69.89:45996], old=null
2019-08-29 08:35:02,526 [main] INFO  server.GrpcService (GrpcService.java:closeImpl(155)) - bcbb4469-e902-4083-b3d9-1bab9ea4cd29: shutdown server with port 42960 now
2019-08-29 08:35:02,523 [4da055f9-cd9d-4c6f-9ab8-147a42717fcf:group-4C1082AB210C:LeaderElection41] INFO  impl.LeaderElection (LeaderElection.java:logAndReturn(56)) - 4da055f9-cd9d-4c6f-9ab8-147a42717fcf:group-4C1082AB210C:LeaderElection41: Election REJECTED; received 0 response(s) [] and 0 exception(s); 4da055f9-cd9d-4c6f-9ab8-147a42717fcf:t4, leader=null, voted=4da055f9-cd9d-4c6f-9ab8-147a42717fcf, raftlog=4da055f9-cd9d-4c6f-9ab8-147a42717fcf-SegmentedRaftLog:OPENED:c17,f18,i18, conf=12: [4da055f9-cd9d-4c6f-9ab8-147a42717fcf:192.168.69.89:41539, 02bf3283-c6bf-4588-a57c-baa459038378:192.168.69.89:46486, f0c18ce4-0e5b-4823-99c8-fd716531bc5f:192.168.69.89:36167], old=null
2019-08-29 08:35:02,528 [129685ee-8122-4333-8930-3eeb8cf836af:group-4F259F9E67CD:LeaderElection43] INFO  impl.LeaderElection (LogUtils.java:infoOrTrace(149)) - 129685ee-8122-4333-8930-3eeb8cf836af:group-4F259F9E67CD:LeaderElection43 got exception when requesting votes: {}
java.util.concurrent.ExecutionException: org.apache.ratis.thirdparty.io.grpc.StatusRuntimeException: UNAVAILABLE: io exception
	at java.util.concurrent.FutureTask.report(FutureTask.java:122)
	at java.util.concurrent.FutureTask.get(FutureTask.java:192)
	at org.apache.ratis.server.impl.LeaderElection.waitForResults(LeaderElection.java:262)
	at org.apache.ratis.server.impl.LeaderElection.askForVotes(LeaderElection.java:200)
	at org.apache.ratis.server.impl.LeaderElection.run(LeaderElection.java:130)
	at java.lang.Thread.run(Thread.java:748)
Caused by: org.apache.ratis.thirdparty.io.grpc.StatusRuntimeException: UNAVAILABLE: io exception
	at org.apache.ratis.thirdparty.io.grpc.stub.ClientCalls.toStatusRuntimeException(ClientCalls.java:233)
	at org.apache.ratis.thirdparty.io.grpc.stub.ClientCalls.getUnchecked(ClientCalls.java:214)
	at org.apache.ratis.thirdparty.io.grpc.stub.ClientCalls.blockingUnaryCall(ClientCalls.java:139)
	at org.apache.ratis.proto.grpc.RaftServerProtocolServiceGrpc$RaftServerProtocolServiceBlockingStub.requestVote(RaftServerProtocolServiceGrpc.java:265)
	at org.apache.ratis.grpc.server.GrpcServerProtocolClient.requestVote(GrpcServerProtocolClient.java:83)
	at org.apache.ratis.grpc.server.GrpcService.requestVote(GrpcService.java:195)
	at org.apache.ratis.server.impl.LeaderElection.lambda$submitRequests$1(LeaderElection.java:237)
	at java.util.concurrent.FutureTask.run(FutureTask.java:266)
	at java.util.concurrent.Executors$RunnableAdapter.call(Executors.java:511)
	at java.util.concurrent.FutureTask.run(FutureTask.java:266)
	at java.util.concurrent.ThreadPoolExecutor.runWorker(ThreadPoolExecutor.java:1149)
	at java.util.concurrent.ThreadPoolExecutor$Worker.run(ThreadPoolExecutor.java:624)
	... 1 more
Caused by: org.apache.ratis.thirdparty.io.netty.channel.AbstractChannel$AnnotatedConnectException: Connection refused: /192.168.69.89:37103
	at sun.nio.ch.SocketChannelImpl.checkConnect(Native Method)
	at sun.nio.ch.SocketChannelImpl.finishConnect(SocketChannelImpl.java:717)
	at org.apache.ratis.thirdparty.io.netty.channel.socket.nio.NioSocketChannel.doFinishConnect(NioSocketChannel.java:327)
	at org.apache.ratis.thirdparty.io.netty.channel.nio.AbstractNioChannel$AbstractNioUnsafe.finishConnect(AbstractNioChannel.java:340)
	at org.apache.ratis.thirdparty.io.netty.channel.nio.NioEventLoop.processSelectedKey(NioEventLoop.java:632)
	at org.apache.ratis.thirdparty.io.netty.channel.nio.NioEventLoop.processSelectedKeysOptimized(NioEventLoop.java:579)
	at org.apache.ratis.thirdparty.io.netty.channel.nio.NioEventLoop.processSelectedKeys(NioEventLoop.java:496)
	at org.apache.ratis.thirdparty.io.netty.channel.nio.NioEventLoop.run(NioEventLoop.java:458)
	at org.apache.ratis.thirdparty.io.netty.util.concurrent.SingleThreadEventExecutor$5.run(SingleThreadEventExecutor.java:897)
	at org.apache.ratis.thirdparty.io.netty.util.concurrent.FastThreadLocalRunnable.run(FastThreadLocalRunnable.java:30)
	... 1 more
Caused by: java.net.ConnectException: Connection refused
	... 11 more
2019-08-29 08:35:02,528 [main] INFO  server.GrpcService (GrpcService.java:closeImpl(163)) - bcbb4469-e902-4083-b3d9-1bab9ea4cd29: shutdown server with port 42960 successfully
2019-08-29 08:35:02,531 [129685ee-8122-4333-8930-3eeb8cf836af:group-4F259F9E67CD:LeaderElection43] INFO  impl.LeaderElection (LogUtils.java:infoOrTrace(149)) - 129685ee-8122-4333-8930-3eeb8cf836af:group-4F259F9E67CD:LeaderElection43 got exception when requesting votes: {}
java.util.concurrent.ExecutionException: org.apache.ratis.thirdparty.io.grpc.StatusRuntimeException: UNAVAILABLE: io exception
	at java.util.concurrent.FutureTask.report(FutureTask.java:122)
	at java.util.concurrent.FutureTask.get(FutureTask.java:192)
	at org.apache.ratis.server.impl.LeaderElection.waitForResults(LeaderElection.java:262)
	at org.apache.ratis.server.impl.LeaderElection.askForVotes(LeaderElection.java:200)
	at org.apache.ratis.server.impl.LeaderElection.run(LeaderElection.java:130)
	at java.lang.Thread.run(Thread.java:748)
Caused by: org.apache.ratis.thirdparty.io.grpc.StatusRuntimeException: UNAVAILABLE: io exception
	at org.apache.ratis.thirdparty.io.grpc.stub.ClientCalls.toStatusRuntimeException(ClientCalls.java:233)
	at org.apache.ratis.thirdparty.io.grpc.stub.ClientCalls.getUnchecked(ClientCalls.java:214)
	at org.apache.ratis.thirdparty.io.grpc.stub.ClientCalls.blockingUnaryCall(ClientCalls.java:139)
	at org.apache.ratis.proto.grpc.RaftServerProtocolServiceGrpc$RaftServerProtocolServiceBlockingStub.requestVote(RaftServerProtocolServiceGrpc.java:265)
	at org.apache.ratis.grpc.server.GrpcServerProtocolClient.requestVote(GrpcServerProtocolClient.java:83)
	at org.apache.ratis.grpc.server.GrpcService.requestVote(GrpcService.java:195)
	at org.apache.ratis.server.impl.LeaderElection.lambda$submitRequests$1(LeaderElection.java:237)
	at java.util.concurrent.FutureTask.run(FutureTask.java:266)
	at java.util.concurrent.Executors$RunnableAdapter.call(Executors.java:511)
	at java.util.concurrent.FutureTask.run(FutureTask.java:266)
	at java.util.concurrent.ThreadPoolExecutor.runWorker(ThreadPoolExecutor.java:1149)
	at java.util.concurrent.ThreadPoolExecutor$Worker.run(ThreadPoolExecutor.java:624)
	... 1 more
Caused by: org.apache.ratis.thirdparty.io.netty.channel.AbstractChannel$AnnotatedConnectException: Connection refused: /192.168.69.89:45996
	at sun.nio.ch.SocketChannelImpl.checkConnect(Native Method)
	at sun.nio.ch.SocketChannelImpl.finishConnect(SocketChannelImpl.java:717)
	at org.apache.ratis.thirdparty.io.netty.channel.socket.nio.NioSocketChannel.doFinishConnect(NioSocketChannel.java:327)
	at org.apache.ratis.thirdparty.io.netty.channel.nio.AbstractNioChannel$AbstractNioUnsafe.finishConnect(AbstractNioChannel.java:340)
	at org.apache.ratis.thirdparty.io.netty.channel.nio.NioEventLoop.processSelectedKey(NioEventLoop.java:632)
	at org.apache.ratis.thirdparty.io.netty.channel.nio.NioEventLoop.processSelectedKeysOptimized(NioEventLoop.java:579)
	at org.apache.ratis.thirdparty.io.netty.channel.nio.NioEventLoop.processSelectedKeys(NioEventLoop.java:496)
	at org.apache.ratis.thirdparty.io.netty.channel.nio.NioEventLoop.run(NioEventLoop.java:458)
	at org.apache.ratis.thirdparty.io.netty.util.concurrent.SingleThreadEventExecutor$5.run(SingleThreadEventExecutor.java:897)
	at org.apache.ratis.thirdparty.io.netty.util.concurrent.FastThreadLocalRunnable.run(FastThreadLocalRunnable.java:30)
	... 1 more
Caused by: java.net.ConnectException: Connection refused
	... 11 more
2019-08-29 08:35:02,533 [129685ee-8122-4333-8930-3eeb8cf836af:group-4F259F9E67CD:LeaderElection43] INFO  impl.LeaderElection (LeaderElection.java:logAndReturn(56)) - 129685ee-8122-4333-8930-3eeb8cf836af:group-4F259F9E67CD:LeaderElection43: Election REJECTED; received 0 response(s) [] and 2 exception(s); 129685ee-8122-4333-8930-3eeb8cf836af:t16, leader=null, voted=129685ee-8122-4333-8930-3eeb8cf836af, raftlog=129685ee-8122-4333-8930-3eeb8cf836af-SegmentedRaftLog:OPENED:c16,f16,i16, conf=0: [802c6c9d-4843-417e-8983-b6e40533cc1c:192.168.69.89:37103, 129685ee-8122-4333-8930-3eeb8cf836af:192.168.69.89:45580, fe546585-3c52-42ae-8754-1a35dad17d3f:192.168.69.89:45996], old=null
2019-08-29 08:35:02,533 [129685ee-8122-4333-8930-3eeb8cf836af:group-4F259F9E67CD:LeaderElection43] INFO  impl.LeaderElection (LogUtils.java:infoOrTrace(149)) -   Exception 0: {}
java.util.concurrent.ExecutionException: org.apache.ratis.thirdparty.io.grpc.StatusRuntimeException: UNAVAILABLE: io exception
	at java.util.concurrent.FutureTask.report(FutureTask.java:122)
	at java.util.concurrent.FutureTask.get(FutureTask.java:192)
	at org.apache.ratis.server.impl.LeaderElection.waitForResults(LeaderElection.java:262)
	at org.apache.ratis.server.impl.LeaderElection.askForVotes(LeaderElection.java:200)
	at org.apache.ratis.server.impl.LeaderElection.run(LeaderElection.java:130)
	at java.lang.Thread.run(Thread.java:748)
Caused by: org.apache.ratis.thirdparty.io.grpc.StatusRuntimeException: UNAVAILABLE: io exception
	at org.apache.ratis.thirdparty.io.grpc.stub.ClientCalls.toStatusRuntimeException(ClientCalls.java:233)
	at org.apache.ratis.thirdparty.io.grpc.stub.ClientCalls.getUnchecked(ClientCalls.java:214)
	at org.apache.ratis.thirdparty.io.grpc.stub.ClientCalls.blockingUnaryCall(ClientCalls.java:139)
	at org.apache.ratis.proto.grpc.RaftServerProtocolServiceGrpc$RaftServerProtocolServiceBlockingStub.requestVote(RaftServerProtocolServiceGrpc.java:265)
	at org.apache.ratis.grpc.server.GrpcServerProtocolClient.requestVote(GrpcServerProtocolClient.java:83)
	at org.apache.ratis.grpc.server.GrpcService.requestVote(GrpcService.java:195)
	at org.apache.ratis.server.impl.LeaderElection.lambda$submitRequests$1(LeaderElection.java:237)
	at java.util.concurrent.FutureTask.run(FutureTask.java:266)
	at java.util.concurrent.Executors$RunnableAdapter.call(Executors.java:511)
	at java.util.concurrent.FutureTask.run(FutureTask.java:266)
	at java.util.concurrent.ThreadPoolExecutor.runWorker(ThreadPoolExecutor.java:1149)
	at java.util.concurrent.ThreadPoolExecutor$Worker.run(ThreadPoolExecutor.java:624)
	... 1 more
Caused by: org.apache.ratis.thirdparty.io.netty.channel.AbstractChannel$AnnotatedConnectException: Connection refused: /192.168.69.89:37103
	at sun.nio.ch.SocketChannelImpl.checkConnect(Native Method)
	at sun.nio.ch.SocketChannelImpl.finishConnect(SocketChannelImpl.java:717)
	at org.apache.ratis.thirdparty.io.netty.channel.socket.nio.NioSocketChannel.doFinishConnect(NioSocketChannel.java:327)
	at org.apache.ratis.thirdparty.io.netty.channel.nio.AbstractNioChannel$AbstractNioUnsafe.finishConnect(AbstractNioChannel.java:340)
	at org.apache.ratis.thirdparty.io.netty.channel.nio.NioEventLoop.processSelectedKey(NioEventLoop.java:632)
	at org.apache.ratis.thirdparty.io.netty.channel.nio.NioEventLoop.processSelectedKeysOptimized(NioEventLoop.java:579)
	at org.apache.ratis.thirdparty.io.netty.channel.nio.NioEventLoop.processSelectedKeys(NioEventLoop.java:496)
	at org.apache.ratis.thirdparty.io.netty.channel.nio.NioEventLoop.run(NioEventLoop.java:458)
	at org.apache.ratis.thirdparty.io.netty.util.concurrent.SingleThreadEventExecutor$5.run(SingleThreadEventExecutor.java:897)
	at org.apache.ratis.thirdparty.io.netty.util.concurrent.FastThreadLocalRunnable.run(FastThreadLocalRunnable.java:30)
	... 1 more
Caused by: java.net.ConnectException: Connection refused
	... 11 more
2019-08-29 08:35:02,534 [129685ee-8122-4333-8930-3eeb8cf836af:group-4F259F9E67CD:LeaderElection43] INFO  impl.LeaderElection (LogUtils.java:infoOrTrace(149)) -   Exception 1: {}
java.util.concurrent.ExecutionException: org.apache.ratis.thirdparty.io.grpc.StatusRuntimeException: UNAVAILABLE: io exception
	at java.util.concurrent.FutureTask.report(FutureTask.java:122)
	at java.util.concurrent.FutureTask.get(FutureTask.java:192)
	at org.apache.ratis.server.impl.LeaderElection.waitForResults(LeaderElection.java:262)
	at org.apache.ratis.server.impl.LeaderElection.askForVotes(LeaderElection.java:200)
	at org.apache.ratis.server.impl.LeaderElection.run(LeaderElection.java:130)
	at java.lang.Thread.run(Thread.java:748)
Caused by: org.apache.ratis.thirdparty.io.grpc.StatusRuntimeException: UNAVAILABLE: io exception
	at org.apache.ratis.thirdparty.io.grpc.stub.ClientCalls.toStatusRuntimeException(ClientCalls.java:233)
	at org.apache.ratis.thirdparty.io.grpc.stub.ClientCalls.getUnchecked(ClientCalls.java:214)
	at org.apache.ratis.thirdparty.io.grpc.stub.ClientCalls.blockingUnaryCall(ClientCalls.java:139)
	at org.apache.ratis.proto.grpc.RaftServerProtocolServiceGrpc$RaftServerProtocolServiceBlockingStub.requestVote(RaftServerProtocolServiceGrpc.java:265)
	at org.apache.ratis.grpc.server.GrpcServerProtocolClient.requestVote(GrpcServerProtocolClient.java:83)
	at org.apache.ratis.grpc.server.GrpcService.requestVote(GrpcService.java:195)
	at org.apache.ratis.server.impl.LeaderElection.lambda$submitRequests$1(LeaderElection.java:237)
	at java.util.concurrent.FutureTask.run(FutureTask.java:266)
	at java.util.concurrent.Executors$RunnableAdapter.call(Executors.java:511)
	at java.util.concurrent.FutureTask.run(FutureTask.java:266)
	at java.util.concurrent.ThreadPoolExecutor.runWorker(ThreadPoolExecutor.java:1149)
	at java.util.concurrent.ThreadPoolExecutor$Worker.run(ThreadPoolExecutor.java:624)
	... 1 more
Caused by: org.apache.ratis.thirdparty.io.netty.channel.AbstractChannel$AnnotatedConnectException: Connection refused: /192.168.69.89:45996
	at sun.nio.ch.SocketChannelImpl.checkConnect(Native Method)
	at sun.nio.ch.SocketChannelImpl.finishConnect(SocketChannelImpl.java:717)
	at org.apache.ratis.thirdparty.io.netty.channel.socket.nio.NioSocketChannel.doFinishConnect(NioSocketChannel.java:327)
	at org.apache.ratis.thirdparty.io.netty.channel.nio.AbstractNioChannel$AbstractNioUnsafe.finishConnect(AbstractNioChannel.java:340)
	at org.apache.ratis.thirdparty.io.netty.channel.nio.NioEventLoop.processSelectedKey(NioEventLoop.java:632)
	at org.apache.ratis.thirdparty.io.netty.channel.nio.NioEventLoop.processSelectedKeysOptimized(NioEventLoop.java:579)
	at org.apache.ratis.thirdparty.io.netty.channel.nio.NioEventLoop.processSelectedKeys(NioEventLoop.java:496)
	at org.apache.ratis.thirdparty.io.netty.channel.nio.NioEventLoop.run(NioEventLoop.java:458)
	at org.apache.ratis.thirdparty.io.netty.util.concurrent.SingleThreadEventExecutor$5.run(SingleThreadEventExecutor.java:897)
	at org.apache.ratis.thirdparty.io.netty.util.concurrent.FastThreadLocalRunnable.run(FastThreadLocalRunnable.java:30)
	... 1 more
Caused by: java.net.ConnectException: Connection refused
	... 11 more
2019-08-29 08:35:02,534 [129685ee-8122-4333-8930-3eeb8cf836af:group-4F259F9E67CD:LeaderElection43] INFO  impl.RaftServerImpl (RaftServerImpl.java:setRole(171)) - 129685ee-8122-4333-8930-3eeb8cf836af:group-4F259F9E67CD changes role from CANDIDATE to FOLLOWER at term 16 for DISCOVERED_A_NEW_TERM
2019-08-29 08:35:02,534 [f0c18ce4-0e5b-4823-99c8-fd716531bc5f:group-4C1082AB210C:LeaderElection42] INFO  impl.LeaderElection (LogUtils.java:infoOrTrace(149)) - f0c18ce4-0e5b-4823-99c8-fd716531bc5f:group-4C1082AB210C:LeaderElection42 got exception when requesting votes: {}
java.util.concurrent.ExecutionException: org.apache.ratis.thirdparty.io.grpc.StatusRuntimeException: UNAVAILABLE: io exception
	at java.util.concurrent.FutureTask.report(FutureTask.java:122)
	at java.util.concurrent.FutureTask.get(FutureTask.java:192)
	at org.apache.ratis.server.impl.LeaderElection.waitForResults(LeaderElection.java:262)
	at org.apache.ratis.server.impl.LeaderElection.askForVotes(LeaderElection.java:200)
	at org.apache.ratis.server.impl.LeaderElection.run(LeaderElection.java:130)
	at java.lang.Thread.run(Thread.java:748)
Caused by: org.apache.ratis.thirdparty.io.grpc.StatusRuntimeException: UNAVAILABLE: io exception
	at org.apache.ratis.thirdparty.io.grpc.stub.ClientCalls.toStatusRuntimeException(ClientCalls.java:233)
	at org.apache.ratis.thirdparty.io.grpc.stub.ClientCalls.getUnchecked(ClientCalls.java:214)
	at org.apache.ratis.thirdparty.io.grpc.stub.ClientCalls.blockingUnaryCall(ClientCalls.java:139)
	at org.apache.ratis.proto.grpc.RaftServerProtocolServiceGrpc$RaftServerProtocolServiceBlockingStub.requestVote(RaftServerProtocolServiceGrpc.java:265)
	at org.apache.ratis.grpc.server.GrpcServerProtocolClient.requestVote(GrpcServerProtocolClient.java:83)
	at org.apache.ratis.grpc.server.GrpcService.requestVote(GrpcService.java:195)
	at org.apache.ratis.server.impl.LeaderElection.lambda$submitRequests$1(LeaderElection.java:237)
	at java.util.concurrent.FutureTask.run(FutureTask.java:266)
	at java.util.concurrent.Executors$RunnableAdapter.call(Executors.java:511)
	at java.util.concurrent.FutureTask.run(FutureTask.java:266)
	at java.util.concurrent.ThreadPoolExecutor.runWorker(ThreadPoolExecutor.java:1149)
	at java.util.concurrent.ThreadPoolExecutor$Worker.run(ThreadPoolExecutor.java:624)
	... 1 more
Caused by: org.apache.ratis.thirdparty.io.netty.channel.AbstractChannel$AnnotatedConnectException: Connection refused: /192.168.69.89:46486
	at sun.nio.ch.SocketChannelImpl.checkConnect(Native Method)
	at sun.nio.ch.SocketChannelImpl.finishConnect(SocketChannelImpl.java:717)
	at org.apache.ratis.thirdparty.io.netty.channel.socket.nio.NioSocketChannel.doFinishConnect(NioSocketChannel.java:327)
	at org.apache.ratis.thirdparty.io.netty.channel.nio.AbstractNioChannel$AbstractNioUnsafe.finishConnect(AbstractNioChannel.java:340)
	at org.apache.ratis.thirdparty.io.netty.channel.nio.NioEventLoop.processSelectedKey(NioEventLoop.java:632)
	at org.apache.ratis.thirdparty.io.netty.channel.nio.NioEventLoop.processSelectedKeysOptimized(NioEventLoop.java:579)
	at org.apache.ratis.thirdparty.io.netty.channel.nio.NioEventLoop.processSelectedKeys(NioEventLoop.java:496)
	at org.apache.ratis.thirdparty.io.netty.channel.nio.NioEventLoop.run(NioEventLoop.java:458)
	at org.apache.ratis.thirdparty.io.netty.util.concurrent.SingleThreadEventExecutor$5.run(SingleThreadEventExecutor.java:897)
	at org.apache.ratis.thirdparty.io.netty.util.concurrent.FastThreadLocalRunnable.run(FastThreadLocalRunnable.java:30)
	... 1 more
Caused by: java.net.ConnectException: Connection refused
	... 11 more
2019-08-29 08:35:02,534 [grpc-default-executor-3] WARN  server.GrpcServerProtocolService (LogUtils.java:warn(134)) - 4da055f9-cd9d-4c6f-9ab8-147a42717fcf: Failed requestVote f0c18ce4-0e5b-4823-99c8-fd716531bc5f->4da055f9-cd9d-4c6f-9ab8-147a42717fcf#0: org.apache.ratis.protocol.ServerNotReadyException: Server 4da055f9-cd9d-4c6f-9ab8-147a42717fcf is not [RUNNING]: current state is CLOSING
2019-08-29 08:35:02,534 [129685ee-8122-4333-8930-3eeb8cf836af:group-4F259F9E67CD:LeaderElection43] INFO  impl.RoleInfo (RoleInfo.java:shutdownLeaderElection(134)) - 129685ee-8122-4333-8930-3eeb8cf836af: shutdown LeaderElection
2019-08-29 08:35:02,537 [129685ee-8122-4333-8930-3eeb8cf836af:group-4F259F9E67CD:LeaderElection43] INFO  impl.RoleInfo (RoleInfo.java:updateAndGet(143)) - 129685ee-8122-4333-8930-3eeb8cf836af: start FollowerState
2019-08-29 08:35:02,538 [main] INFO  utils.BackgroundService (BackgroundService.java:shutdown(148)) - Shutting down service BlockDeletingService
2019-08-29 08:35:02,540 [refreshUsed-/workdir/hadoop-ozone/integration-test/target/test-dir/MiniOzoneClusterImpl-839c4a83-1072-4184-a39a-41aa01fb846d/datanode-6/data/containers] WARN  fs.CachingGetSpaceUsed (CachingGetSpaceUsed.java:run(183)) - Thread Interrupted waiting to refresh disk information: sleep interrupted
2019-08-29 08:35:02,540 [f0c18ce4-0e5b-4823-99c8-fd716531bc5f:group-4C1082AB210C:LeaderElection42] INFO  impl.LeaderElection (LogUtils.java:infoOrTrace(149)) - f0c18ce4-0e5b-4823-99c8-fd716531bc5f:group-4C1082AB210C:LeaderElection42 got exception when requesting votes: {}
java.util.concurrent.ExecutionException: org.apache.ratis.thirdparty.io.grpc.StatusRuntimeException: INTERNAL: Server 4da055f9-cd9d-4c6f-9ab8-147a42717fcf is not [RUNNING]: current state is CLOSING
	at java.util.concurrent.FutureTask.report(FutureTask.java:122)
	at java.util.concurrent.FutureTask.get(FutureTask.java:192)
	at org.apache.ratis.server.impl.LeaderElection.waitForResults(LeaderElection.java:262)
	at org.apache.ratis.server.impl.LeaderElection.askForVotes(LeaderElection.java:200)
	at org.apache.ratis.server.impl.LeaderElection.run(LeaderElection.java:130)
	at java.lang.Thread.run(Thread.java:748)
Caused by: org.apache.ratis.thirdparty.io.grpc.StatusRuntimeException: INTERNAL: Server 4da055f9-cd9d-4c6f-9ab8-147a42717fcf is not [RUNNING]: current state is CLOSING
	at org.apache.ratis.thirdparty.io.grpc.stub.ClientCalls.toStatusRuntimeException(ClientCalls.java:233)
	at org.apache.ratis.thirdparty.io.grpc.stub.ClientCalls.getUnchecked(ClientCalls.java:214)
	at org.apache.ratis.thirdparty.io.grpc.stub.ClientCalls.blockingUnaryCall(ClientCalls.java:139)
	at org.apache.ratis.proto.grpc.RaftServerProtocolServiceGrpc$RaftServerProtocolServiceBlockingStub.requestVote(RaftServerProtocolServiceGrpc.java:265)
	at org.apache.ratis.grpc.server.GrpcServerProtocolClient.requestVote(GrpcServerProtocolClient.java:83)
	at org.apache.ratis.grpc.server.GrpcService.requestVote(GrpcService.java:195)
	at org.apache.ratis.server.impl.LeaderElection.lambda$submitRequests$1(LeaderElection.java:237)
	at java.util.concurrent.FutureTask.run(FutureTask.java:266)
	at java.util.concurrent.Executors$RunnableAdapter.call(Executors.java:511)
	at java.util.concurrent.FutureTask.run(FutureTask.java:266)
	at java.util.concurrent.ThreadPoolExecutor.runWorker(ThreadPoolExecutor.java:1149)
	at java.util.concurrent.ThreadPoolExecutor$Worker.run(ThreadPoolExecutor.java:624)
	... 1 more
2019-08-29 08:35:02,543 [f0c18ce4-0e5b-4823-99c8-fd716531bc5f:group-4C1082AB210C:LeaderElection42] INFO  impl.LeaderElection (LeaderElection.java:logAndReturn(56)) - f0c18ce4-0e5b-4823-99c8-fd716531bc5f:group-4C1082AB210C:LeaderElection42: Election REJECTED; received 0 response(s) [] and 2 exception(s); f0c18ce4-0e5b-4823-99c8-fd716531bc5f:t4, leader=null, voted=f0c18ce4-0e5b-4823-99c8-fd716531bc5f, raftlog=f0c18ce4-0e5b-4823-99c8-fd716531bc5f-SegmentedRaftLog:OPENED:c17,f18,i18, conf=12: [4da055f9-cd9d-4c6f-9ab8-147a42717fcf:192.168.69.89:41539, 02bf3283-c6bf-4588-a57c-baa459038378:192.168.69.89:46486, f0c18ce4-0e5b-4823-99c8-fd716531bc5f:192.168.69.89:36167], old=null
2019-08-29 08:35:02,543 [f0c18ce4-0e5b-4823-99c8-fd716531bc5f:group-4C1082AB210C:LeaderElection42] INFO  impl.LeaderElection (LogUtils.java:infoOrTrace(149)) -   Exception 0: {}
java.util.concurrent.ExecutionException: org.apache.ratis.thirdparty.io.grpc.StatusRuntimeException: UNAVAILABLE: io exception
	at java.util.concurrent.FutureTask.report(FutureTask.java:122)
	at java.util.concurrent.FutureTask.get(FutureTask.java:192)
	at org.apache.ratis.server.impl.LeaderElection.waitForResults(LeaderElection.java:262)
	at org.apache.ratis.server.impl.LeaderElection.askForVotes(LeaderElection.java:200)
	at org.apache.ratis.server.impl.LeaderElection.run(LeaderElection.java:130)
	at java.lang.Thread.run(Thread.java:748)
Caused by: org.apache.ratis.thirdparty.io.grpc.StatusRuntimeException: UNAVAILABLE: io exception
	at org.apache.ratis.thirdparty.io.grpc.stub.ClientCalls.toStatusRuntimeException(ClientCalls.java:233)
	at org.apache.ratis.thirdparty.io.grpc.stub.ClientCalls.getUnchecked(ClientCalls.java:214)
	at org.apache.ratis.thirdparty.io.grpc.stub.ClientCalls.blockingUnaryCall(ClientCalls.java:139)
	at org.apache.ratis.proto.grpc.RaftServerProtocolServiceGrpc$RaftServerProtocolServiceBlockingStub.requestVote(RaftServerProtocolServiceGrpc.java:265)
	at org.apache.ratis.grpc.server.GrpcServerProtocolClient.requestVote(GrpcServerProtocolClient.java:83)
	at org.apache.ratis.grpc.server.GrpcService.requestVote(GrpcService.java:195)
	at org.apache.ratis.server.impl.LeaderElection.lambda$submitRequests$1(LeaderElection.java:237)
	at java.util.concurrent.FutureTask.run(FutureTask.java:266)
	at java.util.concurrent.Executors$RunnableAdapter.call(Executors.java:511)
	at java.util.concurrent.FutureTask.run(FutureTask.java:266)
	at java.util.concurrent.ThreadPoolExecutor.runWorker(ThreadPoolExecutor.java:1149)
	at java.util.concurrent.ThreadPoolExecutor$Worker.run(ThreadPoolExecutor.java:624)
	... 1 more
Caused by: org.apache.ratis.thirdparty.io.netty.channel.AbstractChannel$AnnotatedConnectException: Connection refused: /192.168.69.89:46486
	at sun.nio.ch.SocketChannelImpl.checkConnect(Native Method)
	at sun.nio.ch.SocketChannelImpl.finishConnect(SocketChannelImpl.java:717)
	at org.apache.ratis.thirdparty.io.netty.channel.socket.nio.NioSocketChannel.doFinishConnect(NioSocketChannel.java:327)
	at org.apache.ratis.thirdparty.io.netty.channel.nio.AbstractNioChannel$AbstractNioUnsafe.finishConnect(AbstractNioChannel.java:340)
	at org.apache.ratis.thirdparty.io.netty.channel.nio.NioEventLoop.processSelectedKey(NioEventLoop.java:632)
	at org.apache.ratis.thirdparty.io.netty.channel.nio.NioEventLoop.processSelectedKeysOptimized(NioEventLoop.java:579)
	at org.apache.ratis.thirdparty.io.netty.channel.nio.NioEventLoop.processSelectedKeys(NioEventLoop.java:496)
	at org.apache.ratis.thirdparty.io.netty.channel.nio.NioEventLoop.run(NioEventLoop.java:458)
	at org.apache.ratis.thirdparty.io.netty.util.concurrent.SingleThreadEventExecutor$5.run(SingleThreadEventExecutor.java:897)
	at org.apache.ratis.thirdparty.io.netty.util.concurrent.FastThreadLocalRunnable.run(FastThreadLocalRunnable.java:30)
	... 1 more
Caused by: java.net.ConnectException: Connection refused
	... 11 more
2019-08-29 08:35:02,543 [f0c18ce4-0e5b-4823-99c8-fd716531bc5f:group-4C1082AB210C:LeaderElection42] INFO  impl.LeaderElection (LogUtils.java:infoOrTrace(149)) -   Exception 1: {}
java.util.concurrent.ExecutionException: org.apache.ratis.thirdparty.io.grpc.StatusRuntimeException: INTERNAL: Server 4da055f9-cd9d-4c6f-9ab8-147a42717fcf is not [RUNNING]: current state is CLOSING
	at java.util.concurrent.FutureTask.report(FutureTask.java:122)
	at java.util.concurrent.FutureTask.get(FutureTask.java:192)
	at org.apache.ratis.server.impl.LeaderElection.waitForResults(LeaderElection.java:262)
	at org.apache.ratis.server.impl.LeaderElection.askForVotes(LeaderElection.java:200)
	at org.apache.ratis.server.impl.LeaderElection.run(LeaderElection.java:130)
	at java.lang.Thread.run(Thread.java:748)
Caused by: org.apache.ratis.thirdparty.io.grpc.StatusRuntimeException: INTERNAL: Server 4da055f9-cd9d-4c6f-9ab8-147a42717fcf is not [RUNNING]: current state is CLOSING
	at org.apache.ratis.thirdparty.io.grpc.stub.ClientCalls.toStatusRuntimeException(ClientCalls.java:233)
	at org.apache.ratis.thirdparty.io.grpc.stub.ClientCalls.getUnchecked(ClientCalls.java:214)
	at org.apache.ratis.thirdparty.io.grpc.stub.ClientCalls.blockingUnaryCall(ClientCalls.java:139)
	at org.apache.ratis.proto.grpc.RaftServerProtocolServiceGrpc$RaftServerProtocolServiceBlockingStub.requestVote(RaftServerProtocolServiceGrpc.java:265)
	at org.apache.ratis.grpc.server.GrpcServerProtocolClient.requestVote(GrpcServerProtocolClient.java:83)
	at org.apache.ratis.grpc.server.GrpcService.requestVote(GrpcService.java:195)
	at org.apache.ratis.server.impl.LeaderElection.lambda$submitRequests$1(LeaderElection.java:237)
	at java.util.concurrent.FutureTask.run(FutureTask.java:266)
	at java.util.concurrent.Executors$RunnableAdapter.call(Executors.java:511)
	at java.util.concurrent.FutureTask.run(FutureTask.java:266)
	at java.util.concurrent.ThreadPoolExecutor.runWorker(ThreadPoolExecutor.java:1149)
	at java.util.concurrent.ThreadPoolExecutor$Worker.run(ThreadPoolExecutor.java:624)
	... 1 more
2019-08-29 08:35:02,543 [f0c18ce4-0e5b-4823-99c8-fd716531bc5f:group-4C1082AB210C:LeaderElection42] INFO  impl.RaftServerImpl (RaftServerImpl.java:setRole(171)) - f0c18ce4-0e5b-4823-99c8-fd716531bc5f:group-4C1082AB210C changes role from CANDIDATE to FOLLOWER at term 4 for DISCOVERED_A_NEW_TERM
2019-08-29 08:35:02,543 [f0c18ce4-0e5b-4823-99c8-fd716531bc5f:group-4C1082AB210C:LeaderElection42] INFO  impl.RoleInfo (RoleInfo.java:shutdownLeaderElection(134)) - f0c18ce4-0e5b-4823-99c8-fd716531bc5f: shutdown LeaderElection
2019-08-29 08:35:02,544 [f0c18ce4-0e5b-4823-99c8-fd716531bc5f:group-4C1082AB210C:LeaderElection42] INFO  impl.RoleInfo (RoleInfo.java:updateAndGet(143)) - f0c18ce4-0e5b-4823-99c8-fd716531bc5f: start FollowerState
2019-08-29 08:35:02,558 [main] INFO  statemachine.DatanodeStateMachine (DatanodeStateMachine.java:stopDaemon(395)) - Ozone container server stopped.
2019-08-29 08:35:02,559 [main] INFO  handler.ContextHandler (ContextHandler.java:doStop(910)) - Stopped o.e.j.w.WebAppContext@38f617f4{/,null,UNAVAILABLE}{/hddsDatanode}
2019-08-29 08:35:02,559 [main] INFO  server.AbstractConnector (AbstractConnector.java:doStop(318)) - Stopped ServerConnector@4899799b{HTTP/1.1,[http/1.1]}{0.0.0.0:0}
2019-08-29 08:35:02,560 [main] INFO  handler.ContextHandler (ContextHandler.java:doStop(910)) - Stopped o.e.j.s.ServletContextHandler@22da200e{/static,jar:file:/home/user/.m2/repository/org/apache/hadoop/hadoop-hdds-container-service/0.5.0-SNAPSHOT/hadoop-hdds-container-service-0.5.0-SNAPSHOT.jar!/webapps/static,UNAVAILABLE}
2019-08-29 08:35:02,560 [main] INFO  handler.ContextHandler (ContextHandler.java:doStop(910)) - Stopped o.e.j.s.ServletContextHandler@76e6c070{/logs,file:///workdir/hadoop-ozone/integration-test/target/log,UNAVAILABLE}
2019-08-29 08:35:02,561 [main] INFO  datanode.ObjectStoreHandler (ObjectStoreHandler.java:close(155)) - Closing ObjectStoreHandler.
2019-08-29 08:35:02,562 [main] INFO  ozone.HddsDatanodeService (HddsDatanodeService.java:stop(451)) - Stopped plug-in org.apache.hadoop.ozone.web.OzoneHddsDatanodeService@432c0f1
2019-08-29 08:35:03,279 [Datanode State Machine Thread - 0] INFO  statemachine.DatanodeStateMachine (DatanodeStateMachine.java:lambda$startDaemon$0(350)) - Ozone container server started.
2019-08-29 08:35:03,403 | INFO  | SCMAudit | user=jenkins1000 | ip=192.168.69.89 | op=SEND_HEARTBEAT {datanodeUUID=f0c18ce4-0e5b-4823-99c8-fd716531bc5f, command=[]} | ret=SUCCESS |  
2019-08-29 08:35:03,490 | INFO  | SCMAudit | user=jenkins1000 | ip=192.168.69.89 | op=SEND_HEARTBEAT {datanodeUUID=e7b9916e-4eca-4156-a086-839e4ffd13a0, command=[]} | ret=SUCCESS |  
2019-08-29 08:35:03,580 [Thread-1514] INFO  impl.FollowerState (FollowerState.java:run(106)) - 129685ee-8122-4333-8930-3eeb8cf836af:group-4F259F9E67CD changes to CANDIDATE, lastRpcTime:1043, electionTimeout:1043ms
2019-08-29 08:35:03,581 [Thread-1514] INFO  impl.RoleInfo (RoleInfo.java:shutdownFollowerState(121)) - 129685ee-8122-4333-8930-3eeb8cf836af: shutdown FollowerState
2019-08-29 08:35:03,581 [Thread-1514] INFO  impl.RaftServerImpl (RaftServerImpl.java:setRole(171)) - 129685ee-8122-4333-8930-3eeb8cf836af:group-4F259F9E67CD changes role from FOLLOWER to CANDIDATE at term 16 for changeToCandidate
2019-08-29 08:35:03,581 [Thread-1514] INFO  impl.RoleInfo (RoleInfo.java:updateAndGet(143)) - 129685ee-8122-4333-8930-3eeb8cf836af: start LeaderElection
2019-08-29 08:35:03,605 [Thread-1515] INFO  impl.FollowerState (FollowerState.java:run(106)) - f0c18ce4-0e5b-4823-99c8-fd716531bc5f:group-4C1082AB210C changes to CANDIDATE, lastRpcTime:1061, electionTimeout:1061ms
2019-08-29 08:35:03,605 [Thread-1515] INFO  impl.RoleInfo (RoleInfo.java:shutdownFollowerState(121)) - f0c18ce4-0e5b-4823-99c8-fd716531bc5f: shutdown FollowerState
2019-08-29 08:35:03,606 [Thread-1515] INFO  impl.RaftServerImpl (RaftServerImpl.java:setRole(171)) - f0c18ce4-0e5b-4823-99c8-fd716531bc5f:group-4C1082AB210C changes role from FOLLOWER to CANDIDATE at term 4 for changeToCandidate
2019-08-29 08:35:03,606 [Thread-1515] INFO  impl.RoleInfo (RoleInfo.java:updateAndGet(143)) - f0c18ce4-0e5b-4823-99c8-fd716531bc5f: start LeaderElection
2019-08-29 08:35:04,404 | INFO  | SCMAudit | user=jenkins1000 | ip=192.168.69.89 | op=SEND_HEARTBEAT {datanodeUUID=f0c18ce4-0e5b-4823-99c8-fd716531bc5f, command=[]} | ret=SUCCESS |  
2019-08-29 08:35:04,490 | INFO  | SCMAudit | user=jenkins1000 | ip=192.168.69.89 | op=SEND_HEARTBEAT {datanodeUUID=e7b9916e-4eca-4156-a086-839e4ffd13a0, command=[]} | ret=SUCCESS |  
2019-08-29 08:35:04,617 [e7b9916e-4eca-4156-a086-839e4ffd13a0:group-F65937874E2C:LeaderElection44] INFO  impl.LeaderElection (LeaderElection.java:askForVotes(181)) - e7b9916e-4eca-4156-a086-839e4ffd13a0:group-F65937874E2C:LeaderElection44: begin an election at term 3 for 0: [bcbb4469-e902-4083-b3d9-1bab9ea4cd29:192.168.69.89:42960, 99586f2f-9d87-40a3-9061-4566008201fd:192.168.69.89:38980, e7b9916e-4eca-4156-a086-839e4ffd13a0:192.168.69.89:37189], old=null
2019-08-29 08:35:04,620 [e7b9916e-4eca-4156-a086-839e4ffd13a0:group-F65937874E2C:LeaderElection44] INFO  impl.LeaderElection (LogUtils.java:infoOrTrace(149)) - e7b9916e-4eca-4156-a086-839e4ffd13a0:group-F65937874E2C:LeaderElection44 got exception when requesting votes: {}
java.util.concurrent.ExecutionException: org.apache.ratis.thirdparty.io.grpc.StatusRuntimeException: UNAVAILABLE: io exception
	at java.util.concurrent.FutureTask.report(FutureTask.java:122)
	at java.util.concurrent.FutureTask.get(FutureTask.java:192)
	at org.apache.ratis.server.impl.LeaderElection.waitForResults(LeaderElection.java:262)
	at org.apache.ratis.server.impl.LeaderElection.askForVotes(LeaderElection.java:200)
	at org.apache.ratis.server.impl.LeaderElection.run(LeaderElection.java:130)
	at java.lang.Thread.run(Thread.java:748)
Caused by: org.apache.ratis.thirdparty.io.grpc.StatusRuntimeException: UNAVAILABLE: io exception
	at org.apache.ratis.thirdparty.io.grpc.stub.ClientCalls.toStatusRuntimeException(ClientCalls.java:233)
	at org.apache.ratis.thirdparty.io.grpc.stub.ClientCalls.getUnchecked(ClientCalls.java:214)
	at org.apache.ratis.thirdparty.io.grpc.stub.ClientCalls.blockingUnaryCall(ClientCalls.java:139)
	at org.apache.ratis.proto.grpc.RaftServerProtocolServiceGrpc$RaftServerProtocolServiceBlockingStub.requestVote(RaftServerProtocolServiceGrpc.java:265)
	at org.apache.ratis.grpc.server.GrpcServerProtocolClient.requestVote(GrpcServerProtocolClient.java:83)
	at org.apache.ratis.grpc.server.GrpcService.requestVote(GrpcService.java:195)
	at org.apache.ratis.server.impl.LeaderElection.lambda$submitRequests$1(LeaderElection.java:237)
	at java.util.concurrent.FutureTask.run(FutureTask.java:266)
	at java.util.concurrent.Executors$RunnableAdapter.call(Executors.java:511)
	at java.util.concurrent.FutureTask.run(FutureTask.java:266)
	at java.util.concurrent.ThreadPoolExecutor.runWorker(ThreadPoolExecutor.java:1149)
	at java.util.concurrent.ThreadPoolExecutor$Worker.run(ThreadPoolExecutor.java:624)
	... 1 more
Caused by: org.apache.ratis.thirdparty.io.netty.channel.AbstractChannel$AnnotatedConnectException: Connection refused: /192.168.69.89:38980
	at sun.nio.ch.SocketChannelImpl.checkConnect(Native Method)
	at sun.nio.ch.SocketChannelImpl.finishConnect(SocketChannelImpl.java:717)
	at org.apache.ratis.thirdparty.io.netty.channel.socket.nio.NioSocketChannel.doFinishConnect(NioSocketChannel.java:327)
	at org.apache.ratis.thirdparty.io.netty.channel.nio.AbstractNioChannel$AbstractNioUnsafe.finishConnect(AbstractNioChannel.java:340)
	at org.apache.ratis.thirdparty.io.netty.channel.nio.NioEventLoop.processSelectedKey(NioEventLoop.java:632)
	at org.apache.ratis.thirdparty.io.netty.channel.nio.NioEventLoop.processSelectedKeysOptimized(NioEventLoop.java:579)
	at org.apache.ratis.thirdparty.io.netty.channel.nio.NioEventLoop.processSelectedKeys(NioEventLoop.java:496)
	at org.apache.ratis.thirdparty.io.netty.channel.nio.NioEventLoop.run(NioEventLoop.java:458)
	at org.apache.ratis.thirdparty.io.netty.util.concurrent.SingleThreadEventExecutor$5.run(SingleThreadEventExecutor.java:897)
	at org.apache.ratis.thirdparty.io.netty.util.concurrent.FastThreadLocalRunnable.run(FastThreadLocalRunnable.java:30)
	... 1 more
Caused by: java.net.ConnectException: Connection refused
	... 11 more
2019-08-29 08:35:04,623 [e7b9916e-4eca-4156-a086-839e4ffd13a0:group-F65937874E2C:LeaderElection44] INFO  impl.LeaderElection (LogUtils.java:infoOrTrace(149)) - e7b9916e-4eca-4156-a086-839e4ffd13a0:group-F65937874E2C:LeaderElection44 got exception when requesting votes: {}
java.util.concurrent.ExecutionException: org.apache.ratis.thirdparty.io.grpc.StatusRuntimeException: UNAVAILABLE: io exception
	at java.util.concurrent.FutureTask.report(FutureTask.java:122)
	at java.util.concurrent.FutureTask.get(FutureTask.java:192)
	at org.apache.ratis.server.impl.LeaderElection.waitForResults(LeaderElection.java:262)
	at org.apache.ratis.server.impl.LeaderElection.askForVotes(LeaderElection.java:200)
	at org.apache.ratis.server.impl.LeaderElection.run(LeaderElection.java:130)
	at java.lang.Thread.run(Thread.java:748)
Caused by: org.apache.ratis.thirdparty.io.grpc.StatusRuntimeException: UNAVAILABLE: io exception
	at org.apache.ratis.thirdparty.io.grpc.stub.ClientCalls.toStatusRuntimeException(ClientCalls.java:233)
	at org.apache.ratis.thirdparty.io.grpc.stub.ClientCalls.getUnchecked(ClientCalls.java:214)
	at org.apache.ratis.thirdparty.io.grpc.stub.ClientCalls.blockingUnaryCall(ClientCalls.java:139)
	at org.apache.ratis.proto.grpc.RaftServerProtocolServiceGrpc$RaftServerProtocolServiceBlockingStub.requestVote(RaftServerProtocolServiceGrpc.java:265)
	at org.apache.ratis.grpc.server.GrpcServerProtocolClient.requestVote(GrpcServerProtocolClient.java:83)
	at org.apache.ratis.grpc.server.GrpcService.requestVote(GrpcService.java:195)
	at org.apache.ratis.server.impl.LeaderElection.lambda$submitRequests$1(LeaderElection.java:237)
	at java.util.concurrent.FutureTask.run(FutureTask.java:266)
	at java.util.concurrent.Executors$RunnableAdapter.call(Executors.java:511)
	at java.util.concurrent.FutureTask.run(FutureTask.java:266)
	at java.util.concurrent.ThreadPoolExecutor.runWorker(ThreadPoolExecutor.java:1149)
	at java.util.concurrent.ThreadPoolExecutor$Worker.run(ThreadPoolExecutor.java:624)
	... 1 more
Caused by: org.apache.ratis.thirdparty.io.netty.channel.AbstractChannel$AnnotatedConnectException: Connection refused: /192.168.69.89:42960
	at sun.nio.ch.SocketChannelImpl.checkConnect(Native Method)
	at sun.nio.ch.SocketChannelImpl.finishConnect(SocketChannelImpl.java:717)
	at org.apache.ratis.thirdparty.io.netty.channel.socket.nio.NioSocketChannel.doFinishConnect(NioSocketChannel.java:327)
	at org.apache.ratis.thirdparty.io.netty.channel.nio.AbstractNioChannel$AbstractNioUnsafe.finishConnect(AbstractNioChannel.java:340)
	at org.apache.ratis.thirdparty.io.netty.channel.nio.NioEventLoop.processSelectedKey(NioEventLoop.java:632)
	at org.apache.ratis.thirdparty.io.netty.channel.nio.NioEventLoop.processSelectedKeysOptimized(NioEventLoop.java:579)
	at org.apache.ratis.thirdparty.io.netty.channel.nio.NioEventLoop.processSelectedKeys(NioEventLoop.java:496)
	at org.apache.ratis.thirdparty.io.netty.channel.nio.NioEventLoop.run(NioEventLoop.java:458)
	at org.apache.ratis.thirdparty.io.netty.util.concurrent.SingleThreadEventExecutor$5.run(SingleThreadEventExecutor.java:897)
	at org.apache.ratis.thirdparty.io.netty.util.concurrent.FastThreadLocalRunnable.run(FastThreadLocalRunnable.java:30)
	... 1 more
Caused by: java.net.ConnectException: Connection refused
	... 11 more
2019-08-29 08:35:04,625 [e7b9916e-4eca-4156-a086-839e4ffd13a0:group-F65937874E2C:LeaderElection44] INFO  impl.LeaderElection (LeaderElection.java:logAndReturn(56)) - e7b9916e-4eca-4156-a086-839e4ffd13a0:group-F65937874E2C:LeaderElection44: Election REJECTED; received 0 response(s) [] and 2 exception(s); e7b9916e-4eca-4156-a086-839e4ffd13a0:t3, leader=null, voted=e7b9916e-4eca-4156-a086-839e4ffd13a0, raftlog=e7b9916e-4eca-4156-a086-839e4ffd13a0-SegmentedRaftLog:OPENED:c31,f31,i31, conf=0: [bcbb4469-e902-4083-b3d9-1bab9ea4cd29:192.168.69.89:42960, 99586f2f-9d87-40a3-9061-4566008201fd:192.168.69.89:38980, e7b9916e-4eca-4156-a086-839e4ffd13a0:192.168.69.89:37189], old=null
2019-08-29 08:35:04,625 [e7b9916e-4eca-4156-a086-839e4ffd13a0:group-F65937874E2C:LeaderElection44] INFO  impl.LeaderElection (LogUtils.java:infoOrTrace(149)) -   Exception 0: {}
java.util.concurrent.ExecutionException: org.apache.ratis.thirdparty.io.grpc.StatusRuntimeException: UNAVAILABLE: io exception
	at java.util.concurrent.FutureTask.report(FutureTask.java:122)
	at java.util.concurrent.FutureTask.get(FutureTask.java:192)
	at org.apache.ratis.server.impl.LeaderElection.waitForResults(LeaderElection.java:262)
	at org.apache.ratis.server.impl.LeaderElection.askForVotes(LeaderElection.java:200)
	at org.apache.ratis.server.impl.LeaderElection.run(LeaderElection.java:130)
	at java.lang.Thread.run(Thread.java:748)
Caused by: org.apache.ratis.thirdparty.io.grpc.StatusRuntimeException: UNAVAILABLE: io exception
	at org.apache.ratis.thirdparty.io.grpc.stub.ClientCalls.toStatusRuntimeException(ClientCalls.java:233)
	at org.apache.ratis.thirdparty.io.grpc.stub.ClientCalls.getUnchecked(ClientCalls.java:214)
	at org.apache.ratis.thirdparty.io.grpc.stub.ClientCalls.blockingUnaryCall(ClientCalls.java:139)
	at org.apache.ratis.proto.grpc.RaftServerProtocolServiceGrpc$RaftServerProtocolServiceBlockingStub.requestVote(RaftServerProtocolServiceGrpc.java:265)
	at org.apache.ratis.grpc.server.GrpcServerProtocolClient.requestVote(GrpcServerProtocolClient.java:83)
	at org.apache.ratis.grpc.server.GrpcService.requestVote(GrpcService.java:195)
	at org.apache.ratis.server.impl.LeaderElection.lambda$submitRequests$1(LeaderElection.java:237)
	at java.util.concurrent.FutureTask.run(FutureTask.java:266)
	at java.util.concurrent.Executors$RunnableAdapter.call(Executors.java:511)
	at java.util.concurrent.FutureTask.run(FutureTask.java:266)
	at java.util.concurrent.ThreadPoolExecutor.runWorker(ThreadPoolExecutor.java:1149)
	at java.util.concurrent.ThreadPoolExecutor$Worker.run(ThreadPoolExecutor.java:624)
	... 1 more
Caused by: org.apache.ratis.thirdparty.io.netty.channel.AbstractChannel$AnnotatedConnectException: Connection refused: /192.168.69.89:38980
	at sun.nio.ch.SocketChannelImpl.checkConnect(Native Method)
	at sun.nio.ch.SocketChannelImpl.finishConnect(SocketChannelImpl.java:717)
	at org.apache.ratis.thirdparty.io.netty.channel.socket.nio.NioSocketChannel.doFinishConnect(NioSocketChannel.java:327)
	at org.apache.ratis.thirdparty.io.netty.channel.nio.AbstractNioChannel$AbstractNioUnsafe.finishConnect(AbstractNioChannel.java:340)
	at org.apache.ratis.thirdparty.io.netty.channel.nio.NioEventLoop.processSelectedKey(NioEventLoop.java:632)
	at org.apache.ratis.thirdparty.io.netty.channel.nio.NioEventLoop.processSelectedKeysOptimized(NioEventLoop.java:579)
	at org.apache.ratis.thirdparty.io.netty.channel.nio.NioEventLoop.processSelectedKeys(NioEventLoop.java:496)
	at org.apache.ratis.thirdparty.io.netty.channel.nio.NioEventLoop.run(NioEventLoop.java:458)
	at org.apache.ratis.thirdparty.io.netty.util.concurrent.SingleThreadEventExecutor$5.run(SingleThreadEventExecutor.java:897)
	at org.apache.ratis.thirdparty.io.netty.util.concurrent.FastThreadLocalRunnable.run(FastThreadLocalRunnable.java:30)
	... 1 more
Caused by: java.net.ConnectException: Connection refused
	... 11 more
2019-08-29 08:35:04,625 [e7b9916e-4eca-4156-a086-839e4ffd13a0:group-F65937874E2C:LeaderElection44] INFO  impl.LeaderElection (LogUtils.java:infoOrTrace(149)) -   Exception 1: {}
java.util.concurrent.ExecutionException: org.apache.ratis.thirdparty.io.grpc.StatusRuntimeException: UNAVAILABLE: io exception
	at java.util.concurrent.FutureTask.report(FutureTask.java:122)
	at java.util.concurrent.FutureTask.get(FutureTask.java:192)
	at org.apache.ratis.server.impl.LeaderElection.waitForResults(LeaderElection.java:262)
	at org.apache.ratis.server.impl.LeaderElection.askForVotes(LeaderElection.java:200)
	at org.apache.ratis.server.impl.LeaderElection.run(LeaderElection.java:130)
	at java.lang.Thread.run(Thread.java:748)
Caused by: org.apache.ratis.thirdparty.io.grpc.StatusRuntimeException: UNAVAILABLE: io exception
	at org.apache.ratis.thirdparty.io.grpc.stub.ClientCalls.toStatusRuntimeException(ClientCalls.java:233)
	at org.apache.ratis.thirdparty.io.grpc.stub.ClientCalls.getUnchecked(ClientCalls.java:214)
	at org.apache.ratis.thirdparty.io.grpc.stub.ClientCalls.blockingUnaryCall(ClientCalls.java:139)
	at org.apache.ratis.proto.grpc.RaftServerProtocolServiceGrpc$RaftServerProtocolServiceBlockingStub.requestVote(RaftServerProtocolServiceGrpc.java:265)
	at org.apache.ratis.grpc.server.GrpcServerProtocolClient.requestVote(GrpcServerProtocolClient.java:83)
	at org.apache.ratis.grpc.server.GrpcService.requestVote(GrpcService.java:195)
	at org.apache.ratis.server.impl.LeaderElection.lambda$submitRequests$1(LeaderElection.java:237)
	at java.util.concurrent.FutureTask.run(FutureTask.java:266)
	at java.util.concurrent.Executors$RunnableAdapter.call(Executors.java:511)
	at java.util.concurrent.FutureTask.run(FutureTask.java:266)
	at java.util.concurrent.ThreadPoolExecutor.runWorker(ThreadPoolExecutor.java:1149)
	at java.util.concurrent.ThreadPoolExecutor$Worker.run(ThreadPoolExecutor.java:624)
	... 1 more
Caused by: org.apache.ratis.thirdparty.io.netty.channel.AbstractChannel$AnnotatedConnectException: Connection refused: /192.168.69.89:42960
	at sun.nio.ch.SocketChannelImpl.checkConnect(Native Method)
	at sun.nio.ch.SocketChannelImpl.finishConnect(SocketChannelImpl.java:717)
	at org.apache.ratis.thirdparty.io.netty.channel.socket.nio.NioSocketChannel.doFinishConnect(NioSocketChannel.java:327)
	at org.apache.ratis.thirdparty.io.netty.channel.nio.AbstractNioChannel$AbstractNioUnsafe.finishConnect(AbstractNioChannel.java:340)
	at org.apache.ratis.thirdparty.io.netty.channel.nio.NioEventLoop.processSelectedKey(NioEventLoop.java:632)
	at org.apache.ratis.thirdparty.io.netty.channel.nio.NioEventLoop.processSelectedKeysOptimized(NioEventLoop.java:579)
	at org.apache.ratis.thirdparty.io.netty.channel.nio.NioEventLoop.processSelectedKeys(NioEventLoop.java:496)
	at org.apache.ratis.thirdparty.io.netty.channel.nio.NioEventLoop.run(NioEventLoop.java:458)
	at org.apache.ratis.thirdparty.io.netty.util.concurrent.SingleThreadEventExecutor$5.run(SingleThreadEventExecutor.java:897)
	at org.apache.ratis.thirdparty.io.netty.util.concurrent.FastThreadLocalRunnable.run(FastThreadLocalRunnable.java:30)
	... 1 more
Caused by: java.net.ConnectException: Connection refused
	... 11 more
2019-08-29 08:35:04,625 [e7b9916e-4eca-4156-a086-839e4ffd13a0:group-F65937874E2C:LeaderElection44] INFO  impl.RaftServerImpl (RaftServerImpl.java:setRole(171)) - e7b9916e-4eca-4156-a086-839e4ffd13a0:group-F65937874E2C changes role from CANDIDATE to FOLLOWER at term 3 for DISCOVERED_A_NEW_TERM
2019-08-29 08:35:04,626 [e7b9916e-4eca-4156-a086-839e4ffd13a0:group-F65937874E2C:LeaderElection44] INFO  impl.RoleInfo (RoleInfo.java:shutdownLeaderElection(134)) - e7b9916e-4eca-4156-a086-839e4ffd13a0: shutdown LeaderElection
2019-08-29 08:35:04,626 [e7b9916e-4eca-4156-a086-839e4ffd13a0:group-F65937874E2C:LeaderElection44] INFO  impl.RoleInfo (RoleInfo.java:updateAndGet(143)) - e7b9916e-4eca-4156-a086-839e4ffd13a0: start FollowerState
2019-08-29 08:35:04,855 [StateMachineUpdater:4da055f9-cd9d-4c6f-9ab8-147a42717fcf:group-4C1082AB210C] INFO  ratis.ContainerStateMachine (ContainerStateMachine.java:takeSnapshot(294)) - group-4C1082AB210C: Finished taking a snapshot at:(t:3, i:16) file:/workdir/hadoop-ozone/integration-test/target/test-dir/MiniOzoneClusterImpl-839c4a83-1072-4184-a39a-41aa01fb846d/datanode-0/data/ratis/a6019285-0027-46c6-9b76-4c1082ab210c/sm/snapshot.3_16 time:3128
2019-08-29 08:35:04,855 [StateMachineUpdater:4da055f9-cd9d-4c6f-9ab8-147a42717fcf:group-4C1082AB210C] INFO  impl.StateMachineUpdater (StateMachineUpdater.java:takeSnapshot(242)) - StateMachineUpdater:4da055f9-cd9d-4c6f-9ab8-147a42717fcf:group-4C1082AB210C: Took a snapshot at index 16
2019-08-29 08:35:04,855 [StateMachineUpdater:4da055f9-cd9d-4c6f-9ab8-147a42717fcf:group-4C1082AB210C] INFO  impl.StateMachineUpdater (StateMachineUpdater.java:lambda$new$0(80)) - StateMachineUpdater:4da055f9-cd9d-4c6f-9ab8-147a42717fcf:group-4C1082AB210C: snapshotIndex: updateIncreasingly -1 -> 16
2019-08-29 08:35:04,855 [ForkJoinPool.commonPool-worker-1] INFO  impl.RaftServerImpl (ServerState.java:close(394)) - 4da055f9-cd9d-4c6f-9ab8-147a42717fcf:group-4C1082AB210C closes. The last applied log index is 17
2019-08-29 08:35:04,856 [4da055f9-cd9d-4c6f-9ab8-147a42717fcf-SegmentedRaftLogWorker:Storage Directory /workdir/hadoop-ozone/integration-test/target/test-dir/MiniOzoneClusterImpl-839c4a83-1072-4184-a39a-41aa01fb846d/datanode-0/data/ratis/a6019285-0027-46c6-9b76-4c1082ab210c] INFO  segmented.SegmentedRaftLogWorker (SegmentedRaftLogWorker.java:run(313)) - 4da055f9-cd9d-4c6f-9ab8-147a42717fcf-SegmentedRaftLogWorker:Storage Directory /workdir/hadoop-ozone/integration-test/target/test-dir/MiniOzoneClusterImpl-839c4a83-1072-4184-a39a-41aa01fb846d/datanode-0/data/ratis/a6019285-0027-46c6-9b76-4c1082ab210c was interrupted, exiting. There are 0 tasks remaining in the queue.
2019-08-29 08:35:05,403 | INFO  | SCMAudit | user=jenkins1000 | ip=192.168.69.89 | op=SEND_HEARTBEAT {datanodeUUID=f0c18ce4-0e5b-4823-99c8-fd716531bc5f, command=[]} | ret=SUCCESS |  
2019-08-29 08:35:05,490 | INFO  | SCMAudit | user=jenkins1000 | ip=192.168.69.89 | op=SEND_HEARTBEAT {datanodeUUID=e7b9916e-4eca-4156-a086-839e4ffd13a0, command=[]} | ret=SUCCESS |  
2019-08-29 08:35:05,764 [Thread-1520] INFO  impl.FollowerState (FollowerState.java:run(106)) - e7b9916e-4eca-4156-a086-839e4ffd13a0:group-F65937874E2C changes to CANDIDATE, lastRpcTime:1138, electionTimeout:1138ms
2019-08-29 08:35:05,765 [Thread-1520] INFO  impl.RoleInfo (RoleInfo.java:shutdownFollowerState(121)) - e7b9916e-4eca-4156-a086-839e4ffd13a0: shutdown FollowerState
2019-08-29 08:35:05,765 [Thread-1520] INFO  impl.RaftServerImpl (RaftServerImpl.java:setRole(171)) - e7b9916e-4eca-4156-a086-839e4ffd13a0:group-F65937874E2C changes role from FOLLOWER to CANDIDATE at term 3 for changeToCandidate
2019-08-29 08:35:05,765 [Thread-1520] INFO  impl.RoleInfo (RoleInfo.java:updateAndGet(143)) - e7b9916e-4eca-4156-a086-839e4ffd13a0: start LeaderElection
2019-08-29 08:35:06,403 | INFO  | SCMAudit | user=jenkins1000 | ip=192.168.69.89 | op=SEND_HEARTBEAT {datanodeUUID=f0c18ce4-0e5b-4823-99c8-fd716531bc5f, command=[]} | ret=SUCCESS |  
2019-08-29 08:35:06,491 | INFO  | SCMAudit | user=jenkins1000 | ip=192.168.69.89 | op=SEND_HEARTBEAT {datanodeUUID=e7b9916e-4eca-4156-a086-839e4ffd13a0, command=[]} | ret=SUCCESS |  
2019-08-29 08:35:07,403 | INFO  | SCMAudit | user=jenkins1000 | ip=192.168.69.89 | op=SEND_HEARTBEAT {datanodeUUID=f0c18ce4-0e5b-4823-99c8-fd716531bc5f, command=[]} | ret=SUCCESS |  
2019-08-29 08:35:07,491 | INFO  | SCMAudit | user=jenkins1000 | ip=192.168.69.89 | op=SEND_HEARTBEAT {datanodeUUID=e7b9916e-4eca-4156-a086-839e4ffd13a0, command=[]} | ret=SUCCESS |  
2019-08-29 08:35:07,519 [ForkJoinPool.commonPool-worker-1] INFO  segmented.SegmentedRaftLogWorker (SegmentedRaftLogWorker.java:close(228)) - 4da055f9-cd9d-4c6f-9ab8-147a42717fcf-SegmentedRaftLogWorker:Storage Directory /workdir/hadoop-ozone/integration-test/target/test-dir/MiniOzoneClusterImpl-839c4a83-1072-4184-a39a-41aa01fb846d/datanode-0/data/ratis/a6019285-0027-46c6-9b76-4c1082ab210c close()
2019-08-29 08:35:07,521 [ForkJoinPool.commonPool-worker-1] INFO  impl.RaftServerImpl (RaftServerImpl.java:lambda$shutdown$3(245)) - 4da055f9-cd9d-4c6f-9ab8-147a42717fcf: shutdown group-FA2299444F23
2019-08-29 08:35:07,522 [ForkJoinPool.commonPool-worker-1] INFO  util.JmxRegister (JmxRegister.java:unregister(73)) - Successfully un-registered JMX Bean with object name Ratis:service=RaftServer,group=group-FA2299444F23,id=4da055f9-cd9d-4c6f-9ab8-147a42717fcf
2019-08-29 08:35:07,522 [ForkJoinPool.commonPool-worker-1] INFO  impl.RoleInfo (RoleInfo.java:shutdownLeaderState(104)) - 4da055f9-cd9d-4c6f-9ab8-147a42717fcf: shutdown LeaderState
2019-08-29 08:35:07,522 [ForkJoinPool.commonPool-worker-1] INFO  impl.PendingRequests (PendingRequests.java:sendNotLeaderResponses(202)) - 4da055f9-cd9d-4c6f-9ab8-147a42717fcf-PendingRequests: sendNotLeaderResponses
2019-08-29 08:35:07,523 [ForkJoinPool.commonPool-worker-1] INFO  impl.StateMachineUpdater (StateMachineUpdater.java:stopAndJoin(115)) - StateMachineUpdater:4da055f9-cd9d-4c6f-9ab8-147a42717fcf:group-FA2299444F23: set stopIndex = 0
2019-08-29 08:35:07,523 [ForkJoinPool.commonPool-worker-1] INFO  impl.RaftServerImpl (ServerState.java:close(394)) - 4da055f9-cd9d-4c6f-9ab8-147a42717fcf:group-FA2299444F23 closes. The last applied log index is 0
2019-08-29 08:35:07,524 [4da055f9-cd9d-4c6f-9ab8-147a42717fcf-SegmentedRaftLogWorker:Storage Directory /workdir/hadoop-ozone/integration-test/target/test-dir/MiniOzoneClusterImpl-839c4a83-1072-4184-a39a-41aa01fb846d/datanode-0/data/ratis/8079e211-f4ce-47f0-aaef-fa2299444f23] INFO  segmented.SegmentedRaftLogWorker (SegmentedRaftLogWorker.java:run(313)) - 4da055f9-cd9d-4c6f-9ab8-147a42717fcf-SegmentedRaftLogWorker:Storage Directory /workdir/hadoop-ozone/integration-test/target/test-dir/MiniOzoneClusterImpl-839c4a83-1072-4184-a39a-41aa01fb846d/datanode-0/data/ratis/8079e211-f4ce-47f0-aaef-fa2299444f23 was interrupted, exiting. There are 0 tasks remaining in the queue.
2019-08-29 08:35:07,524 [ForkJoinPool.commonPool-worker-1] INFO  segmented.SegmentedRaftLogWorker (SegmentedRaftLogWorker.java:close(228)) - 4da055f9-cd9d-4c6f-9ab8-147a42717fcf-SegmentedRaftLogWorker:Storage Directory /workdir/hadoop-ozone/integration-test/target/test-dir/MiniOzoneClusterImpl-839c4a83-1072-4184-a39a-41aa01fb846d/datanode-0/data/ratis/8079e211-f4ce-47f0-aaef-fa2299444f23 close()
2019-08-29 08:35:07,526 [ForkJoinPool.commonPool-worker-1] INFO  impl.RaftServerImpl (RaftServerImpl.java:lambda$shutdown$3(245)) - 4da055f9-cd9d-4c6f-9ab8-147a42717fcf: shutdown group-DB5B41FAF3F1
2019-08-29 08:35:07,526 [ForkJoinPool.commonPool-worker-1] INFO  util.JmxRegister (JmxRegister.java:unregister(73)) - Successfully un-registered JMX Bean with object name Ratis:service=RaftServer,group=group-DB5B41FAF3F1,id=4da055f9-cd9d-4c6f-9ab8-147a42717fcf
2019-08-29 08:35:07,527 [ForkJoinPool.commonPool-worker-1] INFO  impl.RoleInfo (RoleInfo.java:shutdownLeaderState(104)) - 4da055f9-cd9d-4c6f-9ab8-147a42717fcf: shutdown LeaderState
2019-08-29 08:35:07,527 [ForkJoinPool.commonPool-worker-1] INFO  impl.PendingRequests (PendingRequests.java:sendNotLeaderResponses(202)) - 4da055f9-cd9d-4c6f-9ab8-147a42717fcf-PendingRequests: sendNotLeaderResponses
2019-08-29 08:35:07,528 [ForkJoinPool.commonPool-worker-1] INFO  impl.StateMachineUpdater (StateMachineUpdater.java:stopAndJoin(115)) - StateMachineUpdater:4da055f9-cd9d-4c6f-9ab8-147a42717fcf:group-DB5B41FAF3F1: set stopIndex = 0
2019-08-29 08:35:07,528 [ForkJoinPool.commonPool-worker-1] INFO  impl.RaftServerImpl (ServerState.java:close(394)) - 4da055f9-cd9d-4c6f-9ab8-147a42717fcf:group-DB5B41FAF3F1 closes. The last applied log index is 0
2019-08-29 08:35:07,528 [4da055f9-cd9d-4c6f-9ab8-147a42717fcf-SegmentedRaftLogWorker:Storage Directory /workdir/hadoop-ozone/integration-test/target/test-dir/MiniOzoneClusterImpl-839c4a83-1072-4184-a39a-41aa01fb846d/datanode-0/data/ratis/68e63637-f728-42fd-8f59-db5b41faf3f1] INFO  segmented.SegmentedRaftLogWorker (SegmentedRaftLogWorker.java:run(313)) - 4da055f9-cd9d-4c6f-9ab8-147a42717fcf-SegmentedRaftLogWorker:Storage Directory /workdir/hadoop-ozone/integration-test/target/test-dir/MiniOzoneClusterImpl-839c4a83-1072-4184-a39a-41aa01fb846d/datanode-0/data/ratis/68e63637-f728-42fd-8f59-db5b41faf3f1 was interrupted, exiting. There are 0 tasks remaining in the queue.
2019-08-29 08:35:07,529 [ForkJoinPool.commonPool-worker-1] INFO  segmented.SegmentedRaftLogWorker (SegmentedRaftLogWorker.java:close(228)) - 4da055f9-cd9d-4c6f-9ab8-147a42717fcf-SegmentedRaftLogWorker:Storage Directory /workdir/hadoop-ozone/integration-test/target/test-dir/MiniOzoneClusterImpl-839c4a83-1072-4184-a39a-41aa01fb846d/datanode-0/data/ratis/68e63637-f728-42fd-8f59-db5b41faf3f1 close()
2019-08-29 08:35:07,531 [ForkJoinPool.commonPool-worker-1] INFO  server.GrpcService (GrpcService.java:closeImpl(155)) - 4da055f9-cd9d-4c6f-9ab8-147a42717fcf: shutdown server with port 41539 now
2019-08-29 08:35:07,531 [ForkJoinPool.commonPool-worker-1] INFO  server.GrpcService (GrpcService.java:closeImpl(163)) - 4da055f9-cd9d-4c6f-9ab8-147a42717fcf: shutdown server with port 41539 successfully
2019-08-29 08:35:07,532 [grpc-default-executor-1] WARN  client.GrpcClientProtocolService (LogUtils.java:warn(134)) - 3-OrderedRequestStreamObserver3: onError: org.apache.ratis.thirdparty.io.grpc.StatusRuntimeException: CANCELLED: cancelled before receiving half close
2019-08-29 08:35:07,536 [ForkJoinPool.commonPool-worker-1] INFO  utils.BackgroundService (BackgroundService.java:shutdown(148)) - Shutting down service BlockDeletingService
2019-08-29 08:35:07,538 [refreshUsed-/workdir/hadoop-ozone/integration-test/target/test-dir/MiniOzoneClusterImpl-839c4a83-1072-4184-a39a-41aa01fb846d/datanode-0/data/containers] WARN  fs.CachingGetSpaceUsed (CachingGetSpaceUsed.java:run(183)) - Thread Interrupted waiting to refresh disk information: sleep interrupted
2019-08-29 08:35:07,561 [ForkJoinPool.commonPool-worker-1] INFO  statemachine.DatanodeStateMachine (DatanodeStateMachine.java:stopDaemon(395)) - Ozone container server stopped.
2019-08-29 08:35:07,563 [main] INFO  ozoneimpl.OzoneContainer (OzoneContainer.java:stop(199)) - Attempting to stop container services.
2019-08-29 08:35:07,564 [main] INFO  impl.RaftServerProxy (RaftServerProxy.java:lambda$close$4(314)) - 129685ee-8122-4333-8930-3eeb8cf836af: close
2019-08-29 08:35:07,566 [ForkJoinPool.commonPool-worker-1] INFO  handler.ContextHandler (ContextHandler.java:doStop(910)) - Stopped o.e.j.w.WebAppContext@934b52f{/,null,UNAVAILABLE}{/hddsDatanode}
2019-08-29 08:35:07,566 [main] INFO  impl.RaftServerImpl (RaftServerImpl.java:lambda$shutdown$3(245)) - 129685ee-8122-4333-8930-3eeb8cf836af: shutdown group-F1BD435FB6F3
2019-08-29 08:35:07,566 [main] INFO  util.JmxRegister (JmxRegister.java:unregister(73)) - Successfully un-registered JMX Bean with object name Ratis:service=RaftServer,group=group-F1BD435FB6F3,id=129685ee-8122-4333-8930-3eeb8cf836af
2019-08-29 08:35:07,566 [ForkJoinPool.commonPool-worker-1] INFO  server.AbstractConnector (AbstractConnector.java:doStop(318)) - Stopped ServerConnector@2630dbc4{HTTP/1.1,[http/1.1]}{0.0.0.0:0}
2019-08-29 08:35:07,567 [main] INFO  impl.RoleInfo (RoleInfo.java:shutdownLeaderState(104)) - 129685ee-8122-4333-8930-3eeb8cf836af: shutdown LeaderState
2019-08-29 08:35:07,568 [ForkJoinPool.commonPool-worker-1] INFO  handler.ContextHandler (ContextHandler.java:doStop(910)) - Stopped o.e.j.s.ServletContextHandler@68b9834c{/static,jar:file:/home/user/.m2/repository/org/apache/hadoop/hadoop-hdds-container-service/0.5.0-SNAPSHOT/hadoop-hdds-container-service-0.5.0-SNAPSHOT.jar!/webapps/static,UNAVAILABLE}
2019-08-29 08:35:07,568 [main] INFO  impl.PendingRequests (PendingRequests.java:sendNotLeaderResponses(202)) - 129685ee-8122-4333-8930-3eeb8cf836af-PendingRequests: sendNotLeaderResponses
2019-08-29 08:35:07,570 [ForkJoinPool.commonPool-worker-1] INFO  handler.ContextHandler (ContextHandler.java:doStop(910)) - Stopped o.e.j.s.ServletContextHandler@17fa1336{/logs,file:///workdir/hadoop-ozone/integration-test/target/log,UNAVAILABLE}
2019-08-29 08:35:07,570 [main] INFO  impl.StateMachineUpdater (StateMachineUpdater.java:stopAndJoin(115)) - StateMachineUpdater:129685ee-8122-4333-8930-3eeb8cf836af:group-F1BD435FB6F3: set stopIndex = 0
2019-08-29 08:35:07,571 [main] INFO  impl.RaftServerImpl (ServerState.java:close(394)) - 129685ee-8122-4333-8930-3eeb8cf836af:group-F1BD435FB6F3 closes. The last applied log index is 0
2019-08-29 08:35:07,571 [ForkJoinPool.commonPool-worker-1] INFO  datanode.ObjectStoreHandler (ObjectStoreHandler.java:close(155)) - Closing ObjectStoreHandler.
2019-08-29 08:35:07,571 [129685ee-8122-4333-8930-3eeb8cf836af-SegmentedRaftLogWorker:Storage Directory /workdir/hadoop-ozone/integration-test/target/test-dir/MiniOzoneClusterImpl-839c4a83-1072-4184-a39a-41aa01fb846d/datanode-8/data/ratis/aa05a0c6-3458-48c8-988a-f1bd435fb6f3] INFO  segmented.SegmentedRaftLogWorker (SegmentedRaftLogWorker.java:run(313)) - 129685ee-8122-4333-8930-3eeb8cf836af-SegmentedRaftLogWorker:Storage Directory /workdir/hadoop-ozone/integration-test/target/test-dir/MiniOzoneClusterImpl-839c4a83-1072-4184-a39a-41aa01fb846d/datanode-8/data/ratis/aa05a0c6-3458-48c8-988a-f1bd435fb6f3 was interrupted, exiting. There are 0 tasks remaining in the queue.
2019-08-29 08:35:07,572 [main] INFO  segmented.SegmentedRaftLogWorker (SegmentedRaftLogWorker.java:close(228)) - 129685ee-8122-4333-8930-3eeb8cf836af-SegmentedRaftLogWorker:Storage Directory /workdir/hadoop-ozone/integration-test/target/test-dir/MiniOzoneClusterImpl-839c4a83-1072-4184-a39a-41aa01fb846d/datanode-8/data/ratis/aa05a0c6-3458-48c8-988a-f1bd435fb6f3 close()
2019-08-29 08:35:07,572 [ForkJoinPool.commonPool-worker-1] INFO  ozone.HddsDatanodeService (HddsDatanodeService.java:stop(451)) - Stopped plug-in org.apache.hadoop.ozone.web.OzoneHddsDatanodeService@b30a50d
2019-08-29 08:35:07,573 [main] INFO  impl.RaftServerImpl (RaftServerImpl.java:lambda$shutdown$3(245)) - 129685ee-8122-4333-8930-3eeb8cf836af: shutdown group-4F259F9E67CD
2019-08-29 08:35:07,574 [main] INFO  util.JmxRegister (JmxRegister.java:unregister(73)) - Successfully un-registered JMX Bean with object name Ratis:service=RaftServer,group=group-4F259F9E67CD,id=129685ee-8122-4333-8930-3eeb8cf836af
2019-08-29 08:35:07,574 [main] INFO  impl.RoleInfo (RoleInfo.java:shutdownLeaderElection(134)) - 129685ee-8122-4333-8930-3eeb8cf836af: shutdown LeaderElection
2019-08-29 08:35:07,574 [main] INFO  impl.StateMachineUpdater (StateMachineUpdater.java:stopAndJoin(115)) - StateMachineUpdater:129685ee-8122-4333-8930-3eeb8cf836af:group-4F259F9E67CD: set stopIndex = 16
2019-08-29 08:35:07,575 [StateMachineUpdater:129685ee-8122-4333-8930-3eeb8cf836af:group-4F259F9E67CD] INFO  ratis.ContainerStateMachine (ContainerStateMachine.java:takeSnapshot(283)) - group-4F259F9E67CD: Taking a snapshot at:(t:2, i:12) file /workdir/hadoop-ozone/integration-test/target/test-dir/MiniOzoneClusterImpl-839c4a83-1072-4184-a39a-41aa01fb846d/datanode-8/data/ratis/9e321d5a-d5d8-48c0-844c-4f259f9e67cd/sm/snapshot.2_12
2019-08-29 08:35:07,754 [f0c18ce4-0e5b-4823-99c8-fd716531bc5f:group-4C1082AB210C:LeaderElection46] INFO  impl.LeaderElection (LeaderElection.java:askForVotes(181)) - f0c18ce4-0e5b-4823-99c8-fd716531bc5f:group-4C1082AB210C:LeaderElection46: begin an election at term 5 for 12: [4da055f9-cd9d-4c6f-9ab8-147a42717fcf:192.168.69.89:41539, 02bf3283-c6bf-4588-a57c-baa459038378:192.168.69.89:46486, f0c18ce4-0e5b-4823-99c8-fd716531bc5f:192.168.69.89:36167], old=null
2019-08-29 08:35:07,754 [129685ee-8122-4333-8930-3eeb8cf836af:group-4F259F9E67CD:LeaderElection45] INFO  impl.LeaderElection (LeaderElection.java:askForVotes(181)) - 129685ee-8122-4333-8930-3eeb8cf836af:group-4F259F9E67CD:LeaderElection45: begin an election at term 17 for 0: [802c6c9d-4843-417e-8983-b6e40533cc1c:192.168.69.89:37103, 129685ee-8122-4333-8930-3eeb8cf836af:192.168.69.89:45580, fe546585-3c52-42ae-8754-1a35dad17d3f:192.168.69.89:45996], old=null
2019-08-29 08:35:07,755 [129685ee-8122-4333-8930-3eeb8cf836af:group-4F259F9E67CD:LeaderElection45] INFO  impl.LeaderElection (LeaderElection.java:logAndReturn(56)) - 129685ee-8122-4333-8930-3eeb8cf836af:group-4F259F9E67CD:LeaderElection45: Election REJECTED; received 0 response(s) [] and 0 exception(s); 129685ee-8122-4333-8930-3eeb8cf836af:t17, leader=null, voted=129685ee-8122-4333-8930-3eeb8cf836af, raftlog=129685ee-8122-4333-8930-3eeb8cf836af-SegmentedRaftLog:OPENED:c16,f16,i16, conf=0: [802c6c9d-4843-417e-8983-b6e40533cc1c:192.168.69.89:37103, 129685ee-8122-4333-8930-3eeb8cf836af:192.168.69.89:45580, fe546585-3c52-42ae-8754-1a35dad17d3f:192.168.69.89:45996], old=null
2019-08-29 08:35:07,755 [f0c18ce4-0e5b-4823-99c8-fd716531bc5f:group-4C1082AB210C:LeaderElection46] INFO  impl.LeaderElection (LogUtils.java:infoOrTrace(149)) - f0c18ce4-0e5b-4823-99c8-fd716531bc5f:group-4C1082AB210C:LeaderElection46 got exception when requesting votes: {}
java.util.concurrent.ExecutionException: org.apache.ratis.thirdparty.io.grpc.StatusRuntimeException: UNAVAILABLE: io exception
	at java.util.concurrent.FutureTask.report(FutureTask.java:122)
	at java.util.concurrent.FutureTask.get(FutureTask.java:192)
	at org.apache.ratis.server.impl.LeaderElection.waitForResults(LeaderElection.java:262)
	at org.apache.ratis.server.impl.LeaderElection.askForVotes(LeaderElection.java:200)
	at org.apache.ratis.server.impl.LeaderElection.run(LeaderElection.java:130)
	at java.lang.Thread.run(Thread.java:748)
Caused by: org.apache.ratis.thirdparty.io.grpc.StatusRuntimeException: UNAVAILABLE: io exception
	at org.apache.ratis.thirdparty.io.grpc.stub.ClientCalls.toStatusRuntimeException(ClientCalls.java:233)
	at org.apache.ratis.thirdparty.io.grpc.stub.ClientCalls.getUnchecked(ClientCalls.java:214)
	at org.apache.ratis.thirdparty.io.grpc.stub.ClientCalls.blockingUnaryCall(ClientCalls.java:139)
	at org.apache.ratis.proto.grpc.RaftServerProtocolServiceGrpc$RaftServerProtocolServiceBlockingStub.requestVote(RaftServerProtocolServiceGrpc.java:265)
	at org.apache.ratis.grpc.server.GrpcServerProtocolClient.requestVote(GrpcServerProtocolClient.java:83)
	at org.apache.ratis.grpc.server.GrpcService.requestVote(GrpcService.java:195)
	at org.apache.ratis.server.impl.LeaderElection.lambda$submitRequests$1(LeaderElection.java:237)
	at java.util.concurrent.FutureTask.run(FutureTask.java:266)
	at java.util.concurrent.Executors$RunnableAdapter.call(Executors.java:511)
	at java.util.concurrent.FutureTask.run(FutureTask.java:266)
	at java.util.concurrent.ThreadPoolExecutor.runWorker(ThreadPoolExecutor.java:1149)
	at java.util.concurrent.ThreadPoolExecutor$Worker.run(ThreadPoolExecutor.java:624)
	... 1 more
Caused by: org.apache.ratis.thirdparty.io.netty.channel.AbstractChannel$AnnotatedConnectException: Connection refused: /192.168.69.89:46486
	at sun.nio.ch.SocketChannelImpl.checkConnect(Native Method)
	at sun.nio.ch.SocketChannelImpl.finishConnect(SocketChannelImpl.java:717)
	at org.apache.ratis.thirdparty.io.netty.channel.socket.nio.NioSocketChannel.doFinishConnect(NioSocketChannel.java:327)
	at org.apache.ratis.thirdparty.io.netty.channel.nio.AbstractNioChannel$AbstractNioUnsafe.finishConnect(AbstractNioChannel.java:340)
	at org.apache.ratis.thirdparty.io.netty.channel.nio.NioEventLoop.processSelectedKey(NioEventLoop.java:632)
	at org.apache.ratis.thirdparty.io.netty.channel.nio.NioEventLoop.processSelectedKeysOptimized(NioEventLoop.java:579)
	at org.apache.ratis.thirdparty.io.netty.channel.nio.NioEventLoop.processSelectedKeys(NioEventLoop.java:496)
	at org.apache.ratis.thirdparty.io.netty.channel.nio.NioEventLoop.run(NioEventLoop.java:458)
	at org.apache.ratis.thirdparty.io.netty.util.concurrent.SingleThreadEventExecutor$5.run(SingleThreadEventExecutor.java:897)
	at org.apache.ratis.thirdparty.io.netty.util.concurrent.FastThreadLocalRunnable.run(FastThreadLocalRunnable.java:30)
	... 1 more
Caused by: java.net.ConnectException: Connection refused
	... 11 more
2019-08-29 08:35:07,758 [f0c18ce4-0e5b-4823-99c8-fd716531bc5f:group-4C1082AB210C:LeaderElection46] INFO  impl.LeaderElection (LogUtils.java:infoOrTrace(149)) - f0c18ce4-0e5b-4823-99c8-fd716531bc5f:group-4C1082AB210C:LeaderElection46 got exception when requesting votes: {}
java.util.concurrent.ExecutionException: org.apache.ratis.thirdparty.io.grpc.StatusRuntimeException: UNAVAILABLE: io exception
	at java.util.concurrent.FutureTask.report(FutureTask.java:122)
	at java.util.concurrent.FutureTask.get(FutureTask.java:192)
	at org.apache.ratis.server.impl.LeaderElection.waitForResults(LeaderElection.java:262)
	at org.apache.ratis.server.impl.LeaderElection.askForVotes(LeaderElection.java:200)
	at org.apache.ratis.server.impl.LeaderElection.run(LeaderElection.java:130)
	at java.lang.Thread.run(Thread.java:748)
Caused by: org.apache.ratis.thirdparty.io.grpc.StatusRuntimeException: UNAVAILABLE: io exception
	at org.apache.ratis.thirdparty.io.grpc.stub.ClientCalls.toStatusRuntimeException(ClientCalls.java:233)
	at org.apache.ratis.thirdparty.io.grpc.stub.ClientCalls.getUnchecked(ClientCalls.java:214)
	at org.apache.ratis.thirdparty.io.grpc.stub.ClientCalls.blockingUnaryCall(ClientCalls.java:139)
	at org.apache.ratis.proto.grpc.RaftServerProtocolServiceGrpc$RaftServerProtocolServiceBlockingStub.requestVote(RaftServerProtocolServiceGrpc.java:265)
	at org.apache.ratis.grpc.server.GrpcServerProtocolClient.requestVote(GrpcServerProtocolClient.java:83)
	at org.apache.ratis.grpc.server.GrpcService.requestVote(GrpcService.java:195)
	at org.apache.ratis.server.impl.LeaderElection.lambda$submitRequests$1(LeaderElection.java:237)
	at java.util.concurrent.FutureTask.run(FutureTask.java:266)
	at java.util.concurrent.Executors$RunnableAdapter.call(Executors.java:511)
	at java.util.concurrent.FutureTask.run(FutureTask.java:266)
	at java.util.concurrent.ThreadPoolExecutor.runWorker(ThreadPoolExecutor.java:1149)
	at java.util.concurrent.ThreadPoolExecutor$Worker.run(ThreadPoolExecutor.java:624)
	... 1 more
Caused by: org.apache.ratis.thirdparty.io.netty.channel.AbstractChannel$AnnotatedConnectException: Connection refused: /192.168.69.89:41539
	at sun.nio.ch.SocketChannelImpl.checkConnect(Native Method)
	at sun.nio.ch.SocketChannelImpl.finishConnect(SocketChannelImpl.java:717)
	at org.apache.ratis.thirdparty.io.netty.channel.socket.nio.NioSocketChannel.doFinishConnect(NioSocketChannel.java:327)
	at org.apache.ratis.thirdparty.io.netty.channel.nio.AbstractNioChannel$AbstractNioUnsafe.finishConnect(AbstractNioChannel.java:340)
	at org.apache.ratis.thirdparty.io.netty.channel.nio.NioEventLoop.processSelectedKey(NioEventLoop.java:632)
	at org.apache.ratis.thirdparty.io.netty.channel.nio.NioEventLoop.processSelectedKeysOptimized(NioEventLoop.java:579)
	at org.apache.ratis.thirdparty.io.netty.channel.nio.NioEventLoop.processSelectedKeys(NioEventLoop.java:496)
	at org.apache.ratis.thirdparty.io.netty.channel.nio.NioEventLoop.run(NioEventLoop.java:458)
	at org.apache.ratis.thirdparty.io.netty.util.concurrent.SingleThreadEventExecutor$5.run(SingleThreadEventExecutor.java:897)
	at org.apache.ratis.thirdparty.io.netty.util.concurrent.FastThreadLocalRunnable.run(FastThreadLocalRunnable.java:30)
	... 1 more
Caused by: java.net.ConnectException: Connection refused
	... 11 more
2019-08-29 08:35:07,760 [f0c18ce4-0e5b-4823-99c8-fd716531bc5f:group-4C1082AB210C:LeaderElection46] INFO  impl.LeaderElection (LeaderElection.java:logAndReturn(56)) - f0c18ce4-0e5b-4823-99c8-fd716531bc5f:group-4C1082AB210C:LeaderElection46: Election REJECTED; received 0 response(s) [] and 2 exception(s); f0c18ce4-0e5b-4823-99c8-fd716531bc5f:t5, leader=null, voted=f0c18ce4-0e5b-4823-99c8-fd716531bc5f, raftlog=f0c18ce4-0e5b-4823-99c8-fd716531bc5f-SegmentedRaftLog:OPENED:c17,f18,i18, conf=12: [4da055f9-cd9d-4c6f-9ab8-147a42717fcf:192.168.69.89:41539, 02bf3283-c6bf-4588-a57c-baa459038378:192.168.69.89:46486, f0c18ce4-0e5b-4823-99c8-fd716531bc5f:192.168.69.89:36167], old=null
2019-08-29 08:35:07,760 [f0c18ce4-0e5b-4823-99c8-fd716531bc5f:group-4C1082AB210C:LeaderElection46] INFO  impl.LeaderElection (LogUtils.java:infoOrTrace(149)) -   Exception 0: {}
java.util.concurrent.ExecutionException: org.apache.ratis.thirdparty.io.grpc.StatusRuntimeException: UNAVAILABLE: io exception
	at java.util.concurrent.FutureTask.report(FutureTask.java:122)
	at java.util.concurrent.FutureTask.get(FutureTask.java:192)
	at org.apache.ratis.server.impl.LeaderElection.waitForResults(LeaderElection.java:262)
	at org.apache.ratis.server.impl.LeaderElection.askForVotes(LeaderElection.java:200)
	at org.apache.ratis.server.impl.LeaderElection.run(LeaderElection.java:130)
	at java.lang.Thread.run(Thread.java:748)
Caused by: org.apache.ratis.thirdparty.io.grpc.StatusRuntimeException: UNAVAILABLE: io exception
	at org.apache.ratis.thirdparty.io.grpc.stub.ClientCalls.toStatusRuntimeException(ClientCalls.java:233)
	at org.apache.ratis.thirdparty.io.grpc.stub.ClientCalls.getUnchecked(ClientCalls.java:214)
	at org.apache.ratis.thirdparty.io.grpc.stub.ClientCalls.blockingUnaryCall(ClientCalls.java:139)
	at org.apache.ratis.proto.grpc.RaftServerProtocolServiceGrpc$RaftServerProtocolServiceBlockingStub.requestVote(RaftServerProtocolServiceGrpc.java:265)
	at org.apache.ratis.grpc.server.GrpcServerProtocolClient.requestVote(GrpcServerProtocolClient.java:83)
	at org.apache.ratis.grpc.server.GrpcService.requestVote(GrpcService.java:195)
	at org.apache.ratis.server.impl.LeaderElection.lambda$submitRequests$1(LeaderElection.java:237)
	at java.util.concurrent.FutureTask.run(FutureTask.java:266)
	at java.util.concurrent.Executors$RunnableAdapter.call(Executors.java:511)
	at java.util.concurrent.FutureTask.run(FutureTask.java:266)
	at java.util.concurrent.ThreadPoolExecutor.runWorker(ThreadPoolExecutor.java:1149)
	at java.util.concurrent.ThreadPoolExecutor$Worker.run(ThreadPoolExecutor.java:624)
	... 1 more
Caused by: org.apache.ratis.thirdparty.io.netty.channel.AbstractChannel$AnnotatedConnectException: Connection refused: /192.168.69.89:46486
	at sun.nio.ch.SocketChannelImpl.checkConnect(Native Method)
	at sun.nio.ch.SocketChannelImpl.finishConnect(SocketChannelImpl.java:717)
	at org.apache.ratis.thirdparty.io.netty.channel.socket.nio.NioSocketChannel.doFinishConnect(NioSocketChannel.java:327)
	at org.apache.ratis.thirdparty.io.netty.channel.nio.AbstractNioChannel$AbstractNioUnsafe.finishConnect(AbstractNioChannel.java:340)
	at org.apache.ratis.thirdparty.io.netty.channel.nio.NioEventLoop.processSelectedKey(NioEventLoop.java:632)
	at org.apache.ratis.thirdparty.io.netty.channel.nio.NioEventLoop.processSelectedKeysOptimized(NioEventLoop.java:579)
	at org.apache.ratis.thirdparty.io.netty.channel.nio.NioEventLoop.processSelectedKeys(NioEventLoop.java:496)
	at org.apache.ratis.thirdparty.io.netty.channel.nio.NioEventLoop.run(NioEventLoop.java:458)
	at org.apache.ratis.thirdparty.io.netty.util.concurrent.SingleThreadEventExecutor$5.run(SingleThreadEventExecutor.java:897)
	at org.apache.ratis.thirdparty.io.netty.util.concurrent.FastThreadLocalRunnable.run(FastThreadLocalRunnable.java:30)
	... 1 more
Caused by: java.net.ConnectException: Connection refused
	... 11 more
2019-08-29 08:35:07,761 [f0c18ce4-0e5b-4823-99c8-fd716531bc5f:group-4C1082AB210C:LeaderElection46] INFO  impl.LeaderElection (LogUtils.java:infoOrTrace(149)) -   Exception 1: {}
java.util.concurrent.ExecutionException: org.apache.ratis.thirdparty.io.grpc.StatusRuntimeException: UNAVAILABLE: io exception
	at java.util.concurrent.FutureTask.report(FutureTask.java:122)
	at java.util.concurrent.FutureTask.get(FutureTask.java:192)
	at org.apache.ratis.server.impl.LeaderElection.waitForResults(LeaderElection.java:262)
	at org.apache.ratis.server.impl.LeaderElection.askForVotes(LeaderElection.java:200)
	at org.apache.ratis.server.impl.LeaderElection.run(LeaderElection.java:130)
	at java.lang.Thread.run(Thread.java:748)
Caused by: org.apache.ratis.thirdparty.io.grpc.StatusRuntimeException: UNAVAILABLE: io exception
	at org.apache.ratis.thirdparty.io.grpc.stub.ClientCalls.toStatusRuntimeException(ClientCalls.java:233)
	at org.apache.ratis.thirdparty.io.grpc.stub.ClientCalls.getUnchecked(ClientCalls.java:214)
	at org.apache.ratis.thirdparty.io.grpc.stub.ClientCalls.blockingUnaryCall(ClientCalls.java:139)
	at org.apache.ratis.proto.grpc.RaftServerProtocolServiceGrpc$RaftServerProtocolServiceBlockingStub.requestVote(RaftServerProtocolServiceGrpc.java:265)
	at org.apache.ratis.grpc.server.GrpcServerProtocolClient.requestVote(GrpcServerProtocolClient.java:83)
	at org.apache.ratis.grpc.server.GrpcService.requestVote(GrpcService.java:195)
	at org.apache.ratis.server.impl.LeaderElection.lambda$submitRequests$1(LeaderElection.java:237)
	at java.util.concurrent.FutureTask.run(FutureTask.java:266)
	at java.util.concurrent.Executors$RunnableAdapter.call(Executors.java:511)
	at java.util.concurrent.FutureTask.run(FutureTask.java:266)
	at java.util.concurrent.ThreadPoolExecutor.runWorker(ThreadPoolExecutor.java:1149)
	at java.util.concurrent.ThreadPoolExecutor$Worker.run(ThreadPoolExecutor.java:624)
	... 1 more
Caused by: org.apache.ratis.thirdparty.io.netty.channel.AbstractChannel$AnnotatedConnectException: Connection refused: /192.168.69.89:41539
	at sun.nio.ch.SocketChannelImpl.checkConnect(Native Method)
	at sun.nio.ch.SocketChannelImpl.finishConnect(SocketChannelImpl.java:717)
	at org.apache.ratis.thirdparty.io.netty.channel.socket.nio.NioSocketChannel.doFinishConnect(NioSocketChannel.java:327)
	at org.apache.ratis.thirdparty.io.netty.channel.nio.AbstractNioChannel$AbstractNioUnsafe.finishConnect(AbstractNioChannel.java:340)
	at org.apache.ratis.thirdparty.io.netty.channel.nio.NioEventLoop.processSelectedKey(NioEventLoop.java:632)
	at org.apache.ratis.thirdparty.io.netty.channel.nio.NioEventLoop.processSelectedKeysOptimized(NioEventLoop.java:579)
	at org.apache.ratis.thirdparty.io.netty.channel.nio.NioEventLoop.processSelectedKeys(NioEventLoop.java:496)
	at org.apache.ratis.thirdparty.io.netty.channel.nio.NioEventLoop.run(NioEventLoop.java:458)
	at org.apache.ratis.thirdparty.io.netty.util.concurrent.SingleThreadEventExecutor$5.run(SingleThreadEventExecutor.java:897)
	at org.apache.ratis.thirdparty.io.netty.util.concurrent.FastThreadLocalRunnable.run(FastThreadLocalRunnable.java:30)
	... 1 more
Caused by: java.net.ConnectException: Connection refused
	... 11 more
2019-08-29 08:35:07,761 [f0c18ce4-0e5b-4823-99c8-fd716531bc5f:group-4C1082AB210C:LeaderElection46] INFO  impl.RaftServerImpl (RaftServerImpl.java:setRole(171)) - f0c18ce4-0e5b-4823-99c8-fd716531bc5f:group-4C1082AB210C changes role from CANDIDATE to FOLLOWER at term 5 for DISCOVERED_A_NEW_TERM
2019-08-29 08:35:07,761 [f0c18ce4-0e5b-4823-99c8-fd716531bc5f:group-4C1082AB210C:LeaderElection46] INFO  impl.RoleInfo (RoleInfo.java:shutdownLeaderElection(134)) - f0c18ce4-0e5b-4823-99c8-fd716531bc5f: shutdown LeaderElection
2019-08-29 08:35:07,761 [f0c18ce4-0e5b-4823-99c8-fd716531bc5f:group-4C1082AB210C:LeaderElection46] INFO  impl.RoleInfo (RoleInfo.java:updateAndGet(143)) - f0c18ce4-0e5b-4823-99c8-fd716531bc5f: start FollowerState
2019-08-29 08:35:08,404 | INFO  | SCMAudit | user=jenkins1000 | ip=192.168.69.89 | op=SEND_HEARTBEAT {datanodeUUID=f0c18ce4-0e5b-4823-99c8-fd716531bc5f, command=[]} | ret=SUCCESS |  
2019-08-29 08:35:08,490 [Datanode State Machine Thread - 0] INFO  statemachine.DatanodeStateMachine (DatanodeStateMachine.java:lambda$startDaemon$0(350)) - Ozone container server started.
2019-08-29 08:35:08,799 [Thread-1526] INFO  impl.FollowerState (FollowerState.java:run(106)) - f0c18ce4-0e5b-4823-99c8-fd716531bc5f:group-4C1082AB210C changes to CANDIDATE, lastRpcTime:1037, electionTimeout:1037ms
2019-08-29 08:35:08,799 [Thread-1526] INFO  impl.RoleInfo (RoleInfo.java:shutdownFollowerState(121)) - f0c18ce4-0e5b-4823-99c8-fd716531bc5f: shutdown FollowerState
2019-08-29 08:35:08,799 [Thread-1526] INFO  impl.RaftServerImpl (RaftServerImpl.java:setRole(171)) - f0c18ce4-0e5b-4823-99c8-fd716531bc5f:group-4C1082AB210C changes role from FOLLOWER to CANDIDATE at term 5 for changeToCandidate
2019-08-29 08:35:08,799 [Thread-1526] INFO  impl.RoleInfo (RoleInfo.java:updateAndGet(143)) - f0c18ce4-0e5b-4823-99c8-fd716531bc5f: start LeaderElection
2019-08-29 08:35:09,403 | INFO  | SCMAudit | user=jenkins1000 | ip=192.168.69.89 | op=SEND_HEARTBEAT {datanodeUUID=f0c18ce4-0e5b-4823-99c8-fd716531bc5f, command=[]} | ret=SUCCESS |  
2019-08-29 08:35:09,490 [StateMachineUpdater:129685ee-8122-4333-8930-3eeb8cf836af:group-4F259F9E67CD] INFO  ratis.ContainerStateMachine (ContainerStateMachine.java:takeSnapshot(294)) - group-4F259F9E67CD: Finished taking a snapshot at:(t:2, i:12) file:/workdir/hadoop-ozone/integration-test/target/test-dir/MiniOzoneClusterImpl-839c4a83-1072-4184-a39a-41aa01fb846d/datanode-8/data/ratis/9e321d5a-d5d8-48c0-844c-4f259f9e67cd/sm/snapshot.2_12 time:1916
2019-08-29 08:35:09,491 [StateMachineUpdater:129685ee-8122-4333-8930-3eeb8cf836af:group-4F259F9E67CD] INFO  impl.StateMachineUpdater (StateMachineUpdater.java:takeSnapshot(242)) - StateMachineUpdater:129685ee-8122-4333-8930-3eeb8cf836af:group-4F259F9E67CD: Took a snapshot at index 12
2019-08-29 08:35:09,491 [StateMachineUpdater:129685ee-8122-4333-8930-3eeb8cf836af:group-4F259F9E67CD] INFO  impl.StateMachineUpdater (StateMachineUpdater.java:lambda$new$0(80)) - StateMachineUpdater:129685ee-8122-4333-8930-3eeb8cf836af:group-4F259F9E67CD: snapshotIndex: updateIncreasingly -1 -> 12
2019-08-29 08:35:09,491 [main] INFO  impl.RaftServerImpl (ServerState.java:close(394)) - 129685ee-8122-4333-8930-3eeb8cf836af:group-4F259F9E67CD closes. The last applied log index is 16
2019-08-29 08:35:09,492 [129685ee-8122-4333-8930-3eeb8cf836af-SegmentedRaftLogWorker:Storage Directory /workdir/hadoop-ozone/integration-test/target/test-dir/MiniOzoneClusterImpl-839c4a83-1072-4184-a39a-41aa01fb846d/datanode-8/data/ratis/9e321d5a-d5d8-48c0-844c-4f259f9e67cd] INFO  segmented.SegmentedRaftLogWorker (SegmentedRaftLogWorker.java:run(313)) - 129685ee-8122-4333-8930-3eeb8cf836af-SegmentedRaftLogWorker:Storage Directory /workdir/hadoop-ozone/integration-test/target/test-dir/MiniOzoneClusterImpl-839c4a83-1072-4184-a39a-41aa01fb846d/datanode-8/data/ratis/9e321d5a-d5d8-48c0-844c-4f259f9e67cd was interrupted, exiting. There are 0 tasks remaining in the queue.
2019-08-29 08:35:10,403 | INFO  | SCMAudit | user=jenkins1000 | ip=192.168.69.89 | op=SEND_HEARTBEAT {datanodeUUID=f0c18ce4-0e5b-4823-99c8-fd716531bc5f, command=[]} | ret=SUCCESS |  
2019-08-29 08:35:11,403 | INFO  | SCMAudit | user=jenkins1000 | ip=192.168.69.89 | op=SEND_HEARTBEAT {datanodeUUID=f0c18ce4-0e5b-4823-99c8-fd716531bc5f, command=[]} | ret=SUCCESS |  
2019-08-29 08:35:11,413 [e7b9916e-4eca-4156-a086-839e4ffd13a0:group-F65937874E2C:LeaderElection47] INFO  impl.LeaderElection (LeaderElection.java:askForVotes(181)) - e7b9916e-4eca-4156-a086-839e4ffd13a0:group-F65937874E2C:LeaderElection47: begin an election at term 4 for 0: [bcbb4469-e902-4083-b3d9-1bab9ea4cd29:192.168.69.89:42960, 99586f2f-9d87-40a3-9061-4566008201fd:192.168.69.89:38980, e7b9916e-4eca-4156-a086-839e4ffd13a0:192.168.69.89:37189], old=null
2019-08-29 08:35:11,413 [main] INFO  segmented.SegmentedRaftLogWorker (SegmentedRaftLogWorker.java:close(228)) - 129685ee-8122-4333-8930-3eeb8cf836af-SegmentedRaftLogWorker:Storage Directory /workdir/hadoop-ozone/integration-test/target/test-dir/MiniOzoneClusterImpl-839c4a83-1072-4184-a39a-41aa01fb846d/datanode-8/data/ratis/9e321d5a-d5d8-48c0-844c-4f259f9e67cd close()
2019-08-29 08:35:11,417 [main] INFO  server.GrpcService (GrpcService.java:closeImpl(155)) - 129685ee-8122-4333-8930-3eeb8cf836af: shutdown server with port 45580 now
2019-08-29 08:35:11,417 [main] INFO  server.GrpcService (GrpcService.java:closeImpl(163)) - 129685ee-8122-4333-8930-3eeb8cf836af: shutdown server with port 45580 successfully
2019-08-29 08:35:11,419 [e7b9916e-4eca-4156-a086-839e4ffd13a0:group-F65937874E2C:LeaderElection47] INFO  impl.LeaderElection (LogUtils.java:infoOrTrace(149)) - e7b9916e-4eca-4156-a086-839e4ffd13a0:group-F65937874E2C:LeaderElection47 got exception when requesting votes: {}
java.util.concurrent.ExecutionException: org.apache.ratis.thirdparty.io.grpc.StatusRuntimeException: UNAVAILABLE: io exception
	at java.util.concurrent.FutureTask.report(FutureTask.java:122)
	at java.util.concurrent.FutureTask.get(FutureTask.java:192)
	at org.apache.ratis.server.impl.LeaderElection.waitForResults(LeaderElection.java:262)
	at org.apache.ratis.server.impl.LeaderElection.askForVotes(LeaderElection.java:200)
	at org.apache.ratis.server.impl.LeaderElection.run(LeaderElection.java:130)
	at java.lang.Thread.run(Thread.java:748)
Caused by: org.apache.ratis.thirdparty.io.grpc.StatusRuntimeException: UNAVAILABLE: io exception
	at org.apache.ratis.thirdparty.io.grpc.stub.ClientCalls.toStatusRuntimeException(ClientCalls.java:233)
	at org.apache.ratis.thirdparty.io.grpc.stub.ClientCalls.getUnchecked(ClientCalls.java:214)
	at org.apache.ratis.thirdparty.io.grpc.stub.ClientCalls.blockingUnaryCall(ClientCalls.java:139)
	at org.apache.ratis.proto.grpc.RaftServerProtocolServiceGrpc$RaftServerProtocolServiceBlockingStub.requestVote(RaftServerProtocolServiceGrpc.java:265)
	at org.apache.ratis.grpc.server.GrpcServerProtocolClient.requestVote(GrpcServerProtocolClient.java:83)
	at org.apache.ratis.grpc.server.GrpcService.requestVote(GrpcService.java:195)
	at org.apache.ratis.server.impl.LeaderElection.lambda$submitRequests$1(LeaderElection.java:237)
	at java.util.concurrent.FutureTask.run(FutureTask.java:266)
	at java.util.concurrent.Executors$RunnableAdapter.call(Executors.java:511)
	at java.util.concurrent.FutureTask.run(FutureTask.java:266)
	at java.util.concurrent.ThreadPoolExecutor.runWorker(ThreadPoolExecutor.java:1149)
	at java.util.concurrent.ThreadPoolExecutor$Worker.run(ThreadPoolExecutor.java:624)
	... 1 more
Caused by: org.apache.ratis.thirdparty.io.netty.channel.AbstractChannel$AnnotatedConnectException: Connection refused: /192.168.69.89:38980
	at sun.nio.ch.SocketChannelImpl.checkConnect(Native Method)
	at sun.nio.ch.SocketChannelImpl.finishConnect(SocketChannelImpl.java:717)
	at org.apache.ratis.thirdparty.io.netty.channel.socket.nio.NioSocketChannel.doFinishConnect(NioSocketChannel.java:327)
	at org.apache.ratis.thirdparty.io.netty.channel.nio.AbstractNioChannel$AbstractNioUnsafe.finishConnect(AbstractNioChannel.java:340)
	at org.apache.ratis.thirdparty.io.netty.channel.nio.NioEventLoop.processSelectedKey(NioEventLoop.java:632)
	at org.apache.ratis.thirdparty.io.netty.channel.nio.NioEventLoop.processSelectedKeysOptimized(NioEventLoop.java:579)
	at org.apache.ratis.thirdparty.io.netty.channel.nio.NioEventLoop.processSelectedKeys(NioEventLoop.java:496)
	at org.apache.ratis.thirdparty.io.netty.channel.nio.NioEventLoop.run(NioEventLoop.java:458)
	at org.apache.ratis.thirdparty.io.netty.util.concurrent.SingleThreadEventExecutor$5.run(SingleThreadEventExecutor.java:897)
	at org.apache.ratis.thirdparty.io.netty.util.concurrent.FastThreadLocalRunnable.run(FastThreadLocalRunnable.java:30)
	... 1 more
Caused by: java.net.ConnectException: Connection refused
	... 11 more
2019-08-29 08:35:11,423 [e7b9916e-4eca-4156-a086-839e4ffd13a0:group-F65937874E2C:LeaderElection47] INFO  impl.LeaderElection (LogUtils.java:infoOrTrace(149)) - e7b9916e-4eca-4156-a086-839e4ffd13a0:group-F65937874E2C:LeaderElection47 got exception when requesting votes: {}
java.util.concurrent.ExecutionException: org.apache.ratis.thirdparty.io.grpc.StatusRuntimeException: UNAVAILABLE: io exception
	at java.util.concurrent.FutureTask.report(FutureTask.java:122)
	at java.util.concurrent.FutureTask.get(FutureTask.java:192)
	at org.apache.ratis.server.impl.LeaderElection.waitForResults(LeaderElection.java:262)
	at org.apache.ratis.server.impl.LeaderElection.askForVotes(LeaderElection.java:200)
	at org.apache.ratis.server.impl.LeaderElection.run(LeaderElection.java:130)
	at java.lang.Thread.run(Thread.java:748)
Caused by: org.apache.ratis.thirdparty.io.grpc.StatusRuntimeException: UNAVAILABLE: io exception
	at org.apache.ratis.thirdparty.io.grpc.stub.ClientCalls.toStatusRuntimeException(ClientCalls.java:233)
	at org.apache.ratis.thirdparty.io.grpc.stub.ClientCalls.getUnchecked(ClientCalls.java:214)
	at org.apache.ratis.thirdparty.io.grpc.stub.ClientCalls.blockingUnaryCall(ClientCalls.java:139)
	at org.apache.ratis.proto.grpc.RaftServerProtocolServiceGrpc$RaftServerProtocolServiceBlockingStub.requestVote(RaftServerProtocolServiceGrpc.java:265)
	at org.apache.ratis.grpc.server.GrpcServerProtocolClient.requestVote(GrpcServerProtocolClient.java:83)
	at org.apache.ratis.grpc.server.GrpcService.requestVote(GrpcService.java:195)
	at org.apache.ratis.server.impl.LeaderElection.lambda$submitRequests$1(LeaderElection.java:237)
	at java.util.concurrent.FutureTask.run(FutureTask.java:266)
	at java.util.concurrent.Executors$RunnableAdapter.call(Executors.java:511)
	at java.util.concurrent.FutureTask.run(FutureTask.java:266)
	at java.util.concurrent.ThreadPoolExecutor.runWorker(ThreadPoolExecutor.java:1149)
	at java.util.concurrent.ThreadPoolExecutor$Worker.run(ThreadPoolExecutor.java:624)
	... 1 more
Caused by: org.apache.ratis.thirdparty.io.netty.channel.AbstractChannel$AnnotatedConnectException: Connection refused: /192.168.69.89:42960
	at sun.nio.ch.SocketChannelImpl.checkConnect(Native Method)
	at sun.nio.ch.SocketChannelImpl.finishConnect(SocketChannelImpl.java:717)
	at org.apache.ratis.thirdparty.io.netty.channel.socket.nio.NioSocketChannel.doFinishConnect(NioSocketChannel.java:327)
	at org.apache.ratis.thirdparty.io.netty.channel.nio.AbstractNioChannel$AbstractNioUnsafe.finishConnect(AbstractNioChannel.java:340)
	at org.apache.ratis.thirdparty.io.netty.channel.nio.NioEventLoop.processSelectedKey(NioEventLoop.java:632)
	at org.apache.ratis.thirdparty.io.netty.channel.nio.NioEventLoop.processSelectedKeysOptimized(NioEventLoop.java:579)
	at org.apache.ratis.thirdparty.io.netty.channel.nio.NioEventLoop.processSelectedKeys(NioEventLoop.java:496)
	at org.apache.ratis.thirdparty.io.netty.channel.nio.NioEventLoop.run(NioEventLoop.java:458)
	at org.apache.ratis.thirdparty.io.netty.util.concurrent.SingleThreadEventExecutor$5.run(SingleThreadEventExecutor.java:897)
	at org.apache.ratis.thirdparty.io.netty.util.concurrent.FastThreadLocalRunnable.run(FastThreadLocalRunnable.java:30)
	... 1 more
Caused by: java.net.ConnectException: Connection refused
	... 11 more
2019-08-29 08:35:11,428 [e7b9916e-4eca-4156-a086-839e4ffd13a0:group-F65937874E2C:LeaderElection47] INFO  impl.LeaderElection (LeaderElection.java:logAndReturn(56)) - e7b9916e-4eca-4156-a086-839e4ffd13a0:group-F65937874E2C:LeaderElection47: Election REJECTED; received 0 response(s) [] and 2 exception(s); e7b9916e-4eca-4156-a086-839e4ffd13a0:t4, leader=null, voted=e7b9916e-4eca-4156-a086-839e4ffd13a0, raftlog=e7b9916e-4eca-4156-a086-839e4ffd13a0-SegmentedRaftLog:OPENED:c31,f31,i31, conf=0: [bcbb4469-e902-4083-b3d9-1bab9ea4cd29:192.168.69.89:42960, 99586f2f-9d87-40a3-9061-4566008201fd:192.168.69.89:38980, e7b9916e-4eca-4156-a086-839e4ffd13a0:192.168.69.89:37189], old=null
2019-08-29 08:35:11,428 [e7b9916e-4eca-4156-a086-839e4ffd13a0:group-F65937874E2C:LeaderElection47] INFO  impl.LeaderElection (LogUtils.java:infoOrTrace(149)) -   Exception 0: {}
java.util.concurrent.ExecutionException: org.apache.ratis.thirdparty.io.grpc.StatusRuntimeException: UNAVAILABLE: io exception
	at java.util.concurrent.FutureTask.report(FutureTask.java:122)
	at java.util.concurrent.FutureTask.get(FutureTask.java:192)
	at org.apache.ratis.server.impl.LeaderElection.waitForResults(LeaderElection.java:262)
	at org.apache.ratis.server.impl.LeaderElection.askForVotes(LeaderElection.java:200)
	at org.apache.ratis.server.impl.LeaderElection.run(LeaderElection.java:130)
	at java.lang.Thread.run(Thread.java:748)
Caused by: org.apache.ratis.thirdparty.io.grpc.StatusRuntimeException: UNAVAILABLE: io exception
	at org.apache.ratis.thirdparty.io.grpc.stub.ClientCalls.toStatusRuntimeException(ClientCalls.java:233)
	at org.apache.ratis.thirdparty.io.grpc.stub.ClientCalls.getUnchecked(ClientCalls.java:214)
	at org.apache.ratis.thirdparty.io.grpc.stub.ClientCalls.blockingUnaryCall(ClientCalls.java:139)
	at org.apache.ratis.proto.grpc.RaftServerProtocolServiceGrpc$RaftServerProtocolServiceBlockingStub.requestVote(RaftServerProtocolServiceGrpc.java:265)
	at org.apache.ratis.grpc.server.GrpcServerProtocolClient.requestVote(GrpcServerProtocolClient.java:83)
	at org.apache.ratis.grpc.server.GrpcService.requestVote(GrpcService.java:195)
	at org.apache.ratis.server.impl.LeaderElection.lambda$submitRequests$1(LeaderElection.java:237)
	at java.util.concurrent.FutureTask.run(FutureTask.java:266)
	at java.util.concurrent.Executors$RunnableAdapter.call(Executors.java:511)
	at java.util.concurrent.FutureTask.run(FutureTask.java:266)
	at java.util.concurrent.ThreadPoolExecutor.runWorker(ThreadPoolExecutor.java:1149)
	at java.util.concurrent.ThreadPoolExecutor$Worker.run(ThreadPoolExecutor.java:624)
	... 1 more
Caused by: org.apache.ratis.thirdparty.io.netty.channel.AbstractChannel$AnnotatedConnectException: Connection refused: /192.168.69.89:38980
	at sun.nio.ch.SocketChannelImpl.checkConnect(Native Method)
	at sun.nio.ch.SocketChannelImpl.finishConnect(SocketChannelImpl.java:717)
	at org.apache.ratis.thirdparty.io.netty.channel.socket.nio.NioSocketChannel.doFinishConnect(NioSocketChannel.java:327)
	at org.apache.ratis.thirdparty.io.netty.channel.nio.AbstractNioChannel$AbstractNioUnsafe.finishConnect(AbstractNioChannel.java:340)
	at org.apache.ratis.thirdparty.io.netty.channel.nio.NioEventLoop.processSelectedKey(NioEventLoop.java:632)
	at org.apache.ratis.thirdparty.io.netty.channel.nio.NioEventLoop.processSelectedKeysOptimized(NioEventLoop.java:579)
	at org.apache.ratis.thirdparty.io.netty.channel.nio.NioEventLoop.processSelectedKeys(NioEventLoop.java:496)
	at org.apache.ratis.thirdparty.io.netty.channel.nio.NioEventLoop.run(NioEventLoop.java:458)
	at org.apache.ratis.thirdparty.io.netty.util.concurrent.SingleThreadEventExecutor$5.run(SingleThreadEventExecutor.java:897)
	at org.apache.ratis.thirdparty.io.netty.util.concurrent.FastThreadLocalRunnable.run(FastThreadLocalRunnable.java:30)
	... 1 more
Caused by: java.net.ConnectException: Connection refused
	... 11 more
2019-08-29 08:35:11,430 [e7b9916e-4eca-4156-a086-839e4ffd13a0:group-F65937874E2C:LeaderElection47] INFO  impl.LeaderElection (LogUtils.java:infoOrTrace(149)) -   Exception 1: {}
java.util.concurrent.ExecutionException: org.apache.ratis.thirdparty.io.grpc.StatusRuntimeException: UNAVAILABLE: io exception
	at java.util.concurrent.FutureTask.report(FutureTask.java:122)
	at java.util.concurrent.FutureTask.get(FutureTask.java:192)
	at org.apache.ratis.server.impl.LeaderElection.waitForResults(LeaderElection.java:262)
	at org.apache.ratis.server.impl.LeaderElection.askForVotes(LeaderElection.java:200)
	at org.apache.ratis.server.impl.LeaderElection.run(LeaderElection.java:130)
	at java.lang.Thread.run(Thread.java:748)
Caused by: org.apache.ratis.thirdparty.io.grpc.StatusRuntimeException: UNAVAILABLE: io exception
	at org.apache.ratis.thirdparty.io.grpc.stub.ClientCalls.toStatusRuntimeException(ClientCalls.java:233)
	at org.apache.ratis.thirdparty.io.grpc.stub.ClientCalls.getUnchecked(ClientCalls.java:214)
	at org.apache.ratis.thirdparty.io.grpc.stub.ClientCalls.blockingUnaryCall(ClientCalls.java:139)
	at org.apache.ratis.proto.grpc.RaftServerProtocolServiceGrpc$RaftServerProtocolServiceBlockingStub.requestVote(RaftServerProtocolServiceGrpc.java:265)
	at org.apache.ratis.grpc.server.GrpcServerProtocolClient.requestVote(GrpcServerProtocolClient.java:83)
	at org.apache.ratis.grpc.server.GrpcService.requestVote(GrpcService.java:195)
	at org.apache.ratis.server.impl.LeaderElection.lambda$submitRequests$1(LeaderElection.java:237)
	at java.util.concurrent.FutureTask.run(FutureTask.java:266)
	at java.util.concurrent.Executors$RunnableAdapter.call(Executors.java:511)
	at java.util.concurrent.FutureTask.run(FutureTask.java:266)
	at java.util.concurrent.ThreadPoolExecutor.runWorker(ThreadPoolExecutor.java:1149)
	at java.util.concurrent.ThreadPoolExecutor$Worker.run(ThreadPoolExecutor.java:624)
	... 1 more
Caused by: org.apache.ratis.thirdparty.io.netty.channel.AbstractChannel$AnnotatedConnectException: Connection refused: /192.168.69.89:42960
	at sun.nio.ch.SocketChannelImpl.checkConnect(Native Method)
	at sun.nio.ch.SocketChannelImpl.finishConnect(SocketChannelImpl.java:717)
	at org.apache.ratis.thirdparty.io.netty.channel.socket.nio.NioSocketChannel.doFinishConnect(NioSocketChannel.java:327)
	at org.apache.ratis.thirdparty.io.netty.channel.nio.AbstractNioChannel$AbstractNioUnsafe.finishConnect(AbstractNioChannel.java:340)
	at org.apache.ratis.thirdparty.io.netty.channel.nio.NioEventLoop.processSelectedKey(NioEventLoop.java:632)
	at org.apache.ratis.thirdparty.io.netty.channel.nio.NioEventLoop.processSelectedKeysOptimized(NioEventLoop.java:579)
	at org.apache.ratis.thirdparty.io.netty.channel.nio.NioEventLoop.processSelectedKeys(NioEventLoop.java:496)
	at org.apache.ratis.thirdparty.io.netty.channel.nio.NioEventLoop.run(NioEventLoop.java:458)
	at org.apache.ratis.thirdparty.io.netty.util.concurrent.SingleThreadEventExecutor$5.run(SingleThreadEventExecutor.java:897)
	at org.apache.ratis.thirdparty.io.netty.util.concurrent.FastThreadLocalRunnable.run(FastThreadLocalRunnable.java:30)
	... 1 more
Caused by: java.net.ConnectException: Connection refused
	... 11 more
2019-08-29 08:35:11,431 [e7b9916e-4eca-4156-a086-839e4ffd13a0:group-F65937874E2C:LeaderElection47] INFO  impl.RaftServerImpl (RaftServerImpl.java:setRole(171)) - e7b9916e-4eca-4156-a086-839e4ffd13a0:group-F65937874E2C changes role from CANDIDATE to FOLLOWER at term 4 for DISCOVERED_A_NEW_TERM
2019-08-29 08:35:11,431 [e7b9916e-4eca-4156-a086-839e4ffd13a0:group-F65937874E2C:LeaderElection47] INFO  impl.RoleInfo (RoleInfo.java:shutdownLeaderElection(134)) - e7b9916e-4eca-4156-a086-839e4ffd13a0: shutdown LeaderElection
2019-08-29 08:35:11,432 [e7b9916e-4eca-4156-a086-839e4ffd13a0:group-F65937874E2C:LeaderElection47] INFO  impl.RoleInfo (RoleInfo.java:updateAndGet(143)) - e7b9916e-4eca-4156-a086-839e4ffd13a0: start FollowerState
2019-08-29 08:35:11,432 [main] INFO  utils.BackgroundService (BackgroundService.java:shutdown(148)) - Shutting down service BlockDeletingService
2019-08-29 08:35:11,434 [refreshUsed-/workdir/hadoop-ozone/integration-test/target/test-dir/MiniOzoneClusterImpl-839c4a83-1072-4184-a39a-41aa01fb846d/datanode-8/data/containers] WARN  fs.CachingGetSpaceUsed (CachingGetSpaceUsed.java:run(183)) - Thread Interrupted waiting to refresh disk information: sleep interrupted
2019-08-29 08:35:11,454 [main] INFO  statemachine.DatanodeStateMachine (DatanodeStateMachine.java:stopDaemon(395)) - Ozone container server stopped.
2019-08-29 08:35:11,455 [main] INFO  handler.ContextHandler (ContextHandler.java:doStop(910)) - Stopped o.e.j.w.WebAppContext@5c573229{/,null,UNAVAILABLE}{/hddsDatanode}
2019-08-29 08:35:11,456 [main] INFO  server.AbstractConnector (AbstractConnector.java:doStop(318)) - Stopped ServerConnector@77ecdc2b{HTTP/1.1,[http/1.1]}{0.0.0.0:0}
2019-08-29 08:35:11,456 [main] INFO  handler.ContextHandler (ContextHandler.java:doStop(910)) - Stopped o.e.j.s.ServletContextHandler@2bc16fe2{/static,jar:file:/home/user/.m2/repository/org/apache/hadoop/hadoop-hdds-container-service/0.5.0-SNAPSHOT/hadoop-hdds-container-service-0.5.0-SNAPSHOT.jar!/webapps/static,UNAVAILABLE}
2019-08-29 08:35:11,457 [main] INFO  handler.ContextHandler (ContextHandler.java:doStop(910)) - Stopped o.e.j.s.ServletContextHandler@2cea921a{/logs,file:///workdir/hadoop-ozone/integration-test/target/log,UNAVAILABLE}
2019-08-29 08:35:11,458 [main] INFO  datanode.ObjectStoreHandler (ObjectStoreHandler.java:close(155)) - Closing ObjectStoreHandler.
2019-08-29 08:35:11,459 [main] INFO  ozone.HddsDatanodeService (HddsDatanodeService.java:stop(451)) - Stopped plug-in org.apache.hadoop.ozone.web.OzoneHddsDatanodeService@3f9f8d23
2019-08-29 08:35:12,403 [Datanode State Machine Thread - 0] INFO  statemachine.DatanodeStateMachine (DatanodeStateMachine.java:lambda$startDaemon$0(350)) - Ozone container server started.
2019-08-29 08:35:12,522 [Thread-1530] INFO  impl.FollowerState (FollowerState.java:run(106)) - e7b9916e-4eca-4156-a086-839e4ffd13a0:group-F65937874E2C changes to CANDIDATE, lastRpcTime:1090, electionTimeout:1089ms
2019-08-29 08:35:12,522 [Thread-1530] INFO  impl.RoleInfo (RoleInfo.java:shutdownFollowerState(121)) - e7b9916e-4eca-4156-a086-839e4ffd13a0: shutdown FollowerState
2019-08-29 08:35:12,522 [Thread-1530] INFO  impl.RaftServerImpl (RaftServerImpl.java:setRole(171)) - e7b9916e-4eca-4156-a086-839e4ffd13a0:group-F65937874E2C changes role from FOLLOWER to CANDIDATE at term 4 for changeToCandidate
2019-08-29 08:35:12,522 [Thread-1530] INFO  impl.RoleInfo (RoleInfo.java:updateAndGet(143)) - e7b9916e-4eca-4156-a086-839e4ffd13a0: start LeaderElection
2019-08-29 08:35:12,574 [ForkJoinPool.commonPool-worker-1] INFO  ozoneimpl.OzoneContainer (OzoneContainer.java:stop(199)) - Attempting to stop container services.
2019-08-29 08:35:12,574 [ForkJoinPool.commonPool-worker-1] INFO  impl.RaftServerProxy (RaftServerProxy.java:lambda$close$4(314)) - e7b9916e-4eca-4156-a086-839e4ffd13a0: close
2019-08-29 08:35:12,574 [ForkJoinPool.commonPool-worker-1] INFO  impl.RaftServerImpl (RaftServerImpl.java:lambda$shutdown$3(245)) - e7b9916e-4eca-4156-a086-839e4ffd13a0: shutdown group-F65937874E2C
2019-08-29 08:35:12,575 [ForkJoinPool.commonPool-worker-1] INFO  util.JmxRegister (JmxRegister.java:unregister(73)) - Successfully un-registered JMX Bean with object name Ratis:service=RaftServer,group=group-F65937874E2C,id=e7b9916e-4eca-4156-a086-839e4ffd13a0
2019-08-29 08:35:12,575 [ForkJoinPool.commonPool-worker-1] INFO  impl.RoleInfo (RoleInfo.java:shutdownLeaderElection(134)) - e7b9916e-4eca-4156-a086-839e4ffd13a0: shutdown LeaderElection
2019-08-29 08:35:12,575 [ForkJoinPool.commonPool-worker-1] INFO  impl.StateMachineUpdater (StateMachineUpdater.java:stopAndJoin(115)) - StateMachineUpdater:e7b9916e-4eca-4156-a086-839e4ffd13a0:group-F65937874E2C: set stopIndex = 31
2019-08-29 08:35:12,576 [StateMachineUpdater:e7b9916e-4eca-4156-a086-839e4ffd13a0:group-F65937874E2C] INFO  ratis.ContainerStateMachine (ContainerStateMachine.java:takeSnapshot(283)) - group-F65937874E2C: Taking a snapshot at:(t:2, i:30) file /workdir/hadoop-ozone/integration-test/target/test-dir/MiniOzoneClusterImpl-839c4a83-1072-4184-a39a-41aa01fb846d/datanode-1/data/ratis/79f04424-d886-402f-8436-f65937874e2c/sm/snapshot.2_30
2019-08-29 08:35:14,634 [f0c18ce4-0e5b-4823-99c8-fd716531bc5f:group-4C1082AB210C:LeaderElection48] INFO  impl.LeaderElection (LeaderElection.java:askForVotes(181)) - f0c18ce4-0e5b-4823-99c8-fd716531bc5f:group-4C1082AB210C:LeaderElection48: begin an election at term 6 for 12: [4da055f9-cd9d-4c6f-9ab8-147a42717fcf:192.168.69.89:41539, 02bf3283-c6bf-4588-a57c-baa459038378:192.168.69.89:46486, f0c18ce4-0e5b-4823-99c8-fd716531bc5f:192.168.69.89:36167], old=null
2019-08-29 08:35:14,635 [f0c18ce4-0e5b-4823-99c8-fd716531bc5f:group-4C1082AB210C:LeaderElection48] INFO  impl.LeaderElection (LogUtils.java:infoOrTrace(149)) - f0c18ce4-0e5b-4823-99c8-fd716531bc5f:group-4C1082AB210C:LeaderElection48 got exception when requesting votes: {}
java.util.concurrent.ExecutionException: org.apache.ratis.thirdparty.io.grpc.StatusRuntimeException: UNAVAILABLE: io exception
	at java.util.concurrent.FutureTask.report(FutureTask.java:122)
	at java.util.concurrent.FutureTask.get(FutureTask.java:192)
	at org.apache.ratis.server.impl.LeaderElection.waitForResults(LeaderElection.java:262)
	at org.apache.ratis.server.impl.LeaderElection.askForVotes(LeaderElection.java:200)
	at org.apache.ratis.server.impl.LeaderElection.run(LeaderElection.java:130)
	at java.lang.Thread.run(Thread.java:748)
Caused by: org.apache.ratis.thirdparty.io.grpc.StatusRuntimeException: UNAVAILABLE: io exception
	at org.apache.ratis.thirdparty.io.grpc.stub.ClientCalls.toStatusRuntimeException(ClientCalls.java:233)
	at org.apache.ratis.thirdparty.io.grpc.stub.ClientCalls.getUnchecked(ClientCalls.java:214)
	at org.apache.ratis.thirdparty.io.grpc.stub.ClientCalls.blockingUnaryCall(ClientCalls.java:139)
	at org.apache.ratis.proto.grpc.RaftServerProtocolServiceGrpc$RaftServerProtocolServiceBlockingStub.requestVote(RaftServerProtocolServiceGrpc.java:265)
	at org.apache.ratis.grpc.server.GrpcServerProtocolClient.requestVote(GrpcServerProtocolClient.java:83)
	at org.apache.ratis.grpc.server.GrpcService.requestVote(GrpcService.java:195)
	at org.apache.ratis.server.impl.LeaderElection.lambda$submitRequests$1(LeaderElection.java:237)
	at java.util.concurrent.FutureTask.run(FutureTask.java:266)
	at java.util.concurrent.Executors$RunnableAdapter.call(Executors.java:511)
	at java.util.concurrent.FutureTask.run(FutureTask.java:266)
	at java.util.concurrent.ThreadPoolExecutor.runWorker(ThreadPoolExecutor.java:1149)
	at java.util.concurrent.ThreadPoolExecutor$Worker.run(ThreadPoolExecutor.java:624)
	... 1 more
Caused by: org.apache.ratis.thirdparty.io.netty.channel.AbstractChannel$AnnotatedConnectException: Connection refused: /192.168.69.89:46486
	at sun.nio.ch.SocketChannelImpl.checkConnect(Native Method)
	at sun.nio.ch.SocketChannelImpl.finishConnect(SocketChannelImpl.java:717)
	at org.apache.ratis.thirdparty.io.netty.channel.socket.nio.NioSocketChannel.doFinishConnect(NioSocketChannel.java:327)
	at org.apache.ratis.thirdparty.io.netty.channel.nio.AbstractNioChannel$AbstractNioUnsafe.finishConnect(AbstractNioChannel.java:340)
	at org.apache.ratis.thirdparty.io.netty.channel.nio.NioEventLoop.processSelectedKey(NioEventLoop.java:632)
	at org.apache.ratis.thirdparty.io.netty.channel.nio.NioEventLoop.processSelectedKeysOptimized(NioEventLoop.java:579)
	at org.apache.ratis.thirdparty.io.netty.channel.nio.NioEventLoop.processSelectedKeys(NioEventLoop.java:496)
	at org.apache.ratis.thirdparty.io.netty.channel.nio.NioEventLoop.run(NioEventLoop.java:458)
	at org.apache.ratis.thirdparty.io.netty.util.concurrent.SingleThreadEventExecutor$5.run(SingleThreadEventExecutor.java:897)
	at org.apache.ratis.thirdparty.io.netty.util.concurrent.FastThreadLocalRunnable.run(FastThreadLocalRunnable.java:30)
	... 1 more
Caused by: java.net.ConnectException: Connection refused
	... 11 more
2019-08-29 08:35:14,637 [f0c18ce4-0e5b-4823-99c8-fd716531bc5f:group-4C1082AB210C:LeaderElection48] INFO  impl.LeaderElection (LogUtils.java:infoOrTrace(149)) - f0c18ce4-0e5b-4823-99c8-fd716531bc5f:group-4C1082AB210C:LeaderElection48 got exception when requesting votes: {}
java.util.concurrent.ExecutionException: org.apache.ratis.thirdparty.io.grpc.StatusRuntimeException: UNAVAILABLE: io exception
	at java.util.concurrent.FutureTask.report(FutureTask.java:122)
	at java.util.concurrent.FutureTask.get(FutureTask.java:192)
	at org.apache.ratis.server.impl.LeaderElection.waitForResults(LeaderElection.java:262)
	at org.apache.ratis.server.impl.LeaderElection.askForVotes(LeaderElection.java:200)
	at org.apache.ratis.server.impl.LeaderElection.run(LeaderElection.java:130)
	at java.lang.Thread.run(Thread.java:748)
Caused by: org.apache.ratis.thirdparty.io.grpc.StatusRuntimeException: UNAVAILABLE: io exception
	at org.apache.ratis.thirdparty.io.grpc.stub.ClientCalls.toStatusRuntimeException(ClientCalls.java:233)
	at org.apache.ratis.thirdparty.io.grpc.stub.ClientCalls.getUnchecked(ClientCalls.java:214)
	at org.apache.ratis.thirdparty.io.grpc.stub.ClientCalls.blockingUnaryCall(ClientCalls.java:139)
	at org.apache.ratis.proto.grpc.RaftServerProtocolServiceGrpc$RaftServerProtocolServiceBlockingStub.requestVote(RaftServerProtocolServiceGrpc.java:265)
	at org.apache.ratis.grpc.server.GrpcServerProtocolClient.requestVote(GrpcServerProtocolClient.java:83)
	at org.apache.ratis.grpc.server.GrpcService.requestVote(GrpcService.java:195)
	at org.apache.ratis.server.impl.LeaderElection.lambda$submitRequests$1(LeaderElection.java:237)
	at java.util.concurrent.FutureTask.run(FutureTask.java:266)
	at java.util.concurrent.Executors$RunnableAdapter.call(Executors.java:511)
	at java.util.concurrent.FutureTask.run(FutureTask.java:266)
	at java.util.concurrent.ThreadPoolExecutor.runWorker(ThreadPoolExecutor.java:1149)
	at java.util.concurrent.ThreadPoolExecutor$Worker.run(ThreadPoolExecutor.java:624)
	... 1 more
Caused by: org.apache.ratis.thirdparty.io.netty.channel.AbstractChannel$AnnotatedConnectException: Connection refused: /192.168.69.89:41539
	at sun.nio.ch.SocketChannelImpl.checkConnect(Native Method)
	at sun.nio.ch.SocketChannelImpl.finishConnect(SocketChannelImpl.java:717)
	at org.apache.ratis.thirdparty.io.netty.channel.socket.nio.NioSocketChannel.doFinishConnect(NioSocketChannel.java:327)
	at org.apache.ratis.thirdparty.io.netty.channel.nio.AbstractNioChannel$AbstractNioUnsafe.finishConnect(AbstractNioChannel.java:340)
	at org.apache.ratis.thirdparty.io.netty.channel.nio.NioEventLoop.processSelectedKey(NioEventLoop.java:632)
	at org.apache.ratis.thirdparty.io.netty.channel.nio.NioEventLoop.processSelectedKeysOptimized(NioEventLoop.java:579)
	at org.apache.ratis.thirdparty.io.netty.channel.nio.NioEventLoop.processSelectedKeys(NioEventLoop.java:496)
	at org.apache.ratis.thirdparty.io.netty.channel.nio.NioEventLoop.run(NioEventLoop.java:458)
	at org.apache.ratis.thirdparty.io.netty.util.concurrent.SingleThreadEventExecutor$5.run(SingleThreadEventExecutor.java:897)
	at org.apache.ratis.thirdparty.io.netty.util.concurrent.FastThreadLocalRunnable.run(FastThreadLocalRunnable.java:30)
	... 1 more
Caused by: java.net.ConnectException: Connection refused
	... 11 more
2019-08-29 08:35:14,639 [f0c18ce4-0e5b-4823-99c8-fd716531bc5f:group-4C1082AB210C:LeaderElection48] INFO  impl.LeaderElection (LeaderElection.java:logAndReturn(56)) - f0c18ce4-0e5b-4823-99c8-fd716531bc5f:group-4C1082AB210C:LeaderElection48: Election REJECTED; received 0 response(s) [] and 2 exception(s); f0c18ce4-0e5b-4823-99c8-fd716531bc5f:t6, leader=null, voted=f0c18ce4-0e5b-4823-99c8-fd716531bc5f, raftlog=f0c18ce4-0e5b-4823-99c8-fd716531bc5f-SegmentedRaftLog:OPENED:c17,f18,i18, conf=12: [4da055f9-cd9d-4c6f-9ab8-147a42717fcf:192.168.69.89:41539, 02bf3283-c6bf-4588-a57c-baa459038378:192.168.69.89:46486, f0c18ce4-0e5b-4823-99c8-fd716531bc5f:192.168.69.89:36167], old=null
2019-08-29 08:35:14,639 [f0c18ce4-0e5b-4823-99c8-fd716531bc5f:group-4C1082AB210C:LeaderElection48] INFO  impl.LeaderElection (LogUtils.java:infoOrTrace(149)) -   Exception 0: {}
java.util.concurrent.ExecutionException: org.apache.ratis.thirdparty.io.grpc.StatusRuntimeException: UNAVAILABLE: io exception
	at java.util.concurrent.FutureTask.report(FutureTask.java:122)
	at java.util.concurrent.FutureTask.get(FutureTask.java:192)
	at org.apache.ratis.server.impl.LeaderElection.waitForResults(LeaderElection.java:262)
	at org.apache.ratis.server.impl.LeaderElection.askForVotes(LeaderElection.java:200)
	at org.apache.ratis.server.impl.LeaderElection.run(LeaderElection.java:130)
	at java.lang.Thread.run(Thread.java:748)
Caused by: org.apache.ratis.thirdparty.io.grpc.StatusRuntimeException: UNAVAILABLE: io exception
	at org.apache.ratis.thirdparty.io.grpc.stub.ClientCalls.toStatusRuntimeException(ClientCalls.java:233)
	at org.apache.ratis.thirdparty.io.grpc.stub.ClientCalls.getUnchecked(ClientCalls.java:214)
	at org.apache.ratis.thirdparty.io.grpc.stub.ClientCalls.blockingUnaryCall(ClientCalls.java:139)
	at org.apache.ratis.proto.grpc.RaftServerProtocolServiceGrpc$RaftServerProtocolServiceBlockingStub.requestVote(RaftServerProtocolServiceGrpc.java:265)
	at org.apache.ratis.grpc.server.GrpcServerProtocolClient.requestVote(GrpcServerProtocolClient.java:83)
	at org.apache.ratis.grpc.server.GrpcService.requestVote(GrpcService.java:195)
	at org.apache.ratis.server.impl.LeaderElection.lambda$submitRequests$1(LeaderElection.java:237)
	at java.util.concurrent.FutureTask.run(FutureTask.java:266)
	at java.util.concurrent.Executors$RunnableAdapter.call(Executors.java:511)
	at java.util.concurrent.FutureTask.run(FutureTask.java:266)
	at java.util.concurrent.ThreadPoolExecutor.runWorker(ThreadPoolExecutor.java:1149)
	at java.util.concurrent.ThreadPoolExecutor$Worker.run(ThreadPoolExecutor.java:624)
	... 1 more
Caused by: org.apache.ratis.thirdparty.io.netty.channel.AbstractChannel$AnnotatedConnectException: Connection refused: /192.168.69.89:46486
	at sun.nio.ch.SocketChannelImpl.checkConnect(Native Method)
	at sun.nio.ch.SocketChannelImpl.finishConnect(SocketChannelImpl.java:717)
	at org.apache.ratis.thirdparty.io.netty.channel.socket.nio.NioSocketChannel.doFinishConnect(NioSocketChannel.java:327)
	at org.apache.ratis.thirdparty.io.netty.channel.nio.AbstractNioChannel$AbstractNioUnsafe.finishConnect(AbstractNioChannel.java:340)
	at org.apache.ratis.thirdparty.io.netty.channel.nio.NioEventLoop.processSelectedKey(NioEventLoop.java:632)
	at org.apache.ratis.thirdparty.io.netty.channel.nio.NioEventLoop.processSelectedKeysOptimized(NioEventLoop.java:579)
	at org.apache.ratis.thirdparty.io.netty.channel.nio.NioEventLoop.processSelectedKeys(NioEventLoop.java:496)
	at org.apache.ratis.thirdparty.io.netty.channel.nio.NioEventLoop.run(NioEventLoop.java:458)
	at org.apache.ratis.thirdparty.io.netty.util.concurrent.SingleThreadEventExecutor$5.run(SingleThreadEventExecutor.java:897)
	at org.apache.ratis.thirdparty.io.netty.util.concurrent.FastThreadLocalRunnable.run(FastThreadLocalRunnable.java:30)
	... 1 more
Caused by: java.net.ConnectException: Connection refused
	... 11 more
2019-08-29 08:35:14,639 [f0c18ce4-0e5b-4823-99c8-fd716531bc5f:group-4C1082AB210C:LeaderElection48] INFO  impl.LeaderElection (LogUtils.java:infoOrTrace(149)) -   Exception 1: {}
java.util.concurrent.ExecutionException: org.apache.ratis.thirdparty.io.grpc.StatusRuntimeException: UNAVAILABLE: io exception
	at java.util.concurrent.FutureTask.report(FutureTask.java:122)
	at java.util.concurrent.FutureTask.get(FutureTask.java:192)
	at org.apache.ratis.server.impl.LeaderElection.waitForResults(LeaderElection.java:262)
	at org.apache.ratis.server.impl.LeaderElection.askForVotes(LeaderElection.java:200)
	at org.apache.ratis.server.impl.LeaderElection.run(LeaderElection.java:130)
	at java.lang.Thread.run(Thread.java:748)
Caused by: org.apache.ratis.thirdparty.io.grpc.StatusRuntimeException: UNAVAILABLE: io exception
	at org.apache.ratis.thirdparty.io.grpc.stub.ClientCalls.toStatusRuntimeException(ClientCalls.java:233)
	at org.apache.ratis.thirdparty.io.grpc.stub.ClientCalls.getUnchecked(ClientCalls.java:214)
	at org.apache.ratis.thirdparty.io.grpc.stub.ClientCalls.blockingUnaryCall(ClientCalls.java:139)
	at org.apache.ratis.proto.grpc.RaftServerProtocolServiceGrpc$RaftServerProtocolServiceBlockingStub.requestVote(RaftServerProtocolServiceGrpc.java:265)
	at org.apache.ratis.grpc.server.GrpcServerProtocolClient.requestVote(GrpcServerProtocolClient.java:83)
	at org.apache.ratis.grpc.server.GrpcService.requestVote(GrpcService.java:195)
	at org.apache.ratis.server.impl.LeaderElection.lambda$submitRequests$1(LeaderElection.java:237)
	at java.util.concurrent.FutureTask.run(FutureTask.java:266)
	at java.util.concurrent.Executors$RunnableAdapter.call(Executors.java:511)
	at java.util.concurrent.FutureTask.run(FutureTask.java:266)
	at java.util.concurrent.ThreadPoolExecutor.runWorker(ThreadPoolExecutor.java:1149)
	at java.util.concurrent.ThreadPoolExecutor$Worker.run(ThreadPoolExecutor.java:624)
	... 1 more
Caused by: org.apache.ratis.thirdparty.io.netty.channel.AbstractChannel$AnnotatedConnectException: Connection refused: /192.168.69.89:41539
	at sun.nio.ch.SocketChannelImpl.checkConnect(Native Method)
	at sun.nio.ch.SocketChannelImpl.finishConnect(SocketChannelImpl.java:717)
	at org.apache.ratis.thirdparty.io.netty.channel.socket.nio.NioSocketChannel.doFinishConnect(NioSocketChannel.java:327)
	at org.apache.ratis.thirdparty.io.netty.channel.nio.AbstractNioChannel$AbstractNioUnsafe.finishConnect(AbstractNioChannel.java:340)
	at org.apache.ratis.thirdparty.io.netty.channel.nio.NioEventLoop.processSelectedKey(NioEventLoop.java:632)
	at org.apache.ratis.thirdparty.io.netty.channel.nio.NioEventLoop.processSelectedKeysOptimized(NioEventLoop.java:579)
	at org.apache.ratis.thirdparty.io.netty.channel.nio.NioEventLoop.processSelectedKeys(NioEventLoop.java:496)
	at org.apache.ratis.thirdparty.io.netty.channel.nio.NioEventLoop.run(NioEventLoop.java:458)
	at org.apache.ratis.thirdparty.io.netty.util.concurrent.SingleThreadEventExecutor$5.run(SingleThreadEventExecutor.java:897)
	at org.apache.ratis.thirdparty.io.netty.util.concurrent.FastThreadLocalRunnable.run(FastThreadLocalRunnable.java:30)
	... 1 more
Caused by: java.net.ConnectException: Connection refused
	... 11 more
2019-08-29 08:35:14,639 [f0c18ce4-0e5b-4823-99c8-fd716531bc5f:group-4C1082AB210C:LeaderElection48] INFO  impl.RaftServerImpl (RaftServerImpl.java:setRole(171)) - f0c18ce4-0e5b-4823-99c8-fd716531bc5f:group-4C1082AB210C changes role from CANDIDATE to FOLLOWER at term 6 for DISCOVERED_A_NEW_TERM
2019-08-29 08:35:14,639 [f0c18ce4-0e5b-4823-99c8-fd716531bc5f:group-4C1082AB210C:LeaderElection48] INFO  impl.RoleInfo (RoleInfo.java:shutdownLeaderElection(134)) - f0c18ce4-0e5b-4823-99c8-fd716531bc5f: shutdown LeaderElection
2019-08-29 08:35:14,640 [f0c18ce4-0e5b-4823-99c8-fd716531bc5f:group-4C1082AB210C:LeaderElection48] INFO  impl.RoleInfo (RoleInfo.java:updateAndGet(143)) - f0c18ce4-0e5b-4823-99c8-fd716531bc5f: start FollowerState
2019-08-29 08:35:15,624 [StateMachineUpdater:e7b9916e-4eca-4156-a086-839e4ffd13a0:group-F65937874E2C] INFO  ratis.ContainerStateMachine (ContainerStateMachine.java:takeSnapshot(294)) - group-F65937874E2C: Finished taking a snapshot at:(t:2, i:30) file:/workdir/hadoop-ozone/integration-test/target/test-dir/MiniOzoneClusterImpl-839c4a83-1072-4184-a39a-41aa01fb846d/datanode-1/data/ratis/79f04424-d886-402f-8436-f65937874e2c/sm/snapshot.2_30 time:3049
2019-08-29 08:35:15,624 [e7b9916e-4eca-4156-a086-839e4ffd13a0:group-F65937874E2C:LeaderElection49] INFO  impl.LeaderElection (LeaderElection.java:askForVotes(181)) - e7b9916e-4eca-4156-a086-839e4ffd13a0:group-F65937874E2C:LeaderElection49: begin an election at term 5 for 0: [bcbb4469-e902-4083-b3d9-1bab9ea4cd29:192.168.69.89:42960, 99586f2f-9d87-40a3-9061-4566008201fd:192.168.69.89:38980, e7b9916e-4eca-4156-a086-839e4ffd13a0:192.168.69.89:37189], old=null
2019-08-29 08:35:15,624 [StateMachineUpdater:e7b9916e-4eca-4156-a086-839e4ffd13a0:group-F65937874E2C] INFO  impl.StateMachineUpdater (StateMachineUpdater.java:takeSnapshot(242)) - StateMachineUpdater:e7b9916e-4eca-4156-a086-839e4ffd13a0:group-F65937874E2C: Took a snapshot at index 30
2019-08-29 08:35:15,625 [StateMachineUpdater:e7b9916e-4eca-4156-a086-839e4ffd13a0:group-F65937874E2C] INFO  impl.StateMachineUpdater (StateMachineUpdater.java:lambda$new$0(80)) - StateMachineUpdater:e7b9916e-4eca-4156-a086-839e4ffd13a0:group-F65937874E2C: snapshotIndex: updateIncreasingly -1 -> 30
2019-08-29 08:35:15,625 [e7b9916e-4eca-4156-a086-839e4ffd13a0:group-F65937874E2C:LeaderElection49] INFO  impl.LeaderElection (LeaderElection.java:logAndReturn(56)) - e7b9916e-4eca-4156-a086-839e4ffd13a0:group-F65937874E2C:LeaderElection49: Election REJECTED; received 0 response(s) [] and 0 exception(s); e7b9916e-4eca-4156-a086-839e4ffd13a0:t5, leader=null, voted=e7b9916e-4eca-4156-a086-839e4ffd13a0, raftlog=e7b9916e-4eca-4156-a086-839e4ffd13a0-SegmentedRaftLog:OPENED:c31,f31,i31, conf=0: [bcbb4469-e902-4083-b3d9-1bab9ea4cd29:192.168.69.89:42960, 99586f2f-9d87-40a3-9061-4566008201fd:192.168.69.89:38980, e7b9916e-4eca-4156-a086-839e4ffd13a0:192.168.69.89:37189], old=null
2019-08-29 08:35:15,625 [ForkJoinPool.commonPool-worker-1] INFO  impl.RaftServerImpl (ServerState.java:close(394)) - e7b9916e-4eca-4156-a086-839e4ffd13a0:group-F65937874E2C closes. The last applied log index is 31
2019-08-29 08:35:15,626 [e7b9916e-4eca-4156-a086-839e4ffd13a0-SegmentedRaftLogWorker:Storage Directory /workdir/hadoop-ozone/integration-test/target/test-dir/MiniOzoneClusterImpl-839c4a83-1072-4184-a39a-41aa01fb846d/datanode-1/data/ratis/79f04424-d886-402f-8436-f65937874e2c] INFO  segmented.SegmentedRaftLogWorker (SegmentedRaftLogWorker.java:run(313)) - e7b9916e-4eca-4156-a086-839e4ffd13a0-SegmentedRaftLogWorker:Storage Directory /workdir/hadoop-ozone/integration-test/target/test-dir/MiniOzoneClusterImpl-839c4a83-1072-4184-a39a-41aa01fb846d/datanode-1/data/ratis/79f04424-d886-402f-8436-f65937874e2c was interrupted, exiting. There are 0 tasks remaining in the queue.
2019-08-29 08:35:15,626 [ForkJoinPool.commonPool-worker-1] INFO  segmented.SegmentedRaftLogWorker (SegmentedRaftLogWorker.java:close(228)) - e7b9916e-4eca-4156-a086-839e4ffd13a0-SegmentedRaftLogWorker:Storage Directory /workdir/hadoop-ozone/integration-test/target/test-dir/MiniOzoneClusterImpl-839c4a83-1072-4184-a39a-41aa01fb846d/datanode-1/data/ratis/79f04424-d886-402f-8436-f65937874e2c close()
2019-08-29 08:35:15,631 [ForkJoinPool.commonPool-worker-1] INFO  impl.RaftServerImpl (RaftServerImpl.java:lambda$shutdown$3(245)) - e7b9916e-4eca-4156-a086-839e4ffd13a0: shutdown group-CE428A2E4B7D
2019-08-29 08:35:15,632 [ForkJoinPool.commonPool-worker-1] INFO  util.JmxRegister (JmxRegister.java:unregister(73)) - Successfully un-registered JMX Bean with object name Ratis:service=RaftServer,group=group-CE428A2E4B7D,id=e7b9916e-4eca-4156-a086-839e4ffd13a0
2019-08-29 08:35:15,632 [ForkJoinPool.commonPool-worker-1] INFO  impl.RoleInfo (RoleInfo.java:shutdownLeaderState(104)) - e7b9916e-4eca-4156-a086-839e4ffd13a0: shutdown LeaderState
2019-08-29 08:35:15,632 [ForkJoinPool.commonPool-worker-1] INFO  impl.PendingRequests (PendingRequests.java:sendNotLeaderResponses(202)) - e7b9916e-4eca-4156-a086-839e4ffd13a0-PendingRequests: sendNotLeaderResponses
2019-08-29 08:35:15,632 [ForkJoinPool.commonPool-worker-1] INFO  impl.StateMachineUpdater (StateMachineUpdater.java:stopAndJoin(115)) - StateMachineUpdater:e7b9916e-4eca-4156-a086-839e4ffd13a0:group-CE428A2E4B7D: set stopIndex = 0
2019-08-29 08:35:15,633 [ForkJoinPool.commonPool-worker-1] INFO  impl.RaftServerImpl (ServerState.java:close(394)) - e7b9916e-4eca-4156-a086-839e4ffd13a0:group-CE428A2E4B7D closes. The last applied log index is 0
2019-08-29 08:35:15,633 [e7b9916e-4eca-4156-a086-839e4ffd13a0-SegmentedRaftLogWorker:Storage Directory /workdir/hadoop-ozone/integration-test/target/test-dir/MiniOzoneClusterImpl-839c4a83-1072-4184-a39a-41aa01fb846d/datanode-1/data/ratis/0752e0e4-9e35-484e-b573-ce428a2e4b7d] INFO  segmented.SegmentedRaftLogWorker (SegmentedRaftLogWorker.java:run(313)) - e7b9916e-4eca-4156-a086-839e4ffd13a0-SegmentedRaftLogWorker:Storage Directory /workdir/hadoop-ozone/integration-test/target/test-dir/MiniOzoneClusterImpl-839c4a83-1072-4184-a39a-41aa01fb846d/datanode-1/data/ratis/0752e0e4-9e35-484e-b573-ce428a2e4b7d was interrupted, exiting. There are 0 tasks remaining in the queue.
2019-08-29 08:35:15,633 [ForkJoinPool.commonPool-worker-1] INFO  segmented.SegmentedRaftLogWorker (SegmentedRaftLogWorker.java:close(228)) - e7b9916e-4eca-4156-a086-839e4ffd13a0-SegmentedRaftLogWorker:Storage Directory /workdir/hadoop-ozone/integration-test/target/test-dir/MiniOzoneClusterImpl-839c4a83-1072-4184-a39a-41aa01fb846d/datanode-1/data/ratis/0752e0e4-9e35-484e-b573-ce428a2e4b7d close()
2019-08-29 08:35:15,634 [ForkJoinPool.commonPool-worker-1] INFO  server.GrpcService (GrpcService.java:closeImpl(155)) - e7b9916e-4eca-4156-a086-839e4ffd13a0: shutdown server with port 37189 now
2019-08-29 08:35:15,634 [ForkJoinPool.commonPool-worker-1] INFO  server.GrpcService (GrpcService.java:closeImpl(163)) - e7b9916e-4eca-4156-a086-839e4ffd13a0: shutdown server with port 37189 successfully
2019-08-29 08:35:15,635 [ForkJoinPool.commonPool-worker-1] INFO  utils.BackgroundService (BackgroundService.java:shutdown(148)) - Shutting down service BlockDeletingService
2019-08-29 08:35:15,636 [refreshUsed-/workdir/hadoop-ozone/integration-test/target/test-dir/MiniOzoneClusterImpl-839c4a83-1072-4184-a39a-41aa01fb846d/datanode-1/data/containers] WARN  fs.CachingGetSpaceUsed (CachingGetSpaceUsed.java:run(183)) - Thread Interrupted waiting to refresh disk information: sleep interrupted
2019-08-29 08:35:15,656 [ForkJoinPool.commonPool-worker-1] INFO  statemachine.DatanodeStateMachine (DatanodeStateMachine.java:stopDaemon(395)) - Ozone container server stopped.
2019-08-29 08:35:15,660 [ForkJoinPool.commonPool-worker-1] INFO  handler.ContextHandler (ContextHandler.java:doStop(910)) - Stopped o.e.j.w.WebAppContext@22a260ff{/,null,UNAVAILABLE}{/hddsDatanode}
2019-08-29 08:35:15,660 [ForkJoinPool.commonPool-worker-1] INFO  server.AbstractConnector (AbstractConnector.java:doStop(318)) - Stopped ServerConnector@54c425b1{HTTP/1.1,[http/1.1]}{0.0.0.0:0}
2019-08-29 08:35:15,662 [ForkJoinPool.commonPool-worker-1] INFO  handler.ContextHandler (ContextHandler.java:doStop(910)) - Stopped o.e.j.s.ServletContextHandler@7418d76e{/static,jar:file:/home/user/.m2/repository/org/apache/hadoop/hadoop-hdds-container-service/0.5.0-SNAPSHOT/hadoop-hdds-container-service-0.5.0-SNAPSHOT.jar!/webapps/static,UNAVAILABLE}
2019-08-29 08:35:15,663 [ForkJoinPool.commonPool-worker-1] INFO  handler.ContextHandler (ContextHandler.java:doStop(910)) - Stopped o.e.j.s.ServletContextHandler@43d65a81{/logs,file:///workdir/hadoop-ozone/integration-test/target/log,UNAVAILABLE}
2019-08-29 08:35:15,800 [Thread-1534] INFO  impl.FollowerState (FollowerState.java:run(106)) - f0c18ce4-0e5b-4823-99c8-fd716531bc5f:group-4C1082AB210C changes to CANDIDATE, lastRpcTime:1160, electionTimeout:1160ms
2019-08-29 08:35:15,800 [Thread-1534] INFO  impl.RoleInfo (RoleInfo.java:shutdownFollowerState(121)) - f0c18ce4-0e5b-4823-99c8-fd716531bc5f: shutdown FollowerState
2019-08-29 08:35:15,800 [Thread-1534] INFO  impl.RaftServerImpl (RaftServerImpl.java:setRole(171)) - f0c18ce4-0e5b-4823-99c8-fd716531bc5f:group-4C1082AB210C changes role from FOLLOWER to CANDIDATE at term 6 for changeToCandidate
2019-08-29 08:35:15,801 [Thread-1534] INFO  impl.RoleInfo (RoleInfo.java:updateAndGet(143)) - f0c18ce4-0e5b-4823-99c8-fd716531bc5f: start LeaderElection
2019-08-29 08:35:16,459 [main] INFO  ozoneimpl.OzoneContainer (OzoneContainer.java:stop(199)) - Attempting to stop container services.
2019-08-29 08:35:16,460 [main] INFO  impl.RaftServerProxy (RaftServerProxy.java:lambda$close$4(314)) - f0c18ce4-0e5b-4823-99c8-fd716531bc5f: close
2019-08-29 08:35:16,461 [main] INFO  impl.RaftServerImpl (RaftServerImpl.java:lambda$shutdown$3(245)) - f0c18ce4-0e5b-4823-99c8-fd716531bc5f: shutdown group-4C1082AB210C
2019-08-29 08:35:16,461 [main] INFO  util.JmxRegister (JmxRegister.java:unregister(73)) - Successfully un-registered JMX Bean with object name Ratis:service=RaftServer,group=group-4C1082AB210C,id=f0c18ce4-0e5b-4823-99c8-fd716531bc5f
2019-08-29 08:35:16,462 [main] INFO  impl.RoleInfo (RoleInfo.java:shutdownLeaderElection(134)) - f0c18ce4-0e5b-4823-99c8-fd716531bc5f: shutdown LeaderElection
2019-08-29 08:35:16,462 [main] INFO  impl.StateMachineUpdater (StateMachineUpdater.java:stopAndJoin(115)) - StateMachineUpdater:f0c18ce4-0e5b-4823-99c8-fd716531bc5f:group-4C1082AB210C: set stopIndex = 17
2019-08-29 08:35:16,463 [StateMachineUpdater:f0c18ce4-0e5b-4823-99c8-fd716531bc5f:group-4C1082AB210C] INFO  ratis.ContainerStateMachine (ContainerStateMachine.java:takeSnapshot(283)) - group-4C1082AB210C: Taking a snapshot at:(t:3, i:16) file /workdir/hadoop-ozone/integration-test/target/test-dir/MiniOzoneClusterImpl-839c4a83-1072-4184-a39a-41aa01fb846d/datanode-9/data/ratis/a6019285-0027-46c6-9b76-4c1082ab210c/sm/snapshot.3_16
2019-08-29 08:35:18,924 [StateMachineUpdater:f0c18ce4-0e5b-4823-99c8-fd716531bc5f:group-4C1082AB210C] INFO  ratis.ContainerStateMachine (ContainerStateMachine.java:takeSnapshot(294)) - group-4C1082AB210C: Finished taking a snapshot at:(t:3, i:16) file:/workdir/hadoop-ozone/integration-test/target/test-dir/MiniOzoneClusterImpl-839c4a83-1072-4184-a39a-41aa01fb846d/datanode-9/data/ratis/a6019285-0027-46c6-9b76-4c1082ab210c/sm/snapshot.3_16 time:2461
2019-08-29 08:35:18,924 [f0c18ce4-0e5b-4823-99c8-fd716531bc5f:group-4C1082AB210C:LeaderElection50] INFO  impl.LeaderElection (LeaderElection.java:askForVotes(181)) - f0c18ce4-0e5b-4823-99c8-fd716531bc5f:group-4C1082AB210C:LeaderElection50: begin an election at term 7 for 12: [4da055f9-cd9d-4c6f-9ab8-147a42717fcf:192.168.69.89:41539, 02bf3283-c6bf-4588-a57c-baa459038378:192.168.69.89:46486, f0c18ce4-0e5b-4823-99c8-fd716531bc5f:192.168.69.89:36167], old=null
2019-08-29 08:35:18,924 [StateMachineUpdater:f0c18ce4-0e5b-4823-99c8-fd716531bc5f:group-4C1082AB210C] INFO  impl.StateMachineUpdater (StateMachineUpdater.java:takeSnapshot(242)) - StateMachineUpdater:f0c18ce4-0e5b-4823-99c8-fd716531bc5f:group-4C1082AB210C: Took a snapshot at index 16
2019-08-29 08:35:18,925 [StateMachineUpdater:f0c18ce4-0e5b-4823-99c8-fd716531bc5f:group-4C1082AB210C] INFO  impl.StateMachineUpdater (StateMachineUpdater.java:lambda$new$0(80)) - StateMachineUpdater:f0c18ce4-0e5b-4823-99c8-fd716531bc5f:group-4C1082AB210C: snapshotIndex: updateIncreasingly -1 -> 16
2019-08-29 08:35:18,925 [f0c18ce4-0e5b-4823-99c8-fd716531bc5f:group-4C1082AB210C:LeaderElection50] INFO  impl.LeaderElection (LeaderElection.java:logAndReturn(56)) - f0c18ce4-0e5b-4823-99c8-fd716531bc5f:group-4C1082AB210C:LeaderElection50: Election REJECTED; received 0 response(s) [] and 0 exception(s); f0c18ce4-0e5b-4823-99c8-fd716531bc5f:t7, leader=null, voted=f0c18ce4-0e5b-4823-99c8-fd716531bc5f, raftlog=f0c18ce4-0e5b-4823-99c8-fd716531bc5f-SegmentedRaftLog:OPENED:c17,f18,i18, conf=12: [4da055f9-cd9d-4c6f-9ab8-147a42717fcf:192.168.69.89:41539, 02bf3283-c6bf-4588-a57c-baa459038378:192.168.69.89:46486, f0c18ce4-0e5b-4823-99c8-fd716531bc5f:192.168.69.89:36167], old=null
2019-08-29 08:35:18,925 [main] INFO  impl.RaftServerImpl (ServerState.java:close(394)) - f0c18ce4-0e5b-4823-99c8-fd716531bc5f:group-4C1082AB210C closes. The last applied log index is 17
2019-08-29 08:35:18,927 [f0c18ce4-0e5b-4823-99c8-fd716531bc5f-SegmentedRaftLogWorker:Storage Directory /workdir/hadoop-ozone/integration-test/target/test-dir/MiniOzoneClusterImpl-839c4a83-1072-4184-a39a-41aa01fb846d/datanode-9/data/ratis/a6019285-0027-46c6-9b76-4c1082ab210c] INFO  segmented.SegmentedRaftLogWorker (SegmentedRaftLogWorker.java:run(313)) - f0c18ce4-0e5b-4823-99c8-fd716531bc5f-SegmentedRaftLogWorker:Storage Directory /workdir/hadoop-ozone/integration-test/target/test-dir/MiniOzoneClusterImpl-839c4a83-1072-4184-a39a-41aa01fb846d/datanode-9/data/ratis/a6019285-0027-46c6-9b76-4c1082ab210c was interrupted, exiting. There are 0 tasks remaining in the queue.
2019-08-29 08:35:18,928 [main] INFO  segmented.SegmentedRaftLogWorker (SegmentedRaftLogWorker.java:close(228)) - f0c18ce4-0e5b-4823-99c8-fd716531bc5f-SegmentedRaftLogWorker:Storage Directory /workdir/hadoop-ozone/integration-test/target/test-dir/MiniOzoneClusterImpl-839c4a83-1072-4184-a39a-41aa01fb846d/datanode-9/data/ratis/a6019285-0027-46c6-9b76-4c1082ab210c close()
2019-08-29 08:35:18,929 [main] INFO  impl.RaftServerImpl (RaftServerImpl.java:lambda$shutdown$3(245)) - f0c18ce4-0e5b-4823-99c8-fd716531bc5f: shutdown group-544DCBEC5E56
2019-08-29 08:35:18,929 [main] INFO  util.JmxRegister (JmxRegister.java:unregister(73)) - Successfully un-registered JMX Bean with object name Ratis:service=RaftServer,group=group-544DCBEC5E56,id=f0c18ce4-0e5b-4823-99c8-fd716531bc5f
2019-08-29 08:35:18,930 [main] INFO  impl.RoleInfo (RoleInfo.java:shutdownLeaderState(104)) - f0c18ce4-0e5b-4823-99c8-fd716531bc5f: shutdown LeaderState
2019-08-29 08:35:18,930 [main] INFO  impl.PendingRequests (PendingRequests.java:sendNotLeaderResponses(202)) - f0c18ce4-0e5b-4823-99c8-fd716531bc5f-PendingRequests: sendNotLeaderResponses
2019-08-29 08:35:18,931 [main] INFO  impl.StateMachineUpdater (StateMachineUpdater.java:stopAndJoin(115)) - StateMachineUpdater:f0c18ce4-0e5b-4823-99c8-fd716531bc5f:group-544DCBEC5E56: set stopIndex = 0
2019-08-29 08:35:18,931 [main] INFO  impl.RaftServerImpl (ServerState.java:close(394)) - f0c18ce4-0e5b-4823-99c8-fd716531bc5f:group-544DCBEC5E56 closes. The last applied log index is 0
2019-08-29 08:35:18,932 [f0c18ce4-0e5b-4823-99c8-fd716531bc5f-SegmentedRaftLogWorker:Storage Directory /workdir/hadoop-ozone/integration-test/target/test-dir/MiniOzoneClusterImpl-839c4a83-1072-4184-a39a-41aa01fb846d/datanode-9/data/ratis/1c628f6f-546c-4ba9-a778-544dcbec5e56] INFO  segmented.SegmentedRaftLogWorker (SegmentedRaftLogWorker.java:run(313)) - f0c18ce4-0e5b-4823-99c8-fd716531bc5f-SegmentedRaftLogWorker:Storage Directory /workdir/hadoop-ozone/integration-test/target/test-dir/MiniOzoneClusterImpl-839c4a83-1072-4184-a39a-41aa01fb846d/datanode-9/data/ratis/1c628f6f-546c-4ba9-a778-544dcbec5e56 was interrupted, exiting. There are 0 tasks remaining in the queue.
2019-08-29 08:35:19,375 [main] INFO  segmented.SegmentedRaftLogWorker (SegmentedRaftLogWorker.java:close(228)) - f0c18ce4-0e5b-4823-99c8-fd716531bc5f-SegmentedRaftLogWorker:Storage Directory /workdir/hadoop-ozone/integration-test/target/test-dir/MiniOzoneClusterImpl-839c4a83-1072-4184-a39a-41aa01fb846d/datanode-9/data/ratis/1c628f6f-546c-4ba9-a778-544dcbec5e56 close()
2019-08-29 08:35:19,375 [main] INFO  server.GrpcService (GrpcService.java:closeImpl(155)) - f0c18ce4-0e5b-4823-99c8-fd716531bc5f: shutdown server with port 36167 now
2019-08-29 08:35:19,376 [main] INFO  server.GrpcService (GrpcService.java:closeImpl(163)) - f0c18ce4-0e5b-4823-99c8-fd716531bc5f: shutdown server with port 36167 successfully
2019-08-29 08:35:19,377 [main] INFO  utils.BackgroundService (BackgroundService.java:shutdown(148)) - Shutting down service BlockDeletingService
2019-08-29 08:35:19,379 [refreshUsed-/workdir/hadoop-ozone/integration-test/target/test-dir/MiniOzoneClusterImpl-839c4a83-1072-4184-a39a-41aa01fb846d/datanode-9/data/containers] WARN  fs.CachingGetSpaceUsed (CachingGetSpaceUsed.java:run(183)) - Thread Interrupted waiting to refresh disk information: sleep interrupted
2019-08-29 08:35:19,402 [main] INFO  statemachine.DatanodeStateMachine (DatanodeStateMachine.java:stopDaemon(395)) - Ozone container server stopped.
2019-08-29 08:35:19,403 [main] INFO  handler.ContextHandler (ContextHandler.java:doStop(910)) - Stopped o.e.j.w.WebAppContext@6f8ac8d5{/,null,UNAVAILABLE}{/hddsDatanode}
2019-08-29 08:35:19,404 [main] INFO  server.AbstractConnector (AbstractConnector.java:doStop(318)) - Stopped ServerConnector@370225c7{HTTP/1.1,[http/1.1]}{0.0.0.0:0}
2019-08-29 08:35:19,405 [main] INFO  handler.ContextHandler (ContextHandler.java:doStop(910)) - Stopped o.e.j.s.ServletContextHandler@37e55819{/static,jar:file:/home/user/.m2/repository/org/apache/hadoop/hadoop-hdds-container-service/0.5.0-SNAPSHOT/hadoop-hdds-container-service-0.5.0-SNAPSHOT.jar!/webapps/static,UNAVAILABLE}
2019-08-29 08:35:19,405 [main] INFO  handler.ContextHandler (ContextHandler.java:doStop(910)) - Stopped o.e.j.s.ServletContextHandler@213835b6{/logs,file:///workdir/hadoop-ozone/integration-test/target/log,UNAVAILABLE}
2019-08-29 08:35:19,407 [main] INFO  ozone.MiniOzoneClusterImpl (MiniOzoneClusterImpl.java:stop(353)) - Stopping the StorageContainerManager
2019-08-29 08:35:19,407 [main] INFO  server.StorageContainerManager (StorageContainerManager.java:stop(797)) - Stopping Replication Manager Service.
2019-08-29 08:35:19,407 [main] INFO  container.ReplicationManager (ReplicationManager.java:stop(193)) - Stopping Replication Monitor Thread.
2019-08-29 08:35:19,407 [main] INFO  server.StorageContainerManager (StorageContainerManager.java:stop(804)) - Stopping Lease Manager of the command watchers
2019-08-29 08:35:19,408 [main] INFO  server.StorageContainerManager (StorageContainerManager.java:stop(811)) - Stopping datanode service RPC server
2019-08-29 08:35:19,408 [main] INFO  server.SCMDatanodeProtocolServer (SCMDatanodeProtocolServer.java:stop(367)) - Stopping the RPC server for DataNodes
2019-08-29 08:35:19,408 [main] INFO  ipc.Server (Server.java:stop(3082)) - Stopping server on 43772
2019-08-29 08:35:19,410 [IPC Server listener on 43772] INFO  ipc.Server (Server.java:run(1185)) - Stopping IPC Server listener on 43772
2019-08-29 08:35:19,410 [IPC Server Responder] INFO  ipc.Server (Server.java:run(1319)) - Stopping IPC Server Responder
2019-08-29 08:35:19,422 [SCM Heartbeat Processing Thread - 0] WARN  node.NodeStateManager (NodeStateManager.java:scheduleNextHealthCheck(655)) - Current Thread is interrupted, shutting down HB processing thread for Node Manager.
2019-08-29 08:35:19,423 [main] INFO  server.StorageContainerManager (StorageContainerManager.java:stop(819)) - Stopping block service RPC server
2019-08-29 08:35:19,423 [main] INFO  server.SCMBlockProtocolServer (SCMBlockProtocolServer.java:stop(148)) - Stopping the RPC server for Block Protocol
2019-08-29 08:35:19,424 [main] INFO  ipc.Server (Server.java:stop(3082)) - Stopping server on 39120
2019-08-29 08:35:19,425 [IPC Server listener on 39120] INFO  ipc.Server (Server.java:run(1185)) - Stopping IPC Server listener on 39120
2019-08-29 08:35:19,425 [main] INFO  server.StorageContainerManager (StorageContainerManager.java:stop(826)) - Stopping the StorageContainerLocationProtocol RPC server
2019-08-29 08:35:19,428 [main] INFO  server.SCMClientProtocolServer (SCMClientProtocolServer.java:stop(159)) - Stopping the RPC server for Client Protocol
2019-08-29 08:35:19,428 [main] INFO  ipc.Server (Server.java:stop(3082)) - Stopping server on 42191
2019-08-29 08:35:19,429 [IPC Server Responder] INFO  ipc.Server (Server.java:run(1319)) - Stopping IPC Server Responder
2019-08-29 08:35:19,431 [IPC Server listener on 42191] INFO  ipc.Server (Server.java:run(1185)) - Stopping IPC Server listener on 42191
2019-08-29 08:35:19,431 [main] INFO  server.StorageContainerManager (StorageContainerManager.java:stop(833)) - Stopping Storage Container Manager HTTP server.
2019-08-29 08:35:19,431 [IPC Server Responder] INFO  ipc.Server (Server.java:run(1319)) - Stopping IPC Server Responder
2019-08-29 08:35:19,432 [main] INFO  handler.ContextHandler (ContextHandler.java:doStop(910)) - Stopped o.e.j.w.WebAppContext@5489c777{/,null,UNAVAILABLE}{/scm}
2019-08-29 08:35:19,433 [main] INFO  server.AbstractConnector (AbstractConnector.java:doStop(318)) - Stopped ServerConnector@2970a5bc{HTTP/1.1,[http/1.1]}{0.0.0.0:0}
2019-08-29 08:35:19,433 [main] INFO  handler.ContextHandler (ContextHandler.java:doStop(910)) - Stopped o.e.j.s.ServletContextHandler@38f116f6{/static,file:///workdir/hadoop-ozone/integration-test/target/test-classes/webapps/static,UNAVAILABLE}
2019-08-29 08:35:19,433 [main] INFO  handler.ContextHandler (ContextHandler.java:doStop(910)) - Stopped o.e.j.s.ServletContextHandler@424fd310{/logs,file:///workdir/hadoop-ozone/integration-test/target/log,UNAVAILABLE}
2019-08-29 08:35:19,434 [main] INFO  server.StorageContainerManager (StorageContainerManager.java:stop(844)) - Stopping Block Manager Service.
2019-08-29 08:35:19,435 [main] INFO  utils.BackgroundService (BackgroundService.java:shutdown(148)) - Shutting down service SCMBlockDeletingService
2019-08-29 08:35:19,435 [main] INFO  utils.BackgroundService (BackgroundService.java:shutdown(148)) - Shutting down service SCMBlockDeletingService
2019-08-29 08:35:19,436 [main] INFO  server.StorageContainerManager (StorageContainerManager.java:stop(866)) - Stopping SCM Event Queue.
2019-08-29 08:35:19,443 [main] INFO  impl.MetricsSystemImpl (MetricsSystemImpl.java:stop(210)) - Stopping XceiverClientMetrics metrics system...
2019-08-29 08:35:19,454 [main] INFO  impl.MetricsSystemImpl (MetricsSystemImpl.java:stop(216)) - XceiverClientMetrics metrics system stopped.
]]></system-out>
    <system-err><![CDATA[Aug 29, 2019 8:33:23 AM com.sun.jersey.server.impl.application.WebApplicationImpl _initiate
INFO: Initiating Jersey application, version 'Jersey: 1.19 02/11/2015 03:25 AM'
Aug 29, 2019 8:33:24 AM com.sun.jersey.server.impl.application.WebApplicationImpl _initiate
INFO: Initiating Jersey application, version 'Jersey: 1.19 02/11/2015 03:25 AM'
Aug 29, 2019 8:33:25 AM com.sun.jersey.server.impl.application.WebApplicationImpl _initiate
INFO: Initiating Jersey application, version 'Jersey: 1.19 02/11/2015 03:25 AM'
Aug 29, 2019 8:33:25 AM com.sun.jersey.server.impl.application.WebApplicationImpl _initiate
INFO: Initiating Jersey application, version 'Jersey: 1.19 02/11/2015 03:25 AM'
Aug 29, 2019 8:33:25 AM com.sun.jersey.server.impl.application.WebApplicationImpl _initiate
INFO: Initiating Jersey application, version 'Jersey: 1.19 02/11/2015 03:25 AM'
Aug 29, 2019 8:33:25 AM com.sun.jersey.server.impl.application.WebApplicationImpl _initiate
INFO: Initiating Jersey application, version 'Jersey: 1.19 02/11/2015 03:25 AM'
Aug 29, 2019 8:33:26 AM com.sun.jersey.server.impl.application.WebApplicationImpl _initiate
INFO: Initiating Jersey application, version 'Jersey: 1.19 02/11/2015 03:25 AM'
Aug 29, 2019 8:33:26 AM com.sun.jersey.server.impl.application.WebApplicationImpl _initiate
INFO: Initiating Jersey application, version 'Jersey: 1.19 02/11/2015 03:25 AM'
Aug 29, 2019 8:33:26 AM com.sun.jersey.server.impl.application.WebApplicationImpl _initiate
INFO: Initiating Jersey application, version 'Jersey: 1.19 02/11/2015 03:25 AM'
Aug 29, 2019 8:33:26 AM com.sun.jersey.server.impl.application.WebApplicationImpl _initiate
INFO: Initiating Jersey application, version 'Jersey: 1.19 02/11/2015 03:25 AM'
]]></system-err>
  </testcase>
  <testcase name="testMultiBlockWritesWithDnFailures" classname="org.apache.hadoop.ozone.client.rpc.TestMultiBlockWritesWithDnFailures" time="52.48"/>
</testsuite>