<?xml version="1.0" encoding="UTF-8"?>
<testsuite xmlns:xsi="http://www.w3.org/2001/XMLSchema-instance" xsi:noNamespaceSchemaLocation="https://maven.apache.org/surefire/maven-surefire-plugin/xsd/surefire-test-report.xsd" name="org.apache.hadoop.ozone.client.rpc.TestBlockOutputStream" time="272.138" tests="6" errors="0" skipped="0" failures="1">
  <properties>
    <property name="awt.toolkit" value="sun.awt.X11.XToolkit"/>
    <property name="file.encoding.pkg" value="sun.io"/>
    <property name="java.specification.version" value="1.8"/>
    <property name="sun.cpu.isalist" value=""/>
    <property name="sun.jnu.encoding" value="UTF-8"/>
    <property name="java.class.path" value="/tmp/workdir/hadoop-ozone/integration-test/target/test-classes:/tmp/workdir/hadoop-ozone/integration-test/target/classes:/home/user/.m2/repository/org/apache/hadoop/hadoop-ozone-common/0.5.0-SNAPSHOT/hadoop-ozone-common-0.5.0-SNAPSHOT.jar:/home/user/.m2/repository/org/apache/commons/commons-compress/1.4.1/commons-compress-1.4.1.jar:/home/user/.m2/repository/org/tukaani/xz/1.0/xz-1.0.jar:/home/user/.m2/repository/org/apache/hadoop/hadoop-common/3.2.0/hadoop-common-3.2.0.jar:/home/user/.m2/repository/org/apache/hadoop/hadoop-hdfs/3.2.0/hadoop-hdfs-3.2.0.jar:/home/user/.m2/repository/org/apache/hadoop/hadoop-hdfs-client/3.2.0/hadoop-hdfs-client-3.2.0.jar:/home/user/.m2/repository/com/fasterxml/jackson/core/jackson-annotations/2.9.5/jackson-annotations-2.9.5.jar:/home/user/.m2/repository/org/apache/hadoop/hadoop-hdds-common/0.5.0-SNAPSHOT/hadoop-hdds-common-0.5.0-SNAPSHOT.jar:/home/user/.m2/repository/javax/annotation/javax.annotation-api/1.2/javax.annotation-api-1.2.jar:/home/user/.m2/repository/org/apache/ratis/ratis-server/0.4.0-78e95b9-SNAPSHOT/ratis-server-0.4.0-78e95b9-SNAPSHOT.jar:/home/user/.m2/repository/org/apache/ratis/ratis-thirdparty-misc/0.2.0/ratis-thirdparty-misc-0.2.0.jar:/home/user/.m2/repository/org/apache/ratis/ratis-proto/0.4.0-78e95b9-SNAPSHOT/ratis-proto-0.4.0-78e95b9-SNAPSHOT.jar:/home/user/.m2/repository/org/apache/ratis/ratis-common/0.4.0-78e95b9-SNAPSHOT/ratis-common-0.4.0-78e95b9-SNAPSHOT.jar:/home/user/.m2/repository/org/apache/ratis/ratis-client/0.4.0-78e95b9-SNAPSHOT/ratis-client-0.4.0-78e95b9-SNAPSHOT.jar:/home/user/.m2/repository/org/apache/ratis/ratis-metrics/0.4.0-78e95b9-SNAPSHOT/ratis-metrics-0.4.0-78e95b9-SNAPSHOT.jar:/home/user/.m2/repository/com/github/joshelser/dropwizard-metrics-hadoop-metrics2-reporter/0.1.2/dropwizard-metrics-hadoop-metrics2-reporter-0.1.2.jar:/home/user/.m2/repository/io/dropwizard/metrics/metrics-jvm/3.2.5/metrics-jvm-3.2.5.jar:/home/user/.m2/repository/io/dropwizard/metrics/metrics-ganglia/3.2.5/metrics-ganglia-3.2.5.jar:/home/user/.m2/repository/info/ganglia/gmetric4j/gmetric4j/1.0.7/gmetric4j-1.0.7.jar:/home/user/.m2/repository/org/apache/ratis/ratis-netty/0.4.0-78e95b9-SNAPSHOT/ratis-netty-0.4.0-78e95b9-SNAPSHOT.jar:/home/user/.m2/repository/org/apache/ratis/ratis-grpc/0.4.0-78e95b9-SNAPSHOT/ratis-grpc-0.4.0-78e95b9-SNAPSHOT.jar:/home/user/.m2/repository/org/rocksdb/rocksdbjni/6.0.1/rocksdbjni-6.0.1.jar:/home/user/.m2/repository/org/apache/logging/log4j/log4j-api/2.11.0/log4j-api-2.11.0.jar:/home/user/.m2/repository/org/apache/logging/log4j/log4j-core/2.11.0/log4j-core-2.11.0.jar:/home/user/.m2/repository/com/lmax/disruptor/3.4.2/disruptor-3.4.2.jar:/home/user/.m2/repository/org/apache/commons/commons-pool2/2.6.0/commons-pool2-2.6.0.jar:/home/user/.m2/repository/org/bouncycastle/bcpkix-jdk15on/1.60/bcpkix-jdk15on-1.60.jar:/home/user/.m2/repository/commons-validator/commons-validator/1.6/commons-validator-1.6.jar:/home/user/.m2/repository/commons-digester/commons-digester/1.8.1/commons-digester-1.8.1.jar:/home/user/.m2/repository/io/jaegertracing/jaeger-client/0.33.1/jaeger-client-0.33.1.jar:/home/user/.m2/repository/io/jaegertracing/jaeger-thrift/0.33.1/jaeger-thrift-0.33.1.jar:/home/user/.m2/repository/org/apache/thrift/libthrift/0.11.0/libthrift-0.11.0.jar:/home/user/.m2/repository/com/squareup/okhttp3/okhttp/3.9.0/okhttp-3.9.0.jar:/home/user/.m2/repository/com/squareup/okio/okio/1.13.0/okio-1.13.0.jar:/home/user/.m2/repository/io/jaegertracing/jaeger-core/0.33.1/jaeger-core-0.33.1.jar:/home/user/.m2/repository/io/jaegertracing/jaeger-tracerresolver/0.33.1/jaeger-tracerresolver-0.33.1.jar:/home/user/.m2/repository/io/opentracing/contrib/opentracing-tracerresolver/0.1.5/opentracing-tracerresolver-0.1.5.jar:/home/user/.m2/repository/io/opentracing/opentracing-util/0.31.0/opentracing-util-0.31.0.jar:/home/user/.m2/repository/io/opentracing/opentracing-api/0.31.0/opentracing-api-0.31.0.jar:/home/user/.m2/repository/io/opentracing/opentracing-noop/0.31.0/opentracing-noop-0.31.0.jar:/home/user/.m2/repository/org/apache/hadoop/hadoop-hdds-server-framework/0.5.0-SNAPSHOT/hadoop-hdds-server-framework-0.5.0-SNAPSHOT.jar:/home/user/.m2/repository/org/apache/hadoop/hadoop-hdds-container-service/0.5.0-SNAPSHOT/hadoop-hdds-container-service-0.5.0-SNAPSHOT.jar:/home/user/.m2/repository/org/apache/hadoop/hadoop-hdds-client/0.5.0-SNAPSHOT/hadoop-hdds-client-0.5.0-SNAPSHOT.jar:/home/user/.m2/repository/org/apache/hadoop/hadoop-hdds-tools/0.5.0-SNAPSHOT/hadoop-hdds-tools-0.5.0-SNAPSHOT.jar:/home/user/.m2/repository/org/apache/hadoop/hadoop-hdds-server-scm/0.5.0-SNAPSHOT/hadoop-hdds-server-scm-0.5.0-SNAPSHOT.jar:/home/user/.m2/repository/org/apache/hadoop/hadoop-hdds-docs/0.5.0-SNAPSHOT/hadoop-hdds-docs-0.5.0-SNAPSHOT.jar:/home/user/.m2/repository/io/dropwizard/metrics/metrics-core/3.2.4/metrics-core-3.2.4.jar:/home/user/.m2/repository/org/hamcrest/hamcrest-all/1.3/hamcrest-all-1.3.jar:/home/user/.m2/repository/org/bouncycastle/bcprov-jdk15on/1.60/bcprov-jdk15on-1.60.jar:/home/user/.m2/repository/info/picocli/picocli/3.9.6/picocli-3.9.6.jar:/home/user/.m2/repository/com/google/protobuf/protobuf-java/2.5.0/protobuf-java-2.5.0.jar:/home/user/.m2/repository/com/google/guava/guava/11.0.2/guava-11.0.2.jar:/home/user/.m2/repository/org/apache/hadoop/hadoop-ozone-ozone-manager/0.5.0-SNAPSHOT/hadoop-ozone-ozone-manager-0.5.0-SNAPSHOT.jar:/home/user/.m2/repository/org/apache/hadoop/hadoop-minikdc/3.2.0/hadoop-minikdc-3.2.0.jar:/home/user/.m2/repository/commons-io/commons-io/2.5/commons-io-2.5.jar:/home/user/.m2/repository/org/apache/kerby/kerb-simplekdc/1.0.1/kerb-simplekdc-1.0.1.jar:/home/user/.m2/repository/org/apache/kerby/kerb-client/1.0.1/kerb-client-1.0.1.jar:/home/user/.m2/repository/org/apache/kerby/kerby-config/1.0.1/kerby-config-1.0.1.jar:/home/user/.m2/repository/org/apache/kerby/kerb-core/1.0.1/kerb-core-1.0.1.jar:/home/user/.m2/repository/org/apache/kerby/kerby-pkix/1.0.1/kerby-pkix-1.0.1.jar:/home/user/.m2/repository/org/apache/kerby/kerby-asn1/1.0.1/kerby-asn1-1.0.1.jar:/home/user/.m2/repository/org/apache/kerby/kerby-util/1.0.1/kerby-util-1.0.1.jar:/home/user/.m2/repository/org/apache/kerby/kerb-common/1.0.1/kerb-common-1.0.1.jar:/home/user/.m2/repository/org/apache/kerby/kerb-crypto/1.0.1/kerb-crypto-1.0.1.jar:/home/user/.m2/repository/org/apache/kerby/kerb-util/1.0.1/kerb-util-1.0.1.jar:/home/user/.m2/repository/org/apache/kerby/token-provider/1.0.1/token-provider-1.0.1.jar:/home/user/.m2/repository/org/apache/kerby/kerb-admin/1.0.1/kerb-admin-1.0.1.jar:/home/user/.m2/repository/org/apache/kerby/kerb-server/1.0.1/kerb-server-1.0.1.jar:/home/user/.m2/repository/org/apache/kerby/kerb-identity/1.0.1/kerb-identity-1.0.1.jar:/home/user/.m2/repository/org/apache/kerby/kerby-xdr/1.0.1/kerby-xdr-1.0.1.jar:/home/user/.m2/repository/org/slf4j/slf4j-log4j12/1.7.25/slf4j-log4j12-1.7.25.jar:/home/user/.m2/repository/org/apache/hadoop/hadoop-ozone-s3gateway/0.5.0-SNAPSHOT/hadoop-ozone-s3gateway-0.5.0-SNAPSHOT.jar:/home/user/.m2/repository/org/jboss/weld/servlet/weld-servlet/2.4.7.Final/weld-servlet-2.4.7.Final.jar:/home/user/.m2/repository/org/glassfish/jersey/containers/jersey-container-servlet-core/2.27/jersey-container-servlet-core-2.27.jar:/home/user/.m2/repository/org/glassfish/hk2/external/javax.inject/2.5.0-b42/javax.inject-2.5.0-b42.jar:/home/user/.m2/repository/org/glassfish/jersey/core/jersey-common/2.27/jersey-common-2.27.jar:/home/user/.m2/repository/org/glassfish/hk2/osgi-resource-locator/1.0.1/osgi-resource-locator-1.0.1.jar:/home/user/.m2/repository/javax/ws/rs/javax.ws.rs-api/2.1/javax.ws.rs-api-2.1.jar:/home/user/.m2/repository/org/glassfish/jersey/ext/cdi/jersey-cdi1x/2.27/jersey-cdi1x-2.27.jar:/home/user/.m2/repository/org/glassfish/jersey/inject/jersey-hk2/2.27/jersey-hk2-2.27.jar:/home/user/.m2/repository/org/glassfish/hk2/hk2-locator/2.5.0-b42/hk2-locator-2.5.0-b42.jar:/home/user/.m2/repository/org/javassist/javassist/3.22.0-CR2/javassist-3.22.0-CR2.jar:/home/user/.m2/repository/org/glassfish/hk2/hk2-api/2.5.0/hk2-api-2.5.0.jar:/home/user/.m2/repository/org/glassfish/hk2/external/jakarta.inject/2.5.0/jakarta.inject-2.5.0.jar:/home/user/.m2/repository/org/glassfish/hk2/hk2-utils/2.5.0/hk2-utils-2.5.0.jar:/home/user/.m2/repository/jakarta/annotation/jakarta.annotation-api/1.3.4/jakarta.annotation-api-1.3.4.jar:/home/user/.m2/repository/org/glassfish/hk2/external/aopalliance-repackaged/2.5.0/aopalliance-repackaged-2.5.0.jar:/home/user/.m2/repository/com/fasterxml/jackson/dataformat/jackson-dataformat-xml/2.9.0/jackson-dataformat-xml-2.9.0.jar:/home/user/.m2/repository/com/fasterxml/jackson/core/jackson-core/2.9.5/jackson-core-2.9.5.jar:/home/user/.m2/repository/com/fasterxml/jackson/module/jackson-module-jaxb-annotations/2.9.5/jackson-module-jaxb-annotations-2.9.5.jar:/home/user/.m2/repository/javax/enterprise/cdi-api/1.2/cdi-api-1.2.jar:/home/user/.m2/repository/javax/el/javax.el-api/3.0.0/javax.el-api-3.0.0.jar:/home/user/.m2/repository/javax/interceptor/javax.interceptor-api/1.2/javax.interceptor-api-1.2.jar:/home/user/.m2/repository/javax/inject/javax.inject/1/javax.inject-1.jar:/home/user/.m2/repository/com/sun/xml/bind/jaxb-impl/2.3.0.1/jaxb-impl-2.3.0.1.jar:/home/user/.m2/repository/com/sun/xml/bind/jaxb-core/2.3.0.1/jaxb-core-2.3.0.1.jar:/home/user/.m2/repository/javax/xml/bind/jaxb-api/2.3.0/jaxb-api-2.3.0.jar:/home/user/.m2/repository/javax/activation/activation/1.1.1/activation-1.1.1.jar:/home/user/.m2/repository/org/apache/hadoop/hadoop-ozone-csi/0.5.0-SNAPSHOT/hadoop-ozone-csi-0.5.0-SNAPSHOT.jar:/home/user/.m2/repository/com/google/protobuf/protobuf-java-util/3.5.1/protobuf-java-util-3.5.1.jar:/home/user/.m2/repository/org/apache/hadoop/hadoop-hdds-config/0.5.0-SNAPSHOT/hadoop-hdds-config-0.5.0-SNAPSHOT.jar:/home/user/.m2/repository/io/grpc/grpc-netty/1.17.1/grpc-netty-1.17.1.jar:/home/user/.m2/repository/io/grpc/grpc-core/1.17.1/grpc-core-1.17.1.jar:/home/user/.m2/repository/io/grpc/grpc-context/1.17.1/grpc-context-1.17.1.jar:/home/user/.m2/repository/com/google/errorprone/error_prone_annotations/2.2.0/error_prone_annotations-2.2.0.jar:/home/user/.m2/repository/org/codehaus/mojo/animal-sniffer-annotations/1.17/animal-sniffer-annotations-1.17.jar:/home/user/.m2/repository/io/opencensus/opencensus-api/0.17.0/opencensus-api-0.17.0.jar:/home/user/.m2/repository/io/opencensus/opencensus-contrib-grpc-metrics/0.17.0/opencensus-contrib-grpc-metrics-0.17.0.jar:/home/user/.m2/repository/io/netty/netty-codec-http2/4.1.30.Final/netty-codec-http2-4.1.30.Final.jar:/home/user/.m2/repository/io/netty/netty-codec-http/4.1.30.Final/netty-codec-http-4.1.30.Final.jar:/home/user/.m2/repository/io/netty/netty-codec/4.1.30.Final/netty-codec-4.1.30.Final.jar:/home/user/.m2/repository/io/netty/netty-handler/4.1.30.Final/netty-handler-4.1.30.Final.jar:/home/user/.m2/repository/io/netty/netty-handler-proxy/4.1.30.Final/netty-handler-proxy-4.1.30.Final.jar:/home/user/.m2/repository/io/netty/netty-codec-socks/4.1.30.Final/netty-codec-socks-4.1.30.Final.jar:/home/user/.m2/repository/io/netty/netty-transport-native-epoll/4.1.30.Final/netty-transport-native-epoll-4.1.30.Final.jar:/home/user/.m2/repository/io/netty/netty-common/4.1.30.Final/netty-common-4.1.30.Final.jar:/home/user/.m2/repository/io/netty/netty-buffer/4.1.30.Final/netty-buffer-4.1.30.Final.jar:/home/user/.m2/repository/io/netty/netty-transport/4.1.30.Final/netty-transport-4.1.30.Final.jar:/home/user/.m2/repository/io/netty/netty-resolver/4.1.30.Final/netty-resolver-4.1.30.Final.jar:/home/user/.m2/repository/io/netty/netty-transport-native-unix-common/4.1.30.Final/netty-transport-native-unix-common-4.1.30.Final.jar:/home/user/.m2/repository/io/grpc/grpc-protobuf/1.17.1/grpc-protobuf-1.17.1.jar:/home/user/.m2/repository/com/google/api/grpc/proto-google-common-protos/1.0.0/proto-google-common-protos-1.0.0.jar:/home/user/.m2/repository/io/grpc/grpc-protobuf-lite/1.17.1/grpc-protobuf-lite-1.17.1.jar:/home/user/.m2/repository/io/grpc/grpc-stub/1.17.1/grpc-stub-1.17.1.jar:/home/user/.m2/repository/org/apache/hadoop/hadoop-ozone-recon/0.5.0-SNAPSHOT/hadoop-ozone-recon-0.5.0-SNAPSHOT.jar:/home/user/.m2/repository/org/apache/hadoop/hadoop-ozone-reconcodegen/0.5.0-SNAPSHOT/hadoop-ozone-reconcodegen-0.5.0-SNAPSHOT.jar:/home/user/.m2/repository/com/google/inject/extensions/guice-multibindings/4.0/guice-multibindings-4.0.jar:/home/user/.m2/repository/com/google/inject/guice/4.0/guice-4.0.jar:/home/user/.m2/repository/aopalliance/aopalliance/1.0/aopalliance-1.0.jar:/home/user/.m2/repository/com/google/inject/extensions/guice-servlet/4.0/guice-servlet-4.0.jar:/home/user/.m2/repository/org/glassfish/jersey/containers/jersey-container-servlet/2.27/jersey-container-servlet-2.27.jar:/home/user/.m2/repository/org/glassfish/hk2/guice-bridge/2.5.0/guice-bridge-2.5.0.jar:/home/user/.m2/repository/org/glassfish/jersey/core/jersey-server/2.27/jersey-server-2.27.jar:/home/user/.m2/repository/org/glassfish/jersey/core/jersey-client/2.27/jersey-client-2.27.jar:/home/user/.m2/repository/org/glassfish/jersey/media/jersey-media-jaxb/2.27/jersey-media-jaxb-2.27.jar:/home/user/.m2/repository/javax/validation/validation-api/1.1.0.Final/validation-api-1.1.0.Final.jar:/home/user/.m2/repository/org/glassfish/jersey/media/jersey-media-json-jackson/2.27/jersey-media-json-jackson-2.27.jar:/home/user/.m2/repository/org/glassfish/jersey/ext/jersey-entity-filtering/2.27/jersey-entity-filtering-2.27.jar:/home/user/.m2/repository/com/google/inject/extensions/guice-assistedinject/4.0/guice-assistedinject-4.0.jar:/home/user/.m2/repository/org/jooq/jooq/3.11.10/jooq-3.11.10.jar:/home/user/.m2/repository/org/jooq/jooq-meta/3.11.10/jooq-meta-3.11.10.jar:/home/user/.m2/repository/org/jooq/jooq-codegen/3.11.10/jooq-codegen-3.11.10.jar:/home/user/.m2/repository/com/jolbox/bonecp/0.8.0.RELEASE/bonecp-0.8.0.RELEASE.jar:/home/user/.m2/repository/org/xerial/sqlite-jdbc/3.25.2/sqlite-jdbc-3.25.2.jar:/home/user/.m2/repository/org/springframework/spring-jdbc/5.1.3.RELEASE/spring-jdbc-5.1.3.RELEASE.jar:/home/user/.m2/repository/org/springframework/spring-beans/5.1.3.RELEASE/spring-beans-5.1.3.RELEASE.jar:/home/user/.m2/repository/org/springframework/spring-core/5.1.3.RELEASE/spring-core-5.1.3.RELEASE.jar:/home/user/.m2/repository/org/springframework/spring-jcl/5.1.3.RELEASE/spring-jcl-5.1.3.RELEASE.jar:/home/user/.m2/repository/org/springframework/spring-tx/5.1.3.RELEASE/spring-tx-5.1.3.RELEASE.jar:/home/user/.m2/repository/org/apache/hadoop/hadoop-ozone-client/0.5.0-SNAPSHOT/hadoop-ozone-client-0.5.0-SNAPSHOT.jar:/home/user/.m2/repository/commons-lang/commons-lang/2.6/commons-lang-2.6.jar:/home/user/.m2/repository/org/apache/hadoop/hadoop-ozone-ozone-manager/0.5.0-SNAPSHOT/hadoop-ozone-ozone-manager-0.5.0-SNAPSHOT-tests.jar:/home/user/.m2/repository/junit/junit/4.11/junit-4.11.jar:/home/user/.m2/repository/org/hamcrest/hamcrest-core/1.3/hamcrest-core-1.3.jar:/home/user/.m2/repository/org/openjdk/jmh/jmh-core/1.19/jmh-core-1.19.jar:/home/user/.m2/repository/net/sf/jopt-simple/jopt-simple/4.6/jopt-simple-4.6.jar:/home/user/.m2/repository/org/apache/commons/commons-math3/3.1.1/commons-math3-3.1.1.jar:/home/user/.m2/repository/org/openjdk/jmh/jmh-generator-annprocess/1.19/jmh-generator-annprocess-1.19.jar:/home/user/.m2/repository/org/mockito/mockito-all/1.8.5/mockito-all-1.8.5.jar:/home/user/.m2/repository/org/apache/hadoop/hadoop-kms/3.2.0/hadoop-kms-3.2.0.jar:/home/user/.m2/repository/org/apache/hadoop/hadoop-auth/3.2.0/hadoop-auth-3.2.0.jar:/home/user/.m2/repository/com/nimbusds/nimbus-jose-jwt/4.41.1/nimbus-jose-jwt-4.41.1.jar:/home/user/.m2/repository/com/github/stephenc/jcip/jcip-annotations/1.0-1/jcip-annotations-1.0-1.jar:/home/user/.m2/repository/net/minidev/json-smart/2.3/json-smart-2.3.jar:/home/user/.m2/repository/net/minidev/accessors-smart/1.2/accessors-smart-1.2.jar:/home/user/.m2/repository/org/ow2/asm/asm/5.0.4/asm-5.0.4.jar:/home/user/.m2/repository/org/apache/curator/curator-framework/2.12.0/curator-framework-2.12.0.jar:/home/user/.m2/repository/com/sun/jersey/jersey-core/1.19/jersey-core-1.19.jar:/home/user/.m2/repository/javax/ws/rs/jsr311-api/1.1.1/jsr311-api-1.1.1.jar:/home/user/.m2/repository/com/sun/jersey/jersey-server/1.19/jersey-server-1.19.jar:/home/user/.m2/repository/javax/servlet/javax.servlet-api/3.1.0/javax.servlet-api-3.1.0.jar:/home/user/.m2/repository/org/eclipse/jetty/jetty-server/9.3.24.v20180605/jetty-server-9.3.24.v20180605.jar:/home/user/.m2/repository/org/eclipse/jetty/jetty-http/9.3.24.v20180605/jetty-http-9.3.24.v20180605.jar:/home/user/.m2/repository/org/eclipse/jetty/jetty-io/9.3.24.v20180605/jetty-io-9.3.24.v20180605.jar:/home/user/.m2/repository/org/eclipse/jetty/jetty-webapp/9.3.24.v20180605/jetty-webapp-9.3.24.v20180605.jar:/home/user/.m2/repository/org/eclipse/jetty/jetty-xml/9.3.24.v20180605/jetty-xml-9.3.24.v20180605.jar:/home/user/.m2/repository/log4j/log4j/1.2.17/log4j-1.2.17.jar:/home/user/.m2/repository/org/slf4j/slf4j-api/1.7.25/slf4j-api-1.7.25.jar:/home/user/.m2/repository/org/slf4j/jul-to-slf4j/1.7.25/jul-to-slf4j-1.7.25.jar:/home/user/.m2/repository/org/eclipse/jetty/jetty-util/9.3.24.v20180605/jetty-util-9.3.24.v20180605.jar:/home/user/.m2/repository/com/fasterxml/jackson/core/jackson-databind/2.9.5/jackson-databind-2.9.5.jar:/home/user/.m2/repository/org/apache/hadoop/hadoop-kms/3.2.0/hadoop-kms-3.2.0-tests.jar:/home/user/.m2/repository/org/apache/hadoop/hadoop-hdds-server-scm/0.5.0-SNAPSHOT/hadoop-hdds-server-scm-0.5.0-SNAPSHOT-tests.jar:/home/user/.m2/repository/org/apache/hadoop/hadoop-hdds-container-service/0.5.0-SNAPSHOT/hadoop-hdds-container-service-0.5.0-SNAPSHOT-tests.jar:/home/user/.m2/repository/org/yaml/snakeyaml/1.16/snakeyaml-1.16.jar:/home/user/.m2/repository/org/apache/hadoop/hadoop-common/3.2.0/hadoop-common-3.2.0-tests.jar:/home/user/.m2/repository/org/apache/hadoop/hadoop-annotations/3.2.0/hadoop-annotations-3.2.0.jar:/usr/lib/jvm/java-1.8-openjdk/jre/../lib/tools.jar:/home/user/.m2/repository/commons-cli/commons-cli/1.2/commons-cli-1.2.jar:/home/user/.m2/repository/org/apache/httpcomponents/httpclient/4.5.2/httpclient-4.5.2.jar:/home/user/.m2/repository/org/apache/httpcomponents/httpcore/4.4.4/httpcore-4.4.4.jar:/home/user/.m2/repository/commons-codec/commons-codec/1.11/commons-codec-1.11.jar:/home/user/.m2/repository/commons-net/commons-net/3.6/commons-net-3.6.jar:/home/user/.m2/repository/commons-collections/commons-collections/3.2.2/commons-collections-3.2.2.jar:/home/user/.m2/repository/org/eclipse/jetty/jetty-servlet/9.3.24.v20180605/jetty-servlet-9.3.24.v20180605.jar:/home/user/.m2/repository/org/eclipse/jetty/jetty-security/9.3.24.v20180605/jetty-security-9.3.24.v20180605.jar:/home/user/.m2/repository/javax/servlet/jsp/jsp-api/2.1/jsp-api-2.1.jar:/home/user/.m2/repository/com/sun/jersey/jersey-servlet/1.19/jersey-servlet-1.19.jar:/home/user/.m2/repository/com/sun/jersey/jersey-json/1.19/jersey-json-1.19.jar:/home/user/.m2/repository/org/codehaus/jettison/jettison/1.1/jettison-1.1.jar:/home/user/.m2/repository/org/codehaus/jackson/jackson-core-asl/1.9.13/jackson-core-asl-1.9.13.jar:/home/user/.m2/repository/org/codehaus/jackson/jackson-mapper-asl/1.9.13/jackson-mapper-asl-1.9.13.jar:/home/user/.m2/repository/org/codehaus/jackson/jackson-jaxrs/1.9.13/jackson-jaxrs-1.9.13.jar:/home/user/.m2/repository/org/codehaus/jackson/jackson-xc/1.9.13/jackson-xc-1.9.13.jar:/home/user/.m2/repository/commons-logging/commons-logging/1.1.3/commons-logging-1.1.3.jar:/home/user/.m2/repository/commons-beanutils/commons-beanutils/1.9.3/commons-beanutils-1.9.3.jar:/home/user/.m2/repository/org/apache/commons/commons-configuration2/2.1.1/commons-configuration2-2.1.1.jar:/home/user/.m2/repository/org/apache/commons/commons-lang3/3.7/commons-lang3-3.7.jar:/home/user/.m2/repository/org/apache/commons/commons-text/1.4/commons-text-1.4.jar:/home/user/.m2/repository/org/apache/avro/avro/1.7.7/avro-1.7.7.jar:/home/user/.m2/repository/com/thoughtworks/paranamer/paranamer/2.3/paranamer-2.3.jar:/home/user/.m2/repository/org/xerial/snappy/snappy-java/1.0.5/snappy-java-1.0.5.jar:/home/user/.m2/repository/com/google/re2j/re2j/1.1/re2j-1.1.jar:/home/user/.m2/repository/com/google/code/gson/gson/2.2.4/gson-2.2.4.jar:/home/user/.m2/repository/com/jcraft/jsch/0.1.54/jsch-0.1.54.jar:/home/user/.m2/repository/org/apache/curator/curator-client/2.12.0/curator-client-2.12.0.jar:/home/user/.m2/repository/org/apache/curator/curator-recipes/2.12.0/curator-recipes-2.12.0.jar:/home/user/.m2/repository/com/google/code/findbugs/jsr305/3.0.0/jsr305-3.0.0.jar:/home/user/.m2/repository/org/apache/htrace/htrace-core4/4.1.0-incubating/htrace-core4-4.1.0-incubating.jar:/home/user/.m2/repository/org/apache/zookeeper/zookeeper/3.4.13/zookeeper-3.4.13.jar:/home/user/.m2/repository/org/apache/yetus/audience-annotations/0.5.0/audience-annotations-0.5.0.jar:/home/user/.m2/repository/org/codehaus/woodstox/stax2-api/3.1.4/stax2-api-3.1.4.jar:/home/user/.m2/repository/com/fasterxml/woodstox/woodstox-core/5.0.3/woodstox-core-5.0.3.jar:/home/user/.m2/repository/dnsjava/dnsjava/2.1.7/dnsjava-2.1.7.jar:/home/user/.m2/repository/org/apache/hadoop/hadoop-hdfs/3.2.0/hadoop-hdfs-3.2.0-tests.jar:/home/user/.m2/repository/org/eclipse/jetty/jetty-util-ajax/9.3.24.v20180605/jetty-util-ajax-9.3.24.v20180605.jar:/home/user/.m2/repository/commons-daemon/commons-daemon/1.0.13/commons-daemon-1.0.13.jar:/home/user/.m2/repository/io/netty/netty/3.10.5.Final/netty-3.10.5.Final.jar:/home/user/.m2/repository/io/netty/netty-all/4.0.52.Final/netty-all-4.0.52.Final.jar:/home/user/.m2/repository/org/fusesource/leveldbjni/leveldbjni-all/1.8/leveldbjni-all-1.8.jar:"/>
    <property name="java.vm.vendor" value="IcedTea"/>
    <property name="sun.arch.data.model" value="64"/>
    <property name="test.build.dir" value="/tmp/workdir/hadoop-ozone/integration-test/target/test-dir"/>
    <property name="test.cache.data" value=""/>
    <property name="java.vendor.url" value="https://icedtea.classpath.org"/>
    <property name="user.timezone" value=""/>
    <property name="java.vm.specification.version" value="1.8"/>
    <property name="os.name" value="Linux"/>
    <property name="test.build.data" value="/tmp/workdir/hadoop-ozone/integration-test/target/test-dir"/>
    <property name="user.country" value="US"/>
    <property name="sun.java.launcher" value="SUN_STANDARD"/>
    <property name="sun.boot.library.path" value="/usr/lib/jvm/java-1.8-openjdk/jre/lib/amd64"/>
    <property name="sun.java.command" value="/tmp/workdir/hadoop-ozone/integration-test/target/surefire/surefirebooter4065073012399597498.jar /tmp/workdir/hadoop-ozone/integration-test/target/surefire 2019-09-17T10-08-38_374-jvmRun1 surefire5274259234961373726tmp surefire_349112428281805250716tmp"/>
    <property name="test" value="!TestMiniChaosOzoneCluster"/>
    <property name="surefire.test.class.path" value="/tmp/workdir/hadoop-ozone/integration-test/target/test-classes:/tmp/workdir/hadoop-ozone/integration-test/target/classes:/home/user/.m2/repository/org/apache/hadoop/hadoop-ozone-common/0.5.0-SNAPSHOT/hadoop-ozone-common-0.5.0-SNAPSHOT.jar:/home/user/.m2/repository/org/apache/commons/commons-compress/1.4.1/commons-compress-1.4.1.jar:/home/user/.m2/repository/org/tukaani/xz/1.0/xz-1.0.jar:/home/user/.m2/repository/org/apache/hadoop/hadoop-common/3.2.0/hadoop-common-3.2.0.jar:/home/user/.m2/repository/org/apache/hadoop/hadoop-hdfs/3.2.0/hadoop-hdfs-3.2.0.jar:/home/user/.m2/repository/org/apache/hadoop/hadoop-hdfs-client/3.2.0/hadoop-hdfs-client-3.2.0.jar:/home/user/.m2/repository/com/fasterxml/jackson/core/jackson-annotations/2.9.5/jackson-annotations-2.9.5.jar:/home/user/.m2/repository/org/apache/hadoop/hadoop-hdds-common/0.5.0-SNAPSHOT/hadoop-hdds-common-0.5.0-SNAPSHOT.jar:/home/user/.m2/repository/javax/annotation/javax.annotation-api/1.2/javax.annotation-api-1.2.jar:/home/user/.m2/repository/org/apache/ratis/ratis-server/0.4.0-78e95b9-SNAPSHOT/ratis-server-0.4.0-78e95b9-SNAPSHOT.jar:/home/user/.m2/repository/org/apache/ratis/ratis-thirdparty-misc/0.2.0/ratis-thirdparty-misc-0.2.0.jar:/home/user/.m2/repository/org/apache/ratis/ratis-proto/0.4.0-78e95b9-SNAPSHOT/ratis-proto-0.4.0-78e95b9-SNAPSHOT.jar:/home/user/.m2/repository/org/apache/ratis/ratis-common/0.4.0-78e95b9-SNAPSHOT/ratis-common-0.4.0-78e95b9-SNAPSHOT.jar:/home/user/.m2/repository/org/apache/ratis/ratis-client/0.4.0-78e95b9-SNAPSHOT/ratis-client-0.4.0-78e95b9-SNAPSHOT.jar:/home/user/.m2/repository/org/apache/ratis/ratis-metrics/0.4.0-78e95b9-SNAPSHOT/ratis-metrics-0.4.0-78e95b9-SNAPSHOT.jar:/home/user/.m2/repository/com/github/joshelser/dropwizard-metrics-hadoop-metrics2-reporter/0.1.2/dropwizard-metrics-hadoop-metrics2-reporter-0.1.2.jar:/home/user/.m2/repository/io/dropwizard/metrics/metrics-jvm/3.2.5/metrics-jvm-3.2.5.jar:/home/user/.m2/repository/io/dropwizard/metrics/metrics-ganglia/3.2.5/metrics-ganglia-3.2.5.jar:/home/user/.m2/repository/info/ganglia/gmetric4j/gmetric4j/1.0.7/gmetric4j-1.0.7.jar:/home/user/.m2/repository/org/apache/ratis/ratis-netty/0.4.0-78e95b9-SNAPSHOT/ratis-netty-0.4.0-78e95b9-SNAPSHOT.jar:/home/user/.m2/repository/org/apache/ratis/ratis-grpc/0.4.0-78e95b9-SNAPSHOT/ratis-grpc-0.4.0-78e95b9-SNAPSHOT.jar:/home/user/.m2/repository/org/rocksdb/rocksdbjni/6.0.1/rocksdbjni-6.0.1.jar:/home/user/.m2/repository/org/apache/logging/log4j/log4j-api/2.11.0/log4j-api-2.11.0.jar:/home/user/.m2/repository/org/apache/logging/log4j/log4j-core/2.11.0/log4j-core-2.11.0.jar:/home/user/.m2/repository/com/lmax/disruptor/3.4.2/disruptor-3.4.2.jar:/home/user/.m2/repository/org/apache/commons/commons-pool2/2.6.0/commons-pool2-2.6.0.jar:/home/user/.m2/repository/org/bouncycastle/bcpkix-jdk15on/1.60/bcpkix-jdk15on-1.60.jar:/home/user/.m2/repository/commons-validator/commons-validator/1.6/commons-validator-1.6.jar:/home/user/.m2/repository/commons-digester/commons-digester/1.8.1/commons-digester-1.8.1.jar:/home/user/.m2/repository/io/jaegertracing/jaeger-client/0.33.1/jaeger-client-0.33.1.jar:/home/user/.m2/repository/io/jaegertracing/jaeger-thrift/0.33.1/jaeger-thrift-0.33.1.jar:/home/user/.m2/repository/org/apache/thrift/libthrift/0.11.0/libthrift-0.11.0.jar:/home/user/.m2/repository/com/squareup/okhttp3/okhttp/3.9.0/okhttp-3.9.0.jar:/home/user/.m2/repository/com/squareup/okio/okio/1.13.0/okio-1.13.0.jar:/home/user/.m2/repository/io/jaegertracing/jaeger-core/0.33.1/jaeger-core-0.33.1.jar:/home/user/.m2/repository/io/jaegertracing/jaeger-tracerresolver/0.33.1/jaeger-tracerresolver-0.33.1.jar:/home/user/.m2/repository/io/opentracing/contrib/opentracing-tracerresolver/0.1.5/opentracing-tracerresolver-0.1.5.jar:/home/user/.m2/repository/io/opentracing/opentracing-util/0.31.0/opentracing-util-0.31.0.jar:/home/user/.m2/repository/io/opentracing/opentracing-api/0.31.0/opentracing-api-0.31.0.jar:/home/user/.m2/repository/io/opentracing/opentracing-noop/0.31.0/opentracing-noop-0.31.0.jar:/home/user/.m2/repository/org/apache/hadoop/hadoop-hdds-server-framework/0.5.0-SNAPSHOT/hadoop-hdds-server-framework-0.5.0-SNAPSHOT.jar:/home/user/.m2/repository/org/apache/hadoop/hadoop-hdds-container-service/0.5.0-SNAPSHOT/hadoop-hdds-container-service-0.5.0-SNAPSHOT.jar:/home/user/.m2/repository/org/apache/hadoop/hadoop-hdds-client/0.5.0-SNAPSHOT/hadoop-hdds-client-0.5.0-SNAPSHOT.jar:/home/user/.m2/repository/org/apache/hadoop/hadoop-hdds-tools/0.5.0-SNAPSHOT/hadoop-hdds-tools-0.5.0-SNAPSHOT.jar:/home/user/.m2/repository/org/apache/hadoop/hadoop-hdds-server-scm/0.5.0-SNAPSHOT/hadoop-hdds-server-scm-0.5.0-SNAPSHOT.jar:/home/user/.m2/repository/org/apache/hadoop/hadoop-hdds-docs/0.5.0-SNAPSHOT/hadoop-hdds-docs-0.5.0-SNAPSHOT.jar:/home/user/.m2/repository/io/dropwizard/metrics/metrics-core/3.2.4/metrics-core-3.2.4.jar:/home/user/.m2/repository/org/hamcrest/hamcrest-all/1.3/hamcrest-all-1.3.jar:/home/user/.m2/repository/org/bouncycastle/bcprov-jdk15on/1.60/bcprov-jdk15on-1.60.jar:/home/user/.m2/repository/info/picocli/picocli/3.9.6/picocli-3.9.6.jar:/home/user/.m2/repository/com/google/protobuf/protobuf-java/2.5.0/protobuf-java-2.5.0.jar:/home/user/.m2/repository/com/google/guava/guava/11.0.2/guava-11.0.2.jar:/home/user/.m2/repository/org/apache/hadoop/hadoop-ozone-ozone-manager/0.5.0-SNAPSHOT/hadoop-ozone-ozone-manager-0.5.0-SNAPSHOT.jar:/home/user/.m2/repository/org/apache/hadoop/hadoop-minikdc/3.2.0/hadoop-minikdc-3.2.0.jar:/home/user/.m2/repository/commons-io/commons-io/2.5/commons-io-2.5.jar:/home/user/.m2/repository/org/apache/kerby/kerb-simplekdc/1.0.1/kerb-simplekdc-1.0.1.jar:/home/user/.m2/repository/org/apache/kerby/kerb-client/1.0.1/kerb-client-1.0.1.jar:/home/user/.m2/repository/org/apache/kerby/kerby-config/1.0.1/kerby-config-1.0.1.jar:/home/user/.m2/repository/org/apache/kerby/kerb-core/1.0.1/kerb-core-1.0.1.jar:/home/user/.m2/repository/org/apache/kerby/kerby-pkix/1.0.1/kerby-pkix-1.0.1.jar:/home/user/.m2/repository/org/apache/kerby/kerby-asn1/1.0.1/kerby-asn1-1.0.1.jar:/home/user/.m2/repository/org/apache/kerby/kerby-util/1.0.1/kerby-util-1.0.1.jar:/home/user/.m2/repository/org/apache/kerby/kerb-common/1.0.1/kerb-common-1.0.1.jar:/home/user/.m2/repository/org/apache/kerby/kerb-crypto/1.0.1/kerb-crypto-1.0.1.jar:/home/user/.m2/repository/org/apache/kerby/kerb-util/1.0.1/kerb-util-1.0.1.jar:/home/user/.m2/repository/org/apache/kerby/token-provider/1.0.1/token-provider-1.0.1.jar:/home/user/.m2/repository/org/apache/kerby/kerb-admin/1.0.1/kerb-admin-1.0.1.jar:/home/user/.m2/repository/org/apache/kerby/kerb-server/1.0.1/kerb-server-1.0.1.jar:/home/user/.m2/repository/org/apache/kerby/kerb-identity/1.0.1/kerb-identity-1.0.1.jar:/home/user/.m2/repository/org/apache/kerby/kerby-xdr/1.0.1/kerby-xdr-1.0.1.jar:/home/user/.m2/repository/org/slf4j/slf4j-log4j12/1.7.25/slf4j-log4j12-1.7.25.jar:/home/user/.m2/repository/org/apache/hadoop/hadoop-ozone-s3gateway/0.5.0-SNAPSHOT/hadoop-ozone-s3gateway-0.5.0-SNAPSHOT.jar:/home/user/.m2/repository/org/jboss/weld/servlet/weld-servlet/2.4.7.Final/weld-servlet-2.4.7.Final.jar:/home/user/.m2/repository/org/glassfish/jersey/containers/jersey-container-servlet-core/2.27/jersey-container-servlet-core-2.27.jar:/home/user/.m2/repository/org/glassfish/hk2/external/javax.inject/2.5.0-b42/javax.inject-2.5.0-b42.jar:/home/user/.m2/repository/org/glassfish/jersey/core/jersey-common/2.27/jersey-common-2.27.jar:/home/user/.m2/repository/org/glassfish/hk2/osgi-resource-locator/1.0.1/osgi-resource-locator-1.0.1.jar:/home/user/.m2/repository/javax/ws/rs/javax.ws.rs-api/2.1/javax.ws.rs-api-2.1.jar:/home/user/.m2/repository/org/glassfish/jersey/ext/cdi/jersey-cdi1x/2.27/jersey-cdi1x-2.27.jar:/home/user/.m2/repository/org/glassfish/jersey/inject/jersey-hk2/2.27/jersey-hk2-2.27.jar:/home/user/.m2/repository/org/glassfish/hk2/hk2-locator/2.5.0-b42/hk2-locator-2.5.0-b42.jar:/home/user/.m2/repository/org/javassist/javassist/3.22.0-CR2/javassist-3.22.0-CR2.jar:/home/user/.m2/repository/org/glassfish/hk2/hk2-api/2.5.0/hk2-api-2.5.0.jar:/home/user/.m2/repository/org/glassfish/hk2/external/jakarta.inject/2.5.0/jakarta.inject-2.5.0.jar:/home/user/.m2/repository/org/glassfish/hk2/hk2-utils/2.5.0/hk2-utils-2.5.0.jar:/home/user/.m2/repository/jakarta/annotation/jakarta.annotation-api/1.3.4/jakarta.annotation-api-1.3.4.jar:/home/user/.m2/repository/org/glassfish/hk2/external/aopalliance-repackaged/2.5.0/aopalliance-repackaged-2.5.0.jar:/home/user/.m2/repository/com/fasterxml/jackson/dataformat/jackson-dataformat-xml/2.9.0/jackson-dataformat-xml-2.9.0.jar:/home/user/.m2/repository/com/fasterxml/jackson/core/jackson-core/2.9.5/jackson-core-2.9.5.jar:/home/user/.m2/repository/com/fasterxml/jackson/module/jackson-module-jaxb-annotations/2.9.5/jackson-module-jaxb-annotations-2.9.5.jar:/home/user/.m2/repository/javax/enterprise/cdi-api/1.2/cdi-api-1.2.jar:/home/user/.m2/repository/javax/el/javax.el-api/3.0.0/javax.el-api-3.0.0.jar:/home/user/.m2/repository/javax/interceptor/javax.interceptor-api/1.2/javax.interceptor-api-1.2.jar:/home/user/.m2/repository/javax/inject/javax.inject/1/javax.inject-1.jar:/home/user/.m2/repository/com/sun/xml/bind/jaxb-impl/2.3.0.1/jaxb-impl-2.3.0.1.jar:/home/user/.m2/repository/com/sun/xml/bind/jaxb-core/2.3.0.1/jaxb-core-2.3.0.1.jar:/home/user/.m2/repository/javax/xml/bind/jaxb-api/2.3.0/jaxb-api-2.3.0.jar:/home/user/.m2/repository/javax/activation/activation/1.1.1/activation-1.1.1.jar:/home/user/.m2/repository/org/apache/hadoop/hadoop-ozone-csi/0.5.0-SNAPSHOT/hadoop-ozone-csi-0.5.0-SNAPSHOT.jar:/home/user/.m2/repository/com/google/protobuf/protobuf-java-util/3.5.1/protobuf-java-util-3.5.1.jar:/home/user/.m2/repository/org/apache/hadoop/hadoop-hdds-config/0.5.0-SNAPSHOT/hadoop-hdds-config-0.5.0-SNAPSHOT.jar:/home/user/.m2/repository/io/grpc/grpc-netty/1.17.1/grpc-netty-1.17.1.jar:/home/user/.m2/repository/io/grpc/grpc-core/1.17.1/grpc-core-1.17.1.jar:/home/user/.m2/repository/io/grpc/grpc-context/1.17.1/grpc-context-1.17.1.jar:/home/user/.m2/repository/com/google/errorprone/error_prone_annotations/2.2.0/error_prone_annotations-2.2.0.jar:/home/user/.m2/repository/org/codehaus/mojo/animal-sniffer-annotations/1.17/animal-sniffer-annotations-1.17.jar:/home/user/.m2/repository/io/opencensus/opencensus-api/0.17.0/opencensus-api-0.17.0.jar:/home/user/.m2/repository/io/opencensus/opencensus-contrib-grpc-metrics/0.17.0/opencensus-contrib-grpc-metrics-0.17.0.jar:/home/user/.m2/repository/io/netty/netty-codec-http2/4.1.30.Final/netty-codec-http2-4.1.30.Final.jar:/home/user/.m2/repository/io/netty/netty-codec-http/4.1.30.Final/netty-codec-http-4.1.30.Final.jar:/home/user/.m2/repository/io/netty/netty-codec/4.1.30.Final/netty-codec-4.1.30.Final.jar:/home/user/.m2/repository/io/netty/netty-handler/4.1.30.Final/netty-handler-4.1.30.Final.jar:/home/user/.m2/repository/io/netty/netty-handler-proxy/4.1.30.Final/netty-handler-proxy-4.1.30.Final.jar:/home/user/.m2/repository/io/netty/netty-codec-socks/4.1.30.Final/netty-codec-socks-4.1.30.Final.jar:/home/user/.m2/repository/io/netty/netty-transport-native-epoll/4.1.30.Final/netty-transport-native-epoll-4.1.30.Final.jar:/home/user/.m2/repository/io/netty/netty-common/4.1.30.Final/netty-common-4.1.30.Final.jar:/home/user/.m2/repository/io/netty/netty-buffer/4.1.30.Final/netty-buffer-4.1.30.Final.jar:/home/user/.m2/repository/io/netty/netty-transport/4.1.30.Final/netty-transport-4.1.30.Final.jar:/home/user/.m2/repository/io/netty/netty-resolver/4.1.30.Final/netty-resolver-4.1.30.Final.jar:/home/user/.m2/repository/io/netty/netty-transport-native-unix-common/4.1.30.Final/netty-transport-native-unix-common-4.1.30.Final.jar:/home/user/.m2/repository/io/grpc/grpc-protobuf/1.17.1/grpc-protobuf-1.17.1.jar:/home/user/.m2/repository/com/google/api/grpc/proto-google-common-protos/1.0.0/proto-google-common-protos-1.0.0.jar:/home/user/.m2/repository/io/grpc/grpc-protobuf-lite/1.17.1/grpc-protobuf-lite-1.17.1.jar:/home/user/.m2/repository/io/grpc/grpc-stub/1.17.1/grpc-stub-1.17.1.jar:/home/user/.m2/repository/org/apache/hadoop/hadoop-ozone-recon/0.5.0-SNAPSHOT/hadoop-ozone-recon-0.5.0-SNAPSHOT.jar:/home/user/.m2/repository/org/apache/hadoop/hadoop-ozone-reconcodegen/0.5.0-SNAPSHOT/hadoop-ozone-reconcodegen-0.5.0-SNAPSHOT.jar:/home/user/.m2/repository/com/google/inject/extensions/guice-multibindings/4.0/guice-multibindings-4.0.jar:/home/user/.m2/repository/com/google/inject/guice/4.0/guice-4.0.jar:/home/user/.m2/repository/aopalliance/aopalliance/1.0/aopalliance-1.0.jar:/home/user/.m2/repository/com/google/inject/extensions/guice-servlet/4.0/guice-servlet-4.0.jar:/home/user/.m2/repository/org/glassfish/jersey/containers/jersey-container-servlet/2.27/jersey-container-servlet-2.27.jar:/home/user/.m2/repository/org/glassfish/hk2/guice-bridge/2.5.0/guice-bridge-2.5.0.jar:/home/user/.m2/repository/org/glassfish/jersey/core/jersey-server/2.27/jersey-server-2.27.jar:/home/user/.m2/repository/org/glassfish/jersey/core/jersey-client/2.27/jersey-client-2.27.jar:/home/user/.m2/repository/org/glassfish/jersey/media/jersey-media-jaxb/2.27/jersey-media-jaxb-2.27.jar:/home/user/.m2/repository/javax/validation/validation-api/1.1.0.Final/validation-api-1.1.0.Final.jar:/home/user/.m2/repository/org/glassfish/jersey/media/jersey-media-json-jackson/2.27/jersey-media-json-jackson-2.27.jar:/home/user/.m2/repository/org/glassfish/jersey/ext/jersey-entity-filtering/2.27/jersey-entity-filtering-2.27.jar:/home/user/.m2/repository/com/google/inject/extensions/guice-assistedinject/4.0/guice-assistedinject-4.0.jar:/home/user/.m2/repository/org/jooq/jooq/3.11.10/jooq-3.11.10.jar:/home/user/.m2/repository/org/jooq/jooq-meta/3.11.10/jooq-meta-3.11.10.jar:/home/user/.m2/repository/org/jooq/jooq-codegen/3.11.10/jooq-codegen-3.11.10.jar:/home/user/.m2/repository/com/jolbox/bonecp/0.8.0.RELEASE/bonecp-0.8.0.RELEASE.jar:/home/user/.m2/repository/org/xerial/sqlite-jdbc/3.25.2/sqlite-jdbc-3.25.2.jar:/home/user/.m2/repository/org/springframework/spring-jdbc/5.1.3.RELEASE/spring-jdbc-5.1.3.RELEASE.jar:/home/user/.m2/repository/org/springframework/spring-beans/5.1.3.RELEASE/spring-beans-5.1.3.RELEASE.jar:/home/user/.m2/repository/org/springframework/spring-core/5.1.3.RELEASE/spring-core-5.1.3.RELEASE.jar:/home/user/.m2/repository/org/springframework/spring-jcl/5.1.3.RELEASE/spring-jcl-5.1.3.RELEASE.jar:/home/user/.m2/repository/org/springframework/spring-tx/5.1.3.RELEASE/spring-tx-5.1.3.RELEASE.jar:/home/user/.m2/repository/org/apache/hadoop/hadoop-ozone-client/0.5.0-SNAPSHOT/hadoop-ozone-client-0.5.0-SNAPSHOT.jar:/home/user/.m2/repository/commons-lang/commons-lang/2.6/commons-lang-2.6.jar:/home/user/.m2/repository/org/apache/hadoop/hadoop-ozone-ozone-manager/0.5.0-SNAPSHOT/hadoop-ozone-ozone-manager-0.5.0-SNAPSHOT-tests.jar:/home/user/.m2/repository/junit/junit/4.11/junit-4.11.jar:/home/user/.m2/repository/org/hamcrest/hamcrest-core/1.3/hamcrest-core-1.3.jar:/home/user/.m2/repository/org/openjdk/jmh/jmh-core/1.19/jmh-core-1.19.jar:/home/user/.m2/repository/net/sf/jopt-simple/jopt-simple/4.6/jopt-simple-4.6.jar:/home/user/.m2/repository/org/apache/commons/commons-math3/3.1.1/commons-math3-3.1.1.jar:/home/user/.m2/repository/org/openjdk/jmh/jmh-generator-annprocess/1.19/jmh-generator-annprocess-1.19.jar:/home/user/.m2/repository/org/mockito/mockito-all/1.8.5/mockito-all-1.8.5.jar:/home/user/.m2/repository/org/apache/hadoop/hadoop-kms/3.2.0/hadoop-kms-3.2.0.jar:/home/user/.m2/repository/org/apache/hadoop/hadoop-auth/3.2.0/hadoop-auth-3.2.0.jar:/home/user/.m2/repository/com/nimbusds/nimbus-jose-jwt/4.41.1/nimbus-jose-jwt-4.41.1.jar:/home/user/.m2/repository/com/github/stephenc/jcip/jcip-annotations/1.0-1/jcip-annotations-1.0-1.jar:/home/user/.m2/repository/net/minidev/json-smart/2.3/json-smart-2.3.jar:/home/user/.m2/repository/net/minidev/accessors-smart/1.2/accessors-smart-1.2.jar:/home/user/.m2/repository/org/ow2/asm/asm/5.0.4/asm-5.0.4.jar:/home/user/.m2/repository/org/apache/curator/curator-framework/2.12.0/curator-framework-2.12.0.jar:/home/user/.m2/repository/com/sun/jersey/jersey-core/1.19/jersey-core-1.19.jar:/home/user/.m2/repository/javax/ws/rs/jsr311-api/1.1.1/jsr311-api-1.1.1.jar:/home/user/.m2/repository/com/sun/jersey/jersey-server/1.19/jersey-server-1.19.jar:/home/user/.m2/repository/javax/servlet/javax.servlet-api/3.1.0/javax.servlet-api-3.1.0.jar:/home/user/.m2/repository/org/eclipse/jetty/jetty-server/9.3.24.v20180605/jetty-server-9.3.24.v20180605.jar:/home/user/.m2/repository/org/eclipse/jetty/jetty-http/9.3.24.v20180605/jetty-http-9.3.24.v20180605.jar:/home/user/.m2/repository/org/eclipse/jetty/jetty-io/9.3.24.v20180605/jetty-io-9.3.24.v20180605.jar:/home/user/.m2/repository/org/eclipse/jetty/jetty-webapp/9.3.24.v20180605/jetty-webapp-9.3.24.v20180605.jar:/home/user/.m2/repository/org/eclipse/jetty/jetty-xml/9.3.24.v20180605/jetty-xml-9.3.24.v20180605.jar:/home/user/.m2/repository/log4j/log4j/1.2.17/log4j-1.2.17.jar:/home/user/.m2/repository/org/slf4j/slf4j-api/1.7.25/slf4j-api-1.7.25.jar:/home/user/.m2/repository/org/slf4j/jul-to-slf4j/1.7.25/jul-to-slf4j-1.7.25.jar:/home/user/.m2/repository/org/eclipse/jetty/jetty-util/9.3.24.v20180605/jetty-util-9.3.24.v20180605.jar:/home/user/.m2/repository/com/fasterxml/jackson/core/jackson-databind/2.9.5/jackson-databind-2.9.5.jar:/home/user/.m2/repository/org/apache/hadoop/hadoop-kms/3.2.0/hadoop-kms-3.2.0-tests.jar:/home/user/.m2/repository/org/apache/hadoop/hadoop-hdds-server-scm/0.5.0-SNAPSHOT/hadoop-hdds-server-scm-0.5.0-SNAPSHOT-tests.jar:/home/user/.m2/repository/org/apache/hadoop/hadoop-hdds-container-service/0.5.0-SNAPSHOT/hadoop-hdds-container-service-0.5.0-SNAPSHOT-tests.jar:/home/user/.m2/repository/org/yaml/snakeyaml/1.16/snakeyaml-1.16.jar:/home/user/.m2/repository/org/apache/hadoop/hadoop-common/3.2.0/hadoop-common-3.2.0-tests.jar:/home/user/.m2/repository/org/apache/hadoop/hadoop-annotations/3.2.0/hadoop-annotations-3.2.0.jar:/usr/lib/jvm/java-1.8-openjdk/jre/../lib/tools.jar:/home/user/.m2/repository/commons-cli/commons-cli/1.2/commons-cli-1.2.jar:/home/user/.m2/repository/org/apache/httpcomponents/httpclient/4.5.2/httpclient-4.5.2.jar:/home/user/.m2/repository/org/apache/httpcomponents/httpcore/4.4.4/httpcore-4.4.4.jar:/home/user/.m2/repository/commons-codec/commons-codec/1.11/commons-codec-1.11.jar:/home/user/.m2/repository/commons-net/commons-net/3.6/commons-net-3.6.jar:/home/user/.m2/repository/commons-collections/commons-collections/3.2.2/commons-collections-3.2.2.jar:/home/user/.m2/repository/org/eclipse/jetty/jetty-servlet/9.3.24.v20180605/jetty-servlet-9.3.24.v20180605.jar:/home/user/.m2/repository/org/eclipse/jetty/jetty-security/9.3.24.v20180605/jetty-security-9.3.24.v20180605.jar:/home/user/.m2/repository/javax/servlet/jsp/jsp-api/2.1/jsp-api-2.1.jar:/home/user/.m2/repository/com/sun/jersey/jersey-servlet/1.19/jersey-servlet-1.19.jar:/home/user/.m2/repository/com/sun/jersey/jersey-json/1.19/jersey-json-1.19.jar:/home/user/.m2/repository/org/codehaus/jettison/jettison/1.1/jettison-1.1.jar:/home/user/.m2/repository/org/codehaus/jackson/jackson-core-asl/1.9.13/jackson-core-asl-1.9.13.jar:/home/user/.m2/repository/org/codehaus/jackson/jackson-mapper-asl/1.9.13/jackson-mapper-asl-1.9.13.jar:/home/user/.m2/repository/org/codehaus/jackson/jackson-jaxrs/1.9.13/jackson-jaxrs-1.9.13.jar:/home/user/.m2/repository/org/codehaus/jackson/jackson-xc/1.9.13/jackson-xc-1.9.13.jar:/home/user/.m2/repository/commons-logging/commons-logging/1.1.3/commons-logging-1.1.3.jar:/home/user/.m2/repository/commons-beanutils/commons-beanutils/1.9.3/commons-beanutils-1.9.3.jar:/home/user/.m2/repository/org/apache/commons/commons-configuration2/2.1.1/commons-configuration2-2.1.1.jar:/home/user/.m2/repository/org/apache/commons/commons-lang3/3.7/commons-lang3-3.7.jar:/home/user/.m2/repository/org/apache/commons/commons-text/1.4/commons-text-1.4.jar:/home/user/.m2/repository/org/apache/avro/avro/1.7.7/avro-1.7.7.jar:/home/user/.m2/repository/com/thoughtworks/paranamer/paranamer/2.3/paranamer-2.3.jar:/home/user/.m2/repository/org/xerial/snappy/snappy-java/1.0.5/snappy-java-1.0.5.jar:/home/user/.m2/repository/com/google/re2j/re2j/1.1/re2j-1.1.jar:/home/user/.m2/repository/com/google/code/gson/gson/2.2.4/gson-2.2.4.jar:/home/user/.m2/repository/com/jcraft/jsch/0.1.54/jsch-0.1.54.jar:/home/user/.m2/repository/org/apache/curator/curator-client/2.12.0/curator-client-2.12.0.jar:/home/user/.m2/repository/org/apache/curator/curator-recipes/2.12.0/curator-recipes-2.12.0.jar:/home/user/.m2/repository/com/google/code/findbugs/jsr305/3.0.0/jsr305-3.0.0.jar:/home/user/.m2/repository/org/apache/htrace/htrace-core4/4.1.0-incubating/htrace-core4-4.1.0-incubating.jar:/home/user/.m2/repository/org/apache/zookeeper/zookeeper/3.4.13/zookeeper-3.4.13.jar:/home/user/.m2/repository/org/apache/yetus/audience-annotations/0.5.0/audience-annotations-0.5.0.jar:/home/user/.m2/repository/org/codehaus/woodstox/stax2-api/3.1.4/stax2-api-3.1.4.jar:/home/user/.m2/repository/com/fasterxml/woodstox/woodstox-core/5.0.3/woodstox-core-5.0.3.jar:/home/user/.m2/repository/dnsjava/dnsjava/2.1.7/dnsjava-2.1.7.jar:/home/user/.m2/repository/org/apache/hadoop/hadoop-hdfs/3.2.0/hadoop-hdfs-3.2.0-tests.jar:/home/user/.m2/repository/org/eclipse/jetty/jetty-util-ajax/9.3.24.v20180605/jetty-util-ajax-9.3.24.v20180605.jar:/home/user/.m2/repository/commons-daemon/commons-daemon/1.0.13/commons-daemon-1.0.13.jar:/home/user/.m2/repository/io/netty/netty/3.10.5.Final/netty-3.10.5.Final.jar:/home/user/.m2/repository/io/netty/netty-all/4.0.52.Final/netty-all-4.0.52.Final.jar:/home/user/.m2/repository/org/fusesource/leveldbjni/leveldbjni-all/1.8/leveldbjni-all-1.8.jar:"/>
    <property name="sun.cpu.endian" value="little"/>
    <property name="user.home" value="/home/user"/>
    <property name="user.language" value="en"/>
    <property name="java.specification.vendor" value="Oracle Corporation"/>
    <property name="java.home" value="/usr/lib/jvm/java-1.8-openjdk/jre"/>
    <property name="java.security.krb5.conf" value="/tmp/workdir/hadoop-ozone/integration-test/target/test-classes/krb5.conf"/>
    <property name="basedir" value="/tmp/workdir/hadoop-ozone/integration-test"/>
    <property name="file.separator" value="/"/>
    <property name="line.separator" value="&#10;"/>
    <property name="java.vm.specification.vendor" value="Oracle Corporation"/>
    <property name="java.specification.name" value="Java Platform API Specification"/>
    <property name="java.awt.graphicsenv" value="sun.awt.X11GraphicsEnvironment"/>
    <property name="surefire.real.class.path" value="/tmp/workdir/hadoop-ozone/integration-test/target/surefire/surefirebooter4065073012399597498.jar"/>
    <property name="hadoop.log.dir" value="/tmp/workdir/hadoop-ozone/integration-test/target/log"/>
    <property name="sun.boot.class.path" value="/usr/lib/jvm/java-1.8-openjdk/jre/lib/resources.jar:/usr/lib/jvm/java-1.8-openjdk/jre/lib/rt.jar:/usr/lib/jvm/java-1.8-openjdk/jre/lib/sunrsasign.jar:/usr/lib/jvm/java-1.8-openjdk/jre/lib/jsse.jar:/usr/lib/jvm/java-1.8-openjdk/jre/lib/jce.jar:/usr/lib/jvm/java-1.8-openjdk/jre/lib/charsets.jar:/usr/lib/jvm/java-1.8-openjdk/jre/lib/jfr.jar:/usr/lib/jvm/java-1.8-openjdk/jre/classes"/>
    <property name="sun.management.compiler" value="HotSpot 64-Bit Tiered Compilers"/>
    <property name="java.runtime.version" value="1.8.0_212-b04"/>
    <property name="java.net.preferIPv4Stack" value="true"/>
    <property name="user.name" value="jenkins1000"/>
    <property name="path.separator" value=":"/>
    <property name="java.security.egd" value="file:///dev/urandom"/>
    <property name="os.version" value="3.10.0-957.12.2.el7.x86_64"/>
    <property name="java.endorsed.dirs" value="/usr/lib/jvm/java-1.8-openjdk/jre/lib/endorsed"/>
    <property name="java.runtime.name" value="OpenJDK Runtime Environment"/>
    <property name="file.encoding" value="UTF-8"/>
    <property name="java.vm.name" value="OpenJDK 64-Bit Server VM"/>
    <property name="test.build.webapps" value=""/>
    <property name="localRepository" value="/home/user/.m2/repository"/>
    <property name="java.vendor.url.bug" value="https://icedtea.classpath.org/bugzilla"/>
    <property name="java.io.tmpdir" value="/tmp"/>
    <property name="require.test.libhadoop" value=""/>
    <property name="java.version" value="1.8.0_212"/>
    <property name="user.dir" value="/tmp/workdir/hadoop-ozone/integration-test"/>
    <property name="os.arch" value="amd64"/>
    <property name="java.vm.specification.name" value="Java Virtual Machine Specification"/>
    <property name="test.build.classes" value="/tmp/workdir/hadoop-ozone/integration-test/target/test-classes"/>
    <property name="java.awt.printerjob" value="sun.print.PSPrinterJob"/>
    <property name="sun.os.patch.level" value="unknown"/>
    <property name="hadoop.tmp.dir" value="/tmp/workdir/hadoop-ozone/integration-test/target/tmp"/>
    <property name="java.library.path" value="/usr/lib/jvm/java-1.8-openjdk/jre/lib/amd64/server:/usr/lib/jvm/java-1.8-openjdk/jre/lib/amd64:/usr/lib/jvm/java-1.8-openjdk/jre/../lib/amd64:/tmp/workdir/hadoop-ozone/integration-test/target/native/target/usr/local/lib:/tmp/workdir/hadoop-ozone/integration-test/../../hadoop-common-project/hadoop-common/target/native/target/usr/local/lib:/usr/java/packages/lib/amd64:/usr/lib64:/lib64:/lib:/usr/lib"/>
    <property name="java.vm.info" value="mixed mode"/>
    <property name="java.vendor" value="IcedTea"/>
    <property name="java.vm.version" value="25.212-b04"/>
    <property name="java.ext.dirs" value="/usr/lib/jvm/java-1.8-openjdk/jre/lib/ext:/usr/java/packages/lib/ext"/>
    <property name="sun.io.unicode.encoding" value="UnicodeLittle"/>
    <property name="java.class.version" value="52.0"/>
  </properties>
  <testcase name="testFlushChunk" classname="org.apache.hadoop.ozone.client.rpc.TestBlockOutputStream" time="39.032"/>
  <testcase name="testMultiChunkWrite2" classname="org.apache.hadoop.ozone.client.rpc.TestBlockOutputStream" time="0.606"/>
  <testcase name="testMultiChunkWrite" classname="org.apache.hadoop.ozone.client.rpc.TestBlockOutputStream" time="198.109">
    <failure message="expected:&lt;7&gt; but was:&lt;9&gt;" type="java.lang.AssertionError"><![CDATA[java.lang.AssertionError: expected:<7> but was:<9>
	at org.junit.Assert.fail(Assert.java:88)
	at org.junit.Assert.failNotEquals(Assert.java:743)
	at org.junit.Assert.assertEquals(Assert.java:118)
	at org.junit.Assert.assertEquals(Assert.java:555)
	at org.junit.Assert.assertEquals(Assert.java:542)
	at org.apache.hadoop.ozone.client.rpc.TestBlockOutputStream.testMultiChunkWrite(TestBlockOutputStream.java:364)
	at sun.reflect.NativeMethodAccessorImpl.invoke0(Native Method)
	at sun.reflect.NativeMethodAccessorImpl.invoke(NativeMethodAccessorImpl.java:62)
	at sun.reflect.DelegatingMethodAccessorImpl.invoke(DelegatingMethodAccessorImpl.java:43)
	at java.lang.reflect.Method.invoke(Method.java:498)
	at org.junit.runners.model.FrameworkMethod$1.runReflectiveCall(FrameworkMethod.java:47)
	at org.junit.internal.runners.model.ReflectiveCallable.run(ReflectiveCallable.java:12)
	at org.junit.runners.model.FrameworkMethod.invokeExplosively(FrameworkMethod.java:44)
	at org.junit.internal.runners.statements.InvokeMethod.evaluate(InvokeMethod.java:17)
	at org.junit.runners.ParentRunner.runLeaf(ParentRunner.java:271)
	at org.junit.runners.BlockJUnit4ClassRunner.runChild(BlockJUnit4ClassRunner.java:70)
	at org.junit.runners.BlockJUnit4ClassRunner.runChild(BlockJUnit4ClassRunner.java:50)
	at org.junit.runners.ParentRunner$3.run(ParentRunner.java:238)
	at org.junit.runners.ParentRunner$1.schedule(ParentRunner.java:63)
	at org.junit.runners.ParentRunner.runChildren(ParentRunner.java:236)
	at org.junit.runners.ParentRunner.access$000(ParentRunner.java:53)
	at org.junit.runners.ParentRunner$2.evaluate(ParentRunner.java:229)
	at org.junit.internal.runners.statements.RunBefores.evaluate(RunBefores.java:26)
	at org.junit.internal.runners.statements.RunAfters.evaluate(RunAfters.java:27)
	at org.junit.runners.ParentRunner.run(ParentRunner.java:309)
	at org.apache.maven.surefire.junit4.JUnit4Provider.execute(JUnit4Provider.java:365)
	at org.apache.maven.surefire.junit4.JUnit4Provider.executeWithRerun(JUnit4Provider.java:273)
	at org.apache.maven.surefire.junit4.JUnit4Provider.executeTestSet(JUnit4Provider.java:238)
	at org.apache.maven.surefire.junit4.JUnit4Provider.invoke(JUnit4Provider.java:159)
	at org.apache.maven.surefire.booter.ForkedBooter.invokeProviderInSameClassLoader(ForkedBooter.java:384)
	at org.apache.maven.surefire.booter.ForkedBooter.runSuitesInProcess(ForkedBooter.java:345)
	at org.apache.maven.surefire.booter.ForkedBooter.execute(ForkedBooter.java:126)
	at org.apache.maven.surefire.booter.ForkedBooter.main(ForkedBooter.java:418)
]]></failure>
    <system-out><![CDATA[2019-09-17 11:27:22,422 [java.util.concurrent.ThreadPoolExecutor$Worker@49dbf5b8[State = -1, empty queue]] WARN  server.GrpcLogAppender (GrpcLogAppender.java:timeoutAppendRequest(200)) - 6e54f060-cd9d-44cc-b25b-8b76f38102a4@group-20D8F186421C->c0e7c0fa-20c5-4865-93a8-b9416c9f108d-GrpcLogAppender: appendEntries Timeout, request=6e54f060-cd9d-44cc-b25b-8b76f38102a4->c0e7c0fa-20c5-4865-93a8-b9416c9f108d#25-t1, previous=(t:1, i:10), leaderCommit=10, initializing? false, entries: size=1, first=(t:1, i:11), STATEMACHINELOGENTRY, client-5C9AA7781B6B, cid=21
2019-09-17 11:27:22,424 [java.util.concurrent.ThreadPoolExecutor$Worker@49dbf5b8[State = -1, empty queue]] WARN  server.GrpcLogAppender (GrpcLogAppender.java:timeoutAppendRequest(200)) - 6e54f060-cd9d-44cc-b25b-8b76f38102a4@group-20D8F186421C->c0e7c0fa-20c5-4865-93a8-b9416c9f108d-GrpcLogAppender: appendEntries Timeout, request=6e54f060-cd9d-44cc-b25b-8b76f38102a4->c0e7c0fa-20c5-4865-93a8-b9416c9f108d#26-t1, previous=(t:1, i:11), leaderCommit=10, initializing? false, entries: size=1, first=(t:1, i:12), STATEMACHINELOGENTRY, client-5C9AA7781B6B, cid=22
2019-09-17 11:27:22,425 [java.util.concurrent.ThreadPoolExecutor$Worker@49dbf5b8[State = -1, empty queue]] WARN  server.GrpcLogAppender (GrpcLogAppender.java:timeoutAppendRequest(200)) - 6e54f060-cd9d-44cc-b25b-8b76f38102a4@group-20D8F186421C->c0e7c0fa-20c5-4865-93a8-b9416c9f108d-GrpcLogAppender: appendEntries Timeout, request=6e54f060-cd9d-44cc-b25b-8b76f38102a4->c0e7c0fa-20c5-4865-93a8-b9416c9f108d#27-t1, previous=(t:1, i:12), leaderCommit=10, initializing? false, entries: size=1, first=(t:1, i:13), STATEMACHINELOGENTRY, client-5C9AA7781B6B, cid=23
2019-09-17 11:27:24,495 [grpc-default-executor-3] INFO  client.GrpcClientProtocolClient (GrpcClientProtocolClient.java:onNext(264)) - client-5C9AA7781B6B->332345b2-53e5-4965-b414-3287d6427edd: receive RaftClientReply:client-5C9AA7781B6B->332345b2-53e5-4965-b414-3287d6427edd@group-20D8F186421C, cid=21, FAILED org.apache.ratis.protocol.NotLeaderException: Server 332345b2-53e5-4965-b414-3287d6427edd@group-20D8F186421C is not the leader 6e54f060-cd9d-44cc-b25b-8b76f38102a4:192.168.5.153:46767, logIndex=0, commits[332345b2-53e5-4965-b414-3287d6427edd:c10, 6e54f060-cd9d-44cc-b25b-8b76f38102a4:c10, c0e7c0fa-20c5-4865-93a8-b9416c9f108d:c6]
2019-09-17 11:27:24,924 [java.util.concurrent.ThreadPoolExecutor$Worker@49dbf5b8[State = -1, empty queue]] WARN  server.GrpcLogAppender (GrpcLogAppender.java:timeoutAppendRequest(200)) - 6e54f060-cd9d-44cc-b25b-8b76f38102a4@group-20D8F186421C->c0e7c0fa-20c5-4865-93a8-b9416c9f108d-GrpcLogAppender: appendEntries Timeout, request=6e54f060-cd9d-44cc-b25b-8b76f38102a4->c0e7c0fa-20c5-4865-93a8-b9416c9f108d#28-t1, previous=(t:1, i:13), leaderCommit=10, initializing? false, entries: <empty>
2019-09-17 11:27:27,424 [java.util.concurrent.ThreadPoolExecutor$Worker@49dbf5b8[State = -1, empty queue]] WARN  server.GrpcLogAppender (GrpcLogAppender.java:timeoutAppendRequest(200)) - 6e54f060-cd9d-44cc-b25b-8b76f38102a4@group-20D8F186421C->c0e7c0fa-20c5-4865-93a8-b9416c9f108d-GrpcLogAppender: appendEntries Timeout, request=6e54f060-cd9d-44cc-b25b-8b76f38102a4->c0e7c0fa-20c5-4865-93a8-b9416c9f108d#29-t1, previous=(t:1, i:13), leaderCommit=10, initializing? false, entries: <empty>
2019-09-17 11:27:29,522 [grpc-default-executor-4] INFO  client.GrpcClientProtocolClient (GrpcClientProtocolClient.java:onNext(264)) - client-5C9AA7781B6B->332345b2-53e5-4965-b414-3287d6427edd: receive RaftClientReply:client-5C9AA7781B6B->332345b2-53e5-4965-b414-3287d6427edd@group-20D8F186421C, cid=21, FAILED org.apache.ratis.protocol.NotLeaderException: Server 332345b2-53e5-4965-b414-3287d6427edd@group-20D8F186421C is not the leader 6e54f060-cd9d-44cc-b25b-8b76f38102a4:192.168.5.153:46767, logIndex=0, commits[332345b2-53e5-4965-b414-3287d6427edd:c10, 6e54f060-cd9d-44cc-b25b-8b76f38102a4:c10, c0e7c0fa-20c5-4865-93a8-b9416c9f108d:c6]
2019-09-17 11:27:29,637 [6e54f060-cd9d-44cc-b25b-8b76f38102a4@group-20D8F186421C-SegmentedRaftLogWorker] WARN  segmented.SegmentedRaftLogWorker (SegmentedRaftLogWorker.java:getFromFuture(90)) - Timeout 0/~
org.apache.ratis.protocol.TimeoutIOException: Timeout 10s: WriteLog:12: (t:1, i:12), STATEMACHINELOGENTRY, client-5C9AA7781B6B, cid=22-writeStateMachineData
	at org.apache.ratis.util.IOUtils.getFromFuture(IOUtils.java:87)
	at org.apache.ratis.server.raftlog.segmented.SegmentedRaftLogWorker$StateMachineDataPolicy.getFromFuture(SegmentedRaftLogWorker.java:87)
	at org.apache.ratis.server.raftlog.segmented.SegmentedRaftLogWorker$WriteLog.execute(SegmentedRaftLogWorker.java:477)
	at org.apache.ratis.server.raftlog.segmented.SegmentedRaftLogWorker.run(SegmentedRaftLogWorker.java:289)
	at java.lang.Thread.run(Thread.java:748)
Caused by: java.util.concurrent.TimeoutException
	at java.util.concurrent.CompletableFuture.timedGet(CompletableFuture.java:1771)
	at java.util.concurrent.CompletableFuture.get(CompletableFuture.java:1915)
	at org.apache.ratis.util.IOUtils.getFromFuture(IOUtils.java:79)
	... 4 more
2019-09-17 11:27:29,926 [java.util.concurrent.ThreadPoolExecutor$Worker@49dbf5b8[State = -1, empty queue]] WARN  server.GrpcLogAppender (GrpcLogAppender.java:timeoutAppendRequest(200)) - 6e54f060-cd9d-44cc-b25b-8b76f38102a4@group-20D8F186421C->c0e7c0fa-20c5-4865-93a8-b9416c9f108d-GrpcLogAppender: appendEntries Timeout, request=6e54f060-cd9d-44cc-b25b-8b76f38102a4->c0e7c0fa-20c5-4865-93a8-b9416c9f108d#30-t1, previous=(t:1, i:13), leaderCommit=10, initializing? false, entries: <empty>
2019-09-17 11:27:30,042 [c0e7c0fa-20c5-4865-93a8-b9416c9f108d@group-20D8F186421C-SegmentedRaftLogWorker] WARN  segmented.SegmentedRaftLogWorker (SegmentedRaftLogWorker.java:getFromFuture(90)) - Timeout 0/~
org.apache.ratis.protocol.TimeoutIOException: Timeout 10s: WriteLog:12: (t:1, i:12), STATEMACHINELOGENTRY, client-5C9AA7781B6B, cid=22-writeStateMachineData
	at org.apache.ratis.util.IOUtils.getFromFuture(IOUtils.java:87)
	at org.apache.ratis.server.raftlog.segmented.SegmentedRaftLogWorker$StateMachineDataPolicy.getFromFuture(SegmentedRaftLogWorker.java:87)
	at org.apache.ratis.server.raftlog.segmented.SegmentedRaftLogWorker$WriteLog.execute(SegmentedRaftLogWorker.java:477)
	at org.apache.ratis.server.raftlog.segmented.SegmentedRaftLogWorker.run(SegmentedRaftLogWorker.java:289)
	at java.lang.Thread.run(Thread.java:748)
Caused by: java.util.concurrent.TimeoutException
	at java.util.concurrent.CompletableFuture.timedGet(CompletableFuture.java:1771)
	at java.util.concurrent.CompletableFuture.get(CompletableFuture.java:1915)
	at org.apache.ratis.util.IOUtils.getFromFuture(IOUtils.java:79)
	... 4 more
2019-09-17 11:27:32,427 [java.util.concurrent.ThreadPoolExecutor$Worker@49dbf5b8[State = -1, empty queue]] WARN  server.GrpcLogAppender (GrpcLogAppender.java:timeoutAppendRequest(200)) - 6e54f060-cd9d-44cc-b25b-8b76f38102a4@group-20D8F186421C->c0e7c0fa-20c5-4865-93a8-b9416c9f108d-GrpcLogAppender: appendEntries Timeout, request=6e54f060-cd9d-44cc-b25b-8b76f38102a4->c0e7c0fa-20c5-4865-93a8-b9416c9f108d#31-t1, previous=(t:1, i:13), leaderCommit=10, initializing? false, entries: <empty>
2019-09-17 11:27:34,542 [grpc-default-executor-3] INFO  client.GrpcClientProtocolClient (GrpcClientProtocolClient.java:onNext(264)) - client-5C9AA7781B6B->c0e7c0fa-20c5-4865-93a8-b9416c9f108d: receive RaftClientReply:client-5C9AA7781B6B->c0e7c0fa-20c5-4865-93a8-b9416c9f108d@group-20D8F186421C, cid=21, FAILED org.apache.ratis.protocol.NotLeaderException: Server c0e7c0fa-20c5-4865-93a8-b9416c9f108d@group-20D8F186421C is not the leader 6e54f060-cd9d-44cc-b25b-8b76f38102a4:192.168.5.153:46767, logIndex=0, commits[c0e7c0fa-20c5-4865-93a8-b9416c9f108d:c10, 6e54f060-cd9d-44cc-b25b-8b76f38102a4:c10, 332345b2-53e5-4965-b414-3287d6427edd:c10]
2019-09-17 11:27:34,927 [java.util.concurrent.ThreadPoolExecutor$Worker@49dbf5b8[State = -1, empty queue]] WARN  server.GrpcLogAppender (GrpcLogAppender.java:timeoutAppendRequest(200)) - 6e54f060-cd9d-44cc-b25b-8b76f38102a4@group-20D8F186421C->c0e7c0fa-20c5-4865-93a8-b9416c9f108d-GrpcLogAppender: appendEntries Timeout, request=6e54f060-cd9d-44cc-b25b-8b76f38102a4->c0e7c0fa-20c5-4865-93a8-b9416c9f108d#32-t1, previous=(t:1, i:13), leaderCommit=10, initializing? false, entries: <empty>
2019-09-17 11:27:37,428 [java.util.concurrent.ThreadPoolExecutor$Worker@49dbf5b8[State = -1, empty queue]] WARN  server.GrpcLogAppender (GrpcLogAppender.java:timeoutAppendRequest(200)) - 6e54f060-cd9d-44cc-b25b-8b76f38102a4@group-20D8F186421C->c0e7c0fa-20c5-4865-93a8-b9416c9f108d-GrpcLogAppender: appendEntries Timeout, request=6e54f060-cd9d-44cc-b25b-8b76f38102a4->c0e7c0fa-20c5-4865-93a8-b9416c9f108d#33-t1, previous=(t:1, i:13), leaderCommit=10, initializing? false, entries: <empty>
2019-09-17 11:27:39,564 [grpc-default-executor-3] INFO  client.GrpcClientProtocolClient (GrpcClientProtocolClient.java:onNext(264)) - client-5C9AA7781B6B->c0e7c0fa-20c5-4865-93a8-b9416c9f108d: receive RaftClientReply:client-5C9AA7781B6B->c0e7c0fa-20c5-4865-93a8-b9416c9f108d@group-20D8F186421C, cid=21, FAILED org.apache.ratis.protocol.NotLeaderException: Server c0e7c0fa-20c5-4865-93a8-b9416c9f108d@group-20D8F186421C is not the leader 6e54f060-cd9d-44cc-b25b-8b76f38102a4:192.168.5.153:46767, logIndex=0, commits[c0e7c0fa-20c5-4865-93a8-b9416c9f108d:c10, 6e54f060-cd9d-44cc-b25b-8b76f38102a4:c10, 332345b2-53e5-4965-b414-3287d6427edd:c10]
2019-09-17 11:27:39,638 [6e54f060-cd9d-44cc-b25b-8b76f38102a4@group-20D8F186421C-SegmentedRaftLogWorker] WARN  segmented.SegmentedRaftLogWorker (SegmentedRaftLogWorker.java:getFromFuture(90)) - Timeout 1/~
org.apache.ratis.protocol.TimeoutIOException: Timeout 10s: WriteLog:12: (t:1, i:12), STATEMACHINELOGENTRY, client-5C9AA7781B6B, cid=22-writeStateMachineData
	at org.apache.ratis.util.IOUtils.getFromFuture(IOUtils.java:87)
	at org.apache.ratis.server.raftlog.segmented.SegmentedRaftLogWorker$StateMachineDataPolicy.getFromFuture(SegmentedRaftLogWorker.java:87)
	at org.apache.ratis.server.raftlog.segmented.SegmentedRaftLogWorker$WriteLog.execute(SegmentedRaftLogWorker.java:477)
	at org.apache.ratis.server.raftlog.segmented.SegmentedRaftLogWorker.run(SegmentedRaftLogWorker.java:289)
	at java.lang.Thread.run(Thread.java:748)
Caused by: java.util.concurrent.TimeoutException
	at java.util.concurrent.CompletableFuture.timedGet(CompletableFuture.java:1771)
	at java.util.concurrent.CompletableFuture.get(CompletableFuture.java:1915)
	at org.apache.ratis.util.IOUtils.getFromFuture(IOUtils.java:79)
	... 4 more
2019-09-17 11:27:39,929 [java.util.concurrent.ThreadPoolExecutor$Worker@49dbf5b8[State = -1, empty queue]] WARN  server.GrpcLogAppender (GrpcLogAppender.java:timeoutAppendRequest(200)) - 6e54f060-cd9d-44cc-b25b-8b76f38102a4@group-20D8F186421C->c0e7c0fa-20c5-4865-93a8-b9416c9f108d-GrpcLogAppender: appendEntries Timeout, request=6e54f060-cd9d-44cc-b25b-8b76f38102a4->c0e7c0fa-20c5-4865-93a8-b9416c9f108d#34-t1, previous=(t:1, i:13), leaderCommit=10, initializing? false, entries: <empty>
2019-09-17 11:27:40,043 [c0e7c0fa-20c5-4865-93a8-b9416c9f108d@group-20D8F186421C-SegmentedRaftLogWorker] WARN  segmented.SegmentedRaftLogWorker (SegmentedRaftLogWorker.java:getFromFuture(90)) - Timeout 1/~
org.apache.ratis.protocol.TimeoutIOException: Timeout 10s: WriteLog:12: (t:1, i:12), STATEMACHINELOGENTRY, client-5C9AA7781B6B, cid=22-writeStateMachineData
	at org.apache.ratis.util.IOUtils.getFromFuture(IOUtils.java:87)
	at org.apache.ratis.server.raftlog.segmented.SegmentedRaftLogWorker$StateMachineDataPolicy.getFromFuture(SegmentedRaftLogWorker.java:87)
	at org.apache.ratis.server.raftlog.segmented.SegmentedRaftLogWorker$WriteLog.execute(SegmentedRaftLogWorker.java:477)
	at org.apache.ratis.server.raftlog.segmented.SegmentedRaftLogWorker.run(SegmentedRaftLogWorker.java:289)
	at java.lang.Thread.run(Thread.java:748)
Caused by: java.util.concurrent.TimeoutException
	at java.util.concurrent.CompletableFuture.timedGet(CompletableFuture.java:1771)
	at java.util.concurrent.CompletableFuture.get(CompletableFuture.java:1915)
	at org.apache.ratis.util.IOUtils.getFromFuture(IOUtils.java:79)
	... 4 more
2019-09-17 11:27:42,431 [java.util.concurrent.ThreadPoolExecutor$Worker@49dbf5b8[State = -1, empty queue]] WARN  server.GrpcLogAppender (GrpcLogAppender.java:timeoutAppendRequest(200)) - 6e54f060-cd9d-44cc-b25b-8b76f38102a4@group-20D8F186421C->c0e7c0fa-20c5-4865-93a8-b9416c9f108d-GrpcLogAppender: appendEntries Timeout, request=6e54f060-cd9d-44cc-b25b-8b76f38102a4->c0e7c0fa-20c5-4865-93a8-b9416c9f108d#35-t1, previous=(t:1, i:13), leaderCommit=10, initializing? false, entries: <empty>
2019-09-17 11:27:44,587 [grpc-default-executor-4] INFO  client.GrpcClientProtocolClient (GrpcClientProtocolClient.java:onNext(264)) - client-5C9AA7781B6B->c0e7c0fa-20c5-4865-93a8-b9416c9f108d: receive RaftClientReply:client-5C9AA7781B6B->c0e7c0fa-20c5-4865-93a8-b9416c9f108d@group-20D8F186421C, cid=21, FAILED org.apache.ratis.protocol.NotLeaderException: Server c0e7c0fa-20c5-4865-93a8-b9416c9f108d@group-20D8F186421C is not the leader 6e54f060-cd9d-44cc-b25b-8b76f38102a4:192.168.5.153:46767, logIndex=0, commits[c0e7c0fa-20c5-4865-93a8-b9416c9f108d:c10, 6e54f060-cd9d-44cc-b25b-8b76f38102a4:c10, 332345b2-53e5-4965-b414-3287d6427edd:c10]
2019-09-17 11:27:44,933 [java.util.concurrent.ThreadPoolExecutor$Worker@49dbf5b8[State = -1, empty queue]] WARN  server.GrpcLogAppender (GrpcLogAppender.java:timeoutAppendRequest(200)) - 6e54f060-cd9d-44cc-b25b-8b76f38102a4@group-20D8F186421C->c0e7c0fa-20c5-4865-93a8-b9416c9f108d-GrpcLogAppender: appendEntries Timeout, request=6e54f060-cd9d-44cc-b25b-8b76f38102a4->c0e7c0fa-20c5-4865-93a8-b9416c9f108d#36-t1, previous=(t:1, i:13), leaderCommit=10, initializing? false, entries: <empty>
2019-09-17 11:27:47,435 [java.util.concurrent.ThreadPoolExecutor$Worker@49dbf5b8[State = -1, empty queue]] WARN  server.GrpcLogAppender (GrpcLogAppender.java:timeoutAppendRequest(200)) - 6e54f060-cd9d-44cc-b25b-8b76f38102a4@group-20D8F186421C->c0e7c0fa-20c5-4865-93a8-b9416c9f108d-GrpcLogAppender: appendEntries Timeout, request=6e54f060-cd9d-44cc-b25b-8b76f38102a4->c0e7c0fa-20c5-4865-93a8-b9416c9f108d#37-t1, previous=(t:1, i:13), leaderCommit=10, initializing? false, entries: <empty>
2019-09-17 11:27:49,608 [grpc-default-executor-4] INFO  client.GrpcClientProtocolClient (GrpcClientProtocolClient.java:onNext(264)) - client-5C9AA7781B6B->c0e7c0fa-20c5-4865-93a8-b9416c9f108d: receive RaftClientReply:client-5C9AA7781B6B->c0e7c0fa-20c5-4865-93a8-b9416c9f108d@group-20D8F186421C, cid=21, FAILED org.apache.ratis.protocol.NotLeaderException: Server c0e7c0fa-20c5-4865-93a8-b9416c9f108d@group-20D8F186421C is not the leader 6e54f060-cd9d-44cc-b25b-8b76f38102a4:192.168.5.153:46767, logIndex=0, commits[c0e7c0fa-20c5-4865-93a8-b9416c9f108d:c10, 6e54f060-cd9d-44cc-b25b-8b76f38102a4:c10, 332345b2-53e5-4965-b414-3287d6427edd:c10]
2019-09-17 11:27:49,640 [6e54f060-cd9d-44cc-b25b-8b76f38102a4@group-20D8F186421C-SegmentedRaftLogWorker] WARN  segmented.SegmentedRaftLogWorker (SegmentedRaftLogWorker.java:getFromFuture(90)) - Timeout 2/~
org.apache.ratis.protocol.TimeoutIOException: Timeout 10s: WriteLog:12: (t:1, i:12), STATEMACHINELOGENTRY, client-5C9AA7781B6B, cid=22-writeStateMachineData
	at org.apache.ratis.util.IOUtils.getFromFuture(IOUtils.java:87)
	at org.apache.ratis.server.raftlog.segmented.SegmentedRaftLogWorker$StateMachineDataPolicy.getFromFuture(SegmentedRaftLogWorker.java:87)
	at org.apache.ratis.server.raftlog.segmented.SegmentedRaftLogWorker$WriteLog.execute(SegmentedRaftLogWorker.java:477)
	at org.apache.ratis.server.raftlog.segmented.SegmentedRaftLogWorker.run(SegmentedRaftLogWorker.java:289)
	at java.lang.Thread.run(Thread.java:748)
Caused by: java.util.concurrent.TimeoutException
	at java.util.concurrent.CompletableFuture.timedGet(CompletableFuture.java:1771)
	at java.util.concurrent.CompletableFuture.get(CompletableFuture.java:1915)
	at org.apache.ratis.util.IOUtils.getFromFuture(IOUtils.java:79)
	... 4 more
2019-09-17 11:27:49,936 [java.util.concurrent.ThreadPoolExecutor$Worker@49dbf5b8[State = -1, empty queue]] WARN  server.GrpcLogAppender (GrpcLogAppender.java:timeoutAppendRequest(200)) - 6e54f060-cd9d-44cc-b25b-8b76f38102a4@group-20D8F186421C->c0e7c0fa-20c5-4865-93a8-b9416c9f108d-GrpcLogAppender: appendEntries Timeout, request=6e54f060-cd9d-44cc-b25b-8b76f38102a4->c0e7c0fa-20c5-4865-93a8-b9416c9f108d#38-t1, previous=(t:1, i:13), leaderCommit=10, initializing? false, entries: <empty>
2019-09-17 11:27:50,044 [c0e7c0fa-20c5-4865-93a8-b9416c9f108d@group-20D8F186421C-SegmentedRaftLogWorker] WARN  segmented.SegmentedRaftLogWorker (SegmentedRaftLogWorker.java:getFromFuture(90)) - Timeout 2/~
org.apache.ratis.protocol.TimeoutIOException: Timeout 10s: WriteLog:12: (t:1, i:12), STATEMACHINELOGENTRY, client-5C9AA7781B6B, cid=22-writeStateMachineData
	at org.apache.ratis.util.IOUtils.getFromFuture(IOUtils.java:87)
	at org.apache.ratis.server.raftlog.segmented.SegmentedRaftLogWorker$StateMachineDataPolicy.getFromFuture(SegmentedRaftLogWorker.java:87)
	at org.apache.ratis.server.raftlog.segmented.SegmentedRaftLogWorker$WriteLog.execute(SegmentedRaftLogWorker.java:477)
	at org.apache.ratis.server.raftlog.segmented.SegmentedRaftLogWorker.run(SegmentedRaftLogWorker.java:289)
	at java.lang.Thread.run(Thread.java:748)
Caused by: java.util.concurrent.TimeoutException
	at java.util.concurrent.CompletableFuture.timedGet(CompletableFuture.java:1771)
	at java.util.concurrent.CompletableFuture.get(CompletableFuture.java:1915)
	at org.apache.ratis.util.IOUtils.getFromFuture(IOUtils.java:79)
	... 4 more
2019-09-17 11:27:52,437 [java.util.concurrent.ThreadPoolExecutor$Worker@49dbf5b8[State = -1, empty queue]] WARN  server.GrpcLogAppender (GrpcLogAppender.java:timeoutAppendRequest(200)) - 6e54f060-cd9d-44cc-b25b-8b76f38102a4@group-20D8F186421C->c0e7c0fa-20c5-4865-93a8-b9416c9f108d-GrpcLogAppender: appendEntries Timeout, request=6e54f060-cd9d-44cc-b25b-8b76f38102a4->c0e7c0fa-20c5-4865-93a8-b9416c9f108d#39-t1, previous=(t:1, i:13), leaderCommit=10, initializing? false, entries: <empty>
2019-09-17 11:27:54,635 [grpc-default-executor-4] INFO  client.GrpcClientProtocolClient (GrpcClientProtocolClient.java:onNext(264)) - client-5C9AA7781B6B->332345b2-53e5-4965-b414-3287d6427edd: receive RaftClientReply:client-5C9AA7781B6B->332345b2-53e5-4965-b414-3287d6427edd@group-20D8F186421C, cid=21, FAILED org.apache.ratis.protocol.NotLeaderException: Server 332345b2-53e5-4965-b414-3287d6427edd@group-20D8F186421C is not the leader 6e54f060-cd9d-44cc-b25b-8b76f38102a4:192.168.5.153:46767, logIndex=0, commits[332345b2-53e5-4965-b414-3287d6427edd:c10, 6e54f060-cd9d-44cc-b25b-8b76f38102a4:c10, c0e7c0fa-20c5-4865-93a8-b9416c9f108d:c6]
2019-09-17 11:27:54,938 [java.util.concurrent.ThreadPoolExecutor$Worker@49dbf5b8[State = -1, empty queue]] WARN  server.GrpcLogAppender (GrpcLogAppender.java:timeoutAppendRequest(200)) - 6e54f060-cd9d-44cc-b25b-8b76f38102a4@group-20D8F186421C->c0e7c0fa-20c5-4865-93a8-b9416c9f108d-GrpcLogAppender: appendEntries Timeout, request=6e54f060-cd9d-44cc-b25b-8b76f38102a4->c0e7c0fa-20c5-4865-93a8-b9416c9f108d#40-t1, previous=(t:1, i:13), leaderCommit=10, initializing? false, entries: <empty>
2019-09-17 11:27:57,439 [java.util.concurrent.ThreadPoolExecutor$Worker@49dbf5b8[State = -1, empty queue]] WARN  server.GrpcLogAppender (GrpcLogAppender.java:timeoutAppendRequest(200)) - 6e54f060-cd9d-44cc-b25b-8b76f38102a4@group-20D8F186421C->c0e7c0fa-20c5-4865-93a8-b9416c9f108d-GrpcLogAppender: appendEntries Timeout, request=6e54f060-cd9d-44cc-b25b-8b76f38102a4->c0e7c0fa-20c5-4865-93a8-b9416c9f108d#41-t1, previous=(t:1, i:13), leaderCommit=10, initializing? false, entries: <empty>
2019-09-17 11:27:59,641 [6e54f060-cd9d-44cc-b25b-8b76f38102a4@group-20D8F186421C-SegmentedRaftLogWorker] WARN  segmented.SegmentedRaftLogWorker (SegmentedRaftLogWorker.java:getFromFuture(90)) - Timeout 3/~
org.apache.ratis.protocol.TimeoutIOException: Timeout 10s: WriteLog:12: (t:1, i:12), STATEMACHINELOGENTRY, client-5C9AA7781B6B, cid=22-writeStateMachineData
	at org.apache.ratis.util.IOUtils.getFromFuture(IOUtils.java:87)
	at org.apache.ratis.server.raftlog.segmented.SegmentedRaftLogWorker$StateMachineDataPolicy.getFromFuture(SegmentedRaftLogWorker.java:87)
	at org.apache.ratis.server.raftlog.segmented.SegmentedRaftLogWorker$WriteLog.execute(SegmentedRaftLogWorker.java:477)
	at org.apache.ratis.server.raftlog.segmented.SegmentedRaftLogWorker.run(SegmentedRaftLogWorker.java:289)
	at java.lang.Thread.run(Thread.java:748)
Caused by: java.util.concurrent.TimeoutException
	at java.util.concurrent.CompletableFuture.timedGet(CompletableFuture.java:1771)
	at java.util.concurrent.CompletableFuture.get(CompletableFuture.java:1915)
	at org.apache.ratis.util.IOUtils.getFromFuture(IOUtils.java:79)
	... 4 more
2019-09-17 11:27:59,652 [grpc-default-executor-0] INFO  client.GrpcClientProtocolClient (GrpcClientProtocolClient.java:onNext(264)) - client-5C9AA7781B6B->332345b2-53e5-4965-b414-3287d6427edd: receive RaftClientReply:client-5C9AA7781B6B->332345b2-53e5-4965-b414-3287d6427edd@group-20D8F186421C, cid=21, FAILED org.apache.ratis.protocol.NotLeaderException: Server 332345b2-53e5-4965-b414-3287d6427edd@group-20D8F186421C is not the leader 6e54f060-cd9d-44cc-b25b-8b76f38102a4:192.168.5.153:46767, logIndex=0, commits[332345b2-53e5-4965-b414-3287d6427edd:c10, 6e54f060-cd9d-44cc-b25b-8b76f38102a4:c10, c0e7c0fa-20c5-4865-93a8-b9416c9f108d:c6]
2019-09-17 11:27:59,940 [java.util.concurrent.ThreadPoolExecutor$Worker@49dbf5b8[State = -1, empty queue]] WARN  server.GrpcLogAppender (GrpcLogAppender.java:timeoutAppendRequest(200)) - 6e54f060-cd9d-44cc-b25b-8b76f38102a4@group-20D8F186421C->c0e7c0fa-20c5-4865-93a8-b9416c9f108d-GrpcLogAppender: appendEntries Timeout, request=6e54f060-cd9d-44cc-b25b-8b76f38102a4->c0e7c0fa-20c5-4865-93a8-b9416c9f108d#42-t1, previous=(t:1, i:13), leaderCommit=10, initializing? false, entries: <empty>
2019-09-17 11:28:00,045 [c0e7c0fa-20c5-4865-93a8-b9416c9f108d@group-20D8F186421C-SegmentedRaftLogWorker] WARN  segmented.SegmentedRaftLogWorker (SegmentedRaftLogWorker.java:getFromFuture(90)) - Timeout 3/~
org.apache.ratis.protocol.TimeoutIOException: Timeout 10s: WriteLog:12: (t:1, i:12), STATEMACHINELOGENTRY, client-5C9AA7781B6B, cid=22-writeStateMachineData
	at org.apache.ratis.util.IOUtils.getFromFuture(IOUtils.java:87)
	at org.apache.ratis.server.raftlog.segmented.SegmentedRaftLogWorker$StateMachineDataPolicy.getFromFuture(SegmentedRaftLogWorker.java:87)
	at org.apache.ratis.server.raftlog.segmented.SegmentedRaftLogWorker$WriteLog.execute(SegmentedRaftLogWorker.java:477)
	at org.apache.ratis.server.raftlog.segmented.SegmentedRaftLogWorker.run(SegmentedRaftLogWorker.java:289)
	at java.lang.Thread.run(Thread.java:748)
Caused by: java.util.concurrent.TimeoutException
	at java.util.concurrent.CompletableFuture.timedGet(CompletableFuture.java:1771)
	at java.util.concurrent.CompletableFuture.get(CompletableFuture.java:1915)
	at org.apache.ratis.util.IOUtils.getFromFuture(IOUtils.java:79)
	... 4 more
2019-09-17 11:28:02,441 [java.util.concurrent.ThreadPoolExecutor$Worker@49dbf5b8[State = -1, empty queue]] WARN  server.GrpcLogAppender (GrpcLogAppender.java:timeoutAppendRequest(200)) - 6e54f060-cd9d-44cc-b25b-8b76f38102a4@group-20D8F186421C->c0e7c0fa-20c5-4865-93a8-b9416c9f108d-GrpcLogAppender: appendEntries Timeout, request=6e54f060-cd9d-44cc-b25b-8b76f38102a4->c0e7c0fa-20c5-4865-93a8-b9416c9f108d#43-t1, previous=(t:1, i:13), leaderCommit=10, initializing? false, entries: <empty>
2019-09-17 11:28:04,666 [grpc-default-executor-4] INFO  client.GrpcClientProtocolClient (GrpcClientProtocolClient.java:onNext(264)) - client-5C9AA7781B6B->332345b2-53e5-4965-b414-3287d6427edd: receive RaftClientReply:client-5C9AA7781B6B->332345b2-53e5-4965-b414-3287d6427edd@group-20D8F186421C, cid=21, FAILED org.apache.ratis.protocol.NotLeaderException: Server 332345b2-53e5-4965-b414-3287d6427edd@group-20D8F186421C is not the leader 6e54f060-cd9d-44cc-b25b-8b76f38102a4:192.168.5.153:46767, logIndex=0, commits[332345b2-53e5-4965-b414-3287d6427edd:c10, 6e54f060-cd9d-44cc-b25b-8b76f38102a4:c10, c0e7c0fa-20c5-4865-93a8-b9416c9f108d:c6]
2019-09-17 11:28:04,941 [java.util.concurrent.ThreadPoolExecutor$Worker@49dbf5b8[State = -1, empty queue]] WARN  server.GrpcLogAppender (GrpcLogAppender.java:timeoutAppendRequest(200)) - 6e54f060-cd9d-44cc-b25b-8b76f38102a4@group-20D8F186421C->c0e7c0fa-20c5-4865-93a8-b9416c9f108d-GrpcLogAppender: appendEntries Timeout, request=6e54f060-cd9d-44cc-b25b-8b76f38102a4->c0e7c0fa-20c5-4865-93a8-b9416c9f108d#44-t1, previous=(t:1, i:13), leaderCommit=10, initializing? false, entries: <empty>
2019-09-17 11:28:07,442 [java.util.concurrent.ThreadPoolExecutor$Worker@49dbf5b8[State = -1, empty queue]] WARN  server.GrpcLogAppender (GrpcLogAppender.java:timeoutAppendRequest(200)) - 6e54f060-cd9d-44cc-b25b-8b76f38102a4@group-20D8F186421C->c0e7c0fa-20c5-4865-93a8-b9416c9f108d-GrpcLogAppender: appendEntries Timeout, request=6e54f060-cd9d-44cc-b25b-8b76f38102a4->c0e7c0fa-20c5-4865-93a8-b9416c9f108d#45-t1, previous=(t:1, i:13), leaderCommit=10, initializing? false, entries: <empty>
2019-09-17 11:28:09,645 [6e54f060-cd9d-44cc-b25b-8b76f38102a4@group-20D8F186421C-SegmentedRaftLogWorker] WARN  segmented.SegmentedRaftLogWorker (SegmentedRaftLogWorker.java:getFromFuture(90)) - Timeout 4/~
org.apache.ratis.protocol.TimeoutIOException: Timeout 10s: WriteLog:12: (t:1, i:12), STATEMACHINELOGENTRY, client-5C9AA7781B6B, cid=22-writeStateMachineData
	at org.apache.ratis.util.IOUtils.getFromFuture(IOUtils.java:87)
	at org.apache.ratis.server.raftlog.segmented.SegmentedRaftLogWorker$StateMachineDataPolicy.getFromFuture(SegmentedRaftLogWorker.java:87)
	at org.apache.ratis.server.raftlog.segmented.SegmentedRaftLogWorker$WriteLog.execute(SegmentedRaftLogWorker.java:477)
	at org.apache.ratis.server.raftlog.segmented.SegmentedRaftLogWorker.run(SegmentedRaftLogWorker.java:289)
	at java.lang.Thread.run(Thread.java:748)
Caused by: java.util.concurrent.TimeoutException
	at java.util.concurrent.CompletableFuture.timedGet(CompletableFuture.java:1771)
	at java.util.concurrent.CompletableFuture.get(CompletableFuture.java:1915)
	at org.apache.ratis.util.IOUtils.getFromFuture(IOUtils.java:79)
	... 4 more
2019-09-17 11:28:09,681 [grpc-default-executor-4] INFO  client.GrpcClientProtocolClient (GrpcClientProtocolClient.java:onNext(264)) - client-5C9AA7781B6B->c0e7c0fa-20c5-4865-93a8-b9416c9f108d: receive RaftClientReply:client-5C9AA7781B6B->c0e7c0fa-20c5-4865-93a8-b9416c9f108d@group-20D8F186421C, cid=21, FAILED org.apache.ratis.protocol.NotLeaderException: Server c0e7c0fa-20c5-4865-93a8-b9416c9f108d@group-20D8F186421C is not the leader 6e54f060-cd9d-44cc-b25b-8b76f38102a4:192.168.5.153:46767, logIndex=0, commits[c0e7c0fa-20c5-4865-93a8-b9416c9f108d:c10, 6e54f060-cd9d-44cc-b25b-8b76f38102a4:c10, 332345b2-53e5-4965-b414-3287d6427edd:c10]
2019-09-17 11:28:09,942 [java.util.concurrent.ThreadPoolExecutor$Worker@49dbf5b8[State = -1, empty queue]] WARN  server.GrpcLogAppender (GrpcLogAppender.java:timeoutAppendRequest(200)) - 6e54f060-cd9d-44cc-b25b-8b76f38102a4@group-20D8F186421C->c0e7c0fa-20c5-4865-93a8-b9416c9f108d-GrpcLogAppender: appendEntries Timeout, request=6e54f060-cd9d-44cc-b25b-8b76f38102a4->c0e7c0fa-20c5-4865-93a8-b9416c9f108d#46-t1, previous=(t:1, i:13), leaderCommit=10, initializing? false, entries: <empty>
2019-09-17 11:28:10,049 [c0e7c0fa-20c5-4865-93a8-b9416c9f108d@group-20D8F186421C-SegmentedRaftLogWorker] WARN  segmented.SegmentedRaftLogWorker (SegmentedRaftLogWorker.java:getFromFuture(90)) - Timeout 4/~
org.apache.ratis.protocol.TimeoutIOException: Timeout 10s: WriteLog:12: (t:1, i:12), STATEMACHINELOGENTRY, client-5C9AA7781B6B, cid=22-writeStateMachineData
	at org.apache.ratis.util.IOUtils.getFromFuture(IOUtils.java:87)
	at org.apache.ratis.server.raftlog.segmented.SegmentedRaftLogWorker$StateMachineDataPolicy.getFromFuture(SegmentedRaftLogWorker.java:87)
	at org.apache.ratis.server.raftlog.segmented.SegmentedRaftLogWorker$WriteLog.execute(SegmentedRaftLogWorker.java:477)
	at org.apache.ratis.server.raftlog.segmented.SegmentedRaftLogWorker.run(SegmentedRaftLogWorker.java:289)
	at java.lang.Thread.run(Thread.java:748)
Caused by: java.util.concurrent.TimeoutException
	at java.util.concurrent.CompletableFuture.timedGet(CompletableFuture.java:1771)
	at java.util.concurrent.CompletableFuture.get(CompletableFuture.java:1915)
	at org.apache.ratis.util.IOUtils.getFromFuture(IOUtils.java:79)
	... 4 more
2019-09-17 11:28:12,443 [java.util.concurrent.ThreadPoolExecutor$Worker@49dbf5b8[State = -1, empty queue]] WARN  server.GrpcLogAppender (GrpcLogAppender.java:timeoutAppendRequest(200)) - 6e54f060-cd9d-44cc-b25b-8b76f38102a4@group-20D8F186421C->c0e7c0fa-20c5-4865-93a8-b9416c9f108d-GrpcLogAppender: appendEntries Timeout, request=6e54f060-cd9d-44cc-b25b-8b76f38102a4->c0e7c0fa-20c5-4865-93a8-b9416c9f108d#47-t1, previous=(t:1, i:13), leaderCommit=10, initializing? false, entries: <empty>
2019-09-17 11:28:14,703 [grpc-default-executor-4] INFO  client.GrpcClientProtocolClient (GrpcClientProtocolClient.java:onNext(264)) - client-5C9AA7781B6B->c0e7c0fa-20c5-4865-93a8-b9416c9f108d: receive RaftClientReply:client-5C9AA7781B6B->c0e7c0fa-20c5-4865-93a8-b9416c9f108d@group-20D8F186421C, cid=21, FAILED org.apache.ratis.protocol.NotLeaderException: Server c0e7c0fa-20c5-4865-93a8-b9416c9f108d@group-20D8F186421C is not the leader 6e54f060-cd9d-44cc-b25b-8b76f38102a4:192.168.5.153:46767, logIndex=0, commits[c0e7c0fa-20c5-4865-93a8-b9416c9f108d:c10, 6e54f060-cd9d-44cc-b25b-8b76f38102a4:c10, 332345b2-53e5-4965-b414-3287d6427edd:c10]
2019-09-17 11:28:14,944 [java.util.concurrent.ThreadPoolExecutor$Worker@49dbf5b8[State = -1, empty queue]] WARN  server.GrpcLogAppender (GrpcLogAppender.java:timeoutAppendRequest(200)) - 6e54f060-cd9d-44cc-b25b-8b76f38102a4@group-20D8F186421C->c0e7c0fa-20c5-4865-93a8-b9416c9f108d-GrpcLogAppender: appendEntries Timeout, request=6e54f060-cd9d-44cc-b25b-8b76f38102a4->c0e7c0fa-20c5-4865-93a8-b9416c9f108d#48-t1, previous=(t:1, i:13), leaderCommit=10, initializing? false, entries: <empty>
2019-09-17 11:28:17,445 [java.util.concurrent.ThreadPoolExecutor$Worker@49dbf5b8[State = -1, empty queue]] WARN  server.GrpcLogAppender (GrpcLogAppender.java:timeoutAppendRequest(200)) - 6e54f060-cd9d-44cc-b25b-8b76f38102a4@group-20D8F186421C->c0e7c0fa-20c5-4865-93a8-b9416c9f108d-GrpcLogAppender: appendEntries Timeout, request=6e54f060-cd9d-44cc-b25b-8b76f38102a4->c0e7c0fa-20c5-4865-93a8-b9416c9f108d#49-t1, previous=(t:1, i:13), leaderCommit=10, initializing? false, entries: <empty>
2019-09-17 11:28:19,650 [6e54f060-cd9d-44cc-b25b-8b76f38102a4@group-20D8F186421C-SegmentedRaftLogWorker] WARN  segmented.SegmentedRaftLogWorker (SegmentedRaftLogWorker.java:getFromFuture(90)) - Timeout 5/~
org.apache.ratis.protocol.TimeoutIOException: Timeout 10s: WriteLog:12: (t:1, i:12), STATEMACHINELOGENTRY, client-5C9AA7781B6B, cid=22-writeStateMachineData
	at org.apache.ratis.util.IOUtils.getFromFuture(IOUtils.java:87)
	at org.apache.ratis.server.raftlog.segmented.SegmentedRaftLogWorker$StateMachineDataPolicy.getFromFuture(SegmentedRaftLogWorker.java:87)
	at org.apache.ratis.server.raftlog.segmented.SegmentedRaftLogWorker$WriteLog.execute(SegmentedRaftLogWorker.java:477)
	at org.apache.ratis.server.raftlog.segmented.SegmentedRaftLogWorker.run(SegmentedRaftLogWorker.java:289)
	at java.lang.Thread.run(Thread.java:748)
Caused by: java.util.concurrent.TimeoutException
	at java.util.concurrent.CompletableFuture.timedGet(CompletableFuture.java:1771)
	at java.util.concurrent.CompletableFuture.get(CompletableFuture.java:1915)
	at org.apache.ratis.util.IOUtils.getFromFuture(IOUtils.java:79)
	... 4 more
2019-09-17 11:28:19,718 [grpc-default-executor-4] INFO  client.GrpcClientProtocolClient (GrpcClientProtocolClient.java:onNext(264)) - client-5C9AA7781B6B->332345b2-53e5-4965-b414-3287d6427edd: receive RaftClientReply:client-5C9AA7781B6B->332345b2-53e5-4965-b414-3287d6427edd@group-20D8F186421C, cid=21, FAILED org.apache.ratis.protocol.NotLeaderException: Server 332345b2-53e5-4965-b414-3287d6427edd@group-20D8F186421C is not the leader 6e54f060-cd9d-44cc-b25b-8b76f38102a4:192.168.5.153:46767, logIndex=0, commits[332345b2-53e5-4965-b414-3287d6427edd:c10, 6e54f060-cd9d-44cc-b25b-8b76f38102a4:c10, c0e7c0fa-20c5-4865-93a8-b9416c9f108d:c6]
2019-09-17 11:28:19,946 [java.util.concurrent.ThreadPoolExecutor$Worker@49dbf5b8[State = -1, empty queue]] WARN  server.GrpcLogAppender (GrpcLogAppender.java:timeoutAppendRequest(200)) - 6e54f060-cd9d-44cc-b25b-8b76f38102a4@group-20D8F186421C->c0e7c0fa-20c5-4865-93a8-b9416c9f108d-GrpcLogAppender: appendEntries Timeout, request=6e54f060-cd9d-44cc-b25b-8b76f38102a4->c0e7c0fa-20c5-4865-93a8-b9416c9f108d#50-t1, previous=(t:1, i:13), leaderCommit=10, initializing? false, entries: <empty>
2019-09-17 11:28:20,053 [c0e7c0fa-20c5-4865-93a8-b9416c9f108d@group-20D8F186421C-SegmentedRaftLogWorker] WARN  segmented.SegmentedRaftLogWorker (SegmentedRaftLogWorker.java:getFromFuture(90)) - Timeout 5/~
org.apache.ratis.protocol.TimeoutIOException: Timeout 10s: WriteLog:12: (t:1, i:12), STATEMACHINELOGENTRY, client-5C9AA7781B6B, cid=22-writeStateMachineData
	at org.apache.ratis.util.IOUtils.getFromFuture(IOUtils.java:87)
	at org.apache.ratis.server.raftlog.segmented.SegmentedRaftLogWorker$StateMachineDataPolicy.getFromFuture(SegmentedRaftLogWorker.java:87)
	at org.apache.ratis.server.raftlog.segmented.SegmentedRaftLogWorker$WriteLog.execute(SegmentedRaftLogWorker.java:477)
	at org.apache.ratis.server.raftlog.segmented.SegmentedRaftLogWorker.run(SegmentedRaftLogWorker.java:289)
	at java.lang.Thread.run(Thread.java:748)
Caused by: java.util.concurrent.TimeoutException
	at java.util.concurrent.CompletableFuture.timedGet(CompletableFuture.java:1771)
	at java.util.concurrent.CompletableFuture.get(CompletableFuture.java:1915)
	at org.apache.ratis.util.IOUtils.getFromFuture(IOUtils.java:79)
	... 4 more
2019-09-17 11:28:22,446 [java.util.concurrent.ThreadPoolExecutor$Worker@49dbf5b8[State = -1, empty queue]] WARN  server.GrpcLogAppender (GrpcLogAppender.java:timeoutAppendRequest(200)) - 6e54f060-cd9d-44cc-b25b-8b76f38102a4@group-20D8F186421C->c0e7c0fa-20c5-4865-93a8-b9416c9f108d-GrpcLogAppender: appendEntries Timeout, request=6e54f060-cd9d-44cc-b25b-8b76f38102a4->c0e7c0fa-20c5-4865-93a8-b9416c9f108d#51-t1, previous=(t:1, i:13), leaderCommit=10, initializing? false, entries: <empty>
2019-09-17 11:28:24,740 [grpc-default-executor-4] INFO  client.GrpcClientProtocolClient (GrpcClientProtocolClient.java:onNext(264)) - client-5C9AA7781B6B->332345b2-53e5-4965-b414-3287d6427edd: receive RaftClientReply:client-5C9AA7781B6B->332345b2-53e5-4965-b414-3287d6427edd@group-20D8F186421C, cid=21, FAILED org.apache.ratis.protocol.NotLeaderException: Server 332345b2-53e5-4965-b414-3287d6427edd@group-20D8F186421C is not the leader 6e54f060-cd9d-44cc-b25b-8b76f38102a4:192.168.5.153:46767, logIndex=0, commits[332345b2-53e5-4965-b414-3287d6427edd:c10, 6e54f060-cd9d-44cc-b25b-8b76f38102a4:c10, c0e7c0fa-20c5-4865-93a8-b9416c9f108d:c6]
2019-09-17 11:28:24,947 [java.util.concurrent.ThreadPoolExecutor$Worker@49dbf5b8[State = -1, empty queue]] WARN  server.GrpcLogAppender (GrpcLogAppender.java:timeoutAppendRequest(200)) - 6e54f060-cd9d-44cc-b25b-8b76f38102a4@group-20D8F186421C->c0e7c0fa-20c5-4865-93a8-b9416c9f108d-GrpcLogAppender: appendEntries Timeout, request=6e54f060-cd9d-44cc-b25b-8b76f38102a4->c0e7c0fa-20c5-4865-93a8-b9416c9f108d#52-t1, previous=(t:1, i:13), leaderCommit=10, initializing? false, entries: <empty>
2019-09-17 11:28:27,448 [java.util.concurrent.ThreadPoolExecutor$Worker@49dbf5b8[State = -1, empty queue]] WARN  server.GrpcLogAppender (GrpcLogAppender.java:timeoutAppendRequest(200)) - 6e54f060-cd9d-44cc-b25b-8b76f38102a4@group-20D8F186421C->c0e7c0fa-20c5-4865-93a8-b9416c9f108d-GrpcLogAppender: appendEntries Timeout, request=6e54f060-cd9d-44cc-b25b-8b76f38102a4->c0e7c0fa-20c5-4865-93a8-b9416c9f108d#53-t1, previous=(t:1, i:13), leaderCommit=10, initializing? false, entries: <empty>
2019-09-17 11:28:29,654 [6e54f060-cd9d-44cc-b25b-8b76f38102a4@group-20D8F186421C-SegmentedRaftLogWorker] WARN  segmented.SegmentedRaftLogWorker (SegmentedRaftLogWorker.java:getFromFuture(90)) - Timeout 6/~
org.apache.ratis.protocol.TimeoutIOException: Timeout 10s: WriteLog:12: (t:1, i:12), STATEMACHINELOGENTRY, client-5C9AA7781B6B, cid=22-writeStateMachineData
	at org.apache.ratis.util.IOUtils.getFromFuture(IOUtils.java:87)
	at org.apache.ratis.server.raftlog.segmented.SegmentedRaftLogWorker$StateMachineDataPolicy.getFromFuture(SegmentedRaftLogWorker.java:87)
	at org.apache.ratis.server.raftlog.segmented.SegmentedRaftLogWorker$WriteLog.execute(SegmentedRaftLogWorker.java:477)
	at org.apache.ratis.server.raftlog.segmented.SegmentedRaftLogWorker.run(SegmentedRaftLogWorker.java:289)
	at java.lang.Thread.run(Thread.java:748)
Caused by: java.util.concurrent.TimeoutException
	at java.util.concurrent.CompletableFuture.timedGet(CompletableFuture.java:1771)
	at java.util.concurrent.CompletableFuture.get(CompletableFuture.java:1915)
	at org.apache.ratis.util.IOUtils.getFromFuture(IOUtils.java:79)
	... 4 more
2019-09-17 11:28:29,760 [grpc-default-executor-4] INFO  client.GrpcClientProtocolClient (GrpcClientProtocolClient.java:onNext(264)) - client-5C9AA7781B6B->332345b2-53e5-4965-b414-3287d6427edd: receive RaftClientReply:client-5C9AA7781B6B->332345b2-53e5-4965-b414-3287d6427edd@group-20D8F186421C, cid=21, FAILED org.apache.ratis.protocol.NotLeaderException: Server 332345b2-53e5-4965-b414-3287d6427edd@group-20D8F186421C is not the leader 6e54f060-cd9d-44cc-b25b-8b76f38102a4:192.168.5.153:46767, logIndex=0, commits[332345b2-53e5-4965-b414-3287d6427edd:c10, 6e54f060-cd9d-44cc-b25b-8b76f38102a4:c10, c0e7c0fa-20c5-4865-93a8-b9416c9f108d:c6]
2019-09-17 11:28:29,948 [java.util.concurrent.ThreadPoolExecutor$Worker@49dbf5b8[State = -1, empty queue]] WARN  server.GrpcLogAppender (GrpcLogAppender.java:timeoutAppendRequest(200)) - 6e54f060-cd9d-44cc-b25b-8b76f38102a4@group-20D8F186421C->c0e7c0fa-20c5-4865-93a8-b9416c9f108d-GrpcLogAppender: appendEntries Timeout, request=6e54f060-cd9d-44cc-b25b-8b76f38102a4->c0e7c0fa-20c5-4865-93a8-b9416c9f108d#54-t1, previous=(t:1, i:13), leaderCommit=10, initializing? false, entries: <empty>
2019-09-17 11:28:30,057 [c0e7c0fa-20c5-4865-93a8-b9416c9f108d@group-20D8F186421C-SegmentedRaftLogWorker] WARN  segmented.SegmentedRaftLogWorker (SegmentedRaftLogWorker.java:getFromFuture(90)) - Timeout 6/~
org.apache.ratis.protocol.TimeoutIOException: Timeout 10s: WriteLog:12: (t:1, i:12), STATEMACHINELOGENTRY, client-5C9AA7781B6B, cid=22-writeStateMachineData
	at org.apache.ratis.util.IOUtils.getFromFuture(IOUtils.java:87)
	at org.apache.ratis.server.raftlog.segmented.SegmentedRaftLogWorker$StateMachineDataPolicy.getFromFuture(SegmentedRaftLogWorker.java:87)
	at org.apache.ratis.server.raftlog.segmented.SegmentedRaftLogWorker$WriteLog.execute(SegmentedRaftLogWorker.java:477)
	at org.apache.ratis.server.raftlog.segmented.SegmentedRaftLogWorker.run(SegmentedRaftLogWorker.java:289)
	at java.lang.Thread.run(Thread.java:748)
Caused by: java.util.concurrent.TimeoutException
	at java.util.concurrent.CompletableFuture.timedGet(CompletableFuture.java:1771)
	at java.util.concurrent.CompletableFuture.get(CompletableFuture.java:1915)
	at org.apache.ratis.util.IOUtils.getFromFuture(IOUtils.java:79)
	... 4 more
2019-09-17 11:28:32,449 [java.util.concurrent.ThreadPoolExecutor$Worker@49dbf5b8[State = -1, empty queue]] WARN  server.GrpcLogAppender (GrpcLogAppender.java:timeoutAppendRequest(200)) - 6e54f060-cd9d-44cc-b25b-8b76f38102a4@group-20D8F186421C->c0e7c0fa-20c5-4865-93a8-b9416c9f108d-GrpcLogAppender: appendEntries Timeout, request=6e54f060-cd9d-44cc-b25b-8b76f38102a4->c0e7c0fa-20c5-4865-93a8-b9416c9f108d#55-t1, previous=(t:1, i:13), leaderCommit=10, initializing? false, entries: <empty>
2019-09-17 11:28:34,777 [grpc-default-executor-4] INFO  client.GrpcClientProtocolClient (GrpcClientProtocolClient.java:onNext(264)) - client-5C9AA7781B6B->332345b2-53e5-4965-b414-3287d6427edd: receive RaftClientReply:client-5C9AA7781B6B->332345b2-53e5-4965-b414-3287d6427edd@group-20D8F186421C, cid=21, FAILED org.apache.ratis.protocol.NotLeaderException: Server 332345b2-53e5-4965-b414-3287d6427edd@group-20D8F186421C is not the leader 6e54f060-cd9d-44cc-b25b-8b76f38102a4:192.168.5.153:46767, logIndex=0, commits[332345b2-53e5-4965-b414-3287d6427edd:c10, 6e54f060-cd9d-44cc-b25b-8b76f38102a4:c10, c0e7c0fa-20c5-4865-93a8-b9416c9f108d:c6]
2019-09-17 11:28:34,950 [java.util.concurrent.ThreadPoolExecutor$Worker@49dbf5b8[State = -1, empty queue]] WARN  server.GrpcLogAppender (GrpcLogAppender.java:timeoutAppendRequest(200)) - 6e54f060-cd9d-44cc-b25b-8b76f38102a4@group-20D8F186421C->c0e7c0fa-20c5-4865-93a8-b9416c9f108d-GrpcLogAppender: appendEntries Timeout, request=6e54f060-cd9d-44cc-b25b-8b76f38102a4->c0e7c0fa-20c5-4865-93a8-b9416c9f108d#56-t1, previous=(t:1, i:13), leaderCommit=10, initializing? false, entries: <empty>
2019-09-17 11:28:37,451 [java.util.concurrent.ThreadPoolExecutor$Worker@49dbf5b8[State = -1, empty queue]] WARN  server.GrpcLogAppender (GrpcLogAppender.java:timeoutAppendRequest(200)) - 6e54f060-cd9d-44cc-b25b-8b76f38102a4@group-20D8F186421C->c0e7c0fa-20c5-4865-93a8-b9416c9f108d-GrpcLogAppender: appendEntries Timeout, request=6e54f060-cd9d-44cc-b25b-8b76f38102a4->c0e7c0fa-20c5-4865-93a8-b9416c9f108d#57-t1, previous=(t:1, i:13), leaderCommit=10, initializing? false, entries: <empty>
2019-09-17 11:28:39,658 [6e54f060-cd9d-44cc-b25b-8b76f38102a4@group-20D8F186421C-SegmentedRaftLogWorker] WARN  segmented.SegmentedRaftLogWorker (SegmentedRaftLogWorker.java:getFromFuture(90)) - Timeout 7/~
org.apache.ratis.protocol.TimeoutIOException: Timeout 10s: WriteLog:12: (t:1, i:12), STATEMACHINELOGENTRY, client-5C9AA7781B6B, cid=22-writeStateMachineData
	at org.apache.ratis.util.IOUtils.getFromFuture(IOUtils.java:87)
	at org.apache.ratis.server.raftlog.segmented.SegmentedRaftLogWorker$StateMachineDataPolicy.getFromFuture(SegmentedRaftLogWorker.java:87)
	at org.apache.ratis.server.raftlog.segmented.SegmentedRaftLogWorker$WriteLog.execute(SegmentedRaftLogWorker.java:477)
	at org.apache.ratis.server.raftlog.segmented.SegmentedRaftLogWorker.run(SegmentedRaftLogWorker.java:289)
	at java.lang.Thread.run(Thread.java:748)
Caused by: java.util.concurrent.TimeoutException
	at java.util.concurrent.CompletableFuture.timedGet(CompletableFuture.java:1771)
	at java.util.concurrent.CompletableFuture.get(CompletableFuture.java:1915)
	at org.apache.ratis.util.IOUtils.getFromFuture(IOUtils.java:79)
	... 4 more
2019-09-17 11:28:39,796 [grpc-default-executor-3] INFO  client.GrpcClientProtocolClient (GrpcClientProtocolClient.java:onNext(264)) - client-5C9AA7781B6B->c0e7c0fa-20c5-4865-93a8-b9416c9f108d: receive RaftClientReply:client-5C9AA7781B6B->c0e7c0fa-20c5-4865-93a8-b9416c9f108d@group-20D8F186421C, cid=21, FAILED org.apache.ratis.protocol.NotLeaderException: Server c0e7c0fa-20c5-4865-93a8-b9416c9f108d@group-20D8F186421C is not the leader 6e54f060-cd9d-44cc-b25b-8b76f38102a4:192.168.5.153:46767, logIndex=0, commits[c0e7c0fa-20c5-4865-93a8-b9416c9f108d:c10, 6e54f060-cd9d-44cc-b25b-8b76f38102a4:c10, 332345b2-53e5-4965-b414-3287d6427edd:c10]
2019-09-17 11:28:39,954 [java.util.concurrent.ThreadPoolExecutor$Worker@49dbf5b8[State = -1, empty queue]] WARN  server.GrpcLogAppender (GrpcLogAppender.java:timeoutAppendRequest(200)) - 6e54f060-cd9d-44cc-b25b-8b76f38102a4@group-20D8F186421C->c0e7c0fa-20c5-4865-93a8-b9416c9f108d-GrpcLogAppender: appendEntries Timeout, request=6e54f060-cd9d-44cc-b25b-8b76f38102a4->c0e7c0fa-20c5-4865-93a8-b9416c9f108d#58-t1, previous=(t:1, i:13), leaderCommit=10, initializing? false, entries: <empty>
2019-09-17 11:28:40,060 [c0e7c0fa-20c5-4865-93a8-b9416c9f108d@group-20D8F186421C-SegmentedRaftLogWorker] WARN  segmented.SegmentedRaftLogWorker (SegmentedRaftLogWorker.java:getFromFuture(90)) - Timeout 7/~
org.apache.ratis.protocol.TimeoutIOException: Timeout 10s: WriteLog:12: (t:1, i:12), STATEMACHINELOGENTRY, client-5C9AA7781B6B, cid=22-writeStateMachineData
	at org.apache.ratis.util.IOUtils.getFromFuture(IOUtils.java:87)
	at org.apache.ratis.server.raftlog.segmented.SegmentedRaftLogWorker$StateMachineDataPolicy.getFromFuture(SegmentedRaftLogWorker.java:87)
	at org.apache.ratis.server.raftlog.segmented.SegmentedRaftLogWorker$WriteLog.execute(SegmentedRaftLogWorker.java:477)
	at org.apache.ratis.server.raftlog.segmented.SegmentedRaftLogWorker.run(SegmentedRaftLogWorker.java:289)
	at java.lang.Thread.run(Thread.java:748)
Caused by: java.util.concurrent.TimeoutException
	at java.util.concurrent.CompletableFuture.timedGet(CompletableFuture.java:1771)
	at java.util.concurrent.CompletableFuture.get(CompletableFuture.java:1915)
	at org.apache.ratis.util.IOUtils.getFromFuture(IOUtils.java:79)
	... 4 more
2019-09-17 11:28:42,452 [java.util.concurrent.ThreadPoolExecutor$Worker@49dbf5b8[State = -1, empty queue]] WARN  server.GrpcLogAppender (GrpcLogAppender.java:timeoutAppendRequest(200)) - 6e54f060-cd9d-44cc-b25b-8b76f38102a4@group-20D8F186421C->c0e7c0fa-20c5-4865-93a8-b9416c9f108d-GrpcLogAppender: appendEntries Timeout, request=6e54f060-cd9d-44cc-b25b-8b76f38102a4->c0e7c0fa-20c5-4865-93a8-b9416c9f108d#59-t1, previous=(t:1, i:13), leaderCommit=10, initializing? false, entries: <empty>
2019-09-17 11:28:44,808 [grpc-default-executor-0] INFO  client.GrpcClientProtocolClient (GrpcClientProtocolClient.java:onNext(264)) - client-5C9AA7781B6B->332345b2-53e5-4965-b414-3287d6427edd: receive RaftClientReply:client-5C9AA7781B6B->332345b2-53e5-4965-b414-3287d6427edd@group-20D8F186421C, cid=21, FAILED org.apache.ratis.protocol.NotLeaderException: Server 332345b2-53e5-4965-b414-3287d6427edd@group-20D8F186421C is not the leader 6e54f060-cd9d-44cc-b25b-8b76f38102a4:192.168.5.153:46767, logIndex=0, commits[332345b2-53e5-4965-b414-3287d6427edd:c10, 6e54f060-cd9d-44cc-b25b-8b76f38102a4:c10, c0e7c0fa-20c5-4865-93a8-b9416c9f108d:c6]
2019-09-17 11:28:44,952 [java.util.concurrent.ThreadPoolExecutor$Worker@49dbf5b8[State = -1, empty queue]] WARN  server.GrpcLogAppender (GrpcLogAppender.java:timeoutAppendRequest(200)) - 6e54f060-cd9d-44cc-b25b-8b76f38102a4@group-20D8F186421C->c0e7c0fa-20c5-4865-93a8-b9416c9f108d-GrpcLogAppender: appendEntries Timeout, request=6e54f060-cd9d-44cc-b25b-8b76f38102a4->c0e7c0fa-20c5-4865-93a8-b9416c9f108d#60-t1, previous=(t:1, i:13), leaderCommit=10, initializing? false, entries: <empty>
2019-09-17 11:28:47,453 [java.util.concurrent.ThreadPoolExecutor$Worker@49dbf5b8[State = -1, empty queue]] WARN  server.GrpcLogAppender (GrpcLogAppender.java:timeoutAppendRequest(200)) - 6e54f060-cd9d-44cc-b25b-8b76f38102a4@group-20D8F186421C->c0e7c0fa-20c5-4865-93a8-b9416c9f108d-GrpcLogAppender: appendEntries Timeout, request=6e54f060-cd9d-44cc-b25b-8b76f38102a4->c0e7c0fa-20c5-4865-93a8-b9416c9f108d#61-t1, previous=(t:1, i:13), leaderCommit=10, initializing? false, entries: <empty>
2019-09-17 11:28:49,662 [6e54f060-cd9d-44cc-b25b-8b76f38102a4@group-20D8F186421C-SegmentedRaftLogWorker] WARN  segmented.SegmentedRaftLogWorker (SegmentedRaftLogWorker.java:getFromFuture(90)) - Timeout 8/~
org.apache.ratis.protocol.TimeoutIOException: Timeout 10s: WriteLog:12: (t:1, i:12), STATEMACHINELOGENTRY, client-5C9AA7781B6B, cid=22-writeStateMachineData
	at org.apache.ratis.util.IOUtils.getFromFuture(IOUtils.java:87)
	at org.apache.ratis.server.raftlog.segmented.SegmentedRaftLogWorker$StateMachineDataPolicy.getFromFuture(SegmentedRaftLogWorker.java:87)
	at org.apache.ratis.server.raftlog.segmented.SegmentedRaftLogWorker$WriteLog.execute(SegmentedRaftLogWorker.java:477)
	at org.apache.ratis.server.raftlog.segmented.SegmentedRaftLogWorker.run(SegmentedRaftLogWorker.java:289)
	at java.lang.Thread.run(Thread.java:748)
Caused by: java.util.concurrent.TimeoutException
	at java.util.concurrent.CompletableFuture.timedGet(CompletableFuture.java:1771)
	at java.util.concurrent.CompletableFuture.get(CompletableFuture.java:1915)
	at org.apache.ratis.util.IOUtils.getFromFuture(IOUtils.java:79)
	... 4 more
2019-09-17 11:28:49,829 [grpc-default-executor-3] INFO  client.GrpcClientProtocolClient (GrpcClientProtocolClient.java:onNext(264)) - client-5C9AA7781B6B->332345b2-53e5-4965-b414-3287d6427edd: receive RaftClientReply:client-5C9AA7781B6B->332345b2-53e5-4965-b414-3287d6427edd@group-20D8F186421C, cid=21, FAILED org.apache.ratis.protocol.NotLeaderException: Server 332345b2-53e5-4965-b414-3287d6427edd@group-20D8F186421C is not the leader 6e54f060-cd9d-44cc-b25b-8b76f38102a4:192.168.5.153:46767, logIndex=0, commits[332345b2-53e5-4965-b414-3287d6427edd:c10, 6e54f060-cd9d-44cc-b25b-8b76f38102a4:c10, c0e7c0fa-20c5-4865-93a8-b9416c9f108d:c6]
2019-09-17 11:28:49,953 [java.util.concurrent.ThreadPoolExecutor$Worker@49dbf5b8[State = -1, empty queue]] WARN  server.GrpcLogAppender (GrpcLogAppender.java:timeoutAppendRequest(200)) - 6e54f060-cd9d-44cc-b25b-8b76f38102a4@group-20D8F186421C->c0e7c0fa-20c5-4865-93a8-b9416c9f108d-GrpcLogAppender: appendEntries Timeout, request=6e54f060-cd9d-44cc-b25b-8b76f38102a4->c0e7c0fa-20c5-4865-93a8-b9416c9f108d#62-t1, previous=(t:1, i:13), leaderCommit=10, initializing? false, entries: <empty>
2019-09-17 11:28:50,064 [c0e7c0fa-20c5-4865-93a8-b9416c9f108d@group-20D8F186421C-SegmentedRaftLogWorker] WARN  segmented.SegmentedRaftLogWorker (SegmentedRaftLogWorker.java:getFromFuture(90)) - Timeout 8/~
org.apache.ratis.protocol.TimeoutIOException: Timeout 10s: WriteLog:12: (t:1, i:12), STATEMACHINELOGENTRY, client-5C9AA7781B6B, cid=22-writeStateMachineData
	at org.apache.ratis.util.IOUtils.getFromFuture(IOUtils.java:87)
	at org.apache.ratis.server.raftlog.segmented.SegmentedRaftLogWorker$StateMachineDataPolicy.getFromFuture(SegmentedRaftLogWorker.java:87)
	at org.apache.ratis.server.raftlog.segmented.SegmentedRaftLogWorker$WriteLog.execute(SegmentedRaftLogWorker.java:477)
	at org.apache.ratis.server.raftlog.segmented.SegmentedRaftLogWorker.run(SegmentedRaftLogWorker.java:289)
	at java.lang.Thread.run(Thread.java:748)
Caused by: java.util.concurrent.TimeoutException
	at java.util.concurrent.CompletableFuture.timedGet(CompletableFuture.java:1771)
	at java.util.concurrent.CompletableFuture.get(CompletableFuture.java:1915)
	at org.apache.ratis.util.IOUtils.getFromFuture(IOUtils.java:79)
	... 4 more
2019-09-17 11:28:52,454 [java.util.concurrent.ThreadPoolExecutor$Worker@49dbf5b8[State = -1, empty queue]] WARN  server.GrpcLogAppender (GrpcLogAppender.java:timeoutAppendRequest(200)) - 6e54f060-cd9d-44cc-b25b-8b76f38102a4@group-20D8F186421C->c0e7c0fa-20c5-4865-93a8-b9416c9f108d-GrpcLogAppender: appendEntries Timeout, request=6e54f060-cd9d-44cc-b25b-8b76f38102a4->c0e7c0fa-20c5-4865-93a8-b9416c9f108d#63-t1, previous=(t:1, i:13), leaderCommit=10, initializing? false, entries: <empty>
2019-09-17 11:28:54,849 [grpc-default-executor-3] INFO  client.GrpcClientProtocolClient (GrpcClientProtocolClient.java:onNext(264)) - client-5C9AA7781B6B->332345b2-53e5-4965-b414-3287d6427edd: receive RaftClientReply:client-5C9AA7781B6B->332345b2-53e5-4965-b414-3287d6427edd@group-20D8F186421C, cid=21, FAILED org.apache.ratis.protocol.NotLeaderException: Server 332345b2-53e5-4965-b414-3287d6427edd@group-20D8F186421C is not the leader 6e54f060-cd9d-44cc-b25b-8b76f38102a4:192.168.5.153:46767, logIndex=0, commits[332345b2-53e5-4965-b414-3287d6427edd:c10, 6e54f060-cd9d-44cc-b25b-8b76f38102a4:c10, c0e7c0fa-20c5-4865-93a8-b9416c9f108d:c6]
2019-09-17 11:28:54,956 [java.util.concurrent.ThreadPoolExecutor$Worker@49dbf5b8[State = -1, empty queue]] WARN  server.GrpcLogAppender (GrpcLogAppender.java:timeoutAppendRequest(200)) - 6e54f060-cd9d-44cc-b25b-8b76f38102a4@group-20D8F186421C->c0e7c0fa-20c5-4865-93a8-b9416c9f108d-GrpcLogAppender: appendEntries Timeout, request=6e54f060-cd9d-44cc-b25b-8b76f38102a4->c0e7c0fa-20c5-4865-93a8-b9416c9f108d#64-t1, previous=(t:1, i:13), leaderCommit=10, initializing? false, entries: <empty>
2019-09-17 11:28:57,456 [java.util.concurrent.ThreadPoolExecutor$Worker@49dbf5b8[State = -1, empty queue]] WARN  server.GrpcLogAppender (GrpcLogAppender.java:timeoutAppendRequest(200)) - 6e54f060-cd9d-44cc-b25b-8b76f38102a4@group-20D8F186421C->c0e7c0fa-20c5-4865-93a8-b9416c9f108d-GrpcLogAppender: appendEntries Timeout, request=6e54f060-cd9d-44cc-b25b-8b76f38102a4->c0e7c0fa-20c5-4865-93a8-b9416c9f108d#65-t1, previous=(t:1, i:13), leaderCommit=10, initializing? false, entries: <empty>
2019-09-17 11:28:59,667 [6e54f060-cd9d-44cc-b25b-8b76f38102a4@group-20D8F186421C-SegmentedRaftLogWorker] WARN  segmented.SegmentedRaftLogWorker (SegmentedRaftLogWorker.java:getFromFuture(90)) - Timeout 9/~
org.apache.ratis.protocol.TimeoutIOException: Timeout 10s: WriteLog:12: (t:1, i:12), STATEMACHINELOGENTRY, client-5C9AA7781B6B, cid=22-writeStateMachineData
	at org.apache.ratis.util.IOUtils.getFromFuture(IOUtils.java:87)
	at org.apache.ratis.server.raftlog.segmented.SegmentedRaftLogWorker$StateMachineDataPolicy.getFromFuture(SegmentedRaftLogWorker.java:87)
	at org.apache.ratis.server.raftlog.segmented.SegmentedRaftLogWorker$WriteLog.execute(SegmentedRaftLogWorker.java:477)
	at org.apache.ratis.server.raftlog.segmented.SegmentedRaftLogWorker.run(SegmentedRaftLogWorker.java:289)
	at java.lang.Thread.run(Thread.java:748)
Caused by: java.util.concurrent.TimeoutException
	at java.util.concurrent.CompletableFuture.timedGet(CompletableFuture.java:1771)
	at java.util.concurrent.CompletableFuture.get(CompletableFuture.java:1915)
	at org.apache.ratis.util.IOUtils.getFromFuture(IOUtils.java:79)
	... 4 more
2019-09-17 11:28:59,895 [grpc-default-executor-0] INFO  client.GrpcClientProtocolClient (GrpcClientProtocolClient.java:onNext(264)) - client-5C9AA7781B6B->332345b2-53e5-4965-b414-3287d6427edd: receive RaftClientReply:client-5C9AA7781B6B->332345b2-53e5-4965-b414-3287d6427edd@group-20D8F186421C, cid=21, FAILED org.apache.ratis.protocol.NotLeaderException: Server 332345b2-53e5-4965-b414-3287d6427edd@group-20D8F186421C is not the leader 6e54f060-cd9d-44cc-b25b-8b76f38102a4:192.168.5.153:46767, logIndex=0, commits[332345b2-53e5-4965-b414-3287d6427edd:c10, 6e54f060-cd9d-44cc-b25b-8b76f38102a4:c10, c0e7c0fa-20c5-4865-93a8-b9416c9f108d:c6]
2019-09-17 11:28:59,958 [java.util.concurrent.ThreadPoolExecutor$Worker@49dbf5b8[State = -1, empty queue]] WARN  server.GrpcLogAppender (GrpcLogAppender.java:timeoutAppendRequest(200)) - 6e54f060-cd9d-44cc-b25b-8b76f38102a4@group-20D8F186421C->c0e7c0fa-20c5-4865-93a8-b9416c9f108d-GrpcLogAppender: appendEntries Timeout, request=6e54f060-cd9d-44cc-b25b-8b76f38102a4->c0e7c0fa-20c5-4865-93a8-b9416c9f108d#66-t1, previous=(t:1, i:13), leaderCommit=10, initializing? false, entries: <empty>
2019-09-17 11:29:00,067 [c0e7c0fa-20c5-4865-93a8-b9416c9f108d@group-20D8F186421C-SegmentedRaftLogWorker] WARN  segmented.SegmentedRaftLogWorker (SegmentedRaftLogWorker.java:getFromFuture(90)) - Timeout 9/~
org.apache.ratis.protocol.TimeoutIOException: Timeout 10s: WriteLog:12: (t:1, i:12), STATEMACHINELOGENTRY, client-5C9AA7781B6B, cid=22-writeStateMachineData
	at org.apache.ratis.util.IOUtils.getFromFuture(IOUtils.java:87)
	at org.apache.ratis.server.raftlog.segmented.SegmentedRaftLogWorker$StateMachineDataPolicy.getFromFuture(SegmentedRaftLogWorker.java:87)
	at org.apache.ratis.server.raftlog.segmented.SegmentedRaftLogWorker$WriteLog.execute(SegmentedRaftLogWorker.java:477)
	at org.apache.ratis.server.raftlog.segmented.SegmentedRaftLogWorker.run(SegmentedRaftLogWorker.java:289)
	at java.lang.Thread.run(Thread.java:748)
Caused by: java.util.concurrent.TimeoutException
	at java.util.concurrent.CompletableFuture.timedGet(CompletableFuture.java:1771)
	at java.util.concurrent.CompletableFuture.get(CompletableFuture.java:1915)
	at org.apache.ratis.util.IOUtils.getFromFuture(IOUtils.java:79)
	... 4 more
2019-09-17 11:29:02,459 [java.util.concurrent.ThreadPoolExecutor$Worker@49dbf5b8[State = -1, empty queue]] WARN  server.GrpcLogAppender (GrpcLogAppender.java:timeoutAppendRequest(200)) - 6e54f060-cd9d-44cc-b25b-8b76f38102a4@group-20D8F186421C->c0e7c0fa-20c5-4865-93a8-b9416c9f108d-GrpcLogAppender: appendEntries Timeout, request=6e54f060-cd9d-44cc-b25b-8b76f38102a4->c0e7c0fa-20c5-4865-93a8-b9416c9f108d#67-t1, previous=(t:1, i:13), leaderCommit=10, initializing? false, entries: <empty>
2019-09-17 11:29:04,924 [grpc-default-executor-0] INFO  client.GrpcClientProtocolClient (GrpcClientProtocolClient.java:onNext(264)) - client-5C9AA7781B6B->332345b2-53e5-4965-b414-3287d6427edd: receive RaftClientReply:client-5C9AA7781B6B->332345b2-53e5-4965-b414-3287d6427edd@group-20D8F186421C, cid=21, FAILED org.apache.ratis.protocol.NotLeaderException: Server 332345b2-53e5-4965-b414-3287d6427edd@group-20D8F186421C is not the leader 6e54f060-cd9d-44cc-b25b-8b76f38102a4:192.168.5.153:46767, logIndex=0, commits[332345b2-53e5-4965-b414-3287d6427edd:c10, 6e54f060-cd9d-44cc-b25b-8b76f38102a4:c10, c0e7c0fa-20c5-4865-93a8-b9416c9f108d:c6]
2019-09-17 11:29:04,960 [java.util.concurrent.ThreadPoolExecutor$Worker@49dbf5b8[State = -1, empty queue]] WARN  server.GrpcLogAppender (GrpcLogAppender.java:timeoutAppendRequest(200)) - 6e54f060-cd9d-44cc-b25b-8b76f38102a4@group-20D8F186421C->c0e7c0fa-20c5-4865-93a8-b9416c9f108d-GrpcLogAppender: appendEntries Timeout, request=6e54f060-cd9d-44cc-b25b-8b76f38102a4->c0e7c0fa-20c5-4865-93a8-b9416c9f108d#68-t1, previous=(t:1, i:13), leaderCommit=10, initializing? false, entries: <empty>
2019-09-17 11:29:07,461 [java.util.concurrent.ThreadPoolExecutor$Worker@49dbf5b8[State = -1, empty queue]] WARN  server.GrpcLogAppender (GrpcLogAppender.java:timeoutAppendRequest(200)) - 6e54f060-cd9d-44cc-b25b-8b76f38102a4@group-20D8F186421C->c0e7c0fa-20c5-4865-93a8-b9416c9f108d-GrpcLogAppender: appendEntries Timeout, request=6e54f060-cd9d-44cc-b25b-8b76f38102a4->c0e7c0fa-20c5-4865-93a8-b9416c9f108d#69-t1, previous=(t:1, i:13), leaderCommit=10, initializing? false, entries: <empty>
2019-09-17 11:29:09,672 [6e54f060-cd9d-44cc-b25b-8b76f38102a4@group-20D8F186421C-SegmentedRaftLogWorker] WARN  segmented.SegmentedRaftLogWorker (SegmentedRaftLogWorker.java:getFromFuture(90)) - Timeout 10/~
org.apache.ratis.protocol.TimeoutIOException: Timeout 10s: WriteLog:12: (t:1, i:12), STATEMACHINELOGENTRY, client-5C9AA7781B6B, cid=22-writeStateMachineData
	at org.apache.ratis.util.IOUtils.getFromFuture(IOUtils.java:87)
	at org.apache.ratis.server.raftlog.segmented.SegmentedRaftLogWorker$StateMachineDataPolicy.getFromFuture(SegmentedRaftLogWorker.java:87)
	at org.apache.ratis.server.raftlog.segmented.SegmentedRaftLogWorker$WriteLog.execute(SegmentedRaftLogWorker.java:477)
	at org.apache.ratis.server.raftlog.segmented.SegmentedRaftLogWorker.run(SegmentedRaftLogWorker.java:289)
	at java.lang.Thread.run(Thread.java:748)
Caused by: java.util.concurrent.TimeoutException
	at java.util.concurrent.CompletableFuture.timedGet(CompletableFuture.java:1771)
	at java.util.concurrent.CompletableFuture.get(CompletableFuture.java:1915)
	at org.apache.ratis.util.IOUtils.getFromFuture(IOUtils.java:79)
	... 4 more
2019-09-17 11:29:09,946 [grpc-default-executor-0] INFO  client.GrpcClientProtocolClient (GrpcClientProtocolClient.java:onNext(264)) - client-5C9AA7781B6B->c0e7c0fa-20c5-4865-93a8-b9416c9f108d: receive RaftClientReply:client-5C9AA7781B6B->c0e7c0fa-20c5-4865-93a8-b9416c9f108d@group-20D8F186421C, cid=21, FAILED org.apache.ratis.protocol.NotLeaderException: Server c0e7c0fa-20c5-4865-93a8-b9416c9f108d@group-20D8F186421C is not the leader 6e54f060-cd9d-44cc-b25b-8b76f38102a4:192.168.5.153:46767, logIndex=0, commits[c0e7c0fa-20c5-4865-93a8-b9416c9f108d:c10, 6e54f060-cd9d-44cc-b25b-8b76f38102a4:c10, 332345b2-53e5-4965-b414-3287d6427edd:c10]
2019-09-17 11:29:09,961 [java.util.concurrent.ThreadPoolExecutor$Worker@49dbf5b8[State = -1, empty queue]] WARN  server.GrpcLogAppender (GrpcLogAppender.java:timeoutAppendRequest(200)) - 6e54f060-cd9d-44cc-b25b-8b76f38102a4@group-20D8F186421C->c0e7c0fa-20c5-4865-93a8-b9416c9f108d-GrpcLogAppender: appendEntries Timeout, request=6e54f060-cd9d-44cc-b25b-8b76f38102a4->c0e7c0fa-20c5-4865-93a8-b9416c9f108d#70-t1, previous=(t:1, i:13), leaderCommit=10, initializing? false, entries: <empty>
2019-09-17 11:29:10,094 [c0e7c0fa-20c5-4865-93a8-b9416c9f108d@group-20D8F186421C-SegmentedRaftLogWorker] WARN  segmented.SegmentedRaftLogWorker (SegmentedRaftLogWorker.java:getFromFuture(90)) - Timeout 10/~
org.apache.ratis.protocol.TimeoutIOException: Timeout 10s: WriteLog:12: (t:1, i:12), STATEMACHINELOGENTRY, client-5C9AA7781B6B, cid=22-writeStateMachineData
	at org.apache.ratis.util.IOUtils.getFromFuture(IOUtils.java:87)
	at org.apache.ratis.server.raftlog.segmented.SegmentedRaftLogWorker$StateMachineDataPolicy.getFromFuture(SegmentedRaftLogWorker.java:87)
	at org.apache.ratis.server.raftlog.segmented.SegmentedRaftLogWorker$WriteLog.execute(SegmentedRaftLogWorker.java:477)
	at org.apache.ratis.server.raftlog.segmented.SegmentedRaftLogWorker.run(SegmentedRaftLogWorker.java:289)
	at java.lang.Thread.run(Thread.java:748)
Caused by: java.util.concurrent.TimeoutException
	at java.util.concurrent.CompletableFuture.timedGet(CompletableFuture.java:1771)
	at java.util.concurrent.CompletableFuture.get(CompletableFuture.java:1915)
	at org.apache.ratis.util.IOUtils.getFromFuture(IOUtils.java:79)
	... 4 more
2019-09-17 11:29:12,462 [java.util.concurrent.ThreadPoolExecutor$Worker@49dbf5b8[State = -1, empty queue]] WARN  server.GrpcLogAppender (GrpcLogAppender.java:timeoutAppendRequest(200)) - 6e54f060-cd9d-44cc-b25b-8b76f38102a4@group-20D8F186421C->c0e7c0fa-20c5-4865-93a8-b9416c9f108d-GrpcLogAppender: appendEntries Timeout, request=6e54f060-cd9d-44cc-b25b-8b76f38102a4->c0e7c0fa-20c5-4865-93a8-b9416c9f108d#71-t1, previous=(t:1, i:13), leaderCommit=10, initializing? false, entries: <empty>
2019-09-17 11:29:14,963 [java.util.concurrent.ThreadPoolExecutor$Worker@49dbf5b8[State = -1, empty queue]] WARN  server.GrpcLogAppender (GrpcLogAppender.java:timeoutAppendRequest(200)) - 6e54f060-cd9d-44cc-b25b-8b76f38102a4@group-20D8F186421C->c0e7c0fa-20c5-4865-93a8-b9416c9f108d-GrpcLogAppender: appendEntries Timeout, request=6e54f060-cd9d-44cc-b25b-8b76f38102a4->c0e7c0fa-20c5-4865-93a8-b9416c9f108d#72-t1, previous=(t:1, i:13), leaderCommit=10, initializing? false, entries: <empty>
2019-09-17 11:29:14,968 [grpc-default-executor-4] INFO  client.GrpcClientProtocolClient (GrpcClientProtocolClient.java:onNext(264)) - client-5C9AA7781B6B->332345b2-53e5-4965-b414-3287d6427edd: receive RaftClientReply:client-5C9AA7781B6B->332345b2-53e5-4965-b414-3287d6427edd@group-20D8F186421C, cid=21, FAILED org.apache.ratis.protocol.NotLeaderException: Server 332345b2-53e5-4965-b414-3287d6427edd@group-20D8F186421C is not the leader 6e54f060-cd9d-44cc-b25b-8b76f38102a4:192.168.5.153:46767, logIndex=0, commits[332345b2-53e5-4965-b414-3287d6427edd:c10, 6e54f060-cd9d-44cc-b25b-8b76f38102a4:c10, c0e7c0fa-20c5-4865-93a8-b9416c9f108d:c6]
2019-09-17 11:29:17,464 [java.util.concurrent.ThreadPoolExecutor$Worker@49dbf5b8[State = -1, empty queue]] WARN  server.GrpcLogAppender (GrpcLogAppender.java:timeoutAppendRequest(200)) - 6e54f060-cd9d-44cc-b25b-8b76f38102a4@group-20D8F186421C->c0e7c0fa-20c5-4865-93a8-b9416c9f108d-GrpcLogAppender: appendEntries Timeout, request=6e54f060-cd9d-44cc-b25b-8b76f38102a4->c0e7c0fa-20c5-4865-93a8-b9416c9f108d#73-t1, previous=(t:1, i:13), leaderCommit=10, initializing? false, entries: <empty>
2019-09-17 11:29:19,508 [org.apache.ratis.server.impl.LogAppender$AppenderDaemon$$Lambda$524/1128290472@3263958d] ERROR ratis.XceiverServerRatis (XceiverServerRatis.java:triggerPipelineClose(575)) - pipeline Action CLOSE  on pipeline PipelineID=9338ff2d-8af1-4995-acb2-20d8f186421c.Reason : 6e54f060-cd9d-44cc-b25b-8b76f38102a4 has not seen follower/s c0e7c0fa-20c5-4865-93a8-b9416c9f108d for 120343ms
2019-09-17 11:29:19,654 [EventQueue-PipelineActionsForPipelineActionHandler] ERROR pipeline.PipelineActionHandler (PipelineActionHandler.java:onMessage(60)) - Received pipeline action CLOSE for Pipeline[ Id: 9338ff2d-8af1-4995-acb2-20d8f186421c, Nodes: c0e7c0fa-20c5-4865-93a8-b9416c9f108d{ip: 192.168.5.153, host: pr-hdds-2137-trunk-mnh2s-3748177197, networkLocation: /default-rack, certSerialId: null}6e54f060-cd9d-44cc-b25b-8b76f38102a4{ip: 192.168.5.153, host: pr-hdds-2137-trunk-mnh2s-3748177197, networkLocation: /default-rack, certSerialId: null}332345b2-53e5-4965-b414-3287d6427edd{ip: 192.168.5.153, host: pr-hdds-2137-trunk-mnh2s-3748177197, networkLocation: /default-rack, certSerialId: null}, Type:RATIS, Factor:THREE, State:OPEN] from datanode 6e54f060-cd9d-44cc-b25b-8b76f38102a4{ip: 192.168.5.153, host: pr-hdds-2137-trunk-mnh2s-3748177197, networkLocation: /default-rack, certSerialId: null}. Reason : 6e54f060-cd9d-44cc-b25b-8b76f38102a4 has not seen follower/s c0e7c0fa-20c5-4865-93a8-b9416c9f108d for 120343ms
2019-09-17 11:29:19,655 [EventQueue-PipelineActionsForPipelineActionHandler] INFO  pipeline.SCMPipelineManager (SCMPipelineManager.java:finalizeAndDestroyPipeline(311)) - destroying pipeline:Pipeline[ Id: 9338ff2d-8af1-4995-acb2-20d8f186421c, Nodes: c0e7c0fa-20c5-4865-93a8-b9416c9f108d{ip: 192.168.5.153, host: pr-hdds-2137-trunk-mnh2s-3748177197, networkLocation: /default-rack, certSerialId: null}6e54f060-cd9d-44cc-b25b-8b76f38102a4{ip: 192.168.5.153, host: pr-hdds-2137-trunk-mnh2s-3748177197, networkLocation: /default-rack, certSerialId: null}332345b2-53e5-4965-b414-3287d6427edd{ip: 192.168.5.153, host: pr-hdds-2137-trunk-mnh2s-3748177197, networkLocation: /default-rack, certSerialId: null}, Type:RATIS, Factor:THREE, State:OPEN]
2019-09-17 11:29:19,656 [EventQueue-PipelineActionsForPipelineActionHandler] INFO  pipeline.PipelineStateManager (PipelineStateManager.java:finalizePipeline(123)) - Pipeline Pipeline[ Id: 9338ff2d-8af1-4995-acb2-20d8f186421c, Nodes: c0e7c0fa-20c5-4865-93a8-b9416c9f108d{ip: 192.168.5.153, host: pr-hdds-2137-trunk-mnh2s-3748177197, networkLocation: /default-rack, certSerialId: null}6e54f060-cd9d-44cc-b25b-8b76f38102a4{ip: 192.168.5.153, host: pr-hdds-2137-trunk-mnh2s-3748177197, networkLocation: /default-rack, certSerialId: null}332345b2-53e5-4965-b414-3287d6427edd{ip: 192.168.5.153, host: pr-hdds-2137-trunk-mnh2s-3748177197, networkLocation: /default-rack, certSerialId: null}, Type:RATIS, Factor:THREE, State:CLOSED] moved to CLOSED state
2019-09-17 11:29:19,659 [EventQueue-CloseContainerForCloseContainerEventHandler] INFO  container.CloseContainerEventHandler (CloseContainerEventHandler.java:onMessage(61)) - Close container Event triggered for container : #2
2019-09-17 11:29:19,666 [EventQueue-CloseContainerForCloseContainerEventHandler] INFO  container.CloseContainerEventHandler (CloseContainerEventHandler.java:onMessage(61)) - Close container Event triggered for container : #3
2019-09-17 11:29:19,677 [6e54f060-cd9d-44cc-b25b-8b76f38102a4@group-20D8F186421C-SegmentedRaftLogWorker] WARN  segmented.SegmentedRaftLogWorker (SegmentedRaftLogWorker.java:getFromFuture(90)) - Timeout 11/~
org.apache.ratis.protocol.TimeoutIOException: Timeout 10s: WriteLog:12: (t:1, i:12), STATEMACHINELOGENTRY, client-5C9AA7781B6B, cid=22-writeStateMachineData
	at org.apache.ratis.util.IOUtils.getFromFuture(IOUtils.java:87)
	at org.apache.ratis.server.raftlog.segmented.SegmentedRaftLogWorker$StateMachineDataPolicy.getFromFuture(SegmentedRaftLogWorker.java:87)
	at org.apache.ratis.server.raftlog.segmented.SegmentedRaftLogWorker$WriteLog.execute(SegmentedRaftLogWorker.java:477)
	at org.apache.ratis.server.raftlog.segmented.SegmentedRaftLogWorker.run(SegmentedRaftLogWorker.java:289)
	at java.lang.Thread.run(Thread.java:748)
Caused by: java.util.concurrent.TimeoutException
	at java.util.concurrent.CompletableFuture.timedGet(CompletableFuture.java:1771)
	at java.util.concurrent.CompletableFuture.get(CompletableFuture.java:1915)
	at org.apache.ratis.util.IOUtils.getFromFuture(IOUtils.java:79)
	... 4 more
2019-09-17 11:29:19,965 [java.util.concurrent.ThreadPoolExecutor$Worker@49dbf5b8[State = -1, empty queue]] WARN  server.GrpcLogAppender (GrpcLogAppender.java:timeoutAppendRequest(200)) - 6e54f060-cd9d-44cc-b25b-8b76f38102a4@group-20D8F186421C->c0e7c0fa-20c5-4865-93a8-b9416c9f108d-GrpcLogAppender: appendEntries Timeout, request=6e54f060-cd9d-44cc-b25b-8b76f38102a4->c0e7c0fa-20c5-4865-93a8-b9416c9f108d#74-t1, previous=(t:1, i:13), leaderCommit=10, initializing? false, entries: <empty>
2019-09-17 11:29:19,983 [grpc-default-executor-0] INFO  client.GrpcClientProtocolClient (GrpcClientProtocolClient.java:onNext(264)) - client-5C9AA7781B6B->332345b2-53e5-4965-b414-3287d6427edd: receive RaftClientReply:client-5C9AA7781B6B->332345b2-53e5-4965-b414-3287d6427edd@group-20D8F186421C, cid=21, FAILED org.apache.ratis.protocol.NotLeaderException: Server 332345b2-53e5-4965-b414-3287d6427edd@group-20D8F186421C is not the leader 6e54f060-cd9d-44cc-b25b-8b76f38102a4:192.168.5.153:46767, logIndex=0, commits[332345b2-53e5-4965-b414-3287d6427edd:c10, 6e54f060-cd9d-44cc-b25b-8b76f38102a4:c10, c0e7c0fa-20c5-4865-93a8-b9416c9f108d:c6]
2019-09-17 11:29:20,107 [c0e7c0fa-20c5-4865-93a8-b9416c9f108d@group-20D8F186421C-SegmentedRaftLogWorker] WARN  segmented.SegmentedRaftLogWorker (SegmentedRaftLogWorker.java:getFromFuture(90)) - Timeout 11/~
org.apache.ratis.protocol.TimeoutIOException: Timeout 10s: WriteLog:12: (t:1, i:12), STATEMACHINELOGENTRY, client-5C9AA7781B6B, cid=22-writeStateMachineData
	at org.apache.ratis.util.IOUtils.getFromFuture(IOUtils.java:87)
	at org.apache.ratis.server.raftlog.segmented.SegmentedRaftLogWorker$StateMachineDataPolicy.getFromFuture(SegmentedRaftLogWorker.java:87)
	at org.apache.ratis.server.raftlog.segmented.SegmentedRaftLogWorker$WriteLog.execute(SegmentedRaftLogWorker.java:477)
	at org.apache.ratis.server.raftlog.segmented.SegmentedRaftLogWorker.run(SegmentedRaftLogWorker.java:289)
	at java.lang.Thread.run(Thread.java:748)
Caused by: java.util.concurrent.TimeoutException
	at java.util.concurrent.CompletableFuture.timedGet(CompletableFuture.java:1771)
	at java.util.concurrent.CompletableFuture.get(CompletableFuture.java:1915)
	at org.apache.ratis.util.IOUtils.getFromFuture(IOUtils.java:79)
	... 4 more
2019-09-17 11:29:21,966 [org.apache.ratis.server.impl.LogAppender$AppenderDaemon$$Lambda$524/1128290472@3263958d] ERROR ratis.XceiverServerRatis (XceiverServerRatis.java:triggerPipelineClose(575)) - pipeline Action CLOSE  on pipeline PipelineID=9338ff2d-8af1-4995-acb2-20d8f186421c.Reason : 6e54f060-cd9d-44cc-b25b-8b76f38102a4 has not seen follower/s c0e7c0fa-20c5-4865-93a8-b9416c9f108d for 122819ms
2019-09-17 11:29:22,465 [java.util.concurrent.ThreadPoolExecutor$Worker@49dbf5b8[State = -1, empty queue]] WARN  server.GrpcLogAppender (GrpcLogAppender.java:timeoutAppendRequest(200)) - 6e54f060-cd9d-44cc-b25b-8b76f38102a4@group-20D8F186421C->c0e7c0fa-20c5-4865-93a8-b9416c9f108d-GrpcLogAppender: appendEntries Timeout, request=6e54f060-cd9d-44cc-b25b-8b76f38102a4->c0e7c0fa-20c5-4865-93a8-b9416c9f108d#75-t1, previous=(t:1, i:13), leaderCommit=10, initializing? false, entries: <empty>
2019-09-17 11:29:22,651 [EventQueue-PipelineActionsForPipelineActionHandler] ERROR pipeline.PipelineActionHandler (PipelineActionHandler.java:onMessage(60)) - Received pipeline action CLOSE for Pipeline[ Id: 9338ff2d-8af1-4995-acb2-20d8f186421c, Nodes: c0e7c0fa-20c5-4865-93a8-b9416c9f108d{ip: 192.168.5.153, host: pr-hdds-2137-trunk-mnh2s-3748177197, networkLocation: /default-rack, certSerialId: null}6e54f060-cd9d-44cc-b25b-8b76f38102a4{ip: 192.168.5.153, host: pr-hdds-2137-trunk-mnh2s-3748177197, networkLocation: /default-rack, certSerialId: null}332345b2-53e5-4965-b414-3287d6427edd{ip: 192.168.5.153, host: pr-hdds-2137-trunk-mnh2s-3748177197, networkLocation: /default-rack, certSerialId: null}, Type:RATIS, Factor:THREE, State:CLOSED] from datanode 6e54f060-cd9d-44cc-b25b-8b76f38102a4{ip: 192.168.5.153, host: pr-hdds-2137-trunk-mnh2s-3748177197, networkLocation: /default-rack, certSerialId: null}. Reason : 6e54f060-cd9d-44cc-b25b-8b76f38102a4 has not seen follower/s c0e7c0fa-20c5-4865-93a8-b9416c9f108d for 122819ms
2019-09-17 11:29:22,652 [EventQueue-PipelineActionsForPipelineActionHandler] INFO  pipeline.SCMPipelineManager (SCMPipelineManager.java:finalizeAndDestroyPipeline(311)) - destroying pipeline:Pipeline[ Id: 9338ff2d-8af1-4995-acb2-20d8f186421c, Nodes: c0e7c0fa-20c5-4865-93a8-b9416c9f108d{ip: 192.168.5.153, host: pr-hdds-2137-trunk-mnh2s-3748177197, networkLocation: /default-rack, certSerialId: null}6e54f060-cd9d-44cc-b25b-8b76f38102a4{ip: 192.168.5.153, host: pr-hdds-2137-trunk-mnh2s-3748177197, networkLocation: /default-rack, certSerialId: null}332345b2-53e5-4965-b414-3287d6427edd{ip: 192.168.5.153, host: pr-hdds-2137-trunk-mnh2s-3748177197, networkLocation: /default-rack, certSerialId: null}, Type:RATIS, Factor:THREE, State:CLOSED]
2019-09-17 11:29:22,681 [org.apache.ratis.server.impl.LogAppender$AppenderDaemon$$Lambda$524/1128290472@3263958d] ERROR ratis.XceiverServerRatis (XceiverServerRatis.java:triggerPipelineClose(575)) - pipeline Action CLOSE  on pipeline PipelineID=9338ff2d-8af1-4995-acb2-20d8f186421c.Reason : 6e54f060-cd9d-44cc-b25b-8b76f38102a4 has not seen follower/s c0e7c0fa-20c5-4865-93a8-b9416c9f108d for 123534ms
2019-09-17 11:29:23,679 [EventQueue-PipelineActionsForPipelineActionHandler] ERROR pipeline.PipelineActionHandler (PipelineActionHandler.java:onMessage(60)) - Received pipeline action CLOSE for Pipeline[ Id: 9338ff2d-8af1-4995-acb2-20d8f186421c, Nodes: c0e7c0fa-20c5-4865-93a8-b9416c9f108d{ip: 192.168.5.153, host: pr-hdds-2137-trunk-mnh2s-3748177197, networkLocation: /default-rack, certSerialId: null}6e54f060-cd9d-44cc-b25b-8b76f38102a4{ip: 192.168.5.153, host: pr-hdds-2137-trunk-mnh2s-3748177197, networkLocation: /default-rack, certSerialId: null}332345b2-53e5-4965-b414-3287d6427edd{ip: 192.168.5.153, host: pr-hdds-2137-trunk-mnh2s-3748177197, networkLocation: /default-rack, certSerialId: null}, Type:RATIS, Factor:THREE, State:CLOSED] from datanode 6e54f060-cd9d-44cc-b25b-8b76f38102a4{ip: 192.168.5.153, host: pr-hdds-2137-trunk-mnh2s-3748177197, networkLocation: /default-rack, certSerialId: null}. Reason : 6e54f060-cd9d-44cc-b25b-8b76f38102a4 has not seen follower/s c0e7c0fa-20c5-4865-93a8-b9416c9f108d for 123534ms
2019-09-17 11:29:23,682 [EventQueue-PipelineActionsForPipelineActionHandler] INFO  pipeline.SCMPipelineManager (SCMPipelineManager.java:finalizeAndDestroyPipeline(311)) - destroying pipeline:Pipeline[ Id: 9338ff2d-8af1-4995-acb2-20d8f186421c, Nodes: c0e7c0fa-20c5-4865-93a8-b9416c9f108d{ip: 192.168.5.153, host: pr-hdds-2137-trunk-mnh2s-3748177197, networkLocation: /default-rack, certSerialId: null}6e54f060-cd9d-44cc-b25b-8b76f38102a4{ip: 192.168.5.153, host: pr-hdds-2137-trunk-mnh2s-3748177197, networkLocation: /default-rack, certSerialId: null}332345b2-53e5-4965-b414-3287d6427edd{ip: 192.168.5.153, host: pr-hdds-2137-trunk-mnh2s-3748177197, networkLocation: /default-rack, certSerialId: null}, Type:RATIS, Factor:THREE, State:CLOSED]
2019-09-17 11:29:24,966 [java.util.concurrent.ThreadPoolExecutor$Worker@49dbf5b8[State = -1, empty queue]] WARN  server.GrpcLogAppender (GrpcLogAppender.java:timeoutAppendRequest(200)) - 6e54f060-cd9d-44cc-b25b-8b76f38102a4@group-20D8F186421C->c0e7c0fa-20c5-4865-93a8-b9416c9f108d-GrpcLogAppender: appendEntries Timeout, request=6e54f060-cd9d-44cc-b25b-8b76f38102a4->c0e7c0fa-20c5-4865-93a8-b9416c9f108d#76-t1, previous=(t:1, i:13), leaderCommit=10, initializing? false, entries: <empty>
2019-09-17 11:29:24,997 [grpc-default-executor-4] INFO  client.GrpcClientProtocolClient (GrpcClientProtocolClient.java:onNext(264)) - client-5C9AA7781B6B->332345b2-53e5-4965-b414-3287d6427edd: receive RaftClientReply:client-5C9AA7781B6B->332345b2-53e5-4965-b414-3287d6427edd@group-20D8F186421C, cid=21, FAILED org.apache.ratis.protocol.NotLeaderException: Server 332345b2-53e5-4965-b414-3287d6427edd@group-20D8F186421C is not the leader 6e54f060-cd9d-44cc-b25b-8b76f38102a4:192.168.5.153:46767, logIndex=0, commits[332345b2-53e5-4965-b414-3287d6427edd:c10, 6e54f060-cd9d-44cc-b25b-8b76f38102a4:c10, c0e7c0fa-20c5-4865-93a8-b9416c9f108d:c6]
2019-09-17 11:29:25,182 [org.apache.ratis.server.impl.LogAppender$AppenderDaemon$$Lambda$524/1128290472@3263958d] ERROR ratis.XceiverServerRatis (XceiverServerRatis.java:triggerPipelineClose(575)) - pipeline Action CLOSE  on pipeline PipelineID=9338ff2d-8af1-4995-acb2-20d8f186421c.Reason : 6e54f060-cd9d-44cc-b25b-8b76f38102a4 has not seen follower/s c0e7c0fa-20c5-4865-93a8-b9416c9f108d for 126035ms
2019-09-17 11:29:25,680 [EventQueue-PipelineActionsForPipelineActionHandler] ERROR pipeline.PipelineActionHandler (PipelineActionHandler.java:onMessage(60)) - Received pipeline action CLOSE for Pipeline[ Id: 9338ff2d-8af1-4995-acb2-20d8f186421c, Nodes: c0e7c0fa-20c5-4865-93a8-b9416c9f108d{ip: 192.168.5.153, host: pr-hdds-2137-trunk-mnh2s-3748177197, networkLocation: /default-rack, certSerialId: null}6e54f060-cd9d-44cc-b25b-8b76f38102a4{ip: 192.168.5.153, host: pr-hdds-2137-trunk-mnh2s-3748177197, networkLocation: /default-rack, certSerialId: null}332345b2-53e5-4965-b414-3287d6427edd{ip: 192.168.5.153, host: pr-hdds-2137-trunk-mnh2s-3748177197, networkLocation: /default-rack, certSerialId: null}, Type:RATIS, Factor:THREE, State:CLOSED] from datanode 6e54f060-cd9d-44cc-b25b-8b76f38102a4{ip: 192.168.5.153, host: pr-hdds-2137-trunk-mnh2s-3748177197, networkLocation: /default-rack, certSerialId: null}. Reason : 6e54f060-cd9d-44cc-b25b-8b76f38102a4 has not seen follower/s c0e7c0fa-20c5-4865-93a8-b9416c9f108d for 126035ms
2019-09-17 11:29:25,683 [java.util.concurrent.ThreadPoolExecutor$Worker@49dbf5b8[State = -1, empty queue]] WARN  server.GrpcLogAppender (GrpcLogAppender.java:timeoutAppendRequest(200)) - 6e54f060-cd9d-44cc-b25b-8b76f38102a4@group-20D8F186421C->c0e7c0fa-20c5-4865-93a8-b9416c9f108d-GrpcLogAppender: appendEntries Timeout, request=6e54f060-cd9d-44cc-b25b-8b76f38102a4->c0e7c0fa-20c5-4865-93a8-b9416c9f108d#77-t1, previous=(t:1, i:13), leaderCommit=10, initializing? false, entries: size=1, first=(t:1, i:14), STATEMACHINELOGENTRY, client-33ADF85E1BF4, cid=4
2019-09-17 11:29:25,683 [EventQueue-PipelineActionsForPipelineActionHandler] INFO  pipeline.SCMPipelineManager (SCMPipelineManager.java:finalizeAndDestroyPipeline(311)) - destroying pipeline:Pipeline[ Id: 9338ff2d-8af1-4995-acb2-20d8f186421c, Nodes: c0e7c0fa-20c5-4865-93a8-b9416c9f108d{ip: 192.168.5.153, host: pr-hdds-2137-trunk-mnh2s-3748177197, networkLocation: /default-rack, certSerialId: null}6e54f060-cd9d-44cc-b25b-8b76f38102a4{ip: 192.168.5.153, host: pr-hdds-2137-trunk-mnh2s-3748177197, networkLocation: /default-rack, certSerialId: null}332345b2-53e5-4965-b414-3287d6427edd{ip: 192.168.5.153, host: pr-hdds-2137-trunk-mnh2s-3748177197, networkLocation: /default-rack, certSerialId: null}, Type:RATIS, Factor:THREE, State:CLOSED]
2019-09-17 11:29:27,683 [org.apache.ratis.server.impl.LogAppender$AppenderDaemon$$Lambda$524/1128290472@3263958d] ERROR ratis.XceiverServerRatis (XceiverServerRatis.java:triggerPipelineClose(575)) - pipeline Action CLOSE  on pipeline PipelineID=9338ff2d-8af1-4995-acb2-20d8f186421c.Reason : 6e54f060-cd9d-44cc-b25b-8b76f38102a4 has not seen follower/s c0e7c0fa-20c5-4865-93a8-b9416c9f108d for 128536ms
2019-09-17 11:29:28,182 [java.util.concurrent.ThreadPoolExecutor$Worker@49dbf5b8[State = -1, empty queue]] WARN  server.GrpcLogAppender (GrpcLogAppender.java:timeoutAppendRequest(200)) - 6e54f060-cd9d-44cc-b25b-8b76f38102a4@group-20D8F186421C->c0e7c0fa-20c5-4865-93a8-b9416c9f108d-GrpcLogAppender: appendEntries Timeout, request=6e54f060-cd9d-44cc-b25b-8b76f38102a4->c0e7c0fa-20c5-4865-93a8-b9416c9f108d#78-t1, previous=(t:1, i:14), leaderCommit=10, initializing? false, entries: <empty>
2019-09-17 11:29:28,680 [EventQueue-PipelineActionsForPipelineActionHandler] ERROR pipeline.PipelineActionHandler (PipelineActionHandler.java:onMessage(60)) - Received pipeline action CLOSE for Pipeline[ Id: 9338ff2d-8af1-4995-acb2-20d8f186421c, Nodes: c0e7c0fa-20c5-4865-93a8-b9416c9f108d{ip: 192.168.5.153, host: pr-hdds-2137-trunk-mnh2s-3748177197, networkLocation: /default-rack, certSerialId: null}6e54f060-cd9d-44cc-b25b-8b76f38102a4{ip: 192.168.5.153, host: pr-hdds-2137-trunk-mnh2s-3748177197, networkLocation: /default-rack, certSerialId: null}332345b2-53e5-4965-b414-3287d6427edd{ip: 192.168.5.153, host: pr-hdds-2137-trunk-mnh2s-3748177197, networkLocation: /default-rack, certSerialId: null}, Type:RATIS, Factor:THREE, State:CLOSED] from datanode 6e54f060-cd9d-44cc-b25b-8b76f38102a4{ip: 192.168.5.153, host: pr-hdds-2137-trunk-mnh2s-3748177197, networkLocation: /default-rack, certSerialId: null}. Reason : 6e54f060-cd9d-44cc-b25b-8b76f38102a4 has not seen follower/s c0e7c0fa-20c5-4865-93a8-b9416c9f108d for 128536ms
2019-09-17 11:29:28,681 [EventQueue-PipelineActionsForPipelineActionHandler] INFO  pipeline.SCMPipelineManager (SCMPipelineManager.java:finalizeAndDestroyPipeline(311)) - destroying pipeline:Pipeline[ Id: 9338ff2d-8af1-4995-acb2-20d8f186421c, Nodes: c0e7c0fa-20c5-4865-93a8-b9416c9f108d{ip: 192.168.5.153, host: pr-hdds-2137-trunk-mnh2s-3748177197, networkLocation: /default-rack, certSerialId: null}6e54f060-cd9d-44cc-b25b-8b76f38102a4{ip: 192.168.5.153, host: pr-hdds-2137-trunk-mnh2s-3748177197, networkLocation: /default-rack, certSerialId: null}332345b2-53e5-4965-b414-3287d6427edd{ip: 192.168.5.153, host: pr-hdds-2137-trunk-mnh2s-3748177197, networkLocation: /default-rack, certSerialId: null}, Type:RATIS, Factor:THREE, State:CLOSED]
2019-09-17 11:29:29,680 [6e54f060-cd9d-44cc-b25b-8b76f38102a4@group-20D8F186421C-SegmentedRaftLogWorker] WARN  segmented.SegmentedRaftLogWorker (SegmentedRaftLogWorker.java:getFromFuture(90)) - Timeout 12/~
org.apache.ratis.protocol.TimeoutIOException: Timeout 10s: WriteLog:12: (t:1, i:12), STATEMACHINELOGENTRY, client-5C9AA7781B6B, cid=22-writeStateMachineData
	at org.apache.ratis.util.IOUtils.getFromFuture(IOUtils.java:87)
	at org.apache.ratis.server.raftlog.segmented.SegmentedRaftLogWorker$StateMachineDataPolicy.getFromFuture(SegmentedRaftLogWorker.java:87)
	at org.apache.ratis.server.raftlog.segmented.SegmentedRaftLogWorker$WriteLog.execute(SegmentedRaftLogWorker.java:477)
	at org.apache.ratis.server.raftlog.segmented.SegmentedRaftLogWorker.run(SegmentedRaftLogWorker.java:289)
	at java.lang.Thread.run(Thread.java:748)
Caused by: java.util.concurrent.TimeoutException
	at java.util.concurrent.CompletableFuture.timedGet(CompletableFuture.java:1771)
	at java.util.concurrent.CompletableFuture.get(CompletableFuture.java:1915)
	at org.apache.ratis.util.IOUtils.getFromFuture(IOUtils.java:79)
	... 4 more
2019-09-17 11:29:30,015 [grpc-default-executor-0] INFO  client.GrpcClientProtocolClient (GrpcClientProtocolClient.java:onNext(264)) - client-5C9AA7781B6B->332345b2-53e5-4965-b414-3287d6427edd: receive RaftClientReply:client-5C9AA7781B6B->332345b2-53e5-4965-b414-3287d6427edd@group-20D8F186421C, cid=21, FAILED org.apache.ratis.protocol.NotLeaderException: Server 332345b2-53e5-4965-b414-3287d6427edd@group-20D8F186421C is not the leader 6e54f060-cd9d-44cc-b25b-8b76f38102a4:192.168.5.153:46767, logIndex=0, commits[332345b2-53e5-4965-b414-3287d6427edd:c10, 6e54f060-cd9d-44cc-b25b-8b76f38102a4:c10, c0e7c0fa-20c5-4865-93a8-b9416c9f108d:c6]
2019-09-17 11:29:30,108 [c0e7c0fa-20c5-4865-93a8-b9416c9f108d@group-20D8F186421C-SegmentedRaftLogWorker] WARN  segmented.SegmentedRaftLogWorker (SegmentedRaftLogWorker.java:getFromFuture(90)) - Timeout 12/~
org.apache.ratis.protocol.TimeoutIOException: Timeout 10s: WriteLog:12: (t:1, i:12), STATEMACHINELOGENTRY, client-5C9AA7781B6B, cid=22-writeStateMachineData
	at org.apache.ratis.util.IOUtils.getFromFuture(IOUtils.java:87)
	at org.apache.ratis.server.raftlog.segmented.SegmentedRaftLogWorker$StateMachineDataPolicy.getFromFuture(SegmentedRaftLogWorker.java:87)
	at org.apache.ratis.server.raftlog.segmented.SegmentedRaftLogWorker$WriteLog.execute(SegmentedRaftLogWorker.java:477)
	at org.apache.ratis.server.raftlog.segmented.SegmentedRaftLogWorker.run(SegmentedRaftLogWorker.java:289)
	at java.lang.Thread.run(Thread.java:748)
Caused by: java.util.concurrent.TimeoutException
	at java.util.concurrent.CompletableFuture.timedGet(CompletableFuture.java:1771)
	at java.util.concurrent.CompletableFuture.get(CompletableFuture.java:1915)
	at org.apache.ratis.util.IOUtils.getFromFuture(IOUtils.java:79)
	... 4 more
2019-09-17 11:29:30,184 [org.apache.ratis.server.impl.LogAppender$AppenderDaemon$$Lambda$524/1128290472@3263958d] ERROR ratis.XceiverServerRatis (XceiverServerRatis.java:triggerPipelineClose(575)) - pipeline Action CLOSE  on pipeline PipelineID=9338ff2d-8af1-4995-acb2-20d8f186421c.Reason : 6e54f060-cd9d-44cc-b25b-8b76f38102a4 has not seen follower/s c0e7c0fa-20c5-4865-93a8-b9416c9f108d for 131037ms
2019-09-17 11:29:30,680 [EventQueue-PipelineActionsForPipelineActionHandler] ERROR pipeline.PipelineActionHandler (PipelineActionHandler.java:onMessage(60)) - Received pipeline action CLOSE for Pipeline[ Id: 9338ff2d-8af1-4995-acb2-20d8f186421c, Nodes: c0e7c0fa-20c5-4865-93a8-b9416c9f108d{ip: 192.168.5.153, host: pr-hdds-2137-trunk-mnh2s-3748177197, networkLocation: /default-rack, certSerialId: null}6e54f060-cd9d-44cc-b25b-8b76f38102a4{ip: 192.168.5.153, host: pr-hdds-2137-trunk-mnh2s-3748177197, networkLocation: /default-rack, certSerialId: null}332345b2-53e5-4965-b414-3287d6427edd{ip: 192.168.5.153, host: pr-hdds-2137-trunk-mnh2s-3748177197, networkLocation: /default-rack, certSerialId: null}, Type:RATIS, Factor:THREE, State:CLOSED] from datanode 6e54f060-cd9d-44cc-b25b-8b76f38102a4{ip: 192.168.5.153, host: pr-hdds-2137-trunk-mnh2s-3748177197, networkLocation: /default-rack, certSerialId: null}. Reason : 6e54f060-cd9d-44cc-b25b-8b76f38102a4 has not seen follower/s c0e7c0fa-20c5-4865-93a8-b9416c9f108d for 131037ms
2019-09-17 11:29:30,680 [EventQueue-PipelineActionsForPipelineActionHandler] INFO  pipeline.SCMPipelineManager (SCMPipelineManager.java:finalizeAndDestroyPipeline(311)) - destroying pipeline:Pipeline[ Id: 9338ff2d-8af1-4995-acb2-20d8f186421c, Nodes: c0e7c0fa-20c5-4865-93a8-b9416c9f108d{ip: 192.168.5.153, host: pr-hdds-2137-trunk-mnh2s-3748177197, networkLocation: /default-rack, certSerialId: null}6e54f060-cd9d-44cc-b25b-8b76f38102a4{ip: 192.168.5.153, host: pr-hdds-2137-trunk-mnh2s-3748177197, networkLocation: /default-rack, certSerialId: null}332345b2-53e5-4965-b414-3287d6427edd{ip: 192.168.5.153, host: pr-hdds-2137-trunk-mnh2s-3748177197, networkLocation: /default-rack, certSerialId: null}, Type:RATIS, Factor:THREE, State:CLOSED]
2019-09-17 11:29:30,683 [java.util.concurrent.ThreadPoolExecutor$Worker@49dbf5b8[State = -1, empty queue]] WARN  server.GrpcLogAppender (GrpcLogAppender.java:timeoutAppendRequest(200)) - 6e54f060-cd9d-44cc-b25b-8b76f38102a4@group-20D8F186421C->c0e7c0fa-20c5-4865-93a8-b9416c9f108d-GrpcLogAppender: appendEntries Timeout, request=6e54f060-cd9d-44cc-b25b-8b76f38102a4->c0e7c0fa-20c5-4865-93a8-b9416c9f108d#79-t1, previous=(t:1, i:14), leaderCommit=10, initializing? false, entries: <empty>
2019-09-17 11:29:32,685 [org.apache.ratis.server.impl.LogAppender$AppenderDaemon$$Lambda$524/1128290472@3263958d] ERROR ratis.XceiverServerRatis (XceiverServerRatis.java:triggerPipelineClose(575)) - pipeline Action CLOSE  on pipeline PipelineID=9338ff2d-8af1-4995-acb2-20d8f186421c.Reason : 6e54f060-cd9d-44cc-b25b-8b76f38102a4 has not seen follower/s c0e7c0fa-20c5-4865-93a8-b9416c9f108d for 133538ms
2019-09-17 11:29:33,184 [java.util.concurrent.ThreadPoolExecutor$Worker@49dbf5b8[State = -1, empty queue]] WARN  server.GrpcLogAppender (GrpcLogAppender.java:timeoutAppendRequest(200)) - 6e54f060-cd9d-44cc-b25b-8b76f38102a4@group-20D8F186421C->c0e7c0fa-20c5-4865-93a8-b9416c9f108d-GrpcLogAppender: appendEntries Timeout, request=6e54f060-cd9d-44cc-b25b-8b76f38102a4->c0e7c0fa-20c5-4865-93a8-b9416c9f108d#80-t1, previous=(t:1, i:14), leaderCommit=10, initializing? false, entries: <empty>
2019-09-17 11:29:33,682 [EventQueue-PipelineActionsForPipelineActionHandler] ERROR pipeline.PipelineActionHandler (PipelineActionHandler.java:onMessage(60)) - Received pipeline action CLOSE for Pipeline[ Id: 9338ff2d-8af1-4995-acb2-20d8f186421c, Nodes: c0e7c0fa-20c5-4865-93a8-b9416c9f108d{ip: 192.168.5.153, host: pr-hdds-2137-trunk-mnh2s-3748177197, networkLocation: /default-rack, certSerialId: null}6e54f060-cd9d-44cc-b25b-8b76f38102a4{ip: 192.168.5.153, host: pr-hdds-2137-trunk-mnh2s-3748177197, networkLocation: /default-rack, certSerialId: null}332345b2-53e5-4965-b414-3287d6427edd{ip: 192.168.5.153, host: pr-hdds-2137-trunk-mnh2s-3748177197, networkLocation: /default-rack, certSerialId: null}, Type:RATIS, Factor:THREE, State:CLOSED] from datanode 6e54f060-cd9d-44cc-b25b-8b76f38102a4{ip: 192.168.5.153, host: pr-hdds-2137-trunk-mnh2s-3748177197, networkLocation: /default-rack, certSerialId: null}. Reason : 6e54f060-cd9d-44cc-b25b-8b76f38102a4 has not seen follower/s c0e7c0fa-20c5-4865-93a8-b9416c9f108d for 133538ms
2019-09-17 11:29:33,682 [EventQueue-PipelineActionsForPipelineActionHandler] INFO  pipeline.SCMPipelineManager (SCMPipelineManager.java:finalizeAndDestroyPipeline(311)) - destroying pipeline:Pipeline[ Id: 9338ff2d-8af1-4995-acb2-20d8f186421c, Nodes: c0e7c0fa-20c5-4865-93a8-b9416c9f108d{ip: 192.168.5.153, host: pr-hdds-2137-trunk-mnh2s-3748177197, networkLocation: /default-rack, certSerialId: null}6e54f060-cd9d-44cc-b25b-8b76f38102a4{ip: 192.168.5.153, host: pr-hdds-2137-trunk-mnh2s-3748177197, networkLocation: /default-rack, certSerialId: null}332345b2-53e5-4965-b414-3287d6427edd{ip: 192.168.5.153, host: pr-hdds-2137-trunk-mnh2s-3748177197, networkLocation: /default-rack, certSerialId: null}, Type:RATIS, Factor:THREE, State:CLOSED]
2019-09-17 11:29:35,029 [grpc-default-executor-0] INFO  client.GrpcClientProtocolClient (GrpcClientProtocolClient.java:onNext(264)) - client-5C9AA7781B6B->c0e7c0fa-20c5-4865-93a8-b9416c9f108d: receive RaftClientReply:client-5C9AA7781B6B->c0e7c0fa-20c5-4865-93a8-b9416c9f108d@group-20D8F186421C, cid=21, FAILED org.apache.ratis.protocol.NotLeaderException: Server c0e7c0fa-20c5-4865-93a8-b9416c9f108d@group-20D8F186421C is not the leader 6e54f060-cd9d-44cc-b25b-8b76f38102a4:192.168.5.153:46767, logIndex=0, commits[c0e7c0fa-20c5-4865-93a8-b9416c9f108d:c10, 6e54f060-cd9d-44cc-b25b-8b76f38102a4:c10, 332345b2-53e5-4965-b414-3287d6427edd:c10]
2019-09-17 11:29:35,186 [org.apache.ratis.server.impl.LogAppender$AppenderDaemon$$Lambda$524/1128290472@3263958d] ERROR ratis.XceiverServerRatis (XceiverServerRatis.java:triggerPipelineClose(575)) - pipeline Action CLOSE  on pipeline PipelineID=9338ff2d-8af1-4995-acb2-20d8f186421c.Reason : 6e54f060-cd9d-44cc-b25b-8b76f38102a4 has not seen follower/s c0e7c0fa-20c5-4865-93a8-b9416c9f108d for 136039ms
2019-09-17 11:29:35,682 [EventQueue-PipelineActionsForPipelineActionHandler] ERROR pipeline.PipelineActionHandler (PipelineActionHandler.java:onMessage(60)) - Received pipeline action CLOSE for Pipeline[ Id: 9338ff2d-8af1-4995-acb2-20d8f186421c, Nodes: c0e7c0fa-20c5-4865-93a8-b9416c9f108d{ip: 192.168.5.153, host: pr-hdds-2137-trunk-mnh2s-3748177197, networkLocation: /default-rack, certSerialId: null}6e54f060-cd9d-44cc-b25b-8b76f38102a4{ip: 192.168.5.153, host: pr-hdds-2137-trunk-mnh2s-3748177197, networkLocation: /default-rack, certSerialId: null}332345b2-53e5-4965-b414-3287d6427edd{ip: 192.168.5.153, host: pr-hdds-2137-trunk-mnh2s-3748177197, networkLocation: /default-rack, certSerialId: null}, Type:RATIS, Factor:THREE, State:CLOSED] from datanode 6e54f060-cd9d-44cc-b25b-8b76f38102a4{ip: 192.168.5.153, host: pr-hdds-2137-trunk-mnh2s-3748177197, networkLocation: /default-rack, certSerialId: null}. Reason : 6e54f060-cd9d-44cc-b25b-8b76f38102a4 has not seen follower/s c0e7c0fa-20c5-4865-93a8-b9416c9f108d for 136039ms
2019-09-17 11:29:35,685 [EventQueue-PipelineActionsForPipelineActionHandler] INFO  pipeline.SCMPipelineManager (SCMPipelineManager.java:finalizeAndDestroyPipeline(311)) - destroying pipeline:Pipeline[ Id: 9338ff2d-8af1-4995-acb2-20d8f186421c, Nodes: c0e7c0fa-20c5-4865-93a8-b9416c9f108d{ip: 192.168.5.153, host: pr-hdds-2137-trunk-mnh2s-3748177197, networkLocation: /default-rack, certSerialId: null}6e54f060-cd9d-44cc-b25b-8b76f38102a4{ip: 192.168.5.153, host: pr-hdds-2137-trunk-mnh2s-3748177197, networkLocation: /default-rack, certSerialId: null}332345b2-53e5-4965-b414-3287d6427edd{ip: 192.168.5.153, host: pr-hdds-2137-trunk-mnh2s-3748177197, networkLocation: /default-rack, certSerialId: null}, Type:RATIS, Factor:THREE, State:CLOSED]
2019-09-17 11:29:35,685 [java.util.concurrent.ThreadPoolExecutor$Worker@49dbf5b8[State = -1, empty queue]] WARN  server.GrpcLogAppender (GrpcLogAppender.java:timeoutAppendRequest(200)) - 6e54f060-cd9d-44cc-b25b-8b76f38102a4@group-20D8F186421C->c0e7c0fa-20c5-4865-93a8-b9416c9f108d-GrpcLogAppender: appendEntries Timeout, request=6e54f060-cd9d-44cc-b25b-8b76f38102a4->c0e7c0fa-20c5-4865-93a8-b9416c9f108d#81-t1, previous=(t:1, i:14), leaderCommit=10, initializing? false, entries: <empty>
2019-09-17 11:29:37,687 [org.apache.ratis.server.impl.LogAppender$AppenderDaemon$$Lambda$524/1128290472@3263958d] ERROR ratis.XceiverServerRatis (XceiverServerRatis.java:triggerPipelineClose(575)) - pipeline Action CLOSE  on pipeline PipelineID=9338ff2d-8af1-4995-acb2-20d8f186421c.Reason : 6e54f060-cd9d-44cc-b25b-8b76f38102a4 has not seen follower/s c0e7c0fa-20c5-4865-93a8-b9416c9f108d for 138540ms
2019-09-17 11:29:38,186 [java.util.concurrent.ThreadPoolExecutor$Worker@49dbf5b8[State = -1, empty queue]] WARN  server.GrpcLogAppender (GrpcLogAppender.java:timeoutAppendRequest(200)) - 6e54f060-cd9d-44cc-b25b-8b76f38102a4@group-20D8F186421C->c0e7c0fa-20c5-4865-93a8-b9416c9f108d-GrpcLogAppender: appendEntries Timeout, request=6e54f060-cd9d-44cc-b25b-8b76f38102a4->c0e7c0fa-20c5-4865-93a8-b9416c9f108d#82-t1, previous=(t:1, i:14), leaderCommit=10, initializing? false, entries: <empty>
2019-09-17 11:29:38,683 [EventQueue-PipelineActionsForPipelineActionHandler] ERROR pipeline.PipelineActionHandler (PipelineActionHandler.java:onMessage(60)) - Received pipeline action CLOSE for Pipeline[ Id: 9338ff2d-8af1-4995-acb2-20d8f186421c, Nodes: c0e7c0fa-20c5-4865-93a8-b9416c9f108d{ip: 192.168.5.153, host: pr-hdds-2137-trunk-mnh2s-3748177197, networkLocation: /default-rack, certSerialId: null}6e54f060-cd9d-44cc-b25b-8b76f38102a4{ip: 192.168.5.153, host: pr-hdds-2137-trunk-mnh2s-3748177197, networkLocation: /default-rack, certSerialId: null}332345b2-53e5-4965-b414-3287d6427edd{ip: 192.168.5.153, host: pr-hdds-2137-trunk-mnh2s-3748177197, networkLocation: /default-rack, certSerialId: null}, Type:RATIS, Factor:THREE, State:CLOSED] from datanode 6e54f060-cd9d-44cc-b25b-8b76f38102a4{ip: 192.168.5.153, host: pr-hdds-2137-trunk-mnh2s-3748177197, networkLocation: /default-rack, certSerialId: null}. Reason : 6e54f060-cd9d-44cc-b25b-8b76f38102a4 has not seen follower/s c0e7c0fa-20c5-4865-93a8-b9416c9f108d for 138540ms
2019-09-17 11:29:38,683 [EventQueue-PipelineActionsForPipelineActionHandler] INFO  pipeline.SCMPipelineManager (SCMPipelineManager.java:finalizeAndDestroyPipeline(311)) - destroying pipeline:Pipeline[ Id: 9338ff2d-8af1-4995-acb2-20d8f186421c, Nodes: c0e7c0fa-20c5-4865-93a8-b9416c9f108d{ip: 192.168.5.153, host: pr-hdds-2137-trunk-mnh2s-3748177197, networkLocation: /default-rack, certSerialId: null}6e54f060-cd9d-44cc-b25b-8b76f38102a4{ip: 192.168.5.153, host: pr-hdds-2137-trunk-mnh2s-3748177197, networkLocation: /default-rack, certSerialId: null}332345b2-53e5-4965-b414-3287d6427edd{ip: 192.168.5.153, host: pr-hdds-2137-trunk-mnh2s-3748177197, networkLocation: /default-rack, certSerialId: null}, Type:RATIS, Factor:THREE, State:CLOSED]
2019-09-17 11:29:39,684 [6e54f060-cd9d-44cc-b25b-8b76f38102a4@group-20D8F186421C-SegmentedRaftLogWorker] WARN  segmented.SegmentedRaftLogWorker (SegmentedRaftLogWorker.java:getFromFuture(90)) - Timeout 13/~
org.apache.ratis.protocol.TimeoutIOException: Timeout 10s: WriteLog:12: (t:1, i:12), STATEMACHINELOGENTRY, client-5C9AA7781B6B, cid=22-writeStateMachineData
	at org.apache.ratis.util.IOUtils.getFromFuture(IOUtils.java:87)
	at org.apache.ratis.server.raftlog.segmented.SegmentedRaftLogWorker$StateMachineDataPolicy.getFromFuture(SegmentedRaftLogWorker.java:87)
	at org.apache.ratis.server.raftlog.segmented.SegmentedRaftLogWorker$WriteLog.execute(SegmentedRaftLogWorker.java:477)
	at org.apache.ratis.server.raftlog.segmented.SegmentedRaftLogWorker.run(SegmentedRaftLogWorker.java:289)
	at java.lang.Thread.run(Thread.java:748)
Caused by: java.util.concurrent.TimeoutException
	at java.util.concurrent.CompletableFuture.timedGet(CompletableFuture.java:1771)
	at java.util.concurrent.CompletableFuture.get(CompletableFuture.java:1915)
	at org.apache.ratis.util.IOUtils.getFromFuture(IOUtils.java:79)
	... 4 more
2019-09-17 11:29:40,050 [grpc-default-executor-4] INFO  client.GrpcClientProtocolClient (GrpcClientProtocolClient.java:onNext(264)) - client-5C9AA7781B6B->332345b2-53e5-4965-b414-3287d6427edd: receive RaftClientReply:client-5C9AA7781B6B->332345b2-53e5-4965-b414-3287d6427edd@group-20D8F186421C, cid=21, FAILED org.apache.ratis.protocol.NotLeaderException: Server 332345b2-53e5-4965-b414-3287d6427edd@group-20D8F186421C is not the leader 6e54f060-cd9d-44cc-b25b-8b76f38102a4:192.168.5.153:46767, logIndex=0, commits[332345b2-53e5-4965-b414-3287d6427edd:c10, 6e54f060-cd9d-44cc-b25b-8b76f38102a4:c10, c0e7c0fa-20c5-4865-93a8-b9416c9f108d:c6]
2019-09-17 11:29:40,109 [c0e7c0fa-20c5-4865-93a8-b9416c9f108d@group-20D8F186421C-SegmentedRaftLogWorker] WARN  segmented.SegmentedRaftLogWorker (SegmentedRaftLogWorker.java:getFromFuture(90)) - Timeout 13/~
org.apache.ratis.protocol.TimeoutIOException: Timeout 10s: WriteLog:12: (t:1, i:12), STATEMACHINELOGENTRY, client-5C9AA7781B6B, cid=22-writeStateMachineData
	at org.apache.ratis.util.IOUtils.getFromFuture(IOUtils.java:87)
	at org.apache.ratis.server.raftlog.segmented.SegmentedRaftLogWorker$StateMachineDataPolicy.getFromFuture(SegmentedRaftLogWorker.java:87)
	at org.apache.ratis.server.raftlog.segmented.SegmentedRaftLogWorker$WriteLog.execute(SegmentedRaftLogWorker.java:477)
	at org.apache.ratis.server.raftlog.segmented.SegmentedRaftLogWorker.run(SegmentedRaftLogWorker.java:289)
	at java.lang.Thread.run(Thread.java:748)
Caused by: java.util.concurrent.TimeoutException
	at java.util.concurrent.CompletableFuture.timedGet(CompletableFuture.java:1771)
	at java.util.concurrent.CompletableFuture.get(CompletableFuture.java:1915)
	at org.apache.ratis.util.IOUtils.getFromFuture(IOUtils.java:79)
	... 4 more
2019-09-17 11:29:40,188 [org.apache.ratis.server.impl.LogAppender$AppenderDaemon$$Lambda$524/1128290472@3263958d] ERROR ratis.XceiverServerRatis (XceiverServerRatis.java:triggerPipelineClose(575)) - pipeline Action CLOSE  on pipeline PipelineID=9338ff2d-8af1-4995-acb2-20d8f186421c.Reason : 6e54f060-cd9d-44cc-b25b-8b76f38102a4 has not seen follower/s c0e7c0fa-20c5-4865-93a8-b9416c9f108d for 141041ms
2019-09-17 11:29:40,683 [EventQueue-PipelineActionsForPipelineActionHandler] ERROR pipeline.PipelineActionHandler (PipelineActionHandler.java:onMessage(60)) - Received pipeline action CLOSE for Pipeline[ Id: 9338ff2d-8af1-4995-acb2-20d8f186421c, Nodes: c0e7c0fa-20c5-4865-93a8-b9416c9f108d{ip: 192.168.5.153, host: pr-hdds-2137-trunk-mnh2s-3748177197, networkLocation: /default-rack, certSerialId: null}6e54f060-cd9d-44cc-b25b-8b76f38102a4{ip: 192.168.5.153, host: pr-hdds-2137-trunk-mnh2s-3748177197, networkLocation: /default-rack, certSerialId: null}332345b2-53e5-4965-b414-3287d6427edd{ip: 192.168.5.153, host: pr-hdds-2137-trunk-mnh2s-3748177197, networkLocation: /default-rack, certSerialId: null}, Type:RATIS, Factor:THREE, State:CLOSED] from datanode 6e54f060-cd9d-44cc-b25b-8b76f38102a4{ip: 192.168.5.153, host: pr-hdds-2137-trunk-mnh2s-3748177197, networkLocation: /default-rack, certSerialId: null}. Reason : 6e54f060-cd9d-44cc-b25b-8b76f38102a4 has not seen follower/s c0e7c0fa-20c5-4865-93a8-b9416c9f108d for 141041ms
2019-09-17 11:29:40,683 [EventQueue-PipelineActionsForPipelineActionHandler] INFO  pipeline.SCMPipelineManager (SCMPipelineManager.java:finalizeAndDestroyPipeline(311)) - destroying pipeline:Pipeline[ Id: 9338ff2d-8af1-4995-acb2-20d8f186421c, Nodes: c0e7c0fa-20c5-4865-93a8-b9416c9f108d{ip: 192.168.5.153, host: pr-hdds-2137-trunk-mnh2s-3748177197, networkLocation: /default-rack, certSerialId: null}6e54f060-cd9d-44cc-b25b-8b76f38102a4{ip: 192.168.5.153, host: pr-hdds-2137-trunk-mnh2s-3748177197, networkLocation: /default-rack, certSerialId: null}332345b2-53e5-4965-b414-3287d6427edd{ip: 192.168.5.153, host: pr-hdds-2137-trunk-mnh2s-3748177197, networkLocation: /default-rack, certSerialId: null}, Type:RATIS, Factor:THREE, State:CLOSED]
2019-09-17 11:29:40,687 [java.util.concurrent.ThreadPoolExecutor$Worker@49dbf5b8[State = -1, empty queue]] WARN  server.GrpcLogAppender (GrpcLogAppender.java:timeoutAppendRequest(200)) - 6e54f060-cd9d-44cc-b25b-8b76f38102a4@group-20D8F186421C->c0e7c0fa-20c5-4865-93a8-b9416c9f108d-GrpcLogAppender: appendEntries Timeout, request=6e54f060-cd9d-44cc-b25b-8b76f38102a4->c0e7c0fa-20c5-4865-93a8-b9416c9f108d#83-t1, previous=(t:1, i:14), leaderCommit=10, initializing? false, entries: <empty>
2019-09-17 11:29:42,690 [org.apache.ratis.server.impl.LogAppender$AppenderDaemon$$Lambda$524/1128290472@3263958d] ERROR ratis.XceiverServerRatis (XceiverServerRatis.java:triggerPipelineClose(575)) - pipeline Action CLOSE  on pipeline PipelineID=9338ff2d-8af1-4995-acb2-20d8f186421c.Reason : 6e54f060-cd9d-44cc-b25b-8b76f38102a4 has not seen follower/s c0e7c0fa-20c5-4865-93a8-b9416c9f108d for 143543ms
2019-09-17 11:29:43,188 [java.util.concurrent.ThreadPoolExecutor$Worker@49dbf5b8[State = -1, empty queue]] WARN  server.GrpcLogAppender (GrpcLogAppender.java:timeoutAppendRequest(200)) - 6e54f060-cd9d-44cc-b25b-8b76f38102a4@group-20D8F186421C->c0e7c0fa-20c5-4865-93a8-b9416c9f108d-GrpcLogAppender: appendEntries Timeout, request=6e54f060-cd9d-44cc-b25b-8b76f38102a4->c0e7c0fa-20c5-4865-93a8-b9416c9f108d#84-t1, previous=(t:1, i:14), leaderCommit=10, initializing? false, entries: <empty>
2019-09-17 11:29:43,684 [EventQueue-PipelineActionsForPipelineActionHandler] ERROR pipeline.PipelineActionHandler (PipelineActionHandler.java:onMessage(60)) - Received pipeline action CLOSE for Pipeline[ Id: 9338ff2d-8af1-4995-acb2-20d8f186421c, Nodes: c0e7c0fa-20c5-4865-93a8-b9416c9f108d{ip: 192.168.5.153, host: pr-hdds-2137-trunk-mnh2s-3748177197, networkLocation: /default-rack, certSerialId: null}6e54f060-cd9d-44cc-b25b-8b76f38102a4{ip: 192.168.5.153, host: pr-hdds-2137-trunk-mnh2s-3748177197, networkLocation: /default-rack, certSerialId: null}332345b2-53e5-4965-b414-3287d6427edd{ip: 192.168.5.153, host: pr-hdds-2137-trunk-mnh2s-3748177197, networkLocation: /default-rack, certSerialId: null}, Type:RATIS, Factor:THREE, State:CLOSED] from datanode 6e54f060-cd9d-44cc-b25b-8b76f38102a4{ip: 192.168.5.153, host: pr-hdds-2137-trunk-mnh2s-3748177197, networkLocation: /default-rack, certSerialId: null}. Reason : 6e54f060-cd9d-44cc-b25b-8b76f38102a4 has not seen follower/s c0e7c0fa-20c5-4865-93a8-b9416c9f108d for 143543ms
2019-09-17 11:29:43,685 [EventQueue-PipelineActionsForPipelineActionHandler] INFO  pipeline.SCMPipelineManager (SCMPipelineManager.java:finalizeAndDestroyPipeline(311)) - destroying pipeline:Pipeline[ Id: 9338ff2d-8af1-4995-acb2-20d8f186421c, Nodes: c0e7c0fa-20c5-4865-93a8-b9416c9f108d{ip: 192.168.5.153, host: pr-hdds-2137-trunk-mnh2s-3748177197, networkLocation: /default-rack, certSerialId: null}6e54f060-cd9d-44cc-b25b-8b76f38102a4{ip: 192.168.5.153, host: pr-hdds-2137-trunk-mnh2s-3748177197, networkLocation: /default-rack, certSerialId: null}332345b2-53e5-4965-b414-3287d6427edd{ip: 192.168.5.153, host: pr-hdds-2137-trunk-mnh2s-3748177197, networkLocation: /default-rack, certSerialId: null}, Type:RATIS, Factor:THREE, State:CLOSED]
2019-09-17 11:29:45,073 [grpc-default-executor-4] INFO  client.GrpcClientProtocolClient (GrpcClientProtocolClient.java:onNext(264)) - client-5C9AA7781B6B->c0e7c0fa-20c5-4865-93a8-b9416c9f108d: receive RaftClientReply:client-5C9AA7781B6B->c0e7c0fa-20c5-4865-93a8-b9416c9f108d@group-20D8F186421C, cid=21, FAILED org.apache.ratis.protocol.NotLeaderException: Server c0e7c0fa-20c5-4865-93a8-b9416c9f108d@group-20D8F186421C is not the leader 6e54f060-cd9d-44cc-b25b-8b76f38102a4:192.168.5.153:46767, logIndex=0, commits[c0e7c0fa-20c5-4865-93a8-b9416c9f108d:c10, 6e54f060-cd9d-44cc-b25b-8b76f38102a4:c10, 332345b2-53e5-4965-b414-3287d6427edd:c10]
2019-09-17 11:29:45,191 [org.apache.ratis.server.impl.LogAppender$AppenderDaemon$$Lambda$524/1128290472@3263958d] ERROR ratis.XceiverServerRatis (XceiverServerRatis.java:triggerPipelineClose(575)) - pipeline Action CLOSE  on pipeline PipelineID=9338ff2d-8af1-4995-acb2-20d8f186421c.Reason : 6e54f060-cd9d-44cc-b25b-8b76f38102a4 has not seen follower/s c0e7c0fa-20c5-4865-93a8-b9416c9f108d for 146044ms
2019-09-17 11:29:45,683 [EventQueue-PipelineActionsForPipelineActionHandler] ERROR pipeline.PipelineActionHandler (PipelineActionHandler.java:onMessage(60)) - Received pipeline action CLOSE for Pipeline[ Id: 9338ff2d-8af1-4995-acb2-20d8f186421c, Nodes: c0e7c0fa-20c5-4865-93a8-b9416c9f108d{ip: 192.168.5.153, host: pr-hdds-2137-trunk-mnh2s-3748177197, networkLocation: /default-rack, certSerialId: null}6e54f060-cd9d-44cc-b25b-8b76f38102a4{ip: 192.168.5.153, host: pr-hdds-2137-trunk-mnh2s-3748177197, networkLocation: /default-rack, certSerialId: null}332345b2-53e5-4965-b414-3287d6427edd{ip: 192.168.5.153, host: pr-hdds-2137-trunk-mnh2s-3748177197, networkLocation: /default-rack, certSerialId: null}, Type:RATIS, Factor:THREE, State:CLOSED] from datanode 6e54f060-cd9d-44cc-b25b-8b76f38102a4{ip: 192.168.5.153, host: pr-hdds-2137-trunk-mnh2s-3748177197, networkLocation: /default-rack, certSerialId: null}. Reason : 6e54f060-cd9d-44cc-b25b-8b76f38102a4 has not seen follower/s c0e7c0fa-20c5-4865-93a8-b9416c9f108d for 146044ms
2019-09-17 11:29:45,687 [EventQueue-PipelineActionsForPipelineActionHandler] INFO  pipeline.SCMPipelineManager (SCMPipelineManager.java:finalizeAndDestroyPipeline(311)) - destroying pipeline:Pipeline[ Id: 9338ff2d-8af1-4995-acb2-20d8f186421c, Nodes: c0e7c0fa-20c5-4865-93a8-b9416c9f108d{ip: 192.168.5.153, host: pr-hdds-2137-trunk-mnh2s-3748177197, networkLocation: /default-rack, certSerialId: null}6e54f060-cd9d-44cc-b25b-8b76f38102a4{ip: 192.168.5.153, host: pr-hdds-2137-trunk-mnh2s-3748177197, networkLocation: /default-rack, certSerialId: null}332345b2-53e5-4965-b414-3287d6427edd{ip: 192.168.5.153, host: pr-hdds-2137-trunk-mnh2s-3748177197, networkLocation: /default-rack, certSerialId: null}, Type:RATIS, Factor:THREE, State:CLOSED]
2019-09-17 11:29:45,690 [java.util.concurrent.ThreadPoolExecutor$Worker@49dbf5b8[State = -1, empty queue]] WARN  server.GrpcLogAppender (GrpcLogAppender.java:timeoutAppendRequest(200)) - 6e54f060-cd9d-44cc-b25b-8b76f38102a4@group-20D8F186421C->c0e7c0fa-20c5-4865-93a8-b9416c9f108d-GrpcLogAppender: appendEntries Timeout, request=6e54f060-cd9d-44cc-b25b-8b76f38102a4->c0e7c0fa-20c5-4865-93a8-b9416c9f108d#85-t1, previous=(t:1, i:14), leaderCommit=10, initializing? false, entries: <empty>
2019-09-17 11:29:47,693 [org.apache.ratis.server.impl.LogAppender$AppenderDaemon$$Lambda$524/1128290472@3263958d] ERROR ratis.XceiverServerRatis (XceiverServerRatis.java:triggerPipelineClose(575)) - pipeline Action CLOSE  on pipeline PipelineID=9338ff2d-8af1-4995-acb2-20d8f186421c.Reason : 6e54f060-cd9d-44cc-b25b-8b76f38102a4 has not seen follower/s c0e7c0fa-20c5-4865-93a8-b9416c9f108d for 148546ms
2019-09-17 11:29:48,191 [java.util.concurrent.ThreadPoolExecutor$Worker@49dbf5b8[State = -1, empty queue]] WARN  server.GrpcLogAppender (GrpcLogAppender.java:timeoutAppendRequest(200)) - 6e54f060-cd9d-44cc-b25b-8b76f38102a4@group-20D8F186421C->c0e7c0fa-20c5-4865-93a8-b9416c9f108d-GrpcLogAppender: appendEntries Timeout, request=6e54f060-cd9d-44cc-b25b-8b76f38102a4->c0e7c0fa-20c5-4865-93a8-b9416c9f108d#86-t1, previous=(t:1, i:14), leaderCommit=10, initializing? false, entries: <empty>
2019-09-17 11:29:48,684 [EventQueue-PipelineActionsForPipelineActionHandler] ERROR pipeline.PipelineActionHandler (PipelineActionHandler.java:onMessage(60)) - Received pipeline action CLOSE for Pipeline[ Id: 9338ff2d-8af1-4995-acb2-20d8f186421c, Nodes: c0e7c0fa-20c5-4865-93a8-b9416c9f108d{ip: 192.168.5.153, host: pr-hdds-2137-trunk-mnh2s-3748177197, networkLocation: /default-rack, certSerialId: null}6e54f060-cd9d-44cc-b25b-8b76f38102a4{ip: 192.168.5.153, host: pr-hdds-2137-trunk-mnh2s-3748177197, networkLocation: /default-rack, certSerialId: null}332345b2-53e5-4965-b414-3287d6427edd{ip: 192.168.5.153, host: pr-hdds-2137-trunk-mnh2s-3748177197, networkLocation: /default-rack, certSerialId: null}, Type:RATIS, Factor:THREE, State:CLOSED] from datanode 6e54f060-cd9d-44cc-b25b-8b76f38102a4{ip: 192.168.5.153, host: pr-hdds-2137-trunk-mnh2s-3748177197, networkLocation: /default-rack, certSerialId: null}. Reason : 6e54f060-cd9d-44cc-b25b-8b76f38102a4 has not seen follower/s c0e7c0fa-20c5-4865-93a8-b9416c9f108d for 148546ms
2019-09-17 11:29:48,685 [EventQueue-PipelineActionsForPipelineActionHandler] INFO  pipeline.SCMPipelineManager (SCMPipelineManager.java:finalizeAndDestroyPipeline(311)) - destroying pipeline:Pipeline[ Id: 9338ff2d-8af1-4995-acb2-20d8f186421c, Nodes: c0e7c0fa-20c5-4865-93a8-b9416c9f108d{ip: 192.168.5.153, host: pr-hdds-2137-trunk-mnh2s-3748177197, networkLocation: /default-rack, certSerialId: null}6e54f060-cd9d-44cc-b25b-8b76f38102a4{ip: 192.168.5.153, host: pr-hdds-2137-trunk-mnh2s-3748177197, networkLocation: /default-rack, certSerialId: null}332345b2-53e5-4965-b414-3287d6427edd{ip: 192.168.5.153, host: pr-hdds-2137-trunk-mnh2s-3748177197, networkLocation: /default-rack, certSerialId: null}, Type:RATIS, Factor:THREE, State:CLOSED]
2019-09-17 11:29:49,692 [6e54f060-cd9d-44cc-b25b-8b76f38102a4@group-20D8F186421C-SegmentedRaftLogWorker] WARN  segmented.SegmentedRaftLogWorker (SegmentedRaftLogWorker.java:getFromFuture(90)) - Timeout 14/~
org.apache.ratis.protocol.TimeoutIOException: Timeout 10s: WriteLog:12: (t:1, i:12), STATEMACHINELOGENTRY, client-5C9AA7781B6B, cid=22-writeStateMachineData
	at org.apache.ratis.util.IOUtils.getFromFuture(IOUtils.java:87)
	at org.apache.ratis.server.raftlog.segmented.SegmentedRaftLogWorker$StateMachineDataPolicy.getFromFuture(SegmentedRaftLogWorker.java:87)
	at org.apache.ratis.server.raftlog.segmented.SegmentedRaftLogWorker$WriteLog.execute(SegmentedRaftLogWorker.java:477)
	at org.apache.ratis.server.raftlog.segmented.SegmentedRaftLogWorker.run(SegmentedRaftLogWorker.java:289)
	at java.lang.Thread.run(Thread.java:748)
Caused by: java.util.concurrent.TimeoutException
	at java.util.concurrent.CompletableFuture.timedGet(CompletableFuture.java:1771)
	at java.util.concurrent.CompletableFuture.get(CompletableFuture.java:1915)
	at org.apache.ratis.util.IOUtils.getFromFuture(IOUtils.java:79)
	... 4 more
2019-09-17 11:29:50,095 [grpc-default-executor-4] INFO  client.GrpcClientProtocolClient (GrpcClientProtocolClient.java:onNext(264)) - client-5C9AA7781B6B->332345b2-53e5-4965-b414-3287d6427edd: receive RaftClientReply:client-5C9AA7781B6B->332345b2-53e5-4965-b414-3287d6427edd@group-20D8F186421C, cid=21, FAILED org.apache.ratis.protocol.NotLeaderException: Server 332345b2-53e5-4965-b414-3287d6427edd@group-20D8F186421C is not the leader 6e54f060-cd9d-44cc-b25b-8b76f38102a4:192.168.5.153:46767, logIndex=0, commits[332345b2-53e5-4965-b414-3287d6427edd:c10, 6e54f060-cd9d-44cc-b25b-8b76f38102a4:c10, c0e7c0fa-20c5-4865-93a8-b9416c9f108d:c6]
2019-09-17 11:29:50,110 [c0e7c0fa-20c5-4865-93a8-b9416c9f108d@group-20D8F186421C-SegmentedRaftLogWorker] WARN  segmented.SegmentedRaftLogWorker (SegmentedRaftLogWorker.java:getFromFuture(90)) - Timeout 14/~
org.apache.ratis.protocol.TimeoutIOException: Timeout 10s: WriteLog:12: (t:1, i:12), STATEMACHINELOGENTRY, client-5C9AA7781B6B, cid=22-writeStateMachineData
	at org.apache.ratis.util.IOUtils.getFromFuture(IOUtils.java:87)
	at org.apache.ratis.server.raftlog.segmented.SegmentedRaftLogWorker$StateMachineDataPolicy.getFromFuture(SegmentedRaftLogWorker.java:87)
	at org.apache.ratis.server.raftlog.segmented.SegmentedRaftLogWorker$WriteLog.execute(SegmentedRaftLogWorker.java:477)
	at org.apache.ratis.server.raftlog.segmented.SegmentedRaftLogWorker.run(SegmentedRaftLogWorker.java:289)
	at java.lang.Thread.run(Thread.java:748)
Caused by: java.util.concurrent.TimeoutException
	at java.util.concurrent.CompletableFuture.timedGet(CompletableFuture.java:1771)
	at java.util.concurrent.CompletableFuture.get(CompletableFuture.java:1915)
	at org.apache.ratis.util.IOUtils.getFromFuture(IOUtils.java:79)
	... 4 more
2019-09-17 11:29:50,194 [org.apache.ratis.server.impl.LogAppender$AppenderDaemon$$Lambda$524/1128290472@3263958d] ERROR ratis.XceiverServerRatis (XceiverServerRatis.java:triggerPipelineClose(575)) - pipeline Action CLOSE  on pipeline PipelineID=9338ff2d-8af1-4995-acb2-20d8f186421c.Reason : 6e54f060-cd9d-44cc-b25b-8b76f38102a4 has not seen follower/s c0e7c0fa-20c5-4865-93a8-b9416c9f108d for 151047ms
2019-09-17 11:29:50,683 [EventQueue-PipelineActionsForPipelineActionHandler] ERROR pipeline.PipelineActionHandler (PipelineActionHandler.java:onMessage(60)) - Received pipeline action CLOSE for Pipeline[ Id: 9338ff2d-8af1-4995-acb2-20d8f186421c, Nodes: c0e7c0fa-20c5-4865-93a8-b9416c9f108d{ip: 192.168.5.153, host: pr-hdds-2137-trunk-mnh2s-3748177197, networkLocation: /default-rack, certSerialId: null}6e54f060-cd9d-44cc-b25b-8b76f38102a4{ip: 192.168.5.153, host: pr-hdds-2137-trunk-mnh2s-3748177197, networkLocation: /default-rack, certSerialId: null}332345b2-53e5-4965-b414-3287d6427edd{ip: 192.168.5.153, host: pr-hdds-2137-trunk-mnh2s-3748177197, networkLocation: /default-rack, certSerialId: null}, Type:RATIS, Factor:THREE, State:CLOSED] from datanode 6e54f060-cd9d-44cc-b25b-8b76f38102a4{ip: 192.168.5.153, host: pr-hdds-2137-trunk-mnh2s-3748177197, networkLocation: /default-rack, certSerialId: null}. Reason : 6e54f060-cd9d-44cc-b25b-8b76f38102a4 has not seen follower/s c0e7c0fa-20c5-4865-93a8-b9416c9f108d for 151047ms
2019-09-17 11:29:50,684 [EventQueue-PipelineActionsForPipelineActionHandler] INFO  pipeline.SCMPipelineManager (SCMPipelineManager.java:finalizeAndDestroyPipeline(311)) - destroying pipeline:Pipeline[ Id: 9338ff2d-8af1-4995-acb2-20d8f186421c, Nodes: c0e7c0fa-20c5-4865-93a8-b9416c9f108d{ip: 192.168.5.153, host: pr-hdds-2137-trunk-mnh2s-3748177197, networkLocation: /default-rack, certSerialId: null}6e54f060-cd9d-44cc-b25b-8b76f38102a4{ip: 192.168.5.153, host: pr-hdds-2137-trunk-mnh2s-3748177197, networkLocation: /default-rack, certSerialId: null}332345b2-53e5-4965-b414-3287d6427edd{ip: 192.168.5.153, host: pr-hdds-2137-trunk-mnh2s-3748177197, networkLocation: /default-rack, certSerialId: null}, Type:RATIS, Factor:THREE, State:CLOSED]
2019-09-17 11:29:50,693 [java.util.concurrent.ThreadPoolExecutor$Worker@49dbf5b8[State = -1, empty queue]] WARN  server.GrpcLogAppender (GrpcLogAppender.java:timeoutAppendRequest(200)) - 6e54f060-cd9d-44cc-b25b-8b76f38102a4@group-20D8F186421C->c0e7c0fa-20c5-4865-93a8-b9416c9f108d-GrpcLogAppender: appendEntries Timeout, request=6e54f060-cd9d-44cc-b25b-8b76f38102a4->c0e7c0fa-20c5-4865-93a8-b9416c9f108d#87-t1, previous=(t:1, i:14), leaderCommit=10, initializing? false, entries: <empty>
2019-09-17 11:29:52,695 [org.apache.ratis.server.impl.LogAppender$AppenderDaemon$$Lambda$524/1128290472@3263958d] ERROR ratis.XceiverServerRatis (XceiverServerRatis.java:triggerPipelineClose(575)) - pipeline Action CLOSE  on pipeline PipelineID=9338ff2d-8af1-4995-acb2-20d8f186421c.Reason : 6e54f060-cd9d-44cc-b25b-8b76f38102a4 has not seen follower/s c0e7c0fa-20c5-4865-93a8-b9416c9f108d for 153548ms
2019-09-17 11:29:53,194 [java.util.concurrent.ThreadPoolExecutor$Worker@49dbf5b8[State = -1, empty queue]] WARN  server.GrpcLogAppender (GrpcLogAppender.java:timeoutAppendRequest(200)) - 6e54f060-cd9d-44cc-b25b-8b76f38102a4@group-20D8F186421C->c0e7c0fa-20c5-4865-93a8-b9416c9f108d-GrpcLogAppender: appendEntries Timeout, request=6e54f060-cd9d-44cc-b25b-8b76f38102a4->c0e7c0fa-20c5-4865-93a8-b9416c9f108d#88-t1, previous=(t:1, i:14), leaderCommit=10, initializing? false, entries: <empty>
2019-09-17 11:29:53,684 [EventQueue-PipelineActionsForPipelineActionHandler] ERROR pipeline.PipelineActionHandler (PipelineActionHandler.java:onMessage(60)) - Received pipeline action CLOSE for Pipeline[ Id: 9338ff2d-8af1-4995-acb2-20d8f186421c, Nodes: c0e7c0fa-20c5-4865-93a8-b9416c9f108d{ip: 192.168.5.153, host: pr-hdds-2137-trunk-mnh2s-3748177197, networkLocation: /default-rack, certSerialId: null}6e54f060-cd9d-44cc-b25b-8b76f38102a4{ip: 192.168.5.153, host: pr-hdds-2137-trunk-mnh2s-3748177197, networkLocation: /default-rack, certSerialId: null}332345b2-53e5-4965-b414-3287d6427edd{ip: 192.168.5.153, host: pr-hdds-2137-trunk-mnh2s-3748177197, networkLocation: /default-rack, certSerialId: null}, Type:RATIS, Factor:THREE, State:CLOSED] from datanode 6e54f060-cd9d-44cc-b25b-8b76f38102a4{ip: 192.168.5.153, host: pr-hdds-2137-trunk-mnh2s-3748177197, networkLocation: /default-rack, certSerialId: null}. Reason : 6e54f060-cd9d-44cc-b25b-8b76f38102a4 has not seen follower/s c0e7c0fa-20c5-4865-93a8-b9416c9f108d for 153548ms
2019-09-17 11:29:53,685 [EventQueue-PipelineActionsForPipelineActionHandler] INFO  pipeline.SCMPipelineManager (SCMPipelineManager.java:finalizeAndDestroyPipeline(311)) - destroying pipeline:Pipeline[ Id: 9338ff2d-8af1-4995-acb2-20d8f186421c, Nodes: c0e7c0fa-20c5-4865-93a8-b9416c9f108d{ip: 192.168.5.153, host: pr-hdds-2137-trunk-mnh2s-3748177197, networkLocation: /default-rack, certSerialId: null}6e54f060-cd9d-44cc-b25b-8b76f38102a4{ip: 192.168.5.153, host: pr-hdds-2137-trunk-mnh2s-3748177197, networkLocation: /default-rack, certSerialId: null}332345b2-53e5-4965-b414-3287d6427edd{ip: 192.168.5.153, host: pr-hdds-2137-trunk-mnh2s-3748177197, networkLocation: /default-rack, certSerialId: null}, Type:RATIS, Factor:THREE, State:CLOSED]
2019-09-17 11:29:55,114 [grpc-default-executor-0] INFO  client.GrpcClientProtocolClient (GrpcClientProtocolClient.java:onNext(264)) - client-5C9AA7781B6B->332345b2-53e5-4965-b414-3287d6427edd: receive RaftClientReply:client-5C9AA7781B6B->332345b2-53e5-4965-b414-3287d6427edd@group-20D8F186421C, cid=21, FAILED org.apache.ratis.protocol.NotLeaderException: Server 332345b2-53e5-4965-b414-3287d6427edd@group-20D8F186421C is not the leader 6e54f060-cd9d-44cc-b25b-8b76f38102a4:192.168.5.153:46767, logIndex=0, commits[332345b2-53e5-4965-b414-3287d6427edd:c10, 6e54f060-cd9d-44cc-b25b-8b76f38102a4:c10, c0e7c0fa-20c5-4865-93a8-b9416c9f108d:c6]
2019-09-17 11:29:55,196 [org.apache.ratis.server.impl.LogAppender$AppenderDaemon$$Lambda$524/1128290472@3263958d] ERROR ratis.XceiverServerRatis (XceiverServerRatis.java:triggerPipelineClose(575)) - pipeline Action CLOSE  on pipeline PipelineID=9338ff2d-8af1-4995-acb2-20d8f186421c.Reason : 6e54f060-cd9d-44cc-b25b-8b76f38102a4 has not seen follower/s c0e7c0fa-20c5-4865-93a8-b9416c9f108d for 156049ms
2019-09-17 11:29:55,685 [EventQueue-PipelineActionsForPipelineActionHandler] ERROR pipeline.PipelineActionHandler (PipelineActionHandler.java:onMessage(60)) - Received pipeline action CLOSE for Pipeline[ Id: 9338ff2d-8af1-4995-acb2-20d8f186421c, Nodes: c0e7c0fa-20c5-4865-93a8-b9416c9f108d{ip: 192.168.5.153, host: pr-hdds-2137-trunk-mnh2s-3748177197, networkLocation: /default-rack, certSerialId: null}6e54f060-cd9d-44cc-b25b-8b76f38102a4{ip: 192.168.5.153, host: pr-hdds-2137-trunk-mnh2s-3748177197, networkLocation: /default-rack, certSerialId: null}332345b2-53e5-4965-b414-3287d6427edd{ip: 192.168.5.153, host: pr-hdds-2137-trunk-mnh2s-3748177197, networkLocation: /default-rack, certSerialId: null}, Type:RATIS, Factor:THREE, State:CLOSED] from datanode 6e54f060-cd9d-44cc-b25b-8b76f38102a4{ip: 192.168.5.153, host: pr-hdds-2137-trunk-mnh2s-3748177197, networkLocation: /default-rack, certSerialId: null}. Reason : 6e54f060-cd9d-44cc-b25b-8b76f38102a4 has not seen follower/s c0e7c0fa-20c5-4865-93a8-b9416c9f108d for 156049ms
2019-09-17 11:29:55,688 [EventQueue-PipelineActionsForPipelineActionHandler] INFO  pipeline.SCMPipelineManager (SCMPipelineManager.java:finalizeAndDestroyPipeline(311)) - destroying pipeline:Pipeline[ Id: 9338ff2d-8af1-4995-acb2-20d8f186421c, Nodes: c0e7c0fa-20c5-4865-93a8-b9416c9f108d{ip: 192.168.5.153, host: pr-hdds-2137-trunk-mnh2s-3748177197, networkLocation: /default-rack, certSerialId: null}6e54f060-cd9d-44cc-b25b-8b76f38102a4{ip: 192.168.5.153, host: pr-hdds-2137-trunk-mnh2s-3748177197, networkLocation: /default-rack, certSerialId: null}332345b2-53e5-4965-b414-3287d6427edd{ip: 192.168.5.153, host: pr-hdds-2137-trunk-mnh2s-3748177197, networkLocation: /default-rack, certSerialId: null}, Type:RATIS, Factor:THREE, State:CLOSED]
2019-09-17 11:29:55,695 [java.util.concurrent.ThreadPoolExecutor$Worker@49dbf5b8[State = -1, empty queue]] WARN  server.GrpcLogAppender (GrpcLogAppender.java:timeoutAppendRequest(200)) - 6e54f060-cd9d-44cc-b25b-8b76f38102a4@group-20D8F186421C->c0e7c0fa-20c5-4865-93a8-b9416c9f108d-GrpcLogAppender: appendEntries Timeout, request=6e54f060-cd9d-44cc-b25b-8b76f38102a4->c0e7c0fa-20c5-4865-93a8-b9416c9f108d#89-t1, previous=(t:1, i:14), leaderCommit=10, initializing? false, entries: <empty>
2019-09-17 11:29:57,697 [org.apache.ratis.server.impl.LogAppender$AppenderDaemon$$Lambda$524/1128290472@3263958d] ERROR ratis.XceiverServerRatis (XceiverServerRatis.java:triggerPipelineClose(575)) - pipeline Action CLOSE  on pipeline PipelineID=9338ff2d-8af1-4995-acb2-20d8f186421c.Reason : 6e54f060-cd9d-44cc-b25b-8b76f38102a4 has not seen follower/s c0e7c0fa-20c5-4865-93a8-b9416c9f108d for 158550ms
2019-09-17 11:29:58,196 [java.util.concurrent.ThreadPoolExecutor$Worker@49dbf5b8[State = -1, empty queue]] WARN  server.GrpcLogAppender (GrpcLogAppender.java:timeoutAppendRequest(200)) - 6e54f060-cd9d-44cc-b25b-8b76f38102a4@group-20D8F186421C->c0e7c0fa-20c5-4865-93a8-b9416c9f108d-GrpcLogAppender: appendEntries Timeout, request=6e54f060-cd9d-44cc-b25b-8b76f38102a4->c0e7c0fa-20c5-4865-93a8-b9416c9f108d#90-t1, previous=(t:1, i:14), leaderCommit=10, initializing? false, entries: <empty>
2019-09-17 11:29:58,690 [EventQueue-PipelineActionsForPipelineActionHandler] ERROR pipeline.PipelineActionHandler (PipelineActionHandler.java:onMessage(60)) - Received pipeline action CLOSE for Pipeline[ Id: 9338ff2d-8af1-4995-acb2-20d8f186421c, Nodes: c0e7c0fa-20c5-4865-93a8-b9416c9f108d{ip: 192.168.5.153, host: pr-hdds-2137-trunk-mnh2s-3748177197, networkLocation: /default-rack, certSerialId: null}6e54f060-cd9d-44cc-b25b-8b76f38102a4{ip: 192.168.5.153, host: pr-hdds-2137-trunk-mnh2s-3748177197, networkLocation: /default-rack, certSerialId: null}332345b2-53e5-4965-b414-3287d6427edd{ip: 192.168.5.153, host: pr-hdds-2137-trunk-mnh2s-3748177197, networkLocation: /default-rack, certSerialId: null}, Type:RATIS, Factor:THREE, State:CLOSED] from datanode 6e54f060-cd9d-44cc-b25b-8b76f38102a4{ip: 192.168.5.153, host: pr-hdds-2137-trunk-mnh2s-3748177197, networkLocation: /default-rack, certSerialId: null}. Reason : 6e54f060-cd9d-44cc-b25b-8b76f38102a4 has not seen follower/s c0e7c0fa-20c5-4865-93a8-b9416c9f108d for 158550ms
2019-09-17 11:29:58,691 [EventQueue-PipelineActionsForPipelineActionHandler] INFO  pipeline.SCMPipelineManager (SCMPipelineManager.java:finalizeAndDestroyPipeline(311)) - destroying pipeline:Pipeline[ Id: 9338ff2d-8af1-4995-acb2-20d8f186421c, Nodes: c0e7c0fa-20c5-4865-93a8-b9416c9f108d{ip: 192.168.5.153, host: pr-hdds-2137-trunk-mnh2s-3748177197, networkLocation: /default-rack, certSerialId: null}6e54f060-cd9d-44cc-b25b-8b76f38102a4{ip: 192.168.5.153, host: pr-hdds-2137-trunk-mnh2s-3748177197, networkLocation: /default-rack, certSerialId: null}332345b2-53e5-4965-b414-3287d6427edd{ip: 192.168.5.153, host: pr-hdds-2137-trunk-mnh2s-3748177197, networkLocation: /default-rack, certSerialId: null}, Type:RATIS, Factor:THREE, State:CLOSED]
2019-09-17 11:29:59,698 [6e54f060-cd9d-44cc-b25b-8b76f38102a4@group-20D8F186421C-SegmentedRaftLogWorker] WARN  segmented.SegmentedRaftLogWorker (SegmentedRaftLogWorker.java:getFromFuture(90)) - Timeout 15/~
org.apache.ratis.protocol.TimeoutIOException: Timeout 10s: WriteLog:12: (t:1, i:12), STATEMACHINELOGENTRY, client-5C9AA7781B6B, cid=22-writeStateMachineData
	at org.apache.ratis.util.IOUtils.getFromFuture(IOUtils.java:87)
	at org.apache.ratis.server.raftlog.segmented.SegmentedRaftLogWorker$StateMachineDataPolicy.getFromFuture(SegmentedRaftLogWorker.java:87)
	at org.apache.ratis.server.raftlog.segmented.SegmentedRaftLogWorker$WriteLog.execute(SegmentedRaftLogWorker.java:477)
	at org.apache.ratis.server.raftlog.segmented.SegmentedRaftLogWorker.run(SegmentedRaftLogWorker.java:289)
	at java.lang.Thread.run(Thread.java:748)
Caused by: java.util.concurrent.TimeoutException
	at java.util.concurrent.CompletableFuture.timedGet(CompletableFuture.java:1771)
	at java.util.concurrent.CompletableFuture.get(CompletableFuture.java:1915)
	at org.apache.ratis.util.IOUtils.getFromFuture(IOUtils.java:79)
	... 4 more
2019-09-17 11:30:00,111 [c0e7c0fa-20c5-4865-93a8-b9416c9f108d@group-20D8F186421C-SegmentedRaftLogWorker] WARN  segmented.SegmentedRaftLogWorker (SegmentedRaftLogWorker.java:getFromFuture(90)) - Timeout 15/~
org.apache.ratis.protocol.TimeoutIOException: Timeout 10s: WriteLog:12: (t:1, i:12), STATEMACHINELOGENTRY, client-5C9AA7781B6B, cid=22-writeStateMachineData
	at org.apache.ratis.util.IOUtils.getFromFuture(IOUtils.java:87)
	at org.apache.ratis.server.raftlog.segmented.SegmentedRaftLogWorker$StateMachineDataPolicy.getFromFuture(SegmentedRaftLogWorker.java:87)
	at org.apache.ratis.server.raftlog.segmented.SegmentedRaftLogWorker$WriteLog.execute(SegmentedRaftLogWorker.java:477)
	at org.apache.ratis.server.raftlog.segmented.SegmentedRaftLogWorker.run(SegmentedRaftLogWorker.java:289)
	at java.lang.Thread.run(Thread.java:748)
Caused by: java.util.concurrent.TimeoutException
	at java.util.concurrent.CompletableFuture.timedGet(CompletableFuture.java:1771)
	at java.util.concurrent.CompletableFuture.get(CompletableFuture.java:1915)
	at org.apache.ratis.util.IOUtils.getFromFuture(IOUtils.java:79)
	... 4 more
2019-09-17 11:30:00,149 [grpc-default-executor-0] INFO  client.GrpcClientProtocolClient (GrpcClientProtocolClient.java:onNext(264)) - client-5C9AA7781B6B->c0e7c0fa-20c5-4865-93a8-b9416c9f108d: receive RaftClientReply:client-5C9AA7781B6B->c0e7c0fa-20c5-4865-93a8-b9416c9f108d@group-20D8F186421C, cid=21, FAILED org.apache.ratis.protocol.NotLeaderException: Server c0e7c0fa-20c5-4865-93a8-b9416c9f108d@group-20D8F186421C is not the leader 6e54f060-cd9d-44cc-b25b-8b76f38102a4:192.168.5.153:46767, logIndex=0, commits[c0e7c0fa-20c5-4865-93a8-b9416c9f108d:c10, 6e54f060-cd9d-44cc-b25b-8b76f38102a4:c10, 332345b2-53e5-4965-b414-3287d6427edd:c10]
2019-09-17 11:30:00,199 [org.apache.ratis.server.impl.LogAppender$AppenderDaemon$$Lambda$524/1128290472@3263958d] ERROR ratis.XceiverServerRatis (XceiverServerRatis.java:triggerPipelineClose(575)) - pipeline Action CLOSE  on pipeline PipelineID=9338ff2d-8af1-4995-acb2-20d8f186421c.Reason : 6e54f060-cd9d-44cc-b25b-8b76f38102a4 has not seen follower/s c0e7c0fa-20c5-4865-93a8-b9416c9f108d for 161052ms
2019-09-17 11:30:00,688 [EventQueue-PipelineActionsForPipelineActionHandler] ERROR pipeline.PipelineActionHandler (PipelineActionHandler.java:onMessage(60)) - Received pipeline action CLOSE for Pipeline[ Id: 9338ff2d-8af1-4995-acb2-20d8f186421c, Nodes: c0e7c0fa-20c5-4865-93a8-b9416c9f108d{ip: 192.168.5.153, host: pr-hdds-2137-trunk-mnh2s-3748177197, networkLocation: /default-rack, certSerialId: null}6e54f060-cd9d-44cc-b25b-8b76f38102a4{ip: 192.168.5.153, host: pr-hdds-2137-trunk-mnh2s-3748177197, networkLocation: /default-rack, certSerialId: null}332345b2-53e5-4965-b414-3287d6427edd{ip: 192.168.5.153, host: pr-hdds-2137-trunk-mnh2s-3748177197, networkLocation: /default-rack, certSerialId: null}, Type:RATIS, Factor:THREE, State:CLOSED] from datanode 6e54f060-cd9d-44cc-b25b-8b76f38102a4{ip: 192.168.5.153, host: pr-hdds-2137-trunk-mnh2s-3748177197, networkLocation: /default-rack, certSerialId: null}. Reason : 6e54f060-cd9d-44cc-b25b-8b76f38102a4 has not seen follower/s c0e7c0fa-20c5-4865-93a8-b9416c9f108d for 161052ms
2019-09-17 11:30:00,692 [EventQueue-PipelineActionsForPipelineActionHandler] INFO  pipeline.SCMPipelineManager (SCMPipelineManager.java:finalizeAndDestroyPipeline(311)) - destroying pipeline:Pipeline[ Id: 9338ff2d-8af1-4995-acb2-20d8f186421c, Nodes: c0e7c0fa-20c5-4865-93a8-b9416c9f108d{ip: 192.168.5.153, host: pr-hdds-2137-trunk-mnh2s-3748177197, networkLocation: /default-rack, certSerialId: null}6e54f060-cd9d-44cc-b25b-8b76f38102a4{ip: 192.168.5.153, host: pr-hdds-2137-trunk-mnh2s-3748177197, networkLocation: /default-rack, certSerialId: null}332345b2-53e5-4965-b414-3287d6427edd{ip: 192.168.5.153, host: pr-hdds-2137-trunk-mnh2s-3748177197, networkLocation: /default-rack, certSerialId: null}, Type:RATIS, Factor:THREE, State:CLOSED]
2019-09-17 11:30:00,697 [java.util.concurrent.ThreadPoolExecutor$Worker@49dbf5b8[State = -1, empty queue]] WARN  server.GrpcLogAppender (GrpcLogAppender.java:timeoutAppendRequest(200)) - 6e54f060-cd9d-44cc-b25b-8b76f38102a4@group-20D8F186421C->c0e7c0fa-20c5-4865-93a8-b9416c9f108d-GrpcLogAppender: appendEntries Timeout, request=6e54f060-cd9d-44cc-b25b-8b76f38102a4->c0e7c0fa-20c5-4865-93a8-b9416c9f108d#91-t1, previous=(t:1, i:14), leaderCommit=10, initializing? false, entries: <empty>
2019-09-17 11:30:02,699 [org.apache.ratis.server.impl.LogAppender$AppenderDaemon$$Lambda$524/1128290472@3263958d] ERROR ratis.XceiverServerRatis (XceiverServerRatis.java:triggerPipelineClose(575)) - pipeline Action CLOSE  on pipeline PipelineID=9338ff2d-8af1-4995-acb2-20d8f186421c.Reason : 6e54f060-cd9d-44cc-b25b-8b76f38102a4 has not seen follower/s c0e7c0fa-20c5-4865-93a8-b9416c9f108d for 163552ms
2019-09-17 11:30:03,198 [java.util.concurrent.ThreadPoolExecutor$Worker@49dbf5b8[State = -1, empty queue]] WARN  server.GrpcLogAppender (GrpcLogAppender.java:timeoutAppendRequest(200)) - 6e54f060-cd9d-44cc-b25b-8b76f38102a4@group-20D8F186421C->c0e7c0fa-20c5-4865-93a8-b9416c9f108d-GrpcLogAppender: appendEntries Timeout, request=6e54f060-cd9d-44cc-b25b-8b76f38102a4->c0e7c0fa-20c5-4865-93a8-b9416c9f108d#92-t1, previous=(t:1, i:14), leaderCommit=10, initializing? false, entries: <empty>
2019-09-17 11:30:03,689 [EventQueue-PipelineActionsForPipelineActionHandler] ERROR pipeline.PipelineActionHandler (PipelineActionHandler.java:onMessage(60)) - Received pipeline action CLOSE for Pipeline[ Id: 9338ff2d-8af1-4995-acb2-20d8f186421c, Nodes: c0e7c0fa-20c5-4865-93a8-b9416c9f108d{ip: 192.168.5.153, host: pr-hdds-2137-trunk-mnh2s-3748177197, networkLocation: /default-rack, certSerialId: null}6e54f060-cd9d-44cc-b25b-8b76f38102a4{ip: 192.168.5.153, host: pr-hdds-2137-trunk-mnh2s-3748177197, networkLocation: /default-rack, certSerialId: null}332345b2-53e5-4965-b414-3287d6427edd{ip: 192.168.5.153, host: pr-hdds-2137-trunk-mnh2s-3748177197, networkLocation: /default-rack, certSerialId: null}, Type:RATIS, Factor:THREE, State:CLOSED] from datanode 6e54f060-cd9d-44cc-b25b-8b76f38102a4{ip: 192.168.5.153, host: pr-hdds-2137-trunk-mnh2s-3748177197, networkLocation: /default-rack, certSerialId: null}. Reason : 6e54f060-cd9d-44cc-b25b-8b76f38102a4 has not seen follower/s c0e7c0fa-20c5-4865-93a8-b9416c9f108d for 163552ms
2019-09-17 11:30:03,689 [EventQueue-PipelineActionsForPipelineActionHandler] INFO  pipeline.SCMPipelineManager (SCMPipelineManager.java:finalizeAndDestroyPipeline(311)) - destroying pipeline:Pipeline[ Id: 9338ff2d-8af1-4995-acb2-20d8f186421c, Nodes: c0e7c0fa-20c5-4865-93a8-b9416c9f108d{ip: 192.168.5.153, host: pr-hdds-2137-trunk-mnh2s-3748177197, networkLocation: /default-rack, certSerialId: null}6e54f060-cd9d-44cc-b25b-8b76f38102a4{ip: 192.168.5.153, host: pr-hdds-2137-trunk-mnh2s-3748177197, networkLocation: /default-rack, certSerialId: null}332345b2-53e5-4965-b414-3287d6427edd{ip: 192.168.5.153, host: pr-hdds-2137-trunk-mnh2s-3748177197, networkLocation: /default-rack, certSerialId: null}, Type:RATIS, Factor:THREE, State:CLOSED]
2019-09-17 11:30:05,162 [grpc-default-executor-3] INFO  client.GrpcClientProtocolClient (GrpcClientProtocolClient.java:onNext(264)) - client-5C9AA7781B6B->c0e7c0fa-20c5-4865-93a8-b9416c9f108d: receive RaftClientReply:client-5C9AA7781B6B->c0e7c0fa-20c5-4865-93a8-b9416c9f108d@group-20D8F186421C, cid=21, FAILED org.apache.ratis.protocol.NotLeaderException: Server c0e7c0fa-20c5-4865-93a8-b9416c9f108d@group-20D8F186421C is not the leader 6e54f060-cd9d-44cc-b25b-8b76f38102a4:192.168.5.153:46767, logIndex=0, commits[c0e7c0fa-20c5-4865-93a8-b9416c9f108d:c10, 6e54f060-cd9d-44cc-b25b-8b76f38102a4:c10, 332345b2-53e5-4965-b414-3287d6427edd:c10]
2019-09-17 11:30:05,200 [org.apache.ratis.server.impl.LogAppender$AppenderDaemon$$Lambda$524/1128290472@3263958d] ERROR ratis.XceiverServerRatis (XceiverServerRatis.java:triggerPipelineClose(575)) - pipeline Action CLOSE  on pipeline PipelineID=9338ff2d-8af1-4995-acb2-20d8f186421c.Reason : 6e54f060-cd9d-44cc-b25b-8b76f38102a4 has not seen follower/s c0e7c0fa-20c5-4865-93a8-b9416c9f108d for 166053ms
2019-09-17 11:30:05,689 [EventQueue-PipelineActionsForPipelineActionHandler] ERROR pipeline.PipelineActionHandler (PipelineActionHandler.java:onMessage(60)) - Received pipeline action CLOSE for Pipeline[ Id: 9338ff2d-8af1-4995-acb2-20d8f186421c, Nodes: c0e7c0fa-20c5-4865-93a8-b9416c9f108d{ip: 192.168.5.153, host: pr-hdds-2137-trunk-mnh2s-3748177197, networkLocation: /default-rack, certSerialId: null}6e54f060-cd9d-44cc-b25b-8b76f38102a4{ip: 192.168.5.153, host: pr-hdds-2137-trunk-mnh2s-3748177197, networkLocation: /default-rack, certSerialId: null}332345b2-53e5-4965-b414-3287d6427edd{ip: 192.168.5.153, host: pr-hdds-2137-trunk-mnh2s-3748177197, networkLocation: /default-rack, certSerialId: null}, Type:RATIS, Factor:THREE, State:CLOSED] from datanode 6e54f060-cd9d-44cc-b25b-8b76f38102a4{ip: 192.168.5.153, host: pr-hdds-2137-trunk-mnh2s-3748177197, networkLocation: /default-rack, certSerialId: null}. Reason : 6e54f060-cd9d-44cc-b25b-8b76f38102a4 has not seen follower/s c0e7c0fa-20c5-4865-93a8-b9416c9f108d for 166053ms
2019-09-17 11:30:05,692 [EventQueue-PipelineActionsForPipelineActionHandler] INFO  pipeline.SCMPipelineManager (SCMPipelineManager.java:finalizeAndDestroyPipeline(311)) - destroying pipeline:Pipeline[ Id: 9338ff2d-8af1-4995-acb2-20d8f186421c, Nodes: c0e7c0fa-20c5-4865-93a8-b9416c9f108d{ip: 192.168.5.153, host: pr-hdds-2137-trunk-mnh2s-3748177197, networkLocation: /default-rack, certSerialId: null}6e54f060-cd9d-44cc-b25b-8b76f38102a4{ip: 192.168.5.153, host: pr-hdds-2137-trunk-mnh2s-3748177197, networkLocation: /default-rack, certSerialId: null}332345b2-53e5-4965-b414-3287d6427edd{ip: 192.168.5.153, host: pr-hdds-2137-trunk-mnh2s-3748177197, networkLocation: /default-rack, certSerialId: null}, Type:RATIS, Factor:THREE, State:CLOSED]
2019-09-17 11:30:05,699 [java.util.concurrent.ThreadPoolExecutor$Worker@49dbf5b8[State = -1, empty queue]] WARN  server.GrpcLogAppender (GrpcLogAppender.java:timeoutAppendRequest(200)) - 6e54f060-cd9d-44cc-b25b-8b76f38102a4@group-20D8F186421C->c0e7c0fa-20c5-4865-93a8-b9416c9f108d-GrpcLogAppender: appendEntries Timeout, request=6e54f060-cd9d-44cc-b25b-8b76f38102a4->c0e7c0fa-20c5-4865-93a8-b9416c9f108d#93-t1, previous=(t:1, i:14), leaderCommit=10, initializing? false, entries: <empty>
2019-09-17 11:30:07,702 [org.apache.ratis.server.impl.LogAppender$AppenderDaemon$$Lambda$524/1128290472@3263958d] ERROR ratis.XceiverServerRatis (XceiverServerRatis.java:triggerPipelineClose(575)) - pipeline Action CLOSE  on pipeline PipelineID=9338ff2d-8af1-4995-acb2-20d8f186421c.Reason : 6e54f060-cd9d-44cc-b25b-8b76f38102a4 has not seen follower/s c0e7c0fa-20c5-4865-93a8-b9416c9f108d for 168555ms
2019-09-17 11:30:08,200 [java.util.concurrent.ThreadPoolExecutor$Worker@49dbf5b8[State = -1, empty queue]] WARN  server.GrpcLogAppender (GrpcLogAppender.java:timeoutAppendRequest(200)) - 6e54f060-cd9d-44cc-b25b-8b76f38102a4@group-20D8F186421C->c0e7c0fa-20c5-4865-93a8-b9416c9f108d-GrpcLogAppender: appendEntries Timeout, request=6e54f060-cd9d-44cc-b25b-8b76f38102a4->c0e7c0fa-20c5-4865-93a8-b9416c9f108d#94-t1, previous=(t:1, i:14), leaderCommit=10, initializing? false, entries: <empty>
2019-09-17 11:30:08,690 [EventQueue-PipelineActionsForPipelineActionHandler] ERROR pipeline.PipelineActionHandler (PipelineActionHandler.java:onMessage(60)) - Received pipeline action CLOSE for Pipeline[ Id: 9338ff2d-8af1-4995-acb2-20d8f186421c, Nodes: c0e7c0fa-20c5-4865-93a8-b9416c9f108d{ip: 192.168.5.153, host: pr-hdds-2137-trunk-mnh2s-3748177197, networkLocation: /default-rack, certSerialId: null}6e54f060-cd9d-44cc-b25b-8b76f38102a4{ip: 192.168.5.153, host: pr-hdds-2137-trunk-mnh2s-3748177197, networkLocation: /default-rack, certSerialId: null}332345b2-53e5-4965-b414-3287d6427edd{ip: 192.168.5.153, host: pr-hdds-2137-trunk-mnh2s-3748177197, networkLocation: /default-rack, certSerialId: null}, Type:RATIS, Factor:THREE, State:CLOSED] from datanode 6e54f060-cd9d-44cc-b25b-8b76f38102a4{ip: 192.168.5.153, host: pr-hdds-2137-trunk-mnh2s-3748177197, networkLocation: /default-rack, certSerialId: null}. Reason : 6e54f060-cd9d-44cc-b25b-8b76f38102a4 has not seen follower/s c0e7c0fa-20c5-4865-93a8-b9416c9f108d for 168555ms
2019-09-17 11:30:08,690 [EventQueue-PipelineActionsForPipelineActionHandler] INFO  pipeline.SCMPipelineManager (SCMPipelineManager.java:finalizeAndDestroyPipeline(311)) - destroying pipeline:Pipeline[ Id: 9338ff2d-8af1-4995-acb2-20d8f186421c, Nodes: c0e7c0fa-20c5-4865-93a8-b9416c9f108d{ip: 192.168.5.153, host: pr-hdds-2137-trunk-mnh2s-3748177197, networkLocation: /default-rack, certSerialId: null}6e54f060-cd9d-44cc-b25b-8b76f38102a4{ip: 192.168.5.153, host: pr-hdds-2137-trunk-mnh2s-3748177197, networkLocation: /default-rack, certSerialId: null}332345b2-53e5-4965-b414-3287d6427edd{ip: 192.168.5.153, host: pr-hdds-2137-trunk-mnh2s-3748177197, networkLocation: /default-rack, certSerialId: null}, Type:RATIS, Factor:THREE, State:CLOSED]
2019-09-17 11:30:09,702 [6e54f060-cd9d-44cc-b25b-8b76f38102a4@group-20D8F186421C-SegmentedRaftLogWorker] WARN  segmented.SegmentedRaftLogWorker (SegmentedRaftLogWorker.java:getFromFuture(90)) - Timeout 16/~
org.apache.ratis.protocol.TimeoutIOException: Timeout 10s: WriteLog:12: (t:1, i:12), STATEMACHINELOGENTRY, client-5C9AA7781B6B, cid=22-writeStateMachineData
	at org.apache.ratis.util.IOUtils.getFromFuture(IOUtils.java:87)
	at org.apache.ratis.server.raftlog.segmented.SegmentedRaftLogWorker$StateMachineDataPolicy.getFromFuture(SegmentedRaftLogWorker.java:87)
	at org.apache.ratis.server.raftlog.segmented.SegmentedRaftLogWorker$WriteLog.execute(SegmentedRaftLogWorker.java:477)
	at org.apache.ratis.server.raftlog.segmented.SegmentedRaftLogWorker.run(SegmentedRaftLogWorker.java:289)
	at java.lang.Thread.run(Thread.java:748)
Caused by: java.util.concurrent.TimeoutException
	at java.util.concurrent.CompletableFuture.timedGet(CompletableFuture.java:1771)
	at java.util.concurrent.CompletableFuture.get(CompletableFuture.java:1915)
	at org.apache.ratis.util.IOUtils.getFromFuture(IOUtils.java:79)
	... 4 more
2019-09-17 11:30:10,114 [c0e7c0fa-20c5-4865-93a8-b9416c9f108d@group-20D8F186421C-SegmentedRaftLogWorker] WARN  segmented.SegmentedRaftLogWorker (SegmentedRaftLogWorker.java:getFromFuture(90)) - Timeout 16/~
org.apache.ratis.protocol.TimeoutIOException: Timeout 10s: WriteLog:12: (t:1, i:12), STATEMACHINELOGENTRY, client-5C9AA7781B6B, cid=22-writeStateMachineData
	at org.apache.ratis.util.IOUtils.getFromFuture(IOUtils.java:87)
	at org.apache.ratis.server.raftlog.segmented.SegmentedRaftLogWorker$StateMachineDataPolicy.getFromFuture(SegmentedRaftLogWorker.java:87)
	at org.apache.ratis.server.raftlog.segmented.SegmentedRaftLogWorker$WriteLog.execute(SegmentedRaftLogWorker.java:477)
	at org.apache.ratis.server.raftlog.segmented.SegmentedRaftLogWorker.run(SegmentedRaftLogWorker.java:289)
	at java.lang.Thread.run(Thread.java:748)
Caused by: java.util.concurrent.TimeoutException
	at java.util.concurrent.CompletableFuture.timedGet(CompletableFuture.java:1771)
	at java.util.concurrent.CompletableFuture.get(CompletableFuture.java:1915)
	at org.apache.ratis.util.IOUtils.getFromFuture(IOUtils.java:79)
	... 4 more
2019-09-17 11:30:10,186 [grpc-default-executor-3] INFO  client.GrpcClientProtocolClient (GrpcClientProtocolClient.java:onNext(264)) - client-5C9AA7781B6B->332345b2-53e5-4965-b414-3287d6427edd: receive RaftClientReply:client-5C9AA7781B6B->332345b2-53e5-4965-b414-3287d6427edd@group-20D8F186421C, cid=21, FAILED org.apache.ratis.protocol.NotLeaderException: Server 332345b2-53e5-4965-b414-3287d6427edd@group-20D8F186421C is not the leader 6e54f060-cd9d-44cc-b25b-8b76f38102a4:192.168.5.153:46767, logIndex=0, commits[332345b2-53e5-4965-b414-3287d6427edd:c10, 6e54f060-cd9d-44cc-b25b-8b76f38102a4:c10, c0e7c0fa-20c5-4865-93a8-b9416c9f108d:c6]
2019-09-17 11:30:10,203 [org.apache.ratis.server.impl.LogAppender$AppenderDaemon$$Lambda$524/1128290472@3263958d] ERROR ratis.XceiverServerRatis (XceiverServerRatis.java:triggerPipelineClose(575)) - pipeline Action CLOSE  on pipeline PipelineID=9338ff2d-8af1-4995-acb2-20d8f186421c.Reason : 6e54f060-cd9d-44cc-b25b-8b76f38102a4 has not seen follower/s c0e7c0fa-20c5-4865-93a8-b9416c9f108d for 171056ms
2019-09-17 11:30:10,689 [EventQueue-PipelineActionsForPipelineActionHandler] ERROR pipeline.PipelineActionHandler (PipelineActionHandler.java:onMessage(60)) - Received pipeline action CLOSE for Pipeline[ Id: 9338ff2d-8af1-4995-acb2-20d8f186421c, Nodes: c0e7c0fa-20c5-4865-93a8-b9416c9f108d{ip: 192.168.5.153, host: pr-hdds-2137-trunk-mnh2s-3748177197, networkLocation: /default-rack, certSerialId: null}6e54f060-cd9d-44cc-b25b-8b76f38102a4{ip: 192.168.5.153, host: pr-hdds-2137-trunk-mnh2s-3748177197, networkLocation: /default-rack, certSerialId: null}332345b2-53e5-4965-b414-3287d6427edd{ip: 192.168.5.153, host: pr-hdds-2137-trunk-mnh2s-3748177197, networkLocation: /default-rack, certSerialId: null}, Type:RATIS, Factor:THREE, State:CLOSED] from datanode 6e54f060-cd9d-44cc-b25b-8b76f38102a4{ip: 192.168.5.153, host: pr-hdds-2137-trunk-mnh2s-3748177197, networkLocation: /default-rack, certSerialId: null}. Reason : 6e54f060-cd9d-44cc-b25b-8b76f38102a4 has not seen follower/s c0e7c0fa-20c5-4865-93a8-b9416c9f108d for 171056ms
2019-09-17 11:30:10,693 [EventQueue-PipelineActionsForPipelineActionHandler] INFO  pipeline.SCMPipelineManager (SCMPipelineManager.java:finalizeAndDestroyPipeline(311)) - destroying pipeline:Pipeline[ Id: 9338ff2d-8af1-4995-acb2-20d8f186421c, Nodes: c0e7c0fa-20c5-4865-93a8-b9416c9f108d{ip: 192.168.5.153, host: pr-hdds-2137-trunk-mnh2s-3748177197, networkLocation: /default-rack, certSerialId: null}6e54f060-cd9d-44cc-b25b-8b76f38102a4{ip: 192.168.5.153, host: pr-hdds-2137-trunk-mnh2s-3748177197, networkLocation: /default-rack, certSerialId: null}332345b2-53e5-4965-b414-3287d6427edd{ip: 192.168.5.153, host: pr-hdds-2137-trunk-mnh2s-3748177197, networkLocation: /default-rack, certSerialId: null}, Type:RATIS, Factor:THREE, State:CLOSED]
2019-09-17 11:30:10,702 [java.util.concurrent.ThreadPoolExecutor$Worker@49dbf5b8[State = -1, empty queue]] WARN  server.GrpcLogAppender (GrpcLogAppender.java:timeoutAppendRequest(200)) - 6e54f060-cd9d-44cc-b25b-8b76f38102a4@group-20D8F186421C->c0e7c0fa-20c5-4865-93a8-b9416c9f108d-GrpcLogAppender: appendEntries Timeout, request=6e54f060-cd9d-44cc-b25b-8b76f38102a4->c0e7c0fa-20c5-4865-93a8-b9416c9f108d#95-t1, previous=(t:1, i:14), leaderCommit=10, initializing? false, entries: <empty>
2019-09-17 11:30:12,705 [org.apache.ratis.server.impl.LogAppender$AppenderDaemon$$Lambda$524/1128290472@3263958d] ERROR ratis.XceiverServerRatis (XceiverServerRatis.java:triggerPipelineClose(575)) - pipeline Action CLOSE  on pipeline PipelineID=9338ff2d-8af1-4995-acb2-20d8f186421c.Reason : 6e54f060-cd9d-44cc-b25b-8b76f38102a4 has not seen follower/s c0e7c0fa-20c5-4865-93a8-b9416c9f108d for 173558ms
2019-09-17 11:30:13,203 [java.util.concurrent.ThreadPoolExecutor$Worker@49dbf5b8[State = -1, empty queue]] WARN  server.GrpcLogAppender (GrpcLogAppender.java:timeoutAppendRequest(200)) - 6e54f060-cd9d-44cc-b25b-8b76f38102a4@group-20D8F186421C->c0e7c0fa-20c5-4865-93a8-b9416c9f108d-GrpcLogAppender: appendEntries Timeout, request=6e54f060-cd9d-44cc-b25b-8b76f38102a4->c0e7c0fa-20c5-4865-93a8-b9416c9f108d#96-t1, previous=(t:1, i:14), leaderCommit=10, initializing? false, entries: <empty>
2019-09-17 11:30:13,691 [EventQueue-PipelineActionsForPipelineActionHandler] ERROR pipeline.PipelineActionHandler (PipelineActionHandler.java:onMessage(60)) - Received pipeline action CLOSE for Pipeline[ Id: 9338ff2d-8af1-4995-acb2-20d8f186421c, Nodes: c0e7c0fa-20c5-4865-93a8-b9416c9f108d{ip: 192.168.5.153, host: pr-hdds-2137-trunk-mnh2s-3748177197, networkLocation: /default-rack, certSerialId: null}6e54f060-cd9d-44cc-b25b-8b76f38102a4{ip: 192.168.5.153, host: pr-hdds-2137-trunk-mnh2s-3748177197, networkLocation: /default-rack, certSerialId: null}332345b2-53e5-4965-b414-3287d6427edd{ip: 192.168.5.153, host: pr-hdds-2137-trunk-mnh2s-3748177197, networkLocation: /default-rack, certSerialId: null}, Type:RATIS, Factor:THREE, State:CLOSED] from datanode 6e54f060-cd9d-44cc-b25b-8b76f38102a4{ip: 192.168.5.153, host: pr-hdds-2137-trunk-mnh2s-3748177197, networkLocation: /default-rack, certSerialId: null}. Reason : 6e54f060-cd9d-44cc-b25b-8b76f38102a4 has not seen follower/s c0e7c0fa-20c5-4865-93a8-b9416c9f108d for 173558ms
2019-09-17 11:30:13,691 [EventQueue-PipelineActionsForPipelineActionHandler] INFO  pipeline.SCMPipelineManager (SCMPipelineManager.java:finalizeAndDestroyPipeline(311)) - destroying pipeline:Pipeline[ Id: 9338ff2d-8af1-4995-acb2-20d8f186421c, Nodes: c0e7c0fa-20c5-4865-93a8-b9416c9f108d{ip: 192.168.5.153, host: pr-hdds-2137-trunk-mnh2s-3748177197, networkLocation: /default-rack, certSerialId: null}6e54f060-cd9d-44cc-b25b-8b76f38102a4{ip: 192.168.5.153, host: pr-hdds-2137-trunk-mnh2s-3748177197, networkLocation: /default-rack, certSerialId: null}332345b2-53e5-4965-b414-3287d6427edd{ip: 192.168.5.153, host: pr-hdds-2137-trunk-mnh2s-3748177197, networkLocation: /default-rack, certSerialId: null}, Type:RATIS, Factor:THREE, State:CLOSED]
2019-09-17 11:30:15,206 [grpc-default-executor-0] INFO  client.GrpcClientProtocolClient (GrpcClientProtocolClient.java:onNext(264)) - client-5C9AA7781B6B->332345b2-53e5-4965-b414-3287d6427edd: receive RaftClientReply:client-5C9AA7781B6B->332345b2-53e5-4965-b414-3287d6427edd@group-20D8F186421C, cid=21, FAILED org.apache.ratis.protocol.NotLeaderException: Server 332345b2-53e5-4965-b414-3287d6427edd@group-20D8F186421C is not the leader 6e54f060-cd9d-44cc-b25b-8b76f38102a4:192.168.5.153:46767, logIndex=0, commits[332345b2-53e5-4965-b414-3287d6427edd:c10, 6e54f060-cd9d-44cc-b25b-8b76f38102a4:c10, c0e7c0fa-20c5-4865-93a8-b9416c9f108d:c6]
2019-09-17 11:30:15,230 [org.apache.ratis.server.impl.LogAppender$AppenderDaemon$$Lambda$524/1128290472@3263958d] ERROR ratis.XceiverServerRatis (XceiverServerRatis.java:triggerPipelineClose(575)) - pipeline Action CLOSE  on pipeline PipelineID=9338ff2d-8af1-4995-acb2-20d8f186421c.Reason : 6e54f060-cd9d-44cc-b25b-8b76f38102a4 has not seen follower/s c0e7c0fa-20c5-4865-93a8-b9416c9f108d for 176059ms
2019-09-17 11:30:15,690 [EventQueue-PipelineActionsForPipelineActionHandler] ERROR pipeline.PipelineActionHandler (PipelineActionHandler.java:onMessage(60)) - Received pipeline action CLOSE for Pipeline[ Id: 9338ff2d-8af1-4995-acb2-20d8f186421c, Nodes: c0e7c0fa-20c5-4865-93a8-b9416c9f108d{ip: 192.168.5.153, host: pr-hdds-2137-trunk-mnh2s-3748177197, networkLocation: /default-rack, certSerialId: null}6e54f060-cd9d-44cc-b25b-8b76f38102a4{ip: 192.168.5.153, host: pr-hdds-2137-trunk-mnh2s-3748177197, networkLocation: /default-rack, certSerialId: null}332345b2-53e5-4965-b414-3287d6427edd{ip: 192.168.5.153, host: pr-hdds-2137-trunk-mnh2s-3748177197, networkLocation: /default-rack, certSerialId: null}, Type:RATIS, Factor:THREE, State:CLOSED] from datanode 6e54f060-cd9d-44cc-b25b-8b76f38102a4{ip: 192.168.5.153, host: pr-hdds-2137-trunk-mnh2s-3748177197, networkLocation: /default-rack, certSerialId: null}. Reason : 6e54f060-cd9d-44cc-b25b-8b76f38102a4 has not seen follower/s c0e7c0fa-20c5-4865-93a8-b9416c9f108d for 176059ms
2019-09-17 11:30:15,690 [EventQueue-PipelineActionsForPipelineActionHandler] INFO  pipeline.SCMPipelineManager (SCMPipelineManager.java:finalizeAndDestroyPipeline(311)) - destroying pipeline:Pipeline[ Id: 9338ff2d-8af1-4995-acb2-20d8f186421c, Nodes: c0e7c0fa-20c5-4865-93a8-b9416c9f108d{ip: 192.168.5.153, host: pr-hdds-2137-trunk-mnh2s-3748177197, networkLocation: /default-rack, certSerialId: null}6e54f060-cd9d-44cc-b25b-8b76f38102a4{ip: 192.168.5.153, host: pr-hdds-2137-trunk-mnh2s-3748177197, networkLocation: /default-rack, certSerialId: null}332345b2-53e5-4965-b414-3287d6427edd{ip: 192.168.5.153, host: pr-hdds-2137-trunk-mnh2s-3748177197, networkLocation: /default-rack, certSerialId: null}, Type:RATIS, Factor:THREE, State:CLOSED]
2019-09-17 11:30:15,704 [java.util.concurrent.ThreadPoolExecutor$Worker@49dbf5b8[State = -1, empty queue]] WARN  server.GrpcLogAppender (GrpcLogAppender.java:timeoutAppendRequest(200)) - 6e54f060-cd9d-44cc-b25b-8b76f38102a4@group-20D8F186421C->c0e7c0fa-20c5-4865-93a8-b9416c9f108d-GrpcLogAppender: appendEntries Timeout, request=6e54f060-cd9d-44cc-b25b-8b76f38102a4->c0e7c0fa-20c5-4865-93a8-b9416c9f108d#97-t1, previous=(t:1, i:14), leaderCommit=10, initializing? false, entries: <empty>
2019-09-17 11:30:17,707 [org.apache.ratis.server.impl.LogAppender$AppenderDaemon$$Lambda$524/1128290472@3263958d] ERROR ratis.XceiverServerRatis (XceiverServerRatis.java:triggerPipelineClose(575)) - pipeline Action CLOSE  on pipeline PipelineID=9338ff2d-8af1-4995-acb2-20d8f186421c.Reason : 6e54f060-cd9d-44cc-b25b-8b76f38102a4 has not seen follower/s c0e7c0fa-20c5-4865-93a8-b9416c9f108d for 178560ms
2019-09-17 11:30:18,206 [java.util.concurrent.ThreadPoolExecutor$Worker@49dbf5b8[State = -1, empty queue]] WARN  server.GrpcLogAppender (GrpcLogAppender.java:timeoutAppendRequest(200)) - 6e54f060-cd9d-44cc-b25b-8b76f38102a4@group-20D8F186421C->c0e7c0fa-20c5-4865-93a8-b9416c9f108d-GrpcLogAppender: appendEntries Timeout, request=6e54f060-cd9d-44cc-b25b-8b76f38102a4->c0e7c0fa-20c5-4865-93a8-b9416c9f108d#98-t1, previous=(t:1, i:14), leaderCommit=10, initializing? false, entries: <empty>
2019-09-17 11:30:18,691 [EventQueue-PipelineActionsForPipelineActionHandler] ERROR pipeline.PipelineActionHandler (PipelineActionHandler.java:onMessage(60)) - Received pipeline action CLOSE for Pipeline[ Id: 9338ff2d-8af1-4995-acb2-20d8f186421c, Nodes: c0e7c0fa-20c5-4865-93a8-b9416c9f108d{ip: 192.168.5.153, host: pr-hdds-2137-trunk-mnh2s-3748177197, networkLocation: /default-rack, certSerialId: null}6e54f060-cd9d-44cc-b25b-8b76f38102a4{ip: 192.168.5.153, host: pr-hdds-2137-trunk-mnh2s-3748177197, networkLocation: /default-rack, certSerialId: null}332345b2-53e5-4965-b414-3287d6427edd{ip: 192.168.5.153, host: pr-hdds-2137-trunk-mnh2s-3748177197, networkLocation: /default-rack, certSerialId: null}, Type:RATIS, Factor:THREE, State:CLOSED] from datanode 6e54f060-cd9d-44cc-b25b-8b76f38102a4{ip: 192.168.5.153, host: pr-hdds-2137-trunk-mnh2s-3748177197, networkLocation: /default-rack, certSerialId: null}. Reason : 6e54f060-cd9d-44cc-b25b-8b76f38102a4 has not seen follower/s c0e7c0fa-20c5-4865-93a8-b9416c9f108d for 178560ms
2019-09-17 11:30:18,691 [EventQueue-PipelineActionsForPipelineActionHandler] INFO  pipeline.SCMPipelineManager (SCMPipelineManager.java:finalizeAndDestroyPipeline(311)) - destroying pipeline:Pipeline[ Id: 9338ff2d-8af1-4995-acb2-20d8f186421c, Nodes: c0e7c0fa-20c5-4865-93a8-b9416c9f108d{ip: 192.168.5.153, host: pr-hdds-2137-trunk-mnh2s-3748177197, networkLocation: /default-rack, certSerialId: null}6e54f060-cd9d-44cc-b25b-8b76f38102a4{ip: 192.168.5.153, host: pr-hdds-2137-trunk-mnh2s-3748177197, networkLocation: /default-rack, certSerialId: null}332345b2-53e5-4965-b414-3287d6427edd{ip: 192.168.5.153, host: pr-hdds-2137-trunk-mnh2s-3748177197, networkLocation: /default-rack, certSerialId: null}, Type:RATIS, Factor:THREE, State:CLOSED]
2019-09-17 11:30:19,710 [6e54f060-cd9d-44cc-b25b-8b76f38102a4@group-20D8F186421C-SegmentedRaftLogWorker] WARN  segmented.SegmentedRaftLogWorker (SegmentedRaftLogWorker.java:getFromFuture(90)) - Timeout 17/~
org.apache.ratis.protocol.TimeoutIOException: Timeout 10s: WriteLog:12: (t:1, i:12), STATEMACHINELOGENTRY, client-5C9AA7781B6B, cid=22-writeStateMachineData
	at org.apache.ratis.util.IOUtils.getFromFuture(IOUtils.java:87)
	at org.apache.ratis.server.raftlog.segmented.SegmentedRaftLogWorker$StateMachineDataPolicy.getFromFuture(SegmentedRaftLogWorker.java:87)
	at org.apache.ratis.server.raftlog.segmented.SegmentedRaftLogWorker$WriteLog.execute(SegmentedRaftLogWorker.java:477)
	at org.apache.ratis.server.raftlog.segmented.SegmentedRaftLogWorker.run(SegmentedRaftLogWorker.java:289)
	at java.lang.Thread.run(Thread.java:748)
Caused by: java.util.concurrent.TimeoutException
	at java.util.concurrent.CompletableFuture.timedGet(CompletableFuture.java:1771)
	at java.util.concurrent.CompletableFuture.get(CompletableFuture.java:1915)
	at org.apache.ratis.util.IOUtils.getFromFuture(IOUtils.java:79)
	... 4 more
2019-09-17 11:30:20,118 [c0e7c0fa-20c5-4865-93a8-b9416c9f108d@group-20D8F186421C-SegmentedRaftLogWorker] WARN  segmented.SegmentedRaftLogWorker (SegmentedRaftLogWorker.java:getFromFuture(90)) - Timeout 17/~
org.apache.ratis.protocol.TimeoutIOException: Timeout 10s: WriteLog:12: (t:1, i:12), STATEMACHINELOGENTRY, client-5C9AA7781B6B, cid=22-writeStateMachineData
	at org.apache.ratis.util.IOUtils.getFromFuture(IOUtils.java:87)
	at org.apache.ratis.server.raftlog.segmented.SegmentedRaftLogWorker$StateMachineDataPolicy.getFromFuture(SegmentedRaftLogWorker.java:87)
	at org.apache.ratis.server.raftlog.segmented.SegmentedRaftLogWorker$WriteLog.execute(SegmentedRaftLogWorker.java:477)
	at org.apache.ratis.server.raftlog.segmented.SegmentedRaftLogWorker.run(SegmentedRaftLogWorker.java:289)
	at java.lang.Thread.run(Thread.java:748)
Caused by: java.util.concurrent.TimeoutException
	at java.util.concurrent.CompletableFuture.timedGet(CompletableFuture.java:1771)
	at java.util.concurrent.CompletableFuture.get(CompletableFuture.java:1915)
	at org.apache.ratis.util.IOUtils.getFromFuture(IOUtils.java:79)
	... 4 more
2019-09-17 11:30:20,208 [org.apache.ratis.server.impl.LogAppender$AppenderDaemon$$Lambda$524/1128290472@3263958d] ERROR ratis.XceiverServerRatis (XceiverServerRatis.java:triggerPipelineClose(575)) - pipeline Action CLOSE  on pipeline PipelineID=9338ff2d-8af1-4995-acb2-20d8f186421c.Reason : 6e54f060-cd9d-44cc-b25b-8b76f38102a4 has not seen follower/s c0e7c0fa-20c5-4865-93a8-b9416c9f108d for 181061ms
2019-09-17 11:30:20,245 [grpc-default-executor-3] INFO  client.GrpcClientProtocolClient (GrpcClientProtocolClient.java:onNext(264)) - client-5C9AA7781B6B->332345b2-53e5-4965-b414-3287d6427edd: receive RaftClientReply:client-5C9AA7781B6B->332345b2-53e5-4965-b414-3287d6427edd@group-20D8F186421C, cid=21, FAILED org.apache.ratis.protocol.NotLeaderException: Server 332345b2-53e5-4965-b414-3287d6427edd@group-20D8F186421C is not the leader 6e54f060-cd9d-44cc-b25b-8b76f38102a4:192.168.5.153:46767, logIndex=0, commits[332345b2-53e5-4965-b414-3287d6427edd:c10, 6e54f060-cd9d-44cc-b25b-8b76f38102a4:c10, c0e7c0fa-20c5-4865-93a8-b9416c9f108d:c6]
2019-09-17 11:30:20,690 [EventQueue-PipelineActionsForPipelineActionHandler] ERROR pipeline.PipelineActionHandler (PipelineActionHandler.java:onMessage(60)) - Received pipeline action CLOSE for Pipeline[ Id: 9338ff2d-8af1-4995-acb2-20d8f186421c, Nodes: c0e7c0fa-20c5-4865-93a8-b9416c9f108d{ip: 192.168.5.153, host: pr-hdds-2137-trunk-mnh2s-3748177197, networkLocation: /default-rack, certSerialId: null}6e54f060-cd9d-44cc-b25b-8b76f38102a4{ip: 192.168.5.153, host: pr-hdds-2137-trunk-mnh2s-3748177197, networkLocation: /default-rack, certSerialId: null}332345b2-53e5-4965-b414-3287d6427edd{ip: 192.168.5.153, host: pr-hdds-2137-trunk-mnh2s-3748177197, networkLocation: /default-rack, certSerialId: null}, Type:RATIS, Factor:THREE, State:CLOSED] from datanode 6e54f060-cd9d-44cc-b25b-8b76f38102a4{ip: 192.168.5.153, host: pr-hdds-2137-trunk-mnh2s-3748177197, networkLocation: /default-rack, certSerialId: null}. Reason : 6e54f060-cd9d-44cc-b25b-8b76f38102a4 has not seen follower/s c0e7c0fa-20c5-4865-93a8-b9416c9f108d for 181061ms
2019-09-17 11:30:20,690 [EventQueue-PipelineActionsForPipelineActionHandler] INFO  pipeline.SCMPipelineManager (SCMPipelineManager.java:finalizeAndDestroyPipeline(311)) - destroying pipeline:Pipeline[ Id: 9338ff2d-8af1-4995-acb2-20d8f186421c, Nodes: c0e7c0fa-20c5-4865-93a8-b9416c9f108d{ip: 192.168.5.153, host: pr-hdds-2137-trunk-mnh2s-3748177197, networkLocation: /default-rack, certSerialId: null}6e54f060-cd9d-44cc-b25b-8b76f38102a4{ip: 192.168.5.153, host: pr-hdds-2137-trunk-mnh2s-3748177197, networkLocation: /default-rack, certSerialId: null}332345b2-53e5-4965-b414-3287d6427edd{ip: 192.168.5.153, host: pr-hdds-2137-trunk-mnh2s-3748177197, networkLocation: /default-rack, certSerialId: null}, Type:RATIS, Factor:THREE, State:CLOSED]
2019-09-17 11:30:20,708 [java.util.concurrent.ThreadPoolExecutor$Worker@49dbf5b8[State = -1, empty queue]] WARN  server.GrpcLogAppender (GrpcLogAppender.java:timeoutAppendRequest(200)) - 6e54f060-cd9d-44cc-b25b-8b76f38102a4@group-20D8F186421C->c0e7c0fa-20c5-4865-93a8-b9416c9f108d-GrpcLogAppender: appendEntries Timeout, request=6e54f060-cd9d-44cc-b25b-8b76f38102a4->c0e7c0fa-20c5-4865-93a8-b9416c9f108d#99-t1, previous=(t:1, i:14), leaderCommit=10, initializing? false, entries: <empty>
2019-09-17 11:30:22,709 [org.apache.ratis.server.impl.LogAppender$AppenderDaemon$$Lambda$524/1128290472@3263958d] ERROR ratis.XceiverServerRatis (XceiverServerRatis.java:triggerPipelineClose(575)) - pipeline Action CLOSE  on pipeline PipelineID=9338ff2d-8af1-4995-acb2-20d8f186421c.Reason : 6e54f060-cd9d-44cc-b25b-8b76f38102a4 has not seen follower/s c0e7c0fa-20c5-4865-93a8-b9416c9f108d for 183562ms
2019-09-17 11:30:23,208 [java.util.concurrent.ThreadPoolExecutor$Worker@49dbf5b8[State = -1, empty queue]] WARN  server.GrpcLogAppender (GrpcLogAppender.java:timeoutAppendRequest(200)) - 6e54f060-cd9d-44cc-b25b-8b76f38102a4@group-20D8F186421C->c0e7c0fa-20c5-4865-93a8-b9416c9f108d-GrpcLogAppender: appendEntries Timeout, request=6e54f060-cd9d-44cc-b25b-8b76f38102a4->c0e7c0fa-20c5-4865-93a8-b9416c9f108d#100-t1, previous=(t:1, i:14), leaderCommit=10, initializing? false, entries: <empty>
2019-09-17 11:30:23,690 [EventQueue-PipelineActionsForPipelineActionHandler] ERROR pipeline.PipelineActionHandler (PipelineActionHandler.java:onMessage(60)) - Received pipeline action CLOSE for Pipeline[ Id: 9338ff2d-8af1-4995-acb2-20d8f186421c, Nodes: c0e7c0fa-20c5-4865-93a8-b9416c9f108d{ip: 192.168.5.153, host: pr-hdds-2137-trunk-mnh2s-3748177197, networkLocation: /default-rack, certSerialId: null}6e54f060-cd9d-44cc-b25b-8b76f38102a4{ip: 192.168.5.153, host: pr-hdds-2137-trunk-mnh2s-3748177197, networkLocation: /default-rack, certSerialId: null}332345b2-53e5-4965-b414-3287d6427edd{ip: 192.168.5.153, host: pr-hdds-2137-trunk-mnh2s-3748177197, networkLocation: /default-rack, certSerialId: null}, Type:RATIS, Factor:THREE, State:CLOSED] from datanode 6e54f060-cd9d-44cc-b25b-8b76f38102a4{ip: 192.168.5.153, host: pr-hdds-2137-trunk-mnh2s-3748177197, networkLocation: /default-rack, certSerialId: null}. Reason : 6e54f060-cd9d-44cc-b25b-8b76f38102a4 has not seen follower/s c0e7c0fa-20c5-4865-93a8-b9416c9f108d for 183562ms
2019-09-17 11:30:23,691 [EventQueue-PipelineActionsForPipelineActionHandler] INFO  pipeline.SCMPipelineManager (SCMPipelineManager.java:finalizeAndDestroyPipeline(311)) - destroying pipeline:Pipeline[ Id: 9338ff2d-8af1-4995-acb2-20d8f186421c, Nodes: c0e7c0fa-20c5-4865-93a8-b9416c9f108d{ip: 192.168.5.153, host: pr-hdds-2137-trunk-mnh2s-3748177197, networkLocation: /default-rack, certSerialId: null}6e54f060-cd9d-44cc-b25b-8b76f38102a4{ip: 192.168.5.153, host: pr-hdds-2137-trunk-mnh2s-3748177197, networkLocation: /default-rack, certSerialId: null}332345b2-53e5-4965-b414-3287d6427edd{ip: 192.168.5.153, host: pr-hdds-2137-trunk-mnh2s-3748177197, networkLocation: /default-rack, certSerialId: null}, Type:RATIS, Factor:THREE, State:CLOSED]
2019-09-17 11:30:25,211 [org.apache.ratis.server.impl.LogAppender$AppenderDaemon$$Lambda$524/1128290472@3263958d] ERROR ratis.XceiverServerRatis (XceiverServerRatis.java:triggerPipelineClose(575)) - pipeline Action CLOSE  on pipeline PipelineID=9338ff2d-8af1-4995-acb2-20d8f186421c.Reason : 6e54f060-cd9d-44cc-b25b-8b76f38102a4 has not seen follower/s c0e7c0fa-20c5-4865-93a8-b9416c9f108d for 186064ms
2019-09-17 11:30:25,261 [grpc-default-executor-0] INFO  client.GrpcClientProtocolClient (GrpcClientProtocolClient.java:onNext(264)) - client-5C9AA7781B6B->c0e7c0fa-20c5-4865-93a8-b9416c9f108d: receive RaftClientReply:client-5C9AA7781B6B->c0e7c0fa-20c5-4865-93a8-b9416c9f108d@group-20D8F186421C, cid=21, FAILED org.apache.ratis.protocol.NotLeaderException: Server c0e7c0fa-20c5-4865-93a8-b9416c9f108d@group-20D8F186421C is not the leader 6e54f060-cd9d-44cc-b25b-8b76f38102a4:192.168.5.153:46767, logIndex=0, commits[c0e7c0fa-20c5-4865-93a8-b9416c9f108d:c10, 6e54f060-cd9d-44cc-b25b-8b76f38102a4:c10, 332345b2-53e5-4965-b414-3287d6427edd:c10]
2019-09-17 11:30:25,678 [grpc-default-executor-0] INFO  impl.RaftServerProxy (RaftServerProxy.java:remove(95)) - c0e7c0fa-20c5-4865-93a8-b9416c9f108d: remove  FOLLOWER c0e7c0fa-20c5-4865-93a8-b9416c9f108d@group-20D8F186421C:t1, leader=6e54f060-cd9d-44cc-b25b-8b76f38102a4, voted=c0e7c0fa-20c5-4865-93a8-b9416c9f108d, raftlog=c0e7c0fa-20c5-4865-93a8-b9416c9f108d@group-20D8F186421C-SegmentedRaftLog:OPENED:c10,f10,i14, conf=0: [6e54f060-cd9d-44cc-b25b-8b76f38102a4:192.168.5.153:46767, c0e7c0fa-20c5-4865-93a8-b9416c9f108d:192.168.5.153:33473, 332345b2-53e5-4965-b414-3287d6427edd:192.168.5.153:33105], old=null RUNNING
2019-09-17 11:30:25,686 [grpc-default-executor-0] INFO  impl.RaftServerImpl (RaftServerImpl.java:lambda$shutdown$3(251)) - c0e7c0fa-20c5-4865-93a8-b9416c9f108d@group-20D8F186421C: shutdown
2019-09-17 11:30:25,687 [grpc-default-executor-0] INFO  util.JmxRegister (JmxRegister.java:unregister(73)) - Successfully un-registered JMX Bean with object name Ratis:service=RaftServer,group=group-20D8F186421C,id=c0e7c0fa-20c5-4865-93a8-b9416c9f108d
2019-09-17 11:30:25,687 [grpc-default-executor-0] INFO  impl.RoleInfo (RoleInfo.java:shutdownFollowerState(121)) - c0e7c0fa-20c5-4865-93a8-b9416c9f108d: shutdown FollowerState
2019-09-17 11:30:25,687 [grpc-default-executor-0] INFO  impl.StateMachineUpdater (StateMachineUpdater.java:stopAndJoin(125)) - c0e7c0fa-20c5-4865-93a8-b9416c9f108d@group-20D8F186421C-StateMachineUpdater: set stopIndex = 10
2019-09-17 11:30:25,687 [Thread-326] INFO  impl.FollowerState (FollowerState.java:run(115)) - c0e7c0fa-20c5-4865-93a8-b9416c9f108d: FollowerState was interrupted: java.lang.InterruptedException: sleep interrupted
2019-09-17 11:30:25,688 [c0e7c0fa-20c5-4865-93a8-b9416c9f108d@group-20D8F186421C-StateMachineUpdater] INFO  ratis.ContainerStateMachine (ContainerStateMachine.java:takeSnapshot(289)) - group-20D8F186421C: Taking a snapshot at:(t:1, i:6) file /tmp/workdir/hadoop-ozone/integration-test/target/test-dir/MiniOzoneClusterImpl-e42b28d7-520e-496f-bc8b-576242fa3301/datanode-4/data/ratis/9338ff2d-8af1-4995-acb2-20d8f186421c/sm/snapshot.1_6
2019-09-17 11:30:25,691 [EventQueue-PipelineActionsForPipelineActionHandler] ERROR pipeline.PipelineActionHandler (PipelineActionHandler.java:onMessage(60)) - Received pipeline action CLOSE for Pipeline[ Id: 9338ff2d-8af1-4995-acb2-20d8f186421c, Nodes: c0e7c0fa-20c5-4865-93a8-b9416c9f108d{ip: 192.168.5.153, host: pr-hdds-2137-trunk-mnh2s-3748177197, networkLocation: /default-rack, certSerialId: null}6e54f060-cd9d-44cc-b25b-8b76f38102a4{ip: 192.168.5.153, host: pr-hdds-2137-trunk-mnh2s-3748177197, networkLocation: /default-rack, certSerialId: null}332345b2-53e5-4965-b414-3287d6427edd{ip: 192.168.5.153, host: pr-hdds-2137-trunk-mnh2s-3748177197, networkLocation: /default-rack, certSerialId: null}, Type:RATIS, Factor:THREE, State:CLOSED] from datanode 6e54f060-cd9d-44cc-b25b-8b76f38102a4{ip: 192.168.5.153, host: pr-hdds-2137-trunk-mnh2s-3748177197, networkLocation: /default-rack, certSerialId: null}. Reason : 6e54f060-cd9d-44cc-b25b-8b76f38102a4 has not seen follower/s c0e7c0fa-20c5-4865-93a8-b9416c9f108d for 186064ms
2019-09-17 11:30:25,691 [EventQueue-PipelineActionsForPipelineActionHandler] INFO  pipeline.SCMPipelineManager (SCMPipelineManager.java:finalizeAndDestroyPipeline(311)) - destroying pipeline:Pipeline[ Id: 9338ff2d-8af1-4995-acb2-20d8f186421c, Nodes: c0e7c0fa-20c5-4865-93a8-b9416c9f108d{ip: 192.168.5.153, host: pr-hdds-2137-trunk-mnh2s-3748177197, networkLocation: /default-rack, certSerialId: null}6e54f060-cd9d-44cc-b25b-8b76f38102a4{ip: 192.168.5.153, host: pr-hdds-2137-trunk-mnh2s-3748177197, networkLocation: /default-rack, certSerialId: null}332345b2-53e5-4965-b414-3287d6427edd{ip: 192.168.5.153, host: pr-hdds-2137-trunk-mnh2s-3748177197, networkLocation: /default-rack, certSerialId: null}, Type:RATIS, Factor:THREE, State:CLOSED]
2019-09-17 11:30:25,709 [java.util.concurrent.ThreadPoolExecutor$Worker@49dbf5b8[State = -1, empty queue]] WARN  server.GrpcLogAppender (GrpcLogAppender.java:timeoutAppendRequest(200)) - 6e54f060-cd9d-44cc-b25b-8b76f38102a4@group-20D8F186421C->c0e7c0fa-20c5-4865-93a8-b9416c9f108d-GrpcLogAppender: appendEntries Timeout, request=6e54f060-cd9d-44cc-b25b-8b76f38102a4->c0e7c0fa-20c5-4865-93a8-b9416c9f108d#101-t1, previous=(t:1, i:14), leaderCommit=10, initializing? false, entries: <empty>
2019-09-17 11:30:25,732 [c0e7c0fa-20c5-4865-93a8-b9416c9f108d@group-20D8F186421C-StateMachineUpdater] INFO  ratis.ContainerStateMachine (ContainerStateMachine.java:takeSnapshot(300)) - group-20D8F186421C: Finished taking a snapshot at:(t:1, i:6) file:/tmp/workdir/hadoop-ozone/integration-test/target/test-dir/MiniOzoneClusterImpl-e42b28d7-520e-496f-bc8b-576242fa3301/datanode-4/data/ratis/9338ff2d-8af1-4995-acb2-20d8f186421c/sm/snapshot.1_6 time:45
2019-09-17 11:30:25,734 [c0e7c0fa-20c5-4865-93a8-b9416c9f108d@group-20D8F186421C-StateMachineUpdater] INFO  impl.StateMachineUpdater (StateMachineUpdater.java:takeSnapshot(258)) - c0e7c0fa-20c5-4865-93a8-b9416c9f108d@group-20D8F186421C-StateMachineUpdater: Took a snapshot at index 6
2019-09-17 11:30:25,737 [c0e7c0fa-20c5-4865-93a8-b9416c9f108d@group-20D8F186421C-StateMachineUpdater] INFO  impl.StateMachineUpdater (StateMachineUpdater.java:lambda$new$0(83)) - c0e7c0fa-20c5-4865-93a8-b9416c9f108d@group-20D8F186421C-StateMachineUpdater: snapshotIndex: updateIncreasingly -1 -> 6
2019-09-17 11:30:25,753 [c0e7c0fa-20c5-4865-93a8-b9416c9f108d@group-20D8F186421C-StateMachineUpdater] INFO  ratis.ContainerStateMachine (ContainerStateMachine.java:takeSnapshot(289)) - group-20D8F186421C: Taking a snapshot at:(t:1, i:6) file /tmp/workdir/hadoop-ozone/integration-test/target/test-dir/MiniOzoneClusterImpl-e42b28d7-520e-496f-bc8b-576242fa3301/datanode-4/data/ratis/9338ff2d-8af1-4995-acb2-20d8f186421c/sm/snapshot.1_6
2019-09-17 11:30:25,808 [c0e7c0fa-20c5-4865-93a8-b9416c9f108d@group-20D8F186421C-StateMachineUpdater] INFO  ratis.ContainerStateMachine (ContainerStateMachine.java:takeSnapshot(300)) - group-20D8F186421C: Finished taking a snapshot at:(t:1, i:6) file:/tmp/workdir/hadoop-ozone/integration-test/target/test-dir/MiniOzoneClusterImpl-e42b28d7-520e-496f-bc8b-576242fa3301/datanode-4/data/ratis/9338ff2d-8af1-4995-acb2-20d8f186421c/sm/snapshot.1_6 time:54
2019-09-17 11:30:25,808 [c0e7c0fa-20c5-4865-93a8-b9416c9f108d@group-20D8F186421C-StateMachineUpdater] INFO  impl.StateMachineUpdater (StateMachineUpdater.java:takeSnapshot(258)) - c0e7c0fa-20c5-4865-93a8-b9416c9f108d@group-20D8F186421C-StateMachineUpdater: Took a snapshot at index 6
2019-09-17 11:30:25,808 [c0e7c0fa-20c5-4865-93a8-b9416c9f108d@group-20D8F186421C-StateMachineUpdater] INFO  impl.StateMachineUpdater (StateMachineUpdater.java:lambda$new$0(83)) - c0e7c0fa-20c5-4865-93a8-b9416c9f108d@group-20D8F186421C-StateMachineUpdater: snapshotIndex: updateIncreasingly 6 -> 6
2019-09-17 11:30:25,809 [grpc-default-executor-0] INFO  impl.RaftServerImpl (ServerState.java:close(385)) - c0e7c0fa-20c5-4865-93a8-b9416c9f108d@group-20D8F186421C: closes. applyIndex: 10
2019-09-17 11:30:25,819 [c0e7c0fa-20c5-4865-93a8-b9416c9f108d@group-20D8F186421C-SegmentedRaftLogWorker] ERROR ratis.XceiverServerRatis (XceiverServerRatis.java:triggerPipelineClose(575)) - pipeline Action CLOSE  on pipeline PipelineID=9338ff2d-8af1-4995-acb2-20d8f186421c.Reason : WriteLog:12: (t:1, i:12), STATEMACHINELOGENTRY, client-5C9AA7781B6B, cid=22-writeStateMachineData interrupted.
2019-09-17 11:30:25,823 [EventQueue-PipelineActionsForPipelineActionHandler] ERROR pipeline.PipelineActionHandler (PipelineActionHandler.java:onMessage(60)) - Received pipeline action CLOSE for Pipeline[ Id: 9338ff2d-8af1-4995-acb2-20d8f186421c, Nodes: c0e7c0fa-20c5-4865-93a8-b9416c9f108d{ip: 192.168.5.153, host: pr-hdds-2137-trunk-mnh2s-3748177197, networkLocation: /default-rack, certSerialId: null}6e54f060-cd9d-44cc-b25b-8b76f38102a4{ip: 192.168.5.153, host: pr-hdds-2137-trunk-mnh2s-3748177197, networkLocation: /default-rack, certSerialId: null}332345b2-53e5-4965-b414-3287d6427edd{ip: 192.168.5.153, host: pr-hdds-2137-trunk-mnh2s-3748177197, networkLocation: /default-rack, certSerialId: null}, Type:RATIS, Factor:THREE, State:CLOSED] from datanode c0e7c0fa-20c5-4865-93a8-b9416c9f108d{ip: 192.168.5.153, host: pr-hdds-2137-trunk-mnh2s-3748177197, networkLocation: /default-rack, certSerialId: null}. Reason : WriteLog:12: (t:1, i:12), STATEMACHINELOGENTRY, client-5C9AA7781B6B, cid=22-writeStateMachineData interrupted.
2019-09-17 11:30:25,823 [EventQueue-PipelineActionsForPipelineActionHandler] INFO  pipeline.SCMPipelineManager (SCMPipelineManager.java:finalizeAndDestroyPipeline(311)) - destroying pipeline:Pipeline[ Id: 9338ff2d-8af1-4995-acb2-20d8f186421c, Nodes: c0e7c0fa-20c5-4865-93a8-b9416c9f108d{ip: 192.168.5.153, host: pr-hdds-2137-trunk-mnh2s-3748177197, networkLocation: /default-rack, certSerialId: null}6e54f060-cd9d-44cc-b25b-8b76f38102a4{ip: 192.168.5.153, host: pr-hdds-2137-trunk-mnh2s-3748177197, networkLocation: /default-rack, certSerialId: null}332345b2-53e5-4965-b414-3287d6427edd{ip: 192.168.5.153, host: pr-hdds-2137-trunk-mnh2s-3748177197, networkLocation: /default-rack, certSerialId: null}, Type:RATIS, Factor:THREE, State:CLOSED]
2019-09-17 11:30:25,830 [grpc-default-executor-0] INFO  segmented.SegmentedRaftLogWorker (SegmentedRaftLogWorker.java:close(228)) - c0e7c0fa-20c5-4865-93a8-b9416c9f108d@group-20D8F186421C-SegmentedRaftLogWorker close()
2019-09-17 11:30:25,850 [grpc-default-executor-0] INFO  interfaces.Container (KeyValueContainer.java:flushAndSyncDB(386)) - Container 2 is synced with bcsId 6.
2019-09-17 11:30:25,850 [grpc-default-executor-0] INFO  interfaces.Container (KeyValueContainer.java:flushAndSyncDB(386)) - Container 2 is synced with bcsId 6.
2019-09-17 11:30:25,877 [EventQueue-IncrementalContainerReportForIncrementalContainerReportHandler] INFO  container.IncrementalContainerReportHandler (AbstractContainerReportHandler.java:updateContainerState(169)) - Moving container #2 to QUASI_CLOSED state, datanode c0e7c0fa-20c5-4865-93a8-b9416c9f108d{ip: 192.168.5.153, host: pr-hdds-2137-trunk-mnh2s-3748177197, networkLocation: /default-rack, certSerialId: null} reported QUASI_CLOSED replica.
2019-09-17 11:30:25,981 [grpc-default-executor-0] INFO  interfaces.Container (KeyValueContainer.java:flushAndSyncDB(386)) - Container 3 is synced with bcsId 0.
2019-09-17 11:30:25,981 [grpc-default-executor-0] INFO  interfaces.Container (KeyValueContainer.java:flushAndSyncDB(386)) - Container 3 is synced with bcsId 0.
2019-09-17 11:30:26,008 [EventQueue-IncrementalContainerReportForIncrementalContainerReportHandler] INFO  container.IncrementalContainerReportHandler (AbstractContainerReportHandler.java:updateContainerState(169)) - Moving container #3 to QUASI_CLOSED state, datanode c0e7c0fa-20c5-4865-93a8-b9416c9f108d{ip: 192.168.5.153, host: pr-hdds-2137-trunk-mnh2s-3748177197, networkLocation: /default-rack, certSerialId: null} reported QUASI_CLOSED replica.
2019-09-17 11:30:26,016 [grpc-default-executor-0] INFO  impl.RaftServerProxy (RaftServerProxy.java:remove(95)) - 6e54f060-cd9d-44cc-b25b-8b76f38102a4: remove    LEADER 6e54f060-cd9d-44cc-b25b-8b76f38102a4@group-20D8F186421C:t1, leader=6e54f060-cd9d-44cc-b25b-8b76f38102a4, voted=6e54f060-cd9d-44cc-b25b-8b76f38102a4, raftlog=6e54f060-cd9d-44cc-b25b-8b76f38102a4@group-20D8F186421C-SegmentedRaftLog:OPENED:c10,f10,i14, conf=0: [6e54f060-cd9d-44cc-b25b-8b76f38102a4:192.168.5.153:46767, c0e7c0fa-20c5-4865-93a8-b9416c9f108d:192.168.5.153:33473, 332345b2-53e5-4965-b414-3287d6427edd:192.168.5.153:33105], old=null RUNNING
2019-09-17 11:30:26,017 [grpc-default-executor-0] INFO  impl.RaftServerImpl (RaftServerImpl.java:lambda$shutdown$3(251)) - 6e54f060-cd9d-44cc-b25b-8b76f38102a4@group-20D8F186421C: shutdown
2019-09-17 11:30:26,017 [grpc-default-executor-0] INFO  util.JmxRegister (JmxRegister.java:unregister(73)) - Successfully un-registered JMX Bean with object name Ratis:service=RaftServer,group=group-20D8F186421C,id=6e54f060-cd9d-44cc-b25b-8b76f38102a4
2019-09-17 11:30:26,017 [grpc-default-executor-0] INFO  impl.RoleInfo (RoleInfo.java:shutdownLeaderState(104)) - 6e54f060-cd9d-44cc-b25b-8b76f38102a4: shutdown LeaderState
2019-09-17 11:30:26,023 [grpc-default-executor-0] INFO  impl.PendingRequests (PendingRequests.java:sendNotLeaderResponses(202)) - 6e54f060-cd9d-44cc-b25b-8b76f38102a4-PendingRequests: sendNotLeaderResponses
2019-09-17 11:30:26,025 [org.apache.ratis.server.impl.LogAppender$AppenderDaemon$$Lambda$524/1128290472@3263958d] WARN  server.GrpcLogAppender (GrpcLogAppender.java:mayWait(143)) - 6e54f060-cd9d-44cc-b25b-8b76f38102a4@group-20D8F186421C->c0e7c0fa-20c5-4865-93a8-b9416c9f108d-GrpcLogAppender: Wait interrupted by java.lang.InterruptedException
2019-09-17 11:30:26,023 [org.apache.ratis.server.impl.LogAppender$AppenderDaemon$$Lambda$524/1128290472@667a255] WARN  server.GrpcLogAppender (GrpcLogAppender.java:mayWait(143)) - 6e54f060-cd9d-44cc-b25b-8b76f38102a4@group-20D8F186421C->332345b2-53e5-4965-b414-3287d6427edd-GrpcLogAppender: Wait interrupted by java.lang.InterruptedException
2019-09-17 11:30:26,027 [grpc-default-executor-3] INFO  server.GrpcServerProtocolService (GrpcServerProtocolService.java:onCompleted(113)) - 332345b2-53e5-4965-b414-3287d6427edd: Completed APPEND_ENTRIES, lastRequest: 6e54f060-cd9d-44cc-b25b-8b76f38102a4->332345b2-53e5-4965-b414-3287d6427edd#101-t1, previous=(t:1, i:14), leaderCommit=10, initializing? false, entries: <empty>
2019-09-17 11:30:26,027 [grpc-default-executor-4] INFO  server.GrpcServerProtocolService (GrpcServerProtocolService.java:onCompleted(113)) - c0e7c0fa-20c5-4865-93a8-b9416c9f108d: Completed APPEND_ENTRIES, lastRequest: 6e54f060-cd9d-44cc-b25b-8b76f38102a4->c0e7c0fa-20c5-4865-93a8-b9416c9f108d#102-t1, previous=(t:1, i:14), leaderCommit=10, initializing? false, entries: <empty>
2019-09-17 11:30:26,030 [grpc-default-executor-3] INFO  server.GrpcLogAppender (GrpcLogAppender.java:onCompleted(293)) - 6e54f060-cd9d-44cc-b25b-8b76f38102a4@group-20D8F186421C->c0e7c0fa-20c5-4865-93a8-b9416c9f108d-AppendLogResponseHandler: follower responses appendEntries COMPLETED
2019-09-17 11:30:26,030 [grpc-default-executor-4] INFO  server.GrpcLogAppender (GrpcLogAppender.java:onCompleted(293)) - 6e54f060-cd9d-44cc-b25b-8b76f38102a4@group-20D8F186421C->332345b2-53e5-4965-b414-3287d6427edd-AppendLogResponseHandler: follower responses appendEntries COMPLETED
2019-09-17 11:30:26,035 [grpc-default-executor-0] INFO  impl.StateMachineUpdater (StateMachineUpdater.java:stopAndJoin(125)) - 6e54f060-cd9d-44cc-b25b-8b76f38102a4@group-20D8F186421C-StateMachineUpdater: set stopIndex = 10
2019-09-17 11:30:26,035 [6e54f060-cd9d-44cc-b25b-8b76f38102a4@group-20D8F186421C-StateMachineUpdater] INFO  ratis.ContainerStateMachine (ContainerStateMachine.java:takeSnapshot(289)) - group-20D8F186421C: Taking a snapshot at:(t:1, i:10) file /tmp/workdir/hadoop-ozone/integration-test/target/test-dir/MiniOzoneClusterImpl-e42b28d7-520e-496f-bc8b-576242fa3301/datanode-3/data/ratis/9338ff2d-8af1-4995-acb2-20d8f186421c/sm/snapshot.1_10
2019-09-17 11:30:26,036 [grpc-default-executor-4] INFO  impl.FollowerInfo (FollowerInfo.java:lambda$new$0(51)) - 6e54f060-cd9d-44cc-b25b-8b76f38102a4@group-20D8F186421C->332345b2-53e5-4965-b414-3287d6427edd: nextIndex: updateUnconditionally 15 -> 14
2019-09-17 11:30:26,036 [grpc-default-executor-3] INFO  impl.FollowerInfo (FollowerInfo.java:lambda$new$0(51)) - 6e54f060-cd9d-44cc-b25b-8b76f38102a4@group-20D8F186421C->c0e7c0fa-20c5-4865-93a8-b9416c9f108d: nextIndex: updateUnconditionally 15 -> 11
2019-09-17 11:30:26,051 [6e54f060-cd9d-44cc-b25b-8b76f38102a4@group-20D8F186421C-StateMachineUpdater] INFO  ratis.ContainerStateMachine (ContainerStateMachine.java:takeSnapshot(300)) - group-20D8F186421C: Finished taking a snapshot at:(t:1, i:10) file:/tmp/workdir/hadoop-ozone/integration-test/target/test-dir/MiniOzoneClusterImpl-e42b28d7-520e-496f-bc8b-576242fa3301/datanode-3/data/ratis/9338ff2d-8af1-4995-acb2-20d8f186421c/sm/snapshot.1_10 time:17
2019-09-17 11:30:26,051 [6e54f060-cd9d-44cc-b25b-8b76f38102a4@group-20D8F186421C-StateMachineUpdater] INFO  impl.StateMachineUpdater (StateMachineUpdater.java:takeSnapshot(258)) - 6e54f060-cd9d-44cc-b25b-8b76f38102a4@group-20D8F186421C-StateMachineUpdater: Took a snapshot at index 10
2019-09-17 11:30:26,051 [6e54f060-cd9d-44cc-b25b-8b76f38102a4@group-20D8F186421C-StateMachineUpdater] INFO  impl.StateMachineUpdater (StateMachineUpdater.java:lambda$new$0(83)) - 6e54f060-cd9d-44cc-b25b-8b76f38102a4@group-20D8F186421C-StateMachineUpdater: snapshotIndex: updateIncreasingly -1 -> 10
2019-09-17 11:30:26,052 [grpc-default-executor-0] INFO  impl.RaftServerImpl (ServerState.java:close(385)) - 6e54f060-cd9d-44cc-b25b-8b76f38102a4@group-20D8F186421C: closes. applyIndex: 10
2019-09-17 11:30:26,052 [Command processor thread] ERROR commandhandler.CloseContainerCommandHandler (CloseContainerCommandHandler.java:handle(125)) - Can't close container #3
java.io.IOException: org.apache.ratis.protocol.GroupMismatchException: 6e54f060-cd9d-44cc-b25b-8b76f38102a4: group-20D8F186421C not found.
	at org.apache.hadoop.ozone.container.common.transport.server.ratis.XceiverServerRatis.submitRequest(XceiverServerRatis.java:502)
	at org.apache.hadoop.ozone.container.common.statemachine.commandhandler.CloseContainerCommandHandler.handle(CloseContainerCommandHandler.java:102)
	at org.apache.hadoop.ozone.container.common.statemachine.commandhandler.CommandDispatcher.handle(CommandDispatcher.java:99)
	at org.apache.hadoop.ozone.container.common.statemachine.DatanodeStateMachine.lambda$initCommandHandlerThread$1(DatanodeStateMachine.java:432)
	at java.lang.Thread.run(Thread.java:748)
Caused by: java.util.concurrent.ExecutionException: org.apache.ratis.protocol.GroupMismatchException: 6e54f060-cd9d-44cc-b25b-8b76f38102a4: group-20D8F186421C not found.
	at java.util.concurrent.CompletableFuture.reportGet(CompletableFuture.java:357)
	at java.util.concurrent.CompletableFuture.get(CompletableFuture.java:1895)
	at org.apache.hadoop.ozone.container.common.transport.server.ratis.XceiverServerRatis.submitRequest(XceiverServerRatis.java:500)
	... 4 more
Caused by: org.apache.ratis.protocol.GroupMismatchException: 6e54f060-cd9d-44cc-b25b-8b76f38102a4: group-20D8F186421C not found.
	at org.apache.ratis.server.impl.RaftServerProxy$ImplMap.get(RaftServerProxy.java:122)
	at org.apache.ratis.server.impl.RaftServerProxy.getImplFuture(RaftServerProxy.java:269)
	at org.apache.ratis.server.impl.RaftServerProxy.submitRequest(RaftServerProxy.java:327)
	at org.apache.ratis.server.impl.RaftServerProxy.submitClientRequestAsync(RaftServerProxy.java:333)
	... 5 more
2019-09-17 11:30:26,052 [6e54f060-cd9d-44cc-b25b-8b76f38102a4@group-20D8F186421C-SegmentedRaftLogWorker] ERROR ratis.XceiverServerRatis (XceiverServerRatis.java:triggerPipelineClose(575)) - pipeline Action CLOSE  on pipeline PipelineID=9338ff2d-8af1-4995-acb2-20d8f186421c.Reason : WriteLog:12: (t:1, i:12), STATEMACHINELOGENTRY, client-5C9AA7781B6B, cid=22-writeStateMachineData interrupted.
2019-09-17 11:30:26,057 [EventQueue-PipelineActionsForPipelineActionHandler] ERROR pipeline.PipelineActionHandler (PipelineActionHandler.java:onMessage(60)) - Received pipeline action CLOSE for Pipeline[ Id: 9338ff2d-8af1-4995-acb2-20d8f186421c, Nodes: c0e7c0fa-20c5-4865-93a8-b9416c9f108d{ip: 192.168.5.153, host: pr-hdds-2137-trunk-mnh2s-3748177197, networkLocation: /default-rack, certSerialId: null}6e54f060-cd9d-44cc-b25b-8b76f38102a4{ip: 192.168.5.153, host: pr-hdds-2137-trunk-mnh2s-3748177197, networkLocation: /default-rack, certSerialId: null}332345b2-53e5-4965-b414-3287d6427edd{ip: 192.168.5.153, host: pr-hdds-2137-trunk-mnh2s-3748177197, networkLocation: /default-rack, certSerialId: null}, Type:RATIS, Factor:THREE, State:CLOSED] from datanode 6e54f060-cd9d-44cc-b25b-8b76f38102a4{ip: 192.168.5.153, host: pr-hdds-2137-trunk-mnh2s-3748177197, networkLocation: /default-rack, certSerialId: null}. Reason : WriteLog:12: (t:1, i:12), STATEMACHINELOGENTRY, client-5C9AA7781B6B, cid=22-writeStateMachineData interrupted.
2019-09-17 11:30:26,057 [EventQueue-PipelineActionsForPipelineActionHandler] INFO  pipeline.SCMPipelineManager (SCMPipelineManager.java:finalizeAndDestroyPipeline(311)) - destroying pipeline:Pipeline[ Id: 9338ff2d-8af1-4995-acb2-20d8f186421c, Nodes: c0e7c0fa-20c5-4865-93a8-b9416c9f108d{ip: 192.168.5.153, host: pr-hdds-2137-trunk-mnh2s-3748177197, networkLocation: /default-rack, certSerialId: null}6e54f060-cd9d-44cc-b25b-8b76f38102a4{ip: 192.168.5.153, host: pr-hdds-2137-trunk-mnh2s-3748177197, networkLocation: /default-rack, certSerialId: null}332345b2-53e5-4965-b414-3287d6427edd{ip: 192.168.5.153, host: pr-hdds-2137-trunk-mnh2s-3748177197, networkLocation: /default-rack, certSerialId: null}, Type:RATIS, Factor:THREE, State:CLOSED]
2019-09-17 11:30:26,062 [grpc-default-executor-0] INFO  segmented.SegmentedRaftLogWorker (SegmentedRaftLogWorker.java:close(228)) - 6e54f060-cd9d-44cc-b25b-8b76f38102a4@group-20D8F186421C-SegmentedRaftLogWorker close()
2019-09-17 11:30:26,097 [grpc-default-executor-0] INFO  interfaces.Container (KeyValueContainer.java:flushAndSyncDB(386)) - Container 2 is synced with bcsId 6.
2019-09-17 11:30:26,097 [grpc-default-executor-0] INFO  interfaces.Container (KeyValueContainer.java:flushAndSyncDB(386)) - Container 2 is synced with bcsId 6.
2019-09-17 11:30:26,225 [grpc-default-executor-0] INFO  interfaces.Container (KeyValueContainer.java:flushAndSyncDB(386)) - Container 3 is synced with bcsId 0.
2019-09-17 11:30:26,225 [grpc-default-executor-0] INFO  interfaces.Container (KeyValueContainer.java:flushAndSyncDB(386)) - Container 3 is synced with bcsId 0.
2019-09-17 11:30:26,257 [grpc-default-executor-0] INFO  impl.RaftServerProxy (RaftServerProxy.java:remove(95)) - 332345b2-53e5-4965-b414-3287d6427edd: remove  FOLLOWER 332345b2-53e5-4965-b414-3287d6427edd@group-20D8F186421C:t1, leader=6e54f060-cd9d-44cc-b25b-8b76f38102a4, voted=6e54f060-cd9d-44cc-b25b-8b76f38102a4, raftlog=332345b2-53e5-4965-b414-3287d6427edd@group-20D8F186421C-SegmentedRaftLog:OPENED:c10,f14,i14, conf=0: [6e54f060-cd9d-44cc-b25b-8b76f38102a4:192.168.5.153:46767, c0e7c0fa-20c5-4865-93a8-b9416c9f108d:192.168.5.153:33473, 332345b2-53e5-4965-b414-3287d6427edd:192.168.5.153:33105], old=null RUNNING
2019-09-17 11:30:26,257 [grpc-default-executor-0] INFO  impl.RaftServerImpl (RaftServerImpl.java:lambda$shutdown$3(251)) - 332345b2-53e5-4965-b414-3287d6427edd@group-20D8F186421C: shutdown
2019-09-17 11:30:26,258 [grpc-default-executor-0] INFO  util.JmxRegister (JmxRegister.java:unregister(73)) - Successfully un-registered JMX Bean with object name Ratis:service=RaftServer,group=group-20D8F186421C,id=332345b2-53e5-4965-b414-3287d6427edd
2019-09-17 11:30:26,258 [grpc-default-executor-0] INFO  impl.RoleInfo (RoleInfo.java:shutdownFollowerState(121)) - 332345b2-53e5-4965-b414-3287d6427edd: shutdown FollowerState
2019-09-17 11:30:26,258 [grpc-default-executor-0] INFO  impl.StateMachineUpdater (StateMachineUpdater.java:stopAndJoin(125)) - 332345b2-53e5-4965-b414-3287d6427edd@group-20D8F186421C-StateMachineUpdater: set stopIndex = 10
2019-09-17 11:30:26,258 [332345b2-53e5-4965-b414-3287d6427edd@group-20D8F186421C-StateMachineUpdater] INFO  ratis.ContainerStateMachine (ContainerStateMachine.java:takeSnapshot(289)) - group-20D8F186421C: Taking a snapshot at:(t:1, i:6) file /tmp/workdir/hadoop-ozone/integration-test/target/test-dir/MiniOzoneClusterImpl-e42b28d7-520e-496f-bc8b-576242fa3301/datanode-5/data/ratis/9338ff2d-8af1-4995-acb2-20d8f186421c/sm/snapshot.1_6
2019-09-17 11:30:26,258 [Thread-325] INFO  impl.FollowerState (FollowerState.java:run(115)) - 332345b2-53e5-4965-b414-3287d6427edd: FollowerState was interrupted: java.lang.InterruptedException: sleep interrupted
2019-09-17 11:30:26,279 [332345b2-53e5-4965-b414-3287d6427edd@group-20D8F186421C-StateMachineUpdater] INFO  ratis.ContainerStateMachine (ContainerStateMachine.java:takeSnapshot(300)) - group-20D8F186421C: Finished taking a snapshot at:(t:1, i:6) file:/tmp/workdir/hadoop-ozone/integration-test/target/test-dir/MiniOzoneClusterImpl-e42b28d7-520e-496f-bc8b-576242fa3301/datanode-5/data/ratis/9338ff2d-8af1-4995-acb2-20d8f186421c/sm/snapshot.1_6 time:21
2019-09-17 11:30:26,279 [332345b2-53e5-4965-b414-3287d6427edd@group-20D8F186421C-StateMachineUpdater] INFO  impl.StateMachineUpdater (StateMachineUpdater.java:takeSnapshot(258)) - 332345b2-53e5-4965-b414-3287d6427edd@group-20D8F186421C-StateMachineUpdater: Took a snapshot at index 6
2019-09-17 11:30:26,279 [332345b2-53e5-4965-b414-3287d6427edd@group-20D8F186421C-StateMachineUpdater] INFO  impl.StateMachineUpdater (StateMachineUpdater.java:lambda$new$0(83)) - 332345b2-53e5-4965-b414-3287d6427edd@group-20D8F186421C-StateMachineUpdater: snapshotIndex: updateIncreasingly -1 -> 6
2019-09-17 11:30:26,280 [332345b2-53e5-4965-b414-3287d6427edd@group-20D8F186421C-StateMachineUpdater] INFO  ratis.ContainerStateMachine (ContainerStateMachine.java:takeSnapshot(289)) - group-20D8F186421C: Taking a snapshot at:(t:1, i:6) file /tmp/workdir/hadoop-ozone/integration-test/target/test-dir/MiniOzoneClusterImpl-e42b28d7-520e-496f-bc8b-576242fa3301/datanode-5/data/ratis/9338ff2d-8af1-4995-acb2-20d8f186421c/sm/snapshot.1_6
2019-09-17 11:30:26,316 [332345b2-53e5-4965-b414-3287d6427edd@group-20D8F186421C-StateMachineUpdater] INFO  ratis.ContainerStateMachine (ContainerStateMachine.java:takeSnapshot(300)) - group-20D8F186421C: Finished taking a snapshot at:(t:1, i:6) file:/tmp/workdir/hadoop-ozone/integration-test/target/test-dir/MiniOzoneClusterImpl-e42b28d7-520e-496f-bc8b-576242fa3301/datanode-5/data/ratis/9338ff2d-8af1-4995-acb2-20d8f186421c/sm/snapshot.1_6 time:37
2019-09-17 11:30:26,317 [332345b2-53e5-4965-b414-3287d6427edd@group-20D8F186421C-StateMachineUpdater] INFO  impl.StateMachineUpdater (StateMachineUpdater.java:takeSnapshot(258)) - 332345b2-53e5-4965-b414-3287d6427edd@group-20D8F186421C-StateMachineUpdater: Took a snapshot at index 6
2019-09-17 11:30:26,317 [332345b2-53e5-4965-b414-3287d6427edd@group-20D8F186421C-StateMachineUpdater] INFO  impl.StateMachineUpdater (StateMachineUpdater.java:lambda$new$0(83)) - 332345b2-53e5-4965-b414-3287d6427edd@group-20D8F186421C-StateMachineUpdater: snapshotIndex: updateIncreasingly 6 -> 6
2019-09-17 11:30:26,317 [grpc-default-executor-0] INFO  impl.RaftServerImpl (ServerState.java:close(385)) - 332345b2-53e5-4965-b414-3287d6427edd@group-20D8F186421C: closes. applyIndex: 10
2019-09-17 11:30:26,318 [332345b2-53e5-4965-b414-3287d6427edd@group-20D8F186421C-SegmentedRaftLogWorker] INFO  segmented.SegmentedRaftLogWorker (SegmentedRaftLogWorker.java:run(313)) - 332345b2-53e5-4965-b414-3287d6427edd@group-20D8F186421C-SegmentedRaftLogWorker was interrupted, exiting. There are 0 tasks remaining in the queue.
2019-09-17 11:30:26,321 [grpc-default-executor-0] INFO  segmented.SegmentedRaftLogWorker (SegmentedRaftLogWorker.java:close(228)) - 332345b2-53e5-4965-b414-3287d6427edd@group-20D8F186421C-SegmentedRaftLogWorker close()
2019-09-17 11:30:26,342 [grpc-default-executor-0] INFO  interfaces.Container (KeyValueContainer.java:flushAndSyncDB(386)) - Container 2 is synced with bcsId 6.
2019-09-17 11:30:26,342 [grpc-default-executor-0] INFO  interfaces.Container (KeyValueContainer.java:flushAndSyncDB(386)) - Container 2 is synced with bcsId 6.
2019-09-17 11:30:26,466 [grpc-default-executor-0] INFO  interfaces.Container (KeyValueContainer.java:flushAndSyncDB(386)) - Container 3 is synced with bcsId 0.
2019-09-17 11:30:26,466 [grpc-default-executor-0] INFO  interfaces.Container (KeyValueContainer.java:flushAndSyncDB(386)) - Container 3 is synced with bcsId 0.
2019-09-17 11:30:26,503 [RatisPipelineUtilsThread] INFO  pipeline.PipelineStateManager (PipelineStateManager.java:removePipeline(108)) - Pipeline Pipeline[ Id: 9338ff2d-8af1-4995-acb2-20d8f186421c, Nodes: c0e7c0fa-20c5-4865-93a8-b9416c9f108d{ip: 192.168.5.153, host: pr-hdds-2137-trunk-mnh2s-3748177197, networkLocation: /default-rack, certSerialId: null}6e54f060-cd9d-44cc-b25b-8b76f38102a4{ip: 192.168.5.153, host: pr-hdds-2137-trunk-mnh2s-3748177197, networkLocation: /default-rack, certSerialId: null}332345b2-53e5-4965-b414-3287d6427edd{ip: 192.168.5.153, host: pr-hdds-2137-trunk-mnh2s-3748177197, networkLocation: /default-rack, certSerialId: null}, Type:RATIS, Factor:THREE, State:CLOSED] removed from db
2019-09-17 11:30:26,520 [grpc-default-executor-7] INFO  impl.RaftServerProxy (RaftServerProxy.java:addNew(89)) - 6e54f060-cd9d-44cc-b25b-8b76f38102a4: addNew group-5142AB34887C:[6e54f060-cd9d-44cc-b25b-8b76f38102a4:192.168.5.153:46767, c0e7c0fa-20c5-4865-93a8-b9416c9f108d:192.168.5.153:33473, 332345b2-53e5-4965-b414-3287d6427edd:192.168.5.153:33105] returns group-5142AB34887C:java.util.concurrent.CompletableFuture@51566db5[Not completed]
2019-09-17 11:30:26,521 [grpc-default-executor-0] INFO  impl.RaftServerProxy (RaftServerProxy.java:addNew(89)) - 332345b2-53e5-4965-b414-3287d6427edd: addNew group-5142AB34887C:[6e54f060-cd9d-44cc-b25b-8b76f38102a4:192.168.5.153:46767, c0e7c0fa-20c5-4865-93a8-b9416c9f108d:192.168.5.153:33473, 332345b2-53e5-4965-b414-3287d6427edd:192.168.5.153:33105] returns group-5142AB34887C:java.util.concurrent.CompletableFuture@4e023c5e[Not completed]
2019-09-17 11:30:26,521 [grpc-default-executor-7] INFO  impl.RaftServerProxy (RaftServerProxy.java:addNew(89)) - c0e7c0fa-20c5-4865-93a8-b9416c9f108d: addNew group-5142AB34887C:[6e54f060-cd9d-44cc-b25b-8b76f38102a4:192.168.5.153:46767, c0e7c0fa-20c5-4865-93a8-b9416c9f108d:192.168.5.153:33473, 332345b2-53e5-4965-b414-3287d6427edd:192.168.5.153:33105] returns group-5142AB34887C:java.util.concurrent.CompletableFuture@5569f347[Not completed]
2019-09-17 11:30:26,525 [pool-57-thread-1] INFO  impl.RaftServerImpl (RaftServerImpl.java:<init>(95)) - 6e54f060-cd9d-44cc-b25b-8b76f38102a4: new RaftServerImpl for group-5142AB34887C:[6e54f060-cd9d-44cc-b25b-8b76f38102a4:192.168.5.153:46767, c0e7c0fa-20c5-4865-93a8-b9416c9f108d:192.168.5.153:33473, 332345b2-53e5-4965-b414-3287d6427edd:192.168.5.153:33105] with ContainerStateMachine:uninitialized
2019-09-17 11:30:26,525 [pool-57-thread-1] INFO  server.RaftServerConfigKeys (ConfUtils.java:logGet(43)) - raft.server.rpc.timeout.min = 5s (custom)
2019-09-17 11:30:26,525 [pool-57-thread-1] INFO  server.RaftServerConfigKeys (ConfUtils.java:logGet(43)) - raft.server.rpc.timeout.max = 5200ms (custom)
2019-09-17 11:30:26,525 [pool-57-thread-1] INFO  server.RaftServerConfigKeys (ConfUtils.java:logGet(43)) - raft.server.rpcslowness.timeout = 120s (custom)
2019-09-17 11:30:26,525 [pool-57-thread-1] INFO  server.RaftServerConfigKeys (ConfUtils.java:logGet(43)) - raft.server.sleep.deviation.threshold = 300 (default)
2019-09-17 11:30:26,525 [pool-57-thread-1] INFO  server.RaftServerConfigKeys (ConfUtils.java:logGet(43)) - raft.server.log.appender.install.snapshot.enabled = false (custom)
2019-09-17 11:30:26,526 [pool-57-thread-1] INFO  impl.RaftServerImpl (ServerState.java:<init>(103)) - 6e54f060-cd9d-44cc-b25b-8b76f38102a4@group-5142AB34887C: ConfigurationManager, init=-1: [6e54f060-cd9d-44cc-b25b-8b76f38102a4:192.168.5.153:46767, c0e7c0fa-20c5-4865-93a8-b9416c9f108d:192.168.5.153:33473, 332345b2-53e5-4965-b414-3287d6427edd:192.168.5.153:33105], old=null, confs=<EMPTY_MAP>
2019-09-17 11:30:26,526 [pool-67-thread-1] INFO  impl.RaftServerImpl (RaftServerImpl.java:<init>(95)) - c0e7c0fa-20c5-4865-93a8-b9416c9f108d: new RaftServerImpl for group-5142AB34887C:[6e54f060-cd9d-44cc-b25b-8b76f38102a4:192.168.5.153:46767, c0e7c0fa-20c5-4865-93a8-b9416c9f108d:192.168.5.153:33473, 332345b2-53e5-4965-b414-3287d6427edd:192.168.5.153:33105] with ContainerStateMachine:uninitialized
2019-09-17 11:30:26,526 [pool-57-thread-1] INFO  server.RaftServerConfigKeys (ConfUtils.java:logGet(43)) - raft.server.storage.dir = [/tmp/workdir/hadoop-ozone/integration-test/target/test-dir/MiniOzoneClusterImpl-e42b28d7-520e-496f-bc8b-576242fa3301/datanode-3/data/ratis] (custom)
2019-09-17 11:30:26,526 [pool-67-thread-1] INFO  server.RaftServerConfigKeys (ConfUtils.java:logGet(43)) - raft.server.rpc.timeout.min = 5s (custom)
2019-09-17 11:30:26,526 [pool-67-thread-1] INFO  server.RaftServerConfigKeys (ConfUtils.java:logGet(43)) - raft.server.rpc.timeout.max = 5200ms (custom)
2019-09-17 11:30:26,526 [pool-57-thread-1] INFO  storage.RaftStorageDirectory (RaftStorageDirectory.java:analyzeStorage(246)) - The storage directory /tmp/workdir/hadoop-ozone/integration-test/target/test-dir/MiniOzoneClusterImpl-e42b28d7-520e-496f-bc8b-576242fa3301/datanode-3/data/ratis/2ab3bbc4-9d57-46ad-9395-5142ab34887c does not exist. Creating ...
2019-09-17 11:30:26,526 [pool-67-thread-1] INFO  server.RaftServerConfigKeys (ConfUtils.java:logGet(43)) - raft.server.rpcslowness.timeout = 120s (custom)
2019-09-17 11:30:26,527 [pool-77-thread-1] INFO  impl.RaftServerImpl (RaftServerImpl.java:<init>(95)) - 332345b2-53e5-4965-b414-3287d6427edd: new RaftServerImpl for group-5142AB34887C:[6e54f060-cd9d-44cc-b25b-8b76f38102a4:192.168.5.153:46767, c0e7c0fa-20c5-4865-93a8-b9416c9f108d:192.168.5.153:33473, 332345b2-53e5-4965-b414-3287d6427edd:192.168.5.153:33105] with ContainerStateMachine:uninitialized
2019-09-17 11:30:26,527 [pool-67-thread-1] INFO  server.RaftServerConfigKeys (ConfUtils.java:logGet(43)) - raft.server.sleep.deviation.threshold = 300 (default)
2019-09-17 11:30:26,527 [pool-77-thread-1] INFO  server.RaftServerConfigKeys (ConfUtils.java:logGet(43)) - raft.server.rpc.timeout.min = 5s (custom)
2019-09-17 11:30:26,527 [pool-67-thread-1] INFO  server.RaftServerConfigKeys (ConfUtils.java:logGet(43)) - raft.server.log.appender.install.snapshot.enabled = false (custom)
2019-09-17 11:30:26,527 [pool-77-thread-1] INFO  server.RaftServerConfigKeys (ConfUtils.java:logGet(43)) - raft.server.rpc.timeout.max = 5200ms (custom)
2019-09-17 11:30:26,527 [pool-67-thread-1] INFO  impl.RaftServerImpl (ServerState.java:<init>(103)) - c0e7c0fa-20c5-4865-93a8-b9416c9f108d@group-5142AB34887C: ConfigurationManager, init=-1: [6e54f060-cd9d-44cc-b25b-8b76f38102a4:192.168.5.153:46767, c0e7c0fa-20c5-4865-93a8-b9416c9f108d:192.168.5.153:33473, 332345b2-53e5-4965-b414-3287d6427edd:192.168.5.153:33105], old=null, confs=<EMPTY_MAP>
2019-09-17 11:30:26,527 [pool-77-thread-1] INFO  server.RaftServerConfigKeys (ConfUtils.java:logGet(43)) - raft.server.rpcslowness.timeout = 120s (custom)
2019-09-17 11:30:26,527 [pool-67-thread-1] INFO  server.RaftServerConfigKeys (ConfUtils.java:logGet(43)) - raft.server.storage.dir = [/tmp/workdir/hadoop-ozone/integration-test/target/test-dir/MiniOzoneClusterImpl-e42b28d7-520e-496f-bc8b-576242fa3301/datanode-4/data/ratis] (custom)
2019-09-17 11:30:26,527 [pool-77-thread-1] INFO  server.RaftServerConfigKeys (ConfUtils.java:logGet(43)) - raft.server.sleep.deviation.threshold = 300 (default)
2019-09-17 11:30:26,528 [pool-77-thread-1] INFO  server.RaftServerConfigKeys (ConfUtils.java:logGet(43)) - raft.server.log.appender.install.snapshot.enabled = false (custom)
2019-09-17 11:30:26,528 [pool-67-thread-1] INFO  storage.RaftStorageDirectory (RaftStorageDirectory.java:analyzeStorage(246)) - The storage directory /tmp/workdir/hadoop-ozone/integration-test/target/test-dir/MiniOzoneClusterImpl-e42b28d7-520e-496f-bc8b-576242fa3301/datanode-4/data/ratis/2ab3bbc4-9d57-46ad-9395-5142ab34887c does not exist. Creating ...
2019-09-17 11:30:26,528 [pool-77-thread-1] INFO  impl.RaftServerImpl (ServerState.java:<init>(103)) - 332345b2-53e5-4965-b414-3287d6427edd@group-5142AB34887C: ConfigurationManager, init=-1: [6e54f060-cd9d-44cc-b25b-8b76f38102a4:192.168.5.153:46767, c0e7c0fa-20c5-4865-93a8-b9416c9f108d:192.168.5.153:33473, 332345b2-53e5-4965-b414-3287d6427edd:192.168.5.153:33105], old=null, confs=<EMPTY_MAP>
2019-09-17 11:30:26,528 [pool-77-thread-1] INFO  server.RaftServerConfigKeys (ConfUtils.java:logGet(43)) - raft.server.storage.dir = [/tmp/workdir/hadoop-ozone/integration-test/target/test-dir/MiniOzoneClusterImpl-e42b28d7-520e-496f-bc8b-576242fa3301/datanode-5/data/ratis] (custom)
2019-09-17 11:30:26,529 [pool-77-thread-1] INFO  storage.RaftStorageDirectory (RaftStorageDirectory.java:analyzeStorage(246)) - The storage directory /tmp/workdir/hadoop-ozone/integration-test/target/test-dir/MiniOzoneClusterImpl-e42b28d7-520e-496f-bc8b-576242fa3301/datanode-5/data/ratis/2ab3bbc4-9d57-46ad-9395-5142ab34887c does not exist. Creating ...
2019-09-17 11:30:26,554 [pool-77-thread-1] INFO  storage.RaftStorageDirectory (RaftStorageDirectory.java:tryLock(328)) - Lock on /tmp/workdir/hadoop-ozone/integration-test/target/test-dir/MiniOzoneClusterImpl-e42b28d7-520e-496f-bc8b-576242fa3301/datanode-5/data/ratis/2ab3bbc4-9d57-46ad-9395-5142ab34887c/in_use.lock acquired by nodename 11586@pr-hdds-2137-trunk-mnh2s-3748177197
2019-09-17 11:30:26,554 [pool-57-thread-1] INFO  storage.RaftStorageDirectory (RaftStorageDirectory.java:tryLock(328)) - Lock on /tmp/workdir/hadoop-ozone/integration-test/target/test-dir/MiniOzoneClusterImpl-e42b28d7-520e-496f-bc8b-576242fa3301/datanode-3/data/ratis/2ab3bbc4-9d57-46ad-9395-5142ab34887c/in_use.lock acquired by nodename 11586@pr-hdds-2137-trunk-mnh2s-3748177197
2019-09-17 11:30:26,554 [pool-67-thread-1] INFO  storage.RaftStorageDirectory (RaftStorageDirectory.java:tryLock(328)) - Lock on /tmp/workdir/hadoop-ozone/integration-test/target/test-dir/MiniOzoneClusterImpl-e42b28d7-520e-496f-bc8b-576242fa3301/datanode-4/data/ratis/2ab3bbc4-9d57-46ad-9395-5142ab34887c/in_use.lock acquired by nodename 11586@pr-hdds-2137-trunk-mnh2s-3748177197
2019-09-17 11:30:26,597 [pool-57-thread-1] INFO  storage.RaftStorage (RaftStorage.java:format(72)) - Storage directory /tmp/workdir/hadoop-ozone/integration-test/target/test-dir/MiniOzoneClusterImpl-e42b28d7-520e-496f-bc8b-576242fa3301/datanode-3/data/ratis/2ab3bbc4-9d57-46ad-9395-5142ab34887c has been successfully formatted.
2019-09-17 11:30:26,597 [pool-77-thread-1] INFO  storage.RaftStorage (RaftStorage.java:format(72)) - Storage directory /tmp/workdir/hadoop-ozone/integration-test/target/test-dir/MiniOzoneClusterImpl-e42b28d7-520e-496f-bc8b-576242fa3301/datanode-5/data/ratis/2ab3bbc4-9d57-46ad-9395-5142ab34887c has been successfully formatted.
2019-09-17 11:30:26,597 [pool-67-thread-1] INFO  storage.RaftStorage (RaftStorage.java:format(72)) - Storage directory /tmp/workdir/hadoop-ozone/integration-test/target/test-dir/MiniOzoneClusterImpl-e42b28d7-520e-496f-bc8b-576242fa3301/datanode-4/data/ratis/2ab3bbc4-9d57-46ad-9395-5142ab34887c has been successfully formatted.
2019-09-17 11:30:26,598 [pool-77-thread-1] INFO  ratis.ContainerStateMachine (ContainerStateMachine.java:loadSnapshot(230)) - group-5142AB34887C: The snapshot info is null. Setting the last applied indexto:(t:0, i:~)
2019-09-17 11:30:26,597 [pool-57-thread-1] INFO  ratis.ContainerStateMachine (ContainerStateMachine.java:loadSnapshot(230)) - group-5142AB34887C: The snapshot info is null. Setting the last applied indexto:(t:0, i:~)
2019-09-17 11:30:26,598 [pool-77-thread-1] INFO  server.RaftServerConfigKeys (ConfUtils.java:logGet(43)) - raft.server.notification.no-leader.timeout = 120s (custom)
2019-09-17 11:30:26,598 [pool-67-thread-1] INFO  ratis.ContainerStateMachine (ContainerStateMachine.java:loadSnapshot(230)) - group-5142AB34887C: The snapshot info is null. Setting the last applied indexto:(t:0, i:~)
2019-09-17 11:30:26,598 [pool-77-thread-1] INFO  server.RaftServerConfigKeys (ConfUtils.java:logGet(43)) - raft.server.log.use.memory = false (default)
2019-09-17 11:30:26,598 [pool-57-thread-1] INFO  server.RaftServerConfigKeys (ConfUtils.java:logGet(43)) - raft.server.notification.no-leader.timeout = 120s (custom)
2019-09-17 11:30:26,598 [pool-77-thread-1] INFO  server.RaftServerConfigKeys (ConfUtils.java:logGet(43)) - raft.server.log.purge.gap = 1000000 (custom)
2019-09-17 11:30:26,598 [pool-67-thread-1] INFO  server.RaftServerConfigKeys (ConfUtils.java:logGet(43)) - raft.server.notification.no-leader.timeout = 120s (custom)
2019-09-17 11:30:26,599 [pool-77-thread-1] INFO  server.RaftServerConfigKeys (ConfUtils.java:logGet(43)) - raft.server.log.appender.buffer.byte-limit = 33554432 (custom)
2019-09-17 11:30:26,599 [pool-57-thread-1] INFO  server.RaftServerConfigKeys (ConfUtils.java:logGet(43)) - raft.server.log.use.memory = false (default)
2019-09-17 11:30:26,599 [pool-77-thread-1] INFO  server.RaftServerConfigKeys (ConfUtils.java:logGet(43)) - raft.server.log.segment.size.max = 1048576 (custom)
2019-09-17 11:30:26,599 [pool-67-thread-1] INFO  server.RaftServerConfigKeys (ConfUtils.java:logGet(43)) - raft.server.log.use.memory = false (default)
2019-09-17 11:30:26,599 [pool-77-thread-1] INFO  server.RaftServerConfigKeys (ConfUtils.java:logGet(43)) - raft.server.log.segment.cache.num.max = 2 (custom)
2019-09-17 11:30:26,599 [pool-57-thread-1] INFO  server.RaftServerConfigKeys (ConfUtils.java:logGet(43)) - raft.server.log.purge.gap = 1000000 (custom)
2019-09-17 11:30:26,600 [pool-77-thread-1] INFO  segmented.SegmentedRaftLogWorker (SegmentedRaftLogWorker.java:<init>(172)) - new 332345b2-53e5-4965-b414-3287d6427edd@group-5142AB34887C-SegmentedRaftLogWorker for RaftStorage:Storage Directory /tmp/workdir/hadoop-ozone/integration-test/target/test-dir/MiniOzoneClusterImpl-e42b28d7-520e-496f-bc8b-576242fa3301/datanode-5/data/ratis/2ab3bbc4-9d57-46ad-9395-5142ab34887c
2019-09-17 11:30:26,599 [pool-67-thread-1] INFO  server.RaftServerConfigKeys (ConfUtils.java:logGet(43)) - raft.server.log.purge.gap = 1000000 (custom)
2019-09-17 11:30:26,600 [pool-77-thread-1] INFO  server.RaftServerConfigKeys (ConfUtils.java:logGet(43)) - raft.server.log.queue.byte-limit = 2147483647 (custom)
2019-09-17 11:30:26,600 [pool-57-thread-1] INFO  server.RaftServerConfigKeys (ConfUtils.java:logGet(43)) - raft.server.log.appender.buffer.byte-limit = 33554432 (custom)
2019-09-17 11:30:26,600 [pool-77-thread-1] INFO  server.RaftServerConfigKeys (ConfUtils.java:logGet(43)) - raft.server.log.queue.element-limit = 1024 (custom)
2019-09-17 11:30:26,600 [pool-67-thread-1] INFO  server.RaftServerConfigKeys (ConfUtils.java:logGet(43)) - raft.server.log.appender.buffer.byte-limit = 33554432 (custom)
2019-09-17 11:30:26,601 [pool-77-thread-1] INFO  server.RaftServerConfigKeys (ConfUtils.java:logGet(43)) - raft.server.log.segment.size.max = 1048576 (custom)
2019-09-17 11:30:26,600 [pool-57-thread-1] INFO  server.RaftServerConfigKeys (ConfUtils.java:logGet(43)) - raft.server.log.segment.size.max = 1048576 (custom)
2019-09-17 11:30:26,601 [pool-77-thread-1] INFO  server.RaftServerConfigKeys (ConfUtils.java:logGet(43)) - raft.server.log.preallocated.size = 16384 (custom)
2019-09-17 11:30:26,601 [pool-67-thread-1] INFO  server.RaftServerConfigKeys (ConfUtils.java:logGet(43)) - raft.server.log.segment.size.max = 1048576 (custom)
2019-09-17 11:30:26,601 [pool-77-thread-1] INFO  server.RaftServerConfigKeys (ConfUtils.java:logGet(43)) - raft.server.log.write.buffer.size = 33554432 (custom)
2019-09-17 11:30:26,601 [pool-57-thread-1] INFO  server.RaftServerConfigKeys (ConfUtils.java:logGet(43)) - raft.server.log.segment.cache.num.max = 2 (custom)
2019-09-17 11:30:26,601 [pool-77-thread-1] INFO  server.RaftServerConfigKeys (ConfUtils.java:logGet(43)) - raft.server.log.force.sync.num = 128 (default)
2019-09-17 11:30:26,601 [pool-67-thread-1] INFO  server.RaftServerConfigKeys (ConfUtils.java:logGet(43)) - raft.server.log.segment.cache.num.max = 2 (custom)
2019-09-17 11:30:26,602 [pool-77-thread-1] INFO  server.RaftServerConfigKeys (ConfUtils.java:logGet(43)) - raft.server.log.statemachine.data.sync = true (default)
2019-09-17 11:30:26,602 [pool-77-thread-1] INFO  server.RaftServerConfigKeys (ConfUtils.java:logGet(43)) - raft.server.log.statemachine.data.sync.timeout = 10s (default)
2019-09-17 11:30:26,602 [pool-57-thread-1] INFO  segmented.SegmentedRaftLogWorker (SegmentedRaftLogWorker.java:<init>(172)) - new 6e54f060-cd9d-44cc-b25b-8b76f38102a4@group-5142AB34887C-SegmentedRaftLogWorker for RaftStorage:Storage Directory /tmp/workdir/hadoop-ozone/integration-test/target/test-dir/MiniOzoneClusterImpl-e42b28d7-520e-496f-bc8b-576242fa3301/datanode-3/data/ratis/2ab3bbc4-9d57-46ad-9395-5142ab34887c
2019-09-17 11:30:26,602 [pool-77-thread-1] INFO  server.RaftServerConfigKeys (ConfUtils.java:logGet(43)) - raft.server.log.statemachine.data.sync.timeout.retry = -1 (default)
2019-09-17 11:30:26,602 [pool-67-thread-1] INFO  segmented.SegmentedRaftLogWorker (SegmentedRaftLogWorker.java:<init>(172)) - new c0e7c0fa-20c5-4865-93a8-b9416c9f108d@group-5142AB34887C-SegmentedRaftLogWorker for RaftStorage:Storage Directory /tmp/workdir/hadoop-ozone/integration-test/target/test-dir/MiniOzoneClusterImpl-e42b28d7-520e-496f-bc8b-576242fa3301/datanode-4/data/ratis/2ab3bbc4-9d57-46ad-9395-5142ab34887c
2019-09-17 11:30:26,602 [pool-77-thread-1] INFO  server.RaftServerConfigKeys (ConfUtils.java:logGet(43)) - raft.server.log.statemachine.data.caching.enabled = true (custom)
2019-09-17 11:30:26,602 [pool-57-thread-1] INFO  server.RaftServerConfigKeys (ConfUtils.java:logGet(43)) - raft.server.log.queue.byte-limit = 2147483647 (custom)
2019-09-17 11:30:26,603 [pool-67-thread-1] INFO  server.RaftServerConfigKeys (ConfUtils.java:logGet(43)) - raft.server.log.queue.byte-limit = 2147483647 (custom)
2019-09-17 11:30:26,603 [pool-77-thread-1] INFO  segmented.SegmentedRaftLogWorker (SegmentedRaftLogWorker.java:lambda$new$0(132)) - 332345b2-53e5-4965-b414-3287d6427edd@group-5142AB34887C-SegmentedRaftLogWorker: flushIndex: setUnconditionally 0 -> -1
2019-09-17 11:30:26,603 [pool-57-thread-1] INFO  server.RaftServerConfigKeys (ConfUtils.java:logGet(43)) - raft.server.log.queue.element-limit = 1024 (custom)
2019-09-17 11:30:26,603 [pool-67-thread-1] INFO  server.RaftServerConfigKeys (ConfUtils.java:logGet(43)) - raft.server.log.queue.element-limit = 1024 (custom)
2019-09-17 11:30:26,604 [pool-57-thread-1] INFO  server.RaftServerConfigKeys (ConfUtils.java:logGet(43)) - raft.server.log.segment.size.max = 1048576 (custom)
2019-09-17 11:30:26,603 [pool-77-thread-1] INFO  server.RaftServerConfigKeys (ConfUtils.java:logGet(43)) - raft.server.snapshot.auto.trigger.enabled = true (custom)
2019-09-17 11:30:26,604 [pool-57-thread-1] INFO  server.RaftServerConfigKeys (ConfUtils.java:logGet(43)) - raft.server.log.preallocated.size = 16384 (custom)
2019-09-17 11:30:26,604 [pool-67-thread-1] INFO  server.RaftServerConfigKeys (ConfUtils.java:logGet(43)) - raft.server.log.segment.size.max = 1048576 (custom)
2019-09-17 11:30:26,604 [pool-57-thread-1] INFO  server.RaftServerConfigKeys (ConfUtils.java:logGet(43)) - raft.server.log.write.buffer.size = 33554432 (custom)
2019-09-17 11:30:26,604 [pool-77-thread-1] INFO  server.RaftServerConfigKeys (ConfUtils.java:logGet(43)) - raft.server.snapshot.auto.trigger.threshold = 10000 (custom)
2019-09-17 11:30:26,604 [pool-57-thread-1] INFO  server.RaftServerConfigKeys (ConfUtils.java:logGet(43)) - raft.server.log.force.sync.num = 128 (default)
2019-09-17 11:30:26,604 [pool-67-thread-1] INFO  server.RaftServerConfigKeys (ConfUtils.java:logGet(43)) - raft.server.log.preallocated.size = 16384 (custom)
2019-09-17 11:30:26,605 [pool-57-thread-1] INFO  server.RaftServerConfigKeys (ConfUtils.java:logGet(43)) - raft.server.log.statemachine.data.sync = true (default)
2019-09-17 11:30:26,605 [pool-77-thread-1] INFO  server.RaftServerConfigKeys (ConfUtils.java:logGet(43)) - raft.server.snapshot.retention.num.files = 5 (custom)
2019-09-17 11:30:26,605 [pool-57-thread-1] INFO  server.RaftServerConfigKeys (ConfUtils.java:logGet(43)) - raft.server.log.statemachine.data.sync.timeout = 10s (default)
2019-09-17 11:30:26,605 [pool-67-thread-1] INFO  server.RaftServerConfigKeys (ConfUtils.java:logGet(43)) - raft.server.log.write.buffer.size = 33554432 (custom)
2019-09-17 11:30:26,605 [pool-57-thread-1] INFO  server.RaftServerConfigKeys (ConfUtils.java:logGet(43)) - raft.server.log.statemachine.data.sync.timeout.retry = -1 (default)
2019-09-17 11:30:26,605 [pool-77-thread-1] INFO  server.RaftServerConfigKeys (ConfUtils.java:logGet(43)) - raft.server.retrycache.expirytime = 600000ms (custom)
2019-09-17 11:30:26,606 [pool-57-thread-1] INFO  server.RaftServerConfigKeys (ConfUtils.java:logGet(43)) - raft.server.log.statemachine.data.caching.enabled = true (custom)
2019-09-17 11:30:26,605 [pool-67-thread-1] INFO  server.RaftServerConfigKeys (ConfUtils.java:logGet(43)) - raft.server.log.force.sync.num = 128 (default)
2019-09-17 11:30:26,606 [pool-57-thread-1] INFO  segmented.SegmentedRaftLogWorker (SegmentedRaftLogWorker.java:lambda$new$0(132)) - 6e54f060-cd9d-44cc-b25b-8b76f38102a4@group-5142AB34887C-SegmentedRaftLogWorker: flushIndex: setUnconditionally 0 -> -1
2019-09-17 11:30:26,606 [pool-67-thread-1] INFO  server.RaftServerConfigKeys (ConfUtils.java:logGet(43)) - raft.server.log.statemachine.data.sync = true (default)
2019-09-17 11:30:26,607 [pool-57-thread-1] INFO  server.RaftServerConfigKeys (ConfUtils.java:logGet(43)) - raft.server.snapshot.auto.trigger.enabled = true (custom)
2019-09-17 11:30:26,607 [pool-67-thread-1] INFO  server.RaftServerConfigKeys (ConfUtils.java:logGet(43)) - raft.server.log.statemachine.data.sync.timeout = 10s (default)
2019-09-17 11:30:26,607 [pool-57-thread-1] INFO  server.RaftServerConfigKeys (ConfUtils.java:logGet(43)) - raft.server.snapshot.auto.trigger.threshold = 10000 (custom)
2019-09-17 11:30:26,607 [pool-67-thread-1] INFO  server.RaftServerConfigKeys (ConfUtils.java:logGet(43)) - raft.server.log.statemachine.data.sync.timeout.retry = -1 (default)
2019-09-17 11:30:26,607 [pool-57-thread-1] INFO  server.RaftServerConfigKeys (ConfUtils.java:logGet(43)) - raft.server.snapshot.retention.num.files = 5 (custom)
2019-09-17 11:30:26,607 [pool-67-thread-1] INFO  server.RaftServerConfigKeys (ConfUtils.java:logGet(43)) - raft.server.log.statemachine.data.caching.enabled = true (custom)
2019-09-17 11:30:26,607 [pool-57-thread-1] INFO  server.RaftServerConfigKeys (ConfUtils.java:logGet(43)) - raft.server.retrycache.expirytime = 600000ms (custom)
2019-09-17 11:30:26,608 [pool-67-thread-1] INFO  segmented.SegmentedRaftLogWorker (SegmentedRaftLogWorker.java:lambda$new$0(132)) - c0e7c0fa-20c5-4865-93a8-b9416c9f108d@group-5142AB34887C-SegmentedRaftLogWorker: flushIndex: setUnconditionally 0 -> -1
2019-09-17 11:30:26,608 [pool-67-thread-1] INFO  server.RaftServerConfigKeys (ConfUtils.java:logGet(43)) - raft.server.snapshot.auto.trigger.enabled = true (custom)
2019-09-17 11:30:26,608 [pool-67-thread-1] INFO  server.RaftServerConfigKeys (ConfUtils.java:logGet(43)) - raft.server.snapshot.auto.trigger.threshold = 10000 (custom)
2019-09-17 11:30:26,608 [pool-67-thread-1] INFO  server.RaftServerConfigKeys (ConfUtils.java:logGet(43)) - raft.server.snapshot.retention.num.files = 5 (custom)
2019-09-17 11:30:26,609 [pool-67-thread-1] INFO  server.RaftServerConfigKeys (ConfUtils.java:logGet(43)) - raft.server.retrycache.expirytime = 600000ms (custom)
2019-09-17 11:30:26,610 [pool-77-thread-1] INFO  impl.RaftServerImpl (RaftServerImpl.java:start(185)) - 332345b2-53e5-4965-b414-3287d6427edd@group-5142AB34887C: start as a follower, conf=-1: [6e54f060-cd9d-44cc-b25b-8b76f38102a4:192.168.5.153:46767, c0e7c0fa-20c5-4865-93a8-b9416c9f108d:192.168.5.153:33473, 332345b2-53e5-4965-b414-3287d6427edd:192.168.5.153:33105], old=null
2019-09-17 11:30:26,610 [pool-77-thread-1] INFO  impl.RaftServerImpl (RaftServerImpl.java:setRole(174)) - 332345b2-53e5-4965-b414-3287d6427edd@group-5142AB34887C: changes role from      null to FOLLOWER at term 0 for startAsFollower
2019-09-17 11:30:26,610 [pool-77-thread-1] INFO  impl.RoleInfo (RoleInfo.java:updateAndGet(143)) - 332345b2-53e5-4965-b414-3287d6427edd: start FollowerState
2019-09-17 11:30:26,611 [pool-77-thread-1] INFO  util.JmxRegister (JmxRegister.java:tryRegister(44)) - Successfully registered JMX Bean with object name Ratis:service=RaftServer,group=group-5142AB34887C,id=332345b2-53e5-4965-b414-3287d6427edd
2019-09-17 11:30:26,612 [pool-57-thread-1] INFO  impl.RaftServerImpl (RaftServerImpl.java:start(185)) - 6e54f060-cd9d-44cc-b25b-8b76f38102a4@group-5142AB34887C: start as a follower, conf=-1: [6e54f060-cd9d-44cc-b25b-8b76f38102a4:192.168.5.153:46767, c0e7c0fa-20c5-4865-93a8-b9416c9f108d:192.168.5.153:33473, 332345b2-53e5-4965-b414-3287d6427edd:192.168.5.153:33105], old=null
2019-09-17 11:30:26,612 [pool-57-thread-1] INFO  impl.RaftServerImpl (RaftServerImpl.java:setRole(174)) - 6e54f060-cd9d-44cc-b25b-8b76f38102a4@group-5142AB34887C: changes role from      null to FOLLOWER at term 0 for startAsFollower
2019-09-17 11:30:26,612 [pool-57-thread-1] INFO  impl.RoleInfo (RoleInfo.java:updateAndGet(143)) - 6e54f060-cd9d-44cc-b25b-8b76f38102a4: start FollowerState
2019-09-17 11:30:26,612 [pool-67-thread-1] INFO  impl.RaftServerImpl (RaftServerImpl.java:start(185)) - c0e7c0fa-20c5-4865-93a8-b9416c9f108d@group-5142AB34887C: start as a follower, conf=-1: [6e54f060-cd9d-44cc-b25b-8b76f38102a4:192.168.5.153:46767, c0e7c0fa-20c5-4865-93a8-b9416c9f108d:192.168.5.153:33473, 332345b2-53e5-4965-b414-3287d6427edd:192.168.5.153:33105], old=null
2019-09-17 11:30:26,612 [pool-67-thread-1] INFO  impl.RaftServerImpl (RaftServerImpl.java:setRole(174)) - c0e7c0fa-20c5-4865-93a8-b9416c9f108d@group-5142AB34887C: changes role from      null to FOLLOWER at term 0 for startAsFollower
2019-09-17 11:30:26,612 [pool-57-thread-1] INFO  util.JmxRegister (JmxRegister.java:tryRegister(44)) - Successfully registered JMX Bean with object name Ratis:service=RaftServer,group=group-5142AB34887C,id=6e54f060-cd9d-44cc-b25b-8b76f38102a4
2019-09-17 11:30:26,613 [pool-67-thread-1] INFO  impl.RoleInfo (RoleInfo.java:updateAndGet(143)) - c0e7c0fa-20c5-4865-93a8-b9416c9f108d: start FollowerState
2019-09-17 11:30:26,613 [pool-67-thread-1] INFO  util.JmxRegister (JmxRegister.java:tryRegister(44)) - Successfully registered JMX Bean with object name Ratis:service=RaftServer,group=group-5142AB34887C,id=c0e7c0fa-20c5-4865-93a8-b9416c9f108d
2019-09-17 11:30:26,615 [RatisPipelineUtilsThread] INFO  pipeline.PipelineStateManager (PipelineStateManager.java:addPipeline(56)) - Created pipeline Pipeline[ Id: 2ab3bbc4-9d57-46ad-9395-5142ab34887c, Nodes: c0e7c0fa-20c5-4865-93a8-b9416c9f108d{ip: 192.168.5.153, host: pr-hdds-2137-trunk-mnh2s-3748177197, networkLocation: /default-rack, certSerialId: null}6e54f060-cd9d-44cc-b25b-8b76f38102a4{ip: 192.168.5.153, host: pr-hdds-2137-trunk-mnh2s-3748177197, networkLocation: /default-rack, certSerialId: null}332345b2-53e5-4965-b414-3287d6427edd{ip: 192.168.5.153, host: pr-hdds-2137-trunk-mnh2s-3748177197, networkLocation: /default-rack, certSerialId: null}, Type:RATIS, Factor:THREE, State:OPEN]
2019-09-17 11:30:27,067 [main] WARN  io.KeyOutputStream (KeyOutputStream.java:handleException(276)) - Encountered exception java.io.IOException: Unexpected Storage Container Exception: java.util.concurrent.CompletionException: java.util.concurrent.CompletionException: org.apache.ratis.protocol.GroupMismatchException: 6e54f060-cd9d-44cc-b25b-8b76f38102a4: group-20D8F186421C not found. on the pipeline Pipeline[ Id: 9338ff2d-8af1-4995-acb2-20d8f186421c, Nodes: c0e7c0fa-20c5-4865-93a8-b9416c9f108d{ip: 192.168.5.153, host: pr-hdds-2137-trunk-mnh2s-3748177197, networkLocation: /default-rack, certSerialId: null}6e54f060-cd9d-44cc-b25b-8b76f38102a4{ip: 192.168.5.153, host: pr-hdds-2137-trunk-mnh2s-3748177197, networkLocation: /default-rack, certSerialId: null}332345b2-53e5-4965-b414-3287d6427edd{ip: 192.168.5.153, host: pr-hdds-2137-trunk-mnh2s-3748177197, networkLocation: /default-rack, certSerialId: null}, Type:RATIS, Factor:THREE, State:OPEN]. The last committed block length is 0, uncommitted data length is 150 retry count 0
2019-09-17 11:30:27,115 [grpc-default-executor-0] INFO  client.GrpcClientProtocolClient (GrpcClientProtocolClient.java:onNext(264)) - client-A5A3857B879E->c0e7c0fa-20c5-4865-93a8-b9416c9f108d: receive RaftClientReply:client-A5A3857B879E->c0e7c0fa-20c5-4865-93a8-b9416c9f108d@group-5142AB34887C, cid=30, FAILED org.apache.ratis.protocol.NotLeaderException: Server c0e7c0fa-20c5-4865-93a8-b9416c9f108d@group-5142AB34887C is not the leader, logIndex=0, commits[c0e7c0fa-20c5-4865-93a8-b9416c9f108d:c-1]
2019-09-17 11:30:28,130 [grpc-default-executor-7] INFO  client.GrpcClientProtocolClient (GrpcClientProtocolClient.java:onNext(264)) - client-A5A3857B879E->6e54f060-cd9d-44cc-b25b-8b76f38102a4: receive RaftClientReply:client-A5A3857B879E->6e54f060-cd9d-44cc-b25b-8b76f38102a4@group-5142AB34887C, cid=30, FAILED org.apache.ratis.protocol.NotLeaderException: Server 6e54f060-cd9d-44cc-b25b-8b76f38102a4@group-5142AB34887C is not the leader, logIndex=0, commits[6e54f060-cd9d-44cc-b25b-8b76f38102a4:c-1]
2019-09-17 11:30:28,657 [grpc-default-executor-0] INFO  impl.RaftServerProxy (RaftServerProxy.java:remove(95)) - c0e7c0fa-20c5-4865-93a8-b9416c9f108d: remove group-20D8F186421C:null
2019-09-17 11:30:28,665 [RatisPipelineUtilsThread] WARN  pipeline.RatisPipelineUtils (RatisPipelineUtils.java:destroyPipeline(66)) - Pipeline destroy failed for pipeline=PipelineID=9338ff2d-8af1-4995-acb2-20d8f186421c dn=c0e7c0fa-20c5-4865-93a8-b9416c9f108d{ip: 192.168.5.153, host: pr-hdds-2137-trunk-mnh2s-3748177197, networkLocation: /default-rack, certSerialId: null}
2019-09-17 11:30:28,669 [grpc-default-executor-0] INFO  impl.RaftServerProxy (RaftServerProxy.java:remove(95)) - 6e54f060-cd9d-44cc-b25b-8b76f38102a4: remove group-20D8F186421C:null
2019-09-17 11:30:28,675 [RatisPipelineUtilsThread] WARN  pipeline.RatisPipelineUtils (RatisPipelineUtils.java:destroyPipeline(66)) - Pipeline destroy failed for pipeline=PipelineID=9338ff2d-8af1-4995-acb2-20d8f186421c dn=6e54f060-cd9d-44cc-b25b-8b76f38102a4{ip: 192.168.5.153, host: pr-hdds-2137-trunk-mnh2s-3748177197, networkLocation: /default-rack, certSerialId: null}
2019-09-17 11:30:28,678 [grpc-default-executor-0] INFO  impl.RaftServerProxy (RaftServerProxy.java:remove(95)) - 332345b2-53e5-4965-b414-3287d6427edd: remove group-20D8F186421C:null
2019-09-17 11:30:28,684 [RatisPipelineUtilsThread] WARN  pipeline.RatisPipelineUtils (RatisPipelineUtils.java:destroyPipeline(66)) - Pipeline destroy failed for pipeline=PipelineID=9338ff2d-8af1-4995-acb2-20d8f186421c dn=332345b2-53e5-4965-b414-3287d6427edd{ip: 192.168.5.153, host: pr-hdds-2137-trunk-mnh2s-3748177197, networkLocation: /default-rack, certSerialId: null}
2019-09-17 11:30:28,684 [RatisPipelineUtilsThread] ERROR pipeline.SCMPipelineManager (Scheduler.java:lambda$schedule$1(70)) - Destroy pipeline failed for pipeline:Pipeline[ Id: 9338ff2d-8af1-4995-acb2-20d8f186421c, Nodes: c0e7c0fa-20c5-4865-93a8-b9416c9f108d{ip: 192.168.5.153, host: pr-hdds-2137-trunk-mnh2s-3748177197, networkLocation: /default-rack, certSerialId: null}6e54f060-cd9d-44cc-b25b-8b76f38102a4{ip: 192.168.5.153, host: pr-hdds-2137-trunk-mnh2s-3748177197, networkLocation: /default-rack, certSerialId: null}332345b2-53e5-4965-b414-3287d6427edd{ip: 192.168.5.153, host: pr-hdds-2137-trunk-mnh2s-3748177197, networkLocation: /default-rack, certSerialId: null}, Type:RATIS, Factor:THREE, State:CLOSED]
org.apache.hadoop.hdds.scm.pipeline.PipelineNotFoundException: PipelineID=9338ff2d-8af1-4995-acb2-20d8f186421c not found
	at org.apache.hadoop.hdds.scm.pipeline.PipelineStateMap.getPipeline(PipelineStateMap.java:132)
	at org.apache.hadoop.hdds.scm.pipeline.PipelineStateMap.removePipeline(PipelineStateMap.java:322)
	at org.apache.hadoop.hdds.scm.pipeline.PipelineStateManager.removePipeline(PipelineStateManager.java:107)
	at org.apache.hadoop.hdds.scm.pipeline.SCMPipelineManager.removePipeline(SCMPipelineManager.java:423)
	at org.apache.hadoop.hdds.scm.pipeline.SCMPipelineManager.destroyPipeline(SCMPipelineManager.java:409)
	at org.apache.hadoop.hdds.scm.pipeline.SCMPipelineManager.lambda$finalizeAndDestroyPipeline$0(SCMPipelineManager.java:318)
	at org.apache.hadoop.utils.Scheduler.lambda$schedule$1(Scheduler.java:68)
	at java.util.concurrent.Executors$RunnableAdapter.call(Executors.java:511)
	at java.util.concurrent.FutureTask.run(FutureTask.java:266)
	at java.util.concurrent.ScheduledThreadPoolExecutor$ScheduledFutureTask.access$201(ScheduledThreadPoolExecutor.java:180)
	at java.util.concurrent.ScheduledThreadPoolExecutor$ScheduledFutureTask.run(ScheduledThreadPoolExecutor.java:293)
	at java.util.concurrent.ThreadPoolExecutor.runWorker(ThreadPoolExecutor.java:1149)
	at java.util.concurrent.ThreadPoolExecutor$Worker.run(ThreadPoolExecutor.java:624)
	at java.lang.Thread.run(Thread.java:748)
2019-09-17 11:30:29,138 [grpc-default-executor-0] INFO  client.GrpcClientProtocolClient (GrpcClientProtocolClient.java:onNext(264)) - client-A5A3857B879E->c0e7c0fa-20c5-4865-93a8-b9416c9f108d: receive RaftClientReply:client-A5A3857B879E->c0e7c0fa-20c5-4865-93a8-b9416c9f108d@group-5142AB34887C, cid=30, FAILED org.apache.ratis.protocol.NotLeaderException: Server c0e7c0fa-20c5-4865-93a8-b9416c9f108d@group-5142AB34887C is not the leader, logIndex=0, commits[c0e7c0fa-20c5-4865-93a8-b9416c9f108d:c-1]
2019-09-17 11:30:29,690 [grpc-default-executor-7] INFO  impl.RaftServerProxy (RaftServerProxy.java:remove(95)) - c0e7c0fa-20c5-4865-93a8-b9416c9f108d: remove group-20D8F186421C:null
2019-09-17 11:30:29,701 [RatisPipelineUtilsThread] WARN  pipeline.RatisPipelineUtils (RatisPipelineUtils.java:destroyPipeline(66)) - Pipeline destroy failed for pipeline=PipelineID=9338ff2d-8af1-4995-acb2-20d8f186421c dn=c0e7c0fa-20c5-4865-93a8-b9416c9f108d{ip: 192.168.5.153, host: pr-hdds-2137-trunk-mnh2s-3748177197, networkLocation: /default-rack, certSerialId: null}
2019-09-17 11:30:29,705 [grpc-default-executor-7] INFO  impl.RaftServerProxy (RaftServerProxy.java:remove(95)) - 6e54f060-cd9d-44cc-b25b-8b76f38102a4: remove group-20D8F186421C:null
2019-09-17 11:30:29,710 [RatisPipelineUtilsThread] WARN  pipeline.RatisPipelineUtils (RatisPipelineUtils.java:destroyPipeline(66)) - Pipeline destroy failed for pipeline=PipelineID=9338ff2d-8af1-4995-acb2-20d8f186421c dn=6e54f060-cd9d-44cc-b25b-8b76f38102a4{ip: 192.168.5.153, host: pr-hdds-2137-trunk-mnh2s-3748177197, networkLocation: /default-rack, certSerialId: null}
2019-09-17 11:30:29,714 [grpc-default-executor-7] INFO  impl.RaftServerProxy (RaftServerProxy.java:remove(95)) - 332345b2-53e5-4965-b414-3287d6427edd: remove group-20D8F186421C:null
2019-09-17 11:30:29,719 [RatisPipelineUtilsThread] WARN  pipeline.RatisPipelineUtils (RatisPipelineUtils.java:destroyPipeline(66)) - Pipeline destroy failed for pipeline=PipelineID=9338ff2d-8af1-4995-acb2-20d8f186421c dn=332345b2-53e5-4965-b414-3287d6427edd{ip: 192.168.5.153, host: pr-hdds-2137-trunk-mnh2s-3748177197, networkLocation: /default-rack, certSerialId: null}
2019-09-17 11:30:29,720 [RatisPipelineUtilsThread] ERROR pipeline.SCMPipelineManager (Scheduler.java:lambda$schedule$1(70)) - Destroy pipeline failed for pipeline:Pipeline[ Id: 9338ff2d-8af1-4995-acb2-20d8f186421c, Nodes: c0e7c0fa-20c5-4865-93a8-b9416c9f108d{ip: 192.168.5.153, host: pr-hdds-2137-trunk-mnh2s-3748177197, networkLocation: /default-rack, certSerialId: null}6e54f060-cd9d-44cc-b25b-8b76f38102a4{ip: 192.168.5.153, host: pr-hdds-2137-trunk-mnh2s-3748177197, networkLocation: /default-rack, certSerialId: null}332345b2-53e5-4965-b414-3287d6427edd{ip: 192.168.5.153, host: pr-hdds-2137-trunk-mnh2s-3748177197, networkLocation: /default-rack, certSerialId: null}, Type:RATIS, Factor:THREE, State:CLOSED]
org.apache.hadoop.hdds.scm.pipeline.PipelineNotFoundException: PipelineID=9338ff2d-8af1-4995-acb2-20d8f186421c not found
	at org.apache.hadoop.hdds.scm.pipeline.PipelineStateMap.getPipeline(PipelineStateMap.java:132)
	at org.apache.hadoop.hdds.scm.pipeline.PipelineStateMap.removePipeline(PipelineStateMap.java:322)
	at org.apache.hadoop.hdds.scm.pipeline.PipelineStateManager.removePipeline(PipelineStateManager.java:107)
	at org.apache.hadoop.hdds.scm.pipeline.SCMPipelineManager.removePipeline(SCMPipelineManager.java:423)
	at org.apache.hadoop.hdds.scm.pipeline.SCMPipelineManager.destroyPipeline(SCMPipelineManager.java:409)
	at org.apache.hadoop.hdds.scm.pipeline.SCMPipelineManager.lambda$finalizeAndDestroyPipeline$0(SCMPipelineManager.java:318)
	at org.apache.hadoop.utils.Scheduler.lambda$schedule$1(Scheduler.java:68)
	at java.util.concurrent.Executors$RunnableAdapter.call(Executors.java:511)
	at java.util.concurrent.FutureTask.run(FutureTask.java:266)
	at java.util.concurrent.ScheduledThreadPoolExecutor$ScheduledFutureTask.access$201(ScheduledThreadPoolExecutor.java:180)
	at java.util.concurrent.ScheduledThreadPoolExecutor$ScheduledFutureTask.run(ScheduledThreadPoolExecutor.java:293)
	at java.util.concurrent.ThreadPoolExecutor.runWorker(ThreadPoolExecutor.java:1149)
	at java.util.concurrent.ThreadPoolExecutor$Worker.run(ThreadPoolExecutor.java:624)
	at java.lang.Thread.run(Thread.java:748)
2019-09-17 11:30:30,147 [grpc-default-executor-7] INFO  client.GrpcClientProtocolClient (GrpcClientProtocolClient.java:onNext(264)) - client-A5A3857B879E->6e54f060-cd9d-44cc-b25b-8b76f38102a4: receive RaftClientReply:client-A5A3857B879E->6e54f060-cd9d-44cc-b25b-8b76f38102a4@group-5142AB34887C, cid=30, FAILED org.apache.ratis.protocol.NotLeaderException: Server 6e54f060-cd9d-44cc-b25b-8b76f38102a4@group-5142AB34887C is not the leader, logIndex=0, commits[6e54f060-cd9d-44cc-b25b-8b76f38102a4:c-1]
2019-09-17 11:30:31,160 [grpc-default-executor-7] INFO  client.GrpcClientProtocolClient (GrpcClientProtocolClient.java:onNext(264)) - client-A5A3857B879E->332345b2-53e5-4965-b414-3287d6427edd: receive RaftClientReply:client-A5A3857B879E->332345b2-53e5-4965-b414-3287d6427edd@group-5142AB34887C, cid=30, FAILED org.apache.ratis.protocol.NotLeaderException: Server 332345b2-53e5-4965-b414-3287d6427edd@group-5142AB34887C is not the leader, logIndex=0, commits[332345b2-53e5-4965-b414-3287d6427edd:c-1]
2019-09-17 11:30:31,631 [Thread-1007] INFO  impl.FollowerState (FollowerState.java:run(106)) - c0e7c0fa-20c5-4865-93a8-b9416c9f108d:group-5142AB34887C changes to CANDIDATE, lastRpcTime:5017, electionTimeout:5017ms
2019-09-17 11:30:31,631 [Thread-1007] INFO  impl.RoleInfo (RoleInfo.java:shutdownFollowerState(121)) - c0e7c0fa-20c5-4865-93a8-b9416c9f108d: shutdown FollowerState
2019-09-17 11:30:31,632 [Thread-1007] INFO  impl.RaftServerImpl (RaftServerImpl.java:setRole(174)) - c0e7c0fa-20c5-4865-93a8-b9416c9f108d@group-5142AB34887C: changes role from  FOLLOWER to CANDIDATE at term 0 for changeToCandidate
2019-09-17 11:30:31,632 [Thread-1007] INFO  impl.RoleInfo (RoleInfo.java:updateAndGet(143)) - c0e7c0fa-20c5-4865-93a8-b9416c9f108d: start LeaderElection
2019-09-17 11:30:31,666 [c0e7c0fa-20c5-4865-93a8-b9416c9f108d@group-5142AB34887C:LeaderElection29] INFO  impl.LeaderElection (LeaderElection.java:askForVotes(182)) - c0e7c0fa-20c5-4865-93a8-b9416c9f108d@group-5142AB34887C:LeaderElection29: begin an election at term 1 for -1: [6e54f060-cd9d-44cc-b25b-8b76f38102a4:192.168.5.153:46767, c0e7c0fa-20c5-4865-93a8-b9416c9f108d:192.168.5.153:33473, 332345b2-53e5-4965-b414-3287d6427edd:192.168.5.153:33105], old=null
2019-09-17 11:30:31,668 [Thread-1006] INFO  impl.FollowerState (FollowerState.java:run(106)) - 6e54f060-cd9d-44cc-b25b-8b76f38102a4:group-5142AB34887C changes to CANDIDATE, lastRpcTime:5055, electionTimeout:5055ms
2019-09-17 11:30:31,668 [Thread-1006] INFO  impl.RoleInfo (RoleInfo.java:shutdownFollowerState(121)) - 6e54f060-cd9d-44cc-b25b-8b76f38102a4: shutdown FollowerState
2019-09-17 11:30:31,668 [Thread-1006] INFO  impl.RaftServerImpl (RaftServerImpl.java:setRole(174)) - 6e54f060-cd9d-44cc-b25b-8b76f38102a4@group-5142AB34887C: changes role from  FOLLOWER to CANDIDATE at term 0 for changeToCandidate
2019-09-17 11:30:31,668 [Thread-1006] INFO  impl.RoleInfo (RoleInfo.java:updateAndGet(143)) - 6e54f060-cd9d-44cc-b25b-8b76f38102a4: start LeaderElection
2019-09-17 11:30:31,677 [Thread-1004] INFO  impl.FollowerState (FollowerState.java:run(106)) - 332345b2-53e5-4965-b414-3287d6427edd:group-5142AB34887C changes to CANDIDATE, lastRpcTime:5064, electionTimeout:5061ms
2019-09-17 11:30:31,677 [Thread-1004] INFO  impl.RoleInfo (RoleInfo.java:shutdownFollowerState(121)) - 332345b2-53e5-4965-b414-3287d6427edd: shutdown FollowerState
2019-09-17 11:30:31,678 [Thread-1004] INFO  impl.RaftServerImpl (RaftServerImpl.java:setRole(174)) - 332345b2-53e5-4965-b414-3287d6427edd@group-5142AB34887C: changes role from  FOLLOWER to CANDIDATE at term 0 for changeToCandidate
2019-09-17 11:30:31,678 [Thread-1004] INFO  impl.RoleInfo (RoleInfo.java:updateAndGet(143)) - 332345b2-53e5-4965-b414-3287d6427edd: start LeaderElection
2019-09-17 11:30:31,681 [grpc-default-executor-7] INFO  impl.RaftServerImpl (RaftServerImpl.java:setRole(174)) - 332345b2-53e5-4965-b414-3287d6427edd@group-5142AB34887C: changes role from CANDIDATE to FOLLOWER at term 1 for recognizeCandidate:c0e7c0fa-20c5-4865-93a8-b9416c9f108d
2019-09-17 11:30:31,681 [grpc-default-executor-7] INFO  impl.RoleInfo (RoleInfo.java:shutdownLeaderElection(134)) - 332345b2-53e5-4965-b414-3287d6427edd: shutdown LeaderElection
2019-09-17 11:30:31,681 [grpc-default-executor-7] INFO  impl.RoleInfo (RoleInfo.java:updateAndGet(143)) - 332345b2-53e5-4965-b414-3287d6427edd: start FollowerState
2019-09-17 11:30:31,689 [grpc-default-executor-3] INFO  impl.RaftServerProxy (RaftServerProxy.java:remove(95)) - c0e7c0fa-20c5-4865-93a8-b9416c9f108d: remove group-20D8F186421C:null
2019-09-17 11:30:31,696 [RatisPipelineUtilsThread] WARN  pipeline.RatisPipelineUtils (RatisPipelineUtils.java:destroyPipeline(66)) - Pipeline destroy failed for pipeline=PipelineID=9338ff2d-8af1-4995-acb2-20d8f186421c dn=c0e7c0fa-20c5-4865-93a8-b9416c9f108d{ip: 192.168.5.153, host: pr-hdds-2137-trunk-mnh2s-3748177197, networkLocation: /default-rack, certSerialId: null}
2019-09-17 11:30:31,697 [6e54f060-cd9d-44cc-b25b-8b76f38102a4@group-5142AB34887C:LeaderElection30] INFO  impl.LeaderElection (LeaderElection.java:askForVotes(182)) - 6e54f060-cd9d-44cc-b25b-8b76f38102a4@group-5142AB34887C:LeaderElection30: begin an election at term 1 for -1: [6e54f060-cd9d-44cc-b25b-8b76f38102a4:192.168.5.153:46767, c0e7c0fa-20c5-4865-93a8-b9416c9f108d:192.168.5.153:33473, 332345b2-53e5-4965-b414-3287d6427edd:192.168.5.153:33105], old=null
2019-09-17 11:30:31,699 [c0e7c0fa-20c5-4865-93a8-b9416c9f108d@group-5142AB34887C:LeaderElection29] INFO  impl.LeaderElection (LeaderElection.java:logAndReturn(56)) - c0e7c0fa-20c5-4865-93a8-b9416c9f108d@group-5142AB34887C:LeaderElection29: Election REJECTED; received 2 response(s) [c0e7c0fa-20c5-4865-93a8-b9416c9f108d<-6e54f060-cd9d-44cc-b25b-8b76f38102a4#0:FAIL-t1, c0e7c0fa-20c5-4865-93a8-b9416c9f108d<-332345b2-53e5-4965-b414-3287d6427edd#0:FAIL-t1] and 0 exception(s); c0e7c0fa-20c5-4865-93a8-b9416c9f108d@group-5142AB34887C:t1, leader=null, voted=c0e7c0fa-20c5-4865-93a8-b9416c9f108d, raftlog=c0e7c0fa-20c5-4865-93a8-b9416c9f108d@group-5142AB34887C-SegmentedRaftLog:OPENED:c-1,f-1,i0, conf=-1: [6e54f060-cd9d-44cc-b25b-8b76f38102a4:192.168.5.153:46767, c0e7c0fa-20c5-4865-93a8-b9416c9f108d:192.168.5.153:33473, 332345b2-53e5-4965-b414-3287d6427edd:192.168.5.153:33105], old=null
2019-09-17 11:30:31,699 [c0e7c0fa-20c5-4865-93a8-b9416c9f108d@group-5142AB34887C:LeaderElection29] INFO  impl.RaftServerImpl (RaftServerImpl.java:setRole(174)) - c0e7c0fa-20c5-4865-93a8-b9416c9f108d@group-5142AB34887C: changes role from CANDIDATE to FOLLOWER at term 1 for DISCOVERED_A_NEW_TERM
2019-09-17 11:30:31,699 [c0e7c0fa-20c5-4865-93a8-b9416c9f108d@group-5142AB34887C:LeaderElection29] INFO  impl.RoleInfo (RoleInfo.java:shutdownLeaderElection(134)) - c0e7c0fa-20c5-4865-93a8-b9416c9f108d: shutdown LeaderElection
2019-09-17 11:30:31,699 [c0e7c0fa-20c5-4865-93a8-b9416c9f108d@group-5142AB34887C:LeaderElection29] INFO  impl.RoleInfo (RoleInfo.java:updateAndGet(143)) - c0e7c0fa-20c5-4865-93a8-b9416c9f108d: start FollowerState
2019-09-17 11:30:31,701 [grpc-default-executor-3] INFO  impl.RaftServerProxy (RaftServerProxy.java:remove(95)) - 6e54f060-cd9d-44cc-b25b-8b76f38102a4: remove group-20D8F186421C:null
2019-09-17 11:30:31,707 [RatisPipelineUtilsThread] WARN  pipeline.RatisPipelineUtils (RatisPipelineUtils.java:destroyPipeline(66)) - Pipeline destroy failed for pipeline=PipelineID=9338ff2d-8af1-4995-acb2-20d8f186421c dn=6e54f060-cd9d-44cc-b25b-8b76f38102a4{ip: 192.168.5.153, host: pr-hdds-2137-trunk-mnh2s-3748177197, networkLocation: /default-rack, certSerialId: null}
2019-09-17 11:30:31,711 [grpc-default-executor-7] INFO  impl.RaftServerProxy (RaftServerProxy.java:remove(95)) - 332345b2-53e5-4965-b414-3287d6427edd: remove group-20D8F186421C:null
2019-09-17 11:30:31,716 [RatisPipelineUtilsThread] WARN  pipeline.RatisPipelineUtils (RatisPipelineUtils.java:destroyPipeline(66)) - Pipeline destroy failed for pipeline=PipelineID=9338ff2d-8af1-4995-acb2-20d8f186421c dn=332345b2-53e5-4965-b414-3287d6427edd{ip: 192.168.5.153, host: pr-hdds-2137-trunk-mnh2s-3748177197, networkLocation: /default-rack, certSerialId: null}
2019-09-17 11:30:31,717 [RatisPipelineUtilsThread] ERROR pipeline.SCMPipelineManager (Scheduler.java:lambda$schedule$1(70)) - Destroy pipeline failed for pipeline:Pipeline[ Id: 9338ff2d-8af1-4995-acb2-20d8f186421c, Nodes: c0e7c0fa-20c5-4865-93a8-b9416c9f108d{ip: 192.168.5.153, host: pr-hdds-2137-trunk-mnh2s-3748177197, networkLocation: /default-rack, certSerialId: null}6e54f060-cd9d-44cc-b25b-8b76f38102a4{ip: 192.168.5.153, host: pr-hdds-2137-trunk-mnh2s-3748177197, networkLocation: /default-rack, certSerialId: null}332345b2-53e5-4965-b414-3287d6427edd{ip: 192.168.5.153, host: pr-hdds-2137-trunk-mnh2s-3748177197, networkLocation: /default-rack, certSerialId: null}, Type:RATIS, Factor:THREE, State:CLOSED]
org.apache.hadoop.hdds.scm.pipeline.PipelineNotFoundException: PipelineID=9338ff2d-8af1-4995-acb2-20d8f186421c not found
	at org.apache.hadoop.hdds.scm.pipeline.PipelineStateMap.getPipeline(PipelineStateMap.java:132)
	at org.apache.hadoop.hdds.scm.pipeline.PipelineStateMap.removePipeline(PipelineStateMap.java:322)
	at org.apache.hadoop.hdds.scm.pipeline.PipelineStateManager.removePipeline(PipelineStateManager.java:107)
	at org.apache.hadoop.hdds.scm.pipeline.SCMPipelineManager.removePipeline(SCMPipelineManager.java:423)
	at org.apache.hadoop.hdds.scm.pipeline.SCMPipelineManager.destroyPipeline(SCMPipelineManager.java:409)
	at org.apache.hadoop.hdds.scm.pipeline.SCMPipelineManager.lambda$finalizeAndDestroyPipeline$0(SCMPipelineManager.java:318)
	at org.apache.hadoop.utils.Scheduler.lambda$schedule$1(Scheduler.java:68)
	at java.util.concurrent.Executors$RunnableAdapter.call(Executors.java:511)
	at java.util.concurrent.FutureTask.run(FutureTask.java:266)
	at java.util.concurrent.ScheduledThreadPoolExecutor$ScheduledFutureTask.access$201(ScheduledThreadPoolExecutor.java:180)
	at java.util.concurrent.ScheduledThreadPoolExecutor$ScheduledFutureTask.run(ScheduledThreadPoolExecutor.java:293)
	at java.util.concurrent.ThreadPoolExecutor.runWorker(ThreadPoolExecutor.java:1149)
	at java.util.concurrent.ThreadPoolExecutor$Worker.run(ThreadPoolExecutor.java:624)
	at java.lang.Thread.run(Thread.java:748)
2019-09-17 11:30:31,731 [332345b2-53e5-4965-b414-3287d6427edd@group-5142AB34887C:LeaderElection31] INFO  impl.LeaderElection (LeaderElection.java:askForVotes(182)) - 332345b2-53e5-4965-b414-3287d6427edd@group-5142AB34887C:LeaderElection31: begin an election at term 2 for -1: [6e54f060-cd9d-44cc-b25b-8b76f38102a4:192.168.5.153:46767, c0e7c0fa-20c5-4865-93a8-b9416c9f108d:192.168.5.153:33473, 332345b2-53e5-4965-b414-3287d6427edd:192.168.5.153:33105], old=null
2019-09-17 11:30:31,732 [332345b2-53e5-4965-b414-3287d6427edd@group-5142AB34887C:LeaderElection31] INFO  impl.LeaderElection (LeaderElection.java:logAndReturn(56)) - 332345b2-53e5-4965-b414-3287d6427edd@group-5142AB34887C:LeaderElection31: Election REJECTED; received 0 response(s) [] and 0 exception(s); 332345b2-53e5-4965-b414-3287d6427edd@group-5142AB34887C:t2, leader=null, voted=332345b2-53e5-4965-b414-3287d6427edd, raftlog=332345b2-53e5-4965-b414-3287d6427edd@group-5142AB34887C-SegmentedRaftLog:OPENED:c-1,f-1,i0, conf=-1: [6e54f060-cd9d-44cc-b25b-8b76f38102a4:192.168.5.153:46767, c0e7c0fa-20c5-4865-93a8-b9416c9f108d:192.168.5.153:33473, 332345b2-53e5-4965-b414-3287d6427edd:192.168.5.153:33105], old=null
2019-09-17 11:30:31,732 [6e54f060-cd9d-44cc-b25b-8b76f38102a4@group-5142AB34887C:LeaderElection30] INFO  impl.LeaderElection (LeaderElection.java:logAndReturn(56)) - 6e54f060-cd9d-44cc-b25b-8b76f38102a4@group-5142AB34887C:LeaderElection30: Election DISCOVERED_A_NEW_TERM; received 2 response(s) [6e54f060-cd9d-44cc-b25b-8b76f38102a4<-c0e7c0fa-20c5-4865-93a8-b9416c9f108d#0:FAIL-t1, 6e54f060-cd9d-44cc-b25b-8b76f38102a4<-332345b2-53e5-4965-b414-3287d6427edd#0:FAIL-t2] and 0 exception(s); 6e54f060-cd9d-44cc-b25b-8b76f38102a4@group-5142AB34887C:t1, leader=null, voted=6e54f060-cd9d-44cc-b25b-8b76f38102a4, raftlog=6e54f060-cd9d-44cc-b25b-8b76f38102a4@group-5142AB34887C-SegmentedRaftLog:OPENED:c-1,f-1,i0, conf=-1: [6e54f060-cd9d-44cc-b25b-8b76f38102a4:192.168.5.153:46767, c0e7c0fa-20c5-4865-93a8-b9416c9f108d:192.168.5.153:33473, 332345b2-53e5-4965-b414-3287d6427edd:192.168.5.153:33105], old=null
2019-09-17 11:30:31,732 [6e54f060-cd9d-44cc-b25b-8b76f38102a4@group-5142AB34887C:LeaderElection30] INFO  impl.RaftServerImpl (RaftServerImpl.java:setRole(174)) - 6e54f060-cd9d-44cc-b25b-8b76f38102a4@group-5142AB34887C: changes role from CANDIDATE to FOLLOWER at term 2 for DISCOVERED_A_NEW_TERM
2019-09-17 11:30:31,732 [6e54f060-cd9d-44cc-b25b-8b76f38102a4@group-5142AB34887C:LeaderElection30] INFO  impl.RoleInfo (RoleInfo.java:shutdownLeaderElection(134)) - 6e54f060-cd9d-44cc-b25b-8b76f38102a4: shutdown LeaderElection
2019-09-17 11:30:31,733 [6e54f060-cd9d-44cc-b25b-8b76f38102a4@group-5142AB34887C:LeaderElection30] INFO  impl.RoleInfo (RoleInfo.java:updateAndGet(143)) - 6e54f060-cd9d-44cc-b25b-8b76f38102a4: start FollowerState
2019-09-17 11:30:31,735 [grpc-default-executor-3] INFO  impl.RaftServerImpl (RaftServerImpl.java:setRole(174)) - c0e7c0fa-20c5-4865-93a8-b9416c9f108d@group-5142AB34887C: changes role from  FOLLOWER to FOLLOWER at term 2 for recognizeCandidate:332345b2-53e5-4965-b414-3287d6427edd
2019-09-17 11:30:31,736 [grpc-default-executor-3] INFO  impl.RoleInfo (RoleInfo.java:shutdownFollowerState(121)) - c0e7c0fa-20c5-4865-93a8-b9416c9f108d: shutdown FollowerState
2019-09-17 11:30:31,736 [grpc-default-executor-3] INFO  impl.RoleInfo (RoleInfo.java:updateAndGet(143)) - c0e7c0fa-20c5-4865-93a8-b9416c9f108d: start FollowerState
2019-09-17 11:30:31,736 [Thread-1043] INFO  impl.FollowerState (FollowerState.java:run(115)) - c0e7c0fa-20c5-4865-93a8-b9416c9f108d: FollowerState was interrupted: java.lang.InterruptedException: sleep interrupted
2019-09-17 11:30:31,758 [grpc-default-executor-7] INFO  impl.RaftServerImpl (RaftServerImpl.java:setRole(174)) - 6e54f060-cd9d-44cc-b25b-8b76f38102a4@group-5142AB34887C: changes role from  FOLLOWER to FOLLOWER at term 2 for recognizeCandidate:332345b2-53e5-4965-b414-3287d6427edd
2019-09-17 11:30:31,758 [grpc-default-executor-7] INFO  impl.RoleInfo (RoleInfo.java:shutdownFollowerState(121)) - 6e54f060-cd9d-44cc-b25b-8b76f38102a4: shutdown FollowerState
2019-09-17 11:30:31,758 [grpc-default-executor-7] INFO  impl.RoleInfo (RoleInfo.java:updateAndGet(143)) - 6e54f060-cd9d-44cc-b25b-8b76f38102a4: start FollowerState
2019-09-17 11:30:31,758 [Thread-1048] INFO  impl.FollowerState (FollowerState.java:run(115)) - 6e54f060-cd9d-44cc-b25b-8b76f38102a4: FollowerState was interrupted: java.lang.InterruptedException: sleep interrupted
2019-09-17 11:30:32,167 [grpc-default-executor-7] INFO  client.GrpcClientProtocolClient (GrpcClientProtocolClient.java:onNext(264)) - client-A5A3857B879E->c0e7c0fa-20c5-4865-93a8-b9416c9f108d: receive RaftClientReply:client-A5A3857B879E->c0e7c0fa-20c5-4865-93a8-b9416c9f108d@group-5142AB34887C, cid=30, FAILED org.apache.ratis.protocol.NotLeaderException: Server c0e7c0fa-20c5-4865-93a8-b9416c9f108d@group-5142AB34887C is not the leader, logIndex=0, commits[c0e7c0fa-20c5-4865-93a8-b9416c9f108d:c-1]
2019-09-17 11:30:33,172 [grpc-default-executor-3] INFO  client.GrpcClientProtocolClient (GrpcClientProtocolClient.java:onNext(264)) - client-A5A3857B879E->6e54f060-cd9d-44cc-b25b-8b76f38102a4: receive RaftClientReply:client-A5A3857B879E->6e54f060-cd9d-44cc-b25b-8b76f38102a4@group-5142AB34887C, cid=30, FAILED org.apache.ratis.protocol.NotLeaderException: Server 6e54f060-cd9d-44cc-b25b-8b76f38102a4@group-5142AB34887C is not the leader, logIndex=0, commits[6e54f060-cd9d-44cc-b25b-8b76f38102a4:c-1]
2019-09-17 11:30:34,178 [grpc-default-executor-7] INFO  client.GrpcClientProtocolClient (GrpcClientProtocolClient.java:onNext(264)) - client-A5A3857B879E->c0e7c0fa-20c5-4865-93a8-b9416c9f108d: receive RaftClientReply:client-A5A3857B879E->c0e7c0fa-20c5-4865-93a8-b9416c9f108d@group-5142AB34887C, cid=30, FAILED org.apache.ratis.protocol.NotLeaderException: Server c0e7c0fa-20c5-4865-93a8-b9416c9f108d@group-5142AB34887C is not the leader, logIndex=0, commits[c0e7c0fa-20c5-4865-93a8-b9416c9f108d:c-1]
2019-09-17 11:30:34,686 [grpc-default-executor-3] INFO  impl.RaftServerProxy (RaftServerProxy.java:remove(95)) - c0e7c0fa-20c5-4865-93a8-b9416c9f108d: remove group-20D8F186421C:null
2019-09-17 11:30:34,693 [RatisPipelineUtilsThread] WARN  pipeline.RatisPipelineUtils (RatisPipelineUtils.java:destroyPipeline(66)) - Pipeline destroy failed for pipeline=PipelineID=9338ff2d-8af1-4995-acb2-20d8f186421c dn=c0e7c0fa-20c5-4865-93a8-b9416c9f108d{ip: 192.168.5.153, host: pr-hdds-2137-trunk-mnh2s-3748177197, networkLocation: /default-rack, certSerialId: null}
2019-09-17 11:30:34,697 [grpc-default-executor-3] INFO  impl.RaftServerProxy (RaftServerProxy.java:remove(95)) - 6e54f060-cd9d-44cc-b25b-8b76f38102a4: remove group-20D8F186421C:null
2019-09-17 11:30:34,703 [RatisPipelineUtilsThread] WARN  pipeline.RatisPipelineUtils (RatisPipelineUtils.java:destroyPipeline(66)) - Pipeline destroy failed for pipeline=PipelineID=9338ff2d-8af1-4995-acb2-20d8f186421c dn=6e54f060-cd9d-44cc-b25b-8b76f38102a4{ip: 192.168.5.153, host: pr-hdds-2137-trunk-mnh2s-3748177197, networkLocation: /default-rack, certSerialId: null}
2019-09-17 11:30:34,709 [grpc-default-executor-3] INFO  impl.RaftServerProxy (RaftServerProxy.java:remove(95)) - 332345b2-53e5-4965-b414-3287d6427edd: remove group-20D8F186421C:null
2019-09-17 11:30:34,713 [RatisPipelineUtilsThread] WARN  pipeline.RatisPipelineUtils (RatisPipelineUtils.java:destroyPipeline(66)) - Pipeline destroy failed for pipeline=PipelineID=9338ff2d-8af1-4995-acb2-20d8f186421c dn=332345b2-53e5-4965-b414-3287d6427edd{ip: 192.168.5.153, host: pr-hdds-2137-trunk-mnh2s-3748177197, networkLocation: /default-rack, certSerialId: null}
2019-09-17 11:30:34,714 [RatisPipelineUtilsThread] ERROR pipeline.SCMPipelineManager (Scheduler.java:lambda$schedule$1(70)) - Destroy pipeline failed for pipeline:Pipeline[ Id: 9338ff2d-8af1-4995-acb2-20d8f186421c, Nodes: c0e7c0fa-20c5-4865-93a8-b9416c9f108d{ip: 192.168.5.153, host: pr-hdds-2137-trunk-mnh2s-3748177197, networkLocation: /default-rack, certSerialId: null}6e54f060-cd9d-44cc-b25b-8b76f38102a4{ip: 192.168.5.153, host: pr-hdds-2137-trunk-mnh2s-3748177197, networkLocation: /default-rack, certSerialId: null}332345b2-53e5-4965-b414-3287d6427edd{ip: 192.168.5.153, host: pr-hdds-2137-trunk-mnh2s-3748177197, networkLocation: /default-rack, certSerialId: null}, Type:RATIS, Factor:THREE, State:CLOSED]
org.apache.hadoop.hdds.scm.pipeline.PipelineNotFoundException: PipelineID=9338ff2d-8af1-4995-acb2-20d8f186421c not found
	at org.apache.hadoop.hdds.scm.pipeline.PipelineStateMap.getPipeline(PipelineStateMap.java:132)
	at org.apache.hadoop.hdds.scm.pipeline.PipelineStateMap.removePipeline(PipelineStateMap.java:322)
	at org.apache.hadoop.hdds.scm.pipeline.PipelineStateManager.removePipeline(PipelineStateManager.java:107)
	at org.apache.hadoop.hdds.scm.pipeline.SCMPipelineManager.removePipeline(SCMPipelineManager.java:423)
	at org.apache.hadoop.hdds.scm.pipeline.SCMPipelineManager.destroyPipeline(SCMPipelineManager.java:409)
	at org.apache.hadoop.hdds.scm.pipeline.SCMPipelineManager.lambda$finalizeAndDestroyPipeline$0(SCMPipelineManager.java:318)
	at org.apache.hadoop.utils.Scheduler.lambda$schedule$1(Scheduler.java:68)
	at java.util.concurrent.Executors$RunnableAdapter.call(Executors.java:511)
	at java.util.concurrent.FutureTask.run(FutureTask.java:266)
	at java.util.concurrent.ScheduledThreadPoolExecutor$ScheduledFutureTask.access$201(ScheduledThreadPoolExecutor.java:180)
	at java.util.concurrent.ScheduledThreadPoolExecutor$ScheduledFutureTask.run(ScheduledThreadPoolExecutor.java:293)
	at java.util.concurrent.ThreadPoolExecutor.runWorker(ThreadPoolExecutor.java:1149)
	at java.util.concurrent.ThreadPoolExecutor$Worker.run(ThreadPoolExecutor.java:624)
	at java.lang.Thread.run(Thread.java:748)
2019-09-17 11:30:35,184 [grpc-default-executor-3] INFO  client.GrpcClientProtocolClient (GrpcClientProtocolClient.java:onNext(264)) - client-A5A3857B879E->6e54f060-cd9d-44cc-b25b-8b76f38102a4: receive RaftClientReply:client-A5A3857B879E->6e54f060-cd9d-44cc-b25b-8b76f38102a4@group-5142AB34887C, cid=30, FAILED org.apache.ratis.protocol.NotLeaderException: Server 6e54f060-cd9d-44cc-b25b-8b76f38102a4@group-5142AB34887C is not the leader, logIndex=0, commits[6e54f060-cd9d-44cc-b25b-8b76f38102a4:c-1]
2019-09-17 11:30:36,190 [grpc-default-executor-7] INFO  client.GrpcClientProtocolClient (GrpcClientProtocolClient.java:onNext(264)) - client-A5A3857B879E->332345b2-53e5-4965-b414-3287d6427edd: receive RaftClientReply:client-A5A3857B879E->332345b2-53e5-4965-b414-3287d6427edd@group-5142AB34887C, cid=30, FAILED org.apache.ratis.protocol.NotLeaderException: Server 332345b2-53e5-4965-b414-3287d6427edd@group-5142AB34887C is not the leader, logIndex=0, commits[332345b2-53e5-4965-b414-3287d6427edd:c-1]
2019-09-17 11:30:36,687 [grpc-default-executor-7] INFO  impl.RaftServerProxy (RaftServerProxy.java:remove(95)) - c0e7c0fa-20c5-4865-93a8-b9416c9f108d: remove group-20D8F186421C:null
2019-09-17 11:30:36,695 [RatisPipelineUtilsThread] WARN  pipeline.RatisPipelineUtils (RatisPipelineUtils.java:destroyPipeline(66)) - Pipeline destroy failed for pipeline=PipelineID=9338ff2d-8af1-4995-acb2-20d8f186421c dn=c0e7c0fa-20c5-4865-93a8-b9416c9f108d{ip: 192.168.5.153, host: pr-hdds-2137-trunk-mnh2s-3748177197, networkLocation: /default-rack, certSerialId: null}
2019-09-17 11:30:36,699 [grpc-default-executor-7] INFO  impl.RaftServerProxy (RaftServerProxy.java:remove(95)) - 6e54f060-cd9d-44cc-b25b-8b76f38102a4: remove group-20D8F186421C:null
2019-09-17 11:30:36,705 [RatisPipelineUtilsThread] WARN  pipeline.RatisPipelineUtils (RatisPipelineUtils.java:destroyPipeline(66)) - Pipeline destroy failed for pipeline=PipelineID=9338ff2d-8af1-4995-acb2-20d8f186421c dn=6e54f060-cd9d-44cc-b25b-8b76f38102a4{ip: 192.168.5.153, host: pr-hdds-2137-trunk-mnh2s-3748177197, networkLocation: /default-rack, certSerialId: null}
2019-09-17 11:30:36,708 [grpc-default-executor-7] INFO  impl.RaftServerProxy (RaftServerProxy.java:remove(95)) - 332345b2-53e5-4965-b414-3287d6427edd: remove group-20D8F186421C:null
2019-09-17 11:30:36,714 [RatisPipelineUtilsThread] WARN  pipeline.RatisPipelineUtils (RatisPipelineUtils.java:destroyPipeline(66)) - Pipeline destroy failed for pipeline=PipelineID=9338ff2d-8af1-4995-acb2-20d8f186421c dn=332345b2-53e5-4965-b414-3287d6427edd{ip: 192.168.5.153, host: pr-hdds-2137-trunk-mnh2s-3748177197, networkLocation: /default-rack, certSerialId: null}
2019-09-17 11:30:36,714 [RatisPipelineUtilsThread] ERROR pipeline.SCMPipelineManager (Scheduler.java:lambda$schedule$1(70)) - Destroy pipeline failed for pipeline:Pipeline[ Id: 9338ff2d-8af1-4995-acb2-20d8f186421c, Nodes: c0e7c0fa-20c5-4865-93a8-b9416c9f108d{ip: 192.168.5.153, host: pr-hdds-2137-trunk-mnh2s-3748177197, networkLocation: /default-rack, certSerialId: null}6e54f060-cd9d-44cc-b25b-8b76f38102a4{ip: 192.168.5.153, host: pr-hdds-2137-trunk-mnh2s-3748177197, networkLocation: /default-rack, certSerialId: null}332345b2-53e5-4965-b414-3287d6427edd{ip: 192.168.5.153, host: pr-hdds-2137-trunk-mnh2s-3748177197, networkLocation: /default-rack, certSerialId: null}, Type:RATIS, Factor:THREE, State:CLOSED]
org.apache.hadoop.hdds.scm.pipeline.PipelineNotFoundException: PipelineID=9338ff2d-8af1-4995-acb2-20d8f186421c not found
	at org.apache.hadoop.hdds.scm.pipeline.PipelineStateMap.getPipeline(PipelineStateMap.java:132)
	at org.apache.hadoop.hdds.scm.pipeline.PipelineStateMap.removePipeline(PipelineStateMap.java:322)
	at org.apache.hadoop.hdds.scm.pipeline.PipelineStateManager.removePipeline(PipelineStateManager.java:107)
	at org.apache.hadoop.hdds.scm.pipeline.SCMPipelineManager.removePipeline(SCMPipelineManager.java:423)
	at org.apache.hadoop.hdds.scm.pipeline.SCMPipelineManager.destroyPipeline(SCMPipelineManager.java:409)
	at org.apache.hadoop.hdds.scm.pipeline.SCMPipelineManager.lambda$finalizeAndDestroyPipeline$0(SCMPipelineManager.java:318)
	at org.apache.hadoop.utils.Scheduler.lambda$schedule$1(Scheduler.java:68)
	at java.util.concurrent.Executors$RunnableAdapter.call(Executors.java:511)
	at java.util.concurrent.FutureTask.run(FutureTask.java:266)
	at java.util.concurrent.ScheduledThreadPoolExecutor$ScheduledFutureTask.access$201(ScheduledThreadPoolExecutor.java:180)
	at java.util.concurrent.ScheduledThreadPoolExecutor$ScheduledFutureTask.run(ScheduledThreadPoolExecutor.java:293)
	at java.util.concurrent.ThreadPoolExecutor.runWorker(ThreadPoolExecutor.java:1149)
	at java.util.concurrent.ThreadPoolExecutor$Worker.run(ThreadPoolExecutor.java:624)
	at java.lang.Thread.run(Thread.java:748)
2019-09-17 11:30:36,762 [Thread-1039] INFO  impl.FollowerState (FollowerState.java:run(106)) - 332345b2-53e5-4965-b414-3287d6427edd:group-5142AB34887C changes to CANDIDATE, lastRpcTime:5080, electionTimeout:5080ms
2019-09-17 11:30:36,762 [Thread-1039] INFO  impl.RoleInfo (RoleInfo.java:shutdownFollowerState(121)) - 332345b2-53e5-4965-b414-3287d6427edd: shutdown FollowerState
2019-09-17 11:30:36,762 [Thread-1039] INFO  impl.RaftServerImpl (RaftServerImpl.java:setRole(174)) - 332345b2-53e5-4965-b414-3287d6427edd@group-5142AB34887C: changes role from  FOLLOWER to CANDIDATE at term 2 for changeToCandidate
2019-09-17 11:30:36,762 [Thread-1039] INFO  impl.RoleInfo (RoleInfo.java:updateAndGet(143)) - 332345b2-53e5-4965-b414-3287d6427edd: start LeaderElection
2019-09-17 11:30:36,787 [332345b2-53e5-4965-b414-3287d6427edd@group-5142AB34887C:LeaderElection32] INFO  impl.LeaderElection (LeaderElection.java:askForVotes(182)) - 332345b2-53e5-4965-b414-3287d6427edd@group-5142AB34887C:LeaderElection32: begin an election at term 3 for -1: [6e54f060-cd9d-44cc-b25b-8b76f38102a4:192.168.5.153:46767, c0e7c0fa-20c5-4865-93a8-b9416c9f108d:192.168.5.153:33473, 332345b2-53e5-4965-b414-3287d6427edd:192.168.5.153:33105], old=null
2019-09-17 11:30:36,790 [grpc-default-executor-7] INFO  impl.RaftServerImpl (RaftServerImpl.java:setRole(174)) - c0e7c0fa-20c5-4865-93a8-b9416c9f108d@group-5142AB34887C: changes role from  FOLLOWER to FOLLOWER at term 3 for recognizeCandidate:332345b2-53e5-4965-b414-3287d6427edd
2019-09-17 11:30:36,790 [grpc-default-executor-3] INFO  impl.RaftServerImpl (RaftServerImpl.java:setRole(174)) - 6e54f060-cd9d-44cc-b25b-8b76f38102a4@group-5142AB34887C: changes role from  FOLLOWER to FOLLOWER at term 3 for recognizeCandidate:332345b2-53e5-4965-b414-3287d6427edd
2019-09-17 11:30:36,790 [grpc-default-executor-7] INFO  impl.RoleInfo (RoleInfo.java:shutdownFollowerState(121)) - c0e7c0fa-20c5-4865-93a8-b9416c9f108d: shutdown FollowerState
2019-09-17 11:30:36,790 [grpc-default-executor-3] INFO  impl.RoleInfo (RoleInfo.java:shutdownFollowerState(121)) - 6e54f060-cd9d-44cc-b25b-8b76f38102a4: shutdown FollowerState
2019-09-17 11:30:36,790 [grpc-default-executor-7] INFO  impl.RoleInfo (RoleInfo.java:updateAndGet(143)) - c0e7c0fa-20c5-4865-93a8-b9416c9f108d: start FollowerState
2019-09-17 11:30:36,791 [Thread-1050] INFO  impl.FollowerState (FollowerState.java:run(115)) - 6e54f060-cd9d-44cc-b25b-8b76f38102a4: FollowerState was interrupted: java.lang.InterruptedException: sleep interrupted
2019-09-17 11:30:36,791 [Thread-1049] INFO  impl.FollowerState (FollowerState.java:run(115)) - c0e7c0fa-20c5-4865-93a8-b9416c9f108d: FollowerState was interrupted: java.lang.InterruptedException: sleep interrupted
2019-09-17 11:30:36,791 [grpc-default-executor-3] INFO  impl.RoleInfo (RoleInfo.java:updateAndGet(143)) - 6e54f060-cd9d-44cc-b25b-8b76f38102a4: start FollowerState
2019-09-17 11:30:36,818 [332345b2-53e5-4965-b414-3287d6427edd@group-5142AB34887C:LeaderElection32] INFO  impl.LeaderElection (LeaderElection.java:logAndReturn(56)) - 332345b2-53e5-4965-b414-3287d6427edd@group-5142AB34887C:LeaderElection32: Election PASSED; received 1 response(s) [332345b2-53e5-4965-b414-3287d6427edd<-c0e7c0fa-20c5-4865-93a8-b9416c9f108d#0:OK-t3] and 0 exception(s); 332345b2-53e5-4965-b414-3287d6427edd@group-5142AB34887C:t3, leader=null, voted=332345b2-53e5-4965-b414-3287d6427edd, raftlog=332345b2-53e5-4965-b414-3287d6427edd@group-5142AB34887C-SegmentedRaftLog:OPENED:c-1,f-1,i0, conf=-1: [6e54f060-cd9d-44cc-b25b-8b76f38102a4:192.168.5.153:46767, c0e7c0fa-20c5-4865-93a8-b9416c9f108d:192.168.5.153:33473, 332345b2-53e5-4965-b414-3287d6427edd:192.168.5.153:33105], old=null
2019-09-17 11:30:36,819 [332345b2-53e5-4965-b414-3287d6427edd@group-5142AB34887C:LeaderElection32] INFO  impl.RoleInfo (RoleInfo.java:shutdownLeaderElection(134)) - 332345b2-53e5-4965-b414-3287d6427edd: shutdown LeaderElection
2019-09-17 11:30:36,819 [332345b2-53e5-4965-b414-3287d6427edd@group-5142AB34887C:LeaderElection32] INFO  impl.RaftServerImpl (RaftServerImpl.java:setRole(174)) - 332345b2-53e5-4965-b414-3287d6427edd@group-5142AB34887C: changes role from CANDIDATE to LEADER at term 3 for changeToLeader
2019-09-17 11:30:36,819 [332345b2-53e5-4965-b414-3287d6427edd@group-5142AB34887C:LeaderElection32] INFO  impl.RaftServerImpl (ServerState.java:setLeader(253)) - 332345b2-53e5-4965-b414-3287d6427edd@group-5142AB34887C: change Leader from null to 332345b2-53e5-4965-b414-3287d6427edd at term 3 for becomeLeader, leader elected after 10221ms
2019-09-17 11:30:36,819 [332345b2-53e5-4965-b414-3287d6427edd@group-5142AB34887C:LeaderElection32] INFO  server.RaftServerConfigKeys (ConfUtils.java:logGet(43)) - raft.server.staging.catchup.gap = 1000 (default)
2019-09-17 11:30:36,819 [332345b2-53e5-4965-b414-3287d6427edd@group-5142AB34887C:LeaderElection32] INFO  server.RaftServerConfigKeys (ConfUtils.java:logGet(43)) - raft.server.rpc.sleep.time = 25ms (default)
2019-09-17 11:30:36,820 [332345b2-53e5-4965-b414-3287d6427edd@group-5142AB34887C:LeaderElection32] INFO  server.RaftServerConfigKeys (ConfUtils.java:logGet(43)) - raft.server.write.element-limit = 4096 (default)
2019-09-17 11:30:36,820 [332345b2-53e5-4965-b414-3287d6427edd@group-5142AB34887C:LeaderElection32] INFO  server.RaftServerConfigKeys (ConfUtils.java:logGet(43)) - raft.server.watch.timeout = 10s (default)
2019-09-17 11:30:36,820 [332345b2-53e5-4965-b414-3287d6427edd@group-5142AB34887C:LeaderElection32] INFO  server.RaftServerConfigKeys (ConfUtils.java:logGet(43)) - raft.server.watch.timeout.denomination = 1s (default)
2019-09-17 11:30:36,820 [332345b2-53e5-4965-b414-3287d6427edd@group-5142AB34887C:LeaderElection32] INFO  server.RaftServerConfigKeys (ConfUtils.java:logGet(43)) - raft.server.watch.element-limit = 65536 (default)
2019-09-17 11:30:36,823 [332345b2-53e5-4965-b414-3287d6427edd@group-5142AB34887C:LeaderElection32] INFO  server.RaftServerConfigKeys (ConfUtils.java:logGet(43)) - raft.server.log.appender.snapshot.chunk.size.max = 16MB (=16777216) (default)
2019-09-17 11:30:36,823 [332345b2-53e5-4965-b414-3287d6427edd@group-5142AB34887C:LeaderElection32] INFO  server.RaftServerConfigKeys (ConfUtils.java:logGet(43)) - raft.server.log.appender.buffer.byte-limit = 33554432 (custom)
2019-09-17 11:30:36,823 [332345b2-53e5-4965-b414-3287d6427edd@group-5142AB34887C:LeaderElection32] INFO  server.RaftServerConfigKeys (ConfUtils.java:logGet(43)) - raft.server.log.appender.buffer.element-limit = 1 (custom)
2019-09-17 11:30:36,823 [332345b2-53e5-4965-b414-3287d6427edd@group-5142AB34887C:LeaderElection32] INFO  grpc.GrpcConfigKeys$Server (ConfUtils.java:logGet(43)) - raft.grpc.server.leader.outstanding.appends.max = 128 (default)
2019-09-17 11:30:36,824 [332345b2-53e5-4965-b414-3287d6427edd@group-5142AB34887C:LeaderElection32] INFO  server.RaftServerConfigKeys (ConfUtils.java:logGet(43)) - raft.server.rpc.request.timeout = 3000ms (default)
2019-09-17 11:30:36,824 [332345b2-53e5-4965-b414-3287d6427edd@group-5142AB34887C:LeaderElection32] INFO  server.RaftServerConfigKeys (ConfUtils.java:logGet(43)) - raft.server.log.appender.install.snapshot.enabled = false (custom)
2019-09-17 11:30:36,824 [332345b2-53e5-4965-b414-3287d6427edd@group-5142AB34887C:LeaderElection32] INFO  server.RaftServerConfigKeys (ConfUtils.java:logGet(43)) - raft.server.log.appender.snapshot.chunk.size.max = 16MB (=16777216) (default)
2019-09-17 11:30:36,824 [332345b2-53e5-4965-b414-3287d6427edd@group-5142AB34887C:LeaderElection32] INFO  server.RaftServerConfigKeys (ConfUtils.java:logGet(43)) - raft.server.log.appender.buffer.byte-limit = 33554432 (custom)
2019-09-17 11:30:36,824 [332345b2-53e5-4965-b414-3287d6427edd@group-5142AB34887C:LeaderElection32] INFO  server.RaftServerConfigKeys (ConfUtils.java:logGet(43)) - raft.server.log.appender.buffer.element-limit = 1 (custom)
2019-09-17 11:30:36,824 [332345b2-53e5-4965-b414-3287d6427edd@group-5142AB34887C:LeaderElection32] INFO  grpc.GrpcConfigKeys$Server (ConfUtils.java:logGet(43)) - raft.grpc.server.leader.outstanding.appends.max = 128 (default)
2019-09-17 11:30:36,824 [332345b2-53e5-4965-b414-3287d6427edd@group-5142AB34887C:LeaderElection32] INFO  server.RaftServerConfigKeys (ConfUtils.java:logGet(43)) - raft.server.rpc.request.timeout = 3000ms (default)
2019-09-17 11:30:36,824 [332345b2-53e5-4965-b414-3287d6427edd@group-5142AB34887C:LeaderElection32] INFO  server.RaftServerConfigKeys (ConfUtils.java:logGet(43)) - raft.server.log.appender.install.snapshot.enabled = false (custom)
2019-09-17 11:30:36,825 [332345b2-53e5-4965-b414-3287d6427edd@group-5142AB34887C:LeaderElection32] INFO  impl.RoleInfo (RoleInfo.java:updateAndGet(143)) - 332345b2-53e5-4965-b414-3287d6427edd: start LeaderState
2019-09-17 11:30:36,825 [332345b2-53e5-4965-b414-3287d6427edd@group-5142AB34887C:LeaderElection32] INFO  segmented.SegmentedRaftLogWorker (SegmentedRaftLogWorker.java:startLogSegment(380)) - 332345b2-53e5-4965-b414-3287d6427edd@group-5142AB34887C-SegmentedRaftLogWorker: Starting segment from index:0
2019-09-17 11:30:36,826 [332345b2-53e5-4965-b414-3287d6427edd@group-5142AB34887C:LeaderElection32] INFO  impl.RaftServerImpl (ServerState.java:setRaftConf(354)) - 332345b2-53e5-4965-b414-3287d6427edd@group-5142AB34887C: set configuration 0: [6e54f060-cd9d-44cc-b25b-8b76f38102a4:192.168.5.153:46767, c0e7c0fa-20c5-4865-93a8-b9416c9f108d:192.168.5.153:33473, 332345b2-53e5-4965-b414-3287d6427edd:192.168.5.153:33105], old=null at 0
2019-09-17 11:30:36,851 [grpc-default-executor-3] INFO  impl.RaftServerImpl (ServerState.java:setLeader(253)) - 6e54f060-cd9d-44cc-b25b-8b76f38102a4@group-5142AB34887C: change Leader from null to 332345b2-53e5-4965-b414-3287d6427edd at term 3 for appendEntries, leader elected after 10253ms
2019-09-17 11:30:36,851 [grpc-default-executor-7] INFO  impl.RaftServerImpl (ServerState.java:setLeader(253)) - c0e7c0fa-20c5-4865-93a8-b9416c9f108d@group-5142AB34887C: change Leader from null to 332345b2-53e5-4965-b414-3287d6427edd at term 3 for appendEntries, leader elected after 10253ms
2019-09-17 11:30:36,854 [grpc-default-executor-3] INFO  impl.RaftServerImpl (ServerState.java:setRaftConf(354)) - c0e7c0fa-20c5-4865-93a8-b9416c9f108d@group-5142AB34887C: set configuration 0: [6e54f060-cd9d-44cc-b25b-8b76f38102a4:192.168.5.153:46767, c0e7c0fa-20c5-4865-93a8-b9416c9f108d:192.168.5.153:33473, 332345b2-53e5-4965-b414-3287d6427edd:192.168.5.153:33105], old=null at 0
2019-09-17 11:30:36,854 [grpc-default-executor-7] INFO  impl.RaftServerImpl (ServerState.java:setRaftConf(354)) - 6e54f060-cd9d-44cc-b25b-8b76f38102a4@group-5142AB34887C: set configuration 0: [6e54f060-cd9d-44cc-b25b-8b76f38102a4:192.168.5.153:46767, c0e7c0fa-20c5-4865-93a8-b9416c9f108d:192.168.5.153:33473, 332345b2-53e5-4965-b414-3287d6427edd:192.168.5.153:33105], old=null at 0
2019-09-17 11:30:36,854 [grpc-default-executor-3] INFO  segmented.SegmentedRaftLogWorker (SegmentedRaftLogWorker.java:startLogSegment(380)) - c0e7c0fa-20c5-4865-93a8-b9416c9f108d@group-5142AB34887C-SegmentedRaftLogWorker: Starting segment from index:0
2019-09-17 11:30:36,854 [grpc-default-executor-7] INFO  segmented.SegmentedRaftLogWorker (SegmentedRaftLogWorker.java:startLogSegment(380)) - 6e54f060-cd9d-44cc-b25b-8b76f38102a4@group-5142AB34887C-SegmentedRaftLogWorker: Starting segment from index:0
2019-09-17 11:30:36,866 [332345b2-53e5-4965-b414-3287d6427edd@group-5142AB34887C-SegmentedRaftLogWorker] INFO  segmented.SegmentedRaftLogWorker (SegmentedRaftLogWorker.java:execute(569)) - 332345b2-53e5-4965-b414-3287d6427edd@group-5142AB34887C-SegmentedRaftLogWorker: created new log segment /tmp/workdir/hadoop-ozone/integration-test/target/test-dir/MiniOzoneClusterImpl-e42b28d7-520e-496f-bc8b-576242fa3301/datanode-5/data/ratis/2ab3bbc4-9d57-46ad-9395-5142ab34887c/current/log_inprogress_0
2019-09-17 11:30:36,917 [c0e7c0fa-20c5-4865-93a8-b9416c9f108d@group-5142AB34887C-SegmentedRaftLogWorker] INFO  segmented.SegmentedRaftLogWorker (SegmentedRaftLogWorker.java:execute(569)) - c0e7c0fa-20c5-4865-93a8-b9416c9f108d@group-5142AB34887C-SegmentedRaftLogWorker: created new log segment /tmp/workdir/hadoop-ozone/integration-test/target/test-dir/MiniOzoneClusterImpl-e42b28d7-520e-496f-bc8b-576242fa3301/datanode-4/data/ratis/2ab3bbc4-9d57-46ad-9395-5142ab34887c/current/log_inprogress_0
2019-09-17 11:30:36,918 [6e54f060-cd9d-44cc-b25b-8b76f38102a4@group-5142AB34887C-SegmentedRaftLogWorker] INFO  segmented.SegmentedRaftLogWorker (SegmentedRaftLogWorker.java:execute(569)) - 6e54f060-cd9d-44cc-b25b-8b76f38102a4@group-5142AB34887C-SegmentedRaftLogWorker: created new log segment /tmp/workdir/hadoop-ozone/integration-test/target/test-dir/MiniOzoneClusterImpl-e42b28d7-520e-496f-bc8b-576242fa3301/datanode-3/data/ratis/2ab3bbc4-9d57-46ad-9395-5142ab34887c/current/log_inprogress_0
2019-09-17 11:30:37,196 [grpc-default-executor-7] INFO  client.GrpcClientProtocolClient (GrpcClientProtocolClient.java:onNext(264)) - client-A5A3857B879E->6e54f060-cd9d-44cc-b25b-8b76f38102a4: receive RaftClientReply:client-A5A3857B879E->6e54f060-cd9d-44cc-b25b-8b76f38102a4@group-5142AB34887C, cid=30, FAILED org.apache.ratis.protocol.NotLeaderException: Server 6e54f060-cd9d-44cc-b25b-8b76f38102a4@group-5142AB34887C is not the leader 332345b2-53e5-4965-b414-3287d6427edd:192.168.5.153:33105, logIndex=0, commits[6e54f060-cd9d-44cc-b25b-8b76f38102a4:c-1, c0e7c0fa-20c5-4865-93a8-b9416c9f108d:c-1, 332345b2-53e5-4965-b414-3287d6427edd:c-1]
2019-09-17 11:30:37,384 [grpc-default-executor-3] INFO  client.GrpcClientProtocolClient (GrpcClientProtocolClient.java:onNext(264)) - client-A5A3857B879E->332345b2-53e5-4965-b414-3287d6427edd: receive RaftClientReply:client-A5A3857B879E->332345b2-53e5-4965-b414-3287d6427edd@group-5142AB34887C, cid=30, SUCCESS, logIndex=1, commits[332345b2-53e5-4965-b414-3287d6427edd:c1, 6e54f060-cd9d-44cc-b25b-8b76f38102a4:c0, c0e7c0fa-20c5-4865-93a8-b9416c9f108d:c0]
2019-09-17 11:30:37,406 [grpc-default-executor-7] INFO  client.GrpcClientProtocolClient (GrpcClientProtocolClient.java:onNext(264)) - client-A5A3857B879E->332345b2-53e5-4965-b414-3287d6427edd: receive RaftClientReply:client-A5A3857B879E->332345b2-53e5-4965-b414-3287d6427edd@group-5142AB34887C, cid=31, SUCCESS, logIndex=3, commits[332345b2-53e5-4965-b414-3287d6427edd:c4, 6e54f060-cd9d-44cc-b25b-8b76f38102a4:c1, c0e7c0fa-20c5-4865-93a8-b9416c9f108d:c1]
2019-09-17 11:30:37,497 [grpc-default-executor-0] INFO  client.GrpcClientProtocolClient (GrpcClientProtocolClient.java:onNext(264)) - client-A5A3857B879E->332345b2-53e5-4965-b414-3287d6427edd: receive RaftClientReply:client-A5A3857B879E->332345b2-53e5-4965-b414-3287d6427edd@group-5142AB34887C, cid=32, SUCCESS, logIndex=4, commits[332345b2-53e5-4965-b414-3287d6427edd:c6, 6e54f060-cd9d-44cc-b25b-8b76f38102a4:c4, c0e7c0fa-20c5-4865-93a8-b9416c9f108d:c4]
]]></system-out>
  </testcase>
  <testcase name="testFullBufferCondition" classname="org.apache.hadoop.ozone.client.rpc.TestBlockOutputStream" time="0.552"/>
  <testcase name="testBufferCaching" classname="org.apache.hadoop.ozone.client.rpc.TestBlockOutputStream" time="0.531"/>
  <testcase name="testWriteWithExceedingMaxBufferLimit" classname="org.apache.hadoop.ozone.client.rpc.TestBlockOutputStream" time="0.724"/>
</testsuite>