<?xml version="1.0" encoding="UTF-8"?>
<testsuite xmlns:xsi="http://www.w3.org/2001/XMLSchema-instance" xsi:noNamespaceSchemaLocation="https://maven.apache.org/surefire/maven-surefire-plugin/xsd/surefire-test-report.xsd" name="org.apache.hadoop.ozone.client.rpc.TestContainerReplicationEndToEnd" time="34.637" tests="1" errors="1" skipped="0" failures="0">
  <properties>
    <property name="awt.toolkit" value="sun.awt.X11.XToolkit"/>
    <property name="file.encoding.pkg" value="sun.io"/>
    <property name="java.specification.version" value="1.8"/>
    <property name="sun.cpu.isalist" value=""/>
    <property name="sun.jnu.encoding" value="UTF-8"/>
    <property name="java.class.path" value="/tmp/workdir/hadoop-ozone/integration-test/target/test-classes:/tmp/workdir/hadoop-ozone/integration-test/target/classes:/home/user/.m2/repository/org/apache/hadoop/hadoop-ozone-common/0.5.0-SNAPSHOT/hadoop-ozone-common-0.5.0-SNAPSHOT.jar:/home/user/.m2/repository/org/apache/commons/commons-compress/1.4.1/commons-compress-1.4.1.jar:/home/user/.m2/repository/org/tukaani/xz/1.0/xz-1.0.jar:/home/user/.m2/repository/org/apache/hadoop/hadoop-common/3.2.0/hadoop-common-3.2.0.jar:/home/user/.m2/repository/org/apache/hadoop/hadoop-hdfs/3.2.0/hadoop-hdfs-3.2.0.jar:/home/user/.m2/repository/org/apache/hadoop/hadoop-hdfs-client/3.2.0/hadoop-hdfs-client-3.2.0.jar:/home/user/.m2/repository/com/fasterxml/jackson/core/jackson-annotations/2.9.5/jackson-annotations-2.9.5.jar:/home/user/.m2/repository/org/apache/hadoop/hadoop-hdds-common/0.5.0-SNAPSHOT/hadoop-hdds-common-0.5.0-SNAPSHOT.jar:/home/user/.m2/repository/javax/annotation/javax.annotation-api/1.2/javax.annotation-api-1.2.jar:/home/user/.m2/repository/org/apache/ratis/ratis-server/0.4.0-78e95b9-SNAPSHOT/ratis-server-0.4.0-78e95b9-SNAPSHOT.jar:/home/user/.m2/repository/org/apache/ratis/ratis-thirdparty-misc/0.2.0/ratis-thirdparty-misc-0.2.0.jar:/home/user/.m2/repository/org/apache/ratis/ratis-proto/0.4.0-78e95b9-SNAPSHOT/ratis-proto-0.4.0-78e95b9-SNAPSHOT.jar:/home/user/.m2/repository/org/apache/ratis/ratis-common/0.4.0-78e95b9-SNAPSHOT/ratis-common-0.4.0-78e95b9-SNAPSHOT.jar:/home/user/.m2/repository/org/apache/ratis/ratis-client/0.4.0-78e95b9-SNAPSHOT/ratis-client-0.4.0-78e95b9-SNAPSHOT.jar:/home/user/.m2/repository/org/apache/ratis/ratis-metrics/0.4.0-78e95b9-SNAPSHOT/ratis-metrics-0.4.0-78e95b9-SNAPSHOT.jar:/home/user/.m2/repository/com/github/joshelser/dropwizard-metrics-hadoop-metrics2-reporter/0.1.2/dropwizard-metrics-hadoop-metrics2-reporter-0.1.2.jar:/home/user/.m2/repository/io/dropwizard/metrics/metrics-jvm/3.2.5/metrics-jvm-3.2.5.jar:/home/user/.m2/repository/io/dropwizard/metrics/metrics-ganglia/3.2.5/metrics-ganglia-3.2.5.jar:/home/user/.m2/repository/info/ganglia/gmetric4j/gmetric4j/1.0.7/gmetric4j-1.0.7.jar:/home/user/.m2/repository/org/apache/ratis/ratis-netty/0.4.0-78e95b9-SNAPSHOT/ratis-netty-0.4.0-78e95b9-SNAPSHOT.jar:/home/user/.m2/repository/org/apache/ratis/ratis-grpc/0.4.0-78e95b9-SNAPSHOT/ratis-grpc-0.4.0-78e95b9-SNAPSHOT.jar:/home/user/.m2/repository/org/rocksdb/rocksdbjni/6.0.1/rocksdbjni-6.0.1.jar:/home/user/.m2/repository/org/apache/logging/log4j/log4j-api/2.11.0/log4j-api-2.11.0.jar:/home/user/.m2/repository/org/apache/logging/log4j/log4j-core/2.11.0/log4j-core-2.11.0.jar:/home/user/.m2/repository/com/lmax/disruptor/3.4.2/disruptor-3.4.2.jar:/home/user/.m2/repository/org/apache/commons/commons-pool2/2.6.0/commons-pool2-2.6.0.jar:/home/user/.m2/repository/org/bouncycastle/bcpkix-jdk15on/1.60/bcpkix-jdk15on-1.60.jar:/home/user/.m2/repository/commons-validator/commons-validator/1.6/commons-validator-1.6.jar:/home/user/.m2/repository/commons-digester/commons-digester/1.8.1/commons-digester-1.8.1.jar:/home/user/.m2/repository/io/jaegertracing/jaeger-client/0.33.1/jaeger-client-0.33.1.jar:/home/user/.m2/repository/io/jaegertracing/jaeger-thrift/0.33.1/jaeger-thrift-0.33.1.jar:/home/user/.m2/repository/org/apache/thrift/libthrift/0.11.0/libthrift-0.11.0.jar:/home/user/.m2/repository/com/squareup/okhttp3/okhttp/3.9.0/okhttp-3.9.0.jar:/home/user/.m2/repository/com/squareup/okio/okio/1.13.0/okio-1.13.0.jar:/home/user/.m2/repository/io/jaegertracing/jaeger-core/0.33.1/jaeger-core-0.33.1.jar:/home/user/.m2/repository/io/jaegertracing/jaeger-tracerresolver/0.33.1/jaeger-tracerresolver-0.33.1.jar:/home/user/.m2/repository/io/opentracing/contrib/opentracing-tracerresolver/0.1.5/opentracing-tracerresolver-0.1.5.jar:/home/user/.m2/repository/io/opentracing/opentracing-util/0.31.0/opentracing-util-0.31.0.jar:/home/user/.m2/repository/io/opentracing/opentracing-api/0.31.0/opentracing-api-0.31.0.jar:/home/user/.m2/repository/io/opentracing/opentracing-noop/0.31.0/opentracing-noop-0.31.0.jar:/home/user/.m2/repository/org/apache/hadoop/hadoop-hdds-server-framework/0.5.0-SNAPSHOT/hadoop-hdds-server-framework-0.5.0-SNAPSHOT.jar:/home/user/.m2/repository/org/apache/hadoop/hadoop-hdds-container-service/0.5.0-SNAPSHOT/hadoop-hdds-container-service-0.5.0-SNAPSHOT.jar:/home/user/.m2/repository/org/apache/hadoop/hadoop-hdds-client/0.5.0-SNAPSHOT/hadoop-hdds-client-0.5.0-SNAPSHOT.jar:/home/user/.m2/repository/org/apache/hadoop/hadoop-hdds-tools/0.5.0-SNAPSHOT/hadoop-hdds-tools-0.5.0-SNAPSHOT.jar:/home/user/.m2/repository/org/apache/hadoop/hadoop-hdds-server-scm/0.5.0-SNAPSHOT/hadoop-hdds-server-scm-0.5.0-SNAPSHOT.jar:/home/user/.m2/repository/org/apache/hadoop/hadoop-hdds-docs/0.5.0-SNAPSHOT/hadoop-hdds-docs-0.5.0-SNAPSHOT.jar:/home/user/.m2/repository/io/dropwizard/metrics/metrics-core/3.2.4/metrics-core-3.2.4.jar:/home/user/.m2/repository/org/hamcrest/hamcrest-all/1.3/hamcrest-all-1.3.jar:/home/user/.m2/repository/org/bouncycastle/bcprov-jdk15on/1.60/bcprov-jdk15on-1.60.jar:/home/user/.m2/repository/info/picocli/picocli/3.9.6/picocli-3.9.6.jar:/home/user/.m2/repository/com/google/protobuf/protobuf-java/2.5.0/protobuf-java-2.5.0.jar:/home/user/.m2/repository/com/google/guava/guava/11.0.2/guava-11.0.2.jar:/home/user/.m2/repository/org/apache/hadoop/hadoop-ozone-ozone-manager/0.5.0-SNAPSHOT/hadoop-ozone-ozone-manager-0.5.0-SNAPSHOT.jar:/home/user/.m2/repository/org/apache/hadoop/hadoop-minikdc/3.2.0/hadoop-minikdc-3.2.0.jar:/home/user/.m2/repository/commons-io/commons-io/2.5/commons-io-2.5.jar:/home/user/.m2/repository/org/apache/kerby/kerb-simplekdc/1.0.1/kerb-simplekdc-1.0.1.jar:/home/user/.m2/repository/org/apache/kerby/kerb-client/1.0.1/kerb-client-1.0.1.jar:/home/user/.m2/repository/org/apache/kerby/kerby-config/1.0.1/kerby-config-1.0.1.jar:/home/user/.m2/repository/org/apache/kerby/kerb-core/1.0.1/kerb-core-1.0.1.jar:/home/user/.m2/repository/org/apache/kerby/kerby-pkix/1.0.1/kerby-pkix-1.0.1.jar:/home/user/.m2/repository/org/apache/kerby/kerby-asn1/1.0.1/kerby-asn1-1.0.1.jar:/home/user/.m2/repository/org/apache/kerby/kerby-util/1.0.1/kerby-util-1.0.1.jar:/home/user/.m2/repository/org/apache/kerby/kerb-common/1.0.1/kerb-common-1.0.1.jar:/home/user/.m2/repository/org/apache/kerby/kerb-crypto/1.0.1/kerb-crypto-1.0.1.jar:/home/user/.m2/repository/org/apache/kerby/kerb-util/1.0.1/kerb-util-1.0.1.jar:/home/user/.m2/repository/org/apache/kerby/token-provider/1.0.1/token-provider-1.0.1.jar:/home/user/.m2/repository/org/apache/kerby/kerb-admin/1.0.1/kerb-admin-1.0.1.jar:/home/user/.m2/repository/org/apache/kerby/kerb-server/1.0.1/kerb-server-1.0.1.jar:/home/user/.m2/repository/org/apache/kerby/kerb-identity/1.0.1/kerb-identity-1.0.1.jar:/home/user/.m2/repository/org/apache/kerby/kerby-xdr/1.0.1/kerby-xdr-1.0.1.jar:/home/user/.m2/repository/org/slf4j/slf4j-log4j12/1.7.25/slf4j-log4j12-1.7.25.jar:/home/user/.m2/repository/org/apache/hadoop/hadoop-ozone-s3gateway/0.5.0-SNAPSHOT/hadoop-ozone-s3gateway-0.5.0-SNAPSHOT.jar:/home/user/.m2/repository/org/jboss/weld/servlet/weld-servlet/2.4.7.Final/weld-servlet-2.4.7.Final.jar:/home/user/.m2/repository/org/glassfish/jersey/containers/jersey-container-servlet-core/2.27/jersey-container-servlet-core-2.27.jar:/home/user/.m2/repository/org/glassfish/hk2/external/javax.inject/2.5.0-b42/javax.inject-2.5.0-b42.jar:/home/user/.m2/repository/org/glassfish/jersey/core/jersey-common/2.27/jersey-common-2.27.jar:/home/user/.m2/repository/org/glassfish/hk2/osgi-resource-locator/1.0.1/osgi-resource-locator-1.0.1.jar:/home/user/.m2/repository/javax/ws/rs/javax.ws.rs-api/2.1/javax.ws.rs-api-2.1.jar:/home/user/.m2/repository/org/glassfish/jersey/ext/cdi/jersey-cdi1x/2.27/jersey-cdi1x-2.27.jar:/home/user/.m2/repository/org/glassfish/jersey/inject/jersey-hk2/2.27/jersey-hk2-2.27.jar:/home/user/.m2/repository/org/glassfish/hk2/hk2-locator/2.5.0-b42/hk2-locator-2.5.0-b42.jar:/home/user/.m2/repository/org/javassist/javassist/3.22.0-CR2/javassist-3.22.0-CR2.jar:/home/user/.m2/repository/org/glassfish/hk2/hk2-api/2.5.0/hk2-api-2.5.0.jar:/home/user/.m2/repository/org/glassfish/hk2/external/jakarta.inject/2.5.0/jakarta.inject-2.5.0.jar:/home/user/.m2/repository/org/glassfish/hk2/hk2-utils/2.5.0/hk2-utils-2.5.0.jar:/home/user/.m2/repository/jakarta/annotation/jakarta.annotation-api/1.3.4/jakarta.annotation-api-1.3.4.jar:/home/user/.m2/repository/org/glassfish/hk2/external/aopalliance-repackaged/2.5.0/aopalliance-repackaged-2.5.0.jar:/home/user/.m2/repository/com/fasterxml/jackson/dataformat/jackson-dataformat-xml/2.9.0/jackson-dataformat-xml-2.9.0.jar:/home/user/.m2/repository/com/fasterxml/jackson/core/jackson-core/2.9.5/jackson-core-2.9.5.jar:/home/user/.m2/repository/com/fasterxml/jackson/module/jackson-module-jaxb-annotations/2.9.5/jackson-module-jaxb-annotations-2.9.5.jar:/home/user/.m2/repository/javax/enterprise/cdi-api/1.2/cdi-api-1.2.jar:/home/user/.m2/repository/javax/el/javax.el-api/3.0.0/javax.el-api-3.0.0.jar:/home/user/.m2/repository/javax/interceptor/javax.interceptor-api/1.2/javax.interceptor-api-1.2.jar:/home/user/.m2/repository/javax/inject/javax.inject/1/javax.inject-1.jar:/home/user/.m2/repository/com/sun/xml/bind/jaxb-impl/2.3.0.1/jaxb-impl-2.3.0.1.jar:/home/user/.m2/repository/com/sun/xml/bind/jaxb-core/2.3.0.1/jaxb-core-2.3.0.1.jar:/home/user/.m2/repository/javax/xml/bind/jaxb-api/2.3.0/jaxb-api-2.3.0.jar:/home/user/.m2/repository/javax/activation/activation/1.1.1/activation-1.1.1.jar:/home/user/.m2/repository/org/apache/hadoop/hadoop-ozone-csi/0.5.0-SNAPSHOT/hadoop-ozone-csi-0.5.0-SNAPSHOT.jar:/home/user/.m2/repository/com/google/protobuf/protobuf-java-util/3.5.1/protobuf-java-util-3.5.1.jar:/home/user/.m2/repository/org/apache/hadoop/hadoop-hdds-config/0.5.0-SNAPSHOT/hadoop-hdds-config-0.5.0-SNAPSHOT.jar:/home/user/.m2/repository/io/grpc/grpc-netty/1.17.1/grpc-netty-1.17.1.jar:/home/user/.m2/repository/io/grpc/grpc-core/1.17.1/grpc-core-1.17.1.jar:/home/user/.m2/repository/io/grpc/grpc-context/1.17.1/grpc-context-1.17.1.jar:/home/user/.m2/repository/com/google/errorprone/error_prone_annotations/2.2.0/error_prone_annotations-2.2.0.jar:/home/user/.m2/repository/org/codehaus/mojo/animal-sniffer-annotations/1.17/animal-sniffer-annotations-1.17.jar:/home/user/.m2/repository/io/opencensus/opencensus-api/0.17.0/opencensus-api-0.17.0.jar:/home/user/.m2/repository/io/opencensus/opencensus-contrib-grpc-metrics/0.17.0/opencensus-contrib-grpc-metrics-0.17.0.jar:/home/user/.m2/repository/io/netty/netty-codec-http2/4.1.30.Final/netty-codec-http2-4.1.30.Final.jar:/home/user/.m2/repository/io/netty/netty-codec-http/4.1.30.Final/netty-codec-http-4.1.30.Final.jar:/home/user/.m2/repository/io/netty/netty-codec/4.1.30.Final/netty-codec-4.1.30.Final.jar:/home/user/.m2/repository/io/netty/netty-handler/4.1.30.Final/netty-handler-4.1.30.Final.jar:/home/user/.m2/repository/io/netty/netty-handler-proxy/4.1.30.Final/netty-handler-proxy-4.1.30.Final.jar:/home/user/.m2/repository/io/netty/netty-codec-socks/4.1.30.Final/netty-codec-socks-4.1.30.Final.jar:/home/user/.m2/repository/io/netty/netty-transport-native-epoll/4.1.30.Final/netty-transport-native-epoll-4.1.30.Final.jar:/home/user/.m2/repository/io/netty/netty-common/4.1.30.Final/netty-common-4.1.30.Final.jar:/home/user/.m2/repository/io/netty/netty-buffer/4.1.30.Final/netty-buffer-4.1.30.Final.jar:/home/user/.m2/repository/io/netty/netty-transport/4.1.30.Final/netty-transport-4.1.30.Final.jar:/home/user/.m2/repository/io/netty/netty-resolver/4.1.30.Final/netty-resolver-4.1.30.Final.jar:/home/user/.m2/repository/io/netty/netty-transport-native-unix-common/4.1.30.Final/netty-transport-native-unix-common-4.1.30.Final.jar:/home/user/.m2/repository/io/grpc/grpc-protobuf/1.17.1/grpc-protobuf-1.17.1.jar:/home/user/.m2/repository/com/google/api/grpc/proto-google-common-protos/1.0.0/proto-google-common-protos-1.0.0.jar:/home/user/.m2/repository/io/grpc/grpc-protobuf-lite/1.17.1/grpc-protobuf-lite-1.17.1.jar:/home/user/.m2/repository/io/grpc/grpc-stub/1.17.1/grpc-stub-1.17.1.jar:/home/user/.m2/repository/org/apache/hadoop/hadoop-ozone-recon/0.5.0-SNAPSHOT/hadoop-ozone-recon-0.5.0-SNAPSHOT.jar:/home/user/.m2/repository/org/apache/hadoop/hadoop-ozone-reconcodegen/0.5.0-SNAPSHOT/hadoop-ozone-reconcodegen-0.5.0-SNAPSHOT.jar:/home/user/.m2/repository/com/google/inject/extensions/guice-multibindings/4.0/guice-multibindings-4.0.jar:/home/user/.m2/repository/com/google/inject/guice/4.0/guice-4.0.jar:/home/user/.m2/repository/aopalliance/aopalliance/1.0/aopalliance-1.0.jar:/home/user/.m2/repository/com/google/inject/extensions/guice-servlet/4.0/guice-servlet-4.0.jar:/home/user/.m2/repository/org/glassfish/jersey/containers/jersey-container-servlet/2.27/jersey-container-servlet-2.27.jar:/home/user/.m2/repository/org/glassfish/hk2/guice-bridge/2.5.0/guice-bridge-2.5.0.jar:/home/user/.m2/repository/org/glassfish/jersey/core/jersey-server/2.27/jersey-server-2.27.jar:/home/user/.m2/repository/org/glassfish/jersey/core/jersey-client/2.27/jersey-client-2.27.jar:/home/user/.m2/repository/org/glassfish/jersey/media/jersey-media-jaxb/2.27/jersey-media-jaxb-2.27.jar:/home/user/.m2/repository/javax/validation/validation-api/1.1.0.Final/validation-api-1.1.0.Final.jar:/home/user/.m2/repository/org/glassfish/jersey/media/jersey-media-json-jackson/2.27/jersey-media-json-jackson-2.27.jar:/home/user/.m2/repository/org/glassfish/jersey/ext/jersey-entity-filtering/2.27/jersey-entity-filtering-2.27.jar:/home/user/.m2/repository/com/google/inject/extensions/guice-assistedinject/4.0/guice-assistedinject-4.0.jar:/home/user/.m2/repository/org/jooq/jooq/3.11.10/jooq-3.11.10.jar:/home/user/.m2/repository/org/jooq/jooq-meta/3.11.10/jooq-meta-3.11.10.jar:/home/user/.m2/repository/org/jooq/jooq-codegen/3.11.10/jooq-codegen-3.11.10.jar:/home/user/.m2/repository/com/jolbox/bonecp/0.8.0.RELEASE/bonecp-0.8.0.RELEASE.jar:/home/user/.m2/repository/org/xerial/sqlite-jdbc/3.25.2/sqlite-jdbc-3.25.2.jar:/home/user/.m2/repository/org/springframework/spring-jdbc/5.1.3.RELEASE/spring-jdbc-5.1.3.RELEASE.jar:/home/user/.m2/repository/org/springframework/spring-beans/5.1.3.RELEASE/spring-beans-5.1.3.RELEASE.jar:/home/user/.m2/repository/org/springframework/spring-core/5.1.3.RELEASE/spring-core-5.1.3.RELEASE.jar:/home/user/.m2/repository/org/springframework/spring-jcl/5.1.3.RELEASE/spring-jcl-5.1.3.RELEASE.jar:/home/user/.m2/repository/org/springframework/spring-tx/5.1.3.RELEASE/spring-tx-5.1.3.RELEASE.jar:/home/user/.m2/repository/org/apache/hadoop/hadoop-ozone-client/0.5.0-SNAPSHOT/hadoop-ozone-client-0.5.0-SNAPSHOT.jar:/home/user/.m2/repository/commons-lang/commons-lang/2.6/commons-lang-2.6.jar:/home/user/.m2/repository/org/apache/hadoop/hadoop-ozone-ozone-manager/0.5.0-SNAPSHOT/hadoop-ozone-ozone-manager-0.5.0-SNAPSHOT-tests.jar:/home/user/.m2/repository/junit/junit/4.11/junit-4.11.jar:/home/user/.m2/repository/org/hamcrest/hamcrest-core/1.3/hamcrest-core-1.3.jar:/home/user/.m2/repository/org/openjdk/jmh/jmh-core/1.19/jmh-core-1.19.jar:/home/user/.m2/repository/net/sf/jopt-simple/jopt-simple/4.6/jopt-simple-4.6.jar:/home/user/.m2/repository/org/apache/commons/commons-math3/3.1.1/commons-math3-3.1.1.jar:/home/user/.m2/repository/org/openjdk/jmh/jmh-generator-annprocess/1.19/jmh-generator-annprocess-1.19.jar:/home/user/.m2/repository/org/mockito/mockito-all/1.8.5/mockito-all-1.8.5.jar:/home/user/.m2/repository/org/apache/hadoop/hadoop-kms/3.2.0/hadoop-kms-3.2.0.jar:/home/user/.m2/repository/org/apache/hadoop/hadoop-auth/3.2.0/hadoop-auth-3.2.0.jar:/home/user/.m2/repository/com/nimbusds/nimbus-jose-jwt/4.41.1/nimbus-jose-jwt-4.41.1.jar:/home/user/.m2/repository/com/github/stephenc/jcip/jcip-annotations/1.0-1/jcip-annotations-1.0-1.jar:/home/user/.m2/repository/net/minidev/json-smart/2.3/json-smart-2.3.jar:/home/user/.m2/repository/net/minidev/accessors-smart/1.2/accessors-smart-1.2.jar:/home/user/.m2/repository/org/ow2/asm/asm/5.0.4/asm-5.0.4.jar:/home/user/.m2/repository/org/apache/curator/curator-framework/2.12.0/curator-framework-2.12.0.jar:/home/user/.m2/repository/com/sun/jersey/jersey-core/1.19/jersey-core-1.19.jar:/home/user/.m2/repository/javax/ws/rs/jsr311-api/1.1.1/jsr311-api-1.1.1.jar:/home/user/.m2/repository/com/sun/jersey/jersey-server/1.19/jersey-server-1.19.jar:/home/user/.m2/repository/javax/servlet/javax.servlet-api/3.1.0/javax.servlet-api-3.1.0.jar:/home/user/.m2/repository/org/eclipse/jetty/jetty-server/9.3.24.v20180605/jetty-server-9.3.24.v20180605.jar:/home/user/.m2/repository/org/eclipse/jetty/jetty-http/9.3.24.v20180605/jetty-http-9.3.24.v20180605.jar:/home/user/.m2/repository/org/eclipse/jetty/jetty-io/9.3.24.v20180605/jetty-io-9.3.24.v20180605.jar:/home/user/.m2/repository/org/eclipse/jetty/jetty-webapp/9.3.24.v20180605/jetty-webapp-9.3.24.v20180605.jar:/home/user/.m2/repository/org/eclipse/jetty/jetty-xml/9.3.24.v20180605/jetty-xml-9.3.24.v20180605.jar:/home/user/.m2/repository/log4j/log4j/1.2.17/log4j-1.2.17.jar:/home/user/.m2/repository/org/slf4j/slf4j-api/1.7.25/slf4j-api-1.7.25.jar:/home/user/.m2/repository/org/slf4j/jul-to-slf4j/1.7.25/jul-to-slf4j-1.7.25.jar:/home/user/.m2/repository/org/eclipse/jetty/jetty-util/9.3.24.v20180605/jetty-util-9.3.24.v20180605.jar:/home/user/.m2/repository/com/fasterxml/jackson/core/jackson-databind/2.9.5/jackson-databind-2.9.5.jar:/home/user/.m2/repository/org/apache/hadoop/hadoop-kms/3.2.0/hadoop-kms-3.2.0-tests.jar:/home/user/.m2/repository/org/apache/hadoop/hadoop-hdds-server-scm/0.5.0-SNAPSHOT/hadoop-hdds-server-scm-0.5.0-SNAPSHOT-tests.jar:/home/user/.m2/repository/org/apache/hadoop/hadoop-hdds-container-service/0.5.0-SNAPSHOT/hadoop-hdds-container-service-0.5.0-SNAPSHOT-tests.jar:/home/user/.m2/repository/org/yaml/snakeyaml/1.16/snakeyaml-1.16.jar:/home/user/.m2/repository/org/apache/hadoop/hadoop-common/3.2.0/hadoop-common-3.2.0-tests.jar:/home/user/.m2/repository/org/apache/hadoop/hadoop-annotations/3.2.0/hadoop-annotations-3.2.0.jar:/usr/lib/jvm/java-1.8-openjdk/jre/../lib/tools.jar:/home/user/.m2/repository/commons-cli/commons-cli/1.2/commons-cli-1.2.jar:/home/user/.m2/repository/org/apache/httpcomponents/httpclient/4.5.2/httpclient-4.5.2.jar:/home/user/.m2/repository/org/apache/httpcomponents/httpcore/4.4.4/httpcore-4.4.4.jar:/home/user/.m2/repository/commons-codec/commons-codec/1.11/commons-codec-1.11.jar:/home/user/.m2/repository/commons-net/commons-net/3.6/commons-net-3.6.jar:/home/user/.m2/repository/commons-collections/commons-collections/3.2.2/commons-collections-3.2.2.jar:/home/user/.m2/repository/org/eclipse/jetty/jetty-servlet/9.3.24.v20180605/jetty-servlet-9.3.24.v20180605.jar:/home/user/.m2/repository/org/eclipse/jetty/jetty-security/9.3.24.v20180605/jetty-security-9.3.24.v20180605.jar:/home/user/.m2/repository/javax/servlet/jsp/jsp-api/2.1/jsp-api-2.1.jar:/home/user/.m2/repository/com/sun/jersey/jersey-servlet/1.19/jersey-servlet-1.19.jar:/home/user/.m2/repository/com/sun/jersey/jersey-json/1.19/jersey-json-1.19.jar:/home/user/.m2/repository/org/codehaus/jettison/jettison/1.1/jettison-1.1.jar:/home/user/.m2/repository/org/codehaus/jackson/jackson-core-asl/1.9.13/jackson-core-asl-1.9.13.jar:/home/user/.m2/repository/org/codehaus/jackson/jackson-mapper-asl/1.9.13/jackson-mapper-asl-1.9.13.jar:/home/user/.m2/repository/org/codehaus/jackson/jackson-jaxrs/1.9.13/jackson-jaxrs-1.9.13.jar:/home/user/.m2/repository/org/codehaus/jackson/jackson-xc/1.9.13/jackson-xc-1.9.13.jar:/home/user/.m2/repository/commons-logging/commons-logging/1.1.3/commons-logging-1.1.3.jar:/home/user/.m2/repository/commons-beanutils/commons-beanutils/1.9.3/commons-beanutils-1.9.3.jar:/home/user/.m2/repository/org/apache/commons/commons-configuration2/2.1.1/commons-configuration2-2.1.1.jar:/home/user/.m2/repository/org/apache/commons/commons-lang3/3.7/commons-lang3-3.7.jar:/home/user/.m2/repository/org/apache/commons/commons-text/1.4/commons-text-1.4.jar:/home/user/.m2/repository/org/apache/avro/avro/1.7.7/avro-1.7.7.jar:/home/user/.m2/repository/com/thoughtworks/paranamer/paranamer/2.3/paranamer-2.3.jar:/home/user/.m2/repository/org/xerial/snappy/snappy-java/1.0.5/snappy-java-1.0.5.jar:/home/user/.m2/repository/com/google/re2j/re2j/1.1/re2j-1.1.jar:/home/user/.m2/repository/com/google/code/gson/gson/2.2.4/gson-2.2.4.jar:/home/user/.m2/repository/com/jcraft/jsch/0.1.54/jsch-0.1.54.jar:/home/user/.m2/repository/org/apache/curator/curator-client/2.12.0/curator-client-2.12.0.jar:/home/user/.m2/repository/org/apache/curator/curator-recipes/2.12.0/curator-recipes-2.12.0.jar:/home/user/.m2/repository/com/google/code/findbugs/jsr305/3.0.0/jsr305-3.0.0.jar:/home/user/.m2/repository/org/apache/htrace/htrace-core4/4.1.0-incubating/htrace-core4-4.1.0-incubating.jar:/home/user/.m2/repository/org/apache/zookeeper/zookeeper/3.4.13/zookeeper-3.4.13.jar:/home/user/.m2/repository/org/apache/yetus/audience-annotations/0.5.0/audience-annotations-0.5.0.jar:/home/user/.m2/repository/org/codehaus/woodstox/stax2-api/3.1.4/stax2-api-3.1.4.jar:/home/user/.m2/repository/com/fasterxml/woodstox/woodstox-core/5.0.3/woodstox-core-5.0.3.jar:/home/user/.m2/repository/dnsjava/dnsjava/2.1.7/dnsjava-2.1.7.jar:/home/user/.m2/repository/org/apache/hadoop/hadoop-hdfs/3.2.0/hadoop-hdfs-3.2.0-tests.jar:/home/user/.m2/repository/org/eclipse/jetty/jetty-util-ajax/9.3.24.v20180605/jetty-util-ajax-9.3.24.v20180605.jar:/home/user/.m2/repository/commons-daemon/commons-daemon/1.0.13/commons-daemon-1.0.13.jar:/home/user/.m2/repository/io/netty/netty/3.10.5.Final/netty-3.10.5.Final.jar:/home/user/.m2/repository/io/netty/netty-all/4.0.52.Final/netty-all-4.0.52.Final.jar:/home/user/.m2/repository/org/fusesource/leveldbjni/leveldbjni-all/1.8/leveldbjni-all-1.8.jar:"/>
    <property name="java.vm.vendor" value="IcedTea"/>
    <property name="sun.arch.data.model" value="64"/>
    <property name="test.build.dir" value="/tmp/workdir/hadoop-ozone/integration-test/target/test-dir"/>
    <property name="test.cache.data" value=""/>
    <property name="java.vendor.url" value="https://icedtea.classpath.org"/>
    <property name="user.timezone" value=""/>
    <property name="java.vm.specification.version" value="1.8"/>
    <property name="os.name" value="Linux"/>
    <property name="test.build.data" value="/tmp/workdir/hadoop-ozone/integration-test/target/test-dir"/>
    <property name="user.country" value="US"/>
    <property name="sun.java.launcher" value="SUN_STANDARD"/>
    <property name="sun.boot.library.path" value="/usr/lib/jvm/java-1.8-openjdk/jre/lib/amd64"/>
    <property name="sun.java.command" value="/tmp/workdir/hadoop-ozone/integration-test/target/surefire/surefirebooter2714881239130389053.jar /tmp/workdir/hadoop-ozone/integration-test/target/surefire 2019-09-17T10-08-38_374-jvmRun1 surefire732371353241343219tmp surefire_216165236900080363028tmp"/>
    <property name="test" value="!TestMiniChaosOzoneCluster"/>
    <property name="surefire.test.class.path" value="/tmp/workdir/hadoop-ozone/integration-test/target/test-classes:/tmp/workdir/hadoop-ozone/integration-test/target/classes:/home/user/.m2/repository/org/apache/hadoop/hadoop-ozone-common/0.5.0-SNAPSHOT/hadoop-ozone-common-0.5.0-SNAPSHOT.jar:/home/user/.m2/repository/org/apache/commons/commons-compress/1.4.1/commons-compress-1.4.1.jar:/home/user/.m2/repository/org/tukaani/xz/1.0/xz-1.0.jar:/home/user/.m2/repository/org/apache/hadoop/hadoop-common/3.2.0/hadoop-common-3.2.0.jar:/home/user/.m2/repository/org/apache/hadoop/hadoop-hdfs/3.2.0/hadoop-hdfs-3.2.0.jar:/home/user/.m2/repository/org/apache/hadoop/hadoop-hdfs-client/3.2.0/hadoop-hdfs-client-3.2.0.jar:/home/user/.m2/repository/com/fasterxml/jackson/core/jackson-annotations/2.9.5/jackson-annotations-2.9.5.jar:/home/user/.m2/repository/org/apache/hadoop/hadoop-hdds-common/0.5.0-SNAPSHOT/hadoop-hdds-common-0.5.0-SNAPSHOT.jar:/home/user/.m2/repository/javax/annotation/javax.annotation-api/1.2/javax.annotation-api-1.2.jar:/home/user/.m2/repository/org/apache/ratis/ratis-server/0.4.0-78e95b9-SNAPSHOT/ratis-server-0.4.0-78e95b9-SNAPSHOT.jar:/home/user/.m2/repository/org/apache/ratis/ratis-thirdparty-misc/0.2.0/ratis-thirdparty-misc-0.2.0.jar:/home/user/.m2/repository/org/apache/ratis/ratis-proto/0.4.0-78e95b9-SNAPSHOT/ratis-proto-0.4.0-78e95b9-SNAPSHOT.jar:/home/user/.m2/repository/org/apache/ratis/ratis-common/0.4.0-78e95b9-SNAPSHOT/ratis-common-0.4.0-78e95b9-SNAPSHOT.jar:/home/user/.m2/repository/org/apache/ratis/ratis-client/0.4.0-78e95b9-SNAPSHOT/ratis-client-0.4.0-78e95b9-SNAPSHOT.jar:/home/user/.m2/repository/org/apache/ratis/ratis-metrics/0.4.0-78e95b9-SNAPSHOT/ratis-metrics-0.4.0-78e95b9-SNAPSHOT.jar:/home/user/.m2/repository/com/github/joshelser/dropwizard-metrics-hadoop-metrics2-reporter/0.1.2/dropwizard-metrics-hadoop-metrics2-reporter-0.1.2.jar:/home/user/.m2/repository/io/dropwizard/metrics/metrics-jvm/3.2.5/metrics-jvm-3.2.5.jar:/home/user/.m2/repository/io/dropwizard/metrics/metrics-ganglia/3.2.5/metrics-ganglia-3.2.5.jar:/home/user/.m2/repository/info/ganglia/gmetric4j/gmetric4j/1.0.7/gmetric4j-1.0.7.jar:/home/user/.m2/repository/org/apache/ratis/ratis-netty/0.4.0-78e95b9-SNAPSHOT/ratis-netty-0.4.0-78e95b9-SNAPSHOT.jar:/home/user/.m2/repository/org/apache/ratis/ratis-grpc/0.4.0-78e95b9-SNAPSHOT/ratis-grpc-0.4.0-78e95b9-SNAPSHOT.jar:/home/user/.m2/repository/org/rocksdb/rocksdbjni/6.0.1/rocksdbjni-6.0.1.jar:/home/user/.m2/repository/org/apache/logging/log4j/log4j-api/2.11.0/log4j-api-2.11.0.jar:/home/user/.m2/repository/org/apache/logging/log4j/log4j-core/2.11.0/log4j-core-2.11.0.jar:/home/user/.m2/repository/com/lmax/disruptor/3.4.2/disruptor-3.4.2.jar:/home/user/.m2/repository/org/apache/commons/commons-pool2/2.6.0/commons-pool2-2.6.0.jar:/home/user/.m2/repository/org/bouncycastle/bcpkix-jdk15on/1.60/bcpkix-jdk15on-1.60.jar:/home/user/.m2/repository/commons-validator/commons-validator/1.6/commons-validator-1.6.jar:/home/user/.m2/repository/commons-digester/commons-digester/1.8.1/commons-digester-1.8.1.jar:/home/user/.m2/repository/io/jaegertracing/jaeger-client/0.33.1/jaeger-client-0.33.1.jar:/home/user/.m2/repository/io/jaegertracing/jaeger-thrift/0.33.1/jaeger-thrift-0.33.1.jar:/home/user/.m2/repository/org/apache/thrift/libthrift/0.11.0/libthrift-0.11.0.jar:/home/user/.m2/repository/com/squareup/okhttp3/okhttp/3.9.0/okhttp-3.9.0.jar:/home/user/.m2/repository/com/squareup/okio/okio/1.13.0/okio-1.13.0.jar:/home/user/.m2/repository/io/jaegertracing/jaeger-core/0.33.1/jaeger-core-0.33.1.jar:/home/user/.m2/repository/io/jaegertracing/jaeger-tracerresolver/0.33.1/jaeger-tracerresolver-0.33.1.jar:/home/user/.m2/repository/io/opentracing/contrib/opentracing-tracerresolver/0.1.5/opentracing-tracerresolver-0.1.5.jar:/home/user/.m2/repository/io/opentracing/opentracing-util/0.31.0/opentracing-util-0.31.0.jar:/home/user/.m2/repository/io/opentracing/opentracing-api/0.31.0/opentracing-api-0.31.0.jar:/home/user/.m2/repository/io/opentracing/opentracing-noop/0.31.0/opentracing-noop-0.31.0.jar:/home/user/.m2/repository/org/apache/hadoop/hadoop-hdds-server-framework/0.5.0-SNAPSHOT/hadoop-hdds-server-framework-0.5.0-SNAPSHOT.jar:/home/user/.m2/repository/org/apache/hadoop/hadoop-hdds-container-service/0.5.0-SNAPSHOT/hadoop-hdds-container-service-0.5.0-SNAPSHOT.jar:/home/user/.m2/repository/org/apache/hadoop/hadoop-hdds-client/0.5.0-SNAPSHOT/hadoop-hdds-client-0.5.0-SNAPSHOT.jar:/home/user/.m2/repository/org/apache/hadoop/hadoop-hdds-tools/0.5.0-SNAPSHOT/hadoop-hdds-tools-0.5.0-SNAPSHOT.jar:/home/user/.m2/repository/org/apache/hadoop/hadoop-hdds-server-scm/0.5.0-SNAPSHOT/hadoop-hdds-server-scm-0.5.0-SNAPSHOT.jar:/home/user/.m2/repository/org/apache/hadoop/hadoop-hdds-docs/0.5.0-SNAPSHOT/hadoop-hdds-docs-0.5.0-SNAPSHOT.jar:/home/user/.m2/repository/io/dropwizard/metrics/metrics-core/3.2.4/metrics-core-3.2.4.jar:/home/user/.m2/repository/org/hamcrest/hamcrest-all/1.3/hamcrest-all-1.3.jar:/home/user/.m2/repository/org/bouncycastle/bcprov-jdk15on/1.60/bcprov-jdk15on-1.60.jar:/home/user/.m2/repository/info/picocli/picocli/3.9.6/picocli-3.9.6.jar:/home/user/.m2/repository/com/google/protobuf/protobuf-java/2.5.0/protobuf-java-2.5.0.jar:/home/user/.m2/repository/com/google/guava/guava/11.0.2/guava-11.0.2.jar:/home/user/.m2/repository/org/apache/hadoop/hadoop-ozone-ozone-manager/0.5.0-SNAPSHOT/hadoop-ozone-ozone-manager-0.5.0-SNAPSHOT.jar:/home/user/.m2/repository/org/apache/hadoop/hadoop-minikdc/3.2.0/hadoop-minikdc-3.2.0.jar:/home/user/.m2/repository/commons-io/commons-io/2.5/commons-io-2.5.jar:/home/user/.m2/repository/org/apache/kerby/kerb-simplekdc/1.0.1/kerb-simplekdc-1.0.1.jar:/home/user/.m2/repository/org/apache/kerby/kerb-client/1.0.1/kerb-client-1.0.1.jar:/home/user/.m2/repository/org/apache/kerby/kerby-config/1.0.1/kerby-config-1.0.1.jar:/home/user/.m2/repository/org/apache/kerby/kerb-core/1.0.1/kerb-core-1.0.1.jar:/home/user/.m2/repository/org/apache/kerby/kerby-pkix/1.0.1/kerby-pkix-1.0.1.jar:/home/user/.m2/repository/org/apache/kerby/kerby-asn1/1.0.1/kerby-asn1-1.0.1.jar:/home/user/.m2/repository/org/apache/kerby/kerby-util/1.0.1/kerby-util-1.0.1.jar:/home/user/.m2/repository/org/apache/kerby/kerb-common/1.0.1/kerb-common-1.0.1.jar:/home/user/.m2/repository/org/apache/kerby/kerb-crypto/1.0.1/kerb-crypto-1.0.1.jar:/home/user/.m2/repository/org/apache/kerby/kerb-util/1.0.1/kerb-util-1.0.1.jar:/home/user/.m2/repository/org/apache/kerby/token-provider/1.0.1/token-provider-1.0.1.jar:/home/user/.m2/repository/org/apache/kerby/kerb-admin/1.0.1/kerb-admin-1.0.1.jar:/home/user/.m2/repository/org/apache/kerby/kerb-server/1.0.1/kerb-server-1.0.1.jar:/home/user/.m2/repository/org/apache/kerby/kerb-identity/1.0.1/kerb-identity-1.0.1.jar:/home/user/.m2/repository/org/apache/kerby/kerby-xdr/1.0.1/kerby-xdr-1.0.1.jar:/home/user/.m2/repository/org/slf4j/slf4j-log4j12/1.7.25/slf4j-log4j12-1.7.25.jar:/home/user/.m2/repository/org/apache/hadoop/hadoop-ozone-s3gateway/0.5.0-SNAPSHOT/hadoop-ozone-s3gateway-0.5.0-SNAPSHOT.jar:/home/user/.m2/repository/org/jboss/weld/servlet/weld-servlet/2.4.7.Final/weld-servlet-2.4.7.Final.jar:/home/user/.m2/repository/org/glassfish/jersey/containers/jersey-container-servlet-core/2.27/jersey-container-servlet-core-2.27.jar:/home/user/.m2/repository/org/glassfish/hk2/external/javax.inject/2.5.0-b42/javax.inject-2.5.0-b42.jar:/home/user/.m2/repository/org/glassfish/jersey/core/jersey-common/2.27/jersey-common-2.27.jar:/home/user/.m2/repository/org/glassfish/hk2/osgi-resource-locator/1.0.1/osgi-resource-locator-1.0.1.jar:/home/user/.m2/repository/javax/ws/rs/javax.ws.rs-api/2.1/javax.ws.rs-api-2.1.jar:/home/user/.m2/repository/org/glassfish/jersey/ext/cdi/jersey-cdi1x/2.27/jersey-cdi1x-2.27.jar:/home/user/.m2/repository/org/glassfish/jersey/inject/jersey-hk2/2.27/jersey-hk2-2.27.jar:/home/user/.m2/repository/org/glassfish/hk2/hk2-locator/2.5.0-b42/hk2-locator-2.5.0-b42.jar:/home/user/.m2/repository/org/javassist/javassist/3.22.0-CR2/javassist-3.22.0-CR2.jar:/home/user/.m2/repository/org/glassfish/hk2/hk2-api/2.5.0/hk2-api-2.5.0.jar:/home/user/.m2/repository/org/glassfish/hk2/external/jakarta.inject/2.5.0/jakarta.inject-2.5.0.jar:/home/user/.m2/repository/org/glassfish/hk2/hk2-utils/2.5.0/hk2-utils-2.5.0.jar:/home/user/.m2/repository/jakarta/annotation/jakarta.annotation-api/1.3.4/jakarta.annotation-api-1.3.4.jar:/home/user/.m2/repository/org/glassfish/hk2/external/aopalliance-repackaged/2.5.0/aopalliance-repackaged-2.5.0.jar:/home/user/.m2/repository/com/fasterxml/jackson/dataformat/jackson-dataformat-xml/2.9.0/jackson-dataformat-xml-2.9.0.jar:/home/user/.m2/repository/com/fasterxml/jackson/core/jackson-core/2.9.5/jackson-core-2.9.5.jar:/home/user/.m2/repository/com/fasterxml/jackson/module/jackson-module-jaxb-annotations/2.9.5/jackson-module-jaxb-annotations-2.9.5.jar:/home/user/.m2/repository/javax/enterprise/cdi-api/1.2/cdi-api-1.2.jar:/home/user/.m2/repository/javax/el/javax.el-api/3.0.0/javax.el-api-3.0.0.jar:/home/user/.m2/repository/javax/interceptor/javax.interceptor-api/1.2/javax.interceptor-api-1.2.jar:/home/user/.m2/repository/javax/inject/javax.inject/1/javax.inject-1.jar:/home/user/.m2/repository/com/sun/xml/bind/jaxb-impl/2.3.0.1/jaxb-impl-2.3.0.1.jar:/home/user/.m2/repository/com/sun/xml/bind/jaxb-core/2.3.0.1/jaxb-core-2.3.0.1.jar:/home/user/.m2/repository/javax/xml/bind/jaxb-api/2.3.0/jaxb-api-2.3.0.jar:/home/user/.m2/repository/javax/activation/activation/1.1.1/activation-1.1.1.jar:/home/user/.m2/repository/org/apache/hadoop/hadoop-ozone-csi/0.5.0-SNAPSHOT/hadoop-ozone-csi-0.5.0-SNAPSHOT.jar:/home/user/.m2/repository/com/google/protobuf/protobuf-java-util/3.5.1/protobuf-java-util-3.5.1.jar:/home/user/.m2/repository/org/apache/hadoop/hadoop-hdds-config/0.5.0-SNAPSHOT/hadoop-hdds-config-0.5.0-SNAPSHOT.jar:/home/user/.m2/repository/io/grpc/grpc-netty/1.17.1/grpc-netty-1.17.1.jar:/home/user/.m2/repository/io/grpc/grpc-core/1.17.1/grpc-core-1.17.1.jar:/home/user/.m2/repository/io/grpc/grpc-context/1.17.1/grpc-context-1.17.1.jar:/home/user/.m2/repository/com/google/errorprone/error_prone_annotations/2.2.0/error_prone_annotations-2.2.0.jar:/home/user/.m2/repository/org/codehaus/mojo/animal-sniffer-annotations/1.17/animal-sniffer-annotations-1.17.jar:/home/user/.m2/repository/io/opencensus/opencensus-api/0.17.0/opencensus-api-0.17.0.jar:/home/user/.m2/repository/io/opencensus/opencensus-contrib-grpc-metrics/0.17.0/opencensus-contrib-grpc-metrics-0.17.0.jar:/home/user/.m2/repository/io/netty/netty-codec-http2/4.1.30.Final/netty-codec-http2-4.1.30.Final.jar:/home/user/.m2/repository/io/netty/netty-codec-http/4.1.30.Final/netty-codec-http-4.1.30.Final.jar:/home/user/.m2/repository/io/netty/netty-codec/4.1.30.Final/netty-codec-4.1.30.Final.jar:/home/user/.m2/repository/io/netty/netty-handler/4.1.30.Final/netty-handler-4.1.30.Final.jar:/home/user/.m2/repository/io/netty/netty-handler-proxy/4.1.30.Final/netty-handler-proxy-4.1.30.Final.jar:/home/user/.m2/repository/io/netty/netty-codec-socks/4.1.30.Final/netty-codec-socks-4.1.30.Final.jar:/home/user/.m2/repository/io/netty/netty-transport-native-epoll/4.1.30.Final/netty-transport-native-epoll-4.1.30.Final.jar:/home/user/.m2/repository/io/netty/netty-common/4.1.30.Final/netty-common-4.1.30.Final.jar:/home/user/.m2/repository/io/netty/netty-buffer/4.1.30.Final/netty-buffer-4.1.30.Final.jar:/home/user/.m2/repository/io/netty/netty-transport/4.1.30.Final/netty-transport-4.1.30.Final.jar:/home/user/.m2/repository/io/netty/netty-resolver/4.1.30.Final/netty-resolver-4.1.30.Final.jar:/home/user/.m2/repository/io/netty/netty-transport-native-unix-common/4.1.30.Final/netty-transport-native-unix-common-4.1.30.Final.jar:/home/user/.m2/repository/io/grpc/grpc-protobuf/1.17.1/grpc-protobuf-1.17.1.jar:/home/user/.m2/repository/com/google/api/grpc/proto-google-common-protos/1.0.0/proto-google-common-protos-1.0.0.jar:/home/user/.m2/repository/io/grpc/grpc-protobuf-lite/1.17.1/grpc-protobuf-lite-1.17.1.jar:/home/user/.m2/repository/io/grpc/grpc-stub/1.17.1/grpc-stub-1.17.1.jar:/home/user/.m2/repository/org/apache/hadoop/hadoop-ozone-recon/0.5.0-SNAPSHOT/hadoop-ozone-recon-0.5.0-SNAPSHOT.jar:/home/user/.m2/repository/org/apache/hadoop/hadoop-ozone-reconcodegen/0.5.0-SNAPSHOT/hadoop-ozone-reconcodegen-0.5.0-SNAPSHOT.jar:/home/user/.m2/repository/com/google/inject/extensions/guice-multibindings/4.0/guice-multibindings-4.0.jar:/home/user/.m2/repository/com/google/inject/guice/4.0/guice-4.0.jar:/home/user/.m2/repository/aopalliance/aopalliance/1.0/aopalliance-1.0.jar:/home/user/.m2/repository/com/google/inject/extensions/guice-servlet/4.0/guice-servlet-4.0.jar:/home/user/.m2/repository/org/glassfish/jersey/containers/jersey-container-servlet/2.27/jersey-container-servlet-2.27.jar:/home/user/.m2/repository/org/glassfish/hk2/guice-bridge/2.5.0/guice-bridge-2.5.0.jar:/home/user/.m2/repository/org/glassfish/jersey/core/jersey-server/2.27/jersey-server-2.27.jar:/home/user/.m2/repository/org/glassfish/jersey/core/jersey-client/2.27/jersey-client-2.27.jar:/home/user/.m2/repository/org/glassfish/jersey/media/jersey-media-jaxb/2.27/jersey-media-jaxb-2.27.jar:/home/user/.m2/repository/javax/validation/validation-api/1.1.0.Final/validation-api-1.1.0.Final.jar:/home/user/.m2/repository/org/glassfish/jersey/media/jersey-media-json-jackson/2.27/jersey-media-json-jackson-2.27.jar:/home/user/.m2/repository/org/glassfish/jersey/ext/jersey-entity-filtering/2.27/jersey-entity-filtering-2.27.jar:/home/user/.m2/repository/com/google/inject/extensions/guice-assistedinject/4.0/guice-assistedinject-4.0.jar:/home/user/.m2/repository/org/jooq/jooq/3.11.10/jooq-3.11.10.jar:/home/user/.m2/repository/org/jooq/jooq-meta/3.11.10/jooq-meta-3.11.10.jar:/home/user/.m2/repository/org/jooq/jooq-codegen/3.11.10/jooq-codegen-3.11.10.jar:/home/user/.m2/repository/com/jolbox/bonecp/0.8.0.RELEASE/bonecp-0.8.0.RELEASE.jar:/home/user/.m2/repository/org/xerial/sqlite-jdbc/3.25.2/sqlite-jdbc-3.25.2.jar:/home/user/.m2/repository/org/springframework/spring-jdbc/5.1.3.RELEASE/spring-jdbc-5.1.3.RELEASE.jar:/home/user/.m2/repository/org/springframework/spring-beans/5.1.3.RELEASE/spring-beans-5.1.3.RELEASE.jar:/home/user/.m2/repository/org/springframework/spring-core/5.1.3.RELEASE/spring-core-5.1.3.RELEASE.jar:/home/user/.m2/repository/org/springframework/spring-jcl/5.1.3.RELEASE/spring-jcl-5.1.3.RELEASE.jar:/home/user/.m2/repository/org/springframework/spring-tx/5.1.3.RELEASE/spring-tx-5.1.3.RELEASE.jar:/home/user/.m2/repository/org/apache/hadoop/hadoop-ozone-client/0.5.0-SNAPSHOT/hadoop-ozone-client-0.5.0-SNAPSHOT.jar:/home/user/.m2/repository/commons-lang/commons-lang/2.6/commons-lang-2.6.jar:/home/user/.m2/repository/org/apache/hadoop/hadoop-ozone-ozone-manager/0.5.0-SNAPSHOT/hadoop-ozone-ozone-manager-0.5.0-SNAPSHOT-tests.jar:/home/user/.m2/repository/junit/junit/4.11/junit-4.11.jar:/home/user/.m2/repository/org/hamcrest/hamcrest-core/1.3/hamcrest-core-1.3.jar:/home/user/.m2/repository/org/openjdk/jmh/jmh-core/1.19/jmh-core-1.19.jar:/home/user/.m2/repository/net/sf/jopt-simple/jopt-simple/4.6/jopt-simple-4.6.jar:/home/user/.m2/repository/org/apache/commons/commons-math3/3.1.1/commons-math3-3.1.1.jar:/home/user/.m2/repository/org/openjdk/jmh/jmh-generator-annprocess/1.19/jmh-generator-annprocess-1.19.jar:/home/user/.m2/repository/org/mockito/mockito-all/1.8.5/mockito-all-1.8.5.jar:/home/user/.m2/repository/org/apache/hadoop/hadoop-kms/3.2.0/hadoop-kms-3.2.0.jar:/home/user/.m2/repository/org/apache/hadoop/hadoop-auth/3.2.0/hadoop-auth-3.2.0.jar:/home/user/.m2/repository/com/nimbusds/nimbus-jose-jwt/4.41.1/nimbus-jose-jwt-4.41.1.jar:/home/user/.m2/repository/com/github/stephenc/jcip/jcip-annotations/1.0-1/jcip-annotations-1.0-1.jar:/home/user/.m2/repository/net/minidev/json-smart/2.3/json-smart-2.3.jar:/home/user/.m2/repository/net/minidev/accessors-smart/1.2/accessors-smart-1.2.jar:/home/user/.m2/repository/org/ow2/asm/asm/5.0.4/asm-5.0.4.jar:/home/user/.m2/repository/org/apache/curator/curator-framework/2.12.0/curator-framework-2.12.0.jar:/home/user/.m2/repository/com/sun/jersey/jersey-core/1.19/jersey-core-1.19.jar:/home/user/.m2/repository/javax/ws/rs/jsr311-api/1.1.1/jsr311-api-1.1.1.jar:/home/user/.m2/repository/com/sun/jersey/jersey-server/1.19/jersey-server-1.19.jar:/home/user/.m2/repository/javax/servlet/javax.servlet-api/3.1.0/javax.servlet-api-3.1.0.jar:/home/user/.m2/repository/org/eclipse/jetty/jetty-server/9.3.24.v20180605/jetty-server-9.3.24.v20180605.jar:/home/user/.m2/repository/org/eclipse/jetty/jetty-http/9.3.24.v20180605/jetty-http-9.3.24.v20180605.jar:/home/user/.m2/repository/org/eclipse/jetty/jetty-io/9.3.24.v20180605/jetty-io-9.3.24.v20180605.jar:/home/user/.m2/repository/org/eclipse/jetty/jetty-webapp/9.3.24.v20180605/jetty-webapp-9.3.24.v20180605.jar:/home/user/.m2/repository/org/eclipse/jetty/jetty-xml/9.3.24.v20180605/jetty-xml-9.3.24.v20180605.jar:/home/user/.m2/repository/log4j/log4j/1.2.17/log4j-1.2.17.jar:/home/user/.m2/repository/org/slf4j/slf4j-api/1.7.25/slf4j-api-1.7.25.jar:/home/user/.m2/repository/org/slf4j/jul-to-slf4j/1.7.25/jul-to-slf4j-1.7.25.jar:/home/user/.m2/repository/org/eclipse/jetty/jetty-util/9.3.24.v20180605/jetty-util-9.3.24.v20180605.jar:/home/user/.m2/repository/com/fasterxml/jackson/core/jackson-databind/2.9.5/jackson-databind-2.9.5.jar:/home/user/.m2/repository/org/apache/hadoop/hadoop-kms/3.2.0/hadoop-kms-3.2.0-tests.jar:/home/user/.m2/repository/org/apache/hadoop/hadoop-hdds-server-scm/0.5.0-SNAPSHOT/hadoop-hdds-server-scm-0.5.0-SNAPSHOT-tests.jar:/home/user/.m2/repository/org/apache/hadoop/hadoop-hdds-container-service/0.5.0-SNAPSHOT/hadoop-hdds-container-service-0.5.0-SNAPSHOT-tests.jar:/home/user/.m2/repository/org/yaml/snakeyaml/1.16/snakeyaml-1.16.jar:/home/user/.m2/repository/org/apache/hadoop/hadoop-common/3.2.0/hadoop-common-3.2.0-tests.jar:/home/user/.m2/repository/org/apache/hadoop/hadoop-annotations/3.2.0/hadoop-annotations-3.2.0.jar:/usr/lib/jvm/java-1.8-openjdk/jre/../lib/tools.jar:/home/user/.m2/repository/commons-cli/commons-cli/1.2/commons-cli-1.2.jar:/home/user/.m2/repository/org/apache/httpcomponents/httpclient/4.5.2/httpclient-4.5.2.jar:/home/user/.m2/repository/org/apache/httpcomponents/httpcore/4.4.4/httpcore-4.4.4.jar:/home/user/.m2/repository/commons-codec/commons-codec/1.11/commons-codec-1.11.jar:/home/user/.m2/repository/commons-net/commons-net/3.6/commons-net-3.6.jar:/home/user/.m2/repository/commons-collections/commons-collections/3.2.2/commons-collections-3.2.2.jar:/home/user/.m2/repository/org/eclipse/jetty/jetty-servlet/9.3.24.v20180605/jetty-servlet-9.3.24.v20180605.jar:/home/user/.m2/repository/org/eclipse/jetty/jetty-security/9.3.24.v20180605/jetty-security-9.3.24.v20180605.jar:/home/user/.m2/repository/javax/servlet/jsp/jsp-api/2.1/jsp-api-2.1.jar:/home/user/.m2/repository/com/sun/jersey/jersey-servlet/1.19/jersey-servlet-1.19.jar:/home/user/.m2/repository/com/sun/jersey/jersey-json/1.19/jersey-json-1.19.jar:/home/user/.m2/repository/org/codehaus/jettison/jettison/1.1/jettison-1.1.jar:/home/user/.m2/repository/org/codehaus/jackson/jackson-core-asl/1.9.13/jackson-core-asl-1.9.13.jar:/home/user/.m2/repository/org/codehaus/jackson/jackson-mapper-asl/1.9.13/jackson-mapper-asl-1.9.13.jar:/home/user/.m2/repository/org/codehaus/jackson/jackson-jaxrs/1.9.13/jackson-jaxrs-1.9.13.jar:/home/user/.m2/repository/org/codehaus/jackson/jackson-xc/1.9.13/jackson-xc-1.9.13.jar:/home/user/.m2/repository/commons-logging/commons-logging/1.1.3/commons-logging-1.1.3.jar:/home/user/.m2/repository/commons-beanutils/commons-beanutils/1.9.3/commons-beanutils-1.9.3.jar:/home/user/.m2/repository/org/apache/commons/commons-configuration2/2.1.1/commons-configuration2-2.1.1.jar:/home/user/.m2/repository/org/apache/commons/commons-lang3/3.7/commons-lang3-3.7.jar:/home/user/.m2/repository/org/apache/commons/commons-text/1.4/commons-text-1.4.jar:/home/user/.m2/repository/org/apache/avro/avro/1.7.7/avro-1.7.7.jar:/home/user/.m2/repository/com/thoughtworks/paranamer/paranamer/2.3/paranamer-2.3.jar:/home/user/.m2/repository/org/xerial/snappy/snappy-java/1.0.5/snappy-java-1.0.5.jar:/home/user/.m2/repository/com/google/re2j/re2j/1.1/re2j-1.1.jar:/home/user/.m2/repository/com/google/code/gson/gson/2.2.4/gson-2.2.4.jar:/home/user/.m2/repository/com/jcraft/jsch/0.1.54/jsch-0.1.54.jar:/home/user/.m2/repository/org/apache/curator/curator-client/2.12.0/curator-client-2.12.0.jar:/home/user/.m2/repository/org/apache/curator/curator-recipes/2.12.0/curator-recipes-2.12.0.jar:/home/user/.m2/repository/com/google/code/findbugs/jsr305/3.0.0/jsr305-3.0.0.jar:/home/user/.m2/repository/org/apache/htrace/htrace-core4/4.1.0-incubating/htrace-core4-4.1.0-incubating.jar:/home/user/.m2/repository/org/apache/zookeeper/zookeeper/3.4.13/zookeeper-3.4.13.jar:/home/user/.m2/repository/org/apache/yetus/audience-annotations/0.5.0/audience-annotations-0.5.0.jar:/home/user/.m2/repository/org/codehaus/woodstox/stax2-api/3.1.4/stax2-api-3.1.4.jar:/home/user/.m2/repository/com/fasterxml/woodstox/woodstox-core/5.0.3/woodstox-core-5.0.3.jar:/home/user/.m2/repository/dnsjava/dnsjava/2.1.7/dnsjava-2.1.7.jar:/home/user/.m2/repository/org/apache/hadoop/hadoop-hdfs/3.2.0/hadoop-hdfs-3.2.0-tests.jar:/home/user/.m2/repository/org/eclipse/jetty/jetty-util-ajax/9.3.24.v20180605/jetty-util-ajax-9.3.24.v20180605.jar:/home/user/.m2/repository/commons-daemon/commons-daemon/1.0.13/commons-daemon-1.0.13.jar:/home/user/.m2/repository/io/netty/netty/3.10.5.Final/netty-3.10.5.Final.jar:/home/user/.m2/repository/io/netty/netty-all/4.0.52.Final/netty-all-4.0.52.Final.jar:/home/user/.m2/repository/org/fusesource/leveldbjni/leveldbjni-all/1.8/leveldbjni-all-1.8.jar:"/>
    <property name="sun.cpu.endian" value="little"/>
    <property name="user.home" value="/home/user"/>
    <property name="user.language" value="en"/>
    <property name="java.specification.vendor" value="Oracle Corporation"/>
    <property name="java.home" value="/usr/lib/jvm/java-1.8-openjdk/jre"/>
    <property name="java.security.krb5.conf" value="/tmp/workdir/hadoop-ozone/integration-test/target/test-classes/krb5.conf"/>
    <property name="basedir" value="/tmp/workdir/hadoop-ozone/integration-test"/>
    <property name="file.separator" value="/"/>
    <property name="line.separator" value="&#10;"/>
    <property name="java.vm.specification.vendor" value="Oracle Corporation"/>
    <property name="java.specification.name" value="Java Platform API Specification"/>
    <property name="java.awt.graphicsenv" value="sun.awt.X11GraphicsEnvironment"/>
    <property name="surefire.real.class.path" value="/tmp/workdir/hadoop-ozone/integration-test/target/surefire/surefirebooter2714881239130389053.jar"/>
    <property name="hadoop.log.dir" value="/tmp/workdir/hadoop-ozone/integration-test/target/log"/>
    <property name="sun.boot.class.path" value="/usr/lib/jvm/java-1.8-openjdk/jre/lib/resources.jar:/usr/lib/jvm/java-1.8-openjdk/jre/lib/rt.jar:/usr/lib/jvm/java-1.8-openjdk/jre/lib/sunrsasign.jar:/usr/lib/jvm/java-1.8-openjdk/jre/lib/jsse.jar:/usr/lib/jvm/java-1.8-openjdk/jre/lib/jce.jar:/usr/lib/jvm/java-1.8-openjdk/jre/lib/charsets.jar:/usr/lib/jvm/java-1.8-openjdk/jre/lib/jfr.jar:/usr/lib/jvm/java-1.8-openjdk/jre/classes"/>
    <property name="sun.management.compiler" value="HotSpot 64-Bit Tiered Compilers"/>
    <property name="java.runtime.version" value="1.8.0_212-b04"/>
    <property name="java.net.preferIPv4Stack" value="true"/>
    <property name="user.name" value="jenkins1000"/>
    <property name="path.separator" value=":"/>
    <property name="java.security.egd" value="file:///dev/urandom"/>
    <property name="os.version" value="3.10.0-957.12.2.el7.x86_64"/>
    <property name="java.endorsed.dirs" value="/usr/lib/jvm/java-1.8-openjdk/jre/lib/endorsed"/>
    <property name="java.runtime.name" value="OpenJDK Runtime Environment"/>
    <property name="file.encoding" value="UTF-8"/>
    <property name="java.vm.name" value="OpenJDK 64-Bit Server VM"/>
    <property name="test.build.webapps" value=""/>
    <property name="localRepository" value="/home/user/.m2/repository"/>
    <property name="java.vendor.url.bug" value="https://icedtea.classpath.org/bugzilla"/>
    <property name="java.io.tmpdir" value="/tmp"/>
    <property name="require.test.libhadoop" value=""/>
    <property name="java.version" value="1.8.0_212"/>
    <property name="user.dir" value="/tmp/workdir/hadoop-ozone/integration-test"/>
    <property name="os.arch" value="amd64"/>
    <property name="java.vm.specification.name" value="Java Virtual Machine Specification"/>
    <property name="test.build.classes" value="/tmp/workdir/hadoop-ozone/integration-test/target/test-classes"/>
    <property name="java.awt.printerjob" value="sun.print.PSPrinterJob"/>
    <property name="sun.os.patch.level" value="unknown"/>
    <property name="hadoop.tmp.dir" value="/tmp/workdir/hadoop-ozone/integration-test/target/tmp"/>
    <property name="java.library.path" value="/usr/lib/jvm/java-1.8-openjdk/jre/lib/amd64/server:/usr/lib/jvm/java-1.8-openjdk/jre/lib/amd64:/usr/lib/jvm/java-1.8-openjdk/jre/../lib/amd64:/tmp/workdir/hadoop-ozone/integration-test/target/native/target/usr/local/lib:/tmp/workdir/hadoop-ozone/integration-test/../../hadoop-common-project/hadoop-common/target/native/target/usr/local/lib:/usr/java/packages/lib/amd64:/usr/lib64:/lib64:/lib:/usr/lib"/>
    <property name="java.vm.info" value="mixed mode"/>
    <property name="java.vendor" value="IcedTea"/>
    <property name="java.vm.version" value="25.212-b04"/>
    <property name="java.ext.dirs" value="/usr/lib/jvm/java-1.8-openjdk/jre/lib/ext:/usr/java/packages/lib/ext"/>
    <property name="sun.io.unicode.encoding" value="UnicodeLittle"/>
    <property name="java.class.version" value="52.0"/>
  </properties>
  <testcase name="testContainerReplication" classname="org.apache.hadoop.ozone.client.rpc.TestContainerReplicationEndToEnd" time="11.831">
    <error message="Failed to update container state #1, reason: invalid state transition from state: CLOSING upon event: FINALIZE." type="org.apache.hadoop.hdds.scm.exceptions.SCMException">org.apache.hadoop.hdds.scm.exceptions.SCMException: Failed to update container state #1, reason: invalid state transition from state: CLOSING upon event: FINALIZE.
	at org.apache.hadoop.hdds.scm.container.ContainerStateManager.updateContainerState(ContainerStateManager.java:336)
	at org.apache.hadoop.hdds.scm.container.SCMContainerManager.updateContainerState(SCMContainerManager.java:312)
	at org.apache.hadoop.ozone.client.rpc.TestContainerReplicationEndToEnd.testContainerReplication(TestContainerReplicationEndToEnd.java:159)
	at sun.reflect.NativeMethodAccessorImpl.invoke0(Native Method)
	at sun.reflect.NativeMethodAccessorImpl.invoke(NativeMethodAccessorImpl.java:62)
	at sun.reflect.DelegatingMethodAccessorImpl.invoke(DelegatingMethodAccessorImpl.java:43)
	at java.lang.reflect.Method.invoke(Method.java:498)
	at org.junit.runners.model.FrameworkMethod$1.runReflectiveCall(FrameworkMethod.java:47)
	at org.junit.internal.runners.model.ReflectiveCallable.run(ReflectiveCallable.java:12)
	at org.junit.runners.model.FrameworkMethod.invokeExplosively(FrameworkMethod.java:44)
	at org.junit.internal.runners.statements.InvokeMethod.evaluate(InvokeMethod.java:17)
	at org.junit.runners.ParentRunner.runLeaf(ParentRunner.java:271)
	at org.junit.runners.BlockJUnit4ClassRunner.runChild(BlockJUnit4ClassRunner.java:70)
	at org.junit.runners.BlockJUnit4ClassRunner.runChild(BlockJUnit4ClassRunner.java:50)
	at org.junit.runners.ParentRunner$3.run(ParentRunner.java:238)
	at org.junit.runners.ParentRunner$1.schedule(ParentRunner.java:63)
	at org.junit.runners.ParentRunner.runChildren(ParentRunner.java:236)
	at org.junit.runners.ParentRunner.access$000(ParentRunner.java:53)
	at org.junit.runners.ParentRunner$2.evaluate(ParentRunner.java:229)
	at org.junit.internal.runners.statements.RunBefores.evaluate(RunBefores.java:26)
	at org.junit.internal.runners.statements.RunAfters.evaluate(RunAfters.java:27)
	at org.junit.runners.ParentRunner.run(ParentRunner.java:309)
	at org.apache.maven.surefire.junit4.JUnit4Provider.execute(JUnit4Provider.java:365)
	at org.apache.maven.surefire.junit4.JUnit4Provider.executeWithRerun(JUnit4Provider.java:273)
	at org.apache.maven.surefire.junit4.JUnit4Provider.executeTestSet(JUnit4Provider.java:238)
	at org.apache.maven.surefire.junit4.JUnit4Provider.invoke(JUnit4Provider.java:159)
	at org.apache.maven.surefire.booter.ForkedBooter.invokeProviderInSameClassLoader(ForkedBooter.java:384)
	at org.apache.maven.surefire.booter.ForkedBooter.runSuitesInProcess(ForkedBooter.java:345)
	at org.apache.maven.surefire.booter.ForkedBooter.execute(ForkedBooter.java:126)
	at org.apache.maven.surefire.booter.ForkedBooter.main(ForkedBooter.java:418)
</error>
    <system-out><![CDATA[2019-09-17 10:37:36,259 [main] WARN  server.ServerUtils (ServerUtils.java:getScmDbDir(145)) - ozone.scm.db.dirs is not configured. We recommend adding this setting. Falling back to ozone.metadata.dirs instead.
2019-09-17 10:37:36,384 [main] WARN  server.ServerUtils (ServerUtils.java:getScmDbDir(145)) - ozone.scm.db.dirs is not configured. We recommend adding this setting. Falling back to ozone.metadata.dirs instead.
2019-09-17 10:37:36,387 [main] WARN  server.ServerUtils (ServerUtils.java:getScmDbDir(145)) - ozone.scm.db.dirs is not configured. We recommend adding this setting. Falling back to ozone.metadata.dirs instead.
2019-09-17 10:37:36,403 [main] INFO  util.log (Log.java:initialized(192)) - Logging initialized @910ms
2019-09-17 10:37:36,536 [main] INFO  db.DBStoreBuilder (DBStoreBuilder.java:addTable(110)) - using custom profile for table: deletedBlocks
2019-09-17 10:37:36,537 [main] INFO  db.DBStoreBuilder (DBStoreBuilder.java:processTables(161)) - Using default column profile:DBProfile.DISK for Table:deletedBlocks
2019-09-17 10:37:36,537 [main] INFO  db.DBStoreBuilder (DBStoreBuilder.java:addTable(110)) - using custom profile for table: validCerts
2019-09-17 10:37:36,537 [main] INFO  db.DBStoreBuilder (DBStoreBuilder.java:processTables(161)) - Using default column profile:DBProfile.DISK for Table:validCerts
2019-09-17 10:37:36,538 [main] INFO  db.DBStoreBuilder (DBStoreBuilder.java:addTable(110)) - using custom profile for table: revokedCerts
2019-09-17 10:37:36,538 [main] INFO  db.DBStoreBuilder (DBStoreBuilder.java:processTables(161)) - Using default column profile:DBProfile.DISK for Table:revokedCerts
2019-09-17 10:37:36,550 [main] INFO  db.DBStoreBuilder (DBStoreBuilder.java:addTable(110)) - using custom profile for table: default
2019-09-17 10:37:36,551 [main] INFO  db.DBStoreBuilder (DBStoreBuilder.java:processTables(167)) - Using default column profile:DBProfile.DISK for Table:default
2019-09-17 10:37:36,552 [main] INFO  db.DBStoreBuilder (DBStoreBuilder.java:getDbProfile(198)) - Using default options. DBProfile.DISK
2019-09-17 10:37:37,364 [main] INFO  net.NodeSchemaLoader (NodeSchemaLoader.java:loadSchemaFromFile(125)) - Loading file from sun.misc.CompoundEnumeration@77888435
2019-09-17 10:37:37,366 [main] INFO  net.NodeSchemaLoader (NodeSchemaLoader.java:loadSchema(171)) - Loading network topology layer schema file
2019-09-17 10:37:37,439 [main] INFO  node.SCMNodeManager (SCMNodeManager.java:<init>(114)) - Entering startup safe mode.
2019-09-17 10:37:37,524 [main] INFO  algorithms.ContainerPlacementPolicyFactory (ContainerPlacementPolicyFactory.java:getPolicy(57)) - Create container placement policy of type org.apache.hadoop.hdds.scm.container.placement.algorithms.SCMContainerPlacementRandom
2019-09-17 10:37:37,540 [main] WARN  server.ServerUtils (ServerUtils.java:getScmDbDir(145)) - ozone.scm.db.dirs is not configured. We recommend adding this setting. Falling back to ozone.metadata.dirs instead.
2019-09-17 10:37:37,662 [main] INFO  pipeline.SCMPipelineManager (SCMPipelineManager.java:initializePipelineState(128)) - No pipeline exists in current db
2019-09-17 10:37:37,665 [main] WARN  server.ServerUtils (ServerUtils.java:getScmDbDir(145)) - ozone.scm.db.dirs is not configured. We recommend adding this setting. Falling back to ozone.metadata.dirs instead.
2019-09-17 10:37:37,811 [main] INFO  Configuration.deprecation (Configuration.java:logDeprecation(1394)) - No unit for hdds.scm.replication.thread.interval(2000) assuming MILLISECONDS
2019-09-17 10:37:37,846 [main] WARN  events.EventQueue (EventQueue.java:fireEvent(183)) - No event handler registered for event TypedEvent{payloadType=SafeModeStatus, name='SafeModeStatus'}
2019-09-17 10:37:38,216 [main] INFO  ipc.CallQueueManager (CallQueueManager.java:<init>(84)) - Using callQueue: class java.util.concurrent.LinkedBlockingQueue, queueCapacity: 2000, scheduler: class org.apache.hadoop.ipc.DefaultRpcScheduler, ipcBackoff: false.
2019-09-17 10:37:38,244 [Socket Reader #1 for port 37951] INFO  ipc.Server (Server.java:run(1074)) - Starting Socket Reader #1 for port 37951
2019-09-17 10:37:38,419 [main] INFO  ipc.CallQueueManager (CallQueueManager.java:<init>(84)) - Using callQueue: class java.util.concurrent.LinkedBlockingQueue, queueCapacity: 2000, scheduler: class org.apache.hadoop.ipc.DefaultRpcScheduler, ipcBackoff: false.
2019-09-17 10:37:38,421 [Socket Reader #1 for port 41185] INFO  ipc.Server (Server.java:run(1074)) - Starting Socket Reader #1 for port 41185
2019-09-17 10:37:38,433 [main] INFO  ipc.CallQueueManager (CallQueueManager.java:<init>(84)) - Using callQueue: class java.util.concurrent.LinkedBlockingQueue, queueCapacity: 2000, scheduler: class org.apache.hadoop.ipc.DefaultRpcScheduler, ipcBackoff: false.
2019-09-17 10:37:38,434 [Socket Reader #1 for port 38212] INFO  ipc.Server (Server.java:run(1074)) - Starting Socket Reader #1 for port 38212
2019-09-17 10:37:38,462 [main] INFO  hdfs.DFSUtil (DFSUtil.java:httpServerTemplateForNNAndJN(1641)) - Starting Web-server for scm at: http://0.0.0.0:0
2019-09-17 10:37:38,625 [main] INFO  server.AuthenticationFilter (AuthenticationFilter.java:constructSecretProvider(240)) - Unable to initialize FileSignerSecretProvider, falling back to use random secrets.
2019-09-17 10:37:38,635 [main] WARN  http.HttpRequestLog (HttpRequestLog.java:getRequestLog(97)) - Jetty request log can only be enabled using Log4j
2019-09-17 10:37:38,644 [main] INFO  http.HttpServer2 (HttpServer2.java:addGlobalFilter(975)) - Added global filter 'safety' (class=org.apache.hadoop.http.HttpServer2$QuotingInputFilter)
2019-09-17 10:37:38,647 [main] INFO  http.HttpServer2 (HttpServer2.java:addFilter(948)) - Added filter static_user_filter (class=org.apache.hadoop.http.lib.StaticUserWebFilter$StaticUserFilter) to context scm
2019-09-17 10:37:38,648 [main] INFO  http.HttpServer2 (HttpServer2.java:addFilter(958)) - Added filter static_user_filter (class=org.apache.hadoop.http.lib.StaticUserWebFilter$StaticUserFilter) to context static
2019-09-17 10:37:38,648 [main] INFO  http.HttpServer2 (HttpServer2.java:addFilter(958)) - Added filter static_user_filter (class=org.apache.hadoop.http.lib.StaticUserWebFilter$StaticUserFilter) to context logs
2019-09-17 10:37:38,684 [main] INFO  server.StorageContainerManager (StorageContainerManager.java:start(763)) - StorageContainerLocationProtocol RPC server is listening at /0.0.0.0:38212
2019-09-17 10:37:38,756 [main] WARN  impl.MetricsConfig (MetricsConfig.java:loadFirst(134)) - Cannot locate configuration: tried hadoop-metrics2-storagecontainermanager.properties,hadoop-metrics2.properties
2019-09-17 10:37:38,771 [main] INFO  impl.MetricsSystemImpl (MetricsSystemImpl.java:startTimer(374)) - Scheduled Metric snapshot period at 10 second(s).
2019-09-17 10:37:38,772 [main] INFO  impl.MetricsSystemImpl (MetricsSystemImpl.java:start(191)) - StorageContainerManager metrics system started
2019-09-17 10:37:39,051 [main] INFO  server.SCMClientProtocolServer (SCMClientProtocolServer.java:start(151)) - RPC server for Client  is listening at /0.0.0.0:38212
2019-09-17 10:37:39,052 [IPC Server listener on 38212] INFO  ipc.Server (Server.java:run(1153)) - IPC Server listener on 38212: starting
2019-09-17 10:37:39,052 [IPC Server Responder] INFO  ipc.Server (Server.java:run(1314)) - IPC Server Responder: starting
2019-09-17 10:37:39,055 [main] INFO  server.StorageContainerManager (StorageContainerManager.java:start(773)) - ScmBlockLocationProtocol RPC server is listening at /0.0.0.0:41185
2019-09-17 10:37:39,057 [main] INFO  server.SCMBlockProtocolServer (SCMBlockProtocolServer.java:start(146)) - RPC server for Block Protocol is listening at /0.0.0.0:41185
2019-09-17 10:37:39,057 [IPC Server Responder] INFO  ipc.Server (Server.java:run(1314)) - IPC Server Responder: starting
2019-09-17 10:37:39,057 [IPC Server listener on 41185] INFO  ipc.Server (Server.java:run(1153)) - IPC Server listener on 41185: starting
2019-09-17 10:37:39,059 [main] INFO  server.StorageContainerManager (StorageContainerManager.java:start(777)) - ScmDatanodeProtocl RPC server is listening at /0.0.0.0:37951
2019-09-17 10:37:39,060 [main] INFO  server.SCMDatanodeProtocolServer (SCMDatanodeProtocolServer.java:start(191)) - RPC server for DataNodes is listening at /0.0.0.0:37951
2019-09-17 10:37:39,060 [IPC Server Responder] INFO  ipc.Server (Server.java:run(1314)) - IPC Server Responder: starting
2019-09-17 10:37:39,060 [IPC Server listener on 37951] INFO  ipc.Server (Server.java:run(1153)) - IPC Server listener on 37951: starting
2019-09-17 10:37:39,064 [main] INFO  http.HttpServer2 (HttpServer2.java:bindListener(1191)) - Jetty bound to port 39900
2019-09-17 10:37:39,066 [main] INFO  server.Server (Server.java:doStart(351)) - jetty-9.3.24.v20180605, build timestamp: 2018-06-05T17:11:56Z, git hash: 84205aa28f11a4f31f2a3b86d1bba2cc8ab69827
2019-09-17 10:37:39,105 [main] INFO  handler.ContextHandler (ContextHandler.java:doStart(781)) - Started o.e.j.s.ServletContextHandler@6622fc65{/logs,file:///tmp/workdir/hadoop-ozone/integration-test/target/log,AVAILABLE}
2019-09-17 10:37:39,106 [main] INFO  handler.ContextHandler (ContextHandler.java:doStart(781)) - Started o.e.j.s.ServletContextHandler@23fb172e{/static,file:///tmp/workdir/hadoop-ozone/integration-test/target/test-classes/webapps/static,AVAILABLE}
2019-09-17 10:37:39,140 [main] INFO  handler.ContextHandler (ContextHandler.java:doStart(781)) - Started o.e.j.w.WebAppContext@3591009c{/,file:///tmp/workdir/hadoop-ozone/integration-test/target/test-classes/webapps/scm/,AVAILABLE}{/scm}
2019-09-17 10:37:39,146 [main] INFO  server.AbstractConnector (AbstractConnector.java:doStart(278)) - Started ServerConnector@2de366bb{HTTP/1.1,[http/1.1]}{0.0.0.0:39900}
2019-09-17 10:37:39,147 [main] INFO  server.Server (Server.java:doStart(419)) - Started @3654ms
2019-09-17 10:37:39,149 [main] INFO  impl.MetricsSinkAdapter (MetricsSinkAdapter.java:start(204)) - Sink prometheus started
2019-09-17 10:37:39,149 [main] INFO  impl.MetricsSystemImpl (MetricsSystemImpl.java:registerSink(301)) - Registered sink prometheus
2019-09-17 10:37:39,151 [main] INFO  server.BaseHttpServer (BaseHttpServer.java:updateConnectorAddress(215)) - HTTP server of SCM is listening at http://0.0.0.0:39900
2019-09-17 10:37:39,158 [org.apache.hadoop.util.JvmPauseMonitor$Monitor@64f857e7] INFO  util.JvmPauseMonitor (JvmPauseMonitor.java:run(188)) - Starting JVM pause monitor
2019-09-17 10:37:39,164 [main] WARN  server.ServerUtils (ServerUtils.java:getDBPath(222)) - ozone.om.db.dirs is not configured. We recommend adding this setting. Falling back to ozone.metadata.dirs instead.
2019-09-17 10:37:39,313 [main] WARN  server.ServerUtils (ServerUtils.java:getDBPath(222)) - ozone.om.db.dirs is not configured. We recommend adding this setting. Falling back to ozone.metadata.dirs instead.
2019-09-17 10:37:39,314 [main] WARN  server.ServerUtils (ServerUtils.java:getDBPath(222)) - ozone.om.db.dirs is not configured. We recommend adding this setting. Falling back to ozone.metadata.dirs instead.
2019-09-17 10:37:39,315 [main] INFO  om.OzoneManager (OzoneManager.java:setOMNodeDetails(649)) - OM Service ID is not set. Setting it to the default ID: omServiceIdDefault
2019-09-17 10:37:39,315 [main] INFO  om.OzoneManager (OzoneManager.java:setOMNodeDetails(655)) - OM Node ID is not set. Setting it to the OmStorage's OmID: e0a39003-d73e-4471-a098-ad1af0f4bfd3
2019-09-17 10:37:39,316 [main] INFO  om.OzoneManager (OzoneManager.java:loadOMHAConfigs(606)) - Found matching OM address with OMServiceId: null, OMNodeId: null, RPC Address: localhost:0 and Ratis port: 9872
2019-09-17 10:37:40,029 [main] WARN  server.ServerUtils (ServerUtils.java:getDBPath(222)) - ozone.om.db.dirs is not configured. We recommend adding this setting. Falling back to ozone.metadata.dirs instead.
2019-09-17 10:37:40,036 [main] INFO  db.DBStoreBuilder (DBStoreBuilder.java:addTable(110)) - using custom profile for table: userTable
2019-09-17 10:37:40,036 [main] INFO  db.DBStoreBuilder (DBStoreBuilder.java:processTables(161)) - Using default column profile:DBProfile.DISK for Table:userTable
2019-09-17 10:37:40,037 [main] INFO  db.DBStoreBuilder (DBStoreBuilder.java:addTable(110)) - using custom profile for table: volumeTable
2019-09-17 10:37:40,037 [main] INFO  db.DBStoreBuilder (DBStoreBuilder.java:processTables(161)) - Using default column profile:DBProfile.DISK for Table:volumeTable
2019-09-17 10:37:40,037 [main] INFO  db.DBStoreBuilder (DBStoreBuilder.java:addTable(110)) - using custom profile for table: bucketTable
2019-09-17 10:37:40,037 [main] INFO  db.DBStoreBuilder (DBStoreBuilder.java:processTables(161)) - Using default column profile:DBProfile.DISK for Table:bucketTable
2019-09-17 10:37:40,038 [main] INFO  db.DBStoreBuilder (DBStoreBuilder.java:addTable(110)) - using custom profile for table: keyTable
2019-09-17 10:37:40,038 [main] INFO  db.DBStoreBuilder (DBStoreBuilder.java:processTables(161)) - Using default column profile:DBProfile.DISK for Table:keyTable
2019-09-17 10:37:40,038 [main] INFO  db.DBStoreBuilder (DBStoreBuilder.java:addTable(110)) - using custom profile for table: deletedTable
2019-09-17 10:37:40,038 [main] INFO  db.DBStoreBuilder (DBStoreBuilder.java:processTables(161)) - Using default column profile:DBProfile.DISK for Table:deletedTable
2019-09-17 10:37:40,039 [main] INFO  db.DBStoreBuilder (DBStoreBuilder.java:addTable(110)) - using custom profile for table: openKeyTable
2019-09-17 10:37:40,039 [main] INFO  db.DBStoreBuilder (DBStoreBuilder.java:processTables(161)) - Using default column profile:DBProfile.DISK for Table:openKeyTable
2019-09-17 10:37:40,039 [main] INFO  db.DBStoreBuilder (DBStoreBuilder.java:addTable(110)) - using custom profile for table: s3Table
2019-09-17 10:37:40,039 [main] INFO  db.DBStoreBuilder (DBStoreBuilder.java:processTables(161)) - Using default column profile:DBProfile.DISK for Table:s3Table
2019-09-17 10:37:40,039 [main] INFO  db.DBStoreBuilder (DBStoreBuilder.java:addTable(110)) - using custom profile for table: multipartInfoTable
2019-09-17 10:37:40,040 [main] INFO  db.DBStoreBuilder (DBStoreBuilder.java:processTables(161)) - Using default column profile:DBProfile.DISK for Table:multipartInfoTable
2019-09-17 10:37:40,040 [main] INFO  db.DBStoreBuilder (DBStoreBuilder.java:addTable(110)) - using custom profile for table: dTokenTable
2019-09-17 10:37:40,040 [main] INFO  db.DBStoreBuilder (DBStoreBuilder.java:processTables(161)) - Using default column profile:DBProfile.DISK for Table:dTokenTable
2019-09-17 10:37:40,041 [main] INFO  db.DBStoreBuilder (DBStoreBuilder.java:addTable(110)) - using custom profile for table: s3SecretTable
2019-09-17 10:37:40,041 [main] INFO  db.DBStoreBuilder (DBStoreBuilder.java:processTables(161)) - Using default column profile:DBProfile.DISK for Table:s3SecretTable
2019-09-17 10:37:40,041 [main] INFO  db.DBStoreBuilder (DBStoreBuilder.java:addTable(110)) - using custom profile for table: prefixTable
2019-09-17 10:37:40,041 [main] INFO  db.DBStoreBuilder (DBStoreBuilder.java:processTables(161)) - Using default column profile:DBProfile.DISK for Table:prefixTable
2019-09-17 10:37:40,041 [main] INFO  db.DBStoreBuilder (DBStoreBuilder.java:addTable(110)) - using custom profile for table: default
2019-09-17 10:37:40,042 [main] INFO  db.DBStoreBuilder (DBStoreBuilder.java:processTables(167)) - Using default column profile:DBProfile.DISK for Table:default
2019-09-17 10:37:40,042 [main] INFO  db.DBStoreBuilder (DBStoreBuilder.java:getDbProfile(198)) - Using default options. DBProfile.DISK
2019-09-17 10:37:41,222 [main] INFO  ipc.CallQueueManager (CallQueueManager.java:<init>(84)) - Using callQueue: class java.util.concurrent.LinkedBlockingQueue, queueCapacity: 2000, scheduler: class org.apache.hadoop.ipc.DefaultRpcScheduler, ipcBackoff: false.
2019-09-17 10:37:41,224 [Socket Reader #1 for port 40181] INFO  ipc.Server (Server.java:run(1074)) - Starting Socket Reader #1 for port 40181
2019-09-17 10:37:41,249 [main] INFO  om.OzoneManager (OzoneManager.java:start(1240)) - OzoneManager RPC server is listening at localhost/127.0.0.1:40181
2019-09-17 10:37:41,250 [main] INFO  impl.MetricsSystemImpl (MetricsSystemImpl.java:init(158)) - OzoneManager metrics system started (again)
2019-09-17 10:37:41,251 [IPC Server Responder] INFO  ipc.Server (Server.java:run(1314)) - IPC Server Responder: starting
2019-09-17 10:37:41,251 [IPC Server listener on 40181] INFO  ipc.Server (Server.java:run(1153)) - IPC Server listener on 40181: starting
2019-09-17 10:37:41,257 [main] INFO  hdfs.DFSUtil (DFSUtil.java:httpServerTemplateForNNAndJN(1641)) - Starting Web-server for ozoneManager at: http://0.0.0.0:0
2019-09-17 10:37:41,260 [main] INFO  server.AuthenticationFilter (AuthenticationFilter.java:constructSecretProvider(240)) - Unable to initialize FileSignerSecretProvider, falling back to use random secrets.
2019-09-17 10:37:41,261 [main] WARN  http.HttpRequestLog (HttpRequestLog.java:getRequestLog(97)) - Jetty request log can only be enabled using Log4j
2019-09-17 10:37:41,265 [main] INFO  http.HttpServer2 (HttpServer2.java:addGlobalFilter(975)) - Added global filter 'safety' (class=org.apache.hadoop.http.HttpServer2$QuotingInputFilter)
2019-09-17 10:37:41,267 [main] INFO  http.HttpServer2 (HttpServer2.java:addFilter(948)) - Added filter static_user_filter (class=org.apache.hadoop.http.lib.StaticUserWebFilter$StaticUserFilter) to context ozoneManager
2019-09-17 10:37:41,267 [main] INFO  http.HttpServer2 (HttpServer2.java:addFilter(958)) - Added filter static_user_filter (class=org.apache.hadoop.http.lib.StaticUserWebFilter$StaticUserFilter) to context static
2019-09-17 10:37:41,267 [main] INFO  http.HttpServer2 (HttpServer2.java:addFilter(958)) - Added filter static_user_filter (class=org.apache.hadoop.http.lib.StaticUserWebFilter$StaticUserFilter) to context logs
2019-09-17 10:37:41,271 [main] INFO  http.HttpServer2 (HttpServer2.java:bindListener(1191)) - Jetty bound to port 35358
2019-09-17 10:37:41,272 [main] INFO  server.Server (Server.java:doStart(351)) - jetty-9.3.24.v20180605, build timestamp: 2018-06-05T17:11:56Z, git hash: 84205aa28f11a4f31f2a3b86d1bba2cc8ab69827
2019-09-17 10:37:41,275 [main] INFO  handler.ContextHandler (ContextHandler.java:doStart(781)) - Started o.e.j.s.ServletContextHandler@2571066a{/logs,file:///tmp/workdir/hadoop-ozone/integration-test/target/log,AVAILABLE}
2019-09-17 10:37:41,276 [main] INFO  handler.ContextHandler (ContextHandler.java:doStart(781)) - Started o.e.j.s.ServletContextHandler@4fe875be{/static,file:///tmp/workdir/hadoop-ozone/integration-test/target/test-classes/webapps/static,AVAILABLE}
2019-09-17 10:37:41,285 [main] INFO  handler.ContextHandler (ContextHandler.java:doStart(781)) - Started o.e.j.w.WebAppContext@773c0293{/,file:///tmp/workdir/hadoop-ozone/integration-test/target/test-classes/webapps/ozoneManager/,AVAILABLE}{/ozoneManager}
2019-09-17 10:37:41,286 [main] INFO  server.AbstractConnector (AbstractConnector.java:doStart(278)) - Started ServerConnector@55b8dbda{HTTP/1.1,[http/1.1]}{0.0.0.0:35358}
2019-09-17 10:37:41,287 [main] INFO  server.Server (Server.java:doStart(419)) - Started @5794ms
2019-09-17 10:37:41,288 [main] WARN  impl.MetricsSystemImpl (MetricsSystemImpl.java:register(276)) - Sink prometheus already exists!
2019-09-17 10:37:41,289 [main] INFO  server.BaseHttpServer (BaseHttpServer.java:updateConnectorAddress(215)) - HTTP server of OZONEMANAGER is listening at http://0.0.0.0:35358
2019-09-17 10:37:41,697 [main] INFO  impl.MetricsSystemImpl (MetricsSystemImpl.java:init(158)) - HddsDatanode metrics system started (again)
2019-09-17 10:37:41,766 [main] INFO  ozone.HddsDatanodeService (HddsDatanodeService.java:start(184)) - HddsDatanodeService host:pr-hdds-2137-trunk-mnh2s-3748177197 ip:192.168.5.153
2019-09-17 10:37:41,801 [main] INFO  volume.HddsVolume (HddsVolume.java:<init>(176)) - Creating Volume: /tmp/workdir/hadoop-ozone/integration-test/target/test-dir/MiniOzoneClusterImpl-39c25fbc-a3b4-482d-abe1-1e0ff40fa0d6/datanode-0/data/containers/hdds of  storage type : DISK and capacity : 1482555576320
2019-09-17 10:37:41,803 [main] INFO  volume.VolumeSet (VolumeSet.java:initializeVolumeSet(170)) - Added Volume : /tmp/workdir/hadoop-ozone/integration-test/target/test-dir/MiniOzoneClusterImpl-39c25fbc-a3b4-482d-abe1-1e0ff40fa0d6/datanode-0/data/containers/hdds to VolumeSet
2019-09-17 10:37:41,807 [main] INFO  volume.ThrottledAsyncChecker (ThrottledAsyncChecker.java:schedule(139)) - Scheduling a check for org.apache.hadoop.ozone.container.common.volume.HddsVolume@5c82cd4f
2019-09-17 10:37:41,825 [main] INFO  volume.HddsVolumeChecker (HddsVolumeChecker.java:checkAllVolumes(202)) - Scheduled health check for volume org.apache.hadoop.ozone.container.common.volume.HddsVolume@5c82cd4f
2019-09-17 10:37:41,944 [main] INFO  impl.RaftServerProxy (ConfUtils.java:logGet(43)) - raft.rpc.type = GRPC (default)
2019-09-17 10:37:42,015 [main] INFO  grpc.GrpcFactory (GrpcFactory.java:checkPooledByteBufAllocatorUseCacheForAllThreads(45)) - PERFORMANCE WARNING: useCacheForAllThreads is true that may cause Netty to create a lot garbage objects and, as a result, trigger GC.
	It is recommended to disable useCacheForAllThreads by setting -Dorg.apache.ratis.thirdparty.io.netty.allocator.useCacheForAllThreads=false in command line.
2019-09-17 10:37:42,023 [main] INFO  grpc.GrpcConfigKeys$Server (ConfUtils.java:logGet(43)) - raft.grpc.server.port = 0 (default)
2019-09-17 10:37:42,024 [main] INFO  server.GrpcService (ConfUtils.java:logGet(43)) - raft.grpc.message.size.max = 33570816 (custom)
2019-09-17 10:37:42,026 [main] INFO  server.RaftServerConfigKeys (ConfUtils.java:logGet(43)) - raft.server.log.appender.buffer.byte-limit = 33554432 (custom)
2019-09-17 10:37:42,027 [main] INFO  server.GrpcService (ConfUtils.java:logGet(43)) - raft.grpc.flow.control.window = 1MB (=1048576) (default)
2019-09-17 10:37:42,028 [main] INFO  server.RaftServerConfigKeys (ConfUtils.java:logGet(43)) - raft.server.rpc.request.timeout = 3000ms (default)
2019-09-17 10:37:42,196 [main] INFO  server.RaftServerConfigKeys (ConfUtils.java:logGet(43)) - raft.server.storage.dir = [/tmp/workdir/hadoop-ozone/integration-test/target/test-dir/MiniOzoneClusterImpl-39c25fbc-a3b4-482d-abe1-1e0ff40fa0d6/datanode-0/data/ratis] (custom)
2019-09-17 10:37:42,249 [main] INFO  hdfs.DFSUtil (DFSUtil.java:httpServerTemplateForNNAndJN(1641)) - Starting Web-server for hddsDatanode at: http://0.0.0.0:0
2019-09-17 10:37:42,253 [main] INFO  server.AuthenticationFilter (AuthenticationFilter.java:constructSecretProvider(240)) - Unable to initialize FileSignerSecretProvider, falling back to use random secrets.
2019-09-17 10:37:42,254 [main] WARN  http.HttpRequestLog (HttpRequestLog.java:getRequestLog(97)) - Jetty request log can only be enabled using Log4j
2019-09-17 10:37:42,257 [main] INFO  http.HttpServer2 (HttpServer2.java:addGlobalFilter(975)) - Added global filter 'safety' (class=org.apache.hadoop.http.HttpServer2$QuotingInputFilter)
2019-09-17 10:37:42,258 [main] INFO  http.HttpServer2 (HttpServer2.java:addFilter(948)) - Added filter static_user_filter (class=org.apache.hadoop.http.lib.StaticUserWebFilter$StaticUserFilter) to context hddsDatanode
2019-09-17 10:37:42,259 [main] INFO  http.HttpServer2 (HttpServer2.java:addFilter(958)) - Added filter static_user_filter (class=org.apache.hadoop.http.lib.StaticUserWebFilter$StaticUserFilter) to context static
2019-09-17 10:37:42,259 [main] INFO  http.HttpServer2 (HttpServer2.java:addFilter(958)) - Added filter static_user_filter (class=org.apache.hadoop.http.lib.StaticUserWebFilter$StaticUserFilter) to context logs
2019-09-17 10:37:42,261 [main] INFO  http.HttpServer2 (HttpServer2.java:bindListener(1191)) - Jetty bound to port 37094
2019-09-17 10:37:42,262 [main] INFO  server.Server (Server.java:doStart(351)) - jetty-9.3.24.v20180605, build timestamp: 2018-06-05T17:11:56Z, git hash: 84205aa28f11a4f31f2a3b86d1bba2cc8ab69827
2019-09-17 10:37:42,265 [main] INFO  handler.ContextHandler (ContextHandler.java:doStart(781)) - Started o.e.j.s.ServletContextHandler@4fc3c165{/logs,file:///tmp/workdir/hadoop-ozone/integration-test/target/log,AVAILABLE}
2019-09-17 10:37:42,266 [main] INFO  handler.ContextHandler (ContextHandler.java:doStart(781)) - Started o.e.j.s.ServletContextHandler@7b6860f9{/static,jar:file:/home/user/.m2/repository/org/apache/hadoop/hadoop-hdds-container-service/0.5.0-SNAPSHOT/hadoop-hdds-container-service-0.5.0-SNAPSHOT.jar!/webapps/static,AVAILABLE}
2019-09-17 10:37:42,312 [main] INFO  handler.ContextHandler (ContextHandler.java:doStart(781)) - Started o.e.j.w.WebAppContext@26c47874{/,file:///tmp/jetty-0.0.0.0-37094-hddsDatanode-_-any-404410196689411341.dir/webapp/,AVAILABLE}{/hddsDatanode}
2019-09-17 10:37:42,313 [main] INFO  server.AbstractConnector (AbstractConnector.java:doStart(278)) - Started ServerConnector@421056e5{HTTP/1.1,[http/1.1]}{0.0.0.0:37094}
2019-09-17 10:37:42,314 [main] INFO  server.Server (Server.java:doStart(419)) - Started @6821ms
2019-09-17 10:37:42,315 [main] WARN  impl.MetricsSystemImpl (MetricsSystemImpl.java:register(276)) - Sink prometheus already exists!
2019-09-17 10:37:42,316 [main] INFO  server.BaseHttpServer (BaseHttpServer.java:updateConnectorAddress(215)) - HTTP server of HDDSDATANODE is listening at http://0.0.0.0:37094
2019-09-17 10:37:42,317 [main] INFO  impl.MetricsSystemImpl (MetricsSystemImpl.java:init(158)) - HddsDatanode metrics system started (again)
2019-09-17 10:37:42,322 [main] INFO  ozone.HddsDatanodeService (HddsDatanodeService.java:start(184)) - HddsDatanodeService host:pr-hdds-2137-trunk-mnh2s-3748177197 ip:192.168.5.153
2019-09-17 10:37:42,322 [org.apache.hadoop.util.JvmPauseMonitor$Monitor@3882d4f6] INFO  util.JvmPauseMonitor (JvmPauseMonitor.java:run(188)) - Starting JVM pause monitor
2019-09-17 10:37:42,332 [main] INFO  volume.HddsVolume (HddsVolume.java:<init>(176)) - Creating Volume: /tmp/workdir/hadoop-ozone/integration-test/target/test-dir/MiniOzoneClusterImpl-39c25fbc-a3b4-482d-abe1-1e0ff40fa0d6/datanode-1/data/containers/hdds of  storage type : DISK and capacity : 1482555576320
2019-09-17 10:37:42,333 [main] INFO  volume.VolumeSet (VolumeSet.java:initializeVolumeSet(170)) - Added Volume : /tmp/workdir/hadoop-ozone/integration-test/target/test-dir/MiniOzoneClusterImpl-39c25fbc-a3b4-482d-abe1-1e0ff40fa0d6/datanode-1/data/containers/hdds to VolumeSet
2019-09-17 10:37:42,333 [main] INFO  volume.ThrottledAsyncChecker (ThrottledAsyncChecker.java:schedule(139)) - Scheduling a check for org.apache.hadoop.ozone.container.common.volume.HddsVolume@80bfdc6
2019-09-17 10:37:42,334 [main] INFO  volume.HddsVolumeChecker (HddsVolumeChecker.java:checkAllVolumes(202)) - Scheduled health check for volume org.apache.hadoop.ozone.container.common.volume.HddsVolume@80bfdc6
2019-09-17 10:37:42,353 [main] INFO  impl.RaftServerProxy (ConfUtils.java:logGet(43)) - raft.rpc.type = GRPC (default)
2019-09-17 10:37:42,354 [main] INFO  grpc.GrpcFactory (GrpcFactory.java:checkPooledByteBufAllocatorUseCacheForAllThreads(45)) - PERFORMANCE WARNING: useCacheForAllThreads is true that may cause Netty to create a lot garbage objects and, as a result, trigger GC.
	It is recommended to disable useCacheForAllThreads by setting -Dorg.apache.ratis.thirdparty.io.netty.allocator.useCacheForAllThreads=false in command line.
2019-09-17 10:37:42,354 [main] INFO  grpc.GrpcConfigKeys$Server (ConfUtils.java:logGet(43)) - raft.grpc.server.port = 0 (default)
2019-09-17 10:37:42,354 [main] INFO  server.GrpcService (ConfUtils.java:logGet(43)) - raft.grpc.message.size.max = 33570816 (custom)
2019-09-17 10:37:42,355 [main] INFO  server.RaftServerConfigKeys (ConfUtils.java:logGet(43)) - raft.server.log.appender.buffer.byte-limit = 33554432 (custom)
2019-09-17 10:37:42,355 [main] INFO  server.GrpcService (ConfUtils.java:logGet(43)) - raft.grpc.flow.control.window = 1MB (=1048576) (default)
2019-09-17 10:37:42,356 [main] INFO  server.RaftServerConfigKeys (ConfUtils.java:logGet(43)) - raft.server.rpc.request.timeout = 3000ms (default)
2019-09-17 10:37:42,356 [main] INFO  server.RaftServerConfigKeys (ConfUtils.java:logGet(43)) - raft.server.storage.dir = [/tmp/workdir/hadoop-ozone/integration-test/target/test-dir/MiniOzoneClusterImpl-39c25fbc-a3b4-482d-abe1-1e0ff40fa0d6/datanode-1/data/ratis] (custom)
2019-09-17 10:37:42,358 [main] INFO  hdfs.DFSUtil (DFSUtil.java:httpServerTemplateForNNAndJN(1641)) - Starting Web-server for hddsDatanode at: http://0.0.0.0:0
2019-09-17 10:37:42,360 [main] INFO  server.AuthenticationFilter (AuthenticationFilter.java:constructSecretProvider(240)) - Unable to initialize FileSignerSecretProvider, falling back to use random secrets.
2019-09-17 10:37:42,362 [main] WARN  http.HttpRequestLog (HttpRequestLog.java:getRequestLog(97)) - Jetty request log can only be enabled using Log4j
2019-09-17 10:37:42,364 [main] INFO  http.HttpServer2 (HttpServer2.java:addGlobalFilter(975)) - Added global filter 'safety' (class=org.apache.hadoop.http.HttpServer2$QuotingInputFilter)
2019-09-17 10:37:42,364 [main] INFO  http.HttpServer2 (HttpServer2.java:addFilter(948)) - Added filter static_user_filter (class=org.apache.hadoop.http.lib.StaticUserWebFilter$StaticUserFilter) to context hddsDatanode
2019-09-17 10:37:42,365 [main] INFO  http.HttpServer2 (HttpServer2.java:addFilter(958)) - Added filter static_user_filter (class=org.apache.hadoop.http.lib.StaticUserWebFilter$StaticUserFilter) to context logs
2019-09-17 10:37:42,365 [main] INFO  http.HttpServer2 (HttpServer2.java:addFilter(958)) - Added filter static_user_filter (class=org.apache.hadoop.http.lib.StaticUserWebFilter$StaticUserFilter) to context static
2019-09-17 10:37:42,366 [main] INFO  http.HttpServer2 (HttpServer2.java:bindListener(1191)) - Jetty bound to port 40082
2019-09-17 10:37:42,366 [main] INFO  server.Server (Server.java:doStart(351)) - jetty-9.3.24.v20180605, build timestamp: 2018-06-05T17:11:56Z, git hash: 84205aa28f11a4f31f2a3b86d1bba2cc8ab69827
2019-09-17 10:37:42,370 [main] INFO  handler.ContextHandler (ContextHandler.java:doStart(781)) - Started o.e.j.s.ServletContextHandler@78054f54{/logs,file:///tmp/workdir/hadoop-ozone/integration-test/target/log,AVAILABLE}
2019-09-17 10:37:42,371 [main] INFO  handler.ContextHandler (ContextHandler.java:doStart(781)) - Started o.e.j.s.ServletContextHandler@3dffc764{/static,jar:file:/home/user/.m2/repository/org/apache/hadoop/hadoop-hdds-container-service/0.5.0-SNAPSHOT/hadoop-hdds-container-service-0.5.0-SNAPSHOT.jar!/webapps/static,AVAILABLE}
2019-09-17 10:37:42,408 [main] INFO  handler.ContextHandler (ContextHandler.java:doStart(781)) - Started o.e.j.w.WebAppContext@3c87e6b7{/,file:///tmp/jetty-0.0.0.0-40082-hddsDatanode-_-any-6880762406778912889.dir/webapp/,AVAILABLE}{/hddsDatanode}
2019-09-17 10:37:42,409 [main] INFO  server.AbstractConnector (AbstractConnector.java:doStart(278)) - Started ServerConnector@77bbadc{HTTP/1.1,[http/1.1]}{0.0.0.0:40082}
2019-09-17 10:37:42,410 [main] INFO  server.Server (Server.java:doStart(419)) - Started @6917ms
2019-09-17 10:37:42,411 [main] WARN  impl.MetricsSystemImpl (MetricsSystemImpl.java:register(276)) - Sink prometheus already exists!
2019-09-17 10:37:42,412 [main] INFO  server.BaseHttpServer (BaseHttpServer.java:updateConnectorAddress(215)) - HTTP server of HDDSDATANODE is listening at http://0.0.0.0:40082
2019-09-17 10:37:42,412 [main] INFO  impl.MetricsSystemImpl (MetricsSystemImpl.java:init(158)) - HddsDatanode metrics system started (again)
2019-09-17 10:37:42,415 [main] INFO  ozone.HddsDatanodeService (HddsDatanodeService.java:start(184)) - HddsDatanodeService host:pr-hdds-2137-trunk-mnh2s-3748177197 ip:192.168.5.153
2019-09-17 10:37:42,415 [org.apache.hadoop.util.JvmPauseMonitor$Monitor@46ade7ce] INFO  util.JvmPauseMonitor (JvmPauseMonitor.java:run(188)) - Starting JVM pause monitor
2019-09-17 10:37:42,425 [main] INFO  volume.HddsVolume (HddsVolume.java:<init>(176)) - Creating Volume: /tmp/workdir/hadoop-ozone/integration-test/target/test-dir/MiniOzoneClusterImpl-39c25fbc-a3b4-482d-abe1-1e0ff40fa0d6/datanode-2/data/containers/hdds of  storage type : DISK and capacity : 1482555576320
2019-09-17 10:37:42,425 [main] INFO  volume.VolumeSet (VolumeSet.java:initializeVolumeSet(170)) - Added Volume : /tmp/workdir/hadoop-ozone/integration-test/target/test-dir/MiniOzoneClusterImpl-39c25fbc-a3b4-482d-abe1-1e0ff40fa0d6/datanode-2/data/containers/hdds to VolumeSet
2019-09-17 10:37:42,425 [main] INFO  volume.ThrottledAsyncChecker (ThrottledAsyncChecker.java:schedule(139)) - Scheduling a check for org.apache.hadoop.ozone.container.common.volume.HddsVolume@53e800f9
2019-09-17 10:37:42,426 [main] INFO  volume.HddsVolumeChecker (HddsVolumeChecker.java:checkAllVolumes(202)) - Scheduled health check for volume org.apache.hadoop.ozone.container.common.volume.HddsVolume@53e800f9
2019-09-17 10:37:42,444 [main] INFO  impl.RaftServerProxy (ConfUtils.java:logGet(43)) - raft.rpc.type = GRPC (default)
2019-09-17 10:37:42,444 [main] INFO  grpc.GrpcFactory (GrpcFactory.java:checkPooledByteBufAllocatorUseCacheForAllThreads(45)) - PERFORMANCE WARNING: useCacheForAllThreads is true that may cause Netty to create a lot garbage objects and, as a result, trigger GC.
	It is recommended to disable useCacheForAllThreads by setting -Dorg.apache.ratis.thirdparty.io.netty.allocator.useCacheForAllThreads=false in command line.
2019-09-17 10:37:42,444 [main] INFO  grpc.GrpcConfigKeys$Server (ConfUtils.java:logGet(43)) - raft.grpc.server.port = 0 (default)
2019-09-17 10:37:42,445 [main] INFO  server.GrpcService (ConfUtils.java:logGet(43)) - raft.grpc.message.size.max = 33570816 (custom)
2019-09-17 10:37:42,445 [main] INFO  server.RaftServerConfigKeys (ConfUtils.java:logGet(43)) - raft.server.log.appender.buffer.byte-limit = 33554432 (custom)
2019-09-17 10:37:42,445 [main] INFO  server.GrpcService (ConfUtils.java:logGet(43)) - raft.grpc.flow.control.window = 1MB (=1048576) (default)
2019-09-17 10:37:42,445 [main] INFO  server.RaftServerConfigKeys (ConfUtils.java:logGet(43)) - raft.server.rpc.request.timeout = 3000ms (default)
2019-09-17 10:37:42,446 [main] INFO  server.RaftServerConfigKeys (ConfUtils.java:logGet(43)) - raft.server.storage.dir = [/tmp/workdir/hadoop-ozone/integration-test/target/test-dir/MiniOzoneClusterImpl-39c25fbc-a3b4-482d-abe1-1e0ff40fa0d6/datanode-2/data/ratis] (custom)
2019-09-17 10:37:42,448 [main] INFO  hdfs.DFSUtil (DFSUtil.java:httpServerTemplateForNNAndJN(1641)) - Starting Web-server for hddsDatanode at: http://0.0.0.0:0
2019-09-17 10:37:42,450 [main] INFO  server.AuthenticationFilter (AuthenticationFilter.java:constructSecretProvider(240)) - Unable to initialize FileSignerSecretProvider, falling back to use random secrets.
2019-09-17 10:37:42,450 [main] WARN  http.HttpRequestLog (HttpRequestLog.java:getRequestLog(97)) - Jetty request log can only be enabled using Log4j
2019-09-17 10:37:42,451 [main] INFO  http.HttpServer2 (HttpServer2.java:addGlobalFilter(975)) - Added global filter 'safety' (class=org.apache.hadoop.http.HttpServer2$QuotingInputFilter)
2019-09-17 10:37:42,452 [main] INFO  http.HttpServer2 (HttpServer2.java:addFilter(948)) - Added filter static_user_filter (class=org.apache.hadoop.http.lib.StaticUserWebFilter$StaticUserFilter) to context hddsDatanode
2019-09-17 10:37:42,452 [main] INFO  http.HttpServer2 (HttpServer2.java:addFilter(958)) - Added filter static_user_filter (class=org.apache.hadoop.http.lib.StaticUserWebFilter$StaticUserFilter) to context logs
2019-09-17 10:37:42,452 [main] INFO  http.HttpServer2 (HttpServer2.java:addFilter(958)) - Added filter static_user_filter (class=org.apache.hadoop.http.lib.StaticUserWebFilter$StaticUserFilter) to context static
2019-09-17 10:37:42,453 [main] INFO  http.HttpServer2 (HttpServer2.java:bindListener(1191)) - Jetty bound to port 41286
2019-09-17 10:37:42,453 [main] INFO  server.Server (Server.java:doStart(351)) - jetty-9.3.24.v20180605, build timestamp: 2018-06-05T17:11:56Z, git hash: 84205aa28f11a4f31f2a3b86d1bba2cc8ab69827
2019-09-17 10:37:42,455 [main] INFO  handler.ContextHandler (ContextHandler.java:doStart(781)) - Started o.e.j.s.ServletContextHandler@522bf64e{/logs,file:///tmp/workdir/hadoop-ozone/integration-test/target/log,AVAILABLE}
2019-09-17 10:37:42,457 [main] INFO  handler.ContextHandler (ContextHandler.java:doStart(781)) - Started o.e.j.s.ServletContextHandler@5f0f9947{/static,jar:file:/home/user/.m2/repository/org/apache/hadoop/hadoop-hdds-container-service/0.5.0-SNAPSHOT/hadoop-hdds-container-service-0.5.0-SNAPSHOT.jar!/webapps/static,AVAILABLE}
2019-09-17 10:37:42,465 [Datanode State Machine Thread - 0] INFO  datanode.InitDatanodeState (InitDatanodeState.java:persistContainerDatanodeDetails(140)) - DatanodeDetails is persisted to /tmp/workdir/hadoop-ozone/integration-test/target/test-dir/MiniOzoneClusterImpl-39c25fbc-a3b4-482d-abe1-1e0ff40fa0d6/datanode-0/meta/datanode.id
2019-09-17 10:37:42,470 [Datanode State Machine Thread - 0] INFO  datanode.InitDatanodeState (InitDatanodeState.java:persistContainerDatanodeDetails(140)) - DatanodeDetails is persisted to /tmp/workdir/hadoop-ozone/integration-test/target/test-dir/MiniOzoneClusterImpl-39c25fbc-a3b4-482d-abe1-1e0ff40fa0d6/datanode-1/meta/datanode.id
2019-09-17 10:37:42,490 [main] INFO  handler.ContextHandler (ContextHandler.java:doStart(781)) - Started o.e.j.w.WebAppContext@6dcc40f5{/,file:///tmp/jetty-0.0.0.0-41286-hddsDatanode-_-any-504802107087251838.dir/webapp/,AVAILABLE}{/hddsDatanode}
2019-09-17 10:37:42,490 [main] INFO  server.AbstractConnector (AbstractConnector.java:doStart(278)) - Started ServerConnector@2b680207{HTTP/1.1,[http/1.1]}{0.0.0.0:41286}
2019-09-17 10:37:42,491 [main] INFO  server.Server (Server.java:doStart(419)) - Started @6999ms
2019-09-17 10:37:42,492 [main] WARN  impl.MetricsSystemImpl (MetricsSystemImpl.java:register(276)) - Sink prometheus already exists!
2019-09-17 10:37:42,493 [main] INFO  server.BaseHttpServer (BaseHttpServer.java:updateConnectorAddress(215)) - HTTP server of HDDSDATANODE is listening at http://0.0.0.0:41286
2019-09-17 10:37:42,494 [main] INFO  impl.MetricsSystemImpl (MetricsSystemImpl.java:init(158)) - HddsDatanode metrics system started (again)
2019-09-17 10:37:42,497 [main] INFO  ozone.HddsDatanodeService (HddsDatanodeService.java:start(184)) - HddsDatanodeService host:pr-hdds-2137-trunk-mnh2s-3748177197 ip:192.168.5.153
2019-09-17 10:37:42,497 [org.apache.hadoop.util.JvmPauseMonitor$Monitor@5131837d] INFO  util.JvmPauseMonitor (JvmPauseMonitor.java:run(188)) - Starting JVM pause monitor
2019-09-17 10:37:42,500 [Datanode State Machine Thread - 0] INFO  datanode.InitDatanodeState (InitDatanodeState.java:persistContainerDatanodeDetails(140)) - DatanodeDetails is persisted to /tmp/workdir/hadoop-ozone/integration-test/target/test-dir/MiniOzoneClusterImpl-39c25fbc-a3b4-482d-abe1-1e0ff40fa0d6/datanode-2/meta/datanode.id
2019-09-17 10:37:42,507 [main] INFO  volume.HddsVolume (HddsVolume.java:<init>(176)) - Creating Volume: /tmp/workdir/hadoop-ozone/integration-test/target/test-dir/MiniOzoneClusterImpl-39c25fbc-a3b4-482d-abe1-1e0ff40fa0d6/datanode-3/data/containers/hdds of  storage type : DISK and capacity : 1482555576320
2019-09-17 10:37:42,507 [main] INFO  volume.VolumeSet (VolumeSet.java:initializeVolumeSet(170)) - Added Volume : /tmp/workdir/hadoop-ozone/integration-test/target/test-dir/MiniOzoneClusterImpl-39c25fbc-a3b4-482d-abe1-1e0ff40fa0d6/datanode-3/data/containers/hdds to VolumeSet
2019-09-17 10:37:42,507 [main] INFO  volume.ThrottledAsyncChecker (ThrottledAsyncChecker.java:schedule(139)) - Scheduling a check for org.apache.hadoop.ozone.container.common.volume.HddsVolume@588f63c
2019-09-17 10:37:42,508 [main] INFO  volume.HddsVolumeChecker (HddsVolumeChecker.java:checkAllVolumes(202)) - Scheduled health check for volume org.apache.hadoop.ozone.container.common.volume.HddsVolume@588f63c
2019-09-17 10:37:42,520 [main] INFO  impl.RaftServerProxy (ConfUtils.java:logGet(43)) - raft.rpc.type = GRPC (default)
2019-09-17 10:37:42,521 [main] INFO  grpc.GrpcFactory (GrpcFactory.java:checkPooledByteBufAllocatorUseCacheForAllThreads(45)) - PERFORMANCE WARNING: useCacheForAllThreads is true that may cause Netty to create a lot garbage objects and, as a result, trigger GC.
	It is recommended to disable useCacheForAllThreads by setting -Dorg.apache.ratis.thirdparty.io.netty.allocator.useCacheForAllThreads=false in command line.
2019-09-17 10:37:42,521 [main] INFO  grpc.GrpcConfigKeys$Server (ConfUtils.java:logGet(43)) - raft.grpc.server.port = 0 (default)
2019-09-17 10:37:42,521 [main] INFO  server.GrpcService (ConfUtils.java:logGet(43)) - raft.grpc.message.size.max = 33570816 (custom)
2019-09-17 10:37:42,521 [main] INFO  server.RaftServerConfigKeys (ConfUtils.java:logGet(43)) - raft.server.log.appender.buffer.byte-limit = 33554432 (custom)
2019-09-17 10:37:42,522 [main] INFO  server.GrpcService (ConfUtils.java:logGet(43)) - raft.grpc.flow.control.window = 1MB (=1048576) (default)
2019-09-17 10:37:42,522 [main] INFO  server.RaftServerConfigKeys (ConfUtils.java:logGet(43)) - raft.server.rpc.request.timeout = 3000ms (default)
2019-09-17 10:37:42,522 [main] INFO  server.RaftServerConfigKeys (ConfUtils.java:logGet(43)) - raft.server.storage.dir = [/tmp/workdir/hadoop-ozone/integration-test/target/test-dir/MiniOzoneClusterImpl-39c25fbc-a3b4-482d-abe1-1e0ff40fa0d6/datanode-3/data/ratis] (custom)
2019-09-17 10:37:42,524 [main] INFO  hdfs.DFSUtil (DFSUtil.java:httpServerTemplateForNNAndJN(1641)) - Starting Web-server for hddsDatanode at: http://0.0.0.0:0
2019-09-17 10:37:42,525 [main] INFO  server.AuthenticationFilter (AuthenticationFilter.java:constructSecretProvider(240)) - Unable to initialize FileSignerSecretProvider, falling back to use random secrets.
2019-09-17 10:37:42,525 [main] WARN  http.HttpRequestLog (HttpRequestLog.java:getRequestLog(97)) - Jetty request log can only be enabled using Log4j
2019-09-17 10:37:42,527 [main] INFO  http.HttpServer2 (HttpServer2.java:addGlobalFilter(975)) - Added global filter 'safety' (class=org.apache.hadoop.http.HttpServer2$QuotingInputFilter)
2019-09-17 10:37:42,527 [main] INFO  http.HttpServer2 (HttpServer2.java:addFilter(948)) - Added filter static_user_filter (class=org.apache.hadoop.http.lib.StaticUserWebFilter$StaticUserFilter) to context hddsDatanode
2019-09-17 10:37:42,528 [main] INFO  http.HttpServer2 (HttpServer2.java:addFilter(958)) - Added filter static_user_filter (class=org.apache.hadoop.http.lib.StaticUserWebFilter$StaticUserFilter) to context logs
2019-09-17 10:37:42,528 [main] INFO  http.HttpServer2 (HttpServer2.java:addFilter(958)) - Added filter static_user_filter (class=org.apache.hadoop.http.lib.StaticUserWebFilter$StaticUserFilter) to context static
2019-09-17 10:37:42,528 [main] INFO  http.HttpServer2 (HttpServer2.java:bindListener(1191)) - Jetty bound to port 37825
2019-09-17 10:37:42,529 [main] INFO  server.Server (Server.java:doStart(351)) - jetty-9.3.24.v20180605, build timestamp: 2018-06-05T17:11:56Z, git hash: 84205aa28f11a4f31f2a3b86d1bba2cc8ab69827
2019-09-17 10:37:42,533 [main] INFO  handler.ContextHandler (ContextHandler.java:doStart(781)) - Started o.e.j.s.ServletContextHandler@3dfa819{/logs,file:///tmp/workdir/hadoop-ozone/integration-test/target/log,AVAILABLE}
2019-09-17 10:37:42,533 [main] INFO  handler.ContextHandler (ContextHandler.java:doStart(781)) - Started o.e.j.s.ServletContextHandler@68ab0936{/static,jar:file:/home/user/.m2/repository/org/apache/hadoop/hadoop-hdds-container-service/0.5.0-SNAPSHOT/hadoop-hdds-container-service-0.5.0-SNAPSHOT.jar!/webapps/static,AVAILABLE}
2019-09-17 10:37:42,561 [main] INFO  handler.ContextHandler (ContextHandler.java:doStart(781)) - Started o.e.j.w.WebAppContext@69fe0ed4{/,file:///tmp/jetty-0.0.0.0-37825-hddsDatanode-_-any-474944460431914501.dir/webapp/,AVAILABLE}{/hddsDatanode}
2019-09-17 10:37:42,562 [main] INFO  server.AbstractConnector (AbstractConnector.java:doStart(278)) - Started ServerConnector@20ab3e3a{HTTP/1.1,[http/1.1]}{0.0.0.0:37825}
2019-09-17 10:37:42,563 [main] INFO  server.Server (Server.java:doStart(419)) - Started @7070ms
2019-09-17 10:37:42,563 [main] WARN  impl.MetricsSystemImpl (MetricsSystemImpl.java:register(276)) - Sink prometheus already exists!
2019-09-17 10:37:42,563 [main] INFO  server.BaseHttpServer (BaseHttpServer.java:updateConnectorAddress(215)) - HTTP server of HDDSDATANODE is listening at http://0.0.0.0:37825
2019-09-17 10:37:42,566 [main] INFO  ozone.MiniOzoneClusterImpl (MiniOzoneClusterImpl.java:lambda$waitForClusterToBeReady$0(145)) - Waiting for cluster to be ready. Got 0 of 4 DN Heartbeats.
2019-09-17 10:37:42,566 [org.apache.hadoop.util.JvmPauseMonitor$Monitor@203fc584] INFO  util.JvmPauseMonitor (JvmPauseMonitor.java:run(188)) - Starting JVM pause monitor
2019-09-17 10:37:42,570 [Datanode State Machine Thread - 0] INFO  datanode.InitDatanodeState (InitDatanodeState.java:persistContainerDatanodeDetails(140)) - DatanodeDetails is persisted to /tmp/workdir/hadoop-ozone/integration-test/target/test-dir/MiniOzoneClusterImpl-39c25fbc-a3b4-482d-abe1-1e0ff40fa0d6/datanode-3/meta/datanode.id
2019-09-17 10:37:43,566 [main] INFO  ozone.MiniOzoneClusterImpl (MiniOzoneClusterImpl.java:lambda$waitForClusterToBeReady$0(145)) - Waiting for cluster to be ready. Got 0 of 4 DN Heartbeats.
2019-09-17 10:37:44,381 [Datanode State Machine Thread - 0] INFO  ozoneimpl.OzoneContainer (OzoneContainer.java:start(217)) - Attempting to start container services.
2019-09-17 10:37:44,383 [Datanode State Machine Thread - 0] INFO  ozoneimpl.OzoneContainer (OzoneContainer.java:startContainerScrub(179)) - Background container scanner has been disabled.
2019-09-17 10:37:44,384 [Datanode State Machine Thread - 0] INFO  ratis.XceiverServerRatis (XceiverServerRatis.java:start(411)) - Starting XceiverServerRatis 82b07179-00dc-467c-9ea8-b94c9098920c at port 0
2019-09-17 10:37:44,406 [Datanode State Machine Thread - 0] INFO  impl.RaftServerProxy (RaftServerProxy.java:lambda$start$3(299)) - 82b07179-00dc-467c-9ea8-b94c9098920c: start RPC server
2019-09-17 10:37:44,439 [Datanode State Machine Thread - 0] INFO  ozoneimpl.OzoneContainer (OzoneContainer.java:start(217)) - Attempting to start container services.
2019-09-17 10:37:44,444 [Datanode State Machine Thread - 0] INFO  ozoneimpl.OzoneContainer (OzoneContainer.java:startContainerScrub(179)) - Background container scanner has been disabled.
2019-09-17 10:37:44,444 [Datanode State Machine Thread - 0] INFO  ratis.XceiverServerRatis (XceiverServerRatis.java:start(411)) - Starting XceiverServerRatis bc4b4373-760d-4c7b-8801-672ff5eaeda8 at port 0
2019-09-17 10:37:44,454 [Datanode State Machine Thread - 0] INFO  impl.RaftServerProxy (RaftServerProxy.java:lambda$start$3(299)) - bc4b4373-760d-4c7b-8801-672ff5eaeda8: start RPC server
2019-09-17 10:37:44,518 [Datanode State Machine Thread - 0] INFO  ozoneimpl.OzoneContainer (OzoneContainer.java:start(217)) - Attempting to start container services.
2019-09-17 10:37:44,520 [Datanode State Machine Thread - 0] INFO  ozoneimpl.OzoneContainer (OzoneContainer.java:startContainerScrub(179)) - Background container scanner has been disabled.
2019-09-17 10:37:44,521 [Datanode State Machine Thread - 0] INFO  ratis.XceiverServerRatis (XceiverServerRatis.java:start(411)) - Starting XceiverServerRatis b6175f64-249e-458f-a44d-dbefd21d1ebe at port 0
2019-09-17 10:37:44,528 [Datanode State Machine Thread - 0] INFO  impl.RaftServerProxy (RaftServerProxy.java:lambda$start$3(299)) - b6175f64-249e-458f-a44d-dbefd21d1ebe: start RPC server
2019-09-17 10:37:44,564 [Datanode State Machine Thread - 0] INFO  server.GrpcService (GrpcService.java:startImpl(158)) - bc4b4373-760d-4c7b-8801-672ff5eaeda8: GrpcService started, listening on 0.0.0.0/0.0.0.0:44913
2019-09-17 10:37:44,564 [Datanode State Machine Thread - 0] INFO  server.GrpcService (GrpcService.java:startImpl(158)) - 82b07179-00dc-467c-9ea8-b94c9098920c: GrpcService started, listening on 0.0.0.0/0.0.0.0:34976
2019-09-17 10:37:44,564 [Datanode State Machine Thread - 0] INFO  server.GrpcService (GrpcService.java:startImpl(158)) - b6175f64-249e-458f-a44d-dbefd21d1ebe: GrpcService started, listening on 0.0.0.0/0.0.0.0:35096
2019-09-17 10:37:44,565 [Datanode State Machine Thread - 0] INFO  ratis.XceiverServerRatis (XceiverServerRatis.java:start(421)) - XceiverServerRatis 82b07179-00dc-467c-9ea8-b94c9098920c is started using port 34976
2019-09-17 10:37:44,565 [Datanode State Machine Thread - 0] INFO  ratis.XceiverServerRatis (XceiverServerRatis.java:start(421)) - XceiverServerRatis bc4b4373-760d-4c7b-8801-672ff5eaeda8 is started using port 44913
2019-09-17 10:37:44,565 [Datanode State Machine Thread - 0] INFO  ratis.XceiverServerRatis (XceiverServerRatis.java:start(421)) - XceiverServerRatis b6175f64-249e-458f-a44d-dbefd21d1ebe is started using port 35096
2019-09-17 10:37:44,568 [main] INFO  ozone.MiniOzoneClusterImpl (MiniOzoneClusterImpl.java:lambda$waitForClusterToBeReady$0(145)) - Waiting for cluster to be ready. Got 0 of 4 DN Heartbeats.
2019-09-17 10:37:44,574 [Datanode State Machine Thread - 0] INFO  server.XceiverServerGrpc (XceiverServerGrpc.java:start(163)) - XceiverServerGrpc b6175f64-249e-458f-a44d-dbefd21d1ebe is started using port 44981
2019-09-17 10:37:44,574 [Datanode State Machine Thread - 0] INFO  server.XceiverServerGrpc (XceiverServerGrpc.java:start(163)) - XceiverServerGrpc bc4b4373-760d-4c7b-8801-672ff5eaeda8 is started using port 38445
2019-09-17 10:37:44,574 [Datanode State Machine Thread - 0] INFO  server.XceiverServerGrpc (XceiverServerGrpc.java:start(163)) - XceiverServerGrpc 82b07179-00dc-467c-9ea8-b94c9098920c is started using port 45353
2019-09-17 10:37:44,592 [Datanode State Machine Thread - 0] INFO  ozoneimpl.OzoneContainer (OzoneContainer.java:start(217)) - Attempting to start container services.
2019-09-17 10:37:44,594 [Datanode State Machine Thread - 0] INFO  ozoneimpl.OzoneContainer (OzoneContainer.java:startContainerScrub(179)) - Background container scanner has been disabled.
2019-09-17 10:37:44,594 [Datanode State Machine Thread - 0] INFO  ratis.XceiverServerRatis (XceiverServerRatis.java:start(411)) - Starting XceiverServerRatis 06593742-632d-4ae8-badf-8f3851491c41 at port 0
2019-09-17 10:37:44,601 [Datanode State Machine Thread - 0] INFO  impl.RaftServerProxy (RaftServerProxy.java:lambda$start$3(299)) - 06593742-632d-4ae8-badf-8f3851491c41: start RPC server
2019-09-17 10:37:44,604 [Datanode State Machine Thread - 0] INFO  server.GrpcService (GrpcService.java:startImpl(158)) - 06593742-632d-4ae8-badf-8f3851491c41: GrpcService started, listening on 0.0.0.0/0.0.0.0:43242
2019-09-17 10:37:44,604 [Datanode State Machine Thread - 0] INFO  ratis.XceiverServerRatis (XceiverServerRatis.java:start(421)) - XceiverServerRatis 06593742-632d-4ae8-badf-8f3851491c41 is started using port 43242
2019-09-17 10:37:44,606 [Datanode State Machine Thread - 0] INFO  server.XceiverServerGrpc (XceiverServerGrpc.java:start(163)) - XceiverServerGrpc 06593742-632d-4ae8-badf-8f3851491c41 is started using port 37495
2019-09-17 10:37:45,568 [main] INFO  ozone.MiniOzoneClusterImpl (MiniOzoneClusterImpl.java:lambda$waitForClusterToBeReady$0(145)) - Waiting for cluster to be ready. Got 0 of 4 DN Heartbeats.
2019-09-17 10:37:46,365 [IPC Server handler 1 on 37951] INFO  net.NetworkTopology (NetworkTopologyImpl.java:add(110)) - Added a new node: /default-rack/82b07179-00dc-467c-9ea8-b94c9098920c
2019-09-17 10:37:46,366 [IPC Server handler 1 on 37951] INFO  node.SCMNodeManager (SCMNodeManager.java:register(266)) - Registered Data node : 82b07179-00dc-467c-9ea8-b94c9098920c{ip: 192.168.5.153, host: pr-hdds-2137-trunk-mnh2s-3748177197, networkLocation: /default-rack, certSerialId: null}
2019-09-17 10:37:46,372 [EventQueue-NodeRegistrationContainerReportForDataNodeSafeModeRule] INFO  safemode.SCMSafeModeManager (DataNodeSafeModeRule.java:process(71)) - SCM in safe mode. 1 DataNodes registered, 1 required.
2019-09-17 10:37:46,372 [EventQueue-NodeRegistrationContainerReportForDataNodeSafeModeRule] INFO  safemode.SCMSafeModeManager (SCMSafeModeManager.java:validateSafeModeExitRules(177)) - ScmSafeModeManager, all rules are successfully validated
2019-09-17 10:37:46,372 [EventQueue-NodeRegistrationContainerReportForDataNodeSafeModeRule] INFO  safemode.SCMSafeModeManager (SCMSafeModeManager.java:exitSafeMode(193)) - SCM exiting safe mode.
2019-09-17 10:37:46,419 [IPC Server handler 3 on 37951] INFO  net.NetworkTopology (NetworkTopologyImpl.java:add(110)) - Added a new node: /default-rack/bc4b4373-760d-4c7b-8801-672ff5eaeda8
2019-09-17 10:37:46,421 [IPC Server handler 3 on 37951] INFO  node.SCMNodeManager (SCMNodeManager.java:register(266)) - Registered Data node : bc4b4373-760d-4c7b-8801-672ff5eaeda8{ip: 192.168.5.153, host: pr-hdds-2137-trunk-mnh2s-3748177197, networkLocation: /default-rack, certSerialId: null}
2019-09-17 10:37:46,500 [IPC Server handler 2 on 37951] INFO  net.NetworkTopology (NetworkTopologyImpl.java:add(110)) - Added a new node: /default-rack/b6175f64-249e-458f-a44d-dbefd21d1ebe
2019-09-17 10:37:46,500 [IPC Server handler 2 on 37951] INFO  node.SCMNodeManager (SCMNodeManager.java:register(266)) - Registered Data node : b6175f64-249e-458f-a44d-dbefd21d1ebe{ip: 192.168.5.153, host: pr-hdds-2137-trunk-mnh2s-3748177197, networkLocation: /default-rack, certSerialId: null}
2019-09-17 10:37:46,569 [main] INFO  ozone.MiniOzoneClusterImpl (MiniOzoneClusterImpl.java:lambda$waitForClusterToBeReady$0(145)) - Waiting for cluster to be ready. Got 3 of 4 DN Heartbeats.
2019-09-17 10:37:46,573 [IPC Server handler 4 on 37951] INFO  net.NetworkTopology (NetworkTopologyImpl.java:add(110)) - Added a new node: /default-rack/06593742-632d-4ae8-badf-8f3851491c41
2019-09-17 10:37:46,575 [IPC Server handler 4 on 37951] INFO  node.SCMNodeManager (SCMNodeManager.java:register(266)) - Registered Data node : 06593742-632d-4ae8-badf-8f3851491c41{ip: 192.168.5.153, host: pr-hdds-2137-trunk-mnh2s-3748177197, networkLocation: /default-rack, certSerialId: null}
2019-09-17 10:37:46,928 [grpc-default-executor-0] INFO  impl.RaftServerProxy (RaftServerProxy.java:addNew(89)) - 82b07179-00dc-467c-9ea8-b94c9098920c: addNew group-6F8FAC0DBAAD:[82b07179-00dc-467c-9ea8-b94c9098920c:192.168.5.153:34976] returns group-6F8FAC0DBAAD:java.util.concurrent.CompletableFuture@2ef2ebb7[Not completed]
2019-09-17 10:37:46,952 [pool-27-thread-1] INFO  impl.RaftServerImpl (RaftServerImpl.java:<init>(95)) - 82b07179-00dc-467c-9ea8-b94c9098920c: new RaftServerImpl for group-6F8FAC0DBAAD:[82b07179-00dc-467c-9ea8-b94c9098920c:192.168.5.153:34976] with ContainerStateMachine:uninitialized
2019-09-17 10:37:46,956 [pool-27-thread-1] INFO  server.RaftServerConfigKeys (ConfUtils.java:logGet(43)) - raft.server.rpc.timeout.min = 5s (custom)
2019-09-17 10:37:46,957 [pool-27-thread-1] INFO  server.RaftServerConfigKeys (ConfUtils.java:logGet(43)) - raft.server.rpc.timeout.max = 5200ms (custom)
2019-09-17 10:37:46,957 [pool-27-thread-1] INFO  server.RaftServerConfigKeys (ConfUtils.java:logGet(43)) - raft.server.rpcslowness.timeout = 1000s (custom)
2019-09-17 10:37:46,958 [pool-27-thread-1] INFO  server.RaftServerConfigKeys (ConfUtils.java:logGet(43)) - raft.server.sleep.deviation.threshold = 300 (default)
2019-09-17 10:37:46,960 [pool-27-thread-1] INFO  server.RaftServerConfigKeys (ConfUtils.java:logGet(43)) - raft.server.log.appender.install.snapshot.enabled = false (custom)
2019-09-17 10:37:46,968 [pool-27-thread-1] INFO  impl.RaftServerImpl (ServerState.java:<init>(103)) - 82b07179-00dc-467c-9ea8-b94c9098920c@group-6F8FAC0DBAAD: ConfigurationManager, init=-1: [82b07179-00dc-467c-9ea8-b94c9098920c:192.168.5.153:34976], old=null, confs=<EMPTY_MAP>
2019-09-17 10:37:46,969 [pool-27-thread-1] INFO  server.RaftServerConfigKeys (ConfUtils.java:logGet(43)) - raft.server.storage.dir = [/tmp/workdir/hadoop-ozone/integration-test/target/test-dir/MiniOzoneClusterImpl-39c25fbc-a3b4-482d-abe1-1e0ff40fa0d6/datanode-0/data/ratis] (custom)
2019-09-17 10:37:46,977 [pool-27-thread-1] INFO  storage.RaftStorageDirectory (RaftStorageDirectory.java:analyzeStorage(246)) - The storage directory /tmp/workdir/hadoop-ozone/integration-test/target/test-dir/MiniOzoneClusterImpl-39c25fbc-a3b4-482d-abe1-1e0ff40fa0d6/datanode-0/data/ratis/4aa69af1-d0c3-4c1d-9a80-6f8fac0dbaad does not exist. Creating ...
2019-09-17 10:37:47,025 [pool-27-thread-1] INFO  storage.RaftStorageDirectory (RaftStorageDirectory.java:tryLock(328)) - Lock on /tmp/workdir/hadoop-ozone/integration-test/target/test-dir/MiniOzoneClusterImpl-39c25fbc-a3b4-482d-abe1-1e0ff40fa0d6/datanode-0/data/ratis/4aa69af1-d0c3-4c1d-9a80-6f8fac0dbaad/in_use.lock acquired by nodename 31143@pr-hdds-2137-trunk-mnh2s-3748177197
2019-09-17 10:37:47,125 [pool-27-thread-1] INFO  storage.RaftStorage (RaftStorage.java:format(72)) - Storage directory /tmp/workdir/hadoop-ozone/integration-test/target/test-dir/MiniOzoneClusterImpl-39c25fbc-a3b4-482d-abe1-1e0ff40fa0d6/datanode-0/data/ratis/4aa69af1-d0c3-4c1d-9a80-6f8fac0dbaad has been successfully formatted.
2019-09-17 10:37:47,128 [pool-27-thread-1] INFO  ratis.ContainerStateMachine (ContainerStateMachine.java:loadSnapshot(230)) - group-6F8FAC0DBAAD: The snapshot info is null. Setting the last applied indexto:(t:0, i:~)
2019-09-17 10:37:47,128 [pool-27-thread-1] INFO  server.RaftServerConfigKeys (ConfUtils.java:logGet(43)) - raft.server.notification.no-leader.timeout = 1000s (custom)
2019-09-17 10:37:47,130 [pool-27-thread-1] INFO  server.RaftServerConfigKeys (ConfUtils.java:logGet(43)) - raft.server.log.use.memory = false (default)
2019-09-17 10:37:47,135 [pool-27-thread-1] INFO  server.RaftServerConfigKeys (ConfUtils.java:logGet(43)) - raft.server.log.purge.gap = 1000000 (custom)
2019-09-17 10:37:47,135 [pool-27-thread-1] INFO  server.RaftServerConfigKeys (ConfUtils.java:logGet(43)) - raft.server.log.appender.buffer.byte-limit = 33554432 (custom)
2019-09-17 10:37:47,138 [pool-27-thread-1] INFO  server.RaftServerConfigKeys (ConfUtils.java:logGet(43)) - raft.server.log.segment.size.max = 1048576 (custom)
2019-09-17 10:37:47,142 [pool-27-thread-1] INFO  server.RaftServerConfigKeys (ConfUtils.java:logGet(43)) - raft.server.log.segment.cache.num.max = 2 (custom)
2019-09-17 10:37:47,147 [pool-27-thread-1] INFO  segmented.SegmentedRaftLogWorker (SegmentedRaftLogWorker.java:<init>(172)) - new 82b07179-00dc-467c-9ea8-b94c9098920c@group-6F8FAC0DBAAD-SegmentedRaftLogWorker for RaftStorage:Storage Directory /tmp/workdir/hadoop-ozone/integration-test/target/test-dir/MiniOzoneClusterImpl-39c25fbc-a3b4-482d-abe1-1e0ff40fa0d6/datanode-0/data/ratis/4aa69af1-d0c3-4c1d-9a80-6f8fac0dbaad
2019-09-17 10:37:47,148 [pool-27-thread-1] INFO  impl.MetricsSystemImpl (MetricsSystemImpl.java:init(158)) - ratis metrics system started (again)
2019-09-17 10:37:47,179 [pool-27-thread-1] INFO  server.RaftServerConfigKeys (ConfUtils.java:logGet(43)) - raft.server.log.queue.byte-limit = 2147483647 (custom)
2019-09-17 10:37:47,180 [pool-27-thread-1] INFO  server.RaftServerConfigKeys (ConfUtils.java:logGet(43)) - raft.server.log.queue.element-limit = 1024 (custom)
2019-09-17 10:37:47,182 [pool-27-thread-1] INFO  server.RaftServerConfigKeys (ConfUtils.java:logGet(43)) - raft.server.log.segment.size.max = 1048576 (custom)
2019-09-17 10:37:47,183 [pool-27-thread-1] INFO  server.RaftServerConfigKeys (ConfUtils.java:logGet(43)) - raft.server.log.preallocated.size = 16384 (custom)
2019-09-17 10:37:47,183 [pool-27-thread-1] INFO  server.RaftServerConfigKeys (ConfUtils.java:logGet(43)) - raft.server.log.write.buffer.size = 33554432 (custom)
2019-09-17 10:37:47,184 [pool-27-thread-1] INFO  server.RaftServerConfigKeys (ConfUtils.java:logGet(43)) - raft.server.log.force.sync.num = 128 (default)
2019-09-17 10:37:47,185 [pool-27-thread-1] INFO  server.RaftServerConfigKeys (ConfUtils.java:logGet(43)) - raft.server.log.statemachine.data.sync = true (default)
2019-09-17 10:37:47,185 [pool-27-thread-1] INFO  server.RaftServerConfigKeys (ConfUtils.java:logGet(43)) - raft.server.log.statemachine.data.sync.timeout = 10s (default)
2019-09-17 10:37:47,187 [pool-27-thread-1] INFO  server.RaftServerConfigKeys (ConfUtils.java:logGet(43)) - raft.server.log.statemachine.data.sync.timeout.retry = -1 (default)
2019-09-17 10:37:47,202 [pool-27-thread-1] INFO  server.RaftServerConfigKeys (ConfUtils.java:logGet(43)) - raft.server.log.statemachine.data.caching.enabled = true (custom)
2019-09-17 10:37:47,210 [pool-27-thread-1] INFO  segmented.SegmentedRaftLogWorker (SegmentedRaftLogWorker.java:lambda$new$0(132)) - 82b07179-00dc-467c-9ea8-b94c9098920c@group-6F8FAC0DBAAD-SegmentedRaftLogWorker: flushIndex: setUnconditionally 0 -> -1
2019-09-17 10:37:47,217 [pool-27-thread-1] INFO  server.RaftServerConfigKeys (ConfUtils.java:logGet(43)) - raft.server.snapshot.auto.trigger.enabled = true (custom)
2019-09-17 10:37:47,218 [pool-27-thread-1] INFO  server.RaftServerConfigKeys (ConfUtils.java:logGet(43)) - raft.server.snapshot.auto.trigger.threshold = 10000 (custom)
2019-09-17 10:37:47,219 [pool-27-thread-1] INFO  server.RaftServerConfigKeys (ConfUtils.java:logGet(43)) - raft.server.snapshot.retention.num.files = 5 (custom)
2019-09-17 10:37:47,220 [pool-27-thread-1] INFO  server.RaftServerConfigKeys (ConfUtils.java:logGet(43)) - raft.server.retrycache.expirytime = 600000ms (custom)
2019-09-17 10:37:47,263 [pool-27-thread-1] INFO  impl.RaftServerImpl (RaftServerImpl.java:start(185)) - 82b07179-00dc-467c-9ea8-b94c9098920c@group-6F8FAC0DBAAD: start as a follower, conf=-1: [82b07179-00dc-467c-9ea8-b94c9098920c:192.168.5.153:34976], old=null
2019-09-17 10:37:47,264 [pool-27-thread-1] INFO  impl.RaftServerImpl (RaftServerImpl.java:setRole(174)) - 82b07179-00dc-467c-9ea8-b94c9098920c@group-6F8FAC0DBAAD: changes role from      null to FOLLOWER at term 0 for startAsFollower
2019-09-17 10:37:47,266 [pool-27-thread-1] INFO  impl.RoleInfo (RoleInfo.java:updateAndGet(143)) - 82b07179-00dc-467c-9ea8-b94c9098920c: start FollowerState
2019-09-17 10:37:47,269 [pool-27-thread-1] INFO  util.JmxRegister (JmxRegister.java:tryRegister(44)) - Successfully registered JMX Bean with object name Ratis:service=RaftServer,group=group-6F8FAC0DBAAD,id=82b07179-00dc-467c-9ea8-b94c9098920c
2019-09-17 10:37:47,331 [RatisPipelineUtilsThread] INFO  pipeline.PipelineStateManager (PipelineStateManager.java:addPipeline(56)) - Created pipeline Pipeline[ Id: 4aa69af1-d0c3-4c1d-9a80-6f8fac0dbaad, Nodes: 82b07179-00dc-467c-9ea8-b94c9098920c{ip: 192.168.5.153, host: pr-hdds-2137-trunk-mnh2s-3748177197, networkLocation: /default-rack, certSerialId: null}, Type:RATIS, Factor:ONE, State:OPEN]
2019-09-17 10:37:47,354 [grpc-default-executor-0] INFO  impl.RaftServerProxy (RaftServerProxy.java:addNew(89)) - 06593742-632d-4ae8-badf-8f3851491c41: addNew group-5B2DF3CB8120:[06593742-632d-4ae8-badf-8f3851491c41:192.168.5.153:43242] returns group-5B2DF3CB8120:java.util.concurrent.CompletableFuture@32c60072[Not completed]
2019-09-17 10:37:47,403 [pool-57-thread-1] INFO  impl.RaftServerImpl (RaftServerImpl.java:<init>(95)) - 06593742-632d-4ae8-badf-8f3851491c41: new RaftServerImpl for group-5B2DF3CB8120:[06593742-632d-4ae8-badf-8f3851491c41:192.168.5.153:43242] with ContainerStateMachine:uninitialized
2019-09-17 10:37:47,405 [pool-57-thread-1] INFO  server.RaftServerConfigKeys (ConfUtils.java:logGet(43)) - raft.server.rpc.timeout.min = 5s (custom)
2019-09-17 10:37:47,406 [pool-57-thread-1] INFO  server.RaftServerConfigKeys (ConfUtils.java:logGet(43)) - raft.server.rpc.timeout.max = 5200ms (custom)
2019-09-17 10:37:47,406 [pool-57-thread-1] INFO  server.RaftServerConfigKeys (ConfUtils.java:logGet(43)) - raft.server.rpcslowness.timeout = 1000s (custom)
2019-09-17 10:37:47,406 [pool-57-thread-1] INFO  server.RaftServerConfigKeys (ConfUtils.java:logGet(43)) - raft.server.sleep.deviation.threshold = 300 (default)
2019-09-17 10:37:47,406 [pool-57-thread-1] INFO  server.RaftServerConfigKeys (ConfUtils.java:logGet(43)) - raft.server.log.appender.install.snapshot.enabled = false (custom)
2019-09-17 10:37:47,407 [pool-57-thread-1] INFO  impl.RaftServerImpl (ServerState.java:<init>(103)) - 06593742-632d-4ae8-badf-8f3851491c41@group-5B2DF3CB8120: ConfigurationManager, init=-1: [06593742-632d-4ae8-badf-8f3851491c41:192.168.5.153:43242], old=null, confs=<EMPTY_MAP>
2019-09-17 10:37:47,407 [pool-57-thread-1] INFO  server.RaftServerConfigKeys (ConfUtils.java:logGet(43)) - raft.server.storage.dir = [/tmp/workdir/hadoop-ozone/integration-test/target/test-dir/MiniOzoneClusterImpl-39c25fbc-a3b4-482d-abe1-1e0ff40fa0d6/datanode-3/data/ratis] (custom)
2019-09-17 10:37:47,408 [pool-57-thread-1] INFO  storage.RaftStorageDirectory (RaftStorageDirectory.java:analyzeStorage(246)) - The storage directory /tmp/workdir/hadoop-ozone/integration-test/target/test-dir/MiniOzoneClusterImpl-39c25fbc-a3b4-482d-abe1-1e0ff40fa0d6/datanode-3/data/ratis/4e20f44f-7552-49da-a6f2-5b2df3cb8120 does not exist. Creating ...
2019-09-17 10:37:47,429 [pool-57-thread-1] INFO  storage.RaftStorageDirectory (RaftStorageDirectory.java:tryLock(328)) - Lock on /tmp/workdir/hadoop-ozone/integration-test/target/test-dir/MiniOzoneClusterImpl-39c25fbc-a3b4-482d-abe1-1e0ff40fa0d6/datanode-3/data/ratis/4e20f44f-7552-49da-a6f2-5b2df3cb8120/in_use.lock acquired by nodename 31143@pr-hdds-2137-trunk-mnh2s-3748177197
2019-09-17 10:37:47,473 [pool-57-thread-1] INFO  storage.RaftStorage (RaftStorage.java:format(72)) - Storage directory /tmp/workdir/hadoop-ozone/integration-test/target/test-dir/MiniOzoneClusterImpl-39c25fbc-a3b4-482d-abe1-1e0ff40fa0d6/datanode-3/data/ratis/4e20f44f-7552-49da-a6f2-5b2df3cb8120 has been successfully formatted.
2019-09-17 10:37:47,476 [pool-57-thread-1] INFO  ratis.ContainerStateMachine (ContainerStateMachine.java:loadSnapshot(230)) - group-5B2DF3CB8120: The snapshot info is null. Setting the last applied indexto:(t:0, i:~)
2019-09-17 10:37:47,478 [pool-57-thread-1] INFO  server.RaftServerConfigKeys (ConfUtils.java:logGet(43)) - raft.server.notification.no-leader.timeout = 1000s (custom)
2019-09-17 10:37:47,478 [pool-57-thread-1] INFO  server.RaftServerConfigKeys (ConfUtils.java:logGet(43)) - raft.server.log.use.memory = false (default)
2019-09-17 10:37:47,478 [pool-57-thread-1] INFO  server.RaftServerConfigKeys (ConfUtils.java:logGet(43)) - raft.server.log.purge.gap = 1000000 (custom)
2019-09-17 10:37:47,479 [pool-57-thread-1] INFO  server.RaftServerConfigKeys (ConfUtils.java:logGet(43)) - raft.server.log.appender.buffer.byte-limit = 33554432 (custom)
2019-09-17 10:37:47,479 [pool-57-thread-1] INFO  server.RaftServerConfigKeys (ConfUtils.java:logGet(43)) - raft.server.log.segment.size.max = 1048576 (custom)
2019-09-17 10:37:47,479 [pool-57-thread-1] INFO  server.RaftServerConfigKeys (ConfUtils.java:logGet(43)) - raft.server.log.segment.cache.num.max = 2 (custom)
2019-09-17 10:37:47,479 [pool-57-thread-1] INFO  segmented.SegmentedRaftLogWorker (SegmentedRaftLogWorker.java:<init>(172)) - new 06593742-632d-4ae8-badf-8f3851491c41@group-5B2DF3CB8120-SegmentedRaftLogWorker for RaftStorage:Storage Directory /tmp/workdir/hadoop-ozone/integration-test/target/test-dir/MiniOzoneClusterImpl-39c25fbc-a3b4-482d-abe1-1e0ff40fa0d6/datanode-3/data/ratis/4e20f44f-7552-49da-a6f2-5b2df3cb8120
2019-09-17 10:37:47,488 [pool-57-thread-1] INFO  server.RaftServerConfigKeys (ConfUtils.java:logGet(43)) - raft.server.log.queue.byte-limit = 2147483647 (custom)
2019-09-17 10:37:47,488 [pool-57-thread-1] INFO  server.RaftServerConfigKeys (ConfUtils.java:logGet(43)) - raft.server.log.queue.element-limit = 1024 (custom)
2019-09-17 10:37:47,489 [pool-57-thread-1] INFO  server.RaftServerConfigKeys (ConfUtils.java:logGet(43)) - raft.server.log.segment.size.max = 1048576 (custom)
2019-09-17 10:37:47,489 [pool-57-thread-1] INFO  server.RaftServerConfigKeys (ConfUtils.java:logGet(43)) - raft.server.log.preallocated.size = 16384 (custom)
2019-09-17 10:37:47,489 [pool-57-thread-1] INFO  server.RaftServerConfigKeys (ConfUtils.java:logGet(43)) - raft.server.log.write.buffer.size = 33554432 (custom)
2019-09-17 10:37:47,489 [pool-57-thread-1] INFO  server.RaftServerConfigKeys (ConfUtils.java:logGet(43)) - raft.server.log.force.sync.num = 128 (default)
2019-09-17 10:37:47,490 [pool-57-thread-1] INFO  server.RaftServerConfigKeys (ConfUtils.java:logGet(43)) - raft.server.log.statemachine.data.sync = true (default)
2019-09-17 10:37:47,490 [pool-57-thread-1] INFO  server.RaftServerConfigKeys (ConfUtils.java:logGet(43)) - raft.server.log.statemachine.data.sync.timeout = 10s (default)
2019-09-17 10:37:47,490 [pool-57-thread-1] INFO  server.RaftServerConfigKeys (ConfUtils.java:logGet(43)) - raft.server.log.statemachine.data.sync.timeout.retry = -1 (default)
2019-09-17 10:37:47,491 [pool-57-thread-1] INFO  server.RaftServerConfigKeys (ConfUtils.java:logGet(43)) - raft.server.log.statemachine.data.caching.enabled = true (custom)
2019-09-17 10:37:47,491 [pool-57-thread-1] INFO  segmented.SegmentedRaftLogWorker (SegmentedRaftLogWorker.java:lambda$new$0(132)) - 06593742-632d-4ae8-badf-8f3851491c41@group-5B2DF3CB8120-SegmentedRaftLogWorker: flushIndex: setUnconditionally 0 -> -1
2019-09-17 10:37:47,492 [pool-57-thread-1] INFO  server.RaftServerConfigKeys (ConfUtils.java:logGet(43)) - raft.server.snapshot.auto.trigger.enabled = true (custom)
2019-09-17 10:37:47,492 [pool-57-thread-1] INFO  server.RaftServerConfigKeys (ConfUtils.java:logGet(43)) - raft.server.snapshot.auto.trigger.threshold = 10000 (custom)
2019-09-17 10:37:47,492 [pool-57-thread-1] INFO  server.RaftServerConfigKeys (ConfUtils.java:logGet(43)) - raft.server.snapshot.retention.num.files = 5 (custom)
2019-09-17 10:37:47,493 [pool-57-thread-1] INFO  server.RaftServerConfigKeys (ConfUtils.java:logGet(43)) - raft.server.retrycache.expirytime = 600000ms (custom)
2019-09-17 10:37:47,499 [pool-57-thread-1] INFO  impl.RaftServerImpl (RaftServerImpl.java:start(185)) - 06593742-632d-4ae8-badf-8f3851491c41@group-5B2DF3CB8120: start as a follower, conf=-1: [06593742-632d-4ae8-badf-8f3851491c41:192.168.5.153:43242], old=null
2019-09-17 10:37:47,499 [pool-57-thread-1] INFO  impl.RaftServerImpl (RaftServerImpl.java:setRole(174)) - 06593742-632d-4ae8-badf-8f3851491c41@group-5B2DF3CB8120: changes role from      null to FOLLOWER at term 0 for startAsFollower
2019-09-17 10:37:47,499 [pool-57-thread-1] INFO  impl.RoleInfo (RoleInfo.java:updateAndGet(143)) - 06593742-632d-4ae8-badf-8f3851491c41: start FollowerState
2019-09-17 10:37:47,501 [pool-57-thread-1] INFO  util.JmxRegister (JmxRegister.java:tryRegister(44)) - Successfully registered JMX Bean with object name Ratis:service=RaftServer,group=group-5B2DF3CB8120,id=06593742-632d-4ae8-badf-8f3851491c41
2019-09-17 10:37:47,514 [RatisPipelineUtilsThread] INFO  pipeline.PipelineStateManager (PipelineStateManager.java:addPipeline(56)) - Created pipeline Pipeline[ Id: 4e20f44f-7552-49da-a6f2-5b2df3cb8120, Nodes: 06593742-632d-4ae8-badf-8f3851491c41{ip: 192.168.5.153, host: pr-hdds-2137-trunk-mnh2s-3748177197, networkLocation: /default-rack, certSerialId: null}, Type:RATIS, Factor:ONE, State:OPEN]
2019-09-17 10:37:47,539 [grpc-default-executor-0] INFO  impl.RaftServerProxy (RaftServerProxy.java:addNew(89)) - bc4b4373-760d-4c7b-8801-672ff5eaeda8: addNew group-97D81F4C29DA:[bc4b4373-760d-4c7b-8801-672ff5eaeda8:192.168.5.153:44913] returns group-97D81F4C29DA:java.util.concurrent.CompletableFuture@1a60f463[Not completed]
2019-09-17 10:37:47,562 [pool-37-thread-1] INFO  impl.RaftServerImpl (RaftServerImpl.java:<init>(95)) - bc4b4373-760d-4c7b-8801-672ff5eaeda8: new RaftServerImpl for group-97D81F4C29DA:[bc4b4373-760d-4c7b-8801-672ff5eaeda8:192.168.5.153:44913] with ContainerStateMachine:uninitialized
2019-09-17 10:37:47,566 [pool-37-thread-1] INFO  server.RaftServerConfigKeys (ConfUtils.java:logGet(43)) - raft.server.rpc.timeout.min = 5s (custom)
2019-09-17 10:37:47,566 [pool-37-thread-1] INFO  server.RaftServerConfigKeys (ConfUtils.java:logGet(43)) - raft.server.rpc.timeout.max = 5200ms (custom)
2019-09-17 10:37:47,566 [pool-37-thread-1] INFO  server.RaftServerConfigKeys (ConfUtils.java:logGet(43)) - raft.server.rpcslowness.timeout = 1000s (custom)
2019-09-17 10:37:47,566 [pool-37-thread-1] INFO  server.RaftServerConfigKeys (ConfUtils.java:logGet(43)) - raft.server.sleep.deviation.threshold = 300 (default)
2019-09-17 10:37:47,566 [pool-37-thread-1] INFO  server.RaftServerConfigKeys (ConfUtils.java:logGet(43)) - raft.server.log.appender.install.snapshot.enabled = false (custom)
2019-09-17 10:37:47,566 [pool-37-thread-1] INFO  impl.RaftServerImpl (ServerState.java:<init>(103)) - bc4b4373-760d-4c7b-8801-672ff5eaeda8@group-97D81F4C29DA: ConfigurationManager, init=-1: [bc4b4373-760d-4c7b-8801-672ff5eaeda8:192.168.5.153:44913], old=null, confs=<EMPTY_MAP>
2019-09-17 10:37:47,567 [pool-37-thread-1] INFO  server.RaftServerConfigKeys (ConfUtils.java:logGet(43)) - raft.server.storage.dir = [/tmp/workdir/hadoop-ozone/integration-test/target/test-dir/MiniOzoneClusterImpl-39c25fbc-a3b4-482d-abe1-1e0ff40fa0d6/datanode-1/data/ratis] (custom)
2019-09-17 10:37:47,567 [pool-37-thread-1] INFO  storage.RaftStorageDirectory (RaftStorageDirectory.java:analyzeStorage(246)) - The storage directory /tmp/workdir/hadoop-ozone/integration-test/target/test-dir/MiniOzoneClusterImpl-39c25fbc-a3b4-482d-abe1-1e0ff40fa0d6/datanode-1/data/ratis/e23afb3d-84ec-477f-9f2e-97d81f4c29da does not exist. Creating ...
2019-09-17 10:37:47,571 [main] INFO  ozone.MiniOzoneClusterImpl (MiniOzoneClusterImpl.java:lambda$waitForClusterToBeReady$0(145)) - Cluster is ready. Got 4 of 4 DN Heartbeats.
2019-09-17 10:37:47,576 [main] INFO  container.ReplicationManager (ReplicationManager.java:start(162)) - Starting Replication Monitor Thread.
2019-09-17 10:37:47,578 [ReplicationMonitor] INFO  container.ReplicationManager (ReplicationManager.java:run(225)) - Replication Monitor Thread took 1 milliseconds for processing 0 containers.
2019-09-17 10:37:47,608 [pool-37-thread-1] INFO  storage.RaftStorageDirectory (RaftStorageDirectory.java:tryLock(328)) - Lock on /tmp/workdir/hadoop-ozone/integration-test/target/test-dir/MiniOzoneClusterImpl-39c25fbc-a3b4-482d-abe1-1e0ff40fa0d6/datanode-1/data/ratis/e23afb3d-84ec-477f-9f2e-97d81f4c29da/in_use.lock acquired by nodename 31143@pr-hdds-2137-trunk-mnh2s-3748177197
2019-09-17 10:37:47,641 [pool-37-thread-1] INFO  storage.RaftStorage (RaftStorage.java:format(72)) - Storage directory /tmp/workdir/hadoop-ozone/integration-test/target/test-dir/MiniOzoneClusterImpl-39c25fbc-a3b4-482d-abe1-1e0ff40fa0d6/datanode-1/data/ratis/e23afb3d-84ec-477f-9f2e-97d81f4c29da has been successfully formatted.
2019-09-17 10:37:47,642 [pool-37-thread-1] INFO  ratis.ContainerStateMachine (ContainerStateMachine.java:loadSnapshot(230)) - group-97D81F4C29DA: The snapshot info is null. Setting the last applied indexto:(t:0, i:~)
2019-09-17 10:37:47,642 [pool-37-thread-1] INFO  server.RaftServerConfigKeys (ConfUtils.java:logGet(43)) - raft.server.notification.no-leader.timeout = 1000s (custom)
2019-09-17 10:37:47,642 [pool-37-thread-1] INFO  server.RaftServerConfigKeys (ConfUtils.java:logGet(43)) - raft.server.log.use.memory = false (default)
2019-09-17 10:37:47,642 [pool-37-thread-1] INFO  server.RaftServerConfigKeys (ConfUtils.java:logGet(43)) - raft.server.log.purge.gap = 1000000 (custom)
2019-09-17 10:37:47,643 [pool-37-thread-1] INFO  server.RaftServerConfigKeys (ConfUtils.java:logGet(43)) - raft.server.log.appender.buffer.byte-limit = 33554432 (custom)
2019-09-17 10:37:47,643 [pool-37-thread-1] INFO  server.RaftServerConfigKeys (ConfUtils.java:logGet(43)) - raft.server.log.segment.size.max = 1048576 (custom)
2019-09-17 10:37:47,643 [pool-37-thread-1] INFO  server.RaftServerConfigKeys (ConfUtils.java:logGet(43)) - raft.server.log.segment.cache.num.max = 2 (custom)
2019-09-17 10:37:47,643 [pool-37-thread-1] INFO  segmented.SegmentedRaftLogWorker (SegmentedRaftLogWorker.java:<init>(172)) - new bc4b4373-760d-4c7b-8801-672ff5eaeda8@group-97D81F4C29DA-SegmentedRaftLogWorker for RaftStorage:Storage Directory /tmp/workdir/hadoop-ozone/integration-test/target/test-dir/MiniOzoneClusterImpl-39c25fbc-a3b4-482d-abe1-1e0ff40fa0d6/datanode-1/data/ratis/e23afb3d-84ec-477f-9f2e-97d81f4c29da
2019-09-17 10:37:47,678 [pool-37-thread-1] INFO  server.RaftServerConfigKeys (ConfUtils.java:logGet(43)) - raft.server.log.queue.byte-limit = 2147483647 (custom)
2019-09-17 10:37:47,679 [pool-37-thread-1] INFO  server.RaftServerConfigKeys (ConfUtils.java:logGet(43)) - raft.server.log.queue.element-limit = 1024 (custom)
2019-09-17 10:37:47,679 [pool-37-thread-1] INFO  server.RaftServerConfigKeys (ConfUtils.java:logGet(43)) - raft.server.log.segment.size.max = 1048576 (custom)
2019-09-17 10:37:47,679 [pool-37-thread-1] INFO  server.RaftServerConfigKeys (ConfUtils.java:logGet(43)) - raft.server.log.preallocated.size = 16384 (custom)
2019-09-17 10:37:47,679 [pool-37-thread-1] INFO  server.RaftServerConfigKeys (ConfUtils.java:logGet(43)) - raft.server.log.write.buffer.size = 33554432 (custom)
2019-09-17 10:37:47,680 [pool-37-thread-1] INFO  server.RaftServerConfigKeys (ConfUtils.java:logGet(43)) - raft.server.log.force.sync.num = 128 (default)
2019-09-17 10:37:47,680 [pool-37-thread-1] INFO  server.RaftServerConfigKeys (ConfUtils.java:logGet(43)) - raft.server.log.statemachine.data.sync = true (default)
2019-09-17 10:37:47,680 [pool-37-thread-1] INFO  server.RaftServerConfigKeys (ConfUtils.java:logGet(43)) - raft.server.log.statemachine.data.sync.timeout = 10s (default)
2019-09-17 10:37:47,680 [pool-37-thread-1] INFO  server.RaftServerConfigKeys (ConfUtils.java:logGet(43)) - raft.server.log.statemachine.data.sync.timeout.retry = -1 (default)
2019-09-17 10:37:47,681 [pool-37-thread-1] INFO  server.RaftServerConfigKeys (ConfUtils.java:logGet(43)) - raft.server.log.statemachine.data.caching.enabled = true (custom)
2019-09-17 10:37:47,681 [pool-37-thread-1] INFO  segmented.SegmentedRaftLogWorker (SegmentedRaftLogWorker.java:lambda$new$0(132)) - bc4b4373-760d-4c7b-8801-672ff5eaeda8@group-97D81F4C29DA-SegmentedRaftLogWorker: flushIndex: setUnconditionally 0 -> -1
2019-09-17 10:37:47,682 [pool-37-thread-1] INFO  server.RaftServerConfigKeys (ConfUtils.java:logGet(43)) - raft.server.snapshot.auto.trigger.enabled = true (custom)
2019-09-17 10:37:47,682 [pool-37-thread-1] INFO  server.RaftServerConfigKeys (ConfUtils.java:logGet(43)) - raft.server.snapshot.auto.trigger.threshold = 10000 (custom)
2019-09-17 10:37:47,682 [pool-37-thread-1] INFO  server.RaftServerConfigKeys (ConfUtils.java:logGet(43)) - raft.server.snapshot.retention.num.files = 5 (custom)
2019-09-17 10:37:47,683 [pool-37-thread-1] INFO  server.RaftServerConfigKeys (ConfUtils.java:logGet(43)) - raft.server.retrycache.expirytime = 600000ms (custom)
2019-09-17 10:37:47,687 [pool-37-thread-1] INFO  impl.RaftServerImpl (RaftServerImpl.java:start(185)) - bc4b4373-760d-4c7b-8801-672ff5eaeda8@group-97D81F4C29DA: start as a follower, conf=-1: [bc4b4373-760d-4c7b-8801-672ff5eaeda8:192.168.5.153:44913], old=null
2019-09-17 10:37:47,688 [pool-37-thread-1] INFO  impl.RaftServerImpl (RaftServerImpl.java:setRole(174)) - bc4b4373-760d-4c7b-8801-672ff5eaeda8@group-97D81F4C29DA: changes role from      null to FOLLOWER at term 0 for startAsFollower
2019-09-17 10:37:47,688 [pool-37-thread-1] INFO  impl.RoleInfo (RoleInfo.java:updateAndGet(143)) - bc4b4373-760d-4c7b-8801-672ff5eaeda8: start FollowerState
2019-09-17 10:37:47,688 [pool-37-thread-1] INFO  util.JmxRegister (JmxRegister.java:tryRegister(44)) - Successfully registered JMX Bean with object name Ratis:service=RaftServer,group=group-97D81F4C29DA,id=bc4b4373-760d-4c7b-8801-672ff5eaeda8
2019-09-17 10:37:47,700 [RatisPipelineUtilsThread] INFO  pipeline.PipelineStateManager (PipelineStateManager.java:addPipeline(56)) - Created pipeline Pipeline[ Id: e23afb3d-84ec-477f-9f2e-97d81f4c29da, Nodes: bc4b4373-760d-4c7b-8801-672ff5eaeda8{ip: 192.168.5.153, host: pr-hdds-2137-trunk-mnh2s-3748177197, networkLocation: /default-rack, certSerialId: null}, Type:RATIS, Factor:ONE, State:OPEN]
2019-09-17 10:37:47,720 [grpc-default-executor-0] INFO  impl.RaftServerProxy (RaftServerProxy.java:addNew(89)) - b6175f64-249e-458f-a44d-dbefd21d1ebe: addNew group-6683A9C9D62B:[b6175f64-249e-458f-a44d-dbefd21d1ebe:192.168.5.153:35096] returns group-6683A9C9D62B:java.util.concurrent.CompletableFuture@1ce18128[Not completed]
2019-09-17 10:37:47,722 [pool-47-thread-1] INFO  impl.RaftServerImpl (RaftServerImpl.java:<init>(95)) - b6175f64-249e-458f-a44d-dbefd21d1ebe: new RaftServerImpl for group-6683A9C9D62B:[b6175f64-249e-458f-a44d-dbefd21d1ebe:192.168.5.153:35096] with ContainerStateMachine:uninitialized
2019-09-17 10:37:47,722 [pool-47-thread-1] INFO  server.RaftServerConfigKeys (ConfUtils.java:logGet(43)) - raft.server.rpc.timeout.min = 5s (custom)
2019-09-17 10:37:47,722 [pool-47-thread-1] INFO  server.RaftServerConfigKeys (ConfUtils.java:logGet(43)) - raft.server.rpc.timeout.max = 5200ms (custom)
2019-09-17 10:37:47,723 [pool-47-thread-1] INFO  server.RaftServerConfigKeys (ConfUtils.java:logGet(43)) - raft.server.rpcslowness.timeout = 1000s (custom)
2019-09-17 10:37:47,723 [pool-47-thread-1] INFO  server.RaftServerConfigKeys (ConfUtils.java:logGet(43)) - raft.server.sleep.deviation.threshold = 300 (default)
2019-09-17 10:37:47,723 [pool-47-thread-1] INFO  server.RaftServerConfigKeys (ConfUtils.java:logGet(43)) - raft.server.log.appender.install.snapshot.enabled = false (custom)
2019-09-17 10:37:47,723 [pool-47-thread-1] INFO  impl.RaftServerImpl (ServerState.java:<init>(103)) - b6175f64-249e-458f-a44d-dbefd21d1ebe@group-6683A9C9D62B: ConfigurationManager, init=-1: [b6175f64-249e-458f-a44d-dbefd21d1ebe:192.168.5.153:35096], old=null, confs=<EMPTY_MAP>
2019-09-17 10:37:47,723 [pool-47-thread-1] INFO  server.RaftServerConfigKeys (ConfUtils.java:logGet(43)) - raft.server.storage.dir = [/tmp/workdir/hadoop-ozone/integration-test/target/test-dir/MiniOzoneClusterImpl-39c25fbc-a3b4-482d-abe1-1e0ff40fa0d6/datanode-2/data/ratis] (custom)
2019-09-17 10:37:47,724 [pool-47-thread-1] INFO  storage.RaftStorageDirectory (RaftStorageDirectory.java:analyzeStorage(246)) - The storage directory /tmp/workdir/hadoop-ozone/integration-test/target/test-dir/MiniOzoneClusterImpl-39c25fbc-a3b4-482d-abe1-1e0ff40fa0d6/datanode-2/data/ratis/174ca68e-5da8-4c8d-9e8e-6683a9c9d62b does not exist. Creating ...
2019-09-17 10:37:47,767 [pool-47-thread-1] INFO  storage.RaftStorageDirectory (RaftStorageDirectory.java:tryLock(328)) - Lock on /tmp/workdir/hadoop-ozone/integration-test/target/test-dir/MiniOzoneClusterImpl-39c25fbc-a3b4-482d-abe1-1e0ff40fa0d6/datanode-2/data/ratis/174ca68e-5da8-4c8d-9e8e-6683a9c9d62b/in_use.lock acquired by nodename 31143@pr-hdds-2137-trunk-mnh2s-3748177197
2019-09-17 10:37:47,809 [pool-47-thread-1] INFO  storage.RaftStorage (RaftStorage.java:format(72)) - Storage directory /tmp/workdir/hadoop-ozone/integration-test/target/test-dir/MiniOzoneClusterImpl-39c25fbc-a3b4-482d-abe1-1e0ff40fa0d6/datanode-2/data/ratis/174ca68e-5da8-4c8d-9e8e-6683a9c9d62b has been successfully formatted.
2019-09-17 10:37:47,809 [pool-47-thread-1] INFO  ratis.ContainerStateMachine (ContainerStateMachine.java:loadSnapshot(230)) - group-6683A9C9D62B: The snapshot info is null. Setting the last applied indexto:(t:0, i:~)
2019-09-17 10:37:47,810 [pool-47-thread-1] INFO  server.RaftServerConfigKeys (ConfUtils.java:logGet(43)) - raft.server.notification.no-leader.timeout = 1000s (custom)
2019-09-17 10:37:47,810 [pool-47-thread-1] INFO  server.RaftServerConfigKeys (ConfUtils.java:logGet(43)) - raft.server.log.use.memory = false (default)
2019-09-17 10:37:47,810 [pool-47-thread-1] INFO  server.RaftServerConfigKeys (ConfUtils.java:logGet(43)) - raft.server.log.purge.gap = 1000000 (custom)
2019-09-17 10:37:47,810 [pool-47-thread-1] INFO  server.RaftServerConfigKeys (ConfUtils.java:logGet(43)) - raft.server.log.appender.buffer.byte-limit = 33554432 (custom)
2019-09-17 10:37:47,811 [pool-47-thread-1] INFO  server.RaftServerConfigKeys (ConfUtils.java:logGet(43)) - raft.server.log.segment.size.max = 1048576 (custom)
2019-09-17 10:37:47,811 [pool-47-thread-1] INFO  server.RaftServerConfigKeys (ConfUtils.java:logGet(43)) - raft.server.log.segment.cache.num.max = 2 (custom)
2019-09-17 10:37:47,811 [pool-47-thread-1] INFO  segmented.SegmentedRaftLogWorker (SegmentedRaftLogWorker.java:<init>(172)) - new b6175f64-249e-458f-a44d-dbefd21d1ebe@group-6683A9C9D62B-SegmentedRaftLogWorker for RaftStorage:Storage Directory /tmp/workdir/hadoop-ozone/integration-test/target/test-dir/MiniOzoneClusterImpl-39c25fbc-a3b4-482d-abe1-1e0ff40fa0d6/datanode-2/data/ratis/174ca68e-5da8-4c8d-9e8e-6683a9c9d62b
2019-09-17 10:37:47,821 [pool-47-thread-1] INFO  server.RaftServerConfigKeys (ConfUtils.java:logGet(43)) - raft.server.log.queue.byte-limit = 2147483647 (custom)
2019-09-17 10:37:47,821 [pool-47-thread-1] INFO  server.RaftServerConfigKeys (ConfUtils.java:logGet(43)) - raft.server.log.queue.element-limit = 1024 (custom)
2019-09-17 10:37:47,822 [pool-47-thread-1] INFO  server.RaftServerConfigKeys (ConfUtils.java:logGet(43)) - raft.server.log.segment.size.max = 1048576 (custom)
2019-09-17 10:37:47,822 [pool-47-thread-1] INFO  server.RaftServerConfigKeys (ConfUtils.java:logGet(43)) - raft.server.log.preallocated.size = 16384 (custom)
2019-09-17 10:37:47,822 [pool-47-thread-1] INFO  server.RaftServerConfigKeys (ConfUtils.java:logGet(43)) - raft.server.log.write.buffer.size = 33554432 (custom)
2019-09-17 10:37:47,822 [pool-47-thread-1] INFO  server.RaftServerConfigKeys (ConfUtils.java:logGet(43)) - raft.server.log.force.sync.num = 128 (default)
2019-09-17 10:37:47,822 [pool-47-thread-1] INFO  server.RaftServerConfigKeys (ConfUtils.java:logGet(43)) - raft.server.log.statemachine.data.sync = true (default)
2019-09-17 10:37:47,823 [pool-47-thread-1] INFO  server.RaftServerConfigKeys (ConfUtils.java:logGet(43)) - raft.server.log.statemachine.data.sync.timeout = 10s (default)
2019-09-17 10:37:47,823 [pool-47-thread-1] INFO  server.RaftServerConfigKeys (ConfUtils.java:logGet(43)) - raft.server.log.statemachine.data.sync.timeout.retry = -1 (default)
2019-09-17 10:37:47,823 [pool-47-thread-1] INFO  server.RaftServerConfigKeys (ConfUtils.java:logGet(43)) - raft.server.log.statemachine.data.caching.enabled = true (custom)
2019-09-17 10:37:47,824 [pool-47-thread-1] INFO  segmented.SegmentedRaftLogWorker (SegmentedRaftLogWorker.java:lambda$new$0(132)) - b6175f64-249e-458f-a44d-dbefd21d1ebe@group-6683A9C9D62B-SegmentedRaftLogWorker: flushIndex: setUnconditionally 0 -> -1
2019-09-17 10:37:47,824 [pool-47-thread-1] INFO  server.RaftServerConfigKeys (ConfUtils.java:logGet(43)) - raft.server.snapshot.auto.trigger.enabled = true (custom)
2019-09-17 10:37:47,824 [pool-47-thread-1] INFO  server.RaftServerConfigKeys (ConfUtils.java:logGet(43)) - raft.server.snapshot.auto.trigger.threshold = 10000 (custom)
2019-09-17 10:37:47,825 [pool-47-thread-1] INFO  server.RaftServerConfigKeys (ConfUtils.java:logGet(43)) - raft.server.snapshot.retention.num.files = 5 (custom)
2019-09-17 10:37:47,825 [pool-47-thread-1] INFO  server.RaftServerConfigKeys (ConfUtils.java:logGet(43)) - raft.server.retrycache.expirytime = 600000ms (custom)
2019-09-17 10:37:47,830 [pool-47-thread-1] INFO  impl.RaftServerImpl (RaftServerImpl.java:start(185)) - b6175f64-249e-458f-a44d-dbefd21d1ebe@group-6683A9C9D62B: start as a follower, conf=-1: [b6175f64-249e-458f-a44d-dbefd21d1ebe:192.168.5.153:35096], old=null
2019-09-17 10:37:47,831 [pool-47-thread-1] INFO  impl.RaftServerImpl (RaftServerImpl.java:setRole(174)) - b6175f64-249e-458f-a44d-dbefd21d1ebe@group-6683A9C9D62B: changes role from      null to FOLLOWER at term 0 for startAsFollower
2019-09-17 10:37:47,831 [pool-47-thread-1] INFO  impl.RoleInfo (RoleInfo.java:updateAndGet(143)) - b6175f64-249e-458f-a44d-dbefd21d1ebe: start FollowerState
2019-09-17 10:37:47,831 [pool-47-thread-1] INFO  util.JmxRegister (JmxRegister.java:tryRegister(44)) - Successfully registered JMX Bean with object name Ratis:service=RaftServer,group=group-6683A9C9D62B,id=b6175f64-249e-458f-a44d-dbefd21d1ebe
2019-09-17 10:37:47,843 [RatisPipelineUtilsThread] INFO  pipeline.PipelineStateManager (PipelineStateManager.java:addPipeline(56)) - Created pipeline Pipeline[ Id: 174ca68e-5da8-4c8d-9e8e-6683a9c9d62b, Nodes: b6175f64-249e-458f-a44d-dbefd21d1ebe{ip: 192.168.5.153, host: pr-hdds-2137-trunk-mnh2s-3748177197, networkLocation: /default-rack, certSerialId: null}, Type:RATIS, Factor:ONE, State:OPEN]
2019-09-17 10:37:47,890 [grpc-default-executor-2] INFO  impl.RaftServerProxy (RaftServerProxy.java:addNew(89)) - bc4b4373-760d-4c7b-8801-672ff5eaeda8: addNew group-86FD0B308D5A:[b6175f64-249e-458f-a44d-dbefd21d1ebe:192.168.5.153:35096, 06593742-632d-4ae8-badf-8f3851491c41:192.168.5.153:43242, bc4b4373-760d-4c7b-8801-672ff5eaeda8:192.168.5.153:44913] returns group-86FD0B308D5A:java.util.concurrent.CompletableFuture@49755e96[Not completed]
2019-09-17 10:37:47,895 [grpc-default-executor-2] INFO  impl.RaftServerProxy (RaftServerProxy.java:addNew(89)) - 06593742-632d-4ae8-badf-8f3851491c41: addNew group-86FD0B308D5A:[b6175f64-249e-458f-a44d-dbefd21d1ebe:192.168.5.153:35096, 06593742-632d-4ae8-badf-8f3851491c41:192.168.5.153:43242, bc4b4373-760d-4c7b-8801-672ff5eaeda8:192.168.5.153:44913] returns group-86FD0B308D5A:java.util.concurrent.CompletableFuture@267fffb1[Not completed]
2019-09-17 10:37:47,896 [pool-37-thread-1] INFO  impl.RaftServerImpl (RaftServerImpl.java:<init>(95)) - bc4b4373-760d-4c7b-8801-672ff5eaeda8: new RaftServerImpl for group-86FD0B308D5A:[b6175f64-249e-458f-a44d-dbefd21d1ebe:192.168.5.153:35096, 06593742-632d-4ae8-badf-8f3851491c41:192.168.5.153:43242, bc4b4373-760d-4c7b-8801-672ff5eaeda8:192.168.5.153:44913] with ContainerStateMachine:uninitialized
2019-09-17 10:37:47,896 [pool-37-thread-1] INFO  server.RaftServerConfigKeys (ConfUtils.java:logGet(43)) - raft.server.rpc.timeout.min = 5s (custom)
2019-09-17 10:37:47,896 [pool-37-thread-1] INFO  server.RaftServerConfigKeys (ConfUtils.java:logGet(43)) - raft.server.rpc.timeout.max = 5200ms (custom)
2019-09-17 10:37:47,902 [pool-37-thread-1] INFO  server.RaftServerConfigKeys (ConfUtils.java:logGet(43)) - raft.server.rpcslowness.timeout = 1000s (custom)
2019-09-17 10:37:47,902 [pool-37-thread-1] INFO  server.RaftServerConfigKeys (ConfUtils.java:logGet(43)) - raft.server.sleep.deviation.threshold = 300 (default)
2019-09-17 10:37:47,902 [pool-37-thread-1] INFO  server.RaftServerConfigKeys (ConfUtils.java:logGet(43)) - raft.server.log.appender.install.snapshot.enabled = false (custom)
2019-09-17 10:37:47,902 [pool-37-thread-1] INFO  impl.RaftServerImpl (ServerState.java:<init>(103)) - bc4b4373-760d-4c7b-8801-672ff5eaeda8@group-86FD0B308D5A: ConfigurationManager, init=-1: [b6175f64-249e-458f-a44d-dbefd21d1ebe:192.168.5.153:35096, 06593742-632d-4ae8-badf-8f3851491c41:192.168.5.153:43242, bc4b4373-760d-4c7b-8801-672ff5eaeda8:192.168.5.153:44913], old=null, confs=<EMPTY_MAP>
2019-09-17 10:37:47,904 [pool-37-thread-1] INFO  server.RaftServerConfigKeys (ConfUtils.java:logGet(43)) - raft.server.storage.dir = [/tmp/workdir/hadoop-ozone/integration-test/target/test-dir/MiniOzoneClusterImpl-39c25fbc-a3b4-482d-abe1-1e0ff40fa0d6/datanode-1/data/ratis] (custom)
2019-09-17 10:37:47,904 [pool-37-thread-1] INFO  storage.RaftStorageDirectory (RaftStorageDirectory.java:analyzeStorage(246)) - The storage directory /tmp/workdir/hadoop-ozone/integration-test/target/test-dir/MiniOzoneClusterImpl-39c25fbc-a3b4-482d-abe1-1e0ff40fa0d6/datanode-1/data/ratis/cd64220d-de2a-45e8-8579-86fd0b308d5a does not exist. Creating ...
2019-09-17 10:37:47,904 [grpc-default-executor-2] INFO  impl.RaftServerProxy (RaftServerProxy.java:addNew(89)) - b6175f64-249e-458f-a44d-dbefd21d1ebe: addNew group-86FD0B308D5A:[b6175f64-249e-458f-a44d-dbefd21d1ebe:192.168.5.153:35096, 06593742-632d-4ae8-badf-8f3851491c41:192.168.5.153:43242, bc4b4373-760d-4c7b-8801-672ff5eaeda8:192.168.5.153:44913] returns group-86FD0B308D5A:java.util.concurrent.CompletableFuture@3db14562[Not completed]
2019-09-17 10:37:47,904 [pool-57-thread-1] INFO  impl.RaftServerImpl (RaftServerImpl.java:<init>(95)) - 06593742-632d-4ae8-badf-8f3851491c41: new RaftServerImpl for group-86FD0B308D5A:[b6175f64-249e-458f-a44d-dbefd21d1ebe:192.168.5.153:35096, 06593742-632d-4ae8-badf-8f3851491c41:192.168.5.153:43242, bc4b4373-760d-4c7b-8801-672ff5eaeda8:192.168.5.153:44913] with ContainerStateMachine:uninitialized
2019-09-17 10:37:47,905 [pool-57-thread-1] INFO  server.RaftServerConfigKeys (ConfUtils.java:logGet(43)) - raft.server.rpc.timeout.min = 5s (custom)
2019-09-17 10:37:47,905 [pool-57-thread-1] INFO  server.RaftServerConfigKeys (ConfUtils.java:logGet(43)) - raft.server.rpc.timeout.max = 5200ms (custom)
2019-09-17 10:37:47,905 [pool-57-thread-1] INFO  server.RaftServerConfigKeys (ConfUtils.java:logGet(43)) - raft.server.rpcslowness.timeout = 1000s (custom)
2019-09-17 10:37:47,905 [pool-57-thread-1] INFO  server.RaftServerConfigKeys (ConfUtils.java:logGet(43)) - raft.server.sleep.deviation.threshold = 300 (default)
2019-09-17 10:37:47,906 [pool-57-thread-1] INFO  server.RaftServerConfigKeys (ConfUtils.java:logGet(43)) - raft.server.log.appender.install.snapshot.enabled = false (custom)
2019-09-17 10:37:47,906 [pool-47-thread-1] INFO  impl.RaftServerImpl (RaftServerImpl.java:<init>(95)) - b6175f64-249e-458f-a44d-dbefd21d1ebe: new RaftServerImpl for group-86FD0B308D5A:[b6175f64-249e-458f-a44d-dbefd21d1ebe:192.168.5.153:35096, 06593742-632d-4ae8-badf-8f3851491c41:192.168.5.153:43242, bc4b4373-760d-4c7b-8801-672ff5eaeda8:192.168.5.153:44913] with ContainerStateMachine:uninitialized
2019-09-17 10:37:47,906 [pool-57-thread-1] INFO  impl.RaftServerImpl (ServerState.java:<init>(103)) - 06593742-632d-4ae8-badf-8f3851491c41@group-86FD0B308D5A: ConfigurationManager, init=-1: [b6175f64-249e-458f-a44d-dbefd21d1ebe:192.168.5.153:35096, 06593742-632d-4ae8-badf-8f3851491c41:192.168.5.153:43242, bc4b4373-760d-4c7b-8801-672ff5eaeda8:192.168.5.153:44913], old=null, confs=<EMPTY_MAP>
2019-09-17 10:37:47,906 [pool-47-thread-1] INFO  server.RaftServerConfigKeys (ConfUtils.java:logGet(43)) - raft.server.rpc.timeout.min = 5s (custom)
2019-09-17 10:37:47,906 [pool-57-thread-1] INFO  server.RaftServerConfigKeys (ConfUtils.java:logGet(43)) - raft.server.storage.dir = [/tmp/workdir/hadoop-ozone/integration-test/target/test-dir/MiniOzoneClusterImpl-39c25fbc-a3b4-482d-abe1-1e0ff40fa0d6/datanode-3/data/ratis] (custom)
2019-09-17 10:37:47,906 [pool-47-thread-1] INFO  server.RaftServerConfigKeys (ConfUtils.java:logGet(43)) - raft.server.rpc.timeout.max = 5200ms (custom)
2019-09-17 10:37:47,907 [pool-47-thread-1] INFO  server.RaftServerConfigKeys (ConfUtils.java:logGet(43)) - raft.server.rpcslowness.timeout = 1000s (custom)
2019-09-17 10:37:47,907 [pool-57-thread-1] INFO  storage.RaftStorageDirectory (RaftStorageDirectory.java:analyzeStorage(246)) - The storage directory /tmp/workdir/hadoop-ozone/integration-test/target/test-dir/MiniOzoneClusterImpl-39c25fbc-a3b4-482d-abe1-1e0ff40fa0d6/datanode-3/data/ratis/cd64220d-de2a-45e8-8579-86fd0b308d5a does not exist. Creating ...
2019-09-17 10:37:47,907 [pool-47-thread-1] INFO  server.RaftServerConfigKeys (ConfUtils.java:logGet(43)) - raft.server.sleep.deviation.threshold = 300 (default)
2019-09-17 10:37:47,907 [pool-47-thread-1] INFO  server.RaftServerConfigKeys (ConfUtils.java:logGet(43)) - raft.server.log.appender.install.snapshot.enabled = false (custom)
2019-09-17 10:37:47,908 [pool-47-thread-1] INFO  impl.RaftServerImpl (ServerState.java:<init>(103)) - b6175f64-249e-458f-a44d-dbefd21d1ebe@group-86FD0B308D5A: ConfigurationManager, init=-1: [b6175f64-249e-458f-a44d-dbefd21d1ebe:192.168.5.153:35096, 06593742-632d-4ae8-badf-8f3851491c41:192.168.5.153:43242, bc4b4373-760d-4c7b-8801-672ff5eaeda8:192.168.5.153:44913], old=null, confs=<EMPTY_MAP>
2019-09-17 10:37:47,908 [pool-47-thread-1] INFO  server.RaftServerConfigKeys (ConfUtils.java:logGet(43)) - raft.server.storage.dir = [/tmp/workdir/hadoop-ozone/integration-test/target/test-dir/MiniOzoneClusterImpl-39c25fbc-a3b4-482d-abe1-1e0ff40fa0d6/datanode-2/data/ratis] (custom)
2019-09-17 10:37:47,908 [pool-47-thread-1] INFO  storage.RaftStorageDirectory (RaftStorageDirectory.java:analyzeStorage(246)) - The storage directory /tmp/workdir/hadoop-ozone/integration-test/target/test-dir/MiniOzoneClusterImpl-39c25fbc-a3b4-482d-abe1-1e0ff40fa0d6/datanode-2/data/ratis/cd64220d-de2a-45e8-8579-86fd0b308d5a does not exist. Creating ...
2019-09-17 10:37:47,926 [pool-37-thread-1] INFO  storage.RaftStorageDirectory (RaftStorageDirectory.java:tryLock(328)) - Lock on /tmp/workdir/hadoop-ozone/integration-test/target/test-dir/MiniOzoneClusterImpl-39c25fbc-a3b4-482d-abe1-1e0ff40fa0d6/datanode-1/data/ratis/cd64220d-de2a-45e8-8579-86fd0b308d5a/in_use.lock acquired by nodename 31143@pr-hdds-2137-trunk-mnh2s-3748177197
2019-09-17 10:37:47,926 [pool-57-thread-1] INFO  storage.RaftStorageDirectory (RaftStorageDirectory.java:tryLock(328)) - Lock on /tmp/workdir/hadoop-ozone/integration-test/target/test-dir/MiniOzoneClusterImpl-39c25fbc-a3b4-482d-abe1-1e0ff40fa0d6/datanode-3/data/ratis/cd64220d-de2a-45e8-8579-86fd0b308d5a/in_use.lock acquired by nodename 31143@pr-hdds-2137-trunk-mnh2s-3748177197
2019-09-17 10:37:47,926 [pool-47-thread-1] INFO  storage.RaftStorageDirectory (RaftStorageDirectory.java:tryLock(328)) - Lock on /tmp/workdir/hadoop-ozone/integration-test/target/test-dir/MiniOzoneClusterImpl-39c25fbc-a3b4-482d-abe1-1e0ff40fa0d6/datanode-2/data/ratis/cd64220d-de2a-45e8-8579-86fd0b308d5a/in_use.lock acquired by nodename 31143@pr-hdds-2137-trunk-mnh2s-3748177197
2019-09-17 10:37:47,944 [pool-37-thread-1] INFO  storage.RaftStorage (RaftStorage.java:format(72)) - Storage directory /tmp/workdir/hadoop-ozone/integration-test/target/test-dir/MiniOzoneClusterImpl-39c25fbc-a3b4-482d-abe1-1e0ff40fa0d6/datanode-1/data/ratis/cd64220d-de2a-45e8-8579-86fd0b308d5a has been successfully formatted.
2019-09-17 10:37:47,944 [pool-57-thread-1] INFO  storage.RaftStorage (RaftStorage.java:format(72)) - Storage directory /tmp/workdir/hadoop-ozone/integration-test/target/test-dir/MiniOzoneClusterImpl-39c25fbc-a3b4-482d-abe1-1e0ff40fa0d6/datanode-3/data/ratis/cd64220d-de2a-45e8-8579-86fd0b308d5a has been successfully formatted.
2019-09-17 10:37:47,944 [pool-47-thread-1] INFO  storage.RaftStorage (RaftStorage.java:format(72)) - Storage directory /tmp/workdir/hadoop-ozone/integration-test/target/test-dir/MiniOzoneClusterImpl-39c25fbc-a3b4-482d-abe1-1e0ff40fa0d6/datanode-2/data/ratis/cd64220d-de2a-45e8-8579-86fd0b308d5a has been successfully formatted.
2019-09-17 10:37:47,944 [pool-37-thread-1] INFO  ratis.ContainerStateMachine (ContainerStateMachine.java:loadSnapshot(230)) - group-86FD0B308D5A: The snapshot info is null. Setting the last applied indexto:(t:0, i:~)
2019-09-17 10:37:47,944 [pool-57-thread-1] INFO  ratis.ContainerStateMachine (ContainerStateMachine.java:loadSnapshot(230)) - group-86FD0B308D5A: The snapshot info is null. Setting the last applied indexto:(t:0, i:~)
2019-09-17 10:37:47,944 [pool-47-thread-1] INFO  ratis.ContainerStateMachine (ContainerStateMachine.java:loadSnapshot(230)) - group-86FD0B308D5A: The snapshot info is null. Setting the last applied indexto:(t:0, i:~)
2019-09-17 10:37:47,944 [pool-37-thread-1] INFO  server.RaftServerConfigKeys (ConfUtils.java:logGet(43)) - raft.server.notification.no-leader.timeout = 1000s (custom)
2019-09-17 10:37:47,945 [pool-47-thread-1] INFO  server.RaftServerConfigKeys (ConfUtils.java:logGet(43)) - raft.server.notification.no-leader.timeout = 1000s (custom)
2019-09-17 10:37:47,945 [pool-57-thread-1] INFO  server.RaftServerConfigKeys (ConfUtils.java:logGet(43)) - raft.server.notification.no-leader.timeout = 1000s (custom)
2019-09-17 10:37:47,945 [pool-47-thread-1] INFO  server.RaftServerConfigKeys (ConfUtils.java:logGet(43)) - raft.server.log.use.memory = false (default)
2019-09-17 10:37:47,945 [pool-37-thread-1] INFO  server.RaftServerConfigKeys (ConfUtils.java:logGet(43)) - raft.server.log.use.memory = false (default)
2019-09-17 10:37:47,945 [pool-47-thread-1] INFO  server.RaftServerConfigKeys (ConfUtils.java:logGet(43)) - raft.server.log.purge.gap = 1000000 (custom)
2019-09-17 10:37:47,945 [pool-57-thread-1] INFO  server.RaftServerConfigKeys (ConfUtils.java:logGet(43)) - raft.server.log.use.memory = false (default)
2019-09-17 10:37:47,946 [pool-47-thread-1] INFO  server.RaftServerConfigKeys (ConfUtils.java:logGet(43)) - raft.server.log.appender.buffer.byte-limit = 33554432 (custom)
2019-09-17 10:37:47,946 [pool-37-thread-1] INFO  server.RaftServerConfigKeys (ConfUtils.java:logGet(43)) - raft.server.log.purge.gap = 1000000 (custom)
2019-09-17 10:37:47,946 [pool-47-thread-1] INFO  server.RaftServerConfigKeys (ConfUtils.java:logGet(43)) - raft.server.log.segment.size.max = 1048576 (custom)
2019-09-17 10:37:47,946 [pool-57-thread-1] INFO  server.RaftServerConfigKeys (ConfUtils.java:logGet(43)) - raft.server.log.purge.gap = 1000000 (custom)
2019-09-17 10:37:47,947 [pool-47-thread-1] INFO  server.RaftServerConfigKeys (ConfUtils.java:logGet(43)) - raft.server.log.segment.cache.num.max = 2 (custom)
2019-09-17 10:37:47,946 [pool-37-thread-1] INFO  server.RaftServerConfigKeys (ConfUtils.java:logGet(43)) - raft.server.log.appender.buffer.byte-limit = 33554432 (custom)
2019-09-17 10:37:47,947 [pool-47-thread-1] INFO  segmented.SegmentedRaftLogWorker (SegmentedRaftLogWorker.java:<init>(172)) - new b6175f64-249e-458f-a44d-dbefd21d1ebe@group-86FD0B308D5A-SegmentedRaftLogWorker for RaftStorage:Storage Directory /tmp/workdir/hadoop-ozone/integration-test/target/test-dir/MiniOzoneClusterImpl-39c25fbc-a3b4-482d-abe1-1e0ff40fa0d6/datanode-2/data/ratis/cd64220d-de2a-45e8-8579-86fd0b308d5a
2019-09-17 10:37:47,947 [pool-57-thread-1] INFO  server.RaftServerConfigKeys (ConfUtils.java:logGet(43)) - raft.server.log.appender.buffer.byte-limit = 33554432 (custom)
2019-09-17 10:37:47,947 [pool-47-thread-1] INFO  server.RaftServerConfigKeys (ConfUtils.java:logGet(43)) - raft.server.log.queue.byte-limit = 2147483647 (custom)
2019-09-17 10:37:47,947 [pool-37-thread-1] INFO  server.RaftServerConfigKeys (ConfUtils.java:logGet(43)) - raft.server.log.segment.size.max = 1048576 (custom)
2019-09-17 10:37:47,948 [pool-47-thread-1] INFO  server.RaftServerConfigKeys (ConfUtils.java:logGet(43)) - raft.server.log.queue.element-limit = 1024 (custom)
2019-09-17 10:37:47,947 [pool-57-thread-1] INFO  server.RaftServerConfigKeys (ConfUtils.java:logGet(43)) - raft.server.log.segment.size.max = 1048576 (custom)
2019-09-17 10:37:47,948 [pool-47-thread-1] INFO  server.RaftServerConfigKeys (ConfUtils.java:logGet(43)) - raft.server.log.segment.size.max = 1048576 (custom)
2019-09-17 10:37:47,948 [pool-37-thread-1] INFO  server.RaftServerConfigKeys (ConfUtils.java:logGet(43)) - raft.server.log.segment.cache.num.max = 2 (custom)
2019-09-17 10:37:47,948 [pool-47-thread-1] INFO  server.RaftServerConfigKeys (ConfUtils.java:logGet(43)) - raft.server.log.preallocated.size = 16384 (custom)
2019-09-17 10:37:47,948 [pool-57-thread-1] INFO  server.RaftServerConfigKeys (ConfUtils.java:logGet(43)) - raft.server.log.segment.cache.num.max = 2 (custom)
2019-09-17 10:37:47,949 [pool-47-thread-1] INFO  server.RaftServerConfigKeys (ConfUtils.java:logGet(43)) - raft.server.log.write.buffer.size = 33554432 (custom)
2019-09-17 10:37:47,948 [pool-37-thread-1] INFO  segmented.SegmentedRaftLogWorker (SegmentedRaftLogWorker.java:<init>(172)) - new bc4b4373-760d-4c7b-8801-672ff5eaeda8@group-86FD0B308D5A-SegmentedRaftLogWorker for RaftStorage:Storage Directory /tmp/workdir/hadoop-ozone/integration-test/target/test-dir/MiniOzoneClusterImpl-39c25fbc-a3b4-482d-abe1-1e0ff40fa0d6/datanode-1/data/ratis/cd64220d-de2a-45e8-8579-86fd0b308d5a
2019-09-17 10:37:47,949 [pool-47-thread-1] INFO  server.RaftServerConfigKeys (ConfUtils.java:logGet(43)) - raft.server.log.force.sync.num = 128 (default)
2019-09-17 10:37:47,949 [pool-57-thread-1] INFO  segmented.SegmentedRaftLogWorker (SegmentedRaftLogWorker.java:<init>(172)) - new 06593742-632d-4ae8-badf-8f3851491c41@group-86FD0B308D5A-SegmentedRaftLogWorker for RaftStorage:Storage Directory /tmp/workdir/hadoop-ozone/integration-test/target/test-dir/MiniOzoneClusterImpl-39c25fbc-a3b4-482d-abe1-1e0ff40fa0d6/datanode-3/data/ratis/cd64220d-de2a-45e8-8579-86fd0b308d5a
2019-09-17 10:37:47,950 [pool-47-thread-1] INFO  server.RaftServerConfigKeys (ConfUtils.java:logGet(43)) - raft.server.log.statemachine.data.sync = true (default)
2019-09-17 10:37:47,949 [pool-37-thread-1] INFO  server.RaftServerConfigKeys (ConfUtils.java:logGet(43)) - raft.server.log.queue.byte-limit = 2147483647 (custom)
2019-09-17 10:37:47,950 [pool-47-thread-1] INFO  server.RaftServerConfigKeys (ConfUtils.java:logGet(43)) - raft.server.log.statemachine.data.sync.timeout = 10s (default)
2019-09-17 10:37:47,950 [pool-57-thread-1] INFO  server.RaftServerConfigKeys (ConfUtils.java:logGet(43)) - raft.server.log.queue.byte-limit = 2147483647 (custom)
2019-09-17 10:37:47,950 [pool-47-thread-1] INFO  server.RaftServerConfigKeys (ConfUtils.java:logGet(43)) - raft.server.log.statemachine.data.sync.timeout.retry = -1 (default)
2019-09-17 10:37:47,950 [pool-37-thread-1] INFO  server.RaftServerConfigKeys (ConfUtils.java:logGet(43)) - raft.server.log.queue.element-limit = 1024 (custom)
2019-09-17 10:37:47,951 [pool-57-thread-1] INFO  server.RaftServerConfigKeys (ConfUtils.java:logGet(43)) - raft.server.log.queue.element-limit = 1024 (custom)
2019-09-17 10:37:47,951 [pool-37-thread-1] INFO  server.RaftServerConfigKeys (ConfUtils.java:logGet(43)) - raft.server.log.segment.size.max = 1048576 (custom)
2019-09-17 10:37:47,951 [pool-47-thread-1] INFO  server.RaftServerConfigKeys (ConfUtils.java:logGet(43)) - raft.server.log.statemachine.data.caching.enabled = true (custom)
2019-09-17 10:37:47,951 [pool-37-thread-1] INFO  server.RaftServerConfigKeys (ConfUtils.java:logGet(43)) - raft.server.log.preallocated.size = 16384 (custom)
2019-09-17 10:37:47,951 [pool-57-thread-1] INFO  server.RaftServerConfigKeys (ConfUtils.java:logGet(43)) - raft.server.log.segment.size.max = 1048576 (custom)
2019-09-17 10:37:47,952 [pool-47-thread-1] INFO  segmented.SegmentedRaftLogWorker (SegmentedRaftLogWorker.java:lambda$new$0(132)) - b6175f64-249e-458f-a44d-dbefd21d1ebe@group-86FD0B308D5A-SegmentedRaftLogWorker: flushIndex: setUnconditionally 0 -> -1
2019-09-17 10:37:47,951 [pool-37-thread-1] INFO  server.RaftServerConfigKeys (ConfUtils.java:logGet(43)) - raft.server.log.write.buffer.size = 33554432 (custom)
2019-09-17 10:37:47,952 [pool-57-thread-1] INFO  server.RaftServerConfigKeys (ConfUtils.java:logGet(43)) - raft.server.log.preallocated.size = 16384 (custom)
2019-09-17 10:37:47,952 [pool-47-thread-1] INFO  server.RaftServerConfigKeys (ConfUtils.java:logGet(43)) - raft.server.snapshot.auto.trigger.enabled = true (custom)
2019-09-17 10:37:47,952 [pool-37-thread-1] INFO  server.RaftServerConfigKeys (ConfUtils.java:logGet(43)) - raft.server.log.force.sync.num = 128 (default)
2019-09-17 10:37:47,952 [pool-47-thread-1] INFO  server.RaftServerConfigKeys (ConfUtils.java:logGet(43)) - raft.server.snapshot.auto.trigger.threshold = 10000 (custom)
2019-09-17 10:37:47,952 [pool-57-thread-1] INFO  server.RaftServerConfigKeys (ConfUtils.java:logGet(43)) - raft.server.log.write.buffer.size = 33554432 (custom)
2019-09-17 10:37:47,953 [pool-47-thread-1] INFO  server.RaftServerConfigKeys (ConfUtils.java:logGet(43)) - raft.server.snapshot.retention.num.files = 5 (custom)
2019-09-17 10:37:47,953 [pool-37-thread-1] INFO  server.RaftServerConfigKeys (ConfUtils.java:logGet(43)) - raft.server.log.statemachine.data.sync = true (default)
2019-09-17 10:37:47,953 [pool-57-thread-1] INFO  server.RaftServerConfigKeys (ConfUtils.java:logGet(43)) - raft.server.log.force.sync.num = 128 (default)
2019-09-17 10:37:47,953 [pool-37-thread-1] INFO  server.RaftServerConfigKeys (ConfUtils.java:logGet(43)) - raft.server.log.statemachine.data.sync.timeout = 10s (default)
2019-09-17 10:37:47,953 [pool-47-thread-1] INFO  server.RaftServerConfigKeys (ConfUtils.java:logGet(43)) - raft.server.retrycache.expirytime = 600000ms (custom)
2019-09-17 10:37:47,954 [pool-37-thread-1] INFO  server.RaftServerConfigKeys (ConfUtils.java:logGet(43)) - raft.server.log.statemachine.data.sync.timeout.retry = -1 (default)
2019-09-17 10:37:47,953 [pool-57-thread-1] INFO  server.RaftServerConfigKeys (ConfUtils.java:logGet(43)) - raft.server.log.statemachine.data.sync = true (default)
2019-09-17 10:37:47,954 [pool-37-thread-1] INFO  server.RaftServerConfigKeys (ConfUtils.java:logGet(43)) - raft.server.log.statemachine.data.caching.enabled = true (custom)
2019-09-17 10:37:47,954 [pool-57-thread-1] INFO  server.RaftServerConfigKeys (ConfUtils.java:logGet(43)) - raft.server.log.statemachine.data.sync.timeout = 10s (default)
2019-09-17 10:37:47,954 [pool-37-thread-1] INFO  segmented.SegmentedRaftLogWorker (SegmentedRaftLogWorker.java:lambda$new$0(132)) - bc4b4373-760d-4c7b-8801-672ff5eaeda8@group-86FD0B308D5A-SegmentedRaftLogWorker: flushIndex: setUnconditionally 0 -> -1
2019-09-17 10:37:47,954 [pool-57-thread-1] INFO  server.RaftServerConfigKeys (ConfUtils.java:logGet(43)) - raft.server.log.statemachine.data.sync.timeout.retry = -1 (default)
2019-09-17 10:37:47,955 [pool-37-thread-1] INFO  server.RaftServerConfigKeys (ConfUtils.java:logGet(43)) - raft.server.snapshot.auto.trigger.enabled = true (custom)
2019-09-17 10:37:47,955 [pool-37-thread-1] INFO  server.RaftServerConfigKeys (ConfUtils.java:logGet(43)) - raft.server.snapshot.auto.trigger.threshold = 10000 (custom)
2019-09-17 10:37:47,955 [pool-57-thread-1] INFO  server.RaftServerConfigKeys (ConfUtils.java:logGet(43)) - raft.server.log.statemachine.data.caching.enabled = true (custom)
2019-09-17 10:37:47,955 [pool-37-thread-1] INFO  server.RaftServerConfigKeys (ConfUtils.java:logGet(43)) - raft.server.snapshot.retention.num.files = 5 (custom)
2019-09-17 10:37:47,955 [pool-37-thread-1] INFO  server.RaftServerConfigKeys (ConfUtils.java:logGet(43)) - raft.server.retrycache.expirytime = 600000ms (custom)
2019-09-17 10:37:47,955 [pool-57-thread-1] INFO  segmented.SegmentedRaftLogWorker (SegmentedRaftLogWorker.java:lambda$new$0(132)) - 06593742-632d-4ae8-badf-8f3851491c41@group-86FD0B308D5A-SegmentedRaftLogWorker: flushIndex: setUnconditionally 0 -> -1
2019-09-17 10:37:47,956 [pool-57-thread-1] INFO  server.RaftServerConfigKeys (ConfUtils.java:logGet(43)) - raft.server.snapshot.auto.trigger.enabled = true (custom)
2019-09-17 10:37:47,956 [pool-57-thread-1] INFO  server.RaftServerConfigKeys (ConfUtils.java:logGet(43)) - raft.server.snapshot.auto.trigger.threshold = 10000 (custom)
2019-09-17 10:37:47,956 [pool-57-thread-1] INFO  server.RaftServerConfigKeys (ConfUtils.java:logGet(43)) - raft.server.snapshot.retention.num.files = 5 (custom)
2019-09-17 10:37:47,956 [pool-57-thread-1] INFO  server.RaftServerConfigKeys (ConfUtils.java:logGet(43)) - raft.server.retrycache.expirytime = 600000ms (custom)
2019-09-17 10:37:47,959 [pool-47-thread-1] INFO  impl.RaftServerImpl (RaftServerImpl.java:start(185)) - b6175f64-249e-458f-a44d-dbefd21d1ebe@group-86FD0B308D5A: start as a follower, conf=-1: [b6175f64-249e-458f-a44d-dbefd21d1ebe:192.168.5.153:35096, 06593742-632d-4ae8-badf-8f3851491c41:192.168.5.153:43242, bc4b4373-760d-4c7b-8801-672ff5eaeda8:192.168.5.153:44913], old=null
2019-09-17 10:37:47,959 [pool-47-thread-1] INFO  impl.RaftServerImpl (RaftServerImpl.java:setRole(174)) - b6175f64-249e-458f-a44d-dbefd21d1ebe@group-86FD0B308D5A: changes role from      null to FOLLOWER at term 0 for startAsFollower
2019-09-17 10:37:47,959 [pool-47-thread-1] INFO  impl.RoleInfo (RoleInfo.java:updateAndGet(143)) - b6175f64-249e-458f-a44d-dbefd21d1ebe: start FollowerState
2019-09-17 10:37:47,960 [pool-47-thread-1] INFO  util.JmxRegister (JmxRegister.java:tryRegister(44)) - Successfully registered JMX Bean with object name Ratis:service=RaftServer,group=group-86FD0B308D5A,id=b6175f64-249e-458f-a44d-dbefd21d1ebe
2019-09-17 10:37:47,960 [pool-37-thread-1] INFO  impl.RaftServerImpl (RaftServerImpl.java:start(185)) - bc4b4373-760d-4c7b-8801-672ff5eaeda8@group-86FD0B308D5A: start as a follower, conf=-1: [b6175f64-249e-458f-a44d-dbefd21d1ebe:192.168.5.153:35096, 06593742-632d-4ae8-badf-8f3851491c41:192.168.5.153:43242, bc4b4373-760d-4c7b-8801-672ff5eaeda8:192.168.5.153:44913], old=null
2019-09-17 10:37:47,960 [pool-37-thread-1] INFO  impl.RaftServerImpl (RaftServerImpl.java:setRole(174)) - bc4b4373-760d-4c7b-8801-672ff5eaeda8@group-86FD0B308D5A: changes role from      null to FOLLOWER at term 0 for startAsFollower
2019-09-17 10:37:47,960 [pool-37-thread-1] INFO  impl.RoleInfo (RoleInfo.java:updateAndGet(143)) - bc4b4373-760d-4c7b-8801-672ff5eaeda8: start FollowerState
2019-09-17 10:37:47,961 [pool-37-thread-1] INFO  util.JmxRegister (JmxRegister.java:tryRegister(44)) - Successfully registered JMX Bean with object name Ratis:service=RaftServer,group=group-86FD0B308D5A,id=bc4b4373-760d-4c7b-8801-672ff5eaeda8
2019-09-17 10:37:47,964 [pool-57-thread-1] INFO  impl.RaftServerImpl (RaftServerImpl.java:start(185)) - 06593742-632d-4ae8-badf-8f3851491c41@group-86FD0B308D5A: start as a follower, conf=-1: [b6175f64-249e-458f-a44d-dbefd21d1ebe:192.168.5.153:35096, 06593742-632d-4ae8-badf-8f3851491c41:192.168.5.153:43242, bc4b4373-760d-4c7b-8801-672ff5eaeda8:192.168.5.153:44913], old=null
2019-09-17 10:37:47,966 [pool-57-thread-1] INFO  impl.RaftServerImpl (RaftServerImpl.java:setRole(174)) - 06593742-632d-4ae8-badf-8f3851491c41@group-86FD0B308D5A: changes role from      null to FOLLOWER at term 0 for startAsFollower
2019-09-17 10:37:47,967 [pool-57-thread-1] INFO  impl.RoleInfo (RoleInfo.java:updateAndGet(143)) - 06593742-632d-4ae8-badf-8f3851491c41: start FollowerState
2019-09-17 10:37:47,968 [pool-57-thread-1] INFO  util.JmxRegister (JmxRegister.java:tryRegister(44)) - Successfully registered JMX Bean with object name Ratis:service=RaftServer,group=group-86FD0B308D5A,id=06593742-632d-4ae8-badf-8f3851491c41
2019-09-17 10:37:47,992 [RatisPipelineUtilsThread] INFO  pipeline.PipelineStateManager (PipelineStateManager.java:addPipeline(56)) - Created pipeline Pipeline[ Id: cd64220d-de2a-45e8-8579-86fd0b308d5a, Nodes: 06593742-632d-4ae8-badf-8f3851491c41{ip: 192.168.5.153, host: pr-hdds-2137-trunk-mnh2s-3748177197, networkLocation: /default-rack, certSerialId: null}bc4b4373-760d-4c7b-8801-672ff5eaeda8{ip: 192.168.5.153, host: pr-hdds-2137-trunk-mnh2s-3748177197, networkLocation: /default-rack, certSerialId: null}b6175f64-249e-458f-a44d-dbefd21d1ebe{ip: 192.168.5.153, host: pr-hdds-2137-trunk-mnh2s-3748177197, networkLocation: /default-rack, certSerialId: null}, Type:RATIS, Factor:THREE, State:OPEN]
2019-09-17 10:37:48,168 [main] INFO  rpc.RpcClient (RpcClient.java:createVolume(302)) - Creating Volume: testcontainerstatemachinefailures, with jenkins1000 as owner.
2019-09-17 10:37:48,287 [IPC Server handler 1 on 40181] INFO  volume.OMVolumeCreateRequest (OMVolumeCreateRequest.java:validateAndUpdateCache(189)) - created volume:testcontainerstatemachinefailures for user:jenkins1000
2019-09-17 10:37:48,324 [main] INFO  rpc.RpcClient (RpcClient.java:createBucket(441)) - Creating Bucket: testcontainerstatemachinefailures/testcontainerstatemachinefailures, with Versioning false and Storage Type set to DISK and Encryption set to false 
2019-09-17 10:37:48,810 [EventQueue-StaleNodeForStaleNodeHandler] INFO  node.StaleNodeHandler (StaleNodeHandler.java:onMessage(58)) - Datanode 06593742-632d-4ae8-badf-8f3851491c41{ip: 192.168.5.153, host: pr-hdds-2137-trunk-mnh2s-3748177197, networkLocation: /default-rack, certSerialId: null} moved to stale state. Finalizing its pipelines [PipelineID=4e20f44f-7552-49da-a6f2-5b2df3cb8120, PipelineID=cd64220d-de2a-45e8-8579-86fd0b308d5a]
2019-09-17 10:37:48,811 [EventQueue-StaleNodeForStaleNodeHandler] INFO  pipeline.SCMPipelineManager (SCMPipelineManager.java:finalizeAndDestroyPipeline(311)) - destroying pipeline:Pipeline[ Id: 4e20f44f-7552-49da-a6f2-5b2df3cb8120, Nodes: 06593742-632d-4ae8-badf-8f3851491c41{ip: 192.168.5.153, host: pr-hdds-2137-trunk-mnh2s-3748177197, networkLocation: /default-rack, certSerialId: null}, Type:RATIS, Factor:ONE, State:OPEN]
2019-09-17 10:37:48,824 [EventQueue-StaleNodeForStaleNodeHandler] INFO  pipeline.PipelineStateManager (PipelineStateManager.java:finalizePipeline(123)) - Pipeline Pipeline[ Id: 4e20f44f-7552-49da-a6f2-5b2df3cb8120, Nodes: 06593742-632d-4ae8-badf-8f3851491c41{ip: 192.168.5.153, host: pr-hdds-2137-trunk-mnh2s-3748177197, networkLocation: /default-rack, certSerialId: null}, Type:RATIS, Factor:ONE, State:CLOSED] moved to CLOSED state
2019-09-17 10:37:48,836 [EventQueue-StaleNodeForStaleNodeHandler] INFO  pipeline.SCMPipelineManager (SCMPipelineManager.java:finalizeAndDestroyPipeline(311)) - destroying pipeline:Pipeline[ Id: cd64220d-de2a-45e8-8579-86fd0b308d5a, Nodes: 06593742-632d-4ae8-badf-8f3851491c41{ip: 192.168.5.153, host: pr-hdds-2137-trunk-mnh2s-3748177197, networkLocation: /default-rack, certSerialId: null}bc4b4373-760d-4c7b-8801-672ff5eaeda8{ip: 192.168.5.153, host: pr-hdds-2137-trunk-mnh2s-3748177197, networkLocation: /default-rack, certSerialId: null}b6175f64-249e-458f-a44d-dbefd21d1ebe{ip: 192.168.5.153, host: pr-hdds-2137-trunk-mnh2s-3748177197, networkLocation: /default-rack, certSerialId: null}, Type:RATIS, Factor:THREE, State:OPEN]
2019-09-17 10:37:48,836 [EventQueue-StaleNodeForStaleNodeHandler] INFO  pipeline.PipelineStateManager (PipelineStateManager.java:finalizePipeline(123)) - Pipeline Pipeline[ Id: cd64220d-de2a-45e8-8579-86fd0b308d5a, Nodes: 06593742-632d-4ae8-badf-8f3851491c41{ip: 192.168.5.153, host: pr-hdds-2137-trunk-mnh2s-3748177197, networkLocation: /default-rack, certSerialId: null}bc4b4373-760d-4c7b-8801-672ff5eaeda8{ip: 192.168.5.153, host: pr-hdds-2137-trunk-mnh2s-3748177197, networkLocation: /default-rack, certSerialId: null}b6175f64-249e-458f-a44d-dbefd21d1ebe{ip: 192.168.5.153, host: pr-hdds-2137-trunk-mnh2s-3748177197, networkLocation: /default-rack, certSerialId: null}, Type:RATIS, Factor:THREE, State:CLOSED] moved to CLOSED state
2019-09-17 10:37:48,837 [EventQueue-StaleNodeForStaleNodeHandler] INFO  node.StaleNodeHandler (StaleNodeHandler.java:onMessage(58)) - Datanode b6175f64-249e-458f-a44d-dbefd21d1ebe{ip: 192.168.5.153, host: pr-hdds-2137-trunk-mnh2s-3748177197, networkLocation: /default-rack, certSerialId: null} moved to stale state. Finalizing its pipelines [PipelineID=cd64220d-de2a-45e8-8579-86fd0b308d5a, PipelineID=174ca68e-5da8-4c8d-9e8e-6683a9c9d62b]
2019-09-17 10:37:48,837 [EventQueue-CloseContainerForCloseContainerEventHandler] INFO  container.CloseContainerEventHandler (CloseContainerEventHandler.java:onMessage(61)) - Close container Event triggered for container : #1
2019-09-17 10:37:48,839 [EventQueue-StaleNodeForStaleNodeHandler] INFO  pipeline.SCMPipelineManager (SCMPipelineManager.java:finalizeAndDestroyPipeline(311)) - destroying pipeline:Pipeline[ Id: cd64220d-de2a-45e8-8579-86fd0b308d5a, Nodes: 06593742-632d-4ae8-badf-8f3851491c41{ip: 192.168.5.153, host: pr-hdds-2137-trunk-mnh2s-3748177197, networkLocation: /default-rack, certSerialId: null}bc4b4373-760d-4c7b-8801-672ff5eaeda8{ip: 192.168.5.153, host: pr-hdds-2137-trunk-mnh2s-3748177197, networkLocation: /default-rack, certSerialId: null}b6175f64-249e-458f-a44d-dbefd21d1ebe{ip: 192.168.5.153, host: pr-hdds-2137-trunk-mnh2s-3748177197, networkLocation: /default-rack, certSerialId: null}, Type:RATIS, Factor:THREE, State:CLOSED]
2019-09-17 10:37:48,839 [EventQueue-StaleNodeForStaleNodeHandler] INFO  pipeline.SCMPipelineManager (SCMPipelineManager.java:finalizeAndDestroyPipeline(311)) - destroying pipeline:Pipeline[ Id: 174ca68e-5da8-4c8d-9e8e-6683a9c9d62b, Nodes: b6175f64-249e-458f-a44d-dbefd21d1ebe{ip: 192.168.5.153, host: pr-hdds-2137-trunk-mnh2s-3748177197, networkLocation: /default-rack, certSerialId: null}, Type:RATIS, Factor:ONE, State:OPEN]
2019-09-17 10:37:48,840 [EventQueue-StaleNodeForStaleNodeHandler] INFO  pipeline.PipelineStateManager (PipelineStateManager.java:finalizePipeline(123)) - Pipeline Pipeline[ Id: 174ca68e-5da8-4c8d-9e8e-6683a9c9d62b, Nodes: b6175f64-249e-458f-a44d-dbefd21d1ebe{ip: 192.168.5.153, host: pr-hdds-2137-trunk-mnh2s-3748177197, networkLocation: /default-rack, certSerialId: null}, Type:RATIS, Factor:ONE, State:CLOSED] moved to CLOSED state
2019-09-17 10:37:48,878 [EventQueue-CloseContainerForCloseContainerEventHandler] INFO  container.CloseContainerEventHandler (CloseContainerEventHandler.java:onMessage(61)) - Close container Event triggered for container : #1
2019-09-17 10:37:48,985 [grpc-default-executor-2] INFO  impl.RaftServerProxy (RaftServerProxy.java:addNew(89)) - 06593742-632d-4ae8-badf-8f3851491c41: addNew group-1182FAFE1F1F:[06593742-632d-4ae8-badf-8f3851491c41:192.168.5.153:43242] returns group-1182FAFE1F1F:java.util.concurrent.CompletableFuture@6c583693[Not completed]
2019-09-17 10:37:49,003 [pool-57-thread-1] INFO  impl.RaftServerImpl (RaftServerImpl.java:<init>(95)) - 06593742-632d-4ae8-badf-8f3851491c41: new RaftServerImpl for group-1182FAFE1F1F:[06593742-632d-4ae8-badf-8f3851491c41:192.168.5.153:43242] with ContainerStateMachine:uninitialized
2019-09-17 10:37:49,003 [pool-57-thread-1] INFO  server.RaftServerConfigKeys (ConfUtils.java:logGet(43)) - raft.server.rpc.timeout.min = 5s (custom)
2019-09-17 10:37:49,003 [pool-57-thread-1] INFO  server.RaftServerConfigKeys (ConfUtils.java:logGet(43)) - raft.server.rpc.timeout.max = 5200ms (custom)
2019-09-17 10:37:49,003 [pool-57-thread-1] INFO  server.RaftServerConfigKeys (ConfUtils.java:logGet(43)) - raft.server.rpcslowness.timeout = 1000s (custom)
2019-09-17 10:37:49,003 [pool-57-thread-1] INFO  server.RaftServerConfigKeys (ConfUtils.java:logGet(43)) - raft.server.sleep.deviation.threshold = 300 (default)
2019-09-17 10:37:49,003 [pool-57-thread-1] INFO  server.RaftServerConfigKeys (ConfUtils.java:logGet(43)) - raft.server.log.appender.install.snapshot.enabled = false (custom)
2019-09-17 10:37:49,004 [pool-57-thread-1] INFO  impl.RaftServerImpl (ServerState.java:<init>(103)) - 06593742-632d-4ae8-badf-8f3851491c41@group-1182FAFE1F1F: ConfigurationManager, init=-1: [06593742-632d-4ae8-badf-8f3851491c41:192.168.5.153:43242], old=null, confs=<EMPTY_MAP>
2019-09-17 10:37:49,004 [pool-57-thread-1] INFO  server.RaftServerConfigKeys (ConfUtils.java:logGet(43)) - raft.server.storage.dir = [/tmp/workdir/hadoop-ozone/integration-test/target/test-dir/MiniOzoneClusterImpl-39c25fbc-a3b4-482d-abe1-1e0ff40fa0d6/datanode-3/data/ratis] (custom)
2019-09-17 10:37:49,004 [pool-57-thread-1] INFO  storage.RaftStorageDirectory (RaftStorageDirectory.java:analyzeStorage(246)) - The storage directory /tmp/workdir/hadoop-ozone/integration-test/target/test-dir/MiniOzoneClusterImpl-39c25fbc-a3b4-482d-abe1-1e0ff40fa0d6/datanode-3/data/ratis/4461b41c-5691-41b5-b721-1182fafe1f1f does not exist. Creating ...
2019-09-17 10:37:49,020 [main] INFO  impl.MetricsSystemImpl (MetricsSystemImpl.java:init(158)) - XceiverClientMetrics metrics system started (again)
2019-09-17 10:37:49,028 [pool-57-thread-1] INFO  storage.RaftStorageDirectory (RaftStorageDirectory.java:tryLock(328)) - Lock on /tmp/workdir/hadoop-ozone/integration-test/target/test-dir/MiniOzoneClusterImpl-39c25fbc-a3b4-482d-abe1-1e0ff40fa0d6/datanode-3/data/ratis/4461b41c-5691-41b5-b721-1182fafe1f1f/in_use.lock acquired by nodename 31143@pr-hdds-2137-trunk-mnh2s-3748177197
2019-09-17 10:37:49,045 [pool-57-thread-1] INFO  storage.RaftStorage (RaftStorage.java:format(72)) - Storage directory /tmp/workdir/hadoop-ozone/integration-test/target/test-dir/MiniOzoneClusterImpl-39c25fbc-a3b4-482d-abe1-1e0ff40fa0d6/datanode-3/data/ratis/4461b41c-5691-41b5-b721-1182fafe1f1f has been successfully formatted.
2019-09-17 10:37:49,045 [pool-57-thread-1] INFO  ratis.ContainerStateMachine (ContainerStateMachine.java:loadSnapshot(230)) - group-1182FAFE1F1F: The snapshot info is null. Setting the last applied indexto:(t:0, i:~)
2019-09-17 10:37:49,046 [pool-57-thread-1] INFO  server.RaftServerConfigKeys (ConfUtils.java:logGet(43)) - raft.server.notification.no-leader.timeout = 1000s (custom)
2019-09-17 10:37:49,046 [pool-57-thread-1] INFO  server.RaftServerConfigKeys (ConfUtils.java:logGet(43)) - raft.server.log.use.memory = false (default)
2019-09-17 10:37:49,046 [pool-57-thread-1] INFO  server.RaftServerConfigKeys (ConfUtils.java:logGet(43)) - raft.server.log.purge.gap = 1000000 (custom)
2019-09-17 10:37:49,046 [pool-57-thread-1] INFO  server.RaftServerConfigKeys (ConfUtils.java:logGet(43)) - raft.server.log.appender.buffer.byte-limit = 33554432 (custom)
2019-09-17 10:37:49,046 [pool-57-thread-1] INFO  server.RaftServerConfigKeys (ConfUtils.java:logGet(43)) - raft.server.log.segment.size.max = 1048576 (custom)
2019-09-17 10:37:49,046 [pool-57-thread-1] INFO  server.RaftServerConfigKeys (ConfUtils.java:logGet(43)) - raft.server.log.segment.cache.num.max = 2 (custom)
2019-09-17 10:37:49,047 [pool-57-thread-1] INFO  segmented.SegmentedRaftLogWorker (SegmentedRaftLogWorker.java:<init>(172)) - new 06593742-632d-4ae8-badf-8f3851491c41@group-1182FAFE1F1F-SegmentedRaftLogWorker for RaftStorage:Storage Directory /tmp/workdir/hadoop-ozone/integration-test/target/test-dir/MiniOzoneClusterImpl-39c25fbc-a3b4-482d-abe1-1e0ff40fa0d6/datanode-3/data/ratis/4461b41c-5691-41b5-b721-1182fafe1f1f
2019-09-17 10:37:49,047 [pool-57-thread-1] INFO  server.RaftServerConfigKeys (ConfUtils.java:logGet(43)) - raft.server.log.queue.byte-limit = 2147483647 (custom)
2019-09-17 10:37:49,047 [pool-57-thread-1] INFO  server.RaftServerConfigKeys (ConfUtils.java:logGet(43)) - raft.server.log.queue.element-limit = 1024 (custom)
2019-09-17 10:37:49,047 [pool-57-thread-1] INFO  server.RaftServerConfigKeys (ConfUtils.java:logGet(43)) - raft.server.log.segment.size.max = 1048576 (custom)
2019-09-17 10:37:49,047 [pool-57-thread-1] INFO  server.RaftServerConfigKeys (ConfUtils.java:logGet(43)) - raft.server.log.preallocated.size = 16384 (custom)
2019-09-17 10:37:49,047 [pool-57-thread-1] INFO  server.RaftServerConfigKeys (ConfUtils.java:logGet(43)) - raft.server.log.write.buffer.size = 33554432 (custom)
2019-09-17 10:37:49,048 [pool-57-thread-1] INFO  server.RaftServerConfigKeys (ConfUtils.java:logGet(43)) - raft.server.log.force.sync.num = 128 (default)
2019-09-17 10:37:49,048 [pool-57-thread-1] INFO  server.RaftServerConfigKeys (ConfUtils.java:logGet(43)) - raft.server.log.statemachine.data.sync = true (default)
2019-09-17 10:37:49,048 [pool-57-thread-1] INFO  server.RaftServerConfigKeys (ConfUtils.java:logGet(43)) - raft.server.log.statemachine.data.sync.timeout = 10s (default)
2019-09-17 10:37:49,048 [pool-57-thread-1] INFO  server.RaftServerConfigKeys (ConfUtils.java:logGet(43)) - raft.server.log.statemachine.data.sync.timeout.retry = -1 (default)
2019-09-17 10:37:49,048 [pool-57-thread-1] INFO  server.RaftServerConfigKeys (ConfUtils.java:logGet(43)) - raft.server.log.statemachine.data.caching.enabled = true (custom)
2019-09-17 10:37:49,049 [pool-57-thread-1] INFO  segmented.SegmentedRaftLogWorker (SegmentedRaftLogWorker.java:lambda$new$0(132)) - 06593742-632d-4ae8-badf-8f3851491c41@group-1182FAFE1F1F-SegmentedRaftLogWorker: flushIndex: setUnconditionally 0 -> -1
2019-09-17 10:37:49,049 [pool-57-thread-1] INFO  server.RaftServerConfigKeys (ConfUtils.java:logGet(43)) - raft.server.snapshot.auto.trigger.enabled = true (custom)
2019-09-17 10:37:49,049 [pool-57-thread-1] INFO  server.RaftServerConfigKeys (ConfUtils.java:logGet(43)) - raft.server.snapshot.auto.trigger.threshold = 10000 (custom)
2019-09-17 10:37:49,049 [pool-57-thread-1] INFO  server.RaftServerConfigKeys (ConfUtils.java:logGet(43)) - raft.server.snapshot.retention.num.files = 5 (custom)
2019-09-17 10:37:49,050 [pool-57-thread-1] INFO  server.RaftServerConfigKeys (ConfUtils.java:logGet(43)) - raft.server.retrycache.expirytime = 600000ms (custom)
2019-09-17 10:37:49,054 [pool-57-thread-1] INFO  impl.RaftServerImpl (RaftServerImpl.java:start(185)) - 06593742-632d-4ae8-badf-8f3851491c41@group-1182FAFE1F1F: start as a follower, conf=-1: [06593742-632d-4ae8-badf-8f3851491c41:192.168.5.153:43242], old=null
2019-09-17 10:37:49,054 [pool-57-thread-1] INFO  impl.RaftServerImpl (RaftServerImpl.java:setRole(174)) - 06593742-632d-4ae8-badf-8f3851491c41@group-1182FAFE1F1F: changes role from      null to FOLLOWER at term 0 for startAsFollower
2019-09-17 10:37:49,054 [pool-57-thread-1] INFO  impl.RoleInfo (RoleInfo.java:updateAndGet(143)) - 06593742-632d-4ae8-badf-8f3851491c41: start FollowerState
2019-09-17 10:37:49,055 [pool-57-thread-1] INFO  util.JmxRegister (JmxRegister.java:tryRegister(44)) - Successfully registered JMX Bean with object name Ratis:service=RaftServer,group=group-1182FAFE1F1F,id=06593742-632d-4ae8-badf-8f3851491c41
2019-09-17 10:37:49,063 [RatisPipelineUtilsThread] INFO  pipeline.PipelineStateManager (PipelineStateManager.java:addPipeline(56)) - Created pipeline Pipeline[ Id: 4461b41c-5691-41b5-b721-1182fafe1f1f, Nodes: 06593742-632d-4ae8-badf-8f3851491c41{ip: 192.168.5.153, host: pr-hdds-2137-trunk-mnh2s-3748177197, networkLocation: /default-rack, certSerialId: null}, Type:RATIS, Factor:ONE, State:OPEN]
2019-09-17 10:37:49,076 [grpc-default-executor-2] INFO  impl.RaftServerProxy (RaftServerProxy.java:addNew(89)) - b6175f64-249e-458f-a44d-dbefd21d1ebe: addNew group-5B933F1A298D:[b6175f64-249e-458f-a44d-dbefd21d1ebe:192.168.5.153:35096] returns group-5B933F1A298D:java.util.concurrent.CompletableFuture@2ae0759[Not completed]
2019-09-17 10:37:49,077 [pool-47-thread-1] INFO  impl.RaftServerImpl (RaftServerImpl.java:<init>(95)) - b6175f64-249e-458f-a44d-dbefd21d1ebe: new RaftServerImpl for group-5B933F1A298D:[b6175f64-249e-458f-a44d-dbefd21d1ebe:192.168.5.153:35096] with ContainerStateMachine:uninitialized
2019-09-17 10:37:49,078 [pool-47-thread-1] INFO  server.RaftServerConfigKeys (ConfUtils.java:logGet(43)) - raft.server.rpc.timeout.min = 5s (custom)
2019-09-17 10:37:49,078 [pool-47-thread-1] INFO  server.RaftServerConfigKeys (ConfUtils.java:logGet(43)) - raft.server.rpc.timeout.max = 5200ms (custom)
2019-09-17 10:37:49,078 [pool-47-thread-1] INFO  server.RaftServerConfigKeys (ConfUtils.java:logGet(43)) - raft.server.rpcslowness.timeout = 1000s (custom)
2019-09-17 10:37:49,078 [pool-47-thread-1] INFO  server.RaftServerConfigKeys (ConfUtils.java:logGet(43)) - raft.server.sleep.deviation.threshold = 300 (default)
2019-09-17 10:37:49,078 [pool-47-thread-1] INFO  server.RaftServerConfigKeys (ConfUtils.java:logGet(43)) - raft.server.log.appender.install.snapshot.enabled = false (custom)
2019-09-17 10:37:49,079 [pool-47-thread-1] INFO  impl.RaftServerImpl (ServerState.java:<init>(103)) - b6175f64-249e-458f-a44d-dbefd21d1ebe@group-5B933F1A298D: ConfigurationManager, init=-1: [b6175f64-249e-458f-a44d-dbefd21d1ebe:192.168.5.153:35096], old=null, confs=<EMPTY_MAP>
2019-09-17 10:37:49,079 [pool-47-thread-1] INFO  server.RaftServerConfigKeys (ConfUtils.java:logGet(43)) - raft.server.storage.dir = [/tmp/workdir/hadoop-ozone/integration-test/target/test-dir/MiniOzoneClusterImpl-39c25fbc-a3b4-482d-abe1-1e0ff40fa0d6/datanode-2/data/ratis] (custom)
2019-09-17 10:37:49,079 [pool-47-thread-1] INFO  storage.RaftStorageDirectory (RaftStorageDirectory.java:analyzeStorage(246)) - The storage directory /tmp/workdir/hadoop-ozone/integration-test/target/test-dir/MiniOzoneClusterImpl-39c25fbc-a3b4-482d-abe1-1e0ff40fa0d6/datanode-2/data/ratis/073e3ee8-81e4-4441-ba8b-5b933f1a298d does not exist. Creating ...
2019-09-17 10:37:49,113 [pool-47-thread-1] INFO  storage.RaftStorageDirectory (RaftStorageDirectory.java:tryLock(328)) - Lock on /tmp/workdir/hadoop-ozone/integration-test/target/test-dir/MiniOzoneClusterImpl-39c25fbc-a3b4-482d-abe1-1e0ff40fa0d6/datanode-2/data/ratis/073e3ee8-81e4-4441-ba8b-5b933f1a298d/in_use.lock acquired by nodename 31143@pr-hdds-2137-trunk-mnh2s-3748177197
2019-09-17 10:37:49,129 [pool-47-thread-1] INFO  storage.RaftStorage (RaftStorage.java:format(72)) - Storage directory /tmp/workdir/hadoop-ozone/integration-test/target/test-dir/MiniOzoneClusterImpl-39c25fbc-a3b4-482d-abe1-1e0ff40fa0d6/datanode-2/data/ratis/073e3ee8-81e4-4441-ba8b-5b933f1a298d has been successfully formatted.
2019-09-17 10:37:49,130 [pool-47-thread-1] INFO  ratis.ContainerStateMachine (ContainerStateMachine.java:loadSnapshot(230)) - group-5B933F1A298D: The snapshot info is null. Setting the last applied indexto:(t:0, i:~)
2019-09-17 10:37:49,130 [grpc-default-executor-2] INFO  client.GrpcClientProtocolClient (GrpcClientProtocolClient.java:onNext(264)) - client-8B757D28FDA9->06593742-632d-4ae8-badf-8f3851491c41: receive RaftClientReply:client-8B757D28FDA9->06593742-632d-4ae8-badf-8f3851491c41@group-86FD0B308D5A, cid=9, FAILED org.apache.ratis.protocol.NotLeaderException: Server 06593742-632d-4ae8-badf-8f3851491c41@group-86FD0B308D5A is not the leader, logIndex=0, commits[06593742-632d-4ae8-badf-8f3851491c41:c-1]
2019-09-17 10:37:49,130 [pool-47-thread-1] INFO  server.RaftServerConfigKeys (ConfUtils.java:logGet(43)) - raft.server.notification.no-leader.timeout = 1000s (custom)
2019-09-17 10:37:49,131 [pool-47-thread-1] INFO  server.RaftServerConfigKeys (ConfUtils.java:logGet(43)) - raft.server.log.use.memory = false (default)
2019-09-17 10:37:49,132 [pool-47-thread-1] INFO  server.RaftServerConfigKeys (ConfUtils.java:logGet(43)) - raft.server.log.purge.gap = 1000000 (custom)
2019-09-17 10:37:49,132 [pool-47-thread-1] INFO  server.RaftServerConfigKeys (ConfUtils.java:logGet(43)) - raft.server.log.appender.buffer.byte-limit = 33554432 (custom)
2019-09-17 10:37:49,132 [pool-47-thread-1] INFO  server.RaftServerConfigKeys (ConfUtils.java:logGet(43)) - raft.server.log.segment.size.max = 1048576 (custom)
2019-09-17 10:37:49,132 [pool-47-thread-1] INFO  server.RaftServerConfigKeys (ConfUtils.java:logGet(43)) - raft.server.log.segment.cache.num.max = 2 (custom)
2019-09-17 10:37:49,134 [pool-47-thread-1] INFO  segmented.SegmentedRaftLogWorker (SegmentedRaftLogWorker.java:<init>(172)) - new b6175f64-249e-458f-a44d-dbefd21d1ebe@group-5B933F1A298D-SegmentedRaftLogWorker for RaftStorage:Storage Directory /tmp/workdir/hadoop-ozone/integration-test/target/test-dir/MiniOzoneClusterImpl-39c25fbc-a3b4-482d-abe1-1e0ff40fa0d6/datanode-2/data/ratis/073e3ee8-81e4-4441-ba8b-5b933f1a298d
2019-09-17 10:37:49,134 [pool-47-thread-1] INFO  server.RaftServerConfigKeys (ConfUtils.java:logGet(43)) - raft.server.log.queue.byte-limit = 2147483647 (custom)
2019-09-17 10:37:49,134 [pool-47-thread-1] INFO  server.RaftServerConfigKeys (ConfUtils.java:logGet(43)) - raft.server.log.queue.element-limit = 1024 (custom)
2019-09-17 10:37:49,134 [pool-47-thread-1] INFO  server.RaftServerConfigKeys (ConfUtils.java:logGet(43)) - raft.server.log.segment.size.max = 1048576 (custom)
2019-09-17 10:37:49,134 [pool-47-thread-1] INFO  server.RaftServerConfigKeys (ConfUtils.java:logGet(43)) - raft.server.log.preallocated.size = 16384 (custom)
2019-09-17 10:37:49,135 [pool-47-thread-1] INFO  server.RaftServerConfigKeys (ConfUtils.java:logGet(43)) - raft.server.log.write.buffer.size = 33554432 (custom)
2019-09-17 10:37:49,135 [pool-47-thread-1] INFO  server.RaftServerConfigKeys (ConfUtils.java:logGet(43)) - raft.server.log.force.sync.num = 128 (default)
2019-09-17 10:37:49,135 [pool-47-thread-1] INFO  server.RaftServerConfigKeys (ConfUtils.java:logGet(43)) - raft.server.log.statemachine.data.sync = true (default)
2019-09-17 10:37:49,135 [pool-47-thread-1] INFO  server.RaftServerConfigKeys (ConfUtils.java:logGet(43)) - raft.server.log.statemachine.data.sync.timeout = 10s (default)
2019-09-17 10:37:49,135 [pool-47-thread-1] INFO  server.RaftServerConfigKeys (ConfUtils.java:logGet(43)) - raft.server.log.statemachine.data.sync.timeout.retry = -1 (default)
2019-09-17 10:37:49,138 [pool-47-thread-1] INFO  server.RaftServerConfigKeys (ConfUtils.java:logGet(43)) - raft.server.log.statemachine.data.caching.enabled = true (custom)
2019-09-17 10:37:49,142 [pool-47-thread-1] INFO  segmented.SegmentedRaftLogWorker (SegmentedRaftLogWorker.java:lambda$new$0(132)) - b6175f64-249e-458f-a44d-dbefd21d1ebe@group-5B933F1A298D-SegmentedRaftLogWorker: flushIndex: setUnconditionally 0 -> -1
2019-09-17 10:37:49,143 [pool-47-thread-1] INFO  server.RaftServerConfigKeys (ConfUtils.java:logGet(43)) - raft.server.snapshot.auto.trigger.enabled = true (custom)
2019-09-17 10:37:49,143 [pool-47-thread-1] INFO  server.RaftServerConfigKeys (ConfUtils.java:logGet(43)) - raft.server.snapshot.auto.trigger.threshold = 10000 (custom)
2019-09-17 10:37:49,143 [pool-47-thread-1] INFO  server.RaftServerConfigKeys (ConfUtils.java:logGet(43)) - raft.server.snapshot.retention.num.files = 5 (custom)
2019-09-17 10:37:49,144 [pool-47-thread-1] INFO  server.RaftServerConfigKeys (ConfUtils.java:logGet(43)) - raft.server.retrycache.expirytime = 600000ms (custom)
2019-09-17 10:37:49,149 [pool-47-thread-1] INFO  impl.RaftServerImpl (RaftServerImpl.java:start(185)) - b6175f64-249e-458f-a44d-dbefd21d1ebe@group-5B933F1A298D: start as a follower, conf=-1: [b6175f64-249e-458f-a44d-dbefd21d1ebe:192.168.5.153:35096], old=null
2019-09-17 10:37:49,149 [pool-47-thread-1] INFO  impl.RaftServerImpl (RaftServerImpl.java:setRole(174)) - b6175f64-249e-458f-a44d-dbefd21d1ebe@group-5B933F1A298D: changes role from      null to FOLLOWER at term 0 for startAsFollower
2019-09-17 10:37:49,150 [pool-47-thread-1] INFO  impl.RoleInfo (RoleInfo.java:updateAndGet(143)) - b6175f64-249e-458f-a44d-dbefd21d1ebe: start FollowerState
2019-09-17 10:37:49,150 [pool-47-thread-1] INFO  util.JmxRegister (JmxRegister.java:tryRegister(44)) - Successfully registered JMX Bean with object name Ratis:service=RaftServer,group=group-5B933F1A298D,id=b6175f64-249e-458f-a44d-dbefd21d1ebe
2019-09-17 10:37:49,163 [RatisPipelineUtilsThread] INFO  pipeline.PipelineStateManager (PipelineStateManager.java:addPipeline(56)) - Created pipeline Pipeline[ Id: 073e3ee8-81e4-4441-ba8b-5b933f1a298d, Nodes: b6175f64-249e-458f-a44d-dbefd21d1ebe{ip: 192.168.5.153, host: pr-hdds-2137-trunk-mnh2s-3748177197, networkLocation: /default-rack, certSerialId: null}, Type:RATIS, Factor:ONE, State:OPEN]
2019-09-17 10:37:49,190 [grpc-default-executor-1] INFO  impl.RaftServerProxy (RaftServerProxy.java:addNew(89)) - bc4b4373-760d-4c7b-8801-672ff5eaeda8: addNew group-5D1FED03EF86:[b6175f64-249e-458f-a44d-dbefd21d1ebe:192.168.5.153:35096, 06593742-632d-4ae8-badf-8f3851491c41:192.168.5.153:43242, bc4b4373-760d-4c7b-8801-672ff5eaeda8:192.168.5.153:44913] returns group-5D1FED03EF86:java.util.concurrent.CompletableFuture@659ebc92[Not completed]
2019-09-17 10:37:49,190 [grpc-default-executor-0] INFO  impl.RaftServerProxy (RaftServerProxy.java:addNew(89)) - 06593742-632d-4ae8-badf-8f3851491c41: addNew group-5D1FED03EF86:[b6175f64-249e-458f-a44d-dbefd21d1ebe:192.168.5.153:35096, 06593742-632d-4ae8-badf-8f3851491c41:192.168.5.153:43242, bc4b4373-760d-4c7b-8801-672ff5eaeda8:192.168.5.153:44913] returns group-5D1FED03EF86:java.util.concurrent.CompletableFuture@5a82db54[Not completed]
2019-09-17 10:37:49,193 [grpc-default-executor-0] INFO  impl.RaftServerProxy (RaftServerProxy.java:addNew(89)) - b6175f64-249e-458f-a44d-dbefd21d1ebe: addNew group-5D1FED03EF86:[b6175f64-249e-458f-a44d-dbefd21d1ebe:192.168.5.153:35096, 06593742-632d-4ae8-badf-8f3851491c41:192.168.5.153:43242, bc4b4373-760d-4c7b-8801-672ff5eaeda8:192.168.5.153:44913] returns group-5D1FED03EF86:java.util.concurrent.CompletableFuture@4a7ae9ed[Not completed]
2019-09-17 10:37:49,193 [pool-37-thread-1] INFO  impl.RaftServerImpl (RaftServerImpl.java:<init>(95)) - bc4b4373-760d-4c7b-8801-672ff5eaeda8: new RaftServerImpl for group-5D1FED03EF86:[b6175f64-249e-458f-a44d-dbefd21d1ebe:192.168.5.153:35096, 06593742-632d-4ae8-badf-8f3851491c41:192.168.5.153:43242, bc4b4373-760d-4c7b-8801-672ff5eaeda8:192.168.5.153:44913] with ContainerStateMachine:uninitialized
2019-09-17 10:37:49,193 [pool-37-thread-1] INFO  server.RaftServerConfigKeys (ConfUtils.java:logGet(43)) - raft.server.rpc.timeout.min = 5s (custom)
2019-09-17 10:37:49,193 [pool-37-thread-1] INFO  server.RaftServerConfigKeys (ConfUtils.java:logGet(43)) - raft.server.rpc.timeout.max = 5200ms (custom)
2019-09-17 10:37:49,193 [pool-37-thread-1] INFO  server.RaftServerConfigKeys (ConfUtils.java:logGet(43)) - raft.server.rpcslowness.timeout = 1000s (custom)
2019-09-17 10:37:49,193 [pool-37-thread-1] INFO  server.RaftServerConfigKeys (ConfUtils.java:logGet(43)) - raft.server.sleep.deviation.threshold = 300 (default)
2019-09-17 10:37:49,193 [pool-37-thread-1] INFO  server.RaftServerConfigKeys (ConfUtils.java:logGet(43)) - raft.server.log.appender.install.snapshot.enabled = false (custom)
2019-09-17 10:37:49,193 [pool-37-thread-1] INFO  impl.RaftServerImpl (ServerState.java:<init>(103)) - bc4b4373-760d-4c7b-8801-672ff5eaeda8@group-5D1FED03EF86: ConfigurationManager, init=-1: [b6175f64-249e-458f-a44d-dbefd21d1ebe:192.168.5.153:35096, 06593742-632d-4ae8-badf-8f3851491c41:192.168.5.153:43242, bc4b4373-760d-4c7b-8801-672ff5eaeda8:192.168.5.153:44913], old=null, confs=<EMPTY_MAP>
2019-09-17 10:37:49,194 [pool-37-thread-1] INFO  server.RaftServerConfigKeys (ConfUtils.java:logGet(43)) - raft.server.storage.dir = [/tmp/workdir/hadoop-ozone/integration-test/target/test-dir/MiniOzoneClusterImpl-39c25fbc-a3b4-482d-abe1-1e0ff40fa0d6/datanode-1/data/ratis] (custom)
2019-09-17 10:37:49,194 [pool-57-thread-1] INFO  impl.RaftServerImpl (RaftServerImpl.java:<init>(95)) - 06593742-632d-4ae8-badf-8f3851491c41: new RaftServerImpl for group-5D1FED03EF86:[b6175f64-249e-458f-a44d-dbefd21d1ebe:192.168.5.153:35096, 06593742-632d-4ae8-badf-8f3851491c41:192.168.5.153:43242, bc4b4373-760d-4c7b-8801-672ff5eaeda8:192.168.5.153:44913] with ContainerStateMachine:uninitialized
2019-09-17 10:37:49,194 [pool-37-thread-1] INFO  storage.RaftStorageDirectory (RaftStorageDirectory.java:analyzeStorage(246)) - The storage directory /tmp/workdir/hadoop-ozone/integration-test/target/test-dir/MiniOzoneClusterImpl-39c25fbc-a3b4-482d-abe1-1e0ff40fa0d6/datanode-1/data/ratis/dc8f645c-abaa-4191-9896-5d1fed03ef86 does not exist. Creating ...
2019-09-17 10:37:49,194 [pool-57-thread-1] INFO  server.RaftServerConfigKeys (ConfUtils.java:logGet(43)) - raft.server.rpc.timeout.min = 5s (custom)
2019-09-17 10:37:49,194 [pool-57-thread-1] INFO  server.RaftServerConfigKeys (ConfUtils.java:logGet(43)) - raft.server.rpc.timeout.max = 5200ms (custom)
2019-09-17 10:37:49,194 [pool-47-thread-1] INFO  impl.RaftServerImpl (RaftServerImpl.java:<init>(95)) - b6175f64-249e-458f-a44d-dbefd21d1ebe: new RaftServerImpl for group-5D1FED03EF86:[b6175f64-249e-458f-a44d-dbefd21d1ebe:192.168.5.153:35096, 06593742-632d-4ae8-badf-8f3851491c41:192.168.5.153:43242, bc4b4373-760d-4c7b-8801-672ff5eaeda8:192.168.5.153:44913] with ContainerStateMachine:uninitialized
2019-09-17 10:37:49,194 [pool-57-thread-1] INFO  server.RaftServerConfigKeys (ConfUtils.java:logGet(43)) - raft.server.rpcslowness.timeout = 1000s (custom)
2019-09-17 10:37:49,195 [pool-47-thread-1] INFO  server.RaftServerConfigKeys (ConfUtils.java:logGet(43)) - raft.server.rpc.timeout.min = 5s (custom)
2019-09-17 10:37:49,195 [pool-57-thread-1] INFO  server.RaftServerConfigKeys (ConfUtils.java:logGet(43)) - raft.server.sleep.deviation.threshold = 300 (default)
2019-09-17 10:37:49,195 [pool-47-thread-1] INFO  server.RaftServerConfigKeys (ConfUtils.java:logGet(43)) - raft.server.rpc.timeout.max = 5200ms (custom)
2019-09-17 10:37:49,195 [pool-57-thread-1] INFO  server.RaftServerConfigKeys (ConfUtils.java:logGet(43)) - raft.server.log.appender.install.snapshot.enabled = false (custom)
2019-09-17 10:37:49,195 [pool-47-thread-1] INFO  server.RaftServerConfigKeys (ConfUtils.java:logGet(43)) - raft.server.rpcslowness.timeout = 1000s (custom)
2019-09-17 10:37:49,195 [pool-57-thread-1] INFO  impl.RaftServerImpl (ServerState.java:<init>(103)) - 06593742-632d-4ae8-badf-8f3851491c41@group-5D1FED03EF86: ConfigurationManager, init=-1: [b6175f64-249e-458f-a44d-dbefd21d1ebe:192.168.5.153:35096, 06593742-632d-4ae8-badf-8f3851491c41:192.168.5.153:43242, bc4b4373-760d-4c7b-8801-672ff5eaeda8:192.168.5.153:44913], old=null, confs=<EMPTY_MAP>
2019-09-17 10:37:49,195 [pool-47-thread-1] INFO  server.RaftServerConfigKeys (ConfUtils.java:logGet(43)) - raft.server.sleep.deviation.threshold = 300 (default)
2019-09-17 10:37:49,195 [pool-47-thread-1] INFO  server.RaftServerConfigKeys (ConfUtils.java:logGet(43)) - raft.server.log.appender.install.snapshot.enabled = false (custom)
2019-09-17 10:37:49,195 [pool-57-thread-1] INFO  server.RaftServerConfigKeys (ConfUtils.java:logGet(43)) - raft.server.storage.dir = [/tmp/workdir/hadoop-ozone/integration-test/target/test-dir/MiniOzoneClusterImpl-39c25fbc-a3b4-482d-abe1-1e0ff40fa0d6/datanode-3/data/ratis] (custom)
2019-09-17 10:37:49,195 [pool-47-thread-1] INFO  impl.RaftServerImpl (ServerState.java:<init>(103)) - b6175f64-249e-458f-a44d-dbefd21d1ebe@group-5D1FED03EF86: ConfigurationManager, init=-1: [b6175f64-249e-458f-a44d-dbefd21d1ebe:192.168.5.153:35096, 06593742-632d-4ae8-badf-8f3851491c41:192.168.5.153:43242, bc4b4373-760d-4c7b-8801-672ff5eaeda8:192.168.5.153:44913], old=null, confs=<EMPTY_MAP>
2019-09-17 10:37:49,196 [pool-47-thread-1] INFO  server.RaftServerConfigKeys (ConfUtils.java:logGet(43)) - raft.server.storage.dir = [/tmp/workdir/hadoop-ozone/integration-test/target/test-dir/MiniOzoneClusterImpl-39c25fbc-a3b4-482d-abe1-1e0ff40fa0d6/datanode-2/data/ratis] (custom)
2019-09-17 10:37:49,196 [pool-57-thread-1] INFO  storage.RaftStorageDirectory (RaftStorageDirectory.java:analyzeStorage(246)) - The storage directory /tmp/workdir/hadoop-ozone/integration-test/target/test-dir/MiniOzoneClusterImpl-39c25fbc-a3b4-482d-abe1-1e0ff40fa0d6/datanode-3/data/ratis/dc8f645c-abaa-4191-9896-5d1fed03ef86 does not exist. Creating ...
2019-09-17 10:37:49,196 [pool-47-thread-1] INFO  storage.RaftStorageDirectory (RaftStorageDirectory.java:analyzeStorage(246)) - The storage directory /tmp/workdir/hadoop-ozone/integration-test/target/test-dir/MiniOzoneClusterImpl-39c25fbc-a3b4-482d-abe1-1e0ff40fa0d6/datanode-2/data/ratis/dc8f645c-abaa-4191-9896-5d1fed03ef86 does not exist. Creating ...
2019-09-17 10:37:49,271 [pool-37-thread-1] INFO  storage.RaftStorageDirectory (RaftStorageDirectory.java:tryLock(328)) - Lock on /tmp/workdir/hadoop-ozone/integration-test/target/test-dir/MiniOzoneClusterImpl-39c25fbc-a3b4-482d-abe1-1e0ff40fa0d6/datanode-1/data/ratis/dc8f645c-abaa-4191-9896-5d1fed03ef86/in_use.lock acquired by nodename 31143@pr-hdds-2137-trunk-mnh2s-3748177197
2019-09-17 10:37:49,271 [pool-57-thread-1] INFO  storage.RaftStorageDirectory (RaftStorageDirectory.java:tryLock(328)) - Lock on /tmp/workdir/hadoop-ozone/integration-test/target/test-dir/MiniOzoneClusterImpl-39c25fbc-a3b4-482d-abe1-1e0ff40fa0d6/datanode-3/data/ratis/dc8f645c-abaa-4191-9896-5d1fed03ef86/in_use.lock acquired by nodename 31143@pr-hdds-2137-trunk-mnh2s-3748177197
2019-09-17 10:37:49,271 [pool-47-thread-1] INFO  storage.RaftStorageDirectory (RaftStorageDirectory.java:tryLock(328)) - Lock on /tmp/workdir/hadoop-ozone/integration-test/target/test-dir/MiniOzoneClusterImpl-39c25fbc-a3b4-482d-abe1-1e0ff40fa0d6/datanode-2/data/ratis/dc8f645c-abaa-4191-9896-5d1fed03ef86/in_use.lock acquired by nodename 31143@pr-hdds-2137-trunk-mnh2s-3748177197
2019-09-17 10:37:49,305 [pool-57-thread-1] INFO  storage.RaftStorage (RaftStorage.java:format(72)) - Storage directory /tmp/workdir/hadoop-ozone/integration-test/target/test-dir/MiniOzoneClusterImpl-39c25fbc-a3b4-482d-abe1-1e0ff40fa0d6/datanode-3/data/ratis/dc8f645c-abaa-4191-9896-5d1fed03ef86 has been successfully formatted.
2019-09-17 10:37:49,305 [pool-47-thread-1] INFO  storage.RaftStorage (RaftStorage.java:format(72)) - Storage directory /tmp/workdir/hadoop-ozone/integration-test/target/test-dir/MiniOzoneClusterImpl-39c25fbc-a3b4-482d-abe1-1e0ff40fa0d6/datanode-2/data/ratis/dc8f645c-abaa-4191-9896-5d1fed03ef86 has been successfully formatted.
2019-09-17 10:37:49,305 [pool-37-thread-1] INFO  storage.RaftStorage (RaftStorage.java:format(72)) - Storage directory /tmp/workdir/hadoop-ozone/integration-test/target/test-dir/MiniOzoneClusterImpl-39c25fbc-a3b4-482d-abe1-1e0ff40fa0d6/datanode-1/data/ratis/dc8f645c-abaa-4191-9896-5d1fed03ef86 has been successfully formatted.
2019-09-17 10:37:49,306 [pool-57-thread-1] INFO  ratis.ContainerStateMachine (ContainerStateMachine.java:loadSnapshot(230)) - group-5D1FED03EF86: The snapshot info is null. Setting the last applied indexto:(t:0, i:~)
2019-09-17 10:37:49,306 [pool-47-thread-1] INFO  ratis.ContainerStateMachine (ContainerStateMachine.java:loadSnapshot(230)) - group-5D1FED03EF86: The snapshot info is null. Setting the last applied indexto:(t:0, i:~)
2019-09-17 10:37:49,306 [pool-57-thread-1] INFO  server.RaftServerConfigKeys (ConfUtils.java:logGet(43)) - raft.server.notification.no-leader.timeout = 1000s (custom)
2019-09-17 10:37:49,306 [pool-37-thread-1] INFO  ratis.ContainerStateMachine (ContainerStateMachine.java:loadSnapshot(230)) - group-5D1FED03EF86: The snapshot info is null. Setting the last applied indexto:(t:0, i:~)
2019-09-17 10:37:49,306 [pool-57-thread-1] INFO  server.RaftServerConfigKeys (ConfUtils.java:logGet(43)) - raft.server.log.use.memory = false (default)
2019-09-17 10:37:49,306 [pool-47-thread-1] INFO  server.RaftServerConfigKeys (ConfUtils.java:logGet(43)) - raft.server.notification.no-leader.timeout = 1000s (custom)
2019-09-17 10:37:49,307 [pool-57-thread-1] INFO  server.RaftServerConfigKeys (ConfUtils.java:logGet(43)) - raft.server.log.purge.gap = 1000000 (custom)
2019-09-17 10:37:49,306 [pool-37-thread-1] INFO  server.RaftServerConfigKeys (ConfUtils.java:logGet(43)) - raft.server.notification.no-leader.timeout = 1000s (custom)
2019-09-17 10:37:49,307 [pool-57-thread-1] INFO  server.RaftServerConfigKeys (ConfUtils.java:logGet(43)) - raft.server.log.appender.buffer.byte-limit = 33554432 (custom)
2019-09-17 10:37:49,307 [pool-47-thread-1] INFO  server.RaftServerConfigKeys (ConfUtils.java:logGet(43)) - raft.server.log.use.memory = false (default)
2019-09-17 10:37:49,307 [pool-57-thread-1] INFO  server.RaftServerConfigKeys (ConfUtils.java:logGet(43)) - raft.server.log.segment.size.max = 1048576 (custom)
2019-09-17 10:37:49,307 [pool-37-thread-1] INFO  server.RaftServerConfigKeys (ConfUtils.java:logGet(43)) - raft.server.log.use.memory = false (default)
2019-09-17 10:37:49,308 [pool-57-thread-1] INFO  server.RaftServerConfigKeys (ConfUtils.java:logGet(43)) - raft.server.log.segment.cache.num.max = 2 (custom)
2019-09-17 10:37:49,307 [pool-47-thread-1] INFO  server.RaftServerConfigKeys (ConfUtils.java:logGet(43)) - raft.server.log.purge.gap = 1000000 (custom)
2019-09-17 10:37:49,308 [pool-57-thread-1] INFO  segmented.SegmentedRaftLogWorker (SegmentedRaftLogWorker.java:<init>(172)) - new 06593742-632d-4ae8-badf-8f3851491c41@group-5D1FED03EF86-SegmentedRaftLogWorker for RaftStorage:Storage Directory /tmp/workdir/hadoop-ozone/integration-test/target/test-dir/MiniOzoneClusterImpl-39c25fbc-a3b4-482d-abe1-1e0ff40fa0d6/datanode-3/data/ratis/dc8f645c-abaa-4191-9896-5d1fed03ef86
2019-09-17 10:37:49,308 [pool-37-thread-1] INFO  server.RaftServerConfigKeys (ConfUtils.java:logGet(43)) - raft.server.log.purge.gap = 1000000 (custom)
2019-09-17 10:37:49,308 [pool-57-thread-1] INFO  server.RaftServerConfigKeys (ConfUtils.java:logGet(43)) - raft.server.log.queue.byte-limit = 2147483647 (custom)
2019-09-17 10:37:49,308 [pool-47-thread-1] INFO  server.RaftServerConfigKeys (ConfUtils.java:logGet(43)) - raft.server.log.appender.buffer.byte-limit = 33554432 (custom)
2019-09-17 10:37:49,309 [pool-57-thread-1] INFO  server.RaftServerConfigKeys (ConfUtils.java:logGet(43)) - raft.server.log.queue.element-limit = 1024 (custom)
2019-09-17 10:37:49,308 [pool-37-thread-1] INFO  server.RaftServerConfigKeys (ConfUtils.java:logGet(43)) - raft.server.log.appender.buffer.byte-limit = 33554432 (custom)
2019-09-17 10:37:49,309 [pool-57-thread-1] INFO  server.RaftServerConfigKeys (ConfUtils.java:logGet(43)) - raft.server.log.segment.size.max = 1048576 (custom)
2019-09-17 10:37:49,309 [pool-47-thread-1] INFO  server.RaftServerConfigKeys (ConfUtils.java:logGet(43)) - raft.server.log.segment.size.max = 1048576 (custom)
2019-09-17 10:37:49,309 [pool-57-thread-1] INFO  server.RaftServerConfigKeys (ConfUtils.java:logGet(43)) - raft.server.log.preallocated.size = 16384 (custom)
2019-09-17 10:37:49,309 [pool-37-thread-1] INFO  server.RaftServerConfigKeys (ConfUtils.java:logGet(43)) - raft.server.log.segment.size.max = 1048576 (custom)
2019-09-17 10:37:49,310 [pool-57-thread-1] INFO  server.RaftServerConfigKeys (ConfUtils.java:logGet(43)) - raft.server.log.write.buffer.size = 33554432 (custom)
2019-09-17 10:37:49,309 [pool-47-thread-1] INFO  server.RaftServerConfigKeys (ConfUtils.java:logGet(43)) - raft.server.log.segment.cache.num.max = 2 (custom)
2019-09-17 10:37:49,310 [pool-57-thread-1] INFO  server.RaftServerConfigKeys (ConfUtils.java:logGet(43)) - raft.server.log.force.sync.num = 128 (default)
2019-09-17 10:37:49,310 [pool-37-thread-1] INFO  server.RaftServerConfigKeys (ConfUtils.java:logGet(43)) - raft.server.log.segment.cache.num.max = 2 (custom)
2019-09-17 10:37:49,310 [pool-57-thread-1] INFO  server.RaftServerConfigKeys (ConfUtils.java:logGet(43)) - raft.server.log.statemachine.data.sync = true (default)
2019-09-17 10:37:49,310 [pool-47-thread-1] INFO  segmented.SegmentedRaftLogWorker (SegmentedRaftLogWorker.java:<init>(172)) - new b6175f64-249e-458f-a44d-dbefd21d1ebe@group-5D1FED03EF86-SegmentedRaftLogWorker for RaftStorage:Storage Directory /tmp/workdir/hadoop-ozone/integration-test/target/test-dir/MiniOzoneClusterImpl-39c25fbc-a3b4-482d-abe1-1e0ff40fa0d6/datanode-2/data/ratis/dc8f645c-abaa-4191-9896-5d1fed03ef86
2019-09-17 10:37:49,310 [pool-57-thread-1] INFO  server.RaftServerConfigKeys (ConfUtils.java:logGet(43)) - raft.server.log.statemachine.data.sync.timeout = 10s (default)
2019-09-17 10:37:49,310 [pool-37-thread-1] INFO  segmented.SegmentedRaftLogWorker (SegmentedRaftLogWorker.java:<init>(172)) - new bc4b4373-760d-4c7b-8801-672ff5eaeda8@group-5D1FED03EF86-SegmentedRaftLogWorker for RaftStorage:Storage Directory /tmp/workdir/hadoop-ozone/integration-test/target/test-dir/MiniOzoneClusterImpl-39c25fbc-a3b4-482d-abe1-1e0ff40fa0d6/datanode-1/data/ratis/dc8f645c-abaa-4191-9896-5d1fed03ef86
2019-09-17 10:37:49,311 [pool-57-thread-1] INFO  server.RaftServerConfigKeys (ConfUtils.java:logGet(43)) - raft.server.log.statemachine.data.sync.timeout.retry = -1 (default)
2019-09-17 10:37:49,311 [pool-47-thread-1] INFO  server.RaftServerConfigKeys (ConfUtils.java:logGet(43)) - raft.server.log.queue.byte-limit = 2147483647 (custom)
2019-09-17 10:37:49,311 [pool-37-thread-1] INFO  server.RaftServerConfigKeys (ConfUtils.java:logGet(43)) - raft.server.log.queue.byte-limit = 2147483647 (custom)
2019-09-17 10:37:49,311 [pool-47-thread-1] INFO  server.RaftServerConfigKeys (ConfUtils.java:logGet(43)) - raft.server.log.queue.element-limit = 1024 (custom)
2019-09-17 10:37:49,311 [pool-57-thread-1] INFO  server.RaftServerConfigKeys (ConfUtils.java:logGet(43)) - raft.server.log.statemachine.data.caching.enabled = true (custom)
2019-09-17 10:37:49,312 [pool-47-thread-1] INFO  server.RaftServerConfigKeys (ConfUtils.java:logGet(43)) - raft.server.log.segment.size.max = 1048576 (custom)
2019-09-17 10:37:49,311 [pool-37-thread-1] INFO  server.RaftServerConfigKeys (ConfUtils.java:logGet(43)) - raft.server.log.queue.element-limit = 1024 (custom)
2019-09-17 10:37:49,312 [pool-57-thread-1] INFO  segmented.SegmentedRaftLogWorker (SegmentedRaftLogWorker.java:lambda$new$0(132)) - 06593742-632d-4ae8-badf-8f3851491c41@group-5D1FED03EF86-SegmentedRaftLogWorker: flushIndex: setUnconditionally 0 -> -1
2019-09-17 10:37:49,312 [pool-47-thread-1] INFO  server.RaftServerConfigKeys (ConfUtils.java:logGet(43)) - raft.server.log.preallocated.size = 16384 (custom)
2019-09-17 10:37:49,312 [pool-37-thread-1] INFO  server.RaftServerConfigKeys (ConfUtils.java:logGet(43)) - raft.server.log.segment.size.max = 1048576 (custom)
2019-09-17 10:37:49,313 [pool-57-thread-1] INFO  server.RaftServerConfigKeys (ConfUtils.java:logGet(43)) - raft.server.snapshot.auto.trigger.enabled = true (custom)
2019-09-17 10:37:49,312 [pool-47-thread-1] INFO  server.RaftServerConfigKeys (ConfUtils.java:logGet(43)) - raft.server.log.write.buffer.size = 33554432 (custom)
2019-09-17 10:37:49,313 [pool-57-thread-1] INFO  server.RaftServerConfigKeys (ConfUtils.java:logGet(43)) - raft.server.snapshot.auto.trigger.threshold = 10000 (custom)
2019-09-17 10:37:49,313 [pool-37-thread-1] INFO  server.RaftServerConfigKeys (ConfUtils.java:logGet(43)) - raft.server.log.preallocated.size = 16384 (custom)
2019-09-17 10:37:49,313 [pool-57-thread-1] INFO  server.RaftServerConfigKeys (ConfUtils.java:logGet(43)) - raft.server.snapshot.retention.num.files = 5 (custom)
2019-09-17 10:37:49,313 [pool-47-thread-1] INFO  server.RaftServerConfigKeys (ConfUtils.java:logGet(43)) - raft.server.log.force.sync.num = 128 (default)
2019-09-17 10:37:49,314 [pool-57-thread-1] INFO  server.RaftServerConfigKeys (ConfUtils.java:logGet(43)) - raft.server.retrycache.expirytime = 600000ms (custom)
2019-09-17 10:37:49,313 [pool-37-thread-1] INFO  server.RaftServerConfigKeys (ConfUtils.java:logGet(43)) - raft.server.log.write.buffer.size = 33554432 (custom)
2019-09-17 10:37:49,314 [pool-37-thread-1] INFO  server.RaftServerConfigKeys (ConfUtils.java:logGet(43)) - raft.server.log.force.sync.num = 128 (default)
2019-09-17 10:37:49,314 [pool-47-thread-1] INFO  server.RaftServerConfigKeys (ConfUtils.java:logGet(43)) - raft.server.log.statemachine.data.sync = true (default)
2019-09-17 10:37:49,314 [pool-37-thread-1] INFO  server.RaftServerConfigKeys (ConfUtils.java:logGet(43)) - raft.server.log.statemachine.data.sync = true (default)
2019-09-17 10:37:49,314 [pool-47-thread-1] INFO  server.RaftServerConfigKeys (ConfUtils.java:logGet(43)) - raft.server.log.statemachine.data.sync.timeout = 10s (default)
2019-09-17 10:37:49,314 [pool-37-thread-1] INFO  server.RaftServerConfigKeys (ConfUtils.java:logGet(43)) - raft.server.log.statemachine.data.sync.timeout = 10s (default)
2019-09-17 10:37:49,315 [pool-47-thread-1] INFO  server.RaftServerConfigKeys (ConfUtils.java:logGet(43)) - raft.server.log.statemachine.data.sync.timeout.retry = -1 (default)
2019-09-17 10:37:49,315 [pool-37-thread-1] INFO  server.RaftServerConfigKeys (ConfUtils.java:logGet(43)) - raft.server.log.statemachine.data.sync.timeout.retry = -1 (default)
2019-09-17 10:37:49,315 [pool-47-thread-1] INFO  server.RaftServerConfigKeys (ConfUtils.java:logGet(43)) - raft.server.log.statemachine.data.caching.enabled = true (custom)
2019-09-17 10:37:49,315 [pool-37-thread-1] INFO  server.RaftServerConfigKeys (ConfUtils.java:logGet(43)) - raft.server.log.statemachine.data.caching.enabled = true (custom)
2019-09-17 10:37:49,316 [pool-47-thread-1] INFO  segmented.SegmentedRaftLogWorker (SegmentedRaftLogWorker.java:lambda$new$0(132)) - b6175f64-249e-458f-a44d-dbefd21d1ebe@group-5D1FED03EF86-SegmentedRaftLogWorker: flushIndex: setUnconditionally 0 -> -1
2019-09-17 10:37:49,316 [pool-37-thread-1] INFO  segmented.SegmentedRaftLogWorker (SegmentedRaftLogWorker.java:lambda$new$0(132)) - bc4b4373-760d-4c7b-8801-672ff5eaeda8@group-5D1FED03EF86-SegmentedRaftLogWorker: flushIndex: setUnconditionally 0 -> -1
2019-09-17 10:37:49,316 [pool-47-thread-1] INFO  server.RaftServerConfigKeys (ConfUtils.java:logGet(43)) - raft.server.snapshot.auto.trigger.enabled = true (custom)
2019-09-17 10:37:49,316 [pool-37-thread-1] INFO  server.RaftServerConfigKeys (ConfUtils.java:logGet(43)) - raft.server.snapshot.auto.trigger.enabled = true (custom)
2019-09-17 10:37:49,316 [pool-47-thread-1] INFO  server.RaftServerConfigKeys (ConfUtils.java:logGet(43)) - raft.server.snapshot.auto.trigger.threshold = 10000 (custom)
2019-09-17 10:37:49,316 [pool-37-thread-1] INFO  server.RaftServerConfigKeys (ConfUtils.java:logGet(43)) - raft.server.snapshot.auto.trigger.threshold = 10000 (custom)
2019-09-17 10:37:49,317 [pool-47-thread-1] INFO  server.RaftServerConfigKeys (ConfUtils.java:logGet(43)) - raft.server.snapshot.retention.num.files = 5 (custom)
2019-09-17 10:37:49,317 [pool-57-thread-1] INFO  impl.RaftServerImpl (RaftServerImpl.java:start(185)) - 06593742-632d-4ae8-badf-8f3851491c41@group-5D1FED03EF86: start as a follower, conf=-1: [b6175f64-249e-458f-a44d-dbefd21d1ebe:192.168.5.153:35096, 06593742-632d-4ae8-badf-8f3851491c41:192.168.5.153:43242, bc4b4373-760d-4c7b-8801-672ff5eaeda8:192.168.5.153:44913], old=null
2019-09-17 10:37:49,317 [pool-37-thread-1] INFO  server.RaftServerConfigKeys (ConfUtils.java:logGet(43)) - raft.server.snapshot.retention.num.files = 5 (custom)
2019-09-17 10:37:49,317 [pool-57-thread-1] INFO  impl.RaftServerImpl (RaftServerImpl.java:setRole(174)) - 06593742-632d-4ae8-badf-8f3851491c41@group-5D1FED03EF86: changes role from      null to FOLLOWER at term 0 for startAsFollower
2019-09-17 10:37:49,317 [pool-47-thread-1] INFO  server.RaftServerConfigKeys (ConfUtils.java:logGet(43)) - raft.server.retrycache.expirytime = 600000ms (custom)
2019-09-17 10:37:49,317 [pool-57-thread-1] INFO  impl.RoleInfo (RoleInfo.java:updateAndGet(143)) - 06593742-632d-4ae8-badf-8f3851491c41: start FollowerState
2019-09-17 10:37:49,317 [pool-37-thread-1] INFO  server.RaftServerConfigKeys (ConfUtils.java:logGet(43)) - raft.server.retrycache.expirytime = 600000ms (custom)
2019-09-17 10:37:49,318 [pool-57-thread-1] INFO  util.JmxRegister (JmxRegister.java:tryRegister(44)) - Successfully registered JMX Bean with object name Ratis:service=RaftServer,group=group-5D1FED03EF86,id=06593742-632d-4ae8-badf-8f3851491c41
2019-09-17 10:37:49,325 [pool-37-thread-1] INFO  impl.RaftServerImpl (RaftServerImpl.java:start(185)) - bc4b4373-760d-4c7b-8801-672ff5eaeda8@group-5D1FED03EF86: start as a follower, conf=-1: [b6175f64-249e-458f-a44d-dbefd21d1ebe:192.168.5.153:35096, 06593742-632d-4ae8-badf-8f3851491c41:192.168.5.153:43242, bc4b4373-760d-4c7b-8801-672ff5eaeda8:192.168.5.153:44913], old=null
2019-09-17 10:37:49,325 [pool-47-thread-1] INFO  impl.RaftServerImpl (RaftServerImpl.java:start(185)) - b6175f64-249e-458f-a44d-dbefd21d1ebe@group-5D1FED03EF86: start as a follower, conf=-1: [b6175f64-249e-458f-a44d-dbefd21d1ebe:192.168.5.153:35096, 06593742-632d-4ae8-badf-8f3851491c41:192.168.5.153:43242, bc4b4373-760d-4c7b-8801-672ff5eaeda8:192.168.5.153:44913], old=null
2019-09-17 10:37:49,325 [pool-37-thread-1] INFO  impl.RaftServerImpl (RaftServerImpl.java:setRole(174)) - bc4b4373-760d-4c7b-8801-672ff5eaeda8@group-5D1FED03EF86: changes role from      null to FOLLOWER at term 0 for startAsFollower
2019-09-17 10:37:49,326 [pool-47-thread-1] INFO  impl.RaftServerImpl (RaftServerImpl.java:setRole(174)) - b6175f64-249e-458f-a44d-dbefd21d1ebe@group-5D1FED03EF86: changes role from      null to FOLLOWER at term 0 for startAsFollower
2019-09-17 10:37:49,327 [pool-37-thread-1] INFO  impl.RoleInfo (RoleInfo.java:updateAndGet(143)) - bc4b4373-760d-4c7b-8801-672ff5eaeda8: start FollowerState
2019-09-17 10:37:49,328 [pool-47-thread-1] INFO  impl.RoleInfo (RoleInfo.java:updateAndGet(143)) - b6175f64-249e-458f-a44d-dbefd21d1ebe: start FollowerState
2019-09-17 10:37:49,329 [pool-37-thread-1] INFO  util.JmxRegister (JmxRegister.java:tryRegister(44)) - Successfully registered JMX Bean with object name Ratis:service=RaftServer,group=group-5D1FED03EF86,id=bc4b4373-760d-4c7b-8801-672ff5eaeda8
2019-09-17 10:37:49,329 [pool-47-thread-1] INFO  util.JmxRegister (JmxRegister.java:tryRegister(44)) - Successfully registered JMX Bean with object name Ratis:service=RaftServer,group=group-5D1FED03EF86,id=b6175f64-249e-458f-a44d-dbefd21d1ebe
2019-09-17 10:37:49,342 [RatisPipelineUtilsThread] INFO  pipeline.PipelineStateManager (PipelineStateManager.java:addPipeline(56)) - Created pipeline Pipeline[ Id: dc8f645c-abaa-4191-9896-5d1fed03ef86, Nodes: 06593742-632d-4ae8-badf-8f3851491c41{ip: 192.168.5.153, host: pr-hdds-2137-trunk-mnh2s-3748177197, networkLocation: /default-rack, certSerialId: null}bc4b4373-760d-4c7b-8801-672ff5eaeda8{ip: 192.168.5.153, host: pr-hdds-2137-trunk-mnh2s-3748177197, networkLocation: /default-rack, certSerialId: null}b6175f64-249e-458f-a44d-dbefd21d1ebe{ip: 192.168.5.153, host: pr-hdds-2137-trunk-mnh2s-3748177197, networkLocation: /default-rack, certSerialId: null}, Type:RATIS, Factor:THREE, State:OPEN]
2019-09-17 10:37:49,374 [Thread-193] INFO  container.ReplicationManager (ReplicationManager.java:start(169)) - Replication Monitor Thread is already running.
2019-09-17 10:37:49,416 [Command processor thread] ERROR commandhandler.CloseContainerCommandHandler (CloseContainerCommandHandler.java:handle(84)) - Container #1 does not exist in datanode. Container close failed.
2019-09-17 10:37:49,417 [Command processor thread] ERROR commandhandler.CloseContainerCommandHandler (CloseContainerCommandHandler.java:handle(84)) - Container #1 does not exist in datanode. Container close failed.
2019-09-17 10:37:49,496 [Command processor thread] ERROR commandhandler.CloseContainerCommandHandler (CloseContainerCommandHandler.java:handle(84)) - Container #1 does not exist in datanode. Container close failed.
2019-09-17 10:37:49,498 [Command processor thread] ERROR commandhandler.CloseContainerCommandHandler (CloseContainerCommandHandler.java:handle(84)) - Container #1 does not exist in datanode. Container close failed.
2019-09-17 10:37:49,569 [Command processor thread] ERROR commandhandler.CloseContainerCommandHandler (CloseContainerCommandHandler.java:handle(84)) - Container #1 does not exist in datanode. Container close failed.
2019-09-17 10:37:49,569 [Command processor thread] ERROR commandhandler.CloseContainerCommandHandler (CloseContainerCommandHandler.java:handle(84)) - Container #1 does not exist in datanode. Container close failed.
2019-09-17 10:37:49,579 [ReplicationMonitor] INFO  container.ReplicationManager (ReplicationManager.java:run(225)) - Replication Monitor Thread took 1 milliseconds for processing 1 containers.
2019-09-17 10:37:50,163 [grpc-default-executor-1] INFO  client.GrpcClientProtocolClient (GrpcClientProtocolClient.java:onNext(264)) - client-8B757D28FDA9->b6175f64-249e-458f-a44d-dbefd21d1ebe: receive RaftClientReply:client-8B757D28FDA9->b6175f64-249e-458f-a44d-dbefd21d1ebe@group-86FD0B308D5A, cid=9, FAILED org.apache.ratis.protocol.NotLeaderException: Server b6175f64-249e-458f-a44d-dbefd21d1ebe@group-86FD0B308D5A is not the leader, logIndex=0, commits[b6175f64-249e-458f-a44d-dbefd21d1ebe:c-1]
2019-09-17 10:37:51,187 [grpc-default-executor-1] INFO  client.GrpcClientProtocolClient (GrpcClientProtocolClient.java:onNext(264)) - client-8B757D28FDA9->06593742-632d-4ae8-badf-8f3851491c41: receive RaftClientReply:client-8B757D28FDA9->06593742-632d-4ae8-badf-8f3851491c41@group-86FD0B308D5A, cid=9, FAILED org.apache.ratis.protocol.NotLeaderException: Server 06593742-632d-4ae8-badf-8f3851491c41@group-86FD0B308D5A is not the leader, logIndex=0, commits[06593742-632d-4ae8-badf-8f3851491c41:c-1]
2019-09-17 10:37:51,580 [ReplicationMonitor] INFO  container.ReplicationManager (ReplicationManager.java:run(225)) - Replication Monitor Thread took 1 milliseconds for processing 1 containers.
2019-09-17 10:37:52,213 [grpc-default-executor-0] INFO  client.GrpcClientProtocolClient (GrpcClientProtocolClient.java:onNext(264)) - client-8B757D28FDA9->b6175f64-249e-458f-a44d-dbefd21d1ebe: receive RaftClientReply:client-8B757D28FDA9->b6175f64-249e-458f-a44d-dbefd21d1ebe@group-86FD0B308D5A, cid=9, FAILED org.apache.ratis.protocol.NotLeaderException: Server b6175f64-249e-458f-a44d-dbefd21d1ebe@group-86FD0B308D5A is not the leader, logIndex=0, commits[b6175f64-249e-458f-a44d-dbefd21d1ebe:c-1]
2019-09-17 10:37:52,465 [Thread-195] INFO  impl.FollowerState (FollowerState.java:run(106)) - 82b07179-00dc-467c-9ea8-b94c9098920c:group-6F8FAC0DBAAD changes to CANDIDATE, lastRpcTime:5199, electionTimeout:5198ms
2019-09-17 10:37:52,469 [Thread-195] INFO  impl.RoleInfo (RoleInfo.java:shutdownFollowerState(121)) - 82b07179-00dc-467c-9ea8-b94c9098920c: shutdown FollowerState
2019-09-17 10:37:52,469 [Thread-195] INFO  impl.RaftServerImpl (RaftServerImpl.java:setRole(174)) - 82b07179-00dc-467c-9ea8-b94c9098920c@group-6F8FAC0DBAAD: changes role from  FOLLOWER to CANDIDATE at term 0 for changeToCandidate
2019-09-17 10:37:52,475 [Thread-195] INFO  impl.RoleInfo (RoleInfo.java:updateAndGet(143)) - 82b07179-00dc-467c-9ea8-b94c9098920c: start LeaderElection
2019-09-17 10:37:52,514 [82b07179-00dc-467c-9ea8-b94c9098920c@group-6F8FAC0DBAAD:LeaderElection1] INFO  impl.LeaderElection (LeaderElection.java:askForVotes(182)) - 82b07179-00dc-467c-9ea8-b94c9098920c@group-6F8FAC0DBAAD:LeaderElection1: begin an election at term 1 for -1: [82b07179-00dc-467c-9ea8-b94c9098920c:192.168.5.153:34976], old=null
2019-09-17 10:37:52,516 [82b07179-00dc-467c-9ea8-b94c9098920c@group-6F8FAC0DBAAD:LeaderElection1] INFO  impl.RoleInfo (RoleInfo.java:shutdownLeaderElection(134)) - 82b07179-00dc-467c-9ea8-b94c9098920c: shutdown LeaderElection
2019-09-17 10:37:52,517 [82b07179-00dc-467c-9ea8-b94c9098920c@group-6F8FAC0DBAAD:LeaderElection1] INFO  impl.RaftServerImpl (RaftServerImpl.java:setRole(174)) - 82b07179-00dc-467c-9ea8-b94c9098920c@group-6F8FAC0DBAAD: changes role from CANDIDATE to LEADER at term 1 for changeToLeader
2019-09-17 10:37:52,517 [82b07179-00dc-467c-9ea8-b94c9098920c@group-6F8FAC0DBAAD:LeaderElection1] INFO  impl.RaftServerImpl (ServerState.java:setLeader(253)) - 82b07179-00dc-467c-9ea8-b94c9098920c@group-6F8FAC0DBAAD: change Leader from null to 82b07179-00dc-467c-9ea8-b94c9098920c at term 1 for becomeLeader, leader elected after 5389ms
2019-09-17 10:37:52,525 [82b07179-00dc-467c-9ea8-b94c9098920c@group-6F8FAC0DBAAD:LeaderElection1] INFO  server.RaftServerConfigKeys (ConfUtils.java:logGet(43)) - raft.server.staging.catchup.gap = 1000 (default)
2019-09-17 10:37:52,525 [82b07179-00dc-467c-9ea8-b94c9098920c@group-6F8FAC0DBAAD:LeaderElection1] INFO  server.RaftServerConfigKeys (ConfUtils.java:logGet(43)) - raft.server.rpc.sleep.time = 25ms (default)
2019-09-17 10:37:52,529 [82b07179-00dc-467c-9ea8-b94c9098920c@group-6F8FAC0DBAAD:LeaderElection1] INFO  server.RaftServerConfigKeys (ConfUtils.java:logGet(43)) - raft.server.write.element-limit = 4096 (default)
2019-09-17 10:37:52,532 [82b07179-00dc-467c-9ea8-b94c9098920c@group-6F8FAC0DBAAD:LeaderElection1] INFO  server.RaftServerConfigKeys (ConfUtils.java:logGet(43)) - raft.server.watch.timeout = 10s (default)
2019-09-17 10:37:52,532 [82b07179-00dc-467c-9ea8-b94c9098920c@group-6F8FAC0DBAAD:LeaderElection1] INFO  server.RaftServerConfigKeys (ConfUtils.java:logGet(43)) - raft.server.watch.timeout.denomination = 1s (default)
2019-09-17 10:37:52,533 [82b07179-00dc-467c-9ea8-b94c9098920c@group-6F8FAC0DBAAD:LeaderElection1] INFO  server.RaftServerConfigKeys (ConfUtils.java:logGet(43)) - raft.server.watch.element-limit = 65536 (default)
2019-09-17 10:37:52,546 [82b07179-00dc-467c-9ea8-b94c9098920c@group-6F8FAC0DBAAD:LeaderElection1] INFO  impl.RoleInfo (RoleInfo.java:updateAndGet(143)) - 82b07179-00dc-467c-9ea8-b94c9098920c: start LeaderState
2019-09-17 10:37:52,570 [82b07179-00dc-467c-9ea8-b94c9098920c@group-6F8FAC0DBAAD:LeaderElection1] INFO  segmented.SegmentedRaftLogWorker (SegmentedRaftLogWorker.java:startLogSegment(380)) - 82b07179-00dc-467c-9ea8-b94c9098920c@group-6F8FAC0DBAAD-SegmentedRaftLogWorker: Starting segment from index:0
2019-09-17 10:37:52,580 [82b07179-00dc-467c-9ea8-b94c9098920c@group-6F8FAC0DBAAD:LeaderElection1] INFO  impl.RaftServerImpl (ServerState.java:setRaftConf(354)) - 82b07179-00dc-467c-9ea8-b94c9098920c@group-6F8FAC0DBAAD: set configuration 0: [82b07179-00dc-467c-9ea8-b94c9098920c:192.168.5.153:34976], old=null at 0
2019-09-17 10:37:52,597 [Thread-198] INFO  impl.FollowerState (FollowerState.java:run(106)) - 06593742-632d-4ae8-badf-8f3851491c41:group-5B2DF3CB8120 changes to CANDIDATE, lastRpcTime:5097, electionTimeout:5096ms
2019-09-17 10:37:52,601 [Thread-198] INFO  impl.RoleInfo (RoleInfo.java:shutdownFollowerState(121)) - 06593742-632d-4ae8-badf-8f3851491c41: shutdown FollowerState
2019-09-17 10:37:52,601 [Thread-198] INFO  impl.RaftServerImpl (RaftServerImpl.java:setRole(174)) - 06593742-632d-4ae8-badf-8f3851491c41@group-5B2DF3CB8120: changes role from  FOLLOWER to CANDIDATE at term 0 for changeToCandidate
2019-09-17 10:37:52,601 [Thread-198] INFO  impl.RoleInfo (RoleInfo.java:updateAndGet(143)) - 06593742-632d-4ae8-badf-8f3851491c41: start LeaderElection
2019-09-17 10:37:52,639 [06593742-632d-4ae8-badf-8f3851491c41@group-5B2DF3CB8120:LeaderElection2] INFO  impl.LeaderElection (LeaderElection.java:askForVotes(182)) - 06593742-632d-4ae8-badf-8f3851491c41@group-5B2DF3CB8120:LeaderElection2: begin an election at term 1 for -1: [06593742-632d-4ae8-badf-8f3851491c41:192.168.5.153:43242], old=null
2019-09-17 10:37:52,640 [06593742-632d-4ae8-badf-8f3851491c41@group-5B2DF3CB8120:LeaderElection2] INFO  impl.RoleInfo (RoleInfo.java:shutdownLeaderElection(134)) - 06593742-632d-4ae8-badf-8f3851491c41: shutdown LeaderElection
2019-09-17 10:37:52,640 [06593742-632d-4ae8-badf-8f3851491c41@group-5B2DF3CB8120:LeaderElection2] INFO  impl.RaftServerImpl (RaftServerImpl.java:setRole(174)) - 06593742-632d-4ae8-badf-8f3851491c41@group-5B2DF3CB8120: changes role from CANDIDATE to LEADER at term 1 for changeToLeader
2019-09-17 10:37:52,640 [06593742-632d-4ae8-badf-8f3851491c41@group-5B2DF3CB8120:LeaderElection2] INFO  impl.RaftServerImpl (ServerState.java:setLeader(253)) - 06593742-632d-4ae8-badf-8f3851491c41@group-5B2DF3CB8120: change Leader from null to 06593742-632d-4ae8-badf-8f3851491c41 at term 1 for becomeLeader, leader elected after 5162ms
2019-09-17 10:37:52,640 [06593742-632d-4ae8-badf-8f3851491c41@group-5B2DF3CB8120:LeaderElection2] INFO  server.RaftServerConfigKeys (ConfUtils.java:logGet(43)) - raft.server.staging.catchup.gap = 1000 (default)
2019-09-17 10:37:52,640 [06593742-632d-4ae8-badf-8f3851491c41@group-5B2DF3CB8120:LeaderElection2] INFO  server.RaftServerConfigKeys (ConfUtils.java:logGet(43)) - raft.server.rpc.sleep.time = 25ms (default)
2019-09-17 10:37:52,640 [06593742-632d-4ae8-badf-8f3851491c41@group-5B2DF3CB8120:LeaderElection2] INFO  server.RaftServerConfigKeys (ConfUtils.java:logGet(43)) - raft.server.write.element-limit = 4096 (default)
2019-09-17 10:37:52,641 [06593742-632d-4ae8-badf-8f3851491c41@group-5B2DF3CB8120:LeaderElection2] INFO  server.RaftServerConfigKeys (ConfUtils.java:logGet(43)) - raft.server.watch.timeout = 10s (default)
2019-09-17 10:37:52,641 [06593742-632d-4ae8-badf-8f3851491c41@group-5B2DF3CB8120:LeaderElection2] INFO  server.RaftServerConfigKeys (ConfUtils.java:logGet(43)) - raft.server.watch.timeout.denomination = 1s (default)
2019-09-17 10:37:52,641 [06593742-632d-4ae8-badf-8f3851491c41@group-5B2DF3CB8120:LeaderElection2] INFO  server.RaftServerConfigKeys (ConfUtils.java:logGet(43)) - raft.server.watch.element-limit = 65536 (default)
2019-09-17 10:37:52,644 [06593742-632d-4ae8-badf-8f3851491c41@group-5B2DF3CB8120:LeaderElection2] INFO  impl.RoleInfo (RoleInfo.java:updateAndGet(143)) - 06593742-632d-4ae8-badf-8f3851491c41: start LeaderState
2019-09-17 10:37:52,644 [06593742-632d-4ae8-badf-8f3851491c41@group-5B2DF3CB8120:LeaderElection2] INFO  segmented.SegmentedRaftLogWorker (SegmentedRaftLogWorker.java:startLogSegment(380)) - 06593742-632d-4ae8-badf-8f3851491c41@group-5B2DF3CB8120-SegmentedRaftLogWorker: Starting segment from index:0
2019-09-17 10:37:52,644 [06593742-632d-4ae8-badf-8f3851491c41@group-5B2DF3CB8120:LeaderElection2] INFO  impl.RaftServerImpl (ServerState.java:setRaftConf(354)) - 06593742-632d-4ae8-badf-8f3851491c41@group-5B2DF3CB8120: set configuration 0: [06593742-632d-4ae8-badf-8f3851491c41:192.168.5.153:43242], old=null at 0
2019-09-17 10:37:52,828 [Thread-202] INFO  impl.FollowerState (FollowerState.java:run(106)) - bc4b4373-760d-4c7b-8801-672ff5eaeda8:group-97D81F4C29DA changes to CANDIDATE, lastRpcTime:5139, electionTimeout:5139ms
2019-09-17 10:37:52,829 [Thread-202] INFO  impl.RoleInfo (RoleInfo.java:shutdownFollowerState(121)) - bc4b4373-760d-4c7b-8801-672ff5eaeda8: shutdown FollowerState
2019-09-17 10:37:52,830 [Thread-202] INFO  impl.RaftServerImpl (RaftServerImpl.java:setRole(174)) - bc4b4373-760d-4c7b-8801-672ff5eaeda8@group-97D81F4C29DA: changes role from  FOLLOWER to CANDIDATE at term 0 for changeToCandidate
2019-09-17 10:37:52,830 [Thread-202] INFO  impl.RoleInfo (RoleInfo.java:updateAndGet(143)) - bc4b4373-760d-4c7b-8801-672ff5eaeda8: start LeaderElection
2019-09-17 10:37:52,906 [Thread-206] INFO  impl.FollowerState (FollowerState.java:run(106)) - b6175f64-249e-458f-a44d-dbefd21d1ebe:group-6683A9C9D62B changes to CANDIDATE, lastRpcTime:5075, electionTimeout:5075ms
2019-09-17 10:37:52,907 [Thread-206] INFO  impl.RoleInfo (RoleInfo.java:shutdownFollowerState(121)) - b6175f64-249e-458f-a44d-dbefd21d1ebe: shutdown FollowerState
2019-09-17 10:37:52,907 [Thread-206] INFO  impl.RaftServerImpl (RaftServerImpl.java:setRole(174)) - b6175f64-249e-458f-a44d-dbefd21d1ebe@group-6683A9C9D62B: changes role from  FOLLOWER to CANDIDATE at term 0 for changeToCandidate
2019-09-17 10:37:52,907 [Thread-206] INFO  impl.RoleInfo (RoleInfo.java:updateAndGet(143)) - b6175f64-249e-458f-a44d-dbefd21d1ebe: start LeaderElection
2019-09-17 10:37:52,915 [82b07179-00dc-467c-9ea8-b94c9098920c@group-6F8FAC0DBAAD-SegmentedRaftLogWorker] INFO  segmented.SegmentedRaftLogWorker (SegmentedRaftLogWorker.java:execute(569)) - 82b07179-00dc-467c-9ea8-b94c9098920c@group-6F8FAC0DBAAD-SegmentedRaftLogWorker: created new log segment /tmp/workdir/hadoop-ozone/integration-test/target/test-dir/MiniOzoneClusterImpl-39c25fbc-a3b4-482d-abe1-1e0ff40fa0d6/datanode-0/data/ratis/4aa69af1-d0c3-4c1d-9a80-6f8fac0dbaad/current/log_inprogress_0
2019-09-17 10:37:52,915 [bc4b4373-760d-4c7b-8801-672ff5eaeda8@group-97D81F4C29DA:LeaderElection3] INFO  impl.LeaderElection (LeaderElection.java:askForVotes(182)) - bc4b4373-760d-4c7b-8801-672ff5eaeda8@group-97D81F4C29DA:LeaderElection3: begin an election at term 1 for -1: [bc4b4373-760d-4c7b-8801-672ff5eaeda8:192.168.5.153:44913], old=null
2019-09-17 10:37:52,915 [06593742-632d-4ae8-badf-8f3851491c41@group-5B2DF3CB8120-SegmentedRaftLogWorker] INFO  segmented.SegmentedRaftLogWorker (SegmentedRaftLogWorker.java:execute(569)) - 06593742-632d-4ae8-badf-8f3851491c41@group-5B2DF3CB8120-SegmentedRaftLogWorker: created new log segment /tmp/workdir/hadoop-ozone/integration-test/target/test-dir/MiniOzoneClusterImpl-39c25fbc-a3b4-482d-abe1-1e0ff40fa0d6/datanode-3/data/ratis/4e20f44f-7552-49da-a6f2-5b2df3cb8120/current/log_inprogress_0
2019-09-17 10:37:52,916 [bc4b4373-760d-4c7b-8801-672ff5eaeda8@group-97D81F4C29DA:LeaderElection3] INFO  impl.RoleInfo (RoleInfo.java:shutdownLeaderElection(134)) - bc4b4373-760d-4c7b-8801-672ff5eaeda8: shutdown LeaderElection
2019-09-17 10:37:52,916 [bc4b4373-760d-4c7b-8801-672ff5eaeda8@group-97D81F4C29DA:LeaderElection3] INFO  impl.RaftServerImpl (RaftServerImpl.java:setRole(174)) - bc4b4373-760d-4c7b-8801-672ff5eaeda8@group-97D81F4C29DA: changes role from CANDIDATE to LEADER at term 1 for changeToLeader
2019-09-17 10:37:52,916 [bc4b4373-760d-4c7b-8801-672ff5eaeda8@group-97D81F4C29DA:LeaderElection3] INFO  impl.RaftServerImpl (ServerState.java:setLeader(253)) - bc4b4373-760d-4c7b-8801-672ff5eaeda8@group-97D81F4C29DA: change Leader from null to bc4b4373-760d-4c7b-8801-672ff5eaeda8 at term 1 for becomeLeader, leader elected after 5274ms
2019-09-17 10:37:52,917 [bc4b4373-760d-4c7b-8801-672ff5eaeda8@group-97D81F4C29DA:LeaderElection3] INFO  server.RaftServerConfigKeys (ConfUtils.java:logGet(43)) - raft.server.staging.catchup.gap = 1000 (default)
2019-09-17 10:37:52,918 [bc4b4373-760d-4c7b-8801-672ff5eaeda8@group-97D81F4C29DA:LeaderElection3] INFO  server.RaftServerConfigKeys (ConfUtils.java:logGet(43)) - raft.server.rpc.sleep.time = 25ms (default)
2019-09-17 10:37:52,918 [bc4b4373-760d-4c7b-8801-672ff5eaeda8@group-97D81F4C29DA:LeaderElection3] INFO  server.RaftServerConfigKeys (ConfUtils.java:logGet(43)) - raft.server.write.element-limit = 4096 (default)
2019-09-17 10:37:52,918 [bc4b4373-760d-4c7b-8801-672ff5eaeda8@group-97D81F4C29DA:LeaderElection3] INFO  server.RaftServerConfigKeys (ConfUtils.java:logGet(43)) - raft.server.watch.timeout = 10s (default)
2019-09-17 10:37:52,918 [bc4b4373-760d-4c7b-8801-672ff5eaeda8@group-97D81F4C29DA:LeaderElection3] INFO  server.RaftServerConfigKeys (ConfUtils.java:logGet(43)) - raft.server.watch.timeout.denomination = 1s (default)
2019-09-17 10:37:52,918 [bc4b4373-760d-4c7b-8801-672ff5eaeda8@group-97D81F4C29DA:LeaderElection3] INFO  server.RaftServerConfigKeys (ConfUtils.java:logGet(43)) - raft.server.watch.element-limit = 65536 (default)
2019-09-17 10:37:52,922 [bc4b4373-760d-4c7b-8801-672ff5eaeda8@group-97D81F4C29DA:LeaderElection3] INFO  impl.RoleInfo (RoleInfo.java:updateAndGet(143)) - bc4b4373-760d-4c7b-8801-672ff5eaeda8: start LeaderState
2019-09-17 10:37:52,922 [bc4b4373-760d-4c7b-8801-672ff5eaeda8@group-97D81F4C29DA:LeaderElection3] INFO  segmented.SegmentedRaftLogWorker (SegmentedRaftLogWorker.java:startLogSegment(380)) - bc4b4373-760d-4c7b-8801-672ff5eaeda8@group-97D81F4C29DA-SegmentedRaftLogWorker: Starting segment from index:0
2019-09-17 10:37:52,922 [bc4b4373-760d-4c7b-8801-672ff5eaeda8@group-97D81F4C29DA:LeaderElection3] INFO  impl.RaftServerImpl (ServerState.java:setRaftConf(354)) - bc4b4373-760d-4c7b-8801-672ff5eaeda8@group-97D81F4C29DA: set configuration 0: [bc4b4373-760d-4c7b-8801-672ff5eaeda8:192.168.5.153:44913], old=null at 0
2019-09-17 10:37:52,983 [Thread-215] INFO  impl.FollowerState (FollowerState.java:run(106)) - 06593742-632d-4ae8-badf-8f3851491c41:group-86FD0B308D5A changes to CANDIDATE, lastRpcTime:5016, electionTimeout:5015ms
2019-09-17 10:37:52,984 [Thread-215] INFO  impl.RoleInfo (RoleInfo.java:shutdownFollowerState(121)) - 06593742-632d-4ae8-badf-8f3851491c41: shutdown FollowerState
2019-09-17 10:37:52,984 [Thread-215] INFO  impl.RaftServerImpl (RaftServerImpl.java:setRole(174)) - 06593742-632d-4ae8-badf-8f3851491c41@group-86FD0B308D5A: changes role from  FOLLOWER to CANDIDATE at term 0 for changeToCandidate
2019-09-17 10:37:52,984 [Thread-215] INFO  impl.RoleInfo (RoleInfo.java:updateAndGet(143)) - 06593742-632d-4ae8-badf-8f3851491c41: start LeaderElection
2019-09-17 10:37:53,031 [Thread-211] INFO  impl.FollowerState (FollowerState.java:run(106)) - b6175f64-249e-458f-a44d-dbefd21d1ebe:group-86FD0B308D5A changes to CANDIDATE, lastRpcTime:5071, electionTimeout:5071ms
2019-09-17 10:37:53,031 [Thread-211] INFO  impl.RoleInfo (RoleInfo.java:shutdownFollowerState(121)) - b6175f64-249e-458f-a44d-dbefd21d1ebe: shutdown FollowerState
2019-09-17 10:37:53,031 [Thread-211] INFO  impl.RaftServerImpl (RaftServerImpl.java:setRole(174)) - b6175f64-249e-458f-a44d-dbefd21d1ebe@group-86FD0B308D5A: changes role from  FOLLOWER to CANDIDATE at term 0 for changeToCandidate
2019-09-17 10:37:53,032 [Thread-211] INFO  impl.RoleInfo (RoleInfo.java:updateAndGet(143)) - b6175f64-249e-458f-a44d-dbefd21d1ebe: start LeaderElection
2019-09-17 10:37:53,032 [bc4b4373-760d-4c7b-8801-672ff5eaeda8@group-97D81F4C29DA-SegmentedRaftLogWorker] INFO  segmented.SegmentedRaftLogWorker (SegmentedRaftLogWorker.java:execute(569)) - bc4b4373-760d-4c7b-8801-672ff5eaeda8@group-97D81F4C29DA-SegmentedRaftLogWorker: created new log segment /tmp/workdir/hadoop-ozone/integration-test/target/test-dir/MiniOzoneClusterImpl-39c25fbc-a3b4-482d-abe1-1e0ff40fa0d6/datanode-1/data/ratis/e23afb3d-84ec-477f-9f2e-97d81f4c29da/current/log_inprogress_0
2019-09-17 10:37:53,032 [b6175f64-249e-458f-a44d-dbefd21d1ebe@group-6683A9C9D62B:LeaderElection4] INFO  impl.LeaderElection (LeaderElection.java:askForVotes(182)) - b6175f64-249e-458f-a44d-dbefd21d1ebe@group-6683A9C9D62B:LeaderElection4: begin an election at term 1 for -1: [b6175f64-249e-458f-a44d-dbefd21d1ebe:192.168.5.153:35096], old=null
2019-09-17 10:37:53,032 [06593742-632d-4ae8-badf-8f3851491c41@group-86FD0B308D5A:LeaderElection5] INFO  impl.LeaderElection (LeaderElection.java:askForVotes(182)) - 06593742-632d-4ae8-badf-8f3851491c41@group-86FD0B308D5A:LeaderElection5: begin an election at term 1 for -1: [b6175f64-249e-458f-a44d-dbefd21d1ebe:192.168.5.153:35096, 06593742-632d-4ae8-badf-8f3851491c41:192.168.5.153:43242, bc4b4373-760d-4c7b-8801-672ff5eaeda8:192.168.5.153:44913], old=null
2019-09-17 10:37:53,035 [b6175f64-249e-458f-a44d-dbefd21d1ebe@group-6683A9C9D62B:LeaderElection4] INFO  impl.RoleInfo (RoleInfo.java:shutdownLeaderElection(134)) - b6175f64-249e-458f-a44d-dbefd21d1ebe: shutdown LeaderElection
2019-09-17 10:37:53,035 [b6175f64-249e-458f-a44d-dbefd21d1ebe@group-6683A9C9D62B:LeaderElection4] INFO  impl.RaftServerImpl (RaftServerImpl.java:setRole(174)) - b6175f64-249e-458f-a44d-dbefd21d1ebe@group-6683A9C9D62B: changes role from CANDIDATE to LEADER at term 1 for changeToLeader
2019-09-17 10:37:53,035 [b6175f64-249e-458f-a44d-dbefd21d1ebe@group-6683A9C9D62B:LeaderElection4] INFO  impl.RaftServerImpl (ServerState.java:setLeader(253)) - b6175f64-249e-458f-a44d-dbefd21d1ebe@group-6683A9C9D62B: change Leader from null to b6175f64-249e-458f-a44d-dbefd21d1ebe at term 1 for becomeLeader, leader elected after 5225ms
2019-09-17 10:37:53,037 [b6175f64-249e-458f-a44d-dbefd21d1ebe@group-6683A9C9D62B:LeaderElection4] INFO  server.RaftServerConfigKeys (ConfUtils.java:logGet(43)) - raft.server.staging.catchup.gap = 1000 (default)
2019-09-17 10:37:53,037 [b6175f64-249e-458f-a44d-dbefd21d1ebe@group-6683A9C9D62B:LeaderElection4] INFO  server.RaftServerConfigKeys (ConfUtils.java:logGet(43)) - raft.server.rpc.sleep.time = 25ms (default)
2019-09-17 10:37:53,037 [b6175f64-249e-458f-a44d-dbefd21d1ebe@group-6683A9C9D62B:LeaderElection4] INFO  server.RaftServerConfigKeys (ConfUtils.java:logGet(43)) - raft.server.write.element-limit = 4096 (default)
2019-09-17 10:37:53,037 [b6175f64-249e-458f-a44d-dbefd21d1ebe@group-6683A9C9D62B:LeaderElection4] INFO  server.RaftServerConfigKeys (ConfUtils.java:logGet(43)) - raft.server.watch.timeout = 10s (default)
2019-09-17 10:37:53,037 [b6175f64-249e-458f-a44d-dbefd21d1ebe@group-6683A9C9D62B:LeaderElection4] INFO  server.RaftServerConfigKeys (ConfUtils.java:logGet(43)) - raft.server.watch.timeout.denomination = 1s (default)
2019-09-17 10:37:53,038 [b6175f64-249e-458f-a44d-dbefd21d1ebe@group-6683A9C9D62B:LeaderElection4] INFO  server.RaftServerConfigKeys (ConfUtils.java:logGet(43)) - raft.server.watch.element-limit = 65536 (default)
2019-09-17 10:37:53,042 [b6175f64-249e-458f-a44d-dbefd21d1ebe@group-6683A9C9D62B:LeaderElection4] INFO  impl.RoleInfo (RoleInfo.java:updateAndGet(143)) - b6175f64-249e-458f-a44d-dbefd21d1ebe: start LeaderState
2019-09-17 10:37:53,042 [b6175f64-249e-458f-a44d-dbefd21d1ebe@group-6683A9C9D62B:LeaderElection4] INFO  segmented.SegmentedRaftLogWorker (SegmentedRaftLogWorker.java:startLogSegment(380)) - b6175f64-249e-458f-a44d-dbefd21d1ebe@group-6683A9C9D62B-SegmentedRaftLogWorker: Starting segment from index:0
2019-09-17 10:37:53,042 [b6175f64-249e-458f-a44d-dbefd21d1ebe@group-6683A9C9D62B:LeaderElection4] INFO  impl.RaftServerImpl (ServerState.java:setRaftConf(354)) - b6175f64-249e-458f-a44d-dbefd21d1ebe@group-6683A9C9D62B: set configuration 0: [b6175f64-249e-458f-a44d-dbefd21d1ebe:192.168.5.153:35096], old=null at 0
2019-09-17 10:37:53,081 [b6175f64-249e-458f-a44d-dbefd21d1ebe@group-86FD0B308D5A:LeaderElection6] INFO  impl.LeaderElection (LeaderElection.java:askForVotes(182)) - b6175f64-249e-458f-a44d-dbefd21d1ebe@group-86FD0B308D5A:LeaderElection6: begin an election at term 1 for -1: [b6175f64-249e-458f-a44d-dbefd21d1ebe:192.168.5.153:35096, 06593742-632d-4ae8-badf-8f3851491c41:192.168.5.153:43242, bc4b4373-760d-4c7b-8801-672ff5eaeda8:192.168.5.153:44913], old=null
2019-09-17 10:37:53,105 [Thread-213] INFO  impl.FollowerState (FollowerState.java:run(106)) - bc4b4373-760d-4c7b-8801-672ff5eaeda8:group-86FD0B308D5A changes to CANDIDATE, lastRpcTime:5144, electionTimeout:5144ms
2019-09-17 10:37:53,105 [Thread-213] INFO  impl.RoleInfo (RoleInfo.java:shutdownFollowerState(121)) - bc4b4373-760d-4c7b-8801-672ff5eaeda8: shutdown FollowerState
2019-09-17 10:37:53,105 [Thread-213] INFO  impl.RaftServerImpl (RaftServerImpl.java:setRole(174)) - bc4b4373-760d-4c7b-8801-672ff5eaeda8@group-86FD0B308D5A: changes role from  FOLLOWER to CANDIDATE at term 0 for changeToCandidate
2019-09-17 10:37:53,106 [Thread-213] INFO  impl.RoleInfo (RoleInfo.java:updateAndGet(143)) - bc4b4373-760d-4c7b-8801-672ff5eaeda8: start LeaderElection
2019-09-17 10:37:53,110 [b6175f64-249e-458f-a44d-dbefd21d1ebe@group-6683A9C9D62B-SegmentedRaftLogWorker] INFO  segmented.SegmentedRaftLogWorker (SegmentedRaftLogWorker.java:execute(569)) - b6175f64-249e-458f-a44d-dbefd21d1ebe@group-6683A9C9D62B-SegmentedRaftLogWorker: created new log segment /tmp/workdir/hadoop-ozone/integration-test/target/test-dir/MiniOzoneClusterImpl-39c25fbc-a3b4-482d-abe1-1e0ff40fa0d6/datanode-2/data/ratis/174ca68e-5da8-4c8d-9e8e-6683a9c9d62b/current/log_inprogress_0
2019-09-17 10:37:53,123 [bc4b4373-760d-4c7b-8801-672ff5eaeda8@group-86FD0B308D5A:LeaderElection7] INFO  impl.LeaderElection (LeaderElection.java:askForVotes(182)) - bc4b4373-760d-4c7b-8801-672ff5eaeda8@group-86FD0B308D5A:LeaderElection7: begin an election at term 1 for -1: [b6175f64-249e-458f-a44d-dbefd21d1ebe:192.168.5.153:35096, 06593742-632d-4ae8-badf-8f3851491c41:192.168.5.153:43242, bc4b4373-760d-4c7b-8801-672ff5eaeda8:192.168.5.153:44913], old=null
2019-09-17 10:37:53,136 [06593742-632d-4ae8-badf-8f3851491c41@group-86FD0B308D5A:LeaderElection5] INFO  impl.LeaderElection (LeaderElection.java:logAndReturn(56)) - 06593742-632d-4ae8-badf-8f3851491c41@group-86FD0B308D5A:LeaderElection5: Election REJECTED; received 2 response(s) [06593742-632d-4ae8-badf-8f3851491c41<-b6175f64-249e-458f-a44d-dbefd21d1ebe#0:FAIL-t1, 06593742-632d-4ae8-badf-8f3851491c41<-bc4b4373-760d-4c7b-8801-672ff5eaeda8#0:FAIL-t1] and 0 exception(s); 06593742-632d-4ae8-badf-8f3851491c41@group-86FD0B308D5A:t1, leader=null, voted=06593742-632d-4ae8-badf-8f3851491c41, raftlog=06593742-632d-4ae8-badf-8f3851491c41@group-86FD0B308D5A-SegmentedRaftLog:OPENED:c-1,f-1,i0, conf=-1: [b6175f64-249e-458f-a44d-dbefd21d1ebe:192.168.5.153:35096, 06593742-632d-4ae8-badf-8f3851491c41:192.168.5.153:43242, bc4b4373-760d-4c7b-8801-672ff5eaeda8:192.168.5.153:44913], old=null
2019-09-17 10:37:53,136 [b6175f64-249e-458f-a44d-dbefd21d1ebe@group-86FD0B308D5A:LeaderElection6] INFO  impl.LeaderElection (LeaderElection.java:logAndReturn(56)) - b6175f64-249e-458f-a44d-dbefd21d1ebe@group-86FD0B308D5A:LeaderElection6: Election REJECTED; received 2 response(s) [b6175f64-249e-458f-a44d-dbefd21d1ebe<-bc4b4373-760d-4c7b-8801-672ff5eaeda8#0:FAIL-t1, b6175f64-249e-458f-a44d-dbefd21d1ebe<-06593742-632d-4ae8-badf-8f3851491c41#0:FAIL-t1] and 0 exception(s); b6175f64-249e-458f-a44d-dbefd21d1ebe@group-86FD0B308D5A:t1, leader=null, voted=b6175f64-249e-458f-a44d-dbefd21d1ebe, raftlog=b6175f64-249e-458f-a44d-dbefd21d1ebe@group-86FD0B308D5A-SegmentedRaftLog:OPENED:c-1,f-1,i0, conf=-1: [b6175f64-249e-458f-a44d-dbefd21d1ebe:192.168.5.153:35096, 06593742-632d-4ae8-badf-8f3851491c41:192.168.5.153:43242, bc4b4373-760d-4c7b-8801-672ff5eaeda8:192.168.5.153:44913], old=null
2019-09-17 10:37:53,141 [06593742-632d-4ae8-badf-8f3851491c41@group-86FD0B308D5A:LeaderElection5] INFO  impl.RaftServerImpl (RaftServerImpl.java:setRole(174)) - 06593742-632d-4ae8-badf-8f3851491c41@group-86FD0B308D5A: changes role from CANDIDATE to FOLLOWER at term 1 for DISCOVERED_A_NEW_TERM
2019-09-17 10:37:53,141 [b6175f64-249e-458f-a44d-dbefd21d1ebe@group-86FD0B308D5A:LeaderElection6] INFO  impl.RaftServerImpl (RaftServerImpl.java:setRole(174)) - b6175f64-249e-458f-a44d-dbefd21d1ebe@group-86FD0B308D5A: changes role from CANDIDATE to FOLLOWER at term 1 for DISCOVERED_A_NEW_TERM
2019-09-17 10:37:53,144 [06593742-632d-4ae8-badf-8f3851491c41@group-86FD0B308D5A:LeaderElection5] INFO  impl.RoleInfo (RoleInfo.java:shutdownLeaderElection(134)) - 06593742-632d-4ae8-badf-8f3851491c41: shutdown LeaderElection
2019-09-17 10:37:53,144 [b6175f64-249e-458f-a44d-dbefd21d1ebe@group-86FD0B308D5A:LeaderElection6] INFO  impl.RoleInfo (RoleInfo.java:shutdownLeaderElection(134)) - b6175f64-249e-458f-a44d-dbefd21d1ebe: shutdown LeaderElection
2019-09-17 10:37:53,144 [06593742-632d-4ae8-badf-8f3851491c41@group-86FD0B308D5A:LeaderElection5] INFO  impl.RoleInfo (RoleInfo.java:updateAndGet(143)) - 06593742-632d-4ae8-badf-8f3851491c41: start FollowerState
2019-09-17 10:37:53,145 [b6175f64-249e-458f-a44d-dbefd21d1ebe@group-86FD0B308D5A:LeaderElection6] INFO  impl.RoleInfo (RoleInfo.java:updateAndGet(143)) - b6175f64-249e-458f-a44d-dbefd21d1ebe: start FollowerState
2019-09-17 10:37:53,163 [bc4b4373-760d-4c7b-8801-672ff5eaeda8@group-86FD0B308D5A:LeaderElection7] INFO  impl.LeaderElection (LeaderElection.java:logAndReturn(56)) - bc4b4373-760d-4c7b-8801-672ff5eaeda8@group-86FD0B308D5A:LeaderElection7: Election REJECTED; received 2 response(s) [bc4b4373-760d-4c7b-8801-672ff5eaeda8<-b6175f64-249e-458f-a44d-dbefd21d1ebe#0:FAIL-t1, bc4b4373-760d-4c7b-8801-672ff5eaeda8<-06593742-632d-4ae8-badf-8f3851491c41#0:FAIL-t1] and 0 exception(s); bc4b4373-760d-4c7b-8801-672ff5eaeda8@group-86FD0B308D5A:t1, leader=null, voted=bc4b4373-760d-4c7b-8801-672ff5eaeda8, raftlog=bc4b4373-760d-4c7b-8801-672ff5eaeda8@group-86FD0B308D5A-SegmentedRaftLog:OPENED:c-1,f-1,i0, conf=-1: [b6175f64-249e-458f-a44d-dbefd21d1ebe:192.168.5.153:35096, 06593742-632d-4ae8-badf-8f3851491c41:192.168.5.153:43242, bc4b4373-760d-4c7b-8801-672ff5eaeda8:192.168.5.153:44913], old=null
2019-09-17 10:37:53,164 [bc4b4373-760d-4c7b-8801-672ff5eaeda8@group-86FD0B308D5A:LeaderElection7] INFO  impl.RaftServerImpl (RaftServerImpl.java:setRole(174)) - bc4b4373-760d-4c7b-8801-672ff5eaeda8@group-86FD0B308D5A: changes role from CANDIDATE to FOLLOWER at term 1 for DISCOVERED_A_NEW_TERM
2019-09-17 10:37:53,167 [bc4b4373-760d-4c7b-8801-672ff5eaeda8@group-86FD0B308D5A:LeaderElection7] INFO  impl.RoleInfo (RoleInfo.java:shutdownLeaderElection(134)) - bc4b4373-760d-4c7b-8801-672ff5eaeda8: shutdown LeaderElection
2019-09-17 10:37:53,167 [bc4b4373-760d-4c7b-8801-672ff5eaeda8@group-86FD0B308D5A:LeaderElection7] INFO  impl.RoleInfo (RoleInfo.java:updateAndGet(143)) - bc4b4373-760d-4c7b-8801-672ff5eaeda8: start FollowerState
2019-09-17 10:37:53,234 [grpc-default-executor-3] INFO  client.GrpcClientProtocolClient (GrpcClientProtocolClient.java:onNext(264)) - client-8B757D28FDA9->bc4b4373-760d-4c7b-8801-672ff5eaeda8: receive RaftClientReply:client-8B757D28FDA9->bc4b4373-760d-4c7b-8801-672ff5eaeda8@group-86FD0B308D5A, cid=9, FAILED org.apache.ratis.protocol.NotLeaderException: Server bc4b4373-760d-4c7b-8801-672ff5eaeda8@group-86FD0B308D5A is not the leader, logIndex=0, commits[bc4b4373-760d-4c7b-8801-672ff5eaeda8:c-1]
2019-09-17 10:37:53,581 [ReplicationMonitor] INFO  container.ReplicationManager (ReplicationManager.java:run(225)) - Replication Monitor Thread took 0 milliseconds for processing 1 containers.
2019-09-17 10:37:54,192 [Thread-224] INFO  impl.FollowerState (FollowerState.java:run(106)) - 06593742-632d-4ae8-badf-8f3851491c41:group-1182FAFE1F1F changes to CANDIDATE, lastRpcTime:5137, electionTimeout:5137ms
2019-09-17 10:37:54,192 [Thread-224] INFO  impl.RoleInfo (RoleInfo.java:shutdownFollowerState(121)) - 06593742-632d-4ae8-badf-8f3851491c41: shutdown FollowerState
2019-09-17 10:37:54,193 [Thread-224] INFO  impl.RaftServerImpl (RaftServerImpl.java:setRole(174)) - 06593742-632d-4ae8-badf-8f3851491c41@group-1182FAFE1F1F: changes role from  FOLLOWER to CANDIDATE at term 0 for changeToCandidate
2019-09-17 10:37:54,193 [Thread-224] INFO  impl.RoleInfo (RoleInfo.java:updateAndGet(143)) - 06593742-632d-4ae8-badf-8f3851491c41: start LeaderElection
2019-09-17 10:37:54,225 [06593742-632d-4ae8-badf-8f3851491c41@group-1182FAFE1F1F:LeaderElection8] INFO  impl.LeaderElection (LeaderElection.java:askForVotes(182)) - 06593742-632d-4ae8-badf-8f3851491c41@group-1182FAFE1F1F:LeaderElection8: begin an election at term 1 for -1: [06593742-632d-4ae8-badf-8f3851491c41:192.168.5.153:43242], old=null
2019-09-17 10:37:54,225 [06593742-632d-4ae8-badf-8f3851491c41@group-1182FAFE1F1F:LeaderElection8] INFO  impl.RoleInfo (RoleInfo.java:shutdownLeaderElection(134)) - 06593742-632d-4ae8-badf-8f3851491c41: shutdown LeaderElection
2019-09-17 10:37:54,225 [06593742-632d-4ae8-badf-8f3851491c41@group-1182FAFE1F1F:LeaderElection8] INFO  impl.RaftServerImpl (RaftServerImpl.java:setRole(174)) - 06593742-632d-4ae8-badf-8f3851491c41@group-1182FAFE1F1F: changes role from CANDIDATE to LEADER at term 1 for changeToLeader
2019-09-17 10:37:54,225 [06593742-632d-4ae8-badf-8f3851491c41@group-1182FAFE1F1F:LeaderElection8] INFO  impl.RaftServerImpl (ServerState.java:setLeader(253)) - 06593742-632d-4ae8-badf-8f3851491c41@group-1182FAFE1F1F: change Leader from null to 06593742-632d-4ae8-badf-8f3851491c41 at term 1 for becomeLeader, leader elected after 5179ms
2019-09-17 10:37:54,225 [06593742-632d-4ae8-badf-8f3851491c41@group-1182FAFE1F1F:LeaderElection8] INFO  server.RaftServerConfigKeys (ConfUtils.java:logGet(43)) - raft.server.staging.catchup.gap = 1000 (default)
2019-09-17 10:37:54,225 [06593742-632d-4ae8-badf-8f3851491c41@group-1182FAFE1F1F:LeaderElection8] INFO  server.RaftServerConfigKeys (ConfUtils.java:logGet(43)) - raft.server.rpc.sleep.time = 25ms (default)
2019-09-17 10:37:54,226 [06593742-632d-4ae8-badf-8f3851491c41@group-1182FAFE1F1F:LeaderElection8] INFO  server.RaftServerConfigKeys (ConfUtils.java:logGet(43)) - raft.server.write.element-limit = 4096 (default)
2019-09-17 10:37:54,226 [06593742-632d-4ae8-badf-8f3851491c41@group-1182FAFE1F1F:LeaderElection8] INFO  server.RaftServerConfigKeys (ConfUtils.java:logGet(43)) - raft.server.watch.timeout = 10s (default)
2019-09-17 10:37:54,226 [06593742-632d-4ae8-badf-8f3851491c41@group-1182FAFE1F1F:LeaderElection8] INFO  server.RaftServerConfigKeys (ConfUtils.java:logGet(43)) - raft.server.watch.timeout.denomination = 1s (default)
2019-09-17 10:37:54,226 [06593742-632d-4ae8-badf-8f3851491c41@group-1182FAFE1F1F:LeaderElection8] INFO  server.RaftServerConfigKeys (ConfUtils.java:logGet(43)) - raft.server.watch.element-limit = 65536 (default)
2019-09-17 10:37:54,228 [06593742-632d-4ae8-badf-8f3851491c41@group-1182FAFE1F1F:LeaderElection8] INFO  impl.RoleInfo (RoleInfo.java:updateAndGet(143)) - 06593742-632d-4ae8-badf-8f3851491c41: start LeaderState
2019-09-17 10:37:54,229 [06593742-632d-4ae8-badf-8f3851491c41@group-1182FAFE1F1F:LeaderElection8] INFO  segmented.SegmentedRaftLogWorker (SegmentedRaftLogWorker.java:startLogSegment(380)) - 06593742-632d-4ae8-badf-8f3851491c41@group-1182FAFE1F1F-SegmentedRaftLogWorker: Starting segment from index:0
2019-09-17 10:37:54,229 [06593742-632d-4ae8-badf-8f3851491c41@group-1182FAFE1F1F:LeaderElection8] INFO  impl.RaftServerImpl (ServerState.java:setRaftConf(354)) - 06593742-632d-4ae8-badf-8f3851491c41@group-1182FAFE1F1F: set configuration 0: [06593742-632d-4ae8-badf-8f3851491c41:192.168.5.153:43242], old=null at 0
2019-09-17 10:37:54,277 [Thread-230] INFO  impl.FollowerState (FollowerState.java:run(106)) - b6175f64-249e-458f-a44d-dbefd21d1ebe:group-5B933F1A298D changes to CANDIDATE, lastRpcTime:5127, electionTimeout:5127ms
2019-09-17 10:37:54,278 [Thread-230] INFO  impl.RoleInfo (RoleInfo.java:shutdownFollowerState(121)) - b6175f64-249e-458f-a44d-dbefd21d1ebe: shutdown FollowerState
2019-09-17 10:37:54,278 [Thread-230] INFO  impl.RaftServerImpl (RaftServerImpl.java:setRole(174)) - b6175f64-249e-458f-a44d-dbefd21d1ebe@group-5B933F1A298D: changes role from  FOLLOWER to CANDIDATE at term 0 for changeToCandidate
2019-09-17 10:37:54,278 [Thread-230] INFO  impl.RoleInfo (RoleInfo.java:updateAndGet(143)) - b6175f64-249e-458f-a44d-dbefd21d1ebe: start LeaderElection
2019-09-17 10:37:54,283 [grpc-default-executor-2] INFO  client.GrpcClientProtocolClient (GrpcClientProtocolClient.java:onNext(264)) - client-8B757D28FDA9->06593742-632d-4ae8-badf-8f3851491c41: receive RaftClientReply:client-8B757D28FDA9->06593742-632d-4ae8-badf-8f3851491c41@group-86FD0B308D5A, cid=9, FAILED org.apache.ratis.protocol.NotLeaderException: Server 06593742-632d-4ae8-badf-8f3851491c41@group-86FD0B308D5A is not the leader, logIndex=0, commits[06593742-632d-4ae8-badf-8f3851491c41:c-1]
2019-09-17 10:37:54,293 [06593742-632d-4ae8-badf-8f3851491c41@group-1182FAFE1F1F-SegmentedRaftLogWorker] INFO  segmented.SegmentedRaftLogWorker (SegmentedRaftLogWorker.java:execute(569)) - 06593742-632d-4ae8-badf-8f3851491c41@group-1182FAFE1F1F-SegmentedRaftLogWorker: created new log segment /tmp/workdir/hadoop-ozone/integration-test/target/test-dir/MiniOzoneClusterImpl-39c25fbc-a3b4-482d-abe1-1e0ff40fa0d6/datanode-3/data/ratis/4461b41c-5691-41b5-b721-1182fafe1f1f/current/log_inprogress_0
2019-09-17 10:37:54,324 [b6175f64-249e-458f-a44d-dbefd21d1ebe@group-5B933F1A298D:LeaderElection9] INFO  impl.LeaderElection (LeaderElection.java:askForVotes(182)) - b6175f64-249e-458f-a44d-dbefd21d1ebe@group-5B933F1A298D:LeaderElection9: begin an election at term 1 for -1: [b6175f64-249e-458f-a44d-dbefd21d1ebe:192.168.5.153:35096], old=null
2019-09-17 10:37:54,324 [b6175f64-249e-458f-a44d-dbefd21d1ebe@group-5B933F1A298D:LeaderElection9] INFO  impl.RoleInfo (RoleInfo.java:shutdownLeaderElection(134)) - b6175f64-249e-458f-a44d-dbefd21d1ebe: shutdown LeaderElection
2019-09-17 10:37:54,324 [b6175f64-249e-458f-a44d-dbefd21d1ebe@group-5B933F1A298D:LeaderElection9] INFO  impl.RaftServerImpl (RaftServerImpl.java:setRole(174)) - b6175f64-249e-458f-a44d-dbefd21d1ebe@group-5B933F1A298D: changes role from CANDIDATE to LEADER at term 1 for changeToLeader
2019-09-17 10:37:54,324 [b6175f64-249e-458f-a44d-dbefd21d1ebe@group-5B933F1A298D:LeaderElection9] INFO  impl.RaftServerImpl (ServerState.java:setLeader(253)) - b6175f64-249e-458f-a44d-dbefd21d1ebe@group-5B933F1A298D: change Leader from null to b6175f64-249e-458f-a44d-dbefd21d1ebe at term 1 for becomeLeader, leader elected after 5194ms
2019-09-17 10:37:54,324 [b6175f64-249e-458f-a44d-dbefd21d1ebe@group-5B933F1A298D:LeaderElection9] INFO  server.RaftServerConfigKeys (ConfUtils.java:logGet(43)) - raft.server.staging.catchup.gap = 1000 (default)
2019-09-17 10:37:54,325 [b6175f64-249e-458f-a44d-dbefd21d1ebe@group-5B933F1A298D:LeaderElection9] INFO  server.RaftServerConfigKeys (ConfUtils.java:logGet(43)) - raft.server.rpc.sleep.time = 25ms (default)
2019-09-17 10:37:54,325 [b6175f64-249e-458f-a44d-dbefd21d1ebe@group-5B933F1A298D:LeaderElection9] INFO  server.RaftServerConfigKeys (ConfUtils.java:logGet(43)) - raft.server.write.element-limit = 4096 (default)
2019-09-17 10:37:54,325 [b6175f64-249e-458f-a44d-dbefd21d1ebe@group-5B933F1A298D:LeaderElection9] INFO  server.RaftServerConfigKeys (ConfUtils.java:logGet(43)) - raft.server.watch.timeout = 10s (default)
2019-09-17 10:37:54,325 [b6175f64-249e-458f-a44d-dbefd21d1ebe@group-5B933F1A298D:LeaderElection9] INFO  server.RaftServerConfigKeys (ConfUtils.java:logGet(43)) - raft.server.watch.timeout.denomination = 1s (default)
2019-09-17 10:37:54,325 [b6175f64-249e-458f-a44d-dbefd21d1ebe@group-5B933F1A298D:LeaderElection9] INFO  server.RaftServerConfigKeys (ConfUtils.java:logGet(43)) - raft.server.watch.element-limit = 65536 (default)
2019-09-17 10:37:54,328 [b6175f64-249e-458f-a44d-dbefd21d1ebe@group-5B933F1A298D:LeaderElection9] INFO  impl.RoleInfo (RoleInfo.java:updateAndGet(143)) - b6175f64-249e-458f-a44d-dbefd21d1ebe: start LeaderState
2019-09-17 10:37:54,328 [b6175f64-249e-458f-a44d-dbefd21d1ebe@group-5B933F1A298D:LeaderElection9] INFO  segmented.SegmentedRaftLogWorker (SegmentedRaftLogWorker.java:startLogSegment(380)) - b6175f64-249e-458f-a44d-dbefd21d1ebe@group-5B933F1A298D-SegmentedRaftLogWorker: Starting segment from index:0
2019-09-17 10:37:54,329 [b6175f64-249e-458f-a44d-dbefd21d1ebe@group-5B933F1A298D:LeaderElection9] INFO  impl.RaftServerImpl (ServerState.java:setRaftConf(354)) - b6175f64-249e-458f-a44d-dbefd21d1ebe@group-5B933F1A298D: set configuration 0: [b6175f64-249e-458f-a44d-dbefd21d1ebe:192.168.5.153:35096], old=null at 0
2019-09-17 10:37:54,383 [b6175f64-249e-458f-a44d-dbefd21d1ebe@group-5B933F1A298D-SegmentedRaftLogWorker] INFO  segmented.SegmentedRaftLogWorker (SegmentedRaftLogWorker.java:execute(569)) - b6175f64-249e-458f-a44d-dbefd21d1ebe@group-5B933F1A298D-SegmentedRaftLogWorker: created new log segment /tmp/workdir/hadoop-ozone/integration-test/target/test-dir/MiniOzoneClusterImpl-39c25fbc-a3b4-482d-abe1-1e0ff40fa0d6/datanode-2/data/ratis/073e3ee8-81e4-4441-ba8b-5b933f1a298d/current/log_inprogress_0
2019-09-17 10:37:54,414 [Thread-235] INFO  impl.FollowerState (FollowerState.java:run(106)) - 06593742-632d-4ae8-badf-8f3851491c41:group-5D1FED03EF86 changes to CANDIDATE, lastRpcTime:5096, electionTimeout:5096ms
2019-09-17 10:37:54,414 [Thread-235] INFO  impl.RoleInfo (RoleInfo.java:shutdownFollowerState(121)) - 06593742-632d-4ae8-badf-8f3851491c41: shutdown FollowerState
2019-09-17 10:37:54,415 [Thread-235] INFO  impl.RaftServerImpl (RaftServerImpl.java:setRole(174)) - 06593742-632d-4ae8-badf-8f3851491c41@group-5D1FED03EF86: changes role from  FOLLOWER to CANDIDATE at term 0 for changeToCandidate
2019-09-17 10:37:54,415 [Thread-235] INFO  impl.RoleInfo (RoleInfo.java:updateAndGet(143)) - 06593742-632d-4ae8-badf-8f3851491c41: start LeaderElection
2019-09-17 10:37:54,417 [Thread-238] INFO  impl.FollowerState (FollowerState.java:run(106)) - b6175f64-249e-458f-a44d-dbefd21d1ebe:group-5D1FED03EF86 changes to CANDIDATE, lastRpcTime:5089, electionTimeout:5087ms
2019-09-17 10:37:54,419 [Thread-238] INFO  impl.RoleInfo (RoleInfo.java:shutdownFollowerState(121)) - b6175f64-249e-458f-a44d-dbefd21d1ebe: shutdown FollowerState
2019-09-17 10:37:54,419 [Thread-238] INFO  impl.RaftServerImpl (RaftServerImpl.java:setRole(174)) - b6175f64-249e-458f-a44d-dbefd21d1ebe@group-5D1FED03EF86: changes role from  FOLLOWER to CANDIDATE at term 0 for changeToCandidate
2019-09-17 10:37:54,419 [Thread-238] INFO  impl.RoleInfo (RoleInfo.java:updateAndGet(143)) - b6175f64-249e-458f-a44d-dbefd21d1ebe: start LeaderElection
2019-09-17 10:37:54,424 [Thread-237] INFO  impl.FollowerState (FollowerState.java:run(106)) - bc4b4373-760d-4c7b-8801-672ff5eaeda8:group-5D1FED03EF86 changes to CANDIDATE, lastRpcTime:5096, electionTimeout:5095ms
2019-09-17 10:37:54,424 [Thread-237] INFO  impl.RoleInfo (RoleInfo.java:shutdownFollowerState(121)) - bc4b4373-760d-4c7b-8801-672ff5eaeda8: shutdown FollowerState
2019-09-17 10:37:54,424 [Thread-237] INFO  impl.RaftServerImpl (RaftServerImpl.java:setRole(174)) - bc4b4373-760d-4c7b-8801-672ff5eaeda8@group-5D1FED03EF86: changes role from  FOLLOWER to CANDIDATE at term 0 for changeToCandidate
2019-09-17 10:37:54,424 [Thread-237] INFO  impl.RoleInfo (RoleInfo.java:updateAndGet(143)) - bc4b4373-760d-4c7b-8801-672ff5eaeda8: start LeaderElection
2019-09-17 10:37:54,445 [b6175f64-249e-458f-a44d-dbefd21d1ebe@group-5D1FED03EF86:LeaderElection11] INFO  impl.LeaderElection (LeaderElection.java:askForVotes(182)) - b6175f64-249e-458f-a44d-dbefd21d1ebe@group-5D1FED03EF86:LeaderElection11: begin an election at term 1 for -1: [b6175f64-249e-458f-a44d-dbefd21d1ebe:192.168.5.153:35096, 06593742-632d-4ae8-badf-8f3851491c41:192.168.5.153:43242, bc4b4373-760d-4c7b-8801-672ff5eaeda8:192.168.5.153:44913], old=null
2019-09-17 10:37:54,445 [bc4b4373-760d-4c7b-8801-672ff5eaeda8@group-5D1FED03EF86:LeaderElection12] INFO  impl.LeaderElection (LeaderElection.java:askForVotes(182)) - bc4b4373-760d-4c7b-8801-672ff5eaeda8@group-5D1FED03EF86:LeaderElection12: begin an election at term 1 for -1: [b6175f64-249e-458f-a44d-dbefd21d1ebe:192.168.5.153:35096, 06593742-632d-4ae8-badf-8f3851491c41:192.168.5.153:43242, bc4b4373-760d-4c7b-8801-672ff5eaeda8:192.168.5.153:44913], old=null
2019-09-17 10:37:54,445 [06593742-632d-4ae8-badf-8f3851491c41@group-5D1FED03EF86:LeaderElection10] INFO  impl.LeaderElection (LeaderElection.java:askForVotes(182)) - 06593742-632d-4ae8-badf-8f3851491c41@group-5D1FED03EF86:LeaderElection10: begin an election at term 1 for -1: [b6175f64-249e-458f-a44d-dbefd21d1ebe:192.168.5.153:35096, 06593742-632d-4ae8-badf-8f3851491c41:192.168.5.153:43242, bc4b4373-760d-4c7b-8801-672ff5eaeda8:192.168.5.153:44913], old=null
2019-09-17 10:37:54,460 [06593742-632d-4ae8-badf-8f3851491c41@group-5D1FED03EF86:LeaderElection10] INFO  impl.LeaderElection (LeaderElection.java:logAndReturn(56)) - 06593742-632d-4ae8-badf-8f3851491c41@group-5D1FED03EF86:LeaderElection10: Election REJECTED; received 2 response(s) [06593742-632d-4ae8-badf-8f3851491c41<-b6175f64-249e-458f-a44d-dbefd21d1ebe#0:FAIL-t1, 06593742-632d-4ae8-badf-8f3851491c41<-bc4b4373-760d-4c7b-8801-672ff5eaeda8#0:FAIL-t1] and 0 exception(s); 06593742-632d-4ae8-badf-8f3851491c41@group-5D1FED03EF86:t1, leader=null, voted=06593742-632d-4ae8-badf-8f3851491c41, raftlog=06593742-632d-4ae8-badf-8f3851491c41@group-5D1FED03EF86-SegmentedRaftLog:OPENED:c-1,f-1,i0, conf=-1: [b6175f64-249e-458f-a44d-dbefd21d1ebe:192.168.5.153:35096, 06593742-632d-4ae8-badf-8f3851491c41:192.168.5.153:43242, bc4b4373-760d-4c7b-8801-672ff5eaeda8:192.168.5.153:44913], old=null
2019-09-17 10:37:54,460 [06593742-632d-4ae8-badf-8f3851491c41@group-5D1FED03EF86:LeaderElection10] INFO  impl.RaftServerImpl (RaftServerImpl.java:setRole(174)) - 06593742-632d-4ae8-badf-8f3851491c41@group-5D1FED03EF86: changes role from CANDIDATE to FOLLOWER at term 1 for DISCOVERED_A_NEW_TERM
2019-09-17 10:37:54,461 [06593742-632d-4ae8-badf-8f3851491c41@group-5D1FED03EF86:LeaderElection10] INFO  impl.RoleInfo (RoleInfo.java:shutdownLeaderElection(134)) - 06593742-632d-4ae8-badf-8f3851491c41: shutdown LeaderElection
2019-09-17 10:37:54,462 [06593742-632d-4ae8-badf-8f3851491c41@group-5D1FED03EF86:LeaderElection10] INFO  impl.RoleInfo (RoleInfo.java:updateAndGet(143)) - 06593742-632d-4ae8-badf-8f3851491c41: start FollowerState
2019-09-17 10:37:54,463 [bc4b4373-760d-4c7b-8801-672ff5eaeda8@group-5D1FED03EF86:LeaderElection12] INFO  impl.LeaderElection (LeaderElection.java:logAndReturn(56)) - bc4b4373-760d-4c7b-8801-672ff5eaeda8@group-5D1FED03EF86:LeaderElection12: Election REJECTED; received 2 response(s) [bc4b4373-760d-4c7b-8801-672ff5eaeda8<-b6175f64-249e-458f-a44d-dbefd21d1ebe#0:FAIL-t1, bc4b4373-760d-4c7b-8801-672ff5eaeda8<-06593742-632d-4ae8-badf-8f3851491c41#0:FAIL-t1] and 0 exception(s); bc4b4373-760d-4c7b-8801-672ff5eaeda8@group-5D1FED03EF86:t1, leader=null, voted=bc4b4373-760d-4c7b-8801-672ff5eaeda8, raftlog=bc4b4373-760d-4c7b-8801-672ff5eaeda8@group-5D1FED03EF86-SegmentedRaftLog:OPENED:c-1,f-1,i0, conf=-1: [b6175f64-249e-458f-a44d-dbefd21d1ebe:192.168.5.153:35096, 06593742-632d-4ae8-badf-8f3851491c41:192.168.5.153:43242, bc4b4373-760d-4c7b-8801-672ff5eaeda8:192.168.5.153:44913], old=null
2019-09-17 10:37:54,465 [b6175f64-249e-458f-a44d-dbefd21d1ebe@group-5D1FED03EF86:LeaderElection11] INFO  impl.LeaderElection (LeaderElection.java:logAndReturn(56)) - b6175f64-249e-458f-a44d-dbefd21d1ebe@group-5D1FED03EF86:LeaderElection11: Election REJECTED; received 2 response(s) [b6175f64-249e-458f-a44d-dbefd21d1ebe<-06593742-632d-4ae8-badf-8f3851491c41#0:FAIL-t1, b6175f64-249e-458f-a44d-dbefd21d1ebe<-bc4b4373-760d-4c7b-8801-672ff5eaeda8#0:FAIL-t1] and 0 exception(s); b6175f64-249e-458f-a44d-dbefd21d1ebe@group-5D1FED03EF86:t1, leader=null, voted=b6175f64-249e-458f-a44d-dbefd21d1ebe, raftlog=b6175f64-249e-458f-a44d-dbefd21d1ebe@group-5D1FED03EF86-SegmentedRaftLog:OPENED:c-1,f-1,i0, conf=-1: [b6175f64-249e-458f-a44d-dbefd21d1ebe:192.168.5.153:35096, 06593742-632d-4ae8-badf-8f3851491c41:192.168.5.153:43242, bc4b4373-760d-4c7b-8801-672ff5eaeda8:192.168.5.153:44913], old=null
2019-09-17 10:37:54,465 [bc4b4373-760d-4c7b-8801-672ff5eaeda8@group-5D1FED03EF86:LeaderElection12] INFO  impl.RaftServerImpl (RaftServerImpl.java:setRole(174)) - bc4b4373-760d-4c7b-8801-672ff5eaeda8@group-5D1FED03EF86: changes role from CANDIDATE to FOLLOWER at term 1 for DISCOVERED_A_NEW_TERM
2019-09-17 10:37:54,467 [bc4b4373-760d-4c7b-8801-672ff5eaeda8@group-5D1FED03EF86:LeaderElection12] INFO  impl.RoleInfo (RoleInfo.java:shutdownLeaderElection(134)) - bc4b4373-760d-4c7b-8801-672ff5eaeda8: shutdown LeaderElection
2019-09-17 10:37:54,468 [b6175f64-249e-458f-a44d-dbefd21d1ebe@group-5D1FED03EF86:LeaderElection11] INFO  impl.RaftServerImpl (RaftServerImpl.java:setRole(174)) - b6175f64-249e-458f-a44d-dbefd21d1ebe@group-5D1FED03EF86: changes role from CANDIDATE to FOLLOWER at term 1 for DISCOVERED_A_NEW_TERM
2019-09-17 10:37:54,469 [b6175f64-249e-458f-a44d-dbefd21d1ebe@group-5D1FED03EF86:LeaderElection11] INFO  impl.RoleInfo (RoleInfo.java:shutdownLeaderElection(134)) - b6175f64-249e-458f-a44d-dbefd21d1ebe: shutdown LeaderElection
2019-09-17 10:37:54,469 [bc4b4373-760d-4c7b-8801-672ff5eaeda8@group-5D1FED03EF86:LeaderElection12] INFO  impl.RoleInfo (RoleInfo.java:updateAndGet(143)) - bc4b4373-760d-4c7b-8801-672ff5eaeda8: start FollowerState
2019-09-17 10:37:54,469 [b6175f64-249e-458f-a44d-dbefd21d1ebe@group-5D1FED03EF86:LeaderElection11] INFO  impl.RoleInfo (RoleInfo.java:updateAndGet(143)) - b6175f64-249e-458f-a44d-dbefd21d1ebe: start FollowerState
2019-09-17 10:37:55,306 [grpc-default-executor-0] INFO  client.GrpcClientProtocolClient (GrpcClientProtocolClient.java:onNext(264)) - client-8B757D28FDA9->b6175f64-249e-458f-a44d-dbefd21d1ebe: receive RaftClientReply:client-8B757D28FDA9->b6175f64-249e-458f-a44d-dbefd21d1ebe@group-86FD0B308D5A, cid=9, FAILED org.apache.ratis.protocol.NotLeaderException: Server b6175f64-249e-458f-a44d-dbefd21d1ebe@group-86FD0B308D5A is not the leader, logIndex=0, commits[b6175f64-249e-458f-a44d-dbefd21d1ebe:c-1]
2019-09-17 10:37:55,581 [ReplicationMonitor] INFO  container.ReplicationManager (ReplicationManager.java:run(225)) - Replication Monitor Thread took 0 milliseconds for processing 1 containers.
2019-09-17 10:37:56,330 [grpc-default-executor-1] INFO  client.GrpcClientProtocolClient (GrpcClientProtocolClient.java:onNext(264)) - client-8B757D28FDA9->bc4b4373-760d-4c7b-8801-672ff5eaeda8: receive RaftClientReply:client-8B757D28FDA9->bc4b4373-760d-4c7b-8801-672ff5eaeda8@group-86FD0B308D5A, cid=9, FAILED org.apache.ratis.protocol.NotLeaderException: Server bc4b4373-760d-4c7b-8801-672ff5eaeda8@group-86FD0B308D5A is not the leader, logIndex=0, commits[bc4b4373-760d-4c7b-8801-672ff5eaeda8:c-1]
2019-09-17 10:37:57,354 [grpc-default-executor-0] INFO  client.GrpcClientProtocolClient (GrpcClientProtocolClient.java:onNext(264)) - client-8B757D28FDA9->06593742-632d-4ae8-badf-8f3851491c41: receive RaftClientReply:client-8B757D28FDA9->06593742-632d-4ae8-badf-8f3851491c41@group-86FD0B308D5A, cid=9, FAILED org.apache.ratis.protocol.NotLeaderException: Server 06593742-632d-4ae8-badf-8f3851491c41@group-86FD0B308D5A is not the leader, logIndex=0, commits[06593742-632d-4ae8-badf-8f3851491c41:c-1]
2019-09-17 10:37:57,582 [ReplicationMonitor] INFO  container.ReplicationManager (ReplicationManager.java:run(225)) - Replication Monitor Thread took 1 milliseconds for processing 1 containers.
2019-09-17 10:37:58,234 [Thread-265] INFO  impl.FollowerState (FollowerState.java:run(106)) - b6175f64-249e-458f-a44d-dbefd21d1ebe:group-86FD0B308D5A changes to CANDIDATE, lastRpcTime:5089, electionTimeout:5080ms
2019-09-17 10:37:58,234 [Thread-265] INFO  impl.RoleInfo (RoleInfo.java:shutdownFollowerState(121)) - b6175f64-249e-458f-a44d-dbefd21d1ebe: shutdown FollowerState
2019-09-17 10:37:58,235 [Thread-265] INFO  impl.RaftServerImpl (RaftServerImpl.java:setRole(174)) - b6175f64-249e-458f-a44d-dbefd21d1ebe@group-86FD0B308D5A: changes role from  FOLLOWER to CANDIDATE at term 1 for changeToCandidate
2019-09-17 10:37:58,235 [Thread-265] INFO  impl.RoleInfo (RoleInfo.java:updateAndGet(143)) - b6175f64-249e-458f-a44d-dbefd21d1ebe: start LeaderElection
2019-09-17 10:37:58,258 [b6175f64-249e-458f-a44d-dbefd21d1ebe@group-86FD0B308D5A:LeaderElection13] INFO  impl.LeaderElection (LeaderElection.java:askForVotes(182)) - b6175f64-249e-458f-a44d-dbefd21d1ebe@group-86FD0B308D5A:LeaderElection13: begin an election at term 2 for -1: [b6175f64-249e-458f-a44d-dbefd21d1ebe:192.168.5.153:35096, 06593742-632d-4ae8-badf-8f3851491c41:192.168.5.153:43242, bc4b4373-760d-4c7b-8801-672ff5eaeda8:192.168.5.153:44913], old=null
2019-09-17 10:37:58,265 [grpc-default-executor-0] INFO  impl.RaftServerImpl (RaftServerImpl.java:setRole(174)) - bc4b4373-760d-4c7b-8801-672ff5eaeda8@group-86FD0B308D5A: changes role from  FOLLOWER to FOLLOWER at term 2 for recognizeCandidate:b6175f64-249e-458f-a44d-dbefd21d1ebe
2019-09-17 10:37:58,265 [grpc-default-executor-1] INFO  impl.RaftServerImpl (RaftServerImpl.java:setRole(174)) - 06593742-632d-4ae8-badf-8f3851491c41@group-86FD0B308D5A: changes role from  FOLLOWER to FOLLOWER at term 2 for recognizeCandidate:b6175f64-249e-458f-a44d-dbefd21d1ebe
2019-09-17 10:37:58,266 [grpc-default-executor-0] INFO  impl.RoleInfo (RoleInfo.java:shutdownFollowerState(121)) - bc4b4373-760d-4c7b-8801-672ff5eaeda8: shutdown FollowerState
2019-09-17 10:37:58,266 [grpc-default-executor-1] INFO  impl.RoleInfo (RoleInfo.java:shutdownFollowerState(121)) - 06593742-632d-4ae8-badf-8f3851491c41: shutdown FollowerState
2019-09-17 10:37:58,266 [grpc-default-executor-0] INFO  impl.RoleInfo (RoleInfo.java:updateAndGet(143)) - bc4b4373-760d-4c7b-8801-672ff5eaeda8: start FollowerState
2019-09-17 10:37:58,266 [Thread-264] INFO  impl.FollowerState (FollowerState.java:run(115)) - 06593742-632d-4ae8-badf-8f3851491c41: FollowerState was interrupted: java.lang.InterruptedException: sleep interrupted
2019-09-17 10:37:58,266 [grpc-default-executor-1] INFO  impl.RoleInfo (RoleInfo.java:updateAndGet(143)) - 06593742-632d-4ae8-badf-8f3851491c41: start FollowerState
2019-09-17 10:37:58,266 [Thread-266] INFO  impl.FollowerState (FollowerState.java:run(115)) - bc4b4373-760d-4c7b-8801-672ff5eaeda8: FollowerState was interrupted: java.lang.InterruptedException: sleep interrupted
2019-09-17 10:37:58,307 [b6175f64-249e-458f-a44d-dbefd21d1ebe@group-86FD0B308D5A:LeaderElection13] INFO  impl.LeaderElection (LeaderElection.java:logAndReturn(56)) - b6175f64-249e-458f-a44d-dbefd21d1ebe@group-86FD0B308D5A:LeaderElection13: Election PASSED; received 1 response(s) [b6175f64-249e-458f-a44d-dbefd21d1ebe<-bc4b4373-760d-4c7b-8801-672ff5eaeda8#0:OK-t2] and 0 exception(s); b6175f64-249e-458f-a44d-dbefd21d1ebe@group-86FD0B308D5A:t2, leader=null, voted=b6175f64-249e-458f-a44d-dbefd21d1ebe, raftlog=b6175f64-249e-458f-a44d-dbefd21d1ebe@group-86FD0B308D5A-SegmentedRaftLog:OPENED:c-1,f-1,i0, conf=-1: [b6175f64-249e-458f-a44d-dbefd21d1ebe:192.168.5.153:35096, 06593742-632d-4ae8-badf-8f3851491c41:192.168.5.153:43242, bc4b4373-760d-4c7b-8801-672ff5eaeda8:192.168.5.153:44913], old=null
2019-09-17 10:37:58,307 [b6175f64-249e-458f-a44d-dbefd21d1ebe@group-86FD0B308D5A:LeaderElection13] INFO  impl.RoleInfo (RoleInfo.java:shutdownLeaderElection(134)) - b6175f64-249e-458f-a44d-dbefd21d1ebe: shutdown LeaderElection
2019-09-17 10:37:58,309 [b6175f64-249e-458f-a44d-dbefd21d1ebe@group-86FD0B308D5A:LeaderElection13] INFO  impl.RaftServerImpl (RaftServerImpl.java:setRole(174)) - b6175f64-249e-458f-a44d-dbefd21d1ebe@group-86FD0B308D5A: changes role from CANDIDATE to LEADER at term 2 for changeToLeader
2019-09-17 10:37:58,309 [b6175f64-249e-458f-a44d-dbefd21d1ebe@group-86FD0B308D5A:LeaderElection13] INFO  impl.RaftServerImpl (ServerState.java:setLeader(253)) - b6175f64-249e-458f-a44d-dbefd21d1ebe@group-86FD0B308D5A: change Leader from null to b6175f64-249e-458f-a44d-dbefd21d1ebe at term 2 for becomeLeader, leader elected after 10364ms
2019-09-17 10:37:58,310 [b6175f64-249e-458f-a44d-dbefd21d1ebe@group-86FD0B308D5A:LeaderElection13] INFO  server.RaftServerConfigKeys (ConfUtils.java:logGet(43)) - raft.server.staging.catchup.gap = 1000 (default)
2019-09-17 10:37:58,310 [b6175f64-249e-458f-a44d-dbefd21d1ebe@group-86FD0B308D5A:LeaderElection13] INFO  server.RaftServerConfigKeys (ConfUtils.java:logGet(43)) - raft.server.rpc.sleep.time = 25ms (default)
2019-09-17 10:37:58,310 [b6175f64-249e-458f-a44d-dbefd21d1ebe@group-86FD0B308D5A:LeaderElection13] INFO  server.RaftServerConfigKeys (ConfUtils.java:logGet(43)) - raft.server.write.element-limit = 4096 (default)
2019-09-17 10:37:58,310 [b6175f64-249e-458f-a44d-dbefd21d1ebe@group-86FD0B308D5A:LeaderElection13] INFO  server.RaftServerConfigKeys (ConfUtils.java:logGet(43)) - raft.server.watch.timeout = 10s (default)
2019-09-17 10:37:58,311 [b6175f64-249e-458f-a44d-dbefd21d1ebe@group-86FD0B308D5A:LeaderElection13] INFO  server.RaftServerConfigKeys (ConfUtils.java:logGet(43)) - raft.server.watch.timeout.denomination = 1s (default)
2019-09-17 10:37:58,311 [b6175f64-249e-458f-a44d-dbefd21d1ebe@group-86FD0B308D5A:LeaderElection13] INFO  server.RaftServerConfigKeys (ConfUtils.java:logGet(43)) - raft.server.watch.element-limit = 65536 (default)
2019-09-17 10:37:58,318 [b6175f64-249e-458f-a44d-dbefd21d1ebe@group-86FD0B308D5A:LeaderElection13] INFO  server.RaftServerConfigKeys (ConfUtils.java:logGet(43)) - raft.server.log.appender.snapshot.chunk.size.max = 16MB (=16777216) (default)
2019-09-17 10:37:58,319 [b6175f64-249e-458f-a44d-dbefd21d1ebe@group-86FD0B308D5A:LeaderElection13] INFO  server.RaftServerConfigKeys (ConfUtils.java:logGet(43)) - raft.server.log.appender.buffer.byte-limit = 33554432 (custom)
2019-09-17 10:37:58,320 [b6175f64-249e-458f-a44d-dbefd21d1ebe@group-86FD0B308D5A:LeaderElection13] INFO  server.RaftServerConfigKeys (ConfUtils.java:logGet(43)) - raft.server.log.appender.buffer.element-limit = 1 (custom)
2019-09-17 10:37:58,326 [b6175f64-249e-458f-a44d-dbefd21d1ebe@group-86FD0B308D5A:LeaderElection13] INFO  grpc.GrpcConfigKeys$Server (ConfUtils.java:logGet(43)) - raft.grpc.server.leader.outstanding.appends.max = 128 (default)
2019-09-17 10:37:58,326 [b6175f64-249e-458f-a44d-dbefd21d1ebe@group-86FD0B308D5A:LeaderElection13] INFO  server.RaftServerConfigKeys (ConfUtils.java:logGet(43)) - raft.server.rpc.request.timeout = 3000ms (default)
2019-09-17 10:37:58,326 [b6175f64-249e-458f-a44d-dbefd21d1ebe@group-86FD0B308D5A:LeaderElection13] INFO  server.RaftServerConfigKeys (ConfUtils.java:logGet(43)) - raft.server.log.appender.install.snapshot.enabled = false (custom)
2019-09-17 10:37:58,328 [b6175f64-249e-458f-a44d-dbefd21d1ebe@group-86FD0B308D5A:LeaderElection13] INFO  server.RaftServerConfigKeys (ConfUtils.java:logGet(43)) - raft.server.log.appender.snapshot.chunk.size.max = 16MB (=16777216) (default)
2019-09-17 10:37:58,328 [b6175f64-249e-458f-a44d-dbefd21d1ebe@group-86FD0B308D5A:LeaderElection13] INFO  server.RaftServerConfigKeys (ConfUtils.java:logGet(43)) - raft.server.log.appender.buffer.byte-limit = 33554432 (custom)
2019-09-17 10:37:58,328 [b6175f64-249e-458f-a44d-dbefd21d1ebe@group-86FD0B308D5A:LeaderElection13] INFO  server.RaftServerConfigKeys (ConfUtils.java:logGet(43)) - raft.server.log.appender.buffer.element-limit = 1 (custom)
2019-09-17 10:37:58,328 [b6175f64-249e-458f-a44d-dbefd21d1ebe@group-86FD0B308D5A:LeaderElection13] INFO  grpc.GrpcConfigKeys$Server (ConfUtils.java:logGet(43)) - raft.grpc.server.leader.outstanding.appends.max = 128 (default)
2019-09-17 10:37:58,329 [b6175f64-249e-458f-a44d-dbefd21d1ebe@group-86FD0B308D5A:LeaderElection13] INFO  server.RaftServerConfigKeys (ConfUtils.java:logGet(43)) - raft.server.rpc.request.timeout = 3000ms (default)
2019-09-17 10:37:58,329 [b6175f64-249e-458f-a44d-dbefd21d1ebe@group-86FD0B308D5A:LeaderElection13] INFO  server.RaftServerConfigKeys (ConfUtils.java:logGet(43)) - raft.server.log.appender.install.snapshot.enabled = false (custom)
2019-09-17 10:37:58,333 [b6175f64-249e-458f-a44d-dbefd21d1ebe@group-86FD0B308D5A:LeaderElection13] INFO  impl.RoleInfo (RoleInfo.java:updateAndGet(143)) - b6175f64-249e-458f-a44d-dbefd21d1ebe: start LeaderState
2019-09-17 10:37:58,333 [b6175f64-249e-458f-a44d-dbefd21d1ebe@group-86FD0B308D5A:LeaderElection13] INFO  segmented.SegmentedRaftLogWorker (SegmentedRaftLogWorker.java:startLogSegment(380)) - b6175f64-249e-458f-a44d-dbefd21d1ebe@group-86FD0B308D5A-SegmentedRaftLogWorker: Starting segment from index:0
2019-09-17 10:37:58,336 [b6175f64-249e-458f-a44d-dbefd21d1ebe@group-86FD0B308D5A:LeaderElection13] INFO  impl.RaftServerImpl (ServerState.java:setRaftConf(354)) - b6175f64-249e-458f-a44d-dbefd21d1ebe@group-86FD0B308D5A: set configuration 0: [b6175f64-249e-458f-a44d-dbefd21d1ebe:192.168.5.153:35096, 06593742-632d-4ae8-badf-8f3851491c41:192.168.5.153:43242, bc4b4373-760d-4c7b-8801-672ff5eaeda8:192.168.5.153:44913], old=null at 0
2019-09-17 10:37:58,390 [grpc-default-executor-1] INFO  client.GrpcClientProtocolClient (GrpcClientProtocolClient.java:onNext(264)) - client-8B757D28FDA9->bc4b4373-760d-4c7b-8801-672ff5eaeda8: receive RaftClientReply:client-8B757D28FDA9->bc4b4373-760d-4c7b-8801-672ff5eaeda8@group-86FD0B308D5A, cid=9, FAILED org.apache.ratis.protocol.NotLeaderException: Server bc4b4373-760d-4c7b-8801-672ff5eaeda8@group-86FD0B308D5A is not the leader, logIndex=0, commits[bc4b4373-760d-4c7b-8801-672ff5eaeda8:c-1]
2019-09-17 10:37:58,401 [b6175f64-249e-458f-a44d-dbefd21d1ebe@group-86FD0B308D5A-SegmentedRaftLogWorker] INFO  segmented.SegmentedRaftLogWorker (SegmentedRaftLogWorker.java:execute(569)) - b6175f64-249e-458f-a44d-dbefd21d1ebe@group-86FD0B308D5A-SegmentedRaftLogWorker: created new log segment /tmp/workdir/hadoop-ozone/integration-test/target/test-dir/MiniOzoneClusterImpl-39c25fbc-a3b4-482d-abe1-1e0ff40fa0d6/datanode-2/data/ratis/cd64220d-de2a-45e8-8579-86fd0b308d5a/current/log_inprogress_0
2019-09-17 10:37:58,419 [grpc-default-executor-1] INFO  impl.RaftServerImpl (ServerState.java:setLeader(253)) - 06593742-632d-4ae8-badf-8f3851491c41@group-86FD0B308D5A: change Leader from null to b6175f64-249e-458f-a44d-dbefd21d1ebe at term 2 for appendEntries, leader elected after 10474ms
2019-09-17 10:37:58,419 [grpc-default-executor-0] INFO  impl.RaftServerImpl (ServerState.java:setLeader(253)) - bc4b4373-760d-4c7b-8801-672ff5eaeda8@group-86FD0B308D5A: change Leader from null to b6175f64-249e-458f-a44d-dbefd21d1ebe at term 2 for appendEntries, leader elected after 10474ms
2019-09-17 10:37:58,455 [grpc-default-executor-0] INFO  impl.RaftServerImpl (ServerState.java:setRaftConf(354)) - bc4b4373-760d-4c7b-8801-672ff5eaeda8@group-86FD0B308D5A: set configuration 0: [b6175f64-249e-458f-a44d-dbefd21d1ebe:192.168.5.153:35096, 06593742-632d-4ae8-badf-8f3851491c41:192.168.5.153:43242, bc4b4373-760d-4c7b-8801-672ff5eaeda8:192.168.5.153:44913], old=null at 0
2019-09-17 10:37:58,455 [grpc-default-executor-1] INFO  impl.RaftServerImpl (ServerState.java:setRaftConf(354)) - 06593742-632d-4ae8-badf-8f3851491c41@group-86FD0B308D5A: set configuration 0: [b6175f64-249e-458f-a44d-dbefd21d1ebe:192.168.5.153:35096, 06593742-632d-4ae8-badf-8f3851491c41:192.168.5.153:43242, bc4b4373-760d-4c7b-8801-672ff5eaeda8:192.168.5.153:44913], old=null at 0
2019-09-17 10:37:58,455 [grpc-default-executor-0] INFO  segmented.SegmentedRaftLogWorker (SegmentedRaftLogWorker.java:startLogSegment(380)) - bc4b4373-760d-4c7b-8801-672ff5eaeda8@group-86FD0B308D5A-SegmentedRaftLogWorker: Starting segment from index:0
2019-09-17 10:37:58,455 [grpc-default-executor-1] INFO  segmented.SegmentedRaftLogWorker (SegmentedRaftLogWorker.java:startLogSegment(380)) - 06593742-632d-4ae8-badf-8f3851491c41@group-86FD0B308D5A-SegmentedRaftLogWorker: Starting segment from index:0
2019-09-17 10:37:58,522 [bc4b4373-760d-4c7b-8801-672ff5eaeda8@group-86FD0B308D5A-SegmentedRaftLogWorker] INFO  segmented.SegmentedRaftLogWorker (SegmentedRaftLogWorker.java:execute(569)) - bc4b4373-760d-4c7b-8801-672ff5eaeda8@group-86FD0B308D5A-SegmentedRaftLogWorker: created new log segment /tmp/workdir/hadoop-ozone/integration-test/target/test-dir/MiniOzoneClusterImpl-39c25fbc-a3b4-482d-abe1-1e0ff40fa0d6/datanode-1/data/ratis/cd64220d-de2a-45e8-8579-86fd0b308d5a/current/log_inprogress_0
2019-09-17 10:37:58,522 [06593742-632d-4ae8-badf-8f3851491c41@group-86FD0B308D5A-SegmentedRaftLogWorker] INFO  segmented.SegmentedRaftLogWorker (SegmentedRaftLogWorker.java:execute(569)) - 06593742-632d-4ae8-badf-8f3851491c41@group-86FD0B308D5A-SegmentedRaftLogWorker: created new log segment /tmp/workdir/hadoop-ozone/integration-test/target/test-dir/MiniOzoneClusterImpl-39c25fbc-a3b4-482d-abe1-1e0ff40fa0d6/datanode-3/data/ratis/cd64220d-de2a-45e8-8579-86fd0b308d5a/current/log_inprogress_0
2019-09-17 10:37:59,416 [grpc-default-executor-0] INFO  client.GrpcClientProtocolClient (GrpcClientProtocolClient.java:onNext(264)) - client-8B757D28FDA9->06593742-632d-4ae8-badf-8f3851491c41: receive RaftClientReply:client-8B757D28FDA9->06593742-632d-4ae8-badf-8f3851491c41@group-86FD0B308D5A, cid=9, FAILED org.apache.ratis.protocol.NotLeaderException: Server 06593742-632d-4ae8-badf-8f3851491c41@group-86FD0B308D5A is not the leader b6175f64-249e-458f-a44d-dbefd21d1ebe:192.168.5.153:35096, logIndex=0, commits[06593742-632d-4ae8-badf-8f3851491c41:c0, b6175f64-249e-458f-a44d-dbefd21d1ebe:c0, bc4b4373-760d-4c7b-8801-672ff5eaeda8:c-1]
2019-09-17 10:37:59,475 [Thread-285] INFO  impl.FollowerState (FollowerState.java:run(106)) - bc4b4373-760d-4c7b-8801-672ff5eaeda8:group-5D1FED03EF86 changes to CANDIDATE, lastRpcTime:5006, electionTimeout:5005ms
2019-09-17 10:37:59,476 [Thread-285] INFO  impl.RoleInfo (RoleInfo.java:shutdownFollowerState(121)) - bc4b4373-760d-4c7b-8801-672ff5eaeda8: shutdown FollowerState
2019-09-17 10:37:59,478 [Thread-285] INFO  impl.RaftServerImpl (RaftServerImpl.java:setRole(174)) - bc4b4373-760d-4c7b-8801-672ff5eaeda8@group-5D1FED03EF86: changes role from  FOLLOWER to CANDIDATE at term 1 for changeToCandidate
2019-09-17 10:37:59,478 [Thread-285] INFO  impl.RoleInfo (RoleInfo.java:updateAndGet(143)) - bc4b4373-760d-4c7b-8801-672ff5eaeda8: start LeaderElection
2019-09-17 10:37:59,499 [bc4b4373-760d-4c7b-8801-672ff5eaeda8@group-5D1FED03EF86:LeaderElection14] INFO  impl.LeaderElection (LeaderElection.java:askForVotes(182)) - bc4b4373-760d-4c7b-8801-672ff5eaeda8@group-5D1FED03EF86:LeaderElection14: begin an election at term 2 for -1: [b6175f64-249e-458f-a44d-dbefd21d1ebe:192.168.5.153:35096, 06593742-632d-4ae8-badf-8f3851491c41:192.168.5.153:43242, bc4b4373-760d-4c7b-8801-672ff5eaeda8:192.168.5.153:44913], old=null
2019-09-17 10:37:59,507 [grpc-default-executor-0] INFO  impl.RaftServerImpl (RaftServerImpl.java:setRole(174)) - b6175f64-249e-458f-a44d-dbefd21d1ebe@group-5D1FED03EF86: changes role from  FOLLOWER to FOLLOWER at term 2 for recognizeCandidate:bc4b4373-760d-4c7b-8801-672ff5eaeda8
2019-09-17 10:37:59,507 [grpc-default-executor-3] INFO  impl.RaftServerImpl (RaftServerImpl.java:setRole(174)) - 06593742-632d-4ae8-badf-8f3851491c41@group-5D1FED03EF86: changes role from  FOLLOWER to FOLLOWER at term 2 for recognizeCandidate:bc4b4373-760d-4c7b-8801-672ff5eaeda8
2019-09-17 10:37:59,507 [grpc-default-executor-0] INFO  impl.RoleInfo (RoleInfo.java:shutdownFollowerState(121)) - b6175f64-249e-458f-a44d-dbefd21d1ebe: shutdown FollowerState
2019-09-17 10:37:59,507 [grpc-default-executor-3] INFO  impl.RoleInfo (RoleInfo.java:shutdownFollowerState(121)) - 06593742-632d-4ae8-badf-8f3851491c41: shutdown FollowerState
2019-09-17 10:37:59,508 [grpc-default-executor-0] INFO  impl.RoleInfo (RoleInfo.java:updateAndGet(143)) - b6175f64-249e-458f-a44d-dbefd21d1ebe: start FollowerState
2019-09-17 10:37:59,508 [Thread-286] INFO  impl.FollowerState (FollowerState.java:run(115)) - b6175f64-249e-458f-a44d-dbefd21d1ebe: FollowerState was interrupted: java.lang.InterruptedException: sleep interrupted
2019-09-17 10:37:59,508 [Thread-284] INFO  impl.FollowerState (FollowerState.java:run(115)) - 06593742-632d-4ae8-badf-8f3851491c41: FollowerState was interrupted: java.lang.InterruptedException: sleep interrupted
2019-09-17 10:37:59,508 [grpc-default-executor-3] INFO  impl.RoleInfo (RoleInfo.java:updateAndGet(143)) - 06593742-632d-4ae8-badf-8f3851491c41: start FollowerState
2019-09-17 10:37:59,545 [bc4b4373-760d-4c7b-8801-672ff5eaeda8@group-5D1FED03EF86:LeaderElection14] INFO  impl.LeaderElection (LeaderElection.java:logAndReturn(56)) - bc4b4373-760d-4c7b-8801-672ff5eaeda8@group-5D1FED03EF86:LeaderElection14: Election PASSED; received 1 response(s) [bc4b4373-760d-4c7b-8801-672ff5eaeda8<-b6175f64-249e-458f-a44d-dbefd21d1ebe#0:OK-t2] and 0 exception(s); bc4b4373-760d-4c7b-8801-672ff5eaeda8@group-5D1FED03EF86:t2, leader=null, voted=bc4b4373-760d-4c7b-8801-672ff5eaeda8, raftlog=bc4b4373-760d-4c7b-8801-672ff5eaeda8@group-5D1FED03EF86-SegmentedRaftLog:OPENED:c-1,f-1,i0, conf=-1: [b6175f64-249e-458f-a44d-dbefd21d1ebe:192.168.5.153:35096, 06593742-632d-4ae8-badf-8f3851491c41:192.168.5.153:43242, bc4b4373-760d-4c7b-8801-672ff5eaeda8:192.168.5.153:44913], old=null
2019-09-17 10:37:59,545 [bc4b4373-760d-4c7b-8801-672ff5eaeda8@group-5D1FED03EF86:LeaderElection14] INFO  impl.RoleInfo (RoleInfo.java:shutdownLeaderElection(134)) - bc4b4373-760d-4c7b-8801-672ff5eaeda8: shutdown LeaderElection
2019-09-17 10:37:59,547 [bc4b4373-760d-4c7b-8801-672ff5eaeda8@group-5D1FED03EF86:LeaderElection14] INFO  impl.RaftServerImpl (RaftServerImpl.java:setRole(174)) - bc4b4373-760d-4c7b-8801-672ff5eaeda8@group-5D1FED03EF86: changes role from CANDIDATE to LEADER at term 2 for changeToLeader
2019-09-17 10:37:59,547 [bc4b4373-760d-4c7b-8801-672ff5eaeda8@group-5D1FED03EF86:LeaderElection14] INFO  impl.RaftServerImpl (ServerState.java:setLeader(253)) - bc4b4373-760d-4c7b-8801-672ff5eaeda8@group-5D1FED03EF86: change Leader from null to bc4b4373-760d-4c7b-8801-672ff5eaeda8 at term 2 for becomeLeader, leader elected after 10240ms
2019-09-17 10:37:59,548 [bc4b4373-760d-4c7b-8801-672ff5eaeda8@group-5D1FED03EF86:LeaderElection14] INFO  server.RaftServerConfigKeys (ConfUtils.java:logGet(43)) - raft.server.staging.catchup.gap = 1000 (default)
2019-09-17 10:37:59,548 [bc4b4373-760d-4c7b-8801-672ff5eaeda8@group-5D1FED03EF86:LeaderElection14] INFO  server.RaftServerConfigKeys (ConfUtils.java:logGet(43)) - raft.server.rpc.sleep.time = 25ms (default)
2019-09-17 10:37:59,548 [bc4b4373-760d-4c7b-8801-672ff5eaeda8@group-5D1FED03EF86:LeaderElection14] INFO  server.RaftServerConfigKeys (ConfUtils.java:logGet(43)) - raft.server.write.element-limit = 4096 (default)
2019-09-17 10:37:59,548 [bc4b4373-760d-4c7b-8801-672ff5eaeda8@group-5D1FED03EF86:LeaderElection14] INFO  server.RaftServerConfigKeys (ConfUtils.java:logGet(43)) - raft.server.watch.timeout = 10s (default)
2019-09-17 10:37:59,548 [bc4b4373-760d-4c7b-8801-672ff5eaeda8@group-5D1FED03EF86:LeaderElection14] INFO  server.RaftServerConfigKeys (ConfUtils.java:logGet(43)) - raft.server.watch.timeout.denomination = 1s (default)
2019-09-17 10:37:59,548 [bc4b4373-760d-4c7b-8801-672ff5eaeda8@group-5D1FED03EF86:LeaderElection14] INFO  server.RaftServerConfigKeys (ConfUtils.java:logGet(43)) - raft.server.watch.element-limit = 65536 (default)
2019-09-17 10:37:59,552 [bc4b4373-760d-4c7b-8801-672ff5eaeda8@group-5D1FED03EF86:LeaderElection14] INFO  server.RaftServerConfigKeys (ConfUtils.java:logGet(43)) - raft.server.log.appender.snapshot.chunk.size.max = 16MB (=16777216) (default)
2019-09-17 10:37:59,552 [bc4b4373-760d-4c7b-8801-672ff5eaeda8@group-5D1FED03EF86:LeaderElection14] INFO  server.RaftServerConfigKeys (ConfUtils.java:logGet(43)) - raft.server.log.appender.buffer.byte-limit = 33554432 (custom)
2019-09-17 10:37:59,552 [bc4b4373-760d-4c7b-8801-672ff5eaeda8@group-5D1FED03EF86:LeaderElection14] INFO  server.RaftServerConfigKeys (ConfUtils.java:logGet(43)) - raft.server.log.appender.buffer.element-limit = 1 (custom)
2019-09-17 10:37:59,552 [bc4b4373-760d-4c7b-8801-672ff5eaeda8@group-5D1FED03EF86:LeaderElection14] INFO  grpc.GrpcConfigKeys$Server (ConfUtils.java:logGet(43)) - raft.grpc.server.leader.outstanding.appends.max = 128 (default)
2019-09-17 10:37:59,554 [bc4b4373-760d-4c7b-8801-672ff5eaeda8@group-5D1FED03EF86:LeaderElection14] INFO  server.RaftServerConfigKeys (ConfUtils.java:logGet(43)) - raft.server.rpc.request.timeout = 3000ms (default)
2019-09-17 10:37:59,554 [bc4b4373-760d-4c7b-8801-672ff5eaeda8@group-5D1FED03EF86:LeaderElection14] INFO  server.RaftServerConfigKeys (ConfUtils.java:logGet(43)) - raft.server.log.appender.install.snapshot.enabled = false (custom)
2019-09-17 10:37:59,555 [bc4b4373-760d-4c7b-8801-672ff5eaeda8@group-5D1FED03EF86:LeaderElection14] INFO  server.RaftServerConfigKeys (ConfUtils.java:logGet(43)) - raft.server.log.appender.snapshot.chunk.size.max = 16MB (=16777216) (default)
2019-09-17 10:37:59,555 [bc4b4373-760d-4c7b-8801-672ff5eaeda8@group-5D1FED03EF86:LeaderElection14] INFO  server.RaftServerConfigKeys (ConfUtils.java:logGet(43)) - raft.server.log.appender.buffer.byte-limit = 33554432 (custom)
2019-09-17 10:37:59,555 [bc4b4373-760d-4c7b-8801-672ff5eaeda8@group-5D1FED03EF86:LeaderElection14] INFO  server.RaftServerConfigKeys (ConfUtils.java:logGet(43)) - raft.server.log.appender.buffer.element-limit = 1 (custom)
2019-09-17 10:37:59,555 [bc4b4373-760d-4c7b-8801-672ff5eaeda8@group-5D1FED03EF86:LeaderElection14] INFO  grpc.GrpcConfigKeys$Server (ConfUtils.java:logGet(43)) - raft.grpc.server.leader.outstanding.appends.max = 128 (default)
2019-09-17 10:37:59,556 [bc4b4373-760d-4c7b-8801-672ff5eaeda8@group-5D1FED03EF86:LeaderElection14] INFO  server.RaftServerConfigKeys (ConfUtils.java:logGet(43)) - raft.server.rpc.request.timeout = 3000ms (default)
2019-09-17 10:37:59,556 [bc4b4373-760d-4c7b-8801-672ff5eaeda8@group-5D1FED03EF86:LeaderElection14] INFO  server.RaftServerConfigKeys (ConfUtils.java:logGet(43)) - raft.server.log.appender.install.snapshot.enabled = false (custom)
2019-09-17 10:37:59,556 [bc4b4373-760d-4c7b-8801-672ff5eaeda8@group-5D1FED03EF86:LeaderElection14] INFO  impl.RoleInfo (RoleInfo.java:updateAndGet(143)) - bc4b4373-760d-4c7b-8801-672ff5eaeda8: start LeaderState
2019-09-17 10:37:59,556 [bc4b4373-760d-4c7b-8801-672ff5eaeda8@group-5D1FED03EF86:LeaderElection14] INFO  segmented.SegmentedRaftLogWorker (SegmentedRaftLogWorker.java:startLogSegment(380)) - bc4b4373-760d-4c7b-8801-672ff5eaeda8@group-5D1FED03EF86-SegmentedRaftLogWorker: Starting segment from index:0
2019-09-17 10:37:59,557 [bc4b4373-760d-4c7b-8801-672ff5eaeda8@group-5D1FED03EF86:LeaderElection14] INFO  impl.RaftServerImpl (ServerState.java:setRaftConf(354)) - bc4b4373-760d-4c7b-8801-672ff5eaeda8@group-5D1FED03EF86: set configuration 0: [b6175f64-249e-458f-a44d-dbefd21d1ebe:192.168.5.153:35096, 06593742-632d-4ae8-badf-8f3851491c41:192.168.5.153:43242, bc4b4373-760d-4c7b-8801-672ff5eaeda8:192.168.5.153:44913], old=null at 0
2019-09-17 10:37:59,595 [ReplicationMonitor] INFO  container.ReplicationManager (ReplicationManager.java:run(225)) - Replication Monitor Thread took 0 milliseconds for processing 1 containers.
2019-09-17 10:37:59,602 [grpc-default-executor-3] INFO  impl.RaftServerImpl (ServerState.java:setLeader(253)) - b6175f64-249e-458f-a44d-dbefd21d1ebe@group-5D1FED03EF86: change Leader from null to bc4b4373-760d-4c7b-8801-672ff5eaeda8 at term 2 for appendEntries, leader elected after 10295ms
2019-09-17 10:37:59,602 [grpc-default-executor-0] INFO  impl.RaftServerImpl (ServerState.java:setLeader(253)) - 06593742-632d-4ae8-badf-8f3851491c41@group-5D1FED03EF86: change Leader from null to bc4b4373-760d-4c7b-8801-672ff5eaeda8 at term 2 for appendEntries, leader elected after 10296ms
2019-09-17 10:37:59,606 [grpc-default-executor-1] INFO  impl.RaftServerImpl (ServerState.java:setRaftConf(354)) - b6175f64-249e-458f-a44d-dbefd21d1ebe@group-5D1FED03EF86: set configuration 0: [b6175f64-249e-458f-a44d-dbefd21d1ebe:192.168.5.153:35096, 06593742-632d-4ae8-badf-8f3851491c41:192.168.5.153:43242, bc4b4373-760d-4c7b-8801-672ff5eaeda8:192.168.5.153:44913], old=null at 0
2019-09-17 10:37:59,606 [grpc-default-executor-1] INFO  segmented.SegmentedRaftLogWorker (SegmentedRaftLogWorker.java:startLogSegment(380)) - b6175f64-249e-458f-a44d-dbefd21d1ebe@group-5D1FED03EF86-SegmentedRaftLogWorker: Starting segment from index:0
2019-09-17 10:37:59,607 [grpc-default-executor-0] INFO  impl.RaftServerImpl (ServerState.java:setRaftConf(354)) - 06593742-632d-4ae8-badf-8f3851491c41@group-5D1FED03EF86: set configuration 0: [b6175f64-249e-458f-a44d-dbefd21d1ebe:192.168.5.153:35096, 06593742-632d-4ae8-badf-8f3851491c41:192.168.5.153:43242, bc4b4373-760d-4c7b-8801-672ff5eaeda8:192.168.5.153:44913], old=null at 0
2019-09-17 10:37:59,607 [grpc-default-executor-0] INFO  segmented.SegmentedRaftLogWorker (SegmentedRaftLogWorker.java:startLogSegment(380)) - 06593742-632d-4ae8-badf-8f3851491c41@group-5D1FED03EF86-SegmentedRaftLogWorker: Starting segment from index:0
2019-09-17 10:37:59,666 [bc4b4373-760d-4c7b-8801-672ff5eaeda8@group-5D1FED03EF86-SegmentedRaftLogWorker] INFO  segmented.SegmentedRaftLogWorker (SegmentedRaftLogWorker.java:execute(569)) - bc4b4373-760d-4c7b-8801-672ff5eaeda8@group-5D1FED03EF86-SegmentedRaftLogWorker: created new log segment /tmp/workdir/hadoop-ozone/integration-test/target/test-dir/MiniOzoneClusterImpl-39c25fbc-a3b4-482d-abe1-1e0ff40fa0d6/datanode-1/data/ratis/dc8f645c-abaa-4191-9896-5d1fed03ef86/current/log_inprogress_0
2019-09-17 10:37:59,667 [06593742-632d-4ae8-badf-8f3851491c41@group-5D1FED03EF86-SegmentedRaftLogWorker] INFO  segmented.SegmentedRaftLogWorker (SegmentedRaftLogWorker.java:execute(569)) - 06593742-632d-4ae8-badf-8f3851491c41@group-5D1FED03EF86-SegmentedRaftLogWorker: created new log segment /tmp/workdir/hadoop-ozone/integration-test/target/test-dir/MiniOzoneClusterImpl-39c25fbc-a3b4-482d-abe1-1e0ff40fa0d6/datanode-3/data/ratis/dc8f645c-abaa-4191-9896-5d1fed03ef86/current/log_inprogress_0
2019-09-17 10:37:59,667 [b6175f64-249e-458f-a44d-dbefd21d1ebe@group-5D1FED03EF86-SegmentedRaftLogWorker] INFO  segmented.SegmentedRaftLogWorker (SegmentedRaftLogWorker.java:execute(569)) - b6175f64-249e-458f-a44d-dbefd21d1ebe@group-5D1FED03EF86-SegmentedRaftLogWorker: created new log segment /tmp/workdir/hadoop-ozone/integration-test/target/test-dir/MiniOzoneClusterImpl-39c25fbc-a3b4-482d-abe1-1e0ff40fa0d6/datanode-2/data/ratis/dc8f645c-abaa-4191-9896-5d1fed03ef86/current/log_inprogress_0
2019-09-17 10:37:59,942 [grpc-default-executor-0] INFO  client.GrpcClientProtocolClient (GrpcClientProtocolClient.java:onNext(264)) - client-8B757D28FDA9->b6175f64-249e-458f-a44d-dbefd21d1ebe: receive RaftClientReply:client-8B757D28FDA9->b6175f64-249e-458f-a44d-dbefd21d1ebe@group-86FD0B308D5A, cid=9, SUCCESS, logIndex=1, commits[b6175f64-249e-458f-a44d-dbefd21d1ebe:c2, 06593742-632d-4ae8-badf-8f3851491c41:c1, bc4b4373-760d-4c7b-8801-672ff5eaeda8:c1]
2019-09-17 10:38:00,148 [grpc-default-executor-1] INFO  client.GrpcClientProtocolClient (GrpcClientProtocolClient.java:onNext(264)) - client-8B757D28FDA9->b6175f64-249e-458f-a44d-dbefd21d1ebe: receive RaftClientReply:client-8B757D28FDA9->b6175f64-249e-458f-a44d-dbefd21d1ebe@group-86FD0B308D5A, cid=10, SUCCESS, logIndex=3, commits[b6175f64-249e-458f-a44d-dbefd21d1ebe:c4, 06593742-632d-4ae8-badf-8f3851491c41:c3, bc4b4373-760d-4c7b-8801-672ff5eaeda8:c3]
2019-09-17 10:38:00,178 [main] ERROR container.ContainerStateManager (ContainerStateManager.java:updateContainerState(335)) - Failed to update container state #1, reason: invalid state transition from state: CLOSING upon event: FINALIZE.
]]></system-out>
    <system-err><![CDATA[ERROR StatusLogger No Log4j 2 configuration file found. Using default configuration (logging only errors to the console), or user programmatically provided configurations. Set system property 'log4j2.debug' to show Log4j 2 internal initialization logging. See https://logging.apache.org/log4j/2.x/manual/configuration.html for instructions on how to configure Log4j 2
]]></system-err>
  </testcase>
</testsuite>