<?xml version="1.0" encoding="UTF-8"?>
<testsuite xmlns:xsi="http://www.w3.org/2001/XMLSchema-instance" xsi:noNamespaceSchemaLocation="https://maven.apache.org/surefire/maven-surefire-plugin/xsd/surefire-test-report.xsd" name="org.apache.hadoop.ozone.client.rpc.TestOzoneClientRetriesOnException" time="34.764" tests="2" errors="2" skipped="0" failures="0">
  <properties>
    <property name="awt.toolkit" value="sun.awt.X11.XToolkit"/>
    <property name="file.encoding.pkg" value="sun.io"/>
    <property name="java.specification.version" value="1.8"/>
    <property name="sun.cpu.isalist" value=""/>
    <property name="sun.jnu.encoding" value="UTF-8"/>
    <property name="java.class.path" value="/workdir/hadoop-ozone/integration-test/target/test-classes:/workdir/hadoop-ozone/integration-test/target/classes:/home/user/.m2/repository/org/apache/hadoop/hadoop-ozone-common/0.4.1-SNAPSHOT/hadoop-ozone-common-0.4.1-SNAPSHOT.jar:/home/user/.m2/repository/org/apache/commons/commons-compress/1.4.1/commons-compress-1.4.1.jar:/home/user/.m2/repository/org/tukaani/xz/1.0/xz-1.0.jar:/home/user/.m2/repository/org/apache/hadoop/hadoop-common/3.2.0/hadoop-common-3.2.0.jar:/home/user/.m2/repository/org/apache/hadoop/hadoop-hdfs/3.2.0/hadoop-hdfs-3.2.0.jar:/home/user/.m2/repository/org/apache/hadoop/hadoop-hdfs-client/3.2.0/hadoop-hdfs-client-3.2.0.jar:/home/user/.m2/repository/com/fasterxml/jackson/core/jackson-annotations/2.9.5/jackson-annotations-2.9.5.jar:/home/user/.m2/repository/org/apache/hadoop/hadoop-hdds-common/0.4.1-SNAPSHOT/hadoop-hdds-common-0.4.1-SNAPSHOT.jar:/home/user/.m2/repository/javax/annotation/javax.annotation-api/1.2/javax.annotation-api-1.2.jar:/home/user/.m2/repository/org/apache/ratis/ratis-server/0.4.0-2337318-SNAPSHOT/ratis-server-0.4.0-2337318-SNAPSHOT.jar:/home/user/.m2/repository/org/apache/ratis/ratis-thirdparty-misc/0.2.0/ratis-thirdparty-misc-0.2.0.jar:/home/user/.m2/repository/org/apache/ratis/ratis-proto/0.4.0-2337318-SNAPSHOT/ratis-proto-0.4.0-2337318-SNAPSHOT.jar:/home/user/.m2/repository/org/apache/ratis/ratis-common/0.4.0-2337318-SNAPSHOT/ratis-common-0.4.0-2337318-SNAPSHOT.jar:/home/user/.m2/repository/org/apache/ratis/ratis-client/0.4.0-2337318-SNAPSHOT/ratis-client-0.4.0-2337318-SNAPSHOT.jar:/home/user/.m2/repository/org/apache/ratis/ratis-metrics/0.4.0-2337318-SNAPSHOT/ratis-metrics-0.4.0-2337318-SNAPSHOT.jar:/home/user/.m2/repository/org/apache/ratis/ratis-netty/0.4.0-2337318-SNAPSHOT/ratis-netty-0.4.0-2337318-SNAPSHOT.jar:/home/user/.m2/repository/org/apache/ratis/ratis-grpc/0.4.0-2337318-SNAPSHOT/ratis-grpc-0.4.0-2337318-SNAPSHOT.jar:/home/user/.m2/repository/org/rocksdb/rocksdbjni/6.0.1/rocksdbjni-6.0.1.jar:/home/user/.m2/repository/org/apache/logging/log4j/log4j-api/2.11.0/log4j-api-2.11.0.jar:/home/user/.m2/repository/org/apache/logging/log4j/log4j-core/2.11.0/log4j-core-2.11.0.jar:/home/user/.m2/repository/com/lmax/disruptor/3.4.2/disruptor-3.4.2.jar:/home/user/.m2/repository/org/apache/commons/commons-pool2/2.6.0/commons-pool2-2.6.0.jar:/home/user/.m2/repository/org/bouncycastle/bcpkix-jdk15on/1.60/bcpkix-jdk15on-1.60.jar:/home/user/.m2/repository/commons-validator/commons-validator/1.6/commons-validator-1.6.jar:/home/user/.m2/repository/commons-digester/commons-digester/1.8.1/commons-digester-1.8.1.jar:/home/user/.m2/repository/io/jaegertracing/jaeger-client/0.33.1/jaeger-client-0.33.1.jar:/home/user/.m2/repository/io/jaegertracing/jaeger-thrift/0.33.1/jaeger-thrift-0.33.1.jar:/home/user/.m2/repository/org/apache/thrift/libthrift/0.11.0/libthrift-0.11.0.jar:/home/user/.m2/repository/com/squareup/okhttp3/okhttp/3.9.0/okhttp-3.9.0.jar:/home/user/.m2/repository/com/squareup/okio/okio/1.13.0/okio-1.13.0.jar:/home/user/.m2/repository/io/jaegertracing/jaeger-core/0.33.1/jaeger-core-0.33.1.jar:/home/user/.m2/repository/io/jaegertracing/jaeger-tracerresolver/0.33.1/jaeger-tracerresolver-0.33.1.jar:/home/user/.m2/repository/io/opentracing/contrib/opentracing-tracerresolver/0.1.5/opentracing-tracerresolver-0.1.5.jar:/home/user/.m2/repository/io/opentracing/opentracing-util/0.31.0/opentracing-util-0.31.0.jar:/home/user/.m2/repository/io/opentracing/opentracing-api/0.31.0/opentracing-api-0.31.0.jar:/home/user/.m2/repository/io/opentracing/opentracing-noop/0.31.0/opentracing-noop-0.31.0.jar:/home/user/.m2/repository/org/apache/hadoop/hadoop-hdds-server-framework/0.4.1-SNAPSHOT/hadoop-hdds-server-framework-0.4.1-SNAPSHOT.jar:/home/user/.m2/repository/org/apache/hadoop/hadoop-hdds-container-service/0.4.1-SNAPSHOT/hadoop-hdds-container-service-0.4.1-SNAPSHOT.jar:/home/user/.m2/repository/org/apache/hadoop/hadoop-hdds-client/0.4.1-SNAPSHOT/hadoop-hdds-client-0.4.1-SNAPSHOT.jar:/home/user/.m2/repository/org/apache/hadoop/hadoop-hdds-tools/0.4.1-SNAPSHOT/hadoop-hdds-tools-0.4.1-SNAPSHOT.jar:/home/user/.m2/repository/org/apache/hadoop/hadoop-hdds-server-scm/0.4.1-SNAPSHOT/hadoop-hdds-server-scm-0.4.1-SNAPSHOT.jar:/home/user/.m2/repository/org/apache/hadoop/hadoop-hdds-docs/0.4.1-SNAPSHOT/hadoop-hdds-docs-0.4.1-SNAPSHOT.jar:/home/user/.m2/repository/io/dropwizard/metrics/metrics-core/3.2.4/metrics-core-3.2.4.jar:/home/user/.m2/repository/org/hamcrest/hamcrest-all/1.3/hamcrest-all-1.3.jar:/home/user/.m2/repository/org/bouncycastle/bcprov-jdk15on/1.60/bcprov-jdk15on-1.60.jar:/home/user/.m2/repository/info/picocli/picocli/3.9.6/picocli-3.9.6.jar:/home/user/.m2/repository/com/google/protobuf/protobuf-java/2.5.0/protobuf-java-2.5.0.jar:/home/user/.m2/repository/com/google/guava/guava/11.0.2/guava-11.0.2.jar:/home/user/.m2/repository/org/apache/hadoop/hadoop-ozone-ozone-manager/0.4.1-SNAPSHOT/hadoop-ozone-ozone-manager-0.4.1-SNAPSHOT.jar:/home/user/.m2/repository/org/apache/hadoop/hadoop-minikdc/3.2.0/hadoop-minikdc-3.2.0.jar:/home/user/.m2/repository/commons-io/commons-io/2.5/commons-io-2.5.jar:/home/user/.m2/repository/org/apache/kerby/kerb-simplekdc/1.0.1/kerb-simplekdc-1.0.1.jar:/home/user/.m2/repository/org/apache/kerby/kerb-client/1.0.1/kerb-client-1.0.1.jar:/home/user/.m2/repository/org/apache/kerby/kerby-config/1.0.1/kerby-config-1.0.1.jar:/home/user/.m2/repository/org/apache/kerby/kerb-core/1.0.1/kerb-core-1.0.1.jar:/home/user/.m2/repository/org/apache/kerby/kerby-pkix/1.0.1/kerby-pkix-1.0.1.jar:/home/user/.m2/repository/org/apache/kerby/kerby-asn1/1.0.1/kerby-asn1-1.0.1.jar:/home/user/.m2/repository/org/apache/kerby/kerby-util/1.0.1/kerby-util-1.0.1.jar:/home/user/.m2/repository/org/apache/kerby/kerb-common/1.0.1/kerb-common-1.0.1.jar:/home/user/.m2/repository/org/apache/kerby/kerb-crypto/1.0.1/kerb-crypto-1.0.1.jar:/home/user/.m2/repository/org/apache/kerby/kerb-util/1.0.1/kerb-util-1.0.1.jar:/home/user/.m2/repository/org/apache/kerby/token-provider/1.0.1/token-provider-1.0.1.jar:/home/user/.m2/repository/org/apache/kerby/kerb-admin/1.0.1/kerb-admin-1.0.1.jar:/home/user/.m2/repository/org/apache/kerby/kerb-server/1.0.1/kerb-server-1.0.1.jar:/home/user/.m2/repository/org/apache/kerby/kerb-identity/1.0.1/kerb-identity-1.0.1.jar:/home/user/.m2/repository/org/apache/kerby/kerby-xdr/1.0.1/kerby-xdr-1.0.1.jar:/home/user/.m2/repository/org/slf4j/slf4j-log4j12/1.7.25/slf4j-log4j12-1.7.25.jar:/home/user/.m2/repository/org/apache/hadoop/hadoop-ozone-objectstore-service/0.4.1-SNAPSHOT/hadoop-ozone-objectstore-service-0.4.1-SNAPSHOT.jar:/home/user/.m2/repository/org/apache/hadoop/hadoop-ozone-s3gateway/0.4.1-SNAPSHOT/hadoop-ozone-s3gateway-0.4.1-SNAPSHOT.jar:/home/user/.m2/repository/org/jboss/weld/servlet/weld-servlet/2.4.7.Final/weld-servlet-2.4.7.Final.jar:/home/user/.m2/repository/org/glassfish/jersey/containers/jersey-container-servlet-core/2.27/jersey-container-servlet-core-2.27.jar:/home/user/.m2/repository/org/glassfish/hk2/external/javax.inject/2.5.0-b42/javax.inject-2.5.0-b42.jar:/home/user/.m2/repository/org/glassfish/jersey/core/jersey-common/2.27/jersey-common-2.27.jar:/home/user/.m2/repository/org/glassfish/hk2/osgi-resource-locator/1.0.1/osgi-resource-locator-1.0.1.jar:/home/user/.m2/repository/javax/ws/rs/javax.ws.rs-api/2.1/javax.ws.rs-api-2.1.jar:/home/user/.m2/repository/org/glassfish/jersey/ext/cdi/jersey-cdi1x/2.27/jersey-cdi1x-2.27.jar:/home/user/.m2/repository/org/glassfish/jersey/inject/jersey-hk2/2.27/jersey-hk2-2.27.jar:/home/user/.m2/repository/org/glassfish/hk2/hk2-locator/2.5.0-b42/hk2-locator-2.5.0-b42.jar:/home/user/.m2/repository/org/javassist/javassist/3.22.0-CR2/javassist-3.22.0-CR2.jar:/home/user/.m2/repository/org/glassfish/hk2/hk2-api/2.5.0/hk2-api-2.5.0.jar:/home/user/.m2/repository/org/glassfish/hk2/external/jakarta.inject/2.5.0/jakarta.inject-2.5.0.jar:/home/user/.m2/repository/org/glassfish/hk2/hk2-utils/2.5.0/hk2-utils-2.5.0.jar:/home/user/.m2/repository/jakarta/annotation/jakarta.annotation-api/1.3.4/jakarta.annotation-api-1.3.4.jar:/home/user/.m2/repository/org/glassfish/hk2/external/aopalliance-repackaged/2.5.0/aopalliance-repackaged-2.5.0.jar:/home/user/.m2/repository/com/fasterxml/jackson/dataformat/jackson-dataformat-xml/2.9.0/jackson-dataformat-xml-2.9.0.jar:/home/user/.m2/repository/com/fasterxml/jackson/core/jackson-core/2.9.5/jackson-core-2.9.5.jar:/home/user/.m2/repository/com/fasterxml/jackson/module/jackson-module-jaxb-annotations/2.9.5/jackson-module-jaxb-annotations-2.9.5.jar:/home/user/.m2/repository/javax/enterprise/cdi-api/1.2/cdi-api-1.2.jar:/home/user/.m2/repository/javax/el/javax.el-api/3.0.0/javax.el-api-3.0.0.jar:/home/user/.m2/repository/javax/interceptor/javax.interceptor-api/1.2/javax.interceptor-api-1.2.jar:/home/user/.m2/repository/javax/inject/javax.inject/1/javax.inject-1.jar:/home/user/.m2/repository/com/sun/xml/bind/jaxb-impl/2.3.0.1/jaxb-impl-2.3.0.1.jar:/home/user/.m2/repository/com/sun/xml/bind/jaxb-core/2.3.0.1/jaxb-core-2.3.0.1.jar:/home/user/.m2/repository/javax/xml/bind/jaxb-api/2.3.0/jaxb-api-2.3.0.jar:/home/user/.m2/repository/javax/activation/activation/1.1.1/activation-1.1.1.jar:/home/user/.m2/repository/org/apache/hadoop/hadoop-ozone-csi/0.4.1-SNAPSHOT/hadoop-ozone-csi-0.4.1-SNAPSHOT.jar:/home/user/.m2/repository/com/google/protobuf/protobuf-java-util/3.5.1/protobuf-java-util-3.5.1.jar:/home/user/.m2/repository/org/apache/hadoop/hadoop-hdds-config/0.4.1-SNAPSHOT/hadoop-hdds-config-0.4.1-SNAPSHOT.jar:/home/user/.m2/repository/io/grpc/grpc-netty/1.17.1/grpc-netty-1.17.1.jar:/home/user/.m2/repository/io/grpc/grpc-core/1.17.1/grpc-core-1.17.1.jar:/home/user/.m2/repository/io/grpc/grpc-context/1.17.1/grpc-context-1.17.1.jar:/home/user/.m2/repository/com/google/errorprone/error_prone_annotations/2.2.0/error_prone_annotations-2.2.0.jar:/home/user/.m2/repository/org/codehaus/mojo/animal-sniffer-annotations/1.17/animal-sniffer-annotations-1.17.jar:/home/user/.m2/repository/io/opencensus/opencensus-api/0.17.0/opencensus-api-0.17.0.jar:/home/user/.m2/repository/io/opencensus/opencensus-contrib-grpc-metrics/0.17.0/opencensus-contrib-grpc-metrics-0.17.0.jar:/home/user/.m2/repository/io/netty/netty-codec-http2/4.1.30.Final/netty-codec-http2-4.1.30.Final.jar:/home/user/.m2/repository/io/netty/netty-codec-http/4.1.30.Final/netty-codec-http-4.1.30.Final.jar:/home/user/.m2/repository/io/netty/netty-codec/4.1.30.Final/netty-codec-4.1.30.Final.jar:/home/user/.m2/repository/io/netty/netty-handler/4.1.30.Final/netty-handler-4.1.30.Final.jar:/home/user/.m2/repository/io/netty/netty-handler-proxy/4.1.30.Final/netty-handler-proxy-4.1.30.Final.jar:/home/user/.m2/repository/io/netty/netty-codec-socks/4.1.30.Final/netty-codec-socks-4.1.30.Final.jar:/home/user/.m2/repository/io/netty/netty-transport-native-epoll/4.1.30.Final/netty-transport-native-epoll-4.1.30.Final.jar:/home/user/.m2/repository/io/netty/netty-common/4.1.30.Final/netty-common-4.1.30.Final.jar:/home/user/.m2/repository/io/netty/netty-buffer/4.1.30.Final/netty-buffer-4.1.30.Final.jar:/home/user/.m2/repository/io/netty/netty-transport/4.1.30.Final/netty-transport-4.1.30.Final.jar:/home/user/.m2/repository/io/netty/netty-resolver/4.1.30.Final/netty-resolver-4.1.30.Final.jar:/home/user/.m2/repository/io/netty/netty-transport-native-unix-common/4.1.30.Final/netty-transport-native-unix-common-4.1.30.Final.jar:/home/user/.m2/repository/io/grpc/grpc-protobuf/1.17.1/grpc-protobuf-1.17.1.jar:/home/user/.m2/repository/com/google/api/grpc/proto-google-common-protos/1.0.0/proto-google-common-protos-1.0.0.jar:/home/user/.m2/repository/io/grpc/grpc-protobuf-lite/1.17.1/grpc-protobuf-lite-1.17.1.jar:/home/user/.m2/repository/io/grpc/grpc-stub/1.17.1/grpc-stub-1.17.1.jar:/home/user/.m2/repository/org/apache/hadoop/hadoop-ozone-recon/0.4.1-SNAPSHOT/hadoop-ozone-recon-0.4.1-SNAPSHOT.jar:/home/user/.m2/repository/org/apache/hadoop/hadoop-ozone-reconcodegen/0.4.1-SNAPSHOT/hadoop-ozone-reconcodegen-0.4.1-SNAPSHOT.jar:/home/user/.m2/repository/com/google/inject/extensions/guice-multibindings/4.0/guice-multibindings-4.0.jar:/home/user/.m2/repository/com/google/inject/guice/4.0/guice-4.0.jar:/home/user/.m2/repository/aopalliance/aopalliance/1.0/aopalliance-1.0.jar:/home/user/.m2/repository/com/google/inject/extensions/guice-servlet/4.0/guice-servlet-4.0.jar:/home/user/.m2/repository/org/glassfish/jersey/containers/jersey-container-servlet/2.27/jersey-container-servlet-2.27.jar:/home/user/.m2/repository/org/glassfish/hk2/guice-bridge/2.5.0/guice-bridge-2.5.0.jar:/home/user/.m2/repository/org/glassfish/jersey/core/jersey-server/2.27/jersey-server-2.27.jar:/home/user/.m2/repository/org/glassfish/jersey/core/jersey-client/2.27/jersey-client-2.27.jar:/home/user/.m2/repository/org/glassfish/jersey/media/jersey-media-jaxb/2.27/jersey-media-jaxb-2.27.jar:/home/user/.m2/repository/javax/validation/validation-api/1.1.0.Final/validation-api-1.1.0.Final.jar:/home/user/.m2/repository/org/glassfish/jersey/media/jersey-media-json-jackson/2.27/jersey-media-json-jackson-2.27.jar:/home/user/.m2/repository/org/glassfish/jersey/ext/jersey-entity-filtering/2.27/jersey-entity-filtering-2.27.jar:/home/user/.m2/repository/com/google/inject/extensions/guice-assistedinject/4.0/guice-assistedinject-4.0.jar:/home/user/.m2/repository/org/jooq/jooq/3.11.10/jooq-3.11.10.jar:/home/user/.m2/repository/org/jooq/jooq-meta/3.11.10/jooq-meta-3.11.10.jar:/home/user/.m2/repository/org/jooq/jooq-codegen/3.11.10/jooq-codegen-3.11.10.jar:/home/user/.m2/repository/com/jolbox/bonecp/0.8.0.RELEASE/bonecp-0.8.0.RELEASE.jar:/home/user/.m2/repository/org/xerial/sqlite-jdbc/3.25.2/sqlite-jdbc-3.25.2.jar:/home/user/.m2/repository/org/springframework/spring-jdbc/5.1.3.RELEASE/spring-jdbc-5.1.3.RELEASE.jar:/home/user/.m2/repository/org/springframework/spring-beans/5.1.3.RELEASE/spring-beans-5.1.3.RELEASE.jar:/home/user/.m2/repository/org/springframework/spring-core/5.1.3.RELEASE/spring-core-5.1.3.RELEASE.jar:/home/user/.m2/repository/org/springframework/spring-jcl/5.1.3.RELEASE/spring-jcl-5.1.3.RELEASE.jar:/home/user/.m2/repository/org/springframework/spring-tx/5.1.3.RELEASE/spring-tx-5.1.3.RELEASE.jar:/home/user/.m2/repository/org/apache/hadoop/hadoop-ozone-client/0.4.1-SNAPSHOT/hadoop-ozone-client-0.4.1-SNAPSHOT.jar:/home/user/.m2/repository/commons-lang/commons-lang/2.6/commons-lang-2.6.jar:/home/user/.m2/repository/org/apache/hadoop/hadoop-ozone-ozone-manager/0.4.1-SNAPSHOT/hadoop-ozone-ozone-manager-0.4.1-SNAPSHOT-tests.jar:/home/user/.m2/repository/junit/junit/4.11/junit-4.11.jar:/home/user/.m2/repository/org/hamcrest/hamcrest-core/1.3/hamcrest-core-1.3.jar:/home/user/.m2/repository/org/openjdk/jmh/jmh-core/1.19/jmh-core-1.19.jar:/home/user/.m2/repository/net/sf/jopt-simple/jopt-simple/4.6/jopt-simple-4.6.jar:/home/user/.m2/repository/org/apache/commons/commons-math3/3.1.1/commons-math3-3.1.1.jar:/home/user/.m2/repository/org/openjdk/jmh/jmh-generator-annprocess/1.19/jmh-generator-annprocess-1.19.jar:/home/user/.m2/repository/org/mockito/mockito-all/1.8.5/mockito-all-1.8.5.jar:/home/user/.m2/repository/org/apache/hadoop/hadoop-kms/3.2.0/hadoop-kms-3.2.0.jar:/home/user/.m2/repository/org/apache/hadoop/hadoop-auth/3.2.0/hadoop-auth-3.2.0.jar:/home/user/.m2/repository/com/nimbusds/nimbus-jose-jwt/4.41.1/nimbus-jose-jwt-4.41.1.jar:/home/user/.m2/repository/com/github/stephenc/jcip/jcip-annotations/1.0-1/jcip-annotations-1.0-1.jar:/home/user/.m2/repository/net/minidev/json-smart/2.3/json-smart-2.3.jar:/home/user/.m2/repository/net/minidev/accessors-smart/1.2/accessors-smart-1.2.jar:/home/user/.m2/repository/org/ow2/asm/asm/5.0.4/asm-5.0.4.jar:/home/user/.m2/repository/org/apache/curator/curator-framework/2.12.0/curator-framework-2.12.0.jar:/home/user/.m2/repository/com/sun/jersey/jersey-core/1.19/jersey-core-1.19.jar:/home/user/.m2/repository/javax/ws/rs/jsr311-api/1.1.1/jsr311-api-1.1.1.jar:/home/user/.m2/repository/com/sun/jersey/jersey-server/1.19/jersey-server-1.19.jar:/home/user/.m2/repository/javax/servlet/javax.servlet-api/3.1.0/javax.servlet-api-3.1.0.jar:/home/user/.m2/repository/org/eclipse/jetty/jetty-server/9.3.24.v20180605/jetty-server-9.3.24.v20180605.jar:/home/user/.m2/repository/org/eclipse/jetty/jetty-http/9.3.24.v20180605/jetty-http-9.3.24.v20180605.jar:/home/user/.m2/repository/org/eclipse/jetty/jetty-io/9.3.24.v20180605/jetty-io-9.3.24.v20180605.jar:/home/user/.m2/repository/org/eclipse/jetty/jetty-webapp/9.3.24.v20180605/jetty-webapp-9.3.24.v20180605.jar:/home/user/.m2/repository/org/eclipse/jetty/jetty-xml/9.3.24.v20180605/jetty-xml-9.3.24.v20180605.jar:/home/user/.m2/repository/log4j/log4j/1.2.17/log4j-1.2.17.jar:/home/user/.m2/repository/org/slf4j/slf4j-api/1.7.25/slf4j-api-1.7.25.jar:/home/user/.m2/repository/org/slf4j/jul-to-slf4j/1.7.25/jul-to-slf4j-1.7.25.jar:/home/user/.m2/repository/org/eclipse/jetty/jetty-util/9.3.24.v20180605/jetty-util-9.3.24.v20180605.jar:/home/user/.m2/repository/com/fasterxml/jackson/core/jackson-databind/2.9.5/jackson-databind-2.9.5.jar:/home/user/.m2/repository/org/apache/hadoop/hadoop-kms/3.2.0/hadoop-kms-3.2.0-tests.jar:/home/user/.m2/repository/org/apache/hadoop/hadoop-hdds-server-scm/0.4.1-SNAPSHOT/hadoop-hdds-server-scm-0.4.1-SNAPSHOT-tests.jar:/home/user/.m2/repository/org/apache/hadoop/hadoop-hdds-container-service/0.4.1-SNAPSHOT/hadoop-hdds-container-service-0.4.1-SNAPSHOT-tests.jar:/home/user/.m2/repository/org/yaml/snakeyaml/1.16/snakeyaml-1.16.jar:/home/user/.m2/repository/org/apache/hadoop/hadoop-common/3.2.0/hadoop-common-3.2.0-tests.jar:/home/user/.m2/repository/org/apache/hadoop/hadoop-annotations/3.2.0/hadoop-annotations-3.2.0.jar:/usr/lib/jvm/java-1.8-openjdk/jre/../lib/tools.jar:/home/user/.m2/repository/commons-cli/commons-cli/1.2/commons-cli-1.2.jar:/home/user/.m2/repository/org/apache/httpcomponents/httpclient/4.5.2/httpclient-4.5.2.jar:/home/user/.m2/repository/org/apache/httpcomponents/httpcore/4.4.4/httpcore-4.4.4.jar:/home/user/.m2/repository/commons-codec/commons-codec/1.11/commons-codec-1.11.jar:/home/user/.m2/repository/commons-net/commons-net/3.6/commons-net-3.6.jar:/home/user/.m2/repository/commons-collections/commons-collections/3.2.2/commons-collections-3.2.2.jar:/home/user/.m2/repository/org/eclipse/jetty/jetty-servlet/9.3.24.v20180605/jetty-servlet-9.3.24.v20180605.jar:/home/user/.m2/repository/org/eclipse/jetty/jetty-security/9.3.24.v20180605/jetty-security-9.3.24.v20180605.jar:/home/user/.m2/repository/javax/servlet/jsp/jsp-api/2.1/jsp-api-2.1.jar:/home/user/.m2/repository/com/sun/jersey/jersey-servlet/1.19/jersey-servlet-1.19.jar:/home/user/.m2/repository/com/sun/jersey/jersey-json/1.19/jersey-json-1.19.jar:/home/user/.m2/repository/org/codehaus/jettison/jettison/1.1/jettison-1.1.jar:/home/user/.m2/repository/org/codehaus/jackson/jackson-core-asl/1.9.13/jackson-core-asl-1.9.13.jar:/home/user/.m2/repository/org/codehaus/jackson/jackson-mapper-asl/1.9.13/jackson-mapper-asl-1.9.13.jar:/home/user/.m2/repository/org/codehaus/jackson/jackson-jaxrs/1.9.13/jackson-jaxrs-1.9.13.jar:/home/user/.m2/repository/org/codehaus/jackson/jackson-xc/1.9.13/jackson-xc-1.9.13.jar:/home/user/.m2/repository/commons-logging/commons-logging/1.1.3/commons-logging-1.1.3.jar:/home/user/.m2/repository/commons-beanutils/commons-beanutils/1.9.3/commons-beanutils-1.9.3.jar:/home/user/.m2/repository/org/apache/commons/commons-configuration2/2.1.1/commons-configuration2-2.1.1.jar:/home/user/.m2/repository/org/apache/commons/commons-lang3/3.7/commons-lang3-3.7.jar:/home/user/.m2/repository/org/apache/commons/commons-text/1.4/commons-text-1.4.jar:/home/user/.m2/repository/org/apache/avro/avro/1.7.7/avro-1.7.7.jar:/home/user/.m2/repository/com/thoughtworks/paranamer/paranamer/2.3/paranamer-2.3.jar:/home/user/.m2/repository/org/xerial/snappy/snappy-java/1.0.5/snappy-java-1.0.5.jar:/home/user/.m2/repository/com/google/re2j/re2j/1.1/re2j-1.1.jar:/home/user/.m2/repository/com/google/code/gson/gson/2.2.4/gson-2.2.4.jar:/home/user/.m2/repository/com/jcraft/jsch/0.1.54/jsch-0.1.54.jar:/home/user/.m2/repository/org/apache/curator/curator-client/2.12.0/curator-client-2.12.0.jar:/home/user/.m2/repository/org/apache/curator/curator-recipes/2.12.0/curator-recipes-2.12.0.jar:/home/user/.m2/repository/com/google/code/findbugs/jsr305/3.0.0/jsr305-3.0.0.jar:/home/user/.m2/repository/org/apache/htrace/htrace-core4/4.1.0-incubating/htrace-core4-4.1.0-incubating.jar:/home/user/.m2/repository/org/apache/zookeeper/zookeeper/3.4.13/zookeeper-3.4.13.jar:/home/user/.m2/repository/org/apache/yetus/audience-annotations/0.5.0/audience-annotations-0.5.0.jar:/home/user/.m2/repository/org/codehaus/woodstox/stax2-api/3.1.4/stax2-api-3.1.4.jar:/home/user/.m2/repository/com/fasterxml/woodstox/woodstox-core/5.0.3/woodstox-core-5.0.3.jar:/home/user/.m2/repository/dnsjava/dnsjava/2.1.7/dnsjava-2.1.7.jar:/home/user/.m2/repository/org/apache/hadoop/hadoop-hdfs/3.2.0/hadoop-hdfs-3.2.0-tests.jar:/home/user/.m2/repository/org/eclipse/jetty/jetty-util-ajax/9.3.24.v20180605/jetty-util-ajax-9.3.24.v20180605.jar:/home/user/.m2/repository/commons-daemon/commons-daemon/1.0.13/commons-daemon-1.0.13.jar:/home/user/.m2/repository/io/netty/netty/3.10.5.Final/netty-3.10.5.Final.jar:/home/user/.m2/repository/io/netty/netty-all/4.0.52.Final/netty-all-4.0.52.Final.jar:/home/user/.m2/repository/org/fusesource/leveldbjni/leveldbjni-all/1.8/leveldbjni-all-1.8.jar:"/>
    <property name="java.vm.vendor" value="IcedTea"/>
    <property name="sun.arch.data.model" value="64"/>
    <property name="test.build.dir" value="/workdir/hadoop-ozone/integration-test/target/test-dir"/>
    <property name="test.cache.data" value=""/>
    <property name="java.vendor.url" value="https://icedtea.classpath.org"/>
    <property name="user.timezone" value=""/>
    <property name="java.vm.specification.version" value="1.8"/>
    <property name="os.name" value="Linux"/>
    <property name="test.build.data" value="/workdir/hadoop-ozone/integration-test/target/test-dir"/>
    <property name="user.country" value="US"/>
    <property name="sun.java.launcher" value="SUN_STANDARD"/>
    <property name="sun.boot.library.path" value="/usr/lib/jvm/java-1.8-openjdk/jre/lib/amd64"/>
    <property name="sun.java.command" value="/workdir/hadoop-ozone/integration-test/target/surefire/surefirebooter5018239753955727558.jar /workdir/hadoop-ozone/integration-test/target/surefire 2019-07-16T14-09-51_193-jvmRun1 surefire912806944336245650tmp surefire_409093207923124224226tmp"/>
    <property name="surefire.test.class.path" value="/workdir/hadoop-ozone/integration-test/target/test-classes:/workdir/hadoop-ozone/integration-test/target/classes:/home/user/.m2/repository/org/apache/hadoop/hadoop-ozone-common/0.4.1-SNAPSHOT/hadoop-ozone-common-0.4.1-SNAPSHOT.jar:/home/user/.m2/repository/org/apache/commons/commons-compress/1.4.1/commons-compress-1.4.1.jar:/home/user/.m2/repository/org/tukaani/xz/1.0/xz-1.0.jar:/home/user/.m2/repository/org/apache/hadoop/hadoop-common/3.2.0/hadoop-common-3.2.0.jar:/home/user/.m2/repository/org/apache/hadoop/hadoop-hdfs/3.2.0/hadoop-hdfs-3.2.0.jar:/home/user/.m2/repository/org/apache/hadoop/hadoop-hdfs-client/3.2.0/hadoop-hdfs-client-3.2.0.jar:/home/user/.m2/repository/com/fasterxml/jackson/core/jackson-annotations/2.9.5/jackson-annotations-2.9.5.jar:/home/user/.m2/repository/org/apache/hadoop/hadoop-hdds-common/0.4.1-SNAPSHOT/hadoop-hdds-common-0.4.1-SNAPSHOT.jar:/home/user/.m2/repository/javax/annotation/javax.annotation-api/1.2/javax.annotation-api-1.2.jar:/home/user/.m2/repository/org/apache/ratis/ratis-server/0.4.0-2337318-SNAPSHOT/ratis-server-0.4.0-2337318-SNAPSHOT.jar:/home/user/.m2/repository/org/apache/ratis/ratis-thirdparty-misc/0.2.0/ratis-thirdparty-misc-0.2.0.jar:/home/user/.m2/repository/org/apache/ratis/ratis-proto/0.4.0-2337318-SNAPSHOT/ratis-proto-0.4.0-2337318-SNAPSHOT.jar:/home/user/.m2/repository/org/apache/ratis/ratis-common/0.4.0-2337318-SNAPSHOT/ratis-common-0.4.0-2337318-SNAPSHOT.jar:/home/user/.m2/repository/org/apache/ratis/ratis-client/0.4.0-2337318-SNAPSHOT/ratis-client-0.4.0-2337318-SNAPSHOT.jar:/home/user/.m2/repository/org/apache/ratis/ratis-metrics/0.4.0-2337318-SNAPSHOT/ratis-metrics-0.4.0-2337318-SNAPSHOT.jar:/home/user/.m2/repository/org/apache/ratis/ratis-netty/0.4.0-2337318-SNAPSHOT/ratis-netty-0.4.0-2337318-SNAPSHOT.jar:/home/user/.m2/repository/org/apache/ratis/ratis-grpc/0.4.0-2337318-SNAPSHOT/ratis-grpc-0.4.0-2337318-SNAPSHOT.jar:/home/user/.m2/repository/org/rocksdb/rocksdbjni/6.0.1/rocksdbjni-6.0.1.jar:/home/user/.m2/repository/org/apache/logging/log4j/log4j-api/2.11.0/log4j-api-2.11.0.jar:/home/user/.m2/repository/org/apache/logging/log4j/log4j-core/2.11.0/log4j-core-2.11.0.jar:/home/user/.m2/repository/com/lmax/disruptor/3.4.2/disruptor-3.4.2.jar:/home/user/.m2/repository/org/apache/commons/commons-pool2/2.6.0/commons-pool2-2.6.0.jar:/home/user/.m2/repository/org/bouncycastle/bcpkix-jdk15on/1.60/bcpkix-jdk15on-1.60.jar:/home/user/.m2/repository/commons-validator/commons-validator/1.6/commons-validator-1.6.jar:/home/user/.m2/repository/commons-digester/commons-digester/1.8.1/commons-digester-1.8.1.jar:/home/user/.m2/repository/io/jaegertracing/jaeger-client/0.33.1/jaeger-client-0.33.1.jar:/home/user/.m2/repository/io/jaegertracing/jaeger-thrift/0.33.1/jaeger-thrift-0.33.1.jar:/home/user/.m2/repository/org/apache/thrift/libthrift/0.11.0/libthrift-0.11.0.jar:/home/user/.m2/repository/com/squareup/okhttp3/okhttp/3.9.0/okhttp-3.9.0.jar:/home/user/.m2/repository/com/squareup/okio/okio/1.13.0/okio-1.13.0.jar:/home/user/.m2/repository/io/jaegertracing/jaeger-core/0.33.1/jaeger-core-0.33.1.jar:/home/user/.m2/repository/io/jaegertracing/jaeger-tracerresolver/0.33.1/jaeger-tracerresolver-0.33.1.jar:/home/user/.m2/repository/io/opentracing/contrib/opentracing-tracerresolver/0.1.5/opentracing-tracerresolver-0.1.5.jar:/home/user/.m2/repository/io/opentracing/opentracing-util/0.31.0/opentracing-util-0.31.0.jar:/home/user/.m2/repository/io/opentracing/opentracing-api/0.31.0/opentracing-api-0.31.0.jar:/home/user/.m2/repository/io/opentracing/opentracing-noop/0.31.0/opentracing-noop-0.31.0.jar:/home/user/.m2/repository/org/apache/hadoop/hadoop-hdds-server-framework/0.4.1-SNAPSHOT/hadoop-hdds-server-framework-0.4.1-SNAPSHOT.jar:/home/user/.m2/repository/org/apache/hadoop/hadoop-hdds-container-service/0.4.1-SNAPSHOT/hadoop-hdds-container-service-0.4.1-SNAPSHOT.jar:/home/user/.m2/repository/org/apache/hadoop/hadoop-hdds-client/0.4.1-SNAPSHOT/hadoop-hdds-client-0.4.1-SNAPSHOT.jar:/home/user/.m2/repository/org/apache/hadoop/hadoop-hdds-tools/0.4.1-SNAPSHOT/hadoop-hdds-tools-0.4.1-SNAPSHOT.jar:/home/user/.m2/repository/org/apache/hadoop/hadoop-hdds-server-scm/0.4.1-SNAPSHOT/hadoop-hdds-server-scm-0.4.1-SNAPSHOT.jar:/home/user/.m2/repository/org/apache/hadoop/hadoop-hdds-docs/0.4.1-SNAPSHOT/hadoop-hdds-docs-0.4.1-SNAPSHOT.jar:/home/user/.m2/repository/io/dropwizard/metrics/metrics-core/3.2.4/metrics-core-3.2.4.jar:/home/user/.m2/repository/org/hamcrest/hamcrest-all/1.3/hamcrest-all-1.3.jar:/home/user/.m2/repository/org/bouncycastle/bcprov-jdk15on/1.60/bcprov-jdk15on-1.60.jar:/home/user/.m2/repository/info/picocli/picocli/3.9.6/picocli-3.9.6.jar:/home/user/.m2/repository/com/google/protobuf/protobuf-java/2.5.0/protobuf-java-2.5.0.jar:/home/user/.m2/repository/com/google/guava/guava/11.0.2/guava-11.0.2.jar:/home/user/.m2/repository/org/apache/hadoop/hadoop-ozone-ozone-manager/0.4.1-SNAPSHOT/hadoop-ozone-ozone-manager-0.4.1-SNAPSHOT.jar:/home/user/.m2/repository/org/apache/hadoop/hadoop-minikdc/3.2.0/hadoop-minikdc-3.2.0.jar:/home/user/.m2/repository/commons-io/commons-io/2.5/commons-io-2.5.jar:/home/user/.m2/repository/org/apache/kerby/kerb-simplekdc/1.0.1/kerb-simplekdc-1.0.1.jar:/home/user/.m2/repository/org/apache/kerby/kerb-client/1.0.1/kerb-client-1.0.1.jar:/home/user/.m2/repository/org/apache/kerby/kerby-config/1.0.1/kerby-config-1.0.1.jar:/home/user/.m2/repository/org/apache/kerby/kerb-core/1.0.1/kerb-core-1.0.1.jar:/home/user/.m2/repository/org/apache/kerby/kerby-pkix/1.0.1/kerby-pkix-1.0.1.jar:/home/user/.m2/repository/org/apache/kerby/kerby-asn1/1.0.1/kerby-asn1-1.0.1.jar:/home/user/.m2/repository/org/apache/kerby/kerby-util/1.0.1/kerby-util-1.0.1.jar:/home/user/.m2/repository/org/apache/kerby/kerb-common/1.0.1/kerb-common-1.0.1.jar:/home/user/.m2/repository/org/apache/kerby/kerb-crypto/1.0.1/kerb-crypto-1.0.1.jar:/home/user/.m2/repository/org/apache/kerby/kerb-util/1.0.1/kerb-util-1.0.1.jar:/home/user/.m2/repository/org/apache/kerby/token-provider/1.0.1/token-provider-1.0.1.jar:/home/user/.m2/repository/org/apache/kerby/kerb-admin/1.0.1/kerb-admin-1.0.1.jar:/home/user/.m2/repository/org/apache/kerby/kerb-server/1.0.1/kerb-server-1.0.1.jar:/home/user/.m2/repository/org/apache/kerby/kerb-identity/1.0.1/kerb-identity-1.0.1.jar:/home/user/.m2/repository/org/apache/kerby/kerby-xdr/1.0.1/kerby-xdr-1.0.1.jar:/home/user/.m2/repository/org/slf4j/slf4j-log4j12/1.7.25/slf4j-log4j12-1.7.25.jar:/home/user/.m2/repository/org/apache/hadoop/hadoop-ozone-objectstore-service/0.4.1-SNAPSHOT/hadoop-ozone-objectstore-service-0.4.1-SNAPSHOT.jar:/home/user/.m2/repository/org/apache/hadoop/hadoop-ozone-s3gateway/0.4.1-SNAPSHOT/hadoop-ozone-s3gateway-0.4.1-SNAPSHOT.jar:/home/user/.m2/repository/org/jboss/weld/servlet/weld-servlet/2.4.7.Final/weld-servlet-2.4.7.Final.jar:/home/user/.m2/repository/org/glassfish/jersey/containers/jersey-container-servlet-core/2.27/jersey-container-servlet-core-2.27.jar:/home/user/.m2/repository/org/glassfish/hk2/external/javax.inject/2.5.0-b42/javax.inject-2.5.0-b42.jar:/home/user/.m2/repository/org/glassfish/jersey/core/jersey-common/2.27/jersey-common-2.27.jar:/home/user/.m2/repository/org/glassfish/hk2/osgi-resource-locator/1.0.1/osgi-resource-locator-1.0.1.jar:/home/user/.m2/repository/javax/ws/rs/javax.ws.rs-api/2.1/javax.ws.rs-api-2.1.jar:/home/user/.m2/repository/org/glassfish/jersey/ext/cdi/jersey-cdi1x/2.27/jersey-cdi1x-2.27.jar:/home/user/.m2/repository/org/glassfish/jersey/inject/jersey-hk2/2.27/jersey-hk2-2.27.jar:/home/user/.m2/repository/org/glassfish/hk2/hk2-locator/2.5.0-b42/hk2-locator-2.5.0-b42.jar:/home/user/.m2/repository/org/javassist/javassist/3.22.0-CR2/javassist-3.22.0-CR2.jar:/home/user/.m2/repository/org/glassfish/hk2/hk2-api/2.5.0/hk2-api-2.5.0.jar:/home/user/.m2/repository/org/glassfish/hk2/external/jakarta.inject/2.5.0/jakarta.inject-2.5.0.jar:/home/user/.m2/repository/org/glassfish/hk2/hk2-utils/2.5.0/hk2-utils-2.5.0.jar:/home/user/.m2/repository/jakarta/annotation/jakarta.annotation-api/1.3.4/jakarta.annotation-api-1.3.4.jar:/home/user/.m2/repository/org/glassfish/hk2/external/aopalliance-repackaged/2.5.0/aopalliance-repackaged-2.5.0.jar:/home/user/.m2/repository/com/fasterxml/jackson/dataformat/jackson-dataformat-xml/2.9.0/jackson-dataformat-xml-2.9.0.jar:/home/user/.m2/repository/com/fasterxml/jackson/core/jackson-core/2.9.5/jackson-core-2.9.5.jar:/home/user/.m2/repository/com/fasterxml/jackson/module/jackson-module-jaxb-annotations/2.9.5/jackson-module-jaxb-annotations-2.9.5.jar:/home/user/.m2/repository/javax/enterprise/cdi-api/1.2/cdi-api-1.2.jar:/home/user/.m2/repository/javax/el/javax.el-api/3.0.0/javax.el-api-3.0.0.jar:/home/user/.m2/repository/javax/interceptor/javax.interceptor-api/1.2/javax.interceptor-api-1.2.jar:/home/user/.m2/repository/javax/inject/javax.inject/1/javax.inject-1.jar:/home/user/.m2/repository/com/sun/xml/bind/jaxb-impl/2.3.0.1/jaxb-impl-2.3.0.1.jar:/home/user/.m2/repository/com/sun/xml/bind/jaxb-core/2.3.0.1/jaxb-core-2.3.0.1.jar:/home/user/.m2/repository/javax/xml/bind/jaxb-api/2.3.0/jaxb-api-2.3.0.jar:/home/user/.m2/repository/javax/activation/activation/1.1.1/activation-1.1.1.jar:/home/user/.m2/repository/org/apache/hadoop/hadoop-ozone-csi/0.4.1-SNAPSHOT/hadoop-ozone-csi-0.4.1-SNAPSHOT.jar:/home/user/.m2/repository/com/google/protobuf/protobuf-java-util/3.5.1/protobuf-java-util-3.5.1.jar:/home/user/.m2/repository/org/apache/hadoop/hadoop-hdds-config/0.4.1-SNAPSHOT/hadoop-hdds-config-0.4.1-SNAPSHOT.jar:/home/user/.m2/repository/io/grpc/grpc-netty/1.17.1/grpc-netty-1.17.1.jar:/home/user/.m2/repository/io/grpc/grpc-core/1.17.1/grpc-core-1.17.1.jar:/home/user/.m2/repository/io/grpc/grpc-context/1.17.1/grpc-context-1.17.1.jar:/home/user/.m2/repository/com/google/errorprone/error_prone_annotations/2.2.0/error_prone_annotations-2.2.0.jar:/home/user/.m2/repository/org/codehaus/mojo/animal-sniffer-annotations/1.17/animal-sniffer-annotations-1.17.jar:/home/user/.m2/repository/io/opencensus/opencensus-api/0.17.0/opencensus-api-0.17.0.jar:/home/user/.m2/repository/io/opencensus/opencensus-contrib-grpc-metrics/0.17.0/opencensus-contrib-grpc-metrics-0.17.0.jar:/home/user/.m2/repository/io/netty/netty-codec-http2/4.1.30.Final/netty-codec-http2-4.1.30.Final.jar:/home/user/.m2/repository/io/netty/netty-codec-http/4.1.30.Final/netty-codec-http-4.1.30.Final.jar:/home/user/.m2/repository/io/netty/netty-codec/4.1.30.Final/netty-codec-4.1.30.Final.jar:/home/user/.m2/repository/io/netty/netty-handler/4.1.30.Final/netty-handler-4.1.30.Final.jar:/home/user/.m2/repository/io/netty/netty-handler-proxy/4.1.30.Final/netty-handler-proxy-4.1.30.Final.jar:/home/user/.m2/repository/io/netty/netty-codec-socks/4.1.30.Final/netty-codec-socks-4.1.30.Final.jar:/home/user/.m2/repository/io/netty/netty-transport-native-epoll/4.1.30.Final/netty-transport-native-epoll-4.1.30.Final.jar:/home/user/.m2/repository/io/netty/netty-common/4.1.30.Final/netty-common-4.1.30.Final.jar:/home/user/.m2/repository/io/netty/netty-buffer/4.1.30.Final/netty-buffer-4.1.30.Final.jar:/home/user/.m2/repository/io/netty/netty-transport/4.1.30.Final/netty-transport-4.1.30.Final.jar:/home/user/.m2/repository/io/netty/netty-resolver/4.1.30.Final/netty-resolver-4.1.30.Final.jar:/home/user/.m2/repository/io/netty/netty-transport-native-unix-common/4.1.30.Final/netty-transport-native-unix-common-4.1.30.Final.jar:/home/user/.m2/repository/io/grpc/grpc-protobuf/1.17.1/grpc-protobuf-1.17.1.jar:/home/user/.m2/repository/com/google/api/grpc/proto-google-common-protos/1.0.0/proto-google-common-protos-1.0.0.jar:/home/user/.m2/repository/io/grpc/grpc-protobuf-lite/1.17.1/grpc-protobuf-lite-1.17.1.jar:/home/user/.m2/repository/io/grpc/grpc-stub/1.17.1/grpc-stub-1.17.1.jar:/home/user/.m2/repository/org/apache/hadoop/hadoop-ozone-recon/0.4.1-SNAPSHOT/hadoop-ozone-recon-0.4.1-SNAPSHOT.jar:/home/user/.m2/repository/org/apache/hadoop/hadoop-ozone-reconcodegen/0.4.1-SNAPSHOT/hadoop-ozone-reconcodegen-0.4.1-SNAPSHOT.jar:/home/user/.m2/repository/com/google/inject/extensions/guice-multibindings/4.0/guice-multibindings-4.0.jar:/home/user/.m2/repository/com/google/inject/guice/4.0/guice-4.0.jar:/home/user/.m2/repository/aopalliance/aopalliance/1.0/aopalliance-1.0.jar:/home/user/.m2/repository/com/google/inject/extensions/guice-servlet/4.0/guice-servlet-4.0.jar:/home/user/.m2/repository/org/glassfish/jersey/containers/jersey-container-servlet/2.27/jersey-container-servlet-2.27.jar:/home/user/.m2/repository/org/glassfish/hk2/guice-bridge/2.5.0/guice-bridge-2.5.0.jar:/home/user/.m2/repository/org/glassfish/jersey/core/jersey-server/2.27/jersey-server-2.27.jar:/home/user/.m2/repository/org/glassfish/jersey/core/jersey-client/2.27/jersey-client-2.27.jar:/home/user/.m2/repository/org/glassfish/jersey/media/jersey-media-jaxb/2.27/jersey-media-jaxb-2.27.jar:/home/user/.m2/repository/javax/validation/validation-api/1.1.0.Final/validation-api-1.1.0.Final.jar:/home/user/.m2/repository/org/glassfish/jersey/media/jersey-media-json-jackson/2.27/jersey-media-json-jackson-2.27.jar:/home/user/.m2/repository/org/glassfish/jersey/ext/jersey-entity-filtering/2.27/jersey-entity-filtering-2.27.jar:/home/user/.m2/repository/com/google/inject/extensions/guice-assistedinject/4.0/guice-assistedinject-4.0.jar:/home/user/.m2/repository/org/jooq/jooq/3.11.10/jooq-3.11.10.jar:/home/user/.m2/repository/org/jooq/jooq-meta/3.11.10/jooq-meta-3.11.10.jar:/home/user/.m2/repository/org/jooq/jooq-codegen/3.11.10/jooq-codegen-3.11.10.jar:/home/user/.m2/repository/com/jolbox/bonecp/0.8.0.RELEASE/bonecp-0.8.0.RELEASE.jar:/home/user/.m2/repository/org/xerial/sqlite-jdbc/3.25.2/sqlite-jdbc-3.25.2.jar:/home/user/.m2/repository/org/springframework/spring-jdbc/5.1.3.RELEASE/spring-jdbc-5.1.3.RELEASE.jar:/home/user/.m2/repository/org/springframework/spring-beans/5.1.3.RELEASE/spring-beans-5.1.3.RELEASE.jar:/home/user/.m2/repository/org/springframework/spring-core/5.1.3.RELEASE/spring-core-5.1.3.RELEASE.jar:/home/user/.m2/repository/org/springframework/spring-jcl/5.1.3.RELEASE/spring-jcl-5.1.3.RELEASE.jar:/home/user/.m2/repository/org/springframework/spring-tx/5.1.3.RELEASE/spring-tx-5.1.3.RELEASE.jar:/home/user/.m2/repository/org/apache/hadoop/hadoop-ozone-client/0.4.1-SNAPSHOT/hadoop-ozone-client-0.4.1-SNAPSHOT.jar:/home/user/.m2/repository/commons-lang/commons-lang/2.6/commons-lang-2.6.jar:/home/user/.m2/repository/org/apache/hadoop/hadoop-ozone-ozone-manager/0.4.1-SNAPSHOT/hadoop-ozone-ozone-manager-0.4.1-SNAPSHOT-tests.jar:/home/user/.m2/repository/junit/junit/4.11/junit-4.11.jar:/home/user/.m2/repository/org/hamcrest/hamcrest-core/1.3/hamcrest-core-1.3.jar:/home/user/.m2/repository/org/openjdk/jmh/jmh-core/1.19/jmh-core-1.19.jar:/home/user/.m2/repository/net/sf/jopt-simple/jopt-simple/4.6/jopt-simple-4.6.jar:/home/user/.m2/repository/org/apache/commons/commons-math3/3.1.1/commons-math3-3.1.1.jar:/home/user/.m2/repository/org/openjdk/jmh/jmh-generator-annprocess/1.19/jmh-generator-annprocess-1.19.jar:/home/user/.m2/repository/org/mockito/mockito-all/1.8.5/mockito-all-1.8.5.jar:/home/user/.m2/repository/org/apache/hadoop/hadoop-kms/3.2.0/hadoop-kms-3.2.0.jar:/home/user/.m2/repository/org/apache/hadoop/hadoop-auth/3.2.0/hadoop-auth-3.2.0.jar:/home/user/.m2/repository/com/nimbusds/nimbus-jose-jwt/4.41.1/nimbus-jose-jwt-4.41.1.jar:/home/user/.m2/repository/com/github/stephenc/jcip/jcip-annotations/1.0-1/jcip-annotations-1.0-1.jar:/home/user/.m2/repository/net/minidev/json-smart/2.3/json-smart-2.3.jar:/home/user/.m2/repository/net/minidev/accessors-smart/1.2/accessors-smart-1.2.jar:/home/user/.m2/repository/org/ow2/asm/asm/5.0.4/asm-5.0.4.jar:/home/user/.m2/repository/org/apache/curator/curator-framework/2.12.0/curator-framework-2.12.0.jar:/home/user/.m2/repository/com/sun/jersey/jersey-core/1.19/jersey-core-1.19.jar:/home/user/.m2/repository/javax/ws/rs/jsr311-api/1.1.1/jsr311-api-1.1.1.jar:/home/user/.m2/repository/com/sun/jersey/jersey-server/1.19/jersey-server-1.19.jar:/home/user/.m2/repository/javax/servlet/javax.servlet-api/3.1.0/javax.servlet-api-3.1.0.jar:/home/user/.m2/repository/org/eclipse/jetty/jetty-server/9.3.24.v20180605/jetty-server-9.3.24.v20180605.jar:/home/user/.m2/repository/org/eclipse/jetty/jetty-http/9.3.24.v20180605/jetty-http-9.3.24.v20180605.jar:/home/user/.m2/repository/org/eclipse/jetty/jetty-io/9.3.24.v20180605/jetty-io-9.3.24.v20180605.jar:/home/user/.m2/repository/org/eclipse/jetty/jetty-webapp/9.3.24.v20180605/jetty-webapp-9.3.24.v20180605.jar:/home/user/.m2/repository/org/eclipse/jetty/jetty-xml/9.3.24.v20180605/jetty-xml-9.3.24.v20180605.jar:/home/user/.m2/repository/log4j/log4j/1.2.17/log4j-1.2.17.jar:/home/user/.m2/repository/org/slf4j/slf4j-api/1.7.25/slf4j-api-1.7.25.jar:/home/user/.m2/repository/org/slf4j/jul-to-slf4j/1.7.25/jul-to-slf4j-1.7.25.jar:/home/user/.m2/repository/org/eclipse/jetty/jetty-util/9.3.24.v20180605/jetty-util-9.3.24.v20180605.jar:/home/user/.m2/repository/com/fasterxml/jackson/core/jackson-databind/2.9.5/jackson-databind-2.9.5.jar:/home/user/.m2/repository/org/apache/hadoop/hadoop-kms/3.2.0/hadoop-kms-3.2.0-tests.jar:/home/user/.m2/repository/org/apache/hadoop/hadoop-hdds-server-scm/0.4.1-SNAPSHOT/hadoop-hdds-server-scm-0.4.1-SNAPSHOT-tests.jar:/home/user/.m2/repository/org/apache/hadoop/hadoop-hdds-container-service/0.4.1-SNAPSHOT/hadoop-hdds-container-service-0.4.1-SNAPSHOT-tests.jar:/home/user/.m2/repository/org/yaml/snakeyaml/1.16/snakeyaml-1.16.jar:/home/user/.m2/repository/org/apache/hadoop/hadoop-common/3.2.0/hadoop-common-3.2.0-tests.jar:/home/user/.m2/repository/org/apache/hadoop/hadoop-annotations/3.2.0/hadoop-annotations-3.2.0.jar:/usr/lib/jvm/java-1.8-openjdk/jre/../lib/tools.jar:/home/user/.m2/repository/commons-cli/commons-cli/1.2/commons-cli-1.2.jar:/home/user/.m2/repository/org/apache/httpcomponents/httpclient/4.5.2/httpclient-4.5.2.jar:/home/user/.m2/repository/org/apache/httpcomponents/httpcore/4.4.4/httpcore-4.4.4.jar:/home/user/.m2/repository/commons-codec/commons-codec/1.11/commons-codec-1.11.jar:/home/user/.m2/repository/commons-net/commons-net/3.6/commons-net-3.6.jar:/home/user/.m2/repository/commons-collections/commons-collections/3.2.2/commons-collections-3.2.2.jar:/home/user/.m2/repository/org/eclipse/jetty/jetty-servlet/9.3.24.v20180605/jetty-servlet-9.3.24.v20180605.jar:/home/user/.m2/repository/org/eclipse/jetty/jetty-security/9.3.24.v20180605/jetty-security-9.3.24.v20180605.jar:/home/user/.m2/repository/javax/servlet/jsp/jsp-api/2.1/jsp-api-2.1.jar:/home/user/.m2/repository/com/sun/jersey/jersey-servlet/1.19/jersey-servlet-1.19.jar:/home/user/.m2/repository/com/sun/jersey/jersey-json/1.19/jersey-json-1.19.jar:/home/user/.m2/repository/org/codehaus/jettison/jettison/1.1/jettison-1.1.jar:/home/user/.m2/repository/org/codehaus/jackson/jackson-core-asl/1.9.13/jackson-core-asl-1.9.13.jar:/home/user/.m2/repository/org/codehaus/jackson/jackson-mapper-asl/1.9.13/jackson-mapper-asl-1.9.13.jar:/home/user/.m2/repository/org/codehaus/jackson/jackson-jaxrs/1.9.13/jackson-jaxrs-1.9.13.jar:/home/user/.m2/repository/org/codehaus/jackson/jackson-xc/1.9.13/jackson-xc-1.9.13.jar:/home/user/.m2/repository/commons-logging/commons-logging/1.1.3/commons-logging-1.1.3.jar:/home/user/.m2/repository/commons-beanutils/commons-beanutils/1.9.3/commons-beanutils-1.9.3.jar:/home/user/.m2/repository/org/apache/commons/commons-configuration2/2.1.1/commons-configuration2-2.1.1.jar:/home/user/.m2/repository/org/apache/commons/commons-lang3/3.7/commons-lang3-3.7.jar:/home/user/.m2/repository/org/apache/commons/commons-text/1.4/commons-text-1.4.jar:/home/user/.m2/repository/org/apache/avro/avro/1.7.7/avro-1.7.7.jar:/home/user/.m2/repository/com/thoughtworks/paranamer/paranamer/2.3/paranamer-2.3.jar:/home/user/.m2/repository/org/xerial/snappy/snappy-java/1.0.5/snappy-java-1.0.5.jar:/home/user/.m2/repository/com/google/re2j/re2j/1.1/re2j-1.1.jar:/home/user/.m2/repository/com/google/code/gson/gson/2.2.4/gson-2.2.4.jar:/home/user/.m2/repository/com/jcraft/jsch/0.1.54/jsch-0.1.54.jar:/home/user/.m2/repository/org/apache/curator/curator-client/2.12.0/curator-client-2.12.0.jar:/home/user/.m2/repository/org/apache/curator/curator-recipes/2.12.0/curator-recipes-2.12.0.jar:/home/user/.m2/repository/com/google/code/findbugs/jsr305/3.0.0/jsr305-3.0.0.jar:/home/user/.m2/repository/org/apache/htrace/htrace-core4/4.1.0-incubating/htrace-core4-4.1.0-incubating.jar:/home/user/.m2/repository/org/apache/zookeeper/zookeeper/3.4.13/zookeeper-3.4.13.jar:/home/user/.m2/repository/org/apache/yetus/audience-annotations/0.5.0/audience-annotations-0.5.0.jar:/home/user/.m2/repository/org/codehaus/woodstox/stax2-api/3.1.4/stax2-api-3.1.4.jar:/home/user/.m2/repository/com/fasterxml/woodstox/woodstox-core/5.0.3/woodstox-core-5.0.3.jar:/home/user/.m2/repository/dnsjava/dnsjava/2.1.7/dnsjava-2.1.7.jar:/home/user/.m2/repository/org/apache/hadoop/hadoop-hdfs/3.2.0/hadoop-hdfs-3.2.0-tests.jar:/home/user/.m2/repository/org/eclipse/jetty/jetty-util-ajax/9.3.24.v20180605/jetty-util-ajax-9.3.24.v20180605.jar:/home/user/.m2/repository/commons-daemon/commons-daemon/1.0.13/commons-daemon-1.0.13.jar:/home/user/.m2/repository/io/netty/netty/3.10.5.Final/netty-3.10.5.Final.jar:/home/user/.m2/repository/io/netty/netty-all/4.0.52.Final/netty-all-4.0.52.Final.jar:/home/user/.m2/repository/org/fusesource/leveldbjni/leveldbjni-all/1.8/leveldbjni-all-1.8.jar:"/>
    <property name="sun.cpu.endian" value="little"/>
    <property name="user.home" value="/home/user"/>
    <property name="user.language" value="en"/>
    <property name="java.specification.vendor" value="Oracle Corporation"/>
    <property name="java.home" value="/usr/lib/jvm/java-1.8-openjdk/jre"/>
    <property name="java.security.krb5.conf" value="/workdir/hadoop-ozone/integration-test/target/test-classes/krb5.conf"/>
    <property name="basedir" value="/workdir/hadoop-ozone/integration-test"/>
    <property name="file.separator" value="/"/>
    <property name="line.separator" value="&#10;"/>
    <property name="java.vm.specification.vendor" value="Oracle Corporation"/>
    <property name="java.specification.name" value="Java Platform API Specification"/>
    <property name="java.awt.graphicsenv" value="sun.awt.X11GraphicsEnvironment"/>
    <property name="surefire.real.class.path" value="/workdir/hadoop-ozone/integration-test/target/surefire/surefirebooter5018239753955727558.jar"/>
    <property name="hadoop.log.dir" value="/workdir/hadoop-ozone/integration-test/target/log"/>
    <property name="sun.boot.class.path" value="/usr/lib/jvm/java-1.8-openjdk/jre/lib/resources.jar:/usr/lib/jvm/java-1.8-openjdk/jre/lib/rt.jar:/usr/lib/jvm/java-1.8-openjdk/jre/lib/sunrsasign.jar:/usr/lib/jvm/java-1.8-openjdk/jre/lib/jsse.jar:/usr/lib/jvm/java-1.8-openjdk/jre/lib/jce.jar:/usr/lib/jvm/java-1.8-openjdk/jre/lib/charsets.jar:/usr/lib/jvm/java-1.8-openjdk/jre/lib/jfr.jar:/usr/lib/jvm/java-1.8-openjdk/jre/classes"/>
    <property name="sun.management.compiler" value="HotSpot 64-Bit Tiered Compilers"/>
    <property name="java.runtime.version" value="1.8.0_212-b04"/>
    <property name="java.net.preferIPv4Stack" value="true"/>
    <property name="user.name" value="jenkins1000"/>
    <property name="path.separator" value=":"/>
    <property name="java.security.egd" value="file:///dev/urandom"/>
    <property name="os.version" value="3.10.0-957.12.2.el7.x86_64"/>
    <property name="java.endorsed.dirs" value="/usr/lib/jvm/java-1.8-openjdk/jre/lib/endorsed"/>
    <property name="java.runtime.name" value="OpenJDK Runtime Environment"/>
    <property name="file.encoding" value="UTF-8"/>
    <property name="java.vm.name" value="OpenJDK 64-Bit Server VM"/>
    <property name="test.build.webapps" value=""/>
    <property name="localRepository" value="/home/user/.m2/repository"/>
    <property name="java.vendor.url.bug" value="https://icedtea.classpath.org/bugzilla"/>
    <property name="java.io.tmpdir" value="/tmp"/>
    <property name="require.test.libhadoop" value=""/>
    <property name="java.version" value="1.8.0_212"/>
    <property name="user.dir" value="/workdir/hadoop-ozone/integration-test"/>
    <property name="os.arch" value="amd64"/>
    <property name="java.vm.specification.name" value="Java Virtual Machine Specification"/>
    <property name="test.build.classes" value="/workdir/hadoop-ozone/integration-test/target/test-classes"/>
    <property name="java.awt.printerjob" value="sun.print.PSPrinterJob"/>
    <property name="sun.os.patch.level" value="unknown"/>
    <property name="hadoop.tmp.dir" value="/workdir/hadoop-ozone/integration-test/target/tmp"/>
    <property name="java.library.path" value="/usr/lib/jvm/java-1.8-openjdk/jre/lib/amd64/server:/usr/lib/jvm/java-1.8-openjdk/jre/lib/amd64:/usr/lib/jvm/java-1.8-openjdk/jre/../lib/amd64:/workdir/hadoop-ozone/integration-test/target/native/target/usr/local/lib:/workdir/hadoop-ozone/integration-test/../../hadoop-common-project/hadoop-common/target/native/target/usr/local/lib:/usr/java/packages/lib/amd64:/usr/lib64:/lib64:/lib:/usr/lib"/>
    <property name="java.vm.info" value="mixed mode"/>
    <property name="java.vendor" value="IcedTea"/>
    <property name="java.vm.version" value="25.212-b04"/>
    <property name="java.ext.dirs" value="/usr/lib/jvm/java-1.8-openjdk/jre/lib/ext:/usr/java/packages/lib/ext"/>
    <property name="sun.io.unicode.encoding" value="UnicodeLittle"/>
    <property name="java.class.version" value="52.0"/>
  </properties>
  <testcase name="testGroupMismatchExceptionHandling" classname="org.apache.hadoop.ozone.client.rpc.TestOzoneClientRetriesOnException" time="22.741">
    <error type="java.lang.IllegalArgumentException">java.lang.IllegalArgumentException
	at com.google.common.base.Preconditions.checkArgument(Preconditions.java:72)
	at org.apache.hadoop.hdds.scm.XceiverClientManager.acquireClient(XceiverClientManager.java:123)
	at org.apache.hadoop.hdds.scm.storage.BlockInputStream.getChunkInfos(BlockInputStream.java:154)
	at org.apache.hadoop.hdds.scm.storage.BlockInputStream.initialize(BlockInputStream.java:118)
	at org.apache.hadoop.hdds.scm.storage.BlockInputStream.read(BlockInputStream.java:222)
	at org.apache.hadoop.ozone.client.io.KeyInputStream.read(KeyInputStream.java:171)
	at org.apache.hadoop.ozone.client.io.OzoneInputStream.read(OzoneInputStream.java:47)
	at java.io.InputStream.read(InputStream.java:101)
	at org.apache.hadoop.ozone.container.ContainerTestHelper.validateData(ContainerTestHelper.java:709)
	at org.apache.hadoop.ozone.client.rpc.TestOzoneClientRetriesOnException.validateData(TestOzoneClientRetriesOnException.java:231)
	at org.apache.hadoop.ozone.client.rpc.TestOzoneClientRetriesOnException.testGroupMismatchExceptionHandling(TestOzoneClientRetriesOnException.java:160)
	at sun.reflect.NativeMethodAccessorImpl.invoke0(Native Method)
	at sun.reflect.NativeMethodAccessorImpl.invoke(NativeMethodAccessorImpl.java:62)
	at sun.reflect.DelegatingMethodAccessorImpl.invoke(DelegatingMethodAccessorImpl.java:43)
	at java.lang.reflect.Method.invoke(Method.java:498)
	at org.junit.runners.model.FrameworkMethod$1.runReflectiveCall(FrameworkMethod.java:47)
	at org.junit.internal.runners.model.ReflectiveCallable.run(ReflectiveCallable.java:12)
	at org.junit.runners.model.FrameworkMethod.invokeExplosively(FrameworkMethod.java:44)
	at org.junit.internal.runners.statements.InvokeMethod.evaluate(InvokeMethod.java:17)
	at org.junit.internal.runners.statements.RunBefores.evaluate(RunBefores.java:26)
	at org.junit.internal.runners.statements.RunAfters.evaluate(RunAfters.java:27)
	at org.junit.runners.ParentRunner.runLeaf(ParentRunner.java:271)
	at org.junit.runners.BlockJUnit4ClassRunner.runChild(BlockJUnit4ClassRunner.java:70)
	at org.junit.runners.BlockJUnit4ClassRunner.runChild(BlockJUnit4ClassRunner.java:50)
	at org.junit.runners.ParentRunner$3.run(ParentRunner.java:238)
	at org.junit.runners.ParentRunner$1.schedule(ParentRunner.java:63)
	at org.junit.runners.ParentRunner.runChildren(ParentRunner.java:236)
	at org.junit.runners.ParentRunner.access$000(ParentRunner.java:53)
	at org.junit.runners.ParentRunner$2.evaluate(ParentRunner.java:229)
	at org.junit.runners.ParentRunner.run(ParentRunner.java:309)
	at org.apache.maven.surefire.junit4.JUnit4Provider.execute(JUnit4Provider.java:365)
	at org.apache.maven.surefire.junit4.JUnit4Provider.executeWithRerun(JUnit4Provider.java:273)
	at org.apache.maven.surefire.junit4.JUnit4Provider.executeTestSet(JUnit4Provider.java:238)
	at org.apache.maven.surefire.junit4.JUnit4Provider.invoke(JUnit4Provider.java:159)
	at org.apache.maven.surefire.booter.ForkedBooter.invokeProviderInSameClassLoader(ForkedBooter.java:384)
	at org.apache.maven.surefire.booter.ForkedBooter.runSuitesInProcess(ForkedBooter.java:345)
	at org.apache.maven.surefire.booter.ForkedBooter.execute(ForkedBooter.java:126)
	at org.apache.maven.surefire.booter.ForkedBooter.main(ForkedBooter.java:418)
</error>
    <system-out><![CDATA[2019-07-16 14:41:11,993 WARN  server.ServerUtils (ServerUtils.java:getScmDbDir(145)) - ozone.scm.db.dirs is not configured. We recommend adding this setting. Falling back to ozone.metadata.dirs instead.
2019-07-16 14:41:12,083 WARN  server.ServerUtils (ServerUtils.java:getScmDbDir(145)) - ozone.scm.db.dirs is not configured. We recommend adding this setting. Falling back to ozone.metadata.dirs instead.
2019-07-16 14:41:12,086 WARN  server.ServerUtils (ServerUtils.java:getScmDbDir(145)) - ozone.scm.db.dirs is not configured. We recommend adding this setting. Falling back to ozone.metadata.dirs instead.
2019-07-16 14:41:12,103 INFO  util.log (Log.java:initialized(192)) - Logging initialized @890ms
2019-07-16 14:41:12,185 INFO  db.DBStoreBuilder (DBStoreBuilder.java:addTable(110)) - using custom profile for table: deletedBlocks
2019-07-16 14:41:12,185 INFO  db.DBStoreBuilder (DBStoreBuilder.java:processTables(161)) - Using default column profile:DBProfile.DISK for Table:deletedBlocks
2019-07-16 14:41:12,185 INFO  db.DBStoreBuilder (DBStoreBuilder.java:addTable(110)) - using custom profile for table: validCerts
2019-07-16 14:41:12,186 INFO  db.DBStoreBuilder (DBStoreBuilder.java:processTables(161)) - Using default column profile:DBProfile.DISK for Table:validCerts
2019-07-16 14:41:12,186 INFO  db.DBStoreBuilder (DBStoreBuilder.java:addTable(110)) - using custom profile for table: revokedCerts
2019-07-16 14:41:12,186 INFO  db.DBStoreBuilder (DBStoreBuilder.java:processTables(161)) - Using default column profile:DBProfile.DISK for Table:revokedCerts
2019-07-16 14:41:12,196 INFO  db.DBStoreBuilder (DBStoreBuilder.java:addTable(110)) - using custom profile for table: default
2019-07-16 14:41:12,196 INFO  db.DBStoreBuilder (DBStoreBuilder.java:processTables(167)) - Using default column profile:DBProfile.DISK for Table:default
2019-07-16 14:41:12,197 INFO  db.DBStoreBuilder (DBStoreBuilder.java:getDbProfile(198)) - Using default options. DBProfile.DISK
2019-07-16 14:41:12,308 INFO  net.NodeSchemaLoader (NodeSchemaLoader.java:loadSchemaFromFile(125)) - Loading file from sun.misc.CompoundEnumeration@20ce78ec
2019-07-16 14:41:12,317 INFO  net.NodeSchemaLoader (NodeSchemaLoader.java:loadSchema(171)) - Loading network topology layer schema file
2019-07-16 14:41:12,400 WARN  server.ServerUtils (ServerUtils.java:sanitizeUserArgs(70)) - ozone.scm.stale.node.interval value = 300000 is larger than max = 100000 based on the key value of ozone.scm.heartbeat.thread.interval, reset to the max value 100000.
2019-07-16 14:41:12,401 WARN  server.ServerUtils (ServerUtils.java:sanitizeUserArgs(70)) - ozone.scm.stale.node.interval value = 300000 is larger than max = 100000 based on the key value of ozone.scm.heartbeat.thread.interval, reset to the max value 100000.
2019-07-16 14:41:12,404 INFO  node.SCMNodeManager (SCMNodeManager.java:<init>(119)) - Entering startup safe mode.
2019-07-16 14:41:12,485 WARN  server.ServerUtils (ServerUtils.java:getScmDbDir(145)) - ozone.scm.db.dirs is not configured. We recommend adding this setting. Falling back to ozone.metadata.dirs instead.
2019-07-16 14:41:12,541 INFO  pipeline.SCMPipelineManager (SCMPipelineManager.java:initializePipelineState(126)) - No pipeline exists in current db
2019-07-16 14:41:12,544 WARN  server.ServerUtils (ServerUtils.java:getScmDbDir(145)) - ozone.scm.db.dirs is not configured. We recommend adding this setting. Falling back to ozone.metadata.dirs instead.
2019-07-16 14:41:12,623 WARN  events.EventQueue (EventQueue.java:fireEvent(175)) - No event handler registered for event TypedEvent{payloadType=SafeModeStatus, name='SafeModeStatus'}
2019-07-16 14:41:12,953 INFO  ipc.CallQueueManager (CallQueueManager.java:<init>(84)) - Using callQueue: class java.util.concurrent.LinkedBlockingQueue, queueCapacity: 2000, scheduler: class org.apache.hadoop.ipc.DefaultRpcScheduler, ipcBackoff: false.
2019-07-16 14:41:12,981 INFO  ipc.Server (Server.java:run(1074)) - Starting Socket Reader #1 for port 44046
2019-07-16 14:41:13,003 INFO  ipc.CallQueueManager (CallQueueManager.java:<init>(84)) - Using callQueue: class java.util.concurrent.LinkedBlockingQueue, queueCapacity: 2000, scheduler: class org.apache.hadoop.ipc.DefaultRpcScheduler, ipcBackoff: false.
2019-07-16 14:41:13,005 INFO  ipc.Server (Server.java:run(1074)) - Starting Socket Reader #1 for port 43745
2019-07-16 14:41:13,012 INFO  ipc.CallQueueManager (CallQueueManager.java:<init>(84)) - Using callQueue: class java.util.concurrent.LinkedBlockingQueue, queueCapacity: 2000, scheduler: class org.apache.hadoop.ipc.DefaultRpcScheduler, ipcBackoff: false.
2019-07-16 14:41:13,013 INFO  ipc.Server (Server.java:run(1074)) - Starting Socket Reader #1 for port 41241
2019-07-16 14:41:13,130 INFO  hdfs.DFSUtil (DFSUtil.java:httpServerTemplateForNNAndJN(1641)) - Starting Web-server for scm at: http://0.0.0.0:0
2019-07-16 14:41:13,293 INFO  server.AuthenticationFilter (AuthenticationFilter.java:constructSecretProvider(240)) - Unable to initialize FileSignerSecretProvider, falling back to use random secrets.
2019-07-16 14:41:13,300 WARN  http.HttpRequestLog (HttpRequestLog.java:getRequestLog(97)) - Jetty request log can only be enabled using Log4j
2019-07-16 14:41:13,306 INFO  http.HttpServer2 (HttpServer2.java:addGlobalFilter(975)) - Added global filter 'safety' (class=org.apache.hadoop.http.HttpServer2$QuotingInputFilter)
2019-07-16 14:41:13,308 INFO  http.HttpServer2 (HttpServer2.java:addFilter(948)) - Added filter static_user_filter (class=org.apache.hadoop.http.lib.StaticUserWebFilter$StaticUserFilter) to context scm
2019-07-16 14:41:13,309 INFO  http.HttpServer2 (HttpServer2.java:addFilter(958)) - Added filter static_user_filter (class=org.apache.hadoop.http.lib.StaticUserWebFilter$StaticUserFilter) to context static
2019-07-16 14:41:13,309 INFO  http.HttpServer2 (HttpServer2.java:addFilter(958)) - Added filter static_user_filter (class=org.apache.hadoop.http.lib.StaticUserWebFilter$StaticUserFilter) to context logs
2019-07-16 14:41:13,331 INFO  server.StorageContainerManager (StorageContainerManager.java:start(753)) - StorageContainerLocationProtocol RPC server is listening at /0.0.0.0:41241
2019-07-16 14:41:13,376 WARN  impl.MetricsConfig (MetricsConfig.java:loadFirst(134)) - Cannot locate configuration: tried hadoop-metrics2-storagecontainermanager.properties,hadoop-metrics2.properties
2019-07-16 14:41:13,387 INFO  impl.MetricsSystemImpl (MetricsSystemImpl.java:startTimer(374)) - Scheduled Metric snapshot period at 10 second(s).
2019-07-16 14:41:13,388 INFO  impl.MetricsSystemImpl (MetricsSystemImpl.java:start(191)) - StorageContainerManager metrics system started
2019-07-16 14:41:13,563 INFO  server.SCMClientProtocolServer (SCMClientProtocolServer.java:start(149)) - RPC server for Client  is listening at /0.0.0.0:41241
2019-07-16 14:41:13,563 INFO  ipc.Server (Server.java:run(1314)) - IPC Server Responder: starting
2019-07-16 14:41:13,564 INFO  ipc.Server (Server.java:run(1153)) - IPC Server listener on 41241: starting
2019-07-16 14:41:13,569 INFO  server.StorageContainerManager (StorageContainerManager.java:start(762)) - ScmBlockLocationProtocol RPC server is listening at /0.0.0.0:43745
2019-07-16 14:41:13,569 INFO  server.SCMBlockProtocolServer (SCMBlockProtocolServer.java:start(137)) - RPC server for Block Protocol is listening at /0.0.0.0:43745
2019-07-16 14:41:13,570 INFO  ipc.Server (Server.java:run(1314)) - IPC Server Responder: starting
2019-07-16 14:41:13,570 INFO  ipc.Server (Server.java:run(1153)) - IPC Server listener on 43745: starting
2019-07-16 14:41:13,575 INFO  server.StorageContainerManager (StorageContainerManager.java:start(766)) - ScmDatanodeProtocl RPC server is listening at /0.0.0.0:44046
2019-07-16 14:41:13,575 INFO  server.SCMDatanodeProtocolServer (SCMDatanodeProtocolServer.java:start(191)) - RPC server for DataNodes is listening at /0.0.0.0:44046
2019-07-16 14:41:13,577 INFO  ipc.Server (Server.java:run(1314)) - IPC Server Responder: starting
2019-07-16 14:41:13,577 INFO  ipc.Server (Server.java:run(1153)) - IPC Server listener on 44046: starting
2019-07-16 14:41:13,587 INFO  http.HttpServer2 (HttpServer2.java:bindListener(1191)) - Jetty bound to port 42066
2019-07-16 14:41:13,589 INFO  server.Server (Server.java:doStart(351)) - jetty-9.3.24.v20180605, build timestamp: 2018-06-05T17:11:56Z, git hash: 84205aa28f11a4f31f2a3b86d1bba2cc8ab69827
2019-07-16 14:41:13,623 INFO  handler.ContextHandler (ContextHandler.java:doStart(781)) - Started o.e.j.s.ServletContextHandler@6127a7e{/logs,file:///workdir/hadoop-ozone/integration-test/target/log,AVAILABLE}
2019-07-16 14:41:13,623 INFO  handler.ContextHandler (ContextHandler.java:doStart(781)) - Started o.e.j.s.ServletContextHandler@495fac5f{/static,file:///workdir/hadoop-ozone/integration-test/target/test-classes/webapps/static,AVAILABLE}
2019-07-16 14:41:13,648 INFO  handler.ContextHandler (ContextHandler.java:doStart(781)) - Started o.e.j.w.WebAppContext@31024624{/,file:///workdir/hadoop-ozone/integration-test/target/test-classes/webapps/scm/,AVAILABLE}{/scm}
2019-07-16 14:41:13,653 INFO  server.AbstractConnector (AbstractConnector.java:doStart(278)) - Started ServerConnector@72ccd81a{HTTP/1.1,[http/1.1]}{0.0.0.0:42066}
2019-07-16 14:41:13,653 INFO  server.Server (Server.java:doStart(419)) - Started @2439ms
2019-07-16 14:41:13,654 INFO  server.BaseHttpServer (BaseHttpServer.java:updateConnectorAddress(207)) - HTTP server of SCM is listening at http://0.0.0.0:42066
2019-07-16 14:41:13,660 INFO  util.JvmPauseMonitor (JvmPauseMonitor.java:run(188)) - Starting JVM pause monitor
2019-07-16 14:41:13,661 WARN  server.ServerUtils (ServerUtils.java:getDBPath(222)) - ozone.om.db.dirs is not configured. We recommend adding this setting. Falling back to ozone.metadata.dirs instead.
2019-07-16 14:41:13,770 WARN  server.ServerUtils (ServerUtils.java:getDBPath(222)) - ozone.om.db.dirs is not configured. We recommend adding this setting. Falling back to ozone.metadata.dirs instead.
2019-07-16 14:41:13,772 INFO  om.OzoneManager (OzoneManager.java:setOMNodeDetails(630)) - OM Service ID is not set. Setting it to the default ID: omServiceIdDefault
2019-07-16 14:41:13,772 INFO  om.OzoneManager (OzoneManager.java:setOMNodeDetails(636)) - OM Node ID is not set. Setting it to the OmStorage's OmID: 12041798-dbf3-4ec5-ab3e-1c283fb0f65f
2019-07-16 14:41:13,774 INFO  om.OzoneManager (OzoneManager.java:loadOMHAConfigs(587)) - Found matching OM address with OMServiceId: null, OMNodeId: null, RPC Address: localhost:0 and Ratis port: 9872
2019-07-16 14:41:14,070 WARN  server.ServerUtils (ServerUtils.java:getDBPath(222)) - ozone.om.db.dirs is not configured. We recommend adding this setting. Falling back to ozone.metadata.dirs instead.
2019-07-16 14:41:14,080 INFO  db.DBStoreBuilder (DBStoreBuilder.java:addTable(110)) - using custom profile for table: userTable
2019-07-16 14:41:14,080 INFO  db.DBStoreBuilder (DBStoreBuilder.java:processTables(161)) - Using default column profile:DBProfile.DISK for Table:userTable
2019-07-16 14:41:14,081 INFO  db.DBStoreBuilder (DBStoreBuilder.java:addTable(110)) - using custom profile for table: volumeTable
2019-07-16 14:41:14,081 INFO  db.DBStoreBuilder (DBStoreBuilder.java:processTables(161)) - Using default column profile:DBProfile.DISK for Table:volumeTable
2019-07-16 14:41:14,082 INFO  db.DBStoreBuilder (DBStoreBuilder.java:addTable(110)) - using custom profile for table: bucketTable
2019-07-16 14:41:14,082 INFO  db.DBStoreBuilder (DBStoreBuilder.java:processTables(161)) - Using default column profile:DBProfile.DISK for Table:bucketTable
2019-07-16 14:41:14,083 INFO  db.DBStoreBuilder (DBStoreBuilder.java:addTable(110)) - using custom profile for table: keyTable
2019-07-16 14:41:14,083 INFO  db.DBStoreBuilder (DBStoreBuilder.java:processTables(161)) - Using default column profile:DBProfile.DISK for Table:keyTable
2019-07-16 14:41:14,083 INFO  db.DBStoreBuilder (DBStoreBuilder.java:addTable(110)) - using custom profile for table: deletedTable
2019-07-16 14:41:14,083 INFO  db.DBStoreBuilder (DBStoreBuilder.java:processTables(161)) - Using default column profile:DBProfile.DISK for Table:deletedTable
2019-07-16 14:41:14,084 INFO  db.DBStoreBuilder (DBStoreBuilder.java:addTable(110)) - using custom profile for table: openKeyTable
2019-07-16 14:41:14,084 INFO  db.DBStoreBuilder (DBStoreBuilder.java:processTables(161)) - Using default column profile:DBProfile.DISK for Table:openKeyTable
2019-07-16 14:41:14,085 INFO  db.DBStoreBuilder (DBStoreBuilder.java:addTable(110)) - using custom profile for table: s3Table
2019-07-16 14:41:14,085 INFO  db.DBStoreBuilder (DBStoreBuilder.java:processTables(161)) - Using default column profile:DBProfile.DISK for Table:s3Table
2019-07-16 14:41:14,085 INFO  db.DBStoreBuilder (DBStoreBuilder.java:addTable(110)) - using custom profile for table: multipartInfoTable
2019-07-16 14:41:14,085 INFO  db.DBStoreBuilder (DBStoreBuilder.java:processTables(161)) - Using default column profile:DBProfile.DISK for Table:multipartInfoTable
2019-07-16 14:41:14,086 INFO  db.DBStoreBuilder (DBStoreBuilder.java:addTable(110)) - using custom profile for table: dTokenTable
2019-07-16 14:41:14,086 INFO  db.DBStoreBuilder (DBStoreBuilder.java:processTables(161)) - Using default column profile:DBProfile.DISK for Table:dTokenTable
2019-07-16 14:41:14,087 INFO  db.DBStoreBuilder (DBStoreBuilder.java:addTable(110)) - using custom profile for table: s3SecretTable
2019-07-16 14:41:14,087 INFO  db.DBStoreBuilder (DBStoreBuilder.java:processTables(161)) - Using default column profile:DBProfile.DISK for Table:s3SecretTable
2019-07-16 14:41:14,087 INFO  db.DBStoreBuilder (DBStoreBuilder.java:addTable(110)) - using custom profile for table: prefixTable
2019-07-16 14:41:14,088 INFO  db.DBStoreBuilder (DBStoreBuilder.java:processTables(161)) - Using default column profile:DBProfile.DISK for Table:prefixTable
2019-07-16 14:41:14,088 INFO  db.DBStoreBuilder (DBStoreBuilder.java:addTable(110)) - using custom profile for table: default
2019-07-16 14:41:14,088 INFO  db.DBStoreBuilder (DBStoreBuilder.java:processTables(167)) - Using default column profile:DBProfile.DISK for Table:default
2019-07-16 14:41:14,088 INFO  db.DBStoreBuilder (DBStoreBuilder.java:getDbProfile(198)) - Using default options. DBProfile.DISK
2019-07-16 14:41:14,807 INFO  ipc.CallQueueManager (CallQueueManager.java:<init>(84)) - Using callQueue: class java.util.concurrent.LinkedBlockingQueue, queueCapacity: 2000, scheduler: class org.apache.hadoop.ipc.DefaultRpcScheduler, ipcBackoff: false.
2019-07-16 14:41:14,809 INFO  ipc.Server (Server.java:run(1074)) - Starting Socket Reader #1 for port 46420
2019-07-16 14:41:14,837 WARN  server.ServerUtils (ServerUtils.java:getDBPath(222)) - ozone.om.db.dirs is not configured. We recommend adding this setting. Falling back to ozone.metadata.dirs instead.
2019-07-16 14:41:14,837 INFO  om.OzoneManager (OzoneManager.java:start(1228)) - OzoneManager RPC server is listening at localhost/127.0.0.1:46420
2019-07-16 14:41:14,837 INFO  impl.MetricsSystemImpl (MetricsSystemImpl.java:init(158)) - OzoneManager metrics system started (again)
2019-07-16 14:41:14,839 INFO  ipc.Server (Server.java:run(1314)) - IPC Server Responder: starting
2019-07-16 14:41:14,839 INFO  ipc.Server (Server.java:run(1153)) - IPC Server listener on 46420: starting
2019-07-16 14:41:14,851 INFO  hdfs.DFSUtil (DFSUtil.java:httpServerTemplateForNNAndJN(1641)) - Starting Web-server for ozoneManager at: http://0.0.0.0:0
2019-07-16 14:41:14,853 INFO  server.AuthenticationFilter (AuthenticationFilter.java:constructSecretProvider(240)) - Unable to initialize FileSignerSecretProvider, falling back to use random secrets.
2019-07-16 14:41:14,853 WARN  http.HttpRequestLog (HttpRequestLog.java:getRequestLog(97)) - Jetty request log can only be enabled using Log4j
2019-07-16 14:41:14,855 INFO  http.HttpServer2 (HttpServer2.java:addGlobalFilter(975)) - Added global filter 'safety' (class=org.apache.hadoop.http.HttpServer2$QuotingInputFilter)
2019-07-16 14:41:14,856 INFO  http.HttpServer2 (HttpServer2.java:addFilter(948)) - Added filter static_user_filter (class=org.apache.hadoop.http.lib.StaticUserWebFilter$StaticUserFilter) to context ozoneManager
2019-07-16 14:41:14,856 INFO  http.HttpServer2 (HttpServer2.java:addFilter(958)) - Added filter static_user_filter (class=org.apache.hadoop.http.lib.StaticUserWebFilter$StaticUserFilter) to context logs
2019-07-16 14:41:14,856 INFO  http.HttpServer2 (HttpServer2.java:addFilter(958)) - Added filter static_user_filter (class=org.apache.hadoop.http.lib.StaticUserWebFilter$StaticUserFilter) to context static
2019-07-16 14:41:14,858 INFO  http.HttpServer2 (HttpServer2.java:bindListener(1191)) - Jetty bound to port 42972
2019-07-16 14:41:14,858 INFO  server.Server (Server.java:doStart(351)) - jetty-9.3.24.v20180605, build timestamp: 2018-06-05T17:11:56Z, git hash: 84205aa28f11a4f31f2a3b86d1bba2cc8ab69827
2019-07-16 14:41:14,861 INFO  handler.ContextHandler (ContextHandler.java:doStart(781)) - Started o.e.j.s.ServletContextHandler@3fbfa96{/logs,file:///workdir/hadoop-ozone/integration-test/target/log,AVAILABLE}
2019-07-16 14:41:14,861 INFO  handler.ContextHandler (ContextHandler.java:doStart(781)) - Started o.e.j.s.ServletContextHandler@466d49f0{/static,file:///workdir/hadoop-ozone/integration-test/target/test-classes/webapps/static,AVAILABLE}
2019-07-16 14:41:14,879 INFO  handler.ContextHandler (ContextHandler.java:doStart(781)) - Started o.e.j.w.WebAppContext@75f2099{/,file:///workdir/hadoop-ozone/integration-test/target/test-classes/webapps/ozoneManager/,AVAILABLE}{/ozoneManager}
2019-07-16 14:41:14,880 INFO  server.AbstractConnector (AbstractConnector.java:doStart(278)) - Started ServerConnector@1c12f3ee{HTTP/1.1,[http/1.1]}{0.0.0.0:42972}
2019-07-16 14:41:14,880 INFO  server.Server (Server.java:doStart(419)) - Started @3667ms
2019-07-16 14:41:14,881 INFO  server.BaseHttpServer (BaseHttpServer.java:updateConnectorAddress(207)) - HTTP server of OZONEMANAGER is listening at http://0.0.0.0:42972
2019-07-16 14:41:15,180 INFO  impl.MetricsSystemImpl (MetricsSystemImpl.java:init(158)) - HddsDatanode metrics system started (again)
2019-07-16 14:41:15,265 INFO  ozone.HddsDatanodeService (HddsDatanodeService.java:start(185)) - HddsDatanodeService host:byscane-nightly-ppzk5-1864156943 ip:192.168.5.141
2019-07-16 14:41:15,293 INFO  volume.HddsVolume (HddsVolume.java:<init>(176)) - Creating Volume: /workdir/hadoop-ozone/integration-test/target/test-dir/MiniOzoneClusterImpl-654f8f73-ed3e-46e1-aeb9-b0ce3cfc6d3c/datanode-0/data/containers/hdds of  storage type : DISK and capacity : 52710309888
2019-07-16 14:41:15,295 INFO  volume.VolumeSet (VolumeSet.java:initializeVolumeSet(170)) - Added Volume : /workdir/hadoop-ozone/integration-test/target/test-dir/MiniOzoneClusterImpl-654f8f73-ed3e-46e1-aeb9-b0ce3cfc6d3c/datanode-0/data/containers/hdds to VolumeSet
2019-07-16 14:41:15,298 INFO  volume.ThrottledAsyncChecker (ThrottledAsyncChecker.java:schedule(140)) - Scheduling a check for org.apache.hadoop.ozone.container.common.volume.HddsVolume@6e1d4137
2019-07-16 14:41:15,316 INFO  volume.HddsVolumeChecker (HddsVolumeChecker.java:checkAllVolumes(203)) - Scheduled health check for volume org.apache.hadoop.ozone.container.common.volume.HddsVolume@6e1d4137
2019-07-16 14:41:15,431 INFO  impl.RaftServerProxy (ConfUtils.java:logGet(43)) - raft.rpc.type = GRPC (default)
2019-07-16 14:41:15,495 INFO  grpc.GrpcFactory (GrpcFactory.java:checkPooledByteBufAllocatorUseCacheForAllThreads(45)) - PERFORMANCE WARNING: useCacheForAllThreads is true that may cause Netty to create a lot garbage objects and, as a result, trigger GC.
	It is recommended to disable useCacheForAllThreads by setting -Dorg.apache.ratis.thirdparty.io.netty.allocator.useCacheForAllThreads=false in command line.
2019-07-16 14:41:15,500 INFO  grpc.GrpcConfigKeys$Server (ConfUtils.java:logGet(43)) - raft.grpc.server.port = 0 (default)
2019-07-16 14:41:15,501 INFO  server.GrpcService (ConfUtils.java:logGet(43)) - raft.grpc.message.size.max = 33570816 (custom)
2019-07-16 14:41:15,503 INFO  server.RaftServerConfigKeys (ConfUtils.java:logGet(43)) - raft.server.log.appender.buffer.byte-limit = 33554432 (custom)
2019-07-16 14:41:15,503 INFO  server.GrpcService (ConfUtils.java:logGet(43)) - raft.grpc.flow.control.window = 1MB (=1048576) (default)
2019-07-16 14:41:15,504 INFO  server.RaftServerConfigKeys (ConfUtils.java:logGet(43)) - raft.server.rpc.request.timeout = 3000ms (default)
2019-07-16 14:41:15,664 INFO  server.RaftServerConfigKeys (ConfUtils.java:logGet(43)) - raft.server.storage.dir = [/workdir/hadoop-ozone/integration-test/target/test-dir/MiniOzoneClusterImpl-654f8f73-ed3e-46e1-aeb9-b0ce3cfc6d3c/datanode-0/data/ratis] (custom)
2019-07-16 14:41:15,700 INFO  replication.SimpleContainerDownloader (SimpleContainerDownloader.java:<init>(72)) - Starting container downloader service to copy containers to replicate.
2019-07-16 14:41:15,713 INFO  hdfs.DFSUtil (DFSUtil.java:httpServerTemplateForNNAndJN(1641)) - Starting Web-server for hddsDatanode at: http://0.0.0.0:0
2019-07-16 14:41:15,716 INFO  server.AuthenticationFilter (AuthenticationFilter.java:constructSecretProvider(240)) - Unable to initialize FileSignerSecretProvider, falling back to use random secrets.
2019-07-16 14:41:15,717 WARN  http.HttpRequestLog (HttpRequestLog.java:getRequestLog(97)) - Jetty request log can only be enabled using Log4j
2019-07-16 14:41:15,720 INFO  http.HttpServer2 (HttpServer2.java:addGlobalFilter(975)) - Added global filter 'safety' (class=org.apache.hadoop.http.HttpServer2$QuotingInputFilter)
2019-07-16 14:41:15,721 INFO  http.HttpServer2 (HttpServer2.java:addFilter(948)) - Added filter static_user_filter (class=org.apache.hadoop.http.lib.StaticUserWebFilter$StaticUserFilter) to context hddsDatanode
2019-07-16 14:41:15,721 INFO  http.HttpServer2 (HttpServer2.java:addFilter(958)) - Added filter static_user_filter (class=org.apache.hadoop.http.lib.StaticUserWebFilter$StaticUserFilter) to context static
2019-07-16 14:41:15,721 INFO  http.HttpServer2 (HttpServer2.java:addFilter(958)) - Added filter static_user_filter (class=org.apache.hadoop.http.lib.StaticUserWebFilter$StaticUserFilter) to context logs
2019-07-16 14:41:15,723 INFO  http.HttpServer2 (HttpServer2.java:bindListener(1191)) - Jetty bound to port 35964
2019-07-16 14:41:15,723 INFO  server.Server (Server.java:doStart(351)) - jetty-9.3.24.v20180605, build timestamp: 2018-06-05T17:11:56Z, git hash: 84205aa28f11a4f31f2a3b86d1bba2cc8ab69827
2019-07-16 14:41:15,726 INFO  handler.ContextHandler (ContextHandler.java:doStart(781)) - Started o.e.j.s.ServletContextHandler@720bf653{/logs,file:///workdir/hadoop-ozone/integration-test/target/log,AVAILABLE}
2019-07-16 14:41:15,727 INFO  handler.ContextHandler (ContextHandler.java:doStart(781)) - Started o.e.j.s.ServletContextHandler@4edef76c{/static,jar:file:/home/user/.m2/repository/org/apache/hadoop/hadoop-hdds-container-service/0.4.1-SNAPSHOT/hadoop-hdds-container-service-0.4.1-SNAPSHOT.jar!/webapps/static,AVAILABLE}
2019-07-16 14:41:15,774 INFO  handler.ContextHandler (ContextHandler.java:doStart(781)) - Started o.e.j.w.WebAppContext@48840594{/,file:///tmp/jetty-0.0.0.0-35964-hddsDatanode-_-any-3657910424153927002.dir/webapp/,AVAILABLE}{/hddsDatanode}
2019-07-16 14:41:15,774 INFO  server.AbstractConnector (AbstractConnector.java:doStart(278)) - Started ServerConnector@49c675f0{HTTP/1.1,[http/1.1]}{0.0.0.0:35964}
2019-07-16 14:41:15,789 INFO  server.Server (Server.java:doStart(419)) - Started @4575ms
2019-07-16 14:41:15,790 INFO  server.BaseHttpServer (BaseHttpServer.java:updateConnectorAddress(207)) - HTTP server of HDDSDATANODE is listening at http://0.0.0.0:35964
2019-07-16 14:41:16,892 INFO  ozone.HddsDatanodeService (HddsDatanodeService.java:startPlugins(396)) - Started plug-in org.apache.hadoop.ozone.web.OzoneHddsDatanodeService@4f281aaf
2019-07-16 14:41:16,894 INFO  impl.MetricsSystemImpl (MetricsSystemImpl.java:init(158)) - HddsDatanode metrics system started (again)
2019-07-16 14:41:16,894 INFO  ozone.HddsDatanodeService (HddsDatanodeService.java:start(185)) - HddsDatanodeService host:byscane-nightly-ppzk5-1864156943 ip:192.168.5.141
2019-07-16 14:41:16,901 INFO  util.JvmPauseMonitor (JvmPauseMonitor.java:run(188)) - Starting JVM pause monitor
2019-07-16 14:41:16,905 INFO  volume.HddsVolume (HddsVolume.java:<init>(176)) - Creating Volume: /workdir/hadoop-ozone/integration-test/target/test-dir/MiniOzoneClusterImpl-654f8f73-ed3e-46e1-aeb9-b0ce3cfc6d3c/datanode-1/data/containers/hdds of  storage type : DISK and capacity : 52710309888
2019-07-16 14:41:16,905 INFO  volume.VolumeSet (VolumeSet.java:initializeVolumeSet(170)) - Added Volume : /workdir/hadoop-ozone/integration-test/target/test-dir/MiniOzoneClusterImpl-654f8f73-ed3e-46e1-aeb9-b0ce3cfc6d3c/datanode-1/data/containers/hdds to VolumeSet
2019-07-16 14:41:16,906 INFO  volume.ThrottledAsyncChecker (ThrottledAsyncChecker.java:schedule(140)) - Scheduling a check for org.apache.hadoop.ozone.container.common.volume.HddsVolume@182e7eda
2019-07-16 14:41:16,906 INFO  volume.HddsVolumeChecker (HddsVolumeChecker.java:checkAllVolumes(203)) - Scheduled health check for volume org.apache.hadoop.ozone.container.common.volume.HddsVolume@182e7eda
2019-07-16 14:41:16,924 INFO  impl.RaftServerProxy (ConfUtils.java:logGet(43)) - raft.rpc.type = GRPC (default)
2019-07-16 14:41:16,924 INFO  grpc.GrpcFactory (GrpcFactory.java:checkPooledByteBufAllocatorUseCacheForAllThreads(45)) - PERFORMANCE WARNING: useCacheForAllThreads is true that may cause Netty to create a lot garbage objects and, as a result, trigger GC.
	It is recommended to disable useCacheForAllThreads by setting -Dorg.apache.ratis.thirdparty.io.netty.allocator.useCacheForAllThreads=false in command line.
2019-07-16 14:41:16,925 INFO  grpc.GrpcConfigKeys$Server (ConfUtils.java:logGet(43)) - raft.grpc.server.port = 0 (default)
2019-07-16 14:41:16,925 INFO  server.GrpcService (ConfUtils.java:logGet(43)) - raft.grpc.message.size.max = 33570816 (custom)
2019-07-16 14:41:16,925 INFO  server.RaftServerConfigKeys (ConfUtils.java:logGet(43)) - raft.server.log.appender.buffer.byte-limit = 33554432 (custom)
2019-07-16 14:41:16,925 INFO  server.GrpcService (ConfUtils.java:logGet(43)) - raft.grpc.flow.control.window = 1MB (=1048576) (default)
2019-07-16 14:41:16,926 INFO  server.RaftServerConfigKeys (ConfUtils.java:logGet(43)) - raft.server.rpc.request.timeout = 3000ms (default)
2019-07-16 14:41:16,926 INFO  server.RaftServerConfigKeys (ConfUtils.java:logGet(43)) - raft.server.storage.dir = [/workdir/hadoop-ozone/integration-test/target/test-dir/MiniOzoneClusterImpl-654f8f73-ed3e-46e1-aeb9-b0ce3cfc6d3c/datanode-1/data/ratis] (custom)
2019-07-16 14:41:16,927 INFO  replication.SimpleContainerDownloader (SimpleContainerDownloader.java:<init>(72)) - Starting container downloader service to copy containers to replicate.
2019-07-16 14:41:16,929 INFO  hdfs.DFSUtil (DFSUtil.java:httpServerTemplateForNNAndJN(1641)) - Starting Web-server for hddsDatanode at: http://0.0.0.0:0
2019-07-16 14:41:16,931 INFO  server.AuthenticationFilter (AuthenticationFilter.java:constructSecretProvider(240)) - Unable to initialize FileSignerSecretProvider, falling back to use random secrets.
2019-07-16 14:41:16,933 WARN  http.HttpRequestLog (HttpRequestLog.java:getRequestLog(97)) - Jetty request log can only be enabled using Log4j
2019-07-16 14:41:16,935 INFO  http.HttpServer2 (HttpServer2.java:addGlobalFilter(975)) - Added global filter 'safety' (class=org.apache.hadoop.http.HttpServer2$QuotingInputFilter)
2019-07-16 14:41:16,936 INFO  http.HttpServer2 (HttpServer2.java:addFilter(948)) - Added filter static_user_filter (class=org.apache.hadoop.http.lib.StaticUserWebFilter$StaticUserFilter) to context hddsDatanode
2019-07-16 14:41:16,937 INFO  http.HttpServer2 (HttpServer2.java:addFilter(958)) - Added filter static_user_filter (class=org.apache.hadoop.http.lib.StaticUserWebFilter$StaticUserFilter) to context static
2019-07-16 14:41:16,938 INFO  http.HttpServer2 (HttpServer2.java:addFilter(958)) - Added filter static_user_filter (class=org.apache.hadoop.http.lib.StaticUserWebFilter$StaticUserFilter) to context logs
2019-07-16 14:41:16,939 INFO  http.HttpServer2 (HttpServer2.java:bindListener(1191)) - Jetty bound to port 46435
2019-07-16 14:41:16,940 INFO  server.Server (Server.java:doStart(351)) - jetty-9.3.24.v20180605, build timestamp: 2018-06-05T17:11:56Z, git hash: 84205aa28f11a4f31f2a3b86d1bba2cc8ab69827
2019-07-16 14:41:16,942 INFO  handler.ContextHandler (ContextHandler.java:doStart(781)) - Started o.e.j.s.ServletContextHandler@61191222{/logs,file:///workdir/hadoop-ozone/integration-test/target/log,AVAILABLE}
2019-07-16 14:41:16,943 INFO  handler.ContextHandler (ContextHandler.java:doStart(781)) - Started o.e.j.s.ServletContextHandler@7f3ca64a{/static,jar:file:/home/user/.m2/repository/org/apache/hadoop/hadoop-hdds-container-service/0.4.1-SNAPSHOT/hadoop-hdds-container-service-0.4.1-SNAPSHOT.jar!/webapps/static,AVAILABLE}
2019-07-16 14:41:16,990 INFO  handler.ContextHandler (ContextHandler.java:doStart(781)) - Started o.e.j.w.WebAppContext@787e4357{/,file:///tmp/jetty-0.0.0.0-46435-hddsDatanode-_-any-4297000906881744554.dir/webapp/,AVAILABLE}{/hddsDatanode}
2019-07-16 14:41:16,992 INFO  server.AbstractConnector (AbstractConnector.java:doStart(278)) - Started ServerConnector@392781e{HTTP/1.1,[http/1.1]}{0.0.0.0:46435}
2019-07-16 14:41:16,992 INFO  server.Server (Server.java:doStart(419)) - Started @5778ms
2019-07-16 14:41:16,994 INFO  server.BaseHttpServer (BaseHttpServer.java:updateConnectorAddress(207)) - HTTP server of HDDSDATANODE is listening at http://0.0.0.0:46435
2019-07-16 14:41:17,037 INFO  datanode.InitDatanodeState (InitDatanodeState.java:persistContainerDatanodeDetails(140)) - DatanodeDetails is persisted to /workdir/hadoop-ozone/integration-test/target/test-dir/MiniOzoneClusterImpl-654f8f73-ed3e-46e1-aeb9-b0ce3cfc6d3c/datanode-0/meta/datanode.id
2019-07-16 14:41:17,135 INFO  ozone.HddsDatanodeService (HddsDatanodeService.java:startPlugins(396)) - Started plug-in org.apache.hadoop.ozone.web.OzoneHddsDatanodeService@5927f904
2019-07-16 14:41:17,135 INFO  impl.MetricsSystemImpl (MetricsSystemImpl.java:init(158)) - HddsDatanode metrics system started (again)
2019-07-16 14:41:17,136 INFO  ozone.HddsDatanodeService (HddsDatanodeService.java:start(185)) - HddsDatanodeService host:byscane-nightly-ppzk5-1864156943 ip:192.168.5.141
2019-07-16 14:41:17,137 INFO  util.JvmPauseMonitor (JvmPauseMonitor.java:run(188)) - Starting JVM pause monitor
2019-07-16 14:41:17,148 INFO  volume.HddsVolume (HddsVolume.java:<init>(176)) - Creating Volume: /workdir/hadoop-ozone/integration-test/target/test-dir/MiniOzoneClusterImpl-654f8f73-ed3e-46e1-aeb9-b0ce3cfc6d3c/datanode-2/data/containers/hdds of  storage type : DISK and capacity : 52710309888
2019-07-16 14:41:17,148 INFO  volume.VolumeSet (VolumeSet.java:initializeVolumeSet(170)) - Added Volume : /workdir/hadoop-ozone/integration-test/target/test-dir/MiniOzoneClusterImpl-654f8f73-ed3e-46e1-aeb9-b0ce3cfc6d3c/datanode-2/data/containers/hdds to VolumeSet
2019-07-16 14:41:17,148 INFO  volume.ThrottledAsyncChecker (ThrottledAsyncChecker.java:schedule(140)) - Scheduling a check for org.apache.hadoop.ozone.container.common.volume.HddsVolume@30bbcf91
2019-07-16 14:41:17,149 INFO  datanode.InitDatanodeState (InitDatanodeState.java:persistContainerDatanodeDetails(140)) - DatanodeDetails is persisted to /workdir/hadoop-ozone/integration-test/target/test-dir/MiniOzoneClusterImpl-654f8f73-ed3e-46e1-aeb9-b0ce3cfc6d3c/datanode-1/meta/datanode.id
2019-07-16 14:41:17,149 INFO  volume.HddsVolumeChecker (HddsVolumeChecker.java:checkAllVolumes(203)) - Scheduled health check for volume org.apache.hadoop.ozone.container.common.volume.HddsVolume@30bbcf91
2019-07-16 14:41:17,163 INFO  impl.RaftServerProxy (ConfUtils.java:logGet(43)) - raft.rpc.type = GRPC (default)
2019-07-16 14:41:17,163 INFO  grpc.GrpcFactory (GrpcFactory.java:checkPooledByteBufAllocatorUseCacheForAllThreads(45)) - PERFORMANCE WARNING: useCacheForAllThreads is true that may cause Netty to create a lot garbage objects and, as a result, trigger GC.
	It is recommended to disable useCacheForAllThreads by setting -Dorg.apache.ratis.thirdparty.io.netty.allocator.useCacheForAllThreads=false in command line.
2019-07-16 14:41:17,164 INFO  grpc.GrpcConfigKeys$Server (ConfUtils.java:logGet(43)) - raft.grpc.server.port = 0 (default)
2019-07-16 14:41:17,164 INFO  server.GrpcService (ConfUtils.java:logGet(43)) - raft.grpc.message.size.max = 33570816 (custom)
2019-07-16 14:41:17,164 INFO  server.RaftServerConfigKeys (ConfUtils.java:logGet(43)) - raft.server.log.appender.buffer.byte-limit = 33554432 (custom)
2019-07-16 14:41:17,165 INFO  server.GrpcService (ConfUtils.java:logGet(43)) - raft.grpc.flow.control.window = 1MB (=1048576) (default)
2019-07-16 14:41:17,165 INFO  server.RaftServerConfigKeys (ConfUtils.java:logGet(43)) - raft.server.rpc.request.timeout = 3000ms (default)
2019-07-16 14:41:17,165 INFO  server.RaftServerConfigKeys (ConfUtils.java:logGet(43)) - raft.server.storage.dir = [/workdir/hadoop-ozone/integration-test/target/test-dir/MiniOzoneClusterImpl-654f8f73-ed3e-46e1-aeb9-b0ce3cfc6d3c/datanode-2/data/ratis] (custom)
2019-07-16 14:41:17,166 INFO  replication.SimpleContainerDownloader (SimpleContainerDownloader.java:<init>(72)) - Starting container downloader service to copy containers to replicate.
2019-07-16 14:41:17,167 INFO  hdfs.DFSUtil (DFSUtil.java:httpServerTemplateForNNAndJN(1641)) - Starting Web-server for hddsDatanode at: http://0.0.0.0:0
2019-07-16 14:41:17,169 INFO  server.AuthenticationFilter (AuthenticationFilter.java:constructSecretProvider(240)) - Unable to initialize FileSignerSecretProvider, falling back to use random secrets.
2019-07-16 14:41:17,169 WARN  http.HttpRequestLog (HttpRequestLog.java:getRequestLog(97)) - Jetty request log can only be enabled using Log4j
2019-07-16 14:41:17,170 INFO  http.HttpServer2 (HttpServer2.java:addGlobalFilter(975)) - Added global filter 'safety' (class=org.apache.hadoop.http.HttpServer2$QuotingInputFilter)
2019-07-16 14:41:17,171 INFO  http.HttpServer2 (HttpServer2.java:addFilter(948)) - Added filter static_user_filter (class=org.apache.hadoop.http.lib.StaticUserWebFilter$StaticUserFilter) to context hddsDatanode
2019-07-16 14:41:17,171 INFO  http.HttpServer2 (HttpServer2.java:addFilter(958)) - Added filter static_user_filter (class=org.apache.hadoop.http.lib.StaticUserWebFilter$StaticUserFilter) to context logs
2019-07-16 14:41:17,171 INFO  http.HttpServer2 (HttpServer2.java:addFilter(958)) - Added filter static_user_filter (class=org.apache.hadoop.http.lib.StaticUserWebFilter$StaticUserFilter) to context static
2019-07-16 14:41:17,172 INFO  http.HttpServer2 (HttpServer2.java:bindListener(1191)) - Jetty bound to port 41823
2019-07-16 14:41:17,172 INFO  server.Server (Server.java:doStart(351)) - jetty-9.3.24.v20180605, build timestamp: 2018-06-05T17:11:56Z, git hash: 84205aa28f11a4f31f2a3b86d1bba2cc8ab69827
2019-07-16 14:41:17,176 INFO  handler.ContextHandler (ContextHandler.java:doStart(781)) - Started o.e.j.s.ServletContextHandler@553d2579{/logs,file:///workdir/hadoop-ozone/integration-test/target/log,AVAILABLE}
2019-07-16 14:41:17,177 INFO  handler.ContextHandler (ContextHandler.java:doStart(781)) - Started o.e.j.s.ServletContextHandler@1ac730cd{/static,jar:file:/home/user/.m2/repository/org/apache/hadoop/hadoop-hdds-container-service/0.4.1-SNAPSHOT/hadoop-hdds-container-service-0.4.1-SNAPSHOT.jar!/webapps/static,AVAILABLE}
2019-07-16 14:41:17,217 INFO  handler.ContextHandler (ContextHandler.java:doStart(781)) - Started o.e.j.w.WebAppContext@421d54b3{/,file:///tmp/jetty-0.0.0.0-41823-hddsDatanode-_-any-4538143009214244334.dir/webapp/,AVAILABLE}{/hddsDatanode}
2019-07-16 14:41:17,218 INFO  server.AbstractConnector (AbstractConnector.java:doStart(278)) - Started ServerConnector@63f40ca0{HTTP/1.1,[http/1.1]}{0.0.0.0:41823}
2019-07-16 14:41:17,220 INFO  server.Server (Server.java:doStart(419)) - Started @6006ms
2019-07-16 14:41:17,221 INFO  server.BaseHttpServer (BaseHttpServer.java:updateConnectorAddress(207)) - HTTP server of HDDSDATANODE is listening at http://0.0.0.0:41823
2019-07-16 14:41:17,382 INFO  ozone.HddsDatanodeService (HddsDatanodeService.java:startPlugins(396)) - Started plug-in org.apache.hadoop.ozone.web.OzoneHddsDatanodeService@b5ac0c1
2019-07-16 14:41:17,383 INFO  impl.MetricsSystemImpl (MetricsSystemImpl.java:init(158)) - HddsDatanode metrics system started (again)
2019-07-16 14:41:17,383 INFO  ozone.HddsDatanodeService (HddsDatanodeService.java:start(185)) - HddsDatanodeService host:byscane-nightly-ppzk5-1864156943 ip:192.168.5.141
2019-07-16 14:41:17,385 INFO  util.JvmPauseMonitor (JvmPauseMonitor.java:run(188)) - Starting JVM pause monitor
2019-07-16 14:41:17,388 INFO  datanode.InitDatanodeState (InitDatanodeState.java:persistContainerDatanodeDetails(140)) - DatanodeDetails is persisted to /workdir/hadoop-ozone/integration-test/target/test-dir/MiniOzoneClusterImpl-654f8f73-ed3e-46e1-aeb9-b0ce3cfc6d3c/datanode-2/meta/datanode.id
2019-07-16 14:41:17,393 INFO  volume.HddsVolume (HddsVolume.java:<init>(176)) - Creating Volume: /workdir/hadoop-ozone/integration-test/target/test-dir/MiniOzoneClusterImpl-654f8f73-ed3e-46e1-aeb9-b0ce3cfc6d3c/datanode-3/data/containers/hdds of  storage type : DISK and capacity : 52710309888
2019-07-16 14:41:17,394 INFO  volume.VolumeSet (VolumeSet.java:initializeVolumeSet(170)) - Added Volume : /workdir/hadoop-ozone/integration-test/target/test-dir/MiniOzoneClusterImpl-654f8f73-ed3e-46e1-aeb9-b0ce3cfc6d3c/datanode-3/data/containers/hdds to VolumeSet
2019-07-16 14:41:17,394 INFO  volume.ThrottledAsyncChecker (ThrottledAsyncChecker.java:schedule(140)) - Scheduling a check for org.apache.hadoop.ozone.container.common.volume.HddsVolume@168142da
2019-07-16 14:41:17,394 INFO  volume.HddsVolumeChecker (HddsVolumeChecker.java:checkAllVolumes(203)) - Scheduled health check for volume org.apache.hadoop.ozone.container.common.volume.HddsVolume@168142da
2019-07-16 14:41:17,409 INFO  impl.RaftServerProxy (ConfUtils.java:logGet(43)) - raft.rpc.type = GRPC (default)
2019-07-16 14:41:17,409 INFO  grpc.GrpcFactory (GrpcFactory.java:checkPooledByteBufAllocatorUseCacheForAllThreads(45)) - PERFORMANCE WARNING: useCacheForAllThreads is true that may cause Netty to create a lot garbage objects and, as a result, trigger GC.
	It is recommended to disable useCacheForAllThreads by setting -Dorg.apache.ratis.thirdparty.io.netty.allocator.useCacheForAllThreads=false in command line.
2019-07-16 14:41:17,410 INFO  grpc.GrpcConfigKeys$Server (ConfUtils.java:logGet(43)) - raft.grpc.server.port = 0 (default)
2019-07-16 14:41:17,410 INFO  server.GrpcService (ConfUtils.java:logGet(43)) - raft.grpc.message.size.max = 33570816 (custom)
2019-07-16 14:41:17,410 INFO  server.RaftServerConfigKeys (ConfUtils.java:logGet(43)) - raft.server.log.appender.buffer.byte-limit = 33554432 (custom)
2019-07-16 14:41:17,410 INFO  server.GrpcService (ConfUtils.java:logGet(43)) - raft.grpc.flow.control.window = 1MB (=1048576) (default)
2019-07-16 14:41:17,411 INFO  server.RaftServerConfigKeys (ConfUtils.java:logGet(43)) - raft.server.rpc.request.timeout = 3000ms (default)
2019-07-16 14:41:17,411 INFO  server.RaftServerConfigKeys (ConfUtils.java:logGet(43)) - raft.server.storage.dir = [/workdir/hadoop-ozone/integration-test/target/test-dir/MiniOzoneClusterImpl-654f8f73-ed3e-46e1-aeb9-b0ce3cfc6d3c/datanode-3/data/ratis] (custom)
2019-07-16 14:41:17,412 INFO  replication.SimpleContainerDownloader (SimpleContainerDownloader.java:<init>(72)) - Starting container downloader service to copy containers to replicate.
2019-07-16 14:41:17,413 INFO  hdfs.DFSUtil (DFSUtil.java:httpServerTemplateForNNAndJN(1641)) - Starting Web-server for hddsDatanode at: http://0.0.0.0:0
2019-07-16 14:41:17,415 INFO  server.AuthenticationFilter (AuthenticationFilter.java:constructSecretProvider(240)) - Unable to initialize FileSignerSecretProvider, falling back to use random secrets.
2019-07-16 14:41:17,415 WARN  http.HttpRequestLog (HttpRequestLog.java:getRequestLog(97)) - Jetty request log can only be enabled using Log4j
2019-07-16 14:41:17,417 INFO  http.HttpServer2 (HttpServer2.java:addGlobalFilter(975)) - Added global filter 'safety' (class=org.apache.hadoop.http.HttpServer2$QuotingInputFilter)
2019-07-16 14:41:17,418 INFO  http.HttpServer2 (HttpServer2.java:addFilter(948)) - Added filter static_user_filter (class=org.apache.hadoop.http.lib.StaticUserWebFilter$StaticUserFilter) to context hddsDatanode
2019-07-16 14:41:17,418 INFO  http.HttpServer2 (HttpServer2.java:addFilter(958)) - Added filter static_user_filter (class=org.apache.hadoop.http.lib.StaticUserWebFilter$StaticUserFilter) to context static
2019-07-16 14:41:17,419 INFO  http.HttpServer2 (HttpServer2.java:addFilter(958)) - Added filter static_user_filter (class=org.apache.hadoop.http.lib.StaticUserWebFilter$StaticUserFilter) to context logs
2019-07-16 14:41:17,419 INFO  http.HttpServer2 (HttpServer2.java:bindListener(1191)) - Jetty bound to port 33763
2019-07-16 14:41:17,420 INFO  server.Server (Server.java:doStart(351)) - jetty-9.3.24.v20180605, build timestamp: 2018-06-05T17:11:56Z, git hash: 84205aa28f11a4f31f2a3b86d1bba2cc8ab69827
2019-07-16 14:41:17,423 INFO  handler.ContextHandler (ContextHandler.java:doStart(781)) - Started o.e.j.s.ServletContextHandler@77cca767{/logs,file:///workdir/hadoop-ozone/integration-test/target/log,AVAILABLE}
2019-07-16 14:41:17,423 INFO  handler.ContextHandler (ContextHandler.java:doStart(781)) - Started o.e.j.s.ServletContextHandler@28a6e171{/static,jar:file:/home/user/.m2/repository/org/apache/hadoop/hadoop-hdds-container-service/0.4.1-SNAPSHOT/hadoop-hdds-container-service-0.4.1-SNAPSHOT.jar!/webapps/static,AVAILABLE}
2019-07-16 14:41:17,459 INFO  handler.ContextHandler (ContextHandler.java:doStart(781)) - Started o.e.j.w.WebAppContext@fbe70d8{/,file:///tmp/jetty-0.0.0.0-33763-hddsDatanode-_-any-3426076756137453697.dir/webapp/,AVAILABLE}{/hddsDatanode}
2019-07-16 14:41:17,460 INFO  server.AbstractConnector (AbstractConnector.java:doStart(278)) - Started ServerConnector@64021427{HTTP/1.1,[http/1.1]}{0.0.0.0:33763}
2019-07-16 14:41:17,461 INFO  server.Server (Server.java:doStart(419)) - Started @6248ms
2019-07-16 14:41:17,463 INFO  server.BaseHttpServer (BaseHttpServer.java:updateConnectorAddress(207)) - HTTP server of HDDSDATANODE is listening at http://0.0.0.0:33763
2019-07-16 14:41:17,624 INFO  ozone.HddsDatanodeService (HddsDatanodeService.java:startPlugins(396)) - Started plug-in org.apache.hadoop.ozone.web.OzoneHddsDatanodeService@7c588adc
2019-07-16 14:41:17,625 INFO  impl.MetricsSystemImpl (MetricsSystemImpl.java:init(158)) - HddsDatanode metrics system started (again)
2019-07-16 14:41:17,625 INFO  ozone.HddsDatanodeService (HddsDatanodeService.java:start(185)) - HddsDatanodeService host:byscane-nightly-ppzk5-1864156943 ip:192.168.5.141
2019-07-16 14:41:17,626 INFO  util.JvmPauseMonitor (JvmPauseMonitor.java:run(188)) - Starting JVM pause monitor
2019-07-16 14:41:17,630 INFO  datanode.InitDatanodeState (InitDatanodeState.java:persistContainerDatanodeDetails(140)) - DatanodeDetails is persisted to /workdir/hadoop-ozone/integration-test/target/test-dir/MiniOzoneClusterImpl-654f8f73-ed3e-46e1-aeb9-b0ce3cfc6d3c/datanode-3/meta/datanode.id
2019-07-16 14:41:17,636 INFO  volume.HddsVolume (HddsVolume.java:<init>(176)) - Creating Volume: /workdir/hadoop-ozone/integration-test/target/test-dir/MiniOzoneClusterImpl-654f8f73-ed3e-46e1-aeb9-b0ce3cfc6d3c/datanode-4/data/containers/hdds of  storage type : DISK and capacity : 52710309888
2019-07-16 14:41:17,637 INFO  volume.VolumeSet (VolumeSet.java:initializeVolumeSet(170)) - Added Volume : /workdir/hadoop-ozone/integration-test/target/test-dir/MiniOzoneClusterImpl-654f8f73-ed3e-46e1-aeb9-b0ce3cfc6d3c/datanode-4/data/containers/hdds to VolumeSet
2019-07-16 14:41:17,637 INFO  volume.ThrottledAsyncChecker (ThrottledAsyncChecker.java:schedule(140)) - Scheduling a check for org.apache.hadoop.ozone.container.common.volume.HddsVolume@4f1afe8f
2019-07-16 14:41:17,637 INFO  volume.HddsVolumeChecker (HddsVolumeChecker.java:checkAllVolumes(203)) - Scheduled health check for volume org.apache.hadoop.ozone.container.common.volume.HddsVolume@4f1afe8f
2019-07-16 14:41:17,657 INFO  impl.RaftServerProxy (ConfUtils.java:logGet(43)) - raft.rpc.type = GRPC (default)
2019-07-16 14:41:17,657 INFO  grpc.GrpcFactory (GrpcFactory.java:checkPooledByteBufAllocatorUseCacheForAllThreads(45)) - PERFORMANCE WARNING: useCacheForAllThreads is true that may cause Netty to create a lot garbage objects and, as a result, trigger GC.
	It is recommended to disable useCacheForAllThreads by setting -Dorg.apache.ratis.thirdparty.io.netty.allocator.useCacheForAllThreads=false in command line.
2019-07-16 14:41:17,657 INFO  grpc.GrpcConfigKeys$Server (ConfUtils.java:logGet(43)) - raft.grpc.server.port = 0 (default)
2019-07-16 14:41:17,657 INFO  server.GrpcService (ConfUtils.java:logGet(43)) - raft.grpc.message.size.max = 33570816 (custom)
2019-07-16 14:41:17,658 INFO  server.RaftServerConfigKeys (ConfUtils.java:logGet(43)) - raft.server.log.appender.buffer.byte-limit = 33554432 (custom)
2019-07-16 14:41:17,658 INFO  server.GrpcService (ConfUtils.java:logGet(43)) - raft.grpc.flow.control.window = 1MB (=1048576) (default)
2019-07-16 14:41:17,658 INFO  server.RaftServerConfigKeys (ConfUtils.java:logGet(43)) - raft.server.rpc.request.timeout = 3000ms (default)
2019-07-16 14:41:17,659 INFO  server.RaftServerConfigKeys (ConfUtils.java:logGet(43)) - raft.server.storage.dir = [/workdir/hadoop-ozone/integration-test/target/test-dir/MiniOzoneClusterImpl-654f8f73-ed3e-46e1-aeb9-b0ce3cfc6d3c/datanode-4/data/ratis] (custom)
2019-07-16 14:41:17,659 INFO  replication.SimpleContainerDownloader (SimpleContainerDownloader.java:<init>(72)) - Starting container downloader service to copy containers to replicate.
2019-07-16 14:41:17,660 INFO  hdfs.DFSUtil (DFSUtil.java:httpServerTemplateForNNAndJN(1641)) - Starting Web-server for hddsDatanode at: http://0.0.0.0:0
2019-07-16 14:41:17,662 INFO  server.AuthenticationFilter (AuthenticationFilter.java:constructSecretProvider(240)) - Unable to initialize FileSignerSecretProvider, falling back to use random secrets.
2019-07-16 14:41:17,663 WARN  http.HttpRequestLog (HttpRequestLog.java:getRequestLog(97)) - Jetty request log can only be enabled using Log4j
2019-07-16 14:41:17,664 INFO  http.HttpServer2 (HttpServer2.java:addGlobalFilter(975)) - Added global filter 'safety' (class=org.apache.hadoop.http.HttpServer2$QuotingInputFilter)
2019-07-16 14:41:17,665 INFO  http.HttpServer2 (HttpServer2.java:addFilter(948)) - Added filter static_user_filter (class=org.apache.hadoop.http.lib.StaticUserWebFilter$StaticUserFilter) to context hddsDatanode
2019-07-16 14:41:17,665 INFO  http.HttpServer2 (HttpServer2.java:addFilter(958)) - Added filter static_user_filter (class=org.apache.hadoop.http.lib.StaticUserWebFilter$StaticUserFilter) to context static
2019-07-16 14:41:17,665 INFO  http.HttpServer2 (HttpServer2.java:addFilter(958)) - Added filter static_user_filter (class=org.apache.hadoop.http.lib.StaticUserWebFilter$StaticUserFilter) to context logs
2019-07-16 14:41:17,666 INFO  http.HttpServer2 (HttpServer2.java:bindListener(1191)) - Jetty bound to port 40213
2019-07-16 14:41:17,667 INFO  server.Server (Server.java:doStart(351)) - jetty-9.3.24.v20180605, build timestamp: 2018-06-05T17:11:56Z, git hash: 84205aa28f11a4f31f2a3b86d1bba2cc8ab69827
2019-07-16 14:41:17,672 INFO  handler.ContextHandler (ContextHandler.java:doStart(781)) - Started o.e.j.s.ServletContextHandler@2ca3d826{/logs,file:///workdir/hadoop-ozone/integration-test/target/log,AVAILABLE}
2019-07-16 14:41:17,672 INFO  handler.ContextHandler (ContextHandler.java:doStart(781)) - Started o.e.j.s.ServletContextHandler@76396509{/static,jar:file:/home/user/.m2/repository/org/apache/hadoop/hadoop-hdds-container-service/0.4.1-SNAPSHOT/hadoop-hdds-container-service-0.4.1-SNAPSHOT.jar!/webapps/static,AVAILABLE}
2019-07-16 14:41:17,705 INFO  handler.ContextHandler (ContextHandler.java:doStart(781)) - Started o.e.j.w.WebAppContext@1a1c21b4{/,file:///tmp/jetty-0.0.0.0-40213-hddsDatanode-_-any-8443661151150441161.dir/webapp/,AVAILABLE}{/hddsDatanode}
2019-07-16 14:41:17,706 INFO  server.AbstractConnector (AbstractConnector.java:doStart(278)) - Started ServerConnector@1cd2ff5b{HTTP/1.1,[http/1.1]}{0.0.0.0:40213}
2019-07-16 14:41:17,707 INFO  server.Server (Server.java:doStart(419)) - Started @6494ms
2019-07-16 14:41:17,708 INFO  server.BaseHttpServer (BaseHttpServer.java:updateConnectorAddress(207)) - HTTP server of HDDSDATANODE is listening at http://0.0.0.0:40213
2019-07-16 14:41:17,858 INFO  ozone.HddsDatanodeService (HddsDatanodeService.java:startPlugins(396)) - Started plug-in org.apache.hadoop.ozone.web.OzoneHddsDatanodeService@2e952845
2019-07-16 14:41:17,858 INFO  impl.MetricsSystemImpl (MetricsSystemImpl.java:init(158)) - HddsDatanode metrics system started (again)
2019-07-16 14:41:17,859 INFO  ozone.HddsDatanodeService (HddsDatanodeService.java:start(185)) - HddsDatanodeService host:byscane-nightly-ppzk5-1864156943 ip:192.168.5.141
2019-07-16 14:41:17,861 INFO  util.JvmPauseMonitor (JvmPauseMonitor.java:run(188)) - Starting JVM pause monitor
2019-07-16 14:41:17,864 INFO  datanode.InitDatanodeState (InitDatanodeState.java:persistContainerDatanodeDetails(140)) - DatanodeDetails is persisted to /workdir/hadoop-ozone/integration-test/target/test-dir/MiniOzoneClusterImpl-654f8f73-ed3e-46e1-aeb9-b0ce3cfc6d3c/datanode-4/meta/datanode.id
2019-07-16 14:41:17,867 INFO  volume.HddsVolume (HddsVolume.java:<init>(176)) - Creating Volume: /workdir/hadoop-ozone/integration-test/target/test-dir/MiniOzoneClusterImpl-654f8f73-ed3e-46e1-aeb9-b0ce3cfc6d3c/datanode-5/data/containers/hdds of  storage type : DISK and capacity : 52710309888
2019-07-16 14:41:17,868 INFO  volume.VolumeSet (VolumeSet.java:initializeVolumeSet(170)) - Added Volume : /workdir/hadoop-ozone/integration-test/target/test-dir/MiniOzoneClusterImpl-654f8f73-ed3e-46e1-aeb9-b0ce3cfc6d3c/datanode-5/data/containers/hdds to VolumeSet
2019-07-16 14:41:17,868 INFO  volume.ThrottledAsyncChecker (ThrottledAsyncChecker.java:schedule(140)) - Scheduling a check for org.apache.hadoop.ozone.container.common.volume.HddsVolume@129c4d19
2019-07-16 14:41:17,868 INFO  volume.HddsVolumeChecker (HddsVolumeChecker.java:checkAllVolumes(203)) - Scheduled health check for volume org.apache.hadoop.ozone.container.common.volume.HddsVolume@129c4d19
2019-07-16 14:41:17,882 INFO  impl.RaftServerProxy (ConfUtils.java:logGet(43)) - raft.rpc.type = GRPC (default)
2019-07-16 14:41:17,882 INFO  grpc.GrpcFactory (GrpcFactory.java:checkPooledByteBufAllocatorUseCacheForAllThreads(45)) - PERFORMANCE WARNING: useCacheForAllThreads is true that may cause Netty to create a lot garbage objects and, as a result, trigger GC.
	It is recommended to disable useCacheForAllThreads by setting -Dorg.apache.ratis.thirdparty.io.netty.allocator.useCacheForAllThreads=false in command line.
2019-07-16 14:41:17,882 INFO  grpc.GrpcConfigKeys$Server (ConfUtils.java:logGet(43)) - raft.grpc.server.port = 0 (default)
2019-07-16 14:41:17,883 INFO  server.GrpcService (ConfUtils.java:logGet(43)) - raft.grpc.message.size.max = 33570816 (custom)
2019-07-16 14:41:17,883 INFO  server.RaftServerConfigKeys (ConfUtils.java:logGet(43)) - raft.server.log.appender.buffer.byte-limit = 33554432 (custom)
2019-07-16 14:41:17,883 INFO  server.GrpcService (ConfUtils.java:logGet(43)) - raft.grpc.flow.control.window = 1MB (=1048576) (default)
2019-07-16 14:41:17,883 INFO  server.RaftServerConfigKeys (ConfUtils.java:logGet(43)) - raft.server.rpc.request.timeout = 3000ms (default)
2019-07-16 14:41:17,884 INFO  server.RaftServerConfigKeys (ConfUtils.java:logGet(43)) - raft.server.storage.dir = [/workdir/hadoop-ozone/integration-test/target/test-dir/MiniOzoneClusterImpl-654f8f73-ed3e-46e1-aeb9-b0ce3cfc6d3c/datanode-5/data/ratis] (custom)
2019-07-16 14:41:17,884 INFO  replication.SimpleContainerDownloader (SimpleContainerDownloader.java:<init>(72)) - Starting container downloader service to copy containers to replicate.
2019-07-16 14:41:17,885 INFO  hdfs.DFSUtil (DFSUtil.java:httpServerTemplateForNNAndJN(1641)) - Starting Web-server for hddsDatanode at: http://0.0.0.0:0
2019-07-16 14:41:17,887 INFO  server.AuthenticationFilter (AuthenticationFilter.java:constructSecretProvider(240)) - Unable to initialize FileSignerSecretProvider, falling back to use random secrets.
2019-07-16 14:41:17,887 WARN  http.HttpRequestLog (HttpRequestLog.java:getRequestLog(97)) - Jetty request log can only be enabled using Log4j
2019-07-16 14:41:17,889 INFO  http.HttpServer2 (HttpServer2.java:addGlobalFilter(975)) - Added global filter 'safety' (class=org.apache.hadoop.http.HttpServer2$QuotingInputFilter)
2019-07-16 14:41:17,890 INFO  http.HttpServer2 (HttpServer2.java:addFilter(948)) - Added filter static_user_filter (class=org.apache.hadoop.http.lib.StaticUserWebFilter$StaticUserFilter) to context hddsDatanode
2019-07-16 14:41:17,890 INFO  http.HttpServer2 (HttpServer2.java:addFilter(958)) - Added filter static_user_filter (class=org.apache.hadoop.http.lib.StaticUserWebFilter$StaticUserFilter) to context static
2019-07-16 14:41:17,890 INFO  http.HttpServer2 (HttpServer2.java:addFilter(958)) - Added filter static_user_filter (class=org.apache.hadoop.http.lib.StaticUserWebFilter$StaticUserFilter) to context logs
2019-07-16 14:41:17,891 INFO  http.HttpServer2 (HttpServer2.java:bindListener(1191)) - Jetty bound to port 33584
2019-07-16 14:41:17,891 INFO  server.Server (Server.java:doStart(351)) - jetty-9.3.24.v20180605, build timestamp: 2018-06-05T17:11:56Z, git hash: 84205aa28f11a4f31f2a3b86d1bba2cc8ab69827
2019-07-16 14:41:17,894 INFO  handler.ContextHandler (ContextHandler.java:doStart(781)) - Started o.e.j.s.ServletContextHandler@224d86d2{/logs,file:///workdir/hadoop-ozone/integration-test/target/log,AVAILABLE}
2019-07-16 14:41:17,894 INFO  handler.ContextHandler (ContextHandler.java:doStart(781)) - Started o.e.j.s.ServletContextHandler@2aea717c{/static,jar:file:/home/user/.m2/repository/org/apache/hadoop/hadoop-hdds-container-service/0.4.1-SNAPSHOT/hadoop-hdds-container-service-0.4.1-SNAPSHOT.jar!/webapps/static,AVAILABLE}
2019-07-16 14:41:17,929 INFO  handler.ContextHandler (ContextHandler.java:doStart(781)) - Started o.e.j.w.WebAppContext@3a40bb52{/,file:///tmp/jetty-0.0.0.0-33584-hddsDatanode-_-any-6136115829965157022.dir/webapp/,AVAILABLE}{/hddsDatanode}
2019-07-16 14:41:17,931 INFO  server.AbstractConnector (AbstractConnector.java:doStart(278)) - Started ServerConnector@3079c26a{HTTP/1.1,[http/1.1]}{0.0.0.0:33584}
2019-07-16 14:41:17,931 INFO  server.Server (Server.java:doStart(419)) - Started @6718ms
2019-07-16 14:41:17,932 INFO  server.BaseHttpServer (BaseHttpServer.java:updateConnectorAddress(207)) - HTTP server of HDDSDATANODE is listening at http://0.0.0.0:33584
2019-07-16 14:41:18,085 INFO  ozone.HddsDatanodeService (HddsDatanodeService.java:startPlugins(396)) - Started plug-in org.apache.hadoop.ozone.web.OzoneHddsDatanodeService@6ddc67d0
2019-07-16 14:41:18,086 INFO  impl.MetricsSystemImpl (MetricsSystemImpl.java:init(158)) - HddsDatanode metrics system started (again)
2019-07-16 14:41:18,086 INFO  ozone.HddsDatanodeService (HddsDatanodeService.java:start(185)) - HddsDatanodeService host:byscane-nightly-ppzk5-1864156943 ip:192.168.5.141
2019-07-16 14:41:18,088 INFO  util.JvmPauseMonitor (JvmPauseMonitor.java:run(188)) - Starting JVM pause monitor
2019-07-16 14:41:18,089 INFO  datanode.InitDatanodeState (InitDatanodeState.java:persistContainerDatanodeDetails(140)) - DatanodeDetails is persisted to /workdir/hadoop-ozone/integration-test/target/test-dir/MiniOzoneClusterImpl-654f8f73-ed3e-46e1-aeb9-b0ce3cfc6d3c/datanode-5/meta/datanode.id
2019-07-16 14:41:18,094 INFO  volume.HddsVolume (HddsVolume.java:<init>(176)) - Creating Volume: /workdir/hadoop-ozone/integration-test/target/test-dir/MiniOzoneClusterImpl-654f8f73-ed3e-46e1-aeb9-b0ce3cfc6d3c/datanode-6/data/containers/hdds of  storage type : DISK and capacity : 52710309888
2019-07-16 14:41:18,094 INFO  volume.VolumeSet (VolumeSet.java:initializeVolumeSet(170)) - Added Volume : /workdir/hadoop-ozone/integration-test/target/test-dir/MiniOzoneClusterImpl-654f8f73-ed3e-46e1-aeb9-b0ce3cfc6d3c/datanode-6/data/containers/hdds to VolumeSet
2019-07-16 14:41:18,094 INFO  volume.ThrottledAsyncChecker (ThrottledAsyncChecker.java:schedule(140)) - Scheduling a check for org.apache.hadoop.ozone.container.common.volume.HddsVolume@359ceb13
2019-07-16 14:41:18,095 INFO  volume.HddsVolumeChecker (HddsVolumeChecker.java:checkAllVolumes(203)) - Scheduled health check for volume org.apache.hadoop.ozone.container.common.volume.HddsVolume@359ceb13
2019-07-16 14:41:18,109 INFO  impl.RaftServerProxy (ConfUtils.java:logGet(43)) - raft.rpc.type = GRPC (default)
2019-07-16 14:41:18,109 INFO  grpc.GrpcFactory (GrpcFactory.java:checkPooledByteBufAllocatorUseCacheForAllThreads(45)) - PERFORMANCE WARNING: useCacheForAllThreads is true that may cause Netty to create a lot garbage objects and, as a result, trigger GC.
	It is recommended to disable useCacheForAllThreads by setting -Dorg.apache.ratis.thirdparty.io.netty.allocator.useCacheForAllThreads=false in command line.
2019-07-16 14:41:18,109 INFO  grpc.GrpcConfigKeys$Server (ConfUtils.java:logGet(43)) - raft.grpc.server.port = 0 (default)
2019-07-16 14:41:18,109 INFO  server.GrpcService (ConfUtils.java:logGet(43)) - raft.grpc.message.size.max = 33570816 (custom)
2019-07-16 14:41:18,109 INFO  server.RaftServerConfigKeys (ConfUtils.java:logGet(43)) - raft.server.log.appender.buffer.byte-limit = 33554432 (custom)
2019-07-16 14:41:18,110 INFO  server.GrpcService (ConfUtils.java:logGet(43)) - raft.grpc.flow.control.window = 1MB (=1048576) (default)
2019-07-16 14:41:18,110 INFO  server.RaftServerConfigKeys (ConfUtils.java:logGet(43)) - raft.server.rpc.request.timeout = 3000ms (default)
2019-07-16 14:41:18,110 INFO  server.RaftServerConfigKeys (ConfUtils.java:logGet(43)) - raft.server.storage.dir = [/workdir/hadoop-ozone/integration-test/target/test-dir/MiniOzoneClusterImpl-654f8f73-ed3e-46e1-aeb9-b0ce3cfc6d3c/datanode-6/data/ratis] (custom)
2019-07-16 14:41:18,111 INFO  replication.SimpleContainerDownloader (SimpleContainerDownloader.java:<init>(72)) - Starting container downloader service to copy containers to replicate.
2019-07-16 14:41:18,112 INFO  hdfs.DFSUtil (DFSUtil.java:httpServerTemplateForNNAndJN(1641)) - Starting Web-server for hddsDatanode at: http://0.0.0.0:0
2019-07-16 14:41:18,113 INFO  server.AuthenticationFilter (AuthenticationFilter.java:constructSecretProvider(240)) - Unable to initialize FileSignerSecretProvider, falling back to use random secrets.
2019-07-16 14:41:18,113 WARN  http.HttpRequestLog (HttpRequestLog.java:getRequestLog(97)) - Jetty request log can only be enabled using Log4j
2019-07-16 14:41:18,115 INFO  http.HttpServer2 (HttpServer2.java:addGlobalFilter(975)) - Added global filter 'safety' (class=org.apache.hadoop.http.HttpServer2$QuotingInputFilter)
2019-07-16 14:41:18,115 INFO  http.HttpServer2 (HttpServer2.java:addFilter(948)) - Added filter static_user_filter (class=org.apache.hadoop.http.lib.StaticUserWebFilter$StaticUserFilter) to context hddsDatanode
2019-07-16 14:41:18,115 INFO  http.HttpServer2 (HttpServer2.java:addFilter(958)) - Added filter static_user_filter (class=org.apache.hadoop.http.lib.StaticUserWebFilter$StaticUserFilter) to context logs
2019-07-16 14:41:18,115 INFO  http.HttpServer2 (HttpServer2.java:addFilter(958)) - Added filter static_user_filter (class=org.apache.hadoop.http.lib.StaticUserWebFilter$StaticUserFilter) to context static
2019-07-16 14:41:18,116 INFO  http.HttpServer2 (HttpServer2.java:bindListener(1191)) - Jetty bound to port 41242
2019-07-16 14:41:18,116 INFO  server.Server (Server.java:doStart(351)) - jetty-9.3.24.v20180605, build timestamp: 2018-06-05T17:11:56Z, git hash: 84205aa28f11a4f31f2a3b86d1bba2cc8ab69827
2019-07-16 14:41:18,118 INFO  handler.ContextHandler (ContextHandler.java:doStart(781)) - Started o.e.j.s.ServletContextHandler@2baf72d5{/logs,file:///workdir/hadoop-ozone/integration-test/target/log,AVAILABLE}
2019-07-16 14:41:18,119 INFO  handler.ContextHandler (ContextHandler.java:doStart(781)) - Started o.e.j.s.ServletContextHandler@5d14e99e{/static,jar:file:/home/user/.m2/repository/org/apache/hadoop/hadoop-hdds-container-service/0.4.1-SNAPSHOT/hadoop-hdds-container-service-0.4.1-SNAPSHOT.jar!/webapps/static,AVAILABLE}
2019-07-16 14:41:18,141 INFO  handler.ContextHandler (ContextHandler.java:doStart(781)) - Started o.e.j.w.WebAppContext@4db0ba1c{/,file:///tmp/jetty-0.0.0.0-41242-hddsDatanode-_-any-83624873418123214.dir/webapp/,AVAILABLE}{/hddsDatanode}
2019-07-16 14:41:18,141 INFO  server.AbstractConnector (AbstractConnector.java:doStart(278)) - Started ServerConnector@1d91fa02{HTTP/1.1,[http/1.1]}{0.0.0.0:41242}
2019-07-16 14:41:18,142 INFO  server.Server (Server.java:doStart(419)) - Started @6929ms
2019-07-16 14:41:18,143 INFO  server.BaseHttpServer (BaseHttpServer.java:updateConnectorAddress(207)) - HTTP server of HDDSDATANODE is listening at http://0.0.0.0:41242
2019-07-16 14:41:18,353 INFO  ozone.HddsDatanodeService (HddsDatanodeService.java:startPlugins(396)) - Started plug-in org.apache.hadoop.ozone.web.OzoneHddsDatanodeService@5a7b6b75
2019-07-16 14:41:18,355 INFO  ozone.MiniOzoneClusterImpl (MiniOzoneClusterImpl.java:lambda$waitForClusterToBeReady$0(142)) - Waiting for cluster to be ready. Got 0 of 7 DN Heartbeats.
2019-07-16 14:41:18,355 INFO  util.JvmPauseMonitor (JvmPauseMonitor.java:run(188)) - Starting JVM pause monitor
2019-07-16 14:41:18,358 INFO  datanode.InitDatanodeState (InitDatanodeState.java:persistContainerDatanodeDetails(140)) - DatanodeDetails is persisted to /workdir/hadoop-ozone/integration-test/target/test-dir/MiniOzoneClusterImpl-654f8f73-ed3e-46e1-aeb9-b0ce3cfc6d3c/datanode-6/meta/datanode.id
2019-07-16 14:41:18,950 INFO  ozoneimpl.OzoneContainer (OzoneContainer.java:start(186)) - Attempting to start container services.
2019-07-16 14:41:18,950 INFO  ozoneimpl.OzoneContainer (OzoneContainer.java:startContainerScrub(160)) - Background container scrubber has been disabled by hdds.containerscrub.enabled
2019-07-16 14:41:18,951 INFO  ratis.XceiverServerRatis (XceiverServerRatis.java:start(418)) - Starting XceiverServerRatis e17100c6-a9d6-495c-98e3-7141b4c20b73 at port 0
2019-07-16 14:41:18,971 INFO  impl.RaftServerProxy (RaftServerProxy.java:lambda$start$3(299)) - e17100c6-a9d6-495c-98e3-7141b4c20b73: start RPC server
2019-07-16 14:41:19,105 INFO  server.GrpcService (GrpcService.java:startImpl(149)) - e17100c6-a9d6-495c-98e3-7141b4c20b73: GrpcService started, listening on 0.0.0.0/0.0.0.0:41803
2019-07-16 14:41:19,107 INFO  ratis.XceiverServerRatis (XceiverServerRatis.java:start(428)) - XceiverServerRatis e17100c6-a9d6-495c-98e3-7141b4c20b73 is started using port 41803
2019-07-16 14:41:19,109 INFO  server.XceiverServerGrpc (XceiverServerGrpc.java:start(160)) - XceiverServerGrpc e17100c6-a9d6-495c-98e3-7141b4c20b73 is started using port 36179
2019-07-16 14:41:19,154 INFO  ozoneimpl.OzoneContainer (OzoneContainer.java:start(186)) - Attempting to start container services.
2019-07-16 14:41:19,156 INFO  ozoneimpl.OzoneContainer (OzoneContainer.java:startContainerScrub(160)) - Background container scrubber has been disabled by hdds.containerscrub.enabled
2019-07-16 14:41:19,157 INFO  ratis.XceiverServerRatis (XceiverServerRatis.java:start(418)) - Starting XceiverServerRatis 6e57c38f-761a-40e0-8ec9-fd0c09b9b830 at port 0
2019-07-16 14:41:19,165 INFO  impl.RaftServerProxy (RaftServerProxy.java:lambda$start$3(299)) - 6e57c38f-761a-40e0-8ec9-fd0c09b9b830: start RPC server
2019-07-16 14:41:19,168 INFO  server.GrpcService (GrpcService.java:startImpl(149)) - 6e57c38f-761a-40e0-8ec9-fd0c09b9b830: GrpcService started, listening on 0.0.0.0/0.0.0.0:34421
2019-07-16 14:41:19,169 INFO  ratis.XceiverServerRatis (XceiverServerRatis.java:start(428)) - XceiverServerRatis 6e57c38f-761a-40e0-8ec9-fd0c09b9b830 is started using port 34421
2019-07-16 14:41:19,171 INFO  server.XceiverServerGrpc (XceiverServerGrpc.java:start(160)) - XceiverServerGrpc 6e57c38f-761a-40e0-8ec9-fd0c09b9b830 is started using port 41342
2019-07-16 14:41:19,355 INFO  ozone.MiniOzoneClusterImpl (MiniOzoneClusterImpl.java:lambda$waitForClusterToBeReady$0(142)) - Waiting for cluster to be ready. Got 0 of 7 DN Heartbeats.
2019-07-16 14:41:19,396 INFO  ozoneimpl.OzoneContainer (OzoneContainer.java:start(186)) - Attempting to start container services.
2019-07-16 14:41:19,398 INFO  ozoneimpl.OzoneContainer (OzoneContainer.java:startContainerScrub(160)) - Background container scrubber has been disabled by hdds.containerscrub.enabled
2019-07-16 14:41:19,398 INFO  ratis.XceiverServerRatis (XceiverServerRatis.java:start(418)) - Starting XceiverServerRatis 2af975a7-b39b-42b5-9d45-cc1628e24ae8 at port 0
2019-07-16 14:41:19,406 INFO  impl.RaftServerProxy (RaftServerProxy.java:lambda$start$3(299)) - 2af975a7-b39b-42b5-9d45-cc1628e24ae8: start RPC server
2019-07-16 14:41:19,410 INFO  server.GrpcService (GrpcService.java:startImpl(149)) - 2af975a7-b39b-42b5-9d45-cc1628e24ae8: GrpcService started, listening on 0.0.0.0/0.0.0.0:46376
2019-07-16 14:41:19,410 INFO  ratis.XceiverServerRatis (XceiverServerRatis.java:start(428)) - XceiverServerRatis 2af975a7-b39b-42b5-9d45-cc1628e24ae8 is started using port 46376
2019-07-16 14:41:19,413 INFO  server.XceiverServerGrpc (XceiverServerGrpc.java:start(160)) - XceiverServerGrpc 2af975a7-b39b-42b5-9d45-cc1628e24ae8 is started using port 38823
2019-07-16 14:41:19,635 INFO  ozoneimpl.OzoneContainer (OzoneContainer.java:start(186)) - Attempting to start container services.
2019-07-16 14:41:19,638 INFO  ozoneimpl.OzoneContainer (OzoneContainer.java:startContainerScrub(160)) - Background container scrubber has been disabled by hdds.containerscrub.enabled
2019-07-16 14:41:19,639 INFO  ratis.XceiverServerRatis (XceiverServerRatis.java:start(418)) - Starting XceiverServerRatis 46909a66-9671-4184-a7a9-99686a76f5e8 at port 0
2019-07-16 14:41:19,648 INFO  impl.RaftServerProxy (RaftServerProxy.java:lambda$start$3(299)) - 46909a66-9671-4184-a7a9-99686a76f5e8: start RPC server
2019-07-16 14:41:19,652 INFO  server.GrpcService (GrpcService.java:startImpl(149)) - 46909a66-9671-4184-a7a9-99686a76f5e8: GrpcService started, listening on 0.0.0.0/0.0.0.0:39464
2019-07-16 14:41:19,652 INFO  ratis.XceiverServerRatis (XceiverServerRatis.java:start(428)) - XceiverServerRatis 46909a66-9671-4184-a7a9-99686a76f5e8 is started using port 39464
2019-07-16 14:41:19,657 INFO  server.XceiverServerGrpc (XceiverServerGrpc.java:start(160)) - XceiverServerGrpc 46909a66-9671-4184-a7a9-99686a76f5e8 is started using port 39783
2019-07-16 14:41:19,880 INFO  ozoneimpl.OzoneContainer (OzoneContainer.java:start(186)) - Attempting to start container services.
2019-07-16 14:41:19,884 INFO  ozoneimpl.OzoneContainer (OzoneContainer.java:startContainerScrub(160)) - Background container scrubber has been disabled by hdds.containerscrub.enabled
2019-07-16 14:41:19,884 INFO  ratis.XceiverServerRatis (XceiverServerRatis.java:start(418)) - Starting XceiverServerRatis c74f5942-f647-4ad8-aff9-d480222fb421 at port 0
2019-07-16 14:41:19,891 INFO  impl.RaftServerProxy (RaftServerProxy.java:lambda$start$3(299)) - c74f5942-f647-4ad8-aff9-d480222fb421: start RPC server
2019-07-16 14:41:19,894 INFO  server.GrpcService (GrpcService.java:startImpl(149)) - c74f5942-f647-4ad8-aff9-d480222fb421: GrpcService started, listening on 0.0.0.0/0.0.0.0:39418
2019-07-16 14:41:19,895 INFO  ratis.XceiverServerRatis (XceiverServerRatis.java:start(428)) - XceiverServerRatis c74f5942-f647-4ad8-aff9-d480222fb421 is started using port 39418
2019-07-16 14:41:19,898 INFO  server.XceiverServerGrpc (XceiverServerGrpc.java:start(160)) - XceiverServerGrpc c74f5942-f647-4ad8-aff9-d480222fb421 is started using port 33793
2019-07-16 14:41:20,103 INFO  ozoneimpl.OzoneContainer (OzoneContainer.java:start(186)) - Attempting to start container services.
2019-07-16 14:41:20,105 INFO  ozoneimpl.OzoneContainer (OzoneContainer.java:startContainerScrub(160)) - Background container scrubber has been disabled by hdds.containerscrub.enabled
2019-07-16 14:41:20,105 INFO  ratis.XceiverServerRatis (XceiverServerRatis.java:start(418)) - Starting XceiverServerRatis c16dce58-043d-4666-996b-a7f6e1d189b5 at port 0
2019-07-16 14:41:20,112 INFO  impl.RaftServerProxy (RaftServerProxy.java:lambda$start$3(299)) - c16dce58-043d-4666-996b-a7f6e1d189b5: start RPC server
2019-07-16 14:41:20,116 INFO  server.GrpcService (GrpcService.java:startImpl(149)) - c16dce58-043d-4666-996b-a7f6e1d189b5: GrpcService started, listening on 0.0.0.0/0.0.0.0:38994
2019-07-16 14:41:20,116 INFO  ratis.XceiverServerRatis (XceiverServerRatis.java:start(428)) - XceiverServerRatis c16dce58-043d-4666-996b-a7f6e1d189b5 is started using port 38994
2019-07-16 14:41:20,119 INFO  server.XceiverServerGrpc (XceiverServerGrpc.java:start(160)) - XceiverServerGrpc c16dce58-043d-4666-996b-a7f6e1d189b5 is started using port 36936
2019-07-16 14:41:20,356 INFO  ozone.MiniOzoneClusterImpl (MiniOzoneClusterImpl.java:lambda$waitForClusterToBeReady$0(142)) - Waiting for cluster to be ready. Got 0 of 7 DN Heartbeats.
2019-07-16 14:41:20,365 INFO  ozoneimpl.OzoneContainer (OzoneContainer.java:start(186)) - Attempting to start container services.
2019-07-16 14:41:20,367 INFO  ozoneimpl.OzoneContainer (OzoneContainer.java:startContainerScrub(160)) - Background container scrubber has been disabled by hdds.containerscrub.enabled
2019-07-16 14:41:20,367 INFO  ratis.XceiverServerRatis (XceiverServerRatis.java:start(418)) - Starting XceiverServerRatis 37bf539c-2315-4c32-a4e0-600708ac3028 at port 0
2019-07-16 14:41:20,376 INFO  impl.RaftServerProxy (RaftServerProxy.java:lambda$start$3(299)) - 37bf539c-2315-4c32-a4e0-600708ac3028: start RPC server
2019-07-16 14:41:20,380 INFO  server.GrpcService (GrpcService.java:startImpl(149)) - 37bf539c-2315-4c32-a4e0-600708ac3028: GrpcService started, listening on 0.0.0.0/0.0.0.0:43237
2019-07-16 14:41:20,381 INFO  ratis.XceiverServerRatis (XceiverServerRatis.java:start(428)) - XceiverServerRatis 37bf539c-2315-4c32-a4e0-600708ac3028 is started using port 43237
2019-07-16 14:41:20,384 INFO  server.XceiverServerGrpc (XceiverServerGrpc.java:start(160)) - XceiverServerGrpc 37bf539c-2315-4c32-a4e0-600708ac3028 is started using port 43399
2019-07-16 14:41:20,941 INFO  net.NetworkTopology (NetworkTopologyImpl.java:add(109)) - Added a new node: /default-rack/192.168.5.141
2019-07-16 14:41:20,942 INFO  node.SCMNodeManager (SCMNodeManager.java:register(268)) - Registered Data node : e17100c6-a9d6-495c-98e3-7141b4c20b73{ip: 192.168.5.141, host: byscane-nightly-ppzk5-1864156943, networkLocation: /default-rack, certSerialId: null}
2019-07-16 14:41:20,949 INFO  safemode.SCMSafeModeManager (DataNodeSafeModeRule.java:process(71)) - SCM in safe mode. 1 DataNodes registered, 1 required.
2019-07-16 14:41:20,949 INFO  safemode.SCMSafeModeManager (SCMSafeModeManager.java:validateSafeModeExitRules(177)) - ScmSafeModeManager, all rules are successfully validated
2019-07-16 14:41:20,950 INFO  safemode.SCMSafeModeManager (SCMSafeModeManager.java:exitSafeMode(193)) - SCM exiting safe mode.
2019-07-16 14:41:21,144 INFO  node.SCMNodeManager (SCMNodeManager.java:register(268)) - Registered Data node : 6e57c38f-761a-40e0-8ec9-fd0c09b9b830{ip: 192.168.5.141, host: byscane-nightly-ppzk5-1864156943, networkLocation: /default-rack, certSerialId: null}
2019-07-16 14:41:21,356 INFO  ozone.MiniOzoneClusterImpl (MiniOzoneClusterImpl.java:lambda$waitForClusterToBeReady$0(142)) - Waiting for cluster to be ready. Got 2 of 7 DN Heartbeats.
2019-07-16 14:41:21,388 INFO  node.SCMNodeManager (SCMNodeManager.java:register(268)) - Registered Data node : 2af975a7-b39b-42b5-9d45-cc1628e24ae8{ip: 192.168.5.141, host: byscane-nightly-ppzk5-1864156943, networkLocation: /default-rack, certSerialId: null}
2019-07-16 14:41:21,799 INFO  node.SCMNodeManager (SCMNodeManager.java:register(268)) - Registered Data node : 46909a66-9671-4184-a7a9-99686a76f5e8{ip: 192.168.5.141, host: byscane-nightly-ppzk5-1864156943, networkLocation: /default-rack, certSerialId: null}
2019-07-16 14:41:21,824 INFO  impl.RaftServerProxy (RaftServerProxy.java:addNew(89)) - e17100c6-a9d6-495c-98e3-7141b4c20b73: addNew group-FFA81A664DFE:[e17100c6-a9d6-495c-98e3-7141b4c20b73:192.168.5.141:41803] returns group-FFA81A664DFE:java.util.concurrent.CompletableFuture@6974e4f2[Not completed]
2019-07-16 14:41:21,847 INFO  impl.RaftServerImpl (RaftServerImpl.java:<init>(93)) - e17100c6-a9d6-495c-98e3-7141b4c20b73: new RaftServerImpl for group-FFA81A664DFE:[e17100c6-a9d6-495c-98e3-7141b4c20b73:192.168.5.141:41803] with ContainerStateMachine:uninitialized
2019-07-16 14:41:21,851 INFO  server.RaftServerConfigKeys (ConfUtils.java:logGet(43)) - raft.server.rpc.timeout.min = 5s (custom)
2019-07-16 14:41:21,852 INFO  server.RaftServerConfigKeys (ConfUtils.java:logGet(43)) - raft.server.rpc.timeout.max = 5200ms (custom)
2019-07-16 14:41:21,852 INFO  server.RaftServerConfigKeys (ConfUtils.java:logGet(43)) - raft.server.rpcslowness.timeout = 120s (custom)
2019-07-16 14:41:21,854 INFO  server.RaftServerConfigKeys (ConfUtils.java:logGet(43)) - raft.server.sleep.deviation.threshold = 300 (default)
2019-07-16 14:41:21,855 INFO  server.RaftServerConfigKeys (ConfUtils.java:logGet(43)) - raft.server.log.appender.install.snapshot.enabled = false (custom)
2019-07-16 14:41:21,864 INFO  node.SCMNodeManager (SCMNodeManager.java:register(268)) - Registered Data node : c74f5942-f647-4ad8-aff9-d480222fb421{ip: 192.168.5.141, host: byscane-nightly-ppzk5-1864156943, networkLocation: /default-rack, certSerialId: null}
2019-07-16 14:41:21,866 INFO  impl.RaftServerImpl (ServerState.java:<init>(105)) - e17100c6-a9d6-495c-98e3-7141b4c20b73:group-FFA81A664DFE ConfigurationManager, init=-1: [e17100c6-a9d6-495c-98e3-7141b4c20b73:192.168.5.141:41803], old=null, confs=<EMPTY_MAP>
2019-07-16 14:41:21,866 INFO  server.RaftServerConfigKeys (ConfUtils.java:logGet(43)) - raft.server.storage.dir = [/workdir/hadoop-ozone/integration-test/target/test-dir/MiniOzoneClusterImpl-654f8f73-ed3e-46e1-aeb9-b0ce3cfc6d3c/datanode-0/data/ratis] (custom)
2019-07-16 14:41:21,875 INFO  storage.RaftStorageDirectory (RaftStorageDirectory.java:analyzeStorage(246)) - The storage directory /workdir/hadoop-ozone/integration-test/target/test-dir/MiniOzoneClusterImpl-654f8f73-ed3e-46e1-aeb9-b0ce3cfc6d3c/datanode-0/data/ratis/9c608b79-981d-4e2d-a22c-ffa81a664dfe does not exist. Creating ...
2019-07-16 14:41:21,895 INFO  storage.RaftStorageDirectory (RaftStorageDirectory.java:tryLock(328)) - Lock on /workdir/hadoop-ozone/integration-test/target/test-dir/MiniOzoneClusterImpl-654f8f73-ed3e-46e1-aeb9-b0ce3cfc6d3c/datanode-0/data/ratis/9c608b79-981d-4e2d-a22c-ffa81a664dfe/in_use.lock acquired by nodename 10425@byscane-nightly-ppzk5-1864156943
2019-07-16 14:41:21,906 INFO  storage.RaftStorage (RaftStorage.java:format(72)) - Storage directory /workdir/hadoop-ozone/integration-test/target/test-dir/MiniOzoneClusterImpl-654f8f73-ed3e-46e1-aeb9-b0ce3cfc6d3c/datanode-0/data/ratis/9c608b79-981d-4e2d-a22c-ffa81a664dfe has been successfully formatted.
2019-07-16 14:41:21,909 INFO  ratis.ContainerStateMachine (ContainerStateMachine.java:loadSnapshot(199)) - group-FFA81A664DFE: The snapshot info is null. Setting the last applied indexto:(t:0, i:~)
2019-07-16 14:41:21,909 INFO  server.RaftServerConfigKeys (ConfUtils.java:logGet(43)) - raft.server.leader.election.timeout = 120s (custom)
2019-07-16 14:41:21,911 INFO  server.RaftServerConfigKeys (ConfUtils.java:logGet(43)) - raft.server.log.use.memory = false (default)
2019-07-16 14:41:21,918 INFO  server.RaftServerConfigKeys (ConfUtils.java:logGet(43)) - raft.server.log.purge.gap = 1000000000 (custom)
2019-07-16 14:41:21,918 INFO  server.RaftServerConfigKeys (ConfUtils.java:logGet(43)) - raft.server.log.appender.buffer.byte-limit = 33554432 (custom)
2019-07-16 14:41:21,920 INFO  server.RaftServerConfigKeys (ConfUtils.java:logGet(43)) - raft.server.log.segment.size.max = 1048576 (custom)
2019-07-16 14:41:21,925 INFO  server.RaftServerConfigKeys (ConfUtils.java:logGet(43)) - raft.server.log.segment.cache.num.max = 2 (custom)
2019-07-16 14:41:21,931 INFO  segmented.SegmentedRaftLogWorker (SegmentedRaftLogWorker.java:<init>(172)) - new e17100c6-a9d6-495c-98e3-7141b4c20b73-SegmentedRaftLogWorker:Storage Directory /workdir/hadoop-ozone/integration-test/target/test-dir/MiniOzoneClusterImpl-654f8f73-ed3e-46e1-aeb9-b0ce3cfc6d3c/datanode-0/data/ratis/9c608b79-981d-4e2d-a22c-ffa81a664dfe for RaftStorage:Storage Directory /workdir/hadoop-ozone/integration-test/target/test-dir/MiniOzoneClusterImpl-654f8f73-ed3e-46e1-aeb9-b0ce3cfc6d3c/datanode-0/data/ratis/9c608b79-981d-4e2d-a22c-ffa81a664dfe
2019-07-16 14:41:21,943 INFO  server.RaftServerConfigKeys (ConfUtils.java:logGet(43)) - raft.server.log.queue.byte-limit = 2147483647 (custom)
2019-07-16 14:41:21,944 INFO  server.RaftServerConfigKeys (ConfUtils.java:logGet(43)) - raft.server.log.queue.element-limit = 1024 (custom)
2019-07-16 14:41:21,949 INFO  server.RaftServerConfigKeys (ConfUtils.java:logGet(43)) - raft.server.log.segment.size.max = 1048576 (custom)
2019-07-16 14:41:21,949 INFO  server.RaftServerConfigKeys (ConfUtils.java:logGet(43)) - raft.server.log.preallocated.size = 16384 (custom)
2019-07-16 14:41:21,950 INFO  server.RaftServerConfigKeys (ConfUtils.java:logGet(43)) - raft.server.log.write.buffer.size = 33554432 (custom)
2019-07-16 14:41:21,950 INFO  server.RaftServerConfigKeys (ConfUtils.java:logGet(43)) - raft.server.log.force.sync.num = 128 (default)
2019-07-16 14:41:21,951 INFO  server.RaftServerConfigKeys (ConfUtils.java:logGet(43)) - raft.server.log.statemachine.data.sync = true (default)
2019-07-16 14:41:21,951 INFO  server.RaftServerConfigKeys (ConfUtils.java:logGet(43)) - raft.server.log.statemachine.data.sync.timeout = 10s (default)
2019-07-16 14:41:21,952 INFO  server.RaftServerConfigKeys (ConfUtils.java:logGet(43)) - raft.server.log.statemachine.data.sync.timeout.retry = -1 (default)
2019-07-16 14:41:21,961 INFO  server.RaftServerConfigKeys (ConfUtils.java:logGet(43)) - raft.server.log.statemachine.data.caching.enabled = true (custom)
2019-07-16 14:41:21,965 INFO  segmented.SegmentedRaftLogWorker (SegmentedRaftLogWorker.java:lambda$new$0(132)) - e17100c6-a9d6-495c-98e3-7141b4c20b73-SegmentedRaftLogWorker:Storage Directory /workdir/hadoop-ozone/integration-test/target/test-dir/MiniOzoneClusterImpl-654f8f73-ed3e-46e1-aeb9-b0ce3cfc6d3c/datanode-0/data/ratis/9c608b79-981d-4e2d-a22c-ffa81a664dfe: flushIndex: setUnconditionally 0 -> -1
2019-07-16 14:41:21,969 INFO  server.RaftServerConfigKeys (ConfUtils.java:logGet(43)) - raft.server.snapshot.auto.trigger.enabled = true (custom)
2019-07-16 14:41:21,970 INFO  server.RaftServerConfigKeys (ConfUtils.java:logGet(43)) - raft.server.snapshot.auto.trigger.threshold = 10000 (custom)
2019-07-16 14:41:21,970 INFO  server.RaftServerConfigKeys (ConfUtils.java:logGet(43)) - raft.server.retrycache.expirytime = 600000ms (custom)
2019-07-16 14:41:21,990 INFO  impl.RaftServerImpl (RaftServerImpl.java:start(180)) - e17100c6-a9d6-495c-98e3-7141b4c20b73: start group-FFA81A664DFE
2019-07-16 14:41:21,991 INFO  impl.RaftServerImpl (RaftServerImpl.java:setRole(171)) - e17100c6-a9d6-495c-98e3-7141b4c20b73:group-FFA81A664DFE changes role from null to FOLLOWER at term 0 for startAsFollower
2019-07-16 14:41:21,992 INFO  impl.RoleInfo (RoleInfo.java:updateAndGet(143)) - e17100c6-a9d6-495c-98e3-7141b4c20b73: start FollowerState
2019-07-16 14:41:21,994 INFO  util.JmxRegister (JmxRegister.java:tryRegister(44)) - Successfully registered JMX Bean with object name Ratis:service=RaftServer,group=group-FFA81A664DFE,id=e17100c6-a9d6-495c-98e3-7141b4c20b73
2019-07-16 14:41:22,058 INFO  pipeline.PipelineStateManager (PipelineStateManager.java:addPipeline(56)) - Created pipeline Pipeline[ Id: 9c608b79-981d-4e2d-a22c-ffa81a664dfe, Nodes: e17100c6-a9d6-495c-98e3-7141b4c20b73{ip: 192.168.5.141, host: byscane-nightly-ppzk5-1864156943, networkLocation: /default-rack, certSerialId: null}, Type:RATIS, Factor:ONE, State:OPEN]
2019-07-16 14:41:22,089 INFO  impl.RaftServerProxy (RaftServerProxy.java:addNew(89)) - c74f5942-f647-4ad8-aff9-d480222fb421: addNew group-A4B8A5270277:[c74f5942-f647-4ad8-aff9-d480222fb421:192.168.5.141:39418] returns group-A4B8A5270277:java.util.concurrent.CompletableFuture@2f715afa[Not completed]
2019-07-16 14:41:22,142 INFO  node.SCMNodeManager (SCMNodeManager.java:register(268)) - Registered Data node : c16dce58-043d-4666-996b-a7f6e1d189b5{ip: 192.168.5.141, host: byscane-nightly-ppzk5-1864156943, networkLocation: /default-rack, certSerialId: null}
2019-07-16 14:41:22,142 INFO  impl.RaftServerImpl (RaftServerImpl.java:<init>(93)) - c74f5942-f647-4ad8-aff9-d480222fb421: new RaftServerImpl for group-A4B8A5270277:[c74f5942-f647-4ad8-aff9-d480222fb421:192.168.5.141:39418] with ContainerStateMachine:uninitialized
2019-07-16 14:41:22,145 INFO  server.RaftServerConfigKeys (ConfUtils.java:logGet(43)) - raft.server.rpc.timeout.min = 5s (custom)
2019-07-16 14:41:22,146 INFO  server.RaftServerConfigKeys (ConfUtils.java:logGet(43)) - raft.server.rpc.timeout.max = 5200ms (custom)
2019-07-16 14:41:22,146 INFO  server.RaftServerConfigKeys (ConfUtils.java:logGet(43)) - raft.server.rpcslowness.timeout = 120s (custom)
2019-07-16 14:41:22,146 INFO  server.RaftServerConfigKeys (ConfUtils.java:logGet(43)) - raft.server.sleep.deviation.threshold = 300 (default)
2019-07-16 14:41:22,146 INFO  server.RaftServerConfigKeys (ConfUtils.java:logGet(43)) - raft.server.log.appender.install.snapshot.enabled = false (custom)
2019-07-16 14:41:22,146 INFO  impl.RaftServerImpl (ServerState.java:<init>(105)) - c74f5942-f647-4ad8-aff9-d480222fb421:group-A4B8A5270277 ConfigurationManager, init=-1: [c74f5942-f647-4ad8-aff9-d480222fb421:192.168.5.141:39418], old=null, confs=<EMPTY_MAP>
2019-07-16 14:41:22,146 INFO  server.RaftServerConfigKeys (ConfUtils.java:logGet(43)) - raft.server.storage.dir = [/workdir/hadoop-ozone/integration-test/target/test-dir/MiniOzoneClusterImpl-654f8f73-ed3e-46e1-aeb9-b0ce3cfc6d3c/datanode-4/data/ratis] (custom)
2019-07-16 14:41:22,147 INFO  storage.RaftStorageDirectory (RaftStorageDirectory.java:analyzeStorage(246)) - The storage directory /workdir/hadoop-ozone/integration-test/target/test-dir/MiniOzoneClusterImpl-654f8f73-ed3e-46e1-aeb9-b0ce3cfc6d3c/datanode-4/data/ratis/9393167a-f21f-485d-a5a4-a4b8a5270277 does not exist. Creating ...
2019-07-16 14:41:22,152 INFO  storage.RaftStorageDirectory (RaftStorageDirectory.java:tryLock(328)) - Lock on /workdir/hadoop-ozone/integration-test/target/test-dir/MiniOzoneClusterImpl-654f8f73-ed3e-46e1-aeb9-b0ce3cfc6d3c/datanode-4/data/ratis/9393167a-f21f-485d-a5a4-a4b8a5270277/in_use.lock acquired by nodename 10425@byscane-nightly-ppzk5-1864156943
2019-07-16 14:41:22,156 INFO  storage.RaftStorage (RaftStorage.java:format(72)) - Storage directory /workdir/hadoop-ozone/integration-test/target/test-dir/MiniOzoneClusterImpl-654f8f73-ed3e-46e1-aeb9-b0ce3cfc6d3c/datanode-4/data/ratis/9393167a-f21f-485d-a5a4-a4b8a5270277 has been successfully formatted.
2019-07-16 14:41:22,157 INFO  ratis.ContainerStateMachine (ContainerStateMachine.java:loadSnapshot(199)) - group-A4B8A5270277: The snapshot info is null. Setting the last applied indexto:(t:0, i:~)
2019-07-16 14:41:22,158 INFO  server.RaftServerConfigKeys (ConfUtils.java:logGet(43)) - raft.server.leader.election.timeout = 120s (custom)
2019-07-16 14:41:22,159 INFO  server.RaftServerConfigKeys (ConfUtils.java:logGet(43)) - raft.server.log.use.memory = false (default)
2019-07-16 14:41:22,159 INFO  server.RaftServerConfigKeys (ConfUtils.java:logGet(43)) - raft.server.log.purge.gap = 1000000000 (custom)
2019-07-16 14:41:22,159 INFO  server.RaftServerConfigKeys (ConfUtils.java:logGet(43)) - raft.server.log.appender.buffer.byte-limit = 33554432 (custom)
2019-07-16 14:41:22,159 INFO  server.RaftServerConfigKeys (ConfUtils.java:logGet(43)) - raft.server.log.segment.size.max = 1048576 (custom)
2019-07-16 14:41:22,159 INFO  server.RaftServerConfigKeys (ConfUtils.java:logGet(43)) - raft.server.log.segment.cache.num.max = 2 (custom)
2019-07-16 14:41:22,159 INFO  segmented.SegmentedRaftLogWorker (SegmentedRaftLogWorker.java:<init>(172)) - new c74f5942-f647-4ad8-aff9-d480222fb421-SegmentedRaftLogWorker:Storage Directory /workdir/hadoop-ozone/integration-test/target/test-dir/MiniOzoneClusterImpl-654f8f73-ed3e-46e1-aeb9-b0ce3cfc6d3c/datanode-4/data/ratis/9393167a-f21f-485d-a5a4-a4b8a5270277 for RaftStorage:Storage Directory /workdir/hadoop-ozone/integration-test/target/test-dir/MiniOzoneClusterImpl-654f8f73-ed3e-46e1-aeb9-b0ce3cfc6d3c/datanode-4/data/ratis/9393167a-f21f-485d-a5a4-a4b8a5270277
2019-07-16 14:41:22,161 INFO  server.RaftServerConfigKeys (ConfUtils.java:logGet(43)) - raft.server.log.queue.byte-limit = 2147483647 (custom)
2019-07-16 14:41:22,161 INFO  server.RaftServerConfigKeys (ConfUtils.java:logGet(43)) - raft.server.log.queue.element-limit = 1024 (custom)
2019-07-16 14:41:22,161 INFO  server.RaftServerConfigKeys (ConfUtils.java:logGet(43)) - raft.server.log.segment.size.max = 1048576 (custom)
2019-07-16 14:41:22,161 INFO  server.RaftServerConfigKeys (ConfUtils.java:logGet(43)) - raft.server.log.preallocated.size = 16384 (custom)
2019-07-16 14:41:22,161 INFO  server.RaftServerConfigKeys (ConfUtils.java:logGet(43)) - raft.server.log.write.buffer.size = 33554432 (custom)
2019-07-16 14:41:22,162 INFO  server.RaftServerConfigKeys (ConfUtils.java:logGet(43)) - raft.server.log.force.sync.num = 128 (default)
2019-07-16 14:41:22,162 INFO  server.RaftServerConfigKeys (ConfUtils.java:logGet(43)) - raft.server.log.statemachine.data.sync = true (default)
2019-07-16 14:41:22,162 INFO  server.RaftServerConfigKeys (ConfUtils.java:logGet(43)) - raft.server.log.statemachine.data.sync.timeout = 10s (default)
2019-07-16 14:41:22,162 INFO  server.RaftServerConfigKeys (ConfUtils.java:logGet(43)) - raft.server.log.statemachine.data.sync.timeout.retry = -1 (default)
2019-07-16 14:41:22,162 INFO  server.RaftServerConfigKeys (ConfUtils.java:logGet(43)) - raft.server.log.statemachine.data.caching.enabled = true (custom)
2019-07-16 14:41:22,163 INFO  segmented.SegmentedRaftLogWorker (SegmentedRaftLogWorker.java:lambda$new$0(132)) - c74f5942-f647-4ad8-aff9-d480222fb421-SegmentedRaftLogWorker:Storage Directory /workdir/hadoop-ozone/integration-test/target/test-dir/MiniOzoneClusterImpl-654f8f73-ed3e-46e1-aeb9-b0ce3cfc6d3c/datanode-4/data/ratis/9393167a-f21f-485d-a5a4-a4b8a5270277: flushIndex: setUnconditionally 0 -> -1
2019-07-16 14:41:22,163 INFO  server.RaftServerConfigKeys (ConfUtils.java:logGet(43)) - raft.server.snapshot.auto.trigger.enabled = true (custom)
2019-07-16 14:41:22,163 INFO  server.RaftServerConfigKeys (ConfUtils.java:logGet(43)) - raft.server.snapshot.auto.trigger.threshold = 10000 (custom)
2019-07-16 14:41:22,164 INFO  server.RaftServerConfigKeys (ConfUtils.java:logGet(43)) - raft.server.retrycache.expirytime = 600000ms (custom)
2019-07-16 14:41:22,164 INFO  impl.RaftServerImpl (RaftServerImpl.java:start(180)) - c74f5942-f647-4ad8-aff9-d480222fb421: start group-A4B8A5270277
2019-07-16 14:41:22,164 INFO  impl.RaftServerImpl (RaftServerImpl.java:setRole(171)) - c74f5942-f647-4ad8-aff9-d480222fb421:group-A4B8A5270277 changes role from null to FOLLOWER at term 0 for startAsFollower
2019-07-16 14:41:22,164 INFO  impl.RoleInfo (RoleInfo.java:updateAndGet(143)) - c74f5942-f647-4ad8-aff9-d480222fb421: start FollowerState
2019-07-16 14:41:22,166 INFO  util.JmxRegister (JmxRegister.java:tryRegister(44)) - Successfully registered JMX Bean with object name Ratis:service=RaftServer,group=group-A4B8A5270277,id=c74f5942-f647-4ad8-aff9-d480222fb421
2019-07-16 14:41:22,181 INFO  pipeline.PipelineStateManager (PipelineStateManager.java:addPipeline(56)) - Created pipeline Pipeline[ Id: 9393167a-f21f-485d-a5a4-a4b8a5270277, Nodes: c74f5942-f647-4ad8-aff9-d480222fb421{ip: 192.168.5.141, host: byscane-nightly-ppzk5-1864156943, networkLocation: /default-rack, certSerialId: null}, Type:RATIS, Factor:ONE, State:OPEN]
2019-07-16 14:41:22,205 INFO  impl.RaftServerProxy (RaftServerProxy.java:addNew(89)) - c16dce58-043d-4666-996b-a7f6e1d189b5: addNew group-33F8199A2BC4:[c16dce58-043d-4666-996b-a7f6e1d189b5:192.168.5.141:38994] returns group-33F8199A2BC4:java.util.concurrent.CompletableFuture@5e0908a7[Not completed]
2019-07-16 14:41:22,209 INFO  impl.RaftServerImpl (RaftServerImpl.java:<init>(93)) - c16dce58-043d-4666-996b-a7f6e1d189b5: new RaftServerImpl for group-33F8199A2BC4:[c16dce58-043d-4666-996b-a7f6e1d189b5:192.168.5.141:38994] with ContainerStateMachine:uninitialized
2019-07-16 14:41:22,211 INFO  server.RaftServerConfigKeys (ConfUtils.java:logGet(43)) - raft.server.rpc.timeout.min = 5s (custom)
2019-07-16 14:41:22,211 INFO  server.RaftServerConfigKeys (ConfUtils.java:logGet(43)) - raft.server.rpc.timeout.max = 5200ms (custom)
2019-07-16 14:41:22,211 INFO  server.RaftServerConfigKeys (ConfUtils.java:logGet(43)) - raft.server.rpcslowness.timeout = 120s (custom)
2019-07-16 14:41:22,211 INFO  server.RaftServerConfigKeys (ConfUtils.java:logGet(43)) - raft.server.sleep.deviation.threshold = 300 (default)
2019-07-16 14:41:22,211 INFO  server.RaftServerConfigKeys (ConfUtils.java:logGet(43)) - raft.server.log.appender.install.snapshot.enabled = false (custom)
2019-07-16 14:41:22,211 INFO  impl.RaftServerImpl (ServerState.java:<init>(105)) - c16dce58-043d-4666-996b-a7f6e1d189b5:group-33F8199A2BC4 ConfigurationManager, init=-1: [c16dce58-043d-4666-996b-a7f6e1d189b5:192.168.5.141:38994], old=null, confs=<EMPTY_MAP>
2019-07-16 14:41:22,211 INFO  server.RaftServerConfigKeys (ConfUtils.java:logGet(43)) - raft.server.storage.dir = [/workdir/hadoop-ozone/integration-test/target/test-dir/MiniOzoneClusterImpl-654f8f73-ed3e-46e1-aeb9-b0ce3cfc6d3c/datanode-5/data/ratis] (custom)
2019-07-16 14:41:22,212 INFO  storage.RaftStorageDirectory (RaftStorageDirectory.java:analyzeStorage(246)) - The storage directory /workdir/hadoop-ozone/integration-test/target/test-dir/MiniOzoneClusterImpl-654f8f73-ed3e-46e1-aeb9-b0ce3cfc6d3c/datanode-5/data/ratis/f081c436-5c8e-4cd2-8c7b-33f8199a2bc4 does not exist. Creating ...
2019-07-16 14:41:22,216 INFO  storage.RaftStorageDirectory (RaftStorageDirectory.java:tryLock(328)) - Lock on /workdir/hadoop-ozone/integration-test/target/test-dir/MiniOzoneClusterImpl-654f8f73-ed3e-46e1-aeb9-b0ce3cfc6d3c/datanode-5/data/ratis/f081c436-5c8e-4cd2-8c7b-33f8199a2bc4/in_use.lock acquired by nodename 10425@byscane-nightly-ppzk5-1864156943
2019-07-16 14:41:22,220 INFO  storage.RaftStorage (RaftStorage.java:format(72)) - Storage directory /workdir/hadoop-ozone/integration-test/target/test-dir/MiniOzoneClusterImpl-654f8f73-ed3e-46e1-aeb9-b0ce3cfc6d3c/datanode-5/data/ratis/f081c436-5c8e-4cd2-8c7b-33f8199a2bc4 has been successfully formatted.
2019-07-16 14:41:22,220 INFO  ratis.ContainerStateMachine (ContainerStateMachine.java:loadSnapshot(199)) - group-33F8199A2BC4: The snapshot info is null. Setting the last applied indexto:(t:0, i:~)
2019-07-16 14:41:22,220 INFO  server.RaftServerConfigKeys (ConfUtils.java:logGet(43)) - raft.server.leader.election.timeout = 120s (custom)
2019-07-16 14:41:22,220 INFO  server.RaftServerConfigKeys (ConfUtils.java:logGet(43)) - raft.server.log.use.memory = false (default)
2019-07-16 14:41:22,220 INFO  server.RaftServerConfigKeys (ConfUtils.java:logGet(43)) - raft.server.log.purge.gap = 1000000000 (custom)
2019-07-16 14:41:22,221 INFO  server.RaftServerConfigKeys (ConfUtils.java:logGet(43)) - raft.server.log.appender.buffer.byte-limit = 33554432 (custom)
2019-07-16 14:41:22,221 INFO  server.RaftServerConfigKeys (ConfUtils.java:logGet(43)) - raft.server.log.segment.size.max = 1048576 (custom)
2019-07-16 14:41:22,221 INFO  server.RaftServerConfigKeys (ConfUtils.java:logGet(43)) - raft.server.log.segment.cache.num.max = 2 (custom)
2019-07-16 14:41:22,221 INFO  segmented.SegmentedRaftLogWorker (SegmentedRaftLogWorker.java:<init>(172)) - new c16dce58-043d-4666-996b-a7f6e1d189b5-SegmentedRaftLogWorker:Storage Directory /workdir/hadoop-ozone/integration-test/target/test-dir/MiniOzoneClusterImpl-654f8f73-ed3e-46e1-aeb9-b0ce3cfc6d3c/datanode-5/data/ratis/f081c436-5c8e-4cd2-8c7b-33f8199a2bc4 for RaftStorage:Storage Directory /workdir/hadoop-ozone/integration-test/target/test-dir/MiniOzoneClusterImpl-654f8f73-ed3e-46e1-aeb9-b0ce3cfc6d3c/datanode-5/data/ratis/f081c436-5c8e-4cd2-8c7b-33f8199a2bc4
2019-07-16 14:41:22,221 INFO  server.RaftServerConfigKeys (ConfUtils.java:logGet(43)) - raft.server.log.queue.byte-limit = 2147483647 (custom)
2019-07-16 14:41:22,221 INFO  server.RaftServerConfigKeys (ConfUtils.java:logGet(43)) - raft.server.log.queue.element-limit = 1024 (custom)
2019-07-16 14:41:22,221 INFO  server.RaftServerConfigKeys (ConfUtils.java:logGet(43)) - raft.server.log.segment.size.max = 1048576 (custom)
2019-07-16 14:41:22,222 INFO  server.RaftServerConfigKeys (ConfUtils.java:logGet(43)) - raft.server.log.preallocated.size = 16384 (custom)
2019-07-16 14:41:22,222 INFO  server.RaftServerConfigKeys (ConfUtils.java:logGet(43)) - raft.server.log.write.buffer.size = 33554432 (custom)
2019-07-16 14:41:22,222 INFO  server.RaftServerConfigKeys (ConfUtils.java:logGet(43)) - raft.server.log.force.sync.num = 128 (default)
2019-07-16 14:41:22,222 INFO  server.RaftServerConfigKeys (ConfUtils.java:logGet(43)) - raft.server.log.statemachine.data.sync = true (default)
2019-07-16 14:41:22,222 INFO  server.RaftServerConfigKeys (ConfUtils.java:logGet(43)) - raft.server.log.statemachine.data.sync.timeout = 10s (default)
2019-07-16 14:41:22,222 INFO  server.RaftServerConfigKeys (ConfUtils.java:logGet(43)) - raft.server.log.statemachine.data.sync.timeout.retry = -1 (default)
2019-07-16 14:41:22,222 INFO  server.RaftServerConfigKeys (ConfUtils.java:logGet(43)) - raft.server.log.statemachine.data.caching.enabled = true (custom)
2019-07-16 14:41:22,223 INFO  segmented.SegmentedRaftLogWorker (SegmentedRaftLogWorker.java:lambda$new$0(132)) - c16dce58-043d-4666-996b-a7f6e1d189b5-SegmentedRaftLogWorker:Storage Directory /workdir/hadoop-ozone/integration-test/target/test-dir/MiniOzoneClusterImpl-654f8f73-ed3e-46e1-aeb9-b0ce3cfc6d3c/datanode-5/data/ratis/f081c436-5c8e-4cd2-8c7b-33f8199a2bc4: flushIndex: setUnconditionally 0 -> -1
2019-07-16 14:41:22,223 INFO  server.RaftServerConfigKeys (ConfUtils.java:logGet(43)) - raft.server.snapshot.auto.trigger.enabled = true (custom)
2019-07-16 14:41:22,223 INFO  server.RaftServerConfigKeys (ConfUtils.java:logGet(43)) - raft.server.snapshot.auto.trigger.threshold = 10000 (custom)
2019-07-16 14:41:22,223 INFO  server.RaftServerConfigKeys (ConfUtils.java:logGet(43)) - raft.server.retrycache.expirytime = 600000ms (custom)
2019-07-16 14:41:22,223 INFO  impl.RaftServerImpl (RaftServerImpl.java:start(180)) - c16dce58-043d-4666-996b-a7f6e1d189b5: start group-33F8199A2BC4
2019-07-16 14:41:22,224 INFO  impl.RaftServerImpl (RaftServerImpl.java:setRole(171)) - c16dce58-043d-4666-996b-a7f6e1d189b5:group-33F8199A2BC4 changes role from null to FOLLOWER at term 0 for startAsFollower
2019-07-16 14:41:22,224 INFO  impl.RoleInfo (RoleInfo.java:updateAndGet(143)) - c16dce58-043d-4666-996b-a7f6e1d189b5: start FollowerState
2019-07-16 14:41:22,224 INFO  util.JmxRegister (JmxRegister.java:tryRegister(44)) - Successfully registered JMX Bean with object name Ratis:service=RaftServer,group=group-33F8199A2BC4,id=c16dce58-043d-4666-996b-a7f6e1d189b5
2019-07-16 14:41:22,233 INFO  pipeline.PipelineStateManager (PipelineStateManager.java:addPipeline(56)) - Created pipeline Pipeline[ Id: f081c436-5c8e-4cd2-8c7b-33f8199a2bc4, Nodes: c16dce58-043d-4666-996b-a7f6e1d189b5{ip: 192.168.5.141, host: byscane-nightly-ppzk5-1864156943, networkLocation: /default-rack, certSerialId: null}, Type:RATIS, Factor:ONE, State:OPEN]
2019-07-16 14:41:22,250 INFO  impl.RaftServerProxy (RaftServerProxy.java:addNew(89)) - 2af975a7-b39b-42b5-9d45-cc1628e24ae8: addNew group-92320F0AB8BE:[2af975a7-b39b-42b5-9d45-cc1628e24ae8:192.168.5.141:46376] returns group-92320F0AB8BE:java.util.concurrent.CompletableFuture@751781a9[Not completed]
2019-07-16 14:41:22,251 INFO  impl.RaftServerImpl (RaftServerImpl.java:<init>(93)) - 2af975a7-b39b-42b5-9d45-cc1628e24ae8: new RaftServerImpl for group-92320F0AB8BE:[2af975a7-b39b-42b5-9d45-cc1628e24ae8:192.168.5.141:46376] with ContainerStateMachine:uninitialized
2019-07-16 14:41:22,253 INFO  server.RaftServerConfigKeys (ConfUtils.java:logGet(43)) - raft.server.rpc.timeout.min = 5s (custom)
2019-07-16 14:41:22,253 INFO  server.RaftServerConfigKeys (ConfUtils.java:logGet(43)) - raft.server.rpc.timeout.max = 5200ms (custom)
2019-07-16 14:41:22,253 INFO  server.RaftServerConfigKeys (ConfUtils.java:logGet(43)) - raft.server.rpcslowness.timeout = 120s (custom)
2019-07-16 14:41:22,253 INFO  server.RaftServerConfigKeys (ConfUtils.java:logGet(43)) - raft.server.sleep.deviation.threshold = 300 (default)
2019-07-16 14:41:22,253 INFO  server.RaftServerConfigKeys (ConfUtils.java:logGet(43)) - raft.server.log.appender.install.snapshot.enabled = false (custom)
2019-07-16 14:41:22,254 INFO  impl.RaftServerImpl (ServerState.java:<init>(105)) - 2af975a7-b39b-42b5-9d45-cc1628e24ae8:group-92320F0AB8BE ConfigurationManager, init=-1: [2af975a7-b39b-42b5-9d45-cc1628e24ae8:192.168.5.141:46376], old=null, confs=<EMPTY_MAP>
2019-07-16 14:41:22,254 INFO  server.RaftServerConfigKeys (ConfUtils.java:logGet(43)) - raft.server.storage.dir = [/workdir/hadoop-ozone/integration-test/target/test-dir/MiniOzoneClusterImpl-654f8f73-ed3e-46e1-aeb9-b0ce3cfc6d3c/datanode-2/data/ratis] (custom)
2019-07-16 14:41:22,254 INFO  storage.RaftStorageDirectory (RaftStorageDirectory.java:analyzeStorage(246)) - The storage directory /workdir/hadoop-ozone/integration-test/target/test-dir/MiniOzoneClusterImpl-654f8f73-ed3e-46e1-aeb9-b0ce3cfc6d3c/datanode-2/data/ratis/bdd1a733-70d4-4417-be06-92320f0ab8be does not exist. Creating ...
2019-07-16 14:41:22,257 INFO  storage.RaftStorageDirectory (RaftStorageDirectory.java:tryLock(328)) - Lock on /workdir/hadoop-ozone/integration-test/target/test-dir/MiniOzoneClusterImpl-654f8f73-ed3e-46e1-aeb9-b0ce3cfc6d3c/datanode-2/data/ratis/bdd1a733-70d4-4417-be06-92320f0ab8be/in_use.lock acquired by nodename 10425@byscane-nightly-ppzk5-1864156943
2019-07-16 14:41:22,261 INFO  storage.RaftStorage (RaftStorage.java:format(72)) - Storage directory /workdir/hadoop-ozone/integration-test/target/test-dir/MiniOzoneClusterImpl-654f8f73-ed3e-46e1-aeb9-b0ce3cfc6d3c/datanode-2/data/ratis/bdd1a733-70d4-4417-be06-92320f0ab8be has been successfully formatted.
2019-07-16 14:41:22,262 INFO  ratis.ContainerStateMachine (ContainerStateMachine.java:loadSnapshot(199)) - group-92320F0AB8BE: The snapshot info is null. Setting the last applied indexto:(t:0, i:~)
2019-07-16 14:41:22,262 INFO  server.RaftServerConfigKeys (ConfUtils.java:logGet(43)) - raft.server.leader.election.timeout = 120s (custom)
2019-07-16 14:41:22,262 INFO  server.RaftServerConfigKeys (ConfUtils.java:logGet(43)) - raft.server.log.use.memory = false (default)
2019-07-16 14:41:22,262 INFO  server.RaftServerConfigKeys (ConfUtils.java:logGet(43)) - raft.server.log.purge.gap = 1000000000 (custom)
2019-07-16 14:41:22,262 INFO  server.RaftServerConfigKeys (ConfUtils.java:logGet(43)) - raft.server.log.appender.buffer.byte-limit = 33554432 (custom)
2019-07-16 14:41:22,262 INFO  server.RaftServerConfigKeys (ConfUtils.java:logGet(43)) - raft.server.log.segment.size.max = 1048576 (custom)
2019-07-16 14:41:22,263 INFO  server.RaftServerConfigKeys (ConfUtils.java:logGet(43)) - raft.server.log.segment.cache.num.max = 2 (custom)
2019-07-16 14:41:22,263 INFO  segmented.SegmentedRaftLogWorker (SegmentedRaftLogWorker.java:<init>(172)) - new 2af975a7-b39b-42b5-9d45-cc1628e24ae8-SegmentedRaftLogWorker:Storage Directory /workdir/hadoop-ozone/integration-test/target/test-dir/MiniOzoneClusterImpl-654f8f73-ed3e-46e1-aeb9-b0ce3cfc6d3c/datanode-2/data/ratis/bdd1a733-70d4-4417-be06-92320f0ab8be for RaftStorage:Storage Directory /workdir/hadoop-ozone/integration-test/target/test-dir/MiniOzoneClusterImpl-654f8f73-ed3e-46e1-aeb9-b0ce3cfc6d3c/datanode-2/data/ratis/bdd1a733-70d4-4417-be06-92320f0ab8be
2019-07-16 14:41:22,263 INFO  server.RaftServerConfigKeys (ConfUtils.java:logGet(43)) - raft.server.log.queue.byte-limit = 2147483647 (custom)
2019-07-16 14:41:22,263 INFO  server.RaftServerConfigKeys (ConfUtils.java:logGet(43)) - raft.server.log.queue.element-limit = 1024 (custom)
2019-07-16 14:41:22,264 INFO  server.RaftServerConfigKeys (ConfUtils.java:logGet(43)) - raft.server.log.segment.size.max = 1048576 (custom)
2019-07-16 14:41:22,264 INFO  server.RaftServerConfigKeys (ConfUtils.java:logGet(43)) - raft.server.log.preallocated.size = 16384 (custom)
2019-07-16 14:41:22,264 INFO  server.RaftServerConfigKeys (ConfUtils.java:logGet(43)) - raft.server.log.write.buffer.size = 33554432 (custom)
2019-07-16 14:41:22,264 INFO  server.RaftServerConfigKeys (ConfUtils.java:logGet(43)) - raft.server.log.force.sync.num = 128 (default)
2019-07-16 14:41:22,264 INFO  server.RaftServerConfigKeys (ConfUtils.java:logGet(43)) - raft.server.log.statemachine.data.sync = true (default)
2019-07-16 14:41:22,264 INFO  server.RaftServerConfigKeys (ConfUtils.java:logGet(43)) - raft.server.log.statemachine.data.sync.timeout = 10s (default)
2019-07-16 14:41:22,265 INFO  server.RaftServerConfigKeys (ConfUtils.java:logGet(43)) - raft.server.log.statemachine.data.sync.timeout.retry = -1 (default)
2019-07-16 14:41:22,265 INFO  server.RaftServerConfigKeys (ConfUtils.java:logGet(43)) - raft.server.log.statemachine.data.caching.enabled = true (custom)
2019-07-16 14:41:22,265 INFO  segmented.SegmentedRaftLogWorker (SegmentedRaftLogWorker.java:lambda$new$0(132)) - 2af975a7-b39b-42b5-9d45-cc1628e24ae8-SegmentedRaftLogWorker:Storage Directory /workdir/hadoop-ozone/integration-test/target/test-dir/MiniOzoneClusterImpl-654f8f73-ed3e-46e1-aeb9-b0ce3cfc6d3c/datanode-2/data/ratis/bdd1a733-70d4-4417-be06-92320f0ab8be: flushIndex: setUnconditionally 0 -> -1
2019-07-16 14:41:22,266 INFO  server.RaftServerConfigKeys (ConfUtils.java:logGet(43)) - raft.server.snapshot.auto.trigger.enabled = true (custom)
2019-07-16 14:41:22,266 INFO  server.RaftServerConfigKeys (ConfUtils.java:logGet(43)) - raft.server.snapshot.auto.trigger.threshold = 10000 (custom)
2019-07-16 14:41:22,266 INFO  server.RaftServerConfigKeys (ConfUtils.java:logGet(43)) - raft.server.retrycache.expirytime = 600000ms (custom)
2019-07-16 14:41:22,266 INFO  impl.RaftServerImpl (RaftServerImpl.java:start(180)) - 2af975a7-b39b-42b5-9d45-cc1628e24ae8: start group-92320F0AB8BE
2019-07-16 14:41:22,267 INFO  impl.RaftServerImpl (RaftServerImpl.java:setRole(171)) - 2af975a7-b39b-42b5-9d45-cc1628e24ae8:group-92320F0AB8BE changes role from null to FOLLOWER at term 0 for startAsFollower
2019-07-16 14:41:22,267 INFO  impl.RoleInfo (RoleInfo.java:updateAndGet(143)) - 2af975a7-b39b-42b5-9d45-cc1628e24ae8: start FollowerState
2019-07-16 14:41:22,267 INFO  util.JmxRegister (JmxRegister.java:tryRegister(44)) - Successfully registered JMX Bean with object name Ratis:service=RaftServer,group=group-92320F0AB8BE,id=2af975a7-b39b-42b5-9d45-cc1628e24ae8
2019-07-16 14:41:22,276 INFO  pipeline.PipelineStateManager (PipelineStateManager.java:addPipeline(56)) - Created pipeline Pipeline[ Id: bdd1a733-70d4-4417-be06-92320f0ab8be, Nodes: 2af975a7-b39b-42b5-9d45-cc1628e24ae8{ip: 192.168.5.141, host: byscane-nightly-ppzk5-1864156943, networkLocation: /default-rack, certSerialId: null}, Type:RATIS, Factor:ONE, State:OPEN]
2019-07-16 14:41:22,294 INFO  impl.RaftServerProxy (RaftServerProxy.java:addNew(89)) - 46909a66-9671-4184-a7a9-99686a76f5e8: addNew group-0AE163A3B348:[46909a66-9671-4184-a7a9-99686a76f5e8:192.168.5.141:39464] returns group-0AE163A3B348:java.util.concurrent.CompletableFuture@10c10fb[Not completed]
2019-07-16 14:41:22,295 INFO  impl.RaftServerImpl (RaftServerImpl.java:<init>(93)) - 46909a66-9671-4184-a7a9-99686a76f5e8: new RaftServerImpl for group-0AE163A3B348:[46909a66-9671-4184-a7a9-99686a76f5e8:192.168.5.141:39464] with ContainerStateMachine:uninitialized
2019-07-16 14:41:22,296 INFO  server.RaftServerConfigKeys (ConfUtils.java:logGet(43)) - raft.server.rpc.timeout.min = 5s (custom)
2019-07-16 14:41:22,296 INFO  server.RaftServerConfigKeys (ConfUtils.java:logGet(43)) - raft.server.rpc.timeout.max = 5200ms (custom)
2019-07-16 14:41:22,297 INFO  server.RaftServerConfigKeys (ConfUtils.java:logGet(43)) - raft.server.rpcslowness.timeout = 120s (custom)
2019-07-16 14:41:22,297 INFO  server.RaftServerConfigKeys (ConfUtils.java:logGet(43)) - raft.server.sleep.deviation.threshold = 300 (default)
2019-07-16 14:41:22,297 INFO  server.RaftServerConfigKeys (ConfUtils.java:logGet(43)) - raft.server.log.appender.install.snapshot.enabled = false (custom)
2019-07-16 14:41:22,297 INFO  impl.RaftServerImpl (ServerState.java:<init>(105)) - 46909a66-9671-4184-a7a9-99686a76f5e8:group-0AE163A3B348 ConfigurationManager, init=-1: [46909a66-9671-4184-a7a9-99686a76f5e8:192.168.5.141:39464], old=null, confs=<EMPTY_MAP>
2019-07-16 14:41:22,297 INFO  server.RaftServerConfigKeys (ConfUtils.java:logGet(43)) - raft.server.storage.dir = [/workdir/hadoop-ozone/integration-test/target/test-dir/MiniOzoneClusterImpl-654f8f73-ed3e-46e1-aeb9-b0ce3cfc6d3c/datanode-3/data/ratis] (custom)
2019-07-16 14:41:22,298 INFO  storage.RaftStorageDirectory (RaftStorageDirectory.java:analyzeStorage(246)) - The storage directory /workdir/hadoop-ozone/integration-test/target/test-dir/MiniOzoneClusterImpl-654f8f73-ed3e-46e1-aeb9-b0ce3cfc6d3c/datanode-3/data/ratis/b5970bb9-2f46-4e6e-97e3-0ae163a3b348 does not exist. Creating ...
2019-07-16 14:41:22,311 INFO  storage.RaftStorageDirectory (RaftStorageDirectory.java:tryLock(328)) - Lock on /workdir/hadoop-ozone/integration-test/target/test-dir/MiniOzoneClusterImpl-654f8f73-ed3e-46e1-aeb9-b0ce3cfc6d3c/datanode-3/data/ratis/b5970bb9-2f46-4e6e-97e3-0ae163a3b348/in_use.lock acquired by nodename 10425@byscane-nightly-ppzk5-1864156943
2019-07-16 14:41:22,316 INFO  storage.RaftStorage (RaftStorage.java:format(72)) - Storage directory /workdir/hadoop-ozone/integration-test/target/test-dir/MiniOzoneClusterImpl-654f8f73-ed3e-46e1-aeb9-b0ce3cfc6d3c/datanode-3/data/ratis/b5970bb9-2f46-4e6e-97e3-0ae163a3b348 has been successfully formatted.
2019-07-16 14:41:22,316 INFO  ratis.ContainerStateMachine (ContainerStateMachine.java:loadSnapshot(199)) - group-0AE163A3B348: The snapshot info is null. Setting the last applied indexto:(t:0, i:~)
2019-07-16 14:41:22,317 INFO  server.RaftServerConfigKeys (ConfUtils.java:logGet(43)) - raft.server.leader.election.timeout = 120s (custom)
2019-07-16 14:41:22,317 INFO  server.RaftServerConfigKeys (ConfUtils.java:logGet(43)) - raft.server.log.use.memory = false (default)
2019-07-16 14:41:22,317 INFO  server.RaftServerConfigKeys (ConfUtils.java:logGet(43)) - raft.server.log.purge.gap = 1000000000 (custom)
2019-07-16 14:41:22,317 INFO  server.RaftServerConfigKeys (ConfUtils.java:logGet(43)) - raft.server.log.appender.buffer.byte-limit = 33554432 (custom)
2019-07-16 14:41:22,318 INFO  server.RaftServerConfigKeys (ConfUtils.java:logGet(43)) - raft.server.log.segment.size.max = 1048576 (custom)
2019-07-16 14:41:22,318 INFO  server.RaftServerConfigKeys (ConfUtils.java:logGet(43)) - raft.server.log.segment.cache.num.max = 2 (custom)
2019-07-16 14:41:22,318 INFO  segmented.SegmentedRaftLogWorker (SegmentedRaftLogWorker.java:<init>(172)) - new 46909a66-9671-4184-a7a9-99686a76f5e8-SegmentedRaftLogWorker:Storage Directory /workdir/hadoop-ozone/integration-test/target/test-dir/MiniOzoneClusterImpl-654f8f73-ed3e-46e1-aeb9-b0ce3cfc6d3c/datanode-3/data/ratis/b5970bb9-2f46-4e6e-97e3-0ae163a3b348 for RaftStorage:Storage Directory /workdir/hadoop-ozone/integration-test/target/test-dir/MiniOzoneClusterImpl-654f8f73-ed3e-46e1-aeb9-b0ce3cfc6d3c/datanode-3/data/ratis/b5970bb9-2f46-4e6e-97e3-0ae163a3b348
2019-07-16 14:41:22,319 INFO  server.RaftServerConfigKeys (ConfUtils.java:logGet(43)) - raft.server.log.queue.byte-limit = 2147483647 (custom)
2019-07-16 14:41:22,319 INFO  server.RaftServerConfigKeys (ConfUtils.java:logGet(43)) - raft.server.log.queue.element-limit = 1024 (custom)
2019-07-16 14:41:22,319 INFO  server.RaftServerConfigKeys (ConfUtils.java:logGet(43)) - raft.server.log.segment.size.max = 1048576 (custom)
2019-07-16 14:41:22,319 INFO  server.RaftServerConfigKeys (ConfUtils.java:logGet(43)) - raft.server.log.preallocated.size = 16384 (custom)
2019-07-16 14:41:22,320 INFO  server.RaftServerConfigKeys (ConfUtils.java:logGet(43)) - raft.server.log.write.buffer.size = 33554432 (custom)
2019-07-16 14:41:22,320 INFO  server.RaftServerConfigKeys (ConfUtils.java:logGet(43)) - raft.server.log.force.sync.num = 128 (default)
2019-07-16 14:41:22,320 INFO  server.RaftServerConfigKeys (ConfUtils.java:logGet(43)) - raft.server.log.statemachine.data.sync = true (default)
2019-07-16 14:41:22,320 INFO  server.RaftServerConfigKeys (ConfUtils.java:logGet(43)) - raft.server.log.statemachine.data.sync.timeout = 10s (default)
2019-07-16 14:41:22,320 INFO  server.RaftServerConfigKeys (ConfUtils.java:logGet(43)) - raft.server.log.statemachine.data.sync.timeout.retry = -1 (default)
2019-07-16 14:41:22,321 INFO  server.RaftServerConfigKeys (ConfUtils.java:logGet(43)) - raft.server.log.statemachine.data.caching.enabled = true (custom)
2019-07-16 14:41:22,322 INFO  segmented.SegmentedRaftLogWorker (SegmentedRaftLogWorker.java:lambda$new$0(132)) - 46909a66-9671-4184-a7a9-99686a76f5e8-SegmentedRaftLogWorker:Storage Directory /workdir/hadoop-ozone/integration-test/target/test-dir/MiniOzoneClusterImpl-654f8f73-ed3e-46e1-aeb9-b0ce3cfc6d3c/datanode-3/data/ratis/b5970bb9-2f46-4e6e-97e3-0ae163a3b348: flushIndex: setUnconditionally 0 -> -1
2019-07-16 14:41:22,322 INFO  server.RaftServerConfigKeys (ConfUtils.java:logGet(43)) - raft.server.snapshot.auto.trigger.enabled = true (custom)
2019-07-16 14:41:22,322 INFO  server.RaftServerConfigKeys (ConfUtils.java:logGet(43)) - raft.server.snapshot.auto.trigger.threshold = 10000 (custom)
2019-07-16 14:41:22,323 INFO  server.RaftServerConfigKeys (ConfUtils.java:logGet(43)) - raft.server.retrycache.expirytime = 600000ms (custom)
2019-07-16 14:41:22,323 INFO  impl.RaftServerImpl (RaftServerImpl.java:start(180)) - 46909a66-9671-4184-a7a9-99686a76f5e8: start group-0AE163A3B348
2019-07-16 14:41:22,323 INFO  impl.RaftServerImpl (RaftServerImpl.java:setRole(171)) - 46909a66-9671-4184-a7a9-99686a76f5e8:group-0AE163A3B348 changes role from null to FOLLOWER at term 0 for startAsFollower
2019-07-16 14:41:22,324 INFO  impl.RoleInfo (RoleInfo.java:updateAndGet(143)) - 46909a66-9671-4184-a7a9-99686a76f5e8: start FollowerState
2019-07-16 14:41:22,324 INFO  util.JmxRegister (JmxRegister.java:tryRegister(44)) - Successfully registered JMX Bean with object name Ratis:service=RaftServer,group=group-0AE163A3B348,id=46909a66-9671-4184-a7a9-99686a76f5e8
2019-07-16 14:41:22,357 INFO  pipeline.PipelineStateManager (PipelineStateManager.java:addPipeline(56)) - Created pipeline Pipeline[ Id: b5970bb9-2f46-4e6e-97e3-0ae163a3b348, Nodes: 46909a66-9671-4184-a7a9-99686a76f5e8{ip: 192.168.5.141, host: byscane-nightly-ppzk5-1864156943, networkLocation: /default-rack, certSerialId: null}, Type:RATIS, Factor:ONE, State:OPEN]
2019-07-16 14:41:22,358 INFO  ozone.MiniOzoneClusterImpl (MiniOzoneClusterImpl.java:lambda$waitForClusterToBeReady$0(142)) - Waiting for cluster to be ready. Got 6 of 7 DN Heartbeats.
2019-07-16 14:41:22,362 INFO  node.SCMNodeManager (SCMNodeManager.java:register(268)) - Registered Data node : 37bf539c-2315-4c32-a4e0-600708ac3028{ip: 192.168.5.141, host: byscane-nightly-ppzk5-1864156943, networkLocation: /default-rack, certSerialId: null}
2019-07-16 14:41:22,395 INFO  impl.RaftServerProxy (RaftServerProxy.java:addNew(89)) - 6e57c38f-761a-40e0-8ec9-fd0c09b9b830: addNew group-680B078665B1:[6e57c38f-761a-40e0-8ec9-fd0c09b9b830:192.168.5.141:34421] returns group-680B078665B1:java.util.concurrent.CompletableFuture@25657430[Not completed]
2019-07-16 14:41:22,397 INFO  impl.RaftServerImpl (RaftServerImpl.java:<init>(93)) - 6e57c38f-761a-40e0-8ec9-fd0c09b9b830: new RaftServerImpl for group-680B078665B1:[6e57c38f-761a-40e0-8ec9-fd0c09b9b830:192.168.5.141:34421] with ContainerStateMachine:uninitialized
2019-07-16 14:41:22,398 INFO  server.RaftServerConfigKeys (ConfUtils.java:logGet(43)) - raft.server.rpc.timeout.min = 5s (custom)
2019-07-16 14:41:22,399 INFO  server.RaftServerConfigKeys (ConfUtils.java:logGet(43)) - raft.server.rpc.timeout.max = 5200ms (custom)
2019-07-16 14:41:22,399 INFO  server.RaftServerConfigKeys (ConfUtils.java:logGet(43)) - raft.server.rpcslowness.timeout = 120s (custom)
2019-07-16 14:41:22,399 INFO  server.RaftServerConfigKeys (ConfUtils.java:logGet(43)) - raft.server.sleep.deviation.threshold = 300 (default)
2019-07-16 14:41:22,399 INFO  server.RaftServerConfigKeys (ConfUtils.java:logGet(43)) - raft.server.log.appender.install.snapshot.enabled = false (custom)
2019-07-16 14:41:22,399 INFO  impl.RaftServerImpl (ServerState.java:<init>(105)) - 6e57c38f-761a-40e0-8ec9-fd0c09b9b830:group-680B078665B1 ConfigurationManager, init=-1: [6e57c38f-761a-40e0-8ec9-fd0c09b9b830:192.168.5.141:34421], old=null, confs=<EMPTY_MAP>
2019-07-16 14:41:22,399 INFO  server.RaftServerConfigKeys (ConfUtils.java:logGet(43)) - raft.server.storage.dir = [/workdir/hadoop-ozone/integration-test/target/test-dir/MiniOzoneClusterImpl-654f8f73-ed3e-46e1-aeb9-b0ce3cfc6d3c/datanode-1/data/ratis] (custom)
2019-07-16 14:41:22,400 INFO  storage.RaftStorageDirectory (RaftStorageDirectory.java:analyzeStorage(246)) - The storage directory /workdir/hadoop-ozone/integration-test/target/test-dir/MiniOzoneClusterImpl-654f8f73-ed3e-46e1-aeb9-b0ce3cfc6d3c/datanode-1/data/ratis/8e2d04ac-8880-4805-ab17-680b078665b1 does not exist. Creating ...
2019-07-16 14:41:22,412 INFO  storage.RaftStorageDirectory (RaftStorageDirectory.java:tryLock(328)) - Lock on /workdir/hadoop-ozone/integration-test/target/test-dir/MiniOzoneClusterImpl-654f8f73-ed3e-46e1-aeb9-b0ce3cfc6d3c/datanode-1/data/ratis/8e2d04ac-8880-4805-ab17-680b078665b1/in_use.lock acquired by nodename 10425@byscane-nightly-ppzk5-1864156943
2019-07-16 14:41:22,415 INFO  storage.RaftStorage (RaftStorage.java:format(72)) - Storage directory /workdir/hadoop-ozone/integration-test/target/test-dir/MiniOzoneClusterImpl-654f8f73-ed3e-46e1-aeb9-b0ce3cfc6d3c/datanode-1/data/ratis/8e2d04ac-8880-4805-ab17-680b078665b1 has been successfully formatted.
2019-07-16 14:41:22,416 INFO  ratis.ContainerStateMachine (ContainerStateMachine.java:loadSnapshot(199)) - group-680B078665B1: The snapshot info is null. Setting the last applied indexto:(t:0, i:~)
2019-07-16 14:41:22,416 INFO  server.RaftServerConfigKeys (ConfUtils.java:logGet(43)) - raft.server.leader.election.timeout = 120s (custom)
2019-07-16 14:41:22,416 INFO  server.RaftServerConfigKeys (ConfUtils.java:logGet(43)) - raft.server.log.use.memory = false (default)
2019-07-16 14:41:22,416 INFO  server.RaftServerConfigKeys (ConfUtils.java:logGet(43)) - raft.server.log.purge.gap = 1000000000 (custom)
2019-07-16 14:41:22,416 INFO  server.RaftServerConfigKeys (ConfUtils.java:logGet(43)) - raft.server.log.appender.buffer.byte-limit = 33554432 (custom)
2019-07-16 14:41:22,416 INFO  server.RaftServerConfigKeys (ConfUtils.java:logGet(43)) - raft.server.log.segment.size.max = 1048576 (custom)
2019-07-16 14:41:22,416 INFO  server.RaftServerConfigKeys (ConfUtils.java:logGet(43)) - raft.server.log.segment.cache.num.max = 2 (custom)
2019-07-16 14:41:22,416 INFO  segmented.SegmentedRaftLogWorker (SegmentedRaftLogWorker.java:<init>(172)) - new 6e57c38f-761a-40e0-8ec9-fd0c09b9b830-SegmentedRaftLogWorker:Storage Directory /workdir/hadoop-ozone/integration-test/target/test-dir/MiniOzoneClusterImpl-654f8f73-ed3e-46e1-aeb9-b0ce3cfc6d3c/datanode-1/data/ratis/8e2d04ac-8880-4805-ab17-680b078665b1 for RaftStorage:Storage Directory /workdir/hadoop-ozone/integration-test/target/test-dir/MiniOzoneClusterImpl-654f8f73-ed3e-46e1-aeb9-b0ce3cfc6d3c/datanode-1/data/ratis/8e2d04ac-8880-4805-ab17-680b078665b1
2019-07-16 14:41:22,417 INFO  server.RaftServerConfigKeys (ConfUtils.java:logGet(43)) - raft.server.log.queue.byte-limit = 2147483647 (custom)
2019-07-16 14:41:22,417 INFO  server.RaftServerConfigKeys (ConfUtils.java:logGet(43)) - raft.server.log.queue.element-limit = 1024 (custom)
2019-07-16 14:41:22,417 INFO  server.RaftServerConfigKeys (ConfUtils.java:logGet(43)) - raft.server.log.segment.size.max = 1048576 (custom)
2019-07-16 14:41:22,417 INFO  server.RaftServerConfigKeys (ConfUtils.java:logGet(43)) - raft.server.log.preallocated.size = 16384 (custom)
2019-07-16 14:41:22,417 INFO  server.RaftServerConfigKeys (ConfUtils.java:logGet(43)) - raft.server.log.write.buffer.size = 33554432 (custom)
2019-07-16 14:41:22,417 INFO  server.RaftServerConfigKeys (ConfUtils.java:logGet(43)) - raft.server.log.force.sync.num = 128 (default)
2019-07-16 14:41:22,417 INFO  server.RaftServerConfigKeys (ConfUtils.java:logGet(43)) - raft.server.log.statemachine.data.sync = true (default)
2019-07-16 14:41:22,418 INFO  server.RaftServerConfigKeys (ConfUtils.java:logGet(43)) - raft.server.log.statemachine.data.sync.timeout = 10s (default)
2019-07-16 14:41:22,418 INFO  server.RaftServerConfigKeys (ConfUtils.java:logGet(43)) - raft.server.log.statemachine.data.sync.timeout.retry = -1 (default)
2019-07-16 14:41:22,418 INFO  server.RaftServerConfigKeys (ConfUtils.java:logGet(43)) - raft.server.log.statemachine.data.caching.enabled = true (custom)
2019-07-16 14:41:22,418 INFO  segmented.SegmentedRaftLogWorker (SegmentedRaftLogWorker.java:lambda$new$0(132)) - 6e57c38f-761a-40e0-8ec9-fd0c09b9b830-SegmentedRaftLogWorker:Storage Directory /workdir/hadoop-ozone/integration-test/target/test-dir/MiniOzoneClusterImpl-654f8f73-ed3e-46e1-aeb9-b0ce3cfc6d3c/datanode-1/data/ratis/8e2d04ac-8880-4805-ab17-680b078665b1: flushIndex: setUnconditionally 0 -> -1
2019-07-16 14:41:22,419 INFO  server.RaftServerConfigKeys (ConfUtils.java:logGet(43)) - raft.server.snapshot.auto.trigger.enabled = true (custom)
2019-07-16 14:41:22,419 INFO  server.RaftServerConfigKeys (ConfUtils.java:logGet(43)) - raft.server.snapshot.auto.trigger.threshold = 10000 (custom)
2019-07-16 14:41:22,419 INFO  server.RaftServerConfigKeys (ConfUtils.java:logGet(43)) - raft.server.retrycache.expirytime = 600000ms (custom)
2019-07-16 14:41:22,419 INFO  impl.RaftServerImpl (RaftServerImpl.java:start(180)) - 6e57c38f-761a-40e0-8ec9-fd0c09b9b830: start group-680B078665B1
2019-07-16 14:41:22,419 INFO  impl.RaftServerImpl (RaftServerImpl.java:setRole(171)) - 6e57c38f-761a-40e0-8ec9-fd0c09b9b830:group-680B078665B1 changes role from null to FOLLOWER at term 0 for startAsFollower
2019-07-16 14:41:22,420 INFO  impl.RoleInfo (RoleInfo.java:updateAndGet(143)) - 6e57c38f-761a-40e0-8ec9-fd0c09b9b830: start FollowerState
2019-07-16 14:41:22,420 INFO  util.JmxRegister (JmxRegister.java:tryRegister(44)) - Successfully registered JMX Bean with object name Ratis:service=RaftServer,group=group-680B078665B1,id=6e57c38f-761a-40e0-8ec9-fd0c09b9b830
2019-07-16 14:41:22,430 INFO  pipeline.PipelineStateManager (PipelineStateManager.java:addPipeline(56)) - Created pipeline Pipeline[ Id: 8e2d04ac-8880-4805-ab17-680b078665b1, Nodes: 6e57c38f-761a-40e0-8ec9-fd0c09b9b830{ip: 192.168.5.141, host: byscane-nightly-ppzk5-1864156943, networkLocation: /default-rack, certSerialId: null}, Type:RATIS, Factor:ONE, State:OPEN]
2019-07-16 14:41:22,444 INFO  impl.RaftServerProxy (RaftServerProxy.java:addNew(89)) - 37bf539c-2315-4c32-a4e0-600708ac3028: addNew group-BD320C763147:[37bf539c-2315-4c32-a4e0-600708ac3028:192.168.5.141:43237] returns group-BD320C763147:java.util.concurrent.CompletableFuture@266ccf8e[Not completed]
2019-07-16 14:41:22,445 INFO  impl.RaftServerImpl (RaftServerImpl.java:<init>(93)) - 37bf539c-2315-4c32-a4e0-600708ac3028: new RaftServerImpl for group-BD320C763147:[37bf539c-2315-4c32-a4e0-600708ac3028:192.168.5.141:43237] with ContainerStateMachine:uninitialized
2019-07-16 14:41:22,446 INFO  server.RaftServerConfigKeys (ConfUtils.java:logGet(43)) - raft.server.rpc.timeout.min = 5s (custom)
2019-07-16 14:41:22,446 INFO  server.RaftServerConfigKeys (ConfUtils.java:logGet(43)) - raft.server.rpc.timeout.max = 5200ms (custom)
2019-07-16 14:41:22,446 INFO  server.RaftServerConfigKeys (ConfUtils.java:logGet(43)) - raft.server.rpcslowness.timeout = 120s (custom)
2019-07-16 14:41:22,446 INFO  server.RaftServerConfigKeys (ConfUtils.java:logGet(43)) - raft.server.sleep.deviation.threshold = 300 (default)
2019-07-16 14:41:22,447 INFO  server.RaftServerConfigKeys (ConfUtils.java:logGet(43)) - raft.server.log.appender.install.snapshot.enabled = false (custom)
2019-07-16 14:41:22,447 INFO  impl.RaftServerImpl (ServerState.java:<init>(105)) - 37bf539c-2315-4c32-a4e0-600708ac3028:group-BD320C763147 ConfigurationManager, init=-1: [37bf539c-2315-4c32-a4e0-600708ac3028:192.168.5.141:43237], old=null, confs=<EMPTY_MAP>
2019-07-16 14:41:22,447 INFO  server.RaftServerConfigKeys (ConfUtils.java:logGet(43)) - raft.server.storage.dir = [/workdir/hadoop-ozone/integration-test/target/test-dir/MiniOzoneClusterImpl-654f8f73-ed3e-46e1-aeb9-b0ce3cfc6d3c/datanode-6/data/ratis] (custom)
2019-07-16 14:41:22,448 INFO  storage.RaftStorageDirectory (RaftStorageDirectory.java:analyzeStorage(246)) - The storage directory /workdir/hadoop-ozone/integration-test/target/test-dir/MiniOzoneClusterImpl-654f8f73-ed3e-46e1-aeb9-b0ce3cfc6d3c/datanode-6/data/ratis/c1d9d3f5-21be-4ac2-ae43-bd320c763147 does not exist. Creating ...
2019-07-16 14:41:22,452 INFO  storage.RaftStorageDirectory (RaftStorageDirectory.java:tryLock(328)) - Lock on /workdir/hadoop-ozone/integration-test/target/test-dir/MiniOzoneClusterImpl-654f8f73-ed3e-46e1-aeb9-b0ce3cfc6d3c/datanode-6/data/ratis/c1d9d3f5-21be-4ac2-ae43-bd320c763147/in_use.lock acquired by nodename 10425@byscane-nightly-ppzk5-1864156943
2019-07-16 14:41:22,456 INFO  storage.RaftStorage (RaftStorage.java:format(72)) - Storage directory /workdir/hadoop-ozone/integration-test/target/test-dir/MiniOzoneClusterImpl-654f8f73-ed3e-46e1-aeb9-b0ce3cfc6d3c/datanode-6/data/ratis/c1d9d3f5-21be-4ac2-ae43-bd320c763147 has been successfully formatted.
2019-07-16 14:41:22,456 INFO  ratis.ContainerStateMachine (ContainerStateMachine.java:loadSnapshot(199)) - group-BD320C763147: The snapshot info is null. Setting the last applied indexto:(t:0, i:~)
2019-07-16 14:41:22,456 INFO  server.RaftServerConfigKeys (ConfUtils.java:logGet(43)) - raft.server.leader.election.timeout = 120s (custom)
2019-07-16 14:41:22,456 INFO  server.RaftServerConfigKeys (ConfUtils.java:logGet(43)) - raft.server.log.use.memory = false (default)
2019-07-16 14:41:22,457 INFO  server.RaftServerConfigKeys (ConfUtils.java:logGet(43)) - raft.server.log.purge.gap = 1000000000 (custom)
2019-07-16 14:41:22,457 INFO  server.RaftServerConfigKeys (ConfUtils.java:logGet(43)) - raft.server.log.appender.buffer.byte-limit = 33554432 (custom)
2019-07-16 14:41:22,457 INFO  server.RaftServerConfigKeys (ConfUtils.java:logGet(43)) - raft.server.log.segment.size.max = 1048576 (custom)
2019-07-16 14:41:22,457 INFO  server.RaftServerConfigKeys (ConfUtils.java:logGet(43)) - raft.server.log.segment.cache.num.max = 2 (custom)
2019-07-16 14:41:22,457 INFO  segmented.SegmentedRaftLogWorker (SegmentedRaftLogWorker.java:<init>(172)) - new 37bf539c-2315-4c32-a4e0-600708ac3028-SegmentedRaftLogWorker:Storage Directory /workdir/hadoop-ozone/integration-test/target/test-dir/MiniOzoneClusterImpl-654f8f73-ed3e-46e1-aeb9-b0ce3cfc6d3c/datanode-6/data/ratis/c1d9d3f5-21be-4ac2-ae43-bd320c763147 for RaftStorage:Storage Directory /workdir/hadoop-ozone/integration-test/target/test-dir/MiniOzoneClusterImpl-654f8f73-ed3e-46e1-aeb9-b0ce3cfc6d3c/datanode-6/data/ratis/c1d9d3f5-21be-4ac2-ae43-bd320c763147
2019-07-16 14:41:22,458 INFO  server.RaftServerConfigKeys (ConfUtils.java:logGet(43)) - raft.server.log.queue.byte-limit = 2147483647 (custom)
2019-07-16 14:41:22,458 INFO  server.RaftServerConfigKeys (ConfUtils.java:logGet(43)) - raft.server.log.queue.element-limit = 1024 (custom)
2019-07-16 14:41:22,458 INFO  server.RaftServerConfigKeys (ConfUtils.java:logGet(43)) - raft.server.log.segment.size.max = 1048576 (custom)
2019-07-16 14:41:22,458 INFO  server.RaftServerConfigKeys (ConfUtils.java:logGet(43)) - raft.server.log.preallocated.size = 16384 (custom)
2019-07-16 14:41:22,459 INFO  server.RaftServerConfigKeys (ConfUtils.java:logGet(43)) - raft.server.log.write.buffer.size = 33554432 (custom)
2019-07-16 14:41:22,459 INFO  server.RaftServerConfigKeys (ConfUtils.java:logGet(43)) - raft.server.log.force.sync.num = 128 (default)
2019-07-16 14:41:22,459 INFO  server.RaftServerConfigKeys (ConfUtils.java:logGet(43)) - raft.server.log.statemachine.data.sync = true (default)
2019-07-16 14:41:22,459 INFO  server.RaftServerConfigKeys (ConfUtils.java:logGet(43)) - raft.server.log.statemachine.data.sync.timeout = 10s (default)
2019-07-16 14:41:22,459 INFO  server.RaftServerConfigKeys (ConfUtils.java:logGet(43)) - raft.server.log.statemachine.data.sync.timeout.retry = -1 (default)
2019-07-16 14:41:22,460 INFO  server.RaftServerConfigKeys (ConfUtils.java:logGet(43)) - raft.server.log.statemachine.data.caching.enabled = true (custom)
2019-07-16 14:41:22,460 INFO  segmented.SegmentedRaftLogWorker (SegmentedRaftLogWorker.java:lambda$new$0(132)) - 37bf539c-2315-4c32-a4e0-600708ac3028-SegmentedRaftLogWorker:Storage Directory /workdir/hadoop-ozone/integration-test/target/test-dir/MiniOzoneClusterImpl-654f8f73-ed3e-46e1-aeb9-b0ce3cfc6d3c/datanode-6/data/ratis/c1d9d3f5-21be-4ac2-ae43-bd320c763147: flushIndex: setUnconditionally 0 -> -1
2019-07-16 14:41:22,461 INFO  server.RaftServerConfigKeys (ConfUtils.java:logGet(43)) - raft.server.snapshot.auto.trigger.enabled = true (custom)
2019-07-16 14:41:22,461 INFO  server.RaftServerConfigKeys (ConfUtils.java:logGet(43)) - raft.server.snapshot.auto.trigger.threshold = 10000 (custom)
2019-07-16 14:41:22,461 INFO  server.RaftServerConfigKeys (ConfUtils.java:logGet(43)) - raft.server.retrycache.expirytime = 600000ms (custom)
2019-07-16 14:41:22,461 INFO  impl.RaftServerImpl (RaftServerImpl.java:start(180)) - 37bf539c-2315-4c32-a4e0-600708ac3028: start group-BD320C763147
2019-07-16 14:41:22,461 INFO  impl.RaftServerImpl (RaftServerImpl.java:setRole(171)) - 37bf539c-2315-4c32-a4e0-600708ac3028:group-BD320C763147 changes role from null to FOLLOWER at term 0 for startAsFollower
2019-07-16 14:41:22,462 INFO  impl.RoleInfo (RoleInfo.java:updateAndGet(143)) - 37bf539c-2315-4c32-a4e0-600708ac3028: start FollowerState
2019-07-16 14:41:22,462 INFO  util.JmxRegister (JmxRegister.java:tryRegister(44)) - Successfully registered JMX Bean with object name Ratis:service=RaftServer,group=group-BD320C763147,id=37bf539c-2315-4c32-a4e0-600708ac3028
2019-07-16 14:41:22,486 INFO  pipeline.PipelineStateManager (PipelineStateManager.java:addPipeline(56)) - Created pipeline Pipeline[ Id: c1d9d3f5-21be-4ac2-ae43-bd320c763147, Nodes: 37bf539c-2315-4c32-a4e0-600708ac3028{ip: 192.168.5.141, host: byscane-nightly-ppzk5-1864156943, networkLocation: /default-rack, certSerialId: null}, Type:RATIS, Factor:ONE, State:OPEN]
2019-07-16 14:41:22,523 INFO  impl.RaftServerProxy (RaftServerProxy.java:addNew(89)) - c74f5942-f647-4ad8-aff9-d480222fb421: addNew group-96EB6D5D9C62:[c16dce58-043d-4666-996b-a7f6e1d189b5:192.168.5.141:38994, c74f5942-f647-4ad8-aff9-d480222fb421:192.168.5.141:39418, 37bf539c-2315-4c32-a4e0-600708ac3028:192.168.5.141:43237] returns group-96EB6D5D9C62:java.util.concurrent.CompletableFuture@5f07f84e[Not completed]
2019-07-16 14:41:22,525 INFO  impl.RaftServerProxy (RaftServerProxy.java:addNew(89)) - c16dce58-043d-4666-996b-a7f6e1d189b5: addNew group-96EB6D5D9C62:[c16dce58-043d-4666-996b-a7f6e1d189b5:192.168.5.141:38994, c74f5942-f647-4ad8-aff9-d480222fb421:192.168.5.141:39418, 37bf539c-2315-4c32-a4e0-600708ac3028:192.168.5.141:43237] returns group-96EB6D5D9C62:java.util.concurrent.CompletableFuture@78dbe023[Not completed]
2019-07-16 14:41:22,525 INFO  impl.RaftServerProxy (RaftServerProxy.java:addNew(89)) - 37bf539c-2315-4c32-a4e0-600708ac3028: addNew group-96EB6D5D9C62:[c16dce58-043d-4666-996b-a7f6e1d189b5:192.168.5.141:38994, c74f5942-f647-4ad8-aff9-d480222fb421:192.168.5.141:39418, 37bf539c-2315-4c32-a4e0-600708ac3028:192.168.5.141:43237] returns group-96EB6D5D9C62:java.util.concurrent.CompletableFuture@5b386776[Not completed]
2019-07-16 14:41:22,526 INFO  impl.RaftServerImpl (RaftServerImpl.java:<init>(93)) - c74f5942-f647-4ad8-aff9-d480222fb421: new RaftServerImpl for group-96EB6D5D9C62:[c16dce58-043d-4666-996b-a7f6e1d189b5:192.168.5.141:38994, c74f5942-f647-4ad8-aff9-d480222fb421:192.168.5.141:39418, 37bf539c-2315-4c32-a4e0-600708ac3028:192.168.5.141:43237] with ContainerStateMachine:uninitialized
2019-07-16 14:41:22,526 INFO  server.RaftServerConfigKeys (ConfUtils.java:logGet(43)) - raft.server.rpc.timeout.min = 5s (custom)
2019-07-16 14:41:22,526 INFO  server.RaftServerConfigKeys (ConfUtils.java:logGet(43)) - raft.server.rpc.timeout.max = 5200ms (custom)
2019-07-16 14:41:22,526 INFO  server.RaftServerConfigKeys (ConfUtils.java:logGet(43)) - raft.server.rpcslowness.timeout = 120s (custom)
2019-07-16 14:41:22,526 INFO  impl.RaftServerImpl (RaftServerImpl.java:<init>(93)) - 37bf539c-2315-4c32-a4e0-600708ac3028: new RaftServerImpl for group-96EB6D5D9C62:[c16dce58-043d-4666-996b-a7f6e1d189b5:192.168.5.141:38994, c74f5942-f647-4ad8-aff9-d480222fb421:192.168.5.141:39418, 37bf539c-2315-4c32-a4e0-600708ac3028:192.168.5.141:43237] with ContainerStateMachine:uninitialized
2019-07-16 14:41:22,526 INFO  server.RaftServerConfigKeys (ConfUtils.java:logGet(43)) - raft.server.sleep.deviation.threshold = 300 (default)
2019-07-16 14:41:22,527 INFO  server.RaftServerConfigKeys (ConfUtils.java:logGet(43)) - raft.server.rpc.timeout.min = 5s (custom)
2019-07-16 14:41:22,527 INFO  server.RaftServerConfigKeys (ConfUtils.java:logGet(43)) - raft.server.log.appender.install.snapshot.enabled = false (custom)
2019-07-16 14:41:22,527 INFO  server.RaftServerConfigKeys (ConfUtils.java:logGet(43)) - raft.server.rpc.timeout.max = 5200ms (custom)
2019-07-16 14:41:22,527 INFO  impl.RaftServerImpl (ServerState.java:<init>(105)) - c74f5942-f647-4ad8-aff9-d480222fb421:group-96EB6D5D9C62 ConfigurationManager, init=-1: [c16dce58-043d-4666-996b-a7f6e1d189b5:192.168.5.141:38994, c74f5942-f647-4ad8-aff9-d480222fb421:192.168.5.141:39418, 37bf539c-2315-4c32-a4e0-600708ac3028:192.168.5.141:43237], old=null, confs=<EMPTY_MAP>
2019-07-16 14:41:22,527 INFO  impl.RaftServerImpl (RaftServerImpl.java:<init>(93)) - c16dce58-043d-4666-996b-a7f6e1d189b5: new RaftServerImpl for group-96EB6D5D9C62:[c16dce58-043d-4666-996b-a7f6e1d189b5:192.168.5.141:38994, c74f5942-f647-4ad8-aff9-d480222fb421:192.168.5.141:39418, 37bf539c-2315-4c32-a4e0-600708ac3028:192.168.5.141:43237] with ContainerStateMachine:uninitialized
2019-07-16 14:41:22,527 INFO  server.RaftServerConfigKeys (ConfUtils.java:logGet(43)) - raft.server.storage.dir = [/workdir/hadoop-ozone/integration-test/target/test-dir/MiniOzoneClusterImpl-654f8f73-ed3e-46e1-aeb9-b0ce3cfc6d3c/datanode-4/data/ratis] (custom)
2019-07-16 14:41:22,527 INFO  server.RaftServerConfigKeys (ConfUtils.java:logGet(43)) - raft.server.rpcslowness.timeout = 120s (custom)
2019-07-16 14:41:22,527 INFO  server.RaftServerConfigKeys (ConfUtils.java:logGet(43)) - raft.server.rpc.timeout.min = 5s (custom)
2019-07-16 14:41:22,528 INFO  server.RaftServerConfigKeys (ConfUtils.java:logGet(43)) - raft.server.sleep.deviation.threshold = 300 (default)
2019-07-16 14:41:22,528 INFO  server.RaftServerConfigKeys (ConfUtils.java:logGet(43)) - raft.server.rpc.timeout.max = 5200ms (custom)
2019-07-16 14:41:22,528 INFO  server.RaftServerConfigKeys (ConfUtils.java:logGet(43)) - raft.server.log.appender.install.snapshot.enabled = false (custom)
2019-07-16 14:41:22,528 INFO  storage.RaftStorageDirectory (RaftStorageDirectory.java:analyzeStorage(246)) - The storage directory /workdir/hadoop-ozone/integration-test/target/test-dir/MiniOzoneClusterImpl-654f8f73-ed3e-46e1-aeb9-b0ce3cfc6d3c/datanode-4/data/ratis/c8b874a6-6e89-4a7a-9e12-96eb6d5d9c62 does not exist. Creating ...
2019-07-16 14:41:22,528 INFO  impl.RaftServerImpl (ServerState.java:<init>(105)) - 37bf539c-2315-4c32-a4e0-600708ac3028:group-96EB6D5D9C62 ConfigurationManager, init=-1: [c16dce58-043d-4666-996b-a7f6e1d189b5:192.168.5.141:38994, c74f5942-f647-4ad8-aff9-d480222fb421:192.168.5.141:39418, 37bf539c-2315-4c32-a4e0-600708ac3028:192.168.5.141:43237], old=null, confs=<EMPTY_MAP>
2019-07-16 14:41:22,528 INFO  server.RaftServerConfigKeys (ConfUtils.java:logGet(43)) - raft.server.rpcslowness.timeout = 120s (custom)
2019-07-16 14:41:22,529 INFO  server.RaftServerConfigKeys (ConfUtils.java:logGet(43)) - raft.server.storage.dir = [/workdir/hadoop-ozone/integration-test/target/test-dir/MiniOzoneClusterImpl-654f8f73-ed3e-46e1-aeb9-b0ce3cfc6d3c/datanode-6/data/ratis] (custom)
2019-07-16 14:41:22,529 INFO  server.RaftServerConfigKeys (ConfUtils.java:logGet(43)) - raft.server.sleep.deviation.threshold = 300 (default)
2019-07-16 14:41:22,529 INFO  server.RaftServerConfigKeys (ConfUtils.java:logGet(43)) - raft.server.log.appender.install.snapshot.enabled = false (custom)
2019-07-16 14:41:22,529 INFO  storage.RaftStorageDirectory (RaftStorageDirectory.java:analyzeStorage(246)) - The storage directory /workdir/hadoop-ozone/integration-test/target/test-dir/MiniOzoneClusterImpl-654f8f73-ed3e-46e1-aeb9-b0ce3cfc6d3c/datanode-6/data/ratis/c8b874a6-6e89-4a7a-9e12-96eb6d5d9c62 does not exist. Creating ...
2019-07-16 14:41:22,529 INFO  impl.RaftServerImpl (ServerState.java:<init>(105)) - c16dce58-043d-4666-996b-a7f6e1d189b5:group-96EB6D5D9C62 ConfigurationManager, init=-1: [c16dce58-043d-4666-996b-a7f6e1d189b5:192.168.5.141:38994, c74f5942-f647-4ad8-aff9-d480222fb421:192.168.5.141:39418, 37bf539c-2315-4c32-a4e0-600708ac3028:192.168.5.141:43237], old=null, confs=<EMPTY_MAP>
2019-07-16 14:41:22,529 INFO  server.RaftServerConfigKeys (ConfUtils.java:logGet(43)) - raft.server.storage.dir = [/workdir/hadoop-ozone/integration-test/target/test-dir/MiniOzoneClusterImpl-654f8f73-ed3e-46e1-aeb9-b0ce3cfc6d3c/datanode-5/data/ratis] (custom)
2019-07-16 14:41:22,530 INFO  storage.RaftStorageDirectory (RaftStorageDirectory.java:analyzeStorage(246)) - The storage directory /workdir/hadoop-ozone/integration-test/target/test-dir/MiniOzoneClusterImpl-654f8f73-ed3e-46e1-aeb9-b0ce3cfc6d3c/datanode-5/data/ratis/c8b874a6-6e89-4a7a-9e12-96eb6d5d9c62 does not exist. Creating ...
2019-07-16 14:41:22,541 INFO  storage.RaftStorageDirectory (RaftStorageDirectory.java:tryLock(328)) - Lock on /workdir/hadoop-ozone/integration-test/target/test-dir/MiniOzoneClusterImpl-654f8f73-ed3e-46e1-aeb9-b0ce3cfc6d3c/datanode-4/data/ratis/c8b874a6-6e89-4a7a-9e12-96eb6d5d9c62/in_use.lock acquired by nodename 10425@byscane-nightly-ppzk5-1864156943
2019-07-16 14:41:22,541 INFO  storage.RaftStorageDirectory (RaftStorageDirectory.java:tryLock(328)) - Lock on /workdir/hadoop-ozone/integration-test/target/test-dir/MiniOzoneClusterImpl-654f8f73-ed3e-46e1-aeb9-b0ce3cfc6d3c/datanode-5/data/ratis/c8b874a6-6e89-4a7a-9e12-96eb6d5d9c62/in_use.lock acquired by nodename 10425@byscane-nightly-ppzk5-1864156943
2019-07-16 14:41:22,541 INFO  storage.RaftStorageDirectory (RaftStorageDirectory.java:tryLock(328)) - Lock on /workdir/hadoop-ozone/integration-test/target/test-dir/MiniOzoneClusterImpl-654f8f73-ed3e-46e1-aeb9-b0ce3cfc6d3c/datanode-6/data/ratis/c8b874a6-6e89-4a7a-9e12-96eb6d5d9c62/in_use.lock acquired by nodename 10425@byscane-nightly-ppzk5-1864156943
2019-07-16 14:41:22,548 INFO  storage.RaftStorage (RaftStorage.java:format(72)) - Storage directory /workdir/hadoop-ozone/integration-test/target/test-dir/MiniOzoneClusterImpl-654f8f73-ed3e-46e1-aeb9-b0ce3cfc6d3c/datanode-6/data/ratis/c8b874a6-6e89-4a7a-9e12-96eb6d5d9c62 has been successfully formatted.
2019-07-16 14:41:22,548 INFO  storage.RaftStorage (RaftStorage.java:format(72)) - Storage directory /workdir/hadoop-ozone/integration-test/target/test-dir/MiniOzoneClusterImpl-654f8f73-ed3e-46e1-aeb9-b0ce3cfc6d3c/datanode-5/data/ratis/c8b874a6-6e89-4a7a-9e12-96eb6d5d9c62 has been successfully formatted.
2019-07-16 14:41:22,548 INFO  storage.RaftStorage (RaftStorage.java:format(72)) - Storage directory /workdir/hadoop-ozone/integration-test/target/test-dir/MiniOzoneClusterImpl-654f8f73-ed3e-46e1-aeb9-b0ce3cfc6d3c/datanode-4/data/ratis/c8b874a6-6e89-4a7a-9e12-96eb6d5d9c62 has been successfully formatted.
2019-07-16 14:41:22,548 INFO  ratis.ContainerStateMachine (ContainerStateMachine.java:loadSnapshot(199)) - group-96EB6D5D9C62: The snapshot info is null. Setting the last applied indexto:(t:0, i:~)
2019-07-16 14:41:22,549 INFO  ratis.ContainerStateMachine (ContainerStateMachine.java:loadSnapshot(199)) - group-96EB6D5D9C62: The snapshot info is null. Setting the last applied indexto:(t:0, i:~)
2019-07-16 14:41:22,549 INFO  ratis.ContainerStateMachine (ContainerStateMachine.java:loadSnapshot(199)) - group-96EB6D5D9C62: The snapshot info is null. Setting the last applied indexto:(t:0, i:~)
2019-07-16 14:41:22,549 INFO  server.RaftServerConfigKeys (ConfUtils.java:logGet(43)) - raft.server.leader.election.timeout = 120s (custom)
2019-07-16 14:41:22,549 INFO  server.RaftServerConfigKeys (ConfUtils.java:logGet(43)) - raft.server.leader.election.timeout = 120s (custom)
2019-07-16 14:41:22,549 INFO  server.RaftServerConfigKeys (ConfUtils.java:logGet(43)) - raft.server.leader.election.timeout = 120s (custom)
2019-07-16 14:41:22,549 INFO  server.RaftServerConfigKeys (ConfUtils.java:logGet(43)) - raft.server.log.use.memory = false (default)
2019-07-16 14:41:22,549 INFO  server.RaftServerConfigKeys (ConfUtils.java:logGet(43)) - raft.server.log.use.memory = false (default)
2019-07-16 14:41:22,550 INFO  server.RaftServerConfigKeys (ConfUtils.java:logGet(43)) - raft.server.log.purge.gap = 1000000000 (custom)
2019-07-16 14:41:22,549 INFO  server.RaftServerConfigKeys (ConfUtils.java:logGet(43)) - raft.server.log.use.memory = false (default)
2019-07-16 14:41:22,550 INFO  server.RaftServerConfigKeys (ConfUtils.java:logGet(43)) - raft.server.log.appender.buffer.byte-limit = 33554432 (custom)
2019-07-16 14:41:22,550 INFO  server.RaftServerConfigKeys (ConfUtils.java:logGet(43)) - raft.server.log.purge.gap = 1000000000 (custom)
2019-07-16 14:41:22,550 INFO  server.RaftServerConfigKeys (ConfUtils.java:logGet(43)) - raft.server.log.segment.size.max = 1048576 (custom)
2019-07-16 14:41:22,550 INFO  server.RaftServerConfigKeys (ConfUtils.java:logGet(43)) - raft.server.log.purge.gap = 1000000000 (custom)
2019-07-16 14:41:22,550 INFO  server.RaftServerConfigKeys (ConfUtils.java:logGet(43)) - raft.server.log.segment.cache.num.max = 2 (custom)
2019-07-16 14:41:22,550 INFO  server.RaftServerConfigKeys (ConfUtils.java:logGet(43)) - raft.server.log.appender.buffer.byte-limit = 33554432 (custom)
2019-07-16 14:41:22,551 INFO  segmented.SegmentedRaftLogWorker (SegmentedRaftLogWorker.java:<init>(172)) - new c74f5942-f647-4ad8-aff9-d480222fb421-SegmentedRaftLogWorker:Storage Directory /workdir/hadoop-ozone/integration-test/target/test-dir/MiniOzoneClusterImpl-654f8f73-ed3e-46e1-aeb9-b0ce3cfc6d3c/datanode-4/data/ratis/c8b874a6-6e89-4a7a-9e12-96eb6d5d9c62 for RaftStorage:Storage Directory /workdir/hadoop-ozone/integration-test/target/test-dir/MiniOzoneClusterImpl-654f8f73-ed3e-46e1-aeb9-b0ce3cfc6d3c/datanode-4/data/ratis/c8b874a6-6e89-4a7a-9e12-96eb6d5d9c62
2019-07-16 14:41:22,550 INFO  server.RaftServerConfigKeys (ConfUtils.java:logGet(43)) - raft.server.log.appender.buffer.byte-limit = 33554432 (custom)
2019-07-16 14:41:22,551 INFO  server.RaftServerConfigKeys (ConfUtils.java:logGet(43)) - raft.server.log.queue.byte-limit = 2147483647 (custom)
2019-07-16 14:41:22,551 INFO  server.RaftServerConfigKeys (ConfUtils.java:logGet(43)) - raft.server.log.segment.size.max = 1048576 (custom)
2019-07-16 14:41:22,553 INFO  server.RaftServerConfigKeys (ConfUtils.java:logGet(43)) - raft.server.log.queue.element-limit = 1024 (custom)
2019-07-16 14:41:22,552 INFO  server.RaftServerConfigKeys (ConfUtils.java:logGet(43)) - raft.server.log.segment.size.max = 1048576 (custom)
2019-07-16 14:41:22,553 INFO  server.RaftServerConfigKeys (ConfUtils.java:logGet(43)) - raft.server.log.segment.size.max = 1048576 (custom)
2019-07-16 14:41:22,553 INFO  server.RaftServerConfigKeys (ConfUtils.java:logGet(43)) - raft.server.log.segment.cache.num.max = 2 (custom)
2019-07-16 14:41:22,553 INFO  server.RaftServerConfigKeys (ConfUtils.java:logGet(43)) - raft.server.log.preallocated.size = 16384 (custom)
2019-07-16 14:41:22,553 INFO  server.RaftServerConfigKeys (ConfUtils.java:logGet(43)) - raft.server.log.segment.cache.num.max = 2 (custom)
2019-07-16 14:41:22,554 INFO  server.RaftServerConfigKeys (ConfUtils.java:logGet(43)) - raft.server.log.write.buffer.size = 33554432 (custom)
2019-07-16 14:41:22,553 INFO  segmented.SegmentedRaftLogWorker (SegmentedRaftLogWorker.java:<init>(172)) - new 37bf539c-2315-4c32-a4e0-600708ac3028-SegmentedRaftLogWorker:Storage Directory /workdir/hadoop-ozone/integration-test/target/test-dir/MiniOzoneClusterImpl-654f8f73-ed3e-46e1-aeb9-b0ce3cfc6d3c/datanode-6/data/ratis/c8b874a6-6e89-4a7a-9e12-96eb6d5d9c62 for RaftStorage:Storage Directory /workdir/hadoop-ozone/integration-test/target/test-dir/MiniOzoneClusterImpl-654f8f73-ed3e-46e1-aeb9-b0ce3cfc6d3c/datanode-6/data/ratis/c8b874a6-6e89-4a7a-9e12-96eb6d5d9c62
2019-07-16 14:41:22,554 INFO  server.RaftServerConfigKeys (ConfUtils.java:logGet(43)) - raft.server.log.force.sync.num = 128 (default)
2019-07-16 14:41:22,554 INFO  segmented.SegmentedRaftLogWorker (SegmentedRaftLogWorker.java:<init>(172)) - new c16dce58-043d-4666-996b-a7f6e1d189b5-SegmentedRaftLogWorker:Storage Directory /workdir/hadoop-ozone/integration-test/target/test-dir/MiniOzoneClusterImpl-654f8f73-ed3e-46e1-aeb9-b0ce3cfc6d3c/datanode-5/data/ratis/c8b874a6-6e89-4a7a-9e12-96eb6d5d9c62 for RaftStorage:Storage Directory /workdir/hadoop-ozone/integration-test/target/test-dir/MiniOzoneClusterImpl-654f8f73-ed3e-46e1-aeb9-b0ce3cfc6d3c/datanode-5/data/ratis/c8b874a6-6e89-4a7a-9e12-96eb6d5d9c62
2019-07-16 14:41:22,554 INFO  server.RaftServerConfigKeys (ConfUtils.java:logGet(43)) - raft.server.log.statemachine.data.sync = true (default)
2019-07-16 14:41:22,554 INFO  server.RaftServerConfigKeys (ConfUtils.java:logGet(43)) - raft.server.log.queue.byte-limit = 2147483647 (custom)
2019-07-16 14:41:22,557 INFO  server.RaftServerConfigKeys (ConfUtils.java:logGet(43)) - raft.server.log.statemachine.data.sync.timeout = 10s (default)
2019-07-16 14:41:22,556 INFO  server.RaftServerConfigKeys (ConfUtils.java:logGet(43)) - raft.server.log.queue.byte-limit = 2147483647 (custom)
2019-07-16 14:41:22,557 INFO  server.RaftServerConfigKeys (ConfUtils.java:logGet(43)) - raft.server.log.statemachine.data.sync.timeout.retry = -1 (default)
2019-07-16 14:41:22,557 INFO  server.RaftServerConfigKeys (ConfUtils.java:logGet(43)) - raft.server.log.queue.element-limit = 1024 (custom)
2019-07-16 14:41:22,557 INFO  server.RaftServerConfigKeys (ConfUtils.java:logGet(43)) - raft.server.log.queue.element-limit = 1024 (custom)
2019-07-16 14:41:22,558 INFO  server.RaftServerConfigKeys (ConfUtils.java:logGet(43)) - raft.server.log.segment.size.max = 1048576 (custom)
2019-07-16 14:41:22,558 INFO  server.RaftServerConfigKeys (ConfUtils.java:logGet(43)) - raft.server.log.statemachine.data.caching.enabled = true (custom)
2019-07-16 14:41:22,558 INFO  server.RaftServerConfigKeys (ConfUtils.java:logGet(43)) - raft.server.log.preallocated.size = 16384 (custom)
2019-07-16 14:41:22,558 INFO  server.RaftServerConfigKeys (ConfUtils.java:logGet(43)) - raft.server.log.write.buffer.size = 33554432 (custom)
2019-07-16 14:41:22,558 INFO  server.RaftServerConfigKeys (ConfUtils.java:logGet(43)) - raft.server.log.segment.size.max = 1048576 (custom)
2019-07-16 14:41:22,558 INFO  segmented.SegmentedRaftLogWorker (SegmentedRaftLogWorker.java:lambda$new$0(132)) - c74f5942-f647-4ad8-aff9-d480222fb421-SegmentedRaftLogWorker:Storage Directory /workdir/hadoop-ozone/integration-test/target/test-dir/MiniOzoneClusterImpl-654f8f73-ed3e-46e1-aeb9-b0ce3cfc6d3c/datanode-4/data/ratis/c8b874a6-6e89-4a7a-9e12-96eb6d5d9c62: flushIndex: setUnconditionally 0 -> -1
2019-07-16 14:41:22,558 INFO  server.RaftServerConfigKeys (ConfUtils.java:logGet(43)) - raft.server.log.force.sync.num = 128 (default)
2019-07-16 14:41:22,558 INFO  server.RaftServerConfigKeys (ConfUtils.java:logGet(43)) - raft.server.log.preallocated.size = 16384 (custom)
2019-07-16 14:41:22,559 INFO  server.RaftServerConfigKeys (ConfUtils.java:logGet(43)) - raft.server.snapshot.auto.trigger.enabled = true (custom)
2019-07-16 14:41:22,559 INFO  server.RaftServerConfigKeys (ConfUtils.java:logGet(43)) - raft.server.log.statemachine.data.sync = true (default)
2019-07-16 14:41:22,559 INFO  server.RaftServerConfigKeys (ConfUtils.java:logGet(43)) - raft.server.snapshot.auto.trigger.threshold = 10000 (custom)
2019-07-16 14:41:22,559 INFO  server.RaftServerConfigKeys (ConfUtils.java:logGet(43)) - raft.server.log.write.buffer.size = 33554432 (custom)
2019-07-16 14:41:22,559 INFO  server.RaftServerConfigKeys (ConfUtils.java:logGet(43)) - raft.server.retrycache.expirytime = 600000ms (custom)
2019-07-16 14:41:22,559 INFO  server.RaftServerConfigKeys (ConfUtils.java:logGet(43)) - raft.server.log.statemachine.data.sync.timeout = 10s (default)
2019-07-16 14:41:22,559 INFO  server.RaftServerConfigKeys (ConfUtils.java:logGet(43)) - raft.server.log.force.sync.num = 128 (default)
2019-07-16 14:41:22,560 INFO  impl.RaftServerImpl (RaftServerImpl.java:start(180)) - c74f5942-f647-4ad8-aff9-d480222fb421: start group-96EB6D5D9C62
2019-07-16 14:41:22,560 INFO  server.RaftServerConfigKeys (ConfUtils.java:logGet(43)) - raft.server.log.statemachine.data.sync.timeout.retry = -1 (default)
2019-07-16 14:41:22,560 INFO  impl.RaftServerImpl (RaftServerImpl.java:setRole(171)) - c74f5942-f647-4ad8-aff9-d480222fb421:group-96EB6D5D9C62 changes role from null to FOLLOWER at term 0 for startAsFollower
2019-07-16 14:41:22,560 INFO  server.RaftServerConfigKeys (ConfUtils.java:logGet(43)) - raft.server.log.statemachine.data.sync = true (default)
2019-07-16 14:41:22,560 INFO  impl.RoleInfo (RoleInfo.java:updateAndGet(143)) - c74f5942-f647-4ad8-aff9-d480222fb421: start FollowerState
2019-07-16 14:41:22,560 INFO  server.RaftServerConfigKeys (ConfUtils.java:logGet(43)) - raft.server.log.statemachine.data.caching.enabled = true (custom)
2019-07-16 14:41:22,560 INFO  server.RaftServerConfigKeys (ConfUtils.java:logGet(43)) - raft.server.log.statemachine.data.sync.timeout = 10s (default)
2019-07-16 14:41:22,561 INFO  segmented.SegmentedRaftLogWorker (SegmentedRaftLogWorker.java:lambda$new$0(132)) - 37bf539c-2315-4c32-a4e0-600708ac3028-SegmentedRaftLogWorker:Storage Directory /workdir/hadoop-ozone/integration-test/target/test-dir/MiniOzoneClusterImpl-654f8f73-ed3e-46e1-aeb9-b0ce3cfc6d3c/datanode-6/data/ratis/c8b874a6-6e89-4a7a-9e12-96eb6d5d9c62: flushIndex: setUnconditionally 0 -> -1
2019-07-16 14:41:22,561 INFO  server.RaftServerConfigKeys (ConfUtils.java:logGet(43)) - raft.server.log.statemachine.data.sync.timeout.retry = -1 (default)
2019-07-16 14:41:22,561 INFO  util.JmxRegister (JmxRegister.java:tryRegister(44)) - Successfully registered JMX Bean with object name Ratis:service=RaftServer,group=group-96EB6D5D9C62,id=c74f5942-f647-4ad8-aff9-d480222fb421
2019-07-16 14:41:22,561 INFO  server.RaftServerConfigKeys (ConfUtils.java:logGet(43)) - raft.server.log.statemachine.data.caching.enabled = true (custom)
2019-07-16 14:41:22,561 INFO  server.RaftServerConfigKeys (ConfUtils.java:logGet(43)) - raft.server.snapshot.auto.trigger.enabled = true (custom)
2019-07-16 14:41:22,561 INFO  server.RaftServerConfigKeys (ConfUtils.java:logGet(43)) - raft.server.snapshot.auto.trigger.threshold = 10000 (custom)
2019-07-16 14:41:22,561 INFO  segmented.SegmentedRaftLogWorker (SegmentedRaftLogWorker.java:lambda$new$0(132)) - c16dce58-043d-4666-996b-a7f6e1d189b5-SegmentedRaftLogWorker:Storage Directory /workdir/hadoop-ozone/integration-test/target/test-dir/MiniOzoneClusterImpl-654f8f73-ed3e-46e1-aeb9-b0ce3cfc6d3c/datanode-5/data/ratis/c8b874a6-6e89-4a7a-9e12-96eb6d5d9c62: flushIndex: setUnconditionally 0 -> -1
2019-07-16 14:41:22,562 INFO  server.RaftServerConfigKeys (ConfUtils.java:logGet(43)) - raft.server.retrycache.expirytime = 600000ms (custom)
2019-07-16 14:41:22,562 INFO  impl.RaftServerImpl (RaftServerImpl.java:start(180)) - 37bf539c-2315-4c32-a4e0-600708ac3028: start group-96EB6D5D9C62
2019-07-16 14:41:22,562 INFO  server.RaftServerConfigKeys (ConfUtils.java:logGet(43)) - raft.server.snapshot.auto.trigger.enabled = true (custom)
2019-07-16 14:41:22,562 INFO  impl.RaftServerImpl (RaftServerImpl.java:setRole(171)) - 37bf539c-2315-4c32-a4e0-600708ac3028:group-96EB6D5D9C62 changes role from null to FOLLOWER at term 0 for startAsFollower
2019-07-16 14:41:22,562 INFO  server.RaftServerConfigKeys (ConfUtils.java:logGet(43)) - raft.server.snapshot.auto.trigger.threshold = 10000 (custom)
2019-07-16 14:41:22,562 INFO  impl.RoleInfo (RoleInfo.java:updateAndGet(143)) - 37bf539c-2315-4c32-a4e0-600708ac3028: start FollowerState
2019-07-16 14:41:22,563 INFO  server.RaftServerConfigKeys (ConfUtils.java:logGet(43)) - raft.server.retrycache.expirytime = 600000ms (custom)
2019-07-16 14:41:22,563 INFO  impl.RaftServerImpl (RaftServerImpl.java:start(180)) - c16dce58-043d-4666-996b-a7f6e1d189b5: start group-96EB6D5D9C62
2019-07-16 14:41:22,563 INFO  util.JmxRegister (JmxRegister.java:tryRegister(44)) - Successfully registered JMX Bean with object name Ratis:service=RaftServer,group=group-96EB6D5D9C62,id=37bf539c-2315-4c32-a4e0-600708ac3028
2019-07-16 14:41:22,563 INFO  impl.RaftServerImpl (RaftServerImpl.java:setRole(171)) - c16dce58-043d-4666-996b-a7f6e1d189b5:group-96EB6D5D9C62 changes role from null to FOLLOWER at term 0 for startAsFollower
2019-07-16 14:41:22,563 INFO  impl.RoleInfo (RoleInfo.java:updateAndGet(143)) - c16dce58-043d-4666-996b-a7f6e1d189b5: start FollowerState
2019-07-16 14:41:22,566 INFO  util.JmxRegister (JmxRegister.java:tryRegister(44)) - Successfully registered JMX Bean with object name Ratis:service=RaftServer,group=group-96EB6D5D9C62,id=c16dce58-043d-4666-996b-a7f6e1d189b5
2019-07-16 14:41:22,580 INFO  pipeline.PipelineStateManager (PipelineStateManager.java:addPipeline(56)) - Created pipeline Pipeline[ Id: c8b874a6-6e89-4a7a-9e12-96eb6d5d9c62, Nodes: c74f5942-f647-4ad8-aff9-d480222fb421{ip: 192.168.5.141, host: byscane-nightly-ppzk5-1864156943, networkLocation: /default-rack, certSerialId: null}c16dce58-043d-4666-996b-a7f6e1d189b5{ip: 192.168.5.141, host: byscane-nightly-ppzk5-1864156943, networkLocation: /default-rack, certSerialId: null}37bf539c-2315-4c32-a4e0-600708ac3028{ip: 192.168.5.141, host: byscane-nightly-ppzk5-1864156943, networkLocation: /default-rack, certSerialId: null}, Type:RATIS, Factor:THREE, State:OPEN]
2019-07-16 14:41:22,608 INFO  impl.RaftServerProxy (RaftServerProxy.java:addNew(89)) - 46909a66-9671-4184-a7a9-99686a76f5e8: addNew group-0DE1D2A8F175:[e17100c6-a9d6-495c-98e3-7141b4c20b73:192.168.5.141:41803, 2af975a7-b39b-42b5-9d45-cc1628e24ae8:192.168.5.141:46376, 46909a66-9671-4184-a7a9-99686a76f5e8:192.168.5.141:39464] returns group-0DE1D2A8F175:java.util.concurrent.CompletableFuture@3f1b4527[Not completed]
2019-07-16 14:41:22,608 INFO  impl.RaftServerProxy (RaftServerProxy.java:addNew(89)) - e17100c6-a9d6-495c-98e3-7141b4c20b73: addNew group-0DE1D2A8F175:[e17100c6-a9d6-495c-98e3-7141b4c20b73:192.168.5.141:41803, 2af975a7-b39b-42b5-9d45-cc1628e24ae8:192.168.5.141:46376, 46909a66-9671-4184-a7a9-99686a76f5e8:192.168.5.141:39464] returns group-0DE1D2A8F175:java.util.concurrent.CompletableFuture@3fd467f3[Not completed]
2019-07-16 14:41:22,610 INFO  impl.RaftServerImpl (RaftServerImpl.java:<init>(93)) - 46909a66-9671-4184-a7a9-99686a76f5e8: new RaftServerImpl for group-0DE1D2A8F175:[e17100c6-a9d6-495c-98e3-7141b4c20b73:192.168.5.141:41803, 2af975a7-b39b-42b5-9d45-cc1628e24ae8:192.168.5.141:46376, 46909a66-9671-4184-a7a9-99686a76f5e8:192.168.5.141:39464] with ContainerStateMachine:uninitialized
2019-07-16 14:41:22,612 INFO  server.RaftServerConfigKeys (ConfUtils.java:logGet(43)) - raft.server.rpc.timeout.min = 5s (custom)
2019-07-16 14:41:22,612 INFO  impl.RaftServerImpl (RaftServerImpl.java:<init>(93)) - e17100c6-a9d6-495c-98e3-7141b4c20b73: new RaftServerImpl for group-0DE1D2A8F175:[e17100c6-a9d6-495c-98e3-7141b4c20b73:192.168.5.141:41803, 2af975a7-b39b-42b5-9d45-cc1628e24ae8:192.168.5.141:46376, 46909a66-9671-4184-a7a9-99686a76f5e8:192.168.5.141:39464] with ContainerStateMachine:uninitialized
2019-07-16 14:41:22,612 INFO  server.RaftServerConfigKeys (ConfUtils.java:logGet(43)) - raft.server.rpc.timeout.max = 5200ms (custom)
2019-07-16 14:41:22,612 INFO  server.RaftServerConfigKeys (ConfUtils.java:logGet(43)) - raft.server.rpc.timeout.min = 5s (custom)
2019-07-16 14:41:22,613 INFO  server.RaftServerConfigKeys (ConfUtils.java:logGet(43)) - raft.server.rpcslowness.timeout = 120s (custom)
2019-07-16 14:41:22,613 INFO  server.RaftServerConfigKeys (ConfUtils.java:logGet(43)) - raft.server.rpc.timeout.max = 5200ms (custom)
2019-07-16 14:41:22,613 INFO  impl.RaftServerProxy (RaftServerProxy.java:addNew(89)) - 2af975a7-b39b-42b5-9d45-cc1628e24ae8: addNew group-0DE1D2A8F175:[e17100c6-a9d6-495c-98e3-7141b4c20b73:192.168.5.141:41803, 2af975a7-b39b-42b5-9d45-cc1628e24ae8:192.168.5.141:46376, 46909a66-9671-4184-a7a9-99686a76f5e8:192.168.5.141:39464] returns group-0DE1D2A8F175:java.util.concurrent.CompletableFuture@5dfd6bda[Not completed]
2019-07-16 14:41:22,613 INFO  server.RaftServerConfigKeys (ConfUtils.java:logGet(43)) - raft.server.sleep.deviation.threshold = 300 (default)
2019-07-16 14:41:22,613 INFO  server.RaftServerConfigKeys (ConfUtils.java:logGet(43)) - raft.server.rpcslowness.timeout = 120s (custom)
2019-07-16 14:41:22,613 INFO  server.RaftServerConfigKeys (ConfUtils.java:logGet(43)) - raft.server.log.appender.install.snapshot.enabled = false (custom)
2019-07-16 14:41:22,613 INFO  server.RaftServerConfigKeys (ConfUtils.java:logGet(43)) - raft.server.sleep.deviation.threshold = 300 (default)
2019-07-16 14:41:22,614 INFO  impl.RaftServerImpl (ServerState.java:<init>(105)) - 46909a66-9671-4184-a7a9-99686a76f5e8:group-0DE1D2A8F175 ConfigurationManager, init=-1: [e17100c6-a9d6-495c-98e3-7141b4c20b73:192.168.5.141:41803, 2af975a7-b39b-42b5-9d45-cc1628e24ae8:192.168.5.141:46376, 46909a66-9671-4184-a7a9-99686a76f5e8:192.168.5.141:39464], old=null, confs=<EMPTY_MAP>
2019-07-16 14:41:22,614 INFO  server.RaftServerConfigKeys (ConfUtils.java:logGet(43)) - raft.server.log.appender.install.snapshot.enabled = false (custom)
2019-07-16 14:41:22,614 INFO  impl.RaftServerImpl (RaftServerImpl.java:<init>(93)) - 2af975a7-b39b-42b5-9d45-cc1628e24ae8: new RaftServerImpl for group-0DE1D2A8F175:[e17100c6-a9d6-495c-98e3-7141b4c20b73:192.168.5.141:41803, 2af975a7-b39b-42b5-9d45-cc1628e24ae8:192.168.5.141:46376, 46909a66-9671-4184-a7a9-99686a76f5e8:192.168.5.141:39464] with ContainerStateMachine:uninitialized
2019-07-16 14:41:22,614 INFO  impl.RaftServerImpl (ServerState.java:<init>(105)) - e17100c6-a9d6-495c-98e3-7141b4c20b73:group-0DE1D2A8F175 ConfigurationManager, init=-1: [e17100c6-a9d6-495c-98e3-7141b4c20b73:192.168.5.141:41803, 2af975a7-b39b-42b5-9d45-cc1628e24ae8:192.168.5.141:46376, 46909a66-9671-4184-a7a9-99686a76f5e8:192.168.5.141:39464], old=null, confs=<EMPTY_MAP>
2019-07-16 14:41:22,614 INFO  server.RaftServerConfigKeys (ConfUtils.java:logGet(43)) - raft.server.rpc.timeout.min = 5s (custom)
2019-07-16 14:41:22,614 INFO  server.RaftServerConfigKeys (ConfUtils.java:logGet(43)) - raft.server.storage.dir = [/workdir/hadoop-ozone/integration-test/target/test-dir/MiniOzoneClusterImpl-654f8f73-ed3e-46e1-aeb9-b0ce3cfc6d3c/datanode-3/data/ratis] (custom)
2019-07-16 14:41:22,614 INFO  server.RaftServerConfigKeys (ConfUtils.java:logGet(43)) - raft.server.rpc.timeout.max = 5200ms (custom)
2019-07-16 14:41:22,614 INFO  server.RaftServerConfigKeys (ConfUtils.java:logGet(43)) - raft.server.storage.dir = [/workdir/hadoop-ozone/integration-test/target/test-dir/MiniOzoneClusterImpl-654f8f73-ed3e-46e1-aeb9-b0ce3cfc6d3c/datanode-0/data/ratis] (custom)
2019-07-16 14:41:22,615 INFO  server.RaftServerConfigKeys (ConfUtils.java:logGet(43)) - raft.server.rpcslowness.timeout = 120s (custom)
2019-07-16 14:41:22,615 INFO  storage.RaftStorageDirectory (RaftStorageDirectory.java:analyzeStorage(246)) - The storage directory /workdir/hadoop-ozone/integration-test/target/test-dir/MiniOzoneClusterImpl-654f8f73-ed3e-46e1-aeb9-b0ce3cfc6d3c/datanode-3/data/ratis/3d75042a-3281-419b-8383-0de1d2a8f175 does not exist. Creating ...
2019-07-16 14:41:22,615 INFO  storage.RaftStorageDirectory (RaftStorageDirectory.java:analyzeStorage(246)) - The storage directory /workdir/hadoop-ozone/integration-test/target/test-dir/MiniOzoneClusterImpl-654f8f73-ed3e-46e1-aeb9-b0ce3cfc6d3c/datanode-0/data/ratis/3d75042a-3281-419b-8383-0de1d2a8f175 does not exist. Creating ...
2019-07-16 14:41:22,615 INFO  server.RaftServerConfigKeys (ConfUtils.java:logGet(43)) - raft.server.sleep.deviation.threshold = 300 (default)
2019-07-16 14:41:22,615 INFO  server.RaftServerConfigKeys (ConfUtils.java:logGet(43)) - raft.server.log.appender.install.snapshot.enabled = false (custom)
2019-07-16 14:41:22,615 INFO  impl.RaftServerImpl (ServerState.java:<init>(105)) - 2af975a7-b39b-42b5-9d45-cc1628e24ae8:group-0DE1D2A8F175 ConfigurationManager, init=-1: [e17100c6-a9d6-495c-98e3-7141b4c20b73:192.168.5.141:41803, 2af975a7-b39b-42b5-9d45-cc1628e24ae8:192.168.5.141:46376, 46909a66-9671-4184-a7a9-99686a76f5e8:192.168.5.141:39464], old=null, confs=<EMPTY_MAP>
2019-07-16 14:41:22,616 INFO  server.RaftServerConfigKeys (ConfUtils.java:logGet(43)) - raft.server.storage.dir = [/workdir/hadoop-ozone/integration-test/target/test-dir/MiniOzoneClusterImpl-654f8f73-ed3e-46e1-aeb9-b0ce3cfc6d3c/datanode-2/data/ratis] (custom)
2019-07-16 14:41:22,616 INFO  storage.RaftStorageDirectory (RaftStorageDirectory.java:analyzeStorage(246)) - The storage directory /workdir/hadoop-ozone/integration-test/target/test-dir/MiniOzoneClusterImpl-654f8f73-ed3e-46e1-aeb9-b0ce3cfc6d3c/datanode-2/data/ratis/3d75042a-3281-419b-8383-0de1d2a8f175 does not exist. Creating ...
2019-07-16 14:41:22,627 INFO  storage.RaftStorageDirectory (RaftStorageDirectory.java:tryLock(328)) - Lock on /workdir/hadoop-ozone/integration-test/target/test-dir/MiniOzoneClusterImpl-654f8f73-ed3e-46e1-aeb9-b0ce3cfc6d3c/datanode-0/data/ratis/3d75042a-3281-419b-8383-0de1d2a8f175/in_use.lock acquired by nodename 10425@byscane-nightly-ppzk5-1864156943
2019-07-16 14:41:22,627 INFO  storage.RaftStorageDirectory (RaftStorageDirectory.java:tryLock(328)) - Lock on /workdir/hadoop-ozone/integration-test/target/test-dir/MiniOzoneClusterImpl-654f8f73-ed3e-46e1-aeb9-b0ce3cfc6d3c/datanode-2/data/ratis/3d75042a-3281-419b-8383-0de1d2a8f175/in_use.lock acquired by nodename 10425@byscane-nightly-ppzk5-1864156943
2019-07-16 14:41:22,627 INFO  storage.RaftStorageDirectory (RaftStorageDirectory.java:tryLock(328)) - Lock on /workdir/hadoop-ozone/integration-test/target/test-dir/MiniOzoneClusterImpl-654f8f73-ed3e-46e1-aeb9-b0ce3cfc6d3c/datanode-3/data/ratis/3d75042a-3281-419b-8383-0de1d2a8f175/in_use.lock acquired by nodename 10425@byscane-nightly-ppzk5-1864156943
2019-07-16 14:41:22,634 INFO  storage.RaftStorage (RaftStorage.java:format(72)) - Storage directory /workdir/hadoop-ozone/integration-test/target/test-dir/MiniOzoneClusterImpl-654f8f73-ed3e-46e1-aeb9-b0ce3cfc6d3c/datanode-0/data/ratis/3d75042a-3281-419b-8383-0de1d2a8f175 has been successfully formatted.
2019-07-16 14:41:22,634 INFO  storage.RaftStorage (RaftStorage.java:format(72)) - Storage directory /workdir/hadoop-ozone/integration-test/target/test-dir/MiniOzoneClusterImpl-654f8f73-ed3e-46e1-aeb9-b0ce3cfc6d3c/datanode-3/data/ratis/3d75042a-3281-419b-8383-0de1d2a8f175 has been successfully formatted.
2019-07-16 14:41:22,634 INFO  storage.RaftStorage (RaftStorage.java:format(72)) - Storage directory /workdir/hadoop-ozone/integration-test/target/test-dir/MiniOzoneClusterImpl-654f8f73-ed3e-46e1-aeb9-b0ce3cfc6d3c/datanode-2/data/ratis/3d75042a-3281-419b-8383-0de1d2a8f175 has been successfully formatted.
2019-07-16 14:41:22,635 INFO  ratis.ContainerStateMachine (ContainerStateMachine.java:loadSnapshot(199)) - group-0DE1D2A8F175: The snapshot info is null. Setting the last applied indexto:(t:0, i:~)
2019-07-16 14:41:22,635 INFO  ratis.ContainerStateMachine (ContainerStateMachine.java:loadSnapshot(199)) - group-0DE1D2A8F175: The snapshot info is null. Setting the last applied indexto:(t:0, i:~)
2019-07-16 14:41:22,635 INFO  server.RaftServerConfigKeys (ConfUtils.java:logGet(43)) - raft.server.leader.election.timeout = 120s (custom)
2019-07-16 14:41:22,635 INFO  ratis.ContainerStateMachine (ContainerStateMachine.java:loadSnapshot(199)) - group-0DE1D2A8F175: The snapshot info is null. Setting the last applied indexto:(t:0, i:~)
2019-07-16 14:41:22,635 INFO  server.RaftServerConfigKeys (ConfUtils.java:logGet(43)) - raft.server.log.use.memory = false (default)
2019-07-16 14:41:22,635 INFO  server.RaftServerConfigKeys (ConfUtils.java:logGet(43)) - raft.server.leader.election.timeout = 120s (custom)
2019-07-16 14:41:22,635 INFO  server.RaftServerConfigKeys (ConfUtils.java:logGet(43)) - raft.server.log.purge.gap = 1000000000 (custom)
2019-07-16 14:41:22,635 INFO  server.RaftServerConfigKeys (ConfUtils.java:logGet(43)) - raft.server.leader.election.timeout = 120s (custom)
2019-07-16 14:41:22,635 INFO  server.RaftServerConfigKeys (ConfUtils.java:logGet(43)) - raft.server.log.appender.buffer.byte-limit = 33554432 (custom)
2019-07-16 14:41:22,635 INFO  server.RaftServerConfigKeys (ConfUtils.java:logGet(43)) - raft.server.log.use.memory = false (default)
2019-07-16 14:41:22,636 INFO  server.RaftServerConfigKeys (ConfUtils.java:logGet(43)) - raft.server.log.segment.size.max = 1048576 (custom)
2019-07-16 14:41:22,636 INFO  server.RaftServerConfigKeys (ConfUtils.java:logGet(43)) - raft.server.log.use.memory = false (default)
2019-07-16 14:41:22,636 INFO  server.RaftServerConfigKeys (ConfUtils.java:logGet(43)) - raft.server.log.segment.cache.num.max = 2 (custom)
2019-07-16 14:41:22,636 INFO  server.RaftServerConfigKeys (ConfUtils.java:logGet(43)) - raft.server.log.purge.gap = 1000000000 (custom)
2019-07-16 14:41:22,636 INFO  segmented.SegmentedRaftLogWorker (SegmentedRaftLogWorker.java:<init>(172)) - new e17100c6-a9d6-495c-98e3-7141b4c20b73-SegmentedRaftLogWorker:Storage Directory /workdir/hadoop-ozone/integration-test/target/test-dir/MiniOzoneClusterImpl-654f8f73-ed3e-46e1-aeb9-b0ce3cfc6d3c/datanode-0/data/ratis/3d75042a-3281-419b-8383-0de1d2a8f175 for RaftStorage:Storage Directory /workdir/hadoop-ozone/integration-test/target/test-dir/MiniOzoneClusterImpl-654f8f73-ed3e-46e1-aeb9-b0ce3cfc6d3c/datanode-0/data/ratis/3d75042a-3281-419b-8383-0de1d2a8f175
2019-07-16 14:41:22,636 INFO  server.RaftServerConfigKeys (ConfUtils.java:logGet(43)) - raft.server.log.purge.gap = 1000000000 (custom)
2019-07-16 14:41:22,636 INFO  server.RaftServerConfigKeys (ConfUtils.java:logGet(43)) - raft.server.log.queue.byte-limit = 2147483647 (custom)
2019-07-16 14:41:22,636 INFO  server.RaftServerConfigKeys (ConfUtils.java:logGet(43)) - raft.server.log.appender.buffer.byte-limit = 33554432 (custom)
2019-07-16 14:41:22,638 INFO  server.RaftServerConfigKeys (ConfUtils.java:logGet(43)) - raft.server.log.queue.element-limit = 1024 (custom)
2019-07-16 14:41:22,636 INFO  server.RaftServerConfigKeys (ConfUtils.java:logGet(43)) - raft.server.log.appender.buffer.byte-limit = 33554432 (custom)
2019-07-16 14:41:22,639 INFO  server.RaftServerConfigKeys (ConfUtils.java:logGet(43)) - raft.server.log.segment.size.max = 1048576 (custom)
2019-07-16 14:41:22,639 INFO  server.RaftServerConfigKeys (ConfUtils.java:logGet(43)) - raft.server.log.segment.size.max = 1048576 (custom)
2019-07-16 14:41:22,639 INFO  server.RaftServerConfigKeys (ConfUtils.java:logGet(43)) - raft.server.log.preallocated.size = 16384 (custom)
2019-07-16 14:41:22,639 INFO  server.RaftServerConfigKeys (ConfUtils.java:logGet(43)) - raft.server.log.segment.size.max = 1048576 (custom)
2019-07-16 14:41:22,639 INFO  server.RaftServerConfigKeys (ConfUtils.java:logGet(43)) - raft.server.log.write.buffer.size = 33554432 (custom)
2019-07-16 14:41:22,639 INFO  server.RaftServerConfigKeys (ConfUtils.java:logGet(43)) - raft.server.log.segment.cache.num.max = 2 (custom)
2019-07-16 14:41:22,639 INFO  server.RaftServerConfigKeys (ConfUtils.java:logGet(43)) - raft.server.log.force.sync.num = 128 (default)
2019-07-16 14:41:22,639 INFO  server.RaftServerConfigKeys (ConfUtils.java:logGet(43)) - raft.server.log.segment.cache.num.max = 2 (custom)
2019-07-16 14:41:22,640 INFO  server.RaftServerConfigKeys (ConfUtils.java:logGet(43)) - raft.server.log.statemachine.data.sync = true (default)
2019-07-16 14:41:22,639 INFO  segmented.SegmentedRaftLogWorker (SegmentedRaftLogWorker.java:<init>(172)) - new 46909a66-9671-4184-a7a9-99686a76f5e8-SegmentedRaftLogWorker:Storage Directory /workdir/hadoop-ozone/integration-test/target/test-dir/MiniOzoneClusterImpl-654f8f73-ed3e-46e1-aeb9-b0ce3cfc6d3c/datanode-3/data/ratis/3d75042a-3281-419b-8383-0de1d2a8f175 for RaftStorage:Storage Directory /workdir/hadoop-ozone/integration-test/target/test-dir/MiniOzoneClusterImpl-654f8f73-ed3e-46e1-aeb9-b0ce3cfc6d3c/datanode-3/data/ratis/3d75042a-3281-419b-8383-0de1d2a8f175
2019-07-16 14:41:22,640 INFO  server.RaftServerConfigKeys (ConfUtils.java:logGet(43)) - raft.server.log.statemachine.data.sync.timeout = 10s (default)
2019-07-16 14:41:22,640 INFO  segmented.SegmentedRaftLogWorker (SegmentedRaftLogWorker.java:<init>(172)) - new 2af975a7-b39b-42b5-9d45-cc1628e24ae8-SegmentedRaftLogWorker:Storage Directory /workdir/hadoop-ozone/integration-test/target/test-dir/MiniOzoneClusterImpl-654f8f73-ed3e-46e1-aeb9-b0ce3cfc6d3c/datanode-2/data/ratis/3d75042a-3281-419b-8383-0de1d2a8f175 for RaftStorage:Storage Directory /workdir/hadoop-ozone/integration-test/target/test-dir/MiniOzoneClusterImpl-654f8f73-ed3e-46e1-aeb9-b0ce3cfc6d3c/datanode-2/data/ratis/3d75042a-3281-419b-8383-0de1d2a8f175
2019-07-16 14:41:22,640 INFO  server.RaftServerConfigKeys (ConfUtils.java:logGet(43)) - raft.server.log.statemachine.data.sync.timeout.retry = -1 (default)
2019-07-16 14:41:22,640 INFO  server.RaftServerConfigKeys (ConfUtils.java:logGet(43)) - raft.server.log.queue.byte-limit = 2147483647 (custom)
2019-07-16 14:41:22,644 INFO  server.RaftServerConfigKeys (ConfUtils.java:logGet(43)) - raft.server.log.statemachine.data.caching.enabled = true (custom)
2019-07-16 14:41:22,642 INFO  server.RaftServerConfigKeys (ConfUtils.java:logGet(43)) - raft.server.log.queue.byte-limit = 2147483647 (custom)
2019-07-16 14:41:22,644 INFO  server.RaftServerConfigKeys (ConfUtils.java:logGet(43)) - raft.server.log.queue.element-limit = 1024 (custom)
2019-07-16 14:41:22,644 INFO  segmented.SegmentedRaftLogWorker (SegmentedRaftLogWorker.java:lambda$new$0(132)) - e17100c6-a9d6-495c-98e3-7141b4c20b73-SegmentedRaftLogWorker:Storage Directory /workdir/hadoop-ozone/integration-test/target/test-dir/MiniOzoneClusterImpl-654f8f73-ed3e-46e1-aeb9-b0ce3cfc6d3c/datanode-0/data/ratis/3d75042a-3281-419b-8383-0de1d2a8f175: flushIndex: setUnconditionally 0 -> -1
2019-07-16 14:41:22,644 INFO  server.RaftServerConfigKeys (ConfUtils.java:logGet(43)) - raft.server.log.queue.element-limit = 1024 (custom)
2019-07-16 14:41:22,644 INFO  server.RaftServerConfigKeys (ConfUtils.java:logGet(43)) - raft.server.log.segment.size.max = 1048576 (custom)
2019-07-16 14:41:22,644 INFO  server.RaftServerConfigKeys (ConfUtils.java:logGet(43)) - raft.server.snapshot.auto.trigger.enabled = true (custom)
2019-07-16 14:41:22,644 INFO  server.RaftServerConfigKeys (ConfUtils.java:logGet(43)) - raft.server.log.segment.size.max = 1048576 (custom)
2019-07-16 14:41:22,645 INFO  server.RaftServerConfigKeys (ConfUtils.java:logGet(43)) - raft.server.snapshot.auto.trigger.threshold = 10000 (custom)
2019-07-16 14:41:22,644 INFO  server.RaftServerConfigKeys (ConfUtils.java:logGet(43)) - raft.server.log.preallocated.size = 16384 (custom)
2019-07-16 14:41:22,645 INFO  server.RaftServerConfigKeys (ConfUtils.java:logGet(43)) - raft.server.retrycache.expirytime = 600000ms (custom)
2019-07-16 14:41:22,645 INFO  server.RaftServerConfigKeys (ConfUtils.java:logGet(43)) - raft.server.log.preallocated.size = 16384 (custom)
2019-07-16 14:41:22,645 INFO  server.RaftServerConfigKeys (ConfUtils.java:logGet(43)) - raft.server.log.write.buffer.size = 33554432 (custom)
2019-07-16 14:41:22,645 INFO  server.RaftServerConfigKeys (ConfUtils.java:logGet(43)) - raft.server.log.write.buffer.size = 33554432 (custom)
2019-07-16 14:41:22,645 INFO  impl.RaftServerImpl (RaftServerImpl.java:start(180)) - e17100c6-a9d6-495c-98e3-7141b4c20b73: start group-0DE1D2A8F175
2019-07-16 14:41:22,645 INFO  server.RaftServerConfigKeys (ConfUtils.java:logGet(43)) - raft.server.log.force.sync.num = 128 (default)
2019-07-16 14:41:22,645 INFO  server.RaftServerConfigKeys (ConfUtils.java:logGet(43)) - raft.server.log.force.sync.num = 128 (default)
2019-07-16 14:41:22,645 INFO  server.RaftServerConfigKeys (ConfUtils.java:logGet(43)) - raft.server.log.statemachine.data.sync = true (default)
2019-07-16 14:41:22,645 INFO  impl.RaftServerImpl (RaftServerImpl.java:setRole(171)) - e17100c6-a9d6-495c-98e3-7141b4c20b73:group-0DE1D2A8F175 changes role from null to FOLLOWER at term 0 for startAsFollower
2019-07-16 14:41:22,646 INFO  server.RaftServerConfigKeys (ConfUtils.java:logGet(43)) - raft.server.log.statemachine.data.sync.timeout = 10s (default)
2019-07-16 14:41:22,646 INFO  server.RaftServerConfigKeys (ConfUtils.java:logGet(43)) - raft.server.log.statemachine.data.sync.timeout.retry = -1 (default)
2019-07-16 14:41:22,646 INFO  server.RaftServerConfigKeys (ConfUtils.java:logGet(43)) - raft.server.log.statemachine.data.sync = true (default)
2019-07-16 14:41:22,646 INFO  server.RaftServerConfigKeys (ConfUtils.java:logGet(43)) - raft.server.log.statemachine.data.caching.enabled = true (custom)
2019-07-16 14:41:22,646 INFO  impl.RoleInfo (RoleInfo.java:updateAndGet(143)) - e17100c6-a9d6-495c-98e3-7141b4c20b73: start FollowerState
2019-07-16 14:41:22,646 INFO  server.RaftServerConfigKeys (ConfUtils.java:logGet(43)) - raft.server.log.statemachine.data.sync.timeout = 10s (default)
2019-07-16 14:41:22,646 INFO  segmented.SegmentedRaftLogWorker (SegmentedRaftLogWorker.java:lambda$new$0(132)) - 2af975a7-b39b-42b5-9d45-cc1628e24ae8-SegmentedRaftLogWorker:Storage Directory /workdir/hadoop-ozone/integration-test/target/test-dir/MiniOzoneClusterImpl-654f8f73-ed3e-46e1-aeb9-b0ce3cfc6d3c/datanode-2/data/ratis/3d75042a-3281-419b-8383-0de1d2a8f175: flushIndex: setUnconditionally 0 -> -1
2019-07-16 14:41:22,647 INFO  server.RaftServerConfigKeys (ConfUtils.java:logGet(43)) - raft.server.log.statemachine.data.sync.timeout.retry = -1 (default)
2019-07-16 14:41:22,647 INFO  util.JmxRegister (JmxRegister.java:tryRegister(44)) - Successfully registered JMX Bean with object name Ratis:service=RaftServer,group=group-0DE1D2A8F175,id=e17100c6-a9d6-495c-98e3-7141b4c20b73
2019-07-16 14:41:22,647 INFO  server.RaftServerConfigKeys (ConfUtils.java:logGet(43)) - raft.server.log.statemachine.data.caching.enabled = true (custom)
2019-07-16 14:41:22,647 INFO  server.RaftServerConfigKeys (ConfUtils.java:logGet(43)) - raft.server.snapshot.auto.trigger.enabled = true (custom)
2019-07-16 14:41:22,647 INFO  server.RaftServerConfigKeys (ConfUtils.java:logGet(43)) - raft.server.snapshot.auto.trigger.threshold = 10000 (custom)
2019-07-16 14:41:22,647 INFO  segmented.SegmentedRaftLogWorker (SegmentedRaftLogWorker.java:lambda$new$0(132)) - 46909a66-9671-4184-a7a9-99686a76f5e8-SegmentedRaftLogWorker:Storage Directory /workdir/hadoop-ozone/integration-test/target/test-dir/MiniOzoneClusterImpl-654f8f73-ed3e-46e1-aeb9-b0ce3cfc6d3c/datanode-3/data/ratis/3d75042a-3281-419b-8383-0de1d2a8f175: flushIndex: setUnconditionally 0 -> -1
2019-07-16 14:41:22,647 INFO  server.RaftServerConfigKeys (ConfUtils.java:logGet(43)) - raft.server.retrycache.expirytime = 600000ms (custom)
2019-07-16 14:41:22,647 INFO  impl.RaftServerImpl (RaftServerImpl.java:start(180)) - 2af975a7-b39b-42b5-9d45-cc1628e24ae8: start group-0DE1D2A8F175
2019-07-16 14:41:22,647 INFO  server.RaftServerConfigKeys (ConfUtils.java:logGet(43)) - raft.server.snapshot.auto.trigger.enabled = true (custom)
2019-07-16 14:41:22,647 INFO  impl.RaftServerImpl (RaftServerImpl.java:setRole(171)) - 2af975a7-b39b-42b5-9d45-cc1628e24ae8:group-0DE1D2A8F175 changes role from null to FOLLOWER at term 0 for startAsFollower
2019-07-16 14:41:22,648 INFO  server.RaftServerConfigKeys (ConfUtils.java:logGet(43)) - raft.server.snapshot.auto.trigger.threshold = 10000 (custom)
2019-07-16 14:41:22,648 INFO  impl.RoleInfo (RoleInfo.java:updateAndGet(143)) - 2af975a7-b39b-42b5-9d45-cc1628e24ae8: start FollowerState
2019-07-16 14:41:22,648 INFO  server.RaftServerConfigKeys (ConfUtils.java:logGet(43)) - raft.server.retrycache.expirytime = 600000ms (custom)
2019-07-16 14:41:22,648 INFO  impl.RaftServerImpl (RaftServerImpl.java:start(180)) - 46909a66-9671-4184-a7a9-99686a76f5e8: start group-0DE1D2A8F175
2019-07-16 14:41:22,648 INFO  util.JmxRegister (JmxRegister.java:tryRegister(44)) - Successfully registered JMX Bean with object name Ratis:service=RaftServer,group=group-0DE1D2A8F175,id=2af975a7-b39b-42b5-9d45-cc1628e24ae8
2019-07-16 14:41:22,648 INFO  impl.RaftServerImpl (RaftServerImpl.java:setRole(171)) - 46909a66-9671-4184-a7a9-99686a76f5e8:group-0DE1D2A8F175 changes role from null to FOLLOWER at term 0 for startAsFollower
2019-07-16 14:41:22,648 INFO  impl.RoleInfo (RoleInfo.java:updateAndGet(143)) - 46909a66-9671-4184-a7a9-99686a76f5e8: start FollowerState
2019-07-16 14:41:22,650 INFO  util.JmxRegister (JmxRegister.java:tryRegister(44)) - Successfully registered JMX Bean with object name Ratis:service=RaftServer,group=group-0DE1D2A8F175,id=46909a66-9671-4184-a7a9-99686a76f5e8
2019-07-16 14:41:22,671 INFO  pipeline.PipelineStateManager (PipelineStateManager.java:addPipeline(56)) - Created pipeline Pipeline[ Id: 3d75042a-3281-419b-8383-0de1d2a8f175, Nodes: 2af975a7-b39b-42b5-9d45-cc1628e24ae8{ip: 192.168.5.141, host: byscane-nightly-ppzk5-1864156943, networkLocation: /default-rack, certSerialId: null}46909a66-9671-4184-a7a9-99686a76f5e8{ip: 192.168.5.141, host: byscane-nightly-ppzk5-1864156943, networkLocation: /default-rack, certSerialId: null}e17100c6-a9d6-495c-98e3-7141b4c20b73{ip: 192.168.5.141, host: byscane-nightly-ppzk5-1864156943, networkLocation: /default-rack, certSerialId: null}, Type:RATIS, Factor:THREE, State:OPEN]
2019-07-16 14:41:23,361 INFO  ozone.MiniOzoneClusterImpl (MiniOzoneClusterImpl.java:lambda$waitForClusterToBeReady$0(142)) - Cluster is ready. Got 7 of 7 DN Heartbeats.
2019-07-16 14:41:23,688 INFO  rpc.RpcClient (RpcClient.java:createVolume(287)) - Creating Volume: testblockoutputstreamwithretries, with jenkins1000 as owner.
2019-07-16 14:41:23,742 INFO  rpc.RpcClient (RpcClient.java:createBucket(424)) - Creating Bucket: testblockoutputstreamwithretries/testblockoutputstreamwithretries, with Versioning false and Storage Type set to DISK and Encryption set to false 
2019-07-16 14:41:24,035 INFO  client.GrpcClientProtocolClient (GrpcClientProtocolClient.java:onNext(255)) - client-5B853CDA62E2->2af975a7-b39b-42b5-9d45-cc1628e24ae8: receive RaftClientReply:client-5B853CDA62E2->2af975a7-b39b-42b5-9d45-cc1628e24ae8@group-0DE1D2A8F175, cid=13, FAILED org.apache.ratis.protocol.NotLeaderException: Server 2af975a7-b39b-42b5-9d45-cc1628e24ae8 is not the leader (null). Request must be sent to leader., logIndex=0, commits[2af975a7-b39b-42b5-9d45-cc1628e24ae8:c-1]
2019-07-16 14:41:25,095 INFO  client.GrpcClientProtocolClient (GrpcClientProtocolClient.java:onNext(255)) - client-5B853CDA62E2->e17100c6-a9d6-495c-98e3-7141b4c20b73: receive RaftClientReply:client-5B853CDA62E2->e17100c6-a9d6-495c-98e3-7141b4c20b73@group-0DE1D2A8F175, cid=13, FAILED org.apache.ratis.protocol.NotLeaderException: Server e17100c6-a9d6-495c-98e3-7141b4c20b73 is not the leader (null). Request must be sent to leader., logIndex=0, commits[e17100c6-a9d6-495c-98e3-7141b4c20b73:c-1]
2019-07-16 14:41:26,120 INFO  client.GrpcClientProtocolClient (GrpcClientProtocolClient.java:onNext(255)) - client-5B853CDA62E2->2af975a7-b39b-42b5-9d45-cc1628e24ae8: receive RaftClientReply:client-5B853CDA62E2->2af975a7-b39b-42b5-9d45-cc1628e24ae8@group-0DE1D2A8F175, cid=13, FAILED org.apache.ratis.protocol.NotLeaderException: Server 2af975a7-b39b-42b5-9d45-cc1628e24ae8 is not the leader (null). Request must be sent to leader., logIndex=0, commits[2af975a7-b39b-42b5-9d45-cc1628e24ae8:c-1]
2019-07-16 14:41:27,047 INFO  impl.FollowerState (FollowerState.java:run(106)) - e17100c6-a9d6-495c-98e3-7141b4c20b73:group-FFA81A664DFE changes to CANDIDATE, lastRpcTime:5055, electionTimeout:5054ms
2019-07-16 14:41:27,047 INFO  impl.RoleInfo (RoleInfo.java:shutdownFollowerState(121)) - e17100c6-a9d6-495c-98e3-7141b4c20b73: shutdown FollowerState
2019-07-16 14:41:27,047 INFO  impl.RaftServerImpl (RaftServerImpl.java:setRole(171)) - e17100c6-a9d6-495c-98e3-7141b4c20b73:group-FFA81A664DFE changes role from FOLLOWER to CANDIDATE at term 0 for changeToCandidate
2019-07-16 14:41:27,050 INFO  impl.RoleInfo (RoleInfo.java:updateAndGet(143)) - e17100c6-a9d6-495c-98e3-7141b4c20b73: start LeaderElection
2019-07-16 14:41:27,062 INFO  impl.LeaderElection (LeaderElection.java:askForVotes(181)) - e17100c6-a9d6-495c-98e3-7141b4c20b73:group-FFA81A664DFE:LeaderElection1: begin an election at term 1 for -1: [e17100c6-a9d6-495c-98e3-7141b4c20b73:192.168.5.141:41803], old=null
2019-07-16 14:41:27,064 INFO  impl.RoleInfo (RoleInfo.java:shutdownLeaderElection(134)) - e17100c6-a9d6-495c-98e3-7141b4c20b73: shutdown LeaderElection
2019-07-16 14:41:27,065 INFO  impl.RaftServerImpl (RaftServerImpl.java:setRole(171)) - e17100c6-a9d6-495c-98e3-7141b4c20b73:group-FFA81A664DFE changes role from CANDIDATE to LEADER at term 1 for changeToLeader
2019-07-16 14:41:27,065 INFO  impl.RaftServerImpl (ServerState.java:setLeader(263)) - e17100c6-a9d6-495c-98e3-7141b4c20b73:group-FFA81A664DFE change Leader from null to e17100c6-a9d6-495c-98e3-7141b4c20b73 at term 1 for becomeLeader, leader elected after 5155ms
2019-07-16 14:41:27,073 INFO  server.RaftServerConfigKeys (ConfUtils.java:logGet(43)) - raft.server.staging.catchup.gap = 1000 (default)
2019-07-16 14:41:27,073 INFO  server.RaftServerConfigKeys (ConfUtils.java:logGet(43)) - raft.server.rpc.sleep.time = 25ms (default)
2019-07-16 14:41:27,076 INFO  server.RaftServerConfigKeys (ConfUtils.java:logGet(43)) - raft.server.write.element-limit = 4096 (default)
2019-07-16 14:41:27,080 INFO  server.RaftServerConfigKeys (ConfUtils.java:logGet(43)) - raft.server.watch.timeout = 10s (default)
2019-07-16 14:41:27,080 INFO  server.RaftServerConfigKeys (ConfUtils.java:logGet(43)) - raft.server.watch.timeout.denomination = 1s (default)
2019-07-16 14:41:27,081 INFO  server.RaftServerConfigKeys (ConfUtils.java:logGet(43)) - raft.server.watch.element-limit = 65536 (default)
2019-07-16 14:41:27,091 INFO  impl.RoleInfo (RoleInfo.java:updateAndGet(143)) - e17100c6-a9d6-495c-98e3-7141b4c20b73: start LeaderState
2019-07-16 14:41:27,117 INFO  segmented.SegmentedRaftLogWorker (SegmentedRaftLogWorker.java:startLogSegment(380)) - e17100c6-a9d6-495c-98e3-7141b4c20b73-SegmentedRaftLogWorker:Storage Directory /workdir/hadoop-ozone/integration-test/target/test-dir/MiniOzoneClusterImpl-654f8f73-ed3e-46e1-aeb9-b0ce3cfc6d3c/datanode-0/data/ratis/9c608b79-981d-4e2d-a22c-ffa81a664dfe: Starting segment from index:0
2019-07-16 14:41:27,132 INFO  impl.RaftServerImpl (ServerState.java:setRaftConf(361)) - e17100c6-a9d6-495c-98e3-7141b4c20b73:group-FFA81A664DFE set configuration 0: [e17100c6-a9d6-495c-98e3-7141b4c20b73:192.168.5.141:41803], old=null at 0
2019-07-16 14:41:27,144 INFO  client.GrpcClientProtocolClient (GrpcClientProtocolClient.java:onNext(255)) - client-5B853CDA62E2->e17100c6-a9d6-495c-98e3-7141b4c20b73: receive RaftClientReply:client-5B853CDA62E2->e17100c6-a9d6-495c-98e3-7141b4c20b73@group-0DE1D2A8F175, cid=13, FAILED org.apache.ratis.protocol.NotLeaderException: Server e17100c6-a9d6-495c-98e3-7141b4c20b73 is not the leader (null). Request must be sent to leader., logIndex=0, commits[e17100c6-a9d6-495c-98e3-7141b4c20b73:c-1]
2019-07-16 14:41:27,317 INFO  segmented.SegmentedRaftLogWorker (SegmentedRaftLogWorker.java:execute(569)) - e17100c6-a9d6-495c-98e3-7141b4c20b73-SegmentedRaftLogWorker:Storage Directory /workdir/hadoop-ozone/integration-test/target/test-dir/MiniOzoneClusterImpl-654f8f73-ed3e-46e1-aeb9-b0ce3cfc6d3c/datanode-0/data/ratis/9c608b79-981d-4e2d-a22c-ffa81a664dfe: created new log segment /workdir/hadoop-ozone/integration-test/target/test-dir/MiniOzoneClusterImpl-654f8f73-ed3e-46e1-aeb9-b0ce3cfc6d3c/datanode-0/data/ratis/9c608b79-981d-4e2d-a22c-ffa81a664dfe/current/log_inprogress_0
2019-07-16 14:41:27,322 INFO  impl.FollowerState (FollowerState.java:run(106)) - c74f5942-f647-4ad8-aff9-d480222fb421:group-A4B8A5270277 changes to CANDIDATE, lastRpcTime:5157, electionTimeout:5155ms
2019-07-16 14:41:27,325 INFO  impl.RoleInfo (RoleInfo.java:shutdownFollowerState(121)) - c74f5942-f647-4ad8-aff9-d480222fb421: shutdown FollowerState
2019-07-16 14:41:27,325 INFO  impl.RaftServerImpl (RaftServerImpl.java:setRole(171)) - c74f5942-f647-4ad8-aff9-d480222fb421:group-A4B8A5270277 changes role from FOLLOWER to CANDIDATE at term 0 for changeToCandidate
2019-07-16 14:41:27,325 INFO  impl.RoleInfo (RoleInfo.java:updateAndGet(143)) - c74f5942-f647-4ad8-aff9-d480222fb421: start LeaderElection
2019-07-16 14:41:27,334 INFO  impl.LeaderElection (LeaderElection.java:askForVotes(181)) - c74f5942-f647-4ad8-aff9-d480222fb421:group-A4B8A5270277:LeaderElection2: begin an election at term 1 for -1: [c74f5942-f647-4ad8-aff9-d480222fb421:192.168.5.141:39418], old=null
2019-07-16 14:41:27,338 INFO  impl.RoleInfo (RoleInfo.java:shutdownLeaderElection(134)) - c74f5942-f647-4ad8-aff9-d480222fb421: shutdown LeaderElection
2019-07-16 14:41:27,338 INFO  impl.RaftServerImpl (RaftServerImpl.java:setRole(171)) - c74f5942-f647-4ad8-aff9-d480222fb421:group-A4B8A5270277 changes role from CANDIDATE to LEADER at term 1 for changeToLeader
2019-07-16 14:41:27,338 INFO  impl.RaftServerImpl (ServerState.java:setLeader(263)) - c74f5942-f647-4ad8-aff9-d480222fb421:group-A4B8A5270277 change Leader from null to c74f5942-f647-4ad8-aff9-d480222fb421 at term 1 for becomeLeader, leader elected after 5180ms
2019-07-16 14:41:27,339 INFO  server.RaftServerConfigKeys (ConfUtils.java:logGet(43)) - raft.server.staging.catchup.gap = 1000 (default)
2019-07-16 14:41:27,339 INFO  server.RaftServerConfigKeys (ConfUtils.java:logGet(43)) - raft.server.rpc.sleep.time = 25ms (default)
2019-07-16 14:41:27,339 INFO  server.RaftServerConfigKeys (ConfUtils.java:logGet(43)) - raft.server.write.element-limit = 4096 (default)
2019-07-16 14:41:27,339 INFO  server.RaftServerConfigKeys (ConfUtils.java:logGet(43)) - raft.server.watch.timeout = 10s (default)
2019-07-16 14:41:27,339 INFO  server.RaftServerConfigKeys (ConfUtils.java:logGet(43)) - raft.server.watch.timeout.denomination = 1s (default)
2019-07-16 14:41:27,339 INFO  server.RaftServerConfigKeys (ConfUtils.java:logGet(43)) - raft.server.watch.element-limit = 65536 (default)
2019-07-16 14:41:27,342 INFO  impl.RoleInfo (RoleInfo.java:updateAndGet(143)) - c74f5942-f647-4ad8-aff9-d480222fb421: start LeaderState
2019-07-16 14:41:27,342 INFO  segmented.SegmentedRaftLogWorker (SegmentedRaftLogWorker.java:startLogSegment(380)) - c74f5942-f647-4ad8-aff9-d480222fb421-SegmentedRaftLogWorker:Storage Directory /workdir/hadoop-ozone/integration-test/target/test-dir/MiniOzoneClusterImpl-654f8f73-ed3e-46e1-aeb9-b0ce3cfc6d3c/datanode-4/data/ratis/9393167a-f21f-485d-a5a4-a4b8a5270277: Starting segment from index:0
2019-07-16 14:41:27,343 INFO  impl.RaftServerImpl (ServerState.java:setRaftConf(361)) - c74f5942-f647-4ad8-aff9-d480222fb421:group-A4B8A5270277 set configuration 0: [c74f5942-f647-4ad8-aff9-d480222fb421:192.168.5.141:39418], old=null at 0
2019-07-16 14:41:27,363 INFO  segmented.SegmentedRaftLogWorker (SegmentedRaftLogWorker.java:execute(569)) - c74f5942-f647-4ad8-aff9-d480222fb421-SegmentedRaftLogWorker:Storage Directory /workdir/hadoop-ozone/integration-test/target/test-dir/MiniOzoneClusterImpl-654f8f73-ed3e-46e1-aeb9-b0ce3cfc6d3c/datanode-4/data/ratis/9393167a-f21f-485d-a5a4-a4b8a5270277: created new log segment /workdir/hadoop-ozone/integration-test/target/test-dir/MiniOzoneClusterImpl-654f8f73-ed3e-46e1-aeb9-b0ce3cfc6d3c/datanode-4/data/ratis/9393167a-f21f-485d-a5a4-a4b8a5270277/current/log_inprogress_0
2019-07-16 14:41:27,369 INFO  impl.FollowerState (FollowerState.java:run(106)) - c16dce58-043d-4666-996b-a7f6e1d189b5:group-33F8199A2BC4 changes to CANDIDATE, lastRpcTime:5145, electionTimeout:5145ms
2019-07-16 14:41:27,369 INFO  impl.RoleInfo (RoleInfo.java:shutdownFollowerState(121)) - c16dce58-043d-4666-996b-a7f6e1d189b5: shutdown FollowerState
2019-07-16 14:41:27,370 INFO  impl.RaftServerImpl (RaftServerImpl.java:setRole(171)) - c16dce58-043d-4666-996b-a7f6e1d189b5:group-33F8199A2BC4 changes role from FOLLOWER to CANDIDATE at term 0 for changeToCandidate
2019-07-16 14:41:27,370 INFO  impl.RoleInfo (RoleInfo.java:updateAndGet(143)) - c16dce58-043d-4666-996b-a7f6e1d189b5: start LeaderElection
2019-07-16 14:41:27,378 INFO  impl.FollowerState (FollowerState.java:run(106)) - 2af975a7-b39b-42b5-9d45-cc1628e24ae8:group-92320F0AB8BE changes to CANDIDATE, lastRpcTime:5111, electionTimeout:5111ms
2019-07-16 14:41:27,380 INFO  impl.LeaderElection (LeaderElection.java:askForVotes(181)) - c16dce58-043d-4666-996b-a7f6e1d189b5:group-33F8199A2BC4:LeaderElection3: begin an election at term 1 for -1: [c16dce58-043d-4666-996b-a7f6e1d189b5:192.168.5.141:38994], old=null
2019-07-16 14:41:27,380 INFO  impl.RoleInfo (RoleInfo.java:shutdownFollowerState(121)) - 2af975a7-b39b-42b5-9d45-cc1628e24ae8: shutdown FollowerState
2019-07-16 14:41:27,380 INFO  impl.RoleInfo (RoleInfo.java:shutdownLeaderElection(134)) - c16dce58-043d-4666-996b-a7f6e1d189b5: shutdown LeaderElection
2019-07-16 14:41:27,380 INFO  impl.RaftServerImpl (RaftServerImpl.java:setRole(171)) - 2af975a7-b39b-42b5-9d45-cc1628e24ae8:group-92320F0AB8BE changes role from FOLLOWER to CANDIDATE at term 0 for changeToCandidate
2019-07-16 14:41:27,380 INFO  impl.RaftServerImpl (RaftServerImpl.java:setRole(171)) - c16dce58-043d-4666-996b-a7f6e1d189b5:group-33F8199A2BC4 changes role from CANDIDATE to LEADER at term 1 for changeToLeader
2019-07-16 14:41:27,381 INFO  impl.RaftServerImpl (ServerState.java:setLeader(263)) - c16dce58-043d-4666-996b-a7f6e1d189b5:group-33F8199A2BC4 change Leader from null to c16dce58-043d-4666-996b-a7f6e1d189b5 at term 1 for becomeLeader, leader elected after 5160ms
2019-07-16 14:41:27,381 INFO  impl.RoleInfo (RoleInfo.java:updateAndGet(143)) - 2af975a7-b39b-42b5-9d45-cc1628e24ae8: start LeaderElection
2019-07-16 14:41:27,381 INFO  server.RaftServerConfigKeys (ConfUtils.java:logGet(43)) - raft.server.staging.catchup.gap = 1000 (default)
2019-07-16 14:41:27,381 INFO  server.RaftServerConfigKeys (ConfUtils.java:logGet(43)) - raft.server.rpc.sleep.time = 25ms (default)
2019-07-16 14:41:27,383 INFO  server.RaftServerConfigKeys (ConfUtils.java:logGet(43)) - raft.server.write.element-limit = 4096 (default)
2019-07-16 14:41:27,386 INFO  server.RaftServerConfigKeys (ConfUtils.java:logGet(43)) - raft.server.watch.timeout = 10s (default)
2019-07-16 14:41:27,386 INFO  server.RaftServerConfigKeys (ConfUtils.java:logGet(43)) - raft.server.watch.timeout.denomination = 1s (default)
2019-07-16 14:41:27,386 INFO  server.RaftServerConfigKeys (ConfUtils.java:logGet(43)) - raft.server.watch.element-limit = 65536 (default)
2019-07-16 14:41:27,386 INFO  impl.RoleInfo (RoleInfo.java:updateAndGet(143)) - c16dce58-043d-4666-996b-a7f6e1d189b5: start LeaderState
2019-07-16 14:41:27,386 INFO  segmented.SegmentedRaftLogWorker (SegmentedRaftLogWorker.java:startLogSegment(380)) - c16dce58-043d-4666-996b-a7f6e1d189b5-SegmentedRaftLogWorker:Storage Directory /workdir/hadoop-ozone/integration-test/target/test-dir/MiniOzoneClusterImpl-654f8f73-ed3e-46e1-aeb9-b0ce3cfc6d3c/datanode-5/data/ratis/f081c436-5c8e-4cd2-8c7b-33f8199a2bc4: Starting segment from index:0
2019-07-16 14:41:27,387 INFO  impl.RaftServerImpl (ServerState.java:setRaftConf(361)) - c16dce58-043d-4666-996b-a7f6e1d189b5:group-33F8199A2BC4 set configuration 0: [c16dce58-043d-4666-996b-a7f6e1d189b5:192.168.5.141:38994], old=null at 0
2019-07-16 14:41:27,406 INFO  impl.LeaderElection (LeaderElection.java:askForVotes(181)) - 2af975a7-b39b-42b5-9d45-cc1628e24ae8:group-92320F0AB8BE:LeaderElection4: begin an election at term 1 for -1: [2af975a7-b39b-42b5-9d45-cc1628e24ae8:192.168.5.141:46376], old=null
2019-07-16 14:41:27,406 INFO  impl.RoleInfo (RoleInfo.java:shutdownLeaderElection(134)) - 2af975a7-b39b-42b5-9d45-cc1628e24ae8: shutdown LeaderElection
2019-07-16 14:41:27,407 INFO  impl.RaftServerImpl (RaftServerImpl.java:setRole(171)) - 2af975a7-b39b-42b5-9d45-cc1628e24ae8:group-92320F0AB8BE changes role from CANDIDATE to LEADER at term 1 for changeToLeader
2019-07-16 14:41:27,407 INFO  impl.RaftServerImpl (ServerState.java:setLeader(263)) - 2af975a7-b39b-42b5-9d45-cc1628e24ae8:group-92320F0AB8BE change Leader from null to 2af975a7-b39b-42b5-9d45-cc1628e24ae8 at term 1 for becomeLeader, leader elected after 5145ms
2019-07-16 14:41:27,407 INFO  server.RaftServerConfigKeys (ConfUtils.java:logGet(43)) - raft.server.staging.catchup.gap = 1000 (default)
2019-07-16 14:41:27,407 INFO  server.RaftServerConfigKeys (ConfUtils.java:logGet(43)) - raft.server.rpc.sleep.time = 25ms (default)
2019-07-16 14:41:27,407 INFO  server.RaftServerConfigKeys (ConfUtils.java:logGet(43)) - raft.server.write.element-limit = 4096 (default)
2019-07-16 14:41:27,408 INFO  server.RaftServerConfigKeys (ConfUtils.java:logGet(43)) - raft.server.watch.timeout = 10s (default)
2019-07-16 14:41:27,408 INFO  server.RaftServerConfigKeys (ConfUtils.java:logGet(43)) - raft.server.watch.timeout.denomination = 1s (default)
2019-07-16 14:41:27,408 INFO  server.RaftServerConfigKeys (ConfUtils.java:logGet(43)) - raft.server.watch.element-limit = 65536 (default)
2019-07-16 14:41:27,408 INFO  impl.RoleInfo (RoleInfo.java:updateAndGet(143)) - 2af975a7-b39b-42b5-9d45-cc1628e24ae8: start LeaderState
2019-07-16 14:41:27,409 INFO  segmented.SegmentedRaftLogWorker (SegmentedRaftLogWorker.java:startLogSegment(380)) - 2af975a7-b39b-42b5-9d45-cc1628e24ae8-SegmentedRaftLogWorker:Storage Directory /workdir/hadoop-ozone/integration-test/target/test-dir/MiniOzoneClusterImpl-654f8f73-ed3e-46e1-aeb9-b0ce3cfc6d3c/datanode-2/data/ratis/bdd1a733-70d4-4417-be06-92320f0ab8be: Starting segment from index:0
2019-07-16 14:41:27,409 INFO  impl.RaftServerImpl (ServerState.java:setRaftConf(361)) - 2af975a7-b39b-42b5-9d45-cc1628e24ae8:group-92320F0AB8BE set configuration 0: [2af975a7-b39b-42b5-9d45-cc1628e24ae8:192.168.5.141:46376], old=null at 0
2019-07-16 14:41:27,411 INFO  segmented.SegmentedRaftLogWorker (SegmentedRaftLogWorker.java:execute(569)) - c16dce58-043d-4666-996b-a7f6e1d189b5-SegmentedRaftLogWorker:Storage Directory /workdir/hadoop-ozone/integration-test/target/test-dir/MiniOzoneClusterImpl-654f8f73-ed3e-46e1-aeb9-b0ce3cfc6d3c/datanode-5/data/ratis/f081c436-5c8e-4cd2-8c7b-33f8199a2bc4: created new log segment /workdir/hadoop-ozone/integration-test/target/test-dir/MiniOzoneClusterImpl-654f8f73-ed3e-46e1-aeb9-b0ce3cfc6d3c/datanode-5/data/ratis/f081c436-5c8e-4cd2-8c7b-33f8199a2bc4/current/log_inprogress_0
2019-07-16 14:41:27,432 INFO  segmented.SegmentedRaftLogWorker (SegmentedRaftLogWorker.java:execute(569)) - 2af975a7-b39b-42b5-9d45-cc1628e24ae8-SegmentedRaftLogWorker:Storage Directory /workdir/hadoop-ozone/integration-test/target/test-dir/MiniOzoneClusterImpl-654f8f73-ed3e-46e1-aeb9-b0ce3cfc6d3c/datanode-2/data/ratis/bdd1a733-70d4-4417-be06-92320f0ab8be: created new log segment /workdir/hadoop-ozone/integration-test/target/test-dir/MiniOzoneClusterImpl-654f8f73-ed3e-46e1-aeb9-b0ce3cfc6d3c/datanode-2/data/ratis/bdd1a733-70d4-4417-be06-92320f0ab8be/current/log_inprogress_0
2019-07-16 14:41:27,483 INFO  impl.FollowerState (FollowerState.java:run(106)) - 46909a66-9671-4184-a7a9-99686a76f5e8:group-0AE163A3B348 changes to CANDIDATE, lastRpcTime:5159, electionTimeout:5159ms
2019-07-16 14:41:27,487 INFO  impl.RoleInfo (RoleInfo.java:shutdownFollowerState(121)) - 46909a66-9671-4184-a7a9-99686a76f5e8: shutdown FollowerState
2019-07-16 14:41:27,487 INFO  impl.RaftServerImpl (RaftServerImpl.java:setRole(171)) - 46909a66-9671-4184-a7a9-99686a76f5e8:group-0AE163A3B348 changes role from FOLLOWER to CANDIDATE at term 0 for changeToCandidate
2019-07-16 14:41:27,487 INFO  impl.RoleInfo (RoleInfo.java:updateAndGet(143)) - 46909a66-9671-4184-a7a9-99686a76f5e8: start LeaderElection
2019-07-16 14:41:27,494 INFO  impl.FollowerState (FollowerState.java:run(106)) - 37bf539c-2315-4c32-a4e0-600708ac3028:group-BD320C763147 changes to CANDIDATE, lastRpcTime:5032, electionTimeout:5031ms
2019-07-16 14:41:27,496 INFO  impl.RoleInfo (RoleInfo.java:shutdownFollowerState(121)) - 37bf539c-2315-4c32-a4e0-600708ac3028: shutdown FollowerState
2019-07-16 14:41:27,496 INFO  impl.RaftServerImpl (RaftServerImpl.java:setRole(171)) - 37bf539c-2315-4c32-a4e0-600708ac3028:group-BD320C763147 changes role from FOLLOWER to CANDIDATE at term 0 for changeToCandidate
2019-07-16 14:41:27,496 INFO  impl.RoleInfo (RoleInfo.java:updateAndGet(143)) - 37bf539c-2315-4c32-a4e0-600708ac3028: start LeaderElection
2019-07-16 14:41:27,502 INFO  impl.LeaderElection (LeaderElection.java:askForVotes(181)) - 46909a66-9671-4184-a7a9-99686a76f5e8:group-0AE163A3B348:LeaderElection5: begin an election at term 1 for -1: [46909a66-9671-4184-a7a9-99686a76f5e8:192.168.5.141:39464], old=null
2019-07-16 14:41:27,503 INFO  impl.RoleInfo (RoleInfo.java:shutdownLeaderElection(134)) - 46909a66-9671-4184-a7a9-99686a76f5e8: shutdown LeaderElection
2019-07-16 14:41:27,503 INFO  impl.RaftServerImpl (RaftServerImpl.java:setRole(171)) - 46909a66-9671-4184-a7a9-99686a76f5e8:group-0AE163A3B348 changes role from CANDIDATE to LEADER at term 1 for changeToLeader
2019-07-16 14:41:27,503 INFO  impl.RaftServerImpl (ServerState.java:setLeader(263)) - 46909a66-9671-4184-a7a9-99686a76f5e8:group-0AE163A3B348 change Leader from null to 46909a66-9671-4184-a7a9-99686a76f5e8 at term 1 for becomeLeader, leader elected after 5186ms
2019-07-16 14:41:27,503 INFO  server.RaftServerConfigKeys (ConfUtils.java:logGet(43)) - raft.server.staging.catchup.gap = 1000 (default)
2019-07-16 14:41:27,503 INFO  server.RaftServerConfigKeys (ConfUtils.java:logGet(43)) - raft.server.rpc.sleep.time = 25ms (default)
2019-07-16 14:41:27,503 INFO  server.RaftServerConfigKeys (ConfUtils.java:logGet(43)) - raft.server.write.element-limit = 4096 (default)
2019-07-16 14:41:27,503 INFO  server.RaftServerConfigKeys (ConfUtils.java:logGet(43)) - raft.server.watch.timeout = 10s (default)
2019-07-16 14:41:27,504 INFO  server.RaftServerConfigKeys (ConfUtils.java:logGet(43)) - raft.server.watch.timeout.denomination = 1s (default)
2019-07-16 14:41:27,504 INFO  server.RaftServerConfigKeys (ConfUtils.java:logGet(43)) - raft.server.watch.element-limit = 65536 (default)
2019-07-16 14:41:27,504 INFO  impl.RoleInfo (RoleInfo.java:updateAndGet(143)) - 46909a66-9671-4184-a7a9-99686a76f5e8: start LeaderState
2019-07-16 14:41:27,504 INFO  segmented.SegmentedRaftLogWorker (SegmentedRaftLogWorker.java:startLogSegment(380)) - 46909a66-9671-4184-a7a9-99686a76f5e8-SegmentedRaftLogWorker:Storage Directory /workdir/hadoop-ozone/integration-test/target/test-dir/MiniOzoneClusterImpl-654f8f73-ed3e-46e1-aeb9-b0ce3cfc6d3c/datanode-3/data/ratis/b5970bb9-2f46-4e6e-97e3-0ae163a3b348: Starting segment from index:0
2019-07-16 14:41:27,505 INFO  impl.RaftServerImpl (ServerState.java:setRaftConf(361)) - 46909a66-9671-4184-a7a9-99686a76f5e8:group-0AE163A3B348 set configuration 0: [46909a66-9671-4184-a7a9-99686a76f5e8:192.168.5.141:39464], old=null at 0
2019-07-16 14:41:27,523 INFO  impl.LeaderElection (LeaderElection.java:askForVotes(181)) - 37bf539c-2315-4c32-a4e0-600708ac3028:group-BD320C763147:LeaderElection6: begin an election at term 1 for -1: [37bf539c-2315-4c32-a4e0-600708ac3028:192.168.5.141:43237], old=null
2019-07-16 14:41:27,523 INFO  impl.RoleInfo (RoleInfo.java:shutdownLeaderElection(134)) - 37bf539c-2315-4c32-a4e0-600708ac3028: shutdown LeaderElection
2019-07-16 14:41:27,524 INFO  impl.RaftServerImpl (RaftServerImpl.java:setRole(171)) - 37bf539c-2315-4c32-a4e0-600708ac3028:group-BD320C763147 changes role from CANDIDATE to LEADER at term 1 for changeToLeader
2019-07-16 14:41:27,524 INFO  impl.RaftServerImpl (ServerState.java:setLeader(263)) - 37bf539c-2315-4c32-a4e0-600708ac3028:group-BD320C763147 change Leader from null to 37bf539c-2315-4c32-a4e0-600708ac3028 at term 1 for becomeLeader, leader elected after 5067ms
2019-07-16 14:41:27,524 INFO  server.RaftServerConfigKeys (ConfUtils.java:logGet(43)) - raft.server.staging.catchup.gap = 1000 (default)
2019-07-16 14:41:27,524 INFO  server.RaftServerConfigKeys (ConfUtils.java:logGet(43)) - raft.server.rpc.sleep.time = 25ms (default)
2019-07-16 14:41:27,524 INFO  server.RaftServerConfigKeys (ConfUtils.java:logGet(43)) - raft.server.write.element-limit = 4096 (default)
2019-07-16 14:41:27,525 INFO  server.RaftServerConfigKeys (ConfUtils.java:logGet(43)) - raft.server.watch.timeout = 10s (default)
2019-07-16 14:41:27,525 INFO  server.RaftServerConfigKeys (ConfUtils.java:logGet(43)) - raft.server.watch.timeout.denomination = 1s (default)
2019-07-16 14:41:27,525 INFO  server.RaftServerConfigKeys (ConfUtils.java:logGet(43)) - raft.server.watch.element-limit = 65536 (default)
2019-07-16 14:41:27,525 INFO  impl.RoleInfo (RoleInfo.java:updateAndGet(143)) - 37bf539c-2315-4c32-a4e0-600708ac3028: start LeaderState
2019-07-16 14:41:27,526 INFO  segmented.SegmentedRaftLogWorker (SegmentedRaftLogWorker.java:startLogSegment(380)) - 37bf539c-2315-4c32-a4e0-600708ac3028-SegmentedRaftLogWorker:Storage Directory /workdir/hadoop-ozone/integration-test/target/test-dir/MiniOzoneClusterImpl-654f8f73-ed3e-46e1-aeb9-b0ce3cfc6d3c/datanode-6/data/ratis/c1d9d3f5-21be-4ac2-ae43-bd320c763147: Starting segment from index:0
2019-07-16 14:41:27,526 INFO  impl.RaftServerImpl (ServerState.java:setRaftConf(361)) - 37bf539c-2315-4c32-a4e0-600708ac3028:group-BD320C763147 set configuration 0: [37bf539c-2315-4c32-a4e0-600708ac3028:192.168.5.141:43237], old=null at 0
2019-07-16 14:41:27,543 INFO  impl.FollowerState (FollowerState.java:run(106)) - 6e57c38f-761a-40e0-8ec9-fd0c09b9b830:group-680B078665B1 changes to CANDIDATE, lastRpcTime:5123, electionTimeout:5113ms
2019-07-16 14:41:27,543 INFO  segmented.SegmentedRaftLogWorker (SegmentedRaftLogWorker.java:execute(569)) - 46909a66-9671-4184-a7a9-99686a76f5e8-SegmentedRaftLogWorker:Storage Directory /workdir/hadoop-ozone/integration-test/target/test-dir/MiniOzoneClusterImpl-654f8f73-ed3e-46e1-aeb9-b0ce3cfc6d3c/datanode-3/data/ratis/b5970bb9-2f46-4e6e-97e3-0ae163a3b348: created new log segment /workdir/hadoop-ozone/integration-test/target/test-dir/MiniOzoneClusterImpl-654f8f73-ed3e-46e1-aeb9-b0ce3cfc6d3c/datanode-3/data/ratis/b5970bb9-2f46-4e6e-97e3-0ae163a3b348/current/log_inprogress_0
2019-07-16 14:41:27,543 INFO  impl.RoleInfo (RoleInfo.java:shutdownFollowerState(121)) - 6e57c38f-761a-40e0-8ec9-fd0c09b9b830: shutdown FollowerState
2019-07-16 14:41:27,544 INFO  impl.RaftServerImpl (RaftServerImpl.java:setRole(171)) - 6e57c38f-761a-40e0-8ec9-fd0c09b9b830:group-680B078665B1 changes role from FOLLOWER to CANDIDATE at term 0 for changeToCandidate
2019-07-16 14:41:27,544 INFO  impl.RoleInfo (RoleInfo.java:updateAndGet(143)) - 6e57c38f-761a-40e0-8ec9-fd0c09b9b830: start LeaderElection
2019-07-16 14:41:27,550 INFO  segmented.SegmentedRaftLogWorker (SegmentedRaftLogWorker.java:execute(569)) - 37bf539c-2315-4c32-a4e0-600708ac3028-SegmentedRaftLogWorker:Storage Directory /workdir/hadoop-ozone/integration-test/target/test-dir/MiniOzoneClusterImpl-654f8f73-ed3e-46e1-aeb9-b0ce3cfc6d3c/datanode-6/data/ratis/c1d9d3f5-21be-4ac2-ae43-bd320c763147: created new log segment /workdir/hadoop-ozone/integration-test/target/test-dir/MiniOzoneClusterImpl-654f8f73-ed3e-46e1-aeb9-b0ce3cfc6d3c/datanode-6/data/ratis/c1d9d3f5-21be-4ac2-ae43-bd320c763147/current/log_inprogress_0
2019-07-16 14:41:27,561 INFO  impl.LeaderElection (LeaderElection.java:askForVotes(181)) - 6e57c38f-761a-40e0-8ec9-fd0c09b9b830:group-680B078665B1:LeaderElection7: begin an election at term 1 for -1: [6e57c38f-761a-40e0-8ec9-fd0c09b9b830:192.168.5.141:34421], old=null
2019-07-16 14:41:27,563 INFO  impl.RoleInfo (RoleInfo.java:shutdownLeaderElection(134)) - 6e57c38f-761a-40e0-8ec9-fd0c09b9b830: shutdown LeaderElection
2019-07-16 14:41:27,563 INFO  impl.RaftServerImpl (RaftServerImpl.java:setRole(171)) - 6e57c38f-761a-40e0-8ec9-fd0c09b9b830:group-680B078665B1 changes role from CANDIDATE to LEADER at term 1 for changeToLeader
2019-07-16 14:41:27,563 INFO  impl.RaftServerImpl (ServerState.java:setLeader(263)) - 6e57c38f-761a-40e0-8ec9-fd0c09b9b830:group-680B078665B1 change Leader from null to 6e57c38f-761a-40e0-8ec9-fd0c09b9b830 at term 1 for becomeLeader, leader elected after 5147ms
2019-07-16 14:41:27,563 INFO  server.RaftServerConfigKeys (ConfUtils.java:logGet(43)) - raft.server.staging.catchup.gap = 1000 (default)
2019-07-16 14:41:27,563 INFO  server.RaftServerConfigKeys (ConfUtils.java:logGet(43)) - raft.server.rpc.sleep.time = 25ms (default)
2019-07-16 14:41:27,564 INFO  server.RaftServerConfigKeys (ConfUtils.java:logGet(43)) - raft.server.write.element-limit = 4096 (default)
2019-07-16 14:41:27,564 INFO  server.RaftServerConfigKeys (ConfUtils.java:logGet(43)) - raft.server.watch.timeout = 10s (default)
2019-07-16 14:41:27,564 INFO  server.RaftServerConfigKeys (ConfUtils.java:logGet(43)) - raft.server.watch.timeout.denomination = 1s (default)
2019-07-16 14:41:27,564 INFO  server.RaftServerConfigKeys (ConfUtils.java:logGet(43)) - raft.server.watch.element-limit = 65536 (default)
2019-07-16 14:41:27,564 INFO  impl.RoleInfo (RoleInfo.java:updateAndGet(143)) - 6e57c38f-761a-40e0-8ec9-fd0c09b9b830: start LeaderState
2019-07-16 14:41:27,565 INFO  segmented.SegmentedRaftLogWorker (SegmentedRaftLogWorker.java:startLogSegment(380)) - 6e57c38f-761a-40e0-8ec9-fd0c09b9b830-SegmentedRaftLogWorker:Storage Directory /workdir/hadoop-ozone/integration-test/target/test-dir/MiniOzoneClusterImpl-654f8f73-ed3e-46e1-aeb9-b0ce3cfc6d3c/datanode-1/data/ratis/8e2d04ac-8880-4805-ab17-680b078665b1: Starting segment from index:0
2019-07-16 14:41:27,565 INFO  impl.RaftServerImpl (ServerState.java:setRaftConf(361)) - 6e57c38f-761a-40e0-8ec9-fd0c09b9b830:group-680B078665B1 set configuration 0: [6e57c38f-761a-40e0-8ec9-fd0c09b9b830:192.168.5.141:34421], old=null at 0
2019-07-16 14:41:27,587 INFO  segmented.SegmentedRaftLogWorker (SegmentedRaftLogWorker.java:execute(569)) - 6e57c38f-761a-40e0-8ec9-fd0c09b9b830-SegmentedRaftLogWorker:Storage Directory /workdir/hadoop-ozone/integration-test/target/test-dir/MiniOzoneClusterImpl-654f8f73-ed3e-46e1-aeb9-b0ce3cfc6d3c/datanode-1/data/ratis/8e2d04ac-8880-4805-ab17-680b078665b1: created new log segment /workdir/hadoop-ozone/integration-test/target/test-dir/MiniOzoneClusterImpl-654f8f73-ed3e-46e1-aeb9-b0ce3cfc6d3c/datanode-1/data/ratis/8e2d04ac-8880-4805-ab17-680b078665b1/current/log_inprogress_0
2019-07-16 14:41:27,629 INFO  impl.FollowerState (FollowerState.java:run(106)) - c74f5942-f647-4ad8-aff9-d480222fb421:group-96EB6D5D9C62 changes to CANDIDATE, lastRpcTime:5068, electionTimeout:5068ms
2019-07-16 14:41:27,629 INFO  impl.RoleInfo (RoleInfo.java:shutdownFollowerState(121)) - c74f5942-f647-4ad8-aff9-d480222fb421: shutdown FollowerState
2019-07-16 14:41:27,629 INFO  impl.RaftServerImpl (RaftServerImpl.java:setRole(171)) - c74f5942-f647-4ad8-aff9-d480222fb421:group-96EB6D5D9C62 changes role from FOLLOWER to CANDIDATE at term 0 for changeToCandidate
2019-07-16 14:41:27,629 INFO  impl.RoleInfo (RoleInfo.java:updateAndGet(143)) - c74f5942-f647-4ad8-aff9-d480222fb421: start LeaderElection
2019-07-16 14:41:27,640 INFO  impl.LeaderElection (LeaderElection.java:askForVotes(181)) - c74f5942-f647-4ad8-aff9-d480222fb421:group-96EB6D5D9C62:LeaderElection8: begin an election at term 1 for -1: [c16dce58-043d-4666-996b-a7f6e1d189b5:192.168.5.141:38994, c74f5942-f647-4ad8-aff9-d480222fb421:192.168.5.141:39418, 37bf539c-2315-4c32-a4e0-600708ac3028:192.168.5.141:43237], old=null
2019-07-16 14:41:27,650 INFO  impl.FollowerState (FollowerState.java:run(106)) - e17100c6-a9d6-495c-98e3-7141b4c20b73:group-0DE1D2A8F175 changes to CANDIDATE, lastRpcTime:5003, electionTimeout:5003ms
2019-07-16 14:41:27,650 INFO  impl.RoleInfo (RoleInfo.java:shutdownFollowerState(121)) - e17100c6-a9d6-495c-98e3-7141b4c20b73: shutdown FollowerState
2019-07-16 14:41:27,650 INFO  impl.RaftServerImpl (RaftServerImpl.java:setRole(171)) - e17100c6-a9d6-495c-98e3-7141b4c20b73:group-0DE1D2A8F175 changes role from FOLLOWER to CANDIDATE at term 0 for changeToCandidate
2019-07-16 14:41:27,650 INFO  impl.RoleInfo (RoleInfo.java:updateAndGet(143)) - e17100c6-a9d6-495c-98e3-7141b4c20b73: start LeaderElection
2019-07-16 14:41:27,658 INFO  impl.LeaderElection (LeaderElection.java:askForVotes(181)) - e17100c6-a9d6-495c-98e3-7141b4c20b73:group-0DE1D2A8F175:LeaderElection9: begin an election at term 1 for -1: [e17100c6-a9d6-495c-98e3-7141b4c20b73:192.168.5.141:41803, 2af975a7-b39b-42b5-9d45-cc1628e24ae8:192.168.5.141:46376, 46909a66-9671-4184-a7a9-99686a76f5e8:192.168.5.141:39464], old=null
2019-07-16 14:41:27,667 INFO  impl.FollowerState (FollowerState.java:run(106)) - c16dce58-043d-4666-996b-a7f6e1d189b5:group-96EB6D5D9C62 changes to CANDIDATE, lastRpcTime:5103, electionTimeout:5094ms
2019-07-16 14:41:27,667 INFO  impl.RoleInfo (RoleInfo.java:shutdownFollowerState(121)) - c16dce58-043d-4666-996b-a7f6e1d189b5: shutdown FollowerState
2019-07-16 14:41:27,667 INFO  impl.RaftServerImpl (RaftServerImpl.java:setRole(171)) - c16dce58-043d-4666-996b-a7f6e1d189b5:group-96EB6D5D9C62 changes role from FOLLOWER to CANDIDATE at term 0 for changeToCandidate
2019-07-16 14:41:27,668 INFO  impl.RoleInfo (RoleInfo.java:updateAndGet(143)) - c16dce58-043d-4666-996b-a7f6e1d189b5: start LeaderElection
2019-07-16 14:41:27,678 INFO  impl.LeaderElection (LeaderElection.java:askForVotes(181)) - c16dce58-043d-4666-996b-a7f6e1d189b5:group-96EB6D5D9C62:LeaderElection10: begin an election at term 1 for -1: [c16dce58-043d-4666-996b-a7f6e1d189b5:192.168.5.141:38994, c74f5942-f647-4ad8-aff9-d480222fb421:192.168.5.141:39418, 37bf539c-2315-4c32-a4e0-600708ac3028:192.168.5.141:43237], old=null
2019-07-16 14:41:27,693 INFO  impl.RaftServerImpl (RaftServerImpl.java:setRole(171)) - 37bf539c-2315-4c32-a4e0-600708ac3028:group-96EB6D5D9C62 changes role from FOLLOWER to FOLLOWER at term 1 for recognizeCandidate:c74f5942-f647-4ad8-aff9-d480222fb421
2019-07-16 14:41:27,693 INFO  impl.RoleInfo (RoleInfo.java:shutdownFollowerState(121)) - 37bf539c-2315-4c32-a4e0-600708ac3028: shutdown FollowerState
2019-07-16 14:41:27,693 INFO  impl.RoleInfo (RoleInfo.java:updateAndGet(143)) - 37bf539c-2315-4c32-a4e0-600708ac3028: start FollowerState
2019-07-16 14:41:27,693 INFO  impl.FollowerState (FollowerState.java:run(114)) - 37bf539c-2315-4c32-a4e0-600708ac3028: FollowerState was interrupted: java.lang.InterruptedException: sleep interrupted
2019-07-16 14:41:27,700 INFO  impl.RaftServerImpl (RaftServerImpl.java:setRole(171)) - 2af975a7-b39b-42b5-9d45-cc1628e24ae8:group-0DE1D2A8F175 changes role from FOLLOWER to FOLLOWER at term 1 for recognizeCandidate:e17100c6-a9d6-495c-98e3-7141b4c20b73
2019-07-16 14:41:27,700 INFO  impl.RoleInfo (RoleInfo.java:shutdownFollowerState(121)) - 2af975a7-b39b-42b5-9d45-cc1628e24ae8: shutdown FollowerState
2019-07-16 14:41:27,701 INFO  impl.RoleInfo (RoleInfo.java:updateAndGet(143)) - 2af975a7-b39b-42b5-9d45-cc1628e24ae8: start FollowerState
2019-07-16 14:41:27,701 INFO  impl.FollowerState (FollowerState.java:run(114)) - 2af975a7-b39b-42b5-9d45-cc1628e24ae8: FollowerState was interrupted: java.lang.InterruptedException: sleep interrupted
2019-07-16 14:41:27,713 INFO  impl.RaftServerImpl (RaftServerImpl.java:setRole(171)) - 46909a66-9671-4184-a7a9-99686a76f5e8:group-0DE1D2A8F175 changes role from FOLLOWER to FOLLOWER at term 1 for recognizeCandidate:e17100c6-a9d6-495c-98e3-7141b4c20b73
2019-07-16 14:41:27,713 INFO  impl.RoleInfo (RoleInfo.java:shutdownFollowerState(121)) - 46909a66-9671-4184-a7a9-99686a76f5e8: shutdown FollowerState
2019-07-16 14:41:27,713 INFO  impl.RoleInfo (RoleInfo.java:updateAndGet(143)) - 46909a66-9671-4184-a7a9-99686a76f5e8: start FollowerState
2019-07-16 14:41:27,713 INFO  impl.FollowerState (FollowerState.java:run(114)) - 46909a66-9671-4184-a7a9-99686a76f5e8: FollowerState was interrupted: java.lang.InterruptedException: sleep interrupted
2019-07-16 14:41:27,734 INFO  impl.LeaderElection (LeaderElection.java:logAndReturn(56)) - c74f5942-f647-4ad8-aff9-d480222fb421:group-96EB6D5D9C62:LeaderElection8: Election PASSED; received 2 response(s) [c74f5942-f647-4ad8-aff9-d480222fb421<-c16dce58-043d-4666-996b-a7f6e1d189b5#0:FAIL-t1, c74f5942-f647-4ad8-aff9-d480222fb421<-37bf539c-2315-4c32-a4e0-600708ac3028#0:OK-t1] and 0 exception(s); c74f5942-f647-4ad8-aff9-d480222fb421:t1, leader=null, voted=c74f5942-f647-4ad8-aff9-d480222fb421, raftlog=c74f5942-f647-4ad8-aff9-d480222fb421-SegmentedRaftLog:OPENED:c-1,f-1,i0, conf=-1: [c16dce58-043d-4666-996b-a7f6e1d189b5:192.168.5.141:38994, c74f5942-f647-4ad8-aff9-d480222fb421:192.168.5.141:39418, 37bf539c-2315-4c32-a4e0-600708ac3028:192.168.5.141:43237], old=null
2019-07-16 14:41:27,734 INFO  impl.LeaderElection (LeaderElection.java:logAndReturn(56)) - e17100c6-a9d6-495c-98e3-7141b4c20b73:group-0DE1D2A8F175:LeaderElection9: Election PASSED; received 1 response(s) [e17100c6-a9d6-495c-98e3-7141b4c20b73<-2af975a7-b39b-42b5-9d45-cc1628e24ae8#0:OK-t1] and 0 exception(s); e17100c6-a9d6-495c-98e3-7141b4c20b73:t1, leader=null, voted=e17100c6-a9d6-495c-98e3-7141b4c20b73, raftlog=e17100c6-a9d6-495c-98e3-7141b4c20b73-SegmentedRaftLog:OPENED:c-1,f-1,i0, conf=-1: [e17100c6-a9d6-495c-98e3-7141b4c20b73:192.168.5.141:41803, 2af975a7-b39b-42b5-9d45-cc1628e24ae8:192.168.5.141:46376, 46909a66-9671-4184-a7a9-99686a76f5e8:192.168.5.141:39464], old=null
2019-07-16 14:41:27,734 INFO  impl.RoleInfo (RoleInfo.java:shutdownLeaderElection(134)) - c74f5942-f647-4ad8-aff9-d480222fb421: shutdown LeaderElection
2019-07-16 14:41:27,734 INFO  impl.LeaderElection (LeaderElection.java:logAndReturn(56)) - c16dce58-043d-4666-996b-a7f6e1d189b5:group-96EB6D5D9C62:LeaderElection10: Election REJECTED; received 2 response(s) [c16dce58-043d-4666-996b-a7f6e1d189b5<-c74f5942-f647-4ad8-aff9-d480222fb421#0:FAIL-t1, c16dce58-043d-4666-996b-a7f6e1d189b5<-37bf539c-2315-4c32-a4e0-600708ac3028#0:FAIL-t1] and 0 exception(s); c16dce58-043d-4666-996b-a7f6e1d189b5:t1, leader=null, voted=c16dce58-043d-4666-996b-a7f6e1d189b5, raftlog=c16dce58-043d-4666-996b-a7f6e1d189b5-SegmentedRaftLog:OPENED:c-1,f-1,i0, conf=-1: [c16dce58-043d-4666-996b-a7f6e1d189b5:192.168.5.141:38994, c74f5942-f647-4ad8-aff9-d480222fb421:192.168.5.141:39418, 37bf539c-2315-4c32-a4e0-600708ac3028:192.168.5.141:43237], old=null
2019-07-16 14:41:27,738 INFO  impl.RaftServerImpl (RaftServerImpl.java:setRole(171)) - c74f5942-f647-4ad8-aff9-d480222fb421:group-96EB6D5D9C62 changes role from CANDIDATE to LEADER at term 1 for changeToLeader
2019-07-16 14:41:27,749 INFO  impl.RaftServerImpl (ServerState.java:setLeader(263)) - c74f5942-f647-4ad8-aff9-d480222fb421:group-96EB6D5D9C62 change Leader from null to c74f5942-f647-4ad8-aff9-d480222fb421 at term 1 for becomeLeader, leader elected after 5199ms
2019-07-16 14:41:27,734 INFO  impl.RoleInfo (RoleInfo.java:shutdownLeaderElection(134)) - e17100c6-a9d6-495c-98e3-7141b4c20b73: shutdown LeaderElection
2019-07-16 14:41:27,749 INFO  server.RaftServerConfigKeys (ConfUtils.java:logGet(43)) - raft.server.staging.catchup.gap = 1000 (default)
2019-07-16 14:41:27,745 INFO  impl.RaftServerImpl (RaftServerImpl.java:setRole(171)) - c16dce58-043d-4666-996b-a7f6e1d189b5:group-96EB6D5D9C62 changes role from CANDIDATE to FOLLOWER at term 1 for DISCOVERED_A_NEW_TERM
2019-07-16 14:41:27,751 INFO  server.RaftServerConfigKeys (ConfUtils.java:logGet(43)) - raft.server.rpc.sleep.time = 25ms (default)
2019-07-16 14:41:27,751 INFO  impl.RaftServerImpl (RaftServerImpl.java:setRole(171)) - e17100c6-a9d6-495c-98e3-7141b4c20b73:group-0DE1D2A8F175 changes role from CANDIDATE to LEADER at term 1 for changeToLeader
2019-07-16 14:41:27,751 INFO  server.RaftServerConfigKeys (ConfUtils.java:logGet(43)) - raft.server.write.element-limit = 4096 (default)
2019-07-16 14:41:27,751 INFO  impl.RoleInfo (RoleInfo.java:shutdownLeaderElection(134)) - c16dce58-043d-4666-996b-a7f6e1d189b5: shutdown LeaderElection
2019-07-16 14:41:27,752 INFO  server.RaftServerConfigKeys (ConfUtils.java:logGet(43)) - raft.server.watch.timeout = 10s (default)
2019-07-16 14:41:27,751 INFO  impl.RaftServerImpl (ServerState.java:setLeader(263)) - e17100c6-a9d6-495c-98e3-7141b4c20b73:group-0DE1D2A8F175 change Leader from null to e17100c6-a9d6-495c-98e3-7141b4c20b73 at term 1 for becomeLeader, leader elected after 5116ms
2019-07-16 14:41:27,752 INFO  server.RaftServerConfigKeys (ConfUtils.java:logGet(43)) - raft.server.watch.timeout.denomination = 1s (default)
2019-07-16 14:41:27,752 INFO  impl.RoleInfo (RoleInfo.java:updateAndGet(143)) - c16dce58-043d-4666-996b-a7f6e1d189b5: start FollowerState
2019-07-16 14:41:27,752 INFO  server.RaftServerConfigKeys (ConfUtils.java:logGet(43)) - raft.server.watch.element-limit = 65536 (default)
2019-07-16 14:41:27,752 INFO  server.RaftServerConfigKeys (ConfUtils.java:logGet(43)) - raft.server.staging.catchup.gap = 1000 (default)
2019-07-16 14:41:27,755 INFO  server.RaftServerConfigKeys (ConfUtils.java:logGet(43)) - raft.server.rpc.sleep.time = 25ms (default)
2019-07-16 14:41:27,755 INFO  server.RaftServerConfigKeys (ConfUtils.java:logGet(43)) - raft.server.write.element-limit = 4096 (default)
2019-07-16 14:41:27,755 INFO  server.RaftServerConfigKeys (ConfUtils.java:logGet(43)) - raft.server.watch.timeout = 10s (default)
2019-07-16 14:41:27,755 INFO  server.RaftServerConfigKeys (ConfUtils.java:logGet(43)) - raft.server.watch.timeout.denomination = 1s (default)
2019-07-16 14:41:27,755 INFO  server.RaftServerConfigKeys (ConfUtils.java:logGet(43)) - raft.server.watch.element-limit = 65536 (default)
2019-07-16 14:41:27,757 INFO  server.RaftServerConfigKeys (ConfUtils.java:logGet(43)) - raft.server.log.appender.snapshot.chunk.size.max = 16MB (=16777216) (default)
2019-07-16 14:41:27,757 INFO  server.RaftServerConfigKeys (ConfUtils.java:logGet(43)) - raft.server.log.appender.snapshot.chunk.size.max = 16MB (=16777216) (default)
2019-07-16 14:41:27,757 INFO  server.RaftServerConfigKeys (ConfUtils.java:logGet(43)) - raft.server.log.appender.buffer.byte-limit = 33554432 (custom)
2019-07-16 14:41:27,757 INFO  server.RaftServerConfigKeys (ConfUtils.java:logGet(43)) - raft.server.log.appender.buffer.byte-limit = 33554432 (custom)
2019-07-16 14:41:27,758 INFO  server.RaftServerConfigKeys (ConfUtils.java:logGet(43)) - raft.server.log.appender.buffer.element-limit = 1 (custom)
2019-07-16 14:41:27,758 INFO  server.RaftServerConfigKeys (ConfUtils.java:logGet(43)) - raft.server.log.appender.buffer.element-limit = 1 (custom)
2019-07-16 14:41:27,762 INFO  grpc.GrpcConfigKeys$Server (ConfUtils.java:logGet(43)) - raft.grpc.server.leader.outstanding.appends.max = 128 (default)
2019-07-16 14:41:27,762 INFO  grpc.GrpcConfigKeys$Server (ConfUtils.java:logGet(43)) - raft.grpc.server.leader.outstanding.appends.max = 128 (default)
2019-07-16 14:41:27,765 INFO  server.RaftServerConfigKeys (ConfUtils.java:logGet(43)) - raft.server.rpc.request.timeout = 3000ms (default)
2019-07-16 14:41:27,765 INFO  server.RaftServerConfigKeys (ConfUtils.java:logGet(43)) - raft.server.rpc.request.timeout = 3000ms (default)
2019-07-16 14:41:27,765 INFO  server.RaftServerConfigKeys (ConfUtils.java:logGet(43)) - raft.server.log.appender.install.snapshot.enabled = false (custom)
2019-07-16 14:41:27,765 INFO  server.RaftServerConfigKeys (ConfUtils.java:logGet(43)) - raft.server.log.appender.install.snapshot.enabled = false (custom)
2019-07-16 14:41:27,765 INFO  server.RaftServerConfigKeys (ConfUtils.java:logGet(43)) - raft.server.log.appender.snapshot.chunk.size.max = 16MB (=16777216) (default)
2019-07-16 14:41:27,765 INFO  server.RaftServerConfigKeys (ConfUtils.java:logGet(43)) - raft.server.log.appender.snapshot.chunk.size.max = 16MB (=16777216) (default)
2019-07-16 14:41:27,766 INFO  server.RaftServerConfigKeys (ConfUtils.java:logGet(43)) - raft.server.log.appender.buffer.byte-limit = 33554432 (custom)
2019-07-16 14:41:27,766 INFO  server.RaftServerConfigKeys (ConfUtils.java:logGet(43)) - raft.server.log.appender.buffer.byte-limit = 33554432 (custom)
2019-07-16 14:41:27,766 INFO  server.RaftServerConfigKeys (ConfUtils.java:logGet(43)) - raft.server.log.appender.buffer.element-limit = 1 (custom)
2019-07-16 14:41:27,766 INFO  server.RaftServerConfigKeys (ConfUtils.java:logGet(43)) - raft.server.log.appender.buffer.element-limit = 1 (custom)
2019-07-16 14:41:27,766 INFO  grpc.GrpcConfigKeys$Server (ConfUtils.java:logGet(43)) - raft.grpc.server.leader.outstanding.appends.max = 128 (default)
2019-07-16 14:41:27,767 INFO  grpc.GrpcConfigKeys$Server (ConfUtils.java:logGet(43)) - raft.grpc.server.leader.outstanding.appends.max = 128 (default)
2019-07-16 14:41:27,767 INFO  server.RaftServerConfigKeys (ConfUtils.java:logGet(43)) - raft.server.rpc.request.timeout = 3000ms (default)
2019-07-16 14:41:27,767 INFO  server.RaftServerConfigKeys (ConfUtils.java:logGet(43)) - raft.server.rpc.request.timeout = 3000ms (default)
2019-07-16 14:41:27,767 INFO  server.RaftServerConfigKeys (ConfUtils.java:logGet(43)) - raft.server.log.appender.install.snapshot.enabled = false (custom)
2019-07-16 14:41:27,767 INFO  server.RaftServerConfigKeys (ConfUtils.java:logGet(43)) - raft.server.log.appender.install.snapshot.enabled = false (custom)
2019-07-16 14:41:27,769 INFO  impl.RoleInfo (RoleInfo.java:updateAndGet(143)) - e17100c6-a9d6-495c-98e3-7141b4c20b73: start LeaderState
2019-07-16 14:41:27,769 INFO  impl.RoleInfo (RoleInfo.java:updateAndGet(143)) - c74f5942-f647-4ad8-aff9-d480222fb421: start LeaderState
2019-07-16 14:41:27,769 INFO  segmented.SegmentedRaftLogWorker (SegmentedRaftLogWorker.java:startLogSegment(380)) - e17100c6-a9d6-495c-98e3-7141b4c20b73-SegmentedRaftLogWorker:Storage Directory /workdir/hadoop-ozone/integration-test/target/test-dir/MiniOzoneClusterImpl-654f8f73-ed3e-46e1-aeb9-b0ce3cfc6d3c/datanode-0/data/ratis/3d75042a-3281-419b-8383-0de1d2a8f175: Starting segment from index:0
2019-07-16 14:41:27,769 INFO  segmented.SegmentedRaftLogWorker (SegmentedRaftLogWorker.java:startLogSegment(380)) - c74f5942-f647-4ad8-aff9-d480222fb421-SegmentedRaftLogWorker:Storage Directory /workdir/hadoop-ozone/integration-test/target/test-dir/MiniOzoneClusterImpl-654f8f73-ed3e-46e1-aeb9-b0ce3cfc6d3c/datanode-4/data/ratis/c8b874a6-6e89-4a7a-9e12-96eb6d5d9c62: Starting segment from index:0
2019-07-16 14:41:27,771 INFO  impl.RaftServerImpl (ServerState.java:setRaftConf(361)) - e17100c6-a9d6-495c-98e3-7141b4c20b73:group-0DE1D2A8F175 set configuration 0: [e17100c6-a9d6-495c-98e3-7141b4c20b73:192.168.5.141:41803, 2af975a7-b39b-42b5-9d45-cc1628e24ae8:192.168.5.141:46376, 46909a66-9671-4184-a7a9-99686a76f5e8:192.168.5.141:39464], old=null at 0
2019-07-16 14:41:27,771 INFO  impl.RaftServerImpl (ServerState.java:setRaftConf(361)) - c74f5942-f647-4ad8-aff9-d480222fb421:group-96EB6D5D9C62 set configuration 0: [c16dce58-043d-4666-996b-a7f6e1d189b5:192.168.5.141:38994, c74f5942-f647-4ad8-aff9-d480222fb421:192.168.5.141:39418, 37bf539c-2315-4c32-a4e0-600708ac3028:192.168.5.141:43237], old=null at 0
2019-07-16 14:41:27,796 INFO  segmented.SegmentedRaftLogWorker (SegmentedRaftLogWorker.java:execute(569)) - c74f5942-f647-4ad8-aff9-d480222fb421-SegmentedRaftLogWorker:Storage Directory /workdir/hadoop-ozone/integration-test/target/test-dir/MiniOzoneClusterImpl-654f8f73-ed3e-46e1-aeb9-b0ce3cfc6d3c/datanode-4/data/ratis/c8b874a6-6e89-4a7a-9e12-96eb6d5d9c62: created new log segment /workdir/hadoop-ozone/integration-test/target/test-dir/MiniOzoneClusterImpl-654f8f73-ed3e-46e1-aeb9-b0ce3cfc6d3c/datanode-4/data/ratis/c8b874a6-6e89-4a7a-9e12-96eb6d5d9c62/current/log_inprogress_0
2019-07-16 14:41:27,796 INFO  segmented.SegmentedRaftLogWorker (SegmentedRaftLogWorker.java:execute(569)) - e17100c6-a9d6-495c-98e3-7141b4c20b73-SegmentedRaftLogWorker:Storage Directory /workdir/hadoop-ozone/integration-test/target/test-dir/MiniOzoneClusterImpl-654f8f73-ed3e-46e1-aeb9-b0ce3cfc6d3c/datanode-0/data/ratis/3d75042a-3281-419b-8383-0de1d2a8f175: created new log segment /workdir/hadoop-ozone/integration-test/target/test-dir/MiniOzoneClusterImpl-654f8f73-ed3e-46e1-aeb9-b0ce3cfc6d3c/datanode-0/data/ratis/3d75042a-3281-419b-8383-0de1d2a8f175/current/log_inprogress_0
2019-07-16 14:41:27,823 INFO  impl.RaftServerImpl (ServerState.java:setLeader(263)) - 46909a66-9671-4184-a7a9-99686a76f5e8:group-0DE1D2A8F175 change Leader from null to e17100c6-a9d6-495c-98e3-7141b4c20b73 at term 1 for appendEntries, leader elected after 5187ms
2019-07-16 14:41:27,825 INFO  impl.RaftServerImpl (ServerState.java:setLeader(263)) - c16dce58-043d-4666-996b-a7f6e1d189b5:group-96EB6D5D9C62 change Leader from null to c74f5942-f647-4ad8-aff9-d480222fb421 at term 1 for appendEntries, leader elected after 5275ms
2019-07-16 14:41:27,823 INFO  impl.RaftServerImpl (ServerState.java:setLeader(263)) - 2af975a7-b39b-42b5-9d45-cc1628e24ae8:group-0DE1D2A8F175 change Leader from null to e17100c6-a9d6-495c-98e3-7141b4c20b73 at term 1 for appendEntries, leader elected after 5187ms
2019-07-16 14:41:27,823 INFO  impl.RaftServerImpl (ServerState.java:setLeader(263)) - 37bf539c-2315-4c32-a4e0-600708ac3028:group-96EB6D5D9C62 change Leader from null to c74f5942-f647-4ad8-aff9-d480222fb421 at term 1 for appendEntries, leader elected after 5274ms
2019-07-16 14:41:27,864 INFO  impl.RaftServerImpl (ServerState.java:setRaftConf(361)) - 2af975a7-b39b-42b5-9d45-cc1628e24ae8:group-0DE1D2A8F175 set configuration 0: [e17100c6-a9d6-495c-98e3-7141b4c20b73:192.168.5.141:41803, 2af975a7-b39b-42b5-9d45-cc1628e24ae8:192.168.5.141:46376, 46909a66-9671-4184-a7a9-99686a76f5e8:192.168.5.141:39464], old=null at 0
2019-07-16 14:41:27,864 INFO  impl.RaftServerImpl (ServerState.java:setRaftConf(361)) - c16dce58-043d-4666-996b-a7f6e1d189b5:group-96EB6D5D9C62 set configuration 0: [c16dce58-043d-4666-996b-a7f6e1d189b5:192.168.5.141:38994, c74f5942-f647-4ad8-aff9-d480222fb421:192.168.5.141:39418, 37bf539c-2315-4c32-a4e0-600708ac3028:192.168.5.141:43237], old=null at 0
2019-07-16 14:41:27,864 INFO  impl.RaftServerImpl (ServerState.java:setRaftConf(361)) - 37bf539c-2315-4c32-a4e0-600708ac3028:group-96EB6D5D9C62 set configuration 0: [c16dce58-043d-4666-996b-a7f6e1d189b5:192.168.5.141:38994, c74f5942-f647-4ad8-aff9-d480222fb421:192.168.5.141:39418, 37bf539c-2315-4c32-a4e0-600708ac3028:192.168.5.141:43237], old=null at 0
2019-07-16 14:41:27,865 INFO  segmented.SegmentedRaftLogWorker (SegmentedRaftLogWorker.java:startLogSegment(380)) - c16dce58-043d-4666-996b-a7f6e1d189b5-SegmentedRaftLogWorker:Storage Directory /workdir/hadoop-ozone/integration-test/target/test-dir/MiniOzoneClusterImpl-654f8f73-ed3e-46e1-aeb9-b0ce3cfc6d3c/datanode-5/data/ratis/c8b874a6-6e89-4a7a-9e12-96eb6d5d9c62: Starting segment from index:0
2019-07-16 14:41:27,864 INFO  segmented.SegmentedRaftLogWorker (SegmentedRaftLogWorker.java:startLogSegment(380)) - 2af975a7-b39b-42b5-9d45-cc1628e24ae8-SegmentedRaftLogWorker:Storage Directory /workdir/hadoop-ozone/integration-test/target/test-dir/MiniOzoneClusterImpl-654f8f73-ed3e-46e1-aeb9-b0ce3cfc6d3c/datanode-2/data/ratis/3d75042a-3281-419b-8383-0de1d2a8f175: Starting segment from index:0
2019-07-16 14:41:27,864 INFO  impl.RaftServerImpl (ServerState.java:setRaftConf(361)) - 46909a66-9671-4184-a7a9-99686a76f5e8:group-0DE1D2A8F175 set configuration 0: [e17100c6-a9d6-495c-98e3-7141b4c20b73:192.168.5.141:41803, 2af975a7-b39b-42b5-9d45-cc1628e24ae8:192.168.5.141:46376, 46909a66-9671-4184-a7a9-99686a76f5e8:192.168.5.141:39464], old=null at 0
2019-07-16 14:41:27,865 INFO  segmented.SegmentedRaftLogWorker (SegmentedRaftLogWorker.java:startLogSegment(380)) - 37bf539c-2315-4c32-a4e0-600708ac3028-SegmentedRaftLogWorker:Storage Directory /workdir/hadoop-ozone/integration-test/target/test-dir/MiniOzoneClusterImpl-654f8f73-ed3e-46e1-aeb9-b0ce3cfc6d3c/datanode-6/data/ratis/c8b874a6-6e89-4a7a-9e12-96eb6d5d9c62: Starting segment from index:0
2019-07-16 14:41:27,865 INFO  segmented.SegmentedRaftLogWorker (SegmentedRaftLogWorker.java:startLogSegment(380)) - 46909a66-9671-4184-a7a9-99686a76f5e8-SegmentedRaftLogWorker:Storage Directory /workdir/hadoop-ozone/integration-test/target/test-dir/MiniOzoneClusterImpl-654f8f73-ed3e-46e1-aeb9-b0ce3cfc6d3c/datanode-3/data/ratis/3d75042a-3281-419b-8383-0de1d2a8f175: Starting segment from index:0
2019-07-16 14:41:27,882 INFO  segmented.SegmentedRaftLogWorker (SegmentedRaftLogWorker.java:execute(569)) - 46909a66-9671-4184-a7a9-99686a76f5e8-SegmentedRaftLogWorker:Storage Directory /workdir/hadoop-ozone/integration-test/target/test-dir/MiniOzoneClusterImpl-654f8f73-ed3e-46e1-aeb9-b0ce3cfc6d3c/datanode-3/data/ratis/3d75042a-3281-419b-8383-0de1d2a8f175: created new log segment /workdir/hadoop-ozone/integration-test/target/test-dir/MiniOzoneClusterImpl-654f8f73-ed3e-46e1-aeb9-b0ce3cfc6d3c/datanode-3/data/ratis/3d75042a-3281-419b-8383-0de1d2a8f175/current/log_inprogress_0
2019-07-16 14:41:27,882 INFO  segmented.SegmentedRaftLogWorker (SegmentedRaftLogWorker.java:execute(569)) - 37bf539c-2315-4c32-a4e0-600708ac3028-SegmentedRaftLogWorker:Storage Directory /workdir/hadoop-ozone/integration-test/target/test-dir/MiniOzoneClusterImpl-654f8f73-ed3e-46e1-aeb9-b0ce3cfc6d3c/datanode-6/data/ratis/c8b874a6-6e89-4a7a-9e12-96eb6d5d9c62: created new log segment /workdir/hadoop-ozone/integration-test/target/test-dir/MiniOzoneClusterImpl-654f8f73-ed3e-46e1-aeb9-b0ce3cfc6d3c/datanode-6/data/ratis/c8b874a6-6e89-4a7a-9e12-96eb6d5d9c62/current/log_inprogress_0
2019-07-16 14:41:27,882 INFO  segmented.SegmentedRaftLogWorker (SegmentedRaftLogWorker.java:execute(569)) - 2af975a7-b39b-42b5-9d45-cc1628e24ae8-SegmentedRaftLogWorker:Storage Directory /workdir/hadoop-ozone/integration-test/target/test-dir/MiniOzoneClusterImpl-654f8f73-ed3e-46e1-aeb9-b0ce3cfc6d3c/datanode-2/data/ratis/3d75042a-3281-419b-8383-0de1d2a8f175: created new log segment /workdir/hadoop-ozone/integration-test/target/test-dir/MiniOzoneClusterImpl-654f8f73-ed3e-46e1-aeb9-b0ce3cfc6d3c/datanode-2/data/ratis/3d75042a-3281-419b-8383-0de1d2a8f175/current/log_inprogress_0
2019-07-16 14:41:27,889 INFO  segmented.SegmentedRaftLogWorker (SegmentedRaftLogWorker.java:execute(569)) - c16dce58-043d-4666-996b-a7f6e1d189b5-SegmentedRaftLogWorker:Storage Directory /workdir/hadoop-ozone/integration-test/target/test-dir/MiniOzoneClusterImpl-654f8f73-ed3e-46e1-aeb9-b0ce3cfc6d3c/datanode-5/data/ratis/c8b874a6-6e89-4a7a-9e12-96eb6d5d9c62: created new log segment /workdir/hadoop-ozone/integration-test/target/test-dir/MiniOzoneClusterImpl-654f8f73-ed3e-46e1-aeb9-b0ce3cfc6d3c/datanode-5/data/ratis/c8b874a6-6e89-4a7a-9e12-96eb6d5d9c62/current/log_inprogress_0
2019-07-16 14:41:28,169 INFO  client.GrpcClientProtocolClient (GrpcClientProtocolClient.java:onNext(255)) - client-5B853CDA62E2->46909a66-9671-4184-a7a9-99686a76f5e8: receive RaftClientReply:client-5B853CDA62E2->46909a66-9671-4184-a7a9-99686a76f5e8@group-0DE1D2A8F175, cid=13, FAILED org.apache.ratis.protocol.NotLeaderException: Server 46909a66-9671-4184-a7a9-99686a76f5e8 is not the leader (e17100c6-a9d6-495c-98e3-7141b4c20b73:192.168.5.141:41803). Request must be sent to leader., logIndex=0, commits[46909a66-9671-4184-a7a9-99686a76f5e8:c0, e17100c6-a9d6-495c-98e3-7141b4c20b73:c0, 2af975a7-b39b-42b5-9d45-cc1628e24ae8:c-1]
2019-07-16 14:41:28,407 INFO  client.GrpcClientProtocolClient (GrpcClientProtocolClient.java:onNext(255)) - client-5B853CDA62E2->e17100c6-a9d6-495c-98e3-7141b4c20b73: receive RaftClientReply:client-5B853CDA62E2->e17100c6-a9d6-495c-98e3-7141b4c20b73@group-0DE1D2A8F175, cid=13, SUCCESS, logIndex=1, commits[e17100c6-a9d6-495c-98e3-7141b4c20b73:c1, 2af975a7-b39b-42b5-9d45-cc1628e24ae8:c0, 46909a66-9671-4184-a7a9-99686a76f5e8:c0]
2019-07-16 14:41:28,446 INFO  client.GrpcClientProtocolClient (GrpcClientProtocolClient.java:onNext(255)) - client-5B853CDA62E2->e17100c6-a9d6-495c-98e3-7141b4c20b73: receive RaftClientReply:client-5B853CDA62E2->e17100c6-a9d6-495c-98e3-7141b4c20b73@group-0DE1D2A8F175, cid=14, SUCCESS, logIndex=3, commits[e17100c6-a9d6-495c-98e3-7141b4c20b73:c3, 2af975a7-b39b-42b5-9d45-cc1628e24ae8:c2, 46909a66-9671-4184-a7a9-99686a76f5e8:c2]
2019-07-16 14:41:28,544 INFO  client.GrpcClientProtocolClient (GrpcClientProtocolClient.java:onNext(255)) - client-5B853CDA62E2->e17100c6-a9d6-495c-98e3-7141b4c20b73: receive RaftClientReply:client-5B853CDA62E2->e17100c6-a9d6-495c-98e3-7141b4c20b73@group-0DE1D2A8F175, cid=15, SUCCESS, logIndex=5, commits[e17100c6-a9d6-495c-98e3-7141b4c20b73:c12, 2af975a7-b39b-42b5-9d45-cc1628e24ae8:c9, 46909a66-9671-4184-a7a9-99686a76f5e8:c9]
2019-07-16 14:41:28,549 INFO  client.GrpcClientProtocolClient (GrpcClientProtocolClient.java:onNext(255)) - client-5B853CDA62E2->e17100c6-a9d6-495c-98e3-7141b4c20b73: receive RaftClientReply:client-5B853CDA62E2->e17100c6-a9d6-495c-98e3-7141b4c20b73@group-0DE1D2A8F175, cid=16, SUCCESS, logIndex=6, commits[e17100c6-a9d6-495c-98e3-7141b4c20b73:c12, 2af975a7-b39b-42b5-9d45-cc1628e24ae8:c9, 46909a66-9671-4184-a7a9-99686a76f5e8:c9]
2019-07-16 14:41:28,549 INFO  client.GrpcClientProtocolClient (GrpcClientProtocolClient.java:onNext(255)) - client-5B853CDA62E2->e17100c6-a9d6-495c-98e3-7141b4c20b73: receive RaftClientReply:client-5B853CDA62E2->e17100c6-a9d6-495c-98e3-7141b4c20b73@group-0DE1D2A8F175, cid=17, SUCCESS, logIndex=7, commits[e17100c6-a9d6-495c-98e3-7141b4c20b73:c12, 2af975a7-b39b-42b5-9d45-cc1628e24ae8:c9, 46909a66-9671-4184-a7a9-99686a76f5e8:c9]
2019-07-16 14:41:28,550 INFO  client.GrpcClientProtocolClient (GrpcClientProtocolClient.java:onNext(255)) - client-5B853CDA62E2->e17100c6-a9d6-495c-98e3-7141b4c20b73: receive RaftClientReply:client-5B853CDA62E2->e17100c6-a9d6-495c-98e3-7141b4c20b73@group-0DE1D2A8F175, cid=18, SUCCESS, logIndex=9, commits[e17100c6-a9d6-495c-98e3-7141b4c20b73:c12, 2af975a7-b39b-42b5-9d45-cc1628e24ae8:c9, 46909a66-9671-4184-a7a9-99686a76f5e8:c9]
2019-07-16 14:41:28,560 INFO  pipeline.SCMPipelineManager (SCMPipelineManager.java:finalizeAndDestroyPipeline(307)) - destroying pipeline:Pipeline[ Id: 3d75042a-3281-419b-8383-0de1d2a8f175, Nodes: 2af975a7-b39b-42b5-9d45-cc1628e24ae8{ip: 192.168.5.141, host: byscane-nightly-ppzk5-1864156943, networkLocation: /default-rack, certSerialId: null}46909a66-9671-4184-a7a9-99686a76f5e8{ip: 192.168.5.141, host: byscane-nightly-ppzk5-1864156943, networkLocation: /default-rack, certSerialId: null}e17100c6-a9d6-495c-98e3-7141b4c20b73{ip: 192.168.5.141, host: byscane-nightly-ppzk5-1864156943, networkLocation: /default-rack, certSerialId: null}, Type:RATIS, Factor:THREE, State:OPEN]
2019-07-16 14:41:28,561 INFO  pipeline.PipelineStateManager (PipelineStateManager.java:finalizePipeline(123)) - Pipeline Pipeline[ Id: 3d75042a-3281-419b-8383-0de1d2a8f175, Nodes: 2af975a7-b39b-42b5-9d45-cc1628e24ae8{ip: 192.168.5.141, host: byscane-nightly-ppzk5-1864156943, networkLocation: /default-rack, certSerialId: null}46909a66-9671-4184-a7a9-99686a76f5e8{ip: 192.168.5.141, host: byscane-nightly-ppzk5-1864156943, networkLocation: /default-rack, certSerialId: null}e17100c6-a9d6-495c-98e3-7141b4c20b73{ip: 192.168.5.141, host: byscane-nightly-ppzk5-1864156943, networkLocation: /default-rack, certSerialId: null}, Type:RATIS, Factor:THREE, State:CLOSED] moved to CLOSED state
2019-07-16 14:41:28,562 INFO  container.CloseContainerEventHandler (CloseContainerEventHandler.java:onMessage(61)) - Close container Event triggered for container : #1
2019-07-16 14:41:28,578 INFO  impl.RaftServerProxy (RaftServerProxy.java:remove(95)) - 2af975a7-b39b-42b5-9d45-cc1628e24ae8: remove FOLLOWER group-0DE1D2A8F175 2af975a7-b39b-42b5-9d45-cc1628e24ae8:t1, leader=e17100c6-a9d6-495c-98e3-7141b4c20b73, voted=e17100c6-a9d6-495c-98e3-7141b4c20b73, raftlog=2af975a7-b39b-42b5-9d45-cc1628e24ae8-SegmentedRaftLog:OPENED:c9,f12,i12, conf=0: [e17100c6-a9d6-495c-98e3-7141b4c20b73:192.168.5.141:41803, 2af975a7-b39b-42b5-9d45-cc1628e24ae8:192.168.5.141:46376, 46909a66-9671-4184-a7a9-99686a76f5e8:192.168.5.141:39464], old=null RUNNING
2019-07-16 14:41:28,582 INFO  impl.RaftServerImpl (RaftServerImpl.java:lambda$shutdown$3(245)) - 2af975a7-b39b-42b5-9d45-cc1628e24ae8: shutdown group-0DE1D2A8F175
2019-07-16 14:41:28,583 INFO  util.JmxRegister (JmxRegister.java:unregister(73)) - Successfully un-registered JMX Bean with object name Ratis:service=RaftServer,group=group-0DE1D2A8F175,id=2af975a7-b39b-42b5-9d45-cc1628e24ae8
2019-07-16 14:41:28,583 INFO  impl.RoleInfo (RoleInfo.java:shutdownFollowerState(121)) - 2af975a7-b39b-42b5-9d45-cc1628e24ae8: shutdown FollowerState
2019-07-16 14:41:28,583 INFO  impl.StateMachineUpdater (StateMachineUpdater.java:stopAndJoin(115)) - StateMachineUpdater:2af975a7-b39b-42b5-9d45-cc1628e24ae8:group-0DE1D2A8F175: set stopIndex = 9
2019-07-16 14:41:28,583 INFO  impl.FollowerState (FollowerState.java:run(114)) - 2af975a7-b39b-42b5-9d45-cc1628e24ae8: FollowerState was interrupted: java.lang.InterruptedException: sleep interrupted
2019-07-16 14:41:28,583 INFO  ratis.ContainerStateMachine (ContainerStateMachine.java:takeSnapshot(248)) - group-0DE1D2A8F175: Taking a snapshot at:(t:1, i:9) file /workdir/hadoop-ozone/integration-test/target/test-dir/MiniOzoneClusterImpl-654f8f73-ed3e-46e1-aeb9-b0ce3cfc6d3c/datanode-2/data/ratis/3d75042a-3281-419b-8383-0de1d2a8f175/sm/snapshot.1_9
2019-07-16 14:41:28,597 INFO  ratis.ContainerStateMachine (ContainerStateMachine.java:takeSnapshot(256)) - group-0DE1D2A8F175: Finished taking a snapshot at:(t:1, i:9) file:/workdir/hadoop-ozone/integration-test/target/test-dir/MiniOzoneClusterImpl-654f8f73-ed3e-46e1-aeb9-b0ce3cfc6d3c/datanode-2/data/ratis/3d75042a-3281-419b-8383-0de1d2a8f175/sm/snapshot.1_9 time:13
2019-07-16 14:41:28,597 INFO  impl.StateMachineUpdater (StateMachineUpdater.java:takeSnapshot(242)) - StateMachineUpdater:2af975a7-b39b-42b5-9d45-cc1628e24ae8:group-0DE1D2A8F175: Took a snapshot at index 9
2019-07-16 14:41:28,598 INFO  impl.StateMachineUpdater (StateMachineUpdater.java:lambda$new$0(80)) - StateMachineUpdater:2af975a7-b39b-42b5-9d45-cc1628e24ae8:group-0DE1D2A8F175: snapshotIndex: updateIncreasingly -1 -> 9
2019-07-16 14:41:28,602 INFO  impl.RaftServerImpl (ServerState.java:close(394)) - 2af975a7-b39b-42b5-9d45-cc1628e24ae8:group-0DE1D2A8F175 closes. The last applied log index is 9
2019-07-16 14:41:28,604 INFO  segmented.SegmentedRaftLogWorker (SegmentedRaftLogWorker.java:run(313)) - 2af975a7-b39b-42b5-9d45-cc1628e24ae8-SegmentedRaftLogWorker:Storage Directory /workdir/hadoop-ozone/integration-test/target/test-dir/MiniOzoneClusterImpl-654f8f73-ed3e-46e1-aeb9-b0ce3cfc6d3c/datanode-2/data/ratis/3d75042a-3281-419b-8383-0de1d2a8f175 was interrupted, exiting. There are 0 tasks remaining in the queue.
2019-07-16 14:41:28,608 INFO  segmented.SegmentedRaftLogWorker (SegmentedRaftLogWorker.java:close(228)) - 2af975a7-b39b-42b5-9d45-cc1628e24ae8-SegmentedRaftLogWorker:Storage Directory /workdir/hadoop-ozone/integration-test/target/test-dir/MiniOzoneClusterImpl-654f8f73-ed3e-46e1-aeb9-b0ce3cfc6d3c/datanode-2/data/ratis/3d75042a-3281-419b-8383-0de1d2a8f175 close()
2019-07-16 14:41:28,632 INFO  impl.RaftServerProxy (RaftServerProxy.java:remove(95)) - 46909a66-9671-4184-a7a9-99686a76f5e8: remove FOLLOWER group-0DE1D2A8F175 46909a66-9671-4184-a7a9-99686a76f5e8:t1, leader=e17100c6-a9d6-495c-98e3-7141b4c20b73, voted=e17100c6-a9d6-495c-98e3-7141b4c20b73, raftlog=46909a66-9671-4184-a7a9-99686a76f5e8-SegmentedRaftLog:OPENED:c9,f12,i12, conf=0: [e17100c6-a9d6-495c-98e3-7141b4c20b73:192.168.5.141:41803, 2af975a7-b39b-42b5-9d45-cc1628e24ae8:192.168.5.141:46376, 46909a66-9671-4184-a7a9-99686a76f5e8:192.168.5.141:39464], old=null RUNNING
2019-07-16 14:41:28,632 INFO  impl.RaftServerImpl (RaftServerImpl.java:lambda$shutdown$3(245)) - 46909a66-9671-4184-a7a9-99686a76f5e8: shutdown group-0DE1D2A8F175
2019-07-16 14:41:28,632 INFO  util.JmxRegister (JmxRegister.java:unregister(73)) - Successfully un-registered JMX Bean with object name Ratis:service=RaftServer,group=group-0DE1D2A8F175,id=46909a66-9671-4184-a7a9-99686a76f5e8
2019-07-16 14:41:28,632 INFO  impl.RoleInfo (RoleInfo.java:shutdownFollowerState(121)) - 46909a66-9671-4184-a7a9-99686a76f5e8: shutdown FollowerState
2019-07-16 14:41:28,632 INFO  impl.StateMachineUpdater (StateMachineUpdater.java:stopAndJoin(115)) - StateMachineUpdater:46909a66-9671-4184-a7a9-99686a76f5e8:group-0DE1D2A8F175: set stopIndex = 9
2019-07-16 14:41:28,632 INFO  ratis.ContainerStateMachine (ContainerStateMachine.java:takeSnapshot(248)) - group-0DE1D2A8F175: Taking a snapshot at:(t:1, i:9) file /workdir/hadoop-ozone/integration-test/target/test-dir/MiniOzoneClusterImpl-654f8f73-ed3e-46e1-aeb9-b0ce3cfc6d3c/datanode-3/data/ratis/3d75042a-3281-419b-8383-0de1d2a8f175/sm/snapshot.1_9
2019-07-16 14:41:28,632 INFO  impl.FollowerState (FollowerState.java:run(114)) - 46909a66-9671-4184-a7a9-99686a76f5e8: FollowerState was interrupted: java.lang.InterruptedException: sleep interrupted
2019-07-16 14:41:28,634 INFO  ratis.ContainerStateMachine (ContainerStateMachine.java:takeSnapshot(256)) - group-0DE1D2A8F175: Finished taking a snapshot at:(t:1, i:9) file:/workdir/hadoop-ozone/integration-test/target/test-dir/MiniOzoneClusterImpl-654f8f73-ed3e-46e1-aeb9-b0ce3cfc6d3c/datanode-3/data/ratis/3d75042a-3281-419b-8383-0de1d2a8f175/sm/snapshot.1_9 time:2
2019-07-16 14:41:28,636 INFO  impl.StateMachineUpdater (StateMachineUpdater.java:takeSnapshot(242)) - StateMachineUpdater:46909a66-9671-4184-a7a9-99686a76f5e8:group-0DE1D2A8F175: Took a snapshot at index 9
2019-07-16 14:41:28,636 INFO  impl.StateMachineUpdater (StateMachineUpdater.java:lambda$new$0(80)) - StateMachineUpdater:46909a66-9671-4184-a7a9-99686a76f5e8:group-0DE1D2A8F175: snapshotIndex: updateIncreasingly -1 -> 9
2019-07-16 14:41:28,637 INFO  impl.RaftServerImpl (ServerState.java:close(394)) - 46909a66-9671-4184-a7a9-99686a76f5e8:group-0DE1D2A8F175 closes. The last applied log index is 9
2019-07-16 14:41:28,637 INFO  segmented.SegmentedRaftLogWorker (SegmentedRaftLogWorker.java:run(313)) - 46909a66-9671-4184-a7a9-99686a76f5e8-SegmentedRaftLogWorker:Storage Directory /workdir/hadoop-ozone/integration-test/target/test-dir/MiniOzoneClusterImpl-654f8f73-ed3e-46e1-aeb9-b0ce3cfc6d3c/datanode-3/data/ratis/3d75042a-3281-419b-8383-0de1d2a8f175 was interrupted, exiting. There are 0 tasks remaining in the queue.
2019-07-16 14:41:28,640 INFO  segmented.SegmentedRaftLogWorker (SegmentedRaftLogWorker.java:close(228)) - 46909a66-9671-4184-a7a9-99686a76f5e8-SegmentedRaftLogWorker:Storage Directory /workdir/hadoop-ozone/integration-test/target/test-dir/MiniOzoneClusterImpl-654f8f73-ed3e-46e1-aeb9-b0ce3cfc6d3c/datanode-3/data/ratis/3d75042a-3281-419b-8383-0de1d2a8f175 close()
2019-07-16 14:41:28,659 INFO  impl.RaftServerProxy (RaftServerProxy.java:remove(95)) - e17100c6-a9d6-495c-98e3-7141b4c20b73: remove   LEADER group-0DE1D2A8F175 e17100c6-a9d6-495c-98e3-7141b4c20b73:t1, leader=e17100c6-a9d6-495c-98e3-7141b4c20b73, voted=e17100c6-a9d6-495c-98e3-7141b4c20b73, raftlog=e17100c6-a9d6-495c-98e3-7141b4c20b73-SegmentedRaftLog:OPENED:c12,f12,i12, conf=0: [e17100c6-a9d6-495c-98e3-7141b4c20b73:192.168.5.141:41803, 2af975a7-b39b-42b5-9d45-cc1628e24ae8:192.168.5.141:46376, 46909a66-9671-4184-a7a9-99686a76f5e8:192.168.5.141:39464], old=null RUNNING
2019-07-16 14:41:28,659 INFO  impl.RaftServerImpl (RaftServerImpl.java:lambda$shutdown$3(245)) - e17100c6-a9d6-495c-98e3-7141b4c20b73: shutdown group-0DE1D2A8F175
2019-07-16 14:41:28,660 INFO  util.JmxRegister (JmxRegister.java:unregister(73)) - Successfully un-registered JMX Bean with object name Ratis:service=RaftServer,group=group-0DE1D2A8F175,id=e17100c6-a9d6-495c-98e3-7141b4c20b73
2019-07-16 14:41:28,660 INFO  impl.RoleInfo (RoleInfo.java:shutdownLeaderState(104)) - e17100c6-a9d6-495c-98e3-7141b4c20b73: shutdown LeaderState
2019-07-16 14:41:28,663 INFO  impl.PendingRequests (PendingRequests.java:sendNotLeaderResponses(202)) - e17100c6-a9d6-495c-98e3-7141b4c20b73-PendingRequests: sendNotLeaderResponses
2019-07-16 14:41:28,663 WARN  server.GrpcLogAppender (GrpcLogAppender.java:mayWait(143)) - GrpcLogAppender(e17100c6-a9d6-495c-98e3-7141b4c20b73->46909a66-9671-4184-a7a9-99686a76f5e8): Wait interrupted by java.lang.InterruptedException
2019-07-16 14:41:28,663 WARN  server.GrpcLogAppender (GrpcLogAppender.java:mayWait(143)) - GrpcLogAppender(e17100c6-a9d6-495c-98e3-7141b4c20b73->2af975a7-b39b-42b5-9d45-cc1628e24ae8): Wait interrupted by java.lang.InterruptedException
2019-07-16 14:41:28,682 INFO  server.GrpcServerProtocolService (GrpcServerProtocolService.java:onCompleted(104)) - 46909a66-9671-4184-a7a9-99686a76f5e8: appendEntries completed
2019-07-16 14:41:28,682 INFO  server.GrpcServerProtocolService (GrpcServerProtocolService.java:onCompleted(104)) - 2af975a7-b39b-42b5-9d45-cc1628e24ae8: appendEntries completed
2019-07-16 14:41:28,687 INFO  server.GrpcLogAppender (GrpcLogAppender.java:onCompleted(292)) - e17100c6-a9d6-495c-98e3-7141b4c20b73->46909a66-9671-4184-a7a9-99686a76f5e8: follower responses appendEntries COMPLETED
2019-07-16 14:41:28,687 INFO  server.GrpcLogAppender (GrpcLogAppender.java:onCompleted(292)) - e17100c6-a9d6-495c-98e3-7141b4c20b73->2af975a7-b39b-42b5-9d45-cc1628e24ae8: follower responses appendEntries COMPLETED
2019-07-16 14:41:28,698 INFO  impl.StateMachineUpdater (StateMachineUpdater.java:stopAndJoin(115)) - StateMachineUpdater:e17100c6-a9d6-495c-98e3-7141b4c20b73:group-0DE1D2A8F175: set stopIndex = 12
2019-07-16 14:41:28,698 INFO  impl.FollowerInfo (FollowerInfo.java:lambda$new$0(50)) - e17100c6-a9d6-495c-98e3-7141b4c20b73->2af975a7-b39b-42b5-9d45-cc1628e24ae8: nextIndex: updateUnconditionally 13 -> 12
2019-07-16 14:41:28,698 INFO  ratis.ContainerStateMachine (ContainerStateMachine.java:takeSnapshot(248)) - group-0DE1D2A8F175: Taking a snapshot at:(t:1, i:12) file /workdir/hadoop-ozone/integration-test/target/test-dir/MiniOzoneClusterImpl-654f8f73-ed3e-46e1-aeb9-b0ce3cfc6d3c/datanode-0/data/ratis/3d75042a-3281-419b-8383-0de1d2a8f175/sm/snapshot.1_12
2019-07-16 14:41:28,698 INFO  impl.FollowerInfo (FollowerInfo.java:lambda$new$0(50)) - e17100c6-a9d6-495c-98e3-7141b4c20b73->46909a66-9671-4184-a7a9-99686a76f5e8: nextIndex: updateUnconditionally 13 -> 12
2019-07-16 14:41:28,701 INFO  ratis.ContainerStateMachine (ContainerStateMachine.java:takeSnapshot(256)) - group-0DE1D2A8F175: Finished taking a snapshot at:(t:1, i:12) file:/workdir/hadoop-ozone/integration-test/target/test-dir/MiniOzoneClusterImpl-654f8f73-ed3e-46e1-aeb9-b0ce3cfc6d3c/datanode-0/data/ratis/3d75042a-3281-419b-8383-0de1d2a8f175/sm/snapshot.1_12 time:2
2019-07-16 14:41:28,701 INFO  impl.StateMachineUpdater (StateMachineUpdater.java:takeSnapshot(242)) - StateMachineUpdater:e17100c6-a9d6-495c-98e3-7141b4c20b73:group-0DE1D2A8F175: Took a snapshot at index 12
2019-07-16 14:41:28,701 INFO  impl.StateMachineUpdater (StateMachineUpdater.java:lambda$new$0(80)) - StateMachineUpdater:e17100c6-a9d6-495c-98e3-7141b4c20b73:group-0DE1D2A8F175: snapshotIndex: updateIncreasingly -1 -> 12
2019-07-16 14:41:28,701 INFO  impl.RaftServerImpl (ServerState.java:close(394)) - e17100c6-a9d6-495c-98e3-7141b4c20b73:group-0DE1D2A8F175 closes. The last applied log index is 12
2019-07-16 14:41:28,702 INFO  segmented.SegmentedRaftLogWorker (SegmentedRaftLogWorker.java:run(313)) - e17100c6-a9d6-495c-98e3-7141b4c20b73-SegmentedRaftLogWorker:Storage Directory /workdir/hadoop-ozone/integration-test/target/test-dir/MiniOzoneClusterImpl-654f8f73-ed3e-46e1-aeb9-b0ce3cfc6d3c/datanode-0/data/ratis/3d75042a-3281-419b-8383-0de1d2a8f175 was interrupted, exiting. There are 0 tasks remaining in the queue.
2019-07-16 14:41:28,705 INFO  segmented.SegmentedRaftLogWorker (SegmentedRaftLogWorker.java:close(228)) - e17100c6-a9d6-495c-98e3-7141b4c20b73-SegmentedRaftLogWorker:Storage Directory /workdir/hadoop-ozone/integration-test/target/test-dir/MiniOzoneClusterImpl-654f8f73-ed3e-46e1-aeb9-b0ce3cfc6d3c/datanode-0/data/ratis/3d75042a-3281-419b-8383-0de1d2a8f175 close()
2019-07-16 14:41:28,721 INFO  pipeline.PipelineStateManager (PipelineStateManager.java:removePipeline(108)) - Pipeline Pipeline[ Id: 3d75042a-3281-419b-8383-0de1d2a8f175, Nodes: 2af975a7-b39b-42b5-9d45-cc1628e24ae8{ip: 192.168.5.141, host: byscane-nightly-ppzk5-1864156943, networkLocation: /default-rack, certSerialId: null}46909a66-9671-4184-a7a9-99686a76f5e8{ip: 192.168.5.141, host: byscane-nightly-ppzk5-1864156943, networkLocation: /default-rack, certSerialId: null}e17100c6-a9d6-495c-98e3-7141b4c20b73{ip: 192.168.5.141, host: byscane-nightly-ppzk5-1864156943, networkLocation: /default-rack, certSerialId: null}, Type:RATIS, Factor:THREE, State:CLOSED] removed from db
2019-07-16 14:41:28,724 INFO  ratis.XceiverServerRatis (XceiverServerRatis.java:getPipelineIds(604)) - pipeline id PipelineID=bdd1a733-70d4-4417-be06-92320f0ab8be
2019-07-16 14:41:28,727 INFO  ratis.XceiverServerRatis (XceiverServerRatis.java:getPipelineIds(604)) - pipeline id PipelineID=b5970bb9-2f46-4e6e-97e3-0ae163a3b348
2019-07-16 14:41:28,727 INFO  ratis.XceiverServerRatis (XceiverServerRatis.java:getPipelineIds(604)) - pipeline id PipelineID=9c608b79-981d-4e2d-a22c-ffa81a664dfe
2019-07-16 14:41:28,746 INFO  impl.RaftServerProxy (RaftServerProxy.java:addNew(89)) - 46909a66-9671-4184-a7a9-99686a76f5e8: addNew group-3654F5AE994C:[e17100c6-a9d6-495c-98e3-7141b4c20b73:192.168.5.141:41803, 2af975a7-b39b-42b5-9d45-cc1628e24ae8:192.168.5.141:46376, 46909a66-9671-4184-a7a9-99686a76f5e8:192.168.5.141:39464] returns group-3654F5AE994C:java.util.concurrent.CompletableFuture@79f64acd[Not completed]
2019-07-16 14:41:28,751 INFO  impl.RaftServerProxy (RaftServerProxy.java:addNew(89)) - e17100c6-a9d6-495c-98e3-7141b4c20b73: addNew group-3654F5AE994C:[e17100c6-a9d6-495c-98e3-7141b4c20b73:192.168.5.141:41803, 2af975a7-b39b-42b5-9d45-cc1628e24ae8:192.168.5.141:46376, 46909a66-9671-4184-a7a9-99686a76f5e8:192.168.5.141:39464] returns group-3654F5AE994C:java.util.concurrent.CompletableFuture@68c5779f[Not completed]
2019-07-16 14:41:28,753 INFO  impl.RaftServerProxy (RaftServerProxy.java:addNew(89)) - 2af975a7-b39b-42b5-9d45-cc1628e24ae8: addNew group-3654F5AE994C:[e17100c6-a9d6-495c-98e3-7141b4c20b73:192.168.5.141:41803, 2af975a7-b39b-42b5-9d45-cc1628e24ae8:192.168.5.141:46376, 46909a66-9671-4184-a7a9-99686a76f5e8:192.168.5.141:39464] returns group-3654F5AE994C:java.util.concurrent.CompletableFuture@594a1c2e[Not completed]
2019-07-16 14:41:28,753 INFO  impl.RaftServerImpl (RaftServerImpl.java:<init>(93)) - 46909a66-9671-4184-a7a9-99686a76f5e8: new RaftServerImpl for group-3654F5AE994C:[e17100c6-a9d6-495c-98e3-7141b4c20b73:192.168.5.141:41803, 2af975a7-b39b-42b5-9d45-cc1628e24ae8:192.168.5.141:46376, 46909a66-9671-4184-a7a9-99686a76f5e8:192.168.5.141:39464] with ContainerStateMachine:uninitialized
2019-07-16 14:41:28,753 INFO  server.RaftServerConfigKeys (ConfUtils.java:logGet(43)) - raft.server.rpc.timeout.min = 5s (custom)
2019-07-16 14:41:28,754 INFO  server.RaftServerConfigKeys (ConfUtils.java:logGet(43)) - raft.server.rpc.timeout.max = 5200ms (custom)
2019-07-16 14:41:28,754 INFO  server.RaftServerConfigKeys (ConfUtils.java:logGet(43)) - raft.server.rpcslowness.timeout = 120s (custom)
2019-07-16 14:41:28,754 INFO  server.RaftServerConfigKeys (ConfUtils.java:logGet(43)) - raft.server.sleep.deviation.threshold = 300 (default)
2019-07-16 14:41:28,754 INFO  impl.RaftServerImpl (RaftServerImpl.java:<init>(93)) - e17100c6-a9d6-495c-98e3-7141b4c20b73: new RaftServerImpl for group-3654F5AE994C:[e17100c6-a9d6-495c-98e3-7141b4c20b73:192.168.5.141:41803, 2af975a7-b39b-42b5-9d45-cc1628e24ae8:192.168.5.141:46376, 46909a66-9671-4184-a7a9-99686a76f5e8:192.168.5.141:39464] with ContainerStateMachine:uninitialized
2019-07-16 14:41:28,754 INFO  server.RaftServerConfigKeys (ConfUtils.java:logGet(43)) - raft.server.log.appender.install.snapshot.enabled = false (custom)
2019-07-16 14:41:28,754 INFO  server.RaftServerConfigKeys (ConfUtils.java:logGet(43)) - raft.server.rpc.timeout.min = 5s (custom)
2019-07-16 14:41:28,755 INFO  impl.RaftServerImpl (RaftServerImpl.java:<init>(93)) - 2af975a7-b39b-42b5-9d45-cc1628e24ae8: new RaftServerImpl for group-3654F5AE994C:[e17100c6-a9d6-495c-98e3-7141b4c20b73:192.168.5.141:41803, 2af975a7-b39b-42b5-9d45-cc1628e24ae8:192.168.5.141:46376, 46909a66-9671-4184-a7a9-99686a76f5e8:192.168.5.141:39464] with ContainerStateMachine:uninitialized
2019-07-16 14:41:28,754 INFO  impl.RaftServerImpl (ServerState.java:<init>(105)) - 46909a66-9671-4184-a7a9-99686a76f5e8:group-3654F5AE994C ConfigurationManager, init=-1: [e17100c6-a9d6-495c-98e3-7141b4c20b73:192.168.5.141:41803, 2af975a7-b39b-42b5-9d45-cc1628e24ae8:192.168.5.141:46376, 46909a66-9671-4184-a7a9-99686a76f5e8:192.168.5.141:39464], old=null, confs=<EMPTY_MAP>
2019-07-16 14:41:28,755 INFO  server.RaftServerConfigKeys (ConfUtils.java:logGet(43)) - raft.server.rpc.timeout.min = 5s (custom)
2019-07-16 14:41:28,755 INFO  server.RaftServerConfigKeys (ConfUtils.java:logGet(43)) - raft.server.rpc.timeout.max = 5200ms (custom)
2019-07-16 14:41:28,755 INFO  server.RaftServerConfigKeys (ConfUtils.java:logGet(43)) - raft.server.storage.dir = [/workdir/hadoop-ozone/integration-test/target/test-dir/MiniOzoneClusterImpl-654f8f73-ed3e-46e1-aeb9-b0ce3cfc6d3c/datanode-3/data/ratis] (custom)
2019-07-16 14:41:28,755 INFO  server.RaftServerConfigKeys (ConfUtils.java:logGet(43)) - raft.server.rpc.timeout.max = 5200ms (custom)
2019-07-16 14:41:28,755 INFO  server.RaftServerConfigKeys (ConfUtils.java:logGet(43)) - raft.server.rpcslowness.timeout = 120s (custom)
2019-07-16 14:41:28,755 INFO  server.RaftServerConfigKeys (ConfUtils.java:logGet(43)) - raft.server.rpcslowness.timeout = 120s (custom)
2019-07-16 14:41:28,756 INFO  storage.RaftStorageDirectory (RaftStorageDirectory.java:analyzeStorage(246)) - The storage directory /workdir/hadoop-ozone/integration-test/target/test-dir/MiniOzoneClusterImpl-654f8f73-ed3e-46e1-aeb9-b0ce3cfc6d3c/datanode-3/data/ratis/1ae5e3ab-7af9-451f-aa8b-3654f5ae994c does not exist. Creating ...
2019-07-16 14:41:28,756 INFO  server.RaftServerConfigKeys (ConfUtils.java:logGet(43)) - raft.server.sleep.deviation.threshold = 300 (default)
2019-07-16 14:41:28,756 INFO  server.RaftServerConfigKeys (ConfUtils.java:logGet(43)) - raft.server.sleep.deviation.threshold = 300 (default)
2019-07-16 14:41:28,756 INFO  server.RaftServerConfigKeys (ConfUtils.java:logGet(43)) - raft.server.log.appender.install.snapshot.enabled = false (custom)
2019-07-16 14:41:28,756 INFO  server.RaftServerConfigKeys (ConfUtils.java:logGet(43)) - raft.server.log.appender.install.snapshot.enabled = false (custom)
2019-07-16 14:41:28,756 INFO  impl.RaftServerImpl (ServerState.java:<init>(105)) - e17100c6-a9d6-495c-98e3-7141b4c20b73:group-3654F5AE994C ConfigurationManager, init=-1: [e17100c6-a9d6-495c-98e3-7141b4c20b73:192.168.5.141:41803, 2af975a7-b39b-42b5-9d45-cc1628e24ae8:192.168.5.141:46376, 46909a66-9671-4184-a7a9-99686a76f5e8:192.168.5.141:39464], old=null, confs=<EMPTY_MAP>
2019-07-16 14:41:28,757 INFO  impl.RaftServerImpl (ServerState.java:<init>(105)) - 2af975a7-b39b-42b5-9d45-cc1628e24ae8:group-3654F5AE994C ConfigurationManager, init=-1: [e17100c6-a9d6-495c-98e3-7141b4c20b73:192.168.5.141:41803, 2af975a7-b39b-42b5-9d45-cc1628e24ae8:192.168.5.141:46376, 46909a66-9671-4184-a7a9-99686a76f5e8:192.168.5.141:39464], old=null, confs=<EMPTY_MAP>
2019-07-16 14:41:28,757 INFO  server.RaftServerConfigKeys (ConfUtils.java:logGet(43)) - raft.server.storage.dir = [/workdir/hadoop-ozone/integration-test/target/test-dir/MiniOzoneClusterImpl-654f8f73-ed3e-46e1-aeb9-b0ce3cfc6d3c/datanode-0/data/ratis] (custom)
2019-07-16 14:41:28,757 INFO  server.RaftServerConfigKeys (ConfUtils.java:logGet(43)) - raft.server.storage.dir = [/workdir/hadoop-ozone/integration-test/target/test-dir/MiniOzoneClusterImpl-654f8f73-ed3e-46e1-aeb9-b0ce3cfc6d3c/datanode-2/data/ratis] (custom)
2019-07-16 14:41:28,757 INFO  storage.RaftStorageDirectory (RaftStorageDirectory.java:analyzeStorage(246)) - The storage directory /workdir/hadoop-ozone/integration-test/target/test-dir/MiniOzoneClusterImpl-654f8f73-ed3e-46e1-aeb9-b0ce3cfc6d3c/datanode-0/data/ratis/1ae5e3ab-7af9-451f-aa8b-3654f5ae994c does not exist. Creating ...
2019-07-16 14:41:28,757 INFO  storage.RaftStorageDirectory (RaftStorageDirectory.java:analyzeStorage(246)) - The storage directory /workdir/hadoop-ozone/integration-test/target/test-dir/MiniOzoneClusterImpl-654f8f73-ed3e-46e1-aeb9-b0ce3cfc6d3c/datanode-2/data/ratis/1ae5e3ab-7af9-451f-aa8b-3654f5ae994c does not exist. Creating ...
2019-07-16 14:41:28,764 INFO  storage.RaftStorageDirectory (RaftStorageDirectory.java:tryLock(328)) - Lock on /workdir/hadoop-ozone/integration-test/target/test-dir/MiniOzoneClusterImpl-654f8f73-ed3e-46e1-aeb9-b0ce3cfc6d3c/datanode-0/data/ratis/1ae5e3ab-7af9-451f-aa8b-3654f5ae994c/in_use.lock acquired by nodename 10425@byscane-nightly-ppzk5-1864156943
2019-07-16 14:41:28,764 INFO  storage.RaftStorageDirectory (RaftStorageDirectory.java:tryLock(328)) - Lock on /workdir/hadoop-ozone/integration-test/target/test-dir/MiniOzoneClusterImpl-654f8f73-ed3e-46e1-aeb9-b0ce3cfc6d3c/datanode-3/data/ratis/1ae5e3ab-7af9-451f-aa8b-3654f5ae994c/in_use.lock acquired by nodename 10425@byscane-nightly-ppzk5-1864156943
2019-07-16 14:41:28,764 INFO  storage.RaftStorageDirectory (RaftStorageDirectory.java:tryLock(328)) - Lock on /workdir/hadoop-ozone/integration-test/target/test-dir/MiniOzoneClusterImpl-654f8f73-ed3e-46e1-aeb9-b0ce3cfc6d3c/datanode-2/data/ratis/1ae5e3ab-7af9-451f-aa8b-3654f5ae994c/in_use.lock acquired by nodename 10425@byscane-nightly-ppzk5-1864156943
2019-07-16 14:41:28,768 INFO  storage.RaftStorage (RaftStorage.java:format(72)) - Storage directory /workdir/hadoop-ozone/integration-test/target/test-dir/MiniOzoneClusterImpl-654f8f73-ed3e-46e1-aeb9-b0ce3cfc6d3c/datanode-3/data/ratis/1ae5e3ab-7af9-451f-aa8b-3654f5ae994c has been successfully formatted.
2019-07-16 14:41:28,768 INFO  storage.RaftStorage (RaftStorage.java:format(72)) - Storage directory /workdir/hadoop-ozone/integration-test/target/test-dir/MiniOzoneClusterImpl-654f8f73-ed3e-46e1-aeb9-b0ce3cfc6d3c/datanode-2/data/ratis/1ae5e3ab-7af9-451f-aa8b-3654f5ae994c has been successfully formatted.
2019-07-16 14:41:28,768 INFO  storage.RaftStorage (RaftStorage.java:format(72)) - Storage directory /workdir/hadoop-ozone/integration-test/target/test-dir/MiniOzoneClusterImpl-654f8f73-ed3e-46e1-aeb9-b0ce3cfc6d3c/datanode-0/data/ratis/1ae5e3ab-7af9-451f-aa8b-3654f5ae994c has been successfully formatted.
2019-07-16 14:41:28,769 INFO  ratis.ContainerStateMachine (ContainerStateMachine.java:loadSnapshot(199)) - group-3654F5AE994C: The snapshot info is null. Setting the last applied indexto:(t:0, i:~)
2019-07-16 14:41:28,769 INFO  ratis.ContainerStateMachine (ContainerStateMachine.java:loadSnapshot(199)) - group-3654F5AE994C: The snapshot info is null. Setting the last applied indexto:(t:0, i:~)
2019-07-16 14:41:28,769 INFO  ratis.ContainerStateMachine (ContainerStateMachine.java:loadSnapshot(199)) - group-3654F5AE994C: The snapshot info is null. Setting the last applied indexto:(t:0, i:~)
2019-07-16 14:41:28,769 INFO  server.RaftServerConfigKeys (ConfUtils.java:logGet(43)) - raft.server.leader.election.timeout = 120s (custom)
2019-07-16 14:41:28,769 INFO  server.RaftServerConfigKeys (ConfUtils.java:logGet(43)) - raft.server.leader.election.timeout = 120s (custom)
2019-07-16 14:41:28,769 INFO  server.RaftServerConfigKeys (ConfUtils.java:logGet(43)) - raft.server.leader.election.timeout = 120s (custom)
2019-07-16 14:41:28,769 INFO  server.RaftServerConfigKeys (ConfUtils.java:logGet(43)) - raft.server.log.use.memory = false (default)
2019-07-16 14:41:28,769 INFO  server.RaftServerConfigKeys (ConfUtils.java:logGet(43)) - raft.server.log.use.memory = false (default)
2019-07-16 14:41:28,770 INFO  server.RaftServerConfigKeys (ConfUtils.java:logGet(43)) - raft.server.log.purge.gap = 1000000000 (custom)
2019-07-16 14:41:28,769 INFO  server.RaftServerConfigKeys (ConfUtils.java:logGet(43)) - raft.server.log.use.memory = false (default)
2019-07-16 14:41:28,770 INFO  server.RaftServerConfigKeys (ConfUtils.java:logGet(43)) - raft.server.log.appender.buffer.byte-limit = 33554432 (custom)
2019-07-16 14:41:28,770 INFO  server.RaftServerConfigKeys (ConfUtils.java:logGet(43)) - raft.server.log.purge.gap = 1000000000 (custom)
2019-07-16 14:41:28,770 INFO  server.RaftServerConfigKeys (ConfUtils.java:logGet(43)) - raft.server.log.segment.size.max = 1048576 (custom)
2019-07-16 14:41:28,770 INFO  server.RaftServerConfigKeys (ConfUtils.java:logGet(43)) - raft.server.log.purge.gap = 1000000000 (custom)
2019-07-16 14:41:28,770 INFO  server.RaftServerConfigKeys (ConfUtils.java:logGet(43)) - raft.server.log.segment.cache.num.max = 2 (custom)
2019-07-16 14:41:28,770 INFO  server.RaftServerConfigKeys (ConfUtils.java:logGet(43)) - raft.server.log.appender.buffer.byte-limit = 33554432 (custom)
2019-07-16 14:41:28,771 INFO  segmented.SegmentedRaftLogWorker (SegmentedRaftLogWorker.java:<init>(172)) - new e17100c6-a9d6-495c-98e3-7141b4c20b73-SegmentedRaftLogWorker:Storage Directory /workdir/hadoop-ozone/integration-test/target/test-dir/MiniOzoneClusterImpl-654f8f73-ed3e-46e1-aeb9-b0ce3cfc6d3c/datanode-0/data/ratis/1ae5e3ab-7af9-451f-aa8b-3654f5ae994c for RaftStorage:Storage Directory /workdir/hadoop-ozone/integration-test/target/test-dir/MiniOzoneClusterImpl-654f8f73-ed3e-46e1-aeb9-b0ce3cfc6d3c/datanode-0/data/ratis/1ae5e3ab-7af9-451f-aa8b-3654f5ae994c
2019-07-16 14:41:28,770 INFO  server.RaftServerConfigKeys (ConfUtils.java:logGet(43)) - raft.server.log.appender.buffer.byte-limit = 33554432 (custom)
2019-07-16 14:41:28,771 INFO  server.RaftServerConfigKeys (ConfUtils.java:logGet(43)) - raft.server.log.queue.byte-limit = 2147483647 (custom)
2019-07-16 14:41:28,773 INFO  server.RaftServerConfigKeys (ConfUtils.java:logGet(43)) - raft.server.log.queue.element-limit = 1024 (custom)
2019-07-16 14:41:28,771 INFO  server.RaftServerConfigKeys (ConfUtils.java:logGet(43)) - raft.server.log.segment.size.max = 1048576 (custom)
2019-07-16 14:41:28,773 INFO  server.RaftServerConfigKeys (ConfUtils.java:logGet(43)) - raft.server.log.segment.size.max = 1048576 (custom)
2019-07-16 14:41:28,771 INFO  server.RaftServerConfigKeys (ConfUtils.java:logGet(43)) - raft.server.log.segment.size.max = 1048576 (custom)
2019-07-16 14:41:28,773 INFO  server.RaftServerConfigKeys (ConfUtils.java:logGet(43)) - raft.server.log.preallocated.size = 16384 (custom)
2019-07-16 14:41:28,773 INFO  server.RaftServerConfigKeys (ConfUtils.java:logGet(43)) - raft.server.log.segment.cache.num.max = 2 (custom)
2019-07-16 14:41:28,774 INFO  server.RaftServerConfigKeys (ConfUtils.java:logGet(43)) - raft.server.log.write.buffer.size = 33554432 (custom)
2019-07-16 14:41:28,774 INFO  server.RaftServerConfigKeys (ConfUtils.java:logGet(43)) - raft.server.log.segment.cache.num.max = 2 (custom)
2019-07-16 14:41:28,774 INFO  server.RaftServerConfigKeys (ConfUtils.java:logGet(43)) - raft.server.log.force.sync.num = 128 (default)
2019-07-16 14:41:28,774 INFO  segmented.SegmentedRaftLogWorker (SegmentedRaftLogWorker.java:<init>(172)) - new 2af975a7-b39b-42b5-9d45-cc1628e24ae8-SegmentedRaftLogWorker:Storage Directory /workdir/hadoop-ozone/integration-test/target/test-dir/MiniOzoneClusterImpl-654f8f73-ed3e-46e1-aeb9-b0ce3cfc6d3c/datanode-2/data/ratis/1ae5e3ab-7af9-451f-aa8b-3654f5ae994c for RaftStorage:Storage Directory /workdir/hadoop-ozone/integration-test/target/test-dir/MiniOzoneClusterImpl-654f8f73-ed3e-46e1-aeb9-b0ce3cfc6d3c/datanode-2/data/ratis/1ae5e3ab-7af9-451f-aa8b-3654f5ae994c
2019-07-16 14:41:28,774 INFO  server.RaftServerConfigKeys (ConfUtils.java:logGet(43)) - raft.server.log.statemachine.data.sync = true (default)
2019-07-16 14:41:28,774 INFO  segmented.SegmentedRaftLogWorker (SegmentedRaftLogWorker.java:<init>(172)) - new 46909a66-9671-4184-a7a9-99686a76f5e8-SegmentedRaftLogWorker:Storage Directory /workdir/hadoop-ozone/integration-test/target/test-dir/MiniOzoneClusterImpl-654f8f73-ed3e-46e1-aeb9-b0ce3cfc6d3c/datanode-3/data/ratis/1ae5e3ab-7af9-451f-aa8b-3654f5ae994c for RaftStorage:Storage Directory /workdir/hadoop-ozone/integration-test/target/test-dir/MiniOzoneClusterImpl-654f8f73-ed3e-46e1-aeb9-b0ce3cfc6d3c/datanode-3/data/ratis/1ae5e3ab-7af9-451f-aa8b-3654f5ae994c
2019-07-16 14:41:28,774 INFO  server.RaftServerConfigKeys (ConfUtils.java:logGet(43)) - raft.server.log.statemachine.data.sync.timeout = 10s (default)
2019-07-16 14:41:28,774 INFO  server.RaftServerConfigKeys (ConfUtils.java:logGet(43)) - raft.server.log.queue.byte-limit = 2147483647 (custom)
2019-07-16 14:41:28,783 INFO  server.RaftServerConfigKeys (ConfUtils.java:logGet(43)) - raft.server.log.statemachine.data.sync.timeout.retry = -1 (default)
2019-07-16 14:41:28,783 INFO  server.RaftServerConfigKeys (ConfUtils.java:logGet(43)) - raft.server.log.queue.byte-limit = 2147483647 (custom)
2019-07-16 14:41:28,783 INFO  server.RaftServerConfigKeys (ConfUtils.java:logGet(43)) - raft.server.log.statemachine.data.caching.enabled = true (custom)
2019-07-16 14:41:28,783 INFO  server.RaftServerConfigKeys (ConfUtils.java:logGet(43)) - raft.server.log.queue.element-limit = 1024 (custom)
2019-07-16 14:41:28,783 INFO  server.RaftServerConfigKeys (ConfUtils.java:logGet(43)) - raft.server.log.queue.element-limit = 1024 (custom)
2019-07-16 14:41:28,784 INFO  segmented.SegmentedRaftLogWorker (SegmentedRaftLogWorker.java:lambda$new$0(132)) - e17100c6-a9d6-495c-98e3-7141b4c20b73-SegmentedRaftLogWorker:Storage Directory /workdir/hadoop-ozone/integration-test/target/test-dir/MiniOzoneClusterImpl-654f8f73-ed3e-46e1-aeb9-b0ce3cfc6d3c/datanode-0/data/ratis/1ae5e3ab-7af9-451f-aa8b-3654f5ae994c: flushIndex: setUnconditionally 0 -> -1
2019-07-16 14:41:28,784 INFO  server.RaftServerConfigKeys (ConfUtils.java:logGet(43)) - raft.server.log.segment.size.max = 1048576 (custom)
2019-07-16 14:41:28,784 INFO  server.RaftServerConfigKeys (ConfUtils.java:logGet(43)) - raft.server.log.segment.size.max = 1048576 (custom)
2019-07-16 14:41:28,784 INFO  server.RaftServerConfigKeys (ConfUtils.java:logGet(43)) - raft.server.snapshot.auto.trigger.enabled = true (custom)
2019-07-16 14:41:28,784 INFO  server.RaftServerConfigKeys (ConfUtils.java:logGet(43)) - raft.server.log.preallocated.size = 16384 (custom)
2019-07-16 14:41:28,784 INFO  server.RaftServerConfigKeys (ConfUtils.java:logGet(43)) - raft.server.snapshot.auto.trigger.threshold = 10000 (custom)
2019-07-16 14:41:28,784 INFO  server.RaftServerConfigKeys (ConfUtils.java:logGet(43)) - raft.server.log.preallocated.size = 16384 (custom)
2019-07-16 14:41:28,784 INFO  server.RaftServerConfigKeys (ConfUtils.java:logGet(43)) - raft.server.retrycache.expirytime = 600000ms (custom)
2019-07-16 14:41:28,784 INFO  server.RaftServerConfigKeys (ConfUtils.java:logGet(43)) - raft.server.log.write.buffer.size = 33554432 (custom)
2019-07-16 14:41:28,785 INFO  server.RaftServerConfigKeys (ConfUtils.java:logGet(43)) - raft.server.log.write.buffer.size = 33554432 (custom)
2019-07-16 14:41:28,785 INFO  server.RaftServerConfigKeys (ConfUtils.java:logGet(43)) - raft.server.log.force.sync.num = 128 (default)
2019-07-16 14:41:28,785 INFO  impl.RaftServerImpl (RaftServerImpl.java:start(180)) - e17100c6-a9d6-495c-98e3-7141b4c20b73: start group-3654F5AE994C
2019-07-16 14:41:28,785 INFO  server.RaftServerConfigKeys (ConfUtils.java:logGet(43)) - raft.server.log.statemachine.data.sync = true (default)
2019-07-16 14:41:28,785 INFO  server.RaftServerConfigKeys (ConfUtils.java:logGet(43)) - raft.server.log.force.sync.num = 128 (default)
2019-07-16 14:41:28,785 INFO  server.RaftServerConfigKeys (ConfUtils.java:logGet(43)) - raft.server.log.statemachine.data.sync.timeout = 10s (default)
2019-07-16 14:41:28,785 INFO  impl.RaftServerImpl (RaftServerImpl.java:setRole(171)) - e17100c6-a9d6-495c-98e3-7141b4c20b73:group-3654F5AE994C changes role from null to FOLLOWER at term 0 for startAsFollower
2019-07-16 14:41:28,785 INFO  server.RaftServerConfigKeys (ConfUtils.java:logGet(43)) - raft.server.log.statemachine.data.sync.timeout.retry = -1 (default)
2019-07-16 14:41:28,785 INFO  server.RaftServerConfigKeys (ConfUtils.java:logGet(43)) - raft.server.log.statemachine.data.sync = true (default)
2019-07-16 14:41:28,786 INFO  server.RaftServerConfigKeys (ConfUtils.java:logGet(43)) - raft.server.log.statemachine.data.caching.enabled = true (custom)
2019-07-16 14:41:28,786 INFO  impl.RoleInfo (RoleInfo.java:updateAndGet(143)) - e17100c6-a9d6-495c-98e3-7141b4c20b73: start FollowerState
2019-07-16 14:41:28,786 INFO  server.RaftServerConfigKeys (ConfUtils.java:logGet(43)) - raft.server.log.statemachine.data.sync.timeout = 10s (default)
2019-07-16 14:41:28,786 INFO  segmented.SegmentedRaftLogWorker (SegmentedRaftLogWorker.java:lambda$new$0(132)) - 2af975a7-b39b-42b5-9d45-cc1628e24ae8-SegmentedRaftLogWorker:Storage Directory /workdir/hadoop-ozone/integration-test/target/test-dir/MiniOzoneClusterImpl-654f8f73-ed3e-46e1-aeb9-b0ce3cfc6d3c/datanode-2/data/ratis/1ae5e3ab-7af9-451f-aa8b-3654f5ae994c: flushIndex: setUnconditionally 0 -> -1
2019-07-16 14:41:28,786 INFO  server.RaftServerConfigKeys (ConfUtils.java:logGet(43)) - raft.server.log.statemachine.data.sync.timeout.retry = -1 (default)
2019-07-16 14:41:28,786 INFO  util.JmxRegister (JmxRegister.java:tryRegister(44)) - Successfully registered JMX Bean with object name Ratis:service=RaftServer,group=group-3654F5AE994C,id=e17100c6-a9d6-495c-98e3-7141b4c20b73
2019-07-16 14:41:28,786 INFO  server.RaftServerConfigKeys (ConfUtils.java:logGet(43)) - raft.server.log.statemachine.data.caching.enabled = true (custom)
2019-07-16 14:41:28,786 INFO  server.RaftServerConfigKeys (ConfUtils.java:logGet(43)) - raft.server.snapshot.auto.trigger.enabled = true (custom)
2019-07-16 14:41:28,787 INFO  server.RaftServerConfigKeys (ConfUtils.java:logGet(43)) - raft.server.snapshot.auto.trigger.threshold = 10000 (custom)
2019-07-16 14:41:28,787 INFO  segmented.SegmentedRaftLogWorker (SegmentedRaftLogWorker.java:lambda$new$0(132)) - 46909a66-9671-4184-a7a9-99686a76f5e8-SegmentedRaftLogWorker:Storage Directory /workdir/hadoop-ozone/integration-test/target/test-dir/MiniOzoneClusterImpl-654f8f73-ed3e-46e1-aeb9-b0ce3cfc6d3c/datanode-3/data/ratis/1ae5e3ab-7af9-451f-aa8b-3654f5ae994c: flushIndex: setUnconditionally 0 -> -1
2019-07-16 14:41:28,787 INFO  server.RaftServerConfigKeys (ConfUtils.java:logGet(43)) - raft.server.retrycache.expirytime = 600000ms (custom)
2019-07-16 14:41:28,787 INFO  server.RaftServerConfigKeys (ConfUtils.java:logGet(43)) - raft.server.snapshot.auto.trigger.enabled = true (custom)
2019-07-16 14:41:28,787 INFO  server.RaftServerConfigKeys (ConfUtils.java:logGet(43)) - raft.server.snapshot.auto.trigger.threshold = 10000 (custom)
2019-07-16 14:41:28,787 INFO  impl.RaftServerImpl (RaftServerImpl.java:start(180)) - 2af975a7-b39b-42b5-9d45-cc1628e24ae8: start group-3654F5AE994C
2019-07-16 14:41:28,787 INFO  server.RaftServerConfigKeys (ConfUtils.java:logGet(43)) - raft.server.retrycache.expirytime = 600000ms (custom)
2019-07-16 14:41:28,787 INFO  impl.RaftServerImpl (RaftServerImpl.java:setRole(171)) - 2af975a7-b39b-42b5-9d45-cc1628e24ae8:group-3654F5AE994C changes role from null to FOLLOWER at term 0 for startAsFollower
2019-07-16 14:41:28,788 INFO  impl.RaftServerImpl (RaftServerImpl.java:start(180)) - 46909a66-9671-4184-a7a9-99686a76f5e8: start group-3654F5AE994C
2019-07-16 14:41:28,788 INFO  impl.RaftServerImpl (RaftServerImpl.java:setRole(171)) - 46909a66-9671-4184-a7a9-99686a76f5e8:group-3654F5AE994C changes role from null to FOLLOWER at term 0 for startAsFollower
2019-07-16 14:41:28,788 INFO  impl.RoleInfo (RoleInfo.java:updateAndGet(143)) - 2af975a7-b39b-42b5-9d45-cc1628e24ae8: start FollowerState
2019-07-16 14:41:28,788 INFO  impl.RoleInfo (RoleInfo.java:updateAndGet(143)) - 46909a66-9671-4184-a7a9-99686a76f5e8: start FollowerState
2019-07-16 14:41:28,791 INFO  util.JmxRegister (JmxRegister.java:tryRegister(44)) - Successfully registered JMX Bean with object name Ratis:service=RaftServer,group=group-3654F5AE994C,id=2af975a7-b39b-42b5-9d45-cc1628e24ae8
2019-07-16 14:41:28,791 INFO  util.JmxRegister (JmxRegister.java:tryRegister(44)) - Successfully registered JMX Bean with object name Ratis:service=RaftServer,group=group-3654F5AE994C,id=46909a66-9671-4184-a7a9-99686a76f5e8
2019-07-16 14:41:28,799 INFO  pipeline.PipelineStateManager (PipelineStateManager.java:addPipeline(56)) - Created pipeline Pipeline[ Id: 1ae5e3ab-7af9-451f-aa8b-3654f5ae994c, Nodes: 2af975a7-b39b-42b5-9d45-cc1628e24ae8{ip: 192.168.5.141, host: byscane-nightly-ppzk5-1864156943, networkLocation: /default-rack, certSerialId: null}46909a66-9671-4184-a7a9-99686a76f5e8{ip: 192.168.5.141, host: byscane-nightly-ppzk5-1864156943, networkLocation: /default-rack, certSerialId: null}e17100c6-a9d6-495c-98e3-7141b4c20b73{ip: 192.168.5.141, host: byscane-nightly-ppzk5-1864156943, networkLocation: /default-rack, certSerialId: null}, Type:RATIS, Factor:THREE, State:OPEN]
2019-07-16 14:41:29,817 WARN  io.KeyOutputStream (KeyOutputStream.java:handleException(276)) - Encountered exception java.io.IOException: Unexpected Storage Container Exception: java.util.concurrent.CompletionException: java.util.concurrent.CompletionException: org.apache.ratis.protocol.GroupMismatchException: e17100c6-a9d6-495c-98e3-7141b4c20b73: group-0DE1D2A8F175 not found. on the pipeline Pipeline[ Id: 3d75042a-3281-419b-8383-0de1d2a8f175, Nodes: 2af975a7-b39b-42b5-9d45-cc1628e24ae8{ip: 192.168.5.141, host: byscane-nightly-ppzk5-1864156943, networkLocation: /default-rack, certSerialId: null}46909a66-9671-4184-a7a9-99686a76f5e8{ip: 192.168.5.141, host: byscane-nightly-ppzk5-1864156943, networkLocation: /default-rack, certSerialId: null}e17100c6-a9d6-495c-98e3-7141b4c20b73{ip: 192.168.5.141, host: byscane-nightly-ppzk5-1864156943, networkLocation: /default-rack, certSerialId: null}, Type:RATIS, Factor:THREE, State:OPEN]. The last committed block length is 400, uncommitted data length is 50 retry count 0
2019-07-16 14:41:29,851 INFO  client.GrpcClientProtocolClient (GrpcClientProtocolClient.java:onNext(255)) - client-84717241E28F->2af975a7-b39b-42b5-9d45-cc1628e24ae8: receive RaftClientReply:client-84717241E28F->2af975a7-b39b-42b5-9d45-cc1628e24ae8@group-3654F5AE994C, cid=27, FAILED org.apache.ratis.protocol.NotLeaderException: Server 2af975a7-b39b-42b5-9d45-cc1628e24ae8 is not the leader (null). Request must be sent to leader., logIndex=0, commits[2af975a7-b39b-42b5-9d45-cc1628e24ae8:c-1]
2019-07-16 14:41:30,884 INFO  client.GrpcClientProtocolClient (GrpcClientProtocolClient.java:onNext(255)) - client-84717241E28F->e17100c6-a9d6-495c-98e3-7141b4c20b73: receive RaftClientReply:client-84717241E28F->e17100c6-a9d6-495c-98e3-7141b4c20b73@group-3654F5AE994C, cid=27, FAILED org.apache.ratis.protocol.NotLeaderException: Server e17100c6-a9d6-495c-98e3-7141b4c20b73 is not the leader (null). Request must be sent to leader., logIndex=0, commits[e17100c6-a9d6-495c-98e3-7141b4c20b73:c-1]
2019-07-16 14:41:31,907 INFO  client.GrpcClientProtocolClient (GrpcClientProtocolClient.java:onNext(255)) - client-84717241E28F->2af975a7-b39b-42b5-9d45-cc1628e24ae8: receive RaftClientReply:client-84717241E28F->2af975a7-b39b-42b5-9d45-cc1628e24ae8@group-3654F5AE994C, cid=27, FAILED org.apache.ratis.protocol.NotLeaderException: Server 2af975a7-b39b-42b5-9d45-cc1628e24ae8 is not the leader (null). Request must be sent to leader., logIndex=0, commits[2af975a7-b39b-42b5-9d45-cc1628e24ae8:c-1]
2019-07-16 14:41:32,929 INFO  client.GrpcClientProtocolClient (GrpcClientProtocolClient.java:onNext(255)) - client-84717241E28F->46909a66-9671-4184-a7a9-99686a76f5e8: receive RaftClientReply:client-84717241E28F->46909a66-9671-4184-a7a9-99686a76f5e8@group-3654F5AE994C, cid=27, FAILED org.apache.ratis.protocol.NotLeaderException: Server 46909a66-9671-4184-a7a9-99686a76f5e8 is not the leader (null). Request must be sent to leader., logIndex=0, commits[46909a66-9671-4184-a7a9-99686a76f5e8:c-1]
2019-07-16 14:41:33,849 INFO  impl.FollowerState (FollowerState.java:run(106)) - 2af975a7-b39b-42b5-9d45-cc1628e24ae8:group-3654F5AE994C changes to CANDIDATE, lastRpcTime:5060, electionTimeout:5058ms
2019-07-16 14:41:33,849 INFO  impl.RoleInfo (RoleInfo.java:shutdownFollowerState(121)) - 2af975a7-b39b-42b5-9d45-cc1628e24ae8: shutdown FollowerState
2019-07-16 14:41:33,849 INFO  impl.RaftServerImpl (RaftServerImpl.java:setRole(171)) - 2af975a7-b39b-42b5-9d45-cc1628e24ae8:group-3654F5AE994C changes role from FOLLOWER to CANDIDATE at term 0 for changeToCandidate
2019-07-16 14:41:33,849 INFO  impl.RoleInfo (RoleInfo.java:updateAndGet(143)) - 2af975a7-b39b-42b5-9d45-cc1628e24ae8: start LeaderElection
2019-07-16 14:41:33,865 INFO  impl.LeaderElection (LeaderElection.java:askForVotes(181)) - 2af975a7-b39b-42b5-9d45-cc1628e24ae8:group-3654F5AE994C:LeaderElection11: begin an election at term 1 for -1: [e17100c6-a9d6-495c-98e3-7141b4c20b73:192.168.5.141:41803, 2af975a7-b39b-42b5-9d45-cc1628e24ae8:192.168.5.141:46376, 46909a66-9671-4184-a7a9-99686a76f5e8:192.168.5.141:39464], old=null
2019-07-16 14:41:33,871 INFO  impl.FollowerState (FollowerState.java:run(106)) - 46909a66-9671-4184-a7a9-99686a76f5e8:group-3654F5AE994C changes to CANDIDATE, lastRpcTime:5082, electionTimeout:5079ms
2019-07-16 14:41:33,871 INFO  impl.RoleInfo (RoleInfo.java:shutdownFollowerState(121)) - 46909a66-9671-4184-a7a9-99686a76f5e8: shutdown FollowerState
2019-07-16 14:41:33,873 INFO  impl.RaftServerImpl (RaftServerImpl.java:setRole(171)) - 46909a66-9671-4184-a7a9-99686a76f5e8:group-3654F5AE994C changes role from FOLLOWER to CANDIDATE at term 0 for changeToCandidate
2019-07-16 14:41:33,873 INFO  impl.RoleInfo (RoleInfo.java:updateAndGet(143)) - 46909a66-9671-4184-a7a9-99686a76f5e8: start LeaderElection
2019-07-16 14:41:33,882 INFO  impl.LeaderElection (LeaderElection.java:askForVotes(181)) - 46909a66-9671-4184-a7a9-99686a76f5e8:group-3654F5AE994C:LeaderElection12: begin an election at term 1 for -1: [e17100c6-a9d6-495c-98e3-7141b4c20b73:192.168.5.141:41803, 2af975a7-b39b-42b5-9d45-cc1628e24ae8:192.168.5.141:46376, 46909a66-9671-4184-a7a9-99686a76f5e8:192.168.5.141:39464], old=null
2019-07-16 14:41:33,884 INFO  impl.RaftServerImpl (RaftServerImpl.java:setRole(171)) - e17100c6-a9d6-495c-98e3-7141b4c20b73:group-3654F5AE994C changes role from FOLLOWER to FOLLOWER at term 1 for recognizeCandidate:2af975a7-b39b-42b5-9d45-cc1628e24ae8
2019-07-16 14:41:33,884 INFO  impl.RoleInfo (RoleInfo.java:shutdownFollowerState(121)) - e17100c6-a9d6-495c-98e3-7141b4c20b73: shutdown FollowerState
2019-07-16 14:41:33,885 INFO  impl.RoleInfo (RoleInfo.java:updateAndGet(143)) - e17100c6-a9d6-495c-98e3-7141b4c20b73: start FollowerState
2019-07-16 14:41:33,885 INFO  impl.FollowerState (FollowerState.java:run(114)) - e17100c6-a9d6-495c-98e3-7141b4c20b73: FollowerState was interrupted: java.lang.InterruptedException: sleep interrupted
2019-07-16 14:41:33,913 INFO  impl.LeaderElection (LeaderElection.java:logAndReturn(56)) - 2af975a7-b39b-42b5-9d45-cc1628e24ae8:group-3654F5AE994C:LeaderElection11: Election PASSED; received 2 response(s) [2af975a7-b39b-42b5-9d45-cc1628e24ae8<-e17100c6-a9d6-495c-98e3-7141b4c20b73#0:OK-t1, 2af975a7-b39b-42b5-9d45-cc1628e24ae8<-46909a66-9671-4184-a7a9-99686a76f5e8#0:FAIL-t1] and 0 exception(s); 2af975a7-b39b-42b5-9d45-cc1628e24ae8:t1, leader=null, voted=2af975a7-b39b-42b5-9d45-cc1628e24ae8, raftlog=2af975a7-b39b-42b5-9d45-cc1628e24ae8-SegmentedRaftLog:OPENED:c-1,f-1,i0, conf=-1: [e17100c6-a9d6-495c-98e3-7141b4c20b73:192.168.5.141:41803, 2af975a7-b39b-42b5-9d45-cc1628e24ae8:192.168.5.141:46376, 46909a66-9671-4184-a7a9-99686a76f5e8:192.168.5.141:39464], old=null
2019-07-16 14:41:33,913 INFO  impl.RoleInfo (RoleInfo.java:shutdownLeaderElection(134)) - 2af975a7-b39b-42b5-9d45-cc1628e24ae8: shutdown LeaderElection
2019-07-16 14:41:33,917 INFO  impl.RaftServerImpl (RaftServerImpl.java:setRole(171)) - 2af975a7-b39b-42b5-9d45-cc1628e24ae8:group-3654F5AE994C changes role from CANDIDATE to LEADER at term 1 for changeToLeader
2019-07-16 14:41:33,917 INFO  impl.LeaderElection (LeaderElection.java:logAndReturn(56)) - 46909a66-9671-4184-a7a9-99686a76f5e8:group-3654F5AE994C:LeaderElection12: Election REJECTED; received 2 response(s) [46909a66-9671-4184-a7a9-99686a76f5e8<-e17100c6-a9d6-495c-98e3-7141b4c20b73#0:FAIL-t1, 46909a66-9671-4184-a7a9-99686a76f5e8<-2af975a7-b39b-42b5-9d45-cc1628e24ae8#0:FAIL-t1] and 0 exception(s); 46909a66-9671-4184-a7a9-99686a76f5e8:t1, leader=null, voted=46909a66-9671-4184-a7a9-99686a76f5e8, raftlog=46909a66-9671-4184-a7a9-99686a76f5e8-SegmentedRaftLog:OPENED:c-1,f-1,i0, conf=-1: [e17100c6-a9d6-495c-98e3-7141b4c20b73:192.168.5.141:41803, 2af975a7-b39b-42b5-9d45-cc1628e24ae8:192.168.5.141:46376, 46909a66-9671-4184-a7a9-99686a76f5e8:192.168.5.141:39464], old=null
2019-07-16 14:41:33,917 INFO  impl.RaftServerImpl (ServerState.java:setLeader(263)) - 2af975a7-b39b-42b5-9d45-cc1628e24ae8:group-3654F5AE994C change Leader from null to 2af975a7-b39b-42b5-9d45-cc1628e24ae8 at term 1 for becomeLeader, leader elected after 5148ms
2019-07-16 14:41:33,917 INFO  impl.RaftServerImpl (RaftServerImpl.java:setRole(171)) - 46909a66-9671-4184-a7a9-99686a76f5e8:group-3654F5AE994C changes role from CANDIDATE to FOLLOWER at term 1 for DISCOVERED_A_NEW_TERM
2019-07-16 14:41:33,919 INFO  server.RaftServerConfigKeys (ConfUtils.java:logGet(43)) - raft.server.staging.catchup.gap = 1000 (default)
2019-07-16 14:41:33,919 INFO  impl.RoleInfo (RoleInfo.java:shutdownLeaderElection(134)) - 46909a66-9671-4184-a7a9-99686a76f5e8: shutdown LeaderElection
2019-07-16 14:41:33,920 INFO  server.RaftServerConfigKeys (ConfUtils.java:logGet(43)) - raft.server.rpc.sleep.time = 25ms (default)
2019-07-16 14:41:33,920 INFO  impl.RoleInfo (RoleInfo.java:updateAndGet(143)) - 46909a66-9671-4184-a7a9-99686a76f5e8: start FollowerState
2019-07-16 14:41:33,920 INFO  server.RaftServerConfigKeys (ConfUtils.java:logGet(43)) - raft.server.write.element-limit = 4096 (default)
2019-07-16 14:41:33,922 INFO  server.RaftServerConfigKeys (ConfUtils.java:logGet(43)) - raft.server.watch.timeout = 10s (default)
2019-07-16 14:41:33,922 INFO  server.RaftServerConfigKeys (ConfUtils.java:logGet(43)) - raft.server.watch.timeout.denomination = 1s (default)
2019-07-16 14:41:33,922 INFO  server.RaftServerConfigKeys (ConfUtils.java:logGet(43)) - raft.server.watch.element-limit = 65536 (default)
2019-07-16 14:41:33,923 INFO  server.RaftServerConfigKeys (ConfUtils.java:logGet(43)) - raft.server.log.appender.snapshot.chunk.size.max = 16MB (=16777216) (default)
2019-07-16 14:41:33,923 INFO  server.RaftServerConfigKeys (ConfUtils.java:logGet(43)) - raft.server.log.appender.buffer.byte-limit = 33554432 (custom)
2019-07-16 14:41:33,923 INFO  server.RaftServerConfigKeys (ConfUtils.java:logGet(43)) - raft.server.log.appender.buffer.element-limit = 1 (custom)
2019-07-16 14:41:33,923 INFO  grpc.GrpcConfigKeys$Server (ConfUtils.java:logGet(43)) - raft.grpc.server.leader.outstanding.appends.max = 128 (default)
2019-07-16 14:41:33,924 INFO  server.RaftServerConfigKeys (ConfUtils.java:logGet(43)) - raft.server.rpc.request.timeout = 3000ms (default)
2019-07-16 14:41:33,924 INFO  server.RaftServerConfigKeys (ConfUtils.java:logGet(43)) - raft.server.log.appender.install.snapshot.enabled = false (custom)
2019-07-16 14:41:33,924 INFO  server.RaftServerConfigKeys (ConfUtils.java:logGet(43)) - raft.server.log.appender.snapshot.chunk.size.max = 16MB (=16777216) (default)
2019-07-16 14:41:33,924 INFO  server.RaftServerConfigKeys (ConfUtils.java:logGet(43)) - raft.server.log.appender.buffer.byte-limit = 33554432 (custom)
2019-07-16 14:41:33,924 INFO  server.RaftServerConfigKeys (ConfUtils.java:logGet(43)) - raft.server.log.appender.buffer.element-limit = 1 (custom)
2019-07-16 14:41:33,925 INFO  grpc.GrpcConfigKeys$Server (ConfUtils.java:logGet(43)) - raft.grpc.server.leader.outstanding.appends.max = 128 (default)
2019-07-16 14:41:33,925 INFO  server.RaftServerConfigKeys (ConfUtils.java:logGet(43)) - raft.server.rpc.request.timeout = 3000ms (default)
2019-07-16 14:41:33,925 INFO  server.RaftServerConfigKeys (ConfUtils.java:logGet(43)) - raft.server.log.appender.install.snapshot.enabled = false (custom)
2019-07-16 14:41:33,925 INFO  impl.RoleInfo (RoleInfo.java:updateAndGet(143)) - 2af975a7-b39b-42b5-9d45-cc1628e24ae8: start LeaderState
2019-07-16 14:41:33,926 INFO  segmented.SegmentedRaftLogWorker (SegmentedRaftLogWorker.java:startLogSegment(380)) - 2af975a7-b39b-42b5-9d45-cc1628e24ae8-SegmentedRaftLogWorker:Storage Directory /workdir/hadoop-ozone/integration-test/target/test-dir/MiniOzoneClusterImpl-654f8f73-ed3e-46e1-aeb9-b0ce3cfc6d3c/datanode-2/data/ratis/1ae5e3ab-7af9-451f-aa8b-3654f5ae994c: Starting segment from index:0
2019-07-16 14:41:33,926 INFO  impl.RaftServerImpl (ServerState.java:setRaftConf(361)) - 2af975a7-b39b-42b5-9d45-cc1628e24ae8:group-3654F5AE994C set configuration 0: [e17100c6-a9d6-495c-98e3-7141b4c20b73:192.168.5.141:41803, 2af975a7-b39b-42b5-9d45-cc1628e24ae8:192.168.5.141:46376, 46909a66-9671-4184-a7a9-99686a76f5e8:192.168.5.141:39464], old=null at 0
2019-07-16 14:41:33,948 INFO  impl.RaftServerImpl (ServerState.java:setLeader(263)) - e17100c6-a9d6-495c-98e3-7141b4c20b73:group-3654F5AE994C change Leader from null to 2af975a7-b39b-42b5-9d45-cc1628e24ae8 at term 1 for appendEntries, leader elected after 5178ms
2019-07-16 14:41:33,948 INFO  impl.RaftServerImpl (ServerState.java:setLeader(263)) - 46909a66-9671-4184-a7a9-99686a76f5e8:group-3654F5AE994C change Leader from null to 2af975a7-b39b-42b5-9d45-cc1628e24ae8 at term 1 for appendEntries, leader elected after 5178ms
2019-07-16 14:41:33,954 INFO  impl.RaftServerImpl (ServerState.java:setRaftConf(361)) - 46909a66-9671-4184-a7a9-99686a76f5e8:group-3654F5AE994C set configuration 0: [e17100c6-a9d6-495c-98e3-7141b4c20b73:192.168.5.141:41803, 2af975a7-b39b-42b5-9d45-cc1628e24ae8:192.168.5.141:46376, 46909a66-9671-4184-a7a9-99686a76f5e8:192.168.5.141:39464], old=null at 0
2019-07-16 14:41:33,954 INFO  impl.RaftServerImpl (ServerState.java:setRaftConf(361)) - e17100c6-a9d6-495c-98e3-7141b4c20b73:group-3654F5AE994C set configuration 0: [e17100c6-a9d6-495c-98e3-7141b4c20b73:192.168.5.141:41803, 2af975a7-b39b-42b5-9d45-cc1628e24ae8:192.168.5.141:46376, 46909a66-9671-4184-a7a9-99686a76f5e8:192.168.5.141:39464], old=null at 0
2019-07-16 14:41:33,956 INFO  segmented.SegmentedRaftLogWorker (SegmentedRaftLogWorker.java:startLogSegment(380)) - 46909a66-9671-4184-a7a9-99686a76f5e8-SegmentedRaftLogWorker:Storage Directory /workdir/hadoop-ozone/integration-test/target/test-dir/MiniOzoneClusterImpl-654f8f73-ed3e-46e1-aeb9-b0ce3cfc6d3c/datanode-3/data/ratis/1ae5e3ab-7af9-451f-aa8b-3654f5ae994c: Starting segment from index:0
2019-07-16 14:41:33,956 INFO  segmented.SegmentedRaftLogWorker (SegmentedRaftLogWorker.java:startLogSegment(380)) - e17100c6-a9d6-495c-98e3-7141b4c20b73-SegmentedRaftLogWorker:Storage Directory /workdir/hadoop-ozone/integration-test/target/test-dir/MiniOzoneClusterImpl-654f8f73-ed3e-46e1-aeb9-b0ce3cfc6d3c/datanode-0/data/ratis/1ae5e3ab-7af9-451f-aa8b-3654f5ae994c: Starting segment from index:0
2019-07-16 14:41:33,956 INFO  client.GrpcClientProtocolClient (GrpcClientProtocolClient.java:onNext(255)) - client-84717241E28F->e17100c6-a9d6-495c-98e3-7141b4c20b73: receive RaftClientReply:client-84717241E28F->e17100c6-a9d6-495c-98e3-7141b4c20b73@group-3654F5AE994C, cid=27, FAILED org.apache.ratis.protocol.NotLeaderException: Server e17100c6-a9d6-495c-98e3-7141b4c20b73 is not the leader (2af975a7-b39b-42b5-9d45-cc1628e24ae8:192.168.5.141:46376). Request must be sent to leader., logIndex=0, commits[e17100c6-a9d6-495c-98e3-7141b4c20b73:c-1, 2af975a7-b39b-42b5-9d45-cc1628e24ae8:c-1, 46909a66-9671-4184-a7a9-99686a76f5e8:c-1]
2019-07-16 14:41:33,973 INFO  segmented.SegmentedRaftLogWorker (SegmentedRaftLogWorker.java:execute(569)) - 2af975a7-b39b-42b5-9d45-cc1628e24ae8-SegmentedRaftLogWorker:Storage Directory /workdir/hadoop-ozone/integration-test/target/test-dir/MiniOzoneClusterImpl-654f8f73-ed3e-46e1-aeb9-b0ce3cfc6d3c/datanode-2/data/ratis/1ae5e3ab-7af9-451f-aa8b-3654f5ae994c: created new log segment /workdir/hadoop-ozone/integration-test/target/test-dir/MiniOzoneClusterImpl-654f8f73-ed3e-46e1-aeb9-b0ce3cfc6d3c/datanode-2/data/ratis/1ae5e3ab-7af9-451f-aa8b-3654f5ae994c/current/log_inprogress_0
2019-07-16 14:41:33,994 INFO  segmented.SegmentedRaftLogWorker (SegmentedRaftLogWorker.java:execute(569)) - 46909a66-9671-4184-a7a9-99686a76f5e8-SegmentedRaftLogWorker:Storage Directory /workdir/hadoop-ozone/integration-test/target/test-dir/MiniOzoneClusterImpl-654f8f73-ed3e-46e1-aeb9-b0ce3cfc6d3c/datanode-3/data/ratis/1ae5e3ab-7af9-451f-aa8b-3654f5ae994c: created new log segment /workdir/hadoop-ozone/integration-test/target/test-dir/MiniOzoneClusterImpl-654f8f73-ed3e-46e1-aeb9-b0ce3cfc6d3c/datanode-3/data/ratis/1ae5e3ab-7af9-451f-aa8b-3654f5ae994c/current/log_inprogress_0
2019-07-16 14:41:33,998 INFO  segmented.SegmentedRaftLogWorker (SegmentedRaftLogWorker.java:execute(569)) - e17100c6-a9d6-495c-98e3-7141b4c20b73-SegmentedRaftLogWorker:Storage Directory /workdir/hadoop-ozone/integration-test/target/test-dir/MiniOzoneClusterImpl-654f8f73-ed3e-46e1-aeb9-b0ce3cfc6d3c/datanode-0/data/ratis/1ae5e3ab-7af9-451f-aa8b-3654f5ae994c: created new log segment /workdir/hadoop-ozone/integration-test/target/test-dir/MiniOzoneClusterImpl-654f8f73-ed3e-46e1-aeb9-b0ce3cfc6d3c/datanode-0/data/ratis/1ae5e3ab-7af9-451f-aa8b-3654f5ae994c/current/log_inprogress_0
2019-07-16 14:41:34,077 INFO  client.GrpcClientProtocolClient (GrpcClientProtocolClient.java:onNext(255)) - client-84717241E28F->2af975a7-b39b-42b5-9d45-cc1628e24ae8: receive RaftClientReply:client-84717241E28F->2af975a7-b39b-42b5-9d45-cc1628e24ae8@group-3654F5AE994C, cid=27, SUCCESS, logIndex=1, commits[2af975a7-b39b-42b5-9d45-cc1628e24ae8:c1, e17100c6-a9d6-495c-98e3-7141b4c20b73:c0, 46909a66-9671-4184-a7a9-99686a76f5e8:c-1]
2019-07-16 14:41:34,120 INFO  client.GrpcClientProtocolClient (GrpcClientProtocolClient.java:onNext(255)) - client-84717241E28F->2af975a7-b39b-42b5-9d45-cc1628e24ae8: receive RaftClientReply:client-84717241E28F->2af975a7-b39b-42b5-9d45-cc1628e24ae8@group-3654F5AE994C, cid=28, SUCCESS, logIndex=3, commits[2af975a7-b39b-42b5-9d45-cc1628e24ae8:c4, e17100c6-a9d6-495c-98e3-7141b4c20b73:c3, 46909a66-9671-4184-a7a9-99686a76f5e8:c3]
2019-07-16 14:41:34,172 INFO  ozone.MiniOzoneClusterImpl (MiniOzoneClusterImpl.java:shutdown(321)) - Shutting down the Mini Ozone Cluster
2019-07-16 14:41:34,173 INFO  ozone.MiniOzoneClusterImpl (MiniOzoneClusterImpl.java:stop(336)) - Stopping the Mini Ozone Cluster
2019-07-16 14:41:34,173 INFO  ozone.MiniOzoneClusterImpl (MiniOzoneClusterImpl.java:stop(338)) - Stopping the OzoneManager
2019-07-16 14:41:34,173 INFO  ipc.Server (Server.java:stop(3082)) - Stopping server on 46420
2019-07-16 14:41:34,175 INFO  ipc.Server (Server.java:run(1185)) - Stopping IPC Server listener on 46420
2019-07-16 14:41:34,176 INFO  utils.BackgroundService (BackgroundService.java:shutdown(148)) - Shutting down service KeyDeletingService
2019-07-16 14:41:34,176 INFO  ipc.Server (Server.java:run(1319)) - Stopping IPC Server Responder
2019-07-16 14:41:34,181 INFO  handler.ContextHandler (ContextHandler.java:doStop(910)) - Stopped o.e.j.w.WebAppContext@75f2099{/,null,UNAVAILABLE}{/ozoneManager}
2019-07-16 14:41:34,187 INFO  server.AbstractConnector (AbstractConnector.java:doStop(318)) - Stopped ServerConnector@1c12f3ee{HTTP/1.1,[http/1.1]}{0.0.0.0:0}
2019-07-16 14:41:34,188 INFO  handler.ContextHandler (ContextHandler.java:doStop(910)) - Stopped o.e.j.s.ServletContextHandler@466d49f0{/static,file:///workdir/hadoop-ozone/integration-test/target/test-classes/webapps/static,UNAVAILABLE}
2019-07-16 14:41:34,188 INFO  handler.ContextHandler (ContextHandler.java:doStop(910)) - Stopped o.e.j.s.ServletContextHandler@3fbfa96{/logs,file:///workdir/hadoop-ozone/integration-test/target/log,UNAVAILABLE}
2019-07-16 14:41:34,192 INFO  ozone.MiniOzoneClusterImpl (MiniOzoneClusterImpl.java:stop(344)) - Stopping the StorageContainerManager
2019-07-16 14:41:34,192 INFO  server.StorageContainerManager (StorageContainerManager.java:stop(790)) - Stopping Replication Manager Service.
2019-07-16 14:41:34,193 INFO  container.ReplicationManager (ReplicationManager.java:stop(191)) - Replication Monitor Thread is not running.
2019-07-16 14:41:34,193 INFO  server.StorageContainerManager (StorageContainerManager.java:stop(797)) - Stopping Lease Manager of the command watchers
2019-07-16 14:41:34,193 INFO  server.StorageContainerManager (StorageContainerManager.java:stop(804)) - Stopping datanode service RPC server
2019-07-16 14:41:34,193 INFO  server.SCMDatanodeProtocolServer (SCMDatanodeProtocolServer.java:stop(375)) - Stopping the RPC server for DataNodes
2019-07-16 14:41:34,194 INFO  ipc.Server (Server.java:stop(3082)) - Stopping server on 44046
2019-07-16 14:41:34,195 INFO  ipc.Server (Server.java:run(1185)) - Stopping IPC Server listener on 44046
2019-07-16 14:41:34,195 INFO  server.StorageContainerManager (StorageContainerManager.java:stop(812)) - Stopping block service RPC server
2019-07-16 14:41:34,196 INFO  server.SCMBlockProtocolServer (SCMBlockProtocolServer.java:stop(145)) - Stopping the RPC server for Block Protocol
2019-07-16 14:41:34,196 INFO  ipc.Server (Server.java:stop(3082)) - Stopping server on 43745
2019-07-16 14:41:34,197 INFO  ipc.Server (Server.java:run(1319)) - Stopping IPC Server Responder
2019-07-16 14:41:34,198 INFO  server.StorageContainerManager (StorageContainerManager.java:stop(819)) - Stopping the StorageContainerLocationProtocol RPC server
2019-07-16 14:41:34,198 INFO  server.SCMClientProtocolServer (SCMClientProtocolServer.java:stop(157)) - Stopping the RPC server for Client Protocol
2019-07-16 14:41:34,198 INFO  ipc.Server (Server.java:stop(3082)) - Stopping server on 41241
2019-07-16 14:41:34,198 INFO  ipc.Server (Server.java:run(1185)) - Stopping IPC Server listener on 43745
2019-07-16 14:41:34,199 INFO  ipc.Server (Server.java:run(1319)) - Stopping IPC Server Responder
2019-07-16 14:41:34,200 INFO  ipc.Server (Server.java:run(1185)) - Stopping IPC Server listener on 41241
2019-07-16 14:41:34,200 INFO  server.StorageContainerManager (StorageContainerManager.java:stop(826)) - Stopping Storage Container Manager HTTP server.
2019-07-16 14:41:34,201 INFO  handler.ContextHandler (ContextHandler.java:doStop(910)) - Stopped o.e.j.w.WebAppContext@31024624{/,null,UNAVAILABLE}{/scm}
2019-07-16 14:41:34,203 INFO  ipc.Server (Server.java:run(1319)) - Stopping IPC Server Responder
2019-07-16 14:41:34,206 INFO  server.AbstractConnector (AbstractConnector.java:doStop(318)) - Stopped ServerConnector@72ccd81a{HTTP/1.1,[http/1.1]}{0.0.0.0:0}
2019-07-16 14:41:34,206 INFO  handler.ContextHandler (ContextHandler.java:doStop(910)) - Stopped o.e.j.s.ServletContextHandler@495fac5f{/static,file:///workdir/hadoop-ozone/integration-test/target/test-classes/webapps/static,UNAVAILABLE}
2019-07-16 14:41:34,207 INFO  handler.ContextHandler (ContextHandler.java:doStop(910)) - Stopped o.e.j.s.ServletContextHandler@6127a7e{/logs,file:///workdir/hadoop-ozone/integration-test/target/log,UNAVAILABLE}
2019-07-16 14:41:34,209 INFO  server.StorageContainerManager (StorageContainerManager.java:stop(837)) - Stopping Block Manager Service.
2019-07-16 14:41:34,210 INFO  utils.BackgroundService (BackgroundService.java:shutdown(148)) - Shutting down service SCMBlockDeletingService
2019-07-16 14:41:34,210 INFO  utils.BackgroundService (BackgroundService.java:shutdown(148)) - Shutting down service SCMBlockDeletingService
2019-07-16 14:41:34,211 INFO  server.StorageContainerManager (StorageContainerManager.java:stop(859)) - Stopping SCM Event Queue.
2019-07-16 14:41:34,219 INFO  ozone.MiniOzoneClusterImpl (MiniOzoneClusterImpl.java:stop(350)) - Shutting the HddsDatanodes
2019-07-16 14:41:34,219 INFO  datanode.ObjectStoreHandler (ObjectStoreHandler.java:close(155)) - Closing ObjectStoreHandler.
2019-07-16 14:41:34,220 INFO  ozone.HddsDatanodeService (HddsDatanodeService.java:stop(452)) - Stopped plug-in org.apache.hadoop.ozone.web.OzoneHddsDatanodeService@4f281aaf
2019-07-16 14:41:34,220 INFO  statemachine.DatanodeStateMachine (DatanodeStateMachine.java:lambda$startDaemon$0(350)) - Ozone container server started.
2019-07-16 14:41:34,221 INFO  ozoneimpl.OzoneContainer (OzoneContainer.java:stop(199)) - Attempting to stop container services.
2019-07-16 14:41:34,222 INFO  impl.RaftServerProxy (RaftServerProxy.java:lambda$close$4(314)) - e17100c6-a9d6-495c-98e3-7141b4c20b73: close
2019-07-16 14:41:34,223 INFO  impl.RaftServerImpl (RaftServerImpl.java:lambda$shutdown$3(245)) - e17100c6-a9d6-495c-98e3-7141b4c20b73: shutdown group-FFA81A664DFE
2019-07-16 14:41:34,223 INFO  util.JmxRegister (JmxRegister.java:unregister(73)) - Successfully un-registered JMX Bean with object name Ratis:service=RaftServer,group=group-FFA81A664DFE,id=e17100c6-a9d6-495c-98e3-7141b4c20b73
2019-07-16 14:41:34,223 INFO  impl.RoleInfo (RoleInfo.java:shutdownLeaderState(104)) - e17100c6-a9d6-495c-98e3-7141b4c20b73: shutdown LeaderState
2019-07-16 14:41:34,224 INFO  impl.PendingRequests (PendingRequests.java:sendNotLeaderResponses(202)) - e17100c6-a9d6-495c-98e3-7141b4c20b73-PendingRequests: sendNotLeaderResponses
2019-07-16 14:41:34,224 INFO  impl.StateMachineUpdater (StateMachineUpdater.java:stopAndJoin(115)) - StateMachineUpdater:e17100c6-a9d6-495c-98e3-7141b4c20b73:group-FFA81A664DFE: set stopIndex = 0
2019-07-16 14:41:34,224 INFO  impl.RaftServerImpl (ServerState.java:close(394)) - e17100c6-a9d6-495c-98e3-7141b4c20b73:group-FFA81A664DFE closes. The last applied log index is 0
2019-07-16 14:41:34,225 INFO  segmented.SegmentedRaftLogWorker (SegmentedRaftLogWorker.java:run(313)) - e17100c6-a9d6-495c-98e3-7141b4c20b73-SegmentedRaftLogWorker:Storage Directory /workdir/hadoop-ozone/integration-test/target/test-dir/MiniOzoneClusterImpl-654f8f73-ed3e-46e1-aeb9-b0ce3cfc6d3c/datanode-0/data/ratis/9c608b79-981d-4e2d-a22c-ffa81a664dfe was interrupted, exiting. There are 0 tasks remaining in the queue.
2019-07-16 14:41:34,227 INFO  segmented.SegmentedRaftLogWorker (SegmentedRaftLogWorker.java:close(228)) - e17100c6-a9d6-495c-98e3-7141b4c20b73-SegmentedRaftLogWorker:Storage Directory /workdir/hadoop-ozone/integration-test/target/test-dir/MiniOzoneClusterImpl-654f8f73-ed3e-46e1-aeb9-b0ce3cfc6d3c/datanode-0/data/ratis/9c608b79-981d-4e2d-a22c-ffa81a664dfe close()
2019-07-16 14:41:34,230 INFO  impl.RaftServerImpl (RaftServerImpl.java:lambda$shutdown$3(245)) - e17100c6-a9d6-495c-98e3-7141b4c20b73: shutdown group-3654F5AE994C
2019-07-16 14:41:34,230 INFO  util.JmxRegister (JmxRegister.java:unregister(73)) - Successfully un-registered JMX Bean with object name Ratis:service=RaftServer,group=group-3654F5AE994C,id=e17100c6-a9d6-495c-98e3-7141b4c20b73
2019-07-16 14:41:34,231 INFO  impl.RoleInfo (RoleInfo.java:shutdownFollowerState(121)) - e17100c6-a9d6-495c-98e3-7141b4c20b73: shutdown FollowerState
2019-07-16 14:41:34,231 INFO  impl.StateMachineUpdater (StateMachineUpdater.java:stopAndJoin(115)) - StateMachineUpdater:e17100c6-a9d6-495c-98e3-7141b4c20b73:group-3654F5AE994C: set stopIndex = 3
2019-07-16 14:41:34,231 INFO  ratis.ContainerStateMachine (ContainerStateMachine.java:takeSnapshot(248)) - group-3654F5AE994C: Taking a snapshot at:(t:1, i:3) file /workdir/hadoop-ozone/integration-test/target/test-dir/MiniOzoneClusterImpl-654f8f73-ed3e-46e1-aeb9-b0ce3cfc6d3c/datanode-0/data/ratis/1ae5e3ab-7af9-451f-aa8b-3654f5ae994c/sm/snapshot.1_3
2019-07-16 14:41:34,231 INFO  impl.FollowerState (FollowerState.java:run(114)) - e17100c6-a9d6-495c-98e3-7141b4c20b73: FollowerState was interrupted: java.lang.InterruptedException: sleep interrupted
2019-07-16 14:41:34,235 INFO  ratis.ContainerStateMachine (ContainerStateMachine.java:takeSnapshot(256)) - group-3654F5AE994C: Finished taking a snapshot at:(t:1, i:3) file:/workdir/hadoop-ozone/integration-test/target/test-dir/MiniOzoneClusterImpl-654f8f73-ed3e-46e1-aeb9-b0ce3cfc6d3c/datanode-0/data/ratis/1ae5e3ab-7af9-451f-aa8b-3654f5ae994c/sm/snapshot.1_3 time:3
2019-07-16 14:41:34,235 INFO  impl.StateMachineUpdater (StateMachineUpdater.java:takeSnapshot(242)) - StateMachineUpdater:e17100c6-a9d6-495c-98e3-7141b4c20b73:group-3654F5AE994C: Took a snapshot at index 3
2019-07-16 14:41:34,235 INFO  impl.StateMachineUpdater (StateMachineUpdater.java:lambda$new$0(80)) - StateMachineUpdater:e17100c6-a9d6-495c-98e3-7141b4c20b73:group-3654F5AE994C: snapshotIndex: updateIncreasingly -1 -> 3
2019-07-16 14:41:34,235 INFO  impl.RaftServerImpl (ServerState.java:close(394)) - e17100c6-a9d6-495c-98e3-7141b4c20b73:group-3654F5AE994C closes. The last applied log index is 3
2019-07-16 14:41:34,236 INFO  segmented.SegmentedRaftLogWorker (SegmentedRaftLogWorker.java:run(313)) - e17100c6-a9d6-495c-98e3-7141b4c20b73-SegmentedRaftLogWorker:Storage Directory /workdir/hadoop-ozone/integration-test/target/test-dir/MiniOzoneClusterImpl-654f8f73-ed3e-46e1-aeb9-b0ce3cfc6d3c/datanode-0/data/ratis/1ae5e3ab-7af9-451f-aa8b-3654f5ae994c was interrupted, exiting. There are 0 tasks remaining in the queue.
2019-07-16 14:41:34,237 INFO  segmented.SegmentedRaftLogWorker (SegmentedRaftLogWorker.java:close(228)) - e17100c6-a9d6-495c-98e3-7141b4c20b73-SegmentedRaftLogWorker:Storage Directory /workdir/hadoop-ozone/integration-test/target/test-dir/MiniOzoneClusterImpl-654f8f73-ed3e-46e1-aeb9-b0ce3cfc6d3c/datanode-0/data/ratis/1ae5e3ab-7af9-451f-aa8b-3654f5ae994c close()
2019-07-16 14:41:34,241 INFO  server.GrpcService (GrpcService.java:closeImpl(155)) - e17100c6-a9d6-495c-98e3-7141b4c20b73: shutdown server with port 41803 now
2019-07-16 14:41:34,245 INFO  server.GrpcService (GrpcService.java:closeImpl(163)) - e17100c6-a9d6-495c-98e3-7141b4c20b73: shutdown server with port 41803 successfully
2019-07-16 14:41:34,245 WARN  server.GrpcServerProtocolService (LogUtils.java:warn(134)) - e17100c6-a9d6-495c-98e3-7141b4c20b73: appendEntries onError: org.apache.ratis.thirdparty.io.grpc.StatusRuntimeException: CANCELLED: cancelled before receiving half close
2019-07-16 14:41:34,255 WARN  server.GrpcLogAppender (LogUtils.java:warn(134)) - 2af975a7-b39b-42b5-9d45-cc1628e24ae8->e17100c6-a9d6-495c-98e3-7141b4c20b73: Failed appendEntries: org.apache.ratis.thirdparty.io.grpc.StatusRuntimeException: CANCELLED: HTTP/2 error code: CANCEL
Received Rst Stream
2019-07-16 14:41:34,257 INFO  impl.FollowerInfo (FollowerInfo.java:lambda$new$0(50)) - 2af975a7-b39b-42b5-9d45-cc1628e24ae8->e17100c6-a9d6-495c-98e3-7141b4c20b73: nextIndex: updateUnconditionally 5 -> 4
2019-07-16 14:41:34,263 WARN  fs.CachingGetSpaceUsed (CachingGetSpaceUsed.java:run(183)) - Thread Interrupted waiting to refresh disk information: sleep interrupted
2019-07-16 14:41:34,281 INFO  statemachine.DatanodeStateMachine (DatanodeStateMachine.java:stopDaemon(395)) - Ozone container server stopped.
2019-07-16 14:41:34,282 INFO  handler.ContextHandler (ContextHandler.java:doStop(910)) - Stopped o.e.j.w.WebAppContext@48840594{/,null,UNAVAILABLE}{/hddsDatanode}
2019-07-16 14:41:34,283 INFO  server.AbstractConnector (AbstractConnector.java:doStop(318)) - Stopped ServerConnector@49c675f0{HTTP/1.1,[http/1.1]}{0.0.0.0:0}
2019-07-16 14:41:34,283 INFO  handler.ContextHandler (ContextHandler.java:doStop(910)) - Stopped o.e.j.s.ServletContextHandler@4edef76c{/static,jar:file:/home/user/.m2/repository/org/apache/hadoop/hadoop-hdds-container-service/0.4.1-SNAPSHOT/hadoop-hdds-container-service-0.4.1-SNAPSHOT.jar!/webapps/static,UNAVAILABLE}
2019-07-16 14:41:34,284 INFO  handler.ContextHandler (ContextHandler.java:doStop(910)) - Stopped o.e.j.s.ServletContextHandler@720bf653{/logs,file:///workdir/hadoop-ozone/integration-test/target/log,UNAVAILABLE}
2019-07-16 14:41:34,285 INFO  datanode.ObjectStoreHandler (ObjectStoreHandler.java:close(155)) - Closing ObjectStoreHandler.
2019-07-16 14:41:34,285 INFO  ozone.HddsDatanodeService (HddsDatanodeService.java:stop(452)) - Stopped plug-in org.apache.hadoop.ozone.web.OzoneHddsDatanodeService@5927f904
2019-07-16 14:41:34,285 INFO  statemachine.DatanodeStateMachine (DatanodeStateMachine.java:lambda$startDaemon$0(350)) - Ozone container server started.
2019-07-16 14:41:34,286 INFO  ozoneimpl.OzoneContainer (OzoneContainer.java:stop(199)) - Attempting to stop container services.
2019-07-16 14:41:34,286 INFO  impl.RaftServerProxy (RaftServerProxy.java:lambda$close$4(314)) - 6e57c38f-761a-40e0-8ec9-fd0c09b9b830: close
2019-07-16 14:41:34,286 INFO  impl.RaftServerImpl (RaftServerImpl.java:lambda$shutdown$3(245)) - 6e57c38f-761a-40e0-8ec9-fd0c09b9b830: shutdown group-680B078665B1
2019-07-16 14:41:34,286 INFO  util.JmxRegister (JmxRegister.java:unregister(73)) - Successfully un-registered JMX Bean with object name Ratis:service=RaftServer,group=group-680B078665B1,id=6e57c38f-761a-40e0-8ec9-fd0c09b9b830
2019-07-16 14:41:34,287 INFO  impl.RoleInfo (RoleInfo.java:shutdownLeaderState(104)) - 6e57c38f-761a-40e0-8ec9-fd0c09b9b830: shutdown LeaderState
2019-07-16 14:41:34,287 INFO  impl.PendingRequests (PendingRequests.java:sendNotLeaderResponses(202)) - 6e57c38f-761a-40e0-8ec9-fd0c09b9b830-PendingRequests: sendNotLeaderResponses
2019-07-16 14:41:34,287 INFO  impl.StateMachineUpdater (StateMachineUpdater.java:stopAndJoin(115)) - StateMachineUpdater:6e57c38f-761a-40e0-8ec9-fd0c09b9b830:group-680B078665B1: set stopIndex = 0
2019-07-16 14:41:34,288 INFO  impl.RaftServerImpl (ServerState.java:close(394)) - 6e57c38f-761a-40e0-8ec9-fd0c09b9b830:group-680B078665B1 closes. The last applied log index is 0
2019-07-16 14:41:34,288 INFO  segmented.SegmentedRaftLogWorker (SegmentedRaftLogWorker.java:run(313)) - 6e57c38f-761a-40e0-8ec9-fd0c09b9b830-SegmentedRaftLogWorker:Storage Directory /workdir/hadoop-ozone/integration-test/target/test-dir/MiniOzoneClusterImpl-654f8f73-ed3e-46e1-aeb9-b0ce3cfc6d3c/datanode-1/data/ratis/8e2d04ac-8880-4805-ab17-680b078665b1 was interrupted, exiting. There are 0 tasks remaining in the queue.
2019-07-16 14:41:34,290 INFO  segmented.SegmentedRaftLogWorker (SegmentedRaftLogWorker.java:close(228)) - 6e57c38f-761a-40e0-8ec9-fd0c09b9b830-SegmentedRaftLogWorker:Storage Directory /workdir/hadoop-ozone/integration-test/target/test-dir/MiniOzoneClusterImpl-654f8f73-ed3e-46e1-aeb9-b0ce3cfc6d3c/datanode-1/data/ratis/8e2d04ac-8880-4805-ab17-680b078665b1 close()
2019-07-16 14:41:34,292 INFO  server.GrpcService (GrpcService.java:closeImpl(155)) - 6e57c38f-761a-40e0-8ec9-fd0c09b9b830: shutdown server with port 34421 now
2019-07-16 14:41:34,294 INFO  server.GrpcService (GrpcService.java:closeImpl(163)) - 6e57c38f-761a-40e0-8ec9-fd0c09b9b830: shutdown server with port 34421 successfully
2019-07-16 14:41:34,304 WARN  fs.CachingGetSpaceUsed (CachingGetSpaceUsed.java:run(183)) - Thread Interrupted waiting to refresh disk information: sleep interrupted
2019-07-16 14:41:34,318 INFO  statemachine.DatanodeStateMachine (DatanodeStateMachine.java:stopDaemon(395)) - Ozone container server stopped.
2019-07-16 14:41:34,319 INFO  handler.ContextHandler (ContextHandler.java:doStop(910)) - Stopped o.e.j.w.WebAppContext@787e4357{/,null,UNAVAILABLE}{/hddsDatanode}
2019-07-16 14:41:34,320 INFO  server.AbstractConnector (AbstractConnector.java:doStop(318)) - Stopped ServerConnector@392781e{HTTP/1.1,[http/1.1]}{0.0.0.0:0}
2019-07-16 14:41:34,321 INFO  handler.ContextHandler (ContextHandler.java:doStop(910)) - Stopped o.e.j.s.ServletContextHandler@7f3ca64a{/static,jar:file:/home/user/.m2/repository/org/apache/hadoop/hadoop-hdds-container-service/0.4.1-SNAPSHOT/hadoop-hdds-container-service-0.4.1-SNAPSHOT.jar!/webapps/static,UNAVAILABLE}
2019-07-16 14:41:34,321 INFO  handler.ContextHandler (ContextHandler.java:doStop(910)) - Stopped o.e.j.s.ServletContextHandler@61191222{/logs,file:///workdir/hadoop-ozone/integration-test/target/log,UNAVAILABLE}
2019-07-16 14:41:34,323 INFO  datanode.ObjectStoreHandler (ObjectStoreHandler.java:close(155)) - Closing ObjectStoreHandler.
2019-07-16 14:41:34,323 INFO  ozone.HddsDatanodeService (HddsDatanodeService.java:stop(452)) - Stopped plug-in org.apache.hadoop.ozone.web.OzoneHddsDatanodeService@b5ac0c1
2019-07-16 14:41:34,324 INFO  statemachine.DatanodeStateMachine (DatanodeStateMachine.java:lambda$startDaemon$0(350)) - Ozone container server started.
2019-07-16 14:41:34,324 INFO  ozoneimpl.OzoneContainer (OzoneContainer.java:stop(199)) - Attempting to stop container services.
2019-07-16 14:41:34,324 INFO  impl.RaftServerProxy (RaftServerProxy.java:lambda$close$4(314)) - 2af975a7-b39b-42b5-9d45-cc1628e24ae8: close
2019-07-16 14:41:34,324 INFO  impl.RaftServerImpl (RaftServerImpl.java:lambda$shutdown$3(245)) - 2af975a7-b39b-42b5-9d45-cc1628e24ae8: shutdown group-92320F0AB8BE
2019-07-16 14:41:34,324 INFO  util.JmxRegister (JmxRegister.java:unregister(73)) - Successfully un-registered JMX Bean with object name Ratis:service=RaftServer,group=group-92320F0AB8BE,id=2af975a7-b39b-42b5-9d45-cc1628e24ae8
2019-07-16 14:41:34,325 INFO  impl.RoleInfo (RoleInfo.java:shutdownLeaderState(104)) - 2af975a7-b39b-42b5-9d45-cc1628e24ae8: shutdown LeaderState
2019-07-16 14:41:34,325 INFO  impl.PendingRequests (PendingRequests.java:sendNotLeaderResponses(202)) - 2af975a7-b39b-42b5-9d45-cc1628e24ae8-PendingRequests: sendNotLeaderResponses
2019-07-16 14:41:34,325 INFO  impl.StateMachineUpdater (StateMachineUpdater.java:stopAndJoin(115)) - StateMachineUpdater:2af975a7-b39b-42b5-9d45-cc1628e24ae8:group-92320F0AB8BE: set stopIndex = 0
2019-07-16 14:41:34,326 INFO  impl.RaftServerImpl (ServerState.java:close(394)) - 2af975a7-b39b-42b5-9d45-cc1628e24ae8:group-92320F0AB8BE closes. The last applied log index is 0
2019-07-16 14:41:34,326 INFO  segmented.SegmentedRaftLogWorker (SegmentedRaftLogWorker.java:run(313)) - 2af975a7-b39b-42b5-9d45-cc1628e24ae8-SegmentedRaftLogWorker:Storage Directory /workdir/hadoop-ozone/integration-test/target/test-dir/MiniOzoneClusterImpl-654f8f73-ed3e-46e1-aeb9-b0ce3cfc6d3c/datanode-2/data/ratis/bdd1a733-70d4-4417-be06-92320f0ab8be was interrupted, exiting. There are 0 tasks remaining in the queue.
2019-07-16 14:41:34,327 INFO  segmented.SegmentedRaftLogWorker (SegmentedRaftLogWorker.java:close(228)) - 2af975a7-b39b-42b5-9d45-cc1628e24ae8-SegmentedRaftLogWorker:Storage Directory /workdir/hadoop-ozone/integration-test/target/test-dir/MiniOzoneClusterImpl-654f8f73-ed3e-46e1-aeb9-b0ce3cfc6d3c/datanode-2/data/ratis/bdd1a733-70d4-4417-be06-92320f0ab8be close()
2019-07-16 14:41:34,330 INFO  impl.RaftServerImpl (RaftServerImpl.java:lambda$shutdown$3(245)) - 2af975a7-b39b-42b5-9d45-cc1628e24ae8: shutdown group-3654F5AE994C
2019-07-16 14:41:34,330 INFO  util.JmxRegister (JmxRegister.java:unregister(73)) - Successfully un-registered JMX Bean with object name Ratis:service=RaftServer,group=group-3654F5AE994C,id=2af975a7-b39b-42b5-9d45-cc1628e24ae8
2019-07-16 14:41:34,330 INFO  impl.RoleInfo (RoleInfo.java:shutdownLeaderState(104)) - 2af975a7-b39b-42b5-9d45-cc1628e24ae8: shutdown LeaderState
2019-07-16 14:41:34,332 WARN  server.GrpcLogAppender (GrpcLogAppender.java:mayWait(143)) - GrpcLogAppender(2af975a7-b39b-42b5-9d45-cc1628e24ae8->e17100c6-a9d6-495c-98e3-7141b4c20b73): Wait interrupted by java.lang.InterruptedException
2019-07-16 14:41:34,332 WARN  server.GrpcLogAppender (GrpcLogAppender.java:mayWait(143)) - GrpcLogAppender(2af975a7-b39b-42b5-9d45-cc1628e24ae8->46909a66-9671-4184-a7a9-99686a76f5e8): Wait interrupted by java.lang.InterruptedException
2019-07-16 14:41:34,332 INFO  impl.PendingRequests (PendingRequests.java:sendNotLeaderResponses(202)) - 2af975a7-b39b-42b5-9d45-cc1628e24ae8-PendingRequests: sendNotLeaderResponses
2019-07-16 14:41:34,338 INFO  impl.StateMachineUpdater (StateMachineUpdater.java:stopAndJoin(115)) - StateMachineUpdater:2af975a7-b39b-42b5-9d45-cc1628e24ae8:group-3654F5AE994C: set stopIndex = 4
2019-07-16 14:41:34,338 INFO  ratis.ContainerStateMachine (ContainerStateMachine.java:takeSnapshot(248)) - group-3654F5AE994C: Taking a snapshot at:(t:1, i:4) file /workdir/hadoop-ozone/integration-test/target/test-dir/MiniOzoneClusterImpl-654f8f73-ed3e-46e1-aeb9-b0ce3cfc6d3c/datanode-2/data/ratis/1ae5e3ab-7af9-451f-aa8b-3654f5ae994c/sm/snapshot.1_4
2019-07-16 14:41:34,340 INFO  server.GrpcServerProtocolService (GrpcServerProtocolService.java:onCompleted(104)) - 46909a66-9671-4184-a7a9-99686a76f5e8: appendEntries completed
2019-07-16 14:41:34,340 INFO  ratis.ContainerStateMachine (ContainerStateMachine.java:takeSnapshot(256)) - group-3654F5AE994C: Finished taking a snapshot at:(t:1, i:4) file:/workdir/hadoop-ozone/integration-test/target/test-dir/MiniOzoneClusterImpl-654f8f73-ed3e-46e1-aeb9-b0ce3cfc6d3c/datanode-2/data/ratis/1ae5e3ab-7af9-451f-aa8b-3654f5ae994c/sm/snapshot.1_4 time:2
2019-07-16 14:41:34,340 INFO  impl.StateMachineUpdater (StateMachineUpdater.java:takeSnapshot(242)) - StateMachineUpdater:2af975a7-b39b-42b5-9d45-cc1628e24ae8:group-3654F5AE994C: Took a snapshot at index 4
2019-07-16 14:41:34,340 INFO  impl.StateMachineUpdater (StateMachineUpdater.java:lambda$new$0(80)) - StateMachineUpdater:2af975a7-b39b-42b5-9d45-cc1628e24ae8:group-3654F5AE994C: snapshotIndex: updateIncreasingly -1 -> 4
2019-07-16 14:41:34,340 INFO  server.GrpcLogAppender (GrpcLogAppender.java:onCompleted(292)) - 2af975a7-b39b-42b5-9d45-cc1628e24ae8->46909a66-9671-4184-a7a9-99686a76f5e8: follower responses appendEntries COMPLETED
2019-07-16 14:41:34,341 INFO  impl.RaftServerImpl (ServerState.java:close(394)) - 2af975a7-b39b-42b5-9d45-cc1628e24ae8:group-3654F5AE994C closes. The last applied log index is 4
2019-07-16 14:41:34,342 INFO  impl.FollowerInfo (FollowerInfo.java:lambda$new$0(50)) - 2af975a7-b39b-42b5-9d45-cc1628e24ae8->46909a66-9671-4184-a7a9-99686a76f5e8: nextIndex: updateUnconditionally 5 -> 4
2019-07-16 14:41:34,342 INFO  segmented.SegmentedRaftLogWorker (SegmentedRaftLogWorker.java:run(313)) - 2af975a7-b39b-42b5-9d45-cc1628e24ae8-SegmentedRaftLogWorker:Storage Directory /workdir/hadoop-ozone/integration-test/target/test-dir/MiniOzoneClusterImpl-654f8f73-ed3e-46e1-aeb9-b0ce3cfc6d3c/datanode-2/data/ratis/1ae5e3ab-7af9-451f-aa8b-3654f5ae994c was interrupted, exiting. There are 0 tasks remaining in the queue.
2019-07-16 14:41:34,343 INFO  segmented.SegmentedRaftLogWorker (SegmentedRaftLogWorker.java:close(228)) - 2af975a7-b39b-42b5-9d45-cc1628e24ae8-SegmentedRaftLogWorker:Storage Directory /workdir/hadoop-ozone/integration-test/target/test-dir/MiniOzoneClusterImpl-654f8f73-ed3e-46e1-aeb9-b0ce3cfc6d3c/datanode-2/data/ratis/1ae5e3ab-7af9-451f-aa8b-3654f5ae994c close()
2019-07-16 14:41:34,346 INFO  server.GrpcService (GrpcService.java:closeImpl(155)) - 2af975a7-b39b-42b5-9d45-cc1628e24ae8: shutdown server with port 46376 now
2019-07-16 14:41:34,346 INFO  server.GrpcService (GrpcService.java:closeImpl(163)) - 2af975a7-b39b-42b5-9d45-cc1628e24ae8: shutdown server with port 46376 successfully
2019-07-16 14:41:34,355 WARN  fs.CachingGetSpaceUsed (CachingGetSpaceUsed.java:run(183)) - Thread Interrupted waiting to refresh disk information: sleep interrupted
2019-07-16 14:41:34,365 ERROR statemachine.EndpointStateMachine (EndpointStateMachine.java:logIfNeeded(204)) - Unable to communicate to SCM server at 0.0.0.0:44046 for past 0 seconds.
java.io.EOFException: End of File Exception between local host is: "byscane-nightly-ppzk5-1864156943/192.168.5.141"; destination host is: "0.0.0.0":44046; : java.io.EOFException; For more details see:  http://wiki.apache.org/hadoop/EOFException
	at sun.reflect.NativeConstructorAccessorImpl.newInstance0(Native Method)
	at sun.reflect.NativeConstructorAccessorImpl.newInstance(NativeConstructorAccessorImpl.java:62)
	at sun.reflect.DelegatingConstructorAccessorImpl.newInstance(DelegatingConstructorAccessorImpl.java:45)
	at java.lang.reflect.Constructor.newInstance(Constructor.java:423)
	at org.apache.hadoop.net.NetUtils.wrapWithMessage(NetUtils.java:831)
	at org.apache.hadoop.net.NetUtils.wrapException(NetUtils.java:789)
	at org.apache.hadoop.ipc.Client.getRpcResponse(Client.java:1515)
	at org.apache.hadoop.ipc.Client.call(Client.java:1457)
	at org.apache.hadoop.ipc.Client.call(Client.java:1367)
	at org.apache.hadoop.ipc.ProtobufRpcEngine$Invoker.invoke(ProtobufRpcEngine.java:228)
	at org.apache.hadoop.ipc.ProtobufRpcEngine$Invoker.invoke(ProtobufRpcEngine.java:116)
	at com.sun.proxy.$Proxy84.sendHeartbeat(Unknown Source)
	at org.apache.hadoop.ozone.protocolPB.StorageContainerDatanodeProtocolClientSideTranslatorPB.sendHeartbeat(StorageContainerDatanodeProtocolClientSideTranslatorPB.java:131)
	at org.apache.hadoop.ozone.container.common.states.endpoint.HeartbeatEndpointTask.call(HeartbeatEndpointTask.java:139)
	at org.apache.hadoop.ozone.container.common.states.endpoint.HeartbeatEndpointTask.call(HeartbeatEndpointTask.java:74)
	at java.util.concurrent.FutureTask.run(FutureTask.java:266)
	at java.util.concurrent.Executors$RunnableAdapter.call(Executors.java:511)
	at java.util.concurrent.FutureTask.run(FutureTask.java:266)
	at java.util.concurrent.ThreadPoolExecutor.runWorker(ThreadPoolExecutor.java:1149)
	at java.util.concurrent.ThreadPoolExecutor$Worker.run(ThreadPoolExecutor.java:624)
	at java.lang.Thread.run(Thread.java:748)
Caused by: java.io.EOFException
	at java.io.DataInputStream.readInt(DataInputStream.java:392)
	at org.apache.hadoop.ipc.Client$IpcStreams.readResponse(Client.java:1816)
	at org.apache.hadoop.ipc.Client$Connection.receiveRpcResponse(Client.java:1173)
	at org.apache.hadoop.ipc.Client$Connection.run(Client.java:1069)
2019-07-16 14:41:34,371 INFO  statemachine.DatanodeStateMachine (DatanodeStateMachine.java:stopDaemon(395)) - Ozone container server stopped.
2019-07-16 14:41:34,372 INFO  handler.ContextHandler (ContextHandler.java:doStop(910)) - Stopped o.e.j.w.WebAppContext@421d54b3{/,null,UNAVAILABLE}{/hddsDatanode}
2019-07-16 14:41:34,373 INFO  server.AbstractConnector (AbstractConnector.java:doStop(318)) - Stopped ServerConnector@63f40ca0{HTTP/1.1,[http/1.1]}{0.0.0.0:0}
2019-07-16 14:41:34,373 INFO  handler.ContextHandler (ContextHandler.java:doStop(910)) - Stopped o.e.j.s.ServletContextHandler@1ac730cd{/static,jar:file:/home/user/.m2/repository/org/apache/hadoop/hadoop-hdds-container-service/0.4.1-SNAPSHOT/hadoop-hdds-container-service-0.4.1-SNAPSHOT.jar!/webapps/static,UNAVAILABLE}
2019-07-16 14:41:34,373 INFO  handler.ContextHandler (ContextHandler.java:doStop(910)) - Stopped o.e.j.s.ServletContextHandler@553d2579{/logs,file:///workdir/hadoop-ozone/integration-test/target/log,UNAVAILABLE}
2019-07-16 14:41:34,374 INFO  datanode.ObjectStoreHandler (ObjectStoreHandler.java:close(155)) - Closing ObjectStoreHandler.
2019-07-16 14:41:34,375 INFO  ozone.HddsDatanodeService (HddsDatanodeService.java:stop(452)) - Stopped plug-in org.apache.hadoop.ozone.web.OzoneHddsDatanodeService@7c588adc
2019-07-16 14:41:34,375 INFO  statemachine.DatanodeStateMachine (DatanodeStateMachine.java:lambda$startDaemon$0(350)) - Ozone container server started.
2019-07-16 14:41:34,375 INFO  ozoneimpl.OzoneContainer (OzoneContainer.java:stop(199)) - Attempting to stop container services.
2019-07-16 14:41:34,375 INFO  impl.RaftServerProxy (RaftServerProxy.java:lambda$close$4(314)) - 46909a66-9671-4184-a7a9-99686a76f5e8: close
2019-07-16 14:41:34,376 INFO  impl.RaftServerImpl (RaftServerImpl.java:lambda$shutdown$3(245)) - 46909a66-9671-4184-a7a9-99686a76f5e8: shutdown group-3654F5AE994C
2019-07-16 14:41:34,376 INFO  impl.RaftServerImpl (RaftServerImpl.java:lambda$shutdown$3(245)) - 46909a66-9671-4184-a7a9-99686a76f5e8: shutdown group-0AE163A3B348
2019-07-16 14:41:34,376 INFO  util.JmxRegister (JmxRegister.java:unregister(73)) - Successfully un-registered JMX Bean with object name Ratis:service=RaftServer,group=group-3654F5AE994C,id=46909a66-9671-4184-a7a9-99686a76f5e8
2019-07-16 14:41:34,376 INFO  util.JmxRegister (JmxRegister.java:unregister(73)) - Successfully un-registered JMX Bean with object name Ratis:service=RaftServer,group=group-0AE163A3B348,id=46909a66-9671-4184-a7a9-99686a76f5e8
2019-07-16 14:41:34,376 INFO  impl.RoleInfo (RoleInfo.java:shutdownFollowerState(121)) - 46909a66-9671-4184-a7a9-99686a76f5e8: shutdown FollowerState
2019-07-16 14:41:34,377 INFO  impl.RoleInfo (RoleInfo.java:shutdownLeaderState(104)) - 46909a66-9671-4184-a7a9-99686a76f5e8: shutdown LeaderState
2019-07-16 14:41:34,377 INFO  ratis.ContainerStateMachine (ContainerStateMachine.java:takeSnapshot(248)) - group-3654F5AE994C: Taking a snapshot at:(t:1, i:3) file /workdir/hadoop-ozone/integration-test/target/test-dir/MiniOzoneClusterImpl-654f8f73-ed3e-46e1-aeb9-b0ce3cfc6d3c/datanode-3/data/ratis/1ae5e3ab-7af9-451f-aa8b-3654f5ae994c/sm/snapshot.1_3
2019-07-16 14:41:34,377 INFO  impl.FollowerState (FollowerState.java:run(114)) - 46909a66-9671-4184-a7a9-99686a76f5e8: FollowerState was interrupted: java.lang.InterruptedException: sleep interrupted
2019-07-16 14:41:34,377 INFO  impl.StateMachineUpdater (StateMachineUpdater.java:stopAndJoin(115)) - StateMachineUpdater:46909a66-9671-4184-a7a9-99686a76f5e8:group-3654F5AE994C: set stopIndex = 3
2019-07-16 14:41:34,382 INFO  ratis.ContainerStateMachine (ContainerStateMachine.java:takeSnapshot(256)) - group-3654F5AE994C: Finished taking a snapshot at:(t:1, i:3) file:/workdir/hadoop-ozone/integration-test/target/test-dir/MiniOzoneClusterImpl-654f8f73-ed3e-46e1-aeb9-b0ce3cfc6d3c/datanode-3/data/ratis/1ae5e3ab-7af9-451f-aa8b-3654f5ae994c/sm/snapshot.1_3 time:5
2019-07-16 14:41:34,377 INFO  impl.PendingRequests (PendingRequests.java:sendNotLeaderResponses(202)) - 46909a66-9671-4184-a7a9-99686a76f5e8-PendingRequests: sendNotLeaderResponses
2019-07-16 14:41:34,383 INFO  impl.StateMachineUpdater (StateMachineUpdater.java:takeSnapshot(242)) - StateMachineUpdater:46909a66-9671-4184-a7a9-99686a76f5e8:group-3654F5AE994C: Took a snapshot at index 3
2019-07-16 14:41:34,383 INFO  impl.StateMachineUpdater (StateMachineUpdater.java:stopAndJoin(115)) - StateMachineUpdater:46909a66-9671-4184-a7a9-99686a76f5e8:group-0AE163A3B348: set stopIndex = 0
2019-07-16 14:41:34,383 INFO  impl.StateMachineUpdater (StateMachineUpdater.java:lambda$new$0(80)) - StateMachineUpdater:46909a66-9671-4184-a7a9-99686a76f5e8:group-3654F5AE994C: snapshotIndex: updateIncreasingly -1 -> 3
2019-07-16 14:41:34,383 INFO  impl.RaftServerImpl (ServerState.java:close(394)) - 46909a66-9671-4184-a7a9-99686a76f5e8:group-0AE163A3B348 closes. The last applied log index is 0
2019-07-16 14:41:34,384 INFO  impl.RaftServerImpl (ServerState.java:close(394)) - 46909a66-9671-4184-a7a9-99686a76f5e8:group-3654F5AE994C closes. The last applied log index is 3
2019-07-16 14:41:34,384 INFO  segmented.SegmentedRaftLogWorker (SegmentedRaftLogWorker.java:run(313)) - 46909a66-9671-4184-a7a9-99686a76f5e8-SegmentedRaftLogWorker:Storage Directory /workdir/hadoop-ozone/integration-test/target/test-dir/MiniOzoneClusterImpl-654f8f73-ed3e-46e1-aeb9-b0ce3cfc6d3c/datanode-3/data/ratis/b5970bb9-2f46-4e6e-97e3-0ae163a3b348 was interrupted, exiting. There are 0 tasks remaining in the queue.
2019-07-16 14:41:34,384 INFO  segmented.SegmentedRaftLogWorker (SegmentedRaftLogWorker.java:run(313)) - 46909a66-9671-4184-a7a9-99686a76f5e8-SegmentedRaftLogWorker:Storage Directory /workdir/hadoop-ozone/integration-test/target/test-dir/MiniOzoneClusterImpl-654f8f73-ed3e-46e1-aeb9-b0ce3cfc6d3c/datanode-3/data/ratis/1ae5e3ab-7af9-451f-aa8b-3654f5ae994c was interrupted, exiting. There are 0 tasks remaining in the queue.
2019-07-16 14:41:34,386 INFO  segmented.SegmentedRaftLogWorker (SegmentedRaftLogWorker.java:close(228)) - 46909a66-9671-4184-a7a9-99686a76f5e8-SegmentedRaftLogWorker:Storage Directory /workdir/hadoop-ozone/integration-test/target/test-dir/MiniOzoneClusterImpl-654f8f73-ed3e-46e1-aeb9-b0ce3cfc6d3c/datanode-3/data/ratis/b5970bb9-2f46-4e6e-97e3-0ae163a3b348 close()
2019-07-16 14:41:34,386 INFO  segmented.SegmentedRaftLogWorker (SegmentedRaftLogWorker.java:close(228)) - 46909a66-9671-4184-a7a9-99686a76f5e8-SegmentedRaftLogWorker:Storage Directory /workdir/hadoop-ozone/integration-test/target/test-dir/MiniOzoneClusterImpl-654f8f73-ed3e-46e1-aeb9-b0ce3cfc6d3c/datanode-3/data/ratis/1ae5e3ab-7af9-451f-aa8b-3654f5ae994c close()
2019-07-16 14:41:34,391 INFO  server.GrpcService (GrpcService.java:closeImpl(155)) - 46909a66-9671-4184-a7a9-99686a76f5e8: shutdown server with port 39464 now
2019-07-16 14:41:34,393 INFO  server.GrpcService (GrpcService.java:closeImpl(163)) - 46909a66-9671-4184-a7a9-99686a76f5e8: shutdown server with port 39464 successfully
2019-07-16 14:41:34,403 WARN  fs.CachingGetSpaceUsed (CachingGetSpaceUsed.java:run(183)) - Thread Interrupted waiting to refresh disk information: sleep interrupted
2019-07-16 14:41:34,417 INFO  statemachine.DatanodeStateMachine (DatanodeStateMachine.java:stopDaemon(395)) - Ozone container server stopped.
2019-07-16 14:41:34,418 INFO  handler.ContextHandler (ContextHandler.java:doStop(910)) - Stopped o.e.j.w.WebAppContext@fbe70d8{/,null,UNAVAILABLE}{/hddsDatanode}
2019-07-16 14:41:34,419 INFO  server.AbstractConnector (AbstractConnector.java:doStop(318)) - Stopped ServerConnector@64021427{HTTP/1.1,[http/1.1]}{0.0.0.0:0}
2019-07-16 14:41:34,419 INFO  handler.ContextHandler (ContextHandler.java:doStop(910)) - Stopped o.e.j.s.ServletContextHandler@28a6e171{/static,jar:file:/home/user/.m2/repository/org/apache/hadoop/hadoop-hdds-container-service/0.4.1-SNAPSHOT/hadoop-hdds-container-service-0.4.1-SNAPSHOT.jar!/webapps/static,UNAVAILABLE}
2019-07-16 14:41:34,420 INFO  handler.ContextHandler (ContextHandler.java:doStop(910)) - Stopped o.e.j.s.ServletContextHandler@77cca767{/logs,file:///workdir/hadoop-ozone/integration-test/target/log,UNAVAILABLE}
2019-07-16 14:41:34,421 INFO  datanode.ObjectStoreHandler (ObjectStoreHandler.java:close(155)) - Closing ObjectStoreHandler.
2019-07-16 14:41:34,422 INFO  ozone.HddsDatanodeService (HddsDatanodeService.java:stop(452)) - Stopped plug-in org.apache.hadoop.ozone.web.OzoneHddsDatanodeService@2e952845
2019-07-16 14:41:34,422 INFO  statemachine.DatanodeStateMachine (DatanodeStateMachine.java:lambda$startDaemon$0(350)) - Ozone container server started.
2019-07-16 14:41:34,422 INFO  ozoneimpl.OzoneContainer (OzoneContainer.java:stop(199)) - Attempting to stop container services.
2019-07-16 14:41:34,422 INFO  impl.RaftServerProxy (RaftServerProxy.java:lambda$close$4(314)) - c74f5942-f647-4ad8-aff9-d480222fb421: close
2019-07-16 14:41:34,422 INFO  impl.RaftServerImpl (RaftServerImpl.java:lambda$shutdown$3(245)) - c74f5942-f647-4ad8-aff9-d480222fb421: shutdown group-A4B8A5270277
2019-07-16 14:41:34,423 INFO  impl.RaftServerImpl (RaftServerImpl.java:lambda$shutdown$3(245)) - c74f5942-f647-4ad8-aff9-d480222fb421: shutdown group-96EB6D5D9C62
2019-07-16 14:41:34,423 INFO  util.JmxRegister (JmxRegister.java:unregister(73)) - Successfully un-registered JMX Bean with object name Ratis:service=RaftServer,group=group-A4B8A5270277,id=c74f5942-f647-4ad8-aff9-d480222fb421
2019-07-16 14:41:34,423 INFO  util.JmxRegister (JmxRegister.java:unregister(73)) - Successfully un-registered JMX Bean with object name Ratis:service=RaftServer,group=group-96EB6D5D9C62,id=c74f5942-f647-4ad8-aff9-d480222fb421
2019-07-16 14:41:34,423 INFO  impl.RoleInfo (RoleInfo.java:shutdownLeaderState(104)) - c74f5942-f647-4ad8-aff9-d480222fb421: shutdown LeaderState
2019-07-16 14:41:34,423 INFO  impl.RoleInfo (RoleInfo.java:shutdownLeaderState(104)) - c74f5942-f647-4ad8-aff9-d480222fb421: shutdown LeaderState
2019-07-16 14:41:34,423 INFO  impl.PendingRequests (PendingRequests.java:sendNotLeaderResponses(202)) - c74f5942-f647-4ad8-aff9-d480222fb421-PendingRequests: sendNotLeaderResponses
2019-07-16 14:41:34,425 WARN  server.GrpcLogAppender (GrpcLogAppender.java:mayWait(143)) - GrpcLogAppender(c74f5942-f647-4ad8-aff9-d480222fb421->37bf539c-2315-4c32-a4e0-600708ac3028): Wait interrupted by java.lang.InterruptedException
2019-07-16 14:41:34,425 WARN  server.GrpcLogAppender (GrpcLogAppender.java:mayWait(143)) - GrpcLogAppender(c74f5942-f647-4ad8-aff9-d480222fb421->c16dce58-043d-4666-996b-a7f6e1d189b5): Wait interrupted by java.lang.InterruptedException
2019-07-16 14:41:34,425 INFO  impl.PendingRequests (PendingRequests.java:sendNotLeaderResponses(202)) - c74f5942-f647-4ad8-aff9-d480222fb421-PendingRequests: sendNotLeaderResponses
2019-07-16 14:41:34,425 INFO  impl.StateMachineUpdater (StateMachineUpdater.java:stopAndJoin(115)) - StateMachineUpdater:c74f5942-f647-4ad8-aff9-d480222fb421:group-A4B8A5270277: set stopIndex = 0
2019-07-16 14:41:34,426 INFO  impl.StateMachineUpdater (StateMachineUpdater.java:stopAndJoin(115)) - StateMachineUpdater:c74f5942-f647-4ad8-aff9-d480222fb421:group-96EB6D5D9C62: set stopIndex = 0
2019-07-16 14:41:34,426 INFO  impl.RaftServerImpl (ServerState.java:close(394)) - c74f5942-f647-4ad8-aff9-d480222fb421:group-A4B8A5270277 closes. The last applied log index is 0
2019-07-16 14:41:34,426 INFO  server.GrpcServerProtocolService (GrpcServerProtocolService.java:onCompleted(104)) - 37bf539c-2315-4c32-a4e0-600708ac3028: appendEntries completed
2019-07-16 14:41:34,426 INFO  server.GrpcServerProtocolService (GrpcServerProtocolService.java:onCompleted(104)) - c16dce58-043d-4666-996b-a7f6e1d189b5: appendEntries completed
2019-07-16 14:41:34,426 INFO  impl.RaftServerImpl (ServerState.java:close(394)) - c74f5942-f647-4ad8-aff9-d480222fb421:group-96EB6D5D9C62 closes. The last applied log index is 0
2019-07-16 14:41:34,426 INFO  segmented.SegmentedRaftLogWorker (SegmentedRaftLogWorker.java:run(313)) - c74f5942-f647-4ad8-aff9-d480222fb421-SegmentedRaftLogWorker:Storage Directory /workdir/hadoop-ozone/integration-test/target/test-dir/MiniOzoneClusterImpl-654f8f73-ed3e-46e1-aeb9-b0ce3cfc6d3c/datanode-4/data/ratis/9393167a-f21f-485d-a5a4-a4b8a5270277 was interrupted, exiting. There are 0 tasks remaining in the queue.
2019-07-16 14:41:34,427 INFO  segmented.SegmentedRaftLogWorker (SegmentedRaftLogWorker.java:run(313)) - c74f5942-f647-4ad8-aff9-d480222fb421-SegmentedRaftLogWorker:Storage Directory /workdir/hadoop-ozone/integration-test/target/test-dir/MiniOzoneClusterImpl-654f8f73-ed3e-46e1-aeb9-b0ce3cfc6d3c/datanode-4/data/ratis/c8b874a6-6e89-4a7a-9e12-96eb6d5d9c62 was interrupted, exiting. There are 0 tasks remaining in the queue.
2019-07-16 14:41:34,427 INFO  segmented.SegmentedRaftLogWorker (SegmentedRaftLogWorker.java:close(228)) - c74f5942-f647-4ad8-aff9-d480222fb421-SegmentedRaftLogWorker:Storage Directory /workdir/hadoop-ozone/integration-test/target/test-dir/MiniOzoneClusterImpl-654f8f73-ed3e-46e1-aeb9-b0ce3cfc6d3c/datanode-4/data/ratis/9393167a-f21f-485d-a5a4-a4b8a5270277 close()
2019-07-16 14:41:34,427 INFO  server.GrpcLogAppender (GrpcLogAppender.java:onCompleted(292)) - c74f5942-f647-4ad8-aff9-d480222fb421->37bf539c-2315-4c32-a4e0-600708ac3028: follower responses appendEntries COMPLETED
2019-07-16 14:41:34,427 INFO  server.GrpcLogAppender (GrpcLogAppender.java:onCompleted(292)) - c74f5942-f647-4ad8-aff9-d480222fb421->c16dce58-043d-4666-996b-a7f6e1d189b5: follower responses appendEntries COMPLETED
2019-07-16 14:41:34,429 INFO  impl.FollowerInfo (FollowerInfo.java:lambda$new$0(50)) - c74f5942-f647-4ad8-aff9-d480222fb421->37bf539c-2315-4c32-a4e0-600708ac3028: nextIndex: updateUnconditionally 1 -> 0
2019-07-16 14:41:34,430 INFO  impl.FollowerInfo (FollowerInfo.java:lambda$new$0(50)) - c74f5942-f647-4ad8-aff9-d480222fb421->c16dce58-043d-4666-996b-a7f6e1d189b5: nextIndex: updateUnconditionally 1 -> 0
2019-07-16 14:41:34,427 INFO  segmented.SegmentedRaftLogWorker (SegmentedRaftLogWorker.java:close(228)) - c74f5942-f647-4ad8-aff9-d480222fb421-SegmentedRaftLogWorker:Storage Directory /workdir/hadoop-ozone/integration-test/target/test-dir/MiniOzoneClusterImpl-654f8f73-ed3e-46e1-aeb9-b0ce3cfc6d3c/datanode-4/data/ratis/c8b874a6-6e89-4a7a-9e12-96eb6d5d9c62 close()
2019-07-16 14:41:34,431 INFO  server.GrpcService (GrpcService.java:closeImpl(155)) - c74f5942-f647-4ad8-aff9-d480222fb421: shutdown server with port 39418 now
2019-07-16 14:41:34,432 INFO  server.GrpcService (GrpcService.java:closeImpl(163)) - c74f5942-f647-4ad8-aff9-d480222fb421: shutdown server with port 39418 successfully
2019-07-16 14:41:34,434 WARN  fs.CachingGetSpaceUsed (CachingGetSpaceUsed.java:run(183)) - Thread Interrupted waiting to refresh disk information: sleep interrupted
2019-07-16 14:41:34,452 INFO  statemachine.DatanodeStateMachine (DatanodeStateMachine.java:stopDaemon(395)) - Ozone container server stopped.
2019-07-16 14:41:34,453 INFO  handler.ContextHandler (ContextHandler.java:doStop(910)) - Stopped o.e.j.w.WebAppContext@1a1c21b4{/,null,UNAVAILABLE}{/hddsDatanode}
2019-07-16 14:41:34,454 INFO  server.AbstractConnector (AbstractConnector.java:doStop(318)) - Stopped ServerConnector@1cd2ff5b{HTTP/1.1,[http/1.1]}{0.0.0.0:0}
2019-07-16 14:41:34,455 INFO  handler.ContextHandler (ContextHandler.java:doStop(910)) - Stopped o.e.j.s.ServletContextHandler@76396509{/static,jar:file:/home/user/.m2/repository/org/apache/hadoop/hadoop-hdds-container-service/0.4.1-SNAPSHOT/hadoop-hdds-container-service-0.4.1-SNAPSHOT.jar!/webapps/static,UNAVAILABLE}
2019-07-16 14:41:34,455 INFO  handler.ContextHandler (ContextHandler.java:doStop(910)) - Stopped o.e.j.s.ServletContextHandler@2ca3d826{/logs,file:///workdir/hadoop-ozone/integration-test/target/log,UNAVAILABLE}
2019-07-16 14:41:34,456 INFO  datanode.ObjectStoreHandler (ObjectStoreHandler.java:close(155)) - Closing ObjectStoreHandler.
2019-07-16 14:41:34,457 INFO  ozone.HddsDatanodeService (HddsDatanodeService.java:stop(452)) - Stopped plug-in org.apache.hadoop.ozone.web.OzoneHddsDatanodeService@6ddc67d0
2019-07-16 14:41:34,457 INFO  statemachine.DatanodeStateMachine (DatanodeStateMachine.java:lambda$startDaemon$0(350)) - Ozone container server started.
2019-07-16 14:41:34,457 INFO  ozoneimpl.OzoneContainer (OzoneContainer.java:stop(199)) - Attempting to stop container services.
2019-07-16 14:41:34,458 INFO  impl.RaftServerProxy (RaftServerProxy.java:lambda$close$4(314)) - c16dce58-043d-4666-996b-a7f6e1d189b5: close
2019-07-16 14:41:34,458 INFO  impl.RaftServerImpl (RaftServerImpl.java:lambda$shutdown$3(245)) - c16dce58-043d-4666-996b-a7f6e1d189b5: shutdown group-33F8199A2BC4
2019-07-16 14:41:34,458 INFO  impl.RaftServerImpl (RaftServerImpl.java:lambda$shutdown$3(245)) - c16dce58-043d-4666-996b-a7f6e1d189b5: shutdown group-96EB6D5D9C62
2019-07-16 14:41:34,458 INFO  util.JmxRegister (JmxRegister.java:unregister(73)) - Successfully un-registered JMX Bean with object name Ratis:service=RaftServer,group=group-33F8199A2BC4,id=c16dce58-043d-4666-996b-a7f6e1d189b5
2019-07-16 14:41:34,458 INFO  util.JmxRegister (JmxRegister.java:unregister(73)) - Successfully un-registered JMX Bean with object name Ratis:service=RaftServer,group=group-96EB6D5D9C62,id=c16dce58-043d-4666-996b-a7f6e1d189b5
2019-07-16 14:41:34,459 INFO  impl.RoleInfo (RoleInfo.java:shutdownLeaderState(104)) - c16dce58-043d-4666-996b-a7f6e1d189b5: shutdown LeaderState
2019-07-16 14:41:34,459 INFO  impl.RoleInfo (RoleInfo.java:shutdownFollowerState(121)) - c16dce58-043d-4666-996b-a7f6e1d189b5: shutdown FollowerState
2019-07-16 14:41:34,459 INFO  impl.PendingRequests (PendingRequests.java:sendNotLeaderResponses(202)) - c16dce58-043d-4666-996b-a7f6e1d189b5-PendingRequests: sendNotLeaderResponses
2019-07-16 14:41:34,459 INFO  impl.FollowerState (FollowerState.java:run(114)) - c16dce58-043d-4666-996b-a7f6e1d189b5: FollowerState was interrupted: java.lang.InterruptedException: sleep interrupted
2019-07-16 14:41:34,459 INFO  impl.StateMachineUpdater (StateMachineUpdater.java:stopAndJoin(115)) - StateMachineUpdater:c16dce58-043d-4666-996b-a7f6e1d189b5:group-96EB6D5D9C62: set stopIndex = 0
2019-07-16 14:41:34,460 INFO  impl.StateMachineUpdater (StateMachineUpdater.java:stopAndJoin(115)) - StateMachineUpdater:c16dce58-043d-4666-996b-a7f6e1d189b5:group-33F8199A2BC4: set stopIndex = 0
2019-07-16 14:41:34,460 INFO  impl.RaftServerImpl (ServerState.java:close(394)) - c16dce58-043d-4666-996b-a7f6e1d189b5:group-96EB6D5D9C62 closes. The last applied log index is 0
2019-07-16 14:41:34,460 INFO  impl.RaftServerImpl (ServerState.java:close(394)) - c16dce58-043d-4666-996b-a7f6e1d189b5:group-33F8199A2BC4 closes. The last applied log index is 0
2019-07-16 14:41:34,460 INFO  segmented.SegmentedRaftLogWorker (SegmentedRaftLogWorker.java:run(313)) - c16dce58-043d-4666-996b-a7f6e1d189b5-SegmentedRaftLogWorker:Storage Directory /workdir/hadoop-ozone/integration-test/target/test-dir/MiniOzoneClusterImpl-654f8f73-ed3e-46e1-aeb9-b0ce3cfc6d3c/datanode-5/data/ratis/c8b874a6-6e89-4a7a-9e12-96eb6d5d9c62 was interrupted, exiting. There are 0 tasks remaining in the queue.
2019-07-16 14:41:34,461 INFO  segmented.SegmentedRaftLogWorker (SegmentedRaftLogWorker.java:run(313)) - c16dce58-043d-4666-996b-a7f6e1d189b5-SegmentedRaftLogWorker:Storage Directory /workdir/hadoop-ozone/integration-test/target/test-dir/MiniOzoneClusterImpl-654f8f73-ed3e-46e1-aeb9-b0ce3cfc6d3c/datanode-5/data/ratis/f081c436-5c8e-4cd2-8c7b-33f8199a2bc4 was interrupted, exiting. There are 0 tasks remaining in the queue.
2019-07-16 14:41:34,461 INFO  segmented.SegmentedRaftLogWorker (SegmentedRaftLogWorker.java:close(228)) - c16dce58-043d-4666-996b-a7f6e1d189b5-SegmentedRaftLogWorker:Storage Directory /workdir/hadoop-ozone/integration-test/target/test-dir/MiniOzoneClusterImpl-654f8f73-ed3e-46e1-aeb9-b0ce3cfc6d3c/datanode-5/data/ratis/c8b874a6-6e89-4a7a-9e12-96eb6d5d9c62 close()
2019-07-16 14:41:34,461 INFO  segmented.SegmentedRaftLogWorker (SegmentedRaftLogWorker.java:close(228)) - c16dce58-043d-4666-996b-a7f6e1d189b5-SegmentedRaftLogWorker:Storage Directory /workdir/hadoop-ozone/integration-test/target/test-dir/MiniOzoneClusterImpl-654f8f73-ed3e-46e1-aeb9-b0ce3cfc6d3c/datanode-5/data/ratis/f081c436-5c8e-4cd2-8c7b-33f8199a2bc4 close()
2019-07-16 14:41:34,463 INFO  server.GrpcService (GrpcService.java:closeImpl(155)) - c16dce58-043d-4666-996b-a7f6e1d189b5: shutdown server with port 38994 now
2019-07-16 14:41:34,466 INFO  server.GrpcService (GrpcService.java:closeImpl(163)) - c16dce58-043d-4666-996b-a7f6e1d189b5: shutdown server with port 38994 successfully
2019-07-16 14:41:34,468 WARN  fs.CachingGetSpaceUsed (CachingGetSpaceUsed.java:run(183)) - Thread Interrupted waiting to refresh disk information: sleep interrupted
2019-07-16 14:41:34,482 INFO  statemachine.DatanodeStateMachine (DatanodeStateMachine.java:stopDaemon(395)) - Ozone container server stopped.
2019-07-16 14:41:34,482 INFO  handler.ContextHandler (ContextHandler.java:doStop(910)) - Stopped o.e.j.w.WebAppContext@3a40bb52{/,null,UNAVAILABLE}{/hddsDatanode}
2019-07-16 14:41:34,483 INFO  server.AbstractConnector (AbstractConnector.java:doStop(318)) - Stopped ServerConnector@3079c26a{HTTP/1.1,[http/1.1]}{0.0.0.0:0}
2019-07-16 14:41:34,484 INFO  handler.ContextHandler (ContextHandler.java:doStop(910)) - Stopped o.e.j.s.ServletContextHandler@2aea717c{/static,jar:file:/home/user/.m2/repository/org/apache/hadoop/hadoop-hdds-container-service/0.4.1-SNAPSHOT/hadoop-hdds-container-service-0.4.1-SNAPSHOT.jar!/webapps/static,UNAVAILABLE}
2019-07-16 14:41:34,484 INFO  handler.ContextHandler (ContextHandler.java:doStop(910)) - Stopped o.e.j.s.ServletContextHandler@224d86d2{/logs,file:///workdir/hadoop-ozone/integration-test/target/log,UNAVAILABLE}
2019-07-16 14:41:34,485 INFO  datanode.ObjectStoreHandler (ObjectStoreHandler.java:close(155)) - Closing ObjectStoreHandler.
2019-07-16 14:41:34,486 INFO  ozone.HddsDatanodeService (HddsDatanodeService.java:stop(452)) - Stopped plug-in org.apache.hadoop.ozone.web.OzoneHddsDatanodeService@5a7b6b75
2019-07-16 14:41:34,486 INFO  statemachine.DatanodeStateMachine (DatanodeStateMachine.java:lambda$startDaemon$0(350)) - Ozone container server started.
2019-07-16 14:41:34,486 INFO  ozoneimpl.OzoneContainer (OzoneContainer.java:stop(199)) - Attempting to stop container services.
2019-07-16 14:41:34,486 INFO  impl.RaftServerProxy (RaftServerProxy.java:lambda$close$4(314)) - 37bf539c-2315-4c32-a4e0-600708ac3028: close
2019-07-16 14:41:34,487 INFO  impl.RaftServerImpl (RaftServerImpl.java:lambda$shutdown$3(245)) - 37bf539c-2315-4c32-a4e0-600708ac3028: shutdown group-BD320C763147
2019-07-16 14:41:34,487 INFO  impl.RaftServerImpl (RaftServerImpl.java:lambda$shutdown$3(245)) - 37bf539c-2315-4c32-a4e0-600708ac3028: shutdown group-96EB6D5D9C62
2019-07-16 14:41:34,487 INFO  util.JmxRegister (JmxRegister.java:unregister(73)) - Successfully un-registered JMX Bean with object name Ratis:service=RaftServer,group=group-BD320C763147,id=37bf539c-2315-4c32-a4e0-600708ac3028
2019-07-16 14:41:34,487 INFO  util.JmxRegister (JmxRegister.java:unregister(73)) - Successfully un-registered JMX Bean with object name Ratis:service=RaftServer,group=group-96EB6D5D9C62,id=37bf539c-2315-4c32-a4e0-600708ac3028
2019-07-16 14:41:34,487 INFO  impl.RoleInfo (RoleInfo.java:shutdownLeaderState(104)) - 37bf539c-2315-4c32-a4e0-600708ac3028: shutdown LeaderState
2019-07-16 14:41:34,488 INFO  impl.RoleInfo (RoleInfo.java:shutdownFollowerState(121)) - 37bf539c-2315-4c32-a4e0-600708ac3028: shutdown FollowerState
2019-07-16 14:41:34,488 INFO  impl.PendingRequests (PendingRequests.java:sendNotLeaderResponses(202)) - 37bf539c-2315-4c32-a4e0-600708ac3028-PendingRequests: sendNotLeaderResponses
2019-07-16 14:41:34,488 INFO  impl.FollowerState (FollowerState.java:run(114)) - 37bf539c-2315-4c32-a4e0-600708ac3028: FollowerState was interrupted: java.lang.InterruptedException: sleep interrupted
2019-07-16 14:41:34,488 INFO  impl.StateMachineUpdater (StateMachineUpdater.java:stopAndJoin(115)) - StateMachineUpdater:37bf539c-2315-4c32-a4e0-600708ac3028:group-96EB6D5D9C62: set stopIndex = 0
2019-07-16 14:41:34,488 INFO  impl.StateMachineUpdater (StateMachineUpdater.java:stopAndJoin(115)) - StateMachineUpdater:37bf539c-2315-4c32-a4e0-600708ac3028:group-BD320C763147: set stopIndex = 0
2019-07-16 14:41:34,488 INFO  impl.RaftServerImpl (ServerState.java:close(394)) - 37bf539c-2315-4c32-a4e0-600708ac3028:group-96EB6D5D9C62 closes. The last applied log index is 0
2019-07-16 14:41:34,489 INFO  impl.RaftServerImpl (ServerState.java:close(394)) - 37bf539c-2315-4c32-a4e0-600708ac3028:group-BD320C763147 closes. The last applied log index is 0
2019-07-16 14:41:34,489 INFO  segmented.SegmentedRaftLogWorker (SegmentedRaftLogWorker.java:run(313)) - 37bf539c-2315-4c32-a4e0-600708ac3028-SegmentedRaftLogWorker:Storage Directory /workdir/hadoop-ozone/integration-test/target/test-dir/MiniOzoneClusterImpl-654f8f73-ed3e-46e1-aeb9-b0ce3cfc6d3c/datanode-6/data/ratis/c8b874a6-6e89-4a7a-9e12-96eb6d5d9c62 was interrupted, exiting. There are 0 tasks remaining in the queue.
2019-07-16 14:41:34,489 INFO  segmented.SegmentedRaftLogWorker (SegmentedRaftLogWorker.java:run(313)) - 37bf539c-2315-4c32-a4e0-600708ac3028-SegmentedRaftLogWorker:Storage Directory /workdir/hadoop-ozone/integration-test/target/test-dir/MiniOzoneClusterImpl-654f8f73-ed3e-46e1-aeb9-b0ce3cfc6d3c/datanode-6/data/ratis/c1d9d3f5-21be-4ac2-ae43-bd320c763147 was interrupted, exiting. There are 0 tasks remaining in the queue.
2019-07-16 14:41:34,489 INFO  segmented.SegmentedRaftLogWorker (SegmentedRaftLogWorker.java:close(228)) - 37bf539c-2315-4c32-a4e0-600708ac3028-SegmentedRaftLogWorker:Storage Directory /workdir/hadoop-ozone/integration-test/target/test-dir/MiniOzoneClusterImpl-654f8f73-ed3e-46e1-aeb9-b0ce3cfc6d3c/datanode-6/data/ratis/c8b874a6-6e89-4a7a-9e12-96eb6d5d9c62 close()
2019-07-16 14:41:34,489 INFO  segmented.SegmentedRaftLogWorker (SegmentedRaftLogWorker.java:close(228)) - 37bf539c-2315-4c32-a4e0-600708ac3028-SegmentedRaftLogWorker:Storage Directory /workdir/hadoop-ozone/integration-test/target/test-dir/MiniOzoneClusterImpl-654f8f73-ed3e-46e1-aeb9-b0ce3cfc6d3c/datanode-6/data/ratis/c1d9d3f5-21be-4ac2-ae43-bd320c763147 close()
2019-07-16 14:41:34,491 INFO  server.GrpcService (GrpcService.java:closeImpl(155)) - 37bf539c-2315-4c32-a4e0-600708ac3028: shutdown server with port 43237 now
2019-07-16 14:41:34,491 INFO  server.GrpcService (GrpcService.java:closeImpl(163)) - 37bf539c-2315-4c32-a4e0-600708ac3028: shutdown server with port 43237 successfully
2019-07-16 14:41:34,493 WARN  fs.CachingGetSpaceUsed (CachingGetSpaceUsed.java:run(183)) - Thread Interrupted waiting to refresh disk information: sleep interrupted
2019-07-16 14:41:34,504 INFO  statemachine.DatanodeStateMachine (DatanodeStateMachine.java:stopDaemon(395)) - Ozone container server stopped.
2019-07-16 14:41:34,505 INFO  handler.ContextHandler (ContextHandler.java:doStop(910)) - Stopped o.e.j.w.WebAppContext@4db0ba1c{/,null,UNAVAILABLE}{/hddsDatanode}
2019-07-16 14:41:34,506 INFO  server.AbstractConnector (AbstractConnector.java:doStop(318)) - Stopped ServerConnector@1d91fa02{HTTP/1.1,[http/1.1]}{0.0.0.0:0}
2019-07-16 14:41:34,506 INFO  handler.ContextHandler (ContextHandler.java:doStop(910)) - Stopped o.e.j.s.ServletContextHandler@5d14e99e{/static,jar:file:/home/user/.m2/repository/org/apache/hadoop/hadoop-hdds-container-service/0.4.1-SNAPSHOT/hadoop-hdds-container-service-0.4.1-SNAPSHOT.jar!/webapps/static,UNAVAILABLE}
2019-07-16 14:41:34,507 INFO  handler.ContextHandler (ContextHandler.java:doStop(910)) - Stopped o.e.j.s.ServletContextHandler@2baf72d5{/logs,file:///workdir/hadoop-ozone/integration-test/target/log,UNAVAILABLE}
]]></system-out>
    <system-err><![CDATA[ERROR StatusLogger No Log4j 2 configuration file found. Using default configuration (logging only errors to the console), or user programmatically provided configurations. Set system property 'log4j2.debug' to show Log4j 2 internal initialization logging. See https://logging.apache.org/log4j/2.x/manual/configuration.html for instructions on how to configure Log4j 2
Jul 16, 2019 2:41:16 PM com.sun.jersey.server.impl.application.WebApplicationImpl _initiate
INFO: Initiating Jersey application, version 'Jersey: 1.19 02/11/2015 03:25 AM'
Jul 16, 2019 2:41:16 PM com.sun.jersey.server.impl.application.WebApplicationImpl _initiate
INFO: Initiating Jersey application, version 'Jersey: 1.19 02/11/2015 03:25 AM'
Jul 16, 2019 2:41:17 PM com.sun.jersey.server.impl.application.WebApplicationImpl _initiate
INFO: Initiating Jersey application, version 'Jersey: 1.19 02/11/2015 03:25 AM'
Jul 16, 2019 2:41:17 PM com.sun.jersey.server.impl.application.WebApplicationImpl _initiate
INFO: Initiating Jersey application, version 'Jersey: 1.19 02/11/2015 03:25 AM'
Jul 16, 2019 2:41:17 PM com.sun.jersey.server.impl.application.WebApplicationImpl _initiate
INFO: Initiating Jersey application, version 'Jersey: 1.19 02/11/2015 03:25 AM'
Jul 16, 2019 2:41:17 PM com.sun.jersey.server.impl.application.WebApplicationImpl _initiate
INFO: Initiating Jersey application, version 'Jersey: 1.19 02/11/2015 03:25 AM'
Jul 16, 2019 2:41:18 PM com.sun.jersey.server.impl.application.WebApplicationImpl _initiate
INFO: Initiating Jersey application, version 'Jersey: 1.19 02/11/2015 03:25 AM'
]]></system-err>
  </testcase>
  <testcase name="testMaxRetriesByOzoneClient" classname="org.apache.hadoop.ozone.client.rpc.TestOzoneClientRetriesOnException" time="11.799">
    <error message="Failed to command cmdType: CreateContainer&#10;containerID: 1&#10;datanodeUuid: &quot;46ab59cc-945a-490d-a3d8-84bb3275b18b&quot;&#10;createContainer {&#10;}&#10;" type="java.io.IOException">java.io.IOException: 
Failed to command cmdType: CreateContainer
containerID: 1
datanodeUuid: "46ab59cc-945a-490d-a3d8-84bb3275b18b"
createContainer {
}

	at org.apache.hadoop.hdds.scm.XceiverClientSpi.sendCommand(XceiverClientSpi.java:113)
	at org.apache.hadoop.ozone.client.rpc.TestOzoneClientRetriesOnException.testMaxRetriesByOzoneClient(TestOzoneClientRetriesOnException.java:190)
	at sun.reflect.NativeMethodAccessorImpl.invoke0(Native Method)
	at sun.reflect.NativeMethodAccessorImpl.invoke(NativeMethodAccessorImpl.java:62)
	at sun.reflect.DelegatingMethodAccessorImpl.invoke(DelegatingMethodAccessorImpl.java:43)
	at java.lang.reflect.Method.invoke(Method.java:498)
	at org.junit.runners.model.FrameworkMethod$1.runReflectiveCall(FrameworkMethod.java:47)
	at org.junit.internal.runners.model.ReflectiveCallable.run(ReflectiveCallable.java:12)
	at org.junit.runners.model.FrameworkMethod.invokeExplosively(FrameworkMethod.java:44)
	at org.junit.internal.runners.statements.InvokeMethod.evaluate(InvokeMethod.java:17)
	at org.junit.internal.runners.statements.RunBefores.evaluate(RunBefores.java:26)
	at org.junit.internal.runners.statements.RunAfters.evaluate(RunAfters.java:27)
	at org.junit.runners.ParentRunner.runLeaf(ParentRunner.java:271)
	at org.junit.runners.BlockJUnit4ClassRunner.runChild(BlockJUnit4ClassRunner.java:70)
	at org.junit.runners.BlockJUnit4ClassRunner.runChild(BlockJUnit4ClassRunner.java:50)
	at org.junit.runners.ParentRunner$3.run(ParentRunner.java:238)
	at org.junit.runners.ParentRunner$1.schedule(ParentRunner.java:63)
	at org.junit.runners.ParentRunner.runChildren(ParentRunner.java:236)
	at org.junit.runners.ParentRunner.access$000(ParentRunner.java:53)
	at org.junit.runners.ParentRunner$2.evaluate(ParentRunner.java:229)
	at org.junit.runners.ParentRunner.run(ParentRunner.java:309)
	at org.apache.maven.surefire.junit4.JUnit4Provider.execute(JUnit4Provider.java:365)
	at org.apache.maven.surefire.junit4.JUnit4Provider.executeWithRerun(JUnit4Provider.java:273)
	at org.apache.maven.surefire.junit4.JUnit4Provider.executeTestSet(JUnit4Provider.java:238)
	at org.apache.maven.surefire.junit4.JUnit4Provider.invoke(JUnit4Provider.java:159)
	at org.apache.maven.surefire.booter.ForkedBooter.invokeProviderInSameClassLoader(ForkedBooter.java:384)
	at org.apache.maven.surefire.booter.ForkedBooter.runSuitesInProcess(ForkedBooter.java:345)
	at org.apache.maven.surefire.booter.ForkedBooter.execute(ForkedBooter.java:126)
	at org.apache.maven.surefire.booter.ForkedBooter.main(ForkedBooter.java:418)
Caused by: java.util.concurrent.ExecutionException: org.apache.ratis.protocol.StateMachineException: java.util.concurrent.CompletionException: java.lang.IllegalArgumentException
	at java.util.concurrent.CompletableFuture.reportGet(CompletableFuture.java:357)
	at java.util.concurrent.CompletableFuture.get(CompletableFuture.java:1895)
	at org.apache.hadoop.hdds.scm.XceiverClientSpi.sendCommand(XceiverClientSpi.java:110)
	... 28 more
Caused by: org.apache.ratis.protocol.StateMachineException: java.util.concurrent.CompletionException: java.lang.IllegalArgumentException
	at java.util.concurrent.CompletableFuture.encodeThrowable(CompletableFuture.java:273)
	at java.util.concurrent.CompletableFuture.completeThrowable(CompletableFuture.java:280)
	at java.util.concurrent.CompletableFuture$AsyncSupply.run(CompletableFuture.java:1592)
	at java.util.concurrent.ThreadPoolExecutor.runWorker(ThreadPoolExecutor.java:1149)
	at java.util.concurrent.ThreadPoolExecutor$Worker.run(ThreadPoolExecutor.java:624)
	at java.lang.Thread.run(Thread.java:748)
</error>
    <system-out><![CDATA[2019-07-16 14:41:34,580 WARN  server.ServerUtils (ServerUtils.java:getScmDbDir(145)) - ozone.scm.db.dirs is not configured. We recommend adding this setting. Falling back to ozone.metadata.dirs instead.
2019-07-16 14:41:34,590 WARN  server.ServerUtils (ServerUtils.java:getScmDbDir(145)) - ozone.scm.db.dirs is not configured. We recommend adding this setting. Falling back to ozone.metadata.dirs instead.
2019-07-16 14:41:34,590 WARN  server.ServerUtils (ServerUtils.java:getScmDbDir(145)) - ozone.scm.db.dirs is not configured. We recommend adding this setting. Falling back to ozone.metadata.dirs instead.
2019-07-16 14:41:34,591 INFO  db.DBStoreBuilder (DBStoreBuilder.java:addTable(110)) - using custom profile for table: deletedBlocks
2019-07-16 14:41:34,591 INFO  db.DBStoreBuilder (DBStoreBuilder.java:processTables(161)) - Using default column profile:DBProfile.DISK for Table:deletedBlocks
2019-07-16 14:41:34,591 INFO  db.DBStoreBuilder (DBStoreBuilder.java:addTable(110)) - using custom profile for table: validCerts
2019-07-16 14:41:34,591 INFO  db.DBStoreBuilder (DBStoreBuilder.java:processTables(161)) - Using default column profile:DBProfile.DISK for Table:validCerts
2019-07-16 14:41:34,591 INFO  db.DBStoreBuilder (DBStoreBuilder.java:addTable(110)) - using custom profile for table: revokedCerts
2019-07-16 14:41:34,592 INFO  db.DBStoreBuilder (DBStoreBuilder.java:processTables(161)) - Using default column profile:DBProfile.DISK for Table:revokedCerts
2019-07-16 14:41:34,592 INFO  db.DBStoreBuilder (DBStoreBuilder.java:addTable(110)) - using custom profile for table: default
2019-07-16 14:41:34,592 INFO  db.DBStoreBuilder (DBStoreBuilder.java:processTables(167)) - Using default column profile:DBProfile.DISK for Table:default
2019-07-16 14:41:34,592 INFO  db.DBStoreBuilder (DBStoreBuilder.java:getDbProfile(198)) - Using default options. DBProfile.DISK
2019-07-16 14:41:34,684 INFO  net.NodeSchemaLoader (NodeSchemaLoader.java:loadSchemaFromFile(125)) - Loading file from sun.misc.CompoundEnumeration@2b682e9
2019-07-16 14:41:34,684 INFO  net.NodeSchemaLoader (NodeSchemaLoader.java:loadSchema(171)) - Loading network topology layer schema file
2019-07-16 14:41:34,689 WARN  server.ServerUtils (ServerUtils.java:sanitizeUserArgs(70)) - ozone.scm.stale.node.interval value = 300000 is larger than max = 100000 based on the key value of ozone.scm.heartbeat.thread.interval, reset to the max value 100000.
2019-07-16 14:41:34,690 WARN  server.ServerUtils (ServerUtils.java:sanitizeUserArgs(70)) - ozone.scm.stale.node.interval value = 300000 is larger than max = 100000 based on the key value of ozone.scm.heartbeat.thread.interval, reset to the max value 100000.
2019-07-16 14:41:34,690 INFO  node.SCMNodeManager (SCMNodeManager.java:<init>(119)) - Entering startup safe mode.
2019-07-16 14:41:34,692 WARN  server.ServerUtils (ServerUtils.java:getScmDbDir(145)) - ozone.scm.db.dirs is not configured. We recommend adding this setting. Falling back to ozone.metadata.dirs instead.
2019-07-16 14:41:34,731 INFO  pipeline.SCMPipelineManager (SCMPipelineManager.java:initializePipelineState(126)) - No pipeline exists in current db
2019-07-16 14:41:34,731 WARN  server.ServerUtils (ServerUtils.java:getScmDbDir(145)) - ozone.scm.db.dirs is not configured. We recommend adding this setting. Falling back to ozone.metadata.dirs instead.
2019-07-16 14:41:34,764 WARN  events.EventQueue (EventQueue.java:fireEvent(175)) - No event handler registered for event TypedEvent{payloadType=SafeModeStatus, name='SafeModeStatus'}
2019-07-16 14:41:34,765 INFO  ipc.CallQueueManager (CallQueueManager.java:<init>(84)) - Using callQueue: class java.util.concurrent.LinkedBlockingQueue, queueCapacity: 2000, scheduler: class org.apache.hadoop.ipc.DefaultRpcScheduler, ipcBackoff: false.
2019-07-16 14:41:34,766 INFO  ipc.Server (Server.java:run(1074)) - Starting Socket Reader #1 for port 42075
2019-07-16 14:41:34,770 INFO  ipc.CallQueueManager (CallQueueManager.java:<init>(84)) - Using callQueue: class java.util.concurrent.LinkedBlockingQueue, queueCapacity: 2000, scheduler: class org.apache.hadoop.ipc.DefaultRpcScheduler, ipcBackoff: false.
2019-07-16 14:41:34,771 INFO  ipc.Server (Server.java:run(1074)) - Starting Socket Reader #1 for port 44210
2019-07-16 14:41:34,773 INFO  ipc.CallQueueManager (CallQueueManager.java:<init>(84)) - Using callQueue: class java.util.concurrent.LinkedBlockingQueue, queueCapacity: 2000, scheduler: class org.apache.hadoop.ipc.DefaultRpcScheduler, ipcBackoff: false.
2019-07-16 14:41:34,774 INFO  ipc.Server (Server.java:run(1074)) - Starting Socket Reader #1 for port 37350
2019-07-16 14:41:34,776 INFO  hdfs.DFSUtil (DFSUtil.java:httpServerTemplateForNNAndJN(1641)) - Starting Web-server for scm at: http://0.0.0.0:0
2019-07-16 14:41:34,779 INFO  server.AuthenticationFilter (AuthenticationFilter.java:constructSecretProvider(240)) - Unable to initialize FileSignerSecretProvider, falling back to use random secrets.
2019-07-16 14:41:34,780 WARN  http.HttpRequestLog (HttpRequestLog.java:getRequestLog(97)) - Jetty request log can only be enabled using Log4j
2019-07-16 14:41:34,782 INFO  http.HttpServer2 (HttpServer2.java:addGlobalFilter(975)) - Added global filter 'safety' (class=org.apache.hadoop.http.HttpServer2$QuotingInputFilter)
2019-07-16 14:41:34,784 INFO  http.HttpServer2 (HttpServer2.java:addFilter(948)) - Added filter static_user_filter (class=org.apache.hadoop.http.lib.StaticUserWebFilter$StaticUserFilter) to context scm
2019-07-16 14:41:34,784 INFO  http.HttpServer2 (HttpServer2.java:addFilter(958)) - Added filter static_user_filter (class=org.apache.hadoop.http.lib.StaticUserWebFilter$StaticUserFilter) to context logs
2019-07-16 14:41:34,784 INFO  http.HttpServer2 (HttpServer2.java:addFilter(958)) - Added filter static_user_filter (class=org.apache.hadoop.http.lib.StaticUserWebFilter$StaticUserFilter) to context static
2019-07-16 14:41:34,794 INFO  server.StorageContainerManager (StorageContainerManager.java:start(753)) - StorageContainerLocationProtocol RPC server is listening at /0.0.0.0:37350
2019-07-16 14:41:34,794 INFO  impl.MetricsSystemImpl (MetricsSystemImpl.java:init(158)) - StorageContainerManager metrics system started (again)
2019-07-16 14:41:34,794 INFO  server.SCMClientProtocolServer (SCMClientProtocolServer.java:start(149)) - RPC server for Client  is listening at /0.0.0.0:37350
2019-07-16 14:41:34,795 INFO  ipc.Server (Server.java:run(1314)) - IPC Server Responder: starting
2019-07-16 14:41:34,795 INFO  ipc.Server (Server.java:run(1153)) - IPC Server listener on 37350: starting
2019-07-16 14:41:34,799 INFO  server.StorageContainerManager (StorageContainerManager.java:start(762)) - ScmBlockLocationProtocol RPC server is listening at /0.0.0.0:44210
2019-07-16 14:41:34,799 INFO  server.SCMBlockProtocolServer (SCMBlockProtocolServer.java:start(137)) - RPC server for Block Protocol is listening at /0.0.0.0:44210
2019-07-16 14:41:34,800 INFO  ipc.Server (Server.java:run(1314)) - IPC Server Responder: starting
2019-07-16 14:41:34,800 INFO  ipc.Server (Server.java:run(1153)) - IPC Server listener on 44210: starting
2019-07-16 14:41:34,803 INFO  server.StorageContainerManager (StorageContainerManager.java:start(766)) - ScmDatanodeProtocl RPC server is listening at /0.0.0.0:42075
2019-07-16 14:41:34,804 INFO  server.SCMDatanodeProtocolServer (SCMDatanodeProtocolServer.java:start(191)) - RPC server for DataNodes is listening at /0.0.0.0:42075
2019-07-16 14:41:34,804 INFO  ipc.Server (Server.java:run(1314)) - IPC Server Responder: starting
2019-07-16 14:41:34,804 INFO  ipc.Server (Server.java:run(1153)) - IPC Server listener on 42075: starting
2019-07-16 14:41:34,808 INFO  http.HttpServer2 (HttpServer2.java:bindListener(1191)) - Jetty bound to port 41455
2019-07-16 14:41:34,808 INFO  server.Server (Server.java:doStart(351)) - jetty-9.3.24.v20180605, build timestamp: 2018-06-05T17:11:56Z, git hash: 84205aa28f11a4f31f2a3b86d1bba2cc8ab69827
2019-07-16 14:41:34,810 INFO  handler.ContextHandler (ContextHandler.java:doStart(781)) - Started o.e.j.s.ServletContextHandler@1d8e9d3e{/logs,file:///workdir/hadoop-ozone/integration-test/target/log,AVAILABLE}
2019-07-16 14:41:34,811 INFO  handler.ContextHandler (ContextHandler.java:doStart(781)) - Started o.e.j.s.ServletContextHandler@4586a8aa{/static,file:///workdir/hadoop-ozone/integration-test/target/test-classes/webapps/static,AVAILABLE}
2019-07-16 14:41:34,816 INFO  handler.ContextHandler (ContextHandler.java:doStart(781)) - Started o.e.j.w.WebAppContext@14b95942{/,file:///workdir/hadoop-ozone/integration-test/target/test-classes/webapps/scm/,AVAILABLE}{/scm}
2019-07-16 14:41:34,817 INFO  server.AbstractConnector (AbstractConnector.java:doStart(278)) - Started ServerConnector@3375b118{HTTP/1.1,[http/1.1]}{0.0.0.0:41455}
2019-07-16 14:41:34,818 INFO  server.Server (Server.java:doStart(419)) - Started @23604ms
2019-07-16 14:41:34,819 INFO  server.BaseHttpServer (BaseHttpServer.java:updateConnectorAddress(207)) - HTTP server of SCM is listening at http://0.0.0.0:41455
2019-07-16 14:41:34,819 WARN  server.ServerUtils (ServerUtils.java:getDBPath(222)) - ozone.om.db.dirs is not configured. We recommend adding this setting. Falling back to ozone.metadata.dirs instead.
2019-07-16 14:41:34,819 INFO  util.JvmPauseMonitor (JvmPauseMonitor.java:run(188)) - Starting JVM pause monitor
2019-07-16 14:41:34,832 WARN  server.ServerUtils (ServerUtils.java:getDBPath(222)) - ozone.om.db.dirs is not configured. We recommend adding this setting. Falling back to ozone.metadata.dirs instead.
2019-07-16 14:41:34,832 INFO  om.OzoneManager (OzoneManager.java:setOMNodeDetails(630)) - OM Service ID is not set. Setting it to the default ID: omServiceIdDefault
2019-07-16 14:41:34,833 INFO  om.OzoneManager (OzoneManager.java:setOMNodeDetails(636)) - OM Node ID is not set. Setting it to the OmStorage's OmID: 3c9d0ee8-0d5f-473e-9a8d-fd74211c9b37
2019-07-16 14:41:34,833 INFO  om.OzoneManager (OzoneManager.java:loadOMHAConfigs(587)) - Found matching OM address with OMServiceId: null, OMNodeId: null, RPC Address: localhost:0 and Ratis port: 9872
2019-07-16 14:41:34,841 WARN  server.ServerUtils (ServerUtils.java:getDBPath(222)) - ozone.om.db.dirs is not configured. We recommend adding this setting. Falling back to ozone.metadata.dirs instead.
2019-07-16 14:41:34,841 INFO  db.DBStoreBuilder (DBStoreBuilder.java:addTable(110)) - using custom profile for table: userTable
2019-07-16 14:41:34,841 INFO  db.DBStoreBuilder (DBStoreBuilder.java:processTables(161)) - Using default column profile:DBProfile.DISK for Table:userTable
2019-07-16 14:41:34,842 INFO  db.DBStoreBuilder (DBStoreBuilder.java:addTable(110)) - using custom profile for table: volumeTable
2019-07-16 14:41:34,842 INFO  db.DBStoreBuilder (DBStoreBuilder.java:processTables(161)) - Using default column profile:DBProfile.DISK for Table:volumeTable
2019-07-16 14:41:34,842 INFO  db.DBStoreBuilder (DBStoreBuilder.java:addTable(110)) - using custom profile for table: bucketTable
2019-07-16 14:41:34,842 INFO  db.DBStoreBuilder (DBStoreBuilder.java:processTables(161)) - Using default column profile:DBProfile.DISK for Table:bucketTable
2019-07-16 14:41:34,842 INFO  db.DBStoreBuilder (DBStoreBuilder.java:addTable(110)) - using custom profile for table: keyTable
2019-07-16 14:41:34,843 INFO  db.DBStoreBuilder (DBStoreBuilder.java:processTables(161)) - Using default column profile:DBProfile.DISK for Table:keyTable
2019-07-16 14:41:34,843 INFO  db.DBStoreBuilder (DBStoreBuilder.java:addTable(110)) - using custom profile for table: deletedTable
2019-07-16 14:41:34,843 INFO  db.DBStoreBuilder (DBStoreBuilder.java:processTables(161)) - Using default column profile:DBProfile.DISK for Table:deletedTable
2019-07-16 14:41:34,843 INFO  db.DBStoreBuilder (DBStoreBuilder.java:addTable(110)) - using custom profile for table: openKeyTable
2019-07-16 14:41:34,843 INFO  db.DBStoreBuilder (DBStoreBuilder.java:processTables(161)) - Using default column profile:DBProfile.DISK for Table:openKeyTable
2019-07-16 14:41:34,844 INFO  db.DBStoreBuilder (DBStoreBuilder.java:addTable(110)) - using custom profile for table: s3Table
2019-07-16 14:41:34,844 INFO  db.DBStoreBuilder (DBStoreBuilder.java:processTables(161)) - Using default column profile:DBProfile.DISK for Table:s3Table
2019-07-16 14:41:34,844 INFO  db.DBStoreBuilder (DBStoreBuilder.java:addTable(110)) - using custom profile for table: multipartInfoTable
2019-07-16 14:41:34,844 INFO  db.DBStoreBuilder (DBStoreBuilder.java:processTables(161)) - Using default column profile:DBProfile.DISK for Table:multipartInfoTable
2019-07-16 14:41:34,845 INFO  db.DBStoreBuilder (DBStoreBuilder.java:addTable(110)) - using custom profile for table: dTokenTable
2019-07-16 14:41:34,845 INFO  db.DBStoreBuilder (DBStoreBuilder.java:processTables(161)) - Using default column profile:DBProfile.DISK for Table:dTokenTable
2019-07-16 14:41:34,845 INFO  db.DBStoreBuilder (DBStoreBuilder.java:addTable(110)) - using custom profile for table: s3SecretTable
2019-07-16 14:41:34,845 INFO  db.DBStoreBuilder (DBStoreBuilder.java:processTables(161)) - Using default column profile:DBProfile.DISK for Table:s3SecretTable
2019-07-16 14:41:34,845 INFO  db.DBStoreBuilder (DBStoreBuilder.java:addTable(110)) - using custom profile for table: prefixTable
2019-07-16 14:41:34,846 INFO  db.DBStoreBuilder (DBStoreBuilder.java:processTables(161)) - Using default column profile:DBProfile.DISK for Table:prefixTable
2019-07-16 14:41:34,846 INFO  db.DBStoreBuilder (DBStoreBuilder.java:addTable(110)) - using custom profile for table: default
2019-07-16 14:41:34,846 INFO  db.DBStoreBuilder (DBStoreBuilder.java:processTables(167)) - Using default column profile:DBProfile.DISK for Table:default
2019-07-16 14:41:34,846 INFO  db.DBStoreBuilder (DBStoreBuilder.java:getDbProfile(198)) - Using default options. DBProfile.DISK
2019-07-16 14:41:35,076 INFO  ipc.CallQueueManager (CallQueueManager.java:<init>(84)) - Using callQueue: class java.util.concurrent.LinkedBlockingQueue, queueCapacity: 2000, scheduler: class org.apache.hadoop.ipc.DefaultRpcScheduler, ipcBackoff: false.
2019-07-16 14:41:35,077 INFO  ipc.Server (Server.java:run(1074)) - Starting Socket Reader #1 for port 36517
2019-07-16 14:41:35,089 WARN  server.ServerUtils (ServerUtils.java:getDBPath(222)) - ozone.om.db.dirs is not configured. We recommend adding this setting. Falling back to ozone.metadata.dirs instead.
2019-07-16 14:41:35,090 INFO  om.OzoneManager (OzoneManager.java:start(1228)) - OzoneManager RPC server is listening at localhost/127.0.0.1:36517
2019-07-16 14:41:35,090 INFO  impl.MetricsSystemImpl (MetricsSystemImpl.java:init(158)) - OzoneManager metrics system started (again)
2019-07-16 14:41:35,090 INFO  ipc.Server (Server.java:run(1314)) - IPC Server Responder: starting
2019-07-16 14:41:35,091 INFO  ipc.Server (Server.java:run(1153)) - IPC Server listener on 36517: starting
2019-07-16 14:41:35,096 INFO  hdfs.DFSUtil (DFSUtil.java:httpServerTemplateForNNAndJN(1641)) - Starting Web-server for ozoneManager at: http://0.0.0.0:0
2019-07-16 14:41:35,097 INFO  server.AuthenticationFilter (AuthenticationFilter.java:constructSecretProvider(240)) - Unable to initialize FileSignerSecretProvider, falling back to use random secrets.
2019-07-16 14:41:35,098 WARN  http.HttpRequestLog (HttpRequestLog.java:getRequestLog(97)) - Jetty request log can only be enabled using Log4j
2019-07-16 14:41:35,099 INFO  http.HttpServer2 (HttpServer2.java:addGlobalFilter(975)) - Added global filter 'safety' (class=org.apache.hadoop.http.HttpServer2$QuotingInputFilter)
2019-07-16 14:41:35,099 INFO  http.HttpServer2 (HttpServer2.java:addFilter(948)) - Added filter static_user_filter (class=org.apache.hadoop.http.lib.StaticUserWebFilter$StaticUserFilter) to context ozoneManager
2019-07-16 14:41:35,100 INFO  http.HttpServer2 (HttpServer2.java:addFilter(958)) - Added filter static_user_filter (class=org.apache.hadoop.http.lib.StaticUserWebFilter$StaticUserFilter) to context logs
2019-07-16 14:41:35,100 INFO  http.HttpServer2 (HttpServer2.java:addFilter(958)) - Added filter static_user_filter (class=org.apache.hadoop.http.lib.StaticUserWebFilter$StaticUserFilter) to context static
2019-07-16 14:41:35,100 INFO  http.HttpServer2 (HttpServer2.java:bindListener(1191)) - Jetty bound to port 46195
2019-07-16 14:41:35,101 INFO  server.Server (Server.java:doStart(351)) - jetty-9.3.24.v20180605, build timestamp: 2018-06-05T17:11:56Z, git hash: 84205aa28f11a4f31f2a3b86d1bba2cc8ab69827
2019-07-16 14:41:35,102 INFO  handler.ContextHandler (ContextHandler.java:doStart(781)) - Started o.e.j.s.ServletContextHandler@46b5f061{/logs,file:///workdir/hadoop-ozone/integration-test/target/log,AVAILABLE}
2019-07-16 14:41:35,103 INFO  handler.ContextHandler (ContextHandler.java:doStart(781)) - Started o.e.j.s.ServletContextHandler@108b121f{/static,file:///workdir/hadoop-ozone/integration-test/target/test-classes/webapps/static,AVAILABLE}
2019-07-16 14:41:35,118 INFO  handler.ContextHandler (ContextHandler.java:doStart(781)) - Started o.e.j.w.WebAppContext@45e7bb79{/,file:///workdir/hadoop-ozone/integration-test/target/test-classes/webapps/ozoneManager/,AVAILABLE}{/ozoneManager}
2019-07-16 14:41:35,118 INFO  server.AbstractConnector (AbstractConnector.java:doStart(278)) - Started ServerConnector@605c7a9e{HTTP/1.1,[http/1.1]}{0.0.0.0:46195}
2019-07-16 14:41:35,119 INFO  server.Server (Server.java:doStart(419)) - Started @23905ms
2019-07-16 14:41:35,120 INFO  server.BaseHttpServer (BaseHttpServer.java:updateConnectorAddress(207)) - HTTP server of OZONEMANAGER is listening at http://0.0.0.0:46195
2019-07-16 14:41:35,133 INFO  impl.MetricsSystemImpl (MetricsSystemImpl.java:init(158)) - HddsDatanode metrics system started (again)
2019-07-16 14:41:35,134 INFO  ozone.HddsDatanodeService (HddsDatanodeService.java:start(185)) - HddsDatanodeService host:byscane-nightly-ppzk5-1864156943 ip:192.168.5.141
2019-07-16 14:41:35,142 INFO  volume.HddsVolume (HddsVolume.java:<init>(176)) - Creating Volume: /workdir/hadoop-ozone/integration-test/target/test-dir/MiniOzoneClusterImpl-18ed21d2-c6a0-43cf-8b50-5fae82384936/datanode-0/data/containers/hdds of  storage type : DISK and capacity : 52710309888
2019-07-16 14:41:35,143 INFO  volume.VolumeSet (VolumeSet.java:initializeVolumeSet(170)) - Added Volume : /workdir/hadoop-ozone/integration-test/target/test-dir/MiniOzoneClusterImpl-18ed21d2-c6a0-43cf-8b50-5fae82384936/datanode-0/data/containers/hdds to VolumeSet
2019-07-16 14:41:35,143 INFO  volume.ThrottledAsyncChecker (ThrottledAsyncChecker.java:schedule(140)) - Scheduling a check for org.apache.hadoop.ozone.container.common.volume.HddsVolume@506aa618
2019-07-16 14:41:35,144 INFO  volume.HddsVolumeChecker (HddsVolumeChecker.java:checkAllVolumes(203)) - Scheduled health check for volume org.apache.hadoop.ozone.container.common.volume.HddsVolume@506aa618
2019-07-16 14:41:35,165 INFO  impl.RaftServerProxy (ConfUtils.java:logGet(43)) - raft.rpc.type = GRPC (default)
2019-07-16 14:41:35,165 INFO  grpc.GrpcFactory (GrpcFactory.java:checkPooledByteBufAllocatorUseCacheForAllThreads(45)) - PERFORMANCE WARNING: useCacheForAllThreads is true that may cause Netty to create a lot garbage objects and, as a result, trigger GC.
	It is recommended to disable useCacheForAllThreads by setting -Dorg.apache.ratis.thirdparty.io.netty.allocator.useCacheForAllThreads=false in command line.
2019-07-16 14:41:35,165 INFO  grpc.GrpcConfigKeys$Server (ConfUtils.java:logGet(43)) - raft.grpc.server.port = 0 (default)
2019-07-16 14:41:35,165 INFO  server.GrpcService (ConfUtils.java:logGet(43)) - raft.grpc.message.size.max = 33570816 (custom)
2019-07-16 14:41:35,166 INFO  server.RaftServerConfigKeys (ConfUtils.java:logGet(43)) - raft.server.log.appender.buffer.byte-limit = 33554432 (custom)
2019-07-16 14:41:35,166 INFO  server.GrpcService (ConfUtils.java:logGet(43)) - raft.grpc.flow.control.window = 1MB (=1048576) (default)
2019-07-16 14:41:35,166 INFO  server.RaftServerConfigKeys (ConfUtils.java:logGet(43)) - raft.server.rpc.request.timeout = 3000ms (default)
2019-07-16 14:41:35,167 INFO  server.RaftServerConfigKeys (ConfUtils.java:logGet(43)) - raft.server.storage.dir = [/workdir/hadoop-ozone/integration-test/target/test-dir/MiniOzoneClusterImpl-18ed21d2-c6a0-43cf-8b50-5fae82384936/datanode-0/data/ratis] (custom)
2019-07-16 14:41:35,168 INFO  replication.SimpleContainerDownloader (SimpleContainerDownloader.java:<init>(72)) - Starting container downloader service to copy containers to replicate.
2019-07-16 14:41:35,169 INFO  hdfs.DFSUtil (DFSUtil.java:httpServerTemplateForNNAndJN(1641)) - Starting Web-server for hddsDatanode at: http://0.0.0.0:0
2019-07-16 14:41:35,171 INFO  server.AuthenticationFilter (AuthenticationFilter.java:constructSecretProvider(240)) - Unable to initialize FileSignerSecretProvider, falling back to use random secrets.
2019-07-16 14:41:35,171 WARN  http.HttpRequestLog (HttpRequestLog.java:getRequestLog(97)) - Jetty request log can only be enabled using Log4j
2019-07-16 14:41:35,173 INFO  http.HttpServer2 (HttpServer2.java:addGlobalFilter(975)) - Added global filter 'safety' (class=org.apache.hadoop.http.HttpServer2$QuotingInputFilter)
2019-07-16 14:41:35,174 INFO  http.HttpServer2 (HttpServer2.java:addFilter(948)) - Added filter static_user_filter (class=org.apache.hadoop.http.lib.StaticUserWebFilter$StaticUserFilter) to context hddsDatanode
2019-07-16 14:41:35,174 INFO  http.HttpServer2 (HttpServer2.java:addFilter(958)) - Added filter static_user_filter (class=org.apache.hadoop.http.lib.StaticUserWebFilter$StaticUserFilter) to context logs
2019-07-16 14:41:35,174 INFO  http.HttpServer2 (HttpServer2.java:addFilter(958)) - Added filter static_user_filter (class=org.apache.hadoop.http.lib.StaticUserWebFilter$StaticUserFilter) to context static
2019-07-16 14:41:35,175 INFO  http.HttpServer2 (HttpServer2.java:bindListener(1191)) - Jetty bound to port 35437
2019-07-16 14:41:35,175 INFO  server.Server (Server.java:doStart(351)) - jetty-9.3.24.v20180605, build timestamp: 2018-06-05T17:11:56Z, git hash: 84205aa28f11a4f31f2a3b86d1bba2cc8ab69827
2019-07-16 14:41:35,177 INFO  handler.ContextHandler (ContextHandler.java:doStart(781)) - Started o.e.j.s.ServletContextHandler@5ab63a04{/logs,file:///workdir/hadoop-ozone/integration-test/target/log,AVAILABLE}
2019-07-16 14:41:35,178 INFO  handler.ContextHandler (ContextHandler.java:doStart(781)) - Started o.e.j.s.ServletContextHandler@4c6bba7d{/static,jar:file:/home/user/.m2/repository/org/apache/hadoop/hadoop-hdds-container-service/0.4.1-SNAPSHOT/hadoop-hdds-container-service-0.4.1-SNAPSHOT.jar!/webapps/static,AVAILABLE}
2019-07-16 14:41:35,212 INFO  handler.ContextHandler (ContextHandler.java:doStart(781)) - Started o.e.j.w.WebAppContext@3be80ece{/,file:///tmp/jetty-0.0.0.0-35437-hddsDatanode-_-any-2057013122975608588.dir/webapp/,AVAILABLE}{/hddsDatanode}
2019-07-16 14:41:35,214 INFO  server.AbstractConnector (AbstractConnector.java:doStart(278)) - Started ServerConnector@60a01cb{HTTP/1.1,[http/1.1]}{0.0.0.0:35437}
2019-07-16 14:41:35,214 INFO  server.Server (Server.java:doStart(419)) - Started @24000ms
2019-07-16 14:41:35,215 INFO  server.BaseHttpServer (BaseHttpServer.java:updateConnectorAddress(207)) - HTTP server of HDDSDATANODE is listening at http://0.0.0.0:35437
2019-07-16 14:41:35,386 INFO  ozone.HddsDatanodeService (HddsDatanodeService.java:startPlugins(396)) - Started plug-in org.apache.hadoop.ozone.web.OzoneHddsDatanodeService@23396fc0
2019-07-16 14:41:35,387 INFO  impl.MetricsSystemImpl (MetricsSystemImpl.java:init(158)) - HddsDatanode metrics system started (again)
2019-07-16 14:41:35,388 INFO  ozone.HddsDatanodeService (HddsDatanodeService.java:start(185)) - HddsDatanodeService host:byscane-nightly-ppzk5-1864156943 ip:192.168.5.141
2019-07-16 14:41:35,391 INFO  util.JvmPauseMonitor (JvmPauseMonitor.java:run(188)) - Starting JVM pause monitor
2019-07-16 14:41:35,393 INFO  datanode.InitDatanodeState (InitDatanodeState.java:persistContainerDatanodeDetails(140)) - DatanodeDetails is persisted to /workdir/hadoop-ozone/integration-test/target/test-dir/MiniOzoneClusterImpl-18ed21d2-c6a0-43cf-8b50-5fae82384936/datanode-0/meta/datanode.id
2019-07-16 14:41:35,398 INFO  volume.HddsVolume (HddsVolume.java:<init>(176)) - Creating Volume: /workdir/hadoop-ozone/integration-test/target/test-dir/MiniOzoneClusterImpl-18ed21d2-c6a0-43cf-8b50-5fae82384936/datanode-1/data/containers/hdds of  storage type : DISK and capacity : 52710309888
2019-07-16 14:41:35,399 INFO  volume.VolumeSet (VolumeSet.java:initializeVolumeSet(170)) - Added Volume : /workdir/hadoop-ozone/integration-test/target/test-dir/MiniOzoneClusterImpl-18ed21d2-c6a0-43cf-8b50-5fae82384936/datanode-1/data/containers/hdds to VolumeSet
2019-07-16 14:41:35,399 INFO  volume.ThrottledAsyncChecker (ThrottledAsyncChecker.java:schedule(140)) - Scheduling a check for org.apache.hadoop.ozone.container.common.volume.HddsVolume@50df37eb
2019-07-16 14:41:35,399 INFO  volume.HddsVolumeChecker (HddsVolumeChecker.java:checkAllVolumes(203)) - Scheduled health check for volume org.apache.hadoop.ozone.container.common.volume.HddsVolume@50df37eb
2019-07-16 14:41:35,412 INFO  impl.RaftServerProxy (ConfUtils.java:logGet(43)) - raft.rpc.type = GRPC (default)
2019-07-16 14:41:35,412 INFO  grpc.GrpcFactory (GrpcFactory.java:checkPooledByteBufAllocatorUseCacheForAllThreads(45)) - PERFORMANCE WARNING: useCacheForAllThreads is true that may cause Netty to create a lot garbage objects and, as a result, trigger GC.
	It is recommended to disable useCacheForAllThreads by setting -Dorg.apache.ratis.thirdparty.io.netty.allocator.useCacheForAllThreads=false in command line.
2019-07-16 14:41:35,414 INFO  grpc.GrpcConfigKeys$Server (ConfUtils.java:logGet(43)) - raft.grpc.server.port = 0 (default)
2019-07-16 14:41:35,414 INFO  server.GrpcService (ConfUtils.java:logGet(43)) - raft.grpc.message.size.max = 33570816 (custom)
2019-07-16 14:41:35,414 INFO  server.RaftServerConfigKeys (ConfUtils.java:logGet(43)) - raft.server.log.appender.buffer.byte-limit = 33554432 (custom)
2019-07-16 14:41:35,414 INFO  server.GrpcService (ConfUtils.java:logGet(43)) - raft.grpc.flow.control.window = 1MB (=1048576) (default)
2019-07-16 14:41:35,414 INFO  server.RaftServerConfigKeys (ConfUtils.java:logGet(43)) - raft.server.rpc.request.timeout = 3000ms (default)
2019-07-16 14:41:35,415 INFO  server.RaftServerConfigKeys (ConfUtils.java:logGet(43)) - raft.server.storage.dir = [/workdir/hadoop-ozone/integration-test/target/test-dir/MiniOzoneClusterImpl-18ed21d2-c6a0-43cf-8b50-5fae82384936/datanode-1/data/ratis] (custom)
2019-07-16 14:41:35,415 INFO  replication.SimpleContainerDownloader (SimpleContainerDownloader.java:<init>(72)) - Starting container downloader service to copy containers to replicate.
2019-07-16 14:41:35,417 INFO  hdfs.DFSUtil (DFSUtil.java:httpServerTemplateForNNAndJN(1641)) - Starting Web-server for hddsDatanode at: http://0.0.0.0:0
2019-07-16 14:41:35,418 INFO  server.AuthenticationFilter (AuthenticationFilter.java:constructSecretProvider(240)) - Unable to initialize FileSignerSecretProvider, falling back to use random secrets.
2019-07-16 14:41:35,419 WARN  http.HttpRequestLog (HttpRequestLog.java:getRequestLog(97)) - Jetty request log can only be enabled using Log4j
2019-07-16 14:41:35,421 INFO  http.HttpServer2 (HttpServer2.java:addGlobalFilter(975)) - Added global filter 'safety' (class=org.apache.hadoop.http.HttpServer2$QuotingInputFilter)
2019-07-16 14:41:35,421 INFO  http.HttpServer2 (HttpServer2.java:addFilter(948)) - Added filter static_user_filter (class=org.apache.hadoop.http.lib.StaticUserWebFilter$StaticUserFilter) to context hddsDatanode
2019-07-16 14:41:35,422 INFO  http.HttpServer2 (HttpServer2.java:addFilter(958)) - Added filter static_user_filter (class=org.apache.hadoop.http.lib.StaticUserWebFilter$StaticUserFilter) to context logs
2019-07-16 14:41:35,422 INFO  http.HttpServer2 (HttpServer2.java:addFilter(958)) - Added filter static_user_filter (class=org.apache.hadoop.http.lib.StaticUserWebFilter$StaticUserFilter) to context static
2019-07-16 14:41:35,423 INFO  http.HttpServer2 (HttpServer2.java:bindListener(1191)) - Jetty bound to port 32909
2019-07-16 14:41:35,423 INFO  server.Server (Server.java:doStart(351)) - jetty-9.3.24.v20180605, build timestamp: 2018-06-05T17:11:56Z, git hash: 84205aa28f11a4f31f2a3b86d1bba2cc8ab69827
2019-07-16 14:41:35,425 INFO  handler.ContextHandler (ContextHandler.java:doStart(781)) - Started o.e.j.s.ServletContextHandler@56d822dc{/logs,file:///workdir/hadoop-ozone/integration-test/target/log,AVAILABLE}
2019-07-16 14:41:35,426 INFO  handler.ContextHandler (ContextHandler.java:doStart(781)) - Started o.e.j.s.ServletContextHandler@21b744ec{/static,jar:file:/home/user/.m2/repository/org/apache/hadoop/hadoop-hdds-container-service/0.4.1-SNAPSHOT/hadoop-hdds-container-service-0.4.1-SNAPSHOT.jar!/webapps/static,AVAILABLE}
2019-07-16 14:41:35,469 INFO  handler.ContextHandler (ContextHandler.java:doStart(781)) - Started o.e.j.w.WebAppContext@5ee77baf{/,file:///tmp/jetty-0.0.0.0-32909-hddsDatanode-_-any-533174918739111790.dir/webapp/,AVAILABLE}{/hddsDatanode}
2019-07-16 14:41:35,469 INFO  server.AbstractConnector (AbstractConnector.java:doStart(278)) - Started ServerConnector@485deee1{HTTP/1.1,[http/1.1]}{0.0.0.0:32909}
2019-07-16 14:41:35,471 INFO  server.Server (Server.java:doStart(419)) - Started @24257ms
2019-07-16 14:41:35,472 INFO  server.BaseHttpServer (BaseHttpServer.java:updateConnectorAddress(207)) - HTTP server of HDDSDATANODE is listening at http://0.0.0.0:32909
2019-07-16 14:41:35,581 INFO  ozone.HddsDatanodeService (HddsDatanodeService.java:startPlugins(396)) - Started plug-in org.apache.hadoop.ozone.web.OzoneHddsDatanodeService@ff1f465
2019-07-16 14:41:35,581 INFO  impl.MetricsSystemImpl (MetricsSystemImpl.java:init(158)) - HddsDatanode metrics system started (again)
2019-07-16 14:41:35,583 INFO  ozone.HddsDatanodeService (HddsDatanodeService.java:start(185)) - HddsDatanodeService host:byscane-nightly-ppzk5-1864156943 ip:192.168.5.141
2019-07-16 14:41:35,584 INFO  util.JvmPauseMonitor (JvmPauseMonitor.java:run(188)) - Starting JVM pause monitor
2019-07-16 14:41:35,586 INFO  datanode.InitDatanodeState (InitDatanodeState.java:persistContainerDatanodeDetails(140)) - DatanodeDetails is persisted to /workdir/hadoop-ozone/integration-test/target/test-dir/MiniOzoneClusterImpl-18ed21d2-c6a0-43cf-8b50-5fae82384936/datanode-1/meta/datanode.id
2019-07-16 14:41:35,594 INFO  volume.HddsVolume (HddsVolume.java:<init>(176)) - Creating Volume: /workdir/hadoop-ozone/integration-test/target/test-dir/MiniOzoneClusterImpl-18ed21d2-c6a0-43cf-8b50-5fae82384936/datanode-2/data/containers/hdds of  storage type : DISK and capacity : 52710309888
2019-07-16 14:41:35,595 INFO  volume.VolumeSet (VolumeSet.java:initializeVolumeSet(170)) - Added Volume : /workdir/hadoop-ozone/integration-test/target/test-dir/MiniOzoneClusterImpl-18ed21d2-c6a0-43cf-8b50-5fae82384936/datanode-2/data/containers/hdds to VolumeSet
2019-07-16 14:41:35,595 INFO  volume.ThrottledAsyncChecker (ThrottledAsyncChecker.java:schedule(140)) - Scheduling a check for org.apache.hadoop.ozone.container.common.volume.HddsVolume@49122853
2019-07-16 14:41:35,595 INFO  volume.HddsVolumeChecker (HddsVolumeChecker.java:checkAllVolumes(203)) - Scheduled health check for volume org.apache.hadoop.ozone.container.common.volume.HddsVolume@49122853
2019-07-16 14:41:35,607 INFO  impl.RaftServerProxy (ConfUtils.java:logGet(43)) - raft.rpc.type = GRPC (default)
2019-07-16 14:41:35,607 INFO  grpc.GrpcFactory (GrpcFactory.java:checkPooledByteBufAllocatorUseCacheForAllThreads(45)) - PERFORMANCE WARNING: useCacheForAllThreads is true that may cause Netty to create a lot garbage objects and, as a result, trigger GC.
	It is recommended to disable useCacheForAllThreads by setting -Dorg.apache.ratis.thirdparty.io.netty.allocator.useCacheForAllThreads=false in command line.
2019-07-16 14:41:35,607 INFO  grpc.GrpcConfigKeys$Server (ConfUtils.java:logGet(43)) - raft.grpc.server.port = 0 (default)
2019-07-16 14:41:35,608 INFO  server.GrpcService (ConfUtils.java:logGet(43)) - raft.grpc.message.size.max = 33570816 (custom)
2019-07-16 14:41:35,608 INFO  server.RaftServerConfigKeys (ConfUtils.java:logGet(43)) - raft.server.log.appender.buffer.byte-limit = 33554432 (custom)
2019-07-16 14:41:35,608 INFO  server.GrpcService (ConfUtils.java:logGet(43)) - raft.grpc.flow.control.window = 1MB (=1048576) (default)
2019-07-16 14:41:35,608 INFO  server.RaftServerConfigKeys (ConfUtils.java:logGet(43)) - raft.server.rpc.request.timeout = 3000ms (default)
2019-07-16 14:41:35,608 INFO  server.RaftServerConfigKeys (ConfUtils.java:logGet(43)) - raft.server.storage.dir = [/workdir/hadoop-ozone/integration-test/target/test-dir/MiniOzoneClusterImpl-18ed21d2-c6a0-43cf-8b50-5fae82384936/datanode-2/data/ratis] (custom)
2019-07-16 14:41:35,609 INFO  replication.SimpleContainerDownloader (SimpleContainerDownloader.java:<init>(72)) - Starting container downloader service to copy containers to replicate.
2019-07-16 14:41:35,610 INFO  hdfs.DFSUtil (DFSUtil.java:httpServerTemplateForNNAndJN(1641)) - Starting Web-server for hddsDatanode at: http://0.0.0.0:0
2019-07-16 14:41:35,611 INFO  server.AuthenticationFilter (AuthenticationFilter.java:constructSecretProvider(240)) - Unable to initialize FileSignerSecretProvider, falling back to use random secrets.
2019-07-16 14:41:35,611 WARN  http.HttpRequestLog (HttpRequestLog.java:getRequestLog(97)) - Jetty request log can only be enabled using Log4j
2019-07-16 14:41:35,612 INFO  http.HttpServer2 (HttpServer2.java:addGlobalFilter(975)) - Added global filter 'safety' (class=org.apache.hadoop.http.HttpServer2$QuotingInputFilter)
2019-07-16 14:41:35,613 INFO  http.HttpServer2 (HttpServer2.java:addFilter(948)) - Added filter static_user_filter (class=org.apache.hadoop.http.lib.StaticUserWebFilter$StaticUserFilter) to context hddsDatanode
2019-07-16 14:41:35,613 INFO  http.HttpServer2 (HttpServer2.java:addFilter(958)) - Added filter static_user_filter (class=org.apache.hadoop.http.lib.StaticUserWebFilter$StaticUserFilter) to context static
2019-07-16 14:41:35,613 INFO  http.HttpServer2 (HttpServer2.java:addFilter(958)) - Added filter static_user_filter (class=org.apache.hadoop.http.lib.StaticUserWebFilter$StaticUserFilter) to context logs
2019-07-16 14:41:35,614 INFO  http.HttpServer2 (HttpServer2.java:bindListener(1191)) - Jetty bound to port 38688
2019-07-16 14:41:35,614 INFO  server.Server (Server.java:doStart(351)) - jetty-9.3.24.v20180605, build timestamp: 2018-06-05T17:11:56Z, git hash: 84205aa28f11a4f31f2a3b86d1bba2cc8ab69827
2019-07-16 14:41:35,615 INFO  handler.ContextHandler (ContextHandler.java:doStart(781)) - Started o.e.j.s.ServletContextHandler@31693a86{/logs,file:///workdir/hadoop-ozone/integration-test/target/log,AVAILABLE}
2019-07-16 14:41:35,616 INFO  handler.ContextHandler (ContextHandler.java:doStart(781)) - Started o.e.j.s.ServletContextHandler@1f9a7684{/static,jar:file:/home/user/.m2/repository/org/apache/hadoop/hadoop-hdds-container-service/0.4.1-SNAPSHOT/hadoop-hdds-container-service-0.4.1-SNAPSHOT.jar!/webapps/static,AVAILABLE}
2019-07-16 14:41:35,638 INFO  handler.ContextHandler (ContextHandler.java:doStart(781)) - Started o.e.j.w.WebAppContext@175f859e{/,file:///tmp/jetty-0.0.0.0-38688-hddsDatanode-_-any-5162016483625446330.dir/webapp/,AVAILABLE}{/hddsDatanode}
2019-07-16 14:41:35,638 INFO  server.AbstractConnector (AbstractConnector.java:doStart(278)) - Started ServerConnector@69fe7090{HTTP/1.1,[http/1.1]}{0.0.0.0:38688}
2019-07-16 14:41:35,639 INFO  server.Server (Server.java:doStart(419)) - Started @24426ms
2019-07-16 14:41:35,640 INFO  server.BaseHttpServer (BaseHttpServer.java:updateConnectorAddress(207)) - HTTP server of HDDSDATANODE is listening at http://0.0.0.0:38688
2019-07-16 14:41:35,730 INFO  ozone.HddsDatanodeService (HddsDatanodeService.java:startPlugins(396)) - Started plug-in org.apache.hadoop.ozone.web.OzoneHddsDatanodeService@2ecdf528
2019-07-16 14:41:35,730 INFO  impl.MetricsSystemImpl (MetricsSystemImpl.java:init(158)) - HddsDatanode metrics system started (again)
2019-07-16 14:41:35,731 INFO  ozone.HddsDatanodeService (HddsDatanodeService.java:start(185)) - HddsDatanodeService host:byscane-nightly-ppzk5-1864156943 ip:192.168.5.141
2019-07-16 14:41:35,734 INFO  util.JvmPauseMonitor (JvmPauseMonitor.java:run(188)) - Starting JVM pause monitor
2019-07-16 14:41:35,736 INFO  datanode.InitDatanodeState (InitDatanodeState.java:persistContainerDatanodeDetails(140)) - DatanodeDetails is persisted to /workdir/hadoop-ozone/integration-test/target/test-dir/MiniOzoneClusterImpl-18ed21d2-c6a0-43cf-8b50-5fae82384936/datanode-2/meta/datanode.id
2019-07-16 14:41:35,741 INFO  volume.HddsVolume (HddsVolume.java:<init>(176)) - Creating Volume: /workdir/hadoop-ozone/integration-test/target/test-dir/MiniOzoneClusterImpl-18ed21d2-c6a0-43cf-8b50-5fae82384936/datanode-3/data/containers/hdds of  storage type : DISK and capacity : 52710309888
2019-07-16 14:41:35,741 INFO  volume.VolumeSet (VolumeSet.java:initializeVolumeSet(170)) - Added Volume : /workdir/hadoop-ozone/integration-test/target/test-dir/MiniOzoneClusterImpl-18ed21d2-c6a0-43cf-8b50-5fae82384936/datanode-3/data/containers/hdds to VolumeSet
2019-07-16 14:41:35,741 INFO  volume.ThrottledAsyncChecker (ThrottledAsyncChecker.java:schedule(140)) - Scheduling a check for org.apache.hadoop.ozone.container.common.volume.HddsVolume@7d4d65f5
2019-07-16 14:41:35,742 INFO  volume.HddsVolumeChecker (HddsVolumeChecker.java:checkAllVolumes(203)) - Scheduled health check for volume org.apache.hadoop.ozone.container.common.volume.HddsVolume@7d4d65f5
2019-07-16 14:41:35,752 INFO  impl.RaftServerProxy (ConfUtils.java:logGet(43)) - raft.rpc.type = GRPC (default)
2019-07-16 14:41:35,752 INFO  grpc.GrpcFactory (GrpcFactory.java:checkPooledByteBufAllocatorUseCacheForAllThreads(45)) - PERFORMANCE WARNING: useCacheForAllThreads is true that may cause Netty to create a lot garbage objects and, as a result, trigger GC.
	It is recommended to disable useCacheForAllThreads by setting -Dorg.apache.ratis.thirdparty.io.netty.allocator.useCacheForAllThreads=false in command line.
2019-07-16 14:41:35,753 INFO  grpc.GrpcConfigKeys$Server (ConfUtils.java:logGet(43)) - raft.grpc.server.port = 0 (default)
2019-07-16 14:41:35,753 INFO  server.GrpcService (ConfUtils.java:logGet(43)) - raft.grpc.message.size.max = 33570816 (custom)
2019-07-16 14:41:35,753 INFO  server.RaftServerConfigKeys (ConfUtils.java:logGet(43)) - raft.server.log.appender.buffer.byte-limit = 33554432 (custom)
2019-07-16 14:41:35,753 INFO  server.GrpcService (ConfUtils.java:logGet(43)) - raft.grpc.flow.control.window = 1MB (=1048576) (default)
2019-07-16 14:41:35,753 INFO  server.RaftServerConfigKeys (ConfUtils.java:logGet(43)) - raft.server.rpc.request.timeout = 3000ms (default)
2019-07-16 14:41:35,754 INFO  server.RaftServerConfigKeys (ConfUtils.java:logGet(43)) - raft.server.storage.dir = [/workdir/hadoop-ozone/integration-test/target/test-dir/MiniOzoneClusterImpl-18ed21d2-c6a0-43cf-8b50-5fae82384936/datanode-3/data/ratis] (custom)
2019-07-16 14:41:35,754 INFO  replication.SimpleContainerDownloader (SimpleContainerDownloader.java:<init>(72)) - Starting container downloader service to copy containers to replicate.
2019-07-16 14:41:35,755 INFO  hdfs.DFSUtil (DFSUtil.java:httpServerTemplateForNNAndJN(1641)) - Starting Web-server for hddsDatanode at: http://0.0.0.0:0
2019-07-16 14:41:35,756 INFO  server.AuthenticationFilter (AuthenticationFilter.java:constructSecretProvider(240)) - Unable to initialize FileSignerSecretProvider, falling back to use random secrets.
2019-07-16 14:41:35,757 WARN  http.HttpRequestLog (HttpRequestLog.java:getRequestLog(97)) - Jetty request log can only be enabled using Log4j
2019-07-16 14:41:35,758 INFO  http.HttpServer2 (HttpServer2.java:addGlobalFilter(975)) - Added global filter 'safety' (class=org.apache.hadoop.http.HttpServer2$QuotingInputFilter)
2019-07-16 14:41:35,758 INFO  http.HttpServer2 (HttpServer2.java:addFilter(948)) - Added filter static_user_filter (class=org.apache.hadoop.http.lib.StaticUserWebFilter$StaticUserFilter) to context hddsDatanode
2019-07-16 14:41:35,758 INFO  http.HttpServer2 (HttpServer2.java:addFilter(958)) - Added filter static_user_filter (class=org.apache.hadoop.http.lib.StaticUserWebFilter$StaticUserFilter) to context logs
2019-07-16 14:41:35,758 INFO  http.HttpServer2 (HttpServer2.java:addFilter(958)) - Added filter static_user_filter (class=org.apache.hadoop.http.lib.StaticUserWebFilter$StaticUserFilter) to context static
2019-07-16 14:41:35,759 INFO  http.HttpServer2 (HttpServer2.java:bindListener(1191)) - Jetty bound to port 43705
2019-07-16 14:41:35,759 INFO  server.Server (Server.java:doStart(351)) - jetty-9.3.24.v20180605, build timestamp: 2018-06-05T17:11:56Z, git hash: 84205aa28f11a4f31f2a3b86d1bba2cc8ab69827
2019-07-16 14:41:35,760 INFO  handler.ContextHandler (ContextHandler.java:doStart(781)) - Started o.e.j.s.ServletContextHandler@20a47036{/logs,file:///workdir/hadoop-ozone/integration-test/target/log,AVAILABLE}
2019-07-16 14:41:35,761 INFO  handler.ContextHandler (ContextHandler.java:doStart(781)) - Started o.e.j.s.ServletContextHandler@43ab9ae9{/static,jar:file:/home/user/.m2/repository/org/apache/hadoop/hadoop-hdds-container-service/0.4.1-SNAPSHOT/hadoop-hdds-container-service-0.4.1-SNAPSHOT.jar!/webapps/static,AVAILABLE}
2019-07-16 14:41:35,783 INFO  handler.ContextHandler (ContextHandler.java:doStart(781)) - Started o.e.j.w.WebAppContext@7a0f06ad{/,file:///tmp/jetty-0.0.0.0-43705-hddsDatanode-_-any-6605723252505526909.dir/webapp/,AVAILABLE}{/hddsDatanode}
2019-07-16 14:41:35,783 INFO  server.AbstractConnector (AbstractConnector.java:doStart(278)) - Started ServerConnector@1fa9692b{HTTP/1.1,[http/1.1]}{0.0.0.0:43705}
2019-07-16 14:41:35,785 INFO  server.Server (Server.java:doStart(419)) - Started @24571ms
2019-07-16 14:41:35,785 INFO  server.BaseHttpServer (BaseHttpServer.java:updateConnectorAddress(207)) - HTTP server of HDDSDATANODE is listening at http://0.0.0.0:43705
2019-07-16 14:41:35,876 INFO  ozone.HddsDatanodeService (HddsDatanodeService.java:startPlugins(396)) - Started plug-in org.apache.hadoop.ozone.web.OzoneHddsDatanodeService@28519bfb
2019-07-16 14:41:35,877 INFO  impl.MetricsSystemImpl (MetricsSystemImpl.java:init(158)) - HddsDatanode metrics system started (again)
2019-07-16 14:41:35,879 INFO  ozone.HddsDatanodeService (HddsDatanodeService.java:start(185)) - HddsDatanodeService host:byscane-nightly-ppzk5-1864156943 ip:192.168.5.141
2019-07-16 14:41:35,881 INFO  util.JvmPauseMonitor (JvmPauseMonitor.java:run(188)) - Starting JVM pause monitor
2019-07-16 14:41:35,882 INFO  datanode.InitDatanodeState (InitDatanodeState.java:persistContainerDatanodeDetails(140)) - DatanodeDetails is persisted to /workdir/hadoop-ozone/integration-test/target/test-dir/MiniOzoneClusterImpl-18ed21d2-c6a0-43cf-8b50-5fae82384936/datanode-3/meta/datanode.id
2019-07-16 14:41:35,888 INFO  volume.HddsVolume (HddsVolume.java:<init>(176)) - Creating Volume: /workdir/hadoop-ozone/integration-test/target/test-dir/MiniOzoneClusterImpl-18ed21d2-c6a0-43cf-8b50-5fae82384936/datanode-4/data/containers/hdds of  storage type : DISK and capacity : 52710309888
2019-07-16 14:41:35,888 INFO  volume.VolumeSet (VolumeSet.java:initializeVolumeSet(170)) - Added Volume : /workdir/hadoop-ozone/integration-test/target/test-dir/MiniOzoneClusterImpl-18ed21d2-c6a0-43cf-8b50-5fae82384936/datanode-4/data/containers/hdds to VolumeSet
2019-07-16 14:41:35,888 INFO  volume.ThrottledAsyncChecker (ThrottledAsyncChecker.java:schedule(140)) - Scheduling a check for org.apache.hadoop.ozone.container.common.volume.HddsVolume@3fd5d679
2019-07-16 14:41:35,889 INFO  volume.HddsVolumeChecker (HddsVolumeChecker.java:checkAllVolumes(203)) - Scheduled health check for volume org.apache.hadoop.ozone.container.common.volume.HddsVolume@3fd5d679
2019-07-16 14:41:35,901 INFO  impl.RaftServerProxy (ConfUtils.java:logGet(43)) - raft.rpc.type = GRPC (default)
2019-07-16 14:41:35,901 INFO  grpc.GrpcFactory (GrpcFactory.java:checkPooledByteBufAllocatorUseCacheForAllThreads(45)) - PERFORMANCE WARNING: useCacheForAllThreads is true that may cause Netty to create a lot garbage objects and, as a result, trigger GC.
	It is recommended to disable useCacheForAllThreads by setting -Dorg.apache.ratis.thirdparty.io.netty.allocator.useCacheForAllThreads=false in command line.
2019-07-16 14:41:35,902 INFO  grpc.GrpcConfigKeys$Server (ConfUtils.java:logGet(43)) - raft.grpc.server.port = 0 (default)
2019-07-16 14:41:35,902 INFO  server.GrpcService (ConfUtils.java:logGet(43)) - raft.grpc.message.size.max = 33570816 (custom)
2019-07-16 14:41:35,902 INFO  server.RaftServerConfigKeys (ConfUtils.java:logGet(43)) - raft.server.log.appender.buffer.byte-limit = 33554432 (custom)
2019-07-16 14:41:35,902 INFO  server.GrpcService (ConfUtils.java:logGet(43)) - raft.grpc.flow.control.window = 1MB (=1048576) (default)
2019-07-16 14:41:35,902 INFO  server.RaftServerConfigKeys (ConfUtils.java:logGet(43)) - raft.server.rpc.request.timeout = 3000ms (default)
2019-07-16 14:41:35,903 INFO  server.RaftServerConfigKeys (ConfUtils.java:logGet(43)) - raft.server.storage.dir = [/workdir/hadoop-ozone/integration-test/target/test-dir/MiniOzoneClusterImpl-18ed21d2-c6a0-43cf-8b50-5fae82384936/datanode-4/data/ratis] (custom)
2019-07-16 14:41:35,903 INFO  replication.SimpleContainerDownloader (SimpleContainerDownloader.java:<init>(72)) - Starting container downloader service to copy containers to replicate.
2019-07-16 14:41:35,904 INFO  hdfs.DFSUtil (DFSUtil.java:httpServerTemplateForNNAndJN(1641)) - Starting Web-server for hddsDatanode at: http://0.0.0.0:0
2019-07-16 14:41:35,906 INFO  server.AuthenticationFilter (AuthenticationFilter.java:constructSecretProvider(240)) - Unable to initialize FileSignerSecretProvider, falling back to use random secrets.
2019-07-16 14:41:35,906 WARN  http.HttpRequestLog (HttpRequestLog.java:getRequestLog(97)) - Jetty request log can only be enabled using Log4j
2019-07-16 14:41:35,907 INFO  http.HttpServer2 (HttpServer2.java:addGlobalFilter(975)) - Added global filter 'safety' (class=org.apache.hadoop.http.HttpServer2$QuotingInputFilter)
2019-07-16 14:41:35,907 INFO  http.HttpServer2 (HttpServer2.java:addFilter(948)) - Added filter static_user_filter (class=org.apache.hadoop.http.lib.StaticUserWebFilter$StaticUserFilter) to context hddsDatanode
2019-07-16 14:41:35,908 INFO  http.HttpServer2 (HttpServer2.java:addFilter(958)) - Added filter static_user_filter (class=org.apache.hadoop.http.lib.StaticUserWebFilter$StaticUserFilter) to context static
2019-07-16 14:41:35,908 INFO  http.HttpServer2 (HttpServer2.java:addFilter(958)) - Added filter static_user_filter (class=org.apache.hadoop.http.lib.StaticUserWebFilter$StaticUserFilter) to context logs
2019-07-16 14:41:35,908 INFO  http.HttpServer2 (HttpServer2.java:bindListener(1191)) - Jetty bound to port 42587
2019-07-16 14:41:35,908 INFO  server.Server (Server.java:doStart(351)) - jetty-9.3.24.v20180605, build timestamp: 2018-06-05T17:11:56Z, git hash: 84205aa28f11a4f31f2a3b86d1bba2cc8ab69827
2019-07-16 14:41:35,910 INFO  handler.ContextHandler (ContextHandler.java:doStart(781)) - Started o.e.j.s.ServletContextHandler@42d174ad{/logs,file:///workdir/hadoop-ozone/integration-test/target/log,AVAILABLE}
2019-07-16 14:41:35,910 INFO  handler.ContextHandler (ContextHandler.java:doStart(781)) - Started o.e.j.s.ServletContextHandler@173a5fad{/static,jar:file:/home/user/.m2/repository/org/apache/hadoop/hadoop-hdds-container-service/0.4.1-SNAPSHOT/hadoop-hdds-container-service-0.4.1-SNAPSHOT.jar!/webapps/static,AVAILABLE}
2019-07-16 14:41:35,933 INFO  handler.ContextHandler (ContextHandler.java:doStart(781)) - Started o.e.j.w.WebAppContext@1f6c4ae{/,file:///tmp/jetty-0.0.0.0-42587-hddsDatanode-_-any-5977251299824468472.dir/webapp/,AVAILABLE}{/hddsDatanode}
2019-07-16 14:41:35,934 INFO  server.AbstractConnector (AbstractConnector.java:doStart(278)) - Started ServerConnector@26270b77{HTTP/1.1,[http/1.1]}{0.0.0.0:42587}
2019-07-16 14:41:35,935 INFO  server.Server (Server.java:doStart(419)) - Started @24722ms
2019-07-16 14:41:35,936 INFO  server.BaseHttpServer (BaseHttpServer.java:updateConnectorAddress(207)) - HTTP server of HDDSDATANODE is listening at http://0.0.0.0:42587
2019-07-16 14:41:36,094 INFO  ozone.HddsDatanodeService (HddsDatanodeService.java:startPlugins(396)) - Started plug-in org.apache.hadoop.ozone.web.OzoneHddsDatanodeService@70592729
2019-07-16 14:41:36,096 INFO  impl.MetricsSystemImpl (MetricsSystemImpl.java:init(158)) - HddsDatanode metrics system started (again)
2019-07-16 14:41:36,096 INFO  ozone.HddsDatanodeService (HddsDatanodeService.java:start(185)) - HddsDatanodeService host:byscane-nightly-ppzk5-1864156943 ip:192.168.5.141
2019-07-16 14:41:36,106 INFO  volume.HddsVolume (HddsVolume.java:<init>(176)) - Creating Volume: /workdir/hadoop-ozone/integration-test/target/test-dir/MiniOzoneClusterImpl-18ed21d2-c6a0-43cf-8b50-5fae82384936/datanode-5/data/containers/hdds of  storage type : DISK and capacity : 52710309888
2019-07-16 14:41:36,109 INFO  volume.VolumeSet (VolumeSet.java:initializeVolumeSet(170)) - Added Volume : /workdir/hadoop-ozone/integration-test/target/test-dir/MiniOzoneClusterImpl-18ed21d2-c6a0-43cf-8b50-5fae82384936/datanode-5/data/containers/hdds to VolumeSet
2019-07-16 14:41:36,109 INFO  volume.ThrottledAsyncChecker (ThrottledAsyncChecker.java:schedule(140)) - Scheduling a check for org.apache.hadoop.ozone.container.common.volume.HddsVolume@1cb849b2
2019-07-16 14:41:36,116 INFO  volume.HddsVolumeChecker (HddsVolumeChecker.java:checkAllVolumes(203)) - Scheduled health check for volume org.apache.hadoop.ozone.container.common.volume.HddsVolume@1cb849b2
2019-07-16 14:41:36,118 INFO  util.JvmPauseMonitor (JvmPauseMonitor.java:run(188)) - Starting JVM pause monitor
2019-07-16 14:41:36,120 INFO  datanode.InitDatanodeState (InitDatanodeState.java:persistContainerDatanodeDetails(140)) - DatanodeDetails is persisted to /workdir/hadoop-ozone/integration-test/target/test-dir/MiniOzoneClusterImpl-18ed21d2-c6a0-43cf-8b50-5fae82384936/datanode-4/meta/datanode.id
2019-07-16 14:41:36,132 INFO  impl.RaftServerProxy (ConfUtils.java:logGet(43)) - raft.rpc.type = GRPC (default)
2019-07-16 14:41:36,132 INFO  grpc.GrpcFactory (GrpcFactory.java:checkPooledByteBufAllocatorUseCacheForAllThreads(45)) - PERFORMANCE WARNING: useCacheForAllThreads is true that may cause Netty to create a lot garbage objects and, as a result, trigger GC.
	It is recommended to disable useCacheForAllThreads by setting -Dorg.apache.ratis.thirdparty.io.netty.allocator.useCacheForAllThreads=false in command line.
2019-07-16 14:41:36,132 INFO  grpc.GrpcConfigKeys$Server (ConfUtils.java:logGet(43)) - raft.grpc.server.port = 0 (default)
2019-07-16 14:41:36,133 INFO  server.GrpcService (ConfUtils.java:logGet(43)) - raft.grpc.message.size.max = 33570816 (custom)
2019-07-16 14:41:36,133 INFO  server.RaftServerConfigKeys (ConfUtils.java:logGet(43)) - raft.server.log.appender.buffer.byte-limit = 33554432 (custom)
2019-07-16 14:41:36,133 INFO  server.GrpcService (ConfUtils.java:logGet(43)) - raft.grpc.flow.control.window = 1MB (=1048576) (default)
2019-07-16 14:41:36,133 INFO  server.RaftServerConfigKeys (ConfUtils.java:logGet(43)) - raft.server.rpc.request.timeout = 3000ms (default)
2019-07-16 14:41:36,134 INFO  server.RaftServerConfigKeys (ConfUtils.java:logGet(43)) - raft.server.storage.dir = [/workdir/hadoop-ozone/integration-test/target/test-dir/MiniOzoneClusterImpl-18ed21d2-c6a0-43cf-8b50-5fae82384936/datanode-5/data/ratis] (custom)
2019-07-16 14:41:36,134 INFO  replication.SimpleContainerDownloader (SimpleContainerDownloader.java:<init>(72)) - Starting container downloader service to copy containers to replicate.
2019-07-16 14:41:36,135 INFO  hdfs.DFSUtil (DFSUtil.java:httpServerTemplateForNNAndJN(1641)) - Starting Web-server for hddsDatanode at: http://0.0.0.0:0
2019-07-16 14:41:36,136 INFO  server.AuthenticationFilter (AuthenticationFilter.java:constructSecretProvider(240)) - Unable to initialize FileSignerSecretProvider, falling back to use random secrets.
2019-07-16 14:41:36,136 WARN  http.HttpRequestLog (HttpRequestLog.java:getRequestLog(97)) - Jetty request log can only be enabled using Log4j
2019-07-16 14:41:36,137 INFO  http.HttpServer2 (HttpServer2.java:addGlobalFilter(975)) - Added global filter 'safety' (class=org.apache.hadoop.http.HttpServer2$QuotingInputFilter)
2019-07-16 14:41:36,138 INFO  http.HttpServer2 (HttpServer2.java:addFilter(948)) - Added filter static_user_filter (class=org.apache.hadoop.http.lib.StaticUserWebFilter$StaticUserFilter) to context hddsDatanode
2019-07-16 14:41:36,138 INFO  http.HttpServer2 (HttpServer2.java:addFilter(958)) - Added filter static_user_filter (class=org.apache.hadoop.http.lib.StaticUserWebFilter$StaticUserFilter) to context logs
2019-07-16 14:41:36,138 INFO  http.HttpServer2 (HttpServer2.java:addFilter(958)) - Added filter static_user_filter (class=org.apache.hadoop.http.lib.StaticUserWebFilter$StaticUserFilter) to context static
2019-07-16 14:41:36,139 INFO  http.HttpServer2 (HttpServer2.java:bindListener(1191)) - Jetty bound to port 40436
2019-07-16 14:41:36,139 INFO  server.Server (Server.java:doStart(351)) - jetty-9.3.24.v20180605, build timestamp: 2018-06-05T17:11:56Z, git hash: 84205aa28f11a4f31f2a3b86d1bba2cc8ab69827
2019-07-16 14:41:36,141 INFO  handler.ContextHandler (ContextHandler.java:doStart(781)) - Started o.e.j.s.ServletContextHandler@64ed18ec{/logs,file:///workdir/hadoop-ozone/integration-test/target/log,AVAILABLE}
2019-07-16 14:41:36,141 INFO  handler.ContextHandler (ContextHandler.java:doStart(781)) - Started o.e.j.s.ServletContextHandler@590dea35{/static,jar:file:/home/user/.m2/repository/org/apache/hadoop/hadoop-hdds-container-service/0.4.1-SNAPSHOT/hadoop-hdds-container-service-0.4.1-SNAPSHOT.jar!/webapps/static,AVAILABLE}
2019-07-16 14:41:36,173 INFO  handler.ContextHandler (ContextHandler.java:doStart(781)) - Started o.e.j.w.WebAppContext@6fa3def8{/,file:///tmp/jetty-0.0.0.0-40436-hddsDatanode-_-any-1014953202072772803.dir/webapp/,AVAILABLE}{/hddsDatanode}
2019-07-16 14:41:36,174 INFO  server.AbstractConnector (AbstractConnector.java:doStart(278)) - Started ServerConnector@1c3d9e28{HTTP/1.1,[http/1.1]}{0.0.0.0:40436}
2019-07-16 14:41:36,175 INFO  server.Server (Server.java:doStart(419)) - Started @24962ms
2019-07-16 14:41:36,176 INFO  server.BaseHttpServer (BaseHttpServer.java:updateConnectorAddress(207)) - HTTP server of HDDSDATANODE is listening at http://0.0.0.0:40436
2019-07-16 14:41:36,307 INFO  ozone.HddsDatanodeService (HddsDatanodeService.java:startPlugins(396)) - Started plug-in org.apache.hadoop.ozone.web.OzoneHddsDatanodeService@3199a202
2019-07-16 14:41:36,307 INFO  impl.MetricsSystemImpl (MetricsSystemImpl.java:init(158)) - HddsDatanode metrics system started (again)
2019-07-16 14:41:36,310 INFO  ozone.HddsDatanodeService (HddsDatanodeService.java:start(185)) - HddsDatanodeService host:byscane-nightly-ppzk5-1864156943 ip:192.168.5.141
2019-07-16 14:41:36,311 INFO  util.JvmPauseMonitor (JvmPauseMonitor.java:run(188)) - Starting JVM pause monitor
2019-07-16 14:41:36,313 INFO  datanode.InitDatanodeState (InitDatanodeState.java:persistContainerDatanodeDetails(140)) - DatanodeDetails is persisted to /workdir/hadoop-ozone/integration-test/target/test-dir/MiniOzoneClusterImpl-18ed21d2-c6a0-43cf-8b50-5fae82384936/datanode-5/meta/datanode.id
2019-07-16 14:41:36,319 INFO  volume.HddsVolume (HddsVolume.java:<init>(176)) - Creating Volume: /workdir/hadoop-ozone/integration-test/target/test-dir/MiniOzoneClusterImpl-18ed21d2-c6a0-43cf-8b50-5fae82384936/datanode-6/data/containers/hdds of  storage type : DISK and capacity : 52710309888
2019-07-16 14:41:36,319 INFO  volume.VolumeSet (VolumeSet.java:initializeVolumeSet(170)) - Added Volume : /workdir/hadoop-ozone/integration-test/target/test-dir/MiniOzoneClusterImpl-18ed21d2-c6a0-43cf-8b50-5fae82384936/datanode-6/data/containers/hdds to VolumeSet
2019-07-16 14:41:36,319 INFO  volume.ThrottledAsyncChecker (ThrottledAsyncChecker.java:schedule(140)) - Scheduling a check for org.apache.hadoop.ozone.container.common.volume.HddsVolume@3b347439
2019-07-16 14:41:36,320 INFO  volume.HddsVolumeChecker (HddsVolumeChecker.java:checkAllVolumes(203)) - Scheduled health check for volume org.apache.hadoop.ozone.container.common.volume.HddsVolume@3b347439
2019-07-16 14:41:36,332 INFO  impl.RaftServerProxy (ConfUtils.java:logGet(43)) - raft.rpc.type = GRPC (default)
2019-07-16 14:41:36,332 INFO  grpc.GrpcFactory (GrpcFactory.java:checkPooledByteBufAllocatorUseCacheForAllThreads(45)) - PERFORMANCE WARNING: useCacheForAllThreads is true that may cause Netty to create a lot garbage objects and, as a result, trigger GC.
	It is recommended to disable useCacheForAllThreads by setting -Dorg.apache.ratis.thirdparty.io.netty.allocator.useCacheForAllThreads=false in command line.
2019-07-16 14:41:36,332 INFO  grpc.GrpcConfigKeys$Server (ConfUtils.java:logGet(43)) - raft.grpc.server.port = 0 (default)
2019-07-16 14:41:36,332 INFO  server.GrpcService (ConfUtils.java:logGet(43)) - raft.grpc.message.size.max = 33570816 (custom)
2019-07-16 14:41:36,332 INFO  server.RaftServerConfigKeys (ConfUtils.java:logGet(43)) - raft.server.log.appender.buffer.byte-limit = 33554432 (custom)
2019-07-16 14:41:36,333 INFO  server.GrpcService (ConfUtils.java:logGet(43)) - raft.grpc.flow.control.window = 1MB (=1048576) (default)
2019-07-16 14:41:36,333 INFO  server.RaftServerConfigKeys (ConfUtils.java:logGet(43)) - raft.server.rpc.request.timeout = 3000ms (default)
2019-07-16 14:41:36,333 INFO  server.RaftServerConfigKeys (ConfUtils.java:logGet(43)) - raft.server.storage.dir = [/workdir/hadoop-ozone/integration-test/target/test-dir/MiniOzoneClusterImpl-18ed21d2-c6a0-43cf-8b50-5fae82384936/datanode-6/data/ratis] (custom)
2019-07-16 14:41:36,334 INFO  replication.SimpleContainerDownloader (SimpleContainerDownloader.java:<init>(72)) - Starting container downloader service to copy containers to replicate.
2019-07-16 14:41:36,334 INFO  hdfs.DFSUtil (DFSUtil.java:httpServerTemplateForNNAndJN(1641)) - Starting Web-server for hddsDatanode at: http://0.0.0.0:0
2019-07-16 14:41:36,335 INFO  server.AuthenticationFilter (AuthenticationFilter.java:constructSecretProvider(240)) - Unable to initialize FileSignerSecretProvider, falling back to use random secrets.
2019-07-16 14:41:36,336 WARN  http.HttpRequestLog (HttpRequestLog.java:getRequestLog(97)) - Jetty request log can only be enabled using Log4j
2019-07-16 14:41:36,337 INFO  http.HttpServer2 (HttpServer2.java:addGlobalFilter(975)) - Added global filter 'safety' (class=org.apache.hadoop.http.HttpServer2$QuotingInputFilter)
2019-07-16 14:41:36,337 INFO  http.HttpServer2 (HttpServer2.java:addFilter(948)) - Added filter static_user_filter (class=org.apache.hadoop.http.lib.StaticUserWebFilter$StaticUserFilter) to context hddsDatanode
2019-07-16 14:41:36,338 INFO  http.HttpServer2 (HttpServer2.java:addFilter(958)) - Added filter static_user_filter (class=org.apache.hadoop.http.lib.StaticUserWebFilter$StaticUserFilter) to context logs
2019-07-16 14:41:36,338 INFO  http.HttpServer2 (HttpServer2.java:addFilter(958)) - Added filter static_user_filter (class=org.apache.hadoop.http.lib.StaticUserWebFilter$StaticUserFilter) to context static
2019-07-16 14:41:36,338 INFO  http.HttpServer2 (HttpServer2.java:bindListener(1191)) - Jetty bound to port 38070
2019-07-16 14:41:36,338 INFO  server.Server (Server.java:doStart(351)) - jetty-9.3.24.v20180605, build timestamp: 2018-06-05T17:11:56Z, git hash: 84205aa28f11a4f31f2a3b86d1bba2cc8ab69827
2019-07-16 14:41:36,340 INFO  handler.ContextHandler (ContextHandler.java:doStart(781)) - Started o.e.j.s.ServletContextHandler@2f166d61{/logs,file:///workdir/hadoop-ozone/integration-test/target/log,AVAILABLE}
2019-07-16 14:41:36,340 INFO  handler.ContextHandler (ContextHandler.java:doStart(781)) - Started o.e.j.s.ServletContextHandler@4ad8d36f{/static,jar:file:/home/user/.m2/repository/org/apache/hadoop/hadoop-hdds-container-service/0.4.1-SNAPSHOT/hadoop-hdds-container-service-0.4.1-SNAPSHOT.jar!/webapps/static,AVAILABLE}
2019-07-16 14:41:36,362 INFO  handler.ContextHandler (ContextHandler.java:doStart(781)) - Started o.e.j.w.WebAppContext@573870cb{/,file:///tmp/jetty-0.0.0.0-38070-hddsDatanode-_-any-1609833040334798567.dir/webapp/,AVAILABLE}{/hddsDatanode}
2019-07-16 14:41:36,363 INFO  server.AbstractConnector (AbstractConnector.java:doStart(278)) - Started ServerConnector@5b88af70{HTTP/1.1,[http/1.1]}{0.0.0.0:38070}
2019-07-16 14:41:36,364 INFO  server.Server (Server.java:doStart(419)) - Started @25151ms
2019-07-16 14:41:36,365 INFO  server.BaseHttpServer (BaseHttpServer.java:updateConnectorAddress(207)) - HTTP server of HDDSDATANODE is listening at http://0.0.0.0:38070
2019-07-16 14:41:36,453 INFO  ozone.HddsDatanodeService (HddsDatanodeService.java:startPlugins(396)) - Started plug-in org.apache.hadoop.ozone.web.OzoneHddsDatanodeService@77476fcf
2019-07-16 14:41:36,453 INFO  ozone.MiniOzoneClusterImpl (MiniOzoneClusterImpl.java:lambda$waitForClusterToBeReady$0(142)) - Waiting for cluster to be ready. Got 0 of 7 DN Heartbeats.
2019-07-16 14:41:36,457 INFO  util.JvmPauseMonitor (JvmPauseMonitor.java:run(188)) - Starting JVM pause monitor
2019-07-16 14:41:36,459 INFO  datanode.InitDatanodeState (InitDatanodeState.java:persistContainerDatanodeDetails(140)) - DatanodeDetails is persisted to /workdir/hadoop-ozone/integration-test/target/test-dir/MiniOzoneClusterImpl-18ed21d2-c6a0-43cf-8b50-5fae82384936/datanode-6/meta/datanode.id
2019-07-16 14:41:37,408 INFO  ozoneimpl.OzoneContainer (OzoneContainer.java:start(186)) - Attempting to start container services.
2019-07-16 14:41:37,414 INFO  ozoneimpl.OzoneContainer (OzoneContainer.java:startContainerScrub(160)) - Background container scrubber has been disabled by hdds.containerscrub.enabled
2019-07-16 14:41:37,414 INFO  ratis.XceiverServerRatis (XceiverServerRatis.java:start(418)) - Starting XceiverServerRatis e5d39b96-bb85-454a-bbd5-64dc7f1df620 at port 0
2019-07-16 14:41:37,419 INFO  impl.RaftServerProxy (RaftServerProxy.java:lambda$start$3(299)) - e5d39b96-bb85-454a-bbd5-64dc7f1df620: start RPC server
2019-07-16 14:41:37,420 INFO  server.GrpcService (GrpcService.java:startImpl(149)) - e5d39b96-bb85-454a-bbd5-64dc7f1df620: GrpcService started, listening on 0.0.0.0/0.0.0.0:37534
2019-07-16 14:41:37,420 INFO  ratis.XceiverServerRatis (XceiverServerRatis.java:start(428)) - XceiverServerRatis e5d39b96-bb85-454a-bbd5-64dc7f1df620 is started using port 37534
2019-07-16 14:41:37,421 INFO  server.XceiverServerGrpc (XceiverServerGrpc.java:start(160)) - XceiverServerGrpc e5d39b96-bb85-454a-bbd5-64dc7f1df620 is started using port 36397
2019-07-16 14:41:37,454 INFO  ozone.MiniOzoneClusterImpl (MiniOzoneClusterImpl.java:lambda$waitForClusterToBeReady$0(142)) - Waiting for cluster to be ready. Got 0 of 7 DN Heartbeats.
2019-07-16 14:41:37,593 INFO  ozoneimpl.OzoneContainer (OzoneContainer.java:start(186)) - Attempting to start container services.
2019-07-16 14:41:37,594 INFO  ozoneimpl.OzoneContainer (OzoneContainer.java:startContainerScrub(160)) - Background container scrubber has been disabled by hdds.containerscrub.enabled
2019-07-16 14:41:37,594 INFO  ratis.XceiverServerRatis (XceiverServerRatis.java:start(418)) - Starting XceiverServerRatis bf49eb38-1e14-4d03-9db9-9625101d3439 at port 0
2019-07-16 14:41:37,600 INFO  impl.RaftServerProxy (RaftServerProxy.java:lambda$start$3(299)) - bf49eb38-1e14-4d03-9db9-9625101d3439: start RPC server
2019-07-16 14:41:37,602 INFO  server.GrpcService (GrpcService.java:startImpl(149)) - bf49eb38-1e14-4d03-9db9-9625101d3439: GrpcService started, listening on 0.0.0.0/0.0.0.0:44447
2019-07-16 14:41:37,602 INFO  ratis.XceiverServerRatis (XceiverServerRatis.java:start(428)) - XceiverServerRatis bf49eb38-1e14-4d03-9db9-9625101d3439 is started using port 44447
2019-07-16 14:41:37,609 INFO  server.XceiverServerGrpc (XceiverServerGrpc.java:start(160)) - XceiverServerGrpc bf49eb38-1e14-4d03-9db9-9625101d3439 is started using port 46564
2019-07-16 14:41:37,749 INFO  ozoneimpl.OzoneContainer (OzoneContainer.java:start(186)) - Attempting to start container services.
2019-07-16 14:41:37,749 INFO  ozoneimpl.OzoneContainer (OzoneContainer.java:startContainerScrub(160)) - Background container scrubber has been disabled by hdds.containerscrub.enabled
2019-07-16 14:41:37,749 INFO  ratis.XceiverServerRatis (XceiverServerRatis.java:start(418)) - Starting XceiverServerRatis 46ab59cc-945a-490d-a3d8-84bb3275b18b at port 0
2019-07-16 14:41:37,756 INFO  impl.RaftServerProxy (RaftServerProxy.java:lambda$start$3(299)) - 46ab59cc-945a-490d-a3d8-84bb3275b18b: start RPC server
2019-07-16 14:41:37,757 INFO  server.GrpcService (GrpcService.java:startImpl(149)) - 46ab59cc-945a-490d-a3d8-84bb3275b18b: GrpcService started, listening on 0.0.0.0/0.0.0.0:38840
2019-07-16 14:41:37,757 INFO  ratis.XceiverServerRatis (XceiverServerRatis.java:start(428)) - XceiverServerRatis 46ab59cc-945a-490d-a3d8-84bb3275b18b is started using port 38840
2019-07-16 14:41:37,770 INFO  server.XceiverServerGrpc (XceiverServerGrpc.java:start(160)) - XceiverServerGrpc 46ab59cc-945a-490d-a3d8-84bb3275b18b is started using port 35137
2019-07-16 14:41:37,887 INFO  ozoneimpl.OzoneContainer (OzoneContainer.java:start(186)) - Attempting to start container services.
2019-07-16 14:41:37,888 INFO  ozoneimpl.OzoneContainer (OzoneContainer.java:startContainerScrub(160)) - Background container scrubber has been disabled by hdds.containerscrub.enabled
2019-07-16 14:41:37,888 INFO  ratis.XceiverServerRatis (XceiverServerRatis.java:start(418)) - Starting XceiverServerRatis 0458b044-f242-4a13-b025-09967ee147c2 at port 0
2019-07-16 14:41:37,895 INFO  impl.RaftServerProxy (RaftServerProxy.java:lambda$start$3(299)) - 0458b044-f242-4a13-b025-09967ee147c2: start RPC server
2019-07-16 14:41:37,896 INFO  server.GrpcService (GrpcService.java:startImpl(149)) - 0458b044-f242-4a13-b025-09967ee147c2: GrpcService started, listening on 0.0.0.0/0.0.0.0:37818
2019-07-16 14:41:37,896 INFO  ratis.XceiverServerRatis (XceiverServerRatis.java:start(428)) - XceiverServerRatis 0458b044-f242-4a13-b025-09967ee147c2 is started using port 37818
2019-07-16 14:41:37,897 INFO  server.XceiverServerGrpc (XceiverServerGrpc.java:start(160)) - XceiverServerGrpc 0458b044-f242-4a13-b025-09967ee147c2 is started using port 34960
2019-07-16 14:41:38,123 INFO  ozoneimpl.OzoneContainer (OzoneContainer.java:start(186)) - Attempting to start container services.
2019-07-16 14:41:38,123 INFO  ozoneimpl.OzoneContainer (OzoneContainer.java:startContainerScrub(160)) - Background container scrubber has been disabled by hdds.containerscrub.enabled
2019-07-16 14:41:38,124 INFO  ratis.XceiverServerRatis (XceiverServerRatis.java:start(418)) - Starting XceiverServerRatis dec16a74-fc21-431e-9256-34842b1582fe at port 0
2019-07-16 14:41:38,130 INFO  impl.RaftServerProxy (RaftServerProxy.java:lambda$start$3(299)) - dec16a74-fc21-431e-9256-34842b1582fe: start RPC server
2019-07-16 14:41:38,131 INFO  server.GrpcService (GrpcService.java:startImpl(149)) - dec16a74-fc21-431e-9256-34842b1582fe: GrpcService started, listening on 0.0.0.0/0.0.0.0:39153
2019-07-16 14:41:38,131 INFO  ratis.XceiverServerRatis (XceiverServerRatis.java:start(428)) - XceiverServerRatis dec16a74-fc21-431e-9256-34842b1582fe is started using port 39153
2019-07-16 14:41:38,132 INFO  server.XceiverServerGrpc (XceiverServerGrpc.java:start(160)) - XceiverServerGrpc dec16a74-fc21-431e-9256-34842b1582fe is started using port 35571
2019-07-16 14:41:38,325 INFO  ozoneimpl.OzoneContainer (OzoneContainer.java:start(186)) - Attempting to start container services.
2019-07-16 14:41:38,326 INFO  ozoneimpl.OzoneContainer (OzoneContainer.java:startContainerScrub(160)) - Background container scrubber has been disabled by hdds.containerscrub.enabled
2019-07-16 14:41:38,326 INFO  ratis.XceiverServerRatis (XceiverServerRatis.java:start(418)) - Starting XceiverServerRatis 94754f30-3a33-4a30-a8f3-857ce6baa83d at port 0
2019-07-16 14:41:38,333 INFO  impl.RaftServerProxy (RaftServerProxy.java:lambda$start$3(299)) - 94754f30-3a33-4a30-a8f3-857ce6baa83d: start RPC server
2019-07-16 14:41:38,337 INFO  server.GrpcService (GrpcService.java:startImpl(149)) - 94754f30-3a33-4a30-a8f3-857ce6baa83d: GrpcService started, listening on 0.0.0.0/0.0.0.0:44650
2019-07-16 14:41:38,338 INFO  ratis.XceiverServerRatis (XceiverServerRatis.java:start(428)) - XceiverServerRatis 94754f30-3a33-4a30-a8f3-857ce6baa83d is started using port 44650
2019-07-16 14:41:38,338 INFO  server.XceiverServerGrpc (XceiverServerGrpc.java:start(160)) - XceiverServerGrpc 94754f30-3a33-4a30-a8f3-857ce6baa83d is started using port 38895
2019-07-16 14:41:38,454 INFO  ozone.MiniOzoneClusterImpl (MiniOzoneClusterImpl.java:lambda$waitForClusterToBeReady$0(142)) - Waiting for cluster to be ready. Got 0 of 7 DN Heartbeats.
2019-07-16 14:41:38,463 INFO  ozoneimpl.OzoneContainer (OzoneContainer.java:start(186)) - Attempting to start container services.
2019-07-16 14:41:38,464 INFO  ozoneimpl.OzoneContainer (OzoneContainer.java:startContainerScrub(160)) - Background container scrubber has been disabled by hdds.containerscrub.enabled
2019-07-16 14:41:38,464 INFO  ratis.XceiverServerRatis (XceiverServerRatis.java:start(418)) - Starting XceiverServerRatis cce6ba1e-5b6c-4475-9512-e0edc667ce35 at port 0
2019-07-16 14:41:38,471 INFO  impl.RaftServerProxy (RaftServerProxy.java:lambda$start$3(299)) - cce6ba1e-5b6c-4475-9512-e0edc667ce35: start RPC server
2019-07-16 14:41:38,475 INFO  server.GrpcService (GrpcService.java:startImpl(149)) - cce6ba1e-5b6c-4475-9512-e0edc667ce35: GrpcService started, listening on 0.0.0.0/0.0.0.0:45246
2019-07-16 14:41:38,475 INFO  ratis.XceiverServerRatis (XceiverServerRatis.java:start(428)) - XceiverServerRatis cce6ba1e-5b6c-4475-9512-e0edc667ce35 is started using port 45246
2019-07-16 14:41:38,478 INFO  server.XceiverServerGrpc (XceiverServerGrpc.java:start(160)) - XceiverServerGrpc cce6ba1e-5b6c-4475-9512-e0edc667ce35 is started using port 41959
2019-07-16 14:41:39,396 INFO  net.NetworkTopology (NetworkTopologyImpl.java:add(109)) - Added a new node: /default-rack/192.168.5.141
2019-07-16 14:41:39,398 INFO  node.SCMNodeManager (SCMNodeManager.java:register(268)) - Registered Data node : e5d39b96-bb85-454a-bbd5-64dc7f1df620{ip: 192.168.5.141, host: byscane-nightly-ppzk5-1864156943, networkLocation: /default-rack, certSerialId: null}
2019-07-16 14:41:39,400 INFO  safemode.SCMSafeModeManager (DataNodeSafeModeRule.java:process(71)) - SCM in safe mode. 1 DataNodes registered, 1 required.
2019-07-16 14:41:39,402 INFO  safemode.SCMSafeModeManager (SCMSafeModeManager.java:validateSafeModeExitRules(177)) - ScmSafeModeManager, all rules are successfully validated
2019-07-16 14:41:39,403 INFO  safemode.SCMSafeModeManager (SCMSafeModeManager.java:exitSafeMode(193)) - SCM exiting safe mode.
2019-07-16 14:41:39,413 INFO  impl.RaftServerProxy (RaftServerProxy.java:addNew(89)) - e5d39b96-bb85-454a-bbd5-64dc7f1df620: addNew group-83936321CD8A:[e5d39b96-bb85-454a-bbd5-64dc7f1df620:192.168.5.141:37534] returns group-83936321CD8A:java.util.concurrent.CompletableFuture@315c7bf6[Not completed]
2019-07-16 14:41:39,414 INFO  impl.RaftServerImpl (RaftServerImpl.java:<init>(93)) - e5d39b96-bb85-454a-bbd5-64dc7f1df620: new RaftServerImpl for group-83936321CD8A:[e5d39b96-bb85-454a-bbd5-64dc7f1df620:192.168.5.141:37534] with ContainerStateMachine:uninitialized
2019-07-16 14:41:39,414 INFO  server.RaftServerConfigKeys (ConfUtils.java:logGet(43)) - raft.server.rpc.timeout.min = 5s (custom)
2019-07-16 14:41:39,414 INFO  server.RaftServerConfigKeys (ConfUtils.java:logGet(43)) - raft.server.rpc.timeout.max = 5200ms (custom)
2019-07-16 14:41:39,415 INFO  server.RaftServerConfigKeys (ConfUtils.java:logGet(43)) - raft.server.rpcslowness.timeout = 120s (custom)
2019-07-16 14:41:39,415 INFO  server.RaftServerConfigKeys (ConfUtils.java:logGet(43)) - raft.server.sleep.deviation.threshold = 300 (default)
2019-07-16 14:41:39,415 INFO  server.RaftServerConfigKeys (ConfUtils.java:logGet(43)) - raft.server.log.appender.install.snapshot.enabled = false (custom)
2019-07-16 14:41:39,415 INFO  impl.RaftServerImpl (ServerState.java:<init>(105)) - e5d39b96-bb85-454a-bbd5-64dc7f1df620:group-83936321CD8A ConfigurationManager, init=-1: [e5d39b96-bb85-454a-bbd5-64dc7f1df620:192.168.5.141:37534], old=null, confs=<EMPTY_MAP>
2019-07-16 14:41:39,415 INFO  server.RaftServerConfigKeys (ConfUtils.java:logGet(43)) - raft.server.storage.dir = [/workdir/hadoop-ozone/integration-test/target/test-dir/MiniOzoneClusterImpl-18ed21d2-c6a0-43cf-8b50-5fae82384936/datanode-0/data/ratis] (custom)
2019-07-16 14:41:39,416 INFO  storage.RaftStorageDirectory (RaftStorageDirectory.java:analyzeStorage(246)) - The storage directory /workdir/hadoop-ozone/integration-test/target/test-dir/MiniOzoneClusterImpl-18ed21d2-c6a0-43cf-8b50-5fae82384936/datanode-0/data/ratis/f469e86c-b763-4ddb-b891-83936321cd8a does not exist. Creating ...
2019-07-16 14:41:39,429 INFO  storage.RaftStorageDirectory (RaftStorageDirectory.java:tryLock(328)) - Lock on /workdir/hadoop-ozone/integration-test/target/test-dir/MiniOzoneClusterImpl-18ed21d2-c6a0-43cf-8b50-5fae82384936/datanode-0/data/ratis/f469e86c-b763-4ddb-b891-83936321cd8a/in_use.lock acquired by nodename 10425@byscane-nightly-ppzk5-1864156943
2019-07-16 14:41:39,442 INFO  storage.RaftStorage (RaftStorage.java:format(72)) - Storage directory /workdir/hadoop-ozone/integration-test/target/test-dir/MiniOzoneClusterImpl-18ed21d2-c6a0-43cf-8b50-5fae82384936/datanode-0/data/ratis/f469e86c-b763-4ddb-b891-83936321cd8a has been successfully formatted.
2019-07-16 14:41:39,442 INFO  ratis.ContainerStateMachine (ContainerStateMachine.java:loadSnapshot(199)) - group-83936321CD8A: The snapshot info is null. Setting the last applied indexto:(t:0, i:~)
2019-07-16 14:41:39,442 INFO  server.RaftServerConfigKeys (ConfUtils.java:logGet(43)) - raft.server.leader.election.timeout = 120s (custom)
2019-07-16 14:41:39,442 INFO  server.RaftServerConfigKeys (ConfUtils.java:logGet(43)) - raft.server.log.use.memory = false (default)
2019-07-16 14:41:39,442 INFO  server.RaftServerConfigKeys (ConfUtils.java:logGet(43)) - raft.server.log.purge.gap = 1000000000 (custom)
2019-07-16 14:41:39,443 INFO  server.RaftServerConfigKeys (ConfUtils.java:logGet(43)) - raft.server.log.appender.buffer.byte-limit = 33554432 (custom)
2019-07-16 14:41:39,443 INFO  server.RaftServerConfigKeys (ConfUtils.java:logGet(43)) - raft.server.log.segment.size.max = 1048576 (custom)
2019-07-16 14:41:39,443 INFO  server.RaftServerConfigKeys (ConfUtils.java:logGet(43)) - raft.server.log.segment.cache.num.max = 2 (custom)
2019-07-16 14:41:39,443 INFO  segmented.SegmentedRaftLogWorker (SegmentedRaftLogWorker.java:<init>(172)) - new e5d39b96-bb85-454a-bbd5-64dc7f1df620-SegmentedRaftLogWorker:Storage Directory /workdir/hadoop-ozone/integration-test/target/test-dir/MiniOzoneClusterImpl-18ed21d2-c6a0-43cf-8b50-5fae82384936/datanode-0/data/ratis/f469e86c-b763-4ddb-b891-83936321cd8a for RaftStorage:Storage Directory /workdir/hadoop-ozone/integration-test/target/test-dir/MiniOzoneClusterImpl-18ed21d2-c6a0-43cf-8b50-5fae82384936/datanode-0/data/ratis/f469e86c-b763-4ddb-b891-83936321cd8a
2019-07-16 14:41:39,443 INFO  server.RaftServerConfigKeys (ConfUtils.java:logGet(43)) - raft.server.log.queue.byte-limit = 2147483647 (custom)
2019-07-16 14:41:39,443 INFO  server.RaftServerConfigKeys (ConfUtils.java:logGet(43)) - raft.server.log.queue.element-limit = 1024 (custom)
2019-07-16 14:41:39,444 INFO  server.RaftServerConfigKeys (ConfUtils.java:logGet(43)) - raft.server.log.segment.size.max = 1048576 (custom)
2019-07-16 14:41:39,444 INFO  server.RaftServerConfigKeys (ConfUtils.java:logGet(43)) - raft.server.log.preallocated.size = 16384 (custom)
2019-07-16 14:41:39,444 INFO  server.RaftServerConfigKeys (ConfUtils.java:logGet(43)) - raft.server.log.write.buffer.size = 33554432 (custom)
2019-07-16 14:41:39,444 INFO  server.RaftServerConfigKeys (ConfUtils.java:logGet(43)) - raft.server.log.force.sync.num = 128 (default)
2019-07-16 14:41:39,444 INFO  server.RaftServerConfigKeys (ConfUtils.java:logGet(43)) - raft.server.log.statemachine.data.sync = true (default)
2019-07-16 14:41:39,444 INFO  server.RaftServerConfigKeys (ConfUtils.java:logGet(43)) - raft.server.log.statemachine.data.sync.timeout = 10s (default)
2019-07-16 14:41:39,444 INFO  server.RaftServerConfigKeys (ConfUtils.java:logGet(43)) - raft.server.log.statemachine.data.sync.timeout.retry = -1 (default)
2019-07-16 14:41:39,444 INFO  server.RaftServerConfigKeys (ConfUtils.java:logGet(43)) - raft.server.log.statemachine.data.caching.enabled = true (custom)
2019-07-16 14:41:39,445 INFO  segmented.SegmentedRaftLogWorker (SegmentedRaftLogWorker.java:lambda$new$0(132)) - e5d39b96-bb85-454a-bbd5-64dc7f1df620-SegmentedRaftLogWorker:Storage Directory /workdir/hadoop-ozone/integration-test/target/test-dir/MiniOzoneClusterImpl-18ed21d2-c6a0-43cf-8b50-5fae82384936/datanode-0/data/ratis/f469e86c-b763-4ddb-b891-83936321cd8a: flushIndex: setUnconditionally 0 -> -1
2019-07-16 14:41:39,445 INFO  server.RaftServerConfigKeys (ConfUtils.java:logGet(43)) - raft.server.snapshot.auto.trigger.enabled = true (custom)
2019-07-16 14:41:39,445 INFO  server.RaftServerConfigKeys (ConfUtils.java:logGet(43)) - raft.server.snapshot.auto.trigger.threshold = 10000 (custom)
2019-07-16 14:41:39,445 INFO  server.RaftServerConfigKeys (ConfUtils.java:logGet(43)) - raft.server.retrycache.expirytime = 600000ms (custom)
2019-07-16 14:41:39,445 INFO  impl.RaftServerImpl (RaftServerImpl.java:start(180)) - e5d39b96-bb85-454a-bbd5-64dc7f1df620: start group-83936321CD8A
2019-07-16 14:41:39,445 INFO  impl.RaftServerImpl (RaftServerImpl.java:setRole(171)) - e5d39b96-bb85-454a-bbd5-64dc7f1df620:group-83936321CD8A changes role from null to FOLLOWER at term 0 for startAsFollower
2019-07-16 14:41:39,445 INFO  impl.RoleInfo (RoleInfo.java:updateAndGet(143)) - e5d39b96-bb85-454a-bbd5-64dc7f1df620: start FollowerState
2019-07-16 14:41:39,446 INFO  util.JmxRegister (JmxRegister.java:tryRegister(44)) - Successfully registered JMX Bean with object name Ratis:service=RaftServer,group=group-83936321CD8A,id=e5d39b96-bb85-454a-bbd5-64dc7f1df620
2019-07-16 14:41:39,458 INFO  ozone.MiniOzoneClusterImpl (MiniOzoneClusterImpl.java:lambda$waitForClusterToBeReady$0(142)) - Waiting for cluster to be ready. Got 1 of 7 DN Heartbeats.
2019-07-16 14:41:39,460 INFO  pipeline.PipelineStateManager (PipelineStateManager.java:addPipeline(56)) - Created pipeline Pipeline[ Id: f469e86c-b763-4ddb-b891-83936321cd8a, Nodes: e5d39b96-bb85-454a-bbd5-64dc7f1df620{ip: 192.168.5.141, host: byscane-nightly-ppzk5-1864156943, networkLocation: /default-rack, certSerialId: null}, Type:RATIS, Factor:ONE, State:OPEN]
2019-07-16 14:41:39,585 INFO  node.SCMNodeManager (SCMNodeManager.java:register(268)) - Registered Data node : bf49eb38-1e14-4d03-9db9-9625101d3439{ip: 192.168.5.141, host: byscane-nightly-ppzk5-1864156943, networkLocation: /default-rack, certSerialId: null}
2019-07-16 14:41:39,597 INFO  impl.RaftServerProxy (RaftServerProxy.java:addNew(89)) - bf49eb38-1e14-4d03-9db9-9625101d3439: addNew group-46B0B8D44782:[bf49eb38-1e14-4d03-9db9-9625101d3439:192.168.5.141:44447] returns group-46B0B8D44782:java.util.concurrent.CompletableFuture@5f9f36c0[Not completed]
2019-07-16 14:41:39,598 INFO  impl.RaftServerImpl (RaftServerImpl.java:<init>(93)) - bf49eb38-1e14-4d03-9db9-9625101d3439: new RaftServerImpl for group-46B0B8D44782:[bf49eb38-1e14-4d03-9db9-9625101d3439:192.168.5.141:44447] with ContainerStateMachine:uninitialized
2019-07-16 14:41:39,598 INFO  server.RaftServerConfigKeys (ConfUtils.java:logGet(43)) - raft.server.rpc.timeout.min = 5s (custom)
2019-07-16 14:41:39,598 INFO  server.RaftServerConfigKeys (ConfUtils.java:logGet(43)) - raft.server.rpc.timeout.max = 5200ms (custom)
2019-07-16 14:41:39,598 INFO  server.RaftServerConfigKeys (ConfUtils.java:logGet(43)) - raft.server.rpcslowness.timeout = 120s (custom)
2019-07-16 14:41:39,598 INFO  server.RaftServerConfigKeys (ConfUtils.java:logGet(43)) - raft.server.sleep.deviation.threshold = 300 (default)
2019-07-16 14:41:39,598 INFO  server.RaftServerConfigKeys (ConfUtils.java:logGet(43)) - raft.server.log.appender.install.snapshot.enabled = false (custom)
2019-07-16 14:41:39,598 INFO  impl.RaftServerImpl (ServerState.java:<init>(105)) - bf49eb38-1e14-4d03-9db9-9625101d3439:group-46B0B8D44782 ConfigurationManager, init=-1: [bf49eb38-1e14-4d03-9db9-9625101d3439:192.168.5.141:44447], old=null, confs=<EMPTY_MAP>
2019-07-16 14:41:39,598 INFO  server.RaftServerConfigKeys (ConfUtils.java:logGet(43)) - raft.server.storage.dir = [/workdir/hadoop-ozone/integration-test/target/test-dir/MiniOzoneClusterImpl-18ed21d2-c6a0-43cf-8b50-5fae82384936/datanode-1/data/ratis] (custom)
2019-07-16 14:41:39,599 INFO  storage.RaftStorageDirectory (RaftStorageDirectory.java:analyzeStorage(246)) - The storage directory /workdir/hadoop-ozone/integration-test/target/test-dir/MiniOzoneClusterImpl-18ed21d2-c6a0-43cf-8b50-5fae82384936/datanode-1/data/ratis/bc93c73d-892f-4f17-b0cd-46b0b8d44782 does not exist. Creating ...
2019-07-16 14:41:39,605 INFO  storage.RaftStorageDirectory (RaftStorageDirectory.java:tryLock(328)) - Lock on /workdir/hadoop-ozone/integration-test/target/test-dir/MiniOzoneClusterImpl-18ed21d2-c6a0-43cf-8b50-5fae82384936/datanode-1/data/ratis/bc93c73d-892f-4f17-b0cd-46b0b8d44782/in_use.lock acquired by nodename 10425@byscane-nightly-ppzk5-1864156943
2019-07-16 14:41:39,609 INFO  storage.RaftStorage (RaftStorage.java:format(72)) - Storage directory /workdir/hadoop-ozone/integration-test/target/test-dir/MiniOzoneClusterImpl-18ed21d2-c6a0-43cf-8b50-5fae82384936/datanode-1/data/ratis/bc93c73d-892f-4f17-b0cd-46b0b8d44782 has been successfully formatted.
2019-07-16 14:41:39,609 INFO  ratis.ContainerStateMachine (ContainerStateMachine.java:loadSnapshot(199)) - group-46B0B8D44782: The snapshot info is null. Setting the last applied indexto:(t:0, i:~)
2019-07-16 14:41:39,609 INFO  server.RaftServerConfigKeys (ConfUtils.java:logGet(43)) - raft.server.leader.election.timeout = 120s (custom)
2019-07-16 14:41:39,609 INFO  server.RaftServerConfigKeys (ConfUtils.java:logGet(43)) - raft.server.log.use.memory = false (default)
2019-07-16 14:41:39,609 INFO  server.RaftServerConfigKeys (ConfUtils.java:logGet(43)) - raft.server.log.purge.gap = 1000000000 (custom)
2019-07-16 14:41:39,609 INFO  server.RaftServerConfigKeys (ConfUtils.java:logGet(43)) - raft.server.log.appender.buffer.byte-limit = 33554432 (custom)
2019-07-16 14:41:39,610 INFO  server.RaftServerConfigKeys (ConfUtils.java:logGet(43)) - raft.server.log.segment.size.max = 1048576 (custom)
2019-07-16 14:41:39,610 INFO  server.RaftServerConfigKeys (ConfUtils.java:logGet(43)) - raft.server.log.segment.cache.num.max = 2 (custom)
2019-07-16 14:41:39,610 INFO  segmented.SegmentedRaftLogWorker (SegmentedRaftLogWorker.java:<init>(172)) - new bf49eb38-1e14-4d03-9db9-9625101d3439-SegmentedRaftLogWorker:Storage Directory /workdir/hadoop-ozone/integration-test/target/test-dir/MiniOzoneClusterImpl-18ed21d2-c6a0-43cf-8b50-5fae82384936/datanode-1/data/ratis/bc93c73d-892f-4f17-b0cd-46b0b8d44782 for RaftStorage:Storage Directory /workdir/hadoop-ozone/integration-test/target/test-dir/MiniOzoneClusterImpl-18ed21d2-c6a0-43cf-8b50-5fae82384936/datanode-1/data/ratis/bc93c73d-892f-4f17-b0cd-46b0b8d44782
2019-07-16 14:41:39,610 INFO  server.RaftServerConfigKeys (ConfUtils.java:logGet(43)) - raft.server.log.queue.byte-limit = 2147483647 (custom)
2019-07-16 14:41:39,610 INFO  server.RaftServerConfigKeys (ConfUtils.java:logGet(43)) - raft.server.log.queue.element-limit = 1024 (custom)
2019-07-16 14:41:39,610 INFO  server.RaftServerConfigKeys (ConfUtils.java:logGet(43)) - raft.server.log.segment.size.max = 1048576 (custom)
2019-07-16 14:41:39,610 INFO  server.RaftServerConfigKeys (ConfUtils.java:logGet(43)) - raft.server.log.preallocated.size = 16384 (custom)
2019-07-16 14:41:39,610 INFO  server.RaftServerConfigKeys (ConfUtils.java:logGet(43)) - raft.server.log.write.buffer.size = 33554432 (custom)
2019-07-16 14:41:39,611 INFO  server.RaftServerConfigKeys (ConfUtils.java:logGet(43)) - raft.server.log.force.sync.num = 128 (default)
2019-07-16 14:41:39,611 INFO  server.RaftServerConfigKeys (ConfUtils.java:logGet(43)) - raft.server.log.statemachine.data.sync = true (default)
2019-07-16 14:41:39,611 INFO  server.RaftServerConfigKeys (ConfUtils.java:logGet(43)) - raft.server.log.statemachine.data.sync.timeout = 10s (default)
2019-07-16 14:41:39,611 INFO  server.RaftServerConfigKeys (ConfUtils.java:logGet(43)) - raft.server.log.statemachine.data.sync.timeout.retry = -1 (default)
2019-07-16 14:41:39,611 INFO  server.RaftServerConfigKeys (ConfUtils.java:logGet(43)) - raft.server.log.statemachine.data.caching.enabled = true (custom)
2019-07-16 14:41:39,611 INFO  segmented.SegmentedRaftLogWorker (SegmentedRaftLogWorker.java:lambda$new$0(132)) - bf49eb38-1e14-4d03-9db9-9625101d3439-SegmentedRaftLogWorker:Storage Directory /workdir/hadoop-ozone/integration-test/target/test-dir/MiniOzoneClusterImpl-18ed21d2-c6a0-43cf-8b50-5fae82384936/datanode-1/data/ratis/bc93c73d-892f-4f17-b0cd-46b0b8d44782: flushIndex: setUnconditionally 0 -> -1
2019-07-16 14:41:39,612 INFO  server.RaftServerConfigKeys (ConfUtils.java:logGet(43)) - raft.server.snapshot.auto.trigger.enabled = true (custom)
2019-07-16 14:41:39,612 INFO  server.RaftServerConfigKeys (ConfUtils.java:logGet(43)) - raft.server.snapshot.auto.trigger.threshold = 10000 (custom)
2019-07-16 14:41:39,612 INFO  server.RaftServerConfigKeys (ConfUtils.java:logGet(43)) - raft.server.retrycache.expirytime = 600000ms (custom)
2019-07-16 14:41:39,612 INFO  impl.RaftServerImpl (RaftServerImpl.java:start(180)) - bf49eb38-1e14-4d03-9db9-9625101d3439: start group-46B0B8D44782
2019-07-16 14:41:39,612 INFO  impl.RaftServerImpl (RaftServerImpl.java:setRole(171)) - bf49eb38-1e14-4d03-9db9-9625101d3439:group-46B0B8D44782 changes role from null to FOLLOWER at term 0 for startAsFollower
2019-07-16 14:41:39,612 INFO  impl.RoleInfo (RoleInfo.java:updateAndGet(143)) - bf49eb38-1e14-4d03-9db9-9625101d3439: start FollowerState
2019-07-16 14:41:39,613 INFO  util.JmxRegister (JmxRegister.java:tryRegister(44)) - Successfully registered JMX Bean with object name Ratis:service=RaftServer,group=group-46B0B8D44782,id=bf49eb38-1e14-4d03-9db9-9625101d3439
2019-07-16 14:41:39,615 INFO  pipeline.PipelineStateManager (PipelineStateManager.java:addPipeline(56)) - Created pipeline Pipeline[ Id: bc93c73d-892f-4f17-b0cd-46b0b8d44782, Nodes: bf49eb38-1e14-4d03-9db9-9625101d3439{ip: 192.168.5.141, host: byscane-nightly-ppzk5-1864156943, networkLocation: /default-rack, certSerialId: null}, Type:RATIS, Factor:ONE, State:OPEN]
2019-07-16 14:41:39,735 INFO  node.SCMNodeManager (SCMNodeManager.java:register(268)) - Registered Data node : 46ab59cc-945a-490d-a3d8-84bb3275b18b{ip: 192.168.5.141, host: byscane-nightly-ppzk5-1864156943, networkLocation: /default-rack, certSerialId: null}
2019-07-16 14:41:39,747 INFO  impl.RaftServerProxy (RaftServerProxy.java:addNew(89)) - 46ab59cc-945a-490d-a3d8-84bb3275b18b: addNew group-468D2BC71097:[46ab59cc-945a-490d-a3d8-84bb3275b18b:192.168.5.141:38840] returns group-468D2BC71097:java.util.concurrent.CompletableFuture@5d7b7d2a[Not completed]
2019-07-16 14:41:39,749 INFO  impl.RaftServerImpl (RaftServerImpl.java:<init>(93)) - 46ab59cc-945a-490d-a3d8-84bb3275b18b: new RaftServerImpl for group-468D2BC71097:[46ab59cc-945a-490d-a3d8-84bb3275b18b:192.168.5.141:38840] with ContainerStateMachine:uninitialized
2019-07-16 14:41:39,749 INFO  server.RaftServerConfigKeys (ConfUtils.java:logGet(43)) - raft.server.rpc.timeout.min = 5s (custom)
2019-07-16 14:41:39,749 INFO  server.RaftServerConfigKeys (ConfUtils.java:logGet(43)) - raft.server.rpc.timeout.max = 5200ms (custom)
2019-07-16 14:41:39,749 INFO  server.RaftServerConfigKeys (ConfUtils.java:logGet(43)) - raft.server.rpcslowness.timeout = 120s (custom)
2019-07-16 14:41:39,749 INFO  server.RaftServerConfigKeys (ConfUtils.java:logGet(43)) - raft.server.sleep.deviation.threshold = 300 (default)
2019-07-16 14:41:39,749 INFO  server.RaftServerConfigKeys (ConfUtils.java:logGet(43)) - raft.server.log.appender.install.snapshot.enabled = false (custom)
2019-07-16 14:41:39,750 INFO  impl.RaftServerImpl (ServerState.java:<init>(105)) - 46ab59cc-945a-490d-a3d8-84bb3275b18b:group-468D2BC71097 ConfigurationManager, init=-1: [46ab59cc-945a-490d-a3d8-84bb3275b18b:192.168.5.141:38840], old=null, confs=<EMPTY_MAP>
2019-07-16 14:41:39,750 INFO  server.RaftServerConfigKeys (ConfUtils.java:logGet(43)) - raft.server.storage.dir = [/workdir/hadoop-ozone/integration-test/target/test-dir/MiniOzoneClusterImpl-18ed21d2-c6a0-43cf-8b50-5fae82384936/datanode-2/data/ratis] (custom)
2019-07-16 14:41:39,750 INFO  storage.RaftStorageDirectory (RaftStorageDirectory.java:analyzeStorage(246)) - The storage directory /workdir/hadoop-ozone/integration-test/target/test-dir/MiniOzoneClusterImpl-18ed21d2-c6a0-43cf-8b50-5fae82384936/datanode-2/data/ratis/9e65107f-9e66-429a-9978-468d2bc71097 does not exist. Creating ...
2019-07-16 14:41:39,763 INFO  storage.RaftStorageDirectory (RaftStorageDirectory.java:tryLock(328)) - Lock on /workdir/hadoop-ozone/integration-test/target/test-dir/MiniOzoneClusterImpl-18ed21d2-c6a0-43cf-8b50-5fae82384936/datanode-2/data/ratis/9e65107f-9e66-429a-9978-468d2bc71097/in_use.lock acquired by nodename 10425@byscane-nightly-ppzk5-1864156943
2019-07-16 14:41:39,772 INFO  storage.RaftStorage (RaftStorage.java:format(72)) - Storage directory /workdir/hadoop-ozone/integration-test/target/test-dir/MiniOzoneClusterImpl-18ed21d2-c6a0-43cf-8b50-5fae82384936/datanode-2/data/ratis/9e65107f-9e66-429a-9978-468d2bc71097 has been successfully formatted.
2019-07-16 14:41:39,772 INFO  ratis.ContainerStateMachine (ContainerStateMachine.java:loadSnapshot(199)) - group-468D2BC71097: The snapshot info is null. Setting the last applied indexto:(t:0, i:~)
2019-07-16 14:41:39,772 INFO  server.RaftServerConfigKeys (ConfUtils.java:logGet(43)) - raft.server.leader.election.timeout = 120s (custom)
2019-07-16 14:41:39,773 INFO  server.RaftServerConfigKeys (ConfUtils.java:logGet(43)) - raft.server.log.use.memory = false (default)
2019-07-16 14:41:39,773 INFO  server.RaftServerConfigKeys (ConfUtils.java:logGet(43)) - raft.server.log.purge.gap = 1000000000 (custom)
2019-07-16 14:41:39,773 INFO  server.RaftServerConfigKeys (ConfUtils.java:logGet(43)) - raft.server.log.appender.buffer.byte-limit = 33554432 (custom)
2019-07-16 14:41:39,773 INFO  server.RaftServerConfigKeys (ConfUtils.java:logGet(43)) - raft.server.log.segment.size.max = 1048576 (custom)
2019-07-16 14:41:39,773 INFO  server.RaftServerConfigKeys (ConfUtils.java:logGet(43)) - raft.server.log.segment.cache.num.max = 2 (custom)
2019-07-16 14:41:39,773 INFO  segmented.SegmentedRaftLogWorker (SegmentedRaftLogWorker.java:<init>(172)) - new 46ab59cc-945a-490d-a3d8-84bb3275b18b-SegmentedRaftLogWorker:Storage Directory /workdir/hadoop-ozone/integration-test/target/test-dir/MiniOzoneClusterImpl-18ed21d2-c6a0-43cf-8b50-5fae82384936/datanode-2/data/ratis/9e65107f-9e66-429a-9978-468d2bc71097 for RaftStorage:Storage Directory /workdir/hadoop-ozone/integration-test/target/test-dir/MiniOzoneClusterImpl-18ed21d2-c6a0-43cf-8b50-5fae82384936/datanode-2/data/ratis/9e65107f-9e66-429a-9978-468d2bc71097
2019-07-16 14:41:39,774 INFO  server.RaftServerConfigKeys (ConfUtils.java:logGet(43)) - raft.server.log.queue.byte-limit = 2147483647 (custom)
2019-07-16 14:41:39,774 INFO  server.RaftServerConfigKeys (ConfUtils.java:logGet(43)) - raft.server.log.queue.element-limit = 1024 (custom)
2019-07-16 14:41:39,774 INFO  server.RaftServerConfigKeys (ConfUtils.java:logGet(43)) - raft.server.log.segment.size.max = 1048576 (custom)
2019-07-16 14:41:39,774 INFO  server.RaftServerConfigKeys (ConfUtils.java:logGet(43)) - raft.server.log.preallocated.size = 16384 (custom)
2019-07-16 14:41:39,774 INFO  server.RaftServerConfigKeys (ConfUtils.java:logGet(43)) - raft.server.log.write.buffer.size = 33554432 (custom)
2019-07-16 14:41:39,775 INFO  server.RaftServerConfigKeys (ConfUtils.java:logGet(43)) - raft.server.log.force.sync.num = 128 (default)
2019-07-16 14:41:39,775 INFO  server.RaftServerConfigKeys (ConfUtils.java:logGet(43)) - raft.server.log.statemachine.data.sync = true (default)
2019-07-16 14:41:39,775 INFO  server.RaftServerConfigKeys (ConfUtils.java:logGet(43)) - raft.server.log.statemachine.data.sync.timeout = 10s (default)
2019-07-16 14:41:39,775 INFO  server.RaftServerConfigKeys (ConfUtils.java:logGet(43)) - raft.server.log.statemachine.data.sync.timeout.retry = -1 (default)
2019-07-16 14:41:39,775 INFO  server.RaftServerConfigKeys (ConfUtils.java:logGet(43)) - raft.server.log.statemachine.data.caching.enabled = true (custom)
2019-07-16 14:41:39,776 INFO  segmented.SegmentedRaftLogWorker (SegmentedRaftLogWorker.java:lambda$new$0(132)) - 46ab59cc-945a-490d-a3d8-84bb3275b18b-SegmentedRaftLogWorker:Storage Directory /workdir/hadoop-ozone/integration-test/target/test-dir/MiniOzoneClusterImpl-18ed21d2-c6a0-43cf-8b50-5fae82384936/datanode-2/data/ratis/9e65107f-9e66-429a-9978-468d2bc71097: flushIndex: setUnconditionally 0 -> -1
2019-07-16 14:41:39,776 INFO  server.RaftServerConfigKeys (ConfUtils.java:logGet(43)) - raft.server.snapshot.auto.trigger.enabled = true (custom)
2019-07-16 14:41:39,776 INFO  server.RaftServerConfigKeys (ConfUtils.java:logGet(43)) - raft.server.snapshot.auto.trigger.threshold = 10000 (custom)
2019-07-16 14:41:39,776 INFO  server.RaftServerConfigKeys (ConfUtils.java:logGet(43)) - raft.server.retrycache.expirytime = 600000ms (custom)
2019-07-16 14:41:39,777 INFO  impl.RaftServerImpl (RaftServerImpl.java:start(180)) - 46ab59cc-945a-490d-a3d8-84bb3275b18b: start group-468D2BC71097
2019-07-16 14:41:39,777 INFO  impl.RaftServerImpl (RaftServerImpl.java:setRole(171)) - 46ab59cc-945a-490d-a3d8-84bb3275b18b:group-468D2BC71097 changes role from null to FOLLOWER at term 0 for startAsFollower
2019-07-16 14:41:39,777 INFO  impl.RoleInfo (RoleInfo.java:updateAndGet(143)) - 46ab59cc-945a-490d-a3d8-84bb3275b18b: start FollowerState
2019-07-16 14:41:39,777 INFO  util.JmxRegister (JmxRegister.java:tryRegister(44)) - Successfully registered JMX Bean with object name Ratis:service=RaftServer,group=group-468D2BC71097,id=46ab59cc-945a-490d-a3d8-84bb3275b18b
2019-07-16 14:41:39,780 INFO  pipeline.PipelineStateManager (PipelineStateManager.java:addPipeline(56)) - Created pipeline Pipeline[ Id: 9e65107f-9e66-429a-9978-468d2bc71097, Nodes: 46ab59cc-945a-490d-a3d8-84bb3275b18b{ip: 192.168.5.141, host: byscane-nightly-ppzk5-1864156943, networkLocation: /default-rack, certSerialId: null}, Type:RATIS, Factor:ONE, State:OPEN]
2019-07-16 14:41:39,795 INFO  impl.RaftServerProxy (RaftServerProxy.java:addNew(89)) - 46ab59cc-945a-490d-a3d8-84bb3275b18b: addNew group-73C54676DE21:[46ab59cc-945a-490d-a3d8-84bb3275b18b:192.168.5.141:38840, e5d39b96-bb85-454a-bbd5-64dc7f1df620:192.168.5.141:37534, bf49eb38-1e14-4d03-9db9-9625101d3439:192.168.5.141:44447] returns group-73C54676DE21:java.util.concurrent.CompletableFuture@5ec9506[Not completed]
2019-07-16 14:41:39,795 INFO  impl.RaftServerProxy (RaftServerProxy.java:addNew(89)) - bf49eb38-1e14-4d03-9db9-9625101d3439: addNew group-73C54676DE21:[46ab59cc-945a-490d-a3d8-84bb3275b18b:192.168.5.141:38840, e5d39b96-bb85-454a-bbd5-64dc7f1df620:192.168.5.141:37534, bf49eb38-1e14-4d03-9db9-9625101d3439:192.168.5.141:44447] returns group-73C54676DE21:java.util.concurrent.CompletableFuture@3c2c741[Not completed]
2019-07-16 14:41:39,795 INFO  impl.RaftServerImpl (RaftServerImpl.java:<init>(93)) - 46ab59cc-945a-490d-a3d8-84bb3275b18b: new RaftServerImpl for group-73C54676DE21:[46ab59cc-945a-490d-a3d8-84bb3275b18b:192.168.5.141:38840, e5d39b96-bb85-454a-bbd5-64dc7f1df620:192.168.5.141:37534, bf49eb38-1e14-4d03-9db9-9625101d3439:192.168.5.141:44447] with ContainerStateMachine:uninitialized
2019-07-16 14:41:39,796 INFO  server.RaftServerConfigKeys (ConfUtils.java:logGet(43)) - raft.server.rpc.timeout.min = 5s (custom)
2019-07-16 14:41:39,796 INFO  server.RaftServerConfigKeys (ConfUtils.java:logGet(43)) - raft.server.rpc.timeout.max = 5200ms (custom)
2019-07-16 14:41:39,796 INFO  server.RaftServerConfigKeys (ConfUtils.java:logGet(43)) - raft.server.rpcslowness.timeout = 120s (custom)
2019-07-16 14:41:39,796 INFO  impl.RaftServerProxy (RaftServerProxy.java:addNew(89)) - e5d39b96-bb85-454a-bbd5-64dc7f1df620: addNew group-73C54676DE21:[46ab59cc-945a-490d-a3d8-84bb3275b18b:192.168.5.141:38840, e5d39b96-bb85-454a-bbd5-64dc7f1df620:192.168.5.141:37534, bf49eb38-1e14-4d03-9db9-9625101d3439:192.168.5.141:44447] returns group-73C54676DE21:java.util.concurrent.CompletableFuture@159657f[Not completed]
2019-07-16 14:41:39,796 INFO  server.RaftServerConfigKeys (ConfUtils.java:logGet(43)) - raft.server.sleep.deviation.threshold = 300 (default)
2019-07-16 14:41:39,796 INFO  server.RaftServerConfigKeys (ConfUtils.java:logGet(43)) - raft.server.log.appender.install.snapshot.enabled = false (custom)
2019-07-16 14:41:39,796 INFO  impl.RaftServerImpl (RaftServerImpl.java:<init>(93)) - bf49eb38-1e14-4d03-9db9-9625101d3439: new RaftServerImpl for group-73C54676DE21:[46ab59cc-945a-490d-a3d8-84bb3275b18b:192.168.5.141:38840, e5d39b96-bb85-454a-bbd5-64dc7f1df620:192.168.5.141:37534, bf49eb38-1e14-4d03-9db9-9625101d3439:192.168.5.141:44447] with ContainerStateMachine:uninitialized
2019-07-16 14:41:39,796 INFO  impl.RaftServerImpl (ServerState.java:<init>(105)) - 46ab59cc-945a-490d-a3d8-84bb3275b18b:group-73C54676DE21 ConfigurationManager, init=-1: [46ab59cc-945a-490d-a3d8-84bb3275b18b:192.168.5.141:38840, e5d39b96-bb85-454a-bbd5-64dc7f1df620:192.168.5.141:37534, bf49eb38-1e14-4d03-9db9-9625101d3439:192.168.5.141:44447], old=null, confs=<EMPTY_MAP>
2019-07-16 14:41:39,797 INFO  server.RaftServerConfigKeys (ConfUtils.java:logGet(43)) - raft.server.rpc.timeout.min = 5s (custom)
2019-07-16 14:41:39,797 INFO  impl.RaftServerImpl (RaftServerImpl.java:<init>(93)) - e5d39b96-bb85-454a-bbd5-64dc7f1df620: new RaftServerImpl for group-73C54676DE21:[46ab59cc-945a-490d-a3d8-84bb3275b18b:192.168.5.141:38840, e5d39b96-bb85-454a-bbd5-64dc7f1df620:192.168.5.141:37534, bf49eb38-1e14-4d03-9db9-9625101d3439:192.168.5.141:44447] with ContainerStateMachine:uninitialized
2019-07-16 14:41:39,797 INFO  server.RaftServerConfigKeys (ConfUtils.java:logGet(43)) - raft.server.storage.dir = [/workdir/hadoop-ozone/integration-test/target/test-dir/MiniOzoneClusterImpl-18ed21d2-c6a0-43cf-8b50-5fae82384936/datanode-2/data/ratis] (custom)
2019-07-16 14:41:39,797 INFO  server.RaftServerConfigKeys (ConfUtils.java:logGet(43)) - raft.server.rpc.timeout.min = 5s (custom)
2019-07-16 14:41:39,797 INFO  server.RaftServerConfigKeys (ConfUtils.java:logGet(43)) - raft.server.rpc.timeout.max = 5200ms (custom)
2019-07-16 14:41:39,797 INFO  storage.RaftStorageDirectory (RaftStorageDirectory.java:analyzeStorage(246)) - The storage directory /workdir/hadoop-ozone/integration-test/target/test-dir/MiniOzoneClusterImpl-18ed21d2-c6a0-43cf-8b50-5fae82384936/datanode-2/data/ratis/7e6265f1-fdc2-499e-b3d5-73c54676de21 does not exist. Creating ...
2019-07-16 14:41:39,797 INFO  server.RaftServerConfigKeys (ConfUtils.java:logGet(43)) - raft.server.rpc.timeout.max = 5200ms (custom)
2019-07-16 14:41:39,798 INFO  server.RaftServerConfigKeys (ConfUtils.java:logGet(43)) - raft.server.rpcslowness.timeout = 120s (custom)
2019-07-16 14:41:39,798 INFO  server.RaftServerConfigKeys (ConfUtils.java:logGet(43)) - raft.server.rpcslowness.timeout = 120s (custom)
2019-07-16 14:41:39,798 INFO  server.RaftServerConfigKeys (ConfUtils.java:logGet(43)) - raft.server.sleep.deviation.threshold = 300 (default)
2019-07-16 14:41:39,798 INFO  server.RaftServerConfigKeys (ConfUtils.java:logGet(43)) - raft.server.sleep.deviation.threshold = 300 (default)
2019-07-16 14:41:39,798 INFO  server.RaftServerConfigKeys (ConfUtils.java:logGet(43)) - raft.server.log.appender.install.snapshot.enabled = false (custom)
2019-07-16 14:41:39,798 INFO  server.RaftServerConfigKeys (ConfUtils.java:logGet(43)) - raft.server.log.appender.install.snapshot.enabled = false (custom)
2019-07-16 14:41:39,799 INFO  impl.RaftServerImpl (ServerState.java:<init>(105)) - bf49eb38-1e14-4d03-9db9-9625101d3439:group-73C54676DE21 ConfigurationManager, init=-1: [46ab59cc-945a-490d-a3d8-84bb3275b18b:192.168.5.141:38840, e5d39b96-bb85-454a-bbd5-64dc7f1df620:192.168.5.141:37534, bf49eb38-1e14-4d03-9db9-9625101d3439:192.168.5.141:44447], old=null, confs=<EMPTY_MAP>
2019-07-16 14:41:39,799 INFO  impl.RaftServerImpl (ServerState.java:<init>(105)) - e5d39b96-bb85-454a-bbd5-64dc7f1df620:group-73C54676DE21 ConfigurationManager, init=-1: [46ab59cc-945a-490d-a3d8-84bb3275b18b:192.168.5.141:38840, e5d39b96-bb85-454a-bbd5-64dc7f1df620:192.168.5.141:37534, bf49eb38-1e14-4d03-9db9-9625101d3439:192.168.5.141:44447], old=null, confs=<EMPTY_MAP>
2019-07-16 14:41:39,799 INFO  server.RaftServerConfigKeys (ConfUtils.java:logGet(43)) - raft.server.storage.dir = [/workdir/hadoop-ozone/integration-test/target/test-dir/MiniOzoneClusterImpl-18ed21d2-c6a0-43cf-8b50-5fae82384936/datanode-1/data/ratis] (custom)
2019-07-16 14:41:39,799 INFO  server.RaftServerConfigKeys (ConfUtils.java:logGet(43)) - raft.server.storage.dir = [/workdir/hadoop-ozone/integration-test/target/test-dir/MiniOzoneClusterImpl-18ed21d2-c6a0-43cf-8b50-5fae82384936/datanode-0/data/ratis] (custom)
2019-07-16 14:41:39,799 INFO  storage.RaftStorageDirectory (RaftStorageDirectory.java:analyzeStorage(246)) - The storage directory /workdir/hadoop-ozone/integration-test/target/test-dir/MiniOzoneClusterImpl-18ed21d2-c6a0-43cf-8b50-5fae82384936/datanode-1/data/ratis/7e6265f1-fdc2-499e-b3d5-73c54676de21 does not exist. Creating ...
2019-07-16 14:41:39,800 INFO  storage.RaftStorageDirectory (RaftStorageDirectory.java:analyzeStorage(246)) - The storage directory /workdir/hadoop-ozone/integration-test/target/test-dir/MiniOzoneClusterImpl-18ed21d2-c6a0-43cf-8b50-5fae82384936/datanode-0/data/ratis/7e6265f1-fdc2-499e-b3d5-73c54676de21 does not exist. Creating ...
2019-07-16 14:41:39,805 INFO  storage.RaftStorageDirectory (RaftStorageDirectory.java:tryLock(328)) - Lock on /workdir/hadoop-ozone/integration-test/target/test-dir/MiniOzoneClusterImpl-18ed21d2-c6a0-43cf-8b50-5fae82384936/datanode-0/data/ratis/7e6265f1-fdc2-499e-b3d5-73c54676de21/in_use.lock acquired by nodename 10425@byscane-nightly-ppzk5-1864156943
2019-07-16 14:41:39,806 INFO  storage.RaftStorageDirectory (RaftStorageDirectory.java:tryLock(328)) - Lock on /workdir/hadoop-ozone/integration-test/target/test-dir/MiniOzoneClusterImpl-18ed21d2-c6a0-43cf-8b50-5fae82384936/datanode-1/data/ratis/7e6265f1-fdc2-499e-b3d5-73c54676de21/in_use.lock acquired by nodename 10425@byscane-nightly-ppzk5-1864156943
2019-07-16 14:41:39,805 INFO  storage.RaftStorageDirectory (RaftStorageDirectory.java:tryLock(328)) - Lock on /workdir/hadoop-ozone/integration-test/target/test-dir/MiniOzoneClusterImpl-18ed21d2-c6a0-43cf-8b50-5fae82384936/datanode-2/data/ratis/7e6265f1-fdc2-499e-b3d5-73c54676de21/in_use.lock acquired by nodename 10425@byscane-nightly-ppzk5-1864156943
2019-07-16 14:41:39,813 INFO  storage.RaftStorage (RaftStorage.java:format(72)) - Storage directory /workdir/hadoop-ozone/integration-test/target/test-dir/MiniOzoneClusterImpl-18ed21d2-c6a0-43cf-8b50-5fae82384936/datanode-0/data/ratis/7e6265f1-fdc2-499e-b3d5-73c54676de21 has been successfully formatted.
2019-07-16 14:41:39,813 INFO  storage.RaftStorage (RaftStorage.java:format(72)) - Storage directory /workdir/hadoop-ozone/integration-test/target/test-dir/MiniOzoneClusterImpl-18ed21d2-c6a0-43cf-8b50-5fae82384936/datanode-2/data/ratis/7e6265f1-fdc2-499e-b3d5-73c54676de21 has been successfully formatted.
2019-07-16 14:41:39,813 INFO  ratis.ContainerStateMachine (ContainerStateMachine.java:loadSnapshot(199)) - group-73C54676DE21: The snapshot info is null. Setting the last applied indexto:(t:0, i:~)
2019-07-16 14:41:39,813 INFO  storage.RaftStorage (RaftStorage.java:format(72)) - Storage directory /workdir/hadoop-ozone/integration-test/target/test-dir/MiniOzoneClusterImpl-18ed21d2-c6a0-43cf-8b50-5fae82384936/datanode-1/data/ratis/7e6265f1-fdc2-499e-b3d5-73c54676de21 has been successfully formatted.
2019-07-16 14:41:39,813 INFO  server.RaftServerConfigKeys (ConfUtils.java:logGet(43)) - raft.server.leader.election.timeout = 120s (custom)
2019-07-16 14:41:39,813 INFO  ratis.ContainerStateMachine (ContainerStateMachine.java:loadSnapshot(199)) - group-73C54676DE21: The snapshot info is null. Setting the last applied indexto:(t:0, i:~)
2019-07-16 14:41:39,814 INFO  server.RaftServerConfigKeys (ConfUtils.java:logGet(43)) - raft.server.log.use.memory = false (default)
2019-07-16 14:41:39,814 INFO  ratis.ContainerStateMachine (ContainerStateMachine.java:loadSnapshot(199)) - group-73C54676DE21: The snapshot info is null. Setting the last applied indexto:(t:0, i:~)
2019-07-16 14:41:39,814 INFO  server.RaftServerConfigKeys (ConfUtils.java:logGet(43)) - raft.server.log.purge.gap = 1000000000 (custom)
2019-07-16 14:41:39,814 INFO  server.RaftServerConfigKeys (ConfUtils.java:logGet(43)) - raft.server.leader.election.timeout = 120s (custom)
2019-07-16 14:41:39,814 INFO  server.RaftServerConfigKeys (ConfUtils.java:logGet(43)) - raft.server.log.appender.buffer.byte-limit = 33554432 (custom)
2019-07-16 14:41:39,814 INFO  server.RaftServerConfigKeys (ConfUtils.java:logGet(43)) - raft.server.leader.election.timeout = 120s (custom)
2019-07-16 14:41:39,815 INFO  server.RaftServerConfigKeys (ConfUtils.java:logGet(43)) - raft.server.log.segment.size.max = 1048576 (custom)
2019-07-16 14:41:39,814 INFO  server.RaftServerConfigKeys (ConfUtils.java:logGet(43)) - raft.server.log.use.memory = false (default)
2019-07-16 14:41:39,815 INFO  server.RaftServerConfigKeys (ConfUtils.java:logGet(43)) - raft.server.log.segment.cache.num.max = 2 (custom)
2019-07-16 14:41:39,815 INFO  server.RaftServerConfigKeys (ConfUtils.java:logGet(43)) - raft.server.log.use.memory = false (default)
2019-07-16 14:41:39,815 INFO  segmented.SegmentedRaftLogWorker (SegmentedRaftLogWorker.java:<init>(172)) - new e5d39b96-bb85-454a-bbd5-64dc7f1df620-SegmentedRaftLogWorker:Storage Directory /workdir/hadoop-ozone/integration-test/target/test-dir/MiniOzoneClusterImpl-18ed21d2-c6a0-43cf-8b50-5fae82384936/datanode-0/data/ratis/7e6265f1-fdc2-499e-b3d5-73c54676de21 for RaftStorage:Storage Directory /workdir/hadoop-ozone/integration-test/target/test-dir/MiniOzoneClusterImpl-18ed21d2-c6a0-43cf-8b50-5fae82384936/datanode-0/data/ratis/7e6265f1-fdc2-499e-b3d5-73c54676de21
2019-07-16 14:41:39,815 INFO  server.RaftServerConfigKeys (ConfUtils.java:logGet(43)) - raft.server.log.purge.gap = 1000000000 (custom)
2019-07-16 14:41:39,815 INFO  server.RaftServerConfigKeys (ConfUtils.java:logGet(43)) - raft.server.log.queue.byte-limit = 2147483647 (custom)
2019-07-16 14:41:39,815 INFO  server.RaftServerConfigKeys (ConfUtils.java:logGet(43)) - raft.server.log.purge.gap = 1000000000 (custom)
2019-07-16 14:41:39,816 INFO  server.RaftServerConfigKeys (ConfUtils.java:logGet(43)) - raft.server.log.queue.element-limit = 1024 (custom)
2019-07-16 14:41:39,816 INFO  server.RaftServerConfigKeys (ConfUtils.java:logGet(43)) - raft.server.log.appender.buffer.byte-limit = 33554432 (custom)
2019-07-16 14:41:39,816 INFO  server.RaftServerConfigKeys (ConfUtils.java:logGet(43)) - raft.server.log.segment.size.max = 1048576 (custom)
2019-07-16 14:41:39,816 INFO  server.RaftServerConfigKeys (ConfUtils.java:logGet(43)) - raft.server.log.appender.buffer.byte-limit = 33554432 (custom)
2019-07-16 14:41:39,816 INFO  server.RaftServerConfigKeys (ConfUtils.java:logGet(43)) - raft.server.log.preallocated.size = 16384 (custom)
2019-07-16 14:41:39,816 INFO  server.RaftServerConfigKeys (ConfUtils.java:logGet(43)) - raft.server.log.segment.size.max = 1048576 (custom)
2019-07-16 14:41:39,817 INFO  server.RaftServerConfigKeys (ConfUtils.java:logGet(43)) - raft.server.log.write.buffer.size = 33554432 (custom)
2019-07-16 14:41:39,817 INFO  server.RaftServerConfigKeys (ConfUtils.java:logGet(43)) - raft.server.log.segment.size.max = 1048576 (custom)
2019-07-16 14:41:39,817 INFO  server.RaftServerConfigKeys (ConfUtils.java:logGet(43)) - raft.server.log.force.sync.num = 128 (default)
2019-07-16 14:41:39,817 INFO  server.RaftServerConfigKeys (ConfUtils.java:logGet(43)) - raft.server.log.statemachine.data.sync = true (default)
2019-07-16 14:41:39,817 INFO  server.RaftServerConfigKeys (ConfUtils.java:logGet(43)) - raft.server.log.segment.cache.num.max = 2 (custom)
2019-07-16 14:41:39,818 INFO  server.RaftServerConfigKeys (ConfUtils.java:logGet(43)) - raft.server.log.statemachine.data.sync.timeout = 10s (default)
2019-07-16 14:41:39,818 INFO  server.RaftServerConfigKeys (ConfUtils.java:logGet(43)) - raft.server.log.statemachine.data.sync.timeout.retry = -1 (default)
2019-07-16 14:41:39,817 INFO  server.RaftServerConfigKeys (ConfUtils.java:logGet(43)) - raft.server.log.segment.cache.num.max = 2 (custom)
2019-07-16 14:41:39,818 INFO  server.RaftServerConfigKeys (ConfUtils.java:logGet(43)) - raft.server.log.statemachine.data.caching.enabled = true (custom)
2019-07-16 14:41:39,818 INFO  segmented.SegmentedRaftLogWorker (SegmentedRaftLogWorker.java:<init>(172)) - new 46ab59cc-945a-490d-a3d8-84bb3275b18b-SegmentedRaftLogWorker:Storage Directory /workdir/hadoop-ozone/integration-test/target/test-dir/MiniOzoneClusterImpl-18ed21d2-c6a0-43cf-8b50-5fae82384936/datanode-2/data/ratis/7e6265f1-fdc2-499e-b3d5-73c54676de21 for RaftStorage:Storage Directory /workdir/hadoop-ozone/integration-test/target/test-dir/MiniOzoneClusterImpl-18ed21d2-c6a0-43cf-8b50-5fae82384936/datanode-2/data/ratis/7e6265f1-fdc2-499e-b3d5-73c54676de21
2019-07-16 14:41:39,818 INFO  segmented.SegmentedRaftLogWorker (SegmentedRaftLogWorker.java:<init>(172)) - new bf49eb38-1e14-4d03-9db9-9625101d3439-SegmentedRaftLogWorker:Storage Directory /workdir/hadoop-ozone/integration-test/target/test-dir/MiniOzoneClusterImpl-18ed21d2-c6a0-43cf-8b50-5fae82384936/datanode-1/data/ratis/7e6265f1-fdc2-499e-b3d5-73c54676de21 for RaftStorage:Storage Directory /workdir/hadoop-ozone/integration-test/target/test-dir/MiniOzoneClusterImpl-18ed21d2-c6a0-43cf-8b50-5fae82384936/datanode-1/data/ratis/7e6265f1-fdc2-499e-b3d5-73c54676de21
2019-07-16 14:41:39,819 INFO  server.RaftServerConfigKeys (ConfUtils.java:logGet(43)) - raft.server.log.queue.byte-limit = 2147483647 (custom)
2019-07-16 14:41:39,819 INFO  segmented.SegmentedRaftLogWorker (SegmentedRaftLogWorker.java:lambda$new$0(132)) - e5d39b96-bb85-454a-bbd5-64dc7f1df620-SegmentedRaftLogWorker:Storage Directory /workdir/hadoop-ozone/integration-test/target/test-dir/MiniOzoneClusterImpl-18ed21d2-c6a0-43cf-8b50-5fae82384936/datanode-0/data/ratis/7e6265f1-fdc2-499e-b3d5-73c54676de21: flushIndex: setUnconditionally 0 -> -1
2019-07-16 14:41:39,819 INFO  server.RaftServerConfigKeys (ConfUtils.java:logGet(43)) - raft.server.log.queue.element-limit = 1024 (custom)
2019-07-16 14:41:39,819 INFO  server.RaftServerConfigKeys (ConfUtils.java:logGet(43)) - raft.server.log.queue.byte-limit = 2147483647 (custom)
2019-07-16 14:41:39,819 INFO  server.RaftServerConfigKeys (ConfUtils.java:logGet(43)) - raft.server.snapshot.auto.trigger.enabled = true (custom)
2019-07-16 14:41:39,819 INFO  server.RaftServerConfigKeys (ConfUtils.java:logGet(43)) - raft.server.log.segment.size.max = 1048576 (custom)
2019-07-16 14:41:39,819 INFO  server.RaftServerConfigKeys (ConfUtils.java:logGet(43)) - raft.server.snapshot.auto.trigger.threshold = 10000 (custom)
2019-07-16 14:41:39,819 INFO  server.RaftServerConfigKeys (ConfUtils.java:logGet(43)) - raft.server.log.queue.element-limit = 1024 (custom)
2019-07-16 14:41:39,820 INFO  server.RaftServerConfigKeys (ConfUtils.java:logGet(43)) - raft.server.retrycache.expirytime = 600000ms (custom)
2019-07-16 14:41:39,820 INFO  server.RaftServerConfigKeys (ConfUtils.java:logGet(43)) - raft.server.log.preallocated.size = 16384 (custom)
2019-07-16 14:41:39,820 INFO  impl.RaftServerImpl (RaftServerImpl.java:start(180)) - e5d39b96-bb85-454a-bbd5-64dc7f1df620: start group-73C54676DE21
2019-07-16 14:41:39,820 INFO  server.RaftServerConfigKeys (ConfUtils.java:logGet(43)) - raft.server.log.segment.size.max = 1048576 (custom)
2019-07-16 14:41:39,820 INFO  impl.RaftServerImpl (RaftServerImpl.java:setRole(171)) - e5d39b96-bb85-454a-bbd5-64dc7f1df620:group-73C54676DE21 changes role from null to FOLLOWER at term 0 for startAsFollower
2019-07-16 14:41:39,820 INFO  server.RaftServerConfigKeys (ConfUtils.java:logGet(43)) - raft.server.log.write.buffer.size = 33554432 (custom)
2019-07-16 14:41:39,821 INFO  impl.RoleInfo (RoleInfo.java:updateAndGet(143)) - e5d39b96-bb85-454a-bbd5-64dc7f1df620: start FollowerState
2019-07-16 14:41:39,821 INFO  server.RaftServerConfigKeys (ConfUtils.java:logGet(43)) - raft.server.log.preallocated.size = 16384 (custom)
2019-07-16 14:41:39,821 INFO  server.RaftServerConfigKeys (ConfUtils.java:logGet(43)) - raft.server.log.force.sync.num = 128 (default)
2019-07-16 14:41:39,832 INFO  util.JmxRegister (JmxRegister.java:tryRegister(44)) - Successfully registered JMX Bean with object name Ratis:service=RaftServer,group=group-73C54676DE21,id=e5d39b96-bb85-454a-bbd5-64dc7f1df620
2019-07-16 14:41:39,821 INFO  server.RaftServerConfigKeys (ConfUtils.java:logGet(43)) - raft.server.log.write.buffer.size = 33554432 (custom)
2019-07-16 14:41:39,832 INFO  server.RaftServerConfigKeys (ConfUtils.java:logGet(43)) - raft.server.log.statemachine.data.sync = true (default)
2019-07-16 14:41:39,833 INFO  server.RaftServerConfigKeys (ConfUtils.java:logGet(43)) - raft.server.log.force.sync.num = 128 (default)
2019-07-16 14:41:39,840 INFO  server.RaftServerConfigKeys (ConfUtils.java:logGet(43)) - raft.server.log.statemachine.data.sync.timeout = 10s (default)
2019-07-16 14:41:39,841 INFO  server.RaftServerConfigKeys (ConfUtils.java:logGet(43)) - raft.server.log.statemachine.data.sync = true (default)
2019-07-16 14:41:39,841 INFO  server.RaftServerConfigKeys (ConfUtils.java:logGet(43)) - raft.server.log.statemachine.data.sync.timeout.retry = -1 (default)
2019-07-16 14:41:39,841 INFO  server.RaftServerConfigKeys (ConfUtils.java:logGet(43)) - raft.server.log.statemachine.data.sync.timeout = 10s (default)
2019-07-16 14:41:39,841 INFO  server.RaftServerConfigKeys (ConfUtils.java:logGet(43)) - raft.server.log.statemachine.data.caching.enabled = true (custom)
2019-07-16 14:41:39,841 INFO  server.RaftServerConfigKeys (ConfUtils.java:logGet(43)) - raft.server.log.statemachine.data.sync.timeout.retry = -1 (default)
2019-07-16 14:41:39,842 INFO  segmented.SegmentedRaftLogWorker (SegmentedRaftLogWorker.java:lambda$new$0(132)) - 46ab59cc-945a-490d-a3d8-84bb3275b18b-SegmentedRaftLogWorker:Storage Directory /workdir/hadoop-ozone/integration-test/target/test-dir/MiniOzoneClusterImpl-18ed21d2-c6a0-43cf-8b50-5fae82384936/datanode-2/data/ratis/7e6265f1-fdc2-499e-b3d5-73c54676de21: flushIndex: setUnconditionally 0 -> -1
2019-07-16 14:41:39,842 INFO  server.RaftServerConfigKeys (ConfUtils.java:logGet(43)) - raft.server.log.statemachine.data.caching.enabled = true (custom)
2019-07-16 14:41:39,842 INFO  server.RaftServerConfigKeys (ConfUtils.java:logGet(43)) - raft.server.snapshot.auto.trigger.enabled = true (custom)
2019-07-16 14:41:39,842 INFO  server.RaftServerConfigKeys (ConfUtils.java:logGet(43)) - raft.server.snapshot.auto.trigger.threshold = 10000 (custom)
2019-07-16 14:41:39,842 INFO  segmented.SegmentedRaftLogWorker (SegmentedRaftLogWorker.java:lambda$new$0(132)) - bf49eb38-1e14-4d03-9db9-9625101d3439-SegmentedRaftLogWorker:Storage Directory /workdir/hadoop-ozone/integration-test/target/test-dir/MiniOzoneClusterImpl-18ed21d2-c6a0-43cf-8b50-5fae82384936/datanode-1/data/ratis/7e6265f1-fdc2-499e-b3d5-73c54676de21: flushIndex: setUnconditionally 0 -> -1
2019-07-16 14:41:39,843 INFO  server.RaftServerConfigKeys (ConfUtils.java:logGet(43)) - raft.server.retrycache.expirytime = 600000ms (custom)
2019-07-16 14:41:39,843 INFO  server.RaftServerConfigKeys (ConfUtils.java:logGet(43)) - raft.server.snapshot.auto.trigger.enabled = true (custom)
2019-07-16 14:41:39,843 INFO  impl.RaftServerImpl (RaftServerImpl.java:start(180)) - 46ab59cc-945a-490d-a3d8-84bb3275b18b: start group-73C54676DE21
2019-07-16 14:41:39,843 INFO  server.RaftServerConfigKeys (ConfUtils.java:logGet(43)) - raft.server.snapshot.auto.trigger.threshold = 10000 (custom)
2019-07-16 14:41:39,843 INFO  impl.RaftServerImpl (RaftServerImpl.java:setRole(171)) - 46ab59cc-945a-490d-a3d8-84bb3275b18b:group-73C54676DE21 changes role from null to FOLLOWER at term 0 for startAsFollower
2019-07-16 14:41:39,843 INFO  server.RaftServerConfigKeys (ConfUtils.java:logGet(43)) - raft.server.retrycache.expirytime = 600000ms (custom)
2019-07-16 14:41:39,843 INFO  impl.RoleInfo (RoleInfo.java:updateAndGet(143)) - 46ab59cc-945a-490d-a3d8-84bb3275b18b: start FollowerState
2019-07-16 14:41:39,844 INFO  impl.RaftServerImpl (RaftServerImpl.java:start(180)) - bf49eb38-1e14-4d03-9db9-9625101d3439: start group-73C54676DE21
2019-07-16 14:41:39,844 INFO  impl.RaftServerImpl (RaftServerImpl.java:setRole(171)) - bf49eb38-1e14-4d03-9db9-9625101d3439:group-73C54676DE21 changes role from null to FOLLOWER at term 0 for startAsFollower
2019-07-16 14:41:39,844 INFO  impl.RoleInfo (RoleInfo.java:updateAndGet(143)) - bf49eb38-1e14-4d03-9db9-9625101d3439: start FollowerState
2019-07-16 14:41:39,844 INFO  util.JmxRegister (JmxRegister.java:tryRegister(44)) - Successfully registered JMX Bean with object name Ratis:service=RaftServer,group=group-73C54676DE21,id=46ab59cc-945a-490d-a3d8-84bb3275b18b
2019-07-16 14:41:39,844 INFO  util.JmxRegister (JmxRegister.java:tryRegister(44)) - Successfully registered JMX Bean with object name Ratis:service=RaftServer,group=group-73C54676DE21,id=bf49eb38-1e14-4d03-9db9-9625101d3439
2019-07-16 14:41:39,847 INFO  pipeline.PipelineStateManager (PipelineStateManager.java:addPipeline(56)) - Created pipeline Pipeline[ Id: 7e6265f1-fdc2-499e-b3d5-73c54676de21, Nodes: 46ab59cc-945a-490d-a3d8-84bb3275b18b{ip: 192.168.5.141, host: byscane-nightly-ppzk5-1864156943, networkLocation: /default-rack, certSerialId: null}e5d39b96-bb85-454a-bbd5-64dc7f1df620{ip: 192.168.5.141, host: byscane-nightly-ppzk5-1864156943, networkLocation: /default-rack, certSerialId: null}bf49eb38-1e14-4d03-9db9-9625101d3439{ip: 192.168.5.141, host: byscane-nightly-ppzk5-1864156943, networkLocation: /default-rack, certSerialId: null}, Type:RATIS, Factor:THREE, State:OPEN]
2019-07-16 14:41:39,883 INFO  node.SCMNodeManager (SCMNodeManager.java:register(268)) - Registered Data node : 0458b044-f242-4a13-b025-09967ee147c2{ip: 192.168.5.141, host: byscane-nightly-ppzk5-1864156943, networkLocation: /default-rack, certSerialId: null}
2019-07-16 14:41:39,896 INFO  impl.RaftServerProxy (RaftServerProxy.java:addNew(89)) - 0458b044-f242-4a13-b025-09967ee147c2: addNew group-DAC53C7E2926:[0458b044-f242-4a13-b025-09967ee147c2:192.168.5.141:37818] returns group-DAC53C7E2926:java.util.concurrent.CompletableFuture@3e8ffe6e[Not completed]
2019-07-16 14:41:39,897 INFO  impl.RaftServerImpl (RaftServerImpl.java:<init>(93)) - 0458b044-f242-4a13-b025-09967ee147c2: new RaftServerImpl for group-DAC53C7E2926:[0458b044-f242-4a13-b025-09967ee147c2:192.168.5.141:37818] with ContainerStateMachine:uninitialized
2019-07-16 14:41:39,897 INFO  server.RaftServerConfigKeys (ConfUtils.java:logGet(43)) - raft.server.rpc.timeout.min = 5s (custom)
2019-07-16 14:41:39,897 INFO  server.RaftServerConfigKeys (ConfUtils.java:logGet(43)) - raft.server.rpc.timeout.max = 5200ms (custom)
2019-07-16 14:41:39,898 INFO  server.RaftServerConfigKeys (ConfUtils.java:logGet(43)) - raft.server.rpcslowness.timeout = 120s (custom)
2019-07-16 14:41:39,898 INFO  server.RaftServerConfigKeys (ConfUtils.java:logGet(43)) - raft.server.sleep.deviation.threshold = 300 (default)
2019-07-16 14:41:39,898 INFO  server.RaftServerConfigKeys (ConfUtils.java:logGet(43)) - raft.server.log.appender.install.snapshot.enabled = false (custom)
2019-07-16 14:41:39,898 INFO  impl.RaftServerImpl (ServerState.java:<init>(105)) - 0458b044-f242-4a13-b025-09967ee147c2:group-DAC53C7E2926 ConfigurationManager, init=-1: [0458b044-f242-4a13-b025-09967ee147c2:192.168.5.141:37818], old=null, confs=<EMPTY_MAP>
2019-07-16 14:41:39,898 INFO  server.RaftServerConfigKeys (ConfUtils.java:logGet(43)) - raft.server.storage.dir = [/workdir/hadoop-ozone/integration-test/target/test-dir/MiniOzoneClusterImpl-18ed21d2-c6a0-43cf-8b50-5fae82384936/datanode-3/data/ratis] (custom)
2019-07-16 14:41:39,899 INFO  storage.RaftStorageDirectory (RaftStorageDirectory.java:analyzeStorage(246)) - The storage directory /workdir/hadoop-ozone/integration-test/target/test-dir/MiniOzoneClusterImpl-18ed21d2-c6a0-43cf-8b50-5fae82384936/datanode-3/data/ratis/305da0ee-1e92-4c23-8433-dac53c7e2926 does not exist. Creating ...
2019-07-16 14:41:39,903 INFO  storage.RaftStorageDirectory (RaftStorageDirectory.java:tryLock(328)) - Lock on /workdir/hadoop-ozone/integration-test/target/test-dir/MiniOzoneClusterImpl-18ed21d2-c6a0-43cf-8b50-5fae82384936/datanode-3/data/ratis/305da0ee-1e92-4c23-8433-dac53c7e2926/in_use.lock acquired by nodename 10425@byscane-nightly-ppzk5-1864156943
2019-07-16 14:41:39,918 INFO  storage.RaftStorage (RaftStorage.java:format(72)) - Storage directory /workdir/hadoop-ozone/integration-test/target/test-dir/MiniOzoneClusterImpl-18ed21d2-c6a0-43cf-8b50-5fae82384936/datanode-3/data/ratis/305da0ee-1e92-4c23-8433-dac53c7e2926 has been successfully formatted.
2019-07-16 14:41:39,919 INFO  ratis.ContainerStateMachine (ContainerStateMachine.java:loadSnapshot(199)) - group-DAC53C7E2926: The snapshot info is null. Setting the last applied indexto:(t:0, i:~)
2019-07-16 14:41:39,919 INFO  server.RaftServerConfigKeys (ConfUtils.java:logGet(43)) - raft.server.leader.election.timeout = 120s (custom)
2019-07-16 14:41:39,919 INFO  server.RaftServerConfigKeys (ConfUtils.java:logGet(43)) - raft.server.log.use.memory = false (default)
2019-07-16 14:41:39,919 INFO  server.RaftServerConfigKeys (ConfUtils.java:logGet(43)) - raft.server.log.purge.gap = 1000000000 (custom)
2019-07-16 14:41:39,920 INFO  server.RaftServerConfigKeys (ConfUtils.java:logGet(43)) - raft.server.log.appender.buffer.byte-limit = 33554432 (custom)
2019-07-16 14:41:39,920 INFO  server.RaftServerConfigKeys (ConfUtils.java:logGet(43)) - raft.server.log.segment.size.max = 1048576 (custom)
2019-07-16 14:41:39,920 INFO  server.RaftServerConfigKeys (ConfUtils.java:logGet(43)) - raft.server.log.segment.cache.num.max = 2 (custom)
2019-07-16 14:41:39,921 INFO  segmented.SegmentedRaftLogWorker (SegmentedRaftLogWorker.java:<init>(172)) - new 0458b044-f242-4a13-b025-09967ee147c2-SegmentedRaftLogWorker:Storage Directory /workdir/hadoop-ozone/integration-test/target/test-dir/MiniOzoneClusterImpl-18ed21d2-c6a0-43cf-8b50-5fae82384936/datanode-3/data/ratis/305da0ee-1e92-4c23-8433-dac53c7e2926 for RaftStorage:Storage Directory /workdir/hadoop-ozone/integration-test/target/test-dir/MiniOzoneClusterImpl-18ed21d2-c6a0-43cf-8b50-5fae82384936/datanode-3/data/ratis/305da0ee-1e92-4c23-8433-dac53c7e2926
2019-07-16 14:41:39,921 INFO  server.RaftServerConfigKeys (ConfUtils.java:logGet(43)) - raft.server.log.queue.byte-limit = 2147483647 (custom)
2019-07-16 14:41:39,921 INFO  server.RaftServerConfigKeys (ConfUtils.java:logGet(43)) - raft.server.log.queue.element-limit = 1024 (custom)
2019-07-16 14:41:39,922 INFO  server.RaftServerConfigKeys (ConfUtils.java:logGet(43)) - raft.server.log.segment.size.max = 1048576 (custom)
2019-07-16 14:41:39,922 INFO  server.RaftServerConfigKeys (ConfUtils.java:logGet(43)) - raft.server.log.preallocated.size = 16384 (custom)
2019-07-16 14:41:39,922 INFO  server.RaftServerConfigKeys (ConfUtils.java:logGet(43)) - raft.server.log.write.buffer.size = 33554432 (custom)
2019-07-16 14:41:39,922 INFO  server.RaftServerConfigKeys (ConfUtils.java:logGet(43)) - raft.server.log.force.sync.num = 128 (default)
2019-07-16 14:41:39,923 INFO  server.RaftServerConfigKeys (ConfUtils.java:logGet(43)) - raft.server.log.statemachine.data.sync = true (default)
2019-07-16 14:41:39,923 INFO  server.RaftServerConfigKeys (ConfUtils.java:logGet(43)) - raft.server.log.statemachine.data.sync.timeout = 10s (default)
2019-07-16 14:41:39,923 INFO  server.RaftServerConfigKeys (ConfUtils.java:logGet(43)) - raft.server.log.statemachine.data.sync.timeout.retry = -1 (default)
2019-07-16 14:41:39,924 INFO  server.RaftServerConfigKeys (ConfUtils.java:logGet(43)) - raft.server.log.statemachine.data.caching.enabled = true (custom)
2019-07-16 14:41:39,924 INFO  segmented.SegmentedRaftLogWorker (SegmentedRaftLogWorker.java:lambda$new$0(132)) - 0458b044-f242-4a13-b025-09967ee147c2-SegmentedRaftLogWorker:Storage Directory /workdir/hadoop-ozone/integration-test/target/test-dir/MiniOzoneClusterImpl-18ed21d2-c6a0-43cf-8b50-5fae82384936/datanode-3/data/ratis/305da0ee-1e92-4c23-8433-dac53c7e2926: flushIndex: setUnconditionally 0 -> -1
2019-07-16 14:41:39,924 INFO  server.RaftServerConfigKeys (ConfUtils.java:logGet(43)) - raft.server.snapshot.auto.trigger.enabled = true (custom)
2019-07-16 14:41:39,924 INFO  server.RaftServerConfigKeys (ConfUtils.java:logGet(43)) - raft.server.snapshot.auto.trigger.threshold = 10000 (custom)
2019-07-16 14:41:39,925 INFO  server.RaftServerConfigKeys (ConfUtils.java:logGet(43)) - raft.server.retrycache.expirytime = 600000ms (custom)
2019-07-16 14:41:39,925 INFO  impl.RaftServerImpl (RaftServerImpl.java:start(180)) - 0458b044-f242-4a13-b025-09967ee147c2: start group-DAC53C7E2926
2019-07-16 14:41:39,925 INFO  impl.RaftServerImpl (RaftServerImpl.java:setRole(171)) - 0458b044-f242-4a13-b025-09967ee147c2:group-DAC53C7E2926 changes role from null to FOLLOWER at term 0 for startAsFollower
2019-07-16 14:41:39,925 INFO  impl.RoleInfo (RoleInfo.java:updateAndGet(143)) - 0458b044-f242-4a13-b025-09967ee147c2: start FollowerState
2019-07-16 14:41:39,926 INFO  util.JmxRegister (JmxRegister.java:tryRegister(44)) - Successfully registered JMX Bean with object name Ratis:service=RaftServer,group=group-DAC53C7E2926,id=0458b044-f242-4a13-b025-09967ee147c2
2019-07-16 14:41:39,929 INFO  pipeline.PipelineStateManager (PipelineStateManager.java:addPipeline(56)) - Created pipeline Pipeline[ Id: 305da0ee-1e92-4c23-8433-dac53c7e2926, Nodes: 0458b044-f242-4a13-b025-09967ee147c2{ip: 192.168.5.141, host: byscane-nightly-ppzk5-1864156943, networkLocation: /default-rack, certSerialId: null}, Type:RATIS, Factor:ONE, State:OPEN]
2019-07-16 14:41:40,119 INFO  node.SCMNodeManager (SCMNodeManager.java:register(268)) - Registered Data node : dec16a74-fc21-431e-9256-34842b1582fe{ip: 192.168.5.141, host: byscane-nightly-ppzk5-1864156943, networkLocation: /default-rack, certSerialId: null}
2019-07-16 14:41:40,134 INFO  impl.RaftServerProxy (RaftServerProxy.java:addNew(89)) - dec16a74-fc21-431e-9256-34842b1582fe: addNew group-1E062121A0E0:[dec16a74-fc21-431e-9256-34842b1582fe:192.168.5.141:39153] returns group-1E062121A0E0:java.util.concurrent.CompletableFuture@12c5098e[Not completed]
2019-07-16 14:41:40,153 INFO  impl.RaftServerImpl (RaftServerImpl.java:<init>(93)) - dec16a74-fc21-431e-9256-34842b1582fe: new RaftServerImpl for group-1E062121A0E0:[dec16a74-fc21-431e-9256-34842b1582fe:192.168.5.141:39153] with ContainerStateMachine:uninitialized
2019-07-16 14:41:40,153 INFO  server.RaftServerConfigKeys (ConfUtils.java:logGet(43)) - raft.server.rpc.timeout.min = 5s (custom)
2019-07-16 14:41:40,153 INFO  server.RaftServerConfigKeys (ConfUtils.java:logGet(43)) - raft.server.rpc.timeout.max = 5200ms (custom)
2019-07-16 14:41:40,153 INFO  server.RaftServerConfigKeys (ConfUtils.java:logGet(43)) - raft.server.rpcslowness.timeout = 120s (custom)
2019-07-16 14:41:40,153 INFO  server.RaftServerConfigKeys (ConfUtils.java:logGet(43)) - raft.server.sleep.deviation.threshold = 300 (default)
2019-07-16 14:41:40,153 INFO  server.RaftServerConfigKeys (ConfUtils.java:logGet(43)) - raft.server.log.appender.install.snapshot.enabled = false (custom)
2019-07-16 14:41:40,154 INFO  impl.RaftServerImpl (ServerState.java:<init>(105)) - dec16a74-fc21-431e-9256-34842b1582fe:group-1E062121A0E0 ConfigurationManager, init=-1: [dec16a74-fc21-431e-9256-34842b1582fe:192.168.5.141:39153], old=null, confs=<EMPTY_MAP>
2019-07-16 14:41:40,154 INFO  server.RaftServerConfigKeys (ConfUtils.java:logGet(43)) - raft.server.storage.dir = [/workdir/hadoop-ozone/integration-test/target/test-dir/MiniOzoneClusterImpl-18ed21d2-c6a0-43cf-8b50-5fae82384936/datanode-4/data/ratis] (custom)
2019-07-16 14:41:40,154 INFO  storage.RaftStorageDirectory (RaftStorageDirectory.java:analyzeStorage(246)) - The storage directory /workdir/hadoop-ozone/integration-test/target/test-dir/MiniOzoneClusterImpl-18ed21d2-c6a0-43cf-8b50-5fae82384936/datanode-4/data/ratis/266fb071-715e-47d9-8f83-1e062121a0e0 does not exist. Creating ...
2019-07-16 14:41:40,162 INFO  storage.RaftStorageDirectory (RaftStorageDirectory.java:tryLock(328)) - Lock on /workdir/hadoop-ozone/integration-test/target/test-dir/MiniOzoneClusterImpl-18ed21d2-c6a0-43cf-8b50-5fae82384936/datanode-4/data/ratis/266fb071-715e-47d9-8f83-1e062121a0e0/in_use.lock acquired by nodename 10425@byscane-nightly-ppzk5-1864156943
2019-07-16 14:41:40,167 INFO  storage.RaftStorage (RaftStorage.java:format(72)) - Storage directory /workdir/hadoop-ozone/integration-test/target/test-dir/MiniOzoneClusterImpl-18ed21d2-c6a0-43cf-8b50-5fae82384936/datanode-4/data/ratis/266fb071-715e-47d9-8f83-1e062121a0e0 has been successfully formatted.
2019-07-16 14:41:40,167 INFO  ratis.ContainerStateMachine (ContainerStateMachine.java:loadSnapshot(199)) - group-1E062121A0E0: The snapshot info is null. Setting the last applied indexto:(t:0, i:~)
2019-07-16 14:41:40,167 INFO  server.RaftServerConfigKeys (ConfUtils.java:logGet(43)) - raft.server.leader.election.timeout = 120s (custom)
2019-07-16 14:41:40,167 INFO  server.RaftServerConfigKeys (ConfUtils.java:logGet(43)) - raft.server.log.use.memory = false (default)
2019-07-16 14:41:40,167 INFO  server.RaftServerConfigKeys (ConfUtils.java:logGet(43)) - raft.server.log.purge.gap = 1000000000 (custom)
2019-07-16 14:41:40,168 INFO  server.RaftServerConfigKeys (ConfUtils.java:logGet(43)) - raft.server.log.appender.buffer.byte-limit = 33554432 (custom)
2019-07-16 14:41:40,168 INFO  server.RaftServerConfigKeys (ConfUtils.java:logGet(43)) - raft.server.log.segment.size.max = 1048576 (custom)
2019-07-16 14:41:40,168 INFO  server.RaftServerConfigKeys (ConfUtils.java:logGet(43)) - raft.server.log.segment.cache.num.max = 2 (custom)
2019-07-16 14:41:40,168 INFO  segmented.SegmentedRaftLogWorker (SegmentedRaftLogWorker.java:<init>(172)) - new dec16a74-fc21-431e-9256-34842b1582fe-SegmentedRaftLogWorker:Storage Directory /workdir/hadoop-ozone/integration-test/target/test-dir/MiniOzoneClusterImpl-18ed21d2-c6a0-43cf-8b50-5fae82384936/datanode-4/data/ratis/266fb071-715e-47d9-8f83-1e062121a0e0 for RaftStorage:Storage Directory /workdir/hadoop-ozone/integration-test/target/test-dir/MiniOzoneClusterImpl-18ed21d2-c6a0-43cf-8b50-5fae82384936/datanode-4/data/ratis/266fb071-715e-47d9-8f83-1e062121a0e0
2019-07-16 14:41:40,168 INFO  server.RaftServerConfigKeys (ConfUtils.java:logGet(43)) - raft.server.log.queue.byte-limit = 2147483647 (custom)
2019-07-16 14:41:40,168 INFO  server.RaftServerConfigKeys (ConfUtils.java:logGet(43)) - raft.server.log.queue.element-limit = 1024 (custom)
2019-07-16 14:41:40,169 INFO  server.RaftServerConfigKeys (ConfUtils.java:logGet(43)) - raft.server.log.segment.size.max = 1048576 (custom)
2019-07-16 14:41:40,169 INFO  server.RaftServerConfigKeys (ConfUtils.java:logGet(43)) - raft.server.log.preallocated.size = 16384 (custom)
2019-07-16 14:41:40,169 INFO  server.RaftServerConfigKeys (ConfUtils.java:logGet(43)) - raft.server.log.write.buffer.size = 33554432 (custom)
2019-07-16 14:41:40,169 INFO  server.RaftServerConfigKeys (ConfUtils.java:logGet(43)) - raft.server.log.force.sync.num = 128 (default)
2019-07-16 14:41:40,169 INFO  server.RaftServerConfigKeys (ConfUtils.java:logGet(43)) - raft.server.log.statemachine.data.sync = true (default)
2019-07-16 14:41:40,170 INFO  server.RaftServerConfigKeys (ConfUtils.java:logGet(43)) - raft.server.log.statemachine.data.sync.timeout = 10s (default)
2019-07-16 14:41:40,170 INFO  server.RaftServerConfigKeys (ConfUtils.java:logGet(43)) - raft.server.log.statemachine.data.sync.timeout.retry = -1 (default)
2019-07-16 14:41:40,170 INFO  server.RaftServerConfigKeys (ConfUtils.java:logGet(43)) - raft.server.log.statemachine.data.caching.enabled = true (custom)
2019-07-16 14:41:40,171 INFO  segmented.SegmentedRaftLogWorker (SegmentedRaftLogWorker.java:lambda$new$0(132)) - dec16a74-fc21-431e-9256-34842b1582fe-SegmentedRaftLogWorker:Storage Directory /workdir/hadoop-ozone/integration-test/target/test-dir/MiniOzoneClusterImpl-18ed21d2-c6a0-43cf-8b50-5fae82384936/datanode-4/data/ratis/266fb071-715e-47d9-8f83-1e062121a0e0: flushIndex: setUnconditionally 0 -> -1
2019-07-16 14:41:40,171 INFO  server.RaftServerConfigKeys (ConfUtils.java:logGet(43)) - raft.server.snapshot.auto.trigger.enabled = true (custom)
2019-07-16 14:41:40,171 INFO  server.RaftServerConfigKeys (ConfUtils.java:logGet(43)) - raft.server.snapshot.auto.trigger.threshold = 10000 (custom)
2019-07-16 14:41:40,171 INFO  server.RaftServerConfigKeys (ConfUtils.java:logGet(43)) - raft.server.retrycache.expirytime = 600000ms (custom)
2019-07-16 14:41:40,172 INFO  impl.RaftServerImpl (RaftServerImpl.java:start(180)) - dec16a74-fc21-431e-9256-34842b1582fe: start group-1E062121A0E0
2019-07-16 14:41:40,172 INFO  impl.RaftServerImpl (RaftServerImpl.java:setRole(171)) - dec16a74-fc21-431e-9256-34842b1582fe:group-1E062121A0E0 changes role from null to FOLLOWER at term 0 for startAsFollower
2019-07-16 14:41:40,172 INFO  impl.RoleInfo (RoleInfo.java:updateAndGet(143)) - dec16a74-fc21-431e-9256-34842b1582fe: start FollowerState
2019-07-16 14:41:40,172 INFO  util.JmxRegister (JmxRegister.java:tryRegister(44)) - Successfully registered JMX Bean with object name Ratis:service=RaftServer,group=group-1E062121A0E0,id=dec16a74-fc21-431e-9256-34842b1582fe
2019-07-16 14:41:40,176 INFO  pipeline.PipelineStateManager (PipelineStateManager.java:addPipeline(56)) - Created pipeline Pipeline[ Id: 266fb071-715e-47d9-8f83-1e062121a0e0, Nodes: dec16a74-fc21-431e-9256-34842b1582fe{ip: 192.168.5.141, host: byscane-nightly-ppzk5-1864156943, networkLocation: /default-rack, certSerialId: null}, Type:RATIS, Factor:ONE, State:OPEN]
2019-07-16 14:41:40,314 INFO  node.SCMNodeManager (SCMNodeManager.java:register(268)) - Registered Data node : 94754f30-3a33-4a30-a8f3-857ce6baa83d{ip: 192.168.5.141, host: byscane-nightly-ppzk5-1864156943, networkLocation: /default-rack, certSerialId: null}
2019-07-16 14:41:40,327 INFO  impl.RaftServerProxy (RaftServerProxy.java:addNew(89)) - 94754f30-3a33-4a30-a8f3-857ce6baa83d: addNew group-048CDD1B8B1B:[94754f30-3a33-4a30-a8f3-857ce6baa83d:192.168.5.141:44650] returns group-048CDD1B8B1B:java.util.concurrent.CompletableFuture@849f1d3[Not completed]
2019-07-16 14:41:40,328 INFO  impl.RaftServerImpl (RaftServerImpl.java:<init>(93)) - 94754f30-3a33-4a30-a8f3-857ce6baa83d: new RaftServerImpl for group-048CDD1B8B1B:[94754f30-3a33-4a30-a8f3-857ce6baa83d:192.168.5.141:44650] with ContainerStateMachine:uninitialized
2019-07-16 14:41:40,328 INFO  server.RaftServerConfigKeys (ConfUtils.java:logGet(43)) - raft.server.rpc.timeout.min = 5s (custom)
2019-07-16 14:41:40,329 INFO  server.RaftServerConfigKeys (ConfUtils.java:logGet(43)) - raft.server.rpc.timeout.max = 5200ms (custom)
2019-07-16 14:41:40,329 INFO  server.RaftServerConfigKeys (ConfUtils.java:logGet(43)) - raft.server.rpcslowness.timeout = 120s (custom)
2019-07-16 14:41:40,329 INFO  server.RaftServerConfigKeys (ConfUtils.java:logGet(43)) - raft.server.sleep.deviation.threshold = 300 (default)
2019-07-16 14:41:40,329 INFO  server.RaftServerConfigKeys (ConfUtils.java:logGet(43)) - raft.server.log.appender.install.snapshot.enabled = false (custom)
2019-07-16 14:41:40,329 INFO  impl.RaftServerImpl (ServerState.java:<init>(105)) - 94754f30-3a33-4a30-a8f3-857ce6baa83d:group-048CDD1B8B1B ConfigurationManager, init=-1: [94754f30-3a33-4a30-a8f3-857ce6baa83d:192.168.5.141:44650], old=null, confs=<EMPTY_MAP>
2019-07-16 14:41:40,329 INFO  server.RaftServerConfigKeys (ConfUtils.java:logGet(43)) - raft.server.storage.dir = [/workdir/hadoop-ozone/integration-test/target/test-dir/MiniOzoneClusterImpl-18ed21d2-c6a0-43cf-8b50-5fae82384936/datanode-5/data/ratis] (custom)
2019-07-16 14:41:40,330 INFO  storage.RaftStorageDirectory (RaftStorageDirectory.java:analyzeStorage(246)) - The storage directory /workdir/hadoop-ozone/integration-test/target/test-dir/MiniOzoneClusterImpl-18ed21d2-c6a0-43cf-8b50-5fae82384936/datanode-5/data/ratis/22597e28-20aa-42d8-9799-048cdd1b8b1b does not exist. Creating ...
2019-07-16 14:41:40,345 INFO  storage.RaftStorageDirectory (RaftStorageDirectory.java:tryLock(328)) - Lock on /workdir/hadoop-ozone/integration-test/target/test-dir/MiniOzoneClusterImpl-18ed21d2-c6a0-43cf-8b50-5fae82384936/datanode-5/data/ratis/22597e28-20aa-42d8-9799-048cdd1b8b1b/in_use.lock acquired by nodename 10425@byscane-nightly-ppzk5-1864156943
2019-07-16 14:41:40,351 INFO  storage.RaftStorage (RaftStorage.java:format(72)) - Storage directory /workdir/hadoop-ozone/integration-test/target/test-dir/MiniOzoneClusterImpl-18ed21d2-c6a0-43cf-8b50-5fae82384936/datanode-5/data/ratis/22597e28-20aa-42d8-9799-048cdd1b8b1b has been successfully formatted.
2019-07-16 14:41:40,352 INFO  ratis.ContainerStateMachine (ContainerStateMachine.java:loadSnapshot(199)) - group-048CDD1B8B1B: The snapshot info is null. Setting the last applied indexto:(t:0, i:~)
2019-07-16 14:41:40,352 INFO  server.RaftServerConfigKeys (ConfUtils.java:logGet(43)) - raft.server.leader.election.timeout = 120s (custom)
2019-07-16 14:41:40,352 INFO  server.RaftServerConfigKeys (ConfUtils.java:logGet(43)) - raft.server.log.use.memory = false (default)
2019-07-16 14:41:40,352 INFO  server.RaftServerConfigKeys (ConfUtils.java:logGet(43)) - raft.server.log.purge.gap = 1000000000 (custom)
2019-07-16 14:41:40,352 INFO  server.RaftServerConfigKeys (ConfUtils.java:logGet(43)) - raft.server.log.appender.buffer.byte-limit = 33554432 (custom)
2019-07-16 14:41:40,353 INFO  server.RaftServerConfigKeys (ConfUtils.java:logGet(43)) - raft.server.log.segment.size.max = 1048576 (custom)
2019-07-16 14:41:40,353 INFO  server.RaftServerConfigKeys (ConfUtils.java:logGet(43)) - raft.server.log.segment.cache.num.max = 2 (custom)
2019-07-16 14:41:40,353 INFO  segmented.SegmentedRaftLogWorker (SegmentedRaftLogWorker.java:<init>(172)) - new 94754f30-3a33-4a30-a8f3-857ce6baa83d-SegmentedRaftLogWorker:Storage Directory /workdir/hadoop-ozone/integration-test/target/test-dir/MiniOzoneClusterImpl-18ed21d2-c6a0-43cf-8b50-5fae82384936/datanode-5/data/ratis/22597e28-20aa-42d8-9799-048cdd1b8b1b for RaftStorage:Storage Directory /workdir/hadoop-ozone/integration-test/target/test-dir/MiniOzoneClusterImpl-18ed21d2-c6a0-43cf-8b50-5fae82384936/datanode-5/data/ratis/22597e28-20aa-42d8-9799-048cdd1b8b1b
2019-07-16 14:41:40,353 INFO  server.RaftServerConfigKeys (ConfUtils.java:logGet(43)) - raft.server.log.queue.byte-limit = 2147483647 (custom)
2019-07-16 14:41:40,353 INFO  server.RaftServerConfigKeys (ConfUtils.java:logGet(43)) - raft.server.log.queue.element-limit = 1024 (custom)
2019-07-16 14:41:40,353 INFO  server.RaftServerConfigKeys (ConfUtils.java:logGet(43)) - raft.server.log.segment.size.max = 1048576 (custom)
2019-07-16 14:41:40,354 INFO  server.RaftServerConfigKeys (ConfUtils.java:logGet(43)) - raft.server.log.preallocated.size = 16384 (custom)
2019-07-16 14:41:40,354 INFO  server.RaftServerConfigKeys (ConfUtils.java:logGet(43)) - raft.server.log.write.buffer.size = 33554432 (custom)
2019-07-16 14:41:40,354 INFO  server.RaftServerConfigKeys (ConfUtils.java:logGet(43)) - raft.server.log.force.sync.num = 128 (default)
2019-07-16 14:41:40,354 INFO  server.RaftServerConfigKeys (ConfUtils.java:logGet(43)) - raft.server.log.statemachine.data.sync = true (default)
2019-07-16 14:41:40,354 INFO  server.RaftServerConfigKeys (ConfUtils.java:logGet(43)) - raft.server.log.statemachine.data.sync.timeout = 10s (default)
2019-07-16 14:41:40,354 INFO  server.RaftServerConfigKeys (ConfUtils.java:logGet(43)) - raft.server.log.statemachine.data.sync.timeout.retry = -1 (default)
2019-07-16 14:41:40,355 INFO  server.RaftServerConfigKeys (ConfUtils.java:logGet(43)) - raft.server.log.statemachine.data.caching.enabled = true (custom)
2019-07-16 14:41:40,355 INFO  segmented.SegmentedRaftLogWorker (SegmentedRaftLogWorker.java:lambda$new$0(132)) - 94754f30-3a33-4a30-a8f3-857ce6baa83d-SegmentedRaftLogWorker:Storage Directory /workdir/hadoop-ozone/integration-test/target/test-dir/MiniOzoneClusterImpl-18ed21d2-c6a0-43cf-8b50-5fae82384936/datanode-5/data/ratis/22597e28-20aa-42d8-9799-048cdd1b8b1b: flushIndex: setUnconditionally 0 -> -1
2019-07-16 14:41:40,355 INFO  server.RaftServerConfigKeys (ConfUtils.java:logGet(43)) - raft.server.snapshot.auto.trigger.enabled = true (custom)
2019-07-16 14:41:40,355 INFO  server.RaftServerConfigKeys (ConfUtils.java:logGet(43)) - raft.server.snapshot.auto.trigger.threshold = 10000 (custom)
2019-07-16 14:41:40,356 INFO  server.RaftServerConfigKeys (ConfUtils.java:logGet(43)) - raft.server.retrycache.expirytime = 600000ms (custom)
2019-07-16 14:41:40,356 INFO  impl.RaftServerImpl (RaftServerImpl.java:start(180)) - 94754f30-3a33-4a30-a8f3-857ce6baa83d: start group-048CDD1B8B1B
2019-07-16 14:41:40,356 INFO  impl.RaftServerImpl (RaftServerImpl.java:setRole(171)) - 94754f30-3a33-4a30-a8f3-857ce6baa83d:group-048CDD1B8B1B changes role from null to FOLLOWER at term 0 for startAsFollower
2019-07-16 14:41:40,356 INFO  impl.RoleInfo (RoleInfo.java:updateAndGet(143)) - 94754f30-3a33-4a30-a8f3-857ce6baa83d: start FollowerState
2019-07-16 14:41:40,356 INFO  util.JmxRegister (JmxRegister.java:tryRegister(44)) - Successfully registered JMX Bean with object name Ratis:service=RaftServer,group=group-048CDD1B8B1B,id=94754f30-3a33-4a30-a8f3-857ce6baa83d
2019-07-16 14:41:40,359 INFO  pipeline.PipelineStateManager (PipelineStateManager.java:addPipeline(56)) - Created pipeline Pipeline[ Id: 22597e28-20aa-42d8-9799-048cdd1b8b1b, Nodes: 94754f30-3a33-4a30-a8f3-857ce6baa83d{ip: 192.168.5.141, host: byscane-nightly-ppzk5-1864156943, networkLocation: /default-rack, certSerialId: null}, Type:RATIS, Factor:ONE, State:OPEN]
2019-07-16 14:41:40,376 INFO  impl.RaftServerProxy (RaftServerProxy.java:addNew(89)) - dec16a74-fc21-431e-9256-34842b1582fe: addNew group-968ED0040916:[dec16a74-fc21-431e-9256-34842b1582fe:192.168.5.141:39153, 0458b044-f242-4a13-b025-09967ee147c2:192.168.5.141:37818, 94754f30-3a33-4a30-a8f3-857ce6baa83d:192.168.5.141:44650] returns group-968ED0040916:java.util.concurrent.CompletableFuture@5769edc4[Not completed]
2019-07-16 14:41:40,376 INFO  impl.RaftServerProxy (RaftServerProxy.java:addNew(89)) - 0458b044-f242-4a13-b025-09967ee147c2: addNew group-968ED0040916:[dec16a74-fc21-431e-9256-34842b1582fe:192.168.5.141:39153, 0458b044-f242-4a13-b025-09967ee147c2:192.168.5.141:37818, 94754f30-3a33-4a30-a8f3-857ce6baa83d:192.168.5.141:44650] returns group-968ED0040916:java.util.concurrent.CompletableFuture@265ffe0d[Not completed]
2019-07-16 14:41:40,376 INFO  impl.RaftServerProxy (RaftServerProxy.java:addNew(89)) - 94754f30-3a33-4a30-a8f3-857ce6baa83d: addNew group-968ED0040916:[dec16a74-fc21-431e-9256-34842b1582fe:192.168.5.141:39153, 0458b044-f242-4a13-b025-09967ee147c2:192.168.5.141:37818, 94754f30-3a33-4a30-a8f3-857ce6baa83d:192.168.5.141:44650] returns group-968ED0040916:java.util.concurrent.CompletableFuture@77d1dfc4[Not completed]
2019-07-16 14:41:40,377 INFO  impl.RaftServerImpl (RaftServerImpl.java:<init>(93)) - dec16a74-fc21-431e-9256-34842b1582fe: new RaftServerImpl for group-968ED0040916:[dec16a74-fc21-431e-9256-34842b1582fe:192.168.5.141:39153, 0458b044-f242-4a13-b025-09967ee147c2:192.168.5.141:37818, 94754f30-3a33-4a30-a8f3-857ce6baa83d:192.168.5.141:44650] with ContainerStateMachine:uninitialized
2019-07-16 14:41:40,377 INFO  server.RaftServerConfigKeys (ConfUtils.java:logGet(43)) - raft.server.rpc.timeout.min = 5s (custom)
2019-07-16 14:41:40,377 INFO  server.RaftServerConfigKeys (ConfUtils.java:logGet(43)) - raft.server.rpc.timeout.max = 5200ms (custom)
2019-07-16 14:41:40,377 INFO  server.RaftServerConfigKeys (ConfUtils.java:logGet(43)) - raft.server.rpcslowness.timeout = 120s (custom)
2019-07-16 14:41:40,377 INFO  server.RaftServerConfigKeys (ConfUtils.java:logGet(43)) - raft.server.sleep.deviation.threshold = 300 (default)
2019-07-16 14:41:40,377 INFO  impl.RaftServerImpl (RaftServerImpl.java:<init>(93)) - 94754f30-3a33-4a30-a8f3-857ce6baa83d: new RaftServerImpl for group-968ED0040916:[dec16a74-fc21-431e-9256-34842b1582fe:192.168.5.141:39153, 0458b044-f242-4a13-b025-09967ee147c2:192.168.5.141:37818, 94754f30-3a33-4a30-a8f3-857ce6baa83d:192.168.5.141:44650] with ContainerStateMachine:uninitialized
2019-07-16 14:41:40,377 INFO  server.RaftServerConfigKeys (ConfUtils.java:logGet(43)) - raft.server.log.appender.install.snapshot.enabled = false (custom)
2019-07-16 14:41:40,378 INFO  server.RaftServerConfigKeys (ConfUtils.java:logGet(43)) - raft.server.rpc.timeout.min = 5s (custom)
2019-07-16 14:41:40,378 INFO  impl.RaftServerImpl (ServerState.java:<init>(105)) - dec16a74-fc21-431e-9256-34842b1582fe:group-968ED0040916 ConfigurationManager, init=-1: [dec16a74-fc21-431e-9256-34842b1582fe:192.168.5.141:39153, 0458b044-f242-4a13-b025-09967ee147c2:192.168.5.141:37818, 94754f30-3a33-4a30-a8f3-857ce6baa83d:192.168.5.141:44650], old=null, confs=<EMPTY_MAP>
2019-07-16 14:41:40,378 INFO  server.RaftServerConfigKeys (ConfUtils.java:logGet(43)) - raft.server.rpc.timeout.max = 5200ms (custom)
2019-07-16 14:41:40,378 INFO  impl.RaftServerImpl (RaftServerImpl.java:<init>(93)) - 0458b044-f242-4a13-b025-09967ee147c2: new RaftServerImpl for group-968ED0040916:[dec16a74-fc21-431e-9256-34842b1582fe:192.168.5.141:39153, 0458b044-f242-4a13-b025-09967ee147c2:192.168.5.141:37818, 94754f30-3a33-4a30-a8f3-857ce6baa83d:192.168.5.141:44650] with ContainerStateMachine:uninitialized
2019-07-16 14:41:40,378 INFO  server.RaftServerConfigKeys (ConfUtils.java:logGet(43)) - raft.server.rpcslowness.timeout = 120s (custom)
2019-07-16 14:41:40,378 INFO  server.RaftServerConfigKeys (ConfUtils.java:logGet(43)) - raft.server.storage.dir = [/workdir/hadoop-ozone/integration-test/target/test-dir/MiniOzoneClusterImpl-18ed21d2-c6a0-43cf-8b50-5fae82384936/datanode-4/data/ratis] (custom)
2019-07-16 14:41:40,378 INFO  server.RaftServerConfigKeys (ConfUtils.java:logGet(43)) - raft.server.sleep.deviation.threshold = 300 (default)
2019-07-16 14:41:40,378 INFO  server.RaftServerConfigKeys (ConfUtils.java:logGet(43)) - raft.server.rpc.timeout.min = 5s (custom)
2019-07-16 14:41:40,379 INFO  storage.RaftStorageDirectory (RaftStorageDirectory.java:analyzeStorage(246)) - The storage directory /workdir/hadoop-ozone/integration-test/target/test-dir/MiniOzoneClusterImpl-18ed21d2-c6a0-43cf-8b50-5fae82384936/datanode-4/data/ratis/4cb95b74-6b7a-42c4-8a31-968ed0040916 does not exist. Creating ...
2019-07-16 14:41:40,378 INFO  server.RaftServerConfigKeys (ConfUtils.java:logGet(43)) - raft.server.log.appender.install.snapshot.enabled = false (custom)
2019-07-16 14:41:40,379 INFO  server.RaftServerConfigKeys (ConfUtils.java:logGet(43)) - raft.server.rpc.timeout.max = 5200ms (custom)
2019-07-16 14:41:40,379 INFO  impl.RaftServerImpl (ServerState.java:<init>(105)) - 94754f30-3a33-4a30-a8f3-857ce6baa83d:group-968ED0040916 ConfigurationManager, init=-1: [dec16a74-fc21-431e-9256-34842b1582fe:192.168.5.141:39153, 0458b044-f242-4a13-b025-09967ee147c2:192.168.5.141:37818, 94754f30-3a33-4a30-a8f3-857ce6baa83d:192.168.5.141:44650], old=null, confs=<EMPTY_MAP>
2019-07-16 14:41:40,379 INFO  server.RaftServerConfigKeys (ConfUtils.java:logGet(43)) - raft.server.rpcslowness.timeout = 120s (custom)
2019-07-16 14:41:40,379 INFO  server.RaftServerConfigKeys (ConfUtils.java:logGet(43)) - raft.server.storage.dir = [/workdir/hadoop-ozone/integration-test/target/test-dir/MiniOzoneClusterImpl-18ed21d2-c6a0-43cf-8b50-5fae82384936/datanode-5/data/ratis] (custom)
2019-07-16 14:41:40,379 INFO  server.RaftServerConfigKeys (ConfUtils.java:logGet(43)) - raft.server.sleep.deviation.threshold = 300 (default)
2019-07-16 14:41:40,380 INFO  server.RaftServerConfigKeys (ConfUtils.java:logGet(43)) - raft.server.log.appender.install.snapshot.enabled = false (custom)
2019-07-16 14:41:40,380 INFO  storage.RaftStorageDirectory (RaftStorageDirectory.java:analyzeStorage(246)) - The storage directory /workdir/hadoop-ozone/integration-test/target/test-dir/MiniOzoneClusterImpl-18ed21d2-c6a0-43cf-8b50-5fae82384936/datanode-5/data/ratis/4cb95b74-6b7a-42c4-8a31-968ed0040916 does not exist. Creating ...
2019-07-16 14:41:40,380 INFO  impl.RaftServerImpl (ServerState.java:<init>(105)) - 0458b044-f242-4a13-b025-09967ee147c2:group-968ED0040916 ConfigurationManager, init=-1: [dec16a74-fc21-431e-9256-34842b1582fe:192.168.5.141:39153, 0458b044-f242-4a13-b025-09967ee147c2:192.168.5.141:37818, 94754f30-3a33-4a30-a8f3-857ce6baa83d:192.168.5.141:44650], old=null, confs=<EMPTY_MAP>
2019-07-16 14:41:40,380 INFO  server.RaftServerConfigKeys (ConfUtils.java:logGet(43)) - raft.server.storage.dir = [/workdir/hadoop-ozone/integration-test/target/test-dir/MiniOzoneClusterImpl-18ed21d2-c6a0-43cf-8b50-5fae82384936/datanode-3/data/ratis] (custom)
2019-07-16 14:41:40,380 INFO  storage.RaftStorageDirectory (RaftStorageDirectory.java:analyzeStorage(246)) - The storage directory /workdir/hadoop-ozone/integration-test/target/test-dir/MiniOzoneClusterImpl-18ed21d2-c6a0-43cf-8b50-5fae82384936/datanode-3/data/ratis/4cb95b74-6b7a-42c4-8a31-968ed0040916 does not exist. Creating ...
2019-07-16 14:41:40,386 INFO  storage.RaftStorageDirectory (RaftStorageDirectory.java:tryLock(328)) - Lock on /workdir/hadoop-ozone/integration-test/target/test-dir/MiniOzoneClusterImpl-18ed21d2-c6a0-43cf-8b50-5fae82384936/datanode-5/data/ratis/4cb95b74-6b7a-42c4-8a31-968ed0040916/in_use.lock acquired by nodename 10425@byscane-nightly-ppzk5-1864156943
2019-07-16 14:41:40,386 INFO  storage.RaftStorageDirectory (RaftStorageDirectory.java:tryLock(328)) - Lock on /workdir/hadoop-ozone/integration-test/target/test-dir/MiniOzoneClusterImpl-18ed21d2-c6a0-43cf-8b50-5fae82384936/datanode-3/data/ratis/4cb95b74-6b7a-42c4-8a31-968ed0040916/in_use.lock acquired by nodename 10425@byscane-nightly-ppzk5-1864156943
2019-07-16 14:41:40,386 INFO  storage.RaftStorageDirectory (RaftStorageDirectory.java:tryLock(328)) - Lock on /workdir/hadoop-ozone/integration-test/target/test-dir/MiniOzoneClusterImpl-18ed21d2-c6a0-43cf-8b50-5fae82384936/datanode-4/data/ratis/4cb95b74-6b7a-42c4-8a31-968ed0040916/in_use.lock acquired by nodename 10425@byscane-nightly-ppzk5-1864156943
2019-07-16 14:41:40,394 INFO  storage.RaftStorage (RaftStorage.java:format(72)) - Storage directory /workdir/hadoop-ozone/integration-test/target/test-dir/MiniOzoneClusterImpl-18ed21d2-c6a0-43cf-8b50-5fae82384936/datanode-3/data/ratis/4cb95b74-6b7a-42c4-8a31-968ed0040916 has been successfully formatted.
2019-07-16 14:41:40,394 INFO  storage.RaftStorage (RaftStorage.java:format(72)) - Storage directory /workdir/hadoop-ozone/integration-test/target/test-dir/MiniOzoneClusterImpl-18ed21d2-c6a0-43cf-8b50-5fae82384936/datanode-5/data/ratis/4cb95b74-6b7a-42c4-8a31-968ed0040916 has been successfully formatted.
2019-07-16 14:41:40,394 INFO  storage.RaftStorage (RaftStorage.java:format(72)) - Storage directory /workdir/hadoop-ozone/integration-test/target/test-dir/MiniOzoneClusterImpl-18ed21d2-c6a0-43cf-8b50-5fae82384936/datanode-4/data/ratis/4cb95b74-6b7a-42c4-8a31-968ed0040916 has been successfully formatted.
2019-07-16 14:41:40,395 INFO  ratis.ContainerStateMachine (ContainerStateMachine.java:loadSnapshot(199)) - group-968ED0040916: The snapshot info is null. Setting the last applied indexto:(t:0, i:~)
2019-07-16 14:41:40,395 INFO  ratis.ContainerStateMachine (ContainerStateMachine.java:loadSnapshot(199)) - group-968ED0040916: The snapshot info is null. Setting the last applied indexto:(t:0, i:~)
2019-07-16 14:41:40,395 INFO  server.RaftServerConfigKeys (ConfUtils.java:logGet(43)) - raft.server.leader.election.timeout = 120s (custom)
2019-07-16 14:41:40,395 INFO  ratis.ContainerStateMachine (ContainerStateMachine.java:loadSnapshot(199)) - group-968ED0040916: The snapshot info is null. Setting the last applied indexto:(t:0, i:~)
2019-07-16 14:41:40,395 INFO  server.RaftServerConfigKeys (ConfUtils.java:logGet(43)) - raft.server.log.use.memory = false (default)
2019-07-16 14:41:40,395 INFO  server.RaftServerConfigKeys (ConfUtils.java:logGet(43)) - raft.server.leader.election.timeout = 120s (custom)
2019-07-16 14:41:40,395 INFO  server.RaftServerConfigKeys (ConfUtils.java:logGet(43)) - raft.server.log.purge.gap = 1000000000 (custom)
2019-07-16 14:41:40,395 INFO  server.RaftServerConfigKeys (ConfUtils.java:logGet(43)) - raft.server.leader.election.timeout = 120s (custom)
2019-07-16 14:41:40,396 INFO  server.RaftServerConfigKeys (ConfUtils.java:logGet(43)) - raft.server.log.appender.buffer.byte-limit = 33554432 (custom)
2019-07-16 14:41:40,396 INFO  server.RaftServerConfigKeys (ConfUtils.java:logGet(43)) - raft.server.log.use.memory = false (default)
2019-07-16 14:41:40,396 INFO  server.RaftServerConfigKeys (ConfUtils.java:logGet(43)) - raft.server.log.segment.size.max = 1048576 (custom)
2019-07-16 14:41:40,396 INFO  server.RaftServerConfigKeys (ConfUtils.java:logGet(43)) - raft.server.log.use.memory = false (default)
2019-07-16 14:41:40,396 INFO  server.RaftServerConfigKeys (ConfUtils.java:logGet(43)) - raft.server.log.segment.cache.num.max = 2 (custom)
2019-07-16 14:41:40,396 INFO  server.RaftServerConfigKeys (ConfUtils.java:logGet(43)) - raft.server.log.purge.gap = 1000000000 (custom)
2019-07-16 14:41:40,397 INFO  segmented.SegmentedRaftLogWorker (SegmentedRaftLogWorker.java:<init>(172)) - new 94754f30-3a33-4a30-a8f3-857ce6baa83d-SegmentedRaftLogWorker:Storage Directory /workdir/hadoop-ozone/integration-test/target/test-dir/MiniOzoneClusterImpl-18ed21d2-c6a0-43cf-8b50-5fae82384936/datanode-5/data/ratis/4cb95b74-6b7a-42c4-8a31-968ed0040916 for RaftStorage:Storage Directory /workdir/hadoop-ozone/integration-test/target/test-dir/MiniOzoneClusterImpl-18ed21d2-c6a0-43cf-8b50-5fae82384936/datanode-5/data/ratis/4cb95b74-6b7a-42c4-8a31-968ed0040916
2019-07-16 14:41:40,397 INFO  server.RaftServerConfigKeys (ConfUtils.java:logGet(43)) - raft.server.log.purge.gap = 1000000000 (custom)
2019-07-16 14:41:40,397 INFO  server.RaftServerConfigKeys (ConfUtils.java:logGet(43)) - raft.server.log.queue.byte-limit = 2147483647 (custom)
2019-07-16 14:41:40,397 INFO  server.RaftServerConfigKeys (ConfUtils.java:logGet(43)) - raft.server.log.appender.buffer.byte-limit = 33554432 (custom)
2019-07-16 14:41:40,397 INFO  server.RaftServerConfigKeys (ConfUtils.java:logGet(43)) - raft.server.log.queue.element-limit = 1024 (custom)
2019-07-16 14:41:40,397 INFO  server.RaftServerConfigKeys (ConfUtils.java:logGet(43)) - raft.server.log.appender.buffer.byte-limit = 33554432 (custom)
2019-07-16 14:41:40,398 INFO  server.RaftServerConfigKeys (ConfUtils.java:logGet(43)) - raft.server.log.segment.size.max = 1048576 (custom)
2019-07-16 14:41:40,397 INFO  server.RaftServerConfigKeys (ConfUtils.java:logGet(43)) - raft.server.log.segment.size.max = 1048576 (custom)
2019-07-16 14:41:40,398 INFO  server.RaftServerConfigKeys (ConfUtils.java:logGet(43)) - raft.server.log.preallocated.size = 16384 (custom)
2019-07-16 14:41:40,398 INFO  server.RaftServerConfigKeys (ConfUtils.java:logGet(43)) - raft.server.log.segment.size.max = 1048576 (custom)
2019-07-16 14:41:40,398 INFO  server.RaftServerConfigKeys (ConfUtils.java:logGet(43)) - raft.server.log.write.buffer.size = 33554432 (custom)
2019-07-16 14:41:40,398 INFO  server.RaftServerConfigKeys (ConfUtils.java:logGet(43)) - raft.server.log.segment.cache.num.max = 2 (custom)
2019-07-16 14:41:40,398 INFO  server.RaftServerConfigKeys (ConfUtils.java:logGet(43)) - raft.server.log.force.sync.num = 128 (default)
2019-07-16 14:41:40,398 INFO  server.RaftServerConfigKeys (ConfUtils.java:logGet(43)) - raft.server.log.segment.cache.num.max = 2 (custom)
2019-07-16 14:41:40,399 INFO  server.RaftServerConfigKeys (ConfUtils.java:logGet(43)) - raft.server.log.statemachine.data.sync = true (default)
2019-07-16 14:41:40,399 INFO  segmented.SegmentedRaftLogWorker (SegmentedRaftLogWorker.java:<init>(172)) - new 0458b044-f242-4a13-b025-09967ee147c2-SegmentedRaftLogWorker:Storage Directory /workdir/hadoop-ozone/integration-test/target/test-dir/MiniOzoneClusterImpl-18ed21d2-c6a0-43cf-8b50-5fae82384936/datanode-3/data/ratis/4cb95b74-6b7a-42c4-8a31-968ed0040916 for RaftStorage:Storage Directory /workdir/hadoop-ozone/integration-test/target/test-dir/MiniOzoneClusterImpl-18ed21d2-c6a0-43cf-8b50-5fae82384936/datanode-3/data/ratis/4cb95b74-6b7a-42c4-8a31-968ed0040916
2019-07-16 14:41:40,399 INFO  server.RaftServerConfigKeys (ConfUtils.java:logGet(43)) - raft.server.log.statemachine.data.sync.timeout = 10s (default)
2019-07-16 14:41:40,399 INFO  segmented.SegmentedRaftLogWorker (SegmentedRaftLogWorker.java:<init>(172)) - new dec16a74-fc21-431e-9256-34842b1582fe-SegmentedRaftLogWorker:Storage Directory /workdir/hadoop-ozone/integration-test/target/test-dir/MiniOzoneClusterImpl-18ed21d2-c6a0-43cf-8b50-5fae82384936/datanode-4/data/ratis/4cb95b74-6b7a-42c4-8a31-968ed0040916 for RaftStorage:Storage Directory /workdir/hadoop-ozone/integration-test/target/test-dir/MiniOzoneClusterImpl-18ed21d2-c6a0-43cf-8b50-5fae82384936/datanode-4/data/ratis/4cb95b74-6b7a-42c4-8a31-968ed0040916
2019-07-16 14:41:40,399 INFO  server.RaftServerConfigKeys (ConfUtils.java:logGet(43)) - raft.server.log.statemachine.data.sync.timeout.retry = -1 (default)
2019-07-16 14:41:40,399 INFO  server.RaftServerConfigKeys (ConfUtils.java:logGet(43)) - raft.server.log.queue.byte-limit = 2147483647 (custom)
2019-07-16 14:41:40,400 INFO  server.RaftServerConfigKeys (ConfUtils.java:logGet(43)) - raft.server.log.statemachine.data.caching.enabled = true (custom)
2019-07-16 14:41:40,400 INFO  server.RaftServerConfigKeys (ConfUtils.java:logGet(43)) - raft.server.log.queue.byte-limit = 2147483647 (custom)
2019-07-16 14:41:40,400 INFO  server.RaftServerConfigKeys (ConfUtils.java:logGet(43)) - raft.server.log.queue.element-limit = 1024 (custom)
2019-07-16 14:41:40,400 INFO  segmented.SegmentedRaftLogWorker (SegmentedRaftLogWorker.java:lambda$new$0(132)) - 94754f30-3a33-4a30-a8f3-857ce6baa83d-SegmentedRaftLogWorker:Storage Directory /workdir/hadoop-ozone/integration-test/target/test-dir/MiniOzoneClusterImpl-18ed21d2-c6a0-43cf-8b50-5fae82384936/datanode-5/data/ratis/4cb95b74-6b7a-42c4-8a31-968ed0040916: flushIndex: setUnconditionally 0 -> -1
2019-07-16 14:41:40,400 INFO  server.RaftServerConfigKeys (ConfUtils.java:logGet(43)) - raft.server.log.queue.element-limit = 1024 (custom)
2019-07-16 14:41:40,400 INFO  server.RaftServerConfigKeys (ConfUtils.java:logGet(43)) - raft.server.log.segment.size.max = 1048576 (custom)
2019-07-16 14:41:40,401 INFO  server.RaftServerConfigKeys (ConfUtils.java:logGet(43)) - raft.server.snapshot.auto.trigger.enabled = true (custom)
2019-07-16 14:41:40,401 INFO  server.RaftServerConfigKeys (ConfUtils.java:logGet(43)) - raft.server.log.segment.size.max = 1048576 (custom)
2019-07-16 14:41:40,401 INFO  server.RaftServerConfigKeys (ConfUtils.java:logGet(43)) - raft.server.snapshot.auto.trigger.threshold = 10000 (custom)
2019-07-16 14:41:40,401 INFO  server.RaftServerConfigKeys (ConfUtils.java:logGet(43)) - raft.server.log.preallocated.size = 16384 (custom)
2019-07-16 14:41:40,401 INFO  server.RaftServerConfigKeys (ConfUtils.java:logGet(43)) - raft.server.retrycache.expirytime = 600000ms (custom)
2019-07-16 14:41:40,401 INFO  server.RaftServerConfigKeys (ConfUtils.java:logGet(43)) - raft.server.log.preallocated.size = 16384 (custom)
2019-07-16 14:41:40,401 INFO  impl.RaftServerImpl (RaftServerImpl.java:start(180)) - 94754f30-3a33-4a30-a8f3-857ce6baa83d: start group-968ED0040916
2019-07-16 14:41:40,402 INFO  impl.RaftServerImpl (RaftServerImpl.java:setRole(171)) - 94754f30-3a33-4a30-a8f3-857ce6baa83d:group-968ED0040916 changes role from null to FOLLOWER at term 0 for startAsFollower
2019-07-16 14:41:40,401 INFO  server.RaftServerConfigKeys (ConfUtils.java:logGet(43)) - raft.server.log.write.buffer.size = 33554432 (custom)
2019-07-16 14:41:40,402 INFO  impl.RoleInfo (RoleInfo.java:updateAndGet(143)) - 94754f30-3a33-4a30-a8f3-857ce6baa83d: start FollowerState
2019-07-16 14:41:40,402 INFO  server.RaftServerConfigKeys (ConfUtils.java:logGet(43)) - raft.server.log.write.buffer.size = 33554432 (custom)
2019-07-16 14:41:40,402 INFO  server.RaftServerConfigKeys (ConfUtils.java:logGet(43)) - raft.server.log.force.sync.num = 128 (default)
2019-07-16 14:41:40,402 INFO  util.JmxRegister (JmxRegister.java:tryRegister(44)) - Successfully registered JMX Bean with object name Ratis:service=RaftServer,group=group-968ED0040916,id=94754f30-3a33-4a30-a8f3-857ce6baa83d
2019-07-16 14:41:40,402 INFO  server.RaftServerConfigKeys (ConfUtils.java:logGet(43)) - raft.server.log.force.sync.num = 128 (default)
2019-07-16 14:41:40,402 INFO  server.RaftServerConfigKeys (ConfUtils.java:logGet(43)) - raft.server.log.statemachine.data.sync = true (default)
2019-07-16 14:41:40,403 INFO  server.RaftServerConfigKeys (ConfUtils.java:logGet(43)) - raft.server.log.statemachine.data.sync = true (default)
2019-07-16 14:41:40,403 INFO  server.RaftServerConfigKeys (ConfUtils.java:logGet(43)) - raft.server.log.statemachine.data.sync.timeout = 10s (default)
2019-07-16 14:41:40,403 INFO  server.RaftServerConfigKeys (ConfUtils.java:logGet(43)) - raft.server.log.statemachine.data.sync.timeout = 10s (default)
2019-07-16 14:41:40,403 INFO  server.RaftServerConfigKeys (ConfUtils.java:logGet(43)) - raft.server.log.statemachine.data.sync.timeout.retry = -1 (default)
2019-07-16 14:41:40,403 INFO  server.RaftServerConfigKeys (ConfUtils.java:logGet(43)) - raft.server.log.statemachine.data.sync.timeout.retry = -1 (default)
2019-07-16 14:41:40,404 INFO  server.RaftServerConfigKeys (ConfUtils.java:logGet(43)) - raft.server.log.statemachine.data.caching.enabled = true (custom)
2019-07-16 14:41:40,404 INFO  server.RaftServerConfigKeys (ConfUtils.java:logGet(43)) - raft.server.log.statemachine.data.caching.enabled = true (custom)
2019-07-16 14:41:40,404 INFO  segmented.SegmentedRaftLogWorker (SegmentedRaftLogWorker.java:lambda$new$0(132)) - 0458b044-f242-4a13-b025-09967ee147c2-SegmentedRaftLogWorker:Storage Directory /workdir/hadoop-ozone/integration-test/target/test-dir/MiniOzoneClusterImpl-18ed21d2-c6a0-43cf-8b50-5fae82384936/datanode-3/data/ratis/4cb95b74-6b7a-42c4-8a31-968ed0040916: flushIndex: setUnconditionally 0 -> -1
2019-07-16 14:41:40,404 INFO  segmented.SegmentedRaftLogWorker (SegmentedRaftLogWorker.java:lambda$new$0(132)) - dec16a74-fc21-431e-9256-34842b1582fe-SegmentedRaftLogWorker:Storage Directory /workdir/hadoop-ozone/integration-test/target/test-dir/MiniOzoneClusterImpl-18ed21d2-c6a0-43cf-8b50-5fae82384936/datanode-4/data/ratis/4cb95b74-6b7a-42c4-8a31-968ed0040916: flushIndex: setUnconditionally 0 -> -1
2019-07-16 14:41:40,404 INFO  server.RaftServerConfigKeys (ConfUtils.java:logGet(43)) - raft.server.snapshot.auto.trigger.enabled = true (custom)
2019-07-16 14:41:40,404 INFO  server.RaftServerConfigKeys (ConfUtils.java:logGet(43)) - raft.server.snapshot.auto.trigger.threshold = 10000 (custom)
2019-07-16 14:41:40,404 INFO  server.RaftServerConfigKeys (ConfUtils.java:logGet(43)) - raft.server.snapshot.auto.trigger.enabled = true (custom)
2019-07-16 14:41:40,405 INFO  server.RaftServerConfigKeys (ConfUtils.java:logGet(43)) - raft.server.retrycache.expirytime = 600000ms (custom)
2019-07-16 14:41:40,405 INFO  server.RaftServerConfigKeys (ConfUtils.java:logGet(43)) - raft.server.snapshot.auto.trigger.threshold = 10000 (custom)
2019-07-16 14:41:40,405 INFO  impl.RaftServerImpl (RaftServerImpl.java:start(180)) - 0458b044-f242-4a13-b025-09967ee147c2: start group-968ED0040916
2019-07-16 14:41:40,405 INFO  server.RaftServerConfigKeys (ConfUtils.java:logGet(43)) - raft.server.retrycache.expirytime = 600000ms (custom)
2019-07-16 14:41:40,405 INFO  impl.RaftServerImpl (RaftServerImpl.java:setRole(171)) - 0458b044-f242-4a13-b025-09967ee147c2:group-968ED0040916 changes role from null to FOLLOWER at term 0 for startAsFollower
2019-07-16 14:41:40,405 INFO  impl.RaftServerImpl (RaftServerImpl.java:start(180)) - dec16a74-fc21-431e-9256-34842b1582fe: start group-968ED0040916
2019-07-16 14:41:40,405 INFO  impl.RoleInfo (RoleInfo.java:updateAndGet(143)) - 0458b044-f242-4a13-b025-09967ee147c2: start FollowerState
2019-07-16 14:41:40,406 INFO  impl.RaftServerImpl (RaftServerImpl.java:setRole(171)) - dec16a74-fc21-431e-9256-34842b1582fe:group-968ED0040916 changes role from null to FOLLOWER at term 0 for startAsFollower
2019-07-16 14:41:40,406 INFO  impl.RoleInfo (RoleInfo.java:updateAndGet(143)) - dec16a74-fc21-431e-9256-34842b1582fe: start FollowerState
2019-07-16 14:41:40,406 INFO  util.JmxRegister (JmxRegister.java:tryRegister(44)) - Successfully registered JMX Bean with object name Ratis:service=RaftServer,group=group-968ED0040916,id=0458b044-f242-4a13-b025-09967ee147c2
2019-07-16 14:41:40,407 INFO  util.JmxRegister (JmxRegister.java:tryRegister(44)) - Successfully registered JMX Bean with object name Ratis:service=RaftServer,group=group-968ED0040916,id=dec16a74-fc21-431e-9256-34842b1582fe
2019-07-16 14:41:40,410 INFO  pipeline.PipelineStateManager (PipelineStateManager.java:addPipeline(56)) - Created pipeline Pipeline[ Id: 4cb95b74-6b7a-42c4-8a31-968ed0040916, Nodes: dec16a74-fc21-431e-9256-34842b1582fe{ip: 192.168.5.141, host: byscane-nightly-ppzk5-1864156943, networkLocation: /default-rack, certSerialId: null}0458b044-f242-4a13-b025-09967ee147c2{ip: 192.168.5.141, host: byscane-nightly-ppzk5-1864156943, networkLocation: /default-rack, certSerialId: null}94754f30-3a33-4a30-a8f3-857ce6baa83d{ip: 192.168.5.141, host: byscane-nightly-ppzk5-1864156943, networkLocation: /default-rack, certSerialId: null}, Type:RATIS, Factor:THREE, State:OPEN]
2019-07-16 14:41:40,458 INFO  node.SCMNodeManager (SCMNodeManager.java:register(268)) - Registered Data node : cce6ba1e-5b6c-4475-9512-e0edc667ce35{ip: 192.168.5.141, host: byscane-nightly-ppzk5-1864156943, networkLocation: /default-rack, certSerialId: null}
2019-07-16 14:41:40,459 INFO  ozone.MiniOzoneClusterImpl (MiniOzoneClusterImpl.java:lambda$waitForClusterToBeReady$0(142)) - Cluster is ready. Got 7 of 7 DN Heartbeats.
2019-07-16 14:41:40,482 INFO  impl.RaftServerProxy (RaftServerProxy.java:addNew(89)) - cce6ba1e-5b6c-4475-9512-e0edc667ce35: addNew group-08EC465B7DF8:[cce6ba1e-5b6c-4475-9512-e0edc667ce35:192.168.5.141:45246] returns group-08EC465B7DF8:java.util.concurrent.CompletableFuture@1023e1fb[Not completed]
2019-07-16 14:41:40,487 INFO  impl.RaftServerImpl (RaftServerImpl.java:<init>(93)) - cce6ba1e-5b6c-4475-9512-e0edc667ce35: new RaftServerImpl for group-08EC465B7DF8:[cce6ba1e-5b6c-4475-9512-e0edc667ce35:192.168.5.141:45246] with ContainerStateMachine:uninitialized
2019-07-16 14:41:40,488 INFO  server.RaftServerConfigKeys (ConfUtils.java:logGet(43)) - raft.server.rpc.timeout.min = 5s (custom)
2019-07-16 14:41:40,488 INFO  server.RaftServerConfigKeys (ConfUtils.java:logGet(43)) - raft.server.rpc.timeout.max = 5200ms (custom)
2019-07-16 14:41:40,488 INFO  server.RaftServerConfigKeys (ConfUtils.java:logGet(43)) - raft.server.rpcslowness.timeout = 120s (custom)
2019-07-16 14:41:40,488 INFO  server.RaftServerConfigKeys (ConfUtils.java:logGet(43)) - raft.server.sleep.deviation.threshold = 300 (default)
2019-07-16 14:41:40,488 INFO  server.RaftServerConfigKeys (ConfUtils.java:logGet(43)) - raft.server.log.appender.install.snapshot.enabled = false (custom)
2019-07-16 14:41:40,488 INFO  impl.RaftServerImpl (ServerState.java:<init>(105)) - cce6ba1e-5b6c-4475-9512-e0edc667ce35:group-08EC465B7DF8 ConfigurationManager, init=-1: [cce6ba1e-5b6c-4475-9512-e0edc667ce35:192.168.5.141:45246], old=null, confs=<EMPTY_MAP>
2019-07-16 14:41:40,493 INFO  server.RaftServerConfigKeys (ConfUtils.java:logGet(43)) - raft.server.storage.dir = [/workdir/hadoop-ozone/integration-test/target/test-dir/MiniOzoneClusterImpl-18ed21d2-c6a0-43cf-8b50-5fae82384936/datanode-6/data/ratis] (custom)
2019-07-16 14:41:40,494 INFO  storage.RaftStorageDirectory (RaftStorageDirectory.java:analyzeStorage(246)) - The storage directory /workdir/hadoop-ozone/integration-test/target/test-dir/MiniOzoneClusterImpl-18ed21d2-c6a0-43cf-8b50-5fae82384936/datanode-6/data/ratis/dc563679-6727-473d-8f10-08ec465b7df8 does not exist. Creating ...
2019-07-16 14:41:40,495 INFO  rpc.RpcClient (RpcClient.java:createVolume(287)) - Creating Volume: testblockoutputstreamwithretries, with jenkins1000 as owner.
2019-07-16 14:41:40,507 INFO  storage.RaftStorageDirectory (RaftStorageDirectory.java:tryLock(328)) - Lock on /workdir/hadoop-ozone/integration-test/target/test-dir/MiniOzoneClusterImpl-18ed21d2-c6a0-43cf-8b50-5fae82384936/datanode-6/data/ratis/dc563679-6727-473d-8f10-08ec465b7df8/in_use.lock acquired by nodename 10425@byscane-nightly-ppzk5-1864156943
2019-07-16 14:41:40,516 INFO  storage.RaftStorage (RaftStorage.java:format(72)) - Storage directory /workdir/hadoop-ozone/integration-test/target/test-dir/MiniOzoneClusterImpl-18ed21d2-c6a0-43cf-8b50-5fae82384936/datanode-6/data/ratis/dc563679-6727-473d-8f10-08ec465b7df8 has been successfully formatted.
2019-07-16 14:41:40,516 INFO  ratis.ContainerStateMachine (ContainerStateMachine.java:loadSnapshot(199)) - group-08EC465B7DF8: The snapshot info is null. Setting the last applied indexto:(t:0, i:~)
2019-07-16 14:41:40,519 INFO  server.RaftServerConfigKeys (ConfUtils.java:logGet(43)) - raft.server.leader.election.timeout = 120s (custom)
2019-07-16 14:41:40,519 INFO  server.RaftServerConfigKeys (ConfUtils.java:logGet(43)) - raft.server.log.use.memory = false (default)
2019-07-16 14:41:40,521 INFO  server.RaftServerConfigKeys (ConfUtils.java:logGet(43)) - raft.server.log.purge.gap = 1000000000 (custom)
2019-07-16 14:41:40,521 INFO  server.RaftServerConfigKeys (ConfUtils.java:logGet(43)) - raft.server.log.appender.buffer.byte-limit = 33554432 (custom)
2019-07-16 14:41:40,521 INFO  server.RaftServerConfigKeys (ConfUtils.java:logGet(43)) - raft.server.log.segment.size.max = 1048576 (custom)
2019-07-16 14:41:40,521 INFO  server.RaftServerConfigKeys (ConfUtils.java:logGet(43)) - raft.server.log.segment.cache.num.max = 2 (custom)
2019-07-16 14:41:40,522 INFO  rpc.RpcClient (RpcClient.java:createBucket(424)) - Creating Bucket: testblockoutputstreamwithretries/testblockoutputstreamwithretries, with Versioning false and Storage Type set to DISK and Encryption set to false 
2019-07-16 14:41:40,522 INFO  segmented.SegmentedRaftLogWorker (SegmentedRaftLogWorker.java:<init>(172)) - new cce6ba1e-5b6c-4475-9512-e0edc667ce35-SegmentedRaftLogWorker:Storage Directory /workdir/hadoop-ozone/integration-test/target/test-dir/MiniOzoneClusterImpl-18ed21d2-c6a0-43cf-8b50-5fae82384936/datanode-6/data/ratis/dc563679-6727-473d-8f10-08ec465b7df8 for RaftStorage:Storage Directory /workdir/hadoop-ozone/integration-test/target/test-dir/MiniOzoneClusterImpl-18ed21d2-c6a0-43cf-8b50-5fae82384936/datanode-6/data/ratis/dc563679-6727-473d-8f10-08ec465b7df8
2019-07-16 14:41:40,522 INFO  server.RaftServerConfigKeys (ConfUtils.java:logGet(43)) - raft.server.log.queue.byte-limit = 2147483647 (custom)
2019-07-16 14:41:40,522 INFO  server.RaftServerConfigKeys (ConfUtils.java:logGet(43)) - raft.server.log.queue.element-limit = 1024 (custom)
2019-07-16 14:41:40,523 INFO  server.RaftServerConfigKeys (ConfUtils.java:logGet(43)) - raft.server.log.segment.size.max = 1048576 (custom)
2019-07-16 14:41:40,523 INFO  server.RaftServerConfigKeys (ConfUtils.java:logGet(43)) - raft.server.log.preallocated.size = 16384 (custom)
2019-07-16 14:41:40,523 INFO  server.RaftServerConfigKeys (ConfUtils.java:logGet(43)) - raft.server.log.write.buffer.size = 33554432 (custom)
2019-07-16 14:41:40,523 INFO  server.RaftServerConfigKeys (ConfUtils.java:logGet(43)) - raft.server.log.force.sync.num = 128 (default)
2019-07-16 14:41:40,525 INFO  server.RaftServerConfigKeys (ConfUtils.java:logGet(43)) - raft.server.log.statemachine.data.sync = true (default)
2019-07-16 14:41:40,526 INFO  server.RaftServerConfigKeys (ConfUtils.java:logGet(43)) - raft.server.log.statemachine.data.sync.timeout = 10s (default)
2019-07-16 14:41:40,526 INFO  server.RaftServerConfigKeys (ConfUtils.java:logGet(43)) - raft.server.log.statemachine.data.sync.timeout.retry = -1 (default)
2019-07-16 14:41:40,526 INFO  server.RaftServerConfigKeys (ConfUtils.java:logGet(43)) - raft.server.log.statemachine.data.caching.enabled = true (custom)
2019-07-16 14:41:40,527 INFO  segmented.SegmentedRaftLogWorker (SegmentedRaftLogWorker.java:lambda$new$0(132)) - cce6ba1e-5b6c-4475-9512-e0edc667ce35-SegmentedRaftLogWorker:Storage Directory /workdir/hadoop-ozone/integration-test/target/test-dir/MiniOzoneClusterImpl-18ed21d2-c6a0-43cf-8b50-5fae82384936/datanode-6/data/ratis/dc563679-6727-473d-8f10-08ec465b7df8: flushIndex: setUnconditionally 0 -> -1
2019-07-16 14:41:40,527 INFO  server.RaftServerConfigKeys (ConfUtils.java:logGet(43)) - raft.server.snapshot.auto.trigger.enabled = true (custom)
2019-07-16 14:41:40,527 INFO  server.RaftServerConfigKeys (ConfUtils.java:logGet(43)) - raft.server.snapshot.auto.trigger.threshold = 10000 (custom)
2019-07-16 14:41:40,527 INFO  server.RaftServerConfigKeys (ConfUtils.java:logGet(43)) - raft.server.retrycache.expirytime = 600000ms (custom)
2019-07-16 14:41:40,528 INFO  impl.RaftServerImpl (RaftServerImpl.java:start(180)) - cce6ba1e-5b6c-4475-9512-e0edc667ce35: start group-08EC465B7DF8
2019-07-16 14:41:40,528 INFO  impl.RaftServerImpl (RaftServerImpl.java:setRole(171)) - cce6ba1e-5b6c-4475-9512-e0edc667ce35:group-08EC465B7DF8 changes role from null to FOLLOWER at term 0 for startAsFollower
2019-07-16 14:41:40,528 INFO  impl.RoleInfo (RoleInfo.java:updateAndGet(143)) - cce6ba1e-5b6c-4475-9512-e0edc667ce35: start FollowerState
2019-07-16 14:41:40,528 INFO  util.JmxRegister (JmxRegister.java:tryRegister(44)) - Successfully registered JMX Bean with object name Ratis:service=RaftServer,group=group-08EC465B7DF8,id=cce6ba1e-5b6c-4475-9512-e0edc667ce35
2019-07-16 14:41:40,531 INFO  pipeline.PipelineStateManager (PipelineStateManager.java:addPipeline(56)) - Created pipeline Pipeline[ Id: dc563679-6727-473d-8f10-08ec465b7df8, Nodes: cce6ba1e-5b6c-4475-9512-e0edc667ce35{ip: 192.168.5.141, host: byscane-nightly-ppzk5-1864156943, networkLocation: /default-rack, certSerialId: null}, Type:RATIS, Factor:ONE, State:OPEN]
2019-07-16 14:41:40,554 INFO  client.GrpcClientProtocolClient (GrpcClientProtocolClient.java:onNext(255)) - client-98755F8B8828->46ab59cc-945a-490d-a3d8-84bb3275b18b: receive RaftClientReply:client-98755F8B8828->46ab59cc-945a-490d-a3d8-84bb3275b18b@group-73C54676DE21, cid=42, FAILED org.apache.ratis.protocol.NotLeaderException: Server 46ab59cc-945a-490d-a3d8-84bb3275b18b is not the leader (null). Request must be sent to leader., logIndex=0, commits[46ab59cc-945a-490d-a3d8-84bb3275b18b:c-1]
2019-07-16 14:41:41,581 INFO  client.GrpcClientProtocolClient (GrpcClientProtocolClient.java:onNext(255)) - client-98755F8B8828->bf49eb38-1e14-4d03-9db9-9625101d3439: receive RaftClientReply:client-98755F8B8828->bf49eb38-1e14-4d03-9db9-9625101d3439@group-73C54676DE21, cid=42, FAILED org.apache.ratis.protocol.NotLeaderException: Server bf49eb38-1e14-4d03-9db9-9625101d3439 is not the leader (null). Request must be sent to leader., logIndex=0, commits[bf49eb38-1e14-4d03-9db9-9625101d3439:c-1]
2019-07-16 14:41:42,605 INFO  client.GrpcClientProtocolClient (GrpcClientProtocolClient.java:onNext(255)) - client-98755F8B8828->e5d39b96-bb85-454a-bbd5-64dc7f1df620: receive RaftClientReply:client-98755F8B8828->e5d39b96-bb85-454a-bbd5-64dc7f1df620@group-73C54676DE21, cid=42, FAILED org.apache.ratis.protocol.NotLeaderException: Server e5d39b96-bb85-454a-bbd5-64dc7f1df620 is not the leader (null). Request must be sent to leader., logIndex=0, commits[e5d39b96-bb85-454a-bbd5-64dc7f1df620:c-1]
2019-07-16 14:41:43,623 INFO  client.GrpcClientProtocolClient (GrpcClientProtocolClient.java:onNext(255)) - client-98755F8B8828->bf49eb38-1e14-4d03-9db9-9625101d3439: receive RaftClientReply:client-98755F8B8828->bf49eb38-1e14-4d03-9db9-9625101d3439@group-73C54676DE21, cid=42, FAILED org.apache.ratis.protocol.NotLeaderException: Server bf49eb38-1e14-4d03-9db9-9625101d3439 is not the leader (null). Request must be sent to leader., logIndex=0, commits[bf49eb38-1e14-4d03-9db9-9625101d3439:c-1]
2019-07-16 14:41:44,553 INFO  impl.FollowerState (FollowerState.java:run(106)) - e5d39b96-bb85-454a-bbd5-64dc7f1df620:group-83936321CD8A changes to CANDIDATE, lastRpcTime:5107, electionTimeout:5107ms
2019-07-16 14:41:44,553 INFO  impl.RoleInfo (RoleInfo.java:shutdownFollowerState(121)) - e5d39b96-bb85-454a-bbd5-64dc7f1df620: shutdown FollowerState
2019-07-16 14:41:44,553 INFO  impl.RaftServerImpl (RaftServerImpl.java:setRole(171)) - e5d39b96-bb85-454a-bbd5-64dc7f1df620:group-83936321CD8A changes role from FOLLOWER to CANDIDATE at term 0 for changeToCandidate
2019-07-16 14:41:44,554 INFO  impl.RoleInfo (RoleInfo.java:updateAndGet(143)) - e5d39b96-bb85-454a-bbd5-64dc7f1df620: start LeaderElection
2019-07-16 14:41:44,591 INFO  impl.LeaderElection (LeaderElection.java:askForVotes(181)) - e5d39b96-bb85-454a-bbd5-64dc7f1df620:group-83936321CD8A:LeaderElection13: begin an election at term 1 for -1: [e5d39b96-bb85-454a-bbd5-64dc7f1df620:192.168.5.141:37534], old=null
2019-07-16 14:41:44,591 INFO  impl.RoleInfo (RoleInfo.java:shutdownLeaderElection(134)) - e5d39b96-bb85-454a-bbd5-64dc7f1df620: shutdown LeaderElection
2019-07-16 14:41:44,591 INFO  impl.RaftServerImpl (RaftServerImpl.java:setRole(171)) - e5d39b96-bb85-454a-bbd5-64dc7f1df620:group-83936321CD8A changes role from CANDIDATE to LEADER at term 1 for changeToLeader
2019-07-16 14:41:44,591 INFO  impl.RaftServerImpl (ServerState.java:setLeader(263)) - e5d39b96-bb85-454a-bbd5-64dc7f1df620:group-83936321CD8A change Leader from null to e5d39b96-bb85-454a-bbd5-64dc7f1df620 at term 1 for becomeLeader, leader elected after 5149ms
2019-07-16 14:41:44,591 INFO  server.RaftServerConfigKeys (ConfUtils.java:logGet(43)) - raft.server.staging.catchup.gap = 1000 (default)
2019-07-16 14:41:44,592 INFO  server.RaftServerConfigKeys (ConfUtils.java:logGet(43)) - raft.server.rpc.sleep.time = 25ms (default)
2019-07-16 14:41:44,592 INFO  server.RaftServerConfigKeys (ConfUtils.java:logGet(43)) - raft.server.write.element-limit = 4096 (default)
2019-07-16 14:41:44,592 INFO  server.RaftServerConfigKeys (ConfUtils.java:logGet(43)) - raft.server.watch.timeout = 10s (default)
2019-07-16 14:41:44,592 INFO  server.RaftServerConfigKeys (ConfUtils.java:logGet(43)) - raft.server.watch.timeout.denomination = 1s (default)
2019-07-16 14:41:44,592 INFO  server.RaftServerConfigKeys (ConfUtils.java:logGet(43)) - raft.server.watch.element-limit = 65536 (default)
2019-07-16 14:41:44,592 INFO  impl.RoleInfo (RoleInfo.java:updateAndGet(143)) - e5d39b96-bb85-454a-bbd5-64dc7f1df620: start LeaderState
2019-07-16 14:41:44,593 INFO  segmented.SegmentedRaftLogWorker (SegmentedRaftLogWorker.java:startLogSegment(380)) - e5d39b96-bb85-454a-bbd5-64dc7f1df620-SegmentedRaftLogWorker:Storage Directory /workdir/hadoop-ozone/integration-test/target/test-dir/MiniOzoneClusterImpl-18ed21d2-c6a0-43cf-8b50-5fae82384936/datanode-0/data/ratis/f469e86c-b763-4ddb-b891-83936321cd8a: Starting segment from index:0
2019-07-16 14:41:44,593 INFO  impl.RaftServerImpl (ServerState.java:setRaftConf(361)) - e5d39b96-bb85-454a-bbd5-64dc7f1df620:group-83936321CD8A set configuration 0: [e5d39b96-bb85-454a-bbd5-64dc7f1df620:192.168.5.141:37534], old=null at 0
2019-07-16 14:41:44,612 INFO  segmented.SegmentedRaftLogWorker (SegmentedRaftLogWorker.java:execute(569)) - e5d39b96-bb85-454a-bbd5-64dc7f1df620-SegmentedRaftLogWorker:Storage Directory /workdir/hadoop-ozone/integration-test/target/test-dir/MiniOzoneClusterImpl-18ed21d2-c6a0-43cf-8b50-5fae82384936/datanode-0/data/ratis/f469e86c-b763-4ddb-b891-83936321cd8a: created new log segment /workdir/hadoop-ozone/integration-test/target/test-dir/MiniOzoneClusterImpl-18ed21d2-c6a0-43cf-8b50-5fae82384936/datanode-0/data/ratis/f469e86c-b763-4ddb-b891-83936321cd8a/current/log_inprogress_0
2019-07-16 14:41:44,640 INFO  client.GrpcClientProtocolClient (GrpcClientProtocolClient.java:onNext(255)) - client-98755F8B8828->e5d39b96-bb85-454a-bbd5-64dc7f1df620: receive RaftClientReply:client-98755F8B8828->e5d39b96-bb85-454a-bbd5-64dc7f1df620@group-73C54676DE21, cid=42, FAILED org.apache.ratis.protocol.NotLeaderException: Server e5d39b96-bb85-454a-bbd5-64dc7f1df620 is not the leader (null). Request must be sent to leader., logIndex=0, commits[e5d39b96-bb85-454a-bbd5-64dc7f1df620:c-1]
2019-07-16 14:41:44,800 INFO  impl.FollowerState (FollowerState.java:run(106)) - bf49eb38-1e14-4d03-9db9-9625101d3439:group-46B0B8D44782 changes to CANDIDATE, lastRpcTime:5187, electionTimeout:5187ms
2019-07-16 14:41:44,800 INFO  impl.RoleInfo (RoleInfo.java:shutdownFollowerState(121)) - bf49eb38-1e14-4d03-9db9-9625101d3439: shutdown FollowerState
2019-07-16 14:41:44,800 INFO  impl.RaftServerImpl (RaftServerImpl.java:setRole(171)) - bf49eb38-1e14-4d03-9db9-9625101d3439:group-46B0B8D44782 changes role from FOLLOWER to CANDIDATE at term 0 for changeToCandidate
2019-07-16 14:41:44,800 INFO  impl.RoleInfo (RoleInfo.java:updateAndGet(143)) - bf49eb38-1e14-4d03-9db9-9625101d3439: start LeaderElection
2019-07-16 14:41:44,818 INFO  impl.LeaderElection (LeaderElection.java:askForVotes(181)) - bf49eb38-1e14-4d03-9db9-9625101d3439:group-46B0B8D44782:LeaderElection14: begin an election at term 1 for -1: [bf49eb38-1e14-4d03-9db9-9625101d3439:192.168.5.141:44447], old=null
2019-07-16 14:41:44,818 INFO  impl.RoleInfo (RoleInfo.java:shutdownLeaderElection(134)) - bf49eb38-1e14-4d03-9db9-9625101d3439: shutdown LeaderElection
2019-07-16 14:41:44,818 INFO  impl.RaftServerImpl (RaftServerImpl.java:setRole(171)) - bf49eb38-1e14-4d03-9db9-9625101d3439:group-46B0B8D44782 changes role from CANDIDATE to LEADER at term 1 for changeToLeader
2019-07-16 14:41:44,818 INFO  impl.RaftServerImpl (ServerState.java:setLeader(263)) - bf49eb38-1e14-4d03-9db9-9625101d3439:group-46B0B8D44782 change Leader from null to bf49eb38-1e14-4d03-9db9-9625101d3439 at term 1 for becomeLeader, leader elected after 5209ms
2019-07-16 14:41:44,818 INFO  server.RaftServerConfigKeys (ConfUtils.java:logGet(43)) - raft.server.staging.catchup.gap = 1000 (default)
2019-07-16 14:41:44,819 INFO  server.RaftServerConfigKeys (ConfUtils.java:logGet(43)) - raft.server.rpc.sleep.time = 25ms (default)
2019-07-16 14:41:44,819 INFO  server.RaftServerConfigKeys (ConfUtils.java:logGet(43)) - raft.server.write.element-limit = 4096 (default)
2019-07-16 14:41:44,819 INFO  server.RaftServerConfigKeys (ConfUtils.java:logGet(43)) - raft.server.watch.timeout = 10s (default)
2019-07-16 14:41:44,819 INFO  server.RaftServerConfigKeys (ConfUtils.java:logGet(43)) - raft.server.watch.timeout.denomination = 1s (default)
2019-07-16 14:41:44,819 INFO  server.RaftServerConfigKeys (ConfUtils.java:logGet(43)) - raft.server.watch.element-limit = 65536 (default)
2019-07-16 14:41:44,820 INFO  impl.RoleInfo (RoleInfo.java:updateAndGet(143)) - bf49eb38-1e14-4d03-9db9-9625101d3439: start LeaderState
2019-07-16 14:41:44,820 INFO  segmented.SegmentedRaftLogWorker (SegmentedRaftLogWorker.java:startLogSegment(380)) - bf49eb38-1e14-4d03-9db9-9625101d3439-SegmentedRaftLogWorker:Storage Directory /workdir/hadoop-ozone/integration-test/target/test-dir/MiniOzoneClusterImpl-18ed21d2-c6a0-43cf-8b50-5fae82384936/datanode-1/data/ratis/bc93c73d-892f-4f17-b0cd-46b0b8d44782: Starting segment from index:0
2019-07-16 14:41:44,820 INFO  impl.RaftServerImpl (ServerState.java:setRaftConf(361)) - bf49eb38-1e14-4d03-9db9-9625101d3439:group-46B0B8D44782 set configuration 0: [bf49eb38-1e14-4d03-9db9-9625101d3439:192.168.5.141:44447], old=null at 0
2019-07-16 14:41:44,841 INFO  segmented.SegmentedRaftLogWorker (SegmentedRaftLogWorker.java:execute(569)) - bf49eb38-1e14-4d03-9db9-9625101d3439-SegmentedRaftLogWorker:Storage Directory /workdir/hadoop-ozone/integration-test/target/test-dir/MiniOzoneClusterImpl-18ed21d2-c6a0-43cf-8b50-5fae82384936/datanode-1/data/ratis/bc93c73d-892f-4f17-b0cd-46b0b8d44782: created new log segment /workdir/hadoop-ozone/integration-test/target/test-dir/MiniOzoneClusterImpl-18ed21d2-c6a0-43cf-8b50-5fae82384936/datanode-1/data/ratis/bc93c73d-892f-4f17-b0cd-46b0b8d44782/current/log_inprogress_0
2019-07-16 14:41:44,896 INFO  impl.FollowerState (FollowerState.java:run(106)) - 46ab59cc-945a-490d-a3d8-84bb3275b18b:group-468D2BC71097 changes to CANDIDATE, lastRpcTime:5118, electionTimeout:5118ms
2019-07-16 14:41:44,896 INFO  impl.RoleInfo (RoleInfo.java:shutdownFollowerState(121)) - 46ab59cc-945a-490d-a3d8-84bb3275b18b: shutdown FollowerState
2019-07-16 14:41:44,896 INFO  impl.RaftServerImpl (RaftServerImpl.java:setRole(171)) - 46ab59cc-945a-490d-a3d8-84bb3275b18b:group-468D2BC71097 changes role from FOLLOWER to CANDIDATE at term 0 for changeToCandidate
2019-07-16 14:41:44,896 INFO  impl.RoleInfo (RoleInfo.java:updateAndGet(143)) - 46ab59cc-945a-490d-a3d8-84bb3275b18b: start LeaderElection
2019-07-16 14:41:44,905 INFO  impl.LeaderElection (LeaderElection.java:askForVotes(181)) - 46ab59cc-945a-490d-a3d8-84bb3275b18b:group-468D2BC71097:LeaderElection15: begin an election at term 1 for -1: [46ab59cc-945a-490d-a3d8-84bb3275b18b:192.168.5.141:38840], old=null
2019-07-16 14:41:44,905 INFO  impl.RoleInfo (RoleInfo.java:shutdownLeaderElection(134)) - 46ab59cc-945a-490d-a3d8-84bb3275b18b: shutdown LeaderElection
2019-07-16 14:41:44,905 INFO  impl.RaftServerImpl (RaftServerImpl.java:setRole(171)) - 46ab59cc-945a-490d-a3d8-84bb3275b18b:group-468D2BC71097 changes role from CANDIDATE to LEADER at term 1 for changeToLeader
2019-07-16 14:41:44,905 INFO  impl.RaftServerImpl (ServerState.java:setLeader(263)) - 46ab59cc-945a-490d-a3d8-84bb3275b18b:group-468D2BC71097 change Leader from null to 46ab59cc-945a-490d-a3d8-84bb3275b18b at term 1 for becomeLeader, leader elected after 5133ms
2019-07-16 14:41:44,906 INFO  server.RaftServerConfigKeys (ConfUtils.java:logGet(43)) - raft.server.staging.catchup.gap = 1000 (default)
2019-07-16 14:41:44,906 INFO  server.RaftServerConfigKeys (ConfUtils.java:logGet(43)) - raft.server.rpc.sleep.time = 25ms (default)
2019-07-16 14:41:44,906 INFO  server.RaftServerConfigKeys (ConfUtils.java:logGet(43)) - raft.server.write.element-limit = 4096 (default)
2019-07-16 14:41:44,906 INFO  server.RaftServerConfigKeys (ConfUtils.java:logGet(43)) - raft.server.watch.timeout = 10s (default)
2019-07-16 14:41:44,906 INFO  server.RaftServerConfigKeys (ConfUtils.java:logGet(43)) - raft.server.watch.timeout.denomination = 1s (default)
2019-07-16 14:41:44,906 INFO  server.RaftServerConfigKeys (ConfUtils.java:logGet(43)) - raft.server.watch.element-limit = 65536 (default)
2019-07-16 14:41:44,907 INFO  impl.RoleInfo (RoleInfo.java:updateAndGet(143)) - 46ab59cc-945a-490d-a3d8-84bb3275b18b: start LeaderState
2019-07-16 14:41:44,907 INFO  segmented.SegmentedRaftLogWorker (SegmentedRaftLogWorker.java:startLogSegment(380)) - 46ab59cc-945a-490d-a3d8-84bb3275b18b-SegmentedRaftLogWorker:Storage Directory /workdir/hadoop-ozone/integration-test/target/test-dir/MiniOzoneClusterImpl-18ed21d2-c6a0-43cf-8b50-5fae82384936/datanode-2/data/ratis/9e65107f-9e66-429a-9978-468d2bc71097: Starting segment from index:0
2019-07-16 14:41:44,907 INFO  impl.RaftServerImpl (ServerState.java:setRaftConf(361)) - 46ab59cc-945a-490d-a3d8-84bb3275b18b:group-468D2BC71097 set configuration 0: [46ab59cc-945a-490d-a3d8-84bb3275b18b:192.168.5.141:38840], old=null at 0
2019-07-16 14:41:44,926 INFO  impl.FollowerState (FollowerState.java:run(106)) - e5d39b96-bb85-454a-bbd5-64dc7f1df620:group-73C54676DE21 changes to CANDIDATE, lastRpcTime:5105, electionTimeout:5105ms
2019-07-16 14:41:44,927 INFO  impl.RoleInfo (RoleInfo.java:shutdownFollowerState(121)) - e5d39b96-bb85-454a-bbd5-64dc7f1df620: shutdown FollowerState
2019-07-16 14:41:44,927 INFO  segmented.SegmentedRaftLogWorker (SegmentedRaftLogWorker.java:execute(569)) - 46ab59cc-945a-490d-a3d8-84bb3275b18b-SegmentedRaftLogWorker:Storage Directory /workdir/hadoop-ozone/integration-test/target/test-dir/MiniOzoneClusterImpl-18ed21d2-c6a0-43cf-8b50-5fae82384936/datanode-2/data/ratis/9e65107f-9e66-429a-9978-468d2bc71097: created new log segment /workdir/hadoop-ozone/integration-test/target/test-dir/MiniOzoneClusterImpl-18ed21d2-c6a0-43cf-8b50-5fae82384936/datanode-2/data/ratis/9e65107f-9e66-429a-9978-468d2bc71097/current/log_inprogress_0
2019-07-16 14:41:44,927 INFO  impl.RaftServerImpl (RaftServerImpl.java:setRole(171)) - e5d39b96-bb85-454a-bbd5-64dc7f1df620:group-73C54676DE21 changes role from FOLLOWER to CANDIDATE at term 0 for changeToCandidate
2019-07-16 14:41:44,927 INFO  impl.RoleInfo (RoleInfo.java:updateAndGet(143)) - e5d39b96-bb85-454a-bbd5-64dc7f1df620: start LeaderElection
2019-07-16 14:41:44,945 INFO  impl.LeaderElection (LeaderElection.java:askForVotes(181)) - e5d39b96-bb85-454a-bbd5-64dc7f1df620:group-73C54676DE21:LeaderElection16: begin an election at term 1 for -1: [46ab59cc-945a-490d-a3d8-84bb3275b18b:192.168.5.141:38840, e5d39b96-bb85-454a-bbd5-64dc7f1df620:192.168.5.141:37534, bf49eb38-1e14-4d03-9db9-9625101d3439:192.168.5.141:44447], old=null
2019-07-16 14:41:44,950 INFO  impl.RaftServerImpl (RaftServerImpl.java:setRole(171)) - 46ab59cc-945a-490d-a3d8-84bb3275b18b:group-73C54676DE21 changes role from FOLLOWER to FOLLOWER at term 1 for recognizeCandidate:e5d39b96-bb85-454a-bbd5-64dc7f1df620
2019-07-16 14:41:44,951 INFO  impl.RaftServerImpl (RaftServerImpl.java:setRole(171)) - bf49eb38-1e14-4d03-9db9-9625101d3439:group-73C54676DE21 changes role from FOLLOWER to FOLLOWER at term 1 for recognizeCandidate:e5d39b96-bb85-454a-bbd5-64dc7f1df620
2019-07-16 14:41:44,951 INFO  impl.RoleInfo (RoleInfo.java:shutdownFollowerState(121)) - 46ab59cc-945a-490d-a3d8-84bb3275b18b: shutdown FollowerState
2019-07-16 14:41:44,951 INFO  impl.RoleInfo (RoleInfo.java:shutdownFollowerState(121)) - bf49eb38-1e14-4d03-9db9-9625101d3439: shutdown FollowerState
2019-07-16 14:41:44,951 INFO  impl.RoleInfo (RoleInfo.java:updateAndGet(143)) - 46ab59cc-945a-490d-a3d8-84bb3275b18b: start FollowerState
2019-07-16 14:41:44,951 INFO  impl.FollowerState (FollowerState.java:run(114)) - 46ab59cc-945a-490d-a3d8-84bb3275b18b: FollowerState was interrupted: java.lang.InterruptedException: sleep interrupted
2019-07-16 14:41:44,951 INFO  impl.FollowerState (FollowerState.java:run(114)) - bf49eb38-1e14-4d03-9db9-9625101d3439: FollowerState was interrupted: java.lang.InterruptedException: sleep interrupted
2019-07-16 14:41:44,951 INFO  impl.RoleInfo (RoleInfo.java:updateAndGet(143)) - bf49eb38-1e14-4d03-9db9-9625101d3439: start FollowerState
2019-07-16 14:41:44,965 INFO  impl.LeaderElection (LeaderElection.java:logAndReturn(56)) - e5d39b96-bb85-454a-bbd5-64dc7f1df620:group-73C54676DE21:LeaderElection16: Election PASSED; received 1 response(s) [e5d39b96-bb85-454a-bbd5-64dc7f1df620<-46ab59cc-945a-490d-a3d8-84bb3275b18b#0:OK-t1] and 0 exception(s); e5d39b96-bb85-454a-bbd5-64dc7f1df620:t1, leader=null, voted=e5d39b96-bb85-454a-bbd5-64dc7f1df620, raftlog=e5d39b96-bb85-454a-bbd5-64dc7f1df620-SegmentedRaftLog:OPENED:c-1,f-1,i0, conf=-1: [46ab59cc-945a-490d-a3d8-84bb3275b18b:192.168.5.141:38840, e5d39b96-bb85-454a-bbd5-64dc7f1df620:192.168.5.141:37534, bf49eb38-1e14-4d03-9db9-9625101d3439:192.168.5.141:44447], old=null
2019-07-16 14:41:44,965 INFO  impl.RoleInfo (RoleInfo.java:shutdownLeaderElection(134)) - e5d39b96-bb85-454a-bbd5-64dc7f1df620: shutdown LeaderElection
2019-07-16 14:41:44,968 INFO  impl.RaftServerImpl (RaftServerImpl.java:setRole(171)) - e5d39b96-bb85-454a-bbd5-64dc7f1df620:group-73C54676DE21 changes role from CANDIDATE to LEADER at term 1 for changeToLeader
2019-07-16 14:41:44,968 INFO  impl.RaftServerImpl (ServerState.java:setLeader(263)) - e5d39b96-bb85-454a-bbd5-64dc7f1df620:group-73C54676DE21 change Leader from null to e5d39b96-bb85-454a-bbd5-64dc7f1df620 at term 1 for becomeLeader, leader elected after 5154ms
2019-07-16 14:41:44,968 INFO  server.RaftServerConfigKeys (ConfUtils.java:logGet(43)) - raft.server.staging.catchup.gap = 1000 (default)
2019-07-16 14:41:44,968 INFO  server.RaftServerConfigKeys (ConfUtils.java:logGet(43)) - raft.server.rpc.sleep.time = 25ms (default)
2019-07-16 14:41:44,969 INFO  server.RaftServerConfigKeys (ConfUtils.java:logGet(43)) - raft.server.write.element-limit = 4096 (default)
2019-07-16 14:41:44,969 INFO  server.RaftServerConfigKeys (ConfUtils.java:logGet(43)) - raft.server.watch.timeout = 10s (default)
2019-07-16 14:41:44,969 INFO  server.RaftServerConfigKeys (ConfUtils.java:logGet(43)) - raft.server.watch.timeout.denomination = 1s (default)
2019-07-16 14:41:44,969 INFO  server.RaftServerConfigKeys (ConfUtils.java:logGet(43)) - raft.server.watch.element-limit = 65536 (default)
2019-07-16 14:41:44,969 INFO  server.RaftServerConfigKeys (ConfUtils.java:logGet(43)) - raft.server.log.appender.snapshot.chunk.size.max = 16MB (=16777216) (default)
2019-07-16 14:41:44,969 INFO  server.RaftServerConfigKeys (ConfUtils.java:logGet(43)) - raft.server.log.appender.buffer.byte-limit = 33554432 (custom)
2019-07-16 14:41:44,970 INFO  server.RaftServerConfigKeys (ConfUtils.java:logGet(43)) - raft.server.log.appender.buffer.element-limit = 1 (custom)
2019-07-16 14:41:44,970 INFO  grpc.GrpcConfigKeys$Server (ConfUtils.java:logGet(43)) - raft.grpc.server.leader.outstanding.appends.max = 128 (default)
2019-07-16 14:41:44,970 INFO  server.RaftServerConfigKeys (ConfUtils.java:logGet(43)) - raft.server.rpc.request.timeout = 3000ms (default)
2019-07-16 14:41:44,970 INFO  server.RaftServerConfigKeys (ConfUtils.java:logGet(43)) - raft.server.log.appender.install.snapshot.enabled = false (custom)
2019-07-16 14:41:44,970 INFO  server.RaftServerConfigKeys (ConfUtils.java:logGet(43)) - raft.server.log.appender.snapshot.chunk.size.max = 16MB (=16777216) (default)
2019-07-16 14:41:44,970 INFO  server.RaftServerConfigKeys (ConfUtils.java:logGet(43)) - raft.server.log.appender.buffer.byte-limit = 33554432 (custom)
2019-07-16 14:41:44,970 INFO  server.RaftServerConfigKeys (ConfUtils.java:logGet(43)) - raft.server.log.appender.buffer.element-limit = 1 (custom)
2019-07-16 14:41:44,971 INFO  grpc.GrpcConfigKeys$Server (ConfUtils.java:logGet(43)) - raft.grpc.server.leader.outstanding.appends.max = 128 (default)
2019-07-16 14:41:44,971 INFO  server.RaftServerConfigKeys (ConfUtils.java:logGet(43)) - raft.server.rpc.request.timeout = 3000ms (default)
2019-07-16 14:41:44,971 INFO  server.RaftServerConfigKeys (ConfUtils.java:logGet(43)) - raft.server.log.appender.install.snapshot.enabled = false (custom)
2019-07-16 14:41:44,971 INFO  impl.RoleInfo (RoleInfo.java:updateAndGet(143)) - e5d39b96-bb85-454a-bbd5-64dc7f1df620: start LeaderState
2019-07-16 14:41:44,971 INFO  segmented.SegmentedRaftLogWorker (SegmentedRaftLogWorker.java:startLogSegment(380)) - e5d39b96-bb85-454a-bbd5-64dc7f1df620-SegmentedRaftLogWorker:Storage Directory /workdir/hadoop-ozone/integration-test/target/test-dir/MiniOzoneClusterImpl-18ed21d2-c6a0-43cf-8b50-5fae82384936/datanode-0/data/ratis/7e6265f1-fdc2-499e-b3d5-73c54676de21: Starting segment from index:0
2019-07-16 14:41:44,987 INFO  impl.RaftServerImpl (ServerState.java:setRaftConf(361)) - e5d39b96-bb85-454a-bbd5-64dc7f1df620:group-73C54676DE21 set configuration 0: [46ab59cc-945a-490d-a3d8-84bb3275b18b:192.168.5.141:38840, e5d39b96-bb85-454a-bbd5-64dc7f1df620:192.168.5.141:37534, bf49eb38-1e14-4d03-9db9-9625101d3439:192.168.5.141:44447], old=null at 0
2019-07-16 14:41:44,990 INFO  segmented.SegmentedRaftLogWorker (SegmentedRaftLogWorker.java:execute(569)) - e5d39b96-bb85-454a-bbd5-64dc7f1df620-SegmentedRaftLogWorker:Storage Directory /workdir/hadoop-ozone/integration-test/target/test-dir/MiniOzoneClusterImpl-18ed21d2-c6a0-43cf-8b50-5fae82384936/datanode-0/data/ratis/7e6265f1-fdc2-499e-b3d5-73c54676de21: created new log segment /workdir/hadoop-ozone/integration-test/target/test-dir/MiniOzoneClusterImpl-18ed21d2-c6a0-43cf-8b50-5fae82384936/datanode-0/data/ratis/7e6265f1-fdc2-499e-b3d5-73c54676de21/current/log_inprogress_0
2019-07-16 14:41:44,994 INFO  impl.RaftServerImpl (ServerState.java:setLeader(263)) - 46ab59cc-945a-490d-a3d8-84bb3275b18b:group-73C54676DE21 change Leader from null to e5d39b96-bb85-454a-bbd5-64dc7f1df620 at term 1 for appendEntries, leader elected after 5180ms
2019-07-16 14:41:44,997 INFO  impl.RaftServerImpl (ServerState.java:setLeader(263)) - bf49eb38-1e14-4d03-9db9-9625101d3439:group-73C54676DE21 change Leader from null to e5d39b96-bb85-454a-bbd5-64dc7f1df620 at term 1 for appendEntries, leader elected after 5182ms
2019-07-16 14:41:44,999 INFO  impl.RaftServerImpl (ServerState.java:setRaftConf(361)) - 46ab59cc-945a-490d-a3d8-84bb3275b18b:group-73C54676DE21 set configuration 0: [46ab59cc-945a-490d-a3d8-84bb3275b18b:192.168.5.141:38840, e5d39b96-bb85-454a-bbd5-64dc7f1df620:192.168.5.141:37534, bf49eb38-1e14-4d03-9db9-9625101d3439:192.168.5.141:44447], old=null at 0
2019-07-16 14:41:44,999 INFO  impl.RaftServerImpl (ServerState.java:setRaftConf(361)) - bf49eb38-1e14-4d03-9db9-9625101d3439:group-73C54676DE21 set configuration 0: [46ab59cc-945a-490d-a3d8-84bb3275b18b:192.168.5.141:38840, e5d39b96-bb85-454a-bbd5-64dc7f1df620:192.168.5.141:37534, bf49eb38-1e14-4d03-9db9-9625101d3439:192.168.5.141:44447], old=null at 0
2019-07-16 14:41:44,999 INFO  segmented.SegmentedRaftLogWorker (SegmentedRaftLogWorker.java:startLogSegment(380)) - 46ab59cc-945a-490d-a3d8-84bb3275b18b-SegmentedRaftLogWorker:Storage Directory /workdir/hadoop-ozone/integration-test/target/test-dir/MiniOzoneClusterImpl-18ed21d2-c6a0-43cf-8b50-5fae82384936/datanode-2/data/ratis/7e6265f1-fdc2-499e-b3d5-73c54676de21: Starting segment from index:0
2019-07-16 14:41:45,000 INFO  segmented.SegmentedRaftLogWorker (SegmentedRaftLogWorker.java:startLogSegment(380)) - bf49eb38-1e14-4d03-9db9-9625101d3439-SegmentedRaftLogWorker:Storage Directory /workdir/hadoop-ozone/integration-test/target/test-dir/MiniOzoneClusterImpl-18ed21d2-c6a0-43cf-8b50-5fae82384936/datanode-1/data/ratis/7e6265f1-fdc2-499e-b3d5-73c54676de21: Starting segment from index:0
2019-07-16 14:41:45,019 INFO  segmented.SegmentedRaftLogWorker (SegmentedRaftLogWorker.java:execute(569)) - 46ab59cc-945a-490d-a3d8-84bb3275b18b-SegmentedRaftLogWorker:Storage Directory /workdir/hadoop-ozone/integration-test/target/test-dir/MiniOzoneClusterImpl-18ed21d2-c6a0-43cf-8b50-5fae82384936/datanode-2/data/ratis/7e6265f1-fdc2-499e-b3d5-73c54676de21: created new log segment /workdir/hadoop-ozone/integration-test/target/test-dir/MiniOzoneClusterImpl-18ed21d2-c6a0-43cf-8b50-5fae82384936/datanode-2/data/ratis/7e6265f1-fdc2-499e-b3d5-73c54676de21/current/log_inprogress_0
2019-07-16 14:41:45,020 INFO  segmented.SegmentedRaftLogWorker (SegmentedRaftLogWorker.java:execute(569)) - bf49eb38-1e14-4d03-9db9-9625101d3439-SegmentedRaftLogWorker:Storage Directory /workdir/hadoop-ozone/integration-test/target/test-dir/MiniOzoneClusterImpl-18ed21d2-c6a0-43cf-8b50-5fae82384936/datanode-1/data/ratis/7e6265f1-fdc2-499e-b3d5-73c54676de21: created new log segment /workdir/hadoop-ozone/integration-test/target/test-dir/MiniOzoneClusterImpl-18ed21d2-c6a0-43cf-8b50-5fae82384936/datanode-1/data/ratis/7e6265f1-fdc2-499e-b3d5-73c54676de21/current/log_inprogress_0
2019-07-16 14:41:45,110 INFO  impl.FollowerState (FollowerState.java:run(106)) - 0458b044-f242-4a13-b025-09967ee147c2:group-DAC53C7E2926 changes to CANDIDATE, lastRpcTime:5184, electionTimeout:5183ms
2019-07-16 14:41:45,110 INFO  impl.RoleInfo (RoleInfo.java:shutdownFollowerState(121)) - 0458b044-f242-4a13-b025-09967ee147c2: shutdown FollowerState
2019-07-16 14:41:45,110 INFO  impl.RaftServerImpl (RaftServerImpl.java:setRole(171)) - 0458b044-f242-4a13-b025-09967ee147c2:group-DAC53C7E2926 changes role from FOLLOWER to CANDIDATE at term 0 for changeToCandidate
2019-07-16 14:41:45,111 INFO  impl.RoleInfo (RoleInfo.java:updateAndGet(143)) - 0458b044-f242-4a13-b025-09967ee147c2: start LeaderElection
2019-07-16 14:41:45,127 INFO  impl.LeaderElection (LeaderElection.java:askForVotes(181)) - 0458b044-f242-4a13-b025-09967ee147c2:group-DAC53C7E2926:LeaderElection17: begin an election at term 1 for -1: [0458b044-f242-4a13-b025-09967ee147c2:192.168.5.141:37818], old=null
2019-07-16 14:41:45,127 INFO  impl.RoleInfo (RoleInfo.java:shutdownLeaderElection(134)) - 0458b044-f242-4a13-b025-09967ee147c2: shutdown LeaderElection
2019-07-16 14:41:45,128 INFO  impl.RaftServerImpl (RaftServerImpl.java:setRole(171)) - 0458b044-f242-4a13-b025-09967ee147c2:group-DAC53C7E2926 changes role from CANDIDATE to LEADER at term 1 for changeToLeader
2019-07-16 14:41:45,128 INFO  impl.RaftServerImpl (ServerState.java:setLeader(263)) - 0458b044-f242-4a13-b025-09967ee147c2:group-DAC53C7E2926 change Leader from null to 0458b044-f242-4a13-b025-09967ee147c2 at term 1 for becomeLeader, leader elected after 5208ms
2019-07-16 14:41:45,128 INFO  server.RaftServerConfigKeys (ConfUtils.java:logGet(43)) - raft.server.staging.catchup.gap = 1000 (default)
2019-07-16 14:41:45,128 INFO  server.RaftServerConfigKeys (ConfUtils.java:logGet(43)) - raft.server.rpc.sleep.time = 25ms (default)
2019-07-16 14:41:45,128 INFO  server.RaftServerConfigKeys (ConfUtils.java:logGet(43)) - raft.server.write.element-limit = 4096 (default)
2019-07-16 14:41:45,129 INFO  server.RaftServerConfigKeys (ConfUtils.java:logGet(43)) - raft.server.watch.timeout = 10s (default)
2019-07-16 14:41:45,129 INFO  server.RaftServerConfigKeys (ConfUtils.java:logGet(43)) - raft.server.watch.timeout.denomination = 1s (default)
2019-07-16 14:41:45,129 INFO  server.RaftServerConfigKeys (ConfUtils.java:logGet(43)) - raft.server.watch.element-limit = 65536 (default)
2019-07-16 14:41:45,129 INFO  impl.RoleInfo (RoleInfo.java:updateAndGet(143)) - 0458b044-f242-4a13-b025-09967ee147c2: start LeaderState
2019-07-16 14:41:45,130 INFO  segmented.SegmentedRaftLogWorker (SegmentedRaftLogWorker.java:startLogSegment(380)) - 0458b044-f242-4a13-b025-09967ee147c2-SegmentedRaftLogWorker:Storage Directory /workdir/hadoop-ozone/integration-test/target/test-dir/MiniOzoneClusterImpl-18ed21d2-c6a0-43cf-8b50-5fae82384936/datanode-3/data/ratis/305da0ee-1e92-4c23-8433-dac53c7e2926: Starting segment from index:0
2019-07-16 14:41:45,130 INFO  impl.RaftServerImpl (ServerState.java:setRaftConf(361)) - 0458b044-f242-4a13-b025-09967ee147c2:group-DAC53C7E2926 set configuration 0: [0458b044-f242-4a13-b025-09967ee147c2:192.168.5.141:37818], old=null at 0
2019-07-16 14:41:45,153 INFO  segmented.SegmentedRaftLogWorker (SegmentedRaftLogWorker.java:execute(569)) - 0458b044-f242-4a13-b025-09967ee147c2-SegmentedRaftLogWorker:Storage Directory /workdir/hadoop-ozone/integration-test/target/test-dir/MiniOzoneClusterImpl-18ed21d2-c6a0-43cf-8b50-5fae82384936/datanode-3/data/ratis/305da0ee-1e92-4c23-8433-dac53c7e2926: created new log segment /workdir/hadoop-ozone/integration-test/target/test-dir/MiniOzoneClusterImpl-18ed21d2-c6a0-43cf-8b50-5fae82384936/datanode-3/data/ratis/305da0ee-1e92-4c23-8433-dac53c7e2926/current/log_inprogress_0
2019-07-16 14:41:45,200 INFO  impl.FollowerState (FollowerState.java:run(106)) - dec16a74-fc21-431e-9256-34842b1582fe:group-1E062121A0E0 changes to CANDIDATE, lastRpcTime:5028, electionTimeout:5028ms
2019-07-16 14:41:45,201 INFO  impl.RoleInfo (RoleInfo.java:shutdownFollowerState(121)) - dec16a74-fc21-431e-9256-34842b1582fe: shutdown FollowerState
2019-07-16 14:41:45,201 INFO  impl.RaftServerImpl (RaftServerImpl.java:setRole(171)) - dec16a74-fc21-431e-9256-34842b1582fe:group-1E062121A0E0 changes role from FOLLOWER to CANDIDATE at term 0 for changeToCandidate
2019-07-16 14:41:45,201 INFO  impl.RoleInfo (RoleInfo.java:updateAndGet(143)) - dec16a74-fc21-431e-9256-34842b1582fe: start LeaderElection
2019-07-16 14:41:45,220 INFO  impl.LeaderElection (LeaderElection.java:askForVotes(181)) - dec16a74-fc21-431e-9256-34842b1582fe:group-1E062121A0E0:LeaderElection18: begin an election at term 1 for -1: [dec16a74-fc21-431e-9256-34842b1582fe:192.168.5.141:39153], old=null
2019-07-16 14:41:45,220 INFO  impl.RoleInfo (RoleInfo.java:shutdownLeaderElection(134)) - dec16a74-fc21-431e-9256-34842b1582fe: shutdown LeaderElection
2019-07-16 14:41:45,220 INFO  impl.RaftServerImpl (RaftServerImpl.java:setRole(171)) - dec16a74-fc21-431e-9256-34842b1582fe:group-1E062121A0E0 changes role from CANDIDATE to LEADER at term 1 for changeToLeader
2019-07-16 14:41:45,220 INFO  impl.RaftServerImpl (ServerState.java:setLeader(263)) - dec16a74-fc21-431e-9256-34842b1582fe:group-1E062121A0E0 change Leader from null to dec16a74-fc21-431e-9256-34842b1582fe at term 1 for becomeLeader, leader elected after 5053ms
2019-07-16 14:41:45,221 INFO  server.RaftServerConfigKeys (ConfUtils.java:logGet(43)) - raft.server.staging.catchup.gap = 1000 (default)
2019-07-16 14:41:45,221 INFO  server.RaftServerConfigKeys (ConfUtils.java:logGet(43)) - raft.server.rpc.sleep.time = 25ms (default)
2019-07-16 14:41:45,221 INFO  server.RaftServerConfigKeys (ConfUtils.java:logGet(43)) - raft.server.write.element-limit = 4096 (default)
2019-07-16 14:41:45,221 INFO  server.RaftServerConfigKeys (ConfUtils.java:logGet(43)) - raft.server.watch.timeout = 10s (default)
2019-07-16 14:41:45,221 INFO  server.RaftServerConfigKeys (ConfUtils.java:logGet(43)) - raft.server.watch.timeout.denomination = 1s (default)
2019-07-16 14:41:45,222 INFO  server.RaftServerConfigKeys (ConfUtils.java:logGet(43)) - raft.server.watch.element-limit = 65536 (default)
2019-07-16 14:41:45,222 INFO  impl.RoleInfo (RoleInfo.java:updateAndGet(143)) - dec16a74-fc21-431e-9256-34842b1582fe: start LeaderState
2019-07-16 14:41:45,222 INFO  segmented.SegmentedRaftLogWorker (SegmentedRaftLogWorker.java:startLogSegment(380)) - dec16a74-fc21-431e-9256-34842b1582fe-SegmentedRaftLogWorker:Storage Directory /workdir/hadoop-ozone/integration-test/target/test-dir/MiniOzoneClusterImpl-18ed21d2-c6a0-43cf-8b50-5fae82384936/datanode-4/data/ratis/266fb071-715e-47d9-8f83-1e062121a0e0: Starting segment from index:0
2019-07-16 14:41:45,223 INFO  impl.RaftServerImpl (ServerState.java:setRaftConf(361)) - dec16a74-fc21-431e-9256-34842b1582fe:group-1E062121A0E0 set configuration 0: [dec16a74-fc21-431e-9256-34842b1582fe:192.168.5.141:39153], old=null at 0
2019-07-16 14:41:45,269 INFO  segmented.SegmentedRaftLogWorker (SegmentedRaftLogWorker.java:execute(569)) - dec16a74-fc21-431e-9256-34842b1582fe-SegmentedRaftLogWorker:Storage Directory /workdir/hadoop-ozone/integration-test/target/test-dir/MiniOzoneClusterImpl-18ed21d2-c6a0-43cf-8b50-5fae82384936/datanode-4/data/ratis/266fb071-715e-47d9-8f83-1e062121a0e0: created new log segment /workdir/hadoop-ozone/integration-test/target/test-dir/MiniOzoneClusterImpl-18ed21d2-c6a0-43cf-8b50-5fae82384936/datanode-4/data/ratis/266fb071-715e-47d9-8f83-1e062121a0e0/current/log_inprogress_0
2019-07-16 14:41:45,478 INFO  impl.FollowerState (FollowerState.java:run(106)) - 94754f30-3a33-4a30-a8f3-857ce6baa83d:group-968ED0040916 changes to CANDIDATE, lastRpcTime:5075, electionTimeout:5075ms
2019-07-16 14:41:45,478 INFO  impl.RoleInfo (RoleInfo.java:shutdownFollowerState(121)) - 94754f30-3a33-4a30-a8f3-857ce6baa83d: shutdown FollowerState
2019-07-16 14:41:45,478 INFO  impl.RaftServerImpl (RaftServerImpl.java:setRole(171)) - 94754f30-3a33-4a30-a8f3-857ce6baa83d:group-968ED0040916 changes role from FOLLOWER to CANDIDATE at term 0 for changeToCandidate
2019-07-16 14:41:45,478 INFO  impl.RoleInfo (RoleInfo.java:updateAndGet(143)) - 94754f30-3a33-4a30-a8f3-857ce6baa83d: start LeaderElection
2019-07-16 14:41:45,484 INFO  impl.FollowerState (FollowerState.java:run(106)) - 94754f30-3a33-4a30-a8f3-857ce6baa83d:group-048CDD1B8B1B changes to CANDIDATE, lastRpcTime:5128, electionTimeout:5127ms
2019-07-16 14:41:45,484 INFO  impl.RoleInfo (RoleInfo.java:shutdownFollowerState(121)) - 94754f30-3a33-4a30-a8f3-857ce6baa83d: shutdown FollowerState
2019-07-16 14:41:45,484 INFO  impl.RaftServerImpl (RaftServerImpl.java:setRole(171)) - 94754f30-3a33-4a30-a8f3-857ce6baa83d:group-048CDD1B8B1B changes role from FOLLOWER to CANDIDATE at term 0 for changeToCandidate
2019-07-16 14:41:45,484 INFO  impl.RoleInfo (RoleInfo.java:updateAndGet(143)) - 94754f30-3a33-4a30-a8f3-857ce6baa83d: start LeaderElection
2019-07-16 14:41:45,497 INFO  impl.LeaderElection (LeaderElection.java:askForVotes(181)) - 94754f30-3a33-4a30-a8f3-857ce6baa83d:group-968ED0040916:LeaderElection19: begin an election at term 1 for -1: [dec16a74-fc21-431e-9256-34842b1582fe:192.168.5.141:39153, 0458b044-f242-4a13-b025-09967ee147c2:192.168.5.141:37818, 94754f30-3a33-4a30-a8f3-857ce6baa83d:192.168.5.141:44650], old=null
2019-07-16 14:41:45,497 INFO  impl.LeaderElection (LeaderElection.java:askForVotes(181)) - 94754f30-3a33-4a30-a8f3-857ce6baa83d:group-048CDD1B8B1B:LeaderElection20: begin an election at term 1 for -1: [94754f30-3a33-4a30-a8f3-857ce6baa83d:192.168.5.141:44650], old=null
2019-07-16 14:41:45,497 INFO  impl.RoleInfo (RoleInfo.java:shutdownLeaderElection(134)) - 94754f30-3a33-4a30-a8f3-857ce6baa83d: shutdown LeaderElection
2019-07-16 14:41:45,497 INFO  impl.RaftServerImpl (RaftServerImpl.java:setRole(171)) - 94754f30-3a33-4a30-a8f3-857ce6baa83d:group-048CDD1B8B1B changes role from CANDIDATE to LEADER at term 1 for changeToLeader
2019-07-16 14:41:45,497 INFO  impl.RaftServerImpl (ServerState.java:setLeader(263)) - 94754f30-3a33-4a30-a8f3-857ce6baa83d:group-048CDD1B8B1B change Leader from null to 94754f30-3a33-4a30-a8f3-857ce6baa83d at term 1 for becomeLeader, leader elected after 5145ms
2019-07-16 14:41:45,497 INFO  server.RaftServerConfigKeys (ConfUtils.java:logGet(43)) - raft.server.staging.catchup.gap = 1000 (default)
2019-07-16 14:41:45,497 INFO  server.RaftServerConfigKeys (ConfUtils.java:logGet(43)) - raft.server.rpc.sleep.time = 25ms (default)
2019-07-16 14:41:45,498 INFO  server.RaftServerConfigKeys (ConfUtils.java:logGet(43)) - raft.server.write.element-limit = 4096 (default)
2019-07-16 14:41:45,498 INFO  server.RaftServerConfigKeys (ConfUtils.java:logGet(43)) - raft.server.watch.timeout = 10s (default)
2019-07-16 14:41:45,498 INFO  server.RaftServerConfigKeys (ConfUtils.java:logGet(43)) - raft.server.watch.timeout.denomination = 1s (default)
2019-07-16 14:41:45,498 INFO  server.RaftServerConfigKeys (ConfUtils.java:logGet(43)) - raft.server.watch.element-limit = 65536 (default)
2019-07-16 14:41:45,498 INFO  impl.RoleInfo (RoleInfo.java:updateAndGet(143)) - 94754f30-3a33-4a30-a8f3-857ce6baa83d: start LeaderState
2019-07-16 14:41:45,499 INFO  segmented.SegmentedRaftLogWorker (SegmentedRaftLogWorker.java:startLogSegment(380)) - 94754f30-3a33-4a30-a8f3-857ce6baa83d-SegmentedRaftLogWorker:Storage Directory /workdir/hadoop-ozone/integration-test/target/test-dir/MiniOzoneClusterImpl-18ed21d2-c6a0-43cf-8b50-5fae82384936/datanode-5/data/ratis/22597e28-20aa-42d8-9799-048cdd1b8b1b: Starting segment from index:0
2019-07-16 14:41:45,499 INFO  impl.RaftServerImpl (ServerState.java:setRaftConf(361)) - 94754f30-3a33-4a30-a8f3-857ce6baa83d:group-048CDD1B8B1B set configuration 0: [94754f30-3a33-4a30-a8f3-857ce6baa83d:192.168.5.141:44650], old=null at 0
2019-07-16 14:41:45,514 INFO  segmented.SegmentedRaftLogWorker (SegmentedRaftLogWorker.java:execute(569)) - 94754f30-3a33-4a30-a8f3-857ce6baa83d-SegmentedRaftLogWorker:Storage Directory /workdir/hadoop-ozone/integration-test/target/test-dir/MiniOzoneClusterImpl-18ed21d2-c6a0-43cf-8b50-5fae82384936/datanode-5/data/ratis/22597e28-20aa-42d8-9799-048cdd1b8b1b: created new log segment /workdir/hadoop-ozone/integration-test/target/test-dir/MiniOzoneClusterImpl-18ed21d2-c6a0-43cf-8b50-5fae82384936/datanode-5/data/ratis/22597e28-20aa-42d8-9799-048cdd1b8b1b/current/log_inprogress_0
2019-07-16 14:41:45,515 INFO  impl.RaftServerImpl (RaftServerImpl.java:setRole(171)) - dec16a74-fc21-431e-9256-34842b1582fe:group-968ED0040916 changes role from FOLLOWER to FOLLOWER at term 1 for recognizeCandidate:94754f30-3a33-4a30-a8f3-857ce6baa83d
2019-07-16 14:41:45,515 INFO  impl.RaftServerImpl (RaftServerImpl.java:setRole(171)) - 0458b044-f242-4a13-b025-09967ee147c2:group-968ED0040916 changes role from FOLLOWER to FOLLOWER at term 1 for recognizeCandidate:94754f30-3a33-4a30-a8f3-857ce6baa83d
2019-07-16 14:41:45,516 INFO  impl.RoleInfo (RoleInfo.java:shutdownFollowerState(121)) - dec16a74-fc21-431e-9256-34842b1582fe: shutdown FollowerState
2019-07-16 14:41:45,516 INFO  impl.RoleInfo (RoleInfo.java:shutdownFollowerState(121)) - 0458b044-f242-4a13-b025-09967ee147c2: shutdown FollowerState
2019-07-16 14:41:45,516 INFO  impl.RoleInfo (RoleInfo.java:updateAndGet(143)) - dec16a74-fc21-431e-9256-34842b1582fe: start FollowerState
2019-07-16 14:41:45,516 INFO  impl.FollowerState (FollowerState.java:run(114)) - 0458b044-f242-4a13-b025-09967ee147c2: FollowerState was interrupted: java.lang.InterruptedException: sleep interrupted
2019-07-16 14:41:45,516 INFO  impl.FollowerState (FollowerState.java:run(114)) - dec16a74-fc21-431e-9256-34842b1582fe: FollowerState was interrupted: java.lang.InterruptedException: sleep interrupted
2019-07-16 14:41:45,516 INFO  impl.RoleInfo (RoleInfo.java:updateAndGet(143)) - 0458b044-f242-4a13-b025-09967ee147c2: start FollowerState
2019-07-16 14:41:45,529 INFO  impl.LeaderElection (LeaderElection.java:logAndReturn(56)) - 94754f30-3a33-4a30-a8f3-857ce6baa83d:group-968ED0040916:LeaderElection19: Election PASSED; received 1 response(s) [94754f30-3a33-4a30-a8f3-857ce6baa83d<-0458b044-f242-4a13-b025-09967ee147c2#0:OK-t1] and 0 exception(s); 94754f30-3a33-4a30-a8f3-857ce6baa83d:t1, leader=null, voted=94754f30-3a33-4a30-a8f3-857ce6baa83d, raftlog=94754f30-3a33-4a30-a8f3-857ce6baa83d-SegmentedRaftLog:OPENED:c-1,f-1,i0, conf=-1: [dec16a74-fc21-431e-9256-34842b1582fe:192.168.5.141:39153, 0458b044-f242-4a13-b025-09967ee147c2:192.168.5.141:37818, 94754f30-3a33-4a30-a8f3-857ce6baa83d:192.168.5.141:44650], old=null
2019-07-16 14:41:45,530 INFO  impl.RoleInfo (RoleInfo.java:shutdownLeaderElection(134)) - 94754f30-3a33-4a30-a8f3-857ce6baa83d: shutdown LeaderElection
2019-07-16 14:41:45,530 INFO  impl.RaftServerImpl (RaftServerImpl.java:setRole(171)) - 94754f30-3a33-4a30-a8f3-857ce6baa83d:group-968ED0040916 changes role from CANDIDATE to LEADER at term 1 for changeToLeader
2019-07-16 14:41:45,530 INFO  impl.RaftServerImpl (ServerState.java:setLeader(263)) - 94754f30-3a33-4a30-a8f3-857ce6baa83d:group-968ED0040916 change Leader from null to 94754f30-3a33-4a30-a8f3-857ce6baa83d at term 1 for becomeLeader, leader elected after 5134ms
2019-07-16 14:41:45,530 INFO  server.RaftServerConfigKeys (ConfUtils.java:logGet(43)) - raft.server.staging.catchup.gap = 1000 (default)
2019-07-16 14:41:45,530 INFO  server.RaftServerConfigKeys (ConfUtils.java:logGet(43)) - raft.server.rpc.sleep.time = 25ms (default)
2019-07-16 14:41:45,530 INFO  server.RaftServerConfigKeys (ConfUtils.java:logGet(43)) - raft.server.write.element-limit = 4096 (default)
2019-07-16 14:41:45,531 INFO  server.RaftServerConfigKeys (ConfUtils.java:logGet(43)) - raft.server.watch.timeout = 10s (default)
2019-07-16 14:41:45,531 INFO  server.RaftServerConfigKeys (ConfUtils.java:logGet(43)) - raft.server.watch.timeout.denomination = 1s (default)
2019-07-16 14:41:45,531 INFO  server.RaftServerConfigKeys (ConfUtils.java:logGet(43)) - raft.server.watch.element-limit = 65536 (default)
2019-07-16 14:41:45,531 INFO  server.RaftServerConfigKeys (ConfUtils.java:logGet(43)) - raft.server.log.appender.snapshot.chunk.size.max = 16MB (=16777216) (default)
2019-07-16 14:41:45,532 INFO  server.RaftServerConfigKeys (ConfUtils.java:logGet(43)) - raft.server.log.appender.buffer.byte-limit = 33554432 (custom)
2019-07-16 14:41:45,532 INFO  server.RaftServerConfigKeys (ConfUtils.java:logGet(43)) - raft.server.log.appender.buffer.element-limit = 1 (custom)
2019-07-16 14:41:45,532 INFO  grpc.GrpcConfigKeys$Server (ConfUtils.java:logGet(43)) - raft.grpc.server.leader.outstanding.appends.max = 128 (default)
2019-07-16 14:41:45,532 INFO  server.RaftServerConfigKeys (ConfUtils.java:logGet(43)) - raft.server.rpc.request.timeout = 3000ms (default)
2019-07-16 14:41:45,533 INFO  server.RaftServerConfigKeys (ConfUtils.java:logGet(43)) - raft.server.log.appender.install.snapshot.enabled = false (custom)
2019-07-16 14:41:45,533 INFO  server.RaftServerConfigKeys (ConfUtils.java:logGet(43)) - raft.server.log.appender.snapshot.chunk.size.max = 16MB (=16777216) (default)
2019-07-16 14:41:45,533 INFO  server.RaftServerConfigKeys (ConfUtils.java:logGet(43)) - raft.server.log.appender.buffer.byte-limit = 33554432 (custom)
2019-07-16 14:41:45,533 INFO  server.RaftServerConfigKeys (ConfUtils.java:logGet(43)) - raft.server.log.appender.buffer.element-limit = 1 (custom)
2019-07-16 14:41:45,533 INFO  grpc.GrpcConfigKeys$Server (ConfUtils.java:logGet(43)) - raft.grpc.server.leader.outstanding.appends.max = 128 (default)
2019-07-16 14:41:45,534 INFO  server.RaftServerConfigKeys (ConfUtils.java:logGet(43)) - raft.server.rpc.request.timeout = 3000ms (default)
2019-07-16 14:41:45,534 INFO  server.RaftServerConfigKeys (ConfUtils.java:logGet(43)) - raft.server.log.appender.install.snapshot.enabled = false (custom)
2019-07-16 14:41:45,534 INFO  impl.RoleInfo (RoleInfo.java:updateAndGet(143)) - 94754f30-3a33-4a30-a8f3-857ce6baa83d: start LeaderState
2019-07-16 14:41:45,535 INFO  segmented.SegmentedRaftLogWorker (SegmentedRaftLogWorker.java:startLogSegment(380)) - 94754f30-3a33-4a30-a8f3-857ce6baa83d-SegmentedRaftLogWorker:Storage Directory /workdir/hadoop-ozone/integration-test/target/test-dir/MiniOzoneClusterImpl-18ed21d2-c6a0-43cf-8b50-5fae82384936/datanode-5/data/ratis/4cb95b74-6b7a-42c4-8a31-968ed0040916: Starting segment from index:0
2019-07-16 14:41:45,535 INFO  impl.RaftServerImpl (ServerState.java:setRaftConf(361)) - 94754f30-3a33-4a30-a8f3-857ce6baa83d:group-968ED0040916 set configuration 0: [dec16a74-fc21-431e-9256-34842b1582fe:192.168.5.141:39153, 0458b044-f242-4a13-b025-09967ee147c2:192.168.5.141:37818, 94754f30-3a33-4a30-a8f3-857ce6baa83d:192.168.5.141:44650], old=null at 0
2019-07-16 14:41:45,552 INFO  impl.RaftServerImpl (ServerState.java:setLeader(263)) - 0458b044-f242-4a13-b025-09967ee147c2:group-968ED0040916 change Leader from null to 94754f30-3a33-4a30-a8f3-857ce6baa83d at term 1 for appendEntries, leader elected after 5157ms
2019-07-16 14:41:45,552 INFO  impl.RaftServerImpl (ServerState.java:setLeader(263)) - dec16a74-fc21-431e-9256-34842b1582fe:group-968ED0040916 change Leader from null to 94754f30-3a33-4a30-a8f3-857ce6baa83d at term 1 for appendEntries, leader elected after 5157ms
2019-07-16 14:41:45,562 INFO  segmented.SegmentedRaftLogWorker (SegmentedRaftLogWorker.java:execute(569)) - 94754f30-3a33-4a30-a8f3-857ce6baa83d-SegmentedRaftLogWorker:Storage Directory /workdir/hadoop-ozone/integration-test/target/test-dir/MiniOzoneClusterImpl-18ed21d2-c6a0-43cf-8b50-5fae82384936/datanode-5/data/ratis/4cb95b74-6b7a-42c4-8a31-968ed0040916: created new log segment /workdir/hadoop-ozone/integration-test/target/test-dir/MiniOzoneClusterImpl-18ed21d2-c6a0-43cf-8b50-5fae82384936/datanode-5/data/ratis/4cb95b74-6b7a-42c4-8a31-968ed0040916/current/log_inprogress_0
2019-07-16 14:41:45,562 INFO  impl.RaftServerImpl (ServerState.java:setRaftConf(361)) - 0458b044-f242-4a13-b025-09967ee147c2:group-968ED0040916 set configuration 0: [dec16a74-fc21-431e-9256-34842b1582fe:192.168.5.141:39153, 0458b044-f242-4a13-b025-09967ee147c2:192.168.5.141:37818, 94754f30-3a33-4a30-a8f3-857ce6baa83d:192.168.5.141:44650], old=null at 0
2019-07-16 14:41:45,565 INFO  impl.RaftServerImpl (ServerState.java:setRaftConf(361)) - dec16a74-fc21-431e-9256-34842b1582fe:group-968ED0040916 set configuration 0: [dec16a74-fc21-431e-9256-34842b1582fe:192.168.5.141:39153, 0458b044-f242-4a13-b025-09967ee147c2:192.168.5.141:37818, 94754f30-3a33-4a30-a8f3-857ce6baa83d:192.168.5.141:44650], old=null at 0
2019-07-16 14:41:45,565 INFO  segmented.SegmentedRaftLogWorker (SegmentedRaftLogWorker.java:startLogSegment(380)) - 0458b044-f242-4a13-b025-09967ee147c2-SegmentedRaftLogWorker:Storage Directory /workdir/hadoop-ozone/integration-test/target/test-dir/MiniOzoneClusterImpl-18ed21d2-c6a0-43cf-8b50-5fae82384936/datanode-3/data/ratis/4cb95b74-6b7a-42c4-8a31-968ed0040916: Starting segment from index:0
2019-07-16 14:41:45,565 INFO  segmented.SegmentedRaftLogWorker (SegmentedRaftLogWorker.java:startLogSegment(380)) - dec16a74-fc21-431e-9256-34842b1582fe-SegmentedRaftLogWorker:Storage Directory /workdir/hadoop-ozone/integration-test/target/test-dir/MiniOzoneClusterImpl-18ed21d2-c6a0-43cf-8b50-5fae82384936/datanode-4/data/ratis/4cb95b74-6b7a-42c4-8a31-968ed0040916: Starting segment from index:0
2019-07-16 14:41:45,582 INFO  segmented.SegmentedRaftLogWorker (SegmentedRaftLogWorker.java:execute(569)) - dec16a74-fc21-431e-9256-34842b1582fe-SegmentedRaftLogWorker:Storage Directory /workdir/hadoop-ozone/integration-test/target/test-dir/MiniOzoneClusterImpl-18ed21d2-c6a0-43cf-8b50-5fae82384936/datanode-4/data/ratis/4cb95b74-6b7a-42c4-8a31-968ed0040916: created new log segment /workdir/hadoop-ozone/integration-test/target/test-dir/MiniOzoneClusterImpl-18ed21d2-c6a0-43cf-8b50-5fae82384936/datanode-4/data/ratis/4cb95b74-6b7a-42c4-8a31-968ed0040916/current/log_inprogress_0
2019-07-16 14:41:45,582 INFO  segmented.SegmentedRaftLogWorker (SegmentedRaftLogWorker.java:execute(569)) - 0458b044-f242-4a13-b025-09967ee147c2-SegmentedRaftLogWorker:Storage Directory /workdir/hadoop-ozone/integration-test/target/test-dir/MiniOzoneClusterImpl-18ed21d2-c6a0-43cf-8b50-5fae82384936/datanode-3/data/ratis/4cb95b74-6b7a-42c4-8a31-968ed0040916: created new log segment /workdir/hadoop-ozone/integration-test/target/test-dir/MiniOzoneClusterImpl-18ed21d2-c6a0-43cf-8b50-5fae82384936/datanode-3/data/ratis/4cb95b74-6b7a-42c4-8a31-968ed0040916/current/log_inprogress_0
2019-07-16 14:41:45,613 INFO  impl.FollowerState (FollowerState.java:run(106)) - cce6ba1e-5b6c-4475-9512-e0edc667ce35:group-08EC465B7DF8 changes to CANDIDATE, lastRpcTime:5085, electionTimeout:5085ms
2019-07-16 14:41:45,614 INFO  impl.RoleInfo (RoleInfo.java:shutdownFollowerState(121)) - cce6ba1e-5b6c-4475-9512-e0edc667ce35: shutdown FollowerState
2019-07-16 14:41:45,614 INFO  impl.RaftServerImpl (RaftServerImpl.java:setRole(171)) - cce6ba1e-5b6c-4475-9512-e0edc667ce35:group-08EC465B7DF8 changes role from FOLLOWER to CANDIDATE at term 0 for changeToCandidate
2019-07-16 14:41:45,614 INFO  impl.RoleInfo (RoleInfo.java:updateAndGet(143)) - cce6ba1e-5b6c-4475-9512-e0edc667ce35: start LeaderElection
2019-07-16 14:41:45,623 INFO  impl.LeaderElection (LeaderElection.java:askForVotes(181)) - cce6ba1e-5b6c-4475-9512-e0edc667ce35:group-08EC465B7DF8:LeaderElection21: begin an election at term 1 for -1: [cce6ba1e-5b6c-4475-9512-e0edc667ce35:192.168.5.141:45246], old=null
2019-07-16 14:41:45,623 INFO  impl.RoleInfo (RoleInfo.java:shutdownLeaderElection(134)) - cce6ba1e-5b6c-4475-9512-e0edc667ce35: shutdown LeaderElection
2019-07-16 14:41:45,624 INFO  impl.RaftServerImpl (RaftServerImpl.java:setRole(171)) - cce6ba1e-5b6c-4475-9512-e0edc667ce35:group-08EC465B7DF8 changes role from CANDIDATE to LEADER at term 1 for changeToLeader
2019-07-16 14:41:45,624 INFO  impl.RaftServerImpl (ServerState.java:setLeader(263)) - cce6ba1e-5b6c-4475-9512-e0edc667ce35:group-08EC465B7DF8 change Leader from null to cce6ba1e-5b6c-4475-9512-e0edc667ce35 at term 1 for becomeLeader, leader elected after 5105ms
2019-07-16 14:41:45,624 INFO  server.RaftServerConfigKeys (ConfUtils.java:logGet(43)) - raft.server.staging.catchup.gap = 1000 (default)
2019-07-16 14:41:45,624 INFO  server.RaftServerConfigKeys (ConfUtils.java:logGet(43)) - raft.server.rpc.sleep.time = 25ms (default)
2019-07-16 14:41:45,624 INFO  server.RaftServerConfigKeys (ConfUtils.java:logGet(43)) - raft.server.write.element-limit = 4096 (default)
2019-07-16 14:41:45,624 INFO  server.RaftServerConfigKeys (ConfUtils.java:logGet(43)) - raft.server.watch.timeout = 10s (default)
2019-07-16 14:41:45,624 INFO  server.RaftServerConfigKeys (ConfUtils.java:logGet(43)) - raft.server.watch.timeout.denomination = 1s (default)
2019-07-16 14:41:45,625 INFO  server.RaftServerConfigKeys (ConfUtils.java:logGet(43)) - raft.server.watch.element-limit = 65536 (default)
2019-07-16 14:41:45,625 INFO  impl.RoleInfo (RoleInfo.java:updateAndGet(143)) - cce6ba1e-5b6c-4475-9512-e0edc667ce35: start LeaderState
2019-07-16 14:41:45,625 INFO  segmented.SegmentedRaftLogWorker (SegmentedRaftLogWorker.java:startLogSegment(380)) - cce6ba1e-5b6c-4475-9512-e0edc667ce35-SegmentedRaftLogWorker:Storage Directory /workdir/hadoop-ozone/integration-test/target/test-dir/MiniOzoneClusterImpl-18ed21d2-c6a0-43cf-8b50-5fae82384936/datanode-6/data/ratis/dc563679-6727-473d-8f10-08ec465b7df8: Starting segment from index:0
2019-07-16 14:41:45,625 INFO  impl.RaftServerImpl (ServerState.java:setRaftConf(361)) - cce6ba1e-5b6c-4475-9512-e0edc667ce35:group-08EC465B7DF8 set configuration 0: [cce6ba1e-5b6c-4475-9512-e0edc667ce35:192.168.5.141:45246], old=null at 0
2019-07-16 14:41:45,646 INFO  segmented.SegmentedRaftLogWorker (SegmentedRaftLogWorker.java:execute(569)) - cce6ba1e-5b6c-4475-9512-e0edc667ce35-SegmentedRaftLogWorker:Storage Directory /workdir/hadoop-ozone/integration-test/target/test-dir/MiniOzoneClusterImpl-18ed21d2-c6a0-43cf-8b50-5fae82384936/datanode-6/data/ratis/dc563679-6727-473d-8f10-08ec465b7df8: created new log segment /workdir/hadoop-ozone/integration-test/target/test-dir/MiniOzoneClusterImpl-18ed21d2-c6a0-43cf-8b50-5fae82384936/datanode-6/data/ratis/dc563679-6727-473d-8f10-08ec465b7df8/current/log_inprogress_0
2019-07-16 14:41:45,660 INFO  client.GrpcClientProtocolClient (GrpcClientProtocolClient.java:onNext(255)) - client-98755F8B8828->bf49eb38-1e14-4d03-9db9-9625101d3439: receive RaftClientReply:client-98755F8B8828->bf49eb38-1e14-4d03-9db9-9625101d3439@group-73C54676DE21, cid=42, FAILED org.apache.ratis.protocol.NotLeaderException: Server bf49eb38-1e14-4d03-9db9-9625101d3439 is not the leader (e5d39b96-bb85-454a-bbd5-64dc7f1df620:192.168.5.141:37534). Request must be sent to leader., logIndex=0, commits[bf49eb38-1e14-4d03-9db9-9625101d3439:c0, 46ab59cc-945a-490d-a3d8-84bb3275b18b:c-1, e5d39b96-bb85-454a-bbd5-64dc7f1df620:c0]
2019-07-16 14:41:45,744 INFO  client.GrpcClientProtocolClient (GrpcClientProtocolClient.java:onNext(255)) - client-98755F8B8828->e5d39b96-bb85-454a-bbd5-64dc7f1df620: receive RaftClientReply:client-98755F8B8828->e5d39b96-bb85-454a-bbd5-64dc7f1df620@group-73C54676DE21, cid=42, SUCCESS, logIndex=1, commits[e5d39b96-bb85-454a-bbd5-64dc7f1df620:c2, 46ab59cc-945a-490d-a3d8-84bb3275b18b:c1, bf49eb38-1e14-4d03-9db9-9625101d3439:c1]
2019-07-16 14:41:45,881 INFO  client.GrpcClientProtocolClient (GrpcClientProtocolClient.java:onNext(255)) - client-98755F8B8828->e5d39b96-bb85-454a-bbd5-64dc7f1df620: receive RaftClientReply:client-98755F8B8828->e5d39b96-bb85-454a-bbd5-64dc7f1df620@group-73C54676DE21, cid=43, SUCCESS, logIndex=3, commits[e5d39b96-bb85-454a-bbd5-64dc7f1df620:c4, 46ab59cc-945a-490d-a3d8-84bb3275b18b:c3, bf49eb38-1e14-4d03-9db9-9625101d3439:c3]
2019-07-16 14:41:45,944 INFO  client.GrpcClientProtocolClient (GrpcClientProtocolClient.java:onNext(255)) - client-98755F8B8828->e5d39b96-bb85-454a-bbd5-64dc7f1df620: receive RaftClientReply:client-98755F8B8828->e5d39b96-bb85-454a-bbd5-64dc7f1df620@group-73C54676DE21, cid=44, SUCCESS, logIndex=5, commits[e5d39b96-bb85-454a-bbd5-64dc7f1df620:c6, 46ab59cc-945a-490d-a3d8-84bb3275b18b:c5, bf49eb38-1e14-4d03-9db9-9625101d3439:c5]
2019-07-16 14:41:45,965 INFO  client.GrpcClientProtocolClient (GrpcClientProtocolClient.java:onNext(255)) - client-98755F8B8828->e5d39b96-bb85-454a-bbd5-64dc7f1df620: receive RaftClientReply:client-98755F8B8828->e5d39b96-bb85-454a-bbd5-64dc7f1df620@group-73C54676DE21, cid=45, FAILED org.apache.ratis.protocol.StateMachineException: java.util.concurrent.CompletionException: java.lang.IllegalArgumentException, logIndex=7, commits[e5d39b96-bb85-454a-bbd5-64dc7f1df620:c7, 46ab59cc-945a-490d-a3d8-84bb3275b18b:c6, bf49eb38-1e14-4d03-9db9-9625101d3439:c6]
2019-07-16 14:41:46,008 INFO  ozone.MiniOzoneClusterImpl (MiniOzoneClusterImpl.java:shutdown(321)) - Shutting down the Mini Ozone Cluster
2019-07-16 14:41:46,009 INFO  ozone.MiniOzoneClusterImpl (MiniOzoneClusterImpl.java:stop(336)) - Stopping the Mini Ozone Cluster
2019-07-16 14:41:46,009 INFO  ozone.MiniOzoneClusterImpl (MiniOzoneClusterImpl.java:stop(338)) - Stopping the OzoneManager
2019-07-16 14:41:46,009 INFO  ipc.Server (Server.java:stop(3082)) - Stopping server on 36517
2019-07-16 14:41:46,028 INFO  ipc.Server (Server.java:run(1185)) - Stopping IPC Server listener on 36517
2019-07-16 14:41:46,031 INFO  ipc.Server (Server.java:run(1319)) - Stopping IPC Server Responder
2019-07-16 14:41:46,036 INFO  utils.BackgroundService (BackgroundService.java:shutdown(148)) - Shutting down service KeyDeletingService
2019-07-16 14:41:46,054 INFO  handler.ContextHandler (ContextHandler.java:doStop(910)) - Stopped o.e.j.w.WebAppContext@45e7bb79{/,null,UNAVAILABLE}{/ozoneManager}
2019-07-16 14:41:46,056 INFO  server.AbstractConnector (AbstractConnector.java:doStop(318)) - Stopped ServerConnector@605c7a9e{HTTP/1.1,[http/1.1]}{0.0.0.0:0}
2019-07-16 14:41:46,056 INFO  handler.ContextHandler (ContextHandler.java:doStop(910)) - Stopped o.e.j.s.ServletContextHandler@108b121f{/static,file:///workdir/hadoop-ozone/integration-test/target/test-classes/webapps/static,UNAVAILABLE}
2019-07-16 14:41:46,057 INFO  handler.ContextHandler (ContextHandler.java:doStop(910)) - Stopped o.e.j.s.ServletContextHandler@46b5f061{/logs,file:///workdir/hadoop-ozone/integration-test/target/log,UNAVAILABLE}
2019-07-16 14:41:46,059 INFO  ozone.MiniOzoneClusterImpl (MiniOzoneClusterImpl.java:stop(344)) - Stopping the StorageContainerManager
2019-07-16 14:41:46,060 INFO  server.StorageContainerManager (StorageContainerManager.java:stop(790)) - Stopping Replication Manager Service.
2019-07-16 14:41:46,060 INFO  container.ReplicationManager (ReplicationManager.java:stop(191)) - Replication Monitor Thread is not running.
2019-07-16 14:41:46,060 INFO  server.StorageContainerManager (StorageContainerManager.java:stop(797)) - Stopping Lease Manager of the command watchers
2019-07-16 14:41:46,060 INFO  server.StorageContainerManager (StorageContainerManager.java:stop(804)) - Stopping datanode service RPC server
2019-07-16 14:41:46,060 INFO  server.SCMDatanodeProtocolServer (SCMDatanodeProtocolServer.java:stop(375)) - Stopping the RPC server for DataNodes
2019-07-16 14:41:46,060 INFO  ipc.Server (Server.java:stop(3082)) - Stopping server on 42075
2019-07-16 14:41:46,063 INFO  ipc.Server (Server.java:run(1319)) - Stopping IPC Server Responder
2019-07-16 14:41:46,063 INFO  server.StorageContainerManager (StorageContainerManager.java:stop(812)) - Stopping block service RPC server
2019-07-16 14:41:46,063 INFO  ipc.Server (Server.java:run(1185)) - Stopping IPC Server listener on 42075
2019-07-16 14:41:46,064 INFO  server.SCMBlockProtocolServer (SCMBlockProtocolServer.java:stop(145)) - Stopping the RPC server for Block Protocol
2019-07-16 14:41:46,064 INFO  ipc.Server (Server.java:stop(3082)) - Stopping server on 44210
2019-07-16 14:41:46,073 INFO  ipc.Server (Server.java:run(1185)) - Stopping IPC Server listener on 44210
2019-07-16 14:41:46,073 INFO  ipc.Server (Server.java:run(1319)) - Stopping IPC Server Responder
2019-07-16 14:41:46,073 INFO  server.StorageContainerManager (StorageContainerManager.java:stop(819)) - Stopping the StorageContainerLocationProtocol RPC server
2019-07-16 14:41:46,077 INFO  server.SCMClientProtocolServer (SCMClientProtocolServer.java:stop(157)) - Stopping the RPC server for Client Protocol
2019-07-16 14:41:46,078 INFO  ipc.Server (Server.java:stop(3082)) - Stopping server on 37350
2019-07-16 14:41:46,081 INFO  ipc.Server (Server.java:run(1185)) - Stopping IPC Server listener on 37350
2019-07-16 14:41:46,081 INFO  server.StorageContainerManager (StorageContainerManager.java:stop(826)) - Stopping Storage Container Manager HTTP server.
2019-07-16 14:41:46,084 INFO  ipc.Server (Server.java:run(1319)) - Stopping IPC Server Responder
2019-07-16 14:41:46,085 INFO  handler.ContextHandler (ContextHandler.java:doStop(910)) - Stopped o.e.j.w.WebAppContext@14b95942{/,null,UNAVAILABLE}{/scm}
2019-07-16 14:41:46,086 INFO  server.AbstractConnector (AbstractConnector.java:doStop(318)) - Stopped ServerConnector@3375b118{HTTP/1.1,[http/1.1]}{0.0.0.0:0}
2019-07-16 14:41:46,086 INFO  handler.ContextHandler (ContextHandler.java:doStop(910)) - Stopped o.e.j.s.ServletContextHandler@4586a8aa{/static,file:///workdir/hadoop-ozone/integration-test/target/test-classes/webapps/static,UNAVAILABLE}
2019-07-16 14:41:46,086 INFO  handler.ContextHandler (ContextHandler.java:doStop(910)) - Stopped o.e.j.s.ServletContextHandler@1d8e9d3e{/logs,file:///workdir/hadoop-ozone/integration-test/target/log,UNAVAILABLE}
2019-07-16 14:41:46,087 INFO  server.StorageContainerManager (StorageContainerManager.java:stop(837)) - Stopping Block Manager Service.
2019-07-16 14:41:46,087 INFO  utils.BackgroundService (BackgroundService.java:shutdown(148)) - Shutting down service SCMBlockDeletingService
2019-07-16 14:41:46,088 INFO  utils.BackgroundService (BackgroundService.java:shutdown(148)) - Shutting down service SCMBlockDeletingService
2019-07-16 14:41:46,088 INFO  server.StorageContainerManager (StorageContainerManager.java:stop(859)) - Stopping SCM Event Queue.
2019-07-16 14:41:46,093 INFO  ozone.MiniOzoneClusterImpl (MiniOzoneClusterImpl.java:stop(350)) - Shutting the HddsDatanodes
2019-07-16 14:41:46,093 INFO  datanode.ObjectStoreHandler (ObjectStoreHandler.java:close(155)) - Closing ObjectStoreHandler.
2019-07-16 14:41:46,094 INFO  ozone.HddsDatanodeService (HddsDatanodeService.java:stop(452)) - Stopped plug-in org.apache.hadoop.ozone.web.OzoneHddsDatanodeService@23396fc0
2019-07-16 14:41:46,094 INFO  statemachine.DatanodeStateMachine (DatanodeStateMachine.java:lambda$startDaemon$0(350)) - Ozone container server started.
2019-07-16 14:41:46,095 INFO  ozoneimpl.OzoneContainer (OzoneContainer.java:stop(199)) - Attempting to stop container services.
2019-07-16 14:41:46,095 INFO  impl.RaftServerProxy (RaftServerProxy.java:lambda$close$4(314)) - e5d39b96-bb85-454a-bbd5-64dc7f1df620: close
2019-07-16 14:41:46,096 INFO  impl.RaftServerImpl (RaftServerImpl.java:lambda$shutdown$3(245)) - e5d39b96-bb85-454a-bbd5-64dc7f1df620: shutdown group-83936321CD8A
2019-07-16 14:41:46,096 INFO  impl.RaftServerImpl (RaftServerImpl.java:lambda$shutdown$3(245)) - e5d39b96-bb85-454a-bbd5-64dc7f1df620: shutdown group-73C54676DE21
2019-07-16 14:41:46,096 INFO  util.JmxRegister (JmxRegister.java:unregister(73)) - Successfully un-registered JMX Bean with object name Ratis:service=RaftServer,group=group-83936321CD8A,id=e5d39b96-bb85-454a-bbd5-64dc7f1df620
2019-07-16 14:41:46,096 INFO  util.JmxRegister (JmxRegister.java:unregister(73)) - Successfully un-registered JMX Bean with object name Ratis:service=RaftServer,group=group-73C54676DE21,id=e5d39b96-bb85-454a-bbd5-64dc7f1df620
2019-07-16 14:41:46,096 INFO  impl.RoleInfo (RoleInfo.java:shutdownLeaderState(104)) - e5d39b96-bb85-454a-bbd5-64dc7f1df620: shutdown LeaderState
2019-07-16 14:41:46,096 INFO  impl.RoleInfo (RoleInfo.java:shutdownLeaderState(104)) - e5d39b96-bb85-454a-bbd5-64dc7f1df620: shutdown LeaderState
2019-07-16 14:41:46,097 INFO  impl.PendingRequests (PendingRequests.java:sendNotLeaderResponses(202)) - e5d39b96-bb85-454a-bbd5-64dc7f1df620-PendingRequests: sendNotLeaderResponses
2019-07-16 14:41:46,100 WARN  server.GrpcLogAppender (GrpcLogAppender.java:mayWait(143)) - GrpcLogAppender(e5d39b96-bb85-454a-bbd5-64dc7f1df620->bf49eb38-1e14-4d03-9db9-9625101d3439): Wait interrupted by java.lang.InterruptedException
2019-07-16 14:41:46,100 INFO  impl.PendingRequests (PendingRequests.java:sendNotLeaderResponses(202)) - e5d39b96-bb85-454a-bbd5-64dc7f1df620-PendingRequests: sendNotLeaderResponses
2019-07-16 14:41:46,100 INFO  impl.StateMachineUpdater (StateMachineUpdater.java:stopAndJoin(115)) - StateMachineUpdater:e5d39b96-bb85-454a-bbd5-64dc7f1df620:group-83936321CD8A: set stopIndex = 0
2019-07-16 14:41:46,103 INFO  impl.RaftServerImpl (ServerState.java:close(394)) - e5d39b96-bb85-454a-bbd5-64dc7f1df620:group-83936321CD8A closes. The last applied log index is 0
2019-07-16 14:41:46,100 WARN  server.GrpcLogAppender (GrpcLogAppender.java:mayWait(143)) - GrpcLogAppender(e5d39b96-bb85-454a-bbd5-64dc7f1df620->46ab59cc-945a-490d-a3d8-84bb3275b18b): Wait interrupted by java.lang.InterruptedException
2019-07-16 14:41:46,104 INFO  segmented.SegmentedRaftLogWorker (SegmentedRaftLogWorker.java:run(313)) - e5d39b96-bb85-454a-bbd5-64dc7f1df620-SegmentedRaftLogWorker:Storage Directory /workdir/hadoop-ozone/integration-test/target/test-dir/MiniOzoneClusterImpl-18ed21d2-c6a0-43cf-8b50-5fae82384936/datanode-0/data/ratis/f469e86c-b763-4ddb-b891-83936321cd8a was interrupted, exiting. There are 0 tasks remaining in the queue.
2019-07-16 14:41:46,104 INFO  server.GrpcServerProtocolService (GrpcServerProtocolService.java:onCompleted(104)) - bf49eb38-1e14-4d03-9db9-9625101d3439: appendEntries completed
2019-07-16 14:41:46,104 INFO  ratis.ContainerStateMachine (ContainerStateMachine.java:takeSnapshot(248)) - group-73C54676DE21: Taking a snapshot at:(t:1, i:6) file /workdir/hadoop-ozone/integration-test/target/test-dir/MiniOzoneClusterImpl-18ed21d2-c6a0-43cf-8b50-5fae82384936/datanode-0/data/ratis/7e6265f1-fdc2-499e-b3d5-73c54676de21/sm/snapshot.1_6
2019-07-16 14:41:46,103 INFO  impl.StateMachineUpdater (StateMachineUpdater.java:stopAndJoin(115)) - StateMachineUpdater:e5d39b96-bb85-454a-bbd5-64dc7f1df620:group-73C54676DE21: set stopIndex = 8
2019-07-16 14:41:46,106 INFO  server.GrpcServerProtocolService (GrpcServerProtocolService.java:onCompleted(104)) - 46ab59cc-945a-490d-a3d8-84bb3275b18b: appendEntries completed
2019-07-16 14:41:46,106 INFO  segmented.SegmentedRaftLogWorker (SegmentedRaftLogWorker.java:close(228)) - e5d39b96-bb85-454a-bbd5-64dc7f1df620-SegmentedRaftLogWorker:Storage Directory /workdir/hadoop-ozone/integration-test/target/test-dir/MiniOzoneClusterImpl-18ed21d2-c6a0-43cf-8b50-5fae82384936/datanode-0/data/ratis/f469e86c-b763-4ddb-b891-83936321cd8a close()
2019-07-16 14:41:46,108 INFO  server.GrpcLogAppender (GrpcLogAppender.java:onCompleted(292)) - e5d39b96-bb85-454a-bbd5-64dc7f1df620->bf49eb38-1e14-4d03-9db9-9625101d3439: follower responses appendEntries COMPLETED
2019-07-16 14:41:46,108 INFO  ratis.ContainerStateMachine (ContainerStateMachine.java:takeSnapshot(256)) - group-73C54676DE21: Finished taking a snapshot at:(t:1, i:6) file:/workdir/hadoop-ozone/integration-test/target/test-dir/MiniOzoneClusterImpl-18ed21d2-c6a0-43cf-8b50-5fae82384936/datanode-0/data/ratis/7e6265f1-fdc2-499e-b3d5-73c54676de21/sm/snapshot.1_6 time:5
2019-07-16 14:41:46,113 INFO  impl.StateMachineUpdater (StateMachineUpdater.java:takeSnapshot(242)) - StateMachineUpdater:e5d39b96-bb85-454a-bbd5-64dc7f1df620:group-73C54676DE21: Took a snapshot at index 6
2019-07-16 14:41:46,113 INFO  impl.FollowerInfo (FollowerInfo.java:lambda$new$0(50)) - e5d39b96-bb85-454a-bbd5-64dc7f1df620->bf49eb38-1e14-4d03-9db9-9625101d3439: nextIndex: updateUnconditionally 9 -> 8
2019-07-16 14:41:46,113 INFO  server.GrpcLogAppender (GrpcLogAppender.java:onCompleted(292)) - e5d39b96-bb85-454a-bbd5-64dc7f1df620->46ab59cc-945a-490d-a3d8-84bb3275b18b: follower responses appendEntries COMPLETED
2019-07-16 14:41:46,113 INFO  impl.StateMachineUpdater (StateMachineUpdater.java:lambda$new$0(80)) - StateMachineUpdater:e5d39b96-bb85-454a-bbd5-64dc7f1df620:group-73C54676DE21: snapshotIndex: updateIncreasingly -1 -> 6
2019-07-16 14:41:46,115 INFO  impl.FollowerInfo (FollowerInfo.java:lambda$new$0(50)) - e5d39b96-bb85-454a-bbd5-64dc7f1df620->46ab59cc-945a-490d-a3d8-84bb3275b18b: nextIndex: updateUnconditionally 9 -> 8
2019-07-16 14:41:46,116 INFO  impl.RaftServerImpl (ServerState.java:close(394)) - e5d39b96-bb85-454a-bbd5-64dc7f1df620:group-73C54676DE21 closes. The last applied log index is 8
2019-07-16 14:41:46,116 INFO  segmented.SegmentedRaftLogWorker (SegmentedRaftLogWorker.java:run(313)) - e5d39b96-bb85-454a-bbd5-64dc7f1df620-SegmentedRaftLogWorker:Storage Directory /workdir/hadoop-ozone/integration-test/target/test-dir/MiniOzoneClusterImpl-18ed21d2-c6a0-43cf-8b50-5fae82384936/datanode-0/data/ratis/7e6265f1-fdc2-499e-b3d5-73c54676de21 was interrupted, exiting. There are 0 tasks remaining in the queue.
2019-07-16 14:41:46,117 INFO  segmented.SegmentedRaftLogWorker (SegmentedRaftLogWorker.java:close(228)) - e5d39b96-bb85-454a-bbd5-64dc7f1df620-SegmentedRaftLogWorker:Storage Directory /workdir/hadoop-ozone/integration-test/target/test-dir/MiniOzoneClusterImpl-18ed21d2-c6a0-43cf-8b50-5fae82384936/datanode-0/data/ratis/7e6265f1-fdc2-499e-b3d5-73c54676de21 close()
2019-07-16 14:41:46,120 INFO  server.GrpcService (GrpcService.java:closeImpl(155)) - e5d39b96-bb85-454a-bbd5-64dc7f1df620: shutdown server with port 37534 now
2019-07-16 14:41:46,121 INFO  server.GrpcService (GrpcService.java:closeImpl(163)) - e5d39b96-bb85-454a-bbd5-64dc7f1df620: shutdown server with port 37534 successfully
2019-07-16 14:41:46,122 WARN  fs.CachingGetSpaceUsed (CachingGetSpaceUsed.java:run(183)) - Thread Interrupted waiting to refresh disk information: sleep interrupted
2019-07-16 14:41:46,124 ERROR statemachine.EndpointStateMachine (EndpointStateMachine.java:logIfNeeded(204)) - Unable to communicate to SCM server at 0.0.0.0:42075 for past 0 seconds.
java.io.EOFException: End of File Exception between local host is: "byscane-nightly-ppzk5-1864156943/192.168.5.141"; destination host is: "0.0.0.0":42075; : java.io.EOFException; For more details see:  http://wiki.apache.org/hadoop/EOFException
	at sun.reflect.NativeConstructorAccessorImpl.newInstance0(Native Method)
	at sun.reflect.NativeConstructorAccessorImpl.newInstance(NativeConstructorAccessorImpl.java:62)
	at sun.reflect.DelegatingConstructorAccessorImpl.newInstance(DelegatingConstructorAccessorImpl.java:45)
	at java.lang.reflect.Constructor.newInstance(Constructor.java:423)
	at org.apache.hadoop.net.NetUtils.wrapWithMessage(NetUtils.java:831)
	at org.apache.hadoop.net.NetUtils.wrapException(NetUtils.java:789)
	at org.apache.hadoop.ipc.Client.getRpcResponse(Client.java:1515)
	at org.apache.hadoop.ipc.Client.call(Client.java:1457)
	at org.apache.hadoop.ipc.Client.call(Client.java:1367)
	at org.apache.hadoop.ipc.ProtobufRpcEngine$Invoker.invoke(ProtobufRpcEngine.java:228)
	at org.apache.hadoop.ipc.ProtobufRpcEngine$Invoker.invoke(ProtobufRpcEngine.java:116)
	at com.sun.proxy.$Proxy84.sendHeartbeat(Unknown Source)
	at org.apache.hadoop.ozone.protocolPB.StorageContainerDatanodeProtocolClientSideTranslatorPB.sendHeartbeat(StorageContainerDatanodeProtocolClientSideTranslatorPB.java:131)
	at org.apache.hadoop.ozone.container.common.states.endpoint.HeartbeatEndpointTask.call(HeartbeatEndpointTask.java:139)
	at org.apache.hadoop.ozone.container.common.states.endpoint.HeartbeatEndpointTask.call(HeartbeatEndpointTask.java:74)
	at java.util.concurrent.FutureTask.run(FutureTask.java:266)
	at java.util.concurrent.Executors$RunnableAdapter.call(Executors.java:511)
	at java.util.concurrent.FutureTask.run(FutureTask.java:266)
	at java.util.concurrent.ThreadPoolExecutor.runWorker(ThreadPoolExecutor.java:1149)
	at java.util.concurrent.ThreadPoolExecutor$Worker.run(ThreadPoolExecutor.java:624)
	at java.lang.Thread.run(Thread.java:748)
Caused by: java.io.EOFException
	at java.io.DataInputStream.readInt(DataInputStream.java:392)
	at org.apache.hadoop.ipc.Client$IpcStreams.readResponse(Client.java:1816)
	at org.apache.hadoop.ipc.Client$Connection.receiveRpcResponse(Client.java:1173)
	at org.apache.hadoop.ipc.Client$Connection.run(Client.java:1069)
2019-07-16 14:41:46,145 INFO  statemachine.DatanodeStateMachine (DatanodeStateMachine.java:stopDaemon(395)) - Ozone container server stopped.
2019-07-16 14:41:46,146 INFO  handler.ContextHandler (ContextHandler.java:doStop(910)) - Stopped o.e.j.w.WebAppContext@3be80ece{/,null,UNAVAILABLE}{/hddsDatanode}
2019-07-16 14:41:46,146 INFO  server.AbstractConnector (AbstractConnector.java:doStop(318)) - Stopped ServerConnector@60a01cb{HTTP/1.1,[http/1.1]}{0.0.0.0:0}
2019-07-16 14:41:46,147 INFO  handler.ContextHandler (ContextHandler.java:doStop(910)) - Stopped o.e.j.s.ServletContextHandler@4c6bba7d{/static,jar:file:/home/user/.m2/repository/org/apache/hadoop/hadoop-hdds-container-service/0.4.1-SNAPSHOT/hadoop-hdds-container-service-0.4.1-SNAPSHOT.jar!/webapps/static,UNAVAILABLE}
2019-07-16 14:41:46,147 INFO  handler.ContextHandler (ContextHandler.java:doStop(910)) - Stopped o.e.j.s.ServletContextHandler@5ab63a04{/logs,file:///workdir/hadoop-ozone/integration-test/target/log,UNAVAILABLE}
2019-07-16 14:41:46,148 INFO  datanode.ObjectStoreHandler (ObjectStoreHandler.java:close(155)) - Closing ObjectStoreHandler.
2019-07-16 14:41:46,148 INFO  ozone.HddsDatanodeService (HddsDatanodeService.java:stop(452)) - Stopped plug-in org.apache.hadoop.ozone.web.OzoneHddsDatanodeService@ff1f465
2019-07-16 14:41:46,149 INFO  statemachine.DatanodeStateMachine (DatanodeStateMachine.java:lambda$startDaemon$0(350)) - Ozone container server started.
2019-07-16 14:41:46,149 INFO  ozoneimpl.OzoneContainer (OzoneContainer.java:stop(199)) - Attempting to stop container services.
2019-07-16 14:41:46,149 INFO  impl.RaftServerProxy (RaftServerProxy.java:lambda$close$4(314)) - bf49eb38-1e14-4d03-9db9-9625101d3439: close
2019-07-16 14:41:46,150 INFO  impl.RaftServerImpl (RaftServerImpl.java:lambda$shutdown$3(245)) - bf49eb38-1e14-4d03-9db9-9625101d3439: shutdown group-73C54676DE21
2019-07-16 14:41:46,150 INFO  util.JmxRegister (JmxRegister.java:unregister(73)) - Successfully un-registered JMX Bean with object name Ratis:service=RaftServer,group=group-73C54676DE21,id=bf49eb38-1e14-4d03-9db9-9625101d3439
2019-07-16 14:41:46,150 INFO  impl.RoleInfo (RoleInfo.java:shutdownFollowerState(121)) - bf49eb38-1e14-4d03-9db9-9625101d3439: shutdown FollowerState
2019-07-16 14:41:46,150 INFO  impl.StateMachineUpdater (StateMachineUpdater.java:stopAndJoin(115)) - StateMachineUpdater:bf49eb38-1e14-4d03-9db9-9625101d3439:group-73C54676DE21: set stopIndex = 7
2019-07-16 14:41:46,151 INFO  ratis.ContainerStateMachine (ContainerStateMachine.java:takeSnapshot(248)) - group-73C54676DE21: Taking a snapshot at:(t:1, i:6) file /workdir/hadoop-ozone/integration-test/target/test-dir/MiniOzoneClusterImpl-18ed21d2-c6a0-43cf-8b50-5fae82384936/datanode-1/data/ratis/7e6265f1-fdc2-499e-b3d5-73c54676de21/sm/snapshot.1_6
2019-07-16 14:41:46,151 INFO  impl.FollowerState (FollowerState.java:run(114)) - bf49eb38-1e14-4d03-9db9-9625101d3439: FollowerState was interrupted: java.lang.InterruptedException: sleep interrupted
2019-07-16 14:41:46,152 INFO  ratis.ContainerStateMachine (ContainerStateMachine.java:takeSnapshot(256)) - group-73C54676DE21: Finished taking a snapshot at:(t:1, i:6) file:/workdir/hadoop-ozone/integration-test/target/test-dir/MiniOzoneClusterImpl-18ed21d2-c6a0-43cf-8b50-5fae82384936/datanode-1/data/ratis/7e6265f1-fdc2-499e-b3d5-73c54676de21/sm/snapshot.1_6 time:2
2019-07-16 14:41:46,152 INFO  impl.StateMachineUpdater (StateMachineUpdater.java:takeSnapshot(242)) - StateMachineUpdater:bf49eb38-1e14-4d03-9db9-9625101d3439:group-73C54676DE21: Took a snapshot at index 6
2019-07-16 14:41:46,152 INFO  impl.StateMachineUpdater (StateMachineUpdater.java:lambda$new$0(80)) - StateMachineUpdater:bf49eb38-1e14-4d03-9db9-9625101d3439:group-73C54676DE21: snapshotIndex: updateIncreasingly -1 -> 6
2019-07-16 14:41:46,153 INFO  impl.RaftServerImpl (ServerState.java:close(394)) - bf49eb38-1e14-4d03-9db9-9625101d3439:group-73C54676DE21 closes. The last applied log index is 7
2019-07-16 14:41:46,153 INFO  segmented.SegmentedRaftLogWorker (SegmentedRaftLogWorker.java:run(313)) - bf49eb38-1e14-4d03-9db9-9625101d3439-SegmentedRaftLogWorker:Storage Directory /workdir/hadoop-ozone/integration-test/target/test-dir/MiniOzoneClusterImpl-18ed21d2-c6a0-43cf-8b50-5fae82384936/datanode-1/data/ratis/7e6265f1-fdc2-499e-b3d5-73c54676de21 was interrupted, exiting. There are 0 tasks remaining in the queue.
2019-07-16 14:41:46,155 INFO  segmented.SegmentedRaftLogWorker (SegmentedRaftLogWorker.java:close(228)) - bf49eb38-1e14-4d03-9db9-9625101d3439-SegmentedRaftLogWorker:Storage Directory /workdir/hadoop-ozone/integration-test/target/test-dir/MiniOzoneClusterImpl-18ed21d2-c6a0-43cf-8b50-5fae82384936/datanode-1/data/ratis/7e6265f1-fdc2-499e-b3d5-73c54676de21 close()
2019-07-16 14:41:46,157 INFO  impl.RaftServerImpl (RaftServerImpl.java:lambda$shutdown$3(245)) - bf49eb38-1e14-4d03-9db9-9625101d3439: shutdown group-46B0B8D44782
2019-07-16 14:41:46,157 INFO  util.JmxRegister (JmxRegister.java:unregister(73)) - Successfully un-registered JMX Bean with object name Ratis:service=RaftServer,group=group-46B0B8D44782,id=bf49eb38-1e14-4d03-9db9-9625101d3439
2019-07-16 14:41:46,158 INFO  impl.RoleInfo (RoleInfo.java:shutdownLeaderState(104)) - bf49eb38-1e14-4d03-9db9-9625101d3439: shutdown LeaderState
2019-07-16 14:41:46,158 INFO  impl.PendingRequests (PendingRequests.java:sendNotLeaderResponses(202)) - bf49eb38-1e14-4d03-9db9-9625101d3439-PendingRequests: sendNotLeaderResponses
2019-07-16 14:41:46,158 INFO  impl.StateMachineUpdater (StateMachineUpdater.java:stopAndJoin(115)) - StateMachineUpdater:bf49eb38-1e14-4d03-9db9-9625101d3439:group-46B0B8D44782: set stopIndex = 0
2019-07-16 14:41:46,159 INFO  impl.RaftServerImpl (ServerState.java:close(394)) - bf49eb38-1e14-4d03-9db9-9625101d3439:group-46B0B8D44782 closes. The last applied log index is 0
2019-07-16 14:41:46,159 INFO  segmented.SegmentedRaftLogWorker (SegmentedRaftLogWorker.java:run(313)) - bf49eb38-1e14-4d03-9db9-9625101d3439-SegmentedRaftLogWorker:Storage Directory /workdir/hadoop-ozone/integration-test/target/test-dir/MiniOzoneClusterImpl-18ed21d2-c6a0-43cf-8b50-5fae82384936/datanode-1/data/ratis/bc93c73d-892f-4f17-b0cd-46b0b8d44782 was interrupted, exiting. There are 0 tasks remaining in the queue.
2019-07-16 14:41:46,160 INFO  segmented.SegmentedRaftLogWorker (SegmentedRaftLogWorker.java:close(228)) - bf49eb38-1e14-4d03-9db9-9625101d3439-SegmentedRaftLogWorker:Storage Directory /workdir/hadoop-ozone/integration-test/target/test-dir/MiniOzoneClusterImpl-18ed21d2-c6a0-43cf-8b50-5fae82384936/datanode-1/data/ratis/bc93c73d-892f-4f17-b0cd-46b0b8d44782 close()
2019-07-16 14:41:46,167 INFO  server.GrpcService (GrpcService.java:closeImpl(155)) - bf49eb38-1e14-4d03-9db9-9625101d3439: shutdown server with port 44447 now
2019-07-16 14:41:46,168 INFO  server.GrpcService (GrpcService.java:closeImpl(163)) - bf49eb38-1e14-4d03-9db9-9625101d3439: shutdown server with port 44447 successfully
2019-07-16 14:41:46,173 WARN  fs.CachingGetSpaceUsed (CachingGetSpaceUsed.java:run(183)) - Thread Interrupted waiting to refresh disk information: sleep interrupted
2019-07-16 14:41:46,186 INFO  statemachine.DatanodeStateMachine (DatanodeStateMachine.java:stopDaemon(395)) - Ozone container server stopped.
2019-07-16 14:41:46,186 INFO  handler.ContextHandler (ContextHandler.java:doStop(910)) - Stopped o.e.j.w.WebAppContext@5ee77baf{/,null,UNAVAILABLE}{/hddsDatanode}
2019-07-16 14:41:46,187 INFO  server.AbstractConnector (AbstractConnector.java:doStop(318)) - Stopped ServerConnector@485deee1{HTTP/1.1,[http/1.1]}{0.0.0.0:0}
2019-07-16 14:41:46,188 INFO  handler.ContextHandler (ContextHandler.java:doStop(910)) - Stopped o.e.j.s.ServletContextHandler@21b744ec{/static,jar:file:/home/user/.m2/repository/org/apache/hadoop/hadoop-hdds-container-service/0.4.1-SNAPSHOT/hadoop-hdds-container-service-0.4.1-SNAPSHOT.jar!/webapps/static,UNAVAILABLE}
2019-07-16 14:41:46,188 INFO  handler.ContextHandler (ContextHandler.java:doStop(910)) - Stopped o.e.j.s.ServletContextHandler@56d822dc{/logs,file:///workdir/hadoop-ozone/integration-test/target/log,UNAVAILABLE}
2019-07-16 14:41:46,189 INFO  datanode.ObjectStoreHandler (ObjectStoreHandler.java:close(155)) - Closing ObjectStoreHandler.
2019-07-16 14:41:46,189 INFO  ozone.HddsDatanodeService (HddsDatanodeService.java:stop(452)) - Stopped plug-in org.apache.hadoop.ozone.web.OzoneHddsDatanodeService@2ecdf528
2019-07-16 14:41:46,190 INFO  statemachine.DatanodeStateMachine (DatanodeStateMachine.java:lambda$startDaemon$0(350)) - Ozone container server started.
2019-07-16 14:41:46,190 INFO  ozoneimpl.OzoneContainer (OzoneContainer.java:stop(199)) - Attempting to stop container services.
2019-07-16 14:41:46,190 INFO  impl.RaftServerProxy (RaftServerProxy.java:lambda$close$4(314)) - 46ab59cc-945a-490d-a3d8-84bb3275b18b: close
2019-07-16 14:41:46,190 INFO  impl.RaftServerImpl (RaftServerImpl.java:lambda$shutdown$3(245)) - 46ab59cc-945a-490d-a3d8-84bb3275b18b: shutdown group-468D2BC71097
2019-07-16 14:41:46,190 INFO  impl.RaftServerImpl (RaftServerImpl.java:lambda$shutdown$3(245)) - 46ab59cc-945a-490d-a3d8-84bb3275b18b: shutdown group-73C54676DE21
2019-07-16 14:41:46,191 INFO  util.JmxRegister (JmxRegister.java:unregister(73)) - Successfully un-registered JMX Bean with object name Ratis:service=RaftServer,group=group-468D2BC71097,id=46ab59cc-945a-490d-a3d8-84bb3275b18b
2019-07-16 14:41:46,191 INFO  util.JmxRegister (JmxRegister.java:unregister(73)) - Successfully un-registered JMX Bean with object name Ratis:service=RaftServer,group=group-73C54676DE21,id=46ab59cc-945a-490d-a3d8-84bb3275b18b
2019-07-16 14:41:46,191 INFO  impl.RoleInfo (RoleInfo.java:shutdownLeaderState(104)) - 46ab59cc-945a-490d-a3d8-84bb3275b18b: shutdown LeaderState
2019-07-16 14:41:46,191 INFO  impl.RoleInfo (RoleInfo.java:shutdownFollowerState(121)) - 46ab59cc-945a-490d-a3d8-84bb3275b18b: shutdown FollowerState
2019-07-16 14:41:46,192 INFO  impl.PendingRequests (PendingRequests.java:sendNotLeaderResponses(202)) - 46ab59cc-945a-490d-a3d8-84bb3275b18b-PendingRequests: sendNotLeaderResponses
2019-07-16 14:41:46,192 INFO  impl.FollowerState (FollowerState.java:run(114)) - 46ab59cc-945a-490d-a3d8-84bb3275b18b: FollowerState was interrupted: java.lang.InterruptedException: sleep interrupted
2019-07-16 14:41:46,192 INFO  ratis.ContainerStateMachine (ContainerStateMachine.java:takeSnapshot(248)) - group-73C54676DE21: Taking a snapshot at:(t:1, i:6) file /workdir/hadoop-ozone/integration-test/target/test-dir/MiniOzoneClusterImpl-18ed21d2-c6a0-43cf-8b50-5fae82384936/datanode-2/data/ratis/7e6265f1-fdc2-499e-b3d5-73c54676de21/sm/snapshot.1_6
2019-07-16 14:41:46,192 INFO  impl.StateMachineUpdater (StateMachineUpdater.java:stopAndJoin(115)) - StateMachineUpdater:46ab59cc-945a-490d-a3d8-84bb3275b18b:group-73C54676DE21: set stopIndex = 7
2019-07-16 14:41:46,192 INFO  impl.StateMachineUpdater (StateMachineUpdater.java:stopAndJoin(115)) - StateMachineUpdater:46ab59cc-945a-490d-a3d8-84bb3275b18b:group-468D2BC71097: set stopIndex = 0
2019-07-16 14:41:46,194 INFO  ratis.ContainerStateMachine (ContainerStateMachine.java:takeSnapshot(256)) - group-73C54676DE21: Finished taking a snapshot at:(t:1, i:6) file:/workdir/hadoop-ozone/integration-test/target/test-dir/MiniOzoneClusterImpl-18ed21d2-c6a0-43cf-8b50-5fae82384936/datanode-2/data/ratis/7e6265f1-fdc2-499e-b3d5-73c54676de21/sm/snapshot.1_6 time:1
2019-07-16 14:41:46,194 INFO  impl.RaftServerImpl (ServerState.java:close(394)) - 46ab59cc-945a-490d-a3d8-84bb3275b18b:group-468D2BC71097 closes. The last applied log index is 0
2019-07-16 14:41:46,194 INFO  impl.StateMachineUpdater (StateMachineUpdater.java:takeSnapshot(242)) - StateMachineUpdater:46ab59cc-945a-490d-a3d8-84bb3275b18b:group-73C54676DE21: Took a snapshot at index 6
2019-07-16 14:41:46,194 INFO  segmented.SegmentedRaftLogWorker (SegmentedRaftLogWorker.java:run(313)) - 46ab59cc-945a-490d-a3d8-84bb3275b18b-SegmentedRaftLogWorker:Storage Directory /workdir/hadoop-ozone/integration-test/target/test-dir/MiniOzoneClusterImpl-18ed21d2-c6a0-43cf-8b50-5fae82384936/datanode-2/data/ratis/9e65107f-9e66-429a-9978-468d2bc71097 was interrupted, exiting. There are 0 tasks remaining in the queue.
2019-07-16 14:41:46,194 INFO  impl.StateMachineUpdater (StateMachineUpdater.java:lambda$new$0(80)) - StateMachineUpdater:46ab59cc-945a-490d-a3d8-84bb3275b18b:group-73C54676DE21: snapshotIndex: updateIncreasingly -1 -> 6
2019-07-16 14:41:46,196 INFO  segmented.SegmentedRaftLogWorker (SegmentedRaftLogWorker.java:close(228)) - 46ab59cc-945a-490d-a3d8-84bb3275b18b-SegmentedRaftLogWorker:Storage Directory /workdir/hadoop-ozone/integration-test/target/test-dir/MiniOzoneClusterImpl-18ed21d2-c6a0-43cf-8b50-5fae82384936/datanode-2/data/ratis/9e65107f-9e66-429a-9978-468d2bc71097 close()
2019-07-16 14:41:46,196 INFO  impl.RaftServerImpl (ServerState.java:close(394)) - 46ab59cc-945a-490d-a3d8-84bb3275b18b:group-73C54676DE21 closes. The last applied log index is 7
2019-07-16 14:41:46,197 INFO  segmented.SegmentedRaftLogWorker (SegmentedRaftLogWorker.java:run(313)) - 46ab59cc-945a-490d-a3d8-84bb3275b18b-SegmentedRaftLogWorker:Storage Directory /workdir/hadoop-ozone/integration-test/target/test-dir/MiniOzoneClusterImpl-18ed21d2-c6a0-43cf-8b50-5fae82384936/datanode-2/data/ratis/7e6265f1-fdc2-499e-b3d5-73c54676de21 was interrupted, exiting. There are 0 tasks remaining in the queue.
2019-07-16 14:41:46,199 INFO  segmented.SegmentedRaftLogWorker (SegmentedRaftLogWorker.java:close(228)) - 46ab59cc-945a-490d-a3d8-84bb3275b18b-SegmentedRaftLogWorker:Storage Directory /workdir/hadoop-ozone/integration-test/target/test-dir/MiniOzoneClusterImpl-18ed21d2-c6a0-43cf-8b50-5fae82384936/datanode-2/data/ratis/7e6265f1-fdc2-499e-b3d5-73c54676de21 close()
2019-07-16 14:41:46,201 INFO  server.GrpcService (GrpcService.java:closeImpl(155)) - 46ab59cc-945a-490d-a3d8-84bb3275b18b: shutdown server with port 38840 now
2019-07-16 14:41:46,201 INFO  server.GrpcService (GrpcService.java:closeImpl(163)) - 46ab59cc-945a-490d-a3d8-84bb3275b18b: shutdown server with port 38840 successfully
2019-07-16 14:41:46,202 WARN  fs.CachingGetSpaceUsed (CachingGetSpaceUsed.java:run(183)) - Thread Interrupted waiting to refresh disk information: sleep interrupted
2019-07-16 14:41:46,217 INFO  statemachine.DatanodeStateMachine (DatanodeStateMachine.java:stopDaemon(395)) - Ozone container server stopped.
2019-07-16 14:41:46,218 INFO  handler.ContextHandler (ContextHandler.java:doStop(910)) - Stopped o.e.j.w.WebAppContext@175f859e{/,null,UNAVAILABLE}{/hddsDatanode}
2019-07-16 14:41:46,219 INFO  server.AbstractConnector (AbstractConnector.java:doStop(318)) - Stopped ServerConnector@69fe7090{HTTP/1.1,[http/1.1]}{0.0.0.0:0}
2019-07-16 14:41:46,219 INFO  handler.ContextHandler (ContextHandler.java:doStop(910)) - Stopped o.e.j.s.ServletContextHandler@1f9a7684{/static,jar:file:/home/user/.m2/repository/org/apache/hadoop/hadoop-hdds-container-service/0.4.1-SNAPSHOT/hadoop-hdds-container-service-0.4.1-SNAPSHOT.jar!/webapps/static,UNAVAILABLE}
2019-07-16 14:41:46,220 INFO  handler.ContextHandler (ContextHandler.java:doStop(910)) - Stopped o.e.j.s.ServletContextHandler@31693a86{/logs,file:///workdir/hadoop-ozone/integration-test/target/log,UNAVAILABLE}
2019-07-16 14:41:46,220 INFO  datanode.ObjectStoreHandler (ObjectStoreHandler.java:close(155)) - Closing ObjectStoreHandler.
2019-07-16 14:41:46,220 INFO  ozone.HddsDatanodeService (HddsDatanodeService.java:stop(452)) - Stopped plug-in org.apache.hadoop.ozone.web.OzoneHddsDatanodeService@28519bfb
2019-07-16 14:41:46,221 INFO  statemachine.DatanodeStateMachine (DatanodeStateMachine.java:lambda$startDaemon$0(350)) - Ozone container server started.
2019-07-16 14:41:46,221 INFO  ozoneimpl.OzoneContainer (OzoneContainer.java:stop(199)) - Attempting to stop container services.
2019-07-16 14:41:46,221 INFO  impl.RaftServerProxy (RaftServerProxy.java:lambda$close$4(314)) - 0458b044-f242-4a13-b025-09967ee147c2: close
2019-07-16 14:41:46,222 INFO  impl.RaftServerImpl (RaftServerImpl.java:lambda$shutdown$3(245)) - 0458b044-f242-4a13-b025-09967ee147c2: shutdown group-DAC53C7E2926
2019-07-16 14:41:46,222 INFO  util.JmxRegister (JmxRegister.java:unregister(73)) - Successfully un-registered JMX Bean with object name Ratis:service=RaftServer,group=group-DAC53C7E2926,id=0458b044-f242-4a13-b025-09967ee147c2
2019-07-16 14:41:46,222 INFO  impl.RoleInfo (RoleInfo.java:shutdownLeaderState(104)) - 0458b044-f242-4a13-b025-09967ee147c2: shutdown LeaderState
2019-07-16 14:41:46,222 INFO  impl.PendingRequests (PendingRequests.java:sendNotLeaderResponses(202)) - 0458b044-f242-4a13-b025-09967ee147c2-PendingRequests: sendNotLeaderResponses
2019-07-16 14:41:46,222 INFO  impl.StateMachineUpdater (StateMachineUpdater.java:stopAndJoin(115)) - StateMachineUpdater:0458b044-f242-4a13-b025-09967ee147c2:group-DAC53C7E2926: set stopIndex = 0
2019-07-16 14:41:46,222 INFO  impl.RaftServerImpl (ServerState.java:close(394)) - 0458b044-f242-4a13-b025-09967ee147c2:group-DAC53C7E2926 closes. The last applied log index is 0
2019-07-16 14:41:46,223 INFO  segmented.SegmentedRaftLogWorker (SegmentedRaftLogWorker.java:run(313)) - 0458b044-f242-4a13-b025-09967ee147c2-SegmentedRaftLogWorker:Storage Directory /workdir/hadoop-ozone/integration-test/target/test-dir/MiniOzoneClusterImpl-18ed21d2-c6a0-43cf-8b50-5fae82384936/datanode-3/data/ratis/305da0ee-1e92-4c23-8433-dac53c7e2926 was interrupted, exiting. There are 0 tasks remaining in the queue.
2019-07-16 14:41:46,224 INFO  segmented.SegmentedRaftLogWorker (SegmentedRaftLogWorker.java:close(228)) - 0458b044-f242-4a13-b025-09967ee147c2-SegmentedRaftLogWorker:Storage Directory /workdir/hadoop-ozone/integration-test/target/test-dir/MiniOzoneClusterImpl-18ed21d2-c6a0-43cf-8b50-5fae82384936/datanode-3/data/ratis/305da0ee-1e92-4c23-8433-dac53c7e2926 close()
2019-07-16 14:41:46,225 INFO  impl.RaftServerImpl (RaftServerImpl.java:lambda$shutdown$3(245)) - 0458b044-f242-4a13-b025-09967ee147c2: shutdown group-968ED0040916
2019-07-16 14:41:46,226 INFO  util.JmxRegister (JmxRegister.java:unregister(73)) - Successfully un-registered JMX Bean with object name Ratis:service=RaftServer,group=group-968ED0040916,id=0458b044-f242-4a13-b025-09967ee147c2
2019-07-16 14:41:46,226 INFO  impl.RoleInfo (RoleInfo.java:shutdownFollowerState(121)) - 0458b044-f242-4a13-b025-09967ee147c2: shutdown FollowerState
2019-07-16 14:41:46,226 INFO  impl.StateMachineUpdater (StateMachineUpdater.java:stopAndJoin(115)) - StateMachineUpdater:0458b044-f242-4a13-b025-09967ee147c2:group-968ED0040916: set stopIndex = -1
2019-07-16 14:41:46,226 INFO  impl.FollowerState (FollowerState.java:run(114)) - 0458b044-f242-4a13-b025-09967ee147c2: FollowerState was interrupted: java.lang.InterruptedException: sleep interrupted
2019-07-16 14:41:46,227 INFO  impl.RaftServerImpl (ServerState.java:close(394)) - 0458b044-f242-4a13-b025-09967ee147c2:group-968ED0040916 closes. The last applied log index is -1
2019-07-16 14:41:46,228 INFO  segmented.SegmentedRaftLogWorker (SegmentedRaftLogWorker.java:run(313)) - 0458b044-f242-4a13-b025-09967ee147c2-SegmentedRaftLogWorker:Storage Directory /workdir/hadoop-ozone/integration-test/target/test-dir/MiniOzoneClusterImpl-18ed21d2-c6a0-43cf-8b50-5fae82384936/datanode-3/data/ratis/4cb95b74-6b7a-42c4-8a31-968ed0040916 was interrupted, exiting. There are 0 tasks remaining in the queue.
2019-07-16 14:41:46,229 INFO  segmented.SegmentedRaftLogWorker (SegmentedRaftLogWorker.java:close(228)) - 0458b044-f242-4a13-b025-09967ee147c2-SegmentedRaftLogWorker:Storage Directory /workdir/hadoop-ozone/integration-test/target/test-dir/MiniOzoneClusterImpl-18ed21d2-c6a0-43cf-8b50-5fae82384936/datanode-3/data/ratis/4cb95b74-6b7a-42c4-8a31-968ed0040916 close()
2019-07-16 14:41:46,230 INFO  server.GrpcService (GrpcService.java:closeImpl(155)) - 0458b044-f242-4a13-b025-09967ee147c2: shutdown server with port 37818 now
2019-07-16 14:41:46,232 WARN  server.GrpcServerProtocolService (LogUtils.java:warn(134)) - 0458b044-f242-4a13-b025-09967ee147c2: appendEntries onError: org.apache.ratis.thirdparty.io.grpc.StatusRuntimeException: CANCELLED: cancelled before receiving half close
2019-07-16 14:41:46,232 INFO  server.GrpcService (GrpcService.java:closeImpl(163)) - 0458b044-f242-4a13-b025-09967ee147c2: shutdown server with port 37818 successfully
2019-07-16 14:41:46,232 WARN  server.GrpcLogAppender (LogUtils.java:warn(134)) - 94754f30-3a33-4a30-a8f3-857ce6baa83d->0458b044-f242-4a13-b025-09967ee147c2: Failed appendEntries: org.apache.ratis.thirdparty.io.grpc.StatusRuntimeException: CANCELLED: HTTP/2 error code: CANCEL
Received Rst Stream
2019-07-16 14:41:46,234 INFO  impl.FollowerInfo (FollowerInfo.java:lambda$new$0(50)) - 94754f30-3a33-4a30-a8f3-857ce6baa83d->0458b044-f242-4a13-b025-09967ee147c2: nextIndex: updateUnconditionally 1 -> 0
2019-07-16 14:41:46,235 WARN  fs.CachingGetSpaceUsed (CachingGetSpaceUsed.java:run(183)) - Thread Interrupted waiting to refresh disk information: sleep interrupted
2019-07-16 14:41:46,253 INFO  statemachine.DatanodeStateMachine (DatanodeStateMachine.java:stopDaemon(395)) - Ozone container server stopped.
2019-07-16 14:41:46,254 INFO  handler.ContextHandler (ContextHandler.java:doStop(910)) - Stopped o.e.j.w.WebAppContext@7a0f06ad{/,null,UNAVAILABLE}{/hddsDatanode}
2019-07-16 14:41:46,255 INFO  server.AbstractConnector (AbstractConnector.java:doStop(318)) - Stopped ServerConnector@1fa9692b{HTTP/1.1,[http/1.1]}{0.0.0.0:0}
2019-07-16 14:41:46,255 INFO  handler.ContextHandler (ContextHandler.java:doStop(910)) - Stopped o.e.j.s.ServletContextHandler@43ab9ae9{/static,jar:file:/home/user/.m2/repository/org/apache/hadoop/hadoop-hdds-container-service/0.4.1-SNAPSHOT/hadoop-hdds-container-service-0.4.1-SNAPSHOT.jar!/webapps/static,UNAVAILABLE}
2019-07-16 14:41:46,255 INFO  handler.ContextHandler (ContextHandler.java:doStop(910)) - Stopped o.e.j.s.ServletContextHandler@20a47036{/logs,file:///workdir/hadoop-ozone/integration-test/target/log,UNAVAILABLE}
2019-07-16 14:41:46,256 INFO  datanode.ObjectStoreHandler (ObjectStoreHandler.java:close(155)) - Closing ObjectStoreHandler.
2019-07-16 14:41:46,257 INFO  ozone.HddsDatanodeService (HddsDatanodeService.java:stop(452)) - Stopped plug-in org.apache.hadoop.ozone.web.OzoneHddsDatanodeService@70592729
2019-07-16 14:41:46,257 INFO  statemachine.DatanodeStateMachine (DatanodeStateMachine.java:lambda$startDaemon$0(350)) - Ozone container server started.
2019-07-16 14:41:46,257 INFO  ozoneimpl.OzoneContainer (OzoneContainer.java:stop(199)) - Attempting to stop container services.
2019-07-16 14:41:46,258 INFO  impl.RaftServerProxy (RaftServerProxy.java:lambda$close$4(314)) - dec16a74-fc21-431e-9256-34842b1582fe: close
2019-07-16 14:41:46,258 INFO  impl.RaftServerImpl (RaftServerImpl.java:lambda$shutdown$3(245)) - dec16a74-fc21-431e-9256-34842b1582fe: shutdown group-1E062121A0E0
2019-07-16 14:41:46,258 INFO  util.JmxRegister (JmxRegister.java:unregister(73)) - Successfully un-registered JMX Bean with object name Ratis:service=RaftServer,group=group-1E062121A0E0,id=dec16a74-fc21-431e-9256-34842b1582fe
2019-07-16 14:41:46,258 INFO  impl.RoleInfo (RoleInfo.java:shutdownLeaderState(104)) - dec16a74-fc21-431e-9256-34842b1582fe: shutdown LeaderState
2019-07-16 14:41:46,258 INFO  impl.PendingRequests (PendingRequests.java:sendNotLeaderResponses(202)) - dec16a74-fc21-431e-9256-34842b1582fe-PendingRequests: sendNotLeaderResponses
2019-07-16 14:41:46,258 INFO  impl.StateMachineUpdater (StateMachineUpdater.java:stopAndJoin(115)) - StateMachineUpdater:dec16a74-fc21-431e-9256-34842b1582fe:group-1E062121A0E0: set stopIndex = 0
2019-07-16 14:41:46,259 INFO  impl.RaftServerImpl (ServerState.java:close(394)) - dec16a74-fc21-431e-9256-34842b1582fe:group-1E062121A0E0 closes. The last applied log index is 0
2019-07-16 14:41:46,259 INFO  segmented.SegmentedRaftLogWorker (SegmentedRaftLogWorker.java:run(313)) - dec16a74-fc21-431e-9256-34842b1582fe-SegmentedRaftLogWorker:Storage Directory /workdir/hadoop-ozone/integration-test/target/test-dir/MiniOzoneClusterImpl-18ed21d2-c6a0-43cf-8b50-5fae82384936/datanode-4/data/ratis/266fb071-715e-47d9-8f83-1e062121a0e0 was interrupted, exiting. There are 0 tasks remaining in the queue.
2019-07-16 14:41:46,260 INFO  segmented.SegmentedRaftLogWorker (SegmentedRaftLogWorker.java:close(228)) - dec16a74-fc21-431e-9256-34842b1582fe-SegmentedRaftLogWorker:Storage Directory /workdir/hadoop-ozone/integration-test/target/test-dir/MiniOzoneClusterImpl-18ed21d2-c6a0-43cf-8b50-5fae82384936/datanode-4/data/ratis/266fb071-715e-47d9-8f83-1e062121a0e0 close()
2019-07-16 14:41:46,261 INFO  impl.RaftServerImpl (RaftServerImpl.java:lambda$shutdown$3(245)) - dec16a74-fc21-431e-9256-34842b1582fe: shutdown group-968ED0040916
2019-07-16 14:41:46,261 INFO  util.JmxRegister (JmxRegister.java:unregister(73)) - Successfully un-registered JMX Bean with object name Ratis:service=RaftServer,group=group-968ED0040916,id=dec16a74-fc21-431e-9256-34842b1582fe
2019-07-16 14:41:46,261 INFO  impl.RoleInfo (RoleInfo.java:shutdownFollowerState(121)) - dec16a74-fc21-431e-9256-34842b1582fe: shutdown FollowerState
2019-07-16 14:41:46,261 INFO  impl.StateMachineUpdater (StateMachineUpdater.java:stopAndJoin(115)) - StateMachineUpdater:dec16a74-fc21-431e-9256-34842b1582fe:group-968ED0040916: set stopIndex = -1
2019-07-16 14:41:46,261 INFO  impl.FollowerState (FollowerState.java:run(114)) - dec16a74-fc21-431e-9256-34842b1582fe: FollowerState was interrupted: java.lang.InterruptedException: sleep interrupted
2019-07-16 14:41:46,261 INFO  impl.RaftServerImpl (ServerState.java:close(394)) - dec16a74-fc21-431e-9256-34842b1582fe:group-968ED0040916 closes. The last applied log index is -1
2019-07-16 14:41:46,262 INFO  segmented.SegmentedRaftLogWorker (SegmentedRaftLogWorker.java:run(313)) - dec16a74-fc21-431e-9256-34842b1582fe-SegmentedRaftLogWorker:Storage Directory /workdir/hadoop-ozone/integration-test/target/test-dir/MiniOzoneClusterImpl-18ed21d2-c6a0-43cf-8b50-5fae82384936/datanode-4/data/ratis/4cb95b74-6b7a-42c4-8a31-968ed0040916 was interrupted, exiting. There are 0 tasks remaining in the queue.
2019-07-16 14:41:46,263 INFO  segmented.SegmentedRaftLogWorker (SegmentedRaftLogWorker.java:close(228)) - dec16a74-fc21-431e-9256-34842b1582fe-SegmentedRaftLogWorker:Storage Directory /workdir/hadoop-ozone/integration-test/target/test-dir/MiniOzoneClusterImpl-18ed21d2-c6a0-43cf-8b50-5fae82384936/datanode-4/data/ratis/4cb95b74-6b7a-42c4-8a31-968ed0040916 close()
2019-07-16 14:41:46,266 INFO  server.GrpcService (GrpcService.java:closeImpl(155)) - dec16a74-fc21-431e-9256-34842b1582fe: shutdown server with port 39153 now
2019-07-16 14:41:46,267 WARN  server.GrpcServerProtocolService (LogUtils.java:warn(134)) - dec16a74-fc21-431e-9256-34842b1582fe: appendEntries onError: org.apache.ratis.thirdparty.io.grpc.StatusRuntimeException: CANCELLED: cancelled before receiving half close
2019-07-16 14:41:46,267 INFO  server.GrpcService (GrpcService.java:closeImpl(163)) - dec16a74-fc21-431e-9256-34842b1582fe: shutdown server with port 39153 successfully
2019-07-16 14:41:46,267 WARN  server.GrpcLogAppender (LogUtils.java:warn(134)) - 94754f30-3a33-4a30-a8f3-857ce6baa83d->dec16a74-fc21-431e-9256-34842b1582fe: Failed appendEntries: org.apache.ratis.thirdparty.io.grpc.StatusRuntimeException: CANCELLED: HTTP/2 error code: CANCEL
Received Rst Stream
2019-07-16 14:41:46,269 INFO  impl.FollowerInfo (FollowerInfo.java:lambda$new$0(50)) - 94754f30-3a33-4a30-a8f3-857ce6baa83d->dec16a74-fc21-431e-9256-34842b1582fe: nextIndex: updateUnconditionally 1 -> 0
2019-07-16 14:41:46,270 WARN  fs.CachingGetSpaceUsed (CachingGetSpaceUsed.java:run(183)) - Thread Interrupted waiting to refresh disk information: sleep interrupted
2019-07-16 14:41:46,286 INFO  statemachine.DatanodeStateMachine (DatanodeStateMachine.java:stopDaemon(395)) - Ozone container server stopped.
2019-07-16 14:41:46,287 INFO  handler.ContextHandler (ContextHandler.java:doStop(910)) - Stopped o.e.j.w.WebAppContext@1f6c4ae{/,null,UNAVAILABLE}{/hddsDatanode}
2019-07-16 14:41:46,288 INFO  server.AbstractConnector (AbstractConnector.java:doStop(318)) - Stopped ServerConnector@26270b77{HTTP/1.1,[http/1.1]}{0.0.0.0:0}
2019-07-16 14:41:46,288 INFO  handler.ContextHandler (ContextHandler.java:doStop(910)) - Stopped o.e.j.s.ServletContextHandler@173a5fad{/static,jar:file:/home/user/.m2/repository/org/apache/hadoop/hadoop-hdds-container-service/0.4.1-SNAPSHOT/hadoop-hdds-container-service-0.4.1-SNAPSHOT.jar!/webapps/static,UNAVAILABLE}
2019-07-16 14:41:46,289 INFO  handler.ContextHandler (ContextHandler.java:doStop(910)) - Stopped o.e.j.s.ServletContextHandler@42d174ad{/logs,file:///workdir/hadoop-ozone/integration-test/target/log,UNAVAILABLE}
2019-07-16 14:41:46,289 INFO  datanode.ObjectStoreHandler (ObjectStoreHandler.java:close(155)) - Closing ObjectStoreHandler.
2019-07-16 14:41:46,290 INFO  ozone.HddsDatanodeService (HddsDatanodeService.java:stop(452)) - Stopped plug-in org.apache.hadoop.ozone.web.OzoneHddsDatanodeService@3199a202
2019-07-16 14:41:46,290 INFO  statemachine.DatanodeStateMachine (DatanodeStateMachine.java:lambda$startDaemon$0(350)) - Ozone container server started.
2019-07-16 14:41:46,290 INFO  ozoneimpl.OzoneContainer (OzoneContainer.java:stop(199)) - Attempting to stop container services.
2019-07-16 14:41:46,291 INFO  impl.RaftServerProxy (RaftServerProxy.java:lambda$close$4(314)) - 94754f30-3a33-4a30-a8f3-857ce6baa83d: close
2019-07-16 14:41:46,291 INFO  impl.RaftServerImpl (RaftServerImpl.java:lambda$shutdown$3(245)) - 94754f30-3a33-4a30-a8f3-857ce6baa83d: shutdown group-048CDD1B8B1B
2019-07-16 14:41:46,291 INFO  impl.RaftServerImpl (RaftServerImpl.java:lambda$shutdown$3(245)) - 94754f30-3a33-4a30-a8f3-857ce6baa83d: shutdown group-968ED0040916
2019-07-16 14:41:46,291 INFO  util.JmxRegister (JmxRegister.java:unregister(73)) - Successfully un-registered JMX Bean with object name Ratis:service=RaftServer,group=group-048CDD1B8B1B,id=94754f30-3a33-4a30-a8f3-857ce6baa83d
2019-07-16 14:41:46,291 INFO  util.JmxRegister (JmxRegister.java:unregister(73)) - Successfully un-registered JMX Bean with object name Ratis:service=RaftServer,group=group-968ED0040916,id=94754f30-3a33-4a30-a8f3-857ce6baa83d
2019-07-16 14:41:46,292 INFO  impl.RoleInfo (RoleInfo.java:shutdownLeaderState(104)) - 94754f30-3a33-4a30-a8f3-857ce6baa83d: shutdown LeaderState
2019-07-16 14:41:46,292 INFO  impl.RoleInfo (RoleInfo.java:shutdownLeaderState(104)) - 94754f30-3a33-4a30-a8f3-857ce6baa83d: shutdown LeaderState
2019-07-16 14:41:46,292 INFO  impl.PendingRequests (PendingRequests.java:sendNotLeaderResponses(202)) - 94754f30-3a33-4a30-a8f3-857ce6baa83d-PendingRequests: sendNotLeaderResponses
2019-07-16 14:41:46,294 WARN  server.GrpcLogAppender (GrpcLogAppender.java:mayWait(143)) - GrpcLogAppender(94754f30-3a33-4a30-a8f3-857ce6baa83d->dec16a74-fc21-431e-9256-34842b1582fe): Wait interrupted by java.lang.InterruptedException
2019-07-16 14:41:46,294 INFO  impl.StateMachineUpdater (StateMachineUpdater.java:stopAndJoin(115)) - StateMachineUpdater:94754f30-3a33-4a30-a8f3-857ce6baa83d:group-048CDD1B8B1B: set stopIndex = 0
2019-07-16 14:41:46,294 INFO  impl.RaftServerImpl (ServerState.java:close(394)) - 94754f30-3a33-4a30-a8f3-857ce6baa83d:group-048CDD1B8B1B closes. The last applied log index is 0
2019-07-16 14:41:46,294 INFO  impl.PendingRequests (PendingRequests.java:sendNotLeaderResponses(202)) - 94754f30-3a33-4a30-a8f3-857ce6baa83d-PendingRequests: sendNotLeaderResponses
2019-07-16 14:41:46,295 INFO  segmented.SegmentedRaftLogWorker (SegmentedRaftLogWorker.java:run(313)) - 94754f30-3a33-4a30-a8f3-857ce6baa83d-SegmentedRaftLogWorker:Storage Directory /workdir/hadoop-ozone/integration-test/target/test-dir/MiniOzoneClusterImpl-18ed21d2-c6a0-43cf-8b50-5fae82384936/datanode-5/data/ratis/22597e28-20aa-42d8-9799-048cdd1b8b1b was interrupted, exiting. There are 0 tasks remaining in the queue.
2019-07-16 14:41:46,295 INFO  impl.StateMachineUpdater (StateMachineUpdater.java:stopAndJoin(115)) - StateMachineUpdater:94754f30-3a33-4a30-a8f3-857ce6baa83d:group-968ED0040916: set stopIndex = 0
2019-07-16 14:41:46,294 WARN  server.GrpcLogAppender (GrpcLogAppender.java:mayWait(143)) - GrpcLogAppender(94754f30-3a33-4a30-a8f3-857ce6baa83d->0458b044-f242-4a13-b025-09967ee147c2): Wait interrupted by java.lang.InterruptedException
2019-07-16 14:41:46,295 INFO  impl.RaftServerImpl (ServerState.java:close(394)) - 94754f30-3a33-4a30-a8f3-857ce6baa83d:group-968ED0040916 closes. The last applied log index is 0
2019-07-16 14:41:46,295 INFO  segmented.SegmentedRaftLogWorker (SegmentedRaftLogWorker.java:close(228)) - 94754f30-3a33-4a30-a8f3-857ce6baa83d-SegmentedRaftLogWorker:Storage Directory /workdir/hadoop-ozone/integration-test/target/test-dir/MiniOzoneClusterImpl-18ed21d2-c6a0-43cf-8b50-5fae82384936/datanode-5/data/ratis/22597e28-20aa-42d8-9799-048cdd1b8b1b close()
2019-07-16 14:41:46,295 INFO  segmented.SegmentedRaftLogWorker (SegmentedRaftLogWorker.java:run(313)) - 94754f30-3a33-4a30-a8f3-857ce6baa83d-SegmentedRaftLogWorker:Storage Directory /workdir/hadoop-ozone/integration-test/target/test-dir/MiniOzoneClusterImpl-18ed21d2-c6a0-43cf-8b50-5fae82384936/datanode-5/data/ratis/4cb95b74-6b7a-42c4-8a31-968ed0040916 was interrupted, exiting. There are 0 tasks remaining in the queue.
2019-07-16 14:41:46,296 INFO  segmented.SegmentedRaftLogWorker (SegmentedRaftLogWorker.java:close(228)) - 94754f30-3a33-4a30-a8f3-857ce6baa83d-SegmentedRaftLogWorker:Storage Directory /workdir/hadoop-ozone/integration-test/target/test-dir/MiniOzoneClusterImpl-18ed21d2-c6a0-43cf-8b50-5fae82384936/datanode-5/data/ratis/4cb95b74-6b7a-42c4-8a31-968ed0040916 close()
2019-07-16 14:41:46,296 INFO  server.GrpcService (GrpcService.java:closeImpl(155)) - 94754f30-3a33-4a30-a8f3-857ce6baa83d: shutdown server with port 44650 now
2019-07-16 14:41:46,298 INFO  server.GrpcService (GrpcService.java:closeImpl(163)) - 94754f30-3a33-4a30-a8f3-857ce6baa83d: shutdown server with port 44650 successfully
2019-07-16 14:41:46,301 WARN  fs.CachingGetSpaceUsed (CachingGetSpaceUsed.java:run(183)) - Thread Interrupted waiting to refresh disk information: sleep interrupted
2019-07-16 14:41:46,314 INFO  statemachine.DatanodeStateMachine (DatanodeStateMachine.java:stopDaemon(395)) - Ozone container server stopped.
2019-07-16 14:41:46,315 INFO  handler.ContextHandler (ContextHandler.java:doStop(910)) - Stopped o.e.j.w.WebAppContext@6fa3def8{/,null,UNAVAILABLE}{/hddsDatanode}
2019-07-16 14:41:46,316 INFO  server.AbstractConnector (AbstractConnector.java:doStop(318)) - Stopped ServerConnector@1c3d9e28{HTTP/1.1,[http/1.1]}{0.0.0.0:0}
2019-07-16 14:41:46,316 INFO  handler.ContextHandler (ContextHandler.java:doStop(910)) - Stopped o.e.j.s.ServletContextHandler@590dea35{/static,jar:file:/home/user/.m2/repository/org/apache/hadoop/hadoop-hdds-container-service/0.4.1-SNAPSHOT/hadoop-hdds-container-service-0.4.1-SNAPSHOT.jar!/webapps/static,UNAVAILABLE}
2019-07-16 14:41:46,316 INFO  handler.ContextHandler (ContextHandler.java:doStop(910)) - Stopped o.e.j.s.ServletContextHandler@64ed18ec{/logs,file:///workdir/hadoop-ozone/integration-test/target/log,UNAVAILABLE}
2019-07-16 14:41:46,317 INFO  datanode.ObjectStoreHandler (ObjectStoreHandler.java:close(155)) - Closing ObjectStoreHandler.
2019-07-16 14:41:46,317 INFO  ozone.HddsDatanodeService (HddsDatanodeService.java:stop(452)) - Stopped plug-in org.apache.hadoop.ozone.web.OzoneHddsDatanodeService@77476fcf
2019-07-16 14:41:46,318 INFO  statemachine.DatanodeStateMachine (DatanodeStateMachine.java:lambda$startDaemon$0(350)) - Ozone container server started.
2019-07-16 14:41:46,318 INFO  ozoneimpl.OzoneContainer (OzoneContainer.java:stop(199)) - Attempting to stop container services.
2019-07-16 14:41:46,318 INFO  impl.RaftServerProxy (RaftServerProxy.java:lambda$close$4(314)) - cce6ba1e-5b6c-4475-9512-e0edc667ce35: close
2019-07-16 14:41:46,318 INFO  impl.RaftServerImpl (RaftServerImpl.java:lambda$shutdown$3(245)) - cce6ba1e-5b6c-4475-9512-e0edc667ce35: shutdown group-08EC465B7DF8
2019-07-16 14:41:46,319 INFO  util.JmxRegister (JmxRegister.java:unregister(73)) - Successfully un-registered JMX Bean with object name Ratis:service=RaftServer,group=group-08EC465B7DF8,id=cce6ba1e-5b6c-4475-9512-e0edc667ce35
2019-07-16 14:41:46,319 INFO  impl.RoleInfo (RoleInfo.java:shutdownLeaderState(104)) - cce6ba1e-5b6c-4475-9512-e0edc667ce35: shutdown LeaderState
2019-07-16 14:41:46,319 INFO  impl.PendingRequests (PendingRequests.java:sendNotLeaderResponses(202)) - cce6ba1e-5b6c-4475-9512-e0edc667ce35-PendingRequests: sendNotLeaderResponses
2019-07-16 14:41:46,319 INFO  impl.StateMachineUpdater (StateMachineUpdater.java:stopAndJoin(115)) - StateMachineUpdater:cce6ba1e-5b6c-4475-9512-e0edc667ce35:group-08EC465B7DF8: set stopIndex = 0
2019-07-16 14:41:46,320 INFO  impl.RaftServerImpl (ServerState.java:close(394)) - cce6ba1e-5b6c-4475-9512-e0edc667ce35:group-08EC465B7DF8 closes. The last applied log index is 0
2019-07-16 14:41:46,320 INFO  segmented.SegmentedRaftLogWorker (SegmentedRaftLogWorker.java:run(313)) - cce6ba1e-5b6c-4475-9512-e0edc667ce35-SegmentedRaftLogWorker:Storage Directory /workdir/hadoop-ozone/integration-test/target/test-dir/MiniOzoneClusterImpl-18ed21d2-c6a0-43cf-8b50-5fae82384936/datanode-6/data/ratis/dc563679-6727-473d-8f10-08ec465b7df8 was interrupted, exiting. There are 0 tasks remaining in the queue.
2019-07-16 14:41:46,320 INFO  segmented.SegmentedRaftLogWorker (SegmentedRaftLogWorker.java:close(228)) - cce6ba1e-5b6c-4475-9512-e0edc667ce35-SegmentedRaftLogWorker:Storage Directory /workdir/hadoop-ozone/integration-test/target/test-dir/MiniOzoneClusterImpl-18ed21d2-c6a0-43cf-8b50-5fae82384936/datanode-6/data/ratis/dc563679-6727-473d-8f10-08ec465b7df8 close()
2019-07-16 14:41:46,320 INFO  server.GrpcService (GrpcService.java:closeImpl(155)) - cce6ba1e-5b6c-4475-9512-e0edc667ce35: shutdown server with port 45246 now
2019-07-16 14:41:46,322 INFO  server.GrpcService (GrpcService.java:closeImpl(163)) - cce6ba1e-5b6c-4475-9512-e0edc667ce35: shutdown server with port 45246 successfully
2019-07-16 14:41:46,323 WARN  fs.CachingGetSpaceUsed (CachingGetSpaceUsed.java:run(183)) - Thread Interrupted waiting to refresh disk information: sleep interrupted
2019-07-16 14:41:46,335 INFO  statemachine.DatanodeStateMachine (DatanodeStateMachine.java:stopDaemon(395)) - Ozone container server stopped.
2019-07-16 14:41:46,335 INFO  handler.ContextHandler (ContextHandler.java:doStop(910)) - Stopped o.e.j.w.WebAppContext@573870cb{/,null,UNAVAILABLE}{/hddsDatanode}
2019-07-16 14:41:46,336 INFO  server.AbstractConnector (AbstractConnector.java:doStop(318)) - Stopped ServerConnector@5b88af70{HTTP/1.1,[http/1.1]}{0.0.0.0:0}
2019-07-16 14:41:46,336 INFO  handler.ContextHandler (ContextHandler.java:doStop(910)) - Stopped o.e.j.s.ServletContextHandler@4ad8d36f{/static,jar:file:/home/user/.m2/repository/org/apache/hadoop/hadoop-hdds-container-service/0.4.1-SNAPSHOT/hadoop-hdds-container-service-0.4.1-SNAPSHOT.jar!/webapps/static,UNAVAILABLE}
2019-07-16 14:41:46,336 INFO  handler.ContextHandler (ContextHandler.java:doStop(910)) - Stopped o.e.j.s.ServletContextHandler@2f166d61{/logs,file:///workdir/hadoop-ozone/integration-test/target/log,UNAVAILABLE}
]]></system-out>
    <system-err><![CDATA[Jul 16, 2019 2:41:35 PM com.sun.jersey.server.impl.application.WebApplicationImpl _initiate
INFO: Initiating Jersey application, version 'Jersey: 1.19 02/11/2015 03:25 AM'
Jul 16, 2019 2:41:35 PM com.sun.jersey.server.impl.application.WebApplicationImpl _initiate
INFO: Initiating Jersey application, version 'Jersey: 1.19 02/11/2015 03:25 AM'
Jul 16, 2019 2:41:35 PM com.sun.jersey.server.impl.application.WebApplicationImpl _initiate
INFO: Initiating Jersey application, version 'Jersey: 1.19 02/11/2015 03:25 AM'
Jul 16, 2019 2:41:35 PM com.sun.jersey.server.impl.application.WebApplicationImpl _initiate
INFO: Initiating Jersey application, version 'Jersey: 1.19 02/11/2015 03:25 AM'
Jul 16, 2019 2:41:35 PM com.sun.jersey.server.impl.application.WebApplicationImpl _initiate
INFO: Initiating Jersey application, version 'Jersey: 1.19 02/11/2015 03:25 AM'
Jul 16, 2019 2:41:36 PM com.sun.jersey.server.impl.application.WebApplicationImpl _initiate
INFO: Initiating Jersey application, version 'Jersey: 1.19 02/11/2015 03:25 AM'
Jul 16, 2019 2:41:36 PM com.sun.jersey.server.impl.application.WebApplicationImpl _initiate
INFO: Initiating Jersey application, version 'Jersey: 1.19 02/11/2015 03:25 AM'
]]></system-err>
  </testcase>
</testsuite>