<?xml version="1.0" encoding="UTF-8"?>
<testsuite xmlns:xsi="http://www.w3.org/2001/XMLSchema-instance" xsi:noNamespaceSchemaLocation="https://maven.apache.org/surefire/maven-surefire-plugin/xsd/surefire-test-report.xsd" name="org.apache.hadoop.ozone.client.rpc.TestWatchForCommit" time="130.343" tests="6" errors="1" skipped="0" failures="2">
  <properties>
    <property name="awt.toolkit" value="sun.awt.X11.XToolkit"/>
    <property name="file.encoding.pkg" value="sun.io"/>
    <property name="java.specification.version" value="1.8"/>
    <property name="sun.cpu.isalist" value=""/>
    <property name="sun.jnu.encoding" value="UTF-8"/>
    <property name="java.class.path" value="/workdir/hadoop-ozone/integration-test/target/test-classes:/workdir/hadoop-ozone/integration-test/target/classes:/home/user/.m2/repository/org/apache/hadoop/hadoop-ozone-common/0.4.1-SNAPSHOT/hadoop-ozone-common-0.4.1-SNAPSHOT.jar:/home/user/.m2/repository/org/apache/commons/commons-compress/1.4.1/commons-compress-1.4.1.jar:/home/user/.m2/repository/org/tukaani/xz/1.0/xz-1.0.jar:/home/user/.m2/repository/org/apache/hadoop/hadoop-common/3.2.0/hadoop-common-3.2.0.jar:/home/user/.m2/repository/org/apache/hadoop/hadoop-hdfs/3.2.0/hadoop-hdfs-3.2.0.jar:/home/user/.m2/repository/org/apache/hadoop/hadoop-hdfs-client/3.2.0/hadoop-hdfs-client-3.2.0.jar:/home/user/.m2/repository/com/fasterxml/jackson/core/jackson-annotations/2.9.5/jackson-annotations-2.9.5.jar:/home/user/.m2/repository/org/apache/hadoop/hadoop-hdds-common/0.4.1-SNAPSHOT/hadoop-hdds-common-0.4.1-SNAPSHOT.jar:/home/user/.m2/repository/javax/annotation/javax.annotation-api/1.2/javax.annotation-api-1.2.jar:/home/user/.m2/repository/org/apache/ratis/ratis-server/0.4.0-2337318-SNAPSHOT/ratis-server-0.4.0-2337318-SNAPSHOT.jar:/home/user/.m2/repository/org/apache/ratis/ratis-thirdparty-misc/0.2.0/ratis-thirdparty-misc-0.2.0.jar:/home/user/.m2/repository/org/apache/ratis/ratis-proto/0.4.0-2337318-SNAPSHOT/ratis-proto-0.4.0-2337318-SNAPSHOT.jar:/home/user/.m2/repository/org/apache/ratis/ratis-common/0.4.0-2337318-SNAPSHOT/ratis-common-0.4.0-2337318-SNAPSHOT.jar:/home/user/.m2/repository/org/apache/ratis/ratis-client/0.4.0-2337318-SNAPSHOT/ratis-client-0.4.0-2337318-SNAPSHOT.jar:/home/user/.m2/repository/org/apache/ratis/ratis-metrics/0.4.0-2337318-SNAPSHOT/ratis-metrics-0.4.0-2337318-SNAPSHOT.jar:/home/user/.m2/repository/org/apache/ratis/ratis-netty/0.4.0-2337318-SNAPSHOT/ratis-netty-0.4.0-2337318-SNAPSHOT.jar:/home/user/.m2/repository/org/apache/ratis/ratis-grpc/0.4.0-2337318-SNAPSHOT/ratis-grpc-0.4.0-2337318-SNAPSHOT.jar:/home/user/.m2/repository/org/rocksdb/rocksdbjni/6.0.1/rocksdbjni-6.0.1.jar:/home/user/.m2/repository/org/apache/logging/log4j/log4j-api/2.11.0/log4j-api-2.11.0.jar:/home/user/.m2/repository/org/apache/logging/log4j/log4j-core/2.11.0/log4j-core-2.11.0.jar:/home/user/.m2/repository/com/lmax/disruptor/3.4.2/disruptor-3.4.2.jar:/home/user/.m2/repository/org/apache/commons/commons-pool2/2.6.0/commons-pool2-2.6.0.jar:/home/user/.m2/repository/org/bouncycastle/bcpkix-jdk15on/1.60/bcpkix-jdk15on-1.60.jar:/home/user/.m2/repository/commons-validator/commons-validator/1.6/commons-validator-1.6.jar:/home/user/.m2/repository/commons-digester/commons-digester/1.8.1/commons-digester-1.8.1.jar:/home/user/.m2/repository/io/jaegertracing/jaeger-client/0.33.1/jaeger-client-0.33.1.jar:/home/user/.m2/repository/io/jaegertracing/jaeger-thrift/0.33.1/jaeger-thrift-0.33.1.jar:/home/user/.m2/repository/org/apache/thrift/libthrift/0.11.0/libthrift-0.11.0.jar:/home/user/.m2/repository/com/squareup/okhttp3/okhttp/3.9.0/okhttp-3.9.0.jar:/home/user/.m2/repository/com/squareup/okio/okio/1.13.0/okio-1.13.0.jar:/home/user/.m2/repository/io/jaegertracing/jaeger-core/0.33.1/jaeger-core-0.33.1.jar:/home/user/.m2/repository/io/jaegertracing/jaeger-tracerresolver/0.33.1/jaeger-tracerresolver-0.33.1.jar:/home/user/.m2/repository/io/opentracing/contrib/opentracing-tracerresolver/0.1.5/opentracing-tracerresolver-0.1.5.jar:/home/user/.m2/repository/io/opentracing/opentracing-util/0.31.0/opentracing-util-0.31.0.jar:/home/user/.m2/repository/io/opentracing/opentracing-api/0.31.0/opentracing-api-0.31.0.jar:/home/user/.m2/repository/io/opentracing/opentracing-noop/0.31.0/opentracing-noop-0.31.0.jar:/home/user/.m2/repository/org/apache/hadoop/hadoop-hdds-server-framework/0.4.1-SNAPSHOT/hadoop-hdds-server-framework-0.4.1-SNAPSHOT.jar:/home/user/.m2/repository/org/apache/hadoop/hadoop-hdds-container-service/0.4.1-SNAPSHOT/hadoop-hdds-container-service-0.4.1-SNAPSHOT.jar:/home/user/.m2/repository/org/apache/hadoop/hadoop-hdds-client/0.4.1-SNAPSHOT/hadoop-hdds-client-0.4.1-SNAPSHOT.jar:/home/user/.m2/repository/org/apache/hadoop/hadoop-hdds-tools/0.4.1-SNAPSHOT/hadoop-hdds-tools-0.4.1-SNAPSHOT.jar:/home/user/.m2/repository/org/apache/hadoop/hadoop-hdds-server-scm/0.4.1-SNAPSHOT/hadoop-hdds-server-scm-0.4.1-SNAPSHOT.jar:/home/user/.m2/repository/org/apache/hadoop/hadoop-hdds-docs/0.4.1-SNAPSHOT/hadoop-hdds-docs-0.4.1-SNAPSHOT.jar:/home/user/.m2/repository/io/dropwizard/metrics/metrics-core/3.2.4/metrics-core-3.2.4.jar:/home/user/.m2/repository/org/hamcrest/hamcrest-all/1.3/hamcrest-all-1.3.jar:/home/user/.m2/repository/org/bouncycastle/bcprov-jdk15on/1.60/bcprov-jdk15on-1.60.jar:/home/user/.m2/repository/info/picocli/picocli/3.9.6/picocli-3.9.6.jar:/home/user/.m2/repository/com/google/protobuf/protobuf-java/2.5.0/protobuf-java-2.5.0.jar:/home/user/.m2/repository/com/google/guava/guava/11.0.2/guava-11.0.2.jar:/home/user/.m2/repository/org/apache/hadoop/hadoop-ozone-ozone-manager/0.4.1-SNAPSHOT/hadoop-ozone-ozone-manager-0.4.1-SNAPSHOT.jar:/home/user/.m2/repository/org/apache/hadoop/hadoop-minikdc/3.2.0/hadoop-minikdc-3.2.0.jar:/home/user/.m2/repository/commons-io/commons-io/2.5/commons-io-2.5.jar:/home/user/.m2/repository/org/apache/kerby/kerb-simplekdc/1.0.1/kerb-simplekdc-1.0.1.jar:/home/user/.m2/repository/org/apache/kerby/kerb-client/1.0.1/kerb-client-1.0.1.jar:/home/user/.m2/repository/org/apache/kerby/kerby-config/1.0.1/kerby-config-1.0.1.jar:/home/user/.m2/repository/org/apache/kerby/kerb-core/1.0.1/kerb-core-1.0.1.jar:/home/user/.m2/repository/org/apache/kerby/kerby-pkix/1.0.1/kerby-pkix-1.0.1.jar:/home/user/.m2/repository/org/apache/kerby/kerby-asn1/1.0.1/kerby-asn1-1.0.1.jar:/home/user/.m2/repository/org/apache/kerby/kerby-util/1.0.1/kerby-util-1.0.1.jar:/home/user/.m2/repository/org/apache/kerby/kerb-common/1.0.1/kerb-common-1.0.1.jar:/home/user/.m2/repository/org/apache/kerby/kerb-crypto/1.0.1/kerb-crypto-1.0.1.jar:/home/user/.m2/repository/org/apache/kerby/kerb-util/1.0.1/kerb-util-1.0.1.jar:/home/user/.m2/repository/org/apache/kerby/token-provider/1.0.1/token-provider-1.0.1.jar:/home/user/.m2/repository/org/apache/kerby/kerb-admin/1.0.1/kerb-admin-1.0.1.jar:/home/user/.m2/repository/org/apache/kerby/kerb-server/1.0.1/kerb-server-1.0.1.jar:/home/user/.m2/repository/org/apache/kerby/kerb-identity/1.0.1/kerb-identity-1.0.1.jar:/home/user/.m2/repository/org/apache/kerby/kerby-xdr/1.0.1/kerby-xdr-1.0.1.jar:/home/user/.m2/repository/org/slf4j/slf4j-log4j12/1.7.25/slf4j-log4j12-1.7.25.jar:/home/user/.m2/repository/org/apache/hadoop/hadoop-ozone-objectstore-service/0.4.1-SNAPSHOT/hadoop-ozone-objectstore-service-0.4.1-SNAPSHOT.jar:/home/user/.m2/repository/org/apache/hadoop/hadoop-ozone-s3gateway/0.4.1-SNAPSHOT/hadoop-ozone-s3gateway-0.4.1-SNAPSHOT.jar:/home/user/.m2/repository/org/jboss/weld/servlet/weld-servlet/2.4.7.Final/weld-servlet-2.4.7.Final.jar:/home/user/.m2/repository/org/glassfish/jersey/containers/jersey-container-servlet-core/2.27/jersey-container-servlet-core-2.27.jar:/home/user/.m2/repository/org/glassfish/hk2/external/javax.inject/2.5.0-b42/javax.inject-2.5.0-b42.jar:/home/user/.m2/repository/org/glassfish/jersey/core/jersey-common/2.27/jersey-common-2.27.jar:/home/user/.m2/repository/org/glassfish/hk2/osgi-resource-locator/1.0.1/osgi-resource-locator-1.0.1.jar:/home/user/.m2/repository/javax/ws/rs/javax.ws.rs-api/2.1/javax.ws.rs-api-2.1.jar:/home/user/.m2/repository/org/glassfish/jersey/ext/cdi/jersey-cdi1x/2.27/jersey-cdi1x-2.27.jar:/home/user/.m2/repository/org/glassfish/jersey/inject/jersey-hk2/2.27/jersey-hk2-2.27.jar:/home/user/.m2/repository/org/glassfish/hk2/hk2-locator/2.5.0-b42/hk2-locator-2.5.0-b42.jar:/home/user/.m2/repository/org/javassist/javassist/3.22.0-CR2/javassist-3.22.0-CR2.jar:/home/user/.m2/repository/org/glassfish/hk2/hk2-api/2.5.0/hk2-api-2.5.0.jar:/home/user/.m2/repository/org/glassfish/hk2/external/jakarta.inject/2.5.0/jakarta.inject-2.5.0.jar:/home/user/.m2/repository/org/glassfish/hk2/hk2-utils/2.5.0/hk2-utils-2.5.0.jar:/home/user/.m2/repository/jakarta/annotation/jakarta.annotation-api/1.3.4/jakarta.annotation-api-1.3.4.jar:/home/user/.m2/repository/org/glassfish/hk2/external/aopalliance-repackaged/2.5.0/aopalliance-repackaged-2.5.0.jar:/home/user/.m2/repository/com/fasterxml/jackson/dataformat/jackson-dataformat-xml/2.9.0/jackson-dataformat-xml-2.9.0.jar:/home/user/.m2/repository/com/fasterxml/jackson/core/jackson-core/2.9.5/jackson-core-2.9.5.jar:/home/user/.m2/repository/com/fasterxml/jackson/module/jackson-module-jaxb-annotations/2.9.5/jackson-module-jaxb-annotations-2.9.5.jar:/home/user/.m2/repository/javax/enterprise/cdi-api/1.2/cdi-api-1.2.jar:/home/user/.m2/repository/javax/el/javax.el-api/3.0.0/javax.el-api-3.0.0.jar:/home/user/.m2/repository/javax/interceptor/javax.interceptor-api/1.2/javax.interceptor-api-1.2.jar:/home/user/.m2/repository/javax/inject/javax.inject/1/javax.inject-1.jar:/home/user/.m2/repository/com/sun/xml/bind/jaxb-impl/2.3.0.1/jaxb-impl-2.3.0.1.jar:/home/user/.m2/repository/com/sun/xml/bind/jaxb-core/2.3.0.1/jaxb-core-2.3.0.1.jar:/home/user/.m2/repository/javax/xml/bind/jaxb-api/2.3.0/jaxb-api-2.3.0.jar:/home/user/.m2/repository/javax/activation/activation/1.1.1/activation-1.1.1.jar:/home/user/.m2/repository/org/apache/hadoop/hadoop-ozone-csi/0.4.1-SNAPSHOT/hadoop-ozone-csi-0.4.1-SNAPSHOT.jar:/home/user/.m2/repository/com/google/protobuf/protobuf-java-util/3.5.1/protobuf-java-util-3.5.1.jar:/home/user/.m2/repository/org/apache/hadoop/hadoop-hdds-config/0.4.1-SNAPSHOT/hadoop-hdds-config-0.4.1-SNAPSHOT.jar:/home/user/.m2/repository/io/grpc/grpc-netty/1.17.1/grpc-netty-1.17.1.jar:/home/user/.m2/repository/io/grpc/grpc-core/1.17.1/grpc-core-1.17.1.jar:/home/user/.m2/repository/io/grpc/grpc-context/1.17.1/grpc-context-1.17.1.jar:/home/user/.m2/repository/com/google/errorprone/error_prone_annotations/2.2.0/error_prone_annotations-2.2.0.jar:/home/user/.m2/repository/org/codehaus/mojo/animal-sniffer-annotations/1.17/animal-sniffer-annotations-1.17.jar:/home/user/.m2/repository/io/opencensus/opencensus-api/0.17.0/opencensus-api-0.17.0.jar:/home/user/.m2/repository/io/opencensus/opencensus-contrib-grpc-metrics/0.17.0/opencensus-contrib-grpc-metrics-0.17.0.jar:/home/user/.m2/repository/io/netty/netty-codec-http2/4.1.30.Final/netty-codec-http2-4.1.30.Final.jar:/home/user/.m2/repository/io/netty/netty-codec-http/4.1.30.Final/netty-codec-http-4.1.30.Final.jar:/home/user/.m2/repository/io/netty/netty-codec/4.1.30.Final/netty-codec-4.1.30.Final.jar:/home/user/.m2/repository/io/netty/netty-handler/4.1.30.Final/netty-handler-4.1.30.Final.jar:/home/user/.m2/repository/io/netty/netty-handler-proxy/4.1.30.Final/netty-handler-proxy-4.1.30.Final.jar:/home/user/.m2/repository/io/netty/netty-codec-socks/4.1.30.Final/netty-codec-socks-4.1.30.Final.jar:/home/user/.m2/repository/io/netty/netty-transport-native-epoll/4.1.30.Final/netty-transport-native-epoll-4.1.30.Final.jar:/home/user/.m2/repository/io/netty/netty-common/4.1.30.Final/netty-common-4.1.30.Final.jar:/home/user/.m2/repository/io/netty/netty-buffer/4.1.30.Final/netty-buffer-4.1.30.Final.jar:/home/user/.m2/repository/io/netty/netty-transport/4.1.30.Final/netty-transport-4.1.30.Final.jar:/home/user/.m2/repository/io/netty/netty-resolver/4.1.30.Final/netty-resolver-4.1.30.Final.jar:/home/user/.m2/repository/io/netty/netty-transport-native-unix-common/4.1.30.Final/netty-transport-native-unix-common-4.1.30.Final.jar:/home/user/.m2/repository/io/grpc/grpc-protobuf/1.17.1/grpc-protobuf-1.17.1.jar:/home/user/.m2/repository/com/google/api/grpc/proto-google-common-protos/1.0.0/proto-google-common-protos-1.0.0.jar:/home/user/.m2/repository/io/grpc/grpc-protobuf-lite/1.17.1/grpc-protobuf-lite-1.17.1.jar:/home/user/.m2/repository/io/grpc/grpc-stub/1.17.1/grpc-stub-1.17.1.jar:/home/user/.m2/repository/org/apache/hadoop/hadoop-ozone-recon/0.4.1-SNAPSHOT/hadoop-ozone-recon-0.4.1-SNAPSHOT.jar:/home/user/.m2/repository/org/apache/hadoop/hadoop-ozone-reconcodegen/0.4.1-SNAPSHOT/hadoop-ozone-reconcodegen-0.4.1-SNAPSHOT.jar:/home/user/.m2/repository/com/google/inject/extensions/guice-multibindings/4.0/guice-multibindings-4.0.jar:/home/user/.m2/repository/com/google/inject/guice/4.0/guice-4.0.jar:/home/user/.m2/repository/aopalliance/aopalliance/1.0/aopalliance-1.0.jar:/home/user/.m2/repository/com/google/inject/extensions/guice-servlet/4.0/guice-servlet-4.0.jar:/home/user/.m2/repository/org/glassfish/jersey/containers/jersey-container-servlet/2.27/jersey-container-servlet-2.27.jar:/home/user/.m2/repository/org/glassfish/hk2/guice-bridge/2.5.0/guice-bridge-2.5.0.jar:/home/user/.m2/repository/org/glassfish/jersey/core/jersey-server/2.27/jersey-server-2.27.jar:/home/user/.m2/repository/org/glassfish/jersey/core/jersey-client/2.27/jersey-client-2.27.jar:/home/user/.m2/repository/org/glassfish/jersey/media/jersey-media-jaxb/2.27/jersey-media-jaxb-2.27.jar:/home/user/.m2/repository/javax/validation/validation-api/1.1.0.Final/validation-api-1.1.0.Final.jar:/home/user/.m2/repository/org/glassfish/jersey/media/jersey-media-json-jackson/2.27/jersey-media-json-jackson-2.27.jar:/home/user/.m2/repository/org/glassfish/jersey/ext/jersey-entity-filtering/2.27/jersey-entity-filtering-2.27.jar:/home/user/.m2/repository/com/google/inject/extensions/guice-assistedinject/4.0/guice-assistedinject-4.0.jar:/home/user/.m2/repository/org/jooq/jooq/3.11.10/jooq-3.11.10.jar:/home/user/.m2/repository/org/jooq/jooq-meta/3.11.10/jooq-meta-3.11.10.jar:/home/user/.m2/repository/org/jooq/jooq-codegen/3.11.10/jooq-codegen-3.11.10.jar:/home/user/.m2/repository/com/jolbox/bonecp/0.8.0.RELEASE/bonecp-0.8.0.RELEASE.jar:/home/user/.m2/repository/org/xerial/sqlite-jdbc/3.25.2/sqlite-jdbc-3.25.2.jar:/home/user/.m2/repository/org/springframework/spring-jdbc/5.1.3.RELEASE/spring-jdbc-5.1.3.RELEASE.jar:/home/user/.m2/repository/org/springframework/spring-beans/5.1.3.RELEASE/spring-beans-5.1.3.RELEASE.jar:/home/user/.m2/repository/org/springframework/spring-core/5.1.3.RELEASE/spring-core-5.1.3.RELEASE.jar:/home/user/.m2/repository/org/springframework/spring-jcl/5.1.3.RELEASE/spring-jcl-5.1.3.RELEASE.jar:/home/user/.m2/repository/org/springframework/spring-tx/5.1.3.RELEASE/spring-tx-5.1.3.RELEASE.jar:/home/user/.m2/repository/org/apache/hadoop/hadoop-ozone-client/0.4.1-SNAPSHOT/hadoop-ozone-client-0.4.1-SNAPSHOT.jar:/home/user/.m2/repository/commons-lang/commons-lang/2.6/commons-lang-2.6.jar:/home/user/.m2/repository/org/apache/hadoop/hadoop-ozone-ozone-manager/0.4.1-SNAPSHOT/hadoop-ozone-ozone-manager-0.4.1-SNAPSHOT-tests.jar:/home/user/.m2/repository/junit/junit/4.11/junit-4.11.jar:/home/user/.m2/repository/org/hamcrest/hamcrest-core/1.3/hamcrest-core-1.3.jar:/home/user/.m2/repository/org/openjdk/jmh/jmh-core/1.19/jmh-core-1.19.jar:/home/user/.m2/repository/net/sf/jopt-simple/jopt-simple/4.6/jopt-simple-4.6.jar:/home/user/.m2/repository/org/apache/commons/commons-math3/3.1.1/commons-math3-3.1.1.jar:/home/user/.m2/repository/org/openjdk/jmh/jmh-generator-annprocess/1.19/jmh-generator-annprocess-1.19.jar:/home/user/.m2/repository/org/mockito/mockito-all/1.8.5/mockito-all-1.8.5.jar:/home/user/.m2/repository/org/apache/hadoop/hadoop-kms/3.2.0/hadoop-kms-3.2.0.jar:/home/user/.m2/repository/org/apache/hadoop/hadoop-auth/3.2.0/hadoop-auth-3.2.0.jar:/home/user/.m2/repository/com/nimbusds/nimbus-jose-jwt/4.41.1/nimbus-jose-jwt-4.41.1.jar:/home/user/.m2/repository/com/github/stephenc/jcip/jcip-annotations/1.0-1/jcip-annotations-1.0-1.jar:/home/user/.m2/repository/net/minidev/json-smart/2.3/json-smart-2.3.jar:/home/user/.m2/repository/net/minidev/accessors-smart/1.2/accessors-smart-1.2.jar:/home/user/.m2/repository/org/ow2/asm/asm/5.0.4/asm-5.0.4.jar:/home/user/.m2/repository/org/apache/curator/curator-framework/2.12.0/curator-framework-2.12.0.jar:/home/user/.m2/repository/com/sun/jersey/jersey-core/1.19/jersey-core-1.19.jar:/home/user/.m2/repository/javax/ws/rs/jsr311-api/1.1.1/jsr311-api-1.1.1.jar:/home/user/.m2/repository/com/sun/jersey/jersey-server/1.19/jersey-server-1.19.jar:/home/user/.m2/repository/javax/servlet/javax.servlet-api/3.1.0/javax.servlet-api-3.1.0.jar:/home/user/.m2/repository/org/eclipse/jetty/jetty-server/9.3.24.v20180605/jetty-server-9.3.24.v20180605.jar:/home/user/.m2/repository/org/eclipse/jetty/jetty-http/9.3.24.v20180605/jetty-http-9.3.24.v20180605.jar:/home/user/.m2/repository/org/eclipse/jetty/jetty-io/9.3.24.v20180605/jetty-io-9.3.24.v20180605.jar:/home/user/.m2/repository/org/eclipse/jetty/jetty-webapp/9.3.24.v20180605/jetty-webapp-9.3.24.v20180605.jar:/home/user/.m2/repository/org/eclipse/jetty/jetty-xml/9.3.24.v20180605/jetty-xml-9.3.24.v20180605.jar:/home/user/.m2/repository/log4j/log4j/1.2.17/log4j-1.2.17.jar:/home/user/.m2/repository/org/slf4j/slf4j-api/1.7.25/slf4j-api-1.7.25.jar:/home/user/.m2/repository/org/slf4j/jul-to-slf4j/1.7.25/jul-to-slf4j-1.7.25.jar:/home/user/.m2/repository/org/eclipse/jetty/jetty-util/9.3.24.v20180605/jetty-util-9.3.24.v20180605.jar:/home/user/.m2/repository/com/fasterxml/jackson/core/jackson-databind/2.9.5/jackson-databind-2.9.5.jar:/home/user/.m2/repository/org/apache/hadoop/hadoop-kms/3.2.0/hadoop-kms-3.2.0-tests.jar:/home/user/.m2/repository/org/apache/hadoop/hadoop-hdds-server-scm/0.4.1-SNAPSHOT/hadoop-hdds-server-scm-0.4.1-SNAPSHOT-tests.jar:/home/user/.m2/repository/org/apache/hadoop/hadoop-hdds-container-service/0.4.1-SNAPSHOT/hadoop-hdds-container-service-0.4.1-SNAPSHOT-tests.jar:/home/user/.m2/repository/org/yaml/snakeyaml/1.16/snakeyaml-1.16.jar:/home/user/.m2/repository/org/apache/hadoop/hadoop-common/3.2.0/hadoop-common-3.2.0-tests.jar:/home/user/.m2/repository/org/apache/hadoop/hadoop-annotations/3.2.0/hadoop-annotations-3.2.0.jar:/usr/lib/jvm/java-1.8-openjdk/jre/../lib/tools.jar:/home/user/.m2/repository/commons-cli/commons-cli/1.2/commons-cli-1.2.jar:/home/user/.m2/repository/org/apache/httpcomponents/httpclient/4.5.2/httpclient-4.5.2.jar:/home/user/.m2/repository/org/apache/httpcomponents/httpcore/4.4.4/httpcore-4.4.4.jar:/home/user/.m2/repository/commons-codec/commons-codec/1.11/commons-codec-1.11.jar:/home/user/.m2/repository/commons-net/commons-net/3.6/commons-net-3.6.jar:/home/user/.m2/repository/commons-collections/commons-collections/3.2.2/commons-collections-3.2.2.jar:/home/user/.m2/repository/org/eclipse/jetty/jetty-servlet/9.3.24.v20180605/jetty-servlet-9.3.24.v20180605.jar:/home/user/.m2/repository/org/eclipse/jetty/jetty-security/9.3.24.v20180605/jetty-security-9.3.24.v20180605.jar:/home/user/.m2/repository/javax/servlet/jsp/jsp-api/2.1/jsp-api-2.1.jar:/home/user/.m2/repository/com/sun/jersey/jersey-servlet/1.19/jersey-servlet-1.19.jar:/home/user/.m2/repository/com/sun/jersey/jersey-json/1.19/jersey-json-1.19.jar:/home/user/.m2/repository/org/codehaus/jettison/jettison/1.1/jettison-1.1.jar:/home/user/.m2/repository/org/codehaus/jackson/jackson-core-asl/1.9.13/jackson-core-asl-1.9.13.jar:/home/user/.m2/repository/org/codehaus/jackson/jackson-mapper-asl/1.9.13/jackson-mapper-asl-1.9.13.jar:/home/user/.m2/repository/org/codehaus/jackson/jackson-jaxrs/1.9.13/jackson-jaxrs-1.9.13.jar:/home/user/.m2/repository/org/codehaus/jackson/jackson-xc/1.9.13/jackson-xc-1.9.13.jar:/home/user/.m2/repository/commons-logging/commons-logging/1.1.3/commons-logging-1.1.3.jar:/home/user/.m2/repository/commons-beanutils/commons-beanutils/1.9.3/commons-beanutils-1.9.3.jar:/home/user/.m2/repository/org/apache/commons/commons-configuration2/2.1.1/commons-configuration2-2.1.1.jar:/home/user/.m2/repository/org/apache/commons/commons-lang3/3.7/commons-lang3-3.7.jar:/home/user/.m2/repository/org/apache/commons/commons-text/1.4/commons-text-1.4.jar:/home/user/.m2/repository/org/apache/avro/avro/1.7.7/avro-1.7.7.jar:/home/user/.m2/repository/com/thoughtworks/paranamer/paranamer/2.3/paranamer-2.3.jar:/home/user/.m2/repository/org/xerial/snappy/snappy-java/1.0.5/snappy-java-1.0.5.jar:/home/user/.m2/repository/com/google/re2j/re2j/1.1/re2j-1.1.jar:/home/user/.m2/repository/com/google/code/gson/gson/2.2.4/gson-2.2.4.jar:/home/user/.m2/repository/com/jcraft/jsch/0.1.54/jsch-0.1.54.jar:/home/user/.m2/repository/org/apache/curator/curator-client/2.12.0/curator-client-2.12.0.jar:/home/user/.m2/repository/org/apache/curator/curator-recipes/2.12.0/curator-recipes-2.12.0.jar:/home/user/.m2/repository/com/google/code/findbugs/jsr305/3.0.0/jsr305-3.0.0.jar:/home/user/.m2/repository/org/apache/htrace/htrace-core4/4.1.0-incubating/htrace-core4-4.1.0-incubating.jar:/home/user/.m2/repository/org/apache/zookeeper/zookeeper/3.4.13/zookeeper-3.4.13.jar:/home/user/.m2/repository/org/apache/yetus/audience-annotations/0.5.0/audience-annotations-0.5.0.jar:/home/user/.m2/repository/org/codehaus/woodstox/stax2-api/3.1.4/stax2-api-3.1.4.jar:/home/user/.m2/repository/com/fasterxml/woodstox/woodstox-core/5.0.3/woodstox-core-5.0.3.jar:/home/user/.m2/repository/dnsjava/dnsjava/2.1.7/dnsjava-2.1.7.jar:/home/user/.m2/repository/org/apache/hadoop/hadoop-hdfs/3.2.0/hadoop-hdfs-3.2.0-tests.jar:/home/user/.m2/repository/org/eclipse/jetty/jetty-util-ajax/9.3.24.v20180605/jetty-util-ajax-9.3.24.v20180605.jar:/home/user/.m2/repository/commons-daemon/commons-daemon/1.0.13/commons-daemon-1.0.13.jar:/home/user/.m2/repository/io/netty/netty/3.10.5.Final/netty-3.10.5.Final.jar:/home/user/.m2/repository/io/netty/netty-all/4.0.52.Final/netty-all-4.0.52.Final.jar:/home/user/.m2/repository/org/fusesource/leveldbjni/leveldbjni-all/1.8/leveldbjni-all-1.8.jar:"/>
    <property name="java.vm.vendor" value="IcedTea"/>
    <property name="sun.arch.data.model" value="64"/>
    <property name="test.build.dir" value="/workdir/hadoop-ozone/integration-test/target/test-dir"/>
    <property name="test.cache.data" value=""/>
    <property name="java.vendor.url" value="https://icedtea.classpath.org"/>
    <property name="user.timezone" value=""/>
    <property name="java.vm.specification.version" value="1.8"/>
    <property name="os.name" value="Linux"/>
    <property name="test.build.data" value="/workdir/hadoop-ozone/integration-test/target/test-dir"/>
    <property name="user.country" value="US"/>
    <property name="sun.java.launcher" value="SUN_STANDARD"/>
    <property name="sun.boot.library.path" value="/usr/lib/jvm/java-1.8-openjdk/jre/lib/amd64"/>
    <property name="sun.java.command" value="/workdir/hadoop-ozone/integration-test/target/surefire/surefirebooter5784807061807357700.jar /workdir/hadoop-ozone/integration-test/target/surefire 2019-07-16T14-09-51_193-jvmRun1 surefire4848367705869170365tmp surefire_382024250940502222574tmp"/>
    <property name="surefire.test.class.path" value="/workdir/hadoop-ozone/integration-test/target/test-classes:/workdir/hadoop-ozone/integration-test/target/classes:/home/user/.m2/repository/org/apache/hadoop/hadoop-ozone-common/0.4.1-SNAPSHOT/hadoop-ozone-common-0.4.1-SNAPSHOT.jar:/home/user/.m2/repository/org/apache/commons/commons-compress/1.4.1/commons-compress-1.4.1.jar:/home/user/.m2/repository/org/tukaani/xz/1.0/xz-1.0.jar:/home/user/.m2/repository/org/apache/hadoop/hadoop-common/3.2.0/hadoop-common-3.2.0.jar:/home/user/.m2/repository/org/apache/hadoop/hadoop-hdfs/3.2.0/hadoop-hdfs-3.2.0.jar:/home/user/.m2/repository/org/apache/hadoop/hadoop-hdfs-client/3.2.0/hadoop-hdfs-client-3.2.0.jar:/home/user/.m2/repository/com/fasterxml/jackson/core/jackson-annotations/2.9.5/jackson-annotations-2.9.5.jar:/home/user/.m2/repository/org/apache/hadoop/hadoop-hdds-common/0.4.1-SNAPSHOT/hadoop-hdds-common-0.4.1-SNAPSHOT.jar:/home/user/.m2/repository/javax/annotation/javax.annotation-api/1.2/javax.annotation-api-1.2.jar:/home/user/.m2/repository/org/apache/ratis/ratis-server/0.4.0-2337318-SNAPSHOT/ratis-server-0.4.0-2337318-SNAPSHOT.jar:/home/user/.m2/repository/org/apache/ratis/ratis-thirdparty-misc/0.2.0/ratis-thirdparty-misc-0.2.0.jar:/home/user/.m2/repository/org/apache/ratis/ratis-proto/0.4.0-2337318-SNAPSHOT/ratis-proto-0.4.0-2337318-SNAPSHOT.jar:/home/user/.m2/repository/org/apache/ratis/ratis-common/0.4.0-2337318-SNAPSHOT/ratis-common-0.4.0-2337318-SNAPSHOT.jar:/home/user/.m2/repository/org/apache/ratis/ratis-client/0.4.0-2337318-SNAPSHOT/ratis-client-0.4.0-2337318-SNAPSHOT.jar:/home/user/.m2/repository/org/apache/ratis/ratis-metrics/0.4.0-2337318-SNAPSHOT/ratis-metrics-0.4.0-2337318-SNAPSHOT.jar:/home/user/.m2/repository/org/apache/ratis/ratis-netty/0.4.0-2337318-SNAPSHOT/ratis-netty-0.4.0-2337318-SNAPSHOT.jar:/home/user/.m2/repository/org/apache/ratis/ratis-grpc/0.4.0-2337318-SNAPSHOT/ratis-grpc-0.4.0-2337318-SNAPSHOT.jar:/home/user/.m2/repository/org/rocksdb/rocksdbjni/6.0.1/rocksdbjni-6.0.1.jar:/home/user/.m2/repository/org/apache/logging/log4j/log4j-api/2.11.0/log4j-api-2.11.0.jar:/home/user/.m2/repository/org/apache/logging/log4j/log4j-core/2.11.0/log4j-core-2.11.0.jar:/home/user/.m2/repository/com/lmax/disruptor/3.4.2/disruptor-3.4.2.jar:/home/user/.m2/repository/org/apache/commons/commons-pool2/2.6.0/commons-pool2-2.6.0.jar:/home/user/.m2/repository/org/bouncycastle/bcpkix-jdk15on/1.60/bcpkix-jdk15on-1.60.jar:/home/user/.m2/repository/commons-validator/commons-validator/1.6/commons-validator-1.6.jar:/home/user/.m2/repository/commons-digester/commons-digester/1.8.1/commons-digester-1.8.1.jar:/home/user/.m2/repository/io/jaegertracing/jaeger-client/0.33.1/jaeger-client-0.33.1.jar:/home/user/.m2/repository/io/jaegertracing/jaeger-thrift/0.33.1/jaeger-thrift-0.33.1.jar:/home/user/.m2/repository/org/apache/thrift/libthrift/0.11.0/libthrift-0.11.0.jar:/home/user/.m2/repository/com/squareup/okhttp3/okhttp/3.9.0/okhttp-3.9.0.jar:/home/user/.m2/repository/com/squareup/okio/okio/1.13.0/okio-1.13.0.jar:/home/user/.m2/repository/io/jaegertracing/jaeger-core/0.33.1/jaeger-core-0.33.1.jar:/home/user/.m2/repository/io/jaegertracing/jaeger-tracerresolver/0.33.1/jaeger-tracerresolver-0.33.1.jar:/home/user/.m2/repository/io/opentracing/contrib/opentracing-tracerresolver/0.1.5/opentracing-tracerresolver-0.1.5.jar:/home/user/.m2/repository/io/opentracing/opentracing-util/0.31.0/opentracing-util-0.31.0.jar:/home/user/.m2/repository/io/opentracing/opentracing-api/0.31.0/opentracing-api-0.31.0.jar:/home/user/.m2/repository/io/opentracing/opentracing-noop/0.31.0/opentracing-noop-0.31.0.jar:/home/user/.m2/repository/org/apache/hadoop/hadoop-hdds-server-framework/0.4.1-SNAPSHOT/hadoop-hdds-server-framework-0.4.1-SNAPSHOT.jar:/home/user/.m2/repository/org/apache/hadoop/hadoop-hdds-container-service/0.4.1-SNAPSHOT/hadoop-hdds-container-service-0.4.1-SNAPSHOT.jar:/home/user/.m2/repository/org/apache/hadoop/hadoop-hdds-client/0.4.1-SNAPSHOT/hadoop-hdds-client-0.4.1-SNAPSHOT.jar:/home/user/.m2/repository/org/apache/hadoop/hadoop-hdds-tools/0.4.1-SNAPSHOT/hadoop-hdds-tools-0.4.1-SNAPSHOT.jar:/home/user/.m2/repository/org/apache/hadoop/hadoop-hdds-server-scm/0.4.1-SNAPSHOT/hadoop-hdds-server-scm-0.4.1-SNAPSHOT.jar:/home/user/.m2/repository/org/apache/hadoop/hadoop-hdds-docs/0.4.1-SNAPSHOT/hadoop-hdds-docs-0.4.1-SNAPSHOT.jar:/home/user/.m2/repository/io/dropwizard/metrics/metrics-core/3.2.4/metrics-core-3.2.4.jar:/home/user/.m2/repository/org/hamcrest/hamcrest-all/1.3/hamcrest-all-1.3.jar:/home/user/.m2/repository/org/bouncycastle/bcprov-jdk15on/1.60/bcprov-jdk15on-1.60.jar:/home/user/.m2/repository/info/picocli/picocli/3.9.6/picocli-3.9.6.jar:/home/user/.m2/repository/com/google/protobuf/protobuf-java/2.5.0/protobuf-java-2.5.0.jar:/home/user/.m2/repository/com/google/guava/guava/11.0.2/guava-11.0.2.jar:/home/user/.m2/repository/org/apache/hadoop/hadoop-ozone-ozone-manager/0.4.1-SNAPSHOT/hadoop-ozone-ozone-manager-0.4.1-SNAPSHOT.jar:/home/user/.m2/repository/org/apache/hadoop/hadoop-minikdc/3.2.0/hadoop-minikdc-3.2.0.jar:/home/user/.m2/repository/commons-io/commons-io/2.5/commons-io-2.5.jar:/home/user/.m2/repository/org/apache/kerby/kerb-simplekdc/1.0.1/kerb-simplekdc-1.0.1.jar:/home/user/.m2/repository/org/apache/kerby/kerb-client/1.0.1/kerb-client-1.0.1.jar:/home/user/.m2/repository/org/apache/kerby/kerby-config/1.0.1/kerby-config-1.0.1.jar:/home/user/.m2/repository/org/apache/kerby/kerb-core/1.0.1/kerb-core-1.0.1.jar:/home/user/.m2/repository/org/apache/kerby/kerby-pkix/1.0.1/kerby-pkix-1.0.1.jar:/home/user/.m2/repository/org/apache/kerby/kerby-asn1/1.0.1/kerby-asn1-1.0.1.jar:/home/user/.m2/repository/org/apache/kerby/kerby-util/1.0.1/kerby-util-1.0.1.jar:/home/user/.m2/repository/org/apache/kerby/kerb-common/1.0.1/kerb-common-1.0.1.jar:/home/user/.m2/repository/org/apache/kerby/kerb-crypto/1.0.1/kerb-crypto-1.0.1.jar:/home/user/.m2/repository/org/apache/kerby/kerb-util/1.0.1/kerb-util-1.0.1.jar:/home/user/.m2/repository/org/apache/kerby/token-provider/1.0.1/token-provider-1.0.1.jar:/home/user/.m2/repository/org/apache/kerby/kerb-admin/1.0.1/kerb-admin-1.0.1.jar:/home/user/.m2/repository/org/apache/kerby/kerb-server/1.0.1/kerb-server-1.0.1.jar:/home/user/.m2/repository/org/apache/kerby/kerb-identity/1.0.1/kerb-identity-1.0.1.jar:/home/user/.m2/repository/org/apache/kerby/kerby-xdr/1.0.1/kerby-xdr-1.0.1.jar:/home/user/.m2/repository/org/slf4j/slf4j-log4j12/1.7.25/slf4j-log4j12-1.7.25.jar:/home/user/.m2/repository/org/apache/hadoop/hadoop-ozone-objectstore-service/0.4.1-SNAPSHOT/hadoop-ozone-objectstore-service-0.4.1-SNAPSHOT.jar:/home/user/.m2/repository/org/apache/hadoop/hadoop-ozone-s3gateway/0.4.1-SNAPSHOT/hadoop-ozone-s3gateway-0.4.1-SNAPSHOT.jar:/home/user/.m2/repository/org/jboss/weld/servlet/weld-servlet/2.4.7.Final/weld-servlet-2.4.7.Final.jar:/home/user/.m2/repository/org/glassfish/jersey/containers/jersey-container-servlet-core/2.27/jersey-container-servlet-core-2.27.jar:/home/user/.m2/repository/org/glassfish/hk2/external/javax.inject/2.5.0-b42/javax.inject-2.5.0-b42.jar:/home/user/.m2/repository/org/glassfish/jersey/core/jersey-common/2.27/jersey-common-2.27.jar:/home/user/.m2/repository/org/glassfish/hk2/osgi-resource-locator/1.0.1/osgi-resource-locator-1.0.1.jar:/home/user/.m2/repository/javax/ws/rs/javax.ws.rs-api/2.1/javax.ws.rs-api-2.1.jar:/home/user/.m2/repository/org/glassfish/jersey/ext/cdi/jersey-cdi1x/2.27/jersey-cdi1x-2.27.jar:/home/user/.m2/repository/org/glassfish/jersey/inject/jersey-hk2/2.27/jersey-hk2-2.27.jar:/home/user/.m2/repository/org/glassfish/hk2/hk2-locator/2.5.0-b42/hk2-locator-2.5.0-b42.jar:/home/user/.m2/repository/org/javassist/javassist/3.22.0-CR2/javassist-3.22.0-CR2.jar:/home/user/.m2/repository/org/glassfish/hk2/hk2-api/2.5.0/hk2-api-2.5.0.jar:/home/user/.m2/repository/org/glassfish/hk2/external/jakarta.inject/2.5.0/jakarta.inject-2.5.0.jar:/home/user/.m2/repository/org/glassfish/hk2/hk2-utils/2.5.0/hk2-utils-2.5.0.jar:/home/user/.m2/repository/jakarta/annotation/jakarta.annotation-api/1.3.4/jakarta.annotation-api-1.3.4.jar:/home/user/.m2/repository/org/glassfish/hk2/external/aopalliance-repackaged/2.5.0/aopalliance-repackaged-2.5.0.jar:/home/user/.m2/repository/com/fasterxml/jackson/dataformat/jackson-dataformat-xml/2.9.0/jackson-dataformat-xml-2.9.0.jar:/home/user/.m2/repository/com/fasterxml/jackson/core/jackson-core/2.9.5/jackson-core-2.9.5.jar:/home/user/.m2/repository/com/fasterxml/jackson/module/jackson-module-jaxb-annotations/2.9.5/jackson-module-jaxb-annotations-2.9.5.jar:/home/user/.m2/repository/javax/enterprise/cdi-api/1.2/cdi-api-1.2.jar:/home/user/.m2/repository/javax/el/javax.el-api/3.0.0/javax.el-api-3.0.0.jar:/home/user/.m2/repository/javax/interceptor/javax.interceptor-api/1.2/javax.interceptor-api-1.2.jar:/home/user/.m2/repository/javax/inject/javax.inject/1/javax.inject-1.jar:/home/user/.m2/repository/com/sun/xml/bind/jaxb-impl/2.3.0.1/jaxb-impl-2.3.0.1.jar:/home/user/.m2/repository/com/sun/xml/bind/jaxb-core/2.3.0.1/jaxb-core-2.3.0.1.jar:/home/user/.m2/repository/javax/xml/bind/jaxb-api/2.3.0/jaxb-api-2.3.0.jar:/home/user/.m2/repository/javax/activation/activation/1.1.1/activation-1.1.1.jar:/home/user/.m2/repository/org/apache/hadoop/hadoop-ozone-csi/0.4.1-SNAPSHOT/hadoop-ozone-csi-0.4.1-SNAPSHOT.jar:/home/user/.m2/repository/com/google/protobuf/protobuf-java-util/3.5.1/protobuf-java-util-3.5.1.jar:/home/user/.m2/repository/org/apache/hadoop/hadoop-hdds-config/0.4.1-SNAPSHOT/hadoop-hdds-config-0.4.1-SNAPSHOT.jar:/home/user/.m2/repository/io/grpc/grpc-netty/1.17.1/grpc-netty-1.17.1.jar:/home/user/.m2/repository/io/grpc/grpc-core/1.17.1/grpc-core-1.17.1.jar:/home/user/.m2/repository/io/grpc/grpc-context/1.17.1/grpc-context-1.17.1.jar:/home/user/.m2/repository/com/google/errorprone/error_prone_annotations/2.2.0/error_prone_annotations-2.2.0.jar:/home/user/.m2/repository/org/codehaus/mojo/animal-sniffer-annotations/1.17/animal-sniffer-annotations-1.17.jar:/home/user/.m2/repository/io/opencensus/opencensus-api/0.17.0/opencensus-api-0.17.0.jar:/home/user/.m2/repository/io/opencensus/opencensus-contrib-grpc-metrics/0.17.0/opencensus-contrib-grpc-metrics-0.17.0.jar:/home/user/.m2/repository/io/netty/netty-codec-http2/4.1.30.Final/netty-codec-http2-4.1.30.Final.jar:/home/user/.m2/repository/io/netty/netty-codec-http/4.1.30.Final/netty-codec-http-4.1.30.Final.jar:/home/user/.m2/repository/io/netty/netty-codec/4.1.30.Final/netty-codec-4.1.30.Final.jar:/home/user/.m2/repository/io/netty/netty-handler/4.1.30.Final/netty-handler-4.1.30.Final.jar:/home/user/.m2/repository/io/netty/netty-handler-proxy/4.1.30.Final/netty-handler-proxy-4.1.30.Final.jar:/home/user/.m2/repository/io/netty/netty-codec-socks/4.1.30.Final/netty-codec-socks-4.1.30.Final.jar:/home/user/.m2/repository/io/netty/netty-transport-native-epoll/4.1.30.Final/netty-transport-native-epoll-4.1.30.Final.jar:/home/user/.m2/repository/io/netty/netty-common/4.1.30.Final/netty-common-4.1.30.Final.jar:/home/user/.m2/repository/io/netty/netty-buffer/4.1.30.Final/netty-buffer-4.1.30.Final.jar:/home/user/.m2/repository/io/netty/netty-transport/4.1.30.Final/netty-transport-4.1.30.Final.jar:/home/user/.m2/repository/io/netty/netty-resolver/4.1.30.Final/netty-resolver-4.1.30.Final.jar:/home/user/.m2/repository/io/netty/netty-transport-native-unix-common/4.1.30.Final/netty-transport-native-unix-common-4.1.30.Final.jar:/home/user/.m2/repository/io/grpc/grpc-protobuf/1.17.1/grpc-protobuf-1.17.1.jar:/home/user/.m2/repository/com/google/api/grpc/proto-google-common-protos/1.0.0/proto-google-common-protos-1.0.0.jar:/home/user/.m2/repository/io/grpc/grpc-protobuf-lite/1.17.1/grpc-protobuf-lite-1.17.1.jar:/home/user/.m2/repository/io/grpc/grpc-stub/1.17.1/grpc-stub-1.17.1.jar:/home/user/.m2/repository/org/apache/hadoop/hadoop-ozone-recon/0.4.1-SNAPSHOT/hadoop-ozone-recon-0.4.1-SNAPSHOT.jar:/home/user/.m2/repository/org/apache/hadoop/hadoop-ozone-reconcodegen/0.4.1-SNAPSHOT/hadoop-ozone-reconcodegen-0.4.1-SNAPSHOT.jar:/home/user/.m2/repository/com/google/inject/extensions/guice-multibindings/4.0/guice-multibindings-4.0.jar:/home/user/.m2/repository/com/google/inject/guice/4.0/guice-4.0.jar:/home/user/.m2/repository/aopalliance/aopalliance/1.0/aopalliance-1.0.jar:/home/user/.m2/repository/com/google/inject/extensions/guice-servlet/4.0/guice-servlet-4.0.jar:/home/user/.m2/repository/org/glassfish/jersey/containers/jersey-container-servlet/2.27/jersey-container-servlet-2.27.jar:/home/user/.m2/repository/org/glassfish/hk2/guice-bridge/2.5.0/guice-bridge-2.5.0.jar:/home/user/.m2/repository/org/glassfish/jersey/core/jersey-server/2.27/jersey-server-2.27.jar:/home/user/.m2/repository/org/glassfish/jersey/core/jersey-client/2.27/jersey-client-2.27.jar:/home/user/.m2/repository/org/glassfish/jersey/media/jersey-media-jaxb/2.27/jersey-media-jaxb-2.27.jar:/home/user/.m2/repository/javax/validation/validation-api/1.1.0.Final/validation-api-1.1.0.Final.jar:/home/user/.m2/repository/org/glassfish/jersey/media/jersey-media-json-jackson/2.27/jersey-media-json-jackson-2.27.jar:/home/user/.m2/repository/org/glassfish/jersey/ext/jersey-entity-filtering/2.27/jersey-entity-filtering-2.27.jar:/home/user/.m2/repository/com/google/inject/extensions/guice-assistedinject/4.0/guice-assistedinject-4.0.jar:/home/user/.m2/repository/org/jooq/jooq/3.11.10/jooq-3.11.10.jar:/home/user/.m2/repository/org/jooq/jooq-meta/3.11.10/jooq-meta-3.11.10.jar:/home/user/.m2/repository/org/jooq/jooq-codegen/3.11.10/jooq-codegen-3.11.10.jar:/home/user/.m2/repository/com/jolbox/bonecp/0.8.0.RELEASE/bonecp-0.8.0.RELEASE.jar:/home/user/.m2/repository/org/xerial/sqlite-jdbc/3.25.2/sqlite-jdbc-3.25.2.jar:/home/user/.m2/repository/org/springframework/spring-jdbc/5.1.3.RELEASE/spring-jdbc-5.1.3.RELEASE.jar:/home/user/.m2/repository/org/springframework/spring-beans/5.1.3.RELEASE/spring-beans-5.1.3.RELEASE.jar:/home/user/.m2/repository/org/springframework/spring-core/5.1.3.RELEASE/spring-core-5.1.3.RELEASE.jar:/home/user/.m2/repository/org/springframework/spring-jcl/5.1.3.RELEASE/spring-jcl-5.1.3.RELEASE.jar:/home/user/.m2/repository/org/springframework/spring-tx/5.1.3.RELEASE/spring-tx-5.1.3.RELEASE.jar:/home/user/.m2/repository/org/apache/hadoop/hadoop-ozone-client/0.4.1-SNAPSHOT/hadoop-ozone-client-0.4.1-SNAPSHOT.jar:/home/user/.m2/repository/commons-lang/commons-lang/2.6/commons-lang-2.6.jar:/home/user/.m2/repository/org/apache/hadoop/hadoop-ozone-ozone-manager/0.4.1-SNAPSHOT/hadoop-ozone-ozone-manager-0.4.1-SNAPSHOT-tests.jar:/home/user/.m2/repository/junit/junit/4.11/junit-4.11.jar:/home/user/.m2/repository/org/hamcrest/hamcrest-core/1.3/hamcrest-core-1.3.jar:/home/user/.m2/repository/org/openjdk/jmh/jmh-core/1.19/jmh-core-1.19.jar:/home/user/.m2/repository/net/sf/jopt-simple/jopt-simple/4.6/jopt-simple-4.6.jar:/home/user/.m2/repository/org/apache/commons/commons-math3/3.1.1/commons-math3-3.1.1.jar:/home/user/.m2/repository/org/openjdk/jmh/jmh-generator-annprocess/1.19/jmh-generator-annprocess-1.19.jar:/home/user/.m2/repository/org/mockito/mockito-all/1.8.5/mockito-all-1.8.5.jar:/home/user/.m2/repository/org/apache/hadoop/hadoop-kms/3.2.0/hadoop-kms-3.2.0.jar:/home/user/.m2/repository/org/apache/hadoop/hadoop-auth/3.2.0/hadoop-auth-3.2.0.jar:/home/user/.m2/repository/com/nimbusds/nimbus-jose-jwt/4.41.1/nimbus-jose-jwt-4.41.1.jar:/home/user/.m2/repository/com/github/stephenc/jcip/jcip-annotations/1.0-1/jcip-annotations-1.0-1.jar:/home/user/.m2/repository/net/minidev/json-smart/2.3/json-smart-2.3.jar:/home/user/.m2/repository/net/minidev/accessors-smart/1.2/accessors-smart-1.2.jar:/home/user/.m2/repository/org/ow2/asm/asm/5.0.4/asm-5.0.4.jar:/home/user/.m2/repository/org/apache/curator/curator-framework/2.12.0/curator-framework-2.12.0.jar:/home/user/.m2/repository/com/sun/jersey/jersey-core/1.19/jersey-core-1.19.jar:/home/user/.m2/repository/javax/ws/rs/jsr311-api/1.1.1/jsr311-api-1.1.1.jar:/home/user/.m2/repository/com/sun/jersey/jersey-server/1.19/jersey-server-1.19.jar:/home/user/.m2/repository/javax/servlet/javax.servlet-api/3.1.0/javax.servlet-api-3.1.0.jar:/home/user/.m2/repository/org/eclipse/jetty/jetty-server/9.3.24.v20180605/jetty-server-9.3.24.v20180605.jar:/home/user/.m2/repository/org/eclipse/jetty/jetty-http/9.3.24.v20180605/jetty-http-9.3.24.v20180605.jar:/home/user/.m2/repository/org/eclipse/jetty/jetty-io/9.3.24.v20180605/jetty-io-9.3.24.v20180605.jar:/home/user/.m2/repository/org/eclipse/jetty/jetty-webapp/9.3.24.v20180605/jetty-webapp-9.3.24.v20180605.jar:/home/user/.m2/repository/org/eclipse/jetty/jetty-xml/9.3.24.v20180605/jetty-xml-9.3.24.v20180605.jar:/home/user/.m2/repository/log4j/log4j/1.2.17/log4j-1.2.17.jar:/home/user/.m2/repository/org/slf4j/slf4j-api/1.7.25/slf4j-api-1.7.25.jar:/home/user/.m2/repository/org/slf4j/jul-to-slf4j/1.7.25/jul-to-slf4j-1.7.25.jar:/home/user/.m2/repository/org/eclipse/jetty/jetty-util/9.3.24.v20180605/jetty-util-9.3.24.v20180605.jar:/home/user/.m2/repository/com/fasterxml/jackson/core/jackson-databind/2.9.5/jackson-databind-2.9.5.jar:/home/user/.m2/repository/org/apache/hadoop/hadoop-kms/3.2.0/hadoop-kms-3.2.0-tests.jar:/home/user/.m2/repository/org/apache/hadoop/hadoop-hdds-server-scm/0.4.1-SNAPSHOT/hadoop-hdds-server-scm-0.4.1-SNAPSHOT-tests.jar:/home/user/.m2/repository/org/apache/hadoop/hadoop-hdds-container-service/0.4.1-SNAPSHOT/hadoop-hdds-container-service-0.4.1-SNAPSHOT-tests.jar:/home/user/.m2/repository/org/yaml/snakeyaml/1.16/snakeyaml-1.16.jar:/home/user/.m2/repository/org/apache/hadoop/hadoop-common/3.2.0/hadoop-common-3.2.0-tests.jar:/home/user/.m2/repository/org/apache/hadoop/hadoop-annotations/3.2.0/hadoop-annotations-3.2.0.jar:/usr/lib/jvm/java-1.8-openjdk/jre/../lib/tools.jar:/home/user/.m2/repository/commons-cli/commons-cli/1.2/commons-cli-1.2.jar:/home/user/.m2/repository/org/apache/httpcomponents/httpclient/4.5.2/httpclient-4.5.2.jar:/home/user/.m2/repository/org/apache/httpcomponents/httpcore/4.4.4/httpcore-4.4.4.jar:/home/user/.m2/repository/commons-codec/commons-codec/1.11/commons-codec-1.11.jar:/home/user/.m2/repository/commons-net/commons-net/3.6/commons-net-3.6.jar:/home/user/.m2/repository/commons-collections/commons-collections/3.2.2/commons-collections-3.2.2.jar:/home/user/.m2/repository/org/eclipse/jetty/jetty-servlet/9.3.24.v20180605/jetty-servlet-9.3.24.v20180605.jar:/home/user/.m2/repository/org/eclipse/jetty/jetty-security/9.3.24.v20180605/jetty-security-9.3.24.v20180605.jar:/home/user/.m2/repository/javax/servlet/jsp/jsp-api/2.1/jsp-api-2.1.jar:/home/user/.m2/repository/com/sun/jersey/jersey-servlet/1.19/jersey-servlet-1.19.jar:/home/user/.m2/repository/com/sun/jersey/jersey-json/1.19/jersey-json-1.19.jar:/home/user/.m2/repository/org/codehaus/jettison/jettison/1.1/jettison-1.1.jar:/home/user/.m2/repository/org/codehaus/jackson/jackson-core-asl/1.9.13/jackson-core-asl-1.9.13.jar:/home/user/.m2/repository/org/codehaus/jackson/jackson-mapper-asl/1.9.13/jackson-mapper-asl-1.9.13.jar:/home/user/.m2/repository/org/codehaus/jackson/jackson-jaxrs/1.9.13/jackson-jaxrs-1.9.13.jar:/home/user/.m2/repository/org/codehaus/jackson/jackson-xc/1.9.13/jackson-xc-1.9.13.jar:/home/user/.m2/repository/commons-logging/commons-logging/1.1.3/commons-logging-1.1.3.jar:/home/user/.m2/repository/commons-beanutils/commons-beanutils/1.9.3/commons-beanutils-1.9.3.jar:/home/user/.m2/repository/org/apache/commons/commons-configuration2/2.1.1/commons-configuration2-2.1.1.jar:/home/user/.m2/repository/org/apache/commons/commons-lang3/3.7/commons-lang3-3.7.jar:/home/user/.m2/repository/org/apache/commons/commons-text/1.4/commons-text-1.4.jar:/home/user/.m2/repository/org/apache/avro/avro/1.7.7/avro-1.7.7.jar:/home/user/.m2/repository/com/thoughtworks/paranamer/paranamer/2.3/paranamer-2.3.jar:/home/user/.m2/repository/org/xerial/snappy/snappy-java/1.0.5/snappy-java-1.0.5.jar:/home/user/.m2/repository/com/google/re2j/re2j/1.1/re2j-1.1.jar:/home/user/.m2/repository/com/google/code/gson/gson/2.2.4/gson-2.2.4.jar:/home/user/.m2/repository/com/jcraft/jsch/0.1.54/jsch-0.1.54.jar:/home/user/.m2/repository/org/apache/curator/curator-client/2.12.0/curator-client-2.12.0.jar:/home/user/.m2/repository/org/apache/curator/curator-recipes/2.12.0/curator-recipes-2.12.0.jar:/home/user/.m2/repository/com/google/code/findbugs/jsr305/3.0.0/jsr305-3.0.0.jar:/home/user/.m2/repository/org/apache/htrace/htrace-core4/4.1.0-incubating/htrace-core4-4.1.0-incubating.jar:/home/user/.m2/repository/org/apache/zookeeper/zookeeper/3.4.13/zookeeper-3.4.13.jar:/home/user/.m2/repository/org/apache/yetus/audience-annotations/0.5.0/audience-annotations-0.5.0.jar:/home/user/.m2/repository/org/codehaus/woodstox/stax2-api/3.1.4/stax2-api-3.1.4.jar:/home/user/.m2/repository/com/fasterxml/woodstox/woodstox-core/5.0.3/woodstox-core-5.0.3.jar:/home/user/.m2/repository/dnsjava/dnsjava/2.1.7/dnsjava-2.1.7.jar:/home/user/.m2/repository/org/apache/hadoop/hadoop-hdfs/3.2.0/hadoop-hdfs-3.2.0-tests.jar:/home/user/.m2/repository/org/eclipse/jetty/jetty-util-ajax/9.3.24.v20180605/jetty-util-ajax-9.3.24.v20180605.jar:/home/user/.m2/repository/commons-daemon/commons-daemon/1.0.13/commons-daemon-1.0.13.jar:/home/user/.m2/repository/io/netty/netty/3.10.5.Final/netty-3.10.5.Final.jar:/home/user/.m2/repository/io/netty/netty-all/4.0.52.Final/netty-all-4.0.52.Final.jar:/home/user/.m2/repository/org/fusesource/leveldbjni/leveldbjni-all/1.8/leveldbjni-all-1.8.jar:"/>
    <property name="sun.cpu.endian" value="little"/>
    <property name="user.home" value="/home/user"/>
    <property name="user.language" value="en"/>
    <property name="java.specification.vendor" value="Oracle Corporation"/>
    <property name="java.home" value="/usr/lib/jvm/java-1.8-openjdk/jre"/>
    <property name="java.security.krb5.conf" value="/workdir/hadoop-ozone/integration-test/target/test-classes/krb5.conf"/>
    <property name="basedir" value="/workdir/hadoop-ozone/integration-test"/>
    <property name="file.separator" value="/"/>
    <property name="line.separator" value="&#10;"/>
    <property name="java.vm.specification.vendor" value="Oracle Corporation"/>
    <property name="java.specification.name" value="Java Platform API Specification"/>
    <property name="java.awt.graphicsenv" value="sun.awt.X11GraphicsEnvironment"/>
    <property name="surefire.real.class.path" value="/workdir/hadoop-ozone/integration-test/target/surefire/surefirebooter5784807061807357700.jar"/>
    <property name="hadoop.log.dir" value="/workdir/hadoop-ozone/integration-test/target/log"/>
    <property name="sun.boot.class.path" value="/usr/lib/jvm/java-1.8-openjdk/jre/lib/resources.jar:/usr/lib/jvm/java-1.8-openjdk/jre/lib/rt.jar:/usr/lib/jvm/java-1.8-openjdk/jre/lib/sunrsasign.jar:/usr/lib/jvm/java-1.8-openjdk/jre/lib/jsse.jar:/usr/lib/jvm/java-1.8-openjdk/jre/lib/jce.jar:/usr/lib/jvm/java-1.8-openjdk/jre/lib/charsets.jar:/usr/lib/jvm/java-1.8-openjdk/jre/lib/jfr.jar:/usr/lib/jvm/java-1.8-openjdk/jre/classes"/>
    <property name="sun.management.compiler" value="HotSpot 64-Bit Tiered Compilers"/>
    <property name="java.runtime.version" value="1.8.0_212-b04"/>
    <property name="java.net.preferIPv4Stack" value="true"/>
    <property name="user.name" value="jenkins1000"/>
    <property name="path.separator" value=":"/>
    <property name="java.security.egd" value="file:///dev/urandom"/>
    <property name="os.version" value="3.10.0-957.12.2.el7.x86_64"/>
    <property name="java.endorsed.dirs" value="/usr/lib/jvm/java-1.8-openjdk/jre/lib/endorsed"/>
    <property name="java.runtime.name" value="OpenJDK Runtime Environment"/>
    <property name="file.encoding" value="UTF-8"/>
    <property name="java.vm.name" value="OpenJDK 64-Bit Server VM"/>
    <property name="test.build.webapps" value=""/>
    <property name="localRepository" value="/home/user/.m2/repository"/>
    <property name="java.vendor.url.bug" value="https://icedtea.classpath.org/bugzilla"/>
    <property name="java.io.tmpdir" value="/tmp"/>
    <property name="require.test.libhadoop" value=""/>
    <property name="java.version" value="1.8.0_212"/>
    <property name="user.dir" value="/workdir/hadoop-ozone/integration-test"/>
    <property name="os.arch" value="amd64"/>
    <property name="java.vm.specification.name" value="Java Virtual Machine Specification"/>
    <property name="test.build.classes" value="/workdir/hadoop-ozone/integration-test/target/test-classes"/>
    <property name="java.awt.printerjob" value="sun.print.PSPrinterJob"/>
    <property name="sun.os.patch.level" value="unknown"/>
    <property name="hadoop.tmp.dir" value="/workdir/hadoop-ozone/integration-test/target/tmp"/>
    <property name="java.library.path" value="/usr/lib/jvm/java-1.8-openjdk/jre/lib/amd64/server:/usr/lib/jvm/java-1.8-openjdk/jre/lib/amd64:/usr/lib/jvm/java-1.8-openjdk/jre/../lib/amd64:/workdir/hadoop-ozone/integration-test/target/native/target/usr/local/lib:/workdir/hadoop-ozone/integration-test/../../hadoop-common-project/hadoop-common/target/native/target/usr/local/lib:/usr/java/packages/lib/amd64:/usr/lib64:/lib64:/lib:/usr/lib"/>
    <property name="java.vm.info" value="mixed mode"/>
    <property name="java.vendor" value="IcedTea"/>
    <property name="java.vm.version" value="25.212-b04"/>
    <property name="java.ext.dirs" value="/usr/lib/jvm/java-1.8-openjdk/jre/lib/ext:/usr/java/packages/lib/ext"/>
    <property name="sun.io.unicode.encoding" value="UnicodeLittle"/>
    <property name="java.class.version" value="52.0"/>
  </properties>
  <testcase name="testWatchForCommitWithKeyWrite" classname="org.apache.hadoop.ozone.client.rpc.TestWatchForCommit" time="19.857">
    <failure message="expected:&lt;4&gt; but was:&lt;8&gt;" type="java.lang.AssertionError"><![CDATA[java.lang.AssertionError: expected:<4> but was:<8>
	at org.junit.Assert.fail(Assert.java:88)
	at org.junit.Assert.failNotEquals(Assert.java:743)
	at org.junit.Assert.assertEquals(Assert.java:118)
	at org.junit.Assert.assertEquals(Assert.java:555)
	at org.junit.Assert.assertEquals(Assert.java:542)
	at org.apache.hadoop.ozone.client.rpc.TestWatchForCommit.testWatchForCommitWithKeyWrite(TestWatchForCommit.java:167)
	at sun.reflect.NativeMethodAccessorImpl.invoke0(Native Method)
	at sun.reflect.NativeMethodAccessorImpl.invoke(NativeMethodAccessorImpl.java:62)
	at sun.reflect.DelegatingMethodAccessorImpl.invoke(DelegatingMethodAccessorImpl.java:43)
	at java.lang.reflect.Method.invoke(Method.java:498)
	at org.junit.runners.model.FrameworkMethod$1.runReflectiveCall(FrameworkMethod.java:47)
	at org.junit.internal.runners.model.ReflectiveCallable.run(ReflectiveCallable.java:12)
	at org.junit.runners.model.FrameworkMethod.invokeExplosively(FrameworkMethod.java:44)
	at org.junit.internal.runners.statements.InvokeMethod.evaluate(InvokeMethod.java:17)
	at org.junit.runners.ParentRunner.runLeaf(ParentRunner.java:271)
	at org.junit.runners.BlockJUnit4ClassRunner.runChild(BlockJUnit4ClassRunner.java:70)
	at org.junit.runners.BlockJUnit4ClassRunner.runChild(BlockJUnit4ClassRunner.java:50)
	at org.junit.runners.ParentRunner$3.run(ParentRunner.java:238)
	at org.junit.runners.ParentRunner$1.schedule(ParentRunner.java:63)
	at org.junit.runners.ParentRunner.runChildren(ParentRunner.java:236)
	at org.junit.runners.ParentRunner.access$000(ParentRunner.java:53)
	at org.junit.runners.ParentRunner$2.evaluate(ParentRunner.java:229)
	at org.junit.runners.ParentRunner.run(ParentRunner.java:309)
	at org.apache.maven.surefire.junit4.JUnit4Provider.execute(JUnit4Provider.java:365)
	at org.apache.maven.surefire.junit4.JUnit4Provider.executeWithRerun(JUnit4Provider.java:273)
	at org.apache.maven.surefire.junit4.JUnit4Provider.executeTestSet(JUnit4Provider.java:238)
	at org.apache.maven.surefire.junit4.JUnit4Provider.invoke(JUnit4Provider.java:159)
	at org.apache.maven.surefire.booter.ForkedBooter.invokeProviderInSameClassLoader(ForkedBooter.java:384)
	at org.apache.maven.surefire.booter.ForkedBooter.runSuitesInProcess(ForkedBooter.java:345)
	at org.apache.maven.surefire.booter.ForkedBooter.execute(ForkedBooter.java:126)
	at org.apache.maven.surefire.booter.ForkedBooter.main(ForkedBooter.java:418)
]]></failure>
    <system-out><![CDATA[2019-07-16 14:35:44,716 WARN  server.ServerUtils (ServerUtils.java:getScmDbDir(145)) - ozone.scm.db.dirs is not configured. We recommend adding this setting. Falling back to ozone.metadata.dirs instead.
2019-07-16 14:35:44,859 WARN  server.ServerUtils (ServerUtils.java:getScmDbDir(145)) - ozone.scm.db.dirs is not configured. We recommend adding this setting. Falling back to ozone.metadata.dirs instead.
2019-07-16 14:35:44,863 WARN  server.ServerUtils (ServerUtils.java:getScmDbDir(145)) - ozone.scm.db.dirs is not configured. We recommend adding this setting. Falling back to ozone.metadata.dirs instead.
2019-07-16 14:35:44,882 INFO  util.log (Log.java:initialized(192)) - Logging initialized @844ms
2019-07-16 14:35:44,969 INFO  db.DBStoreBuilder (DBStoreBuilder.java:addTable(110)) - using custom profile for table: deletedBlocks
2019-07-16 14:35:44,969 INFO  db.DBStoreBuilder (DBStoreBuilder.java:processTables(161)) - Using default column profile:DBProfile.DISK for Table:deletedBlocks
2019-07-16 14:35:44,969 INFO  db.DBStoreBuilder (DBStoreBuilder.java:addTable(110)) - using custom profile for table: validCerts
2019-07-16 14:35:44,970 INFO  db.DBStoreBuilder (DBStoreBuilder.java:processTables(161)) - Using default column profile:DBProfile.DISK for Table:validCerts
2019-07-16 14:35:44,970 INFO  db.DBStoreBuilder (DBStoreBuilder.java:addTable(110)) - using custom profile for table: revokedCerts
2019-07-16 14:35:44,970 INFO  db.DBStoreBuilder (DBStoreBuilder.java:processTables(161)) - Using default column profile:DBProfile.DISK for Table:revokedCerts
2019-07-16 14:35:44,979 INFO  db.DBStoreBuilder (DBStoreBuilder.java:addTable(110)) - using custom profile for table: default
2019-07-16 14:35:44,979 INFO  db.DBStoreBuilder (DBStoreBuilder.java:processTables(167)) - Using default column profile:DBProfile.DISK for Table:default
2019-07-16 14:35:44,980 INFO  db.DBStoreBuilder (DBStoreBuilder.java:getDbProfile(198)) - Using default options. DBProfile.DISK
2019-07-16 14:35:45,084 INFO  net.NodeSchemaLoader (NodeSchemaLoader.java:loadSchemaFromFile(125)) - Loading file from sun.misc.CompoundEnumeration@7714e963
2019-07-16 14:35:45,085 INFO  net.NodeSchemaLoader (NodeSchemaLoader.java:loadSchema(171)) - Loading network topology layer schema file
2019-07-16 14:35:45,135 WARN  server.ServerUtils (ServerUtils.java:sanitizeUserArgs(70)) - ozone.scm.stale.node.interval value = 300000 is larger than max = 100000 based on the key value of ozone.scm.heartbeat.thread.interval, reset to the max value 100000.
2019-07-16 14:35:45,137 WARN  server.ServerUtils (ServerUtils.java:sanitizeUserArgs(70)) - ozone.scm.stale.node.interval value = 300000 is larger than max = 100000 based on the key value of ozone.scm.heartbeat.thread.interval, reset to the max value 100000.
2019-07-16 14:35:45,139 INFO  node.SCMNodeManager (SCMNodeManager.java:<init>(119)) - Entering startup safe mode.
2019-07-16 14:35:45,204 WARN  server.ServerUtils (ServerUtils.java:getScmDbDir(145)) - ozone.scm.db.dirs is not configured. We recommend adding this setting. Falling back to ozone.metadata.dirs instead.
2019-07-16 14:35:45,694 INFO  pipeline.SCMPipelineManager (SCMPipelineManager.java:initializePipelineState(126)) - No pipeline exists in current db
2019-07-16 14:35:45,698 WARN  server.ServerUtils (ServerUtils.java:getScmDbDir(145)) - ozone.scm.db.dirs is not configured. We recommend adding this setting. Falling back to ozone.metadata.dirs instead.
2019-07-16 14:35:45,790 WARN  events.EventQueue (EventQueue.java:fireEvent(175)) - No event handler registered for event TypedEvent{payloadType=SafeModeStatus, name='SafeModeStatus'}
2019-07-16 14:35:46,088 INFO  ipc.CallQueueManager (CallQueueManager.java:<init>(84)) - Using callQueue: class java.util.concurrent.LinkedBlockingQueue, queueCapacity: 2000, scheduler: class org.apache.hadoop.ipc.DefaultRpcScheduler, ipcBackoff: false.
2019-07-16 14:35:46,110 INFO  ipc.Server (Server.java:run(1074)) - Starting Socket Reader #1 for port 46850
2019-07-16 14:35:46,128 INFO  ipc.CallQueueManager (CallQueueManager.java:<init>(84)) - Using callQueue: class java.util.concurrent.LinkedBlockingQueue, queueCapacity: 2000, scheduler: class org.apache.hadoop.ipc.DefaultRpcScheduler, ipcBackoff: false.
2019-07-16 14:35:46,129 INFO  ipc.Server (Server.java:run(1074)) - Starting Socket Reader #1 for port 34182
2019-07-16 14:35:46,134 INFO  ipc.CallQueueManager (CallQueueManager.java:<init>(84)) - Using callQueue: class java.util.concurrent.LinkedBlockingQueue, queueCapacity: 2000, scheduler: class org.apache.hadoop.ipc.DefaultRpcScheduler, ipcBackoff: false.
2019-07-16 14:35:46,136 INFO  ipc.Server (Server.java:run(1074)) - Starting Socket Reader #1 for port 35958
2019-07-16 14:35:46,241 INFO  hdfs.DFSUtil (DFSUtil.java:httpServerTemplateForNNAndJN(1641)) - Starting Web-server for scm at: http://0.0.0.0:0
2019-07-16 14:35:46,374 INFO  server.AuthenticationFilter (AuthenticationFilter.java:constructSecretProvider(240)) - Unable to initialize FileSignerSecretProvider, falling back to use random secrets.
2019-07-16 14:35:46,381 WARN  http.HttpRequestLog (HttpRequestLog.java:getRequestLog(97)) - Jetty request log can only be enabled using Log4j
2019-07-16 14:35:46,389 INFO  http.HttpServer2 (HttpServer2.java:addGlobalFilter(975)) - Added global filter 'safety' (class=org.apache.hadoop.http.HttpServer2$QuotingInputFilter)
2019-07-16 14:35:46,392 INFO  http.HttpServer2 (HttpServer2.java:addFilter(948)) - Added filter static_user_filter (class=org.apache.hadoop.http.lib.StaticUserWebFilter$StaticUserFilter) to context scm
2019-07-16 14:35:46,392 INFO  http.HttpServer2 (HttpServer2.java:addFilter(958)) - Added filter static_user_filter (class=org.apache.hadoop.http.lib.StaticUserWebFilter$StaticUserFilter) to context logs
2019-07-16 14:35:46,393 INFO  http.HttpServer2 (HttpServer2.java:addFilter(958)) - Added filter static_user_filter (class=org.apache.hadoop.http.lib.StaticUserWebFilter$StaticUserFilter) to context static
2019-07-16 14:35:46,420 INFO  server.StorageContainerManager (StorageContainerManager.java:start(753)) - StorageContainerLocationProtocol RPC server is listening at /0.0.0.0:35958
2019-07-16 14:35:46,477 WARN  impl.MetricsConfig (MetricsConfig.java:loadFirst(134)) - Cannot locate configuration: tried hadoop-metrics2-storagecontainermanager.properties,hadoop-metrics2.properties
2019-07-16 14:35:46,489 INFO  impl.MetricsSystemImpl (MetricsSystemImpl.java:startTimer(374)) - Scheduled Metric snapshot period at 10 second(s).
2019-07-16 14:35:46,489 INFO  impl.MetricsSystemImpl (MetricsSystemImpl.java:start(191)) - StorageContainerManager metrics system started
2019-07-16 14:35:46,693 INFO  server.SCMClientProtocolServer (SCMClientProtocolServer.java:start(149)) - RPC server for Client  is listening at /0.0.0.0:35958
2019-07-16 14:35:46,694 INFO  ipc.Server (Server.java:run(1153)) - IPC Server listener on 35958: starting
2019-07-16 14:35:46,694 INFO  ipc.Server (Server.java:run(1314)) - IPC Server Responder: starting
2019-07-16 14:35:46,697 INFO  server.StorageContainerManager (StorageContainerManager.java:start(762)) - ScmBlockLocationProtocol RPC server is listening at /0.0.0.0:34182
2019-07-16 14:35:46,697 INFO  server.SCMBlockProtocolServer (SCMBlockProtocolServer.java:start(137)) - RPC server for Block Protocol is listening at /0.0.0.0:34182
2019-07-16 14:35:46,698 INFO  ipc.Server (Server.java:run(1314)) - IPC Server Responder: starting
2019-07-16 14:35:46,698 INFO  ipc.Server (Server.java:run(1153)) - IPC Server listener on 34182: starting
2019-07-16 14:35:46,704 INFO  server.StorageContainerManager (StorageContainerManager.java:start(766)) - ScmDatanodeProtocl RPC server is listening at /0.0.0.0:46850
2019-07-16 14:35:46,704 INFO  server.SCMDatanodeProtocolServer (SCMDatanodeProtocolServer.java:start(191)) - RPC server for DataNodes is listening at /0.0.0.0:46850
2019-07-16 14:35:46,705 INFO  ipc.Server (Server.java:run(1314)) - IPC Server Responder: starting
2019-07-16 14:35:46,706 INFO  ipc.Server (Server.java:run(1153)) - IPC Server listener on 46850: starting
2019-07-16 14:35:46,715 INFO  http.HttpServer2 (HttpServer2.java:bindListener(1191)) - Jetty bound to port 41527
2019-07-16 14:35:46,717 INFO  server.Server (Server.java:doStart(351)) - jetty-9.3.24.v20180605, build timestamp: 2018-06-05T17:11:56Z, git hash: 84205aa28f11a4f31f2a3b86d1bba2cc8ab69827
2019-07-16 14:35:46,754 INFO  handler.ContextHandler (ContextHandler.java:doStart(781)) - Started o.e.j.s.ServletContextHandler@497486b3{/logs,file:///workdir/hadoop-ozone/integration-test/target/log,AVAILABLE}
2019-07-16 14:35:46,755 INFO  handler.ContextHandler (ContextHandler.java:doStart(781)) - Started o.e.j.s.ServletContextHandler@75f95314{/static,file:///workdir/hadoop-ozone/integration-test/target/test-classes/webapps/static,AVAILABLE}
2019-07-16 14:35:46,785 INFO  handler.ContextHandler (ContextHandler.java:doStart(781)) - Started o.e.j.w.WebAppContext@5fb97279{/,file:///workdir/hadoop-ozone/integration-test/target/test-classes/webapps/scm/,AVAILABLE}{/scm}
2019-07-16 14:35:46,790 INFO  server.AbstractConnector (AbstractConnector.java:doStart(278)) - Started ServerConnector@3954d008{HTTP/1.1,[http/1.1]}{0.0.0.0:41527}
2019-07-16 14:35:46,790 INFO  server.Server (Server.java:doStart(419)) - Started @2753ms
2019-07-16 14:35:46,791 INFO  server.BaseHttpServer (BaseHttpServer.java:updateConnectorAddress(207)) - HTTP server of SCM is listening at http://0.0.0.0:41527
2019-07-16 14:35:46,798 INFO  util.JvmPauseMonitor (JvmPauseMonitor.java:run(188)) - Starting JVM pause monitor
2019-07-16 14:35:46,799 WARN  server.ServerUtils (ServerUtils.java:getDBPath(222)) - ozone.om.db.dirs is not configured. We recommend adding this setting. Falling back to ozone.metadata.dirs instead.
2019-07-16 14:35:46,888 WARN  server.ServerUtils (ServerUtils.java:getDBPath(222)) - ozone.om.db.dirs is not configured. We recommend adding this setting. Falling back to ozone.metadata.dirs instead.
2019-07-16 14:35:46,889 INFO  om.OzoneManager (OzoneManager.java:setOMNodeDetails(630)) - OM Service ID is not set. Setting it to the default ID: omServiceIdDefault
2019-07-16 14:35:46,889 INFO  om.OzoneManager (OzoneManager.java:setOMNodeDetails(636)) - OM Node ID is not set. Setting it to the OmStorage's OmID: 1a2ec81d-2222-4599-9912-b425798720da
2019-07-16 14:35:46,890 INFO  om.OzoneManager (OzoneManager.java:loadOMHAConfigs(587)) - Found matching OM address with OMServiceId: null, OMNodeId: null, RPC Address: localhost:0 and Ratis port: 9872
2019-07-16 14:35:47,101 WARN  server.ServerUtils (ServerUtils.java:getDBPath(222)) - ozone.om.db.dirs is not configured. We recommend adding this setting. Falling back to ozone.metadata.dirs instead.
2019-07-16 14:35:47,107 INFO  db.DBStoreBuilder (DBStoreBuilder.java:addTable(110)) - using custom profile for table: userTable
2019-07-16 14:35:47,107 INFO  db.DBStoreBuilder (DBStoreBuilder.java:processTables(161)) - Using default column profile:DBProfile.DISK for Table:userTable
2019-07-16 14:35:47,107 INFO  db.DBStoreBuilder (DBStoreBuilder.java:addTable(110)) - using custom profile for table: volumeTable
2019-07-16 14:35:47,107 INFO  db.DBStoreBuilder (DBStoreBuilder.java:processTables(161)) - Using default column profile:DBProfile.DISK for Table:volumeTable
2019-07-16 14:35:47,108 INFO  db.DBStoreBuilder (DBStoreBuilder.java:addTable(110)) - using custom profile for table: bucketTable
2019-07-16 14:35:47,108 INFO  db.DBStoreBuilder (DBStoreBuilder.java:processTables(161)) - Using default column profile:DBProfile.DISK for Table:bucketTable
2019-07-16 14:35:47,108 INFO  db.DBStoreBuilder (DBStoreBuilder.java:addTable(110)) - using custom profile for table: keyTable
2019-07-16 14:35:47,108 INFO  db.DBStoreBuilder (DBStoreBuilder.java:processTables(161)) - Using default column profile:DBProfile.DISK for Table:keyTable
2019-07-16 14:35:47,109 INFO  db.DBStoreBuilder (DBStoreBuilder.java:addTable(110)) - using custom profile for table: deletedTable
2019-07-16 14:35:47,109 INFO  db.DBStoreBuilder (DBStoreBuilder.java:processTables(161)) - Using default column profile:DBProfile.DISK for Table:deletedTable
2019-07-16 14:35:47,109 INFO  db.DBStoreBuilder (DBStoreBuilder.java:addTable(110)) - using custom profile for table: openKeyTable
2019-07-16 14:35:47,109 INFO  db.DBStoreBuilder (DBStoreBuilder.java:processTables(161)) - Using default column profile:DBProfile.DISK for Table:openKeyTable
2019-07-16 14:35:47,109 INFO  db.DBStoreBuilder (DBStoreBuilder.java:addTable(110)) - using custom profile for table: s3Table
2019-07-16 14:35:47,110 INFO  db.DBStoreBuilder (DBStoreBuilder.java:processTables(161)) - Using default column profile:DBProfile.DISK for Table:s3Table
2019-07-16 14:35:47,110 INFO  db.DBStoreBuilder (DBStoreBuilder.java:addTable(110)) - using custom profile for table: multipartInfoTable
2019-07-16 14:35:47,110 INFO  db.DBStoreBuilder (DBStoreBuilder.java:processTables(161)) - Using default column profile:DBProfile.DISK for Table:multipartInfoTable
2019-07-16 14:35:47,110 INFO  db.DBStoreBuilder (DBStoreBuilder.java:addTable(110)) - using custom profile for table: dTokenTable
2019-07-16 14:35:47,110 INFO  db.DBStoreBuilder (DBStoreBuilder.java:processTables(161)) - Using default column profile:DBProfile.DISK for Table:dTokenTable
2019-07-16 14:35:47,111 INFO  db.DBStoreBuilder (DBStoreBuilder.java:addTable(110)) - using custom profile for table: s3SecretTable
2019-07-16 14:35:47,111 INFO  db.DBStoreBuilder (DBStoreBuilder.java:processTables(161)) - Using default column profile:DBProfile.DISK for Table:s3SecretTable
2019-07-16 14:35:47,111 INFO  db.DBStoreBuilder (DBStoreBuilder.java:addTable(110)) - using custom profile for table: prefixTable
2019-07-16 14:35:47,111 INFO  db.DBStoreBuilder (DBStoreBuilder.java:processTables(161)) - Using default column profile:DBProfile.DISK for Table:prefixTable
2019-07-16 14:35:47,112 INFO  db.DBStoreBuilder (DBStoreBuilder.java:addTable(110)) - using custom profile for table: default
2019-07-16 14:35:47,112 INFO  db.DBStoreBuilder (DBStoreBuilder.java:processTables(167)) - Using default column profile:DBProfile.DISK for Table:default
2019-07-16 14:35:47,112 INFO  db.DBStoreBuilder (DBStoreBuilder.java:getDbProfile(198)) - Using default options. DBProfile.DISK
2019-07-16 14:35:47,655 INFO  ipc.CallQueueManager (CallQueueManager.java:<init>(84)) - Using callQueue: class java.util.concurrent.LinkedBlockingQueue, queueCapacity: 2000, scheduler: class org.apache.hadoop.ipc.DefaultRpcScheduler, ipcBackoff: false.
2019-07-16 14:35:47,656 INFO  ipc.Server (Server.java:run(1074)) - Starting Socket Reader #1 for port 42117
2019-07-16 14:35:47,679 WARN  server.ServerUtils (ServerUtils.java:getDBPath(222)) - ozone.om.db.dirs is not configured. We recommend adding this setting. Falling back to ozone.metadata.dirs instead.
2019-07-16 14:35:47,679 INFO  om.OzoneManager (OzoneManager.java:start(1228)) - OzoneManager RPC server is listening at localhost/127.0.0.1:42117
2019-07-16 14:35:47,679 INFO  impl.MetricsSystemImpl (MetricsSystemImpl.java:init(158)) - OzoneManager metrics system started (again)
2019-07-16 14:35:47,681 INFO  ipc.Server (Server.java:run(1314)) - IPC Server Responder: starting
2019-07-16 14:35:47,682 INFO  ipc.Server (Server.java:run(1153)) - IPC Server listener on 42117: starting
2019-07-16 14:35:47,692 INFO  hdfs.DFSUtil (DFSUtil.java:httpServerTemplateForNNAndJN(1641)) - Starting Web-server for ozoneManager at: http://0.0.0.0:0
2019-07-16 14:35:47,694 INFO  server.AuthenticationFilter (AuthenticationFilter.java:constructSecretProvider(240)) - Unable to initialize FileSignerSecretProvider, falling back to use random secrets.
2019-07-16 14:35:47,694 WARN  http.HttpRequestLog (HttpRequestLog.java:getRequestLog(97)) - Jetty request log can only be enabled using Log4j
2019-07-16 14:35:47,696 INFO  http.HttpServer2 (HttpServer2.java:addGlobalFilter(975)) - Added global filter 'safety' (class=org.apache.hadoop.http.HttpServer2$QuotingInputFilter)
2019-07-16 14:35:47,697 INFO  http.HttpServer2 (HttpServer2.java:addFilter(948)) - Added filter static_user_filter (class=org.apache.hadoop.http.lib.StaticUserWebFilter$StaticUserFilter) to context ozoneManager
2019-07-16 14:35:47,697 INFO  http.HttpServer2 (HttpServer2.java:addFilter(958)) - Added filter static_user_filter (class=org.apache.hadoop.http.lib.StaticUserWebFilter$StaticUserFilter) to context logs
2019-07-16 14:35:47,697 INFO  http.HttpServer2 (HttpServer2.java:addFilter(958)) - Added filter static_user_filter (class=org.apache.hadoop.http.lib.StaticUserWebFilter$StaticUserFilter) to context static
2019-07-16 14:35:47,699 INFO  http.HttpServer2 (HttpServer2.java:bindListener(1191)) - Jetty bound to port 35770
2019-07-16 14:35:47,699 INFO  server.Server (Server.java:doStart(351)) - jetty-9.3.24.v20180605, build timestamp: 2018-06-05T17:11:56Z, git hash: 84205aa28f11a4f31f2a3b86d1bba2cc8ab69827
2019-07-16 14:35:47,702 INFO  handler.ContextHandler (ContextHandler.java:doStart(781)) - Started o.e.j.s.ServletContextHandler@6f6962ba{/logs,file:///workdir/hadoop-ozone/integration-test/target/log,AVAILABLE}
2019-07-16 14:35:47,702 INFO  handler.ContextHandler (ContextHandler.java:doStart(781)) - Started o.e.j.s.ServletContextHandler@a0a9fa5{/static,file:///workdir/hadoop-ozone/integration-test/target/test-classes/webapps/static,AVAILABLE}
2019-07-16 14:35:47,707 INFO  handler.ContextHandler (ContextHandler.java:doStart(781)) - Started o.e.j.w.WebAppContext@6579c3d9{/,file:///workdir/hadoop-ozone/integration-test/target/test-classes/webapps/ozoneManager/,AVAILABLE}{/ozoneManager}
2019-07-16 14:35:47,707 INFO  server.AbstractConnector (AbstractConnector.java:doStart(278)) - Started ServerConnector@2b87581{HTTP/1.1,[http/1.1]}{0.0.0.0:35770}
2019-07-16 14:35:47,708 INFO  server.Server (Server.java:doStart(419)) - Started @3670ms
2019-07-16 14:35:47,708 INFO  server.BaseHttpServer (BaseHttpServer.java:updateConnectorAddress(207)) - HTTP server of OZONEMANAGER is listening at http://0.0.0.0:35770
2019-07-16 14:35:47,954 INFO  impl.MetricsSystemImpl (MetricsSystemImpl.java:init(158)) - HddsDatanode metrics system started (again)
2019-07-16 14:35:48,022 INFO  ozone.HddsDatanodeService (HddsDatanodeService.java:start(185)) - HddsDatanodeService host:byscane-nightly-ppzk5-1864156943 ip:192.168.5.141
2019-07-16 14:35:48,048 INFO  volume.HddsVolume (HddsVolume.java:<init>(176)) - Creating Volume: /workdir/hadoop-ozone/integration-test/target/test-dir/MiniOzoneClusterImpl-cd0beb4e-717b-4910-a035-f99a3849b6d4/datanode-0/data/containers/hdds of  storage type : DISK and capacity : 52710309888
2019-07-16 14:35:48,050 INFO  volume.VolumeSet (VolumeSet.java:initializeVolumeSet(170)) - Added Volume : /workdir/hadoop-ozone/integration-test/target/test-dir/MiniOzoneClusterImpl-cd0beb4e-717b-4910-a035-f99a3849b6d4/datanode-0/data/containers/hdds to VolumeSet
2019-07-16 14:35:48,053 INFO  volume.ThrottledAsyncChecker (ThrottledAsyncChecker.java:schedule(140)) - Scheduling a check for org.apache.hadoop.ozone.container.common.volume.HddsVolume@6a84bc3f
2019-07-16 14:35:48,067 INFO  volume.HddsVolumeChecker (HddsVolumeChecker.java:checkAllVolumes(203)) - Scheduled health check for volume org.apache.hadoop.ozone.container.common.volume.HddsVolume@6a84bc3f
2019-07-16 14:35:48,162 INFO  impl.RaftServerProxy (ConfUtils.java:logGet(43)) - raft.rpc.type = GRPC (default)
2019-07-16 14:35:48,212 INFO  grpc.GrpcFactory (GrpcFactory.java:checkPooledByteBufAllocatorUseCacheForAllThreads(45)) - PERFORMANCE WARNING: useCacheForAllThreads is true that may cause Netty to create a lot garbage objects and, as a result, trigger GC.
	It is recommended to disable useCacheForAllThreads by setting -Dorg.apache.ratis.thirdparty.io.netty.allocator.useCacheForAllThreads=false in command line.
2019-07-16 14:35:48,216 INFO  grpc.GrpcConfigKeys$Server (ConfUtils.java:logGet(43)) - raft.grpc.server.port = 0 (default)
2019-07-16 14:35:48,217 INFO  server.GrpcService (ConfUtils.java:logGet(43)) - raft.grpc.message.size.max = 33570816 (custom)
2019-07-16 14:35:48,218 INFO  server.RaftServerConfigKeys (ConfUtils.java:logGet(43)) - raft.server.log.appender.buffer.byte-limit = 33554432 (custom)
2019-07-16 14:35:48,219 INFO  server.GrpcService (ConfUtils.java:logGet(43)) - raft.grpc.flow.control.window = 1MB (=1048576) (default)
2019-07-16 14:35:48,220 INFO  server.RaftServerConfigKeys (ConfUtils.java:logGet(43)) - raft.server.rpc.request.timeout = 3000ms (default)
2019-07-16 14:35:48,359 INFO  server.RaftServerConfigKeys (ConfUtils.java:logGet(43)) - raft.server.storage.dir = [/workdir/hadoop-ozone/integration-test/target/test-dir/MiniOzoneClusterImpl-cd0beb4e-717b-4910-a035-f99a3849b6d4/datanode-0/data/ratis] (custom)
2019-07-16 14:35:48,390 INFO  replication.SimpleContainerDownloader (SimpleContainerDownloader.java:<init>(72)) - Starting container downloader service to copy containers to replicate.
2019-07-16 14:35:48,405 INFO  hdfs.DFSUtil (DFSUtil.java:httpServerTemplateForNNAndJN(1641)) - Starting Web-server for hddsDatanode at: http://0.0.0.0:0
2019-07-16 14:35:48,407 INFO  server.AuthenticationFilter (AuthenticationFilter.java:constructSecretProvider(240)) - Unable to initialize FileSignerSecretProvider, falling back to use random secrets.
2019-07-16 14:35:48,408 WARN  http.HttpRequestLog (HttpRequestLog.java:getRequestLog(97)) - Jetty request log can only be enabled using Log4j
2019-07-16 14:35:48,410 INFO  http.HttpServer2 (HttpServer2.java:addGlobalFilter(975)) - Added global filter 'safety' (class=org.apache.hadoop.http.HttpServer2$QuotingInputFilter)
2019-07-16 14:35:48,411 INFO  http.HttpServer2 (HttpServer2.java:addFilter(948)) - Added filter static_user_filter (class=org.apache.hadoop.http.lib.StaticUserWebFilter$StaticUserFilter) to context hddsDatanode
2019-07-16 14:35:48,411 INFO  http.HttpServer2 (HttpServer2.java:addFilter(958)) - Added filter static_user_filter (class=org.apache.hadoop.http.lib.StaticUserWebFilter$StaticUserFilter) to context static
2019-07-16 14:35:48,411 INFO  http.HttpServer2 (HttpServer2.java:addFilter(958)) - Added filter static_user_filter (class=org.apache.hadoop.http.lib.StaticUserWebFilter$StaticUserFilter) to context logs
2019-07-16 14:35:48,412 INFO  http.HttpServer2 (HttpServer2.java:bindListener(1191)) - Jetty bound to port 42580
2019-07-16 14:35:48,413 INFO  server.Server (Server.java:doStart(351)) - jetty-9.3.24.v20180605, build timestamp: 2018-06-05T17:11:56Z, git hash: 84205aa28f11a4f31f2a3b86d1bba2cc8ab69827
2019-07-16 14:35:48,415 INFO  handler.ContextHandler (ContextHandler.java:doStart(781)) - Started o.e.j.s.ServletContextHandler@7d04529c{/logs,file:///workdir/hadoop-ozone/integration-test/target/log,AVAILABLE}
2019-07-16 14:35:48,416 INFO  handler.ContextHandler (ContextHandler.java:doStart(781)) - Started o.e.j.s.ServletContextHandler@b16e202{/static,jar:file:/home/user/.m2/repository/org/apache/hadoop/hadoop-hdds-container-service/0.4.1-SNAPSHOT/hadoop-hdds-container-service-0.4.1-SNAPSHOT.jar!/webapps/static,AVAILABLE}
2019-07-16 14:35:48,448 INFO  handler.ContextHandler (ContextHandler.java:doStart(781)) - Started o.e.j.w.WebAppContext@3ad4a7d6{/,file:///tmp/jetty-0.0.0.0-42580-hddsDatanode-_-any-7362450879859965571.dir/webapp/,AVAILABLE}{/hddsDatanode}
2019-07-16 14:35:48,449 INFO  server.AbstractConnector (AbstractConnector.java:doStart(278)) - Started ServerConnector@1e43e323{HTTP/1.1,[http/1.1]}{0.0.0.0:42580}
2019-07-16 14:35:48,450 INFO  server.Server (Server.java:doStart(419)) - Started @4412ms
2019-07-16 14:35:48,451 INFO  server.BaseHttpServer (BaseHttpServer.java:updateConnectorAddress(207)) - HTTP server of HDDSDATANODE is listening at http://0.0.0.0:42580
2019-07-16 14:35:49,365 INFO  ozone.HddsDatanodeService (HddsDatanodeService.java:startPlugins(396)) - Started plug-in org.apache.hadoop.ozone.web.OzoneHddsDatanodeService@4d93f75b
2019-07-16 14:35:49,366 INFO  impl.MetricsSystemImpl (MetricsSystemImpl.java:init(158)) - HddsDatanode metrics system started (again)
2019-07-16 14:35:49,367 INFO  ozone.HddsDatanodeService (HddsDatanodeService.java:start(185)) - HddsDatanodeService host:byscane-nightly-ppzk5-1864156943 ip:192.168.5.141
2019-07-16 14:35:49,376 INFO  util.JvmPauseMonitor (JvmPauseMonitor.java:run(188)) - Starting JVM pause monitor
2019-07-16 14:35:49,378 INFO  volume.HddsVolume (HddsVolume.java:<init>(176)) - Creating Volume: /workdir/hadoop-ozone/integration-test/target/test-dir/MiniOzoneClusterImpl-cd0beb4e-717b-4910-a035-f99a3849b6d4/datanode-1/data/containers/hdds of  storage type : DISK and capacity : 52710309888
2019-07-16 14:35:49,379 INFO  volume.VolumeSet (VolumeSet.java:initializeVolumeSet(170)) - Added Volume : /workdir/hadoop-ozone/integration-test/target/test-dir/MiniOzoneClusterImpl-cd0beb4e-717b-4910-a035-f99a3849b6d4/datanode-1/data/containers/hdds to VolumeSet
2019-07-16 14:35:49,379 INFO  volume.ThrottledAsyncChecker (ThrottledAsyncChecker.java:schedule(140)) - Scheduling a check for org.apache.hadoop.ozone.container.common.volume.HddsVolume@35650279
2019-07-16 14:35:49,380 INFO  volume.HddsVolumeChecker (HddsVolumeChecker.java:checkAllVolumes(203)) - Scheduled health check for volume org.apache.hadoop.ozone.container.common.volume.HddsVolume@35650279
2019-07-16 14:35:49,398 INFO  impl.RaftServerProxy (ConfUtils.java:logGet(43)) - raft.rpc.type = GRPC (default)
2019-07-16 14:35:49,399 INFO  grpc.GrpcFactory (GrpcFactory.java:checkPooledByteBufAllocatorUseCacheForAllThreads(45)) - PERFORMANCE WARNING: useCacheForAllThreads is true that may cause Netty to create a lot garbage objects and, as a result, trigger GC.
	It is recommended to disable useCacheForAllThreads by setting -Dorg.apache.ratis.thirdparty.io.netty.allocator.useCacheForAllThreads=false in command line.
2019-07-16 14:35:49,399 INFO  grpc.GrpcConfigKeys$Server (ConfUtils.java:logGet(43)) - raft.grpc.server.port = 0 (default)
2019-07-16 14:35:49,399 INFO  server.GrpcService (ConfUtils.java:logGet(43)) - raft.grpc.message.size.max = 33570816 (custom)
2019-07-16 14:35:49,399 INFO  server.RaftServerConfigKeys (ConfUtils.java:logGet(43)) - raft.server.log.appender.buffer.byte-limit = 33554432 (custom)
2019-07-16 14:35:49,400 INFO  server.GrpcService (ConfUtils.java:logGet(43)) - raft.grpc.flow.control.window = 1MB (=1048576) (default)
2019-07-16 14:35:49,400 INFO  server.RaftServerConfigKeys (ConfUtils.java:logGet(43)) - raft.server.rpc.request.timeout = 3000ms (default)
2019-07-16 14:35:49,401 INFO  server.RaftServerConfigKeys (ConfUtils.java:logGet(43)) - raft.server.storage.dir = [/workdir/hadoop-ozone/integration-test/target/test-dir/MiniOzoneClusterImpl-cd0beb4e-717b-4910-a035-f99a3849b6d4/datanode-1/data/ratis] (custom)
2019-07-16 14:35:49,401 INFO  replication.SimpleContainerDownloader (SimpleContainerDownloader.java:<init>(72)) - Starting container downloader service to copy containers to replicate.
2019-07-16 14:35:49,403 INFO  hdfs.DFSUtil (DFSUtil.java:httpServerTemplateForNNAndJN(1641)) - Starting Web-server for hddsDatanode at: http://0.0.0.0:0
2019-07-16 14:35:49,406 INFO  server.AuthenticationFilter (AuthenticationFilter.java:constructSecretProvider(240)) - Unable to initialize FileSignerSecretProvider, falling back to use random secrets.
2019-07-16 14:35:49,407 WARN  http.HttpRequestLog (HttpRequestLog.java:getRequestLog(97)) - Jetty request log can only be enabled using Log4j
2019-07-16 14:35:49,409 INFO  http.HttpServer2 (HttpServer2.java:addGlobalFilter(975)) - Added global filter 'safety' (class=org.apache.hadoop.http.HttpServer2$QuotingInputFilter)
2019-07-16 14:35:49,410 INFO  http.HttpServer2 (HttpServer2.java:addFilter(948)) - Added filter static_user_filter (class=org.apache.hadoop.http.lib.StaticUserWebFilter$StaticUserFilter) to context hddsDatanode
2019-07-16 14:35:49,410 INFO  http.HttpServer2 (HttpServer2.java:addFilter(958)) - Added filter static_user_filter (class=org.apache.hadoop.http.lib.StaticUserWebFilter$StaticUserFilter) to context logs
2019-07-16 14:35:49,410 INFO  http.HttpServer2 (HttpServer2.java:addFilter(958)) - Added filter static_user_filter (class=org.apache.hadoop.http.lib.StaticUserWebFilter$StaticUserFilter) to context static
2019-07-16 14:35:49,411 INFO  http.HttpServer2 (HttpServer2.java:bindListener(1191)) - Jetty bound to port 35684
2019-07-16 14:35:49,412 INFO  server.Server (Server.java:doStart(351)) - jetty-9.3.24.v20180605, build timestamp: 2018-06-05T17:11:56Z, git hash: 84205aa28f11a4f31f2a3b86d1bba2cc8ab69827
2019-07-16 14:35:49,414 INFO  handler.ContextHandler (ContextHandler.java:doStart(781)) - Started o.e.j.s.ServletContextHandler@778a1250{/logs,file:///workdir/hadoop-ozone/integration-test/target/log,AVAILABLE}
2019-07-16 14:35:49,414 INFO  handler.ContextHandler (ContextHandler.java:doStart(781)) - Started o.e.j.s.ServletContextHandler@61191222{/static,jar:file:/home/user/.m2/repository/org/apache/hadoop/hadoop-hdds-container-service/0.4.1-SNAPSHOT/hadoop-hdds-container-service-0.4.1-SNAPSHOT.jar!/webapps/static,AVAILABLE}
2019-07-16 14:35:49,446 INFO  handler.ContextHandler (ContextHandler.java:doStart(781)) - Started o.e.j.w.WebAppContext@2233cac0{/,file:///tmp/jetty-0.0.0.0-35684-hddsDatanode-_-any-2618240990602791313.dir/webapp/,AVAILABLE}{/hddsDatanode}
2019-07-16 14:35:49,447 INFO  server.AbstractConnector (AbstractConnector.java:doStart(278)) - Started ServerConnector@67fb5025{HTTP/1.1,[http/1.1]}{0.0.0.0:35684}
2019-07-16 14:35:49,447 INFO  server.Server (Server.java:doStart(419)) - Started @5410ms
2019-07-16 14:35:49,449 INFO  server.BaseHttpServer (BaseHttpServer.java:updateConnectorAddress(207)) - HTTP server of HDDSDATANODE is listening at http://0.0.0.0:35684
2019-07-16 14:35:49,496 INFO  datanode.InitDatanodeState (InitDatanodeState.java:persistContainerDatanodeDetails(140)) - DatanodeDetails is persisted to /workdir/hadoop-ozone/integration-test/target/test-dir/MiniOzoneClusterImpl-cd0beb4e-717b-4910-a035-f99a3849b6d4/datanode-0/meta/datanode.id
2019-07-16 14:35:49,580 INFO  ozone.HddsDatanodeService (HddsDatanodeService.java:startPlugins(396)) - Started plug-in org.apache.hadoop.ozone.web.OzoneHddsDatanodeService@7243145f
2019-07-16 14:35:49,580 INFO  impl.MetricsSystemImpl (MetricsSystemImpl.java:init(158)) - HddsDatanode metrics system started (again)
2019-07-16 14:35:49,581 INFO  ozone.HddsDatanodeService (HddsDatanodeService.java:start(185)) - HddsDatanodeService host:byscane-nightly-ppzk5-1864156943 ip:192.168.5.141
2019-07-16 14:35:49,582 INFO  util.JvmPauseMonitor (JvmPauseMonitor.java:run(188)) - Starting JVM pause monitor
2019-07-16 14:35:49,590 INFO  volume.HddsVolume (HddsVolume.java:<init>(176)) - Creating Volume: /workdir/hadoop-ozone/integration-test/target/test-dir/MiniOzoneClusterImpl-cd0beb4e-717b-4910-a035-f99a3849b6d4/datanode-2/data/containers/hdds of  storage type : DISK and capacity : 52710309888
2019-07-16 14:35:49,591 INFO  volume.VolumeSet (VolumeSet.java:initializeVolumeSet(170)) - Added Volume : /workdir/hadoop-ozone/integration-test/target/test-dir/MiniOzoneClusterImpl-cd0beb4e-717b-4910-a035-f99a3849b6d4/datanode-2/data/containers/hdds to VolumeSet
2019-07-16 14:35:49,591 INFO  volume.ThrottledAsyncChecker (ThrottledAsyncChecker.java:schedule(140)) - Scheduling a check for org.apache.hadoop.ozone.container.common.volume.HddsVolume@2443135
2019-07-16 14:35:49,591 INFO  datanode.InitDatanodeState (InitDatanodeState.java:persistContainerDatanodeDetails(140)) - DatanodeDetails is persisted to /workdir/hadoop-ozone/integration-test/target/test-dir/MiniOzoneClusterImpl-cd0beb4e-717b-4910-a035-f99a3849b6d4/datanode-1/meta/datanode.id
2019-07-16 14:35:49,592 INFO  volume.HddsVolumeChecker (HddsVolumeChecker.java:checkAllVolumes(203)) - Scheduled health check for volume org.apache.hadoop.ozone.container.common.volume.HddsVolume@2443135
2019-07-16 14:35:49,606 INFO  impl.RaftServerProxy (ConfUtils.java:logGet(43)) - raft.rpc.type = GRPC (default)
2019-07-16 14:35:49,606 INFO  grpc.GrpcFactory (GrpcFactory.java:checkPooledByteBufAllocatorUseCacheForAllThreads(45)) - PERFORMANCE WARNING: useCacheForAllThreads is true that may cause Netty to create a lot garbage objects and, as a result, trigger GC.
	It is recommended to disable useCacheForAllThreads by setting -Dorg.apache.ratis.thirdparty.io.netty.allocator.useCacheForAllThreads=false in command line.
2019-07-16 14:35:49,606 INFO  grpc.GrpcConfigKeys$Server (ConfUtils.java:logGet(43)) - raft.grpc.server.port = 0 (default)
2019-07-16 14:35:49,606 INFO  server.GrpcService (ConfUtils.java:logGet(43)) - raft.grpc.message.size.max = 33570816 (custom)
2019-07-16 14:35:49,607 INFO  server.RaftServerConfigKeys (ConfUtils.java:logGet(43)) - raft.server.log.appender.buffer.byte-limit = 33554432 (custom)
2019-07-16 14:35:49,607 INFO  server.GrpcService (ConfUtils.java:logGet(43)) - raft.grpc.flow.control.window = 1MB (=1048576) (default)
2019-07-16 14:35:49,607 INFO  server.RaftServerConfigKeys (ConfUtils.java:logGet(43)) - raft.server.rpc.request.timeout = 3000ms (default)
2019-07-16 14:35:49,608 INFO  server.RaftServerConfigKeys (ConfUtils.java:logGet(43)) - raft.server.storage.dir = [/workdir/hadoop-ozone/integration-test/target/test-dir/MiniOzoneClusterImpl-cd0beb4e-717b-4910-a035-f99a3849b6d4/datanode-2/data/ratis] (custom)
2019-07-16 14:35:49,608 INFO  replication.SimpleContainerDownloader (SimpleContainerDownloader.java:<init>(72)) - Starting container downloader service to copy containers to replicate.
2019-07-16 14:35:49,610 INFO  hdfs.DFSUtil (DFSUtil.java:httpServerTemplateForNNAndJN(1641)) - Starting Web-server for hddsDatanode at: http://0.0.0.0:0
2019-07-16 14:35:49,611 INFO  server.AuthenticationFilter (AuthenticationFilter.java:constructSecretProvider(240)) - Unable to initialize FileSignerSecretProvider, falling back to use random secrets.
2019-07-16 14:35:49,612 WARN  http.HttpRequestLog (HttpRequestLog.java:getRequestLog(97)) - Jetty request log can only be enabled using Log4j
2019-07-16 14:35:49,613 INFO  http.HttpServer2 (HttpServer2.java:addGlobalFilter(975)) - Added global filter 'safety' (class=org.apache.hadoop.http.HttpServer2$QuotingInputFilter)
2019-07-16 14:35:49,614 INFO  http.HttpServer2 (HttpServer2.java:addFilter(948)) - Added filter static_user_filter (class=org.apache.hadoop.http.lib.StaticUserWebFilter$StaticUserFilter) to context hddsDatanode
2019-07-16 14:35:49,614 INFO  http.HttpServer2 (HttpServer2.java:addFilter(958)) - Added filter static_user_filter (class=org.apache.hadoop.http.lib.StaticUserWebFilter$StaticUserFilter) to context static
2019-07-16 14:35:49,614 INFO  http.HttpServer2 (HttpServer2.java:addFilter(958)) - Added filter static_user_filter (class=org.apache.hadoop.http.lib.StaticUserWebFilter$StaticUserFilter) to context logs
2019-07-16 14:35:49,615 INFO  http.HttpServer2 (HttpServer2.java:bindListener(1191)) - Jetty bound to port 45033
2019-07-16 14:35:49,615 INFO  server.Server (Server.java:doStart(351)) - jetty-9.3.24.v20180605, build timestamp: 2018-06-05T17:11:56Z, git hash: 84205aa28f11a4f31f2a3b86d1bba2cc8ab69827
2019-07-16 14:35:49,619 INFO  handler.ContextHandler (ContextHandler.java:doStart(781)) - Started o.e.j.s.ServletContextHandler@52b959df{/logs,file:///workdir/hadoop-ozone/integration-test/target/log,AVAILABLE}
2019-07-16 14:35:49,619 INFO  handler.ContextHandler (ContextHandler.java:doStart(781)) - Started o.e.j.s.ServletContextHandler@553d2579{/static,jar:file:/home/user/.m2/repository/org/apache/hadoop/hadoop-hdds-container-service/0.4.1-SNAPSHOT/hadoop-hdds-container-service-0.4.1-SNAPSHOT.jar!/webapps/static,AVAILABLE}
2019-07-16 14:35:49,643 INFO  handler.ContextHandler (ContextHandler.java:doStart(781)) - Started o.e.j.w.WebAppContext@487cd177{/,file:///tmp/jetty-0.0.0.0-45033-hddsDatanode-_-any-3506737539686296540.dir/webapp/,AVAILABLE}{/hddsDatanode}
2019-07-16 14:35:49,643 INFO  server.AbstractConnector (AbstractConnector.java:doStart(278)) - Started ServerConnector@324b6a56{HTTP/1.1,[http/1.1]}{0.0.0.0:45033}
2019-07-16 14:35:49,644 INFO  server.Server (Server.java:doStart(419)) - Started @5606ms
2019-07-16 14:35:49,646 INFO  server.BaseHttpServer (BaseHttpServer.java:updateConnectorAddress(207)) - HTTP server of HDDSDATANODE is listening at http://0.0.0.0:45033
2019-07-16 14:35:49,746 INFO  ozone.HddsDatanodeService (HddsDatanodeService.java:startPlugins(396)) - Started plug-in org.apache.hadoop.ozone.web.OzoneHddsDatanodeService@3f857e08
2019-07-16 14:35:49,747 INFO  impl.MetricsSystemImpl (MetricsSystemImpl.java:init(158)) - HddsDatanode metrics system started (again)
2019-07-16 14:35:49,747 INFO  ozone.HddsDatanodeService (HddsDatanodeService.java:start(185)) - HddsDatanodeService host:byscane-nightly-ppzk5-1864156943 ip:192.168.5.141
2019-07-16 14:35:49,749 INFO  util.JvmPauseMonitor (JvmPauseMonitor.java:run(188)) - Starting JVM pause monitor
2019-07-16 14:35:49,752 INFO  datanode.InitDatanodeState (InitDatanodeState.java:persistContainerDatanodeDetails(140)) - DatanodeDetails is persisted to /workdir/hadoop-ozone/integration-test/target/test-dir/MiniOzoneClusterImpl-cd0beb4e-717b-4910-a035-f99a3849b6d4/datanode-2/meta/datanode.id
2019-07-16 14:35:49,757 INFO  volume.HddsVolume (HddsVolume.java:<init>(176)) - Creating Volume: /workdir/hadoop-ozone/integration-test/target/test-dir/MiniOzoneClusterImpl-cd0beb4e-717b-4910-a035-f99a3849b6d4/datanode-3/data/containers/hdds of  storage type : DISK and capacity : 52710309888
2019-07-16 14:35:49,757 INFO  volume.VolumeSet (VolumeSet.java:initializeVolumeSet(170)) - Added Volume : /workdir/hadoop-ozone/integration-test/target/test-dir/MiniOzoneClusterImpl-cd0beb4e-717b-4910-a035-f99a3849b6d4/datanode-3/data/containers/hdds to VolumeSet
2019-07-16 14:35:49,757 INFO  volume.ThrottledAsyncChecker (ThrottledAsyncChecker.java:schedule(140)) - Scheduling a check for org.apache.hadoop.ozone.container.common.volume.HddsVolume@805e72e
2019-07-16 14:35:49,758 INFO  volume.HddsVolumeChecker (HddsVolumeChecker.java:checkAllVolumes(203)) - Scheduled health check for volume org.apache.hadoop.ozone.container.common.volume.HddsVolume@805e72e
2019-07-16 14:35:49,769 INFO  impl.RaftServerProxy (ConfUtils.java:logGet(43)) - raft.rpc.type = GRPC (default)
2019-07-16 14:35:49,770 INFO  grpc.GrpcFactory (GrpcFactory.java:checkPooledByteBufAllocatorUseCacheForAllThreads(45)) - PERFORMANCE WARNING: useCacheForAllThreads is true that may cause Netty to create a lot garbage objects and, as a result, trigger GC.
	It is recommended to disable useCacheForAllThreads by setting -Dorg.apache.ratis.thirdparty.io.netty.allocator.useCacheForAllThreads=false in command line.
2019-07-16 14:35:49,770 INFO  grpc.GrpcConfigKeys$Server (ConfUtils.java:logGet(43)) - raft.grpc.server.port = 0 (default)
2019-07-16 14:35:49,770 INFO  server.GrpcService (ConfUtils.java:logGet(43)) - raft.grpc.message.size.max = 33570816 (custom)
2019-07-16 14:35:49,770 INFO  server.RaftServerConfigKeys (ConfUtils.java:logGet(43)) - raft.server.log.appender.buffer.byte-limit = 33554432 (custom)
2019-07-16 14:35:49,771 INFO  server.GrpcService (ConfUtils.java:logGet(43)) - raft.grpc.flow.control.window = 1MB (=1048576) (default)
2019-07-16 14:35:49,771 INFO  server.RaftServerConfigKeys (ConfUtils.java:logGet(43)) - raft.server.rpc.request.timeout = 3000ms (default)
2019-07-16 14:35:49,771 INFO  server.RaftServerConfigKeys (ConfUtils.java:logGet(43)) - raft.server.storage.dir = [/workdir/hadoop-ozone/integration-test/target/test-dir/MiniOzoneClusterImpl-cd0beb4e-717b-4910-a035-f99a3849b6d4/datanode-3/data/ratis] (custom)
2019-07-16 14:35:49,772 INFO  replication.SimpleContainerDownloader (SimpleContainerDownloader.java:<init>(72)) - Starting container downloader service to copy containers to replicate.
2019-07-16 14:35:49,773 INFO  hdfs.DFSUtil (DFSUtil.java:httpServerTemplateForNNAndJN(1641)) - Starting Web-server for hddsDatanode at: http://0.0.0.0:0
2019-07-16 14:35:49,774 INFO  server.AuthenticationFilter (AuthenticationFilter.java:constructSecretProvider(240)) - Unable to initialize FileSignerSecretProvider, falling back to use random secrets.
2019-07-16 14:35:49,774 WARN  http.HttpRequestLog (HttpRequestLog.java:getRequestLog(97)) - Jetty request log can only be enabled using Log4j
2019-07-16 14:35:49,775 INFO  http.HttpServer2 (HttpServer2.java:addGlobalFilter(975)) - Added global filter 'safety' (class=org.apache.hadoop.http.HttpServer2$QuotingInputFilter)
2019-07-16 14:35:49,776 INFO  http.HttpServer2 (HttpServer2.java:addFilter(948)) - Added filter static_user_filter (class=org.apache.hadoop.http.lib.StaticUserWebFilter$StaticUserFilter) to context hddsDatanode
2019-07-16 14:35:49,776 INFO  http.HttpServer2 (HttpServer2.java:addFilter(958)) - Added filter static_user_filter (class=org.apache.hadoop.http.lib.StaticUserWebFilter$StaticUserFilter) to context static
2019-07-16 14:35:49,776 INFO  http.HttpServer2 (HttpServer2.java:addFilter(958)) - Added filter static_user_filter (class=org.apache.hadoop.http.lib.StaticUserWebFilter$StaticUserFilter) to context logs
2019-07-16 14:35:49,777 INFO  http.HttpServer2 (HttpServer2.java:bindListener(1191)) - Jetty bound to port 42543
2019-07-16 14:35:49,777 INFO  server.Server (Server.java:doStart(351)) - jetty-9.3.24.v20180605, build timestamp: 2018-06-05T17:11:56Z, git hash: 84205aa28f11a4f31f2a3b86d1bba2cc8ab69827
2019-07-16 14:35:49,779 INFO  handler.ContextHandler (ContextHandler.java:doStart(781)) - Started o.e.j.s.ServletContextHandler@39ab5ef7{/logs,file:///workdir/hadoop-ozone/integration-test/target/log,AVAILABLE}
2019-07-16 14:35:49,780 INFO  handler.ContextHandler (ContextHandler.java:doStart(781)) - Started o.e.j.s.ServletContextHandler@77cca767{/static,jar:file:/home/user/.m2/repository/org/apache/hadoop/hadoop-hdds-container-service/0.4.1-SNAPSHOT/hadoop-hdds-container-service-0.4.1-SNAPSHOT.jar!/webapps/static,AVAILABLE}
2019-07-16 14:35:49,804 INFO  handler.ContextHandler (ContextHandler.java:doStart(781)) - Started o.e.j.w.WebAppContext@7d2c9361{/,file:///tmp/jetty-0.0.0.0-42543-hddsDatanode-_-any-6898473017919707655.dir/webapp/,AVAILABLE}{/hddsDatanode}
2019-07-16 14:35:49,804 INFO  server.AbstractConnector (AbstractConnector.java:doStart(278)) - Started ServerConnector@329dc214{HTTP/1.1,[http/1.1]}{0.0.0.0:42543}
2019-07-16 14:35:49,805 INFO  server.Server (Server.java:doStart(419)) - Started @5767ms
2019-07-16 14:35:49,806 INFO  server.BaseHttpServer (BaseHttpServer.java:updateConnectorAddress(207)) - HTTP server of HDDSDATANODE is listening at http://0.0.0.0:42543
2019-07-16 14:35:49,907 INFO  ozone.HddsDatanodeService (HddsDatanodeService.java:startPlugins(396)) - Started plug-in org.apache.hadoop.ozone.web.OzoneHddsDatanodeService@16cf8438
2019-07-16 14:35:49,907 INFO  impl.MetricsSystemImpl (MetricsSystemImpl.java:init(158)) - HddsDatanode metrics system started (again)
2019-07-16 14:35:49,908 INFO  ozone.HddsDatanodeService (HddsDatanodeService.java:start(185)) - HddsDatanodeService host:byscane-nightly-ppzk5-1864156943 ip:192.168.5.141
2019-07-16 14:35:49,910 INFO  util.JvmPauseMonitor (JvmPauseMonitor.java:run(188)) - Starting JVM pause monitor
2019-07-16 14:35:49,912 INFO  datanode.InitDatanodeState (InitDatanodeState.java:persistContainerDatanodeDetails(140)) - DatanodeDetails is persisted to /workdir/hadoop-ozone/integration-test/target/test-dir/MiniOzoneClusterImpl-cd0beb4e-717b-4910-a035-f99a3849b6d4/datanode-3/meta/datanode.id
2019-07-16 14:35:49,916 INFO  volume.HddsVolume (HddsVolume.java:<init>(176)) - Creating Volume: /workdir/hadoop-ozone/integration-test/target/test-dir/MiniOzoneClusterImpl-cd0beb4e-717b-4910-a035-f99a3849b6d4/datanode-4/data/containers/hdds of  storage type : DISK and capacity : 52710309888
2019-07-16 14:35:49,917 INFO  volume.VolumeSet (VolumeSet.java:initializeVolumeSet(170)) - Added Volume : /workdir/hadoop-ozone/integration-test/target/test-dir/MiniOzoneClusterImpl-cd0beb4e-717b-4910-a035-f99a3849b6d4/datanode-4/data/containers/hdds to VolumeSet
2019-07-16 14:35:49,918 INFO  volume.ThrottledAsyncChecker (ThrottledAsyncChecker.java:schedule(140)) - Scheduling a check for org.apache.hadoop.ozone.container.common.volume.HddsVolume@b1b471
2019-07-16 14:35:49,918 INFO  volume.HddsVolumeChecker (HddsVolumeChecker.java:checkAllVolumes(203)) - Scheduled health check for volume org.apache.hadoop.ozone.container.common.volume.HddsVolume@b1b471
2019-07-16 14:35:49,931 INFO  impl.RaftServerProxy (ConfUtils.java:logGet(43)) - raft.rpc.type = GRPC (default)
2019-07-16 14:35:49,931 INFO  grpc.GrpcFactory (GrpcFactory.java:checkPooledByteBufAllocatorUseCacheForAllThreads(45)) - PERFORMANCE WARNING: useCacheForAllThreads is true that may cause Netty to create a lot garbage objects and, as a result, trigger GC.
	It is recommended to disable useCacheForAllThreads by setting -Dorg.apache.ratis.thirdparty.io.netty.allocator.useCacheForAllThreads=false in command line.
2019-07-16 14:35:49,931 INFO  grpc.GrpcConfigKeys$Server (ConfUtils.java:logGet(43)) - raft.grpc.server.port = 0 (default)
2019-07-16 14:35:49,931 INFO  server.GrpcService (ConfUtils.java:logGet(43)) - raft.grpc.message.size.max = 33570816 (custom)
2019-07-16 14:35:49,931 INFO  server.RaftServerConfigKeys (ConfUtils.java:logGet(43)) - raft.server.log.appender.buffer.byte-limit = 33554432 (custom)
2019-07-16 14:35:49,932 INFO  server.GrpcService (ConfUtils.java:logGet(43)) - raft.grpc.flow.control.window = 1MB (=1048576) (default)
2019-07-16 14:35:49,932 INFO  server.RaftServerConfigKeys (ConfUtils.java:logGet(43)) - raft.server.rpc.request.timeout = 3000ms (default)
2019-07-16 14:35:49,932 INFO  server.RaftServerConfigKeys (ConfUtils.java:logGet(43)) - raft.server.storage.dir = [/workdir/hadoop-ozone/integration-test/target/test-dir/MiniOzoneClusterImpl-cd0beb4e-717b-4910-a035-f99a3849b6d4/datanode-4/data/ratis] (custom)
2019-07-16 14:35:49,933 INFO  replication.SimpleContainerDownloader (SimpleContainerDownloader.java:<init>(72)) - Starting container downloader service to copy containers to replicate.
2019-07-16 14:35:49,934 INFO  hdfs.DFSUtil (DFSUtil.java:httpServerTemplateForNNAndJN(1641)) - Starting Web-server for hddsDatanode at: http://0.0.0.0:0
2019-07-16 14:35:49,935 INFO  server.AuthenticationFilter (AuthenticationFilter.java:constructSecretProvider(240)) - Unable to initialize FileSignerSecretProvider, falling back to use random secrets.
2019-07-16 14:35:49,936 WARN  http.HttpRequestLog (HttpRequestLog.java:getRequestLog(97)) - Jetty request log can only be enabled using Log4j
2019-07-16 14:35:49,937 INFO  http.HttpServer2 (HttpServer2.java:addGlobalFilter(975)) - Added global filter 'safety' (class=org.apache.hadoop.http.HttpServer2$QuotingInputFilter)
2019-07-16 14:35:49,938 INFO  http.HttpServer2 (HttpServer2.java:addFilter(948)) - Added filter static_user_filter (class=org.apache.hadoop.http.lib.StaticUserWebFilter$StaticUserFilter) to context hddsDatanode
2019-07-16 14:35:49,938 INFO  http.HttpServer2 (HttpServer2.java:addFilter(958)) - Added filter static_user_filter (class=org.apache.hadoop.http.lib.StaticUserWebFilter$StaticUserFilter) to context static
2019-07-16 14:35:49,938 INFO  http.HttpServer2 (HttpServer2.java:addFilter(958)) - Added filter static_user_filter (class=org.apache.hadoop.http.lib.StaticUserWebFilter$StaticUserFilter) to context logs
2019-07-16 14:35:49,939 INFO  http.HttpServer2 (HttpServer2.java:bindListener(1191)) - Jetty bound to port 40581
2019-07-16 14:35:49,939 INFO  server.Server (Server.java:doStart(351)) - jetty-9.3.24.v20180605, build timestamp: 2018-06-05T17:11:56Z, git hash: 84205aa28f11a4f31f2a3b86d1bba2cc8ab69827
2019-07-16 14:35:49,943 INFO  handler.ContextHandler (ContextHandler.java:doStart(781)) - Started o.e.j.s.ServletContextHandler@543fe698{/logs,file:///workdir/hadoop-ozone/integration-test/target/log,AVAILABLE}
2019-07-16 14:35:49,943 INFO  handler.ContextHandler (ContextHandler.java:doStart(781)) - Started o.e.j.s.ServletContextHandler@2ca3d826{/static,jar:file:/home/user/.m2/repository/org/apache/hadoop/hadoop-hdds-container-service/0.4.1-SNAPSHOT/hadoop-hdds-container-service-0.4.1-SNAPSHOT.jar!/webapps/static,AVAILABLE}
2019-07-16 14:35:49,969 INFO  handler.ContextHandler (ContextHandler.java:doStart(781)) - Started o.e.j.w.WebAppContext@34a20f16{/,file:///tmp/jetty-0.0.0.0-40581-hddsDatanode-_-any-8206668870510729144.dir/webapp/,AVAILABLE}{/hddsDatanode}
2019-07-16 14:35:49,970 INFO  server.AbstractConnector (AbstractConnector.java:doStart(278)) - Started ServerConnector@496cc217{HTTP/1.1,[http/1.1]}{0.0.0.0:40581}
2019-07-16 14:35:49,971 INFO  server.Server (Server.java:doStart(419)) - Started @5933ms
2019-07-16 14:35:49,974 INFO  server.BaseHttpServer (BaseHttpServer.java:updateConnectorAddress(207)) - HTTP server of HDDSDATANODE is listening at http://0.0.0.0:40581
2019-07-16 14:35:50,076 INFO  ozone.HddsDatanodeService (HddsDatanodeService.java:startPlugins(396)) - Started plug-in org.apache.hadoop.ozone.web.OzoneHddsDatanodeService@68dfda77
2019-07-16 14:35:50,077 INFO  impl.MetricsSystemImpl (MetricsSystemImpl.java:init(158)) - HddsDatanode metrics system started (again)
2019-07-16 14:35:50,077 INFO  ozone.HddsDatanodeService (HddsDatanodeService.java:start(185)) - HddsDatanodeService host:byscane-nightly-ppzk5-1864156943 ip:192.168.5.141
2019-07-16 14:35:50,079 INFO  util.JvmPauseMonitor (JvmPauseMonitor.java:run(188)) - Starting JVM pause monitor
2019-07-16 14:35:50,084 INFO  volume.HddsVolume (HddsVolume.java:<init>(176)) - Creating Volume: /workdir/hadoop-ozone/integration-test/target/test-dir/MiniOzoneClusterImpl-cd0beb4e-717b-4910-a035-f99a3849b6d4/datanode-5/data/containers/hdds of  storage type : DISK and capacity : 52710309888
2019-07-16 14:35:50,084 INFO  datanode.InitDatanodeState (InitDatanodeState.java:persistContainerDatanodeDetails(140)) - DatanodeDetails is persisted to /workdir/hadoop-ozone/integration-test/target/test-dir/MiniOzoneClusterImpl-cd0beb4e-717b-4910-a035-f99a3849b6d4/datanode-4/meta/datanode.id
2019-07-16 14:35:50,084 INFO  volume.VolumeSet (VolumeSet.java:initializeVolumeSet(170)) - Added Volume : /workdir/hadoop-ozone/integration-test/target/test-dir/MiniOzoneClusterImpl-cd0beb4e-717b-4910-a035-f99a3849b6d4/datanode-5/data/containers/hdds to VolumeSet
2019-07-16 14:35:50,084 INFO  volume.ThrottledAsyncChecker (ThrottledAsyncChecker.java:schedule(140)) - Scheduling a check for org.apache.hadoop.ozone.container.common.volume.HddsVolume@57cabdc3
2019-07-16 14:35:50,085 INFO  volume.HddsVolumeChecker (HddsVolumeChecker.java:checkAllVolumes(203)) - Scheduled health check for volume org.apache.hadoop.ozone.container.common.volume.HddsVolume@57cabdc3
2019-07-16 14:35:50,099 INFO  impl.RaftServerProxy (ConfUtils.java:logGet(43)) - raft.rpc.type = GRPC (default)
2019-07-16 14:35:50,099 INFO  grpc.GrpcFactory (GrpcFactory.java:checkPooledByteBufAllocatorUseCacheForAllThreads(45)) - PERFORMANCE WARNING: useCacheForAllThreads is true that may cause Netty to create a lot garbage objects and, as a result, trigger GC.
	It is recommended to disable useCacheForAllThreads by setting -Dorg.apache.ratis.thirdparty.io.netty.allocator.useCacheForAllThreads=false in command line.
2019-07-16 14:35:50,099 INFO  grpc.GrpcConfigKeys$Server (ConfUtils.java:logGet(43)) - raft.grpc.server.port = 0 (default)
2019-07-16 14:35:50,100 INFO  server.GrpcService (ConfUtils.java:logGet(43)) - raft.grpc.message.size.max = 33570816 (custom)
2019-07-16 14:35:50,100 INFO  server.RaftServerConfigKeys (ConfUtils.java:logGet(43)) - raft.server.log.appender.buffer.byte-limit = 33554432 (custom)
2019-07-16 14:35:50,100 INFO  server.GrpcService (ConfUtils.java:logGet(43)) - raft.grpc.flow.control.window = 1MB (=1048576) (default)
2019-07-16 14:35:50,100 INFO  server.RaftServerConfigKeys (ConfUtils.java:logGet(43)) - raft.server.rpc.request.timeout = 3000ms (default)
2019-07-16 14:35:50,101 INFO  server.RaftServerConfigKeys (ConfUtils.java:logGet(43)) - raft.server.storage.dir = [/workdir/hadoop-ozone/integration-test/target/test-dir/MiniOzoneClusterImpl-cd0beb4e-717b-4910-a035-f99a3849b6d4/datanode-5/data/ratis] (custom)
2019-07-16 14:35:50,101 INFO  replication.SimpleContainerDownloader (SimpleContainerDownloader.java:<init>(72)) - Starting container downloader service to copy containers to replicate.
2019-07-16 14:35:50,102 INFO  hdfs.DFSUtil (DFSUtil.java:httpServerTemplateForNNAndJN(1641)) - Starting Web-server for hddsDatanode at: http://0.0.0.0:0
2019-07-16 14:35:50,103 INFO  server.AuthenticationFilter (AuthenticationFilter.java:constructSecretProvider(240)) - Unable to initialize FileSignerSecretProvider, falling back to use random secrets.
2019-07-16 14:35:50,104 WARN  http.HttpRequestLog (HttpRequestLog.java:getRequestLog(97)) - Jetty request log can only be enabled using Log4j
2019-07-16 14:35:50,105 INFO  http.HttpServer2 (HttpServer2.java:addGlobalFilter(975)) - Added global filter 'safety' (class=org.apache.hadoop.http.HttpServer2$QuotingInputFilter)
2019-07-16 14:35:50,105 INFO  http.HttpServer2 (HttpServer2.java:addFilter(948)) - Added filter static_user_filter (class=org.apache.hadoop.http.lib.StaticUserWebFilter$StaticUserFilter) to context hddsDatanode
2019-07-16 14:35:50,106 INFO  http.HttpServer2 (HttpServer2.java:addFilter(958)) - Added filter static_user_filter (class=org.apache.hadoop.http.lib.StaticUserWebFilter$StaticUserFilter) to context logs
2019-07-16 14:35:50,106 INFO  http.HttpServer2 (HttpServer2.java:addFilter(958)) - Added filter static_user_filter (class=org.apache.hadoop.http.lib.StaticUserWebFilter$StaticUserFilter) to context static
2019-07-16 14:35:50,106 INFO  http.HttpServer2 (HttpServer2.java:bindListener(1191)) - Jetty bound to port 46603
2019-07-16 14:35:50,107 INFO  server.Server (Server.java:doStart(351)) - jetty-9.3.24.v20180605, build timestamp: 2018-06-05T17:11:56Z, git hash: 84205aa28f11a4f31f2a3b86d1bba2cc8ab69827
2019-07-16 14:35:50,108 INFO  handler.ContextHandler (ContextHandler.java:doStart(781)) - Started o.e.j.s.ServletContextHandler@3e53c4ad{/logs,file:///workdir/hadoop-ozone/integration-test/target/log,AVAILABLE}
2019-07-16 14:35:50,109 INFO  handler.ContextHandler (ContextHandler.java:doStart(781)) - Started o.e.j.s.ServletContextHandler@224d86d2{/static,jar:file:/home/user/.m2/repository/org/apache/hadoop/hadoop-hdds-container-service/0.4.1-SNAPSHOT/hadoop-hdds-container-service-0.4.1-SNAPSHOT.jar!/webapps/static,AVAILABLE}
2019-07-16 14:35:50,134 INFO  handler.ContextHandler (ContextHandler.java:doStart(781)) - Started o.e.j.w.WebAppContext@2d206a71{/,file:///tmp/jetty-0.0.0.0-46603-hddsDatanode-_-any-86902788844338580.dir/webapp/,AVAILABLE}{/hddsDatanode}
2019-07-16 14:35:50,135 INFO  server.AbstractConnector (AbstractConnector.java:doStart(278)) - Started ServerConnector@37e7c4cc{HTTP/1.1,[http/1.1]}{0.0.0.0:46603}
2019-07-16 14:35:50,136 INFO  server.Server (Server.java:doStart(419)) - Started @6098ms
2019-07-16 14:35:50,136 INFO  server.BaseHttpServer (BaseHttpServer.java:updateConnectorAddress(207)) - HTTP server of HDDSDATANODE is listening at http://0.0.0.0:46603
2019-07-16 14:35:50,253 INFO  ozone.HddsDatanodeService (HddsDatanodeService.java:startPlugins(396)) - Started plug-in org.apache.hadoop.ozone.web.OzoneHddsDatanodeService@573aeab2
2019-07-16 14:35:50,253 INFO  impl.MetricsSystemImpl (MetricsSystemImpl.java:init(158)) - HddsDatanode metrics system started (again)
2019-07-16 14:35:50,254 INFO  ozone.HddsDatanodeService (HddsDatanodeService.java:start(185)) - HddsDatanodeService host:byscane-nightly-ppzk5-1864156943 ip:192.168.5.141
2019-07-16 14:35:50,256 INFO  util.JvmPauseMonitor (JvmPauseMonitor.java:run(188)) - Starting JVM pause monitor
2019-07-16 14:35:50,260 INFO  datanode.InitDatanodeState (InitDatanodeState.java:persistContainerDatanodeDetails(140)) - DatanodeDetails is persisted to /workdir/hadoop-ozone/integration-test/target/test-dir/MiniOzoneClusterImpl-cd0beb4e-717b-4910-a035-f99a3849b6d4/datanode-5/meta/datanode.id
2019-07-16 14:35:50,263 INFO  volume.HddsVolume (HddsVolume.java:<init>(176)) - Creating Volume: /workdir/hadoop-ozone/integration-test/target/test-dir/MiniOzoneClusterImpl-cd0beb4e-717b-4910-a035-f99a3849b6d4/datanode-6/data/containers/hdds of  storage type : DISK and capacity : 52710309888
2019-07-16 14:35:50,264 INFO  volume.VolumeSet (VolumeSet.java:initializeVolumeSet(170)) - Added Volume : /workdir/hadoop-ozone/integration-test/target/test-dir/MiniOzoneClusterImpl-cd0beb4e-717b-4910-a035-f99a3849b6d4/datanode-6/data/containers/hdds to VolumeSet
2019-07-16 14:35:50,264 INFO  volume.ThrottledAsyncChecker (ThrottledAsyncChecker.java:schedule(140)) - Scheduling a check for org.apache.hadoop.ozone.container.common.volume.HddsVolume@4dd2ef54
2019-07-16 14:35:50,264 INFO  volume.HddsVolumeChecker (HddsVolumeChecker.java:checkAllVolumes(203)) - Scheduled health check for volume org.apache.hadoop.ozone.container.common.volume.HddsVolume@4dd2ef54
2019-07-16 14:35:50,280 INFO  impl.RaftServerProxy (ConfUtils.java:logGet(43)) - raft.rpc.type = GRPC (default)
2019-07-16 14:35:50,281 INFO  grpc.GrpcFactory (GrpcFactory.java:checkPooledByteBufAllocatorUseCacheForAllThreads(45)) - PERFORMANCE WARNING: useCacheForAllThreads is true that may cause Netty to create a lot garbage objects and, as a result, trigger GC.
	It is recommended to disable useCacheForAllThreads by setting -Dorg.apache.ratis.thirdparty.io.netty.allocator.useCacheForAllThreads=false in command line.
2019-07-16 14:35:50,281 INFO  grpc.GrpcConfigKeys$Server (ConfUtils.java:logGet(43)) - raft.grpc.server.port = 0 (default)
2019-07-16 14:35:50,281 INFO  server.GrpcService (ConfUtils.java:logGet(43)) - raft.grpc.message.size.max = 33570816 (custom)
2019-07-16 14:35:50,281 INFO  server.RaftServerConfigKeys (ConfUtils.java:logGet(43)) - raft.server.log.appender.buffer.byte-limit = 33554432 (custom)
2019-07-16 14:35:50,281 INFO  server.GrpcService (ConfUtils.java:logGet(43)) - raft.grpc.flow.control.window = 1MB (=1048576) (default)
2019-07-16 14:35:50,282 INFO  server.RaftServerConfigKeys (ConfUtils.java:logGet(43)) - raft.server.rpc.request.timeout = 3000ms (default)
2019-07-16 14:35:50,282 INFO  server.RaftServerConfigKeys (ConfUtils.java:logGet(43)) - raft.server.storage.dir = [/workdir/hadoop-ozone/integration-test/target/test-dir/MiniOzoneClusterImpl-cd0beb4e-717b-4910-a035-f99a3849b6d4/datanode-6/data/ratis] (custom)
2019-07-16 14:35:50,283 INFO  replication.SimpleContainerDownloader (SimpleContainerDownloader.java:<init>(72)) - Starting container downloader service to copy containers to replicate.
2019-07-16 14:35:50,284 INFO  hdfs.DFSUtil (DFSUtil.java:httpServerTemplateForNNAndJN(1641)) - Starting Web-server for hddsDatanode at: http://0.0.0.0:0
2019-07-16 14:35:50,285 INFO  server.AuthenticationFilter (AuthenticationFilter.java:constructSecretProvider(240)) - Unable to initialize FileSignerSecretProvider, falling back to use random secrets.
2019-07-16 14:35:50,286 WARN  http.HttpRequestLog (HttpRequestLog.java:getRequestLog(97)) - Jetty request log can only be enabled using Log4j
2019-07-16 14:35:50,287 INFO  http.HttpServer2 (HttpServer2.java:addGlobalFilter(975)) - Added global filter 'safety' (class=org.apache.hadoop.http.HttpServer2$QuotingInputFilter)
2019-07-16 14:35:50,287 INFO  http.HttpServer2 (HttpServer2.java:addFilter(948)) - Added filter static_user_filter (class=org.apache.hadoop.http.lib.StaticUserWebFilter$StaticUserFilter) to context hddsDatanode
2019-07-16 14:35:50,287 INFO  http.HttpServer2 (HttpServer2.java:addFilter(958)) - Added filter static_user_filter (class=org.apache.hadoop.http.lib.StaticUserWebFilter$StaticUserFilter) to context static
2019-07-16 14:35:50,288 INFO  http.HttpServer2 (HttpServer2.java:addFilter(958)) - Added filter static_user_filter (class=org.apache.hadoop.http.lib.StaticUserWebFilter$StaticUserFilter) to context logs
2019-07-16 14:35:50,288 INFO  http.HttpServer2 (HttpServer2.java:bindListener(1191)) - Jetty bound to port 36152
2019-07-16 14:35:50,288 INFO  server.Server (Server.java:doStart(351)) - jetty-9.3.24.v20180605, build timestamp: 2018-06-05T17:11:56Z, git hash: 84205aa28f11a4f31f2a3b86d1bba2cc8ab69827
2019-07-16 14:35:50,290 INFO  handler.ContextHandler (ContextHandler.java:doStart(781)) - Started o.e.j.s.ServletContextHandler@175581eb{/logs,file:///workdir/hadoop-ozone/integration-test/target/log,AVAILABLE}
2019-07-16 14:35:50,291 INFO  handler.ContextHandler (ContextHandler.java:doStart(781)) - Started o.e.j.s.ServletContextHandler@2baf72d5{/static,jar:file:/home/user/.m2/repository/org/apache/hadoop/hadoop-hdds-container-service/0.4.1-SNAPSHOT/hadoop-hdds-container-service-0.4.1-SNAPSHOT.jar!/webapps/static,AVAILABLE}
2019-07-16 14:35:50,313 INFO  handler.ContextHandler (ContextHandler.java:doStart(781)) - Started o.e.j.w.WebAppContext@407b8435{/,file:///tmp/jetty-0.0.0.0-36152-hddsDatanode-_-any-7212947187732489278.dir/webapp/,AVAILABLE}{/hddsDatanode}
2019-07-16 14:35:50,314 INFO  server.AbstractConnector (AbstractConnector.java:doStart(278)) - Started ServerConnector@1282e98{HTTP/1.1,[http/1.1]}{0.0.0.0:36152}
2019-07-16 14:35:50,315 INFO  server.Server (Server.java:doStart(419)) - Started @6277ms
2019-07-16 14:35:50,316 INFO  server.BaseHttpServer (BaseHttpServer.java:updateConnectorAddress(207)) - HTTP server of HDDSDATANODE is listening at http://0.0.0.0:36152
2019-07-16 14:35:50,485 INFO  ozone.HddsDatanodeService (HddsDatanodeService.java:startPlugins(396)) - Started plug-in org.apache.hadoop.ozone.web.OzoneHddsDatanodeService@987a0bb
2019-07-16 14:35:50,486 INFO  ozone.MiniOzoneClusterImpl (MiniOzoneClusterImpl.java:lambda$waitForClusterToBeReady$0(142)) - Waiting for cluster to be ready. Got 0 of 7 DN Heartbeats.
2019-07-16 14:35:50,487 INFO  util.JvmPauseMonitor (JvmPauseMonitor.java:run(188)) - Starting JVM pause monitor
2019-07-16 14:35:50,489 INFO  datanode.InitDatanodeState (InitDatanodeState.java:persistContainerDatanodeDetails(140)) - DatanodeDetails is persisted to /workdir/hadoop-ozone/integration-test/target/test-dir/MiniOzoneClusterImpl-cd0beb4e-717b-4910-a035-f99a3849b6d4/datanode-6/meta/datanode.id
2019-07-16 14:35:51,486 INFO  ozone.MiniOzoneClusterImpl (MiniOzoneClusterImpl.java:lambda$waitForClusterToBeReady$0(142)) - Waiting for cluster to be ready. Got 0 of 7 DN Heartbeats.
2019-07-16 14:35:52,487 INFO  ozone.MiniOzoneClusterImpl (MiniOzoneClusterImpl.java:lambda$waitForClusterToBeReady$0(142)) - Waiting for cluster to be ready. Got 0 of 7 DN Heartbeats.
2019-07-16 14:35:52,914 INFO  ozoneimpl.OzoneContainer (OzoneContainer.java:start(186)) - Attempting to start container services.
2019-07-16 14:35:52,914 INFO  ozoneimpl.OzoneContainer (OzoneContainer.java:start(186)) - Attempting to start container services.
2019-07-16 14:35:52,914 INFO  ozoneimpl.OzoneContainer (OzoneContainer.java:start(186)) - Attempting to start container services.
2019-07-16 14:35:52,914 INFO  ozoneimpl.OzoneContainer (OzoneContainer.java:start(186)) - Attempting to start container services.
2019-07-16 14:35:52,914 INFO  ozoneimpl.OzoneContainer (OzoneContainer.java:start(186)) - Attempting to start container services.
2019-07-16 14:35:52,914 INFO  ozoneimpl.OzoneContainer (OzoneContainer.java:start(186)) - Attempting to start container services.
2019-07-16 14:35:52,922 INFO  ozoneimpl.OzoneContainer (OzoneContainer.java:startContainerScrub(160)) - Background container scrubber has been disabled by hdds.containerscrub.enabled
2019-07-16 14:35:52,922 INFO  ozoneimpl.OzoneContainer (OzoneContainer.java:startContainerScrub(160)) - Background container scrubber has been disabled by hdds.containerscrub.enabled
2019-07-16 14:35:52,925 INFO  ratis.XceiverServerRatis (XceiverServerRatis.java:start(418)) - Starting XceiverServerRatis 40172ca2-e6ac-42a3-9aae-5947fa7d9dc4 at port 0
2019-07-16 14:35:52,920 INFO  ozoneimpl.OzoneContainer (OzoneContainer.java:startContainerScrub(160)) - Background container scrubber has been disabled by hdds.containerscrub.enabled
2019-07-16 14:35:52,918 INFO  ozoneimpl.OzoneContainer (OzoneContainer.java:startContainerScrub(160)) - Background container scrubber has been disabled by hdds.containerscrub.enabled
2019-07-16 14:35:52,925 INFO  ratis.XceiverServerRatis (XceiverServerRatis.java:start(418)) - Starting XceiverServerRatis 7e7798a3-6138-4857-8cc4-9add5e10292f at port 0
2019-07-16 14:35:52,917 INFO  ozoneimpl.OzoneContainer (OzoneContainer.java:startContainerScrub(160)) - Background container scrubber has been disabled by hdds.containerscrub.enabled
2019-07-16 14:35:52,925 INFO  ratis.XceiverServerRatis (XceiverServerRatis.java:start(418)) - Starting XceiverServerRatis b5d1a781-cdce-4b0c-8da3-26ed70390cd7 at port 0
2019-07-16 14:35:52,924 INFO  ratis.XceiverServerRatis (XceiverServerRatis.java:start(418)) - Starting XceiverServerRatis 9226dd17-256e-4d27-87e0-1e025cbf773d at port 0
2019-07-16 14:35:52,924 INFO  ozoneimpl.OzoneContainer (OzoneContainer.java:startContainerScrub(160)) - Background container scrubber has been disabled by hdds.containerscrub.enabled
2019-07-16 14:35:52,926 INFO  ratis.XceiverServerRatis (XceiverServerRatis.java:start(418)) - Starting XceiverServerRatis e23718f9-2f23-42f9-b2c7-e09aaf1dba64 at port 0
2019-07-16 14:35:52,926 INFO  ratis.XceiverServerRatis (XceiverServerRatis.java:start(418)) - Starting XceiverServerRatis 09bca760-3b13-4120-b2e8-a5f0ffa0775c at port 0
2019-07-16 14:35:52,983 INFO  impl.RaftServerProxy (RaftServerProxy.java:lambda$start$3(299)) - 9226dd17-256e-4d27-87e0-1e025cbf773d: start RPC server
2019-07-16 14:35:52,983 INFO  impl.RaftServerProxy (RaftServerProxy.java:lambda$start$3(299)) - b5d1a781-cdce-4b0c-8da3-26ed70390cd7: start RPC server
2019-07-16 14:35:52,983 INFO  impl.RaftServerProxy (RaftServerProxy.java:lambda$start$3(299)) - 7e7798a3-6138-4857-8cc4-9add5e10292f: start RPC server
2019-07-16 14:35:52,983 INFO  impl.RaftServerProxy (RaftServerProxy.java:lambda$start$3(299)) - 40172ca2-e6ac-42a3-9aae-5947fa7d9dc4: start RPC server
2019-07-16 14:35:52,983 INFO  impl.RaftServerProxy (RaftServerProxy.java:lambda$start$3(299)) - 09bca760-3b13-4120-b2e8-a5f0ffa0775c: start RPC server
2019-07-16 14:35:52,983 INFO  impl.RaftServerProxy (RaftServerProxy.java:lambda$start$3(299)) - e23718f9-2f23-42f9-b2c7-e09aaf1dba64: start RPC server
2019-07-16 14:35:53,147 INFO  server.GrpcService (GrpcService.java:startImpl(149)) - b5d1a781-cdce-4b0c-8da3-26ed70390cd7: GrpcService started, listening on 0.0.0.0/0.0.0.0:44809
2019-07-16 14:35:53,147 INFO  server.GrpcService (GrpcService.java:startImpl(149)) - 40172ca2-e6ac-42a3-9aae-5947fa7d9dc4: GrpcService started, listening on 0.0.0.0/0.0.0.0:41846
2019-07-16 14:35:53,147 INFO  server.GrpcService (GrpcService.java:startImpl(149)) - 9226dd17-256e-4d27-87e0-1e025cbf773d: GrpcService started, listening on 0.0.0.0/0.0.0.0:45537
2019-07-16 14:35:53,147 INFO  server.GrpcService (GrpcService.java:startImpl(149)) - 7e7798a3-6138-4857-8cc4-9add5e10292f: GrpcService started, listening on 0.0.0.0/0.0.0.0:33797
2019-07-16 14:35:53,147 INFO  server.GrpcService (GrpcService.java:startImpl(149)) - e23718f9-2f23-42f9-b2c7-e09aaf1dba64: GrpcService started, listening on 0.0.0.0/0.0.0.0:33938
2019-07-16 14:35:53,147 INFO  server.GrpcService (GrpcService.java:startImpl(149)) - 09bca760-3b13-4120-b2e8-a5f0ffa0775c: GrpcService started, listening on 0.0.0.0/0.0.0.0:33197
2019-07-16 14:35:53,149 INFO  ratis.XceiverServerRatis (XceiverServerRatis.java:start(428)) - XceiverServerRatis e23718f9-2f23-42f9-b2c7-e09aaf1dba64 is started using port 33938
2019-07-16 14:35:53,149 INFO  ratis.XceiverServerRatis (XceiverServerRatis.java:start(428)) - XceiverServerRatis 7e7798a3-6138-4857-8cc4-9add5e10292f is started using port 33797
2019-07-16 14:35:53,149 INFO  ratis.XceiverServerRatis (XceiverServerRatis.java:start(428)) - XceiverServerRatis 9226dd17-256e-4d27-87e0-1e025cbf773d is started using port 45537
2019-07-16 14:35:53,149 INFO  ratis.XceiverServerRatis (XceiverServerRatis.java:start(428)) - XceiverServerRatis 40172ca2-e6ac-42a3-9aae-5947fa7d9dc4 is started using port 41846
2019-07-16 14:35:53,148 INFO  ratis.XceiverServerRatis (XceiverServerRatis.java:start(428)) - XceiverServerRatis b5d1a781-cdce-4b0c-8da3-26ed70390cd7 is started using port 44809
2019-07-16 14:35:53,149 INFO  ratis.XceiverServerRatis (XceiverServerRatis.java:start(428)) - XceiverServerRatis 09bca760-3b13-4120-b2e8-a5f0ffa0775c is started using port 33197
2019-07-16 14:35:53,160 INFO  server.XceiverServerGrpc (XceiverServerGrpc.java:start(160)) - XceiverServerGrpc e23718f9-2f23-42f9-b2c7-e09aaf1dba64 is started using port 40614
2019-07-16 14:35:53,162 INFO  server.XceiverServerGrpc (XceiverServerGrpc.java:start(160)) - XceiverServerGrpc 7e7798a3-6138-4857-8cc4-9add5e10292f is started using port 39345
2019-07-16 14:35:53,163 INFO  server.XceiverServerGrpc (XceiverServerGrpc.java:start(160)) - XceiverServerGrpc 9226dd17-256e-4d27-87e0-1e025cbf773d is started using port 42554
2019-07-16 14:35:53,163 INFO  server.XceiverServerGrpc (XceiverServerGrpc.java:start(160)) - XceiverServerGrpc 40172ca2-e6ac-42a3-9aae-5947fa7d9dc4 is started using port 45528
2019-07-16 14:35:53,163 INFO  server.XceiverServerGrpc (XceiverServerGrpc.java:start(160)) - XceiverServerGrpc b5d1a781-cdce-4b0c-8da3-26ed70390cd7 is started using port 36057
2019-07-16 14:35:53,163 INFO  server.XceiverServerGrpc (XceiverServerGrpc.java:start(160)) - XceiverServerGrpc 09bca760-3b13-4120-b2e8-a5f0ffa0775c is started using port 43196
2019-07-16 14:35:53,423 INFO  net.NetworkTopology (NetworkTopologyImpl.java:add(109)) - Added a new node: /default-rack/192.168.5.141
2019-07-16 14:35:53,424 INFO  node.SCMNodeManager (SCMNodeManager.java:register(268)) - Registered Data node : 9226dd17-256e-4d27-87e0-1e025cbf773d{ip: 192.168.5.141, host: byscane-nightly-ppzk5-1864156943, networkLocation: /default-rack, certSerialId: null}
2019-07-16 14:35:53,430 INFO  safemode.SCMSafeModeManager (DataNodeSafeModeRule.java:process(71)) - SCM in safe mode. 1 DataNodes registered, 1 required.
2019-07-16 14:35:53,430 INFO  safemode.SCMSafeModeManager (SCMSafeModeManager.java:validateSafeModeExitRules(177)) - ScmSafeModeManager, all rules are successfully validated
2019-07-16 14:35:53,430 INFO  safemode.SCMSafeModeManager (SCMSafeModeManager.java:exitSafeMode(193)) - SCM exiting safe mode.
2019-07-16 14:35:53,487 INFO  ozone.MiniOzoneClusterImpl (MiniOzoneClusterImpl.java:lambda$waitForClusterToBeReady$0(142)) - Waiting for cluster to be ready. Got 1 of 7 DN Heartbeats.
2019-07-16 14:35:53,586 INFO  node.SCMNodeManager (SCMNodeManager.java:register(268)) - Registered Data node : 40172ca2-e6ac-42a3-9aae-5947fa7d9dc4{ip: 192.168.5.141, host: byscane-nightly-ppzk5-1864156943, networkLocation: /default-rack, certSerialId: null}
2019-07-16 14:35:53,754 INFO  node.SCMNodeManager (SCMNodeManager.java:register(268)) - Registered Data node : b5d1a781-cdce-4b0c-8da3-26ed70390cd7{ip: 192.168.5.141, host: byscane-nightly-ppzk5-1864156943, networkLocation: /default-rack, certSerialId: null}
2019-07-16 14:35:53,759 INFO  ozoneimpl.OzoneContainer (OzoneContainer.java:start(186)) - Attempting to start container services.
2019-07-16 14:35:53,763 INFO  ozoneimpl.OzoneContainer (OzoneContainer.java:startContainerScrub(160)) - Background container scrubber has been disabled by hdds.containerscrub.enabled
2019-07-16 14:35:53,763 INFO  ratis.XceiverServerRatis (XceiverServerRatis.java:start(418)) - Starting XceiverServerRatis 084d45f6-6684-4236-99c9-de59fbf3dd65 at port 0
2019-07-16 14:35:53,768 INFO  impl.RaftServerProxy (RaftServerProxy.java:lambda$start$3(299)) - 084d45f6-6684-4236-99c9-de59fbf3dd65: start RPC server
2019-07-16 14:35:53,773 INFO  server.GrpcService (GrpcService.java:startImpl(149)) - 084d45f6-6684-4236-99c9-de59fbf3dd65: GrpcService started, listening on 0.0.0.0/0.0.0.0:33065
2019-07-16 14:35:53,773 INFO  ratis.XceiverServerRatis (XceiverServerRatis.java:start(428)) - XceiverServerRatis 084d45f6-6684-4236-99c9-de59fbf3dd65 is started using port 33065
2019-07-16 14:35:53,778 INFO  server.XceiverServerGrpc (XceiverServerGrpc.java:start(160)) - XceiverServerGrpc 084d45f6-6684-4236-99c9-de59fbf3dd65 is started using port 35271
2019-07-16 14:35:53,917 INFO  node.SCMNodeManager (SCMNodeManager.java:register(268)) - Registered Data node : 7e7798a3-6138-4857-8cc4-9add5e10292f{ip: 192.168.5.141, host: byscane-nightly-ppzk5-1864156943, networkLocation: /default-rack, certSerialId: null}
2019-07-16 14:35:54,284 INFO  node.SCMNodeManager (SCMNodeManager.java:register(268)) - Registered Data node : e23718f9-2f23-42f9-b2c7-e09aaf1dba64{ip: 192.168.5.141, host: byscane-nightly-ppzk5-1864156943, networkLocation: /default-rack, certSerialId: null}
2019-07-16 14:35:54,284 INFO  node.SCMNodeManager (SCMNodeManager.java:register(268)) - Registered Data node : 09bca760-3b13-4120-b2e8-a5f0ffa0775c{ip: 192.168.5.141, host: byscane-nightly-ppzk5-1864156943, networkLocation: /default-rack, certSerialId: null}
2019-07-16 14:35:54,300 INFO  impl.RaftServerProxy (RaftServerProxy.java:addNew(89)) - 9226dd17-256e-4d27-87e0-1e025cbf773d: addNew group-CA8FF317E316:[9226dd17-256e-4d27-87e0-1e025cbf773d:192.168.5.141:45537] returns group-CA8FF317E316:java.util.concurrent.CompletableFuture@1a8a0ecd[Not completed]
2019-07-16 14:35:54,313 INFO  impl.RaftServerImpl (RaftServerImpl.java:<init>(93)) - 9226dd17-256e-4d27-87e0-1e025cbf773d: new RaftServerImpl for group-CA8FF317E316:[9226dd17-256e-4d27-87e0-1e025cbf773d:192.168.5.141:45537] with ContainerStateMachine:uninitialized
2019-07-16 14:35:54,315 INFO  server.RaftServerConfigKeys (ConfUtils.java:logGet(43)) - raft.server.rpc.timeout.min = 5s (custom)
2019-07-16 14:35:54,316 INFO  server.RaftServerConfigKeys (ConfUtils.java:logGet(43)) - raft.server.rpc.timeout.max = 5200ms (custom)
2019-07-16 14:35:54,316 INFO  server.RaftServerConfigKeys (ConfUtils.java:logGet(43)) - raft.server.rpcslowness.timeout = 120s (custom)
2019-07-16 14:35:54,317 INFO  server.RaftServerConfigKeys (ConfUtils.java:logGet(43)) - raft.server.sleep.deviation.threshold = 300 (default)
2019-07-16 14:35:54,318 INFO  server.RaftServerConfigKeys (ConfUtils.java:logGet(43)) - raft.server.log.appender.install.snapshot.enabled = false (custom)
2019-07-16 14:35:54,328 INFO  impl.RaftServerImpl (ServerState.java:<init>(105)) - 9226dd17-256e-4d27-87e0-1e025cbf773d:group-CA8FF317E316 ConfigurationManager, init=-1: [9226dd17-256e-4d27-87e0-1e025cbf773d:192.168.5.141:45537], old=null, confs=<EMPTY_MAP>
2019-07-16 14:35:54,329 INFO  server.RaftServerConfigKeys (ConfUtils.java:logGet(43)) - raft.server.storage.dir = [/workdir/hadoop-ozone/integration-test/target/test-dir/MiniOzoneClusterImpl-cd0beb4e-717b-4910-a035-f99a3849b6d4/datanode-0/data/ratis] (custom)
2019-07-16 14:35:54,338 INFO  storage.RaftStorageDirectory (RaftStorageDirectory.java:analyzeStorage(246)) - The storage directory /workdir/hadoop-ozone/integration-test/target/test-dir/MiniOzoneClusterImpl-cd0beb4e-717b-4910-a035-f99a3849b6d4/datanode-0/data/ratis/fbcb1366-2420-4eba-bcbf-ca8ff317e316 does not exist. Creating ...
2019-07-16 14:35:54,488 INFO  ozone.MiniOzoneClusterImpl (MiniOzoneClusterImpl.java:lambda$waitForClusterToBeReady$0(142)) - Waiting for cluster to be ready. Got 6 of 7 DN Heartbeats.
2019-07-16 14:35:54,492 INFO  node.SCMNodeManager (SCMNodeManager.java:register(268)) - Registered Data node : 084d45f6-6684-4236-99c9-de59fbf3dd65{ip: 192.168.5.141, host: byscane-nightly-ppzk5-1864156943, networkLocation: /default-rack, certSerialId: null}
2019-07-16 14:35:55,488 INFO  ozone.MiniOzoneClusterImpl (MiniOzoneClusterImpl.java:lambda$waitForClusterToBeReady$0(142)) - Cluster is ready. Got 7 of 7 DN Heartbeats.
2019-07-16 14:35:55,824 INFO  rpc.RpcClient (RpcClient.java:createVolume(287)) - Creating Volume: watchforcommithandlingtest, with jenkins1000 as owner.
2019-07-16 14:35:55,877 INFO  rpc.RpcClient (RpcClient.java:createBucket(424)) - Creating Bucket: watchforcommithandlingtest/watchforcommithandlingtest, with Versioning false and Storage Type set to DISK and Encryption set to false 
2019-07-16 14:35:55,896 INFO  ozone.MiniOzoneClusterImpl (MiniOzoneClusterImpl.java:getStorageContainerLocationClient(241)) - Creating StorageContainerLocationProtocol RPC client with address /0.0.0.0:35958
2019-07-16 14:35:55,982 INFO  storage.RaftStorageDirectory (RaftStorageDirectory.java:tryLock(328)) - Lock on /workdir/hadoop-ozone/integration-test/target/test-dir/MiniOzoneClusterImpl-cd0beb4e-717b-4910-a035-f99a3849b6d4/datanode-0/data/ratis/fbcb1366-2420-4eba-bcbf-ca8ff317e316/in_use.lock acquired by nodename 28094@byscane-nightly-ppzk5-1864156943
2019-07-16 14:35:56,652 ERROR pipeline.RatisPipelineProvider (RatisPipelineProvider.java:lambda$null$5(235)) - Failed invoke Ratis rpc org.apache.hadoop.hdds.scm.pipeline.RatisPipelineProvider$$Lambda$181/796615566@2d353f59 for 9226dd17-256e-4d27-87e0-1e025cbf773d
org.apache.ratis.protocol.TimeoutIOException: deadline exceeded after 2949498882ns
	at org.apache.ratis.grpc.GrpcUtil.tryUnwrapException(GrpcUtil.java:82)
	at org.apache.ratis.grpc.GrpcUtil.unwrapException(GrpcUtil.java:75)
	at org.apache.ratis.grpc.client.GrpcClientProtocolClient.blockingCall(GrpcClientProtocolClient.java:169)
	at org.apache.ratis.grpc.client.GrpcClientProtocolClient.groupAdd(GrpcClientProtocolClient.java:138)
	at org.apache.ratis.grpc.client.GrpcClientRpc.sendRequest(GrpcClientRpc.java:94)
	at org.apache.ratis.client.impl.RaftClientImpl.sendRequest(RaftClientImpl.java:279)
	at org.apache.ratis.client.impl.RaftClientImpl.groupAdd(RaftClientImpl.java:206)
	at org.apache.hadoop.hdds.scm.pipeline.RatisPipelineProvider.lambda$initializePipeline$4(RatisPipelineProvider.java:194)
	at org.apache.hadoop.hdds.scm.pipeline.RatisPipelineProvider.lambda$null$5(RatisPipelineProvider.java:231)
	at java.util.stream.ForEachOps$ForEachOp$OfRef.accept(ForEachOps.java:184)
	at java.util.ArrayList$ArrayListSpliterator.forEachRemaining(ArrayList.java:1382)
	at java.util.stream.AbstractPipeline.copyInto(AbstractPipeline.java:482)
	at java.util.stream.ForEachOps$ForEachTask.compute(ForEachOps.java:291)
	at java.util.concurrent.CountedCompleter.exec(CountedCompleter.java:731)
	at java.util.concurrent.ForkJoinTask.doExec(ForkJoinTask.java:289)
	at java.util.concurrent.ForkJoinTask.doInvoke(ForkJoinTask.java:401)
	at java.util.concurrent.ForkJoinTask.invoke(ForkJoinTask.java:734)
	at java.util.stream.ForEachOps$ForEachOp.evaluateParallel(ForEachOps.java:160)
	at java.util.stream.ForEachOps$ForEachOp$OfRef.evaluateParallel(ForEachOps.java:174)
	at java.util.stream.AbstractPipeline.evaluate(AbstractPipeline.java:233)
	at java.util.stream.ReferencePipeline.forEach(ReferencePipeline.java:418)
	at java.util.stream.ReferencePipeline$Head.forEach(ReferencePipeline.java:583)
	at org.apache.hadoop.hdds.scm.pipeline.RatisPipelineProvider.lambda$callRatisRpc$6(RatisPipelineProvider.java:225)
	at java.util.concurrent.ForkJoinTask$AdaptedRunnableAction.exec(ForkJoinTask.java:1386)
	at java.util.concurrent.ForkJoinTask.doExec(ForkJoinTask.java:289)
	at java.util.concurrent.ForkJoinPool$WorkQueue.runTask(ForkJoinPool.java:1056)
	at java.util.concurrent.ForkJoinPool.runWorker(ForkJoinPool.java:1692)
	at java.util.concurrent.ForkJoinWorkerThread.run(ForkJoinWorkerThread.java:157)
Caused by: org.apache.ratis.thirdparty.io.grpc.StatusRuntimeException: DEADLINE_EXCEEDED: deadline exceeded after 2949498882ns
	at org.apache.ratis.thirdparty.io.grpc.stub.ClientCalls.toStatusRuntimeException(ClientCalls.java:233)
	at org.apache.ratis.thirdparty.io.grpc.stub.ClientCalls.getUnchecked(ClientCalls.java:214)
	at org.apache.ratis.thirdparty.io.grpc.stub.ClientCalls.blockingUnaryCall(ClientCalls.java:139)
	at org.apache.ratis.proto.grpc.AdminProtocolServiceGrpc$AdminProtocolServiceBlockingStub.groupManagement(AdminProtocolServiceGrpc.java:274)
	at org.apache.ratis.grpc.client.GrpcClientProtocolClient.lambda$groupAdd$3(GrpcClientProtocolClient.java:140)
	at org.apache.ratis.grpc.client.GrpcClientProtocolClient.blockingCall(GrpcClientProtocolClient.java:167)
	... 25 more
2019-07-16 14:35:56,714 INFO  impl.RaftServerProxy (RaftServerProxy.java:addNew(89)) - 9226dd17-256e-4d27-87e0-1e025cbf773d: addNew group-09D2F971C3FC:[9226dd17-256e-4d27-87e0-1e025cbf773d:192.168.5.141:45537, b5d1a781-cdce-4b0c-8da3-26ed70390cd7:192.168.5.141:44809, e23718f9-2f23-42f9-b2c7-e09aaf1dba64:192.168.5.141:33938] returns group-09D2F971C3FC:java.util.concurrent.CompletableFuture@6a8fc70e[Not completed]
2019-07-16 14:35:56,721 INFO  impl.RaftServerProxy (RaftServerProxy.java:addNew(89)) - e23718f9-2f23-42f9-b2c7-e09aaf1dba64: addNew group-09D2F971C3FC:[9226dd17-256e-4d27-87e0-1e025cbf773d:192.168.5.141:45537, b5d1a781-cdce-4b0c-8da3-26ed70390cd7:192.168.5.141:44809, e23718f9-2f23-42f9-b2c7-e09aaf1dba64:192.168.5.141:33938] returns group-09D2F971C3FC:java.util.concurrent.CompletableFuture@2625d934[Not completed]
2019-07-16 14:35:56,777 INFO  impl.RaftServerImpl (RaftServerImpl.java:<init>(93)) - e23718f9-2f23-42f9-b2c7-e09aaf1dba64: new RaftServerImpl for group-09D2F971C3FC:[9226dd17-256e-4d27-87e0-1e025cbf773d:192.168.5.141:45537, b5d1a781-cdce-4b0c-8da3-26ed70390cd7:192.168.5.141:44809, e23718f9-2f23-42f9-b2c7-e09aaf1dba64:192.168.5.141:33938] with ContainerStateMachine:uninitialized
2019-07-16 14:35:56,780 INFO  server.RaftServerConfigKeys (ConfUtils.java:logGet(43)) - raft.server.rpc.timeout.min = 5s (custom)
2019-07-16 14:35:56,780 INFO  server.RaftServerConfigKeys (ConfUtils.java:logGet(43)) - raft.server.rpc.timeout.max = 5200ms (custom)
2019-07-16 14:35:56,780 INFO  server.RaftServerConfigKeys (ConfUtils.java:logGet(43)) - raft.server.rpcslowness.timeout = 120s (custom)
2019-07-16 14:35:56,782 INFO  server.RaftServerConfigKeys (ConfUtils.java:logGet(43)) - raft.server.sleep.deviation.threshold = 300 (default)
2019-07-16 14:35:56,782 INFO  impl.RaftServerProxy (RaftServerProxy.java:addNew(89)) - b5d1a781-cdce-4b0c-8da3-26ed70390cd7: addNew group-09D2F971C3FC:[9226dd17-256e-4d27-87e0-1e025cbf773d:192.168.5.141:45537, b5d1a781-cdce-4b0c-8da3-26ed70390cd7:192.168.5.141:44809, e23718f9-2f23-42f9-b2c7-e09aaf1dba64:192.168.5.141:33938] returns group-09D2F971C3FC:java.util.concurrent.CompletableFuture@7795884e[Not completed]
2019-07-16 14:35:56,782 INFO  server.RaftServerConfigKeys (ConfUtils.java:logGet(43)) - raft.server.log.appender.install.snapshot.enabled = false (custom)
2019-07-16 14:35:56,782 INFO  impl.RaftServerImpl (ServerState.java:<init>(105)) - e23718f9-2f23-42f9-b2c7-e09aaf1dba64:group-09D2F971C3FC ConfigurationManager, init=-1: [9226dd17-256e-4d27-87e0-1e025cbf773d:192.168.5.141:45537, b5d1a781-cdce-4b0c-8da3-26ed70390cd7:192.168.5.141:44809, e23718f9-2f23-42f9-b2c7-e09aaf1dba64:192.168.5.141:33938], old=null, confs=<EMPTY_MAP>
2019-07-16 14:35:56,788 INFO  server.RaftServerConfigKeys (ConfUtils.java:logGet(43)) - raft.server.storage.dir = [/workdir/hadoop-ozone/integration-test/target/test-dir/MiniOzoneClusterImpl-cd0beb4e-717b-4910-a035-f99a3849b6d4/datanode-4/data/ratis] (custom)
2019-07-16 14:35:56,788 INFO  storage.RaftStorageDirectory (RaftStorageDirectory.java:analyzeStorage(246)) - The storage directory /workdir/hadoop-ozone/integration-test/target/test-dir/MiniOzoneClusterImpl-cd0beb4e-717b-4910-a035-f99a3849b6d4/datanode-4/data/ratis/ac706229-69f6-4a02-ad96-09d2f971c3fc does not exist. Creating ...
2019-07-16 14:35:56,790 INFO  impl.RaftServerImpl (RaftServerImpl.java:<init>(93)) - b5d1a781-cdce-4b0c-8da3-26ed70390cd7: new RaftServerImpl for group-09D2F971C3FC:[9226dd17-256e-4d27-87e0-1e025cbf773d:192.168.5.141:45537, b5d1a781-cdce-4b0c-8da3-26ed70390cd7:192.168.5.141:44809, e23718f9-2f23-42f9-b2c7-e09aaf1dba64:192.168.5.141:33938] with ContainerStateMachine:uninitialized
2019-07-16 14:35:56,792 INFO  server.RaftServerConfigKeys (ConfUtils.java:logGet(43)) - raft.server.rpc.timeout.min = 5s (custom)
2019-07-16 14:35:56,792 INFO  server.RaftServerConfigKeys (ConfUtils.java:logGet(43)) - raft.server.rpc.timeout.max = 5200ms (custom)
2019-07-16 14:35:56,792 INFO  server.RaftServerConfigKeys (ConfUtils.java:logGet(43)) - raft.server.rpcslowness.timeout = 120s (custom)
2019-07-16 14:35:56,792 INFO  server.RaftServerConfigKeys (ConfUtils.java:logGet(43)) - raft.server.sleep.deviation.threshold = 300 (default)
2019-07-16 14:35:56,793 INFO  server.RaftServerConfigKeys (ConfUtils.java:logGet(43)) - raft.server.log.appender.install.snapshot.enabled = false (custom)
2019-07-16 14:35:56,793 INFO  impl.RaftServerImpl (ServerState.java:<init>(105)) - b5d1a781-cdce-4b0c-8da3-26ed70390cd7:group-09D2F971C3FC ConfigurationManager, init=-1: [9226dd17-256e-4d27-87e0-1e025cbf773d:192.168.5.141:45537, b5d1a781-cdce-4b0c-8da3-26ed70390cd7:192.168.5.141:44809, e23718f9-2f23-42f9-b2c7-e09aaf1dba64:192.168.5.141:33938], old=null, confs=<EMPTY_MAP>
2019-07-16 14:35:56,793 INFO  server.RaftServerConfigKeys (ConfUtils.java:logGet(43)) - raft.server.storage.dir = [/workdir/hadoop-ozone/integration-test/target/test-dir/MiniOzoneClusterImpl-cd0beb4e-717b-4910-a035-f99a3849b6d4/datanode-2/data/ratis] (custom)
2019-07-16 14:35:56,794 INFO  storage.RaftStorageDirectory (RaftStorageDirectory.java:analyzeStorage(246)) - The storage directory /workdir/hadoop-ozone/integration-test/target/test-dir/MiniOzoneClusterImpl-cd0beb4e-717b-4910-a035-f99a3849b6d4/datanode-2/data/ratis/ac706229-69f6-4a02-ad96-09d2f971c3fc does not exist. Creating ...
2019-07-16 14:35:56,853 INFO  storage.RaftStorage (RaftStorage.java:format(72)) - Storage directory /workdir/hadoop-ozone/integration-test/target/test-dir/MiniOzoneClusterImpl-cd0beb4e-717b-4910-a035-f99a3849b6d4/datanode-0/data/ratis/fbcb1366-2420-4eba-bcbf-ca8ff317e316 has been successfully formatted.
2019-07-16 14:35:56,855 INFO  ratis.ContainerStateMachine (ContainerStateMachine.java:loadSnapshot(199)) - group-CA8FF317E316: The snapshot info is null. Setting the last applied indexto:(t:0, i:~)
2019-07-16 14:35:56,855 INFO  server.RaftServerConfigKeys (ConfUtils.java:logGet(43)) - raft.server.leader.election.timeout = 120s (custom)
2019-07-16 14:35:56,857 INFO  server.RaftServerConfigKeys (ConfUtils.java:logGet(43)) - raft.server.log.use.memory = false (default)
2019-07-16 14:35:56,861 INFO  server.RaftServerConfigKeys (ConfUtils.java:logGet(43)) - raft.server.log.purge.gap = 1000000000 (custom)
2019-07-16 14:35:56,861 INFO  server.RaftServerConfigKeys (ConfUtils.java:logGet(43)) - raft.server.log.appender.buffer.byte-limit = 33554432 (custom)
2019-07-16 14:35:56,862 INFO  server.RaftServerConfigKeys (ConfUtils.java:logGet(43)) - raft.server.log.segment.size.max = 1048576 (custom)
2019-07-16 14:35:56,866 INFO  server.RaftServerConfigKeys (ConfUtils.java:logGet(43)) - raft.server.log.segment.cache.num.max = 2 (custom)
2019-07-16 14:35:56,871 INFO  segmented.SegmentedRaftLogWorker (SegmentedRaftLogWorker.java:<init>(172)) - new 9226dd17-256e-4d27-87e0-1e025cbf773d-SegmentedRaftLogWorker:Storage Directory /workdir/hadoop-ozone/integration-test/target/test-dir/MiniOzoneClusterImpl-cd0beb4e-717b-4910-a035-f99a3849b6d4/datanode-0/data/ratis/fbcb1366-2420-4eba-bcbf-ca8ff317e316 for RaftStorage:Storage Directory /workdir/hadoop-ozone/integration-test/target/test-dir/MiniOzoneClusterImpl-cd0beb4e-717b-4910-a035-f99a3849b6d4/datanode-0/data/ratis/fbcb1366-2420-4eba-bcbf-ca8ff317e316
2019-07-16 14:35:56,881 INFO  server.RaftServerConfigKeys (ConfUtils.java:logGet(43)) - raft.server.log.queue.byte-limit = 2147483647 (custom)
2019-07-16 14:35:56,881 INFO  server.RaftServerConfigKeys (ConfUtils.java:logGet(43)) - raft.server.log.queue.element-limit = 1024 (custom)
2019-07-16 14:35:56,885 INFO  server.RaftServerConfigKeys (ConfUtils.java:logGet(43)) - raft.server.log.segment.size.max = 1048576 (custom)
2019-07-16 14:35:56,886 INFO  server.RaftServerConfigKeys (ConfUtils.java:logGet(43)) - raft.server.log.preallocated.size = 16384 (custom)
2019-07-16 14:35:56,886 INFO  server.RaftServerConfigKeys (ConfUtils.java:logGet(43)) - raft.server.log.write.buffer.size = 33554432 (custom)
2019-07-16 14:35:56,886 INFO  server.RaftServerConfigKeys (ConfUtils.java:logGet(43)) - raft.server.log.force.sync.num = 128 (default)
2019-07-16 14:35:56,887 INFO  server.RaftServerConfigKeys (ConfUtils.java:logGet(43)) - raft.server.log.statemachine.data.sync = true (default)
2019-07-16 14:35:56,887 INFO  server.RaftServerConfigKeys (ConfUtils.java:logGet(43)) - raft.server.log.statemachine.data.sync.timeout = 10s (default)
2019-07-16 14:35:56,888 INFO  server.RaftServerConfigKeys (ConfUtils.java:logGet(43)) - raft.server.log.statemachine.data.sync.timeout.retry = -1 (default)
2019-07-16 14:35:56,895 INFO  server.RaftServerConfigKeys (ConfUtils.java:logGet(43)) - raft.server.log.statemachine.data.caching.enabled = true (custom)
2019-07-16 14:35:56,899 INFO  segmented.SegmentedRaftLogWorker (SegmentedRaftLogWorker.java:lambda$new$0(132)) - 9226dd17-256e-4d27-87e0-1e025cbf773d-SegmentedRaftLogWorker:Storage Directory /workdir/hadoop-ozone/integration-test/target/test-dir/MiniOzoneClusterImpl-cd0beb4e-717b-4910-a035-f99a3849b6d4/datanode-0/data/ratis/fbcb1366-2420-4eba-bcbf-ca8ff317e316: flushIndex: setUnconditionally 0 -> -1
2019-07-16 14:35:56,902 INFO  server.RaftServerConfigKeys (ConfUtils.java:logGet(43)) - raft.server.snapshot.auto.trigger.enabled = true (custom)
2019-07-16 14:35:56,903 INFO  server.RaftServerConfigKeys (ConfUtils.java:logGet(43)) - raft.server.snapshot.auto.trigger.threshold = 10000 (custom)
2019-07-16 14:35:56,903 INFO  server.RaftServerConfigKeys (ConfUtils.java:logGet(43)) - raft.server.retrycache.expirytime = 600000ms (custom)
2019-07-16 14:35:56,924 INFO  impl.RaftServerImpl (RaftServerImpl.java:<init>(93)) - 9226dd17-256e-4d27-87e0-1e025cbf773d: new RaftServerImpl for group-09D2F971C3FC:[9226dd17-256e-4d27-87e0-1e025cbf773d:192.168.5.141:45537, b5d1a781-cdce-4b0c-8da3-26ed70390cd7:192.168.5.141:44809, e23718f9-2f23-42f9-b2c7-e09aaf1dba64:192.168.5.141:33938] with ContainerStateMachine:uninitialized
2019-07-16 14:35:56,924 INFO  server.RaftServerConfigKeys (ConfUtils.java:logGet(43)) - raft.server.rpc.timeout.min = 5s (custom)
2019-07-16 14:35:56,924 INFO  server.RaftServerConfigKeys (ConfUtils.java:logGet(43)) - raft.server.rpc.timeout.max = 5200ms (custom)
2019-07-16 14:35:56,924 INFO  server.RaftServerConfigKeys (ConfUtils.java:logGet(43)) - raft.server.rpcslowness.timeout = 120s (custom)
2019-07-16 14:35:56,924 INFO  server.RaftServerConfigKeys (ConfUtils.java:logGet(43)) - raft.server.sleep.deviation.threshold = 300 (default)
2019-07-16 14:35:56,925 INFO  server.RaftServerConfigKeys (ConfUtils.java:logGet(43)) - raft.server.log.appender.install.snapshot.enabled = false (custom)
2019-07-16 14:35:56,925 INFO  impl.RaftServerImpl (ServerState.java:<init>(105)) - 9226dd17-256e-4d27-87e0-1e025cbf773d:group-09D2F971C3FC ConfigurationManager, init=-1: [9226dd17-256e-4d27-87e0-1e025cbf773d:192.168.5.141:45537, b5d1a781-cdce-4b0c-8da3-26ed70390cd7:192.168.5.141:44809, e23718f9-2f23-42f9-b2c7-e09aaf1dba64:192.168.5.141:33938], old=null, confs=<EMPTY_MAP>
2019-07-16 14:35:56,925 INFO  server.RaftServerConfigKeys (ConfUtils.java:logGet(43)) - raft.server.storage.dir = [/workdir/hadoop-ozone/integration-test/target/test-dir/MiniOzoneClusterImpl-cd0beb4e-717b-4910-a035-f99a3849b6d4/datanode-0/data/ratis] (custom)
2019-07-16 14:35:56,925 INFO  storage.RaftStorageDirectory (RaftStorageDirectory.java:analyzeStorage(246)) - The storage directory /workdir/hadoop-ozone/integration-test/target/test-dir/MiniOzoneClusterImpl-cd0beb4e-717b-4910-a035-f99a3849b6d4/datanode-0/data/ratis/ac706229-69f6-4a02-ad96-09d2f971c3fc does not exist. Creating ...
2019-07-16 14:35:57,840 INFO  storage.RaftStorageDirectory (RaftStorageDirectory.java:tryLock(328)) - Lock on /workdir/hadoop-ozone/integration-test/target/test-dir/MiniOzoneClusterImpl-cd0beb4e-717b-4910-a035-f99a3849b6d4/datanode-2/data/ratis/ac706229-69f6-4a02-ad96-09d2f971c3fc/in_use.lock acquired by nodename 28094@byscane-nightly-ppzk5-1864156943
2019-07-16 14:35:57,840 INFO  storage.RaftStorageDirectory (RaftStorageDirectory.java:tryLock(328)) - Lock on /workdir/hadoop-ozone/integration-test/target/test-dir/MiniOzoneClusterImpl-cd0beb4e-717b-4910-a035-f99a3849b6d4/datanode-0/data/ratis/ac706229-69f6-4a02-ad96-09d2f971c3fc/in_use.lock acquired by nodename 28094@byscane-nightly-ppzk5-1864156943
2019-07-16 14:35:57,840 INFO  storage.RaftStorageDirectory (RaftStorageDirectory.java:tryLock(328)) - Lock on /workdir/hadoop-ozone/integration-test/target/test-dir/MiniOzoneClusterImpl-cd0beb4e-717b-4910-a035-f99a3849b6d4/datanode-4/data/ratis/ac706229-69f6-4a02-ad96-09d2f971c3fc/in_use.lock acquired by nodename 28094@byscane-nightly-ppzk5-1864156943
2019-07-16 14:35:57,857 INFO  storage.RaftStorage (RaftStorage.java:format(72)) - Storage directory /workdir/hadoop-ozone/integration-test/target/test-dir/MiniOzoneClusterImpl-cd0beb4e-717b-4910-a035-f99a3849b6d4/datanode-0/data/ratis/ac706229-69f6-4a02-ad96-09d2f971c3fc has been successfully formatted.
2019-07-16 14:35:57,857 INFO  storage.RaftStorage (RaftStorage.java:format(72)) - Storage directory /workdir/hadoop-ozone/integration-test/target/test-dir/MiniOzoneClusterImpl-cd0beb4e-717b-4910-a035-f99a3849b6d4/datanode-2/data/ratis/ac706229-69f6-4a02-ad96-09d2f971c3fc has been successfully formatted.
2019-07-16 14:35:57,857 INFO  storage.RaftStorage (RaftStorage.java:format(72)) - Storage directory /workdir/hadoop-ozone/integration-test/target/test-dir/MiniOzoneClusterImpl-cd0beb4e-717b-4910-a035-f99a3849b6d4/datanode-4/data/ratis/ac706229-69f6-4a02-ad96-09d2f971c3fc has been successfully formatted.
2019-07-16 14:35:57,859 INFO  ratis.ContainerStateMachine (ContainerStateMachine.java:loadSnapshot(199)) - group-09D2F971C3FC: The snapshot info is null. Setting the last applied indexto:(t:0, i:~)
2019-07-16 14:35:57,859 INFO  ratis.ContainerStateMachine (ContainerStateMachine.java:loadSnapshot(199)) - group-09D2F971C3FC: The snapshot info is null. Setting the last applied indexto:(t:0, i:~)
2019-07-16 14:35:57,861 INFO  server.RaftServerConfigKeys (ConfUtils.java:logGet(43)) - raft.server.leader.election.timeout = 120s (custom)
2019-07-16 14:35:57,861 INFO  server.RaftServerConfigKeys (ConfUtils.java:logGet(43)) - raft.server.leader.election.timeout = 120s (custom)
2019-07-16 14:35:57,861 INFO  ratis.ContainerStateMachine (ContainerStateMachine.java:loadSnapshot(199)) - group-09D2F971C3FC: The snapshot info is null. Setting the last applied indexto:(t:0, i:~)
2019-07-16 14:35:57,861 INFO  server.RaftServerConfigKeys (ConfUtils.java:logGet(43)) - raft.server.log.use.memory = false (default)
2019-07-16 14:35:57,861 INFO  server.RaftServerConfigKeys (ConfUtils.java:logGet(43)) - raft.server.log.use.memory = false (default)
2019-07-16 14:35:57,862 INFO  server.RaftServerConfigKeys (ConfUtils.java:logGet(43)) - raft.server.log.purge.gap = 1000000000 (custom)
2019-07-16 14:35:57,861 INFO  server.RaftServerConfigKeys (ConfUtils.java:logGet(43)) - raft.server.leader.election.timeout = 120s (custom)
2019-07-16 14:35:57,862 INFO  server.RaftServerConfigKeys (ConfUtils.java:logGet(43)) - raft.server.log.appender.buffer.byte-limit = 33554432 (custom)
2019-07-16 14:35:57,862 INFO  server.RaftServerConfigKeys (ConfUtils.java:logGet(43)) - raft.server.log.purge.gap = 1000000000 (custom)
2019-07-16 14:35:57,862 INFO  server.RaftServerConfigKeys (ConfUtils.java:logGet(43)) - raft.server.log.segment.size.max = 1048576 (custom)
2019-07-16 14:35:57,862 INFO  server.RaftServerConfigKeys (ConfUtils.java:logGet(43)) - raft.server.log.use.memory = false (default)
2019-07-16 14:35:57,863 INFO  server.RaftServerConfigKeys (ConfUtils.java:logGet(43)) - raft.server.log.segment.cache.num.max = 2 (custom)
2019-07-16 14:35:57,862 INFO  server.RaftServerConfigKeys (ConfUtils.java:logGet(43)) - raft.server.log.appender.buffer.byte-limit = 33554432 (custom)
2019-07-16 14:35:57,863 INFO  segmented.SegmentedRaftLogWorker (SegmentedRaftLogWorker.java:<init>(172)) - new b5d1a781-cdce-4b0c-8da3-26ed70390cd7-SegmentedRaftLogWorker:Storage Directory /workdir/hadoop-ozone/integration-test/target/test-dir/MiniOzoneClusterImpl-cd0beb4e-717b-4910-a035-f99a3849b6d4/datanode-2/data/ratis/ac706229-69f6-4a02-ad96-09d2f971c3fc for RaftStorage:Storage Directory /workdir/hadoop-ozone/integration-test/target/test-dir/MiniOzoneClusterImpl-cd0beb4e-717b-4910-a035-f99a3849b6d4/datanode-2/data/ratis/ac706229-69f6-4a02-ad96-09d2f971c3fc
2019-07-16 14:35:57,863 INFO  server.RaftServerConfigKeys (ConfUtils.java:logGet(43)) - raft.server.log.purge.gap = 1000000000 (custom)
2019-07-16 14:35:57,871 INFO  server.RaftServerConfigKeys (ConfUtils.java:logGet(43)) - raft.server.log.queue.byte-limit = 2147483647 (custom)
2019-07-16 14:35:57,870 INFO  server.RaftServerConfigKeys (ConfUtils.java:logGet(43)) - raft.server.log.segment.size.max = 1048576 (custom)
2019-07-16 14:35:57,873 INFO  server.RaftServerConfigKeys (ConfUtils.java:logGet(43)) - raft.server.log.queue.element-limit = 1024 (custom)
2019-07-16 14:35:57,872 INFO  server.RaftServerConfigKeys (ConfUtils.java:logGet(43)) - raft.server.log.appender.buffer.byte-limit = 33554432 (custom)
2019-07-16 14:35:57,873 INFO  server.RaftServerConfigKeys (ConfUtils.java:logGet(43)) - raft.server.log.segment.cache.num.max = 2 (custom)
2019-07-16 14:35:57,873 INFO  server.RaftServerConfigKeys (ConfUtils.java:logGet(43)) - raft.server.log.segment.size.max = 1048576 (custom)
2019-07-16 14:35:57,873 INFO  server.RaftServerConfigKeys (ConfUtils.java:logGet(43)) - raft.server.log.segment.size.max = 1048576 (custom)
2019-07-16 14:35:57,875 INFO  server.RaftServerConfigKeys (ConfUtils.java:logGet(43)) - raft.server.log.segment.cache.num.max = 2 (custom)
2019-07-16 14:35:57,874 INFO  segmented.SegmentedRaftLogWorker (SegmentedRaftLogWorker.java:<init>(172)) - new 9226dd17-256e-4d27-87e0-1e025cbf773d-SegmentedRaftLogWorker:Storage Directory /workdir/hadoop-ozone/integration-test/target/test-dir/MiniOzoneClusterImpl-cd0beb4e-717b-4910-a035-f99a3849b6d4/datanode-0/data/ratis/ac706229-69f6-4a02-ad96-09d2f971c3fc for RaftStorage:Storage Directory /workdir/hadoop-ozone/integration-test/target/test-dir/MiniOzoneClusterImpl-cd0beb4e-717b-4910-a035-f99a3849b6d4/datanode-0/data/ratis/ac706229-69f6-4a02-ad96-09d2f971c3fc
2019-07-16 14:35:57,876 INFO  segmented.SegmentedRaftLogWorker (SegmentedRaftLogWorker.java:<init>(172)) - new e23718f9-2f23-42f9-b2c7-e09aaf1dba64-SegmentedRaftLogWorker:Storage Directory /workdir/hadoop-ozone/integration-test/target/test-dir/MiniOzoneClusterImpl-cd0beb4e-717b-4910-a035-f99a3849b6d4/datanode-4/data/ratis/ac706229-69f6-4a02-ad96-09d2f971c3fc for RaftStorage:Storage Directory /workdir/hadoop-ozone/integration-test/target/test-dir/MiniOzoneClusterImpl-cd0beb4e-717b-4910-a035-f99a3849b6d4/datanode-4/data/ratis/ac706229-69f6-4a02-ad96-09d2f971c3fc
2019-07-16 14:35:57,876 INFO  server.RaftServerConfigKeys (ConfUtils.java:logGet(43)) - raft.server.log.preallocated.size = 16384 (custom)
2019-07-16 14:35:57,876 INFO  server.RaftServerConfigKeys (ConfUtils.java:logGet(43)) - raft.server.log.queue.byte-limit = 2147483647 (custom)
2019-07-16 14:35:57,876 INFO  server.RaftServerConfigKeys (ConfUtils.java:logGet(43)) - raft.server.log.queue.byte-limit = 2147483647 (custom)
2019-07-16 14:35:57,880 INFO  server.RaftServerConfigKeys (ConfUtils.java:logGet(43)) - raft.server.log.queue.element-limit = 1024 (custom)
2019-07-16 14:35:57,878 INFO  server.RaftServerConfigKeys (ConfUtils.java:logGet(43)) - raft.server.log.write.buffer.size = 33554432 (custom)
2019-07-16 14:35:57,880 INFO  server.RaftServerConfigKeys (ConfUtils.java:logGet(43)) - raft.server.log.segment.size.max = 1048576 (custom)
2019-07-16 14:35:57,880 INFO  server.RaftServerConfigKeys (ConfUtils.java:logGet(43)) - raft.server.log.queue.element-limit = 1024 (custom)
2019-07-16 14:35:57,881 INFO  server.RaftServerConfigKeys (ConfUtils.java:logGet(43)) - raft.server.log.preallocated.size = 16384 (custom)
2019-07-16 14:35:57,881 INFO  server.RaftServerConfigKeys (ConfUtils.java:logGet(43)) - raft.server.log.force.sync.num = 128 (default)
2019-07-16 14:35:57,881 INFO  server.RaftServerConfigKeys (ConfUtils.java:logGet(43)) - raft.server.log.write.buffer.size = 33554432 (custom)
2019-07-16 14:35:57,881 INFO  server.RaftServerConfigKeys (ConfUtils.java:logGet(43)) - raft.server.log.segment.size.max = 1048576 (custom)
2019-07-16 14:35:57,881 INFO  server.RaftServerConfigKeys (ConfUtils.java:logGet(43)) - raft.server.log.force.sync.num = 128 (default)
2019-07-16 14:35:57,881 INFO  server.RaftServerConfigKeys (ConfUtils.java:logGet(43)) - raft.server.log.statemachine.data.sync = true (default)
2019-07-16 14:35:57,882 INFO  server.RaftServerConfigKeys (ConfUtils.java:logGet(43)) - raft.server.log.statemachine.data.sync = true (default)
2019-07-16 14:35:57,882 INFO  server.RaftServerConfigKeys (ConfUtils.java:logGet(43)) - raft.server.log.preallocated.size = 16384 (custom)
2019-07-16 14:35:57,882 INFO  server.RaftServerConfigKeys (ConfUtils.java:logGet(43)) - raft.server.log.statemachine.data.sync.timeout = 10s (default)
2019-07-16 14:35:57,882 INFO  server.RaftServerConfigKeys (ConfUtils.java:logGet(43)) - raft.server.log.statemachine.data.sync.timeout = 10s (default)
2019-07-16 14:35:57,883 INFO  server.RaftServerConfigKeys (ConfUtils.java:logGet(43)) - raft.server.log.statemachine.data.sync.timeout.retry = -1 (default)
2019-07-16 14:35:57,882 INFO  server.RaftServerConfigKeys (ConfUtils.java:logGet(43)) - raft.server.log.write.buffer.size = 33554432 (custom)
2019-07-16 14:35:57,883 INFO  server.RaftServerConfigKeys (ConfUtils.java:logGet(43)) - raft.server.log.statemachine.data.sync.timeout.retry = -1 (default)
2019-07-16 14:35:57,883 INFO  server.RaftServerConfigKeys (ConfUtils.java:logGet(43)) - raft.server.log.force.sync.num = 128 (default)
2019-07-16 14:35:57,883 INFO  server.RaftServerConfigKeys (ConfUtils.java:logGet(43)) - raft.server.log.statemachine.data.caching.enabled = true (custom)
2019-07-16 14:35:57,884 INFO  server.RaftServerConfigKeys (ConfUtils.java:logGet(43)) - raft.server.log.statemachine.data.caching.enabled = true (custom)
2019-07-16 14:35:57,884 INFO  server.RaftServerConfigKeys (ConfUtils.java:logGet(43)) - raft.server.log.statemachine.data.sync = true (default)
2019-07-16 14:35:57,884 INFO  segmented.SegmentedRaftLogWorker (SegmentedRaftLogWorker.java:lambda$new$0(132)) - e23718f9-2f23-42f9-b2c7-e09aaf1dba64-SegmentedRaftLogWorker:Storage Directory /workdir/hadoop-ozone/integration-test/target/test-dir/MiniOzoneClusterImpl-cd0beb4e-717b-4910-a035-f99a3849b6d4/datanode-4/data/ratis/ac706229-69f6-4a02-ad96-09d2f971c3fc: flushIndex: setUnconditionally 0 -> -1
2019-07-16 14:35:57,884 INFO  server.RaftServerConfigKeys (ConfUtils.java:logGet(43)) - raft.server.log.statemachine.data.sync.timeout = 10s (default)
2019-07-16 14:35:57,884 INFO  segmented.SegmentedRaftLogWorker (SegmentedRaftLogWorker.java:lambda$new$0(132)) - b5d1a781-cdce-4b0c-8da3-26ed70390cd7-SegmentedRaftLogWorker:Storage Directory /workdir/hadoop-ozone/integration-test/target/test-dir/MiniOzoneClusterImpl-cd0beb4e-717b-4910-a035-f99a3849b6d4/datanode-2/data/ratis/ac706229-69f6-4a02-ad96-09d2f971c3fc: flushIndex: setUnconditionally 0 -> -1
2019-07-16 14:35:57,885 INFO  server.RaftServerConfigKeys (ConfUtils.java:logGet(43)) - raft.server.log.statemachine.data.sync.timeout.retry = -1 (default)
2019-07-16 14:35:57,885 INFO  server.RaftServerConfigKeys (ConfUtils.java:logGet(43)) - raft.server.snapshot.auto.trigger.enabled = true (custom)
2019-07-16 14:35:57,885 INFO  server.RaftServerConfigKeys (ConfUtils.java:logGet(43)) - raft.server.log.statemachine.data.caching.enabled = true (custom)
2019-07-16 14:35:57,885 INFO  server.RaftServerConfigKeys (ConfUtils.java:logGet(43)) - raft.server.snapshot.auto.trigger.enabled = true (custom)
2019-07-16 14:35:57,885 INFO  server.RaftServerConfigKeys (ConfUtils.java:logGet(43)) - raft.server.snapshot.auto.trigger.threshold = 10000 (custom)
2019-07-16 14:35:57,885 INFO  server.RaftServerConfigKeys (ConfUtils.java:logGet(43)) - raft.server.snapshot.auto.trigger.threshold = 10000 (custom)
2019-07-16 14:35:57,885 INFO  segmented.SegmentedRaftLogWorker (SegmentedRaftLogWorker.java:lambda$new$0(132)) - 9226dd17-256e-4d27-87e0-1e025cbf773d-SegmentedRaftLogWorker:Storage Directory /workdir/hadoop-ozone/integration-test/target/test-dir/MiniOzoneClusterImpl-cd0beb4e-717b-4910-a035-f99a3849b6d4/datanode-0/data/ratis/ac706229-69f6-4a02-ad96-09d2f971c3fc: flushIndex: setUnconditionally 0 -> -1
2019-07-16 14:35:57,886 INFO  server.RaftServerConfigKeys (ConfUtils.java:logGet(43)) - raft.server.retrycache.expirytime = 600000ms (custom)
2019-07-16 14:35:57,886 INFO  server.RaftServerConfigKeys (ConfUtils.java:logGet(43)) - raft.server.retrycache.expirytime = 600000ms (custom)
2019-07-16 14:35:57,886 INFO  server.RaftServerConfigKeys (ConfUtils.java:logGet(43)) - raft.server.snapshot.auto.trigger.enabled = true (custom)
2019-07-16 14:35:57,886 INFO  impl.RaftServerImpl (RaftServerImpl.java:start(180)) - b5d1a781-cdce-4b0c-8da3-26ed70390cd7: start group-09D2F971C3FC
2019-07-16 14:35:57,886 INFO  impl.RaftServerImpl (RaftServerImpl.java:start(180)) - e23718f9-2f23-42f9-b2c7-e09aaf1dba64: start group-09D2F971C3FC
2019-07-16 14:35:57,886 INFO  server.RaftServerConfigKeys (ConfUtils.java:logGet(43)) - raft.server.snapshot.auto.trigger.threshold = 10000 (custom)
2019-07-16 14:35:57,887 INFO  server.RaftServerConfigKeys (ConfUtils.java:logGet(43)) - raft.server.retrycache.expirytime = 600000ms (custom)
2019-07-16 14:35:57,887 INFO  impl.RaftServerImpl (RaftServerImpl.java:start(180)) - 9226dd17-256e-4d27-87e0-1e025cbf773d: start group-CA8FF317E316
2019-07-16 14:35:57,888 INFO  impl.RaftServerImpl (RaftServerImpl.java:setRole(171)) - e23718f9-2f23-42f9-b2c7-e09aaf1dba64:group-09D2F971C3FC changes role from null to FOLLOWER at term 0 for startAsFollower
2019-07-16 14:35:57,888 INFO  impl.RaftServerImpl (RaftServerImpl.java:setRole(171)) - 9226dd17-256e-4d27-87e0-1e025cbf773d:group-CA8FF317E316 changes role from null to FOLLOWER at term 0 for startAsFollower
2019-07-16 14:35:57,888 INFO  impl.RaftServerImpl (RaftServerImpl.java:setRole(171)) - b5d1a781-cdce-4b0c-8da3-26ed70390cd7:group-09D2F971C3FC changes role from null to FOLLOWER at term 0 for startAsFollower
2019-07-16 14:35:57,890 INFO  impl.RoleInfo (RoleInfo.java:updateAndGet(143)) - e23718f9-2f23-42f9-b2c7-e09aaf1dba64: start FollowerState
2019-07-16 14:35:57,890 INFO  impl.RoleInfo (RoleInfo.java:updateAndGet(143)) - b5d1a781-cdce-4b0c-8da3-26ed70390cd7: start FollowerState
2019-07-16 14:35:57,890 INFO  impl.RoleInfo (RoleInfo.java:updateAndGet(143)) - 9226dd17-256e-4d27-87e0-1e025cbf773d: start FollowerState
2019-07-16 14:35:57,894 INFO  util.JmxRegister (JmxRegister.java:tryRegister(44)) - Successfully registered JMX Bean with object name Ratis:service=RaftServer,group=group-09D2F971C3FC,id=b5d1a781-cdce-4b0c-8da3-26ed70390cd7
2019-07-16 14:35:57,894 INFO  util.JmxRegister (JmxRegister.java:tryRegister(44)) - Successfully registered JMX Bean with object name Ratis:service=RaftServer,group=group-CA8FF317E316,id=9226dd17-256e-4d27-87e0-1e025cbf773d
2019-07-16 14:35:57,894 INFO  util.JmxRegister (JmxRegister.java:tryRegister(44)) - Successfully registered JMX Bean with object name Ratis:service=RaftServer,group=group-09D2F971C3FC,id=e23718f9-2f23-42f9-b2c7-e09aaf1dba64
2019-07-16 14:35:57,910 INFO  impl.RaftServerImpl (RaftServerImpl.java:start(180)) - 9226dd17-256e-4d27-87e0-1e025cbf773d: start group-09D2F971C3FC
2019-07-16 14:35:57,910 INFO  impl.RaftServerImpl (RaftServerImpl.java:setRole(171)) - 9226dd17-256e-4d27-87e0-1e025cbf773d:group-09D2F971C3FC changes role from null to FOLLOWER at term 0 for startAsFollower
2019-07-16 14:35:57,910 INFO  impl.RoleInfo (RoleInfo.java:updateAndGet(143)) - 9226dd17-256e-4d27-87e0-1e025cbf773d: start FollowerState
2019-07-16 14:35:57,911 INFO  util.JmxRegister (JmxRegister.java:tryRegister(44)) - Successfully registered JMX Bean with object name Ratis:service=RaftServer,group=group-09D2F971C3FC,id=9226dd17-256e-4d27-87e0-1e025cbf773d
2019-07-16 14:35:57,965 INFO  pipeline.PipelineStateManager (PipelineStateManager.java:addPipeline(56)) - Created pipeline Pipeline[ Id: ac706229-69f6-4a02-ad96-09d2f971c3fc, Nodes: e23718f9-2f23-42f9-b2c7-e09aaf1dba64{ip: 192.168.5.141, host: byscane-nightly-ppzk5-1864156943, networkLocation: /default-rack, certSerialId: null}b5d1a781-cdce-4b0c-8da3-26ed70390cd7{ip: 192.168.5.141, host: byscane-nightly-ppzk5-1864156943, networkLocation: /default-rack, certSerialId: null}9226dd17-256e-4d27-87e0-1e025cbf773d{ip: 192.168.5.141, host: byscane-nightly-ppzk5-1864156943, networkLocation: /default-rack, certSerialId: null}, Type:RATIS, Factor:THREE, State:OPEN]
2019-07-16 14:35:58,001 INFO  impl.RaftServerProxy (RaftServerProxy.java:addNew(89)) - 7e7798a3-6138-4857-8cc4-9add5e10292f: addNew group-29E9E5F46462:[40172ca2-e6ac-42a3-9aae-5947fa7d9dc4:192.168.5.141:41846, 09bca760-3b13-4120-b2e8-a5f0ffa0775c:192.168.5.141:33197, 7e7798a3-6138-4857-8cc4-9add5e10292f:192.168.5.141:33797] returns group-29E9E5F46462:java.util.concurrent.CompletableFuture@4a2ed895[Not completed]
2019-07-16 14:35:58,001 INFO  impl.RaftServerProxy (RaftServerProxy.java:addNew(89)) - 09bca760-3b13-4120-b2e8-a5f0ffa0775c: addNew group-29E9E5F46462:[40172ca2-e6ac-42a3-9aae-5947fa7d9dc4:192.168.5.141:41846, 09bca760-3b13-4120-b2e8-a5f0ffa0775c:192.168.5.141:33197, 7e7798a3-6138-4857-8cc4-9add5e10292f:192.168.5.141:33797] returns group-29E9E5F46462:java.util.concurrent.CompletableFuture@73373187[Not completed]
2019-07-16 14:35:58,003 INFO  impl.RaftServerImpl (RaftServerImpl.java:<init>(93)) - 7e7798a3-6138-4857-8cc4-9add5e10292f: new RaftServerImpl for group-29E9E5F46462:[40172ca2-e6ac-42a3-9aae-5947fa7d9dc4:192.168.5.141:41846, 09bca760-3b13-4120-b2e8-a5f0ffa0775c:192.168.5.141:33197, 7e7798a3-6138-4857-8cc4-9add5e10292f:192.168.5.141:33797] with ContainerStateMachine:uninitialized
2019-07-16 14:35:58,004 INFO  server.RaftServerConfigKeys (ConfUtils.java:logGet(43)) - raft.server.rpc.timeout.min = 5s (custom)
2019-07-16 14:35:58,004 INFO  server.RaftServerConfigKeys (ConfUtils.java:logGet(43)) - raft.server.rpc.timeout.max = 5200ms (custom)
2019-07-16 14:35:58,005 INFO  impl.RaftServerImpl (RaftServerImpl.java:<init>(93)) - 09bca760-3b13-4120-b2e8-a5f0ffa0775c: new RaftServerImpl for group-29E9E5F46462:[40172ca2-e6ac-42a3-9aae-5947fa7d9dc4:192.168.5.141:41846, 09bca760-3b13-4120-b2e8-a5f0ffa0775c:192.168.5.141:33197, 7e7798a3-6138-4857-8cc4-9add5e10292f:192.168.5.141:33797] with ContainerStateMachine:uninitialized
2019-07-16 14:35:58,005 INFO  server.RaftServerConfigKeys (ConfUtils.java:logGet(43)) - raft.server.rpcslowness.timeout = 120s (custom)
2019-07-16 14:35:58,007 INFO  server.RaftServerConfigKeys (ConfUtils.java:logGet(43)) - raft.server.rpc.timeout.min = 5s (custom)
2019-07-16 14:35:58,007 INFO  server.RaftServerConfigKeys (ConfUtils.java:logGet(43)) - raft.server.sleep.deviation.threshold = 300 (default)
2019-07-16 14:35:58,007 INFO  server.RaftServerConfigKeys (ConfUtils.java:logGet(43)) - raft.server.rpc.timeout.max = 5200ms (custom)
2019-07-16 14:35:58,007 INFO  server.RaftServerConfigKeys (ConfUtils.java:logGet(43)) - raft.server.log.appender.install.snapshot.enabled = false (custom)
2019-07-16 14:35:58,007 INFO  server.RaftServerConfigKeys (ConfUtils.java:logGet(43)) - raft.server.rpcslowness.timeout = 120s (custom)
2019-07-16 14:35:58,007 INFO  impl.RaftServerImpl (ServerState.java:<init>(105)) - 7e7798a3-6138-4857-8cc4-9add5e10292f:group-29E9E5F46462 ConfigurationManager, init=-1: [40172ca2-e6ac-42a3-9aae-5947fa7d9dc4:192.168.5.141:41846, 09bca760-3b13-4120-b2e8-a5f0ffa0775c:192.168.5.141:33197, 7e7798a3-6138-4857-8cc4-9add5e10292f:192.168.5.141:33797], old=null, confs=<EMPTY_MAP>
2019-07-16 14:35:58,008 INFO  server.RaftServerConfigKeys (ConfUtils.java:logGet(43)) - raft.server.sleep.deviation.threshold = 300 (default)
2019-07-16 14:35:58,009 INFO  impl.RaftServerProxy (RaftServerProxy.java:addNew(89)) - 40172ca2-e6ac-42a3-9aae-5947fa7d9dc4: addNew group-29E9E5F46462:[40172ca2-e6ac-42a3-9aae-5947fa7d9dc4:192.168.5.141:41846, 09bca760-3b13-4120-b2e8-a5f0ffa0775c:192.168.5.141:33197, 7e7798a3-6138-4857-8cc4-9add5e10292f:192.168.5.141:33797] returns group-29E9E5F46462:java.util.concurrent.CompletableFuture@5f22703a[Not completed]
2019-07-16 14:35:58,009 INFO  server.RaftServerConfigKeys (ConfUtils.java:logGet(43)) - raft.server.log.appender.install.snapshot.enabled = false (custom)
2019-07-16 14:35:58,009 INFO  server.RaftServerConfigKeys (ConfUtils.java:logGet(43)) - raft.server.storage.dir = [/workdir/hadoop-ozone/integration-test/target/test-dir/MiniOzoneClusterImpl-cd0beb4e-717b-4910-a035-f99a3849b6d4/datanode-3/data/ratis] (custom)
2019-07-16 14:35:58,009 INFO  impl.RaftServerImpl (ServerState.java:<init>(105)) - 09bca760-3b13-4120-b2e8-a5f0ffa0775c:group-29E9E5F46462 ConfigurationManager, init=-1: [40172ca2-e6ac-42a3-9aae-5947fa7d9dc4:192.168.5.141:41846, 09bca760-3b13-4120-b2e8-a5f0ffa0775c:192.168.5.141:33197, 7e7798a3-6138-4857-8cc4-9add5e10292f:192.168.5.141:33797], old=null, confs=<EMPTY_MAP>
2019-07-16 14:35:58,009 INFO  impl.RaftServerImpl (RaftServerImpl.java:<init>(93)) - 40172ca2-e6ac-42a3-9aae-5947fa7d9dc4: new RaftServerImpl for group-29E9E5F46462:[40172ca2-e6ac-42a3-9aae-5947fa7d9dc4:192.168.5.141:41846, 09bca760-3b13-4120-b2e8-a5f0ffa0775c:192.168.5.141:33197, 7e7798a3-6138-4857-8cc4-9add5e10292f:192.168.5.141:33797] with ContainerStateMachine:uninitialized
2019-07-16 14:35:58,009 INFO  server.RaftServerConfigKeys (ConfUtils.java:logGet(43)) - raft.server.storage.dir = [/workdir/hadoop-ozone/integration-test/target/test-dir/MiniOzoneClusterImpl-cd0beb4e-717b-4910-a035-f99a3849b6d4/datanode-5/data/ratis] (custom)
2019-07-16 14:35:58,009 INFO  storage.RaftStorageDirectory (RaftStorageDirectory.java:analyzeStorage(246)) - The storage directory /workdir/hadoop-ozone/integration-test/target/test-dir/MiniOzoneClusterImpl-cd0beb4e-717b-4910-a035-f99a3849b6d4/datanode-3/data/ratis/41bc554d-8445-44b2-8ee5-29e9e5f46462 does not exist. Creating ...
2019-07-16 14:35:58,010 INFO  server.RaftServerConfigKeys (ConfUtils.java:logGet(43)) - raft.server.rpc.timeout.min = 5s (custom)
2019-07-16 14:35:58,011 INFO  storage.RaftStorageDirectory (RaftStorageDirectory.java:analyzeStorage(246)) - The storage directory /workdir/hadoop-ozone/integration-test/target/test-dir/MiniOzoneClusterImpl-cd0beb4e-717b-4910-a035-f99a3849b6d4/datanode-5/data/ratis/41bc554d-8445-44b2-8ee5-29e9e5f46462 does not exist. Creating ...
2019-07-16 14:35:58,011 INFO  server.RaftServerConfigKeys (ConfUtils.java:logGet(43)) - raft.server.rpc.timeout.max = 5200ms (custom)
2019-07-16 14:35:58,011 INFO  server.RaftServerConfigKeys (ConfUtils.java:logGet(43)) - raft.server.rpcslowness.timeout = 120s (custom)
2019-07-16 14:35:58,011 INFO  server.RaftServerConfigKeys (ConfUtils.java:logGet(43)) - raft.server.sleep.deviation.threshold = 300 (default)
2019-07-16 14:35:58,011 INFO  server.RaftServerConfigKeys (ConfUtils.java:logGet(43)) - raft.server.log.appender.install.snapshot.enabled = false (custom)
2019-07-16 14:35:58,011 INFO  impl.RaftServerImpl (ServerState.java:<init>(105)) - 40172ca2-e6ac-42a3-9aae-5947fa7d9dc4:group-29E9E5F46462 ConfigurationManager, init=-1: [40172ca2-e6ac-42a3-9aae-5947fa7d9dc4:192.168.5.141:41846, 09bca760-3b13-4120-b2e8-a5f0ffa0775c:192.168.5.141:33197, 7e7798a3-6138-4857-8cc4-9add5e10292f:192.168.5.141:33797], old=null, confs=<EMPTY_MAP>
2019-07-16 14:35:58,011 INFO  server.RaftServerConfigKeys (ConfUtils.java:logGet(43)) - raft.server.storage.dir = [/workdir/hadoop-ozone/integration-test/target/test-dir/MiniOzoneClusterImpl-cd0beb4e-717b-4910-a035-f99a3849b6d4/datanode-1/data/ratis] (custom)
2019-07-16 14:35:58,012 INFO  storage.RaftStorageDirectory (RaftStorageDirectory.java:analyzeStorage(246)) - The storage directory /workdir/hadoop-ozone/integration-test/target/test-dir/MiniOzoneClusterImpl-cd0beb4e-717b-4910-a035-f99a3849b6d4/datanode-1/data/ratis/41bc554d-8445-44b2-8ee5-29e9e5f46462 does not exist. Creating ...
2019-07-16 14:35:58,069 INFO  storage.RaftStorageDirectory (RaftStorageDirectory.java:tryLock(328)) - Lock on /workdir/hadoop-ozone/integration-test/target/test-dir/MiniOzoneClusterImpl-cd0beb4e-717b-4910-a035-f99a3849b6d4/datanode-5/data/ratis/41bc554d-8445-44b2-8ee5-29e9e5f46462/in_use.lock acquired by nodename 28094@byscane-nightly-ppzk5-1864156943
2019-07-16 14:35:58,069 INFO  storage.RaftStorageDirectory (RaftStorageDirectory.java:tryLock(328)) - Lock on /workdir/hadoop-ozone/integration-test/target/test-dir/MiniOzoneClusterImpl-cd0beb4e-717b-4910-a035-f99a3849b6d4/datanode-3/data/ratis/41bc554d-8445-44b2-8ee5-29e9e5f46462/in_use.lock acquired by nodename 28094@byscane-nightly-ppzk5-1864156943
2019-07-16 14:35:58,069 INFO  storage.RaftStorageDirectory (RaftStorageDirectory.java:tryLock(328)) - Lock on /workdir/hadoop-ozone/integration-test/target/test-dir/MiniOzoneClusterImpl-cd0beb4e-717b-4910-a035-f99a3849b6d4/datanode-1/data/ratis/41bc554d-8445-44b2-8ee5-29e9e5f46462/in_use.lock acquired by nodename 28094@byscane-nightly-ppzk5-1864156943
2019-07-16 14:35:58,077 INFO  storage.RaftStorage (RaftStorage.java:format(72)) - Storage directory /workdir/hadoop-ozone/integration-test/target/test-dir/MiniOzoneClusterImpl-cd0beb4e-717b-4910-a035-f99a3849b6d4/datanode-1/data/ratis/41bc554d-8445-44b2-8ee5-29e9e5f46462 has been successfully formatted.
2019-07-16 14:35:58,077 INFO  storage.RaftStorage (RaftStorage.java:format(72)) - Storage directory /workdir/hadoop-ozone/integration-test/target/test-dir/MiniOzoneClusterImpl-cd0beb4e-717b-4910-a035-f99a3849b6d4/datanode-5/data/ratis/41bc554d-8445-44b2-8ee5-29e9e5f46462 has been successfully formatted.
2019-07-16 14:35:58,077 INFO  storage.RaftStorage (RaftStorage.java:format(72)) - Storage directory /workdir/hadoop-ozone/integration-test/target/test-dir/MiniOzoneClusterImpl-cd0beb4e-717b-4910-a035-f99a3849b6d4/datanode-3/data/ratis/41bc554d-8445-44b2-8ee5-29e9e5f46462 has been successfully formatted.
2019-07-16 14:35:58,077 INFO  ratis.ContainerStateMachine (ContainerStateMachine.java:loadSnapshot(199)) - group-29E9E5F46462: The snapshot info is null. Setting the last applied indexto:(t:0, i:~)
2019-07-16 14:35:58,077 INFO  ratis.ContainerStateMachine (ContainerStateMachine.java:loadSnapshot(199)) - group-29E9E5F46462: The snapshot info is null. Setting the last applied indexto:(t:0, i:~)
2019-07-16 14:35:58,078 INFO  server.RaftServerConfigKeys (ConfUtils.java:logGet(43)) - raft.server.leader.election.timeout = 120s (custom)
2019-07-16 14:35:58,078 INFO  server.RaftServerConfigKeys (ConfUtils.java:logGet(43)) - raft.server.log.use.memory = false (default)
2019-07-16 14:35:58,077 INFO  ratis.ContainerStateMachine (ContainerStateMachine.java:loadSnapshot(199)) - group-29E9E5F46462: The snapshot info is null. Setting the last applied indexto:(t:0, i:~)
2019-07-16 14:35:58,078 INFO  server.RaftServerConfigKeys (ConfUtils.java:logGet(43)) - raft.server.log.purge.gap = 1000000000 (custom)
2019-07-16 14:35:58,078 INFO  server.RaftServerConfigKeys (ConfUtils.java:logGet(43)) - raft.server.leader.election.timeout = 120s (custom)
2019-07-16 14:35:58,078 INFO  server.RaftServerConfigKeys (ConfUtils.java:logGet(43)) - raft.server.log.appender.buffer.byte-limit = 33554432 (custom)
2019-07-16 14:35:58,078 INFO  server.RaftServerConfigKeys (ConfUtils.java:logGet(43)) - raft.server.leader.election.timeout = 120s (custom)
2019-07-16 14:35:58,079 INFO  server.RaftServerConfigKeys (ConfUtils.java:logGet(43)) - raft.server.log.segment.size.max = 1048576 (custom)
2019-07-16 14:35:58,079 INFO  server.RaftServerConfigKeys (ConfUtils.java:logGet(43)) - raft.server.log.use.memory = false (default)
2019-07-16 14:35:58,079 INFO  server.RaftServerConfigKeys (ConfUtils.java:logGet(43)) - raft.server.log.segment.cache.num.max = 2 (custom)
2019-07-16 14:35:58,079 INFO  server.RaftServerConfigKeys (ConfUtils.java:logGet(43)) - raft.server.log.use.memory = false (default)
2019-07-16 14:35:58,079 INFO  segmented.SegmentedRaftLogWorker (SegmentedRaftLogWorker.java:<init>(172)) - new 09bca760-3b13-4120-b2e8-a5f0ffa0775c-SegmentedRaftLogWorker:Storage Directory /workdir/hadoop-ozone/integration-test/target/test-dir/MiniOzoneClusterImpl-cd0beb4e-717b-4910-a035-f99a3849b6d4/datanode-5/data/ratis/41bc554d-8445-44b2-8ee5-29e9e5f46462 for RaftStorage:Storage Directory /workdir/hadoop-ozone/integration-test/target/test-dir/MiniOzoneClusterImpl-cd0beb4e-717b-4910-a035-f99a3849b6d4/datanode-5/data/ratis/41bc554d-8445-44b2-8ee5-29e9e5f46462
2019-07-16 14:35:58,079 INFO  server.RaftServerConfigKeys (ConfUtils.java:logGet(43)) - raft.server.log.purge.gap = 1000000000 (custom)
2019-07-16 14:35:58,080 INFO  server.RaftServerConfigKeys (ConfUtils.java:logGet(43)) - raft.server.log.queue.byte-limit = 2147483647 (custom)
2019-07-16 14:35:58,080 INFO  server.RaftServerConfigKeys (ConfUtils.java:logGet(43)) - raft.server.log.purge.gap = 1000000000 (custom)
2019-07-16 14:35:58,082 INFO  server.RaftServerConfigKeys (ConfUtils.java:logGet(43)) - raft.server.log.queue.element-limit = 1024 (custom)
2019-07-16 14:35:58,080 INFO  server.RaftServerConfigKeys (ConfUtils.java:logGet(43)) - raft.server.log.appender.buffer.byte-limit = 33554432 (custom)
2019-07-16 14:35:58,083 INFO  server.RaftServerConfigKeys (ConfUtils.java:logGet(43)) - raft.server.log.segment.size.max = 1048576 (custom)
2019-07-16 14:35:58,083 INFO  server.RaftServerConfigKeys (ConfUtils.java:logGet(43)) - raft.server.log.appender.buffer.byte-limit = 33554432 (custom)
2019-07-16 14:35:58,083 INFO  server.RaftServerConfigKeys (ConfUtils.java:logGet(43)) - raft.server.log.preallocated.size = 16384 (custom)
2019-07-16 14:35:58,083 INFO  server.RaftServerConfigKeys (ConfUtils.java:logGet(43)) - raft.server.log.segment.size.max = 1048576 (custom)
2019-07-16 14:35:58,083 INFO  server.RaftServerConfigKeys (ConfUtils.java:logGet(43)) - raft.server.log.write.buffer.size = 33554432 (custom)
2019-07-16 14:35:58,084 INFO  server.RaftServerConfigKeys (ConfUtils.java:logGet(43)) - raft.server.log.force.sync.num = 128 (default)
2019-07-16 14:35:58,083 INFO  server.RaftServerConfigKeys (ConfUtils.java:logGet(43)) - raft.server.log.segment.size.max = 1048576 (custom)
2019-07-16 14:35:58,084 INFO  server.RaftServerConfigKeys (ConfUtils.java:logGet(43)) - raft.server.log.statemachine.data.sync = true (default)
2019-07-16 14:35:58,084 INFO  server.RaftServerConfigKeys (ConfUtils.java:logGet(43)) - raft.server.log.segment.cache.num.max = 2 (custom)
2019-07-16 14:35:58,084 INFO  server.RaftServerConfigKeys (ConfUtils.java:logGet(43)) - raft.server.log.statemachine.data.sync.timeout = 10s (default)
2019-07-16 14:35:58,085 INFO  server.RaftServerConfigKeys (ConfUtils.java:logGet(43)) - raft.server.log.statemachine.data.sync.timeout.retry = -1 (default)
2019-07-16 14:35:58,084 INFO  server.RaftServerConfigKeys (ConfUtils.java:logGet(43)) - raft.server.log.segment.cache.num.max = 2 (custom)
2019-07-16 14:35:58,084 INFO  segmented.SegmentedRaftLogWorker (SegmentedRaftLogWorker.java:<init>(172)) - new 40172ca2-e6ac-42a3-9aae-5947fa7d9dc4-SegmentedRaftLogWorker:Storage Directory /workdir/hadoop-ozone/integration-test/target/test-dir/MiniOzoneClusterImpl-cd0beb4e-717b-4910-a035-f99a3849b6d4/datanode-1/data/ratis/41bc554d-8445-44b2-8ee5-29e9e5f46462 for RaftStorage:Storage Directory /workdir/hadoop-ozone/integration-test/target/test-dir/MiniOzoneClusterImpl-cd0beb4e-717b-4910-a035-f99a3849b6d4/datanode-1/data/ratis/41bc554d-8445-44b2-8ee5-29e9e5f46462
2019-07-16 14:35:58,085 INFO  server.RaftServerConfigKeys (ConfUtils.java:logGet(43)) - raft.server.log.statemachine.data.caching.enabled = true (custom)
2019-07-16 14:35:58,085 INFO  segmented.SegmentedRaftLogWorker (SegmentedRaftLogWorker.java:<init>(172)) - new 7e7798a3-6138-4857-8cc4-9add5e10292f-SegmentedRaftLogWorker:Storage Directory /workdir/hadoop-ozone/integration-test/target/test-dir/MiniOzoneClusterImpl-cd0beb4e-717b-4910-a035-f99a3849b6d4/datanode-3/data/ratis/41bc554d-8445-44b2-8ee5-29e9e5f46462 for RaftStorage:Storage Directory /workdir/hadoop-ozone/integration-test/target/test-dir/MiniOzoneClusterImpl-cd0beb4e-717b-4910-a035-f99a3849b6d4/datanode-3/data/ratis/41bc554d-8445-44b2-8ee5-29e9e5f46462
2019-07-16 14:35:58,087 INFO  segmented.SegmentedRaftLogWorker (SegmentedRaftLogWorker.java:lambda$new$0(132)) - 09bca760-3b13-4120-b2e8-a5f0ffa0775c-SegmentedRaftLogWorker:Storage Directory /workdir/hadoop-ozone/integration-test/target/test-dir/MiniOzoneClusterImpl-cd0beb4e-717b-4910-a035-f99a3849b6d4/datanode-5/data/ratis/41bc554d-8445-44b2-8ee5-29e9e5f46462: flushIndex: setUnconditionally 0 -> -1
2019-07-16 14:35:58,085 INFO  server.RaftServerConfigKeys (ConfUtils.java:logGet(43)) - raft.server.log.queue.byte-limit = 2147483647 (custom)
2019-07-16 14:35:58,090 INFO  server.RaftServerConfigKeys (ConfUtils.java:logGet(43)) - raft.server.snapshot.auto.trigger.enabled = true (custom)
2019-07-16 14:35:58,090 INFO  server.RaftServerConfigKeys (ConfUtils.java:logGet(43)) - raft.server.snapshot.auto.trigger.threshold = 10000 (custom)
2019-07-16 14:35:58,088 INFO  server.RaftServerConfigKeys (ConfUtils.java:logGet(43)) - raft.server.log.queue.byte-limit = 2147483647 (custom)
2019-07-16 14:35:58,090 INFO  server.RaftServerConfigKeys (ConfUtils.java:logGet(43)) - raft.server.retrycache.expirytime = 600000ms (custom)
2019-07-16 14:35:58,090 INFO  server.RaftServerConfigKeys (ConfUtils.java:logGet(43)) - raft.server.log.queue.element-limit = 1024 (custom)
2019-07-16 14:35:58,090 INFO  impl.RaftServerImpl (RaftServerImpl.java:start(180)) - 09bca760-3b13-4120-b2e8-a5f0ffa0775c: start group-29E9E5F46462
2019-07-16 14:35:58,091 INFO  impl.RaftServerImpl (RaftServerImpl.java:setRole(171)) - 09bca760-3b13-4120-b2e8-a5f0ffa0775c:group-29E9E5F46462 changes role from null to FOLLOWER at term 0 for startAsFollower
2019-07-16 14:35:58,090 INFO  server.RaftServerConfigKeys (ConfUtils.java:logGet(43)) - raft.server.log.queue.element-limit = 1024 (custom)
2019-07-16 14:35:58,091 INFO  impl.RoleInfo (RoleInfo.java:updateAndGet(143)) - 09bca760-3b13-4120-b2e8-a5f0ffa0775c: start FollowerState
2019-07-16 14:35:58,091 INFO  server.RaftServerConfigKeys (ConfUtils.java:logGet(43)) - raft.server.log.segment.size.max = 1048576 (custom)
2019-07-16 14:35:58,091 INFO  server.RaftServerConfigKeys (ConfUtils.java:logGet(43)) - raft.server.log.segment.size.max = 1048576 (custom)
2019-07-16 14:35:58,091 INFO  util.JmxRegister (JmxRegister.java:tryRegister(44)) - Successfully registered JMX Bean with object name Ratis:service=RaftServer,group=group-29E9E5F46462,id=09bca760-3b13-4120-b2e8-a5f0ffa0775c
2019-07-16 14:35:58,091 INFO  server.RaftServerConfigKeys (ConfUtils.java:logGet(43)) - raft.server.log.preallocated.size = 16384 (custom)
2019-07-16 14:35:58,092 INFO  server.RaftServerConfigKeys (ConfUtils.java:logGet(43)) - raft.server.log.preallocated.size = 16384 (custom)
2019-07-16 14:35:58,092 INFO  server.RaftServerConfigKeys (ConfUtils.java:logGet(43)) - raft.server.log.write.buffer.size = 33554432 (custom)
2019-07-16 14:35:58,092 INFO  server.RaftServerConfigKeys (ConfUtils.java:logGet(43)) - raft.server.log.write.buffer.size = 33554432 (custom)
2019-07-16 14:35:58,092 INFO  server.RaftServerConfigKeys (ConfUtils.java:logGet(43)) - raft.server.log.force.sync.num = 128 (default)
2019-07-16 14:35:58,092 INFO  server.RaftServerConfigKeys (ConfUtils.java:logGet(43)) - raft.server.log.force.sync.num = 128 (default)
2019-07-16 14:35:58,092 INFO  server.RaftServerConfigKeys (ConfUtils.java:logGet(43)) - raft.server.log.statemachine.data.sync = true (default)
2019-07-16 14:35:58,093 INFO  server.RaftServerConfigKeys (ConfUtils.java:logGet(43)) - raft.server.log.statemachine.data.sync = true (default)
2019-07-16 14:35:58,093 INFO  server.RaftServerConfigKeys (ConfUtils.java:logGet(43)) - raft.server.log.statemachine.data.sync.timeout = 10s (default)
2019-07-16 14:35:58,095 INFO  server.RaftServerConfigKeys (ConfUtils.java:logGet(43)) - raft.server.log.statemachine.data.sync.timeout = 10s (default)
2019-07-16 14:35:58,095 INFO  server.RaftServerConfigKeys (ConfUtils.java:logGet(43)) - raft.server.log.statemachine.data.sync.timeout.retry = -1 (default)
2019-07-16 14:35:58,095 INFO  server.RaftServerConfigKeys (ConfUtils.java:logGet(43)) - raft.server.log.statemachine.data.sync.timeout.retry = -1 (default)
2019-07-16 14:35:58,096 INFO  server.RaftServerConfigKeys (ConfUtils.java:logGet(43)) - raft.server.log.statemachine.data.caching.enabled = true (custom)
2019-07-16 14:35:58,096 INFO  server.RaftServerConfigKeys (ConfUtils.java:logGet(43)) - raft.server.log.statemachine.data.caching.enabled = true (custom)
2019-07-16 14:35:58,100 INFO  segmented.SegmentedRaftLogWorker (SegmentedRaftLogWorker.java:lambda$new$0(132)) - 40172ca2-e6ac-42a3-9aae-5947fa7d9dc4-SegmentedRaftLogWorker:Storage Directory /workdir/hadoop-ozone/integration-test/target/test-dir/MiniOzoneClusterImpl-cd0beb4e-717b-4910-a035-f99a3849b6d4/datanode-1/data/ratis/41bc554d-8445-44b2-8ee5-29e9e5f46462: flushIndex: setUnconditionally 0 -> -1
2019-07-16 14:35:58,100 INFO  segmented.SegmentedRaftLogWorker (SegmentedRaftLogWorker.java:lambda$new$0(132)) - 7e7798a3-6138-4857-8cc4-9add5e10292f-SegmentedRaftLogWorker:Storage Directory /workdir/hadoop-ozone/integration-test/target/test-dir/MiniOzoneClusterImpl-cd0beb4e-717b-4910-a035-f99a3849b6d4/datanode-3/data/ratis/41bc554d-8445-44b2-8ee5-29e9e5f46462: flushIndex: setUnconditionally 0 -> -1
2019-07-16 14:35:58,100 INFO  server.RaftServerConfigKeys (ConfUtils.java:logGet(43)) - raft.server.snapshot.auto.trigger.enabled = true (custom)
2019-07-16 14:35:58,100 INFO  server.RaftServerConfigKeys (ConfUtils.java:logGet(43)) - raft.server.snapshot.auto.trigger.enabled = true (custom)
2019-07-16 14:35:58,100 INFO  server.RaftServerConfigKeys (ConfUtils.java:logGet(43)) - raft.server.snapshot.auto.trigger.threshold = 10000 (custom)
2019-07-16 14:35:58,102 INFO  server.RaftServerConfigKeys (ConfUtils.java:logGet(43)) - raft.server.snapshot.auto.trigger.threshold = 10000 (custom)
2019-07-16 14:35:58,104 INFO  server.RaftServerConfigKeys (ConfUtils.java:logGet(43)) - raft.server.retrycache.expirytime = 600000ms (custom)
2019-07-16 14:35:58,105 INFO  server.RaftServerConfigKeys (ConfUtils.java:logGet(43)) - raft.server.retrycache.expirytime = 600000ms (custom)
2019-07-16 14:35:58,105 INFO  impl.RaftServerImpl (RaftServerImpl.java:start(180)) - 40172ca2-e6ac-42a3-9aae-5947fa7d9dc4: start group-29E9E5F46462
2019-07-16 14:35:58,105 INFO  impl.RaftServerImpl (RaftServerImpl.java:start(180)) - 7e7798a3-6138-4857-8cc4-9add5e10292f: start group-29E9E5F46462
2019-07-16 14:35:58,105 INFO  impl.RaftServerImpl (RaftServerImpl.java:setRole(171)) - 40172ca2-e6ac-42a3-9aae-5947fa7d9dc4:group-29E9E5F46462 changes role from null to FOLLOWER at term 0 for startAsFollower
2019-07-16 14:35:58,105 INFO  impl.RaftServerImpl (RaftServerImpl.java:setRole(171)) - 7e7798a3-6138-4857-8cc4-9add5e10292f:group-29E9E5F46462 changes role from null to FOLLOWER at term 0 for startAsFollower
2019-07-16 14:35:58,105 INFO  impl.RoleInfo (RoleInfo.java:updateAndGet(143)) - 40172ca2-e6ac-42a3-9aae-5947fa7d9dc4: start FollowerState
2019-07-16 14:35:58,105 INFO  impl.RoleInfo (RoleInfo.java:updateAndGet(143)) - 7e7798a3-6138-4857-8cc4-9add5e10292f: start FollowerState
2019-07-16 14:35:58,106 INFO  util.JmxRegister (JmxRegister.java:tryRegister(44)) - Successfully registered JMX Bean with object name Ratis:service=RaftServer,group=group-29E9E5F46462,id=40172ca2-e6ac-42a3-9aae-5947fa7d9dc4
2019-07-16 14:35:58,106 INFO  util.JmxRegister (JmxRegister.java:tryRegister(44)) - Successfully registered JMX Bean with object name Ratis:service=RaftServer,group=group-29E9E5F46462,id=7e7798a3-6138-4857-8cc4-9add5e10292f
2019-07-16 14:35:58,133 INFO  pipeline.PipelineStateManager (PipelineStateManager.java:addPipeline(56)) - Created pipeline Pipeline[ Id: 41bc554d-8445-44b2-8ee5-29e9e5f46462, Nodes: 40172ca2-e6ac-42a3-9aae-5947fa7d9dc4{ip: 192.168.5.141, host: byscane-nightly-ppzk5-1864156943, networkLocation: /default-rack, certSerialId: null}09bca760-3b13-4120-b2e8-a5f0ffa0775c{ip: 192.168.5.141, host: byscane-nightly-ppzk5-1864156943, networkLocation: /default-rack, certSerialId: null}7e7798a3-6138-4857-8cc4-9add5e10292f{ip: 192.168.5.141, host: byscane-nightly-ppzk5-1864156943, networkLocation: /default-rack, certSerialId: null}, Type:RATIS, Factor:THREE, State:OPEN]
2019-07-16 14:35:58,151 INFO  impl.RaftServerProxy (RaftServerProxy.java:addNew(89)) - e23718f9-2f23-42f9-b2c7-e09aaf1dba64: addNew group-5234E51FE338:[e23718f9-2f23-42f9-b2c7-e09aaf1dba64:192.168.5.141:33938] returns group-5234E51FE338:java.util.concurrent.CompletableFuture@21890dc5[Not completed]
2019-07-16 14:35:58,151 INFO  impl.RaftServerImpl (RaftServerImpl.java:<init>(93)) - e23718f9-2f23-42f9-b2c7-e09aaf1dba64: new RaftServerImpl for group-5234E51FE338:[e23718f9-2f23-42f9-b2c7-e09aaf1dba64:192.168.5.141:33938] with ContainerStateMachine:uninitialized
2019-07-16 14:35:58,153 INFO  server.RaftServerConfigKeys (ConfUtils.java:logGet(43)) - raft.server.rpc.timeout.min = 5s (custom)
2019-07-16 14:35:58,153 INFO  server.RaftServerConfigKeys (ConfUtils.java:logGet(43)) - raft.server.rpc.timeout.max = 5200ms (custom)
2019-07-16 14:35:58,153 INFO  server.RaftServerConfigKeys (ConfUtils.java:logGet(43)) - raft.server.rpcslowness.timeout = 120s (custom)
2019-07-16 14:35:58,153 INFO  server.RaftServerConfigKeys (ConfUtils.java:logGet(43)) - raft.server.sleep.deviation.threshold = 300 (default)
2019-07-16 14:35:58,153 INFO  server.RaftServerConfigKeys (ConfUtils.java:logGet(43)) - raft.server.log.appender.install.snapshot.enabled = false (custom)
2019-07-16 14:35:58,154 INFO  impl.RaftServerImpl (ServerState.java:<init>(105)) - e23718f9-2f23-42f9-b2c7-e09aaf1dba64:group-5234E51FE338 ConfigurationManager, init=-1: [e23718f9-2f23-42f9-b2c7-e09aaf1dba64:192.168.5.141:33938], old=null, confs=<EMPTY_MAP>
2019-07-16 14:35:58,154 INFO  server.RaftServerConfigKeys (ConfUtils.java:logGet(43)) - raft.server.storage.dir = [/workdir/hadoop-ozone/integration-test/target/test-dir/MiniOzoneClusterImpl-cd0beb4e-717b-4910-a035-f99a3849b6d4/datanode-4/data/ratis] (custom)
2019-07-16 14:35:58,154 INFO  storage.RaftStorageDirectory (RaftStorageDirectory.java:analyzeStorage(246)) - The storage directory /workdir/hadoop-ozone/integration-test/target/test-dir/MiniOzoneClusterImpl-cd0beb4e-717b-4910-a035-f99a3849b6d4/datanode-4/data/ratis/4313904f-9fb0-4a93-9903-5234e51fe338 does not exist. Creating ...
2019-07-16 14:35:58,216 INFO  storage.RaftStorageDirectory (RaftStorageDirectory.java:tryLock(328)) - Lock on /workdir/hadoop-ozone/integration-test/target/test-dir/MiniOzoneClusterImpl-cd0beb4e-717b-4910-a035-f99a3849b6d4/datanode-4/data/ratis/4313904f-9fb0-4a93-9903-5234e51fe338/in_use.lock acquired by nodename 28094@byscane-nightly-ppzk5-1864156943
2019-07-16 14:35:58,223 INFO  storage.RaftStorage (RaftStorage.java:format(72)) - Storage directory /workdir/hadoop-ozone/integration-test/target/test-dir/MiniOzoneClusterImpl-cd0beb4e-717b-4910-a035-f99a3849b6d4/datanode-4/data/ratis/4313904f-9fb0-4a93-9903-5234e51fe338 has been successfully formatted.
2019-07-16 14:35:58,224 INFO  ratis.ContainerStateMachine (ContainerStateMachine.java:loadSnapshot(199)) - group-5234E51FE338: The snapshot info is null. Setting the last applied indexto:(t:0, i:~)
2019-07-16 14:35:58,224 INFO  server.RaftServerConfigKeys (ConfUtils.java:logGet(43)) - raft.server.leader.election.timeout = 120s (custom)
2019-07-16 14:35:58,224 INFO  server.RaftServerConfigKeys (ConfUtils.java:logGet(43)) - raft.server.log.use.memory = false (default)
2019-07-16 14:35:58,224 INFO  server.RaftServerConfigKeys (ConfUtils.java:logGet(43)) - raft.server.log.purge.gap = 1000000000 (custom)
2019-07-16 14:35:58,225 INFO  server.RaftServerConfigKeys (ConfUtils.java:logGet(43)) - raft.server.log.appender.buffer.byte-limit = 33554432 (custom)
2019-07-16 14:35:58,225 INFO  server.RaftServerConfigKeys (ConfUtils.java:logGet(43)) - raft.server.log.segment.size.max = 1048576 (custom)
2019-07-16 14:35:58,225 INFO  server.RaftServerConfigKeys (ConfUtils.java:logGet(43)) - raft.server.log.segment.cache.num.max = 2 (custom)
2019-07-16 14:35:58,225 INFO  segmented.SegmentedRaftLogWorker (SegmentedRaftLogWorker.java:<init>(172)) - new e23718f9-2f23-42f9-b2c7-e09aaf1dba64-SegmentedRaftLogWorker:Storage Directory /workdir/hadoop-ozone/integration-test/target/test-dir/MiniOzoneClusterImpl-cd0beb4e-717b-4910-a035-f99a3849b6d4/datanode-4/data/ratis/4313904f-9fb0-4a93-9903-5234e51fe338 for RaftStorage:Storage Directory /workdir/hadoop-ozone/integration-test/target/test-dir/MiniOzoneClusterImpl-cd0beb4e-717b-4910-a035-f99a3849b6d4/datanode-4/data/ratis/4313904f-9fb0-4a93-9903-5234e51fe338
2019-07-16 14:35:58,225 INFO  server.RaftServerConfigKeys (ConfUtils.java:logGet(43)) - raft.server.log.queue.byte-limit = 2147483647 (custom)
2019-07-16 14:35:58,226 INFO  server.RaftServerConfigKeys (ConfUtils.java:logGet(43)) - raft.server.log.queue.element-limit = 1024 (custom)
2019-07-16 14:35:58,226 INFO  server.RaftServerConfigKeys (ConfUtils.java:logGet(43)) - raft.server.log.segment.size.max = 1048576 (custom)
2019-07-16 14:35:58,226 INFO  server.RaftServerConfigKeys (ConfUtils.java:logGet(43)) - raft.server.log.preallocated.size = 16384 (custom)
2019-07-16 14:35:58,226 INFO  server.RaftServerConfigKeys (ConfUtils.java:logGet(43)) - raft.server.log.write.buffer.size = 33554432 (custom)
2019-07-16 14:35:58,226 INFO  server.RaftServerConfigKeys (ConfUtils.java:logGet(43)) - raft.server.log.force.sync.num = 128 (default)
2019-07-16 14:35:58,226 INFO  server.RaftServerConfigKeys (ConfUtils.java:logGet(43)) - raft.server.log.statemachine.data.sync = true (default)
2019-07-16 14:35:58,227 INFO  server.RaftServerConfigKeys (ConfUtils.java:logGet(43)) - raft.server.log.statemachine.data.sync.timeout = 10s (default)
2019-07-16 14:35:58,227 INFO  server.RaftServerConfigKeys (ConfUtils.java:logGet(43)) - raft.server.log.statemachine.data.sync.timeout.retry = -1 (default)
2019-07-16 14:35:58,227 INFO  server.RaftServerConfigKeys (ConfUtils.java:logGet(43)) - raft.server.log.statemachine.data.caching.enabled = true (custom)
2019-07-16 14:35:58,227 INFO  segmented.SegmentedRaftLogWorker (SegmentedRaftLogWorker.java:lambda$new$0(132)) - e23718f9-2f23-42f9-b2c7-e09aaf1dba64-SegmentedRaftLogWorker:Storage Directory /workdir/hadoop-ozone/integration-test/target/test-dir/MiniOzoneClusterImpl-cd0beb4e-717b-4910-a035-f99a3849b6d4/datanode-4/data/ratis/4313904f-9fb0-4a93-9903-5234e51fe338: flushIndex: setUnconditionally 0 -> -1
2019-07-16 14:35:58,228 INFO  server.RaftServerConfigKeys (ConfUtils.java:logGet(43)) - raft.server.snapshot.auto.trigger.enabled = true (custom)
2019-07-16 14:35:58,228 INFO  server.RaftServerConfigKeys (ConfUtils.java:logGet(43)) - raft.server.snapshot.auto.trigger.threshold = 10000 (custom)
2019-07-16 14:35:58,228 INFO  server.RaftServerConfigKeys (ConfUtils.java:logGet(43)) - raft.server.retrycache.expirytime = 600000ms (custom)
2019-07-16 14:35:58,229 INFO  impl.RaftServerImpl (RaftServerImpl.java:start(180)) - e23718f9-2f23-42f9-b2c7-e09aaf1dba64: start group-5234E51FE338
2019-07-16 14:35:58,229 INFO  impl.RaftServerImpl (RaftServerImpl.java:setRole(171)) - e23718f9-2f23-42f9-b2c7-e09aaf1dba64:group-5234E51FE338 changes role from null to FOLLOWER at term 0 for startAsFollower
2019-07-16 14:35:58,229 INFO  impl.RoleInfo (RoleInfo.java:updateAndGet(143)) - e23718f9-2f23-42f9-b2c7-e09aaf1dba64: start FollowerState
2019-07-16 14:35:58,229 INFO  util.JmxRegister (JmxRegister.java:tryRegister(44)) - Successfully registered JMX Bean with object name Ratis:service=RaftServer,group=group-5234E51FE338,id=e23718f9-2f23-42f9-b2c7-e09aaf1dba64
2019-07-16 14:35:58,240 INFO  pipeline.PipelineStateManager (PipelineStateManager.java:addPipeline(56)) - Created pipeline Pipeline[ Id: 4313904f-9fb0-4a93-9903-5234e51fe338, Nodes: e23718f9-2f23-42f9-b2c7-e09aaf1dba64{ip: 192.168.5.141, host: byscane-nightly-ppzk5-1864156943, networkLocation: /default-rack, certSerialId: null}, Type:RATIS, Factor:ONE, State:OPEN]
2019-07-16 14:35:58,256 INFO  impl.RaftServerProxy (RaftServerProxy.java:addNew(89)) - b5d1a781-cdce-4b0c-8da3-26ed70390cd7: addNew group-DF64BDA75995:[b5d1a781-cdce-4b0c-8da3-26ed70390cd7:192.168.5.141:44809] returns group-DF64BDA75995:java.util.concurrent.CompletableFuture@1daf11b9[Not completed]
2019-07-16 14:35:58,257 INFO  impl.RaftServerImpl (RaftServerImpl.java:<init>(93)) - b5d1a781-cdce-4b0c-8da3-26ed70390cd7: new RaftServerImpl for group-DF64BDA75995:[b5d1a781-cdce-4b0c-8da3-26ed70390cd7:192.168.5.141:44809] with ContainerStateMachine:uninitialized
2019-07-16 14:35:58,257 INFO  server.RaftServerConfigKeys (ConfUtils.java:logGet(43)) - raft.server.rpc.timeout.min = 5s (custom)
2019-07-16 14:35:58,257 INFO  server.RaftServerConfigKeys (ConfUtils.java:logGet(43)) - raft.server.rpc.timeout.max = 5200ms (custom)
2019-07-16 14:35:58,257 INFO  server.RaftServerConfigKeys (ConfUtils.java:logGet(43)) - raft.server.rpcslowness.timeout = 120s (custom)
2019-07-16 14:35:58,257 INFO  server.RaftServerConfigKeys (ConfUtils.java:logGet(43)) - raft.server.sleep.deviation.threshold = 300 (default)
2019-07-16 14:35:58,258 INFO  server.RaftServerConfigKeys (ConfUtils.java:logGet(43)) - raft.server.log.appender.install.snapshot.enabled = false (custom)
2019-07-16 14:35:58,258 INFO  impl.RaftServerImpl (ServerState.java:<init>(105)) - b5d1a781-cdce-4b0c-8da3-26ed70390cd7:group-DF64BDA75995 ConfigurationManager, init=-1: [b5d1a781-cdce-4b0c-8da3-26ed70390cd7:192.168.5.141:44809], old=null, confs=<EMPTY_MAP>
2019-07-16 14:35:58,258 INFO  server.RaftServerConfigKeys (ConfUtils.java:logGet(43)) - raft.server.storage.dir = [/workdir/hadoop-ozone/integration-test/target/test-dir/MiniOzoneClusterImpl-cd0beb4e-717b-4910-a035-f99a3849b6d4/datanode-2/data/ratis] (custom)
2019-07-16 14:35:58,258 INFO  storage.RaftStorageDirectory (RaftStorageDirectory.java:analyzeStorage(246)) - The storage directory /workdir/hadoop-ozone/integration-test/target/test-dir/MiniOzoneClusterImpl-cd0beb4e-717b-4910-a035-f99a3849b6d4/datanode-2/data/ratis/2b3d40c8-fd53-4755-b83d-df64bda75995 does not exist. Creating ...
2019-07-16 14:35:58,274 INFO  storage.RaftStorageDirectory (RaftStorageDirectory.java:tryLock(328)) - Lock on /workdir/hadoop-ozone/integration-test/target/test-dir/MiniOzoneClusterImpl-cd0beb4e-717b-4910-a035-f99a3849b6d4/datanode-2/data/ratis/2b3d40c8-fd53-4755-b83d-df64bda75995/in_use.lock acquired by nodename 28094@byscane-nightly-ppzk5-1864156943
2019-07-16 14:35:58,279 INFO  storage.RaftStorage (RaftStorage.java:format(72)) - Storage directory /workdir/hadoop-ozone/integration-test/target/test-dir/MiniOzoneClusterImpl-cd0beb4e-717b-4910-a035-f99a3849b6d4/datanode-2/data/ratis/2b3d40c8-fd53-4755-b83d-df64bda75995 has been successfully formatted.
2019-07-16 14:35:58,279 INFO  ratis.ContainerStateMachine (ContainerStateMachine.java:loadSnapshot(199)) - group-DF64BDA75995: The snapshot info is null. Setting the last applied indexto:(t:0, i:~)
2019-07-16 14:35:58,279 INFO  server.RaftServerConfigKeys (ConfUtils.java:logGet(43)) - raft.server.leader.election.timeout = 120s (custom)
2019-07-16 14:35:58,279 INFO  server.RaftServerConfigKeys (ConfUtils.java:logGet(43)) - raft.server.log.use.memory = false (default)
2019-07-16 14:35:58,279 INFO  server.RaftServerConfigKeys (ConfUtils.java:logGet(43)) - raft.server.log.purge.gap = 1000000000 (custom)
2019-07-16 14:35:58,280 INFO  server.RaftServerConfigKeys (ConfUtils.java:logGet(43)) - raft.server.log.appender.buffer.byte-limit = 33554432 (custom)
2019-07-16 14:35:58,280 INFO  server.RaftServerConfigKeys (ConfUtils.java:logGet(43)) - raft.server.log.segment.size.max = 1048576 (custom)
2019-07-16 14:35:58,280 INFO  server.RaftServerConfigKeys (ConfUtils.java:logGet(43)) - raft.server.log.segment.cache.num.max = 2 (custom)
2019-07-16 14:35:58,280 INFO  segmented.SegmentedRaftLogWorker (SegmentedRaftLogWorker.java:<init>(172)) - new b5d1a781-cdce-4b0c-8da3-26ed70390cd7-SegmentedRaftLogWorker:Storage Directory /workdir/hadoop-ozone/integration-test/target/test-dir/MiniOzoneClusterImpl-cd0beb4e-717b-4910-a035-f99a3849b6d4/datanode-2/data/ratis/2b3d40c8-fd53-4755-b83d-df64bda75995 for RaftStorage:Storage Directory /workdir/hadoop-ozone/integration-test/target/test-dir/MiniOzoneClusterImpl-cd0beb4e-717b-4910-a035-f99a3849b6d4/datanode-2/data/ratis/2b3d40c8-fd53-4755-b83d-df64bda75995
2019-07-16 14:35:58,280 INFO  server.RaftServerConfigKeys (ConfUtils.java:logGet(43)) - raft.server.log.queue.byte-limit = 2147483647 (custom)
2019-07-16 14:35:58,280 INFO  server.RaftServerConfigKeys (ConfUtils.java:logGet(43)) - raft.server.log.queue.element-limit = 1024 (custom)
2019-07-16 14:35:58,280 INFO  server.RaftServerConfigKeys (ConfUtils.java:logGet(43)) - raft.server.log.segment.size.max = 1048576 (custom)
2019-07-16 14:35:58,280 INFO  server.RaftServerConfigKeys (ConfUtils.java:logGet(43)) - raft.server.log.preallocated.size = 16384 (custom)
2019-07-16 14:35:58,281 INFO  server.RaftServerConfigKeys (ConfUtils.java:logGet(43)) - raft.server.log.write.buffer.size = 33554432 (custom)
2019-07-16 14:35:58,281 INFO  server.RaftServerConfigKeys (ConfUtils.java:logGet(43)) - raft.server.log.force.sync.num = 128 (default)
2019-07-16 14:35:58,281 INFO  server.RaftServerConfigKeys (ConfUtils.java:logGet(43)) - raft.server.log.statemachine.data.sync = true (default)
2019-07-16 14:35:58,281 INFO  server.RaftServerConfigKeys (ConfUtils.java:logGet(43)) - raft.server.log.statemachine.data.sync.timeout = 10s (default)
2019-07-16 14:35:58,281 INFO  server.RaftServerConfigKeys (ConfUtils.java:logGet(43)) - raft.server.log.statemachine.data.sync.timeout.retry = -1 (default)
2019-07-16 14:35:58,281 INFO  server.RaftServerConfigKeys (ConfUtils.java:logGet(43)) - raft.server.log.statemachine.data.caching.enabled = true (custom)
2019-07-16 14:35:58,282 INFO  segmented.SegmentedRaftLogWorker (SegmentedRaftLogWorker.java:lambda$new$0(132)) - b5d1a781-cdce-4b0c-8da3-26ed70390cd7-SegmentedRaftLogWorker:Storage Directory /workdir/hadoop-ozone/integration-test/target/test-dir/MiniOzoneClusterImpl-cd0beb4e-717b-4910-a035-f99a3849b6d4/datanode-2/data/ratis/2b3d40c8-fd53-4755-b83d-df64bda75995: flushIndex: setUnconditionally 0 -> -1
2019-07-16 14:35:58,282 INFO  server.RaftServerConfigKeys (ConfUtils.java:logGet(43)) - raft.server.snapshot.auto.trigger.enabled = true (custom)
2019-07-16 14:35:58,282 INFO  server.RaftServerConfigKeys (ConfUtils.java:logGet(43)) - raft.server.snapshot.auto.trigger.threshold = 10000 (custom)
2019-07-16 14:35:58,282 INFO  server.RaftServerConfigKeys (ConfUtils.java:logGet(43)) - raft.server.retrycache.expirytime = 600000ms (custom)
2019-07-16 14:35:58,282 INFO  impl.RaftServerImpl (RaftServerImpl.java:start(180)) - b5d1a781-cdce-4b0c-8da3-26ed70390cd7: start group-DF64BDA75995
2019-07-16 14:35:58,282 INFO  impl.RaftServerImpl (RaftServerImpl.java:setRole(171)) - b5d1a781-cdce-4b0c-8da3-26ed70390cd7:group-DF64BDA75995 changes role from null to FOLLOWER at term 0 for startAsFollower
2019-07-16 14:35:58,283 INFO  impl.RoleInfo (RoleInfo.java:updateAndGet(143)) - b5d1a781-cdce-4b0c-8da3-26ed70390cd7: start FollowerState
2019-07-16 14:35:58,283 INFO  util.JmxRegister (JmxRegister.java:tryRegister(44)) - Successfully registered JMX Bean with object name Ratis:service=RaftServer,group=group-DF64BDA75995,id=b5d1a781-cdce-4b0c-8da3-26ed70390cd7
2019-07-16 14:35:58,292 INFO  pipeline.PipelineStateManager (PipelineStateManager.java:addPipeline(56)) - Created pipeline Pipeline[ Id: 2b3d40c8-fd53-4755-b83d-df64bda75995, Nodes: b5d1a781-cdce-4b0c-8da3-26ed70390cd7{ip: 192.168.5.141, host: byscane-nightly-ppzk5-1864156943, networkLocation: /default-rack, certSerialId: null}, Type:RATIS, Factor:ONE, State:OPEN]
2019-07-16 14:35:58,308 INFO  impl.RaftServerProxy (RaftServerProxy.java:addNew(89)) - 9226dd17-256e-4d27-87e0-1e025cbf773d: addNew group-7EFBF585C060:[9226dd17-256e-4d27-87e0-1e025cbf773d:192.168.5.141:45537] returns group-7EFBF585C060:java.util.concurrent.CompletableFuture@5ae63db7[Not completed]
2019-07-16 14:35:58,309 INFO  impl.RaftServerImpl (RaftServerImpl.java:<init>(93)) - 9226dd17-256e-4d27-87e0-1e025cbf773d: new RaftServerImpl for group-7EFBF585C060:[9226dd17-256e-4d27-87e0-1e025cbf773d:192.168.5.141:45537] with ContainerStateMachine:uninitialized
2019-07-16 14:35:58,309 INFO  server.RaftServerConfigKeys (ConfUtils.java:logGet(43)) - raft.server.rpc.timeout.min = 5s (custom)
2019-07-16 14:35:58,310 INFO  server.RaftServerConfigKeys (ConfUtils.java:logGet(43)) - raft.server.rpc.timeout.max = 5200ms (custom)
2019-07-16 14:35:58,310 INFO  server.RaftServerConfigKeys (ConfUtils.java:logGet(43)) - raft.server.rpcslowness.timeout = 120s (custom)
2019-07-16 14:35:58,310 INFO  server.RaftServerConfigKeys (ConfUtils.java:logGet(43)) - raft.server.sleep.deviation.threshold = 300 (default)
2019-07-16 14:35:58,310 INFO  server.RaftServerConfigKeys (ConfUtils.java:logGet(43)) - raft.server.log.appender.install.snapshot.enabled = false (custom)
2019-07-16 14:35:58,310 INFO  impl.RaftServerImpl (ServerState.java:<init>(105)) - 9226dd17-256e-4d27-87e0-1e025cbf773d:group-7EFBF585C060 ConfigurationManager, init=-1: [9226dd17-256e-4d27-87e0-1e025cbf773d:192.168.5.141:45537], old=null, confs=<EMPTY_MAP>
2019-07-16 14:35:58,311 INFO  server.RaftServerConfigKeys (ConfUtils.java:logGet(43)) - raft.server.storage.dir = [/workdir/hadoop-ozone/integration-test/target/test-dir/MiniOzoneClusterImpl-cd0beb4e-717b-4910-a035-f99a3849b6d4/datanode-0/data/ratis] (custom)
2019-07-16 14:35:58,311 INFO  storage.RaftStorageDirectory (RaftStorageDirectory.java:analyzeStorage(246)) - The storage directory /workdir/hadoop-ozone/integration-test/target/test-dir/MiniOzoneClusterImpl-cd0beb4e-717b-4910-a035-f99a3849b6d4/datanode-0/data/ratis/736f7071-f52c-42fb-90f4-7efbf585c060 does not exist. Creating ...
2019-07-16 14:35:58,318 INFO  storage.RaftStorageDirectory (RaftStorageDirectory.java:tryLock(328)) - Lock on /workdir/hadoop-ozone/integration-test/target/test-dir/MiniOzoneClusterImpl-cd0beb4e-717b-4910-a035-f99a3849b6d4/datanode-0/data/ratis/736f7071-f52c-42fb-90f4-7efbf585c060/in_use.lock acquired by nodename 28094@byscane-nightly-ppzk5-1864156943
2019-07-16 14:35:58,329 INFO  storage.RaftStorage (RaftStorage.java:format(72)) - Storage directory /workdir/hadoop-ozone/integration-test/target/test-dir/MiniOzoneClusterImpl-cd0beb4e-717b-4910-a035-f99a3849b6d4/datanode-0/data/ratis/736f7071-f52c-42fb-90f4-7efbf585c060 has been successfully formatted.
2019-07-16 14:35:58,330 INFO  ratis.ContainerStateMachine (ContainerStateMachine.java:loadSnapshot(199)) - group-7EFBF585C060: The snapshot info is null. Setting the last applied indexto:(t:0, i:~)
2019-07-16 14:35:58,330 INFO  server.RaftServerConfigKeys (ConfUtils.java:logGet(43)) - raft.server.leader.election.timeout = 120s (custom)
2019-07-16 14:35:58,330 INFO  server.RaftServerConfigKeys (ConfUtils.java:logGet(43)) - raft.server.log.use.memory = false (default)
2019-07-16 14:35:58,330 INFO  server.RaftServerConfigKeys (ConfUtils.java:logGet(43)) - raft.server.log.purge.gap = 1000000000 (custom)
2019-07-16 14:35:58,330 INFO  server.RaftServerConfigKeys (ConfUtils.java:logGet(43)) - raft.server.log.appender.buffer.byte-limit = 33554432 (custom)
2019-07-16 14:35:58,331 INFO  server.RaftServerConfigKeys (ConfUtils.java:logGet(43)) - raft.server.log.segment.size.max = 1048576 (custom)
2019-07-16 14:35:58,331 INFO  server.RaftServerConfigKeys (ConfUtils.java:logGet(43)) - raft.server.log.segment.cache.num.max = 2 (custom)
2019-07-16 14:35:58,331 INFO  segmented.SegmentedRaftLogWorker (SegmentedRaftLogWorker.java:<init>(172)) - new 9226dd17-256e-4d27-87e0-1e025cbf773d-SegmentedRaftLogWorker:Storage Directory /workdir/hadoop-ozone/integration-test/target/test-dir/MiniOzoneClusterImpl-cd0beb4e-717b-4910-a035-f99a3849b6d4/datanode-0/data/ratis/736f7071-f52c-42fb-90f4-7efbf585c060 for RaftStorage:Storage Directory /workdir/hadoop-ozone/integration-test/target/test-dir/MiniOzoneClusterImpl-cd0beb4e-717b-4910-a035-f99a3849b6d4/datanode-0/data/ratis/736f7071-f52c-42fb-90f4-7efbf585c060
2019-07-16 14:35:58,331 INFO  server.RaftServerConfigKeys (ConfUtils.java:logGet(43)) - raft.server.log.queue.byte-limit = 2147483647 (custom)
2019-07-16 14:35:58,331 INFO  server.RaftServerConfigKeys (ConfUtils.java:logGet(43)) - raft.server.log.queue.element-limit = 1024 (custom)
2019-07-16 14:35:58,332 INFO  server.RaftServerConfigKeys (ConfUtils.java:logGet(43)) - raft.server.log.segment.size.max = 1048576 (custom)
2019-07-16 14:35:58,332 INFO  server.RaftServerConfigKeys (ConfUtils.java:logGet(43)) - raft.server.log.preallocated.size = 16384 (custom)
2019-07-16 14:35:58,332 INFO  server.RaftServerConfigKeys (ConfUtils.java:logGet(43)) - raft.server.log.write.buffer.size = 33554432 (custom)
2019-07-16 14:35:58,332 INFO  server.RaftServerConfigKeys (ConfUtils.java:logGet(43)) - raft.server.log.force.sync.num = 128 (default)
2019-07-16 14:35:58,332 INFO  server.RaftServerConfigKeys (ConfUtils.java:logGet(43)) - raft.server.log.statemachine.data.sync = true (default)
2019-07-16 14:35:58,332 INFO  server.RaftServerConfigKeys (ConfUtils.java:logGet(43)) - raft.server.log.statemachine.data.sync.timeout = 10s (default)
2019-07-16 14:35:58,333 INFO  server.RaftServerConfigKeys (ConfUtils.java:logGet(43)) - raft.server.log.statemachine.data.sync.timeout.retry = -1 (default)
2019-07-16 14:35:58,333 INFO  server.RaftServerConfigKeys (ConfUtils.java:logGet(43)) - raft.server.log.statemachine.data.caching.enabled = true (custom)
2019-07-16 14:35:58,333 INFO  segmented.SegmentedRaftLogWorker (SegmentedRaftLogWorker.java:lambda$new$0(132)) - 9226dd17-256e-4d27-87e0-1e025cbf773d-SegmentedRaftLogWorker:Storage Directory /workdir/hadoop-ozone/integration-test/target/test-dir/MiniOzoneClusterImpl-cd0beb4e-717b-4910-a035-f99a3849b6d4/datanode-0/data/ratis/736f7071-f52c-42fb-90f4-7efbf585c060: flushIndex: setUnconditionally 0 -> -1
2019-07-16 14:35:58,334 INFO  server.RaftServerConfigKeys (ConfUtils.java:logGet(43)) - raft.server.snapshot.auto.trigger.enabled = true (custom)
2019-07-16 14:35:58,334 INFO  server.RaftServerConfigKeys (ConfUtils.java:logGet(43)) - raft.server.snapshot.auto.trigger.threshold = 10000 (custom)
2019-07-16 14:35:58,334 INFO  server.RaftServerConfigKeys (ConfUtils.java:logGet(43)) - raft.server.retrycache.expirytime = 600000ms (custom)
2019-07-16 14:35:58,334 INFO  impl.RaftServerImpl (RaftServerImpl.java:start(180)) - 9226dd17-256e-4d27-87e0-1e025cbf773d: start group-7EFBF585C060
2019-07-16 14:35:58,335 INFO  impl.RaftServerImpl (RaftServerImpl.java:setRole(171)) - 9226dd17-256e-4d27-87e0-1e025cbf773d:group-7EFBF585C060 changes role from null to FOLLOWER at term 0 for startAsFollower
2019-07-16 14:35:58,335 INFO  impl.RoleInfo (RoleInfo.java:updateAndGet(143)) - 9226dd17-256e-4d27-87e0-1e025cbf773d: start FollowerState
2019-07-16 14:35:58,335 INFO  util.JmxRegister (JmxRegister.java:tryRegister(44)) - Successfully registered JMX Bean with object name Ratis:service=RaftServer,group=group-7EFBF585C060,id=9226dd17-256e-4d27-87e0-1e025cbf773d
2019-07-16 14:35:58,346 INFO  pipeline.PipelineStateManager (PipelineStateManager.java:addPipeline(56)) - Created pipeline Pipeline[ Id: 736f7071-f52c-42fb-90f4-7efbf585c060, Nodes: 9226dd17-256e-4d27-87e0-1e025cbf773d{ip: 192.168.5.141, host: byscane-nightly-ppzk5-1864156943, networkLocation: /default-rack, certSerialId: null}, Type:RATIS, Factor:ONE, State:OPEN]
2019-07-16 14:35:58,362 INFO  impl.RaftServerProxy (RaftServerProxy.java:addNew(89)) - 40172ca2-e6ac-42a3-9aae-5947fa7d9dc4: addNew group-8004E46B5C5E:[40172ca2-e6ac-42a3-9aae-5947fa7d9dc4:192.168.5.141:41846] returns group-8004E46B5C5E:java.util.concurrent.CompletableFuture@6e700ca6[Not completed]
2019-07-16 14:35:58,363 INFO  impl.RaftServerImpl (RaftServerImpl.java:<init>(93)) - 40172ca2-e6ac-42a3-9aae-5947fa7d9dc4: new RaftServerImpl for group-8004E46B5C5E:[40172ca2-e6ac-42a3-9aae-5947fa7d9dc4:192.168.5.141:41846] with ContainerStateMachine:uninitialized
2019-07-16 14:35:58,363 INFO  server.RaftServerConfigKeys (ConfUtils.java:logGet(43)) - raft.server.rpc.timeout.min = 5s (custom)
2019-07-16 14:35:58,363 INFO  server.RaftServerConfigKeys (ConfUtils.java:logGet(43)) - raft.server.rpc.timeout.max = 5200ms (custom)
2019-07-16 14:35:58,363 INFO  server.RaftServerConfigKeys (ConfUtils.java:logGet(43)) - raft.server.rpcslowness.timeout = 120s (custom)
2019-07-16 14:35:58,364 INFO  server.RaftServerConfigKeys (ConfUtils.java:logGet(43)) - raft.server.sleep.deviation.threshold = 300 (default)
2019-07-16 14:35:58,364 INFO  server.RaftServerConfigKeys (ConfUtils.java:logGet(43)) - raft.server.log.appender.install.snapshot.enabled = false (custom)
2019-07-16 14:35:58,364 INFO  impl.RaftServerImpl (ServerState.java:<init>(105)) - 40172ca2-e6ac-42a3-9aae-5947fa7d9dc4:group-8004E46B5C5E ConfigurationManager, init=-1: [40172ca2-e6ac-42a3-9aae-5947fa7d9dc4:192.168.5.141:41846], old=null, confs=<EMPTY_MAP>
2019-07-16 14:35:58,364 INFO  server.RaftServerConfigKeys (ConfUtils.java:logGet(43)) - raft.server.storage.dir = [/workdir/hadoop-ozone/integration-test/target/test-dir/MiniOzoneClusterImpl-cd0beb4e-717b-4910-a035-f99a3849b6d4/datanode-1/data/ratis] (custom)
2019-07-16 14:35:58,364 INFO  storage.RaftStorageDirectory (RaftStorageDirectory.java:analyzeStorage(246)) - The storage directory /workdir/hadoop-ozone/integration-test/target/test-dir/MiniOzoneClusterImpl-cd0beb4e-717b-4910-a035-f99a3849b6d4/datanode-1/data/ratis/f4e3797d-534c-4162-a07c-8004e46b5c5e does not exist. Creating ...
2019-07-16 14:35:58,370 INFO  storage.RaftStorageDirectory (RaftStorageDirectory.java:tryLock(328)) - Lock on /workdir/hadoop-ozone/integration-test/target/test-dir/MiniOzoneClusterImpl-cd0beb4e-717b-4910-a035-f99a3849b6d4/datanode-1/data/ratis/f4e3797d-534c-4162-a07c-8004e46b5c5e/in_use.lock acquired by nodename 28094@byscane-nightly-ppzk5-1864156943
2019-07-16 14:35:58,376 INFO  storage.RaftStorage (RaftStorage.java:format(72)) - Storage directory /workdir/hadoop-ozone/integration-test/target/test-dir/MiniOzoneClusterImpl-cd0beb4e-717b-4910-a035-f99a3849b6d4/datanode-1/data/ratis/f4e3797d-534c-4162-a07c-8004e46b5c5e has been successfully formatted.
2019-07-16 14:35:58,377 INFO  ratis.ContainerStateMachine (ContainerStateMachine.java:loadSnapshot(199)) - group-8004E46B5C5E: The snapshot info is null. Setting the last applied indexto:(t:0, i:~)
2019-07-16 14:35:58,377 INFO  server.RaftServerConfigKeys (ConfUtils.java:logGet(43)) - raft.server.leader.election.timeout = 120s (custom)
2019-07-16 14:35:58,377 INFO  server.RaftServerConfigKeys (ConfUtils.java:logGet(43)) - raft.server.log.use.memory = false (default)
2019-07-16 14:35:58,377 INFO  server.RaftServerConfigKeys (ConfUtils.java:logGet(43)) - raft.server.log.purge.gap = 1000000000 (custom)
2019-07-16 14:35:58,377 INFO  server.RaftServerConfigKeys (ConfUtils.java:logGet(43)) - raft.server.log.appender.buffer.byte-limit = 33554432 (custom)
2019-07-16 14:35:58,377 INFO  server.RaftServerConfigKeys (ConfUtils.java:logGet(43)) - raft.server.log.segment.size.max = 1048576 (custom)
2019-07-16 14:35:58,377 INFO  server.RaftServerConfigKeys (ConfUtils.java:logGet(43)) - raft.server.log.segment.cache.num.max = 2 (custom)
2019-07-16 14:35:58,378 INFO  segmented.SegmentedRaftLogWorker (SegmentedRaftLogWorker.java:<init>(172)) - new 40172ca2-e6ac-42a3-9aae-5947fa7d9dc4-SegmentedRaftLogWorker:Storage Directory /workdir/hadoop-ozone/integration-test/target/test-dir/MiniOzoneClusterImpl-cd0beb4e-717b-4910-a035-f99a3849b6d4/datanode-1/data/ratis/f4e3797d-534c-4162-a07c-8004e46b5c5e for RaftStorage:Storage Directory /workdir/hadoop-ozone/integration-test/target/test-dir/MiniOzoneClusterImpl-cd0beb4e-717b-4910-a035-f99a3849b6d4/datanode-1/data/ratis/f4e3797d-534c-4162-a07c-8004e46b5c5e
2019-07-16 14:35:58,378 INFO  server.RaftServerConfigKeys (ConfUtils.java:logGet(43)) - raft.server.log.queue.byte-limit = 2147483647 (custom)
2019-07-16 14:35:58,378 INFO  server.RaftServerConfigKeys (ConfUtils.java:logGet(43)) - raft.server.log.queue.element-limit = 1024 (custom)
2019-07-16 14:35:58,378 INFO  server.RaftServerConfigKeys (ConfUtils.java:logGet(43)) - raft.server.log.segment.size.max = 1048576 (custom)
2019-07-16 14:35:58,378 INFO  server.RaftServerConfigKeys (ConfUtils.java:logGet(43)) - raft.server.log.preallocated.size = 16384 (custom)
2019-07-16 14:35:58,378 INFO  server.RaftServerConfigKeys (ConfUtils.java:logGet(43)) - raft.server.log.write.buffer.size = 33554432 (custom)
2019-07-16 14:35:58,379 INFO  server.RaftServerConfigKeys (ConfUtils.java:logGet(43)) - raft.server.log.force.sync.num = 128 (default)
2019-07-16 14:35:58,379 INFO  server.RaftServerConfigKeys (ConfUtils.java:logGet(43)) - raft.server.log.statemachine.data.sync = true (default)
2019-07-16 14:35:58,379 INFO  server.RaftServerConfigKeys (ConfUtils.java:logGet(43)) - raft.server.log.statemachine.data.sync.timeout = 10s (default)
2019-07-16 14:35:58,379 INFO  server.RaftServerConfigKeys (ConfUtils.java:logGet(43)) - raft.server.log.statemachine.data.sync.timeout.retry = -1 (default)
2019-07-16 14:35:58,379 INFO  server.RaftServerConfigKeys (ConfUtils.java:logGet(43)) - raft.server.log.statemachine.data.caching.enabled = true (custom)
2019-07-16 14:35:58,380 INFO  segmented.SegmentedRaftLogWorker (SegmentedRaftLogWorker.java:lambda$new$0(132)) - 40172ca2-e6ac-42a3-9aae-5947fa7d9dc4-SegmentedRaftLogWorker:Storage Directory /workdir/hadoop-ozone/integration-test/target/test-dir/MiniOzoneClusterImpl-cd0beb4e-717b-4910-a035-f99a3849b6d4/datanode-1/data/ratis/f4e3797d-534c-4162-a07c-8004e46b5c5e: flushIndex: setUnconditionally 0 -> -1
2019-07-16 14:35:58,380 INFO  server.RaftServerConfigKeys (ConfUtils.java:logGet(43)) - raft.server.snapshot.auto.trigger.enabled = true (custom)
2019-07-16 14:35:58,380 INFO  server.RaftServerConfigKeys (ConfUtils.java:logGet(43)) - raft.server.snapshot.auto.trigger.threshold = 10000 (custom)
2019-07-16 14:35:58,380 INFO  server.RaftServerConfigKeys (ConfUtils.java:logGet(43)) - raft.server.retrycache.expirytime = 600000ms (custom)
2019-07-16 14:35:58,381 INFO  impl.RaftServerImpl (RaftServerImpl.java:start(180)) - 40172ca2-e6ac-42a3-9aae-5947fa7d9dc4: start group-8004E46B5C5E
2019-07-16 14:35:58,381 INFO  impl.RaftServerImpl (RaftServerImpl.java:setRole(171)) - 40172ca2-e6ac-42a3-9aae-5947fa7d9dc4:group-8004E46B5C5E changes role from null to FOLLOWER at term 0 for startAsFollower
2019-07-16 14:35:58,381 INFO  impl.RoleInfo (RoleInfo.java:updateAndGet(143)) - 40172ca2-e6ac-42a3-9aae-5947fa7d9dc4: start FollowerState
2019-07-16 14:35:58,381 INFO  util.JmxRegister (JmxRegister.java:tryRegister(44)) - Successfully registered JMX Bean with object name Ratis:service=RaftServer,group=group-8004E46B5C5E,id=40172ca2-e6ac-42a3-9aae-5947fa7d9dc4
2019-07-16 14:35:58,389 INFO  pipeline.PipelineStateManager (PipelineStateManager.java:addPipeline(56)) - Created pipeline Pipeline[ Id: f4e3797d-534c-4162-a07c-8004e46b5c5e, Nodes: 40172ca2-e6ac-42a3-9aae-5947fa7d9dc4{ip: 192.168.5.141, host: byscane-nightly-ppzk5-1864156943, networkLocation: /default-rack, certSerialId: null}, Type:RATIS, Factor:ONE, State:OPEN]
2019-07-16 14:35:58,406 INFO  impl.RaftServerProxy (RaftServerProxy.java:addNew(89)) - 09bca760-3b13-4120-b2e8-a5f0ffa0775c: addNew group-821B76782DA0:[09bca760-3b13-4120-b2e8-a5f0ffa0775c:192.168.5.141:33197] returns group-821B76782DA0:java.util.concurrent.CompletableFuture@71c5041d[Not completed]
2019-07-16 14:35:58,407 INFO  impl.RaftServerImpl (RaftServerImpl.java:<init>(93)) - 09bca760-3b13-4120-b2e8-a5f0ffa0775c: new RaftServerImpl for group-821B76782DA0:[09bca760-3b13-4120-b2e8-a5f0ffa0775c:192.168.5.141:33197] with ContainerStateMachine:uninitialized
2019-07-16 14:35:58,407 INFO  server.RaftServerConfigKeys (ConfUtils.java:logGet(43)) - raft.server.rpc.timeout.min = 5s (custom)
2019-07-16 14:35:58,407 INFO  server.RaftServerConfigKeys (ConfUtils.java:logGet(43)) - raft.server.rpc.timeout.max = 5200ms (custom)
2019-07-16 14:35:58,407 INFO  server.RaftServerConfigKeys (ConfUtils.java:logGet(43)) - raft.server.rpcslowness.timeout = 120s (custom)
2019-07-16 14:35:58,408 INFO  server.RaftServerConfigKeys (ConfUtils.java:logGet(43)) - raft.server.sleep.deviation.threshold = 300 (default)
2019-07-16 14:35:58,408 INFO  server.RaftServerConfigKeys (ConfUtils.java:logGet(43)) - raft.server.log.appender.install.snapshot.enabled = false (custom)
2019-07-16 14:35:58,408 INFO  impl.RaftServerImpl (ServerState.java:<init>(105)) - 09bca760-3b13-4120-b2e8-a5f0ffa0775c:group-821B76782DA0 ConfigurationManager, init=-1: [09bca760-3b13-4120-b2e8-a5f0ffa0775c:192.168.5.141:33197], old=null, confs=<EMPTY_MAP>
2019-07-16 14:35:58,408 INFO  server.RaftServerConfigKeys (ConfUtils.java:logGet(43)) - raft.server.storage.dir = [/workdir/hadoop-ozone/integration-test/target/test-dir/MiniOzoneClusterImpl-cd0beb4e-717b-4910-a035-f99a3849b6d4/datanode-5/data/ratis] (custom)
2019-07-16 14:35:58,408 INFO  storage.RaftStorageDirectory (RaftStorageDirectory.java:analyzeStorage(246)) - The storage directory /workdir/hadoop-ozone/integration-test/target/test-dir/MiniOzoneClusterImpl-cd0beb4e-717b-4910-a035-f99a3849b6d4/datanode-5/data/ratis/b26eef9d-1830-47f2-aa1d-821b76782da0 does not exist. Creating ...
2019-07-16 14:35:58,413 INFO  storage.RaftStorageDirectory (RaftStorageDirectory.java:tryLock(328)) - Lock on /workdir/hadoop-ozone/integration-test/target/test-dir/MiniOzoneClusterImpl-cd0beb4e-717b-4910-a035-f99a3849b6d4/datanode-5/data/ratis/b26eef9d-1830-47f2-aa1d-821b76782da0/in_use.lock acquired by nodename 28094@byscane-nightly-ppzk5-1864156943
2019-07-16 14:35:58,417 INFO  storage.RaftStorage (RaftStorage.java:format(72)) - Storage directory /workdir/hadoop-ozone/integration-test/target/test-dir/MiniOzoneClusterImpl-cd0beb4e-717b-4910-a035-f99a3849b6d4/datanode-5/data/ratis/b26eef9d-1830-47f2-aa1d-821b76782da0 has been successfully formatted.
2019-07-16 14:35:58,418 INFO  ratis.ContainerStateMachine (ContainerStateMachine.java:loadSnapshot(199)) - group-821B76782DA0: The snapshot info is null. Setting the last applied indexto:(t:0, i:~)
2019-07-16 14:35:58,418 INFO  server.RaftServerConfigKeys (ConfUtils.java:logGet(43)) - raft.server.leader.election.timeout = 120s (custom)
2019-07-16 14:35:58,418 INFO  server.RaftServerConfigKeys (ConfUtils.java:logGet(43)) - raft.server.log.use.memory = false (default)
2019-07-16 14:35:58,418 INFO  server.RaftServerConfigKeys (ConfUtils.java:logGet(43)) - raft.server.log.purge.gap = 1000000000 (custom)
2019-07-16 14:35:58,418 INFO  server.RaftServerConfigKeys (ConfUtils.java:logGet(43)) - raft.server.log.appender.buffer.byte-limit = 33554432 (custom)
2019-07-16 14:35:58,418 INFO  server.RaftServerConfigKeys (ConfUtils.java:logGet(43)) - raft.server.log.segment.size.max = 1048576 (custom)
2019-07-16 14:35:58,419 INFO  server.RaftServerConfigKeys (ConfUtils.java:logGet(43)) - raft.server.log.segment.cache.num.max = 2 (custom)
2019-07-16 14:35:58,419 INFO  segmented.SegmentedRaftLogWorker (SegmentedRaftLogWorker.java:<init>(172)) - new 09bca760-3b13-4120-b2e8-a5f0ffa0775c-SegmentedRaftLogWorker:Storage Directory /workdir/hadoop-ozone/integration-test/target/test-dir/MiniOzoneClusterImpl-cd0beb4e-717b-4910-a035-f99a3849b6d4/datanode-5/data/ratis/b26eef9d-1830-47f2-aa1d-821b76782da0 for RaftStorage:Storage Directory /workdir/hadoop-ozone/integration-test/target/test-dir/MiniOzoneClusterImpl-cd0beb4e-717b-4910-a035-f99a3849b6d4/datanode-5/data/ratis/b26eef9d-1830-47f2-aa1d-821b76782da0
2019-07-16 14:35:58,419 INFO  server.RaftServerConfigKeys (ConfUtils.java:logGet(43)) - raft.server.log.queue.byte-limit = 2147483647 (custom)
2019-07-16 14:35:58,419 INFO  server.RaftServerConfigKeys (ConfUtils.java:logGet(43)) - raft.server.log.queue.element-limit = 1024 (custom)
2019-07-16 14:35:58,419 INFO  server.RaftServerConfigKeys (ConfUtils.java:logGet(43)) - raft.server.log.segment.size.max = 1048576 (custom)
2019-07-16 14:35:58,419 INFO  server.RaftServerConfigKeys (ConfUtils.java:logGet(43)) - raft.server.log.preallocated.size = 16384 (custom)
2019-07-16 14:35:58,419 INFO  server.RaftServerConfigKeys (ConfUtils.java:logGet(43)) - raft.server.log.write.buffer.size = 33554432 (custom)
2019-07-16 14:35:58,419 INFO  server.RaftServerConfigKeys (ConfUtils.java:logGet(43)) - raft.server.log.force.sync.num = 128 (default)
2019-07-16 14:35:58,420 INFO  server.RaftServerConfigKeys (ConfUtils.java:logGet(43)) - raft.server.log.statemachine.data.sync = true (default)
2019-07-16 14:35:58,420 INFO  server.RaftServerConfigKeys (ConfUtils.java:logGet(43)) - raft.server.log.statemachine.data.sync.timeout = 10s (default)
2019-07-16 14:35:58,420 INFO  server.RaftServerConfigKeys (ConfUtils.java:logGet(43)) - raft.server.log.statemachine.data.sync.timeout.retry = -1 (default)
2019-07-16 14:35:58,420 INFO  server.RaftServerConfigKeys (ConfUtils.java:logGet(43)) - raft.server.log.statemachine.data.caching.enabled = true (custom)
2019-07-16 14:35:58,420 INFO  segmented.SegmentedRaftLogWorker (SegmentedRaftLogWorker.java:lambda$new$0(132)) - 09bca760-3b13-4120-b2e8-a5f0ffa0775c-SegmentedRaftLogWorker:Storage Directory /workdir/hadoop-ozone/integration-test/target/test-dir/MiniOzoneClusterImpl-cd0beb4e-717b-4910-a035-f99a3849b6d4/datanode-5/data/ratis/b26eef9d-1830-47f2-aa1d-821b76782da0: flushIndex: setUnconditionally 0 -> -1
2019-07-16 14:35:58,421 INFO  server.RaftServerConfigKeys (ConfUtils.java:logGet(43)) - raft.server.snapshot.auto.trigger.enabled = true (custom)
2019-07-16 14:35:58,421 INFO  server.RaftServerConfigKeys (ConfUtils.java:logGet(43)) - raft.server.snapshot.auto.trigger.threshold = 10000 (custom)
2019-07-16 14:35:58,421 INFO  server.RaftServerConfigKeys (ConfUtils.java:logGet(43)) - raft.server.retrycache.expirytime = 600000ms (custom)
2019-07-16 14:35:58,421 INFO  impl.RaftServerImpl (RaftServerImpl.java:start(180)) - 09bca760-3b13-4120-b2e8-a5f0ffa0775c: start group-821B76782DA0
2019-07-16 14:35:58,421 INFO  impl.RaftServerImpl (RaftServerImpl.java:setRole(171)) - 09bca760-3b13-4120-b2e8-a5f0ffa0775c:group-821B76782DA0 changes role from null to FOLLOWER at term 0 for startAsFollower
2019-07-16 14:35:58,422 INFO  impl.RoleInfo (RoleInfo.java:updateAndGet(143)) - 09bca760-3b13-4120-b2e8-a5f0ffa0775c: start FollowerState
2019-07-16 14:35:58,422 INFO  util.JmxRegister (JmxRegister.java:tryRegister(44)) - Successfully registered JMX Bean with object name Ratis:service=RaftServer,group=group-821B76782DA0,id=09bca760-3b13-4120-b2e8-a5f0ffa0775c
2019-07-16 14:35:58,431 INFO  pipeline.PipelineStateManager (PipelineStateManager.java:addPipeline(56)) - Created pipeline Pipeline[ Id: b26eef9d-1830-47f2-aa1d-821b76782da0, Nodes: 09bca760-3b13-4120-b2e8-a5f0ffa0775c{ip: 192.168.5.141, host: byscane-nightly-ppzk5-1864156943, networkLocation: /default-rack, certSerialId: null}, Type:RATIS, Factor:ONE, State:OPEN]
2019-07-16 14:35:58,450 INFO  impl.RaftServerProxy (RaftServerProxy.java:addNew(89)) - 7e7798a3-6138-4857-8cc4-9add5e10292f: addNew group-AFC67D929EF5:[7e7798a3-6138-4857-8cc4-9add5e10292f:192.168.5.141:33797] returns group-AFC67D929EF5:java.util.concurrent.CompletableFuture@2b084f57[Not completed]
2019-07-16 14:35:58,450 INFO  impl.RaftServerImpl (RaftServerImpl.java:<init>(93)) - 7e7798a3-6138-4857-8cc4-9add5e10292f: new RaftServerImpl for group-AFC67D929EF5:[7e7798a3-6138-4857-8cc4-9add5e10292f:192.168.5.141:33797] with ContainerStateMachine:uninitialized
2019-07-16 14:35:58,451 INFO  server.RaftServerConfigKeys (ConfUtils.java:logGet(43)) - raft.server.rpc.timeout.min = 5s (custom)
2019-07-16 14:35:58,451 INFO  server.RaftServerConfigKeys (ConfUtils.java:logGet(43)) - raft.server.rpc.timeout.max = 5200ms (custom)
2019-07-16 14:35:58,451 INFO  server.RaftServerConfigKeys (ConfUtils.java:logGet(43)) - raft.server.rpcslowness.timeout = 120s (custom)
2019-07-16 14:35:58,451 INFO  server.RaftServerConfigKeys (ConfUtils.java:logGet(43)) - raft.server.sleep.deviation.threshold = 300 (default)
2019-07-16 14:35:58,451 INFO  server.RaftServerConfigKeys (ConfUtils.java:logGet(43)) - raft.server.log.appender.install.snapshot.enabled = false (custom)
2019-07-16 14:35:58,451 INFO  impl.RaftServerImpl (ServerState.java:<init>(105)) - 7e7798a3-6138-4857-8cc4-9add5e10292f:group-AFC67D929EF5 ConfigurationManager, init=-1: [7e7798a3-6138-4857-8cc4-9add5e10292f:192.168.5.141:33797], old=null, confs=<EMPTY_MAP>
2019-07-16 14:35:58,451 INFO  server.RaftServerConfigKeys (ConfUtils.java:logGet(43)) - raft.server.storage.dir = [/workdir/hadoop-ozone/integration-test/target/test-dir/MiniOzoneClusterImpl-cd0beb4e-717b-4910-a035-f99a3849b6d4/datanode-3/data/ratis] (custom)
2019-07-16 14:35:58,452 INFO  storage.RaftStorageDirectory (RaftStorageDirectory.java:analyzeStorage(246)) - The storage directory /workdir/hadoop-ozone/integration-test/target/test-dir/MiniOzoneClusterImpl-cd0beb4e-717b-4910-a035-f99a3849b6d4/datanode-3/data/ratis/864a86fb-7d34-4dfa-bd5d-afc67d929ef5 does not exist. Creating ...
2019-07-16 14:35:58,464 INFO  storage.RaftStorageDirectory (RaftStorageDirectory.java:tryLock(328)) - Lock on /workdir/hadoop-ozone/integration-test/target/test-dir/MiniOzoneClusterImpl-cd0beb4e-717b-4910-a035-f99a3849b6d4/datanode-3/data/ratis/864a86fb-7d34-4dfa-bd5d-afc67d929ef5/in_use.lock acquired by nodename 28094@byscane-nightly-ppzk5-1864156943
2019-07-16 14:35:58,468 INFO  storage.RaftStorage (RaftStorage.java:format(72)) - Storage directory /workdir/hadoop-ozone/integration-test/target/test-dir/MiniOzoneClusterImpl-cd0beb4e-717b-4910-a035-f99a3849b6d4/datanode-3/data/ratis/864a86fb-7d34-4dfa-bd5d-afc67d929ef5 has been successfully formatted.
2019-07-16 14:35:58,468 INFO  ratis.ContainerStateMachine (ContainerStateMachine.java:loadSnapshot(199)) - group-AFC67D929EF5: The snapshot info is null. Setting the last applied indexto:(t:0, i:~)
2019-07-16 14:35:58,468 INFO  server.RaftServerConfigKeys (ConfUtils.java:logGet(43)) - raft.server.leader.election.timeout = 120s (custom)
2019-07-16 14:35:58,468 INFO  server.RaftServerConfigKeys (ConfUtils.java:logGet(43)) - raft.server.log.use.memory = false (default)
2019-07-16 14:35:58,469 INFO  server.RaftServerConfigKeys (ConfUtils.java:logGet(43)) - raft.server.log.purge.gap = 1000000000 (custom)
2019-07-16 14:35:58,469 INFO  server.RaftServerConfigKeys (ConfUtils.java:logGet(43)) - raft.server.log.appender.buffer.byte-limit = 33554432 (custom)
2019-07-16 14:35:58,469 INFO  server.RaftServerConfigKeys (ConfUtils.java:logGet(43)) - raft.server.log.segment.size.max = 1048576 (custom)
2019-07-16 14:35:58,469 INFO  server.RaftServerConfigKeys (ConfUtils.java:logGet(43)) - raft.server.log.segment.cache.num.max = 2 (custom)
2019-07-16 14:35:58,469 INFO  segmented.SegmentedRaftLogWorker (SegmentedRaftLogWorker.java:<init>(172)) - new 7e7798a3-6138-4857-8cc4-9add5e10292f-SegmentedRaftLogWorker:Storage Directory /workdir/hadoop-ozone/integration-test/target/test-dir/MiniOzoneClusterImpl-cd0beb4e-717b-4910-a035-f99a3849b6d4/datanode-3/data/ratis/864a86fb-7d34-4dfa-bd5d-afc67d929ef5 for RaftStorage:Storage Directory /workdir/hadoop-ozone/integration-test/target/test-dir/MiniOzoneClusterImpl-cd0beb4e-717b-4910-a035-f99a3849b6d4/datanode-3/data/ratis/864a86fb-7d34-4dfa-bd5d-afc67d929ef5
2019-07-16 14:35:58,469 INFO  server.RaftServerConfigKeys (ConfUtils.java:logGet(43)) - raft.server.log.queue.byte-limit = 2147483647 (custom)
2019-07-16 14:35:58,469 INFO  server.RaftServerConfigKeys (ConfUtils.java:logGet(43)) - raft.server.log.queue.element-limit = 1024 (custom)
2019-07-16 14:35:58,469 INFO  server.RaftServerConfigKeys (ConfUtils.java:logGet(43)) - raft.server.log.segment.size.max = 1048576 (custom)
2019-07-16 14:35:58,470 INFO  server.RaftServerConfigKeys (ConfUtils.java:logGet(43)) - raft.server.log.preallocated.size = 16384 (custom)
2019-07-16 14:35:58,470 INFO  server.RaftServerConfigKeys (ConfUtils.java:logGet(43)) - raft.server.log.write.buffer.size = 33554432 (custom)
2019-07-16 14:35:58,470 INFO  server.RaftServerConfigKeys (ConfUtils.java:logGet(43)) - raft.server.log.force.sync.num = 128 (default)
2019-07-16 14:35:58,470 INFO  server.RaftServerConfigKeys (ConfUtils.java:logGet(43)) - raft.server.log.statemachine.data.sync = true (default)
2019-07-16 14:35:58,470 INFO  server.RaftServerConfigKeys (ConfUtils.java:logGet(43)) - raft.server.log.statemachine.data.sync.timeout = 10s (default)
2019-07-16 14:35:58,470 INFO  server.RaftServerConfigKeys (ConfUtils.java:logGet(43)) - raft.server.log.statemachine.data.sync.timeout.retry = -1 (default)
2019-07-16 14:35:58,470 INFO  server.RaftServerConfigKeys (ConfUtils.java:logGet(43)) - raft.server.log.statemachine.data.caching.enabled = true (custom)
2019-07-16 14:35:58,471 INFO  segmented.SegmentedRaftLogWorker (SegmentedRaftLogWorker.java:lambda$new$0(132)) - 7e7798a3-6138-4857-8cc4-9add5e10292f-SegmentedRaftLogWorker:Storage Directory /workdir/hadoop-ozone/integration-test/target/test-dir/MiniOzoneClusterImpl-cd0beb4e-717b-4910-a035-f99a3849b6d4/datanode-3/data/ratis/864a86fb-7d34-4dfa-bd5d-afc67d929ef5: flushIndex: setUnconditionally 0 -> -1
2019-07-16 14:35:58,471 INFO  server.RaftServerConfigKeys (ConfUtils.java:logGet(43)) - raft.server.snapshot.auto.trigger.enabled = true (custom)
2019-07-16 14:35:58,471 INFO  server.RaftServerConfigKeys (ConfUtils.java:logGet(43)) - raft.server.snapshot.auto.trigger.threshold = 10000 (custom)
2019-07-16 14:35:58,471 INFO  server.RaftServerConfigKeys (ConfUtils.java:logGet(43)) - raft.server.retrycache.expirytime = 600000ms (custom)
2019-07-16 14:35:58,471 INFO  impl.RaftServerImpl (RaftServerImpl.java:start(180)) - 7e7798a3-6138-4857-8cc4-9add5e10292f: start group-AFC67D929EF5
2019-07-16 14:35:58,471 INFO  impl.RaftServerImpl (RaftServerImpl.java:setRole(171)) - 7e7798a3-6138-4857-8cc4-9add5e10292f:group-AFC67D929EF5 changes role from null to FOLLOWER at term 0 for startAsFollower
2019-07-16 14:35:58,472 INFO  impl.RoleInfo (RoleInfo.java:updateAndGet(143)) - 7e7798a3-6138-4857-8cc4-9add5e10292f: start FollowerState
2019-07-16 14:35:58,472 INFO  util.JmxRegister (JmxRegister.java:tryRegister(44)) - Successfully registered JMX Bean with object name Ratis:service=RaftServer,group=group-AFC67D929EF5,id=7e7798a3-6138-4857-8cc4-9add5e10292f
2019-07-16 14:35:58,483 INFO  pipeline.PipelineStateManager (PipelineStateManager.java:addPipeline(56)) - Created pipeline Pipeline[ Id: 864a86fb-7d34-4dfa-bd5d-afc67d929ef5, Nodes: 7e7798a3-6138-4857-8cc4-9add5e10292f{ip: 192.168.5.141, host: byscane-nightly-ppzk5-1864156943, networkLocation: /default-rack, certSerialId: null}, Type:RATIS, Factor:ONE, State:OPEN]
2019-07-16 14:35:58,508 INFO  impl.RaftServerProxy (RaftServerProxy.java:addNew(89)) - 084d45f6-6684-4236-99c9-de59fbf3dd65: addNew group-1DF5C7875A41:[084d45f6-6684-4236-99c9-de59fbf3dd65:192.168.5.141:33065] returns group-1DF5C7875A41:java.util.concurrent.CompletableFuture@1a32114f[Not completed]
2019-07-16 14:35:58,509 INFO  impl.RaftServerImpl (RaftServerImpl.java:<init>(93)) - 084d45f6-6684-4236-99c9-de59fbf3dd65: new RaftServerImpl for group-1DF5C7875A41:[084d45f6-6684-4236-99c9-de59fbf3dd65:192.168.5.141:33065] with ContainerStateMachine:uninitialized
2019-07-16 14:35:58,511 INFO  server.RaftServerConfigKeys (ConfUtils.java:logGet(43)) - raft.server.rpc.timeout.min = 5s (custom)
2019-07-16 14:35:58,511 INFO  server.RaftServerConfigKeys (ConfUtils.java:logGet(43)) - raft.server.rpc.timeout.max = 5200ms (custom)
2019-07-16 14:35:58,511 INFO  server.RaftServerConfigKeys (ConfUtils.java:logGet(43)) - raft.server.rpcslowness.timeout = 120s (custom)
2019-07-16 14:35:58,511 INFO  server.RaftServerConfigKeys (ConfUtils.java:logGet(43)) - raft.server.sleep.deviation.threshold = 300 (default)
2019-07-16 14:35:58,511 INFO  server.RaftServerConfigKeys (ConfUtils.java:logGet(43)) - raft.server.log.appender.install.snapshot.enabled = false (custom)
2019-07-16 14:35:58,512 INFO  impl.RaftServerImpl (ServerState.java:<init>(105)) - 084d45f6-6684-4236-99c9-de59fbf3dd65:group-1DF5C7875A41 ConfigurationManager, init=-1: [084d45f6-6684-4236-99c9-de59fbf3dd65:192.168.5.141:33065], old=null, confs=<EMPTY_MAP>
2019-07-16 14:35:58,512 INFO  server.RaftServerConfigKeys (ConfUtils.java:logGet(43)) - raft.server.storage.dir = [/workdir/hadoop-ozone/integration-test/target/test-dir/MiniOzoneClusterImpl-cd0beb4e-717b-4910-a035-f99a3849b6d4/datanode-6/data/ratis] (custom)
2019-07-16 14:35:58,512 INFO  storage.RaftStorageDirectory (RaftStorageDirectory.java:analyzeStorage(246)) - The storage directory /workdir/hadoop-ozone/integration-test/target/test-dir/MiniOzoneClusterImpl-cd0beb4e-717b-4910-a035-f99a3849b6d4/datanode-6/data/ratis/70b4577b-3ea9-46db-bc81-1df5c7875a41 does not exist. Creating ...
2019-07-16 14:35:58,523 INFO  storage.RaftStorageDirectory (RaftStorageDirectory.java:tryLock(328)) - Lock on /workdir/hadoop-ozone/integration-test/target/test-dir/MiniOzoneClusterImpl-cd0beb4e-717b-4910-a035-f99a3849b6d4/datanode-6/data/ratis/70b4577b-3ea9-46db-bc81-1df5c7875a41/in_use.lock acquired by nodename 28094@byscane-nightly-ppzk5-1864156943
2019-07-16 14:35:58,531 INFO  storage.RaftStorage (RaftStorage.java:format(72)) - Storage directory /workdir/hadoop-ozone/integration-test/target/test-dir/MiniOzoneClusterImpl-cd0beb4e-717b-4910-a035-f99a3849b6d4/datanode-6/data/ratis/70b4577b-3ea9-46db-bc81-1df5c7875a41 has been successfully formatted.
2019-07-16 14:35:58,531 INFO  ratis.ContainerStateMachine (ContainerStateMachine.java:loadSnapshot(199)) - group-1DF5C7875A41: The snapshot info is null. Setting the last applied indexto:(t:0, i:~)
2019-07-16 14:35:58,531 INFO  server.RaftServerConfigKeys (ConfUtils.java:logGet(43)) - raft.server.leader.election.timeout = 120s (custom)
2019-07-16 14:35:58,531 INFO  server.RaftServerConfigKeys (ConfUtils.java:logGet(43)) - raft.server.log.use.memory = false (default)
2019-07-16 14:35:58,532 INFO  server.RaftServerConfigKeys (ConfUtils.java:logGet(43)) - raft.server.log.purge.gap = 1000000000 (custom)
2019-07-16 14:35:58,532 INFO  server.RaftServerConfigKeys (ConfUtils.java:logGet(43)) - raft.server.log.appender.buffer.byte-limit = 33554432 (custom)
2019-07-16 14:35:58,532 INFO  server.RaftServerConfigKeys (ConfUtils.java:logGet(43)) - raft.server.log.segment.size.max = 1048576 (custom)
2019-07-16 14:35:58,532 INFO  server.RaftServerConfigKeys (ConfUtils.java:logGet(43)) - raft.server.log.segment.cache.num.max = 2 (custom)
2019-07-16 14:35:58,533 INFO  segmented.SegmentedRaftLogWorker (SegmentedRaftLogWorker.java:<init>(172)) - new 084d45f6-6684-4236-99c9-de59fbf3dd65-SegmentedRaftLogWorker:Storage Directory /workdir/hadoop-ozone/integration-test/target/test-dir/MiniOzoneClusterImpl-cd0beb4e-717b-4910-a035-f99a3849b6d4/datanode-6/data/ratis/70b4577b-3ea9-46db-bc81-1df5c7875a41 for RaftStorage:Storage Directory /workdir/hadoop-ozone/integration-test/target/test-dir/MiniOzoneClusterImpl-cd0beb4e-717b-4910-a035-f99a3849b6d4/datanode-6/data/ratis/70b4577b-3ea9-46db-bc81-1df5c7875a41
2019-07-16 14:35:58,533 INFO  server.RaftServerConfigKeys (ConfUtils.java:logGet(43)) - raft.server.log.queue.byte-limit = 2147483647 (custom)
2019-07-16 14:35:58,533 INFO  server.RaftServerConfigKeys (ConfUtils.java:logGet(43)) - raft.server.log.queue.element-limit = 1024 (custom)
2019-07-16 14:35:58,534 INFO  server.RaftServerConfigKeys (ConfUtils.java:logGet(43)) - raft.server.log.segment.size.max = 1048576 (custom)
2019-07-16 14:35:58,534 INFO  server.RaftServerConfigKeys (ConfUtils.java:logGet(43)) - raft.server.log.preallocated.size = 16384 (custom)
2019-07-16 14:35:58,534 INFO  server.RaftServerConfigKeys (ConfUtils.java:logGet(43)) - raft.server.log.write.buffer.size = 33554432 (custom)
2019-07-16 14:35:58,537 INFO  server.RaftServerConfigKeys (ConfUtils.java:logGet(43)) - raft.server.log.force.sync.num = 128 (default)
2019-07-16 14:35:58,538 INFO  server.RaftServerConfigKeys (ConfUtils.java:logGet(43)) - raft.server.log.statemachine.data.sync = true (default)
2019-07-16 14:35:58,538 INFO  server.RaftServerConfigKeys (ConfUtils.java:logGet(43)) - raft.server.log.statemachine.data.sync.timeout = 10s (default)
2019-07-16 14:35:58,538 INFO  server.RaftServerConfigKeys (ConfUtils.java:logGet(43)) - raft.server.log.statemachine.data.sync.timeout.retry = -1 (default)
2019-07-16 14:35:58,538 INFO  server.RaftServerConfigKeys (ConfUtils.java:logGet(43)) - raft.server.log.statemachine.data.caching.enabled = true (custom)
2019-07-16 14:35:58,539 INFO  segmented.SegmentedRaftLogWorker (SegmentedRaftLogWorker.java:lambda$new$0(132)) - 084d45f6-6684-4236-99c9-de59fbf3dd65-SegmentedRaftLogWorker:Storage Directory /workdir/hadoop-ozone/integration-test/target/test-dir/MiniOzoneClusterImpl-cd0beb4e-717b-4910-a035-f99a3849b6d4/datanode-6/data/ratis/70b4577b-3ea9-46db-bc81-1df5c7875a41: flushIndex: setUnconditionally 0 -> -1
2019-07-16 14:35:58,539 INFO  server.RaftServerConfigKeys (ConfUtils.java:logGet(43)) - raft.server.snapshot.auto.trigger.enabled = true (custom)
2019-07-16 14:35:58,539 INFO  server.RaftServerConfigKeys (ConfUtils.java:logGet(43)) - raft.server.snapshot.auto.trigger.threshold = 10000 (custom)
2019-07-16 14:35:58,539 INFO  server.RaftServerConfigKeys (ConfUtils.java:logGet(43)) - raft.server.retrycache.expirytime = 600000ms (custom)
2019-07-16 14:35:58,539 INFO  impl.RaftServerImpl (RaftServerImpl.java:start(180)) - 084d45f6-6684-4236-99c9-de59fbf3dd65: start group-1DF5C7875A41
2019-07-16 14:35:58,540 INFO  impl.RaftServerImpl (RaftServerImpl.java:setRole(171)) - 084d45f6-6684-4236-99c9-de59fbf3dd65:group-1DF5C7875A41 changes role from null to FOLLOWER at term 0 for startAsFollower
2019-07-16 14:35:58,540 INFO  impl.RoleInfo (RoleInfo.java:updateAndGet(143)) - 084d45f6-6684-4236-99c9-de59fbf3dd65: start FollowerState
2019-07-16 14:35:58,540 INFO  util.JmxRegister (JmxRegister.java:tryRegister(44)) - Successfully registered JMX Bean with object name Ratis:service=RaftServer,group=group-1DF5C7875A41,id=084d45f6-6684-4236-99c9-de59fbf3dd65
2019-07-16 14:35:58,555 INFO  pipeline.PipelineStateManager (PipelineStateManager.java:addPipeline(56)) - Created pipeline Pipeline[ Id: 70b4577b-3ea9-46db-bc81-1df5c7875a41, Nodes: 084d45f6-6684-4236-99c9-de59fbf3dd65{ip: 192.168.5.141, host: byscane-nightly-ppzk5-1864156943, networkLocation: /default-rack, certSerialId: null}, Type:RATIS, Factor:ONE, State:OPEN]
2019-07-16 14:35:58,727 INFO  client.GrpcClientProtocolClient (GrpcClientProtocolClient.java:onNext(255)) - client-C3A2CFEC2F43->40172ca2-e6ac-42a3-9aae-5947fa7d9dc4: receive RaftClientReply:client-C3A2CFEC2F43->40172ca2-e6ac-42a3-9aae-5947fa7d9dc4@group-29E9E5F46462, cid=14, FAILED org.apache.ratis.protocol.NotLeaderException: Server 40172ca2-e6ac-42a3-9aae-5947fa7d9dc4 is not the leader (null). Request must be sent to leader., logIndex=0, commits[40172ca2-e6ac-42a3-9aae-5947fa7d9dc4:c-1]
2019-07-16 14:35:59,761 INFO  client.GrpcClientProtocolClient (GrpcClientProtocolClient.java:onNext(255)) - client-C3A2CFEC2F43->7e7798a3-6138-4857-8cc4-9add5e10292f: receive RaftClientReply:client-C3A2CFEC2F43->7e7798a3-6138-4857-8cc4-9add5e10292f@group-29E9E5F46462, cid=14, FAILED org.apache.ratis.protocol.NotLeaderException: Server 7e7798a3-6138-4857-8cc4-9add5e10292f is not the leader (null). Request must be sent to leader., logIndex=0, commits[7e7798a3-6138-4857-8cc4-9add5e10292f:c-1]
2019-07-16 14:36:00,787 INFO  client.GrpcClientProtocolClient (GrpcClientProtocolClient.java:onNext(255)) - client-C3A2CFEC2F43->09bca760-3b13-4120-b2e8-a5f0ffa0775c: receive RaftClientReply:client-C3A2CFEC2F43->09bca760-3b13-4120-b2e8-a5f0ffa0775c@group-29E9E5F46462, cid=14, FAILED org.apache.ratis.protocol.NotLeaderException: Server 09bca760-3b13-4120-b2e8-a5f0ffa0775c is not the leader (null). Request must be sent to leader., logIndex=0, commits[09bca760-3b13-4120-b2e8-a5f0ffa0775c:c-1]
2019-07-16 14:36:01,809 INFO  client.GrpcClientProtocolClient (GrpcClientProtocolClient.java:onNext(255)) - client-C3A2CFEC2F43->40172ca2-e6ac-42a3-9aae-5947fa7d9dc4: receive RaftClientReply:client-C3A2CFEC2F43->40172ca2-e6ac-42a3-9aae-5947fa7d9dc4@group-29E9E5F46462, cid=14, FAILED org.apache.ratis.protocol.NotLeaderException: Server 40172ca2-e6ac-42a3-9aae-5947fa7d9dc4 is not the leader (null). Request must be sent to leader., logIndex=0, commits[40172ca2-e6ac-42a3-9aae-5947fa7d9dc4:c-1]
2019-07-16 14:36:02,832 INFO  client.GrpcClientProtocolClient (GrpcClientProtocolClient.java:onNext(255)) - client-C3A2CFEC2F43->7e7798a3-6138-4857-8cc4-9add5e10292f: receive RaftClientReply:client-C3A2CFEC2F43->7e7798a3-6138-4857-8cc4-9add5e10292f@group-29E9E5F46462, cid=14, FAILED org.apache.ratis.protocol.NotLeaderException: Server 7e7798a3-6138-4857-8cc4-9add5e10292f is not the leader (null). Request must be sent to leader., logIndex=0, commits[7e7798a3-6138-4857-8cc4-9add5e10292f:c-1]
2019-07-16 14:36:02,854 WARN  io.KeyOutputStream (KeyOutputStream.java:handleException(276)) - Encountered exception java.io.IOException: Unexpected Storage Container Exception: java.util.concurrent.CompletionException: java.util.concurrent.CompletionException: org.apache.ratis.protocol.RaftRetryFailureException: Failed RaftClientRequest:client-C3A2CFEC2F43->7e7798a3-6138-4857-8cc4-9add5e10292f@group-29E9E5F46462, cid=14, seq=1*, RW, org.apache.hadoop.hdds.scm.XceiverClientRatis$$Lambda$350/1155169971@3e26050b for 5 attempts with RetryLimited(maxAttempts=5, sleepTime=1000ms) on the pipeline Pipeline[ Id: 41bc554d-8445-44b2-8ee5-29e9e5f46462, Nodes: 40172ca2-e6ac-42a3-9aae-5947fa7d9dc4{ip: 192.168.5.141, host: byscane-nightly-ppzk5-1864156943, networkLocation: /default-rack, certSerialId: null}09bca760-3b13-4120-b2e8-a5f0ffa0775c{ip: 192.168.5.141, host: byscane-nightly-ppzk5-1864156943, networkLocation: /default-rack, certSerialId: null}7e7798a3-6138-4857-8cc4-9add5e10292f{ip: 192.168.5.141, host: byscane-nightly-ppzk5-1864156943, networkLocation: /default-rack, certSerialId: null}, Type:RATIS, Factor:THREE, State:OPEN]. The last committed block length is 0, uncommitted data length is 400 retry count 0
2019-07-16 14:36:02,908 INFO  client.GrpcClientProtocolClient (GrpcClientProtocolClient.java:onNext(255)) - client-89347F43EDCE->e23718f9-2f23-42f9-b2c7-e09aaf1dba64: receive RaftClientReply:client-89347F43EDCE->e23718f9-2f23-42f9-b2c7-e09aaf1dba64@group-09D2F971C3FC, cid=20, FAILED org.apache.ratis.protocol.NotLeaderException: Server e23718f9-2f23-42f9-b2c7-e09aaf1dba64 is not the leader (null). Request must be sent to leader., logIndex=0, commits[e23718f9-2f23-42f9-b2c7-e09aaf1dba64:c-1]
2019-07-16 14:36:02,917 INFO  impl.FollowerState (FollowerState.java:run(106)) - b5d1a781-cdce-4b0c-8da3-26ed70390cd7:group-09D2F971C3FC changes to CANDIDATE, lastRpcTime:5026, electionTimeout:5024ms
2019-07-16 14:36:02,918 INFO  impl.RoleInfo (RoleInfo.java:shutdownFollowerState(121)) - b5d1a781-cdce-4b0c-8da3-26ed70390cd7: shutdown FollowerState
2019-07-16 14:36:02,918 INFO  impl.RaftServerImpl (RaftServerImpl.java:setRole(171)) - b5d1a781-cdce-4b0c-8da3-26ed70390cd7:group-09D2F971C3FC changes role from FOLLOWER to CANDIDATE at term 0 for changeToCandidate
2019-07-16 14:36:02,923 INFO  impl.RoleInfo (RoleInfo.java:updateAndGet(143)) - b5d1a781-cdce-4b0c-8da3-26ed70390cd7: start LeaderElection
2019-07-16 14:36:02,942 INFO  impl.LeaderElection (LeaderElection.java:askForVotes(181)) - b5d1a781-cdce-4b0c-8da3-26ed70390cd7:group-09D2F971C3FC:LeaderElection1: begin an election at term 1 for -1: [9226dd17-256e-4d27-87e0-1e025cbf773d:192.168.5.141:45537, b5d1a781-cdce-4b0c-8da3-26ed70390cd7:192.168.5.141:44809, e23718f9-2f23-42f9-b2c7-e09aaf1dba64:192.168.5.141:33938], old=null
2019-07-16 14:36:02,978 INFO  impl.RaftServerImpl (RaftServerImpl.java:setRole(171)) - e23718f9-2f23-42f9-b2c7-e09aaf1dba64:group-09D2F971C3FC changes role from FOLLOWER to FOLLOWER at term 1 for recognizeCandidate:b5d1a781-cdce-4b0c-8da3-26ed70390cd7
2019-07-16 14:36:02,978 INFO  impl.RaftServerImpl (RaftServerImpl.java:setRole(171)) - 9226dd17-256e-4d27-87e0-1e025cbf773d:group-09D2F971C3FC changes role from FOLLOWER to FOLLOWER at term 1 for recognizeCandidate:b5d1a781-cdce-4b0c-8da3-26ed70390cd7
2019-07-16 14:36:02,978 INFO  impl.RoleInfo (RoleInfo.java:shutdownFollowerState(121)) - e23718f9-2f23-42f9-b2c7-e09aaf1dba64: shutdown FollowerState
2019-07-16 14:36:02,978 INFO  impl.RoleInfo (RoleInfo.java:shutdownFollowerState(121)) - 9226dd17-256e-4d27-87e0-1e025cbf773d: shutdown FollowerState
2019-07-16 14:36:02,979 INFO  impl.RoleInfo (RoleInfo.java:updateAndGet(143)) - e23718f9-2f23-42f9-b2c7-e09aaf1dba64: start FollowerState
2019-07-16 14:36:02,981 INFO  impl.FollowerState (FollowerState.java:run(114)) - 9226dd17-256e-4d27-87e0-1e025cbf773d: FollowerState was interrupted: java.lang.InterruptedException: sleep interrupted
2019-07-16 14:36:02,979 INFO  impl.RoleInfo (RoleInfo.java:updateAndGet(143)) - 9226dd17-256e-4d27-87e0-1e025cbf773d: start FollowerState
2019-07-16 14:36:02,979 INFO  impl.FollowerState (FollowerState.java:run(114)) - e23718f9-2f23-42f9-b2c7-e09aaf1dba64: FollowerState was interrupted: java.lang.InterruptedException: sleep interrupted
2019-07-16 14:36:03,012 INFO  impl.LeaderElection (LeaderElection.java:logAndReturn(56)) - b5d1a781-cdce-4b0c-8da3-26ed70390cd7:group-09D2F971C3FC:LeaderElection1: Election PASSED; received 1 response(s) [b5d1a781-cdce-4b0c-8da3-26ed70390cd7<-9226dd17-256e-4d27-87e0-1e025cbf773d#0:OK-t1] and 0 exception(s); b5d1a781-cdce-4b0c-8da3-26ed70390cd7:t1, leader=null, voted=b5d1a781-cdce-4b0c-8da3-26ed70390cd7, raftlog=b5d1a781-cdce-4b0c-8da3-26ed70390cd7-SegmentedRaftLog:OPENED:c-1,f-1,i0, conf=-1: [9226dd17-256e-4d27-87e0-1e025cbf773d:192.168.5.141:45537, b5d1a781-cdce-4b0c-8da3-26ed70390cd7:192.168.5.141:44809, e23718f9-2f23-42f9-b2c7-e09aaf1dba64:192.168.5.141:33938], old=null
2019-07-16 14:36:03,017 INFO  impl.RoleInfo (RoleInfo.java:shutdownLeaderElection(134)) - b5d1a781-cdce-4b0c-8da3-26ed70390cd7: shutdown LeaderElection
2019-07-16 14:36:03,017 INFO  impl.RaftServerImpl (RaftServerImpl.java:setRole(171)) - b5d1a781-cdce-4b0c-8da3-26ed70390cd7:group-09D2F971C3FC changes role from CANDIDATE to LEADER at term 1 for changeToLeader
2019-07-16 14:36:03,017 INFO  impl.RaftServerImpl (ServerState.java:setLeader(263)) - b5d1a781-cdce-4b0c-8da3-26ed70390cd7:group-09D2F971C3FC change Leader from null to b5d1a781-cdce-4b0c-8da3-26ed70390cd7 at term 1 for becomeLeader, leader elected after 5156ms
2019-07-16 14:36:03,025 INFO  server.RaftServerConfigKeys (ConfUtils.java:logGet(43)) - raft.server.staging.catchup.gap = 1000 (default)
2019-07-16 14:36:03,025 INFO  server.RaftServerConfigKeys (ConfUtils.java:logGet(43)) - raft.server.rpc.sleep.time = 25ms (default)
2019-07-16 14:36:03,028 INFO  server.RaftServerConfigKeys (ConfUtils.java:logGet(43)) - raft.server.write.element-limit = 4096 (default)
2019-07-16 14:36:03,029 INFO  impl.FollowerState (FollowerState.java:run(106)) - 9226dd17-256e-4d27-87e0-1e025cbf773d:group-CA8FF317E316 changes to CANDIDATE, lastRpcTime:5138, electionTimeout:5136ms
2019-07-16 14:36:03,031 INFO  impl.RoleInfo (RoleInfo.java:shutdownFollowerState(121)) - 9226dd17-256e-4d27-87e0-1e025cbf773d: shutdown FollowerState
2019-07-16 14:36:03,031 INFO  impl.RaftServerImpl (RaftServerImpl.java:setRole(171)) - 9226dd17-256e-4d27-87e0-1e025cbf773d:group-CA8FF317E316 changes role from FOLLOWER to CANDIDATE at term 0 for changeToCandidate
2019-07-16 14:36:03,031 INFO  impl.RoleInfo (RoleInfo.java:updateAndGet(143)) - 9226dd17-256e-4d27-87e0-1e025cbf773d: start LeaderElection
2019-07-16 14:36:03,038 INFO  server.RaftServerConfigKeys (ConfUtils.java:logGet(43)) - raft.server.watch.timeout = 10s (default)
2019-07-16 14:36:03,039 INFO  server.RaftServerConfigKeys (ConfUtils.java:logGet(43)) - raft.server.watch.timeout.denomination = 1s (default)
2019-07-16 14:36:03,040 INFO  server.RaftServerConfigKeys (ConfUtils.java:logGet(43)) - raft.server.watch.element-limit = 65536 (default)
2019-07-16 14:36:03,050 INFO  impl.LeaderElection (LeaderElection.java:askForVotes(181)) - 9226dd17-256e-4d27-87e0-1e025cbf773d:group-CA8FF317E316:LeaderElection2: begin an election at term 1 for -1: [9226dd17-256e-4d27-87e0-1e025cbf773d:192.168.5.141:45537], old=null
2019-07-16 14:36:03,053 INFO  impl.RoleInfo (RoleInfo.java:shutdownLeaderElection(134)) - 9226dd17-256e-4d27-87e0-1e025cbf773d: shutdown LeaderElection
2019-07-16 14:36:03,053 INFO  impl.RaftServerImpl (RaftServerImpl.java:setRole(171)) - 9226dd17-256e-4d27-87e0-1e025cbf773d:group-CA8FF317E316 changes role from CANDIDATE to LEADER at term 1 for changeToLeader
2019-07-16 14:36:03,053 INFO  impl.RaftServerImpl (ServerState.java:setLeader(263)) - 9226dd17-256e-4d27-87e0-1e025cbf773d:group-CA8FF317E316 change Leader from null to 9226dd17-256e-4d27-87e0-1e025cbf773d at term 1 for becomeLeader, leader elected after 6198ms
2019-07-16 14:36:03,053 INFO  server.RaftServerConfigKeys (ConfUtils.java:logGet(43)) - raft.server.log.appender.snapshot.chunk.size.max = 16MB (=16777216) (default)
2019-07-16 14:36:03,053 INFO  server.RaftServerConfigKeys (ConfUtils.java:logGet(43)) - raft.server.staging.catchup.gap = 1000 (default)
2019-07-16 14:36:03,054 INFO  server.RaftServerConfigKeys (ConfUtils.java:logGet(43)) - raft.server.log.appender.buffer.byte-limit = 33554432 (custom)
2019-07-16 14:36:03,054 INFO  server.RaftServerConfigKeys (ConfUtils.java:logGet(43)) - raft.server.rpc.sleep.time = 25ms (default)
2019-07-16 14:36:03,054 INFO  server.RaftServerConfigKeys (ConfUtils.java:logGet(43)) - raft.server.write.element-limit = 4096 (default)
2019-07-16 14:36:03,054 INFO  server.RaftServerConfigKeys (ConfUtils.java:logGet(43)) - raft.server.watch.timeout = 10s (default)
2019-07-16 14:36:03,054 INFO  server.RaftServerConfigKeys (ConfUtils.java:logGet(43)) - raft.server.log.appender.buffer.element-limit = 1 (custom)
2019-07-16 14:36:03,055 INFO  server.RaftServerConfigKeys (ConfUtils.java:logGet(43)) - raft.server.watch.timeout.denomination = 1s (default)
2019-07-16 14:36:03,055 INFO  server.RaftServerConfigKeys (ConfUtils.java:logGet(43)) - raft.server.watch.element-limit = 65536 (default)
2019-07-16 14:36:03,057 INFO  impl.RoleInfo (RoleInfo.java:updateAndGet(143)) - 9226dd17-256e-4d27-87e0-1e025cbf773d: start LeaderState
2019-07-16 14:36:03,058 INFO  grpc.GrpcConfigKeys$Server (ConfUtils.java:logGet(43)) - raft.grpc.server.leader.outstanding.appends.max = 128 (default)
2019-07-16 14:36:03,058 INFO  server.RaftServerConfigKeys (ConfUtils.java:logGet(43)) - raft.server.rpc.request.timeout = 3000ms (default)
2019-07-16 14:36:03,058 INFO  server.RaftServerConfigKeys (ConfUtils.java:logGet(43)) - raft.server.log.appender.install.snapshot.enabled = false (custom)
2019-07-16 14:36:03,058 INFO  server.RaftServerConfigKeys (ConfUtils.java:logGet(43)) - raft.server.log.appender.snapshot.chunk.size.max = 16MB (=16777216) (default)
2019-07-16 14:36:03,058 INFO  server.RaftServerConfigKeys (ConfUtils.java:logGet(43)) - raft.server.log.appender.buffer.byte-limit = 33554432 (custom)
2019-07-16 14:36:03,059 INFO  server.RaftServerConfigKeys (ConfUtils.java:logGet(43)) - raft.server.log.appender.buffer.element-limit = 1 (custom)
2019-07-16 14:36:03,059 INFO  grpc.GrpcConfigKeys$Server (ConfUtils.java:logGet(43)) - raft.grpc.server.leader.outstanding.appends.max = 128 (default)
2019-07-16 14:36:03,059 INFO  server.RaftServerConfigKeys (ConfUtils.java:logGet(43)) - raft.server.rpc.request.timeout = 3000ms (default)
2019-07-16 14:36:03,059 INFO  server.RaftServerConfigKeys (ConfUtils.java:logGet(43)) - raft.server.log.appender.install.snapshot.enabled = false (custom)
2019-07-16 14:36:03,061 INFO  impl.RoleInfo (RoleInfo.java:updateAndGet(143)) - b5d1a781-cdce-4b0c-8da3-26ed70390cd7: start LeaderState
2019-07-16 14:36:03,080 INFO  segmented.SegmentedRaftLogWorker (SegmentedRaftLogWorker.java:startLogSegment(380)) - b5d1a781-cdce-4b0c-8da3-26ed70390cd7-SegmentedRaftLogWorker:Storage Directory /workdir/hadoop-ozone/integration-test/target/test-dir/MiniOzoneClusterImpl-cd0beb4e-717b-4910-a035-f99a3849b6d4/datanode-2/data/ratis/ac706229-69f6-4a02-ad96-09d2f971c3fc: Starting segment from index:0
2019-07-16 14:36:03,080 INFO  segmented.SegmentedRaftLogWorker (SegmentedRaftLogWorker.java:startLogSegment(380)) - 9226dd17-256e-4d27-87e0-1e025cbf773d-SegmentedRaftLogWorker:Storage Directory /workdir/hadoop-ozone/integration-test/target/test-dir/MiniOzoneClusterImpl-cd0beb4e-717b-4910-a035-f99a3849b6d4/datanode-0/data/ratis/fbcb1366-2420-4eba-bcbf-ca8ff317e316: Starting segment from index:0
2019-07-16 14:36:03,089 INFO  impl.RaftServerImpl (ServerState.java:setRaftConf(361)) - b5d1a781-cdce-4b0c-8da3-26ed70390cd7:group-09D2F971C3FC set configuration 0: [9226dd17-256e-4d27-87e0-1e025cbf773d:192.168.5.141:45537, b5d1a781-cdce-4b0c-8da3-26ed70390cd7:192.168.5.141:44809, e23718f9-2f23-42f9-b2c7-e09aaf1dba64:192.168.5.141:33938], old=null at 0
2019-07-16 14:36:03,089 INFO  impl.RaftServerImpl (ServerState.java:setRaftConf(361)) - 9226dd17-256e-4d27-87e0-1e025cbf773d:group-CA8FF317E316 set configuration 0: [9226dd17-256e-4d27-87e0-1e025cbf773d:192.168.5.141:45537], old=null at 0
2019-07-16 14:36:03,116 INFO  impl.RaftServerImpl (ServerState.java:setLeader(263)) - 9226dd17-256e-4d27-87e0-1e025cbf773d:group-09D2F971C3FC change Leader from null to b5d1a781-cdce-4b0c-8da3-26ed70390cd7 at term 1 for appendEntries, leader elected after 5255ms
2019-07-16 14:36:03,116 INFO  impl.RaftServerImpl (ServerState.java:setLeader(263)) - e23718f9-2f23-42f9-b2c7-e09aaf1dba64:group-09D2F971C3FC change Leader from null to b5d1a781-cdce-4b0c-8da3-26ed70390cd7 at term 1 for appendEntries, leader elected after 5254ms
2019-07-16 14:36:03,152 INFO  impl.RaftServerImpl (ServerState.java:setRaftConf(361)) - 9226dd17-256e-4d27-87e0-1e025cbf773d:group-09D2F971C3FC set configuration 0: [9226dd17-256e-4d27-87e0-1e025cbf773d:192.168.5.141:45537, b5d1a781-cdce-4b0c-8da3-26ed70390cd7:192.168.5.141:44809, e23718f9-2f23-42f9-b2c7-e09aaf1dba64:192.168.5.141:33938], old=null at 0
2019-07-16 14:36:03,152 INFO  impl.RaftServerImpl (ServerState.java:setRaftConf(361)) - e23718f9-2f23-42f9-b2c7-e09aaf1dba64:group-09D2F971C3FC set configuration 0: [9226dd17-256e-4d27-87e0-1e025cbf773d:192.168.5.141:45537, b5d1a781-cdce-4b0c-8da3-26ed70390cd7:192.168.5.141:44809, e23718f9-2f23-42f9-b2c7-e09aaf1dba64:192.168.5.141:33938], old=null at 0
2019-07-16 14:36:03,153 INFO  segmented.SegmentedRaftLogWorker (SegmentedRaftLogWorker.java:startLogSegment(380)) - 9226dd17-256e-4d27-87e0-1e025cbf773d-SegmentedRaftLogWorker:Storage Directory /workdir/hadoop-ozone/integration-test/target/test-dir/MiniOzoneClusterImpl-cd0beb4e-717b-4910-a035-f99a3849b6d4/datanode-0/data/ratis/ac706229-69f6-4a02-ad96-09d2f971c3fc: Starting segment from index:0
2019-07-16 14:36:03,153 INFO  segmented.SegmentedRaftLogWorker (SegmentedRaftLogWorker.java:startLogSegment(380)) - e23718f9-2f23-42f9-b2c7-e09aaf1dba64-SegmentedRaftLogWorker:Storage Directory /workdir/hadoop-ozone/integration-test/target/test-dir/MiniOzoneClusterImpl-cd0beb4e-717b-4910-a035-f99a3849b6d4/datanode-4/data/ratis/ac706229-69f6-4a02-ad96-09d2f971c3fc: Starting segment from index:0
2019-07-16 14:36:03,173 INFO  impl.FollowerState (FollowerState.java:run(106)) - 40172ca2-e6ac-42a3-9aae-5947fa7d9dc4:group-29E9E5F46462 changes to CANDIDATE, lastRpcTime:5067, electionTimeout:5067ms
2019-07-16 14:36:03,173 INFO  impl.RoleInfo (RoleInfo.java:shutdownFollowerState(121)) - 40172ca2-e6ac-42a3-9aae-5947fa7d9dc4: shutdown FollowerState
2019-07-16 14:36:03,173 INFO  impl.RaftServerImpl (RaftServerImpl.java:setRole(171)) - 40172ca2-e6ac-42a3-9aae-5947fa7d9dc4:group-29E9E5F46462 changes role from FOLLOWER to CANDIDATE at term 0 for changeToCandidate
2019-07-16 14:36:03,173 INFO  impl.RoleInfo (RoleInfo.java:updateAndGet(143)) - 40172ca2-e6ac-42a3-9aae-5947fa7d9dc4: start LeaderElection
2019-07-16 14:36:03,189 INFO  impl.LeaderElection (LeaderElection.java:askForVotes(181)) - 40172ca2-e6ac-42a3-9aae-5947fa7d9dc4:group-29E9E5F46462:LeaderElection3: begin an election at term 1 for -1: [40172ca2-e6ac-42a3-9aae-5947fa7d9dc4:192.168.5.141:41846, 09bca760-3b13-4120-b2e8-a5f0ffa0775c:192.168.5.141:33197, 7e7798a3-6138-4857-8cc4-9add5e10292f:192.168.5.141:33797], old=null
2019-07-16 14:36:03,202 INFO  impl.RaftServerImpl (RaftServerImpl.java:setRole(171)) - 7e7798a3-6138-4857-8cc4-9add5e10292f:group-29E9E5F46462 changes role from FOLLOWER to FOLLOWER at term 1 for recognizeCandidate:40172ca2-e6ac-42a3-9aae-5947fa7d9dc4
2019-07-16 14:36:03,202 INFO  impl.RaftServerImpl (RaftServerImpl.java:setRole(171)) - 09bca760-3b13-4120-b2e8-a5f0ffa0775c:group-29E9E5F46462 changes role from FOLLOWER to FOLLOWER at term 1 for recognizeCandidate:40172ca2-e6ac-42a3-9aae-5947fa7d9dc4
2019-07-16 14:36:03,202 INFO  impl.RoleInfo (RoleInfo.java:shutdownFollowerState(121)) - 7e7798a3-6138-4857-8cc4-9add5e10292f: shutdown FollowerState
2019-07-16 14:36:03,203 INFO  impl.RoleInfo (RoleInfo.java:shutdownFollowerState(121)) - 09bca760-3b13-4120-b2e8-a5f0ffa0775c: shutdown FollowerState
2019-07-16 14:36:03,203 INFO  impl.FollowerState (FollowerState.java:run(114)) - 7e7798a3-6138-4857-8cc4-9add5e10292f: FollowerState was interrupted: java.lang.InterruptedException: sleep interrupted
2019-07-16 14:36:03,203 INFO  impl.RoleInfo (RoleInfo.java:updateAndGet(143)) - 09bca760-3b13-4120-b2e8-a5f0ffa0775c: start FollowerState
2019-07-16 14:36:03,203 INFO  impl.RoleInfo (RoleInfo.java:updateAndGet(143)) - 7e7798a3-6138-4857-8cc4-9add5e10292f: start FollowerState
2019-07-16 14:36:03,203 INFO  impl.FollowerState (FollowerState.java:run(114)) - 09bca760-3b13-4120-b2e8-a5f0ffa0775c: FollowerState was interrupted: java.lang.InterruptedException: sleep interrupted
2019-07-16 14:36:03,225 INFO  impl.LeaderElection (LeaderElection.java:logAndReturn(56)) - 40172ca2-e6ac-42a3-9aae-5947fa7d9dc4:group-29E9E5F46462:LeaderElection3: Election PASSED; received 1 response(s) [40172ca2-e6ac-42a3-9aae-5947fa7d9dc4<-7e7798a3-6138-4857-8cc4-9add5e10292f#0:OK-t1] and 0 exception(s); 40172ca2-e6ac-42a3-9aae-5947fa7d9dc4:t1, leader=null, voted=40172ca2-e6ac-42a3-9aae-5947fa7d9dc4, raftlog=40172ca2-e6ac-42a3-9aae-5947fa7d9dc4-SegmentedRaftLog:OPENED:c-1,f-1,i0, conf=-1: [40172ca2-e6ac-42a3-9aae-5947fa7d9dc4:192.168.5.141:41846, 09bca760-3b13-4120-b2e8-a5f0ffa0775c:192.168.5.141:33197, 7e7798a3-6138-4857-8cc4-9add5e10292f:192.168.5.141:33797], old=null
2019-07-16 14:36:03,225 INFO  impl.RoleInfo (RoleInfo.java:shutdownLeaderElection(134)) - 40172ca2-e6ac-42a3-9aae-5947fa7d9dc4: shutdown LeaderElection
2019-07-16 14:36:03,227 INFO  impl.RaftServerImpl (RaftServerImpl.java:setRole(171)) - 40172ca2-e6ac-42a3-9aae-5947fa7d9dc4:group-29E9E5F46462 changes role from CANDIDATE to LEADER at term 1 for changeToLeader
2019-07-16 14:36:03,228 INFO  impl.RaftServerImpl (ServerState.java:setLeader(263)) - 40172ca2-e6ac-42a3-9aae-5947fa7d9dc4:group-29E9E5F46462 change Leader from null to 40172ca2-e6ac-42a3-9aae-5947fa7d9dc4 at term 1 for becomeLeader, leader elected after 5150ms
2019-07-16 14:36:03,228 INFO  server.RaftServerConfigKeys (ConfUtils.java:logGet(43)) - raft.server.staging.catchup.gap = 1000 (default)
2019-07-16 14:36:03,229 INFO  server.RaftServerConfigKeys (ConfUtils.java:logGet(43)) - raft.server.rpc.sleep.time = 25ms (default)
2019-07-16 14:36:03,229 INFO  server.RaftServerConfigKeys (ConfUtils.java:logGet(43)) - raft.server.write.element-limit = 4096 (default)
2019-07-16 14:36:03,229 INFO  server.RaftServerConfigKeys (ConfUtils.java:logGet(43)) - raft.server.watch.timeout = 10s (default)
2019-07-16 14:36:03,229 INFO  server.RaftServerConfigKeys (ConfUtils.java:logGet(43)) - raft.server.watch.timeout.denomination = 1s (default)
2019-07-16 14:36:03,229 INFO  server.RaftServerConfigKeys (ConfUtils.java:logGet(43)) - raft.server.watch.element-limit = 65536 (default)
2019-07-16 14:36:03,229 INFO  server.RaftServerConfigKeys (ConfUtils.java:logGet(43)) - raft.server.log.appender.snapshot.chunk.size.max = 16MB (=16777216) (default)
2019-07-16 14:36:03,230 INFO  server.RaftServerConfigKeys (ConfUtils.java:logGet(43)) - raft.server.log.appender.buffer.byte-limit = 33554432 (custom)
2019-07-16 14:36:03,230 INFO  server.RaftServerConfigKeys (ConfUtils.java:logGet(43)) - raft.server.log.appender.buffer.element-limit = 1 (custom)
2019-07-16 14:36:03,230 INFO  grpc.GrpcConfigKeys$Server (ConfUtils.java:logGet(43)) - raft.grpc.server.leader.outstanding.appends.max = 128 (default)
2019-07-16 14:36:03,230 INFO  server.RaftServerConfigKeys (ConfUtils.java:logGet(43)) - raft.server.rpc.request.timeout = 3000ms (default)
2019-07-16 14:36:03,230 INFO  server.RaftServerConfigKeys (ConfUtils.java:logGet(43)) - raft.server.log.appender.install.snapshot.enabled = false (custom)
2019-07-16 14:36:03,231 INFO  server.RaftServerConfigKeys (ConfUtils.java:logGet(43)) - raft.server.log.appender.snapshot.chunk.size.max = 16MB (=16777216) (default)
2019-07-16 14:36:03,231 INFO  server.RaftServerConfigKeys (ConfUtils.java:logGet(43)) - raft.server.log.appender.buffer.byte-limit = 33554432 (custom)
2019-07-16 14:36:03,231 INFO  server.RaftServerConfigKeys (ConfUtils.java:logGet(43)) - raft.server.log.appender.buffer.element-limit = 1 (custom)
2019-07-16 14:36:03,231 INFO  grpc.GrpcConfigKeys$Server (ConfUtils.java:logGet(43)) - raft.grpc.server.leader.outstanding.appends.max = 128 (default)
2019-07-16 14:36:03,231 INFO  server.RaftServerConfigKeys (ConfUtils.java:logGet(43)) - raft.server.rpc.request.timeout = 3000ms (default)
2019-07-16 14:36:03,231 INFO  server.RaftServerConfigKeys (ConfUtils.java:logGet(43)) - raft.server.log.appender.install.snapshot.enabled = false (custom)
2019-07-16 14:36:03,232 INFO  impl.RoleInfo (RoleInfo.java:updateAndGet(143)) - 40172ca2-e6ac-42a3-9aae-5947fa7d9dc4: start LeaderState
2019-07-16 14:36:03,232 INFO  segmented.SegmentedRaftLogWorker (SegmentedRaftLogWorker.java:startLogSegment(380)) - 40172ca2-e6ac-42a3-9aae-5947fa7d9dc4-SegmentedRaftLogWorker:Storage Directory /workdir/hadoop-ozone/integration-test/target/test-dir/MiniOzoneClusterImpl-cd0beb4e-717b-4910-a035-f99a3849b6d4/datanode-1/data/ratis/41bc554d-8445-44b2-8ee5-29e9e5f46462: Starting segment from index:0
2019-07-16 14:36:03,233 INFO  impl.RaftServerImpl (ServerState.java:setRaftConf(361)) - 40172ca2-e6ac-42a3-9aae-5947fa7d9dc4:group-29E9E5F46462 set configuration 0: [40172ca2-e6ac-42a3-9aae-5947fa7d9dc4:192.168.5.141:41846, 09bca760-3b13-4120-b2e8-a5f0ffa0775c:192.168.5.141:33197, 7e7798a3-6138-4857-8cc4-9add5e10292f:192.168.5.141:33797], old=null at 0
2019-07-16 14:36:03,237 INFO  impl.RaftServerImpl (ServerState.java:setLeader(263)) - 09bca760-3b13-4120-b2e8-a5f0ffa0775c:group-29E9E5F46462 change Leader from null to 40172ca2-e6ac-42a3-9aae-5947fa7d9dc4 at term 1 for appendEntries, leader elected after 5159ms
2019-07-16 14:36:03,237 INFO  impl.RaftServerImpl (ServerState.java:setLeader(263)) - 7e7798a3-6138-4857-8cc4-9add5e10292f:group-29E9E5F46462 change Leader from null to 40172ca2-e6ac-42a3-9aae-5947fa7d9dc4 at term 1 for appendEntries, leader elected after 5158ms
2019-07-16 14:36:03,245 INFO  impl.RaftServerImpl (ServerState.java:setRaftConf(361)) - 09bca760-3b13-4120-b2e8-a5f0ffa0775c:group-29E9E5F46462 set configuration 0: [40172ca2-e6ac-42a3-9aae-5947fa7d9dc4:192.168.5.141:41846, 09bca760-3b13-4120-b2e8-a5f0ffa0775c:192.168.5.141:33197, 7e7798a3-6138-4857-8cc4-9add5e10292f:192.168.5.141:33797], old=null at 0
2019-07-16 14:36:03,245 INFO  impl.RaftServerImpl (ServerState.java:setRaftConf(361)) - 7e7798a3-6138-4857-8cc4-9add5e10292f:group-29E9E5F46462 set configuration 0: [40172ca2-e6ac-42a3-9aae-5947fa7d9dc4:192.168.5.141:41846, 09bca760-3b13-4120-b2e8-a5f0ffa0775c:192.168.5.141:33197, 7e7798a3-6138-4857-8cc4-9add5e10292f:192.168.5.141:33797], old=null at 0
2019-07-16 14:36:03,246 INFO  segmented.SegmentedRaftLogWorker (SegmentedRaftLogWorker.java:startLogSegment(380)) - 09bca760-3b13-4120-b2e8-a5f0ffa0775c-SegmentedRaftLogWorker:Storage Directory /workdir/hadoop-ozone/integration-test/target/test-dir/MiniOzoneClusterImpl-cd0beb4e-717b-4910-a035-f99a3849b6d4/datanode-5/data/ratis/41bc554d-8445-44b2-8ee5-29e9e5f46462: Starting segment from index:0
2019-07-16 14:36:03,246 INFO  segmented.SegmentedRaftLogWorker (SegmentedRaftLogWorker.java:startLogSegment(380)) - 7e7798a3-6138-4857-8cc4-9add5e10292f-SegmentedRaftLogWorker:Storage Directory /workdir/hadoop-ozone/integration-test/target/test-dir/MiniOzoneClusterImpl-cd0beb4e-717b-4910-a035-f99a3849b6d4/datanode-3/data/ratis/41bc554d-8445-44b2-8ee5-29e9e5f46462: Starting segment from index:0
2019-07-16 14:36:03,309 INFO  impl.FollowerState (FollowerState.java:run(106)) - e23718f9-2f23-42f9-b2c7-e09aaf1dba64:group-5234E51FE338 changes to CANDIDATE, lastRpcTime:5080, electionTimeout:5080ms
2019-07-16 14:36:03,310 INFO  impl.RoleInfo (RoleInfo.java:shutdownFollowerState(121)) - e23718f9-2f23-42f9-b2c7-e09aaf1dba64: shutdown FollowerState
2019-07-16 14:36:03,310 INFO  impl.RaftServerImpl (RaftServerImpl.java:setRole(171)) - e23718f9-2f23-42f9-b2c7-e09aaf1dba64:group-5234E51FE338 changes role from FOLLOWER to CANDIDATE at term 0 for changeToCandidate
2019-07-16 14:36:03,310 INFO  impl.RoleInfo (RoleInfo.java:updateAndGet(143)) - e23718f9-2f23-42f9-b2c7-e09aaf1dba64: start LeaderElection
2019-07-16 14:36:03,331 INFO  segmented.SegmentedRaftLogWorker (SegmentedRaftLogWorker.java:execute(569)) - 09bca760-3b13-4120-b2e8-a5f0ffa0775c-SegmentedRaftLogWorker:Storage Directory /workdir/hadoop-ozone/integration-test/target/test-dir/MiniOzoneClusterImpl-cd0beb4e-717b-4910-a035-f99a3849b6d4/datanode-5/data/ratis/41bc554d-8445-44b2-8ee5-29e9e5f46462: created new log segment /workdir/hadoop-ozone/integration-test/target/test-dir/MiniOzoneClusterImpl-cd0beb4e-717b-4910-a035-f99a3849b6d4/datanode-5/data/ratis/41bc554d-8445-44b2-8ee5-29e9e5f46462/current/log_inprogress_0
2019-07-16 14:36:03,331 INFO  segmented.SegmentedRaftLogWorker (SegmentedRaftLogWorker.java:execute(569)) - 9226dd17-256e-4d27-87e0-1e025cbf773d-SegmentedRaftLogWorker:Storage Directory /workdir/hadoop-ozone/integration-test/target/test-dir/MiniOzoneClusterImpl-cd0beb4e-717b-4910-a035-f99a3849b6d4/datanode-0/data/ratis/ac706229-69f6-4a02-ad96-09d2f971c3fc: created new log segment /workdir/hadoop-ozone/integration-test/target/test-dir/MiniOzoneClusterImpl-cd0beb4e-717b-4910-a035-f99a3849b6d4/datanode-0/data/ratis/ac706229-69f6-4a02-ad96-09d2f971c3fc/current/log_inprogress_0
2019-07-16 14:36:03,331 INFO  impl.LeaderElection (LeaderElection.java:askForVotes(181)) - e23718f9-2f23-42f9-b2c7-e09aaf1dba64:group-5234E51FE338:LeaderElection4: begin an election at term 1 for -1: [e23718f9-2f23-42f9-b2c7-e09aaf1dba64:192.168.5.141:33938], old=null
2019-07-16 14:36:03,331 INFO  segmented.SegmentedRaftLogWorker (SegmentedRaftLogWorker.java:execute(569)) - 40172ca2-e6ac-42a3-9aae-5947fa7d9dc4-SegmentedRaftLogWorker:Storage Directory /workdir/hadoop-ozone/integration-test/target/test-dir/MiniOzoneClusterImpl-cd0beb4e-717b-4910-a035-f99a3849b6d4/datanode-1/data/ratis/41bc554d-8445-44b2-8ee5-29e9e5f46462: created new log segment /workdir/hadoop-ozone/integration-test/target/test-dir/MiniOzoneClusterImpl-cd0beb4e-717b-4910-a035-f99a3849b6d4/datanode-1/data/ratis/41bc554d-8445-44b2-8ee5-29e9e5f46462/current/log_inprogress_0
2019-07-16 14:36:03,331 INFO  segmented.SegmentedRaftLogWorker (SegmentedRaftLogWorker.java:execute(569)) - e23718f9-2f23-42f9-b2c7-e09aaf1dba64-SegmentedRaftLogWorker:Storage Directory /workdir/hadoop-ozone/integration-test/target/test-dir/MiniOzoneClusterImpl-cd0beb4e-717b-4910-a035-f99a3849b6d4/datanode-4/data/ratis/ac706229-69f6-4a02-ad96-09d2f971c3fc: created new log segment /workdir/hadoop-ozone/integration-test/target/test-dir/MiniOzoneClusterImpl-cd0beb4e-717b-4910-a035-f99a3849b6d4/datanode-4/data/ratis/ac706229-69f6-4a02-ad96-09d2f971c3fc/current/log_inprogress_0
2019-07-16 14:36:03,331 INFO  segmented.SegmentedRaftLogWorker (SegmentedRaftLogWorker.java:execute(569)) - b5d1a781-cdce-4b0c-8da3-26ed70390cd7-SegmentedRaftLogWorker:Storage Directory /workdir/hadoop-ozone/integration-test/target/test-dir/MiniOzoneClusterImpl-cd0beb4e-717b-4910-a035-f99a3849b6d4/datanode-2/data/ratis/ac706229-69f6-4a02-ad96-09d2f971c3fc: created new log segment /workdir/hadoop-ozone/integration-test/target/test-dir/MiniOzoneClusterImpl-cd0beb4e-717b-4910-a035-f99a3849b6d4/datanode-2/data/ratis/ac706229-69f6-4a02-ad96-09d2f971c3fc/current/log_inprogress_0
2019-07-16 14:36:03,331 INFO  segmented.SegmentedRaftLogWorker (SegmentedRaftLogWorker.java:execute(569)) - 9226dd17-256e-4d27-87e0-1e025cbf773d-SegmentedRaftLogWorker:Storage Directory /workdir/hadoop-ozone/integration-test/target/test-dir/MiniOzoneClusterImpl-cd0beb4e-717b-4910-a035-f99a3849b6d4/datanode-0/data/ratis/fbcb1366-2420-4eba-bcbf-ca8ff317e316: created new log segment /workdir/hadoop-ozone/integration-test/target/test-dir/MiniOzoneClusterImpl-cd0beb4e-717b-4910-a035-f99a3849b6d4/datanode-0/data/ratis/fbcb1366-2420-4eba-bcbf-ca8ff317e316/current/log_inprogress_0
2019-07-16 14:36:03,331 INFO  segmented.SegmentedRaftLogWorker (SegmentedRaftLogWorker.java:execute(569)) - 7e7798a3-6138-4857-8cc4-9add5e10292f-SegmentedRaftLogWorker:Storage Directory /workdir/hadoop-ozone/integration-test/target/test-dir/MiniOzoneClusterImpl-cd0beb4e-717b-4910-a035-f99a3849b6d4/datanode-3/data/ratis/41bc554d-8445-44b2-8ee5-29e9e5f46462: created new log segment /workdir/hadoop-ozone/integration-test/target/test-dir/MiniOzoneClusterImpl-cd0beb4e-717b-4910-a035-f99a3849b6d4/datanode-3/data/ratis/41bc554d-8445-44b2-8ee5-29e9e5f46462/current/log_inprogress_0
2019-07-16 14:36:03,341 INFO  impl.RoleInfo (RoleInfo.java:shutdownLeaderElection(134)) - e23718f9-2f23-42f9-b2c7-e09aaf1dba64: shutdown LeaderElection
2019-07-16 14:36:03,348 INFO  impl.RaftServerImpl (RaftServerImpl.java:setRole(171)) - e23718f9-2f23-42f9-b2c7-e09aaf1dba64:group-5234E51FE338 changes role from CANDIDATE to LEADER at term 1 for changeToLeader
2019-07-16 14:36:03,348 INFO  impl.RaftServerImpl (ServerState.java:setLeader(263)) - e23718f9-2f23-42f9-b2c7-e09aaf1dba64:group-5234E51FE338 change Leader from null to e23718f9-2f23-42f9-b2c7-e09aaf1dba64 at term 1 for becomeLeader, leader elected after 5124ms
2019-07-16 14:36:03,349 INFO  server.RaftServerConfigKeys (ConfUtils.java:logGet(43)) - raft.server.staging.catchup.gap = 1000 (default)
2019-07-16 14:36:03,349 INFO  server.RaftServerConfigKeys (ConfUtils.java:logGet(43)) - raft.server.rpc.sleep.time = 25ms (default)
2019-07-16 14:36:03,349 INFO  server.RaftServerConfigKeys (ConfUtils.java:logGet(43)) - raft.server.write.element-limit = 4096 (default)
2019-07-16 14:36:03,350 INFO  server.RaftServerConfigKeys (ConfUtils.java:logGet(43)) - raft.server.watch.timeout = 10s (default)
2019-07-16 14:36:03,350 INFO  server.RaftServerConfigKeys (ConfUtils.java:logGet(43)) - raft.server.watch.timeout.denomination = 1s (default)
2019-07-16 14:36:03,350 INFO  server.RaftServerConfigKeys (ConfUtils.java:logGet(43)) - raft.server.watch.element-limit = 65536 (default)
2019-07-16 14:36:03,350 INFO  impl.RoleInfo (RoleInfo.java:updateAndGet(143)) - e23718f9-2f23-42f9-b2c7-e09aaf1dba64: start LeaderState
2019-07-16 14:36:03,351 INFO  segmented.SegmentedRaftLogWorker (SegmentedRaftLogWorker.java:startLogSegment(380)) - e23718f9-2f23-42f9-b2c7-e09aaf1dba64-SegmentedRaftLogWorker:Storage Directory /workdir/hadoop-ozone/integration-test/target/test-dir/MiniOzoneClusterImpl-cd0beb4e-717b-4910-a035-f99a3849b6d4/datanode-4/data/ratis/4313904f-9fb0-4a93-9903-5234e51fe338: Starting segment from index:0
2019-07-16 14:36:03,351 INFO  impl.RaftServerImpl (ServerState.java:setRaftConf(361)) - e23718f9-2f23-42f9-b2c7-e09aaf1dba64:group-5234E51FE338 set configuration 0: [e23718f9-2f23-42f9-b2c7-e09aaf1dba64:192.168.5.141:33938], old=null at 0
2019-07-16 14:36:03,367 INFO  impl.FollowerState (FollowerState.java:run(106)) - b5d1a781-cdce-4b0c-8da3-26ed70390cd7:group-DF64BDA75995 changes to CANDIDATE, lastRpcTime:5084, electionTimeout:5070ms
2019-07-16 14:36:03,369 INFO  impl.RoleInfo (RoleInfo.java:shutdownFollowerState(121)) - b5d1a781-cdce-4b0c-8da3-26ed70390cd7: shutdown FollowerState
2019-07-16 14:36:03,369 INFO  impl.RaftServerImpl (RaftServerImpl.java:setRole(171)) - b5d1a781-cdce-4b0c-8da3-26ed70390cd7:group-DF64BDA75995 changes role from FOLLOWER to CANDIDATE at term 0 for changeToCandidate
2019-07-16 14:36:03,369 INFO  impl.RoleInfo (RoleInfo.java:updateAndGet(143)) - b5d1a781-cdce-4b0c-8da3-26ed70390cd7: start LeaderElection
2019-07-16 14:36:03,371 INFO  segmented.SegmentedRaftLogWorker (SegmentedRaftLogWorker.java:execute(569)) - e23718f9-2f23-42f9-b2c7-e09aaf1dba64-SegmentedRaftLogWorker:Storage Directory /workdir/hadoop-ozone/integration-test/target/test-dir/MiniOzoneClusterImpl-cd0beb4e-717b-4910-a035-f99a3849b6d4/datanode-4/data/ratis/4313904f-9fb0-4a93-9903-5234e51fe338: created new log segment /workdir/hadoop-ozone/integration-test/target/test-dir/MiniOzoneClusterImpl-cd0beb4e-717b-4910-a035-f99a3849b6d4/datanode-4/data/ratis/4313904f-9fb0-4a93-9903-5234e51fe338/current/log_inprogress_0
2019-07-16 14:36:03,381 INFO  impl.LeaderElection (LeaderElection.java:askForVotes(181)) - b5d1a781-cdce-4b0c-8da3-26ed70390cd7:group-DF64BDA75995:LeaderElection5: begin an election at term 1 for -1: [b5d1a781-cdce-4b0c-8da3-26ed70390cd7:192.168.5.141:44809], old=null
2019-07-16 14:36:03,381 INFO  impl.RoleInfo (RoleInfo.java:shutdownLeaderElection(134)) - b5d1a781-cdce-4b0c-8da3-26ed70390cd7: shutdown LeaderElection
2019-07-16 14:36:03,381 INFO  impl.RaftServerImpl (RaftServerImpl.java:setRole(171)) - b5d1a781-cdce-4b0c-8da3-26ed70390cd7:group-DF64BDA75995 changes role from CANDIDATE to LEADER at term 1 for changeToLeader
2019-07-16 14:36:03,381 INFO  impl.RaftServerImpl (ServerState.java:setLeader(263)) - b5d1a781-cdce-4b0c-8da3-26ed70390cd7:group-DF64BDA75995 change Leader from null to b5d1a781-cdce-4b0c-8da3-26ed70390cd7 at term 1 for becomeLeader, leader elected after 5101ms
2019-07-16 14:36:03,381 INFO  server.RaftServerConfigKeys (ConfUtils.java:logGet(43)) - raft.server.staging.catchup.gap = 1000 (default)
2019-07-16 14:36:03,381 INFO  server.RaftServerConfigKeys (ConfUtils.java:logGet(43)) - raft.server.rpc.sleep.time = 25ms (default)
2019-07-16 14:36:03,381 INFO  server.RaftServerConfigKeys (ConfUtils.java:logGet(43)) - raft.server.write.element-limit = 4096 (default)
2019-07-16 14:36:03,382 INFO  server.RaftServerConfigKeys (ConfUtils.java:logGet(43)) - raft.server.watch.timeout = 10s (default)
2019-07-16 14:36:03,382 INFO  server.RaftServerConfigKeys (ConfUtils.java:logGet(43)) - raft.server.watch.timeout.denomination = 1s (default)
2019-07-16 14:36:03,382 INFO  server.RaftServerConfigKeys (ConfUtils.java:logGet(43)) - raft.server.watch.element-limit = 65536 (default)
2019-07-16 14:36:03,382 INFO  impl.RoleInfo (RoleInfo.java:updateAndGet(143)) - b5d1a781-cdce-4b0c-8da3-26ed70390cd7: start LeaderState
2019-07-16 14:36:03,382 INFO  segmented.SegmentedRaftLogWorker (SegmentedRaftLogWorker.java:startLogSegment(380)) - b5d1a781-cdce-4b0c-8da3-26ed70390cd7-SegmentedRaftLogWorker:Storage Directory /workdir/hadoop-ozone/integration-test/target/test-dir/MiniOzoneClusterImpl-cd0beb4e-717b-4910-a035-f99a3849b6d4/datanode-2/data/ratis/2b3d40c8-fd53-4755-b83d-df64bda75995: Starting segment from index:0
2019-07-16 14:36:03,383 INFO  impl.RaftServerImpl (ServerState.java:setRaftConf(361)) - b5d1a781-cdce-4b0c-8da3-26ed70390cd7:group-DF64BDA75995 set configuration 0: [b5d1a781-cdce-4b0c-8da3-26ed70390cd7:192.168.5.141:44809], old=null at 0
2019-07-16 14:36:03,400 INFO  segmented.SegmentedRaftLogWorker (SegmentedRaftLogWorker.java:execute(569)) - b5d1a781-cdce-4b0c-8da3-26ed70390cd7-SegmentedRaftLogWorker:Storage Directory /workdir/hadoop-ozone/integration-test/target/test-dir/MiniOzoneClusterImpl-cd0beb4e-717b-4910-a035-f99a3849b6d4/datanode-2/data/ratis/2b3d40c8-fd53-4755-b83d-df64bda75995: created new log segment /workdir/hadoop-ozone/integration-test/target/test-dir/MiniOzoneClusterImpl-cd0beb4e-717b-4910-a035-f99a3849b6d4/datanode-2/data/ratis/2b3d40c8-fd53-4755-b83d-df64bda75995/current/log_inprogress_0
2019-07-16 14:36:03,454 INFO  impl.FollowerState (FollowerState.java:run(106)) - 9226dd17-256e-4d27-87e0-1e025cbf773d:group-7EFBF585C060 changes to CANDIDATE, lastRpcTime:5119, electionTimeout:5119ms
2019-07-16 14:36:03,455 INFO  impl.RoleInfo (RoleInfo.java:shutdownFollowerState(121)) - 9226dd17-256e-4d27-87e0-1e025cbf773d: shutdown FollowerState
2019-07-16 14:36:03,455 INFO  impl.RaftServerImpl (RaftServerImpl.java:setRole(171)) - 9226dd17-256e-4d27-87e0-1e025cbf773d:group-7EFBF585C060 changes role from FOLLOWER to CANDIDATE at term 0 for changeToCandidate
2019-07-16 14:36:03,455 INFO  impl.RoleInfo (RoleInfo.java:updateAndGet(143)) - 9226dd17-256e-4d27-87e0-1e025cbf773d: start LeaderElection
2019-07-16 14:36:03,472 INFO  impl.LeaderElection (LeaderElection.java:askForVotes(181)) - 9226dd17-256e-4d27-87e0-1e025cbf773d:group-7EFBF585C060:LeaderElection6: begin an election at term 1 for -1: [9226dd17-256e-4d27-87e0-1e025cbf773d:192.168.5.141:45537], old=null
2019-07-16 14:36:03,475 INFO  impl.RoleInfo (RoleInfo.java:shutdownLeaderElection(134)) - 9226dd17-256e-4d27-87e0-1e025cbf773d: shutdown LeaderElection
2019-07-16 14:36:03,475 INFO  impl.RaftServerImpl (RaftServerImpl.java:setRole(171)) - 9226dd17-256e-4d27-87e0-1e025cbf773d:group-7EFBF585C060 changes role from CANDIDATE to LEADER at term 1 for changeToLeader
2019-07-16 14:36:03,475 INFO  impl.RaftServerImpl (ServerState.java:setLeader(263)) - 9226dd17-256e-4d27-87e0-1e025cbf773d:group-7EFBF585C060 change Leader from null to 9226dd17-256e-4d27-87e0-1e025cbf773d at term 1 for becomeLeader, leader elected after 5145ms
2019-07-16 14:36:03,475 INFO  server.RaftServerConfigKeys (ConfUtils.java:logGet(43)) - raft.server.staging.catchup.gap = 1000 (default)
2019-07-16 14:36:03,476 INFO  server.RaftServerConfigKeys (ConfUtils.java:logGet(43)) - raft.server.rpc.sleep.time = 25ms (default)
2019-07-16 14:36:03,476 INFO  server.RaftServerConfigKeys (ConfUtils.java:logGet(43)) - raft.server.write.element-limit = 4096 (default)
2019-07-16 14:36:03,476 INFO  server.RaftServerConfigKeys (ConfUtils.java:logGet(43)) - raft.server.watch.timeout = 10s (default)
2019-07-16 14:36:03,476 INFO  server.RaftServerConfigKeys (ConfUtils.java:logGet(43)) - raft.server.watch.timeout.denomination = 1s (default)
2019-07-16 14:36:03,476 INFO  server.RaftServerConfigKeys (ConfUtils.java:logGet(43)) - raft.server.watch.element-limit = 65536 (default)
2019-07-16 14:36:03,477 INFO  impl.RoleInfo (RoleInfo.java:updateAndGet(143)) - 9226dd17-256e-4d27-87e0-1e025cbf773d: start LeaderState
2019-07-16 14:36:03,477 INFO  segmented.SegmentedRaftLogWorker (SegmentedRaftLogWorker.java:startLogSegment(380)) - 9226dd17-256e-4d27-87e0-1e025cbf773d-SegmentedRaftLogWorker:Storage Directory /workdir/hadoop-ozone/integration-test/target/test-dir/MiniOzoneClusterImpl-cd0beb4e-717b-4910-a035-f99a3849b6d4/datanode-0/data/ratis/736f7071-f52c-42fb-90f4-7efbf585c060: Starting segment from index:0
2019-07-16 14:36:03,478 INFO  impl.RaftServerImpl (ServerState.java:setRaftConf(361)) - 9226dd17-256e-4d27-87e0-1e025cbf773d:group-7EFBF585C060 set configuration 0: [9226dd17-256e-4d27-87e0-1e025cbf773d:192.168.5.141:45537], old=null at 0
2019-07-16 14:36:03,496 INFO  impl.FollowerState (FollowerState.java:run(106)) - 09bca760-3b13-4120-b2e8-a5f0ffa0775c:group-821B76782DA0 changes to CANDIDATE, lastRpcTime:5074, electionTimeout:5074ms
2019-07-16 14:36:03,496 INFO  impl.RoleInfo (RoleInfo.java:shutdownFollowerState(121)) - 09bca760-3b13-4120-b2e8-a5f0ffa0775c: shutdown FollowerState
2019-07-16 14:36:03,496 INFO  impl.RaftServerImpl (RaftServerImpl.java:setRole(171)) - 09bca760-3b13-4120-b2e8-a5f0ffa0775c:group-821B76782DA0 changes role from FOLLOWER to CANDIDATE at term 0 for changeToCandidate
2019-07-16 14:36:03,497 INFO  impl.RoleInfo (RoleInfo.java:updateAndGet(143)) - 09bca760-3b13-4120-b2e8-a5f0ffa0775c: start LeaderElection
2019-07-16 14:36:03,499 INFO  segmented.SegmentedRaftLogWorker (SegmentedRaftLogWorker.java:execute(569)) - 9226dd17-256e-4d27-87e0-1e025cbf773d-SegmentedRaftLogWorker:Storage Directory /workdir/hadoop-ozone/integration-test/target/test-dir/MiniOzoneClusterImpl-cd0beb4e-717b-4910-a035-f99a3849b6d4/datanode-0/data/ratis/736f7071-f52c-42fb-90f4-7efbf585c060: created new log segment /workdir/hadoop-ozone/integration-test/target/test-dir/MiniOzoneClusterImpl-cd0beb4e-717b-4910-a035-f99a3849b6d4/datanode-0/data/ratis/736f7071-f52c-42fb-90f4-7efbf585c060/current/log_inprogress_0
2019-07-16 14:36:03,507 INFO  impl.LeaderElection (LeaderElection.java:askForVotes(181)) - 09bca760-3b13-4120-b2e8-a5f0ffa0775c:group-821B76782DA0:LeaderElection7: begin an election at term 1 for -1: [09bca760-3b13-4120-b2e8-a5f0ffa0775c:192.168.5.141:33197], old=null
2019-07-16 14:36:03,507 INFO  impl.RoleInfo (RoleInfo.java:shutdownLeaderElection(134)) - 09bca760-3b13-4120-b2e8-a5f0ffa0775c: shutdown LeaderElection
2019-07-16 14:36:03,507 INFO  impl.RaftServerImpl (RaftServerImpl.java:setRole(171)) - 09bca760-3b13-4120-b2e8-a5f0ffa0775c:group-821B76782DA0 changes role from CANDIDATE to LEADER at term 1 for changeToLeader
2019-07-16 14:36:03,507 INFO  impl.RaftServerImpl (ServerState.java:setLeader(263)) - 09bca760-3b13-4120-b2e8-a5f0ffa0775c:group-821B76782DA0 change Leader from null to 09bca760-3b13-4120-b2e8-a5f0ffa0775c at term 1 for becomeLeader, leader elected after 5089ms
2019-07-16 14:36:03,508 INFO  server.RaftServerConfigKeys (ConfUtils.java:logGet(43)) - raft.server.staging.catchup.gap = 1000 (default)
2019-07-16 14:36:03,508 INFO  server.RaftServerConfigKeys (ConfUtils.java:logGet(43)) - raft.server.rpc.sleep.time = 25ms (default)
2019-07-16 14:36:03,508 INFO  server.RaftServerConfigKeys (ConfUtils.java:logGet(43)) - raft.server.write.element-limit = 4096 (default)
2019-07-16 14:36:03,508 INFO  server.RaftServerConfigKeys (ConfUtils.java:logGet(43)) - raft.server.watch.timeout = 10s (default)
2019-07-16 14:36:03,508 INFO  server.RaftServerConfigKeys (ConfUtils.java:logGet(43)) - raft.server.watch.timeout.denomination = 1s (default)
2019-07-16 14:36:03,508 INFO  server.RaftServerConfigKeys (ConfUtils.java:logGet(43)) - raft.server.watch.element-limit = 65536 (default)
2019-07-16 14:36:03,509 INFO  impl.RoleInfo (RoleInfo.java:updateAndGet(143)) - 09bca760-3b13-4120-b2e8-a5f0ffa0775c: start LeaderState
2019-07-16 14:36:03,509 INFO  segmented.SegmentedRaftLogWorker (SegmentedRaftLogWorker.java:startLogSegment(380)) - 09bca760-3b13-4120-b2e8-a5f0ffa0775c-SegmentedRaftLogWorker:Storage Directory /workdir/hadoop-ozone/integration-test/target/test-dir/MiniOzoneClusterImpl-cd0beb4e-717b-4910-a035-f99a3849b6d4/datanode-5/data/ratis/b26eef9d-1830-47f2-aa1d-821b76782da0: Starting segment from index:0
2019-07-16 14:36:03,510 INFO  impl.RaftServerImpl (ServerState.java:setRaftConf(361)) - 09bca760-3b13-4120-b2e8-a5f0ffa0775c:group-821B76782DA0 set configuration 0: [09bca760-3b13-4120-b2e8-a5f0ffa0775c:192.168.5.141:33197], old=null at 0
2019-07-16 14:36:03,531 INFO  segmented.SegmentedRaftLogWorker (SegmentedRaftLogWorker.java:execute(569)) - 09bca760-3b13-4120-b2e8-a5f0ffa0775c-SegmentedRaftLogWorker:Storage Directory /workdir/hadoop-ozone/integration-test/target/test-dir/MiniOzoneClusterImpl-cd0beb4e-717b-4910-a035-f99a3849b6d4/datanode-5/data/ratis/b26eef9d-1830-47f2-aa1d-821b76782da0: created new log segment /workdir/hadoop-ozone/integration-test/target/test-dir/MiniOzoneClusterImpl-cd0beb4e-717b-4910-a035-f99a3849b6d4/datanode-5/data/ratis/b26eef9d-1830-47f2-aa1d-821b76782da0/current/log_inprogress_0
2019-07-16 14:36:03,542 INFO  impl.FollowerState (FollowerState.java:run(106)) - 084d45f6-6684-4236-99c9-de59fbf3dd65:group-1DF5C7875A41 changes to CANDIDATE, lastRpcTime:5002, electionTimeout:5002ms
2019-07-16 14:36:03,542 INFO  impl.RoleInfo (RoleInfo.java:shutdownFollowerState(121)) - 084d45f6-6684-4236-99c9-de59fbf3dd65: shutdown FollowerState
2019-07-16 14:36:03,543 INFO  impl.RaftServerImpl (RaftServerImpl.java:setRole(171)) - 084d45f6-6684-4236-99c9-de59fbf3dd65:group-1DF5C7875A41 changes role from FOLLOWER to CANDIDATE at term 0 for changeToCandidate
2019-07-16 14:36:03,543 INFO  impl.RoleInfo (RoleInfo.java:updateAndGet(143)) - 084d45f6-6684-4236-99c9-de59fbf3dd65: start LeaderElection
2019-07-16 14:36:03,552 INFO  impl.LeaderElection (LeaderElection.java:askForVotes(181)) - 084d45f6-6684-4236-99c9-de59fbf3dd65:group-1DF5C7875A41:LeaderElection8: begin an election at term 1 for -1: [084d45f6-6684-4236-99c9-de59fbf3dd65:192.168.5.141:33065], old=null
2019-07-16 14:36:03,554 INFO  impl.RoleInfo (RoleInfo.java:shutdownLeaderElection(134)) - 084d45f6-6684-4236-99c9-de59fbf3dd65: shutdown LeaderElection
2019-07-16 14:36:03,554 INFO  impl.RaftServerImpl (RaftServerImpl.java:setRole(171)) - 084d45f6-6684-4236-99c9-de59fbf3dd65:group-1DF5C7875A41 changes role from CANDIDATE to LEADER at term 1 for changeToLeader
2019-07-16 14:36:03,554 INFO  impl.RaftServerImpl (ServerState.java:setLeader(263)) - 084d45f6-6684-4236-99c9-de59fbf3dd65:group-1DF5C7875A41 change Leader from null to 084d45f6-6684-4236-99c9-de59fbf3dd65 at term 1 for becomeLeader, leader elected after 5023ms
2019-07-16 14:36:03,554 INFO  server.RaftServerConfigKeys (ConfUtils.java:logGet(43)) - raft.server.staging.catchup.gap = 1000 (default)
2019-07-16 14:36:03,554 INFO  impl.FollowerState (FollowerState.java:run(106)) - 40172ca2-e6ac-42a3-9aae-5947fa7d9dc4:group-8004E46B5C5E changes to CANDIDATE, lastRpcTime:5173, electionTimeout:5173ms
2019-07-16 14:36:03,554 INFO  server.RaftServerConfigKeys (ConfUtils.java:logGet(43)) - raft.server.rpc.sleep.time = 25ms (default)
2019-07-16 14:36:03,555 INFO  impl.RoleInfo (RoleInfo.java:shutdownFollowerState(121)) - 40172ca2-e6ac-42a3-9aae-5947fa7d9dc4: shutdown FollowerState
2019-07-16 14:36:03,555 INFO  server.RaftServerConfigKeys (ConfUtils.java:logGet(43)) - raft.server.write.element-limit = 4096 (default)
2019-07-16 14:36:03,555 INFO  impl.RaftServerImpl (RaftServerImpl.java:setRole(171)) - 40172ca2-e6ac-42a3-9aae-5947fa7d9dc4:group-8004E46B5C5E changes role from FOLLOWER to CANDIDATE at term 0 for changeToCandidate
2019-07-16 14:36:03,555 INFO  server.RaftServerConfigKeys (ConfUtils.java:logGet(43)) - raft.server.watch.timeout = 10s (default)
2019-07-16 14:36:03,555 INFO  impl.RoleInfo (RoleInfo.java:updateAndGet(143)) - 40172ca2-e6ac-42a3-9aae-5947fa7d9dc4: start LeaderElection
2019-07-16 14:36:03,555 INFO  server.RaftServerConfigKeys (ConfUtils.java:logGet(43)) - raft.server.watch.timeout.denomination = 1s (default)
2019-07-16 14:36:03,555 INFO  server.RaftServerConfigKeys (ConfUtils.java:logGet(43)) - raft.server.watch.element-limit = 65536 (default)
2019-07-16 14:36:03,560 INFO  impl.RoleInfo (RoleInfo.java:updateAndGet(143)) - 084d45f6-6684-4236-99c9-de59fbf3dd65: start LeaderState
2019-07-16 14:36:03,560 INFO  segmented.SegmentedRaftLogWorker (SegmentedRaftLogWorker.java:startLogSegment(380)) - 084d45f6-6684-4236-99c9-de59fbf3dd65-SegmentedRaftLogWorker:Storage Directory /workdir/hadoop-ozone/integration-test/target/test-dir/MiniOzoneClusterImpl-cd0beb4e-717b-4910-a035-f99a3849b6d4/datanode-6/data/ratis/70b4577b-3ea9-46db-bc81-1df5c7875a41: Starting segment from index:0
2019-07-16 14:36:03,561 INFO  impl.RaftServerImpl (ServerState.java:setRaftConf(361)) - 084d45f6-6684-4236-99c9-de59fbf3dd65:group-1DF5C7875A41 set configuration 0: [084d45f6-6684-4236-99c9-de59fbf3dd65:192.168.5.141:33065], old=null at 0
2019-07-16 14:36:03,578 INFO  impl.LeaderElection (LeaderElection.java:askForVotes(181)) - 40172ca2-e6ac-42a3-9aae-5947fa7d9dc4:group-8004E46B5C5E:LeaderElection9: begin an election at term 1 for -1: [40172ca2-e6ac-42a3-9aae-5947fa7d9dc4:192.168.5.141:41846], old=null
2019-07-16 14:36:03,578 INFO  impl.RoleInfo (RoleInfo.java:shutdownLeaderElection(134)) - 40172ca2-e6ac-42a3-9aae-5947fa7d9dc4: shutdown LeaderElection
2019-07-16 14:36:03,579 INFO  impl.RaftServerImpl (RaftServerImpl.java:setRole(171)) - 40172ca2-e6ac-42a3-9aae-5947fa7d9dc4:group-8004E46B5C5E changes role from CANDIDATE to LEADER at term 1 for changeToLeader
2019-07-16 14:36:03,579 INFO  impl.RaftServerImpl (ServerState.java:setLeader(263)) - 40172ca2-e6ac-42a3-9aae-5947fa7d9dc4:group-8004E46B5C5E change Leader from null to 40172ca2-e6ac-42a3-9aae-5947fa7d9dc4 at term 1 for becomeLeader, leader elected after 5201ms
2019-07-16 14:36:03,579 INFO  server.RaftServerConfigKeys (ConfUtils.java:logGet(43)) - raft.server.staging.catchup.gap = 1000 (default)
2019-07-16 14:36:03,579 INFO  server.RaftServerConfigKeys (ConfUtils.java:logGet(43)) - raft.server.rpc.sleep.time = 25ms (default)
2019-07-16 14:36:03,579 INFO  server.RaftServerConfigKeys (ConfUtils.java:logGet(43)) - raft.server.write.element-limit = 4096 (default)
2019-07-16 14:36:03,579 INFO  server.RaftServerConfigKeys (ConfUtils.java:logGet(43)) - raft.server.watch.timeout = 10s (default)
2019-07-16 14:36:03,580 INFO  server.RaftServerConfigKeys (ConfUtils.java:logGet(43)) - raft.server.watch.timeout.denomination = 1s (default)
2019-07-16 14:36:03,580 INFO  server.RaftServerConfigKeys (ConfUtils.java:logGet(43)) - raft.server.watch.element-limit = 65536 (default)
2019-07-16 14:36:03,580 INFO  impl.RoleInfo (RoleInfo.java:updateAndGet(143)) - 40172ca2-e6ac-42a3-9aae-5947fa7d9dc4: start LeaderState
2019-07-16 14:36:03,580 INFO  segmented.SegmentedRaftLogWorker (SegmentedRaftLogWorker.java:startLogSegment(380)) - 40172ca2-e6ac-42a3-9aae-5947fa7d9dc4-SegmentedRaftLogWorker:Storage Directory /workdir/hadoop-ozone/integration-test/target/test-dir/MiniOzoneClusterImpl-cd0beb4e-717b-4910-a035-f99a3849b6d4/datanode-1/data/ratis/f4e3797d-534c-4162-a07c-8004e46b5c5e: Starting segment from index:0
2019-07-16 14:36:03,581 INFO  impl.RaftServerImpl (ServerState.java:setRaftConf(361)) - 40172ca2-e6ac-42a3-9aae-5947fa7d9dc4:group-8004E46B5C5E set configuration 0: [40172ca2-e6ac-42a3-9aae-5947fa7d9dc4:192.168.5.141:41846], old=null at 0
2019-07-16 14:36:03,597 INFO  segmented.SegmentedRaftLogWorker (SegmentedRaftLogWorker.java:execute(569)) - 084d45f6-6684-4236-99c9-de59fbf3dd65-SegmentedRaftLogWorker:Storage Directory /workdir/hadoop-ozone/integration-test/target/test-dir/MiniOzoneClusterImpl-cd0beb4e-717b-4910-a035-f99a3849b6d4/datanode-6/data/ratis/70b4577b-3ea9-46db-bc81-1df5c7875a41: created new log segment /workdir/hadoop-ozone/integration-test/target/test-dir/MiniOzoneClusterImpl-cd0beb4e-717b-4910-a035-f99a3849b6d4/datanode-6/data/ratis/70b4577b-3ea9-46db-bc81-1df5c7875a41/current/log_inprogress_0
2019-07-16 14:36:03,600 INFO  segmented.SegmentedRaftLogWorker (SegmentedRaftLogWorker.java:execute(569)) - 40172ca2-e6ac-42a3-9aae-5947fa7d9dc4-SegmentedRaftLogWorker:Storage Directory /workdir/hadoop-ozone/integration-test/target/test-dir/MiniOzoneClusterImpl-cd0beb4e-717b-4910-a035-f99a3849b6d4/datanode-1/data/ratis/f4e3797d-534c-4162-a07c-8004e46b5c5e: created new log segment /workdir/hadoop-ozone/integration-test/target/test-dir/MiniOzoneClusterImpl-cd0beb4e-717b-4910-a035-f99a3849b6d4/datanode-1/data/ratis/f4e3797d-534c-4162-a07c-8004e46b5c5e/current/log_inprogress_0
2019-07-16 14:36:03,630 INFO  impl.FollowerState (FollowerState.java:run(106)) - 7e7798a3-6138-4857-8cc4-9add5e10292f:group-AFC67D929EF5 changes to CANDIDATE, lastRpcTime:5158, electionTimeout:5158ms
2019-07-16 14:36:03,632 INFO  impl.RoleInfo (RoleInfo.java:shutdownFollowerState(121)) - 7e7798a3-6138-4857-8cc4-9add5e10292f: shutdown FollowerState
2019-07-16 14:36:03,632 INFO  impl.RaftServerImpl (RaftServerImpl.java:setRole(171)) - 7e7798a3-6138-4857-8cc4-9add5e10292f:group-AFC67D929EF5 changes role from FOLLOWER to CANDIDATE at term 0 for changeToCandidate
2019-07-16 14:36:03,632 INFO  impl.RoleInfo (RoleInfo.java:updateAndGet(143)) - 7e7798a3-6138-4857-8cc4-9add5e10292f: start LeaderElection
2019-07-16 14:36:03,642 INFO  impl.LeaderElection (LeaderElection.java:askForVotes(181)) - 7e7798a3-6138-4857-8cc4-9add5e10292f:group-AFC67D929EF5:LeaderElection10: begin an election at term 1 for -1: [7e7798a3-6138-4857-8cc4-9add5e10292f:192.168.5.141:33797], old=null
2019-07-16 14:36:03,643 INFO  impl.RoleInfo (RoleInfo.java:shutdownLeaderElection(134)) - 7e7798a3-6138-4857-8cc4-9add5e10292f: shutdown LeaderElection
2019-07-16 14:36:03,643 INFO  impl.RaftServerImpl (RaftServerImpl.java:setRole(171)) - 7e7798a3-6138-4857-8cc4-9add5e10292f:group-AFC67D929EF5 changes role from CANDIDATE to LEADER at term 1 for changeToLeader
2019-07-16 14:36:03,643 INFO  impl.RaftServerImpl (ServerState.java:setLeader(263)) - 7e7798a3-6138-4857-8cc4-9add5e10292f:group-AFC67D929EF5 change Leader from null to 7e7798a3-6138-4857-8cc4-9add5e10292f at term 1 for becomeLeader, leader elected after 5175ms
2019-07-16 14:36:03,644 INFO  server.RaftServerConfigKeys (ConfUtils.java:logGet(43)) - raft.server.staging.catchup.gap = 1000 (default)
2019-07-16 14:36:03,644 INFO  server.RaftServerConfigKeys (ConfUtils.java:logGet(43)) - raft.server.rpc.sleep.time = 25ms (default)
2019-07-16 14:36:03,644 INFO  server.RaftServerConfigKeys (ConfUtils.java:logGet(43)) - raft.server.write.element-limit = 4096 (default)
2019-07-16 14:36:03,644 INFO  server.RaftServerConfigKeys (ConfUtils.java:logGet(43)) - raft.server.watch.timeout = 10s (default)
2019-07-16 14:36:03,644 INFO  server.RaftServerConfigKeys (ConfUtils.java:logGet(43)) - raft.server.watch.timeout.denomination = 1s (default)
2019-07-16 14:36:03,644 INFO  server.RaftServerConfigKeys (ConfUtils.java:logGet(43)) - raft.server.watch.element-limit = 65536 (default)
2019-07-16 14:36:03,645 INFO  impl.RoleInfo (RoleInfo.java:updateAndGet(143)) - 7e7798a3-6138-4857-8cc4-9add5e10292f: start LeaderState
2019-07-16 14:36:03,645 INFO  segmented.SegmentedRaftLogWorker (SegmentedRaftLogWorker.java:startLogSegment(380)) - 7e7798a3-6138-4857-8cc4-9add5e10292f-SegmentedRaftLogWorker:Storage Directory /workdir/hadoop-ozone/integration-test/target/test-dir/MiniOzoneClusterImpl-cd0beb4e-717b-4910-a035-f99a3849b6d4/datanode-3/data/ratis/864a86fb-7d34-4dfa-bd5d-afc67d929ef5: Starting segment from index:0
2019-07-16 14:36:03,646 INFO  impl.RaftServerImpl (ServerState.java:setRaftConf(361)) - 7e7798a3-6138-4857-8cc4-9add5e10292f:group-AFC67D929EF5 set configuration 0: [7e7798a3-6138-4857-8cc4-9add5e10292f:192.168.5.141:33797], old=null at 0
2019-07-16 14:36:03,668 INFO  segmented.SegmentedRaftLogWorker (SegmentedRaftLogWorker.java:execute(569)) - 7e7798a3-6138-4857-8cc4-9add5e10292f-SegmentedRaftLogWorker:Storage Directory /workdir/hadoop-ozone/integration-test/target/test-dir/MiniOzoneClusterImpl-cd0beb4e-717b-4910-a035-f99a3849b6d4/datanode-3/data/ratis/864a86fb-7d34-4dfa-bd5d-afc67d929ef5: created new log segment /workdir/hadoop-ozone/integration-test/target/test-dir/MiniOzoneClusterImpl-cd0beb4e-717b-4910-a035-f99a3849b6d4/datanode-3/data/ratis/864a86fb-7d34-4dfa-bd5d-afc67d929ef5/current/log_inprogress_0
2019-07-16 14:36:03,944 INFO  client.GrpcClientProtocolClient (GrpcClientProtocolClient.java:onNext(255)) - client-89347F43EDCE->9226dd17-256e-4d27-87e0-1e025cbf773d: receive RaftClientReply:client-89347F43EDCE->9226dd17-256e-4d27-87e0-1e025cbf773d@group-09D2F971C3FC, cid=20, FAILED org.apache.ratis.protocol.NotLeaderException: Server 9226dd17-256e-4d27-87e0-1e025cbf773d is not the leader (b5d1a781-cdce-4b0c-8da3-26ed70390cd7:192.168.5.141:44809). Request must be sent to leader., logIndex=0, commits[9226dd17-256e-4d27-87e0-1e025cbf773d:c-1, b5d1a781-cdce-4b0c-8da3-26ed70390cd7:c-1, e23718f9-2f23-42f9-b2c7-e09aaf1dba64:c-1]
2019-07-16 14:36:04,154 INFO  client.GrpcClientProtocolClient (GrpcClientProtocolClient.java:onNext(255)) - client-89347F43EDCE->b5d1a781-cdce-4b0c-8da3-26ed70390cd7: receive RaftClientReply:client-89347F43EDCE->b5d1a781-cdce-4b0c-8da3-26ed70390cd7@group-09D2F971C3FC, cid=20, SUCCESS, logIndex=1, commits[b5d1a781-cdce-4b0c-8da3-26ed70390cd7:c2, 9226dd17-256e-4d27-87e0-1e025cbf773d:c0, e23718f9-2f23-42f9-b2c7-e09aaf1dba64:c1]
2019-07-16 14:36:04,176 INFO  client.GrpcClientProtocolClient (GrpcClientProtocolClient.java:onNext(255)) - client-89347F43EDCE->b5d1a781-cdce-4b0c-8da3-26ed70390cd7: receive RaftClientReply:client-89347F43EDCE->b5d1a781-cdce-4b0c-8da3-26ed70390cd7@group-09D2F971C3FC, cid=21, SUCCESS, logIndex=3, commits[b5d1a781-cdce-4b0c-8da3-26ed70390cd7:c3, 9226dd17-256e-4d27-87e0-1e025cbf773d:c1, e23718f9-2f23-42f9-b2c7-e09aaf1dba64:c2]
2019-07-16 14:36:04,229 INFO  client.GrpcClientProtocolClient (GrpcClientProtocolClient.java:onNext(255)) - client-89347F43EDCE->b5d1a781-cdce-4b0c-8da3-26ed70390cd7: receive RaftClientReply:client-89347F43EDCE->b5d1a781-cdce-4b0c-8da3-26ed70390cd7@group-09D2F971C3FC, cid=22, SUCCESS, logIndex=4, commits[b5d1a781-cdce-4b0c-8da3-26ed70390cd7:c12, 9226dd17-256e-4d27-87e0-1e025cbf773d:c9, e23718f9-2f23-42f9-b2c7-e09aaf1dba64:c9]
2019-07-16 14:36:04,230 INFO  client.GrpcClientProtocolClient (GrpcClientProtocolClient.java:onNext(255)) - client-89347F43EDCE->b5d1a781-cdce-4b0c-8da3-26ed70390cd7: receive RaftClientReply:client-89347F43EDCE->b5d1a781-cdce-4b0c-8da3-26ed70390cd7@group-09D2F971C3FC, cid=23, SUCCESS, logIndex=5, commits[b5d1a781-cdce-4b0c-8da3-26ed70390cd7:c12, 9226dd17-256e-4d27-87e0-1e025cbf773d:c9, e23718f9-2f23-42f9-b2c7-e09aaf1dba64:c9]
2019-07-16 14:36:04,230 INFO  client.GrpcClientProtocolClient (GrpcClientProtocolClient.java:onNext(255)) - client-89347F43EDCE->b5d1a781-cdce-4b0c-8da3-26ed70390cd7: receive RaftClientReply:client-89347F43EDCE->b5d1a781-cdce-4b0c-8da3-26ed70390cd7@group-09D2F971C3FC, cid=24, SUCCESS, logIndex=6, commits[b5d1a781-cdce-4b0c-8da3-26ed70390cd7:c12, 9226dd17-256e-4d27-87e0-1e025cbf773d:c9, e23718f9-2f23-42f9-b2c7-e09aaf1dba64:c9]
2019-07-16 14:36:04,262 INFO  client.GrpcClientProtocolClient (GrpcClientProtocolClient.java:onNext(255)) - client-89347F43EDCE->b5d1a781-cdce-4b0c-8da3-26ed70390cd7: receive RaftClientReply:client-89347F43EDCE->b5d1a781-cdce-4b0c-8da3-26ed70390cd7@group-09D2F971C3FC, cid=25, SUCCESS, logIndex=8, commits[b5d1a781-cdce-4b0c-8da3-26ed70390cd7:c12, 9226dd17-256e-4d27-87e0-1e025cbf773d:c9, e23718f9-2f23-42f9-b2c7-e09aaf1dba64:c9]
]]></system-out>
    <system-err><![CDATA[ERROR StatusLogger No Log4j 2 configuration file found. Using default configuration (logging only errors to the console), or user programmatically provided configurations. Set system property 'log4j2.debug' to show Log4j 2 internal initialization logging. See https://logging.apache.org/log4j/2.x/manual/configuration.html for instructions on how to configure Log4j 2
Jul 16, 2019 2:35:48 PM com.sun.jersey.server.impl.application.WebApplicationImpl _initiate
INFO: Initiating Jersey application, version 'Jersey: 1.19 02/11/2015 03:25 AM'
Jul 16, 2019 2:35:49 PM com.sun.jersey.server.impl.application.WebApplicationImpl _initiate
INFO: Initiating Jersey application, version 'Jersey: 1.19 02/11/2015 03:25 AM'
Jul 16, 2019 2:35:49 PM com.sun.jersey.server.impl.application.WebApplicationImpl _initiate
INFO: Initiating Jersey application, version 'Jersey: 1.19 02/11/2015 03:25 AM'
Jul 16, 2019 2:35:49 PM com.sun.jersey.server.impl.application.WebApplicationImpl _initiate
INFO: Initiating Jersey application, version 'Jersey: 1.19 02/11/2015 03:25 AM'
Jul 16, 2019 2:35:49 PM com.sun.jersey.server.impl.application.WebApplicationImpl _initiate
INFO: Initiating Jersey application, version 'Jersey: 1.19 02/11/2015 03:25 AM'
Jul 16, 2019 2:35:50 PM com.sun.jersey.server.impl.application.WebApplicationImpl _initiate
INFO: Initiating Jersey application, version 'Jersey: 1.19 02/11/2015 03:25 AM'
Jul 16, 2019 2:35:50 PM com.sun.jersey.server.impl.application.WebApplicationImpl _initiate
INFO: Initiating Jersey application, version 'Jersey: 1.19 02/11/2015 03:25 AM'
]]></system-err>
  </testcase>
  <testcase name="testWatchForCommitWithSmallerTimeoutValue" classname="org.apache.hadoop.ozone.client.rpc.TestWatchForCommit" time="23.11"/>
  <testcase name="testWatchForCommitForRetryfailure" classname="org.apache.hadoop.ozone.client.rpc.TestWatchForCommit" time="34.484">
    <failure type="java.lang.AssertionError">java.lang.AssertionError
	at org.junit.Assert.fail(Assert.java:86)
	at org.junit.Assert.assertTrue(Assert.java:41)
	at org.junit.Assert.assertTrue(Assert.java:52)
	at org.apache.hadoop.ozone.client.rpc.TestWatchForCommit.testWatchForCommitForRetryfailure(TestWatchForCommit.java:350)
	at sun.reflect.NativeMethodAccessorImpl.invoke0(Native Method)
	at sun.reflect.NativeMethodAccessorImpl.invoke(NativeMethodAccessorImpl.java:62)
	at sun.reflect.DelegatingMethodAccessorImpl.invoke(DelegatingMethodAccessorImpl.java:43)
	at java.lang.reflect.Method.invoke(Method.java:498)
	at org.junit.runners.model.FrameworkMethod$1.runReflectiveCall(FrameworkMethod.java:47)
	at org.junit.internal.runners.model.ReflectiveCallable.run(ReflectiveCallable.java:12)
	at org.junit.runners.model.FrameworkMethod.invokeExplosively(FrameworkMethod.java:44)
	at org.junit.internal.runners.statements.InvokeMethod.evaluate(InvokeMethod.java:17)
	at org.junit.runners.ParentRunner.runLeaf(ParentRunner.java:271)
	at org.junit.runners.BlockJUnit4ClassRunner.runChild(BlockJUnit4ClassRunner.java:70)
	at org.junit.runners.BlockJUnit4ClassRunner.runChild(BlockJUnit4ClassRunner.java:50)
	at org.junit.runners.ParentRunner$3.run(ParentRunner.java:238)
	at org.junit.runners.ParentRunner$1.schedule(ParentRunner.java:63)
	at org.junit.runners.ParentRunner.runChildren(ParentRunner.java:236)
	at org.junit.runners.ParentRunner.access$000(ParentRunner.java:53)
	at org.junit.runners.ParentRunner$2.evaluate(ParentRunner.java:229)
	at org.junit.runners.ParentRunner.run(ParentRunner.java:309)
	at org.apache.maven.surefire.junit4.JUnit4Provider.execute(JUnit4Provider.java:365)
	at org.apache.maven.surefire.junit4.JUnit4Provider.executeWithRerun(JUnit4Provider.java:273)
	at org.apache.maven.surefire.junit4.JUnit4Provider.executeTestSet(JUnit4Provider.java:238)
	at org.apache.maven.surefire.junit4.JUnit4Provider.invoke(JUnit4Provider.java:159)
	at org.apache.maven.surefire.booter.ForkedBooter.invokeProviderInSameClassLoader(ForkedBooter.java:384)
	at org.apache.maven.surefire.booter.ForkedBooter.runSuitesInProcess(ForkedBooter.java:345)
	at org.apache.maven.surefire.booter.ForkedBooter.execute(ForkedBooter.java:126)
	at org.apache.maven.surefire.booter.ForkedBooter.main(ForkedBooter.java:418)
</failure>
    <system-out><![CDATA[2019-07-16 14:36:27,393 WARN  server.ServerUtils (ServerUtils.java:getScmDbDir(145)) - ozone.scm.db.dirs is not configured. We recommend adding this setting. Falling back to ozone.metadata.dirs instead.
2019-07-16 14:36:27,409 WARN  server.ServerUtils (ServerUtils.java:getScmDbDir(145)) - ozone.scm.db.dirs is not configured. We recommend adding this setting. Falling back to ozone.metadata.dirs instead.
2019-07-16 14:36:27,409 WARN  server.ServerUtils (ServerUtils.java:getScmDbDir(145)) - ozone.scm.db.dirs is not configured. We recommend adding this setting. Falling back to ozone.metadata.dirs instead.
2019-07-16 14:36:27,409 INFO  db.DBStoreBuilder (DBStoreBuilder.java:addTable(110)) - using custom profile for table: deletedBlocks
2019-07-16 14:36:27,409 INFO  db.DBStoreBuilder (DBStoreBuilder.java:processTables(161)) - Using default column profile:DBProfile.DISK for Table:deletedBlocks
2019-07-16 14:36:27,410 INFO  db.DBStoreBuilder (DBStoreBuilder.java:addTable(110)) - using custom profile for table: validCerts
2019-07-16 14:36:27,410 INFO  db.DBStoreBuilder (DBStoreBuilder.java:processTables(161)) - Using default column profile:DBProfile.DISK for Table:validCerts
2019-07-16 14:36:27,410 INFO  db.DBStoreBuilder (DBStoreBuilder.java:addTable(110)) - using custom profile for table: revokedCerts
2019-07-16 14:36:27,410 INFO  db.DBStoreBuilder (DBStoreBuilder.java:processTables(161)) - Using default column profile:DBProfile.DISK for Table:revokedCerts
2019-07-16 14:36:27,410 INFO  db.DBStoreBuilder (DBStoreBuilder.java:addTable(110)) - using custom profile for table: default
2019-07-16 14:36:27,410 INFO  db.DBStoreBuilder (DBStoreBuilder.java:processTables(167)) - Using default column profile:DBProfile.DISK for Table:default
2019-07-16 14:36:27,410 INFO  db.DBStoreBuilder (DBStoreBuilder.java:getDbProfile(198)) - Using default options. DBProfile.DISK
2019-07-16 14:36:27,477 INFO  net.NodeSchemaLoader (NodeSchemaLoader.java:loadSchemaFromFile(125)) - Loading file from sun.misc.CompoundEnumeration@9f2fe2e
2019-07-16 14:36:27,477 INFO  net.NodeSchemaLoader (NodeSchemaLoader.java:loadSchema(171)) - Loading network topology layer schema file
2019-07-16 14:36:27,481 WARN  server.ServerUtils (ServerUtils.java:sanitizeUserArgs(70)) - ozone.scm.stale.node.interval value = 300000 is larger than max = 100000 based on the key value of ozone.scm.heartbeat.thread.interval, reset to the max value 100000.
2019-07-16 14:36:27,481 WARN  server.ServerUtils (ServerUtils.java:sanitizeUserArgs(70)) - ozone.scm.stale.node.interval value = 300000 is larger than max = 100000 based on the key value of ozone.scm.heartbeat.thread.interval, reset to the max value 100000.
2019-07-16 14:36:27,481 INFO  node.SCMNodeManager (SCMNodeManager.java:<init>(119)) - Entering startup safe mode.
2019-07-16 14:36:27,482 WARN  server.ServerUtils (ServerUtils.java:getScmDbDir(145)) - ozone.scm.db.dirs is not configured. We recommend adding this setting. Falling back to ozone.metadata.dirs instead.
2019-07-16 14:36:27,514 INFO  pipeline.SCMPipelineManager (SCMPipelineManager.java:initializePipelineState(126)) - No pipeline exists in current db
2019-07-16 14:36:27,514 WARN  server.ServerUtils (ServerUtils.java:getScmDbDir(145)) - ozone.scm.db.dirs is not configured. We recommend adding this setting. Falling back to ozone.metadata.dirs instead.
2019-07-16 14:36:27,540 WARN  events.EventQueue (EventQueue.java:fireEvent(175)) - No event handler registered for event TypedEvent{payloadType=SafeModeStatus, name='SafeModeStatus'}
2019-07-16 14:36:27,541 INFO  ipc.CallQueueManager (CallQueueManager.java:<init>(84)) - Using callQueue: class java.util.concurrent.LinkedBlockingQueue, queueCapacity: 2000, scheduler: class org.apache.hadoop.ipc.DefaultRpcScheduler, ipcBackoff: false.
2019-07-16 14:36:27,542 INFO  ipc.Server (Server.java:run(1074)) - Starting Socket Reader #1 for port 44007
2019-07-16 14:36:27,547 INFO  ipc.CallQueueManager (CallQueueManager.java:<init>(84)) - Using callQueue: class java.util.concurrent.LinkedBlockingQueue, queueCapacity: 2000, scheduler: class org.apache.hadoop.ipc.DefaultRpcScheduler, ipcBackoff: false.
2019-07-16 14:36:27,548 INFO  ipc.Server (Server.java:run(1074)) - Starting Socket Reader #1 for port 34141
2019-07-16 14:36:27,552 INFO  ipc.CallQueueManager (CallQueueManager.java:<init>(84)) - Using callQueue: class java.util.concurrent.LinkedBlockingQueue, queueCapacity: 2000, scheduler: class org.apache.hadoop.ipc.DefaultRpcScheduler, ipcBackoff: false.
2019-07-16 14:36:27,552 INFO  ipc.Server (Server.java:run(1074)) - Starting Socket Reader #1 for port 42633
2019-07-16 14:36:27,559 INFO  hdfs.DFSUtil (DFSUtil.java:httpServerTemplateForNNAndJN(1641)) - Starting Web-server for scm at: http://0.0.0.0:0
2019-07-16 14:36:27,561 INFO  server.AuthenticationFilter (AuthenticationFilter.java:constructSecretProvider(240)) - Unable to initialize FileSignerSecretProvider, falling back to use random secrets.
2019-07-16 14:36:27,561 WARN  http.HttpRequestLog (HttpRequestLog.java:getRequestLog(97)) - Jetty request log can only be enabled using Log4j
2019-07-16 14:36:27,563 INFO  http.HttpServer2 (HttpServer2.java:addGlobalFilter(975)) - Added global filter 'safety' (class=org.apache.hadoop.http.HttpServer2$QuotingInputFilter)
2019-07-16 14:36:27,564 INFO  http.HttpServer2 (HttpServer2.java:addFilter(948)) - Added filter static_user_filter (class=org.apache.hadoop.http.lib.StaticUserWebFilter$StaticUserFilter) to context scm
2019-07-16 14:36:27,564 INFO  http.HttpServer2 (HttpServer2.java:addFilter(958)) - Added filter static_user_filter (class=org.apache.hadoop.http.lib.StaticUserWebFilter$StaticUserFilter) to context static
2019-07-16 14:36:27,565 INFO  http.HttpServer2 (HttpServer2.java:addFilter(958)) - Added filter static_user_filter (class=org.apache.hadoop.http.lib.StaticUserWebFilter$StaticUserFilter) to context logs
2019-07-16 14:36:27,572 INFO  server.StorageContainerManager (StorageContainerManager.java:start(753)) - StorageContainerLocationProtocol RPC server is listening at /0.0.0.0:42633
2019-07-16 14:36:27,572 INFO  impl.MetricsSystemImpl (MetricsSystemImpl.java:init(158)) - StorageContainerManager metrics system started (again)
2019-07-16 14:36:27,573 INFO  server.SCMClientProtocolServer (SCMClientProtocolServer.java:start(149)) - RPC server for Client  is listening at /0.0.0.0:42633
2019-07-16 14:36:27,573 INFO  ipc.Server (Server.java:run(1314)) - IPC Server Responder: starting
2019-07-16 14:36:27,573 INFO  ipc.Server (Server.java:run(1153)) - IPC Server listener on 42633: starting
2019-07-16 14:36:27,581 INFO  server.StorageContainerManager (StorageContainerManager.java:start(762)) - ScmBlockLocationProtocol RPC server is listening at /0.0.0.0:34141
2019-07-16 14:36:27,582 INFO  server.SCMBlockProtocolServer (SCMBlockProtocolServer.java:start(137)) - RPC server for Block Protocol is listening at /0.0.0.0:34141
2019-07-16 14:36:27,582 INFO  ipc.Server (Server.java:run(1314)) - IPC Server Responder: starting
2019-07-16 14:36:27,582 INFO  ipc.Server (Server.java:run(1153)) - IPC Server listener on 34141: starting
2019-07-16 14:36:27,590 INFO  server.StorageContainerManager (StorageContainerManager.java:start(766)) - ScmDatanodeProtocl RPC server is listening at /0.0.0.0:44007
2019-07-16 14:36:27,591 INFO  server.SCMDatanodeProtocolServer (SCMDatanodeProtocolServer.java:start(191)) - RPC server for DataNodes is listening at /0.0.0.0:44007
2019-07-16 14:36:27,591 INFO  ipc.Server (Server.java:run(1314)) - IPC Server Responder: starting
2019-07-16 14:36:27,591 INFO  ipc.Server (Server.java:run(1153)) - IPC Server listener on 44007: starting
2019-07-16 14:36:27,599 INFO  http.HttpServer2 (HttpServer2.java:bindListener(1191)) - Jetty bound to port 46688
2019-07-16 14:36:27,599 INFO  server.Server (Server.java:doStart(351)) - jetty-9.3.24.v20180605, build timestamp: 2018-06-05T17:11:56Z, git hash: 84205aa28f11a4f31f2a3b86d1bba2cc8ab69827
2019-07-16 14:36:27,601 INFO  handler.ContextHandler (ContextHandler.java:doStart(781)) - Started o.e.j.s.ServletContextHandler@508f4bb5{/logs,file:///workdir/hadoop-ozone/integration-test/target/log,AVAILABLE}
2019-07-16 14:36:27,602 INFO  handler.ContextHandler (ContextHandler.java:doStart(781)) - Started o.e.j.s.ServletContextHandler@11f9b95a{/static,file:///workdir/hadoop-ozone/integration-test/target/test-classes/webapps/static,AVAILABLE}
2019-07-16 14:36:27,607 INFO  handler.ContextHandler (ContextHandler.java:doStart(781)) - Started o.e.j.w.WebAppContext@5e7e7a7e{/,file:///workdir/hadoop-ozone/integration-test/target/test-classes/webapps/scm/,AVAILABLE}{/scm}
2019-07-16 14:36:27,607 INFO  server.AbstractConnector (AbstractConnector.java:doStart(278)) - Started ServerConnector@1ff81b0d{HTTP/1.1,[http/1.1]}{0.0.0.0:46688}
2019-07-16 14:36:27,610 INFO  server.Server (Server.java:doStart(419)) - Started @43572ms
2019-07-16 14:36:27,611 INFO  server.BaseHttpServer (BaseHttpServer.java:updateConnectorAddress(207)) - HTTP server of SCM is listening at http://0.0.0.0:46688
2019-07-16 14:36:27,611 WARN  server.ServerUtils (ServerUtils.java:getDBPath(222)) - ozone.om.db.dirs is not configured. We recommend adding this setting. Falling back to ozone.metadata.dirs instead.
2019-07-16 14:36:27,611 INFO  util.JvmPauseMonitor (JvmPauseMonitor.java:run(188)) - Starting JVM pause monitor
2019-07-16 14:36:27,626 WARN  server.ServerUtils (ServerUtils.java:getDBPath(222)) - ozone.om.db.dirs is not configured. We recommend adding this setting. Falling back to ozone.metadata.dirs instead.
2019-07-16 14:36:27,626 INFO  om.OzoneManager (OzoneManager.java:setOMNodeDetails(630)) - OM Service ID is not set. Setting it to the default ID: omServiceIdDefault
2019-07-16 14:36:27,626 INFO  om.OzoneManager (OzoneManager.java:setOMNodeDetails(636)) - OM Node ID is not set. Setting it to the OmStorage's OmID: 3dfa18a2-f925-4745-bc93-b18853d3ae2b
2019-07-16 14:36:27,627 INFO  om.OzoneManager (OzoneManager.java:loadOMHAConfigs(587)) - Found matching OM address with OMServiceId: null, OMNodeId: null, RPC Address: localhost:0 and Ratis port: 9872
2019-07-16 14:36:27,644 WARN  server.ServerUtils (ServerUtils.java:getDBPath(222)) - ozone.om.db.dirs is not configured. We recommend adding this setting. Falling back to ozone.metadata.dirs instead.
2019-07-16 14:36:27,644 INFO  db.DBStoreBuilder (DBStoreBuilder.java:addTable(110)) - using custom profile for table: userTable
2019-07-16 14:36:27,645 INFO  db.DBStoreBuilder (DBStoreBuilder.java:processTables(161)) - Using default column profile:DBProfile.DISK for Table:userTable
2019-07-16 14:36:27,645 INFO  db.DBStoreBuilder (DBStoreBuilder.java:addTable(110)) - using custom profile for table: volumeTable
2019-07-16 14:36:27,645 INFO  db.DBStoreBuilder (DBStoreBuilder.java:processTables(161)) - Using default column profile:DBProfile.DISK for Table:volumeTable
2019-07-16 14:36:27,645 INFO  db.DBStoreBuilder (DBStoreBuilder.java:addTable(110)) - using custom profile for table: bucketTable
2019-07-16 14:36:27,645 INFO  db.DBStoreBuilder (DBStoreBuilder.java:processTables(161)) - Using default column profile:DBProfile.DISK for Table:bucketTable
2019-07-16 14:36:27,646 INFO  db.DBStoreBuilder (DBStoreBuilder.java:addTable(110)) - using custom profile for table: keyTable
2019-07-16 14:36:27,646 INFO  db.DBStoreBuilder (DBStoreBuilder.java:processTables(161)) - Using default column profile:DBProfile.DISK for Table:keyTable
2019-07-16 14:36:27,646 INFO  db.DBStoreBuilder (DBStoreBuilder.java:addTable(110)) - using custom profile for table: deletedTable
2019-07-16 14:36:27,646 INFO  db.DBStoreBuilder (DBStoreBuilder.java:processTables(161)) - Using default column profile:DBProfile.DISK for Table:deletedTable
2019-07-16 14:36:27,646 INFO  db.DBStoreBuilder (DBStoreBuilder.java:addTable(110)) - using custom profile for table: openKeyTable
2019-07-16 14:36:27,646 INFO  db.DBStoreBuilder (DBStoreBuilder.java:processTables(161)) - Using default column profile:DBProfile.DISK for Table:openKeyTable
2019-07-16 14:36:27,647 INFO  db.DBStoreBuilder (DBStoreBuilder.java:addTable(110)) - using custom profile for table: s3Table
2019-07-16 14:36:27,647 INFO  db.DBStoreBuilder (DBStoreBuilder.java:processTables(161)) - Using default column profile:DBProfile.DISK for Table:s3Table
2019-07-16 14:36:27,647 INFO  db.DBStoreBuilder (DBStoreBuilder.java:addTable(110)) - using custom profile for table: multipartInfoTable
2019-07-16 14:36:27,647 INFO  db.DBStoreBuilder (DBStoreBuilder.java:processTables(161)) - Using default column profile:DBProfile.DISK for Table:multipartInfoTable
2019-07-16 14:36:27,648 INFO  db.DBStoreBuilder (DBStoreBuilder.java:addTable(110)) - using custom profile for table: dTokenTable
2019-07-16 14:36:27,648 INFO  db.DBStoreBuilder (DBStoreBuilder.java:processTables(161)) - Using default column profile:DBProfile.DISK for Table:dTokenTable
2019-07-16 14:36:27,648 INFO  db.DBStoreBuilder (DBStoreBuilder.java:addTable(110)) - using custom profile for table: s3SecretTable
2019-07-16 14:36:27,648 INFO  db.DBStoreBuilder (DBStoreBuilder.java:processTables(161)) - Using default column profile:DBProfile.DISK for Table:s3SecretTable
2019-07-16 14:36:27,648 INFO  db.DBStoreBuilder (DBStoreBuilder.java:addTable(110)) - using custom profile for table: prefixTable
2019-07-16 14:36:27,648 INFO  db.DBStoreBuilder (DBStoreBuilder.java:processTables(161)) - Using default column profile:DBProfile.DISK for Table:prefixTable
2019-07-16 14:36:27,649 INFO  db.DBStoreBuilder (DBStoreBuilder.java:addTable(110)) - using custom profile for table: default
2019-07-16 14:36:27,649 INFO  db.DBStoreBuilder (DBStoreBuilder.java:processTables(167)) - Using default column profile:DBProfile.DISK for Table:default
2019-07-16 14:36:27,649 INFO  db.DBStoreBuilder (DBStoreBuilder.java:getDbProfile(198)) - Using default options. DBProfile.DISK
2019-07-16 14:36:27,886 INFO  ipc.CallQueueManager (CallQueueManager.java:<init>(84)) - Using callQueue: class java.util.concurrent.LinkedBlockingQueue, queueCapacity: 2000, scheduler: class org.apache.hadoop.ipc.DefaultRpcScheduler, ipcBackoff: false.
2019-07-16 14:36:27,887 INFO  ipc.Server (Server.java:run(1074)) - Starting Socket Reader #1 for port 36505
2019-07-16 14:36:27,902 WARN  server.ServerUtils (ServerUtils.java:getDBPath(222)) - ozone.om.db.dirs is not configured. We recommend adding this setting. Falling back to ozone.metadata.dirs instead.
2019-07-16 14:36:27,902 INFO  om.OzoneManager (OzoneManager.java:start(1228)) - OzoneManager RPC server is listening at localhost/127.0.0.1:36505
2019-07-16 14:36:27,902 INFO  impl.MetricsSystemImpl (MetricsSystemImpl.java:init(158)) - OzoneManager metrics system started (again)
2019-07-16 14:36:27,903 INFO  ipc.Server (Server.java:run(1153)) - IPC Server listener on 36505: starting
2019-07-16 14:36:27,903 INFO  ipc.Server (Server.java:run(1314)) - IPC Server Responder: starting
2019-07-16 14:36:27,911 INFO  hdfs.DFSUtil (DFSUtil.java:httpServerTemplateForNNAndJN(1641)) - Starting Web-server for ozoneManager at: http://0.0.0.0:0
2019-07-16 14:36:27,913 INFO  server.AuthenticationFilter (AuthenticationFilter.java:constructSecretProvider(240)) - Unable to initialize FileSignerSecretProvider, falling back to use random secrets.
2019-07-16 14:36:27,913 WARN  http.HttpRequestLog (HttpRequestLog.java:getRequestLog(97)) - Jetty request log can only be enabled using Log4j
2019-07-16 14:36:27,914 INFO  http.HttpServer2 (HttpServer2.java:addGlobalFilter(975)) - Added global filter 'safety' (class=org.apache.hadoop.http.HttpServer2$QuotingInputFilter)
2019-07-16 14:36:27,915 INFO  http.HttpServer2 (HttpServer2.java:addFilter(948)) - Added filter static_user_filter (class=org.apache.hadoop.http.lib.StaticUserWebFilter$StaticUserFilter) to context ozoneManager
2019-07-16 14:36:27,915 INFO  http.HttpServer2 (HttpServer2.java:addFilter(958)) - Added filter static_user_filter (class=org.apache.hadoop.http.lib.StaticUserWebFilter$StaticUserFilter) to context static
2019-07-16 14:36:27,915 INFO  http.HttpServer2 (HttpServer2.java:addFilter(958)) - Added filter static_user_filter (class=org.apache.hadoop.http.lib.StaticUserWebFilter$StaticUserFilter) to context logs
2019-07-16 14:36:27,915 INFO  http.HttpServer2 (HttpServer2.java:bindListener(1191)) - Jetty bound to port 34591
2019-07-16 14:36:27,916 INFO  server.Server (Server.java:doStart(351)) - jetty-9.3.24.v20180605, build timestamp: 2018-06-05T17:11:56Z, git hash: 84205aa28f11a4f31f2a3b86d1bba2cc8ab69827
2019-07-16 14:36:27,917 INFO  handler.ContextHandler (ContextHandler.java:doStart(781)) - Started o.e.j.s.ServletContextHandler@451af781{/logs,file:///workdir/hadoop-ozone/integration-test/target/log,AVAILABLE}
2019-07-16 14:36:27,917 INFO  handler.ContextHandler (ContextHandler.java:doStart(781)) - Started o.e.j.s.ServletContextHandler@32e65852{/static,file:///workdir/hadoop-ozone/integration-test/target/test-classes/webapps/static,AVAILABLE}
2019-07-16 14:36:27,922 INFO  handler.ContextHandler (ContextHandler.java:doStart(781)) - Started o.e.j.w.WebAppContext@4ab86b2a{/,file:///workdir/hadoop-ozone/integration-test/target/test-classes/webapps/ozoneManager/,AVAILABLE}{/ozoneManager}
2019-07-16 14:36:27,922 INFO  server.AbstractConnector (AbstractConnector.java:doStart(278)) - Started ServerConnector@7793b55d{HTTP/1.1,[http/1.1]}{0.0.0.0:34591}
2019-07-16 14:36:27,926 INFO  server.Server (Server.java:doStart(419)) - Started @43888ms
2019-07-16 14:36:27,928 INFO  server.BaseHttpServer (BaseHttpServer.java:updateConnectorAddress(207)) - HTTP server of OZONEMANAGER is listening at http://0.0.0.0:34591
2019-07-16 14:36:27,940 INFO  impl.MetricsSystemImpl (MetricsSystemImpl.java:init(158)) - HddsDatanode metrics system started (again)
2019-07-16 14:36:27,940 INFO  ozone.HddsDatanodeService (HddsDatanodeService.java:start(185)) - HddsDatanodeService host:byscane-nightly-ppzk5-1864156943 ip:192.168.5.141
2019-07-16 14:36:27,952 INFO  volume.HddsVolume (HddsVolume.java:<init>(176)) - Creating Volume: /workdir/hadoop-ozone/integration-test/target/test-dir/MiniOzoneClusterImpl-2fd49abb-6f62-449c-9a67-7114492b2ee9/datanode-0/data/containers/hdds of  storage type : DISK and capacity : 52710309888
2019-07-16 14:36:27,953 INFO  volume.VolumeSet (VolumeSet.java:initializeVolumeSet(170)) - Added Volume : /workdir/hadoop-ozone/integration-test/target/test-dir/MiniOzoneClusterImpl-2fd49abb-6f62-449c-9a67-7114492b2ee9/datanode-0/data/containers/hdds to VolumeSet
2019-07-16 14:36:27,953 INFO  volume.ThrottledAsyncChecker (ThrottledAsyncChecker.java:schedule(140)) - Scheduling a check for org.apache.hadoop.ozone.container.common.volume.HddsVolume@60a99f3d
2019-07-16 14:36:27,953 INFO  volume.HddsVolumeChecker (HddsVolumeChecker.java:checkAllVolumes(203)) - Scheduled health check for volume org.apache.hadoop.ozone.container.common.volume.HddsVolume@60a99f3d
2019-07-16 14:36:27,971 INFO  impl.RaftServerProxy (ConfUtils.java:logGet(43)) - raft.rpc.type = GRPC (default)
2019-07-16 14:36:27,971 INFO  grpc.GrpcFactory (GrpcFactory.java:checkPooledByteBufAllocatorUseCacheForAllThreads(45)) - PERFORMANCE WARNING: useCacheForAllThreads is true that may cause Netty to create a lot garbage objects and, as a result, trigger GC.
	It is recommended to disable useCacheForAllThreads by setting -Dorg.apache.ratis.thirdparty.io.netty.allocator.useCacheForAllThreads=false in command line.
2019-07-16 14:36:27,972 INFO  grpc.GrpcConfigKeys$Server (ConfUtils.java:logGet(43)) - raft.grpc.server.port = 0 (default)
2019-07-16 14:36:27,972 INFO  server.GrpcService (ConfUtils.java:logGet(43)) - raft.grpc.message.size.max = 33570816 (custom)
2019-07-16 14:36:27,972 INFO  server.RaftServerConfigKeys (ConfUtils.java:logGet(43)) - raft.server.log.appender.buffer.byte-limit = 33554432 (custom)
2019-07-16 14:36:27,972 INFO  server.GrpcService (ConfUtils.java:logGet(43)) - raft.grpc.flow.control.window = 1MB (=1048576) (default)
2019-07-16 14:36:27,972 INFO  server.RaftServerConfigKeys (ConfUtils.java:logGet(43)) - raft.server.rpc.request.timeout = 3000ms (default)
2019-07-16 14:36:27,973 INFO  server.RaftServerConfigKeys (ConfUtils.java:logGet(43)) - raft.server.storage.dir = [/workdir/hadoop-ozone/integration-test/target/test-dir/MiniOzoneClusterImpl-2fd49abb-6f62-449c-9a67-7114492b2ee9/datanode-0/data/ratis] (custom)
2019-07-16 14:36:27,973 INFO  replication.SimpleContainerDownloader (SimpleContainerDownloader.java:<init>(72)) - Starting container downloader service to copy containers to replicate.
2019-07-16 14:36:27,974 INFO  hdfs.DFSUtil (DFSUtil.java:httpServerTemplateForNNAndJN(1641)) - Starting Web-server for hddsDatanode at: http://0.0.0.0:0
2019-07-16 14:36:27,975 INFO  server.AuthenticationFilter (AuthenticationFilter.java:constructSecretProvider(240)) - Unable to initialize FileSignerSecretProvider, falling back to use random secrets.
2019-07-16 14:36:27,976 WARN  http.HttpRequestLog (HttpRequestLog.java:getRequestLog(97)) - Jetty request log can only be enabled using Log4j
2019-07-16 14:36:27,977 INFO  http.HttpServer2 (HttpServer2.java:addGlobalFilter(975)) - Added global filter 'safety' (class=org.apache.hadoop.http.HttpServer2$QuotingInputFilter)
2019-07-16 14:36:27,977 INFO  http.HttpServer2 (HttpServer2.java:addFilter(948)) - Added filter static_user_filter (class=org.apache.hadoop.http.lib.StaticUserWebFilter$StaticUserFilter) to context hddsDatanode
2019-07-16 14:36:27,977 INFO  http.HttpServer2 (HttpServer2.java:addFilter(958)) - Added filter static_user_filter (class=org.apache.hadoop.http.lib.StaticUserWebFilter$StaticUserFilter) to context logs
2019-07-16 14:36:27,977 INFO  http.HttpServer2 (HttpServer2.java:addFilter(958)) - Added filter static_user_filter (class=org.apache.hadoop.http.lib.StaticUserWebFilter$StaticUserFilter) to context static
2019-07-16 14:36:27,978 INFO  http.HttpServer2 (HttpServer2.java:bindListener(1191)) - Jetty bound to port 45642
2019-07-16 14:36:27,978 INFO  server.Server (Server.java:doStart(351)) - jetty-9.3.24.v20180605, build timestamp: 2018-06-05T17:11:56Z, git hash: 84205aa28f11a4f31f2a3b86d1bba2cc8ab69827
2019-07-16 14:36:27,980 INFO  handler.ContextHandler (ContextHandler.java:doStart(781)) - Started o.e.j.s.ServletContextHandler@924f3f1{/logs,file:///workdir/hadoop-ozone/integration-test/target/log,AVAILABLE}
2019-07-16 14:36:27,980 INFO  handler.ContextHandler (ContextHandler.java:doStart(781)) - Started o.e.j.s.ServletContextHandler@77a4bac{/static,jar:file:/home/user/.m2/repository/org/apache/hadoop/hadoop-hdds-container-service/0.4.1-SNAPSHOT/hadoop-hdds-container-service-0.4.1-SNAPSHOT.jar!/webapps/static,AVAILABLE}
2019-07-16 14:36:28,011 INFO  handler.ContextHandler (ContextHandler.java:doStart(781)) - Started o.e.j.w.WebAppContext@96be1ae{/,file:///tmp/jetty-0.0.0.0-45642-hddsDatanode-_-any-6027862779062663685.dir/webapp/,AVAILABLE}{/hddsDatanode}
2019-07-16 14:36:28,012 INFO  server.AbstractConnector (AbstractConnector.java:doStart(278)) - Started ServerConnector@6eb5b9e7{HTTP/1.1,[http/1.1]}{0.0.0.0:45642}
2019-07-16 14:36:28,015 INFO  server.Server (Server.java:doStart(419)) - Started @43977ms
2019-07-16 14:36:28,015 INFO  server.BaseHttpServer (BaseHttpServer.java:updateConnectorAddress(207)) - HTTP server of HDDSDATANODE is listening at http://0.0.0.0:45642
2019-07-16 14:36:28,132 INFO  ozone.HddsDatanodeService (HddsDatanodeService.java:startPlugins(396)) - Started plug-in org.apache.hadoop.ozone.web.OzoneHddsDatanodeService@6684589a
2019-07-16 14:36:28,133 INFO  impl.MetricsSystemImpl (MetricsSystemImpl.java:init(158)) - HddsDatanode metrics system started (again)
2019-07-16 14:36:28,133 INFO  ozone.HddsDatanodeService (HddsDatanodeService.java:start(185)) - HddsDatanodeService host:byscane-nightly-ppzk5-1864156943 ip:192.168.5.141
2019-07-16 14:36:28,134 INFO  util.JvmPauseMonitor (JvmPauseMonitor.java:run(188)) - Starting JVM pause monitor
2019-07-16 14:36:28,136 INFO  datanode.InitDatanodeState (InitDatanodeState.java:persistContainerDatanodeDetails(140)) - DatanodeDetails is persisted to /workdir/hadoop-ozone/integration-test/target/test-dir/MiniOzoneClusterImpl-2fd49abb-6f62-449c-9a67-7114492b2ee9/datanode-0/meta/datanode.id
2019-07-16 14:36:28,145 INFO  volume.HddsVolume (HddsVolume.java:<init>(176)) - Creating Volume: /workdir/hadoop-ozone/integration-test/target/test-dir/MiniOzoneClusterImpl-2fd49abb-6f62-449c-9a67-7114492b2ee9/datanode-1/data/containers/hdds of  storage type : DISK and capacity : 52710309888
2019-07-16 14:36:28,146 INFO  volume.VolumeSet (VolumeSet.java:initializeVolumeSet(170)) - Added Volume : /workdir/hadoop-ozone/integration-test/target/test-dir/MiniOzoneClusterImpl-2fd49abb-6f62-449c-9a67-7114492b2ee9/datanode-1/data/containers/hdds to VolumeSet
2019-07-16 14:36:28,146 INFO  volume.ThrottledAsyncChecker (ThrottledAsyncChecker.java:schedule(140)) - Scheduling a check for org.apache.hadoop.ozone.container.common.volume.HddsVolume@4cf5d999
2019-07-16 14:36:28,146 INFO  volume.HddsVolumeChecker (HddsVolumeChecker.java:checkAllVolumes(203)) - Scheduled health check for volume org.apache.hadoop.ozone.container.common.volume.HddsVolume@4cf5d999
2019-07-16 14:36:28,165 INFO  impl.RaftServerProxy (ConfUtils.java:logGet(43)) - raft.rpc.type = GRPC (default)
2019-07-16 14:36:28,165 INFO  grpc.GrpcFactory (GrpcFactory.java:checkPooledByteBufAllocatorUseCacheForAllThreads(45)) - PERFORMANCE WARNING: useCacheForAllThreads is true that may cause Netty to create a lot garbage objects and, as a result, trigger GC.
	It is recommended to disable useCacheForAllThreads by setting -Dorg.apache.ratis.thirdparty.io.netty.allocator.useCacheForAllThreads=false in command line.
2019-07-16 14:36:28,165 INFO  grpc.GrpcConfigKeys$Server (ConfUtils.java:logGet(43)) - raft.grpc.server.port = 0 (default)
2019-07-16 14:36:28,165 INFO  server.GrpcService (ConfUtils.java:logGet(43)) - raft.grpc.message.size.max = 33570816 (custom)
2019-07-16 14:36:28,165 INFO  server.RaftServerConfigKeys (ConfUtils.java:logGet(43)) - raft.server.log.appender.buffer.byte-limit = 33554432 (custom)
2019-07-16 14:36:28,166 INFO  server.GrpcService (ConfUtils.java:logGet(43)) - raft.grpc.flow.control.window = 1MB (=1048576) (default)
2019-07-16 14:36:28,166 INFO  server.RaftServerConfigKeys (ConfUtils.java:logGet(43)) - raft.server.rpc.request.timeout = 3000ms (default)
2019-07-16 14:36:28,166 INFO  server.RaftServerConfigKeys (ConfUtils.java:logGet(43)) - raft.server.storage.dir = [/workdir/hadoop-ozone/integration-test/target/test-dir/MiniOzoneClusterImpl-2fd49abb-6f62-449c-9a67-7114492b2ee9/datanode-1/data/ratis] (custom)
2019-07-16 14:36:28,166 INFO  replication.SimpleContainerDownloader (SimpleContainerDownloader.java:<init>(72)) - Starting container downloader service to copy containers to replicate.
2019-07-16 14:36:28,168 INFO  hdfs.DFSUtil (DFSUtil.java:httpServerTemplateForNNAndJN(1641)) - Starting Web-server for hddsDatanode at: http://0.0.0.0:0
2019-07-16 14:36:28,179 INFO  server.AuthenticationFilter (AuthenticationFilter.java:constructSecretProvider(240)) - Unable to initialize FileSignerSecretProvider, falling back to use random secrets.
2019-07-16 14:36:28,179 WARN  http.HttpRequestLog (HttpRequestLog.java:getRequestLog(97)) - Jetty request log can only be enabled using Log4j
2019-07-16 14:36:28,180 INFO  http.HttpServer2 (HttpServer2.java:addGlobalFilter(975)) - Added global filter 'safety' (class=org.apache.hadoop.http.HttpServer2$QuotingInputFilter)
2019-07-16 14:36:28,181 INFO  http.HttpServer2 (HttpServer2.java:addFilter(948)) - Added filter static_user_filter (class=org.apache.hadoop.http.lib.StaticUserWebFilter$StaticUserFilter) to context hddsDatanode
2019-07-16 14:36:28,181 INFO  http.HttpServer2 (HttpServer2.java:addFilter(958)) - Added filter static_user_filter (class=org.apache.hadoop.http.lib.StaticUserWebFilter$StaticUserFilter) to context static
2019-07-16 14:36:28,181 INFO  http.HttpServer2 (HttpServer2.java:addFilter(958)) - Added filter static_user_filter (class=org.apache.hadoop.http.lib.StaticUserWebFilter$StaticUserFilter) to context logs
2019-07-16 14:36:28,181 INFO  http.HttpServer2 (HttpServer2.java:bindListener(1191)) - Jetty bound to port 33476
2019-07-16 14:36:28,182 INFO  server.Server (Server.java:doStart(351)) - jetty-9.3.24.v20180605, build timestamp: 2018-06-05T17:11:56Z, git hash: 84205aa28f11a4f31f2a3b86d1bba2cc8ab69827
2019-07-16 14:36:28,186 INFO  handler.ContextHandler (ContextHandler.java:doStart(781)) - Started o.e.j.s.ServletContextHandler@780546f8{/logs,file:///workdir/hadoop-ozone/integration-test/target/log,AVAILABLE}
2019-07-16 14:36:28,186 INFO  handler.ContextHandler (ContextHandler.java:doStart(781)) - Started o.e.j.s.ServletContextHandler@559c4e06{/static,jar:file:/home/user/.m2/repository/org/apache/hadoop/hadoop-hdds-container-service/0.4.1-SNAPSHOT/hadoop-hdds-container-service-0.4.1-SNAPSHOT.jar!/webapps/static,AVAILABLE}
2019-07-16 14:36:28,213 INFO  handler.ContextHandler (ContextHandler.java:doStart(781)) - Started o.e.j.w.WebAppContext@432eb882{/,file:///tmp/jetty-0.0.0.0-33476-hddsDatanode-_-any-8496727545264266461.dir/webapp/,AVAILABLE}{/hddsDatanode}
2019-07-16 14:36:28,213 INFO  server.AbstractConnector (AbstractConnector.java:doStart(278)) - Started ServerConnector@69372c1e{HTTP/1.1,[http/1.1]}{0.0.0.0:33476}
2019-07-16 14:36:28,224 INFO  server.Server (Server.java:doStart(419)) - Started @44186ms
2019-07-16 14:36:28,225 INFO  server.BaseHttpServer (BaseHttpServer.java:updateConnectorAddress(207)) - HTTP server of HDDSDATANODE is listening at http://0.0.0.0:33476
2019-07-16 14:36:28,390 INFO  ozone.HddsDatanodeService (HddsDatanodeService.java:startPlugins(396)) - Started plug-in org.apache.hadoop.ozone.web.OzoneHddsDatanodeService@58e5fbe5
2019-07-16 14:36:28,391 INFO  impl.MetricsSystemImpl (MetricsSystemImpl.java:init(158)) - HddsDatanode metrics system started (again)
2019-07-16 14:36:28,391 INFO  ozone.HddsDatanodeService (HddsDatanodeService.java:start(185)) - HddsDatanodeService host:byscane-nightly-ppzk5-1864156943 ip:192.168.5.141
2019-07-16 14:36:28,392 INFO  util.JvmPauseMonitor (JvmPauseMonitor.java:run(188)) - Starting JVM pause monitor
2019-07-16 14:36:28,395 INFO  datanode.InitDatanodeState (InitDatanodeState.java:persistContainerDatanodeDetails(140)) - DatanodeDetails is persisted to /workdir/hadoop-ozone/integration-test/target/test-dir/MiniOzoneClusterImpl-2fd49abb-6f62-449c-9a67-7114492b2ee9/datanode-1/meta/datanode.id
2019-07-16 14:36:28,401 INFO  volume.HddsVolume (HddsVolume.java:<init>(176)) - Creating Volume: /workdir/hadoop-ozone/integration-test/target/test-dir/MiniOzoneClusterImpl-2fd49abb-6f62-449c-9a67-7114492b2ee9/datanode-2/data/containers/hdds of  storage type : DISK and capacity : 52710309888
2019-07-16 14:36:28,401 INFO  volume.VolumeSet (VolumeSet.java:initializeVolumeSet(170)) - Added Volume : /workdir/hadoop-ozone/integration-test/target/test-dir/MiniOzoneClusterImpl-2fd49abb-6f62-449c-9a67-7114492b2ee9/datanode-2/data/containers/hdds to VolumeSet
2019-07-16 14:36:28,401 INFO  volume.ThrottledAsyncChecker (ThrottledAsyncChecker.java:schedule(140)) - Scheduling a check for org.apache.hadoop.ozone.container.common.volume.HddsVolume@11b14ae3
2019-07-16 14:36:28,402 INFO  volume.HddsVolumeChecker (HddsVolumeChecker.java:checkAllVolumes(203)) - Scheduled health check for volume org.apache.hadoop.ozone.container.common.volume.HddsVolume@11b14ae3
2019-07-16 14:36:28,423 INFO  impl.RaftServerProxy (ConfUtils.java:logGet(43)) - raft.rpc.type = GRPC (default)
2019-07-16 14:36:28,423 INFO  grpc.GrpcFactory (GrpcFactory.java:checkPooledByteBufAllocatorUseCacheForAllThreads(45)) - PERFORMANCE WARNING: useCacheForAllThreads is true that may cause Netty to create a lot garbage objects and, as a result, trigger GC.
	It is recommended to disable useCacheForAllThreads by setting -Dorg.apache.ratis.thirdparty.io.netty.allocator.useCacheForAllThreads=false in command line.
2019-07-16 14:36:28,423 INFO  grpc.GrpcConfigKeys$Server (ConfUtils.java:logGet(43)) - raft.grpc.server.port = 0 (default)
2019-07-16 14:36:28,423 INFO  server.GrpcService (ConfUtils.java:logGet(43)) - raft.grpc.message.size.max = 33570816 (custom)
2019-07-16 14:36:28,423 INFO  server.RaftServerConfigKeys (ConfUtils.java:logGet(43)) - raft.server.log.appender.buffer.byte-limit = 33554432 (custom)
2019-07-16 14:36:28,424 INFO  server.GrpcService (ConfUtils.java:logGet(43)) - raft.grpc.flow.control.window = 1MB (=1048576) (default)
2019-07-16 14:36:28,424 INFO  server.RaftServerConfigKeys (ConfUtils.java:logGet(43)) - raft.server.rpc.request.timeout = 3000ms (default)
2019-07-16 14:36:28,424 INFO  server.RaftServerConfigKeys (ConfUtils.java:logGet(43)) - raft.server.storage.dir = [/workdir/hadoop-ozone/integration-test/target/test-dir/MiniOzoneClusterImpl-2fd49abb-6f62-449c-9a67-7114492b2ee9/datanode-2/data/ratis] (custom)
2019-07-16 14:36:28,425 INFO  replication.SimpleContainerDownloader (SimpleContainerDownloader.java:<init>(72)) - Starting container downloader service to copy containers to replicate.
2019-07-16 14:36:28,426 INFO  hdfs.DFSUtil (DFSUtil.java:httpServerTemplateForNNAndJN(1641)) - Starting Web-server for hddsDatanode at: http://0.0.0.0:0
2019-07-16 14:36:28,427 INFO  server.AuthenticationFilter (AuthenticationFilter.java:constructSecretProvider(240)) - Unable to initialize FileSignerSecretProvider, falling back to use random secrets.
2019-07-16 14:36:28,427 WARN  http.HttpRequestLog (HttpRequestLog.java:getRequestLog(97)) - Jetty request log can only be enabled using Log4j
2019-07-16 14:36:28,428 INFO  http.HttpServer2 (HttpServer2.java:addGlobalFilter(975)) - Added global filter 'safety' (class=org.apache.hadoop.http.HttpServer2$QuotingInputFilter)
2019-07-16 14:36:28,429 INFO  http.HttpServer2 (HttpServer2.java:addFilter(948)) - Added filter static_user_filter (class=org.apache.hadoop.http.lib.StaticUserWebFilter$StaticUserFilter) to context hddsDatanode
2019-07-16 14:36:28,429 INFO  http.HttpServer2 (HttpServer2.java:addFilter(958)) - Added filter static_user_filter (class=org.apache.hadoop.http.lib.StaticUserWebFilter$StaticUserFilter) to context logs
2019-07-16 14:36:28,429 INFO  http.HttpServer2 (HttpServer2.java:addFilter(958)) - Added filter static_user_filter (class=org.apache.hadoop.http.lib.StaticUserWebFilter$StaticUserFilter) to context static
2019-07-16 14:36:28,429 INFO  http.HttpServer2 (HttpServer2.java:bindListener(1191)) - Jetty bound to port 42396
2019-07-16 14:36:28,430 INFO  server.Server (Server.java:doStart(351)) - jetty-9.3.24.v20180605, build timestamp: 2018-06-05T17:11:56Z, git hash: 84205aa28f11a4f31f2a3b86d1bba2cc8ab69827
2019-07-16 14:36:28,431 INFO  handler.ContextHandler (ContextHandler.java:doStart(781)) - Started o.e.j.s.ServletContextHandler@5bdb6ea8{/logs,file:///workdir/hadoop-ozone/integration-test/target/log,AVAILABLE}
2019-07-16 14:36:28,431 INFO  handler.ContextHandler (ContextHandler.java:doStart(781)) - Started o.e.j.s.ServletContextHandler@44a13699{/static,jar:file:/home/user/.m2/repository/org/apache/hadoop/hadoop-hdds-container-service/0.4.1-SNAPSHOT/hadoop-hdds-container-service-0.4.1-SNAPSHOT.jar!/webapps/static,AVAILABLE}
2019-07-16 14:36:28,458 INFO  handler.ContextHandler (ContextHandler.java:doStart(781)) - Started o.e.j.w.WebAppContext@5614ae05{/,file:///tmp/jetty-0.0.0.0-42396-hddsDatanode-_-any-6521805379908081551.dir/webapp/,AVAILABLE}{/hddsDatanode}
2019-07-16 14:36:28,459 INFO  server.AbstractConnector (AbstractConnector.java:doStart(278)) - Started ServerConnector@54970127{HTTP/1.1,[http/1.1]}{0.0.0.0:42396}
2019-07-16 14:36:28,461 INFO  server.Server (Server.java:doStart(419)) - Started @44424ms
2019-07-16 14:36:28,462 INFO  server.BaseHttpServer (BaseHttpServer.java:updateConnectorAddress(207)) - HTTP server of HDDSDATANODE is listening at http://0.0.0.0:42396
2019-07-16 14:36:28,556 INFO  ozone.HddsDatanodeService (HddsDatanodeService.java:startPlugins(396)) - Started plug-in org.apache.hadoop.ozone.web.OzoneHddsDatanodeService@37b470df
2019-07-16 14:36:28,556 INFO  impl.MetricsSystemImpl (MetricsSystemImpl.java:init(158)) - HddsDatanode metrics system started (again)
2019-07-16 14:36:28,556 INFO  ozone.HddsDatanodeService (HddsDatanodeService.java:start(185)) - HddsDatanodeService host:byscane-nightly-ppzk5-1864156943 ip:192.168.5.141
2019-07-16 14:36:28,557 INFO  util.JvmPauseMonitor (JvmPauseMonitor.java:run(188)) - Starting JVM pause monitor
2019-07-16 14:36:28,559 INFO  datanode.InitDatanodeState (InitDatanodeState.java:persistContainerDatanodeDetails(140)) - DatanodeDetails is persisted to /workdir/hadoop-ozone/integration-test/target/test-dir/MiniOzoneClusterImpl-2fd49abb-6f62-449c-9a67-7114492b2ee9/datanode-2/meta/datanode.id
2019-07-16 14:36:28,569 INFO  volume.HddsVolume (HddsVolume.java:<init>(176)) - Creating Volume: /workdir/hadoop-ozone/integration-test/target/test-dir/MiniOzoneClusterImpl-2fd49abb-6f62-449c-9a67-7114492b2ee9/datanode-3/data/containers/hdds of  storage type : DISK and capacity : 52710309888
2019-07-16 14:36:28,569 INFO  volume.VolumeSet (VolumeSet.java:initializeVolumeSet(170)) - Added Volume : /workdir/hadoop-ozone/integration-test/target/test-dir/MiniOzoneClusterImpl-2fd49abb-6f62-449c-9a67-7114492b2ee9/datanode-3/data/containers/hdds to VolumeSet
2019-07-16 14:36:28,569 INFO  volume.ThrottledAsyncChecker (ThrottledAsyncChecker.java:schedule(140)) - Scheduling a check for org.apache.hadoop.ozone.container.common.volume.HddsVolume@7c871ce4
2019-07-16 14:36:28,570 INFO  volume.HddsVolumeChecker (HddsVolumeChecker.java:checkAllVolumes(203)) - Scheduled health check for volume org.apache.hadoop.ozone.container.common.volume.HddsVolume@7c871ce4
2019-07-16 14:36:28,584 INFO  impl.RaftServerProxy (ConfUtils.java:logGet(43)) - raft.rpc.type = GRPC (default)
2019-07-16 14:36:28,585 INFO  grpc.GrpcFactory (GrpcFactory.java:checkPooledByteBufAllocatorUseCacheForAllThreads(45)) - PERFORMANCE WARNING: useCacheForAllThreads is true that may cause Netty to create a lot garbage objects and, as a result, trigger GC.
	It is recommended to disable useCacheForAllThreads by setting -Dorg.apache.ratis.thirdparty.io.netty.allocator.useCacheForAllThreads=false in command line.
2019-07-16 14:36:28,585 INFO  grpc.GrpcConfigKeys$Server (ConfUtils.java:logGet(43)) - raft.grpc.server.port = 0 (default)
2019-07-16 14:36:28,585 INFO  server.GrpcService (ConfUtils.java:logGet(43)) - raft.grpc.message.size.max = 33570816 (custom)
2019-07-16 14:36:28,585 INFO  server.RaftServerConfigKeys (ConfUtils.java:logGet(43)) - raft.server.log.appender.buffer.byte-limit = 33554432 (custom)
2019-07-16 14:36:28,585 INFO  server.GrpcService (ConfUtils.java:logGet(43)) - raft.grpc.flow.control.window = 1MB (=1048576) (default)
2019-07-16 14:36:28,585 INFO  server.RaftServerConfigKeys (ConfUtils.java:logGet(43)) - raft.server.rpc.request.timeout = 3000ms (default)
2019-07-16 14:36:28,586 INFO  server.RaftServerConfigKeys (ConfUtils.java:logGet(43)) - raft.server.storage.dir = [/workdir/hadoop-ozone/integration-test/target/test-dir/MiniOzoneClusterImpl-2fd49abb-6f62-449c-9a67-7114492b2ee9/datanode-3/data/ratis] (custom)
2019-07-16 14:36:28,586 INFO  replication.SimpleContainerDownloader (SimpleContainerDownloader.java:<init>(72)) - Starting container downloader service to copy containers to replicate.
2019-07-16 14:36:28,587 INFO  hdfs.DFSUtil (DFSUtil.java:httpServerTemplateForNNAndJN(1641)) - Starting Web-server for hddsDatanode at: http://0.0.0.0:0
2019-07-16 14:36:28,588 INFO  server.AuthenticationFilter (AuthenticationFilter.java:constructSecretProvider(240)) - Unable to initialize FileSignerSecretProvider, falling back to use random secrets.
2019-07-16 14:36:28,589 WARN  http.HttpRequestLog (HttpRequestLog.java:getRequestLog(97)) - Jetty request log can only be enabled using Log4j
2019-07-16 14:36:28,590 INFO  http.HttpServer2 (HttpServer2.java:addGlobalFilter(975)) - Added global filter 'safety' (class=org.apache.hadoop.http.HttpServer2$QuotingInputFilter)
2019-07-16 14:36:28,590 INFO  http.HttpServer2 (HttpServer2.java:addFilter(948)) - Added filter static_user_filter (class=org.apache.hadoop.http.lib.StaticUserWebFilter$StaticUserFilter) to context hddsDatanode
2019-07-16 14:36:28,590 INFO  http.HttpServer2 (HttpServer2.java:addFilter(958)) - Added filter static_user_filter (class=org.apache.hadoop.http.lib.StaticUserWebFilter$StaticUserFilter) to context logs
2019-07-16 14:36:28,590 INFO  http.HttpServer2 (HttpServer2.java:addFilter(958)) - Added filter static_user_filter (class=org.apache.hadoop.http.lib.StaticUserWebFilter$StaticUserFilter) to context static
2019-07-16 14:36:28,591 INFO  http.HttpServer2 (HttpServer2.java:bindListener(1191)) - Jetty bound to port 42156
2019-07-16 14:36:28,591 INFO  server.Server (Server.java:doStart(351)) - jetty-9.3.24.v20180605, build timestamp: 2018-06-05T17:11:56Z, git hash: 84205aa28f11a4f31f2a3b86d1bba2cc8ab69827
2019-07-16 14:36:28,592 INFO  handler.ContextHandler (ContextHandler.java:doStart(781)) - Started o.e.j.s.ServletContextHandler@361b3ca6{/logs,file:///workdir/hadoop-ozone/integration-test/target/log,AVAILABLE}
2019-07-16 14:36:28,593 INFO  handler.ContextHandler (ContextHandler.java:doStart(781)) - Started o.e.j.s.ServletContextHandler@575c23f1{/static,jar:file:/home/user/.m2/repository/org/apache/hadoop/hadoop-hdds-container-service/0.4.1-SNAPSHOT/hadoop-hdds-container-service-0.4.1-SNAPSHOT.jar!/webapps/static,AVAILABLE}
2019-07-16 14:36:28,615 INFO  handler.ContextHandler (ContextHandler.java:doStart(781)) - Started o.e.j.w.WebAppContext@69cc49ec{/,file:///tmp/jetty-0.0.0.0-42156-hddsDatanode-_-any-5928873232080728435.dir/webapp/,AVAILABLE}{/hddsDatanode}
2019-07-16 14:36:28,615 INFO  server.AbstractConnector (AbstractConnector.java:doStart(278)) - Started ServerConnector@6b71e98f{HTTP/1.1,[http/1.1]}{0.0.0.0:42156}
2019-07-16 14:36:28,618 INFO  server.Server (Server.java:doStart(419)) - Started @44581ms
2019-07-16 14:36:28,619 INFO  server.BaseHttpServer (BaseHttpServer.java:updateConnectorAddress(207)) - HTTP server of HDDSDATANODE is listening at http://0.0.0.0:42156
2019-07-16 14:36:28,706 INFO  ozone.HddsDatanodeService (HddsDatanodeService.java:startPlugins(396)) - Started plug-in org.apache.hadoop.ozone.web.OzoneHddsDatanodeService@60e80279
2019-07-16 14:36:28,706 INFO  impl.MetricsSystemImpl (MetricsSystemImpl.java:init(158)) - HddsDatanode metrics system started (again)
2019-07-16 14:36:28,707 INFO  ozone.HddsDatanodeService (HddsDatanodeService.java:start(185)) - HddsDatanodeService host:byscane-nightly-ppzk5-1864156943 ip:192.168.5.141
2019-07-16 14:36:28,708 INFO  util.JvmPauseMonitor (JvmPauseMonitor.java:run(188)) - Starting JVM pause monitor
2019-07-16 14:36:28,709 INFO  datanode.InitDatanodeState (InitDatanodeState.java:persistContainerDatanodeDetails(140)) - DatanodeDetails is persisted to /workdir/hadoop-ozone/integration-test/target/test-dir/MiniOzoneClusterImpl-2fd49abb-6f62-449c-9a67-7114492b2ee9/datanode-3/meta/datanode.id
2019-07-16 14:36:28,724 INFO  volume.HddsVolume (HddsVolume.java:<init>(176)) - Creating Volume: /workdir/hadoop-ozone/integration-test/target/test-dir/MiniOzoneClusterImpl-2fd49abb-6f62-449c-9a67-7114492b2ee9/datanode-4/data/containers/hdds of  storage type : DISK and capacity : 52710309888
2019-07-16 14:36:28,724 INFO  volume.VolumeSet (VolumeSet.java:initializeVolumeSet(170)) - Added Volume : /workdir/hadoop-ozone/integration-test/target/test-dir/MiniOzoneClusterImpl-2fd49abb-6f62-449c-9a67-7114492b2ee9/datanode-4/data/containers/hdds to VolumeSet
2019-07-16 14:36:28,724 INFO  volume.ThrottledAsyncChecker (ThrottledAsyncChecker.java:schedule(140)) - Scheduling a check for org.apache.hadoop.ozone.container.common.volume.HddsVolume@126ff1a1
2019-07-16 14:36:28,725 INFO  volume.HddsVolumeChecker (HddsVolumeChecker.java:checkAllVolumes(203)) - Scheduled health check for volume org.apache.hadoop.ozone.container.common.volume.HddsVolume@126ff1a1
2019-07-16 14:36:28,739 INFO  impl.RaftServerProxy (ConfUtils.java:logGet(43)) - raft.rpc.type = GRPC (default)
2019-07-16 14:36:28,739 INFO  grpc.GrpcFactory (GrpcFactory.java:checkPooledByteBufAllocatorUseCacheForAllThreads(45)) - PERFORMANCE WARNING: useCacheForAllThreads is true that may cause Netty to create a lot garbage objects and, as a result, trigger GC.
	It is recommended to disable useCacheForAllThreads by setting -Dorg.apache.ratis.thirdparty.io.netty.allocator.useCacheForAllThreads=false in command line.
2019-07-16 14:36:28,739 INFO  grpc.GrpcConfigKeys$Server (ConfUtils.java:logGet(43)) - raft.grpc.server.port = 0 (default)
2019-07-16 14:36:28,739 INFO  server.GrpcService (ConfUtils.java:logGet(43)) - raft.grpc.message.size.max = 33570816 (custom)
2019-07-16 14:36:28,740 INFO  server.RaftServerConfigKeys (ConfUtils.java:logGet(43)) - raft.server.log.appender.buffer.byte-limit = 33554432 (custom)
2019-07-16 14:36:28,740 INFO  server.GrpcService (ConfUtils.java:logGet(43)) - raft.grpc.flow.control.window = 1MB (=1048576) (default)
2019-07-16 14:36:28,740 INFO  server.RaftServerConfigKeys (ConfUtils.java:logGet(43)) - raft.server.rpc.request.timeout = 3000ms (default)
2019-07-16 14:36:28,740 INFO  server.RaftServerConfigKeys (ConfUtils.java:logGet(43)) - raft.server.storage.dir = [/workdir/hadoop-ozone/integration-test/target/test-dir/MiniOzoneClusterImpl-2fd49abb-6f62-449c-9a67-7114492b2ee9/datanode-4/data/ratis] (custom)
2019-07-16 14:36:28,741 INFO  replication.SimpleContainerDownloader (SimpleContainerDownloader.java:<init>(72)) - Starting container downloader service to copy containers to replicate.
2019-07-16 14:36:28,742 INFO  hdfs.DFSUtil (DFSUtil.java:httpServerTemplateForNNAndJN(1641)) - Starting Web-server for hddsDatanode at: http://0.0.0.0:0
2019-07-16 14:36:28,743 INFO  server.AuthenticationFilter (AuthenticationFilter.java:constructSecretProvider(240)) - Unable to initialize FileSignerSecretProvider, falling back to use random secrets.
2019-07-16 14:36:28,744 WARN  http.HttpRequestLog (HttpRequestLog.java:getRequestLog(97)) - Jetty request log can only be enabled using Log4j
2019-07-16 14:36:28,745 INFO  http.HttpServer2 (HttpServer2.java:addGlobalFilter(975)) - Added global filter 'safety' (class=org.apache.hadoop.http.HttpServer2$QuotingInputFilter)
2019-07-16 14:36:28,745 INFO  http.HttpServer2 (HttpServer2.java:addFilter(948)) - Added filter static_user_filter (class=org.apache.hadoop.http.lib.StaticUserWebFilter$StaticUserFilter) to context hddsDatanode
2019-07-16 14:36:28,745 INFO  http.HttpServer2 (HttpServer2.java:addFilter(958)) - Added filter static_user_filter (class=org.apache.hadoop.http.lib.StaticUserWebFilter$StaticUserFilter) to context static
2019-07-16 14:36:28,745 INFO  http.HttpServer2 (HttpServer2.java:addFilter(958)) - Added filter static_user_filter (class=org.apache.hadoop.http.lib.StaticUserWebFilter$StaticUserFilter) to context logs
2019-07-16 14:36:28,746 INFO  http.HttpServer2 (HttpServer2.java:bindListener(1191)) - Jetty bound to port 37663
2019-07-16 14:36:28,746 INFO  server.Server (Server.java:doStart(351)) - jetty-9.3.24.v20180605, build timestamp: 2018-06-05T17:11:56Z, git hash: 84205aa28f11a4f31f2a3b86d1bba2cc8ab69827
2019-07-16 14:36:28,747 INFO  handler.ContextHandler (ContextHandler.java:doStart(781)) - Started o.e.j.s.ServletContextHandler@67292fc7{/logs,file:///workdir/hadoop-ozone/integration-test/target/log,AVAILABLE}
2019-07-16 14:36:28,748 INFO  handler.ContextHandler (ContextHandler.java:doStart(781)) - Started o.e.j.s.ServletContextHandler@34cfdd84{/static,jar:file:/home/user/.m2/repository/org/apache/hadoop/hadoop-hdds-container-service/0.4.1-SNAPSHOT/hadoop-hdds-container-service-0.4.1-SNAPSHOT.jar!/webapps/static,AVAILABLE}
2019-07-16 14:36:28,770 INFO  handler.ContextHandler (ContextHandler.java:doStart(781)) - Started o.e.j.w.WebAppContext@6f1163f7{/,file:///tmp/jetty-0.0.0.0-37663-hddsDatanode-_-any-8918607664168504159.dir/webapp/,AVAILABLE}{/hddsDatanode}
2019-07-16 14:36:28,771 INFO  server.AbstractConnector (AbstractConnector.java:doStart(278)) - Started ServerConnector@e4348c0{HTTP/1.1,[http/1.1]}{0.0.0.0:37663}
2019-07-16 14:36:28,774 INFO  server.Server (Server.java:doStart(419)) - Started @44737ms
2019-07-16 14:36:28,775 INFO  server.BaseHttpServer (BaseHttpServer.java:updateConnectorAddress(207)) - HTTP server of HDDSDATANODE is listening at http://0.0.0.0:37663
2019-07-16 14:36:28,868 INFO  ozone.HddsDatanodeService (HddsDatanodeService.java:startPlugins(396)) - Started plug-in org.apache.hadoop.ozone.web.OzoneHddsDatanodeService@75345e47
2019-07-16 14:36:28,869 INFO  impl.MetricsSystemImpl (MetricsSystemImpl.java:init(158)) - HddsDatanode metrics system started (again)
2019-07-16 14:36:28,869 INFO  ozone.HddsDatanodeService (HddsDatanodeService.java:start(185)) - HddsDatanodeService host:byscane-nightly-ppzk5-1864156943 ip:192.168.5.141
2019-07-16 14:36:28,870 INFO  util.JvmPauseMonitor (JvmPauseMonitor.java:run(188)) - Starting JVM pause monitor
2019-07-16 14:36:28,872 INFO  datanode.InitDatanodeState (InitDatanodeState.java:persistContainerDatanodeDetails(140)) - DatanodeDetails is persisted to /workdir/hadoop-ozone/integration-test/target/test-dir/MiniOzoneClusterImpl-2fd49abb-6f62-449c-9a67-7114492b2ee9/datanode-4/meta/datanode.id
2019-07-16 14:36:28,889 INFO  volume.HddsVolume (HddsVolume.java:<init>(176)) - Creating Volume: /workdir/hadoop-ozone/integration-test/target/test-dir/MiniOzoneClusterImpl-2fd49abb-6f62-449c-9a67-7114492b2ee9/datanode-5/data/containers/hdds of  storage type : DISK and capacity : 52710309888
2019-07-16 14:36:28,889 INFO  volume.VolumeSet (VolumeSet.java:initializeVolumeSet(170)) - Added Volume : /workdir/hadoop-ozone/integration-test/target/test-dir/MiniOzoneClusterImpl-2fd49abb-6f62-449c-9a67-7114492b2ee9/datanode-5/data/containers/hdds to VolumeSet
2019-07-16 14:36:28,889 INFO  volume.ThrottledAsyncChecker (ThrottledAsyncChecker.java:schedule(140)) - Scheduling a check for org.apache.hadoop.ozone.container.common.volume.HddsVolume@3afaa39f
2019-07-16 14:36:28,890 INFO  volume.HddsVolumeChecker (HddsVolumeChecker.java:checkAllVolumes(203)) - Scheduled health check for volume org.apache.hadoop.ozone.container.common.volume.HddsVolume@3afaa39f
2019-07-16 14:36:28,906 INFO  impl.RaftServerProxy (ConfUtils.java:logGet(43)) - raft.rpc.type = GRPC (default)
2019-07-16 14:36:28,906 INFO  grpc.GrpcFactory (GrpcFactory.java:checkPooledByteBufAllocatorUseCacheForAllThreads(45)) - PERFORMANCE WARNING: useCacheForAllThreads is true that may cause Netty to create a lot garbage objects and, as a result, trigger GC.
	It is recommended to disable useCacheForAllThreads by setting -Dorg.apache.ratis.thirdparty.io.netty.allocator.useCacheForAllThreads=false in command line.
2019-07-16 14:36:28,906 INFO  grpc.GrpcConfigKeys$Server (ConfUtils.java:logGet(43)) - raft.grpc.server.port = 0 (default)
2019-07-16 14:36:28,906 INFO  server.GrpcService (ConfUtils.java:logGet(43)) - raft.grpc.message.size.max = 33570816 (custom)
2019-07-16 14:36:28,906 INFO  server.RaftServerConfigKeys (ConfUtils.java:logGet(43)) - raft.server.log.appender.buffer.byte-limit = 33554432 (custom)
2019-07-16 14:36:28,906 INFO  server.GrpcService (ConfUtils.java:logGet(43)) - raft.grpc.flow.control.window = 1MB (=1048576) (default)
2019-07-16 14:36:28,907 INFO  server.RaftServerConfigKeys (ConfUtils.java:logGet(43)) - raft.server.rpc.request.timeout = 3000ms (default)
2019-07-16 14:36:28,907 INFO  server.RaftServerConfigKeys (ConfUtils.java:logGet(43)) - raft.server.storage.dir = [/workdir/hadoop-ozone/integration-test/target/test-dir/MiniOzoneClusterImpl-2fd49abb-6f62-449c-9a67-7114492b2ee9/datanode-5/data/ratis] (custom)
2019-07-16 14:36:28,907 INFO  replication.SimpleContainerDownloader (SimpleContainerDownloader.java:<init>(72)) - Starting container downloader service to copy containers to replicate.
2019-07-16 14:36:28,908 INFO  hdfs.DFSUtil (DFSUtil.java:httpServerTemplateForNNAndJN(1641)) - Starting Web-server for hddsDatanode at: http://0.0.0.0:0
2019-07-16 14:36:28,909 INFO  server.AuthenticationFilter (AuthenticationFilter.java:constructSecretProvider(240)) - Unable to initialize FileSignerSecretProvider, falling back to use random secrets.
2019-07-16 14:36:28,910 WARN  http.HttpRequestLog (HttpRequestLog.java:getRequestLog(97)) - Jetty request log can only be enabled using Log4j
2019-07-16 14:36:28,911 INFO  http.HttpServer2 (HttpServer2.java:addGlobalFilter(975)) - Added global filter 'safety' (class=org.apache.hadoop.http.HttpServer2$QuotingInputFilter)
2019-07-16 14:36:28,911 INFO  http.HttpServer2 (HttpServer2.java:addFilter(948)) - Added filter static_user_filter (class=org.apache.hadoop.http.lib.StaticUserWebFilter$StaticUserFilter) to context hddsDatanode
2019-07-16 14:36:28,911 INFO  http.HttpServer2 (HttpServer2.java:addFilter(958)) - Added filter static_user_filter (class=org.apache.hadoop.http.lib.StaticUserWebFilter$StaticUserFilter) to context logs
2019-07-16 14:36:28,911 INFO  http.HttpServer2 (HttpServer2.java:addFilter(958)) - Added filter static_user_filter (class=org.apache.hadoop.http.lib.StaticUserWebFilter$StaticUserFilter) to context static
2019-07-16 14:36:28,912 INFO  http.HttpServer2 (HttpServer2.java:bindListener(1191)) - Jetty bound to port 46042
2019-07-16 14:36:28,912 INFO  server.Server (Server.java:doStart(351)) - jetty-9.3.24.v20180605, build timestamp: 2018-06-05T17:11:56Z, git hash: 84205aa28f11a4f31f2a3b86d1bba2cc8ab69827
2019-07-16 14:36:28,914 INFO  handler.ContextHandler (ContextHandler.java:doStart(781)) - Started o.e.j.s.ServletContextHandler@5fd31df7{/logs,file:///workdir/hadoop-ozone/integration-test/target/log,AVAILABLE}
2019-07-16 14:36:28,914 INFO  handler.ContextHandler (ContextHandler.java:doStart(781)) - Started o.e.j.s.ServletContextHandler@2c8f65da{/static,jar:file:/home/user/.m2/repository/org/apache/hadoop/hadoop-hdds-container-service/0.4.1-SNAPSHOT/hadoop-hdds-container-service-0.4.1-SNAPSHOT.jar!/webapps/static,AVAILABLE}
2019-07-16 14:36:28,936 INFO  handler.ContextHandler (ContextHandler.java:doStart(781)) - Started o.e.j.w.WebAppContext@4b20aa21{/,file:///tmp/jetty-0.0.0.0-46042-hddsDatanode-_-any-775162269265584611.dir/webapp/,AVAILABLE}{/hddsDatanode}
2019-07-16 14:36:28,937 INFO  server.AbstractConnector (AbstractConnector.java:doStart(278)) - Started ServerConnector@f5167f0{HTTP/1.1,[http/1.1]}{0.0.0.0:46042}
2019-07-16 14:36:28,940 INFO  server.Server (Server.java:doStart(419)) - Started @44902ms
2019-07-16 14:36:28,940 INFO  server.BaseHttpServer (BaseHttpServer.java:updateConnectorAddress(207)) - HTTP server of HDDSDATANODE is listening at http://0.0.0.0:46042
2019-07-16 14:36:29,044 INFO  ozone.HddsDatanodeService (HddsDatanodeService.java:startPlugins(396)) - Started plug-in org.apache.hadoop.ozone.web.OzoneHddsDatanodeService@64908ab9
2019-07-16 14:36:29,044 INFO  impl.MetricsSystemImpl (MetricsSystemImpl.java:init(158)) - HddsDatanode metrics system started (again)
2019-07-16 14:36:29,045 INFO  ozone.HddsDatanodeService (HddsDatanodeService.java:start(185)) - HddsDatanodeService host:byscane-nightly-ppzk5-1864156943 ip:192.168.5.141
2019-07-16 14:36:29,046 INFO  util.JvmPauseMonitor (JvmPauseMonitor.java:run(188)) - Starting JVM pause monitor
2019-07-16 14:36:29,047 INFO  datanode.InitDatanodeState (InitDatanodeState.java:persistContainerDatanodeDetails(140)) - DatanodeDetails is persisted to /workdir/hadoop-ozone/integration-test/target/test-dir/MiniOzoneClusterImpl-2fd49abb-6f62-449c-9a67-7114492b2ee9/datanode-5/meta/datanode.id
2019-07-16 14:36:29,055 INFO  volume.HddsVolume (HddsVolume.java:<init>(176)) - Creating Volume: /workdir/hadoop-ozone/integration-test/target/test-dir/MiniOzoneClusterImpl-2fd49abb-6f62-449c-9a67-7114492b2ee9/datanode-6/data/containers/hdds of  storage type : DISK and capacity : 52710309888
2019-07-16 14:36:29,055 INFO  volume.VolumeSet (VolumeSet.java:initializeVolumeSet(170)) - Added Volume : /workdir/hadoop-ozone/integration-test/target/test-dir/MiniOzoneClusterImpl-2fd49abb-6f62-449c-9a67-7114492b2ee9/datanode-6/data/containers/hdds to VolumeSet
2019-07-16 14:36:29,055 INFO  volume.ThrottledAsyncChecker (ThrottledAsyncChecker.java:schedule(140)) - Scheduling a check for org.apache.hadoop.ozone.container.common.volume.HddsVolume@31940d6b
2019-07-16 14:36:29,056 INFO  volume.HddsVolumeChecker (HddsVolumeChecker.java:checkAllVolumes(203)) - Scheduled health check for volume org.apache.hadoop.ozone.container.common.volume.HddsVolume@31940d6b
2019-07-16 14:36:29,075 INFO  impl.RaftServerProxy (ConfUtils.java:logGet(43)) - raft.rpc.type = GRPC (default)
2019-07-16 14:36:29,075 INFO  grpc.GrpcFactory (GrpcFactory.java:checkPooledByteBufAllocatorUseCacheForAllThreads(45)) - PERFORMANCE WARNING: useCacheForAllThreads is true that may cause Netty to create a lot garbage objects and, as a result, trigger GC.
	It is recommended to disable useCacheForAllThreads by setting -Dorg.apache.ratis.thirdparty.io.netty.allocator.useCacheForAllThreads=false in command line.
2019-07-16 14:36:29,075 INFO  grpc.GrpcConfigKeys$Server (ConfUtils.java:logGet(43)) - raft.grpc.server.port = 0 (default)
2019-07-16 14:36:29,075 INFO  server.GrpcService (ConfUtils.java:logGet(43)) - raft.grpc.message.size.max = 33570816 (custom)
2019-07-16 14:36:29,075 INFO  server.RaftServerConfigKeys (ConfUtils.java:logGet(43)) - raft.server.log.appender.buffer.byte-limit = 33554432 (custom)
2019-07-16 14:36:29,076 INFO  server.GrpcService (ConfUtils.java:logGet(43)) - raft.grpc.flow.control.window = 1MB (=1048576) (default)
2019-07-16 14:36:29,076 INFO  server.RaftServerConfigKeys (ConfUtils.java:logGet(43)) - raft.server.rpc.request.timeout = 3000ms (default)
2019-07-16 14:36:29,076 INFO  server.RaftServerConfigKeys (ConfUtils.java:logGet(43)) - raft.server.storage.dir = [/workdir/hadoop-ozone/integration-test/target/test-dir/MiniOzoneClusterImpl-2fd49abb-6f62-449c-9a67-7114492b2ee9/datanode-6/data/ratis] (custom)
2019-07-16 14:36:29,076 INFO  replication.SimpleContainerDownloader (SimpleContainerDownloader.java:<init>(72)) - Starting container downloader service to copy containers to replicate.
2019-07-16 14:36:29,077 INFO  hdfs.DFSUtil (DFSUtil.java:httpServerTemplateForNNAndJN(1641)) - Starting Web-server for hddsDatanode at: http://0.0.0.0:0
2019-07-16 14:36:29,078 INFO  server.AuthenticationFilter (AuthenticationFilter.java:constructSecretProvider(240)) - Unable to initialize FileSignerSecretProvider, falling back to use random secrets.
2019-07-16 14:36:29,079 WARN  http.HttpRequestLog (HttpRequestLog.java:getRequestLog(97)) - Jetty request log can only be enabled using Log4j
2019-07-16 14:36:29,080 INFO  http.HttpServer2 (HttpServer2.java:addGlobalFilter(975)) - Added global filter 'safety' (class=org.apache.hadoop.http.HttpServer2$QuotingInputFilter)
2019-07-16 14:36:29,080 INFO  http.HttpServer2 (HttpServer2.java:addFilter(948)) - Added filter static_user_filter (class=org.apache.hadoop.http.lib.StaticUserWebFilter$StaticUserFilter) to context hddsDatanode
2019-07-16 14:36:29,080 INFO  http.HttpServer2 (HttpServer2.java:addFilter(958)) - Added filter static_user_filter (class=org.apache.hadoop.http.lib.StaticUserWebFilter$StaticUserFilter) to context static
2019-07-16 14:36:29,080 INFO  http.HttpServer2 (HttpServer2.java:addFilter(958)) - Added filter static_user_filter (class=org.apache.hadoop.http.lib.StaticUserWebFilter$StaticUserFilter) to context logs
2019-07-16 14:36:29,081 INFO  http.HttpServer2 (HttpServer2.java:bindListener(1191)) - Jetty bound to port 38324
2019-07-16 14:36:29,081 INFO  server.Server (Server.java:doStart(351)) - jetty-9.3.24.v20180605, build timestamp: 2018-06-05T17:11:56Z, git hash: 84205aa28f11a4f31f2a3b86d1bba2cc8ab69827
2019-07-16 14:36:29,082 INFO  handler.ContextHandler (ContextHandler.java:doStart(781)) - Started o.e.j.s.ServletContextHandler@58d79479{/logs,file:///workdir/hadoop-ozone/integration-test/target/log,AVAILABLE}
2019-07-16 14:36:29,083 INFO  handler.ContextHandler (ContextHandler.java:doStart(781)) - Started o.e.j.s.ServletContextHandler@495f7ca4{/static,jar:file:/home/user/.m2/repository/org/apache/hadoop/hadoop-hdds-container-service/0.4.1-SNAPSHOT/hadoop-hdds-container-service-0.4.1-SNAPSHOT.jar!/webapps/static,AVAILABLE}
2019-07-16 14:36:29,106 INFO  handler.ContextHandler (ContextHandler.java:doStart(781)) - Started o.e.j.w.WebAppContext@220f6a3c{/,file:///tmp/jetty-0.0.0.0-38324-hddsDatanode-_-any-3305745253921234295.dir/webapp/,AVAILABLE}{/hddsDatanode}
2019-07-16 14:36:29,106 INFO  server.AbstractConnector (AbstractConnector.java:doStart(278)) - Started ServerConnector@5eb041b5{HTTP/1.1,[http/1.1]}{0.0.0.0:38324}
2019-07-16 14:36:29,109 INFO  server.Server (Server.java:doStart(419)) - Started @45071ms
2019-07-16 14:36:29,110 INFO  server.BaseHttpServer (BaseHttpServer.java:updateConnectorAddress(207)) - HTTP server of HDDSDATANODE is listening at http://0.0.0.0:38324
2019-07-16 14:36:29,195 INFO  ozone.HddsDatanodeService (HddsDatanodeService.java:startPlugins(396)) - Started plug-in org.apache.hadoop.ozone.web.OzoneHddsDatanodeService@6a4f7c17
2019-07-16 14:36:29,196 INFO  ozone.MiniOzoneClusterImpl (MiniOzoneClusterImpl.java:lambda$waitForClusterToBeReady$0(142)) - Waiting for cluster to be ready. Got 0 of 7 DN Heartbeats.
2019-07-16 14:36:29,200 INFO  util.JvmPauseMonitor (JvmPauseMonitor.java:run(188)) - Starting JVM pause monitor
2019-07-16 14:36:29,201 INFO  datanode.InitDatanodeState (InitDatanodeState.java:persistContainerDatanodeDetails(140)) - DatanodeDetails is persisted to /workdir/hadoop-ozone/integration-test/target/test-dir/MiniOzoneClusterImpl-2fd49abb-6f62-449c-9a67-7114492b2ee9/datanode-6/meta/datanode.id
2019-07-16 14:36:30,164 INFO  ozoneimpl.OzoneContainer (OzoneContainer.java:start(186)) - Attempting to start container services.
2019-07-16 14:36:30,164 INFO  ozoneimpl.OzoneContainer (OzoneContainer.java:startContainerScrub(160)) - Background container scrubber has been disabled by hdds.containerscrub.enabled
2019-07-16 14:36:30,164 INFO  ratis.XceiverServerRatis (XceiverServerRatis.java:start(418)) - Starting XceiverServerRatis 05db247d-740e-4a28-8f98-6376453fe824 at port 0
2019-07-16 14:36:30,168 INFO  impl.RaftServerProxy (RaftServerProxy.java:lambda$start$3(299)) - 05db247d-740e-4a28-8f98-6376453fe824: start RPC server
2019-07-16 14:36:30,169 INFO  server.GrpcService (GrpcService.java:startImpl(149)) - 05db247d-740e-4a28-8f98-6376453fe824: GrpcService started, listening on 0.0.0.0/0.0.0.0:42455
2019-07-16 14:36:30,169 INFO  ratis.XceiverServerRatis (XceiverServerRatis.java:start(428)) - XceiverServerRatis 05db247d-740e-4a28-8f98-6376453fe824 is started using port 42455
2019-07-16 14:36:30,169 INFO  server.XceiverServerGrpc (XceiverServerGrpc.java:start(160)) - XceiverServerGrpc 05db247d-740e-4a28-8f98-6376453fe824 is started using port 32925
2019-07-16 14:36:30,196 INFO  ozone.MiniOzoneClusterImpl (MiniOzoneClusterImpl.java:lambda$waitForClusterToBeReady$0(142)) - Waiting for cluster to be ready. Got 0 of 7 DN Heartbeats.
2019-07-16 14:36:30,415 INFO  ozoneimpl.OzoneContainer (OzoneContainer.java:start(186)) - Attempting to start container services.
2019-07-16 14:36:30,415 INFO  ozoneimpl.OzoneContainer (OzoneContainer.java:startContainerScrub(160)) - Background container scrubber has been disabled by hdds.containerscrub.enabled
2019-07-16 14:36:30,415 INFO  ratis.XceiverServerRatis (XceiverServerRatis.java:start(418)) - Starting XceiverServerRatis 2d24ff93-5e56-4080-b028-9b16d6e96cde at port 0
2019-07-16 14:36:30,421 INFO  impl.RaftServerProxy (RaftServerProxy.java:lambda$start$3(299)) - 2d24ff93-5e56-4080-b028-9b16d6e96cde: start RPC server
2019-07-16 14:36:30,422 INFO  server.GrpcService (GrpcService.java:startImpl(149)) - 2d24ff93-5e56-4080-b028-9b16d6e96cde: GrpcService started, listening on 0.0.0.0/0.0.0.0:46479
2019-07-16 14:36:30,422 INFO  ratis.XceiverServerRatis (XceiverServerRatis.java:start(428)) - XceiverServerRatis 2d24ff93-5e56-4080-b028-9b16d6e96cde is started using port 46479
2019-07-16 14:36:30,423 INFO  server.XceiverServerGrpc (XceiverServerGrpc.java:start(160)) - XceiverServerGrpc 2d24ff93-5e56-4080-b028-9b16d6e96cde is started using port 46631
2019-07-16 14:36:30,564 INFO  ozoneimpl.OzoneContainer (OzoneContainer.java:start(186)) - Attempting to start container services.
2019-07-16 14:36:30,564 INFO  ozoneimpl.OzoneContainer (OzoneContainer.java:startContainerScrub(160)) - Background container scrubber has been disabled by hdds.containerscrub.enabled
2019-07-16 14:36:30,564 INFO  ratis.XceiverServerRatis (XceiverServerRatis.java:start(418)) - Starting XceiverServerRatis 42b13e68-5a55-4074-bc1a-ac1414cc1e9f at port 0
2019-07-16 14:36:30,570 INFO  impl.RaftServerProxy (RaftServerProxy.java:lambda$start$3(299)) - 42b13e68-5a55-4074-bc1a-ac1414cc1e9f: start RPC server
2019-07-16 14:36:30,571 INFO  server.GrpcService (GrpcService.java:startImpl(149)) - 42b13e68-5a55-4074-bc1a-ac1414cc1e9f: GrpcService started, listening on 0.0.0.0/0.0.0.0:35457
2019-07-16 14:36:30,571 INFO  ratis.XceiverServerRatis (XceiverServerRatis.java:start(428)) - XceiverServerRatis 42b13e68-5a55-4074-bc1a-ac1414cc1e9f is started using port 35457
2019-07-16 14:36:30,571 INFO  server.XceiverServerGrpc (XceiverServerGrpc.java:start(160)) - XceiverServerGrpc 42b13e68-5a55-4074-bc1a-ac1414cc1e9f is started using port 38330
2019-07-16 14:36:30,714 INFO  ozoneimpl.OzoneContainer (OzoneContainer.java:start(186)) - Attempting to start container services.
2019-07-16 14:36:30,715 INFO  ozoneimpl.OzoneContainer (OzoneContainer.java:startContainerScrub(160)) - Background container scrubber has been disabled by hdds.containerscrub.enabled
2019-07-16 14:36:30,715 INFO  ratis.XceiverServerRatis (XceiverServerRatis.java:start(418)) - Starting XceiverServerRatis 476b27cc-aff9-4049-9fb6-34ee5d68bcdd at port 0
2019-07-16 14:36:30,722 INFO  impl.RaftServerProxy (RaftServerProxy.java:lambda$start$3(299)) - 476b27cc-aff9-4049-9fb6-34ee5d68bcdd: start RPC server
2019-07-16 14:36:30,723 INFO  server.GrpcService (GrpcService.java:startImpl(149)) - 476b27cc-aff9-4049-9fb6-34ee5d68bcdd: GrpcService started, listening on 0.0.0.0/0.0.0.0:42618
2019-07-16 14:36:30,723 INFO  ratis.XceiverServerRatis (XceiverServerRatis.java:start(428)) - XceiverServerRatis 476b27cc-aff9-4049-9fb6-34ee5d68bcdd is started using port 42618
2019-07-16 14:36:30,728 INFO  server.XceiverServerGrpc (XceiverServerGrpc.java:start(160)) - XceiverServerGrpc 476b27cc-aff9-4049-9fb6-34ee5d68bcdd is started using port 34373
2019-07-16 14:36:30,883 INFO  ozoneimpl.OzoneContainer (OzoneContainer.java:start(186)) - Attempting to start container services.
2019-07-16 14:36:30,884 INFO  ozoneimpl.OzoneContainer (OzoneContainer.java:startContainerScrub(160)) - Background container scrubber has been disabled by hdds.containerscrub.enabled
2019-07-16 14:36:30,884 INFO  ratis.XceiverServerRatis (XceiverServerRatis.java:start(418)) - Starting XceiverServerRatis e997601e-2389-4865-a7f7-e45d1f8ec3ef at port 0
2019-07-16 14:36:30,889 INFO  impl.RaftServerProxy (RaftServerProxy.java:lambda$start$3(299)) - e997601e-2389-4865-a7f7-e45d1f8ec3ef: start RPC server
2019-07-16 14:36:30,908 INFO  server.GrpcService (GrpcService.java:startImpl(149)) - e997601e-2389-4865-a7f7-e45d1f8ec3ef: GrpcService started, listening on 0.0.0.0/0.0.0.0:33376
2019-07-16 14:36:30,908 INFO  ratis.XceiverServerRatis (XceiverServerRatis.java:start(428)) - XceiverServerRatis e997601e-2389-4865-a7f7-e45d1f8ec3ef is started using port 33376
2019-07-16 14:36:30,909 INFO  server.XceiverServerGrpc (XceiverServerGrpc.java:start(160)) - XceiverServerGrpc e997601e-2389-4865-a7f7-e45d1f8ec3ef is started using port 46857
2019-07-16 14:36:31,053 INFO  ozoneimpl.OzoneContainer (OzoneContainer.java:start(186)) - Attempting to start container services.
2019-07-16 14:36:31,053 INFO  ozoneimpl.OzoneContainer (OzoneContainer.java:startContainerScrub(160)) - Background container scrubber has been disabled by hdds.containerscrub.enabled
2019-07-16 14:36:31,054 INFO  ratis.XceiverServerRatis (XceiverServerRatis.java:start(418)) - Starting XceiverServerRatis e402b569-a738-4e47-b2c1-a8efc6f74657 at port 0
2019-07-16 14:36:31,059 INFO  impl.RaftServerProxy (RaftServerProxy.java:lambda$start$3(299)) - e402b569-a738-4e47-b2c1-a8efc6f74657: start RPC server
2019-07-16 14:36:31,060 INFO  server.GrpcService (GrpcService.java:startImpl(149)) - e402b569-a738-4e47-b2c1-a8efc6f74657: GrpcService started, listening on 0.0.0.0/0.0.0.0:41408
2019-07-16 14:36:31,060 INFO  ratis.XceiverServerRatis (XceiverServerRatis.java:start(428)) - XceiverServerRatis e402b569-a738-4e47-b2c1-a8efc6f74657 is started using port 41408
2019-07-16 14:36:31,081 INFO  server.XceiverServerGrpc (XceiverServerGrpc.java:start(160)) - XceiverServerGrpc e402b569-a738-4e47-b2c1-a8efc6f74657 is started using port 34451
2019-07-16 14:36:31,196 INFO  ozone.MiniOzoneClusterImpl (MiniOzoneClusterImpl.java:lambda$waitForClusterToBeReady$0(142)) - Waiting for cluster to be ready. Got 0 of 7 DN Heartbeats.
2019-07-16 14:36:31,214 INFO  ozoneimpl.OzoneContainer (OzoneContainer.java:start(186)) - Attempting to start container services.
2019-07-16 14:36:31,214 INFO  ozoneimpl.OzoneContainer (OzoneContainer.java:startContainerScrub(160)) - Background container scrubber has been disabled by hdds.containerscrub.enabled
2019-07-16 14:36:31,214 INFO  ratis.XceiverServerRatis (XceiverServerRatis.java:start(418)) - Starting XceiverServerRatis 40425d87-7681-4d3f-a82a-a1f688687ff9 at port 0
2019-07-16 14:36:31,219 INFO  impl.RaftServerProxy (RaftServerProxy.java:lambda$start$3(299)) - 40425d87-7681-4d3f-a82a-a1f688687ff9: start RPC server
2019-07-16 14:36:31,220 INFO  server.GrpcService (GrpcService.java:startImpl(149)) - 40425d87-7681-4d3f-a82a-a1f688687ff9: GrpcService started, listening on 0.0.0.0/0.0.0.0:34288
2019-07-16 14:36:31,221 INFO  ratis.XceiverServerRatis (XceiverServerRatis.java:start(428)) - XceiverServerRatis 40425d87-7681-4d3f-a82a-a1f688687ff9 is started using port 34288
2019-07-16 14:36:31,221 INFO  server.XceiverServerGrpc (XceiverServerGrpc.java:start(160)) - XceiverServerGrpc 40425d87-7681-4d3f-a82a-a1f688687ff9 is started using port 41570
2019-07-16 14:36:32,141 INFO  net.NetworkTopology (NetworkTopologyImpl.java:add(109)) - Added a new node: /default-rack/192.168.5.141
2019-07-16 14:36:32,146 INFO  node.SCMNodeManager (SCMNodeManager.java:register(268)) - Registered Data node : 05db247d-740e-4a28-8f98-6376453fe824{ip: 192.168.5.141, host: byscane-nightly-ppzk5-1864156943, networkLocation: /default-rack, certSerialId: null}
2019-07-16 14:36:32,147 INFO  safemode.SCMSafeModeManager (DataNodeSafeModeRule.java:process(71)) - SCM in safe mode. 1 DataNodes registered, 1 required.
2019-07-16 14:36:32,151 INFO  safemode.SCMSafeModeManager (SCMSafeModeManager.java:validateSafeModeExitRules(177)) - ScmSafeModeManager, all rules are successfully validated
2019-07-16 14:36:32,151 INFO  safemode.SCMSafeModeManager (SCMSafeModeManager.java:exitSafeMode(193)) - SCM exiting safe mode.
2019-07-16 14:36:32,179 INFO  impl.RaftServerProxy (RaftServerProxy.java:addNew(89)) - 05db247d-740e-4a28-8f98-6376453fe824: addNew group-5FCA4558A741:[05db247d-740e-4a28-8f98-6376453fe824:192.168.5.141:42455] returns group-5FCA4558A741:java.util.concurrent.CompletableFuture@24a32be0[Not completed]
2019-07-16 14:36:32,181 INFO  impl.RaftServerImpl (RaftServerImpl.java:<init>(93)) - 05db247d-740e-4a28-8f98-6376453fe824: new RaftServerImpl for group-5FCA4558A741:[05db247d-740e-4a28-8f98-6376453fe824:192.168.5.141:42455] with ContainerStateMachine:uninitialized
2019-07-16 14:36:32,181 INFO  server.RaftServerConfigKeys (ConfUtils.java:logGet(43)) - raft.server.rpc.timeout.min = 5s (custom)
2019-07-16 14:36:32,181 INFO  server.RaftServerConfigKeys (ConfUtils.java:logGet(43)) - raft.server.rpc.timeout.max = 5200ms (custom)
2019-07-16 14:36:32,181 INFO  server.RaftServerConfigKeys (ConfUtils.java:logGet(43)) - raft.server.rpcslowness.timeout = 120s (custom)
2019-07-16 14:36:32,181 INFO  server.RaftServerConfigKeys (ConfUtils.java:logGet(43)) - raft.server.sleep.deviation.threshold = 300 (default)
2019-07-16 14:36:32,181 INFO  server.RaftServerConfigKeys (ConfUtils.java:logGet(43)) - raft.server.log.appender.install.snapshot.enabled = false (custom)
2019-07-16 14:36:32,182 INFO  impl.RaftServerImpl (ServerState.java:<init>(105)) - 05db247d-740e-4a28-8f98-6376453fe824:group-5FCA4558A741 ConfigurationManager, init=-1: [05db247d-740e-4a28-8f98-6376453fe824:192.168.5.141:42455], old=null, confs=<EMPTY_MAP>
2019-07-16 14:36:32,182 INFO  server.RaftServerConfigKeys (ConfUtils.java:logGet(43)) - raft.server.storage.dir = [/workdir/hadoop-ozone/integration-test/target/test-dir/MiniOzoneClusterImpl-2fd49abb-6f62-449c-9a67-7114492b2ee9/datanode-0/data/ratis] (custom)
2019-07-16 14:36:32,182 INFO  storage.RaftStorageDirectory (RaftStorageDirectory.java:analyzeStorage(246)) - The storage directory /workdir/hadoop-ozone/integration-test/target/test-dir/MiniOzoneClusterImpl-2fd49abb-6f62-449c-9a67-7114492b2ee9/datanode-0/data/ratis/4cb05459-4394-47e3-b72f-5fca4558a741 does not exist. Creating ...
2019-07-16 14:36:32,188 INFO  storage.RaftStorageDirectory (RaftStorageDirectory.java:tryLock(328)) - Lock on /workdir/hadoop-ozone/integration-test/target/test-dir/MiniOzoneClusterImpl-2fd49abb-6f62-449c-9a67-7114492b2ee9/datanode-0/data/ratis/4cb05459-4394-47e3-b72f-5fca4558a741/in_use.lock acquired by nodename 28094@byscane-nightly-ppzk5-1864156943
2019-07-16 14:36:32,192 INFO  storage.RaftStorage (RaftStorage.java:format(72)) - Storage directory /workdir/hadoop-ozone/integration-test/target/test-dir/MiniOzoneClusterImpl-2fd49abb-6f62-449c-9a67-7114492b2ee9/datanode-0/data/ratis/4cb05459-4394-47e3-b72f-5fca4558a741 has been successfully formatted.
2019-07-16 14:36:32,192 INFO  ratis.ContainerStateMachine (ContainerStateMachine.java:loadSnapshot(199)) - group-5FCA4558A741: The snapshot info is null. Setting the last applied indexto:(t:0, i:~)
2019-07-16 14:36:32,192 INFO  server.RaftServerConfigKeys (ConfUtils.java:logGet(43)) - raft.server.leader.election.timeout = 120s (custom)
2019-07-16 14:36:32,193 INFO  server.RaftServerConfigKeys (ConfUtils.java:logGet(43)) - raft.server.log.use.memory = false (default)
2019-07-16 14:36:32,193 INFO  server.RaftServerConfigKeys (ConfUtils.java:logGet(43)) - raft.server.log.purge.gap = 1000000000 (custom)
2019-07-16 14:36:32,193 INFO  server.RaftServerConfigKeys (ConfUtils.java:logGet(43)) - raft.server.log.appender.buffer.byte-limit = 33554432 (custom)
2019-07-16 14:36:32,193 INFO  server.RaftServerConfigKeys (ConfUtils.java:logGet(43)) - raft.server.log.segment.size.max = 1048576 (custom)
2019-07-16 14:36:32,193 INFO  server.RaftServerConfigKeys (ConfUtils.java:logGet(43)) - raft.server.log.segment.cache.num.max = 2 (custom)
2019-07-16 14:36:32,194 INFO  segmented.SegmentedRaftLogWorker (SegmentedRaftLogWorker.java:<init>(172)) - new 05db247d-740e-4a28-8f98-6376453fe824-SegmentedRaftLogWorker:Storage Directory /workdir/hadoop-ozone/integration-test/target/test-dir/MiniOzoneClusterImpl-2fd49abb-6f62-449c-9a67-7114492b2ee9/datanode-0/data/ratis/4cb05459-4394-47e3-b72f-5fca4558a741 for RaftStorage:Storage Directory /workdir/hadoop-ozone/integration-test/target/test-dir/MiniOzoneClusterImpl-2fd49abb-6f62-449c-9a67-7114492b2ee9/datanode-0/data/ratis/4cb05459-4394-47e3-b72f-5fca4558a741
2019-07-16 14:36:32,194 INFO  server.RaftServerConfigKeys (ConfUtils.java:logGet(43)) - raft.server.log.queue.byte-limit = 2147483647 (custom)
2019-07-16 14:36:32,194 INFO  server.RaftServerConfigKeys (ConfUtils.java:logGet(43)) - raft.server.log.queue.element-limit = 1024 (custom)
2019-07-16 14:36:32,194 INFO  server.RaftServerConfigKeys (ConfUtils.java:logGet(43)) - raft.server.log.segment.size.max = 1048576 (custom)
2019-07-16 14:36:32,194 INFO  server.RaftServerConfigKeys (ConfUtils.java:logGet(43)) - raft.server.log.preallocated.size = 16384 (custom)
2019-07-16 14:36:32,195 INFO  server.RaftServerConfigKeys (ConfUtils.java:logGet(43)) - raft.server.log.write.buffer.size = 33554432 (custom)
2019-07-16 14:36:32,195 INFO  server.RaftServerConfigKeys (ConfUtils.java:logGet(43)) - raft.server.log.force.sync.num = 128 (default)
2019-07-16 14:36:32,195 INFO  server.RaftServerConfigKeys (ConfUtils.java:logGet(43)) - raft.server.log.statemachine.data.sync = true (default)
2019-07-16 14:36:32,195 INFO  server.RaftServerConfigKeys (ConfUtils.java:logGet(43)) - raft.server.log.statemachine.data.sync.timeout = 10s (default)
2019-07-16 14:36:32,195 INFO  server.RaftServerConfigKeys (ConfUtils.java:logGet(43)) - raft.server.log.statemachine.data.sync.timeout.retry = -1 (default)
2019-07-16 14:36:32,196 INFO  server.RaftServerConfigKeys (ConfUtils.java:logGet(43)) - raft.server.log.statemachine.data.caching.enabled = true (custom)
2019-07-16 14:36:32,196 INFO  segmented.SegmentedRaftLogWorker (SegmentedRaftLogWorker.java:lambda$new$0(132)) - 05db247d-740e-4a28-8f98-6376453fe824-SegmentedRaftLogWorker:Storage Directory /workdir/hadoop-ozone/integration-test/target/test-dir/MiniOzoneClusterImpl-2fd49abb-6f62-449c-9a67-7114492b2ee9/datanode-0/data/ratis/4cb05459-4394-47e3-b72f-5fca4558a741: flushIndex: setUnconditionally 0 -> -1
2019-07-16 14:36:32,196 INFO  server.RaftServerConfigKeys (ConfUtils.java:logGet(43)) - raft.server.snapshot.auto.trigger.enabled = true (custom)
2019-07-16 14:36:32,196 INFO  server.RaftServerConfigKeys (ConfUtils.java:logGet(43)) - raft.server.snapshot.auto.trigger.threshold = 10000 (custom)
2019-07-16 14:36:32,197 INFO  ozone.MiniOzoneClusterImpl (MiniOzoneClusterImpl.java:lambda$waitForClusterToBeReady$0(142)) - Waiting for cluster to be ready. Got 1 of 7 DN Heartbeats.
2019-07-16 14:36:32,197 INFO  server.RaftServerConfigKeys (ConfUtils.java:logGet(43)) - raft.server.retrycache.expirytime = 600000ms (custom)
2019-07-16 14:36:32,197 INFO  impl.RaftServerImpl (RaftServerImpl.java:start(180)) - 05db247d-740e-4a28-8f98-6376453fe824: start group-5FCA4558A741
2019-07-16 14:36:32,197 INFO  impl.RaftServerImpl (RaftServerImpl.java:setRole(171)) - 05db247d-740e-4a28-8f98-6376453fe824:group-5FCA4558A741 changes role from null to FOLLOWER at term 0 for startAsFollower
2019-07-16 14:36:32,197 INFO  impl.RoleInfo (RoleInfo.java:updateAndGet(143)) - 05db247d-740e-4a28-8f98-6376453fe824: start FollowerState
2019-07-16 14:36:32,198 INFO  util.JmxRegister (JmxRegister.java:tryRegister(44)) - Successfully registered JMX Bean with object name Ratis:service=RaftServer,group=group-5FCA4558A741,id=05db247d-740e-4a28-8f98-6376453fe824
2019-07-16 14:36:32,201 INFO  pipeline.PipelineStateManager (PipelineStateManager.java:addPipeline(56)) - Created pipeline Pipeline[ Id: 4cb05459-4394-47e3-b72f-5fca4558a741, Nodes: 05db247d-740e-4a28-8f98-6376453fe824{ip: 192.168.5.141, host: byscane-nightly-ppzk5-1864156943, networkLocation: /default-rack, certSerialId: null}, Type:RATIS, Factor:ONE, State:OPEN]
2019-07-16 14:36:32,392 INFO  node.SCMNodeManager (SCMNodeManager.java:register(268)) - Registered Data node : 2d24ff93-5e56-4080-b028-9b16d6e96cde{ip: 192.168.5.141, host: byscane-nightly-ppzk5-1864156943, networkLocation: /default-rack, certSerialId: null}
2019-07-16 14:36:32,404 INFO  impl.RaftServerProxy (RaftServerProxy.java:addNew(89)) - 2d24ff93-5e56-4080-b028-9b16d6e96cde: addNew group-4C2301089271:[2d24ff93-5e56-4080-b028-9b16d6e96cde:192.168.5.141:46479] returns group-4C2301089271:java.util.concurrent.CompletableFuture@28c7177b[Not completed]
2019-07-16 14:36:32,405 INFO  impl.RaftServerImpl (RaftServerImpl.java:<init>(93)) - 2d24ff93-5e56-4080-b028-9b16d6e96cde: new RaftServerImpl for group-4C2301089271:[2d24ff93-5e56-4080-b028-9b16d6e96cde:192.168.5.141:46479] with ContainerStateMachine:uninitialized
2019-07-16 14:36:32,405 INFO  server.RaftServerConfigKeys (ConfUtils.java:logGet(43)) - raft.server.rpc.timeout.min = 5s (custom)
2019-07-16 14:36:32,405 INFO  server.RaftServerConfigKeys (ConfUtils.java:logGet(43)) - raft.server.rpc.timeout.max = 5200ms (custom)
2019-07-16 14:36:32,406 INFO  server.RaftServerConfigKeys (ConfUtils.java:logGet(43)) - raft.server.rpcslowness.timeout = 120s (custom)
2019-07-16 14:36:32,406 INFO  server.RaftServerConfigKeys (ConfUtils.java:logGet(43)) - raft.server.sleep.deviation.threshold = 300 (default)
2019-07-16 14:36:32,406 INFO  server.RaftServerConfigKeys (ConfUtils.java:logGet(43)) - raft.server.log.appender.install.snapshot.enabled = false (custom)
2019-07-16 14:36:32,406 INFO  impl.RaftServerImpl (ServerState.java:<init>(105)) - 2d24ff93-5e56-4080-b028-9b16d6e96cde:group-4C2301089271 ConfigurationManager, init=-1: [2d24ff93-5e56-4080-b028-9b16d6e96cde:192.168.5.141:46479], old=null, confs=<EMPTY_MAP>
2019-07-16 14:36:32,406 INFO  server.RaftServerConfigKeys (ConfUtils.java:logGet(43)) - raft.server.storage.dir = [/workdir/hadoop-ozone/integration-test/target/test-dir/MiniOzoneClusterImpl-2fd49abb-6f62-449c-9a67-7114492b2ee9/datanode-1/data/ratis] (custom)
2019-07-16 14:36:32,406 INFO  storage.RaftStorageDirectory (RaftStorageDirectory.java:analyzeStorage(246)) - The storage directory /workdir/hadoop-ozone/integration-test/target/test-dir/MiniOzoneClusterImpl-2fd49abb-6f62-449c-9a67-7114492b2ee9/datanode-1/data/ratis/7bebeff2-7b70-4f45-9013-4c2301089271 does not exist. Creating ...
2019-07-16 14:36:32,420 INFO  storage.RaftStorageDirectory (RaftStorageDirectory.java:tryLock(328)) - Lock on /workdir/hadoop-ozone/integration-test/target/test-dir/MiniOzoneClusterImpl-2fd49abb-6f62-449c-9a67-7114492b2ee9/datanode-1/data/ratis/7bebeff2-7b70-4f45-9013-4c2301089271/in_use.lock acquired by nodename 28094@byscane-nightly-ppzk5-1864156943
2019-07-16 14:36:32,424 INFO  storage.RaftStorage (RaftStorage.java:format(72)) - Storage directory /workdir/hadoop-ozone/integration-test/target/test-dir/MiniOzoneClusterImpl-2fd49abb-6f62-449c-9a67-7114492b2ee9/datanode-1/data/ratis/7bebeff2-7b70-4f45-9013-4c2301089271 has been successfully formatted.
2019-07-16 14:36:32,424 INFO  ratis.ContainerStateMachine (ContainerStateMachine.java:loadSnapshot(199)) - group-4C2301089271: The snapshot info is null. Setting the last applied indexto:(t:0, i:~)
2019-07-16 14:36:32,424 INFO  server.RaftServerConfigKeys (ConfUtils.java:logGet(43)) - raft.server.leader.election.timeout = 120s (custom)
2019-07-16 14:36:32,424 INFO  server.RaftServerConfigKeys (ConfUtils.java:logGet(43)) - raft.server.log.use.memory = false (default)
2019-07-16 14:36:32,424 INFO  server.RaftServerConfigKeys (ConfUtils.java:logGet(43)) - raft.server.log.purge.gap = 1000000000 (custom)
2019-07-16 14:36:32,425 INFO  server.RaftServerConfigKeys (ConfUtils.java:logGet(43)) - raft.server.log.appender.buffer.byte-limit = 33554432 (custom)
2019-07-16 14:36:32,425 INFO  server.RaftServerConfigKeys (ConfUtils.java:logGet(43)) - raft.server.log.segment.size.max = 1048576 (custom)
2019-07-16 14:36:32,425 INFO  server.RaftServerConfigKeys (ConfUtils.java:logGet(43)) - raft.server.log.segment.cache.num.max = 2 (custom)
2019-07-16 14:36:32,425 INFO  segmented.SegmentedRaftLogWorker (SegmentedRaftLogWorker.java:<init>(172)) - new 2d24ff93-5e56-4080-b028-9b16d6e96cde-SegmentedRaftLogWorker:Storage Directory /workdir/hadoop-ozone/integration-test/target/test-dir/MiniOzoneClusterImpl-2fd49abb-6f62-449c-9a67-7114492b2ee9/datanode-1/data/ratis/7bebeff2-7b70-4f45-9013-4c2301089271 for RaftStorage:Storage Directory /workdir/hadoop-ozone/integration-test/target/test-dir/MiniOzoneClusterImpl-2fd49abb-6f62-449c-9a67-7114492b2ee9/datanode-1/data/ratis/7bebeff2-7b70-4f45-9013-4c2301089271
2019-07-16 14:36:32,425 INFO  server.RaftServerConfigKeys (ConfUtils.java:logGet(43)) - raft.server.log.queue.byte-limit = 2147483647 (custom)
2019-07-16 14:36:32,425 INFO  server.RaftServerConfigKeys (ConfUtils.java:logGet(43)) - raft.server.log.queue.element-limit = 1024 (custom)
2019-07-16 14:36:32,426 INFO  server.RaftServerConfigKeys (ConfUtils.java:logGet(43)) - raft.server.log.segment.size.max = 1048576 (custom)
2019-07-16 14:36:32,426 INFO  server.RaftServerConfigKeys (ConfUtils.java:logGet(43)) - raft.server.log.preallocated.size = 16384 (custom)
2019-07-16 14:36:32,426 INFO  server.RaftServerConfigKeys (ConfUtils.java:logGet(43)) - raft.server.log.write.buffer.size = 33554432 (custom)
2019-07-16 14:36:32,426 INFO  server.RaftServerConfigKeys (ConfUtils.java:logGet(43)) - raft.server.log.force.sync.num = 128 (default)
2019-07-16 14:36:32,426 INFO  server.RaftServerConfigKeys (ConfUtils.java:logGet(43)) - raft.server.log.statemachine.data.sync = true (default)
2019-07-16 14:36:32,426 INFO  server.RaftServerConfigKeys (ConfUtils.java:logGet(43)) - raft.server.log.statemachine.data.sync.timeout = 10s (default)
2019-07-16 14:36:32,426 INFO  server.RaftServerConfigKeys (ConfUtils.java:logGet(43)) - raft.server.log.statemachine.data.sync.timeout.retry = -1 (default)
2019-07-16 14:36:32,427 INFO  server.RaftServerConfigKeys (ConfUtils.java:logGet(43)) - raft.server.log.statemachine.data.caching.enabled = true (custom)
2019-07-16 14:36:32,427 INFO  segmented.SegmentedRaftLogWorker (SegmentedRaftLogWorker.java:lambda$new$0(132)) - 2d24ff93-5e56-4080-b028-9b16d6e96cde-SegmentedRaftLogWorker:Storage Directory /workdir/hadoop-ozone/integration-test/target/test-dir/MiniOzoneClusterImpl-2fd49abb-6f62-449c-9a67-7114492b2ee9/datanode-1/data/ratis/7bebeff2-7b70-4f45-9013-4c2301089271: flushIndex: setUnconditionally 0 -> -1
2019-07-16 14:36:32,427 INFO  server.RaftServerConfigKeys (ConfUtils.java:logGet(43)) - raft.server.snapshot.auto.trigger.enabled = true (custom)
2019-07-16 14:36:32,427 INFO  server.RaftServerConfigKeys (ConfUtils.java:logGet(43)) - raft.server.snapshot.auto.trigger.threshold = 10000 (custom)
2019-07-16 14:36:32,427 INFO  server.RaftServerConfigKeys (ConfUtils.java:logGet(43)) - raft.server.retrycache.expirytime = 600000ms (custom)
2019-07-16 14:36:32,428 INFO  impl.RaftServerImpl (RaftServerImpl.java:start(180)) - 2d24ff93-5e56-4080-b028-9b16d6e96cde: start group-4C2301089271
2019-07-16 14:36:32,428 INFO  impl.RaftServerImpl (RaftServerImpl.java:setRole(171)) - 2d24ff93-5e56-4080-b028-9b16d6e96cde:group-4C2301089271 changes role from null to FOLLOWER at term 0 for startAsFollower
2019-07-16 14:36:32,428 INFO  impl.RoleInfo (RoleInfo.java:updateAndGet(143)) - 2d24ff93-5e56-4080-b028-9b16d6e96cde: start FollowerState
2019-07-16 14:36:32,428 INFO  util.JmxRegister (JmxRegister.java:tryRegister(44)) - Successfully registered JMX Bean with object name Ratis:service=RaftServer,group=group-4C2301089271,id=2d24ff93-5e56-4080-b028-9b16d6e96cde
2019-07-16 14:36:32,431 INFO  pipeline.PipelineStateManager (PipelineStateManager.java:addPipeline(56)) - Created pipeline Pipeline[ Id: 7bebeff2-7b70-4f45-9013-4c2301089271, Nodes: 2d24ff93-5e56-4080-b028-9b16d6e96cde{ip: 192.168.5.141, host: byscane-nightly-ppzk5-1864156943, networkLocation: /default-rack, certSerialId: null}, Type:RATIS, Factor:ONE, State:OPEN]
2019-07-16 14:36:32,559 INFO  node.SCMNodeManager (SCMNodeManager.java:register(268)) - Registered Data node : 42b13e68-5a55-4074-bc1a-ac1414cc1e9f{ip: 192.168.5.141, host: byscane-nightly-ppzk5-1864156943, networkLocation: /default-rack, certSerialId: null}
2019-07-16 14:36:32,571 INFO  impl.RaftServerProxy (RaftServerProxy.java:addNew(89)) - 42b13e68-5a55-4074-bc1a-ac1414cc1e9f: addNew group-994A7FD6AF30:[42b13e68-5a55-4074-bc1a-ac1414cc1e9f:192.168.5.141:35457] returns group-994A7FD6AF30:java.util.concurrent.CompletableFuture@c5b85af[Not completed]
2019-07-16 14:36:32,572 INFO  impl.RaftServerImpl (RaftServerImpl.java:<init>(93)) - 42b13e68-5a55-4074-bc1a-ac1414cc1e9f: new RaftServerImpl for group-994A7FD6AF30:[42b13e68-5a55-4074-bc1a-ac1414cc1e9f:192.168.5.141:35457] with ContainerStateMachine:uninitialized
2019-07-16 14:36:32,572 INFO  server.RaftServerConfigKeys (ConfUtils.java:logGet(43)) - raft.server.rpc.timeout.min = 5s (custom)
2019-07-16 14:36:32,572 INFO  server.RaftServerConfigKeys (ConfUtils.java:logGet(43)) - raft.server.rpc.timeout.max = 5200ms (custom)
2019-07-16 14:36:32,573 INFO  server.RaftServerConfigKeys (ConfUtils.java:logGet(43)) - raft.server.rpcslowness.timeout = 120s (custom)
2019-07-16 14:36:32,573 INFO  server.RaftServerConfigKeys (ConfUtils.java:logGet(43)) - raft.server.sleep.deviation.threshold = 300 (default)
2019-07-16 14:36:32,573 INFO  server.RaftServerConfigKeys (ConfUtils.java:logGet(43)) - raft.server.log.appender.install.snapshot.enabled = false (custom)
2019-07-16 14:36:32,573 INFO  impl.RaftServerImpl (ServerState.java:<init>(105)) - 42b13e68-5a55-4074-bc1a-ac1414cc1e9f:group-994A7FD6AF30 ConfigurationManager, init=-1: [42b13e68-5a55-4074-bc1a-ac1414cc1e9f:192.168.5.141:35457], old=null, confs=<EMPTY_MAP>
2019-07-16 14:36:32,573 INFO  server.RaftServerConfigKeys (ConfUtils.java:logGet(43)) - raft.server.storage.dir = [/workdir/hadoop-ozone/integration-test/target/test-dir/MiniOzoneClusterImpl-2fd49abb-6f62-449c-9a67-7114492b2ee9/datanode-2/data/ratis] (custom)
2019-07-16 14:36:32,574 INFO  storage.RaftStorageDirectory (RaftStorageDirectory.java:analyzeStorage(246)) - The storage directory /workdir/hadoop-ozone/integration-test/target/test-dir/MiniOzoneClusterImpl-2fd49abb-6f62-449c-9a67-7114492b2ee9/datanode-2/data/ratis/fb061e00-0f31-4754-943f-994a7fd6af30 does not exist. Creating ...
2019-07-16 14:36:32,586 INFO  storage.RaftStorageDirectory (RaftStorageDirectory.java:tryLock(328)) - Lock on /workdir/hadoop-ozone/integration-test/target/test-dir/MiniOzoneClusterImpl-2fd49abb-6f62-449c-9a67-7114492b2ee9/datanode-2/data/ratis/fb061e00-0f31-4754-943f-994a7fd6af30/in_use.lock acquired by nodename 28094@byscane-nightly-ppzk5-1864156943
2019-07-16 14:36:32,590 INFO  storage.RaftStorage (RaftStorage.java:format(72)) - Storage directory /workdir/hadoop-ozone/integration-test/target/test-dir/MiniOzoneClusterImpl-2fd49abb-6f62-449c-9a67-7114492b2ee9/datanode-2/data/ratis/fb061e00-0f31-4754-943f-994a7fd6af30 has been successfully formatted.
2019-07-16 14:36:32,591 INFO  ratis.ContainerStateMachine (ContainerStateMachine.java:loadSnapshot(199)) - group-994A7FD6AF30: The snapshot info is null. Setting the last applied indexto:(t:0, i:~)
2019-07-16 14:36:32,591 INFO  server.RaftServerConfigKeys (ConfUtils.java:logGet(43)) - raft.server.leader.election.timeout = 120s (custom)
2019-07-16 14:36:32,591 INFO  server.RaftServerConfigKeys (ConfUtils.java:logGet(43)) - raft.server.log.use.memory = false (default)
2019-07-16 14:36:32,591 INFO  server.RaftServerConfigKeys (ConfUtils.java:logGet(43)) - raft.server.log.purge.gap = 1000000000 (custom)
2019-07-16 14:36:32,592 INFO  server.RaftServerConfigKeys (ConfUtils.java:logGet(43)) - raft.server.log.appender.buffer.byte-limit = 33554432 (custom)
2019-07-16 14:36:32,592 INFO  server.RaftServerConfigKeys (ConfUtils.java:logGet(43)) - raft.server.log.segment.size.max = 1048576 (custom)
2019-07-16 14:36:32,592 INFO  server.RaftServerConfigKeys (ConfUtils.java:logGet(43)) - raft.server.log.segment.cache.num.max = 2 (custom)
2019-07-16 14:36:32,592 INFO  segmented.SegmentedRaftLogWorker (SegmentedRaftLogWorker.java:<init>(172)) - new 42b13e68-5a55-4074-bc1a-ac1414cc1e9f-SegmentedRaftLogWorker:Storage Directory /workdir/hadoop-ozone/integration-test/target/test-dir/MiniOzoneClusterImpl-2fd49abb-6f62-449c-9a67-7114492b2ee9/datanode-2/data/ratis/fb061e00-0f31-4754-943f-994a7fd6af30 for RaftStorage:Storage Directory /workdir/hadoop-ozone/integration-test/target/test-dir/MiniOzoneClusterImpl-2fd49abb-6f62-449c-9a67-7114492b2ee9/datanode-2/data/ratis/fb061e00-0f31-4754-943f-994a7fd6af30
2019-07-16 14:36:32,593 INFO  server.RaftServerConfigKeys (ConfUtils.java:logGet(43)) - raft.server.log.queue.byte-limit = 2147483647 (custom)
2019-07-16 14:36:32,593 INFO  server.RaftServerConfigKeys (ConfUtils.java:logGet(43)) - raft.server.log.queue.element-limit = 1024 (custom)
2019-07-16 14:36:32,593 INFO  server.RaftServerConfigKeys (ConfUtils.java:logGet(43)) - raft.server.log.segment.size.max = 1048576 (custom)
2019-07-16 14:36:32,594 INFO  server.RaftServerConfigKeys (ConfUtils.java:logGet(43)) - raft.server.log.preallocated.size = 16384 (custom)
2019-07-16 14:36:32,594 INFO  server.RaftServerConfigKeys (ConfUtils.java:logGet(43)) - raft.server.log.write.buffer.size = 33554432 (custom)
2019-07-16 14:36:32,594 INFO  server.RaftServerConfigKeys (ConfUtils.java:logGet(43)) - raft.server.log.force.sync.num = 128 (default)
2019-07-16 14:36:32,594 INFO  server.RaftServerConfigKeys (ConfUtils.java:logGet(43)) - raft.server.log.statemachine.data.sync = true (default)
2019-07-16 14:36:32,595 INFO  server.RaftServerConfigKeys (ConfUtils.java:logGet(43)) - raft.server.log.statemachine.data.sync.timeout = 10s (default)
2019-07-16 14:36:32,595 INFO  server.RaftServerConfigKeys (ConfUtils.java:logGet(43)) - raft.server.log.statemachine.data.sync.timeout.retry = -1 (default)
2019-07-16 14:36:32,595 INFO  server.RaftServerConfigKeys (ConfUtils.java:logGet(43)) - raft.server.log.statemachine.data.caching.enabled = true (custom)
2019-07-16 14:36:32,596 INFO  segmented.SegmentedRaftLogWorker (SegmentedRaftLogWorker.java:lambda$new$0(132)) - 42b13e68-5a55-4074-bc1a-ac1414cc1e9f-SegmentedRaftLogWorker:Storage Directory /workdir/hadoop-ozone/integration-test/target/test-dir/MiniOzoneClusterImpl-2fd49abb-6f62-449c-9a67-7114492b2ee9/datanode-2/data/ratis/fb061e00-0f31-4754-943f-994a7fd6af30: flushIndex: setUnconditionally 0 -> -1
2019-07-16 14:36:32,596 INFO  server.RaftServerConfigKeys (ConfUtils.java:logGet(43)) - raft.server.snapshot.auto.trigger.enabled = true (custom)
2019-07-16 14:36:32,596 INFO  server.RaftServerConfigKeys (ConfUtils.java:logGet(43)) - raft.server.snapshot.auto.trigger.threshold = 10000 (custom)
2019-07-16 14:36:32,597 INFO  server.RaftServerConfigKeys (ConfUtils.java:logGet(43)) - raft.server.retrycache.expirytime = 600000ms (custom)
2019-07-16 14:36:32,597 INFO  impl.RaftServerImpl (RaftServerImpl.java:start(180)) - 42b13e68-5a55-4074-bc1a-ac1414cc1e9f: start group-994A7FD6AF30
2019-07-16 14:36:32,597 INFO  impl.RaftServerImpl (RaftServerImpl.java:setRole(171)) - 42b13e68-5a55-4074-bc1a-ac1414cc1e9f:group-994A7FD6AF30 changes role from null to FOLLOWER at term 0 for startAsFollower
2019-07-16 14:36:32,598 INFO  impl.RoleInfo (RoleInfo.java:updateAndGet(143)) - 42b13e68-5a55-4074-bc1a-ac1414cc1e9f: start FollowerState
2019-07-16 14:36:32,598 INFO  util.JmxRegister (JmxRegister.java:tryRegister(44)) - Successfully registered JMX Bean with object name Ratis:service=RaftServer,group=group-994A7FD6AF30,id=42b13e68-5a55-4074-bc1a-ac1414cc1e9f
2019-07-16 14:36:32,601 INFO  pipeline.PipelineStateManager (PipelineStateManager.java:addPipeline(56)) - Created pipeline Pipeline[ Id: fb061e00-0f31-4754-943f-994a7fd6af30, Nodes: 42b13e68-5a55-4074-bc1a-ac1414cc1e9f{ip: 192.168.5.141, host: byscane-nightly-ppzk5-1864156943, networkLocation: /default-rack, certSerialId: null}, Type:RATIS, Factor:ONE, State:OPEN]
2019-07-16 14:36:32,631 INFO  impl.RaftServerProxy (RaftServerProxy.java:addNew(89)) - 42b13e68-5a55-4074-bc1a-ac1414cc1e9f: addNew group-D5FA4616B46B:[05db247d-740e-4a28-8f98-6376453fe824:192.168.5.141:42455, 42b13e68-5a55-4074-bc1a-ac1414cc1e9f:192.168.5.141:35457, 2d24ff93-5e56-4080-b028-9b16d6e96cde:192.168.5.141:46479] returns group-D5FA4616B46B:java.util.concurrent.CompletableFuture@383a55e9[Not completed]
2019-07-16 14:36:32,631 INFO  impl.RaftServerProxy (RaftServerProxy.java:addNew(89)) - 05db247d-740e-4a28-8f98-6376453fe824: addNew group-D5FA4616B46B:[05db247d-740e-4a28-8f98-6376453fe824:192.168.5.141:42455, 42b13e68-5a55-4074-bc1a-ac1414cc1e9f:192.168.5.141:35457, 2d24ff93-5e56-4080-b028-9b16d6e96cde:192.168.5.141:46479] returns group-D5FA4616B46B:java.util.concurrent.CompletableFuture@12f67a80[Not completed]
2019-07-16 14:36:32,631 INFO  impl.RaftServerProxy (RaftServerProxy.java:addNew(89)) - 2d24ff93-5e56-4080-b028-9b16d6e96cde: addNew group-D5FA4616B46B:[05db247d-740e-4a28-8f98-6376453fe824:192.168.5.141:42455, 42b13e68-5a55-4074-bc1a-ac1414cc1e9f:192.168.5.141:35457, 2d24ff93-5e56-4080-b028-9b16d6e96cde:192.168.5.141:46479] returns group-D5FA4616B46B:java.util.concurrent.CompletableFuture@3fbf1a3b[Not completed]
2019-07-16 14:36:32,632 INFO  impl.RaftServerImpl (RaftServerImpl.java:<init>(93)) - 2d24ff93-5e56-4080-b028-9b16d6e96cde: new RaftServerImpl for group-D5FA4616B46B:[05db247d-740e-4a28-8f98-6376453fe824:192.168.5.141:42455, 42b13e68-5a55-4074-bc1a-ac1414cc1e9f:192.168.5.141:35457, 2d24ff93-5e56-4080-b028-9b16d6e96cde:192.168.5.141:46479] with ContainerStateMachine:uninitialized
2019-07-16 14:36:32,632 INFO  server.RaftServerConfigKeys (ConfUtils.java:logGet(43)) - raft.server.rpc.timeout.min = 5s (custom)
2019-07-16 14:36:32,632 INFO  server.RaftServerConfigKeys (ConfUtils.java:logGet(43)) - raft.server.rpc.timeout.max = 5200ms (custom)
2019-07-16 14:36:32,632 INFO  impl.RaftServerImpl (RaftServerImpl.java:<init>(93)) - 05db247d-740e-4a28-8f98-6376453fe824: new RaftServerImpl for group-D5FA4616B46B:[05db247d-740e-4a28-8f98-6376453fe824:192.168.5.141:42455, 42b13e68-5a55-4074-bc1a-ac1414cc1e9f:192.168.5.141:35457, 2d24ff93-5e56-4080-b028-9b16d6e96cde:192.168.5.141:46479] with ContainerStateMachine:uninitialized
2019-07-16 14:36:32,632 INFO  server.RaftServerConfigKeys (ConfUtils.java:logGet(43)) - raft.server.rpcslowness.timeout = 120s (custom)
2019-07-16 14:36:32,632 INFO  server.RaftServerConfigKeys (ConfUtils.java:logGet(43)) - raft.server.rpc.timeout.min = 5s (custom)
2019-07-16 14:36:32,632 INFO  server.RaftServerConfigKeys (ConfUtils.java:logGet(43)) - raft.server.sleep.deviation.threshold = 300 (default)
2019-07-16 14:36:32,632 INFO  impl.RaftServerImpl (RaftServerImpl.java:<init>(93)) - 42b13e68-5a55-4074-bc1a-ac1414cc1e9f: new RaftServerImpl for group-D5FA4616B46B:[05db247d-740e-4a28-8f98-6376453fe824:192.168.5.141:42455, 42b13e68-5a55-4074-bc1a-ac1414cc1e9f:192.168.5.141:35457, 2d24ff93-5e56-4080-b028-9b16d6e96cde:192.168.5.141:46479] with ContainerStateMachine:uninitialized
2019-07-16 14:36:32,633 INFO  server.RaftServerConfigKeys (ConfUtils.java:logGet(43)) - raft.server.log.appender.install.snapshot.enabled = false (custom)
2019-07-16 14:36:32,633 INFO  server.RaftServerConfigKeys (ConfUtils.java:logGet(43)) - raft.server.rpc.timeout.max = 5200ms (custom)
2019-07-16 14:36:32,633 INFO  impl.RaftServerImpl (ServerState.java:<init>(105)) - 2d24ff93-5e56-4080-b028-9b16d6e96cde:group-D5FA4616B46B ConfigurationManager, init=-1: [05db247d-740e-4a28-8f98-6376453fe824:192.168.5.141:42455, 42b13e68-5a55-4074-bc1a-ac1414cc1e9f:192.168.5.141:35457, 2d24ff93-5e56-4080-b028-9b16d6e96cde:192.168.5.141:46479], old=null, confs=<EMPTY_MAP>
2019-07-16 14:36:32,633 INFO  server.RaftServerConfigKeys (ConfUtils.java:logGet(43)) - raft.server.rpc.timeout.min = 5s (custom)
2019-07-16 14:36:32,633 INFO  server.RaftServerConfigKeys (ConfUtils.java:logGet(43)) - raft.server.storage.dir = [/workdir/hadoop-ozone/integration-test/target/test-dir/MiniOzoneClusterImpl-2fd49abb-6f62-449c-9a67-7114492b2ee9/datanode-1/data/ratis] (custom)
2019-07-16 14:36:32,633 INFO  server.RaftServerConfigKeys (ConfUtils.java:logGet(43)) - raft.server.rpcslowness.timeout = 120s (custom)
2019-07-16 14:36:32,633 INFO  server.RaftServerConfigKeys (ConfUtils.java:logGet(43)) - raft.server.rpc.timeout.max = 5200ms (custom)
2019-07-16 14:36:32,634 INFO  storage.RaftStorageDirectory (RaftStorageDirectory.java:analyzeStorage(246)) - The storage directory /workdir/hadoop-ozone/integration-test/target/test-dir/MiniOzoneClusterImpl-2fd49abb-6f62-449c-9a67-7114492b2ee9/datanode-1/data/ratis/dd15e6f4-63da-42e5-ab1d-d5fa4616b46b does not exist. Creating ...
2019-07-16 14:36:32,634 INFO  server.RaftServerConfigKeys (ConfUtils.java:logGet(43)) - raft.server.sleep.deviation.threshold = 300 (default)
2019-07-16 14:36:32,634 INFO  server.RaftServerConfigKeys (ConfUtils.java:logGet(43)) - raft.server.rpcslowness.timeout = 120s (custom)
2019-07-16 14:36:32,634 INFO  server.RaftServerConfigKeys (ConfUtils.java:logGet(43)) - raft.server.log.appender.install.snapshot.enabled = false (custom)
2019-07-16 14:36:32,634 INFO  server.RaftServerConfigKeys (ConfUtils.java:logGet(43)) - raft.server.sleep.deviation.threshold = 300 (default)
2019-07-16 14:36:32,634 INFO  impl.RaftServerImpl (ServerState.java:<init>(105)) - 05db247d-740e-4a28-8f98-6376453fe824:group-D5FA4616B46B ConfigurationManager, init=-1: [05db247d-740e-4a28-8f98-6376453fe824:192.168.5.141:42455, 42b13e68-5a55-4074-bc1a-ac1414cc1e9f:192.168.5.141:35457, 2d24ff93-5e56-4080-b028-9b16d6e96cde:192.168.5.141:46479], old=null, confs=<EMPTY_MAP>
2019-07-16 14:36:32,635 INFO  server.RaftServerConfigKeys (ConfUtils.java:logGet(43)) - raft.server.log.appender.install.snapshot.enabled = false (custom)
2019-07-16 14:36:32,635 INFO  server.RaftServerConfigKeys (ConfUtils.java:logGet(43)) - raft.server.storage.dir = [/workdir/hadoop-ozone/integration-test/target/test-dir/MiniOzoneClusterImpl-2fd49abb-6f62-449c-9a67-7114492b2ee9/datanode-0/data/ratis] (custom)
2019-07-16 14:36:32,635 INFO  impl.RaftServerImpl (ServerState.java:<init>(105)) - 42b13e68-5a55-4074-bc1a-ac1414cc1e9f:group-D5FA4616B46B ConfigurationManager, init=-1: [05db247d-740e-4a28-8f98-6376453fe824:192.168.5.141:42455, 42b13e68-5a55-4074-bc1a-ac1414cc1e9f:192.168.5.141:35457, 2d24ff93-5e56-4080-b028-9b16d6e96cde:192.168.5.141:46479], old=null, confs=<EMPTY_MAP>
2019-07-16 14:36:32,635 INFO  server.RaftServerConfigKeys (ConfUtils.java:logGet(43)) - raft.server.storage.dir = [/workdir/hadoop-ozone/integration-test/target/test-dir/MiniOzoneClusterImpl-2fd49abb-6f62-449c-9a67-7114492b2ee9/datanode-2/data/ratis] (custom)
2019-07-16 14:36:32,635 INFO  storage.RaftStorageDirectory (RaftStorageDirectory.java:analyzeStorage(246)) - The storage directory /workdir/hadoop-ozone/integration-test/target/test-dir/MiniOzoneClusterImpl-2fd49abb-6f62-449c-9a67-7114492b2ee9/datanode-0/data/ratis/dd15e6f4-63da-42e5-ab1d-d5fa4616b46b does not exist. Creating ...
2019-07-16 14:36:32,635 INFO  storage.RaftStorageDirectory (RaftStorageDirectory.java:analyzeStorage(246)) - The storage directory /workdir/hadoop-ozone/integration-test/target/test-dir/MiniOzoneClusterImpl-2fd49abb-6f62-449c-9a67-7114492b2ee9/datanode-2/data/ratis/dd15e6f4-63da-42e5-ab1d-d5fa4616b46b does not exist. Creating ...
2019-07-16 14:36:32,641 INFO  storage.RaftStorageDirectory (RaftStorageDirectory.java:tryLock(328)) - Lock on /workdir/hadoop-ozone/integration-test/target/test-dir/MiniOzoneClusterImpl-2fd49abb-6f62-449c-9a67-7114492b2ee9/datanode-2/data/ratis/dd15e6f4-63da-42e5-ab1d-d5fa4616b46b/in_use.lock acquired by nodename 28094@byscane-nightly-ppzk5-1864156943
2019-07-16 14:36:32,641 INFO  storage.RaftStorageDirectory (RaftStorageDirectory.java:tryLock(328)) - Lock on /workdir/hadoop-ozone/integration-test/target/test-dir/MiniOzoneClusterImpl-2fd49abb-6f62-449c-9a67-7114492b2ee9/datanode-1/data/ratis/dd15e6f4-63da-42e5-ab1d-d5fa4616b46b/in_use.lock acquired by nodename 28094@byscane-nightly-ppzk5-1864156943
2019-07-16 14:36:32,641 INFO  storage.RaftStorageDirectory (RaftStorageDirectory.java:tryLock(328)) - Lock on /workdir/hadoop-ozone/integration-test/target/test-dir/MiniOzoneClusterImpl-2fd49abb-6f62-449c-9a67-7114492b2ee9/datanode-0/data/ratis/dd15e6f4-63da-42e5-ab1d-d5fa4616b46b/in_use.lock acquired by nodename 28094@byscane-nightly-ppzk5-1864156943
2019-07-16 14:36:32,646 INFO  storage.RaftStorage (RaftStorage.java:format(72)) - Storage directory /workdir/hadoop-ozone/integration-test/target/test-dir/MiniOzoneClusterImpl-2fd49abb-6f62-449c-9a67-7114492b2ee9/datanode-2/data/ratis/dd15e6f4-63da-42e5-ab1d-d5fa4616b46b has been successfully formatted.
2019-07-16 14:36:32,646 INFO  storage.RaftStorage (RaftStorage.java:format(72)) - Storage directory /workdir/hadoop-ozone/integration-test/target/test-dir/MiniOzoneClusterImpl-2fd49abb-6f62-449c-9a67-7114492b2ee9/datanode-1/data/ratis/dd15e6f4-63da-42e5-ab1d-d5fa4616b46b has been successfully formatted.
2019-07-16 14:36:32,646 INFO  storage.RaftStorage (RaftStorage.java:format(72)) - Storage directory /workdir/hadoop-ozone/integration-test/target/test-dir/MiniOzoneClusterImpl-2fd49abb-6f62-449c-9a67-7114492b2ee9/datanode-0/data/ratis/dd15e6f4-63da-42e5-ab1d-d5fa4616b46b has been successfully formatted.
2019-07-16 14:36:32,646 INFO  ratis.ContainerStateMachine (ContainerStateMachine.java:loadSnapshot(199)) - group-D5FA4616B46B: The snapshot info is null. Setting the last applied indexto:(t:0, i:~)
2019-07-16 14:36:32,646 INFO  ratis.ContainerStateMachine (ContainerStateMachine.java:loadSnapshot(199)) - group-D5FA4616B46B: The snapshot info is null. Setting the last applied indexto:(t:0, i:~)
2019-07-16 14:36:32,646 INFO  server.RaftServerConfigKeys (ConfUtils.java:logGet(43)) - raft.server.leader.election.timeout = 120s (custom)
2019-07-16 14:36:32,646 INFO  ratis.ContainerStateMachine (ContainerStateMachine.java:loadSnapshot(199)) - group-D5FA4616B46B: The snapshot info is null. Setting the last applied indexto:(t:0, i:~)
2019-07-16 14:36:32,647 INFO  server.RaftServerConfigKeys (ConfUtils.java:logGet(43)) - raft.server.log.use.memory = false (default)
2019-07-16 14:36:32,647 INFO  server.RaftServerConfigKeys (ConfUtils.java:logGet(43)) - raft.server.leader.election.timeout = 120s (custom)
2019-07-16 14:36:32,647 INFO  server.RaftServerConfigKeys (ConfUtils.java:logGet(43)) - raft.server.log.purge.gap = 1000000000 (custom)
2019-07-16 14:36:32,647 INFO  server.RaftServerConfigKeys (ConfUtils.java:logGet(43)) - raft.server.leader.election.timeout = 120s (custom)
2019-07-16 14:36:32,647 INFO  server.RaftServerConfigKeys (ConfUtils.java:logGet(43)) - raft.server.log.appender.buffer.byte-limit = 33554432 (custom)
2019-07-16 14:36:32,647 INFO  server.RaftServerConfigKeys (ConfUtils.java:logGet(43)) - raft.server.log.use.memory = false (default)
2019-07-16 14:36:32,648 INFO  server.RaftServerConfigKeys (ConfUtils.java:logGet(43)) - raft.server.log.segment.size.max = 1048576 (custom)
2019-07-16 14:36:32,647 INFO  server.RaftServerConfigKeys (ConfUtils.java:logGet(43)) - raft.server.log.use.memory = false (default)
2019-07-16 14:36:32,648 INFO  server.RaftServerConfigKeys (ConfUtils.java:logGet(43)) - raft.server.log.segment.cache.num.max = 2 (custom)
2019-07-16 14:36:32,648 INFO  server.RaftServerConfigKeys (ConfUtils.java:logGet(43)) - raft.server.log.purge.gap = 1000000000 (custom)
2019-07-16 14:36:32,648 INFO  segmented.SegmentedRaftLogWorker (SegmentedRaftLogWorker.java:<init>(172)) - new 2d24ff93-5e56-4080-b028-9b16d6e96cde-SegmentedRaftLogWorker:Storage Directory /workdir/hadoop-ozone/integration-test/target/test-dir/MiniOzoneClusterImpl-2fd49abb-6f62-449c-9a67-7114492b2ee9/datanode-1/data/ratis/dd15e6f4-63da-42e5-ab1d-d5fa4616b46b for RaftStorage:Storage Directory /workdir/hadoop-ozone/integration-test/target/test-dir/MiniOzoneClusterImpl-2fd49abb-6f62-449c-9a67-7114492b2ee9/datanode-1/data/ratis/dd15e6f4-63da-42e5-ab1d-d5fa4616b46b
2019-07-16 14:36:32,648 INFO  server.RaftServerConfigKeys (ConfUtils.java:logGet(43)) - raft.server.log.purge.gap = 1000000000 (custom)
2019-07-16 14:36:32,649 INFO  server.RaftServerConfigKeys (ConfUtils.java:logGet(43)) - raft.server.log.queue.byte-limit = 2147483647 (custom)
2019-07-16 14:36:32,648 INFO  server.RaftServerConfigKeys (ConfUtils.java:logGet(43)) - raft.server.log.appender.buffer.byte-limit = 33554432 (custom)
2019-07-16 14:36:32,649 INFO  server.RaftServerConfigKeys (ConfUtils.java:logGet(43)) - raft.server.log.queue.element-limit = 1024 (custom)
2019-07-16 14:36:32,649 INFO  server.RaftServerConfigKeys (ConfUtils.java:logGet(43)) - raft.server.log.appender.buffer.byte-limit = 33554432 (custom)
2019-07-16 14:36:32,649 INFO  server.RaftServerConfigKeys (ConfUtils.java:logGet(43)) - raft.server.log.segment.size.max = 1048576 (custom)
2019-07-16 14:36:32,649 INFO  server.RaftServerConfigKeys (ConfUtils.java:logGet(43)) - raft.server.log.segment.size.max = 1048576 (custom)
2019-07-16 14:36:32,649 INFO  server.RaftServerConfigKeys (ConfUtils.java:logGet(43)) - raft.server.log.preallocated.size = 16384 (custom)
2019-07-16 14:36:32,649 INFO  server.RaftServerConfigKeys (ConfUtils.java:logGet(43)) - raft.server.log.segment.size.max = 1048576 (custom)
2019-07-16 14:36:32,650 INFO  server.RaftServerConfigKeys (ConfUtils.java:logGet(43)) - raft.server.log.write.buffer.size = 33554432 (custom)
2019-07-16 14:36:32,650 INFO  server.RaftServerConfigKeys (ConfUtils.java:logGet(43)) - raft.server.log.segment.cache.num.max = 2 (custom)
2019-07-16 14:36:32,650 INFO  server.RaftServerConfigKeys (ConfUtils.java:logGet(43)) - raft.server.log.force.sync.num = 128 (default)
2019-07-16 14:36:32,650 INFO  server.RaftServerConfigKeys (ConfUtils.java:logGet(43)) - raft.server.log.statemachine.data.sync = true (default)
2019-07-16 14:36:32,650 INFO  server.RaftServerConfigKeys (ConfUtils.java:logGet(43)) - raft.server.log.segment.cache.num.max = 2 (custom)
2019-07-16 14:36:32,651 INFO  server.RaftServerConfigKeys (ConfUtils.java:logGet(43)) - raft.server.log.statemachine.data.sync.timeout = 10s (default)
2019-07-16 14:36:32,650 INFO  segmented.SegmentedRaftLogWorker (SegmentedRaftLogWorker.java:<init>(172)) - new 42b13e68-5a55-4074-bc1a-ac1414cc1e9f-SegmentedRaftLogWorker:Storage Directory /workdir/hadoop-ozone/integration-test/target/test-dir/MiniOzoneClusterImpl-2fd49abb-6f62-449c-9a67-7114492b2ee9/datanode-2/data/ratis/dd15e6f4-63da-42e5-ab1d-d5fa4616b46b for RaftStorage:Storage Directory /workdir/hadoop-ozone/integration-test/target/test-dir/MiniOzoneClusterImpl-2fd49abb-6f62-449c-9a67-7114492b2ee9/datanode-2/data/ratis/dd15e6f4-63da-42e5-ab1d-d5fa4616b46b
2019-07-16 14:36:32,651 INFO  server.RaftServerConfigKeys (ConfUtils.java:logGet(43)) - raft.server.log.statemachine.data.sync.timeout.retry = -1 (default)
2019-07-16 14:36:32,651 INFO  segmented.SegmentedRaftLogWorker (SegmentedRaftLogWorker.java:<init>(172)) - new 05db247d-740e-4a28-8f98-6376453fe824-SegmentedRaftLogWorker:Storage Directory /workdir/hadoop-ozone/integration-test/target/test-dir/MiniOzoneClusterImpl-2fd49abb-6f62-449c-9a67-7114492b2ee9/datanode-0/data/ratis/dd15e6f4-63da-42e5-ab1d-d5fa4616b46b for RaftStorage:Storage Directory /workdir/hadoop-ozone/integration-test/target/test-dir/MiniOzoneClusterImpl-2fd49abb-6f62-449c-9a67-7114492b2ee9/datanode-0/data/ratis/dd15e6f4-63da-42e5-ab1d-d5fa4616b46b
2019-07-16 14:36:32,651 INFO  server.RaftServerConfigKeys (ConfUtils.java:logGet(43)) - raft.server.log.statemachine.data.caching.enabled = true (custom)
2019-07-16 14:36:32,651 INFO  server.RaftServerConfigKeys (ConfUtils.java:logGet(43)) - raft.server.log.queue.byte-limit = 2147483647 (custom)
2019-07-16 14:36:32,651 INFO  server.RaftServerConfigKeys (ConfUtils.java:logGet(43)) - raft.server.log.queue.byte-limit = 2147483647 (custom)
2019-07-16 14:36:32,652 INFO  segmented.SegmentedRaftLogWorker (SegmentedRaftLogWorker.java:lambda$new$0(132)) - 2d24ff93-5e56-4080-b028-9b16d6e96cde-SegmentedRaftLogWorker:Storage Directory /workdir/hadoop-ozone/integration-test/target/test-dir/MiniOzoneClusterImpl-2fd49abb-6f62-449c-9a67-7114492b2ee9/datanode-1/data/ratis/dd15e6f4-63da-42e5-ab1d-d5fa4616b46b: flushIndex: setUnconditionally 0 -> -1
2019-07-16 14:36:32,652 INFO  server.RaftServerConfigKeys (ConfUtils.java:logGet(43)) - raft.server.log.queue.element-limit = 1024 (custom)
2019-07-16 14:36:32,652 INFO  server.RaftServerConfigKeys (ConfUtils.java:logGet(43)) - raft.server.log.queue.element-limit = 1024 (custom)
2019-07-16 14:36:32,652 INFO  server.RaftServerConfigKeys (ConfUtils.java:logGet(43)) - raft.server.snapshot.auto.trigger.enabled = true (custom)
2019-07-16 14:36:32,652 INFO  server.RaftServerConfigKeys (ConfUtils.java:logGet(43)) - raft.server.log.segment.size.max = 1048576 (custom)
2019-07-16 14:36:32,652 INFO  server.RaftServerConfigKeys (ConfUtils.java:logGet(43)) - raft.server.snapshot.auto.trigger.threshold = 10000 (custom)
2019-07-16 14:36:32,652 INFO  server.RaftServerConfigKeys (ConfUtils.java:logGet(43)) - raft.server.log.segment.size.max = 1048576 (custom)
2019-07-16 14:36:32,653 INFO  server.RaftServerConfigKeys (ConfUtils.java:logGet(43)) - raft.server.retrycache.expirytime = 600000ms (custom)
2019-07-16 14:36:32,653 INFO  server.RaftServerConfigKeys (ConfUtils.java:logGet(43)) - raft.server.log.preallocated.size = 16384 (custom)
2019-07-16 14:36:32,653 INFO  impl.RaftServerImpl (RaftServerImpl.java:start(180)) - 2d24ff93-5e56-4080-b028-9b16d6e96cde: start group-D5FA4616B46B
2019-07-16 14:36:32,653 INFO  server.RaftServerConfigKeys (ConfUtils.java:logGet(43)) - raft.server.log.preallocated.size = 16384 (custom)
2019-07-16 14:36:32,653 INFO  impl.RaftServerImpl (RaftServerImpl.java:setRole(171)) - 2d24ff93-5e56-4080-b028-9b16d6e96cde:group-D5FA4616B46B changes role from null to FOLLOWER at term 0 for startAsFollower
2019-07-16 14:36:32,653 INFO  server.RaftServerConfigKeys (ConfUtils.java:logGet(43)) - raft.server.log.write.buffer.size = 33554432 (custom)
2019-07-16 14:36:32,654 INFO  impl.RoleInfo (RoleInfo.java:updateAndGet(143)) - 2d24ff93-5e56-4080-b028-9b16d6e96cde: start FollowerState
2019-07-16 14:36:32,654 INFO  server.RaftServerConfigKeys (ConfUtils.java:logGet(43)) - raft.server.log.write.buffer.size = 33554432 (custom)
2019-07-16 14:36:32,654 INFO  server.RaftServerConfigKeys (ConfUtils.java:logGet(43)) - raft.server.log.force.sync.num = 128 (default)
2019-07-16 14:36:32,654 INFO  server.RaftServerConfigKeys (ConfUtils.java:logGet(43)) - raft.server.log.force.sync.num = 128 (default)
2019-07-16 14:36:32,654 INFO  util.JmxRegister (JmxRegister.java:tryRegister(44)) - Successfully registered JMX Bean with object name Ratis:service=RaftServer,group=group-D5FA4616B46B,id=2d24ff93-5e56-4080-b028-9b16d6e96cde
2019-07-16 14:36:32,654 INFO  server.RaftServerConfigKeys (ConfUtils.java:logGet(43)) - raft.server.log.statemachine.data.sync = true (default)
2019-07-16 14:36:32,654 INFO  server.RaftServerConfigKeys (ConfUtils.java:logGet(43)) - raft.server.log.statemachine.data.sync = true (default)
2019-07-16 14:36:32,655 INFO  server.RaftServerConfigKeys (ConfUtils.java:logGet(43)) - raft.server.log.statemachine.data.sync.timeout = 10s (default)
2019-07-16 14:36:32,655 INFO  server.RaftServerConfigKeys (ConfUtils.java:logGet(43)) - raft.server.log.statemachine.data.sync.timeout = 10s (default)
2019-07-16 14:36:32,655 INFO  server.RaftServerConfigKeys (ConfUtils.java:logGet(43)) - raft.server.log.statemachine.data.sync.timeout.retry = -1 (default)
2019-07-16 14:36:32,655 INFO  server.RaftServerConfigKeys (ConfUtils.java:logGet(43)) - raft.server.log.statemachine.data.sync.timeout.retry = -1 (default)
2019-07-16 14:36:32,655 INFO  server.RaftServerConfigKeys (ConfUtils.java:logGet(43)) - raft.server.log.statemachine.data.caching.enabled = true (custom)
2019-07-16 14:36:32,656 INFO  server.RaftServerConfigKeys (ConfUtils.java:logGet(43)) - raft.server.log.statemachine.data.caching.enabled = true (custom)
2019-07-16 14:36:32,656 INFO  segmented.SegmentedRaftLogWorker (SegmentedRaftLogWorker.java:lambda$new$0(132)) - 42b13e68-5a55-4074-bc1a-ac1414cc1e9f-SegmentedRaftLogWorker:Storage Directory /workdir/hadoop-ozone/integration-test/target/test-dir/MiniOzoneClusterImpl-2fd49abb-6f62-449c-9a67-7114492b2ee9/datanode-2/data/ratis/dd15e6f4-63da-42e5-ab1d-d5fa4616b46b: flushIndex: setUnconditionally 0 -> -1
2019-07-16 14:36:32,656 INFO  segmented.SegmentedRaftLogWorker (SegmentedRaftLogWorker.java:lambda$new$0(132)) - 05db247d-740e-4a28-8f98-6376453fe824-SegmentedRaftLogWorker:Storage Directory /workdir/hadoop-ozone/integration-test/target/test-dir/MiniOzoneClusterImpl-2fd49abb-6f62-449c-9a67-7114492b2ee9/datanode-0/data/ratis/dd15e6f4-63da-42e5-ab1d-d5fa4616b46b: flushIndex: setUnconditionally 0 -> -1
2019-07-16 14:36:32,656 INFO  server.RaftServerConfigKeys (ConfUtils.java:logGet(43)) - raft.server.snapshot.auto.trigger.enabled = true (custom)
2019-07-16 14:36:32,656 INFO  server.RaftServerConfigKeys (ConfUtils.java:logGet(43)) - raft.server.snapshot.auto.trigger.threshold = 10000 (custom)
2019-07-16 14:36:32,656 INFO  server.RaftServerConfigKeys (ConfUtils.java:logGet(43)) - raft.server.snapshot.auto.trigger.enabled = true (custom)
2019-07-16 14:36:32,657 INFO  server.RaftServerConfigKeys (ConfUtils.java:logGet(43)) - raft.server.retrycache.expirytime = 600000ms (custom)
2019-07-16 14:36:32,657 INFO  server.RaftServerConfigKeys (ConfUtils.java:logGet(43)) - raft.server.snapshot.auto.trigger.threshold = 10000 (custom)
2019-07-16 14:36:32,657 INFO  impl.RaftServerImpl (RaftServerImpl.java:start(180)) - 42b13e68-5a55-4074-bc1a-ac1414cc1e9f: start group-D5FA4616B46B
2019-07-16 14:36:32,657 INFO  server.RaftServerConfigKeys (ConfUtils.java:logGet(43)) - raft.server.retrycache.expirytime = 600000ms (custom)
2019-07-16 14:36:32,657 INFO  impl.RaftServerImpl (RaftServerImpl.java:setRole(171)) - 42b13e68-5a55-4074-bc1a-ac1414cc1e9f:group-D5FA4616B46B changes role from null to FOLLOWER at term 0 for startAsFollower
2019-07-16 14:36:32,657 INFO  impl.RaftServerImpl (RaftServerImpl.java:start(180)) - 05db247d-740e-4a28-8f98-6376453fe824: start group-D5FA4616B46B
2019-07-16 14:36:32,657 INFO  impl.RoleInfo (RoleInfo.java:updateAndGet(143)) - 42b13e68-5a55-4074-bc1a-ac1414cc1e9f: start FollowerState
2019-07-16 14:36:32,657 INFO  impl.RaftServerImpl (RaftServerImpl.java:setRole(171)) - 05db247d-740e-4a28-8f98-6376453fe824:group-D5FA4616B46B changes role from null to FOLLOWER at term 0 for startAsFollower
2019-07-16 14:36:32,658 INFO  impl.RoleInfo (RoleInfo.java:updateAndGet(143)) - 05db247d-740e-4a28-8f98-6376453fe824: start FollowerState
2019-07-16 14:36:32,658 INFO  util.JmxRegister (JmxRegister.java:tryRegister(44)) - Successfully registered JMX Bean with object name Ratis:service=RaftServer,group=group-D5FA4616B46B,id=42b13e68-5a55-4074-bc1a-ac1414cc1e9f
2019-07-16 14:36:32,658 INFO  util.JmxRegister (JmxRegister.java:tryRegister(44)) - Successfully registered JMX Bean with object name Ratis:service=RaftServer,group=group-D5FA4616B46B,id=05db247d-740e-4a28-8f98-6376453fe824
2019-07-16 14:36:32,660 INFO  pipeline.PipelineStateManager (PipelineStateManager.java:addPipeline(56)) - Created pipeline Pipeline[ Id: dd15e6f4-63da-42e5-ab1d-d5fa4616b46b, Nodes: 05db247d-740e-4a28-8f98-6376453fe824{ip: 192.168.5.141, host: byscane-nightly-ppzk5-1864156943, networkLocation: /default-rack, certSerialId: null}42b13e68-5a55-4074-bc1a-ac1414cc1e9f{ip: 192.168.5.141, host: byscane-nightly-ppzk5-1864156943, networkLocation: /default-rack, certSerialId: null}2d24ff93-5e56-4080-b028-9b16d6e96cde{ip: 192.168.5.141, host: byscane-nightly-ppzk5-1864156943, networkLocation: /default-rack, certSerialId: null}, Type:RATIS, Factor:THREE, State:OPEN]
2019-07-16 14:36:32,709 INFO  node.SCMNodeManager (SCMNodeManager.java:register(268)) - Registered Data node : 476b27cc-aff9-4049-9fb6-34ee5d68bcdd{ip: 192.168.5.141, host: byscane-nightly-ppzk5-1864156943, networkLocation: /default-rack, certSerialId: null}
2019-07-16 14:36:32,721 INFO  impl.RaftServerProxy (RaftServerProxy.java:addNew(89)) - 476b27cc-aff9-4049-9fb6-34ee5d68bcdd: addNew group-E4085E75BC30:[476b27cc-aff9-4049-9fb6-34ee5d68bcdd:192.168.5.141:42618] returns group-E4085E75BC30:java.util.concurrent.CompletableFuture@38986fa5[Not completed]
2019-07-16 14:36:32,722 INFO  impl.RaftServerImpl (RaftServerImpl.java:<init>(93)) - 476b27cc-aff9-4049-9fb6-34ee5d68bcdd: new RaftServerImpl for group-E4085E75BC30:[476b27cc-aff9-4049-9fb6-34ee5d68bcdd:192.168.5.141:42618] with ContainerStateMachine:uninitialized
2019-07-16 14:36:32,722 INFO  server.RaftServerConfigKeys (ConfUtils.java:logGet(43)) - raft.server.rpc.timeout.min = 5s (custom)
2019-07-16 14:36:32,722 INFO  server.RaftServerConfigKeys (ConfUtils.java:logGet(43)) - raft.server.rpc.timeout.max = 5200ms (custom)
2019-07-16 14:36:32,723 INFO  server.RaftServerConfigKeys (ConfUtils.java:logGet(43)) - raft.server.rpcslowness.timeout = 120s (custom)
2019-07-16 14:36:32,723 INFO  server.RaftServerConfigKeys (ConfUtils.java:logGet(43)) - raft.server.sleep.deviation.threshold = 300 (default)
2019-07-16 14:36:32,723 INFO  server.RaftServerConfigKeys (ConfUtils.java:logGet(43)) - raft.server.log.appender.install.snapshot.enabled = false (custom)
2019-07-16 14:36:32,723 INFO  impl.RaftServerImpl (ServerState.java:<init>(105)) - 476b27cc-aff9-4049-9fb6-34ee5d68bcdd:group-E4085E75BC30 ConfigurationManager, init=-1: [476b27cc-aff9-4049-9fb6-34ee5d68bcdd:192.168.5.141:42618], old=null, confs=<EMPTY_MAP>
2019-07-16 14:36:32,723 INFO  server.RaftServerConfigKeys (ConfUtils.java:logGet(43)) - raft.server.storage.dir = [/workdir/hadoop-ozone/integration-test/target/test-dir/MiniOzoneClusterImpl-2fd49abb-6f62-449c-9a67-7114492b2ee9/datanode-3/data/ratis] (custom)
2019-07-16 14:36:32,723 INFO  storage.RaftStorageDirectory (RaftStorageDirectory.java:analyzeStorage(246)) - The storage directory /workdir/hadoop-ozone/integration-test/target/test-dir/MiniOzoneClusterImpl-2fd49abb-6f62-449c-9a67-7114492b2ee9/datanode-3/data/ratis/09388a2a-d21c-4e63-8ba3-e4085e75bc30 does not exist. Creating ...
2019-07-16 14:36:32,728 INFO  storage.RaftStorageDirectory (RaftStorageDirectory.java:tryLock(328)) - Lock on /workdir/hadoop-ozone/integration-test/target/test-dir/MiniOzoneClusterImpl-2fd49abb-6f62-449c-9a67-7114492b2ee9/datanode-3/data/ratis/09388a2a-d21c-4e63-8ba3-e4085e75bc30/in_use.lock acquired by nodename 28094@byscane-nightly-ppzk5-1864156943
2019-07-16 14:36:32,732 INFO  storage.RaftStorage (RaftStorage.java:format(72)) - Storage directory /workdir/hadoop-ozone/integration-test/target/test-dir/MiniOzoneClusterImpl-2fd49abb-6f62-449c-9a67-7114492b2ee9/datanode-3/data/ratis/09388a2a-d21c-4e63-8ba3-e4085e75bc30 has been successfully formatted.
2019-07-16 14:36:32,733 INFO  ratis.ContainerStateMachine (ContainerStateMachine.java:loadSnapshot(199)) - group-E4085E75BC30: The snapshot info is null. Setting the last applied indexto:(t:0, i:~)
2019-07-16 14:36:32,733 INFO  server.RaftServerConfigKeys (ConfUtils.java:logGet(43)) - raft.server.leader.election.timeout = 120s (custom)
2019-07-16 14:36:32,733 INFO  server.RaftServerConfigKeys (ConfUtils.java:logGet(43)) - raft.server.log.use.memory = false (default)
2019-07-16 14:36:32,733 INFO  server.RaftServerConfigKeys (ConfUtils.java:logGet(43)) - raft.server.log.purge.gap = 1000000000 (custom)
2019-07-16 14:36:32,733 INFO  server.RaftServerConfigKeys (ConfUtils.java:logGet(43)) - raft.server.log.appender.buffer.byte-limit = 33554432 (custom)
2019-07-16 14:36:32,733 INFO  server.RaftServerConfigKeys (ConfUtils.java:logGet(43)) - raft.server.log.segment.size.max = 1048576 (custom)
2019-07-16 14:36:32,733 INFO  server.RaftServerConfigKeys (ConfUtils.java:logGet(43)) - raft.server.log.segment.cache.num.max = 2 (custom)
2019-07-16 14:36:32,734 INFO  segmented.SegmentedRaftLogWorker (SegmentedRaftLogWorker.java:<init>(172)) - new 476b27cc-aff9-4049-9fb6-34ee5d68bcdd-SegmentedRaftLogWorker:Storage Directory /workdir/hadoop-ozone/integration-test/target/test-dir/MiniOzoneClusterImpl-2fd49abb-6f62-449c-9a67-7114492b2ee9/datanode-3/data/ratis/09388a2a-d21c-4e63-8ba3-e4085e75bc30 for RaftStorage:Storage Directory /workdir/hadoop-ozone/integration-test/target/test-dir/MiniOzoneClusterImpl-2fd49abb-6f62-449c-9a67-7114492b2ee9/datanode-3/data/ratis/09388a2a-d21c-4e63-8ba3-e4085e75bc30
2019-07-16 14:36:32,734 INFO  server.RaftServerConfigKeys (ConfUtils.java:logGet(43)) - raft.server.log.queue.byte-limit = 2147483647 (custom)
2019-07-16 14:36:32,734 INFO  server.RaftServerConfigKeys (ConfUtils.java:logGet(43)) - raft.server.log.queue.element-limit = 1024 (custom)
2019-07-16 14:36:32,734 INFO  server.RaftServerConfigKeys (ConfUtils.java:logGet(43)) - raft.server.log.segment.size.max = 1048576 (custom)
2019-07-16 14:36:32,734 INFO  server.RaftServerConfigKeys (ConfUtils.java:logGet(43)) - raft.server.log.preallocated.size = 16384 (custom)
2019-07-16 14:36:32,734 INFO  server.RaftServerConfigKeys (ConfUtils.java:logGet(43)) - raft.server.log.write.buffer.size = 33554432 (custom)
2019-07-16 14:36:32,734 INFO  server.RaftServerConfigKeys (ConfUtils.java:logGet(43)) - raft.server.log.force.sync.num = 128 (default)
2019-07-16 14:36:32,734 INFO  server.RaftServerConfigKeys (ConfUtils.java:logGet(43)) - raft.server.log.statemachine.data.sync = true (default)
2019-07-16 14:36:32,734 INFO  server.RaftServerConfigKeys (ConfUtils.java:logGet(43)) - raft.server.log.statemachine.data.sync.timeout = 10s (default)
2019-07-16 14:36:32,735 INFO  server.RaftServerConfigKeys (ConfUtils.java:logGet(43)) - raft.server.log.statemachine.data.sync.timeout.retry = -1 (default)
2019-07-16 14:36:32,735 INFO  server.RaftServerConfigKeys (ConfUtils.java:logGet(43)) - raft.server.log.statemachine.data.caching.enabled = true (custom)
2019-07-16 14:36:32,735 INFO  segmented.SegmentedRaftLogWorker (SegmentedRaftLogWorker.java:lambda$new$0(132)) - 476b27cc-aff9-4049-9fb6-34ee5d68bcdd-SegmentedRaftLogWorker:Storage Directory /workdir/hadoop-ozone/integration-test/target/test-dir/MiniOzoneClusterImpl-2fd49abb-6f62-449c-9a67-7114492b2ee9/datanode-3/data/ratis/09388a2a-d21c-4e63-8ba3-e4085e75bc30: flushIndex: setUnconditionally 0 -> -1
2019-07-16 14:36:32,735 INFO  server.RaftServerConfigKeys (ConfUtils.java:logGet(43)) - raft.server.snapshot.auto.trigger.enabled = true (custom)
2019-07-16 14:36:32,735 INFO  server.RaftServerConfigKeys (ConfUtils.java:logGet(43)) - raft.server.snapshot.auto.trigger.threshold = 10000 (custom)
2019-07-16 14:36:32,736 INFO  server.RaftServerConfigKeys (ConfUtils.java:logGet(43)) - raft.server.retrycache.expirytime = 600000ms (custom)
2019-07-16 14:36:32,736 INFO  impl.RaftServerImpl (RaftServerImpl.java:start(180)) - 476b27cc-aff9-4049-9fb6-34ee5d68bcdd: start group-E4085E75BC30
2019-07-16 14:36:32,736 INFO  impl.RaftServerImpl (RaftServerImpl.java:setRole(171)) - 476b27cc-aff9-4049-9fb6-34ee5d68bcdd:group-E4085E75BC30 changes role from null to FOLLOWER at term 0 for startAsFollower
2019-07-16 14:36:32,736 INFO  impl.RoleInfo (RoleInfo.java:updateAndGet(143)) - 476b27cc-aff9-4049-9fb6-34ee5d68bcdd: start FollowerState
2019-07-16 14:36:32,736 INFO  util.JmxRegister (JmxRegister.java:tryRegister(44)) - Successfully registered JMX Bean with object name Ratis:service=RaftServer,group=group-E4085E75BC30,id=476b27cc-aff9-4049-9fb6-34ee5d68bcdd
2019-07-16 14:36:32,738 INFO  pipeline.PipelineStateManager (PipelineStateManager.java:addPipeline(56)) - Created pipeline Pipeline[ Id: 09388a2a-d21c-4e63-8ba3-e4085e75bc30, Nodes: 476b27cc-aff9-4049-9fb6-34ee5d68bcdd{ip: 192.168.5.141, host: byscane-nightly-ppzk5-1864156943, networkLocation: /default-rack, certSerialId: null}, Type:RATIS, Factor:ONE, State:OPEN]
2019-07-16 14:36:32,871 INFO  node.SCMNodeManager (SCMNodeManager.java:register(268)) - Registered Data node : e997601e-2389-4865-a7f7-e45d1f8ec3ef{ip: 192.168.5.141, host: byscane-nightly-ppzk5-1864156943, networkLocation: /default-rack, certSerialId: null}
2019-07-16 14:36:32,884 INFO  impl.RaftServerProxy (RaftServerProxy.java:addNew(89)) - e997601e-2389-4865-a7f7-e45d1f8ec3ef: addNew group-DF5CDA860FCC:[e997601e-2389-4865-a7f7-e45d1f8ec3ef:192.168.5.141:33376] returns group-DF5CDA860FCC:java.util.concurrent.CompletableFuture@779d27cc[Not completed]
2019-07-16 14:36:32,885 INFO  impl.RaftServerImpl (RaftServerImpl.java:<init>(93)) - e997601e-2389-4865-a7f7-e45d1f8ec3ef: new RaftServerImpl for group-DF5CDA860FCC:[e997601e-2389-4865-a7f7-e45d1f8ec3ef:192.168.5.141:33376] with ContainerStateMachine:uninitialized
2019-07-16 14:36:32,885 INFO  server.RaftServerConfigKeys (ConfUtils.java:logGet(43)) - raft.server.rpc.timeout.min = 5s (custom)
2019-07-16 14:36:32,886 INFO  server.RaftServerConfigKeys (ConfUtils.java:logGet(43)) - raft.server.rpc.timeout.max = 5200ms (custom)
2019-07-16 14:36:32,886 INFO  server.RaftServerConfigKeys (ConfUtils.java:logGet(43)) - raft.server.rpcslowness.timeout = 120s (custom)
2019-07-16 14:36:32,886 INFO  server.RaftServerConfigKeys (ConfUtils.java:logGet(43)) - raft.server.sleep.deviation.threshold = 300 (default)
2019-07-16 14:36:32,886 INFO  server.RaftServerConfigKeys (ConfUtils.java:logGet(43)) - raft.server.log.appender.install.snapshot.enabled = false (custom)
2019-07-16 14:36:32,886 INFO  impl.RaftServerImpl (ServerState.java:<init>(105)) - e997601e-2389-4865-a7f7-e45d1f8ec3ef:group-DF5CDA860FCC ConfigurationManager, init=-1: [e997601e-2389-4865-a7f7-e45d1f8ec3ef:192.168.5.141:33376], old=null, confs=<EMPTY_MAP>
2019-07-16 14:36:32,886 INFO  server.RaftServerConfigKeys (ConfUtils.java:logGet(43)) - raft.server.storage.dir = [/workdir/hadoop-ozone/integration-test/target/test-dir/MiniOzoneClusterImpl-2fd49abb-6f62-449c-9a67-7114492b2ee9/datanode-4/data/ratis] (custom)
2019-07-16 14:36:32,887 INFO  storage.RaftStorageDirectory (RaftStorageDirectory.java:analyzeStorage(246)) - The storage directory /workdir/hadoop-ozone/integration-test/target/test-dir/MiniOzoneClusterImpl-2fd49abb-6f62-449c-9a67-7114492b2ee9/datanode-4/data/ratis/c3216da0-b368-4e58-9390-df5cda860fcc does not exist. Creating ...
2019-07-16 14:36:33,023 INFO  storage.RaftStorageDirectory (RaftStorageDirectory.java:tryLock(328)) - Lock on /workdir/hadoop-ozone/integration-test/target/test-dir/MiniOzoneClusterImpl-2fd49abb-6f62-449c-9a67-7114492b2ee9/datanode-4/data/ratis/c3216da0-b368-4e58-9390-df5cda860fcc/in_use.lock acquired by nodename 28094@byscane-nightly-ppzk5-1864156943
2019-07-16 14:36:33,027 INFO  storage.RaftStorage (RaftStorage.java:format(72)) - Storage directory /workdir/hadoop-ozone/integration-test/target/test-dir/MiniOzoneClusterImpl-2fd49abb-6f62-449c-9a67-7114492b2ee9/datanode-4/data/ratis/c3216da0-b368-4e58-9390-df5cda860fcc has been successfully formatted.
2019-07-16 14:36:33,027 INFO  ratis.ContainerStateMachine (ContainerStateMachine.java:loadSnapshot(199)) - group-DF5CDA860FCC: The snapshot info is null. Setting the last applied indexto:(t:0, i:~)
2019-07-16 14:36:33,028 INFO  server.RaftServerConfigKeys (ConfUtils.java:logGet(43)) - raft.server.leader.election.timeout = 120s (custom)
2019-07-16 14:36:33,028 INFO  server.RaftServerConfigKeys (ConfUtils.java:logGet(43)) - raft.server.log.use.memory = false (default)
2019-07-16 14:36:33,028 INFO  server.RaftServerConfigKeys (ConfUtils.java:logGet(43)) - raft.server.log.purge.gap = 1000000000 (custom)
2019-07-16 14:36:33,028 INFO  server.RaftServerConfigKeys (ConfUtils.java:logGet(43)) - raft.server.log.appender.buffer.byte-limit = 33554432 (custom)
2019-07-16 14:36:33,028 INFO  server.RaftServerConfigKeys (ConfUtils.java:logGet(43)) - raft.server.log.segment.size.max = 1048576 (custom)
2019-07-16 14:36:33,029 INFO  server.RaftServerConfigKeys (ConfUtils.java:logGet(43)) - raft.server.log.segment.cache.num.max = 2 (custom)
2019-07-16 14:36:33,029 INFO  segmented.SegmentedRaftLogWorker (SegmentedRaftLogWorker.java:<init>(172)) - new e997601e-2389-4865-a7f7-e45d1f8ec3ef-SegmentedRaftLogWorker:Storage Directory /workdir/hadoop-ozone/integration-test/target/test-dir/MiniOzoneClusterImpl-2fd49abb-6f62-449c-9a67-7114492b2ee9/datanode-4/data/ratis/c3216da0-b368-4e58-9390-df5cda860fcc for RaftStorage:Storage Directory /workdir/hadoop-ozone/integration-test/target/test-dir/MiniOzoneClusterImpl-2fd49abb-6f62-449c-9a67-7114492b2ee9/datanode-4/data/ratis/c3216da0-b368-4e58-9390-df5cda860fcc
2019-07-16 14:36:33,029 INFO  server.RaftServerConfigKeys (ConfUtils.java:logGet(43)) - raft.server.log.queue.byte-limit = 2147483647 (custom)
2019-07-16 14:36:33,029 INFO  server.RaftServerConfigKeys (ConfUtils.java:logGet(43)) - raft.server.log.queue.element-limit = 1024 (custom)
2019-07-16 14:36:33,029 INFO  server.RaftServerConfigKeys (ConfUtils.java:logGet(43)) - raft.server.log.segment.size.max = 1048576 (custom)
2019-07-16 14:36:33,030 INFO  server.RaftServerConfigKeys (ConfUtils.java:logGet(43)) - raft.server.log.preallocated.size = 16384 (custom)
2019-07-16 14:36:33,030 INFO  server.RaftServerConfigKeys (ConfUtils.java:logGet(43)) - raft.server.log.write.buffer.size = 33554432 (custom)
2019-07-16 14:36:33,030 INFO  server.RaftServerConfigKeys (ConfUtils.java:logGet(43)) - raft.server.log.force.sync.num = 128 (default)
2019-07-16 14:36:33,030 INFO  server.RaftServerConfigKeys (ConfUtils.java:logGet(43)) - raft.server.log.statemachine.data.sync = true (default)
2019-07-16 14:36:33,030 INFO  server.RaftServerConfigKeys (ConfUtils.java:logGet(43)) - raft.server.log.statemachine.data.sync.timeout = 10s (default)
2019-07-16 14:36:33,030 INFO  server.RaftServerConfigKeys (ConfUtils.java:logGet(43)) - raft.server.log.statemachine.data.sync.timeout.retry = -1 (default)
2019-07-16 14:36:33,031 INFO  server.RaftServerConfigKeys (ConfUtils.java:logGet(43)) - raft.server.log.statemachine.data.caching.enabled = true (custom)
2019-07-16 14:36:33,031 INFO  segmented.SegmentedRaftLogWorker (SegmentedRaftLogWorker.java:lambda$new$0(132)) - e997601e-2389-4865-a7f7-e45d1f8ec3ef-SegmentedRaftLogWorker:Storage Directory /workdir/hadoop-ozone/integration-test/target/test-dir/MiniOzoneClusterImpl-2fd49abb-6f62-449c-9a67-7114492b2ee9/datanode-4/data/ratis/c3216da0-b368-4e58-9390-df5cda860fcc: flushIndex: setUnconditionally 0 -> -1
2019-07-16 14:36:33,031 INFO  server.RaftServerConfigKeys (ConfUtils.java:logGet(43)) - raft.server.snapshot.auto.trigger.enabled = true (custom)
2019-07-16 14:36:33,032 INFO  server.RaftServerConfigKeys (ConfUtils.java:logGet(43)) - raft.server.snapshot.auto.trigger.threshold = 10000 (custom)
2019-07-16 14:36:33,032 INFO  server.RaftServerConfigKeys (ConfUtils.java:logGet(43)) - raft.server.retrycache.expirytime = 600000ms (custom)
2019-07-16 14:36:33,032 INFO  impl.RaftServerImpl (RaftServerImpl.java:start(180)) - e997601e-2389-4865-a7f7-e45d1f8ec3ef: start group-DF5CDA860FCC
2019-07-16 14:36:33,032 INFO  impl.RaftServerImpl (RaftServerImpl.java:setRole(171)) - e997601e-2389-4865-a7f7-e45d1f8ec3ef:group-DF5CDA860FCC changes role from null to FOLLOWER at term 0 for startAsFollower
2019-07-16 14:36:33,032 INFO  impl.RoleInfo (RoleInfo.java:updateAndGet(143)) - e997601e-2389-4865-a7f7-e45d1f8ec3ef: start FollowerState
2019-07-16 14:36:33,033 INFO  util.JmxRegister (JmxRegister.java:tryRegister(44)) - Successfully registered JMX Bean with object name Ratis:service=RaftServer,group=group-DF5CDA860FCC,id=e997601e-2389-4865-a7f7-e45d1f8ec3ef
2019-07-16 14:36:33,035 INFO  pipeline.PipelineStateManager (PipelineStateManager.java:addPipeline(56)) - Created pipeline Pipeline[ Id: c3216da0-b368-4e58-9390-df5cda860fcc, Nodes: e997601e-2389-4865-a7f7-e45d1f8ec3ef{ip: 192.168.5.141, host: byscane-nightly-ppzk5-1864156943, networkLocation: /default-rack, certSerialId: null}, Type:RATIS, Factor:ONE, State:OPEN]
2019-07-16 14:36:33,049 INFO  node.SCMNodeManager (SCMNodeManager.java:register(268)) - Registered Data node : e402b569-a738-4e47-b2c1-a8efc6f74657{ip: 192.168.5.141, host: byscane-nightly-ppzk5-1864156943, networkLocation: /default-rack, certSerialId: null}
2019-07-16 14:36:33,082 INFO  impl.RaftServerProxy (RaftServerProxy.java:addNew(89)) - e402b569-a738-4e47-b2c1-a8efc6f74657: addNew group-DABFC0E7D4E6:[e402b569-a738-4e47-b2c1-a8efc6f74657:192.168.5.141:41408] returns group-DABFC0E7D4E6:java.util.concurrent.CompletableFuture@534a7bb[Not completed]
2019-07-16 14:36:33,083 INFO  impl.RaftServerImpl (RaftServerImpl.java:<init>(93)) - e402b569-a738-4e47-b2c1-a8efc6f74657: new RaftServerImpl for group-DABFC0E7D4E6:[e402b569-a738-4e47-b2c1-a8efc6f74657:192.168.5.141:41408] with ContainerStateMachine:uninitialized
2019-07-16 14:36:33,083 INFO  server.RaftServerConfigKeys (ConfUtils.java:logGet(43)) - raft.server.rpc.timeout.min = 5s (custom)
2019-07-16 14:36:33,083 INFO  server.RaftServerConfigKeys (ConfUtils.java:logGet(43)) - raft.server.rpc.timeout.max = 5200ms (custom)
2019-07-16 14:36:33,083 INFO  server.RaftServerConfigKeys (ConfUtils.java:logGet(43)) - raft.server.rpcslowness.timeout = 120s (custom)
2019-07-16 14:36:33,083 INFO  server.RaftServerConfigKeys (ConfUtils.java:logGet(43)) - raft.server.sleep.deviation.threshold = 300 (default)
2019-07-16 14:36:33,083 INFO  server.RaftServerConfigKeys (ConfUtils.java:logGet(43)) - raft.server.log.appender.install.snapshot.enabled = false (custom)
2019-07-16 14:36:33,083 INFO  impl.RaftServerImpl (ServerState.java:<init>(105)) - e402b569-a738-4e47-b2c1-a8efc6f74657:group-DABFC0E7D4E6 ConfigurationManager, init=-1: [e402b569-a738-4e47-b2c1-a8efc6f74657:192.168.5.141:41408], old=null, confs=<EMPTY_MAP>
2019-07-16 14:36:33,083 INFO  server.RaftServerConfigKeys (ConfUtils.java:logGet(43)) - raft.server.storage.dir = [/workdir/hadoop-ozone/integration-test/target/test-dir/MiniOzoneClusterImpl-2fd49abb-6f62-449c-9a67-7114492b2ee9/datanode-5/data/ratis] (custom)
2019-07-16 14:36:33,084 INFO  storage.RaftStorageDirectory (RaftStorageDirectory.java:analyzeStorage(246)) - The storage directory /workdir/hadoop-ozone/integration-test/target/test-dir/MiniOzoneClusterImpl-2fd49abb-6f62-449c-9a67-7114492b2ee9/datanode-5/data/ratis/03958ac1-d613-4c5d-90d9-dabfc0e7d4e6 does not exist. Creating ...
2019-07-16 14:36:33,089 INFO  storage.RaftStorageDirectory (RaftStorageDirectory.java:tryLock(328)) - Lock on /workdir/hadoop-ozone/integration-test/target/test-dir/MiniOzoneClusterImpl-2fd49abb-6f62-449c-9a67-7114492b2ee9/datanode-5/data/ratis/03958ac1-d613-4c5d-90d9-dabfc0e7d4e6/in_use.lock acquired by nodename 28094@byscane-nightly-ppzk5-1864156943
2019-07-16 14:36:33,092 INFO  storage.RaftStorage (RaftStorage.java:format(72)) - Storage directory /workdir/hadoop-ozone/integration-test/target/test-dir/MiniOzoneClusterImpl-2fd49abb-6f62-449c-9a67-7114492b2ee9/datanode-5/data/ratis/03958ac1-d613-4c5d-90d9-dabfc0e7d4e6 has been successfully formatted.
2019-07-16 14:36:33,093 INFO  ratis.ContainerStateMachine (ContainerStateMachine.java:loadSnapshot(199)) - group-DABFC0E7D4E6: The snapshot info is null. Setting the last applied indexto:(t:0, i:~)
2019-07-16 14:36:33,093 INFO  server.RaftServerConfigKeys (ConfUtils.java:logGet(43)) - raft.server.leader.election.timeout = 120s (custom)
2019-07-16 14:36:33,093 INFO  server.RaftServerConfigKeys (ConfUtils.java:logGet(43)) - raft.server.log.use.memory = false (default)
2019-07-16 14:36:33,093 INFO  server.RaftServerConfigKeys (ConfUtils.java:logGet(43)) - raft.server.log.purge.gap = 1000000000 (custom)
2019-07-16 14:36:33,093 INFO  server.RaftServerConfigKeys (ConfUtils.java:logGet(43)) - raft.server.log.appender.buffer.byte-limit = 33554432 (custom)
2019-07-16 14:36:33,093 INFO  server.RaftServerConfigKeys (ConfUtils.java:logGet(43)) - raft.server.log.segment.size.max = 1048576 (custom)
2019-07-16 14:36:33,093 INFO  server.RaftServerConfigKeys (ConfUtils.java:logGet(43)) - raft.server.log.segment.cache.num.max = 2 (custom)
2019-07-16 14:36:33,093 INFO  segmented.SegmentedRaftLogWorker (SegmentedRaftLogWorker.java:<init>(172)) - new e402b569-a738-4e47-b2c1-a8efc6f74657-SegmentedRaftLogWorker:Storage Directory /workdir/hadoop-ozone/integration-test/target/test-dir/MiniOzoneClusterImpl-2fd49abb-6f62-449c-9a67-7114492b2ee9/datanode-5/data/ratis/03958ac1-d613-4c5d-90d9-dabfc0e7d4e6 for RaftStorage:Storage Directory /workdir/hadoop-ozone/integration-test/target/test-dir/MiniOzoneClusterImpl-2fd49abb-6f62-449c-9a67-7114492b2ee9/datanode-5/data/ratis/03958ac1-d613-4c5d-90d9-dabfc0e7d4e6
2019-07-16 14:36:33,094 INFO  server.RaftServerConfigKeys (ConfUtils.java:logGet(43)) - raft.server.log.queue.byte-limit = 2147483647 (custom)
2019-07-16 14:36:33,094 INFO  server.RaftServerConfigKeys (ConfUtils.java:logGet(43)) - raft.server.log.queue.element-limit = 1024 (custom)
2019-07-16 14:36:33,094 INFO  server.RaftServerConfigKeys (ConfUtils.java:logGet(43)) - raft.server.log.segment.size.max = 1048576 (custom)
2019-07-16 14:36:33,094 INFO  server.RaftServerConfigKeys (ConfUtils.java:logGet(43)) - raft.server.log.preallocated.size = 16384 (custom)
2019-07-16 14:36:33,094 INFO  server.RaftServerConfigKeys (ConfUtils.java:logGet(43)) - raft.server.log.write.buffer.size = 33554432 (custom)
2019-07-16 14:36:33,094 INFO  server.RaftServerConfigKeys (ConfUtils.java:logGet(43)) - raft.server.log.force.sync.num = 128 (default)
2019-07-16 14:36:33,094 INFO  server.RaftServerConfigKeys (ConfUtils.java:logGet(43)) - raft.server.log.statemachine.data.sync = true (default)
2019-07-16 14:36:33,094 INFO  server.RaftServerConfigKeys (ConfUtils.java:logGet(43)) - raft.server.log.statemachine.data.sync.timeout = 10s (default)
2019-07-16 14:36:33,094 INFO  server.RaftServerConfigKeys (ConfUtils.java:logGet(43)) - raft.server.log.statemachine.data.sync.timeout.retry = -1 (default)
2019-07-16 14:36:33,095 INFO  server.RaftServerConfigKeys (ConfUtils.java:logGet(43)) - raft.server.log.statemachine.data.caching.enabled = true (custom)
2019-07-16 14:36:33,095 INFO  segmented.SegmentedRaftLogWorker (SegmentedRaftLogWorker.java:lambda$new$0(132)) - e402b569-a738-4e47-b2c1-a8efc6f74657-SegmentedRaftLogWorker:Storage Directory /workdir/hadoop-ozone/integration-test/target/test-dir/MiniOzoneClusterImpl-2fd49abb-6f62-449c-9a67-7114492b2ee9/datanode-5/data/ratis/03958ac1-d613-4c5d-90d9-dabfc0e7d4e6: flushIndex: setUnconditionally 0 -> -1
2019-07-16 14:36:33,095 INFO  server.RaftServerConfigKeys (ConfUtils.java:logGet(43)) - raft.server.snapshot.auto.trigger.enabled = true (custom)
2019-07-16 14:36:33,095 INFO  server.RaftServerConfigKeys (ConfUtils.java:logGet(43)) - raft.server.snapshot.auto.trigger.threshold = 10000 (custom)
2019-07-16 14:36:33,095 INFO  server.RaftServerConfigKeys (ConfUtils.java:logGet(43)) - raft.server.retrycache.expirytime = 600000ms (custom)
2019-07-16 14:36:33,096 INFO  impl.RaftServerImpl (RaftServerImpl.java:start(180)) - e402b569-a738-4e47-b2c1-a8efc6f74657: start group-DABFC0E7D4E6
2019-07-16 14:36:33,096 INFO  impl.RaftServerImpl (RaftServerImpl.java:setRole(171)) - e402b569-a738-4e47-b2c1-a8efc6f74657:group-DABFC0E7D4E6 changes role from null to FOLLOWER at term 0 for startAsFollower
2019-07-16 14:36:33,096 INFO  impl.RoleInfo (RoleInfo.java:updateAndGet(143)) - e402b569-a738-4e47-b2c1-a8efc6f74657: start FollowerState
2019-07-16 14:36:33,096 INFO  util.JmxRegister (JmxRegister.java:tryRegister(44)) - Successfully registered JMX Bean with object name Ratis:service=RaftServer,group=group-DABFC0E7D4E6,id=e402b569-a738-4e47-b2c1-a8efc6f74657
2019-07-16 14:36:33,099 INFO  pipeline.PipelineStateManager (PipelineStateManager.java:addPipeline(56)) - Created pipeline Pipeline[ Id: 03958ac1-d613-4c5d-90d9-dabfc0e7d4e6, Nodes: e402b569-a738-4e47-b2c1-a8efc6f74657{ip: 192.168.5.141, host: byscane-nightly-ppzk5-1864156943, networkLocation: /default-rack, certSerialId: null}, Type:RATIS, Factor:ONE, State:OPEN]
2019-07-16 14:36:33,118 INFO  impl.RaftServerProxy (RaftServerProxy.java:addNew(89)) - 476b27cc-aff9-4049-9fb6-34ee5d68bcdd: addNew group-5C0D584D5560:[476b27cc-aff9-4049-9fb6-34ee5d68bcdd:192.168.5.141:42618, e997601e-2389-4865-a7f7-e45d1f8ec3ef:192.168.5.141:33376, e402b569-a738-4e47-b2c1-a8efc6f74657:192.168.5.141:41408] returns group-5C0D584D5560:java.util.concurrent.CompletableFuture@d6dcd3b[Not completed]
2019-07-16 14:36:33,119 INFO  impl.RaftServerProxy (RaftServerProxy.java:addNew(89)) - e997601e-2389-4865-a7f7-e45d1f8ec3ef: addNew group-5C0D584D5560:[476b27cc-aff9-4049-9fb6-34ee5d68bcdd:192.168.5.141:42618, e997601e-2389-4865-a7f7-e45d1f8ec3ef:192.168.5.141:33376, e402b569-a738-4e47-b2c1-a8efc6f74657:192.168.5.141:41408] returns group-5C0D584D5560:java.util.concurrent.CompletableFuture@b446e49[Not completed]
2019-07-16 14:36:33,122 INFO  impl.RaftServerProxy (RaftServerProxy.java:addNew(89)) - e402b569-a738-4e47-b2c1-a8efc6f74657: addNew group-5C0D584D5560:[476b27cc-aff9-4049-9fb6-34ee5d68bcdd:192.168.5.141:42618, e997601e-2389-4865-a7f7-e45d1f8ec3ef:192.168.5.141:33376, e402b569-a738-4e47-b2c1-a8efc6f74657:192.168.5.141:41408] returns group-5C0D584D5560:java.util.concurrent.CompletableFuture@284360b1[Not completed]
2019-07-16 14:36:33,122 INFO  impl.RaftServerImpl (RaftServerImpl.java:<init>(93)) - 476b27cc-aff9-4049-9fb6-34ee5d68bcdd: new RaftServerImpl for group-5C0D584D5560:[476b27cc-aff9-4049-9fb6-34ee5d68bcdd:192.168.5.141:42618, e997601e-2389-4865-a7f7-e45d1f8ec3ef:192.168.5.141:33376, e402b569-a738-4e47-b2c1-a8efc6f74657:192.168.5.141:41408] with ContainerStateMachine:uninitialized
2019-07-16 14:36:33,122 INFO  server.RaftServerConfigKeys (ConfUtils.java:logGet(43)) - raft.server.rpc.timeout.min = 5s (custom)
2019-07-16 14:36:33,123 INFO  server.RaftServerConfigKeys (ConfUtils.java:logGet(43)) - raft.server.rpc.timeout.max = 5200ms (custom)
2019-07-16 14:36:33,123 INFO  server.RaftServerConfigKeys (ConfUtils.java:logGet(43)) - raft.server.rpcslowness.timeout = 120s (custom)
2019-07-16 14:36:33,123 INFO  impl.RaftServerImpl (RaftServerImpl.java:<init>(93)) - e997601e-2389-4865-a7f7-e45d1f8ec3ef: new RaftServerImpl for group-5C0D584D5560:[476b27cc-aff9-4049-9fb6-34ee5d68bcdd:192.168.5.141:42618, e997601e-2389-4865-a7f7-e45d1f8ec3ef:192.168.5.141:33376, e402b569-a738-4e47-b2c1-a8efc6f74657:192.168.5.141:41408] with ContainerStateMachine:uninitialized
2019-07-16 14:36:33,123 INFO  server.RaftServerConfigKeys (ConfUtils.java:logGet(43)) - raft.server.sleep.deviation.threshold = 300 (default)
2019-07-16 14:36:33,123 INFO  server.RaftServerConfigKeys (ConfUtils.java:logGet(43)) - raft.server.rpc.timeout.min = 5s (custom)
2019-07-16 14:36:33,123 INFO  impl.RaftServerImpl (RaftServerImpl.java:<init>(93)) - e402b569-a738-4e47-b2c1-a8efc6f74657: new RaftServerImpl for group-5C0D584D5560:[476b27cc-aff9-4049-9fb6-34ee5d68bcdd:192.168.5.141:42618, e997601e-2389-4865-a7f7-e45d1f8ec3ef:192.168.5.141:33376, e402b569-a738-4e47-b2c1-a8efc6f74657:192.168.5.141:41408] with ContainerStateMachine:uninitialized
2019-07-16 14:36:33,123 INFO  server.RaftServerConfigKeys (ConfUtils.java:logGet(43)) - raft.server.log.appender.install.snapshot.enabled = false (custom)
2019-07-16 14:36:33,123 INFO  server.RaftServerConfigKeys (ConfUtils.java:logGet(43)) - raft.server.rpc.timeout.min = 5s (custom)
2019-07-16 14:36:33,124 INFO  server.RaftServerConfigKeys (ConfUtils.java:logGet(43)) - raft.server.rpc.timeout.max = 5200ms (custom)
2019-07-16 14:36:33,123 INFO  server.RaftServerConfigKeys (ConfUtils.java:logGet(43)) - raft.server.rpc.timeout.max = 5200ms (custom)
2019-07-16 14:36:33,124 INFO  server.RaftServerConfigKeys (ConfUtils.java:logGet(43)) - raft.server.rpcslowness.timeout = 120s (custom)
2019-07-16 14:36:33,124 INFO  server.RaftServerConfigKeys (ConfUtils.java:logGet(43)) - raft.server.sleep.deviation.threshold = 300 (default)
2019-07-16 14:36:33,124 INFO  impl.RaftServerImpl (ServerState.java:<init>(105)) - 476b27cc-aff9-4049-9fb6-34ee5d68bcdd:group-5C0D584D5560 ConfigurationManager, init=-1: [476b27cc-aff9-4049-9fb6-34ee5d68bcdd:192.168.5.141:42618, e997601e-2389-4865-a7f7-e45d1f8ec3ef:192.168.5.141:33376, e402b569-a738-4e47-b2c1-a8efc6f74657:192.168.5.141:41408], old=null, confs=<EMPTY_MAP>
2019-07-16 14:36:33,124 INFO  server.RaftServerConfigKeys (ConfUtils.java:logGet(43)) - raft.server.log.appender.install.snapshot.enabled = false (custom)
2019-07-16 14:36:33,124 INFO  server.RaftServerConfigKeys (ConfUtils.java:logGet(43)) - raft.server.storage.dir = [/workdir/hadoop-ozone/integration-test/target/test-dir/MiniOzoneClusterImpl-2fd49abb-6f62-449c-9a67-7114492b2ee9/datanode-3/data/ratis] (custom)
2019-07-16 14:36:33,124 INFO  server.RaftServerConfigKeys (ConfUtils.java:logGet(43)) - raft.server.rpcslowness.timeout = 120s (custom)
2019-07-16 14:36:33,124 INFO  impl.RaftServerImpl (ServerState.java:<init>(105)) - e402b569-a738-4e47-b2c1-a8efc6f74657:group-5C0D584D5560 ConfigurationManager, init=-1: [476b27cc-aff9-4049-9fb6-34ee5d68bcdd:192.168.5.141:42618, e997601e-2389-4865-a7f7-e45d1f8ec3ef:192.168.5.141:33376, e402b569-a738-4e47-b2c1-a8efc6f74657:192.168.5.141:41408], old=null, confs=<EMPTY_MAP>
2019-07-16 14:36:33,124 INFO  server.RaftServerConfigKeys (ConfUtils.java:logGet(43)) - raft.server.sleep.deviation.threshold = 300 (default)
2019-07-16 14:36:33,125 INFO  server.RaftServerConfigKeys (ConfUtils.java:logGet(43)) - raft.server.storage.dir = [/workdir/hadoop-ozone/integration-test/target/test-dir/MiniOzoneClusterImpl-2fd49abb-6f62-449c-9a67-7114492b2ee9/datanode-5/data/ratis] (custom)
2019-07-16 14:36:33,125 INFO  server.RaftServerConfigKeys (ConfUtils.java:logGet(43)) - raft.server.log.appender.install.snapshot.enabled = false (custom)
2019-07-16 14:36:33,125 INFO  storage.RaftStorageDirectory (RaftStorageDirectory.java:analyzeStorage(246)) - The storage directory /workdir/hadoop-ozone/integration-test/target/test-dir/MiniOzoneClusterImpl-2fd49abb-6f62-449c-9a67-7114492b2ee9/datanode-3/data/ratis/42b25473-6272-484d-af33-5c0d584d5560 does not exist. Creating ...
2019-07-16 14:36:33,125 INFO  storage.RaftStorageDirectory (RaftStorageDirectory.java:analyzeStorage(246)) - The storage directory /workdir/hadoop-ozone/integration-test/target/test-dir/MiniOzoneClusterImpl-2fd49abb-6f62-449c-9a67-7114492b2ee9/datanode-5/data/ratis/42b25473-6272-484d-af33-5c0d584d5560 does not exist. Creating ...
2019-07-16 14:36:33,125 INFO  impl.RaftServerImpl (ServerState.java:<init>(105)) - e997601e-2389-4865-a7f7-e45d1f8ec3ef:group-5C0D584D5560 ConfigurationManager, init=-1: [476b27cc-aff9-4049-9fb6-34ee5d68bcdd:192.168.5.141:42618, e997601e-2389-4865-a7f7-e45d1f8ec3ef:192.168.5.141:33376, e402b569-a738-4e47-b2c1-a8efc6f74657:192.168.5.141:41408], old=null, confs=<EMPTY_MAP>
2019-07-16 14:36:33,125 INFO  server.RaftServerConfigKeys (ConfUtils.java:logGet(43)) - raft.server.storage.dir = [/workdir/hadoop-ozone/integration-test/target/test-dir/MiniOzoneClusterImpl-2fd49abb-6f62-449c-9a67-7114492b2ee9/datanode-4/data/ratis] (custom)
2019-07-16 14:36:33,126 INFO  storage.RaftStorageDirectory (RaftStorageDirectory.java:analyzeStorage(246)) - The storage directory /workdir/hadoop-ozone/integration-test/target/test-dir/MiniOzoneClusterImpl-2fd49abb-6f62-449c-9a67-7114492b2ee9/datanode-4/data/ratis/42b25473-6272-484d-af33-5c0d584d5560 does not exist. Creating ...
2019-07-16 14:36:33,131 INFO  storage.RaftStorageDirectory (RaftStorageDirectory.java:tryLock(328)) - Lock on /workdir/hadoop-ozone/integration-test/target/test-dir/MiniOzoneClusterImpl-2fd49abb-6f62-449c-9a67-7114492b2ee9/datanode-4/data/ratis/42b25473-6272-484d-af33-5c0d584d5560/in_use.lock acquired by nodename 28094@byscane-nightly-ppzk5-1864156943
2019-07-16 14:36:33,131 INFO  storage.RaftStorageDirectory (RaftStorageDirectory.java:tryLock(328)) - Lock on /workdir/hadoop-ozone/integration-test/target/test-dir/MiniOzoneClusterImpl-2fd49abb-6f62-449c-9a67-7114492b2ee9/datanode-5/data/ratis/42b25473-6272-484d-af33-5c0d584d5560/in_use.lock acquired by nodename 28094@byscane-nightly-ppzk5-1864156943
2019-07-16 14:36:33,131 INFO  storage.RaftStorageDirectory (RaftStorageDirectory.java:tryLock(328)) - Lock on /workdir/hadoop-ozone/integration-test/target/test-dir/MiniOzoneClusterImpl-2fd49abb-6f62-449c-9a67-7114492b2ee9/datanode-3/data/ratis/42b25473-6272-484d-af33-5c0d584d5560/in_use.lock acquired by nodename 28094@byscane-nightly-ppzk5-1864156943
2019-07-16 14:36:33,138 INFO  storage.RaftStorage (RaftStorage.java:format(72)) - Storage directory /workdir/hadoop-ozone/integration-test/target/test-dir/MiniOzoneClusterImpl-2fd49abb-6f62-449c-9a67-7114492b2ee9/datanode-4/data/ratis/42b25473-6272-484d-af33-5c0d584d5560 has been successfully formatted.
2019-07-16 14:36:33,138 INFO  storage.RaftStorage (RaftStorage.java:format(72)) - Storage directory /workdir/hadoop-ozone/integration-test/target/test-dir/MiniOzoneClusterImpl-2fd49abb-6f62-449c-9a67-7114492b2ee9/datanode-5/data/ratis/42b25473-6272-484d-af33-5c0d584d5560 has been successfully formatted.
2019-07-16 14:36:33,138 INFO  storage.RaftStorage (RaftStorage.java:format(72)) - Storage directory /workdir/hadoop-ozone/integration-test/target/test-dir/MiniOzoneClusterImpl-2fd49abb-6f62-449c-9a67-7114492b2ee9/datanode-3/data/ratis/42b25473-6272-484d-af33-5c0d584d5560 has been successfully formatted.
2019-07-16 14:36:33,138 INFO  ratis.ContainerStateMachine (ContainerStateMachine.java:loadSnapshot(199)) - group-5C0D584D5560: The snapshot info is null. Setting the last applied indexto:(t:0, i:~)
2019-07-16 14:36:33,138 INFO  ratis.ContainerStateMachine (ContainerStateMachine.java:loadSnapshot(199)) - group-5C0D584D5560: The snapshot info is null. Setting the last applied indexto:(t:0, i:~)
2019-07-16 14:36:33,139 INFO  server.RaftServerConfigKeys (ConfUtils.java:logGet(43)) - raft.server.leader.election.timeout = 120s (custom)
2019-07-16 14:36:33,138 INFO  ratis.ContainerStateMachine (ContainerStateMachine.java:loadSnapshot(199)) - group-5C0D584D5560: The snapshot info is null. Setting the last applied indexto:(t:0, i:~)
2019-07-16 14:36:33,139 INFO  server.RaftServerConfigKeys (ConfUtils.java:logGet(43)) - raft.server.log.use.memory = false (default)
2019-07-16 14:36:33,139 INFO  server.RaftServerConfigKeys (ConfUtils.java:logGet(43)) - raft.server.leader.election.timeout = 120s (custom)
2019-07-16 14:36:33,139 INFO  server.RaftServerConfigKeys (ConfUtils.java:logGet(43)) - raft.server.log.purge.gap = 1000000000 (custom)
2019-07-16 14:36:33,139 INFO  server.RaftServerConfigKeys (ConfUtils.java:logGet(43)) - raft.server.leader.election.timeout = 120s (custom)
2019-07-16 14:36:33,139 INFO  server.RaftServerConfigKeys (ConfUtils.java:logGet(43)) - raft.server.log.appender.buffer.byte-limit = 33554432 (custom)
2019-07-16 14:36:33,139 INFO  server.RaftServerConfigKeys (ConfUtils.java:logGet(43)) - raft.server.log.use.memory = false (default)
2019-07-16 14:36:33,139 INFO  server.RaftServerConfigKeys (ConfUtils.java:logGet(43)) - raft.server.log.segment.size.max = 1048576 (custom)
2019-07-16 14:36:33,139 INFO  server.RaftServerConfigKeys (ConfUtils.java:logGet(43)) - raft.server.log.use.memory = false (default)
2019-07-16 14:36:33,140 INFO  server.RaftServerConfigKeys (ConfUtils.java:logGet(43)) - raft.server.log.segment.cache.num.max = 2 (custom)
2019-07-16 14:36:33,140 INFO  server.RaftServerConfigKeys (ConfUtils.java:logGet(43)) - raft.server.log.purge.gap = 1000000000 (custom)
2019-07-16 14:36:33,140 INFO  segmented.SegmentedRaftLogWorker (SegmentedRaftLogWorker.java:<init>(172)) - new e402b569-a738-4e47-b2c1-a8efc6f74657-SegmentedRaftLogWorker:Storage Directory /workdir/hadoop-ozone/integration-test/target/test-dir/MiniOzoneClusterImpl-2fd49abb-6f62-449c-9a67-7114492b2ee9/datanode-5/data/ratis/42b25473-6272-484d-af33-5c0d584d5560 for RaftStorage:Storage Directory /workdir/hadoop-ozone/integration-test/target/test-dir/MiniOzoneClusterImpl-2fd49abb-6f62-449c-9a67-7114492b2ee9/datanode-5/data/ratis/42b25473-6272-484d-af33-5c0d584d5560
2019-07-16 14:36:33,140 INFO  server.RaftServerConfigKeys (ConfUtils.java:logGet(43)) - raft.server.log.purge.gap = 1000000000 (custom)
2019-07-16 14:36:33,140 INFO  server.RaftServerConfigKeys (ConfUtils.java:logGet(43)) - raft.server.log.queue.byte-limit = 2147483647 (custom)
2019-07-16 14:36:33,140 INFO  server.RaftServerConfigKeys (ConfUtils.java:logGet(43)) - raft.server.log.appender.buffer.byte-limit = 33554432 (custom)
2019-07-16 14:36:33,140 INFO  server.RaftServerConfigKeys (ConfUtils.java:logGet(43)) - raft.server.log.queue.element-limit = 1024 (custom)
2019-07-16 14:36:33,140 INFO  server.RaftServerConfigKeys (ConfUtils.java:logGet(43)) - raft.server.log.appender.buffer.byte-limit = 33554432 (custom)
2019-07-16 14:36:33,141 INFO  server.RaftServerConfigKeys (ConfUtils.java:logGet(43)) - raft.server.log.segment.size.max = 1048576 (custom)
2019-07-16 14:36:33,140 INFO  server.RaftServerConfigKeys (ConfUtils.java:logGet(43)) - raft.server.log.segment.size.max = 1048576 (custom)
2019-07-16 14:36:33,141 INFO  server.RaftServerConfigKeys (ConfUtils.java:logGet(43)) - raft.server.log.preallocated.size = 16384 (custom)
2019-07-16 14:36:33,141 INFO  server.RaftServerConfigKeys (ConfUtils.java:logGet(43)) - raft.server.log.segment.size.max = 1048576 (custom)
2019-07-16 14:36:33,141 INFO  server.RaftServerConfigKeys (ConfUtils.java:logGet(43)) - raft.server.log.write.buffer.size = 33554432 (custom)
2019-07-16 14:36:33,141 INFO  server.RaftServerConfigKeys (ConfUtils.java:logGet(43)) - raft.server.log.segment.cache.num.max = 2 (custom)
2019-07-16 14:36:33,141 INFO  server.RaftServerConfigKeys (ConfUtils.java:logGet(43)) - raft.server.log.force.sync.num = 128 (default)
2019-07-16 14:36:33,141 INFO  server.RaftServerConfigKeys (ConfUtils.java:logGet(43)) - raft.server.log.segment.cache.num.max = 2 (custom)
2019-07-16 14:36:33,141 INFO  server.RaftServerConfigKeys (ConfUtils.java:logGet(43)) - raft.server.log.statemachine.data.sync = true (default)
2019-07-16 14:36:33,141 INFO  segmented.SegmentedRaftLogWorker (SegmentedRaftLogWorker.java:<init>(172)) - new e997601e-2389-4865-a7f7-e45d1f8ec3ef-SegmentedRaftLogWorker:Storage Directory /workdir/hadoop-ozone/integration-test/target/test-dir/MiniOzoneClusterImpl-2fd49abb-6f62-449c-9a67-7114492b2ee9/datanode-4/data/ratis/42b25473-6272-484d-af33-5c0d584d5560 for RaftStorage:Storage Directory /workdir/hadoop-ozone/integration-test/target/test-dir/MiniOzoneClusterImpl-2fd49abb-6f62-449c-9a67-7114492b2ee9/datanode-4/data/ratis/42b25473-6272-484d-af33-5c0d584d5560
2019-07-16 14:36:33,142 INFO  server.RaftServerConfigKeys (ConfUtils.java:logGet(43)) - raft.server.log.statemachine.data.sync.timeout = 10s (default)
2019-07-16 14:36:33,142 INFO  segmented.SegmentedRaftLogWorker (SegmentedRaftLogWorker.java:<init>(172)) - new 476b27cc-aff9-4049-9fb6-34ee5d68bcdd-SegmentedRaftLogWorker:Storage Directory /workdir/hadoop-ozone/integration-test/target/test-dir/MiniOzoneClusterImpl-2fd49abb-6f62-449c-9a67-7114492b2ee9/datanode-3/data/ratis/42b25473-6272-484d-af33-5c0d584d5560 for RaftStorage:Storage Directory /workdir/hadoop-ozone/integration-test/target/test-dir/MiniOzoneClusterImpl-2fd49abb-6f62-449c-9a67-7114492b2ee9/datanode-3/data/ratis/42b25473-6272-484d-af33-5c0d584d5560
2019-07-16 14:36:33,142 INFO  server.RaftServerConfigKeys (ConfUtils.java:logGet(43)) - raft.server.log.statemachine.data.sync.timeout.retry = -1 (default)
2019-07-16 14:36:33,142 INFO  server.RaftServerConfigKeys (ConfUtils.java:logGet(43)) - raft.server.log.queue.byte-limit = 2147483647 (custom)
2019-07-16 14:36:33,142 INFO  server.RaftServerConfigKeys (ConfUtils.java:logGet(43)) - raft.server.log.statemachine.data.caching.enabled = true (custom)
2019-07-16 14:36:33,142 INFO  server.RaftServerConfigKeys (ConfUtils.java:logGet(43)) - raft.server.log.queue.byte-limit = 2147483647 (custom)
2019-07-16 14:36:33,142 INFO  server.RaftServerConfigKeys (ConfUtils.java:logGet(43)) - raft.server.log.queue.element-limit = 1024 (custom)
2019-07-16 14:36:33,143 INFO  segmented.SegmentedRaftLogWorker (SegmentedRaftLogWorker.java:lambda$new$0(132)) - e402b569-a738-4e47-b2c1-a8efc6f74657-SegmentedRaftLogWorker:Storage Directory /workdir/hadoop-ozone/integration-test/target/test-dir/MiniOzoneClusterImpl-2fd49abb-6f62-449c-9a67-7114492b2ee9/datanode-5/data/ratis/42b25473-6272-484d-af33-5c0d584d5560: flushIndex: setUnconditionally 0 -> -1
2019-07-16 14:36:33,143 INFO  server.RaftServerConfigKeys (ConfUtils.java:logGet(43)) - raft.server.log.queue.element-limit = 1024 (custom)
2019-07-16 14:36:33,143 INFO  server.RaftServerConfigKeys (ConfUtils.java:logGet(43)) - raft.server.log.segment.size.max = 1048576 (custom)
2019-07-16 14:36:33,143 INFO  server.RaftServerConfigKeys (ConfUtils.java:logGet(43)) - raft.server.log.segment.size.max = 1048576 (custom)
2019-07-16 14:36:33,143 INFO  server.RaftServerConfigKeys (ConfUtils.java:logGet(43)) - raft.server.snapshot.auto.trigger.enabled = true (custom)
2019-07-16 14:36:33,143 INFO  server.RaftServerConfigKeys (ConfUtils.java:logGet(43)) - raft.server.log.preallocated.size = 16384 (custom)
2019-07-16 14:36:33,143 INFO  server.RaftServerConfigKeys (ConfUtils.java:logGet(43)) - raft.server.log.preallocated.size = 16384 (custom)
2019-07-16 14:36:33,143 INFO  server.RaftServerConfigKeys (ConfUtils.java:logGet(43)) - raft.server.log.write.buffer.size = 33554432 (custom)
2019-07-16 14:36:33,143 INFO  server.RaftServerConfigKeys (ConfUtils.java:logGet(43)) - raft.server.snapshot.auto.trigger.threshold = 10000 (custom)
2019-07-16 14:36:33,144 INFO  server.RaftServerConfigKeys (ConfUtils.java:logGet(43)) - raft.server.log.force.sync.num = 128 (default)
2019-07-16 14:36:33,144 INFO  server.RaftServerConfigKeys (ConfUtils.java:logGet(43)) - raft.server.log.write.buffer.size = 33554432 (custom)
2019-07-16 14:36:33,144 INFO  server.RaftServerConfigKeys (ConfUtils.java:logGet(43)) - raft.server.log.statemachine.data.sync = true (default)
2019-07-16 14:36:33,144 INFO  server.RaftServerConfigKeys (ConfUtils.java:logGet(43)) - raft.server.retrycache.expirytime = 600000ms (custom)
2019-07-16 14:36:33,144 INFO  server.RaftServerConfigKeys (ConfUtils.java:logGet(43)) - raft.server.log.statemachine.data.sync.timeout = 10s (default)
2019-07-16 14:36:33,144 INFO  server.RaftServerConfigKeys (ConfUtils.java:logGet(43)) - raft.server.log.force.sync.num = 128 (default)
2019-07-16 14:36:33,145 INFO  server.RaftServerConfigKeys (ConfUtils.java:logGet(43)) - raft.server.log.statemachine.data.sync.timeout.retry = -1 (default)
2019-07-16 14:36:33,144 INFO  impl.RaftServerImpl (RaftServerImpl.java:start(180)) - e402b569-a738-4e47-b2c1-a8efc6f74657: start group-5C0D584D5560
2019-07-16 14:36:33,145 INFO  server.RaftServerConfigKeys (ConfUtils.java:logGet(43)) - raft.server.log.statemachine.data.caching.enabled = true (custom)
2019-07-16 14:36:33,145 INFO  server.RaftServerConfigKeys (ConfUtils.java:logGet(43)) - raft.server.log.statemachine.data.sync = true (default)
2019-07-16 14:36:33,145 INFO  impl.RaftServerImpl (RaftServerImpl.java:setRole(171)) - e402b569-a738-4e47-b2c1-a8efc6f74657:group-5C0D584D5560 changes role from null to FOLLOWER at term 0 for startAsFollower
2019-07-16 14:36:33,145 INFO  segmented.SegmentedRaftLogWorker (SegmentedRaftLogWorker.java:lambda$new$0(132)) - 476b27cc-aff9-4049-9fb6-34ee5d68bcdd-SegmentedRaftLogWorker:Storage Directory /workdir/hadoop-ozone/integration-test/target/test-dir/MiniOzoneClusterImpl-2fd49abb-6f62-449c-9a67-7114492b2ee9/datanode-3/data/ratis/42b25473-6272-484d-af33-5c0d584d5560: flushIndex: setUnconditionally 0 -> -1
2019-07-16 14:36:33,145 INFO  server.RaftServerConfigKeys (ConfUtils.java:logGet(43)) - raft.server.log.statemachine.data.sync.timeout = 10s (default)
2019-07-16 14:36:33,146 INFO  server.RaftServerConfigKeys (ConfUtils.java:logGet(43)) - raft.server.snapshot.auto.trigger.enabled = true (custom)
2019-07-16 14:36:33,145 INFO  impl.RoleInfo (RoleInfo.java:updateAndGet(143)) - e402b569-a738-4e47-b2c1-a8efc6f74657: start FollowerState
2019-07-16 14:36:33,146 INFO  server.RaftServerConfigKeys (ConfUtils.java:logGet(43)) - raft.server.snapshot.auto.trigger.threshold = 10000 (custom)
2019-07-16 14:36:33,146 INFO  server.RaftServerConfigKeys (ConfUtils.java:logGet(43)) - raft.server.log.statemachine.data.sync.timeout.retry = -1 (default)
2019-07-16 14:36:33,146 INFO  util.JmxRegister (JmxRegister.java:tryRegister(44)) - Successfully registered JMX Bean with object name Ratis:service=RaftServer,group=group-5C0D584D5560,id=e402b569-a738-4e47-b2c1-a8efc6f74657
2019-07-16 14:36:33,146 INFO  server.RaftServerConfigKeys (ConfUtils.java:logGet(43)) - raft.server.retrycache.expirytime = 600000ms (custom)
2019-07-16 14:36:33,146 INFO  server.RaftServerConfigKeys (ConfUtils.java:logGet(43)) - raft.server.log.statemachine.data.caching.enabled = true (custom)
2019-07-16 14:36:33,147 INFO  impl.RaftServerImpl (RaftServerImpl.java:start(180)) - 476b27cc-aff9-4049-9fb6-34ee5d68bcdd: start group-5C0D584D5560
2019-07-16 14:36:33,147 INFO  impl.RaftServerImpl (RaftServerImpl.java:setRole(171)) - 476b27cc-aff9-4049-9fb6-34ee5d68bcdd:group-5C0D584D5560 changes role from null to FOLLOWER at term 0 for startAsFollower
2019-07-16 14:36:33,147 INFO  segmented.SegmentedRaftLogWorker (SegmentedRaftLogWorker.java:lambda$new$0(132)) - e997601e-2389-4865-a7f7-e45d1f8ec3ef-SegmentedRaftLogWorker:Storage Directory /workdir/hadoop-ozone/integration-test/target/test-dir/MiniOzoneClusterImpl-2fd49abb-6f62-449c-9a67-7114492b2ee9/datanode-4/data/ratis/42b25473-6272-484d-af33-5c0d584d5560: flushIndex: setUnconditionally 0 -> -1
2019-07-16 14:36:33,147 INFO  impl.RoleInfo (RoleInfo.java:updateAndGet(143)) - 476b27cc-aff9-4049-9fb6-34ee5d68bcdd: start FollowerState
2019-07-16 14:36:33,147 INFO  server.RaftServerConfigKeys (ConfUtils.java:logGet(43)) - raft.server.snapshot.auto.trigger.enabled = true (custom)
2019-07-16 14:36:33,147 INFO  server.RaftServerConfigKeys (ConfUtils.java:logGet(43)) - raft.server.snapshot.auto.trigger.threshold = 10000 (custom)
2019-07-16 14:36:33,148 INFO  server.RaftServerConfigKeys (ConfUtils.java:logGet(43)) - raft.server.retrycache.expirytime = 600000ms (custom)
2019-07-16 14:36:33,148 INFO  impl.RaftServerImpl (RaftServerImpl.java:start(180)) - e997601e-2389-4865-a7f7-e45d1f8ec3ef: start group-5C0D584D5560
2019-07-16 14:36:33,148 INFO  util.JmxRegister (JmxRegister.java:tryRegister(44)) - Successfully registered JMX Bean with object name Ratis:service=RaftServer,group=group-5C0D584D5560,id=476b27cc-aff9-4049-9fb6-34ee5d68bcdd
2019-07-16 14:36:33,148 INFO  impl.RaftServerImpl (RaftServerImpl.java:setRole(171)) - e997601e-2389-4865-a7f7-e45d1f8ec3ef:group-5C0D584D5560 changes role from null to FOLLOWER at term 0 for startAsFollower
2019-07-16 14:36:33,148 INFO  impl.RoleInfo (RoleInfo.java:updateAndGet(143)) - e997601e-2389-4865-a7f7-e45d1f8ec3ef: start FollowerState
2019-07-16 14:36:33,148 INFO  util.JmxRegister (JmxRegister.java:tryRegister(44)) - Successfully registered JMX Bean with object name Ratis:service=RaftServer,group=group-5C0D584D5560,id=e997601e-2389-4865-a7f7-e45d1f8ec3ef
2019-07-16 14:36:33,150 INFO  pipeline.PipelineStateManager (PipelineStateManager.java:addPipeline(56)) - Created pipeline Pipeline[ Id: 42b25473-6272-484d-af33-5c0d584d5560, Nodes: 476b27cc-aff9-4049-9fb6-34ee5d68bcdd{ip: 192.168.5.141, host: byscane-nightly-ppzk5-1864156943, networkLocation: /default-rack, certSerialId: null}e402b569-a738-4e47-b2c1-a8efc6f74657{ip: 192.168.5.141, host: byscane-nightly-ppzk5-1864156943, networkLocation: /default-rack, certSerialId: null}e997601e-2389-4865-a7f7-e45d1f8ec3ef{ip: 192.168.5.141, host: byscane-nightly-ppzk5-1864156943, networkLocation: /default-rack, certSerialId: null}, Type:RATIS, Factor:THREE, State:OPEN]
2019-07-16 14:36:33,197 INFO  ozone.MiniOzoneClusterImpl (MiniOzoneClusterImpl.java:lambda$waitForClusterToBeReady$0(142)) - Waiting for cluster to be ready. Got 6 of 7 DN Heartbeats.
2019-07-16 14:36:33,201 INFO  node.SCMNodeManager (SCMNodeManager.java:register(268)) - Registered Data node : 40425d87-7681-4d3f-a82a-a1f688687ff9{ip: 192.168.5.141, host: byscane-nightly-ppzk5-1864156943, networkLocation: /default-rack, certSerialId: null}
2019-07-16 14:36:33,210 INFO  impl.RaftServerProxy (RaftServerProxy.java:addNew(89)) - 40425d87-7681-4d3f-a82a-a1f688687ff9: addNew group-5B5E84DEC26C:[40425d87-7681-4d3f-a82a-a1f688687ff9:192.168.5.141:34288] returns group-5B5E84DEC26C:java.util.concurrent.CompletableFuture@bafa087[Not completed]
2019-07-16 14:36:33,211 INFO  impl.RaftServerImpl (RaftServerImpl.java:<init>(93)) - 40425d87-7681-4d3f-a82a-a1f688687ff9: new RaftServerImpl for group-5B5E84DEC26C:[40425d87-7681-4d3f-a82a-a1f688687ff9:192.168.5.141:34288] with ContainerStateMachine:uninitialized
2019-07-16 14:36:33,212 INFO  server.RaftServerConfigKeys (ConfUtils.java:logGet(43)) - raft.server.rpc.timeout.min = 5s (custom)
2019-07-16 14:36:33,212 INFO  server.RaftServerConfigKeys (ConfUtils.java:logGet(43)) - raft.server.rpc.timeout.max = 5200ms (custom)
2019-07-16 14:36:33,212 INFO  server.RaftServerConfigKeys (ConfUtils.java:logGet(43)) - raft.server.rpcslowness.timeout = 120s (custom)
2019-07-16 14:36:33,212 INFO  server.RaftServerConfigKeys (ConfUtils.java:logGet(43)) - raft.server.sleep.deviation.threshold = 300 (default)
2019-07-16 14:36:33,212 INFO  server.RaftServerConfigKeys (ConfUtils.java:logGet(43)) - raft.server.log.appender.install.snapshot.enabled = false (custom)
2019-07-16 14:36:33,212 INFO  impl.RaftServerImpl (ServerState.java:<init>(105)) - 40425d87-7681-4d3f-a82a-a1f688687ff9:group-5B5E84DEC26C ConfigurationManager, init=-1: [40425d87-7681-4d3f-a82a-a1f688687ff9:192.168.5.141:34288], old=null, confs=<EMPTY_MAP>
2019-07-16 14:36:33,212 INFO  server.RaftServerConfigKeys (ConfUtils.java:logGet(43)) - raft.server.storage.dir = [/workdir/hadoop-ozone/integration-test/target/test-dir/MiniOzoneClusterImpl-2fd49abb-6f62-449c-9a67-7114492b2ee9/datanode-6/data/ratis] (custom)
2019-07-16 14:36:33,213 INFO  storage.RaftStorageDirectory (RaftStorageDirectory.java:analyzeStorage(246)) - The storage directory /workdir/hadoop-ozone/integration-test/target/test-dir/MiniOzoneClusterImpl-2fd49abb-6f62-449c-9a67-7114492b2ee9/datanode-6/data/ratis/3a537abf-1620-4ff6-8ca9-5b5e84dec26c does not exist. Creating ...
2019-07-16 14:36:33,219 INFO  storage.RaftStorageDirectory (RaftStorageDirectory.java:tryLock(328)) - Lock on /workdir/hadoop-ozone/integration-test/target/test-dir/MiniOzoneClusterImpl-2fd49abb-6f62-449c-9a67-7114492b2ee9/datanode-6/data/ratis/3a537abf-1620-4ff6-8ca9-5b5e84dec26c/in_use.lock acquired by nodename 28094@byscane-nightly-ppzk5-1864156943
2019-07-16 14:36:33,228 INFO  storage.RaftStorage (RaftStorage.java:format(72)) - Storage directory /workdir/hadoop-ozone/integration-test/target/test-dir/MiniOzoneClusterImpl-2fd49abb-6f62-449c-9a67-7114492b2ee9/datanode-6/data/ratis/3a537abf-1620-4ff6-8ca9-5b5e84dec26c has been successfully formatted.
2019-07-16 14:36:33,229 INFO  ratis.ContainerStateMachine (ContainerStateMachine.java:loadSnapshot(199)) - group-5B5E84DEC26C: The snapshot info is null. Setting the last applied indexto:(t:0, i:~)
2019-07-16 14:36:33,229 INFO  server.RaftServerConfigKeys (ConfUtils.java:logGet(43)) - raft.server.leader.election.timeout = 120s (custom)
2019-07-16 14:36:33,229 INFO  server.RaftServerConfigKeys (ConfUtils.java:logGet(43)) - raft.server.log.use.memory = false (default)
2019-07-16 14:36:33,229 INFO  server.RaftServerConfigKeys (ConfUtils.java:logGet(43)) - raft.server.log.purge.gap = 1000000000 (custom)
2019-07-16 14:36:33,229 INFO  server.RaftServerConfigKeys (ConfUtils.java:logGet(43)) - raft.server.log.appender.buffer.byte-limit = 33554432 (custom)
2019-07-16 14:36:33,229 INFO  server.RaftServerConfigKeys (ConfUtils.java:logGet(43)) - raft.server.log.segment.size.max = 1048576 (custom)
2019-07-16 14:36:33,229 INFO  server.RaftServerConfigKeys (ConfUtils.java:logGet(43)) - raft.server.log.segment.cache.num.max = 2 (custom)
2019-07-16 14:36:33,230 INFO  segmented.SegmentedRaftLogWorker (SegmentedRaftLogWorker.java:<init>(172)) - new 40425d87-7681-4d3f-a82a-a1f688687ff9-SegmentedRaftLogWorker:Storage Directory /workdir/hadoop-ozone/integration-test/target/test-dir/MiniOzoneClusterImpl-2fd49abb-6f62-449c-9a67-7114492b2ee9/datanode-6/data/ratis/3a537abf-1620-4ff6-8ca9-5b5e84dec26c for RaftStorage:Storage Directory /workdir/hadoop-ozone/integration-test/target/test-dir/MiniOzoneClusterImpl-2fd49abb-6f62-449c-9a67-7114492b2ee9/datanode-6/data/ratis/3a537abf-1620-4ff6-8ca9-5b5e84dec26c
2019-07-16 14:36:33,230 INFO  server.RaftServerConfigKeys (ConfUtils.java:logGet(43)) - raft.server.log.queue.byte-limit = 2147483647 (custom)
2019-07-16 14:36:33,230 INFO  server.RaftServerConfigKeys (ConfUtils.java:logGet(43)) - raft.server.log.queue.element-limit = 1024 (custom)
2019-07-16 14:36:33,230 INFO  server.RaftServerConfigKeys (ConfUtils.java:logGet(43)) - raft.server.log.segment.size.max = 1048576 (custom)
2019-07-16 14:36:33,230 INFO  server.RaftServerConfigKeys (ConfUtils.java:logGet(43)) - raft.server.log.preallocated.size = 16384 (custom)
2019-07-16 14:36:33,231 INFO  server.RaftServerConfigKeys (ConfUtils.java:logGet(43)) - raft.server.log.write.buffer.size = 33554432 (custom)
2019-07-16 14:36:33,231 INFO  server.RaftServerConfigKeys (ConfUtils.java:logGet(43)) - raft.server.log.force.sync.num = 128 (default)
2019-07-16 14:36:33,231 INFO  server.RaftServerConfigKeys (ConfUtils.java:logGet(43)) - raft.server.log.statemachine.data.sync = true (default)
2019-07-16 14:36:33,231 INFO  server.RaftServerConfigKeys (ConfUtils.java:logGet(43)) - raft.server.log.statemachine.data.sync.timeout = 10s (default)
2019-07-16 14:36:33,231 INFO  server.RaftServerConfigKeys (ConfUtils.java:logGet(43)) - raft.server.log.statemachine.data.sync.timeout.retry = -1 (default)
2019-07-16 14:36:33,231 INFO  server.RaftServerConfigKeys (ConfUtils.java:logGet(43)) - raft.server.log.statemachine.data.caching.enabled = true (custom)
2019-07-16 14:36:33,232 INFO  segmented.SegmentedRaftLogWorker (SegmentedRaftLogWorker.java:lambda$new$0(132)) - 40425d87-7681-4d3f-a82a-a1f688687ff9-SegmentedRaftLogWorker:Storage Directory /workdir/hadoop-ozone/integration-test/target/test-dir/MiniOzoneClusterImpl-2fd49abb-6f62-449c-9a67-7114492b2ee9/datanode-6/data/ratis/3a537abf-1620-4ff6-8ca9-5b5e84dec26c: flushIndex: setUnconditionally 0 -> -1
2019-07-16 14:36:33,232 INFO  server.RaftServerConfigKeys (ConfUtils.java:logGet(43)) - raft.server.snapshot.auto.trigger.enabled = true (custom)
2019-07-16 14:36:33,232 INFO  server.RaftServerConfigKeys (ConfUtils.java:logGet(43)) - raft.server.snapshot.auto.trigger.threshold = 10000 (custom)
2019-07-16 14:36:33,232 INFO  server.RaftServerConfigKeys (ConfUtils.java:logGet(43)) - raft.server.retrycache.expirytime = 600000ms (custom)
2019-07-16 14:36:33,233 INFO  impl.RaftServerImpl (RaftServerImpl.java:start(180)) - 40425d87-7681-4d3f-a82a-a1f688687ff9: start group-5B5E84DEC26C
2019-07-16 14:36:33,233 INFO  impl.RaftServerImpl (RaftServerImpl.java:setRole(171)) - 40425d87-7681-4d3f-a82a-a1f688687ff9:group-5B5E84DEC26C changes role from null to FOLLOWER at term 0 for startAsFollower
2019-07-16 14:36:33,233 INFO  impl.RoleInfo (RoleInfo.java:updateAndGet(143)) - 40425d87-7681-4d3f-a82a-a1f688687ff9: start FollowerState
2019-07-16 14:36:33,246 INFO  util.JmxRegister (JmxRegister.java:tryRegister(44)) - Successfully registered JMX Bean with object name Ratis:service=RaftServer,group=group-5B5E84DEC26C,id=40425d87-7681-4d3f-a82a-a1f688687ff9
2019-07-16 14:36:33,260 INFO  pipeline.PipelineStateManager (PipelineStateManager.java:addPipeline(56)) - Created pipeline Pipeline[ Id: 3a537abf-1620-4ff6-8ca9-5b5e84dec26c, Nodes: 40425d87-7681-4d3f-a82a-a1f688687ff9{ip: 192.168.5.141, host: byscane-nightly-ppzk5-1864156943, networkLocation: /default-rack, certSerialId: null}, Type:RATIS, Factor:ONE, State:OPEN]
2019-07-16 14:36:34,197 INFO  ozone.MiniOzoneClusterImpl (MiniOzoneClusterImpl.java:lambda$waitForClusterToBeReady$0(142)) - Cluster is ready. Got 7 of 7 DN Heartbeats.
2019-07-16 14:36:34,243 INFO  rpc.RpcClient (RpcClient.java:createVolume(287)) - Creating Volume: watchforcommithandlingtest, with jenkins1000 as owner.
2019-07-16 14:36:34,261 INFO  rpc.RpcClient (RpcClient.java:createBucket(424)) - Creating Bucket: watchforcommithandlingtest/watchforcommithandlingtest, with Versioning false and Storage Type set to DISK and Encryption set to false 
2019-07-16 14:36:34,265 INFO  ozone.MiniOzoneClusterImpl (MiniOzoneClusterImpl.java:getStorageContainerLocationClient(241)) - Creating StorageContainerLocationProtocol RPC client with address /0.0.0.0:42633
2019-07-16 14:36:34,293 INFO  client.GrpcClientProtocolClient (GrpcClientProtocolClient.java:onNext(255)) - client-7D249CB95AEE->05db247d-740e-4a28-8f98-6376453fe824: receive RaftClientReply:client-7D249CB95AEE->05db247d-740e-4a28-8f98-6376453fe824@group-D5FA4616B46B, cid=55, FAILED org.apache.ratis.protocol.NotLeaderException: Server 05db247d-740e-4a28-8f98-6376453fe824 is not the leader (null). Request must be sent to leader., logIndex=0, commits[05db247d-740e-4a28-8f98-6376453fe824:c-1]
2019-07-16 14:36:35,330 INFO  client.GrpcClientProtocolClient (GrpcClientProtocolClient.java:onNext(255)) - client-7D249CB95AEE->2d24ff93-5e56-4080-b028-9b16d6e96cde: receive RaftClientReply:client-7D249CB95AEE->2d24ff93-5e56-4080-b028-9b16d6e96cde@group-D5FA4616B46B, cid=55, FAILED org.apache.ratis.protocol.NotLeaderException: Server 2d24ff93-5e56-4080-b028-9b16d6e96cde is not the leader (null). Request must be sent to leader., logIndex=0, commits[2d24ff93-5e56-4080-b028-9b16d6e96cde:c-1]
2019-07-16 14:36:36,355 INFO  client.GrpcClientProtocolClient (GrpcClientProtocolClient.java:onNext(255)) - client-7D249CB95AEE->05db247d-740e-4a28-8f98-6376453fe824: receive RaftClientReply:client-7D249CB95AEE->05db247d-740e-4a28-8f98-6376453fe824@group-D5FA4616B46B, cid=55, FAILED org.apache.ratis.protocol.NotLeaderException: Server 05db247d-740e-4a28-8f98-6376453fe824 is not the leader (null). Request must be sent to leader., logIndex=0, commits[05db247d-740e-4a28-8f98-6376453fe824:c-1]
2019-07-16 14:36:37,292 INFO  impl.FollowerState (FollowerState.java:run(106)) - 05db247d-740e-4a28-8f98-6376453fe824:group-5FCA4558A741 changes to CANDIDATE, lastRpcTime:5094, electionTimeout:5094ms
2019-07-16 14:36:37,292 INFO  impl.RoleInfo (RoleInfo.java:shutdownFollowerState(121)) - 05db247d-740e-4a28-8f98-6376453fe824: shutdown FollowerState
2019-07-16 14:36:37,292 INFO  impl.RaftServerImpl (RaftServerImpl.java:setRole(171)) - 05db247d-740e-4a28-8f98-6376453fe824:group-5FCA4558A741 changes role from FOLLOWER to CANDIDATE at term 0 for changeToCandidate
2019-07-16 14:36:37,292 INFO  impl.RoleInfo (RoleInfo.java:updateAndGet(143)) - 05db247d-740e-4a28-8f98-6376453fe824: start LeaderElection
2019-07-16 14:36:37,312 INFO  impl.LeaderElection (LeaderElection.java:askForVotes(181)) - 05db247d-740e-4a28-8f98-6376453fe824:group-5FCA4558A741:LeaderElection20: begin an election at term 1 for -1: [05db247d-740e-4a28-8f98-6376453fe824:192.168.5.141:42455], old=null
2019-07-16 14:36:37,312 INFO  impl.RoleInfo (RoleInfo.java:shutdownLeaderElection(134)) - 05db247d-740e-4a28-8f98-6376453fe824: shutdown LeaderElection
2019-07-16 14:36:37,312 INFO  impl.RaftServerImpl (RaftServerImpl.java:setRole(171)) - 05db247d-740e-4a28-8f98-6376453fe824:group-5FCA4558A741 changes role from CANDIDATE to LEADER at term 1 for changeToLeader
2019-07-16 14:36:37,312 INFO  impl.RaftServerImpl (ServerState.java:setLeader(263)) - 05db247d-740e-4a28-8f98-6376453fe824:group-5FCA4558A741 change Leader from null to 05db247d-740e-4a28-8f98-6376453fe824 at term 1 for becomeLeader, leader elected after 5120ms
2019-07-16 14:36:37,313 INFO  server.RaftServerConfigKeys (ConfUtils.java:logGet(43)) - raft.server.staging.catchup.gap = 1000 (default)
2019-07-16 14:36:37,313 INFO  server.RaftServerConfigKeys (ConfUtils.java:logGet(43)) - raft.server.rpc.sleep.time = 25ms (default)
2019-07-16 14:36:37,313 INFO  server.RaftServerConfigKeys (ConfUtils.java:logGet(43)) - raft.server.write.element-limit = 4096 (default)
2019-07-16 14:36:37,313 INFO  server.RaftServerConfigKeys (ConfUtils.java:logGet(43)) - raft.server.watch.timeout = 10s (default)
2019-07-16 14:36:37,313 INFO  server.RaftServerConfigKeys (ConfUtils.java:logGet(43)) - raft.server.watch.timeout.denomination = 1s (default)
2019-07-16 14:36:37,313 INFO  server.RaftServerConfigKeys (ConfUtils.java:logGet(43)) - raft.server.watch.element-limit = 65536 (default)
2019-07-16 14:36:37,314 INFO  impl.RoleInfo (RoleInfo.java:updateAndGet(143)) - 05db247d-740e-4a28-8f98-6376453fe824: start LeaderState
2019-07-16 14:36:37,314 INFO  segmented.SegmentedRaftLogWorker (SegmentedRaftLogWorker.java:startLogSegment(380)) - 05db247d-740e-4a28-8f98-6376453fe824-SegmentedRaftLogWorker:Storage Directory /workdir/hadoop-ozone/integration-test/target/test-dir/MiniOzoneClusterImpl-2fd49abb-6f62-449c-9a67-7114492b2ee9/datanode-0/data/ratis/4cb05459-4394-47e3-b72f-5fca4558a741: Starting segment from index:0
2019-07-16 14:36:37,315 INFO  impl.RaftServerImpl (ServerState.java:setRaftConf(361)) - 05db247d-740e-4a28-8f98-6376453fe824:group-5FCA4558A741 set configuration 0: [05db247d-740e-4a28-8f98-6376453fe824:192.168.5.141:42455], old=null at 0
2019-07-16 14:36:37,336 INFO  segmented.SegmentedRaftLogWorker (SegmentedRaftLogWorker.java:execute(569)) - 05db247d-740e-4a28-8f98-6376453fe824-SegmentedRaftLogWorker:Storage Directory /workdir/hadoop-ozone/integration-test/target/test-dir/MiniOzoneClusterImpl-2fd49abb-6f62-449c-9a67-7114492b2ee9/datanode-0/data/ratis/4cb05459-4394-47e3-b72f-5fca4558a741: created new log segment /workdir/hadoop-ozone/integration-test/target/test-dir/MiniOzoneClusterImpl-2fd49abb-6f62-449c-9a67-7114492b2ee9/datanode-0/data/ratis/4cb05459-4394-47e3-b72f-5fca4558a741/current/log_inprogress_0
2019-07-16 14:36:37,376 INFO  client.GrpcClientProtocolClient (GrpcClientProtocolClient.java:onNext(255)) - client-7D249CB95AEE->2d24ff93-5e56-4080-b028-9b16d6e96cde: receive RaftClientReply:client-7D249CB95AEE->2d24ff93-5e56-4080-b028-9b16d6e96cde@group-D5FA4616B46B, cid=55, FAILED org.apache.ratis.protocol.NotLeaderException: Server 2d24ff93-5e56-4080-b028-9b16d6e96cde is not the leader (null). Request must be sent to leader., logIndex=0, commits[2d24ff93-5e56-4080-b028-9b16d6e96cde:c-1]
2019-07-16 14:36:37,447 INFO  impl.FollowerState (FollowerState.java:run(106)) - 2d24ff93-5e56-4080-b028-9b16d6e96cde:group-4C2301089271 changes to CANDIDATE, lastRpcTime:5019, electionTimeout:5019ms
2019-07-16 14:36:37,448 INFO  impl.RoleInfo (RoleInfo.java:shutdownFollowerState(121)) - 2d24ff93-5e56-4080-b028-9b16d6e96cde: shutdown FollowerState
2019-07-16 14:36:37,448 INFO  impl.RaftServerImpl (RaftServerImpl.java:setRole(171)) - 2d24ff93-5e56-4080-b028-9b16d6e96cde:group-4C2301089271 changes role from FOLLOWER to CANDIDATE at term 0 for changeToCandidate
2019-07-16 14:36:37,448 INFO  impl.RoleInfo (RoleInfo.java:updateAndGet(143)) - 2d24ff93-5e56-4080-b028-9b16d6e96cde: start LeaderElection
2019-07-16 14:36:37,474 INFO  impl.LeaderElection (LeaderElection.java:askForVotes(181)) - 2d24ff93-5e56-4080-b028-9b16d6e96cde:group-4C2301089271:LeaderElection21: begin an election at term 1 for -1: [2d24ff93-5e56-4080-b028-9b16d6e96cde:192.168.5.141:46479], old=null
2019-07-16 14:36:37,474 INFO  impl.RoleInfo (RoleInfo.java:shutdownLeaderElection(134)) - 2d24ff93-5e56-4080-b028-9b16d6e96cde: shutdown LeaderElection
2019-07-16 14:36:37,474 INFO  impl.RaftServerImpl (RaftServerImpl.java:setRole(171)) - 2d24ff93-5e56-4080-b028-9b16d6e96cde:group-4C2301089271 changes role from CANDIDATE to LEADER at term 1 for changeToLeader
2019-07-16 14:36:37,475 INFO  impl.RaftServerImpl (ServerState.java:setLeader(263)) - 2d24ff93-5e56-4080-b028-9b16d6e96cde:group-4C2301089271 change Leader from null to 2d24ff93-5e56-4080-b028-9b16d6e96cde at term 1 for becomeLeader, leader elected after 5050ms
2019-07-16 14:36:37,475 INFO  server.RaftServerConfigKeys (ConfUtils.java:logGet(43)) - raft.server.staging.catchup.gap = 1000 (default)
2019-07-16 14:36:37,475 INFO  server.RaftServerConfigKeys (ConfUtils.java:logGet(43)) - raft.server.rpc.sleep.time = 25ms (default)
2019-07-16 14:36:37,475 INFO  server.RaftServerConfigKeys (ConfUtils.java:logGet(43)) - raft.server.write.element-limit = 4096 (default)
2019-07-16 14:36:37,476 INFO  server.RaftServerConfigKeys (ConfUtils.java:logGet(43)) - raft.server.watch.timeout = 10s (default)
2019-07-16 14:36:37,476 INFO  server.RaftServerConfigKeys (ConfUtils.java:logGet(43)) - raft.server.watch.timeout.denomination = 1s (default)
2019-07-16 14:36:37,476 INFO  server.RaftServerConfigKeys (ConfUtils.java:logGet(43)) - raft.server.watch.element-limit = 65536 (default)
2019-07-16 14:36:37,476 INFO  impl.RoleInfo (RoleInfo.java:updateAndGet(143)) - 2d24ff93-5e56-4080-b028-9b16d6e96cde: start LeaderState
2019-07-16 14:36:37,476 INFO  segmented.SegmentedRaftLogWorker (SegmentedRaftLogWorker.java:startLogSegment(380)) - 2d24ff93-5e56-4080-b028-9b16d6e96cde-SegmentedRaftLogWorker:Storage Directory /workdir/hadoop-ozone/integration-test/target/test-dir/MiniOzoneClusterImpl-2fd49abb-6f62-449c-9a67-7114492b2ee9/datanode-1/data/ratis/7bebeff2-7b70-4f45-9013-4c2301089271: Starting segment from index:0
2019-07-16 14:36:37,477 INFO  impl.RaftServerImpl (ServerState.java:setRaftConf(361)) - 2d24ff93-5e56-4080-b028-9b16d6e96cde:group-4C2301089271 set configuration 0: [2d24ff93-5e56-4080-b028-9b16d6e96cde:192.168.5.141:46479], old=null at 0
2019-07-16 14:36:37,500 INFO  segmented.SegmentedRaftLogWorker (SegmentedRaftLogWorker.java:execute(569)) - 2d24ff93-5e56-4080-b028-9b16d6e96cde-SegmentedRaftLogWorker:Storage Directory /workdir/hadoop-ozone/integration-test/target/test-dir/MiniOzoneClusterImpl-2fd49abb-6f62-449c-9a67-7114492b2ee9/datanode-1/data/ratis/7bebeff2-7b70-4f45-9013-4c2301089271: created new log segment /workdir/hadoop-ozone/integration-test/target/test-dir/MiniOzoneClusterImpl-2fd49abb-6f62-449c-9a67-7114492b2ee9/datanode-1/data/ratis/7bebeff2-7b70-4f45-9013-4c2301089271/current/log_inprogress_0
2019-07-16 14:36:37,666 INFO  impl.FollowerState (FollowerState.java:run(106)) - 42b13e68-5a55-4074-bc1a-ac1414cc1e9f:group-994A7FD6AF30 changes to CANDIDATE, lastRpcTime:5068, electionTimeout:5068ms
2019-07-16 14:36:37,666 INFO  impl.RoleInfo (RoleInfo.java:shutdownFollowerState(121)) - 42b13e68-5a55-4074-bc1a-ac1414cc1e9f: shutdown FollowerState
2019-07-16 14:36:37,667 INFO  impl.RaftServerImpl (RaftServerImpl.java:setRole(171)) - 42b13e68-5a55-4074-bc1a-ac1414cc1e9f:group-994A7FD6AF30 changes role from FOLLOWER to CANDIDATE at term 0 for changeToCandidate
2019-07-16 14:36:37,667 INFO  impl.RoleInfo (RoleInfo.java:updateAndGet(143)) - 42b13e68-5a55-4074-bc1a-ac1414cc1e9f: start LeaderElection
2019-07-16 14:36:37,694 INFO  impl.LeaderElection (LeaderElection.java:askForVotes(181)) - 42b13e68-5a55-4074-bc1a-ac1414cc1e9f:group-994A7FD6AF30:LeaderElection22: begin an election at term 1 for -1: [42b13e68-5a55-4074-bc1a-ac1414cc1e9f:192.168.5.141:35457], old=null
2019-07-16 14:36:37,694 INFO  impl.RoleInfo (RoleInfo.java:shutdownLeaderElection(134)) - 42b13e68-5a55-4074-bc1a-ac1414cc1e9f: shutdown LeaderElection
2019-07-16 14:36:37,694 INFO  impl.RaftServerImpl (RaftServerImpl.java:setRole(171)) - 42b13e68-5a55-4074-bc1a-ac1414cc1e9f:group-994A7FD6AF30 changes role from CANDIDATE to LEADER at term 1 for changeToLeader
2019-07-16 14:36:37,695 INFO  impl.RaftServerImpl (ServerState.java:setLeader(263)) - 42b13e68-5a55-4074-bc1a-ac1414cc1e9f:group-994A7FD6AF30 change Leader from null to 42b13e68-5a55-4074-bc1a-ac1414cc1e9f at term 1 for becomeLeader, leader elected after 5103ms
2019-07-16 14:36:37,695 INFO  server.RaftServerConfigKeys (ConfUtils.java:logGet(43)) - raft.server.staging.catchup.gap = 1000 (default)
2019-07-16 14:36:37,695 INFO  server.RaftServerConfigKeys (ConfUtils.java:logGet(43)) - raft.server.rpc.sleep.time = 25ms (default)
2019-07-16 14:36:37,695 INFO  server.RaftServerConfigKeys (ConfUtils.java:logGet(43)) - raft.server.write.element-limit = 4096 (default)
2019-07-16 14:36:37,695 INFO  server.RaftServerConfigKeys (ConfUtils.java:logGet(43)) - raft.server.watch.timeout = 10s (default)
2019-07-16 14:36:37,695 INFO  server.RaftServerConfigKeys (ConfUtils.java:logGet(43)) - raft.server.watch.timeout.denomination = 1s (default)
2019-07-16 14:36:37,695 INFO  server.RaftServerConfigKeys (ConfUtils.java:logGet(43)) - raft.server.watch.element-limit = 65536 (default)
2019-07-16 14:36:37,696 INFO  impl.RoleInfo (RoleInfo.java:updateAndGet(143)) - 42b13e68-5a55-4074-bc1a-ac1414cc1e9f: start LeaderState
2019-07-16 14:36:37,696 INFO  segmented.SegmentedRaftLogWorker (SegmentedRaftLogWorker.java:startLogSegment(380)) - 42b13e68-5a55-4074-bc1a-ac1414cc1e9f-SegmentedRaftLogWorker:Storage Directory /workdir/hadoop-ozone/integration-test/target/test-dir/MiniOzoneClusterImpl-2fd49abb-6f62-449c-9a67-7114492b2ee9/datanode-2/data/ratis/fb061e00-0f31-4754-943f-994a7fd6af30: Starting segment from index:0
2019-07-16 14:36:37,697 INFO  impl.RaftServerImpl (ServerState.java:setRaftConf(361)) - 42b13e68-5a55-4074-bc1a-ac1414cc1e9f:group-994A7FD6AF30 set configuration 0: [42b13e68-5a55-4074-bc1a-ac1414cc1e9f:192.168.5.141:35457], old=null at 0
2019-07-16 14:36:37,717 INFO  impl.FollowerState (FollowerState.java:run(106)) - 2d24ff93-5e56-4080-b028-9b16d6e96cde:group-D5FA4616B46B changes to CANDIDATE, lastRpcTime:5063, electionTimeout:5059ms
2019-07-16 14:36:37,718 INFO  impl.RoleInfo (RoleInfo.java:shutdownFollowerState(121)) - 2d24ff93-5e56-4080-b028-9b16d6e96cde: shutdown FollowerState
2019-07-16 14:36:37,718 INFO  impl.RaftServerImpl (RaftServerImpl.java:setRole(171)) - 2d24ff93-5e56-4080-b028-9b16d6e96cde:group-D5FA4616B46B changes role from FOLLOWER to CANDIDATE at term 0 for changeToCandidate
2019-07-16 14:36:37,718 INFO  impl.RoleInfo (RoleInfo.java:updateAndGet(143)) - 2d24ff93-5e56-4080-b028-9b16d6e96cde: start LeaderElection
2019-07-16 14:36:37,722 INFO  segmented.SegmentedRaftLogWorker (SegmentedRaftLogWorker.java:execute(569)) - 42b13e68-5a55-4074-bc1a-ac1414cc1e9f-SegmentedRaftLogWorker:Storage Directory /workdir/hadoop-ozone/integration-test/target/test-dir/MiniOzoneClusterImpl-2fd49abb-6f62-449c-9a67-7114492b2ee9/datanode-2/data/ratis/fb061e00-0f31-4754-943f-994a7fd6af30: created new log segment /workdir/hadoop-ozone/integration-test/target/test-dir/MiniOzoneClusterImpl-2fd49abb-6f62-449c-9a67-7114492b2ee9/datanode-2/data/ratis/fb061e00-0f31-4754-943f-994a7fd6af30/current/log_inprogress_0
2019-07-16 14:36:37,740 INFO  impl.LeaderElection (LeaderElection.java:askForVotes(181)) - 2d24ff93-5e56-4080-b028-9b16d6e96cde:group-D5FA4616B46B:LeaderElection23: begin an election at term 1 for -1: [05db247d-740e-4a28-8f98-6376453fe824:192.168.5.141:42455, 42b13e68-5a55-4074-bc1a-ac1414cc1e9f:192.168.5.141:35457, 2d24ff93-5e56-4080-b028-9b16d6e96cde:192.168.5.141:46479], old=null
2019-07-16 14:36:37,751 INFO  impl.RaftServerImpl (RaftServerImpl.java:setRole(171)) - 05db247d-740e-4a28-8f98-6376453fe824:group-D5FA4616B46B changes role from FOLLOWER to FOLLOWER at term 1 for recognizeCandidate:2d24ff93-5e56-4080-b028-9b16d6e96cde
2019-07-16 14:36:37,751 INFO  impl.RaftServerImpl (RaftServerImpl.java:setRole(171)) - 42b13e68-5a55-4074-bc1a-ac1414cc1e9f:group-D5FA4616B46B changes role from FOLLOWER to FOLLOWER at term 1 for recognizeCandidate:2d24ff93-5e56-4080-b028-9b16d6e96cde
2019-07-16 14:36:37,751 INFO  impl.RoleInfo (RoleInfo.java:shutdownFollowerState(121)) - 05db247d-740e-4a28-8f98-6376453fe824: shutdown FollowerState
2019-07-16 14:36:37,751 INFO  impl.RoleInfo (RoleInfo.java:shutdownFollowerState(121)) - 42b13e68-5a55-4074-bc1a-ac1414cc1e9f: shutdown FollowerState
2019-07-16 14:36:37,751 INFO  impl.FollowerState (FollowerState.java:run(114)) - 05db247d-740e-4a28-8f98-6376453fe824: FollowerState was interrupted: java.lang.InterruptedException: sleep interrupted
2019-07-16 14:36:37,751 INFO  impl.RoleInfo (RoleInfo.java:updateAndGet(143)) - 05db247d-740e-4a28-8f98-6376453fe824: start FollowerState
2019-07-16 14:36:37,752 INFO  impl.FollowerState (FollowerState.java:run(114)) - 42b13e68-5a55-4074-bc1a-ac1414cc1e9f: FollowerState was interrupted: java.lang.InterruptedException: sleep interrupted
2019-07-16 14:36:37,751 INFO  impl.RoleInfo (RoleInfo.java:updateAndGet(143)) - 42b13e68-5a55-4074-bc1a-ac1414cc1e9f: start FollowerState
2019-07-16 14:36:37,766 INFO  impl.LeaderElection (LeaderElection.java:logAndReturn(56)) - 2d24ff93-5e56-4080-b028-9b16d6e96cde:group-D5FA4616B46B:LeaderElection23: Election PASSED; received 1 response(s) [2d24ff93-5e56-4080-b028-9b16d6e96cde<-42b13e68-5a55-4074-bc1a-ac1414cc1e9f#0:OK-t1] and 0 exception(s); 2d24ff93-5e56-4080-b028-9b16d6e96cde:t1, leader=null, voted=2d24ff93-5e56-4080-b028-9b16d6e96cde, raftlog=2d24ff93-5e56-4080-b028-9b16d6e96cde-SegmentedRaftLog:OPENED:c-1,f-1,i0, conf=-1: [05db247d-740e-4a28-8f98-6376453fe824:192.168.5.141:42455, 42b13e68-5a55-4074-bc1a-ac1414cc1e9f:192.168.5.141:35457, 2d24ff93-5e56-4080-b028-9b16d6e96cde:192.168.5.141:46479], old=null
2019-07-16 14:36:37,766 INFO  impl.RoleInfo (RoleInfo.java:shutdownLeaderElection(134)) - 2d24ff93-5e56-4080-b028-9b16d6e96cde: shutdown LeaderElection
2019-07-16 14:36:37,771 INFO  impl.RaftServerImpl (RaftServerImpl.java:setRole(171)) - 2d24ff93-5e56-4080-b028-9b16d6e96cde:group-D5FA4616B46B changes role from CANDIDATE to LEADER at term 1 for changeToLeader
2019-07-16 14:36:37,771 INFO  impl.RaftServerImpl (ServerState.java:setLeader(263)) - 2d24ff93-5e56-4080-b028-9b16d6e96cde:group-D5FA4616B46B change Leader from null to 2d24ff93-5e56-4080-b028-9b16d6e96cde at term 1 for becomeLeader, leader elected after 5124ms
2019-07-16 14:36:37,771 INFO  server.RaftServerConfigKeys (ConfUtils.java:logGet(43)) - raft.server.staging.catchup.gap = 1000 (default)
2019-07-16 14:36:37,771 INFO  server.RaftServerConfigKeys (ConfUtils.java:logGet(43)) - raft.server.rpc.sleep.time = 25ms (default)
2019-07-16 14:36:37,771 INFO  server.RaftServerConfigKeys (ConfUtils.java:logGet(43)) - raft.server.write.element-limit = 4096 (default)
2019-07-16 14:36:37,771 INFO  server.RaftServerConfigKeys (ConfUtils.java:logGet(43)) - raft.server.watch.timeout = 10s (default)
2019-07-16 14:36:37,771 INFO  server.RaftServerConfigKeys (ConfUtils.java:logGet(43)) - raft.server.watch.timeout.denomination = 1s (default)
2019-07-16 14:36:37,772 INFO  server.RaftServerConfigKeys (ConfUtils.java:logGet(43)) - raft.server.watch.element-limit = 65536 (default)
2019-07-16 14:36:37,772 INFO  server.RaftServerConfigKeys (ConfUtils.java:logGet(43)) - raft.server.log.appender.snapshot.chunk.size.max = 16MB (=16777216) (default)
2019-07-16 14:36:37,772 INFO  server.RaftServerConfigKeys (ConfUtils.java:logGet(43)) - raft.server.log.appender.buffer.byte-limit = 33554432 (custom)
2019-07-16 14:36:37,772 INFO  server.RaftServerConfigKeys (ConfUtils.java:logGet(43)) - raft.server.log.appender.buffer.element-limit = 1 (custom)
2019-07-16 14:36:37,772 INFO  grpc.GrpcConfigKeys$Server (ConfUtils.java:logGet(43)) - raft.grpc.server.leader.outstanding.appends.max = 128 (default)
2019-07-16 14:36:37,773 INFO  server.RaftServerConfigKeys (ConfUtils.java:logGet(43)) - raft.server.rpc.request.timeout = 3000ms (default)
2019-07-16 14:36:37,773 INFO  server.RaftServerConfigKeys (ConfUtils.java:logGet(43)) - raft.server.log.appender.install.snapshot.enabled = false (custom)
2019-07-16 14:36:37,773 INFO  server.RaftServerConfigKeys (ConfUtils.java:logGet(43)) - raft.server.log.appender.snapshot.chunk.size.max = 16MB (=16777216) (default)
2019-07-16 14:36:37,773 INFO  server.RaftServerConfigKeys (ConfUtils.java:logGet(43)) - raft.server.log.appender.buffer.byte-limit = 33554432 (custom)
2019-07-16 14:36:37,773 INFO  server.RaftServerConfigKeys (ConfUtils.java:logGet(43)) - raft.server.log.appender.buffer.element-limit = 1 (custom)
2019-07-16 14:36:37,773 INFO  grpc.GrpcConfigKeys$Server (ConfUtils.java:logGet(43)) - raft.grpc.server.leader.outstanding.appends.max = 128 (default)
2019-07-16 14:36:37,774 INFO  server.RaftServerConfigKeys (ConfUtils.java:logGet(43)) - raft.server.rpc.request.timeout = 3000ms (default)
2019-07-16 14:36:37,774 INFO  server.RaftServerConfigKeys (ConfUtils.java:logGet(43)) - raft.server.log.appender.install.snapshot.enabled = false (custom)
2019-07-16 14:36:37,774 INFO  impl.RoleInfo (RoleInfo.java:updateAndGet(143)) - 2d24ff93-5e56-4080-b028-9b16d6e96cde: start LeaderState
2019-07-16 14:36:37,774 INFO  segmented.SegmentedRaftLogWorker (SegmentedRaftLogWorker.java:startLogSegment(380)) - 2d24ff93-5e56-4080-b028-9b16d6e96cde-SegmentedRaftLogWorker:Storage Directory /workdir/hadoop-ozone/integration-test/target/test-dir/MiniOzoneClusterImpl-2fd49abb-6f62-449c-9a67-7114492b2ee9/datanode-1/data/ratis/dd15e6f4-63da-42e5-ab1d-d5fa4616b46b: Starting segment from index:0
2019-07-16 14:36:37,774 INFO  impl.FollowerState (FollowerState.java:run(106)) - 476b27cc-aff9-4049-9fb6-34ee5d68bcdd:group-E4085E75BC30 changes to CANDIDATE, lastRpcTime:5038, electionTimeout:5038ms
2019-07-16 14:36:37,774 INFO  impl.RoleInfo (RoleInfo.java:shutdownFollowerState(121)) - 476b27cc-aff9-4049-9fb6-34ee5d68bcdd: shutdown FollowerState
2019-07-16 14:36:37,775 INFO  impl.RaftServerImpl (RaftServerImpl.java:setRole(171)) - 476b27cc-aff9-4049-9fb6-34ee5d68bcdd:group-E4085E75BC30 changes role from FOLLOWER to CANDIDATE at term 0 for changeToCandidate
2019-07-16 14:36:37,775 INFO  impl.RoleInfo (RoleInfo.java:updateAndGet(143)) - 476b27cc-aff9-4049-9fb6-34ee5d68bcdd: start LeaderElection
2019-07-16 14:36:37,791 INFO  impl.RaftServerImpl (ServerState.java:setRaftConf(361)) - 2d24ff93-5e56-4080-b028-9b16d6e96cde:group-D5FA4616B46B set configuration 0: [05db247d-740e-4a28-8f98-6376453fe824:192.168.5.141:42455, 42b13e68-5a55-4074-bc1a-ac1414cc1e9f:192.168.5.141:35457, 2d24ff93-5e56-4080-b028-9b16d6e96cde:192.168.5.141:46479], old=null at 0
2019-07-16 14:36:37,802 INFO  segmented.SegmentedRaftLogWorker (SegmentedRaftLogWorker.java:execute(569)) - 2d24ff93-5e56-4080-b028-9b16d6e96cde-SegmentedRaftLogWorker:Storage Directory /workdir/hadoop-ozone/integration-test/target/test-dir/MiniOzoneClusterImpl-2fd49abb-6f62-449c-9a67-7114492b2ee9/datanode-1/data/ratis/dd15e6f4-63da-42e5-ab1d-d5fa4616b46b: created new log segment /workdir/hadoop-ozone/integration-test/target/test-dir/MiniOzoneClusterImpl-2fd49abb-6f62-449c-9a67-7114492b2ee9/datanode-1/data/ratis/dd15e6f4-63da-42e5-ab1d-d5fa4616b46b/current/log_inprogress_0
2019-07-16 14:36:37,807 INFO  impl.RaftServerImpl (ServerState.java:setLeader(263)) - 05db247d-740e-4a28-8f98-6376453fe824:group-D5FA4616B46B change Leader from null to 2d24ff93-5e56-4080-b028-9b16d6e96cde at term 1 for appendEntries, leader elected after 5159ms
2019-07-16 14:36:37,810 INFO  impl.RaftServerImpl (ServerState.java:setLeader(263)) - 42b13e68-5a55-4074-bc1a-ac1414cc1e9f:group-D5FA4616B46B change Leader from null to 2d24ff93-5e56-4080-b028-9b16d6e96cde at term 1 for appendEntries, leader elected after 5163ms
2019-07-16 14:36:37,807 INFO  impl.LeaderElection (LeaderElection.java:askForVotes(181)) - 476b27cc-aff9-4049-9fb6-34ee5d68bcdd:group-E4085E75BC30:LeaderElection24: begin an election at term 1 for -1: [476b27cc-aff9-4049-9fb6-34ee5d68bcdd:192.168.5.141:42618], old=null
2019-07-16 14:36:37,811 INFO  impl.RoleInfo (RoleInfo.java:shutdownLeaderElection(134)) - 476b27cc-aff9-4049-9fb6-34ee5d68bcdd: shutdown LeaderElection
2019-07-16 14:36:37,811 INFO  impl.RaftServerImpl (RaftServerImpl.java:setRole(171)) - 476b27cc-aff9-4049-9fb6-34ee5d68bcdd:group-E4085E75BC30 changes role from CANDIDATE to LEADER at term 1 for changeToLeader
2019-07-16 14:36:37,811 INFO  impl.RaftServerImpl (ServerState.java:setLeader(263)) - 476b27cc-aff9-4049-9fb6-34ee5d68bcdd:group-E4085E75BC30 change Leader from null to 476b27cc-aff9-4049-9fb6-34ee5d68bcdd at term 1 for becomeLeader, leader elected after 5078ms
2019-07-16 14:36:37,811 INFO  server.RaftServerConfigKeys (ConfUtils.java:logGet(43)) - raft.server.staging.catchup.gap = 1000 (default)
2019-07-16 14:36:37,811 INFO  server.RaftServerConfigKeys (ConfUtils.java:logGet(43)) - raft.server.rpc.sleep.time = 25ms (default)
2019-07-16 14:36:37,811 INFO  server.RaftServerConfigKeys (ConfUtils.java:logGet(43)) - raft.server.write.element-limit = 4096 (default)
2019-07-16 14:36:37,811 INFO  server.RaftServerConfigKeys (ConfUtils.java:logGet(43)) - raft.server.watch.timeout = 10s (default)
2019-07-16 14:36:37,811 INFO  server.RaftServerConfigKeys (ConfUtils.java:logGet(43)) - raft.server.watch.timeout.denomination = 1s (default)
2019-07-16 14:36:37,812 INFO  server.RaftServerConfigKeys (ConfUtils.java:logGet(43)) - raft.server.watch.element-limit = 65536 (default)
2019-07-16 14:36:37,812 INFO  impl.RoleInfo (RoleInfo.java:updateAndGet(143)) - 476b27cc-aff9-4049-9fb6-34ee5d68bcdd: start LeaderState
2019-07-16 14:36:37,812 INFO  segmented.SegmentedRaftLogWorker (SegmentedRaftLogWorker.java:startLogSegment(380)) - 476b27cc-aff9-4049-9fb6-34ee5d68bcdd-SegmentedRaftLogWorker:Storage Directory /workdir/hadoop-ozone/integration-test/target/test-dir/MiniOzoneClusterImpl-2fd49abb-6f62-449c-9a67-7114492b2ee9/datanode-3/data/ratis/09388a2a-d21c-4e63-8ba3-e4085e75bc30: Starting segment from index:0
2019-07-16 14:36:37,812 INFO  impl.RaftServerImpl (ServerState.java:setRaftConf(361)) - 476b27cc-aff9-4049-9fb6-34ee5d68bcdd:group-E4085E75BC30 set configuration 0: [476b27cc-aff9-4049-9fb6-34ee5d68bcdd:192.168.5.141:42618], old=null at 0
2019-07-16 14:36:37,831 INFO  impl.RaftServerImpl (ServerState.java:setRaftConf(361)) - 05db247d-740e-4a28-8f98-6376453fe824:group-D5FA4616B46B set configuration 0: [05db247d-740e-4a28-8f98-6376453fe824:192.168.5.141:42455, 42b13e68-5a55-4074-bc1a-ac1414cc1e9f:192.168.5.141:35457, 2d24ff93-5e56-4080-b028-9b16d6e96cde:192.168.5.141:46479], old=null at 0
2019-07-16 14:36:37,832 INFO  impl.RaftServerImpl (ServerState.java:setRaftConf(361)) - 42b13e68-5a55-4074-bc1a-ac1414cc1e9f:group-D5FA4616B46B set configuration 0: [05db247d-740e-4a28-8f98-6376453fe824:192.168.5.141:42455, 42b13e68-5a55-4074-bc1a-ac1414cc1e9f:192.168.5.141:35457, 2d24ff93-5e56-4080-b028-9b16d6e96cde:192.168.5.141:46479], old=null at 0
2019-07-16 14:36:37,832 INFO  segmented.SegmentedRaftLogWorker (SegmentedRaftLogWorker.java:startLogSegment(380)) - 05db247d-740e-4a28-8f98-6376453fe824-SegmentedRaftLogWorker:Storage Directory /workdir/hadoop-ozone/integration-test/target/test-dir/MiniOzoneClusterImpl-2fd49abb-6f62-449c-9a67-7114492b2ee9/datanode-0/data/ratis/dd15e6f4-63da-42e5-ab1d-d5fa4616b46b: Starting segment from index:0
2019-07-16 14:36:37,832 INFO  segmented.SegmentedRaftLogWorker (SegmentedRaftLogWorker.java:startLogSegment(380)) - 42b13e68-5a55-4074-bc1a-ac1414cc1e9f-SegmentedRaftLogWorker:Storage Directory /workdir/hadoop-ozone/integration-test/target/test-dir/MiniOzoneClusterImpl-2fd49abb-6f62-449c-9a67-7114492b2ee9/datanode-2/data/ratis/dd15e6f4-63da-42e5-ab1d-d5fa4616b46b: Starting segment from index:0
2019-07-16 14:36:37,836 INFO  segmented.SegmentedRaftLogWorker (SegmentedRaftLogWorker.java:execute(569)) - 476b27cc-aff9-4049-9fb6-34ee5d68bcdd-SegmentedRaftLogWorker:Storage Directory /workdir/hadoop-ozone/integration-test/target/test-dir/MiniOzoneClusterImpl-2fd49abb-6f62-449c-9a67-7114492b2ee9/datanode-3/data/ratis/09388a2a-d21c-4e63-8ba3-e4085e75bc30: created new log segment /workdir/hadoop-ozone/integration-test/target/test-dir/MiniOzoneClusterImpl-2fd49abb-6f62-449c-9a67-7114492b2ee9/datanode-3/data/ratis/09388a2a-d21c-4e63-8ba3-e4085e75bc30/current/log_inprogress_0
2019-07-16 14:36:37,860 INFO  segmented.SegmentedRaftLogWorker (SegmentedRaftLogWorker.java:execute(569)) - 42b13e68-5a55-4074-bc1a-ac1414cc1e9f-SegmentedRaftLogWorker:Storage Directory /workdir/hadoop-ozone/integration-test/target/test-dir/MiniOzoneClusterImpl-2fd49abb-6f62-449c-9a67-7114492b2ee9/datanode-2/data/ratis/dd15e6f4-63da-42e5-ab1d-d5fa4616b46b: created new log segment /workdir/hadoop-ozone/integration-test/target/test-dir/MiniOzoneClusterImpl-2fd49abb-6f62-449c-9a67-7114492b2ee9/datanode-2/data/ratis/dd15e6f4-63da-42e5-ab1d-d5fa4616b46b/current/log_inprogress_0
2019-07-16 14:36:37,864 INFO  segmented.SegmentedRaftLogWorker (SegmentedRaftLogWorker.java:execute(569)) - 05db247d-740e-4a28-8f98-6376453fe824-SegmentedRaftLogWorker:Storage Directory /workdir/hadoop-ozone/integration-test/target/test-dir/MiniOzoneClusterImpl-2fd49abb-6f62-449c-9a67-7114492b2ee9/datanode-0/data/ratis/dd15e6f4-63da-42e5-ab1d-d5fa4616b46b: created new log segment /workdir/hadoop-ozone/integration-test/target/test-dir/MiniOzoneClusterImpl-2fd49abb-6f62-449c-9a67-7114492b2ee9/datanode-0/data/ratis/dd15e6f4-63da-42e5-ab1d-d5fa4616b46b/current/log_inprogress_0
2019-07-16 14:36:38,182 INFO  impl.FollowerState (FollowerState.java:run(106)) - e997601e-2389-4865-a7f7-e45d1f8ec3ef:group-DF5CDA860FCC changes to CANDIDATE, lastRpcTime:5149, electionTimeout:5149ms
2019-07-16 14:36:38,182 INFO  impl.RoleInfo (RoleInfo.java:shutdownFollowerState(121)) - e997601e-2389-4865-a7f7-e45d1f8ec3ef: shutdown FollowerState
2019-07-16 14:36:38,182 INFO  impl.RaftServerImpl (RaftServerImpl.java:setRole(171)) - e997601e-2389-4865-a7f7-e45d1f8ec3ef:group-DF5CDA860FCC changes role from FOLLOWER to CANDIDATE at term 0 for changeToCandidate
2019-07-16 14:36:38,182 INFO  impl.RoleInfo (RoleInfo.java:updateAndGet(143)) - e997601e-2389-4865-a7f7-e45d1f8ec3ef: start LeaderElection
2019-07-16 14:36:38,212 INFO  impl.FollowerState (FollowerState.java:run(106)) - e402b569-a738-4e47-b2c1-a8efc6f74657:group-DABFC0E7D4E6 changes to CANDIDATE, lastRpcTime:5116, electionTimeout:5116ms
2019-07-16 14:36:38,212 INFO  impl.RoleInfo (RoleInfo.java:shutdownFollowerState(121)) - e402b569-a738-4e47-b2c1-a8efc6f74657: shutdown FollowerState
2019-07-16 14:36:38,212 INFO  impl.RaftServerImpl (RaftServerImpl.java:setRole(171)) - e402b569-a738-4e47-b2c1-a8efc6f74657:group-DABFC0E7D4E6 changes role from FOLLOWER to CANDIDATE at term 0 for changeToCandidate
2019-07-16 14:36:38,213 INFO  impl.RoleInfo (RoleInfo.java:updateAndGet(143)) - e402b569-a738-4e47-b2c1-a8efc6f74657: start LeaderElection
2019-07-16 14:36:38,295 INFO  impl.FollowerState (FollowerState.java:run(106)) - 476b27cc-aff9-4049-9fb6-34ee5d68bcdd:group-5C0D584D5560 changes to CANDIDATE, lastRpcTime:5147, electionTimeout:5147ms
2019-07-16 14:36:38,295 INFO  impl.RoleInfo (RoleInfo.java:shutdownFollowerState(121)) - 476b27cc-aff9-4049-9fb6-34ee5d68bcdd: shutdown FollowerState
2019-07-16 14:36:38,295 INFO  impl.RaftServerImpl (RaftServerImpl.java:setRole(171)) - 476b27cc-aff9-4049-9fb6-34ee5d68bcdd:group-5C0D584D5560 changes role from FOLLOWER to CANDIDATE at term 0 for changeToCandidate
2019-07-16 14:36:38,295 INFO  impl.RoleInfo (RoleInfo.java:updateAndGet(143)) - 476b27cc-aff9-4049-9fb6-34ee5d68bcdd: start LeaderElection
2019-07-16 14:36:38,304 INFO  impl.FollowerState (FollowerState.java:run(106)) - e402b569-a738-4e47-b2c1-a8efc6f74657:group-5C0D584D5560 changes to CANDIDATE, lastRpcTime:5158, electionTimeout:5157ms
2019-07-16 14:36:38,309 INFO  impl.RoleInfo (RoleInfo.java:shutdownFollowerState(121)) - e402b569-a738-4e47-b2c1-a8efc6f74657: shutdown FollowerState
2019-07-16 14:36:38,309 INFO  impl.RaftServerImpl (RaftServerImpl.java:setRole(171)) - e402b569-a738-4e47-b2c1-a8efc6f74657:group-5C0D584D5560 changes role from FOLLOWER to CANDIDATE at term 0 for changeToCandidate
2019-07-16 14:36:38,309 INFO  impl.RoleInfo (RoleInfo.java:updateAndGet(143)) - e402b569-a738-4e47-b2c1-a8efc6f74657: start LeaderElection
2019-07-16 14:36:38,327 INFO  impl.FollowerState (FollowerState.java:run(106)) - e997601e-2389-4865-a7f7-e45d1f8ec3ef:group-5C0D584D5560 changes to CANDIDATE, lastRpcTime:5179, electionTimeout:5179ms
2019-07-16 14:36:38,328 INFO  impl.RoleInfo (RoleInfo.java:shutdownFollowerState(121)) - e997601e-2389-4865-a7f7-e45d1f8ec3ef: shutdown FollowerState
2019-07-16 14:36:38,328 INFO  impl.RaftServerImpl (RaftServerImpl.java:setRole(171)) - e997601e-2389-4865-a7f7-e45d1f8ec3ef:group-5C0D584D5560 changes role from FOLLOWER to CANDIDATE at term 0 for changeToCandidate
2019-07-16 14:36:38,328 INFO  impl.RoleInfo (RoleInfo.java:updateAndGet(143)) - e997601e-2389-4865-a7f7-e45d1f8ec3ef: start LeaderElection
2019-07-16 14:36:38,332 INFO  impl.FollowerState (FollowerState.java:run(106)) - 40425d87-7681-4d3f-a82a-a1f688687ff9:group-5B5E84DEC26C changes to CANDIDATE, lastRpcTime:5098, electionTimeout:5095ms
2019-07-16 14:36:38,359 INFO  impl.RoleInfo (RoleInfo.java:shutdownFollowerState(121)) - 40425d87-7681-4d3f-a82a-a1f688687ff9: shutdown FollowerState
2019-07-16 14:36:38,359 INFO  impl.RaftServerImpl (RaftServerImpl.java:setRole(171)) - 40425d87-7681-4d3f-a82a-a1f688687ff9:group-5B5E84DEC26C changes role from FOLLOWER to CANDIDATE at term 0 for changeToCandidate
2019-07-16 14:36:38,359 INFO  impl.RoleInfo (RoleInfo.java:updateAndGet(143)) - 40425d87-7681-4d3f-a82a-a1f688687ff9: start LeaderElection
2019-07-16 14:36:38,399 INFO  client.GrpcClientProtocolClient (GrpcClientProtocolClient.java:onNext(255)) - client-7D249CB95AEE->05db247d-740e-4a28-8f98-6376453fe824: receive RaftClientReply:client-7D249CB95AEE->05db247d-740e-4a28-8f98-6376453fe824@group-D5FA4616B46B, cid=55, FAILED org.apache.ratis.protocol.NotLeaderException: Server 05db247d-740e-4a28-8f98-6376453fe824 is not the leader (2d24ff93-5e56-4080-b028-9b16d6e96cde:192.168.5.141:46479). Request must be sent to leader., logIndex=0, commits[05db247d-740e-4a28-8f98-6376453fe824:c0, 42b13e68-5a55-4074-bc1a-ac1414cc1e9f:c-1, 2d24ff93-5e56-4080-b028-9b16d6e96cde:c0]
2019-07-16 14:36:40,116 INFO  impl.LeaderElection (LeaderElection.java:askForVotes(181)) - 40425d87-7681-4d3f-a82a-a1f688687ff9:group-5B5E84DEC26C:LeaderElection30: begin an election at term 1 for -1: [40425d87-7681-4d3f-a82a-a1f688687ff9:192.168.5.141:34288], old=null
2019-07-16 14:36:40,116 INFO  impl.LeaderElection (LeaderElection.java:askForVotes(181)) - e402b569-a738-4e47-b2c1-a8efc6f74657:group-DABFC0E7D4E6:LeaderElection26: begin an election at term 1 for -1: [e402b569-a738-4e47-b2c1-a8efc6f74657:192.168.5.141:41408], old=null
2019-07-16 14:36:40,116 INFO  impl.LeaderElection (LeaderElection.java:askForVotes(181)) - e997601e-2389-4865-a7f7-e45d1f8ec3ef:group-5C0D584D5560:LeaderElection29: begin an election at term 1 for -1: [476b27cc-aff9-4049-9fb6-34ee5d68bcdd:192.168.5.141:42618, e997601e-2389-4865-a7f7-e45d1f8ec3ef:192.168.5.141:33376, e402b569-a738-4e47-b2c1-a8efc6f74657:192.168.5.141:41408], old=null
2019-07-16 14:36:40,116 INFO  impl.LeaderElection (LeaderElection.java:askForVotes(181)) - e402b569-a738-4e47-b2c1-a8efc6f74657:group-5C0D584D5560:LeaderElection28: begin an election at term 1 for -1: [476b27cc-aff9-4049-9fb6-34ee5d68bcdd:192.168.5.141:42618, e997601e-2389-4865-a7f7-e45d1f8ec3ef:192.168.5.141:33376, e402b569-a738-4e47-b2c1-a8efc6f74657:192.168.5.141:41408], old=null
2019-07-16 14:36:40,116 INFO  impl.LeaderElection (LeaderElection.java:askForVotes(181)) - e997601e-2389-4865-a7f7-e45d1f8ec3ef:group-DF5CDA860FCC:LeaderElection25: begin an election at term 1 for -1: [e997601e-2389-4865-a7f7-e45d1f8ec3ef:192.168.5.141:33376], old=null
2019-07-16 14:36:40,116 INFO  impl.LeaderElection (LeaderElection.java:askForVotes(181)) - 476b27cc-aff9-4049-9fb6-34ee5d68bcdd:group-5C0D584D5560:LeaderElection27: begin an election at term 1 for -1: [476b27cc-aff9-4049-9fb6-34ee5d68bcdd:192.168.5.141:42618, e997601e-2389-4865-a7f7-e45d1f8ec3ef:192.168.5.141:33376, e402b569-a738-4e47-b2c1-a8efc6f74657:192.168.5.141:41408], old=null
2019-07-16 14:36:40,117 INFO  impl.RoleInfo (RoleInfo.java:shutdownLeaderElection(134)) - e997601e-2389-4865-a7f7-e45d1f8ec3ef: shutdown LeaderElection
2019-07-16 14:36:40,116 INFO  impl.RoleInfo (RoleInfo.java:shutdownLeaderElection(134)) - e402b569-a738-4e47-b2c1-a8efc6f74657: shutdown LeaderElection
2019-07-16 14:36:40,116 INFO  impl.RoleInfo (RoleInfo.java:shutdownLeaderElection(134)) - 40425d87-7681-4d3f-a82a-a1f688687ff9: shutdown LeaderElection
2019-07-16 14:36:40,117 INFO  impl.RaftServerImpl (RaftServerImpl.java:setRole(171)) - e402b569-a738-4e47-b2c1-a8efc6f74657:group-DABFC0E7D4E6 changes role from CANDIDATE to LEADER at term 1 for changeToLeader
2019-07-16 14:36:40,117 INFO  impl.RaftServerImpl (RaftServerImpl.java:setRole(171)) - e997601e-2389-4865-a7f7-e45d1f8ec3ef:group-DF5CDA860FCC changes role from CANDIDATE to LEADER at term 1 for changeToLeader
2019-07-16 14:36:40,117 INFO  impl.RaftServerImpl (ServerState.java:setLeader(263)) - e402b569-a738-4e47-b2c1-a8efc6f74657:group-DABFC0E7D4E6 change Leader from null to e402b569-a738-4e47-b2c1-a8efc6f74657 at term 1 for becomeLeader, leader elected after 7024ms
2019-07-16 14:36:40,117 INFO  impl.RaftServerImpl (RaftServerImpl.java:setRole(171)) - 40425d87-7681-4d3f-a82a-a1f688687ff9:group-5B5E84DEC26C changes role from CANDIDATE to LEADER at term 1 for changeToLeader
2019-07-16 14:36:40,118 INFO  server.RaftServerConfigKeys (ConfUtils.java:logGet(43)) - raft.server.staging.catchup.gap = 1000 (default)
2019-07-16 14:36:40,117 INFO  impl.RaftServerImpl (ServerState.java:setLeader(263)) - e997601e-2389-4865-a7f7-e45d1f8ec3ef:group-DF5CDA860FCC change Leader from null to e997601e-2389-4865-a7f7-e45d1f8ec3ef at term 1 for becomeLeader, leader elected after 7089ms
2019-07-16 14:36:40,118 INFO  server.RaftServerConfigKeys (ConfUtils.java:logGet(43)) - raft.server.rpc.sleep.time = 25ms (default)
2019-07-16 14:36:40,118 INFO  impl.RaftServerImpl (ServerState.java:setLeader(263)) - 40425d87-7681-4d3f-a82a-a1f688687ff9:group-5B5E84DEC26C change Leader from null to 40425d87-7681-4d3f-a82a-a1f688687ff9 at term 1 for becomeLeader, leader elected after 6889ms
2019-07-16 14:36:40,118 INFO  server.RaftServerConfigKeys (ConfUtils.java:logGet(43)) - raft.server.staging.catchup.gap = 1000 (default)
2019-07-16 14:36:40,119 INFO  server.RaftServerConfigKeys (ConfUtils.java:logGet(43)) - raft.server.write.element-limit = 4096 (default)
2019-07-16 14:36:40,119 INFO  server.RaftServerConfigKeys (ConfUtils.java:logGet(43)) - raft.server.staging.catchup.gap = 1000 (default)
2019-07-16 14:36:40,119 INFO  server.RaftServerConfigKeys (ConfUtils.java:logGet(43)) - raft.server.watch.timeout = 10s (default)
2019-07-16 14:36:40,119 INFO  server.RaftServerConfigKeys (ConfUtils.java:logGet(43)) - raft.server.rpc.sleep.time = 25ms (default)
2019-07-16 14:36:40,119 INFO  server.RaftServerConfigKeys (ConfUtils.java:logGet(43)) - raft.server.watch.timeout.denomination = 1s (default)
2019-07-16 14:36:40,119 INFO  server.RaftServerConfigKeys (ConfUtils.java:logGet(43)) - raft.server.rpc.sleep.time = 25ms (default)
2019-07-16 14:36:40,120 INFO  server.RaftServerConfigKeys (ConfUtils.java:logGet(43)) - raft.server.watch.element-limit = 65536 (default)
2019-07-16 14:36:40,120 INFO  server.RaftServerConfigKeys (ConfUtils.java:logGet(43)) - raft.server.write.element-limit = 4096 (default)
2019-07-16 14:36:40,120 INFO  impl.RoleInfo (RoleInfo.java:updateAndGet(143)) - e402b569-a738-4e47-b2c1-a8efc6f74657: start LeaderState
2019-07-16 14:36:40,120 INFO  server.RaftServerConfigKeys (ConfUtils.java:logGet(43)) - raft.server.write.element-limit = 4096 (default)
2019-07-16 14:36:40,120 INFO  server.RaftServerConfigKeys (ConfUtils.java:logGet(43)) - raft.server.watch.timeout = 10s (default)
2019-07-16 14:36:40,121 INFO  server.RaftServerConfigKeys (ConfUtils.java:logGet(43)) - raft.server.watch.timeout = 10s (default)
2019-07-16 14:36:40,121 INFO  segmented.SegmentedRaftLogWorker (SegmentedRaftLogWorker.java:startLogSegment(380)) - e402b569-a738-4e47-b2c1-a8efc6f74657-SegmentedRaftLogWorker:Storage Directory /workdir/hadoop-ozone/integration-test/target/test-dir/MiniOzoneClusterImpl-2fd49abb-6f62-449c-9a67-7114492b2ee9/datanode-5/data/ratis/03958ac1-d613-4c5d-90d9-dabfc0e7d4e6: Starting segment from index:0
2019-07-16 14:36:40,121 INFO  server.RaftServerConfigKeys (ConfUtils.java:logGet(43)) - raft.server.watch.timeout.denomination = 1s (default)
2019-07-16 14:36:40,121 INFO  server.RaftServerConfigKeys (ConfUtils.java:logGet(43)) - raft.server.watch.timeout.denomination = 1s (default)
2019-07-16 14:36:40,121 INFO  server.RaftServerConfigKeys (ConfUtils.java:logGet(43)) - raft.server.watch.element-limit = 65536 (default)
2019-07-16 14:36:40,121 INFO  server.RaftServerConfigKeys (ConfUtils.java:logGet(43)) - raft.server.watch.element-limit = 65536 (default)
2019-07-16 14:36:40,122 INFO  impl.RoleInfo (RoleInfo.java:updateAndGet(143)) - 40425d87-7681-4d3f-a82a-a1f688687ff9: start LeaderState
2019-07-16 14:36:40,122 INFO  impl.RaftServerImpl (ServerState.java:setRaftConf(361)) - e402b569-a738-4e47-b2c1-a8efc6f74657:group-DABFC0E7D4E6 set configuration 0: [e402b569-a738-4e47-b2c1-a8efc6f74657:192.168.5.141:41408], old=null at 0
2019-07-16 14:36:40,122 INFO  segmented.SegmentedRaftLogWorker (SegmentedRaftLogWorker.java:startLogSegment(380)) - 40425d87-7681-4d3f-a82a-a1f688687ff9-SegmentedRaftLogWorker:Storage Directory /workdir/hadoop-ozone/integration-test/target/test-dir/MiniOzoneClusterImpl-2fd49abb-6f62-449c-9a67-7114492b2ee9/datanode-6/data/ratis/3a537abf-1620-4ff6-8ca9-5b5e84dec26c: Starting segment from index:0
2019-07-16 14:36:40,122 INFO  impl.RoleInfo (RoleInfo.java:updateAndGet(143)) - e997601e-2389-4865-a7f7-e45d1f8ec3ef: start LeaderState
2019-07-16 14:36:40,136 INFO  segmented.SegmentedRaftLogWorker (SegmentedRaftLogWorker.java:startLogSegment(380)) - e997601e-2389-4865-a7f7-e45d1f8ec3ef-SegmentedRaftLogWorker:Storage Directory /workdir/hadoop-ozone/integration-test/target/test-dir/MiniOzoneClusterImpl-2fd49abb-6f62-449c-9a67-7114492b2ee9/datanode-4/data/ratis/c3216da0-b368-4e58-9390-df5cda860fcc: Starting segment from index:0
2019-07-16 14:36:40,136 INFO  impl.RaftServerImpl (ServerState.java:setRaftConf(361)) - 40425d87-7681-4d3f-a82a-a1f688687ff9:group-5B5E84DEC26C set configuration 0: [40425d87-7681-4d3f-a82a-a1f688687ff9:192.168.5.141:34288], old=null at 0
2019-07-16 14:36:40,141 INFO  impl.RaftServerImpl (ServerState.java:setRaftConf(361)) - e997601e-2389-4865-a7f7-e45d1f8ec3ef:group-DF5CDA860FCC set configuration 0: [e997601e-2389-4865-a7f7-e45d1f8ec3ef:192.168.5.141:33376], old=null at 0
2019-07-16 14:36:40,149 INFO  impl.LeaderElection (LeaderElection.java:logAndReturn(56)) - e402b569-a738-4e47-b2c1-a8efc6f74657:group-5C0D584D5560:LeaderElection28: Election REJECTED; received 2 response(s) [e402b569-a738-4e47-b2c1-a8efc6f74657<-476b27cc-aff9-4049-9fb6-34ee5d68bcdd#0:FAIL-t1, e402b569-a738-4e47-b2c1-a8efc6f74657<-e997601e-2389-4865-a7f7-e45d1f8ec3ef#0:FAIL-t1] and 0 exception(s); e402b569-a738-4e47-b2c1-a8efc6f74657:t1, leader=null, voted=e402b569-a738-4e47-b2c1-a8efc6f74657, raftlog=e402b569-a738-4e47-b2c1-a8efc6f74657-SegmentedRaftLog:OPENED:c-1,f-1,i0, conf=-1: [476b27cc-aff9-4049-9fb6-34ee5d68bcdd:192.168.5.141:42618, e997601e-2389-4865-a7f7-e45d1f8ec3ef:192.168.5.141:33376, e402b569-a738-4e47-b2c1-a8efc6f74657:192.168.5.141:41408], old=null
2019-07-16 14:36:40,149 INFO  impl.LeaderElection (LeaderElection.java:logAndReturn(56)) - e997601e-2389-4865-a7f7-e45d1f8ec3ef:group-5C0D584D5560:LeaderElection29: Election REJECTED; received 2 response(s) [e997601e-2389-4865-a7f7-e45d1f8ec3ef<-476b27cc-aff9-4049-9fb6-34ee5d68bcdd#0:FAIL-t1, e997601e-2389-4865-a7f7-e45d1f8ec3ef<-e402b569-a738-4e47-b2c1-a8efc6f74657#0:FAIL-t1] and 0 exception(s); e997601e-2389-4865-a7f7-e45d1f8ec3ef:t1, leader=null, voted=e997601e-2389-4865-a7f7-e45d1f8ec3ef, raftlog=e997601e-2389-4865-a7f7-e45d1f8ec3ef-SegmentedRaftLog:OPENED:c-1,f-1,i0, conf=-1: [476b27cc-aff9-4049-9fb6-34ee5d68bcdd:192.168.5.141:42618, e997601e-2389-4865-a7f7-e45d1f8ec3ef:192.168.5.141:33376, e402b569-a738-4e47-b2c1-a8efc6f74657:192.168.5.141:41408], old=null
2019-07-16 14:36:40,149 INFO  impl.RaftServerImpl (RaftServerImpl.java:setRole(171)) - e402b569-a738-4e47-b2c1-a8efc6f74657:group-5C0D584D5560 changes role from CANDIDATE to FOLLOWER at term 1 for DISCOVERED_A_NEW_TERM
2019-07-16 14:36:40,191 INFO  impl.RaftServerImpl (RaftServerImpl.java:setRole(171)) - e997601e-2389-4865-a7f7-e45d1f8ec3ef:group-5C0D584D5560 changes role from CANDIDATE to FOLLOWER at term 1 for DISCOVERED_A_NEW_TERM
2019-07-16 14:36:40,194 INFO  segmented.SegmentedRaftLogWorker (SegmentedRaftLogWorker.java:execute(569)) - e997601e-2389-4865-a7f7-e45d1f8ec3ef-SegmentedRaftLogWorker:Storage Directory /workdir/hadoop-ozone/integration-test/target/test-dir/MiniOzoneClusterImpl-2fd49abb-6f62-449c-9a67-7114492b2ee9/datanode-4/data/ratis/c3216da0-b368-4e58-9390-df5cda860fcc: created new log segment /workdir/hadoop-ozone/integration-test/target/test-dir/MiniOzoneClusterImpl-2fd49abb-6f62-449c-9a67-7114492b2ee9/datanode-4/data/ratis/c3216da0-b368-4e58-9390-df5cda860fcc/current/log_inprogress_0
2019-07-16 14:36:40,194 INFO  segmented.SegmentedRaftLogWorker (SegmentedRaftLogWorker.java:execute(569)) - e402b569-a738-4e47-b2c1-a8efc6f74657-SegmentedRaftLogWorker:Storage Directory /workdir/hadoop-ozone/integration-test/target/test-dir/MiniOzoneClusterImpl-2fd49abb-6f62-449c-9a67-7114492b2ee9/datanode-5/data/ratis/03958ac1-d613-4c5d-90d9-dabfc0e7d4e6: created new log segment /workdir/hadoop-ozone/integration-test/target/test-dir/MiniOzoneClusterImpl-2fd49abb-6f62-449c-9a67-7114492b2ee9/datanode-5/data/ratis/03958ac1-d613-4c5d-90d9-dabfc0e7d4e6/current/log_inprogress_0
2019-07-16 14:36:40,194 INFO  segmented.SegmentedRaftLogWorker (SegmentedRaftLogWorker.java:execute(569)) - 40425d87-7681-4d3f-a82a-a1f688687ff9-SegmentedRaftLogWorker:Storage Directory /workdir/hadoop-ozone/integration-test/target/test-dir/MiniOzoneClusterImpl-2fd49abb-6f62-449c-9a67-7114492b2ee9/datanode-6/data/ratis/3a537abf-1620-4ff6-8ca9-5b5e84dec26c: created new log segment /workdir/hadoop-ozone/integration-test/target/test-dir/MiniOzoneClusterImpl-2fd49abb-6f62-449c-9a67-7114492b2ee9/datanode-6/data/ratis/3a537abf-1620-4ff6-8ca9-5b5e84dec26c/current/log_inprogress_0
2019-07-16 14:36:40,191 INFO  impl.RoleInfo (RoleInfo.java:shutdownLeaderElection(134)) - e402b569-a738-4e47-b2c1-a8efc6f74657: shutdown LeaderElection
2019-07-16 14:36:40,194 INFO  impl.RoleInfo (RoleInfo.java:shutdownLeaderElection(134)) - e997601e-2389-4865-a7f7-e45d1f8ec3ef: shutdown LeaderElection
2019-07-16 14:36:40,195 INFO  impl.RoleInfo (RoleInfo.java:updateAndGet(143)) - e402b569-a738-4e47-b2c1-a8efc6f74657: start FollowerState
2019-07-16 14:36:40,195 INFO  impl.RoleInfo (RoleInfo.java:updateAndGet(143)) - e997601e-2389-4865-a7f7-e45d1f8ec3ef: start FollowerState
2019-07-16 14:36:40,195 INFO  impl.LeaderElection (LeaderElection.java:logAndReturn(56)) - 476b27cc-aff9-4049-9fb6-34ee5d68bcdd:group-5C0D584D5560:LeaderElection27: Election REJECTED; received 2 response(s) [476b27cc-aff9-4049-9fb6-34ee5d68bcdd<-e997601e-2389-4865-a7f7-e45d1f8ec3ef#0:FAIL-t1, 476b27cc-aff9-4049-9fb6-34ee5d68bcdd<-e402b569-a738-4e47-b2c1-a8efc6f74657#0:FAIL-t1] and 0 exception(s); 476b27cc-aff9-4049-9fb6-34ee5d68bcdd:t1, leader=null, voted=476b27cc-aff9-4049-9fb6-34ee5d68bcdd, raftlog=476b27cc-aff9-4049-9fb6-34ee5d68bcdd-SegmentedRaftLog:OPENED:c-1,f-1,i0, conf=-1: [476b27cc-aff9-4049-9fb6-34ee5d68bcdd:192.168.5.141:42618, e997601e-2389-4865-a7f7-e45d1f8ec3ef:192.168.5.141:33376, e402b569-a738-4e47-b2c1-a8efc6f74657:192.168.5.141:41408], old=null
2019-07-16 14:36:40,200 INFO  impl.RaftServerImpl (RaftServerImpl.java:setRole(171)) - 476b27cc-aff9-4049-9fb6-34ee5d68bcdd:group-5C0D584D5560 changes role from CANDIDATE to FOLLOWER at term 1 for DISCOVERED_A_NEW_TERM
2019-07-16 14:36:40,203 INFO  impl.RoleInfo (RoleInfo.java:shutdownLeaderElection(134)) - 476b27cc-aff9-4049-9fb6-34ee5d68bcdd: shutdown LeaderElection
2019-07-16 14:36:40,203 INFO  impl.RoleInfo (RoleInfo.java:updateAndGet(143)) - 476b27cc-aff9-4049-9fb6-34ee5d68bcdd: start FollowerState
2019-07-16 14:36:40,239 INFO  client.GrpcClientProtocolClient (GrpcClientProtocolClient.java:onNext(255)) - client-7D249CB95AEE->2d24ff93-5e56-4080-b028-9b16d6e96cde: receive RaftClientReply:client-7D249CB95AEE->2d24ff93-5e56-4080-b028-9b16d6e96cde@group-D5FA4616B46B, cid=55, SUCCESS, logIndex=1, commits[2d24ff93-5e56-4080-b028-9b16d6e96cde:c2, 05db247d-740e-4a28-8f98-6376453fe824:c0, 42b13e68-5a55-4074-bc1a-ac1414cc1e9f:c0]
2019-07-16 14:36:40,240 INFO  datanode.ObjectStoreHandler (ObjectStoreHandler.java:close(155)) - Closing ObjectStoreHandler.
2019-07-16 14:36:40,243 INFO  ozone.HddsDatanodeService (HddsDatanodeService.java:stop(452)) - Stopped plug-in org.apache.hadoop.ozone.web.OzoneHddsDatanodeService@6684589a
2019-07-16 14:36:40,244 INFO  statemachine.DatanodeStateMachine (DatanodeStateMachine.java:lambda$startDaemon$0(350)) - Ozone container server started.
2019-07-16 14:36:40,244 INFO  ozoneimpl.OzoneContainer (OzoneContainer.java:stop(199)) - Attempting to stop container services.
2019-07-16 14:36:40,245 INFO  impl.RaftServerProxy (RaftServerProxy.java:lambda$close$4(314)) - 05db247d-740e-4a28-8f98-6376453fe824: close
2019-07-16 14:36:40,245 INFO  impl.RaftServerImpl (RaftServerImpl.java:lambda$shutdown$3(245)) - 05db247d-740e-4a28-8f98-6376453fe824: shutdown group-5FCA4558A741
2019-07-16 14:36:40,246 INFO  util.JmxRegister (JmxRegister.java:unregister(73)) - Successfully un-registered JMX Bean with object name Ratis:service=RaftServer,group=group-5FCA4558A741,id=05db247d-740e-4a28-8f98-6376453fe824
2019-07-16 14:36:40,246 INFO  impl.RoleInfo (RoleInfo.java:shutdownLeaderState(104)) - 05db247d-740e-4a28-8f98-6376453fe824: shutdown LeaderState
2019-07-16 14:36:40,247 INFO  impl.PendingRequests (PendingRequests.java:sendNotLeaderResponses(202)) - 05db247d-740e-4a28-8f98-6376453fe824-PendingRequests: sendNotLeaderResponses
2019-07-16 14:36:40,247 INFO  impl.StateMachineUpdater (StateMachineUpdater.java:stopAndJoin(115)) - StateMachineUpdater:05db247d-740e-4a28-8f98-6376453fe824:group-5FCA4558A741: set stopIndex = 0
2019-07-16 14:36:40,253 INFO  impl.RaftServerImpl (ServerState.java:close(394)) - 05db247d-740e-4a28-8f98-6376453fe824:group-5FCA4558A741 closes. The last applied log index is 0
2019-07-16 14:36:40,254 INFO  segmented.SegmentedRaftLogWorker (SegmentedRaftLogWorker.java:run(313)) - 05db247d-740e-4a28-8f98-6376453fe824-SegmentedRaftLogWorker:Storage Directory /workdir/hadoop-ozone/integration-test/target/test-dir/MiniOzoneClusterImpl-2fd49abb-6f62-449c-9a67-7114492b2ee9/datanode-0/data/ratis/4cb05459-4394-47e3-b72f-5fca4558a741 was interrupted, exiting. There are 0 tasks remaining in the queue.
2019-07-16 14:36:40,256 INFO  segmented.SegmentedRaftLogWorker (SegmentedRaftLogWorker.java:close(228)) - 05db247d-740e-4a28-8f98-6376453fe824-SegmentedRaftLogWorker:Storage Directory /workdir/hadoop-ozone/integration-test/target/test-dir/MiniOzoneClusterImpl-2fd49abb-6f62-449c-9a67-7114492b2ee9/datanode-0/data/ratis/4cb05459-4394-47e3-b72f-5fca4558a741 close()
2019-07-16 14:36:40,262 INFO  impl.RaftServerImpl (RaftServerImpl.java:lambda$shutdown$3(245)) - 05db247d-740e-4a28-8f98-6376453fe824: shutdown group-D5FA4616B46B
2019-07-16 14:36:40,262 INFO  util.JmxRegister (JmxRegister.java:unregister(73)) - Successfully un-registered JMX Bean with object name Ratis:service=RaftServer,group=group-D5FA4616B46B,id=05db247d-740e-4a28-8f98-6376453fe824
2019-07-16 14:36:40,262 INFO  impl.RoleInfo (RoleInfo.java:shutdownFollowerState(121)) - 05db247d-740e-4a28-8f98-6376453fe824: shutdown FollowerState
2019-07-16 14:36:40,263 INFO  impl.StateMachineUpdater (StateMachineUpdater.java:stopAndJoin(115)) - StateMachineUpdater:05db247d-740e-4a28-8f98-6376453fe824:group-D5FA4616B46B: set stopIndex = 0
2019-07-16 14:36:40,263 INFO  impl.FollowerState (FollowerState.java:run(114)) - 05db247d-740e-4a28-8f98-6376453fe824: FollowerState was interrupted: java.lang.InterruptedException: sleep interrupted
2019-07-16 14:36:40,265 INFO  impl.RaftServerImpl (ServerState.java:close(394)) - 05db247d-740e-4a28-8f98-6376453fe824:group-D5FA4616B46B closes. The last applied log index is 0
2019-07-16 14:36:40,268 INFO  segmented.SegmentedRaftLogWorker (SegmentedRaftLogWorker.java:run(313)) - 05db247d-740e-4a28-8f98-6376453fe824-SegmentedRaftLogWorker:Storage Directory /workdir/hadoop-ozone/integration-test/target/test-dir/MiniOzoneClusterImpl-2fd49abb-6f62-449c-9a67-7114492b2ee9/datanode-0/data/ratis/dd15e6f4-63da-42e5-ab1d-d5fa4616b46b was interrupted, exiting. There are 0 tasks remaining in the queue.
2019-07-16 14:36:40,271 INFO  segmented.SegmentedRaftLogWorker (SegmentedRaftLogWorker.java:close(228)) - 05db247d-740e-4a28-8f98-6376453fe824-SegmentedRaftLogWorker:Storage Directory /workdir/hadoop-ozone/integration-test/target/test-dir/MiniOzoneClusterImpl-2fd49abb-6f62-449c-9a67-7114492b2ee9/datanode-0/data/ratis/dd15e6f4-63da-42e5-ab1d-d5fa4616b46b close()
2019-07-16 14:36:40,276 INFO  server.GrpcService (GrpcService.java:closeImpl(155)) - 05db247d-740e-4a28-8f98-6376453fe824: shutdown server with port 42455 now
2019-07-16 14:36:40,277 WARN  server.GrpcServerProtocolService (LogUtils.java:warn(134)) - 05db247d-740e-4a28-8f98-6376453fe824: appendEntries onError: org.apache.ratis.thirdparty.io.grpc.StatusRuntimeException: CANCELLED: cancelled before receiving half close
2019-07-16 14:36:40,277 INFO  server.GrpcService (GrpcService.java:closeImpl(163)) - 05db247d-740e-4a28-8f98-6376453fe824: shutdown server with port 42455 successfully
2019-07-16 14:36:40,277 WARN  server.GrpcLogAppender (LogUtils.java:warn(134)) - 2d24ff93-5e56-4080-b028-9b16d6e96cde->05db247d-740e-4a28-8f98-6376453fe824: Failed appendEntries: org.apache.ratis.thirdparty.io.grpc.StatusRuntimeException: CANCELLED: HTTP/2 error code: CANCEL
Received Rst Stream
2019-07-16 14:36:40,278 INFO  impl.FollowerInfo (FollowerInfo.java:lambda$new$0(50)) - 2d24ff93-5e56-4080-b028-9b16d6e96cde->05db247d-740e-4a28-8f98-6376453fe824: nextIndex: updateUnconditionally 3 -> 2
2019-07-16 14:36:40,278 WARN  fs.CachingGetSpaceUsed (CachingGetSpaceUsed.java:run(183)) - Thread Interrupted waiting to refresh disk information: sleep interrupted
2019-07-16 14:36:40,298 INFO  statemachine.DatanodeStateMachine (DatanodeStateMachine.java:stopDaemon(395)) - Ozone container server stopped.
2019-07-16 14:36:40,299 INFO  handler.ContextHandler (ContextHandler.java:doStop(910)) - Stopped o.e.j.w.WebAppContext@96be1ae{/,null,UNAVAILABLE}{/hddsDatanode}
2019-07-16 14:36:40,300 INFO  server.AbstractConnector (AbstractConnector.java:doStop(318)) - Stopped ServerConnector@6eb5b9e7{HTTP/1.1,[http/1.1]}{0.0.0.0:0}
2019-07-16 14:36:40,300 INFO  handler.ContextHandler (ContextHandler.java:doStop(910)) - Stopped o.e.j.s.ServletContextHandler@77a4bac{/static,jar:file:/home/user/.m2/repository/org/apache/hadoop/hadoop-hdds-container-service/0.4.1-SNAPSHOT/hadoop-hdds-container-service-0.4.1-SNAPSHOT.jar!/webapps/static,UNAVAILABLE}
2019-07-16 14:36:40,301 INFO  handler.ContextHandler (ContextHandler.java:doStop(910)) - Stopped o.e.j.s.ServletContextHandler@924f3f1{/logs,file:///workdir/hadoop-ozone/integration-test/target/log,UNAVAILABLE}
2019-07-16 14:36:40,301 INFO  datanode.ObjectStoreHandler (ObjectStoreHandler.java:close(155)) - Closing ObjectStoreHandler.
2019-07-16 14:36:40,302 INFO  ozone.HddsDatanodeService (HddsDatanodeService.java:stop(452)) - Stopped plug-in org.apache.hadoop.ozone.web.OzoneHddsDatanodeService@37b470df
2019-07-16 14:36:40,302 INFO  statemachine.DatanodeStateMachine (DatanodeStateMachine.java:lambda$startDaemon$0(350)) - Ozone container server started.
2019-07-16 14:36:40,302 INFO  ozoneimpl.OzoneContainer (OzoneContainer.java:stop(199)) - Attempting to stop container services.
2019-07-16 14:36:40,302 INFO  impl.RaftServerProxy (RaftServerProxy.java:lambda$close$4(314)) - 42b13e68-5a55-4074-bc1a-ac1414cc1e9f: close
2019-07-16 14:36:40,302 INFO  impl.RaftServerImpl (RaftServerImpl.java:lambda$shutdown$3(245)) - 42b13e68-5a55-4074-bc1a-ac1414cc1e9f: shutdown group-994A7FD6AF30
2019-07-16 14:36:40,303 INFO  util.JmxRegister (JmxRegister.java:unregister(73)) - Successfully un-registered JMX Bean with object name Ratis:service=RaftServer,group=group-994A7FD6AF30,id=42b13e68-5a55-4074-bc1a-ac1414cc1e9f
2019-07-16 14:36:40,303 INFO  impl.RoleInfo (RoleInfo.java:shutdownLeaderState(104)) - 42b13e68-5a55-4074-bc1a-ac1414cc1e9f: shutdown LeaderState
2019-07-16 14:36:40,303 INFO  impl.PendingRequests (PendingRequests.java:sendNotLeaderResponses(202)) - 42b13e68-5a55-4074-bc1a-ac1414cc1e9f-PendingRequests: sendNotLeaderResponses
2019-07-16 14:36:40,303 INFO  impl.StateMachineUpdater (StateMachineUpdater.java:stopAndJoin(115)) - StateMachineUpdater:42b13e68-5a55-4074-bc1a-ac1414cc1e9f:group-994A7FD6AF30: set stopIndex = 0
2019-07-16 14:36:40,306 INFO  impl.RaftServerImpl (ServerState.java:close(394)) - 42b13e68-5a55-4074-bc1a-ac1414cc1e9f:group-994A7FD6AF30 closes. The last applied log index is 0
2019-07-16 14:36:40,306 INFO  segmented.SegmentedRaftLogWorker (SegmentedRaftLogWorker.java:run(313)) - 42b13e68-5a55-4074-bc1a-ac1414cc1e9f-SegmentedRaftLogWorker:Storage Directory /workdir/hadoop-ozone/integration-test/target/test-dir/MiniOzoneClusterImpl-2fd49abb-6f62-449c-9a67-7114492b2ee9/datanode-2/data/ratis/fb061e00-0f31-4754-943f-994a7fd6af30 was interrupted, exiting. There are 0 tasks remaining in the queue.
2019-07-16 14:36:40,309 INFO  segmented.SegmentedRaftLogWorker (SegmentedRaftLogWorker.java:close(228)) - 42b13e68-5a55-4074-bc1a-ac1414cc1e9f-SegmentedRaftLogWorker:Storage Directory /workdir/hadoop-ozone/integration-test/target/test-dir/MiniOzoneClusterImpl-2fd49abb-6f62-449c-9a67-7114492b2ee9/datanode-2/data/ratis/fb061e00-0f31-4754-943f-994a7fd6af30 close()
2019-07-16 14:36:40,313 INFO  impl.RaftServerImpl (RaftServerImpl.java:lambda$shutdown$3(245)) - 42b13e68-5a55-4074-bc1a-ac1414cc1e9f: shutdown group-D5FA4616B46B
2019-07-16 14:36:40,314 INFO  util.JmxRegister (JmxRegister.java:unregister(73)) - Successfully un-registered JMX Bean with object name Ratis:service=RaftServer,group=group-D5FA4616B46B,id=42b13e68-5a55-4074-bc1a-ac1414cc1e9f
2019-07-16 14:36:40,314 INFO  impl.RoleInfo (RoleInfo.java:shutdownFollowerState(121)) - 42b13e68-5a55-4074-bc1a-ac1414cc1e9f: shutdown FollowerState
2019-07-16 14:36:40,314 INFO  impl.StateMachineUpdater (StateMachineUpdater.java:stopAndJoin(115)) - StateMachineUpdater:42b13e68-5a55-4074-bc1a-ac1414cc1e9f:group-D5FA4616B46B: set stopIndex = 0
2019-07-16 14:36:40,314 INFO  impl.FollowerState (FollowerState.java:run(114)) - 42b13e68-5a55-4074-bc1a-ac1414cc1e9f: FollowerState was interrupted: java.lang.InterruptedException: sleep interrupted
2019-07-16 14:36:40,317 INFO  impl.RaftServerImpl (ServerState.java:close(394)) - 42b13e68-5a55-4074-bc1a-ac1414cc1e9f:group-D5FA4616B46B closes. The last applied log index is 0
2019-07-16 14:36:40,319 INFO  segmented.SegmentedRaftLogWorker (SegmentedRaftLogWorker.java:run(313)) - 42b13e68-5a55-4074-bc1a-ac1414cc1e9f-SegmentedRaftLogWorker:Storage Directory /workdir/hadoop-ozone/integration-test/target/test-dir/MiniOzoneClusterImpl-2fd49abb-6f62-449c-9a67-7114492b2ee9/datanode-2/data/ratis/dd15e6f4-63da-42e5-ab1d-d5fa4616b46b was interrupted, exiting. There are 0 tasks remaining in the queue.
2019-07-16 14:36:40,322 INFO  segmented.SegmentedRaftLogWorker (SegmentedRaftLogWorker.java:close(228)) - 42b13e68-5a55-4074-bc1a-ac1414cc1e9f-SegmentedRaftLogWorker:Storage Directory /workdir/hadoop-ozone/integration-test/target/test-dir/MiniOzoneClusterImpl-2fd49abb-6f62-449c-9a67-7114492b2ee9/datanode-2/data/ratis/dd15e6f4-63da-42e5-ab1d-d5fa4616b46b close()
2019-07-16 14:36:40,330 INFO  server.GrpcService (GrpcService.java:closeImpl(155)) - 42b13e68-5a55-4074-bc1a-ac1414cc1e9f: shutdown server with port 35457 now
2019-07-16 14:36:40,331 WARN  server.GrpcServerProtocolService (LogUtils.java:warn(134)) - 42b13e68-5a55-4074-bc1a-ac1414cc1e9f: appendEntries onError: org.apache.ratis.thirdparty.io.grpc.StatusRuntimeException: CANCELLED: cancelled before receiving half close
2019-07-16 14:36:40,331 INFO  server.GrpcService (GrpcService.java:closeImpl(163)) - 42b13e68-5a55-4074-bc1a-ac1414cc1e9f: shutdown server with port 35457 successfully
2019-07-16 14:36:40,331 WARN  server.GrpcLogAppender (LogUtils.java:warn(134)) - 2d24ff93-5e56-4080-b028-9b16d6e96cde->42b13e68-5a55-4074-bc1a-ac1414cc1e9f: Failed appendEntries: org.apache.ratis.thirdparty.io.grpc.StatusRuntimeException: CANCELLED: HTTP/2 error code: CANCEL
Received Rst Stream
2019-07-16 14:36:40,332 INFO  impl.FollowerInfo (FollowerInfo.java:lambda$new$0(50)) - 2d24ff93-5e56-4080-b028-9b16d6e96cde->42b13e68-5a55-4074-bc1a-ac1414cc1e9f: nextIndex: updateUnconditionally 3 -> 2
2019-07-16 14:36:40,332 WARN  fs.CachingGetSpaceUsed (CachingGetSpaceUsed.java:run(183)) - Thread Interrupted waiting to refresh disk information: sleep interrupted
2019-07-16 14:36:40,350 INFO  statemachine.DatanodeStateMachine (DatanodeStateMachine.java:stopDaemon(395)) - Ozone container server stopped.
2019-07-16 14:36:40,351 INFO  handler.ContextHandler (ContextHandler.java:doStop(910)) - Stopped o.e.j.w.WebAppContext@5614ae05{/,null,UNAVAILABLE}{/hddsDatanode}
2019-07-16 14:36:40,351 INFO  server.AbstractConnector (AbstractConnector.java:doStop(318)) - Stopped ServerConnector@54970127{HTTP/1.1,[http/1.1]}{0.0.0.0:0}
2019-07-16 14:36:40,352 INFO  handler.ContextHandler (ContextHandler.java:doStop(910)) - Stopped o.e.j.s.ServletContextHandler@44a13699{/static,jar:file:/home/user/.m2/repository/org/apache/hadoop/hadoop-hdds-container-service/0.4.1-SNAPSHOT/hadoop-hdds-container-service-0.4.1-SNAPSHOT.jar!/webapps/static,UNAVAILABLE}
2019-07-16 14:36:40,352 INFO  handler.ContextHandler (ContextHandler.java:doStop(910)) - Stopped o.e.j.s.ServletContextHandler@5bdb6ea8{/logs,file:///workdir/hadoop-ozone/integration-test/target/log,UNAVAILABLE}
2019-07-16 14:36:41,461 WARN  server.GrpcLogAppender (LogUtils.java:warn(134)) - 2d24ff93-5e56-4080-b028-9b16d6e96cde->05db247d-740e-4a28-8f98-6376453fe824: Failed appendEntries: org.apache.ratis.thirdparty.io.grpc.StatusRuntimeException: UNAVAILABLE: io exception
2019-07-16 14:36:41,462 INFO  impl.FollowerInfo (FollowerInfo.java:lambda$new$0(50)) - 2d24ff93-5e56-4080-b028-9b16d6e96cde->05db247d-740e-4a28-8f98-6376453fe824: nextIndex: updateUnconditionally 2 -> 1
2019-07-16 14:36:41,499 WARN  server.GrpcLogAppender (LogUtils.java:warn(134)) - 2d24ff93-5e56-4080-b028-9b16d6e96cde->42b13e68-5a55-4074-bc1a-ac1414cc1e9f: Failed appendEntries: org.apache.ratis.thirdparty.io.grpc.StatusRuntimeException: UNAVAILABLE: io exception
2019-07-16 14:36:41,500 INFO  impl.FollowerInfo (FollowerInfo.java:lambda$new$0(50)) - 2d24ff93-5e56-4080-b028-9b16d6e96cde->42b13e68-5a55-4074-bc1a-ac1414cc1e9f: nextIndex: updateUnconditionally 2 -> 1
2019-07-16 14:36:43,963 WARN  server.GrpcLogAppender (LogUtils.java:warn(134)) - 2d24ff93-5e56-4080-b028-9b16d6e96cde->05db247d-740e-4a28-8f98-6376453fe824: Failed appendEntries: org.apache.ratis.thirdparty.io.grpc.StatusRuntimeException: UNAVAILABLE: io exception
2019-07-16 14:36:43,963 INFO  impl.FollowerInfo (FollowerInfo.java:lambda$new$0(50)) - 2d24ff93-5e56-4080-b028-9b16d6e96cde->05db247d-740e-4a28-8f98-6376453fe824: nextIndex: updateUnconditionally 1 -> 0
2019-07-16 14:36:44,000 WARN  server.GrpcLogAppender (LogUtils.java:warn(134)) - 2d24ff93-5e56-4080-b028-9b16d6e96cde->42b13e68-5a55-4074-bc1a-ac1414cc1e9f: Failed appendEntries: org.apache.ratis.thirdparty.io.grpc.StatusRuntimeException: UNAVAILABLE: io exception
2019-07-16 14:36:44,000 INFO  impl.FollowerInfo (FollowerInfo.java:lambda$new$0(50)) - 2d24ff93-5e56-4080-b028-9b16d6e96cde->42b13e68-5a55-4074-bc1a-ac1414cc1e9f: nextIndex: updateUnconditionally 1 -> 0
2019-07-16 14:36:45,250 INFO  impl.FollowerState (FollowerState.java:run(106)) - e402b569-a738-4e47-b2c1-a8efc6f74657:group-5C0D584D5560 changes to CANDIDATE, lastRpcTime:5055, electionTimeout:5050ms
2019-07-16 14:36:45,251 INFO  impl.RoleInfo (RoleInfo.java:shutdownFollowerState(121)) - e402b569-a738-4e47-b2c1-a8efc6f74657: shutdown FollowerState
2019-07-16 14:36:45,251 INFO  impl.RaftServerImpl (RaftServerImpl.java:setRole(171)) - e402b569-a738-4e47-b2c1-a8efc6f74657:group-5C0D584D5560 changes role from FOLLOWER to CANDIDATE at term 1 for changeToCandidate
2019-07-16 14:36:45,251 INFO  impl.RoleInfo (RoleInfo.java:updateAndGet(143)) - e402b569-a738-4e47-b2c1-a8efc6f74657: start LeaderElection
2019-07-16 14:36:45,265 INFO  impl.LeaderElection (LeaderElection.java:askForVotes(181)) - e402b569-a738-4e47-b2c1-a8efc6f74657:group-5C0D584D5560:LeaderElection31: begin an election at term 2 for -1: [476b27cc-aff9-4049-9fb6-34ee5d68bcdd:192.168.5.141:42618, e997601e-2389-4865-a7f7-e45d1f8ec3ef:192.168.5.141:33376, e402b569-a738-4e47-b2c1-a8efc6f74657:192.168.5.141:41408], old=null
2019-07-16 14:36:45,268 INFO  impl.RaftServerImpl (RaftServerImpl.java:setRole(171)) - e997601e-2389-4865-a7f7-e45d1f8ec3ef:group-5C0D584D5560 changes role from FOLLOWER to FOLLOWER at term 2 for recognizeCandidate:e402b569-a738-4e47-b2c1-a8efc6f74657
2019-07-16 14:36:45,268 INFO  impl.RaftServerImpl (RaftServerImpl.java:setRole(171)) - 476b27cc-aff9-4049-9fb6-34ee5d68bcdd:group-5C0D584D5560 changes role from FOLLOWER to FOLLOWER at term 2 for recognizeCandidate:e402b569-a738-4e47-b2c1-a8efc6f74657
2019-07-16 14:36:45,268 INFO  impl.RoleInfo (RoleInfo.java:shutdownFollowerState(121)) - e997601e-2389-4865-a7f7-e45d1f8ec3ef: shutdown FollowerState
2019-07-16 14:36:45,268 INFO  impl.RoleInfo (RoleInfo.java:shutdownFollowerState(121)) - 476b27cc-aff9-4049-9fb6-34ee5d68bcdd: shutdown FollowerState
2019-07-16 14:36:45,269 INFO  impl.FollowerState (FollowerState.java:run(114)) - e997601e-2389-4865-a7f7-e45d1f8ec3ef: FollowerState was interrupted: java.lang.InterruptedException: sleep interrupted
2019-07-16 14:36:45,269 INFO  impl.RoleInfo (RoleInfo.java:updateAndGet(143)) - e997601e-2389-4865-a7f7-e45d1f8ec3ef: start FollowerState
2019-07-16 14:36:45,269 INFO  impl.FollowerState (FollowerState.java:run(114)) - 476b27cc-aff9-4049-9fb6-34ee5d68bcdd: FollowerState was interrupted: java.lang.InterruptedException: sleep interrupted
2019-07-16 14:36:45,269 INFO  impl.RoleInfo (RoleInfo.java:updateAndGet(143)) - 476b27cc-aff9-4049-9fb6-34ee5d68bcdd: start FollowerState
2019-07-16 14:36:45,283 INFO  impl.LeaderElection (LeaderElection.java:logAndReturn(56)) - e402b569-a738-4e47-b2c1-a8efc6f74657:group-5C0D584D5560:LeaderElection31: Election PASSED; received 1 response(s) [e402b569-a738-4e47-b2c1-a8efc6f74657<-e997601e-2389-4865-a7f7-e45d1f8ec3ef#0:OK-t2] and 0 exception(s); e402b569-a738-4e47-b2c1-a8efc6f74657:t2, leader=null, voted=e402b569-a738-4e47-b2c1-a8efc6f74657, raftlog=e402b569-a738-4e47-b2c1-a8efc6f74657-SegmentedRaftLog:OPENED:c-1,f-1,i0, conf=-1: [476b27cc-aff9-4049-9fb6-34ee5d68bcdd:192.168.5.141:42618, e997601e-2389-4865-a7f7-e45d1f8ec3ef:192.168.5.141:33376, e402b569-a738-4e47-b2c1-a8efc6f74657:192.168.5.141:41408], old=null
2019-07-16 14:36:45,283 INFO  impl.RoleInfo (RoleInfo.java:shutdownLeaderElection(134)) - e402b569-a738-4e47-b2c1-a8efc6f74657: shutdown LeaderElection
2019-07-16 14:36:45,290 INFO  impl.RaftServerImpl (RaftServerImpl.java:setRole(171)) - e402b569-a738-4e47-b2c1-a8efc6f74657:group-5C0D584D5560 changes role from CANDIDATE to LEADER at term 2 for changeToLeader
2019-07-16 14:36:45,290 INFO  impl.RaftServerImpl (ServerState.java:setLeader(263)) - e402b569-a738-4e47-b2c1-a8efc6f74657:group-5C0D584D5560 change Leader from null to e402b569-a738-4e47-b2c1-a8efc6f74657 at term 2 for becomeLeader, leader elected after 12151ms
2019-07-16 14:36:45,290 INFO  server.RaftServerConfigKeys (ConfUtils.java:logGet(43)) - raft.server.staging.catchup.gap = 1000 (default)
2019-07-16 14:36:45,290 INFO  server.RaftServerConfigKeys (ConfUtils.java:logGet(43)) - raft.server.rpc.sleep.time = 25ms (default)
2019-07-16 14:36:45,290 INFO  server.RaftServerConfigKeys (ConfUtils.java:logGet(43)) - raft.server.write.element-limit = 4096 (default)
2019-07-16 14:36:45,291 INFO  server.RaftServerConfigKeys (ConfUtils.java:logGet(43)) - raft.server.watch.timeout = 10s (default)
2019-07-16 14:36:45,291 INFO  server.RaftServerConfigKeys (ConfUtils.java:logGet(43)) - raft.server.watch.timeout.denomination = 1s (default)
2019-07-16 14:36:45,291 INFO  server.RaftServerConfigKeys (ConfUtils.java:logGet(43)) - raft.server.watch.element-limit = 65536 (default)
2019-07-16 14:36:45,291 INFO  server.RaftServerConfigKeys (ConfUtils.java:logGet(43)) - raft.server.log.appender.snapshot.chunk.size.max = 16MB (=16777216) (default)
2019-07-16 14:36:45,291 INFO  server.RaftServerConfigKeys (ConfUtils.java:logGet(43)) - raft.server.log.appender.buffer.byte-limit = 33554432 (custom)
2019-07-16 14:36:45,292 INFO  server.RaftServerConfigKeys (ConfUtils.java:logGet(43)) - raft.server.log.appender.buffer.element-limit = 1 (custom)
2019-07-16 14:36:45,292 INFO  grpc.GrpcConfigKeys$Server (ConfUtils.java:logGet(43)) - raft.grpc.server.leader.outstanding.appends.max = 128 (default)
2019-07-16 14:36:45,292 INFO  server.RaftServerConfigKeys (ConfUtils.java:logGet(43)) - raft.server.rpc.request.timeout = 3000ms (default)
2019-07-16 14:36:45,292 INFO  server.RaftServerConfigKeys (ConfUtils.java:logGet(43)) - raft.server.log.appender.install.snapshot.enabled = false (custom)
2019-07-16 14:36:45,292 INFO  server.RaftServerConfigKeys (ConfUtils.java:logGet(43)) - raft.server.log.appender.snapshot.chunk.size.max = 16MB (=16777216) (default)
2019-07-16 14:36:45,292 INFO  server.RaftServerConfigKeys (ConfUtils.java:logGet(43)) - raft.server.log.appender.buffer.byte-limit = 33554432 (custom)
2019-07-16 14:36:45,293 INFO  server.RaftServerConfigKeys (ConfUtils.java:logGet(43)) - raft.server.log.appender.buffer.element-limit = 1 (custom)
2019-07-16 14:36:45,293 INFO  grpc.GrpcConfigKeys$Server (ConfUtils.java:logGet(43)) - raft.grpc.server.leader.outstanding.appends.max = 128 (default)
2019-07-16 14:36:45,293 INFO  server.RaftServerConfigKeys (ConfUtils.java:logGet(43)) - raft.server.rpc.request.timeout = 3000ms (default)
2019-07-16 14:36:45,293 INFO  server.RaftServerConfigKeys (ConfUtils.java:logGet(43)) - raft.server.log.appender.install.snapshot.enabled = false (custom)
2019-07-16 14:36:45,293 INFO  impl.RoleInfo (RoleInfo.java:updateAndGet(143)) - e402b569-a738-4e47-b2c1-a8efc6f74657: start LeaderState
2019-07-16 14:36:45,294 INFO  segmented.SegmentedRaftLogWorker (SegmentedRaftLogWorker.java:startLogSegment(380)) - e402b569-a738-4e47-b2c1-a8efc6f74657-SegmentedRaftLogWorker:Storage Directory /workdir/hadoop-ozone/integration-test/target/test-dir/MiniOzoneClusterImpl-2fd49abb-6f62-449c-9a67-7114492b2ee9/datanode-5/data/ratis/42b25473-6272-484d-af33-5c0d584d5560: Starting segment from index:0
2019-07-16 14:36:45,294 INFO  impl.RaftServerImpl (ServerState.java:setRaftConf(361)) - e402b569-a738-4e47-b2c1-a8efc6f74657:group-5C0D584D5560 set configuration 0: [476b27cc-aff9-4049-9fb6-34ee5d68bcdd:192.168.5.141:42618, e997601e-2389-4865-a7f7-e45d1f8ec3ef:192.168.5.141:33376, e402b569-a738-4e47-b2c1-a8efc6f74657:192.168.5.141:41408], old=null at 0
2019-07-16 14:36:45,312 INFO  impl.RaftServerImpl (ServerState.java:setLeader(263)) - e997601e-2389-4865-a7f7-e45d1f8ec3ef:group-5C0D584D5560 change Leader from null to e402b569-a738-4e47-b2c1-a8efc6f74657 at term 2 for appendEntries, leader elected after 12173ms
2019-07-16 14:36:45,312 INFO  impl.RaftServerImpl (ServerState.java:setLeader(263)) - 476b27cc-aff9-4049-9fb6-34ee5d68bcdd:group-5C0D584D5560 change Leader from null to e402b569-a738-4e47-b2c1-a8efc6f74657 at term 2 for appendEntries, leader elected after 12173ms
2019-07-16 14:36:45,315 INFO  impl.RaftServerImpl (ServerState.java:setRaftConf(361)) - 476b27cc-aff9-4049-9fb6-34ee5d68bcdd:group-5C0D584D5560 set configuration 0: [476b27cc-aff9-4049-9fb6-34ee5d68bcdd:192.168.5.141:42618, e997601e-2389-4865-a7f7-e45d1f8ec3ef:192.168.5.141:33376, e402b569-a738-4e47-b2c1-a8efc6f74657:192.168.5.141:41408], old=null at 0
2019-07-16 14:36:45,315 INFO  impl.RaftServerImpl (ServerState.java:setRaftConf(361)) - e997601e-2389-4865-a7f7-e45d1f8ec3ef:group-5C0D584D5560 set configuration 0: [476b27cc-aff9-4049-9fb6-34ee5d68bcdd:192.168.5.141:42618, e997601e-2389-4865-a7f7-e45d1f8ec3ef:192.168.5.141:33376, e402b569-a738-4e47-b2c1-a8efc6f74657:192.168.5.141:41408], old=null at 0
2019-07-16 14:36:45,315 INFO  segmented.SegmentedRaftLogWorker (SegmentedRaftLogWorker.java:execute(569)) - e402b569-a738-4e47-b2c1-a8efc6f74657-SegmentedRaftLogWorker:Storage Directory /workdir/hadoop-ozone/integration-test/target/test-dir/MiniOzoneClusterImpl-2fd49abb-6f62-449c-9a67-7114492b2ee9/datanode-5/data/ratis/42b25473-6272-484d-af33-5c0d584d5560: created new log segment /workdir/hadoop-ozone/integration-test/target/test-dir/MiniOzoneClusterImpl-2fd49abb-6f62-449c-9a67-7114492b2ee9/datanode-5/data/ratis/42b25473-6272-484d-af33-5c0d584d5560/current/log_inprogress_0
2019-07-16 14:36:45,315 INFO  segmented.SegmentedRaftLogWorker (SegmentedRaftLogWorker.java:startLogSegment(380)) - 476b27cc-aff9-4049-9fb6-34ee5d68bcdd-SegmentedRaftLogWorker:Storage Directory /workdir/hadoop-ozone/integration-test/target/test-dir/MiniOzoneClusterImpl-2fd49abb-6f62-449c-9a67-7114492b2ee9/datanode-3/data/ratis/42b25473-6272-484d-af33-5c0d584d5560: Starting segment from index:0
2019-07-16 14:36:45,315 INFO  segmented.SegmentedRaftLogWorker (SegmentedRaftLogWorker.java:startLogSegment(380)) - e997601e-2389-4865-a7f7-e45d1f8ec3ef-SegmentedRaftLogWorker:Storage Directory /workdir/hadoop-ozone/integration-test/target/test-dir/MiniOzoneClusterImpl-2fd49abb-6f62-449c-9a67-7114492b2ee9/datanode-4/data/ratis/42b25473-6272-484d-af33-5c0d584d5560: Starting segment from index:0
2019-07-16 14:36:45,334 INFO  segmented.SegmentedRaftLogWorker (SegmentedRaftLogWorker.java:execute(569)) - e997601e-2389-4865-a7f7-e45d1f8ec3ef-SegmentedRaftLogWorker:Storage Directory /workdir/hadoop-ozone/integration-test/target/test-dir/MiniOzoneClusterImpl-2fd49abb-6f62-449c-9a67-7114492b2ee9/datanode-4/data/ratis/42b25473-6272-484d-af33-5c0d584d5560: created new log segment /workdir/hadoop-ozone/integration-test/target/test-dir/MiniOzoneClusterImpl-2fd49abb-6f62-449c-9a67-7114492b2ee9/datanode-4/data/ratis/42b25473-6272-484d-af33-5c0d584d5560/current/log_inprogress_0
2019-07-16 14:36:45,342 INFO  segmented.SegmentedRaftLogWorker (SegmentedRaftLogWorker.java:execute(569)) - 476b27cc-aff9-4049-9fb6-34ee5d68bcdd-SegmentedRaftLogWorker:Storage Directory /workdir/hadoop-ozone/integration-test/target/test-dir/MiniOzoneClusterImpl-2fd49abb-6f62-449c-9a67-7114492b2ee9/datanode-3/data/ratis/42b25473-6272-484d-af33-5c0d584d5560: created new log segment /workdir/hadoop-ozone/integration-test/target/test-dir/MiniOzoneClusterImpl-2fd49abb-6f62-449c-9a67-7114492b2ee9/datanode-3/data/ratis/42b25473-6272-484d-af33-5c0d584d5560/current/log_inprogress_0
2019-07-16 14:36:46,464 WARN  server.GrpcLogAppender (LogUtils.java:warn(134)) - 2d24ff93-5e56-4080-b028-9b16d6e96cde->05db247d-740e-4a28-8f98-6376453fe824: Failed appendEntries: org.apache.ratis.thirdparty.io.grpc.StatusRuntimeException: UNAVAILABLE: io exception
2019-07-16 14:36:46,464 INFO  impl.FollowerInfo (FollowerInfo.java:lambda$new$0(50)) - 2d24ff93-5e56-4080-b028-9b16d6e96cde->05db247d-740e-4a28-8f98-6376453fe824: nextIndex: updateUnconditionally 0 -> 0
2019-07-16 14:36:46,501 WARN  server.GrpcLogAppender (LogUtils.java:warn(134)) - 2d24ff93-5e56-4080-b028-9b16d6e96cde->42b13e68-5a55-4074-bc1a-ac1414cc1e9f: Failed appendEntries: org.apache.ratis.thirdparty.io.grpc.StatusRuntimeException: UNAVAILABLE: io exception
2019-07-16 14:36:46,501 INFO  impl.FollowerInfo (FollowerInfo.java:lambda$new$0(50)) - 2d24ff93-5e56-4080-b028-9b16d6e96cde->42b13e68-5a55-4074-bc1a-ac1414cc1e9f: nextIndex: updateUnconditionally 0 -> 0
2019-07-16 14:36:48,965 WARN  server.GrpcLogAppender (LogUtils.java:warn(134)) - 2d24ff93-5e56-4080-b028-9b16d6e96cde->05db247d-740e-4a28-8f98-6376453fe824: Failed appendEntries: org.apache.ratis.thirdparty.io.grpc.StatusRuntimeException: UNAVAILABLE: io exception
2019-07-16 14:36:48,965 INFO  impl.FollowerInfo (FollowerInfo.java:lambda$new$0(50)) - 2d24ff93-5e56-4080-b028-9b16d6e96cde->05db247d-740e-4a28-8f98-6376453fe824: nextIndex: updateUnconditionally 0 -> 0
2019-07-16 14:36:49,001 WARN  server.GrpcLogAppender (LogUtils.java:warn(134)) - 2d24ff93-5e56-4080-b028-9b16d6e96cde->42b13e68-5a55-4074-bc1a-ac1414cc1e9f: Failed appendEntries: org.apache.ratis.thirdparty.io.grpc.StatusRuntimeException: UNAVAILABLE: io exception
2019-07-16 14:36:49,001 INFO  impl.FollowerInfo (FollowerInfo.java:lambda$new$0(50)) - 2d24ff93-5e56-4080-b028-9b16d6e96cde->42b13e68-5a55-4074-bc1a-ac1414cc1e9f: nextIndex: updateUnconditionally 0 -> 0
2019-07-16 14:36:50,857 INFO  client.GrpcClientProtocolService (GrpcClientProtocolService.java:lambda$processClientRequest$0(278)) - Failed RaftClientRequest:client-7D249CB95AEE->2d24ff93-5e56-4080-b028-9b16d6e96cde@group-D5FA4616B46B, cid=56, seq=0, Watch-ALL_COMMITTED(2), Message:<EMPTY>, reply=RaftClientReply:client-7D249CB95AEE->2d24ff93-5e56-4080-b028-9b16d6e96cde@group-D5FA4616B46B, cid=56, FAILED org.apache.ratis.protocol.NotReplicatedException: Request with call Id 56 and log index 2 is not yet replicated to ALL_COMMITTED, logIndex=2, commits[2d24ff93-5e56-4080-b028-9b16d6e96cde:c2, 05db247d-740e-4a28-8f98-6376453fe824:c0, 42b13e68-5a55-4074-bc1a-ac1414cc1e9f:c0]
2019-07-16 14:36:50,861 INFO  client.GrpcClientProtocolClient (GrpcClientProtocolClient.java:onNext(255)) - client-7D249CB95AEE->2d24ff93-5e56-4080-b028-9b16d6e96cde: receive RaftClientReply:client-7D249CB95AEE->2d24ff93-5e56-4080-b028-9b16d6e96cde@group-D5FA4616B46B, cid=56, FAILED org.apache.ratis.protocol.NotReplicatedException: Request with call Id 56 and log index 2 is not yet replicated to ALL_COMMITTED, logIndex=2, commits[2d24ff93-5e56-4080-b028-9b16d6e96cde:c2, 05db247d-740e-4a28-8f98-6376453fe824:c0, 42b13e68-5a55-4074-bc1a-ac1414cc1e9f:c0]
2019-07-16 14:36:50,868 WARN  scm.XceiverClientRatis (XceiverClientRatis.java:watchForCommit(262)) - 3 way commit failed 
java.util.concurrent.ExecutionException: org.apache.ratis.protocol.NotReplicatedException: Request with call Id 56 and log index 2 is not yet replicated to ALL_COMMITTED
	at java.util.concurrent.CompletableFuture.reportGet(CompletableFuture.java:357)
	at java.util.concurrent.CompletableFuture.get(CompletableFuture.java:1915)
	at org.apache.hadoop.hdds.scm.XceiverClientRatis.watchForCommit(XceiverClientRatis.java:259)
	at org.apache.hadoop.ozone.client.rpc.TestWatchForCommit.testWatchForCommitForRetryfailure(TestWatchForCommit.java:347)
	at sun.reflect.NativeMethodAccessorImpl.invoke0(Native Method)
	at sun.reflect.NativeMethodAccessorImpl.invoke(NativeMethodAccessorImpl.java:62)
	at sun.reflect.DelegatingMethodAccessorImpl.invoke(DelegatingMethodAccessorImpl.java:43)
	at java.lang.reflect.Method.invoke(Method.java:498)
	at org.junit.runners.model.FrameworkMethod$1.runReflectiveCall(FrameworkMethod.java:47)
	at org.junit.internal.runners.model.ReflectiveCallable.run(ReflectiveCallable.java:12)
	at org.junit.runners.model.FrameworkMethod.invokeExplosively(FrameworkMethod.java:44)
	at org.junit.internal.runners.statements.InvokeMethod.evaluate(InvokeMethod.java:17)
	at org.junit.runners.ParentRunner.runLeaf(ParentRunner.java:271)
	at org.junit.runners.BlockJUnit4ClassRunner.runChild(BlockJUnit4ClassRunner.java:70)
	at org.junit.runners.BlockJUnit4ClassRunner.runChild(BlockJUnit4ClassRunner.java:50)
	at org.junit.runners.ParentRunner$3.run(ParentRunner.java:238)
	at org.junit.runners.ParentRunner$1.schedule(ParentRunner.java:63)
	at org.junit.runners.ParentRunner.runChildren(ParentRunner.java:236)
	at org.junit.runners.ParentRunner.access$000(ParentRunner.java:53)
	at org.junit.runners.ParentRunner$2.evaluate(ParentRunner.java:229)
	at org.junit.runners.ParentRunner.run(ParentRunner.java:309)
	at org.apache.maven.surefire.junit4.JUnit4Provider.execute(JUnit4Provider.java:365)
	at org.apache.maven.surefire.junit4.JUnit4Provider.executeWithRerun(JUnit4Provider.java:273)
	at org.apache.maven.surefire.junit4.JUnit4Provider.executeTestSet(JUnit4Provider.java:238)
	at org.apache.maven.surefire.junit4.JUnit4Provider.invoke(JUnit4Provider.java:159)
	at org.apache.maven.surefire.booter.ForkedBooter.invokeProviderInSameClassLoader(ForkedBooter.java:384)
	at org.apache.maven.surefire.booter.ForkedBooter.runSuitesInProcess(ForkedBooter.java:345)
	at org.apache.maven.surefire.booter.ForkedBooter.execute(ForkedBooter.java:126)
	at org.apache.maven.surefire.booter.ForkedBooter.main(ForkedBooter.java:418)
Caused by: org.apache.ratis.protocol.NotReplicatedException: Request with call Id 56 and log index 2 is not yet replicated to ALL_COMMITTED
	at org.apache.ratis.client.impl.ClientProtoUtils.toRaftClientReply(ClientProtoUtils.java:245)
	at org.apache.ratis.grpc.client.GrpcClientProtocolClient$AsyncStreamObservers$1.onNext(GrpcClientProtocolClient.java:254)
	at org.apache.ratis.grpc.client.GrpcClientProtocolClient$AsyncStreamObservers$1.onNext(GrpcClientProtocolClient.java:249)
	at org.apache.ratis.thirdparty.io.grpc.stub.ClientCalls$StreamObserverToCallListenerAdapter.onMessage(ClientCalls.java:421)
	at org.apache.ratis.thirdparty.io.grpc.ForwardingClientCallListener.onMessage(ForwardingClientCallListener.java:33)
	at org.apache.ratis.thirdparty.io.grpc.ForwardingClientCallListener.onMessage(ForwardingClientCallListener.java:33)
	at org.apache.ratis.thirdparty.io.grpc.internal.ClientCallImpl$ClientStreamListenerImpl$1MessagesAvailable.runInContext(ClientCallImpl.java:519)
	at org.apache.ratis.thirdparty.io.grpc.internal.ContextRunnable.run(ContextRunnable.java:37)
	at org.apache.ratis.thirdparty.io.grpc.internal.SerializingExecutor.run(SerializingExecutor.java:123)
	at java.util.concurrent.ThreadPoolExecutor.runWorker(ThreadPoolExecutor.java:1149)
	at java.util.concurrent.ThreadPoolExecutor$Worker.run(ThreadPoolExecutor.java:624)
	at java.lang.Thread.run(Thread.java:748)
2019-07-16 14:36:51,465 WARN  server.GrpcLogAppender (LogUtils.java:warn(134)) - 2d24ff93-5e56-4080-b028-9b16d6e96cde->05db247d-740e-4a28-8f98-6376453fe824: Failed appendEntries: org.apache.ratis.thirdparty.io.grpc.StatusRuntimeException: UNAVAILABLE: io exception
2019-07-16 14:36:51,466 INFO  impl.FollowerInfo (FollowerInfo.java:lambda$new$0(50)) - 2d24ff93-5e56-4080-b028-9b16d6e96cde->05db247d-740e-4a28-8f98-6376453fe824: nextIndex: updateUnconditionally 0 -> 0
2019-07-16 14:36:51,502 WARN  server.GrpcLogAppender (LogUtils.java:warn(134)) - 2d24ff93-5e56-4080-b028-9b16d6e96cde->42b13e68-5a55-4074-bc1a-ac1414cc1e9f: Failed appendEntries: org.apache.ratis.thirdparty.io.grpc.StatusRuntimeException: UNAVAILABLE: io exception
2019-07-16 14:36:51,502 INFO  impl.FollowerInfo (FollowerInfo.java:lambda$new$0(50)) - 2d24ff93-5e56-4080-b028-9b16d6e96cde->42b13e68-5a55-4074-bc1a-ac1414cc1e9f: nextIndex: updateUnconditionally 0 -> 0
2019-07-16 14:36:53,967 WARN  server.GrpcLogAppender (LogUtils.java:warn(134)) - 2d24ff93-5e56-4080-b028-9b16d6e96cde->05db247d-740e-4a28-8f98-6376453fe824: Failed appendEntries: org.apache.ratis.thirdparty.io.grpc.StatusRuntimeException: UNAVAILABLE: io exception
2019-07-16 14:36:53,967 INFO  impl.FollowerInfo (FollowerInfo.java:lambda$new$0(50)) - 2d24ff93-5e56-4080-b028-9b16d6e96cde->05db247d-740e-4a28-8f98-6376453fe824: nextIndex: updateUnconditionally 0 -> 0
2019-07-16 14:36:54,003 WARN  server.GrpcLogAppender (LogUtils.java:warn(134)) - 2d24ff93-5e56-4080-b028-9b16d6e96cde->42b13e68-5a55-4074-bc1a-ac1414cc1e9f: Failed appendEntries: org.apache.ratis.thirdparty.io.grpc.StatusRuntimeException: UNAVAILABLE: io exception
2019-07-16 14:36:54,003 INFO  impl.FollowerInfo (FollowerInfo.java:lambda$new$0(50)) - 2d24ff93-5e56-4080-b028-9b16d6e96cde->42b13e68-5a55-4074-bc1a-ac1414cc1e9f: nextIndex: updateUnconditionally 0 -> 0
2019-07-16 14:36:54,861 INFO  client.GrpcClientProtocolService (GrpcClientProtocolService.java:lambda$processClientRequest$0(278)) - Failed RaftClientRequest:client-7D249CB95AEE->2d24ff93-5e56-4080-b028-9b16d6e96cde@group-D5FA4616B46B, cid=56, seq=0, Watch-ALL_COMMITTED(2), Message:<EMPTY>, reply=RaftClientReply:client-7D249CB95AEE->2d24ff93-5e56-4080-b028-9b16d6e96cde@group-D5FA4616B46B, cid=56, FAILED org.apache.ratis.protocol.NotReplicatedException: Request with call Id 56 and log index 2 is not yet replicated to ALL_COMMITTED, logIndex=2, commits[2d24ff93-5e56-4080-b028-9b16d6e96cde:c2, 05db247d-740e-4a28-8f98-6376453fe824:c0, 42b13e68-5a55-4074-bc1a-ac1414cc1e9f:c0]
2019-07-16 14:36:54,862 INFO  client.GrpcClientProtocolClient (GrpcClientProtocolClient.java:onNext(255)) - client-7D249CB95AEE->2d24ff93-5e56-4080-b028-9b16d6e96cde: receive RaftClientReply:client-7D249CB95AEE->2d24ff93-5e56-4080-b028-9b16d6e96cde@group-D5FA4616B46B, cid=56, FAILED org.apache.ratis.protocol.NotReplicatedException: Request with call Id 56 and log index 2 is not yet replicated to ALL_COMMITTED, logIndex=2, commits[2d24ff93-5e56-4080-b028-9b16d6e96cde:c2, 05db247d-740e-4a28-8f98-6376453fe824:c0, 42b13e68-5a55-4074-bc1a-ac1414cc1e9f:c0]
2019-07-16 14:36:56,467 WARN  server.GrpcLogAppender (LogUtils.java:warn(134)) - 2d24ff93-5e56-4080-b028-9b16d6e96cde->05db247d-740e-4a28-8f98-6376453fe824: Failed appendEntries: org.apache.ratis.thirdparty.io.grpc.StatusRuntimeException: UNAVAILABLE: io exception
2019-07-16 14:36:56,468 INFO  impl.FollowerInfo (FollowerInfo.java:lambda$new$0(50)) - 2d24ff93-5e56-4080-b028-9b16d6e96cde->05db247d-740e-4a28-8f98-6376453fe824: nextIndex: updateUnconditionally 0 -> 0
2019-07-16 14:36:56,503 WARN  server.GrpcLogAppender (LogUtils.java:warn(134)) - 2d24ff93-5e56-4080-b028-9b16d6e96cde->42b13e68-5a55-4074-bc1a-ac1414cc1e9f: Failed appendEntries: org.apache.ratis.thirdparty.io.grpc.StatusRuntimeException: UNAVAILABLE: io exception
2019-07-16 14:36:56,504 INFO  impl.FollowerInfo (FollowerInfo.java:lambda$new$0(50)) - 2d24ff93-5e56-4080-b028-9b16d6e96cde->42b13e68-5a55-4074-bc1a-ac1414cc1e9f: nextIndex: updateUnconditionally 0 -> 0
2019-07-16 14:36:58,857 INFO  client.GrpcClientProtocolService (GrpcClientProtocolService.java:lambda$processClientRequest$0(278)) - Failed RaftClientRequest:client-7D249CB95AEE->2d24ff93-5e56-4080-b028-9b16d6e96cde@group-D5FA4616B46B, cid=56, seq=0, Watch-ALL_COMMITTED(2), Message:<EMPTY>, reply=RaftClientReply:client-7D249CB95AEE->2d24ff93-5e56-4080-b028-9b16d6e96cde@group-D5FA4616B46B, cid=56, FAILED org.apache.ratis.protocol.NotReplicatedException: Request with call Id 56 and log index 2 is not yet replicated to ALL_COMMITTED, logIndex=2, commits[2d24ff93-5e56-4080-b028-9b16d6e96cde:c2, 05db247d-740e-4a28-8f98-6376453fe824:c0, 42b13e68-5a55-4074-bc1a-ac1414cc1e9f:c0]
2019-07-16 14:36:58,858 INFO  client.GrpcClientProtocolClient (GrpcClientProtocolClient.java:onNext(255)) - client-7D249CB95AEE->2d24ff93-5e56-4080-b028-9b16d6e96cde: receive RaftClientReply:client-7D249CB95AEE->2d24ff93-5e56-4080-b028-9b16d6e96cde@group-D5FA4616B46B, cid=56, FAILED org.apache.ratis.protocol.NotReplicatedException: Request with call Id 56 and log index 2 is not yet replicated to ALL_COMMITTED, logIndex=2, commits[2d24ff93-5e56-4080-b028-9b16d6e96cde:c2, 05db247d-740e-4a28-8f98-6376453fe824:c0, 42b13e68-5a55-4074-bc1a-ac1414cc1e9f:c0]
2019-07-16 14:36:58,969 WARN  server.GrpcLogAppender (LogUtils.java:warn(134)) - 2d24ff93-5e56-4080-b028-9b16d6e96cde->05db247d-740e-4a28-8f98-6376453fe824: Failed appendEntries: org.apache.ratis.thirdparty.io.grpc.StatusRuntimeException: UNAVAILABLE: io exception
2019-07-16 14:36:58,969 INFO  impl.FollowerInfo (FollowerInfo.java:lambda$new$0(50)) - 2d24ff93-5e56-4080-b028-9b16d6e96cde->05db247d-740e-4a28-8f98-6376453fe824: nextIndex: updateUnconditionally 0 -> 0
2019-07-16 14:36:59,005 WARN  server.GrpcLogAppender (LogUtils.java:warn(134)) - 2d24ff93-5e56-4080-b028-9b16d6e96cde->42b13e68-5a55-4074-bc1a-ac1414cc1e9f: Failed appendEntries: org.apache.ratis.thirdparty.io.grpc.StatusRuntimeException: UNAVAILABLE: io exception
2019-07-16 14:36:59,005 INFO  impl.FollowerInfo (FollowerInfo.java:lambda$new$0(50)) - 2d24ff93-5e56-4080-b028-9b16d6e96cde->42b13e68-5a55-4074-bc1a-ac1414cc1e9f: nextIndex: updateUnconditionally 0 -> 0
2019-07-16 14:37:01,469 WARN  server.GrpcLogAppender (LogUtils.java:warn(134)) - 2d24ff93-5e56-4080-b028-9b16d6e96cde->05db247d-740e-4a28-8f98-6376453fe824: Failed appendEntries: org.apache.ratis.thirdparty.io.grpc.StatusRuntimeException: UNAVAILABLE: io exception
2019-07-16 14:37:01,469 INFO  impl.FollowerInfo (FollowerInfo.java:lambda$new$0(50)) - 2d24ff93-5e56-4080-b028-9b16d6e96cde->05db247d-740e-4a28-8f98-6376453fe824: nextIndex: updateUnconditionally 0 -> 0
2019-07-16 14:37:01,505 WARN  server.GrpcLogAppender (LogUtils.java:warn(134)) - 2d24ff93-5e56-4080-b028-9b16d6e96cde->42b13e68-5a55-4074-bc1a-ac1414cc1e9f: Failed appendEntries: org.apache.ratis.thirdparty.io.grpc.StatusRuntimeException: UNAVAILABLE: io exception
2019-07-16 14:37:01,506 INFO  impl.FollowerInfo (FollowerInfo.java:lambda$new$0(50)) - 2d24ff93-5e56-4080-b028-9b16d6e96cde->42b13e68-5a55-4074-bc1a-ac1414cc1e9f: nextIndex: updateUnconditionally 0 -> 0
2019-07-16 14:37:01,857 INFO  client.GrpcClientProtocolService (GrpcClientProtocolService.java:lambda$processClientRequest$0(278)) - Failed RaftClientRequest:client-7D249CB95AEE->2d24ff93-5e56-4080-b028-9b16d6e96cde@group-D5FA4616B46B, cid=57, seq=0, Watch-MAJORITY_COMMITTED(2), Message:<EMPTY>, reply=RaftClientReply:client-7D249CB95AEE->2d24ff93-5e56-4080-b028-9b16d6e96cde@group-D5FA4616B46B, cid=57, FAILED org.apache.ratis.protocol.NotReplicatedException: Request with call Id 57 and log index 2 is not yet replicated to MAJORITY_COMMITTED, logIndex=2, commits[2d24ff93-5e56-4080-b028-9b16d6e96cde:c2, 05db247d-740e-4a28-8f98-6376453fe824:c0, 42b13e68-5a55-4074-bc1a-ac1414cc1e9f:c0]
2019-07-16 14:37:01,858 INFO  client.GrpcClientProtocolClient (GrpcClientProtocolClient.java:onNext(255)) - client-7D249CB95AEE->2d24ff93-5e56-4080-b028-9b16d6e96cde: receive RaftClientReply:client-7D249CB95AEE->2d24ff93-5e56-4080-b028-9b16d6e96cde@group-D5FA4616B46B, cid=57, FAILED org.apache.ratis.protocol.NotReplicatedException: Request with call Id 57 and log index 2 is not yet replicated to MAJORITY_COMMITTED, logIndex=2, commits[2d24ff93-5e56-4080-b028-9b16d6e96cde:c2, 05db247d-740e-4a28-8f98-6376453fe824:c0, 42b13e68-5a55-4074-bc1a-ac1414cc1e9f:c0]
]]></system-out>
    <system-err><![CDATA[Jul 16, 2019 2:36:28 PM com.sun.jersey.server.impl.application.WebApplicationImpl _initiate
INFO: Initiating Jersey application, version 'Jersey: 1.19 02/11/2015 03:25 AM'
Jul 16, 2019 2:36:28 PM com.sun.jersey.server.impl.application.WebApplicationImpl _initiate
INFO: Initiating Jersey application, version 'Jersey: 1.19 02/11/2015 03:25 AM'
Jul 16, 2019 2:36:28 PM com.sun.jersey.server.impl.application.WebApplicationImpl _initiate
INFO: Initiating Jersey application, version 'Jersey: 1.19 02/11/2015 03:25 AM'
Jul 16, 2019 2:36:28 PM com.sun.jersey.server.impl.application.WebApplicationImpl _initiate
INFO: Initiating Jersey application, version 'Jersey: 1.19 02/11/2015 03:25 AM'
Jul 16, 2019 2:36:28 PM com.sun.jersey.server.impl.application.WebApplicationImpl _initiate
INFO: Initiating Jersey application, version 'Jersey: 1.19 02/11/2015 03:25 AM'
Jul 16, 2019 2:36:28 PM com.sun.jersey.server.impl.application.WebApplicationImpl _initiate
INFO: Initiating Jersey application, version 'Jersey: 1.19 02/11/2015 03:25 AM'
Jul 16, 2019 2:36:29 PM com.sun.jersey.server.impl.application.WebApplicationImpl _initiate
INFO: Initiating Jersey application, version 'Jersey: 1.19 02/11/2015 03:25 AM'
]]></system-err>
  </testcase>
  <testcase name="testWatchForCommitForGroupMismatchException" classname="org.apache.hadoop.ozone.client.rpc.TestWatchForCommit" time="17.397"/>
  <testcase name="test2WayCommitForTimeoutException" classname="org.apache.hadoop.ozone.client.rpc.TestWatchForCommit" time="19.495"/>
  <testcase name="test2WayCommitForRetryfailure" classname="org.apache.hadoop.ozone.client.rpc.TestWatchForCommit" time="15.942">
    <error message="org.apache.ratis.protocol.RaftRetryFailureException: Failed RaftClientRequest:client-78DDC0A7BA34-&gt;ccf461c5-3768-483c-b0ca-dbf506c8c2c2@group-3C81D4B366D5, cid=111, seq=2*, RW, org.apache.hadoop.hdds.scm.XceiverClientRatis$$Lambda$350/1155169971@6229fa34 for 8 attempts with RetryLimited(maxAttempts=8, sleepTime=1000ms)" type="java.util.concurrent.ExecutionException">java.util.concurrent.ExecutionException: org.apache.ratis.protocol.RaftRetryFailureException: Failed RaftClientRequest:client-78DDC0A7BA34->ccf461c5-3768-483c-b0ca-dbf506c8c2c2@group-3C81D4B366D5, cid=111, seq=2*, RW, org.apache.hadoop.hdds.scm.XceiverClientRatis$$Lambda$350/1155169971@6229fa34 for 8 attempts with RetryLimited(maxAttempts=8, sleepTime=1000ms)
	at java.util.concurrent.CompletableFuture.reportGet(CompletableFuture.java:357)
	at java.util.concurrent.CompletableFuture.get(CompletableFuture.java:1895)
	at org.apache.hadoop.ozone.client.rpc.TestWatchForCommit.test2WayCommitForRetryfailure(TestWatchForCommit.java:388)
	at sun.reflect.NativeMethodAccessorImpl.invoke0(Native Method)
	at sun.reflect.NativeMethodAccessorImpl.invoke(NativeMethodAccessorImpl.java:62)
	at sun.reflect.DelegatingMethodAccessorImpl.invoke(DelegatingMethodAccessorImpl.java:43)
	at java.lang.reflect.Method.invoke(Method.java:498)
	at org.junit.runners.model.FrameworkMethod$1.runReflectiveCall(FrameworkMethod.java:47)
	at org.junit.internal.runners.model.ReflectiveCallable.run(ReflectiveCallable.java:12)
	at org.junit.runners.model.FrameworkMethod.invokeExplosively(FrameworkMethod.java:44)
	at org.junit.internal.runners.statements.InvokeMethod.evaluate(InvokeMethod.java:17)
	at org.junit.runners.ParentRunner.runLeaf(ParentRunner.java:271)
	at org.junit.runners.BlockJUnit4ClassRunner.runChild(BlockJUnit4ClassRunner.java:70)
	at org.junit.runners.BlockJUnit4ClassRunner.runChild(BlockJUnit4ClassRunner.java:50)
	at org.junit.runners.ParentRunner$3.run(ParentRunner.java:238)
	at org.junit.runners.ParentRunner$1.schedule(ParentRunner.java:63)
	at org.junit.runners.ParentRunner.runChildren(ParentRunner.java:236)
	at org.junit.runners.ParentRunner.access$000(ParentRunner.java:53)
	at org.junit.runners.ParentRunner$2.evaluate(ParentRunner.java:229)
	at org.junit.runners.ParentRunner.run(ParentRunner.java:309)
	at org.apache.maven.surefire.junit4.JUnit4Provider.execute(JUnit4Provider.java:365)
	at org.apache.maven.surefire.junit4.JUnit4Provider.executeWithRerun(JUnit4Provider.java:273)
	at org.apache.maven.surefire.junit4.JUnit4Provider.executeTestSet(JUnit4Provider.java:238)
	at org.apache.maven.surefire.junit4.JUnit4Provider.invoke(JUnit4Provider.java:159)
	at org.apache.maven.surefire.booter.ForkedBooter.invokeProviderInSameClassLoader(ForkedBooter.java:384)
	at org.apache.maven.surefire.booter.ForkedBooter.runSuitesInProcess(ForkedBooter.java:345)
	at org.apache.maven.surefire.booter.ForkedBooter.execute(ForkedBooter.java:126)
	at org.apache.maven.surefire.booter.ForkedBooter.main(ForkedBooter.java:418)
Caused by: org.apache.ratis.protocol.RaftRetryFailureException: Failed RaftClientRequest:client-78DDC0A7BA34->ccf461c5-3768-483c-b0ca-dbf506c8c2c2@group-3C81D4B366D5, cid=111, seq=2*, RW, org.apache.hadoop.hdds.scm.XceiverClientRatis$$Lambda$350/1155169971@6229fa34 for 8 attempts with RetryLimited(maxAttempts=8, sleepTime=1000ms)
	at org.apache.ratis.client.impl.RaftClientImpl.noMoreRetries(RaftClientImpl.java:272)
	at org.apache.ratis.client.impl.OrderedAsync.handleAsyncRetryFailure(OrderedAsync.java:138)
	at org.apache.ratis.client.impl.OrderedAsync.lambda$sendRequest$10(OrderedAsync.java:230)
	at java.util.concurrent.CompletableFuture.uniExceptionally(CompletableFuture.java:870)
	at java.util.concurrent.CompletableFuture$UniExceptionally.tryFire(CompletableFuture.java:852)
	at java.util.concurrent.CompletableFuture.postComplete(CompletableFuture.java:474)
	at java.util.concurrent.CompletableFuture.completeExceptionally(CompletableFuture.java:1977)
	at org.apache.ratis.grpc.client.GrpcClientProtocolClient$AsyncStreamObservers.completeReplyExceptionally(GrpcClientProtocolClient.java:330)
	at org.apache.ratis.grpc.client.GrpcClientProtocolClient$AsyncStreamObservers.access$000(GrpcClientProtocolClient.java:246)
	at org.apache.ratis.grpc.client.GrpcClientProtocolClient$AsyncStreamObservers$1.onError(GrpcClientProtocolClient.java:275)
	at org.apache.ratis.thirdparty.io.grpc.stub.ClientCalls$StreamObserverToCallListenerAdapter.onClose(ClientCalls.java:434)
	at org.apache.ratis.thirdparty.io.grpc.PartialForwardingClientCallListener.onClose(PartialForwardingClientCallListener.java:39)
	at org.apache.ratis.thirdparty.io.grpc.ForwardingClientCallListener.onClose(ForwardingClientCallListener.java:23)
	at org.apache.ratis.thirdparty.io.grpc.ForwardingClientCallListener$SimpleForwardingClientCallListener.onClose(ForwardingClientCallListener.java:40)
	at org.apache.ratis.thirdparty.io.grpc.internal.CensusStatsModule$StatsClientInterceptor$1$1.onClose(CensusStatsModule.java:678)
	at org.apache.ratis.thirdparty.io.grpc.PartialForwardingClientCallListener.onClose(PartialForwardingClientCallListener.java:39)
	at org.apache.ratis.thirdparty.io.grpc.ForwardingClientCallListener.onClose(ForwardingClientCallListener.java:23)
	at org.apache.ratis.thirdparty.io.grpc.ForwardingClientCallListener$SimpleForwardingClientCallListener.onClose(ForwardingClientCallListener.java:40)
	at org.apache.ratis.thirdparty.io.grpc.internal.CensusTracingModule$TracingClientInterceptor$1$1.onClose(CensusTracingModule.java:397)
	at org.apache.ratis.thirdparty.io.grpc.internal.ClientCallImpl.closeObserver(ClientCallImpl.java:459)
	at org.apache.ratis.thirdparty.io.grpc.internal.ClientCallImpl.access$300(ClientCallImpl.java:63)
	at org.apache.ratis.thirdparty.io.grpc.internal.ClientCallImpl$ClientStreamListenerImpl.close(ClientCallImpl.java:546)
	at org.apache.ratis.thirdparty.io.grpc.internal.ClientCallImpl$ClientStreamListenerImpl.access$600(ClientCallImpl.java:467)
	at org.apache.ratis.thirdparty.io.grpc.internal.ClientCallImpl$ClientStreamListenerImpl$1StreamClosed.runInContext(ClientCallImpl.java:584)
	at org.apache.ratis.thirdparty.io.grpc.internal.ContextRunnable.run(ContextRunnable.java:37)
	at org.apache.ratis.thirdparty.io.grpc.internal.SerializingExecutor.run(SerializingExecutor.java:123)
	at java.util.concurrent.ThreadPoolExecutor.runWorker(ThreadPoolExecutor.java:1149)
	at java.util.concurrent.ThreadPoolExecutor$Worker.run(ThreadPoolExecutor.java:624)
	at java.lang.Thread.run(Thread.java:748)
Caused by: java.io.IOException: org.apache.ratis.thirdparty.io.grpc.StatusRuntimeException: UNAVAILABLE: io exception
	at org.apache.ratis.grpc.GrpcUtil.unwrapException(GrpcUtil.java:76)
	at org.apache.ratis.grpc.GrpcUtil.unwrapIOException(GrpcUtil.java:128)
	at org.apache.ratis.grpc.client.GrpcClientProtocolClient$AsyncStreamObservers$1.onError(GrpcClientProtocolClient.java:274)
	... 19 more
Caused by: org.apache.ratis.thirdparty.io.grpc.StatusRuntimeException: UNAVAILABLE: io exception
	at org.apache.ratis.thirdparty.io.grpc.Status.asRuntimeException(Status.java:526)
	... 19 more
Caused by: org.apache.ratis.thirdparty.io.netty.channel.AbstractChannel$AnnotatedConnectException: Connection refused: /192.168.5.141:40468
	at sun.nio.ch.SocketChannelImpl.checkConnect(Native Method)
	at sun.nio.ch.SocketChannelImpl.finishConnect(SocketChannelImpl.java:717)
	at org.apache.ratis.thirdparty.io.netty.channel.socket.nio.NioSocketChannel.doFinishConnect(NioSocketChannel.java:327)
	at org.apache.ratis.thirdparty.io.netty.channel.nio.AbstractNioChannel$AbstractNioUnsafe.finishConnect(AbstractNioChannel.java:340)
	at org.apache.ratis.thirdparty.io.netty.channel.nio.NioEventLoop.processSelectedKey(NioEventLoop.java:632)
	at org.apache.ratis.thirdparty.io.netty.channel.nio.NioEventLoop.processSelectedKeysOptimized(NioEventLoop.java:579)
	at org.apache.ratis.thirdparty.io.netty.channel.nio.NioEventLoop.processSelectedKeys(NioEventLoop.java:496)
	at org.apache.ratis.thirdparty.io.netty.channel.nio.NioEventLoop.run(NioEventLoop.java:458)
	at org.apache.ratis.thirdparty.io.netty.util.concurrent.SingleThreadEventExecutor$5.run(SingleThreadEventExecutor.java:897)
	at org.apache.ratis.thirdparty.io.netty.util.concurrent.FastThreadLocalRunnable.run(FastThreadLocalRunnable.java:30)
	... 1 more
Caused by: java.net.ConnectException: Connection refused
	... 11 more
</error>
    <system-out><![CDATA[2019-07-16 14:37:38,772 WARN  server.ServerUtils (ServerUtils.java:getScmDbDir(145)) - ozone.scm.db.dirs is not configured. We recommend adding this setting. Falling back to ozone.metadata.dirs instead.
2019-07-16 14:37:38,798 WARN  server.ServerUtils (ServerUtils.java:getScmDbDir(145)) - ozone.scm.db.dirs is not configured. We recommend adding this setting. Falling back to ozone.metadata.dirs instead.
2019-07-16 14:37:38,798 WARN  server.ServerUtils (ServerUtils.java:getScmDbDir(145)) - ozone.scm.db.dirs is not configured. We recommend adding this setting. Falling back to ozone.metadata.dirs instead.
2019-07-16 14:37:38,798 INFO  db.DBStoreBuilder (DBStoreBuilder.java:addTable(110)) - using custom profile for table: deletedBlocks
2019-07-16 14:37:38,798 INFO  db.DBStoreBuilder (DBStoreBuilder.java:processTables(161)) - Using default column profile:DBProfile.DISK for Table:deletedBlocks
2019-07-16 14:37:38,799 INFO  db.DBStoreBuilder (DBStoreBuilder.java:addTable(110)) - using custom profile for table: validCerts
2019-07-16 14:37:38,799 INFO  db.DBStoreBuilder (DBStoreBuilder.java:processTables(161)) - Using default column profile:DBProfile.DISK for Table:validCerts
2019-07-16 14:37:38,799 INFO  db.DBStoreBuilder (DBStoreBuilder.java:addTable(110)) - using custom profile for table: revokedCerts
2019-07-16 14:37:38,799 INFO  db.DBStoreBuilder (DBStoreBuilder.java:processTables(161)) - Using default column profile:DBProfile.DISK for Table:revokedCerts
2019-07-16 14:37:38,799 INFO  db.DBStoreBuilder (DBStoreBuilder.java:addTable(110)) - using custom profile for table: default
2019-07-16 14:37:38,800 INFO  db.DBStoreBuilder (DBStoreBuilder.java:processTables(167)) - Using default column profile:DBProfile.DISK for Table:default
2019-07-16 14:37:38,800 INFO  db.DBStoreBuilder (DBStoreBuilder.java:getDbProfile(198)) - Using default options. DBProfile.DISK
2019-07-16 14:37:38,963 INFO  net.NodeSchemaLoader (NodeSchemaLoader.java:loadSchemaFromFile(125)) - Loading file from sun.misc.CompoundEnumeration@14997cb9
2019-07-16 14:37:38,963 INFO  net.NodeSchemaLoader (NodeSchemaLoader.java:loadSchema(171)) - Loading network topology layer schema file
2019-07-16 14:37:38,968 WARN  server.ServerUtils (ServerUtils.java:sanitizeUserArgs(70)) - ozone.scm.stale.node.interval value = 300000 is larger than max = 100000 based on the key value of ozone.scm.heartbeat.thread.interval, reset to the max value 100000.
2019-07-16 14:37:38,968 WARN  server.ServerUtils (ServerUtils.java:sanitizeUserArgs(70)) - ozone.scm.stale.node.interval value = 300000 is larger than max = 100000 based on the key value of ozone.scm.heartbeat.thread.interval, reset to the max value 100000.
2019-07-16 14:37:38,968 INFO  node.SCMNodeManager (SCMNodeManager.java:<init>(119)) - Entering startup safe mode.
2019-07-16 14:37:38,969 WARN  server.ServerUtils (ServerUtils.java:getScmDbDir(145)) - ozone.scm.db.dirs is not configured. We recommend adding this setting. Falling back to ozone.metadata.dirs instead.
2019-07-16 14:37:38,994 INFO  pipeline.SCMPipelineManager (SCMPipelineManager.java:initializePipelineState(126)) - No pipeline exists in current db
2019-07-16 14:37:38,995 WARN  server.ServerUtils (ServerUtils.java:getScmDbDir(145)) - ozone.scm.db.dirs is not configured. We recommend adding this setting. Falling back to ozone.metadata.dirs instead.
2019-07-16 14:37:39,009 WARN  server.GrpcLogAppender (LogUtils.java:warn(134)) - 2d24ff93-5e56-4080-b028-9b16d6e96cde->05db247d-740e-4a28-8f98-6376453fe824: Failed appendEntries: org.apache.ratis.thirdparty.io.grpc.StatusRuntimeException: UNAVAILABLE: io exception
2019-07-16 14:37:39,010 INFO  impl.FollowerInfo (FollowerInfo.java:lambda$new$0(50)) - 2d24ff93-5e56-4080-b028-9b16d6e96cde->05db247d-740e-4a28-8f98-6376453fe824: nextIndex: updateUnconditionally 0 -> 0
2019-07-16 14:37:39,020 WARN  events.EventQueue (EventQueue.java:fireEvent(175)) - No event handler registered for event TypedEvent{payloadType=SafeModeStatus, name='SafeModeStatus'}
2019-07-16 14:37:39,021 INFO  ipc.CallQueueManager (CallQueueManager.java:<init>(84)) - Using callQueue: class java.util.concurrent.LinkedBlockingQueue, queueCapacity: 2000, scheduler: class org.apache.hadoop.ipc.DefaultRpcScheduler, ipcBackoff: false.
2019-07-16 14:37:39,022 INFO  ipc.Server (Server.java:run(1074)) - Starting Socket Reader #1 for port 33930
2019-07-16 14:37:39,022 WARN  server.GrpcLogAppender (LogUtils.java:warn(134)) - 2d24ff93-5e56-4080-b028-9b16d6e96cde->42b13e68-5a55-4074-bc1a-ac1414cc1e9f: Failed appendEntries: org.apache.ratis.thirdparty.io.grpc.StatusRuntimeException: UNAVAILABLE: io exception
2019-07-16 14:37:39,026 INFO  impl.FollowerInfo (FollowerInfo.java:lambda$new$0(50)) - 2d24ff93-5e56-4080-b028-9b16d6e96cde->42b13e68-5a55-4074-bc1a-ac1414cc1e9f: nextIndex: updateUnconditionally 0 -> 0
2019-07-16 14:37:39,028 INFO  ipc.CallQueueManager (CallQueueManager.java:<init>(84)) - Using callQueue: class java.util.concurrent.LinkedBlockingQueue, queueCapacity: 2000, scheduler: class org.apache.hadoop.ipc.DefaultRpcScheduler, ipcBackoff: false.
2019-07-16 14:37:39,029 INFO  ipc.Server (Server.java:run(1074)) - Starting Socket Reader #1 for port 38485
2019-07-16 14:37:39,033 INFO  ipc.CallQueueManager (CallQueueManager.java:<init>(84)) - Using callQueue: class java.util.concurrent.LinkedBlockingQueue, queueCapacity: 2000, scheduler: class org.apache.hadoop.ipc.DefaultRpcScheduler, ipcBackoff: false.
2019-07-16 14:37:39,034 INFO  ipc.Server (Server.java:run(1074)) - Starting Socket Reader #1 for port 45890
2019-07-16 14:37:39,039 INFO  hdfs.DFSUtil (DFSUtil.java:httpServerTemplateForNNAndJN(1641)) - Starting Web-server for scm at: http://0.0.0.0:0
2019-07-16 14:37:39,041 INFO  server.AuthenticationFilter (AuthenticationFilter.java:constructSecretProvider(240)) - Unable to initialize FileSignerSecretProvider, falling back to use random secrets.
2019-07-16 14:37:39,042 WARN  http.HttpRequestLog (HttpRequestLog.java:getRequestLog(97)) - Jetty request log can only be enabled using Log4j
2019-07-16 14:37:39,044 INFO  http.HttpServer2 (HttpServer2.java:addGlobalFilter(975)) - Added global filter 'safety' (class=org.apache.hadoop.http.HttpServer2$QuotingInputFilter)
2019-07-16 14:37:39,045 INFO  http.HttpServer2 (HttpServer2.java:addFilter(948)) - Added filter static_user_filter (class=org.apache.hadoop.http.lib.StaticUserWebFilter$StaticUserFilter) to context scm
2019-07-16 14:37:39,045 INFO  http.HttpServer2 (HttpServer2.java:addFilter(958)) - Added filter static_user_filter (class=org.apache.hadoop.http.lib.StaticUserWebFilter$StaticUserFilter) to context logs
2019-07-16 14:37:39,045 INFO  http.HttpServer2 (HttpServer2.java:addFilter(958)) - Added filter static_user_filter (class=org.apache.hadoop.http.lib.StaticUserWebFilter$StaticUserFilter) to context static
2019-07-16 14:37:39,050 INFO  server.StorageContainerManager (StorageContainerManager.java:start(753)) - StorageContainerLocationProtocol RPC server is listening at /0.0.0.0:45890
2019-07-16 14:37:39,051 INFO  impl.MetricsSystemImpl (MetricsSystemImpl.java:init(158)) - StorageContainerManager metrics system started (again)
2019-07-16 14:37:39,051 INFO  server.SCMClientProtocolServer (SCMClientProtocolServer.java:start(149)) - RPC server for Client  is listening at /0.0.0.0:45890
2019-07-16 14:37:39,051 INFO  ipc.Server (Server.java:run(1314)) - IPC Server Responder: starting
2019-07-16 14:37:39,052 INFO  ipc.Server (Server.java:run(1153)) - IPC Server listener on 45890: starting
2019-07-16 14:37:39,063 INFO  server.StorageContainerManager (StorageContainerManager.java:start(762)) - ScmBlockLocationProtocol RPC server is listening at /0.0.0.0:38485
2019-07-16 14:37:39,063 INFO  server.SCMBlockProtocolServer (SCMBlockProtocolServer.java:start(137)) - RPC server for Block Protocol is listening at /0.0.0.0:38485
2019-07-16 14:37:39,063 INFO  ipc.Server (Server.java:run(1314)) - IPC Server Responder: starting
2019-07-16 14:37:39,063 INFO  ipc.Server (Server.java:run(1153)) - IPC Server listener on 38485: starting
2019-07-16 14:37:39,074 INFO  server.StorageContainerManager (StorageContainerManager.java:start(766)) - ScmDatanodeProtocl RPC server is listening at /0.0.0.0:33930
2019-07-16 14:37:39,074 INFO  server.SCMDatanodeProtocolServer (SCMDatanodeProtocolServer.java:start(191)) - RPC server for DataNodes is listening at /0.0.0.0:33930
2019-07-16 14:37:39,075 INFO  ipc.Server (Server.java:run(1153)) - IPC Server listener on 33930: starting
2019-07-16 14:37:39,075 INFO  ipc.Server (Server.java:run(1314)) - IPC Server Responder: starting
2019-07-16 14:37:39,083 INFO  http.HttpServer2 (HttpServer2.java:bindListener(1191)) - Jetty bound to port 37063
2019-07-16 14:37:39,083 INFO  server.Server (Server.java:doStart(351)) - jetty-9.3.24.v20180605, build timestamp: 2018-06-05T17:11:56Z, git hash: 84205aa28f11a4f31f2a3b86d1bba2cc8ab69827
2019-07-16 14:37:39,085 INFO  handler.ContextHandler (ContextHandler.java:doStart(781)) - Started o.e.j.s.ServletContextHandler@dc6a186{/logs,file:///workdir/hadoop-ozone/integration-test/target/log,AVAILABLE}
2019-07-16 14:37:39,086 INFO  handler.ContextHandler (ContextHandler.java:doStart(781)) - Started o.e.j.s.ServletContextHandler@2f0a29f7{/static,file:///workdir/hadoop-ozone/integration-test/target/test-classes/webapps/static,AVAILABLE}
2019-07-16 14:37:39,091 INFO  handler.ContextHandler (ContextHandler.java:doStart(781)) - Started o.e.j.w.WebAppContext@14cd8dfa{/,file:///workdir/hadoop-ozone/integration-test/target/test-classes/webapps/scm/,AVAILABLE}{/scm}
2019-07-16 14:37:39,091 INFO  server.AbstractConnector (AbstractConnector.java:doStart(278)) - Started ServerConnector@5a438c0a{HTTP/1.1,[http/1.1]}{0.0.0.0:37063}
2019-07-16 14:37:39,091 INFO  server.Server (Server.java:doStart(419)) - Started @115054ms
2019-07-16 14:37:39,095 INFO  server.BaseHttpServer (BaseHttpServer.java:updateConnectorAddress(207)) - HTTP server of SCM is listening at http://0.0.0.0:37063
2019-07-16 14:37:39,096 WARN  server.ServerUtils (ServerUtils.java:getDBPath(222)) - ozone.om.db.dirs is not configured. We recommend adding this setting. Falling back to ozone.metadata.dirs instead.
2019-07-16 14:37:39,099 INFO  util.JvmPauseMonitor (JvmPauseMonitor.java:run(188)) - Starting JVM pause monitor
2019-07-16 14:37:39,104 WARN  server.ServerUtils (ServerUtils.java:getDBPath(222)) - ozone.om.db.dirs is not configured. We recommend adding this setting. Falling back to ozone.metadata.dirs instead.
2019-07-16 14:37:39,104 INFO  om.OzoneManager (OzoneManager.java:setOMNodeDetails(630)) - OM Service ID is not set. Setting it to the default ID: omServiceIdDefault
2019-07-16 14:37:39,104 INFO  om.OzoneManager (OzoneManager.java:setOMNodeDetails(636)) - OM Node ID is not set. Setting it to the OmStorage's OmID: 6dcf567f-01dc-4a93-9f28-1ea72a31b900
2019-07-16 14:37:39,105 INFO  om.OzoneManager (OzoneManager.java:loadOMHAConfigs(587)) - Found matching OM address with OMServiceId: null, OMNodeId: null, RPC Address: localhost:0 and Ratis port: 9872
2019-07-16 14:37:39,167 WARN  server.ServerUtils (ServerUtils.java:getDBPath(222)) - ozone.om.db.dirs is not configured. We recommend adding this setting. Falling back to ozone.metadata.dirs instead.
2019-07-16 14:37:39,167 INFO  db.DBStoreBuilder (DBStoreBuilder.java:addTable(110)) - using custom profile for table: userTable
2019-07-16 14:37:39,168 INFO  db.DBStoreBuilder (DBStoreBuilder.java:processTables(161)) - Using default column profile:DBProfile.DISK for Table:userTable
2019-07-16 14:37:39,168 INFO  db.DBStoreBuilder (DBStoreBuilder.java:addTable(110)) - using custom profile for table: volumeTable
2019-07-16 14:37:39,168 INFO  db.DBStoreBuilder (DBStoreBuilder.java:processTables(161)) - Using default column profile:DBProfile.DISK for Table:volumeTable
2019-07-16 14:37:39,168 INFO  db.DBStoreBuilder (DBStoreBuilder.java:addTable(110)) - using custom profile for table: bucketTable
2019-07-16 14:37:39,169 INFO  db.DBStoreBuilder (DBStoreBuilder.java:processTables(161)) - Using default column profile:DBProfile.DISK for Table:bucketTable
2019-07-16 14:37:39,169 INFO  db.DBStoreBuilder (DBStoreBuilder.java:addTable(110)) - using custom profile for table: keyTable
2019-07-16 14:37:39,169 INFO  db.DBStoreBuilder (DBStoreBuilder.java:processTables(161)) - Using default column profile:DBProfile.DISK for Table:keyTable
2019-07-16 14:37:39,169 INFO  db.DBStoreBuilder (DBStoreBuilder.java:addTable(110)) - using custom profile for table: deletedTable
2019-07-16 14:37:39,170 INFO  db.DBStoreBuilder (DBStoreBuilder.java:processTables(161)) - Using default column profile:DBProfile.DISK for Table:deletedTable
2019-07-16 14:37:39,170 INFO  db.DBStoreBuilder (DBStoreBuilder.java:addTable(110)) - using custom profile for table: openKeyTable
2019-07-16 14:37:39,170 INFO  db.DBStoreBuilder (DBStoreBuilder.java:processTables(161)) - Using default column profile:DBProfile.DISK for Table:openKeyTable
2019-07-16 14:37:39,170 INFO  db.DBStoreBuilder (DBStoreBuilder.java:addTable(110)) - using custom profile for table: s3Table
2019-07-16 14:37:39,171 INFO  db.DBStoreBuilder (DBStoreBuilder.java:processTables(161)) - Using default column profile:DBProfile.DISK for Table:s3Table
2019-07-16 14:37:39,171 INFO  db.DBStoreBuilder (DBStoreBuilder.java:addTable(110)) - using custom profile for table: multipartInfoTable
2019-07-16 14:37:39,171 INFO  db.DBStoreBuilder (DBStoreBuilder.java:processTables(161)) - Using default column profile:DBProfile.DISK for Table:multipartInfoTable
2019-07-16 14:37:39,171 INFO  db.DBStoreBuilder (DBStoreBuilder.java:addTable(110)) - using custom profile for table: dTokenTable
2019-07-16 14:37:39,172 INFO  db.DBStoreBuilder (DBStoreBuilder.java:processTables(161)) - Using default column profile:DBProfile.DISK for Table:dTokenTable
2019-07-16 14:37:39,172 INFO  db.DBStoreBuilder (DBStoreBuilder.java:addTable(110)) - using custom profile for table: s3SecretTable
2019-07-16 14:37:39,172 INFO  db.DBStoreBuilder (DBStoreBuilder.java:processTables(161)) - Using default column profile:DBProfile.DISK for Table:s3SecretTable
2019-07-16 14:37:39,172 INFO  db.DBStoreBuilder (DBStoreBuilder.java:addTable(110)) - using custom profile for table: prefixTable
2019-07-16 14:37:39,173 INFO  db.DBStoreBuilder (DBStoreBuilder.java:processTables(161)) - Using default column profile:DBProfile.DISK for Table:prefixTable
2019-07-16 14:37:39,173 INFO  db.DBStoreBuilder (DBStoreBuilder.java:addTable(110)) - using custom profile for table: default
2019-07-16 14:37:39,173 INFO  db.DBStoreBuilder (DBStoreBuilder.java:processTables(167)) - Using default column profile:DBProfile.DISK for Table:default
2019-07-16 14:37:39,173 INFO  db.DBStoreBuilder (DBStoreBuilder.java:getDbProfile(198)) - Using default options. DBProfile.DISK
2019-07-16 14:37:39,426 INFO  ipc.CallQueueManager (CallQueueManager.java:<init>(84)) - Using callQueue: class java.util.concurrent.LinkedBlockingQueue, queueCapacity: 2000, scheduler: class org.apache.hadoop.ipc.DefaultRpcScheduler, ipcBackoff: false.
2019-07-16 14:37:39,427 INFO  ipc.Server (Server.java:run(1074)) - Starting Socket Reader #1 for port 35453
2019-07-16 14:37:39,494 WARN  server.ServerUtils (ServerUtils.java:getDBPath(222)) - ozone.om.db.dirs is not configured. We recommend adding this setting. Falling back to ozone.metadata.dirs instead.
2019-07-16 14:37:39,494 INFO  om.OzoneManager (OzoneManager.java:start(1228)) - OzoneManager RPC server is listening at localhost/127.0.0.1:35453
2019-07-16 14:37:39,494 INFO  impl.MetricsSystemImpl (MetricsSystemImpl.java:init(158)) - OzoneManager metrics system started (again)
2019-07-16 14:37:39,495 INFO  ipc.Server (Server.java:run(1314)) - IPC Server Responder: starting
2019-07-16 14:37:39,495 INFO  ipc.Server (Server.java:run(1153)) - IPC Server listener on 35453: starting
2019-07-16 14:37:39,532 INFO  hdfs.DFSUtil (DFSUtil.java:httpServerTemplateForNNAndJN(1641)) - Starting Web-server for ozoneManager at: http://0.0.0.0:0
2019-07-16 14:37:39,547 INFO  server.AuthenticationFilter (AuthenticationFilter.java:constructSecretProvider(240)) - Unable to initialize FileSignerSecretProvider, falling back to use random secrets.
2019-07-16 14:37:39,548 WARN  http.HttpRequestLog (HttpRequestLog.java:getRequestLog(97)) - Jetty request log can only be enabled using Log4j
2019-07-16 14:37:39,550 INFO  http.HttpServer2 (HttpServer2.java:addGlobalFilter(975)) - Added global filter 'safety' (class=org.apache.hadoop.http.HttpServer2$QuotingInputFilter)
2019-07-16 14:37:39,550 INFO  http.HttpServer2 (HttpServer2.java:addFilter(948)) - Added filter static_user_filter (class=org.apache.hadoop.http.lib.StaticUserWebFilter$StaticUserFilter) to context ozoneManager
2019-07-16 14:37:39,550 INFO  http.HttpServer2 (HttpServer2.java:addFilter(958)) - Added filter static_user_filter (class=org.apache.hadoop.http.lib.StaticUserWebFilter$StaticUserFilter) to context logs
2019-07-16 14:37:39,550 INFO  http.HttpServer2 (HttpServer2.java:addFilter(958)) - Added filter static_user_filter (class=org.apache.hadoop.http.lib.StaticUserWebFilter$StaticUserFilter) to context static
2019-07-16 14:37:39,551 INFO  http.HttpServer2 (HttpServer2.java:bindListener(1191)) - Jetty bound to port 41583
2019-07-16 14:37:39,551 INFO  server.Server (Server.java:doStart(351)) - jetty-9.3.24.v20180605, build timestamp: 2018-06-05T17:11:56Z, git hash: 84205aa28f11a4f31f2a3b86d1bba2cc8ab69827
2019-07-16 14:37:39,553 INFO  handler.ContextHandler (ContextHandler.java:doStart(781)) - Started o.e.j.s.ServletContextHandler@489a722d{/logs,file:///workdir/hadoop-ozone/integration-test/target/log,AVAILABLE}
2019-07-16 14:37:39,554 INFO  handler.ContextHandler (ContextHandler.java:doStart(781)) - Started o.e.j.s.ServletContextHandler@8788194{/static,file:///workdir/hadoop-ozone/integration-test/target/test-classes/webapps/static,AVAILABLE}
2019-07-16 14:37:39,558 INFO  handler.ContextHandler (ContextHandler.java:doStart(781)) - Started o.e.j.w.WebAppContext@7e729046{/,file:///workdir/hadoop-ozone/integration-test/target/test-classes/webapps/ozoneManager/,AVAILABLE}{/ozoneManager}
2019-07-16 14:37:39,559 INFO  server.AbstractConnector (AbstractConnector.java:doStart(278)) - Started ServerConnector@565bf1bb{HTTP/1.1,[http/1.1]}{0.0.0.0:41583}
2019-07-16 14:37:39,573 INFO  server.Server (Server.java:doStart(419)) - Started @115535ms
2019-07-16 14:37:39,574 INFO  server.BaseHttpServer (BaseHttpServer.java:updateConnectorAddress(207)) - HTTP server of OZONEMANAGER is listening at http://0.0.0.0:41583
2019-07-16 14:37:39,589 INFO  impl.MetricsSystemImpl (MetricsSystemImpl.java:init(158)) - HddsDatanode metrics system started (again)
2019-07-16 14:37:39,589 INFO  ozone.HddsDatanodeService (HddsDatanodeService.java:start(185)) - HddsDatanodeService host:byscane-nightly-ppzk5-1864156943 ip:192.168.5.141
2019-07-16 14:37:39,606 INFO  volume.HddsVolume (HddsVolume.java:<init>(176)) - Creating Volume: /workdir/hadoop-ozone/integration-test/target/test-dir/MiniOzoneClusterImpl-97ee1339-a049-4222-a247-019b32824aec/datanode-0/data/containers/hdds of  storage type : DISK and capacity : 52710309888
2019-07-16 14:37:39,607 INFO  volume.VolumeSet (VolumeSet.java:initializeVolumeSet(170)) - Added Volume : /workdir/hadoop-ozone/integration-test/target/test-dir/MiniOzoneClusterImpl-97ee1339-a049-4222-a247-019b32824aec/datanode-0/data/containers/hdds to VolumeSet
2019-07-16 14:37:39,607 INFO  volume.ThrottledAsyncChecker (ThrottledAsyncChecker.java:schedule(140)) - Scheduling a check for org.apache.hadoop.ozone.container.common.volume.HddsVolume@71739267
2019-07-16 14:37:39,608 INFO  volume.HddsVolumeChecker (HddsVolumeChecker.java:checkAllVolumes(203)) - Scheduled health check for volume org.apache.hadoop.ozone.container.common.volume.HddsVolume@71739267
2019-07-16 14:37:39,625 INFO  impl.RaftServerProxy (ConfUtils.java:logGet(43)) - raft.rpc.type = GRPC (default)
2019-07-16 14:37:39,626 INFO  grpc.GrpcFactory (GrpcFactory.java:checkPooledByteBufAllocatorUseCacheForAllThreads(45)) - PERFORMANCE WARNING: useCacheForAllThreads is true that may cause Netty to create a lot garbage objects and, as a result, trigger GC.
	It is recommended to disable useCacheForAllThreads by setting -Dorg.apache.ratis.thirdparty.io.netty.allocator.useCacheForAllThreads=false in command line.
2019-07-16 14:37:39,626 INFO  grpc.GrpcConfigKeys$Server (ConfUtils.java:logGet(43)) - raft.grpc.server.port = 0 (default)
2019-07-16 14:37:39,626 INFO  server.GrpcService (ConfUtils.java:logGet(43)) - raft.grpc.message.size.max = 33570816 (custom)
2019-07-16 14:37:39,626 INFO  server.RaftServerConfigKeys (ConfUtils.java:logGet(43)) - raft.server.log.appender.buffer.byte-limit = 33554432 (custom)
2019-07-16 14:37:39,626 INFO  server.GrpcService (ConfUtils.java:logGet(43)) - raft.grpc.flow.control.window = 1MB (=1048576) (default)
2019-07-16 14:37:39,627 INFO  server.RaftServerConfigKeys (ConfUtils.java:logGet(43)) - raft.server.rpc.request.timeout = 3000ms (default)
2019-07-16 14:37:39,627 INFO  server.RaftServerConfigKeys (ConfUtils.java:logGet(43)) - raft.server.storage.dir = [/workdir/hadoop-ozone/integration-test/target/test-dir/MiniOzoneClusterImpl-97ee1339-a049-4222-a247-019b32824aec/datanode-0/data/ratis] (custom)
2019-07-16 14:37:39,628 INFO  replication.SimpleContainerDownloader (SimpleContainerDownloader.java:<init>(72)) - Starting container downloader service to copy containers to replicate.
2019-07-16 14:37:39,629 INFO  hdfs.DFSUtil (DFSUtil.java:httpServerTemplateForNNAndJN(1641)) - Starting Web-server for hddsDatanode at: http://0.0.0.0:0
2019-07-16 14:37:39,630 INFO  server.AuthenticationFilter (AuthenticationFilter.java:constructSecretProvider(240)) - Unable to initialize FileSignerSecretProvider, falling back to use random secrets.
2019-07-16 14:37:39,630 WARN  http.HttpRequestLog (HttpRequestLog.java:getRequestLog(97)) - Jetty request log can only be enabled using Log4j
2019-07-16 14:37:39,632 INFO  http.HttpServer2 (HttpServer2.java:addGlobalFilter(975)) - Added global filter 'safety' (class=org.apache.hadoop.http.HttpServer2$QuotingInputFilter)
2019-07-16 14:37:39,632 INFO  http.HttpServer2 (HttpServer2.java:addFilter(948)) - Added filter static_user_filter (class=org.apache.hadoop.http.lib.StaticUserWebFilter$StaticUserFilter) to context hddsDatanode
2019-07-16 14:37:39,632 INFO  http.HttpServer2 (HttpServer2.java:addFilter(958)) - Added filter static_user_filter (class=org.apache.hadoop.http.lib.StaticUserWebFilter$StaticUserFilter) to context logs
2019-07-16 14:37:39,633 INFO  http.HttpServer2 (HttpServer2.java:addFilter(958)) - Added filter static_user_filter (class=org.apache.hadoop.http.lib.StaticUserWebFilter$StaticUserFilter) to context static
2019-07-16 14:37:39,633 INFO  http.HttpServer2 (HttpServer2.java:bindListener(1191)) - Jetty bound to port 38259
2019-07-16 14:37:39,633 INFO  server.Server (Server.java:doStart(351)) - jetty-9.3.24.v20180605, build timestamp: 2018-06-05T17:11:56Z, git hash: 84205aa28f11a4f31f2a3b86d1bba2cc8ab69827
2019-07-16 14:37:39,635 INFO  handler.ContextHandler (ContextHandler.java:doStart(781)) - Started o.e.j.s.ServletContextHandler@537fb7bf{/logs,file:///workdir/hadoop-ozone/integration-test/target/log,AVAILABLE}
2019-07-16 14:37:39,636 INFO  handler.ContextHandler (ContextHandler.java:doStart(781)) - Started o.e.j.s.ServletContextHandler@40d0bff1{/static,jar:file:/home/user/.m2/repository/org/apache/hadoop/hadoop-hdds-container-service/0.4.1-SNAPSHOT/hadoop-hdds-container-service-0.4.1-SNAPSHOT.jar!/webapps/static,AVAILABLE}
2019-07-16 14:37:39,673 INFO  handler.ContextHandler (ContextHandler.java:doStart(781)) - Started o.e.j.w.WebAppContext@23e0b938{/,file:///tmp/jetty-0.0.0.0-38259-hddsDatanode-_-any-8394295464300105662.dir/webapp/,AVAILABLE}{/hddsDatanode}
2019-07-16 14:37:39,673 INFO  server.AbstractConnector (AbstractConnector.java:doStart(278)) - Started ServerConnector@7053b64b{HTTP/1.1,[http/1.1]}{0.0.0.0:38259}
2019-07-16 14:37:39,679 INFO  server.Server (Server.java:doStart(419)) - Started @115641ms
2019-07-16 14:37:39,679 INFO  server.BaseHttpServer (BaseHttpServer.java:updateConnectorAddress(207)) - HTTP server of HDDSDATANODE is listening at http://0.0.0.0:38259
2019-07-16 14:37:39,786 INFO  ozone.HddsDatanodeService (HddsDatanodeService.java:startPlugins(396)) - Started plug-in org.apache.hadoop.ozone.web.OzoneHddsDatanodeService@3c48bbf3
2019-07-16 14:37:39,787 INFO  impl.MetricsSystemImpl (MetricsSystemImpl.java:init(158)) - HddsDatanode metrics system started (again)
2019-07-16 14:37:39,787 INFO  ozone.HddsDatanodeService (HddsDatanodeService.java:start(185)) - HddsDatanodeService host:byscane-nightly-ppzk5-1864156943 ip:192.168.5.141
2019-07-16 14:37:39,788 INFO  util.JvmPauseMonitor (JvmPauseMonitor.java:run(188)) - Starting JVM pause monitor
2019-07-16 14:37:39,790 INFO  datanode.InitDatanodeState (InitDatanodeState.java:persistContainerDatanodeDetails(140)) - DatanodeDetails is persisted to /workdir/hadoop-ozone/integration-test/target/test-dir/MiniOzoneClusterImpl-97ee1339-a049-4222-a247-019b32824aec/datanode-0/meta/datanode.id
2019-07-16 14:37:39,804 INFO  volume.HddsVolume (HddsVolume.java:<init>(176)) - Creating Volume: /workdir/hadoop-ozone/integration-test/target/test-dir/MiniOzoneClusterImpl-97ee1339-a049-4222-a247-019b32824aec/datanode-1/data/containers/hdds of  storage type : DISK and capacity : 52710309888
2019-07-16 14:37:39,805 INFO  volume.VolumeSet (VolumeSet.java:initializeVolumeSet(170)) - Added Volume : /workdir/hadoop-ozone/integration-test/target/test-dir/MiniOzoneClusterImpl-97ee1339-a049-4222-a247-019b32824aec/datanode-1/data/containers/hdds to VolumeSet
2019-07-16 14:37:39,805 INFO  volume.ThrottledAsyncChecker (ThrottledAsyncChecker.java:schedule(140)) - Scheduling a check for org.apache.hadoop.ozone.container.common.volume.HddsVolume@69815126
2019-07-16 14:37:39,805 INFO  volume.HddsVolumeChecker (HddsVolumeChecker.java:checkAllVolumes(203)) - Scheduled health check for volume org.apache.hadoop.ozone.container.common.volume.HddsVolume@69815126
2019-07-16 14:37:39,819 INFO  impl.RaftServerProxy (ConfUtils.java:logGet(43)) - raft.rpc.type = GRPC (default)
2019-07-16 14:37:39,820 INFO  grpc.GrpcFactory (GrpcFactory.java:checkPooledByteBufAllocatorUseCacheForAllThreads(45)) - PERFORMANCE WARNING: useCacheForAllThreads is true that may cause Netty to create a lot garbage objects and, as a result, trigger GC.
	It is recommended to disable useCacheForAllThreads by setting -Dorg.apache.ratis.thirdparty.io.netty.allocator.useCacheForAllThreads=false in command line.
2019-07-16 14:37:39,820 INFO  grpc.GrpcConfigKeys$Server (ConfUtils.java:logGet(43)) - raft.grpc.server.port = 0 (default)
2019-07-16 14:37:39,820 INFO  server.GrpcService (ConfUtils.java:logGet(43)) - raft.grpc.message.size.max = 33570816 (custom)
2019-07-16 14:37:39,820 INFO  server.RaftServerConfigKeys (ConfUtils.java:logGet(43)) - raft.server.log.appender.buffer.byte-limit = 33554432 (custom)
2019-07-16 14:37:39,820 INFO  server.GrpcService (ConfUtils.java:logGet(43)) - raft.grpc.flow.control.window = 1MB (=1048576) (default)
2019-07-16 14:37:39,821 INFO  server.RaftServerConfigKeys (ConfUtils.java:logGet(43)) - raft.server.rpc.request.timeout = 3000ms (default)
2019-07-16 14:37:39,821 INFO  server.RaftServerConfigKeys (ConfUtils.java:logGet(43)) - raft.server.storage.dir = [/workdir/hadoop-ozone/integration-test/target/test-dir/MiniOzoneClusterImpl-97ee1339-a049-4222-a247-019b32824aec/datanode-1/data/ratis] (custom)
2019-07-16 14:37:39,821 INFO  replication.SimpleContainerDownloader (SimpleContainerDownloader.java:<init>(72)) - Starting container downloader service to copy containers to replicate.
2019-07-16 14:37:39,822 INFO  hdfs.DFSUtil (DFSUtil.java:httpServerTemplateForNNAndJN(1641)) - Starting Web-server for hddsDatanode at: http://0.0.0.0:0
2019-07-16 14:37:39,823 INFO  server.AuthenticationFilter (AuthenticationFilter.java:constructSecretProvider(240)) - Unable to initialize FileSignerSecretProvider, falling back to use random secrets.
2019-07-16 14:37:39,824 WARN  http.HttpRequestLog (HttpRequestLog.java:getRequestLog(97)) - Jetty request log can only be enabled using Log4j
2019-07-16 14:37:39,825 INFO  http.HttpServer2 (HttpServer2.java:addGlobalFilter(975)) - Added global filter 'safety' (class=org.apache.hadoop.http.HttpServer2$QuotingInputFilter)
2019-07-16 14:37:39,825 INFO  http.HttpServer2 (HttpServer2.java:addFilter(948)) - Added filter static_user_filter (class=org.apache.hadoop.http.lib.StaticUserWebFilter$StaticUserFilter) to context hddsDatanode
2019-07-16 14:37:39,825 INFO  http.HttpServer2 (HttpServer2.java:addFilter(958)) - Added filter static_user_filter (class=org.apache.hadoop.http.lib.StaticUserWebFilter$StaticUserFilter) to context static
2019-07-16 14:37:39,825 INFO  http.HttpServer2 (HttpServer2.java:addFilter(958)) - Added filter static_user_filter (class=org.apache.hadoop.http.lib.StaticUserWebFilter$StaticUserFilter) to context logs
2019-07-16 14:37:39,826 INFO  http.HttpServer2 (HttpServer2.java:bindListener(1191)) - Jetty bound to port 46096
2019-07-16 14:37:39,826 INFO  server.Server (Server.java:doStart(351)) - jetty-9.3.24.v20180605, build timestamp: 2018-06-05T17:11:56Z, git hash: 84205aa28f11a4f31f2a3b86d1bba2cc8ab69827
2019-07-16 14:37:39,827 INFO  handler.ContextHandler (ContextHandler.java:doStart(781)) - Started o.e.j.s.ServletContextHandler@13198b8e{/logs,file:///workdir/hadoop-ozone/integration-test/target/log,AVAILABLE}
2019-07-16 14:37:39,828 INFO  handler.ContextHandler (ContextHandler.java:doStart(781)) - Started o.e.j.s.ServletContextHandler@e8ef60b{/static,jar:file:/home/user/.m2/repository/org/apache/hadoop/hadoop-hdds-container-service/0.4.1-SNAPSHOT/hadoop-hdds-container-service-0.4.1-SNAPSHOT.jar!/webapps/static,AVAILABLE}
2019-07-16 14:37:39,854 INFO  handler.ContextHandler (ContextHandler.java:doStart(781)) - Started o.e.j.w.WebAppContext@6ed2aa8a{/,file:///tmp/jetty-0.0.0.0-46096-hddsDatanode-_-any-7566769411523346430.dir/webapp/,AVAILABLE}{/hddsDatanode}
2019-07-16 14:37:39,854 INFO  server.AbstractConnector (AbstractConnector.java:doStart(278)) - Started ServerConnector@53ec379a{HTTP/1.1,[http/1.1]}{0.0.0.0:46096}
2019-07-16 14:37:39,854 INFO  server.Server (Server.java:doStart(419)) - Started @115817ms
2019-07-16 14:37:39,860 INFO  server.BaseHttpServer (BaseHttpServer.java:updateConnectorAddress(207)) - HTTP server of HDDSDATANODE is listening at http://0.0.0.0:46096
2019-07-16 14:37:39,960 INFO  ozone.HddsDatanodeService (HddsDatanodeService.java:startPlugins(396)) - Started plug-in org.apache.hadoop.ozone.web.OzoneHddsDatanodeService@7720334e
2019-07-16 14:37:39,960 INFO  impl.MetricsSystemImpl (MetricsSystemImpl.java:init(158)) - HddsDatanode metrics system started (again)
2019-07-16 14:37:39,960 INFO  ozone.HddsDatanodeService (HddsDatanodeService.java:start(185)) - HddsDatanodeService host:byscane-nightly-ppzk5-1864156943 ip:192.168.5.141
2019-07-16 14:37:39,961 INFO  util.JvmPauseMonitor (JvmPauseMonitor.java:run(188)) - Starting JVM pause monitor
2019-07-16 14:37:39,963 INFO  datanode.InitDatanodeState (InitDatanodeState.java:persistContainerDatanodeDetails(140)) - DatanodeDetails is persisted to /workdir/hadoop-ozone/integration-test/target/test-dir/MiniOzoneClusterImpl-97ee1339-a049-4222-a247-019b32824aec/datanode-1/meta/datanode.id
2019-07-16 14:37:39,976 INFO  volume.HddsVolume (HddsVolume.java:<init>(176)) - Creating Volume: /workdir/hadoop-ozone/integration-test/target/test-dir/MiniOzoneClusterImpl-97ee1339-a049-4222-a247-019b32824aec/datanode-2/data/containers/hdds of  storage type : DISK and capacity : 52710309888
2019-07-16 14:37:39,976 INFO  volume.VolumeSet (VolumeSet.java:initializeVolumeSet(170)) - Added Volume : /workdir/hadoop-ozone/integration-test/target/test-dir/MiniOzoneClusterImpl-97ee1339-a049-4222-a247-019b32824aec/datanode-2/data/containers/hdds to VolumeSet
2019-07-16 14:37:39,976 INFO  volume.ThrottledAsyncChecker (ThrottledAsyncChecker.java:schedule(140)) - Scheduling a check for org.apache.hadoop.ozone.container.common.volume.HddsVolume@761d679f
2019-07-16 14:37:39,977 INFO  volume.HddsVolumeChecker (HddsVolumeChecker.java:checkAllVolumes(203)) - Scheduled health check for volume org.apache.hadoop.ozone.container.common.volume.HddsVolume@761d679f
2019-07-16 14:37:39,989 INFO  impl.RaftServerProxy (ConfUtils.java:logGet(43)) - raft.rpc.type = GRPC (default)
2019-07-16 14:37:39,990 INFO  grpc.GrpcFactory (GrpcFactory.java:checkPooledByteBufAllocatorUseCacheForAllThreads(45)) - PERFORMANCE WARNING: useCacheForAllThreads is true that may cause Netty to create a lot garbage objects and, as a result, trigger GC.
	It is recommended to disable useCacheForAllThreads by setting -Dorg.apache.ratis.thirdparty.io.netty.allocator.useCacheForAllThreads=false in command line.
2019-07-16 14:37:39,990 INFO  grpc.GrpcConfigKeys$Server (ConfUtils.java:logGet(43)) - raft.grpc.server.port = 0 (default)
2019-07-16 14:37:39,990 INFO  server.GrpcService (ConfUtils.java:logGet(43)) - raft.grpc.message.size.max = 33570816 (custom)
2019-07-16 14:37:39,990 INFO  server.RaftServerConfigKeys (ConfUtils.java:logGet(43)) - raft.server.log.appender.buffer.byte-limit = 33554432 (custom)
2019-07-16 14:37:39,990 INFO  server.GrpcService (ConfUtils.java:logGet(43)) - raft.grpc.flow.control.window = 1MB (=1048576) (default)
2019-07-16 14:37:39,990 INFO  server.RaftServerConfigKeys (ConfUtils.java:logGet(43)) - raft.server.rpc.request.timeout = 3000ms (default)
2019-07-16 14:37:39,991 INFO  server.RaftServerConfigKeys (ConfUtils.java:logGet(43)) - raft.server.storage.dir = [/workdir/hadoop-ozone/integration-test/target/test-dir/MiniOzoneClusterImpl-97ee1339-a049-4222-a247-019b32824aec/datanode-2/data/ratis] (custom)
2019-07-16 14:37:39,991 INFO  replication.SimpleContainerDownloader (SimpleContainerDownloader.java:<init>(72)) - Starting container downloader service to copy containers to replicate.
2019-07-16 14:37:39,992 INFO  hdfs.DFSUtil (DFSUtil.java:httpServerTemplateForNNAndJN(1641)) - Starting Web-server for hddsDatanode at: http://0.0.0.0:0
2019-07-16 14:37:39,993 INFO  server.AuthenticationFilter (AuthenticationFilter.java:constructSecretProvider(240)) - Unable to initialize FileSignerSecretProvider, falling back to use random secrets.
2019-07-16 14:37:39,994 WARN  http.HttpRequestLog (HttpRequestLog.java:getRequestLog(97)) - Jetty request log can only be enabled using Log4j
2019-07-16 14:37:39,995 INFO  http.HttpServer2 (HttpServer2.java:addGlobalFilter(975)) - Added global filter 'safety' (class=org.apache.hadoop.http.HttpServer2$QuotingInputFilter)
2019-07-16 14:37:39,995 INFO  http.HttpServer2 (HttpServer2.java:addFilter(948)) - Added filter static_user_filter (class=org.apache.hadoop.http.lib.StaticUserWebFilter$StaticUserFilter) to context hddsDatanode
2019-07-16 14:37:39,995 INFO  http.HttpServer2 (HttpServer2.java:addFilter(958)) - Added filter static_user_filter (class=org.apache.hadoop.http.lib.StaticUserWebFilter$StaticUserFilter) to context static
2019-07-16 14:37:39,995 INFO  http.HttpServer2 (HttpServer2.java:addFilter(958)) - Added filter static_user_filter (class=org.apache.hadoop.http.lib.StaticUserWebFilter$StaticUserFilter) to context logs
2019-07-16 14:37:39,996 INFO  http.HttpServer2 (HttpServer2.java:bindListener(1191)) - Jetty bound to port 40529
2019-07-16 14:37:39,996 INFO  server.Server (Server.java:doStart(351)) - jetty-9.3.24.v20180605, build timestamp: 2018-06-05T17:11:56Z, git hash: 84205aa28f11a4f31f2a3b86d1bba2cc8ab69827
2019-07-16 14:37:39,997 INFO  handler.ContextHandler (ContextHandler.java:doStart(781)) - Started o.e.j.s.ServletContextHandler@23b260ed{/logs,file:///workdir/hadoop-ozone/integration-test/target/log,AVAILABLE}
2019-07-16 14:37:39,998 INFO  handler.ContextHandler (ContextHandler.java:doStart(781)) - Started o.e.j.s.ServletContextHandler@fd07138{/static,jar:file:/home/user/.m2/repository/org/apache/hadoop/hadoop-hdds-container-service/0.4.1-SNAPSHOT/hadoop-hdds-container-service-0.4.1-SNAPSHOT.jar!/webapps/static,AVAILABLE}
2019-07-16 14:37:40,023 INFO  handler.ContextHandler (ContextHandler.java:doStart(781)) - Started o.e.j.w.WebAppContext@100235c7{/,file:///tmp/jetty-0.0.0.0-40529-hddsDatanode-_-any-25814750504387802.dir/webapp/,AVAILABLE}{/hddsDatanode}
2019-07-16 14:37:40,024 INFO  server.AbstractConnector (AbstractConnector.java:doStart(278)) - Started ServerConnector@3ca43e5d{HTTP/1.1,[http/1.1]}{0.0.0.0:40529}
2019-07-16 14:37:40,027 INFO  server.Server (Server.java:doStart(419)) - Started @115989ms
2019-07-16 14:37:40,027 INFO  server.BaseHttpServer (BaseHttpServer.java:updateConnectorAddress(207)) - HTTP server of HDDSDATANODE is listening at http://0.0.0.0:40529
2019-07-16 14:37:40,134 INFO  ozone.HddsDatanodeService (HddsDatanodeService.java:startPlugins(396)) - Started plug-in org.apache.hadoop.ozone.web.OzoneHddsDatanodeService@1626612d
2019-07-16 14:37:40,134 INFO  impl.MetricsSystemImpl (MetricsSystemImpl.java:init(158)) - HddsDatanode metrics system started (again)
2019-07-16 14:37:40,135 INFO  ozone.HddsDatanodeService (HddsDatanodeService.java:start(185)) - HddsDatanodeService host:byscane-nightly-ppzk5-1864156943 ip:192.168.5.141
2019-07-16 14:37:40,136 INFO  util.JvmPauseMonitor (JvmPauseMonitor.java:run(188)) - Starting JVM pause monitor
2019-07-16 14:37:40,137 INFO  datanode.InitDatanodeState (InitDatanodeState.java:persistContainerDatanodeDetails(140)) - DatanodeDetails is persisted to /workdir/hadoop-ozone/integration-test/target/test-dir/MiniOzoneClusterImpl-97ee1339-a049-4222-a247-019b32824aec/datanode-2/meta/datanode.id
2019-07-16 14:37:40,154 INFO  volume.HddsVolume (HddsVolume.java:<init>(176)) - Creating Volume: /workdir/hadoop-ozone/integration-test/target/test-dir/MiniOzoneClusterImpl-97ee1339-a049-4222-a247-019b32824aec/datanode-3/data/containers/hdds of  storage type : DISK and capacity : 52710309888
2019-07-16 14:37:40,154 INFO  volume.VolumeSet (VolumeSet.java:initializeVolumeSet(170)) - Added Volume : /workdir/hadoop-ozone/integration-test/target/test-dir/MiniOzoneClusterImpl-97ee1339-a049-4222-a247-019b32824aec/datanode-3/data/containers/hdds to VolumeSet
2019-07-16 14:37:40,154 INFO  volume.ThrottledAsyncChecker (ThrottledAsyncChecker.java:schedule(140)) - Scheduling a check for org.apache.hadoop.ozone.container.common.volume.HddsVolume@72c8de78
2019-07-16 14:37:40,155 INFO  volume.HddsVolumeChecker (HddsVolumeChecker.java:checkAllVolumes(203)) - Scheduled health check for volume org.apache.hadoop.ozone.container.common.volume.HddsVolume@72c8de78
2019-07-16 14:37:40,185 INFO  impl.RaftServerProxy (ConfUtils.java:logGet(43)) - raft.rpc.type = GRPC (default)
2019-07-16 14:37:40,185 INFO  grpc.GrpcFactory (GrpcFactory.java:checkPooledByteBufAllocatorUseCacheForAllThreads(45)) - PERFORMANCE WARNING: useCacheForAllThreads is true that may cause Netty to create a lot garbage objects and, as a result, trigger GC.
	It is recommended to disable useCacheForAllThreads by setting -Dorg.apache.ratis.thirdparty.io.netty.allocator.useCacheForAllThreads=false in command line.
2019-07-16 14:37:40,186 INFO  grpc.GrpcConfigKeys$Server (ConfUtils.java:logGet(43)) - raft.grpc.server.port = 0 (default)
2019-07-16 14:37:40,186 INFO  server.GrpcService (ConfUtils.java:logGet(43)) - raft.grpc.message.size.max = 33570816 (custom)
2019-07-16 14:37:40,186 INFO  server.RaftServerConfigKeys (ConfUtils.java:logGet(43)) - raft.server.log.appender.buffer.byte-limit = 33554432 (custom)
2019-07-16 14:37:40,187 INFO  server.GrpcService (ConfUtils.java:logGet(43)) - raft.grpc.flow.control.window = 1MB (=1048576) (default)
2019-07-16 14:37:40,187 INFO  server.RaftServerConfigKeys (ConfUtils.java:logGet(43)) - raft.server.rpc.request.timeout = 3000ms (default)
2019-07-16 14:37:40,187 INFO  server.RaftServerConfigKeys (ConfUtils.java:logGet(43)) - raft.server.storage.dir = [/workdir/hadoop-ozone/integration-test/target/test-dir/MiniOzoneClusterImpl-97ee1339-a049-4222-a247-019b32824aec/datanode-3/data/ratis] (custom)
2019-07-16 14:37:40,188 INFO  replication.SimpleContainerDownloader (SimpleContainerDownloader.java:<init>(72)) - Starting container downloader service to copy containers to replicate.
2019-07-16 14:37:40,189 INFO  hdfs.DFSUtil (DFSUtil.java:httpServerTemplateForNNAndJN(1641)) - Starting Web-server for hddsDatanode at: http://0.0.0.0:0
2019-07-16 14:37:40,190 INFO  server.AuthenticationFilter (AuthenticationFilter.java:constructSecretProvider(240)) - Unable to initialize FileSignerSecretProvider, falling back to use random secrets.
2019-07-16 14:37:40,191 WARN  http.HttpRequestLog (HttpRequestLog.java:getRequestLog(97)) - Jetty request log can only be enabled using Log4j
2019-07-16 14:37:40,192 INFO  http.HttpServer2 (HttpServer2.java:addGlobalFilter(975)) - Added global filter 'safety' (class=org.apache.hadoop.http.HttpServer2$QuotingInputFilter)
2019-07-16 14:37:40,192 INFO  http.HttpServer2 (HttpServer2.java:addFilter(948)) - Added filter static_user_filter (class=org.apache.hadoop.http.lib.StaticUserWebFilter$StaticUserFilter) to context hddsDatanode
2019-07-16 14:37:40,193 INFO  http.HttpServer2 (HttpServer2.java:addFilter(958)) - Added filter static_user_filter (class=org.apache.hadoop.http.lib.StaticUserWebFilter$StaticUserFilter) to context static
2019-07-16 14:37:40,193 INFO  http.HttpServer2 (HttpServer2.java:addFilter(958)) - Added filter static_user_filter (class=org.apache.hadoop.http.lib.StaticUserWebFilter$StaticUserFilter) to context logs
2019-07-16 14:37:40,193 INFO  http.HttpServer2 (HttpServer2.java:bindListener(1191)) - Jetty bound to port 34081
2019-07-16 14:37:40,193 INFO  server.Server (Server.java:doStart(351)) - jetty-9.3.24.v20180605, build timestamp: 2018-06-05T17:11:56Z, git hash: 84205aa28f11a4f31f2a3b86d1bba2cc8ab69827
2019-07-16 14:37:40,195 INFO  handler.ContextHandler (ContextHandler.java:doStart(781)) - Started o.e.j.s.ServletContextHandler@7aabbe81{/logs,file:///workdir/hadoop-ozone/integration-test/target/log,AVAILABLE}
2019-07-16 14:37:40,195 INFO  handler.ContextHandler (ContextHandler.java:doStart(781)) - Started o.e.j.s.ServletContextHandler@3d2bcf0a{/static,jar:file:/home/user/.m2/repository/org/apache/hadoop/hadoop-hdds-container-service/0.4.1-SNAPSHOT/hadoop-hdds-container-service-0.4.1-SNAPSHOT.jar!/webapps/static,AVAILABLE}
2019-07-16 14:37:40,222 INFO  handler.ContextHandler (ContextHandler.java:doStart(781)) - Started o.e.j.w.WebAppContext@598f065f{/,file:///tmp/jetty-0.0.0.0-34081-hddsDatanode-_-any-5529073736618934130.dir/webapp/,AVAILABLE}{/hddsDatanode}
2019-07-16 14:37:40,222 INFO  server.AbstractConnector (AbstractConnector.java:doStart(278)) - Started ServerConnector@21f48f6c{HTTP/1.1,[http/1.1]}{0.0.0.0:34081}
2019-07-16 14:37:40,223 INFO  server.Server (Server.java:doStart(419)) - Started @116185ms
2019-07-16 14:37:40,229 INFO  server.BaseHttpServer (BaseHttpServer.java:updateConnectorAddress(207)) - HTTP server of HDDSDATANODE is listening at http://0.0.0.0:34081
2019-07-16 14:37:40,332 INFO  ozone.HddsDatanodeService (HddsDatanodeService.java:startPlugins(396)) - Started plug-in org.apache.hadoop.ozone.web.OzoneHddsDatanodeService@333afc53
2019-07-16 14:37:40,332 INFO  impl.MetricsSystemImpl (MetricsSystemImpl.java:init(158)) - HddsDatanode metrics system started (again)
2019-07-16 14:37:40,332 INFO  ozone.HddsDatanodeService (HddsDatanodeService.java:start(185)) - HddsDatanodeService host:byscane-nightly-ppzk5-1864156943 ip:192.168.5.141
2019-07-16 14:37:40,333 INFO  util.JvmPauseMonitor (JvmPauseMonitor.java:run(188)) - Starting JVM pause monitor
2019-07-16 14:37:40,335 INFO  datanode.InitDatanodeState (InitDatanodeState.java:persistContainerDatanodeDetails(140)) - DatanodeDetails is persisted to /workdir/hadoop-ozone/integration-test/target/test-dir/MiniOzoneClusterImpl-97ee1339-a049-4222-a247-019b32824aec/datanode-3/meta/datanode.id
2019-07-16 14:37:40,350 INFO  volume.HddsVolume (HddsVolume.java:<init>(176)) - Creating Volume: /workdir/hadoop-ozone/integration-test/target/test-dir/MiniOzoneClusterImpl-97ee1339-a049-4222-a247-019b32824aec/datanode-4/data/containers/hdds of  storage type : DISK and capacity : 52710309888
2019-07-16 14:37:40,350 INFO  volume.VolumeSet (VolumeSet.java:initializeVolumeSet(170)) - Added Volume : /workdir/hadoop-ozone/integration-test/target/test-dir/MiniOzoneClusterImpl-97ee1339-a049-4222-a247-019b32824aec/datanode-4/data/containers/hdds to VolumeSet
2019-07-16 14:37:40,351 INFO  volume.ThrottledAsyncChecker (ThrottledAsyncChecker.java:schedule(140)) - Scheduling a check for org.apache.hadoop.ozone.container.common.volume.HddsVolume@5c452e69
2019-07-16 14:37:40,351 INFO  volume.HddsVolumeChecker (HddsVolumeChecker.java:checkAllVolumes(203)) - Scheduled health check for volume org.apache.hadoop.ozone.container.common.volume.HddsVolume@5c452e69
2019-07-16 14:37:40,366 INFO  impl.RaftServerProxy (ConfUtils.java:logGet(43)) - raft.rpc.type = GRPC (default)
2019-07-16 14:37:40,366 INFO  grpc.GrpcFactory (GrpcFactory.java:checkPooledByteBufAllocatorUseCacheForAllThreads(45)) - PERFORMANCE WARNING: useCacheForAllThreads is true that may cause Netty to create a lot garbage objects and, as a result, trigger GC.
	It is recommended to disable useCacheForAllThreads by setting -Dorg.apache.ratis.thirdparty.io.netty.allocator.useCacheForAllThreads=false in command line.
2019-07-16 14:37:40,366 INFO  grpc.GrpcConfigKeys$Server (ConfUtils.java:logGet(43)) - raft.grpc.server.port = 0 (default)
2019-07-16 14:37:40,366 INFO  server.GrpcService (ConfUtils.java:logGet(43)) - raft.grpc.message.size.max = 33570816 (custom)
2019-07-16 14:37:40,367 INFO  server.RaftServerConfigKeys (ConfUtils.java:logGet(43)) - raft.server.log.appender.buffer.byte-limit = 33554432 (custom)
2019-07-16 14:37:40,367 INFO  server.GrpcService (ConfUtils.java:logGet(43)) - raft.grpc.flow.control.window = 1MB (=1048576) (default)
2019-07-16 14:37:40,367 INFO  server.RaftServerConfigKeys (ConfUtils.java:logGet(43)) - raft.server.rpc.request.timeout = 3000ms (default)
2019-07-16 14:37:40,367 INFO  server.RaftServerConfigKeys (ConfUtils.java:logGet(43)) - raft.server.storage.dir = [/workdir/hadoop-ozone/integration-test/target/test-dir/MiniOzoneClusterImpl-97ee1339-a049-4222-a247-019b32824aec/datanode-4/data/ratis] (custom)
2019-07-16 14:37:40,368 INFO  replication.SimpleContainerDownloader (SimpleContainerDownloader.java:<init>(72)) - Starting container downloader service to copy containers to replicate.
2019-07-16 14:37:40,369 INFO  hdfs.DFSUtil (DFSUtil.java:httpServerTemplateForNNAndJN(1641)) - Starting Web-server for hddsDatanode at: http://0.0.0.0:0
2019-07-16 14:37:40,370 INFO  server.AuthenticationFilter (AuthenticationFilter.java:constructSecretProvider(240)) - Unable to initialize FileSignerSecretProvider, falling back to use random secrets.
2019-07-16 14:37:40,370 WARN  http.HttpRequestLog (HttpRequestLog.java:getRequestLog(97)) - Jetty request log can only be enabled using Log4j
2019-07-16 14:37:40,371 INFO  http.HttpServer2 (HttpServer2.java:addGlobalFilter(975)) - Added global filter 'safety' (class=org.apache.hadoop.http.HttpServer2$QuotingInputFilter)
2019-07-16 14:37:40,371 INFO  http.HttpServer2 (HttpServer2.java:addFilter(948)) - Added filter static_user_filter (class=org.apache.hadoop.http.lib.StaticUserWebFilter$StaticUserFilter) to context hddsDatanode
2019-07-16 14:37:40,372 INFO  http.HttpServer2 (HttpServer2.java:addFilter(958)) - Added filter static_user_filter (class=org.apache.hadoop.http.lib.StaticUserWebFilter$StaticUserFilter) to context logs
2019-07-16 14:37:40,372 INFO  http.HttpServer2 (HttpServer2.java:addFilter(958)) - Added filter static_user_filter (class=org.apache.hadoop.http.lib.StaticUserWebFilter$StaticUserFilter) to context static
2019-07-16 14:37:40,372 INFO  http.HttpServer2 (HttpServer2.java:bindListener(1191)) - Jetty bound to port 41528
2019-07-16 14:37:40,372 INFO  server.Server (Server.java:doStart(351)) - jetty-9.3.24.v20180605, build timestamp: 2018-06-05T17:11:56Z, git hash: 84205aa28f11a4f31f2a3b86d1bba2cc8ab69827
2019-07-16 14:37:40,374 INFO  handler.ContextHandler (ContextHandler.java:doStart(781)) - Started o.e.j.s.ServletContextHandler@32a7c583{/logs,file:///workdir/hadoop-ozone/integration-test/target/log,AVAILABLE}
2019-07-16 14:37:40,375 INFO  handler.ContextHandler (ContextHandler.java:doStart(781)) - Started o.e.j.s.ServletContextHandler@679f3e12{/static,jar:file:/home/user/.m2/repository/org/apache/hadoop/hadoop-hdds-container-service/0.4.1-SNAPSHOT/hadoop-hdds-container-service-0.4.1-SNAPSHOT.jar!/webapps/static,AVAILABLE}
2019-07-16 14:37:40,401 INFO  handler.ContextHandler (ContextHandler.java:doStart(781)) - Started o.e.j.w.WebAppContext@497f8a4b{/,file:///tmp/jetty-0.0.0.0-41528-hddsDatanode-_-any-8887015693196146622.dir/webapp/,AVAILABLE}{/hddsDatanode}
2019-07-16 14:37:40,401 INFO  server.AbstractConnector (AbstractConnector.java:doStart(278)) - Started ServerConnector@6d952747{HTTP/1.1,[http/1.1]}{0.0.0.0:41528}
2019-07-16 14:37:40,406 INFO  server.Server (Server.java:doStart(419)) - Started @116364ms
2019-07-16 14:37:40,407 INFO  server.BaseHttpServer (BaseHttpServer.java:updateConnectorAddress(207)) - HTTP server of HDDSDATANODE is listening at http://0.0.0.0:41528
2019-07-16 14:37:40,510 INFO  ozone.HddsDatanodeService (HddsDatanodeService.java:startPlugins(396)) - Started plug-in org.apache.hadoop.ozone.web.OzoneHddsDatanodeService@3f679ce
2019-07-16 14:37:40,511 INFO  impl.MetricsSystemImpl (MetricsSystemImpl.java:init(158)) - HddsDatanode metrics system started (again)
2019-07-16 14:37:40,511 INFO  ozone.HddsDatanodeService (HddsDatanodeService.java:start(185)) - HddsDatanodeService host:byscane-nightly-ppzk5-1864156943 ip:192.168.5.141
2019-07-16 14:37:40,512 INFO  util.JvmPauseMonitor (JvmPauseMonitor.java:run(188)) - Starting JVM pause monitor
2019-07-16 14:37:40,513 INFO  datanode.InitDatanodeState (InitDatanodeState.java:persistContainerDatanodeDetails(140)) - DatanodeDetails is persisted to /workdir/hadoop-ozone/integration-test/target/test-dir/MiniOzoneClusterImpl-97ee1339-a049-4222-a247-019b32824aec/datanode-4/meta/datanode.id
2019-07-16 14:37:40,562 INFO  volume.HddsVolume (HddsVolume.java:<init>(176)) - Creating Volume: /workdir/hadoop-ozone/integration-test/target/test-dir/MiniOzoneClusterImpl-97ee1339-a049-4222-a247-019b32824aec/datanode-5/data/containers/hdds of  storage type : DISK and capacity : 52710309888
2019-07-16 14:37:40,563 INFO  volume.VolumeSet (VolumeSet.java:initializeVolumeSet(170)) - Added Volume : /workdir/hadoop-ozone/integration-test/target/test-dir/MiniOzoneClusterImpl-97ee1339-a049-4222-a247-019b32824aec/datanode-5/data/containers/hdds to VolumeSet
2019-07-16 14:37:40,563 INFO  volume.ThrottledAsyncChecker (ThrottledAsyncChecker.java:schedule(140)) - Scheduling a check for org.apache.hadoop.ozone.container.common.volume.HddsVolume@2f6fcc70
2019-07-16 14:37:40,563 INFO  volume.HddsVolumeChecker (HddsVolumeChecker.java:checkAllVolumes(203)) - Scheduled health check for volume org.apache.hadoop.ozone.container.common.volume.HddsVolume@2f6fcc70
2019-07-16 14:37:40,580 INFO  impl.RaftServerProxy (ConfUtils.java:logGet(43)) - raft.rpc.type = GRPC (default)
2019-07-16 14:37:40,581 INFO  grpc.GrpcFactory (GrpcFactory.java:checkPooledByteBufAllocatorUseCacheForAllThreads(45)) - PERFORMANCE WARNING: useCacheForAllThreads is true that may cause Netty to create a lot garbage objects and, as a result, trigger GC.
	It is recommended to disable useCacheForAllThreads by setting -Dorg.apache.ratis.thirdparty.io.netty.allocator.useCacheForAllThreads=false in command line.
2019-07-16 14:37:40,581 INFO  grpc.GrpcConfigKeys$Server (ConfUtils.java:logGet(43)) - raft.grpc.server.port = 0 (default)
2019-07-16 14:37:40,581 INFO  server.GrpcService (ConfUtils.java:logGet(43)) - raft.grpc.message.size.max = 33570816 (custom)
2019-07-16 14:37:40,581 INFO  server.RaftServerConfigKeys (ConfUtils.java:logGet(43)) - raft.server.log.appender.buffer.byte-limit = 33554432 (custom)
2019-07-16 14:37:40,581 INFO  server.GrpcService (ConfUtils.java:logGet(43)) - raft.grpc.flow.control.window = 1MB (=1048576) (default)
2019-07-16 14:37:40,581 INFO  server.RaftServerConfigKeys (ConfUtils.java:logGet(43)) - raft.server.rpc.request.timeout = 3000ms (default)
2019-07-16 14:37:40,582 INFO  server.RaftServerConfigKeys (ConfUtils.java:logGet(43)) - raft.server.storage.dir = [/workdir/hadoop-ozone/integration-test/target/test-dir/MiniOzoneClusterImpl-97ee1339-a049-4222-a247-019b32824aec/datanode-5/data/ratis] (custom)
2019-07-16 14:37:40,582 INFO  replication.SimpleContainerDownloader (SimpleContainerDownloader.java:<init>(72)) - Starting container downloader service to copy containers to replicate.
2019-07-16 14:37:40,583 INFO  hdfs.DFSUtil (DFSUtil.java:httpServerTemplateForNNAndJN(1641)) - Starting Web-server for hddsDatanode at: http://0.0.0.0:0
2019-07-16 14:37:40,584 INFO  server.AuthenticationFilter (AuthenticationFilter.java:constructSecretProvider(240)) - Unable to initialize FileSignerSecretProvider, falling back to use random secrets.
2019-07-16 14:37:40,585 WARN  http.HttpRequestLog (HttpRequestLog.java:getRequestLog(97)) - Jetty request log can only be enabled using Log4j
2019-07-16 14:37:40,586 INFO  http.HttpServer2 (HttpServer2.java:addGlobalFilter(975)) - Added global filter 'safety' (class=org.apache.hadoop.http.HttpServer2$QuotingInputFilter)
2019-07-16 14:37:40,586 INFO  http.HttpServer2 (HttpServer2.java:addFilter(948)) - Added filter static_user_filter (class=org.apache.hadoop.http.lib.StaticUserWebFilter$StaticUserFilter) to context hddsDatanode
2019-07-16 14:37:40,586 INFO  http.HttpServer2 (HttpServer2.java:addFilter(958)) - Added filter static_user_filter (class=org.apache.hadoop.http.lib.StaticUserWebFilter$StaticUserFilter) to context logs
2019-07-16 14:37:40,587 INFO  http.HttpServer2 (HttpServer2.java:addFilter(958)) - Added filter static_user_filter (class=org.apache.hadoop.http.lib.StaticUserWebFilter$StaticUserFilter) to context static
2019-07-16 14:37:40,587 INFO  http.HttpServer2 (HttpServer2.java:bindListener(1191)) - Jetty bound to port 44811
2019-07-16 14:37:40,587 INFO  server.Server (Server.java:doStart(351)) - jetty-9.3.24.v20180605, build timestamp: 2018-06-05T17:11:56Z, git hash: 84205aa28f11a4f31f2a3b86d1bba2cc8ab69827
2019-07-16 14:37:40,589 INFO  handler.ContextHandler (ContextHandler.java:doStart(781)) - Started o.e.j.s.ServletContextHandler@45dce9f7{/logs,file:///workdir/hadoop-ozone/integration-test/target/log,AVAILABLE}
2019-07-16 14:37:40,589 INFO  handler.ContextHandler (ContextHandler.java:doStart(781)) - Started o.e.j.s.ServletContextHandler@4a52178{/static,jar:file:/home/user/.m2/repository/org/apache/hadoop/hadoop-hdds-container-service/0.4.1-SNAPSHOT/hadoop-hdds-container-service-0.4.1-SNAPSHOT.jar!/webapps/static,AVAILABLE}
2019-07-16 14:37:40,616 INFO  handler.ContextHandler (ContextHandler.java:doStart(781)) - Started o.e.j.w.WebAppContext@2d2c794d{/,file:///tmp/jetty-0.0.0.0-44811-hddsDatanode-_-any-4523390394265823802.dir/webapp/,AVAILABLE}{/hddsDatanode}
2019-07-16 14:37:40,616 INFO  server.AbstractConnector (AbstractConnector.java:doStart(278)) - Started ServerConnector@53f67af6{HTTP/1.1,[http/1.1]}{0.0.0.0:44811}
2019-07-16 14:37:40,616 INFO  server.Server (Server.java:doStart(419)) - Started @116578ms
2019-07-16 14:37:40,622 INFO  server.BaseHttpServer (BaseHttpServer.java:updateConnectorAddress(207)) - HTTP server of HDDSDATANODE is listening at http://0.0.0.0:44811
2019-07-16 14:37:40,757 INFO  ozone.HddsDatanodeService (HddsDatanodeService.java:startPlugins(396)) - Started plug-in org.apache.hadoop.ozone.web.OzoneHddsDatanodeService@656dc20f
2019-07-16 14:37:40,758 INFO  impl.MetricsSystemImpl (MetricsSystemImpl.java:init(158)) - HddsDatanode metrics system started (again)
2019-07-16 14:37:40,758 INFO  ozone.HddsDatanodeService (HddsDatanodeService.java:start(185)) - HddsDatanodeService host:byscane-nightly-ppzk5-1864156943 ip:192.168.5.141
2019-07-16 14:37:40,759 INFO  util.JvmPauseMonitor (JvmPauseMonitor.java:run(188)) - Starting JVM pause monitor
2019-07-16 14:37:40,761 INFO  datanode.InitDatanodeState (InitDatanodeState.java:persistContainerDatanodeDetails(140)) - DatanodeDetails is persisted to /workdir/hadoop-ozone/integration-test/target/test-dir/MiniOzoneClusterImpl-97ee1339-a049-4222-a247-019b32824aec/datanode-5/meta/datanode.id
2019-07-16 14:37:40,775 INFO  volume.HddsVolume (HddsVolume.java:<init>(176)) - Creating Volume: /workdir/hadoop-ozone/integration-test/target/test-dir/MiniOzoneClusterImpl-97ee1339-a049-4222-a247-019b32824aec/datanode-6/data/containers/hdds of  storage type : DISK and capacity : 52710309888
2019-07-16 14:37:40,776 INFO  volume.VolumeSet (VolumeSet.java:initializeVolumeSet(170)) - Added Volume : /workdir/hadoop-ozone/integration-test/target/test-dir/MiniOzoneClusterImpl-97ee1339-a049-4222-a247-019b32824aec/datanode-6/data/containers/hdds to VolumeSet
2019-07-16 14:37:40,776 INFO  volume.ThrottledAsyncChecker (ThrottledAsyncChecker.java:schedule(140)) - Scheduling a check for org.apache.hadoop.ozone.container.common.volume.HddsVolume@24c6a471
2019-07-16 14:37:40,776 INFO  volume.HddsVolumeChecker (HddsVolumeChecker.java:checkAllVolumes(203)) - Scheduled health check for volume org.apache.hadoop.ozone.container.common.volume.HddsVolume@24c6a471
2019-07-16 14:37:40,790 INFO  impl.RaftServerProxy (ConfUtils.java:logGet(43)) - raft.rpc.type = GRPC (default)
2019-07-16 14:37:40,790 INFO  grpc.GrpcFactory (GrpcFactory.java:checkPooledByteBufAllocatorUseCacheForAllThreads(45)) - PERFORMANCE WARNING: useCacheForAllThreads is true that may cause Netty to create a lot garbage objects and, as a result, trigger GC.
	It is recommended to disable useCacheForAllThreads by setting -Dorg.apache.ratis.thirdparty.io.netty.allocator.useCacheForAllThreads=false in command line.
2019-07-16 14:37:40,790 INFO  grpc.GrpcConfigKeys$Server (ConfUtils.java:logGet(43)) - raft.grpc.server.port = 0 (default)
2019-07-16 14:37:40,790 INFO  server.GrpcService (ConfUtils.java:logGet(43)) - raft.grpc.message.size.max = 33570816 (custom)
2019-07-16 14:37:40,790 INFO  server.RaftServerConfigKeys (ConfUtils.java:logGet(43)) - raft.server.log.appender.buffer.byte-limit = 33554432 (custom)
2019-07-16 14:37:40,790 INFO  server.GrpcService (ConfUtils.java:logGet(43)) - raft.grpc.flow.control.window = 1MB (=1048576) (default)
2019-07-16 14:37:40,791 INFO  server.RaftServerConfigKeys (ConfUtils.java:logGet(43)) - raft.server.rpc.request.timeout = 3000ms (default)
2019-07-16 14:37:40,791 INFO  server.RaftServerConfigKeys (ConfUtils.java:logGet(43)) - raft.server.storage.dir = [/workdir/hadoop-ozone/integration-test/target/test-dir/MiniOzoneClusterImpl-97ee1339-a049-4222-a247-019b32824aec/datanode-6/data/ratis] (custom)
2019-07-16 14:37:40,791 INFO  replication.SimpleContainerDownloader (SimpleContainerDownloader.java:<init>(72)) - Starting container downloader service to copy containers to replicate.
2019-07-16 14:37:40,792 INFO  hdfs.DFSUtil (DFSUtil.java:httpServerTemplateForNNAndJN(1641)) - Starting Web-server for hddsDatanode at: http://0.0.0.0:0
2019-07-16 14:37:40,793 INFO  server.AuthenticationFilter (AuthenticationFilter.java:constructSecretProvider(240)) - Unable to initialize FileSignerSecretProvider, falling back to use random secrets.
2019-07-16 14:37:40,794 WARN  http.HttpRequestLog (HttpRequestLog.java:getRequestLog(97)) - Jetty request log can only be enabled using Log4j
2019-07-16 14:37:40,795 INFO  http.HttpServer2 (HttpServer2.java:addGlobalFilter(975)) - Added global filter 'safety' (class=org.apache.hadoop.http.HttpServer2$QuotingInputFilter)
2019-07-16 14:37:40,795 INFO  http.HttpServer2 (HttpServer2.java:addFilter(948)) - Added filter static_user_filter (class=org.apache.hadoop.http.lib.StaticUserWebFilter$StaticUserFilter) to context hddsDatanode
2019-07-16 14:37:40,795 INFO  http.HttpServer2 (HttpServer2.java:addFilter(958)) - Added filter static_user_filter (class=org.apache.hadoop.http.lib.StaticUserWebFilter$StaticUserFilter) to context static
2019-07-16 14:37:40,795 INFO  http.HttpServer2 (HttpServer2.java:addFilter(958)) - Added filter static_user_filter (class=org.apache.hadoop.http.lib.StaticUserWebFilter$StaticUserFilter) to context logs
2019-07-16 14:37:40,796 INFO  http.HttpServer2 (HttpServer2.java:bindListener(1191)) - Jetty bound to port 42124
2019-07-16 14:37:40,796 INFO  server.Server (Server.java:doStart(351)) - jetty-9.3.24.v20180605, build timestamp: 2018-06-05T17:11:56Z, git hash: 84205aa28f11a4f31f2a3b86d1bba2cc8ab69827
2019-07-16 14:37:40,798 INFO  handler.ContextHandler (ContextHandler.java:doStart(781)) - Started o.e.j.s.ServletContextHandler@835718b{/logs,file:///workdir/hadoop-ozone/integration-test/target/log,AVAILABLE}
2019-07-16 14:37:40,798 INFO  handler.ContextHandler (ContextHandler.java:doStart(781)) - Started o.e.j.s.ServletContextHandler@6c39ba30{/static,jar:file:/home/user/.m2/repository/org/apache/hadoop/hadoop-hdds-container-service/0.4.1-SNAPSHOT/hadoop-hdds-container-service-0.4.1-SNAPSHOT.jar!/webapps/static,AVAILABLE}
2019-07-16 14:37:40,824 INFO  handler.ContextHandler (ContextHandler.java:doStart(781)) - Started o.e.j.w.WebAppContext@4ad0465c{/,file:///tmp/jetty-0.0.0.0-42124-hddsDatanode-_-any-9143527660154008744.dir/webapp/,AVAILABLE}{/hddsDatanode}
2019-07-16 14:37:40,825 INFO  server.AbstractConnector (AbstractConnector.java:doStart(278)) - Started ServerConnector@561e8bab{HTTP/1.1,[http/1.1]}{0.0.0.0:42124}
2019-07-16 14:37:40,825 INFO  server.Server (Server.java:doStart(419)) - Started @116787ms
2019-07-16 14:37:40,829 INFO  server.BaseHttpServer (BaseHttpServer.java:updateConnectorAddress(207)) - HTTP server of HDDSDATANODE is listening at http://0.0.0.0:42124
2019-07-16 14:37:40,932 INFO  ozone.HddsDatanodeService (HddsDatanodeService.java:startPlugins(396)) - Started plug-in org.apache.hadoop.ozone.web.OzoneHddsDatanodeService@27828021
2019-07-16 14:37:40,932 INFO  ozone.MiniOzoneClusterImpl (MiniOzoneClusterImpl.java:lambda$waitForClusterToBeReady$0(142)) - Waiting for cluster to be ready. Got 0 of 7 DN Heartbeats.
2019-07-16 14:37:40,934 INFO  util.JvmPauseMonitor (JvmPauseMonitor.java:run(188)) - Starting JVM pause monitor
2019-07-16 14:37:40,935 INFO  datanode.InitDatanodeState (InitDatanodeState.java:persistContainerDatanodeDetails(140)) - DatanodeDetails is persisted to /workdir/hadoop-ozone/integration-test/target/test-dir/MiniOzoneClusterImpl-97ee1339-a049-4222-a247-019b32824aec/datanode-6/meta/datanode.id
2019-07-16 14:37:41,510 WARN  server.GrpcLogAppender (LogUtils.java:warn(134)) - 2d24ff93-5e56-4080-b028-9b16d6e96cde->05db247d-740e-4a28-8f98-6376453fe824: Failed appendEntries: org.apache.ratis.thirdparty.io.grpc.StatusRuntimeException: UNAVAILABLE: io exception
2019-07-16 14:37:41,511 INFO  impl.FollowerInfo (FollowerInfo.java:lambda$new$0(50)) - 2d24ff93-5e56-4080-b028-9b16d6e96cde->05db247d-740e-4a28-8f98-6376453fe824: nextIndex: updateUnconditionally 0 -> 0
2019-07-16 14:37:41,523 WARN  server.GrpcLogAppender (LogUtils.java:warn(134)) - 2d24ff93-5e56-4080-b028-9b16d6e96cde->42b13e68-5a55-4074-bc1a-ac1414cc1e9f: Failed appendEntries: org.apache.ratis.thirdparty.io.grpc.StatusRuntimeException: UNAVAILABLE: io exception
2019-07-16 14:37:41,523 INFO  impl.FollowerInfo (FollowerInfo.java:lambda$new$0(50)) - 2d24ff93-5e56-4080-b028-9b16d6e96cde->42b13e68-5a55-4074-bc1a-ac1414cc1e9f: nextIndex: updateUnconditionally 0 -> 0
2019-07-16 14:37:41,819 INFO  ozoneimpl.OzoneContainer (OzoneContainer.java:start(186)) - Attempting to start container services.
2019-07-16 14:37:41,819 INFO  ozoneimpl.OzoneContainer (OzoneContainer.java:startContainerScrub(160)) - Background container scrubber has been disabled by hdds.containerscrub.enabled
2019-07-16 14:37:41,819 INFO  ratis.XceiverServerRatis (XceiverServerRatis.java:start(418)) - Starting XceiverServerRatis 22a0ebc8-eb6c-4a1f-b61d-9d14bf71b2bd at port 0
2019-07-16 14:37:41,826 INFO  impl.RaftServerProxy (RaftServerProxy.java:lambda$start$3(299)) - 22a0ebc8-eb6c-4a1f-b61d-9d14bf71b2bd: start RPC server
2019-07-16 14:37:41,828 INFO  server.GrpcService (GrpcService.java:startImpl(149)) - 22a0ebc8-eb6c-4a1f-b61d-9d14bf71b2bd: GrpcService started, listening on 0.0.0.0/0.0.0.0:44902
2019-07-16 14:37:41,828 INFO  ratis.XceiverServerRatis (XceiverServerRatis.java:start(428)) - XceiverServerRatis 22a0ebc8-eb6c-4a1f-b61d-9d14bf71b2bd is started using port 44902
2019-07-16 14:37:41,828 INFO  server.XceiverServerGrpc (XceiverServerGrpc.java:start(160)) - XceiverServerGrpc 22a0ebc8-eb6c-4a1f-b61d-9d14bf71b2bd is started using port 46478
2019-07-16 14:37:41,932 INFO  ozone.MiniOzoneClusterImpl (MiniOzoneClusterImpl.java:lambda$waitForClusterToBeReady$0(142)) - Waiting for cluster to be ready. Got 0 of 7 DN Heartbeats.
2019-07-16 14:37:41,976 INFO  ozoneimpl.OzoneContainer (OzoneContainer.java:start(186)) - Attempting to start container services.
2019-07-16 14:37:41,976 INFO  ozoneimpl.OzoneContainer (OzoneContainer.java:startContainerScrub(160)) - Background container scrubber has been disabled by hdds.containerscrub.enabled
2019-07-16 14:37:41,976 INFO  ratis.XceiverServerRatis (XceiverServerRatis.java:start(418)) - Starting XceiverServerRatis ccf461c5-3768-483c-b0ca-dbf506c8c2c2 at port 0
2019-07-16 14:37:41,984 INFO  impl.RaftServerProxy (RaftServerProxy.java:lambda$start$3(299)) - ccf461c5-3768-483c-b0ca-dbf506c8c2c2: start RPC server
2019-07-16 14:37:41,984 INFO  server.GrpcService (GrpcService.java:startImpl(149)) - ccf461c5-3768-483c-b0ca-dbf506c8c2c2: GrpcService started, listening on 0.0.0.0/0.0.0.0:40468
2019-07-16 14:37:41,985 INFO  ratis.XceiverServerRatis (XceiverServerRatis.java:start(428)) - XceiverServerRatis ccf461c5-3768-483c-b0ca-dbf506c8c2c2 is started using port 40468
2019-07-16 14:37:41,985 INFO  server.XceiverServerGrpc (XceiverServerGrpc.java:start(160)) - XceiverServerGrpc ccf461c5-3768-483c-b0ca-dbf506c8c2c2 is started using port 33333
2019-07-16 14:37:42,142 INFO  ozoneimpl.OzoneContainer (OzoneContainer.java:start(186)) - Attempting to start container services.
2019-07-16 14:37:42,142 INFO  ozoneimpl.OzoneContainer (OzoneContainer.java:startContainerScrub(160)) - Background container scrubber has been disabled by hdds.containerscrub.enabled
2019-07-16 14:37:42,143 INFO  ratis.XceiverServerRatis (XceiverServerRatis.java:start(418)) - Starting XceiverServerRatis 919e3a0f-4e3a-4af4-a07e-aac4e8e6711b at port 0
2019-07-16 14:37:42,150 INFO  impl.RaftServerProxy (RaftServerProxy.java:lambda$start$3(299)) - 919e3a0f-4e3a-4af4-a07e-aac4e8e6711b: start RPC server
2019-07-16 14:37:42,151 INFO  server.GrpcService (GrpcService.java:startImpl(149)) - 919e3a0f-4e3a-4af4-a07e-aac4e8e6711b: GrpcService started, listening on 0.0.0.0/0.0.0.0:46528
2019-07-16 14:37:42,151 INFO  ratis.XceiverServerRatis (XceiverServerRatis.java:start(428)) - XceiverServerRatis 919e3a0f-4e3a-4af4-a07e-aac4e8e6711b is started using port 46528
2019-07-16 14:37:42,152 INFO  server.XceiverServerGrpc (XceiverServerGrpc.java:start(160)) - XceiverServerGrpc 919e3a0f-4e3a-4af4-a07e-aac4e8e6711b is started using port 40060
2019-07-16 14:37:42,347 INFO  ozoneimpl.OzoneContainer (OzoneContainer.java:start(186)) - Attempting to start container services.
2019-07-16 14:37:42,347 INFO  ozoneimpl.OzoneContainer (OzoneContainer.java:startContainerScrub(160)) - Background container scrubber has been disabled by hdds.containerscrub.enabled
2019-07-16 14:37:42,347 INFO  ratis.XceiverServerRatis (XceiverServerRatis.java:start(418)) - Starting XceiverServerRatis 8c3aca03-f179-446f-a091-9877e02d9fca at port 0
2019-07-16 14:37:42,355 INFO  impl.RaftServerProxy (RaftServerProxy.java:lambda$start$3(299)) - 8c3aca03-f179-446f-a091-9877e02d9fca: start RPC server
2019-07-16 14:37:42,356 INFO  server.GrpcService (GrpcService.java:startImpl(149)) - 8c3aca03-f179-446f-a091-9877e02d9fca: GrpcService started, listening on 0.0.0.0/0.0.0.0:39952
2019-07-16 14:37:42,356 INFO  ratis.XceiverServerRatis (XceiverServerRatis.java:start(428)) - XceiverServerRatis 8c3aca03-f179-446f-a091-9877e02d9fca is started using port 39952
2019-07-16 14:37:42,356 INFO  server.XceiverServerGrpc (XceiverServerGrpc.java:start(160)) - XceiverServerGrpc 8c3aca03-f179-446f-a091-9877e02d9fca is started using port 33707
2019-07-16 14:37:42,527 INFO  ozoneimpl.OzoneContainer (OzoneContainer.java:start(186)) - Attempting to start container services.
2019-07-16 14:37:42,527 INFO  ozoneimpl.OzoneContainer (OzoneContainer.java:startContainerScrub(160)) - Background container scrubber has been disabled by hdds.containerscrub.enabled
2019-07-16 14:37:42,527 INFO  ratis.XceiverServerRatis (XceiverServerRatis.java:start(418)) - Starting XceiverServerRatis 3c74ed14-6800-4994-bb6e-6d8e934939dd at port 0
2019-07-16 14:37:42,535 INFO  impl.RaftServerProxy (RaftServerProxy.java:lambda$start$3(299)) - 3c74ed14-6800-4994-bb6e-6d8e934939dd: start RPC server
2019-07-16 14:37:42,535 INFO  server.GrpcService (GrpcService.java:startImpl(149)) - 3c74ed14-6800-4994-bb6e-6d8e934939dd: GrpcService started, listening on 0.0.0.0/0.0.0.0:32959
2019-07-16 14:37:42,536 INFO  ratis.XceiverServerRatis (XceiverServerRatis.java:start(428)) - XceiverServerRatis 3c74ed14-6800-4994-bb6e-6d8e934939dd is started using port 32959
2019-07-16 14:37:42,536 INFO  server.XceiverServerGrpc (XceiverServerGrpc.java:start(160)) - XceiverServerGrpc 3c74ed14-6800-4994-bb6e-6d8e934939dd is started using port 42770
2019-07-16 14:37:42,765 INFO  ozoneimpl.OzoneContainer (OzoneContainer.java:start(186)) - Attempting to start container services.
2019-07-16 14:37:42,765 INFO  ozoneimpl.OzoneContainer (OzoneContainer.java:startContainerScrub(160)) - Background container scrubber has been disabled by hdds.containerscrub.enabled
2019-07-16 14:37:42,765 INFO  ratis.XceiverServerRatis (XceiverServerRatis.java:start(418)) - Starting XceiverServerRatis 87bc60ff-b013-4719-8ee1-ac04f5988ae3 at port 0
2019-07-16 14:37:42,774 INFO  impl.RaftServerProxy (RaftServerProxy.java:lambda$start$3(299)) - 87bc60ff-b013-4719-8ee1-ac04f5988ae3: start RPC server
2019-07-16 14:37:42,774 INFO  server.GrpcService (GrpcService.java:startImpl(149)) - 87bc60ff-b013-4719-8ee1-ac04f5988ae3: GrpcService started, listening on 0.0.0.0/0.0.0.0:45630
2019-07-16 14:37:42,774 INFO  ratis.XceiverServerRatis (XceiverServerRatis.java:start(428)) - XceiverServerRatis 87bc60ff-b013-4719-8ee1-ac04f5988ae3 is started using port 45630
2019-07-16 14:37:42,775 INFO  server.XceiverServerGrpc (XceiverServerGrpc.java:start(160)) - XceiverServerGrpc 87bc60ff-b013-4719-8ee1-ac04f5988ae3 is started using port 44724
2019-07-16 14:37:42,933 INFO  ozone.MiniOzoneClusterImpl (MiniOzoneClusterImpl.java:lambda$waitForClusterToBeReady$0(142)) - Waiting for cluster to be ready. Got 0 of 7 DN Heartbeats.
2019-07-16 14:37:42,947 INFO  ozoneimpl.OzoneContainer (OzoneContainer.java:start(186)) - Attempting to start container services.
2019-07-16 14:37:42,947 INFO  ozoneimpl.OzoneContainer (OzoneContainer.java:startContainerScrub(160)) - Background container scrubber has been disabled by hdds.containerscrub.enabled
2019-07-16 14:37:42,947 INFO  ratis.XceiverServerRatis (XceiverServerRatis.java:start(418)) - Starting XceiverServerRatis 390a5bb7-567e-47fb-b9c9-5e868ddc7792 at port 0
2019-07-16 14:37:42,955 INFO  impl.RaftServerProxy (RaftServerProxy.java:lambda$start$3(299)) - 390a5bb7-567e-47fb-b9c9-5e868ddc7792: start RPC server
2019-07-16 14:37:42,956 INFO  server.GrpcService (GrpcService.java:startImpl(149)) - 390a5bb7-567e-47fb-b9c9-5e868ddc7792: GrpcService started, listening on 0.0.0.0/0.0.0.0:36717
2019-07-16 14:37:42,956 INFO  ratis.XceiverServerRatis (XceiverServerRatis.java:start(428)) - XceiverServerRatis 390a5bb7-567e-47fb-b9c9-5e868ddc7792 is started using port 36717
2019-07-16 14:37:42,957 INFO  server.XceiverServerGrpc (XceiverServerGrpc.java:start(160)) - XceiverServerGrpc 390a5bb7-567e-47fb-b9c9-5e868ddc7792 is started using port 46811
2019-07-16 14:37:43,801 INFO  net.NetworkTopology (NetworkTopologyImpl.java:add(109)) - Added a new node: /default-rack/192.168.5.141
2019-07-16 14:37:43,807 INFO  node.SCMNodeManager (SCMNodeManager.java:register(268)) - Registered Data node : 22a0ebc8-eb6c-4a1f-b61d-9d14bf71b2bd{ip: 192.168.5.141, host: byscane-nightly-ppzk5-1864156943, networkLocation: /default-rack, certSerialId: null}
2019-07-16 14:37:43,808 INFO  safemode.SCMSafeModeManager (DataNodeSafeModeRule.java:process(71)) - SCM in safe mode. 1 DataNodes registered, 1 required.
2019-07-16 14:37:43,835 INFO  safemode.SCMSafeModeManager (SCMSafeModeManager.java:validateSafeModeExitRules(177)) - ScmSafeModeManager, all rules are successfully validated
2019-07-16 14:37:43,835 INFO  safemode.SCMSafeModeManager (SCMSafeModeManager.java:exitSafeMode(193)) - SCM exiting safe mode.
2019-07-16 14:37:43,849 INFO  impl.RaftServerProxy (RaftServerProxy.java:addNew(89)) - 22a0ebc8-eb6c-4a1f-b61d-9d14bf71b2bd: addNew group-C28C48F7EAF0:[22a0ebc8-eb6c-4a1f-b61d-9d14bf71b2bd:192.168.5.141:44902] returns group-C28C48F7EAF0:java.util.concurrent.CompletableFuture@2f6ebb5e[Not completed]
2019-07-16 14:37:43,849 INFO  impl.RaftServerImpl (RaftServerImpl.java:<init>(93)) - 22a0ebc8-eb6c-4a1f-b61d-9d14bf71b2bd: new RaftServerImpl for group-C28C48F7EAF0:[22a0ebc8-eb6c-4a1f-b61d-9d14bf71b2bd:192.168.5.141:44902] with ContainerStateMachine:uninitialized
2019-07-16 14:37:43,850 INFO  server.RaftServerConfigKeys (ConfUtils.java:logGet(43)) - raft.server.rpc.timeout.min = 5s (custom)
2019-07-16 14:37:43,850 INFO  server.RaftServerConfigKeys (ConfUtils.java:logGet(43)) - raft.server.rpc.timeout.max = 5200ms (custom)
2019-07-16 14:37:43,850 INFO  server.RaftServerConfigKeys (ConfUtils.java:logGet(43)) - raft.server.rpcslowness.timeout = 120s (custom)
2019-07-16 14:37:43,850 INFO  server.RaftServerConfigKeys (ConfUtils.java:logGet(43)) - raft.server.sleep.deviation.threshold = 300 (default)
2019-07-16 14:37:43,850 INFO  server.RaftServerConfigKeys (ConfUtils.java:logGet(43)) - raft.server.log.appender.install.snapshot.enabled = false (custom)
2019-07-16 14:37:43,851 INFO  impl.RaftServerImpl (ServerState.java:<init>(105)) - 22a0ebc8-eb6c-4a1f-b61d-9d14bf71b2bd:group-C28C48F7EAF0 ConfigurationManager, init=-1: [22a0ebc8-eb6c-4a1f-b61d-9d14bf71b2bd:192.168.5.141:44902], old=null, confs=<EMPTY_MAP>
2019-07-16 14:37:43,851 INFO  server.RaftServerConfigKeys (ConfUtils.java:logGet(43)) - raft.server.storage.dir = [/workdir/hadoop-ozone/integration-test/target/test-dir/MiniOzoneClusterImpl-97ee1339-a049-4222-a247-019b32824aec/datanode-0/data/ratis] (custom)
2019-07-16 14:37:43,851 INFO  storage.RaftStorageDirectory (RaftStorageDirectory.java:analyzeStorage(246)) - The storage directory /workdir/hadoop-ozone/integration-test/target/test-dir/MiniOzoneClusterImpl-97ee1339-a049-4222-a247-019b32824aec/datanode-0/data/ratis/1a91e853-94d2-4e0a-8d7e-c28c48f7eaf0 does not exist. Creating ...
2019-07-16 14:37:43,864 INFO  storage.RaftStorageDirectory (RaftStorageDirectory.java:tryLock(328)) - Lock on /workdir/hadoop-ozone/integration-test/target/test-dir/MiniOzoneClusterImpl-97ee1339-a049-4222-a247-019b32824aec/datanode-0/data/ratis/1a91e853-94d2-4e0a-8d7e-c28c48f7eaf0/in_use.lock acquired by nodename 28094@byscane-nightly-ppzk5-1864156943
2019-07-16 14:37:43,868 INFO  storage.RaftStorage (RaftStorage.java:format(72)) - Storage directory /workdir/hadoop-ozone/integration-test/target/test-dir/MiniOzoneClusterImpl-97ee1339-a049-4222-a247-019b32824aec/datanode-0/data/ratis/1a91e853-94d2-4e0a-8d7e-c28c48f7eaf0 has been successfully formatted.
2019-07-16 14:37:43,868 INFO  ratis.ContainerStateMachine (ContainerStateMachine.java:loadSnapshot(199)) - group-C28C48F7EAF0: The snapshot info is null. Setting the last applied indexto:(t:0, i:~)
2019-07-16 14:37:43,869 INFO  server.RaftServerConfigKeys (ConfUtils.java:logGet(43)) - raft.server.leader.election.timeout = 120s (custom)
2019-07-16 14:37:43,869 INFO  server.RaftServerConfigKeys (ConfUtils.java:logGet(43)) - raft.server.log.use.memory = false (default)
2019-07-16 14:37:43,869 INFO  server.RaftServerConfigKeys (ConfUtils.java:logGet(43)) - raft.server.log.purge.gap = 1000000000 (custom)
2019-07-16 14:37:43,869 INFO  server.RaftServerConfigKeys (ConfUtils.java:logGet(43)) - raft.server.log.appender.buffer.byte-limit = 33554432 (custom)
2019-07-16 14:37:43,869 INFO  server.RaftServerConfigKeys (ConfUtils.java:logGet(43)) - raft.server.log.segment.size.max = 1048576 (custom)
2019-07-16 14:37:43,869 INFO  server.RaftServerConfigKeys (ConfUtils.java:logGet(43)) - raft.server.log.segment.cache.num.max = 2 (custom)
2019-07-16 14:37:43,870 INFO  segmented.SegmentedRaftLogWorker (SegmentedRaftLogWorker.java:<init>(172)) - new 22a0ebc8-eb6c-4a1f-b61d-9d14bf71b2bd-SegmentedRaftLogWorker:Storage Directory /workdir/hadoop-ozone/integration-test/target/test-dir/MiniOzoneClusterImpl-97ee1339-a049-4222-a247-019b32824aec/datanode-0/data/ratis/1a91e853-94d2-4e0a-8d7e-c28c48f7eaf0 for RaftStorage:Storage Directory /workdir/hadoop-ozone/integration-test/target/test-dir/MiniOzoneClusterImpl-97ee1339-a049-4222-a247-019b32824aec/datanode-0/data/ratis/1a91e853-94d2-4e0a-8d7e-c28c48f7eaf0
2019-07-16 14:37:43,870 INFO  server.RaftServerConfigKeys (ConfUtils.java:logGet(43)) - raft.server.log.queue.byte-limit = 2147483647 (custom)
2019-07-16 14:37:43,870 INFO  server.RaftServerConfigKeys (ConfUtils.java:logGet(43)) - raft.server.log.queue.element-limit = 1024 (custom)
2019-07-16 14:37:43,870 INFO  server.RaftServerConfigKeys (ConfUtils.java:logGet(43)) - raft.server.log.segment.size.max = 1048576 (custom)
2019-07-16 14:37:43,870 INFO  server.RaftServerConfigKeys (ConfUtils.java:logGet(43)) - raft.server.log.preallocated.size = 16384 (custom)
2019-07-16 14:37:43,871 INFO  server.RaftServerConfigKeys (ConfUtils.java:logGet(43)) - raft.server.log.write.buffer.size = 33554432 (custom)
2019-07-16 14:37:43,871 INFO  server.RaftServerConfigKeys (ConfUtils.java:logGet(43)) - raft.server.log.force.sync.num = 128 (default)
2019-07-16 14:37:43,871 INFO  server.RaftServerConfigKeys (ConfUtils.java:logGet(43)) - raft.server.log.statemachine.data.sync = true (default)
2019-07-16 14:37:43,871 INFO  server.RaftServerConfigKeys (ConfUtils.java:logGet(43)) - raft.server.log.statemachine.data.sync.timeout = 10s (default)
2019-07-16 14:37:43,871 INFO  server.RaftServerConfigKeys (ConfUtils.java:logGet(43)) - raft.server.log.statemachine.data.sync.timeout.retry = -1 (default)
2019-07-16 14:37:43,872 INFO  server.RaftServerConfigKeys (ConfUtils.java:logGet(43)) - raft.server.log.statemachine.data.caching.enabled = true (custom)
2019-07-16 14:37:43,872 INFO  segmented.SegmentedRaftLogWorker (SegmentedRaftLogWorker.java:lambda$new$0(132)) - 22a0ebc8-eb6c-4a1f-b61d-9d14bf71b2bd-SegmentedRaftLogWorker:Storage Directory /workdir/hadoop-ozone/integration-test/target/test-dir/MiniOzoneClusterImpl-97ee1339-a049-4222-a247-019b32824aec/datanode-0/data/ratis/1a91e853-94d2-4e0a-8d7e-c28c48f7eaf0: flushIndex: setUnconditionally 0 -> -1
2019-07-16 14:37:43,872 INFO  server.RaftServerConfigKeys (ConfUtils.java:logGet(43)) - raft.server.snapshot.auto.trigger.enabled = true (custom)
2019-07-16 14:37:43,873 INFO  server.RaftServerConfigKeys (ConfUtils.java:logGet(43)) - raft.server.snapshot.auto.trigger.threshold = 10000 (custom)
2019-07-16 14:37:43,873 INFO  server.RaftServerConfigKeys (ConfUtils.java:logGet(43)) - raft.server.retrycache.expirytime = 600000ms (custom)
2019-07-16 14:37:43,873 INFO  impl.RaftServerImpl (RaftServerImpl.java:start(180)) - 22a0ebc8-eb6c-4a1f-b61d-9d14bf71b2bd: start group-C28C48F7EAF0
2019-07-16 14:37:43,873 INFO  impl.RaftServerImpl (RaftServerImpl.java:setRole(171)) - 22a0ebc8-eb6c-4a1f-b61d-9d14bf71b2bd:group-C28C48F7EAF0 changes role from null to FOLLOWER at term 0 for startAsFollower
2019-07-16 14:37:43,873 INFO  impl.RoleInfo (RoleInfo.java:updateAndGet(143)) - 22a0ebc8-eb6c-4a1f-b61d-9d14bf71b2bd: start FollowerState
2019-07-16 14:37:43,874 INFO  util.JmxRegister (JmxRegister.java:tryRegister(44)) - Successfully registered JMX Bean with object name Ratis:service=RaftServer,group=group-C28C48F7EAF0,id=22a0ebc8-eb6c-4a1f-b61d-9d14bf71b2bd
2019-07-16 14:37:43,876 INFO  pipeline.PipelineStateManager (PipelineStateManager.java:addPipeline(56)) - Created pipeline Pipeline[ Id: 1a91e853-94d2-4e0a-8d7e-c28c48f7eaf0, Nodes: 22a0ebc8-eb6c-4a1f-b61d-9d14bf71b2bd{ip: 192.168.5.141, host: byscane-nightly-ppzk5-1864156943, networkLocation: /default-rack, certSerialId: null}, Type:RATIS, Factor:ONE, State:OPEN]
2019-07-16 14:37:43,933 INFO  ozone.MiniOzoneClusterImpl (MiniOzoneClusterImpl.java:lambda$waitForClusterToBeReady$0(142)) - Waiting for cluster to be ready. Got 1 of 7 DN Heartbeats.
2019-07-16 14:37:43,963 INFO  node.SCMNodeManager (SCMNodeManager.java:register(268)) - Registered Data node : ccf461c5-3768-483c-b0ca-dbf506c8c2c2{ip: 192.168.5.141, host: byscane-nightly-ppzk5-1864156943, networkLocation: /default-rack, certSerialId: null}
2019-07-16 14:37:43,976 INFO  impl.RaftServerProxy (RaftServerProxy.java:addNew(89)) - ccf461c5-3768-483c-b0ca-dbf506c8c2c2: addNew group-8F893E368465:[ccf461c5-3768-483c-b0ca-dbf506c8c2c2:192.168.5.141:40468] returns group-8F893E368465:java.util.concurrent.CompletableFuture@229594b6[Not completed]
2019-07-16 14:37:43,977 INFO  impl.RaftServerImpl (RaftServerImpl.java:<init>(93)) - ccf461c5-3768-483c-b0ca-dbf506c8c2c2: new RaftServerImpl for group-8F893E368465:[ccf461c5-3768-483c-b0ca-dbf506c8c2c2:192.168.5.141:40468] with ContainerStateMachine:uninitialized
2019-07-16 14:37:43,977 INFO  server.RaftServerConfigKeys (ConfUtils.java:logGet(43)) - raft.server.rpc.timeout.min = 5s (custom)
2019-07-16 14:37:43,977 INFO  server.RaftServerConfigKeys (ConfUtils.java:logGet(43)) - raft.server.rpc.timeout.max = 5200ms (custom)
2019-07-16 14:37:43,977 INFO  server.RaftServerConfigKeys (ConfUtils.java:logGet(43)) - raft.server.rpcslowness.timeout = 120s (custom)
2019-07-16 14:37:43,978 INFO  server.RaftServerConfigKeys (ConfUtils.java:logGet(43)) - raft.server.sleep.deviation.threshold = 300 (default)
2019-07-16 14:37:43,978 INFO  server.RaftServerConfigKeys (ConfUtils.java:logGet(43)) - raft.server.log.appender.install.snapshot.enabled = false (custom)
2019-07-16 14:37:43,978 INFO  impl.RaftServerImpl (ServerState.java:<init>(105)) - ccf461c5-3768-483c-b0ca-dbf506c8c2c2:group-8F893E368465 ConfigurationManager, init=-1: [ccf461c5-3768-483c-b0ca-dbf506c8c2c2:192.168.5.141:40468], old=null, confs=<EMPTY_MAP>
2019-07-16 14:37:43,978 INFO  server.RaftServerConfigKeys (ConfUtils.java:logGet(43)) - raft.server.storage.dir = [/workdir/hadoop-ozone/integration-test/target/test-dir/MiniOzoneClusterImpl-97ee1339-a049-4222-a247-019b32824aec/datanode-1/data/ratis] (custom)
2019-07-16 14:37:43,978 INFO  storage.RaftStorageDirectory (RaftStorageDirectory.java:analyzeStorage(246)) - The storage directory /workdir/hadoop-ozone/integration-test/target/test-dir/MiniOzoneClusterImpl-97ee1339-a049-4222-a247-019b32824aec/datanode-1/data/ratis/e957a391-c010-4751-80f0-8f893e368465 does not exist. Creating ...
2019-07-16 14:37:43,991 INFO  storage.RaftStorageDirectory (RaftStorageDirectory.java:tryLock(328)) - Lock on /workdir/hadoop-ozone/integration-test/target/test-dir/MiniOzoneClusterImpl-97ee1339-a049-4222-a247-019b32824aec/datanode-1/data/ratis/e957a391-c010-4751-80f0-8f893e368465/in_use.lock acquired by nodename 28094@byscane-nightly-ppzk5-1864156943
2019-07-16 14:37:43,995 INFO  storage.RaftStorage (RaftStorage.java:format(72)) - Storage directory /workdir/hadoop-ozone/integration-test/target/test-dir/MiniOzoneClusterImpl-97ee1339-a049-4222-a247-019b32824aec/datanode-1/data/ratis/e957a391-c010-4751-80f0-8f893e368465 has been successfully formatted.
2019-07-16 14:37:43,995 INFO  ratis.ContainerStateMachine (ContainerStateMachine.java:loadSnapshot(199)) - group-8F893E368465: The snapshot info is null. Setting the last applied indexto:(t:0, i:~)
2019-07-16 14:37:43,996 INFO  server.RaftServerConfigKeys (ConfUtils.java:logGet(43)) - raft.server.leader.election.timeout = 120s (custom)
2019-07-16 14:37:43,996 INFO  server.RaftServerConfigKeys (ConfUtils.java:logGet(43)) - raft.server.log.use.memory = false (default)
2019-07-16 14:37:43,996 INFO  server.RaftServerConfigKeys (ConfUtils.java:logGet(43)) - raft.server.log.purge.gap = 1000000000 (custom)
2019-07-16 14:37:43,996 INFO  server.RaftServerConfigKeys (ConfUtils.java:logGet(43)) - raft.server.log.appender.buffer.byte-limit = 33554432 (custom)
2019-07-16 14:37:43,996 INFO  server.RaftServerConfigKeys (ConfUtils.java:logGet(43)) - raft.server.log.segment.size.max = 1048576 (custom)
2019-07-16 14:37:43,996 INFO  server.RaftServerConfigKeys (ConfUtils.java:logGet(43)) - raft.server.log.segment.cache.num.max = 2 (custom)
2019-07-16 14:37:43,997 INFO  segmented.SegmentedRaftLogWorker (SegmentedRaftLogWorker.java:<init>(172)) - new ccf461c5-3768-483c-b0ca-dbf506c8c2c2-SegmentedRaftLogWorker:Storage Directory /workdir/hadoop-ozone/integration-test/target/test-dir/MiniOzoneClusterImpl-97ee1339-a049-4222-a247-019b32824aec/datanode-1/data/ratis/e957a391-c010-4751-80f0-8f893e368465 for RaftStorage:Storage Directory /workdir/hadoop-ozone/integration-test/target/test-dir/MiniOzoneClusterImpl-97ee1339-a049-4222-a247-019b32824aec/datanode-1/data/ratis/e957a391-c010-4751-80f0-8f893e368465
2019-07-16 14:37:43,997 INFO  server.RaftServerConfigKeys (ConfUtils.java:logGet(43)) - raft.server.log.queue.byte-limit = 2147483647 (custom)
2019-07-16 14:37:43,997 INFO  server.RaftServerConfigKeys (ConfUtils.java:logGet(43)) - raft.server.log.queue.element-limit = 1024 (custom)
2019-07-16 14:37:43,997 INFO  server.RaftServerConfigKeys (ConfUtils.java:logGet(43)) - raft.server.log.segment.size.max = 1048576 (custom)
2019-07-16 14:37:43,997 INFO  server.RaftServerConfigKeys (ConfUtils.java:logGet(43)) - raft.server.log.preallocated.size = 16384 (custom)
2019-07-16 14:37:43,998 INFO  server.RaftServerConfigKeys (ConfUtils.java:logGet(43)) - raft.server.log.write.buffer.size = 33554432 (custom)
2019-07-16 14:37:43,998 INFO  server.RaftServerConfigKeys (ConfUtils.java:logGet(43)) - raft.server.log.force.sync.num = 128 (default)
2019-07-16 14:37:43,998 INFO  server.RaftServerConfigKeys (ConfUtils.java:logGet(43)) - raft.server.log.statemachine.data.sync = true (default)
2019-07-16 14:37:43,998 INFO  server.RaftServerConfigKeys (ConfUtils.java:logGet(43)) - raft.server.log.statemachine.data.sync.timeout = 10s (default)
2019-07-16 14:37:43,998 INFO  server.RaftServerConfigKeys (ConfUtils.java:logGet(43)) - raft.server.log.statemachine.data.sync.timeout.retry = -1 (default)
2019-07-16 14:37:43,998 INFO  server.RaftServerConfigKeys (ConfUtils.java:logGet(43)) - raft.server.log.statemachine.data.caching.enabled = true (custom)
2019-07-16 14:37:43,999 INFO  segmented.SegmentedRaftLogWorker (SegmentedRaftLogWorker.java:lambda$new$0(132)) - ccf461c5-3768-483c-b0ca-dbf506c8c2c2-SegmentedRaftLogWorker:Storage Directory /workdir/hadoop-ozone/integration-test/target/test-dir/MiniOzoneClusterImpl-97ee1339-a049-4222-a247-019b32824aec/datanode-1/data/ratis/e957a391-c010-4751-80f0-8f893e368465: flushIndex: setUnconditionally 0 -> -1
2019-07-16 14:37:43,999 INFO  server.RaftServerConfigKeys (ConfUtils.java:logGet(43)) - raft.server.snapshot.auto.trigger.enabled = true (custom)
2019-07-16 14:37:43,999 INFO  server.RaftServerConfigKeys (ConfUtils.java:logGet(43)) - raft.server.snapshot.auto.trigger.threshold = 10000 (custom)
2019-07-16 14:37:44,000 INFO  server.RaftServerConfigKeys (ConfUtils.java:logGet(43)) - raft.server.retrycache.expirytime = 600000ms (custom)
2019-07-16 14:37:44,000 INFO  impl.RaftServerImpl (RaftServerImpl.java:start(180)) - ccf461c5-3768-483c-b0ca-dbf506c8c2c2: start group-8F893E368465
2019-07-16 14:37:44,000 INFO  impl.RaftServerImpl (RaftServerImpl.java:setRole(171)) - ccf461c5-3768-483c-b0ca-dbf506c8c2c2:group-8F893E368465 changes role from null to FOLLOWER at term 0 for startAsFollower
2019-07-16 14:37:44,000 INFO  impl.RoleInfo (RoleInfo.java:updateAndGet(143)) - ccf461c5-3768-483c-b0ca-dbf506c8c2c2: start FollowerState
2019-07-16 14:37:44,001 INFO  util.JmxRegister (JmxRegister.java:tryRegister(44)) - Successfully registered JMX Bean with object name Ratis:service=RaftServer,group=group-8F893E368465,id=ccf461c5-3768-483c-b0ca-dbf506c8c2c2
2019-07-16 14:37:44,003 INFO  pipeline.PipelineStateManager (PipelineStateManager.java:addPipeline(56)) - Created pipeline Pipeline[ Id: e957a391-c010-4751-80f0-8f893e368465, Nodes: ccf461c5-3768-483c-b0ca-dbf506c8c2c2{ip: 192.168.5.141, host: byscane-nightly-ppzk5-1864156943, networkLocation: /default-rack, certSerialId: null}, Type:RATIS, Factor:ONE, State:OPEN]
2019-07-16 14:37:44,013 WARN  server.GrpcLogAppender (LogUtils.java:warn(134)) - 2d24ff93-5e56-4080-b028-9b16d6e96cde->05db247d-740e-4a28-8f98-6376453fe824: Failed appendEntries: org.apache.ratis.thirdparty.io.grpc.StatusRuntimeException: UNAVAILABLE: io exception
2019-07-16 14:37:44,014 INFO  impl.FollowerInfo (FollowerInfo.java:lambda$new$0(50)) - 2d24ff93-5e56-4080-b028-9b16d6e96cde->05db247d-740e-4a28-8f98-6376453fe824: nextIndex: updateUnconditionally 0 -> 0
2019-07-16 14:37:44,024 WARN  server.GrpcLogAppender (LogUtils.java:warn(134)) - 2d24ff93-5e56-4080-b028-9b16d6e96cde->42b13e68-5a55-4074-bc1a-ac1414cc1e9f: Failed appendEntries: org.apache.ratis.thirdparty.io.grpc.StatusRuntimeException: UNAVAILABLE: io exception
2019-07-16 14:37:44,024 INFO  impl.FollowerInfo (FollowerInfo.java:lambda$new$0(50)) - 2d24ff93-5e56-4080-b028-9b16d6e96cde->42b13e68-5a55-4074-bc1a-ac1414cc1e9f: nextIndex: updateUnconditionally 0 -> 0
2019-07-16 14:37:44,137 INFO  node.SCMNodeManager (SCMNodeManager.java:register(268)) - Registered Data node : 919e3a0f-4e3a-4af4-a07e-aac4e8e6711b{ip: 192.168.5.141, host: byscane-nightly-ppzk5-1864156943, networkLocation: /default-rack, certSerialId: null}
2019-07-16 14:37:44,154 INFO  impl.RaftServerProxy (RaftServerProxy.java:addNew(89)) - 919e3a0f-4e3a-4af4-a07e-aac4e8e6711b: addNew group-D608BFC3D3DB:[919e3a0f-4e3a-4af4-a07e-aac4e8e6711b:192.168.5.141:46528] returns group-D608BFC3D3DB:java.util.concurrent.CompletableFuture@580982a4[Not completed]
2019-07-16 14:37:44,154 INFO  impl.RaftServerImpl (RaftServerImpl.java:<init>(93)) - 919e3a0f-4e3a-4af4-a07e-aac4e8e6711b: new RaftServerImpl for group-D608BFC3D3DB:[919e3a0f-4e3a-4af4-a07e-aac4e8e6711b:192.168.5.141:46528] with ContainerStateMachine:uninitialized
2019-07-16 14:37:44,155 INFO  server.RaftServerConfigKeys (ConfUtils.java:logGet(43)) - raft.server.rpc.timeout.min = 5s (custom)
2019-07-16 14:37:44,155 INFO  server.RaftServerConfigKeys (ConfUtils.java:logGet(43)) - raft.server.rpc.timeout.max = 5200ms (custom)
2019-07-16 14:37:44,155 INFO  server.RaftServerConfigKeys (ConfUtils.java:logGet(43)) - raft.server.rpcslowness.timeout = 120s (custom)
2019-07-16 14:37:44,155 INFO  server.RaftServerConfigKeys (ConfUtils.java:logGet(43)) - raft.server.sleep.deviation.threshold = 300 (default)
2019-07-16 14:37:44,155 INFO  server.RaftServerConfigKeys (ConfUtils.java:logGet(43)) - raft.server.log.appender.install.snapshot.enabled = false (custom)
2019-07-16 14:37:44,155 INFO  impl.RaftServerImpl (ServerState.java:<init>(105)) - 919e3a0f-4e3a-4af4-a07e-aac4e8e6711b:group-D608BFC3D3DB ConfigurationManager, init=-1: [919e3a0f-4e3a-4af4-a07e-aac4e8e6711b:192.168.5.141:46528], old=null, confs=<EMPTY_MAP>
2019-07-16 14:37:44,156 INFO  server.RaftServerConfigKeys (ConfUtils.java:logGet(43)) - raft.server.storage.dir = [/workdir/hadoop-ozone/integration-test/target/test-dir/MiniOzoneClusterImpl-97ee1339-a049-4222-a247-019b32824aec/datanode-2/data/ratis] (custom)
2019-07-16 14:37:44,156 INFO  storage.RaftStorageDirectory (RaftStorageDirectory.java:analyzeStorage(246)) - The storage directory /workdir/hadoop-ozone/integration-test/target/test-dir/MiniOzoneClusterImpl-97ee1339-a049-4222-a247-019b32824aec/datanode-2/data/ratis/352e82dd-fc2b-4661-92aa-d608bfc3d3db does not exist. Creating ...
2019-07-16 14:37:44,162 INFO  storage.RaftStorageDirectory (RaftStorageDirectory.java:tryLock(328)) - Lock on /workdir/hadoop-ozone/integration-test/target/test-dir/MiniOzoneClusterImpl-97ee1339-a049-4222-a247-019b32824aec/datanode-2/data/ratis/352e82dd-fc2b-4661-92aa-d608bfc3d3db/in_use.lock acquired by nodename 28094@byscane-nightly-ppzk5-1864156943
2019-07-16 14:37:44,166 INFO  storage.RaftStorage (RaftStorage.java:format(72)) - Storage directory /workdir/hadoop-ozone/integration-test/target/test-dir/MiniOzoneClusterImpl-97ee1339-a049-4222-a247-019b32824aec/datanode-2/data/ratis/352e82dd-fc2b-4661-92aa-d608bfc3d3db has been successfully formatted.
2019-07-16 14:37:44,166 INFO  ratis.ContainerStateMachine (ContainerStateMachine.java:loadSnapshot(199)) - group-D608BFC3D3DB: The snapshot info is null. Setting the last applied indexto:(t:0, i:~)
2019-07-16 14:37:44,166 INFO  server.RaftServerConfigKeys (ConfUtils.java:logGet(43)) - raft.server.leader.election.timeout = 120s (custom)
2019-07-16 14:37:44,166 INFO  server.RaftServerConfigKeys (ConfUtils.java:logGet(43)) - raft.server.log.use.memory = false (default)
2019-07-16 14:37:44,167 INFO  server.RaftServerConfigKeys (ConfUtils.java:logGet(43)) - raft.server.log.purge.gap = 1000000000 (custom)
2019-07-16 14:37:44,167 INFO  server.RaftServerConfigKeys (ConfUtils.java:logGet(43)) - raft.server.log.appender.buffer.byte-limit = 33554432 (custom)
2019-07-16 14:37:44,167 INFO  server.RaftServerConfigKeys (ConfUtils.java:logGet(43)) - raft.server.log.segment.size.max = 1048576 (custom)
2019-07-16 14:37:44,167 INFO  server.RaftServerConfigKeys (ConfUtils.java:logGet(43)) - raft.server.log.segment.cache.num.max = 2 (custom)
2019-07-16 14:37:44,167 INFO  segmented.SegmentedRaftLogWorker (SegmentedRaftLogWorker.java:<init>(172)) - new 919e3a0f-4e3a-4af4-a07e-aac4e8e6711b-SegmentedRaftLogWorker:Storage Directory /workdir/hadoop-ozone/integration-test/target/test-dir/MiniOzoneClusterImpl-97ee1339-a049-4222-a247-019b32824aec/datanode-2/data/ratis/352e82dd-fc2b-4661-92aa-d608bfc3d3db for RaftStorage:Storage Directory /workdir/hadoop-ozone/integration-test/target/test-dir/MiniOzoneClusterImpl-97ee1339-a049-4222-a247-019b32824aec/datanode-2/data/ratis/352e82dd-fc2b-4661-92aa-d608bfc3d3db
2019-07-16 14:37:44,168 INFO  server.RaftServerConfigKeys (ConfUtils.java:logGet(43)) - raft.server.log.queue.byte-limit = 2147483647 (custom)
2019-07-16 14:37:44,168 INFO  server.RaftServerConfigKeys (ConfUtils.java:logGet(43)) - raft.server.log.queue.element-limit = 1024 (custom)
2019-07-16 14:37:44,168 INFO  server.RaftServerConfigKeys (ConfUtils.java:logGet(43)) - raft.server.log.segment.size.max = 1048576 (custom)
2019-07-16 14:37:44,168 INFO  server.RaftServerConfigKeys (ConfUtils.java:logGet(43)) - raft.server.log.preallocated.size = 16384 (custom)
2019-07-16 14:37:44,168 INFO  server.RaftServerConfigKeys (ConfUtils.java:logGet(43)) - raft.server.log.write.buffer.size = 33554432 (custom)
2019-07-16 14:37:44,168 INFO  server.RaftServerConfigKeys (ConfUtils.java:logGet(43)) - raft.server.log.force.sync.num = 128 (default)
2019-07-16 14:37:44,169 INFO  server.RaftServerConfigKeys (ConfUtils.java:logGet(43)) - raft.server.log.statemachine.data.sync = true (default)
2019-07-16 14:37:44,169 INFO  server.RaftServerConfigKeys (ConfUtils.java:logGet(43)) - raft.server.log.statemachine.data.sync.timeout = 10s (default)
2019-07-16 14:37:44,169 INFO  server.RaftServerConfigKeys (ConfUtils.java:logGet(43)) - raft.server.log.statemachine.data.sync.timeout.retry = -1 (default)
2019-07-16 14:37:44,169 INFO  server.RaftServerConfigKeys (ConfUtils.java:logGet(43)) - raft.server.log.statemachine.data.caching.enabled = true (custom)
2019-07-16 14:37:44,170 INFO  segmented.SegmentedRaftLogWorker (SegmentedRaftLogWorker.java:lambda$new$0(132)) - 919e3a0f-4e3a-4af4-a07e-aac4e8e6711b-SegmentedRaftLogWorker:Storage Directory /workdir/hadoop-ozone/integration-test/target/test-dir/MiniOzoneClusterImpl-97ee1339-a049-4222-a247-019b32824aec/datanode-2/data/ratis/352e82dd-fc2b-4661-92aa-d608bfc3d3db: flushIndex: setUnconditionally 0 -> -1
2019-07-16 14:37:44,170 INFO  server.RaftServerConfigKeys (ConfUtils.java:logGet(43)) - raft.server.snapshot.auto.trigger.enabled = true (custom)
2019-07-16 14:37:44,170 INFO  server.RaftServerConfigKeys (ConfUtils.java:logGet(43)) - raft.server.snapshot.auto.trigger.threshold = 10000 (custom)
2019-07-16 14:37:44,170 INFO  server.RaftServerConfigKeys (ConfUtils.java:logGet(43)) - raft.server.retrycache.expirytime = 600000ms (custom)
2019-07-16 14:37:44,171 INFO  impl.RaftServerImpl (RaftServerImpl.java:start(180)) - 919e3a0f-4e3a-4af4-a07e-aac4e8e6711b: start group-D608BFC3D3DB
2019-07-16 14:37:44,171 INFO  impl.RaftServerImpl (RaftServerImpl.java:setRole(171)) - 919e3a0f-4e3a-4af4-a07e-aac4e8e6711b:group-D608BFC3D3DB changes role from null to FOLLOWER at term 0 for startAsFollower
2019-07-16 14:37:44,171 INFO  impl.RoleInfo (RoleInfo.java:updateAndGet(143)) - 919e3a0f-4e3a-4af4-a07e-aac4e8e6711b: start FollowerState
2019-07-16 14:37:44,171 INFO  util.JmxRegister (JmxRegister.java:tryRegister(44)) - Successfully registered JMX Bean with object name Ratis:service=RaftServer,group=group-D608BFC3D3DB,id=919e3a0f-4e3a-4af4-a07e-aac4e8e6711b
2019-07-16 14:37:44,174 INFO  pipeline.PipelineStateManager (PipelineStateManager.java:addPipeline(56)) - Created pipeline Pipeline[ Id: 352e82dd-fc2b-4661-92aa-d608bfc3d3db, Nodes: 919e3a0f-4e3a-4af4-a07e-aac4e8e6711b{ip: 192.168.5.141, host: byscane-nightly-ppzk5-1864156943, networkLocation: /default-rack, certSerialId: null}, Type:RATIS, Factor:ONE, State:OPEN]
2019-07-16 14:37:44,203 INFO  impl.RaftServerProxy (RaftServerProxy.java:addNew(89)) - 22a0ebc8-eb6c-4a1f-b61d-9d14bf71b2bd: addNew group-3C81D4B366D5:[22a0ebc8-eb6c-4a1f-b61d-9d14bf71b2bd:192.168.5.141:44902, 919e3a0f-4e3a-4af4-a07e-aac4e8e6711b:192.168.5.141:46528, ccf461c5-3768-483c-b0ca-dbf506c8c2c2:192.168.5.141:40468] returns group-3C81D4B366D5:java.util.concurrent.CompletableFuture@45a890da[Not completed]
2019-07-16 14:37:44,203 INFO  impl.RaftServerProxy (RaftServerProxy.java:addNew(89)) - 919e3a0f-4e3a-4af4-a07e-aac4e8e6711b: addNew group-3C81D4B366D5:[22a0ebc8-eb6c-4a1f-b61d-9d14bf71b2bd:192.168.5.141:44902, 919e3a0f-4e3a-4af4-a07e-aac4e8e6711b:192.168.5.141:46528, ccf461c5-3768-483c-b0ca-dbf506c8c2c2:192.168.5.141:40468] returns group-3C81D4B366D5:java.util.concurrent.CompletableFuture@6dbd9895[Not completed]
2019-07-16 14:37:44,203 INFO  impl.RaftServerProxy (RaftServerProxy.java:addNew(89)) - ccf461c5-3768-483c-b0ca-dbf506c8c2c2: addNew group-3C81D4B366D5:[22a0ebc8-eb6c-4a1f-b61d-9d14bf71b2bd:192.168.5.141:44902, 919e3a0f-4e3a-4af4-a07e-aac4e8e6711b:192.168.5.141:46528, ccf461c5-3768-483c-b0ca-dbf506c8c2c2:192.168.5.141:40468] returns group-3C81D4B366D5:java.util.concurrent.CompletableFuture@30f34eb0[Not completed]
2019-07-16 14:37:44,204 INFO  impl.RaftServerImpl (RaftServerImpl.java:<init>(93)) - ccf461c5-3768-483c-b0ca-dbf506c8c2c2: new RaftServerImpl for group-3C81D4B366D5:[22a0ebc8-eb6c-4a1f-b61d-9d14bf71b2bd:192.168.5.141:44902, 919e3a0f-4e3a-4af4-a07e-aac4e8e6711b:192.168.5.141:46528, ccf461c5-3768-483c-b0ca-dbf506c8c2c2:192.168.5.141:40468] with ContainerStateMachine:uninitialized
2019-07-16 14:37:44,204 INFO  server.RaftServerConfigKeys (ConfUtils.java:logGet(43)) - raft.server.rpc.timeout.min = 5s (custom)
2019-07-16 14:37:44,204 INFO  server.RaftServerConfigKeys (ConfUtils.java:logGet(43)) - raft.server.rpc.timeout.max = 5200ms (custom)
2019-07-16 14:37:44,204 INFO  impl.RaftServerImpl (RaftServerImpl.java:<init>(93)) - 919e3a0f-4e3a-4af4-a07e-aac4e8e6711b: new RaftServerImpl for group-3C81D4B366D5:[22a0ebc8-eb6c-4a1f-b61d-9d14bf71b2bd:192.168.5.141:44902, 919e3a0f-4e3a-4af4-a07e-aac4e8e6711b:192.168.5.141:46528, ccf461c5-3768-483c-b0ca-dbf506c8c2c2:192.168.5.141:40468] with ContainerStateMachine:uninitialized
2019-07-16 14:37:44,204 INFO  server.RaftServerConfigKeys (ConfUtils.java:logGet(43)) - raft.server.rpcslowness.timeout = 120s (custom)
2019-07-16 14:37:44,204 INFO  impl.RaftServerImpl (RaftServerImpl.java:<init>(93)) - 22a0ebc8-eb6c-4a1f-b61d-9d14bf71b2bd: new RaftServerImpl for group-3C81D4B366D5:[22a0ebc8-eb6c-4a1f-b61d-9d14bf71b2bd:192.168.5.141:44902, 919e3a0f-4e3a-4af4-a07e-aac4e8e6711b:192.168.5.141:46528, ccf461c5-3768-483c-b0ca-dbf506c8c2c2:192.168.5.141:40468] with ContainerStateMachine:uninitialized
2019-07-16 14:37:44,204 INFO  server.RaftServerConfigKeys (ConfUtils.java:logGet(43)) - raft.server.rpc.timeout.min = 5s (custom)
2019-07-16 14:37:44,205 INFO  server.RaftServerConfigKeys (ConfUtils.java:logGet(43)) - raft.server.rpc.timeout.min = 5s (custom)
2019-07-16 14:37:44,205 INFO  server.RaftServerConfigKeys (ConfUtils.java:logGet(43)) - raft.server.sleep.deviation.threshold = 300 (default)
2019-07-16 14:37:44,205 INFO  server.RaftServerConfigKeys (ConfUtils.java:logGet(43)) - raft.server.rpc.timeout.max = 5200ms (custom)
2019-07-16 14:37:44,205 INFO  server.RaftServerConfigKeys (ConfUtils.java:logGet(43)) - raft.server.rpcslowness.timeout = 120s (custom)
2019-07-16 14:37:44,205 INFO  server.RaftServerConfigKeys (ConfUtils.java:logGet(43)) - raft.server.rpc.timeout.max = 5200ms (custom)
2019-07-16 14:37:44,205 INFO  server.RaftServerConfigKeys (ConfUtils.java:logGet(43)) - raft.server.sleep.deviation.threshold = 300 (default)
2019-07-16 14:37:44,206 INFO  server.RaftServerConfigKeys (ConfUtils.java:logGet(43)) - raft.server.log.appender.install.snapshot.enabled = false (custom)
2019-07-16 14:37:44,205 INFO  server.RaftServerConfigKeys (ConfUtils.java:logGet(43)) - raft.server.log.appender.install.snapshot.enabled = false (custom)
2019-07-16 14:37:44,206 INFO  impl.RaftServerImpl (ServerState.java:<init>(105)) - 22a0ebc8-eb6c-4a1f-b61d-9d14bf71b2bd:group-3C81D4B366D5 ConfigurationManager, init=-1: [22a0ebc8-eb6c-4a1f-b61d-9d14bf71b2bd:192.168.5.141:44902, 919e3a0f-4e3a-4af4-a07e-aac4e8e6711b:192.168.5.141:46528, ccf461c5-3768-483c-b0ca-dbf506c8c2c2:192.168.5.141:40468], old=null, confs=<EMPTY_MAP>
2019-07-16 14:37:44,206 INFO  server.RaftServerConfigKeys (ConfUtils.java:logGet(43)) - raft.server.rpcslowness.timeout = 120s (custom)
2019-07-16 14:37:44,206 INFO  server.RaftServerConfigKeys (ConfUtils.java:logGet(43)) - raft.server.storage.dir = [/workdir/hadoop-ozone/integration-test/target/test-dir/MiniOzoneClusterImpl-97ee1339-a049-4222-a247-019b32824aec/datanode-0/data/ratis] (custom)
2019-07-16 14:37:44,206 INFO  impl.RaftServerImpl (ServerState.java:<init>(105)) - ccf461c5-3768-483c-b0ca-dbf506c8c2c2:group-3C81D4B366D5 ConfigurationManager, init=-1: [22a0ebc8-eb6c-4a1f-b61d-9d14bf71b2bd:192.168.5.141:44902, 919e3a0f-4e3a-4af4-a07e-aac4e8e6711b:192.168.5.141:46528, ccf461c5-3768-483c-b0ca-dbf506c8c2c2:192.168.5.141:40468], old=null, confs=<EMPTY_MAP>
2019-07-16 14:37:44,206 INFO  server.RaftServerConfigKeys (ConfUtils.java:logGet(43)) - raft.server.sleep.deviation.threshold = 300 (default)
2019-07-16 14:37:44,206 INFO  server.RaftServerConfigKeys (ConfUtils.java:logGet(43)) - raft.server.storage.dir = [/workdir/hadoop-ozone/integration-test/target/test-dir/MiniOzoneClusterImpl-97ee1339-a049-4222-a247-019b32824aec/datanode-1/data/ratis] (custom)
2019-07-16 14:37:44,207 INFO  storage.RaftStorageDirectory (RaftStorageDirectory.java:analyzeStorage(246)) - The storage directory /workdir/hadoop-ozone/integration-test/target/test-dir/MiniOzoneClusterImpl-97ee1339-a049-4222-a247-019b32824aec/datanode-0/data/ratis/d10767b2-d8d8-4c4c-a2c4-3c81d4b366d5 does not exist. Creating ...
2019-07-16 14:37:44,207 INFO  server.RaftServerConfigKeys (ConfUtils.java:logGet(43)) - raft.server.log.appender.install.snapshot.enabled = false (custom)
2019-07-16 14:37:44,207 INFO  storage.RaftStorageDirectory (RaftStorageDirectory.java:analyzeStorage(246)) - The storage directory /workdir/hadoop-ozone/integration-test/target/test-dir/MiniOzoneClusterImpl-97ee1339-a049-4222-a247-019b32824aec/datanode-1/data/ratis/d10767b2-d8d8-4c4c-a2c4-3c81d4b366d5 does not exist. Creating ...
2019-07-16 14:37:44,207 INFO  impl.RaftServerImpl (ServerState.java:<init>(105)) - 919e3a0f-4e3a-4af4-a07e-aac4e8e6711b:group-3C81D4B366D5 ConfigurationManager, init=-1: [22a0ebc8-eb6c-4a1f-b61d-9d14bf71b2bd:192.168.5.141:44902, 919e3a0f-4e3a-4af4-a07e-aac4e8e6711b:192.168.5.141:46528, ccf461c5-3768-483c-b0ca-dbf506c8c2c2:192.168.5.141:40468], old=null, confs=<EMPTY_MAP>
2019-07-16 14:37:44,207 INFO  server.RaftServerConfigKeys (ConfUtils.java:logGet(43)) - raft.server.storage.dir = [/workdir/hadoop-ozone/integration-test/target/test-dir/MiniOzoneClusterImpl-97ee1339-a049-4222-a247-019b32824aec/datanode-2/data/ratis] (custom)
2019-07-16 14:37:44,208 INFO  storage.RaftStorageDirectory (RaftStorageDirectory.java:analyzeStorage(246)) - The storage directory /workdir/hadoop-ozone/integration-test/target/test-dir/MiniOzoneClusterImpl-97ee1339-a049-4222-a247-019b32824aec/datanode-2/data/ratis/d10767b2-d8d8-4c4c-a2c4-3c81d4b366d5 does not exist. Creating ...
2019-07-16 14:37:44,214 INFO  storage.RaftStorageDirectory (RaftStorageDirectory.java:tryLock(328)) - Lock on /workdir/hadoop-ozone/integration-test/target/test-dir/MiniOzoneClusterImpl-97ee1339-a049-4222-a247-019b32824aec/datanode-1/data/ratis/d10767b2-d8d8-4c4c-a2c4-3c81d4b366d5/in_use.lock acquired by nodename 28094@byscane-nightly-ppzk5-1864156943
2019-07-16 14:37:44,214 INFO  storage.RaftStorageDirectory (RaftStorageDirectory.java:tryLock(328)) - Lock on /workdir/hadoop-ozone/integration-test/target/test-dir/MiniOzoneClusterImpl-97ee1339-a049-4222-a247-019b32824aec/datanode-2/data/ratis/d10767b2-d8d8-4c4c-a2c4-3c81d4b366d5/in_use.lock acquired by nodename 28094@byscane-nightly-ppzk5-1864156943
2019-07-16 14:37:44,214 INFO  storage.RaftStorageDirectory (RaftStorageDirectory.java:tryLock(328)) - Lock on /workdir/hadoop-ozone/integration-test/target/test-dir/MiniOzoneClusterImpl-97ee1339-a049-4222-a247-019b32824aec/datanode-0/data/ratis/d10767b2-d8d8-4c4c-a2c4-3c81d4b366d5/in_use.lock acquired by nodename 28094@byscane-nightly-ppzk5-1864156943
2019-07-16 14:37:44,219 INFO  storage.RaftStorage (RaftStorage.java:format(72)) - Storage directory /workdir/hadoop-ozone/integration-test/target/test-dir/MiniOzoneClusterImpl-97ee1339-a049-4222-a247-019b32824aec/datanode-0/data/ratis/d10767b2-d8d8-4c4c-a2c4-3c81d4b366d5 has been successfully formatted.
2019-07-16 14:37:44,219 INFO  storage.RaftStorage (RaftStorage.java:format(72)) - Storage directory /workdir/hadoop-ozone/integration-test/target/test-dir/MiniOzoneClusterImpl-97ee1339-a049-4222-a247-019b32824aec/datanode-2/data/ratis/d10767b2-d8d8-4c4c-a2c4-3c81d4b366d5 has been successfully formatted.
2019-07-16 14:37:44,219 INFO  storage.RaftStorage (RaftStorage.java:format(72)) - Storage directory /workdir/hadoop-ozone/integration-test/target/test-dir/MiniOzoneClusterImpl-97ee1339-a049-4222-a247-019b32824aec/datanode-1/data/ratis/d10767b2-d8d8-4c4c-a2c4-3c81d4b366d5 has been successfully formatted.
2019-07-16 14:37:44,219 INFO  ratis.ContainerStateMachine (ContainerStateMachine.java:loadSnapshot(199)) - group-3C81D4B366D5: The snapshot info is null. Setting the last applied indexto:(t:0, i:~)
2019-07-16 14:37:44,219 INFO  ratis.ContainerStateMachine (ContainerStateMachine.java:loadSnapshot(199)) - group-3C81D4B366D5: The snapshot info is null. Setting the last applied indexto:(t:0, i:~)
2019-07-16 14:37:44,219 INFO  server.RaftServerConfigKeys (ConfUtils.java:logGet(43)) - raft.server.leader.election.timeout = 120s (custom)
2019-07-16 14:37:44,219 INFO  ratis.ContainerStateMachine (ContainerStateMachine.java:loadSnapshot(199)) - group-3C81D4B366D5: The snapshot info is null. Setting the last applied indexto:(t:0, i:~)
2019-07-16 14:37:44,220 INFO  server.RaftServerConfigKeys (ConfUtils.java:logGet(43)) - raft.server.log.use.memory = false (default)
2019-07-16 14:37:44,219 INFO  server.RaftServerConfigKeys (ConfUtils.java:logGet(43)) - raft.server.leader.election.timeout = 120s (custom)
2019-07-16 14:37:44,220 INFO  server.RaftServerConfigKeys (ConfUtils.java:logGet(43)) - raft.server.log.purge.gap = 1000000000 (custom)
2019-07-16 14:37:44,220 INFO  server.RaftServerConfigKeys (ConfUtils.java:logGet(43)) - raft.server.leader.election.timeout = 120s (custom)
2019-07-16 14:37:44,220 INFO  server.RaftServerConfigKeys (ConfUtils.java:logGet(43)) - raft.server.log.appender.buffer.byte-limit = 33554432 (custom)
2019-07-16 14:37:44,220 INFO  server.RaftServerConfigKeys (ConfUtils.java:logGet(43)) - raft.server.log.use.memory = false (default)
2019-07-16 14:37:44,220 INFO  server.RaftServerConfigKeys (ConfUtils.java:logGet(43)) - raft.server.log.segment.size.max = 1048576 (custom)
2019-07-16 14:37:44,220 INFO  server.RaftServerConfigKeys (ConfUtils.java:logGet(43)) - raft.server.log.use.memory = false (default)
2019-07-16 14:37:44,221 INFO  server.RaftServerConfigKeys (ConfUtils.java:logGet(43)) - raft.server.log.segment.cache.num.max = 2 (custom)
2019-07-16 14:37:44,221 INFO  segmented.SegmentedRaftLogWorker (SegmentedRaftLogWorker.java:<init>(172)) - new 919e3a0f-4e3a-4af4-a07e-aac4e8e6711b-SegmentedRaftLogWorker:Storage Directory /workdir/hadoop-ozone/integration-test/target/test-dir/MiniOzoneClusterImpl-97ee1339-a049-4222-a247-019b32824aec/datanode-2/data/ratis/d10767b2-d8d8-4c4c-a2c4-3c81d4b366d5 for RaftStorage:Storage Directory /workdir/hadoop-ozone/integration-test/target/test-dir/MiniOzoneClusterImpl-97ee1339-a049-4222-a247-019b32824aec/datanode-2/data/ratis/d10767b2-d8d8-4c4c-a2c4-3c81d4b366d5
2019-07-16 14:37:44,221 INFO  server.RaftServerConfigKeys (ConfUtils.java:logGet(43)) - raft.server.log.purge.gap = 1000000000 (custom)
2019-07-16 14:37:44,221 INFO  server.RaftServerConfigKeys (ConfUtils.java:logGet(43)) - raft.server.log.queue.byte-limit = 2147483647 (custom)
2019-07-16 14:37:44,221 INFO  server.RaftServerConfigKeys (ConfUtils.java:logGet(43)) - raft.server.log.purge.gap = 1000000000 (custom)
2019-07-16 14:37:44,221 INFO  server.RaftServerConfigKeys (ConfUtils.java:logGet(43)) - raft.server.log.queue.element-limit = 1024 (custom)
2019-07-16 14:37:44,221 INFO  server.RaftServerConfigKeys (ConfUtils.java:logGet(43)) - raft.server.log.appender.buffer.byte-limit = 33554432 (custom)
2019-07-16 14:37:44,222 INFO  server.RaftServerConfigKeys (ConfUtils.java:logGet(43)) - raft.server.log.segment.size.max = 1048576 (custom)
2019-07-16 14:37:44,222 INFO  server.RaftServerConfigKeys (ConfUtils.java:logGet(43)) - raft.server.log.preallocated.size = 16384 (custom)
2019-07-16 14:37:44,222 INFO  server.RaftServerConfigKeys (ConfUtils.java:logGet(43)) - raft.server.log.appender.buffer.byte-limit = 33554432 (custom)
2019-07-16 14:37:44,222 INFO  server.RaftServerConfigKeys (ConfUtils.java:logGet(43)) - raft.server.log.write.buffer.size = 33554432 (custom)
2019-07-16 14:37:44,222 INFO  server.RaftServerConfigKeys (ConfUtils.java:logGet(43)) - raft.server.log.segment.size.max = 1048576 (custom)
2019-07-16 14:37:44,222 INFO  server.RaftServerConfigKeys (ConfUtils.java:logGet(43)) - raft.server.log.force.sync.num = 128 (default)
2019-07-16 14:37:44,222 INFO  server.RaftServerConfigKeys (ConfUtils.java:logGet(43)) - raft.server.log.segment.size.max = 1048576 (custom)
2019-07-16 14:37:44,223 INFO  server.RaftServerConfigKeys (ConfUtils.java:logGet(43)) - raft.server.log.statemachine.data.sync = true (default)
2019-07-16 14:37:44,223 INFO  server.RaftServerConfigKeys (ConfUtils.java:logGet(43)) - raft.server.log.statemachine.data.sync.timeout = 10s (default)
2019-07-16 14:37:44,223 INFO  server.RaftServerConfigKeys (ConfUtils.java:logGet(43)) - raft.server.log.segment.cache.num.max = 2 (custom)
2019-07-16 14:37:44,223 INFO  server.RaftServerConfigKeys (ConfUtils.java:logGet(43)) - raft.server.log.statemachine.data.sync.timeout.retry = -1 (default)
2019-07-16 14:37:44,223 INFO  server.RaftServerConfigKeys (ConfUtils.java:logGet(43)) - raft.server.log.segment.cache.num.max = 2 (custom)
2019-07-16 14:37:44,224 INFO  server.RaftServerConfigKeys (ConfUtils.java:logGet(43)) - raft.server.log.statemachine.data.caching.enabled = true (custom)
2019-07-16 14:37:44,223 INFO  segmented.SegmentedRaftLogWorker (SegmentedRaftLogWorker.java:<init>(172)) - new 22a0ebc8-eb6c-4a1f-b61d-9d14bf71b2bd-SegmentedRaftLogWorker:Storage Directory /workdir/hadoop-ozone/integration-test/target/test-dir/MiniOzoneClusterImpl-97ee1339-a049-4222-a247-019b32824aec/datanode-0/data/ratis/d10767b2-d8d8-4c4c-a2c4-3c81d4b366d5 for RaftStorage:Storage Directory /workdir/hadoop-ozone/integration-test/target/test-dir/MiniOzoneClusterImpl-97ee1339-a049-4222-a247-019b32824aec/datanode-0/data/ratis/d10767b2-d8d8-4c4c-a2c4-3c81d4b366d5
2019-07-16 14:37:44,224 INFO  segmented.SegmentedRaftLogWorker (SegmentedRaftLogWorker.java:<init>(172)) - new ccf461c5-3768-483c-b0ca-dbf506c8c2c2-SegmentedRaftLogWorker:Storage Directory /workdir/hadoop-ozone/integration-test/target/test-dir/MiniOzoneClusterImpl-97ee1339-a049-4222-a247-019b32824aec/datanode-1/data/ratis/d10767b2-d8d8-4c4c-a2c4-3c81d4b366d5 for RaftStorage:Storage Directory /workdir/hadoop-ozone/integration-test/target/test-dir/MiniOzoneClusterImpl-97ee1339-a049-4222-a247-019b32824aec/datanode-1/data/ratis/d10767b2-d8d8-4c4c-a2c4-3c81d4b366d5
2019-07-16 14:37:44,224 INFO  segmented.SegmentedRaftLogWorker (SegmentedRaftLogWorker.java:lambda$new$0(132)) - 919e3a0f-4e3a-4af4-a07e-aac4e8e6711b-SegmentedRaftLogWorker:Storage Directory /workdir/hadoop-ozone/integration-test/target/test-dir/MiniOzoneClusterImpl-97ee1339-a049-4222-a247-019b32824aec/datanode-2/data/ratis/d10767b2-d8d8-4c4c-a2c4-3c81d4b366d5: flushIndex: setUnconditionally 0 -> -1
2019-07-16 14:37:44,224 INFO  server.RaftServerConfigKeys (ConfUtils.java:logGet(43)) - raft.server.log.queue.byte-limit = 2147483647 (custom)
2019-07-16 14:37:44,224 INFO  server.RaftServerConfigKeys (ConfUtils.java:logGet(43)) - raft.server.log.queue.element-limit = 1024 (custom)
2019-07-16 14:37:44,224 INFO  server.RaftServerConfigKeys (ConfUtils.java:logGet(43)) - raft.server.log.queue.byte-limit = 2147483647 (custom)
2019-07-16 14:37:44,225 INFO  server.RaftServerConfigKeys (ConfUtils.java:logGet(43)) - raft.server.log.segment.size.max = 1048576 (custom)
2019-07-16 14:37:44,224 INFO  server.RaftServerConfigKeys (ConfUtils.java:logGet(43)) - raft.server.snapshot.auto.trigger.enabled = true (custom)
2019-07-16 14:37:44,225 INFO  server.RaftServerConfigKeys (ConfUtils.java:logGet(43)) - raft.server.log.preallocated.size = 16384 (custom)
2019-07-16 14:37:44,225 INFO  server.RaftServerConfigKeys (ConfUtils.java:logGet(43)) - raft.server.log.write.buffer.size = 33554432 (custom)
2019-07-16 14:37:44,225 INFO  server.RaftServerConfigKeys (ConfUtils.java:logGet(43)) - raft.server.log.queue.element-limit = 1024 (custom)
2019-07-16 14:37:44,225 INFO  server.RaftServerConfigKeys (ConfUtils.java:logGet(43)) - raft.server.log.force.sync.num = 128 (default)
2019-07-16 14:37:44,225 INFO  server.RaftServerConfigKeys (ConfUtils.java:logGet(43)) - raft.server.log.statemachine.data.sync = true (default)
2019-07-16 14:37:44,225 INFO  server.RaftServerConfigKeys (ConfUtils.java:logGet(43)) - raft.server.snapshot.auto.trigger.threshold = 10000 (custom)
2019-07-16 14:37:44,226 INFO  server.RaftServerConfigKeys (ConfUtils.java:logGet(43)) - raft.server.log.statemachine.data.sync.timeout = 10s (default)
2019-07-16 14:37:44,225 INFO  server.RaftServerConfigKeys (ConfUtils.java:logGet(43)) - raft.server.log.segment.size.max = 1048576 (custom)
2019-07-16 14:37:44,226 INFO  server.RaftServerConfigKeys (ConfUtils.java:logGet(43)) - raft.server.log.statemachine.data.sync.timeout.retry = -1 (default)
2019-07-16 14:37:44,226 INFO  server.RaftServerConfigKeys (ConfUtils.java:logGet(43)) - raft.server.retrycache.expirytime = 600000ms (custom)
2019-07-16 14:37:44,226 INFO  server.RaftServerConfigKeys (ConfUtils.java:logGet(43)) - raft.server.log.statemachine.data.caching.enabled = true (custom)
2019-07-16 14:37:44,226 INFO  server.RaftServerConfigKeys (ConfUtils.java:logGet(43)) - raft.server.log.preallocated.size = 16384 (custom)
2019-07-16 14:37:44,227 INFO  segmented.SegmentedRaftLogWorker (SegmentedRaftLogWorker.java:lambda$new$0(132)) - 22a0ebc8-eb6c-4a1f-b61d-9d14bf71b2bd-SegmentedRaftLogWorker:Storage Directory /workdir/hadoop-ozone/integration-test/target/test-dir/MiniOzoneClusterImpl-97ee1339-a049-4222-a247-019b32824aec/datanode-0/data/ratis/d10767b2-d8d8-4c4c-a2c4-3c81d4b366d5: flushIndex: setUnconditionally 0 -> -1
2019-07-16 14:37:44,226 INFO  impl.RaftServerImpl (RaftServerImpl.java:start(180)) - 919e3a0f-4e3a-4af4-a07e-aac4e8e6711b: start group-3C81D4B366D5
2019-07-16 14:37:44,227 INFO  server.RaftServerConfigKeys (ConfUtils.java:logGet(43)) - raft.server.log.write.buffer.size = 33554432 (custom)
2019-07-16 14:37:44,227 INFO  server.RaftServerConfigKeys (ConfUtils.java:logGet(43)) - raft.server.snapshot.auto.trigger.enabled = true (custom)
2019-07-16 14:37:44,227 INFO  impl.RaftServerImpl (RaftServerImpl.java:setRole(171)) - 919e3a0f-4e3a-4af4-a07e-aac4e8e6711b:group-3C81D4B366D5 changes role from null to FOLLOWER at term 0 for startAsFollower
2019-07-16 14:37:44,227 INFO  server.RaftServerConfigKeys (ConfUtils.java:logGet(43)) - raft.server.snapshot.auto.trigger.threshold = 10000 (custom)
2019-07-16 14:37:44,227 INFO  server.RaftServerConfigKeys (ConfUtils.java:logGet(43)) - raft.server.log.force.sync.num = 128 (default)
2019-07-16 14:37:44,227 INFO  server.RaftServerConfigKeys (ConfUtils.java:logGet(43)) - raft.server.retrycache.expirytime = 600000ms (custom)
2019-07-16 14:37:44,227 INFO  impl.RoleInfo (RoleInfo.java:updateAndGet(143)) - 919e3a0f-4e3a-4af4-a07e-aac4e8e6711b: start FollowerState
2019-07-16 14:37:44,228 INFO  impl.RaftServerImpl (RaftServerImpl.java:start(180)) - 22a0ebc8-eb6c-4a1f-b61d-9d14bf71b2bd: start group-3C81D4B366D5
2019-07-16 14:37:44,227 INFO  server.RaftServerConfigKeys (ConfUtils.java:logGet(43)) - raft.server.log.statemachine.data.sync = true (default)
2019-07-16 14:37:44,228 INFO  util.JmxRegister (JmxRegister.java:tryRegister(44)) - Successfully registered JMX Bean with object name Ratis:service=RaftServer,group=group-3C81D4B366D5,id=919e3a0f-4e3a-4af4-a07e-aac4e8e6711b
2019-07-16 14:37:44,228 INFO  impl.RaftServerImpl (RaftServerImpl.java:setRole(171)) - 22a0ebc8-eb6c-4a1f-b61d-9d14bf71b2bd:group-3C81D4B366D5 changes role from null to FOLLOWER at term 0 for startAsFollower
2019-07-16 14:37:44,228 INFO  server.RaftServerConfigKeys (ConfUtils.java:logGet(43)) - raft.server.log.statemachine.data.sync.timeout = 10s (default)
2019-07-16 14:37:44,228 INFO  impl.RoleInfo (RoleInfo.java:updateAndGet(143)) - 22a0ebc8-eb6c-4a1f-b61d-9d14bf71b2bd: start FollowerState
2019-07-16 14:37:44,228 INFO  server.RaftServerConfigKeys (ConfUtils.java:logGet(43)) - raft.server.log.statemachine.data.sync.timeout.retry = -1 (default)
2019-07-16 14:37:44,229 INFO  server.RaftServerConfigKeys (ConfUtils.java:logGet(43)) - raft.server.log.statemachine.data.caching.enabled = true (custom)
2019-07-16 14:37:44,229 INFO  util.JmxRegister (JmxRegister.java:tryRegister(44)) - Successfully registered JMX Bean with object name Ratis:service=RaftServer,group=group-3C81D4B366D5,id=22a0ebc8-eb6c-4a1f-b61d-9d14bf71b2bd
2019-07-16 14:37:44,229 INFO  segmented.SegmentedRaftLogWorker (SegmentedRaftLogWorker.java:lambda$new$0(132)) - ccf461c5-3768-483c-b0ca-dbf506c8c2c2-SegmentedRaftLogWorker:Storage Directory /workdir/hadoop-ozone/integration-test/target/test-dir/MiniOzoneClusterImpl-97ee1339-a049-4222-a247-019b32824aec/datanode-1/data/ratis/d10767b2-d8d8-4c4c-a2c4-3c81d4b366d5: flushIndex: setUnconditionally 0 -> -1
2019-07-16 14:37:44,229 INFO  server.RaftServerConfigKeys (ConfUtils.java:logGet(43)) - raft.server.snapshot.auto.trigger.enabled = true (custom)
2019-07-16 14:37:44,229 INFO  server.RaftServerConfigKeys (ConfUtils.java:logGet(43)) - raft.server.snapshot.auto.trigger.threshold = 10000 (custom)
2019-07-16 14:37:44,230 INFO  server.RaftServerConfigKeys (ConfUtils.java:logGet(43)) - raft.server.retrycache.expirytime = 600000ms (custom)
2019-07-16 14:37:44,230 INFO  impl.RaftServerImpl (RaftServerImpl.java:start(180)) - ccf461c5-3768-483c-b0ca-dbf506c8c2c2: start group-3C81D4B366D5
2019-07-16 14:37:44,230 INFO  impl.RaftServerImpl (RaftServerImpl.java:setRole(171)) - ccf461c5-3768-483c-b0ca-dbf506c8c2c2:group-3C81D4B366D5 changes role from null to FOLLOWER at term 0 for startAsFollower
2019-07-16 14:37:44,230 INFO  impl.RoleInfo (RoleInfo.java:updateAndGet(143)) - ccf461c5-3768-483c-b0ca-dbf506c8c2c2: start FollowerState
2019-07-16 14:37:44,230 INFO  util.JmxRegister (JmxRegister.java:tryRegister(44)) - Successfully registered JMX Bean with object name Ratis:service=RaftServer,group=group-3C81D4B366D5,id=ccf461c5-3768-483c-b0ca-dbf506c8c2c2
2019-07-16 14:37:44,232 INFO  pipeline.PipelineStateManager (PipelineStateManager.java:addPipeline(56)) - Created pipeline Pipeline[ Id: d10767b2-d8d8-4c4c-a2c4-3c81d4b366d5, Nodes: ccf461c5-3768-483c-b0ca-dbf506c8c2c2{ip: 192.168.5.141, host: byscane-nightly-ppzk5-1864156943, networkLocation: /default-rack, certSerialId: null}919e3a0f-4e3a-4af4-a07e-aac4e8e6711b{ip: 192.168.5.141, host: byscane-nightly-ppzk5-1864156943, networkLocation: /default-rack, certSerialId: null}22a0ebc8-eb6c-4a1f-b61d-9d14bf71b2bd{ip: 192.168.5.141, host: byscane-nightly-ppzk5-1864156943, networkLocation: /default-rack, certSerialId: null}, Type:RATIS, Factor:THREE, State:OPEN]
2019-07-16 14:37:44,335 INFO  node.SCMNodeManager (SCMNodeManager.java:register(268)) - Registered Data node : 8c3aca03-f179-446f-a091-9877e02d9fca{ip: 192.168.5.141, host: byscane-nightly-ppzk5-1864156943, networkLocation: /default-rack, certSerialId: null}
2019-07-16 14:37:44,349 INFO  impl.RaftServerProxy (RaftServerProxy.java:addNew(89)) - 8c3aca03-f179-446f-a091-9877e02d9fca: addNew group-3DCF8877AD94:[8c3aca03-f179-446f-a091-9877e02d9fca:192.168.5.141:39952] returns group-3DCF8877AD94:java.util.concurrent.CompletableFuture@7d4418b6[Not completed]
2019-07-16 14:37:44,350 INFO  impl.RaftServerImpl (RaftServerImpl.java:<init>(93)) - 8c3aca03-f179-446f-a091-9877e02d9fca: new RaftServerImpl for group-3DCF8877AD94:[8c3aca03-f179-446f-a091-9877e02d9fca:192.168.5.141:39952] with ContainerStateMachine:uninitialized
2019-07-16 14:37:44,350 INFO  server.RaftServerConfigKeys (ConfUtils.java:logGet(43)) - raft.server.rpc.timeout.min = 5s (custom)
2019-07-16 14:37:44,350 INFO  server.RaftServerConfigKeys (ConfUtils.java:logGet(43)) - raft.server.rpc.timeout.max = 5200ms (custom)
2019-07-16 14:37:44,350 INFO  server.RaftServerConfigKeys (ConfUtils.java:logGet(43)) - raft.server.rpcslowness.timeout = 120s (custom)
2019-07-16 14:37:44,350 INFO  server.RaftServerConfigKeys (ConfUtils.java:logGet(43)) - raft.server.sleep.deviation.threshold = 300 (default)
2019-07-16 14:37:44,350 INFO  server.RaftServerConfigKeys (ConfUtils.java:logGet(43)) - raft.server.log.appender.install.snapshot.enabled = false (custom)
2019-07-16 14:37:44,350 INFO  impl.RaftServerImpl (ServerState.java:<init>(105)) - 8c3aca03-f179-446f-a091-9877e02d9fca:group-3DCF8877AD94 ConfigurationManager, init=-1: [8c3aca03-f179-446f-a091-9877e02d9fca:192.168.5.141:39952], old=null, confs=<EMPTY_MAP>
2019-07-16 14:37:44,350 INFO  server.RaftServerConfigKeys (ConfUtils.java:logGet(43)) - raft.server.storage.dir = [/workdir/hadoop-ozone/integration-test/target/test-dir/MiniOzoneClusterImpl-97ee1339-a049-4222-a247-019b32824aec/datanode-3/data/ratis] (custom)
2019-07-16 14:37:44,351 INFO  storage.RaftStorageDirectory (RaftStorageDirectory.java:analyzeStorage(246)) - The storage directory /workdir/hadoop-ozone/integration-test/target/test-dir/MiniOzoneClusterImpl-97ee1339-a049-4222-a247-019b32824aec/datanode-3/data/ratis/8289710b-5d3a-48d4-9c07-3dcf8877ad94 does not exist. Creating ...
2019-07-16 14:37:44,364 INFO  storage.RaftStorageDirectory (RaftStorageDirectory.java:tryLock(328)) - Lock on /workdir/hadoop-ozone/integration-test/target/test-dir/MiniOzoneClusterImpl-97ee1339-a049-4222-a247-019b32824aec/datanode-3/data/ratis/8289710b-5d3a-48d4-9c07-3dcf8877ad94/in_use.lock acquired by nodename 28094@byscane-nightly-ppzk5-1864156943
2019-07-16 14:37:44,368 INFO  storage.RaftStorage (RaftStorage.java:format(72)) - Storage directory /workdir/hadoop-ozone/integration-test/target/test-dir/MiniOzoneClusterImpl-97ee1339-a049-4222-a247-019b32824aec/datanode-3/data/ratis/8289710b-5d3a-48d4-9c07-3dcf8877ad94 has been successfully formatted.
2019-07-16 14:37:44,368 INFO  ratis.ContainerStateMachine (ContainerStateMachine.java:loadSnapshot(199)) - group-3DCF8877AD94: The snapshot info is null. Setting the last applied indexto:(t:0, i:~)
2019-07-16 14:37:44,368 INFO  server.RaftServerConfigKeys (ConfUtils.java:logGet(43)) - raft.server.leader.election.timeout = 120s (custom)
2019-07-16 14:37:44,368 INFO  server.RaftServerConfigKeys (ConfUtils.java:logGet(43)) - raft.server.log.use.memory = false (default)
2019-07-16 14:37:44,368 INFO  server.RaftServerConfigKeys (ConfUtils.java:logGet(43)) - raft.server.log.purge.gap = 1000000000 (custom)
2019-07-16 14:37:44,368 INFO  server.RaftServerConfigKeys (ConfUtils.java:logGet(43)) - raft.server.log.appender.buffer.byte-limit = 33554432 (custom)
2019-07-16 14:37:44,368 INFO  server.RaftServerConfigKeys (ConfUtils.java:logGet(43)) - raft.server.log.segment.size.max = 1048576 (custom)
2019-07-16 14:37:44,369 INFO  server.RaftServerConfigKeys (ConfUtils.java:logGet(43)) - raft.server.log.segment.cache.num.max = 2 (custom)
2019-07-16 14:37:44,369 INFO  segmented.SegmentedRaftLogWorker (SegmentedRaftLogWorker.java:<init>(172)) - new 8c3aca03-f179-446f-a091-9877e02d9fca-SegmentedRaftLogWorker:Storage Directory /workdir/hadoop-ozone/integration-test/target/test-dir/MiniOzoneClusterImpl-97ee1339-a049-4222-a247-019b32824aec/datanode-3/data/ratis/8289710b-5d3a-48d4-9c07-3dcf8877ad94 for RaftStorage:Storage Directory /workdir/hadoop-ozone/integration-test/target/test-dir/MiniOzoneClusterImpl-97ee1339-a049-4222-a247-019b32824aec/datanode-3/data/ratis/8289710b-5d3a-48d4-9c07-3dcf8877ad94
2019-07-16 14:37:44,369 INFO  server.RaftServerConfigKeys (ConfUtils.java:logGet(43)) - raft.server.log.queue.byte-limit = 2147483647 (custom)
2019-07-16 14:37:44,369 INFO  server.RaftServerConfigKeys (ConfUtils.java:logGet(43)) - raft.server.log.queue.element-limit = 1024 (custom)
2019-07-16 14:37:44,369 INFO  server.RaftServerConfigKeys (ConfUtils.java:logGet(43)) - raft.server.log.segment.size.max = 1048576 (custom)
2019-07-16 14:37:44,369 INFO  server.RaftServerConfigKeys (ConfUtils.java:logGet(43)) - raft.server.log.preallocated.size = 16384 (custom)
2019-07-16 14:37:44,369 INFO  server.RaftServerConfigKeys (ConfUtils.java:logGet(43)) - raft.server.log.write.buffer.size = 33554432 (custom)
2019-07-16 14:37:44,369 INFO  server.RaftServerConfigKeys (ConfUtils.java:logGet(43)) - raft.server.log.force.sync.num = 128 (default)
2019-07-16 14:37:44,370 INFO  server.RaftServerConfigKeys (ConfUtils.java:logGet(43)) - raft.server.log.statemachine.data.sync = true (default)
2019-07-16 14:37:44,370 INFO  server.RaftServerConfigKeys (ConfUtils.java:logGet(43)) - raft.server.log.statemachine.data.sync.timeout = 10s (default)
2019-07-16 14:37:44,370 INFO  server.RaftServerConfigKeys (ConfUtils.java:logGet(43)) - raft.server.log.statemachine.data.sync.timeout.retry = -1 (default)
2019-07-16 14:37:44,370 INFO  server.RaftServerConfigKeys (ConfUtils.java:logGet(43)) - raft.server.log.statemachine.data.caching.enabled = true (custom)
2019-07-16 14:37:44,370 INFO  segmented.SegmentedRaftLogWorker (SegmentedRaftLogWorker.java:lambda$new$0(132)) - 8c3aca03-f179-446f-a091-9877e02d9fca-SegmentedRaftLogWorker:Storage Directory /workdir/hadoop-ozone/integration-test/target/test-dir/MiniOzoneClusterImpl-97ee1339-a049-4222-a247-019b32824aec/datanode-3/data/ratis/8289710b-5d3a-48d4-9c07-3dcf8877ad94: flushIndex: setUnconditionally 0 -> -1
2019-07-16 14:37:44,371 INFO  server.RaftServerConfigKeys (ConfUtils.java:logGet(43)) - raft.server.snapshot.auto.trigger.enabled = true (custom)
2019-07-16 14:37:44,371 INFO  server.RaftServerConfigKeys (ConfUtils.java:logGet(43)) - raft.server.snapshot.auto.trigger.threshold = 10000 (custom)
2019-07-16 14:37:44,371 INFO  server.RaftServerConfigKeys (ConfUtils.java:logGet(43)) - raft.server.retrycache.expirytime = 600000ms (custom)
2019-07-16 14:37:44,371 INFO  impl.RaftServerImpl (RaftServerImpl.java:start(180)) - 8c3aca03-f179-446f-a091-9877e02d9fca: start group-3DCF8877AD94
2019-07-16 14:37:44,371 INFO  impl.RaftServerImpl (RaftServerImpl.java:setRole(171)) - 8c3aca03-f179-446f-a091-9877e02d9fca:group-3DCF8877AD94 changes role from null to FOLLOWER at term 0 for startAsFollower
2019-07-16 14:37:44,371 INFO  impl.RoleInfo (RoleInfo.java:updateAndGet(143)) - 8c3aca03-f179-446f-a091-9877e02d9fca: start FollowerState
2019-07-16 14:37:44,372 INFO  util.JmxRegister (JmxRegister.java:tryRegister(44)) - Successfully registered JMX Bean with object name Ratis:service=RaftServer,group=group-3DCF8877AD94,id=8c3aca03-f179-446f-a091-9877e02d9fca
2019-07-16 14:37:44,374 INFO  pipeline.PipelineStateManager (PipelineStateManager.java:addPipeline(56)) - Created pipeline Pipeline[ Id: 8289710b-5d3a-48d4-9c07-3dcf8877ad94, Nodes: 8c3aca03-f179-446f-a091-9877e02d9fca{ip: 192.168.5.141, host: byscane-nightly-ppzk5-1864156943, networkLocation: /default-rack, certSerialId: null}, Type:RATIS, Factor:ONE, State:OPEN]
2019-07-16 14:37:44,515 INFO  node.SCMNodeManager (SCMNodeManager.java:register(268)) - Registered Data node : 3c74ed14-6800-4994-bb6e-6d8e934939dd{ip: 192.168.5.141, host: byscane-nightly-ppzk5-1864156943, networkLocation: /default-rack, certSerialId: null}
2019-07-16 14:37:44,529 INFO  impl.RaftServerProxy (RaftServerProxy.java:addNew(89)) - 3c74ed14-6800-4994-bb6e-6d8e934939dd: addNew group-713E50E0BD09:[3c74ed14-6800-4994-bb6e-6d8e934939dd:192.168.5.141:32959] returns group-713E50E0BD09:java.util.concurrent.CompletableFuture@3c2bc621[Not completed]
2019-07-16 14:37:44,530 INFO  impl.RaftServerImpl (RaftServerImpl.java:<init>(93)) - 3c74ed14-6800-4994-bb6e-6d8e934939dd: new RaftServerImpl for group-713E50E0BD09:[3c74ed14-6800-4994-bb6e-6d8e934939dd:192.168.5.141:32959] with ContainerStateMachine:uninitialized
2019-07-16 14:37:44,530 INFO  server.RaftServerConfigKeys (ConfUtils.java:logGet(43)) - raft.server.rpc.timeout.min = 5s (custom)
2019-07-16 14:37:44,530 INFO  server.RaftServerConfigKeys (ConfUtils.java:logGet(43)) - raft.server.rpc.timeout.max = 5200ms (custom)
2019-07-16 14:37:44,530 INFO  server.RaftServerConfigKeys (ConfUtils.java:logGet(43)) - raft.server.rpcslowness.timeout = 120s (custom)
2019-07-16 14:37:44,530 INFO  server.RaftServerConfigKeys (ConfUtils.java:logGet(43)) - raft.server.sleep.deviation.threshold = 300 (default)
2019-07-16 14:37:44,530 INFO  server.RaftServerConfigKeys (ConfUtils.java:logGet(43)) - raft.server.log.appender.install.snapshot.enabled = false (custom)
2019-07-16 14:37:44,531 INFO  impl.RaftServerImpl (ServerState.java:<init>(105)) - 3c74ed14-6800-4994-bb6e-6d8e934939dd:group-713E50E0BD09 ConfigurationManager, init=-1: [3c74ed14-6800-4994-bb6e-6d8e934939dd:192.168.5.141:32959], old=null, confs=<EMPTY_MAP>
2019-07-16 14:37:44,531 INFO  server.RaftServerConfigKeys (ConfUtils.java:logGet(43)) - raft.server.storage.dir = [/workdir/hadoop-ozone/integration-test/target/test-dir/MiniOzoneClusterImpl-97ee1339-a049-4222-a247-019b32824aec/datanode-4/data/ratis] (custom)
2019-07-16 14:37:44,531 INFO  storage.RaftStorageDirectory (RaftStorageDirectory.java:analyzeStorage(246)) - The storage directory /workdir/hadoop-ozone/integration-test/target/test-dir/MiniOzoneClusterImpl-97ee1339-a049-4222-a247-019b32824aec/datanode-4/data/ratis/6caaf7e6-5f62-46ab-ad2d-713e50e0bd09 does not exist. Creating ...
2019-07-16 14:37:44,536 INFO  storage.RaftStorageDirectory (RaftStorageDirectory.java:tryLock(328)) - Lock on /workdir/hadoop-ozone/integration-test/target/test-dir/MiniOzoneClusterImpl-97ee1339-a049-4222-a247-019b32824aec/datanode-4/data/ratis/6caaf7e6-5f62-46ab-ad2d-713e50e0bd09/in_use.lock acquired by nodename 28094@byscane-nightly-ppzk5-1864156943
2019-07-16 14:37:44,540 INFO  storage.RaftStorage (RaftStorage.java:format(72)) - Storage directory /workdir/hadoop-ozone/integration-test/target/test-dir/MiniOzoneClusterImpl-97ee1339-a049-4222-a247-019b32824aec/datanode-4/data/ratis/6caaf7e6-5f62-46ab-ad2d-713e50e0bd09 has been successfully formatted.
2019-07-16 14:37:44,540 INFO  ratis.ContainerStateMachine (ContainerStateMachine.java:loadSnapshot(199)) - group-713E50E0BD09: The snapshot info is null. Setting the last applied indexto:(t:0, i:~)
2019-07-16 14:37:44,541 INFO  server.RaftServerConfigKeys (ConfUtils.java:logGet(43)) - raft.server.leader.election.timeout = 120s (custom)
2019-07-16 14:37:44,541 INFO  server.RaftServerConfigKeys (ConfUtils.java:logGet(43)) - raft.server.log.use.memory = false (default)
2019-07-16 14:37:44,541 INFO  server.RaftServerConfigKeys (ConfUtils.java:logGet(43)) - raft.server.log.purge.gap = 1000000000 (custom)
2019-07-16 14:37:44,541 INFO  server.RaftServerConfigKeys (ConfUtils.java:logGet(43)) - raft.server.log.appender.buffer.byte-limit = 33554432 (custom)
2019-07-16 14:37:44,541 INFO  server.RaftServerConfigKeys (ConfUtils.java:logGet(43)) - raft.server.log.segment.size.max = 1048576 (custom)
2019-07-16 14:37:44,541 INFO  server.RaftServerConfigKeys (ConfUtils.java:logGet(43)) - raft.server.log.segment.cache.num.max = 2 (custom)
2019-07-16 14:37:44,542 INFO  segmented.SegmentedRaftLogWorker (SegmentedRaftLogWorker.java:<init>(172)) - new 3c74ed14-6800-4994-bb6e-6d8e934939dd-SegmentedRaftLogWorker:Storage Directory /workdir/hadoop-ozone/integration-test/target/test-dir/MiniOzoneClusterImpl-97ee1339-a049-4222-a247-019b32824aec/datanode-4/data/ratis/6caaf7e6-5f62-46ab-ad2d-713e50e0bd09 for RaftStorage:Storage Directory /workdir/hadoop-ozone/integration-test/target/test-dir/MiniOzoneClusterImpl-97ee1339-a049-4222-a247-019b32824aec/datanode-4/data/ratis/6caaf7e6-5f62-46ab-ad2d-713e50e0bd09
2019-07-16 14:37:44,542 INFO  server.RaftServerConfigKeys (ConfUtils.java:logGet(43)) - raft.server.log.queue.byte-limit = 2147483647 (custom)
2019-07-16 14:37:44,542 INFO  server.RaftServerConfigKeys (ConfUtils.java:logGet(43)) - raft.server.log.queue.element-limit = 1024 (custom)
2019-07-16 14:37:44,542 INFO  server.RaftServerConfigKeys (ConfUtils.java:logGet(43)) - raft.server.log.segment.size.max = 1048576 (custom)
2019-07-16 14:37:44,542 INFO  server.RaftServerConfigKeys (ConfUtils.java:logGet(43)) - raft.server.log.preallocated.size = 16384 (custom)
2019-07-16 14:37:44,543 INFO  server.RaftServerConfigKeys (ConfUtils.java:logGet(43)) - raft.server.log.write.buffer.size = 33554432 (custom)
2019-07-16 14:37:44,543 INFO  server.RaftServerConfigKeys (ConfUtils.java:logGet(43)) - raft.server.log.force.sync.num = 128 (default)
2019-07-16 14:37:44,543 INFO  server.RaftServerConfigKeys (ConfUtils.java:logGet(43)) - raft.server.log.statemachine.data.sync = true (default)
2019-07-16 14:37:44,543 INFO  server.RaftServerConfigKeys (ConfUtils.java:logGet(43)) - raft.server.log.statemachine.data.sync.timeout = 10s (default)
2019-07-16 14:37:44,543 INFO  server.RaftServerConfigKeys (ConfUtils.java:logGet(43)) - raft.server.log.statemachine.data.sync.timeout.retry = -1 (default)
2019-07-16 14:37:44,543 INFO  server.RaftServerConfigKeys (ConfUtils.java:logGet(43)) - raft.server.log.statemachine.data.caching.enabled = true (custom)
2019-07-16 14:37:44,544 INFO  segmented.SegmentedRaftLogWorker (SegmentedRaftLogWorker.java:lambda$new$0(132)) - 3c74ed14-6800-4994-bb6e-6d8e934939dd-SegmentedRaftLogWorker:Storage Directory /workdir/hadoop-ozone/integration-test/target/test-dir/MiniOzoneClusterImpl-97ee1339-a049-4222-a247-019b32824aec/datanode-4/data/ratis/6caaf7e6-5f62-46ab-ad2d-713e50e0bd09: flushIndex: setUnconditionally 0 -> -1
2019-07-16 14:37:44,544 INFO  server.RaftServerConfigKeys (ConfUtils.java:logGet(43)) - raft.server.snapshot.auto.trigger.enabled = true (custom)
2019-07-16 14:37:44,544 INFO  server.RaftServerConfigKeys (ConfUtils.java:logGet(43)) - raft.server.snapshot.auto.trigger.threshold = 10000 (custom)
2019-07-16 14:37:44,545 INFO  server.RaftServerConfigKeys (ConfUtils.java:logGet(43)) - raft.server.retrycache.expirytime = 600000ms (custom)
2019-07-16 14:37:44,545 INFO  impl.RaftServerImpl (RaftServerImpl.java:start(180)) - 3c74ed14-6800-4994-bb6e-6d8e934939dd: start group-713E50E0BD09
2019-07-16 14:37:44,545 INFO  impl.RaftServerImpl (RaftServerImpl.java:setRole(171)) - 3c74ed14-6800-4994-bb6e-6d8e934939dd:group-713E50E0BD09 changes role from null to FOLLOWER at term 0 for startAsFollower
2019-07-16 14:37:44,545 INFO  impl.RoleInfo (RoleInfo.java:updateAndGet(143)) - 3c74ed14-6800-4994-bb6e-6d8e934939dd: start FollowerState
2019-07-16 14:37:44,546 INFO  util.JmxRegister (JmxRegister.java:tryRegister(44)) - Successfully registered JMX Bean with object name Ratis:service=RaftServer,group=group-713E50E0BD09,id=3c74ed14-6800-4994-bb6e-6d8e934939dd
2019-07-16 14:37:44,548 INFO  pipeline.PipelineStateManager (PipelineStateManager.java:addPipeline(56)) - Created pipeline Pipeline[ Id: 6caaf7e6-5f62-46ab-ad2d-713e50e0bd09, Nodes: 3c74ed14-6800-4994-bb6e-6d8e934939dd{ip: 192.168.5.141, host: byscane-nightly-ppzk5-1864156943, networkLocation: /default-rack, certSerialId: null}, Type:RATIS, Factor:ONE, State:OPEN]
2019-07-16 14:37:44,760 INFO  node.SCMNodeManager (SCMNodeManager.java:register(268)) - Registered Data node : 87bc60ff-b013-4719-8ee1-ac04f5988ae3{ip: 192.168.5.141, host: byscane-nightly-ppzk5-1864156943, networkLocation: /default-rack, certSerialId: null}
2019-07-16 14:37:44,937 INFO  ozone.MiniOzoneClusterImpl (MiniOzoneClusterImpl.java:lambda$waitForClusterToBeReady$0(142)) - Waiting for cluster to be ready. Got 6 of 7 DN Heartbeats.
2019-07-16 14:37:44,939 INFO  node.SCMNodeManager (SCMNodeManager.java:register(268)) - Registered Data node : 390a5bb7-567e-47fb-b9c9-5e868ddc7792{ip: 192.168.5.141, host: byscane-nightly-ppzk5-1864156943, networkLocation: /default-rack, certSerialId: null}
2019-07-16 14:37:44,993 INFO  impl.RaftServerProxy (RaftServerProxy.java:addNew(89)) - 87bc60ff-b013-4719-8ee1-ac04f5988ae3: addNew group-FE88C7355B04:[87bc60ff-b013-4719-8ee1-ac04f5988ae3:192.168.5.141:45630] returns group-FE88C7355B04:java.util.concurrent.CompletableFuture@6c49a917[Not completed]
2019-07-16 14:37:44,993 INFO  impl.RaftServerImpl (RaftServerImpl.java:<init>(93)) - 87bc60ff-b013-4719-8ee1-ac04f5988ae3: new RaftServerImpl for group-FE88C7355B04:[87bc60ff-b013-4719-8ee1-ac04f5988ae3:192.168.5.141:45630] with ContainerStateMachine:uninitialized
2019-07-16 14:37:44,994 INFO  server.RaftServerConfigKeys (ConfUtils.java:logGet(43)) - raft.server.rpc.timeout.min = 5s (custom)
2019-07-16 14:37:44,994 INFO  server.RaftServerConfigKeys (ConfUtils.java:logGet(43)) - raft.server.rpc.timeout.max = 5200ms (custom)
2019-07-16 14:37:44,994 INFO  server.RaftServerConfigKeys (ConfUtils.java:logGet(43)) - raft.server.rpcslowness.timeout = 120s (custom)
2019-07-16 14:37:44,994 INFO  server.RaftServerConfigKeys (ConfUtils.java:logGet(43)) - raft.server.sleep.deviation.threshold = 300 (default)
2019-07-16 14:37:44,994 INFO  server.RaftServerConfigKeys (ConfUtils.java:logGet(43)) - raft.server.log.appender.install.snapshot.enabled = false (custom)
2019-07-16 14:37:44,994 INFO  impl.RaftServerImpl (ServerState.java:<init>(105)) - 87bc60ff-b013-4719-8ee1-ac04f5988ae3:group-FE88C7355B04 ConfigurationManager, init=-1: [87bc60ff-b013-4719-8ee1-ac04f5988ae3:192.168.5.141:45630], old=null, confs=<EMPTY_MAP>
2019-07-16 14:37:44,995 INFO  server.RaftServerConfigKeys (ConfUtils.java:logGet(43)) - raft.server.storage.dir = [/workdir/hadoop-ozone/integration-test/target/test-dir/MiniOzoneClusterImpl-97ee1339-a049-4222-a247-019b32824aec/datanode-5/data/ratis] (custom)
2019-07-16 14:37:45,006 INFO  storage.RaftStorageDirectory (RaftStorageDirectory.java:analyzeStorage(246)) - The storage directory /workdir/hadoop-ozone/integration-test/target/test-dir/MiniOzoneClusterImpl-97ee1339-a049-4222-a247-019b32824aec/datanode-5/data/ratis/e5261087-ec0e-4f40-864f-fe88c7355b04 does not exist. Creating ...
2019-07-16 14:37:45,037 INFO  storage.RaftStorageDirectory (RaftStorageDirectory.java:tryLock(328)) - Lock on /workdir/hadoop-ozone/integration-test/target/test-dir/MiniOzoneClusterImpl-97ee1339-a049-4222-a247-019b32824aec/datanode-5/data/ratis/e5261087-ec0e-4f40-864f-fe88c7355b04/in_use.lock acquired by nodename 28094@byscane-nightly-ppzk5-1864156943
2019-07-16 14:37:45,050 INFO  storage.RaftStorage (RaftStorage.java:format(72)) - Storage directory /workdir/hadoop-ozone/integration-test/target/test-dir/MiniOzoneClusterImpl-97ee1339-a049-4222-a247-019b32824aec/datanode-5/data/ratis/e5261087-ec0e-4f40-864f-fe88c7355b04 has been successfully formatted.
2019-07-16 14:37:45,051 INFO  ratis.ContainerStateMachine (ContainerStateMachine.java:loadSnapshot(199)) - group-FE88C7355B04: The snapshot info is null. Setting the last applied indexto:(t:0, i:~)
2019-07-16 14:37:45,051 INFO  server.RaftServerConfigKeys (ConfUtils.java:logGet(43)) - raft.server.leader.election.timeout = 120s (custom)
2019-07-16 14:37:45,051 INFO  server.RaftServerConfigKeys (ConfUtils.java:logGet(43)) - raft.server.log.use.memory = false (default)
2019-07-16 14:37:45,051 INFO  server.RaftServerConfigKeys (ConfUtils.java:logGet(43)) - raft.server.log.purge.gap = 1000000000 (custom)
2019-07-16 14:37:45,051 INFO  server.RaftServerConfigKeys (ConfUtils.java:logGet(43)) - raft.server.log.appender.buffer.byte-limit = 33554432 (custom)
2019-07-16 14:37:45,051 INFO  server.RaftServerConfigKeys (ConfUtils.java:logGet(43)) - raft.server.log.segment.size.max = 1048576 (custom)
2019-07-16 14:37:45,052 INFO  server.RaftServerConfigKeys (ConfUtils.java:logGet(43)) - raft.server.log.segment.cache.num.max = 2 (custom)
2019-07-16 14:37:45,052 INFO  segmented.SegmentedRaftLogWorker (SegmentedRaftLogWorker.java:<init>(172)) - new 87bc60ff-b013-4719-8ee1-ac04f5988ae3-SegmentedRaftLogWorker:Storage Directory /workdir/hadoop-ozone/integration-test/target/test-dir/MiniOzoneClusterImpl-97ee1339-a049-4222-a247-019b32824aec/datanode-5/data/ratis/e5261087-ec0e-4f40-864f-fe88c7355b04 for RaftStorage:Storage Directory /workdir/hadoop-ozone/integration-test/target/test-dir/MiniOzoneClusterImpl-97ee1339-a049-4222-a247-019b32824aec/datanode-5/data/ratis/e5261087-ec0e-4f40-864f-fe88c7355b04
2019-07-16 14:37:45,052 INFO  server.RaftServerConfigKeys (ConfUtils.java:logGet(43)) - raft.server.log.queue.byte-limit = 2147483647 (custom)
2019-07-16 14:37:45,052 INFO  server.RaftServerConfigKeys (ConfUtils.java:logGet(43)) - raft.server.log.queue.element-limit = 1024 (custom)
2019-07-16 14:37:45,052 INFO  server.RaftServerConfigKeys (ConfUtils.java:logGet(43)) - raft.server.log.segment.size.max = 1048576 (custom)
2019-07-16 14:37:45,053 INFO  server.RaftServerConfigKeys (ConfUtils.java:logGet(43)) - raft.server.log.preallocated.size = 16384 (custom)
2019-07-16 14:37:45,053 INFO  server.RaftServerConfigKeys (ConfUtils.java:logGet(43)) - raft.server.log.write.buffer.size = 33554432 (custom)
2019-07-16 14:37:45,053 INFO  server.RaftServerConfigKeys (ConfUtils.java:logGet(43)) - raft.server.log.force.sync.num = 128 (default)
2019-07-16 14:37:45,053 INFO  server.RaftServerConfigKeys (ConfUtils.java:logGet(43)) - raft.server.log.statemachine.data.sync = true (default)
2019-07-16 14:37:45,053 INFO  server.RaftServerConfigKeys (ConfUtils.java:logGet(43)) - raft.server.log.statemachine.data.sync.timeout = 10s (default)
2019-07-16 14:37:45,053 INFO  server.RaftServerConfigKeys (ConfUtils.java:logGet(43)) - raft.server.log.statemachine.data.sync.timeout.retry = -1 (default)
2019-07-16 14:37:45,054 INFO  server.RaftServerConfigKeys (ConfUtils.java:logGet(43)) - raft.server.log.statemachine.data.caching.enabled = true (custom)
2019-07-16 14:37:45,054 INFO  segmented.SegmentedRaftLogWorker (SegmentedRaftLogWorker.java:lambda$new$0(132)) - 87bc60ff-b013-4719-8ee1-ac04f5988ae3-SegmentedRaftLogWorker:Storage Directory /workdir/hadoop-ozone/integration-test/target/test-dir/MiniOzoneClusterImpl-97ee1339-a049-4222-a247-019b32824aec/datanode-5/data/ratis/e5261087-ec0e-4f40-864f-fe88c7355b04: flushIndex: setUnconditionally 0 -> -1
2019-07-16 14:37:45,054 INFO  server.RaftServerConfigKeys (ConfUtils.java:logGet(43)) - raft.server.snapshot.auto.trigger.enabled = true (custom)
2019-07-16 14:37:45,054 INFO  server.RaftServerConfigKeys (ConfUtils.java:logGet(43)) - raft.server.snapshot.auto.trigger.threshold = 10000 (custom)
2019-07-16 14:37:45,055 INFO  server.RaftServerConfigKeys (ConfUtils.java:logGet(43)) - raft.server.retrycache.expirytime = 600000ms (custom)
2019-07-16 14:37:45,055 INFO  impl.RaftServerImpl (RaftServerImpl.java:start(180)) - 87bc60ff-b013-4719-8ee1-ac04f5988ae3: start group-FE88C7355B04
2019-07-16 14:37:45,055 INFO  impl.RaftServerImpl (RaftServerImpl.java:setRole(171)) - 87bc60ff-b013-4719-8ee1-ac04f5988ae3:group-FE88C7355B04 changes role from null to FOLLOWER at term 0 for startAsFollower
2019-07-16 14:37:45,055 INFO  impl.RoleInfo (RoleInfo.java:updateAndGet(143)) - 87bc60ff-b013-4719-8ee1-ac04f5988ae3: start FollowerState
2019-07-16 14:37:45,056 INFO  util.JmxRegister (JmxRegister.java:tryRegister(44)) - Successfully registered JMX Bean with object name Ratis:service=RaftServer,group=group-FE88C7355B04,id=87bc60ff-b013-4719-8ee1-ac04f5988ae3
2019-07-16 14:37:45,065 INFO  pipeline.PipelineStateManager (PipelineStateManager.java:addPipeline(56)) - Created pipeline Pipeline[ Id: e5261087-ec0e-4f40-864f-fe88c7355b04, Nodes: 87bc60ff-b013-4719-8ee1-ac04f5988ae3{ip: 192.168.5.141, host: byscane-nightly-ppzk5-1864156943, networkLocation: /default-rack, certSerialId: null}, Type:RATIS, Factor:ONE, State:OPEN]
2019-07-16 14:37:45,070 INFO  impl.RaftServerProxy (RaftServerProxy.java:addNew(89)) - 390a5bb7-567e-47fb-b9c9-5e868ddc7792: addNew group-03F7F100DFF7:[390a5bb7-567e-47fb-b9c9-5e868ddc7792:192.168.5.141:36717] returns group-03F7F100DFF7:java.util.concurrent.CompletableFuture@1455dae5[Not completed]
2019-07-16 14:37:45,071 INFO  impl.RaftServerImpl (RaftServerImpl.java:<init>(93)) - 390a5bb7-567e-47fb-b9c9-5e868ddc7792: new RaftServerImpl for group-03F7F100DFF7:[390a5bb7-567e-47fb-b9c9-5e868ddc7792:192.168.5.141:36717] with ContainerStateMachine:uninitialized
2019-07-16 14:37:45,071 INFO  server.RaftServerConfigKeys (ConfUtils.java:logGet(43)) - raft.server.rpc.timeout.min = 5s (custom)
2019-07-16 14:37:45,071 INFO  server.RaftServerConfigKeys (ConfUtils.java:logGet(43)) - raft.server.rpc.timeout.max = 5200ms (custom)
2019-07-16 14:37:45,071 INFO  server.RaftServerConfigKeys (ConfUtils.java:logGet(43)) - raft.server.rpcslowness.timeout = 120s (custom)
2019-07-16 14:37:45,071 INFO  server.RaftServerConfigKeys (ConfUtils.java:logGet(43)) - raft.server.sleep.deviation.threshold = 300 (default)
2019-07-16 14:37:45,071 INFO  server.RaftServerConfigKeys (ConfUtils.java:logGet(43)) - raft.server.log.appender.install.snapshot.enabled = false (custom)
2019-07-16 14:37:45,071 INFO  impl.RaftServerImpl (ServerState.java:<init>(105)) - 390a5bb7-567e-47fb-b9c9-5e868ddc7792:group-03F7F100DFF7 ConfigurationManager, init=-1: [390a5bb7-567e-47fb-b9c9-5e868ddc7792:192.168.5.141:36717], old=null, confs=<EMPTY_MAP>
2019-07-16 14:37:45,072 INFO  server.RaftServerConfigKeys (ConfUtils.java:logGet(43)) - raft.server.storage.dir = [/workdir/hadoop-ozone/integration-test/target/test-dir/MiniOzoneClusterImpl-97ee1339-a049-4222-a247-019b32824aec/datanode-6/data/ratis] (custom)
2019-07-16 14:37:45,077 INFO  storage.RaftStorageDirectory (RaftStorageDirectory.java:analyzeStorage(246)) - The storage directory /workdir/hadoop-ozone/integration-test/target/test-dir/MiniOzoneClusterImpl-97ee1339-a049-4222-a247-019b32824aec/datanode-6/data/ratis/8bc0ad6e-ed37-4ad7-b4aa-03f7f100dff7 does not exist. Creating ...
2019-07-16 14:37:45,106 INFO  storage.RaftStorageDirectory (RaftStorageDirectory.java:tryLock(328)) - Lock on /workdir/hadoop-ozone/integration-test/target/test-dir/MiniOzoneClusterImpl-97ee1339-a049-4222-a247-019b32824aec/datanode-6/data/ratis/8bc0ad6e-ed37-4ad7-b4aa-03f7f100dff7/in_use.lock acquired by nodename 28094@byscane-nightly-ppzk5-1864156943
2019-07-16 14:37:45,114 INFO  storage.RaftStorage (RaftStorage.java:format(72)) - Storage directory /workdir/hadoop-ozone/integration-test/target/test-dir/MiniOzoneClusterImpl-97ee1339-a049-4222-a247-019b32824aec/datanode-6/data/ratis/8bc0ad6e-ed37-4ad7-b4aa-03f7f100dff7 has been successfully formatted.
2019-07-16 14:37:45,114 INFO  ratis.ContainerStateMachine (ContainerStateMachine.java:loadSnapshot(199)) - group-03F7F100DFF7: The snapshot info is null. Setting the last applied indexto:(t:0, i:~)
2019-07-16 14:37:45,114 INFO  server.RaftServerConfigKeys (ConfUtils.java:logGet(43)) - raft.server.leader.election.timeout = 120s (custom)
2019-07-16 14:37:45,114 INFO  server.RaftServerConfigKeys (ConfUtils.java:logGet(43)) - raft.server.log.use.memory = false (default)
2019-07-16 14:37:45,114 INFO  server.RaftServerConfigKeys (ConfUtils.java:logGet(43)) - raft.server.log.purge.gap = 1000000000 (custom)
2019-07-16 14:37:45,115 INFO  server.RaftServerConfigKeys (ConfUtils.java:logGet(43)) - raft.server.log.appender.buffer.byte-limit = 33554432 (custom)
2019-07-16 14:37:45,115 INFO  server.RaftServerConfigKeys (ConfUtils.java:logGet(43)) - raft.server.log.segment.size.max = 1048576 (custom)
2019-07-16 14:37:45,115 INFO  server.RaftServerConfigKeys (ConfUtils.java:logGet(43)) - raft.server.log.segment.cache.num.max = 2 (custom)
2019-07-16 14:37:45,115 INFO  segmented.SegmentedRaftLogWorker (SegmentedRaftLogWorker.java:<init>(172)) - new 390a5bb7-567e-47fb-b9c9-5e868ddc7792-SegmentedRaftLogWorker:Storage Directory /workdir/hadoop-ozone/integration-test/target/test-dir/MiniOzoneClusterImpl-97ee1339-a049-4222-a247-019b32824aec/datanode-6/data/ratis/8bc0ad6e-ed37-4ad7-b4aa-03f7f100dff7 for RaftStorage:Storage Directory /workdir/hadoop-ozone/integration-test/target/test-dir/MiniOzoneClusterImpl-97ee1339-a049-4222-a247-019b32824aec/datanode-6/data/ratis/8bc0ad6e-ed37-4ad7-b4aa-03f7f100dff7
2019-07-16 14:37:45,115 INFO  server.RaftServerConfigKeys (ConfUtils.java:logGet(43)) - raft.server.log.queue.byte-limit = 2147483647 (custom)
2019-07-16 14:37:45,115 INFO  server.RaftServerConfigKeys (ConfUtils.java:logGet(43)) - raft.server.log.queue.element-limit = 1024 (custom)
2019-07-16 14:37:45,116 INFO  server.RaftServerConfigKeys (ConfUtils.java:logGet(43)) - raft.server.log.segment.size.max = 1048576 (custom)
2019-07-16 14:37:45,116 INFO  server.RaftServerConfigKeys (ConfUtils.java:logGet(43)) - raft.server.log.preallocated.size = 16384 (custom)
2019-07-16 14:37:45,116 INFO  server.RaftServerConfigKeys (ConfUtils.java:logGet(43)) - raft.server.log.write.buffer.size = 33554432 (custom)
2019-07-16 14:37:45,116 INFO  server.RaftServerConfigKeys (ConfUtils.java:logGet(43)) - raft.server.log.force.sync.num = 128 (default)
2019-07-16 14:37:45,116 INFO  server.RaftServerConfigKeys (ConfUtils.java:logGet(43)) - raft.server.log.statemachine.data.sync = true (default)
2019-07-16 14:37:45,116 INFO  server.RaftServerConfigKeys (ConfUtils.java:logGet(43)) - raft.server.log.statemachine.data.sync.timeout = 10s (default)
2019-07-16 14:37:45,116 INFO  server.RaftServerConfigKeys (ConfUtils.java:logGet(43)) - raft.server.log.statemachine.data.sync.timeout.retry = -1 (default)
2019-07-16 14:37:45,117 INFO  server.RaftServerConfigKeys (ConfUtils.java:logGet(43)) - raft.server.log.statemachine.data.caching.enabled = true (custom)
2019-07-16 14:37:45,117 INFO  segmented.SegmentedRaftLogWorker (SegmentedRaftLogWorker.java:lambda$new$0(132)) - 390a5bb7-567e-47fb-b9c9-5e868ddc7792-SegmentedRaftLogWorker:Storage Directory /workdir/hadoop-ozone/integration-test/target/test-dir/MiniOzoneClusterImpl-97ee1339-a049-4222-a247-019b32824aec/datanode-6/data/ratis/8bc0ad6e-ed37-4ad7-b4aa-03f7f100dff7: flushIndex: setUnconditionally 0 -> -1
2019-07-16 14:37:45,117 INFO  server.RaftServerConfigKeys (ConfUtils.java:logGet(43)) - raft.server.snapshot.auto.trigger.enabled = true (custom)
2019-07-16 14:37:45,118 INFO  server.RaftServerConfigKeys (ConfUtils.java:logGet(43)) - raft.server.snapshot.auto.trigger.threshold = 10000 (custom)
2019-07-16 14:37:45,118 INFO  server.RaftServerConfigKeys (ConfUtils.java:logGet(43)) - raft.server.retrycache.expirytime = 600000ms (custom)
2019-07-16 14:37:45,118 INFO  impl.RaftServerImpl (RaftServerImpl.java:start(180)) - 390a5bb7-567e-47fb-b9c9-5e868ddc7792: start group-03F7F100DFF7
2019-07-16 14:37:45,118 INFO  impl.RaftServerImpl (RaftServerImpl.java:setRole(171)) - 390a5bb7-567e-47fb-b9c9-5e868ddc7792:group-03F7F100DFF7 changes role from null to FOLLOWER at term 0 for startAsFollower
2019-07-16 14:37:45,118 INFO  impl.RoleInfo (RoleInfo.java:updateAndGet(143)) - 390a5bb7-567e-47fb-b9c9-5e868ddc7792: start FollowerState
2019-07-16 14:37:45,118 INFO  util.JmxRegister (JmxRegister.java:tryRegister(44)) - Successfully registered JMX Bean with object name Ratis:service=RaftServer,group=group-03F7F100DFF7,id=390a5bb7-567e-47fb-b9c9-5e868ddc7792
2019-07-16 14:37:45,121 INFO  pipeline.PipelineStateManager (PipelineStateManager.java:addPipeline(56)) - Created pipeline Pipeline[ Id: 8bc0ad6e-ed37-4ad7-b4aa-03f7f100dff7, Nodes: 390a5bb7-567e-47fb-b9c9-5e868ddc7792{ip: 192.168.5.141, host: byscane-nightly-ppzk5-1864156943, networkLocation: /default-rack, certSerialId: null}, Type:RATIS, Factor:ONE, State:OPEN]
2019-07-16 14:37:45,148 INFO  impl.RaftServerProxy (RaftServerProxy.java:addNew(89)) - 390a5bb7-567e-47fb-b9c9-5e868ddc7792: addNew group-F82D57D1E1AC:[87bc60ff-b013-4719-8ee1-ac04f5988ae3:192.168.5.141:45630, 3c74ed14-6800-4994-bb6e-6d8e934939dd:192.168.5.141:32959, 390a5bb7-567e-47fb-b9c9-5e868ddc7792:192.168.5.141:36717] returns group-F82D57D1E1AC:java.util.concurrent.CompletableFuture@30c2044e[Not completed]
2019-07-16 14:37:45,148 INFO  impl.RaftServerProxy (RaftServerProxy.java:addNew(89)) - 3c74ed14-6800-4994-bb6e-6d8e934939dd: addNew group-F82D57D1E1AC:[87bc60ff-b013-4719-8ee1-ac04f5988ae3:192.168.5.141:45630, 3c74ed14-6800-4994-bb6e-6d8e934939dd:192.168.5.141:32959, 390a5bb7-567e-47fb-b9c9-5e868ddc7792:192.168.5.141:36717] returns group-F82D57D1E1AC:java.util.concurrent.CompletableFuture@68317689[Not completed]
2019-07-16 14:37:45,148 INFO  impl.RaftServerProxy (RaftServerProxy.java:addNew(89)) - 87bc60ff-b013-4719-8ee1-ac04f5988ae3: addNew group-F82D57D1E1AC:[87bc60ff-b013-4719-8ee1-ac04f5988ae3:192.168.5.141:45630, 3c74ed14-6800-4994-bb6e-6d8e934939dd:192.168.5.141:32959, 390a5bb7-567e-47fb-b9c9-5e868ddc7792:192.168.5.141:36717] returns group-F82D57D1E1AC:java.util.concurrent.CompletableFuture@2b03146[Not completed]
2019-07-16 14:37:45,148 INFO  impl.RaftServerImpl (RaftServerImpl.java:<init>(93)) - 390a5bb7-567e-47fb-b9c9-5e868ddc7792: new RaftServerImpl for group-F82D57D1E1AC:[87bc60ff-b013-4719-8ee1-ac04f5988ae3:192.168.5.141:45630, 3c74ed14-6800-4994-bb6e-6d8e934939dd:192.168.5.141:32959, 390a5bb7-567e-47fb-b9c9-5e868ddc7792:192.168.5.141:36717] with ContainerStateMachine:uninitialized
2019-07-16 14:37:45,149 INFO  server.RaftServerConfigKeys (ConfUtils.java:logGet(43)) - raft.server.rpc.timeout.min = 5s (custom)
2019-07-16 14:37:45,149 INFO  impl.RaftServerImpl (RaftServerImpl.java:<init>(93)) - 87bc60ff-b013-4719-8ee1-ac04f5988ae3: new RaftServerImpl for group-F82D57D1E1AC:[87bc60ff-b013-4719-8ee1-ac04f5988ae3:192.168.5.141:45630, 3c74ed14-6800-4994-bb6e-6d8e934939dd:192.168.5.141:32959, 390a5bb7-567e-47fb-b9c9-5e868ddc7792:192.168.5.141:36717] with ContainerStateMachine:uninitialized
2019-07-16 14:37:45,149 INFO  server.RaftServerConfigKeys (ConfUtils.java:logGet(43)) - raft.server.rpc.timeout.max = 5200ms (custom)
2019-07-16 14:37:45,149 INFO  server.RaftServerConfigKeys (ConfUtils.java:logGet(43)) - raft.server.rpc.timeout.min = 5s (custom)
2019-07-16 14:37:45,149 INFO  server.RaftServerConfigKeys (ConfUtils.java:logGet(43)) - raft.server.rpcslowness.timeout = 120s (custom)
2019-07-16 14:37:45,149 INFO  impl.RaftServerImpl (RaftServerImpl.java:<init>(93)) - 3c74ed14-6800-4994-bb6e-6d8e934939dd: new RaftServerImpl for group-F82D57D1E1AC:[87bc60ff-b013-4719-8ee1-ac04f5988ae3:192.168.5.141:45630, 3c74ed14-6800-4994-bb6e-6d8e934939dd:192.168.5.141:32959, 390a5bb7-567e-47fb-b9c9-5e868ddc7792:192.168.5.141:36717] with ContainerStateMachine:uninitialized
2019-07-16 14:37:45,149 INFO  server.RaftServerConfigKeys (ConfUtils.java:logGet(43)) - raft.server.rpc.timeout.max = 5200ms (custom)
2019-07-16 14:37:45,149 INFO  server.RaftServerConfigKeys (ConfUtils.java:logGet(43)) - raft.server.rpc.timeout.min = 5s (custom)
2019-07-16 14:37:45,149 INFO  server.RaftServerConfigKeys (ConfUtils.java:logGet(43)) - raft.server.sleep.deviation.threshold = 300 (default)
2019-07-16 14:37:45,150 INFO  server.RaftServerConfigKeys (ConfUtils.java:logGet(43)) - raft.server.rpc.timeout.max = 5200ms (custom)
2019-07-16 14:37:45,150 INFO  server.RaftServerConfigKeys (ConfUtils.java:logGet(43)) - raft.server.rpcslowness.timeout = 120s (custom)
2019-07-16 14:37:45,150 INFO  server.RaftServerConfigKeys (ConfUtils.java:logGet(43)) - raft.server.rpcslowness.timeout = 120s (custom)
2019-07-16 14:37:45,150 INFO  server.RaftServerConfigKeys (ConfUtils.java:logGet(43)) - raft.server.sleep.deviation.threshold = 300 (default)
2019-07-16 14:37:45,150 INFO  server.RaftServerConfigKeys (ConfUtils.java:logGet(43)) - raft.server.log.appender.install.snapshot.enabled = false (custom)
2019-07-16 14:37:45,150 INFO  server.RaftServerConfigKeys (ConfUtils.java:logGet(43)) - raft.server.log.appender.install.snapshot.enabled = false (custom)
2019-07-16 14:37:45,150 INFO  server.RaftServerConfigKeys (ConfUtils.java:logGet(43)) - raft.server.sleep.deviation.threshold = 300 (default)
2019-07-16 14:37:45,151 INFO  impl.RaftServerImpl (ServerState.java:<init>(105)) - 3c74ed14-6800-4994-bb6e-6d8e934939dd:group-F82D57D1E1AC ConfigurationManager, init=-1: [87bc60ff-b013-4719-8ee1-ac04f5988ae3:192.168.5.141:45630, 3c74ed14-6800-4994-bb6e-6d8e934939dd:192.168.5.141:32959, 390a5bb7-567e-47fb-b9c9-5e868ddc7792:192.168.5.141:36717], old=null, confs=<EMPTY_MAP>
2019-07-16 14:37:45,151 INFO  impl.RaftServerImpl (ServerState.java:<init>(105)) - 390a5bb7-567e-47fb-b9c9-5e868ddc7792:group-F82D57D1E1AC ConfigurationManager, init=-1: [87bc60ff-b013-4719-8ee1-ac04f5988ae3:192.168.5.141:45630, 3c74ed14-6800-4994-bb6e-6d8e934939dd:192.168.5.141:32959, 390a5bb7-567e-47fb-b9c9-5e868ddc7792:192.168.5.141:36717], old=null, confs=<EMPTY_MAP>
2019-07-16 14:37:45,151 INFO  server.RaftServerConfigKeys (ConfUtils.java:logGet(43)) - raft.server.storage.dir = [/workdir/hadoop-ozone/integration-test/target/test-dir/MiniOzoneClusterImpl-97ee1339-a049-4222-a247-019b32824aec/datanode-4/data/ratis] (custom)
2019-07-16 14:37:45,151 INFO  server.RaftServerConfigKeys (ConfUtils.java:logGet(43)) - raft.server.log.appender.install.snapshot.enabled = false (custom)
2019-07-16 14:37:45,151 INFO  server.RaftServerConfigKeys (ConfUtils.java:logGet(43)) - raft.server.storage.dir = [/workdir/hadoop-ozone/integration-test/target/test-dir/MiniOzoneClusterImpl-97ee1339-a049-4222-a247-019b32824aec/datanode-6/data/ratis] (custom)
2019-07-16 14:37:45,151 INFO  impl.RaftServerImpl (ServerState.java:<init>(105)) - 87bc60ff-b013-4719-8ee1-ac04f5988ae3:group-F82D57D1E1AC ConfigurationManager, init=-1: [87bc60ff-b013-4719-8ee1-ac04f5988ae3:192.168.5.141:45630, 3c74ed14-6800-4994-bb6e-6d8e934939dd:192.168.5.141:32959, 390a5bb7-567e-47fb-b9c9-5e868ddc7792:192.168.5.141:36717], old=null, confs=<EMPTY_MAP>
2019-07-16 14:37:45,152 INFO  storage.RaftStorageDirectory (RaftStorageDirectory.java:analyzeStorage(246)) - The storage directory /workdir/hadoop-ozone/integration-test/target/test-dir/MiniOzoneClusterImpl-97ee1339-a049-4222-a247-019b32824aec/datanode-4/data/ratis/b3f80d63-c643-464c-845e-f82d57d1e1ac does not exist. Creating ...
2019-07-16 14:37:45,152 INFO  storage.RaftStorageDirectory (RaftStorageDirectory.java:analyzeStorage(246)) - The storage directory /workdir/hadoop-ozone/integration-test/target/test-dir/MiniOzoneClusterImpl-97ee1339-a049-4222-a247-019b32824aec/datanode-6/data/ratis/b3f80d63-c643-464c-845e-f82d57d1e1ac does not exist. Creating ...
2019-07-16 14:37:45,152 INFO  server.RaftServerConfigKeys (ConfUtils.java:logGet(43)) - raft.server.storage.dir = [/workdir/hadoop-ozone/integration-test/target/test-dir/MiniOzoneClusterImpl-97ee1339-a049-4222-a247-019b32824aec/datanode-5/data/ratis] (custom)
2019-07-16 14:37:45,152 INFO  storage.RaftStorageDirectory (RaftStorageDirectory.java:analyzeStorage(246)) - The storage directory /workdir/hadoop-ozone/integration-test/target/test-dir/MiniOzoneClusterImpl-97ee1339-a049-4222-a247-019b32824aec/datanode-5/data/ratis/b3f80d63-c643-464c-845e-f82d57d1e1ac does not exist. Creating ...
2019-07-16 14:37:45,159 INFO  storage.RaftStorageDirectory (RaftStorageDirectory.java:tryLock(328)) - Lock on /workdir/hadoop-ozone/integration-test/target/test-dir/MiniOzoneClusterImpl-97ee1339-a049-4222-a247-019b32824aec/datanode-4/data/ratis/b3f80d63-c643-464c-845e-f82d57d1e1ac/in_use.lock acquired by nodename 28094@byscane-nightly-ppzk5-1864156943
2019-07-16 14:37:45,159 INFO  storage.RaftStorageDirectory (RaftStorageDirectory.java:tryLock(328)) - Lock on /workdir/hadoop-ozone/integration-test/target/test-dir/MiniOzoneClusterImpl-97ee1339-a049-4222-a247-019b32824aec/datanode-6/data/ratis/b3f80d63-c643-464c-845e-f82d57d1e1ac/in_use.lock acquired by nodename 28094@byscane-nightly-ppzk5-1864156943
2019-07-16 14:37:45,159 INFO  storage.RaftStorageDirectory (RaftStorageDirectory.java:tryLock(328)) - Lock on /workdir/hadoop-ozone/integration-test/target/test-dir/MiniOzoneClusterImpl-97ee1339-a049-4222-a247-019b32824aec/datanode-5/data/ratis/b3f80d63-c643-464c-845e-f82d57d1e1ac/in_use.lock acquired by nodename 28094@byscane-nightly-ppzk5-1864156943
2019-07-16 14:37:45,167 INFO  storage.RaftStorage (RaftStorage.java:format(72)) - Storage directory /workdir/hadoop-ozone/integration-test/target/test-dir/MiniOzoneClusterImpl-97ee1339-a049-4222-a247-019b32824aec/datanode-4/data/ratis/b3f80d63-c643-464c-845e-f82d57d1e1ac has been successfully formatted.
2019-07-16 14:37:45,167 INFO  storage.RaftStorage (RaftStorage.java:format(72)) - Storage directory /workdir/hadoop-ozone/integration-test/target/test-dir/MiniOzoneClusterImpl-97ee1339-a049-4222-a247-019b32824aec/datanode-5/data/ratis/b3f80d63-c643-464c-845e-f82d57d1e1ac has been successfully formatted.
2019-07-16 14:37:45,167 INFO  storage.RaftStorage (RaftStorage.java:format(72)) - Storage directory /workdir/hadoop-ozone/integration-test/target/test-dir/MiniOzoneClusterImpl-97ee1339-a049-4222-a247-019b32824aec/datanode-6/data/ratis/b3f80d63-c643-464c-845e-f82d57d1e1ac has been successfully formatted.
2019-07-16 14:37:45,167 INFO  ratis.ContainerStateMachine (ContainerStateMachine.java:loadSnapshot(199)) - group-F82D57D1E1AC: The snapshot info is null. Setting the last applied indexto:(t:0, i:~)
2019-07-16 14:37:45,167 INFO  ratis.ContainerStateMachine (ContainerStateMachine.java:loadSnapshot(199)) - group-F82D57D1E1AC: The snapshot info is null. Setting the last applied indexto:(t:0, i:~)
2019-07-16 14:37:45,168 INFO  server.RaftServerConfigKeys (ConfUtils.java:logGet(43)) - raft.server.leader.election.timeout = 120s (custom)
2019-07-16 14:37:45,168 INFO  server.RaftServerConfigKeys (ConfUtils.java:logGet(43)) - raft.server.log.use.memory = false (default)
2019-07-16 14:37:45,168 INFO  ratis.ContainerStateMachine (ContainerStateMachine.java:loadSnapshot(199)) - group-F82D57D1E1AC: The snapshot info is null. Setting the last applied indexto:(t:0, i:~)
2019-07-16 14:37:45,168 INFO  server.RaftServerConfigKeys (ConfUtils.java:logGet(43)) - raft.server.log.purge.gap = 1000000000 (custom)
2019-07-16 14:37:45,168 INFO  server.RaftServerConfigKeys (ConfUtils.java:logGet(43)) - raft.server.leader.election.timeout = 120s (custom)
2019-07-16 14:37:45,168 INFO  server.RaftServerConfigKeys (ConfUtils.java:logGet(43)) - raft.server.log.appender.buffer.byte-limit = 33554432 (custom)
2019-07-16 14:37:45,168 INFO  server.RaftServerConfigKeys (ConfUtils.java:logGet(43)) - raft.server.leader.election.timeout = 120s (custom)
2019-07-16 14:37:45,169 INFO  server.RaftServerConfigKeys (ConfUtils.java:logGet(43)) - raft.server.log.segment.size.max = 1048576 (custom)
2019-07-16 14:37:45,168 INFO  server.RaftServerConfigKeys (ConfUtils.java:logGet(43)) - raft.server.log.use.memory = false (default)
2019-07-16 14:37:45,169 INFO  server.RaftServerConfigKeys (ConfUtils.java:logGet(43)) - raft.server.log.segment.cache.num.max = 2 (custom)
2019-07-16 14:37:45,169 INFO  server.RaftServerConfigKeys (ConfUtils.java:logGet(43)) - raft.server.log.use.memory = false (default)
2019-07-16 14:37:45,169 INFO  segmented.SegmentedRaftLogWorker (SegmentedRaftLogWorker.java:<init>(172)) - new 87bc60ff-b013-4719-8ee1-ac04f5988ae3-SegmentedRaftLogWorker:Storage Directory /workdir/hadoop-ozone/integration-test/target/test-dir/MiniOzoneClusterImpl-97ee1339-a049-4222-a247-019b32824aec/datanode-5/data/ratis/b3f80d63-c643-464c-845e-f82d57d1e1ac for RaftStorage:Storage Directory /workdir/hadoop-ozone/integration-test/target/test-dir/MiniOzoneClusterImpl-97ee1339-a049-4222-a247-019b32824aec/datanode-5/data/ratis/b3f80d63-c643-464c-845e-f82d57d1e1ac
2019-07-16 14:37:45,169 INFO  server.RaftServerConfigKeys (ConfUtils.java:logGet(43)) - raft.server.log.purge.gap = 1000000000 (custom)
2019-07-16 14:37:45,169 INFO  server.RaftServerConfigKeys (ConfUtils.java:logGet(43)) - raft.server.log.queue.byte-limit = 2147483647 (custom)
2019-07-16 14:37:45,169 INFO  server.RaftServerConfigKeys (ConfUtils.java:logGet(43)) - raft.server.log.purge.gap = 1000000000 (custom)
2019-07-16 14:37:45,170 INFO  server.RaftServerConfigKeys (ConfUtils.java:logGet(43)) - raft.server.log.queue.element-limit = 1024 (custom)
2019-07-16 14:37:45,170 INFO  server.RaftServerConfigKeys (ConfUtils.java:logGet(43)) - raft.server.log.appender.buffer.byte-limit = 33554432 (custom)
2019-07-16 14:37:45,170 INFO  server.RaftServerConfigKeys (ConfUtils.java:logGet(43)) - raft.server.log.segment.size.max = 1048576 (custom)
2019-07-16 14:37:45,170 INFO  server.RaftServerConfigKeys (ConfUtils.java:logGet(43)) - raft.server.log.appender.buffer.byte-limit = 33554432 (custom)
2019-07-16 14:37:45,170 INFO  server.RaftServerConfigKeys (ConfUtils.java:logGet(43)) - raft.server.log.preallocated.size = 16384 (custom)
2019-07-16 14:37:45,170 INFO  server.RaftServerConfigKeys (ConfUtils.java:logGet(43)) - raft.server.log.segment.size.max = 1048576 (custom)
2019-07-16 14:37:45,171 INFO  server.RaftServerConfigKeys (ConfUtils.java:logGet(43)) - raft.server.log.write.buffer.size = 33554432 (custom)
2019-07-16 14:37:45,171 INFO  server.RaftServerConfigKeys (ConfUtils.java:logGet(43)) - raft.server.log.force.sync.num = 128 (default)
2019-07-16 14:37:45,171 INFO  server.RaftServerConfigKeys (ConfUtils.java:logGet(43)) - raft.server.log.segment.size.max = 1048576 (custom)
2019-07-16 14:37:45,171 INFO  server.RaftServerConfigKeys (ConfUtils.java:logGet(43)) - raft.server.log.statemachine.data.sync = true (default)
2019-07-16 14:37:45,171 INFO  server.RaftServerConfigKeys (ConfUtils.java:logGet(43)) - raft.server.log.segment.cache.num.max = 2 (custom)
2019-07-16 14:37:45,171 INFO  server.RaftServerConfigKeys (ConfUtils.java:logGet(43)) - raft.server.log.statemachine.data.sync.timeout = 10s (default)
2019-07-16 14:37:45,172 INFO  server.RaftServerConfigKeys (ConfUtils.java:logGet(43)) - raft.server.log.statemachine.data.sync.timeout.retry = -1 (default)
2019-07-16 14:37:45,171 INFO  server.RaftServerConfigKeys (ConfUtils.java:logGet(43)) - raft.server.log.segment.cache.num.max = 2 (custom)
2019-07-16 14:37:45,172 INFO  server.RaftServerConfigKeys (ConfUtils.java:logGet(43)) - raft.server.log.statemachine.data.caching.enabled = true (custom)
2019-07-16 14:37:45,172 INFO  segmented.SegmentedRaftLogWorker (SegmentedRaftLogWorker.java:<init>(172)) - new 3c74ed14-6800-4994-bb6e-6d8e934939dd-SegmentedRaftLogWorker:Storage Directory /workdir/hadoop-ozone/integration-test/target/test-dir/MiniOzoneClusterImpl-97ee1339-a049-4222-a247-019b32824aec/datanode-4/data/ratis/b3f80d63-c643-464c-845e-f82d57d1e1ac for RaftStorage:Storage Directory /workdir/hadoop-ozone/integration-test/target/test-dir/MiniOzoneClusterImpl-97ee1339-a049-4222-a247-019b32824aec/datanode-4/data/ratis/b3f80d63-c643-464c-845e-f82d57d1e1ac
2019-07-16 14:37:45,172 INFO  segmented.SegmentedRaftLogWorker (SegmentedRaftLogWorker.java:lambda$new$0(132)) - 87bc60ff-b013-4719-8ee1-ac04f5988ae3-SegmentedRaftLogWorker:Storage Directory /workdir/hadoop-ozone/integration-test/target/test-dir/MiniOzoneClusterImpl-97ee1339-a049-4222-a247-019b32824aec/datanode-5/data/ratis/b3f80d63-c643-464c-845e-f82d57d1e1ac: flushIndex: setUnconditionally 0 -> -1
2019-07-16 14:37:45,172 INFO  segmented.SegmentedRaftLogWorker (SegmentedRaftLogWorker.java:<init>(172)) - new 390a5bb7-567e-47fb-b9c9-5e868ddc7792-SegmentedRaftLogWorker:Storage Directory /workdir/hadoop-ozone/integration-test/target/test-dir/MiniOzoneClusterImpl-97ee1339-a049-4222-a247-019b32824aec/datanode-6/data/ratis/b3f80d63-c643-464c-845e-f82d57d1e1ac for RaftStorage:Storage Directory /workdir/hadoop-ozone/integration-test/target/test-dir/MiniOzoneClusterImpl-97ee1339-a049-4222-a247-019b32824aec/datanode-6/data/ratis/b3f80d63-c643-464c-845e-f82d57d1e1ac
2019-07-16 14:37:45,173 INFO  server.RaftServerConfigKeys (ConfUtils.java:logGet(43)) - raft.server.snapshot.auto.trigger.enabled = true (custom)
2019-07-16 14:37:45,172 INFO  server.RaftServerConfigKeys (ConfUtils.java:logGet(43)) - raft.server.log.queue.byte-limit = 2147483647 (custom)
2019-07-16 14:37:45,173 INFO  server.RaftServerConfigKeys (ConfUtils.java:logGet(43)) - raft.server.snapshot.auto.trigger.threshold = 10000 (custom)
2019-07-16 14:37:45,173 INFO  server.RaftServerConfigKeys (ConfUtils.java:logGet(43)) - raft.server.log.queue.byte-limit = 2147483647 (custom)
2019-07-16 14:37:45,173 INFO  server.RaftServerConfigKeys (ConfUtils.java:logGet(43)) - raft.server.retrycache.expirytime = 600000ms (custom)
2019-07-16 14:37:45,173 INFO  server.RaftServerConfigKeys (ConfUtils.java:logGet(43)) - raft.server.log.queue.element-limit = 1024 (custom)
2019-07-16 14:37:45,173 INFO  impl.RaftServerImpl (RaftServerImpl.java:start(180)) - 87bc60ff-b013-4719-8ee1-ac04f5988ae3: start group-F82D57D1E1AC
2019-07-16 14:37:45,174 INFO  impl.RaftServerImpl (RaftServerImpl.java:setRole(171)) - 87bc60ff-b013-4719-8ee1-ac04f5988ae3:group-F82D57D1E1AC changes role from null to FOLLOWER at term 0 for startAsFollower
2019-07-16 14:37:45,173 INFO  server.RaftServerConfigKeys (ConfUtils.java:logGet(43)) - raft.server.log.queue.element-limit = 1024 (custom)
2019-07-16 14:37:45,174 INFO  impl.RoleInfo (RoleInfo.java:updateAndGet(143)) - 87bc60ff-b013-4719-8ee1-ac04f5988ae3: start FollowerState
2019-07-16 14:37:45,174 INFO  server.RaftServerConfigKeys (ConfUtils.java:logGet(43)) - raft.server.log.segment.size.max = 1048576 (custom)
2019-07-16 14:37:45,174 INFO  util.JmxRegister (JmxRegister.java:tryRegister(44)) - Successfully registered JMX Bean with object name Ratis:service=RaftServer,group=group-F82D57D1E1AC,id=87bc60ff-b013-4719-8ee1-ac04f5988ae3
2019-07-16 14:37:45,174 INFO  server.RaftServerConfigKeys (ConfUtils.java:logGet(43)) - raft.server.log.segment.size.max = 1048576 (custom)
2019-07-16 14:37:45,174 INFO  server.RaftServerConfigKeys (ConfUtils.java:logGet(43)) - raft.server.log.preallocated.size = 16384 (custom)
2019-07-16 14:37:45,175 INFO  server.RaftServerConfigKeys (ConfUtils.java:logGet(43)) - raft.server.log.preallocated.size = 16384 (custom)
2019-07-16 14:37:45,175 INFO  server.RaftServerConfigKeys (ConfUtils.java:logGet(43)) - raft.server.log.write.buffer.size = 33554432 (custom)
2019-07-16 14:37:45,175 INFO  server.RaftServerConfigKeys (ConfUtils.java:logGet(43)) - raft.server.log.write.buffer.size = 33554432 (custom)
2019-07-16 14:37:45,175 INFO  server.RaftServerConfigKeys (ConfUtils.java:logGet(43)) - raft.server.log.force.sync.num = 128 (default)
2019-07-16 14:37:45,175 INFO  server.RaftServerConfigKeys (ConfUtils.java:logGet(43)) - raft.server.log.force.sync.num = 128 (default)
2019-07-16 14:37:45,175 INFO  server.RaftServerConfigKeys (ConfUtils.java:logGet(43)) - raft.server.log.statemachine.data.sync = true (default)
2019-07-16 14:37:45,175 INFO  server.RaftServerConfigKeys (ConfUtils.java:logGet(43)) - raft.server.log.statemachine.data.sync = true (default)
2019-07-16 14:37:45,176 INFO  server.RaftServerConfigKeys (ConfUtils.java:logGet(43)) - raft.server.log.statemachine.data.sync.timeout = 10s (default)
2019-07-16 14:37:45,176 INFO  server.RaftServerConfigKeys (ConfUtils.java:logGet(43)) - raft.server.log.statemachine.data.sync.timeout = 10s (default)
2019-07-16 14:37:45,176 INFO  server.RaftServerConfigKeys (ConfUtils.java:logGet(43)) - raft.server.log.statemachine.data.sync.timeout.retry = -1 (default)
2019-07-16 14:37:45,176 INFO  server.RaftServerConfigKeys (ConfUtils.java:logGet(43)) - raft.server.log.statemachine.data.sync.timeout.retry = -1 (default)
2019-07-16 14:37:45,176 INFO  server.RaftServerConfigKeys (ConfUtils.java:logGet(43)) - raft.server.log.statemachine.data.caching.enabled = true (custom)
2019-07-16 14:37:45,176 INFO  server.RaftServerConfigKeys (ConfUtils.java:logGet(43)) - raft.server.log.statemachine.data.caching.enabled = true (custom)
2019-07-16 14:37:45,177 INFO  segmented.SegmentedRaftLogWorker (SegmentedRaftLogWorker.java:lambda$new$0(132)) - 3c74ed14-6800-4994-bb6e-6d8e934939dd-SegmentedRaftLogWorker:Storage Directory /workdir/hadoop-ozone/integration-test/target/test-dir/MiniOzoneClusterImpl-97ee1339-a049-4222-a247-019b32824aec/datanode-4/data/ratis/b3f80d63-c643-464c-845e-f82d57d1e1ac: flushIndex: setUnconditionally 0 -> -1
2019-07-16 14:37:45,177 INFO  segmented.SegmentedRaftLogWorker (SegmentedRaftLogWorker.java:lambda$new$0(132)) - 390a5bb7-567e-47fb-b9c9-5e868ddc7792-SegmentedRaftLogWorker:Storage Directory /workdir/hadoop-ozone/integration-test/target/test-dir/MiniOzoneClusterImpl-97ee1339-a049-4222-a247-019b32824aec/datanode-6/data/ratis/b3f80d63-c643-464c-845e-f82d57d1e1ac: flushIndex: setUnconditionally 0 -> -1
2019-07-16 14:37:45,177 INFO  server.RaftServerConfigKeys (ConfUtils.java:logGet(43)) - raft.server.snapshot.auto.trigger.enabled = true (custom)
2019-07-16 14:37:45,177 INFO  server.RaftServerConfigKeys (ConfUtils.java:logGet(43)) - raft.server.snapshot.auto.trigger.threshold = 10000 (custom)
2019-07-16 14:37:45,177 INFO  server.RaftServerConfigKeys (ConfUtils.java:logGet(43)) - raft.server.snapshot.auto.trigger.enabled = true (custom)
2019-07-16 14:37:45,177 INFO  server.RaftServerConfigKeys (ConfUtils.java:logGet(43)) - raft.server.retrycache.expirytime = 600000ms (custom)
2019-07-16 14:37:45,177 INFO  server.RaftServerConfigKeys (ConfUtils.java:logGet(43)) - raft.server.snapshot.auto.trigger.threshold = 10000 (custom)
2019-07-16 14:37:45,178 INFO  impl.RaftServerImpl (RaftServerImpl.java:start(180)) - 3c74ed14-6800-4994-bb6e-6d8e934939dd: start group-F82D57D1E1AC
2019-07-16 14:37:45,178 INFO  server.RaftServerConfigKeys (ConfUtils.java:logGet(43)) - raft.server.retrycache.expirytime = 600000ms (custom)
2019-07-16 14:37:45,178 INFO  impl.RaftServerImpl (RaftServerImpl.java:setRole(171)) - 3c74ed14-6800-4994-bb6e-6d8e934939dd:group-F82D57D1E1AC changes role from null to FOLLOWER at term 0 for startAsFollower
2019-07-16 14:37:45,178 INFO  impl.RaftServerImpl (RaftServerImpl.java:start(180)) - 390a5bb7-567e-47fb-b9c9-5e868ddc7792: start group-F82D57D1E1AC
2019-07-16 14:37:45,178 INFO  impl.RoleInfo (RoleInfo.java:updateAndGet(143)) - 3c74ed14-6800-4994-bb6e-6d8e934939dd: start FollowerState
2019-07-16 14:37:45,178 INFO  impl.RaftServerImpl (RaftServerImpl.java:setRole(171)) - 390a5bb7-567e-47fb-b9c9-5e868ddc7792:group-F82D57D1E1AC changes role from null to FOLLOWER at term 0 for startAsFollower
2019-07-16 14:37:45,178 INFO  impl.RoleInfo (RoleInfo.java:updateAndGet(143)) - 390a5bb7-567e-47fb-b9c9-5e868ddc7792: start FollowerState
2019-07-16 14:37:45,179 INFO  util.JmxRegister (JmxRegister.java:tryRegister(44)) - Successfully registered JMX Bean with object name Ratis:service=RaftServer,group=group-F82D57D1E1AC,id=3c74ed14-6800-4994-bb6e-6d8e934939dd
2019-07-16 14:37:45,179 INFO  util.JmxRegister (JmxRegister.java:tryRegister(44)) - Successfully registered JMX Bean with object name Ratis:service=RaftServer,group=group-F82D57D1E1AC,id=390a5bb7-567e-47fb-b9c9-5e868ddc7792
2019-07-16 14:37:45,181 INFO  pipeline.PipelineStateManager (PipelineStateManager.java:addPipeline(56)) - Created pipeline Pipeline[ Id: b3f80d63-c643-464c-845e-f82d57d1e1ac, Nodes: 3c74ed14-6800-4994-bb6e-6d8e934939dd{ip: 192.168.5.141, host: byscane-nightly-ppzk5-1864156943, networkLocation: /default-rack, certSerialId: null}87bc60ff-b013-4719-8ee1-ac04f5988ae3{ip: 192.168.5.141, host: byscane-nightly-ppzk5-1864156943, networkLocation: /default-rack, certSerialId: null}390a5bb7-567e-47fb-b9c9-5e868ddc7792{ip: 192.168.5.141, host: byscane-nightly-ppzk5-1864156943, networkLocation: /default-rack, certSerialId: null}, Type:RATIS, Factor:THREE, State:OPEN]
2019-07-16 14:37:45,938 INFO  ozone.MiniOzoneClusterImpl (MiniOzoneClusterImpl.java:lambda$waitForClusterToBeReady$0(142)) - Cluster is ready. Got 7 of 7 DN Heartbeats.
2019-07-16 14:37:46,031 INFO  rpc.RpcClient (RpcClient.java:createVolume(287)) - Creating Volume: watchforcommithandlingtest, with jenkins1000 as owner.
2019-07-16 14:37:46,056 INFO  rpc.RpcClient (RpcClient.java:createBucket(424)) - Creating Bucket: watchforcommithandlingtest/watchforcommithandlingtest, with Versioning false and Storage Type set to DISK and Encryption set to false 
2019-07-16 14:37:46,065 INFO  ozone.MiniOzoneClusterImpl (MiniOzoneClusterImpl.java:getStorageContainerLocationClient(241)) - Creating StorageContainerLocationProtocol RPC client with address /0.0.0.0:45890
2019-07-16 14:37:46,091 INFO  client.GrpcClientProtocolClient (GrpcClientProtocolClient.java:onNext(255)) - client-78DDC0A7BA34->ccf461c5-3768-483c-b0ca-dbf506c8c2c2: receive RaftClientReply:client-78DDC0A7BA34->ccf461c5-3768-483c-b0ca-dbf506c8c2c2@group-3C81D4B366D5, cid=110, FAILED org.apache.ratis.protocol.NotLeaderException: Server ccf461c5-3768-483c-b0ca-dbf506c8c2c2 is not the leader (null). Request must be sent to leader., logIndex=0, commits[ccf461c5-3768-483c-b0ca-dbf506c8c2c2:c-1]
2019-07-16 14:37:46,515 WARN  server.GrpcLogAppender (LogUtils.java:warn(134)) - 2d24ff93-5e56-4080-b028-9b16d6e96cde->05db247d-740e-4a28-8f98-6376453fe824: Failed appendEntries: org.apache.ratis.thirdparty.io.grpc.StatusRuntimeException: UNAVAILABLE: io exception
2019-07-16 14:37:46,515 INFO  impl.FollowerInfo (FollowerInfo.java:lambda$new$0(50)) - 2d24ff93-5e56-4080-b028-9b16d6e96cde->05db247d-740e-4a28-8f98-6376453fe824: nextIndex: updateUnconditionally 0 -> 0
2019-07-16 14:37:46,525 WARN  server.GrpcLogAppender (LogUtils.java:warn(134)) - 2d24ff93-5e56-4080-b028-9b16d6e96cde->42b13e68-5a55-4074-bc1a-ac1414cc1e9f: Failed appendEntries: org.apache.ratis.thirdparty.io.grpc.StatusRuntimeException: UNAVAILABLE: io exception
2019-07-16 14:37:46,525 INFO  impl.FollowerInfo (FollowerInfo.java:lambda$new$0(50)) - 2d24ff93-5e56-4080-b028-9b16d6e96cde->42b13e68-5a55-4074-bc1a-ac1414cc1e9f: nextIndex: updateUnconditionally 0 -> 0
2019-07-16 14:37:47,148 INFO  client.GrpcClientProtocolClient (GrpcClientProtocolClient.java:onNext(255)) - client-78DDC0A7BA34->919e3a0f-4e3a-4af4-a07e-aac4e8e6711b: receive RaftClientReply:client-78DDC0A7BA34->919e3a0f-4e3a-4af4-a07e-aac4e8e6711b@group-3C81D4B366D5, cid=110, FAILED org.apache.ratis.protocol.NotLeaderException: Server 919e3a0f-4e3a-4af4-a07e-aac4e8e6711b is not the leader (null). Request must be sent to leader., logIndex=0, commits[919e3a0f-4e3a-4af4-a07e-aac4e8e6711b:c-1]
2019-07-16 14:37:48,208 INFO  client.GrpcClientProtocolClient (GrpcClientProtocolClient.java:onNext(255)) - client-78DDC0A7BA34->ccf461c5-3768-483c-b0ca-dbf506c8c2c2: receive RaftClientReply:client-78DDC0A7BA34->ccf461c5-3768-483c-b0ca-dbf506c8c2c2@group-3C81D4B366D5, cid=110, FAILED org.apache.ratis.protocol.NotLeaderException: Server ccf461c5-3768-483c-b0ca-dbf506c8c2c2 is not the leader (null). Request must be sent to leader., logIndex=0, commits[ccf461c5-3768-483c-b0ca-dbf506c8c2c2:c-1]
2019-07-16 14:37:49,016 WARN  server.GrpcLogAppender (LogUtils.java:warn(134)) - 2d24ff93-5e56-4080-b028-9b16d6e96cde->05db247d-740e-4a28-8f98-6376453fe824: Failed appendEntries: org.apache.ratis.thirdparty.io.grpc.StatusRuntimeException: UNAVAILABLE: io exception
2019-07-16 14:37:49,016 INFO  impl.FollowerInfo (FollowerInfo.java:lambda$new$0(50)) - 2d24ff93-5e56-4080-b028-9b16d6e96cde->05db247d-740e-4a28-8f98-6376453fe824: nextIndex: updateUnconditionally 0 -> 0
2019-07-16 14:37:49,025 WARN  server.GrpcLogAppender (LogUtils.java:warn(134)) - 2d24ff93-5e56-4080-b028-9b16d6e96cde->42b13e68-5a55-4074-bc1a-ac1414cc1e9f: Failed appendEntries: org.apache.ratis.thirdparty.io.grpc.StatusRuntimeException: UNAVAILABLE: io exception
2019-07-16 14:37:49,025 INFO  impl.FollowerInfo (FollowerInfo.java:lambda$new$0(50)) - 2d24ff93-5e56-4080-b028-9b16d6e96cde->42b13e68-5a55-4074-bc1a-ac1414cc1e9f: nextIndex: updateUnconditionally 0 -> 0
2019-07-16 14:37:49,052 INFO  impl.FollowerState (FollowerState.java:run(106)) - ccf461c5-3768-483c-b0ca-dbf506c8c2c2:group-8F893E368465 changes to CANDIDATE, lastRpcTime:5051, electionTimeout:5051ms
2019-07-16 14:37:49,052 INFO  impl.RoleInfo (RoleInfo.java:shutdownFollowerState(121)) - ccf461c5-3768-483c-b0ca-dbf506c8c2c2: shutdown FollowerState
2019-07-16 14:37:49,052 INFO  impl.RaftServerImpl (RaftServerImpl.java:setRole(171)) - ccf461c5-3768-483c-b0ca-dbf506c8c2c2:group-8F893E368465 changes role from FOLLOWER to CANDIDATE at term 0 for changeToCandidate
2019-07-16 14:37:49,052 INFO  impl.RoleInfo (RoleInfo.java:updateAndGet(143)) - ccf461c5-3768-483c-b0ca-dbf506c8c2c2: start LeaderElection
2019-07-16 14:37:49,069 INFO  impl.FollowerState (FollowerState.java:run(106)) - 22a0ebc8-eb6c-4a1f-b61d-9d14bf71b2bd:group-C28C48F7EAF0 changes to CANDIDATE, lastRpcTime:5195, electionTimeout:5195ms
2019-07-16 14:37:49,069 INFO  impl.RoleInfo (RoleInfo.java:shutdownFollowerState(121)) - 22a0ebc8-eb6c-4a1f-b61d-9d14bf71b2bd: shutdown FollowerState
2019-07-16 14:37:49,069 INFO  impl.RaftServerImpl (RaftServerImpl.java:setRole(171)) - 22a0ebc8-eb6c-4a1f-b61d-9d14bf71b2bd:group-C28C48F7EAF0 changes role from FOLLOWER to CANDIDATE at term 0 for changeToCandidate
2019-07-16 14:37:49,069 INFO  impl.RoleInfo (RoleInfo.java:updateAndGet(143)) - 22a0ebc8-eb6c-4a1f-b61d-9d14bf71b2bd: start LeaderElection
2019-07-16 14:37:49,077 INFO  impl.LeaderElection (LeaderElection.java:askForVotes(181)) - ccf461c5-3768-483c-b0ca-dbf506c8c2c2:group-8F893E368465:LeaderElection53: begin an election at term 1 for -1: [ccf461c5-3768-483c-b0ca-dbf506c8c2c2:192.168.5.141:40468], old=null
2019-07-16 14:37:49,077 INFO  impl.RoleInfo (RoleInfo.java:shutdownLeaderElection(134)) - ccf461c5-3768-483c-b0ca-dbf506c8c2c2: shutdown LeaderElection
2019-07-16 14:37:49,077 INFO  impl.RaftServerImpl (RaftServerImpl.java:setRole(171)) - ccf461c5-3768-483c-b0ca-dbf506c8c2c2:group-8F893E368465 changes role from CANDIDATE to LEADER at term 1 for changeToLeader
2019-07-16 14:37:49,077 INFO  impl.RaftServerImpl (ServerState.java:setLeader(263)) - ccf461c5-3768-483c-b0ca-dbf506c8c2c2:group-8F893E368465 change Leader from null to ccf461c5-3768-483c-b0ca-dbf506c8c2c2 at term 1 for becomeLeader, leader elected after 5081ms
2019-07-16 14:37:49,077 INFO  server.RaftServerConfigKeys (ConfUtils.java:logGet(43)) - raft.server.staging.catchup.gap = 1000 (default)
2019-07-16 14:37:49,077 INFO  server.RaftServerConfigKeys (ConfUtils.java:logGet(43)) - raft.server.rpc.sleep.time = 25ms (default)
2019-07-16 14:37:49,078 INFO  server.RaftServerConfigKeys (ConfUtils.java:logGet(43)) - raft.server.write.element-limit = 4096 (default)
2019-07-16 14:37:49,078 INFO  server.RaftServerConfigKeys (ConfUtils.java:logGet(43)) - raft.server.watch.timeout = 10s (default)
2019-07-16 14:37:49,078 INFO  server.RaftServerConfigKeys (ConfUtils.java:logGet(43)) - raft.server.watch.timeout.denomination = 1s (default)
2019-07-16 14:37:49,078 INFO  server.RaftServerConfigKeys (ConfUtils.java:logGet(43)) - raft.server.watch.element-limit = 65536 (default)
2019-07-16 14:37:49,078 INFO  impl.RoleInfo (RoleInfo.java:updateAndGet(143)) - ccf461c5-3768-483c-b0ca-dbf506c8c2c2: start LeaderState
2019-07-16 14:37:49,079 INFO  segmented.SegmentedRaftLogWorker (SegmentedRaftLogWorker.java:startLogSegment(380)) - ccf461c5-3768-483c-b0ca-dbf506c8c2c2-SegmentedRaftLogWorker:Storage Directory /workdir/hadoop-ozone/integration-test/target/test-dir/MiniOzoneClusterImpl-97ee1339-a049-4222-a247-019b32824aec/datanode-1/data/ratis/e957a391-c010-4751-80f0-8f893e368465: Starting segment from index:0
2019-07-16 14:37:49,079 INFO  impl.RaftServerImpl (ServerState.java:setRaftConf(361)) - ccf461c5-3768-483c-b0ca-dbf506c8c2c2:group-8F893E368465 set configuration 0: [ccf461c5-3768-483c-b0ca-dbf506c8c2c2:192.168.5.141:40468], old=null at 0
2019-07-16 14:37:49,080 INFO  impl.LeaderElection (LeaderElection.java:askForVotes(181)) - 22a0ebc8-eb6c-4a1f-b61d-9d14bf71b2bd:group-C28C48F7EAF0:LeaderElection54: begin an election at term 1 for -1: [22a0ebc8-eb6c-4a1f-b61d-9d14bf71b2bd:192.168.5.141:44902], old=null
2019-07-16 14:37:49,080 INFO  impl.RoleInfo (RoleInfo.java:shutdownLeaderElection(134)) - 22a0ebc8-eb6c-4a1f-b61d-9d14bf71b2bd: shutdown LeaderElection
2019-07-16 14:37:49,080 INFO  impl.RaftServerImpl (RaftServerImpl.java:setRole(171)) - 22a0ebc8-eb6c-4a1f-b61d-9d14bf71b2bd:group-C28C48F7EAF0 changes role from CANDIDATE to LEADER at term 1 for changeToLeader
2019-07-16 14:37:49,081 INFO  impl.RaftServerImpl (ServerState.java:setLeader(263)) - 22a0ebc8-eb6c-4a1f-b61d-9d14bf71b2bd:group-C28C48F7EAF0 change Leader from null to 22a0ebc8-eb6c-4a1f-b61d-9d14bf71b2bd at term 1 for becomeLeader, leader elected after 5212ms
2019-07-16 14:37:49,081 INFO  server.RaftServerConfigKeys (ConfUtils.java:logGet(43)) - raft.server.staging.catchup.gap = 1000 (default)
2019-07-16 14:37:49,081 INFO  server.RaftServerConfigKeys (ConfUtils.java:logGet(43)) - raft.server.rpc.sleep.time = 25ms (default)
2019-07-16 14:37:49,081 INFO  server.RaftServerConfigKeys (ConfUtils.java:logGet(43)) - raft.server.write.element-limit = 4096 (default)
2019-07-16 14:37:49,081 INFO  server.RaftServerConfigKeys (ConfUtils.java:logGet(43)) - raft.server.watch.timeout = 10s (default)
2019-07-16 14:37:49,081 INFO  server.RaftServerConfigKeys (ConfUtils.java:logGet(43)) - raft.server.watch.timeout.denomination = 1s (default)
2019-07-16 14:37:49,081 INFO  server.RaftServerConfigKeys (ConfUtils.java:logGet(43)) - raft.server.watch.element-limit = 65536 (default)
2019-07-16 14:37:49,082 INFO  impl.RoleInfo (RoleInfo.java:updateAndGet(143)) - 22a0ebc8-eb6c-4a1f-b61d-9d14bf71b2bd: start LeaderState
2019-07-16 14:37:49,082 INFO  segmented.SegmentedRaftLogWorker (SegmentedRaftLogWorker.java:startLogSegment(380)) - 22a0ebc8-eb6c-4a1f-b61d-9d14bf71b2bd-SegmentedRaftLogWorker:Storage Directory /workdir/hadoop-ozone/integration-test/target/test-dir/MiniOzoneClusterImpl-97ee1339-a049-4222-a247-019b32824aec/datanode-0/data/ratis/1a91e853-94d2-4e0a-8d7e-c28c48f7eaf0: Starting segment from index:0
2019-07-16 14:37:49,082 INFO  impl.RaftServerImpl (ServerState.java:setRaftConf(361)) - 22a0ebc8-eb6c-4a1f-b61d-9d14bf71b2bd:group-C28C48F7EAF0 set configuration 0: [22a0ebc8-eb6c-4a1f-b61d-9d14bf71b2bd:192.168.5.141:44902], old=null at 0
2019-07-16 14:37:49,101 INFO  segmented.SegmentedRaftLogWorker (SegmentedRaftLogWorker.java:execute(569)) - ccf461c5-3768-483c-b0ca-dbf506c8c2c2-SegmentedRaftLogWorker:Storage Directory /workdir/hadoop-ozone/integration-test/target/test-dir/MiniOzoneClusterImpl-97ee1339-a049-4222-a247-019b32824aec/datanode-1/data/ratis/e957a391-c010-4751-80f0-8f893e368465: created new log segment /workdir/hadoop-ozone/integration-test/target/test-dir/MiniOzoneClusterImpl-97ee1339-a049-4222-a247-019b32824aec/datanode-1/data/ratis/e957a391-c010-4751-80f0-8f893e368465/current/log_inprogress_0
2019-07-16 14:37:49,104 INFO  segmented.SegmentedRaftLogWorker (SegmentedRaftLogWorker.java:execute(569)) - 22a0ebc8-eb6c-4a1f-b61d-9d14bf71b2bd-SegmentedRaftLogWorker:Storage Directory /workdir/hadoop-ozone/integration-test/target/test-dir/MiniOzoneClusterImpl-97ee1339-a049-4222-a247-019b32824aec/datanode-0/data/ratis/1a91e853-94d2-4e0a-8d7e-c28c48f7eaf0: created new log segment /workdir/hadoop-ozone/integration-test/target/test-dir/MiniOzoneClusterImpl-97ee1339-a049-4222-a247-019b32824aec/datanode-0/data/ratis/1a91e853-94d2-4e0a-8d7e-c28c48f7eaf0/current/log_inprogress_0
2019-07-16 14:37:49,209 INFO  impl.FollowerState (FollowerState.java:run(106)) - 919e3a0f-4e3a-4af4-a07e-aac4e8e6711b:group-D608BFC3D3DB changes to CANDIDATE, lastRpcTime:5038, electionTimeout:5038ms
2019-07-16 14:37:49,210 INFO  impl.RoleInfo (RoleInfo.java:shutdownFollowerState(121)) - 919e3a0f-4e3a-4af4-a07e-aac4e8e6711b: shutdown FollowerState
2019-07-16 14:37:49,210 INFO  impl.RaftServerImpl (RaftServerImpl.java:setRole(171)) - 919e3a0f-4e3a-4af4-a07e-aac4e8e6711b:group-D608BFC3D3DB changes role from FOLLOWER to CANDIDATE at term 0 for changeToCandidate
2019-07-16 14:37:49,210 INFO  impl.RoleInfo (RoleInfo.java:updateAndGet(143)) - 919e3a0f-4e3a-4af4-a07e-aac4e8e6711b: start LeaderElection
2019-07-16 14:37:49,222 INFO  impl.LeaderElection (LeaderElection.java:askForVotes(181)) - 919e3a0f-4e3a-4af4-a07e-aac4e8e6711b:group-D608BFC3D3DB:LeaderElection55: begin an election at term 1 for -1: [919e3a0f-4e3a-4af4-a07e-aac4e8e6711b:192.168.5.141:46528], old=null
2019-07-16 14:37:49,222 INFO  impl.RoleInfo (RoleInfo.java:shutdownLeaderElection(134)) - 919e3a0f-4e3a-4af4-a07e-aac4e8e6711b: shutdown LeaderElection
2019-07-16 14:37:49,222 INFO  impl.RaftServerImpl (RaftServerImpl.java:setRole(171)) - 919e3a0f-4e3a-4af4-a07e-aac4e8e6711b:group-D608BFC3D3DB changes role from CANDIDATE to LEADER at term 1 for changeToLeader
2019-07-16 14:37:49,223 INFO  impl.RaftServerImpl (ServerState.java:setLeader(263)) - 919e3a0f-4e3a-4af4-a07e-aac4e8e6711b:group-D608BFC3D3DB change Leader from null to 919e3a0f-4e3a-4af4-a07e-aac4e8e6711b at term 1 for becomeLeader, leader elected after 5056ms
2019-07-16 14:37:49,223 INFO  server.RaftServerConfigKeys (ConfUtils.java:logGet(43)) - raft.server.staging.catchup.gap = 1000 (default)
2019-07-16 14:37:49,223 INFO  server.RaftServerConfigKeys (ConfUtils.java:logGet(43)) - raft.server.rpc.sleep.time = 25ms (default)
2019-07-16 14:37:49,223 INFO  server.RaftServerConfigKeys (ConfUtils.java:logGet(43)) - raft.server.write.element-limit = 4096 (default)
2019-07-16 14:37:49,223 INFO  server.RaftServerConfigKeys (ConfUtils.java:logGet(43)) - raft.server.watch.timeout = 10s (default)
2019-07-16 14:37:49,223 INFO  server.RaftServerConfigKeys (ConfUtils.java:logGet(43)) - raft.server.watch.timeout.denomination = 1s (default)
2019-07-16 14:37:49,223 INFO  server.RaftServerConfigKeys (ConfUtils.java:logGet(43)) - raft.server.watch.element-limit = 65536 (default)
2019-07-16 14:37:49,224 INFO  impl.RoleInfo (RoleInfo.java:updateAndGet(143)) - 919e3a0f-4e3a-4af4-a07e-aac4e8e6711b: start LeaderState
2019-07-16 14:37:49,224 INFO  segmented.SegmentedRaftLogWorker (SegmentedRaftLogWorker.java:startLogSegment(380)) - 919e3a0f-4e3a-4af4-a07e-aac4e8e6711b-SegmentedRaftLogWorker:Storage Directory /workdir/hadoop-ozone/integration-test/target/test-dir/MiniOzoneClusterImpl-97ee1339-a049-4222-a247-019b32824aec/datanode-2/data/ratis/352e82dd-fc2b-4661-92aa-d608bfc3d3db: Starting segment from index:0
2019-07-16 14:37:49,225 INFO  impl.RaftServerImpl (ServerState.java:setRaftConf(361)) - 919e3a0f-4e3a-4af4-a07e-aac4e8e6711b:group-D608BFC3D3DB set configuration 0: [919e3a0f-4e3a-4af4-a07e-aac4e8e6711b:192.168.5.141:46528], old=null at 0
2019-07-16 14:37:49,250 INFO  impl.FollowerState (FollowerState.java:run(106)) - ccf461c5-3768-483c-b0ca-dbf506c8c2c2:group-3C81D4B366D5 changes to CANDIDATE, lastRpcTime:5019, electionTimeout:5002ms
2019-07-16 14:37:49,250 INFO  impl.RoleInfo (RoleInfo.java:shutdownFollowerState(121)) - ccf461c5-3768-483c-b0ca-dbf506c8c2c2: shutdown FollowerState
2019-07-16 14:37:49,250 INFO  impl.RaftServerImpl (RaftServerImpl.java:setRole(171)) - ccf461c5-3768-483c-b0ca-dbf506c8c2c2:group-3C81D4B366D5 changes role from FOLLOWER to CANDIDATE at term 0 for changeToCandidate
2019-07-16 14:37:49,250 INFO  impl.RoleInfo (RoleInfo.java:updateAndGet(143)) - ccf461c5-3768-483c-b0ca-dbf506c8c2c2: start LeaderElection
2019-07-16 14:37:49,251 INFO  client.GrpcClientProtocolClient (GrpcClientProtocolClient.java:onNext(255)) - client-78DDC0A7BA34->919e3a0f-4e3a-4af4-a07e-aac4e8e6711b: receive RaftClientReply:client-78DDC0A7BA34->919e3a0f-4e3a-4af4-a07e-aac4e8e6711b@group-3C81D4B366D5, cid=110, FAILED org.apache.ratis.protocol.NotLeaderException: Server 919e3a0f-4e3a-4af4-a07e-aac4e8e6711b is not the leader (null). Request must be sent to leader., logIndex=0, commits[919e3a0f-4e3a-4af4-a07e-aac4e8e6711b:c-1]
2019-07-16 14:37:49,261 INFO  segmented.SegmentedRaftLogWorker (SegmentedRaftLogWorker.java:execute(569)) - 919e3a0f-4e3a-4af4-a07e-aac4e8e6711b-SegmentedRaftLogWorker:Storage Directory /workdir/hadoop-ozone/integration-test/target/test-dir/MiniOzoneClusterImpl-97ee1339-a049-4222-a247-019b32824aec/datanode-2/data/ratis/352e82dd-fc2b-4661-92aa-d608bfc3d3db: created new log segment /workdir/hadoop-ozone/integration-test/target/test-dir/MiniOzoneClusterImpl-97ee1339-a049-4222-a247-019b32824aec/datanode-2/data/ratis/352e82dd-fc2b-4661-92aa-d608bfc3d3db/current/log_inprogress_0
2019-07-16 14:37:49,273 INFO  impl.LeaderElection (LeaderElection.java:askForVotes(181)) - ccf461c5-3768-483c-b0ca-dbf506c8c2c2:group-3C81D4B366D5:LeaderElection56: begin an election at term 1 for -1: [22a0ebc8-eb6c-4a1f-b61d-9d14bf71b2bd:192.168.5.141:44902, 919e3a0f-4e3a-4af4-a07e-aac4e8e6711b:192.168.5.141:46528, ccf461c5-3768-483c-b0ca-dbf506c8c2c2:192.168.5.141:40468], old=null
2019-07-16 14:37:49,278 INFO  impl.RaftServerImpl (RaftServerImpl.java:setRole(171)) - 919e3a0f-4e3a-4af4-a07e-aac4e8e6711b:group-3C81D4B366D5 changes role from FOLLOWER to FOLLOWER at term 1 for recognizeCandidate:ccf461c5-3768-483c-b0ca-dbf506c8c2c2
2019-07-16 14:37:49,284 INFO  impl.RaftServerImpl (RaftServerImpl.java:setRole(171)) - 22a0ebc8-eb6c-4a1f-b61d-9d14bf71b2bd:group-3C81D4B366D5 changes role from FOLLOWER to FOLLOWER at term 1 for recognizeCandidate:ccf461c5-3768-483c-b0ca-dbf506c8c2c2
2019-07-16 14:37:49,285 INFO  impl.RoleInfo (RoleInfo.java:shutdownFollowerState(121)) - 919e3a0f-4e3a-4af4-a07e-aac4e8e6711b: shutdown FollowerState
2019-07-16 14:37:49,285 INFO  impl.RoleInfo (RoleInfo.java:shutdownFollowerState(121)) - 22a0ebc8-eb6c-4a1f-b61d-9d14bf71b2bd: shutdown FollowerState
2019-07-16 14:37:49,285 INFO  impl.FollowerState (FollowerState.java:run(114)) - 919e3a0f-4e3a-4af4-a07e-aac4e8e6711b: FollowerState was interrupted: java.lang.InterruptedException: sleep interrupted
2019-07-16 14:37:49,285 INFO  impl.RoleInfo (RoleInfo.java:updateAndGet(143)) - 919e3a0f-4e3a-4af4-a07e-aac4e8e6711b: start FollowerState
2019-07-16 14:37:49,285 INFO  impl.FollowerState (FollowerState.java:run(114)) - 22a0ebc8-eb6c-4a1f-b61d-9d14bf71b2bd: FollowerState was interrupted: java.lang.InterruptedException: sleep interrupted
2019-07-16 14:37:49,285 INFO  impl.RoleInfo (RoleInfo.java:updateAndGet(143)) - 22a0ebc8-eb6c-4a1f-b61d-9d14bf71b2bd: start FollowerState
2019-07-16 14:37:49,292 INFO  impl.LeaderElection (LeaderElection.java:logAndReturn(56)) - ccf461c5-3768-483c-b0ca-dbf506c8c2c2:group-3C81D4B366D5:LeaderElection56: Election PASSED; received 1 response(s) [ccf461c5-3768-483c-b0ca-dbf506c8c2c2<-22a0ebc8-eb6c-4a1f-b61d-9d14bf71b2bd#0:OK-t1] and 0 exception(s); ccf461c5-3768-483c-b0ca-dbf506c8c2c2:t1, leader=null, voted=ccf461c5-3768-483c-b0ca-dbf506c8c2c2, raftlog=ccf461c5-3768-483c-b0ca-dbf506c8c2c2-SegmentedRaftLog:OPENED:c-1,f-1,i0, conf=-1: [22a0ebc8-eb6c-4a1f-b61d-9d14bf71b2bd:192.168.5.141:44902, 919e3a0f-4e3a-4af4-a07e-aac4e8e6711b:192.168.5.141:46528, ccf461c5-3768-483c-b0ca-dbf506c8c2c2:192.168.5.141:40468], old=null
2019-07-16 14:37:49,292 INFO  impl.RoleInfo (RoleInfo.java:shutdownLeaderElection(134)) - ccf461c5-3768-483c-b0ca-dbf506c8c2c2: shutdown LeaderElection
2019-07-16 14:37:49,292 INFO  impl.RaftServerImpl (RaftServerImpl.java:setRole(171)) - ccf461c5-3768-483c-b0ca-dbf506c8c2c2:group-3C81D4B366D5 changes role from CANDIDATE to LEADER at term 1 for changeToLeader
2019-07-16 14:37:49,292 INFO  impl.RaftServerImpl (ServerState.java:setLeader(263)) - ccf461c5-3768-483c-b0ca-dbf506c8c2c2:group-3C81D4B366D5 change Leader from null to ccf461c5-3768-483c-b0ca-dbf506c8c2c2 at term 1 for becomeLeader, leader elected after 5072ms
2019-07-16 14:37:49,292 INFO  server.RaftServerConfigKeys (ConfUtils.java:logGet(43)) - raft.server.staging.catchup.gap = 1000 (default)
2019-07-16 14:37:49,292 INFO  server.RaftServerConfigKeys (ConfUtils.java:logGet(43)) - raft.server.rpc.sleep.time = 25ms (default)
2019-07-16 14:37:49,293 INFO  server.RaftServerConfigKeys (ConfUtils.java:logGet(43)) - raft.server.write.element-limit = 4096 (default)
2019-07-16 14:37:49,293 INFO  server.RaftServerConfigKeys (ConfUtils.java:logGet(43)) - raft.server.watch.timeout = 10s (default)
2019-07-16 14:37:49,293 INFO  server.RaftServerConfigKeys (ConfUtils.java:logGet(43)) - raft.server.watch.timeout.denomination = 1s (default)
2019-07-16 14:37:49,293 INFO  server.RaftServerConfigKeys (ConfUtils.java:logGet(43)) - raft.server.watch.element-limit = 65536 (default)
2019-07-16 14:37:49,293 INFO  server.RaftServerConfigKeys (ConfUtils.java:logGet(43)) - raft.server.log.appender.snapshot.chunk.size.max = 16MB (=16777216) (default)
2019-07-16 14:37:49,294 INFO  server.RaftServerConfigKeys (ConfUtils.java:logGet(43)) - raft.server.log.appender.buffer.byte-limit = 33554432 (custom)
2019-07-16 14:37:49,294 INFO  server.RaftServerConfigKeys (ConfUtils.java:logGet(43)) - raft.server.log.appender.buffer.element-limit = 1 (custom)
2019-07-16 14:37:49,294 INFO  grpc.GrpcConfigKeys$Server (ConfUtils.java:logGet(43)) - raft.grpc.server.leader.outstanding.appends.max = 128 (default)
2019-07-16 14:37:49,294 INFO  server.RaftServerConfigKeys (ConfUtils.java:logGet(43)) - raft.server.rpc.request.timeout = 3000ms (default)
2019-07-16 14:37:49,294 INFO  server.RaftServerConfigKeys (ConfUtils.java:logGet(43)) - raft.server.log.appender.install.snapshot.enabled = false (custom)
2019-07-16 14:37:49,294 INFO  server.RaftServerConfigKeys (ConfUtils.java:logGet(43)) - raft.server.log.appender.snapshot.chunk.size.max = 16MB (=16777216) (default)
2019-07-16 14:37:49,295 INFO  server.RaftServerConfigKeys (ConfUtils.java:logGet(43)) - raft.server.log.appender.buffer.byte-limit = 33554432 (custom)
2019-07-16 14:37:49,295 INFO  server.RaftServerConfigKeys (ConfUtils.java:logGet(43)) - raft.server.log.appender.buffer.element-limit = 1 (custom)
2019-07-16 14:37:49,295 INFO  grpc.GrpcConfigKeys$Server (ConfUtils.java:logGet(43)) - raft.grpc.server.leader.outstanding.appends.max = 128 (default)
2019-07-16 14:37:49,295 INFO  server.RaftServerConfigKeys (ConfUtils.java:logGet(43)) - raft.server.rpc.request.timeout = 3000ms (default)
2019-07-16 14:37:49,295 INFO  server.RaftServerConfigKeys (ConfUtils.java:logGet(43)) - raft.server.log.appender.install.snapshot.enabled = false (custom)
2019-07-16 14:37:49,296 INFO  impl.RoleInfo (RoleInfo.java:updateAndGet(143)) - ccf461c5-3768-483c-b0ca-dbf506c8c2c2: start LeaderState
2019-07-16 14:37:49,296 INFO  segmented.SegmentedRaftLogWorker (SegmentedRaftLogWorker.java:startLogSegment(380)) - ccf461c5-3768-483c-b0ca-dbf506c8c2c2-SegmentedRaftLogWorker:Storage Directory /workdir/hadoop-ozone/integration-test/target/test-dir/MiniOzoneClusterImpl-97ee1339-a049-4222-a247-019b32824aec/datanode-1/data/ratis/d10767b2-d8d8-4c4c-a2c4-3c81d4b366d5: Starting segment from index:0
2019-07-16 14:37:49,297 INFO  impl.RaftServerImpl (ServerState.java:setRaftConf(361)) - ccf461c5-3768-483c-b0ca-dbf506c8c2c2:group-3C81D4B366D5 set configuration 0: [22a0ebc8-eb6c-4a1f-b61d-9d14bf71b2bd:192.168.5.141:44902, 919e3a0f-4e3a-4af4-a07e-aac4e8e6711b:192.168.5.141:46528, ccf461c5-3768-483c-b0ca-dbf506c8c2c2:192.168.5.141:40468], old=null at 0
2019-07-16 14:37:49,298 INFO  impl.RaftServerImpl (ServerState.java:setLeader(263)) - 22a0ebc8-eb6c-4a1f-b61d-9d14bf71b2bd:group-3C81D4B366D5 change Leader from null to ccf461c5-3768-483c-b0ca-dbf506c8c2c2 at term 1 for appendEntries, leader elected after 5078ms
2019-07-16 14:37:49,298 INFO  impl.RaftServerImpl (ServerState.java:setLeader(263)) - 919e3a0f-4e3a-4af4-a07e-aac4e8e6711b:group-3C81D4B366D5 change Leader from null to ccf461c5-3768-483c-b0ca-dbf506c8c2c2 at term 1 for appendEntries, leader elected after 5078ms
2019-07-16 14:37:49,301 INFO  impl.RaftServerImpl (ServerState.java:setRaftConf(361)) - 22a0ebc8-eb6c-4a1f-b61d-9d14bf71b2bd:group-3C81D4B366D5 set configuration 0: [22a0ebc8-eb6c-4a1f-b61d-9d14bf71b2bd:192.168.5.141:44902, 919e3a0f-4e3a-4af4-a07e-aac4e8e6711b:192.168.5.141:46528, ccf461c5-3768-483c-b0ca-dbf506c8c2c2:192.168.5.141:40468], old=null at 0
2019-07-16 14:37:49,301 INFO  impl.RaftServerImpl (ServerState.java:setRaftConf(361)) - 919e3a0f-4e3a-4af4-a07e-aac4e8e6711b:group-3C81D4B366D5 set configuration 0: [22a0ebc8-eb6c-4a1f-b61d-9d14bf71b2bd:192.168.5.141:44902, 919e3a0f-4e3a-4af4-a07e-aac4e8e6711b:192.168.5.141:46528, ccf461c5-3768-483c-b0ca-dbf506c8c2c2:192.168.5.141:40468], old=null at 0
2019-07-16 14:37:49,301 INFO  segmented.SegmentedRaftLogWorker (SegmentedRaftLogWorker.java:startLogSegment(380)) - 22a0ebc8-eb6c-4a1f-b61d-9d14bf71b2bd-SegmentedRaftLogWorker:Storage Directory /workdir/hadoop-ozone/integration-test/target/test-dir/MiniOzoneClusterImpl-97ee1339-a049-4222-a247-019b32824aec/datanode-0/data/ratis/d10767b2-d8d8-4c4c-a2c4-3c81d4b366d5: Starting segment from index:0
2019-07-16 14:37:49,302 INFO  segmented.SegmentedRaftLogWorker (SegmentedRaftLogWorker.java:startLogSegment(380)) - 919e3a0f-4e3a-4af4-a07e-aac4e8e6711b-SegmentedRaftLogWorker:Storage Directory /workdir/hadoop-ozone/integration-test/target/test-dir/MiniOzoneClusterImpl-97ee1339-a049-4222-a247-019b32824aec/datanode-2/data/ratis/d10767b2-d8d8-4c4c-a2c4-3c81d4b366d5: Starting segment from index:0
2019-07-16 14:37:49,318 INFO  segmented.SegmentedRaftLogWorker (SegmentedRaftLogWorker.java:execute(569)) - ccf461c5-3768-483c-b0ca-dbf506c8c2c2-SegmentedRaftLogWorker:Storage Directory /workdir/hadoop-ozone/integration-test/target/test-dir/MiniOzoneClusterImpl-97ee1339-a049-4222-a247-019b32824aec/datanode-1/data/ratis/d10767b2-d8d8-4c4c-a2c4-3c81d4b366d5: created new log segment /workdir/hadoop-ozone/integration-test/target/test-dir/MiniOzoneClusterImpl-97ee1339-a049-4222-a247-019b32824aec/datanode-1/data/ratis/d10767b2-d8d8-4c4c-a2c4-3c81d4b366d5/current/log_inprogress_0
2019-07-16 14:37:49,323 INFO  segmented.SegmentedRaftLogWorker (SegmentedRaftLogWorker.java:execute(569)) - 919e3a0f-4e3a-4af4-a07e-aac4e8e6711b-SegmentedRaftLogWorker:Storage Directory /workdir/hadoop-ozone/integration-test/target/test-dir/MiniOzoneClusterImpl-97ee1339-a049-4222-a247-019b32824aec/datanode-2/data/ratis/d10767b2-d8d8-4c4c-a2c4-3c81d4b366d5: created new log segment /workdir/hadoop-ozone/integration-test/target/test-dir/MiniOzoneClusterImpl-97ee1339-a049-4222-a247-019b32824aec/datanode-2/data/ratis/d10767b2-d8d8-4c4c-a2c4-3c81d4b366d5/current/log_inprogress_0
2019-07-16 14:37:49,323 INFO  segmented.SegmentedRaftLogWorker (SegmentedRaftLogWorker.java:execute(569)) - 22a0ebc8-eb6c-4a1f-b61d-9d14bf71b2bd-SegmentedRaftLogWorker:Storage Directory /workdir/hadoop-ozone/integration-test/target/test-dir/MiniOzoneClusterImpl-97ee1339-a049-4222-a247-019b32824aec/datanode-0/data/ratis/d10767b2-d8d8-4c4c-a2c4-3c81d4b366d5: created new log segment /workdir/hadoop-ozone/integration-test/target/test-dir/MiniOzoneClusterImpl-97ee1339-a049-4222-a247-019b32824aec/datanode-0/data/ratis/d10767b2-d8d8-4c4c-a2c4-3c81d4b366d5/current/log_inprogress_0
2019-07-16 14:37:49,538 INFO  impl.FollowerState (FollowerState.java:run(106)) - 8c3aca03-f179-446f-a091-9877e02d9fca:group-3DCF8877AD94 changes to CANDIDATE, lastRpcTime:5166, electionTimeout:5166ms
2019-07-16 14:37:49,538 INFO  impl.RoleInfo (RoleInfo.java:shutdownFollowerState(121)) - 8c3aca03-f179-446f-a091-9877e02d9fca: shutdown FollowerState
2019-07-16 14:37:49,538 INFO  impl.RaftServerImpl (RaftServerImpl.java:setRole(171)) - 8c3aca03-f179-446f-a091-9877e02d9fca:group-3DCF8877AD94 changes role from FOLLOWER to CANDIDATE at term 0 for changeToCandidate
2019-07-16 14:37:49,538 INFO  impl.RoleInfo (RoleInfo.java:updateAndGet(143)) - 8c3aca03-f179-446f-a091-9877e02d9fca: start LeaderElection
2019-07-16 14:37:49,561 INFO  impl.LeaderElection (LeaderElection.java:askForVotes(181)) - 8c3aca03-f179-446f-a091-9877e02d9fca:group-3DCF8877AD94:LeaderElection57: begin an election at term 1 for -1: [8c3aca03-f179-446f-a091-9877e02d9fca:192.168.5.141:39952], old=null
2019-07-16 14:37:49,561 INFO  impl.RoleInfo (RoleInfo.java:shutdownLeaderElection(134)) - 8c3aca03-f179-446f-a091-9877e02d9fca: shutdown LeaderElection
2019-07-16 14:37:49,561 INFO  impl.RaftServerImpl (RaftServerImpl.java:setRole(171)) - 8c3aca03-f179-446f-a091-9877e02d9fca:group-3DCF8877AD94 changes role from CANDIDATE to LEADER at term 1 for changeToLeader
2019-07-16 14:37:49,561 INFO  impl.RaftServerImpl (ServerState.java:setLeader(263)) - 8c3aca03-f179-446f-a091-9877e02d9fca:group-3DCF8877AD94 change Leader from null to 8c3aca03-f179-446f-a091-9877e02d9fca at term 1 for becomeLeader, leader elected after 5193ms
2019-07-16 14:37:49,561 INFO  server.RaftServerConfigKeys (ConfUtils.java:logGet(43)) - raft.server.staging.catchup.gap = 1000 (default)
2019-07-16 14:37:49,561 INFO  server.RaftServerConfigKeys (ConfUtils.java:logGet(43)) - raft.server.rpc.sleep.time = 25ms (default)
2019-07-16 14:37:49,562 INFO  server.RaftServerConfigKeys (ConfUtils.java:logGet(43)) - raft.server.write.element-limit = 4096 (default)
2019-07-16 14:37:49,562 INFO  server.RaftServerConfigKeys (ConfUtils.java:logGet(43)) - raft.server.watch.timeout = 10s (default)
2019-07-16 14:37:49,562 INFO  server.RaftServerConfigKeys (ConfUtils.java:logGet(43)) - raft.server.watch.timeout.denomination = 1s (default)
2019-07-16 14:37:49,562 INFO  server.RaftServerConfigKeys (ConfUtils.java:logGet(43)) - raft.server.watch.element-limit = 65536 (default)
2019-07-16 14:37:49,562 INFO  impl.RoleInfo (RoleInfo.java:updateAndGet(143)) - 8c3aca03-f179-446f-a091-9877e02d9fca: start LeaderState
2019-07-16 14:37:49,563 INFO  segmented.SegmentedRaftLogWorker (SegmentedRaftLogWorker.java:startLogSegment(380)) - 8c3aca03-f179-446f-a091-9877e02d9fca-SegmentedRaftLogWorker:Storage Directory /workdir/hadoop-ozone/integration-test/target/test-dir/MiniOzoneClusterImpl-97ee1339-a049-4222-a247-019b32824aec/datanode-3/data/ratis/8289710b-5d3a-48d4-9c07-3dcf8877ad94: Starting segment from index:0
2019-07-16 14:37:49,563 INFO  impl.RaftServerImpl (ServerState.java:setRaftConf(361)) - 8c3aca03-f179-446f-a091-9877e02d9fca:group-3DCF8877AD94 set configuration 0: [8c3aca03-f179-446f-a091-9877e02d9fca:192.168.5.141:39952], old=null at 0
2019-07-16 14:37:49,570 INFO  impl.FollowerState (FollowerState.java:run(106)) - 3c74ed14-6800-4994-bb6e-6d8e934939dd:group-713E50E0BD09 changes to CANDIDATE, lastRpcTime:5024, electionTimeout:5024ms
2019-07-16 14:37:49,570 INFO  impl.RoleInfo (RoleInfo.java:shutdownFollowerState(121)) - 3c74ed14-6800-4994-bb6e-6d8e934939dd: shutdown FollowerState
2019-07-16 14:37:49,570 INFO  impl.RaftServerImpl (RaftServerImpl.java:setRole(171)) - 3c74ed14-6800-4994-bb6e-6d8e934939dd:group-713E50E0BD09 changes role from FOLLOWER to CANDIDATE at term 0 for changeToCandidate
2019-07-16 14:37:49,570 INFO  impl.RoleInfo (RoleInfo.java:updateAndGet(143)) - 3c74ed14-6800-4994-bb6e-6d8e934939dd: start LeaderElection
2019-07-16 14:37:49,594 INFO  segmented.SegmentedRaftLogWorker (SegmentedRaftLogWorker.java:execute(569)) - 8c3aca03-f179-446f-a091-9877e02d9fca-SegmentedRaftLogWorker:Storage Directory /workdir/hadoop-ozone/integration-test/target/test-dir/MiniOzoneClusterImpl-97ee1339-a049-4222-a247-019b32824aec/datanode-3/data/ratis/8289710b-5d3a-48d4-9c07-3dcf8877ad94: created new log segment /workdir/hadoop-ozone/integration-test/target/test-dir/MiniOzoneClusterImpl-97ee1339-a049-4222-a247-019b32824aec/datanode-3/data/ratis/8289710b-5d3a-48d4-9c07-3dcf8877ad94/current/log_inprogress_0
2019-07-16 14:37:49,594 INFO  impl.LeaderElection (LeaderElection.java:askForVotes(181)) - 3c74ed14-6800-4994-bb6e-6d8e934939dd:group-713E50E0BD09:LeaderElection58: begin an election at term 1 for -1: [3c74ed14-6800-4994-bb6e-6d8e934939dd:192.168.5.141:32959], old=null
2019-07-16 14:37:49,594 INFO  impl.RoleInfo (RoleInfo.java:shutdownLeaderElection(134)) - 3c74ed14-6800-4994-bb6e-6d8e934939dd: shutdown LeaderElection
2019-07-16 14:37:49,595 INFO  impl.RaftServerImpl (RaftServerImpl.java:setRole(171)) - 3c74ed14-6800-4994-bb6e-6d8e934939dd:group-713E50E0BD09 changes role from CANDIDATE to LEADER at term 1 for changeToLeader
2019-07-16 14:37:49,595 INFO  impl.RaftServerImpl (ServerState.java:setLeader(263)) - 3c74ed14-6800-4994-bb6e-6d8e934939dd:group-713E50E0BD09 change Leader from null to 3c74ed14-6800-4994-bb6e-6d8e934939dd at term 1 for becomeLeader, leader elected after 5054ms
2019-07-16 14:37:49,595 INFO  server.RaftServerConfigKeys (ConfUtils.java:logGet(43)) - raft.server.staging.catchup.gap = 1000 (default)
2019-07-16 14:37:49,595 INFO  server.RaftServerConfigKeys (ConfUtils.java:logGet(43)) - raft.server.rpc.sleep.time = 25ms (default)
2019-07-16 14:37:49,595 INFO  server.RaftServerConfigKeys (ConfUtils.java:logGet(43)) - raft.server.write.element-limit = 4096 (default)
2019-07-16 14:37:49,595 INFO  server.RaftServerConfigKeys (ConfUtils.java:logGet(43)) - raft.server.watch.timeout = 10s (default)
2019-07-16 14:37:49,595 INFO  server.RaftServerConfigKeys (ConfUtils.java:logGet(43)) - raft.server.watch.timeout.denomination = 1s (default)
2019-07-16 14:37:49,596 INFO  server.RaftServerConfigKeys (ConfUtils.java:logGet(43)) - raft.server.watch.element-limit = 65536 (default)
2019-07-16 14:37:49,596 INFO  impl.RoleInfo (RoleInfo.java:updateAndGet(143)) - 3c74ed14-6800-4994-bb6e-6d8e934939dd: start LeaderState
2019-07-16 14:37:49,596 INFO  segmented.SegmentedRaftLogWorker (SegmentedRaftLogWorker.java:startLogSegment(380)) - 3c74ed14-6800-4994-bb6e-6d8e934939dd-SegmentedRaftLogWorker:Storage Directory /workdir/hadoop-ozone/integration-test/target/test-dir/MiniOzoneClusterImpl-97ee1339-a049-4222-a247-019b32824aec/datanode-4/data/ratis/6caaf7e6-5f62-46ab-ad2d-713e50e0bd09: Starting segment from index:0
2019-07-16 14:37:49,597 INFO  impl.RaftServerImpl (ServerState.java:setRaftConf(361)) - 3c74ed14-6800-4994-bb6e-6d8e934939dd:group-713E50E0BD09 set configuration 0: [3c74ed14-6800-4994-bb6e-6d8e934939dd:192.168.5.141:32959], old=null at 0
2019-07-16 14:37:49,627 INFO  segmented.SegmentedRaftLogWorker (SegmentedRaftLogWorker.java:execute(569)) - 3c74ed14-6800-4994-bb6e-6d8e934939dd-SegmentedRaftLogWorker:Storage Directory /workdir/hadoop-ozone/integration-test/target/test-dir/MiniOzoneClusterImpl-97ee1339-a049-4222-a247-019b32824aec/datanode-4/data/ratis/6caaf7e6-5f62-46ab-ad2d-713e50e0bd09: created new log segment /workdir/hadoop-ozone/integration-test/target/test-dir/MiniOzoneClusterImpl-97ee1339-a049-4222-a247-019b32824aec/datanode-4/data/ratis/6caaf7e6-5f62-46ab-ad2d-713e50e0bd09/current/log_inprogress_0
2019-07-16 14:37:50,209 INFO  impl.FollowerState (FollowerState.java:run(106)) - 87bc60ff-b013-4719-8ee1-ac04f5988ae3:group-F82D57D1E1AC changes to CANDIDATE, lastRpcTime:5035, electionTimeout:5035ms
2019-07-16 14:37:50,210 INFO  impl.RoleInfo (RoleInfo.java:shutdownFollowerState(121)) - 87bc60ff-b013-4719-8ee1-ac04f5988ae3: shutdown FollowerState
2019-07-16 14:37:50,210 INFO  impl.RaftServerImpl (RaftServerImpl.java:setRole(171)) - 87bc60ff-b013-4719-8ee1-ac04f5988ae3:group-F82D57D1E1AC changes role from FOLLOWER to CANDIDATE at term 0 for changeToCandidate
2019-07-16 14:37:50,210 INFO  impl.RoleInfo (RoleInfo.java:updateAndGet(143)) - 87bc60ff-b013-4719-8ee1-ac04f5988ae3: start LeaderElection
2019-07-16 14:37:50,218 INFO  impl.FollowerState (FollowerState.java:run(106)) - 87bc60ff-b013-4719-8ee1-ac04f5988ae3:group-FE88C7355B04 changes to CANDIDATE, lastRpcTime:5162, electionTimeout:5156ms
2019-07-16 14:37:50,218 INFO  impl.RoleInfo (RoleInfo.java:shutdownFollowerState(121)) - 87bc60ff-b013-4719-8ee1-ac04f5988ae3: shutdown FollowerState
2019-07-16 14:37:50,218 INFO  impl.RaftServerImpl (RaftServerImpl.java:setRole(171)) - 87bc60ff-b013-4719-8ee1-ac04f5988ae3:group-FE88C7355B04 changes role from FOLLOWER to CANDIDATE at term 0 for changeToCandidate
2019-07-16 14:37:50,218 INFO  impl.RoleInfo (RoleInfo.java:updateAndGet(143)) - 87bc60ff-b013-4719-8ee1-ac04f5988ae3: start LeaderElection
2019-07-16 14:37:50,225 INFO  impl.LeaderElection (LeaderElection.java:askForVotes(181)) - 87bc60ff-b013-4719-8ee1-ac04f5988ae3:group-F82D57D1E1AC:LeaderElection59: begin an election at term 1 for -1: [87bc60ff-b013-4719-8ee1-ac04f5988ae3:192.168.5.141:45630, 3c74ed14-6800-4994-bb6e-6d8e934939dd:192.168.5.141:32959, 390a5bb7-567e-47fb-b9c9-5e868ddc7792:192.168.5.141:36717], old=null
2019-07-16 14:37:50,235 INFO  impl.LeaderElection (LeaderElection.java:askForVotes(181)) - 87bc60ff-b013-4719-8ee1-ac04f5988ae3:group-FE88C7355B04:LeaderElection60: begin an election at term 1 for -1: [87bc60ff-b013-4719-8ee1-ac04f5988ae3:192.168.5.141:45630], old=null
2019-07-16 14:37:50,235 INFO  impl.RoleInfo (RoleInfo.java:shutdownLeaderElection(134)) - 87bc60ff-b013-4719-8ee1-ac04f5988ae3: shutdown LeaderElection
2019-07-16 14:37:50,235 INFO  impl.RaftServerImpl (RaftServerImpl.java:setRole(171)) - 87bc60ff-b013-4719-8ee1-ac04f5988ae3:group-FE88C7355B04 changes role from CANDIDATE to LEADER at term 1 for changeToLeader
2019-07-16 14:37:50,235 INFO  impl.RaftServerImpl (ServerState.java:setLeader(263)) - 87bc60ff-b013-4719-8ee1-ac04f5988ae3:group-FE88C7355B04 change Leader from null to 87bc60ff-b013-4719-8ee1-ac04f5988ae3 at term 1 for becomeLeader, leader elected after 5184ms
2019-07-16 14:37:50,236 INFO  server.RaftServerConfigKeys (ConfUtils.java:logGet(43)) - raft.server.staging.catchup.gap = 1000 (default)
2019-07-16 14:37:50,236 INFO  server.RaftServerConfigKeys (ConfUtils.java:logGet(43)) - raft.server.rpc.sleep.time = 25ms (default)
2019-07-16 14:37:50,236 INFO  server.RaftServerConfigKeys (ConfUtils.java:logGet(43)) - raft.server.write.element-limit = 4096 (default)
2019-07-16 14:37:50,236 INFO  server.RaftServerConfigKeys (ConfUtils.java:logGet(43)) - raft.server.watch.timeout = 10s (default)
2019-07-16 14:37:50,237 INFO  server.RaftServerConfigKeys (ConfUtils.java:logGet(43)) - raft.server.watch.timeout.denomination = 1s (default)
2019-07-16 14:37:50,237 INFO  server.RaftServerConfigKeys (ConfUtils.java:logGet(43)) - raft.server.watch.element-limit = 65536 (default)
2019-07-16 14:37:50,237 INFO  impl.RoleInfo (RoleInfo.java:updateAndGet(143)) - 87bc60ff-b013-4719-8ee1-ac04f5988ae3: start LeaderState
2019-07-16 14:37:50,237 INFO  segmented.SegmentedRaftLogWorker (SegmentedRaftLogWorker.java:startLogSegment(380)) - 87bc60ff-b013-4719-8ee1-ac04f5988ae3-SegmentedRaftLogWorker:Storage Directory /workdir/hadoop-ozone/integration-test/target/test-dir/MiniOzoneClusterImpl-97ee1339-a049-4222-a247-019b32824aec/datanode-5/data/ratis/e5261087-ec0e-4f40-864f-fe88c7355b04: Starting segment from index:0
2019-07-16 14:37:50,244 INFO  impl.RaftServerImpl (RaftServerImpl.java:setRole(171)) - 3c74ed14-6800-4994-bb6e-6d8e934939dd:group-F82D57D1E1AC changes role from FOLLOWER to FOLLOWER at term 1 for recognizeCandidate:87bc60ff-b013-4719-8ee1-ac04f5988ae3
2019-07-16 14:37:50,244 INFO  impl.RaftServerImpl (ServerState.java:setRaftConf(361)) - 87bc60ff-b013-4719-8ee1-ac04f5988ae3:group-FE88C7355B04 set configuration 0: [87bc60ff-b013-4719-8ee1-ac04f5988ae3:192.168.5.141:45630], old=null at 0
2019-07-16 14:37:50,244 INFO  impl.RaftServerImpl (RaftServerImpl.java:setRole(171)) - 390a5bb7-567e-47fb-b9c9-5e868ddc7792:group-F82D57D1E1AC changes role from FOLLOWER to FOLLOWER at term 1 for recognizeCandidate:87bc60ff-b013-4719-8ee1-ac04f5988ae3
2019-07-16 14:37:50,245 INFO  impl.RoleInfo (RoleInfo.java:shutdownFollowerState(121)) - 390a5bb7-567e-47fb-b9c9-5e868ddc7792: shutdown FollowerState
2019-07-16 14:37:50,244 INFO  impl.RoleInfo (RoleInfo.java:shutdownFollowerState(121)) - 3c74ed14-6800-4994-bb6e-6d8e934939dd: shutdown FollowerState
2019-07-16 14:37:50,245 INFO  impl.FollowerState (FollowerState.java:run(114)) - 390a5bb7-567e-47fb-b9c9-5e868ddc7792: FollowerState was interrupted: java.lang.InterruptedException: sleep interrupted
2019-07-16 14:37:50,245 INFO  impl.RoleInfo (RoleInfo.java:updateAndGet(143)) - 390a5bb7-567e-47fb-b9c9-5e868ddc7792: start FollowerState
2019-07-16 14:37:50,245 INFO  impl.FollowerState (FollowerState.java:run(114)) - 3c74ed14-6800-4994-bb6e-6d8e934939dd: FollowerState was interrupted: java.lang.InterruptedException: sleep interrupted
2019-07-16 14:37:50,245 INFO  impl.RoleInfo (RoleInfo.java:updateAndGet(143)) - 3c74ed14-6800-4994-bb6e-6d8e934939dd: start FollowerState
2019-07-16 14:37:50,252 INFO  impl.LeaderElection (LeaderElection.java:logAndReturn(56)) - 87bc60ff-b013-4719-8ee1-ac04f5988ae3:group-F82D57D1E1AC:LeaderElection59: Election PASSED; received 1 response(s) [87bc60ff-b013-4719-8ee1-ac04f5988ae3<-390a5bb7-567e-47fb-b9c9-5e868ddc7792#0:OK-t1] and 0 exception(s); 87bc60ff-b013-4719-8ee1-ac04f5988ae3:t1, leader=null, voted=87bc60ff-b013-4719-8ee1-ac04f5988ae3, raftlog=87bc60ff-b013-4719-8ee1-ac04f5988ae3-SegmentedRaftLog:OPENED:c-1,f-1,i0, conf=-1: [87bc60ff-b013-4719-8ee1-ac04f5988ae3:192.168.5.141:45630, 3c74ed14-6800-4994-bb6e-6d8e934939dd:192.168.5.141:32959, 390a5bb7-567e-47fb-b9c9-5e868ddc7792:192.168.5.141:36717], old=null
2019-07-16 14:37:50,252 INFO  impl.RoleInfo (RoleInfo.java:shutdownLeaderElection(134)) - 87bc60ff-b013-4719-8ee1-ac04f5988ae3: shutdown LeaderElection
2019-07-16 14:37:50,252 INFO  impl.RaftServerImpl (RaftServerImpl.java:setRole(171)) - 87bc60ff-b013-4719-8ee1-ac04f5988ae3:group-F82D57D1E1AC changes role from CANDIDATE to LEADER at term 1 for changeToLeader
2019-07-16 14:37:50,252 INFO  impl.RaftServerImpl (ServerState.java:setLeader(263)) - 87bc60ff-b013-4719-8ee1-ac04f5988ae3:group-F82D57D1E1AC change Leader from null to 87bc60ff-b013-4719-8ee1-ac04f5988ae3 at term 1 for becomeLeader, leader elected after 5084ms
2019-07-16 14:37:50,253 INFO  server.RaftServerConfigKeys (ConfUtils.java:logGet(43)) - raft.server.staging.catchup.gap = 1000 (default)
2019-07-16 14:37:50,253 INFO  server.RaftServerConfigKeys (ConfUtils.java:logGet(43)) - raft.server.rpc.sleep.time = 25ms (default)
2019-07-16 14:37:50,253 INFO  server.RaftServerConfigKeys (ConfUtils.java:logGet(43)) - raft.server.write.element-limit = 4096 (default)
2019-07-16 14:37:50,253 INFO  server.RaftServerConfigKeys (ConfUtils.java:logGet(43)) - raft.server.watch.timeout = 10s (default)
2019-07-16 14:37:50,253 INFO  server.RaftServerConfigKeys (ConfUtils.java:logGet(43)) - raft.server.watch.timeout.denomination = 1s (default)
2019-07-16 14:37:50,253 INFO  server.RaftServerConfigKeys (ConfUtils.java:logGet(43)) - raft.server.watch.element-limit = 65536 (default)
2019-07-16 14:37:50,254 INFO  server.RaftServerConfigKeys (ConfUtils.java:logGet(43)) - raft.server.log.appender.snapshot.chunk.size.max = 16MB (=16777216) (default)
2019-07-16 14:37:50,254 INFO  server.RaftServerConfigKeys (ConfUtils.java:logGet(43)) - raft.server.log.appender.buffer.byte-limit = 33554432 (custom)
2019-07-16 14:37:50,254 INFO  server.RaftServerConfigKeys (ConfUtils.java:logGet(43)) - raft.server.log.appender.buffer.element-limit = 1 (custom)
2019-07-16 14:37:50,254 INFO  grpc.GrpcConfigKeys$Server (ConfUtils.java:logGet(43)) - raft.grpc.server.leader.outstanding.appends.max = 128 (default)
2019-07-16 14:37:50,254 INFO  server.RaftServerConfigKeys (ConfUtils.java:logGet(43)) - raft.server.rpc.request.timeout = 3000ms (default)
2019-07-16 14:37:50,254 INFO  server.RaftServerConfigKeys (ConfUtils.java:logGet(43)) - raft.server.log.appender.install.snapshot.enabled = false (custom)
2019-07-16 14:37:50,255 INFO  server.RaftServerConfigKeys (ConfUtils.java:logGet(43)) - raft.server.log.appender.snapshot.chunk.size.max = 16MB (=16777216) (default)
2019-07-16 14:37:50,255 INFO  server.RaftServerConfigKeys (ConfUtils.java:logGet(43)) - raft.server.log.appender.buffer.byte-limit = 33554432 (custom)
2019-07-16 14:37:50,255 INFO  server.RaftServerConfigKeys (ConfUtils.java:logGet(43)) - raft.server.log.appender.buffer.element-limit = 1 (custom)
2019-07-16 14:37:50,255 INFO  grpc.GrpcConfigKeys$Server (ConfUtils.java:logGet(43)) - raft.grpc.server.leader.outstanding.appends.max = 128 (default)
2019-07-16 14:37:50,255 INFO  server.RaftServerConfigKeys (ConfUtils.java:logGet(43)) - raft.server.rpc.request.timeout = 3000ms (default)
2019-07-16 14:37:50,255 INFO  server.RaftServerConfigKeys (ConfUtils.java:logGet(43)) - raft.server.log.appender.install.snapshot.enabled = false (custom)
2019-07-16 14:37:50,255 INFO  impl.RoleInfo (RoleInfo.java:updateAndGet(143)) - 87bc60ff-b013-4719-8ee1-ac04f5988ae3: start LeaderState
2019-07-16 14:37:50,256 INFO  segmented.SegmentedRaftLogWorker (SegmentedRaftLogWorker.java:startLogSegment(380)) - 87bc60ff-b013-4719-8ee1-ac04f5988ae3-SegmentedRaftLogWorker:Storage Directory /workdir/hadoop-ozone/integration-test/target/test-dir/MiniOzoneClusterImpl-97ee1339-a049-4222-a247-019b32824aec/datanode-5/data/ratis/b3f80d63-c643-464c-845e-f82d57d1e1ac: Starting segment from index:0
2019-07-16 14:37:50,258 INFO  impl.RaftServerImpl (ServerState.java:setRaftConf(361)) - 87bc60ff-b013-4719-8ee1-ac04f5988ae3:group-F82D57D1E1AC set configuration 0: [87bc60ff-b013-4719-8ee1-ac04f5988ae3:192.168.5.141:45630, 3c74ed14-6800-4994-bb6e-6d8e934939dd:192.168.5.141:32959, 390a5bb7-567e-47fb-b9c9-5e868ddc7792:192.168.5.141:36717], old=null at 0
2019-07-16 14:37:50,260 INFO  impl.RaftServerImpl (ServerState.java:setLeader(263)) - 3c74ed14-6800-4994-bb6e-6d8e934939dd:group-F82D57D1E1AC change Leader from null to 87bc60ff-b013-4719-8ee1-ac04f5988ae3 at term 1 for appendEntries, leader elected after 5092ms
2019-07-16 14:37:50,260 INFO  impl.RaftServerImpl (ServerState.java:setLeader(263)) - 390a5bb7-567e-47fb-b9c9-5e868ddc7792:group-F82D57D1E1AC change Leader from null to 87bc60ff-b013-4719-8ee1-ac04f5988ae3 at term 1 for appendEntries, leader elected after 5092ms
2019-07-16 14:37:50,263 INFO  impl.RaftServerImpl (ServerState.java:setRaftConf(361)) - 3c74ed14-6800-4994-bb6e-6d8e934939dd:group-F82D57D1E1AC set configuration 0: [87bc60ff-b013-4719-8ee1-ac04f5988ae3:192.168.5.141:45630, 3c74ed14-6800-4994-bb6e-6d8e934939dd:192.168.5.141:32959, 390a5bb7-567e-47fb-b9c9-5e868ddc7792:192.168.5.141:36717], old=null at 0
2019-07-16 14:37:50,263 INFO  impl.RaftServerImpl (ServerState.java:setRaftConf(361)) - 390a5bb7-567e-47fb-b9c9-5e868ddc7792:group-F82D57D1E1AC set configuration 0: [87bc60ff-b013-4719-8ee1-ac04f5988ae3:192.168.5.141:45630, 3c74ed14-6800-4994-bb6e-6d8e934939dd:192.168.5.141:32959, 390a5bb7-567e-47fb-b9c9-5e868ddc7792:192.168.5.141:36717], old=null at 0
2019-07-16 14:37:50,264 INFO  segmented.SegmentedRaftLogWorker (SegmentedRaftLogWorker.java:startLogSegment(380)) - 3c74ed14-6800-4994-bb6e-6d8e934939dd-SegmentedRaftLogWorker:Storage Directory /workdir/hadoop-ozone/integration-test/target/test-dir/MiniOzoneClusterImpl-97ee1339-a049-4222-a247-019b32824aec/datanode-4/data/ratis/b3f80d63-c643-464c-845e-f82d57d1e1ac: Starting segment from index:0
2019-07-16 14:37:50,264 INFO  segmented.SegmentedRaftLogWorker (SegmentedRaftLogWorker.java:startLogSegment(380)) - 390a5bb7-567e-47fb-b9c9-5e868ddc7792-SegmentedRaftLogWorker:Storage Directory /workdir/hadoop-ozone/integration-test/target/test-dir/MiniOzoneClusterImpl-97ee1339-a049-4222-a247-019b32824aec/datanode-6/data/ratis/b3f80d63-c643-464c-845e-f82d57d1e1ac: Starting segment from index:0
2019-07-16 14:37:50,267 INFO  segmented.SegmentedRaftLogWorker (SegmentedRaftLogWorker.java:execute(569)) - 87bc60ff-b013-4719-8ee1-ac04f5988ae3-SegmentedRaftLogWorker:Storage Directory /workdir/hadoop-ozone/integration-test/target/test-dir/MiniOzoneClusterImpl-97ee1339-a049-4222-a247-019b32824aec/datanode-5/data/ratis/e5261087-ec0e-4f40-864f-fe88c7355b04: created new log segment /workdir/hadoop-ozone/integration-test/target/test-dir/MiniOzoneClusterImpl-97ee1339-a049-4222-a247-019b32824aec/datanode-5/data/ratis/e5261087-ec0e-4f40-864f-fe88c7355b04/current/log_inprogress_0
2019-07-16 14:37:50,299 INFO  segmented.SegmentedRaftLogWorker (SegmentedRaftLogWorker.java:execute(569)) - 390a5bb7-567e-47fb-b9c9-5e868ddc7792-SegmentedRaftLogWorker:Storage Directory /workdir/hadoop-ozone/integration-test/target/test-dir/MiniOzoneClusterImpl-97ee1339-a049-4222-a247-019b32824aec/datanode-6/data/ratis/b3f80d63-c643-464c-845e-f82d57d1e1ac: created new log segment /workdir/hadoop-ozone/integration-test/target/test-dir/MiniOzoneClusterImpl-97ee1339-a049-4222-a247-019b32824aec/datanode-6/data/ratis/b3f80d63-c643-464c-845e-f82d57d1e1ac/current/log_inprogress_0
2019-07-16 14:37:50,299 INFO  segmented.SegmentedRaftLogWorker (SegmentedRaftLogWorker.java:execute(569)) - 87bc60ff-b013-4719-8ee1-ac04f5988ae3-SegmentedRaftLogWorker:Storage Directory /workdir/hadoop-ozone/integration-test/target/test-dir/MiniOzoneClusterImpl-97ee1339-a049-4222-a247-019b32824aec/datanode-5/data/ratis/b3f80d63-c643-464c-845e-f82d57d1e1ac: created new log segment /workdir/hadoop-ozone/integration-test/target/test-dir/MiniOzoneClusterImpl-97ee1339-a049-4222-a247-019b32824aec/datanode-5/data/ratis/b3f80d63-c643-464c-845e-f82d57d1e1ac/current/log_inprogress_0
2019-07-16 14:37:50,299 INFO  segmented.SegmentedRaftLogWorker (SegmentedRaftLogWorker.java:execute(569)) - 3c74ed14-6800-4994-bb6e-6d8e934939dd-SegmentedRaftLogWorker:Storage Directory /workdir/hadoop-ozone/integration-test/target/test-dir/MiniOzoneClusterImpl-97ee1339-a049-4222-a247-019b32824aec/datanode-4/data/ratis/b3f80d63-c643-464c-845e-f82d57d1e1ac: created new log segment /workdir/hadoop-ozone/integration-test/target/test-dir/MiniOzoneClusterImpl-97ee1339-a049-4222-a247-019b32824aec/datanode-4/data/ratis/b3f80d63-c643-464c-845e-f82d57d1e1ac/current/log_inprogress_0
2019-07-16 14:37:50,313 INFO  impl.FollowerState (FollowerState.java:run(106)) - 390a5bb7-567e-47fb-b9c9-5e868ddc7792:group-03F7F100DFF7 changes to CANDIDATE, lastRpcTime:5194, electionTimeout:5194ms
2019-07-16 14:37:50,313 INFO  impl.RoleInfo (RoleInfo.java:shutdownFollowerState(121)) - 390a5bb7-567e-47fb-b9c9-5e868ddc7792: shutdown FollowerState
2019-07-16 14:37:50,313 INFO  impl.RaftServerImpl (RaftServerImpl.java:setRole(171)) - 390a5bb7-567e-47fb-b9c9-5e868ddc7792:group-03F7F100DFF7 changes role from FOLLOWER to CANDIDATE at term 0 for changeToCandidate
2019-07-16 14:37:50,313 INFO  impl.RoleInfo (RoleInfo.java:updateAndGet(143)) - 390a5bb7-567e-47fb-b9c9-5e868ddc7792: start LeaderElection
2019-07-16 14:37:50,325 INFO  impl.LeaderElection (LeaderElection.java:askForVotes(181)) - 390a5bb7-567e-47fb-b9c9-5e868ddc7792:group-03F7F100DFF7:LeaderElection61: begin an election at term 1 for -1: [390a5bb7-567e-47fb-b9c9-5e868ddc7792:192.168.5.141:36717], old=null
2019-07-16 14:37:50,325 INFO  impl.RoleInfo (RoleInfo.java:shutdownLeaderElection(134)) - 390a5bb7-567e-47fb-b9c9-5e868ddc7792: shutdown LeaderElection
2019-07-16 14:37:50,325 INFO  impl.RaftServerImpl (RaftServerImpl.java:setRole(171)) - 390a5bb7-567e-47fb-b9c9-5e868ddc7792:group-03F7F100DFF7 changes role from CANDIDATE to LEADER at term 1 for changeToLeader
2019-07-16 14:37:50,325 INFO  impl.RaftServerImpl (ServerState.java:setLeader(263)) - 390a5bb7-567e-47fb-b9c9-5e868ddc7792:group-03F7F100DFF7 change Leader from null to 390a5bb7-567e-47fb-b9c9-5e868ddc7792 at term 1 for becomeLeader, leader elected after 5211ms
2019-07-16 14:37:50,325 INFO  server.RaftServerConfigKeys (ConfUtils.java:logGet(43)) - raft.server.staging.catchup.gap = 1000 (default)
2019-07-16 14:37:50,326 INFO  server.RaftServerConfigKeys (ConfUtils.java:logGet(43)) - raft.server.rpc.sleep.time = 25ms (default)
2019-07-16 14:37:50,326 INFO  server.RaftServerConfigKeys (ConfUtils.java:logGet(43)) - raft.server.write.element-limit = 4096 (default)
2019-07-16 14:37:50,326 INFO  server.RaftServerConfigKeys (ConfUtils.java:logGet(43)) - raft.server.watch.timeout = 10s (default)
2019-07-16 14:37:50,326 INFO  server.RaftServerConfigKeys (ConfUtils.java:logGet(43)) - raft.server.watch.timeout.denomination = 1s (default)
2019-07-16 14:37:50,326 INFO  server.RaftServerConfigKeys (ConfUtils.java:logGet(43)) - raft.server.watch.element-limit = 65536 (default)
2019-07-16 14:37:50,326 INFO  impl.RoleInfo (RoleInfo.java:updateAndGet(143)) - 390a5bb7-567e-47fb-b9c9-5e868ddc7792: start LeaderState
2019-07-16 14:37:50,326 INFO  segmented.SegmentedRaftLogWorker (SegmentedRaftLogWorker.java:startLogSegment(380)) - 390a5bb7-567e-47fb-b9c9-5e868ddc7792-SegmentedRaftLogWorker:Storage Directory /workdir/hadoop-ozone/integration-test/target/test-dir/MiniOzoneClusterImpl-97ee1339-a049-4222-a247-019b32824aec/datanode-6/data/ratis/8bc0ad6e-ed37-4ad7-b4aa-03f7f100dff7: Starting segment from index:0
2019-07-16 14:37:50,327 INFO  impl.RaftServerImpl (ServerState.java:setRaftConf(361)) - 390a5bb7-567e-47fb-b9c9-5e868ddc7792:group-03F7F100DFF7 set configuration 0: [390a5bb7-567e-47fb-b9c9-5e868ddc7792:192.168.5.141:36717], old=null at 0
2019-07-16 14:37:50,349 INFO  segmented.SegmentedRaftLogWorker (SegmentedRaftLogWorker.java:execute(569)) - 390a5bb7-567e-47fb-b9c9-5e868ddc7792-SegmentedRaftLogWorker:Storage Directory /workdir/hadoop-ozone/integration-test/target/test-dir/MiniOzoneClusterImpl-97ee1339-a049-4222-a247-019b32824aec/datanode-6/data/ratis/8bc0ad6e-ed37-4ad7-b4aa-03f7f100dff7: created new log segment /workdir/hadoop-ozone/integration-test/target/test-dir/MiniOzoneClusterImpl-97ee1339-a049-4222-a247-019b32824aec/datanode-6/data/ratis/8bc0ad6e-ed37-4ad7-b4aa-03f7f100dff7/current/log_inprogress_0
2019-07-16 14:37:50,398 INFO  client.GrpcClientProtocolClient (GrpcClientProtocolClient.java:onNext(255)) - client-78DDC0A7BA34->ccf461c5-3768-483c-b0ca-dbf506c8c2c2: receive RaftClientReply:client-78DDC0A7BA34->ccf461c5-3768-483c-b0ca-dbf506c8c2c2@group-3C81D4B366D5, cid=110, SUCCESS, logIndex=1, commits[ccf461c5-3768-483c-b0ca-dbf506c8c2c2:c2, 22a0ebc8-eb6c-4a1f-b61d-9d14bf71b2bd:c1, 919e3a0f-4e3a-4af4-a07e-aac4e8e6711b:c1]
2019-07-16 14:37:50,405 INFO  datanode.ObjectStoreHandler (ObjectStoreHandler.java:close(155)) - Closing ObjectStoreHandler.
2019-07-16 14:37:50,406 INFO  ozone.HddsDatanodeService (HddsDatanodeService.java:stop(452)) - Stopped plug-in org.apache.hadoop.ozone.web.OzoneHddsDatanodeService@7720334e
2019-07-16 14:37:50,406 INFO  statemachine.DatanodeStateMachine (DatanodeStateMachine.java:lambda$startDaemon$0(350)) - Ozone container server started.
2019-07-16 14:37:50,407 INFO  ozoneimpl.OzoneContainer (OzoneContainer.java:stop(199)) - Attempting to stop container services.
2019-07-16 14:37:50,407 INFO  impl.RaftServerProxy (RaftServerProxy.java:lambda$close$4(314)) - ccf461c5-3768-483c-b0ca-dbf506c8c2c2: close
2019-07-16 14:37:50,408 INFO  impl.RaftServerImpl (RaftServerImpl.java:lambda$shutdown$3(245)) - ccf461c5-3768-483c-b0ca-dbf506c8c2c2: shutdown group-3C81D4B366D5
2019-07-16 14:37:50,408 INFO  impl.RaftServerImpl (RaftServerImpl.java:lambda$shutdown$3(245)) - ccf461c5-3768-483c-b0ca-dbf506c8c2c2: shutdown group-8F893E368465
2019-07-16 14:37:50,409 INFO  util.JmxRegister (JmxRegister.java:unregister(73)) - Successfully un-registered JMX Bean with object name Ratis:service=RaftServer,group=group-3C81D4B366D5,id=ccf461c5-3768-483c-b0ca-dbf506c8c2c2
2019-07-16 14:37:50,409 INFO  util.JmxRegister (JmxRegister.java:unregister(73)) - Successfully un-registered JMX Bean with object name Ratis:service=RaftServer,group=group-8F893E368465,id=ccf461c5-3768-483c-b0ca-dbf506c8c2c2
2019-07-16 14:37:50,409 INFO  impl.RoleInfo (RoleInfo.java:shutdownLeaderState(104)) - ccf461c5-3768-483c-b0ca-dbf506c8c2c2: shutdown LeaderState
2019-07-16 14:37:50,409 INFO  impl.RoleInfo (RoleInfo.java:shutdownLeaderState(104)) - ccf461c5-3768-483c-b0ca-dbf506c8c2c2: shutdown LeaderState
2019-07-16 14:37:50,422 WARN  server.GrpcLogAppender (GrpcLogAppender.java:mayWait(143)) - GrpcLogAppender(ccf461c5-3768-483c-b0ca-dbf506c8c2c2->919e3a0f-4e3a-4af4-a07e-aac4e8e6711b): Wait interrupted by java.lang.InterruptedException
2019-07-16 14:37:50,422 WARN  server.GrpcLogAppender (GrpcLogAppender.java:mayWait(143)) - GrpcLogAppender(ccf461c5-3768-483c-b0ca-dbf506c8c2c2->22a0ebc8-eb6c-4a1f-b61d-9d14bf71b2bd): Wait interrupted by java.lang.InterruptedException
2019-07-16 14:37:50,422 INFO  impl.PendingRequests (PendingRequests.java:sendNotLeaderResponses(202)) - ccf461c5-3768-483c-b0ca-dbf506c8c2c2-PendingRequests: sendNotLeaderResponses
2019-07-16 14:37:50,422 INFO  server.GrpcServerProtocolService (GrpcServerProtocolService.java:onCompleted(104)) - 919e3a0f-4e3a-4af4-a07e-aac4e8e6711b: appendEntries completed
2019-07-16 14:37:50,422 INFO  impl.PendingRequests (PendingRequests.java:sendNotLeaderResponses(202)) - ccf461c5-3768-483c-b0ca-dbf506c8c2c2-PendingRequests: sendNotLeaderResponses
2019-07-16 14:37:50,452 INFO  ratis.ContainerStateMachine (ContainerStateMachine.java:takeSnapshot(248)) - group-3C81D4B366D5: Taking a snapshot at:(t:1, i:2) file /workdir/hadoop-ozone/integration-test/target/test-dir/MiniOzoneClusterImpl-97ee1339-a049-4222-a247-019b32824aec/datanode-1/data/ratis/d10767b2-d8d8-4c4c-a2c4-3c81d4b366d5/sm/snapshot.1_2
2019-07-16 14:37:50,433 INFO  server.GrpcServerProtocolService (GrpcServerProtocolService.java:onCompleted(104)) - 22a0ebc8-eb6c-4a1f-b61d-9d14bf71b2bd: appendEntries completed
2019-07-16 14:37:50,452 INFO  impl.StateMachineUpdater (StateMachineUpdater.java:stopAndJoin(115)) - StateMachineUpdater:ccf461c5-3768-483c-b0ca-dbf506c8c2c2:group-3C81D4B366D5: set stopIndex = 2
2019-07-16 14:37:50,459 INFO  ratis.ContainerStateMachine (ContainerStateMachine.java:takeSnapshot(256)) - group-3C81D4B366D5: Finished taking a snapshot at:(t:1, i:2) file:/workdir/hadoop-ozone/integration-test/target/test-dir/MiniOzoneClusterImpl-97ee1339-a049-4222-a247-019b32824aec/datanode-1/data/ratis/d10767b2-d8d8-4c4c-a2c4-3c81d4b366d5/sm/snapshot.1_2 time:7
2019-07-16 14:37:50,458 INFO  server.GrpcLogAppender (GrpcLogAppender.java:onCompleted(292)) - ccf461c5-3768-483c-b0ca-dbf506c8c2c2->919e3a0f-4e3a-4af4-a07e-aac4e8e6711b: follower responses appendEntries COMPLETED
2019-07-16 14:37:50,458 INFO  impl.StateMachineUpdater (StateMachineUpdater.java:stopAndJoin(115)) - StateMachineUpdater:ccf461c5-3768-483c-b0ca-dbf506c8c2c2:group-8F893E368465: set stopIndex = 0
2019-07-16 14:37:50,460 INFO  impl.FollowerInfo (FollowerInfo.java:lambda$new$0(50)) - ccf461c5-3768-483c-b0ca-dbf506c8c2c2->919e3a0f-4e3a-4af4-a07e-aac4e8e6711b: nextIndex: updateUnconditionally 3 -> 2
2019-07-16 14:37:50,459 INFO  impl.StateMachineUpdater (StateMachineUpdater.java:takeSnapshot(242)) - StateMachineUpdater:ccf461c5-3768-483c-b0ca-dbf506c8c2c2:group-3C81D4B366D5: Took a snapshot at index 2
2019-07-16 14:37:50,459 INFO  server.GrpcLogAppender (GrpcLogAppender.java:onCompleted(292)) - ccf461c5-3768-483c-b0ca-dbf506c8c2c2->22a0ebc8-eb6c-4a1f-b61d-9d14bf71b2bd: follower responses appendEntries COMPLETED
2019-07-16 14:37:50,460 INFO  impl.StateMachineUpdater (StateMachineUpdater.java:lambda$new$0(80)) - StateMachineUpdater:ccf461c5-3768-483c-b0ca-dbf506c8c2c2:group-3C81D4B366D5: snapshotIndex: updateIncreasingly -1 -> 2
2019-07-16 14:37:50,460 INFO  impl.RaftServerImpl (ServerState.java:close(394)) - ccf461c5-3768-483c-b0ca-dbf506c8c2c2:group-8F893E368465 closes. The last applied log index is 0
2019-07-16 14:37:50,461 INFO  impl.FollowerInfo (FollowerInfo.java:lambda$new$0(50)) - ccf461c5-3768-483c-b0ca-dbf506c8c2c2->22a0ebc8-eb6c-4a1f-b61d-9d14bf71b2bd: nextIndex: updateUnconditionally 3 -> 2
2019-07-16 14:37:50,461 INFO  impl.RaftServerImpl (ServerState.java:close(394)) - ccf461c5-3768-483c-b0ca-dbf506c8c2c2:group-3C81D4B366D5 closes. The last applied log index is 2
2019-07-16 14:37:50,461 INFO  segmented.SegmentedRaftLogWorker (SegmentedRaftLogWorker.java:run(313)) - ccf461c5-3768-483c-b0ca-dbf506c8c2c2-SegmentedRaftLogWorker:Storage Directory /workdir/hadoop-ozone/integration-test/target/test-dir/MiniOzoneClusterImpl-97ee1339-a049-4222-a247-019b32824aec/datanode-1/data/ratis/e957a391-c010-4751-80f0-8f893e368465 was interrupted, exiting. There are 0 tasks remaining in the queue.
2019-07-16 14:37:50,462 INFO  segmented.SegmentedRaftLogWorker (SegmentedRaftLogWorker.java:run(313)) - ccf461c5-3768-483c-b0ca-dbf506c8c2c2-SegmentedRaftLogWorker:Storage Directory /workdir/hadoop-ozone/integration-test/target/test-dir/MiniOzoneClusterImpl-97ee1339-a049-4222-a247-019b32824aec/datanode-1/data/ratis/d10767b2-d8d8-4c4c-a2c4-3c81d4b366d5 was interrupted, exiting. There are 0 tasks remaining in the queue.
2019-07-16 14:37:50,462 INFO  segmented.SegmentedRaftLogWorker (SegmentedRaftLogWorker.java:close(228)) - ccf461c5-3768-483c-b0ca-dbf506c8c2c2-SegmentedRaftLogWorker:Storage Directory /workdir/hadoop-ozone/integration-test/target/test-dir/MiniOzoneClusterImpl-97ee1339-a049-4222-a247-019b32824aec/datanode-1/data/ratis/e957a391-c010-4751-80f0-8f893e368465 close()
2019-07-16 14:37:50,462 INFO  segmented.SegmentedRaftLogWorker (SegmentedRaftLogWorker.java:close(228)) - ccf461c5-3768-483c-b0ca-dbf506c8c2c2-SegmentedRaftLogWorker:Storage Directory /workdir/hadoop-ozone/integration-test/target/test-dir/MiniOzoneClusterImpl-97ee1339-a049-4222-a247-019b32824aec/datanode-1/data/ratis/d10767b2-d8d8-4c4c-a2c4-3c81d4b366d5 close()
2019-07-16 14:37:50,475 INFO  server.GrpcService (GrpcService.java:closeImpl(155)) - ccf461c5-3768-483c-b0ca-dbf506c8c2c2: shutdown server with port 40468 now
2019-07-16 14:37:50,475 INFO  server.GrpcService (GrpcService.java:closeImpl(163)) - ccf461c5-3768-483c-b0ca-dbf506c8c2c2: shutdown server with port 40468 successfully
2019-07-16 14:37:50,483 WARN  fs.CachingGetSpaceUsed (CachingGetSpaceUsed.java:run(183)) - Thread Interrupted waiting to refresh disk information: sleep interrupted
2019-07-16 14:37:50,512 INFO  statemachine.DatanodeStateMachine (DatanodeStateMachine.java:stopDaemon(395)) - Ozone container server stopped.
2019-07-16 14:37:50,513 INFO  handler.ContextHandler (ContextHandler.java:doStop(910)) - Stopped o.e.j.w.WebAppContext@6ed2aa8a{/,null,UNAVAILABLE}{/hddsDatanode}
2019-07-16 14:37:50,513 INFO  server.AbstractConnector (AbstractConnector.java:doStop(318)) - Stopped ServerConnector@53ec379a{HTTP/1.1,[http/1.1]}{0.0.0.0:0}
2019-07-16 14:37:50,513 INFO  handler.ContextHandler (ContextHandler.java:doStop(910)) - Stopped o.e.j.s.ServletContextHandler@e8ef60b{/static,jar:file:/home/user/.m2/repository/org/apache/hadoop/hadoop-hdds-container-service/0.4.1-SNAPSHOT/hadoop-hdds-container-service-0.4.1-SNAPSHOT.jar!/webapps/static,UNAVAILABLE}
2019-07-16 14:37:50,514 INFO  handler.ContextHandler (ContextHandler.java:doStop(910)) - Stopped o.e.j.s.ServletContextHandler@13198b8e{/logs,file:///workdir/hadoop-ozone/integration-test/target/log,UNAVAILABLE}
2019-07-16 14:37:51,517 WARN  server.GrpcLogAppender (LogUtils.java:warn(134)) - 2d24ff93-5e56-4080-b028-9b16d6e96cde->05db247d-740e-4a28-8f98-6376453fe824: Failed appendEntries: org.apache.ratis.thirdparty.io.grpc.StatusRuntimeException: UNAVAILABLE: io exception
2019-07-16 14:37:51,517 INFO  impl.FollowerInfo (FollowerInfo.java:lambda$new$0(50)) - 2d24ff93-5e56-4080-b028-9b16d6e96cde->05db247d-740e-4a28-8f98-6376453fe824: nextIndex: updateUnconditionally 0 -> 0
2019-07-16 14:37:51,542 WARN  server.GrpcLogAppender (LogUtils.java:warn(134)) - 2d24ff93-5e56-4080-b028-9b16d6e96cde->42b13e68-5a55-4074-bc1a-ac1414cc1e9f: Failed appendEntries: org.apache.ratis.thirdparty.io.grpc.StatusRuntimeException: UNAVAILABLE: io exception
2019-07-16 14:37:51,542 INFO  impl.FollowerInfo (FollowerInfo.java:lambda$new$0(50)) - 2d24ff93-5e56-4080-b028-9b16d6e96cde->42b13e68-5a55-4074-bc1a-ac1414cc1e9f: nextIndex: updateUnconditionally 0 -> 0
2019-07-16 14:37:52,555 INFO  client.GrpcClientProtocolClient (GrpcClientProtocolClient.java:onNext(255)) - client-78DDC0A7BA34->22a0ebc8-eb6c-4a1f-b61d-9d14bf71b2bd: receive RaftClientReply:client-78DDC0A7BA34->22a0ebc8-eb6c-4a1f-b61d-9d14bf71b2bd@group-3C81D4B366D5, cid=111, FAILED org.apache.ratis.protocol.NotLeaderException: Server 22a0ebc8-eb6c-4a1f-b61d-9d14bf71b2bd is not the leader (ccf461c5-3768-483c-b0ca-dbf506c8c2c2:192.168.5.141:40468). Request must be sent to leader., logIndex=0, commits[22a0ebc8-eb6c-4a1f-b61d-9d14bf71b2bd:c1, 919e3a0f-4e3a-4af4-a07e-aac4e8e6711b:c0, ccf461c5-3768-483c-b0ca-dbf506c8c2c2:c1]
2019-07-16 14:37:53,603 INFO  client.GrpcClientProtocolClient (GrpcClientProtocolClient.java:onNext(255)) - client-78DDC0A7BA34->919e3a0f-4e3a-4af4-a07e-aac4e8e6711b: receive RaftClientReply:client-78DDC0A7BA34->919e3a0f-4e3a-4af4-a07e-aac4e8e6711b@group-3C81D4B366D5, cid=111, FAILED org.apache.ratis.protocol.NotLeaderException: Server 919e3a0f-4e3a-4af4-a07e-aac4e8e6711b is not the leader (ccf461c5-3768-483c-b0ca-dbf506c8c2c2:192.168.5.141:40468). Request must be sent to leader., logIndex=0, commits[919e3a0f-4e3a-4af4-a07e-aac4e8e6711b:c1, 22a0ebc8-eb6c-4a1f-b61d-9d14bf71b2bd:c-1, ccf461c5-3768-483c-b0ca-dbf506c8c2c2:c1]
2019-07-16 14:37:54,018 WARN  server.GrpcLogAppender (LogUtils.java:warn(134)) - 2d24ff93-5e56-4080-b028-9b16d6e96cde->05db247d-740e-4a28-8f98-6376453fe824: Failed appendEntries: org.apache.ratis.thirdparty.io.grpc.StatusRuntimeException: UNAVAILABLE: io exception
2019-07-16 14:37:54,018 INFO  impl.FollowerInfo (FollowerInfo.java:lambda$new$0(50)) - 2d24ff93-5e56-4080-b028-9b16d6e96cde->05db247d-740e-4a28-8f98-6376453fe824: nextIndex: updateUnconditionally 0 -> 0
2019-07-16 14:37:54,043 WARN  server.GrpcLogAppender (LogUtils.java:warn(134)) - 2d24ff93-5e56-4080-b028-9b16d6e96cde->42b13e68-5a55-4074-bc1a-ac1414cc1e9f: Failed appendEntries: org.apache.ratis.thirdparty.io.grpc.StatusRuntimeException: UNAVAILABLE: io exception
2019-07-16 14:37:54,044 INFO  impl.FollowerInfo (FollowerInfo.java:lambda$new$0(50)) - 2d24ff93-5e56-4080-b028-9b16d6e96cde->42b13e68-5a55-4074-bc1a-ac1414cc1e9f: nextIndex: updateUnconditionally 0 -> 0
2019-07-16 14:37:54,650 INFO  client.GrpcClientProtocolClient (GrpcClientProtocolClient.java:onNext(255)) - client-78DDC0A7BA34->22a0ebc8-eb6c-4a1f-b61d-9d14bf71b2bd: receive RaftClientReply:client-78DDC0A7BA34->22a0ebc8-eb6c-4a1f-b61d-9d14bf71b2bd@group-3C81D4B366D5, cid=111, FAILED org.apache.ratis.protocol.NotLeaderException: Server 22a0ebc8-eb6c-4a1f-b61d-9d14bf71b2bd is not the leader (ccf461c5-3768-483c-b0ca-dbf506c8c2c2:192.168.5.141:40468). Request must be sent to leader., logIndex=0, commits[22a0ebc8-eb6c-4a1f-b61d-9d14bf71b2bd:c1, 919e3a0f-4e3a-4af4-a07e-aac4e8e6711b:c0, ccf461c5-3768-483c-b0ca-dbf506c8c2c2:c1]
]]></system-out>
    <system-err><![CDATA[Jul 16, 2019 2:37:39 PM com.sun.jersey.server.impl.application.WebApplicationImpl _initiate
INFO: Initiating Jersey application, version 'Jersey: 1.19 02/11/2015 03:25 AM'
Jul 16, 2019 2:37:39 PM com.sun.jersey.server.impl.application.WebApplicationImpl _initiate
INFO: Initiating Jersey application, version 'Jersey: 1.19 02/11/2015 03:25 AM'
Jul 16, 2019 2:37:40 PM com.sun.jersey.server.impl.application.WebApplicationImpl _initiate
INFO: Initiating Jersey application, version 'Jersey: 1.19 02/11/2015 03:25 AM'
Jul 16, 2019 2:37:40 PM com.sun.jersey.server.impl.application.WebApplicationImpl _initiate
INFO: Initiating Jersey application, version 'Jersey: 1.19 02/11/2015 03:25 AM'
Jul 16, 2019 2:37:40 PM com.sun.jersey.server.impl.application.WebApplicationImpl _initiate
INFO: Initiating Jersey application, version 'Jersey: 1.19 02/11/2015 03:25 AM'
Jul 16, 2019 2:37:40 PM com.sun.jersey.server.impl.application.WebApplicationImpl _initiate
INFO: Initiating Jersey application, version 'Jersey: 1.19 02/11/2015 03:25 AM'
Jul 16, 2019 2:37:40 PM com.sun.jersey.server.impl.application.WebApplicationImpl _initiate
INFO: Initiating Jersey application, version 'Jersey: 1.19 02/11/2015 03:25 AM'
]]></system-err>
  </testcase>
</testsuite>