<?xml version="1.0" encoding="UTF-8"?>
<testsuite xmlns:xsi="http://www.w3.org/2001/XMLSchema-instance" xsi:noNamespaceSchemaLocation="https://maven.apache.org/surefire/maven-surefire-plugin/xsd/surefire-test-report.xsd" name="org.apache.hadoop.ozone.client.rpc.TestCloseContainerHandlingByClient" time="51.286" tests="8" errors="6" skipped="1" failures="0">
  <properties>
    <property name="awt.toolkit" value="sun.awt.X11.XToolkit"/>
    <property name="file.encoding.pkg" value="sun.io"/>
    <property name="java.specification.version" value="1.8"/>
    <property name="sun.cpu.isalist" value=""/>
    <property name="sun.jnu.encoding" value="UTF-8"/>
    <property name="java.class.path" value="/workdir/hadoop-ozone/integration-test/target/test-classes:/workdir/hadoop-ozone/integration-test/target/classes:/home/user/.m2/repository/org/apache/hadoop/hadoop-ozone-common/0.4.1-SNAPSHOT/hadoop-ozone-common-0.4.1-SNAPSHOT.jar:/home/user/.m2/repository/org/apache/commons/commons-compress/1.4.1/commons-compress-1.4.1.jar:/home/user/.m2/repository/org/tukaani/xz/1.0/xz-1.0.jar:/home/user/.m2/repository/org/apache/hadoop/hadoop-common/3.2.0/hadoop-common-3.2.0.jar:/home/user/.m2/repository/org/apache/hadoop/hadoop-hdfs/3.2.0/hadoop-hdfs-3.2.0.jar:/home/user/.m2/repository/org/apache/hadoop/hadoop-hdfs-client/3.2.0/hadoop-hdfs-client-3.2.0.jar:/home/user/.m2/repository/com/fasterxml/jackson/core/jackson-annotations/2.9.5/jackson-annotations-2.9.5.jar:/home/user/.m2/repository/org/apache/hadoop/hadoop-hdds-common/0.4.1-SNAPSHOT/hadoop-hdds-common-0.4.1-SNAPSHOT.jar:/home/user/.m2/repository/javax/annotation/javax.annotation-api/1.2/javax.annotation-api-1.2.jar:/home/user/.m2/repository/org/apache/ratis/ratis-server/0.4.0-2337318-SNAPSHOT/ratis-server-0.4.0-2337318-SNAPSHOT.jar:/home/user/.m2/repository/org/apache/ratis/ratis-thirdparty-misc/0.2.0/ratis-thirdparty-misc-0.2.0.jar:/home/user/.m2/repository/org/apache/ratis/ratis-proto/0.4.0-2337318-SNAPSHOT/ratis-proto-0.4.0-2337318-SNAPSHOT.jar:/home/user/.m2/repository/org/apache/ratis/ratis-common/0.4.0-2337318-SNAPSHOT/ratis-common-0.4.0-2337318-SNAPSHOT.jar:/home/user/.m2/repository/org/apache/ratis/ratis-client/0.4.0-2337318-SNAPSHOT/ratis-client-0.4.0-2337318-SNAPSHOT.jar:/home/user/.m2/repository/org/apache/ratis/ratis-metrics/0.4.0-2337318-SNAPSHOT/ratis-metrics-0.4.0-2337318-SNAPSHOT.jar:/home/user/.m2/repository/org/apache/ratis/ratis-netty/0.4.0-2337318-SNAPSHOT/ratis-netty-0.4.0-2337318-SNAPSHOT.jar:/home/user/.m2/repository/org/apache/ratis/ratis-grpc/0.4.0-2337318-SNAPSHOT/ratis-grpc-0.4.0-2337318-SNAPSHOT.jar:/home/user/.m2/repository/org/rocksdb/rocksdbjni/6.0.1/rocksdbjni-6.0.1.jar:/home/user/.m2/repository/org/apache/logging/log4j/log4j-api/2.11.0/log4j-api-2.11.0.jar:/home/user/.m2/repository/org/apache/logging/log4j/log4j-core/2.11.0/log4j-core-2.11.0.jar:/home/user/.m2/repository/com/lmax/disruptor/3.4.2/disruptor-3.4.2.jar:/home/user/.m2/repository/org/apache/commons/commons-pool2/2.6.0/commons-pool2-2.6.0.jar:/home/user/.m2/repository/org/bouncycastle/bcpkix-jdk15on/1.60/bcpkix-jdk15on-1.60.jar:/home/user/.m2/repository/commons-validator/commons-validator/1.6/commons-validator-1.6.jar:/home/user/.m2/repository/commons-digester/commons-digester/1.8.1/commons-digester-1.8.1.jar:/home/user/.m2/repository/io/jaegertracing/jaeger-client/0.33.1/jaeger-client-0.33.1.jar:/home/user/.m2/repository/io/jaegertracing/jaeger-thrift/0.33.1/jaeger-thrift-0.33.1.jar:/home/user/.m2/repository/org/apache/thrift/libthrift/0.11.0/libthrift-0.11.0.jar:/home/user/.m2/repository/com/squareup/okhttp3/okhttp/3.9.0/okhttp-3.9.0.jar:/home/user/.m2/repository/com/squareup/okio/okio/1.13.0/okio-1.13.0.jar:/home/user/.m2/repository/io/jaegertracing/jaeger-core/0.33.1/jaeger-core-0.33.1.jar:/home/user/.m2/repository/io/jaegertracing/jaeger-tracerresolver/0.33.1/jaeger-tracerresolver-0.33.1.jar:/home/user/.m2/repository/io/opentracing/contrib/opentracing-tracerresolver/0.1.5/opentracing-tracerresolver-0.1.5.jar:/home/user/.m2/repository/io/opentracing/opentracing-util/0.31.0/opentracing-util-0.31.0.jar:/home/user/.m2/repository/io/opentracing/opentracing-api/0.31.0/opentracing-api-0.31.0.jar:/home/user/.m2/repository/io/opentracing/opentracing-noop/0.31.0/opentracing-noop-0.31.0.jar:/home/user/.m2/repository/org/apache/hadoop/hadoop-hdds-server-framework/0.4.1-SNAPSHOT/hadoop-hdds-server-framework-0.4.1-SNAPSHOT.jar:/home/user/.m2/repository/org/apache/hadoop/hadoop-hdds-container-service/0.4.1-SNAPSHOT/hadoop-hdds-container-service-0.4.1-SNAPSHOT.jar:/home/user/.m2/repository/org/apache/hadoop/hadoop-hdds-client/0.4.1-SNAPSHOT/hadoop-hdds-client-0.4.1-SNAPSHOT.jar:/home/user/.m2/repository/org/apache/hadoop/hadoop-hdds-tools/0.4.1-SNAPSHOT/hadoop-hdds-tools-0.4.1-SNAPSHOT.jar:/home/user/.m2/repository/org/apache/hadoop/hadoop-hdds-server-scm/0.4.1-SNAPSHOT/hadoop-hdds-server-scm-0.4.1-SNAPSHOT.jar:/home/user/.m2/repository/org/apache/hadoop/hadoop-hdds-docs/0.4.1-SNAPSHOT/hadoop-hdds-docs-0.4.1-SNAPSHOT.jar:/home/user/.m2/repository/io/dropwizard/metrics/metrics-core/3.2.4/metrics-core-3.2.4.jar:/home/user/.m2/repository/org/hamcrest/hamcrest-all/1.3/hamcrest-all-1.3.jar:/home/user/.m2/repository/org/bouncycastle/bcprov-jdk15on/1.60/bcprov-jdk15on-1.60.jar:/home/user/.m2/repository/info/picocli/picocli/3.9.6/picocli-3.9.6.jar:/home/user/.m2/repository/com/google/protobuf/protobuf-java/2.5.0/protobuf-java-2.5.0.jar:/home/user/.m2/repository/com/google/guava/guava/11.0.2/guava-11.0.2.jar:/home/user/.m2/repository/org/apache/hadoop/hadoop-ozone-ozone-manager/0.4.1-SNAPSHOT/hadoop-ozone-ozone-manager-0.4.1-SNAPSHOT.jar:/home/user/.m2/repository/org/apache/hadoop/hadoop-minikdc/3.2.0/hadoop-minikdc-3.2.0.jar:/home/user/.m2/repository/commons-io/commons-io/2.5/commons-io-2.5.jar:/home/user/.m2/repository/org/apache/kerby/kerb-simplekdc/1.0.1/kerb-simplekdc-1.0.1.jar:/home/user/.m2/repository/org/apache/kerby/kerb-client/1.0.1/kerb-client-1.0.1.jar:/home/user/.m2/repository/org/apache/kerby/kerby-config/1.0.1/kerby-config-1.0.1.jar:/home/user/.m2/repository/org/apache/kerby/kerb-core/1.0.1/kerb-core-1.0.1.jar:/home/user/.m2/repository/org/apache/kerby/kerby-pkix/1.0.1/kerby-pkix-1.0.1.jar:/home/user/.m2/repository/org/apache/kerby/kerby-asn1/1.0.1/kerby-asn1-1.0.1.jar:/home/user/.m2/repository/org/apache/kerby/kerby-util/1.0.1/kerby-util-1.0.1.jar:/home/user/.m2/repository/org/apache/kerby/kerb-common/1.0.1/kerb-common-1.0.1.jar:/home/user/.m2/repository/org/apache/kerby/kerb-crypto/1.0.1/kerb-crypto-1.0.1.jar:/home/user/.m2/repository/org/apache/kerby/kerb-util/1.0.1/kerb-util-1.0.1.jar:/home/user/.m2/repository/org/apache/kerby/token-provider/1.0.1/token-provider-1.0.1.jar:/home/user/.m2/repository/org/apache/kerby/kerb-admin/1.0.1/kerb-admin-1.0.1.jar:/home/user/.m2/repository/org/apache/kerby/kerb-server/1.0.1/kerb-server-1.0.1.jar:/home/user/.m2/repository/org/apache/kerby/kerb-identity/1.0.1/kerb-identity-1.0.1.jar:/home/user/.m2/repository/org/apache/kerby/kerby-xdr/1.0.1/kerby-xdr-1.0.1.jar:/home/user/.m2/repository/org/slf4j/slf4j-log4j12/1.7.25/slf4j-log4j12-1.7.25.jar:/home/user/.m2/repository/org/apache/hadoop/hadoop-ozone-objectstore-service/0.4.1-SNAPSHOT/hadoop-ozone-objectstore-service-0.4.1-SNAPSHOT.jar:/home/user/.m2/repository/org/apache/hadoop/hadoop-ozone-s3gateway/0.4.1-SNAPSHOT/hadoop-ozone-s3gateway-0.4.1-SNAPSHOT.jar:/home/user/.m2/repository/org/jboss/weld/servlet/weld-servlet/2.4.7.Final/weld-servlet-2.4.7.Final.jar:/home/user/.m2/repository/org/glassfish/jersey/containers/jersey-container-servlet-core/2.27/jersey-container-servlet-core-2.27.jar:/home/user/.m2/repository/org/glassfish/hk2/external/javax.inject/2.5.0-b42/javax.inject-2.5.0-b42.jar:/home/user/.m2/repository/org/glassfish/jersey/core/jersey-common/2.27/jersey-common-2.27.jar:/home/user/.m2/repository/org/glassfish/hk2/osgi-resource-locator/1.0.1/osgi-resource-locator-1.0.1.jar:/home/user/.m2/repository/javax/ws/rs/javax.ws.rs-api/2.1/javax.ws.rs-api-2.1.jar:/home/user/.m2/repository/org/glassfish/jersey/ext/cdi/jersey-cdi1x/2.27/jersey-cdi1x-2.27.jar:/home/user/.m2/repository/org/glassfish/jersey/inject/jersey-hk2/2.27/jersey-hk2-2.27.jar:/home/user/.m2/repository/org/glassfish/hk2/hk2-locator/2.5.0-b42/hk2-locator-2.5.0-b42.jar:/home/user/.m2/repository/org/javassist/javassist/3.22.0-CR2/javassist-3.22.0-CR2.jar:/home/user/.m2/repository/org/glassfish/hk2/hk2-api/2.5.0/hk2-api-2.5.0.jar:/home/user/.m2/repository/org/glassfish/hk2/external/jakarta.inject/2.5.0/jakarta.inject-2.5.0.jar:/home/user/.m2/repository/org/glassfish/hk2/hk2-utils/2.5.0/hk2-utils-2.5.0.jar:/home/user/.m2/repository/jakarta/annotation/jakarta.annotation-api/1.3.4/jakarta.annotation-api-1.3.4.jar:/home/user/.m2/repository/org/glassfish/hk2/external/aopalliance-repackaged/2.5.0/aopalliance-repackaged-2.5.0.jar:/home/user/.m2/repository/com/fasterxml/jackson/dataformat/jackson-dataformat-xml/2.9.0/jackson-dataformat-xml-2.9.0.jar:/home/user/.m2/repository/com/fasterxml/jackson/core/jackson-core/2.9.5/jackson-core-2.9.5.jar:/home/user/.m2/repository/com/fasterxml/jackson/module/jackson-module-jaxb-annotations/2.9.5/jackson-module-jaxb-annotations-2.9.5.jar:/home/user/.m2/repository/javax/enterprise/cdi-api/1.2/cdi-api-1.2.jar:/home/user/.m2/repository/javax/el/javax.el-api/3.0.0/javax.el-api-3.0.0.jar:/home/user/.m2/repository/javax/interceptor/javax.interceptor-api/1.2/javax.interceptor-api-1.2.jar:/home/user/.m2/repository/javax/inject/javax.inject/1/javax.inject-1.jar:/home/user/.m2/repository/com/sun/xml/bind/jaxb-impl/2.3.0.1/jaxb-impl-2.3.0.1.jar:/home/user/.m2/repository/com/sun/xml/bind/jaxb-core/2.3.0.1/jaxb-core-2.3.0.1.jar:/home/user/.m2/repository/javax/xml/bind/jaxb-api/2.3.0/jaxb-api-2.3.0.jar:/home/user/.m2/repository/javax/activation/activation/1.1.1/activation-1.1.1.jar:/home/user/.m2/repository/org/apache/hadoop/hadoop-ozone-csi/0.4.1-SNAPSHOT/hadoop-ozone-csi-0.4.1-SNAPSHOT.jar:/home/user/.m2/repository/com/google/protobuf/protobuf-java-util/3.5.1/protobuf-java-util-3.5.1.jar:/home/user/.m2/repository/org/apache/hadoop/hadoop-hdds-config/0.4.1-SNAPSHOT/hadoop-hdds-config-0.4.1-SNAPSHOT.jar:/home/user/.m2/repository/io/grpc/grpc-netty/1.17.1/grpc-netty-1.17.1.jar:/home/user/.m2/repository/io/grpc/grpc-core/1.17.1/grpc-core-1.17.1.jar:/home/user/.m2/repository/io/grpc/grpc-context/1.17.1/grpc-context-1.17.1.jar:/home/user/.m2/repository/com/google/errorprone/error_prone_annotations/2.2.0/error_prone_annotations-2.2.0.jar:/home/user/.m2/repository/org/codehaus/mojo/animal-sniffer-annotations/1.17/animal-sniffer-annotations-1.17.jar:/home/user/.m2/repository/io/opencensus/opencensus-api/0.17.0/opencensus-api-0.17.0.jar:/home/user/.m2/repository/io/opencensus/opencensus-contrib-grpc-metrics/0.17.0/opencensus-contrib-grpc-metrics-0.17.0.jar:/home/user/.m2/repository/io/netty/netty-codec-http2/4.1.30.Final/netty-codec-http2-4.1.30.Final.jar:/home/user/.m2/repository/io/netty/netty-codec-http/4.1.30.Final/netty-codec-http-4.1.30.Final.jar:/home/user/.m2/repository/io/netty/netty-codec/4.1.30.Final/netty-codec-4.1.30.Final.jar:/home/user/.m2/repository/io/netty/netty-handler/4.1.30.Final/netty-handler-4.1.30.Final.jar:/home/user/.m2/repository/io/netty/netty-handler-proxy/4.1.30.Final/netty-handler-proxy-4.1.30.Final.jar:/home/user/.m2/repository/io/netty/netty-codec-socks/4.1.30.Final/netty-codec-socks-4.1.30.Final.jar:/home/user/.m2/repository/io/netty/netty-transport-native-epoll/4.1.30.Final/netty-transport-native-epoll-4.1.30.Final.jar:/home/user/.m2/repository/io/netty/netty-common/4.1.30.Final/netty-common-4.1.30.Final.jar:/home/user/.m2/repository/io/netty/netty-buffer/4.1.30.Final/netty-buffer-4.1.30.Final.jar:/home/user/.m2/repository/io/netty/netty-transport/4.1.30.Final/netty-transport-4.1.30.Final.jar:/home/user/.m2/repository/io/netty/netty-resolver/4.1.30.Final/netty-resolver-4.1.30.Final.jar:/home/user/.m2/repository/io/netty/netty-transport-native-unix-common/4.1.30.Final/netty-transport-native-unix-common-4.1.30.Final.jar:/home/user/.m2/repository/io/grpc/grpc-protobuf/1.17.1/grpc-protobuf-1.17.1.jar:/home/user/.m2/repository/com/google/api/grpc/proto-google-common-protos/1.0.0/proto-google-common-protos-1.0.0.jar:/home/user/.m2/repository/io/grpc/grpc-protobuf-lite/1.17.1/grpc-protobuf-lite-1.17.1.jar:/home/user/.m2/repository/io/grpc/grpc-stub/1.17.1/grpc-stub-1.17.1.jar:/home/user/.m2/repository/org/apache/hadoop/hadoop-ozone-recon/0.4.1-SNAPSHOT/hadoop-ozone-recon-0.4.1-SNAPSHOT.jar:/home/user/.m2/repository/org/apache/hadoop/hadoop-ozone-reconcodegen/0.4.1-SNAPSHOT/hadoop-ozone-reconcodegen-0.4.1-SNAPSHOT.jar:/home/user/.m2/repository/com/google/inject/extensions/guice-multibindings/4.0/guice-multibindings-4.0.jar:/home/user/.m2/repository/com/google/inject/guice/4.0/guice-4.0.jar:/home/user/.m2/repository/aopalliance/aopalliance/1.0/aopalliance-1.0.jar:/home/user/.m2/repository/com/google/inject/extensions/guice-servlet/4.0/guice-servlet-4.0.jar:/home/user/.m2/repository/org/glassfish/jersey/containers/jersey-container-servlet/2.27/jersey-container-servlet-2.27.jar:/home/user/.m2/repository/org/glassfish/hk2/guice-bridge/2.5.0/guice-bridge-2.5.0.jar:/home/user/.m2/repository/org/glassfish/jersey/core/jersey-server/2.27/jersey-server-2.27.jar:/home/user/.m2/repository/org/glassfish/jersey/core/jersey-client/2.27/jersey-client-2.27.jar:/home/user/.m2/repository/org/glassfish/jersey/media/jersey-media-jaxb/2.27/jersey-media-jaxb-2.27.jar:/home/user/.m2/repository/javax/validation/validation-api/1.1.0.Final/validation-api-1.1.0.Final.jar:/home/user/.m2/repository/org/glassfish/jersey/media/jersey-media-json-jackson/2.27/jersey-media-json-jackson-2.27.jar:/home/user/.m2/repository/org/glassfish/jersey/ext/jersey-entity-filtering/2.27/jersey-entity-filtering-2.27.jar:/home/user/.m2/repository/com/google/inject/extensions/guice-assistedinject/4.0/guice-assistedinject-4.0.jar:/home/user/.m2/repository/org/jooq/jooq/3.11.10/jooq-3.11.10.jar:/home/user/.m2/repository/org/jooq/jooq-meta/3.11.10/jooq-meta-3.11.10.jar:/home/user/.m2/repository/org/jooq/jooq-codegen/3.11.10/jooq-codegen-3.11.10.jar:/home/user/.m2/repository/com/jolbox/bonecp/0.8.0.RELEASE/bonecp-0.8.0.RELEASE.jar:/home/user/.m2/repository/org/xerial/sqlite-jdbc/3.25.2/sqlite-jdbc-3.25.2.jar:/home/user/.m2/repository/org/springframework/spring-jdbc/5.1.3.RELEASE/spring-jdbc-5.1.3.RELEASE.jar:/home/user/.m2/repository/org/springframework/spring-beans/5.1.3.RELEASE/spring-beans-5.1.3.RELEASE.jar:/home/user/.m2/repository/org/springframework/spring-core/5.1.3.RELEASE/spring-core-5.1.3.RELEASE.jar:/home/user/.m2/repository/org/springframework/spring-jcl/5.1.3.RELEASE/spring-jcl-5.1.3.RELEASE.jar:/home/user/.m2/repository/org/springframework/spring-tx/5.1.3.RELEASE/spring-tx-5.1.3.RELEASE.jar:/home/user/.m2/repository/org/apache/hadoop/hadoop-ozone-client/0.4.1-SNAPSHOT/hadoop-ozone-client-0.4.1-SNAPSHOT.jar:/home/user/.m2/repository/commons-lang/commons-lang/2.6/commons-lang-2.6.jar:/home/user/.m2/repository/org/apache/hadoop/hadoop-ozone-ozone-manager/0.4.1-SNAPSHOT/hadoop-ozone-ozone-manager-0.4.1-SNAPSHOT-tests.jar:/home/user/.m2/repository/junit/junit/4.11/junit-4.11.jar:/home/user/.m2/repository/org/hamcrest/hamcrest-core/1.3/hamcrest-core-1.3.jar:/home/user/.m2/repository/org/openjdk/jmh/jmh-core/1.19/jmh-core-1.19.jar:/home/user/.m2/repository/net/sf/jopt-simple/jopt-simple/4.6/jopt-simple-4.6.jar:/home/user/.m2/repository/org/apache/commons/commons-math3/3.1.1/commons-math3-3.1.1.jar:/home/user/.m2/repository/org/openjdk/jmh/jmh-generator-annprocess/1.19/jmh-generator-annprocess-1.19.jar:/home/user/.m2/repository/org/mockito/mockito-all/1.8.5/mockito-all-1.8.5.jar:/home/user/.m2/repository/org/apache/hadoop/hadoop-kms/3.2.0/hadoop-kms-3.2.0.jar:/home/user/.m2/repository/org/apache/hadoop/hadoop-auth/3.2.0/hadoop-auth-3.2.0.jar:/home/user/.m2/repository/com/nimbusds/nimbus-jose-jwt/4.41.1/nimbus-jose-jwt-4.41.1.jar:/home/user/.m2/repository/com/github/stephenc/jcip/jcip-annotations/1.0-1/jcip-annotations-1.0-1.jar:/home/user/.m2/repository/net/minidev/json-smart/2.3/json-smart-2.3.jar:/home/user/.m2/repository/net/minidev/accessors-smart/1.2/accessors-smart-1.2.jar:/home/user/.m2/repository/org/ow2/asm/asm/5.0.4/asm-5.0.4.jar:/home/user/.m2/repository/org/apache/curator/curator-framework/2.12.0/curator-framework-2.12.0.jar:/home/user/.m2/repository/com/sun/jersey/jersey-core/1.19/jersey-core-1.19.jar:/home/user/.m2/repository/javax/ws/rs/jsr311-api/1.1.1/jsr311-api-1.1.1.jar:/home/user/.m2/repository/com/sun/jersey/jersey-server/1.19/jersey-server-1.19.jar:/home/user/.m2/repository/javax/servlet/javax.servlet-api/3.1.0/javax.servlet-api-3.1.0.jar:/home/user/.m2/repository/org/eclipse/jetty/jetty-server/9.3.24.v20180605/jetty-server-9.3.24.v20180605.jar:/home/user/.m2/repository/org/eclipse/jetty/jetty-http/9.3.24.v20180605/jetty-http-9.3.24.v20180605.jar:/home/user/.m2/repository/org/eclipse/jetty/jetty-io/9.3.24.v20180605/jetty-io-9.3.24.v20180605.jar:/home/user/.m2/repository/org/eclipse/jetty/jetty-webapp/9.3.24.v20180605/jetty-webapp-9.3.24.v20180605.jar:/home/user/.m2/repository/org/eclipse/jetty/jetty-xml/9.3.24.v20180605/jetty-xml-9.3.24.v20180605.jar:/home/user/.m2/repository/log4j/log4j/1.2.17/log4j-1.2.17.jar:/home/user/.m2/repository/org/slf4j/slf4j-api/1.7.25/slf4j-api-1.7.25.jar:/home/user/.m2/repository/org/slf4j/jul-to-slf4j/1.7.25/jul-to-slf4j-1.7.25.jar:/home/user/.m2/repository/org/eclipse/jetty/jetty-util/9.3.24.v20180605/jetty-util-9.3.24.v20180605.jar:/home/user/.m2/repository/com/fasterxml/jackson/core/jackson-databind/2.9.5/jackson-databind-2.9.5.jar:/home/user/.m2/repository/org/apache/hadoop/hadoop-kms/3.2.0/hadoop-kms-3.2.0-tests.jar:/home/user/.m2/repository/org/apache/hadoop/hadoop-hdds-server-scm/0.4.1-SNAPSHOT/hadoop-hdds-server-scm-0.4.1-SNAPSHOT-tests.jar:/home/user/.m2/repository/org/apache/hadoop/hadoop-hdds-container-service/0.4.1-SNAPSHOT/hadoop-hdds-container-service-0.4.1-SNAPSHOT-tests.jar:/home/user/.m2/repository/org/yaml/snakeyaml/1.16/snakeyaml-1.16.jar:/home/user/.m2/repository/org/apache/hadoop/hadoop-common/3.2.0/hadoop-common-3.2.0-tests.jar:/home/user/.m2/repository/org/apache/hadoop/hadoop-annotations/3.2.0/hadoop-annotations-3.2.0.jar:/usr/lib/jvm/java-1.8-openjdk/jre/../lib/tools.jar:/home/user/.m2/repository/commons-cli/commons-cli/1.2/commons-cli-1.2.jar:/home/user/.m2/repository/org/apache/httpcomponents/httpclient/4.5.2/httpclient-4.5.2.jar:/home/user/.m2/repository/org/apache/httpcomponents/httpcore/4.4.4/httpcore-4.4.4.jar:/home/user/.m2/repository/commons-codec/commons-codec/1.11/commons-codec-1.11.jar:/home/user/.m2/repository/commons-net/commons-net/3.6/commons-net-3.6.jar:/home/user/.m2/repository/commons-collections/commons-collections/3.2.2/commons-collections-3.2.2.jar:/home/user/.m2/repository/org/eclipse/jetty/jetty-servlet/9.3.24.v20180605/jetty-servlet-9.3.24.v20180605.jar:/home/user/.m2/repository/org/eclipse/jetty/jetty-security/9.3.24.v20180605/jetty-security-9.3.24.v20180605.jar:/home/user/.m2/repository/javax/servlet/jsp/jsp-api/2.1/jsp-api-2.1.jar:/home/user/.m2/repository/com/sun/jersey/jersey-servlet/1.19/jersey-servlet-1.19.jar:/home/user/.m2/repository/com/sun/jersey/jersey-json/1.19/jersey-json-1.19.jar:/home/user/.m2/repository/org/codehaus/jettison/jettison/1.1/jettison-1.1.jar:/home/user/.m2/repository/org/codehaus/jackson/jackson-core-asl/1.9.13/jackson-core-asl-1.9.13.jar:/home/user/.m2/repository/org/codehaus/jackson/jackson-mapper-asl/1.9.13/jackson-mapper-asl-1.9.13.jar:/home/user/.m2/repository/org/codehaus/jackson/jackson-jaxrs/1.9.13/jackson-jaxrs-1.9.13.jar:/home/user/.m2/repository/org/codehaus/jackson/jackson-xc/1.9.13/jackson-xc-1.9.13.jar:/home/user/.m2/repository/commons-logging/commons-logging/1.1.3/commons-logging-1.1.3.jar:/home/user/.m2/repository/commons-beanutils/commons-beanutils/1.9.3/commons-beanutils-1.9.3.jar:/home/user/.m2/repository/org/apache/commons/commons-configuration2/2.1.1/commons-configuration2-2.1.1.jar:/home/user/.m2/repository/org/apache/commons/commons-lang3/3.7/commons-lang3-3.7.jar:/home/user/.m2/repository/org/apache/commons/commons-text/1.4/commons-text-1.4.jar:/home/user/.m2/repository/org/apache/avro/avro/1.7.7/avro-1.7.7.jar:/home/user/.m2/repository/com/thoughtworks/paranamer/paranamer/2.3/paranamer-2.3.jar:/home/user/.m2/repository/org/xerial/snappy/snappy-java/1.0.5/snappy-java-1.0.5.jar:/home/user/.m2/repository/com/google/re2j/re2j/1.1/re2j-1.1.jar:/home/user/.m2/repository/com/google/code/gson/gson/2.2.4/gson-2.2.4.jar:/home/user/.m2/repository/com/jcraft/jsch/0.1.54/jsch-0.1.54.jar:/home/user/.m2/repository/org/apache/curator/curator-client/2.12.0/curator-client-2.12.0.jar:/home/user/.m2/repository/org/apache/curator/curator-recipes/2.12.0/curator-recipes-2.12.0.jar:/home/user/.m2/repository/com/google/code/findbugs/jsr305/3.0.0/jsr305-3.0.0.jar:/home/user/.m2/repository/org/apache/htrace/htrace-core4/4.1.0-incubating/htrace-core4-4.1.0-incubating.jar:/home/user/.m2/repository/org/apache/zookeeper/zookeeper/3.4.13/zookeeper-3.4.13.jar:/home/user/.m2/repository/org/apache/yetus/audience-annotations/0.5.0/audience-annotations-0.5.0.jar:/home/user/.m2/repository/org/codehaus/woodstox/stax2-api/3.1.4/stax2-api-3.1.4.jar:/home/user/.m2/repository/com/fasterxml/woodstox/woodstox-core/5.0.3/woodstox-core-5.0.3.jar:/home/user/.m2/repository/dnsjava/dnsjava/2.1.7/dnsjava-2.1.7.jar:/home/user/.m2/repository/org/apache/hadoop/hadoop-hdfs/3.2.0/hadoop-hdfs-3.2.0-tests.jar:/home/user/.m2/repository/org/eclipse/jetty/jetty-util-ajax/9.3.24.v20180605/jetty-util-ajax-9.3.24.v20180605.jar:/home/user/.m2/repository/commons-daemon/commons-daemon/1.0.13/commons-daemon-1.0.13.jar:/home/user/.m2/repository/io/netty/netty/3.10.5.Final/netty-3.10.5.Final.jar:/home/user/.m2/repository/io/netty/netty-all/4.0.52.Final/netty-all-4.0.52.Final.jar:/home/user/.m2/repository/org/fusesource/leveldbjni/leveldbjni-all/1.8/leveldbjni-all-1.8.jar:"/>
    <property name="java.vm.vendor" value="IcedTea"/>
    <property name="sun.arch.data.model" value="64"/>
    <property name="test.build.dir" value="/workdir/hadoop-ozone/integration-test/target/test-dir"/>
    <property name="test.cache.data" value=""/>
    <property name="java.vendor.url" value="https://icedtea.classpath.org"/>
    <property name="user.timezone" value=""/>
    <property name="java.vm.specification.version" value="1.8"/>
    <property name="os.name" value="Linux"/>
    <property name="test.build.data" value="/workdir/hadoop-ozone/integration-test/target/test-dir"/>
    <property name="user.country" value="US"/>
    <property name="sun.java.launcher" value="SUN_STANDARD"/>
    <property name="sun.boot.library.path" value="/usr/lib/jvm/java-1.8-openjdk/jre/lib/amd64"/>
    <property name="sun.java.command" value="/workdir/hadoop-ozone/integration-test/target/surefire/surefirebooter2266860668757612480.jar /workdir/hadoop-ozone/integration-test/target/surefire 2019-07-16T14-09-51_193-jvmRun1 surefire3531934723999205195tmp surefire_3499063806632168556tmp"/>
    <property name="surefire.test.class.path" value="/workdir/hadoop-ozone/integration-test/target/test-classes:/workdir/hadoop-ozone/integration-test/target/classes:/home/user/.m2/repository/org/apache/hadoop/hadoop-ozone-common/0.4.1-SNAPSHOT/hadoop-ozone-common-0.4.1-SNAPSHOT.jar:/home/user/.m2/repository/org/apache/commons/commons-compress/1.4.1/commons-compress-1.4.1.jar:/home/user/.m2/repository/org/tukaani/xz/1.0/xz-1.0.jar:/home/user/.m2/repository/org/apache/hadoop/hadoop-common/3.2.0/hadoop-common-3.2.0.jar:/home/user/.m2/repository/org/apache/hadoop/hadoop-hdfs/3.2.0/hadoop-hdfs-3.2.0.jar:/home/user/.m2/repository/org/apache/hadoop/hadoop-hdfs-client/3.2.0/hadoop-hdfs-client-3.2.0.jar:/home/user/.m2/repository/com/fasterxml/jackson/core/jackson-annotations/2.9.5/jackson-annotations-2.9.5.jar:/home/user/.m2/repository/org/apache/hadoop/hadoop-hdds-common/0.4.1-SNAPSHOT/hadoop-hdds-common-0.4.1-SNAPSHOT.jar:/home/user/.m2/repository/javax/annotation/javax.annotation-api/1.2/javax.annotation-api-1.2.jar:/home/user/.m2/repository/org/apache/ratis/ratis-server/0.4.0-2337318-SNAPSHOT/ratis-server-0.4.0-2337318-SNAPSHOT.jar:/home/user/.m2/repository/org/apache/ratis/ratis-thirdparty-misc/0.2.0/ratis-thirdparty-misc-0.2.0.jar:/home/user/.m2/repository/org/apache/ratis/ratis-proto/0.4.0-2337318-SNAPSHOT/ratis-proto-0.4.0-2337318-SNAPSHOT.jar:/home/user/.m2/repository/org/apache/ratis/ratis-common/0.4.0-2337318-SNAPSHOT/ratis-common-0.4.0-2337318-SNAPSHOT.jar:/home/user/.m2/repository/org/apache/ratis/ratis-client/0.4.0-2337318-SNAPSHOT/ratis-client-0.4.0-2337318-SNAPSHOT.jar:/home/user/.m2/repository/org/apache/ratis/ratis-metrics/0.4.0-2337318-SNAPSHOT/ratis-metrics-0.4.0-2337318-SNAPSHOT.jar:/home/user/.m2/repository/org/apache/ratis/ratis-netty/0.4.0-2337318-SNAPSHOT/ratis-netty-0.4.0-2337318-SNAPSHOT.jar:/home/user/.m2/repository/org/apache/ratis/ratis-grpc/0.4.0-2337318-SNAPSHOT/ratis-grpc-0.4.0-2337318-SNAPSHOT.jar:/home/user/.m2/repository/org/rocksdb/rocksdbjni/6.0.1/rocksdbjni-6.0.1.jar:/home/user/.m2/repository/org/apache/logging/log4j/log4j-api/2.11.0/log4j-api-2.11.0.jar:/home/user/.m2/repository/org/apache/logging/log4j/log4j-core/2.11.0/log4j-core-2.11.0.jar:/home/user/.m2/repository/com/lmax/disruptor/3.4.2/disruptor-3.4.2.jar:/home/user/.m2/repository/org/apache/commons/commons-pool2/2.6.0/commons-pool2-2.6.0.jar:/home/user/.m2/repository/org/bouncycastle/bcpkix-jdk15on/1.60/bcpkix-jdk15on-1.60.jar:/home/user/.m2/repository/commons-validator/commons-validator/1.6/commons-validator-1.6.jar:/home/user/.m2/repository/commons-digester/commons-digester/1.8.1/commons-digester-1.8.1.jar:/home/user/.m2/repository/io/jaegertracing/jaeger-client/0.33.1/jaeger-client-0.33.1.jar:/home/user/.m2/repository/io/jaegertracing/jaeger-thrift/0.33.1/jaeger-thrift-0.33.1.jar:/home/user/.m2/repository/org/apache/thrift/libthrift/0.11.0/libthrift-0.11.0.jar:/home/user/.m2/repository/com/squareup/okhttp3/okhttp/3.9.0/okhttp-3.9.0.jar:/home/user/.m2/repository/com/squareup/okio/okio/1.13.0/okio-1.13.0.jar:/home/user/.m2/repository/io/jaegertracing/jaeger-core/0.33.1/jaeger-core-0.33.1.jar:/home/user/.m2/repository/io/jaegertracing/jaeger-tracerresolver/0.33.1/jaeger-tracerresolver-0.33.1.jar:/home/user/.m2/repository/io/opentracing/contrib/opentracing-tracerresolver/0.1.5/opentracing-tracerresolver-0.1.5.jar:/home/user/.m2/repository/io/opentracing/opentracing-util/0.31.0/opentracing-util-0.31.0.jar:/home/user/.m2/repository/io/opentracing/opentracing-api/0.31.0/opentracing-api-0.31.0.jar:/home/user/.m2/repository/io/opentracing/opentracing-noop/0.31.0/opentracing-noop-0.31.0.jar:/home/user/.m2/repository/org/apache/hadoop/hadoop-hdds-server-framework/0.4.1-SNAPSHOT/hadoop-hdds-server-framework-0.4.1-SNAPSHOT.jar:/home/user/.m2/repository/org/apache/hadoop/hadoop-hdds-container-service/0.4.1-SNAPSHOT/hadoop-hdds-container-service-0.4.1-SNAPSHOT.jar:/home/user/.m2/repository/org/apache/hadoop/hadoop-hdds-client/0.4.1-SNAPSHOT/hadoop-hdds-client-0.4.1-SNAPSHOT.jar:/home/user/.m2/repository/org/apache/hadoop/hadoop-hdds-tools/0.4.1-SNAPSHOT/hadoop-hdds-tools-0.4.1-SNAPSHOT.jar:/home/user/.m2/repository/org/apache/hadoop/hadoop-hdds-server-scm/0.4.1-SNAPSHOT/hadoop-hdds-server-scm-0.4.1-SNAPSHOT.jar:/home/user/.m2/repository/org/apache/hadoop/hadoop-hdds-docs/0.4.1-SNAPSHOT/hadoop-hdds-docs-0.4.1-SNAPSHOT.jar:/home/user/.m2/repository/io/dropwizard/metrics/metrics-core/3.2.4/metrics-core-3.2.4.jar:/home/user/.m2/repository/org/hamcrest/hamcrest-all/1.3/hamcrest-all-1.3.jar:/home/user/.m2/repository/org/bouncycastle/bcprov-jdk15on/1.60/bcprov-jdk15on-1.60.jar:/home/user/.m2/repository/info/picocli/picocli/3.9.6/picocli-3.9.6.jar:/home/user/.m2/repository/com/google/protobuf/protobuf-java/2.5.0/protobuf-java-2.5.0.jar:/home/user/.m2/repository/com/google/guava/guava/11.0.2/guava-11.0.2.jar:/home/user/.m2/repository/org/apache/hadoop/hadoop-ozone-ozone-manager/0.4.1-SNAPSHOT/hadoop-ozone-ozone-manager-0.4.1-SNAPSHOT.jar:/home/user/.m2/repository/org/apache/hadoop/hadoop-minikdc/3.2.0/hadoop-minikdc-3.2.0.jar:/home/user/.m2/repository/commons-io/commons-io/2.5/commons-io-2.5.jar:/home/user/.m2/repository/org/apache/kerby/kerb-simplekdc/1.0.1/kerb-simplekdc-1.0.1.jar:/home/user/.m2/repository/org/apache/kerby/kerb-client/1.0.1/kerb-client-1.0.1.jar:/home/user/.m2/repository/org/apache/kerby/kerby-config/1.0.1/kerby-config-1.0.1.jar:/home/user/.m2/repository/org/apache/kerby/kerb-core/1.0.1/kerb-core-1.0.1.jar:/home/user/.m2/repository/org/apache/kerby/kerby-pkix/1.0.1/kerby-pkix-1.0.1.jar:/home/user/.m2/repository/org/apache/kerby/kerby-asn1/1.0.1/kerby-asn1-1.0.1.jar:/home/user/.m2/repository/org/apache/kerby/kerby-util/1.0.1/kerby-util-1.0.1.jar:/home/user/.m2/repository/org/apache/kerby/kerb-common/1.0.1/kerb-common-1.0.1.jar:/home/user/.m2/repository/org/apache/kerby/kerb-crypto/1.0.1/kerb-crypto-1.0.1.jar:/home/user/.m2/repository/org/apache/kerby/kerb-util/1.0.1/kerb-util-1.0.1.jar:/home/user/.m2/repository/org/apache/kerby/token-provider/1.0.1/token-provider-1.0.1.jar:/home/user/.m2/repository/org/apache/kerby/kerb-admin/1.0.1/kerb-admin-1.0.1.jar:/home/user/.m2/repository/org/apache/kerby/kerb-server/1.0.1/kerb-server-1.0.1.jar:/home/user/.m2/repository/org/apache/kerby/kerb-identity/1.0.1/kerb-identity-1.0.1.jar:/home/user/.m2/repository/org/apache/kerby/kerby-xdr/1.0.1/kerby-xdr-1.0.1.jar:/home/user/.m2/repository/org/slf4j/slf4j-log4j12/1.7.25/slf4j-log4j12-1.7.25.jar:/home/user/.m2/repository/org/apache/hadoop/hadoop-ozone-objectstore-service/0.4.1-SNAPSHOT/hadoop-ozone-objectstore-service-0.4.1-SNAPSHOT.jar:/home/user/.m2/repository/org/apache/hadoop/hadoop-ozone-s3gateway/0.4.1-SNAPSHOT/hadoop-ozone-s3gateway-0.4.1-SNAPSHOT.jar:/home/user/.m2/repository/org/jboss/weld/servlet/weld-servlet/2.4.7.Final/weld-servlet-2.4.7.Final.jar:/home/user/.m2/repository/org/glassfish/jersey/containers/jersey-container-servlet-core/2.27/jersey-container-servlet-core-2.27.jar:/home/user/.m2/repository/org/glassfish/hk2/external/javax.inject/2.5.0-b42/javax.inject-2.5.0-b42.jar:/home/user/.m2/repository/org/glassfish/jersey/core/jersey-common/2.27/jersey-common-2.27.jar:/home/user/.m2/repository/org/glassfish/hk2/osgi-resource-locator/1.0.1/osgi-resource-locator-1.0.1.jar:/home/user/.m2/repository/javax/ws/rs/javax.ws.rs-api/2.1/javax.ws.rs-api-2.1.jar:/home/user/.m2/repository/org/glassfish/jersey/ext/cdi/jersey-cdi1x/2.27/jersey-cdi1x-2.27.jar:/home/user/.m2/repository/org/glassfish/jersey/inject/jersey-hk2/2.27/jersey-hk2-2.27.jar:/home/user/.m2/repository/org/glassfish/hk2/hk2-locator/2.5.0-b42/hk2-locator-2.5.0-b42.jar:/home/user/.m2/repository/org/javassist/javassist/3.22.0-CR2/javassist-3.22.0-CR2.jar:/home/user/.m2/repository/org/glassfish/hk2/hk2-api/2.5.0/hk2-api-2.5.0.jar:/home/user/.m2/repository/org/glassfish/hk2/external/jakarta.inject/2.5.0/jakarta.inject-2.5.0.jar:/home/user/.m2/repository/org/glassfish/hk2/hk2-utils/2.5.0/hk2-utils-2.5.0.jar:/home/user/.m2/repository/jakarta/annotation/jakarta.annotation-api/1.3.4/jakarta.annotation-api-1.3.4.jar:/home/user/.m2/repository/org/glassfish/hk2/external/aopalliance-repackaged/2.5.0/aopalliance-repackaged-2.5.0.jar:/home/user/.m2/repository/com/fasterxml/jackson/dataformat/jackson-dataformat-xml/2.9.0/jackson-dataformat-xml-2.9.0.jar:/home/user/.m2/repository/com/fasterxml/jackson/core/jackson-core/2.9.5/jackson-core-2.9.5.jar:/home/user/.m2/repository/com/fasterxml/jackson/module/jackson-module-jaxb-annotations/2.9.5/jackson-module-jaxb-annotations-2.9.5.jar:/home/user/.m2/repository/javax/enterprise/cdi-api/1.2/cdi-api-1.2.jar:/home/user/.m2/repository/javax/el/javax.el-api/3.0.0/javax.el-api-3.0.0.jar:/home/user/.m2/repository/javax/interceptor/javax.interceptor-api/1.2/javax.interceptor-api-1.2.jar:/home/user/.m2/repository/javax/inject/javax.inject/1/javax.inject-1.jar:/home/user/.m2/repository/com/sun/xml/bind/jaxb-impl/2.3.0.1/jaxb-impl-2.3.0.1.jar:/home/user/.m2/repository/com/sun/xml/bind/jaxb-core/2.3.0.1/jaxb-core-2.3.0.1.jar:/home/user/.m2/repository/javax/xml/bind/jaxb-api/2.3.0/jaxb-api-2.3.0.jar:/home/user/.m2/repository/javax/activation/activation/1.1.1/activation-1.1.1.jar:/home/user/.m2/repository/org/apache/hadoop/hadoop-ozone-csi/0.4.1-SNAPSHOT/hadoop-ozone-csi-0.4.1-SNAPSHOT.jar:/home/user/.m2/repository/com/google/protobuf/protobuf-java-util/3.5.1/protobuf-java-util-3.5.1.jar:/home/user/.m2/repository/org/apache/hadoop/hadoop-hdds-config/0.4.1-SNAPSHOT/hadoop-hdds-config-0.4.1-SNAPSHOT.jar:/home/user/.m2/repository/io/grpc/grpc-netty/1.17.1/grpc-netty-1.17.1.jar:/home/user/.m2/repository/io/grpc/grpc-core/1.17.1/grpc-core-1.17.1.jar:/home/user/.m2/repository/io/grpc/grpc-context/1.17.1/grpc-context-1.17.1.jar:/home/user/.m2/repository/com/google/errorprone/error_prone_annotations/2.2.0/error_prone_annotations-2.2.0.jar:/home/user/.m2/repository/org/codehaus/mojo/animal-sniffer-annotations/1.17/animal-sniffer-annotations-1.17.jar:/home/user/.m2/repository/io/opencensus/opencensus-api/0.17.0/opencensus-api-0.17.0.jar:/home/user/.m2/repository/io/opencensus/opencensus-contrib-grpc-metrics/0.17.0/opencensus-contrib-grpc-metrics-0.17.0.jar:/home/user/.m2/repository/io/netty/netty-codec-http2/4.1.30.Final/netty-codec-http2-4.1.30.Final.jar:/home/user/.m2/repository/io/netty/netty-codec-http/4.1.30.Final/netty-codec-http-4.1.30.Final.jar:/home/user/.m2/repository/io/netty/netty-codec/4.1.30.Final/netty-codec-4.1.30.Final.jar:/home/user/.m2/repository/io/netty/netty-handler/4.1.30.Final/netty-handler-4.1.30.Final.jar:/home/user/.m2/repository/io/netty/netty-handler-proxy/4.1.30.Final/netty-handler-proxy-4.1.30.Final.jar:/home/user/.m2/repository/io/netty/netty-codec-socks/4.1.30.Final/netty-codec-socks-4.1.30.Final.jar:/home/user/.m2/repository/io/netty/netty-transport-native-epoll/4.1.30.Final/netty-transport-native-epoll-4.1.30.Final.jar:/home/user/.m2/repository/io/netty/netty-common/4.1.30.Final/netty-common-4.1.30.Final.jar:/home/user/.m2/repository/io/netty/netty-buffer/4.1.30.Final/netty-buffer-4.1.30.Final.jar:/home/user/.m2/repository/io/netty/netty-transport/4.1.30.Final/netty-transport-4.1.30.Final.jar:/home/user/.m2/repository/io/netty/netty-resolver/4.1.30.Final/netty-resolver-4.1.30.Final.jar:/home/user/.m2/repository/io/netty/netty-transport-native-unix-common/4.1.30.Final/netty-transport-native-unix-common-4.1.30.Final.jar:/home/user/.m2/repository/io/grpc/grpc-protobuf/1.17.1/grpc-protobuf-1.17.1.jar:/home/user/.m2/repository/com/google/api/grpc/proto-google-common-protos/1.0.0/proto-google-common-protos-1.0.0.jar:/home/user/.m2/repository/io/grpc/grpc-protobuf-lite/1.17.1/grpc-protobuf-lite-1.17.1.jar:/home/user/.m2/repository/io/grpc/grpc-stub/1.17.1/grpc-stub-1.17.1.jar:/home/user/.m2/repository/org/apache/hadoop/hadoop-ozone-recon/0.4.1-SNAPSHOT/hadoop-ozone-recon-0.4.1-SNAPSHOT.jar:/home/user/.m2/repository/org/apache/hadoop/hadoop-ozone-reconcodegen/0.4.1-SNAPSHOT/hadoop-ozone-reconcodegen-0.4.1-SNAPSHOT.jar:/home/user/.m2/repository/com/google/inject/extensions/guice-multibindings/4.0/guice-multibindings-4.0.jar:/home/user/.m2/repository/com/google/inject/guice/4.0/guice-4.0.jar:/home/user/.m2/repository/aopalliance/aopalliance/1.0/aopalliance-1.0.jar:/home/user/.m2/repository/com/google/inject/extensions/guice-servlet/4.0/guice-servlet-4.0.jar:/home/user/.m2/repository/org/glassfish/jersey/containers/jersey-container-servlet/2.27/jersey-container-servlet-2.27.jar:/home/user/.m2/repository/org/glassfish/hk2/guice-bridge/2.5.0/guice-bridge-2.5.0.jar:/home/user/.m2/repository/org/glassfish/jersey/core/jersey-server/2.27/jersey-server-2.27.jar:/home/user/.m2/repository/org/glassfish/jersey/core/jersey-client/2.27/jersey-client-2.27.jar:/home/user/.m2/repository/org/glassfish/jersey/media/jersey-media-jaxb/2.27/jersey-media-jaxb-2.27.jar:/home/user/.m2/repository/javax/validation/validation-api/1.1.0.Final/validation-api-1.1.0.Final.jar:/home/user/.m2/repository/org/glassfish/jersey/media/jersey-media-json-jackson/2.27/jersey-media-json-jackson-2.27.jar:/home/user/.m2/repository/org/glassfish/jersey/ext/jersey-entity-filtering/2.27/jersey-entity-filtering-2.27.jar:/home/user/.m2/repository/com/google/inject/extensions/guice-assistedinject/4.0/guice-assistedinject-4.0.jar:/home/user/.m2/repository/org/jooq/jooq/3.11.10/jooq-3.11.10.jar:/home/user/.m2/repository/org/jooq/jooq-meta/3.11.10/jooq-meta-3.11.10.jar:/home/user/.m2/repository/org/jooq/jooq-codegen/3.11.10/jooq-codegen-3.11.10.jar:/home/user/.m2/repository/com/jolbox/bonecp/0.8.0.RELEASE/bonecp-0.8.0.RELEASE.jar:/home/user/.m2/repository/org/xerial/sqlite-jdbc/3.25.2/sqlite-jdbc-3.25.2.jar:/home/user/.m2/repository/org/springframework/spring-jdbc/5.1.3.RELEASE/spring-jdbc-5.1.3.RELEASE.jar:/home/user/.m2/repository/org/springframework/spring-beans/5.1.3.RELEASE/spring-beans-5.1.3.RELEASE.jar:/home/user/.m2/repository/org/springframework/spring-core/5.1.3.RELEASE/spring-core-5.1.3.RELEASE.jar:/home/user/.m2/repository/org/springframework/spring-jcl/5.1.3.RELEASE/spring-jcl-5.1.3.RELEASE.jar:/home/user/.m2/repository/org/springframework/spring-tx/5.1.3.RELEASE/spring-tx-5.1.3.RELEASE.jar:/home/user/.m2/repository/org/apache/hadoop/hadoop-ozone-client/0.4.1-SNAPSHOT/hadoop-ozone-client-0.4.1-SNAPSHOT.jar:/home/user/.m2/repository/commons-lang/commons-lang/2.6/commons-lang-2.6.jar:/home/user/.m2/repository/org/apache/hadoop/hadoop-ozone-ozone-manager/0.4.1-SNAPSHOT/hadoop-ozone-ozone-manager-0.4.1-SNAPSHOT-tests.jar:/home/user/.m2/repository/junit/junit/4.11/junit-4.11.jar:/home/user/.m2/repository/org/hamcrest/hamcrest-core/1.3/hamcrest-core-1.3.jar:/home/user/.m2/repository/org/openjdk/jmh/jmh-core/1.19/jmh-core-1.19.jar:/home/user/.m2/repository/net/sf/jopt-simple/jopt-simple/4.6/jopt-simple-4.6.jar:/home/user/.m2/repository/org/apache/commons/commons-math3/3.1.1/commons-math3-3.1.1.jar:/home/user/.m2/repository/org/openjdk/jmh/jmh-generator-annprocess/1.19/jmh-generator-annprocess-1.19.jar:/home/user/.m2/repository/org/mockito/mockito-all/1.8.5/mockito-all-1.8.5.jar:/home/user/.m2/repository/org/apache/hadoop/hadoop-kms/3.2.0/hadoop-kms-3.2.0.jar:/home/user/.m2/repository/org/apache/hadoop/hadoop-auth/3.2.0/hadoop-auth-3.2.0.jar:/home/user/.m2/repository/com/nimbusds/nimbus-jose-jwt/4.41.1/nimbus-jose-jwt-4.41.1.jar:/home/user/.m2/repository/com/github/stephenc/jcip/jcip-annotations/1.0-1/jcip-annotations-1.0-1.jar:/home/user/.m2/repository/net/minidev/json-smart/2.3/json-smart-2.3.jar:/home/user/.m2/repository/net/minidev/accessors-smart/1.2/accessors-smart-1.2.jar:/home/user/.m2/repository/org/ow2/asm/asm/5.0.4/asm-5.0.4.jar:/home/user/.m2/repository/org/apache/curator/curator-framework/2.12.0/curator-framework-2.12.0.jar:/home/user/.m2/repository/com/sun/jersey/jersey-core/1.19/jersey-core-1.19.jar:/home/user/.m2/repository/javax/ws/rs/jsr311-api/1.1.1/jsr311-api-1.1.1.jar:/home/user/.m2/repository/com/sun/jersey/jersey-server/1.19/jersey-server-1.19.jar:/home/user/.m2/repository/javax/servlet/javax.servlet-api/3.1.0/javax.servlet-api-3.1.0.jar:/home/user/.m2/repository/org/eclipse/jetty/jetty-server/9.3.24.v20180605/jetty-server-9.3.24.v20180605.jar:/home/user/.m2/repository/org/eclipse/jetty/jetty-http/9.3.24.v20180605/jetty-http-9.3.24.v20180605.jar:/home/user/.m2/repository/org/eclipse/jetty/jetty-io/9.3.24.v20180605/jetty-io-9.3.24.v20180605.jar:/home/user/.m2/repository/org/eclipse/jetty/jetty-webapp/9.3.24.v20180605/jetty-webapp-9.3.24.v20180605.jar:/home/user/.m2/repository/org/eclipse/jetty/jetty-xml/9.3.24.v20180605/jetty-xml-9.3.24.v20180605.jar:/home/user/.m2/repository/log4j/log4j/1.2.17/log4j-1.2.17.jar:/home/user/.m2/repository/org/slf4j/slf4j-api/1.7.25/slf4j-api-1.7.25.jar:/home/user/.m2/repository/org/slf4j/jul-to-slf4j/1.7.25/jul-to-slf4j-1.7.25.jar:/home/user/.m2/repository/org/eclipse/jetty/jetty-util/9.3.24.v20180605/jetty-util-9.3.24.v20180605.jar:/home/user/.m2/repository/com/fasterxml/jackson/core/jackson-databind/2.9.5/jackson-databind-2.9.5.jar:/home/user/.m2/repository/org/apache/hadoop/hadoop-kms/3.2.0/hadoop-kms-3.2.0-tests.jar:/home/user/.m2/repository/org/apache/hadoop/hadoop-hdds-server-scm/0.4.1-SNAPSHOT/hadoop-hdds-server-scm-0.4.1-SNAPSHOT-tests.jar:/home/user/.m2/repository/org/apache/hadoop/hadoop-hdds-container-service/0.4.1-SNAPSHOT/hadoop-hdds-container-service-0.4.1-SNAPSHOT-tests.jar:/home/user/.m2/repository/org/yaml/snakeyaml/1.16/snakeyaml-1.16.jar:/home/user/.m2/repository/org/apache/hadoop/hadoop-common/3.2.0/hadoop-common-3.2.0-tests.jar:/home/user/.m2/repository/org/apache/hadoop/hadoop-annotations/3.2.0/hadoop-annotations-3.2.0.jar:/usr/lib/jvm/java-1.8-openjdk/jre/../lib/tools.jar:/home/user/.m2/repository/commons-cli/commons-cli/1.2/commons-cli-1.2.jar:/home/user/.m2/repository/org/apache/httpcomponents/httpclient/4.5.2/httpclient-4.5.2.jar:/home/user/.m2/repository/org/apache/httpcomponents/httpcore/4.4.4/httpcore-4.4.4.jar:/home/user/.m2/repository/commons-codec/commons-codec/1.11/commons-codec-1.11.jar:/home/user/.m2/repository/commons-net/commons-net/3.6/commons-net-3.6.jar:/home/user/.m2/repository/commons-collections/commons-collections/3.2.2/commons-collections-3.2.2.jar:/home/user/.m2/repository/org/eclipse/jetty/jetty-servlet/9.3.24.v20180605/jetty-servlet-9.3.24.v20180605.jar:/home/user/.m2/repository/org/eclipse/jetty/jetty-security/9.3.24.v20180605/jetty-security-9.3.24.v20180605.jar:/home/user/.m2/repository/javax/servlet/jsp/jsp-api/2.1/jsp-api-2.1.jar:/home/user/.m2/repository/com/sun/jersey/jersey-servlet/1.19/jersey-servlet-1.19.jar:/home/user/.m2/repository/com/sun/jersey/jersey-json/1.19/jersey-json-1.19.jar:/home/user/.m2/repository/org/codehaus/jettison/jettison/1.1/jettison-1.1.jar:/home/user/.m2/repository/org/codehaus/jackson/jackson-core-asl/1.9.13/jackson-core-asl-1.9.13.jar:/home/user/.m2/repository/org/codehaus/jackson/jackson-mapper-asl/1.9.13/jackson-mapper-asl-1.9.13.jar:/home/user/.m2/repository/org/codehaus/jackson/jackson-jaxrs/1.9.13/jackson-jaxrs-1.9.13.jar:/home/user/.m2/repository/org/codehaus/jackson/jackson-xc/1.9.13/jackson-xc-1.9.13.jar:/home/user/.m2/repository/commons-logging/commons-logging/1.1.3/commons-logging-1.1.3.jar:/home/user/.m2/repository/commons-beanutils/commons-beanutils/1.9.3/commons-beanutils-1.9.3.jar:/home/user/.m2/repository/org/apache/commons/commons-configuration2/2.1.1/commons-configuration2-2.1.1.jar:/home/user/.m2/repository/org/apache/commons/commons-lang3/3.7/commons-lang3-3.7.jar:/home/user/.m2/repository/org/apache/commons/commons-text/1.4/commons-text-1.4.jar:/home/user/.m2/repository/org/apache/avro/avro/1.7.7/avro-1.7.7.jar:/home/user/.m2/repository/com/thoughtworks/paranamer/paranamer/2.3/paranamer-2.3.jar:/home/user/.m2/repository/org/xerial/snappy/snappy-java/1.0.5/snappy-java-1.0.5.jar:/home/user/.m2/repository/com/google/re2j/re2j/1.1/re2j-1.1.jar:/home/user/.m2/repository/com/google/code/gson/gson/2.2.4/gson-2.2.4.jar:/home/user/.m2/repository/com/jcraft/jsch/0.1.54/jsch-0.1.54.jar:/home/user/.m2/repository/org/apache/curator/curator-client/2.12.0/curator-client-2.12.0.jar:/home/user/.m2/repository/org/apache/curator/curator-recipes/2.12.0/curator-recipes-2.12.0.jar:/home/user/.m2/repository/com/google/code/findbugs/jsr305/3.0.0/jsr305-3.0.0.jar:/home/user/.m2/repository/org/apache/htrace/htrace-core4/4.1.0-incubating/htrace-core4-4.1.0-incubating.jar:/home/user/.m2/repository/org/apache/zookeeper/zookeeper/3.4.13/zookeeper-3.4.13.jar:/home/user/.m2/repository/org/apache/yetus/audience-annotations/0.5.0/audience-annotations-0.5.0.jar:/home/user/.m2/repository/org/codehaus/woodstox/stax2-api/3.1.4/stax2-api-3.1.4.jar:/home/user/.m2/repository/com/fasterxml/woodstox/woodstox-core/5.0.3/woodstox-core-5.0.3.jar:/home/user/.m2/repository/dnsjava/dnsjava/2.1.7/dnsjava-2.1.7.jar:/home/user/.m2/repository/org/apache/hadoop/hadoop-hdfs/3.2.0/hadoop-hdfs-3.2.0-tests.jar:/home/user/.m2/repository/org/eclipse/jetty/jetty-util-ajax/9.3.24.v20180605/jetty-util-ajax-9.3.24.v20180605.jar:/home/user/.m2/repository/commons-daemon/commons-daemon/1.0.13/commons-daemon-1.0.13.jar:/home/user/.m2/repository/io/netty/netty/3.10.5.Final/netty-3.10.5.Final.jar:/home/user/.m2/repository/io/netty/netty-all/4.0.52.Final/netty-all-4.0.52.Final.jar:/home/user/.m2/repository/org/fusesource/leveldbjni/leveldbjni-all/1.8/leveldbjni-all-1.8.jar:"/>
    <property name="sun.cpu.endian" value="little"/>
    <property name="user.home" value="/home/user"/>
    <property name="user.language" value="en"/>
    <property name="java.specification.vendor" value="Oracle Corporation"/>
    <property name="java.home" value="/usr/lib/jvm/java-1.8-openjdk/jre"/>
    <property name="java.security.krb5.conf" value="/workdir/hadoop-ozone/integration-test/target/test-classes/krb5.conf"/>
    <property name="basedir" value="/workdir/hadoop-ozone/integration-test"/>
    <property name="file.separator" value="/"/>
    <property name="line.separator" value="&#10;"/>
    <property name="java.vm.specification.vendor" value="Oracle Corporation"/>
    <property name="java.specification.name" value="Java Platform API Specification"/>
    <property name="java.awt.graphicsenv" value="sun.awt.X11GraphicsEnvironment"/>
    <property name="surefire.real.class.path" value="/workdir/hadoop-ozone/integration-test/target/surefire/surefirebooter2266860668757612480.jar"/>
    <property name="hadoop.log.dir" value="/workdir/hadoop-ozone/integration-test/target/log"/>
    <property name="sun.boot.class.path" value="/usr/lib/jvm/java-1.8-openjdk/jre/lib/resources.jar:/usr/lib/jvm/java-1.8-openjdk/jre/lib/rt.jar:/usr/lib/jvm/java-1.8-openjdk/jre/lib/sunrsasign.jar:/usr/lib/jvm/java-1.8-openjdk/jre/lib/jsse.jar:/usr/lib/jvm/java-1.8-openjdk/jre/lib/jce.jar:/usr/lib/jvm/java-1.8-openjdk/jre/lib/charsets.jar:/usr/lib/jvm/java-1.8-openjdk/jre/lib/jfr.jar:/usr/lib/jvm/java-1.8-openjdk/jre/classes"/>
    <property name="sun.management.compiler" value="HotSpot 64-Bit Tiered Compilers"/>
    <property name="java.runtime.version" value="1.8.0_212-b04"/>
    <property name="java.net.preferIPv4Stack" value="true"/>
    <property name="user.name" value="jenkins1000"/>
    <property name="path.separator" value=":"/>
    <property name="java.security.egd" value="file:///dev/urandom"/>
    <property name="os.version" value="3.10.0-957.12.2.el7.x86_64"/>
    <property name="java.endorsed.dirs" value="/usr/lib/jvm/java-1.8-openjdk/jre/lib/endorsed"/>
    <property name="java.runtime.name" value="OpenJDK Runtime Environment"/>
    <property name="file.encoding" value="UTF-8"/>
    <property name="java.vm.name" value="OpenJDK 64-Bit Server VM"/>
    <property name="test.build.webapps" value=""/>
    <property name="localRepository" value="/home/user/.m2/repository"/>
    <property name="java.vendor.url.bug" value="https://icedtea.classpath.org/bugzilla"/>
    <property name="java.io.tmpdir" value="/tmp"/>
    <property name="require.test.libhadoop" value=""/>
    <property name="java.version" value="1.8.0_212"/>
    <property name="user.dir" value="/workdir/hadoop-ozone/integration-test"/>
    <property name="os.arch" value="amd64"/>
    <property name="java.vm.specification.name" value="Java Virtual Machine Specification"/>
    <property name="test.build.classes" value="/workdir/hadoop-ozone/integration-test/target/test-classes"/>
    <property name="java.awt.printerjob" value="sun.print.PSPrinterJob"/>
    <property name="sun.os.patch.level" value="unknown"/>
    <property name="hadoop.tmp.dir" value="/workdir/hadoop-ozone/integration-test/target/tmp"/>
    <property name="java.library.path" value="/usr/lib/jvm/java-1.8-openjdk/jre/lib/amd64/server:/usr/lib/jvm/java-1.8-openjdk/jre/lib/amd64:/usr/lib/jvm/java-1.8-openjdk/jre/../lib/amd64:/workdir/hadoop-ozone/integration-test/target/native/target/usr/local/lib:/workdir/hadoop-ozone/integration-test/../../hadoop-common-project/hadoop-common/target/native/target/usr/local/lib:/usr/java/packages/lib/amd64:/usr/lib64:/lib64:/lib:/usr/lib"/>
    <property name="java.vm.info" value="mixed mode"/>
    <property name="java.vendor" value="IcedTea"/>
    <property name="java.vm.version" value="25.212-b04"/>
    <property name="java.ext.dirs" value="/usr/lib/jvm/java-1.8-openjdk/jre/lib/ext:/usr/java/packages/lib/ext"/>
    <property name="sun.io.unicode.encoding" value="UnicodeLittle"/>
    <property name="java.class.version" value="52.0"/>
  </properties>
  <testcase name="testBlockWriteViaRatis" classname="org.apache.hadoop.ozone.client.rpc.TestCloseContainerHandlingByClient" time="7.161">
    <error type="java.lang.IllegalArgumentException">java.lang.IllegalArgumentException
	at com.google.common.base.Preconditions.checkArgument(Preconditions.java:72)
	at org.apache.hadoop.hdds.scm.XceiverClientManager.acquireClient(XceiverClientManager.java:123)
	at org.apache.hadoop.hdds.scm.storage.BlockInputStream.getChunkInfos(BlockInputStream.java:154)
	at org.apache.hadoop.hdds.scm.storage.BlockInputStream.initialize(BlockInputStream.java:118)
	at org.apache.hadoop.hdds.scm.storage.BlockInputStream.read(BlockInputStream.java:222)
	at org.apache.hadoop.ozone.client.io.KeyInputStream.read(KeyInputStream.java:171)
	at org.apache.hadoop.ozone.client.io.OzoneInputStream.read(OzoneInputStream.java:47)
	at java.io.InputStream.read(InputStream.java:101)
	at org.apache.hadoop.ozone.container.ContainerTestHelper.validateData(ContainerTestHelper.java:709)
	at org.apache.hadoop.ozone.client.rpc.TestCloseContainerHandlingByClient.validateData(TestCloseContainerHandlingByClient.java:401)
	at org.apache.hadoop.ozone.client.rpc.TestCloseContainerHandlingByClient.testBlockWriteViaRatis(TestCloseContainerHandlingByClient.java:433)
	at sun.reflect.NativeMethodAccessorImpl.invoke0(Native Method)
	at sun.reflect.NativeMethodAccessorImpl.invoke(NativeMethodAccessorImpl.java:62)
	at sun.reflect.DelegatingMethodAccessorImpl.invoke(DelegatingMethodAccessorImpl.java:43)
	at java.lang.reflect.Method.invoke(Method.java:498)
	at org.junit.runners.model.FrameworkMethod$1.runReflectiveCall(FrameworkMethod.java:47)
	at org.junit.internal.runners.model.ReflectiveCallable.run(ReflectiveCallable.java:12)
	at org.junit.runners.model.FrameworkMethod.invokeExplosively(FrameworkMethod.java:44)
	at org.junit.internal.runners.statements.InvokeMethod.evaluate(InvokeMethod.java:17)
	at org.junit.runners.ParentRunner.runLeaf(ParentRunner.java:271)
	at org.junit.runners.BlockJUnit4ClassRunner.runChild(BlockJUnit4ClassRunner.java:70)
	at org.junit.runners.BlockJUnit4ClassRunner.runChild(BlockJUnit4ClassRunner.java:50)
	at org.junit.runners.ParentRunner$3.run(ParentRunner.java:238)
	at org.junit.runners.ParentRunner$1.schedule(ParentRunner.java:63)
	at org.junit.runners.ParentRunner.runChildren(ParentRunner.java:236)
	at org.junit.runners.ParentRunner.access$000(ParentRunner.java:53)
	at org.junit.runners.ParentRunner$2.evaluate(ParentRunner.java:229)
	at org.junit.internal.runners.statements.RunBefores.evaluate(RunBefores.java:26)
	at org.junit.internal.runners.statements.RunAfters.evaluate(RunAfters.java:27)
	at org.junit.runners.ParentRunner.run(ParentRunner.java:309)
	at org.apache.maven.surefire.junit4.JUnit4Provider.execute(JUnit4Provider.java:365)
	at org.apache.maven.surefire.junit4.JUnit4Provider.executeWithRerun(JUnit4Provider.java:273)
	at org.apache.maven.surefire.junit4.JUnit4Provider.executeTestSet(JUnit4Provider.java:238)
	at org.apache.maven.surefire.junit4.JUnit4Provider.invoke(JUnit4Provider.java:159)
	at org.apache.maven.surefire.booter.ForkedBooter.invokeProviderInSameClassLoader(ForkedBooter.java:384)
	at org.apache.maven.surefire.booter.ForkedBooter.runSuitesInProcess(ForkedBooter.java:345)
	at org.apache.maven.surefire.booter.ForkedBooter.execute(ForkedBooter.java:126)
	at org.apache.maven.surefire.booter.ForkedBooter.main(ForkedBooter.java:418)
</error>
    <system-out><![CDATA[2019-07-16 14:32:22,411 WARN  server.ServerUtils (ServerUtils.java:getScmDbDir(145)) - ozone.scm.db.dirs is not configured. We recommend adding this setting. Falling back to ozone.metadata.dirs instead.
2019-07-16 14:32:22,491 WARN  server.ServerUtils (ServerUtils.java:getScmDbDir(145)) - ozone.scm.db.dirs is not configured. We recommend adding this setting. Falling back to ozone.metadata.dirs instead.
2019-07-16 14:32:22,494 WARN  server.ServerUtils (ServerUtils.java:getScmDbDir(145)) - ozone.scm.db.dirs is not configured. We recommend adding this setting. Falling back to ozone.metadata.dirs instead.
2019-07-16 14:32:22,509 INFO  util.log (Log.java:initialized(192)) - Logging initialized @789ms
2019-07-16 14:32:22,598 INFO  db.DBStoreBuilder (DBStoreBuilder.java:addTable(110)) - using custom profile for table: deletedBlocks
2019-07-16 14:32:22,598 INFO  db.DBStoreBuilder (DBStoreBuilder.java:processTables(161)) - Using default column profile:DBProfile.DISK for Table:deletedBlocks
2019-07-16 14:32:22,599 INFO  db.DBStoreBuilder (DBStoreBuilder.java:addTable(110)) - using custom profile for table: validCerts
2019-07-16 14:32:22,599 INFO  db.DBStoreBuilder (DBStoreBuilder.java:processTables(161)) - Using default column profile:DBProfile.DISK for Table:validCerts
2019-07-16 14:32:22,599 INFO  db.DBStoreBuilder (DBStoreBuilder.java:addTable(110)) - using custom profile for table: revokedCerts
2019-07-16 14:32:22,599 INFO  db.DBStoreBuilder (DBStoreBuilder.java:processTables(161)) - Using default column profile:DBProfile.DISK for Table:revokedCerts
2019-07-16 14:32:22,610 INFO  db.DBStoreBuilder (DBStoreBuilder.java:addTable(110)) - using custom profile for table: default
2019-07-16 14:32:22,611 INFO  db.DBStoreBuilder (DBStoreBuilder.java:processTables(167)) - Using default column profile:DBProfile.DISK for Table:default
2019-07-16 14:32:22,612 INFO  db.DBStoreBuilder (DBStoreBuilder.java:getDbProfile(198)) - Using default options. DBProfile.DISK
2019-07-16 14:32:22,731 INFO  net.NodeSchemaLoader (NodeSchemaLoader.java:loadSchemaFromFile(125)) - Loading file from sun.misc.CompoundEnumeration@291ae
2019-07-16 14:32:22,733 INFO  net.NodeSchemaLoader (NodeSchemaLoader.java:loadSchema(171)) - Loading network topology layer schema file
2019-07-16 14:32:22,795 INFO  node.SCMNodeManager (SCMNodeManager.java:<init>(119)) - Entering startup safe mode.
2019-07-16 14:32:22,875 WARN  server.ServerUtils (ServerUtils.java:getScmDbDir(145)) - ozone.scm.db.dirs is not configured. We recommend adding this setting. Falling back to ozone.metadata.dirs instead.
2019-07-16 14:32:22,917 INFO  pipeline.SCMPipelineManager (SCMPipelineManager.java:initializePipelineState(126)) - No pipeline exists in current db
2019-07-16 14:32:22,919 WARN  server.ServerUtils (ServerUtils.java:getScmDbDir(145)) - ozone.scm.db.dirs is not configured. We recommend adding this setting. Falling back to ozone.metadata.dirs instead.
2019-07-16 14:32:22,979 WARN  events.EventQueue (EventQueue.java:fireEvent(175)) - No event handler registered for event TypedEvent{payloadType=SafeModeStatus, name='SafeModeStatus'}
2019-07-16 14:32:23,281 INFO  ipc.CallQueueManager (CallQueueManager.java:<init>(84)) - Using callQueue: class java.util.concurrent.LinkedBlockingQueue, queueCapacity: 2000, scheduler: class org.apache.hadoop.ipc.DefaultRpcScheduler, ipcBackoff: false.
2019-07-16 14:32:23,307 INFO  ipc.Server (Server.java:run(1074)) - Starting Socket Reader #1 for port 35489
2019-07-16 14:32:23,328 INFO  ipc.CallQueueManager (CallQueueManager.java:<init>(84)) - Using callQueue: class java.util.concurrent.LinkedBlockingQueue, queueCapacity: 2000, scheduler: class org.apache.hadoop.ipc.DefaultRpcScheduler, ipcBackoff: false.
2019-07-16 14:32:23,329 INFO  ipc.Server (Server.java:run(1074)) - Starting Socket Reader #1 for port 40918
2019-07-16 14:32:23,335 INFO  ipc.CallQueueManager (CallQueueManager.java:<init>(84)) - Using callQueue: class java.util.concurrent.LinkedBlockingQueue, queueCapacity: 2000, scheduler: class org.apache.hadoop.ipc.DefaultRpcScheduler, ipcBackoff: false.
2019-07-16 14:32:23,336 INFO  ipc.Server (Server.java:run(1074)) - Starting Socket Reader #1 for port 45217
2019-07-16 14:32:23,452 INFO  hdfs.DFSUtil (DFSUtil.java:httpServerTemplateForNNAndJN(1641)) - Starting Web-server for scm at: http://0.0.0.0:0
2019-07-16 14:32:23,582 INFO  server.AuthenticationFilter (AuthenticationFilter.java:constructSecretProvider(240)) - Unable to initialize FileSignerSecretProvider, falling back to use random secrets.
2019-07-16 14:32:23,590 WARN  http.HttpRequestLog (HttpRequestLog.java:getRequestLog(97)) - Jetty request log can only be enabled using Log4j
2019-07-16 14:32:23,597 INFO  http.HttpServer2 (HttpServer2.java:addGlobalFilter(975)) - Added global filter 'safety' (class=org.apache.hadoop.http.HttpServer2$QuotingInputFilter)
2019-07-16 14:32:23,600 INFO  http.HttpServer2 (HttpServer2.java:addFilter(948)) - Added filter static_user_filter (class=org.apache.hadoop.http.lib.StaticUserWebFilter$StaticUserFilter) to context scm
2019-07-16 14:32:23,600 INFO  http.HttpServer2 (HttpServer2.java:addFilter(958)) - Added filter static_user_filter (class=org.apache.hadoop.http.lib.StaticUserWebFilter$StaticUserFilter) to context static
2019-07-16 14:32:23,600 INFO  http.HttpServer2 (HttpServer2.java:addFilter(958)) - Added filter static_user_filter (class=org.apache.hadoop.http.lib.StaticUserWebFilter$StaticUserFilter) to context logs
2019-07-16 14:32:23,627 INFO  server.StorageContainerManager (StorageContainerManager.java:start(753)) - StorageContainerLocationProtocol RPC server is listening at /0.0.0.0:45217
2019-07-16 14:32:23,687 WARN  impl.MetricsConfig (MetricsConfig.java:loadFirst(134)) - Cannot locate configuration: tried hadoop-metrics2-storagecontainermanager.properties,hadoop-metrics2.properties
2019-07-16 14:32:23,699 INFO  impl.MetricsSystemImpl (MetricsSystemImpl.java:startTimer(374)) - Scheduled Metric snapshot period at 10 second(s).
2019-07-16 14:32:23,699 INFO  impl.MetricsSystemImpl (MetricsSystemImpl.java:start(191)) - StorageContainerManager metrics system started
2019-07-16 14:32:23,906 INFO  server.SCMClientProtocolServer (SCMClientProtocolServer.java:start(149)) - RPC server for Client  is listening at /0.0.0.0:45217
2019-07-16 14:32:23,907 INFO  ipc.Server (Server.java:run(1314)) - IPC Server Responder: starting
2019-07-16 14:32:23,907 INFO  ipc.Server (Server.java:run(1153)) - IPC Server listener on 45217: starting
2019-07-16 14:32:23,913 INFO  server.StorageContainerManager (StorageContainerManager.java:start(762)) - ScmBlockLocationProtocol RPC server is listening at /0.0.0.0:40918
2019-07-16 14:32:23,913 INFO  server.SCMBlockProtocolServer (SCMBlockProtocolServer.java:start(137)) - RPC server for Block Protocol is listening at /0.0.0.0:40918
2019-07-16 14:32:23,914 INFO  ipc.Server (Server.java:run(1314)) - IPC Server Responder: starting
2019-07-16 14:32:23,914 INFO  ipc.Server (Server.java:run(1153)) - IPC Server listener on 40918: starting
2019-07-16 14:32:23,916 INFO  server.StorageContainerManager (StorageContainerManager.java:start(766)) - ScmDatanodeProtocl RPC server is listening at /0.0.0.0:35489
2019-07-16 14:32:23,916 INFO  server.SCMDatanodeProtocolServer (SCMDatanodeProtocolServer.java:start(191)) - RPC server for DataNodes is listening at /0.0.0.0:35489
2019-07-16 14:32:23,917 INFO  ipc.Server (Server.java:run(1314)) - IPC Server Responder: starting
2019-07-16 14:32:23,918 INFO  ipc.Server (Server.java:run(1153)) - IPC Server listener on 35489: starting
2019-07-16 14:32:23,927 INFO  http.HttpServer2 (HttpServer2.java:bindListener(1191)) - Jetty bound to port 41617
2019-07-16 14:32:23,930 INFO  server.Server (Server.java:doStart(351)) - jetty-9.3.24.v20180605, build timestamp: 2018-06-05T17:11:56Z, git hash: 84205aa28f11a4f31f2a3b86d1bba2cc8ab69827
2019-07-16 14:32:23,981 INFO  handler.ContextHandler (ContextHandler.java:doStart(781)) - Started o.e.j.s.ServletContextHandler@130dca52{/logs,file:///workdir/hadoop-ozone/integration-test/target/log,AVAILABLE}
2019-07-16 14:32:23,982 INFO  handler.ContextHandler (ContextHandler.java:doStart(781)) - Started o.e.j.s.ServletContextHandler@737a135b{/static,file:///workdir/hadoop-ozone/integration-test/target/test-classes/webapps/static,AVAILABLE}
2019-07-16 14:32:24,017 INFO  handler.ContextHandler (ContextHandler.java:doStart(781)) - Started o.e.j.w.WebAppContext@5d5d9e5{/,file:///workdir/hadoop-ozone/integration-test/target/test-classes/webapps/scm/,AVAILABLE}{/scm}
2019-07-16 14:32:24,023 INFO  server.AbstractConnector (AbstractConnector.java:doStart(278)) - Started ServerConnector@25bcd0c7{HTTP/1.1,[http/1.1]}{0.0.0.0:41617}
2019-07-16 14:32:24,024 INFO  server.Server (Server.java:doStart(419)) - Started @2304ms
2019-07-16 14:32:24,025 INFO  server.BaseHttpServer (BaseHttpServer.java:updateConnectorAddress(207)) - HTTP server of SCM is listening at http://0.0.0.0:41617
2019-07-16 14:32:24,032 INFO  util.JvmPauseMonitor (JvmPauseMonitor.java:run(188)) - Starting JVM pause monitor
2019-07-16 14:32:24,033 WARN  server.ServerUtils (ServerUtils.java:getDBPath(222)) - ozone.om.db.dirs is not configured. We recommend adding this setting. Falling back to ozone.metadata.dirs instead.
2019-07-16 14:32:24,147 WARN  server.ServerUtils (ServerUtils.java:getDBPath(222)) - ozone.om.db.dirs is not configured. We recommend adding this setting. Falling back to ozone.metadata.dirs instead.
2019-07-16 14:32:24,148 INFO  om.OzoneManager (OzoneManager.java:setOMNodeDetails(630)) - OM Service ID is not set. Setting it to the default ID: omServiceIdDefault
2019-07-16 14:32:24,148 INFO  om.OzoneManager (OzoneManager.java:setOMNodeDetails(636)) - OM Node ID is not set. Setting it to the OmStorage's OmID: 9dd3d27c-e2a8-4d37-86e3-cfb8fecad0d0
2019-07-16 14:32:24,149 INFO  om.OzoneManager (OzoneManager.java:loadOMHAConfigs(587)) - Found matching OM address with OMServiceId: null, OMNodeId: null, RPC Address: localhost:0 and Ratis port: 9872
2019-07-16 14:32:24,383 WARN  server.ServerUtils (ServerUtils.java:getDBPath(222)) - ozone.om.db.dirs is not configured. We recommend adding this setting. Falling back to ozone.metadata.dirs instead.
2019-07-16 14:32:24,394 INFO  db.DBStoreBuilder (DBStoreBuilder.java:addTable(110)) - using custom profile for table: userTable
2019-07-16 14:32:24,394 INFO  db.DBStoreBuilder (DBStoreBuilder.java:processTables(161)) - Using default column profile:DBProfile.DISK for Table:userTable
2019-07-16 14:32:24,395 INFO  db.DBStoreBuilder (DBStoreBuilder.java:addTable(110)) - using custom profile for table: volumeTable
2019-07-16 14:32:24,395 INFO  db.DBStoreBuilder (DBStoreBuilder.java:processTables(161)) - Using default column profile:DBProfile.DISK for Table:volumeTable
2019-07-16 14:32:24,395 INFO  db.DBStoreBuilder (DBStoreBuilder.java:addTable(110)) - using custom profile for table: bucketTable
2019-07-16 14:32:24,396 INFO  db.DBStoreBuilder (DBStoreBuilder.java:processTables(161)) - Using default column profile:DBProfile.DISK for Table:bucketTable
2019-07-16 14:32:24,396 INFO  db.DBStoreBuilder (DBStoreBuilder.java:addTable(110)) - using custom profile for table: keyTable
2019-07-16 14:32:24,396 INFO  db.DBStoreBuilder (DBStoreBuilder.java:processTables(161)) - Using default column profile:DBProfile.DISK for Table:keyTable
2019-07-16 14:32:24,397 INFO  db.DBStoreBuilder (DBStoreBuilder.java:addTable(110)) - using custom profile for table: deletedTable
2019-07-16 14:32:24,397 INFO  db.DBStoreBuilder (DBStoreBuilder.java:processTables(161)) - Using default column profile:DBProfile.DISK for Table:deletedTable
2019-07-16 14:32:24,397 INFO  db.DBStoreBuilder (DBStoreBuilder.java:addTable(110)) - using custom profile for table: openKeyTable
2019-07-16 14:32:24,398 INFO  db.DBStoreBuilder (DBStoreBuilder.java:processTables(161)) - Using default column profile:DBProfile.DISK for Table:openKeyTable
2019-07-16 14:32:24,398 INFO  db.DBStoreBuilder (DBStoreBuilder.java:addTable(110)) - using custom profile for table: s3Table
2019-07-16 14:32:24,398 INFO  db.DBStoreBuilder (DBStoreBuilder.java:processTables(161)) - Using default column profile:DBProfile.DISK for Table:s3Table
2019-07-16 14:32:24,399 INFO  db.DBStoreBuilder (DBStoreBuilder.java:addTable(110)) - using custom profile for table: multipartInfoTable
2019-07-16 14:32:24,399 INFO  db.DBStoreBuilder (DBStoreBuilder.java:processTables(161)) - Using default column profile:DBProfile.DISK for Table:multipartInfoTable
2019-07-16 14:32:24,400 INFO  db.DBStoreBuilder (DBStoreBuilder.java:addTable(110)) - using custom profile for table: dTokenTable
2019-07-16 14:32:24,400 INFO  db.DBStoreBuilder (DBStoreBuilder.java:processTables(161)) - Using default column profile:DBProfile.DISK for Table:dTokenTable
2019-07-16 14:32:24,400 INFO  db.DBStoreBuilder (DBStoreBuilder.java:addTable(110)) - using custom profile for table: s3SecretTable
2019-07-16 14:32:24,401 INFO  db.DBStoreBuilder (DBStoreBuilder.java:processTables(161)) - Using default column profile:DBProfile.DISK for Table:s3SecretTable
2019-07-16 14:32:24,401 INFO  db.DBStoreBuilder (DBStoreBuilder.java:addTable(110)) - using custom profile for table: prefixTable
2019-07-16 14:32:24,401 INFO  db.DBStoreBuilder (DBStoreBuilder.java:processTables(161)) - Using default column profile:DBProfile.DISK for Table:prefixTable
2019-07-16 14:32:24,402 INFO  db.DBStoreBuilder (DBStoreBuilder.java:addTable(110)) - using custom profile for table: default
2019-07-16 14:32:24,402 INFO  db.DBStoreBuilder (DBStoreBuilder.java:processTables(167)) - Using default column profile:DBProfile.DISK for Table:default
2019-07-16 14:32:24,402 INFO  db.DBStoreBuilder (DBStoreBuilder.java:getDbProfile(198)) - Using default options. DBProfile.DISK
2019-07-16 14:32:25,002 INFO  ipc.CallQueueManager (CallQueueManager.java:<init>(84)) - Using callQueue: class java.util.concurrent.LinkedBlockingQueue, queueCapacity: 2000, scheduler: class org.apache.hadoop.ipc.DefaultRpcScheduler, ipcBackoff: false.
2019-07-16 14:32:25,004 INFO  ipc.Server (Server.java:run(1074)) - Starting Socket Reader #1 for port 46238
2019-07-16 14:32:25,028 WARN  server.ServerUtils (ServerUtils.java:getDBPath(222)) - ozone.om.db.dirs is not configured. We recommend adding this setting. Falling back to ozone.metadata.dirs instead.
2019-07-16 14:32:25,029 INFO  om.OzoneManager (OzoneManager.java:start(1228)) - OzoneManager RPC server is listening at localhost/127.0.0.1:46238
2019-07-16 14:32:25,029 INFO  impl.MetricsSystemImpl (MetricsSystemImpl.java:init(158)) - OzoneManager metrics system started (again)
2019-07-16 14:32:25,029 INFO  ipc.Server (Server.java:run(1314)) - IPC Server Responder: starting
2019-07-16 14:32:25,030 INFO  ipc.Server (Server.java:run(1153)) - IPC Server listener on 46238: starting
2019-07-16 14:32:25,040 INFO  hdfs.DFSUtil (DFSUtil.java:httpServerTemplateForNNAndJN(1641)) - Starting Web-server for ozoneManager at: http://0.0.0.0:0
2019-07-16 14:32:25,042 INFO  server.AuthenticationFilter (AuthenticationFilter.java:constructSecretProvider(240)) - Unable to initialize FileSignerSecretProvider, falling back to use random secrets.
2019-07-16 14:32:25,043 WARN  http.HttpRequestLog (HttpRequestLog.java:getRequestLog(97)) - Jetty request log can only be enabled using Log4j
2019-07-16 14:32:25,047 INFO  http.HttpServer2 (HttpServer2.java:addGlobalFilter(975)) - Added global filter 'safety' (class=org.apache.hadoop.http.HttpServer2$QuotingInputFilter)
2019-07-16 14:32:25,048 INFO  http.HttpServer2 (HttpServer2.java:addFilter(948)) - Added filter static_user_filter (class=org.apache.hadoop.http.lib.StaticUserWebFilter$StaticUserFilter) to context ozoneManager
2019-07-16 14:32:25,048 INFO  http.HttpServer2 (HttpServer2.java:addFilter(958)) - Added filter static_user_filter (class=org.apache.hadoop.http.lib.StaticUserWebFilter$StaticUserFilter) to context static
2019-07-16 14:32:25,049 INFO  http.HttpServer2 (HttpServer2.java:addFilter(958)) - Added filter static_user_filter (class=org.apache.hadoop.http.lib.StaticUserWebFilter$StaticUserFilter) to context logs
2019-07-16 14:32:25,052 INFO  http.HttpServer2 (HttpServer2.java:bindListener(1191)) - Jetty bound to port 33981
2019-07-16 14:32:25,052 INFO  server.Server (Server.java:doStart(351)) - jetty-9.3.24.v20180605, build timestamp: 2018-06-05T17:11:56Z, git hash: 84205aa28f11a4f31f2a3b86d1bba2cc8ab69827
2019-07-16 14:32:25,054 INFO  handler.ContextHandler (ContextHandler.java:doStart(781)) - Started o.e.j.s.ServletContextHandler@6ad5923a{/logs,file:///workdir/hadoop-ozone/integration-test/target/log,AVAILABLE}
2019-07-16 14:32:25,055 INFO  handler.ContextHandler (ContextHandler.java:doStart(781)) - Started o.e.j.s.ServletContextHandler@43b0ade{/static,file:///workdir/hadoop-ozone/integration-test/target/test-classes/webapps/static,AVAILABLE}
2019-07-16 14:32:25,062 INFO  handler.ContextHandler (ContextHandler.java:doStart(781)) - Started o.e.j.w.WebAppContext@c3fa05a{/,file:///workdir/hadoop-ozone/integration-test/target/test-classes/webapps/ozoneManager/,AVAILABLE}{/ozoneManager}
2019-07-16 14:32:25,063 INFO  server.AbstractConnector (AbstractConnector.java:doStart(278)) - Started ServerConnector@7b44b63d{HTTP/1.1,[http/1.1]}{0.0.0.0:33981}
2019-07-16 14:32:25,063 INFO  server.Server (Server.java:doStart(419)) - Started @3343ms
2019-07-16 14:32:25,064 INFO  server.BaseHttpServer (BaseHttpServer.java:updateConnectorAddress(207)) - HTTP server of OZONEMANAGER is listening at http://0.0.0.0:33981
2019-07-16 14:32:25,410 INFO  impl.MetricsSystemImpl (MetricsSystemImpl.java:init(158)) - HddsDatanode metrics system started (again)
2019-07-16 14:32:25,491 INFO  ozone.HddsDatanodeService (HddsDatanodeService.java:start(185)) - HddsDatanodeService host:byscane-nightly-ppzk5-1864156943 ip:192.168.5.141
2019-07-16 14:32:25,517 INFO  volume.HddsVolume (HddsVolume.java:<init>(176)) - Creating Volume: /workdir/hadoop-ozone/integration-test/target/test-dir/MiniOzoneClusterImpl-1f34c511-1d11-4543-b7d5-4b9a7ceebc3e/datanode-0/data/containers/hdds of  storage type : DISK and capacity : 52710309888
2019-07-16 14:32:25,519 INFO  volume.VolumeSet (VolumeSet.java:initializeVolumeSet(170)) - Added Volume : /workdir/hadoop-ozone/integration-test/target/test-dir/MiniOzoneClusterImpl-1f34c511-1d11-4543-b7d5-4b9a7ceebc3e/datanode-0/data/containers/hdds to VolumeSet
2019-07-16 14:32:25,522 INFO  volume.ThrottledAsyncChecker (ThrottledAsyncChecker.java:schedule(140)) - Scheduling a check for org.apache.hadoop.ozone.container.common.volume.HddsVolume@9a2ec9b
2019-07-16 14:32:25,540 INFO  volume.HddsVolumeChecker (HddsVolumeChecker.java:checkAllVolumes(203)) - Scheduled health check for volume org.apache.hadoop.ozone.container.common.volume.HddsVolume@9a2ec9b
2019-07-16 14:32:25,651 INFO  impl.RaftServerProxy (ConfUtils.java:logGet(43)) - raft.rpc.type = GRPC (default)
2019-07-16 14:32:25,715 INFO  grpc.GrpcFactory (GrpcFactory.java:checkPooledByteBufAllocatorUseCacheForAllThreads(45)) - PERFORMANCE WARNING: useCacheForAllThreads is true that may cause Netty to create a lot garbage objects and, as a result, trigger GC.
	It is recommended to disable useCacheForAllThreads by setting -Dorg.apache.ratis.thirdparty.io.netty.allocator.useCacheForAllThreads=false in command line.
2019-07-16 14:32:25,719 INFO  grpc.GrpcConfigKeys$Server (ConfUtils.java:logGet(43)) - raft.grpc.server.port = 0 (default)
2019-07-16 14:32:25,720 INFO  server.GrpcService (ConfUtils.java:logGet(43)) - raft.grpc.message.size.max = 33570816 (custom)
2019-07-16 14:32:25,722 INFO  server.RaftServerConfigKeys (ConfUtils.java:logGet(43)) - raft.server.log.appender.buffer.byte-limit = 33554432 (custom)
2019-07-16 14:32:25,722 INFO  server.GrpcService (ConfUtils.java:logGet(43)) - raft.grpc.flow.control.window = 1MB (=1048576) (default)
2019-07-16 14:32:25,723 INFO  server.RaftServerConfigKeys (ConfUtils.java:logGet(43)) - raft.server.rpc.request.timeout = 3000ms (default)
2019-07-16 14:32:25,878 INFO  server.RaftServerConfigKeys (ConfUtils.java:logGet(43)) - raft.server.storage.dir = [/workdir/hadoop-ozone/integration-test/target/test-dir/MiniOzoneClusterImpl-1f34c511-1d11-4543-b7d5-4b9a7ceebc3e/datanode-0/data/ratis] (custom)
2019-07-16 14:32:25,912 INFO  replication.SimpleContainerDownloader (SimpleContainerDownloader.java:<init>(72)) - Starting container downloader service to copy containers to replicate.
2019-07-16 14:32:25,925 INFO  hdfs.DFSUtil (DFSUtil.java:httpServerTemplateForNNAndJN(1641)) - Starting Web-server for hddsDatanode at: http://0.0.0.0:0
2019-07-16 14:32:25,926 INFO  server.AuthenticationFilter (AuthenticationFilter.java:constructSecretProvider(240)) - Unable to initialize FileSignerSecretProvider, falling back to use random secrets.
2019-07-16 14:32:25,927 WARN  http.HttpRequestLog (HttpRequestLog.java:getRequestLog(97)) - Jetty request log can only be enabled using Log4j
2019-07-16 14:32:25,929 INFO  http.HttpServer2 (HttpServer2.java:addGlobalFilter(975)) - Added global filter 'safety' (class=org.apache.hadoop.http.HttpServer2$QuotingInputFilter)
2019-07-16 14:32:25,929 INFO  http.HttpServer2 (HttpServer2.java:addFilter(948)) - Added filter static_user_filter (class=org.apache.hadoop.http.lib.StaticUserWebFilter$StaticUserFilter) to context hddsDatanode
2019-07-16 14:32:25,930 INFO  http.HttpServer2 (HttpServer2.java:addFilter(958)) - Added filter static_user_filter (class=org.apache.hadoop.http.lib.StaticUserWebFilter$StaticUserFilter) to context logs
2019-07-16 14:32:25,930 INFO  http.HttpServer2 (HttpServer2.java:addFilter(958)) - Added filter static_user_filter (class=org.apache.hadoop.http.lib.StaticUserWebFilter$StaticUserFilter) to context static
2019-07-16 14:32:25,931 INFO  http.HttpServer2 (HttpServer2.java:bindListener(1191)) - Jetty bound to port 39676
2019-07-16 14:32:25,931 INFO  server.Server (Server.java:doStart(351)) - jetty-9.3.24.v20180605, build timestamp: 2018-06-05T17:11:56Z, git hash: 84205aa28f11a4f31f2a3b86d1bba2cc8ab69827
2019-07-16 14:32:25,933 INFO  handler.ContextHandler (ContextHandler.java:doStart(781)) - Started o.e.j.s.ServletContextHandler@18da4dd{/logs,file:///workdir/hadoop-ozone/integration-test/target/log,AVAILABLE}
2019-07-16 14:32:25,933 INFO  handler.ContextHandler (ContextHandler.java:doStart(781)) - Started o.e.j.s.ServletContextHandler@68880c21{/static,jar:file:/home/user/.m2/repository/org/apache/hadoop/hadoop-hdds-container-service/0.4.1-SNAPSHOT/hadoop-hdds-container-service-0.4.1-SNAPSHOT.jar!/webapps/static,AVAILABLE}
2019-07-16 14:32:25,967 INFO  handler.ContextHandler (ContextHandler.java:doStart(781)) - Started o.e.j.w.WebAppContext@2133661d{/,file:///tmp/jetty-0.0.0.0-39676-hddsDatanode-_-any-5919004444566111983.dir/webapp/,AVAILABLE}{/hddsDatanode}
2019-07-16 14:32:25,968 INFO  server.AbstractConnector (AbstractConnector.java:doStart(278)) - Started ServerConnector@6c9320c2{HTTP/1.1,[http/1.1]}{0.0.0.0:39676}
2019-07-16 14:32:25,969 INFO  server.Server (Server.java:doStart(419)) - Started @4249ms
2019-07-16 14:32:25,970 INFO  server.BaseHttpServer (BaseHttpServer.java:updateConnectorAddress(207)) - HTTP server of HDDSDATANODE is listening at http://0.0.0.0:39676
2019-07-16 14:32:27,021 INFO  ozone.HddsDatanodeService (HddsDatanodeService.java:startPlugins(396)) - Started plug-in org.apache.hadoop.ozone.web.OzoneHddsDatanodeService@65c5bf0e
2019-07-16 14:32:27,022 INFO  impl.MetricsSystemImpl (MetricsSystemImpl.java:init(158)) - HddsDatanode metrics system started (again)
2019-07-16 14:32:27,023 INFO  ozone.HddsDatanodeService (HddsDatanodeService.java:start(185)) - HddsDatanodeService host:byscane-nightly-ppzk5-1864156943 ip:192.168.5.141
2019-07-16 14:32:27,030 INFO  util.JvmPauseMonitor (JvmPauseMonitor.java:run(188)) - Starting JVM pause monitor
2019-07-16 14:32:27,033 INFO  volume.HddsVolume (HddsVolume.java:<init>(176)) - Creating Volume: /workdir/hadoop-ozone/integration-test/target/test-dir/MiniOzoneClusterImpl-1f34c511-1d11-4543-b7d5-4b9a7ceebc3e/datanode-1/data/containers/hdds of  storage type : DISK and capacity : 52710309888
2019-07-16 14:32:27,033 INFO  volume.VolumeSet (VolumeSet.java:initializeVolumeSet(170)) - Added Volume : /workdir/hadoop-ozone/integration-test/target/test-dir/MiniOzoneClusterImpl-1f34c511-1d11-4543-b7d5-4b9a7ceebc3e/datanode-1/data/containers/hdds to VolumeSet
2019-07-16 14:32:27,033 INFO  volume.ThrottledAsyncChecker (ThrottledAsyncChecker.java:schedule(140)) - Scheduling a check for org.apache.hadoop.ozone.container.common.volume.HddsVolume@5d508d22
2019-07-16 14:32:27,034 INFO  volume.HddsVolumeChecker (HddsVolumeChecker.java:checkAllVolumes(203)) - Scheduled health check for volume org.apache.hadoop.ozone.container.common.volume.HddsVolume@5d508d22
2019-07-16 14:32:27,051 INFO  impl.RaftServerProxy (ConfUtils.java:logGet(43)) - raft.rpc.type = GRPC (default)
2019-07-16 14:32:27,051 INFO  grpc.GrpcFactory (GrpcFactory.java:checkPooledByteBufAllocatorUseCacheForAllThreads(45)) - PERFORMANCE WARNING: useCacheForAllThreads is true that may cause Netty to create a lot garbage objects and, as a result, trigger GC.
	It is recommended to disable useCacheForAllThreads by setting -Dorg.apache.ratis.thirdparty.io.netty.allocator.useCacheForAllThreads=false in command line.
2019-07-16 14:32:27,051 INFO  grpc.GrpcConfigKeys$Server (ConfUtils.java:logGet(43)) - raft.grpc.server.port = 0 (default)
2019-07-16 14:32:27,052 INFO  server.GrpcService (ConfUtils.java:logGet(43)) - raft.grpc.message.size.max = 33570816 (custom)
2019-07-16 14:32:27,052 INFO  server.RaftServerConfigKeys (ConfUtils.java:logGet(43)) - raft.server.log.appender.buffer.byte-limit = 33554432 (custom)
2019-07-16 14:32:27,052 INFO  server.GrpcService (ConfUtils.java:logGet(43)) - raft.grpc.flow.control.window = 1MB (=1048576) (default)
2019-07-16 14:32:27,052 INFO  server.RaftServerConfigKeys (ConfUtils.java:logGet(43)) - raft.server.rpc.request.timeout = 3000ms (default)
2019-07-16 14:32:27,054 INFO  server.RaftServerConfigKeys (ConfUtils.java:logGet(43)) - raft.server.storage.dir = [/workdir/hadoop-ozone/integration-test/target/test-dir/MiniOzoneClusterImpl-1f34c511-1d11-4543-b7d5-4b9a7ceebc3e/datanode-1/data/ratis] (custom)
2019-07-16 14:32:27,055 INFO  replication.SimpleContainerDownloader (SimpleContainerDownloader.java:<init>(72)) - Starting container downloader service to copy containers to replicate.
2019-07-16 14:32:27,057 INFO  hdfs.DFSUtil (DFSUtil.java:httpServerTemplateForNNAndJN(1641)) - Starting Web-server for hddsDatanode at: http://0.0.0.0:0
2019-07-16 14:32:27,059 INFO  server.AuthenticationFilter (AuthenticationFilter.java:constructSecretProvider(240)) - Unable to initialize FileSignerSecretProvider, falling back to use random secrets.
2019-07-16 14:32:27,060 WARN  http.HttpRequestLog (HttpRequestLog.java:getRequestLog(97)) - Jetty request log can only be enabled using Log4j
2019-07-16 14:32:27,063 INFO  http.HttpServer2 (HttpServer2.java:addGlobalFilter(975)) - Added global filter 'safety' (class=org.apache.hadoop.http.HttpServer2$QuotingInputFilter)
2019-07-16 14:32:27,064 INFO  http.HttpServer2 (HttpServer2.java:addFilter(948)) - Added filter static_user_filter (class=org.apache.hadoop.http.lib.StaticUserWebFilter$StaticUserFilter) to context hddsDatanode
2019-07-16 14:32:27,065 INFO  http.HttpServer2 (HttpServer2.java:addFilter(958)) - Added filter static_user_filter (class=org.apache.hadoop.http.lib.StaticUserWebFilter$StaticUserFilter) to context logs
2019-07-16 14:32:27,065 INFO  http.HttpServer2 (HttpServer2.java:addFilter(958)) - Added filter static_user_filter (class=org.apache.hadoop.http.lib.StaticUserWebFilter$StaticUserFilter) to context static
2019-07-16 14:32:27,066 INFO  http.HttpServer2 (HttpServer2.java:bindListener(1191)) - Jetty bound to port 37001
2019-07-16 14:32:27,066 INFO  server.Server (Server.java:doStart(351)) - jetty-9.3.24.v20180605, build timestamp: 2018-06-05T17:11:56Z, git hash: 84205aa28f11a4f31f2a3b86d1bba2cc8ab69827
2019-07-16 14:32:27,069 INFO  handler.ContextHandler (ContextHandler.java:doStart(781)) - Started o.e.j.s.ServletContextHandler@28babeca{/logs,file:///workdir/hadoop-ozone/integration-test/target/log,AVAILABLE}
2019-07-16 14:32:27,070 INFO  handler.ContextHandler (ContextHandler.java:doStart(781)) - Started o.e.j.s.ServletContextHandler@168ad26f{/static,jar:file:/home/user/.m2/repository/org/apache/hadoop/hadoop-hdds-container-service/0.4.1-SNAPSHOT/hadoop-hdds-container-service-0.4.1-SNAPSHOT.jar!/webapps/static,AVAILABLE}
2019-07-16 14:32:27,117 INFO  handler.ContextHandler (ContextHandler.java:doStart(781)) - Started o.e.j.w.WebAppContext@385dfb63{/,file:///tmp/jetty-0.0.0.0-37001-hddsDatanode-_-any-1897530958308145039.dir/webapp/,AVAILABLE}{/hddsDatanode}
2019-07-16 14:32:27,121 INFO  server.AbstractConnector (AbstractConnector.java:doStart(278)) - Started ServerConnector@364fd4ae{HTTP/1.1,[http/1.1]}{0.0.0.0:37001}
2019-07-16 14:32:27,122 INFO  server.Server (Server.java:doStart(419)) - Started @5402ms
2019-07-16 14:32:27,123 INFO  server.BaseHttpServer (BaseHttpServer.java:updateConnectorAddress(207)) - HTTP server of HDDSDATANODE is listening at http://0.0.0.0:37001
2019-07-16 14:32:27,159 INFO  datanode.InitDatanodeState (InitDatanodeState.java:persistContainerDatanodeDetails(140)) - DatanodeDetails is persisted to /workdir/hadoop-ozone/integration-test/target/test-dir/MiniOzoneClusterImpl-1f34c511-1d11-4543-b7d5-4b9a7ceebc3e/datanode-0/meta/datanode.id
2019-07-16 14:32:27,266 INFO  ozone.HddsDatanodeService (HddsDatanodeService.java:startPlugins(396)) - Started plug-in org.apache.hadoop.ozone.web.OzoneHddsDatanodeService@2c18a3ea
2019-07-16 14:32:27,267 INFO  impl.MetricsSystemImpl (MetricsSystemImpl.java:init(158)) - HddsDatanode metrics system started (again)
2019-07-16 14:32:27,267 INFO  ozone.HddsDatanodeService (HddsDatanodeService.java:start(185)) - HddsDatanodeService host:byscane-nightly-ppzk5-1864156943 ip:192.168.5.141
2019-07-16 14:32:27,268 INFO  util.JvmPauseMonitor (JvmPauseMonitor.java:run(188)) - Starting JVM pause monitor
2019-07-16 14:32:27,279 INFO  volume.HddsVolume (HddsVolume.java:<init>(176)) - Creating Volume: /workdir/hadoop-ozone/integration-test/target/test-dir/MiniOzoneClusterImpl-1f34c511-1d11-4543-b7d5-4b9a7ceebc3e/datanode-2/data/containers/hdds of  storage type : DISK and capacity : 52710309888
2019-07-16 14:32:27,279 INFO  datanode.InitDatanodeState (InitDatanodeState.java:persistContainerDatanodeDetails(140)) - DatanodeDetails is persisted to /workdir/hadoop-ozone/integration-test/target/test-dir/MiniOzoneClusterImpl-1f34c511-1d11-4543-b7d5-4b9a7ceebc3e/datanode-1/meta/datanode.id
2019-07-16 14:32:27,280 INFO  volume.VolumeSet (VolumeSet.java:initializeVolumeSet(170)) - Added Volume : /workdir/hadoop-ozone/integration-test/target/test-dir/MiniOzoneClusterImpl-1f34c511-1d11-4543-b7d5-4b9a7ceebc3e/datanode-2/data/containers/hdds to VolumeSet
2019-07-16 14:32:27,280 INFO  volume.ThrottledAsyncChecker (ThrottledAsyncChecker.java:schedule(140)) - Scheduling a check for org.apache.hadoop.ozone.container.common.volume.HddsVolume@b0f2d91
2019-07-16 14:32:27,281 INFO  volume.HddsVolumeChecker (HddsVolumeChecker.java:checkAllVolumes(203)) - Scheduled health check for volume org.apache.hadoop.ozone.container.common.volume.HddsVolume@b0f2d91
2019-07-16 14:32:27,300 INFO  impl.RaftServerProxy (ConfUtils.java:logGet(43)) - raft.rpc.type = GRPC (default)
2019-07-16 14:32:27,300 INFO  grpc.GrpcFactory (GrpcFactory.java:checkPooledByteBufAllocatorUseCacheForAllThreads(45)) - PERFORMANCE WARNING: useCacheForAllThreads is true that may cause Netty to create a lot garbage objects and, as a result, trigger GC.
	It is recommended to disable useCacheForAllThreads by setting -Dorg.apache.ratis.thirdparty.io.netty.allocator.useCacheForAllThreads=false in command line.
2019-07-16 14:32:27,300 INFO  grpc.GrpcConfigKeys$Server (ConfUtils.java:logGet(43)) - raft.grpc.server.port = 0 (default)
2019-07-16 14:32:27,301 INFO  server.GrpcService (ConfUtils.java:logGet(43)) - raft.grpc.message.size.max = 33570816 (custom)
2019-07-16 14:32:27,301 INFO  server.RaftServerConfigKeys (ConfUtils.java:logGet(43)) - raft.server.log.appender.buffer.byte-limit = 33554432 (custom)
2019-07-16 14:32:27,301 INFO  server.GrpcService (ConfUtils.java:logGet(43)) - raft.grpc.flow.control.window = 1MB (=1048576) (default)
2019-07-16 14:32:27,301 INFO  server.RaftServerConfigKeys (ConfUtils.java:logGet(43)) - raft.server.rpc.request.timeout = 3000ms (default)
2019-07-16 14:32:27,302 INFO  server.RaftServerConfigKeys (ConfUtils.java:logGet(43)) - raft.server.storage.dir = [/workdir/hadoop-ozone/integration-test/target/test-dir/MiniOzoneClusterImpl-1f34c511-1d11-4543-b7d5-4b9a7ceebc3e/datanode-2/data/ratis] (custom)
2019-07-16 14:32:27,303 INFO  replication.SimpleContainerDownloader (SimpleContainerDownloader.java:<init>(72)) - Starting container downloader service to copy containers to replicate.
2019-07-16 14:32:27,304 INFO  hdfs.DFSUtil (DFSUtil.java:httpServerTemplateForNNAndJN(1641)) - Starting Web-server for hddsDatanode at: http://0.0.0.0:0
2019-07-16 14:32:27,306 INFO  server.AuthenticationFilter (AuthenticationFilter.java:constructSecretProvider(240)) - Unable to initialize FileSignerSecretProvider, falling back to use random secrets.
2019-07-16 14:32:27,307 WARN  http.HttpRequestLog (HttpRequestLog.java:getRequestLog(97)) - Jetty request log can only be enabled using Log4j
2019-07-16 14:32:27,309 INFO  http.HttpServer2 (HttpServer2.java:addGlobalFilter(975)) - Added global filter 'safety' (class=org.apache.hadoop.http.HttpServer2$QuotingInputFilter)
2019-07-16 14:32:27,310 INFO  http.HttpServer2 (HttpServer2.java:addFilter(948)) - Added filter static_user_filter (class=org.apache.hadoop.http.lib.StaticUserWebFilter$StaticUserFilter) to context hddsDatanode
2019-07-16 14:32:27,310 INFO  http.HttpServer2 (HttpServer2.java:addFilter(958)) - Added filter static_user_filter (class=org.apache.hadoop.http.lib.StaticUserWebFilter$StaticUserFilter) to context static
2019-07-16 14:32:27,310 INFO  http.HttpServer2 (HttpServer2.java:addFilter(958)) - Added filter static_user_filter (class=org.apache.hadoop.http.lib.StaticUserWebFilter$StaticUserFilter) to context logs
2019-07-16 14:32:27,311 INFO  http.HttpServer2 (HttpServer2.java:bindListener(1191)) - Jetty bound to port 44529
2019-07-16 14:32:27,311 INFO  server.Server (Server.java:doStart(351)) - jetty-9.3.24.v20180605, build timestamp: 2018-06-05T17:11:56Z, git hash: 84205aa28f11a4f31f2a3b86d1bba2cc8ab69827
2019-07-16 14:32:27,315 INFO  handler.ContextHandler (ContextHandler.java:doStart(781)) - Started o.e.j.s.ServletContextHandler@35eee641{/logs,file:///workdir/hadoop-ozone/integration-test/target/log,AVAILABLE}
2019-07-16 14:32:27,316 INFO  handler.ContextHandler (ContextHandler.java:doStart(781)) - Started o.e.j.s.ServletContextHandler@64518270{/static,jar:file:/home/user/.m2/repository/org/apache/hadoop/hadoop-hdds-container-service/0.4.1-SNAPSHOT/hadoop-hdds-container-service-0.4.1-SNAPSHOT.jar!/webapps/static,AVAILABLE}
2019-07-16 14:32:27,353 INFO  handler.ContextHandler (ContextHandler.java:doStart(781)) - Started o.e.j.w.WebAppContext@65be88ae{/,file:///tmp/jetty-0.0.0.0-44529-hddsDatanode-_-any-2111488554294361336.dir/webapp/,AVAILABLE}{/hddsDatanode}
2019-07-16 14:32:27,354 INFO  server.AbstractConnector (AbstractConnector.java:doStart(278)) - Started ServerConnector@62ade015{HTTP/1.1,[http/1.1]}{0.0.0.0:44529}
2019-07-16 14:32:27,355 INFO  server.Server (Server.java:doStart(419)) - Started @5635ms
2019-07-16 14:32:27,356 INFO  server.BaseHttpServer (BaseHttpServer.java:updateConnectorAddress(207)) - HTTP server of HDDSDATANODE is listening at http://0.0.0.0:44529
2019-07-16 14:32:27,487 INFO  ozone.HddsDatanodeService (HddsDatanodeService.java:startPlugins(396)) - Started plug-in org.apache.hadoop.ozone.web.OzoneHddsDatanodeService@113f9078
2019-07-16 14:32:27,487 INFO  impl.MetricsSystemImpl (MetricsSystemImpl.java:init(158)) - HddsDatanode metrics system started (again)
2019-07-16 14:32:27,488 INFO  ozone.HddsDatanodeService (HddsDatanodeService.java:start(185)) - HddsDatanodeService host:byscane-nightly-ppzk5-1864156943 ip:192.168.5.141
2019-07-16 14:32:27,490 INFO  util.JvmPauseMonitor (JvmPauseMonitor.java:run(188)) - Starting JVM pause monitor
2019-07-16 14:32:27,492 INFO  datanode.InitDatanodeState (InitDatanodeState.java:persistContainerDatanodeDetails(140)) - DatanodeDetails is persisted to /workdir/hadoop-ozone/integration-test/target/test-dir/MiniOzoneClusterImpl-1f34c511-1d11-4543-b7d5-4b9a7ceebc3e/datanode-2/meta/datanode.id
2019-07-16 14:32:27,496 INFO  volume.HddsVolume (HddsVolume.java:<init>(176)) - Creating Volume: /workdir/hadoop-ozone/integration-test/target/test-dir/MiniOzoneClusterImpl-1f34c511-1d11-4543-b7d5-4b9a7ceebc3e/datanode-3/data/containers/hdds of  storage type : DISK and capacity : 52710309888
2019-07-16 14:32:27,497 INFO  volume.VolumeSet (VolumeSet.java:initializeVolumeSet(170)) - Added Volume : /workdir/hadoop-ozone/integration-test/target/test-dir/MiniOzoneClusterImpl-1f34c511-1d11-4543-b7d5-4b9a7ceebc3e/datanode-3/data/containers/hdds to VolumeSet
2019-07-16 14:32:27,497 INFO  volume.ThrottledAsyncChecker (ThrottledAsyncChecker.java:schedule(140)) - Scheduling a check for org.apache.hadoop.ozone.container.common.volume.HddsVolume@2e56b4d
2019-07-16 14:32:27,498 INFO  volume.HddsVolumeChecker (HddsVolumeChecker.java:checkAllVolumes(203)) - Scheduled health check for volume org.apache.hadoop.ozone.container.common.volume.HddsVolume@2e56b4d
2019-07-16 14:32:27,511 INFO  impl.RaftServerProxy (ConfUtils.java:logGet(43)) - raft.rpc.type = GRPC (default)
2019-07-16 14:32:27,511 INFO  grpc.GrpcFactory (GrpcFactory.java:checkPooledByteBufAllocatorUseCacheForAllThreads(45)) - PERFORMANCE WARNING: useCacheForAllThreads is true that may cause Netty to create a lot garbage objects and, as a result, trigger GC.
	It is recommended to disable useCacheForAllThreads by setting -Dorg.apache.ratis.thirdparty.io.netty.allocator.useCacheForAllThreads=false in command line.
2019-07-16 14:32:27,511 INFO  grpc.GrpcConfigKeys$Server (ConfUtils.java:logGet(43)) - raft.grpc.server.port = 0 (default)
2019-07-16 14:32:27,511 INFO  server.GrpcService (ConfUtils.java:logGet(43)) - raft.grpc.message.size.max = 33570816 (custom)
2019-07-16 14:32:27,512 INFO  server.RaftServerConfigKeys (ConfUtils.java:logGet(43)) - raft.server.log.appender.buffer.byte-limit = 33554432 (custom)
2019-07-16 14:32:27,512 INFO  server.GrpcService (ConfUtils.java:logGet(43)) - raft.grpc.flow.control.window = 1MB (=1048576) (default)
2019-07-16 14:32:27,512 INFO  server.RaftServerConfigKeys (ConfUtils.java:logGet(43)) - raft.server.rpc.request.timeout = 3000ms (default)
2019-07-16 14:32:27,512 INFO  server.RaftServerConfigKeys (ConfUtils.java:logGet(43)) - raft.server.storage.dir = [/workdir/hadoop-ozone/integration-test/target/test-dir/MiniOzoneClusterImpl-1f34c511-1d11-4543-b7d5-4b9a7ceebc3e/datanode-3/data/ratis] (custom)
2019-07-16 14:32:27,513 INFO  replication.SimpleContainerDownloader (SimpleContainerDownloader.java:<init>(72)) - Starting container downloader service to copy containers to replicate.
2019-07-16 14:32:27,514 INFO  hdfs.DFSUtil (DFSUtil.java:httpServerTemplateForNNAndJN(1641)) - Starting Web-server for hddsDatanode at: http://0.0.0.0:0
2019-07-16 14:32:27,515 INFO  server.AuthenticationFilter (AuthenticationFilter.java:constructSecretProvider(240)) - Unable to initialize FileSignerSecretProvider, falling back to use random secrets.
2019-07-16 14:32:27,515 WARN  http.HttpRequestLog (HttpRequestLog.java:getRequestLog(97)) - Jetty request log can only be enabled using Log4j
2019-07-16 14:32:27,517 INFO  http.HttpServer2 (HttpServer2.java:addGlobalFilter(975)) - Added global filter 'safety' (class=org.apache.hadoop.http.HttpServer2$QuotingInputFilter)
2019-07-16 14:32:27,517 INFO  http.HttpServer2 (HttpServer2.java:addFilter(948)) - Added filter static_user_filter (class=org.apache.hadoop.http.lib.StaticUserWebFilter$StaticUserFilter) to context hddsDatanode
2019-07-16 14:32:27,517 INFO  http.HttpServer2 (HttpServer2.java:addFilter(958)) - Added filter static_user_filter (class=org.apache.hadoop.http.lib.StaticUserWebFilter$StaticUserFilter) to context logs
2019-07-16 14:32:27,517 INFO  http.HttpServer2 (HttpServer2.java:addFilter(958)) - Added filter static_user_filter (class=org.apache.hadoop.http.lib.StaticUserWebFilter$StaticUserFilter) to context static
2019-07-16 14:32:27,518 INFO  http.HttpServer2 (HttpServer2.java:bindListener(1191)) - Jetty bound to port 44916
2019-07-16 14:32:27,518 INFO  server.Server (Server.java:doStart(351)) - jetty-9.3.24.v20180605, build timestamp: 2018-06-05T17:11:56Z, git hash: 84205aa28f11a4f31f2a3b86d1bba2cc8ab69827
2019-07-16 14:32:27,520 INFO  handler.ContextHandler (ContextHandler.java:doStart(781)) - Started o.e.j.s.ServletContextHandler@4026461d{/logs,file:///workdir/hadoop-ozone/integration-test/target/log,AVAILABLE}
2019-07-16 14:32:27,521 INFO  handler.ContextHandler (ContextHandler.java:doStart(781)) - Started o.e.j.s.ServletContextHandler@7436364d{/static,jar:file:/home/user/.m2/repository/org/apache/hadoop/hadoop-hdds-container-service/0.4.1-SNAPSHOT/hadoop-hdds-container-service-0.4.1-SNAPSHOT.jar!/webapps/static,AVAILABLE}
2019-07-16 14:32:27,546 INFO  handler.ContextHandler (ContextHandler.java:doStart(781)) - Started o.e.j.w.WebAppContext@19827608{/,file:///tmp/jetty-0.0.0.0-44916-hddsDatanode-_-any-6627566187983789393.dir/webapp/,AVAILABLE}{/hddsDatanode}
2019-07-16 14:32:27,548 INFO  server.AbstractConnector (AbstractConnector.java:doStart(278)) - Started ServerConnector@cc9ef8d{HTTP/1.1,[http/1.1]}{0.0.0.0:44916}
2019-07-16 14:32:27,548 INFO  server.Server (Server.java:doStart(419)) - Started @5828ms
2019-07-16 14:32:27,550 INFO  server.BaseHttpServer (BaseHttpServer.java:updateConnectorAddress(207)) - HTTP server of HDDSDATANODE is listening at http://0.0.0.0:44916
2019-07-16 14:32:27,668 INFO  ozone.HddsDatanodeService (HddsDatanodeService.java:startPlugins(396)) - Started plug-in org.apache.hadoop.ozone.web.OzoneHddsDatanodeService@35025a0a
2019-07-16 14:32:27,668 INFO  impl.MetricsSystemImpl (MetricsSystemImpl.java:init(158)) - HddsDatanode metrics system started (again)
2019-07-16 14:32:27,669 INFO  ozone.HddsDatanodeService (HddsDatanodeService.java:start(185)) - HddsDatanodeService host:byscane-nightly-ppzk5-1864156943 ip:192.168.5.141
2019-07-16 14:32:27,671 INFO  util.JvmPauseMonitor (JvmPauseMonitor.java:run(188)) - Starting JVM pause monitor
2019-07-16 14:32:27,674 INFO  datanode.InitDatanodeState (InitDatanodeState.java:persistContainerDatanodeDetails(140)) - DatanodeDetails is persisted to /workdir/hadoop-ozone/integration-test/target/test-dir/MiniOzoneClusterImpl-1f34c511-1d11-4543-b7d5-4b9a7ceebc3e/datanode-3/meta/datanode.id
2019-07-16 14:32:27,677 INFO  volume.HddsVolume (HddsVolume.java:<init>(176)) - Creating Volume: /workdir/hadoop-ozone/integration-test/target/test-dir/MiniOzoneClusterImpl-1f34c511-1d11-4543-b7d5-4b9a7ceebc3e/datanode-4/data/containers/hdds of  storage type : DISK and capacity : 52710309888
2019-07-16 14:32:27,679 INFO  volume.VolumeSet (VolumeSet.java:initializeVolumeSet(170)) - Added Volume : /workdir/hadoop-ozone/integration-test/target/test-dir/MiniOzoneClusterImpl-1f34c511-1d11-4543-b7d5-4b9a7ceebc3e/datanode-4/data/containers/hdds to VolumeSet
2019-07-16 14:32:27,679 INFO  volume.ThrottledAsyncChecker (ThrottledAsyncChecker.java:schedule(140)) - Scheduling a check for org.apache.hadoop.ozone.container.common.volume.HddsVolume@372f0a99
2019-07-16 14:32:27,680 INFO  volume.HddsVolumeChecker (HddsVolumeChecker.java:checkAllVolumes(203)) - Scheduled health check for volume org.apache.hadoop.ozone.container.common.volume.HddsVolume@372f0a99
2019-07-16 14:32:27,693 INFO  impl.RaftServerProxy (ConfUtils.java:logGet(43)) - raft.rpc.type = GRPC (default)
2019-07-16 14:32:27,693 INFO  grpc.GrpcFactory (GrpcFactory.java:checkPooledByteBufAllocatorUseCacheForAllThreads(45)) - PERFORMANCE WARNING: useCacheForAllThreads is true that may cause Netty to create a lot garbage objects and, as a result, trigger GC.
	It is recommended to disable useCacheForAllThreads by setting -Dorg.apache.ratis.thirdparty.io.netty.allocator.useCacheForAllThreads=false in command line.
2019-07-16 14:32:27,693 INFO  grpc.GrpcConfigKeys$Server (ConfUtils.java:logGet(43)) - raft.grpc.server.port = 0 (default)
2019-07-16 14:32:27,694 INFO  server.GrpcService (ConfUtils.java:logGet(43)) - raft.grpc.message.size.max = 33570816 (custom)
2019-07-16 14:32:27,694 INFO  server.RaftServerConfigKeys (ConfUtils.java:logGet(43)) - raft.server.log.appender.buffer.byte-limit = 33554432 (custom)
2019-07-16 14:32:27,694 INFO  server.GrpcService (ConfUtils.java:logGet(43)) - raft.grpc.flow.control.window = 1MB (=1048576) (default)
2019-07-16 14:32:27,694 INFO  server.RaftServerConfigKeys (ConfUtils.java:logGet(43)) - raft.server.rpc.request.timeout = 3000ms (default)
2019-07-16 14:32:27,695 INFO  server.RaftServerConfigKeys (ConfUtils.java:logGet(43)) - raft.server.storage.dir = [/workdir/hadoop-ozone/integration-test/target/test-dir/MiniOzoneClusterImpl-1f34c511-1d11-4543-b7d5-4b9a7ceebc3e/datanode-4/data/ratis] (custom)
2019-07-16 14:32:27,695 INFO  replication.SimpleContainerDownloader (SimpleContainerDownloader.java:<init>(72)) - Starting container downloader service to copy containers to replicate.
2019-07-16 14:32:27,696 INFO  hdfs.DFSUtil (DFSUtil.java:httpServerTemplateForNNAndJN(1641)) - Starting Web-server for hddsDatanode at: http://0.0.0.0:0
2019-07-16 14:32:27,697 INFO  server.AuthenticationFilter (AuthenticationFilter.java:constructSecretProvider(240)) - Unable to initialize FileSignerSecretProvider, falling back to use random secrets.
2019-07-16 14:32:27,698 WARN  http.HttpRequestLog (HttpRequestLog.java:getRequestLog(97)) - Jetty request log can only be enabled using Log4j
2019-07-16 14:32:27,699 INFO  http.HttpServer2 (HttpServer2.java:addGlobalFilter(975)) - Added global filter 'safety' (class=org.apache.hadoop.http.HttpServer2$QuotingInputFilter)
2019-07-16 14:32:27,699 INFO  http.HttpServer2 (HttpServer2.java:addFilter(948)) - Added filter static_user_filter (class=org.apache.hadoop.http.lib.StaticUserWebFilter$StaticUserFilter) to context hddsDatanode
2019-07-16 14:32:27,700 INFO  http.HttpServer2 (HttpServer2.java:addFilter(958)) - Added filter static_user_filter (class=org.apache.hadoop.http.lib.StaticUserWebFilter$StaticUserFilter) to context logs
2019-07-16 14:32:27,700 INFO  http.HttpServer2 (HttpServer2.java:addFilter(958)) - Added filter static_user_filter (class=org.apache.hadoop.http.lib.StaticUserWebFilter$StaticUserFilter) to context static
2019-07-16 14:32:27,700 INFO  http.HttpServer2 (HttpServer2.java:bindListener(1191)) - Jetty bound to port 36611
2019-07-16 14:32:27,700 INFO  server.Server (Server.java:doStart(351)) - jetty-9.3.24.v20180605, build timestamp: 2018-06-05T17:11:56Z, git hash: 84205aa28f11a4f31f2a3b86d1bba2cc8ab69827
2019-07-16 14:32:27,705 INFO  handler.ContextHandler (ContextHandler.java:doStart(781)) - Started o.e.j.s.ServletContextHandler@1bd8afc8{/logs,file:///workdir/hadoop-ozone/integration-test/target/log,AVAILABLE}
2019-07-16 14:32:27,706 INFO  handler.ContextHandler (ContextHandler.java:doStart(781)) - Started o.e.j.s.ServletContextHandler@65da01f4{/static,jar:file:/home/user/.m2/repository/org/apache/hadoop/hadoop-hdds-container-service/0.4.1-SNAPSHOT/hadoop-hdds-container-service-0.4.1-SNAPSHOT.jar!/webapps/static,AVAILABLE}
2019-07-16 14:32:27,731 INFO  handler.ContextHandler (ContextHandler.java:doStart(781)) - Started o.e.j.w.WebAppContext@5fef0c19{/,file:///tmp/jetty-0.0.0.0-36611-hddsDatanode-_-any-9113437593120976142.dir/webapp/,AVAILABLE}{/hddsDatanode}
2019-07-16 14:32:27,732 INFO  server.AbstractConnector (AbstractConnector.java:doStart(278)) - Started ServerConnector@2e6d76ba{HTTP/1.1,[http/1.1]}{0.0.0.0:36611}
2019-07-16 14:32:27,733 INFO  server.Server (Server.java:doStart(419)) - Started @6013ms
2019-07-16 14:32:27,735 INFO  server.BaseHttpServer (BaseHttpServer.java:updateConnectorAddress(207)) - HTTP server of HDDSDATANODE is listening at http://0.0.0.0:36611
2019-07-16 14:32:27,853 INFO  ozone.HddsDatanodeService (HddsDatanodeService.java:startPlugins(396)) - Started plug-in org.apache.hadoop.ozone.web.OzoneHddsDatanodeService@58a3d521
2019-07-16 14:32:27,853 INFO  impl.MetricsSystemImpl (MetricsSystemImpl.java:init(158)) - HddsDatanode metrics system started (again)
2019-07-16 14:32:27,853 INFO  ozone.HddsDatanodeService (HddsDatanodeService.java:start(185)) - HddsDatanodeService host:byscane-nightly-ppzk5-1864156943 ip:192.168.5.141
2019-07-16 14:32:27,856 INFO  util.JvmPauseMonitor (JvmPauseMonitor.java:run(188)) - Starting JVM pause monitor
2019-07-16 14:32:27,859 INFO  datanode.InitDatanodeState (InitDatanodeState.java:persistContainerDatanodeDetails(140)) - DatanodeDetails is persisted to /workdir/hadoop-ozone/integration-test/target/test-dir/MiniOzoneClusterImpl-1f34c511-1d11-4543-b7d5-4b9a7ceebc3e/datanode-4/meta/datanode.id
2019-07-16 14:32:27,862 INFO  volume.HddsVolume (HddsVolume.java:<init>(176)) - Creating Volume: /workdir/hadoop-ozone/integration-test/target/test-dir/MiniOzoneClusterImpl-1f34c511-1d11-4543-b7d5-4b9a7ceebc3e/datanode-5/data/containers/hdds of  storage type : DISK and capacity : 52710309888
2019-07-16 14:32:27,863 INFO  volume.VolumeSet (VolumeSet.java:initializeVolumeSet(170)) - Added Volume : /workdir/hadoop-ozone/integration-test/target/test-dir/MiniOzoneClusterImpl-1f34c511-1d11-4543-b7d5-4b9a7ceebc3e/datanode-5/data/containers/hdds to VolumeSet
2019-07-16 14:32:27,863 INFO  volume.ThrottledAsyncChecker (ThrottledAsyncChecker.java:schedule(140)) - Scheduling a check for org.apache.hadoop.ozone.container.common.volume.HddsVolume@70d4f672
2019-07-16 14:32:27,863 INFO  volume.HddsVolumeChecker (HddsVolumeChecker.java:checkAllVolumes(203)) - Scheduled health check for volume org.apache.hadoop.ozone.container.common.volume.HddsVolume@70d4f672
2019-07-16 14:32:27,877 INFO  impl.RaftServerProxy (ConfUtils.java:logGet(43)) - raft.rpc.type = GRPC (default)
2019-07-16 14:32:27,878 INFO  grpc.GrpcFactory (GrpcFactory.java:checkPooledByteBufAllocatorUseCacheForAllThreads(45)) - PERFORMANCE WARNING: useCacheForAllThreads is true that may cause Netty to create a lot garbage objects and, as a result, trigger GC.
	It is recommended to disable useCacheForAllThreads by setting -Dorg.apache.ratis.thirdparty.io.netty.allocator.useCacheForAllThreads=false in command line.
2019-07-16 14:32:27,878 INFO  grpc.GrpcConfigKeys$Server (ConfUtils.java:logGet(43)) - raft.grpc.server.port = 0 (default)
2019-07-16 14:32:27,878 INFO  server.GrpcService (ConfUtils.java:logGet(43)) - raft.grpc.message.size.max = 33570816 (custom)
2019-07-16 14:32:27,878 INFO  server.RaftServerConfigKeys (ConfUtils.java:logGet(43)) - raft.server.log.appender.buffer.byte-limit = 33554432 (custom)
2019-07-16 14:32:27,878 INFO  server.GrpcService (ConfUtils.java:logGet(43)) - raft.grpc.flow.control.window = 1MB (=1048576) (default)
2019-07-16 14:32:27,879 INFO  server.RaftServerConfigKeys (ConfUtils.java:logGet(43)) - raft.server.rpc.request.timeout = 3000ms (default)
2019-07-16 14:32:27,879 INFO  server.RaftServerConfigKeys (ConfUtils.java:logGet(43)) - raft.server.storage.dir = [/workdir/hadoop-ozone/integration-test/target/test-dir/MiniOzoneClusterImpl-1f34c511-1d11-4543-b7d5-4b9a7ceebc3e/datanode-5/data/ratis] (custom)
2019-07-16 14:32:27,880 INFO  replication.SimpleContainerDownloader (SimpleContainerDownloader.java:<init>(72)) - Starting container downloader service to copy containers to replicate.
2019-07-16 14:32:27,881 INFO  hdfs.DFSUtil (DFSUtil.java:httpServerTemplateForNNAndJN(1641)) - Starting Web-server for hddsDatanode at: http://0.0.0.0:0
2019-07-16 14:32:27,882 INFO  server.AuthenticationFilter (AuthenticationFilter.java:constructSecretProvider(240)) - Unable to initialize FileSignerSecretProvider, falling back to use random secrets.
2019-07-16 14:32:27,882 WARN  http.HttpRequestLog (HttpRequestLog.java:getRequestLog(97)) - Jetty request log can only be enabled using Log4j
2019-07-16 14:32:27,883 INFO  http.HttpServer2 (HttpServer2.java:addGlobalFilter(975)) - Added global filter 'safety' (class=org.apache.hadoop.http.HttpServer2$QuotingInputFilter)
2019-07-16 14:32:27,884 INFO  http.HttpServer2 (HttpServer2.java:addFilter(948)) - Added filter static_user_filter (class=org.apache.hadoop.http.lib.StaticUserWebFilter$StaticUserFilter) to context hddsDatanode
2019-07-16 14:32:27,884 INFO  http.HttpServer2 (HttpServer2.java:addFilter(958)) - Added filter static_user_filter (class=org.apache.hadoop.http.lib.StaticUserWebFilter$StaticUserFilter) to context logs
2019-07-16 14:32:27,884 INFO  http.HttpServer2 (HttpServer2.java:addFilter(958)) - Added filter static_user_filter (class=org.apache.hadoop.http.lib.StaticUserWebFilter$StaticUserFilter) to context static
2019-07-16 14:32:27,885 INFO  http.HttpServer2 (HttpServer2.java:bindListener(1191)) - Jetty bound to port 43877
2019-07-16 14:32:27,885 INFO  server.Server (Server.java:doStart(351)) - jetty-9.3.24.v20180605, build timestamp: 2018-06-05T17:11:56Z, git hash: 84205aa28f11a4f31f2a3b86d1bba2cc8ab69827
2019-07-16 14:32:27,888 INFO  handler.ContextHandler (ContextHandler.java:doStart(781)) - Started o.e.j.s.ServletContextHandler@5fdd97c1{/logs,file:///workdir/hadoop-ozone/integration-test/target/log,AVAILABLE}
2019-07-16 14:32:27,888 INFO  handler.ContextHandler (ContextHandler.java:doStart(781)) - Started o.e.j.s.ServletContextHandler@15d236fd{/static,jar:file:/home/user/.m2/repository/org/apache/hadoop/hadoop-hdds-container-service/0.4.1-SNAPSHOT/hadoop-hdds-container-service-0.4.1-SNAPSHOT.jar!/webapps/static,AVAILABLE}
2019-07-16 14:32:27,930 INFO  handler.ContextHandler (ContextHandler.java:doStart(781)) - Started o.e.j.w.WebAppContext@2d4a3e13{/,file:///tmp/jetty-0.0.0.0-43877-hddsDatanode-_-any-414368880814377652.dir/webapp/,AVAILABLE}{/hddsDatanode}
2019-07-16 14:32:27,931 INFO  server.AbstractConnector (AbstractConnector.java:doStart(278)) - Started ServerConnector@4a22e4d7{HTTP/1.1,[http/1.1]}{0.0.0.0:43877}
2019-07-16 14:32:27,932 INFO  server.Server (Server.java:doStart(419)) - Started @6212ms
2019-07-16 14:32:27,933 INFO  server.BaseHttpServer (BaseHttpServer.java:updateConnectorAddress(207)) - HTTP server of HDDSDATANODE is listening at http://0.0.0.0:43877
2019-07-16 14:32:28,062 INFO  ozone.HddsDatanodeService (HddsDatanodeService.java:startPlugins(396)) - Started plug-in org.apache.hadoop.ozone.web.OzoneHddsDatanodeService@70f148dc
2019-07-16 14:32:28,063 INFO  impl.MetricsSystemImpl (MetricsSystemImpl.java:init(158)) - HddsDatanode metrics system started (again)
2019-07-16 14:32:28,063 INFO  ozone.HddsDatanodeService (HddsDatanodeService.java:start(185)) - HddsDatanodeService host:byscane-nightly-ppzk5-1864156943 ip:192.168.5.141
2019-07-16 14:32:28,064 INFO  util.JvmPauseMonitor (JvmPauseMonitor.java:run(188)) - Starting JVM pause monitor
2019-07-16 14:32:28,067 INFO  datanode.InitDatanodeState (InitDatanodeState.java:persistContainerDatanodeDetails(140)) - DatanodeDetails is persisted to /workdir/hadoop-ozone/integration-test/target/test-dir/MiniOzoneClusterImpl-1f34c511-1d11-4543-b7d5-4b9a7ceebc3e/datanode-5/meta/datanode.id
2019-07-16 14:32:28,070 INFO  volume.HddsVolume (HddsVolume.java:<init>(176)) - Creating Volume: /workdir/hadoop-ozone/integration-test/target/test-dir/MiniOzoneClusterImpl-1f34c511-1d11-4543-b7d5-4b9a7ceebc3e/datanode-6/data/containers/hdds of  storage type : DISK and capacity : 52710309888
2019-07-16 14:32:28,071 INFO  volume.VolumeSet (VolumeSet.java:initializeVolumeSet(170)) - Added Volume : /workdir/hadoop-ozone/integration-test/target/test-dir/MiniOzoneClusterImpl-1f34c511-1d11-4543-b7d5-4b9a7ceebc3e/datanode-6/data/containers/hdds to VolumeSet
2019-07-16 14:32:28,071 INFO  volume.ThrottledAsyncChecker (ThrottledAsyncChecker.java:schedule(140)) - Scheduling a check for org.apache.hadoop.ozone.container.common.volume.HddsVolume@1537e43
2019-07-16 14:32:28,071 INFO  volume.HddsVolumeChecker (HddsVolumeChecker.java:checkAllVolumes(203)) - Scheduled health check for volume org.apache.hadoop.ozone.container.common.volume.HddsVolume@1537e43
2019-07-16 14:32:28,084 INFO  impl.RaftServerProxy (ConfUtils.java:logGet(43)) - raft.rpc.type = GRPC (default)
2019-07-16 14:32:28,084 INFO  grpc.GrpcFactory (GrpcFactory.java:checkPooledByteBufAllocatorUseCacheForAllThreads(45)) - PERFORMANCE WARNING: useCacheForAllThreads is true that may cause Netty to create a lot garbage objects and, as a result, trigger GC.
	It is recommended to disable useCacheForAllThreads by setting -Dorg.apache.ratis.thirdparty.io.netty.allocator.useCacheForAllThreads=false in command line.
2019-07-16 14:32:28,084 INFO  grpc.GrpcConfigKeys$Server (ConfUtils.java:logGet(43)) - raft.grpc.server.port = 0 (default)
2019-07-16 14:32:28,084 INFO  server.GrpcService (ConfUtils.java:logGet(43)) - raft.grpc.message.size.max = 33570816 (custom)
2019-07-16 14:32:28,084 INFO  server.RaftServerConfigKeys (ConfUtils.java:logGet(43)) - raft.server.log.appender.buffer.byte-limit = 33554432 (custom)
2019-07-16 14:32:28,085 INFO  server.GrpcService (ConfUtils.java:logGet(43)) - raft.grpc.flow.control.window = 1MB (=1048576) (default)
2019-07-16 14:32:28,085 INFO  server.RaftServerConfigKeys (ConfUtils.java:logGet(43)) - raft.server.rpc.request.timeout = 3000ms (default)
2019-07-16 14:32:28,085 INFO  server.RaftServerConfigKeys (ConfUtils.java:logGet(43)) - raft.server.storage.dir = [/workdir/hadoop-ozone/integration-test/target/test-dir/MiniOzoneClusterImpl-1f34c511-1d11-4543-b7d5-4b9a7ceebc3e/datanode-6/data/ratis] (custom)
2019-07-16 14:32:28,086 INFO  replication.SimpleContainerDownloader (SimpleContainerDownloader.java:<init>(72)) - Starting container downloader service to copy containers to replicate.
2019-07-16 14:32:28,087 INFO  hdfs.DFSUtil (DFSUtil.java:httpServerTemplateForNNAndJN(1641)) - Starting Web-server for hddsDatanode at: http://0.0.0.0:0
2019-07-16 14:32:28,088 INFO  server.AuthenticationFilter (AuthenticationFilter.java:constructSecretProvider(240)) - Unable to initialize FileSignerSecretProvider, falling back to use random secrets.
2019-07-16 14:32:28,088 WARN  http.HttpRequestLog (HttpRequestLog.java:getRequestLog(97)) - Jetty request log can only be enabled using Log4j
2019-07-16 14:32:28,090 INFO  http.HttpServer2 (HttpServer2.java:addGlobalFilter(975)) - Added global filter 'safety' (class=org.apache.hadoop.http.HttpServer2$QuotingInputFilter)
2019-07-16 14:32:28,090 INFO  http.HttpServer2 (HttpServer2.java:addFilter(948)) - Added filter static_user_filter (class=org.apache.hadoop.http.lib.StaticUserWebFilter$StaticUserFilter) to context hddsDatanode
2019-07-16 14:32:28,090 INFO  http.HttpServer2 (HttpServer2.java:addFilter(958)) - Added filter static_user_filter (class=org.apache.hadoop.http.lib.StaticUserWebFilter$StaticUserFilter) to context logs
2019-07-16 14:32:28,090 INFO  http.HttpServer2 (HttpServer2.java:addFilter(958)) - Added filter static_user_filter (class=org.apache.hadoop.http.lib.StaticUserWebFilter$StaticUserFilter) to context static
2019-07-16 14:32:28,091 INFO  http.HttpServer2 (HttpServer2.java:bindListener(1191)) - Jetty bound to port 42687
2019-07-16 14:32:28,091 INFO  server.Server (Server.java:doStart(351)) - jetty-9.3.24.v20180605, build timestamp: 2018-06-05T17:11:56Z, git hash: 84205aa28f11a4f31f2a3b86d1bba2cc8ab69827
2019-07-16 14:32:28,135 INFO  handler.ContextHandler (ContextHandler.java:doStart(781)) - Started o.e.j.s.ServletContextHandler@7d25913{/logs,file:///workdir/hadoop-ozone/integration-test/target/log,AVAILABLE}
2019-07-16 14:32:28,136 INFO  handler.ContextHandler (ContextHandler.java:doStart(781)) - Started o.e.j.s.ServletContextHandler@16f15ae9{/static,jar:file:/home/user/.m2/repository/org/apache/hadoop/hadoop-hdds-container-service/0.4.1-SNAPSHOT/hadoop-hdds-container-service-0.4.1-SNAPSHOT.jar!/webapps/static,AVAILABLE}
2019-07-16 14:32:28,201 INFO  handler.ContextHandler (ContextHandler.java:doStart(781)) - Started o.e.j.w.WebAppContext@45d4421d{/,file:///tmp/jetty-0.0.0.0-42687-hddsDatanode-_-any-4116911671566453438.dir/webapp/,AVAILABLE}{/hddsDatanode}
2019-07-16 14:32:28,202 INFO  server.AbstractConnector (AbstractConnector.java:doStart(278)) - Started ServerConnector@782fd504{HTTP/1.1,[http/1.1]}{0.0.0.0:42687}
2019-07-16 14:32:28,203 INFO  server.Server (Server.java:doStart(419)) - Started @6483ms
2019-07-16 14:32:28,204 INFO  server.BaseHttpServer (BaseHttpServer.java:updateConnectorAddress(207)) - HTTP server of HDDSDATANODE is listening at http://0.0.0.0:42687
2019-07-16 14:32:28,318 INFO  ozone.HddsDatanodeService (HddsDatanodeService.java:startPlugins(396)) - Started plug-in org.apache.hadoop.ozone.web.OzoneHddsDatanodeService@270d5060
2019-07-16 14:32:28,319 INFO  ozone.MiniOzoneClusterImpl (MiniOzoneClusterImpl.java:lambda$waitForClusterToBeReady$0(142)) - Waiting for cluster to be ready. Got 0 of 7 DN Heartbeats.
2019-07-16 14:32:28,320 INFO  util.JvmPauseMonitor (JvmPauseMonitor.java:run(188)) - Starting JVM pause monitor
2019-07-16 14:32:28,323 INFO  datanode.InitDatanodeState (InitDatanodeState.java:persistContainerDatanodeDetails(140)) - DatanodeDetails is persisted to /workdir/hadoop-ozone/integration-test/target/test-dir/MiniOzoneClusterImpl-1f34c511-1d11-4543-b7d5-4b9a7ceebc3e/datanode-6/meta/datanode.id
2019-07-16 14:32:29,183 INFO  ozoneimpl.OzoneContainer (OzoneContainer.java:start(186)) - Attempting to start container services.
2019-07-16 14:32:29,184 INFO  ozoneimpl.OzoneContainer (OzoneContainer.java:startContainerScrub(160)) - Background container scrubber has been disabled by hdds.containerscrub.enabled
2019-07-16 14:32:29,184 INFO  ratis.XceiverServerRatis (XceiverServerRatis.java:start(418)) - Starting XceiverServerRatis 36f2587b-910c-42a5-a774-eb59e4ea961e at port 0
2019-07-16 14:32:29,203 INFO  impl.RaftServerProxy (RaftServerProxy.java:lambda$start$3(299)) - 36f2587b-910c-42a5-a774-eb59e4ea961e: start RPC server
2019-07-16 14:32:29,278 INFO  ozoneimpl.OzoneContainer (OzoneContainer.java:start(186)) - Attempting to start container services.
2019-07-16 14:32:29,280 INFO  ozoneimpl.OzoneContainer (OzoneContainer.java:startContainerScrub(160)) - Background container scrubber has been disabled by hdds.containerscrub.enabled
2019-07-16 14:32:29,280 INFO  ratis.XceiverServerRatis (XceiverServerRatis.java:start(418)) - Starting XceiverServerRatis 5049a06b-eba5-42a5-bf64-e1d68a7991ea at port 0
2019-07-16 14:32:29,287 INFO  impl.RaftServerProxy (RaftServerProxy.java:lambda$start$3(299)) - 5049a06b-eba5-42a5-bf64-e1d68a7991ea: start RPC server
2019-07-16 14:32:29,320 INFO  ozone.MiniOzoneClusterImpl (MiniOzoneClusterImpl.java:lambda$waitForClusterToBeReady$0(142)) - Waiting for cluster to be ready. Got 0 of 7 DN Heartbeats.
2019-07-16 14:32:29,325 INFO  server.GrpcService (GrpcService.java:startImpl(149)) - 36f2587b-910c-42a5-a774-eb59e4ea961e: GrpcService started, listening on 0.0.0.0/0.0.0.0:33908
2019-07-16 14:32:29,325 INFO  server.GrpcService (GrpcService.java:startImpl(149)) - 5049a06b-eba5-42a5-bf64-e1d68a7991ea: GrpcService started, listening on 0.0.0.0/0.0.0.0:32941
2019-07-16 14:32:29,326 INFO  ratis.XceiverServerRatis (XceiverServerRatis.java:start(428)) - XceiverServerRatis 36f2587b-910c-42a5-a774-eb59e4ea961e is started using port 33908
2019-07-16 14:32:29,326 INFO  ratis.XceiverServerRatis (XceiverServerRatis.java:start(428)) - XceiverServerRatis 5049a06b-eba5-42a5-bf64-e1d68a7991ea is started using port 32941
2019-07-16 14:32:29,330 INFO  server.XceiverServerGrpc (XceiverServerGrpc.java:start(160)) - XceiverServerGrpc 36f2587b-910c-42a5-a774-eb59e4ea961e is started using port 37541
2019-07-16 14:32:29,330 INFO  server.XceiverServerGrpc (XceiverServerGrpc.java:start(160)) - XceiverServerGrpc 5049a06b-eba5-42a5-bf64-e1d68a7991ea is started using port 46281
2019-07-16 14:32:29,507 INFO  ozoneimpl.OzoneContainer (OzoneContainer.java:start(186)) - Attempting to start container services.
2019-07-16 14:32:29,509 INFO  ozoneimpl.OzoneContainer (OzoneContainer.java:startContainerScrub(160)) - Background container scrubber has been disabled by hdds.containerscrub.enabled
2019-07-16 14:32:29,509 INFO  ratis.XceiverServerRatis (XceiverServerRatis.java:start(418)) - Starting XceiverServerRatis 3390190e-0202-4c2c-b249-cb982879fc90 at port 0
2019-07-16 14:32:29,516 INFO  impl.RaftServerProxy (RaftServerProxy.java:lambda$start$3(299)) - 3390190e-0202-4c2c-b249-cb982879fc90: start RPC server
2019-07-16 14:32:29,519 INFO  server.GrpcService (GrpcService.java:startImpl(149)) - 3390190e-0202-4c2c-b249-cb982879fc90: GrpcService started, listening on 0.0.0.0/0.0.0.0:45249
2019-07-16 14:32:29,519 INFO  ratis.XceiverServerRatis (XceiverServerRatis.java:start(428)) - XceiverServerRatis 3390190e-0202-4c2c-b249-cb982879fc90 is started using port 45249
2019-07-16 14:32:29,521 INFO  server.XceiverServerGrpc (XceiverServerGrpc.java:start(160)) - XceiverServerGrpc 3390190e-0202-4c2c-b249-cb982879fc90 is started using port 42823
2019-07-16 14:32:29,679 INFO  ozoneimpl.OzoneContainer (OzoneContainer.java:start(186)) - Attempting to start container services.
2019-07-16 14:32:29,683 INFO  ozoneimpl.OzoneContainer (OzoneContainer.java:startContainerScrub(160)) - Background container scrubber has been disabled by hdds.containerscrub.enabled
2019-07-16 14:32:29,683 INFO  ratis.XceiverServerRatis (XceiverServerRatis.java:start(418)) - Starting XceiverServerRatis e19d2b87-01d6-43bb-9cd5-2cfb86789cab at port 0
2019-07-16 14:32:29,691 INFO  impl.RaftServerProxy (RaftServerProxy.java:lambda$start$3(299)) - e19d2b87-01d6-43bb-9cd5-2cfb86789cab: start RPC server
2019-07-16 14:32:29,695 INFO  server.GrpcService (GrpcService.java:startImpl(149)) - e19d2b87-01d6-43bb-9cd5-2cfb86789cab: GrpcService started, listening on 0.0.0.0/0.0.0.0:34235
2019-07-16 14:32:29,696 INFO  ratis.XceiverServerRatis (XceiverServerRatis.java:start(428)) - XceiverServerRatis e19d2b87-01d6-43bb-9cd5-2cfb86789cab is started using port 34235
2019-07-16 14:32:29,700 INFO  server.XceiverServerGrpc (XceiverServerGrpc.java:start(160)) - XceiverServerGrpc e19d2b87-01d6-43bb-9cd5-2cfb86789cab is started using port 34014
2019-07-16 14:32:29,864 INFO  ozoneimpl.OzoneContainer (OzoneContainer.java:start(186)) - Attempting to start container services.
2019-07-16 14:32:29,867 INFO  ozoneimpl.OzoneContainer (OzoneContainer.java:startContainerScrub(160)) - Background container scrubber has been disabled by hdds.containerscrub.enabled
2019-07-16 14:32:29,868 INFO  ratis.XceiverServerRatis (XceiverServerRatis.java:start(418)) - Starting XceiverServerRatis 7fa95842-6e55-4142-b267-1c1e9b428abe at port 0
2019-07-16 14:32:29,875 INFO  impl.RaftServerProxy (RaftServerProxy.java:lambda$start$3(299)) - 7fa95842-6e55-4142-b267-1c1e9b428abe: start RPC server
2019-07-16 14:32:29,878 INFO  server.GrpcService (GrpcService.java:startImpl(149)) - 7fa95842-6e55-4142-b267-1c1e9b428abe: GrpcService started, listening on 0.0.0.0/0.0.0.0:33124
2019-07-16 14:32:29,879 INFO  ratis.XceiverServerRatis (XceiverServerRatis.java:start(428)) - XceiverServerRatis 7fa95842-6e55-4142-b267-1c1e9b428abe is started using port 33124
2019-07-16 14:32:29,882 INFO  server.XceiverServerGrpc (XceiverServerGrpc.java:start(160)) - XceiverServerGrpc 7fa95842-6e55-4142-b267-1c1e9b428abe is started using port 44766
2019-07-16 14:32:30,081 INFO  ozoneimpl.OzoneContainer (OzoneContainer.java:start(186)) - Attempting to start container services.
2019-07-16 14:32:30,084 INFO  ozoneimpl.OzoneContainer (OzoneContainer.java:startContainerScrub(160)) - Background container scrubber has been disabled by hdds.containerscrub.enabled
2019-07-16 14:32:30,084 INFO  ratis.XceiverServerRatis (XceiverServerRatis.java:start(418)) - Starting XceiverServerRatis 3994e812-3b47-4c21-bbff-59c8cf50b976 at port 0
2019-07-16 14:32:30,093 INFO  impl.RaftServerProxy (RaftServerProxy.java:lambda$start$3(299)) - 3994e812-3b47-4c21-bbff-59c8cf50b976: start RPC server
2019-07-16 14:32:30,097 INFO  server.GrpcService (GrpcService.java:startImpl(149)) - 3994e812-3b47-4c21-bbff-59c8cf50b976: GrpcService started, listening on 0.0.0.0/0.0.0.0:41861
2019-07-16 14:32:30,097 INFO  ratis.XceiverServerRatis (XceiverServerRatis.java:start(428)) - XceiverServerRatis 3994e812-3b47-4c21-bbff-59c8cf50b976 is started using port 41861
2019-07-16 14:32:30,101 INFO  server.XceiverServerGrpc (XceiverServerGrpc.java:start(160)) - XceiverServerGrpc 3994e812-3b47-4c21-bbff-59c8cf50b976 is started using port 44608
2019-07-16 14:32:30,320 INFO  ozone.MiniOzoneClusterImpl (MiniOzoneClusterImpl.java:lambda$waitForClusterToBeReady$0(142)) - Waiting for cluster to be ready. Got 0 of 7 DN Heartbeats.
2019-07-16 14:32:30,329 INFO  ozoneimpl.OzoneContainer (OzoneContainer.java:start(186)) - Attempting to start container services.
2019-07-16 14:32:30,333 INFO  ozoneimpl.OzoneContainer (OzoneContainer.java:startContainerScrub(160)) - Background container scrubber has been disabled by hdds.containerscrub.enabled
2019-07-16 14:32:30,333 INFO  ratis.XceiverServerRatis (XceiverServerRatis.java:start(418)) - Starting XceiverServerRatis 620ac3e3-0d81-489c-8d7f-dcf211d1795a at port 0
2019-07-16 14:32:30,340 INFO  impl.RaftServerProxy (RaftServerProxy.java:lambda$start$3(299)) - 620ac3e3-0d81-489c-8d7f-dcf211d1795a: start RPC server
2019-07-16 14:32:30,344 INFO  server.GrpcService (GrpcService.java:startImpl(149)) - 620ac3e3-0d81-489c-8d7f-dcf211d1795a: GrpcService started, listening on 0.0.0.0/0.0.0.0:46612
2019-07-16 14:32:30,344 INFO  ratis.XceiverServerRatis (XceiverServerRatis.java:start(428)) - XceiverServerRatis 620ac3e3-0d81-489c-8d7f-dcf211d1795a is started using port 46612
2019-07-16 14:32:30,348 INFO  server.XceiverServerGrpc (XceiverServerGrpc.java:start(160)) - XceiverServerGrpc 620ac3e3-0d81-489c-8d7f-dcf211d1795a is started using port 43477
2019-07-16 14:32:31,076 INFO  net.NetworkTopology (NetworkTopologyImpl.java:add(109)) - Added a new node: /default-rack/192.168.5.141
2019-07-16 14:32:31,076 INFO  node.SCMNodeManager (SCMNodeManager.java:register(268)) - Registered Data node : 36f2587b-910c-42a5-a774-eb59e4ea961e{ip: 192.168.5.141, host: byscane-nightly-ppzk5-1864156943, networkLocation: /default-rack, certSerialId: null}
2019-07-16 14:32:31,082 INFO  safemode.SCMSafeModeManager (DataNodeSafeModeRule.java:process(71)) - SCM in safe mode. 1 DataNodes registered, 1 required.
2019-07-16 14:32:31,082 INFO  safemode.SCMSafeModeManager (SCMSafeModeManager.java:validateSafeModeExitRules(177)) - ScmSafeModeManager, all rules are successfully validated
2019-07-16 14:32:31,082 INFO  safemode.SCMSafeModeManager (SCMSafeModeManager.java:exitSafeMode(193)) - SCM exiting safe mode.
2019-07-16 14:32:31,273 INFO  node.SCMNodeManager (SCMNodeManager.java:register(268)) - Registered Data node : 5049a06b-eba5-42a5-bf64-e1d68a7991ea{ip: 192.168.5.141, host: byscane-nightly-ppzk5-1864156943, networkLocation: /default-rack, certSerialId: null}
2019-07-16 14:32:31,321 INFO  ozone.MiniOzoneClusterImpl (MiniOzoneClusterImpl.java:lambda$waitForClusterToBeReady$0(142)) - Waiting for cluster to be ready. Got 2 of 7 DN Heartbeats.
2019-07-16 14:32:31,494 INFO  node.SCMNodeManager (SCMNodeManager.java:register(268)) - Registered Data node : 3390190e-0202-4c2c-b249-cb982879fc90{ip: 192.168.5.141, host: byscane-nightly-ppzk5-1864156943, networkLocation: /default-rack, certSerialId: null}
2019-07-16 14:32:31,980 INFO  node.SCMNodeManager (SCMNodeManager.java:register(268)) - Registered Data node : 7fa95842-6e55-4142-b267-1c1e9b428abe{ip: 192.168.5.141, host: byscane-nightly-ppzk5-1864156943, networkLocation: /default-rack, certSerialId: null}
2019-07-16 14:32:31,982 INFO  node.SCMNodeManager (SCMNodeManager.java:register(268)) - Registered Data node : e19d2b87-01d6-43bb-9cd5-2cfb86789cab{ip: 192.168.5.141, host: byscane-nightly-ppzk5-1864156943, networkLocation: /default-rack, certSerialId: null}
2019-07-16 14:32:32,008 INFO  impl.RaftServerProxy (RaftServerProxy.java:addNew(89)) - 36f2587b-910c-42a5-a774-eb59e4ea961e: addNew group-AE7F6C0B0426:[36f2587b-910c-42a5-a774-eb59e4ea961e:192.168.5.141:33908] returns group-AE7F6C0B0426:java.util.concurrent.CompletableFuture@47c2a833[Not completed]
2019-07-16 14:32:32,023 INFO  impl.RaftServerImpl (RaftServerImpl.java:<init>(93)) - 36f2587b-910c-42a5-a774-eb59e4ea961e: new RaftServerImpl for group-AE7F6C0B0426:[36f2587b-910c-42a5-a774-eb59e4ea961e:192.168.5.141:33908] with ContainerStateMachine:uninitialized
2019-07-16 14:32:32,026 INFO  server.RaftServerConfigKeys (ConfUtils.java:logGet(43)) - raft.server.rpc.timeout.min = 5s (custom)
2019-07-16 14:32:32,026 INFO  server.RaftServerConfigKeys (ConfUtils.java:logGet(43)) - raft.server.rpc.timeout.max = 5200ms (custom)
2019-07-16 14:32:32,027 INFO  server.RaftServerConfigKeys (ConfUtils.java:logGet(43)) - raft.server.rpcslowness.timeout = 120s (custom)
2019-07-16 14:32:32,029 INFO  server.RaftServerConfigKeys (ConfUtils.java:logGet(43)) - raft.server.sleep.deviation.threshold = 300 (default)
2019-07-16 14:32:32,030 INFO  server.RaftServerConfigKeys (ConfUtils.java:logGet(43)) - raft.server.log.appender.install.snapshot.enabled = false (custom)
2019-07-16 14:32:32,039 INFO  impl.RaftServerImpl (ServerState.java:<init>(105)) - 36f2587b-910c-42a5-a774-eb59e4ea961e:group-AE7F6C0B0426 ConfigurationManager, init=-1: [36f2587b-910c-42a5-a774-eb59e4ea961e:192.168.5.141:33908], old=null, confs=<EMPTY_MAP>
2019-07-16 14:32:32,040 INFO  server.RaftServerConfigKeys (ConfUtils.java:logGet(43)) - raft.server.storage.dir = [/workdir/hadoop-ozone/integration-test/target/test-dir/MiniOzoneClusterImpl-1f34c511-1d11-4543-b7d5-4b9a7ceebc3e/datanode-0/data/ratis] (custom)
2019-07-16 14:32:32,049 INFO  storage.RaftStorageDirectory (RaftStorageDirectory.java:analyzeStorage(246)) - The storage directory /workdir/hadoop-ozone/integration-test/target/test-dir/MiniOzoneClusterImpl-1f34c511-1d11-4543-b7d5-4b9a7ceebc3e/datanode-0/data/ratis/76bf9818-3be9-414a-ba28-ae7f6c0b0426 does not exist. Creating ...
2019-07-16 14:32:32,059 INFO  storage.RaftStorageDirectory (RaftStorageDirectory.java:tryLock(328)) - Lock on /workdir/hadoop-ozone/integration-test/target/test-dir/MiniOzoneClusterImpl-1f34c511-1d11-4543-b7d5-4b9a7ceebc3e/datanode-0/data/ratis/76bf9818-3be9-414a-ba28-ae7f6c0b0426/in_use.lock acquired by nodename 16881@byscane-nightly-ppzk5-1864156943
2019-07-16 14:32:32,064 INFO  storage.RaftStorage (RaftStorage.java:format(72)) - Storage directory /workdir/hadoop-ozone/integration-test/target/test-dir/MiniOzoneClusterImpl-1f34c511-1d11-4543-b7d5-4b9a7ceebc3e/datanode-0/data/ratis/76bf9818-3be9-414a-ba28-ae7f6c0b0426 has been successfully formatted.
2019-07-16 14:32:32,068 INFO  node.SCMNodeManager (SCMNodeManager.java:register(268)) - Registered Data node : 3994e812-3b47-4c21-bbff-59c8cf50b976{ip: 192.168.5.141, host: byscane-nightly-ppzk5-1864156943, networkLocation: /default-rack, certSerialId: null}
2019-07-16 14:32:32,069 INFO  ratis.ContainerStateMachine (ContainerStateMachine.java:loadSnapshot(199)) - group-AE7F6C0B0426: The snapshot info is null. Setting the last applied indexto:(t:0, i:~)
2019-07-16 14:32:32,069 INFO  server.RaftServerConfigKeys (ConfUtils.java:logGet(43)) - raft.server.leader.election.timeout = 120s (custom)
2019-07-16 14:32:32,072 INFO  server.RaftServerConfigKeys (ConfUtils.java:logGet(43)) - raft.server.log.use.memory = false (default)
2019-07-16 14:32:32,077 INFO  server.RaftServerConfigKeys (ConfUtils.java:logGet(43)) - raft.server.log.purge.gap = 1000000000 (custom)
2019-07-16 14:32:32,077 INFO  server.RaftServerConfigKeys (ConfUtils.java:logGet(43)) - raft.server.log.appender.buffer.byte-limit = 33554432 (custom)
2019-07-16 14:32:32,079 INFO  server.RaftServerConfigKeys (ConfUtils.java:logGet(43)) - raft.server.log.segment.size.max = 1048576 (custom)
2019-07-16 14:32:32,084 INFO  server.RaftServerConfigKeys (ConfUtils.java:logGet(43)) - raft.server.log.segment.cache.num.max = 2 (custom)
2019-07-16 14:32:32,089 INFO  segmented.SegmentedRaftLogWorker (SegmentedRaftLogWorker.java:<init>(172)) - new 36f2587b-910c-42a5-a774-eb59e4ea961e-SegmentedRaftLogWorker:Storage Directory /workdir/hadoop-ozone/integration-test/target/test-dir/MiniOzoneClusterImpl-1f34c511-1d11-4543-b7d5-4b9a7ceebc3e/datanode-0/data/ratis/76bf9818-3be9-414a-ba28-ae7f6c0b0426 for RaftStorage:Storage Directory /workdir/hadoop-ozone/integration-test/target/test-dir/MiniOzoneClusterImpl-1f34c511-1d11-4543-b7d5-4b9a7ceebc3e/datanode-0/data/ratis/76bf9818-3be9-414a-ba28-ae7f6c0b0426
2019-07-16 14:32:32,102 INFO  server.RaftServerConfigKeys (ConfUtils.java:logGet(43)) - raft.server.log.queue.byte-limit = 2147483647 (custom)
2019-07-16 14:32:32,102 INFO  server.RaftServerConfigKeys (ConfUtils.java:logGet(43)) - raft.server.log.queue.element-limit = 1024 (custom)
2019-07-16 14:32:32,107 INFO  server.RaftServerConfigKeys (ConfUtils.java:logGet(43)) - raft.server.log.segment.size.max = 1048576 (custom)
2019-07-16 14:32:32,107 INFO  server.RaftServerConfigKeys (ConfUtils.java:logGet(43)) - raft.server.log.preallocated.size = 16384 (custom)
2019-07-16 14:32:32,107 INFO  server.RaftServerConfigKeys (ConfUtils.java:logGet(43)) - raft.server.log.write.buffer.size = 33554432 (custom)
2019-07-16 14:32:32,108 INFO  server.RaftServerConfigKeys (ConfUtils.java:logGet(43)) - raft.server.log.force.sync.num = 128 (default)
2019-07-16 14:32:32,109 INFO  server.RaftServerConfigKeys (ConfUtils.java:logGet(43)) - raft.server.log.statemachine.data.sync = true (default)
2019-07-16 14:32:32,109 INFO  server.RaftServerConfigKeys (ConfUtils.java:logGet(43)) - raft.server.log.statemachine.data.sync.timeout = 10s (default)
2019-07-16 14:32:32,109 INFO  server.RaftServerConfigKeys (ConfUtils.java:logGet(43)) - raft.server.log.statemachine.data.sync.timeout.retry = -1 (default)
2019-07-16 14:32:32,117 INFO  server.RaftServerConfigKeys (ConfUtils.java:logGet(43)) - raft.server.log.statemachine.data.caching.enabled = true (custom)
2019-07-16 14:32:32,122 INFO  segmented.SegmentedRaftLogWorker (SegmentedRaftLogWorker.java:lambda$new$0(132)) - 36f2587b-910c-42a5-a774-eb59e4ea961e-SegmentedRaftLogWorker:Storage Directory /workdir/hadoop-ozone/integration-test/target/test-dir/MiniOzoneClusterImpl-1f34c511-1d11-4543-b7d5-4b9a7ceebc3e/datanode-0/data/ratis/76bf9818-3be9-414a-ba28-ae7f6c0b0426: flushIndex: setUnconditionally 0 -> -1
2019-07-16 14:32:32,127 INFO  server.RaftServerConfigKeys (ConfUtils.java:logGet(43)) - raft.server.snapshot.auto.trigger.enabled = true (custom)
2019-07-16 14:32:32,127 INFO  server.RaftServerConfigKeys (ConfUtils.java:logGet(43)) - raft.server.snapshot.auto.trigger.threshold = 10000 (custom)
2019-07-16 14:32:32,128 INFO  server.RaftServerConfigKeys (ConfUtils.java:logGet(43)) - raft.server.retrycache.expirytime = 600000ms (custom)
2019-07-16 14:32:32,146 INFO  impl.RaftServerImpl (RaftServerImpl.java:start(180)) - 36f2587b-910c-42a5-a774-eb59e4ea961e: start group-AE7F6C0B0426
2019-07-16 14:32:32,147 INFO  impl.RaftServerImpl (RaftServerImpl.java:setRole(171)) - 36f2587b-910c-42a5-a774-eb59e4ea961e:group-AE7F6C0B0426 changes role from null to FOLLOWER at term 0 for startAsFollower
2019-07-16 14:32:32,148 INFO  impl.RoleInfo (RoleInfo.java:updateAndGet(143)) - 36f2587b-910c-42a5-a774-eb59e4ea961e: start FollowerState
2019-07-16 14:32:32,149 INFO  util.JmxRegister (JmxRegister.java:tryRegister(44)) - Successfully registered JMX Bean with object name Ratis:service=RaftServer,group=group-AE7F6C0B0426,id=36f2587b-910c-42a5-a774-eb59e4ea961e
2019-07-16 14:32:32,224 INFO  pipeline.PipelineStateManager (PipelineStateManager.java:addPipeline(56)) - Created pipeline Pipeline[ Id: 76bf9818-3be9-414a-ba28-ae7f6c0b0426, Nodes: 36f2587b-910c-42a5-a774-eb59e4ea961e{ip: 192.168.5.141, host: byscane-nightly-ppzk5-1864156943, networkLocation: /default-rack, certSerialId: null}, Type:RATIS, Factor:ONE, State:OPEN]
2019-07-16 14:32:32,255 INFO  impl.RaftServerProxy (RaftServerProxy.java:addNew(89)) - 3994e812-3b47-4c21-bbff-59c8cf50b976: addNew group-B192926BC85B:[3994e812-3b47-4c21-bbff-59c8cf50b976:192.168.5.141:41861] returns group-B192926BC85B:java.util.concurrent.CompletableFuture@5f32d8fb[Not completed]
2019-07-16 14:32:32,286 INFO  impl.RaftServerImpl (RaftServerImpl.java:<init>(93)) - 3994e812-3b47-4c21-bbff-59c8cf50b976: new RaftServerImpl for group-B192926BC85B:[3994e812-3b47-4c21-bbff-59c8cf50b976:192.168.5.141:41861] with ContainerStateMachine:uninitialized
2019-07-16 14:32:32,288 INFO  server.RaftServerConfigKeys (ConfUtils.java:logGet(43)) - raft.server.rpc.timeout.min = 5s (custom)
2019-07-16 14:32:32,288 INFO  server.RaftServerConfigKeys (ConfUtils.java:logGet(43)) - raft.server.rpc.timeout.max = 5200ms (custom)
2019-07-16 14:32:32,288 INFO  server.RaftServerConfigKeys (ConfUtils.java:logGet(43)) - raft.server.rpcslowness.timeout = 120s (custom)
2019-07-16 14:32:32,288 INFO  server.RaftServerConfigKeys (ConfUtils.java:logGet(43)) - raft.server.sleep.deviation.threshold = 300 (default)
2019-07-16 14:32:32,288 INFO  server.RaftServerConfigKeys (ConfUtils.java:logGet(43)) - raft.server.log.appender.install.snapshot.enabled = false (custom)
2019-07-16 14:32:32,289 INFO  impl.RaftServerImpl (ServerState.java:<init>(105)) - 3994e812-3b47-4c21-bbff-59c8cf50b976:group-B192926BC85B ConfigurationManager, init=-1: [3994e812-3b47-4c21-bbff-59c8cf50b976:192.168.5.141:41861], old=null, confs=<EMPTY_MAP>
2019-07-16 14:32:32,289 INFO  server.RaftServerConfigKeys (ConfUtils.java:logGet(43)) - raft.server.storage.dir = [/workdir/hadoop-ozone/integration-test/target/test-dir/MiniOzoneClusterImpl-1f34c511-1d11-4543-b7d5-4b9a7ceebc3e/datanode-5/data/ratis] (custom)
2019-07-16 14:32:32,289 INFO  storage.RaftStorageDirectory (RaftStorageDirectory.java:analyzeStorage(246)) - The storage directory /workdir/hadoop-ozone/integration-test/target/test-dir/MiniOzoneClusterImpl-1f34c511-1d11-4543-b7d5-4b9a7ceebc3e/datanode-5/data/ratis/7e079b2f-2404-4ae2-92fe-b192926bc85b does not exist. Creating ...
2019-07-16 14:32:32,295 INFO  storage.RaftStorageDirectory (RaftStorageDirectory.java:tryLock(328)) - Lock on /workdir/hadoop-ozone/integration-test/target/test-dir/MiniOzoneClusterImpl-1f34c511-1d11-4543-b7d5-4b9a7ceebc3e/datanode-5/data/ratis/7e079b2f-2404-4ae2-92fe-b192926bc85b/in_use.lock acquired by nodename 16881@byscane-nightly-ppzk5-1864156943
2019-07-16 14:32:32,298 INFO  storage.RaftStorage (RaftStorage.java:format(72)) - Storage directory /workdir/hadoop-ozone/integration-test/target/test-dir/MiniOzoneClusterImpl-1f34c511-1d11-4543-b7d5-4b9a7ceebc3e/datanode-5/data/ratis/7e079b2f-2404-4ae2-92fe-b192926bc85b has been successfully formatted.
2019-07-16 14:32:32,300 INFO  ratis.ContainerStateMachine (ContainerStateMachine.java:loadSnapshot(199)) - group-B192926BC85B: The snapshot info is null. Setting the last applied indexto:(t:0, i:~)
2019-07-16 14:32:32,301 INFO  server.RaftServerConfigKeys (ConfUtils.java:logGet(43)) - raft.server.leader.election.timeout = 120s (custom)
2019-07-16 14:32:32,301 INFO  server.RaftServerConfigKeys (ConfUtils.java:logGet(43)) - raft.server.log.use.memory = false (default)
2019-07-16 14:32:32,301 INFO  server.RaftServerConfigKeys (ConfUtils.java:logGet(43)) - raft.server.log.purge.gap = 1000000000 (custom)
2019-07-16 14:32:32,301 INFO  server.RaftServerConfigKeys (ConfUtils.java:logGet(43)) - raft.server.log.appender.buffer.byte-limit = 33554432 (custom)
2019-07-16 14:32:32,301 INFO  server.RaftServerConfigKeys (ConfUtils.java:logGet(43)) - raft.server.log.segment.size.max = 1048576 (custom)
2019-07-16 14:32:32,301 INFO  server.RaftServerConfigKeys (ConfUtils.java:logGet(43)) - raft.server.log.segment.cache.num.max = 2 (custom)
2019-07-16 14:32:32,301 INFO  segmented.SegmentedRaftLogWorker (SegmentedRaftLogWorker.java:<init>(172)) - new 3994e812-3b47-4c21-bbff-59c8cf50b976-SegmentedRaftLogWorker:Storage Directory /workdir/hadoop-ozone/integration-test/target/test-dir/MiniOzoneClusterImpl-1f34c511-1d11-4543-b7d5-4b9a7ceebc3e/datanode-5/data/ratis/7e079b2f-2404-4ae2-92fe-b192926bc85b for RaftStorage:Storage Directory /workdir/hadoop-ozone/integration-test/target/test-dir/MiniOzoneClusterImpl-1f34c511-1d11-4543-b7d5-4b9a7ceebc3e/datanode-5/data/ratis/7e079b2f-2404-4ae2-92fe-b192926bc85b
2019-07-16 14:32:32,302 INFO  server.RaftServerConfigKeys (ConfUtils.java:logGet(43)) - raft.server.log.queue.byte-limit = 2147483647 (custom)
2019-07-16 14:32:32,302 INFO  server.RaftServerConfigKeys (ConfUtils.java:logGet(43)) - raft.server.log.queue.element-limit = 1024 (custom)
2019-07-16 14:32:32,303 INFO  server.RaftServerConfigKeys (ConfUtils.java:logGet(43)) - raft.server.log.segment.size.max = 1048576 (custom)
2019-07-16 14:32:32,303 INFO  server.RaftServerConfigKeys (ConfUtils.java:logGet(43)) - raft.server.log.preallocated.size = 16384 (custom)
2019-07-16 14:32:32,303 INFO  server.RaftServerConfigKeys (ConfUtils.java:logGet(43)) - raft.server.log.write.buffer.size = 33554432 (custom)
2019-07-16 14:32:32,303 INFO  server.RaftServerConfigKeys (ConfUtils.java:logGet(43)) - raft.server.log.force.sync.num = 128 (default)
2019-07-16 14:32:32,303 INFO  server.RaftServerConfigKeys (ConfUtils.java:logGet(43)) - raft.server.log.statemachine.data.sync = true (default)
2019-07-16 14:32:32,303 INFO  server.RaftServerConfigKeys (ConfUtils.java:logGet(43)) - raft.server.log.statemachine.data.sync.timeout = 10s (default)
2019-07-16 14:32:32,303 INFO  server.RaftServerConfigKeys (ConfUtils.java:logGet(43)) - raft.server.log.statemachine.data.sync.timeout.retry = -1 (default)
2019-07-16 14:32:32,303 INFO  server.RaftServerConfigKeys (ConfUtils.java:logGet(43)) - raft.server.log.statemachine.data.caching.enabled = true (custom)
2019-07-16 14:32:32,304 INFO  segmented.SegmentedRaftLogWorker (SegmentedRaftLogWorker.java:lambda$new$0(132)) - 3994e812-3b47-4c21-bbff-59c8cf50b976-SegmentedRaftLogWorker:Storage Directory /workdir/hadoop-ozone/integration-test/target/test-dir/MiniOzoneClusterImpl-1f34c511-1d11-4543-b7d5-4b9a7ceebc3e/datanode-5/data/ratis/7e079b2f-2404-4ae2-92fe-b192926bc85b: flushIndex: setUnconditionally 0 -> -1
2019-07-16 14:32:32,304 INFO  server.RaftServerConfigKeys (ConfUtils.java:logGet(43)) - raft.server.snapshot.auto.trigger.enabled = true (custom)
2019-07-16 14:32:32,304 INFO  server.RaftServerConfigKeys (ConfUtils.java:logGet(43)) - raft.server.snapshot.auto.trigger.threshold = 10000 (custom)
2019-07-16 14:32:32,304 INFO  server.RaftServerConfigKeys (ConfUtils.java:logGet(43)) - raft.server.retrycache.expirytime = 600000ms (custom)
2019-07-16 14:32:32,304 INFO  impl.RaftServerImpl (RaftServerImpl.java:start(180)) - 3994e812-3b47-4c21-bbff-59c8cf50b976: start group-B192926BC85B
2019-07-16 14:32:32,304 INFO  impl.RaftServerImpl (RaftServerImpl.java:setRole(171)) - 3994e812-3b47-4c21-bbff-59c8cf50b976:group-B192926BC85B changes role from null to FOLLOWER at term 0 for startAsFollower
2019-07-16 14:32:32,305 INFO  impl.RoleInfo (RoleInfo.java:updateAndGet(143)) - 3994e812-3b47-4c21-bbff-59c8cf50b976: start FollowerState
2019-07-16 14:32:32,306 INFO  util.JmxRegister (JmxRegister.java:tryRegister(44)) - Successfully registered JMX Bean with object name Ratis:service=RaftServer,group=group-B192926BC85B,id=3994e812-3b47-4c21-bbff-59c8cf50b976
2019-07-16 14:32:32,316 INFO  pipeline.PipelineStateManager (PipelineStateManager.java:addPipeline(56)) - Created pipeline Pipeline[ Id: 7e079b2f-2404-4ae2-92fe-b192926bc85b, Nodes: 3994e812-3b47-4c21-bbff-59c8cf50b976{ip: 192.168.5.141, host: byscane-nightly-ppzk5-1864156943, networkLocation: /default-rack, certSerialId: null}, Type:RATIS, Factor:ONE, State:OPEN]
2019-07-16 14:32:32,322 INFO  ozone.MiniOzoneClusterImpl (MiniOzoneClusterImpl.java:lambda$waitForClusterToBeReady$0(142)) - Waiting for cluster to be ready. Got 6 of 7 DN Heartbeats.
2019-07-16 14:32:32,324 INFO  node.SCMNodeManager (SCMNodeManager.java:register(268)) - Registered Data node : 620ac3e3-0d81-489c-8d7f-dcf211d1795a{ip: 192.168.5.141, host: byscane-nightly-ppzk5-1864156943, networkLocation: /default-rack, certSerialId: null}
2019-07-16 14:32:32,348 INFO  impl.RaftServerProxy (RaftServerProxy.java:addNew(89)) - 5049a06b-eba5-42a5-bf64-e1d68a7991ea: addNew group-8778A522D890:[5049a06b-eba5-42a5-bf64-e1d68a7991ea:192.168.5.141:32941] returns group-8778A522D890:java.util.concurrent.CompletableFuture@7ebfe59[Not completed]
2019-07-16 14:32:32,355 INFO  impl.RaftServerImpl (RaftServerImpl.java:<init>(93)) - 5049a06b-eba5-42a5-bf64-e1d68a7991ea: new RaftServerImpl for group-8778A522D890:[5049a06b-eba5-42a5-bf64-e1d68a7991ea:192.168.5.141:32941] with ContainerStateMachine:uninitialized
2019-07-16 14:32:32,356 INFO  server.RaftServerConfigKeys (ConfUtils.java:logGet(43)) - raft.server.rpc.timeout.min = 5s (custom)
2019-07-16 14:32:32,357 INFO  server.RaftServerConfigKeys (ConfUtils.java:logGet(43)) - raft.server.rpc.timeout.max = 5200ms (custom)
2019-07-16 14:32:32,357 INFO  server.RaftServerConfigKeys (ConfUtils.java:logGet(43)) - raft.server.rpcslowness.timeout = 120s (custom)
2019-07-16 14:32:32,357 INFO  server.RaftServerConfigKeys (ConfUtils.java:logGet(43)) - raft.server.sleep.deviation.threshold = 300 (default)
2019-07-16 14:32:32,357 INFO  server.RaftServerConfigKeys (ConfUtils.java:logGet(43)) - raft.server.log.appender.install.snapshot.enabled = false (custom)
2019-07-16 14:32:32,357 INFO  impl.RaftServerImpl (ServerState.java:<init>(105)) - 5049a06b-eba5-42a5-bf64-e1d68a7991ea:group-8778A522D890 ConfigurationManager, init=-1: [5049a06b-eba5-42a5-bf64-e1d68a7991ea:192.168.5.141:32941], old=null, confs=<EMPTY_MAP>
2019-07-16 14:32:32,357 INFO  server.RaftServerConfigKeys (ConfUtils.java:logGet(43)) - raft.server.storage.dir = [/workdir/hadoop-ozone/integration-test/target/test-dir/MiniOzoneClusterImpl-1f34c511-1d11-4543-b7d5-4b9a7ceebc3e/datanode-1/data/ratis] (custom)
2019-07-16 14:32:32,358 INFO  storage.RaftStorageDirectory (RaftStorageDirectory.java:analyzeStorage(246)) - The storage directory /workdir/hadoop-ozone/integration-test/target/test-dir/MiniOzoneClusterImpl-1f34c511-1d11-4543-b7d5-4b9a7ceebc3e/datanode-1/data/ratis/bc730792-e659-4b49-a9fa-8778a522d890 does not exist. Creating ...
2019-07-16 14:32:32,370 INFO  storage.RaftStorageDirectory (RaftStorageDirectory.java:tryLock(328)) - Lock on /workdir/hadoop-ozone/integration-test/target/test-dir/MiniOzoneClusterImpl-1f34c511-1d11-4543-b7d5-4b9a7ceebc3e/datanode-1/data/ratis/bc730792-e659-4b49-a9fa-8778a522d890/in_use.lock acquired by nodename 16881@byscane-nightly-ppzk5-1864156943
2019-07-16 14:32:32,375 INFO  storage.RaftStorage (RaftStorage.java:format(72)) - Storage directory /workdir/hadoop-ozone/integration-test/target/test-dir/MiniOzoneClusterImpl-1f34c511-1d11-4543-b7d5-4b9a7ceebc3e/datanode-1/data/ratis/bc730792-e659-4b49-a9fa-8778a522d890 has been successfully formatted.
2019-07-16 14:32:32,375 INFO  ratis.ContainerStateMachine (ContainerStateMachine.java:loadSnapshot(199)) - group-8778A522D890: The snapshot info is null. Setting the last applied indexto:(t:0, i:~)
2019-07-16 14:32:32,375 INFO  server.RaftServerConfigKeys (ConfUtils.java:logGet(43)) - raft.server.leader.election.timeout = 120s (custom)
2019-07-16 14:32:32,375 INFO  server.RaftServerConfigKeys (ConfUtils.java:logGet(43)) - raft.server.log.use.memory = false (default)
2019-07-16 14:32:32,375 INFO  server.RaftServerConfigKeys (ConfUtils.java:logGet(43)) - raft.server.log.purge.gap = 1000000000 (custom)
2019-07-16 14:32:32,376 INFO  server.RaftServerConfigKeys (ConfUtils.java:logGet(43)) - raft.server.log.appender.buffer.byte-limit = 33554432 (custom)
2019-07-16 14:32:32,376 INFO  server.RaftServerConfigKeys (ConfUtils.java:logGet(43)) - raft.server.log.segment.size.max = 1048576 (custom)
2019-07-16 14:32:32,376 INFO  server.RaftServerConfigKeys (ConfUtils.java:logGet(43)) - raft.server.log.segment.cache.num.max = 2 (custom)
2019-07-16 14:32:32,376 INFO  segmented.SegmentedRaftLogWorker (SegmentedRaftLogWorker.java:<init>(172)) - new 5049a06b-eba5-42a5-bf64-e1d68a7991ea-SegmentedRaftLogWorker:Storage Directory /workdir/hadoop-ozone/integration-test/target/test-dir/MiniOzoneClusterImpl-1f34c511-1d11-4543-b7d5-4b9a7ceebc3e/datanode-1/data/ratis/bc730792-e659-4b49-a9fa-8778a522d890 for RaftStorage:Storage Directory /workdir/hadoop-ozone/integration-test/target/test-dir/MiniOzoneClusterImpl-1f34c511-1d11-4543-b7d5-4b9a7ceebc3e/datanode-1/data/ratis/bc730792-e659-4b49-a9fa-8778a522d890
2019-07-16 14:32:32,376 INFO  server.RaftServerConfigKeys (ConfUtils.java:logGet(43)) - raft.server.log.queue.byte-limit = 2147483647 (custom)
2019-07-16 14:32:32,376 INFO  server.RaftServerConfigKeys (ConfUtils.java:logGet(43)) - raft.server.log.queue.element-limit = 1024 (custom)
2019-07-16 14:32:32,377 INFO  server.RaftServerConfigKeys (ConfUtils.java:logGet(43)) - raft.server.log.segment.size.max = 1048576 (custom)
2019-07-16 14:32:32,377 INFO  server.RaftServerConfigKeys (ConfUtils.java:logGet(43)) - raft.server.log.preallocated.size = 16384 (custom)
2019-07-16 14:32:32,377 INFO  server.RaftServerConfigKeys (ConfUtils.java:logGet(43)) - raft.server.log.write.buffer.size = 33554432 (custom)
2019-07-16 14:32:32,377 INFO  server.RaftServerConfigKeys (ConfUtils.java:logGet(43)) - raft.server.log.force.sync.num = 128 (default)
2019-07-16 14:32:32,377 INFO  server.RaftServerConfigKeys (ConfUtils.java:logGet(43)) - raft.server.log.statemachine.data.sync = true (default)
2019-07-16 14:32:32,378 INFO  server.RaftServerConfigKeys (ConfUtils.java:logGet(43)) - raft.server.log.statemachine.data.sync.timeout = 10s (default)
2019-07-16 14:32:32,378 INFO  server.RaftServerConfigKeys (ConfUtils.java:logGet(43)) - raft.server.log.statemachine.data.sync.timeout.retry = -1 (default)
2019-07-16 14:32:32,378 INFO  server.RaftServerConfigKeys (ConfUtils.java:logGet(43)) - raft.server.log.statemachine.data.caching.enabled = true (custom)
2019-07-16 14:32:32,379 INFO  segmented.SegmentedRaftLogWorker (SegmentedRaftLogWorker.java:lambda$new$0(132)) - 5049a06b-eba5-42a5-bf64-e1d68a7991ea-SegmentedRaftLogWorker:Storage Directory /workdir/hadoop-ozone/integration-test/target/test-dir/MiniOzoneClusterImpl-1f34c511-1d11-4543-b7d5-4b9a7ceebc3e/datanode-1/data/ratis/bc730792-e659-4b49-a9fa-8778a522d890: flushIndex: setUnconditionally 0 -> -1
2019-07-16 14:32:32,379 INFO  server.RaftServerConfigKeys (ConfUtils.java:logGet(43)) - raft.server.snapshot.auto.trigger.enabled = true (custom)
2019-07-16 14:32:32,379 INFO  server.RaftServerConfigKeys (ConfUtils.java:logGet(43)) - raft.server.snapshot.auto.trigger.threshold = 10000 (custom)
2019-07-16 14:32:32,379 INFO  server.RaftServerConfigKeys (ConfUtils.java:logGet(43)) - raft.server.retrycache.expirytime = 600000ms (custom)
2019-07-16 14:32:32,380 INFO  impl.RaftServerImpl (RaftServerImpl.java:start(180)) - 5049a06b-eba5-42a5-bf64-e1d68a7991ea: start group-8778A522D890
2019-07-16 14:32:32,380 INFO  impl.RaftServerImpl (RaftServerImpl.java:setRole(171)) - 5049a06b-eba5-42a5-bf64-e1d68a7991ea:group-8778A522D890 changes role from null to FOLLOWER at term 0 for startAsFollower
2019-07-16 14:32:32,380 INFO  impl.RoleInfo (RoleInfo.java:updateAndGet(143)) - 5049a06b-eba5-42a5-bf64-e1d68a7991ea: start FollowerState
2019-07-16 14:32:32,380 INFO  util.JmxRegister (JmxRegister.java:tryRegister(44)) - Successfully registered JMX Bean with object name Ratis:service=RaftServer,group=group-8778A522D890,id=5049a06b-eba5-42a5-bf64-e1d68a7991ea
2019-07-16 14:32:32,391 INFO  pipeline.PipelineStateManager (PipelineStateManager.java:addPipeline(56)) - Created pipeline Pipeline[ Id: bc730792-e659-4b49-a9fa-8778a522d890, Nodes: 5049a06b-eba5-42a5-bf64-e1d68a7991ea{ip: 192.168.5.141, host: byscane-nightly-ppzk5-1864156943, networkLocation: /default-rack, certSerialId: null}, Type:RATIS, Factor:ONE, State:OPEN]
2019-07-16 14:32:32,413 INFO  impl.RaftServerProxy (RaftServerProxy.java:addNew(89)) - 620ac3e3-0d81-489c-8d7f-dcf211d1795a: addNew group-3C4056F2DBA0:[620ac3e3-0d81-489c-8d7f-dcf211d1795a:192.168.5.141:46612] returns group-3C4056F2DBA0:java.util.concurrent.CompletableFuture@4b7d7a71[Not completed]
2019-07-16 14:32:32,414 INFO  impl.RaftServerImpl (RaftServerImpl.java:<init>(93)) - 620ac3e3-0d81-489c-8d7f-dcf211d1795a: new RaftServerImpl for group-3C4056F2DBA0:[620ac3e3-0d81-489c-8d7f-dcf211d1795a:192.168.5.141:46612] with ContainerStateMachine:uninitialized
2019-07-16 14:32:32,415 INFO  server.RaftServerConfigKeys (ConfUtils.java:logGet(43)) - raft.server.rpc.timeout.min = 5s (custom)
2019-07-16 14:32:32,415 INFO  server.RaftServerConfigKeys (ConfUtils.java:logGet(43)) - raft.server.rpc.timeout.max = 5200ms (custom)
2019-07-16 14:32:32,415 INFO  server.RaftServerConfigKeys (ConfUtils.java:logGet(43)) - raft.server.rpcslowness.timeout = 120s (custom)
2019-07-16 14:32:32,416 INFO  server.RaftServerConfigKeys (ConfUtils.java:logGet(43)) - raft.server.sleep.deviation.threshold = 300 (default)
2019-07-16 14:32:32,416 INFO  server.RaftServerConfigKeys (ConfUtils.java:logGet(43)) - raft.server.log.appender.install.snapshot.enabled = false (custom)
2019-07-16 14:32:32,416 INFO  impl.RaftServerImpl (ServerState.java:<init>(105)) - 620ac3e3-0d81-489c-8d7f-dcf211d1795a:group-3C4056F2DBA0 ConfigurationManager, init=-1: [620ac3e3-0d81-489c-8d7f-dcf211d1795a:192.168.5.141:46612], old=null, confs=<EMPTY_MAP>
2019-07-16 14:32:32,416 INFO  server.RaftServerConfigKeys (ConfUtils.java:logGet(43)) - raft.server.storage.dir = [/workdir/hadoop-ozone/integration-test/target/test-dir/MiniOzoneClusterImpl-1f34c511-1d11-4543-b7d5-4b9a7ceebc3e/datanode-6/data/ratis] (custom)
2019-07-16 14:32:32,417 INFO  storage.RaftStorageDirectory (RaftStorageDirectory.java:analyzeStorage(246)) - The storage directory /workdir/hadoop-ozone/integration-test/target/test-dir/MiniOzoneClusterImpl-1f34c511-1d11-4543-b7d5-4b9a7ceebc3e/datanode-6/data/ratis/67c1ca26-be46-4996-98a0-3c4056f2dba0 does not exist. Creating ...
2019-07-16 14:32:32,429 INFO  storage.RaftStorageDirectory (RaftStorageDirectory.java:tryLock(328)) - Lock on /workdir/hadoop-ozone/integration-test/target/test-dir/MiniOzoneClusterImpl-1f34c511-1d11-4543-b7d5-4b9a7ceebc3e/datanode-6/data/ratis/67c1ca26-be46-4996-98a0-3c4056f2dba0/in_use.lock acquired by nodename 16881@byscane-nightly-ppzk5-1864156943
2019-07-16 14:32:32,432 INFO  storage.RaftStorage (RaftStorage.java:format(72)) - Storage directory /workdir/hadoop-ozone/integration-test/target/test-dir/MiniOzoneClusterImpl-1f34c511-1d11-4543-b7d5-4b9a7ceebc3e/datanode-6/data/ratis/67c1ca26-be46-4996-98a0-3c4056f2dba0 has been successfully formatted.
2019-07-16 14:32:32,433 INFO  ratis.ContainerStateMachine (ContainerStateMachine.java:loadSnapshot(199)) - group-3C4056F2DBA0: The snapshot info is null. Setting the last applied indexto:(t:0, i:~)
2019-07-16 14:32:32,433 INFO  server.RaftServerConfigKeys (ConfUtils.java:logGet(43)) - raft.server.leader.election.timeout = 120s (custom)
2019-07-16 14:32:32,433 INFO  server.RaftServerConfigKeys (ConfUtils.java:logGet(43)) - raft.server.log.use.memory = false (default)
2019-07-16 14:32:32,433 INFO  server.RaftServerConfigKeys (ConfUtils.java:logGet(43)) - raft.server.log.purge.gap = 1000000000 (custom)
2019-07-16 14:32:32,434 INFO  server.RaftServerConfigKeys (ConfUtils.java:logGet(43)) - raft.server.log.appender.buffer.byte-limit = 33554432 (custom)
2019-07-16 14:32:32,434 INFO  server.RaftServerConfigKeys (ConfUtils.java:logGet(43)) - raft.server.log.segment.size.max = 1048576 (custom)
2019-07-16 14:32:32,434 INFO  server.RaftServerConfigKeys (ConfUtils.java:logGet(43)) - raft.server.log.segment.cache.num.max = 2 (custom)
2019-07-16 14:32:32,434 INFO  segmented.SegmentedRaftLogWorker (SegmentedRaftLogWorker.java:<init>(172)) - new 620ac3e3-0d81-489c-8d7f-dcf211d1795a-SegmentedRaftLogWorker:Storage Directory /workdir/hadoop-ozone/integration-test/target/test-dir/MiniOzoneClusterImpl-1f34c511-1d11-4543-b7d5-4b9a7ceebc3e/datanode-6/data/ratis/67c1ca26-be46-4996-98a0-3c4056f2dba0 for RaftStorage:Storage Directory /workdir/hadoop-ozone/integration-test/target/test-dir/MiniOzoneClusterImpl-1f34c511-1d11-4543-b7d5-4b9a7ceebc3e/datanode-6/data/ratis/67c1ca26-be46-4996-98a0-3c4056f2dba0
2019-07-16 14:32:32,435 INFO  server.RaftServerConfigKeys (ConfUtils.java:logGet(43)) - raft.server.log.queue.byte-limit = 2147483647 (custom)
2019-07-16 14:32:32,435 INFO  server.RaftServerConfigKeys (ConfUtils.java:logGet(43)) - raft.server.log.queue.element-limit = 1024 (custom)
2019-07-16 14:32:32,435 INFO  server.RaftServerConfigKeys (ConfUtils.java:logGet(43)) - raft.server.log.segment.size.max = 1048576 (custom)
2019-07-16 14:32:32,435 INFO  server.RaftServerConfigKeys (ConfUtils.java:logGet(43)) - raft.server.log.preallocated.size = 16384 (custom)
2019-07-16 14:32:32,435 INFO  server.RaftServerConfigKeys (ConfUtils.java:logGet(43)) - raft.server.log.write.buffer.size = 33554432 (custom)
2019-07-16 14:32:32,436 INFO  server.RaftServerConfigKeys (ConfUtils.java:logGet(43)) - raft.server.log.force.sync.num = 128 (default)
2019-07-16 14:32:32,436 INFO  server.RaftServerConfigKeys (ConfUtils.java:logGet(43)) - raft.server.log.statemachine.data.sync = true (default)
2019-07-16 14:32:32,436 INFO  server.RaftServerConfigKeys (ConfUtils.java:logGet(43)) - raft.server.log.statemachine.data.sync.timeout = 10s (default)
2019-07-16 14:32:32,436 INFO  server.RaftServerConfigKeys (ConfUtils.java:logGet(43)) - raft.server.log.statemachine.data.sync.timeout.retry = -1 (default)
2019-07-16 14:32:32,437 INFO  server.RaftServerConfigKeys (ConfUtils.java:logGet(43)) - raft.server.log.statemachine.data.caching.enabled = true (custom)
2019-07-16 14:32:32,437 INFO  segmented.SegmentedRaftLogWorker (SegmentedRaftLogWorker.java:lambda$new$0(132)) - 620ac3e3-0d81-489c-8d7f-dcf211d1795a-SegmentedRaftLogWorker:Storage Directory /workdir/hadoop-ozone/integration-test/target/test-dir/MiniOzoneClusterImpl-1f34c511-1d11-4543-b7d5-4b9a7ceebc3e/datanode-6/data/ratis/67c1ca26-be46-4996-98a0-3c4056f2dba0: flushIndex: setUnconditionally 0 -> -1
2019-07-16 14:32:32,437 INFO  server.RaftServerConfigKeys (ConfUtils.java:logGet(43)) - raft.server.snapshot.auto.trigger.enabled = true (custom)
2019-07-16 14:32:32,438 INFO  server.RaftServerConfigKeys (ConfUtils.java:logGet(43)) - raft.server.snapshot.auto.trigger.threshold = 10000 (custom)
2019-07-16 14:32:32,438 INFO  server.RaftServerConfigKeys (ConfUtils.java:logGet(43)) - raft.server.retrycache.expirytime = 600000ms (custom)
2019-07-16 14:32:32,438 INFO  impl.RaftServerImpl (RaftServerImpl.java:start(180)) - 620ac3e3-0d81-489c-8d7f-dcf211d1795a: start group-3C4056F2DBA0
2019-07-16 14:32:32,438 INFO  impl.RaftServerImpl (RaftServerImpl.java:setRole(171)) - 620ac3e3-0d81-489c-8d7f-dcf211d1795a:group-3C4056F2DBA0 changes role from null to FOLLOWER at term 0 for startAsFollower
2019-07-16 14:32:32,438 INFO  impl.RoleInfo (RoleInfo.java:updateAndGet(143)) - 620ac3e3-0d81-489c-8d7f-dcf211d1795a: start FollowerState
2019-07-16 14:32:32,439 INFO  util.JmxRegister (JmxRegister.java:tryRegister(44)) - Successfully registered JMX Bean with object name Ratis:service=RaftServer,group=group-3C4056F2DBA0,id=620ac3e3-0d81-489c-8d7f-dcf211d1795a
2019-07-16 14:32:32,449 INFO  pipeline.PipelineStateManager (PipelineStateManager.java:addPipeline(56)) - Created pipeline Pipeline[ Id: 67c1ca26-be46-4996-98a0-3c4056f2dba0, Nodes: 620ac3e3-0d81-489c-8d7f-dcf211d1795a{ip: 192.168.5.141, host: byscane-nightly-ppzk5-1864156943, networkLocation: /default-rack, certSerialId: null}, Type:RATIS, Factor:ONE, State:OPEN]
2019-07-16 14:32:32,469 INFO  impl.RaftServerProxy (RaftServerProxy.java:addNew(89)) - 3390190e-0202-4c2c-b249-cb982879fc90: addNew group-71AA99D4923E:[3390190e-0202-4c2c-b249-cb982879fc90:192.168.5.141:45249] returns group-71AA99D4923E:java.util.concurrent.CompletableFuture@659c0e02[Not completed]
2019-07-16 14:32:32,470 INFO  impl.RaftServerImpl (RaftServerImpl.java:<init>(93)) - 3390190e-0202-4c2c-b249-cb982879fc90: new RaftServerImpl for group-71AA99D4923E:[3390190e-0202-4c2c-b249-cb982879fc90:192.168.5.141:45249] with ContainerStateMachine:uninitialized
2019-07-16 14:32:32,471 INFO  server.RaftServerConfigKeys (ConfUtils.java:logGet(43)) - raft.server.rpc.timeout.min = 5s (custom)
2019-07-16 14:32:32,471 INFO  server.RaftServerConfigKeys (ConfUtils.java:logGet(43)) - raft.server.rpc.timeout.max = 5200ms (custom)
2019-07-16 14:32:32,471 INFO  server.RaftServerConfigKeys (ConfUtils.java:logGet(43)) - raft.server.rpcslowness.timeout = 120s (custom)
2019-07-16 14:32:32,471 INFO  server.RaftServerConfigKeys (ConfUtils.java:logGet(43)) - raft.server.sleep.deviation.threshold = 300 (default)
2019-07-16 14:32:32,472 INFO  server.RaftServerConfigKeys (ConfUtils.java:logGet(43)) - raft.server.log.appender.install.snapshot.enabled = false (custom)
2019-07-16 14:32:32,472 INFO  impl.RaftServerImpl (ServerState.java:<init>(105)) - 3390190e-0202-4c2c-b249-cb982879fc90:group-71AA99D4923E ConfigurationManager, init=-1: [3390190e-0202-4c2c-b249-cb982879fc90:192.168.5.141:45249], old=null, confs=<EMPTY_MAP>
2019-07-16 14:32:32,472 INFO  server.RaftServerConfigKeys (ConfUtils.java:logGet(43)) - raft.server.storage.dir = [/workdir/hadoop-ozone/integration-test/target/test-dir/MiniOzoneClusterImpl-1f34c511-1d11-4543-b7d5-4b9a7ceebc3e/datanode-2/data/ratis] (custom)
2019-07-16 14:32:32,472 INFO  storage.RaftStorageDirectory (RaftStorageDirectory.java:analyzeStorage(246)) - The storage directory /workdir/hadoop-ozone/integration-test/target/test-dir/MiniOzoneClusterImpl-1f34c511-1d11-4543-b7d5-4b9a7ceebc3e/datanode-2/data/ratis/175aa92d-e8f7-40c3-bb72-71aa99d4923e does not exist. Creating ...
2019-07-16 14:32:32,484 INFO  storage.RaftStorageDirectory (RaftStorageDirectory.java:tryLock(328)) - Lock on /workdir/hadoop-ozone/integration-test/target/test-dir/MiniOzoneClusterImpl-1f34c511-1d11-4543-b7d5-4b9a7ceebc3e/datanode-2/data/ratis/175aa92d-e8f7-40c3-bb72-71aa99d4923e/in_use.lock acquired by nodename 16881@byscane-nightly-ppzk5-1864156943
2019-07-16 14:32:32,488 INFO  storage.RaftStorage (RaftStorage.java:format(72)) - Storage directory /workdir/hadoop-ozone/integration-test/target/test-dir/MiniOzoneClusterImpl-1f34c511-1d11-4543-b7d5-4b9a7ceebc3e/datanode-2/data/ratis/175aa92d-e8f7-40c3-bb72-71aa99d4923e has been successfully formatted.
2019-07-16 14:32:32,489 INFO  ratis.ContainerStateMachine (ContainerStateMachine.java:loadSnapshot(199)) - group-71AA99D4923E: The snapshot info is null. Setting the last applied indexto:(t:0, i:~)
2019-07-16 14:32:32,489 INFO  server.RaftServerConfigKeys (ConfUtils.java:logGet(43)) - raft.server.leader.election.timeout = 120s (custom)
2019-07-16 14:32:32,489 INFO  server.RaftServerConfigKeys (ConfUtils.java:logGet(43)) - raft.server.log.use.memory = false (default)
2019-07-16 14:32:32,489 INFO  server.RaftServerConfigKeys (ConfUtils.java:logGet(43)) - raft.server.log.purge.gap = 1000000000 (custom)
2019-07-16 14:32:32,489 INFO  server.RaftServerConfigKeys (ConfUtils.java:logGet(43)) - raft.server.log.appender.buffer.byte-limit = 33554432 (custom)
2019-07-16 14:32:32,489 INFO  server.RaftServerConfigKeys (ConfUtils.java:logGet(43)) - raft.server.log.segment.size.max = 1048576 (custom)
2019-07-16 14:32:32,490 INFO  server.RaftServerConfigKeys (ConfUtils.java:logGet(43)) - raft.server.log.segment.cache.num.max = 2 (custom)
2019-07-16 14:32:32,490 INFO  segmented.SegmentedRaftLogWorker (SegmentedRaftLogWorker.java:<init>(172)) - new 3390190e-0202-4c2c-b249-cb982879fc90-SegmentedRaftLogWorker:Storage Directory /workdir/hadoop-ozone/integration-test/target/test-dir/MiniOzoneClusterImpl-1f34c511-1d11-4543-b7d5-4b9a7ceebc3e/datanode-2/data/ratis/175aa92d-e8f7-40c3-bb72-71aa99d4923e for RaftStorage:Storage Directory /workdir/hadoop-ozone/integration-test/target/test-dir/MiniOzoneClusterImpl-1f34c511-1d11-4543-b7d5-4b9a7ceebc3e/datanode-2/data/ratis/175aa92d-e8f7-40c3-bb72-71aa99d4923e
2019-07-16 14:32:32,490 INFO  server.RaftServerConfigKeys (ConfUtils.java:logGet(43)) - raft.server.log.queue.byte-limit = 2147483647 (custom)
2019-07-16 14:32:32,490 INFO  server.RaftServerConfigKeys (ConfUtils.java:logGet(43)) - raft.server.log.queue.element-limit = 1024 (custom)
2019-07-16 14:32:32,490 INFO  server.RaftServerConfigKeys (ConfUtils.java:logGet(43)) - raft.server.log.segment.size.max = 1048576 (custom)
2019-07-16 14:32:32,490 INFO  server.RaftServerConfigKeys (ConfUtils.java:logGet(43)) - raft.server.log.preallocated.size = 16384 (custom)
2019-07-16 14:32:32,491 INFO  server.RaftServerConfigKeys (ConfUtils.java:logGet(43)) - raft.server.log.write.buffer.size = 33554432 (custom)
2019-07-16 14:32:32,491 INFO  server.RaftServerConfigKeys (ConfUtils.java:logGet(43)) - raft.server.log.force.sync.num = 128 (default)
2019-07-16 14:32:32,491 INFO  server.RaftServerConfigKeys (ConfUtils.java:logGet(43)) - raft.server.log.statemachine.data.sync = true (default)
2019-07-16 14:32:32,491 INFO  server.RaftServerConfigKeys (ConfUtils.java:logGet(43)) - raft.server.log.statemachine.data.sync.timeout = 10s (default)
2019-07-16 14:32:32,491 INFO  server.RaftServerConfigKeys (ConfUtils.java:logGet(43)) - raft.server.log.statemachine.data.sync.timeout.retry = -1 (default)
2019-07-16 14:32:32,492 INFO  server.RaftServerConfigKeys (ConfUtils.java:logGet(43)) - raft.server.log.statemachine.data.caching.enabled = true (custom)
2019-07-16 14:32:32,492 INFO  segmented.SegmentedRaftLogWorker (SegmentedRaftLogWorker.java:lambda$new$0(132)) - 3390190e-0202-4c2c-b249-cb982879fc90-SegmentedRaftLogWorker:Storage Directory /workdir/hadoop-ozone/integration-test/target/test-dir/MiniOzoneClusterImpl-1f34c511-1d11-4543-b7d5-4b9a7ceebc3e/datanode-2/data/ratis/175aa92d-e8f7-40c3-bb72-71aa99d4923e: flushIndex: setUnconditionally 0 -> -1
2019-07-16 14:32:32,492 INFO  server.RaftServerConfigKeys (ConfUtils.java:logGet(43)) - raft.server.snapshot.auto.trigger.enabled = true (custom)
2019-07-16 14:32:32,492 INFO  server.RaftServerConfigKeys (ConfUtils.java:logGet(43)) - raft.server.snapshot.auto.trigger.threshold = 10000 (custom)
2019-07-16 14:32:32,493 INFO  server.RaftServerConfigKeys (ConfUtils.java:logGet(43)) - raft.server.retrycache.expirytime = 600000ms (custom)
2019-07-16 14:32:32,493 INFO  impl.RaftServerImpl (RaftServerImpl.java:start(180)) - 3390190e-0202-4c2c-b249-cb982879fc90: start group-71AA99D4923E
2019-07-16 14:32:32,493 INFO  impl.RaftServerImpl (RaftServerImpl.java:setRole(171)) - 3390190e-0202-4c2c-b249-cb982879fc90:group-71AA99D4923E changes role from null to FOLLOWER at term 0 for startAsFollower
2019-07-16 14:32:32,493 INFO  impl.RoleInfo (RoleInfo.java:updateAndGet(143)) - 3390190e-0202-4c2c-b249-cb982879fc90: start FollowerState
2019-07-16 14:32:32,494 INFO  util.JmxRegister (JmxRegister.java:tryRegister(44)) - Successfully registered JMX Bean with object name Ratis:service=RaftServer,group=group-71AA99D4923E,id=3390190e-0202-4c2c-b249-cb982879fc90
2019-07-16 14:32:32,506 INFO  pipeline.PipelineStateManager (PipelineStateManager.java:addPipeline(56)) - Created pipeline Pipeline[ Id: 175aa92d-e8f7-40c3-bb72-71aa99d4923e, Nodes: 3390190e-0202-4c2c-b249-cb982879fc90{ip: 192.168.5.141, host: byscane-nightly-ppzk5-1864156943, networkLocation: /default-rack, certSerialId: null}, Type:RATIS, Factor:ONE, State:OPEN]
2019-07-16 14:32:32,534 INFO  impl.RaftServerProxy (RaftServerProxy.java:addNew(89)) - 7fa95842-6e55-4142-b267-1c1e9b428abe: addNew group-E3561F1F78A4:[7fa95842-6e55-4142-b267-1c1e9b428abe:192.168.5.141:33124] returns group-E3561F1F78A4:java.util.concurrent.CompletableFuture@6ca66968[Not completed]
2019-07-16 14:32:32,535 INFO  impl.RaftServerImpl (RaftServerImpl.java:<init>(93)) - 7fa95842-6e55-4142-b267-1c1e9b428abe: new RaftServerImpl for group-E3561F1F78A4:[7fa95842-6e55-4142-b267-1c1e9b428abe:192.168.5.141:33124] with ContainerStateMachine:uninitialized
2019-07-16 14:32:32,537 INFO  server.RaftServerConfigKeys (ConfUtils.java:logGet(43)) - raft.server.rpc.timeout.min = 5s (custom)
2019-07-16 14:32:32,537 INFO  server.RaftServerConfigKeys (ConfUtils.java:logGet(43)) - raft.server.rpc.timeout.max = 5200ms (custom)
2019-07-16 14:32:32,538 INFO  server.RaftServerConfigKeys (ConfUtils.java:logGet(43)) - raft.server.rpcslowness.timeout = 120s (custom)
2019-07-16 14:32:32,538 INFO  server.RaftServerConfigKeys (ConfUtils.java:logGet(43)) - raft.server.sleep.deviation.threshold = 300 (default)
2019-07-16 14:32:32,538 INFO  server.RaftServerConfigKeys (ConfUtils.java:logGet(43)) - raft.server.log.appender.install.snapshot.enabled = false (custom)
2019-07-16 14:32:32,538 INFO  impl.RaftServerImpl (ServerState.java:<init>(105)) - 7fa95842-6e55-4142-b267-1c1e9b428abe:group-E3561F1F78A4 ConfigurationManager, init=-1: [7fa95842-6e55-4142-b267-1c1e9b428abe:192.168.5.141:33124], old=null, confs=<EMPTY_MAP>
2019-07-16 14:32:32,539 INFO  server.RaftServerConfigKeys (ConfUtils.java:logGet(43)) - raft.server.storage.dir = [/workdir/hadoop-ozone/integration-test/target/test-dir/MiniOzoneClusterImpl-1f34c511-1d11-4543-b7d5-4b9a7ceebc3e/datanode-4/data/ratis] (custom)
2019-07-16 14:32:32,539 INFO  storage.RaftStorageDirectory (RaftStorageDirectory.java:analyzeStorage(246)) - The storage directory /workdir/hadoop-ozone/integration-test/target/test-dir/MiniOzoneClusterImpl-1f34c511-1d11-4543-b7d5-4b9a7ceebc3e/datanode-4/data/ratis/8a3bb340-8bbe-4a93-aab4-e3561f1f78a4 does not exist. Creating ...
2019-07-16 14:32:32,545 INFO  storage.RaftStorageDirectory (RaftStorageDirectory.java:tryLock(328)) - Lock on /workdir/hadoop-ozone/integration-test/target/test-dir/MiniOzoneClusterImpl-1f34c511-1d11-4543-b7d5-4b9a7ceebc3e/datanode-4/data/ratis/8a3bb340-8bbe-4a93-aab4-e3561f1f78a4/in_use.lock acquired by nodename 16881@byscane-nightly-ppzk5-1864156943
2019-07-16 14:32:32,549 INFO  storage.RaftStorage (RaftStorage.java:format(72)) - Storage directory /workdir/hadoop-ozone/integration-test/target/test-dir/MiniOzoneClusterImpl-1f34c511-1d11-4543-b7d5-4b9a7ceebc3e/datanode-4/data/ratis/8a3bb340-8bbe-4a93-aab4-e3561f1f78a4 has been successfully formatted.
2019-07-16 14:32:32,549 INFO  ratis.ContainerStateMachine (ContainerStateMachine.java:loadSnapshot(199)) - group-E3561F1F78A4: The snapshot info is null. Setting the last applied indexto:(t:0, i:~)
2019-07-16 14:32:32,549 INFO  server.RaftServerConfigKeys (ConfUtils.java:logGet(43)) - raft.server.leader.election.timeout = 120s (custom)
2019-07-16 14:32:32,550 INFO  server.RaftServerConfigKeys (ConfUtils.java:logGet(43)) - raft.server.log.use.memory = false (default)
2019-07-16 14:32:32,550 INFO  server.RaftServerConfigKeys (ConfUtils.java:logGet(43)) - raft.server.log.purge.gap = 1000000000 (custom)
2019-07-16 14:32:32,550 INFO  server.RaftServerConfigKeys (ConfUtils.java:logGet(43)) - raft.server.log.appender.buffer.byte-limit = 33554432 (custom)
2019-07-16 14:32:32,550 INFO  server.RaftServerConfigKeys (ConfUtils.java:logGet(43)) - raft.server.log.segment.size.max = 1048576 (custom)
2019-07-16 14:32:32,550 INFO  server.RaftServerConfigKeys (ConfUtils.java:logGet(43)) - raft.server.log.segment.cache.num.max = 2 (custom)
2019-07-16 14:32:32,551 INFO  segmented.SegmentedRaftLogWorker (SegmentedRaftLogWorker.java:<init>(172)) - new 7fa95842-6e55-4142-b267-1c1e9b428abe-SegmentedRaftLogWorker:Storage Directory /workdir/hadoop-ozone/integration-test/target/test-dir/MiniOzoneClusterImpl-1f34c511-1d11-4543-b7d5-4b9a7ceebc3e/datanode-4/data/ratis/8a3bb340-8bbe-4a93-aab4-e3561f1f78a4 for RaftStorage:Storage Directory /workdir/hadoop-ozone/integration-test/target/test-dir/MiniOzoneClusterImpl-1f34c511-1d11-4543-b7d5-4b9a7ceebc3e/datanode-4/data/ratis/8a3bb340-8bbe-4a93-aab4-e3561f1f78a4
2019-07-16 14:32:32,551 INFO  server.RaftServerConfigKeys (ConfUtils.java:logGet(43)) - raft.server.log.queue.byte-limit = 2147483647 (custom)
2019-07-16 14:32:32,551 INFO  server.RaftServerConfigKeys (ConfUtils.java:logGet(43)) - raft.server.log.queue.element-limit = 1024 (custom)
2019-07-16 14:32:32,551 INFO  server.RaftServerConfigKeys (ConfUtils.java:logGet(43)) - raft.server.log.segment.size.max = 1048576 (custom)
2019-07-16 14:32:32,551 INFO  server.RaftServerConfigKeys (ConfUtils.java:logGet(43)) - raft.server.log.preallocated.size = 16384 (custom)
2019-07-16 14:32:32,552 INFO  server.RaftServerConfigKeys (ConfUtils.java:logGet(43)) - raft.server.log.write.buffer.size = 33554432 (custom)
2019-07-16 14:32:32,552 INFO  server.RaftServerConfigKeys (ConfUtils.java:logGet(43)) - raft.server.log.force.sync.num = 128 (default)
2019-07-16 14:32:32,552 INFO  server.RaftServerConfigKeys (ConfUtils.java:logGet(43)) - raft.server.log.statemachine.data.sync = true (default)
2019-07-16 14:32:32,552 INFO  server.RaftServerConfigKeys (ConfUtils.java:logGet(43)) - raft.server.log.statemachine.data.sync.timeout = 10s (default)
2019-07-16 14:32:32,552 INFO  server.RaftServerConfigKeys (ConfUtils.java:logGet(43)) - raft.server.log.statemachine.data.sync.timeout.retry = -1 (default)
2019-07-16 14:32:32,553 INFO  server.RaftServerConfigKeys (ConfUtils.java:logGet(43)) - raft.server.log.statemachine.data.caching.enabled = true (custom)
2019-07-16 14:32:32,553 INFO  segmented.SegmentedRaftLogWorker (SegmentedRaftLogWorker.java:lambda$new$0(132)) - 7fa95842-6e55-4142-b267-1c1e9b428abe-SegmentedRaftLogWorker:Storage Directory /workdir/hadoop-ozone/integration-test/target/test-dir/MiniOzoneClusterImpl-1f34c511-1d11-4543-b7d5-4b9a7ceebc3e/datanode-4/data/ratis/8a3bb340-8bbe-4a93-aab4-e3561f1f78a4: flushIndex: setUnconditionally 0 -> -1
2019-07-16 14:32:32,554 INFO  server.RaftServerConfigKeys (ConfUtils.java:logGet(43)) - raft.server.snapshot.auto.trigger.enabled = true (custom)
2019-07-16 14:32:32,554 INFO  server.RaftServerConfigKeys (ConfUtils.java:logGet(43)) - raft.server.snapshot.auto.trigger.threshold = 10000 (custom)
2019-07-16 14:32:32,554 INFO  server.RaftServerConfigKeys (ConfUtils.java:logGet(43)) - raft.server.retrycache.expirytime = 600000ms (custom)
2019-07-16 14:32:32,554 INFO  impl.RaftServerImpl (RaftServerImpl.java:start(180)) - 7fa95842-6e55-4142-b267-1c1e9b428abe: start group-E3561F1F78A4
2019-07-16 14:32:32,555 INFO  impl.RaftServerImpl (RaftServerImpl.java:setRole(171)) - 7fa95842-6e55-4142-b267-1c1e9b428abe:group-E3561F1F78A4 changes role from null to FOLLOWER at term 0 for startAsFollower
2019-07-16 14:32:32,555 INFO  impl.RoleInfo (RoleInfo.java:updateAndGet(143)) - 7fa95842-6e55-4142-b267-1c1e9b428abe: start FollowerState
2019-07-16 14:32:32,555 INFO  util.JmxRegister (JmxRegister.java:tryRegister(44)) - Successfully registered JMX Bean with object name Ratis:service=RaftServer,group=group-E3561F1F78A4,id=7fa95842-6e55-4142-b267-1c1e9b428abe
2019-07-16 14:32:32,567 INFO  pipeline.PipelineStateManager (PipelineStateManager.java:addPipeline(56)) - Created pipeline Pipeline[ Id: 8a3bb340-8bbe-4a93-aab4-e3561f1f78a4, Nodes: 7fa95842-6e55-4142-b267-1c1e9b428abe{ip: 192.168.5.141, host: byscane-nightly-ppzk5-1864156943, networkLocation: /default-rack, certSerialId: null}, Type:RATIS, Factor:ONE, State:OPEN]
2019-07-16 14:32:32,585 INFO  impl.RaftServerProxy (RaftServerProxy.java:addNew(89)) - e19d2b87-01d6-43bb-9cd5-2cfb86789cab: addNew group-211C6157F7D7:[e19d2b87-01d6-43bb-9cd5-2cfb86789cab:192.168.5.141:34235] returns group-211C6157F7D7:java.util.concurrent.CompletableFuture@6c7c812a[Not completed]
2019-07-16 14:32:32,586 INFO  impl.RaftServerImpl (RaftServerImpl.java:<init>(93)) - e19d2b87-01d6-43bb-9cd5-2cfb86789cab: new RaftServerImpl for group-211C6157F7D7:[e19d2b87-01d6-43bb-9cd5-2cfb86789cab:192.168.5.141:34235] with ContainerStateMachine:uninitialized
2019-07-16 14:32:32,587 INFO  server.RaftServerConfigKeys (ConfUtils.java:logGet(43)) - raft.server.rpc.timeout.min = 5s (custom)
2019-07-16 14:32:32,588 INFO  server.RaftServerConfigKeys (ConfUtils.java:logGet(43)) - raft.server.rpc.timeout.max = 5200ms (custom)
2019-07-16 14:32:32,588 INFO  server.RaftServerConfigKeys (ConfUtils.java:logGet(43)) - raft.server.rpcslowness.timeout = 120s (custom)
2019-07-16 14:32:32,588 INFO  server.RaftServerConfigKeys (ConfUtils.java:logGet(43)) - raft.server.sleep.deviation.threshold = 300 (default)
2019-07-16 14:32:32,588 INFO  server.RaftServerConfigKeys (ConfUtils.java:logGet(43)) - raft.server.log.appender.install.snapshot.enabled = false (custom)
2019-07-16 14:32:32,588 INFO  impl.RaftServerImpl (ServerState.java:<init>(105)) - e19d2b87-01d6-43bb-9cd5-2cfb86789cab:group-211C6157F7D7 ConfigurationManager, init=-1: [e19d2b87-01d6-43bb-9cd5-2cfb86789cab:192.168.5.141:34235], old=null, confs=<EMPTY_MAP>
2019-07-16 14:32:32,588 INFO  server.RaftServerConfigKeys (ConfUtils.java:logGet(43)) - raft.server.storage.dir = [/workdir/hadoop-ozone/integration-test/target/test-dir/MiniOzoneClusterImpl-1f34c511-1d11-4543-b7d5-4b9a7ceebc3e/datanode-3/data/ratis] (custom)
2019-07-16 14:32:32,589 INFO  storage.RaftStorageDirectory (RaftStorageDirectory.java:analyzeStorage(246)) - The storage directory /workdir/hadoop-ozone/integration-test/target/test-dir/MiniOzoneClusterImpl-1f34c511-1d11-4543-b7d5-4b9a7ceebc3e/datanode-3/data/ratis/62f88a24-4953-4052-9df0-211c6157f7d7 does not exist. Creating ...
2019-07-16 14:32:32,594 INFO  storage.RaftStorageDirectory (RaftStorageDirectory.java:tryLock(328)) - Lock on /workdir/hadoop-ozone/integration-test/target/test-dir/MiniOzoneClusterImpl-1f34c511-1d11-4543-b7d5-4b9a7ceebc3e/datanode-3/data/ratis/62f88a24-4953-4052-9df0-211c6157f7d7/in_use.lock acquired by nodename 16881@byscane-nightly-ppzk5-1864156943
2019-07-16 14:32:32,597 INFO  storage.RaftStorage (RaftStorage.java:format(72)) - Storage directory /workdir/hadoop-ozone/integration-test/target/test-dir/MiniOzoneClusterImpl-1f34c511-1d11-4543-b7d5-4b9a7ceebc3e/datanode-3/data/ratis/62f88a24-4953-4052-9df0-211c6157f7d7 has been successfully formatted.
2019-07-16 14:32:32,597 INFO  ratis.ContainerStateMachine (ContainerStateMachine.java:loadSnapshot(199)) - group-211C6157F7D7: The snapshot info is null. Setting the last applied indexto:(t:0, i:~)
2019-07-16 14:32:32,597 INFO  server.RaftServerConfigKeys (ConfUtils.java:logGet(43)) - raft.server.leader.election.timeout = 120s (custom)
2019-07-16 14:32:32,598 INFO  server.RaftServerConfigKeys (ConfUtils.java:logGet(43)) - raft.server.log.use.memory = false (default)
2019-07-16 14:32:32,598 INFO  server.RaftServerConfigKeys (ConfUtils.java:logGet(43)) - raft.server.log.purge.gap = 1000000000 (custom)
2019-07-16 14:32:32,598 INFO  server.RaftServerConfigKeys (ConfUtils.java:logGet(43)) - raft.server.log.appender.buffer.byte-limit = 33554432 (custom)
2019-07-16 14:32:32,598 INFO  server.RaftServerConfigKeys (ConfUtils.java:logGet(43)) - raft.server.log.segment.size.max = 1048576 (custom)
2019-07-16 14:32:32,598 INFO  server.RaftServerConfigKeys (ConfUtils.java:logGet(43)) - raft.server.log.segment.cache.num.max = 2 (custom)
2019-07-16 14:32:32,598 INFO  segmented.SegmentedRaftLogWorker (SegmentedRaftLogWorker.java:<init>(172)) - new e19d2b87-01d6-43bb-9cd5-2cfb86789cab-SegmentedRaftLogWorker:Storage Directory /workdir/hadoop-ozone/integration-test/target/test-dir/MiniOzoneClusterImpl-1f34c511-1d11-4543-b7d5-4b9a7ceebc3e/datanode-3/data/ratis/62f88a24-4953-4052-9df0-211c6157f7d7 for RaftStorage:Storage Directory /workdir/hadoop-ozone/integration-test/target/test-dir/MiniOzoneClusterImpl-1f34c511-1d11-4543-b7d5-4b9a7ceebc3e/datanode-3/data/ratis/62f88a24-4953-4052-9df0-211c6157f7d7
2019-07-16 14:32:32,598 INFO  server.RaftServerConfigKeys (ConfUtils.java:logGet(43)) - raft.server.log.queue.byte-limit = 2147483647 (custom)
2019-07-16 14:32:32,598 INFO  server.RaftServerConfigKeys (ConfUtils.java:logGet(43)) - raft.server.log.queue.element-limit = 1024 (custom)
2019-07-16 14:32:32,599 INFO  server.RaftServerConfigKeys (ConfUtils.java:logGet(43)) - raft.server.log.segment.size.max = 1048576 (custom)
2019-07-16 14:32:32,599 INFO  server.RaftServerConfigKeys (ConfUtils.java:logGet(43)) - raft.server.log.preallocated.size = 16384 (custom)
2019-07-16 14:32:32,599 INFO  server.RaftServerConfigKeys (ConfUtils.java:logGet(43)) - raft.server.log.write.buffer.size = 33554432 (custom)
2019-07-16 14:32:32,599 INFO  server.RaftServerConfigKeys (ConfUtils.java:logGet(43)) - raft.server.log.force.sync.num = 128 (default)
2019-07-16 14:32:32,599 INFO  server.RaftServerConfigKeys (ConfUtils.java:logGet(43)) - raft.server.log.statemachine.data.sync = true (default)
2019-07-16 14:32:32,599 INFO  server.RaftServerConfigKeys (ConfUtils.java:logGet(43)) - raft.server.log.statemachine.data.sync.timeout = 10s (default)
2019-07-16 14:32:32,599 INFO  server.RaftServerConfigKeys (ConfUtils.java:logGet(43)) - raft.server.log.statemachine.data.sync.timeout.retry = -1 (default)
2019-07-16 14:32:32,600 INFO  server.RaftServerConfigKeys (ConfUtils.java:logGet(43)) - raft.server.log.statemachine.data.caching.enabled = true (custom)
2019-07-16 14:32:32,600 INFO  segmented.SegmentedRaftLogWorker (SegmentedRaftLogWorker.java:lambda$new$0(132)) - e19d2b87-01d6-43bb-9cd5-2cfb86789cab-SegmentedRaftLogWorker:Storage Directory /workdir/hadoop-ozone/integration-test/target/test-dir/MiniOzoneClusterImpl-1f34c511-1d11-4543-b7d5-4b9a7ceebc3e/datanode-3/data/ratis/62f88a24-4953-4052-9df0-211c6157f7d7: flushIndex: setUnconditionally 0 -> -1
2019-07-16 14:32:32,600 INFO  server.RaftServerConfigKeys (ConfUtils.java:logGet(43)) - raft.server.snapshot.auto.trigger.enabled = true (custom)
2019-07-16 14:32:32,600 INFO  server.RaftServerConfigKeys (ConfUtils.java:logGet(43)) - raft.server.snapshot.auto.trigger.threshold = 10000 (custom)
2019-07-16 14:32:32,601 INFO  server.RaftServerConfigKeys (ConfUtils.java:logGet(43)) - raft.server.retrycache.expirytime = 600000ms (custom)
2019-07-16 14:32:32,601 INFO  impl.RaftServerImpl (RaftServerImpl.java:start(180)) - e19d2b87-01d6-43bb-9cd5-2cfb86789cab: start group-211C6157F7D7
2019-07-16 14:32:32,601 INFO  impl.RaftServerImpl (RaftServerImpl.java:setRole(171)) - e19d2b87-01d6-43bb-9cd5-2cfb86789cab:group-211C6157F7D7 changes role from null to FOLLOWER at term 0 for startAsFollower
2019-07-16 14:32:32,601 INFO  impl.RoleInfo (RoleInfo.java:updateAndGet(143)) - e19d2b87-01d6-43bb-9cd5-2cfb86789cab: start FollowerState
2019-07-16 14:32:32,601 INFO  util.JmxRegister (JmxRegister.java:tryRegister(44)) - Successfully registered JMX Bean with object name Ratis:service=RaftServer,group=group-211C6157F7D7,id=e19d2b87-01d6-43bb-9cd5-2cfb86789cab
2019-07-16 14:32:32,616 INFO  pipeline.PipelineStateManager (PipelineStateManager.java:addPipeline(56)) - Created pipeline Pipeline[ Id: 62f88a24-4953-4052-9df0-211c6157f7d7, Nodes: e19d2b87-01d6-43bb-9cd5-2cfb86789cab{ip: 192.168.5.141, host: byscane-nightly-ppzk5-1864156943, networkLocation: /default-rack, certSerialId: null}, Type:RATIS, Factor:ONE, State:OPEN]
2019-07-16 14:32:32,650 INFO  impl.RaftServerProxy (RaftServerProxy.java:addNew(89)) - 620ac3e3-0d81-489c-8d7f-dcf211d1795a: addNew group-ED0C1C614C48:[5049a06b-eba5-42a5-bf64-e1d68a7991ea:192.168.5.141:32941, 620ac3e3-0d81-489c-8d7f-dcf211d1795a:192.168.5.141:46612, 3994e812-3b47-4c21-bbff-59c8cf50b976:192.168.5.141:41861] returns group-ED0C1C614C48:java.util.concurrent.CompletableFuture@52d78c89[Not completed]
2019-07-16 14:32:32,651 INFO  impl.RaftServerProxy (RaftServerProxy.java:addNew(89)) - 5049a06b-eba5-42a5-bf64-e1d68a7991ea: addNew group-ED0C1C614C48:[5049a06b-eba5-42a5-bf64-e1d68a7991ea:192.168.5.141:32941, 620ac3e3-0d81-489c-8d7f-dcf211d1795a:192.168.5.141:46612, 3994e812-3b47-4c21-bbff-59c8cf50b976:192.168.5.141:41861] returns group-ED0C1C614C48:java.util.concurrent.CompletableFuture@6fd1b3b2[Not completed]
2019-07-16 14:32:32,651 INFO  impl.RaftServerProxy (RaftServerProxy.java:addNew(89)) - 3994e812-3b47-4c21-bbff-59c8cf50b976: addNew group-ED0C1C614C48:[5049a06b-eba5-42a5-bf64-e1d68a7991ea:192.168.5.141:32941, 620ac3e3-0d81-489c-8d7f-dcf211d1795a:192.168.5.141:46612, 3994e812-3b47-4c21-bbff-59c8cf50b976:192.168.5.141:41861] returns group-ED0C1C614C48:java.util.concurrent.CompletableFuture@26a3a0eb[Not completed]
2019-07-16 14:32:32,651 INFO  impl.RaftServerImpl (RaftServerImpl.java:<init>(93)) - 620ac3e3-0d81-489c-8d7f-dcf211d1795a: new RaftServerImpl for group-ED0C1C614C48:[5049a06b-eba5-42a5-bf64-e1d68a7991ea:192.168.5.141:32941, 620ac3e3-0d81-489c-8d7f-dcf211d1795a:192.168.5.141:46612, 3994e812-3b47-4c21-bbff-59c8cf50b976:192.168.5.141:41861] with ContainerStateMachine:uninitialized
2019-07-16 14:32:32,652 INFO  server.RaftServerConfigKeys (ConfUtils.java:logGet(43)) - raft.server.rpc.timeout.min = 5s (custom)
2019-07-16 14:32:32,652 INFO  server.RaftServerConfigKeys (ConfUtils.java:logGet(43)) - raft.server.rpc.timeout.max = 5200ms (custom)
2019-07-16 14:32:32,652 INFO  impl.RaftServerImpl (RaftServerImpl.java:<init>(93)) - 3994e812-3b47-4c21-bbff-59c8cf50b976: new RaftServerImpl for group-ED0C1C614C48:[5049a06b-eba5-42a5-bf64-e1d68a7991ea:192.168.5.141:32941, 620ac3e3-0d81-489c-8d7f-dcf211d1795a:192.168.5.141:46612, 3994e812-3b47-4c21-bbff-59c8cf50b976:192.168.5.141:41861] with ContainerStateMachine:uninitialized
2019-07-16 14:32:32,652 INFO  server.RaftServerConfigKeys (ConfUtils.java:logGet(43)) - raft.server.rpcslowness.timeout = 120s (custom)
2019-07-16 14:32:32,652 INFO  server.RaftServerConfigKeys (ConfUtils.java:logGet(43)) - raft.server.rpc.timeout.min = 5s (custom)
2019-07-16 14:32:32,652 INFO  server.RaftServerConfigKeys (ConfUtils.java:logGet(43)) - raft.server.sleep.deviation.threshold = 300 (default)
2019-07-16 14:32:32,652 INFO  impl.RaftServerImpl (RaftServerImpl.java:<init>(93)) - 5049a06b-eba5-42a5-bf64-e1d68a7991ea: new RaftServerImpl for group-ED0C1C614C48:[5049a06b-eba5-42a5-bf64-e1d68a7991ea:192.168.5.141:32941, 620ac3e3-0d81-489c-8d7f-dcf211d1795a:192.168.5.141:46612, 3994e812-3b47-4c21-bbff-59c8cf50b976:192.168.5.141:41861] with ContainerStateMachine:uninitialized
2019-07-16 14:32:32,653 INFO  server.RaftServerConfigKeys (ConfUtils.java:logGet(43)) - raft.server.log.appender.install.snapshot.enabled = false (custom)
2019-07-16 14:32:32,652 INFO  server.RaftServerConfigKeys (ConfUtils.java:logGet(43)) - raft.server.rpc.timeout.max = 5200ms (custom)
2019-07-16 14:32:32,653 INFO  impl.RaftServerImpl (ServerState.java:<init>(105)) - 620ac3e3-0d81-489c-8d7f-dcf211d1795a:group-ED0C1C614C48 ConfigurationManager, init=-1: [5049a06b-eba5-42a5-bf64-e1d68a7991ea:192.168.5.141:32941, 620ac3e3-0d81-489c-8d7f-dcf211d1795a:192.168.5.141:46612, 3994e812-3b47-4c21-bbff-59c8cf50b976:192.168.5.141:41861], old=null, confs=<EMPTY_MAP>
2019-07-16 14:32:32,653 INFO  server.RaftServerConfigKeys (ConfUtils.java:logGet(43)) - raft.server.rpc.timeout.min = 5s (custom)
2019-07-16 14:32:32,653 INFO  server.RaftServerConfigKeys (ConfUtils.java:logGet(43)) - raft.server.rpcslowness.timeout = 120s (custom)
2019-07-16 14:32:32,653 INFO  server.RaftServerConfigKeys (ConfUtils.java:logGet(43)) - raft.server.rpc.timeout.max = 5200ms (custom)
2019-07-16 14:32:32,653 INFO  server.RaftServerConfigKeys (ConfUtils.java:logGet(43)) - raft.server.storage.dir = [/workdir/hadoop-ozone/integration-test/target/test-dir/MiniOzoneClusterImpl-1f34c511-1d11-4543-b7d5-4b9a7ceebc3e/datanode-6/data/ratis] (custom)
2019-07-16 14:32:32,653 INFO  server.RaftServerConfigKeys (ConfUtils.java:logGet(43)) - raft.server.rpcslowness.timeout = 120s (custom)
2019-07-16 14:32:32,654 INFO  server.RaftServerConfigKeys (ConfUtils.java:logGet(43)) - raft.server.sleep.deviation.threshold = 300 (default)
2019-07-16 14:32:32,653 INFO  server.RaftServerConfigKeys (ConfUtils.java:logGet(43)) - raft.server.sleep.deviation.threshold = 300 (default)
2019-07-16 14:32:32,654 INFO  server.RaftServerConfigKeys (ConfUtils.java:logGet(43)) - raft.server.log.appender.install.snapshot.enabled = false (custom)
2019-07-16 14:32:32,654 INFO  storage.RaftStorageDirectory (RaftStorageDirectory.java:analyzeStorage(246)) - The storage directory /workdir/hadoop-ozone/integration-test/target/test-dir/MiniOzoneClusterImpl-1f34c511-1d11-4543-b7d5-4b9a7ceebc3e/datanode-6/data/ratis/1029a3a8-77bf-428f-b0d9-ed0c1c614c48 does not exist. Creating ...
2019-07-16 14:32:32,654 INFO  server.RaftServerConfigKeys (ConfUtils.java:logGet(43)) - raft.server.log.appender.install.snapshot.enabled = false (custom)
2019-07-16 14:32:32,654 INFO  impl.RaftServerImpl (ServerState.java:<init>(105)) - 5049a06b-eba5-42a5-bf64-e1d68a7991ea:group-ED0C1C614C48 ConfigurationManager, init=-1: [5049a06b-eba5-42a5-bf64-e1d68a7991ea:192.168.5.141:32941, 620ac3e3-0d81-489c-8d7f-dcf211d1795a:192.168.5.141:46612, 3994e812-3b47-4c21-bbff-59c8cf50b976:192.168.5.141:41861], old=null, confs=<EMPTY_MAP>
2019-07-16 14:32:32,654 INFO  impl.RaftServerImpl (ServerState.java:<init>(105)) - 3994e812-3b47-4c21-bbff-59c8cf50b976:group-ED0C1C614C48 ConfigurationManager, init=-1: [5049a06b-eba5-42a5-bf64-e1d68a7991ea:192.168.5.141:32941, 620ac3e3-0d81-489c-8d7f-dcf211d1795a:192.168.5.141:46612, 3994e812-3b47-4c21-bbff-59c8cf50b976:192.168.5.141:41861], old=null, confs=<EMPTY_MAP>
2019-07-16 14:32:32,654 INFO  server.RaftServerConfigKeys (ConfUtils.java:logGet(43)) - raft.server.storage.dir = [/workdir/hadoop-ozone/integration-test/target/test-dir/MiniOzoneClusterImpl-1f34c511-1d11-4543-b7d5-4b9a7ceebc3e/datanode-1/data/ratis] (custom)
2019-07-16 14:32:32,654 INFO  server.RaftServerConfigKeys (ConfUtils.java:logGet(43)) - raft.server.storage.dir = [/workdir/hadoop-ozone/integration-test/target/test-dir/MiniOzoneClusterImpl-1f34c511-1d11-4543-b7d5-4b9a7ceebc3e/datanode-5/data/ratis] (custom)
2019-07-16 14:32:32,655 INFO  storage.RaftStorageDirectory (RaftStorageDirectory.java:analyzeStorage(246)) - The storage directory /workdir/hadoop-ozone/integration-test/target/test-dir/MiniOzoneClusterImpl-1f34c511-1d11-4543-b7d5-4b9a7ceebc3e/datanode-1/data/ratis/1029a3a8-77bf-428f-b0d9-ed0c1c614c48 does not exist. Creating ...
2019-07-16 14:32:32,655 INFO  storage.RaftStorageDirectory (RaftStorageDirectory.java:analyzeStorage(246)) - The storage directory /workdir/hadoop-ozone/integration-test/target/test-dir/MiniOzoneClusterImpl-1f34c511-1d11-4543-b7d5-4b9a7ceebc3e/datanode-5/data/ratis/1029a3a8-77bf-428f-b0d9-ed0c1c614c48 does not exist. Creating ...
2019-07-16 14:32:32,667 INFO  storage.RaftStorageDirectory (RaftStorageDirectory.java:tryLock(328)) - Lock on /workdir/hadoop-ozone/integration-test/target/test-dir/MiniOzoneClusterImpl-1f34c511-1d11-4543-b7d5-4b9a7ceebc3e/datanode-5/data/ratis/1029a3a8-77bf-428f-b0d9-ed0c1c614c48/in_use.lock acquired by nodename 16881@byscane-nightly-ppzk5-1864156943
2019-07-16 14:32:32,667 INFO  storage.RaftStorageDirectory (RaftStorageDirectory.java:tryLock(328)) - Lock on /workdir/hadoop-ozone/integration-test/target/test-dir/MiniOzoneClusterImpl-1f34c511-1d11-4543-b7d5-4b9a7ceebc3e/datanode-6/data/ratis/1029a3a8-77bf-428f-b0d9-ed0c1c614c48/in_use.lock acquired by nodename 16881@byscane-nightly-ppzk5-1864156943
2019-07-16 14:32:32,667 INFO  storage.RaftStorageDirectory (RaftStorageDirectory.java:tryLock(328)) - Lock on /workdir/hadoop-ozone/integration-test/target/test-dir/MiniOzoneClusterImpl-1f34c511-1d11-4543-b7d5-4b9a7ceebc3e/datanode-1/data/ratis/1029a3a8-77bf-428f-b0d9-ed0c1c614c48/in_use.lock acquired by nodename 16881@byscane-nightly-ppzk5-1864156943
2019-07-16 14:32:32,671 INFO  storage.RaftStorage (RaftStorage.java:format(72)) - Storage directory /workdir/hadoop-ozone/integration-test/target/test-dir/MiniOzoneClusterImpl-1f34c511-1d11-4543-b7d5-4b9a7ceebc3e/datanode-5/data/ratis/1029a3a8-77bf-428f-b0d9-ed0c1c614c48 has been successfully formatted.
2019-07-16 14:32:32,671 INFO  storage.RaftStorage (RaftStorage.java:format(72)) - Storage directory /workdir/hadoop-ozone/integration-test/target/test-dir/MiniOzoneClusterImpl-1f34c511-1d11-4543-b7d5-4b9a7ceebc3e/datanode-6/data/ratis/1029a3a8-77bf-428f-b0d9-ed0c1c614c48 has been successfully formatted.
2019-07-16 14:32:32,671 INFO  storage.RaftStorage (RaftStorage.java:format(72)) - Storage directory /workdir/hadoop-ozone/integration-test/target/test-dir/MiniOzoneClusterImpl-1f34c511-1d11-4543-b7d5-4b9a7ceebc3e/datanode-1/data/ratis/1029a3a8-77bf-428f-b0d9-ed0c1c614c48 has been successfully formatted.
2019-07-16 14:32:32,672 INFO  ratis.ContainerStateMachine (ContainerStateMachine.java:loadSnapshot(199)) - group-ED0C1C614C48: The snapshot info is null. Setting the last applied indexto:(t:0, i:~)
2019-07-16 14:32:32,672 INFO  ratis.ContainerStateMachine (ContainerStateMachine.java:loadSnapshot(199)) - group-ED0C1C614C48: The snapshot info is null. Setting the last applied indexto:(t:0, i:~)
2019-07-16 14:32:32,672 INFO  ratis.ContainerStateMachine (ContainerStateMachine.java:loadSnapshot(199)) - group-ED0C1C614C48: The snapshot info is null. Setting the last applied indexto:(t:0, i:~)
2019-07-16 14:32:32,672 INFO  server.RaftServerConfigKeys (ConfUtils.java:logGet(43)) - raft.server.leader.election.timeout = 120s (custom)
2019-07-16 14:32:32,672 INFO  server.RaftServerConfigKeys (ConfUtils.java:logGet(43)) - raft.server.leader.election.timeout = 120s (custom)
2019-07-16 14:32:32,672 INFO  server.RaftServerConfigKeys (ConfUtils.java:logGet(43)) - raft.server.leader.election.timeout = 120s (custom)
2019-07-16 14:32:32,672 INFO  server.RaftServerConfigKeys (ConfUtils.java:logGet(43)) - raft.server.log.use.memory = false (default)
2019-07-16 14:32:32,672 INFO  server.RaftServerConfigKeys (ConfUtils.java:logGet(43)) - raft.server.log.use.memory = false (default)
2019-07-16 14:32:32,673 INFO  server.RaftServerConfigKeys (ConfUtils.java:logGet(43)) - raft.server.log.purge.gap = 1000000000 (custom)
2019-07-16 14:32:32,672 INFO  server.RaftServerConfigKeys (ConfUtils.java:logGet(43)) - raft.server.log.use.memory = false (default)
2019-07-16 14:32:32,673 INFO  server.RaftServerConfigKeys (ConfUtils.java:logGet(43)) - raft.server.log.appender.buffer.byte-limit = 33554432 (custom)
2019-07-16 14:32:32,673 INFO  server.RaftServerConfigKeys (ConfUtils.java:logGet(43)) - raft.server.log.purge.gap = 1000000000 (custom)
2019-07-16 14:32:32,673 INFO  server.RaftServerConfigKeys (ConfUtils.java:logGet(43)) - raft.server.log.segment.size.max = 1048576 (custom)
2019-07-16 14:32:32,673 INFO  server.RaftServerConfigKeys (ConfUtils.java:logGet(43)) - raft.server.log.purge.gap = 1000000000 (custom)
2019-07-16 14:32:32,673 INFO  server.RaftServerConfigKeys (ConfUtils.java:logGet(43)) - raft.server.log.segment.cache.num.max = 2 (custom)
2019-07-16 14:32:32,673 INFO  server.RaftServerConfigKeys (ConfUtils.java:logGet(43)) - raft.server.log.appender.buffer.byte-limit = 33554432 (custom)
2019-07-16 14:32:32,674 INFO  segmented.SegmentedRaftLogWorker (SegmentedRaftLogWorker.java:<init>(172)) - new 5049a06b-eba5-42a5-bf64-e1d68a7991ea-SegmentedRaftLogWorker:Storage Directory /workdir/hadoop-ozone/integration-test/target/test-dir/MiniOzoneClusterImpl-1f34c511-1d11-4543-b7d5-4b9a7ceebc3e/datanode-1/data/ratis/1029a3a8-77bf-428f-b0d9-ed0c1c614c48 for RaftStorage:Storage Directory /workdir/hadoop-ozone/integration-test/target/test-dir/MiniOzoneClusterImpl-1f34c511-1d11-4543-b7d5-4b9a7ceebc3e/datanode-1/data/ratis/1029a3a8-77bf-428f-b0d9-ed0c1c614c48
2019-07-16 14:32:32,673 INFO  server.RaftServerConfigKeys (ConfUtils.java:logGet(43)) - raft.server.log.appender.buffer.byte-limit = 33554432 (custom)
2019-07-16 14:32:32,674 INFO  server.RaftServerConfigKeys (ConfUtils.java:logGet(43)) - raft.server.log.queue.byte-limit = 2147483647 (custom)
2019-07-16 14:32:32,674 INFO  server.RaftServerConfigKeys (ConfUtils.java:logGet(43)) - raft.server.log.segment.size.max = 1048576 (custom)
2019-07-16 14:32:32,675 INFO  server.RaftServerConfigKeys (ConfUtils.java:logGet(43)) - raft.server.log.queue.element-limit = 1024 (custom)
2019-07-16 14:32:32,675 INFO  server.RaftServerConfigKeys (ConfUtils.java:logGet(43)) - raft.server.log.segment.size.max = 1048576 (custom)
2019-07-16 14:32:32,676 INFO  server.RaftServerConfigKeys (ConfUtils.java:logGet(43)) - raft.server.log.segment.size.max = 1048576 (custom)
2019-07-16 14:32:32,676 INFO  server.RaftServerConfigKeys (ConfUtils.java:logGet(43)) - raft.server.log.segment.cache.num.max = 2 (custom)
2019-07-16 14:32:32,676 INFO  server.RaftServerConfigKeys (ConfUtils.java:logGet(43)) - raft.server.log.preallocated.size = 16384 (custom)
2019-07-16 14:32:32,676 INFO  server.RaftServerConfigKeys (ConfUtils.java:logGet(43)) - raft.server.log.segment.cache.num.max = 2 (custom)
2019-07-16 14:32:32,676 INFO  server.RaftServerConfigKeys (ConfUtils.java:logGet(43)) - raft.server.log.write.buffer.size = 33554432 (custom)
2019-07-16 14:32:32,676 INFO  segmented.SegmentedRaftLogWorker (SegmentedRaftLogWorker.java:<init>(172)) - new 620ac3e3-0d81-489c-8d7f-dcf211d1795a-SegmentedRaftLogWorker:Storage Directory /workdir/hadoop-ozone/integration-test/target/test-dir/MiniOzoneClusterImpl-1f34c511-1d11-4543-b7d5-4b9a7ceebc3e/datanode-6/data/ratis/1029a3a8-77bf-428f-b0d9-ed0c1c614c48 for RaftStorage:Storage Directory /workdir/hadoop-ozone/integration-test/target/test-dir/MiniOzoneClusterImpl-1f34c511-1d11-4543-b7d5-4b9a7ceebc3e/datanode-6/data/ratis/1029a3a8-77bf-428f-b0d9-ed0c1c614c48
2019-07-16 14:32:32,677 INFO  server.RaftServerConfigKeys (ConfUtils.java:logGet(43)) - raft.server.log.force.sync.num = 128 (default)
2019-07-16 14:32:32,676 INFO  segmented.SegmentedRaftLogWorker (SegmentedRaftLogWorker.java:<init>(172)) - new 3994e812-3b47-4c21-bbff-59c8cf50b976-SegmentedRaftLogWorker:Storage Directory /workdir/hadoop-ozone/integration-test/target/test-dir/MiniOzoneClusterImpl-1f34c511-1d11-4543-b7d5-4b9a7ceebc3e/datanode-5/data/ratis/1029a3a8-77bf-428f-b0d9-ed0c1c614c48 for RaftStorage:Storage Directory /workdir/hadoop-ozone/integration-test/target/test-dir/MiniOzoneClusterImpl-1f34c511-1d11-4543-b7d5-4b9a7ceebc3e/datanode-5/data/ratis/1029a3a8-77bf-428f-b0d9-ed0c1c614c48
2019-07-16 14:32:32,678 INFO  server.RaftServerConfigKeys (ConfUtils.java:logGet(43)) - raft.server.log.statemachine.data.sync = true (default)
2019-07-16 14:32:32,677 INFO  server.RaftServerConfigKeys (ConfUtils.java:logGet(43)) - raft.server.log.queue.byte-limit = 2147483647 (custom)
2019-07-16 14:32:32,679 INFO  server.RaftServerConfigKeys (ConfUtils.java:logGet(43)) - raft.server.log.statemachine.data.sync.timeout = 10s (default)
2019-07-16 14:32:32,678 INFO  server.RaftServerConfigKeys (ConfUtils.java:logGet(43)) - raft.server.log.queue.byte-limit = 2147483647 (custom)
2019-07-16 14:32:32,680 INFO  server.RaftServerConfigKeys (ConfUtils.java:logGet(43)) - raft.server.log.statemachine.data.sync.timeout.retry = -1 (default)
2019-07-16 14:32:32,680 INFO  server.RaftServerConfigKeys (ConfUtils.java:logGet(43)) - raft.server.log.queue.element-limit = 1024 (custom)
2019-07-16 14:32:32,680 INFO  server.RaftServerConfigKeys (ConfUtils.java:logGet(43)) - raft.server.log.statemachine.data.caching.enabled = true (custom)
2019-07-16 14:32:32,680 INFO  server.RaftServerConfigKeys (ConfUtils.java:logGet(43)) - raft.server.log.queue.element-limit = 1024 (custom)
2019-07-16 14:32:32,680 INFO  server.RaftServerConfigKeys (ConfUtils.java:logGet(43)) - raft.server.log.segment.size.max = 1048576 (custom)
2019-07-16 14:32:32,680 INFO  segmented.SegmentedRaftLogWorker (SegmentedRaftLogWorker.java:lambda$new$0(132)) - 5049a06b-eba5-42a5-bf64-e1d68a7991ea-SegmentedRaftLogWorker:Storage Directory /workdir/hadoop-ozone/integration-test/target/test-dir/MiniOzoneClusterImpl-1f34c511-1d11-4543-b7d5-4b9a7ceebc3e/datanode-1/data/ratis/1029a3a8-77bf-428f-b0d9-ed0c1c614c48: flushIndex: setUnconditionally 0 -> -1
2019-07-16 14:32:32,680 INFO  server.RaftServerConfigKeys (ConfUtils.java:logGet(43)) - raft.server.log.segment.size.max = 1048576 (custom)
2019-07-16 14:32:32,680 INFO  server.RaftServerConfigKeys (ConfUtils.java:logGet(43)) - raft.server.log.preallocated.size = 16384 (custom)
2019-07-16 14:32:32,681 INFO  server.RaftServerConfigKeys (ConfUtils.java:logGet(43)) - raft.server.snapshot.auto.trigger.enabled = true (custom)
2019-07-16 14:32:32,681 INFO  server.RaftServerConfigKeys (ConfUtils.java:logGet(43)) - raft.server.log.preallocated.size = 16384 (custom)
2019-07-16 14:32:32,681 INFO  server.RaftServerConfigKeys (ConfUtils.java:logGet(43)) - raft.server.snapshot.auto.trigger.threshold = 10000 (custom)
2019-07-16 14:32:32,681 INFO  server.RaftServerConfigKeys (ConfUtils.java:logGet(43)) - raft.server.log.write.buffer.size = 33554432 (custom)
2019-07-16 14:32:32,681 INFO  server.RaftServerConfigKeys (ConfUtils.java:logGet(43)) - raft.server.retrycache.expirytime = 600000ms (custom)
2019-07-16 14:32:32,681 INFO  server.RaftServerConfigKeys (ConfUtils.java:logGet(43)) - raft.server.log.write.buffer.size = 33554432 (custom)
2019-07-16 14:32:32,681 INFO  server.RaftServerConfigKeys (ConfUtils.java:logGet(43)) - raft.server.log.force.sync.num = 128 (default)
2019-07-16 14:32:32,682 INFO  server.RaftServerConfigKeys (ConfUtils.java:logGet(43)) - raft.server.log.force.sync.num = 128 (default)
2019-07-16 14:32:32,682 INFO  impl.RaftServerImpl (RaftServerImpl.java:start(180)) - 5049a06b-eba5-42a5-bf64-e1d68a7991ea: start group-ED0C1C614C48
2019-07-16 14:32:32,682 INFO  server.RaftServerConfigKeys (ConfUtils.java:logGet(43)) - raft.server.log.statemachine.data.sync = true (default)
2019-07-16 14:32:32,682 INFO  server.RaftServerConfigKeys (ConfUtils.java:logGet(43)) - raft.server.log.statemachine.data.sync = true (default)
2019-07-16 14:32:32,682 INFO  server.RaftServerConfigKeys (ConfUtils.java:logGet(43)) - raft.server.log.statemachine.data.sync.timeout = 10s (default)
2019-07-16 14:32:32,682 INFO  impl.RaftServerImpl (RaftServerImpl.java:setRole(171)) - 5049a06b-eba5-42a5-bf64-e1d68a7991ea:group-ED0C1C614C48 changes role from null to FOLLOWER at term 0 for startAsFollower
2019-07-16 14:32:32,682 INFO  server.RaftServerConfigKeys (ConfUtils.java:logGet(43)) - raft.server.log.statemachine.data.sync.timeout.retry = -1 (default)
2019-07-16 14:32:32,682 INFO  server.RaftServerConfigKeys (ConfUtils.java:logGet(43)) - raft.server.log.statemachine.data.sync.timeout = 10s (default)
2019-07-16 14:32:32,683 INFO  server.RaftServerConfigKeys (ConfUtils.java:logGet(43)) - raft.server.log.statemachine.data.caching.enabled = true (custom)
2019-07-16 14:32:32,683 INFO  impl.RoleInfo (RoleInfo.java:updateAndGet(143)) - 5049a06b-eba5-42a5-bf64-e1d68a7991ea: start FollowerState
2019-07-16 14:32:32,683 INFO  server.RaftServerConfigKeys (ConfUtils.java:logGet(43)) - raft.server.log.statemachine.data.sync.timeout.retry = -1 (default)
2019-07-16 14:32:32,683 INFO  segmented.SegmentedRaftLogWorker (SegmentedRaftLogWorker.java:lambda$new$0(132)) - 3994e812-3b47-4c21-bbff-59c8cf50b976-SegmentedRaftLogWorker:Storage Directory /workdir/hadoop-ozone/integration-test/target/test-dir/MiniOzoneClusterImpl-1f34c511-1d11-4543-b7d5-4b9a7ceebc3e/datanode-5/data/ratis/1029a3a8-77bf-428f-b0d9-ed0c1c614c48: flushIndex: setUnconditionally 0 -> -1
2019-07-16 14:32:32,683 INFO  server.RaftServerConfigKeys (ConfUtils.java:logGet(43)) - raft.server.log.statemachine.data.caching.enabled = true (custom)
2019-07-16 14:32:32,683 INFO  util.JmxRegister (JmxRegister.java:tryRegister(44)) - Successfully registered JMX Bean with object name Ratis:service=RaftServer,group=group-ED0C1C614C48,id=5049a06b-eba5-42a5-bf64-e1d68a7991ea
2019-07-16 14:32:32,683 INFO  server.RaftServerConfigKeys (ConfUtils.java:logGet(43)) - raft.server.snapshot.auto.trigger.enabled = true (custom)
2019-07-16 14:32:32,683 INFO  segmented.SegmentedRaftLogWorker (SegmentedRaftLogWorker.java:lambda$new$0(132)) - 620ac3e3-0d81-489c-8d7f-dcf211d1795a-SegmentedRaftLogWorker:Storage Directory /workdir/hadoop-ozone/integration-test/target/test-dir/MiniOzoneClusterImpl-1f34c511-1d11-4543-b7d5-4b9a7ceebc3e/datanode-6/data/ratis/1029a3a8-77bf-428f-b0d9-ed0c1c614c48: flushIndex: setUnconditionally 0 -> -1
2019-07-16 14:32:32,684 INFO  server.RaftServerConfigKeys (ConfUtils.java:logGet(43)) - raft.server.snapshot.auto.trigger.threshold = 10000 (custom)
2019-07-16 14:32:32,684 INFO  server.RaftServerConfigKeys (ConfUtils.java:logGet(43)) - raft.server.snapshot.auto.trigger.enabled = true (custom)
2019-07-16 14:32:32,684 INFO  server.RaftServerConfigKeys (ConfUtils.java:logGet(43)) - raft.server.retrycache.expirytime = 600000ms (custom)
2019-07-16 14:32:32,684 INFO  server.RaftServerConfigKeys (ConfUtils.java:logGet(43)) - raft.server.snapshot.auto.trigger.threshold = 10000 (custom)
2019-07-16 14:32:32,684 INFO  impl.RaftServerImpl (RaftServerImpl.java:start(180)) - 3994e812-3b47-4c21-bbff-59c8cf50b976: start group-ED0C1C614C48
2019-07-16 14:32:32,684 INFO  server.RaftServerConfigKeys (ConfUtils.java:logGet(43)) - raft.server.retrycache.expirytime = 600000ms (custom)
2019-07-16 14:32:32,684 INFO  impl.RaftServerImpl (RaftServerImpl.java:setRole(171)) - 3994e812-3b47-4c21-bbff-59c8cf50b976:group-ED0C1C614C48 changes role from null to FOLLOWER at term 0 for startAsFollower
2019-07-16 14:32:32,684 INFO  impl.RaftServerImpl (RaftServerImpl.java:start(180)) - 620ac3e3-0d81-489c-8d7f-dcf211d1795a: start group-ED0C1C614C48
2019-07-16 14:32:32,684 INFO  impl.RoleInfo (RoleInfo.java:updateAndGet(143)) - 3994e812-3b47-4c21-bbff-59c8cf50b976: start FollowerState
2019-07-16 14:32:32,684 INFO  impl.RaftServerImpl (RaftServerImpl.java:setRole(171)) - 620ac3e3-0d81-489c-8d7f-dcf211d1795a:group-ED0C1C614C48 changes role from null to FOLLOWER at term 0 for startAsFollower
2019-07-16 14:32:32,685 INFO  impl.RoleInfo (RoleInfo.java:updateAndGet(143)) - 620ac3e3-0d81-489c-8d7f-dcf211d1795a: start FollowerState
2019-07-16 14:32:32,685 INFO  util.JmxRegister (JmxRegister.java:tryRegister(44)) - Successfully registered JMX Bean with object name Ratis:service=RaftServer,group=group-ED0C1C614C48,id=3994e812-3b47-4c21-bbff-59c8cf50b976
2019-07-16 14:32:32,685 INFO  util.JmxRegister (JmxRegister.java:tryRegister(44)) - Successfully registered JMX Bean with object name Ratis:service=RaftServer,group=group-ED0C1C614C48,id=620ac3e3-0d81-489c-8d7f-dcf211d1795a
2019-07-16 14:32:32,699 INFO  pipeline.PipelineStateManager (PipelineStateManager.java:addPipeline(56)) - Created pipeline Pipeline[ Id: 1029a3a8-77bf-428f-b0d9-ed0c1c614c48, Nodes: 3994e812-3b47-4c21-bbff-59c8cf50b976{ip: 192.168.5.141, host: byscane-nightly-ppzk5-1864156943, networkLocation: /default-rack, certSerialId: null}620ac3e3-0d81-489c-8d7f-dcf211d1795a{ip: 192.168.5.141, host: byscane-nightly-ppzk5-1864156943, networkLocation: /default-rack, certSerialId: null}5049a06b-eba5-42a5-bf64-e1d68a7991ea{ip: 192.168.5.141, host: byscane-nightly-ppzk5-1864156943, networkLocation: /default-rack, certSerialId: null}, Type:RATIS, Factor:THREE, State:OPEN]
2019-07-16 14:32:32,729 INFO  impl.RaftServerProxy (RaftServerProxy.java:addNew(89)) - 3390190e-0202-4c2c-b249-cb982879fc90: addNew group-B9213CB54CD5:[3390190e-0202-4c2c-b249-cb982879fc90:192.168.5.141:45249, 7fa95842-6e55-4142-b267-1c1e9b428abe:192.168.5.141:33124, 36f2587b-910c-42a5-a774-eb59e4ea961e:192.168.5.141:33908] returns group-B9213CB54CD5:java.util.concurrent.CompletableFuture@83ba47c[Not completed]
2019-07-16 14:32:32,732 INFO  impl.RaftServerImpl (RaftServerImpl.java:<init>(93)) - 3390190e-0202-4c2c-b249-cb982879fc90: new RaftServerImpl for group-B9213CB54CD5:[3390190e-0202-4c2c-b249-cb982879fc90:192.168.5.141:45249, 7fa95842-6e55-4142-b267-1c1e9b428abe:192.168.5.141:33124, 36f2587b-910c-42a5-a774-eb59e4ea961e:192.168.5.141:33908] with ContainerStateMachine:uninitialized
2019-07-16 14:32:32,734 INFO  server.RaftServerConfigKeys (ConfUtils.java:logGet(43)) - raft.server.rpc.timeout.min = 5s (custom)
2019-07-16 14:32:32,734 INFO  impl.RaftServerProxy (RaftServerProxy.java:addNew(89)) - 7fa95842-6e55-4142-b267-1c1e9b428abe: addNew group-B9213CB54CD5:[3390190e-0202-4c2c-b249-cb982879fc90:192.168.5.141:45249, 7fa95842-6e55-4142-b267-1c1e9b428abe:192.168.5.141:33124, 36f2587b-910c-42a5-a774-eb59e4ea961e:192.168.5.141:33908] returns group-B9213CB54CD5:java.util.concurrent.CompletableFuture@3324e968[Not completed]
2019-07-16 14:32:32,734 INFO  server.RaftServerConfigKeys (ConfUtils.java:logGet(43)) - raft.server.rpc.timeout.max = 5200ms (custom)
2019-07-16 14:32:32,734 INFO  impl.RaftServerProxy (RaftServerProxy.java:addNew(89)) - 36f2587b-910c-42a5-a774-eb59e4ea961e: addNew group-B9213CB54CD5:[3390190e-0202-4c2c-b249-cb982879fc90:192.168.5.141:45249, 7fa95842-6e55-4142-b267-1c1e9b428abe:192.168.5.141:33124, 36f2587b-910c-42a5-a774-eb59e4ea961e:192.168.5.141:33908] returns group-B9213CB54CD5:java.util.concurrent.CompletableFuture@197127c[Not completed]
2019-07-16 14:32:32,734 INFO  server.RaftServerConfigKeys (ConfUtils.java:logGet(43)) - raft.server.rpcslowness.timeout = 120s (custom)
2019-07-16 14:32:32,734 INFO  impl.RaftServerImpl (RaftServerImpl.java:<init>(93)) - 7fa95842-6e55-4142-b267-1c1e9b428abe: new RaftServerImpl for group-B9213CB54CD5:[3390190e-0202-4c2c-b249-cb982879fc90:192.168.5.141:45249, 7fa95842-6e55-4142-b267-1c1e9b428abe:192.168.5.141:33124, 36f2587b-910c-42a5-a774-eb59e4ea961e:192.168.5.141:33908] with ContainerStateMachine:uninitialized
2019-07-16 14:32:32,735 INFO  server.RaftServerConfigKeys (ConfUtils.java:logGet(43)) - raft.server.sleep.deviation.threshold = 300 (default)
2019-07-16 14:32:32,735 INFO  server.RaftServerConfigKeys (ConfUtils.java:logGet(43)) - raft.server.rpc.timeout.min = 5s (custom)
2019-07-16 14:32:32,735 INFO  server.RaftServerConfigKeys (ConfUtils.java:logGet(43)) - raft.server.log.appender.install.snapshot.enabled = false (custom)
2019-07-16 14:32:32,735 INFO  server.RaftServerConfigKeys (ConfUtils.java:logGet(43)) - raft.server.rpc.timeout.max = 5200ms (custom)
2019-07-16 14:32:32,735 INFO  impl.RaftServerImpl (ServerState.java:<init>(105)) - 3390190e-0202-4c2c-b249-cb982879fc90:group-B9213CB54CD5 ConfigurationManager, init=-1: [3390190e-0202-4c2c-b249-cb982879fc90:192.168.5.141:45249, 7fa95842-6e55-4142-b267-1c1e9b428abe:192.168.5.141:33124, 36f2587b-910c-42a5-a774-eb59e4ea961e:192.168.5.141:33908], old=null, confs=<EMPTY_MAP>
2019-07-16 14:32:32,735 INFO  impl.RaftServerImpl (RaftServerImpl.java:<init>(93)) - 36f2587b-910c-42a5-a774-eb59e4ea961e: new RaftServerImpl for group-B9213CB54CD5:[3390190e-0202-4c2c-b249-cb982879fc90:192.168.5.141:45249, 7fa95842-6e55-4142-b267-1c1e9b428abe:192.168.5.141:33124, 36f2587b-910c-42a5-a774-eb59e4ea961e:192.168.5.141:33908] with ContainerStateMachine:uninitialized
2019-07-16 14:32:32,735 INFO  server.RaftServerConfigKeys (ConfUtils.java:logGet(43)) - raft.server.storage.dir = [/workdir/hadoop-ozone/integration-test/target/test-dir/MiniOzoneClusterImpl-1f34c511-1d11-4543-b7d5-4b9a7ceebc3e/datanode-2/data/ratis] (custom)
2019-07-16 14:32:32,735 INFO  server.RaftServerConfigKeys (ConfUtils.java:logGet(43)) - raft.server.rpcslowness.timeout = 120s (custom)
2019-07-16 14:32:32,735 INFO  server.RaftServerConfigKeys (ConfUtils.java:logGet(43)) - raft.server.rpc.timeout.min = 5s (custom)
2019-07-16 14:32:32,735 INFO  server.RaftServerConfigKeys (ConfUtils.java:logGet(43)) - raft.server.sleep.deviation.threshold = 300 (default)
2019-07-16 14:32:32,736 INFO  server.RaftServerConfigKeys (ConfUtils.java:logGet(43)) - raft.server.rpc.timeout.max = 5200ms (custom)
2019-07-16 14:32:32,736 INFO  storage.RaftStorageDirectory (RaftStorageDirectory.java:analyzeStorage(246)) - The storage directory /workdir/hadoop-ozone/integration-test/target/test-dir/MiniOzoneClusterImpl-1f34c511-1d11-4543-b7d5-4b9a7ceebc3e/datanode-2/data/ratis/41b1860d-d31d-4ac7-8944-b9213cb54cd5 does not exist. Creating ...
2019-07-16 14:32:32,736 INFO  server.RaftServerConfigKeys (ConfUtils.java:logGet(43)) - raft.server.log.appender.install.snapshot.enabled = false (custom)
2019-07-16 14:32:32,736 INFO  server.RaftServerConfigKeys (ConfUtils.java:logGet(43)) - raft.server.rpcslowness.timeout = 120s (custom)
2019-07-16 14:32:32,736 INFO  impl.RaftServerImpl (ServerState.java:<init>(105)) - 7fa95842-6e55-4142-b267-1c1e9b428abe:group-B9213CB54CD5 ConfigurationManager, init=-1: [3390190e-0202-4c2c-b249-cb982879fc90:192.168.5.141:45249, 7fa95842-6e55-4142-b267-1c1e9b428abe:192.168.5.141:33124, 36f2587b-910c-42a5-a774-eb59e4ea961e:192.168.5.141:33908], old=null, confs=<EMPTY_MAP>
2019-07-16 14:32:32,736 INFO  server.RaftServerConfigKeys (ConfUtils.java:logGet(43)) - raft.server.sleep.deviation.threshold = 300 (default)
2019-07-16 14:32:32,736 INFO  server.RaftServerConfigKeys (ConfUtils.java:logGet(43)) - raft.server.storage.dir = [/workdir/hadoop-ozone/integration-test/target/test-dir/MiniOzoneClusterImpl-1f34c511-1d11-4543-b7d5-4b9a7ceebc3e/datanode-4/data/ratis] (custom)
2019-07-16 14:32:32,736 INFO  server.RaftServerConfigKeys (ConfUtils.java:logGet(43)) - raft.server.log.appender.install.snapshot.enabled = false (custom)
2019-07-16 14:32:32,736 INFO  impl.RaftServerImpl (ServerState.java:<init>(105)) - 36f2587b-910c-42a5-a774-eb59e4ea961e:group-B9213CB54CD5 ConfigurationManager, init=-1: [3390190e-0202-4c2c-b249-cb982879fc90:192.168.5.141:45249, 7fa95842-6e55-4142-b267-1c1e9b428abe:192.168.5.141:33124, 36f2587b-910c-42a5-a774-eb59e4ea961e:192.168.5.141:33908], old=null, confs=<EMPTY_MAP>
2019-07-16 14:32:32,737 INFO  storage.RaftStorageDirectory (RaftStorageDirectory.java:analyzeStorage(246)) - The storage directory /workdir/hadoop-ozone/integration-test/target/test-dir/MiniOzoneClusterImpl-1f34c511-1d11-4543-b7d5-4b9a7ceebc3e/datanode-4/data/ratis/41b1860d-d31d-4ac7-8944-b9213cb54cd5 does not exist. Creating ...
2019-07-16 14:32:32,737 INFO  server.RaftServerConfigKeys (ConfUtils.java:logGet(43)) - raft.server.storage.dir = [/workdir/hadoop-ozone/integration-test/target/test-dir/MiniOzoneClusterImpl-1f34c511-1d11-4543-b7d5-4b9a7ceebc3e/datanode-0/data/ratis] (custom)
2019-07-16 14:32:32,737 INFO  storage.RaftStorageDirectory (RaftStorageDirectory.java:analyzeStorage(246)) - The storage directory /workdir/hadoop-ozone/integration-test/target/test-dir/MiniOzoneClusterImpl-1f34c511-1d11-4543-b7d5-4b9a7ceebc3e/datanode-0/data/ratis/41b1860d-d31d-4ac7-8944-b9213cb54cd5 does not exist. Creating ...
2019-07-16 14:32:32,743 INFO  storage.RaftStorageDirectory (RaftStorageDirectory.java:tryLock(328)) - Lock on /workdir/hadoop-ozone/integration-test/target/test-dir/MiniOzoneClusterImpl-1f34c511-1d11-4543-b7d5-4b9a7ceebc3e/datanode-2/data/ratis/41b1860d-d31d-4ac7-8944-b9213cb54cd5/in_use.lock acquired by nodename 16881@byscane-nightly-ppzk5-1864156943
2019-07-16 14:32:32,743 INFO  storage.RaftStorageDirectory (RaftStorageDirectory.java:tryLock(328)) - Lock on /workdir/hadoop-ozone/integration-test/target/test-dir/MiniOzoneClusterImpl-1f34c511-1d11-4543-b7d5-4b9a7ceebc3e/datanode-0/data/ratis/41b1860d-d31d-4ac7-8944-b9213cb54cd5/in_use.lock acquired by nodename 16881@byscane-nightly-ppzk5-1864156943
2019-07-16 14:32:32,743 INFO  storage.RaftStorageDirectory (RaftStorageDirectory.java:tryLock(328)) - Lock on /workdir/hadoop-ozone/integration-test/target/test-dir/MiniOzoneClusterImpl-1f34c511-1d11-4543-b7d5-4b9a7ceebc3e/datanode-4/data/ratis/41b1860d-d31d-4ac7-8944-b9213cb54cd5/in_use.lock acquired by nodename 16881@byscane-nightly-ppzk5-1864156943
2019-07-16 14:32:32,750 INFO  storage.RaftStorage (RaftStorage.java:format(72)) - Storage directory /workdir/hadoop-ozone/integration-test/target/test-dir/MiniOzoneClusterImpl-1f34c511-1d11-4543-b7d5-4b9a7ceebc3e/datanode-4/data/ratis/41b1860d-d31d-4ac7-8944-b9213cb54cd5 has been successfully formatted.
2019-07-16 14:32:32,750 INFO  storage.RaftStorage (RaftStorage.java:format(72)) - Storage directory /workdir/hadoop-ozone/integration-test/target/test-dir/MiniOzoneClusterImpl-1f34c511-1d11-4543-b7d5-4b9a7ceebc3e/datanode-0/data/ratis/41b1860d-d31d-4ac7-8944-b9213cb54cd5 has been successfully formatted.
2019-07-16 14:32:32,750 INFO  storage.RaftStorage (RaftStorage.java:format(72)) - Storage directory /workdir/hadoop-ozone/integration-test/target/test-dir/MiniOzoneClusterImpl-1f34c511-1d11-4543-b7d5-4b9a7ceebc3e/datanode-2/data/ratis/41b1860d-d31d-4ac7-8944-b9213cb54cd5 has been successfully formatted.
2019-07-16 14:32:32,751 INFO  ratis.ContainerStateMachine (ContainerStateMachine.java:loadSnapshot(199)) - group-B9213CB54CD5: The snapshot info is null. Setting the last applied indexto:(t:0, i:~)
2019-07-16 14:32:32,751 INFO  ratis.ContainerStateMachine (ContainerStateMachine.java:loadSnapshot(199)) - group-B9213CB54CD5: The snapshot info is null. Setting the last applied indexto:(t:0, i:~)
2019-07-16 14:32:32,751 INFO  ratis.ContainerStateMachine (ContainerStateMachine.java:loadSnapshot(199)) - group-B9213CB54CD5: The snapshot info is null. Setting the last applied indexto:(t:0, i:~)
2019-07-16 14:32:32,751 INFO  server.RaftServerConfigKeys (ConfUtils.java:logGet(43)) - raft.server.leader.election.timeout = 120s (custom)
2019-07-16 14:32:32,751 INFO  server.RaftServerConfigKeys (ConfUtils.java:logGet(43)) - raft.server.leader.election.timeout = 120s (custom)
2019-07-16 14:32:32,751 INFO  server.RaftServerConfigKeys (ConfUtils.java:logGet(43)) - raft.server.leader.election.timeout = 120s (custom)
2019-07-16 14:32:32,751 INFO  server.RaftServerConfigKeys (ConfUtils.java:logGet(43)) - raft.server.log.use.memory = false (default)
2019-07-16 14:32:32,751 INFO  server.RaftServerConfigKeys (ConfUtils.java:logGet(43)) - raft.server.log.use.memory = false (default)
2019-07-16 14:32:32,751 INFO  server.RaftServerConfigKeys (ConfUtils.java:logGet(43)) - raft.server.log.purge.gap = 1000000000 (custom)
2019-07-16 14:32:32,751 INFO  server.RaftServerConfigKeys (ConfUtils.java:logGet(43)) - raft.server.log.use.memory = false (default)
2019-07-16 14:32:32,752 INFO  server.RaftServerConfigKeys (ConfUtils.java:logGet(43)) - raft.server.log.appender.buffer.byte-limit = 33554432 (custom)
2019-07-16 14:32:32,751 INFO  server.RaftServerConfigKeys (ConfUtils.java:logGet(43)) - raft.server.log.purge.gap = 1000000000 (custom)
2019-07-16 14:32:32,752 INFO  server.RaftServerConfigKeys (ConfUtils.java:logGet(43)) - raft.server.log.segment.size.max = 1048576 (custom)
2019-07-16 14:32:32,752 INFO  server.RaftServerConfigKeys (ConfUtils.java:logGet(43)) - raft.server.log.purge.gap = 1000000000 (custom)
2019-07-16 14:32:32,752 INFO  server.RaftServerConfigKeys (ConfUtils.java:logGet(43)) - raft.server.log.segment.cache.num.max = 2 (custom)
2019-07-16 14:32:32,752 INFO  server.RaftServerConfigKeys (ConfUtils.java:logGet(43)) - raft.server.log.appender.buffer.byte-limit = 33554432 (custom)
2019-07-16 14:32:32,752 INFO  segmented.SegmentedRaftLogWorker (SegmentedRaftLogWorker.java:<init>(172)) - new 3390190e-0202-4c2c-b249-cb982879fc90-SegmentedRaftLogWorker:Storage Directory /workdir/hadoop-ozone/integration-test/target/test-dir/MiniOzoneClusterImpl-1f34c511-1d11-4543-b7d5-4b9a7ceebc3e/datanode-2/data/ratis/41b1860d-d31d-4ac7-8944-b9213cb54cd5 for RaftStorage:Storage Directory /workdir/hadoop-ozone/integration-test/target/test-dir/MiniOzoneClusterImpl-1f34c511-1d11-4543-b7d5-4b9a7ceebc3e/datanode-2/data/ratis/41b1860d-d31d-4ac7-8944-b9213cb54cd5
2019-07-16 14:32:32,752 INFO  server.RaftServerConfigKeys (ConfUtils.java:logGet(43)) - raft.server.log.appender.buffer.byte-limit = 33554432 (custom)
2019-07-16 14:32:32,752 INFO  server.RaftServerConfigKeys (ConfUtils.java:logGet(43)) - raft.server.log.queue.byte-limit = 2147483647 (custom)
2019-07-16 14:32:32,752 INFO  server.RaftServerConfigKeys (ConfUtils.java:logGet(43)) - raft.server.log.segment.size.max = 1048576 (custom)
2019-07-16 14:32:32,754 INFO  server.RaftServerConfigKeys (ConfUtils.java:logGet(43)) - raft.server.log.queue.element-limit = 1024 (custom)
2019-07-16 14:32:32,754 INFO  server.RaftServerConfigKeys (ConfUtils.java:logGet(43)) - raft.server.log.segment.size.max = 1048576 (custom)
2019-07-16 14:32:32,754 INFO  server.RaftServerConfigKeys (ConfUtils.java:logGet(43)) - raft.server.log.segment.size.max = 1048576 (custom)
2019-07-16 14:32:32,754 INFO  server.RaftServerConfigKeys (ConfUtils.java:logGet(43)) - raft.server.log.segment.cache.num.max = 2 (custom)
2019-07-16 14:32:32,754 INFO  server.RaftServerConfigKeys (ConfUtils.java:logGet(43)) - raft.server.log.preallocated.size = 16384 (custom)
2019-07-16 14:32:32,754 INFO  server.RaftServerConfigKeys (ConfUtils.java:logGet(43)) - raft.server.log.segment.cache.num.max = 2 (custom)
2019-07-16 14:32:32,754 INFO  server.RaftServerConfigKeys (ConfUtils.java:logGet(43)) - raft.server.log.write.buffer.size = 33554432 (custom)
2019-07-16 14:32:32,754 INFO  segmented.SegmentedRaftLogWorker (SegmentedRaftLogWorker.java:<init>(172)) - new 36f2587b-910c-42a5-a774-eb59e4ea961e-SegmentedRaftLogWorker:Storage Directory /workdir/hadoop-ozone/integration-test/target/test-dir/MiniOzoneClusterImpl-1f34c511-1d11-4543-b7d5-4b9a7ceebc3e/datanode-0/data/ratis/41b1860d-d31d-4ac7-8944-b9213cb54cd5 for RaftStorage:Storage Directory /workdir/hadoop-ozone/integration-test/target/test-dir/MiniOzoneClusterImpl-1f34c511-1d11-4543-b7d5-4b9a7ceebc3e/datanode-0/data/ratis/41b1860d-d31d-4ac7-8944-b9213cb54cd5
2019-07-16 14:32:32,754 INFO  server.RaftServerConfigKeys (ConfUtils.java:logGet(43)) - raft.server.log.force.sync.num = 128 (default)
2019-07-16 14:32:32,754 INFO  segmented.SegmentedRaftLogWorker (SegmentedRaftLogWorker.java:<init>(172)) - new 7fa95842-6e55-4142-b267-1c1e9b428abe-SegmentedRaftLogWorker:Storage Directory /workdir/hadoop-ozone/integration-test/target/test-dir/MiniOzoneClusterImpl-1f34c511-1d11-4543-b7d5-4b9a7ceebc3e/datanode-4/data/ratis/41b1860d-d31d-4ac7-8944-b9213cb54cd5 for RaftStorage:Storage Directory /workdir/hadoop-ozone/integration-test/target/test-dir/MiniOzoneClusterImpl-1f34c511-1d11-4543-b7d5-4b9a7ceebc3e/datanode-4/data/ratis/41b1860d-d31d-4ac7-8944-b9213cb54cd5
2019-07-16 14:32:32,755 INFO  server.RaftServerConfigKeys (ConfUtils.java:logGet(43)) - raft.server.log.statemachine.data.sync = true (default)
2019-07-16 14:32:32,755 INFO  server.RaftServerConfigKeys (ConfUtils.java:logGet(43)) - raft.server.log.queue.byte-limit = 2147483647 (custom)
2019-07-16 14:32:32,757 INFO  server.RaftServerConfigKeys (ConfUtils.java:logGet(43)) - raft.server.log.statemachine.data.sync.timeout = 10s (default)
2019-07-16 14:32:32,756 INFO  server.RaftServerConfigKeys (ConfUtils.java:logGet(43)) - raft.server.log.queue.byte-limit = 2147483647 (custom)
2019-07-16 14:32:32,757 INFO  server.RaftServerConfigKeys (ConfUtils.java:logGet(43)) - raft.server.log.statemachine.data.sync.timeout.retry = -1 (default)
2019-07-16 14:32:32,757 INFO  server.RaftServerConfigKeys (ConfUtils.java:logGet(43)) - raft.server.log.queue.element-limit = 1024 (custom)
2019-07-16 14:32:32,757 INFO  server.RaftServerConfigKeys (ConfUtils.java:logGet(43)) - raft.server.log.statemachine.data.caching.enabled = true (custom)
2019-07-16 14:32:32,757 INFO  server.RaftServerConfigKeys (ConfUtils.java:logGet(43)) - raft.server.log.queue.element-limit = 1024 (custom)
2019-07-16 14:32:32,758 INFO  server.RaftServerConfigKeys (ConfUtils.java:logGet(43)) - raft.server.log.segment.size.max = 1048576 (custom)
2019-07-16 14:32:32,758 INFO  segmented.SegmentedRaftLogWorker (SegmentedRaftLogWorker.java:lambda$new$0(132)) - 3390190e-0202-4c2c-b249-cb982879fc90-SegmentedRaftLogWorker:Storage Directory /workdir/hadoop-ozone/integration-test/target/test-dir/MiniOzoneClusterImpl-1f34c511-1d11-4543-b7d5-4b9a7ceebc3e/datanode-2/data/ratis/41b1860d-d31d-4ac7-8944-b9213cb54cd5: flushIndex: setUnconditionally 0 -> -1
2019-07-16 14:32:32,758 INFO  server.RaftServerConfigKeys (ConfUtils.java:logGet(43)) - raft.server.log.segment.size.max = 1048576 (custom)
2019-07-16 14:32:32,758 INFO  server.RaftServerConfigKeys (ConfUtils.java:logGet(43)) - raft.server.log.preallocated.size = 16384 (custom)
2019-07-16 14:32:32,758 INFO  server.RaftServerConfigKeys (ConfUtils.java:logGet(43)) - raft.server.snapshot.auto.trigger.enabled = true (custom)
2019-07-16 14:32:32,758 INFO  server.RaftServerConfigKeys (ConfUtils.java:logGet(43)) - raft.server.log.preallocated.size = 16384 (custom)
2019-07-16 14:32:32,758 INFO  server.RaftServerConfigKeys (ConfUtils.java:logGet(43)) - raft.server.snapshot.auto.trigger.threshold = 10000 (custom)
2019-07-16 14:32:32,758 INFO  server.RaftServerConfigKeys (ConfUtils.java:logGet(43)) - raft.server.log.write.buffer.size = 33554432 (custom)
2019-07-16 14:32:32,758 INFO  server.RaftServerConfigKeys (ConfUtils.java:logGet(43)) - raft.server.retrycache.expirytime = 600000ms (custom)
2019-07-16 14:32:32,758 INFO  server.RaftServerConfigKeys (ConfUtils.java:logGet(43)) - raft.server.log.write.buffer.size = 33554432 (custom)
2019-07-16 14:32:32,758 INFO  server.RaftServerConfigKeys (ConfUtils.java:logGet(43)) - raft.server.log.force.sync.num = 128 (default)
2019-07-16 14:32:32,759 INFO  server.RaftServerConfigKeys (ConfUtils.java:logGet(43)) - raft.server.log.force.sync.num = 128 (default)
2019-07-16 14:32:32,759 INFO  impl.RaftServerImpl (RaftServerImpl.java:start(180)) - 3390190e-0202-4c2c-b249-cb982879fc90: start group-B9213CB54CD5
2019-07-16 14:32:32,759 INFO  server.RaftServerConfigKeys (ConfUtils.java:logGet(43)) - raft.server.log.statemachine.data.sync = true (default)
2019-07-16 14:32:32,759 INFO  server.RaftServerConfigKeys (ConfUtils.java:logGet(43)) - raft.server.log.statemachine.data.sync = true (default)
2019-07-16 14:32:32,759 INFO  server.RaftServerConfigKeys (ConfUtils.java:logGet(43)) - raft.server.log.statemachine.data.sync.timeout = 10s (default)
2019-07-16 14:32:32,759 INFO  impl.RaftServerImpl (RaftServerImpl.java:setRole(171)) - 3390190e-0202-4c2c-b249-cb982879fc90:group-B9213CB54CD5 changes role from null to FOLLOWER at term 0 for startAsFollower
2019-07-16 14:32:32,759 INFO  server.RaftServerConfigKeys (ConfUtils.java:logGet(43)) - raft.server.log.statemachine.data.sync.timeout.retry = -1 (default)
2019-07-16 14:32:32,759 INFO  server.RaftServerConfigKeys (ConfUtils.java:logGet(43)) - raft.server.log.statemachine.data.sync.timeout = 10s (default)
2019-07-16 14:32:32,759 INFO  server.RaftServerConfigKeys (ConfUtils.java:logGet(43)) - raft.server.log.statemachine.data.caching.enabled = true (custom)
2019-07-16 14:32:32,759 INFO  impl.RoleInfo (RoleInfo.java:updateAndGet(143)) - 3390190e-0202-4c2c-b249-cb982879fc90: start FollowerState
2019-07-16 14:32:32,759 INFO  server.RaftServerConfigKeys (ConfUtils.java:logGet(43)) - raft.server.log.statemachine.data.sync.timeout.retry = -1 (default)
2019-07-16 14:32:32,760 INFO  segmented.SegmentedRaftLogWorker (SegmentedRaftLogWorker.java:lambda$new$0(132)) - 7fa95842-6e55-4142-b267-1c1e9b428abe-SegmentedRaftLogWorker:Storage Directory /workdir/hadoop-ozone/integration-test/target/test-dir/MiniOzoneClusterImpl-1f34c511-1d11-4543-b7d5-4b9a7ceebc3e/datanode-4/data/ratis/41b1860d-d31d-4ac7-8944-b9213cb54cd5: flushIndex: setUnconditionally 0 -> -1
2019-07-16 14:32:32,760 INFO  server.RaftServerConfigKeys (ConfUtils.java:logGet(43)) - raft.server.log.statemachine.data.caching.enabled = true (custom)
2019-07-16 14:32:32,760 INFO  util.JmxRegister (JmxRegister.java:tryRegister(44)) - Successfully registered JMX Bean with object name Ratis:service=RaftServer,group=group-B9213CB54CD5,id=3390190e-0202-4c2c-b249-cb982879fc90
2019-07-16 14:32:32,760 INFO  server.RaftServerConfigKeys (ConfUtils.java:logGet(43)) - raft.server.snapshot.auto.trigger.enabled = true (custom)
2019-07-16 14:32:32,760 INFO  segmented.SegmentedRaftLogWorker (SegmentedRaftLogWorker.java:lambda$new$0(132)) - 36f2587b-910c-42a5-a774-eb59e4ea961e-SegmentedRaftLogWorker:Storage Directory /workdir/hadoop-ozone/integration-test/target/test-dir/MiniOzoneClusterImpl-1f34c511-1d11-4543-b7d5-4b9a7ceebc3e/datanode-0/data/ratis/41b1860d-d31d-4ac7-8944-b9213cb54cd5: flushIndex: setUnconditionally 0 -> -1
2019-07-16 14:32:32,760 INFO  server.RaftServerConfigKeys (ConfUtils.java:logGet(43)) - raft.server.snapshot.auto.trigger.threshold = 10000 (custom)
2019-07-16 14:32:32,760 INFO  server.RaftServerConfigKeys (ConfUtils.java:logGet(43)) - raft.server.snapshot.auto.trigger.enabled = true (custom)
2019-07-16 14:32:32,760 INFO  server.RaftServerConfigKeys (ConfUtils.java:logGet(43)) - raft.server.retrycache.expirytime = 600000ms (custom)
2019-07-16 14:32:32,760 INFO  server.RaftServerConfigKeys (ConfUtils.java:logGet(43)) - raft.server.snapshot.auto.trigger.threshold = 10000 (custom)
2019-07-16 14:32:32,760 INFO  impl.RaftServerImpl (RaftServerImpl.java:start(180)) - 7fa95842-6e55-4142-b267-1c1e9b428abe: start group-B9213CB54CD5
2019-07-16 14:32:32,760 INFO  impl.RaftServerImpl (RaftServerImpl.java:setRole(171)) - 7fa95842-6e55-4142-b267-1c1e9b428abe:group-B9213CB54CD5 changes role from null to FOLLOWER at term 0 for startAsFollower
2019-07-16 14:32:32,760 INFO  server.RaftServerConfigKeys (ConfUtils.java:logGet(43)) - raft.server.retrycache.expirytime = 600000ms (custom)
2019-07-16 14:32:32,761 INFO  impl.RoleInfo (RoleInfo.java:updateAndGet(143)) - 7fa95842-6e55-4142-b267-1c1e9b428abe: start FollowerState
2019-07-16 14:32:32,761 INFO  impl.RaftServerImpl (RaftServerImpl.java:start(180)) - 36f2587b-910c-42a5-a774-eb59e4ea961e: start group-B9213CB54CD5
2019-07-16 14:32:32,761 INFO  impl.RaftServerImpl (RaftServerImpl.java:setRole(171)) - 36f2587b-910c-42a5-a774-eb59e4ea961e:group-B9213CB54CD5 changes role from null to FOLLOWER at term 0 for startAsFollower
2019-07-16 14:32:32,761 INFO  util.JmxRegister (JmxRegister.java:tryRegister(44)) - Successfully registered JMX Bean with object name Ratis:service=RaftServer,group=group-B9213CB54CD5,id=7fa95842-6e55-4142-b267-1c1e9b428abe
2019-07-16 14:32:32,761 INFO  impl.RoleInfo (RoleInfo.java:updateAndGet(143)) - 36f2587b-910c-42a5-a774-eb59e4ea961e: start FollowerState
2019-07-16 14:32:32,761 INFO  util.JmxRegister (JmxRegister.java:tryRegister(44)) - Successfully registered JMX Bean with object name Ratis:service=RaftServer,group=group-B9213CB54CD5,id=36f2587b-910c-42a5-a774-eb59e4ea961e
2019-07-16 14:32:32,779 INFO  pipeline.PipelineStateManager (PipelineStateManager.java:addPipeline(56)) - Created pipeline Pipeline[ Id: 41b1860d-d31d-4ac7-8944-b9213cb54cd5, Nodes: 3390190e-0202-4c2c-b249-cb982879fc90{ip: 192.168.5.141, host: byscane-nightly-ppzk5-1864156943, networkLocation: /default-rack, certSerialId: null}36f2587b-910c-42a5-a774-eb59e4ea961e{ip: 192.168.5.141, host: byscane-nightly-ppzk5-1864156943, networkLocation: /default-rack, certSerialId: null}7fa95842-6e55-4142-b267-1c1e9b428abe{ip: 192.168.5.141, host: byscane-nightly-ppzk5-1864156943, networkLocation: /default-rack, certSerialId: null}, Type:RATIS, Factor:THREE, State:OPEN]
2019-07-16 14:32:33,324 INFO  ozone.MiniOzoneClusterImpl (MiniOzoneClusterImpl.java:lambda$waitForClusterToBeReady$0(142)) - Cluster is ready. Got 7 of 7 DN Heartbeats.
2019-07-16 14:32:33,675 INFO  rpc.RpcClient (RpcClient.java:createVolume(287)) - Creating Volume: closecontainerexceptionhandlingtest, with jenkins1000 as owner.
2019-07-16 14:32:33,731 INFO  rpc.RpcClient (RpcClient.java:createBucket(424)) - Creating Bucket: closecontainerexceptionhandlingtest/closecontainerexceptionhandlingtest, with Versioning false and Storage Type set to DISK and Encryption set to false 
2019-07-16 14:32:34,047 INFO  client.GrpcClientProtocolClient (GrpcClientProtocolClient.java:onNext(255)) - client-460FDC36ADEC->3994e812-3b47-4c21-bbff-59c8cf50b976: receive RaftClientReply:client-460FDC36ADEC->3994e812-3b47-4c21-bbff-59c8cf50b976@group-ED0C1C614C48, cid=13, FAILED org.apache.ratis.protocol.NotLeaderException: Server 3994e812-3b47-4c21-bbff-59c8cf50b976 is not the leader (null). Request must be sent to leader., logIndex=0, commits[3994e812-3b47-4c21-bbff-59c8cf50b976:c-1]
2019-07-16 14:32:35,102 INFO  client.GrpcClientProtocolClient (GrpcClientProtocolClient.java:onNext(255)) - client-460FDC36ADEC->620ac3e3-0d81-489c-8d7f-dcf211d1795a: receive RaftClientReply:client-460FDC36ADEC->620ac3e3-0d81-489c-8d7f-dcf211d1795a@group-ED0C1C614C48, cid=13, FAILED org.apache.ratis.protocol.NotLeaderException: Server 620ac3e3-0d81-489c-8d7f-dcf211d1795a is not the leader (null). Request must be sent to leader., logIndex=0, commits[620ac3e3-0d81-489c-8d7f-dcf211d1795a:c-1]
2019-07-16 14:32:36,129 INFO  client.GrpcClientProtocolClient (GrpcClientProtocolClient.java:onNext(255)) - client-460FDC36ADEC->3994e812-3b47-4c21-bbff-59c8cf50b976: receive RaftClientReply:client-460FDC36ADEC->3994e812-3b47-4c21-bbff-59c8cf50b976@group-ED0C1C614C48, cid=13, FAILED org.apache.ratis.protocol.NotLeaderException: Server 3994e812-3b47-4c21-bbff-59c8cf50b976 is not the leader (null). Request must be sent to leader., logIndex=0, commits[3994e812-3b47-4c21-bbff-59c8cf50b976:c-1]
2019-07-16 14:32:37,164 INFO  client.GrpcClientProtocolClient (GrpcClientProtocolClient.java:onNext(255)) - client-460FDC36ADEC->5049a06b-eba5-42a5-bf64-e1d68a7991ea: receive RaftClientReply:client-460FDC36ADEC->5049a06b-eba5-42a5-bf64-e1d68a7991ea@group-ED0C1C614C48, cid=13, FAILED org.apache.ratis.protocol.NotLeaderException: Server 5049a06b-eba5-42a5-bf64-e1d68a7991ea is not the leader (null). Request must be sent to leader., logIndex=0, commits[5049a06b-eba5-42a5-bf64-e1d68a7991ea:c-1]
2019-07-16 14:32:37,213 INFO  impl.FollowerState (FollowerState.java:run(106)) - 36f2587b-910c-42a5-a774-eb59e4ea961e:group-AE7F6C0B0426 changes to CANDIDATE, lastRpcTime:5065, electionTimeout:5064ms
2019-07-16 14:32:37,213 INFO  impl.RoleInfo (RoleInfo.java:shutdownFollowerState(121)) - 36f2587b-910c-42a5-a774-eb59e4ea961e: shutdown FollowerState
2019-07-16 14:32:37,213 INFO  impl.RaftServerImpl (RaftServerImpl.java:setRole(171)) - 36f2587b-910c-42a5-a774-eb59e4ea961e:group-AE7F6C0B0426 changes role from FOLLOWER to CANDIDATE at term 0 for changeToCandidate
2019-07-16 14:32:37,217 INFO  impl.RoleInfo (RoleInfo.java:updateAndGet(143)) - 36f2587b-910c-42a5-a774-eb59e4ea961e: start LeaderElection
2019-07-16 14:32:37,275 INFO  impl.LeaderElection (LeaderElection.java:askForVotes(181)) - 36f2587b-910c-42a5-a774-eb59e4ea961e:group-AE7F6C0B0426:LeaderElection1: begin an election at term 1 for -1: [36f2587b-910c-42a5-a774-eb59e4ea961e:192.168.5.141:33908], old=null
2019-07-16 14:32:37,277 INFO  impl.RoleInfo (RoleInfo.java:shutdownLeaderElection(134)) - 36f2587b-910c-42a5-a774-eb59e4ea961e: shutdown LeaderElection
2019-07-16 14:32:37,277 INFO  impl.RaftServerImpl (RaftServerImpl.java:setRole(171)) - 36f2587b-910c-42a5-a774-eb59e4ea961e:group-AE7F6C0B0426 changes role from CANDIDATE to LEADER at term 1 for changeToLeader
2019-07-16 14:32:37,278 INFO  impl.RaftServerImpl (ServerState.java:setLeader(263)) - 36f2587b-910c-42a5-a774-eb59e4ea961e:group-AE7F6C0B0426 change Leader from null to 36f2587b-910c-42a5-a774-eb59e4ea961e at term 1 for becomeLeader, leader elected after 5208ms
2019-07-16 14:32:37,284 INFO  server.RaftServerConfigKeys (ConfUtils.java:logGet(43)) - raft.server.staging.catchup.gap = 1000 (default)
2019-07-16 14:32:37,285 INFO  server.RaftServerConfigKeys (ConfUtils.java:logGet(43)) - raft.server.rpc.sleep.time = 25ms (default)
2019-07-16 14:32:37,288 INFO  server.RaftServerConfigKeys (ConfUtils.java:logGet(43)) - raft.server.write.element-limit = 4096 (default)
2019-07-16 14:32:37,291 INFO  server.RaftServerConfigKeys (ConfUtils.java:logGet(43)) - raft.server.watch.timeout = 10s (default)
2019-07-16 14:32:37,291 INFO  server.RaftServerConfigKeys (ConfUtils.java:logGet(43)) - raft.server.watch.timeout.denomination = 1s (default)
2019-07-16 14:32:37,292 INFO  server.RaftServerConfigKeys (ConfUtils.java:logGet(43)) - raft.server.watch.element-limit = 65536 (default)
2019-07-16 14:32:37,302 INFO  impl.RoleInfo (RoleInfo.java:updateAndGet(143)) - 36f2587b-910c-42a5-a774-eb59e4ea961e: start LeaderState
2019-07-16 14:32:37,327 INFO  segmented.SegmentedRaftLogWorker (SegmentedRaftLogWorker.java:startLogSegment(380)) - 36f2587b-910c-42a5-a774-eb59e4ea961e-SegmentedRaftLogWorker:Storage Directory /workdir/hadoop-ozone/integration-test/target/test-dir/MiniOzoneClusterImpl-1f34c511-1d11-4543-b7d5-4b9a7ceebc3e/datanode-0/data/ratis/76bf9818-3be9-414a-ba28-ae7f6c0b0426: Starting segment from index:0
2019-07-16 14:32:37,335 INFO  impl.RaftServerImpl (ServerState.java:setRaftConf(361)) - 36f2587b-910c-42a5-a774-eb59e4ea961e:group-AE7F6C0B0426 set configuration 0: [36f2587b-910c-42a5-a774-eb59e4ea961e:192.168.5.141:33908], old=null at 0
2019-07-16 14:32:37,349 INFO  impl.FollowerState (FollowerState.java:run(106)) - 3994e812-3b47-4c21-bbff-59c8cf50b976:group-B192926BC85B changes to CANDIDATE, lastRpcTime:5044, electionTimeout:5043ms
2019-07-16 14:32:37,351 INFO  impl.RoleInfo (RoleInfo.java:shutdownFollowerState(121)) - 3994e812-3b47-4c21-bbff-59c8cf50b976: shutdown FollowerState
2019-07-16 14:32:37,351 INFO  impl.RaftServerImpl (RaftServerImpl.java:setRole(171)) - 3994e812-3b47-4c21-bbff-59c8cf50b976:group-B192926BC85B changes role from FOLLOWER to CANDIDATE at term 0 for changeToCandidate
2019-07-16 14:32:37,351 INFO  impl.RoleInfo (RoleInfo.java:updateAndGet(143)) - 3994e812-3b47-4c21-bbff-59c8cf50b976: start LeaderElection
2019-07-16 14:32:37,362 INFO  impl.LeaderElection (LeaderElection.java:askForVotes(181)) - 3994e812-3b47-4c21-bbff-59c8cf50b976:group-B192926BC85B:LeaderElection2: begin an election at term 1 for -1: [3994e812-3b47-4c21-bbff-59c8cf50b976:192.168.5.141:41861], old=null
2019-07-16 14:32:37,364 INFO  impl.RoleInfo (RoleInfo.java:shutdownLeaderElection(134)) - 3994e812-3b47-4c21-bbff-59c8cf50b976: shutdown LeaderElection
2019-07-16 14:32:37,364 INFO  impl.RaftServerImpl (RaftServerImpl.java:setRole(171)) - 3994e812-3b47-4c21-bbff-59c8cf50b976:group-B192926BC85B changes role from CANDIDATE to LEADER at term 1 for changeToLeader
2019-07-16 14:32:37,364 INFO  impl.RaftServerImpl (ServerState.java:setLeader(263)) - 3994e812-3b47-4c21-bbff-59c8cf50b976:group-B192926BC85B change Leader from null to 3994e812-3b47-4c21-bbff-59c8cf50b976 at term 1 for becomeLeader, leader elected after 5063ms
2019-07-16 14:32:37,364 INFO  server.RaftServerConfigKeys (ConfUtils.java:logGet(43)) - raft.server.staging.catchup.gap = 1000 (default)
2019-07-16 14:32:37,364 INFO  server.RaftServerConfigKeys (ConfUtils.java:logGet(43)) - raft.server.rpc.sleep.time = 25ms (default)
2019-07-16 14:32:37,364 INFO  server.RaftServerConfigKeys (ConfUtils.java:logGet(43)) - raft.server.write.element-limit = 4096 (default)
2019-07-16 14:32:37,365 INFO  server.RaftServerConfigKeys (ConfUtils.java:logGet(43)) - raft.server.watch.timeout = 10s (default)
2019-07-16 14:32:37,365 INFO  server.RaftServerConfigKeys (ConfUtils.java:logGet(43)) - raft.server.watch.timeout.denomination = 1s (default)
2019-07-16 14:32:37,365 INFO  server.RaftServerConfigKeys (ConfUtils.java:logGet(43)) - raft.server.watch.element-limit = 65536 (default)
2019-07-16 14:32:37,365 INFO  impl.RoleInfo (RoleInfo.java:updateAndGet(143)) - 3994e812-3b47-4c21-bbff-59c8cf50b976: start LeaderState
2019-07-16 14:32:37,365 INFO  segmented.SegmentedRaftLogWorker (SegmentedRaftLogWorker.java:startLogSegment(380)) - 3994e812-3b47-4c21-bbff-59c8cf50b976-SegmentedRaftLogWorker:Storage Directory /workdir/hadoop-ozone/integration-test/target/test-dir/MiniOzoneClusterImpl-1f34c511-1d11-4543-b7d5-4b9a7ceebc3e/datanode-5/data/ratis/7e079b2f-2404-4ae2-92fe-b192926bc85b: Starting segment from index:0
2019-07-16 14:32:37,366 INFO  impl.RaftServerImpl (ServerState.java:setRaftConf(361)) - 3994e812-3b47-4c21-bbff-59c8cf50b976:group-B192926BC85B set configuration 0: [3994e812-3b47-4c21-bbff-59c8cf50b976:192.168.5.141:41861], old=null at 0
2019-07-16 14:32:37,541 INFO  segmented.SegmentedRaftLogWorker (SegmentedRaftLogWorker.java:execute(569)) - 36f2587b-910c-42a5-a774-eb59e4ea961e-SegmentedRaftLogWorker:Storage Directory /workdir/hadoop-ozone/integration-test/target/test-dir/MiniOzoneClusterImpl-1f34c511-1d11-4543-b7d5-4b9a7ceebc3e/datanode-0/data/ratis/76bf9818-3be9-414a-ba28-ae7f6c0b0426: created new log segment /workdir/hadoop-ozone/integration-test/target/test-dir/MiniOzoneClusterImpl-1f34c511-1d11-4543-b7d5-4b9a7ceebc3e/datanode-0/data/ratis/76bf9818-3be9-414a-ba28-ae7f6c0b0426/current/log_inprogress_0
2019-07-16 14:32:37,541 INFO  segmented.SegmentedRaftLogWorker (SegmentedRaftLogWorker.java:execute(569)) - 3994e812-3b47-4c21-bbff-59c8cf50b976-SegmentedRaftLogWorker:Storage Directory /workdir/hadoop-ozone/integration-test/target/test-dir/MiniOzoneClusterImpl-1f34c511-1d11-4543-b7d5-4b9a7ceebc3e/datanode-5/data/ratis/7e079b2f-2404-4ae2-92fe-b192926bc85b: created new log segment /workdir/hadoop-ozone/integration-test/target/test-dir/MiniOzoneClusterImpl-1f34c511-1d11-4543-b7d5-4b9a7ceebc3e/datanode-5/data/ratis/7e079b2f-2404-4ae2-92fe-b192926bc85b/current/log_inprogress_0
2019-07-16 14:32:37,550 INFO  impl.FollowerState (FollowerState.java:run(106)) - 5049a06b-eba5-42a5-bf64-e1d68a7991ea:group-8778A522D890 changes to CANDIDATE, lastRpcTime:5170, electionTimeout:5170ms
2019-07-16 14:32:37,552 INFO  impl.RoleInfo (RoleInfo.java:shutdownFollowerState(121)) - 5049a06b-eba5-42a5-bf64-e1d68a7991ea: shutdown FollowerState
2019-07-16 14:32:37,552 INFO  impl.RaftServerImpl (RaftServerImpl.java:setRole(171)) - 5049a06b-eba5-42a5-bf64-e1d68a7991ea:group-8778A522D890 changes role from FOLLOWER to CANDIDATE at term 0 for changeToCandidate
2019-07-16 14:32:37,553 INFO  impl.RoleInfo (RoleInfo.java:updateAndGet(143)) - 5049a06b-eba5-42a5-bf64-e1d68a7991ea: start LeaderElection
2019-07-16 14:32:37,563 INFO  impl.LeaderElection (LeaderElection.java:askForVotes(181)) - 5049a06b-eba5-42a5-bf64-e1d68a7991ea:group-8778A522D890:LeaderElection3: begin an election at term 1 for -1: [5049a06b-eba5-42a5-bf64-e1d68a7991ea:192.168.5.141:32941], old=null
2019-07-16 14:32:37,565 INFO  impl.RoleInfo (RoleInfo.java:shutdownLeaderElection(134)) - 5049a06b-eba5-42a5-bf64-e1d68a7991ea: shutdown LeaderElection
2019-07-16 14:32:37,565 INFO  impl.RaftServerImpl (RaftServerImpl.java:setRole(171)) - 5049a06b-eba5-42a5-bf64-e1d68a7991ea:group-8778A522D890 changes role from CANDIDATE to LEADER at term 1 for changeToLeader
2019-07-16 14:32:37,565 INFO  impl.RaftServerImpl (ServerState.java:setLeader(263)) - 5049a06b-eba5-42a5-bf64-e1d68a7991ea:group-8778A522D890 change Leader from null to 5049a06b-eba5-42a5-bf64-e1d68a7991ea at term 1 for becomeLeader, leader elected after 5189ms
2019-07-16 14:32:37,565 INFO  server.RaftServerConfigKeys (ConfUtils.java:logGet(43)) - raft.server.staging.catchup.gap = 1000 (default)
2019-07-16 14:32:37,565 INFO  server.RaftServerConfigKeys (ConfUtils.java:logGet(43)) - raft.server.rpc.sleep.time = 25ms (default)
2019-07-16 14:32:37,566 INFO  server.RaftServerConfigKeys (ConfUtils.java:logGet(43)) - raft.server.write.element-limit = 4096 (default)
2019-07-16 14:32:37,566 INFO  server.RaftServerConfigKeys (ConfUtils.java:logGet(43)) - raft.server.watch.timeout = 10s (default)
2019-07-16 14:32:37,566 INFO  server.RaftServerConfigKeys (ConfUtils.java:logGet(43)) - raft.server.watch.timeout.denomination = 1s (default)
2019-07-16 14:32:37,566 INFO  impl.FollowerState (FollowerState.java:run(106)) - 620ac3e3-0d81-489c-8d7f-dcf211d1795a:group-3C4056F2DBA0 changes to CANDIDATE, lastRpcTime:5127, electionTimeout:5127ms
2019-07-16 14:32:37,566 INFO  server.RaftServerConfigKeys (ConfUtils.java:logGet(43)) - raft.server.watch.element-limit = 65536 (default)
2019-07-16 14:32:37,566 INFO  impl.RoleInfo (RoleInfo.java:shutdownFollowerState(121)) - 620ac3e3-0d81-489c-8d7f-dcf211d1795a: shutdown FollowerState
2019-07-16 14:32:37,566 INFO  impl.RaftServerImpl (RaftServerImpl.java:setRole(171)) - 620ac3e3-0d81-489c-8d7f-dcf211d1795a:group-3C4056F2DBA0 changes role from FOLLOWER to CANDIDATE at term 0 for changeToCandidate
2019-07-16 14:32:37,566 INFO  impl.RoleInfo (RoleInfo.java:updateAndGet(143)) - 5049a06b-eba5-42a5-bf64-e1d68a7991ea: start LeaderState
2019-07-16 14:32:37,567 INFO  impl.RoleInfo (RoleInfo.java:updateAndGet(143)) - 620ac3e3-0d81-489c-8d7f-dcf211d1795a: start LeaderElection
2019-07-16 14:32:37,567 INFO  segmented.SegmentedRaftLogWorker (SegmentedRaftLogWorker.java:startLogSegment(380)) - 5049a06b-eba5-42a5-bf64-e1d68a7991ea-SegmentedRaftLogWorker:Storage Directory /workdir/hadoop-ozone/integration-test/target/test-dir/MiniOzoneClusterImpl-1f34c511-1d11-4543-b7d5-4b9a7ceebc3e/datanode-1/data/ratis/bc730792-e659-4b49-a9fa-8778a522d890: Starting segment from index:0
2019-07-16 14:32:37,570 INFO  impl.RaftServerImpl (ServerState.java:setRaftConf(361)) - 5049a06b-eba5-42a5-bf64-e1d68a7991ea:group-8778A522D890 set configuration 0: [5049a06b-eba5-42a5-bf64-e1d68a7991ea:192.168.5.141:32941], old=null at 0
2019-07-16 14:32:37,587 INFO  impl.LeaderElection (LeaderElection.java:askForVotes(181)) - 620ac3e3-0d81-489c-8d7f-dcf211d1795a:group-3C4056F2DBA0:LeaderElection4: begin an election at term 1 for -1: [620ac3e3-0d81-489c-8d7f-dcf211d1795a:192.168.5.141:46612], old=null
2019-07-16 14:32:37,587 INFO  impl.RoleInfo (RoleInfo.java:shutdownLeaderElection(134)) - 620ac3e3-0d81-489c-8d7f-dcf211d1795a: shutdown LeaderElection
2019-07-16 14:32:37,587 INFO  impl.RaftServerImpl (RaftServerImpl.java:setRole(171)) - 620ac3e3-0d81-489c-8d7f-dcf211d1795a:group-3C4056F2DBA0 changes role from CANDIDATE to LEADER at term 1 for changeToLeader
2019-07-16 14:32:37,587 INFO  impl.RaftServerImpl (ServerState.java:setLeader(263)) - 620ac3e3-0d81-489c-8d7f-dcf211d1795a:group-3C4056F2DBA0 change Leader from null to 620ac3e3-0d81-489c-8d7f-dcf211d1795a at term 1 for becomeLeader, leader elected after 5154ms
2019-07-16 14:32:37,587 INFO  server.RaftServerConfigKeys (ConfUtils.java:logGet(43)) - raft.server.staging.catchup.gap = 1000 (default)
2019-07-16 14:32:37,587 INFO  server.RaftServerConfigKeys (ConfUtils.java:logGet(43)) - raft.server.rpc.sleep.time = 25ms (default)
2019-07-16 14:32:37,588 INFO  server.RaftServerConfigKeys (ConfUtils.java:logGet(43)) - raft.server.write.element-limit = 4096 (default)
2019-07-16 14:32:37,588 INFO  server.RaftServerConfigKeys (ConfUtils.java:logGet(43)) - raft.server.watch.timeout = 10s (default)
2019-07-16 14:32:37,588 INFO  server.RaftServerConfigKeys (ConfUtils.java:logGet(43)) - raft.server.watch.timeout.denomination = 1s (default)
2019-07-16 14:32:37,588 INFO  server.RaftServerConfigKeys (ConfUtils.java:logGet(43)) - raft.server.watch.element-limit = 65536 (default)
2019-07-16 14:32:37,588 INFO  impl.RoleInfo (RoleInfo.java:updateAndGet(143)) - 620ac3e3-0d81-489c-8d7f-dcf211d1795a: start LeaderState
2019-07-16 14:32:37,588 INFO  segmented.SegmentedRaftLogWorker (SegmentedRaftLogWorker.java:startLogSegment(380)) - 620ac3e3-0d81-489c-8d7f-dcf211d1795a-SegmentedRaftLogWorker:Storage Directory /workdir/hadoop-ozone/integration-test/target/test-dir/MiniOzoneClusterImpl-1f34c511-1d11-4543-b7d5-4b9a7ceebc3e/datanode-6/data/ratis/67c1ca26-be46-4996-98a0-3c4056f2dba0: Starting segment from index:0
2019-07-16 14:32:37,589 INFO  impl.RaftServerImpl (ServerState.java:setRaftConf(361)) - 620ac3e3-0d81-489c-8d7f-dcf211d1795a:group-3C4056F2DBA0 set configuration 0: [620ac3e3-0d81-489c-8d7f-dcf211d1795a:192.168.5.141:46612], old=null at 0
2019-07-16 14:32:37,603 INFO  segmented.SegmentedRaftLogWorker (SegmentedRaftLogWorker.java:execute(569)) - 5049a06b-eba5-42a5-bf64-e1d68a7991ea-SegmentedRaftLogWorker:Storage Directory /workdir/hadoop-ozone/integration-test/target/test-dir/MiniOzoneClusterImpl-1f34c511-1d11-4543-b7d5-4b9a7ceebc3e/datanode-1/data/ratis/bc730792-e659-4b49-a9fa-8778a522d890: created new log segment /workdir/hadoop-ozone/integration-test/target/test-dir/MiniOzoneClusterImpl-1f34c511-1d11-4543-b7d5-4b9a7ceebc3e/datanode-1/data/ratis/bc730792-e659-4b49-a9fa-8778a522d890/current/log_inprogress_0
2019-07-16 14:32:37,608 INFO  segmented.SegmentedRaftLogWorker (SegmentedRaftLogWorker.java:execute(569)) - 620ac3e3-0d81-489c-8d7f-dcf211d1795a-SegmentedRaftLogWorker:Storage Directory /workdir/hadoop-ozone/integration-test/target/test-dir/MiniOzoneClusterImpl-1f34c511-1d11-4543-b7d5-4b9a7ceebc3e/datanode-6/data/ratis/67c1ca26-be46-4996-98a0-3c4056f2dba0: created new log segment /workdir/hadoop-ozone/integration-test/target/test-dir/MiniOzoneClusterImpl-1f34c511-1d11-4543-b7d5-4b9a7ceebc3e/datanode-6/data/ratis/67c1ca26-be46-4996-98a0-3c4056f2dba0/current/log_inprogress_0
2019-07-16 14:32:37,629 INFO  impl.FollowerState (FollowerState.java:run(106)) - 3390190e-0202-4c2c-b249-cb982879fc90:group-71AA99D4923E changes to CANDIDATE, lastRpcTime:5135, electionTimeout:5135ms
2019-07-16 14:32:37,631 INFO  impl.RoleInfo (RoleInfo.java:shutdownFollowerState(121)) - 3390190e-0202-4c2c-b249-cb982879fc90: shutdown FollowerState
2019-07-16 14:32:37,631 INFO  impl.RaftServerImpl (RaftServerImpl.java:setRole(171)) - 3390190e-0202-4c2c-b249-cb982879fc90:group-71AA99D4923E changes role from FOLLOWER to CANDIDATE at term 0 for changeToCandidate
2019-07-16 14:32:37,631 INFO  impl.RoleInfo (RoleInfo.java:updateAndGet(143)) - 3390190e-0202-4c2c-b249-cb982879fc90: start LeaderElection
2019-07-16 14:32:37,642 INFO  impl.LeaderElection (LeaderElection.java:askForVotes(181)) - 3390190e-0202-4c2c-b249-cb982879fc90:group-71AA99D4923E:LeaderElection5: begin an election at term 1 for -1: [3390190e-0202-4c2c-b249-cb982879fc90:192.168.5.141:45249], old=null
2019-07-16 14:32:37,644 INFO  impl.RoleInfo (RoleInfo.java:shutdownLeaderElection(134)) - 3390190e-0202-4c2c-b249-cb982879fc90: shutdown LeaderElection
2019-07-16 14:32:37,644 INFO  impl.RaftServerImpl (RaftServerImpl.java:setRole(171)) - 3390190e-0202-4c2c-b249-cb982879fc90:group-71AA99D4923E changes role from CANDIDATE to LEADER at term 1 for changeToLeader
2019-07-16 14:32:37,644 INFO  impl.RaftServerImpl (ServerState.java:setLeader(263)) - 3390190e-0202-4c2c-b249-cb982879fc90:group-71AA99D4923E change Leader from null to 3390190e-0202-4c2c-b249-cb982879fc90 at term 1 for becomeLeader, leader elected after 5155ms
2019-07-16 14:32:37,644 INFO  server.RaftServerConfigKeys (ConfUtils.java:logGet(43)) - raft.server.staging.catchup.gap = 1000 (default)
2019-07-16 14:32:37,644 INFO  server.RaftServerConfigKeys (ConfUtils.java:logGet(43)) - raft.server.rpc.sleep.time = 25ms (default)
2019-07-16 14:32:37,645 INFO  server.RaftServerConfigKeys (ConfUtils.java:logGet(43)) - raft.server.write.element-limit = 4096 (default)
2019-07-16 14:32:37,645 INFO  server.RaftServerConfigKeys (ConfUtils.java:logGet(43)) - raft.server.watch.timeout = 10s (default)
2019-07-16 14:32:37,645 INFO  server.RaftServerConfigKeys (ConfUtils.java:logGet(43)) - raft.server.watch.timeout.denomination = 1s (default)
2019-07-16 14:32:37,645 INFO  server.RaftServerConfigKeys (ConfUtils.java:logGet(43)) - raft.server.watch.element-limit = 65536 (default)
2019-07-16 14:32:37,645 INFO  impl.RoleInfo (RoleInfo.java:updateAndGet(143)) - 3390190e-0202-4c2c-b249-cb982879fc90: start LeaderState
2019-07-16 14:32:37,646 INFO  segmented.SegmentedRaftLogWorker (SegmentedRaftLogWorker.java:startLogSegment(380)) - 3390190e-0202-4c2c-b249-cb982879fc90-SegmentedRaftLogWorker:Storage Directory /workdir/hadoop-ozone/integration-test/target/test-dir/MiniOzoneClusterImpl-1f34c511-1d11-4543-b7d5-4b9a7ceebc3e/datanode-2/data/ratis/175aa92d-e8f7-40c3-bb72-71aa99d4923e: Starting segment from index:0
2019-07-16 14:32:37,647 INFO  impl.RaftServerImpl (ServerState.java:setRaftConf(361)) - 3390190e-0202-4c2c-b249-cb982879fc90:group-71AA99D4923E set configuration 0: [3390190e-0202-4c2c-b249-cb982879fc90:192.168.5.141:45249], old=null at 0
2019-07-16 14:32:37,666 INFO  segmented.SegmentedRaftLogWorker (SegmentedRaftLogWorker.java:execute(569)) - 3390190e-0202-4c2c-b249-cb982879fc90-SegmentedRaftLogWorker:Storage Directory /workdir/hadoop-ozone/integration-test/target/test-dir/MiniOzoneClusterImpl-1f34c511-1d11-4543-b7d5-4b9a7ceebc3e/datanode-2/data/ratis/175aa92d-e8f7-40c3-bb72-71aa99d4923e: created new log segment /workdir/hadoop-ozone/integration-test/target/test-dir/MiniOzoneClusterImpl-1f34c511-1d11-4543-b7d5-4b9a7ceebc3e/datanode-2/data/ratis/175aa92d-e8f7-40c3-bb72-71aa99d4923e/current/log_inprogress_0
2019-07-16 14:32:37,678 INFO  impl.FollowerState (FollowerState.java:run(106)) - e19d2b87-01d6-43bb-9cd5-2cfb86789cab:group-211C6157F7D7 changes to CANDIDATE, lastRpcTime:5076, electionTimeout:5076ms
2019-07-16 14:32:37,678 INFO  impl.RoleInfo (RoleInfo.java:shutdownFollowerState(121)) - e19d2b87-01d6-43bb-9cd5-2cfb86789cab: shutdown FollowerState
2019-07-16 14:32:37,678 INFO  impl.RaftServerImpl (RaftServerImpl.java:setRole(171)) - e19d2b87-01d6-43bb-9cd5-2cfb86789cab:group-211C6157F7D7 changes role from FOLLOWER to CANDIDATE at term 0 for changeToCandidate
2019-07-16 14:32:37,678 INFO  impl.RoleInfo (RoleInfo.java:updateAndGet(143)) - e19d2b87-01d6-43bb-9cd5-2cfb86789cab: start LeaderElection
2019-07-16 14:32:37,687 INFO  impl.LeaderElection (LeaderElection.java:askForVotes(181)) - e19d2b87-01d6-43bb-9cd5-2cfb86789cab:group-211C6157F7D7:LeaderElection6: begin an election at term 1 for -1: [e19d2b87-01d6-43bb-9cd5-2cfb86789cab:192.168.5.141:34235], old=null
2019-07-16 14:32:37,698 INFO  impl.RoleInfo (RoleInfo.java:shutdownLeaderElection(134)) - e19d2b87-01d6-43bb-9cd5-2cfb86789cab: shutdown LeaderElection
2019-07-16 14:32:37,698 INFO  impl.RaftServerImpl (RaftServerImpl.java:setRole(171)) - e19d2b87-01d6-43bb-9cd5-2cfb86789cab:group-211C6157F7D7 changes role from CANDIDATE to LEADER at term 1 for changeToLeader
2019-07-16 14:32:37,698 INFO  impl.RaftServerImpl (ServerState.java:setLeader(263)) - e19d2b87-01d6-43bb-9cd5-2cfb86789cab:group-211C6157F7D7 change Leader from null to e19d2b87-01d6-43bb-9cd5-2cfb86789cab at term 1 for becomeLeader, leader elected after 5100ms
2019-07-16 14:32:37,698 INFO  server.RaftServerConfigKeys (ConfUtils.java:logGet(43)) - raft.server.staging.catchup.gap = 1000 (default)
2019-07-16 14:32:37,698 INFO  server.RaftServerConfigKeys (ConfUtils.java:logGet(43)) - raft.server.rpc.sleep.time = 25ms (default)
2019-07-16 14:32:37,698 INFO  server.RaftServerConfigKeys (ConfUtils.java:logGet(43)) - raft.server.write.element-limit = 4096 (default)
2019-07-16 14:32:37,699 INFO  server.RaftServerConfigKeys (ConfUtils.java:logGet(43)) - raft.server.watch.timeout = 10s (default)
2019-07-16 14:32:37,699 INFO  server.RaftServerConfigKeys (ConfUtils.java:logGet(43)) - raft.server.watch.timeout.denomination = 1s (default)
2019-07-16 14:32:37,699 INFO  server.RaftServerConfigKeys (ConfUtils.java:logGet(43)) - raft.server.watch.element-limit = 65536 (default)
2019-07-16 14:32:37,699 INFO  impl.RoleInfo (RoleInfo.java:updateAndGet(143)) - e19d2b87-01d6-43bb-9cd5-2cfb86789cab: start LeaderState
2019-07-16 14:32:37,700 INFO  segmented.SegmentedRaftLogWorker (SegmentedRaftLogWorker.java:startLogSegment(380)) - e19d2b87-01d6-43bb-9cd5-2cfb86789cab-SegmentedRaftLogWorker:Storage Directory /workdir/hadoop-ozone/integration-test/target/test-dir/MiniOzoneClusterImpl-1f34c511-1d11-4543-b7d5-4b9a7ceebc3e/datanode-3/data/ratis/62f88a24-4953-4052-9df0-211c6157f7d7: Starting segment from index:0
2019-07-16 14:32:37,700 INFO  impl.RaftServerImpl (ServerState.java:setRaftConf(361)) - e19d2b87-01d6-43bb-9cd5-2cfb86789cab:group-211C6157F7D7 set configuration 0: [e19d2b87-01d6-43bb-9cd5-2cfb86789cab:192.168.5.141:34235], old=null at 0
2019-07-16 14:32:37,719 INFO  segmented.SegmentedRaftLogWorker (SegmentedRaftLogWorker.java:execute(569)) - e19d2b87-01d6-43bb-9cd5-2cfb86789cab-SegmentedRaftLogWorker:Storage Directory /workdir/hadoop-ozone/integration-test/target/test-dir/MiniOzoneClusterImpl-1f34c511-1d11-4543-b7d5-4b9a7ceebc3e/datanode-3/data/ratis/62f88a24-4953-4052-9df0-211c6157f7d7: created new log segment /workdir/hadoop-ozone/integration-test/target/test-dir/MiniOzoneClusterImpl-1f34c511-1d11-4543-b7d5-4b9a7ceebc3e/datanode-3/data/ratis/62f88a24-4953-4052-9df0-211c6157f7d7/current/log_inprogress_0
2019-07-16 14:32:37,727 INFO  impl.FollowerState (FollowerState.java:run(106)) - 7fa95842-6e55-4142-b267-1c1e9b428abe:group-E3561F1F78A4 changes to CANDIDATE, lastRpcTime:5172, electionTimeout:5172ms
2019-07-16 14:32:37,727 INFO  impl.RoleInfo (RoleInfo.java:shutdownFollowerState(121)) - 7fa95842-6e55-4142-b267-1c1e9b428abe: shutdown FollowerState
2019-07-16 14:32:37,727 INFO  impl.RaftServerImpl (RaftServerImpl.java:setRole(171)) - 7fa95842-6e55-4142-b267-1c1e9b428abe:group-E3561F1F78A4 changes role from FOLLOWER to CANDIDATE at term 0 for changeToCandidate
2019-07-16 14:32:37,728 INFO  impl.RoleInfo (RoleInfo.java:updateAndGet(143)) - 7fa95842-6e55-4142-b267-1c1e9b428abe: start LeaderElection
2019-07-16 14:32:37,736 INFO  impl.LeaderElection (LeaderElection.java:askForVotes(181)) - 7fa95842-6e55-4142-b267-1c1e9b428abe:group-E3561F1F78A4:LeaderElection7: begin an election at term 1 for -1: [7fa95842-6e55-4142-b267-1c1e9b428abe:192.168.5.141:33124], old=null
2019-07-16 14:32:37,738 INFO  impl.RoleInfo (RoleInfo.java:shutdownLeaderElection(134)) - 7fa95842-6e55-4142-b267-1c1e9b428abe: shutdown LeaderElection
2019-07-16 14:32:37,738 INFO  impl.RaftServerImpl (RaftServerImpl.java:setRole(171)) - 7fa95842-6e55-4142-b267-1c1e9b428abe:group-E3561F1F78A4 changes role from CANDIDATE to LEADER at term 1 for changeToLeader
2019-07-16 14:32:37,738 INFO  impl.RaftServerImpl (ServerState.java:setLeader(263)) - 7fa95842-6e55-4142-b267-1c1e9b428abe:group-E3561F1F78A4 change Leader from null to 7fa95842-6e55-4142-b267-1c1e9b428abe at term 1 for becomeLeader, leader elected after 5189ms
2019-07-16 14:32:37,739 INFO  server.RaftServerConfigKeys (ConfUtils.java:logGet(43)) - raft.server.staging.catchup.gap = 1000 (default)
2019-07-16 14:32:37,739 INFO  server.RaftServerConfigKeys (ConfUtils.java:logGet(43)) - raft.server.rpc.sleep.time = 25ms (default)
2019-07-16 14:32:37,739 INFO  server.RaftServerConfigKeys (ConfUtils.java:logGet(43)) - raft.server.write.element-limit = 4096 (default)
2019-07-16 14:32:37,739 INFO  server.RaftServerConfigKeys (ConfUtils.java:logGet(43)) - raft.server.watch.timeout = 10s (default)
2019-07-16 14:32:37,739 INFO  server.RaftServerConfigKeys (ConfUtils.java:logGet(43)) - raft.server.watch.timeout.denomination = 1s (default)
2019-07-16 14:32:37,739 INFO  server.RaftServerConfigKeys (ConfUtils.java:logGet(43)) - raft.server.watch.element-limit = 65536 (default)
2019-07-16 14:32:37,740 INFO  impl.RoleInfo (RoleInfo.java:updateAndGet(143)) - 7fa95842-6e55-4142-b267-1c1e9b428abe: start LeaderState
2019-07-16 14:32:37,740 INFO  segmented.SegmentedRaftLogWorker (SegmentedRaftLogWorker.java:startLogSegment(380)) - 7fa95842-6e55-4142-b267-1c1e9b428abe-SegmentedRaftLogWorker:Storage Directory /workdir/hadoop-ozone/integration-test/target/test-dir/MiniOzoneClusterImpl-1f34c511-1d11-4543-b7d5-4b9a7ceebc3e/datanode-4/data/ratis/8a3bb340-8bbe-4a93-aab4-e3561f1f78a4: Starting segment from index:0
2019-07-16 14:32:37,740 INFO  impl.RaftServerImpl (ServerState.java:setRaftConf(361)) - 7fa95842-6e55-4142-b267-1c1e9b428abe:group-E3561F1F78A4 set configuration 0: [7fa95842-6e55-4142-b267-1c1e9b428abe:192.168.5.141:33124], old=null at 0
2019-07-16 14:32:37,759 INFO  segmented.SegmentedRaftLogWorker (SegmentedRaftLogWorker.java:execute(569)) - 7fa95842-6e55-4142-b267-1c1e9b428abe-SegmentedRaftLogWorker:Storage Directory /workdir/hadoop-ozone/integration-test/target/test-dir/MiniOzoneClusterImpl-1f34c511-1d11-4543-b7d5-4b9a7ceebc3e/datanode-4/data/ratis/8a3bb340-8bbe-4a93-aab4-e3561f1f78a4: created new log segment /workdir/hadoop-ozone/integration-test/target/test-dir/MiniOzoneClusterImpl-1f34c511-1d11-4543-b7d5-4b9a7ceebc3e/datanode-4/data/ratis/8a3bb340-8bbe-4a93-aab4-e3561f1f78a4/current/log_inprogress_0
2019-07-16 14:32:37,764 INFO  impl.FollowerState (FollowerState.java:run(106)) - 3994e812-3b47-4c21-bbff-59c8cf50b976:group-ED0C1C614C48 changes to CANDIDATE, lastRpcTime:5079, electionTimeout:5079ms
2019-07-16 14:32:37,764 INFO  impl.RoleInfo (RoleInfo.java:shutdownFollowerState(121)) - 3994e812-3b47-4c21-bbff-59c8cf50b976: shutdown FollowerState
2019-07-16 14:32:37,764 INFO  impl.RaftServerImpl (RaftServerImpl.java:setRole(171)) - 3994e812-3b47-4c21-bbff-59c8cf50b976:group-ED0C1C614C48 changes role from FOLLOWER to CANDIDATE at term 0 for changeToCandidate
2019-07-16 14:32:37,764 INFO  impl.RoleInfo (RoleInfo.java:updateAndGet(143)) - 3994e812-3b47-4c21-bbff-59c8cf50b976: start LeaderElection
2019-07-16 14:32:37,771 INFO  impl.LeaderElection (LeaderElection.java:askForVotes(181)) - 3994e812-3b47-4c21-bbff-59c8cf50b976:group-ED0C1C614C48:LeaderElection8: begin an election at term 1 for -1: [5049a06b-eba5-42a5-bf64-e1d68a7991ea:192.168.5.141:32941, 620ac3e3-0d81-489c-8d7f-dcf211d1795a:192.168.5.141:46612, 3994e812-3b47-4c21-bbff-59c8cf50b976:192.168.5.141:41861], old=null
2019-07-16 14:32:37,773 INFO  impl.FollowerState (FollowerState.java:run(106)) - 620ac3e3-0d81-489c-8d7f-dcf211d1795a:group-ED0C1C614C48 changes to CANDIDATE, lastRpcTime:5088, electionTimeout:5088ms
2019-07-16 14:32:37,773 INFO  impl.RoleInfo (RoleInfo.java:shutdownFollowerState(121)) - 620ac3e3-0d81-489c-8d7f-dcf211d1795a: shutdown FollowerState
2019-07-16 14:32:37,773 INFO  impl.RaftServerImpl (RaftServerImpl.java:setRole(171)) - 620ac3e3-0d81-489c-8d7f-dcf211d1795a:group-ED0C1C614C48 changes role from FOLLOWER to CANDIDATE at term 0 for changeToCandidate
2019-07-16 14:32:37,773 INFO  impl.RoleInfo (RoleInfo.java:updateAndGet(143)) - 620ac3e3-0d81-489c-8d7f-dcf211d1795a: start LeaderElection
2019-07-16 14:32:37,780 INFO  impl.LeaderElection (LeaderElection.java:askForVotes(181)) - 620ac3e3-0d81-489c-8d7f-dcf211d1795a:group-ED0C1C614C48:LeaderElection9: begin an election at term 1 for -1: [5049a06b-eba5-42a5-bf64-e1d68a7991ea:192.168.5.141:32941, 620ac3e3-0d81-489c-8d7f-dcf211d1795a:192.168.5.141:46612, 3994e812-3b47-4c21-bbff-59c8cf50b976:192.168.5.141:41861], old=null
2019-07-16 14:32:37,818 INFO  impl.RaftServerImpl (RaftServerImpl.java:setRole(171)) - 5049a06b-eba5-42a5-bf64-e1d68a7991ea:group-ED0C1C614C48 changes role from FOLLOWER to FOLLOWER at term 1 for recognizeCandidate:620ac3e3-0d81-489c-8d7f-dcf211d1795a
2019-07-16 14:32:37,818 INFO  impl.RoleInfo (RoleInfo.java:shutdownFollowerState(121)) - 5049a06b-eba5-42a5-bf64-e1d68a7991ea: shutdown FollowerState
2019-07-16 14:32:37,818 INFO  impl.RoleInfo (RoleInfo.java:updateAndGet(143)) - 5049a06b-eba5-42a5-bf64-e1d68a7991ea: start FollowerState
2019-07-16 14:32:37,818 INFO  impl.FollowerState (FollowerState.java:run(114)) - 5049a06b-eba5-42a5-bf64-e1d68a7991ea: FollowerState was interrupted: java.lang.InterruptedException: sleep interrupted
2019-07-16 14:32:37,821 INFO  impl.FollowerState (FollowerState.java:run(106)) - 36f2587b-910c-42a5-a774-eb59e4ea961e:group-B9213CB54CD5 changes to CANDIDATE, lastRpcTime:5060, electionTimeout:5060ms
2019-07-16 14:32:37,822 INFO  impl.RoleInfo (RoleInfo.java:shutdownFollowerState(121)) - 36f2587b-910c-42a5-a774-eb59e4ea961e: shutdown FollowerState
2019-07-16 14:32:37,822 INFO  impl.RaftServerImpl (RaftServerImpl.java:setRole(171)) - 36f2587b-910c-42a5-a774-eb59e4ea961e:group-B9213CB54CD5 changes role from FOLLOWER to CANDIDATE at term 0 for changeToCandidate
2019-07-16 14:32:37,822 INFO  impl.RoleInfo (RoleInfo.java:updateAndGet(143)) - 36f2587b-910c-42a5-a774-eb59e4ea961e: start LeaderElection
2019-07-16 14:32:37,843 INFO  impl.LeaderElection (LeaderElection.java:askForVotes(181)) - 36f2587b-910c-42a5-a774-eb59e4ea961e:group-B9213CB54CD5:LeaderElection10: begin an election at term 1 for -1: [3390190e-0202-4c2c-b249-cb982879fc90:192.168.5.141:45249, 7fa95842-6e55-4142-b267-1c1e9b428abe:192.168.5.141:33124, 36f2587b-910c-42a5-a774-eb59e4ea961e:192.168.5.141:33908], old=null
2019-07-16 14:32:37,859 INFO  impl.LeaderElection (LeaderElection.java:logAndReturn(56)) - 620ac3e3-0d81-489c-8d7f-dcf211d1795a:group-ED0C1C614C48:LeaderElection9: Election PASSED; received 2 response(s) [620ac3e3-0d81-489c-8d7f-dcf211d1795a<-5049a06b-eba5-42a5-bf64-e1d68a7991ea#0:OK-t1, 620ac3e3-0d81-489c-8d7f-dcf211d1795a<-3994e812-3b47-4c21-bbff-59c8cf50b976#0:FAIL-t1] and 0 exception(s); 620ac3e3-0d81-489c-8d7f-dcf211d1795a:t1, leader=null, voted=620ac3e3-0d81-489c-8d7f-dcf211d1795a, raftlog=620ac3e3-0d81-489c-8d7f-dcf211d1795a-SegmentedRaftLog:OPENED:c-1,f-1,i0, conf=-1: [5049a06b-eba5-42a5-bf64-e1d68a7991ea:192.168.5.141:32941, 620ac3e3-0d81-489c-8d7f-dcf211d1795a:192.168.5.141:46612, 3994e812-3b47-4c21-bbff-59c8cf50b976:192.168.5.141:41861], old=null
2019-07-16 14:32:37,859 INFO  impl.LeaderElection (LeaderElection.java:logAndReturn(56)) - 3994e812-3b47-4c21-bbff-59c8cf50b976:group-ED0C1C614C48:LeaderElection8: Election REJECTED; received 2 response(s) [3994e812-3b47-4c21-bbff-59c8cf50b976<-5049a06b-eba5-42a5-bf64-e1d68a7991ea#0:FAIL-t1, 3994e812-3b47-4c21-bbff-59c8cf50b976<-620ac3e3-0d81-489c-8d7f-dcf211d1795a#0:FAIL-t1] and 0 exception(s); 3994e812-3b47-4c21-bbff-59c8cf50b976:t1, leader=null, voted=3994e812-3b47-4c21-bbff-59c8cf50b976, raftlog=3994e812-3b47-4c21-bbff-59c8cf50b976-SegmentedRaftLog:OPENED:c-1,f-1,i0, conf=-1: [5049a06b-eba5-42a5-bf64-e1d68a7991ea:192.168.5.141:32941, 620ac3e3-0d81-489c-8d7f-dcf211d1795a:192.168.5.141:46612, 3994e812-3b47-4c21-bbff-59c8cf50b976:192.168.5.141:41861], old=null
2019-07-16 14:32:37,859 INFO  impl.RoleInfo (RoleInfo.java:shutdownLeaderElection(134)) - 620ac3e3-0d81-489c-8d7f-dcf211d1795a: shutdown LeaderElection
2019-07-16 14:32:37,870 INFO  impl.RaftServerImpl (RaftServerImpl.java:setRole(171)) - 620ac3e3-0d81-489c-8d7f-dcf211d1795a:group-ED0C1C614C48 changes role from CANDIDATE to LEADER at term 1 for changeToLeader
2019-07-16 14:32:37,870 INFO  impl.RaftServerImpl (RaftServerImpl.java:setRole(171)) - 3994e812-3b47-4c21-bbff-59c8cf50b976:group-ED0C1C614C48 changes role from CANDIDATE to FOLLOWER at term 1 for DISCOVERED_A_NEW_TERM
2019-07-16 14:32:37,878 INFO  impl.RoleInfo (RoleInfo.java:shutdownLeaderElection(134)) - 3994e812-3b47-4c21-bbff-59c8cf50b976: shutdown LeaderElection
2019-07-16 14:32:37,873 INFO  impl.RaftServerImpl (ServerState.java:setLeader(263)) - 620ac3e3-0d81-489c-8d7f-dcf211d1795a:group-ED0C1C614C48 change Leader from null to 620ac3e3-0d81-489c-8d7f-dcf211d1795a at term 1 for becomeLeader, leader elected after 5200ms
2019-07-16 14:32:37,880 INFO  impl.RaftServerImpl (RaftServerImpl.java:setRole(171)) - 7fa95842-6e55-4142-b267-1c1e9b428abe:group-B9213CB54CD5 changes role from FOLLOWER to FOLLOWER at term 1 for recognizeCandidate:36f2587b-910c-42a5-a774-eb59e4ea961e
2019-07-16 14:32:37,880 INFO  impl.RoleInfo (RoleInfo.java:updateAndGet(143)) - 3994e812-3b47-4c21-bbff-59c8cf50b976: start FollowerState
2019-07-16 14:32:37,880 INFO  impl.RaftServerImpl (RaftServerImpl.java:setRole(171)) - 3390190e-0202-4c2c-b249-cb982879fc90:group-B9213CB54CD5 changes role from FOLLOWER to FOLLOWER at term 1 for recognizeCandidate:36f2587b-910c-42a5-a774-eb59e4ea961e
2019-07-16 14:32:37,880 INFO  impl.RoleInfo (RoleInfo.java:shutdownFollowerState(121)) - 7fa95842-6e55-4142-b267-1c1e9b428abe: shutdown FollowerState
2019-07-16 14:32:37,880 INFO  server.RaftServerConfigKeys (ConfUtils.java:logGet(43)) - raft.server.staging.catchup.gap = 1000 (default)
2019-07-16 14:32:37,882 INFO  impl.FollowerState (FollowerState.java:run(114)) - 7fa95842-6e55-4142-b267-1c1e9b428abe: FollowerState was interrupted: java.lang.InterruptedException: sleep interrupted
2019-07-16 14:32:37,882 INFO  impl.RoleInfo (RoleInfo.java:updateAndGet(143)) - 7fa95842-6e55-4142-b267-1c1e9b428abe: start FollowerState
2019-07-16 14:32:37,882 INFO  impl.RoleInfo (RoleInfo.java:shutdownFollowerState(121)) - 3390190e-0202-4c2c-b249-cb982879fc90: shutdown FollowerState
2019-07-16 14:32:37,883 INFO  server.RaftServerConfigKeys (ConfUtils.java:logGet(43)) - raft.server.rpc.sleep.time = 25ms (default)
2019-07-16 14:32:37,885 INFO  impl.FollowerState (FollowerState.java:run(114)) - 3390190e-0202-4c2c-b249-cb982879fc90: FollowerState was interrupted: java.lang.InterruptedException: sleep interrupted
2019-07-16 14:32:37,885 INFO  server.RaftServerConfigKeys (ConfUtils.java:logGet(43)) - raft.server.write.element-limit = 4096 (default)
2019-07-16 14:32:37,885 INFO  impl.RoleInfo (RoleInfo.java:updateAndGet(143)) - 3390190e-0202-4c2c-b249-cb982879fc90: start FollowerState
2019-07-16 14:32:37,887 INFO  server.RaftServerConfigKeys (ConfUtils.java:logGet(43)) - raft.server.watch.timeout = 10s (default)
2019-07-16 14:32:37,887 INFO  server.RaftServerConfigKeys (ConfUtils.java:logGet(43)) - raft.server.watch.timeout.denomination = 1s (default)
2019-07-16 14:32:37,887 INFO  server.RaftServerConfigKeys (ConfUtils.java:logGet(43)) - raft.server.watch.element-limit = 65536 (default)
2019-07-16 14:32:37,890 INFO  server.RaftServerConfigKeys (ConfUtils.java:logGet(43)) - raft.server.log.appender.snapshot.chunk.size.max = 16MB (=16777216) (default)
2019-07-16 14:32:37,891 INFO  server.RaftServerConfigKeys (ConfUtils.java:logGet(43)) - raft.server.log.appender.buffer.byte-limit = 33554432 (custom)
2019-07-16 14:32:37,891 INFO  server.RaftServerConfigKeys (ConfUtils.java:logGet(43)) - raft.server.log.appender.buffer.element-limit = 1 (custom)
2019-07-16 14:32:37,895 INFO  grpc.GrpcConfigKeys$Server (ConfUtils.java:logGet(43)) - raft.grpc.server.leader.outstanding.appends.max = 128 (default)
2019-07-16 14:32:37,895 INFO  server.RaftServerConfigKeys (ConfUtils.java:logGet(43)) - raft.server.rpc.request.timeout = 3000ms (default)
2019-07-16 14:32:37,896 INFO  server.RaftServerConfigKeys (ConfUtils.java:logGet(43)) - raft.server.log.appender.install.snapshot.enabled = false (custom)
2019-07-16 14:32:37,896 INFO  server.RaftServerConfigKeys (ConfUtils.java:logGet(43)) - raft.server.log.appender.snapshot.chunk.size.max = 16MB (=16777216) (default)
2019-07-16 14:32:37,896 INFO  server.RaftServerConfigKeys (ConfUtils.java:logGet(43)) - raft.server.log.appender.buffer.byte-limit = 33554432 (custom)
2019-07-16 14:32:37,896 INFO  server.RaftServerConfigKeys (ConfUtils.java:logGet(43)) - raft.server.log.appender.buffer.element-limit = 1 (custom)
2019-07-16 14:32:37,896 INFO  grpc.GrpcConfigKeys$Server (ConfUtils.java:logGet(43)) - raft.grpc.server.leader.outstanding.appends.max = 128 (default)
2019-07-16 14:32:37,896 INFO  server.RaftServerConfigKeys (ConfUtils.java:logGet(43)) - raft.server.rpc.request.timeout = 3000ms (default)
2019-07-16 14:32:37,897 INFO  server.RaftServerConfigKeys (ConfUtils.java:logGet(43)) - raft.server.log.appender.install.snapshot.enabled = false (custom)
2019-07-16 14:32:37,898 INFO  impl.RoleInfo (RoleInfo.java:updateAndGet(143)) - 620ac3e3-0d81-489c-8d7f-dcf211d1795a: start LeaderState
2019-07-16 14:32:37,898 INFO  segmented.SegmentedRaftLogWorker (SegmentedRaftLogWorker.java:startLogSegment(380)) - 620ac3e3-0d81-489c-8d7f-dcf211d1795a-SegmentedRaftLogWorker:Storage Directory /workdir/hadoop-ozone/integration-test/target/test-dir/MiniOzoneClusterImpl-1f34c511-1d11-4543-b7d5-4b9a7ceebc3e/datanode-6/data/ratis/1029a3a8-77bf-428f-b0d9-ed0c1c614c48: Starting segment from index:0
2019-07-16 14:32:37,899 INFO  impl.RaftServerImpl (ServerState.java:setRaftConf(361)) - 620ac3e3-0d81-489c-8d7f-dcf211d1795a:group-ED0C1C614C48 set configuration 0: [5049a06b-eba5-42a5-bf64-e1d68a7991ea:192.168.5.141:32941, 620ac3e3-0d81-489c-8d7f-dcf211d1795a:192.168.5.141:46612, 3994e812-3b47-4c21-bbff-59c8cf50b976:192.168.5.141:41861], old=null at 0
2019-07-16 14:32:37,921 INFO  segmented.SegmentedRaftLogWorker (SegmentedRaftLogWorker.java:execute(569)) - 620ac3e3-0d81-489c-8d7f-dcf211d1795a-SegmentedRaftLogWorker:Storage Directory /workdir/hadoop-ozone/integration-test/target/test-dir/MiniOzoneClusterImpl-1f34c511-1d11-4543-b7d5-4b9a7ceebc3e/datanode-6/data/ratis/1029a3a8-77bf-428f-b0d9-ed0c1c614c48: created new log segment /workdir/hadoop-ozone/integration-test/target/test-dir/MiniOzoneClusterImpl-1f34c511-1d11-4543-b7d5-4b9a7ceebc3e/datanode-6/data/ratis/1029a3a8-77bf-428f-b0d9-ed0c1c614c48/current/log_inprogress_0
2019-07-16 14:32:37,921 INFO  impl.LeaderElection (LeaderElection.java:logAndReturn(56)) - 36f2587b-910c-42a5-a774-eb59e4ea961e:group-B9213CB54CD5:LeaderElection10: Election PASSED; received 1 response(s) [36f2587b-910c-42a5-a774-eb59e4ea961e<-3390190e-0202-4c2c-b249-cb982879fc90#0:OK-t1] and 0 exception(s); 36f2587b-910c-42a5-a774-eb59e4ea961e:t1, leader=null, voted=36f2587b-910c-42a5-a774-eb59e4ea961e, raftlog=36f2587b-910c-42a5-a774-eb59e4ea961e-SegmentedRaftLog:OPENED:c-1,f-1,i0, conf=-1: [3390190e-0202-4c2c-b249-cb982879fc90:192.168.5.141:45249, 7fa95842-6e55-4142-b267-1c1e9b428abe:192.168.5.141:33124, 36f2587b-910c-42a5-a774-eb59e4ea961e:192.168.5.141:33908], old=null
2019-07-16 14:32:37,921 INFO  impl.RoleInfo (RoleInfo.java:shutdownLeaderElection(134)) - 36f2587b-910c-42a5-a774-eb59e4ea961e: shutdown LeaderElection
2019-07-16 14:32:37,924 INFO  impl.RaftServerImpl (RaftServerImpl.java:setRole(171)) - 36f2587b-910c-42a5-a774-eb59e4ea961e:group-B9213CB54CD5 changes role from CANDIDATE to LEADER at term 1 for changeToLeader
2019-07-16 14:32:37,926 INFO  impl.RaftServerImpl (ServerState.java:setLeader(263)) - 36f2587b-910c-42a5-a774-eb59e4ea961e:group-B9213CB54CD5 change Leader from null to 36f2587b-910c-42a5-a774-eb59e4ea961e at term 1 for becomeLeader, leader elected after 5175ms
2019-07-16 14:32:37,926 INFO  server.RaftServerConfigKeys (ConfUtils.java:logGet(43)) - raft.server.staging.catchup.gap = 1000 (default)
2019-07-16 14:32:37,926 INFO  server.RaftServerConfigKeys (ConfUtils.java:logGet(43)) - raft.server.rpc.sleep.time = 25ms (default)
2019-07-16 14:32:37,927 INFO  server.RaftServerConfigKeys (ConfUtils.java:logGet(43)) - raft.server.write.element-limit = 4096 (default)
2019-07-16 14:32:37,927 INFO  server.RaftServerConfigKeys (ConfUtils.java:logGet(43)) - raft.server.watch.timeout = 10s (default)
2019-07-16 14:32:37,927 INFO  server.RaftServerConfigKeys (ConfUtils.java:logGet(43)) - raft.server.watch.timeout.denomination = 1s (default)
2019-07-16 14:32:37,927 INFO  server.RaftServerConfigKeys (ConfUtils.java:logGet(43)) - raft.server.watch.element-limit = 65536 (default)
2019-07-16 14:32:37,927 INFO  server.RaftServerConfigKeys (ConfUtils.java:logGet(43)) - raft.server.log.appender.snapshot.chunk.size.max = 16MB (=16777216) (default)
2019-07-16 14:32:37,927 INFO  server.RaftServerConfigKeys (ConfUtils.java:logGet(43)) - raft.server.log.appender.buffer.byte-limit = 33554432 (custom)
2019-07-16 14:32:37,928 INFO  server.RaftServerConfigKeys (ConfUtils.java:logGet(43)) - raft.server.log.appender.buffer.element-limit = 1 (custom)
2019-07-16 14:32:37,928 INFO  grpc.GrpcConfigKeys$Server (ConfUtils.java:logGet(43)) - raft.grpc.server.leader.outstanding.appends.max = 128 (default)
2019-07-16 14:32:37,928 INFO  server.RaftServerConfigKeys (ConfUtils.java:logGet(43)) - raft.server.rpc.request.timeout = 3000ms (default)
2019-07-16 14:32:37,928 INFO  server.RaftServerConfigKeys (ConfUtils.java:logGet(43)) - raft.server.log.appender.install.snapshot.enabled = false (custom)
2019-07-16 14:32:37,928 INFO  server.RaftServerConfigKeys (ConfUtils.java:logGet(43)) - raft.server.log.appender.snapshot.chunk.size.max = 16MB (=16777216) (default)
2019-07-16 14:32:37,932 INFO  server.RaftServerConfigKeys (ConfUtils.java:logGet(43)) - raft.server.log.appender.buffer.byte-limit = 33554432 (custom)
2019-07-16 14:32:37,932 INFO  server.RaftServerConfigKeys (ConfUtils.java:logGet(43)) - raft.server.log.appender.buffer.element-limit = 1 (custom)
2019-07-16 14:32:37,932 INFO  grpc.GrpcConfigKeys$Server (ConfUtils.java:logGet(43)) - raft.grpc.server.leader.outstanding.appends.max = 128 (default)
2019-07-16 14:32:37,932 INFO  server.RaftServerConfigKeys (ConfUtils.java:logGet(43)) - raft.server.rpc.request.timeout = 3000ms (default)
2019-07-16 14:32:37,933 INFO  server.RaftServerConfigKeys (ConfUtils.java:logGet(43)) - raft.server.log.appender.install.snapshot.enabled = false (custom)
2019-07-16 14:32:37,933 INFO  impl.RoleInfo (RoleInfo.java:updateAndGet(143)) - 36f2587b-910c-42a5-a774-eb59e4ea961e: start LeaderState
2019-07-16 14:32:37,933 INFO  segmented.SegmentedRaftLogWorker (SegmentedRaftLogWorker.java:startLogSegment(380)) - 36f2587b-910c-42a5-a774-eb59e4ea961e-SegmentedRaftLogWorker:Storage Directory /workdir/hadoop-ozone/integration-test/target/test-dir/MiniOzoneClusterImpl-1f34c511-1d11-4543-b7d5-4b9a7ceebc3e/datanode-0/data/ratis/41b1860d-d31d-4ac7-8944-b9213cb54cd5: Starting segment from index:0
2019-07-16 14:32:37,934 INFO  impl.RaftServerImpl (ServerState.java:setRaftConf(361)) - 36f2587b-910c-42a5-a774-eb59e4ea961e:group-B9213CB54CD5 set configuration 0: [3390190e-0202-4c2c-b249-cb982879fc90:192.168.5.141:45249, 7fa95842-6e55-4142-b267-1c1e9b428abe:192.168.5.141:33124, 36f2587b-910c-42a5-a774-eb59e4ea961e:192.168.5.141:33908], old=null at 0
2019-07-16 14:32:37,954 INFO  segmented.SegmentedRaftLogWorker (SegmentedRaftLogWorker.java:execute(569)) - 36f2587b-910c-42a5-a774-eb59e4ea961e-SegmentedRaftLogWorker:Storage Directory /workdir/hadoop-ozone/integration-test/target/test-dir/MiniOzoneClusterImpl-1f34c511-1d11-4543-b7d5-4b9a7ceebc3e/datanode-0/data/ratis/41b1860d-d31d-4ac7-8944-b9213cb54cd5: created new log segment /workdir/hadoop-ozone/integration-test/target/test-dir/MiniOzoneClusterImpl-1f34c511-1d11-4543-b7d5-4b9a7ceebc3e/datanode-0/data/ratis/41b1860d-d31d-4ac7-8944-b9213cb54cd5/current/log_inprogress_0
2019-07-16 14:32:37,959 INFO  impl.RaftServerImpl (ServerState.java:setLeader(263)) - 3390190e-0202-4c2c-b249-cb982879fc90:group-B9213CB54CD5 change Leader from null to 36f2587b-910c-42a5-a774-eb59e4ea961e at term 1 for appendEntries, leader elected after 5208ms
2019-07-16 14:32:37,959 INFO  impl.RaftServerImpl (ServerState.java:setLeader(263)) - 5049a06b-eba5-42a5-bf64-e1d68a7991ea:group-ED0C1C614C48 change Leader from null to 620ac3e3-0d81-489c-8d7f-dcf211d1795a at term 1 for appendEntries, leader elected after 5287ms
2019-07-16 14:32:37,961 INFO  impl.RaftServerImpl (ServerState.java:setLeader(263)) - 3994e812-3b47-4c21-bbff-59c8cf50b976:group-ED0C1C614C48 change Leader from null to 620ac3e3-0d81-489c-8d7f-dcf211d1795a at term 1 for appendEntries, leader elected after 5289ms
2019-07-16 14:32:37,963 INFO  impl.RaftServerImpl (ServerState.java:setLeader(263)) - 7fa95842-6e55-4142-b267-1c1e9b428abe:group-B9213CB54CD5 change Leader from null to 36f2587b-910c-42a5-a774-eb59e4ea961e at term 1 for appendEntries, leader elected after 5211ms
2019-07-16 14:32:37,991 INFO  impl.RaftServerImpl (ServerState.java:setRaftConf(361)) - 3390190e-0202-4c2c-b249-cb982879fc90:group-B9213CB54CD5 set configuration 0: [3390190e-0202-4c2c-b249-cb982879fc90:192.168.5.141:45249, 7fa95842-6e55-4142-b267-1c1e9b428abe:192.168.5.141:33124, 36f2587b-910c-42a5-a774-eb59e4ea961e:192.168.5.141:33908], old=null at 0
2019-07-16 14:32:37,991 INFO  impl.RaftServerImpl (ServerState.java:setRaftConf(361)) - 5049a06b-eba5-42a5-bf64-e1d68a7991ea:group-ED0C1C614C48 set configuration 0: [5049a06b-eba5-42a5-bf64-e1d68a7991ea:192.168.5.141:32941, 620ac3e3-0d81-489c-8d7f-dcf211d1795a:192.168.5.141:46612, 3994e812-3b47-4c21-bbff-59c8cf50b976:192.168.5.141:41861], old=null at 0
2019-07-16 14:32:37,991 INFO  impl.RaftServerImpl (ServerState.java:setRaftConf(361)) - 7fa95842-6e55-4142-b267-1c1e9b428abe:group-B9213CB54CD5 set configuration 0: [3390190e-0202-4c2c-b249-cb982879fc90:192.168.5.141:45249, 7fa95842-6e55-4142-b267-1c1e9b428abe:192.168.5.141:33124, 36f2587b-910c-42a5-a774-eb59e4ea961e:192.168.5.141:33908], old=null at 0
2019-07-16 14:32:37,991 INFO  segmented.SegmentedRaftLogWorker (SegmentedRaftLogWorker.java:startLogSegment(380)) - 3390190e-0202-4c2c-b249-cb982879fc90-SegmentedRaftLogWorker:Storage Directory /workdir/hadoop-ozone/integration-test/target/test-dir/MiniOzoneClusterImpl-1f34c511-1d11-4543-b7d5-4b9a7ceebc3e/datanode-2/data/ratis/41b1860d-d31d-4ac7-8944-b9213cb54cd5: Starting segment from index:0
2019-07-16 14:32:37,991 INFO  impl.RaftServerImpl (ServerState.java:setRaftConf(361)) - 3994e812-3b47-4c21-bbff-59c8cf50b976:group-ED0C1C614C48 set configuration 0: [5049a06b-eba5-42a5-bf64-e1d68a7991ea:192.168.5.141:32941, 620ac3e3-0d81-489c-8d7f-dcf211d1795a:192.168.5.141:46612, 3994e812-3b47-4c21-bbff-59c8cf50b976:192.168.5.141:41861], old=null at 0
2019-07-16 14:32:37,992 INFO  segmented.SegmentedRaftLogWorker (SegmentedRaftLogWorker.java:startLogSegment(380)) - 7fa95842-6e55-4142-b267-1c1e9b428abe-SegmentedRaftLogWorker:Storage Directory /workdir/hadoop-ozone/integration-test/target/test-dir/MiniOzoneClusterImpl-1f34c511-1d11-4543-b7d5-4b9a7ceebc3e/datanode-4/data/ratis/41b1860d-d31d-4ac7-8944-b9213cb54cd5: Starting segment from index:0
2019-07-16 14:32:37,991 INFO  segmented.SegmentedRaftLogWorker (SegmentedRaftLogWorker.java:startLogSegment(380)) - 5049a06b-eba5-42a5-bf64-e1d68a7991ea-SegmentedRaftLogWorker:Storage Directory /workdir/hadoop-ozone/integration-test/target/test-dir/MiniOzoneClusterImpl-1f34c511-1d11-4543-b7d5-4b9a7ceebc3e/datanode-1/data/ratis/1029a3a8-77bf-428f-b0d9-ed0c1c614c48: Starting segment from index:0
2019-07-16 14:32:37,992 INFO  segmented.SegmentedRaftLogWorker (SegmentedRaftLogWorker.java:startLogSegment(380)) - 3994e812-3b47-4c21-bbff-59c8cf50b976-SegmentedRaftLogWorker:Storage Directory /workdir/hadoop-ozone/integration-test/target/test-dir/MiniOzoneClusterImpl-1f34c511-1d11-4543-b7d5-4b9a7ceebc3e/datanode-5/data/ratis/1029a3a8-77bf-428f-b0d9-ed0c1c614c48: Starting segment from index:0
2019-07-16 14:32:38,009 INFO  segmented.SegmentedRaftLogWorker (SegmentedRaftLogWorker.java:execute(569)) - 3390190e-0202-4c2c-b249-cb982879fc90-SegmentedRaftLogWorker:Storage Directory /workdir/hadoop-ozone/integration-test/target/test-dir/MiniOzoneClusterImpl-1f34c511-1d11-4543-b7d5-4b9a7ceebc3e/datanode-2/data/ratis/41b1860d-d31d-4ac7-8944-b9213cb54cd5: created new log segment /workdir/hadoop-ozone/integration-test/target/test-dir/MiniOzoneClusterImpl-1f34c511-1d11-4543-b7d5-4b9a7ceebc3e/datanode-2/data/ratis/41b1860d-d31d-4ac7-8944-b9213cb54cd5/current/log_inprogress_0
2019-07-16 14:32:38,009 INFO  segmented.SegmentedRaftLogWorker (SegmentedRaftLogWorker.java:execute(569)) - 7fa95842-6e55-4142-b267-1c1e9b428abe-SegmentedRaftLogWorker:Storage Directory /workdir/hadoop-ozone/integration-test/target/test-dir/MiniOzoneClusterImpl-1f34c511-1d11-4543-b7d5-4b9a7ceebc3e/datanode-4/data/ratis/41b1860d-d31d-4ac7-8944-b9213cb54cd5: created new log segment /workdir/hadoop-ozone/integration-test/target/test-dir/MiniOzoneClusterImpl-1f34c511-1d11-4543-b7d5-4b9a7ceebc3e/datanode-4/data/ratis/41b1860d-d31d-4ac7-8944-b9213cb54cd5/current/log_inprogress_0
2019-07-16 14:32:38,009 INFO  segmented.SegmentedRaftLogWorker (SegmentedRaftLogWorker.java:execute(569)) - 3994e812-3b47-4c21-bbff-59c8cf50b976-SegmentedRaftLogWorker:Storage Directory /workdir/hadoop-ozone/integration-test/target/test-dir/MiniOzoneClusterImpl-1f34c511-1d11-4543-b7d5-4b9a7ceebc3e/datanode-5/data/ratis/1029a3a8-77bf-428f-b0d9-ed0c1c614c48: created new log segment /workdir/hadoop-ozone/integration-test/target/test-dir/MiniOzoneClusterImpl-1f34c511-1d11-4543-b7d5-4b9a7ceebc3e/datanode-5/data/ratis/1029a3a8-77bf-428f-b0d9-ed0c1c614c48/current/log_inprogress_0
2019-07-16 14:32:38,009 INFO  segmented.SegmentedRaftLogWorker (SegmentedRaftLogWorker.java:execute(569)) - 5049a06b-eba5-42a5-bf64-e1d68a7991ea-SegmentedRaftLogWorker:Storage Directory /workdir/hadoop-ozone/integration-test/target/test-dir/MiniOzoneClusterImpl-1f34c511-1d11-4543-b7d5-4b9a7ceebc3e/datanode-1/data/ratis/1029a3a8-77bf-428f-b0d9-ed0c1c614c48: created new log segment /workdir/hadoop-ozone/integration-test/target/test-dir/MiniOzoneClusterImpl-1f34c511-1d11-4543-b7d5-4b9a7ceebc3e/datanode-1/data/ratis/1029a3a8-77bf-428f-b0d9-ed0c1c614c48/current/log_inprogress_0
2019-07-16 14:32:38,198 INFO  client.GrpcClientProtocolClient (GrpcClientProtocolClient.java:onNext(255)) - client-460FDC36ADEC->3994e812-3b47-4c21-bbff-59c8cf50b976: receive RaftClientReply:client-460FDC36ADEC->3994e812-3b47-4c21-bbff-59c8cf50b976@group-ED0C1C614C48, cid=13, FAILED org.apache.ratis.protocol.NotLeaderException: Server 3994e812-3b47-4c21-bbff-59c8cf50b976 is not the leader (620ac3e3-0d81-489c-8d7f-dcf211d1795a:192.168.5.141:46612). Request must be sent to leader., logIndex=0, commits[3994e812-3b47-4c21-bbff-59c8cf50b976:c0, 5049a06b-eba5-42a5-bf64-e1d68a7991ea:c-1, 620ac3e3-0d81-489c-8d7f-dcf211d1795a:c0]
2019-07-16 14:32:38,527 INFO  container.CloseContainerEventHandler (CloseContainerEventHandler.java:onMessage(61)) - Close container Event triggered for container : #1
2019-07-16 14:32:38,533 INFO  client.GrpcClientProtocolClient (GrpcClientProtocolClient.java:onNext(255)) - client-460FDC36ADEC->620ac3e3-0d81-489c-8d7f-dcf211d1795a: receive RaftClientReply:client-460FDC36ADEC->620ac3e3-0d81-489c-8d7f-dcf211d1795a@group-ED0C1C614C48, cid=13, SUCCESS, logIndex=1, commits[620ac3e3-0d81-489c-8d7f-dcf211d1795a:c1, 5049a06b-eba5-42a5-bf64-e1d68a7991ea:c0, 3994e812-3b47-4c21-bbff-59c8cf50b976:c0]
2019-07-16 14:32:38,540 INFO  container.CloseContainerEventHandler (CloseContainerEventHandler.java:onMessage(61)) - Close container Event triggered for container : #1
2019-07-16 14:32:38,540 INFO  container.CloseContainerEventHandler (CloseContainerEventHandler.java:onMessage(61)) - Close container Event triggered for container : #1
2019-07-16 14:32:38,624 INFO  client.GrpcClientProtocolClient (GrpcClientProtocolClient.java:onNext(255)) - client-460FDC36ADEC->620ac3e3-0d81-489c-8d7f-dcf211d1795a: receive RaftClientReply:client-460FDC36ADEC->620ac3e3-0d81-489c-8d7f-dcf211d1795a@group-ED0C1C614C48, cid=14, SUCCESS, logIndex=3, commits[620ac3e3-0d81-489c-8d7f-dcf211d1795a:c4, 5049a06b-eba5-42a5-bf64-e1d68a7991ea:c3, 3994e812-3b47-4c21-bbff-59c8cf50b976:c3]
2019-07-16 14:32:40,436 INFO  interfaces.Container (KeyValueContainer.java:compactDB(356)) - Container 1 is closed with bcsId 3.
2019-07-16 14:32:40,436 INFO  interfaces.Container (KeyValueContainer.java:compactDB(356)) - Container 1 is closed with bcsId 3.
2019-07-16 14:32:40,443 INFO  interfaces.Container (KeyValueContainer.java:compactDB(356)) - Container 1 is closed with bcsId 3.
14:32:40.544 [grpc-default-executor-1] ERROR DNAudit - user=null | ip=null | op=WRITE_CHUNK {blockData=conID: 1 locID: 102451613131538433 bcsId: 3} | ret=FAILURE
org.apache.hadoop.hdds.scm.container.common.helpers.ContainerNotOpenException: Container 1 in CLOSED state
	at org.apache.hadoop.ozone.container.common.impl.HddsDispatcher.validateContainerCommand(HddsDispatcher.java:408) ~[hadoop-hdds-container-service-0.4.1-SNAPSHOT.jar:?]
	at org.apache.hadoop.ozone.container.common.transport.server.ratis.ContainerStateMachine.startTransaction(ContainerStateMachine.java:270) ~[hadoop-hdds-container-service-0.4.1-SNAPSHOT.jar:?]
	at org.apache.ratis.server.impl.RaftServerImpl.submitClientRequestAsync(RaftServerImpl.java:566) ~[ratis-server-0.4.0-2337318-SNAPSHOT.jar:0.4.0-2337318-SNAPSHOT]
	at org.apache.ratis.server.impl.RaftServerProxy.lambda$submitClientRequestAsync$7(RaftServerProxy.java:333) ~[ratis-server-0.4.0-2337318-SNAPSHOT.jar:0.4.0-2337318-SNAPSHOT]
	at org.apache.ratis.server.impl.RaftServerProxy.lambda$null$5(RaftServerProxy.java:328) ~[ratis-server-0.4.0-2337318-SNAPSHOT.jar:0.4.0-2337318-SNAPSHOT]
	at org.apache.ratis.util.JavaUtils.callAsUnchecked(JavaUtils.java:109) ~[ratis-common-0.4.0-2337318-SNAPSHOT.jar:0.4.0-2337318-SNAPSHOT]
	at org.apache.ratis.server.impl.RaftServerProxy.lambda$submitRequest$6(RaftServerProxy.java:328) ~[ratis-server-0.4.0-2337318-SNAPSHOT.jar:0.4.0-2337318-SNAPSHOT]
	at java.util.concurrent.CompletableFuture.uniComposeStage(CompletableFuture.java:981) ~[?:1.8.0_212]
	at java.util.concurrent.CompletableFuture.thenCompose(CompletableFuture.java:2124) ~[?:1.8.0_212]
	at org.apache.ratis.server.impl.RaftServerProxy.submitRequest(RaftServerProxy.java:327) ~[ratis-server-0.4.0-2337318-SNAPSHOT.jar:0.4.0-2337318-SNAPSHOT]
	at org.apache.ratis.server.impl.RaftServerProxy.submitClientRequestAsync(RaftServerProxy.java:333) ~[ratis-server-0.4.0-2337318-SNAPSHOT.jar:0.4.0-2337318-SNAPSHOT]
	at org.apache.ratis.grpc.client.GrpcClientProtocolService$RequestStreamObserver.processClientRequest(GrpcClientProtocolService.java:220) ~[ratis-grpc-0.4.0-2337318-SNAPSHOT.jar:0.4.0-2337318-SNAPSHOT]
	at org.apache.ratis.grpc.client.GrpcClientProtocolService$OrderedRequestStreamObserver.processClientRequest(GrpcClientProtocolService.java:326) ~[ratis-grpc-0.4.0-2337318-SNAPSHOT.jar:0.4.0-2337318-SNAPSHOT]
	at org.apache.ratis.util.SlidingWindow$Server.processRequestsFromHead(SlidingWindow.java:429) [ratis-common-0.4.0-2337318-SNAPSHOT.jar:0.4.0-2337318-SNAPSHOT]
	at org.apache.ratis.util.SlidingWindow$Server.receivedRequest(SlidingWindow.java:421) [ratis-common-0.4.0-2337318-SNAPSHOT.jar:0.4.0-2337318-SNAPSHOT]
	at org.apache.ratis.grpc.client.GrpcClientProtocolService$OrderedRequestStreamObserver.processClientRequest(GrpcClientProtocolService.java:345) [ratis-grpc-0.4.0-2337318-SNAPSHOT.jar:0.4.0-2337318-SNAPSHOT]
	at org.apache.ratis.grpc.client.GrpcClientProtocolService$RequestStreamObserver.onNext(GrpcClientProtocolService.java:240) [ratis-grpc-0.4.0-2337318-SNAPSHOT.jar:0.4.0-2337318-SNAPSHOT]
	at org.apache.ratis.grpc.client.GrpcClientProtocolService$RequestStreamObserver.onNext(GrpcClientProtocolService.java:168) [ratis-grpc-0.4.0-2337318-SNAPSHOT.jar:0.4.0-2337318-SNAPSHOT]
	at org.apache.ratis.thirdparty.io.grpc.stub.ServerCalls$StreamingServerCallHandler$StreamingServerCallListener.onMessage(ServerCalls.java:248) [ratis-thirdparty-misc-0.2.0.jar:0.2.0]
	at org.apache.ratis.thirdparty.io.grpc.internal.ServerCallImpl$ServerStreamListenerImpl.messagesAvailable(ServerCallImpl.java:263) [ratis-thirdparty-misc-0.2.0.jar:0.2.0]
	at org.apache.ratis.thirdparty.io.grpc.internal.ServerImpl$JumpToApplicationThreadServerStreamListener$1MessagesAvailable.runInContext(ServerImpl.java:686) [ratis-thirdparty-misc-0.2.0.jar:0.2.0]
	at org.apache.ratis.thirdparty.io.grpc.internal.ContextRunnable.run(ContextRunnable.java:37) [ratis-thirdparty-misc-0.2.0.jar:0.2.0]
	at org.apache.ratis.thirdparty.io.grpc.internal.SerializingExecutor.run(SerializingExecutor.java:123) [ratis-thirdparty-misc-0.2.0.jar:0.2.0]
	at java.util.concurrent.ThreadPoolExecutor.runWorker(ThreadPoolExecutor.java:1149) [?:1.8.0_212]
	at java.util.concurrent.ThreadPoolExecutor$Worker.run(ThreadPoolExecutor.java:624) [?:1.8.0_212]
	at java.lang.Thread.run(Thread.java:748) [?:1.8.0_212]
14:32:40.587 [grpc-default-executor-1] ERROR DNAudit - user=null | ip=null | op=PUT_BLOCK {blockData=[blockId=conID: 1 locID: 102451613131538433 bcsId: 0,size=2097152]} | ret=FAILURE
org.apache.hadoop.hdds.scm.container.common.helpers.ContainerNotOpenException: Container 1 in CLOSED state
	at org.apache.hadoop.ozone.container.common.impl.HddsDispatcher.validateContainerCommand(HddsDispatcher.java:408) ~[hadoop-hdds-container-service-0.4.1-SNAPSHOT.jar:?]
	at org.apache.hadoop.ozone.container.common.transport.server.ratis.ContainerStateMachine.startTransaction(ContainerStateMachine.java:270) ~[hadoop-hdds-container-service-0.4.1-SNAPSHOT.jar:?]
	at org.apache.ratis.server.impl.RaftServerImpl.submitClientRequestAsync(RaftServerImpl.java:566) ~[ratis-server-0.4.0-2337318-SNAPSHOT.jar:0.4.0-2337318-SNAPSHOT]
	at org.apache.ratis.server.impl.RaftServerProxy.lambda$submitClientRequestAsync$7(RaftServerProxy.java:333) ~[ratis-server-0.4.0-2337318-SNAPSHOT.jar:0.4.0-2337318-SNAPSHOT]
	at org.apache.ratis.server.impl.RaftServerProxy.lambda$null$5(RaftServerProxy.java:328) ~[ratis-server-0.4.0-2337318-SNAPSHOT.jar:0.4.0-2337318-SNAPSHOT]
	at org.apache.ratis.util.JavaUtils.callAsUnchecked(JavaUtils.java:109) ~[ratis-common-0.4.0-2337318-SNAPSHOT.jar:0.4.0-2337318-SNAPSHOT]
	at org.apache.ratis.server.impl.RaftServerProxy.lambda$submitRequest$6(RaftServerProxy.java:328) ~[ratis-server-0.4.0-2337318-SNAPSHOT.jar:0.4.0-2337318-SNAPSHOT]
	at java.util.concurrent.CompletableFuture.uniComposeStage(CompletableFuture.java:981) ~[?:1.8.0_212]
	at java.util.concurrent.CompletableFuture.thenCompose(CompletableFuture.java:2124) ~[?:1.8.0_212]
	at org.apache.ratis.server.impl.RaftServerProxy.submitRequest(RaftServerProxy.java:327) ~[ratis-server-0.4.0-2337318-SNAPSHOT.jar:0.4.0-2337318-SNAPSHOT]
	at org.apache.ratis.server.impl.RaftServerProxy.submitClientRequestAsync(RaftServerProxy.java:333) ~[ratis-server-0.4.0-2337318-SNAPSHOT.jar:0.4.0-2337318-SNAPSHOT]
	at org.apache.ratis.grpc.client.GrpcClientProtocolService$RequestStreamObserver.processClientRequest(GrpcClientProtocolService.java:220) ~[ratis-grpc-0.4.0-2337318-SNAPSHOT.jar:0.4.0-2337318-SNAPSHOT]
	at org.apache.ratis.grpc.client.GrpcClientProtocolService$OrderedRequestStreamObserver.processClientRequest(GrpcClientProtocolService.java:326) ~[ratis-grpc-0.4.0-2337318-SNAPSHOT.jar:0.4.0-2337318-SNAPSHOT]
	at org.apache.ratis.util.SlidingWindow$Server.processRequestsFromHead(SlidingWindow.java:429) [ratis-common-0.4.0-2337318-SNAPSHOT.jar:0.4.0-2337318-SNAPSHOT]
	at org.apache.ratis.util.SlidingWindow$Server.receivedRequest(SlidingWindow.java:421) [ratis-common-0.4.0-2337318-SNAPSHOT.jar:0.4.0-2337318-SNAPSHOT]
	at org.apache.ratis.grpc.client.GrpcClientProtocolService$OrderedRequestStreamObserver.processClientRequest(GrpcClientProtocolService.java:345) [ratis-grpc-0.4.0-2337318-SNAPSHOT.jar:0.4.0-2337318-SNAPSHOT]
	at org.apache.ratis.grpc.client.GrpcClientProtocolService$RequestStreamObserver.onNext(GrpcClientProtocolService.java:240) [ratis-grpc-0.4.0-2337318-SNAPSHOT.jar:0.4.0-2337318-SNAPSHOT]
	at org.apache.ratis.grpc.client.GrpcClientProtocolService$RequestStreamObserver.onNext(GrpcClientProtocolService.java:168) [ratis-grpc-0.4.0-2337318-SNAPSHOT.jar:0.4.0-2337318-SNAPSHOT]
	at org.apache.ratis.thirdparty.io.grpc.stub.ServerCalls$StreamingServerCallHandler$StreamingServerCallListener.onMessage(ServerCalls.java:248) [ratis-thirdparty-misc-0.2.0.jar:0.2.0]
	at org.apache.ratis.thirdparty.io.grpc.internal.ServerCallImpl$ServerStreamListenerImpl.messagesAvailable(ServerCallImpl.java:263) [ratis-thirdparty-misc-0.2.0.jar:0.2.0]
	at org.apache.ratis.thirdparty.io.grpc.internal.ServerImpl$JumpToApplicationThreadServerStreamListener$1MessagesAvailable.runInContext(ServerImpl.java:686) [ratis-thirdparty-misc-0.2.0.jar:0.2.0]
	at org.apache.ratis.thirdparty.io.grpc.internal.ContextRunnable.run(ContextRunnable.java:37) [ratis-thirdparty-misc-0.2.0.jar:0.2.0]
	at org.apache.ratis.thirdparty.io.grpc.internal.SerializingExecutor.run(SerializingExecutor.java:123) [ratis-thirdparty-misc-0.2.0.jar:0.2.0]
	at java.util.concurrent.ThreadPoolExecutor.runWorker(ThreadPoolExecutor.java:1149) [?:1.8.0_212]
	at java.util.concurrent.ThreadPoolExecutor$Worker.run(ThreadPoolExecutor.java:624) [?:1.8.0_212]
	at java.lang.Thread.run(Thread.java:748) [?:1.8.0_212]
2019-07-16 14:32:40,597 INFO  client.GrpcClientProtocolClient (GrpcClientProtocolClient.java:onNext(255)) - client-460FDC36ADEC->620ac3e3-0d81-489c-8d7f-dcf211d1795a: receive RaftClientReply:client-460FDC36ADEC->620ac3e3-0d81-489c-8d7f-dcf211d1795a@group-ED0C1C614C48, cid=15, FAILED org.apache.ratis.protocol.StateMachineException: org.apache.hadoop.hdds.scm.container.common.helpers.ContainerNotOpenException from Server 620ac3e3-0d81-489c-8d7f-dcf211d1795a: Container 1 in CLOSED state, logIndex=0, commits[620ac3e3-0d81-489c-8d7f-dcf211d1795a:c6, 5049a06b-eba5-42a5-bf64-e1d68a7991ea:c5, 3994e812-3b47-4c21-bbff-59c8cf50b976:c5]
2019-07-16 14:32:40,599 INFO  client.GrpcClientProtocolClient (GrpcClientProtocolClient.java:onNext(255)) - client-460FDC36ADEC->620ac3e3-0d81-489c-8d7f-dcf211d1795a: receive RaftClientReply:client-460FDC36ADEC->620ac3e3-0d81-489c-8d7f-dcf211d1795a@group-ED0C1C614C48, cid=16, FAILED org.apache.ratis.protocol.StateMachineException: org.apache.hadoop.hdds.scm.container.common.helpers.ContainerNotOpenException from Server 620ac3e3-0d81-489c-8d7f-dcf211d1795a: Container 1 in CLOSED state, logIndex=0, commits[620ac3e3-0d81-489c-8d7f-dcf211d1795a:c6, 5049a06b-eba5-42a5-bf64-e1d68a7991ea:c5, 3994e812-3b47-4c21-bbff-59c8cf50b976:c5]
2019-07-16 14:32:40,643 INFO  client.GrpcClientProtocolClient (GrpcClientProtocolClient.java:onNext(255)) - client-3E3F35638747->3390190e-0202-4c2c-b249-cb982879fc90: receive RaftClientReply:client-3E3F35638747->3390190e-0202-4c2c-b249-cb982879fc90@group-B9213CB54CD5, cid=17, FAILED org.apache.ratis.protocol.NotLeaderException: Server 3390190e-0202-4c2c-b249-cb982879fc90 is not the leader (36f2587b-910c-42a5-a774-eb59e4ea961e:192.168.5.141:33908). Request must be sent to leader., logIndex=0, commits[3390190e-0202-4c2c-b249-cb982879fc90:c0, 7fa95842-6e55-4142-b267-1c1e9b428abe:c0, 36f2587b-910c-42a5-a774-eb59e4ea961e:c0]
2019-07-16 14:32:40,760 INFO  client.GrpcClientProtocolClient (GrpcClientProtocolClient.java:onNext(255)) - client-3E3F35638747->36f2587b-910c-42a5-a774-eb59e4ea961e: receive RaftClientReply:client-3E3F35638747->36f2587b-910c-42a5-a774-eb59e4ea961e@group-B9213CB54CD5, cid=17, SUCCESS, logIndex=1, commits[36f2587b-910c-42a5-a774-eb59e4ea961e:c1, 3390190e-0202-4c2c-b249-cb982879fc90:c0, 7fa95842-6e55-4142-b267-1c1e9b428abe:c0]
2019-07-16 14:32:40,801 INFO  client.GrpcClientProtocolClient (GrpcClientProtocolClient.java:onNext(255)) - client-3E3F35638747->36f2587b-910c-42a5-a774-eb59e4ea961e: receive RaftClientReply:client-3E3F35638747->36f2587b-910c-42a5-a774-eb59e4ea961e@group-B9213CB54CD5, cid=18, SUCCESS, logIndex=3, commits[36f2587b-910c-42a5-a774-eb59e4ea961e:c6, 3390190e-0202-4c2c-b249-cb982879fc90:c3, 7fa95842-6e55-4142-b267-1c1e9b428abe:c3]
2019-07-16 14:32:40,803 INFO  client.GrpcClientProtocolClient (GrpcClientProtocolClient.java:onNext(255)) - client-3E3F35638747->36f2587b-910c-42a5-a774-eb59e4ea961e: receive RaftClientReply:client-3E3F35638747->36f2587b-910c-42a5-a774-eb59e4ea961e@group-B9213CB54CD5, cid=19, SUCCESS, logIndex=5, commits[36f2587b-910c-42a5-a774-eb59e4ea961e:c6, 3390190e-0202-4c2c-b249-cb982879fc90:c3, 7fa95842-6e55-4142-b267-1c1e9b428abe:c3]
2019-07-16 14:32:40,856 INFO  client.GrpcClientProtocolClient (GrpcClientProtocolClient.java:onNext(255)) - client-3E3F35638747->36f2587b-910c-42a5-a774-eb59e4ea961e: receive RaftClientReply:client-3E3F35638747->36f2587b-910c-42a5-a774-eb59e4ea961e@group-B9213CB54CD5, cid=20, SUCCESS, logIndex=6, commits[36f2587b-910c-42a5-a774-eb59e4ea961e:c8, 3390190e-0202-4c2c-b249-cb982879fc90:c6, 7fa95842-6e55-4142-b267-1c1e9b428abe:c6]
]]></system-out>
    <system-err><![CDATA[ERROR StatusLogger No Log4j 2 configuration file found. Using default configuration (logging only errors to the console), or user programmatically provided configurations. Set system property 'log4j2.debug' to show Log4j 2 internal initialization logging. See https://logging.apache.org/log4j/2.x/manual/configuration.html for instructions on how to configure Log4j 2
Jul 16, 2019 2:32:26 PM com.sun.jersey.server.impl.application.WebApplicationImpl _initiate
INFO: Initiating Jersey application, version 'Jersey: 1.19 02/11/2015 03:25 AM'
Jul 16, 2019 2:32:27 PM com.sun.jersey.server.impl.application.WebApplicationImpl _initiate
INFO: Initiating Jersey application, version 'Jersey: 1.19 02/11/2015 03:25 AM'
Jul 16, 2019 2:32:27 PM com.sun.jersey.server.impl.application.WebApplicationImpl _initiate
INFO: Initiating Jersey application, version 'Jersey: 1.19 02/11/2015 03:25 AM'
Jul 16, 2019 2:32:27 PM com.sun.jersey.server.impl.application.WebApplicationImpl _initiate
INFO: Initiating Jersey application, version 'Jersey: 1.19 02/11/2015 03:25 AM'
Jul 16, 2019 2:32:27 PM com.sun.jersey.server.impl.application.WebApplicationImpl _initiate
INFO: Initiating Jersey application, version 'Jersey: 1.19 02/11/2015 03:25 AM'
Jul 16, 2019 2:32:27 PM com.sun.jersey.server.impl.application.WebApplicationImpl _initiate
INFO: Initiating Jersey application, version 'Jersey: 1.19 02/11/2015 03:25 AM'
Jul 16, 2019 2:32:28 PM com.sun.jersey.server.impl.application.WebApplicationImpl _initiate
INFO: Initiating Jersey application, version 'Jersey: 1.19 02/11/2015 03:25 AM'
]]></system-err>
  </testcase>
  <testcase name="testBlockWritesWithFlushAndClose" classname="org.apache.hadoop.ozone.client.rpc.TestCloseContainerHandlingByClient" time="2.797">
    <error type="java.lang.IllegalArgumentException">java.lang.IllegalArgumentException
	at com.google.common.base.Preconditions.checkArgument(Preconditions.java:72)
	at org.apache.hadoop.hdds.scm.XceiverClientManager.acquireClient(XceiverClientManager.java:123)
	at org.apache.hadoop.hdds.scm.storage.BlockInputStream.getChunkInfos(BlockInputStream.java:154)
	at org.apache.hadoop.hdds.scm.storage.BlockInputStream.initialize(BlockInputStream.java:118)
	at org.apache.hadoop.hdds.scm.storage.BlockInputStream.read(BlockInputStream.java:222)
	at org.apache.hadoop.ozone.client.io.KeyInputStream.read(KeyInputStream.java:171)
	at org.apache.hadoop.ozone.client.io.OzoneInputStream.read(OzoneInputStream.java:47)
	at java.io.InputStream.read(InputStream.java:101)
	at org.apache.hadoop.ozone.container.ContainerTestHelper.validateData(ContainerTestHelper.java:709)
	at org.apache.hadoop.ozone.client.rpc.TestCloseContainerHandlingByClient.validateData(TestCloseContainerHandlingByClient.java:401)
	at org.apache.hadoop.ozone.client.rpc.TestCloseContainerHandlingByClient.testBlockWritesWithFlushAndClose(TestCloseContainerHandlingByClient.java:150)
	at sun.reflect.NativeMethodAccessorImpl.invoke0(Native Method)
	at sun.reflect.NativeMethodAccessorImpl.invoke(NativeMethodAccessorImpl.java:62)
	at sun.reflect.DelegatingMethodAccessorImpl.invoke(DelegatingMethodAccessorImpl.java:43)
	at java.lang.reflect.Method.invoke(Method.java:498)
	at org.junit.runners.model.FrameworkMethod$1.runReflectiveCall(FrameworkMethod.java:47)
	at org.junit.internal.runners.model.ReflectiveCallable.run(ReflectiveCallable.java:12)
	at org.junit.runners.model.FrameworkMethod.invokeExplosively(FrameworkMethod.java:44)
	at org.junit.internal.runners.statements.InvokeMethod.evaluate(InvokeMethod.java:17)
	at org.junit.runners.ParentRunner.runLeaf(ParentRunner.java:271)
	at org.junit.runners.BlockJUnit4ClassRunner.runChild(BlockJUnit4ClassRunner.java:70)
	at org.junit.runners.BlockJUnit4ClassRunner.runChild(BlockJUnit4ClassRunner.java:50)
	at org.junit.runners.ParentRunner$3.run(ParentRunner.java:238)
	at org.junit.runners.ParentRunner$1.schedule(ParentRunner.java:63)
	at org.junit.runners.ParentRunner.runChildren(ParentRunner.java:236)
	at org.junit.runners.ParentRunner.access$000(ParentRunner.java:53)
	at org.junit.runners.ParentRunner$2.evaluate(ParentRunner.java:229)
	at org.junit.internal.runners.statements.RunBefores.evaluate(RunBefores.java:26)
	at org.junit.internal.runners.statements.RunAfters.evaluate(RunAfters.java:27)
	at org.junit.runners.ParentRunner.run(ParentRunner.java:309)
	at org.apache.maven.surefire.junit4.JUnit4Provider.execute(JUnit4Provider.java:365)
	at org.apache.maven.surefire.junit4.JUnit4Provider.executeWithRerun(JUnit4Provider.java:273)
	at org.apache.maven.surefire.junit4.JUnit4Provider.executeTestSet(JUnit4Provider.java:238)
	at org.apache.maven.surefire.junit4.JUnit4Provider.invoke(JUnit4Provider.java:159)
	at org.apache.maven.surefire.booter.ForkedBooter.invokeProviderInSameClassLoader(ForkedBooter.java:384)
	at org.apache.maven.surefire.booter.ForkedBooter.runSuitesInProcess(ForkedBooter.java:345)
	at org.apache.maven.surefire.booter.ForkedBooter.execute(ForkedBooter.java:126)
	at org.apache.maven.surefire.booter.ForkedBooter.main(ForkedBooter.java:418)
</error>
    <system-out><![CDATA[2019-07-16 14:32:41,054 INFO  client.GrpcClientProtocolClient (GrpcClientProtocolClient.java:onNext(255)) - client-3E3F35638747->36f2587b-910c-42a5-a774-eb59e4ea961e: receive RaftClientReply:client-3E3F35638747->36f2587b-910c-42a5-a774-eb59e4ea961e@group-B9213CB54CD5, cid=21, SUCCESS, logIndex=9, commits[36f2587b-910c-42a5-a774-eb59e4ea961e:c10, 3390190e-0202-4c2c-b249-cb982879fc90:c8, 7fa95842-6e55-4142-b267-1c1e9b428abe:c8]
2019-07-16 14:32:41,093 INFO  client.GrpcClientProtocolClient (GrpcClientProtocolClient.java:onNext(255)) - client-3E3F35638747->36f2587b-910c-42a5-a774-eb59e4ea961e: receive RaftClientReply:client-3E3F35638747->36f2587b-910c-42a5-a774-eb59e4ea961e@group-B9213CB54CD5, cid=22, SUCCESS, logIndex=10, commits[36f2587b-910c-42a5-a774-eb59e4ea961e:c12, 3390190e-0202-4c2c-b249-cb982879fc90:c10, 7fa95842-6e55-4142-b267-1c1e9b428abe:c10]
2019-07-16 14:32:41,459 INFO  container.CloseContainerEventHandler (CloseContainerEventHandler.java:onMessage(61)) - Close container Event triggered for container : #3
2019-07-16 14:32:41,459 INFO  container.CloseContainerEventHandler (CloseContainerEventHandler.java:onMessage(61)) - Close container Event triggered for container : #3
2019-07-16 14:32:41,460 INFO  container.CloseContainerEventHandler (CloseContainerEventHandler.java:onMessage(61)) - Close container Event triggered for container : #3
2019-07-16 14:32:43,078 INFO  interfaces.Container (KeyValueContainer.java:compactDB(356)) - Container 3 is closed with bcsId 10.
2019-07-16 14:32:43,078 INFO  interfaces.Container (KeyValueContainer.java:compactDB(356)) - Container 3 is closed with bcsId 10.
2019-07-16 14:32:43,084 INFO  interfaces.Container (KeyValueContainer.java:compactDB(356)) - Container 3 is closed with bcsId 10.
14:32:43.470 [grpc-default-executor-3] ERROR DNAudit - user=null | ip=null | op=WRITE_CHUNK {blockData=conID: 3 locID: 102451613594288132 bcsId: 10} | ret=FAILURE
org.apache.hadoop.hdds.scm.container.common.helpers.ContainerNotOpenException: Container 3 in CLOSED state
	at org.apache.hadoop.ozone.container.common.impl.HddsDispatcher.validateContainerCommand(HddsDispatcher.java:408) ~[hadoop-hdds-container-service-0.4.1-SNAPSHOT.jar:?]
	at org.apache.hadoop.ozone.container.common.transport.server.ratis.ContainerStateMachine.startTransaction(ContainerStateMachine.java:270) ~[hadoop-hdds-container-service-0.4.1-SNAPSHOT.jar:?]
	at org.apache.ratis.server.impl.RaftServerImpl.submitClientRequestAsync(RaftServerImpl.java:566) ~[ratis-server-0.4.0-2337318-SNAPSHOT.jar:0.4.0-2337318-SNAPSHOT]
	at org.apache.ratis.server.impl.RaftServerProxy.lambda$submitClientRequestAsync$7(RaftServerProxy.java:333) ~[ratis-server-0.4.0-2337318-SNAPSHOT.jar:0.4.0-2337318-SNAPSHOT]
	at org.apache.ratis.server.impl.RaftServerProxy.lambda$null$5(RaftServerProxy.java:328) ~[ratis-server-0.4.0-2337318-SNAPSHOT.jar:0.4.0-2337318-SNAPSHOT]
	at org.apache.ratis.util.JavaUtils.callAsUnchecked(JavaUtils.java:109) ~[ratis-common-0.4.0-2337318-SNAPSHOT.jar:0.4.0-2337318-SNAPSHOT]
	at org.apache.ratis.server.impl.RaftServerProxy.lambda$submitRequest$6(RaftServerProxy.java:328) ~[ratis-server-0.4.0-2337318-SNAPSHOT.jar:0.4.0-2337318-SNAPSHOT]
	at java.util.concurrent.CompletableFuture.uniComposeStage(CompletableFuture.java:981) ~[?:1.8.0_212]
	at java.util.concurrent.CompletableFuture.thenCompose(CompletableFuture.java:2124) ~[?:1.8.0_212]
	at org.apache.ratis.server.impl.RaftServerProxy.submitRequest(RaftServerProxy.java:327) ~[ratis-server-0.4.0-2337318-SNAPSHOT.jar:0.4.0-2337318-SNAPSHOT]
	at org.apache.ratis.server.impl.RaftServerProxy.submitClientRequestAsync(RaftServerProxy.java:333) ~[ratis-server-0.4.0-2337318-SNAPSHOT.jar:0.4.0-2337318-SNAPSHOT]
	at org.apache.ratis.grpc.client.GrpcClientProtocolService$RequestStreamObserver.processClientRequest(GrpcClientProtocolService.java:220) ~[ratis-grpc-0.4.0-2337318-SNAPSHOT.jar:0.4.0-2337318-SNAPSHOT]
	at org.apache.ratis.grpc.client.GrpcClientProtocolService$OrderedRequestStreamObserver.processClientRequest(GrpcClientProtocolService.java:326) ~[ratis-grpc-0.4.0-2337318-SNAPSHOT.jar:0.4.0-2337318-SNAPSHOT]
	at org.apache.ratis.util.SlidingWindow$Server.processRequestsFromHead(SlidingWindow.java:429) [ratis-common-0.4.0-2337318-SNAPSHOT.jar:0.4.0-2337318-SNAPSHOT]
	at org.apache.ratis.util.SlidingWindow$Server.receivedRequest(SlidingWindow.java:421) [ratis-common-0.4.0-2337318-SNAPSHOT.jar:0.4.0-2337318-SNAPSHOT]
	at org.apache.ratis.grpc.client.GrpcClientProtocolService$OrderedRequestStreamObserver.processClientRequest(GrpcClientProtocolService.java:345) [ratis-grpc-0.4.0-2337318-SNAPSHOT.jar:0.4.0-2337318-SNAPSHOT]
	at org.apache.ratis.grpc.client.GrpcClientProtocolService$RequestStreamObserver.onNext(GrpcClientProtocolService.java:240) [ratis-grpc-0.4.0-2337318-SNAPSHOT.jar:0.4.0-2337318-SNAPSHOT]
	at org.apache.ratis.grpc.client.GrpcClientProtocolService$RequestStreamObserver.onNext(GrpcClientProtocolService.java:168) [ratis-grpc-0.4.0-2337318-SNAPSHOT.jar:0.4.0-2337318-SNAPSHOT]
	at org.apache.ratis.thirdparty.io.grpc.stub.ServerCalls$StreamingServerCallHandler$StreamingServerCallListener.onMessage(ServerCalls.java:248) [ratis-thirdparty-misc-0.2.0.jar:0.2.0]
	at org.apache.ratis.thirdparty.io.grpc.internal.ServerCallImpl$ServerStreamListenerImpl.messagesAvailable(ServerCallImpl.java:263) [ratis-thirdparty-misc-0.2.0.jar:0.2.0]
	at org.apache.ratis.thirdparty.io.grpc.internal.ServerImpl$JumpToApplicationThreadServerStreamListener$1MessagesAvailable.runInContext(ServerImpl.java:686) [ratis-thirdparty-misc-0.2.0.jar:0.2.0]
	at org.apache.ratis.thirdparty.io.grpc.internal.ContextRunnable.run(ContextRunnable.java:37) [ratis-thirdparty-misc-0.2.0.jar:0.2.0]
	at org.apache.ratis.thirdparty.io.grpc.internal.SerializingExecutor.run(SerializingExecutor.java:123) [ratis-thirdparty-misc-0.2.0.jar:0.2.0]
	at java.util.concurrent.ThreadPoolExecutor.runWorker(ThreadPoolExecutor.java:1149) [?:1.8.0_212]
	at java.util.concurrent.ThreadPoolExecutor$Worker.run(ThreadPoolExecutor.java:624) [?:1.8.0_212]
	at java.lang.Thread.run(Thread.java:748) [?:1.8.0_212]
14:32:43.480 [grpc-default-executor-3] ERROR DNAudit - user=null | ip=null | op=PUT_BLOCK {blockData=[blockId=conID: 3 locID: 102451613594288132 bcsId: 0,size=2097152]} | ret=FAILURE
org.apache.hadoop.hdds.scm.container.common.helpers.ContainerNotOpenException: Container 3 in CLOSED state
	at org.apache.hadoop.ozone.container.common.impl.HddsDispatcher.validateContainerCommand(HddsDispatcher.java:408) ~[hadoop-hdds-container-service-0.4.1-SNAPSHOT.jar:?]
	at org.apache.hadoop.ozone.container.common.transport.server.ratis.ContainerStateMachine.startTransaction(ContainerStateMachine.java:270) ~[hadoop-hdds-container-service-0.4.1-SNAPSHOT.jar:?]
	at org.apache.ratis.server.impl.RaftServerImpl.submitClientRequestAsync(RaftServerImpl.java:566) ~[ratis-server-0.4.0-2337318-SNAPSHOT.jar:0.4.0-2337318-SNAPSHOT]
	at org.apache.ratis.server.impl.RaftServerProxy.lambda$submitClientRequestAsync$7(RaftServerProxy.java:333) ~[ratis-server-0.4.0-2337318-SNAPSHOT.jar:0.4.0-2337318-SNAPSHOT]
	at org.apache.ratis.server.impl.RaftServerProxy.lambda$null$5(RaftServerProxy.java:328) ~[ratis-server-0.4.0-2337318-SNAPSHOT.jar:0.4.0-2337318-SNAPSHOT]
	at org.apache.ratis.util.JavaUtils.callAsUnchecked(JavaUtils.java:109) ~[ratis-common-0.4.0-2337318-SNAPSHOT.jar:0.4.0-2337318-SNAPSHOT]
	at org.apache.ratis.server.impl.RaftServerProxy.lambda$submitRequest$6(RaftServerProxy.java:328) ~[ratis-server-0.4.0-2337318-SNAPSHOT.jar:0.4.0-2337318-SNAPSHOT]
	at java.util.concurrent.CompletableFuture.uniComposeStage(CompletableFuture.java:981) ~[?:1.8.0_212]
	at java.util.concurrent.CompletableFuture.thenCompose(CompletableFuture.java:2124) ~[?:1.8.0_212]
	at org.apache.ratis.server.impl.RaftServerProxy.submitRequest(RaftServerProxy.java:327) ~[ratis-server-0.4.0-2337318-SNAPSHOT.jar:0.4.0-2337318-SNAPSHOT]
	at org.apache.ratis.server.impl.RaftServerProxy.submitClientRequestAsync(RaftServerProxy.java:333) ~[ratis-server-0.4.0-2337318-SNAPSHOT.jar:0.4.0-2337318-SNAPSHOT]
	at org.apache.ratis.grpc.client.GrpcClientProtocolService$RequestStreamObserver.processClientRequest(GrpcClientProtocolService.java:220) ~[ratis-grpc-0.4.0-2337318-SNAPSHOT.jar:0.4.0-2337318-SNAPSHOT]
	at org.apache.ratis.grpc.client.GrpcClientProtocolService$OrderedRequestStreamObserver.processClientRequest(GrpcClientProtocolService.java:326) ~[ratis-grpc-0.4.0-2337318-SNAPSHOT.jar:0.4.0-2337318-SNAPSHOT]
	at org.apache.ratis.util.SlidingWindow$Server.processRequestsFromHead(SlidingWindow.java:429) [ratis-common-0.4.0-2337318-SNAPSHOT.jar:0.4.0-2337318-SNAPSHOT]
	at org.apache.ratis.util.SlidingWindow$Server.receivedRequest(SlidingWindow.java:421) [ratis-common-0.4.0-2337318-SNAPSHOT.jar:0.4.0-2337318-SNAPSHOT]
	at org.apache.ratis.grpc.client.GrpcClientProtocolService$OrderedRequestStreamObserver.processClientRequest(GrpcClientProtocolService.java:345) [ratis-grpc-0.4.0-2337318-SNAPSHOT.jar:0.4.0-2337318-SNAPSHOT]
	at org.apache.ratis.grpc.client.GrpcClientProtocolService$RequestStreamObserver.onNext(GrpcClientProtocolService.java:240) [ratis-grpc-0.4.0-2337318-SNAPSHOT.jar:0.4.0-2337318-SNAPSHOT]
	at org.apache.ratis.grpc.client.GrpcClientProtocolService$RequestStreamObserver.onNext(GrpcClientProtocolService.java:168) [ratis-grpc-0.4.0-2337318-SNAPSHOT.jar:0.4.0-2337318-SNAPSHOT]
	at org.apache.ratis.thirdparty.io.grpc.stub.ServerCalls$StreamingServerCallHandler$StreamingServerCallListener.onMessage(ServerCalls.java:248) [ratis-thirdparty-misc-0.2.0.jar:0.2.0]
	at org.apache.ratis.thirdparty.io.grpc.internal.ServerCallImpl$ServerStreamListenerImpl.messagesAvailable(ServerCallImpl.java:263) [ratis-thirdparty-misc-0.2.0.jar:0.2.0]
	at org.apache.ratis.thirdparty.io.grpc.internal.ServerImpl$JumpToApplicationThreadServerStreamListener$1MessagesAvailable.runInContext(ServerImpl.java:686) [ratis-thirdparty-misc-0.2.0.jar:0.2.0]
	at org.apache.ratis.thirdparty.io.grpc.internal.ContextRunnable.run(ContextRunnable.java:37) [ratis-thirdparty-misc-0.2.0.jar:0.2.0]
	at org.apache.ratis.thirdparty.io.grpc.internal.SerializingExecutor.run(SerializingExecutor.java:123) [ratis-thirdparty-misc-0.2.0.jar:0.2.0]
	at java.util.concurrent.ThreadPoolExecutor.runWorker(ThreadPoolExecutor.java:1149) [?:1.8.0_212]
	at java.util.concurrent.ThreadPoolExecutor$Worker.run(ThreadPoolExecutor.java:624) [?:1.8.0_212]
	at java.lang.Thread.run(Thread.java:748) [?:1.8.0_212]
2019-07-16 14:32:43,486 INFO  client.GrpcClientProtocolClient (GrpcClientProtocolClient.java:onNext(255)) - client-3E3F35638747->36f2587b-910c-42a5-a774-eb59e4ea961e: receive RaftClientReply:client-3E3F35638747->36f2587b-910c-42a5-a774-eb59e4ea961e@group-B9213CB54CD5, cid=23, FAILED org.apache.ratis.protocol.StateMachineException: org.apache.hadoop.hdds.scm.container.common.helpers.ContainerNotOpenException from Server 36f2587b-910c-42a5-a774-eb59e4ea961e: Container 3 in CLOSED state, logIndex=0, commits[36f2587b-910c-42a5-a774-eb59e4ea961e:c14, 3390190e-0202-4c2c-b249-cb982879fc90:c13, 7fa95842-6e55-4142-b267-1c1e9b428abe:c13]
2019-07-16 14:32:43,489 INFO  client.GrpcClientProtocolClient (GrpcClientProtocolClient.java:onNext(255)) - client-3E3F35638747->36f2587b-910c-42a5-a774-eb59e4ea961e: receive RaftClientReply:client-3E3F35638747->36f2587b-910c-42a5-a774-eb59e4ea961e@group-B9213CB54CD5, cid=24, FAILED org.apache.ratis.protocol.StateMachineException: org.apache.hadoop.hdds.scm.container.common.helpers.ContainerNotOpenException from Server 36f2587b-910c-42a5-a774-eb59e4ea961e: Container 3 in CLOSED state, logIndex=0, commits[36f2587b-910c-42a5-a774-eb59e4ea961e:c14, 3390190e-0202-4c2c-b249-cb982879fc90:c13, 7fa95842-6e55-4142-b267-1c1e9b428abe:c13]
2019-07-16 14:32:43,599 INFO  client.GrpcClientProtocolClient (GrpcClientProtocolClient.java:onNext(255)) - client-460FDC36ADEC->620ac3e3-0d81-489c-8d7f-dcf211d1795a: receive RaftClientReply:client-460FDC36ADEC->620ac3e3-0d81-489c-8d7f-dcf211d1795a@group-ED0C1C614C48, cid=25, SUCCESS, logIndex=7, commits[620ac3e3-0d81-489c-8d7f-dcf211d1795a:c10, 5049a06b-eba5-42a5-bf64-e1d68a7991ea:c6, 3994e812-3b47-4c21-bbff-59c8cf50b976:c6]
2019-07-16 14:32:43,623 INFO  client.GrpcClientProtocolClient (GrpcClientProtocolClient.java:onNext(255)) - client-460FDC36ADEC->620ac3e3-0d81-489c-8d7f-dcf211d1795a: receive RaftClientReply:client-460FDC36ADEC->620ac3e3-0d81-489c-8d7f-dcf211d1795a@group-ED0C1C614C48, cid=26, SUCCESS, logIndex=8, commits[620ac3e3-0d81-489c-8d7f-dcf211d1795a:c13, 5049a06b-eba5-42a5-bf64-e1d68a7991ea:c10, 3994e812-3b47-4c21-bbff-59c8cf50b976:c10]
2019-07-16 14:32:43,624 INFO  client.GrpcClientProtocolClient (GrpcClientProtocolClient.java:onNext(255)) - client-460FDC36ADEC->620ac3e3-0d81-489c-8d7f-dcf211d1795a: receive RaftClientReply:client-460FDC36ADEC->620ac3e3-0d81-489c-8d7f-dcf211d1795a@group-ED0C1C614C48, cid=27, SUCCESS, logIndex=9, commits[620ac3e3-0d81-489c-8d7f-dcf211d1795a:c13, 5049a06b-eba5-42a5-bf64-e1d68a7991ea:c10, 3994e812-3b47-4c21-bbff-59c8cf50b976:c10]
2019-07-16 14:32:43,678 INFO  client.GrpcClientProtocolClient (GrpcClientProtocolClient.java:onNext(255)) - client-460FDC36ADEC->620ac3e3-0d81-489c-8d7f-dcf211d1795a: receive RaftClientReply:client-460FDC36ADEC->620ac3e3-0d81-489c-8d7f-dcf211d1795a@group-ED0C1C614C48, cid=28, SUCCESS, logIndex=10, commits[620ac3e3-0d81-489c-8d7f-dcf211d1795a:c13, 5049a06b-eba5-42a5-bf64-e1d68a7991ea:c10, 3994e812-3b47-4c21-bbff-59c8cf50b976:c10]
]]></system-out>
  </testcase>
  <testcase name="testBlockWritesCloseConsistency" classname="org.apache.hadoop.ozone.client.rpc.TestCloseContainerHandlingByClient" time="2.728">
    <error type="java.lang.IllegalArgumentException">java.lang.IllegalArgumentException
	at com.google.common.base.Preconditions.checkArgument(Preconditions.java:72)
	at org.apache.hadoop.hdds.scm.XceiverClientManager.acquireClient(XceiverClientManager.java:123)
	at org.apache.hadoop.hdds.scm.storage.BlockInputStream.getChunkInfos(BlockInputStream.java:154)
	at org.apache.hadoop.hdds.scm.storage.BlockInputStream.initialize(BlockInputStream.java:118)
	at org.apache.hadoop.hdds.scm.storage.BlockInputStream.read(BlockInputStream.java:222)
	at org.apache.hadoop.ozone.client.io.KeyInputStream.read(KeyInputStream.java:171)
	at org.apache.hadoop.ozone.client.io.OzoneInputStream.read(OzoneInputStream.java:47)
	at java.io.InputStream.read(InputStream.java:101)
	at org.apache.hadoop.ozone.container.ContainerTestHelper.validateData(ContainerTestHelper.java:709)
	at org.apache.hadoop.ozone.client.rpc.TestCloseContainerHandlingByClient.validateData(TestCloseContainerHandlingByClient.java:401)
	at org.apache.hadoop.ozone.client.rpc.TestCloseContainerHandlingByClient.testBlockWritesCloseConsistency(TestCloseContainerHandlingByClient.java:178)
	at sun.reflect.NativeMethodAccessorImpl.invoke0(Native Method)
	at sun.reflect.NativeMethodAccessorImpl.invoke(NativeMethodAccessorImpl.java:62)
	at sun.reflect.DelegatingMethodAccessorImpl.invoke(DelegatingMethodAccessorImpl.java:43)
	at java.lang.reflect.Method.invoke(Method.java:498)
	at org.junit.runners.model.FrameworkMethod$1.runReflectiveCall(FrameworkMethod.java:47)
	at org.junit.internal.runners.model.ReflectiveCallable.run(ReflectiveCallable.java:12)
	at org.junit.runners.model.FrameworkMethod.invokeExplosively(FrameworkMethod.java:44)
	at org.junit.internal.runners.statements.InvokeMethod.evaluate(InvokeMethod.java:17)
	at org.junit.runners.ParentRunner.runLeaf(ParentRunner.java:271)
	at org.junit.runners.BlockJUnit4ClassRunner.runChild(BlockJUnit4ClassRunner.java:70)
	at org.junit.runners.BlockJUnit4ClassRunner.runChild(BlockJUnit4ClassRunner.java:50)
	at org.junit.runners.ParentRunner$3.run(ParentRunner.java:238)
	at org.junit.runners.ParentRunner$1.schedule(ParentRunner.java:63)
	at org.junit.runners.ParentRunner.runChildren(ParentRunner.java:236)
	at org.junit.runners.ParentRunner.access$000(ParentRunner.java:53)
	at org.junit.runners.ParentRunner$2.evaluate(ParentRunner.java:229)
	at org.junit.internal.runners.statements.RunBefores.evaluate(RunBefores.java:26)
	at org.junit.internal.runners.statements.RunAfters.evaluate(RunAfters.java:27)
	at org.junit.runners.ParentRunner.run(ParentRunner.java:309)
	at org.apache.maven.surefire.junit4.JUnit4Provider.execute(JUnit4Provider.java:365)
	at org.apache.maven.surefire.junit4.JUnit4Provider.executeWithRerun(JUnit4Provider.java:273)
	at org.apache.maven.surefire.junit4.JUnit4Provider.executeTestSet(JUnit4Provider.java:238)
	at org.apache.maven.surefire.junit4.JUnit4Provider.invoke(JUnit4Provider.java:159)
	at org.apache.maven.surefire.booter.ForkedBooter.invokeProviderInSameClassLoader(ForkedBooter.java:384)
	at org.apache.maven.surefire.booter.ForkedBooter.runSuitesInProcess(ForkedBooter.java:345)
	at org.apache.maven.surefire.booter.ForkedBooter.execute(ForkedBooter.java:126)
	at org.apache.maven.surefire.booter.ForkedBooter.main(ForkedBooter.java:418)
</error>
    <system-out><![CDATA[2019-07-16 14:32:43,890 INFO  client.GrpcClientProtocolClient (GrpcClientProtocolClient.java:onNext(255)) - client-460FDC36ADEC->620ac3e3-0d81-489c-8d7f-dcf211d1795a: receive RaftClientReply:client-460FDC36ADEC->620ac3e3-0d81-489c-8d7f-dcf211d1795a@group-ED0C1C614C48, cid=29, SUCCESS, logIndex=14, commits[620ac3e3-0d81-489c-8d7f-dcf211d1795a:c15, 5049a06b-eba5-42a5-bf64-e1d68a7991ea:c13, 3994e812-3b47-4c21-bbff-59c8cf50b976:c13]
2019-07-16 14:32:43,915 INFO  client.GrpcClientProtocolClient (GrpcClientProtocolClient.java:onNext(255)) - client-460FDC36ADEC->620ac3e3-0d81-489c-8d7f-dcf211d1795a: receive RaftClientReply:client-460FDC36ADEC->620ac3e3-0d81-489c-8d7f-dcf211d1795a@group-ED0C1C614C48, cid=30, SUCCESS, logIndex=15, commits[620ac3e3-0d81-489c-8d7f-dcf211d1795a:c17, 5049a06b-eba5-42a5-bf64-e1d68a7991ea:c15, 3994e812-3b47-4c21-bbff-59c8cf50b976:c15]
2019-07-16 14:32:44,262 INFO  container.CloseContainerEventHandler (CloseContainerEventHandler.java:onMessage(61)) - Close container Event triggered for container : #5
2019-07-16 14:32:44,263 INFO  container.CloseContainerEventHandler (CloseContainerEventHandler.java:onMessage(61)) - Close container Event triggered for container : #5
2019-07-16 14:32:44,263 INFO  container.CloseContainerEventHandler (CloseContainerEventHandler.java:onMessage(61)) - Close container Event triggered for container : #5
2019-07-16 14:32:45,907 INFO  interfaces.Container (KeyValueContainer.java:compactDB(356)) - Container 5 is closed with bcsId 15.
2019-07-16 14:32:45,910 INFO  interfaces.Container (KeyValueContainer.java:compactDB(356)) - Container 5 is closed with bcsId 15.
2019-07-16 14:32:45,916 INFO  interfaces.Container (KeyValueContainer.java:compactDB(356)) - Container 5 is closed with bcsId 15.
14:32:46.268 [grpc-default-executor-1] ERROR DNAudit - user=null | ip=null | op=WRITE_CHUNK {blockData=conID: 5 locID: 102451613778313223 bcsId: 15} | ret=FAILURE
org.apache.hadoop.hdds.scm.container.common.helpers.ContainerNotOpenException: Container 5 in CLOSED state
	at org.apache.hadoop.ozone.container.common.impl.HddsDispatcher.validateContainerCommand(HddsDispatcher.java:408) ~[hadoop-hdds-container-service-0.4.1-SNAPSHOT.jar:?]
	at org.apache.hadoop.ozone.container.common.transport.server.ratis.ContainerStateMachine.startTransaction(ContainerStateMachine.java:270) ~[hadoop-hdds-container-service-0.4.1-SNAPSHOT.jar:?]
	at org.apache.ratis.server.impl.RaftServerImpl.submitClientRequestAsync(RaftServerImpl.java:566) ~[ratis-server-0.4.0-2337318-SNAPSHOT.jar:0.4.0-2337318-SNAPSHOT]
	at org.apache.ratis.server.impl.RaftServerProxy.lambda$submitClientRequestAsync$7(RaftServerProxy.java:333) ~[ratis-server-0.4.0-2337318-SNAPSHOT.jar:0.4.0-2337318-SNAPSHOT]
	at org.apache.ratis.server.impl.RaftServerProxy.lambda$null$5(RaftServerProxy.java:328) ~[ratis-server-0.4.0-2337318-SNAPSHOT.jar:0.4.0-2337318-SNAPSHOT]
	at org.apache.ratis.util.JavaUtils.callAsUnchecked(JavaUtils.java:109) ~[ratis-common-0.4.0-2337318-SNAPSHOT.jar:0.4.0-2337318-SNAPSHOT]
	at org.apache.ratis.server.impl.RaftServerProxy.lambda$submitRequest$6(RaftServerProxy.java:328) ~[ratis-server-0.4.0-2337318-SNAPSHOT.jar:0.4.0-2337318-SNAPSHOT]
	at java.util.concurrent.CompletableFuture.uniComposeStage(CompletableFuture.java:981) ~[?:1.8.0_212]
	at java.util.concurrent.CompletableFuture.thenCompose(CompletableFuture.java:2124) ~[?:1.8.0_212]
	at org.apache.ratis.server.impl.RaftServerProxy.submitRequest(RaftServerProxy.java:327) ~[ratis-server-0.4.0-2337318-SNAPSHOT.jar:0.4.0-2337318-SNAPSHOT]
	at org.apache.ratis.server.impl.RaftServerProxy.submitClientRequestAsync(RaftServerProxy.java:333) ~[ratis-server-0.4.0-2337318-SNAPSHOT.jar:0.4.0-2337318-SNAPSHOT]
	at org.apache.ratis.grpc.client.GrpcClientProtocolService$RequestStreamObserver.processClientRequest(GrpcClientProtocolService.java:220) ~[ratis-grpc-0.4.0-2337318-SNAPSHOT.jar:0.4.0-2337318-SNAPSHOT]
	at org.apache.ratis.grpc.client.GrpcClientProtocolService$OrderedRequestStreamObserver.processClientRequest(GrpcClientProtocolService.java:326) ~[ratis-grpc-0.4.0-2337318-SNAPSHOT.jar:0.4.0-2337318-SNAPSHOT]
	at org.apache.ratis.util.SlidingWindow$Server.processRequestsFromHead(SlidingWindow.java:429) [ratis-common-0.4.0-2337318-SNAPSHOT.jar:0.4.0-2337318-SNAPSHOT]
	at org.apache.ratis.util.SlidingWindow$Server.receivedRequest(SlidingWindow.java:421) [ratis-common-0.4.0-2337318-SNAPSHOT.jar:0.4.0-2337318-SNAPSHOT]
	at org.apache.ratis.grpc.client.GrpcClientProtocolService$OrderedRequestStreamObserver.processClientRequest(GrpcClientProtocolService.java:345) [ratis-grpc-0.4.0-2337318-SNAPSHOT.jar:0.4.0-2337318-SNAPSHOT]
	at org.apache.ratis.grpc.client.GrpcClientProtocolService$RequestStreamObserver.onNext(GrpcClientProtocolService.java:240) [ratis-grpc-0.4.0-2337318-SNAPSHOT.jar:0.4.0-2337318-SNAPSHOT]
	at org.apache.ratis.grpc.client.GrpcClientProtocolService$RequestStreamObserver.onNext(GrpcClientProtocolService.java:168) [ratis-grpc-0.4.0-2337318-SNAPSHOT.jar:0.4.0-2337318-SNAPSHOT]
	at org.apache.ratis.thirdparty.io.grpc.stub.ServerCalls$StreamingServerCallHandler$StreamingServerCallListener.onMessage(ServerCalls.java:248) [ratis-thirdparty-misc-0.2.0.jar:0.2.0]
	at org.apache.ratis.thirdparty.io.grpc.internal.ServerCallImpl$ServerStreamListenerImpl.messagesAvailable(ServerCallImpl.java:263) [ratis-thirdparty-misc-0.2.0.jar:0.2.0]
	at org.apache.ratis.thirdparty.io.grpc.internal.ServerImpl$JumpToApplicationThreadServerStreamListener$1MessagesAvailable.runInContext(ServerImpl.java:686) [ratis-thirdparty-misc-0.2.0.jar:0.2.0]
	at org.apache.ratis.thirdparty.io.grpc.internal.ContextRunnable.run(ContextRunnable.java:37) [ratis-thirdparty-misc-0.2.0.jar:0.2.0]
	at org.apache.ratis.thirdparty.io.grpc.internal.SerializingExecutor.run(SerializingExecutor.java:123) [ratis-thirdparty-misc-0.2.0.jar:0.2.0]
	at java.util.concurrent.ThreadPoolExecutor.runWorker(ThreadPoolExecutor.java:1149) [?:1.8.0_212]
	at java.util.concurrent.ThreadPoolExecutor$Worker.run(ThreadPoolExecutor.java:624) [?:1.8.0_212]
	at java.lang.Thread.run(Thread.java:748) [?:1.8.0_212]
14:32:46.279 [grpc-default-executor-1] ERROR DNAudit - user=null | ip=null | op=PUT_BLOCK {blockData=[blockId=conID: 5 locID: 102451613778313223 bcsId: 0,size=1572864]} | ret=FAILURE
org.apache.hadoop.hdds.scm.container.common.helpers.ContainerNotOpenException: Container 5 in CLOSED state
	at org.apache.hadoop.ozone.container.common.impl.HddsDispatcher.validateContainerCommand(HddsDispatcher.java:408) ~[hadoop-hdds-container-service-0.4.1-SNAPSHOT.jar:?]
	at org.apache.hadoop.ozone.container.common.transport.server.ratis.ContainerStateMachine.startTransaction(ContainerStateMachine.java:270) ~[hadoop-hdds-container-service-0.4.1-SNAPSHOT.jar:?]
	at org.apache.ratis.server.impl.RaftServerImpl.submitClientRequestAsync(RaftServerImpl.java:566) ~[ratis-server-0.4.0-2337318-SNAPSHOT.jar:0.4.0-2337318-SNAPSHOT]
	at org.apache.ratis.server.impl.RaftServerProxy.lambda$submitClientRequestAsync$7(RaftServerProxy.java:333) ~[ratis-server-0.4.0-2337318-SNAPSHOT.jar:0.4.0-2337318-SNAPSHOT]
	at org.apache.ratis.server.impl.RaftServerProxy.lambda$null$5(RaftServerProxy.java:328) ~[ratis-server-0.4.0-2337318-SNAPSHOT.jar:0.4.0-2337318-SNAPSHOT]
	at org.apache.ratis.util.JavaUtils.callAsUnchecked(JavaUtils.java:109) ~[ratis-common-0.4.0-2337318-SNAPSHOT.jar:0.4.0-2337318-SNAPSHOT]
	at org.apache.ratis.server.impl.RaftServerProxy.lambda$submitRequest$6(RaftServerProxy.java:328) ~[ratis-server-0.4.0-2337318-SNAPSHOT.jar:0.4.0-2337318-SNAPSHOT]
	at java.util.concurrent.CompletableFuture.uniComposeStage(CompletableFuture.java:981) ~[?:1.8.0_212]
	at java.util.concurrent.CompletableFuture.thenCompose(CompletableFuture.java:2124) ~[?:1.8.0_212]
	at org.apache.ratis.server.impl.RaftServerProxy.submitRequest(RaftServerProxy.java:327) ~[ratis-server-0.4.0-2337318-SNAPSHOT.jar:0.4.0-2337318-SNAPSHOT]
	at org.apache.ratis.server.impl.RaftServerProxy.submitClientRequestAsync(RaftServerProxy.java:333) ~[ratis-server-0.4.0-2337318-SNAPSHOT.jar:0.4.0-2337318-SNAPSHOT]
	at org.apache.ratis.grpc.client.GrpcClientProtocolService$RequestStreamObserver.processClientRequest(GrpcClientProtocolService.java:220) ~[ratis-grpc-0.4.0-2337318-SNAPSHOT.jar:0.4.0-2337318-SNAPSHOT]
	at org.apache.ratis.grpc.client.GrpcClientProtocolService$OrderedRequestStreamObserver.processClientRequest(GrpcClientProtocolService.java:326) ~[ratis-grpc-0.4.0-2337318-SNAPSHOT.jar:0.4.0-2337318-SNAPSHOT]
	at org.apache.ratis.util.SlidingWindow$Server.processRequestsFromHead(SlidingWindow.java:429) [ratis-common-0.4.0-2337318-SNAPSHOT.jar:0.4.0-2337318-SNAPSHOT]
	at org.apache.ratis.util.SlidingWindow$Server.receivedRequest(SlidingWindow.java:421) [ratis-common-0.4.0-2337318-SNAPSHOT.jar:0.4.0-2337318-SNAPSHOT]
	at org.apache.ratis.grpc.client.GrpcClientProtocolService$OrderedRequestStreamObserver.processClientRequest(GrpcClientProtocolService.java:345) [ratis-grpc-0.4.0-2337318-SNAPSHOT.jar:0.4.0-2337318-SNAPSHOT]
	at org.apache.ratis.grpc.client.GrpcClientProtocolService$RequestStreamObserver.onNext(GrpcClientProtocolService.java:240) [ratis-grpc-0.4.0-2337318-SNAPSHOT.jar:0.4.0-2337318-SNAPSHOT]
	at org.apache.ratis.grpc.client.GrpcClientProtocolService$RequestStreamObserver.onNext(GrpcClientProtocolService.java:168) [ratis-grpc-0.4.0-2337318-SNAPSHOT.jar:0.4.0-2337318-SNAPSHOT]
	at org.apache.ratis.thirdparty.io.grpc.stub.ServerCalls$StreamingServerCallHandler$StreamingServerCallListener.onMessage(ServerCalls.java:248) [ratis-thirdparty-misc-0.2.0.jar:0.2.0]
	at org.apache.ratis.thirdparty.io.grpc.internal.ServerCallImpl$ServerStreamListenerImpl.messagesAvailable(ServerCallImpl.java:263) [ratis-thirdparty-misc-0.2.0.jar:0.2.0]
	at org.apache.ratis.thirdparty.io.grpc.internal.ServerImpl$JumpToApplicationThreadServerStreamListener$1MessagesAvailable.runInContext(ServerImpl.java:686) [ratis-thirdparty-misc-0.2.0.jar:0.2.0]
	at org.apache.ratis.thirdparty.io.grpc.internal.ContextRunnable.run(ContextRunnable.java:37) [ratis-thirdparty-misc-0.2.0.jar:0.2.0]
	at org.apache.ratis.thirdparty.io.grpc.internal.SerializingExecutor.run(SerializingExecutor.java:123) [ratis-thirdparty-misc-0.2.0.jar:0.2.0]
	at java.util.concurrent.ThreadPoolExecutor.runWorker(ThreadPoolExecutor.java:1149) [?:1.8.0_212]
	at java.util.concurrent.ThreadPoolExecutor$Worker.run(ThreadPoolExecutor.java:624) [?:1.8.0_212]
	at java.lang.Thread.run(Thread.java:748) [?:1.8.0_212]
2019-07-16 14:32:46,285 INFO  client.GrpcClientProtocolClient (GrpcClientProtocolClient.java:onNext(255)) - client-460FDC36ADEC->620ac3e3-0d81-489c-8d7f-dcf211d1795a: receive RaftClientReply:client-460FDC36ADEC->620ac3e3-0d81-489c-8d7f-dcf211d1795a@group-ED0C1C614C48, cid=31, FAILED org.apache.ratis.protocol.StateMachineException: org.apache.hadoop.hdds.scm.container.common.helpers.ContainerNotOpenException from Server 620ac3e3-0d81-489c-8d7f-dcf211d1795a: Container 5 in CLOSED state, logIndex=0, commits[620ac3e3-0d81-489c-8d7f-dcf211d1795a:c19, 5049a06b-eba5-42a5-bf64-e1d68a7991ea:c18, 3994e812-3b47-4c21-bbff-59c8cf50b976:c18]
2019-07-16 14:32:46,287 INFO  client.GrpcClientProtocolClient (GrpcClientProtocolClient.java:onNext(255)) - client-460FDC36ADEC->620ac3e3-0d81-489c-8d7f-dcf211d1795a: receive RaftClientReply:client-460FDC36ADEC->620ac3e3-0d81-489c-8d7f-dcf211d1795a@group-ED0C1C614C48, cid=32, FAILED org.apache.ratis.protocol.StateMachineException: org.apache.hadoop.hdds.scm.container.common.helpers.ContainerNotOpenException from Server 620ac3e3-0d81-489c-8d7f-dcf211d1795a: Container 5 in CLOSED state, logIndex=0, commits[620ac3e3-0d81-489c-8d7f-dcf211d1795a:c19, 5049a06b-eba5-42a5-bf64-e1d68a7991ea:c18, 3994e812-3b47-4c21-bbff-59c8cf50b976:c18]
2019-07-16 14:32:46,385 INFO  client.GrpcClientProtocolClient (GrpcClientProtocolClient.java:onNext(255)) - client-460FDC36ADEC->620ac3e3-0d81-489c-8d7f-dcf211d1795a: receive RaftClientReply:client-460FDC36ADEC->620ac3e3-0d81-489c-8d7f-dcf211d1795a@group-ED0C1C614C48, cid=33, SUCCESS, logIndex=20, commits[620ac3e3-0d81-489c-8d7f-dcf211d1795a:c21, 5049a06b-eba5-42a5-bf64-e1d68a7991ea:c19, 3994e812-3b47-4c21-bbff-59c8cf50b976:c19]
2019-07-16 14:32:46,420 INFO  client.GrpcClientProtocolClient (GrpcClientProtocolClient.java:onNext(255)) - client-460FDC36ADEC->620ac3e3-0d81-489c-8d7f-dcf211d1795a: receive RaftClientReply:client-460FDC36ADEC->620ac3e3-0d81-489c-8d7f-dcf211d1795a@group-ED0C1C614C48, cid=34, SUCCESS, logIndex=21, commits[620ac3e3-0d81-489c-8d7f-dcf211d1795a:c23, 5049a06b-eba5-42a5-bf64-e1d68a7991ea:c21, 3994e812-3b47-4c21-bbff-59c8cf50b976:c21]
]]></system-out>
  </testcase>
  <testcase name="testMultiBlockWrites" classname="org.apache.hadoop.ozone.client.rpc.TestCloseContainerHandlingByClient" time="3.382"/>
  <testcase name="testBlockWrites" classname="org.apache.hadoop.ozone.client.rpc.TestCloseContainerHandlingByClient" time="2.687">
    <error type="java.lang.IllegalArgumentException">java.lang.IllegalArgumentException
	at com.google.common.base.Preconditions.checkArgument(Preconditions.java:72)
	at org.apache.hadoop.hdds.scm.XceiverClientManager.acquireClient(XceiverClientManager.java:123)
	at org.apache.hadoop.hdds.scm.storage.BlockInputStream.getChunkInfos(BlockInputStream.java:154)
	at org.apache.hadoop.hdds.scm.storage.BlockInputStream.initialize(BlockInputStream.java:118)
	at org.apache.hadoop.hdds.scm.storage.BlockInputStream.read(BlockInputStream.java:222)
	at org.apache.hadoop.ozone.client.io.KeyInputStream.read(KeyInputStream.java:171)
	at org.apache.hadoop.ozone.client.io.OzoneInputStream.read(OzoneInputStream.java:47)
	at java.io.InputStream.read(InputStream.java:101)
	at org.apache.hadoop.ozone.container.ContainerTestHelper.validateData(ContainerTestHelper.java:709)
	at org.apache.hadoop.ozone.client.rpc.TestCloseContainerHandlingByClient.validateData(TestCloseContainerHandlingByClient.java:401)
	at org.apache.hadoop.ozone.client.rpc.TestCloseContainerHandlingByClient.testBlockWrites(TestCloseContainerHandlingByClient.java:471)
	at sun.reflect.NativeMethodAccessorImpl.invoke0(Native Method)
	at sun.reflect.NativeMethodAccessorImpl.invoke(NativeMethodAccessorImpl.java:62)
	at sun.reflect.DelegatingMethodAccessorImpl.invoke(DelegatingMethodAccessorImpl.java:43)
	at java.lang.reflect.Method.invoke(Method.java:498)
	at org.junit.runners.model.FrameworkMethod$1.runReflectiveCall(FrameworkMethod.java:47)
	at org.junit.internal.runners.model.ReflectiveCallable.run(ReflectiveCallable.java:12)
	at org.junit.runners.model.FrameworkMethod.invokeExplosively(FrameworkMethod.java:44)
	at org.junit.internal.runners.statements.InvokeMethod.evaluate(InvokeMethod.java:17)
	at org.junit.runners.ParentRunner.runLeaf(ParentRunner.java:271)
	at org.junit.runners.BlockJUnit4ClassRunner.runChild(BlockJUnit4ClassRunner.java:70)
	at org.junit.runners.BlockJUnit4ClassRunner.runChild(BlockJUnit4ClassRunner.java:50)
	at org.junit.runners.ParentRunner$3.run(ParentRunner.java:238)
	at org.junit.runners.ParentRunner$1.schedule(ParentRunner.java:63)
	at org.junit.runners.ParentRunner.runChildren(ParentRunner.java:236)
	at org.junit.runners.ParentRunner.access$000(ParentRunner.java:53)
	at org.junit.runners.ParentRunner$2.evaluate(ParentRunner.java:229)
	at org.junit.internal.runners.statements.RunBefores.evaluate(RunBefores.java:26)
	at org.junit.internal.runners.statements.RunAfters.evaluate(RunAfters.java:27)
	at org.junit.runners.ParentRunner.run(ParentRunner.java:309)
	at org.apache.maven.surefire.junit4.JUnit4Provider.execute(JUnit4Provider.java:365)
	at org.apache.maven.surefire.junit4.JUnit4Provider.executeWithRerun(JUnit4Provider.java:273)
	at org.apache.maven.surefire.junit4.JUnit4Provider.executeTestSet(JUnit4Provider.java:238)
	at org.apache.maven.surefire.junit4.JUnit4Provider.invoke(JUnit4Provider.java:159)
	at org.apache.maven.surefire.booter.ForkedBooter.invokeProviderInSameClassLoader(ForkedBooter.java:384)
	at org.apache.maven.surefire.booter.ForkedBooter.runSuitesInProcess(ForkedBooter.java:345)
	at org.apache.maven.surefire.booter.ForkedBooter.execute(ForkedBooter.java:126)
	at org.apache.maven.surefire.booter.ForkedBooter.main(ForkedBooter.java:418)
</error>
    <system-out><![CDATA[2019-07-16 14:32:49,936 INFO  client.GrpcClientProtocolClient (GrpcClientProtocolClient.java:onNext(255)) - client-460FDC36ADEC->620ac3e3-0d81-489c-8d7f-dcf211d1795a: receive RaftClientReply:client-460FDC36ADEC->620ac3e3-0d81-489c-8d7f-dcf211d1795a@group-ED0C1C614C48, cid=73, SUCCESS, logIndex=41, commits[620ac3e3-0d81-489c-8d7f-dcf211d1795a:c44, 5049a06b-eba5-42a5-bf64-e1d68a7991ea:c40, 3994e812-3b47-4c21-bbff-59c8cf50b976:c40]
2019-07-16 14:32:49,968 INFO  client.GrpcClientProtocolClient (GrpcClientProtocolClient.java:onNext(255)) - client-460FDC36ADEC->620ac3e3-0d81-489c-8d7f-dcf211d1795a: receive RaftClientReply:client-460FDC36ADEC->620ac3e3-0d81-489c-8d7f-dcf211d1795a@group-ED0C1C614C48, cid=74, SUCCESS, logIndex=42, commits[620ac3e3-0d81-489c-8d7f-dcf211d1795a:c48, 5049a06b-eba5-42a5-bf64-e1d68a7991ea:c44, 3994e812-3b47-4c21-bbff-59c8cf50b976:c44]
2019-07-16 14:32:49,969 INFO  client.GrpcClientProtocolClient (GrpcClientProtocolClient.java:onNext(255)) - client-460FDC36ADEC->620ac3e3-0d81-489c-8d7f-dcf211d1795a: receive RaftClientReply:client-460FDC36ADEC->620ac3e3-0d81-489c-8d7f-dcf211d1795a@group-ED0C1C614C48, cid=75, SUCCESS, logIndex=43, commits[620ac3e3-0d81-489c-8d7f-dcf211d1795a:c48, 5049a06b-eba5-42a5-bf64-e1d68a7991ea:c44, 3994e812-3b47-4c21-bbff-59c8cf50b976:c44]
2019-07-16 14:32:50,082 INFO  client.GrpcClientProtocolClient (GrpcClientProtocolClient.java:onNext(255)) - client-460FDC36ADEC->620ac3e3-0d81-489c-8d7f-dcf211d1795a: receive RaftClientReply:client-460FDC36ADEC->620ac3e3-0d81-489c-8d7f-dcf211d1795a@group-ED0C1C614C48, cid=76, SUCCESS, logIndex=44, commits[620ac3e3-0d81-489c-8d7f-dcf211d1795a:c48, 5049a06b-eba5-42a5-bf64-e1d68a7991ea:c44, 3994e812-3b47-4c21-bbff-59c8cf50b976:c44]
2019-07-16 14:32:50,083 INFO  container.CloseContainerEventHandler (CloseContainerEventHandler.java:onMessage(61)) - Close container Event triggered for container : #11
2019-07-16 14:32:50,084 INFO  container.CloseContainerEventHandler (CloseContainerEventHandler.java:onMessage(61)) - Close container Event triggered for container : #11
2019-07-16 14:32:50,084 INFO  container.CloseContainerEventHandler (CloseContainerEventHandler.java:onMessage(61)) - Close container Event triggered for container : #11
2019-07-16 14:32:51,941 INFO  interfaces.Container (KeyValueContainer.java:compactDB(356)) - Container 11 is closed with bcsId 44.
2019-07-16 14:32:51,944 INFO  interfaces.Container (KeyValueContainer.java:compactDB(356)) - Container 11 is closed with bcsId 44.
2019-07-16 14:32:51,950 INFO  interfaces.Container (KeyValueContainer.java:compactDB(356)) - Container 11 is closed with bcsId 44.
14:32:52.137 [grpc-default-executor-3] ERROR DNAudit - user=null | ip=null | op=WRITE_CHUNK {blockData=conID: 11 locID: 102451614177820687 bcsId: 44} | ret=FAILURE
org.apache.hadoop.hdds.scm.container.common.helpers.ContainerNotOpenException: Container 11 in CLOSED state
	at org.apache.hadoop.ozone.container.common.impl.HddsDispatcher.validateContainerCommand(HddsDispatcher.java:408) ~[hadoop-hdds-container-service-0.4.1-SNAPSHOT.jar:?]
	at org.apache.hadoop.ozone.container.common.transport.server.ratis.ContainerStateMachine.startTransaction(ContainerStateMachine.java:270) ~[hadoop-hdds-container-service-0.4.1-SNAPSHOT.jar:?]
	at org.apache.ratis.server.impl.RaftServerImpl.submitClientRequestAsync(RaftServerImpl.java:566) ~[ratis-server-0.4.0-2337318-SNAPSHOT.jar:0.4.0-2337318-SNAPSHOT]
	at org.apache.ratis.server.impl.RaftServerProxy.lambda$submitClientRequestAsync$7(RaftServerProxy.java:333) ~[ratis-server-0.4.0-2337318-SNAPSHOT.jar:0.4.0-2337318-SNAPSHOT]
	at org.apache.ratis.server.impl.RaftServerProxy.lambda$null$5(RaftServerProxy.java:328) ~[ratis-server-0.4.0-2337318-SNAPSHOT.jar:0.4.0-2337318-SNAPSHOT]
	at org.apache.ratis.util.JavaUtils.callAsUnchecked(JavaUtils.java:109) ~[ratis-common-0.4.0-2337318-SNAPSHOT.jar:0.4.0-2337318-SNAPSHOT]
	at org.apache.ratis.server.impl.RaftServerProxy.lambda$submitRequest$6(RaftServerProxy.java:328) ~[ratis-server-0.4.0-2337318-SNAPSHOT.jar:0.4.0-2337318-SNAPSHOT]
	at java.util.concurrent.CompletableFuture.uniComposeStage(CompletableFuture.java:981) ~[?:1.8.0_212]
	at java.util.concurrent.CompletableFuture.thenCompose(CompletableFuture.java:2124) ~[?:1.8.0_212]
	at org.apache.ratis.server.impl.RaftServerProxy.submitRequest(RaftServerProxy.java:327) ~[ratis-server-0.4.0-2337318-SNAPSHOT.jar:0.4.0-2337318-SNAPSHOT]
	at org.apache.ratis.server.impl.RaftServerProxy.submitClientRequestAsync(RaftServerProxy.java:333) ~[ratis-server-0.4.0-2337318-SNAPSHOT.jar:0.4.0-2337318-SNAPSHOT]
	at org.apache.ratis.grpc.client.GrpcClientProtocolService$RequestStreamObserver.processClientRequest(GrpcClientProtocolService.java:220) ~[ratis-grpc-0.4.0-2337318-SNAPSHOT.jar:0.4.0-2337318-SNAPSHOT]
	at org.apache.ratis.grpc.client.GrpcClientProtocolService$OrderedRequestStreamObserver.processClientRequest(GrpcClientProtocolService.java:326) ~[ratis-grpc-0.4.0-2337318-SNAPSHOT.jar:0.4.0-2337318-SNAPSHOT]
	at org.apache.ratis.util.SlidingWindow$Server.processRequestsFromHead(SlidingWindow.java:429) [ratis-common-0.4.0-2337318-SNAPSHOT.jar:0.4.0-2337318-SNAPSHOT]
	at org.apache.ratis.util.SlidingWindow$Server.receivedRequest(SlidingWindow.java:421) [ratis-common-0.4.0-2337318-SNAPSHOT.jar:0.4.0-2337318-SNAPSHOT]
	at org.apache.ratis.grpc.client.GrpcClientProtocolService$OrderedRequestStreamObserver.processClientRequest(GrpcClientProtocolService.java:345) [ratis-grpc-0.4.0-2337318-SNAPSHOT.jar:0.4.0-2337318-SNAPSHOT]
	at org.apache.ratis.grpc.client.GrpcClientProtocolService$RequestStreamObserver.onNext(GrpcClientProtocolService.java:240) [ratis-grpc-0.4.0-2337318-SNAPSHOT.jar:0.4.0-2337318-SNAPSHOT]
	at org.apache.ratis.grpc.client.GrpcClientProtocolService$RequestStreamObserver.onNext(GrpcClientProtocolService.java:168) [ratis-grpc-0.4.0-2337318-SNAPSHOT.jar:0.4.0-2337318-SNAPSHOT]
	at org.apache.ratis.thirdparty.io.grpc.stub.ServerCalls$StreamingServerCallHandler$StreamingServerCallListener.onMessage(ServerCalls.java:248) [ratis-thirdparty-misc-0.2.0.jar:0.2.0]
	at org.apache.ratis.thirdparty.io.grpc.internal.ServerCallImpl$ServerStreamListenerImpl.messagesAvailable(ServerCallImpl.java:263) [ratis-thirdparty-misc-0.2.0.jar:0.2.0]
	at org.apache.ratis.thirdparty.io.grpc.internal.ServerImpl$JumpToApplicationThreadServerStreamListener$1MessagesAvailable.runInContext(ServerImpl.java:686) [ratis-thirdparty-misc-0.2.0.jar:0.2.0]
	at org.apache.ratis.thirdparty.io.grpc.internal.ContextRunnable.run(ContextRunnable.java:37) [ratis-thirdparty-misc-0.2.0.jar:0.2.0]
	at org.apache.ratis.thirdparty.io.grpc.internal.SerializingExecutor.run(SerializingExecutor.java:123) [ratis-thirdparty-misc-0.2.0.jar:0.2.0]
	at java.util.concurrent.ThreadPoolExecutor.runWorker(ThreadPoolExecutor.java:1149) [?:1.8.0_212]
	at java.util.concurrent.ThreadPoolExecutor$Worker.run(ThreadPoolExecutor.java:624) [?:1.8.0_212]
	at java.lang.Thread.run(Thread.java:748) [?:1.8.0_212]
14:32:52.145 [grpc-default-executor-3] ERROR DNAudit - user=null | ip=null | op=PUT_BLOCK {blockData=[blockId=conID: 11 locID: 102451614177820687 bcsId: 0,size=3145728]} | ret=FAILURE
org.apache.hadoop.hdds.scm.container.common.helpers.ContainerNotOpenException: Container 11 in CLOSED state
	at org.apache.hadoop.ozone.container.common.impl.HddsDispatcher.validateContainerCommand(HddsDispatcher.java:408) ~[hadoop-hdds-container-service-0.4.1-SNAPSHOT.jar:?]
	at org.apache.hadoop.ozone.container.common.transport.server.ratis.ContainerStateMachine.startTransaction(ContainerStateMachine.java:270) ~[hadoop-hdds-container-service-0.4.1-SNAPSHOT.jar:?]
	at org.apache.ratis.server.impl.RaftServerImpl.submitClientRequestAsync(RaftServerImpl.java:566) ~[ratis-server-0.4.0-2337318-SNAPSHOT.jar:0.4.0-2337318-SNAPSHOT]
	at org.apache.ratis.server.impl.RaftServerProxy.lambda$submitClientRequestAsync$7(RaftServerProxy.java:333) ~[ratis-server-0.4.0-2337318-SNAPSHOT.jar:0.4.0-2337318-SNAPSHOT]
	at org.apache.ratis.server.impl.RaftServerProxy.lambda$null$5(RaftServerProxy.java:328) ~[ratis-server-0.4.0-2337318-SNAPSHOT.jar:0.4.0-2337318-SNAPSHOT]
	at org.apache.ratis.util.JavaUtils.callAsUnchecked(JavaUtils.java:109) ~[ratis-common-0.4.0-2337318-SNAPSHOT.jar:0.4.0-2337318-SNAPSHOT]
	at org.apache.ratis.server.impl.RaftServerProxy.lambda$submitRequest$6(RaftServerProxy.java:328) ~[ratis-server-0.4.0-2337318-SNAPSHOT.jar:0.4.0-2337318-SNAPSHOT]
	at java.util.concurrent.CompletableFuture.uniComposeStage(CompletableFuture.java:981) ~[?:1.8.0_212]
	at java.util.concurrent.CompletableFuture.thenCompose(CompletableFuture.java:2124) ~[?:1.8.0_212]
	at org.apache.ratis.server.impl.RaftServerProxy.submitRequest(RaftServerProxy.java:327) ~[ratis-server-0.4.0-2337318-SNAPSHOT.jar:0.4.0-2337318-SNAPSHOT]
	at org.apache.ratis.server.impl.RaftServerProxy.submitClientRequestAsync(RaftServerProxy.java:333) ~[ratis-server-0.4.0-2337318-SNAPSHOT.jar:0.4.0-2337318-SNAPSHOT]
	at org.apache.ratis.grpc.client.GrpcClientProtocolService$RequestStreamObserver.processClientRequest(GrpcClientProtocolService.java:220) ~[ratis-grpc-0.4.0-2337318-SNAPSHOT.jar:0.4.0-2337318-SNAPSHOT]
	at org.apache.ratis.grpc.client.GrpcClientProtocolService$OrderedRequestStreamObserver.processClientRequest(GrpcClientProtocolService.java:326) ~[ratis-grpc-0.4.0-2337318-SNAPSHOT.jar:0.4.0-2337318-SNAPSHOT]
	at org.apache.ratis.util.SlidingWindow$Server.processRequestsFromHead(SlidingWindow.java:429) [ratis-common-0.4.0-2337318-SNAPSHOT.jar:0.4.0-2337318-SNAPSHOT]
	at org.apache.ratis.util.SlidingWindow$Server.receivedRequest(SlidingWindow.java:421) [ratis-common-0.4.0-2337318-SNAPSHOT.jar:0.4.0-2337318-SNAPSHOT]
	at org.apache.ratis.grpc.client.GrpcClientProtocolService$OrderedRequestStreamObserver.processClientRequest(GrpcClientProtocolService.java:345) [ratis-grpc-0.4.0-2337318-SNAPSHOT.jar:0.4.0-2337318-SNAPSHOT]
	at org.apache.ratis.grpc.client.GrpcClientProtocolService$RequestStreamObserver.onNext(GrpcClientProtocolService.java:240) [ratis-grpc-0.4.0-2337318-SNAPSHOT.jar:0.4.0-2337318-SNAPSHOT]
	at org.apache.ratis.grpc.client.GrpcClientProtocolService$RequestStreamObserver.onNext(GrpcClientProtocolService.java:168) [ratis-grpc-0.4.0-2337318-SNAPSHOT.jar:0.4.0-2337318-SNAPSHOT]
	at org.apache.ratis.thirdparty.io.grpc.stub.ServerCalls$StreamingServerCallHandler$StreamingServerCallListener.onMessage(ServerCalls.java:248) [ratis-thirdparty-misc-0.2.0.jar:0.2.0]
	at org.apache.ratis.thirdparty.io.grpc.internal.ServerCallImpl$ServerStreamListenerImpl.messagesAvailable(ServerCallImpl.java:263) [ratis-thirdparty-misc-0.2.0.jar:0.2.0]
	at org.apache.ratis.thirdparty.io.grpc.internal.ServerImpl$JumpToApplicationThreadServerStreamListener$1MessagesAvailable.runInContext(ServerImpl.java:686) [ratis-thirdparty-misc-0.2.0.jar:0.2.0]
	at org.apache.ratis.thirdparty.io.grpc.internal.ContextRunnable.run(ContextRunnable.java:37) [ratis-thirdparty-misc-0.2.0.jar:0.2.0]
	at org.apache.ratis.thirdparty.io.grpc.internal.SerializingExecutor.run(SerializingExecutor.java:123) [ratis-thirdparty-misc-0.2.0.jar:0.2.0]
	at java.util.concurrent.ThreadPoolExecutor.runWorker(ThreadPoolExecutor.java:1149) [?:1.8.0_212]
	at java.util.concurrent.ThreadPoolExecutor$Worker.run(ThreadPoolExecutor.java:624) [?:1.8.0_212]
	at java.lang.Thread.run(Thread.java:748) [?:1.8.0_212]
2019-07-16 14:32:52,147 INFO  client.GrpcClientProtocolClient (GrpcClientProtocolClient.java:onNext(255)) - client-460FDC36ADEC->620ac3e3-0d81-489c-8d7f-dcf211d1795a: receive RaftClientReply:client-460FDC36ADEC->620ac3e3-0d81-489c-8d7f-dcf211d1795a@group-ED0C1C614C48, cid=77, FAILED org.apache.ratis.protocol.StateMachineException: org.apache.hadoop.hdds.scm.container.common.helpers.ContainerNotOpenException from Server 620ac3e3-0d81-489c-8d7f-dcf211d1795a: Container 11 in CLOSED state, logIndex=0, commits[620ac3e3-0d81-489c-8d7f-dcf211d1795a:c50, 5049a06b-eba5-42a5-bf64-e1d68a7991ea:c49, 3994e812-3b47-4c21-bbff-59c8cf50b976:c49]
14:32:52.151 [grpc-default-executor-3] ERROR DNAudit - user=null | ip=null | op=WRITE_CHUNK {blockData=conID: 11 locID: 102451614177820687 bcsId: 44} | ret=FAILURE
org.apache.hadoop.hdds.scm.container.common.helpers.ContainerNotOpenException: Container 11 in CLOSED state
	at org.apache.hadoop.ozone.container.common.impl.HddsDispatcher.validateContainerCommand(HddsDispatcher.java:408) ~[hadoop-hdds-container-service-0.4.1-SNAPSHOT.jar:?]
	at org.apache.hadoop.ozone.container.common.transport.server.ratis.ContainerStateMachine.startTransaction(ContainerStateMachine.java:270) ~[hadoop-hdds-container-service-0.4.1-SNAPSHOT.jar:?]
	at org.apache.ratis.server.impl.RaftServerImpl.submitClientRequestAsync(RaftServerImpl.java:566) ~[ratis-server-0.4.0-2337318-SNAPSHOT.jar:0.4.0-2337318-SNAPSHOT]
	at org.apache.ratis.server.impl.RaftServerProxy.lambda$submitClientRequestAsync$7(RaftServerProxy.java:333) ~[ratis-server-0.4.0-2337318-SNAPSHOT.jar:0.4.0-2337318-SNAPSHOT]
	at org.apache.ratis.server.impl.RaftServerProxy.lambda$null$5(RaftServerProxy.java:328) ~[ratis-server-0.4.0-2337318-SNAPSHOT.jar:0.4.0-2337318-SNAPSHOT]
	at org.apache.ratis.util.JavaUtils.callAsUnchecked(JavaUtils.java:109) ~[ratis-common-0.4.0-2337318-SNAPSHOT.jar:0.4.0-2337318-SNAPSHOT]
	at org.apache.ratis.server.impl.RaftServerProxy.lambda$submitRequest$6(RaftServerProxy.java:328) ~[ratis-server-0.4.0-2337318-SNAPSHOT.jar:0.4.0-2337318-SNAPSHOT]
	at java.util.concurrent.CompletableFuture.uniComposeStage(CompletableFuture.java:981) ~[?:1.8.0_212]
	at java.util.concurrent.CompletableFuture.thenCompose(CompletableFuture.java:2124) ~[?:1.8.0_212]
	at org.apache.ratis.server.impl.RaftServerProxy.submitRequest(RaftServerProxy.java:327) ~[ratis-server-0.4.0-2337318-SNAPSHOT.jar:0.4.0-2337318-SNAPSHOT]
	at org.apache.ratis.server.impl.RaftServerProxy.submitClientRequestAsync(RaftServerProxy.java:333) ~[ratis-server-0.4.0-2337318-SNAPSHOT.jar:0.4.0-2337318-SNAPSHOT]
	at org.apache.ratis.grpc.client.GrpcClientProtocolService$RequestStreamObserver.processClientRequest(GrpcClientProtocolService.java:220) ~[ratis-grpc-0.4.0-2337318-SNAPSHOT.jar:0.4.0-2337318-SNAPSHOT]
	at org.apache.ratis.grpc.client.GrpcClientProtocolService$OrderedRequestStreamObserver.processClientRequest(GrpcClientProtocolService.java:326) ~[ratis-grpc-0.4.0-2337318-SNAPSHOT.jar:0.4.0-2337318-SNAPSHOT]
	at org.apache.ratis.util.SlidingWindow$Server.processRequestsFromHead(SlidingWindow.java:429) [ratis-common-0.4.0-2337318-SNAPSHOT.jar:0.4.0-2337318-SNAPSHOT]
	at org.apache.ratis.util.SlidingWindow$Server.receivedRequest(SlidingWindow.java:421) [ratis-common-0.4.0-2337318-SNAPSHOT.jar:0.4.0-2337318-SNAPSHOT]
	at org.apache.ratis.grpc.client.GrpcClientProtocolService$OrderedRequestStreamObserver.processClientRequest(GrpcClientProtocolService.java:345) [ratis-grpc-0.4.0-2337318-SNAPSHOT.jar:0.4.0-2337318-SNAPSHOT]
	at org.apache.ratis.grpc.client.GrpcClientProtocolService$RequestStreamObserver.onNext(GrpcClientProtocolService.java:240) [ratis-grpc-0.4.0-2337318-SNAPSHOT.jar:0.4.0-2337318-SNAPSHOT]
	at org.apache.ratis.grpc.client.GrpcClientProtocolService$RequestStreamObserver.onNext(GrpcClientProtocolService.java:168) [ratis-grpc-0.4.0-2337318-SNAPSHOT.jar:0.4.0-2337318-SNAPSHOT]
	at org.apache.ratis.thirdparty.io.grpc.stub.ServerCalls$StreamingServerCallHandler$StreamingServerCallListener.onMessage(ServerCalls.java:248) [ratis-thirdparty-misc-0.2.0.jar:0.2.0]
	at org.apache.ratis.thirdparty.io.grpc.internal.ServerCallImpl$ServerStreamListenerImpl.messagesAvailable(ServerCallImpl.java:263) [ratis-thirdparty-misc-0.2.0.jar:0.2.0]
	at org.apache.ratis.thirdparty.io.grpc.internal.ServerImpl$JumpToApplicationThreadServerStreamListener$1MessagesAvailable.runInContext(ServerImpl.java:686) [ratis-thirdparty-misc-0.2.0.jar:0.2.0]
	at org.apache.ratis.thirdparty.io.grpc.internal.ContextRunnable.run(ContextRunnable.java:37) [ratis-thirdparty-misc-0.2.0.jar:0.2.0]
	at org.apache.ratis.thirdparty.io.grpc.internal.SerializingExecutor.run(SerializingExecutor.java:123) [ratis-thirdparty-misc-0.2.0.jar:0.2.0]
	at java.util.concurrent.ThreadPoolExecutor.runWorker(ThreadPoolExecutor.java:1149) [?:1.8.0_212]
	at java.util.concurrent.ThreadPoolExecutor$Worker.run(ThreadPoolExecutor.java:624) [?:1.8.0_212]
	at java.lang.Thread.run(Thread.java:748) [?:1.8.0_212]
2019-07-16 14:32:52,152 INFO  client.GrpcClientProtocolClient (GrpcClientProtocolClient.java:onNext(255)) - client-460FDC36ADEC->620ac3e3-0d81-489c-8d7f-dcf211d1795a: receive RaftClientReply:client-460FDC36ADEC->620ac3e3-0d81-489c-8d7f-dcf211d1795a@group-ED0C1C614C48, cid=78, FAILED org.apache.ratis.protocol.StateMachineException: org.apache.hadoop.hdds.scm.container.common.helpers.ContainerNotOpenException from Server 620ac3e3-0d81-489c-8d7f-dcf211d1795a: Container 11 in CLOSED state, logIndex=0, commits[620ac3e3-0d81-489c-8d7f-dcf211d1795a:c50, 5049a06b-eba5-42a5-bf64-e1d68a7991ea:c49, 3994e812-3b47-4c21-bbff-59c8cf50b976:c49]
14:32:52.157 [grpc-default-executor-3] ERROR DNAudit - user=null | ip=null | op=PUT_BLOCK {blockData=[blockId=conID: 11 locID: 102451614177820687 bcsId: 0,size=4194304]} | ret=FAILURE
org.apache.hadoop.hdds.scm.container.common.helpers.ContainerNotOpenException: Container 11 in CLOSED state
	at org.apache.hadoop.ozone.container.common.impl.HddsDispatcher.validateContainerCommand(HddsDispatcher.java:408) ~[hadoop-hdds-container-service-0.4.1-SNAPSHOT.jar:?]
	at org.apache.hadoop.ozone.container.common.transport.server.ratis.ContainerStateMachine.startTransaction(ContainerStateMachine.java:270) ~[hadoop-hdds-container-service-0.4.1-SNAPSHOT.jar:?]
	at org.apache.ratis.server.impl.RaftServerImpl.submitClientRequestAsync(RaftServerImpl.java:566) ~[ratis-server-0.4.0-2337318-SNAPSHOT.jar:0.4.0-2337318-SNAPSHOT]
	at org.apache.ratis.server.impl.RaftServerProxy.lambda$submitClientRequestAsync$7(RaftServerProxy.java:333) ~[ratis-server-0.4.0-2337318-SNAPSHOT.jar:0.4.0-2337318-SNAPSHOT]
	at org.apache.ratis.server.impl.RaftServerProxy.lambda$null$5(RaftServerProxy.java:328) ~[ratis-server-0.4.0-2337318-SNAPSHOT.jar:0.4.0-2337318-SNAPSHOT]
	at org.apache.ratis.util.JavaUtils.callAsUnchecked(JavaUtils.java:109) ~[ratis-common-0.4.0-2337318-SNAPSHOT.jar:0.4.0-2337318-SNAPSHOT]
	at org.apache.ratis.server.impl.RaftServerProxy.lambda$submitRequest$6(RaftServerProxy.java:328) ~[ratis-server-0.4.0-2337318-SNAPSHOT.jar:0.4.0-2337318-SNAPSHOT]
	at java.util.concurrent.CompletableFuture.uniComposeStage(CompletableFuture.java:981) ~[?:1.8.0_212]
	at java.util.concurrent.CompletableFuture.thenCompose(CompletableFuture.java:2124) ~[?:1.8.0_212]
	at org.apache.ratis.server.impl.RaftServerProxy.submitRequest(RaftServerProxy.java:327) ~[ratis-server-0.4.0-2337318-SNAPSHOT.jar:0.4.0-2337318-SNAPSHOT]
	at org.apache.ratis.server.impl.RaftServerProxy.submitClientRequestAsync(RaftServerProxy.java:333) ~[ratis-server-0.4.0-2337318-SNAPSHOT.jar:0.4.0-2337318-SNAPSHOT]
	at org.apache.ratis.grpc.client.GrpcClientProtocolService$RequestStreamObserver.processClientRequest(GrpcClientProtocolService.java:220) ~[ratis-grpc-0.4.0-2337318-SNAPSHOT.jar:0.4.0-2337318-SNAPSHOT]
	at org.apache.ratis.grpc.client.GrpcClientProtocolService$OrderedRequestStreamObserver.processClientRequest(GrpcClientProtocolService.java:326) ~[ratis-grpc-0.4.0-2337318-SNAPSHOT.jar:0.4.0-2337318-SNAPSHOT]
	at org.apache.ratis.util.SlidingWindow$Server.processRequestsFromHead(SlidingWindow.java:429) [ratis-common-0.4.0-2337318-SNAPSHOT.jar:0.4.0-2337318-SNAPSHOT]
	at org.apache.ratis.util.SlidingWindow$Server.receivedRequest(SlidingWindow.java:421) [ratis-common-0.4.0-2337318-SNAPSHOT.jar:0.4.0-2337318-SNAPSHOT]
	at org.apache.ratis.grpc.client.GrpcClientProtocolService$OrderedRequestStreamObserver.processClientRequest(GrpcClientProtocolService.java:345) [ratis-grpc-0.4.0-2337318-SNAPSHOT.jar:0.4.0-2337318-SNAPSHOT]
	at org.apache.ratis.grpc.client.GrpcClientProtocolService$RequestStreamObserver.onNext(GrpcClientProtocolService.java:240) [ratis-grpc-0.4.0-2337318-SNAPSHOT.jar:0.4.0-2337318-SNAPSHOT]
	at org.apache.ratis.grpc.client.GrpcClientProtocolService$RequestStreamObserver.onNext(GrpcClientProtocolService.java:168) [ratis-grpc-0.4.0-2337318-SNAPSHOT.jar:0.4.0-2337318-SNAPSHOT]
	at org.apache.ratis.thirdparty.io.grpc.stub.ServerCalls$StreamingServerCallHandler$StreamingServerCallListener.onMessage(ServerCalls.java:248) [ratis-thirdparty-misc-0.2.0.jar:0.2.0]
	at org.apache.ratis.thirdparty.io.grpc.internal.ServerCallImpl$ServerStreamListenerImpl.messagesAvailable(ServerCallImpl.java:263) [ratis-thirdparty-misc-0.2.0.jar:0.2.0]
	at org.apache.ratis.thirdparty.io.grpc.internal.ServerImpl$JumpToApplicationThreadServerStreamListener$1MessagesAvailable.runInContext(ServerImpl.java:686) [ratis-thirdparty-misc-0.2.0.jar:0.2.0]
	at org.apache.ratis.thirdparty.io.grpc.internal.ContextRunnable.run(ContextRunnable.java:37) [ratis-thirdparty-misc-0.2.0.jar:0.2.0]
	at org.apache.ratis.thirdparty.io.grpc.internal.SerializingExecutor.run(SerializingExecutor.java:123) [ratis-thirdparty-misc-0.2.0.jar:0.2.0]
	at java.util.concurrent.ThreadPoolExecutor.runWorker(ThreadPoolExecutor.java:1149) [?:1.8.0_212]
	at java.util.concurrent.ThreadPoolExecutor$Worker.run(ThreadPoolExecutor.java:624) [?:1.8.0_212]
	at java.lang.Thread.run(Thread.java:748) [?:1.8.0_212]
2019-07-16 14:32:52,161 INFO  client.GrpcClientProtocolClient (GrpcClientProtocolClient.java:onNext(255)) - client-460FDC36ADEC->620ac3e3-0d81-489c-8d7f-dcf211d1795a: receive RaftClientReply:client-460FDC36ADEC->620ac3e3-0d81-489c-8d7f-dcf211d1795a@group-ED0C1C614C48, cid=79, FAILED org.apache.ratis.protocol.StateMachineException: org.apache.hadoop.hdds.scm.container.common.helpers.ContainerNotOpenException from Server 620ac3e3-0d81-489c-8d7f-dcf211d1795a: Container 11 in CLOSED state, logIndex=0, commits[620ac3e3-0d81-489c-8d7f-dcf211d1795a:c50, 5049a06b-eba5-42a5-bf64-e1d68a7991ea:c49, 3994e812-3b47-4c21-bbff-59c8cf50b976:c49]
2019-07-16 14:32:52,164 INFO  client.GrpcClientProtocolClient (GrpcClientProtocolClient.java:onNext(255)) - client-460FDC36ADEC->620ac3e3-0d81-489c-8d7f-dcf211d1795a: receive RaftClientReply:client-460FDC36ADEC->620ac3e3-0d81-489c-8d7f-dcf211d1795a@group-ED0C1C614C48, cid=80, FAILED org.apache.ratis.protocol.StateMachineException: org.apache.hadoop.hdds.scm.container.common.helpers.ContainerNotOpenException from Server 620ac3e3-0d81-489c-8d7f-dcf211d1795a: Container 11 in CLOSED state, logIndex=0, commits[620ac3e3-0d81-489c-8d7f-dcf211d1795a:c50, 5049a06b-eba5-42a5-bf64-e1d68a7991ea:c49, 3994e812-3b47-4c21-bbff-59c8cf50b976:c49]
2019-07-16 14:32:52,254 INFO  client.GrpcClientProtocolClient (GrpcClientProtocolClient.java:onNext(255)) - client-460FDC36ADEC->620ac3e3-0d81-489c-8d7f-dcf211d1795a: receive RaftClientReply:client-460FDC36ADEC->620ac3e3-0d81-489c-8d7f-dcf211d1795a@group-ED0C1C614C48, cid=81, SUCCESS, logIndex=51, commits[620ac3e3-0d81-489c-8d7f-dcf211d1795a:c54, 5049a06b-eba5-42a5-bf64-e1d68a7991ea:c50, 3994e812-3b47-4c21-bbff-59c8cf50b976:c50]
2019-07-16 14:32:52,276 INFO  client.GrpcClientProtocolClient (GrpcClientProtocolClient.java:onNext(255)) - client-460FDC36ADEC->620ac3e3-0d81-489c-8d7f-dcf211d1795a: receive RaftClientReply:client-460FDC36ADEC->620ac3e3-0d81-489c-8d7f-dcf211d1795a@group-ED0C1C614C48, cid=82, SUCCESS, logIndex=52, commits[620ac3e3-0d81-489c-8d7f-dcf211d1795a:c58, 5049a06b-eba5-42a5-bf64-e1d68a7991ea:c54, 3994e812-3b47-4c21-bbff-59c8cf50b976:c54]
2019-07-16 14:32:52,279 INFO  client.GrpcClientProtocolClient (GrpcClientProtocolClient.java:onNext(255)) - client-460FDC36ADEC->620ac3e3-0d81-489c-8d7f-dcf211d1795a: receive RaftClientReply:client-460FDC36ADEC->620ac3e3-0d81-489c-8d7f-dcf211d1795a@group-ED0C1C614C48, cid=83, SUCCESS, logIndex=53, commits[620ac3e3-0d81-489c-8d7f-dcf211d1795a:c58, 5049a06b-eba5-42a5-bf64-e1d68a7991ea:c54, 3994e812-3b47-4c21-bbff-59c8cf50b976:c54]
2019-07-16 14:32:52,350 INFO  client.GrpcClientProtocolClient (GrpcClientProtocolClient.java:onNext(255)) - client-460FDC36ADEC->620ac3e3-0d81-489c-8d7f-dcf211d1795a: receive RaftClientReply:client-460FDC36ADEC->620ac3e3-0d81-489c-8d7f-dcf211d1795a@group-ED0C1C614C48, cid=84, SUCCESS, logIndex=54, commits[620ac3e3-0d81-489c-8d7f-dcf211d1795a:c58, 5049a06b-eba5-42a5-bf64-e1d68a7991ea:c54, 3994e812-3b47-4c21-bbff-59c8cf50b976:c54]
2019-07-16 14:32:52,370 INFO  client.GrpcClientProtocolClient (GrpcClientProtocolClient.java:onNext(255)) - client-460FDC36ADEC->620ac3e3-0d81-489c-8d7f-dcf211d1795a: receive RaftClientReply:client-460FDC36ADEC->620ac3e3-0d81-489c-8d7f-dcf211d1795a@group-ED0C1C614C48, cid=85, SUCCESS, logIndex=59, commits[620ac3e3-0d81-489c-8d7f-dcf211d1795a:c60, 5049a06b-eba5-42a5-bf64-e1d68a7991ea:c58, 3994e812-3b47-4c21-bbff-59c8cf50b976:c58]
2019-07-16 14:32:52,370 INFO  client.GrpcClientProtocolClient (GrpcClientProtocolClient.java:onNext(255)) - client-460FDC36ADEC->620ac3e3-0d81-489c-8d7f-dcf211d1795a: receive RaftClientReply:client-460FDC36ADEC->620ac3e3-0d81-489c-8d7f-dcf211d1795a@group-ED0C1C614C48, cid=86, SUCCESS, logIndex=60, commits[620ac3e3-0d81-489c-8d7f-dcf211d1795a:c60, 5049a06b-eba5-42a5-bf64-e1d68a7991ea:c58, 3994e812-3b47-4c21-bbff-59c8cf50b976:c58]
2019-07-16 14:32:52,374 INFO  client.GrpcClientProtocolClient (GrpcClientProtocolClient.java:onNext(255)) - client-460FDC36ADEC->620ac3e3-0d81-489c-8d7f-dcf211d1795a: receive RaftClientReply:client-460FDC36ADEC->620ac3e3-0d81-489c-8d7f-dcf211d1795a@group-ED0C1C614C48, cid=87, SUCCESS, logIndex=0, commits[620ac3e3-0d81-489c-8d7f-dcf211d1795a:c61, 5049a06b-eba5-42a5-bf64-e1d68a7991ea:c60, 3994e812-3b47-4c21-bbff-59c8cf50b976:c60]
]]></system-out>
  </testcase>
  <testcase name="testMultiBlockWrites2" classname="org.apache.hadoop.ozone.client.rpc.TestCloseContainerHandlingByClient" time="2.733">
    <error type="java.lang.IllegalArgumentException">java.lang.IllegalArgumentException
	at com.google.common.base.Preconditions.checkArgument(Preconditions.java:72)
	at org.apache.hadoop.hdds.scm.XceiverClientManager.acquireClient(XceiverClientManager.java:123)
	at org.apache.hadoop.hdds.scm.storage.BlockInputStream.getChunkInfos(BlockInputStream.java:154)
	at org.apache.hadoop.hdds.scm.storage.BlockInputStream.initialize(BlockInputStream.java:118)
	at org.apache.hadoop.hdds.scm.storage.BlockInputStream.read(BlockInputStream.java:222)
	at org.apache.hadoop.ozone.client.io.KeyInputStream.read(KeyInputStream.java:171)
	at org.apache.hadoop.ozone.client.io.OzoneInputStream.read(OzoneInputStream.java:47)
	at java.io.InputStream.read(InputStream.java:101)
	at org.apache.hadoop.ozone.container.ContainerTestHelper.validateData(ContainerTestHelper.java:709)
	at org.apache.hadoop.ozone.client.rpc.TestCloseContainerHandlingByClient.validateData(TestCloseContainerHandlingByClient.java:401)
	at org.apache.hadoop.ozone.client.rpc.TestCloseContainerHandlingByClient.testMultiBlockWrites2(TestCloseContainerHandlingByClient.java:281)
	at sun.reflect.NativeMethodAccessorImpl.invoke0(Native Method)
	at sun.reflect.NativeMethodAccessorImpl.invoke(NativeMethodAccessorImpl.java:62)
	at sun.reflect.DelegatingMethodAccessorImpl.invoke(DelegatingMethodAccessorImpl.java:43)
	at java.lang.reflect.Method.invoke(Method.java:498)
	at org.junit.runners.model.FrameworkMethod$1.runReflectiveCall(FrameworkMethod.java:47)
	at org.junit.internal.runners.model.ReflectiveCallable.run(ReflectiveCallable.java:12)
	at org.junit.runners.model.FrameworkMethod.invokeExplosively(FrameworkMethod.java:44)
	at org.junit.internal.runners.statements.InvokeMethod.evaluate(InvokeMethod.java:17)
	at org.junit.runners.ParentRunner.runLeaf(ParentRunner.java:271)
	at org.junit.runners.BlockJUnit4ClassRunner.runChild(BlockJUnit4ClassRunner.java:70)
	at org.junit.runners.BlockJUnit4ClassRunner.runChild(BlockJUnit4ClassRunner.java:50)
	at org.junit.runners.ParentRunner$3.run(ParentRunner.java:238)
	at org.junit.runners.ParentRunner$1.schedule(ParentRunner.java:63)
	at org.junit.runners.ParentRunner.runChildren(ParentRunner.java:236)
	at org.junit.runners.ParentRunner.access$000(ParentRunner.java:53)
	at org.junit.runners.ParentRunner$2.evaluate(ParentRunner.java:229)
	at org.junit.internal.runners.statements.RunBefores.evaluate(RunBefores.java:26)
	at org.junit.internal.runners.statements.RunAfters.evaluate(RunAfters.java:27)
	at org.junit.runners.ParentRunner.run(ParentRunner.java:309)
	at org.apache.maven.surefire.junit4.JUnit4Provider.execute(JUnit4Provider.java:365)
	at org.apache.maven.surefire.junit4.JUnit4Provider.executeWithRerun(JUnit4Provider.java:273)
	at org.apache.maven.surefire.junit4.JUnit4Provider.executeTestSet(JUnit4Provider.java:238)
	at org.apache.maven.surefire.junit4.JUnit4Provider.invoke(JUnit4Provider.java:159)
	at org.apache.maven.surefire.booter.ForkedBooter.invokeProviderInSameClassLoader(ForkedBooter.java:384)
	at org.apache.maven.surefire.booter.ForkedBooter.runSuitesInProcess(ForkedBooter.java:345)
	at org.apache.maven.surefire.booter.ForkedBooter.execute(ForkedBooter.java:126)
	at org.apache.maven.surefire.booter.ForkedBooter.main(ForkedBooter.java:418)
</error>
    <system-out><![CDATA[2019-07-16 14:32:52,679 INFO  client.GrpcClientProtocolClient (GrpcClientProtocolClient.java:onNext(255)) - client-3E3F35638747->36f2587b-910c-42a5-a774-eb59e4ea961e: receive RaftClientReply:client-3E3F35638747->36f2587b-910c-42a5-a774-eb59e4ea961e@group-B9213CB54CD5, cid=88, SUCCESS, logIndex=64, commits[36f2587b-910c-42a5-a774-eb59e4ea961e:c67, 3390190e-0202-4c2c-b249-cb982879fc90:c63, 7fa95842-6e55-4142-b267-1c1e9b428abe:c63]
2019-07-16 14:32:52,705 INFO  client.GrpcClientProtocolClient (GrpcClientProtocolClient.java:onNext(255)) - client-3E3F35638747->36f2587b-910c-42a5-a774-eb59e4ea961e: receive RaftClientReply:client-3E3F35638747->36f2587b-910c-42a5-a774-eb59e4ea961e@group-B9213CB54CD5, cid=89, SUCCESS, logIndex=65, commits[36f2587b-910c-42a5-a774-eb59e4ea961e:c71, 3390190e-0202-4c2c-b249-cb982879fc90:c67, 7fa95842-6e55-4142-b267-1c1e9b428abe:c67]
2019-07-16 14:32:52,705 INFO  client.GrpcClientProtocolClient (GrpcClientProtocolClient.java:onNext(255)) - client-3E3F35638747->36f2587b-910c-42a5-a774-eb59e4ea961e: receive RaftClientReply:client-3E3F35638747->36f2587b-910c-42a5-a774-eb59e4ea961e@group-B9213CB54CD5, cid=90, SUCCESS, logIndex=66, commits[36f2587b-910c-42a5-a774-eb59e4ea961e:c71, 3390190e-0202-4c2c-b249-cb982879fc90:c67, 7fa95842-6e55-4142-b267-1c1e9b428abe:c67]
2019-07-16 14:32:52,747 INFO  client.GrpcClientProtocolClient (GrpcClientProtocolClient.java:onNext(255)) - client-3E3F35638747->36f2587b-910c-42a5-a774-eb59e4ea961e: receive RaftClientReply:client-3E3F35638747->36f2587b-910c-42a5-a774-eb59e4ea961e@group-B9213CB54CD5, cid=91, SUCCESS, logIndex=67, commits[36f2587b-910c-42a5-a774-eb59e4ea961e:c71, 3390190e-0202-4c2c-b249-cb982879fc90:c67, 7fa95842-6e55-4142-b267-1c1e9b428abe:c67]
2019-07-16 14:32:52,765 INFO  client.GrpcClientProtocolClient (GrpcClientProtocolClient.java:onNext(255)) - client-3E3F35638747->36f2587b-910c-42a5-a774-eb59e4ea961e: receive RaftClientReply:client-3E3F35638747->36f2587b-910c-42a5-a774-eb59e4ea961e@group-B9213CB54CD5, cid=92, SUCCESS, logIndex=72, commits[36f2587b-910c-42a5-a774-eb59e4ea961e:c73, 3390190e-0202-4c2c-b249-cb982879fc90:c67, 7fa95842-6e55-4142-b267-1c1e9b428abe:c71]
2019-07-16 14:32:52,766 INFO  client.GrpcClientProtocolClient (GrpcClientProtocolClient.java:onNext(255)) - client-3E3F35638747->36f2587b-910c-42a5-a774-eb59e4ea961e: receive RaftClientReply:client-3E3F35638747->36f2587b-910c-42a5-a774-eb59e4ea961e@group-B9213CB54CD5, cid=93, SUCCESS, logIndex=73, commits[36f2587b-910c-42a5-a774-eb59e4ea961e:c73, 3390190e-0202-4c2c-b249-cb982879fc90:c71, 7fa95842-6e55-4142-b267-1c1e9b428abe:c71]
2019-07-16 14:32:52,769 INFO  client.GrpcClientProtocolClient (GrpcClientProtocolClient.java:onNext(255)) - client-3E3F35638747->36f2587b-910c-42a5-a774-eb59e4ea961e: receive RaftClientReply:client-3E3F35638747->36f2587b-910c-42a5-a774-eb59e4ea961e@group-B9213CB54CD5, cid=94, SUCCESS, logIndex=74, commits[36f2587b-910c-42a5-a774-eb59e4ea961e:c75, 3390190e-0202-4c2c-b249-cb982879fc90:c71, 7fa95842-6e55-4142-b267-1c1e9b428abe:c73]
2019-07-16 14:32:52,769 INFO  client.GrpcClientProtocolClient (GrpcClientProtocolClient.java:onNext(255)) - client-3E3F35638747->36f2587b-910c-42a5-a774-eb59e4ea961e: receive RaftClientReply:client-3E3F35638747->36f2587b-910c-42a5-a774-eb59e4ea961e@group-B9213CB54CD5, cid=95, SUCCESS, logIndex=75, commits[36f2587b-910c-42a5-a774-eb59e4ea961e:c77, 3390190e-0202-4c2c-b249-cb982879fc90:c73, 7fa95842-6e55-4142-b267-1c1e9b428abe:c73]
2019-07-16 14:32:52,775 INFO  client.GrpcClientProtocolClient (GrpcClientProtocolClient.java:onNext(255)) - client-3E3F35638747->36f2587b-910c-42a5-a774-eb59e4ea961e: receive RaftClientReply:client-3E3F35638747->36f2587b-910c-42a5-a774-eb59e4ea961e@group-B9213CB54CD5, cid=96, SUCCESS, logIndex=0, commits[36f2587b-910c-42a5-a774-eb59e4ea961e:c79, 3390190e-0202-4c2c-b249-cb982879fc90:c76, 7fa95842-6e55-4142-b267-1c1e9b428abe:c76]
2019-07-16 14:32:52,814 INFO  client.GrpcClientProtocolClient (GrpcClientProtocolClient.java:onNext(255)) - client-460FDC36ADEC->620ac3e3-0d81-489c-8d7f-dcf211d1795a: receive RaftClientReply:client-460FDC36ADEC->620ac3e3-0d81-489c-8d7f-dcf211d1795a@group-ED0C1C614C48, cid=97, SUCCESS, logIndex=63, commits[620ac3e3-0d81-489c-8d7f-dcf211d1795a:c65, 5049a06b-eba5-42a5-bf64-e1d68a7991ea:c62, 3994e812-3b47-4c21-bbff-59c8cf50b976:c62]
2019-07-16 14:32:52,815 INFO  client.GrpcClientProtocolClient (GrpcClientProtocolClient.java:onNext(255)) - client-460FDC36ADEC->620ac3e3-0d81-489c-8d7f-dcf211d1795a: receive RaftClientReply:client-460FDC36ADEC->620ac3e3-0d81-489c-8d7f-dcf211d1795a@group-ED0C1C614C48, cid=98, SUCCESS, logIndex=64, commits[620ac3e3-0d81-489c-8d7f-dcf211d1795a:c66, 5049a06b-eba5-42a5-bf64-e1d68a7991ea:c62, 3994e812-3b47-4c21-bbff-59c8cf50b976:c62]
2019-07-16 14:32:52,816 INFO  client.GrpcClientProtocolClient (GrpcClientProtocolClient.java:onNext(255)) - client-460FDC36ADEC->620ac3e3-0d81-489c-8d7f-dcf211d1795a: receive RaftClientReply:client-460FDC36ADEC->620ac3e3-0d81-489c-8d7f-dcf211d1795a@group-ED0C1C614C48, cid=99, SUCCESS, logIndex=65, commits[620ac3e3-0d81-489c-8d7f-dcf211d1795a:c66, 5049a06b-eba5-42a5-bf64-e1d68a7991ea:c62, 3994e812-3b47-4c21-bbff-59c8cf50b976:c62]
2019-07-16 14:32:52,817 INFO  client.GrpcClientProtocolClient (GrpcClientProtocolClient.java:onNext(255)) - client-460FDC36ADEC->620ac3e3-0d81-489c-8d7f-dcf211d1795a: receive RaftClientReply:client-460FDC36ADEC->620ac3e3-0d81-489c-8d7f-dcf211d1795a@group-ED0C1C614C48, cid=100, SUCCESS, logIndex=66, commits[620ac3e3-0d81-489c-8d7f-dcf211d1795a:c66, 5049a06b-eba5-42a5-bf64-e1d68a7991ea:c62, 3994e812-3b47-4c21-bbff-59c8cf50b976:c62]
2019-07-16 14:32:52,824 INFO  client.GrpcClientProtocolClient (GrpcClientProtocolClient.java:onNext(255)) - client-460FDC36ADEC->620ac3e3-0d81-489c-8d7f-dcf211d1795a: receive RaftClientReply:client-460FDC36ADEC->620ac3e3-0d81-489c-8d7f-dcf211d1795a@group-ED0C1C614C48, cid=101, SUCCESS, logIndex=0, commits[620ac3e3-0d81-489c-8d7f-dcf211d1795a:c68, 5049a06b-eba5-42a5-bf64-e1d68a7991ea:c65, 3994e812-3b47-4c21-bbff-59c8cf50b976:c65]
2019-07-16 14:32:52,840 INFO  client.GrpcClientProtocolClient (GrpcClientProtocolClient.java:onNext(255)) - client-460FDC36ADEC->620ac3e3-0d81-489c-8d7f-dcf211d1795a: receive RaftClientReply:client-460FDC36ADEC->620ac3e3-0d81-489c-8d7f-dcf211d1795a@group-ED0C1C614C48, cid=102, SUCCESS, logIndex=71, commits[620ac3e3-0d81-489c-8d7f-dcf211d1795a:c72, 5049a06b-eba5-42a5-bf64-e1d68a7991ea:c66, 3994e812-3b47-4c21-bbff-59c8cf50b976:c70]
2019-07-16 14:32:52,841 INFO  client.GrpcClientProtocolClient (GrpcClientProtocolClient.java:onNext(255)) - client-460FDC36ADEC->620ac3e3-0d81-489c-8d7f-dcf211d1795a: receive RaftClientReply:client-460FDC36ADEC->620ac3e3-0d81-489c-8d7f-dcf211d1795a@group-ED0C1C614C48, cid=103, SUCCESS, logIndex=72, commits[620ac3e3-0d81-489c-8d7f-dcf211d1795a:c72, 5049a06b-eba5-42a5-bf64-e1d68a7991ea:c70, 3994e812-3b47-4c21-bbff-59c8cf50b976:c70]
2019-07-16 14:32:52,858 INFO  client.GrpcClientProtocolClient (GrpcClientProtocolClient.java:onNext(255)) - client-460FDC36ADEC->620ac3e3-0d81-489c-8d7f-dcf211d1795a: receive RaftClientReply:client-460FDC36ADEC->620ac3e3-0d81-489c-8d7f-dcf211d1795a@group-ED0C1C614C48, cid=104, SUCCESS, logIndex=75, commits[620ac3e3-0d81-489c-8d7f-dcf211d1795a:c76, 5049a06b-eba5-42a5-bf64-e1d68a7991ea:c74, 3994e812-3b47-4c21-bbff-59c8cf50b976:c74]
2019-07-16 14:32:52,859 INFO  client.GrpcClientProtocolClient (GrpcClientProtocolClient.java:onNext(255)) - client-460FDC36ADEC->620ac3e3-0d81-489c-8d7f-dcf211d1795a: receive RaftClientReply:client-460FDC36ADEC->620ac3e3-0d81-489c-8d7f-dcf211d1795a@group-ED0C1C614C48, cid=105, SUCCESS, logIndex=76, commits[620ac3e3-0d81-489c-8d7f-dcf211d1795a:c76, 5049a06b-eba5-42a5-bf64-e1d68a7991ea:c74, 3994e812-3b47-4c21-bbff-59c8cf50b976:c74]
2019-07-16 14:32:52,863 INFO  client.GrpcClientProtocolClient (GrpcClientProtocolClient.java:onNext(255)) - client-460FDC36ADEC->620ac3e3-0d81-489c-8d7f-dcf211d1795a: receive RaftClientReply:client-460FDC36ADEC->620ac3e3-0d81-489c-8d7f-dcf211d1795a@group-ED0C1C614C48, cid=106, SUCCESS, logIndex=0, commits[620ac3e3-0d81-489c-8d7f-dcf211d1795a:c78, 5049a06b-eba5-42a5-bf64-e1d68a7991ea:c76, 3994e812-3b47-4c21-bbff-59c8cf50b976:c76]
2019-07-16 14:32:52,894 INFO  client.GrpcClientProtocolClient (GrpcClientProtocolClient.java:onNext(255)) - client-3E3F35638747->36f2587b-910c-42a5-a774-eb59e4ea961e: receive RaftClientReply:client-3E3F35638747->36f2587b-910c-42a5-a774-eb59e4ea961e@group-B9213CB54CD5, cid=107, SUCCESS, logIndex=80, commits[36f2587b-910c-42a5-a774-eb59e4ea961e:c81, 3390190e-0202-4c2c-b249-cb982879fc90:c76, 7fa95842-6e55-4142-b267-1c1e9b428abe:c79]
2019-07-16 14:32:52,896 INFO  client.GrpcClientProtocolClient (GrpcClientProtocolClient.java:onNext(255)) - client-3E3F35638747->36f2587b-910c-42a5-a774-eb59e4ea961e: receive RaftClientReply:client-3E3F35638747->36f2587b-910c-42a5-a774-eb59e4ea961e@group-B9213CB54CD5, cid=108, SUCCESS, logIndex=81, commits[36f2587b-910c-42a5-a774-eb59e4ea961e:c81, 3390190e-0202-4c2c-b249-cb982879fc90:c76, 7fa95842-6e55-4142-b267-1c1e9b428abe:c79]
2019-07-16 14:32:52,897 INFO  client.GrpcClientProtocolClient (GrpcClientProtocolClient.java:onNext(255)) - client-3E3F35638747->36f2587b-910c-42a5-a774-eb59e4ea961e: receive RaftClientReply:client-3E3F35638747->36f2587b-910c-42a5-a774-eb59e4ea961e@group-B9213CB54CD5, cid=109, SUCCESS, logIndex=0, commits[36f2587b-910c-42a5-a774-eb59e4ea961e:c82, 3390190e-0202-4c2c-b249-cb982879fc90:c81, 7fa95842-6e55-4142-b267-1c1e9b428abe:c81]
2019-07-16 14:32:52,921 INFO  client.GrpcClientProtocolClient (GrpcClientProtocolClient.java:onNext(255)) - client-3E3F35638747->36f2587b-910c-42a5-a774-eb59e4ea961e: receive RaftClientReply:client-3E3F35638747->36f2587b-910c-42a5-a774-eb59e4ea961e@group-B9213CB54CD5, cid=110, SUCCESS, logIndex=84, commits[36f2587b-910c-42a5-a774-eb59e4ea961e:c85, 3390190e-0202-4c2c-b249-cb982879fc90:c81, 7fa95842-6e55-4142-b267-1c1e9b428abe:c83]
2019-07-16 14:32:52,921 INFO  client.GrpcClientProtocolClient (GrpcClientProtocolClient.java:onNext(255)) - client-3E3F35638747->36f2587b-910c-42a5-a774-eb59e4ea961e: receive RaftClientReply:client-3E3F35638747->36f2587b-910c-42a5-a774-eb59e4ea961e@group-B9213CB54CD5, cid=111, SUCCESS, logIndex=85, commits[36f2587b-910c-42a5-a774-eb59e4ea961e:c85, 3390190e-0202-4c2c-b249-cb982879fc90:c81, 7fa95842-6e55-4142-b267-1c1e9b428abe:c83]
2019-07-16 14:32:52,923 INFO  client.GrpcClientProtocolClient (GrpcClientProtocolClient.java:onNext(255)) - client-3E3F35638747->36f2587b-910c-42a5-a774-eb59e4ea961e: receive RaftClientReply:client-3E3F35638747->36f2587b-910c-42a5-a774-eb59e4ea961e@group-B9213CB54CD5, cid=112, SUCCESS, logIndex=0, commits[36f2587b-910c-42a5-a774-eb59e4ea961e:c86, 3390190e-0202-4c2c-b249-cb982879fc90:c85, 7fa95842-6e55-4142-b267-1c1e9b428abe:c85]
2019-07-16 14:32:52,929 INFO  container.CloseContainerEventHandler (CloseContainerEventHandler.java:onMessage(61)) - Close container Event triggered for container : #13
2019-07-16 14:32:52,929 INFO  container.CloseContainerEventHandler (CloseContainerEventHandler.java:onMessage(61)) - Close container Event triggered for container : #13
2019-07-16 14:32:52,929 INFO  container.CloseContainerEventHandler (CloseContainerEventHandler.java:onMessage(61)) - Close container Event triggered for container : #13
2019-07-16 14:32:52,929 INFO  container.CloseContainerEventHandler (CloseContainerEventHandler.java:onMessage(61)) - Close container Event triggered for container : #4
2019-07-16 14:32:52,930 INFO  container.CloseContainerEventHandler (CloseContainerEventHandler.java:onMessage(61)) - Close container Event triggered for container : #4
2019-07-16 14:32:52,930 INFO  container.CloseContainerEventHandler (CloseContainerEventHandler.java:onMessage(61)) - Close container Event triggered for container : #4
2019-07-16 14:32:52,930 INFO  container.CloseContainerEventHandler (CloseContainerEventHandler.java:onMessage(61)) - Close container Event triggered for container : #2
2019-07-16 14:32:52,930 INFO  container.CloseContainerEventHandler (CloseContainerEventHandler.java:onMessage(61)) - Close container Event triggered for container : #2
2019-07-16 14:32:52,930 INFO  container.CloseContainerEventHandler (CloseContainerEventHandler.java:onMessage(61)) - Close container Event triggered for container : #2
2019-07-16 14:32:53,975 INFO  interfaces.Container (KeyValueContainer.java:compactDB(356)) - Container 4 is closed with bcsId 76.
2019-07-16 14:32:53,975 INFO  interfaces.Container (KeyValueContainer.java:compactDB(356)) - Container 4 is closed with bcsId 76.
2019-07-16 14:32:53,983 INFO  interfaces.Container (KeyValueContainer.java:compactDB(356)) - Container 4 is closed with bcsId 76.
2019-07-16 14:32:54,720 INFO  interfaces.Container (KeyValueContainer.java:compactDB(356)) - Container 13 is closed with bcsId 75.
2019-07-16 14:32:54,720 INFO  interfaces.Container (KeyValueContainer.java:compactDB(356)) - Container 13 is closed with bcsId 75.
2019-07-16 14:32:54,734 INFO  interfaces.Container (KeyValueContainer.java:compactDB(356)) - Container 13 is closed with bcsId 75.
2019-07-16 14:32:54,812 INFO  interfaces.Container (KeyValueContainer.java:compactDB(356)) - Container 2 is closed with bcsId 85.
2019-07-16 14:32:54,812 INFO  interfaces.Container (KeyValueContainer.java:compactDB(356)) - Container 2 is closed with bcsId 85.
2019-07-16 14:32:54,821 INFO  interfaces.Container (KeyValueContainer.java:compactDB(356)) - Container 2 is closed with bcsId 85.
14:32:54.933 [grpc-default-executor-1] ERROR DNAudit - user=null | ip=null | op=WRITE_CHUNK {blockData=conID: 2 locID: 102451614376067092 bcsId: 85} | ret=FAILURE
org.apache.hadoop.hdds.scm.container.common.helpers.ContainerNotOpenException: Container 2 in CLOSED state
	at org.apache.hadoop.ozone.container.common.impl.HddsDispatcher.validateContainerCommand(HddsDispatcher.java:408) ~[hadoop-hdds-container-service-0.4.1-SNAPSHOT.jar:?]
	at org.apache.hadoop.ozone.container.common.transport.server.ratis.ContainerStateMachine.startTransaction(ContainerStateMachine.java:270) ~[hadoop-hdds-container-service-0.4.1-SNAPSHOT.jar:?]
	at org.apache.ratis.server.impl.RaftServerImpl.submitClientRequestAsync(RaftServerImpl.java:566) ~[ratis-server-0.4.0-2337318-SNAPSHOT.jar:0.4.0-2337318-SNAPSHOT]
	at org.apache.ratis.server.impl.RaftServerProxy.lambda$submitClientRequestAsync$7(RaftServerProxy.java:333) ~[ratis-server-0.4.0-2337318-SNAPSHOT.jar:0.4.0-2337318-SNAPSHOT]
	at org.apache.ratis.server.impl.RaftServerProxy.lambda$null$5(RaftServerProxy.java:328) ~[ratis-server-0.4.0-2337318-SNAPSHOT.jar:0.4.0-2337318-SNAPSHOT]
	at org.apache.ratis.util.JavaUtils.callAsUnchecked(JavaUtils.java:109) ~[ratis-common-0.4.0-2337318-SNAPSHOT.jar:0.4.0-2337318-SNAPSHOT]
	at org.apache.ratis.server.impl.RaftServerProxy.lambda$submitRequest$6(RaftServerProxy.java:328) ~[ratis-server-0.4.0-2337318-SNAPSHOT.jar:0.4.0-2337318-SNAPSHOT]
	at java.util.concurrent.CompletableFuture.uniComposeStage(CompletableFuture.java:981) ~[?:1.8.0_212]
	at java.util.concurrent.CompletableFuture.thenCompose(CompletableFuture.java:2124) ~[?:1.8.0_212]
	at org.apache.ratis.server.impl.RaftServerProxy.submitRequest(RaftServerProxy.java:327) ~[ratis-server-0.4.0-2337318-SNAPSHOT.jar:0.4.0-2337318-SNAPSHOT]
	at org.apache.ratis.server.impl.RaftServerProxy.submitClientRequestAsync(RaftServerProxy.java:333) ~[ratis-server-0.4.0-2337318-SNAPSHOT.jar:0.4.0-2337318-SNAPSHOT]
	at org.apache.ratis.grpc.client.GrpcClientProtocolService$RequestStreamObserver.processClientRequest(GrpcClientProtocolService.java:220) ~[ratis-grpc-0.4.0-2337318-SNAPSHOT.jar:0.4.0-2337318-SNAPSHOT]
	at org.apache.ratis.grpc.client.GrpcClientProtocolService$OrderedRequestStreamObserver.processClientRequest(GrpcClientProtocolService.java:326) ~[ratis-grpc-0.4.0-2337318-SNAPSHOT.jar:0.4.0-2337318-SNAPSHOT]
	at org.apache.ratis.util.SlidingWindow$Server.processRequestsFromHead(SlidingWindow.java:429) [ratis-common-0.4.0-2337318-SNAPSHOT.jar:0.4.0-2337318-SNAPSHOT]
	at org.apache.ratis.util.SlidingWindow$Server.receivedRequest(SlidingWindow.java:421) [ratis-common-0.4.0-2337318-SNAPSHOT.jar:0.4.0-2337318-SNAPSHOT]
	at org.apache.ratis.grpc.client.GrpcClientProtocolService$OrderedRequestStreamObserver.processClientRequest(GrpcClientProtocolService.java:345) [ratis-grpc-0.4.0-2337318-SNAPSHOT.jar:0.4.0-2337318-SNAPSHOT]
	at org.apache.ratis.grpc.client.GrpcClientProtocolService$RequestStreamObserver.onNext(GrpcClientProtocolService.java:240) [ratis-grpc-0.4.0-2337318-SNAPSHOT.jar:0.4.0-2337318-SNAPSHOT]
	at org.apache.ratis.grpc.client.GrpcClientProtocolService$RequestStreamObserver.onNext(GrpcClientProtocolService.java:168) [ratis-grpc-0.4.0-2337318-SNAPSHOT.jar:0.4.0-2337318-SNAPSHOT]
	at org.apache.ratis.thirdparty.io.grpc.stub.ServerCalls$StreamingServerCallHandler$StreamingServerCallListener.onMessage(ServerCalls.java:248) [ratis-thirdparty-misc-0.2.0.jar:0.2.0]
	at org.apache.ratis.thirdparty.io.grpc.internal.ServerCallImpl$ServerStreamListenerImpl.messagesAvailable(ServerCallImpl.java:263) [ratis-thirdparty-misc-0.2.0.jar:0.2.0]
	at org.apache.ratis.thirdparty.io.grpc.internal.ServerImpl$JumpToApplicationThreadServerStreamListener$1MessagesAvailable.runInContext(ServerImpl.java:686) [ratis-thirdparty-misc-0.2.0.jar:0.2.0]
	at org.apache.ratis.thirdparty.io.grpc.internal.ContextRunnable.run(ContextRunnable.java:37) [ratis-thirdparty-misc-0.2.0.jar:0.2.0]
	at org.apache.ratis.thirdparty.io.grpc.internal.SerializingExecutor.run(SerializingExecutor.java:123) [ratis-thirdparty-misc-0.2.0.jar:0.2.0]
	at java.util.concurrent.ThreadPoolExecutor.runWorker(ThreadPoolExecutor.java:1149) [?:1.8.0_212]
	at java.util.concurrent.ThreadPoolExecutor$Worker.run(ThreadPoolExecutor.java:624) [?:1.8.0_212]
	at java.lang.Thread.run(Thread.java:748) [?:1.8.0_212]
2019-07-16 14:32:54,941 INFO  client.GrpcClientProtocolClient (GrpcClientProtocolClient.java:onNext(255)) - client-3E3F35638747->36f2587b-910c-42a5-a774-eb59e4ea961e: receive RaftClientReply:client-3E3F35638747->36f2587b-910c-42a5-a774-eb59e4ea961e@group-B9213CB54CD5, cid=113, FAILED org.apache.ratis.protocol.StateMachineException: org.apache.hadoop.hdds.scm.container.common.helpers.ContainerNotOpenException from Server 36f2587b-910c-42a5-a774-eb59e4ea961e: Container 2 in CLOSED state, logIndex=0, commits[36f2587b-910c-42a5-a774-eb59e4ea961e:c91, 3390190e-0202-4c2c-b249-cb982879fc90:c90, 7fa95842-6e55-4142-b267-1c1e9b428abe:c90]
14:32:54.941 [grpc-default-executor-1] ERROR DNAudit - user=null | ip=null | op=PUT_BLOCK {blockData=[blockId=conID: 2 locID: 102451614376067092 bcsId: 0,size=2621440]} | ret=FAILURE
org.apache.hadoop.hdds.scm.container.common.helpers.ContainerNotOpenException: Container 2 in CLOSED state
	at org.apache.hadoop.ozone.container.common.impl.HddsDispatcher.validateContainerCommand(HddsDispatcher.java:408) ~[hadoop-hdds-container-service-0.4.1-SNAPSHOT.jar:?]
	at org.apache.hadoop.ozone.container.common.transport.server.ratis.ContainerStateMachine.startTransaction(ContainerStateMachine.java:270) ~[hadoop-hdds-container-service-0.4.1-SNAPSHOT.jar:?]
	at org.apache.ratis.server.impl.RaftServerImpl.submitClientRequestAsync(RaftServerImpl.java:566) ~[ratis-server-0.4.0-2337318-SNAPSHOT.jar:0.4.0-2337318-SNAPSHOT]
	at org.apache.ratis.server.impl.RaftServerProxy.lambda$submitClientRequestAsync$7(RaftServerProxy.java:333) ~[ratis-server-0.4.0-2337318-SNAPSHOT.jar:0.4.0-2337318-SNAPSHOT]
	at org.apache.ratis.server.impl.RaftServerProxy.lambda$null$5(RaftServerProxy.java:328) ~[ratis-server-0.4.0-2337318-SNAPSHOT.jar:0.4.0-2337318-SNAPSHOT]
	at org.apache.ratis.util.JavaUtils.callAsUnchecked(JavaUtils.java:109) ~[ratis-common-0.4.0-2337318-SNAPSHOT.jar:0.4.0-2337318-SNAPSHOT]
	at org.apache.ratis.server.impl.RaftServerProxy.lambda$submitRequest$6(RaftServerProxy.java:328) ~[ratis-server-0.4.0-2337318-SNAPSHOT.jar:0.4.0-2337318-SNAPSHOT]
	at java.util.concurrent.CompletableFuture.uniComposeStage(CompletableFuture.java:981) ~[?:1.8.0_212]
	at java.util.concurrent.CompletableFuture.thenCompose(CompletableFuture.java:2124) ~[?:1.8.0_212]
	at org.apache.ratis.server.impl.RaftServerProxy.submitRequest(RaftServerProxy.java:327) ~[ratis-server-0.4.0-2337318-SNAPSHOT.jar:0.4.0-2337318-SNAPSHOT]
	at org.apache.ratis.server.impl.RaftServerProxy.submitClientRequestAsync(RaftServerProxy.java:333) ~[ratis-server-0.4.0-2337318-SNAPSHOT.jar:0.4.0-2337318-SNAPSHOT]
	at org.apache.ratis.grpc.client.GrpcClientProtocolService$RequestStreamObserver.processClientRequest(GrpcClientProtocolService.java:220) ~[ratis-grpc-0.4.0-2337318-SNAPSHOT.jar:0.4.0-2337318-SNAPSHOT]
	at org.apache.ratis.grpc.client.GrpcClientProtocolService$OrderedRequestStreamObserver.processClientRequest(GrpcClientProtocolService.java:326) ~[ratis-grpc-0.4.0-2337318-SNAPSHOT.jar:0.4.0-2337318-SNAPSHOT]
	at org.apache.ratis.util.SlidingWindow$Server.processRequestsFromHead(SlidingWindow.java:429) [ratis-common-0.4.0-2337318-SNAPSHOT.jar:0.4.0-2337318-SNAPSHOT]
	at org.apache.ratis.util.SlidingWindow$Server.receivedRequest(SlidingWindow.java:421) [ratis-common-0.4.0-2337318-SNAPSHOT.jar:0.4.0-2337318-SNAPSHOT]
	at org.apache.ratis.grpc.client.GrpcClientProtocolService$OrderedRequestStreamObserver.processClientRequest(GrpcClientProtocolService.java:345) [ratis-grpc-0.4.0-2337318-SNAPSHOT.jar:0.4.0-2337318-SNAPSHOT]
	at org.apache.ratis.grpc.client.GrpcClientProtocolService$RequestStreamObserver.onNext(GrpcClientProtocolService.java:240) [ratis-grpc-0.4.0-2337318-SNAPSHOT.jar:0.4.0-2337318-SNAPSHOT]
	at org.apache.ratis.grpc.client.GrpcClientProtocolService$RequestStreamObserver.onNext(GrpcClientProtocolService.java:168) [ratis-grpc-0.4.0-2337318-SNAPSHOT.jar:0.4.0-2337318-SNAPSHOT]
	at org.apache.ratis.thirdparty.io.grpc.stub.ServerCalls$StreamingServerCallHandler$StreamingServerCallListener.onMessage(ServerCalls.java:248) [ratis-thirdparty-misc-0.2.0.jar:0.2.0]
	at org.apache.ratis.thirdparty.io.grpc.internal.ServerCallImpl$ServerStreamListenerImpl.messagesAvailable(ServerCallImpl.java:263) [ratis-thirdparty-misc-0.2.0.jar:0.2.0]
	at org.apache.ratis.thirdparty.io.grpc.internal.ServerImpl$JumpToApplicationThreadServerStreamListener$1MessagesAvailable.runInContext(ServerImpl.java:686) [ratis-thirdparty-misc-0.2.0.jar:0.2.0]
	at org.apache.ratis.thirdparty.io.grpc.internal.ContextRunnable.run(ContextRunnable.java:37) [ratis-thirdparty-misc-0.2.0.jar:0.2.0]
	at org.apache.ratis.thirdparty.io.grpc.internal.SerializingExecutor.run(SerializingExecutor.java:123) [ratis-thirdparty-misc-0.2.0.jar:0.2.0]
	at java.util.concurrent.ThreadPoolExecutor.runWorker(ThreadPoolExecutor.java:1149) [?:1.8.0_212]
	at java.util.concurrent.ThreadPoolExecutor$Worker.run(ThreadPoolExecutor.java:624) [?:1.8.0_212]
	at java.lang.Thread.run(Thread.java:748) [?:1.8.0_212]
2019-07-16 14:32:54,948 INFO  client.GrpcClientProtocolClient (GrpcClientProtocolClient.java:onNext(255)) - client-3E3F35638747->36f2587b-910c-42a5-a774-eb59e4ea961e: receive RaftClientReply:client-3E3F35638747->36f2587b-910c-42a5-a774-eb59e4ea961e@group-B9213CB54CD5, cid=114, FAILED org.apache.ratis.protocol.StateMachineException: org.apache.hadoop.hdds.scm.container.common.helpers.ContainerNotOpenException from Server 36f2587b-910c-42a5-a774-eb59e4ea961e: Container 2 in CLOSED state, logIndex=0, commits[36f2587b-910c-42a5-a774-eb59e4ea961e:c91, 3390190e-0202-4c2c-b249-cb982879fc90:c90, 7fa95842-6e55-4142-b267-1c1e9b428abe:c90]
2019-07-16 14:32:55,048 INFO  client.GrpcClientProtocolClient (GrpcClientProtocolClient.java:onNext(255)) - client-460FDC36ADEC->620ac3e3-0d81-489c-8d7f-dcf211d1795a: receive RaftClientReply:client-460FDC36ADEC->620ac3e3-0d81-489c-8d7f-dcf211d1795a@group-ED0C1C614C48, cid=115, SUCCESS, logIndex=81, commits[620ac3e3-0d81-489c-8d7f-dcf211d1795a:c82, 5049a06b-eba5-42a5-bf64-e1d68a7991ea:c80, 3994e812-3b47-4c21-bbff-59c8cf50b976:c80]
2019-07-16 14:32:55,079 INFO  client.GrpcClientProtocolClient (GrpcClientProtocolClient.java:onNext(255)) - client-460FDC36ADEC->620ac3e3-0d81-489c-8d7f-dcf211d1795a: receive RaftClientReply:client-460FDC36ADEC->620ac3e3-0d81-489c-8d7f-dcf211d1795a@group-ED0C1C614C48, cid=116, SUCCESS, logIndex=82, commits[620ac3e3-0d81-489c-8d7f-dcf211d1795a:c84, 5049a06b-eba5-42a5-bf64-e1d68a7991ea:c82, 3994e812-3b47-4c21-bbff-59c8cf50b976:c82]
]]></system-out>
  </testcase>
  <testcase name="testMultiBlockWrites3" classname="org.apache.hadoop.ozone.client.rpc.TestCloseContainerHandlingByClient" time="2.331">
    <error type="java.lang.IllegalArgumentException">java.lang.IllegalArgumentException
	at com.google.common.base.Preconditions.checkArgument(Preconditions.java:72)
	at org.apache.hadoop.hdds.scm.XceiverClientManager.acquireClient(XceiverClientManager.java:123)
	at org.apache.hadoop.hdds.scm.storage.BlockInputStream.getChunkInfos(BlockInputStream.java:154)
	at org.apache.hadoop.hdds.scm.storage.BlockInputStream.initialize(BlockInputStream.java:118)
	at org.apache.hadoop.hdds.scm.storage.BlockInputStream.read(BlockInputStream.java:222)
	at org.apache.hadoop.ozone.client.io.KeyInputStream.read(KeyInputStream.java:171)
	at org.apache.hadoop.ozone.client.io.OzoneInputStream.read(OzoneInputStream.java:47)
	at java.io.InputStream.read(InputStream.java:101)
	at org.apache.hadoop.ozone.client.rpc.TestCloseContainerHandlingByClient.testMultiBlockWrites3(TestCloseContainerHandlingByClient.java:325)
	at sun.reflect.NativeMethodAccessorImpl.invoke0(Native Method)
	at sun.reflect.NativeMethodAccessorImpl.invoke(NativeMethodAccessorImpl.java:62)
	at sun.reflect.DelegatingMethodAccessorImpl.invoke(DelegatingMethodAccessorImpl.java:43)
	at java.lang.reflect.Method.invoke(Method.java:498)
	at org.junit.runners.model.FrameworkMethod$1.runReflectiveCall(FrameworkMethod.java:47)
	at org.junit.internal.runners.model.ReflectiveCallable.run(ReflectiveCallable.java:12)
	at org.junit.runners.model.FrameworkMethod.invokeExplosively(FrameworkMethod.java:44)
	at org.junit.internal.runners.statements.InvokeMethod.evaluate(InvokeMethod.java:17)
	at org.junit.runners.ParentRunner.runLeaf(ParentRunner.java:271)
	at org.junit.runners.BlockJUnit4ClassRunner.runChild(BlockJUnit4ClassRunner.java:70)
	at org.junit.runners.BlockJUnit4ClassRunner.runChild(BlockJUnit4ClassRunner.java:50)
	at org.junit.runners.ParentRunner$3.run(ParentRunner.java:238)
	at org.junit.runners.ParentRunner$1.schedule(ParentRunner.java:63)
	at org.junit.runners.ParentRunner.runChildren(ParentRunner.java:236)
	at org.junit.runners.ParentRunner.access$000(ParentRunner.java:53)
	at org.junit.runners.ParentRunner$2.evaluate(ParentRunner.java:229)
	at org.junit.internal.runners.statements.RunBefores.evaluate(RunBefores.java:26)
	at org.junit.internal.runners.statements.RunAfters.evaluate(RunAfters.java:27)
	at org.junit.runners.ParentRunner.run(ParentRunner.java:309)
	at org.apache.maven.surefire.junit4.JUnit4Provider.execute(JUnit4Provider.java:365)
	at org.apache.maven.surefire.junit4.JUnit4Provider.executeWithRerun(JUnit4Provider.java:273)
	at org.apache.maven.surefire.junit4.JUnit4Provider.executeTestSet(JUnit4Provider.java:238)
	at org.apache.maven.surefire.junit4.JUnit4Provider.invoke(JUnit4Provider.java:159)
	at org.apache.maven.surefire.booter.ForkedBooter.invokeProviderInSameClassLoader(ForkedBooter.java:384)
	at org.apache.maven.surefire.booter.ForkedBooter.runSuitesInProcess(ForkedBooter.java:345)
	at org.apache.maven.surefire.booter.ForkedBooter.execute(ForkedBooter.java:126)
	at org.apache.maven.surefire.booter.ForkedBooter.main(ForkedBooter.java:418)
</error>
    <system-out><![CDATA[2019-07-16 14:32:55,493 INFO  client.GrpcClientProtocolClient (GrpcClientProtocolClient.java:onNext(255)) - client-3E3F35638747->36f2587b-910c-42a5-a774-eb59e4ea961e: receive RaftClientReply:client-3E3F35638747->36f2587b-910c-42a5-a774-eb59e4ea961e@group-B9213CB54CD5, cid=117, SUCCESS, logIndex=92, commits[36f2587b-910c-42a5-a774-eb59e4ea961e:c95, 3390190e-0202-4c2c-b249-cb982879fc90:c91, 7fa95842-6e55-4142-b267-1c1e9b428abe:c91]
2019-07-16 14:32:55,516 INFO  client.GrpcClientProtocolClient (GrpcClientProtocolClient.java:onNext(255)) - client-3E3F35638747->36f2587b-910c-42a5-a774-eb59e4ea961e: receive RaftClientReply:client-3E3F35638747->36f2587b-910c-42a5-a774-eb59e4ea961e@group-B9213CB54CD5, cid=118, SUCCESS, logIndex=93, commits[36f2587b-910c-42a5-a774-eb59e4ea961e:c99, 3390190e-0202-4c2c-b249-cb982879fc90:c95, 7fa95842-6e55-4142-b267-1c1e9b428abe:c95]
2019-07-16 14:32:55,519 INFO  client.GrpcClientProtocolClient (GrpcClientProtocolClient.java:onNext(255)) - client-3E3F35638747->36f2587b-910c-42a5-a774-eb59e4ea961e: receive RaftClientReply:client-3E3F35638747->36f2587b-910c-42a5-a774-eb59e4ea961e@group-B9213CB54CD5, cid=119, SUCCESS, logIndex=94, commits[36f2587b-910c-42a5-a774-eb59e4ea961e:c99, 3390190e-0202-4c2c-b249-cb982879fc90:c95, 7fa95842-6e55-4142-b267-1c1e9b428abe:c95]
2019-07-16 14:32:55,567 INFO  client.GrpcClientProtocolClient (GrpcClientProtocolClient.java:onNext(255)) - client-3E3F35638747->36f2587b-910c-42a5-a774-eb59e4ea961e: receive RaftClientReply:client-3E3F35638747->36f2587b-910c-42a5-a774-eb59e4ea961e@group-B9213CB54CD5, cid=120, SUCCESS, logIndex=95, commits[36f2587b-910c-42a5-a774-eb59e4ea961e:c99, 3390190e-0202-4c2c-b249-cb982879fc90:c95, 7fa95842-6e55-4142-b267-1c1e9b428abe:c95]
2019-07-16 14:32:55,588 INFO  client.GrpcClientProtocolClient (GrpcClientProtocolClient.java:onNext(255)) - client-3E3F35638747->36f2587b-910c-42a5-a774-eb59e4ea961e: receive RaftClientReply:client-3E3F35638747->36f2587b-910c-42a5-a774-eb59e4ea961e@group-B9213CB54CD5, cid=121, SUCCESS, logIndex=100, commits[36f2587b-910c-42a5-a774-eb59e4ea961e:c103, 3390190e-0202-4c2c-b249-cb982879fc90:c99, 7fa95842-6e55-4142-b267-1c1e9b428abe:c99]
2019-07-16 14:32:55,589 INFO  client.GrpcClientProtocolClient (GrpcClientProtocolClient.java:onNext(255)) - client-3E3F35638747->36f2587b-910c-42a5-a774-eb59e4ea961e: receive RaftClientReply:client-3E3F35638747->36f2587b-910c-42a5-a774-eb59e4ea961e@group-B9213CB54CD5, cid=122, SUCCESS, logIndex=101, commits[36f2587b-910c-42a5-a774-eb59e4ea961e:c103, 3390190e-0202-4c2c-b249-cb982879fc90:c99, 7fa95842-6e55-4142-b267-1c1e9b428abe:c99]
2019-07-16 14:32:55,589 INFO  client.GrpcClientProtocolClient (GrpcClientProtocolClient.java:onNext(255)) - client-3E3F35638747->36f2587b-910c-42a5-a774-eb59e4ea961e: receive RaftClientReply:client-3E3F35638747->36f2587b-910c-42a5-a774-eb59e4ea961e@group-B9213CB54CD5, cid=123, SUCCESS, logIndex=102, commits[36f2587b-910c-42a5-a774-eb59e4ea961e:c103, 3390190e-0202-4c2c-b249-cb982879fc90:c99, 7fa95842-6e55-4142-b267-1c1e9b428abe:c99]
2019-07-16 14:32:55,591 INFO  client.GrpcClientProtocolClient (GrpcClientProtocolClient.java:onNext(255)) - client-3E3F35638747->36f2587b-910c-42a5-a774-eb59e4ea961e: receive RaftClientReply:client-3E3F35638747->36f2587b-910c-42a5-a774-eb59e4ea961e@group-B9213CB54CD5, cid=124, SUCCESS, logIndex=103, commits[36f2587b-910c-42a5-a774-eb59e4ea961e:c104, 3390190e-0202-4c2c-b249-cb982879fc90:c99, 7fa95842-6e55-4142-b267-1c1e9b428abe:c101]
2019-07-16 14:32:55,592 INFO  client.GrpcClientProtocolClient (GrpcClientProtocolClient.java:onNext(255)) - client-3E3F35638747->36f2587b-910c-42a5-a774-eb59e4ea961e: receive RaftClientReply:client-3E3F35638747->36f2587b-910c-42a5-a774-eb59e4ea961e@group-B9213CB54CD5, cid=125, SUCCESS, logIndex=0, commits[36f2587b-910c-42a5-a774-eb59e4ea961e:c107, 3390190e-0202-4c2c-b249-cb982879fc90:c103, 7fa95842-6e55-4142-b267-1c1e9b428abe:c103]
2019-07-16 14:32:55,594 INFO  client.GrpcClientProtocolClient (GrpcClientProtocolClient.java:onNext(255)) - client-3E3F35638747->36f2587b-910c-42a5-a774-eb59e4ea961e: receive RaftClientReply:client-3E3F35638747->36f2587b-910c-42a5-a774-eb59e4ea961e@group-B9213CB54CD5, cid=126, SUCCESS, logIndex=0, commits[36f2587b-910c-42a5-a774-eb59e4ea961e:c107, 3390190e-0202-4c2c-b249-cb982879fc90:c103, 7fa95842-6e55-4142-b267-1c1e9b428abe:c103]
2019-07-16 14:32:55,680 INFO  client.GrpcClientProtocolClient (GrpcClientProtocolClient.java:onNext(255)) - client-3E3F35638747->36f2587b-910c-42a5-a774-eb59e4ea961e: receive RaftClientReply:client-3E3F35638747->36f2587b-910c-42a5-a774-eb59e4ea961e@group-B9213CB54CD5, cid=127, SUCCESS, logIndex=108, commits[36f2587b-910c-42a5-a774-eb59e4ea961e:c111, 3390190e-0202-4c2c-b249-cb982879fc90:c107, 7fa95842-6e55-4142-b267-1c1e9b428abe:c107]
2019-07-16 14:32:55,703 INFO  client.GrpcClientProtocolClient (GrpcClientProtocolClient.java:onNext(255)) - client-3E3F35638747->36f2587b-910c-42a5-a774-eb59e4ea961e: receive RaftClientReply:client-3E3F35638747->36f2587b-910c-42a5-a774-eb59e4ea961e@group-B9213CB54CD5, cid=128, SUCCESS, logIndex=109, commits[36f2587b-910c-42a5-a774-eb59e4ea961e:c113, 3390190e-0202-4c2c-b249-cb982879fc90:c111, 7fa95842-6e55-4142-b267-1c1e9b428abe:c111]
2019-07-16 14:32:55,703 INFO  client.GrpcClientProtocolClient (GrpcClientProtocolClient.java:onNext(255)) - client-3E3F35638747->36f2587b-910c-42a5-a774-eb59e4ea961e: receive RaftClientReply:client-3E3F35638747->36f2587b-910c-42a5-a774-eb59e4ea961e@group-B9213CB54CD5, cid=129, SUCCESS, logIndex=110, commits[36f2587b-910c-42a5-a774-eb59e4ea961e:c113, 3390190e-0202-4c2c-b249-cb982879fc90:c111, 7fa95842-6e55-4142-b267-1c1e9b428abe:c111]
2019-07-16 14:32:55,761 INFO  client.GrpcClientProtocolClient (GrpcClientProtocolClient.java:onNext(255)) - client-3E3F35638747->36f2587b-910c-42a5-a774-eb59e4ea961e: receive RaftClientReply:client-3E3F35638747->36f2587b-910c-42a5-a774-eb59e4ea961e@group-B9213CB54CD5, cid=130, SUCCESS, logIndex=111, commits[36f2587b-910c-42a5-a774-eb59e4ea961e:c113, 3390190e-0202-4c2c-b249-cb982879fc90:c111, 7fa95842-6e55-4142-b267-1c1e9b428abe:c111]
2019-07-16 14:32:55,775 INFO  client.GrpcClientProtocolClient (GrpcClientProtocolClient.java:onNext(255)) - client-3E3F35638747->36f2587b-910c-42a5-a774-eb59e4ea961e: receive RaftClientReply:client-3E3F35638747->36f2587b-910c-42a5-a774-eb59e4ea961e@group-B9213CB54CD5, cid=131, SUCCESS, logIndex=114, commits[36f2587b-910c-42a5-a774-eb59e4ea961e:c115, 3390190e-0202-4c2c-b249-cb982879fc90:c113, 7fa95842-6e55-4142-b267-1c1e9b428abe:c113]
2019-07-16 14:32:55,776 INFO  client.GrpcClientProtocolClient (GrpcClientProtocolClient.java:onNext(255)) - client-3E3F35638747->36f2587b-910c-42a5-a774-eb59e4ea961e: receive RaftClientReply:client-3E3F35638747->36f2587b-910c-42a5-a774-eb59e4ea961e@group-B9213CB54CD5, cid=132, SUCCESS, logIndex=115, commits[36f2587b-910c-42a5-a774-eb59e4ea961e:c115, 3390190e-0202-4c2c-b249-cb982879fc90:c113, 7fa95842-6e55-4142-b267-1c1e9b428abe:c113]
2019-07-16 14:32:55,781 INFO  client.GrpcClientProtocolClient (GrpcClientProtocolClient.java:onNext(255)) - client-3E3F35638747->36f2587b-910c-42a5-a774-eb59e4ea961e: receive RaftClientReply:client-3E3F35638747->36f2587b-910c-42a5-a774-eb59e4ea961e@group-B9213CB54CD5, cid=133, SUCCESS, logIndex=116, commits[36f2587b-910c-42a5-a774-eb59e4ea961e:c117, 3390190e-0202-4c2c-b249-cb982879fc90:c115, 7fa95842-6e55-4142-b267-1c1e9b428abe:c115]
2019-07-16 14:32:55,782 INFO  client.GrpcClientProtocolClient (GrpcClientProtocolClient.java:onNext(255)) - client-3E3F35638747->36f2587b-910c-42a5-a774-eb59e4ea961e: receive RaftClientReply:client-3E3F35638747->36f2587b-910c-42a5-a774-eb59e4ea961e@group-B9213CB54CD5, cid=134, SUCCESS, logIndex=117, commits[36f2587b-910c-42a5-a774-eb59e4ea961e:c119, 3390190e-0202-4c2c-b249-cb982879fc90:c115, 7fa95842-6e55-4142-b267-1c1e9b428abe:c115]
2019-07-16 14:32:55,784 INFO  client.GrpcClientProtocolClient (GrpcClientProtocolClient.java:onNext(255)) - client-3E3F35638747->36f2587b-910c-42a5-a774-eb59e4ea961e: receive RaftClientReply:client-3E3F35638747->36f2587b-910c-42a5-a774-eb59e4ea961e@group-B9213CB54CD5, cid=135, SUCCESS, logIndex=0, commits[36f2587b-910c-42a5-a774-eb59e4ea961e:c120, 3390190e-0202-4c2c-b249-cb982879fc90:c117, 7fa95842-6e55-4142-b267-1c1e9b428abe:c117]
2019-07-16 14:32:55,800 INFO  client.GrpcClientProtocolClient (GrpcClientProtocolClient.java:onNext(255)) - client-3E3F35638747->36f2587b-910c-42a5-a774-eb59e4ea961e: receive RaftClientReply:client-3E3F35638747->36f2587b-910c-42a5-a774-eb59e4ea961e@group-B9213CB54CD5, cid=136, SUCCESS, logIndex=122, commits[36f2587b-910c-42a5-a774-eb59e4ea961e:c125, 3390190e-0202-4c2c-b249-cb982879fc90:c121, 7fa95842-6e55-4142-b267-1c1e9b428abe:c121]
2019-07-16 14:32:55,800 INFO  client.GrpcClientProtocolClient (GrpcClientProtocolClient.java:onNext(255)) - client-3E3F35638747->36f2587b-910c-42a5-a774-eb59e4ea961e: receive RaftClientReply:client-3E3F35638747->36f2587b-910c-42a5-a774-eb59e4ea961e@group-B9213CB54CD5, cid=137, SUCCESS, logIndex=123, commits[36f2587b-910c-42a5-a774-eb59e4ea961e:c125, 3390190e-0202-4c2c-b249-cb982879fc90:c121, 7fa95842-6e55-4142-b267-1c1e9b428abe:c121]
2019-07-16 14:32:55,801 INFO  client.GrpcClientProtocolClient (GrpcClientProtocolClient.java:onNext(255)) - client-3E3F35638747->36f2587b-910c-42a5-a774-eb59e4ea961e: receive RaftClientReply:client-3E3F35638747->36f2587b-910c-42a5-a774-eb59e4ea961e@group-B9213CB54CD5, cid=138, SUCCESS, logIndex=124, commits[36f2587b-910c-42a5-a774-eb59e4ea961e:c125, 3390190e-0202-4c2c-b249-cb982879fc90:c121, 7fa95842-6e55-4142-b267-1c1e9b428abe:c121]
2019-07-16 14:32:55,802 INFO  client.GrpcClientProtocolClient (GrpcClientProtocolClient.java:onNext(255)) - client-3E3F35638747->36f2587b-910c-42a5-a774-eb59e4ea961e: receive RaftClientReply:client-3E3F35638747->36f2587b-910c-42a5-a774-eb59e4ea961e@group-B9213CB54CD5, cid=139, SUCCESS, logIndex=125, commits[36f2587b-910c-42a5-a774-eb59e4ea961e:c125, 3390190e-0202-4c2c-b249-cb982879fc90:c121, 7fa95842-6e55-4142-b267-1c1e9b428abe:c121]
2019-07-16 14:32:55,803 INFO  client.GrpcClientProtocolClient (GrpcClientProtocolClient.java:onNext(255)) - client-3E3F35638747->36f2587b-910c-42a5-a774-eb59e4ea961e: receive RaftClientReply:client-3E3F35638747->36f2587b-910c-42a5-a774-eb59e4ea961e@group-B9213CB54CD5, cid=140, SUCCESS, logIndex=0, commits[36f2587b-910c-42a5-a774-eb59e4ea961e:c127, 3390190e-0202-4c2c-b249-cb982879fc90:c125, 7fa95842-6e55-4142-b267-1c1e9b428abe:c124]
2019-07-16 14:32:55,815 INFO  client.GrpcClientProtocolClient (GrpcClientProtocolClient.java:onNext(255)) - client-3E3F35638747->36f2587b-910c-42a5-a774-eb59e4ea961e: receive RaftClientReply:client-3E3F35638747->36f2587b-910c-42a5-a774-eb59e4ea961e@group-B9213CB54CD5, cid=141, SUCCESS, logIndex=130, commits[36f2587b-910c-42a5-a774-eb59e4ea961e:c131, 3390190e-0202-4c2c-b249-cb982879fc90:c129, 7fa95842-6e55-4142-b267-1c1e9b428abe:c129]
2019-07-16 14:32:55,816 INFO  client.GrpcClientProtocolClient (GrpcClientProtocolClient.java:onNext(255)) - client-3E3F35638747->36f2587b-910c-42a5-a774-eb59e4ea961e: receive RaftClientReply:client-3E3F35638747->36f2587b-910c-42a5-a774-eb59e4ea961e@group-B9213CB54CD5, cid=142, SUCCESS, logIndex=131, commits[36f2587b-910c-42a5-a774-eb59e4ea961e:c131, 3390190e-0202-4c2c-b249-cb982879fc90:c129, 7fa95842-6e55-4142-b267-1c1e9b428abe:c129]
2019-07-16 14:32:55,828 INFO  client.GrpcClientProtocolClient (GrpcClientProtocolClient.java:onNext(255)) - client-3E3F35638747->36f2587b-910c-42a5-a774-eb59e4ea961e: receive RaftClientReply:client-3E3F35638747->36f2587b-910c-42a5-a774-eb59e4ea961e@group-B9213CB54CD5, cid=143, SUCCESS, logIndex=134, commits[36f2587b-910c-42a5-a774-eb59e4ea961e:c135, 3390190e-0202-4c2c-b249-cb982879fc90:c131, 7fa95842-6e55-4142-b267-1c1e9b428abe:c133]
2019-07-16 14:32:55,829 INFO  client.GrpcClientProtocolClient (GrpcClientProtocolClient.java:onNext(255)) - client-3E3F35638747->36f2587b-910c-42a5-a774-eb59e4ea961e: receive RaftClientReply:client-3E3F35638747->36f2587b-910c-42a5-a774-eb59e4ea961e@group-B9213CB54CD5, cid=144, SUCCESS, logIndex=135, commits[36f2587b-910c-42a5-a774-eb59e4ea961e:c135, 3390190e-0202-4c2c-b249-cb982879fc90:c133, 7fa95842-6e55-4142-b267-1c1e9b428abe:c133]
2019-07-16 14:32:55,831 INFO  client.GrpcClientProtocolClient (GrpcClientProtocolClient.java:onNext(255)) - client-3E3F35638747->36f2587b-910c-42a5-a774-eb59e4ea961e: receive RaftClientReply:client-3E3F35638747->36f2587b-910c-42a5-a774-eb59e4ea961e@group-B9213CB54CD5, cid=145, SUCCESS, logIndex=0, commits[36f2587b-910c-42a5-a774-eb59e4ea961e:c137, 3390190e-0202-4c2c-b249-cb982879fc90:c135, 7fa95842-6e55-4142-b267-1c1e9b428abe:c135]
2019-07-16 14:32:55,833 INFO  container.CloseContainerEventHandler (CloseContainerEventHandler.java:onMessage(61)) - Close container Event triggered for container : #15
2019-07-16 14:32:55,834 INFO  container.CloseContainerEventHandler (CloseContainerEventHandler.java:onMessage(61)) - Close container Event triggered for container : #15
2019-07-16 14:32:55,834 INFO  container.CloseContainerEventHandler (CloseContainerEventHandler.java:onMessage(61)) - Close container Event triggered for container : #15
2019-07-16 14:32:55,834 INFO  container.CloseContainerEventHandler (CloseContainerEventHandler.java:onMessage(61)) - Close container Event triggered for container : #16
2019-07-16 14:32:55,834 INFO  container.CloseContainerEventHandler (CloseContainerEventHandler.java:onMessage(61)) - Close container Event triggered for container : #16
2019-07-16 14:32:55,834 INFO  container.CloseContainerEventHandler (CloseContainerEventHandler.java:onMessage(61)) - Close container Event triggered for container : #16
2019-07-16 14:32:55,834 INFO  container.CloseContainerEventHandler (CloseContainerEventHandler.java:onMessage(61)) - Close container Event triggered for container : #10
2019-07-16 14:32:55,834 INFO  container.CloseContainerEventHandler (CloseContainerEventHandler.java:onMessage(61)) - Close container Event triggered for container : #10
2019-07-16 14:32:55,834 INFO  container.CloseContainerEventHandler (CloseContainerEventHandler.java:onMessage(61)) - Close container Event triggered for container : #10
2019-07-16 14:32:55,834 INFO  container.CloseContainerEventHandler (CloseContainerEventHandler.java:onMessage(61)) - Close container Event triggered for container : #6
2019-07-16 14:32:55,835 INFO  container.CloseContainerEventHandler (CloseContainerEventHandler.java:onMessage(61)) - Close container Event triggered for container : #6
2019-07-16 14:32:55,835 INFO  container.CloseContainerEventHandler (CloseContainerEventHandler.java:onMessage(61)) - Close container Event triggered for container : #6
2019-07-16 14:32:55,845 INFO  client.GrpcClientProtocolClient (GrpcClientProtocolClient.java:onNext(255)) - client-460FDC36ADEC->620ac3e3-0d81-489c-8d7f-dcf211d1795a: receive RaftClientReply:client-460FDC36ADEC->620ac3e3-0d81-489c-8d7f-dcf211d1795a@group-ED0C1C614C48, cid=146, SUCCESS, logIndex=85, commits[620ac3e3-0d81-489c-8d7f-dcf211d1795a:c86, 5049a06b-eba5-42a5-bf64-e1d68a7991ea:c82, 3994e812-3b47-4c21-bbff-59c8cf50b976:c84]
2019-07-16 14:32:55,846 INFO  client.GrpcClientProtocolClient (GrpcClientProtocolClient.java:onNext(255)) - client-460FDC36ADEC->620ac3e3-0d81-489c-8d7f-dcf211d1795a: receive RaftClientReply:client-460FDC36ADEC->620ac3e3-0d81-489c-8d7f-dcf211d1795a@group-ED0C1C614C48, cid=147, SUCCESS, logIndex=86, commits[620ac3e3-0d81-489c-8d7f-dcf211d1795a:c86, 5049a06b-eba5-42a5-bf64-e1d68a7991ea:c82, 3994e812-3b47-4c21-bbff-59c8cf50b976:c84]
2019-07-16 14:32:56,842 INFO  interfaces.Container (KeyValueContainer.java:compactDB(356)) - Container 15 is closed with bcsId 103.
2019-07-16 14:32:56,851 INFO  interfaces.Container (KeyValueContainer.java:compactDB(356)) - Container 15 is closed with bcsId 103.
2019-07-16 14:32:56,851 INFO  interfaces.Container (KeyValueContainer.java:compactDB(356)) - Container 15 is closed with bcsId 103.
2019-07-16 14:32:56,868 INFO  interfaces.Container (KeyValueContainer.java:compactDB(356)) - Container 16 is closed with bcsId 117.
2019-07-16 14:32:56,880 INFO  interfaces.Container (KeyValueContainer.java:compactDB(356)) - Container 16 is closed with bcsId 117.
2019-07-16 14:32:56,888 INFO  interfaces.Container (KeyValueContainer.java:compactDB(356)) - Container 16 is closed with bcsId 117.
2019-07-16 14:32:56,898 INFO  interfaces.Container (KeyValueContainer.java:compactDB(356)) - Container 10 is closed with bcsId 135.
2019-07-16 14:32:56,906 INFO  interfaces.Container (KeyValueContainer.java:compactDB(356)) - Container 10 is closed with bcsId 135.
2019-07-16 14:32:56,910 INFO  interfaces.Container (KeyValueContainer.java:compactDB(356)) - Container 10 is closed with bcsId 135.
2019-07-16 14:32:57,065 INFO  interfaces.Container (KeyValueContainer.java:compactDB(356)) - Container 6 is closed with bcsId 86.
2019-07-16 14:32:57,071 INFO  interfaces.Container (KeyValueContainer.java:compactDB(356)) - Container 6 is closed with bcsId 86.
2019-07-16 14:32:57,075 INFO  interfaces.Container (KeyValueContainer.java:compactDB(356)) - Container 6 is closed with bcsId 86.
14:32:57.341 [grpc-default-executor-1] ERROR DNAudit - user=null | ip=null | op=WRITE_CHUNK {blockData=conID: 6 locID: 102451614531584026 bcsId: 86} | ret=FAILURE
org.apache.hadoop.hdds.scm.container.common.helpers.ContainerNotOpenException: Container 6 in CLOSED state
	at org.apache.hadoop.ozone.container.common.impl.HddsDispatcher.validateContainerCommand(HddsDispatcher.java:408) ~[hadoop-hdds-container-service-0.4.1-SNAPSHOT.jar:?]
	at org.apache.hadoop.ozone.container.common.transport.server.ratis.ContainerStateMachine.startTransaction(ContainerStateMachine.java:270) ~[hadoop-hdds-container-service-0.4.1-SNAPSHOT.jar:?]
	at org.apache.ratis.server.impl.RaftServerImpl.submitClientRequestAsync(RaftServerImpl.java:566) ~[ratis-server-0.4.0-2337318-SNAPSHOT.jar:0.4.0-2337318-SNAPSHOT]
	at org.apache.ratis.server.impl.RaftServerProxy.lambda$submitClientRequestAsync$7(RaftServerProxy.java:333) ~[ratis-server-0.4.0-2337318-SNAPSHOT.jar:0.4.0-2337318-SNAPSHOT]
	at org.apache.ratis.server.impl.RaftServerProxy.lambda$null$5(RaftServerProxy.java:328) ~[ratis-server-0.4.0-2337318-SNAPSHOT.jar:0.4.0-2337318-SNAPSHOT]
	at org.apache.ratis.util.JavaUtils.callAsUnchecked(JavaUtils.java:109) ~[ratis-common-0.4.0-2337318-SNAPSHOT.jar:0.4.0-2337318-SNAPSHOT]
	at org.apache.ratis.server.impl.RaftServerProxy.lambda$submitRequest$6(RaftServerProxy.java:328) ~[ratis-server-0.4.0-2337318-SNAPSHOT.jar:0.4.0-2337318-SNAPSHOT]
	at java.util.concurrent.CompletableFuture.uniComposeStage(CompletableFuture.java:981) ~[?:1.8.0_212]
	at java.util.concurrent.CompletableFuture.thenCompose(CompletableFuture.java:2124) ~[?:1.8.0_212]
	at org.apache.ratis.server.impl.RaftServerProxy.submitRequest(RaftServerProxy.java:327) ~[ratis-server-0.4.0-2337318-SNAPSHOT.jar:0.4.0-2337318-SNAPSHOT]
	at org.apache.ratis.server.impl.RaftServerProxy.submitClientRequestAsync(RaftServerProxy.java:333) ~[ratis-server-0.4.0-2337318-SNAPSHOT.jar:0.4.0-2337318-SNAPSHOT]
	at org.apache.ratis.grpc.client.GrpcClientProtocolService$RequestStreamObserver.processClientRequest(GrpcClientProtocolService.java:220) ~[ratis-grpc-0.4.0-2337318-SNAPSHOT.jar:0.4.0-2337318-SNAPSHOT]
	at org.apache.ratis.grpc.client.GrpcClientProtocolService$OrderedRequestStreamObserver.processClientRequest(GrpcClientProtocolService.java:326) ~[ratis-grpc-0.4.0-2337318-SNAPSHOT.jar:0.4.0-2337318-SNAPSHOT]
	at org.apache.ratis.util.SlidingWindow$Server.processRequestsFromHead(SlidingWindow.java:429) [ratis-common-0.4.0-2337318-SNAPSHOT.jar:0.4.0-2337318-SNAPSHOT]
	at org.apache.ratis.util.SlidingWindow$Server.receivedRequest(SlidingWindow.java:421) [ratis-common-0.4.0-2337318-SNAPSHOT.jar:0.4.0-2337318-SNAPSHOT]
	at org.apache.ratis.grpc.client.GrpcClientProtocolService$OrderedRequestStreamObserver.processClientRequest(GrpcClientProtocolService.java:345) [ratis-grpc-0.4.0-2337318-SNAPSHOT.jar:0.4.0-2337318-SNAPSHOT]
	at org.apache.ratis.grpc.client.GrpcClientProtocolService$RequestStreamObserver.onNext(GrpcClientProtocolService.java:240) [ratis-grpc-0.4.0-2337318-SNAPSHOT.jar:0.4.0-2337318-SNAPSHOT]
	at org.apache.ratis.grpc.client.GrpcClientProtocolService$RequestStreamObserver.onNext(GrpcClientProtocolService.java:168) [ratis-grpc-0.4.0-2337318-SNAPSHOT.jar:0.4.0-2337318-SNAPSHOT]
	at org.apache.ratis.thirdparty.io.grpc.stub.ServerCalls$StreamingServerCallHandler$StreamingServerCallListener.onMessage(ServerCalls.java:248) [ratis-thirdparty-misc-0.2.0.jar:0.2.0]
	at org.apache.ratis.thirdparty.io.grpc.internal.ServerCallImpl$ServerStreamListenerImpl.messagesAvailable(ServerCallImpl.java:263) [ratis-thirdparty-misc-0.2.0.jar:0.2.0]
	at org.apache.ratis.thirdparty.io.grpc.internal.ServerImpl$JumpToApplicationThreadServerStreamListener$1MessagesAvailable.runInContext(ServerImpl.java:686) [ratis-thirdparty-misc-0.2.0.jar:0.2.0]
	at org.apache.ratis.thirdparty.io.grpc.internal.ContextRunnable.run(ContextRunnable.java:37) [ratis-thirdparty-misc-0.2.0.jar:0.2.0]
	at org.apache.ratis.thirdparty.io.grpc.internal.SerializingExecutor.run(SerializingExecutor.java:123) [ratis-thirdparty-misc-0.2.0.jar:0.2.0]
	at java.util.concurrent.ThreadPoolExecutor.runWorker(ThreadPoolExecutor.java:1149) [?:1.8.0_212]
	at java.util.concurrent.ThreadPoolExecutor$Worker.run(ThreadPoolExecutor.java:624) [?:1.8.0_212]
	at java.lang.Thread.run(Thread.java:748) [?:1.8.0_212]
14:32:57.351 [grpc-default-executor-1] ERROR DNAudit - user=null | ip=null | op=PUT_BLOCK {blockData=[blockId=conID: 6 locID: 102451614531584026 bcsId: 0,size=2097152]} | ret=FAILURE
org.apache.hadoop.hdds.scm.container.common.helpers.ContainerNotOpenException: Container 6 in CLOSED state
	at org.apache.hadoop.ozone.container.common.impl.HddsDispatcher.validateContainerCommand(HddsDispatcher.java:408) ~[hadoop-hdds-container-service-0.4.1-SNAPSHOT.jar:?]
	at org.apache.hadoop.ozone.container.common.transport.server.ratis.ContainerStateMachine.startTransaction(ContainerStateMachine.java:270) ~[hadoop-hdds-container-service-0.4.1-SNAPSHOT.jar:?]
	at org.apache.ratis.server.impl.RaftServerImpl.submitClientRequestAsync(RaftServerImpl.java:566) ~[ratis-server-0.4.0-2337318-SNAPSHOT.jar:0.4.0-2337318-SNAPSHOT]
	at org.apache.ratis.server.impl.RaftServerProxy.lambda$submitClientRequestAsync$7(RaftServerProxy.java:333) ~[ratis-server-0.4.0-2337318-SNAPSHOT.jar:0.4.0-2337318-SNAPSHOT]
	at org.apache.ratis.server.impl.RaftServerProxy.lambda$null$5(RaftServerProxy.java:328) ~[ratis-server-0.4.0-2337318-SNAPSHOT.jar:0.4.0-2337318-SNAPSHOT]
	at org.apache.ratis.util.JavaUtils.callAsUnchecked(JavaUtils.java:109) ~[ratis-common-0.4.0-2337318-SNAPSHOT.jar:0.4.0-2337318-SNAPSHOT]
	at org.apache.ratis.server.impl.RaftServerProxy.lambda$submitRequest$6(RaftServerProxy.java:328) ~[ratis-server-0.4.0-2337318-SNAPSHOT.jar:0.4.0-2337318-SNAPSHOT]
	at java.util.concurrent.CompletableFuture.uniComposeStage(CompletableFuture.java:981) ~[?:1.8.0_212]
	at java.util.concurrent.CompletableFuture.thenCompose(CompletableFuture.java:2124) ~[?:1.8.0_212]
	at org.apache.ratis.server.impl.RaftServerProxy.submitRequest(RaftServerProxy.java:327) ~[ratis-server-0.4.0-2337318-SNAPSHOT.jar:0.4.0-2337318-SNAPSHOT]
	at org.apache.ratis.server.impl.RaftServerProxy.submitClientRequestAsync(RaftServerProxy.java:333) ~[ratis-server-0.4.0-2337318-SNAPSHOT.jar:0.4.0-2337318-SNAPSHOT]
	at org.apache.ratis.grpc.client.GrpcClientProtocolService$RequestStreamObserver.processClientRequest(GrpcClientProtocolService.java:220) ~[ratis-grpc-0.4.0-2337318-SNAPSHOT.jar:0.4.0-2337318-SNAPSHOT]
	at org.apache.ratis.grpc.client.GrpcClientProtocolService$OrderedRequestStreamObserver.processClientRequest(GrpcClientProtocolService.java:326) ~[ratis-grpc-0.4.0-2337318-SNAPSHOT.jar:0.4.0-2337318-SNAPSHOT]
	at org.apache.ratis.util.SlidingWindow$Server.processRequestsFromHead(SlidingWindow.java:429) [ratis-common-0.4.0-2337318-SNAPSHOT.jar:0.4.0-2337318-SNAPSHOT]
	at org.apache.ratis.util.SlidingWindow$Server.receivedRequest(SlidingWindow.java:421) [ratis-common-0.4.0-2337318-SNAPSHOT.jar:0.4.0-2337318-SNAPSHOT]
	at org.apache.ratis.grpc.client.GrpcClientProtocolService$OrderedRequestStreamObserver.processClientRequest(GrpcClientProtocolService.java:345) [ratis-grpc-0.4.0-2337318-SNAPSHOT.jar:0.4.0-2337318-SNAPSHOT]
	at org.apache.ratis.grpc.client.GrpcClientProtocolService$RequestStreamObserver.onNext(GrpcClientProtocolService.java:240) [ratis-grpc-0.4.0-2337318-SNAPSHOT.jar:0.4.0-2337318-SNAPSHOT]
	at org.apache.ratis.grpc.client.GrpcClientProtocolService$RequestStreamObserver.onNext(GrpcClientProtocolService.java:168) [ratis-grpc-0.4.0-2337318-SNAPSHOT.jar:0.4.0-2337318-SNAPSHOT]
	at org.apache.ratis.thirdparty.io.grpc.stub.ServerCalls$StreamingServerCallHandler$StreamingServerCallListener.onMessage(ServerCalls.java:248) [ratis-thirdparty-misc-0.2.0.jar:0.2.0]
	at org.apache.ratis.thirdparty.io.grpc.internal.ServerCallImpl$ServerStreamListenerImpl.messagesAvailable(ServerCallImpl.java:263) [ratis-thirdparty-misc-0.2.0.jar:0.2.0]
	at org.apache.ratis.thirdparty.io.grpc.internal.ServerImpl$JumpToApplicationThreadServerStreamListener$1MessagesAvailable.runInContext(ServerImpl.java:686) [ratis-thirdparty-misc-0.2.0.jar:0.2.0]
	at org.apache.ratis.thirdparty.io.grpc.internal.ContextRunnable.run(ContextRunnable.java:37) [ratis-thirdparty-misc-0.2.0.jar:0.2.0]
	at org.apache.ratis.thirdparty.io.grpc.internal.SerializingExecutor.run(SerializingExecutor.java:123) [ratis-thirdparty-misc-0.2.0.jar:0.2.0]
	at java.util.concurrent.ThreadPoolExecutor.runWorker(ThreadPoolExecutor.java:1149) [?:1.8.0_212]
	at java.util.concurrent.ThreadPoolExecutor$Worker.run(ThreadPoolExecutor.java:624) [?:1.8.0_212]
	at java.lang.Thread.run(Thread.java:748) [?:1.8.0_212]
2019-07-16 14:32:57,352 INFO  client.GrpcClientProtocolClient (GrpcClientProtocolClient.java:onNext(255)) - client-460FDC36ADEC->620ac3e3-0d81-489c-8d7f-dcf211d1795a: receive RaftClientReply:client-460FDC36ADEC->620ac3e3-0d81-489c-8d7f-dcf211d1795a@group-ED0C1C614C48, cid=148, FAILED org.apache.ratis.protocol.StateMachineException: org.apache.hadoop.hdds.scm.container.common.helpers.ContainerNotOpenException from Server 620ac3e3-0d81-489c-8d7f-dcf211d1795a: Container 6 in CLOSED state, logIndex=0, commits[620ac3e3-0d81-489c-8d7f-dcf211d1795a:c90, 5049a06b-eba5-42a5-bf64-e1d68a7991ea:c89, 3994e812-3b47-4c21-bbff-59c8cf50b976:c89]
2019-07-16 14:32:57,359 INFO  client.GrpcClientProtocolClient (GrpcClientProtocolClient.java:onNext(255)) - client-460FDC36ADEC->620ac3e3-0d81-489c-8d7f-dcf211d1795a: receive RaftClientReply:client-460FDC36ADEC->620ac3e3-0d81-489c-8d7f-dcf211d1795a@group-ED0C1C614C48, cid=149, FAILED org.apache.ratis.protocol.StateMachineException: org.apache.hadoop.hdds.scm.container.common.helpers.ContainerNotOpenException from Server 620ac3e3-0d81-489c-8d7f-dcf211d1795a: Container 6 in CLOSED state, logIndex=0, commits[620ac3e3-0d81-489c-8d7f-dcf211d1795a:c90, 5049a06b-eba5-42a5-bf64-e1d68a7991ea:c89, 3994e812-3b47-4c21-bbff-59c8cf50b976:c89]
2019-07-16 14:32:57,454 INFO  client.GrpcClientProtocolClient (GrpcClientProtocolClient.java:onNext(255)) - client-3E3F35638747->36f2587b-910c-42a5-a774-eb59e4ea961e: receive RaftClientReply:client-3E3F35638747->36f2587b-910c-42a5-a774-eb59e4ea961e@group-B9213CB54CD5, cid=150, SUCCESS, logIndex=144, commits[36f2587b-910c-42a5-a774-eb59e4ea961e:c147, 3390190e-0202-4c2c-b249-cb982879fc90:c143, 7fa95842-6e55-4142-b267-1c1e9b428abe:c143]
2019-07-16 14:32:57,484 INFO  client.GrpcClientProtocolClient (GrpcClientProtocolClient.java:onNext(255)) - client-3E3F35638747->36f2587b-910c-42a5-a774-eb59e4ea961e: receive RaftClientReply:client-3E3F35638747->36f2587b-910c-42a5-a774-eb59e4ea961e@group-B9213CB54CD5, cid=151, SUCCESS, logIndex=145, commits[36f2587b-910c-42a5-a774-eb59e4ea961e:c151, 3390190e-0202-4c2c-b249-cb982879fc90:c147, 7fa95842-6e55-4142-b267-1c1e9b428abe:c147]
2019-07-16 14:32:57,485 INFO  client.GrpcClientProtocolClient (GrpcClientProtocolClient.java:onNext(255)) - client-3E3F35638747->36f2587b-910c-42a5-a774-eb59e4ea961e: receive RaftClientReply:client-3E3F35638747->36f2587b-910c-42a5-a774-eb59e4ea961e@group-B9213CB54CD5, cid=152, SUCCESS, logIndex=146, commits[36f2587b-910c-42a5-a774-eb59e4ea961e:c151, 3390190e-0202-4c2c-b249-cb982879fc90:c147, 7fa95842-6e55-4142-b267-1c1e9b428abe:c147]
2019-07-16 14:32:57,531 INFO  client.GrpcClientProtocolClient (GrpcClientProtocolClient.java:onNext(255)) - client-3E3F35638747->36f2587b-910c-42a5-a774-eb59e4ea961e: receive RaftClientReply:client-3E3F35638747->36f2587b-910c-42a5-a774-eb59e4ea961e@group-B9213CB54CD5, cid=153, SUCCESS, logIndex=147, commits[36f2587b-910c-42a5-a774-eb59e4ea961e:c151, 3390190e-0202-4c2c-b249-cb982879fc90:c147, 7fa95842-6e55-4142-b267-1c1e9b428abe:c147]
2019-07-16 14:32:57,549 INFO  client.GrpcClientProtocolClient (GrpcClientProtocolClient.java:onNext(255)) - client-3E3F35638747->36f2587b-910c-42a5-a774-eb59e4ea961e: receive RaftClientReply:client-3E3F35638747->36f2587b-910c-42a5-a774-eb59e4ea961e@group-B9213CB54CD5, cid=154, SUCCESS, logIndex=152, commits[36f2587b-910c-42a5-a774-eb59e4ea961e:c153, 3390190e-0202-4c2c-b249-cb982879fc90:c151, 7fa95842-6e55-4142-b267-1c1e9b428abe:c151]
2019-07-16 14:32:57,550 INFO  client.GrpcClientProtocolClient (GrpcClientProtocolClient.java:onNext(255)) - client-3E3F35638747->36f2587b-910c-42a5-a774-eb59e4ea961e: receive RaftClientReply:client-3E3F35638747->36f2587b-910c-42a5-a774-eb59e4ea961e@group-B9213CB54CD5, cid=155, SUCCESS, logIndex=153, commits[36f2587b-910c-42a5-a774-eb59e4ea961e:c154, 3390190e-0202-4c2c-b249-cb982879fc90:c151, 7fa95842-6e55-4142-b267-1c1e9b428abe:c151]
2019-07-16 14:32:57,551 INFO  client.GrpcClientProtocolClient (GrpcClientProtocolClient.java:onNext(255)) - client-3E3F35638747->36f2587b-910c-42a5-a774-eb59e4ea961e: receive RaftClientReply:client-3E3F35638747->36f2587b-910c-42a5-a774-eb59e4ea961e@group-B9213CB54CD5, cid=156, SUCCESS, logIndex=154, commits[36f2587b-910c-42a5-a774-eb59e4ea961e:c154, 3390190e-0202-4c2c-b249-cb982879fc90:c151, 7fa95842-6e55-4142-b267-1c1e9b428abe:c151]
2019-07-16 14:32:57,552 INFO  client.GrpcClientProtocolClient (GrpcClientProtocolClient.java:onNext(255)) - client-3E3F35638747->36f2587b-910c-42a5-a774-eb59e4ea961e: receive RaftClientReply:client-3E3F35638747->36f2587b-910c-42a5-a774-eb59e4ea961e@group-B9213CB54CD5, cid=157, SUCCESS, logIndex=155, commits[36f2587b-910c-42a5-a774-eb59e4ea961e:c155, 3390190e-0202-4c2c-b249-cb982879fc90:c151, 7fa95842-6e55-4142-b267-1c1e9b428abe:c151]
2019-07-16 14:32:57,553 INFO  client.GrpcClientProtocolClient (GrpcClientProtocolClient.java:onNext(255)) - client-3E3F35638747->36f2587b-910c-42a5-a774-eb59e4ea961e: receive RaftClientReply:client-3E3F35638747->36f2587b-910c-42a5-a774-eb59e4ea961e@group-B9213CB54CD5, cid=158, SUCCESS, logIndex=0, commits[36f2587b-910c-42a5-a774-eb59e4ea961e:c159, 3390190e-0202-4c2c-b249-cb982879fc90:c155, 7fa95842-6e55-4142-b267-1c1e9b428abe:c154]
2019-07-16 14:32:57,554 INFO  client.GrpcClientProtocolClient (GrpcClientProtocolClient.java:onNext(255)) - client-3E3F35638747->36f2587b-910c-42a5-a774-eb59e4ea961e: receive RaftClientReply:client-3E3F35638747->36f2587b-910c-42a5-a774-eb59e4ea961e@group-B9213CB54CD5, cid=159, SUCCESS, logIndex=0, commits[36f2587b-910c-42a5-a774-eb59e4ea961e:c159, 3390190e-0202-4c2c-b249-cb982879fc90:c155, 7fa95842-6e55-4142-b267-1c1e9b428abe:c155]
]]></system-out>
  </testcase>
  <testcase name="testDiscardPreallocatedBlocks" classname="org.apache.hadoop.ozone.client.rpc.TestCloseContainerHandlingByClient" time="0">
    <skipped/>
  </testcase>
</testsuite>