<?xml version="1.0" encoding="UTF-8"?>
<testsuite xmlns:xsi="http://www.w3.org/2001/XMLSchema-instance" xsi:noNamespaceSchemaLocation="https://maven.apache.org/surefire/maven-surefire-plugin/xsd/surefire-test-report.xsd" name="org.apache.hadoop.ozone.client.rpc.TestBlockOutputStreamWithFailures" time="671.917" tests="8" errors="0" skipped="0" failures="1">
  <properties>
    <property name="awt.toolkit" value="sun.awt.X11.XToolkit"/>
    <property name="file.encoding.pkg" value="sun.io"/>
    <property name="java.specification.version" value="1.8"/>
    <property name="sun.cpu.isalist" value=""/>
    <property name="sun.jnu.encoding" value="UTF-8"/>
    <property name="java.class.path" value="/workdir/hadoop-ozone/integration-test/target/test-classes:/workdir/hadoop-ozone/integration-test/target/classes:/home/user/.m2/repository/org/apache/hadoop/hadoop-ozone-common/0.5.0-SNAPSHOT/hadoop-ozone-common-0.5.0-SNAPSHOT.jar:/home/user/.m2/repository/org/apache/commons/commons-compress/1.4.1/commons-compress-1.4.1.jar:/home/user/.m2/repository/org/tukaani/xz/1.0/xz-1.0.jar:/home/user/.m2/repository/org/apache/hadoop/hadoop-common/3.2.0/hadoop-common-3.2.0.jar:/home/user/.m2/repository/org/apache/hadoop/hadoop-hdfs/3.2.0/hadoop-hdfs-3.2.0.jar:/home/user/.m2/repository/org/apache/hadoop/hadoop-hdfs-client/3.2.0/hadoop-hdfs-client-3.2.0.jar:/home/user/.m2/repository/com/fasterxml/jackson/core/jackson-annotations/2.9.5/jackson-annotations-2.9.5.jar:/home/user/.m2/repository/org/apache/hadoop/hadoop-hdds-common/0.5.0-SNAPSHOT/hadoop-hdds-common-0.5.0-SNAPSHOT.jar:/home/user/.m2/repository/javax/annotation/javax.annotation-api/1.2/javax.annotation-api-1.2.jar:/home/user/.m2/repository/org/apache/ratis/ratis-server/0.4.0-2337318-SNAPSHOT/ratis-server-0.4.0-2337318-SNAPSHOT.jar:/home/user/.m2/repository/org/apache/ratis/ratis-thirdparty-misc/0.2.0/ratis-thirdparty-misc-0.2.0.jar:/home/user/.m2/repository/org/apache/ratis/ratis-proto/0.4.0-2337318-SNAPSHOT/ratis-proto-0.4.0-2337318-SNAPSHOT.jar:/home/user/.m2/repository/org/apache/ratis/ratis-common/0.4.0-2337318-SNAPSHOT/ratis-common-0.4.0-2337318-SNAPSHOT.jar:/home/user/.m2/repository/org/apache/ratis/ratis-client/0.4.0-2337318-SNAPSHOT/ratis-client-0.4.0-2337318-SNAPSHOT.jar:/home/user/.m2/repository/org/apache/ratis/ratis-metrics/0.4.0-2337318-SNAPSHOT/ratis-metrics-0.4.0-2337318-SNAPSHOT.jar:/home/user/.m2/repository/org/apache/ratis/ratis-netty/0.4.0-2337318-SNAPSHOT/ratis-netty-0.4.0-2337318-SNAPSHOT.jar:/home/user/.m2/repository/org/apache/ratis/ratis-grpc/0.4.0-2337318-SNAPSHOT/ratis-grpc-0.4.0-2337318-SNAPSHOT.jar:/home/user/.m2/repository/org/rocksdb/rocksdbjni/6.0.1/rocksdbjni-6.0.1.jar:/home/user/.m2/repository/org/apache/logging/log4j/log4j-api/2.11.0/log4j-api-2.11.0.jar:/home/user/.m2/repository/org/apache/logging/log4j/log4j-core/2.11.0/log4j-core-2.11.0.jar:/home/user/.m2/repository/com/lmax/disruptor/3.4.2/disruptor-3.4.2.jar:/home/user/.m2/repository/org/apache/commons/commons-pool2/2.6.0/commons-pool2-2.6.0.jar:/home/user/.m2/repository/org/bouncycastle/bcpkix-jdk15on/1.60/bcpkix-jdk15on-1.60.jar:/home/user/.m2/repository/commons-validator/commons-validator/1.6/commons-validator-1.6.jar:/home/user/.m2/repository/commons-digester/commons-digester/1.8.1/commons-digester-1.8.1.jar:/home/user/.m2/repository/io/jaegertracing/jaeger-client/0.33.1/jaeger-client-0.33.1.jar:/home/user/.m2/repository/io/jaegertracing/jaeger-thrift/0.33.1/jaeger-thrift-0.33.1.jar:/home/user/.m2/repository/org/apache/thrift/libthrift/0.11.0/libthrift-0.11.0.jar:/home/user/.m2/repository/com/squareup/okhttp3/okhttp/3.9.0/okhttp-3.9.0.jar:/home/user/.m2/repository/com/squareup/okio/okio/1.13.0/okio-1.13.0.jar:/home/user/.m2/repository/io/jaegertracing/jaeger-core/0.33.1/jaeger-core-0.33.1.jar:/home/user/.m2/repository/io/jaegertracing/jaeger-tracerresolver/0.33.1/jaeger-tracerresolver-0.33.1.jar:/home/user/.m2/repository/io/opentracing/contrib/opentracing-tracerresolver/0.1.5/opentracing-tracerresolver-0.1.5.jar:/home/user/.m2/repository/io/opentracing/opentracing-util/0.31.0/opentracing-util-0.31.0.jar:/home/user/.m2/repository/io/opentracing/opentracing-api/0.31.0/opentracing-api-0.31.0.jar:/home/user/.m2/repository/io/opentracing/opentracing-noop/0.31.0/opentracing-noop-0.31.0.jar:/home/user/.m2/repository/org/apache/hadoop/hadoop-hdds-server-framework/0.5.0-SNAPSHOT/hadoop-hdds-server-framework-0.5.0-SNAPSHOT.jar:/home/user/.m2/repository/org/apache/hadoop/hadoop-hdds-container-service/0.5.0-SNAPSHOT/hadoop-hdds-container-service-0.5.0-SNAPSHOT.jar:/home/user/.m2/repository/org/apache/hadoop/hadoop-hdds-client/0.5.0-SNAPSHOT/hadoop-hdds-client-0.5.0-SNAPSHOT.jar:/home/user/.m2/repository/org/apache/hadoop/hadoop-hdds-tools/0.5.0-SNAPSHOT/hadoop-hdds-tools-0.5.0-SNAPSHOT.jar:/home/user/.m2/repository/org/apache/hadoop/hadoop-hdds-server-scm/0.5.0-SNAPSHOT/hadoop-hdds-server-scm-0.5.0-SNAPSHOT.jar:/home/user/.m2/repository/org/apache/hadoop/hadoop-hdds-docs/0.5.0-SNAPSHOT/hadoop-hdds-docs-0.5.0-SNAPSHOT.jar:/home/user/.m2/repository/io/dropwizard/metrics/metrics-core/3.2.4/metrics-core-3.2.4.jar:/home/user/.m2/repository/org/hamcrest/hamcrest-all/1.3/hamcrest-all-1.3.jar:/home/user/.m2/repository/org/bouncycastle/bcprov-jdk15on/1.60/bcprov-jdk15on-1.60.jar:/home/user/.m2/repository/info/picocli/picocli/3.9.6/picocli-3.9.6.jar:/home/user/.m2/repository/com/google/protobuf/protobuf-java/2.5.0/protobuf-java-2.5.0.jar:/home/user/.m2/repository/com/google/guava/guava/11.0.2/guava-11.0.2.jar:/home/user/.m2/repository/org/apache/hadoop/hadoop-ozone-ozone-manager/0.5.0-SNAPSHOT/hadoop-ozone-ozone-manager-0.5.0-SNAPSHOT.jar:/home/user/.m2/repository/org/apache/hadoop/hadoop-minikdc/3.2.0/hadoop-minikdc-3.2.0.jar:/home/user/.m2/repository/commons-io/commons-io/2.5/commons-io-2.5.jar:/home/user/.m2/repository/org/apache/kerby/kerb-simplekdc/1.0.1/kerb-simplekdc-1.0.1.jar:/home/user/.m2/repository/org/apache/kerby/kerb-client/1.0.1/kerb-client-1.0.1.jar:/home/user/.m2/repository/org/apache/kerby/kerby-config/1.0.1/kerby-config-1.0.1.jar:/home/user/.m2/repository/org/apache/kerby/kerb-core/1.0.1/kerb-core-1.0.1.jar:/home/user/.m2/repository/org/apache/kerby/kerby-pkix/1.0.1/kerby-pkix-1.0.1.jar:/home/user/.m2/repository/org/apache/kerby/kerby-asn1/1.0.1/kerby-asn1-1.0.1.jar:/home/user/.m2/repository/org/apache/kerby/kerby-util/1.0.1/kerby-util-1.0.1.jar:/home/user/.m2/repository/org/apache/kerby/kerb-common/1.0.1/kerb-common-1.0.1.jar:/home/user/.m2/repository/org/apache/kerby/kerb-crypto/1.0.1/kerb-crypto-1.0.1.jar:/home/user/.m2/repository/org/apache/kerby/kerb-util/1.0.1/kerb-util-1.0.1.jar:/home/user/.m2/repository/org/apache/kerby/token-provider/1.0.1/token-provider-1.0.1.jar:/home/user/.m2/repository/org/apache/kerby/kerb-admin/1.0.1/kerb-admin-1.0.1.jar:/home/user/.m2/repository/org/apache/kerby/kerb-server/1.0.1/kerb-server-1.0.1.jar:/home/user/.m2/repository/org/apache/kerby/kerb-identity/1.0.1/kerb-identity-1.0.1.jar:/home/user/.m2/repository/org/apache/kerby/kerby-xdr/1.0.1/kerby-xdr-1.0.1.jar:/home/user/.m2/repository/org/slf4j/slf4j-log4j12/1.7.25/slf4j-log4j12-1.7.25.jar:/home/user/.m2/repository/org/apache/hadoop/hadoop-ozone-objectstore-service/0.5.0-SNAPSHOT/hadoop-ozone-objectstore-service-0.5.0-SNAPSHOT.jar:/home/user/.m2/repository/org/apache/hadoop/hadoop-ozone-s3gateway/0.5.0-SNAPSHOT/hadoop-ozone-s3gateway-0.5.0-SNAPSHOT.jar:/home/user/.m2/repository/org/jboss/weld/servlet/weld-servlet/2.4.7.Final/weld-servlet-2.4.7.Final.jar:/home/user/.m2/repository/org/glassfish/jersey/containers/jersey-container-servlet-core/2.27/jersey-container-servlet-core-2.27.jar:/home/user/.m2/repository/org/glassfish/hk2/external/javax.inject/2.5.0-b42/javax.inject-2.5.0-b42.jar:/home/user/.m2/repository/org/glassfish/jersey/core/jersey-common/2.27/jersey-common-2.27.jar:/home/user/.m2/repository/org/glassfish/hk2/osgi-resource-locator/1.0.1/osgi-resource-locator-1.0.1.jar:/home/user/.m2/repository/javax/ws/rs/javax.ws.rs-api/2.1/javax.ws.rs-api-2.1.jar:/home/user/.m2/repository/org/glassfish/jersey/ext/cdi/jersey-cdi1x/2.27/jersey-cdi1x-2.27.jar:/home/user/.m2/repository/org/glassfish/jersey/inject/jersey-hk2/2.27/jersey-hk2-2.27.jar:/home/user/.m2/repository/org/glassfish/hk2/hk2-locator/2.5.0-b42/hk2-locator-2.5.0-b42.jar:/home/user/.m2/repository/org/javassist/javassist/3.22.0-CR2/javassist-3.22.0-CR2.jar:/home/user/.m2/repository/org/glassfish/hk2/hk2-api/2.5.0/hk2-api-2.5.0.jar:/home/user/.m2/repository/org/glassfish/hk2/external/jakarta.inject/2.5.0/jakarta.inject-2.5.0.jar:/home/user/.m2/repository/org/glassfish/hk2/hk2-utils/2.5.0/hk2-utils-2.5.0.jar:/home/user/.m2/repository/jakarta/annotation/jakarta.annotation-api/1.3.4/jakarta.annotation-api-1.3.4.jar:/home/user/.m2/repository/org/glassfish/hk2/external/aopalliance-repackaged/2.5.0/aopalliance-repackaged-2.5.0.jar:/home/user/.m2/repository/com/fasterxml/jackson/dataformat/jackson-dataformat-xml/2.9.0/jackson-dataformat-xml-2.9.0.jar:/home/user/.m2/repository/com/fasterxml/jackson/core/jackson-core/2.9.5/jackson-core-2.9.5.jar:/home/user/.m2/repository/com/fasterxml/jackson/module/jackson-module-jaxb-annotations/2.9.5/jackson-module-jaxb-annotations-2.9.5.jar:/home/user/.m2/repository/javax/enterprise/cdi-api/1.2/cdi-api-1.2.jar:/home/user/.m2/repository/javax/el/javax.el-api/3.0.0/javax.el-api-3.0.0.jar:/home/user/.m2/repository/javax/interceptor/javax.interceptor-api/1.2/javax.interceptor-api-1.2.jar:/home/user/.m2/repository/javax/inject/javax.inject/1/javax.inject-1.jar:/home/user/.m2/repository/com/sun/xml/bind/jaxb-impl/2.3.0.1/jaxb-impl-2.3.0.1.jar:/home/user/.m2/repository/com/sun/xml/bind/jaxb-core/2.3.0.1/jaxb-core-2.3.0.1.jar:/home/user/.m2/repository/javax/xml/bind/jaxb-api/2.3.0/jaxb-api-2.3.0.jar:/home/user/.m2/repository/javax/activation/activation/1.1.1/activation-1.1.1.jar:/home/user/.m2/repository/org/apache/hadoop/hadoop-ozone-csi/0.5.0-SNAPSHOT/hadoop-ozone-csi-0.5.0-SNAPSHOT.jar:/home/user/.m2/repository/com/google/protobuf/protobuf-java-util/3.5.1/protobuf-java-util-3.5.1.jar:/home/user/.m2/repository/org/apache/hadoop/hadoop-hdds-config/0.5.0-SNAPSHOT/hadoop-hdds-config-0.5.0-SNAPSHOT.jar:/home/user/.m2/repository/io/grpc/grpc-netty/1.17.1/grpc-netty-1.17.1.jar:/home/user/.m2/repository/io/grpc/grpc-core/1.17.1/grpc-core-1.17.1.jar:/home/user/.m2/repository/io/grpc/grpc-context/1.17.1/grpc-context-1.17.1.jar:/home/user/.m2/repository/com/google/errorprone/error_prone_annotations/2.2.0/error_prone_annotations-2.2.0.jar:/home/user/.m2/repository/org/codehaus/mojo/animal-sniffer-annotations/1.17/animal-sniffer-annotations-1.17.jar:/home/user/.m2/repository/io/opencensus/opencensus-api/0.17.0/opencensus-api-0.17.0.jar:/home/user/.m2/repository/io/opencensus/opencensus-contrib-grpc-metrics/0.17.0/opencensus-contrib-grpc-metrics-0.17.0.jar:/home/user/.m2/repository/io/netty/netty-codec-http2/4.1.30.Final/netty-codec-http2-4.1.30.Final.jar:/home/user/.m2/repository/io/netty/netty-codec-http/4.1.30.Final/netty-codec-http-4.1.30.Final.jar:/home/user/.m2/repository/io/netty/netty-codec/4.1.30.Final/netty-codec-4.1.30.Final.jar:/home/user/.m2/repository/io/netty/netty-handler/4.1.30.Final/netty-handler-4.1.30.Final.jar:/home/user/.m2/repository/io/netty/netty-handler-proxy/4.1.30.Final/netty-handler-proxy-4.1.30.Final.jar:/home/user/.m2/repository/io/netty/netty-codec-socks/4.1.30.Final/netty-codec-socks-4.1.30.Final.jar:/home/user/.m2/repository/io/netty/netty-transport-native-epoll/4.1.30.Final/netty-transport-native-epoll-4.1.30.Final.jar:/home/user/.m2/repository/io/netty/netty-common/4.1.30.Final/netty-common-4.1.30.Final.jar:/home/user/.m2/repository/io/netty/netty-buffer/4.1.30.Final/netty-buffer-4.1.30.Final.jar:/home/user/.m2/repository/io/netty/netty-transport/4.1.30.Final/netty-transport-4.1.30.Final.jar:/home/user/.m2/repository/io/netty/netty-resolver/4.1.30.Final/netty-resolver-4.1.30.Final.jar:/home/user/.m2/repository/io/netty/netty-transport-native-unix-common/4.1.30.Final/netty-transport-native-unix-common-4.1.30.Final.jar:/home/user/.m2/repository/io/grpc/grpc-protobuf/1.17.1/grpc-protobuf-1.17.1.jar:/home/user/.m2/repository/com/google/api/grpc/proto-google-common-protos/1.0.0/proto-google-common-protos-1.0.0.jar:/home/user/.m2/repository/io/grpc/grpc-protobuf-lite/1.17.1/grpc-protobuf-lite-1.17.1.jar:/home/user/.m2/repository/io/grpc/grpc-stub/1.17.1/grpc-stub-1.17.1.jar:/home/user/.m2/repository/org/apache/hadoop/hadoop-ozone-recon/0.5.0-SNAPSHOT/hadoop-ozone-recon-0.5.0-SNAPSHOT.jar:/home/user/.m2/repository/org/apache/hadoop/hadoop-ozone-reconcodegen/0.5.0-SNAPSHOT/hadoop-ozone-reconcodegen-0.5.0-SNAPSHOT.jar:/home/user/.m2/repository/com/google/inject/extensions/guice-multibindings/4.0/guice-multibindings-4.0.jar:/home/user/.m2/repository/com/google/inject/guice/4.0/guice-4.0.jar:/home/user/.m2/repository/aopalliance/aopalliance/1.0/aopalliance-1.0.jar:/home/user/.m2/repository/com/google/inject/extensions/guice-servlet/4.0/guice-servlet-4.0.jar:/home/user/.m2/repository/org/glassfish/jersey/containers/jersey-container-servlet/2.27/jersey-container-servlet-2.27.jar:/home/user/.m2/repository/org/glassfish/hk2/guice-bridge/2.5.0/guice-bridge-2.5.0.jar:/home/user/.m2/repository/org/glassfish/jersey/core/jersey-server/2.27/jersey-server-2.27.jar:/home/user/.m2/repository/org/glassfish/jersey/core/jersey-client/2.27/jersey-client-2.27.jar:/home/user/.m2/repository/org/glassfish/jersey/media/jersey-media-jaxb/2.27/jersey-media-jaxb-2.27.jar:/home/user/.m2/repository/javax/validation/validation-api/1.1.0.Final/validation-api-1.1.0.Final.jar:/home/user/.m2/repository/org/glassfish/jersey/media/jersey-media-json-jackson/2.27/jersey-media-json-jackson-2.27.jar:/home/user/.m2/repository/org/glassfish/jersey/ext/jersey-entity-filtering/2.27/jersey-entity-filtering-2.27.jar:/home/user/.m2/repository/com/google/inject/extensions/guice-assistedinject/4.0/guice-assistedinject-4.0.jar:/home/user/.m2/repository/org/jooq/jooq/3.11.10/jooq-3.11.10.jar:/home/user/.m2/repository/org/jooq/jooq-meta/3.11.10/jooq-meta-3.11.10.jar:/home/user/.m2/repository/org/jooq/jooq-codegen/3.11.10/jooq-codegen-3.11.10.jar:/home/user/.m2/repository/com/jolbox/bonecp/0.8.0.RELEASE/bonecp-0.8.0.RELEASE.jar:/home/user/.m2/repository/org/xerial/sqlite-jdbc/3.25.2/sqlite-jdbc-3.25.2.jar:/home/user/.m2/repository/org/springframework/spring-jdbc/5.1.3.RELEASE/spring-jdbc-5.1.3.RELEASE.jar:/home/user/.m2/repository/org/springframework/spring-beans/5.1.3.RELEASE/spring-beans-5.1.3.RELEASE.jar:/home/user/.m2/repository/org/springframework/spring-core/5.1.3.RELEASE/spring-core-5.1.3.RELEASE.jar:/home/user/.m2/repository/org/springframework/spring-jcl/5.1.3.RELEASE/spring-jcl-5.1.3.RELEASE.jar:/home/user/.m2/repository/org/springframework/spring-tx/5.1.3.RELEASE/spring-tx-5.1.3.RELEASE.jar:/home/user/.m2/repository/org/apache/hadoop/hadoop-ozone-client/0.5.0-SNAPSHOT/hadoop-ozone-client-0.5.0-SNAPSHOT.jar:/home/user/.m2/repository/commons-lang/commons-lang/2.6/commons-lang-2.6.jar:/home/user/.m2/repository/org/apache/hadoop/hadoop-ozone-ozone-manager/0.5.0-SNAPSHOT/hadoop-ozone-ozone-manager-0.5.0-SNAPSHOT-tests.jar:/home/user/.m2/repository/junit/junit/4.11/junit-4.11.jar:/home/user/.m2/repository/org/hamcrest/hamcrest-core/1.3/hamcrest-core-1.3.jar:/home/user/.m2/repository/org/openjdk/jmh/jmh-core/1.19/jmh-core-1.19.jar:/home/user/.m2/repository/net/sf/jopt-simple/jopt-simple/4.6/jopt-simple-4.6.jar:/home/user/.m2/repository/org/apache/commons/commons-math3/3.1.1/commons-math3-3.1.1.jar:/home/user/.m2/repository/org/openjdk/jmh/jmh-generator-annprocess/1.19/jmh-generator-annprocess-1.19.jar:/home/user/.m2/repository/org/mockito/mockito-all/1.8.5/mockito-all-1.8.5.jar:/home/user/.m2/repository/org/apache/hadoop/hadoop-kms/3.2.0/hadoop-kms-3.2.0.jar:/home/user/.m2/repository/org/apache/hadoop/hadoop-auth/3.2.0/hadoop-auth-3.2.0.jar:/home/user/.m2/repository/com/nimbusds/nimbus-jose-jwt/4.41.1/nimbus-jose-jwt-4.41.1.jar:/home/user/.m2/repository/com/github/stephenc/jcip/jcip-annotations/1.0-1/jcip-annotations-1.0-1.jar:/home/user/.m2/repository/net/minidev/json-smart/2.3/json-smart-2.3.jar:/home/user/.m2/repository/net/minidev/accessors-smart/1.2/accessors-smart-1.2.jar:/home/user/.m2/repository/org/ow2/asm/asm/5.0.4/asm-5.0.4.jar:/home/user/.m2/repository/org/apache/curator/curator-framework/2.12.0/curator-framework-2.12.0.jar:/home/user/.m2/repository/com/sun/jersey/jersey-core/1.19/jersey-core-1.19.jar:/home/user/.m2/repository/javax/ws/rs/jsr311-api/1.1.1/jsr311-api-1.1.1.jar:/home/user/.m2/repository/com/sun/jersey/jersey-server/1.19/jersey-server-1.19.jar:/home/user/.m2/repository/javax/servlet/javax.servlet-api/3.1.0/javax.servlet-api-3.1.0.jar:/home/user/.m2/repository/org/eclipse/jetty/jetty-server/9.3.24.v20180605/jetty-server-9.3.24.v20180605.jar:/home/user/.m2/repository/org/eclipse/jetty/jetty-http/9.3.24.v20180605/jetty-http-9.3.24.v20180605.jar:/home/user/.m2/repository/org/eclipse/jetty/jetty-io/9.3.24.v20180605/jetty-io-9.3.24.v20180605.jar:/home/user/.m2/repository/org/eclipse/jetty/jetty-webapp/9.3.24.v20180605/jetty-webapp-9.3.24.v20180605.jar:/home/user/.m2/repository/org/eclipse/jetty/jetty-xml/9.3.24.v20180605/jetty-xml-9.3.24.v20180605.jar:/home/user/.m2/repository/log4j/log4j/1.2.17/log4j-1.2.17.jar:/home/user/.m2/repository/org/slf4j/slf4j-api/1.7.25/slf4j-api-1.7.25.jar:/home/user/.m2/repository/org/slf4j/jul-to-slf4j/1.7.25/jul-to-slf4j-1.7.25.jar:/home/user/.m2/repository/org/eclipse/jetty/jetty-util/9.3.24.v20180605/jetty-util-9.3.24.v20180605.jar:/home/user/.m2/repository/com/fasterxml/jackson/core/jackson-databind/2.9.5/jackson-databind-2.9.5.jar:/home/user/.m2/repository/org/apache/hadoop/hadoop-kms/3.2.0/hadoop-kms-3.2.0-tests.jar:/home/user/.m2/repository/org/apache/hadoop/hadoop-hdds-server-scm/0.5.0-SNAPSHOT/hadoop-hdds-server-scm-0.5.0-SNAPSHOT-tests.jar:/home/user/.m2/repository/org/apache/hadoop/hadoop-hdds-container-service/0.5.0-SNAPSHOT/hadoop-hdds-container-service-0.5.0-SNAPSHOT-tests.jar:/home/user/.m2/repository/org/yaml/snakeyaml/1.16/snakeyaml-1.16.jar:/home/user/.m2/repository/org/apache/hadoop/hadoop-common/3.2.0/hadoop-common-3.2.0-tests.jar:/home/user/.m2/repository/org/apache/hadoop/hadoop-annotations/3.2.0/hadoop-annotations-3.2.0.jar:/usr/lib/jvm/java-1.8-openjdk/jre/../lib/tools.jar:/home/user/.m2/repository/commons-cli/commons-cli/1.2/commons-cli-1.2.jar:/home/user/.m2/repository/org/apache/httpcomponents/httpclient/4.5.2/httpclient-4.5.2.jar:/home/user/.m2/repository/org/apache/httpcomponents/httpcore/4.4.4/httpcore-4.4.4.jar:/home/user/.m2/repository/commons-codec/commons-codec/1.11/commons-codec-1.11.jar:/home/user/.m2/repository/commons-net/commons-net/3.6/commons-net-3.6.jar:/home/user/.m2/repository/commons-collections/commons-collections/3.2.2/commons-collections-3.2.2.jar:/home/user/.m2/repository/org/eclipse/jetty/jetty-servlet/9.3.24.v20180605/jetty-servlet-9.3.24.v20180605.jar:/home/user/.m2/repository/org/eclipse/jetty/jetty-security/9.3.24.v20180605/jetty-security-9.3.24.v20180605.jar:/home/user/.m2/repository/javax/servlet/jsp/jsp-api/2.1/jsp-api-2.1.jar:/home/user/.m2/repository/com/sun/jersey/jersey-servlet/1.19/jersey-servlet-1.19.jar:/home/user/.m2/repository/com/sun/jersey/jersey-json/1.19/jersey-json-1.19.jar:/home/user/.m2/repository/org/codehaus/jettison/jettison/1.1/jettison-1.1.jar:/home/user/.m2/repository/org/codehaus/jackson/jackson-core-asl/1.9.13/jackson-core-asl-1.9.13.jar:/home/user/.m2/repository/org/codehaus/jackson/jackson-mapper-asl/1.9.13/jackson-mapper-asl-1.9.13.jar:/home/user/.m2/repository/org/codehaus/jackson/jackson-jaxrs/1.9.13/jackson-jaxrs-1.9.13.jar:/home/user/.m2/repository/org/codehaus/jackson/jackson-xc/1.9.13/jackson-xc-1.9.13.jar:/home/user/.m2/repository/commons-logging/commons-logging/1.1.3/commons-logging-1.1.3.jar:/home/user/.m2/repository/commons-beanutils/commons-beanutils/1.9.3/commons-beanutils-1.9.3.jar:/home/user/.m2/repository/org/apache/commons/commons-configuration2/2.1.1/commons-configuration2-2.1.1.jar:/home/user/.m2/repository/org/apache/commons/commons-lang3/3.7/commons-lang3-3.7.jar:/home/user/.m2/repository/org/apache/commons/commons-text/1.4/commons-text-1.4.jar:/home/user/.m2/repository/org/apache/avro/avro/1.7.7/avro-1.7.7.jar:/home/user/.m2/repository/com/thoughtworks/paranamer/paranamer/2.3/paranamer-2.3.jar:/home/user/.m2/repository/org/xerial/snappy/snappy-java/1.0.5/snappy-java-1.0.5.jar:/home/user/.m2/repository/com/google/re2j/re2j/1.1/re2j-1.1.jar:/home/user/.m2/repository/com/google/code/gson/gson/2.2.4/gson-2.2.4.jar:/home/user/.m2/repository/com/jcraft/jsch/0.1.54/jsch-0.1.54.jar:/home/user/.m2/repository/org/apache/curator/curator-client/2.12.0/curator-client-2.12.0.jar:/home/user/.m2/repository/org/apache/curator/curator-recipes/2.12.0/curator-recipes-2.12.0.jar:/home/user/.m2/repository/com/google/code/findbugs/jsr305/3.0.0/jsr305-3.0.0.jar:/home/user/.m2/repository/org/apache/htrace/htrace-core4/4.1.0-incubating/htrace-core4-4.1.0-incubating.jar:/home/user/.m2/repository/org/apache/zookeeper/zookeeper/3.4.13/zookeeper-3.4.13.jar:/home/user/.m2/repository/org/apache/yetus/audience-annotations/0.5.0/audience-annotations-0.5.0.jar:/home/user/.m2/repository/org/codehaus/woodstox/stax2-api/3.1.4/stax2-api-3.1.4.jar:/home/user/.m2/repository/com/fasterxml/woodstox/woodstox-core/5.0.3/woodstox-core-5.0.3.jar:/home/user/.m2/repository/dnsjava/dnsjava/2.1.7/dnsjava-2.1.7.jar:/home/user/.m2/repository/org/apache/hadoop/hadoop-hdfs/3.2.0/hadoop-hdfs-3.2.0-tests.jar:/home/user/.m2/repository/org/eclipse/jetty/jetty-util-ajax/9.3.24.v20180605/jetty-util-ajax-9.3.24.v20180605.jar:/home/user/.m2/repository/commons-daemon/commons-daemon/1.0.13/commons-daemon-1.0.13.jar:/home/user/.m2/repository/io/netty/netty/3.10.5.Final/netty-3.10.5.Final.jar:/home/user/.m2/repository/io/netty/netty-all/4.0.52.Final/netty-all-4.0.52.Final.jar:/home/user/.m2/repository/org/fusesource/leveldbjni/leveldbjni-all/1.8/leveldbjni-all-1.8.jar:"/>
    <property name="java.vm.vendor" value="IcedTea"/>
    <property name="sun.arch.data.model" value="64"/>
    <property name="test.build.dir" value="/workdir/hadoop-ozone/integration-test/target/test-dir"/>
    <property name="test.cache.data" value=""/>
    <property name="java.vendor.url" value="https://icedtea.classpath.org"/>
    <property name="user.timezone" value=""/>
    <property name="java.vm.specification.version" value="1.8"/>
    <property name="os.name" value="Linux"/>
    <property name="test.build.data" value="/workdir/hadoop-ozone/integration-test/target/test-dir"/>
    <property name="user.country" value="US"/>
    <property name="sun.java.launcher" value="SUN_STANDARD"/>
    <property name="sun.boot.library.path" value="/usr/lib/jvm/java-1.8-openjdk/jre/lib/amd64"/>
    <property name="sun.java.command" value="/workdir/hadoop-ozone/integration-test/target/surefire/surefirebooter5900510066891378649.jar /workdir/hadoop-ozone/integration-test/target/surefire 2019-08-20T21-09-14_843-jvmRun1 surefire3007624398599073736tmp surefire_202294236475548701984tmp"/>
    <property name="test" value="!TestMiniChaosOzoneCluster"/>
    <property name="surefire.test.class.path" value="/workdir/hadoop-ozone/integration-test/target/test-classes:/workdir/hadoop-ozone/integration-test/target/classes:/home/user/.m2/repository/org/apache/hadoop/hadoop-ozone-common/0.5.0-SNAPSHOT/hadoop-ozone-common-0.5.0-SNAPSHOT.jar:/home/user/.m2/repository/org/apache/commons/commons-compress/1.4.1/commons-compress-1.4.1.jar:/home/user/.m2/repository/org/tukaani/xz/1.0/xz-1.0.jar:/home/user/.m2/repository/org/apache/hadoop/hadoop-common/3.2.0/hadoop-common-3.2.0.jar:/home/user/.m2/repository/org/apache/hadoop/hadoop-hdfs/3.2.0/hadoop-hdfs-3.2.0.jar:/home/user/.m2/repository/org/apache/hadoop/hadoop-hdfs-client/3.2.0/hadoop-hdfs-client-3.2.0.jar:/home/user/.m2/repository/com/fasterxml/jackson/core/jackson-annotations/2.9.5/jackson-annotations-2.9.5.jar:/home/user/.m2/repository/org/apache/hadoop/hadoop-hdds-common/0.5.0-SNAPSHOT/hadoop-hdds-common-0.5.0-SNAPSHOT.jar:/home/user/.m2/repository/javax/annotation/javax.annotation-api/1.2/javax.annotation-api-1.2.jar:/home/user/.m2/repository/org/apache/ratis/ratis-server/0.4.0-2337318-SNAPSHOT/ratis-server-0.4.0-2337318-SNAPSHOT.jar:/home/user/.m2/repository/org/apache/ratis/ratis-thirdparty-misc/0.2.0/ratis-thirdparty-misc-0.2.0.jar:/home/user/.m2/repository/org/apache/ratis/ratis-proto/0.4.0-2337318-SNAPSHOT/ratis-proto-0.4.0-2337318-SNAPSHOT.jar:/home/user/.m2/repository/org/apache/ratis/ratis-common/0.4.0-2337318-SNAPSHOT/ratis-common-0.4.0-2337318-SNAPSHOT.jar:/home/user/.m2/repository/org/apache/ratis/ratis-client/0.4.0-2337318-SNAPSHOT/ratis-client-0.4.0-2337318-SNAPSHOT.jar:/home/user/.m2/repository/org/apache/ratis/ratis-metrics/0.4.0-2337318-SNAPSHOT/ratis-metrics-0.4.0-2337318-SNAPSHOT.jar:/home/user/.m2/repository/org/apache/ratis/ratis-netty/0.4.0-2337318-SNAPSHOT/ratis-netty-0.4.0-2337318-SNAPSHOT.jar:/home/user/.m2/repository/org/apache/ratis/ratis-grpc/0.4.0-2337318-SNAPSHOT/ratis-grpc-0.4.0-2337318-SNAPSHOT.jar:/home/user/.m2/repository/org/rocksdb/rocksdbjni/6.0.1/rocksdbjni-6.0.1.jar:/home/user/.m2/repository/org/apache/logging/log4j/log4j-api/2.11.0/log4j-api-2.11.0.jar:/home/user/.m2/repository/org/apache/logging/log4j/log4j-core/2.11.0/log4j-core-2.11.0.jar:/home/user/.m2/repository/com/lmax/disruptor/3.4.2/disruptor-3.4.2.jar:/home/user/.m2/repository/org/apache/commons/commons-pool2/2.6.0/commons-pool2-2.6.0.jar:/home/user/.m2/repository/org/bouncycastle/bcpkix-jdk15on/1.60/bcpkix-jdk15on-1.60.jar:/home/user/.m2/repository/commons-validator/commons-validator/1.6/commons-validator-1.6.jar:/home/user/.m2/repository/commons-digester/commons-digester/1.8.1/commons-digester-1.8.1.jar:/home/user/.m2/repository/io/jaegertracing/jaeger-client/0.33.1/jaeger-client-0.33.1.jar:/home/user/.m2/repository/io/jaegertracing/jaeger-thrift/0.33.1/jaeger-thrift-0.33.1.jar:/home/user/.m2/repository/org/apache/thrift/libthrift/0.11.0/libthrift-0.11.0.jar:/home/user/.m2/repository/com/squareup/okhttp3/okhttp/3.9.0/okhttp-3.9.0.jar:/home/user/.m2/repository/com/squareup/okio/okio/1.13.0/okio-1.13.0.jar:/home/user/.m2/repository/io/jaegertracing/jaeger-core/0.33.1/jaeger-core-0.33.1.jar:/home/user/.m2/repository/io/jaegertracing/jaeger-tracerresolver/0.33.1/jaeger-tracerresolver-0.33.1.jar:/home/user/.m2/repository/io/opentracing/contrib/opentracing-tracerresolver/0.1.5/opentracing-tracerresolver-0.1.5.jar:/home/user/.m2/repository/io/opentracing/opentracing-util/0.31.0/opentracing-util-0.31.0.jar:/home/user/.m2/repository/io/opentracing/opentracing-api/0.31.0/opentracing-api-0.31.0.jar:/home/user/.m2/repository/io/opentracing/opentracing-noop/0.31.0/opentracing-noop-0.31.0.jar:/home/user/.m2/repository/org/apache/hadoop/hadoop-hdds-server-framework/0.5.0-SNAPSHOT/hadoop-hdds-server-framework-0.5.0-SNAPSHOT.jar:/home/user/.m2/repository/org/apache/hadoop/hadoop-hdds-container-service/0.5.0-SNAPSHOT/hadoop-hdds-container-service-0.5.0-SNAPSHOT.jar:/home/user/.m2/repository/org/apache/hadoop/hadoop-hdds-client/0.5.0-SNAPSHOT/hadoop-hdds-client-0.5.0-SNAPSHOT.jar:/home/user/.m2/repository/org/apache/hadoop/hadoop-hdds-tools/0.5.0-SNAPSHOT/hadoop-hdds-tools-0.5.0-SNAPSHOT.jar:/home/user/.m2/repository/org/apache/hadoop/hadoop-hdds-server-scm/0.5.0-SNAPSHOT/hadoop-hdds-server-scm-0.5.0-SNAPSHOT.jar:/home/user/.m2/repository/org/apache/hadoop/hadoop-hdds-docs/0.5.0-SNAPSHOT/hadoop-hdds-docs-0.5.0-SNAPSHOT.jar:/home/user/.m2/repository/io/dropwizard/metrics/metrics-core/3.2.4/metrics-core-3.2.4.jar:/home/user/.m2/repository/org/hamcrest/hamcrest-all/1.3/hamcrest-all-1.3.jar:/home/user/.m2/repository/org/bouncycastle/bcprov-jdk15on/1.60/bcprov-jdk15on-1.60.jar:/home/user/.m2/repository/info/picocli/picocli/3.9.6/picocli-3.9.6.jar:/home/user/.m2/repository/com/google/protobuf/protobuf-java/2.5.0/protobuf-java-2.5.0.jar:/home/user/.m2/repository/com/google/guava/guava/11.0.2/guava-11.0.2.jar:/home/user/.m2/repository/org/apache/hadoop/hadoop-ozone-ozone-manager/0.5.0-SNAPSHOT/hadoop-ozone-ozone-manager-0.5.0-SNAPSHOT.jar:/home/user/.m2/repository/org/apache/hadoop/hadoop-minikdc/3.2.0/hadoop-minikdc-3.2.0.jar:/home/user/.m2/repository/commons-io/commons-io/2.5/commons-io-2.5.jar:/home/user/.m2/repository/org/apache/kerby/kerb-simplekdc/1.0.1/kerb-simplekdc-1.0.1.jar:/home/user/.m2/repository/org/apache/kerby/kerb-client/1.0.1/kerb-client-1.0.1.jar:/home/user/.m2/repository/org/apache/kerby/kerby-config/1.0.1/kerby-config-1.0.1.jar:/home/user/.m2/repository/org/apache/kerby/kerb-core/1.0.1/kerb-core-1.0.1.jar:/home/user/.m2/repository/org/apache/kerby/kerby-pkix/1.0.1/kerby-pkix-1.0.1.jar:/home/user/.m2/repository/org/apache/kerby/kerby-asn1/1.0.1/kerby-asn1-1.0.1.jar:/home/user/.m2/repository/org/apache/kerby/kerby-util/1.0.1/kerby-util-1.0.1.jar:/home/user/.m2/repository/org/apache/kerby/kerb-common/1.0.1/kerb-common-1.0.1.jar:/home/user/.m2/repository/org/apache/kerby/kerb-crypto/1.0.1/kerb-crypto-1.0.1.jar:/home/user/.m2/repository/org/apache/kerby/kerb-util/1.0.1/kerb-util-1.0.1.jar:/home/user/.m2/repository/org/apache/kerby/token-provider/1.0.1/token-provider-1.0.1.jar:/home/user/.m2/repository/org/apache/kerby/kerb-admin/1.0.1/kerb-admin-1.0.1.jar:/home/user/.m2/repository/org/apache/kerby/kerb-server/1.0.1/kerb-server-1.0.1.jar:/home/user/.m2/repository/org/apache/kerby/kerb-identity/1.0.1/kerb-identity-1.0.1.jar:/home/user/.m2/repository/org/apache/kerby/kerby-xdr/1.0.1/kerby-xdr-1.0.1.jar:/home/user/.m2/repository/org/slf4j/slf4j-log4j12/1.7.25/slf4j-log4j12-1.7.25.jar:/home/user/.m2/repository/org/apache/hadoop/hadoop-ozone-objectstore-service/0.5.0-SNAPSHOT/hadoop-ozone-objectstore-service-0.5.0-SNAPSHOT.jar:/home/user/.m2/repository/org/apache/hadoop/hadoop-ozone-s3gateway/0.5.0-SNAPSHOT/hadoop-ozone-s3gateway-0.5.0-SNAPSHOT.jar:/home/user/.m2/repository/org/jboss/weld/servlet/weld-servlet/2.4.7.Final/weld-servlet-2.4.7.Final.jar:/home/user/.m2/repository/org/glassfish/jersey/containers/jersey-container-servlet-core/2.27/jersey-container-servlet-core-2.27.jar:/home/user/.m2/repository/org/glassfish/hk2/external/javax.inject/2.5.0-b42/javax.inject-2.5.0-b42.jar:/home/user/.m2/repository/org/glassfish/jersey/core/jersey-common/2.27/jersey-common-2.27.jar:/home/user/.m2/repository/org/glassfish/hk2/osgi-resource-locator/1.0.1/osgi-resource-locator-1.0.1.jar:/home/user/.m2/repository/javax/ws/rs/javax.ws.rs-api/2.1/javax.ws.rs-api-2.1.jar:/home/user/.m2/repository/org/glassfish/jersey/ext/cdi/jersey-cdi1x/2.27/jersey-cdi1x-2.27.jar:/home/user/.m2/repository/org/glassfish/jersey/inject/jersey-hk2/2.27/jersey-hk2-2.27.jar:/home/user/.m2/repository/org/glassfish/hk2/hk2-locator/2.5.0-b42/hk2-locator-2.5.0-b42.jar:/home/user/.m2/repository/org/javassist/javassist/3.22.0-CR2/javassist-3.22.0-CR2.jar:/home/user/.m2/repository/org/glassfish/hk2/hk2-api/2.5.0/hk2-api-2.5.0.jar:/home/user/.m2/repository/org/glassfish/hk2/external/jakarta.inject/2.5.0/jakarta.inject-2.5.0.jar:/home/user/.m2/repository/org/glassfish/hk2/hk2-utils/2.5.0/hk2-utils-2.5.0.jar:/home/user/.m2/repository/jakarta/annotation/jakarta.annotation-api/1.3.4/jakarta.annotation-api-1.3.4.jar:/home/user/.m2/repository/org/glassfish/hk2/external/aopalliance-repackaged/2.5.0/aopalliance-repackaged-2.5.0.jar:/home/user/.m2/repository/com/fasterxml/jackson/dataformat/jackson-dataformat-xml/2.9.0/jackson-dataformat-xml-2.9.0.jar:/home/user/.m2/repository/com/fasterxml/jackson/core/jackson-core/2.9.5/jackson-core-2.9.5.jar:/home/user/.m2/repository/com/fasterxml/jackson/module/jackson-module-jaxb-annotations/2.9.5/jackson-module-jaxb-annotations-2.9.5.jar:/home/user/.m2/repository/javax/enterprise/cdi-api/1.2/cdi-api-1.2.jar:/home/user/.m2/repository/javax/el/javax.el-api/3.0.0/javax.el-api-3.0.0.jar:/home/user/.m2/repository/javax/interceptor/javax.interceptor-api/1.2/javax.interceptor-api-1.2.jar:/home/user/.m2/repository/javax/inject/javax.inject/1/javax.inject-1.jar:/home/user/.m2/repository/com/sun/xml/bind/jaxb-impl/2.3.0.1/jaxb-impl-2.3.0.1.jar:/home/user/.m2/repository/com/sun/xml/bind/jaxb-core/2.3.0.1/jaxb-core-2.3.0.1.jar:/home/user/.m2/repository/javax/xml/bind/jaxb-api/2.3.0/jaxb-api-2.3.0.jar:/home/user/.m2/repository/javax/activation/activation/1.1.1/activation-1.1.1.jar:/home/user/.m2/repository/org/apache/hadoop/hadoop-ozone-csi/0.5.0-SNAPSHOT/hadoop-ozone-csi-0.5.0-SNAPSHOT.jar:/home/user/.m2/repository/com/google/protobuf/protobuf-java-util/3.5.1/protobuf-java-util-3.5.1.jar:/home/user/.m2/repository/org/apache/hadoop/hadoop-hdds-config/0.5.0-SNAPSHOT/hadoop-hdds-config-0.5.0-SNAPSHOT.jar:/home/user/.m2/repository/io/grpc/grpc-netty/1.17.1/grpc-netty-1.17.1.jar:/home/user/.m2/repository/io/grpc/grpc-core/1.17.1/grpc-core-1.17.1.jar:/home/user/.m2/repository/io/grpc/grpc-context/1.17.1/grpc-context-1.17.1.jar:/home/user/.m2/repository/com/google/errorprone/error_prone_annotations/2.2.0/error_prone_annotations-2.2.0.jar:/home/user/.m2/repository/org/codehaus/mojo/animal-sniffer-annotations/1.17/animal-sniffer-annotations-1.17.jar:/home/user/.m2/repository/io/opencensus/opencensus-api/0.17.0/opencensus-api-0.17.0.jar:/home/user/.m2/repository/io/opencensus/opencensus-contrib-grpc-metrics/0.17.0/opencensus-contrib-grpc-metrics-0.17.0.jar:/home/user/.m2/repository/io/netty/netty-codec-http2/4.1.30.Final/netty-codec-http2-4.1.30.Final.jar:/home/user/.m2/repository/io/netty/netty-codec-http/4.1.30.Final/netty-codec-http-4.1.30.Final.jar:/home/user/.m2/repository/io/netty/netty-codec/4.1.30.Final/netty-codec-4.1.30.Final.jar:/home/user/.m2/repository/io/netty/netty-handler/4.1.30.Final/netty-handler-4.1.30.Final.jar:/home/user/.m2/repository/io/netty/netty-handler-proxy/4.1.30.Final/netty-handler-proxy-4.1.30.Final.jar:/home/user/.m2/repository/io/netty/netty-codec-socks/4.1.30.Final/netty-codec-socks-4.1.30.Final.jar:/home/user/.m2/repository/io/netty/netty-transport-native-epoll/4.1.30.Final/netty-transport-native-epoll-4.1.30.Final.jar:/home/user/.m2/repository/io/netty/netty-common/4.1.30.Final/netty-common-4.1.30.Final.jar:/home/user/.m2/repository/io/netty/netty-buffer/4.1.30.Final/netty-buffer-4.1.30.Final.jar:/home/user/.m2/repository/io/netty/netty-transport/4.1.30.Final/netty-transport-4.1.30.Final.jar:/home/user/.m2/repository/io/netty/netty-resolver/4.1.30.Final/netty-resolver-4.1.30.Final.jar:/home/user/.m2/repository/io/netty/netty-transport-native-unix-common/4.1.30.Final/netty-transport-native-unix-common-4.1.30.Final.jar:/home/user/.m2/repository/io/grpc/grpc-protobuf/1.17.1/grpc-protobuf-1.17.1.jar:/home/user/.m2/repository/com/google/api/grpc/proto-google-common-protos/1.0.0/proto-google-common-protos-1.0.0.jar:/home/user/.m2/repository/io/grpc/grpc-protobuf-lite/1.17.1/grpc-protobuf-lite-1.17.1.jar:/home/user/.m2/repository/io/grpc/grpc-stub/1.17.1/grpc-stub-1.17.1.jar:/home/user/.m2/repository/org/apache/hadoop/hadoop-ozone-recon/0.5.0-SNAPSHOT/hadoop-ozone-recon-0.5.0-SNAPSHOT.jar:/home/user/.m2/repository/org/apache/hadoop/hadoop-ozone-reconcodegen/0.5.0-SNAPSHOT/hadoop-ozone-reconcodegen-0.5.0-SNAPSHOT.jar:/home/user/.m2/repository/com/google/inject/extensions/guice-multibindings/4.0/guice-multibindings-4.0.jar:/home/user/.m2/repository/com/google/inject/guice/4.0/guice-4.0.jar:/home/user/.m2/repository/aopalliance/aopalliance/1.0/aopalliance-1.0.jar:/home/user/.m2/repository/com/google/inject/extensions/guice-servlet/4.0/guice-servlet-4.0.jar:/home/user/.m2/repository/org/glassfish/jersey/containers/jersey-container-servlet/2.27/jersey-container-servlet-2.27.jar:/home/user/.m2/repository/org/glassfish/hk2/guice-bridge/2.5.0/guice-bridge-2.5.0.jar:/home/user/.m2/repository/org/glassfish/jersey/core/jersey-server/2.27/jersey-server-2.27.jar:/home/user/.m2/repository/org/glassfish/jersey/core/jersey-client/2.27/jersey-client-2.27.jar:/home/user/.m2/repository/org/glassfish/jersey/media/jersey-media-jaxb/2.27/jersey-media-jaxb-2.27.jar:/home/user/.m2/repository/javax/validation/validation-api/1.1.0.Final/validation-api-1.1.0.Final.jar:/home/user/.m2/repository/org/glassfish/jersey/media/jersey-media-json-jackson/2.27/jersey-media-json-jackson-2.27.jar:/home/user/.m2/repository/org/glassfish/jersey/ext/jersey-entity-filtering/2.27/jersey-entity-filtering-2.27.jar:/home/user/.m2/repository/com/google/inject/extensions/guice-assistedinject/4.0/guice-assistedinject-4.0.jar:/home/user/.m2/repository/org/jooq/jooq/3.11.10/jooq-3.11.10.jar:/home/user/.m2/repository/org/jooq/jooq-meta/3.11.10/jooq-meta-3.11.10.jar:/home/user/.m2/repository/org/jooq/jooq-codegen/3.11.10/jooq-codegen-3.11.10.jar:/home/user/.m2/repository/com/jolbox/bonecp/0.8.0.RELEASE/bonecp-0.8.0.RELEASE.jar:/home/user/.m2/repository/org/xerial/sqlite-jdbc/3.25.2/sqlite-jdbc-3.25.2.jar:/home/user/.m2/repository/org/springframework/spring-jdbc/5.1.3.RELEASE/spring-jdbc-5.1.3.RELEASE.jar:/home/user/.m2/repository/org/springframework/spring-beans/5.1.3.RELEASE/spring-beans-5.1.3.RELEASE.jar:/home/user/.m2/repository/org/springframework/spring-core/5.1.3.RELEASE/spring-core-5.1.3.RELEASE.jar:/home/user/.m2/repository/org/springframework/spring-jcl/5.1.3.RELEASE/spring-jcl-5.1.3.RELEASE.jar:/home/user/.m2/repository/org/springframework/spring-tx/5.1.3.RELEASE/spring-tx-5.1.3.RELEASE.jar:/home/user/.m2/repository/org/apache/hadoop/hadoop-ozone-client/0.5.0-SNAPSHOT/hadoop-ozone-client-0.5.0-SNAPSHOT.jar:/home/user/.m2/repository/commons-lang/commons-lang/2.6/commons-lang-2.6.jar:/home/user/.m2/repository/org/apache/hadoop/hadoop-ozone-ozone-manager/0.5.0-SNAPSHOT/hadoop-ozone-ozone-manager-0.5.0-SNAPSHOT-tests.jar:/home/user/.m2/repository/junit/junit/4.11/junit-4.11.jar:/home/user/.m2/repository/org/hamcrest/hamcrest-core/1.3/hamcrest-core-1.3.jar:/home/user/.m2/repository/org/openjdk/jmh/jmh-core/1.19/jmh-core-1.19.jar:/home/user/.m2/repository/net/sf/jopt-simple/jopt-simple/4.6/jopt-simple-4.6.jar:/home/user/.m2/repository/org/apache/commons/commons-math3/3.1.1/commons-math3-3.1.1.jar:/home/user/.m2/repository/org/openjdk/jmh/jmh-generator-annprocess/1.19/jmh-generator-annprocess-1.19.jar:/home/user/.m2/repository/org/mockito/mockito-all/1.8.5/mockito-all-1.8.5.jar:/home/user/.m2/repository/org/apache/hadoop/hadoop-kms/3.2.0/hadoop-kms-3.2.0.jar:/home/user/.m2/repository/org/apache/hadoop/hadoop-auth/3.2.0/hadoop-auth-3.2.0.jar:/home/user/.m2/repository/com/nimbusds/nimbus-jose-jwt/4.41.1/nimbus-jose-jwt-4.41.1.jar:/home/user/.m2/repository/com/github/stephenc/jcip/jcip-annotations/1.0-1/jcip-annotations-1.0-1.jar:/home/user/.m2/repository/net/minidev/json-smart/2.3/json-smart-2.3.jar:/home/user/.m2/repository/net/minidev/accessors-smart/1.2/accessors-smart-1.2.jar:/home/user/.m2/repository/org/ow2/asm/asm/5.0.4/asm-5.0.4.jar:/home/user/.m2/repository/org/apache/curator/curator-framework/2.12.0/curator-framework-2.12.0.jar:/home/user/.m2/repository/com/sun/jersey/jersey-core/1.19/jersey-core-1.19.jar:/home/user/.m2/repository/javax/ws/rs/jsr311-api/1.1.1/jsr311-api-1.1.1.jar:/home/user/.m2/repository/com/sun/jersey/jersey-server/1.19/jersey-server-1.19.jar:/home/user/.m2/repository/javax/servlet/javax.servlet-api/3.1.0/javax.servlet-api-3.1.0.jar:/home/user/.m2/repository/org/eclipse/jetty/jetty-server/9.3.24.v20180605/jetty-server-9.3.24.v20180605.jar:/home/user/.m2/repository/org/eclipse/jetty/jetty-http/9.3.24.v20180605/jetty-http-9.3.24.v20180605.jar:/home/user/.m2/repository/org/eclipse/jetty/jetty-io/9.3.24.v20180605/jetty-io-9.3.24.v20180605.jar:/home/user/.m2/repository/org/eclipse/jetty/jetty-webapp/9.3.24.v20180605/jetty-webapp-9.3.24.v20180605.jar:/home/user/.m2/repository/org/eclipse/jetty/jetty-xml/9.3.24.v20180605/jetty-xml-9.3.24.v20180605.jar:/home/user/.m2/repository/log4j/log4j/1.2.17/log4j-1.2.17.jar:/home/user/.m2/repository/org/slf4j/slf4j-api/1.7.25/slf4j-api-1.7.25.jar:/home/user/.m2/repository/org/slf4j/jul-to-slf4j/1.7.25/jul-to-slf4j-1.7.25.jar:/home/user/.m2/repository/org/eclipse/jetty/jetty-util/9.3.24.v20180605/jetty-util-9.3.24.v20180605.jar:/home/user/.m2/repository/com/fasterxml/jackson/core/jackson-databind/2.9.5/jackson-databind-2.9.5.jar:/home/user/.m2/repository/org/apache/hadoop/hadoop-kms/3.2.0/hadoop-kms-3.2.0-tests.jar:/home/user/.m2/repository/org/apache/hadoop/hadoop-hdds-server-scm/0.5.0-SNAPSHOT/hadoop-hdds-server-scm-0.5.0-SNAPSHOT-tests.jar:/home/user/.m2/repository/org/apache/hadoop/hadoop-hdds-container-service/0.5.0-SNAPSHOT/hadoop-hdds-container-service-0.5.0-SNAPSHOT-tests.jar:/home/user/.m2/repository/org/yaml/snakeyaml/1.16/snakeyaml-1.16.jar:/home/user/.m2/repository/org/apache/hadoop/hadoop-common/3.2.0/hadoop-common-3.2.0-tests.jar:/home/user/.m2/repository/org/apache/hadoop/hadoop-annotations/3.2.0/hadoop-annotations-3.2.0.jar:/usr/lib/jvm/java-1.8-openjdk/jre/../lib/tools.jar:/home/user/.m2/repository/commons-cli/commons-cli/1.2/commons-cli-1.2.jar:/home/user/.m2/repository/org/apache/httpcomponents/httpclient/4.5.2/httpclient-4.5.2.jar:/home/user/.m2/repository/org/apache/httpcomponents/httpcore/4.4.4/httpcore-4.4.4.jar:/home/user/.m2/repository/commons-codec/commons-codec/1.11/commons-codec-1.11.jar:/home/user/.m2/repository/commons-net/commons-net/3.6/commons-net-3.6.jar:/home/user/.m2/repository/commons-collections/commons-collections/3.2.2/commons-collections-3.2.2.jar:/home/user/.m2/repository/org/eclipse/jetty/jetty-servlet/9.3.24.v20180605/jetty-servlet-9.3.24.v20180605.jar:/home/user/.m2/repository/org/eclipse/jetty/jetty-security/9.3.24.v20180605/jetty-security-9.3.24.v20180605.jar:/home/user/.m2/repository/javax/servlet/jsp/jsp-api/2.1/jsp-api-2.1.jar:/home/user/.m2/repository/com/sun/jersey/jersey-servlet/1.19/jersey-servlet-1.19.jar:/home/user/.m2/repository/com/sun/jersey/jersey-json/1.19/jersey-json-1.19.jar:/home/user/.m2/repository/org/codehaus/jettison/jettison/1.1/jettison-1.1.jar:/home/user/.m2/repository/org/codehaus/jackson/jackson-core-asl/1.9.13/jackson-core-asl-1.9.13.jar:/home/user/.m2/repository/org/codehaus/jackson/jackson-mapper-asl/1.9.13/jackson-mapper-asl-1.9.13.jar:/home/user/.m2/repository/org/codehaus/jackson/jackson-jaxrs/1.9.13/jackson-jaxrs-1.9.13.jar:/home/user/.m2/repository/org/codehaus/jackson/jackson-xc/1.9.13/jackson-xc-1.9.13.jar:/home/user/.m2/repository/commons-logging/commons-logging/1.1.3/commons-logging-1.1.3.jar:/home/user/.m2/repository/commons-beanutils/commons-beanutils/1.9.3/commons-beanutils-1.9.3.jar:/home/user/.m2/repository/org/apache/commons/commons-configuration2/2.1.1/commons-configuration2-2.1.1.jar:/home/user/.m2/repository/org/apache/commons/commons-lang3/3.7/commons-lang3-3.7.jar:/home/user/.m2/repository/org/apache/commons/commons-text/1.4/commons-text-1.4.jar:/home/user/.m2/repository/org/apache/avro/avro/1.7.7/avro-1.7.7.jar:/home/user/.m2/repository/com/thoughtworks/paranamer/paranamer/2.3/paranamer-2.3.jar:/home/user/.m2/repository/org/xerial/snappy/snappy-java/1.0.5/snappy-java-1.0.5.jar:/home/user/.m2/repository/com/google/re2j/re2j/1.1/re2j-1.1.jar:/home/user/.m2/repository/com/google/code/gson/gson/2.2.4/gson-2.2.4.jar:/home/user/.m2/repository/com/jcraft/jsch/0.1.54/jsch-0.1.54.jar:/home/user/.m2/repository/org/apache/curator/curator-client/2.12.0/curator-client-2.12.0.jar:/home/user/.m2/repository/org/apache/curator/curator-recipes/2.12.0/curator-recipes-2.12.0.jar:/home/user/.m2/repository/com/google/code/findbugs/jsr305/3.0.0/jsr305-3.0.0.jar:/home/user/.m2/repository/org/apache/htrace/htrace-core4/4.1.0-incubating/htrace-core4-4.1.0-incubating.jar:/home/user/.m2/repository/org/apache/zookeeper/zookeeper/3.4.13/zookeeper-3.4.13.jar:/home/user/.m2/repository/org/apache/yetus/audience-annotations/0.5.0/audience-annotations-0.5.0.jar:/home/user/.m2/repository/org/codehaus/woodstox/stax2-api/3.1.4/stax2-api-3.1.4.jar:/home/user/.m2/repository/com/fasterxml/woodstox/woodstox-core/5.0.3/woodstox-core-5.0.3.jar:/home/user/.m2/repository/dnsjava/dnsjava/2.1.7/dnsjava-2.1.7.jar:/home/user/.m2/repository/org/apache/hadoop/hadoop-hdfs/3.2.0/hadoop-hdfs-3.2.0-tests.jar:/home/user/.m2/repository/org/eclipse/jetty/jetty-util-ajax/9.3.24.v20180605/jetty-util-ajax-9.3.24.v20180605.jar:/home/user/.m2/repository/commons-daemon/commons-daemon/1.0.13/commons-daemon-1.0.13.jar:/home/user/.m2/repository/io/netty/netty/3.10.5.Final/netty-3.10.5.Final.jar:/home/user/.m2/repository/io/netty/netty-all/4.0.52.Final/netty-all-4.0.52.Final.jar:/home/user/.m2/repository/org/fusesource/leveldbjni/leveldbjni-all/1.8/leveldbjni-all-1.8.jar:"/>
    <property name="sun.cpu.endian" value="little"/>
    <property name="user.home" value="/home/user"/>
    <property name="user.language" value="en"/>
    <property name="java.specification.vendor" value="Oracle Corporation"/>
    <property name="java.home" value="/usr/lib/jvm/java-1.8-openjdk/jre"/>
    <property name="java.security.krb5.conf" value="/workdir/hadoop-ozone/integration-test/target/test-classes/krb5.conf"/>
    <property name="basedir" value="/workdir/hadoop-ozone/integration-test"/>
    <property name="file.separator" value="/"/>
    <property name="line.separator" value="&#10;"/>
    <property name="java.vm.specification.vendor" value="Oracle Corporation"/>
    <property name="java.specification.name" value="Java Platform API Specification"/>
    <property name="java.awt.graphicsenv" value="sun.awt.X11GraphicsEnvironment"/>
    <property name="surefire.real.class.path" value="/workdir/hadoop-ozone/integration-test/target/surefire/surefirebooter5900510066891378649.jar"/>
    <property name="hadoop.log.dir" value="/workdir/hadoop-ozone/integration-test/target/log"/>
    <property name="sun.boot.class.path" value="/usr/lib/jvm/java-1.8-openjdk/jre/lib/resources.jar:/usr/lib/jvm/java-1.8-openjdk/jre/lib/rt.jar:/usr/lib/jvm/java-1.8-openjdk/jre/lib/sunrsasign.jar:/usr/lib/jvm/java-1.8-openjdk/jre/lib/jsse.jar:/usr/lib/jvm/java-1.8-openjdk/jre/lib/jce.jar:/usr/lib/jvm/java-1.8-openjdk/jre/lib/charsets.jar:/usr/lib/jvm/java-1.8-openjdk/jre/lib/jfr.jar:/usr/lib/jvm/java-1.8-openjdk/jre/classes"/>
    <property name="sun.management.compiler" value="HotSpot 64-Bit Tiered Compilers"/>
    <property name="java.runtime.version" value="1.8.0_212-b04"/>
    <property name="java.net.preferIPv4Stack" value="true"/>
    <property name="user.name" value="jenkins1000"/>
    <property name="path.separator" value=":"/>
    <property name="java.security.egd" value="file:///dev/urandom"/>
    <property name="os.version" value="3.10.0-957.12.2.el7.x86_64"/>
    <property name="java.endorsed.dirs" value="/usr/lib/jvm/java-1.8-openjdk/jre/lib/endorsed"/>
    <property name="java.runtime.name" value="OpenJDK Runtime Environment"/>
    <property name="file.encoding" value="UTF-8"/>
    <property name="java.vm.name" value="OpenJDK 64-Bit Server VM"/>
    <property name="test.build.webapps" value=""/>
    <property name="localRepository" value="/home/user/.m2/repository"/>
    <property name="java.vendor.url.bug" value="https://icedtea.classpath.org/bugzilla"/>
    <property name="java.io.tmpdir" value="/tmp"/>
    <property name="require.test.libhadoop" value=""/>
    <property name="java.version" value="1.8.0_212"/>
    <property name="user.dir" value="/workdir/hadoop-ozone/integration-test"/>
    <property name="os.arch" value="amd64"/>
    <property name="java.vm.specification.name" value="Java Virtual Machine Specification"/>
    <property name="test.build.classes" value="/workdir/hadoop-ozone/integration-test/target/test-classes"/>
    <property name="java.awt.printerjob" value="sun.print.PSPrinterJob"/>
    <property name="sun.os.patch.level" value="unknown"/>
    <property name="hadoop.tmp.dir" value="/workdir/hadoop-ozone/integration-test/target/tmp"/>
    <property name="java.library.path" value="/usr/lib/jvm/java-1.8-openjdk/jre/lib/amd64/server:/usr/lib/jvm/java-1.8-openjdk/jre/lib/amd64:/usr/lib/jvm/java-1.8-openjdk/jre/../lib/amd64:/workdir/hadoop-ozone/integration-test/target/native/target/usr/local/lib:/workdir/hadoop-ozone/integration-test/../../hadoop-common-project/hadoop-common/target/native/target/usr/local/lib:/usr/java/packages/lib/amd64:/usr/lib64:/lib64:/lib:/usr/lib"/>
    <property name="java.vm.info" value="mixed mode"/>
    <property name="java.vendor" value="IcedTea"/>
    <property name="java.vm.version" value="25.212-b04"/>
    <property name="java.ext.dirs" value="/usr/lib/jvm/java-1.8-openjdk/jre/lib/ext:/usr/java/packages/lib/ext"/>
    <property name="sun.io.unicode.encoding" value="UnicodeLittle"/>
    <property name="java.class.version" value="52.0"/>
  </properties>
  <testcase name="test2DatanodesFailure" classname="org.apache.hadoop.ozone.client.rpc.TestBlockOutputStreamWithFailures" time="41.083">
    <failure message="expected:&lt;5&gt; but was:&lt;6&gt;" type="java.lang.AssertionError"><![CDATA[java.lang.AssertionError: expected:<5> but was:<6>
	at org.junit.Assert.fail(Assert.java:88)
	at org.junit.Assert.failNotEquals(Assert.java:743)
	at org.junit.Assert.assertEquals(Assert.java:118)
	at org.junit.Assert.assertEquals(Assert.java:555)
	at org.junit.Assert.assertEquals(Assert.java:542)
	at org.apache.hadoop.ozone.client.rpc.TestBlockOutputStreamWithFailures.test2DatanodesFailure(TestBlockOutputStreamWithFailures.java:467)
	at sun.reflect.NativeMethodAccessorImpl.invoke0(Native Method)
	at sun.reflect.NativeMethodAccessorImpl.invoke(NativeMethodAccessorImpl.java:62)
	at sun.reflect.DelegatingMethodAccessorImpl.invoke(DelegatingMethodAccessorImpl.java:43)
	at java.lang.reflect.Method.invoke(Method.java:498)
	at org.junit.runners.model.FrameworkMethod$1.runReflectiveCall(FrameworkMethod.java:47)
	at org.junit.internal.runners.model.ReflectiveCallable.run(ReflectiveCallable.java:12)
	at org.junit.runners.model.FrameworkMethod.invokeExplosively(FrameworkMethod.java:44)
	at org.junit.internal.runners.statements.InvokeMethod.evaluate(InvokeMethod.java:17)
	at org.junit.internal.runners.statements.RunBefores.evaluate(RunBefores.java:26)
	at org.junit.internal.runners.statements.RunAfters.evaluate(RunAfters.java:27)
	at org.junit.runners.ParentRunner.runLeaf(ParentRunner.java:271)
	at org.junit.runners.BlockJUnit4ClassRunner.runChild(BlockJUnit4ClassRunner.java:70)
	at org.junit.runners.BlockJUnit4ClassRunner.runChild(BlockJUnit4ClassRunner.java:50)
	at org.junit.runners.ParentRunner$3.run(ParentRunner.java:238)
	at org.junit.runners.ParentRunner$1.schedule(ParentRunner.java:63)
	at org.junit.runners.ParentRunner.runChildren(ParentRunner.java:236)
	at org.junit.runners.ParentRunner.access$000(ParentRunner.java:53)
	at org.junit.runners.ParentRunner$2.evaluate(ParentRunner.java:229)
	at org.junit.runners.ParentRunner.run(ParentRunner.java:309)
	at org.apache.maven.surefire.junit4.JUnit4Provider.execute(JUnit4Provider.java:365)
	at org.apache.maven.surefire.junit4.JUnit4Provider.executeWithRerun(JUnit4Provider.java:273)
	at org.apache.maven.surefire.junit4.JUnit4Provider.executeTestSet(JUnit4Provider.java:238)
	at org.apache.maven.surefire.junit4.JUnit4Provider.invoke(JUnit4Provider.java:159)
	at org.apache.maven.surefire.booter.ForkedBooter.invokeProviderInSameClassLoader(ForkedBooter.java:384)
	at org.apache.maven.surefire.booter.ForkedBooter.runSuitesInProcess(ForkedBooter.java:345)
	at org.apache.maven.surefire.booter.ForkedBooter.execute(ForkedBooter.java:126)
	at org.apache.maven.surefire.booter.ForkedBooter.main(ForkedBooter.java:418)
]]></failure>
    <system-out><![CDATA[2019-08-20 21:27:55,375 [main] WARN  server.ServerUtils (ServerUtils.java:getScmDbDir(145)) - ozone.scm.db.dirs is not configured. We recommend adding this setting. Falling back to ozone.metadata.dirs instead.
2019-08-20 21:27:55,475 [main] WARN  server.ServerUtils (ServerUtils.java:getScmDbDir(145)) - ozone.scm.db.dirs is not configured. We recommend adding this setting. Falling back to ozone.metadata.dirs instead.
2019-08-20 21:27:55,479 [main] WARN  server.ServerUtils (ServerUtils.java:getScmDbDir(145)) - ozone.scm.db.dirs is not configured. We recommend adding this setting. Falling back to ozone.metadata.dirs instead.
2019-08-20 21:27:55,497 [main] INFO  util.log (Log.java:initialized(192)) - Logging initialized @875ms
2019-08-20 21:27:55,597 [main] INFO  db.DBStoreBuilder (DBStoreBuilder.java:addTable(110)) - using custom profile for table: deletedBlocks
2019-08-20 21:27:55,597 [main] INFO  db.DBStoreBuilder (DBStoreBuilder.java:processTables(161)) - Using default column profile:DBProfile.DISK for Table:deletedBlocks
2019-08-20 21:27:55,598 [main] INFO  db.DBStoreBuilder (DBStoreBuilder.java:addTable(110)) - using custom profile for table: validCerts
2019-08-20 21:27:55,598 [main] INFO  db.DBStoreBuilder (DBStoreBuilder.java:processTables(161)) - Using default column profile:DBProfile.DISK for Table:validCerts
2019-08-20 21:27:55,598 [main] INFO  db.DBStoreBuilder (DBStoreBuilder.java:addTable(110)) - using custom profile for table: revokedCerts
2019-08-20 21:27:55,599 [main] INFO  db.DBStoreBuilder (DBStoreBuilder.java:processTables(161)) - Using default column profile:DBProfile.DISK for Table:revokedCerts
2019-08-20 21:27:55,611 [main] INFO  db.DBStoreBuilder (DBStoreBuilder.java:addTable(110)) - using custom profile for table: default
2019-08-20 21:27:55,611 [main] INFO  db.DBStoreBuilder (DBStoreBuilder.java:processTables(167)) - Using default column profile:DBProfile.DISK for Table:default
2019-08-20 21:27:55,612 [main] INFO  db.DBStoreBuilder (DBStoreBuilder.java:getDbProfile(198)) - Using default options. DBProfile.DISK
2019-08-20 21:27:55,794 [main] INFO  net.NodeSchemaLoader (NodeSchemaLoader.java:loadSchemaFromFile(125)) - Loading file from sun.misc.CompoundEnumeration@5f058f00
2019-08-20 21:27:55,796 [main] INFO  net.NodeSchemaLoader (NodeSchemaLoader.java:loadSchema(171)) - Loading network topology layer schema file
2019-08-20 21:27:55,873 [main] INFO  node.SCMNodeManager (SCMNodeManager.java:<init>(121)) - Entering startup safe mode.
2019-08-20 21:27:55,952 [main] INFO  algorithms.ContainerPlacementPolicyFactory (ContainerPlacementPolicyFactory.java:getPolicy(55)) - Create container placement policy of type org.apache.hadoop.hdds.scm.container.placement.algorithms.SCMContainerPlacementRandom
2019-08-20 21:27:55,965 [main] WARN  server.ServerUtils (ServerUtils.java:getScmDbDir(145)) - ozone.scm.db.dirs is not configured. We recommend adding this setting. Falling back to ozone.metadata.dirs instead.
2019-08-20 21:27:56,030 [main] INFO  pipeline.SCMPipelineManager (SCMPipelineManager.java:initializePipelineState(126)) - No pipeline exists in current db
2019-08-20 21:27:56,033 [main] WARN  server.ServerUtils (ServerUtils.java:getScmDbDir(145)) - ozone.scm.db.dirs is not configured. We recommend adding this setting. Falling back to ozone.metadata.dirs instead.
2019-08-20 21:27:56,138 [main] WARN  events.EventQueue (EventQueue.java:fireEvent(175)) - No event handler registered for event TypedEvent{payloadType=SafeModeStatus, name='SafeModeStatus'}
2019-08-20 21:27:56,575 [main] INFO  ipc.CallQueueManager (CallQueueManager.java:<init>(84)) - Using callQueue: class java.util.concurrent.LinkedBlockingQueue, queueCapacity: 2000, scheduler: class org.apache.hadoop.ipc.DefaultRpcScheduler, ipcBackoff: false.
2019-08-20 21:27:56,866 [Socket Reader #1 for port 45958] INFO  ipc.Server (Server.java:run(1074)) - Starting Socket Reader #1 for port 45958
2019-08-20 21:27:56,897 [main] INFO  ipc.CallQueueManager (CallQueueManager.java:<init>(84)) - Using callQueue: class java.util.concurrent.LinkedBlockingQueue, queueCapacity: 2000, scheduler: class org.apache.hadoop.ipc.DefaultRpcScheduler, ipcBackoff: false.
2019-08-20 21:27:56,898 [Socket Reader #1 for port 34620] INFO  ipc.Server (Server.java:run(1074)) - Starting Socket Reader #1 for port 34620
2019-08-20 21:27:56,907 [main] INFO  ipc.CallQueueManager (CallQueueManager.java:<init>(84)) - Using callQueue: class java.util.concurrent.LinkedBlockingQueue, queueCapacity: 2000, scheduler: class org.apache.hadoop.ipc.DefaultRpcScheduler, ipcBackoff: false.
2019-08-20 21:27:56,908 [Socket Reader #1 for port 37622] INFO  ipc.Server (Server.java:run(1074)) - Starting Socket Reader #1 for port 37622
2019-08-20 21:27:56,931 [main] INFO  hdfs.DFSUtil (DFSUtil.java:httpServerTemplateForNNAndJN(1641)) - Starting Web-server for scm at: http://0.0.0.0:0
2019-08-20 21:27:57,091 [main] INFO  server.AuthenticationFilter (AuthenticationFilter.java:constructSecretProvider(240)) - Unable to initialize FileSignerSecretProvider, falling back to use random secrets.
2019-08-20 21:27:57,098 [main] WARN  http.HttpRequestLog (HttpRequestLog.java:getRequestLog(97)) - Jetty request log can only be enabled using Log4j
2019-08-20 21:27:57,107 [main] INFO  http.HttpServer2 (HttpServer2.java:addGlobalFilter(975)) - Added global filter 'safety' (class=org.apache.hadoop.http.HttpServer2$QuotingInputFilter)
2019-08-20 21:27:57,110 [main] INFO  http.HttpServer2 (HttpServer2.java:addFilter(948)) - Added filter static_user_filter (class=org.apache.hadoop.http.lib.StaticUserWebFilter$StaticUserFilter) to context scm
2019-08-20 21:27:57,111 [main] INFO  http.HttpServer2 (HttpServer2.java:addFilter(958)) - Added filter static_user_filter (class=org.apache.hadoop.http.lib.StaticUserWebFilter$StaticUserFilter) to context logs
2019-08-20 21:27:57,111 [main] INFO  http.HttpServer2 (HttpServer2.java:addFilter(958)) - Added filter static_user_filter (class=org.apache.hadoop.http.lib.StaticUserWebFilter$StaticUserFilter) to context static
2019-08-20 21:27:57,147 [main] INFO  server.StorageContainerManager (StorageContainerManager.java:start(759)) - StorageContainerLocationProtocol RPC server is listening at /0.0.0.0:37622
2019-08-20 21:27:57,211 [main] WARN  impl.MetricsConfig (MetricsConfig.java:loadFirst(134)) - Cannot locate configuration: tried hadoop-metrics2-storagecontainermanager.properties,hadoop-metrics2.properties
2019-08-20 21:27:57,223 [main] INFO  impl.MetricsSystemImpl (MetricsSystemImpl.java:startTimer(374)) - Scheduled Metric snapshot period at 10 second(s).
2019-08-20 21:27:57,224 [main] INFO  impl.MetricsSystemImpl (MetricsSystemImpl.java:start(191)) - StorageContainerManager metrics system started
2019-08-20 21:27:57,457 [main] INFO  server.SCMClientProtocolServer (SCMClientProtocolServer.java:start(151)) - RPC server for Client  is listening at /0.0.0.0:37622
2019-08-20 21:27:57,458 [IPC Server Responder] INFO  ipc.Server (Server.java:run(1314)) - IPC Server Responder: starting
2019-08-20 21:27:57,458 [IPC Server listener on 37622] INFO  ipc.Server (Server.java:run(1153)) - IPC Server listener on 37622: starting
2019-08-20 21:27:57,461 [main] INFO  server.StorageContainerManager (StorageContainerManager.java:start(769)) - ScmBlockLocationProtocol RPC server is listening at /0.0.0.0:34620
2019-08-20 21:27:57,462 [main] INFO  server.SCMBlockProtocolServer (SCMBlockProtocolServer.java:start(140)) - RPC server for Block Protocol is listening at /0.0.0.0:34620
2019-08-20 21:27:57,462 [IPC Server Responder] INFO  ipc.Server (Server.java:run(1314)) - IPC Server Responder: starting
2019-08-20 21:27:57,462 [IPC Server listener on 34620] INFO  ipc.Server (Server.java:run(1153)) - IPC Server listener on 34620: starting
2019-08-20 21:27:57,465 [main] INFO  server.StorageContainerManager (StorageContainerManager.java:start(773)) - ScmDatanodeProtocl RPC server is listening at /0.0.0.0:45958
2019-08-20 21:27:57,465 [main] INFO  server.SCMDatanodeProtocolServer (SCMDatanodeProtocolServer.java:start(191)) - RPC server for DataNodes is listening at /0.0.0.0:45958
2019-08-20 21:27:57,466 [IPC Server Responder] INFO  ipc.Server (Server.java:run(1314)) - IPC Server Responder: starting
2019-08-20 21:27:57,466 [IPC Server listener on 45958] INFO  ipc.Server (Server.java:run(1153)) - IPC Server listener on 45958: starting
2019-08-20 21:27:57,471 [main] INFO  http.HttpServer2 (HttpServer2.java:bindListener(1191)) - Jetty bound to port 38494
2019-08-20 21:27:57,474 [main] INFO  server.Server (Server.java:doStart(351)) - jetty-9.3.24.v20180605, build timestamp: 2018-06-05T17:11:56Z, git hash: 84205aa28f11a4f31f2a3b86d1bba2cc8ab69827
2019-08-20 21:27:57,517 [main] INFO  handler.ContextHandler (ContextHandler.java:doStart(781)) - Started o.e.j.s.ServletContextHandler@5286c33a{/logs,file:///workdir/hadoop-ozone/integration-test/target/log,AVAILABLE}
2019-08-20 21:27:57,518 [main] INFO  handler.ContextHandler (ContextHandler.java:doStart(781)) - Started o.e.j.s.ServletContextHandler@5c530d1e{/static,file:///workdir/hadoop-ozone/integration-test/target/test-classes/webapps/static,AVAILABLE}
2019-08-20 21:27:57,561 [main] INFO  handler.ContextHandler (ContextHandler.java:doStart(781)) - Started o.e.j.w.WebAppContext@48f5bde6{/,file:///workdir/hadoop-ozone/integration-test/target/test-classes/webapps/scm/,AVAILABLE}{/scm}
2019-08-20 21:27:57,571 [main] INFO  server.AbstractConnector (AbstractConnector.java:doStart(278)) - Started ServerConnector@6d511b5f{HTTP/1.1,[http/1.1]}{0.0.0.0:38494}
2019-08-20 21:27:57,571 [main] INFO  server.Server (Server.java:doStart(419)) - Started @2950ms
2019-08-20 21:27:57,573 [main] INFO  server.BaseHttpServer (BaseHttpServer.java:updateConnectorAddress(213)) - HTTP server of SCM is listening at http://0.0.0.0:38494
2019-08-20 21:27:57,579 [org.apache.hadoop.util.JvmPauseMonitor$Monitor@3b1bb3ab] INFO  util.JvmPauseMonitor (JvmPauseMonitor.java:run(188)) - Starting JVM pause monitor
2019-08-20 21:27:57,583 [main] WARN  server.ServerUtils (ServerUtils.java:getDBPath(222)) - ozone.om.db.dirs is not configured. We recommend adding this setting. Falling back to ozone.metadata.dirs instead.
2019-08-20 21:27:57,688 [main] WARN  server.ServerUtils (ServerUtils.java:getDBPath(222)) - ozone.om.db.dirs is not configured. We recommend adding this setting. Falling back to ozone.metadata.dirs instead.
2019-08-20 21:27:57,689 [main] WARN  server.ServerUtils (ServerUtils.java:getDBPath(222)) - ozone.om.db.dirs is not configured. We recommend adding this setting. Falling back to ozone.metadata.dirs instead.
2019-08-20 21:27:57,690 [main] INFO  om.OzoneManager (OzoneManager.java:setOMNodeDetails(648)) - OM Service ID is not set. Setting it to the default ID: omServiceIdDefault
2019-08-20 21:27:57,690 [main] INFO  om.OzoneManager (OzoneManager.java:setOMNodeDetails(654)) - OM Node ID is not set. Setting it to the OmStorage's OmID: a8723b3c-b8bf-4dfe-b61b-a12dfa81b095
2019-08-20 21:27:57,692 [main] INFO  om.OzoneManager (OzoneManager.java:loadOMHAConfigs(605)) - Found matching OM address with OMServiceId: null, OMNodeId: null, RPC Address: localhost:0 and Ratis port: 9872
2019-08-20 21:27:57,964 | INFO  | SCMAudit | user=jenkins1000 | ip=192.168.5.148 | op=GET_SCM_INFO null | ret=SUCCESS |  
2019-08-20 21:27:58,483 [main] WARN  server.ServerUtils (ServerUtils.java:getDBPath(222)) - ozone.om.db.dirs is not configured. We recommend adding this setting. Falling back to ozone.metadata.dirs instead.
2019-08-20 21:27:58,491 [main] INFO  db.DBStoreBuilder (DBStoreBuilder.java:addTable(110)) - using custom profile for table: userTable
2019-08-20 21:27:58,491 [main] INFO  db.DBStoreBuilder (DBStoreBuilder.java:processTables(161)) - Using default column profile:DBProfile.DISK for Table:userTable
2019-08-20 21:27:58,492 [main] INFO  db.DBStoreBuilder (DBStoreBuilder.java:addTable(110)) - using custom profile for table: volumeTable
2019-08-20 21:27:58,492 [main] INFO  db.DBStoreBuilder (DBStoreBuilder.java:processTables(161)) - Using default column profile:DBProfile.DISK for Table:volumeTable
2019-08-20 21:27:58,492 [main] INFO  db.DBStoreBuilder (DBStoreBuilder.java:addTable(110)) - using custom profile for table: bucketTable
2019-08-20 21:27:58,492 [main] INFO  db.DBStoreBuilder (DBStoreBuilder.java:processTables(161)) - Using default column profile:DBProfile.DISK for Table:bucketTable
2019-08-20 21:27:58,493 [main] INFO  db.DBStoreBuilder (DBStoreBuilder.java:addTable(110)) - using custom profile for table: keyTable
2019-08-20 21:27:58,493 [main] INFO  db.DBStoreBuilder (DBStoreBuilder.java:processTables(161)) - Using default column profile:DBProfile.DISK for Table:keyTable
2019-08-20 21:27:58,493 [main] INFO  db.DBStoreBuilder (DBStoreBuilder.java:addTable(110)) - using custom profile for table: deletedTable
2019-08-20 21:27:58,493 [main] INFO  db.DBStoreBuilder (DBStoreBuilder.java:processTables(161)) - Using default column profile:DBProfile.DISK for Table:deletedTable
2019-08-20 21:27:58,494 [main] INFO  db.DBStoreBuilder (DBStoreBuilder.java:addTable(110)) - using custom profile for table: openKeyTable
2019-08-20 21:27:58,494 [main] INFO  db.DBStoreBuilder (DBStoreBuilder.java:processTables(161)) - Using default column profile:DBProfile.DISK for Table:openKeyTable
2019-08-20 21:27:58,494 [main] INFO  db.DBStoreBuilder (DBStoreBuilder.java:addTable(110)) - using custom profile for table: s3Table
2019-08-20 21:27:58,494 [main] INFO  db.DBStoreBuilder (DBStoreBuilder.java:processTables(161)) - Using default column profile:DBProfile.DISK for Table:s3Table
2019-08-20 21:27:58,495 [main] INFO  db.DBStoreBuilder (DBStoreBuilder.java:addTable(110)) - using custom profile for table: multipartInfoTable
2019-08-20 21:27:58,495 [main] INFO  db.DBStoreBuilder (DBStoreBuilder.java:processTables(161)) - Using default column profile:DBProfile.DISK for Table:multipartInfoTable
2019-08-20 21:27:58,495 [main] INFO  db.DBStoreBuilder (DBStoreBuilder.java:addTable(110)) - using custom profile for table: dTokenTable
2019-08-20 21:27:58,495 [main] INFO  db.DBStoreBuilder (DBStoreBuilder.java:processTables(161)) - Using default column profile:DBProfile.DISK for Table:dTokenTable
2019-08-20 21:27:58,496 [main] INFO  db.DBStoreBuilder (DBStoreBuilder.java:addTable(110)) - using custom profile for table: s3SecretTable
2019-08-20 21:27:58,496 [main] INFO  db.DBStoreBuilder (DBStoreBuilder.java:processTables(161)) - Using default column profile:DBProfile.DISK for Table:s3SecretTable
2019-08-20 21:27:58,496 [main] INFO  db.DBStoreBuilder (DBStoreBuilder.java:addTable(110)) - using custom profile for table: prefixTable
2019-08-20 21:27:58,496 [main] INFO  db.DBStoreBuilder (DBStoreBuilder.java:processTables(161)) - Using default column profile:DBProfile.DISK for Table:prefixTable
2019-08-20 21:27:58,497 [main] INFO  db.DBStoreBuilder (DBStoreBuilder.java:addTable(110)) - using custom profile for table: default
2019-08-20 21:27:58,497 [main] INFO  db.DBStoreBuilder (DBStoreBuilder.java:processTables(167)) - Using default column profile:DBProfile.DISK for Table:default
2019-08-20 21:27:58,497 [main] INFO  db.DBStoreBuilder (DBStoreBuilder.java:getDbProfile(198)) - Using default options. DBProfile.DISK
2019-08-20 21:27:58,993 [main] INFO  ipc.CallQueueManager (CallQueueManager.java:<init>(84)) - Using callQueue: class java.util.concurrent.LinkedBlockingQueue, queueCapacity: 2000, scheduler: class org.apache.hadoop.ipc.DefaultRpcScheduler, ipcBackoff: false.
2019-08-20 21:27:58,995 [Socket Reader #1 for port 35400] INFO  ipc.Server (Server.java:run(1074)) - Starting Socket Reader #1 for port 35400
2019-08-20 21:27:59,018 [main] INFO  om.OzoneManager (OzoneManager.java:start(1259)) - OzoneManager RPC server is listening at localhost/127.0.0.1:35400
2019-08-20 21:27:59,018 [main] INFO  impl.MetricsSystemImpl (MetricsSystemImpl.java:init(158)) - OzoneManager metrics system started (again)
2019-08-20 21:27:59,019 [IPC Server Responder] INFO  ipc.Server (Server.java:run(1314)) - IPC Server Responder: starting
2019-08-20 21:27:59,020 [IPC Server listener on 35400] INFO  ipc.Server (Server.java:run(1153)) - IPC Server listener on 35400: starting
2019-08-20 21:27:59,024 [main] INFO  hdfs.DFSUtil (DFSUtil.java:httpServerTemplateForNNAndJN(1641)) - Starting Web-server for ozoneManager at: http://0.0.0.0:0
2019-08-20 21:27:59,027 [main] INFO  server.AuthenticationFilter (AuthenticationFilter.java:constructSecretProvider(240)) - Unable to initialize FileSignerSecretProvider, falling back to use random secrets.
2019-08-20 21:27:59,027 [main] WARN  http.HttpRequestLog (HttpRequestLog.java:getRequestLog(97)) - Jetty request log can only be enabled using Log4j
2019-08-20 21:27:59,030 [main] INFO  http.HttpServer2 (HttpServer2.java:addGlobalFilter(975)) - Added global filter 'safety' (class=org.apache.hadoop.http.HttpServer2$QuotingInputFilter)
2019-08-20 21:27:59,163 [main] INFO  http.HttpServer2 (HttpServer2.java:addFilter(948)) - Added filter static_user_filter (class=org.apache.hadoop.http.lib.StaticUserWebFilter$StaticUserFilter) to context ozoneManager
2019-08-20 21:27:59,163 [main] INFO  http.HttpServer2 (HttpServer2.java:addFilter(958)) - Added filter static_user_filter (class=org.apache.hadoop.http.lib.StaticUserWebFilter$StaticUserFilter) to context logs
2019-08-20 21:27:59,163 [main] INFO  http.HttpServer2 (HttpServer2.java:addFilter(958)) - Added filter static_user_filter (class=org.apache.hadoop.http.lib.StaticUserWebFilter$StaticUserFilter) to context static
2019-08-20 21:27:59,165 [main] INFO  http.HttpServer2 (HttpServer2.java:bindListener(1191)) - Jetty bound to port 35614
2019-08-20 21:27:59,166 [main] INFO  server.Server (Server.java:doStart(351)) - jetty-9.3.24.v20180605, build timestamp: 2018-06-05T17:11:56Z, git hash: 84205aa28f11a4f31f2a3b86d1bba2cc8ab69827
2019-08-20 21:27:59,168 [main] INFO  handler.ContextHandler (ContextHandler.java:doStart(781)) - Started o.e.j.s.ServletContextHandler@15fa55a6{/logs,file:///workdir/hadoop-ozone/integration-test/target/log,AVAILABLE}
2019-08-20 21:27:59,168 [main] INFO  handler.ContextHandler (ContextHandler.java:doStart(781)) - Started o.e.j.s.ServletContextHandler@7fab4be7{/static,file:///workdir/hadoop-ozone/integration-test/target/test-classes/webapps/static,AVAILABLE}
2019-08-20 21:27:59,175 [main] INFO  handler.ContextHandler (ContextHandler.java:doStart(781)) - Started o.e.j.w.WebAppContext@432034a{/,file:///workdir/hadoop-ozone/integration-test/target/test-classes/webapps/ozoneManager/,AVAILABLE}{/ozoneManager}
2019-08-20 21:27:59,175 [main] INFO  server.AbstractConnector (AbstractConnector.java:doStart(278)) - Started ServerConnector@78de58ea{HTTP/1.1,[http/1.1]}{0.0.0.0:35614}
2019-08-20 21:27:59,176 [main] INFO  server.Server (Server.java:doStart(419)) - Started @4555ms
2019-08-20 21:27:59,177 [main] INFO  server.BaseHttpServer (BaseHttpServer.java:updateConnectorAddress(213)) - HTTP server of OZONEMANAGER is listening at http://0.0.0.0:35614
2019-08-20 21:27:59,425 [main] INFO  impl.MetricsSystemImpl (MetricsSystemImpl.java:init(158)) - HddsDatanode metrics system started (again)
2019-08-20 21:27:59,538 [main] INFO  ozone.HddsDatanodeService (HddsDatanodeService.java:start(184)) - HddsDatanodeService host:pr-hdds-1973-5qsvz-4139986036 ip:192.168.5.148
2019-08-20 21:27:59,572 [main] INFO  volume.HddsVolume (HddsVolume.java:<init>(176)) - Creating Volume: /workdir/hadoop-ozone/integration-test/target/test-dir/MiniOzoneClusterImpl-bdedfcae-614b-4f2f-bc36-d58a77a44aef/datanode-0/data/containers/hdds of  storage type : DISK and capacity : 1482555576320
2019-08-20 21:27:59,575 [main] INFO  volume.VolumeSet (VolumeSet.java:initializeVolumeSet(170)) - Added Volume : /workdir/hadoop-ozone/integration-test/target/test-dir/MiniOzoneClusterImpl-bdedfcae-614b-4f2f-bc36-d58a77a44aef/datanode-0/data/containers/hdds to VolumeSet
2019-08-20 21:27:59,578 [main] INFO  volume.ThrottledAsyncChecker (ThrottledAsyncChecker.java:schedule(140)) - Scheduling a check for org.apache.hadoop.ozone.container.common.volume.HddsVolume@3f49e266
2019-08-20 21:27:59,597 [main] INFO  volume.HddsVolumeChecker (HddsVolumeChecker.java:checkAllVolumes(203)) - Scheduled health check for volume org.apache.hadoop.ozone.container.common.volume.HddsVolume@3f49e266
2019-08-20 21:27:59,711 [main] INFO  impl.RaftServerProxy (ConfUtils.java:logGet(43)) - raft.rpc.type = GRPC (default)
2019-08-20 21:27:59,780 [main] INFO  grpc.GrpcFactory (GrpcFactory.java:checkPooledByteBufAllocatorUseCacheForAllThreads(45)) - PERFORMANCE WARNING: useCacheForAllThreads is true that may cause Netty to create a lot garbage objects and, as a result, trigger GC.
	It is recommended to disable useCacheForAllThreads by setting -Dorg.apache.ratis.thirdparty.io.netty.allocator.useCacheForAllThreads=false in command line.
2019-08-20 21:27:59,785 [main] INFO  grpc.GrpcConfigKeys$Server (ConfUtils.java:logGet(43)) - raft.grpc.server.port = 0 (default)
2019-08-20 21:27:59,786 [main] INFO  server.GrpcService (ConfUtils.java:logGet(43)) - raft.grpc.message.size.max = 33570816 (custom)
2019-08-20 21:27:59,788 [main] INFO  server.RaftServerConfigKeys (ConfUtils.java:logGet(43)) - raft.server.log.appender.buffer.byte-limit = 33554432 (custom)
2019-08-20 21:27:59,788 [main] INFO  server.GrpcService (ConfUtils.java:logGet(43)) - raft.grpc.flow.control.window = 1MB (=1048576) (default)
2019-08-20 21:27:59,789 [main] INFO  server.RaftServerConfigKeys (ConfUtils.java:logGet(43)) - raft.server.rpc.request.timeout = 3000ms (default)
2019-08-20 21:27:59,949 [main] INFO  server.RaftServerConfigKeys (ConfUtils.java:logGet(43)) - raft.server.storage.dir = [/workdir/hadoop-ozone/integration-test/target/test-dir/MiniOzoneClusterImpl-bdedfcae-614b-4f2f-bc36-d58a77a44aef/datanode-0/data/ratis] (custom)
2019-08-20 21:27:59,984 [main] INFO  replication.SimpleContainerDownloader (SimpleContainerDownloader.java:<init>(72)) - Starting container downloader service to copy containers to replicate.
2019-08-20 21:27:59,997 [main] INFO  hdfs.DFSUtil (DFSUtil.java:httpServerTemplateForNNAndJN(1641)) - Starting Web-server for hddsDatanode at: http://0.0.0.0:0
2019-08-20 21:28:00,000 [main] INFO  server.AuthenticationFilter (AuthenticationFilter.java:constructSecretProvider(240)) - Unable to initialize FileSignerSecretProvider, falling back to use random secrets.
2019-08-20 21:28:00,001 [main] WARN  http.HttpRequestLog (HttpRequestLog.java:getRequestLog(97)) - Jetty request log can only be enabled using Log4j
2019-08-20 21:28:00,004 [main] INFO  http.HttpServer2 (HttpServer2.java:addGlobalFilter(975)) - Added global filter 'safety' (class=org.apache.hadoop.http.HttpServer2$QuotingInputFilter)
2019-08-20 21:28:00,005 [main] INFO  http.HttpServer2 (HttpServer2.java:addFilter(948)) - Added filter static_user_filter (class=org.apache.hadoop.http.lib.StaticUserWebFilter$StaticUserFilter) to context hddsDatanode
2019-08-20 21:28:00,005 [main] INFO  http.HttpServer2 (HttpServer2.java:addFilter(958)) - Added filter static_user_filter (class=org.apache.hadoop.http.lib.StaticUserWebFilter$StaticUserFilter) to context static
2019-08-20 21:28:00,005 [main] INFO  http.HttpServer2 (HttpServer2.java:addFilter(958)) - Added filter static_user_filter (class=org.apache.hadoop.http.lib.StaticUserWebFilter$StaticUserFilter) to context logs
2019-08-20 21:28:00,007 [main] INFO  http.HttpServer2 (HttpServer2.java:bindListener(1191)) - Jetty bound to port 36343
2019-08-20 21:28:00,007 [main] INFO  server.Server (Server.java:doStart(351)) - jetty-9.3.24.v20180605, build timestamp: 2018-06-05T17:11:56Z, git hash: 84205aa28f11a4f31f2a3b86d1bba2cc8ab69827
2019-08-20 21:28:00,010 [main] INFO  handler.ContextHandler (ContextHandler.java:doStart(781)) - Started o.e.j.s.ServletContextHandler@6a1d3225{/logs,file:///workdir/hadoop-ozone/integration-test/target/log,AVAILABLE}
2019-08-20 21:28:00,010 [main] INFO  handler.ContextHandler (ContextHandler.java:doStart(781)) - Started o.e.j.s.ServletContextHandler@50fb33a{/static,jar:file:/home/user/.m2/repository/org/apache/hadoop/hadoop-hdds-container-service/0.5.0-SNAPSHOT/hadoop-hdds-container-service-0.5.0-SNAPSHOT.jar!/webapps/static,AVAILABLE}
2019-08-20 21:28:00,049 [main] INFO  handler.ContextHandler (ContextHandler.java:doStart(781)) - Started o.e.j.w.WebAppContext@4c58255{/,file:///tmp/jetty-0.0.0.0-36343-hddsDatanode-_-any-1337885458098518016.dir/webapp/,AVAILABLE}{/hddsDatanode}
2019-08-20 21:28:00,049 [main] INFO  server.AbstractConnector (AbstractConnector.java:doStart(278)) - Started ServerConnector@eac3a26{HTTP/1.1,[http/1.1]}{0.0.0.0:36343}
2019-08-20 21:28:00,050 [main] INFO  server.Server (Server.java:doStart(419)) - Started @5429ms
2019-08-20 21:28:00,052 [main] INFO  server.BaseHttpServer (BaseHttpServer.java:updateConnectorAddress(213)) - HTTP server of HDDSDATANODE is listening at http://0.0.0.0:36343
2019-08-20 21:28:01,275 | INFO  | ObjectStoreRestHttpServer | Listening HDDS REST traffic on /0.0.0.0:39860 |  
2019-08-20 21:28:01,276 [main] INFO  ozone.HddsDatanodeService (HddsDatanodeService.java:startPlugins(395)) - Started plug-in org.apache.hadoop.ozone.web.OzoneHddsDatanodeService@6637a365
2019-08-20 21:28:01,278 [main] INFO  impl.MetricsSystemImpl (MetricsSystemImpl.java:init(158)) - HddsDatanode metrics system started (again)
2019-08-20 21:28:01,282 [main] INFO  ozone.HddsDatanodeService (HddsDatanodeService.java:start(184)) - HddsDatanodeService host:pr-hdds-1973-5qsvz-4139986036 ip:192.168.5.148
2019-08-20 21:28:01,284 [org.apache.hadoop.util.JvmPauseMonitor$Monitor@79577d9] INFO  util.JvmPauseMonitor (JvmPauseMonitor.java:run(188)) - Starting JVM pause monitor
2019-08-20 21:28:01,292 [main] INFO  volume.HddsVolume (HddsVolume.java:<init>(176)) - Creating Volume: /workdir/hadoop-ozone/integration-test/target/test-dir/MiniOzoneClusterImpl-bdedfcae-614b-4f2f-bc36-d58a77a44aef/datanode-1/data/containers/hdds of  storage type : DISK and capacity : 1482555576320
2019-08-20 21:28:01,293 [main] INFO  volume.VolumeSet (VolumeSet.java:initializeVolumeSet(170)) - Added Volume : /workdir/hadoop-ozone/integration-test/target/test-dir/MiniOzoneClusterImpl-bdedfcae-614b-4f2f-bc36-d58a77a44aef/datanode-1/data/containers/hdds to VolumeSet
2019-08-20 21:28:01,293 [main] INFO  volume.ThrottledAsyncChecker (ThrottledAsyncChecker.java:schedule(140)) - Scheduling a check for org.apache.hadoop.ozone.container.common.volume.HddsVolume@29f3c438
2019-08-20 21:28:01,294 [main] INFO  volume.HddsVolumeChecker (HddsVolumeChecker.java:checkAllVolumes(203)) - Scheduled health check for volume org.apache.hadoop.ozone.container.common.volume.HddsVolume@29f3c438
2019-08-20 21:28:01,312 [main] INFO  impl.RaftServerProxy (ConfUtils.java:logGet(43)) - raft.rpc.type = GRPC (default)
2019-08-20 21:28:01,313 [main] INFO  grpc.GrpcFactory (GrpcFactory.java:checkPooledByteBufAllocatorUseCacheForAllThreads(45)) - PERFORMANCE WARNING: useCacheForAllThreads is true that may cause Netty to create a lot garbage objects and, as a result, trigger GC.
	It is recommended to disable useCacheForAllThreads by setting -Dorg.apache.ratis.thirdparty.io.netty.allocator.useCacheForAllThreads=false in command line.
2019-08-20 21:28:01,313 [main] INFO  grpc.GrpcConfigKeys$Server (ConfUtils.java:logGet(43)) - raft.grpc.server.port = 0 (default)
2019-08-20 21:28:01,313 [main] INFO  server.GrpcService (ConfUtils.java:logGet(43)) - raft.grpc.message.size.max = 33570816 (custom)
2019-08-20 21:28:01,314 [main] INFO  server.RaftServerConfigKeys (ConfUtils.java:logGet(43)) - raft.server.log.appender.buffer.byte-limit = 33554432 (custom)
2019-08-20 21:28:01,314 [main] INFO  server.GrpcService (ConfUtils.java:logGet(43)) - raft.grpc.flow.control.window = 1MB (=1048576) (default)
2019-08-20 21:28:01,314 [main] INFO  server.RaftServerConfigKeys (ConfUtils.java:logGet(43)) - raft.server.rpc.request.timeout = 3000ms (default)
2019-08-20 21:28:01,315 [main] INFO  server.RaftServerConfigKeys (ConfUtils.java:logGet(43)) - raft.server.storage.dir = [/workdir/hadoop-ozone/integration-test/target/test-dir/MiniOzoneClusterImpl-bdedfcae-614b-4f2f-bc36-d58a77a44aef/datanode-1/data/ratis] (custom)
2019-08-20 21:28:01,316 [main] INFO  replication.SimpleContainerDownloader (SimpleContainerDownloader.java:<init>(72)) - Starting container downloader service to copy containers to replicate.
2019-08-20 21:28:01,317 [main] INFO  hdfs.DFSUtil (DFSUtil.java:httpServerTemplateForNNAndJN(1641)) - Starting Web-server for hddsDatanode at: http://0.0.0.0:0
2019-08-20 21:28:01,318 [main] INFO  server.AuthenticationFilter (AuthenticationFilter.java:constructSecretProvider(240)) - Unable to initialize FileSignerSecretProvider, falling back to use random secrets.
2019-08-20 21:28:01,319 [main] WARN  http.HttpRequestLog (HttpRequestLog.java:getRequestLog(97)) - Jetty request log can only be enabled using Log4j
2019-08-20 21:28:01,321 [main] INFO  http.HttpServer2 (HttpServer2.java:addGlobalFilter(975)) - Added global filter 'safety' (class=org.apache.hadoop.http.HttpServer2$QuotingInputFilter)
2019-08-20 21:28:01,322 [main] INFO  http.HttpServer2 (HttpServer2.java:addFilter(948)) - Added filter static_user_filter (class=org.apache.hadoop.http.lib.StaticUserWebFilter$StaticUserFilter) to context hddsDatanode
2019-08-20 21:28:01,322 [main] INFO  http.HttpServer2 (HttpServer2.java:addFilter(958)) - Added filter static_user_filter (class=org.apache.hadoop.http.lib.StaticUserWebFilter$StaticUserFilter) to context static
2019-08-20 21:28:01,323 [main] INFO  http.HttpServer2 (HttpServer2.java:addFilter(958)) - Added filter static_user_filter (class=org.apache.hadoop.http.lib.StaticUserWebFilter$StaticUserFilter) to context logs
2019-08-20 21:28:01,323 [main] INFO  http.HttpServer2 (HttpServer2.java:bindListener(1191)) - Jetty bound to port 46140
2019-08-20 21:28:01,324 [main] INFO  server.Server (Server.java:doStart(351)) - jetty-9.3.24.v20180605, build timestamp: 2018-06-05T17:11:56Z, git hash: 84205aa28f11a4f31f2a3b86d1bba2cc8ab69827
2019-08-20 21:28:01,327 [main] INFO  handler.ContextHandler (ContextHandler.java:doStart(781)) - Started o.e.j.s.ServletContextHandler@599a9cb2{/logs,file:///workdir/hadoop-ozone/integration-test/target/log,AVAILABLE}
2019-08-20 21:28:01,328 [main] INFO  handler.ContextHandler (ContextHandler.java:doStart(781)) - Started o.e.j.s.ServletContextHandler@5e1a986c{/static,jar:file:/home/user/.m2/repository/org/apache/hadoop/hadoop-hdds-container-service/0.5.0-SNAPSHOT/hadoop-hdds-container-service-0.5.0-SNAPSHOT.jar!/webapps/static,AVAILABLE}
2019-08-20 21:28:01,357 [main] INFO  handler.ContextHandler (ContextHandler.java:doStart(781)) - Started o.e.j.w.WebAppContext@79957f11{/,file:///tmp/jetty-0.0.0.0-46140-hddsDatanode-_-any-7958779701276203449.dir/webapp/,AVAILABLE}{/hddsDatanode}
2019-08-20 21:28:01,358 [main] INFO  server.AbstractConnector (AbstractConnector.java:doStart(278)) - Started ServerConnector@217235f5{HTTP/1.1,[http/1.1]}{0.0.0.0:46140}
2019-08-20 21:28:01,358 [main] INFO  server.Server (Server.java:doStart(419)) - Started @6737ms
2019-08-20 21:28:01,360 [main] INFO  server.BaseHttpServer (BaseHttpServer.java:updateConnectorAddress(213)) - HTTP server of HDDSDATANODE is listening at http://0.0.0.0:46140
2019-08-20 21:28:01,395 [Datanode State Machine Thread - 0] INFO  datanode.InitDatanodeState (InitDatanodeState.java:persistContainerDatanodeDetails(140)) - DatanodeDetails is persisted to /workdir/hadoop-ozone/integration-test/target/test-dir/MiniOzoneClusterImpl-bdedfcae-614b-4f2f-bc36-d58a77a44aef/datanode-0/meta/datanode.id
2019-08-20 21:28:01,515 | INFO  | ObjectStoreRestHttpServer | Listening HDDS REST traffic on /0.0.0.0:45804 |  
2019-08-20 21:28:01,515 [main] INFO  ozone.HddsDatanodeService (HddsDatanodeService.java:startPlugins(395)) - Started plug-in org.apache.hadoop.ozone.web.OzoneHddsDatanodeService@44bc2449
2019-08-20 21:28:01,516 [main] INFO  impl.MetricsSystemImpl (MetricsSystemImpl.java:init(158)) - HddsDatanode metrics system started (again)
2019-08-20 21:28:01,518 [org.apache.hadoop.util.JvmPauseMonitor$Monitor@787625c9] INFO  util.JvmPauseMonitor (JvmPauseMonitor.java:run(188)) - Starting JVM pause monitor
2019-08-20 21:28:01,519 [main] INFO  ozone.HddsDatanodeService (HddsDatanodeService.java:start(184)) - HddsDatanodeService host:pr-hdds-1973-5qsvz-4139986036 ip:192.168.5.148
2019-08-20 21:28:01,523 [Datanode State Machine Thread - 0] INFO  datanode.InitDatanodeState (InitDatanodeState.java:persistContainerDatanodeDetails(140)) - DatanodeDetails is persisted to /workdir/hadoop-ozone/integration-test/target/test-dir/MiniOzoneClusterImpl-bdedfcae-614b-4f2f-bc36-d58a77a44aef/datanode-1/meta/datanode.id
2019-08-20 21:28:01,528 [main] INFO  volume.HddsVolume (HddsVolume.java:<init>(176)) - Creating Volume: /workdir/hadoop-ozone/integration-test/target/test-dir/MiniOzoneClusterImpl-bdedfcae-614b-4f2f-bc36-d58a77a44aef/datanode-2/data/containers/hdds of  storage type : DISK and capacity : 1482555576320
2019-08-20 21:28:01,528 [main] INFO  volume.VolumeSet (VolumeSet.java:initializeVolumeSet(170)) - Added Volume : /workdir/hadoop-ozone/integration-test/target/test-dir/MiniOzoneClusterImpl-bdedfcae-614b-4f2f-bc36-d58a77a44aef/datanode-2/data/containers/hdds to VolumeSet
2019-08-20 21:28:01,528 [main] INFO  volume.ThrottledAsyncChecker (ThrottledAsyncChecker.java:schedule(140)) - Scheduling a check for org.apache.hadoop.ozone.container.common.volume.HddsVolume@74ba6ff5
2019-08-20 21:28:01,529 [main] INFO  volume.HddsVolumeChecker (HddsVolumeChecker.java:checkAllVolumes(203)) - Scheduled health check for volume org.apache.hadoop.ozone.container.common.volume.HddsVolume@74ba6ff5
2019-08-20 21:28:01,546 [main] INFO  impl.RaftServerProxy (ConfUtils.java:logGet(43)) - raft.rpc.type = GRPC (default)
2019-08-20 21:28:01,546 [main] INFO  grpc.GrpcFactory (GrpcFactory.java:checkPooledByteBufAllocatorUseCacheForAllThreads(45)) - PERFORMANCE WARNING: useCacheForAllThreads is true that may cause Netty to create a lot garbage objects and, as a result, trigger GC.
	It is recommended to disable useCacheForAllThreads by setting -Dorg.apache.ratis.thirdparty.io.netty.allocator.useCacheForAllThreads=false in command line.
2019-08-20 21:28:01,546 [main] INFO  grpc.GrpcConfigKeys$Server (ConfUtils.java:logGet(43)) - raft.grpc.server.port = 0 (default)
2019-08-20 21:28:01,547 [main] INFO  server.GrpcService (ConfUtils.java:logGet(43)) - raft.grpc.message.size.max = 33570816 (custom)
2019-08-20 21:28:01,547 [main] INFO  server.RaftServerConfigKeys (ConfUtils.java:logGet(43)) - raft.server.log.appender.buffer.byte-limit = 33554432 (custom)
2019-08-20 21:28:01,547 [main] INFO  server.GrpcService (ConfUtils.java:logGet(43)) - raft.grpc.flow.control.window = 1MB (=1048576) (default)
2019-08-20 21:28:01,547 [main] INFO  server.RaftServerConfigKeys (ConfUtils.java:logGet(43)) - raft.server.rpc.request.timeout = 3000ms (default)
2019-08-20 21:28:01,548 [main] INFO  server.RaftServerConfigKeys (ConfUtils.java:logGet(43)) - raft.server.storage.dir = [/workdir/hadoop-ozone/integration-test/target/test-dir/MiniOzoneClusterImpl-bdedfcae-614b-4f2f-bc36-d58a77a44aef/datanode-2/data/ratis] (custom)
2019-08-20 21:28:01,549 [main] INFO  replication.SimpleContainerDownloader (SimpleContainerDownloader.java:<init>(72)) - Starting container downloader service to copy containers to replicate.
2019-08-20 21:28:01,551 [main] INFO  hdfs.DFSUtil (DFSUtil.java:httpServerTemplateForNNAndJN(1641)) - Starting Web-server for hddsDatanode at: http://0.0.0.0:0
2019-08-20 21:28:01,552 [main] INFO  server.AuthenticationFilter (AuthenticationFilter.java:constructSecretProvider(240)) - Unable to initialize FileSignerSecretProvider, falling back to use random secrets.
2019-08-20 21:28:01,553 [main] WARN  http.HttpRequestLog (HttpRequestLog.java:getRequestLog(97)) - Jetty request log can only be enabled using Log4j
2019-08-20 21:28:01,555 [main] INFO  http.HttpServer2 (HttpServer2.java:addGlobalFilter(975)) - Added global filter 'safety' (class=org.apache.hadoop.http.HttpServer2$QuotingInputFilter)
2019-08-20 21:28:01,555 [main] INFO  http.HttpServer2 (HttpServer2.java:addFilter(948)) - Added filter static_user_filter (class=org.apache.hadoop.http.lib.StaticUserWebFilter$StaticUserFilter) to context hddsDatanode
2019-08-20 21:28:01,555 [main] INFO  http.HttpServer2 (HttpServer2.java:addFilter(958)) - Added filter static_user_filter (class=org.apache.hadoop.http.lib.StaticUserWebFilter$StaticUserFilter) to context logs
2019-08-20 21:28:01,556 [main] INFO  http.HttpServer2 (HttpServer2.java:addFilter(958)) - Added filter static_user_filter (class=org.apache.hadoop.http.lib.StaticUserWebFilter$StaticUserFilter) to context static
2019-08-20 21:28:01,556 [main] INFO  http.HttpServer2 (HttpServer2.java:bindListener(1191)) - Jetty bound to port 40817
2019-08-20 21:28:01,557 [main] INFO  server.Server (Server.java:doStart(351)) - jetty-9.3.24.v20180605, build timestamp: 2018-06-05T17:11:56Z, git hash: 84205aa28f11a4f31f2a3b86d1bba2cc8ab69827
2019-08-20 21:28:01,559 [main] INFO  handler.ContextHandler (ContextHandler.java:doStart(781)) - Started o.e.j.s.ServletContextHandler@38e83838{/logs,file:///workdir/hadoop-ozone/integration-test/target/log,AVAILABLE}
2019-08-20 21:28:01,559 [main] INFO  handler.ContextHandler (ContextHandler.java:doStart(781)) - Started o.e.j.s.ServletContextHandler@4966bab1{/static,jar:file:/home/user/.m2/repository/org/apache/hadoop/hadoop-hdds-container-service/0.5.0-SNAPSHOT/hadoop-hdds-container-service-0.5.0-SNAPSHOT.jar!/webapps/static,AVAILABLE}
2019-08-20 21:28:01,588 [main] INFO  handler.ContextHandler (ContextHandler.java:doStart(781)) - Started o.e.j.w.WebAppContext@44d7e24{/,file:///tmp/jetty-0.0.0.0-40817-hddsDatanode-_-any-3816250726866335265.dir/webapp/,AVAILABLE}{/hddsDatanode}
2019-08-20 21:28:01,589 [main] INFO  server.AbstractConnector (AbstractConnector.java:doStart(278)) - Started ServerConnector@26c8b296{HTTP/1.1,[http/1.1]}{0.0.0.0:40817}
2019-08-20 21:28:01,590 [main] INFO  server.Server (Server.java:doStart(419)) - Started @6969ms
2019-08-20 21:28:01,591 [main] INFO  server.BaseHttpServer (BaseHttpServer.java:updateConnectorAddress(213)) - HTTP server of HDDSDATANODE is listening at http://0.0.0.0:40817
2019-08-20 21:28:01,756 | INFO  | ObjectStoreRestHttpServer | Listening HDDS REST traffic on /0.0.0.0:41528 |  
2019-08-20 21:28:01,756 [main] INFO  ozone.HddsDatanodeService (HddsDatanodeService.java:startPlugins(395)) - Started plug-in org.apache.hadoop.ozone.web.OzoneHddsDatanodeService@599f1b7
2019-08-20 21:28:01,757 [main] INFO  impl.MetricsSystemImpl (MetricsSystemImpl.java:init(158)) - HddsDatanode metrics system started (again)
2019-08-20 21:28:01,760 [org.apache.hadoop.util.JvmPauseMonitor$Monitor@4659383] INFO  util.JvmPauseMonitor (JvmPauseMonitor.java:run(188)) - Starting JVM pause monitor
2019-08-20 21:28:01,760 [main] INFO  ozone.HddsDatanodeService (HddsDatanodeService.java:start(184)) - HddsDatanodeService host:pr-hdds-1973-5qsvz-4139986036 ip:192.168.5.148
2019-08-20 21:28:01,762 [Datanode State Machine Thread - 0] INFO  datanode.InitDatanodeState (InitDatanodeState.java:persistContainerDatanodeDetails(140)) - DatanodeDetails is persisted to /workdir/hadoop-ozone/integration-test/target/test-dir/MiniOzoneClusterImpl-bdedfcae-614b-4f2f-bc36-d58a77a44aef/datanode-2/meta/datanode.id
2019-08-20 21:28:01,767 [main] INFO  volume.HddsVolume (HddsVolume.java:<init>(176)) - Creating Volume: /workdir/hadoop-ozone/integration-test/target/test-dir/MiniOzoneClusterImpl-bdedfcae-614b-4f2f-bc36-d58a77a44aef/datanode-3/data/containers/hdds of  storage type : DISK and capacity : 1482555576320
2019-08-20 21:28:01,767 [main] INFO  volume.VolumeSet (VolumeSet.java:initializeVolumeSet(170)) - Added Volume : /workdir/hadoop-ozone/integration-test/target/test-dir/MiniOzoneClusterImpl-bdedfcae-614b-4f2f-bc36-d58a77a44aef/datanode-3/data/containers/hdds to VolumeSet
2019-08-20 21:28:01,768 [main] INFO  volume.ThrottledAsyncChecker (ThrottledAsyncChecker.java:schedule(140)) - Scheduling a check for org.apache.hadoop.ozone.container.common.volume.HddsVolume@1a914089
2019-08-20 21:28:01,768 [main] INFO  volume.HddsVolumeChecker (HddsVolumeChecker.java:checkAllVolumes(203)) - Scheduled health check for volume org.apache.hadoop.ozone.container.common.volume.HddsVolume@1a914089
2019-08-20 21:28:01,784 [main] INFO  impl.RaftServerProxy (ConfUtils.java:logGet(43)) - raft.rpc.type = GRPC (default)
2019-08-20 21:28:01,785 [main] INFO  grpc.GrpcFactory (GrpcFactory.java:checkPooledByteBufAllocatorUseCacheForAllThreads(45)) - PERFORMANCE WARNING: useCacheForAllThreads is true that may cause Netty to create a lot garbage objects and, as a result, trigger GC.
	It is recommended to disable useCacheForAllThreads by setting -Dorg.apache.ratis.thirdparty.io.netty.allocator.useCacheForAllThreads=false in command line.
2019-08-20 21:28:01,785 [main] INFO  grpc.GrpcConfigKeys$Server (ConfUtils.java:logGet(43)) - raft.grpc.server.port = 0 (default)
2019-08-20 21:28:01,785 [main] INFO  server.GrpcService (ConfUtils.java:logGet(43)) - raft.grpc.message.size.max = 33570816 (custom)
2019-08-20 21:28:01,786 [main] INFO  server.RaftServerConfigKeys (ConfUtils.java:logGet(43)) - raft.server.log.appender.buffer.byte-limit = 33554432 (custom)
2019-08-20 21:28:01,786 [main] INFO  server.GrpcService (ConfUtils.java:logGet(43)) - raft.grpc.flow.control.window = 1MB (=1048576) (default)
2019-08-20 21:28:01,786 [main] INFO  server.RaftServerConfigKeys (ConfUtils.java:logGet(43)) - raft.server.rpc.request.timeout = 3000ms (default)
2019-08-20 21:28:01,787 [main] INFO  server.RaftServerConfigKeys (ConfUtils.java:logGet(43)) - raft.server.storage.dir = [/workdir/hadoop-ozone/integration-test/target/test-dir/MiniOzoneClusterImpl-bdedfcae-614b-4f2f-bc36-d58a77a44aef/datanode-3/data/ratis] (custom)
2019-08-20 21:28:01,788 [main] INFO  replication.SimpleContainerDownloader (SimpleContainerDownloader.java:<init>(72)) - Starting container downloader service to copy containers to replicate.
2019-08-20 21:28:01,789 [main] INFO  hdfs.DFSUtil (DFSUtil.java:httpServerTemplateForNNAndJN(1641)) - Starting Web-server for hddsDatanode at: http://0.0.0.0:0
2019-08-20 21:28:01,790 [main] INFO  server.AuthenticationFilter (AuthenticationFilter.java:constructSecretProvider(240)) - Unable to initialize FileSignerSecretProvider, falling back to use random secrets.
2019-08-20 21:28:01,791 [main] WARN  http.HttpRequestLog (HttpRequestLog.java:getRequestLog(97)) - Jetty request log can only be enabled using Log4j
2019-08-20 21:28:01,793 [main] INFO  http.HttpServer2 (HttpServer2.java:addGlobalFilter(975)) - Added global filter 'safety' (class=org.apache.hadoop.http.HttpServer2$QuotingInputFilter)
2019-08-20 21:28:01,793 [main] INFO  http.HttpServer2 (HttpServer2.java:addFilter(948)) - Added filter static_user_filter (class=org.apache.hadoop.http.lib.StaticUserWebFilter$StaticUserFilter) to context hddsDatanode
2019-08-20 21:28:01,794 [main] INFO  http.HttpServer2 (HttpServer2.java:addFilter(958)) - Added filter static_user_filter (class=org.apache.hadoop.http.lib.StaticUserWebFilter$StaticUserFilter) to context static
2019-08-20 21:28:01,794 [main] INFO  http.HttpServer2 (HttpServer2.java:addFilter(958)) - Added filter static_user_filter (class=org.apache.hadoop.http.lib.StaticUserWebFilter$StaticUserFilter) to context logs
2019-08-20 21:28:01,794 [main] INFO  http.HttpServer2 (HttpServer2.java:bindListener(1191)) - Jetty bound to port 42889
2019-08-20 21:28:01,795 [main] INFO  server.Server (Server.java:doStart(351)) - jetty-9.3.24.v20180605, build timestamp: 2018-06-05T17:11:56Z, git hash: 84205aa28f11a4f31f2a3b86d1bba2cc8ab69827
2019-08-20 21:28:01,798 [main] INFO  handler.ContextHandler (ContextHandler.java:doStart(781)) - Started o.e.j.s.ServletContextHandler@7da1e005{/logs,file:///workdir/hadoop-ozone/integration-test/target/log,AVAILABLE}
2019-08-20 21:28:01,799 [main] INFO  handler.ContextHandler (ContextHandler.java:doStart(781)) - Started o.e.j.s.ServletContextHandler@55877274{/static,jar:file:/home/user/.m2/repository/org/apache/hadoop/hadoop-hdds-container-service/0.5.0-SNAPSHOT/hadoop-hdds-container-service-0.5.0-SNAPSHOT.jar!/webapps/static,AVAILABLE}
2019-08-20 21:28:01,828 [main] INFO  handler.ContextHandler (ContextHandler.java:doStart(781)) - Started o.e.j.w.WebAppContext@6c835217{/,file:///tmp/jetty-0.0.0.0-42889-hddsDatanode-_-any-2437883953419852514.dir/webapp/,AVAILABLE}{/hddsDatanode}
2019-08-20 21:28:01,829 [main] INFO  server.AbstractConnector (AbstractConnector.java:doStart(278)) - Started ServerConnector@4584304{HTTP/1.1,[http/1.1]}{0.0.0.0:42889}
2019-08-20 21:28:01,830 [main] INFO  server.Server (Server.java:doStart(419)) - Started @7209ms
2019-08-20 21:28:01,830 [main] INFO  server.BaseHttpServer (BaseHttpServer.java:updateConnectorAddress(213)) - HTTP server of HDDSDATANODE is listening at http://0.0.0.0:42889
2019-08-20 21:28:01,985 | INFO  | ObjectStoreRestHttpServer | Listening HDDS REST traffic on /0.0.0.0:34071 |  
2019-08-20 21:28:01,985 [main] INFO  ozone.HddsDatanodeService (HddsDatanodeService.java:startPlugins(395)) - Started plug-in org.apache.hadoop.ozone.web.OzoneHddsDatanodeService@458031da
2019-08-20 21:28:01,986 [main] INFO  impl.MetricsSystemImpl (MetricsSystemImpl.java:init(158)) - HddsDatanode metrics system started (again)
2019-08-20 21:28:01,988 [org.apache.hadoop.util.JvmPauseMonitor$Monitor@499eb9e] INFO  util.JvmPauseMonitor (JvmPauseMonitor.java:run(188)) - Starting JVM pause monitor
2019-08-20 21:28:01,989 [main] INFO  ozone.HddsDatanodeService (HddsDatanodeService.java:start(184)) - HddsDatanodeService host:pr-hdds-1973-5qsvz-4139986036 ip:192.168.5.148
2019-08-20 21:28:01,990 [Datanode State Machine Thread - 0] INFO  datanode.InitDatanodeState (InitDatanodeState.java:persistContainerDatanodeDetails(140)) - DatanodeDetails is persisted to /workdir/hadoop-ozone/integration-test/target/test-dir/MiniOzoneClusterImpl-bdedfcae-614b-4f2f-bc36-d58a77a44aef/datanode-3/meta/datanode.id
2019-08-20 21:28:01,995 [main] INFO  volume.HddsVolume (HddsVolume.java:<init>(176)) - Creating Volume: /workdir/hadoop-ozone/integration-test/target/test-dir/MiniOzoneClusterImpl-bdedfcae-614b-4f2f-bc36-d58a77a44aef/datanode-4/data/containers/hdds of  storage type : DISK and capacity : 1482555576320
2019-08-20 21:28:01,996 [main] INFO  volume.VolumeSet (VolumeSet.java:initializeVolumeSet(170)) - Added Volume : /workdir/hadoop-ozone/integration-test/target/test-dir/MiniOzoneClusterImpl-bdedfcae-614b-4f2f-bc36-d58a77a44aef/datanode-4/data/containers/hdds to VolumeSet
2019-08-20 21:28:01,996 [main] INFO  volume.ThrottledAsyncChecker (ThrottledAsyncChecker.java:schedule(140)) - Scheduling a check for org.apache.hadoop.ozone.container.common.volume.HddsVolume@9408857
2019-08-20 21:28:01,997 [main] INFO  volume.HddsVolumeChecker (HddsVolumeChecker.java:checkAllVolumes(203)) - Scheduled health check for volume org.apache.hadoop.ozone.container.common.volume.HddsVolume@9408857
2019-08-20 21:28:02,012 [main] INFO  impl.RaftServerProxy (ConfUtils.java:logGet(43)) - raft.rpc.type = GRPC (default)
2019-08-20 21:28:02,012 [main] INFO  grpc.GrpcFactory (GrpcFactory.java:checkPooledByteBufAllocatorUseCacheForAllThreads(45)) - PERFORMANCE WARNING: useCacheForAllThreads is true that may cause Netty to create a lot garbage objects and, as a result, trigger GC.
	It is recommended to disable useCacheForAllThreads by setting -Dorg.apache.ratis.thirdparty.io.netty.allocator.useCacheForAllThreads=false in command line.
2019-08-20 21:28:02,012 [main] INFO  grpc.GrpcConfigKeys$Server (ConfUtils.java:logGet(43)) - raft.grpc.server.port = 0 (default)
2019-08-20 21:28:02,013 [main] INFO  server.GrpcService (ConfUtils.java:logGet(43)) - raft.grpc.message.size.max = 33570816 (custom)
2019-08-20 21:28:02,013 [main] INFO  server.RaftServerConfigKeys (ConfUtils.java:logGet(43)) - raft.server.log.appender.buffer.byte-limit = 33554432 (custom)
2019-08-20 21:28:02,013 [main] INFO  server.GrpcService (ConfUtils.java:logGet(43)) - raft.grpc.flow.control.window = 1MB (=1048576) (default)
2019-08-20 21:28:02,014 [main] INFO  server.RaftServerConfigKeys (ConfUtils.java:logGet(43)) - raft.server.rpc.request.timeout = 3000ms (default)
2019-08-20 21:28:02,014 [main] INFO  server.RaftServerConfigKeys (ConfUtils.java:logGet(43)) - raft.server.storage.dir = [/workdir/hadoop-ozone/integration-test/target/test-dir/MiniOzoneClusterImpl-bdedfcae-614b-4f2f-bc36-d58a77a44aef/datanode-4/data/ratis] (custom)
2019-08-20 21:28:02,015 [main] INFO  replication.SimpleContainerDownloader (SimpleContainerDownloader.java:<init>(72)) - Starting container downloader service to copy containers to replicate.
2019-08-20 21:28:02,016 [main] INFO  hdfs.DFSUtil (DFSUtil.java:httpServerTemplateForNNAndJN(1641)) - Starting Web-server for hddsDatanode at: http://0.0.0.0:0
2019-08-20 21:28:02,018 [main] INFO  server.AuthenticationFilter (AuthenticationFilter.java:constructSecretProvider(240)) - Unable to initialize FileSignerSecretProvider, falling back to use random secrets.
2019-08-20 21:28:02,018 [main] WARN  http.HttpRequestLog (HttpRequestLog.java:getRequestLog(97)) - Jetty request log can only be enabled using Log4j
2019-08-20 21:28:02,020 [main] INFO  http.HttpServer2 (HttpServer2.java:addGlobalFilter(975)) - Added global filter 'safety' (class=org.apache.hadoop.http.HttpServer2$QuotingInputFilter)
2019-08-20 21:28:02,020 [main] INFO  http.HttpServer2 (HttpServer2.java:addFilter(948)) - Added filter static_user_filter (class=org.apache.hadoop.http.lib.StaticUserWebFilter$StaticUserFilter) to context hddsDatanode
2019-08-20 21:28:02,020 [main] INFO  http.HttpServer2 (HttpServer2.java:addFilter(958)) - Added filter static_user_filter (class=org.apache.hadoop.http.lib.StaticUserWebFilter$StaticUserFilter) to context static
2019-08-20 21:28:02,021 [main] INFO  http.HttpServer2 (HttpServer2.java:addFilter(958)) - Added filter static_user_filter (class=org.apache.hadoop.http.lib.StaticUserWebFilter$StaticUserFilter) to context logs
2019-08-20 21:28:02,021 [main] INFO  http.HttpServer2 (HttpServer2.java:bindListener(1191)) - Jetty bound to port 43642
2019-08-20 21:28:02,022 [main] INFO  server.Server (Server.java:doStart(351)) - jetty-9.3.24.v20180605, build timestamp: 2018-06-05T17:11:56Z, git hash: 84205aa28f11a4f31f2a3b86d1bba2cc8ab69827
2019-08-20 21:28:02,024 [main] INFO  handler.ContextHandler (ContextHandler.java:doStart(781)) - Started o.e.j.s.ServletContextHandler@77324a58{/logs,file:///workdir/hadoop-ozone/integration-test/target/log,AVAILABLE}
2019-08-20 21:28:02,024 [main] INFO  handler.ContextHandler (ContextHandler.java:doStart(781)) - Started o.e.j.s.ServletContextHandler@307cf964{/static,jar:file:/home/user/.m2/repository/org/apache/hadoop/hadoop-hdds-container-service/0.5.0-SNAPSHOT/hadoop-hdds-container-service-0.5.0-SNAPSHOT.jar!/webapps/static,AVAILABLE}
2019-08-20 21:28:02,055 [main] INFO  handler.ContextHandler (ContextHandler.java:doStart(781)) - Started o.e.j.w.WebAppContext@123307c4{/,file:///tmp/jetty-0.0.0.0-43642-hddsDatanode-_-any-7184080353779547063.dir/webapp/,AVAILABLE}{/hddsDatanode}
2019-08-20 21:28:02,057 [main] INFO  server.AbstractConnector (AbstractConnector.java:doStart(278)) - Started ServerConnector@1693ff90{HTTP/1.1,[http/1.1]}{0.0.0.0:43642}
2019-08-20 21:28:02,057 [main] INFO  server.Server (Server.java:doStart(419)) - Started @7436ms
2019-08-20 21:28:02,058 [main] INFO  server.BaseHttpServer (BaseHttpServer.java:updateConnectorAddress(213)) - HTTP server of HDDSDATANODE is listening at http://0.0.0.0:43642
2019-08-20 21:28:02,200 | INFO  | ObjectStoreRestHttpServer | Listening HDDS REST traffic on /0.0.0.0:38694 |  
2019-08-20 21:28:02,200 [main] INFO  ozone.HddsDatanodeService (HddsDatanodeService.java:startPlugins(395)) - Started plug-in org.apache.hadoop.ozone.web.OzoneHddsDatanodeService@46612bfc
2019-08-20 21:28:02,201 [main] INFO  impl.MetricsSystemImpl (MetricsSystemImpl.java:init(158)) - HddsDatanode metrics system started (again)
2019-08-20 21:28:02,204 [org.apache.hadoop.util.JvmPauseMonitor$Monitor@18a6c994] INFO  util.JvmPauseMonitor (JvmPauseMonitor.java:run(188)) - Starting JVM pause monitor
2019-08-20 21:28:02,204 [main] INFO  ozone.HddsDatanodeService (HddsDatanodeService.java:start(184)) - HddsDatanodeService host:pr-hdds-1973-5qsvz-4139986036 ip:192.168.5.148
2019-08-20 21:28:02,205 [Datanode State Machine Thread - 0] INFO  datanode.InitDatanodeState (InitDatanodeState.java:persistContainerDatanodeDetails(140)) - DatanodeDetails is persisted to /workdir/hadoop-ozone/integration-test/target/test-dir/MiniOzoneClusterImpl-bdedfcae-614b-4f2f-bc36-d58a77a44aef/datanode-4/meta/datanode.id
2019-08-20 21:28:02,211 [main] INFO  volume.HddsVolume (HddsVolume.java:<init>(176)) - Creating Volume: /workdir/hadoop-ozone/integration-test/target/test-dir/MiniOzoneClusterImpl-bdedfcae-614b-4f2f-bc36-d58a77a44aef/datanode-5/data/containers/hdds of  storage type : DISK and capacity : 1482555576320
2019-08-20 21:28:02,212 [main] INFO  volume.VolumeSet (VolumeSet.java:initializeVolumeSet(170)) - Added Volume : /workdir/hadoop-ozone/integration-test/target/test-dir/MiniOzoneClusterImpl-bdedfcae-614b-4f2f-bc36-d58a77a44aef/datanode-5/data/containers/hdds to VolumeSet
2019-08-20 21:28:02,212 [main] INFO  volume.ThrottledAsyncChecker (ThrottledAsyncChecker.java:schedule(140)) - Scheduling a check for org.apache.hadoop.ozone.container.common.volume.HddsVolume@33bdd01
2019-08-20 21:28:02,212 [main] INFO  volume.HddsVolumeChecker (HddsVolumeChecker.java:checkAllVolumes(203)) - Scheduled health check for volume org.apache.hadoop.ozone.container.common.volume.HddsVolume@33bdd01
2019-08-20 21:28:02,227 [main] INFO  impl.RaftServerProxy (ConfUtils.java:logGet(43)) - raft.rpc.type = GRPC (default)
2019-08-20 21:28:02,227 [main] INFO  grpc.GrpcFactory (GrpcFactory.java:checkPooledByteBufAllocatorUseCacheForAllThreads(45)) - PERFORMANCE WARNING: useCacheForAllThreads is true that may cause Netty to create a lot garbage objects and, as a result, trigger GC.
	It is recommended to disable useCacheForAllThreads by setting -Dorg.apache.ratis.thirdparty.io.netty.allocator.useCacheForAllThreads=false in command line.
2019-08-20 21:28:02,227 [main] INFO  grpc.GrpcConfigKeys$Server (ConfUtils.java:logGet(43)) - raft.grpc.server.port = 0 (default)
2019-08-20 21:28:02,228 [main] INFO  server.GrpcService (ConfUtils.java:logGet(43)) - raft.grpc.message.size.max = 33570816 (custom)
2019-08-20 21:28:02,228 [main] INFO  server.RaftServerConfigKeys (ConfUtils.java:logGet(43)) - raft.server.log.appender.buffer.byte-limit = 33554432 (custom)
2019-08-20 21:28:02,228 [main] INFO  server.GrpcService (ConfUtils.java:logGet(43)) - raft.grpc.flow.control.window = 1MB (=1048576) (default)
2019-08-20 21:28:02,228 [main] INFO  server.RaftServerConfigKeys (ConfUtils.java:logGet(43)) - raft.server.rpc.request.timeout = 3000ms (default)
2019-08-20 21:28:02,229 [main] INFO  server.RaftServerConfigKeys (ConfUtils.java:logGet(43)) - raft.server.storage.dir = [/workdir/hadoop-ozone/integration-test/target/test-dir/MiniOzoneClusterImpl-bdedfcae-614b-4f2f-bc36-d58a77a44aef/datanode-5/data/ratis] (custom)
2019-08-20 21:28:02,229 [main] INFO  replication.SimpleContainerDownloader (SimpleContainerDownloader.java:<init>(72)) - Starting container downloader service to copy containers to replicate.
2019-08-20 21:28:02,233 [main] INFO  hdfs.DFSUtil (DFSUtil.java:httpServerTemplateForNNAndJN(1641)) - Starting Web-server for hddsDatanode at: http://0.0.0.0:0
2019-08-20 21:28:02,235 [main] INFO  server.AuthenticationFilter (AuthenticationFilter.java:constructSecretProvider(240)) - Unable to initialize FileSignerSecretProvider, falling back to use random secrets.
2019-08-20 21:28:02,236 [main] WARN  http.HttpRequestLog (HttpRequestLog.java:getRequestLog(97)) - Jetty request log can only be enabled using Log4j
2019-08-20 21:28:02,238 [main] INFO  http.HttpServer2 (HttpServer2.java:addGlobalFilter(975)) - Added global filter 'safety' (class=org.apache.hadoop.http.HttpServer2$QuotingInputFilter)
2019-08-20 21:28:02,239 [main] INFO  http.HttpServer2 (HttpServer2.java:addFilter(948)) - Added filter static_user_filter (class=org.apache.hadoop.http.lib.StaticUserWebFilter$StaticUserFilter) to context hddsDatanode
2019-08-20 21:28:02,239 [main] INFO  http.HttpServer2 (HttpServer2.java:addFilter(958)) - Added filter static_user_filter (class=org.apache.hadoop.http.lib.StaticUserWebFilter$StaticUserFilter) to context static
2019-08-20 21:28:02,239 [main] INFO  http.HttpServer2 (HttpServer2.java:addFilter(958)) - Added filter static_user_filter (class=org.apache.hadoop.http.lib.StaticUserWebFilter$StaticUserFilter) to context logs
2019-08-20 21:28:02,240 [main] INFO  http.HttpServer2 (HttpServer2.java:bindListener(1191)) - Jetty bound to port 42034
2019-08-20 21:28:02,240 [main] INFO  server.Server (Server.java:doStart(351)) - jetty-9.3.24.v20180605, build timestamp: 2018-06-05T17:11:56Z, git hash: 84205aa28f11a4f31f2a3b86d1bba2cc8ab69827
2019-08-20 21:28:02,284 [main] INFO  handler.ContextHandler (ContextHandler.java:doStart(781)) - Started o.e.j.s.ServletContextHandler@45287377{/logs,file:///workdir/hadoop-ozone/integration-test/target/log,AVAILABLE}
2019-08-20 21:28:02,285 [main] INFO  handler.ContextHandler (ContextHandler.java:doStart(781)) - Started o.e.j.s.ServletContextHandler@70b33256{/static,jar:file:/home/user/.m2/repository/org/apache/hadoop/hadoop-hdds-container-service/0.5.0-SNAPSHOT/hadoop-hdds-container-service-0.5.0-SNAPSHOT.jar!/webapps/static,AVAILABLE}
2019-08-20 21:28:02,327 [main] INFO  handler.ContextHandler (ContextHandler.java:doStart(781)) - Started o.e.j.w.WebAppContext@250967f1{/,file:///tmp/jetty-0.0.0.0-42034-hddsDatanode-_-any-902163072317028105.dir/webapp/,AVAILABLE}{/hddsDatanode}
2019-08-20 21:28:02,328 [main] INFO  server.AbstractConnector (AbstractConnector.java:doStart(278)) - Started ServerConnector@25c1f5ee{HTTP/1.1,[http/1.1]}{0.0.0.0:42034}
2019-08-20 21:28:02,328 [main] INFO  server.Server (Server.java:doStart(419)) - Started @7707ms
2019-08-20 21:28:02,329 [main] INFO  server.BaseHttpServer (BaseHttpServer.java:updateConnectorAddress(213)) - HTTP server of HDDSDATANODE is listening at http://0.0.0.0:42034
2019-08-20 21:28:02,479 | INFO  | ObjectStoreRestHttpServer | Listening HDDS REST traffic on /0.0.0.0:35351 |  
2019-08-20 21:28:02,479 [main] INFO  ozone.HddsDatanodeService (HddsDatanodeService.java:startPlugins(395)) - Started plug-in org.apache.hadoop.ozone.web.OzoneHddsDatanodeService@305b43ca
2019-08-20 21:28:02,480 [main] INFO  impl.MetricsSystemImpl (MetricsSystemImpl.java:init(158)) - HddsDatanode metrics system started (again)
2019-08-20 21:28:02,484 [org.apache.hadoop.util.JvmPauseMonitor$Monitor@3c7dea2f] INFO  util.JvmPauseMonitor (JvmPauseMonitor.java:run(188)) - Starting JVM pause monitor
2019-08-20 21:28:02,485 [main] INFO  ozone.HddsDatanodeService (HddsDatanodeService.java:start(184)) - HddsDatanodeService host:pr-hdds-1973-5qsvz-4139986036 ip:192.168.5.148
2019-08-20 21:28:02,487 [Datanode State Machine Thread - 0] INFO  datanode.InitDatanodeState (InitDatanodeState.java:persistContainerDatanodeDetails(140)) - DatanodeDetails is persisted to /workdir/hadoop-ozone/integration-test/target/test-dir/MiniOzoneClusterImpl-bdedfcae-614b-4f2f-bc36-d58a77a44aef/datanode-5/meta/datanode.id
2019-08-20 21:28:02,493 [main] INFO  volume.HddsVolume (HddsVolume.java:<init>(176)) - Creating Volume: /workdir/hadoop-ozone/integration-test/target/test-dir/MiniOzoneClusterImpl-bdedfcae-614b-4f2f-bc36-d58a77a44aef/datanode-6/data/containers/hdds of  storage type : DISK and capacity : 1482555576320
2019-08-20 21:28:02,493 [main] INFO  volume.VolumeSet (VolumeSet.java:initializeVolumeSet(170)) - Added Volume : /workdir/hadoop-ozone/integration-test/target/test-dir/MiniOzoneClusterImpl-bdedfcae-614b-4f2f-bc36-d58a77a44aef/datanode-6/data/containers/hdds to VolumeSet
2019-08-20 21:28:02,494 [main] INFO  volume.ThrottledAsyncChecker (ThrottledAsyncChecker.java:schedule(140)) - Scheduling a check for org.apache.hadoop.ozone.container.common.volume.HddsVolume@1d17423f
2019-08-20 21:28:02,494 [main] INFO  volume.HddsVolumeChecker (HddsVolumeChecker.java:checkAllVolumes(203)) - Scheduled health check for volume org.apache.hadoop.ozone.container.common.volume.HddsVolume@1d17423f
2019-08-20 21:28:02,511 [main] INFO  impl.RaftServerProxy (ConfUtils.java:logGet(43)) - raft.rpc.type = GRPC (default)
2019-08-20 21:28:02,511 [main] INFO  grpc.GrpcFactory (GrpcFactory.java:checkPooledByteBufAllocatorUseCacheForAllThreads(45)) - PERFORMANCE WARNING: useCacheForAllThreads is true that may cause Netty to create a lot garbage objects and, as a result, trigger GC.
	It is recommended to disable useCacheForAllThreads by setting -Dorg.apache.ratis.thirdparty.io.netty.allocator.useCacheForAllThreads=false in command line.
2019-08-20 21:28:02,511 [main] INFO  grpc.GrpcConfigKeys$Server (ConfUtils.java:logGet(43)) - raft.grpc.server.port = 0 (default)
2019-08-20 21:28:02,512 [main] INFO  server.GrpcService (ConfUtils.java:logGet(43)) - raft.grpc.message.size.max = 33570816 (custom)
2019-08-20 21:28:02,512 [main] INFO  server.RaftServerConfigKeys (ConfUtils.java:logGet(43)) - raft.server.log.appender.buffer.byte-limit = 33554432 (custom)
2019-08-20 21:28:02,512 [main] INFO  server.GrpcService (ConfUtils.java:logGet(43)) - raft.grpc.flow.control.window = 1MB (=1048576) (default)
2019-08-20 21:28:02,512 [main] INFO  server.RaftServerConfigKeys (ConfUtils.java:logGet(43)) - raft.server.rpc.request.timeout = 3000ms (default)
2019-08-20 21:28:02,513 [main] INFO  server.RaftServerConfigKeys (ConfUtils.java:logGet(43)) - raft.server.storage.dir = [/workdir/hadoop-ozone/integration-test/target/test-dir/MiniOzoneClusterImpl-bdedfcae-614b-4f2f-bc36-d58a77a44aef/datanode-6/data/ratis] (custom)
2019-08-20 21:28:02,513 [main] INFO  replication.SimpleContainerDownloader (SimpleContainerDownloader.java:<init>(72)) - Starting container downloader service to copy containers to replicate.
2019-08-20 21:28:02,514 [main] INFO  hdfs.DFSUtil (DFSUtil.java:httpServerTemplateForNNAndJN(1641)) - Starting Web-server for hddsDatanode at: http://0.0.0.0:0
2019-08-20 21:28:02,516 [main] INFO  server.AuthenticationFilter (AuthenticationFilter.java:constructSecretProvider(240)) - Unable to initialize FileSignerSecretProvider, falling back to use random secrets.
2019-08-20 21:28:02,516 [main] WARN  http.HttpRequestLog (HttpRequestLog.java:getRequestLog(97)) - Jetty request log can only be enabled using Log4j
2019-08-20 21:28:02,518 [main] INFO  http.HttpServer2 (HttpServer2.java:addGlobalFilter(975)) - Added global filter 'safety' (class=org.apache.hadoop.http.HttpServer2$QuotingInputFilter)
2019-08-20 21:28:02,519 [main] INFO  http.HttpServer2 (HttpServer2.java:addFilter(948)) - Added filter static_user_filter (class=org.apache.hadoop.http.lib.StaticUserWebFilter$StaticUserFilter) to context hddsDatanode
2019-08-20 21:28:02,519 [main] INFO  http.HttpServer2 (HttpServer2.java:addFilter(958)) - Added filter static_user_filter (class=org.apache.hadoop.http.lib.StaticUserWebFilter$StaticUserFilter) to context logs
2019-08-20 21:28:02,519 [main] INFO  http.HttpServer2 (HttpServer2.java:addFilter(958)) - Added filter static_user_filter (class=org.apache.hadoop.http.lib.StaticUserWebFilter$StaticUserFilter) to context static
2019-08-20 21:28:02,520 [main] INFO  http.HttpServer2 (HttpServer2.java:bindListener(1191)) - Jetty bound to port 37699
2019-08-20 21:28:02,520 [main] INFO  server.Server (Server.java:doStart(351)) - jetty-9.3.24.v20180605, build timestamp: 2018-06-05T17:11:56Z, git hash: 84205aa28f11a4f31f2a3b86d1bba2cc8ab69827
2019-08-20 21:28:02,522 [main] INFO  handler.ContextHandler (ContextHandler.java:doStart(781)) - Started o.e.j.s.ServletContextHandler@610fbe1c{/logs,file:///workdir/hadoop-ozone/integration-test/target/log,AVAILABLE}
2019-08-20 21:28:02,523 [main] INFO  handler.ContextHandler (ContextHandler.java:doStart(781)) - Started o.e.j.s.ServletContextHandler@570b2057{/static,jar:file:/home/user/.m2/repository/org/apache/hadoop/hadoop-hdds-container-service/0.5.0-SNAPSHOT/hadoop-hdds-container-service-0.5.0-SNAPSHOT.jar!/webapps/static,AVAILABLE}
2019-08-20 21:28:02,560 [main] INFO  handler.ContextHandler (ContextHandler.java:doStart(781)) - Started o.e.j.w.WebAppContext@629b780f{/,file:///tmp/jetty-0.0.0.0-37699-hddsDatanode-_-any-4209592588522247427.dir/webapp/,AVAILABLE}{/hddsDatanode}
2019-08-20 21:28:02,562 [main] INFO  server.AbstractConnector (AbstractConnector.java:doStart(278)) - Started ServerConnector@3af36922{HTTP/1.1,[http/1.1]}{0.0.0.0:37699}
2019-08-20 21:28:02,562 [main] INFO  server.Server (Server.java:doStart(419)) - Started @7941ms
2019-08-20 21:28:02,563 [main] INFO  server.BaseHttpServer (BaseHttpServer.java:updateConnectorAddress(213)) - HTTP server of HDDSDATANODE is listening at http://0.0.0.0:37699
2019-08-20 21:28:02,695 | INFO  | ObjectStoreRestHttpServer | Listening HDDS REST traffic on /0.0.0.0:37607 |  
2019-08-20 21:28:02,696 [main] INFO  ozone.HddsDatanodeService (HddsDatanodeService.java:startPlugins(395)) - Started plug-in org.apache.hadoop.ozone.web.OzoneHddsDatanodeService@9f0fc36
2019-08-20 21:28:02,698 [main] INFO  ozone.MiniOzoneClusterImpl (MiniOzoneClusterImpl.java:lambda$waitForClusterToBeReady$0(142)) - Waiting for cluster to be ready. Got 0 of 7 DN Heartbeats.
2019-08-20 21:28:02,698 [org.apache.hadoop.util.JvmPauseMonitor$Monitor@430ced60] INFO  util.JvmPauseMonitor (JvmPauseMonitor.java:run(188)) - Starting JVM pause monitor
2019-08-20 21:28:02,700 [Datanode State Machine Thread - 0] INFO  datanode.InitDatanodeState (InitDatanodeState.java:persistContainerDatanodeDetails(140)) - DatanodeDetails is persisted to /workdir/hadoop-ozone/integration-test/target/test-dir/MiniOzoneClusterImpl-bdedfcae-614b-4f2f-bc36-d58a77a44aef/datanode-6/meta/datanode.id
2019-08-20 21:28:03,311 | INFO  | SCMAudit | user=jenkins1000 | ip=192.168.5.148 | op=GET_VERSION null | ret=SUCCESS |  
2019-08-20 21:28:03,356 [Datanode State Machine Thread - 0] INFO  ozoneimpl.OzoneContainer (OzoneContainer.java:start(186)) - Attempting to start container services.
2019-08-20 21:28:03,359 [Datanode State Machine Thread - 0] INFO  ozoneimpl.OzoneContainer (OzoneContainer.java:startContainerScrub(160)) - Background container scrubber has been disabled by hdds.containerscrub.enabled
2019-08-20 21:28:03,359 [Datanode State Machine Thread - 0] INFO  ratis.XceiverServerRatis (XceiverServerRatis.java:start(404)) - Starting XceiverServerRatis 65bb560a-5aa2-49c4-ad35-2197abba1c3e at port 0
2019-08-20 21:28:03,377 [Datanode State Machine Thread - 0] INFO  impl.RaftServerProxy (RaftServerProxy.java:lambda$start$3(299)) - 65bb560a-5aa2-49c4-ad35-2197abba1c3e: start RPC server
2019-08-20 21:28:03,497 [Datanode State Machine Thread - 0] INFO  server.GrpcService (GrpcService.java:startImpl(149)) - 65bb560a-5aa2-49c4-ad35-2197abba1c3e: GrpcService started, listening on 0.0.0.0/0.0.0.0:46812
2019-08-20 21:28:03,498 [Datanode State Machine Thread - 0] INFO  ratis.XceiverServerRatis (XceiverServerRatis.java:start(414)) - XceiverServerRatis 65bb560a-5aa2-49c4-ad35-2197abba1c3e is started using port 46812
2019-08-20 21:28:03,500 [Datanode State Machine Thread - 0] INFO  server.XceiverServerGrpc (XceiverServerGrpc.java:start(161)) - XceiverServerGrpc 65bb560a-5aa2-49c4-ad35-2197abba1c3e is started using port 37395
2019-08-20 21:28:03,521 | INFO  | SCMAudit | user=jenkins1000 | ip=192.168.5.148 | op=GET_VERSION null | ret=SUCCESS |  
2019-08-20 21:28:03,535 [Datanode State Machine Thread - 0] INFO  ozoneimpl.OzoneContainer (OzoneContainer.java:start(186)) - Attempting to start container services.
2019-08-20 21:28:03,537 [Datanode State Machine Thread - 0] INFO  ozoneimpl.OzoneContainer (OzoneContainer.java:startContainerScrub(160)) - Background container scrubber has been disabled by hdds.containerscrub.enabled
2019-08-20 21:28:03,537 [Datanode State Machine Thread - 0] INFO  ratis.XceiverServerRatis (XceiverServerRatis.java:start(404)) - Starting XceiverServerRatis 2a98d864-8594-48bb-bc43-21f32096cec0 at port 0
2019-08-20 21:28:03,543 [Datanode State Machine Thread - 0] INFO  impl.RaftServerProxy (RaftServerProxy.java:lambda$start$3(299)) - 2a98d864-8594-48bb-bc43-21f32096cec0: start RPC server
2019-08-20 21:28:03,546 [Datanode State Machine Thread - 0] INFO  server.GrpcService (GrpcService.java:startImpl(149)) - 2a98d864-8594-48bb-bc43-21f32096cec0: GrpcService started, listening on 0.0.0.0/0.0.0.0:40614
2019-08-20 21:28:03,546 [Datanode State Machine Thread - 0] INFO  ratis.XceiverServerRatis (XceiverServerRatis.java:start(414)) - XceiverServerRatis 2a98d864-8594-48bb-bc43-21f32096cec0 is started using port 40614
2019-08-20 21:28:03,548 [Datanode State Machine Thread - 0] INFO  server.XceiverServerGrpc (XceiverServerGrpc.java:start(161)) - XceiverServerGrpc 2a98d864-8594-48bb-bc43-21f32096cec0 is started using port 35102
2019-08-20 21:28:03,698 [main] INFO  ozone.MiniOzoneClusterImpl (MiniOzoneClusterImpl.java:lambda$waitForClusterToBeReady$0(142)) - Waiting for cluster to be ready. Got 0 of 7 DN Heartbeats.
2019-08-20 21:28:03,762 | INFO  | SCMAudit | user=jenkins1000 | ip=192.168.5.148 | op=GET_VERSION null | ret=SUCCESS |  
2019-08-20 21:28:03,780 [Datanode State Machine Thread - 0] INFO  ozoneimpl.OzoneContainer (OzoneContainer.java:start(186)) - Attempting to start container services.
2019-08-20 21:28:03,785 [Datanode State Machine Thread - 0] INFO  ozoneimpl.OzoneContainer (OzoneContainer.java:startContainerScrub(160)) - Background container scrubber has been disabled by hdds.containerscrub.enabled
2019-08-20 21:28:03,785 [Datanode State Machine Thread - 0] INFO  ratis.XceiverServerRatis (XceiverServerRatis.java:start(404)) - Starting XceiverServerRatis 954b1581-72c2-4c4e-9852-adb95bd15e36 at port 0
2019-08-20 21:28:03,793 [Datanode State Machine Thread - 0] INFO  impl.RaftServerProxy (RaftServerProxy.java:lambda$start$3(299)) - 954b1581-72c2-4c4e-9852-adb95bd15e36: start RPC server
2019-08-20 21:28:03,797 [Datanode State Machine Thread - 0] INFO  server.GrpcService (GrpcService.java:startImpl(149)) - 954b1581-72c2-4c4e-9852-adb95bd15e36: GrpcService started, listening on 0.0.0.0/0.0.0.0:40620
2019-08-20 21:28:03,797 [Datanode State Machine Thread - 0] INFO  ratis.XceiverServerRatis (XceiverServerRatis.java:start(414)) - XceiverServerRatis 954b1581-72c2-4c4e-9852-adb95bd15e36 is started using port 40620
2019-08-20 21:28:03,800 [Datanode State Machine Thread - 0] INFO  server.XceiverServerGrpc (XceiverServerGrpc.java:start(161)) - XceiverServerGrpc 954b1581-72c2-4c4e-9852-adb95bd15e36 is started using port 40708
2019-08-20 21:28:03,991 | INFO  | SCMAudit | user=jenkins1000 | ip=192.168.5.148 | op=GET_VERSION null | ret=SUCCESS |  
2019-08-20 21:28:04,004 [Datanode State Machine Thread - 0] INFO  ozoneimpl.OzoneContainer (OzoneContainer.java:start(186)) - Attempting to start container services.
2019-08-20 21:28:04,004 [Datanode State Machine Thread - 0] INFO  ozoneimpl.OzoneContainer (OzoneContainer.java:startContainerScrub(160)) - Background container scrubber has been disabled by hdds.containerscrub.enabled
2019-08-20 21:28:04,005 [Datanode State Machine Thread - 0] INFO  ratis.XceiverServerRatis (XceiverServerRatis.java:start(404)) - Starting XceiverServerRatis 0cfefecf-8034-4f72-a3a3-e652ed807942 at port 0
2019-08-20 21:28:04,010 [Datanode State Machine Thread - 0] INFO  impl.RaftServerProxy (RaftServerProxy.java:lambda$start$3(299)) - 0cfefecf-8034-4f72-a3a3-e652ed807942: start RPC server
2019-08-20 21:28:04,014 [Datanode State Machine Thread - 0] INFO  server.GrpcService (GrpcService.java:startImpl(149)) - 0cfefecf-8034-4f72-a3a3-e652ed807942: GrpcService started, listening on 0.0.0.0/0.0.0.0:38531
2019-08-20 21:28:04,014 [Datanode State Machine Thread - 0] INFO  ratis.XceiverServerRatis (XceiverServerRatis.java:start(414)) - XceiverServerRatis 0cfefecf-8034-4f72-a3a3-e652ed807942 is started using port 38531
2019-08-20 21:28:04,017 [Datanode State Machine Thread - 0] INFO  server.XceiverServerGrpc (XceiverServerGrpc.java:start(161)) - XceiverServerGrpc 0cfefecf-8034-4f72-a3a3-e652ed807942 is started using port 34954
2019-08-20 21:28:04,207 | INFO  | SCMAudit | user=jenkins1000 | ip=192.168.5.148 | op=GET_VERSION null | ret=SUCCESS |  
2019-08-20 21:28:04,221 [Datanode State Machine Thread - 0] INFO  ozoneimpl.OzoneContainer (OzoneContainer.java:start(186)) - Attempting to start container services.
2019-08-20 21:28:04,222 [Datanode State Machine Thread - 0] INFO  ozoneimpl.OzoneContainer (OzoneContainer.java:startContainerScrub(160)) - Background container scrubber has been disabled by hdds.containerscrub.enabled
2019-08-20 21:28:04,222 [Datanode State Machine Thread - 0] INFO  ratis.XceiverServerRatis (XceiverServerRatis.java:start(404)) - Starting XceiverServerRatis 49b46f07-2746-4119-b484-e06b9af9c549 at port 0
2019-08-20 21:28:04,229 [Datanode State Machine Thread - 0] INFO  impl.RaftServerProxy (RaftServerProxy.java:lambda$start$3(299)) - 49b46f07-2746-4119-b484-e06b9af9c549: start RPC server
2019-08-20 21:28:04,234 [Datanode State Machine Thread - 0] INFO  server.GrpcService (GrpcService.java:startImpl(149)) - 49b46f07-2746-4119-b484-e06b9af9c549: GrpcService started, listening on 0.0.0.0/0.0.0.0:45764
2019-08-20 21:28:04,234 [Datanode State Machine Thread - 0] INFO  ratis.XceiverServerRatis (XceiverServerRatis.java:start(414)) - XceiverServerRatis 49b46f07-2746-4119-b484-e06b9af9c549 is started using port 45764
2019-08-20 21:28:04,238 [Datanode State Machine Thread - 0] INFO  server.XceiverServerGrpc (XceiverServerGrpc.java:start(161)) - XceiverServerGrpc 49b46f07-2746-4119-b484-e06b9af9c549 is started using port 34703
2019-08-20 21:28:04,487 | INFO  | SCMAudit | user=jenkins1000 | ip=192.168.5.148 | op=GET_VERSION null | ret=SUCCESS |  
2019-08-20 21:28:04,502 [Datanode State Machine Thread - 0] INFO  ozoneimpl.OzoneContainer (OzoneContainer.java:start(186)) - Attempting to start container services.
2019-08-20 21:28:04,503 [Datanode State Machine Thread - 0] INFO  ozoneimpl.OzoneContainer (OzoneContainer.java:startContainerScrub(160)) - Background container scrubber has been disabled by hdds.containerscrub.enabled
2019-08-20 21:28:04,503 [Datanode State Machine Thread - 0] INFO  ratis.XceiverServerRatis (XceiverServerRatis.java:start(404)) - Starting XceiverServerRatis 04d2d3e3-36e9-4430-811e-8631463037af at port 0
2019-08-20 21:28:04,509 [Datanode State Machine Thread - 0] INFO  impl.RaftServerProxy (RaftServerProxy.java:lambda$start$3(299)) - 04d2d3e3-36e9-4430-811e-8631463037af: start RPC server
2019-08-20 21:28:04,514 [Datanode State Machine Thread - 0] INFO  server.GrpcService (GrpcService.java:startImpl(149)) - 04d2d3e3-36e9-4430-811e-8631463037af: GrpcService started, listening on 0.0.0.0/0.0.0.0:41004
2019-08-20 21:28:04,514 [Datanode State Machine Thread - 0] INFO  ratis.XceiverServerRatis (XceiverServerRatis.java:start(414)) - XceiverServerRatis 04d2d3e3-36e9-4430-811e-8631463037af is started using port 41004
2019-08-20 21:28:04,517 [Datanode State Machine Thread - 0] INFO  server.XceiverServerGrpc (XceiverServerGrpc.java:start(161)) - XceiverServerGrpc 04d2d3e3-36e9-4430-811e-8631463037af is started using port 41037
2019-08-20 21:28:04,700 [main] INFO  ozone.MiniOzoneClusterImpl (MiniOzoneClusterImpl.java:lambda$waitForClusterToBeReady$0(142)) - Waiting for cluster to be ready. Got 0 of 7 DN Heartbeats.
2019-08-20 21:28:04,701 | INFO  | SCMAudit | user=jenkins1000 | ip=192.168.5.148 | op=GET_VERSION null | ret=SUCCESS |  
2019-08-20 21:28:04,714 [Datanode State Machine Thread - 0] INFO  ozoneimpl.OzoneContainer (OzoneContainer.java:start(186)) - Attempting to start container services.
2019-08-20 21:28:04,715 [Datanode State Machine Thread - 0] INFO  ozoneimpl.OzoneContainer (OzoneContainer.java:startContainerScrub(160)) - Background container scrubber has been disabled by hdds.containerscrub.enabled
2019-08-20 21:28:04,715 [Datanode State Machine Thread - 0] INFO  ratis.XceiverServerRatis (XceiverServerRatis.java:start(404)) - Starting XceiverServerRatis 622f3963-6db5-4cef-b6c4-dc9e39bfc6cb at port 0
2019-08-20 21:28:04,721 [Datanode State Machine Thread - 0] INFO  impl.RaftServerProxy (RaftServerProxy.java:lambda$start$3(299)) - 622f3963-6db5-4cef-b6c4-dc9e39bfc6cb: start RPC server
2019-08-20 21:28:04,725 [Datanode State Machine Thread - 0] INFO  server.GrpcService (GrpcService.java:startImpl(149)) - 622f3963-6db5-4cef-b6c4-dc9e39bfc6cb: GrpcService started, listening on 0.0.0.0/0.0.0.0:34702
2019-08-20 21:28:04,725 [Datanode State Machine Thread - 0] INFO  ratis.XceiverServerRatis (XceiverServerRatis.java:start(414)) - XceiverServerRatis 622f3963-6db5-4cef-b6c4-dc9e39bfc6cb is started using port 34702
2019-08-20 21:28:04,728 [Datanode State Machine Thread - 0] INFO  server.XceiverServerGrpc (XceiverServerGrpc.java:start(161)) - XceiverServerGrpc 622f3963-6db5-4cef-b6c4-dc9e39bfc6cb is started using port 39020
2019-08-20 21:28:05,321 [IPC Server handler 2 on 45958] INFO  net.NetworkTopology (NetworkTopologyImpl.java:add(110)) - Added a new node: /default-rack/65bb560a-5aa2-49c4-ad35-2197abba1c3e
2019-08-20 21:28:05,321 [IPC Server handler 2 on 45958] INFO  node.SCMNodeManager (SCMNodeManager.java:register(273)) - Registered Data node : 65bb560a-5aa2-49c4-ad35-2197abba1c3e{ip: 192.168.5.148, host: pr-hdds-1973-5qsvz-4139986036, networkLocation: /default-rack, certSerialId: null}
2019-08-20 21:28:05,325 [EventQueue-NodeRegistrationContainerReportForDataNodeSafeModeRule] INFO  safemode.SCMSafeModeManager (DataNodeSafeModeRule.java:process(71)) - SCM in safe mode. 1 DataNodes registered, 1 required.
2019-08-20 21:28:05,325 [EventQueue-NodeRegistrationContainerReportForDataNodeSafeModeRule] INFO  safemode.SCMSafeModeManager (SCMSafeModeManager.java:validateSafeModeExitRules(177)) - ScmSafeModeManager, all rules are successfully validated
2019-08-20 21:28:05,325 [EventQueue-NodeRegistrationContainerReportForDataNodeSafeModeRule] INFO  safemode.SCMSafeModeManager (SCMSafeModeManager.java:exitSafeMode(193)) - SCM exiting safe mode.
2019-08-20 21:28:05,333 | INFO  | SCMAudit | user=jenkins1000 | ip=192.168.5.148 | op=REGISTER {datanodeDetails=65bb560a-5aa2-49c4-ad35-2197abba1c3e{ip: 192.168.5.148, host: pr-hdds-1973-5qsvz-4139986036, networkLocation: /default-rack, certSerialId: null}} | ret=SUCCESS |  
2019-08-20 21:28:05,522 [IPC Server handler 1 on 45958] INFO  net.NetworkTopology (NetworkTopologyImpl.java:add(110)) - Added a new node: /default-rack/2a98d864-8594-48bb-bc43-21f32096cec0
2019-08-20 21:28:05,522 [IPC Server handler 1 on 45958] INFO  node.SCMNodeManager (SCMNodeManager.java:register(273)) - Registered Data node : 2a98d864-8594-48bb-bc43-21f32096cec0{ip: 192.168.5.148, host: pr-hdds-1973-5qsvz-4139986036, networkLocation: /default-rack, certSerialId: null}
2019-08-20 21:28:05,523 | INFO  | SCMAudit | user=jenkins1000 | ip=192.168.5.148 | op=REGISTER {datanodeDetails=2a98d864-8594-48bb-bc43-21f32096cec0{ip: 192.168.5.148, host: pr-hdds-1973-5qsvz-4139986036, networkLocation: /default-rack, certSerialId: null}} | ret=SUCCESS |  
2019-08-20 21:28:06,000 [main] INFO  ozone.MiniOzoneClusterImpl (MiniOzoneClusterImpl.java:lambda$waitForClusterToBeReady$0(142)) - Waiting for cluster to be ready. Got 2 of 7 DN Heartbeats.
2019-08-20 21:28:06,004 [IPC Server handler 3 on 45958] INFO  net.NetworkTopology (NetworkTopologyImpl.java:add(110)) - Added a new node: /default-rack/0cfefecf-8034-4f72-a3a3-e652ed807942
2019-08-20 21:28:06,004 [IPC Server handler 2 on 45958] INFO  net.NetworkTopology (NetworkTopologyImpl.java:add(110)) - Added a new node: /default-rack/954b1581-72c2-4c4e-9852-adb95bd15e36
2019-08-20 21:28:06,004 [IPC Server handler 3 on 45958] INFO  node.SCMNodeManager (SCMNodeManager.java:register(273)) - Registered Data node : 0cfefecf-8034-4f72-a3a3-e652ed807942{ip: 192.168.5.148, host: pr-hdds-1973-5qsvz-4139986036, networkLocation: /default-rack, certSerialId: null}
2019-08-20 21:28:06,013 [IPC Server handler 2 on 45958] INFO  node.SCMNodeManager (SCMNodeManager.java:register(273)) - Registered Data node : 954b1581-72c2-4c4e-9852-adb95bd15e36{ip: 192.168.5.148, host: pr-hdds-1973-5qsvz-4139986036, networkLocation: /default-rack, certSerialId: null}
2019-08-20 21:28:06,018 | INFO  | SCMAudit | user=jenkins1000 | ip=192.168.5.148 | op=REGISTER {datanodeDetails=954b1581-72c2-4c4e-9852-adb95bd15e36{ip: 192.168.5.148, host: pr-hdds-1973-5qsvz-4139986036, networkLocation: /default-rack, certSerialId: null}} | ret=SUCCESS |  
2019-08-20 21:28:06,018 | INFO  | SCMAudit | user=jenkins1000 | ip=192.168.5.148 | op=REGISTER {datanodeDetails=0cfefecf-8034-4f72-a3a3-e652ed807942{ip: 192.168.5.148, host: pr-hdds-1973-5qsvz-4139986036, networkLocation: /default-rack, certSerialId: null}} | ret=SUCCESS |  
2019-08-20 21:28:06,207 [IPC Server handler 6 on 45958] INFO  net.NetworkTopology (NetworkTopologyImpl.java:add(110)) - Added a new node: /default-rack/49b46f07-2746-4119-b484-e06b9af9c549
2019-08-20 21:28:06,208 [IPC Server handler 6 on 45958] INFO  node.SCMNodeManager (SCMNodeManager.java:register(273)) - Registered Data node : 49b46f07-2746-4119-b484-e06b9af9c549{ip: 192.168.5.148, host: pr-hdds-1973-5qsvz-4139986036, networkLocation: /default-rack, certSerialId: null}
2019-08-20 21:28:06,208 | INFO  | SCMAudit | user=jenkins1000 | ip=192.168.5.148 | op=REGISTER {datanodeDetails=49b46f07-2746-4119-b484-e06b9af9c549{ip: 192.168.5.148, host: pr-hdds-1973-5qsvz-4139986036, networkLocation: /default-rack, certSerialId: null}} | ret=SUCCESS |  
2019-08-20 21:28:06,231 [grpc-default-executor-0] INFO  impl.RaftServerProxy (RaftServerProxy.java:addNew(89)) - 65bb560a-5aa2-49c4-ad35-2197abba1c3e: addNew group-723DCB8C2C4D:[65bb560a-5aa2-49c4-ad35-2197abba1c3e:192.168.5.148:46812] returns group-723DCB8C2C4D:java.util.concurrent.CompletableFuture@56ac082c[Not completed]
2019-08-20 21:28:06,247 [pool-27-thread-1] INFO  impl.RaftServerImpl (RaftServerImpl.java:<init>(93)) - 65bb560a-5aa2-49c4-ad35-2197abba1c3e: new RaftServerImpl for group-723DCB8C2C4D:[65bb560a-5aa2-49c4-ad35-2197abba1c3e:192.168.5.148:46812] with ContainerStateMachine:uninitialized
2019-08-20 21:28:06,248 [pool-27-thread-1] INFO  server.RaftServerConfigKeys (ConfUtils.java:logGet(43)) - raft.server.rpc.timeout.min = 5s (custom)
2019-08-20 21:28:06,250 [pool-27-thread-1] INFO  server.RaftServerConfigKeys (ConfUtils.java:logGet(43)) - raft.server.rpc.timeout.max = 5200ms (custom)
2019-08-20 21:28:06,250 [pool-27-thread-1] INFO  server.RaftServerConfigKeys (ConfUtils.java:logGet(43)) - raft.server.rpcslowness.timeout = 120s (custom)
2019-08-20 21:28:06,250 [pool-27-thread-1] INFO  server.RaftServerConfigKeys (ConfUtils.java:logGet(43)) - raft.server.sleep.deviation.threshold = 300 (default)
2019-08-20 21:28:06,251 [pool-27-thread-1] INFO  server.RaftServerConfigKeys (ConfUtils.java:logGet(43)) - raft.server.log.appender.install.snapshot.enabled = false (custom)
2019-08-20 21:28:06,258 [pool-27-thread-1] INFO  impl.RaftServerImpl (ServerState.java:<init>(105)) - 65bb560a-5aa2-49c4-ad35-2197abba1c3e:group-723DCB8C2C4D ConfigurationManager, init=-1: [65bb560a-5aa2-49c4-ad35-2197abba1c3e:192.168.5.148:46812], old=null, confs=<EMPTY_MAP>
2019-08-20 21:28:06,258 [pool-27-thread-1] INFO  server.RaftServerConfigKeys (ConfUtils.java:logGet(43)) - raft.server.storage.dir = [/workdir/hadoop-ozone/integration-test/target/test-dir/MiniOzoneClusterImpl-bdedfcae-614b-4f2f-bc36-d58a77a44aef/datanode-0/data/ratis] (custom)
2019-08-20 21:28:06,266 [pool-27-thread-1] INFO  storage.RaftStorageDirectory (RaftStorageDirectory.java:analyzeStorage(246)) - The storage directory /workdir/hadoop-ozone/integration-test/target/test-dir/MiniOzoneClusterImpl-bdedfcae-614b-4f2f-bc36-d58a77a44aef/datanode-0/data/ratis/0ffa7600-4fd3-4fb6-a303-723dcb8c2c4d does not exist. Creating ...
2019-08-20 21:28:06,293 [pool-27-thread-1] INFO  storage.RaftStorageDirectory (RaftStorageDirectory.java:tryLock(328)) - Lock on /workdir/hadoop-ozone/integration-test/target/test-dir/MiniOzoneClusterImpl-bdedfcae-614b-4f2f-bc36-d58a77a44aef/datanode-0/data/ratis/0ffa7600-4fd3-4fb6-a303-723dcb8c2c4d/in_use.lock acquired by nodename 29121@pr-hdds-1973-5qsvz-4139986036
2019-08-20 21:28:06,307 [pool-27-thread-1] INFO  storage.RaftStorage (RaftStorage.java:format(72)) - Storage directory /workdir/hadoop-ozone/integration-test/target/test-dir/MiniOzoneClusterImpl-bdedfcae-614b-4f2f-bc36-d58a77a44aef/datanode-0/data/ratis/0ffa7600-4fd3-4fb6-a303-723dcb8c2c4d has been successfully formatted.
2019-08-20 21:28:06,309 [pool-27-thread-1] INFO  ratis.ContainerStateMachine (ContainerStateMachine.java:loadSnapshot(222)) - group-723DCB8C2C4D: The snapshot info is null. Setting the last applied indexto:(t:0, i:~)
2019-08-20 21:28:06,310 [pool-27-thread-1] INFO  server.RaftServerConfigKeys (ConfUtils.java:logGet(43)) - raft.server.leader.election.timeout = 120s (custom)
2019-08-20 21:28:06,312 [pool-27-thread-1] INFO  server.RaftServerConfigKeys (ConfUtils.java:logGet(43)) - raft.server.log.use.memory = false (default)
2019-08-20 21:28:06,316 [pool-27-thread-1] INFO  server.RaftServerConfigKeys (ConfUtils.java:logGet(43)) - raft.server.log.purge.gap = 1000000 (custom)
2019-08-20 21:28:06,316 [pool-27-thread-1] INFO  server.RaftServerConfigKeys (ConfUtils.java:logGet(43)) - raft.server.log.appender.buffer.byte-limit = 33554432 (custom)
2019-08-20 21:28:06,317 [pool-27-thread-1] INFO  server.RaftServerConfigKeys (ConfUtils.java:logGet(43)) - raft.server.log.segment.size.max = 1048576 (custom)
2019-08-20 21:28:06,321 [pool-27-thread-1] INFO  server.RaftServerConfigKeys (ConfUtils.java:logGet(43)) - raft.server.log.segment.cache.num.max = 2 (custom)
2019-08-20 21:28:06,328 [pool-27-thread-1] INFO  segmented.SegmentedRaftLogWorker (SegmentedRaftLogWorker.java:<init>(172)) - new 65bb560a-5aa2-49c4-ad35-2197abba1c3e-SegmentedRaftLogWorker:Storage Directory /workdir/hadoop-ozone/integration-test/target/test-dir/MiniOzoneClusterImpl-bdedfcae-614b-4f2f-bc36-d58a77a44aef/datanode-0/data/ratis/0ffa7600-4fd3-4fb6-a303-723dcb8c2c4d for RaftStorage:Storage Directory /workdir/hadoop-ozone/integration-test/target/test-dir/MiniOzoneClusterImpl-bdedfcae-614b-4f2f-bc36-d58a77a44aef/datanode-0/data/ratis/0ffa7600-4fd3-4fb6-a303-723dcb8c2c4d
2019-08-20 21:28:06,343 [pool-27-thread-1] INFO  server.RaftServerConfigKeys (ConfUtils.java:logGet(43)) - raft.server.log.queue.byte-limit = 2147483647 (custom)
2019-08-20 21:28:06,343 [pool-27-thread-1] INFO  server.RaftServerConfigKeys (ConfUtils.java:logGet(43)) - raft.server.log.queue.element-limit = 1024 (custom)
2019-08-20 21:28:06,348 [pool-27-thread-1] INFO  server.RaftServerConfigKeys (ConfUtils.java:logGet(43)) - raft.server.log.segment.size.max = 1048576 (custom)
2019-08-20 21:28:06,348 [pool-27-thread-1] INFO  server.RaftServerConfigKeys (ConfUtils.java:logGet(43)) - raft.server.log.preallocated.size = 16384 (custom)
2019-08-20 21:28:06,349 [pool-27-thread-1] INFO  server.RaftServerConfigKeys (ConfUtils.java:logGet(43)) - raft.server.log.write.buffer.size = 33554432 (custom)
2019-08-20 21:28:06,349 [pool-27-thread-1] INFO  server.RaftServerConfigKeys (ConfUtils.java:logGet(43)) - raft.server.log.force.sync.num = 128 (default)
2019-08-20 21:28:06,350 [pool-27-thread-1] INFO  server.RaftServerConfigKeys (ConfUtils.java:logGet(43)) - raft.server.log.statemachine.data.sync = true (default)
2019-08-20 21:28:06,350 [pool-27-thread-1] INFO  server.RaftServerConfigKeys (ConfUtils.java:logGet(43)) - raft.server.log.statemachine.data.sync.timeout = 10s (default)
2019-08-20 21:28:06,350 [pool-27-thread-1] INFO  server.RaftServerConfigKeys (ConfUtils.java:logGet(43)) - raft.server.log.statemachine.data.sync.timeout.retry = -1 (default)
2019-08-20 21:28:06,359 [pool-27-thread-1] INFO  server.RaftServerConfigKeys (ConfUtils.java:logGet(43)) - raft.server.log.statemachine.data.caching.enabled = true (custom)
2019-08-20 21:28:06,364 [pool-27-thread-1] INFO  segmented.SegmentedRaftLogWorker (SegmentedRaftLogWorker.java:lambda$new$0(132)) - 65bb560a-5aa2-49c4-ad35-2197abba1c3e-SegmentedRaftLogWorker:Storage Directory /workdir/hadoop-ozone/integration-test/target/test-dir/MiniOzoneClusterImpl-bdedfcae-614b-4f2f-bc36-d58a77a44aef/datanode-0/data/ratis/0ffa7600-4fd3-4fb6-a303-723dcb8c2c4d: flushIndex: setUnconditionally 0 -> -1
2019-08-20 21:28:06,368 [pool-27-thread-1] INFO  server.RaftServerConfigKeys (ConfUtils.java:logGet(43)) - raft.server.snapshot.auto.trigger.enabled = true (custom)
2019-08-20 21:28:06,369 [pool-27-thread-1] INFO  server.RaftServerConfigKeys (ConfUtils.java:logGet(43)) - raft.server.snapshot.auto.trigger.threshold = 10000 (custom)
2019-08-20 21:28:06,369 [pool-27-thread-1] INFO  server.RaftServerConfigKeys (ConfUtils.java:logGet(43)) - raft.server.retrycache.expirytime = 600000ms (custom)
2019-08-20 21:28:06,390 [pool-27-thread-1] INFO  impl.RaftServerImpl (RaftServerImpl.java:start(180)) - 65bb560a-5aa2-49c4-ad35-2197abba1c3e: start group-723DCB8C2C4D
2019-08-20 21:28:06,391 [pool-27-thread-1] INFO  impl.RaftServerImpl (RaftServerImpl.java:setRole(171)) - 65bb560a-5aa2-49c4-ad35-2197abba1c3e:group-723DCB8C2C4D changes role from null to FOLLOWER at term 0 for startAsFollower
2019-08-20 21:28:06,392 [pool-27-thread-1] INFO  impl.RoleInfo (RoleInfo.java:updateAndGet(143)) - 65bb560a-5aa2-49c4-ad35-2197abba1c3e: start FollowerState
2019-08-20 21:28:06,393 [pool-27-thread-1] INFO  util.JmxRegister (JmxRegister.java:tryRegister(44)) - Successfully registered JMX Bean with object name Ratis:service=RaftServer,group=group-723DCB8C2C4D,id=65bb560a-5aa2-49c4-ad35-2197abba1c3e
2019-08-20 21:28:06,450 [RatisPipelineUtilsThread] INFO  pipeline.PipelineStateManager (PipelineStateManager.java:addPipeline(56)) - Created pipeline Pipeline[ Id: 0ffa7600-4fd3-4fb6-a303-723dcb8c2c4d, Nodes: 65bb560a-5aa2-49c4-ad35-2197abba1c3e{ip: 192.168.5.148, host: pr-hdds-1973-5qsvz-4139986036, networkLocation: /default-rack, certSerialId: null}, Type:RATIS, Factor:ONE, State:OPEN]
2019-08-20 21:28:06,476 [grpc-default-executor-0] INFO  impl.RaftServerProxy (RaftServerProxy.java:addNew(89)) - 49b46f07-2746-4119-b484-e06b9af9c549: addNew group-5345A87EC8AB:[49b46f07-2746-4119-b484-e06b9af9c549:192.168.5.148:45764] returns group-5345A87EC8AB:java.util.concurrent.CompletableFuture@65b98d6e[Not completed]
2019-08-20 21:28:06,538 [IPC Server handler 4 on 45958] INFO  net.NetworkTopology (NetworkTopologyImpl.java:add(110)) - Added a new node: /default-rack/04d2d3e3-36e9-4430-811e-8631463037af
2019-08-20 21:28:06,539 [IPC Server handler 4 on 45958] INFO  node.SCMNodeManager (SCMNodeManager.java:register(273)) - Registered Data node : 04d2d3e3-36e9-4430-811e-8631463037af{ip: 192.168.5.148, host: pr-hdds-1973-5qsvz-4139986036, networkLocation: /default-rack, certSerialId: null}
2019-08-20 21:28:06,539 [pool-71-thread-1] INFO  impl.RaftServerImpl (RaftServerImpl.java:<init>(93)) - 49b46f07-2746-4119-b484-e06b9af9c549: new RaftServerImpl for group-5345A87EC8AB:[49b46f07-2746-4119-b484-e06b9af9c549:192.168.5.148:45764] with ContainerStateMachine:uninitialized
2019-08-20 21:28:06,541 | INFO  | SCMAudit | user=jenkins1000 | ip=192.168.5.148 | op=REGISTER {datanodeDetails=04d2d3e3-36e9-4430-811e-8631463037af{ip: 192.168.5.148, host: pr-hdds-1973-5qsvz-4139986036, networkLocation: /default-rack, certSerialId: null}} | ret=SUCCESS |  
2019-08-20 21:28:06,541 [pool-71-thread-1] INFO  server.RaftServerConfigKeys (ConfUtils.java:logGet(43)) - raft.server.rpc.timeout.min = 5s (custom)
2019-08-20 21:28:06,541 [pool-71-thread-1] INFO  server.RaftServerConfigKeys (ConfUtils.java:logGet(43)) - raft.server.rpc.timeout.max = 5200ms (custom)
2019-08-20 21:28:06,541 [pool-71-thread-1] INFO  server.RaftServerConfigKeys (ConfUtils.java:logGet(43)) - raft.server.rpcslowness.timeout = 120s (custom)
2019-08-20 21:28:06,542 [pool-71-thread-1] INFO  server.RaftServerConfigKeys (ConfUtils.java:logGet(43)) - raft.server.sleep.deviation.threshold = 300 (default)
2019-08-20 21:28:06,542 [pool-71-thread-1] INFO  server.RaftServerConfigKeys (ConfUtils.java:logGet(43)) - raft.server.log.appender.install.snapshot.enabled = false (custom)
2019-08-20 21:28:06,542 [pool-71-thread-1] INFO  impl.RaftServerImpl (ServerState.java:<init>(105)) - 49b46f07-2746-4119-b484-e06b9af9c549:group-5345A87EC8AB ConfigurationManager, init=-1: [49b46f07-2746-4119-b484-e06b9af9c549:192.168.5.148:45764], old=null, confs=<EMPTY_MAP>
2019-08-20 21:28:06,542 [pool-71-thread-1] INFO  server.RaftServerConfigKeys (ConfUtils.java:logGet(43)) - raft.server.storage.dir = [/workdir/hadoop-ozone/integration-test/target/test-dir/MiniOzoneClusterImpl-bdedfcae-614b-4f2f-bc36-d58a77a44aef/datanode-4/data/ratis] (custom)
2019-08-20 21:28:06,543 [pool-71-thread-1] INFO  storage.RaftStorageDirectory (RaftStorageDirectory.java:analyzeStorage(246)) - The storage directory /workdir/hadoop-ozone/integration-test/target/test-dir/MiniOzoneClusterImpl-bdedfcae-614b-4f2f-bc36-d58a77a44aef/datanode-4/data/ratis/7158e11e-df14-4f47-b36e-5345a87ec8ab does not exist. Creating ...
2019-08-20 21:28:06,557 [pool-71-thread-1] INFO  storage.RaftStorageDirectory (RaftStorageDirectory.java:tryLock(328)) - Lock on /workdir/hadoop-ozone/integration-test/target/test-dir/MiniOzoneClusterImpl-bdedfcae-614b-4f2f-bc36-d58a77a44aef/datanode-4/data/ratis/7158e11e-df14-4f47-b36e-5345a87ec8ab/in_use.lock acquired by nodename 29121@pr-hdds-1973-5qsvz-4139986036
2019-08-20 21:28:06,570 [pool-71-thread-1] INFO  storage.RaftStorage (RaftStorage.java:format(72)) - Storage directory /workdir/hadoop-ozone/integration-test/target/test-dir/MiniOzoneClusterImpl-bdedfcae-614b-4f2f-bc36-d58a77a44aef/datanode-4/data/ratis/7158e11e-df14-4f47-b36e-5345a87ec8ab has been successfully formatted.
2019-08-20 21:28:06,573 [pool-71-thread-1] INFO  ratis.ContainerStateMachine (ContainerStateMachine.java:loadSnapshot(222)) - group-5345A87EC8AB: The snapshot info is null. Setting the last applied indexto:(t:0, i:~)
2019-08-20 21:28:06,574 [pool-71-thread-1] INFO  server.RaftServerConfigKeys (ConfUtils.java:logGet(43)) - raft.server.leader.election.timeout = 120s (custom)
2019-08-20 21:28:06,574 [pool-71-thread-1] INFO  server.RaftServerConfigKeys (ConfUtils.java:logGet(43)) - raft.server.log.use.memory = false (default)
2019-08-20 21:28:06,575 [pool-71-thread-1] INFO  server.RaftServerConfigKeys (ConfUtils.java:logGet(43)) - raft.server.log.purge.gap = 1000000 (custom)
2019-08-20 21:28:06,575 [pool-71-thread-1] INFO  server.RaftServerConfigKeys (ConfUtils.java:logGet(43)) - raft.server.log.appender.buffer.byte-limit = 33554432 (custom)
2019-08-20 21:28:06,575 [pool-71-thread-1] INFO  server.RaftServerConfigKeys (ConfUtils.java:logGet(43)) - raft.server.log.segment.size.max = 1048576 (custom)
2019-08-20 21:28:06,575 [pool-71-thread-1] INFO  server.RaftServerConfigKeys (ConfUtils.java:logGet(43)) - raft.server.log.segment.cache.num.max = 2 (custom)
2019-08-20 21:28:06,575 [pool-71-thread-1] INFO  segmented.SegmentedRaftLogWorker (SegmentedRaftLogWorker.java:<init>(172)) - new 49b46f07-2746-4119-b484-e06b9af9c549-SegmentedRaftLogWorker:Storage Directory /workdir/hadoop-ozone/integration-test/target/test-dir/MiniOzoneClusterImpl-bdedfcae-614b-4f2f-bc36-d58a77a44aef/datanode-4/data/ratis/7158e11e-df14-4f47-b36e-5345a87ec8ab for RaftStorage:Storage Directory /workdir/hadoop-ozone/integration-test/target/test-dir/MiniOzoneClusterImpl-bdedfcae-614b-4f2f-bc36-d58a77a44aef/datanode-4/data/ratis/7158e11e-df14-4f47-b36e-5345a87ec8ab
2019-08-20 21:28:06,577 [pool-71-thread-1] INFO  server.RaftServerConfigKeys (ConfUtils.java:logGet(43)) - raft.server.log.queue.byte-limit = 2147483647 (custom)
2019-08-20 21:28:06,577 [pool-71-thread-1] INFO  server.RaftServerConfigKeys (ConfUtils.java:logGet(43)) - raft.server.log.queue.element-limit = 1024 (custom)
2019-08-20 21:28:06,578 [pool-71-thread-1] INFO  server.RaftServerConfigKeys (ConfUtils.java:logGet(43)) - raft.server.log.segment.size.max = 1048576 (custom)
2019-08-20 21:28:06,578 [pool-71-thread-1] INFO  server.RaftServerConfigKeys (ConfUtils.java:logGet(43)) - raft.server.log.preallocated.size = 16384 (custom)
2019-08-20 21:28:06,578 [pool-71-thread-1] INFO  server.RaftServerConfigKeys (ConfUtils.java:logGet(43)) - raft.server.log.write.buffer.size = 33554432 (custom)
2019-08-20 21:28:06,578 [pool-71-thread-1] INFO  server.RaftServerConfigKeys (ConfUtils.java:logGet(43)) - raft.server.log.force.sync.num = 128 (default)
2019-08-20 21:28:06,579 [pool-71-thread-1] INFO  server.RaftServerConfigKeys (ConfUtils.java:logGet(43)) - raft.server.log.statemachine.data.sync = true (default)
2019-08-20 21:28:06,579 [pool-71-thread-1] INFO  server.RaftServerConfigKeys (ConfUtils.java:logGet(43)) - raft.server.log.statemachine.data.sync.timeout = 10s (default)
2019-08-20 21:28:06,579 [pool-71-thread-1] INFO  server.RaftServerConfigKeys (ConfUtils.java:logGet(43)) - raft.server.log.statemachine.data.sync.timeout.retry = -1 (default)
2019-08-20 21:28:06,579 [pool-71-thread-1] INFO  server.RaftServerConfigKeys (ConfUtils.java:logGet(43)) - raft.server.log.statemachine.data.caching.enabled = true (custom)
2019-08-20 21:28:06,580 [pool-71-thread-1] INFO  segmented.SegmentedRaftLogWorker (SegmentedRaftLogWorker.java:lambda$new$0(132)) - 49b46f07-2746-4119-b484-e06b9af9c549-SegmentedRaftLogWorker:Storage Directory /workdir/hadoop-ozone/integration-test/target/test-dir/MiniOzoneClusterImpl-bdedfcae-614b-4f2f-bc36-d58a77a44aef/datanode-4/data/ratis/7158e11e-df14-4f47-b36e-5345a87ec8ab: flushIndex: setUnconditionally 0 -> -1
2019-08-20 21:28:06,580 [pool-71-thread-1] INFO  server.RaftServerConfigKeys (ConfUtils.java:logGet(43)) - raft.server.snapshot.auto.trigger.enabled = true (custom)
2019-08-20 21:28:06,580 [pool-71-thread-1] INFO  server.RaftServerConfigKeys (ConfUtils.java:logGet(43)) - raft.server.snapshot.auto.trigger.threshold = 10000 (custom)
2019-08-20 21:28:06,581 [pool-71-thread-1] INFO  server.RaftServerConfigKeys (ConfUtils.java:logGet(43)) - raft.server.retrycache.expirytime = 600000ms (custom)
2019-08-20 21:28:06,581 [pool-71-thread-1] INFO  impl.RaftServerImpl (RaftServerImpl.java:start(180)) - 49b46f07-2746-4119-b484-e06b9af9c549: start group-5345A87EC8AB
2019-08-20 21:28:06,581 [pool-71-thread-1] INFO  impl.RaftServerImpl (RaftServerImpl.java:setRole(171)) - 49b46f07-2746-4119-b484-e06b9af9c549:group-5345A87EC8AB changes role from null to FOLLOWER at term 0 for startAsFollower
2019-08-20 21:28:06,581 [pool-71-thread-1] INFO  impl.RoleInfo (RoleInfo.java:updateAndGet(143)) - 49b46f07-2746-4119-b484-e06b9af9c549: start FollowerState
2019-08-20 21:28:06,583 [pool-71-thread-1] INFO  util.JmxRegister (JmxRegister.java:tryRegister(44)) - Successfully registered JMX Bean with object name Ratis:service=RaftServer,group=group-5345A87EC8AB,id=49b46f07-2746-4119-b484-e06b9af9c549
2019-08-20 21:28:06,597 [RatisPipelineUtilsThread] INFO  pipeline.PipelineStateManager (PipelineStateManager.java:addPipeline(56)) - Created pipeline Pipeline[ Id: 7158e11e-df14-4f47-b36e-5345a87ec8ab, Nodes: 49b46f07-2746-4119-b484-e06b9af9c549{ip: 192.168.5.148, host: pr-hdds-1973-5qsvz-4139986036, networkLocation: /default-rack, certSerialId: null}, Type:RATIS, Factor:ONE, State:OPEN]
2019-08-20 21:28:06,622 [grpc-default-executor-0] INFO  impl.RaftServerProxy (RaftServerProxy.java:addNew(89)) - 0cfefecf-8034-4f72-a3a3-e652ed807942: addNew group-EB7FE31D6C9C:[0cfefecf-8034-4f72-a3a3-e652ed807942:192.168.5.148:38531] returns group-EB7FE31D6C9C:java.util.concurrent.CompletableFuture@5cc8c82c[Not completed]
2019-08-20 21:28:06,636 [pool-60-thread-1] INFO  impl.RaftServerImpl (RaftServerImpl.java:<init>(93)) - 0cfefecf-8034-4f72-a3a3-e652ed807942: new RaftServerImpl for group-EB7FE31D6C9C:[0cfefecf-8034-4f72-a3a3-e652ed807942:192.168.5.148:38531] with ContainerStateMachine:uninitialized
2019-08-20 21:28:06,636 [pool-60-thread-1] INFO  server.RaftServerConfigKeys (ConfUtils.java:logGet(43)) - raft.server.rpc.timeout.min = 5s (custom)
2019-08-20 21:28:06,637 [pool-60-thread-1] INFO  server.RaftServerConfigKeys (ConfUtils.java:logGet(43)) - raft.server.rpc.timeout.max = 5200ms (custom)
2019-08-20 21:28:06,637 [pool-60-thread-1] INFO  server.RaftServerConfigKeys (ConfUtils.java:logGet(43)) - raft.server.rpcslowness.timeout = 120s (custom)
2019-08-20 21:28:06,637 [pool-60-thread-1] INFO  server.RaftServerConfigKeys (ConfUtils.java:logGet(43)) - raft.server.sleep.deviation.threshold = 300 (default)
2019-08-20 21:28:06,637 [pool-60-thread-1] INFO  server.RaftServerConfigKeys (ConfUtils.java:logGet(43)) - raft.server.log.appender.install.snapshot.enabled = false (custom)
2019-08-20 21:28:06,637 [pool-60-thread-1] INFO  impl.RaftServerImpl (ServerState.java:<init>(105)) - 0cfefecf-8034-4f72-a3a3-e652ed807942:group-EB7FE31D6C9C ConfigurationManager, init=-1: [0cfefecf-8034-4f72-a3a3-e652ed807942:192.168.5.148:38531], old=null, confs=<EMPTY_MAP>
2019-08-20 21:28:06,637 [pool-60-thread-1] INFO  server.RaftServerConfigKeys (ConfUtils.java:logGet(43)) - raft.server.storage.dir = [/workdir/hadoop-ozone/integration-test/target/test-dir/MiniOzoneClusterImpl-bdedfcae-614b-4f2f-bc36-d58a77a44aef/datanode-3/data/ratis] (custom)
2019-08-20 21:28:06,638 [pool-60-thread-1] INFO  storage.RaftStorageDirectory (RaftStorageDirectory.java:analyzeStorage(246)) - The storage directory /workdir/hadoop-ozone/integration-test/target/test-dir/MiniOzoneClusterImpl-bdedfcae-614b-4f2f-bc36-d58a77a44aef/datanode-3/data/ratis/dd5ce784-3939-4608-b8f3-eb7fe31d6c9c does not exist. Creating ...
2019-08-20 21:28:06,651 [pool-60-thread-1] INFO  storage.RaftStorageDirectory (RaftStorageDirectory.java:tryLock(328)) - Lock on /workdir/hadoop-ozone/integration-test/target/test-dir/MiniOzoneClusterImpl-bdedfcae-614b-4f2f-bc36-d58a77a44aef/datanode-3/data/ratis/dd5ce784-3939-4608-b8f3-eb7fe31d6c9c/in_use.lock acquired by nodename 29121@pr-hdds-1973-5qsvz-4139986036
2019-08-20 21:28:06,665 [pool-60-thread-1] INFO  storage.RaftStorage (RaftStorage.java:format(72)) - Storage directory /workdir/hadoop-ozone/integration-test/target/test-dir/MiniOzoneClusterImpl-bdedfcae-614b-4f2f-bc36-d58a77a44aef/datanode-3/data/ratis/dd5ce784-3939-4608-b8f3-eb7fe31d6c9c has been successfully formatted.
2019-08-20 21:28:06,665 [pool-60-thread-1] INFO  ratis.ContainerStateMachine (ContainerStateMachine.java:loadSnapshot(222)) - group-EB7FE31D6C9C: The snapshot info is null. Setting the last applied indexto:(t:0, i:~)
2019-08-20 21:28:06,665 [pool-60-thread-1] INFO  server.RaftServerConfigKeys (ConfUtils.java:logGet(43)) - raft.server.leader.election.timeout = 120s (custom)
2019-08-20 21:28:06,665 [pool-60-thread-1] INFO  server.RaftServerConfigKeys (ConfUtils.java:logGet(43)) - raft.server.log.use.memory = false (default)
2019-08-20 21:28:06,665 [pool-60-thread-1] INFO  server.RaftServerConfigKeys (ConfUtils.java:logGet(43)) - raft.server.log.purge.gap = 1000000 (custom)
2019-08-20 21:28:06,666 [pool-60-thread-1] INFO  server.RaftServerConfigKeys (ConfUtils.java:logGet(43)) - raft.server.log.appender.buffer.byte-limit = 33554432 (custom)
2019-08-20 21:28:06,666 [pool-60-thread-1] INFO  server.RaftServerConfigKeys (ConfUtils.java:logGet(43)) - raft.server.log.segment.size.max = 1048576 (custom)
2019-08-20 21:28:06,666 [pool-60-thread-1] INFO  server.RaftServerConfigKeys (ConfUtils.java:logGet(43)) - raft.server.log.segment.cache.num.max = 2 (custom)
2019-08-20 21:28:06,666 [pool-60-thread-1] INFO  segmented.SegmentedRaftLogWorker (SegmentedRaftLogWorker.java:<init>(172)) - new 0cfefecf-8034-4f72-a3a3-e652ed807942-SegmentedRaftLogWorker:Storage Directory /workdir/hadoop-ozone/integration-test/target/test-dir/MiniOzoneClusterImpl-bdedfcae-614b-4f2f-bc36-d58a77a44aef/datanode-3/data/ratis/dd5ce784-3939-4608-b8f3-eb7fe31d6c9c for RaftStorage:Storage Directory /workdir/hadoop-ozone/integration-test/target/test-dir/MiniOzoneClusterImpl-bdedfcae-614b-4f2f-bc36-d58a77a44aef/datanode-3/data/ratis/dd5ce784-3939-4608-b8f3-eb7fe31d6c9c
2019-08-20 21:28:06,666 [pool-60-thread-1] INFO  server.RaftServerConfigKeys (ConfUtils.java:logGet(43)) - raft.server.log.queue.byte-limit = 2147483647 (custom)
2019-08-20 21:28:06,666 [pool-60-thread-1] INFO  server.RaftServerConfigKeys (ConfUtils.java:logGet(43)) - raft.server.log.queue.element-limit = 1024 (custom)
2019-08-20 21:28:06,667 [pool-60-thread-1] INFO  server.RaftServerConfigKeys (ConfUtils.java:logGet(43)) - raft.server.log.segment.size.max = 1048576 (custom)
2019-08-20 21:28:06,667 [pool-60-thread-1] INFO  server.RaftServerConfigKeys (ConfUtils.java:logGet(43)) - raft.server.log.preallocated.size = 16384 (custom)
2019-08-20 21:28:06,667 [pool-60-thread-1] INFO  server.RaftServerConfigKeys (ConfUtils.java:logGet(43)) - raft.server.log.write.buffer.size = 33554432 (custom)
2019-08-20 21:28:06,668 [pool-60-thread-1] INFO  server.RaftServerConfigKeys (ConfUtils.java:logGet(43)) - raft.server.log.force.sync.num = 128 (default)
2019-08-20 21:28:06,668 [pool-60-thread-1] INFO  server.RaftServerConfigKeys (ConfUtils.java:logGet(43)) - raft.server.log.statemachine.data.sync = true (default)
2019-08-20 21:28:06,668 [pool-60-thread-1] INFO  server.RaftServerConfigKeys (ConfUtils.java:logGet(43)) - raft.server.log.statemachine.data.sync.timeout = 10s (default)
2019-08-20 21:28:06,668 [pool-60-thread-1] INFO  server.RaftServerConfigKeys (ConfUtils.java:logGet(43)) - raft.server.log.statemachine.data.sync.timeout.retry = -1 (default)
2019-08-20 21:28:06,669 [pool-60-thread-1] INFO  server.RaftServerConfigKeys (ConfUtils.java:logGet(43)) - raft.server.log.statemachine.data.caching.enabled = true (custom)
2019-08-20 21:28:06,669 [pool-60-thread-1] INFO  segmented.SegmentedRaftLogWorker (SegmentedRaftLogWorker.java:lambda$new$0(132)) - 0cfefecf-8034-4f72-a3a3-e652ed807942-SegmentedRaftLogWorker:Storage Directory /workdir/hadoop-ozone/integration-test/target/test-dir/MiniOzoneClusterImpl-bdedfcae-614b-4f2f-bc36-d58a77a44aef/datanode-3/data/ratis/dd5ce784-3939-4608-b8f3-eb7fe31d6c9c: flushIndex: setUnconditionally 0 -> -1
2019-08-20 21:28:06,670 [pool-60-thread-1] INFO  server.RaftServerConfigKeys (ConfUtils.java:logGet(43)) - raft.server.snapshot.auto.trigger.enabled = true (custom)
2019-08-20 21:28:06,670 [pool-60-thread-1] INFO  server.RaftServerConfigKeys (ConfUtils.java:logGet(43)) - raft.server.snapshot.auto.trigger.threshold = 10000 (custom)
2019-08-20 21:28:06,670 [pool-60-thread-1] INFO  server.RaftServerConfigKeys (ConfUtils.java:logGet(43)) - raft.server.retrycache.expirytime = 600000ms (custom)
2019-08-20 21:28:06,671 [pool-60-thread-1] INFO  impl.RaftServerImpl (RaftServerImpl.java:start(180)) - 0cfefecf-8034-4f72-a3a3-e652ed807942: start group-EB7FE31D6C9C
2019-08-20 21:28:06,671 [pool-60-thread-1] INFO  impl.RaftServerImpl (RaftServerImpl.java:setRole(171)) - 0cfefecf-8034-4f72-a3a3-e652ed807942:group-EB7FE31D6C9C changes role from null to FOLLOWER at term 0 for startAsFollower
2019-08-20 21:28:06,671 [pool-60-thread-1] INFO  impl.RoleInfo (RoleInfo.java:updateAndGet(143)) - 0cfefecf-8034-4f72-a3a3-e652ed807942: start FollowerState
2019-08-20 21:28:06,672 [pool-60-thread-1] INFO  util.JmxRegister (JmxRegister.java:tryRegister(44)) - Successfully registered JMX Bean with object name Ratis:service=RaftServer,group=group-EB7FE31D6C9C,id=0cfefecf-8034-4f72-a3a3-e652ed807942
2019-08-20 21:28:06,683 [RatisPipelineUtilsThread] INFO  pipeline.PipelineStateManager (PipelineStateManager.java:addPipeline(56)) - Created pipeline Pipeline[ Id: dd5ce784-3939-4608-b8f3-eb7fe31d6c9c, Nodes: 0cfefecf-8034-4f72-a3a3-e652ed807942{ip: 192.168.5.148, host: pr-hdds-1973-5qsvz-4139986036, networkLocation: /default-rack, certSerialId: null}, Type:RATIS, Factor:ONE, State:OPEN]
2019-08-20 21:28:06,703 [IPC Server handler 2 on 45958] INFO  net.NetworkTopology (NetworkTopologyImpl.java:add(110)) - Added a new node: /default-rack/622f3963-6db5-4cef-b6c4-dc9e39bfc6cb
2019-08-20 21:28:06,703 [grpc-default-executor-0] INFO  impl.RaftServerProxy (RaftServerProxy.java:addNew(89)) - 2a98d864-8594-48bb-bc43-21f32096cec0: addNew group-69ECA240D605:[2a98d864-8594-48bb-bc43-21f32096cec0:192.168.5.148:40614] returns group-69ECA240D605:java.util.concurrent.CompletableFuture@61edcf33[Not completed]
2019-08-20 21:28:06,704 [IPC Server handler 2 on 45958] INFO  node.SCMNodeManager (SCMNodeManager.java:register(273)) - Registered Data node : 622f3963-6db5-4cef-b6c4-dc9e39bfc6cb{ip: 192.168.5.148, host: pr-hdds-1973-5qsvz-4139986036, networkLocation: /default-rack, certSerialId: null}
2019-08-20 21:28:06,704 | INFO  | SCMAudit | user=jenkins1000 | ip=192.168.5.148 | op=REGISTER {datanodeDetails=622f3963-6db5-4cef-b6c4-dc9e39bfc6cb{ip: 192.168.5.148, host: pr-hdds-1973-5qsvz-4139986036, networkLocation: /default-rack, certSerialId: null}} | ret=SUCCESS |  
2019-08-20 21:28:06,706 [pool-38-thread-1] INFO  impl.RaftServerImpl (RaftServerImpl.java:<init>(93)) - 2a98d864-8594-48bb-bc43-21f32096cec0: new RaftServerImpl for group-69ECA240D605:[2a98d864-8594-48bb-bc43-21f32096cec0:192.168.5.148:40614] with ContainerStateMachine:uninitialized
2019-08-20 21:28:06,706 [pool-38-thread-1] INFO  server.RaftServerConfigKeys (ConfUtils.java:logGet(43)) - raft.server.rpc.timeout.min = 5s (custom)
2019-08-20 21:28:06,706 [pool-38-thread-1] INFO  server.RaftServerConfigKeys (ConfUtils.java:logGet(43)) - raft.server.rpc.timeout.max = 5200ms (custom)
2019-08-20 21:28:06,707 [pool-38-thread-1] INFO  server.RaftServerConfigKeys (ConfUtils.java:logGet(43)) - raft.server.rpcslowness.timeout = 120s (custom)
2019-08-20 21:28:06,707 [pool-38-thread-1] INFO  server.RaftServerConfigKeys (ConfUtils.java:logGet(43)) - raft.server.sleep.deviation.threshold = 300 (default)
2019-08-20 21:28:06,707 [pool-38-thread-1] INFO  server.RaftServerConfigKeys (ConfUtils.java:logGet(43)) - raft.server.log.appender.install.snapshot.enabled = false (custom)
2019-08-20 21:28:06,707 [pool-38-thread-1] INFO  impl.RaftServerImpl (ServerState.java:<init>(105)) - 2a98d864-8594-48bb-bc43-21f32096cec0:group-69ECA240D605 ConfigurationManager, init=-1: [2a98d864-8594-48bb-bc43-21f32096cec0:192.168.5.148:40614], old=null, confs=<EMPTY_MAP>
2019-08-20 21:28:06,707 [pool-38-thread-1] INFO  server.RaftServerConfigKeys (ConfUtils.java:logGet(43)) - raft.server.storage.dir = [/workdir/hadoop-ozone/integration-test/target/test-dir/MiniOzoneClusterImpl-bdedfcae-614b-4f2f-bc36-d58a77a44aef/datanode-1/data/ratis] (custom)
2019-08-20 21:28:06,708 [pool-38-thread-1] INFO  storage.RaftStorageDirectory (RaftStorageDirectory.java:analyzeStorage(246)) - The storage directory /workdir/hadoop-ozone/integration-test/target/test-dir/MiniOzoneClusterImpl-bdedfcae-614b-4f2f-bc36-d58a77a44aef/datanode-1/data/ratis/6cd7d571-622b-4059-861b-69eca240d605 does not exist. Creating ...
2019-08-20 21:28:06,721 [pool-38-thread-1] INFO  storage.RaftStorageDirectory (RaftStorageDirectory.java:tryLock(328)) - Lock on /workdir/hadoop-ozone/integration-test/target/test-dir/MiniOzoneClusterImpl-bdedfcae-614b-4f2f-bc36-d58a77a44aef/datanode-1/data/ratis/6cd7d571-622b-4059-861b-69eca240d605/in_use.lock acquired by nodename 29121@pr-hdds-1973-5qsvz-4139986036
2019-08-20 21:28:06,735 [pool-38-thread-1] INFO  storage.RaftStorage (RaftStorage.java:format(72)) - Storage directory /workdir/hadoop-ozone/integration-test/target/test-dir/MiniOzoneClusterImpl-bdedfcae-614b-4f2f-bc36-d58a77a44aef/datanode-1/data/ratis/6cd7d571-622b-4059-861b-69eca240d605 has been successfully formatted.
2019-08-20 21:28:06,735 [pool-38-thread-1] INFO  ratis.ContainerStateMachine (ContainerStateMachine.java:loadSnapshot(222)) - group-69ECA240D605: The snapshot info is null. Setting the last applied indexto:(t:0, i:~)
2019-08-20 21:28:06,735 [pool-38-thread-1] INFO  server.RaftServerConfigKeys (ConfUtils.java:logGet(43)) - raft.server.leader.election.timeout = 120s (custom)
2019-08-20 21:28:06,736 [pool-38-thread-1] INFO  server.RaftServerConfigKeys (ConfUtils.java:logGet(43)) - raft.server.log.use.memory = false (default)
2019-08-20 21:28:06,736 [pool-38-thread-1] INFO  server.RaftServerConfigKeys (ConfUtils.java:logGet(43)) - raft.server.log.purge.gap = 1000000 (custom)
2019-08-20 21:28:06,736 [pool-38-thread-1] INFO  server.RaftServerConfigKeys (ConfUtils.java:logGet(43)) - raft.server.log.appender.buffer.byte-limit = 33554432 (custom)
2019-08-20 21:28:06,736 [pool-38-thread-1] INFO  server.RaftServerConfigKeys (ConfUtils.java:logGet(43)) - raft.server.log.segment.size.max = 1048576 (custom)
2019-08-20 21:28:06,736 [pool-38-thread-1] INFO  server.RaftServerConfigKeys (ConfUtils.java:logGet(43)) - raft.server.log.segment.cache.num.max = 2 (custom)
2019-08-20 21:28:06,736 [pool-38-thread-1] INFO  segmented.SegmentedRaftLogWorker (SegmentedRaftLogWorker.java:<init>(172)) - new 2a98d864-8594-48bb-bc43-21f32096cec0-SegmentedRaftLogWorker:Storage Directory /workdir/hadoop-ozone/integration-test/target/test-dir/MiniOzoneClusterImpl-bdedfcae-614b-4f2f-bc36-d58a77a44aef/datanode-1/data/ratis/6cd7d571-622b-4059-861b-69eca240d605 for RaftStorage:Storage Directory /workdir/hadoop-ozone/integration-test/target/test-dir/MiniOzoneClusterImpl-bdedfcae-614b-4f2f-bc36-d58a77a44aef/datanode-1/data/ratis/6cd7d571-622b-4059-861b-69eca240d605
2019-08-20 21:28:06,737 [pool-38-thread-1] INFO  server.RaftServerConfigKeys (ConfUtils.java:logGet(43)) - raft.server.log.queue.byte-limit = 2147483647 (custom)
2019-08-20 21:28:06,737 [pool-38-thread-1] INFO  server.RaftServerConfigKeys (ConfUtils.java:logGet(43)) - raft.server.log.queue.element-limit = 1024 (custom)
2019-08-20 21:28:06,737 [pool-38-thread-1] INFO  server.RaftServerConfigKeys (ConfUtils.java:logGet(43)) - raft.server.log.segment.size.max = 1048576 (custom)
2019-08-20 21:28:06,738 [pool-38-thread-1] INFO  server.RaftServerConfigKeys (ConfUtils.java:logGet(43)) - raft.server.log.preallocated.size = 16384 (custom)
2019-08-20 21:28:06,738 [pool-38-thread-1] INFO  server.RaftServerConfigKeys (ConfUtils.java:logGet(43)) - raft.server.log.write.buffer.size = 33554432 (custom)
2019-08-20 21:28:06,738 [pool-38-thread-1] INFO  server.RaftServerConfigKeys (ConfUtils.java:logGet(43)) - raft.server.log.force.sync.num = 128 (default)
2019-08-20 21:28:06,738 [pool-38-thread-1] INFO  server.RaftServerConfigKeys (ConfUtils.java:logGet(43)) - raft.server.log.statemachine.data.sync = true (default)
2019-08-20 21:28:06,738 [pool-38-thread-1] INFO  server.RaftServerConfigKeys (ConfUtils.java:logGet(43)) - raft.server.log.statemachine.data.sync.timeout = 10s (default)
2019-08-20 21:28:06,739 [pool-38-thread-1] INFO  server.RaftServerConfigKeys (ConfUtils.java:logGet(43)) - raft.server.log.statemachine.data.sync.timeout.retry = -1 (default)
2019-08-20 21:28:06,739 [pool-38-thread-1] INFO  server.RaftServerConfigKeys (ConfUtils.java:logGet(43)) - raft.server.log.statemachine.data.caching.enabled = true (custom)
2019-08-20 21:28:06,739 [pool-38-thread-1] INFO  segmented.SegmentedRaftLogWorker (SegmentedRaftLogWorker.java:lambda$new$0(132)) - 2a98d864-8594-48bb-bc43-21f32096cec0-SegmentedRaftLogWorker:Storage Directory /workdir/hadoop-ozone/integration-test/target/test-dir/MiniOzoneClusterImpl-bdedfcae-614b-4f2f-bc36-d58a77a44aef/datanode-1/data/ratis/6cd7d571-622b-4059-861b-69eca240d605: flushIndex: setUnconditionally 0 -> -1
2019-08-20 21:28:06,740 [pool-38-thread-1] INFO  server.RaftServerConfigKeys (ConfUtils.java:logGet(43)) - raft.server.snapshot.auto.trigger.enabled = true (custom)
2019-08-20 21:28:06,740 [pool-38-thread-1] INFO  server.RaftServerConfigKeys (ConfUtils.java:logGet(43)) - raft.server.snapshot.auto.trigger.threshold = 10000 (custom)
2019-08-20 21:28:06,740 [pool-38-thread-1] INFO  server.RaftServerConfigKeys (ConfUtils.java:logGet(43)) - raft.server.retrycache.expirytime = 600000ms (custom)
2019-08-20 21:28:06,740 [pool-38-thread-1] INFO  impl.RaftServerImpl (RaftServerImpl.java:start(180)) - 2a98d864-8594-48bb-bc43-21f32096cec0: start group-69ECA240D605
2019-08-20 21:28:06,740 [pool-38-thread-1] INFO  impl.RaftServerImpl (RaftServerImpl.java:setRole(171)) - 2a98d864-8594-48bb-bc43-21f32096cec0:group-69ECA240D605 changes role from null to FOLLOWER at term 0 for startAsFollower
2019-08-20 21:28:06,741 [pool-38-thread-1] INFO  impl.RoleInfo (RoleInfo.java:updateAndGet(143)) - 2a98d864-8594-48bb-bc43-21f32096cec0: start FollowerState
2019-08-20 21:28:06,741 [pool-38-thread-1] INFO  util.JmxRegister (JmxRegister.java:tryRegister(44)) - Successfully registered JMX Bean with object name Ratis:service=RaftServer,group=group-69ECA240D605,id=2a98d864-8594-48bb-bc43-21f32096cec0
2019-08-20 21:28:06,751 [RatisPipelineUtilsThread] INFO  pipeline.PipelineStateManager (PipelineStateManager.java:addPipeline(56)) - Created pipeline Pipeline[ Id: 6cd7d571-622b-4059-861b-69eca240d605, Nodes: 2a98d864-8594-48bb-bc43-21f32096cec0{ip: 192.168.5.148, host: pr-hdds-1973-5qsvz-4139986036, networkLocation: /default-rack, certSerialId: null}, Type:RATIS, Factor:ONE, State:OPEN]
2019-08-20 21:28:06,769 [grpc-default-executor-0] INFO  impl.RaftServerProxy (RaftServerProxy.java:addNew(89)) - 04d2d3e3-36e9-4430-811e-8631463037af: addNew group-86F88AD5DDF4:[04d2d3e3-36e9-4430-811e-8631463037af:192.168.5.148:41004] returns group-86F88AD5DDF4:java.util.concurrent.CompletableFuture@1c30ea63[Not completed]
2019-08-20 21:28:06,774 [pool-82-thread-1] INFO  impl.RaftServerImpl (RaftServerImpl.java:<init>(93)) - 04d2d3e3-36e9-4430-811e-8631463037af: new RaftServerImpl for group-86F88AD5DDF4:[04d2d3e3-36e9-4430-811e-8631463037af:192.168.5.148:41004] with ContainerStateMachine:uninitialized
2019-08-20 21:28:06,774 [pool-82-thread-1] INFO  server.RaftServerConfigKeys (ConfUtils.java:logGet(43)) - raft.server.rpc.timeout.min = 5s (custom)
2019-08-20 21:28:06,774 [pool-82-thread-1] INFO  server.RaftServerConfigKeys (ConfUtils.java:logGet(43)) - raft.server.rpc.timeout.max = 5200ms (custom)
2019-08-20 21:28:06,775 [pool-82-thread-1] INFO  server.RaftServerConfigKeys (ConfUtils.java:logGet(43)) - raft.server.rpcslowness.timeout = 120s (custom)
2019-08-20 21:28:06,775 [pool-82-thread-1] INFO  server.RaftServerConfigKeys (ConfUtils.java:logGet(43)) - raft.server.sleep.deviation.threshold = 300 (default)
2019-08-20 21:28:06,775 [pool-82-thread-1] INFO  server.RaftServerConfigKeys (ConfUtils.java:logGet(43)) - raft.server.log.appender.install.snapshot.enabled = false (custom)
2019-08-20 21:28:06,775 [pool-82-thread-1] INFO  impl.RaftServerImpl (ServerState.java:<init>(105)) - 04d2d3e3-36e9-4430-811e-8631463037af:group-86F88AD5DDF4 ConfigurationManager, init=-1: [04d2d3e3-36e9-4430-811e-8631463037af:192.168.5.148:41004], old=null, confs=<EMPTY_MAP>
2019-08-20 21:28:06,775 [pool-82-thread-1] INFO  server.RaftServerConfigKeys (ConfUtils.java:logGet(43)) - raft.server.storage.dir = [/workdir/hadoop-ozone/integration-test/target/test-dir/MiniOzoneClusterImpl-bdedfcae-614b-4f2f-bc36-d58a77a44aef/datanode-5/data/ratis] (custom)
2019-08-20 21:28:06,776 [pool-82-thread-1] INFO  storage.RaftStorageDirectory (RaftStorageDirectory.java:analyzeStorage(246)) - The storage directory /workdir/hadoop-ozone/integration-test/target/test-dir/MiniOzoneClusterImpl-bdedfcae-614b-4f2f-bc36-d58a77a44aef/datanode-5/data/ratis/435d5ebf-46cd-4a07-93dc-86f88ad5ddf4 does not exist. Creating ...
2019-08-20 21:28:06,789 [pool-82-thread-1] INFO  storage.RaftStorageDirectory (RaftStorageDirectory.java:tryLock(328)) - Lock on /workdir/hadoop-ozone/integration-test/target/test-dir/MiniOzoneClusterImpl-bdedfcae-614b-4f2f-bc36-d58a77a44aef/datanode-5/data/ratis/435d5ebf-46cd-4a07-93dc-86f88ad5ddf4/in_use.lock acquired by nodename 29121@pr-hdds-1973-5qsvz-4139986036
2019-08-20 21:28:06,802 [pool-82-thread-1] INFO  storage.RaftStorage (RaftStorage.java:format(72)) - Storage directory /workdir/hadoop-ozone/integration-test/target/test-dir/MiniOzoneClusterImpl-bdedfcae-614b-4f2f-bc36-d58a77a44aef/datanode-5/data/ratis/435d5ebf-46cd-4a07-93dc-86f88ad5ddf4 has been successfully formatted.
2019-08-20 21:28:06,802 [pool-82-thread-1] INFO  ratis.ContainerStateMachine (ContainerStateMachine.java:loadSnapshot(222)) - group-86F88AD5DDF4: The snapshot info is null. Setting the last applied indexto:(t:0, i:~)
2019-08-20 21:28:06,803 [pool-82-thread-1] INFO  server.RaftServerConfigKeys (ConfUtils.java:logGet(43)) - raft.server.leader.election.timeout = 120s (custom)
2019-08-20 21:28:06,803 [pool-82-thread-1] INFO  server.RaftServerConfigKeys (ConfUtils.java:logGet(43)) - raft.server.log.use.memory = false (default)
2019-08-20 21:28:06,803 [pool-82-thread-1] INFO  server.RaftServerConfigKeys (ConfUtils.java:logGet(43)) - raft.server.log.purge.gap = 1000000 (custom)
2019-08-20 21:28:06,803 [pool-82-thread-1] INFO  server.RaftServerConfigKeys (ConfUtils.java:logGet(43)) - raft.server.log.appender.buffer.byte-limit = 33554432 (custom)
2019-08-20 21:28:06,804 [pool-82-thread-1] INFO  server.RaftServerConfigKeys (ConfUtils.java:logGet(43)) - raft.server.log.segment.size.max = 1048576 (custom)
2019-08-20 21:28:06,804 [pool-82-thread-1] INFO  server.RaftServerConfigKeys (ConfUtils.java:logGet(43)) - raft.server.log.segment.cache.num.max = 2 (custom)
2019-08-20 21:28:06,804 [pool-82-thread-1] INFO  segmented.SegmentedRaftLogWorker (SegmentedRaftLogWorker.java:<init>(172)) - new 04d2d3e3-36e9-4430-811e-8631463037af-SegmentedRaftLogWorker:Storage Directory /workdir/hadoop-ozone/integration-test/target/test-dir/MiniOzoneClusterImpl-bdedfcae-614b-4f2f-bc36-d58a77a44aef/datanode-5/data/ratis/435d5ebf-46cd-4a07-93dc-86f88ad5ddf4 for RaftStorage:Storage Directory /workdir/hadoop-ozone/integration-test/target/test-dir/MiniOzoneClusterImpl-bdedfcae-614b-4f2f-bc36-d58a77a44aef/datanode-5/data/ratis/435d5ebf-46cd-4a07-93dc-86f88ad5ddf4
2019-08-20 21:28:06,804 [pool-82-thread-1] INFO  server.RaftServerConfigKeys (ConfUtils.java:logGet(43)) - raft.server.log.queue.byte-limit = 2147483647 (custom)
2019-08-20 21:28:06,804 [pool-82-thread-1] INFO  server.RaftServerConfigKeys (ConfUtils.java:logGet(43)) - raft.server.log.queue.element-limit = 1024 (custom)
2019-08-20 21:28:06,805 [pool-82-thread-1] INFO  server.RaftServerConfigKeys (ConfUtils.java:logGet(43)) - raft.server.log.segment.size.max = 1048576 (custom)
2019-08-20 21:28:06,805 [pool-82-thread-1] INFO  server.RaftServerConfigKeys (ConfUtils.java:logGet(43)) - raft.server.log.preallocated.size = 16384 (custom)
2019-08-20 21:28:06,805 [pool-82-thread-1] INFO  server.RaftServerConfigKeys (ConfUtils.java:logGet(43)) - raft.server.log.write.buffer.size = 33554432 (custom)
2019-08-20 21:28:06,805 [pool-82-thread-1] INFO  server.RaftServerConfigKeys (ConfUtils.java:logGet(43)) - raft.server.log.force.sync.num = 128 (default)
2019-08-20 21:28:06,805 [pool-82-thread-1] INFO  server.RaftServerConfigKeys (ConfUtils.java:logGet(43)) - raft.server.log.statemachine.data.sync = true (default)
2019-08-20 21:28:06,806 [pool-82-thread-1] INFO  server.RaftServerConfigKeys (ConfUtils.java:logGet(43)) - raft.server.log.statemachine.data.sync.timeout = 10s (default)
2019-08-20 21:28:06,806 [pool-82-thread-1] INFO  server.RaftServerConfigKeys (ConfUtils.java:logGet(43)) - raft.server.log.statemachine.data.sync.timeout.retry = -1 (default)
2019-08-20 21:28:06,806 [pool-82-thread-1] INFO  server.RaftServerConfigKeys (ConfUtils.java:logGet(43)) - raft.server.log.statemachine.data.caching.enabled = true (custom)
2019-08-20 21:28:06,807 [pool-82-thread-1] INFO  segmented.SegmentedRaftLogWorker (SegmentedRaftLogWorker.java:lambda$new$0(132)) - 04d2d3e3-36e9-4430-811e-8631463037af-SegmentedRaftLogWorker:Storage Directory /workdir/hadoop-ozone/integration-test/target/test-dir/MiniOzoneClusterImpl-bdedfcae-614b-4f2f-bc36-d58a77a44aef/datanode-5/data/ratis/435d5ebf-46cd-4a07-93dc-86f88ad5ddf4: flushIndex: setUnconditionally 0 -> -1
2019-08-20 21:28:06,807 [pool-82-thread-1] INFO  server.RaftServerConfigKeys (ConfUtils.java:logGet(43)) - raft.server.snapshot.auto.trigger.enabled = true (custom)
2019-08-20 21:28:06,807 [pool-82-thread-1] INFO  server.RaftServerConfigKeys (ConfUtils.java:logGet(43)) - raft.server.snapshot.auto.trigger.threshold = 10000 (custom)
2019-08-20 21:28:06,807 [pool-82-thread-1] INFO  server.RaftServerConfigKeys (ConfUtils.java:logGet(43)) - raft.server.retrycache.expirytime = 600000ms (custom)
2019-08-20 21:28:06,808 [pool-82-thread-1] INFO  impl.RaftServerImpl (RaftServerImpl.java:start(180)) - 04d2d3e3-36e9-4430-811e-8631463037af: start group-86F88AD5DDF4
2019-08-20 21:28:06,808 [pool-82-thread-1] INFO  impl.RaftServerImpl (RaftServerImpl.java:setRole(171)) - 04d2d3e3-36e9-4430-811e-8631463037af:group-86F88AD5DDF4 changes role from null to FOLLOWER at term 0 for startAsFollower
2019-08-20 21:28:06,808 [pool-82-thread-1] INFO  impl.RoleInfo (RoleInfo.java:updateAndGet(143)) - 04d2d3e3-36e9-4430-811e-8631463037af: start FollowerState
2019-08-20 21:28:06,808 [pool-82-thread-1] INFO  util.JmxRegister (JmxRegister.java:tryRegister(44)) - Successfully registered JMX Bean with object name Ratis:service=RaftServer,group=group-86F88AD5DDF4,id=04d2d3e3-36e9-4430-811e-8631463037af
2019-08-20 21:28:06,819 [RatisPipelineUtilsThread] INFO  pipeline.PipelineStateManager (PipelineStateManager.java:addPipeline(56)) - Created pipeline Pipeline[ Id: 435d5ebf-46cd-4a07-93dc-86f88ad5ddf4, Nodes: 04d2d3e3-36e9-4430-811e-8631463037af{ip: 192.168.5.148, host: pr-hdds-1973-5qsvz-4139986036, networkLocation: /default-rack, certSerialId: null}, Type:RATIS, Factor:ONE, State:OPEN]
2019-08-20 21:28:06,844 [grpc-default-executor-0] INFO  impl.RaftServerProxy (RaftServerProxy.java:addNew(89)) - 622f3963-6db5-4cef-b6c4-dc9e39bfc6cb: addNew group-BF755444C008:[622f3963-6db5-4cef-b6c4-dc9e39bfc6cb:192.168.5.148:34702] returns group-BF755444C008:java.util.concurrent.CompletableFuture@39b53621[Not completed]
2019-08-20 21:28:06,854 [pool-93-thread-1] INFO  impl.RaftServerImpl (RaftServerImpl.java:<init>(93)) - 622f3963-6db5-4cef-b6c4-dc9e39bfc6cb: new RaftServerImpl for group-BF755444C008:[622f3963-6db5-4cef-b6c4-dc9e39bfc6cb:192.168.5.148:34702] with ContainerStateMachine:uninitialized
2019-08-20 21:28:06,854 [pool-93-thread-1] INFO  server.RaftServerConfigKeys (ConfUtils.java:logGet(43)) - raft.server.rpc.timeout.min = 5s (custom)
2019-08-20 21:28:06,854 [pool-93-thread-1] INFO  server.RaftServerConfigKeys (ConfUtils.java:logGet(43)) - raft.server.rpc.timeout.max = 5200ms (custom)
2019-08-20 21:28:06,854 [pool-93-thread-1] INFO  server.RaftServerConfigKeys (ConfUtils.java:logGet(43)) - raft.server.rpcslowness.timeout = 120s (custom)
2019-08-20 21:28:06,854 [pool-93-thread-1] INFO  server.RaftServerConfigKeys (ConfUtils.java:logGet(43)) - raft.server.sleep.deviation.threshold = 300 (default)
2019-08-20 21:28:06,855 [pool-93-thread-1] INFO  server.RaftServerConfigKeys (ConfUtils.java:logGet(43)) - raft.server.log.appender.install.snapshot.enabled = false (custom)
2019-08-20 21:28:06,855 [pool-93-thread-1] INFO  impl.RaftServerImpl (ServerState.java:<init>(105)) - 622f3963-6db5-4cef-b6c4-dc9e39bfc6cb:group-BF755444C008 ConfigurationManager, init=-1: [622f3963-6db5-4cef-b6c4-dc9e39bfc6cb:192.168.5.148:34702], old=null, confs=<EMPTY_MAP>
2019-08-20 21:28:06,855 [pool-93-thread-1] INFO  server.RaftServerConfigKeys (ConfUtils.java:logGet(43)) - raft.server.storage.dir = [/workdir/hadoop-ozone/integration-test/target/test-dir/MiniOzoneClusterImpl-bdedfcae-614b-4f2f-bc36-d58a77a44aef/datanode-6/data/ratis] (custom)
2019-08-20 21:28:06,855 [pool-93-thread-1] INFO  storage.RaftStorageDirectory (RaftStorageDirectory.java:analyzeStorage(246)) - The storage directory /workdir/hadoop-ozone/integration-test/target/test-dir/MiniOzoneClusterImpl-bdedfcae-614b-4f2f-bc36-d58a77a44aef/datanode-6/data/ratis/48eece08-f0af-466c-9d54-bf755444c008 does not exist. Creating ...
2019-08-20 21:28:06,868 [pool-93-thread-1] INFO  storage.RaftStorageDirectory (RaftStorageDirectory.java:tryLock(328)) - Lock on /workdir/hadoop-ozone/integration-test/target/test-dir/MiniOzoneClusterImpl-bdedfcae-614b-4f2f-bc36-d58a77a44aef/datanode-6/data/ratis/48eece08-f0af-466c-9d54-bf755444c008/in_use.lock acquired by nodename 29121@pr-hdds-1973-5qsvz-4139986036
2019-08-20 21:28:06,880 [pool-93-thread-1] INFO  storage.RaftStorage (RaftStorage.java:format(72)) - Storage directory /workdir/hadoop-ozone/integration-test/target/test-dir/MiniOzoneClusterImpl-bdedfcae-614b-4f2f-bc36-d58a77a44aef/datanode-6/data/ratis/48eece08-f0af-466c-9d54-bf755444c008 has been successfully formatted.
2019-08-20 21:28:06,881 [pool-93-thread-1] INFO  ratis.ContainerStateMachine (ContainerStateMachine.java:loadSnapshot(222)) - group-BF755444C008: The snapshot info is null. Setting the last applied indexto:(t:0, i:~)
2019-08-20 21:28:06,881 [pool-93-thread-1] INFO  server.RaftServerConfigKeys (ConfUtils.java:logGet(43)) - raft.server.leader.election.timeout = 120s (custom)
2019-08-20 21:28:06,881 [pool-93-thread-1] INFO  server.RaftServerConfigKeys (ConfUtils.java:logGet(43)) - raft.server.log.use.memory = false (default)
2019-08-20 21:28:06,881 [pool-93-thread-1] INFO  server.RaftServerConfigKeys (ConfUtils.java:logGet(43)) - raft.server.log.purge.gap = 1000000 (custom)
2019-08-20 21:28:06,881 [pool-93-thread-1] INFO  server.RaftServerConfigKeys (ConfUtils.java:logGet(43)) - raft.server.log.appender.buffer.byte-limit = 33554432 (custom)
2019-08-20 21:28:06,881 [pool-93-thread-1] INFO  server.RaftServerConfigKeys (ConfUtils.java:logGet(43)) - raft.server.log.segment.size.max = 1048576 (custom)
2019-08-20 21:28:06,881 [pool-93-thread-1] INFO  server.RaftServerConfigKeys (ConfUtils.java:logGet(43)) - raft.server.log.segment.cache.num.max = 2 (custom)
2019-08-20 21:28:06,882 [pool-93-thread-1] INFO  segmented.SegmentedRaftLogWorker (SegmentedRaftLogWorker.java:<init>(172)) - new 622f3963-6db5-4cef-b6c4-dc9e39bfc6cb-SegmentedRaftLogWorker:Storage Directory /workdir/hadoop-ozone/integration-test/target/test-dir/MiniOzoneClusterImpl-bdedfcae-614b-4f2f-bc36-d58a77a44aef/datanode-6/data/ratis/48eece08-f0af-466c-9d54-bf755444c008 for RaftStorage:Storage Directory /workdir/hadoop-ozone/integration-test/target/test-dir/MiniOzoneClusterImpl-bdedfcae-614b-4f2f-bc36-d58a77a44aef/datanode-6/data/ratis/48eece08-f0af-466c-9d54-bf755444c008
2019-08-20 21:28:06,882 [pool-93-thread-1] INFO  server.RaftServerConfigKeys (ConfUtils.java:logGet(43)) - raft.server.log.queue.byte-limit = 2147483647 (custom)
2019-08-20 21:28:06,882 [pool-93-thread-1] INFO  server.RaftServerConfigKeys (ConfUtils.java:logGet(43)) - raft.server.log.queue.element-limit = 1024 (custom)
2019-08-20 21:28:06,882 [pool-93-thread-1] INFO  server.RaftServerConfigKeys (ConfUtils.java:logGet(43)) - raft.server.log.segment.size.max = 1048576 (custom)
2019-08-20 21:28:06,882 [pool-93-thread-1] INFO  server.RaftServerConfigKeys (ConfUtils.java:logGet(43)) - raft.server.log.preallocated.size = 16384 (custom)
2019-08-20 21:28:06,882 [pool-93-thread-1] INFO  server.RaftServerConfigKeys (ConfUtils.java:logGet(43)) - raft.server.log.write.buffer.size = 33554432 (custom)
2019-08-20 21:28:06,882 [pool-93-thread-1] INFO  server.RaftServerConfigKeys (ConfUtils.java:logGet(43)) - raft.server.log.force.sync.num = 128 (default)
2019-08-20 21:28:06,883 [pool-93-thread-1] INFO  server.RaftServerConfigKeys (ConfUtils.java:logGet(43)) - raft.server.log.statemachine.data.sync = true (default)
2019-08-20 21:28:06,883 [pool-93-thread-1] INFO  server.RaftServerConfigKeys (ConfUtils.java:logGet(43)) - raft.server.log.statemachine.data.sync.timeout = 10s (default)
2019-08-20 21:28:06,883 [pool-93-thread-1] INFO  server.RaftServerConfigKeys (ConfUtils.java:logGet(43)) - raft.server.log.statemachine.data.sync.timeout.retry = -1 (default)
2019-08-20 21:28:06,883 [pool-93-thread-1] INFO  server.RaftServerConfigKeys (ConfUtils.java:logGet(43)) - raft.server.log.statemachine.data.caching.enabled = true (custom)
2019-08-20 21:28:06,884 [pool-93-thread-1] INFO  segmented.SegmentedRaftLogWorker (SegmentedRaftLogWorker.java:lambda$new$0(132)) - 622f3963-6db5-4cef-b6c4-dc9e39bfc6cb-SegmentedRaftLogWorker:Storage Directory /workdir/hadoop-ozone/integration-test/target/test-dir/MiniOzoneClusterImpl-bdedfcae-614b-4f2f-bc36-d58a77a44aef/datanode-6/data/ratis/48eece08-f0af-466c-9d54-bf755444c008: flushIndex: setUnconditionally 0 -> -1
2019-08-20 21:28:06,884 [pool-93-thread-1] INFO  server.RaftServerConfigKeys (ConfUtils.java:logGet(43)) - raft.server.snapshot.auto.trigger.enabled = true (custom)
2019-08-20 21:28:06,884 [pool-93-thread-1] INFO  server.RaftServerConfigKeys (ConfUtils.java:logGet(43)) - raft.server.snapshot.auto.trigger.threshold = 10000 (custom)
2019-08-20 21:28:06,884 [pool-93-thread-1] INFO  server.RaftServerConfigKeys (ConfUtils.java:logGet(43)) - raft.server.retrycache.expirytime = 600000ms (custom)
2019-08-20 21:28:06,884 [pool-93-thread-1] INFO  impl.RaftServerImpl (RaftServerImpl.java:start(180)) - 622f3963-6db5-4cef-b6c4-dc9e39bfc6cb: start group-BF755444C008
2019-08-20 21:28:06,885 [pool-93-thread-1] INFO  impl.RaftServerImpl (RaftServerImpl.java:setRole(171)) - 622f3963-6db5-4cef-b6c4-dc9e39bfc6cb:group-BF755444C008 changes role from null to FOLLOWER at term 0 for startAsFollower
2019-08-20 21:28:06,885 [pool-93-thread-1] INFO  impl.RoleInfo (RoleInfo.java:updateAndGet(143)) - 622f3963-6db5-4cef-b6c4-dc9e39bfc6cb: start FollowerState
2019-08-20 21:28:06,885 [pool-93-thread-1] INFO  util.JmxRegister (JmxRegister.java:tryRegister(44)) - Successfully registered JMX Bean with object name Ratis:service=RaftServer,group=group-BF755444C008,id=622f3963-6db5-4cef-b6c4-dc9e39bfc6cb
2019-08-20 21:28:06,899 [RatisPipelineUtilsThread] INFO  pipeline.PipelineStateManager (PipelineStateManager.java:addPipeline(56)) - Created pipeline Pipeline[ Id: 48eece08-f0af-466c-9d54-bf755444c008, Nodes: 622f3963-6db5-4cef-b6c4-dc9e39bfc6cb{ip: 192.168.5.148, host: pr-hdds-1973-5qsvz-4139986036, networkLocation: /default-rack, certSerialId: null}, Type:RATIS, Factor:ONE, State:OPEN]
2019-08-20 21:28:06,917 [grpc-default-executor-0] INFO  impl.RaftServerProxy (RaftServerProxy.java:addNew(89)) - 954b1581-72c2-4c4e-9852-adb95bd15e36: addNew group-BB90F6A030C3:[954b1581-72c2-4c4e-9852-adb95bd15e36:192.168.5.148:40620] returns group-BB90F6A030C3:java.util.concurrent.CompletableFuture@1c47bfaf[Not completed]
2019-08-20 21:28:06,921 [pool-49-thread-1] INFO  impl.RaftServerImpl (RaftServerImpl.java:<init>(93)) - 954b1581-72c2-4c4e-9852-adb95bd15e36: new RaftServerImpl for group-BB90F6A030C3:[954b1581-72c2-4c4e-9852-adb95bd15e36:192.168.5.148:40620] with ContainerStateMachine:uninitialized
2019-08-20 21:28:06,921 [pool-49-thread-1] INFO  server.RaftServerConfigKeys (ConfUtils.java:logGet(43)) - raft.server.rpc.timeout.min = 5s (custom)
2019-08-20 21:28:06,922 [pool-49-thread-1] INFO  server.RaftServerConfigKeys (ConfUtils.java:logGet(43)) - raft.server.rpc.timeout.max = 5200ms (custom)
2019-08-20 21:28:06,922 [pool-49-thread-1] INFO  server.RaftServerConfigKeys (ConfUtils.java:logGet(43)) - raft.server.rpcslowness.timeout = 120s (custom)
2019-08-20 21:28:06,922 [pool-49-thread-1] INFO  server.RaftServerConfigKeys (ConfUtils.java:logGet(43)) - raft.server.sleep.deviation.threshold = 300 (default)
2019-08-20 21:28:06,922 [pool-49-thread-1] INFO  server.RaftServerConfigKeys (ConfUtils.java:logGet(43)) - raft.server.log.appender.install.snapshot.enabled = false (custom)
2019-08-20 21:28:06,922 [pool-49-thread-1] INFO  impl.RaftServerImpl (ServerState.java:<init>(105)) - 954b1581-72c2-4c4e-9852-adb95bd15e36:group-BB90F6A030C3 ConfigurationManager, init=-1: [954b1581-72c2-4c4e-9852-adb95bd15e36:192.168.5.148:40620], old=null, confs=<EMPTY_MAP>
2019-08-20 21:28:06,923 [pool-49-thread-1] INFO  server.RaftServerConfigKeys (ConfUtils.java:logGet(43)) - raft.server.storage.dir = [/workdir/hadoop-ozone/integration-test/target/test-dir/MiniOzoneClusterImpl-bdedfcae-614b-4f2f-bc36-d58a77a44aef/datanode-2/data/ratis] (custom)
2019-08-20 21:28:06,923 [pool-49-thread-1] INFO  storage.RaftStorageDirectory (RaftStorageDirectory.java:analyzeStorage(246)) - The storage directory /workdir/hadoop-ozone/integration-test/target/test-dir/MiniOzoneClusterImpl-bdedfcae-614b-4f2f-bc36-d58a77a44aef/datanode-2/data/ratis/4563bc34-777f-4627-a6fb-bb90f6a030c3 does not exist. Creating ...
2019-08-20 21:28:06,938 [pool-49-thread-1] INFO  storage.RaftStorageDirectory (RaftStorageDirectory.java:tryLock(328)) - Lock on /workdir/hadoop-ozone/integration-test/target/test-dir/MiniOzoneClusterImpl-bdedfcae-614b-4f2f-bc36-d58a77a44aef/datanode-2/data/ratis/4563bc34-777f-4627-a6fb-bb90f6a030c3/in_use.lock acquired by nodename 29121@pr-hdds-1973-5qsvz-4139986036
2019-08-20 21:28:06,952 [pool-49-thread-1] INFO  storage.RaftStorage (RaftStorage.java:format(72)) - Storage directory /workdir/hadoop-ozone/integration-test/target/test-dir/MiniOzoneClusterImpl-bdedfcae-614b-4f2f-bc36-d58a77a44aef/datanode-2/data/ratis/4563bc34-777f-4627-a6fb-bb90f6a030c3 has been successfully formatted.
2019-08-20 21:28:06,952 [pool-49-thread-1] INFO  ratis.ContainerStateMachine (ContainerStateMachine.java:loadSnapshot(222)) - group-BB90F6A030C3: The snapshot info is null. Setting the last applied indexto:(t:0, i:~)
2019-08-20 21:28:06,952 [pool-49-thread-1] INFO  server.RaftServerConfigKeys (ConfUtils.java:logGet(43)) - raft.server.leader.election.timeout = 120s (custom)
2019-08-20 21:28:06,952 [pool-49-thread-1] INFO  server.RaftServerConfigKeys (ConfUtils.java:logGet(43)) - raft.server.log.use.memory = false (default)
2019-08-20 21:28:06,952 [pool-49-thread-1] INFO  server.RaftServerConfigKeys (ConfUtils.java:logGet(43)) - raft.server.log.purge.gap = 1000000 (custom)
2019-08-20 21:28:06,953 [pool-49-thread-1] INFO  server.RaftServerConfigKeys (ConfUtils.java:logGet(43)) - raft.server.log.appender.buffer.byte-limit = 33554432 (custom)
2019-08-20 21:28:06,953 [pool-49-thread-1] INFO  server.RaftServerConfigKeys (ConfUtils.java:logGet(43)) - raft.server.log.segment.size.max = 1048576 (custom)
2019-08-20 21:28:06,953 [pool-49-thread-1] INFO  server.RaftServerConfigKeys (ConfUtils.java:logGet(43)) - raft.server.log.segment.cache.num.max = 2 (custom)
2019-08-20 21:28:06,953 [pool-49-thread-1] INFO  segmented.SegmentedRaftLogWorker (SegmentedRaftLogWorker.java:<init>(172)) - new 954b1581-72c2-4c4e-9852-adb95bd15e36-SegmentedRaftLogWorker:Storage Directory /workdir/hadoop-ozone/integration-test/target/test-dir/MiniOzoneClusterImpl-bdedfcae-614b-4f2f-bc36-d58a77a44aef/datanode-2/data/ratis/4563bc34-777f-4627-a6fb-bb90f6a030c3 for RaftStorage:Storage Directory /workdir/hadoop-ozone/integration-test/target/test-dir/MiniOzoneClusterImpl-bdedfcae-614b-4f2f-bc36-d58a77a44aef/datanode-2/data/ratis/4563bc34-777f-4627-a6fb-bb90f6a030c3
2019-08-20 21:28:06,953 [pool-49-thread-1] INFO  server.RaftServerConfigKeys (ConfUtils.java:logGet(43)) - raft.server.log.queue.byte-limit = 2147483647 (custom)
2019-08-20 21:28:06,953 [pool-49-thread-1] INFO  server.RaftServerConfigKeys (ConfUtils.java:logGet(43)) - raft.server.log.queue.element-limit = 1024 (custom)
2019-08-20 21:28:06,954 [pool-49-thread-1] INFO  server.RaftServerConfigKeys (ConfUtils.java:logGet(43)) - raft.server.log.segment.size.max = 1048576 (custom)
2019-08-20 21:28:06,954 [pool-49-thread-1] INFO  server.RaftServerConfigKeys (ConfUtils.java:logGet(43)) - raft.server.log.preallocated.size = 16384 (custom)
2019-08-20 21:28:06,954 [pool-49-thread-1] INFO  server.RaftServerConfigKeys (ConfUtils.java:logGet(43)) - raft.server.log.write.buffer.size = 33554432 (custom)
2019-08-20 21:28:06,954 [pool-49-thread-1] INFO  server.RaftServerConfigKeys (ConfUtils.java:logGet(43)) - raft.server.log.force.sync.num = 128 (default)
2019-08-20 21:28:06,954 [pool-49-thread-1] INFO  server.RaftServerConfigKeys (ConfUtils.java:logGet(43)) - raft.server.log.statemachine.data.sync = true (default)
2019-08-20 21:28:06,954 [pool-49-thread-1] INFO  server.RaftServerConfigKeys (ConfUtils.java:logGet(43)) - raft.server.log.statemachine.data.sync.timeout = 10s (default)
2019-08-20 21:28:06,955 [pool-49-thread-1] INFO  server.RaftServerConfigKeys (ConfUtils.java:logGet(43)) - raft.server.log.statemachine.data.sync.timeout.retry = -1 (default)
2019-08-20 21:28:06,955 [pool-49-thread-1] INFO  server.RaftServerConfigKeys (ConfUtils.java:logGet(43)) - raft.server.log.statemachine.data.caching.enabled = true (custom)
2019-08-20 21:28:06,955 [pool-49-thread-1] INFO  segmented.SegmentedRaftLogWorker (SegmentedRaftLogWorker.java:lambda$new$0(132)) - 954b1581-72c2-4c4e-9852-adb95bd15e36-SegmentedRaftLogWorker:Storage Directory /workdir/hadoop-ozone/integration-test/target/test-dir/MiniOzoneClusterImpl-bdedfcae-614b-4f2f-bc36-d58a77a44aef/datanode-2/data/ratis/4563bc34-777f-4627-a6fb-bb90f6a030c3: flushIndex: setUnconditionally 0 -> -1
2019-08-20 21:28:06,956 [pool-49-thread-1] INFO  server.RaftServerConfigKeys (ConfUtils.java:logGet(43)) - raft.server.snapshot.auto.trigger.enabled = true (custom)
2019-08-20 21:28:06,956 [pool-49-thread-1] INFO  server.RaftServerConfigKeys (ConfUtils.java:logGet(43)) - raft.server.snapshot.auto.trigger.threshold = 10000 (custom)
2019-08-20 21:28:06,956 [pool-49-thread-1] INFO  server.RaftServerConfigKeys (ConfUtils.java:logGet(43)) - raft.server.retrycache.expirytime = 600000ms (custom)
2019-08-20 21:28:06,956 [pool-49-thread-1] INFO  impl.RaftServerImpl (RaftServerImpl.java:start(180)) - 954b1581-72c2-4c4e-9852-adb95bd15e36: start group-BB90F6A030C3
2019-08-20 21:28:06,957 [pool-49-thread-1] INFO  impl.RaftServerImpl (RaftServerImpl.java:setRole(171)) - 954b1581-72c2-4c4e-9852-adb95bd15e36:group-BB90F6A030C3 changes role from null to FOLLOWER at term 0 for startAsFollower
2019-08-20 21:28:06,957 [pool-49-thread-1] INFO  impl.RoleInfo (RoleInfo.java:updateAndGet(143)) - 954b1581-72c2-4c4e-9852-adb95bd15e36: start FollowerState
2019-08-20 21:28:06,957 [pool-49-thread-1] INFO  util.JmxRegister (JmxRegister.java:tryRegister(44)) - Successfully registered JMX Bean with object name Ratis:service=RaftServer,group=group-BB90F6A030C3,id=954b1581-72c2-4c4e-9852-adb95bd15e36
2019-08-20 21:28:06,977 [RatisPipelineUtilsThread] INFO  pipeline.PipelineStateManager (PipelineStateManager.java:addPipeline(56)) - Created pipeline Pipeline[ Id: 4563bc34-777f-4627-a6fb-bb90f6a030c3, Nodes: 954b1581-72c2-4c4e-9852-adb95bd15e36{ip: 192.168.5.148, host: pr-hdds-1973-5qsvz-4139986036, networkLocation: /default-rack, certSerialId: null}, Type:RATIS, Factor:ONE, State:OPEN]
2019-08-20 21:28:07,004 [main] INFO  ozone.MiniOzoneClusterImpl (MiniOzoneClusterImpl.java:lambda$waitForClusterToBeReady$0(142)) - Cluster is ready. Got 7 of 7 DN Heartbeats.
2019-08-20 21:28:07,017 [grpc-default-executor-2] INFO  impl.RaftServerProxy (RaftServerProxy.java:addNew(89)) - 0cfefecf-8034-4f72-a3a3-e652ed807942: addNew group-8EC6E5F49E10:[0cfefecf-8034-4f72-a3a3-e652ed807942:192.168.5.148:38531, 49b46f07-2746-4119-b484-e06b9af9c549:192.168.5.148:45764, 65bb560a-5aa2-49c4-ad35-2197abba1c3e:192.168.5.148:46812] returns group-8EC6E5F49E10:java.util.concurrent.CompletableFuture@48477cd7[Not completed]
2019-08-20 21:28:07,017 [grpc-default-executor-1] INFO  impl.RaftServerProxy (RaftServerProxy.java:addNew(89)) - 49b46f07-2746-4119-b484-e06b9af9c549: addNew group-8EC6E5F49E10:[0cfefecf-8034-4f72-a3a3-e652ed807942:192.168.5.148:38531, 49b46f07-2746-4119-b484-e06b9af9c549:192.168.5.148:45764, 65bb560a-5aa2-49c4-ad35-2197abba1c3e:192.168.5.148:46812] returns group-8EC6E5F49E10:java.util.concurrent.CompletableFuture@57d7bb6f[Not completed]
2019-08-20 21:28:07,019 [grpc-default-executor-1] INFO  impl.RaftServerProxy (RaftServerProxy.java:addNew(89)) - 65bb560a-5aa2-49c4-ad35-2197abba1c3e: addNew group-8EC6E5F49E10:[0cfefecf-8034-4f72-a3a3-e652ed807942:192.168.5.148:38531, 49b46f07-2746-4119-b484-e06b9af9c549:192.168.5.148:45764, 65bb560a-5aa2-49c4-ad35-2197abba1c3e:192.168.5.148:46812] returns group-8EC6E5F49E10:java.util.concurrent.CompletableFuture@12d53ff1[Not completed]
2019-08-20 21:28:07,020 [pool-60-thread-1] INFO  impl.RaftServerImpl (RaftServerImpl.java:<init>(93)) - 0cfefecf-8034-4f72-a3a3-e652ed807942: new RaftServerImpl for group-8EC6E5F49E10:[0cfefecf-8034-4f72-a3a3-e652ed807942:192.168.5.148:38531, 49b46f07-2746-4119-b484-e06b9af9c549:192.168.5.148:45764, 65bb560a-5aa2-49c4-ad35-2197abba1c3e:192.168.5.148:46812] with ContainerStateMachine:uninitialized
2019-08-20 21:28:07,020 [pool-60-thread-1] INFO  server.RaftServerConfigKeys (ConfUtils.java:logGet(43)) - raft.server.rpc.timeout.min = 5s (custom)
2019-08-20 21:28:07,021 [pool-60-thread-1] INFO  server.RaftServerConfigKeys (ConfUtils.java:logGet(43)) - raft.server.rpc.timeout.max = 5200ms (custom)
2019-08-20 21:28:07,021 [pool-60-thread-1] INFO  server.RaftServerConfigKeys (ConfUtils.java:logGet(43)) - raft.server.rpcslowness.timeout = 120s (custom)
2019-08-20 21:28:07,021 [pool-60-thread-1] INFO  server.RaftServerConfigKeys (ConfUtils.java:logGet(43)) - raft.server.sleep.deviation.threshold = 300 (default)
2019-08-20 21:28:07,021 [pool-60-thread-1] INFO  server.RaftServerConfigKeys (ConfUtils.java:logGet(43)) - raft.server.log.appender.install.snapshot.enabled = false (custom)
2019-08-20 21:28:07,021 [pool-27-thread-1] INFO  impl.RaftServerImpl (RaftServerImpl.java:<init>(93)) - 65bb560a-5aa2-49c4-ad35-2197abba1c3e: new RaftServerImpl for group-8EC6E5F49E10:[0cfefecf-8034-4f72-a3a3-e652ed807942:192.168.5.148:38531, 49b46f07-2746-4119-b484-e06b9af9c549:192.168.5.148:45764, 65bb560a-5aa2-49c4-ad35-2197abba1c3e:192.168.5.148:46812] with ContainerStateMachine:uninitialized
2019-08-20 21:28:07,021 [pool-60-thread-1] INFO  impl.RaftServerImpl (ServerState.java:<init>(105)) - 0cfefecf-8034-4f72-a3a3-e652ed807942:group-8EC6E5F49E10 ConfigurationManager, init=-1: [0cfefecf-8034-4f72-a3a3-e652ed807942:192.168.5.148:38531, 49b46f07-2746-4119-b484-e06b9af9c549:192.168.5.148:45764, 65bb560a-5aa2-49c4-ad35-2197abba1c3e:192.168.5.148:46812], old=null, confs=<EMPTY_MAP>
2019-08-20 21:28:07,021 [pool-27-thread-1] INFO  server.RaftServerConfigKeys (ConfUtils.java:logGet(43)) - raft.server.rpc.timeout.min = 5s (custom)
2019-08-20 21:28:07,021 [pool-60-thread-1] INFO  server.RaftServerConfigKeys (ConfUtils.java:logGet(43)) - raft.server.storage.dir = [/workdir/hadoop-ozone/integration-test/target/test-dir/MiniOzoneClusterImpl-bdedfcae-614b-4f2f-bc36-d58a77a44aef/datanode-3/data/ratis] (custom)
2019-08-20 21:28:07,021 [pool-27-thread-1] INFO  server.RaftServerConfigKeys (ConfUtils.java:logGet(43)) - raft.server.rpc.timeout.max = 5200ms (custom)
2019-08-20 21:28:07,022 [pool-27-thread-1] INFO  server.RaftServerConfigKeys (ConfUtils.java:logGet(43)) - raft.server.rpcslowness.timeout = 120s (custom)
2019-08-20 21:28:07,022 [pool-60-thread-1] INFO  storage.RaftStorageDirectory (RaftStorageDirectory.java:analyzeStorage(246)) - The storage directory /workdir/hadoop-ozone/integration-test/target/test-dir/MiniOzoneClusterImpl-bdedfcae-614b-4f2f-bc36-d58a77a44aef/datanode-3/data/ratis/8702b93e-f06b-4aba-a018-8ec6e5f49e10 does not exist. Creating ...
2019-08-20 21:28:07,022 [pool-27-thread-1] INFO  server.RaftServerConfigKeys (ConfUtils.java:logGet(43)) - raft.server.sleep.deviation.threshold = 300 (default)
2019-08-20 21:28:07,022 [pool-27-thread-1] INFO  server.RaftServerConfigKeys (ConfUtils.java:logGet(43)) - raft.server.log.appender.install.snapshot.enabled = false (custom)
2019-08-20 21:28:07,022 [pool-27-thread-1] INFO  impl.RaftServerImpl (ServerState.java:<init>(105)) - 65bb560a-5aa2-49c4-ad35-2197abba1c3e:group-8EC6E5F49E10 ConfigurationManager, init=-1: [0cfefecf-8034-4f72-a3a3-e652ed807942:192.168.5.148:38531, 49b46f07-2746-4119-b484-e06b9af9c549:192.168.5.148:45764, 65bb560a-5aa2-49c4-ad35-2197abba1c3e:192.168.5.148:46812], old=null, confs=<EMPTY_MAP>
2019-08-20 21:28:07,022 [pool-27-thread-1] INFO  server.RaftServerConfigKeys (ConfUtils.java:logGet(43)) - raft.server.storage.dir = [/workdir/hadoop-ozone/integration-test/target/test-dir/MiniOzoneClusterImpl-bdedfcae-614b-4f2f-bc36-d58a77a44aef/datanode-0/data/ratis] (custom)
2019-08-20 21:28:07,023 [pool-71-thread-1] INFO  impl.RaftServerImpl (RaftServerImpl.java:<init>(93)) - 49b46f07-2746-4119-b484-e06b9af9c549: new RaftServerImpl for group-8EC6E5F49E10:[0cfefecf-8034-4f72-a3a3-e652ed807942:192.168.5.148:38531, 49b46f07-2746-4119-b484-e06b9af9c549:192.168.5.148:45764, 65bb560a-5aa2-49c4-ad35-2197abba1c3e:192.168.5.148:46812] with ContainerStateMachine:uninitialized
2019-08-20 21:28:07,023 [pool-71-thread-1] INFO  server.RaftServerConfigKeys (ConfUtils.java:logGet(43)) - raft.server.rpc.timeout.min = 5s (custom)
2019-08-20 21:28:07,023 [pool-27-thread-1] INFO  storage.RaftStorageDirectory (RaftStorageDirectory.java:analyzeStorage(246)) - The storage directory /workdir/hadoop-ozone/integration-test/target/test-dir/MiniOzoneClusterImpl-bdedfcae-614b-4f2f-bc36-d58a77a44aef/datanode-0/data/ratis/8702b93e-f06b-4aba-a018-8ec6e5f49e10 does not exist. Creating ...
2019-08-20 21:28:07,023 [pool-71-thread-1] INFO  server.RaftServerConfigKeys (ConfUtils.java:logGet(43)) - raft.server.rpc.timeout.max = 5200ms (custom)
2019-08-20 21:28:07,023 [pool-71-thread-1] INFO  server.RaftServerConfigKeys (ConfUtils.java:logGet(43)) - raft.server.rpcslowness.timeout = 120s (custom)
2019-08-20 21:28:07,023 [pool-71-thread-1] INFO  server.RaftServerConfigKeys (ConfUtils.java:logGet(43)) - raft.server.sleep.deviation.threshold = 300 (default)
2019-08-20 21:28:07,024 [pool-71-thread-1] INFO  server.RaftServerConfigKeys (ConfUtils.java:logGet(43)) - raft.server.log.appender.install.snapshot.enabled = false (custom)
2019-08-20 21:28:07,024 [pool-71-thread-1] INFO  impl.RaftServerImpl (ServerState.java:<init>(105)) - 49b46f07-2746-4119-b484-e06b9af9c549:group-8EC6E5F49E10 ConfigurationManager, init=-1: [0cfefecf-8034-4f72-a3a3-e652ed807942:192.168.5.148:38531, 49b46f07-2746-4119-b484-e06b9af9c549:192.168.5.148:45764, 65bb560a-5aa2-49c4-ad35-2197abba1c3e:192.168.5.148:46812], old=null, confs=<EMPTY_MAP>
2019-08-20 21:28:07,024 [pool-71-thread-1] INFO  server.RaftServerConfigKeys (ConfUtils.java:logGet(43)) - raft.server.storage.dir = [/workdir/hadoop-ozone/integration-test/target/test-dir/MiniOzoneClusterImpl-bdedfcae-614b-4f2f-bc36-d58a77a44aef/datanode-4/data/ratis] (custom)
2019-08-20 21:28:07,025 [pool-71-thread-1] INFO  storage.RaftStorageDirectory (RaftStorageDirectory.java:analyzeStorage(246)) - The storage directory /workdir/hadoop-ozone/integration-test/target/test-dir/MiniOzoneClusterImpl-bdedfcae-614b-4f2f-bc36-d58a77a44aef/datanode-4/data/ratis/8702b93e-f06b-4aba-a018-8ec6e5f49e10 does not exist. Creating ...
2019-08-20 21:28:07,035 [pool-27-thread-1] INFO  storage.RaftStorageDirectory (RaftStorageDirectory.java:tryLock(328)) - Lock on /workdir/hadoop-ozone/integration-test/target/test-dir/MiniOzoneClusterImpl-bdedfcae-614b-4f2f-bc36-d58a77a44aef/datanode-0/data/ratis/8702b93e-f06b-4aba-a018-8ec6e5f49e10/in_use.lock acquired by nodename 29121@pr-hdds-1973-5qsvz-4139986036
2019-08-20 21:28:07,035 [pool-71-thread-1] INFO  storage.RaftStorageDirectory (RaftStorageDirectory.java:tryLock(328)) - Lock on /workdir/hadoop-ozone/integration-test/target/test-dir/MiniOzoneClusterImpl-bdedfcae-614b-4f2f-bc36-d58a77a44aef/datanode-4/data/ratis/8702b93e-f06b-4aba-a018-8ec6e5f49e10/in_use.lock acquired by nodename 29121@pr-hdds-1973-5qsvz-4139986036
2019-08-20 21:28:07,035 [pool-60-thread-1] INFO  storage.RaftStorageDirectory (RaftStorageDirectory.java:tryLock(328)) - Lock on /workdir/hadoop-ozone/integration-test/target/test-dir/MiniOzoneClusterImpl-bdedfcae-614b-4f2f-bc36-d58a77a44aef/datanode-3/data/ratis/8702b93e-f06b-4aba-a018-8ec6e5f49e10/in_use.lock acquired by nodename 29121@pr-hdds-1973-5qsvz-4139986036
2019-08-20 21:28:07,049 [pool-60-thread-1] INFO  storage.RaftStorage (RaftStorage.java:format(72)) - Storage directory /workdir/hadoop-ozone/integration-test/target/test-dir/MiniOzoneClusterImpl-bdedfcae-614b-4f2f-bc36-d58a77a44aef/datanode-3/data/ratis/8702b93e-f06b-4aba-a018-8ec6e5f49e10 has been successfully formatted.
2019-08-20 21:28:07,049 [pool-71-thread-1] INFO  storage.RaftStorage (RaftStorage.java:format(72)) - Storage directory /workdir/hadoop-ozone/integration-test/target/test-dir/MiniOzoneClusterImpl-bdedfcae-614b-4f2f-bc36-d58a77a44aef/datanode-4/data/ratis/8702b93e-f06b-4aba-a018-8ec6e5f49e10 has been successfully formatted.
2019-08-20 21:28:07,049 [pool-27-thread-1] INFO  storage.RaftStorage (RaftStorage.java:format(72)) - Storage directory /workdir/hadoop-ozone/integration-test/target/test-dir/MiniOzoneClusterImpl-bdedfcae-614b-4f2f-bc36-d58a77a44aef/datanode-0/data/ratis/8702b93e-f06b-4aba-a018-8ec6e5f49e10 has been successfully formatted.
2019-08-20 21:28:07,049 [pool-60-thread-1] INFO  ratis.ContainerStateMachine (ContainerStateMachine.java:loadSnapshot(222)) - group-8EC6E5F49E10: The snapshot info is null. Setting the last applied indexto:(t:0, i:~)
2019-08-20 21:28:07,049 [pool-71-thread-1] INFO  ratis.ContainerStateMachine (ContainerStateMachine.java:loadSnapshot(222)) - group-8EC6E5F49E10: The snapshot info is null. Setting the last applied indexto:(t:0, i:~)
2019-08-20 21:28:07,050 [pool-60-thread-1] INFO  server.RaftServerConfigKeys (ConfUtils.java:logGet(43)) - raft.server.leader.election.timeout = 120s (custom)
2019-08-20 21:28:07,050 [pool-27-thread-1] INFO  ratis.ContainerStateMachine (ContainerStateMachine.java:loadSnapshot(222)) - group-8EC6E5F49E10: The snapshot info is null. Setting the last applied indexto:(t:0, i:~)
2019-08-20 21:28:07,050 [pool-60-thread-1] INFO  server.RaftServerConfigKeys (ConfUtils.java:logGet(43)) - raft.server.log.use.memory = false (default)
2019-08-20 21:28:07,050 [pool-71-thread-1] INFO  server.RaftServerConfigKeys (ConfUtils.java:logGet(43)) - raft.server.leader.election.timeout = 120s (custom)
2019-08-20 21:28:07,050 [pool-60-thread-1] INFO  server.RaftServerConfigKeys (ConfUtils.java:logGet(43)) - raft.server.log.purge.gap = 1000000 (custom)
2019-08-20 21:28:07,050 [pool-27-thread-1] INFO  server.RaftServerConfigKeys (ConfUtils.java:logGet(43)) - raft.server.leader.election.timeout = 120s (custom)
2019-08-20 21:28:07,050 [pool-60-thread-1] INFO  server.RaftServerConfigKeys (ConfUtils.java:logGet(43)) - raft.server.log.appender.buffer.byte-limit = 33554432 (custom)
2019-08-20 21:28:07,050 [pool-71-thread-1] INFO  server.RaftServerConfigKeys (ConfUtils.java:logGet(43)) - raft.server.log.use.memory = false (default)
2019-08-20 21:28:07,051 [pool-60-thread-1] INFO  server.RaftServerConfigKeys (ConfUtils.java:logGet(43)) - raft.server.log.segment.size.max = 1048576 (custom)
2019-08-20 21:28:07,051 [pool-27-thread-1] INFO  server.RaftServerConfigKeys (ConfUtils.java:logGet(43)) - raft.server.log.use.memory = false (default)
2019-08-20 21:28:07,051 [pool-60-thread-1] INFO  server.RaftServerConfigKeys (ConfUtils.java:logGet(43)) - raft.server.log.segment.cache.num.max = 2 (custom)
2019-08-20 21:28:07,051 [pool-71-thread-1] INFO  server.RaftServerConfigKeys (ConfUtils.java:logGet(43)) - raft.server.log.purge.gap = 1000000 (custom)
2019-08-20 21:28:07,051 [pool-60-thread-1] INFO  segmented.SegmentedRaftLogWorker (SegmentedRaftLogWorker.java:<init>(172)) - new 0cfefecf-8034-4f72-a3a3-e652ed807942-SegmentedRaftLogWorker:Storage Directory /workdir/hadoop-ozone/integration-test/target/test-dir/MiniOzoneClusterImpl-bdedfcae-614b-4f2f-bc36-d58a77a44aef/datanode-3/data/ratis/8702b93e-f06b-4aba-a018-8ec6e5f49e10 for RaftStorage:Storage Directory /workdir/hadoop-ozone/integration-test/target/test-dir/MiniOzoneClusterImpl-bdedfcae-614b-4f2f-bc36-d58a77a44aef/datanode-3/data/ratis/8702b93e-f06b-4aba-a018-8ec6e5f49e10
2019-08-20 21:28:07,051 [pool-27-thread-1] INFO  server.RaftServerConfigKeys (ConfUtils.java:logGet(43)) - raft.server.log.purge.gap = 1000000 (custom)
2019-08-20 21:28:07,051 [pool-60-thread-1] INFO  server.RaftServerConfigKeys (ConfUtils.java:logGet(43)) - raft.server.log.queue.byte-limit = 2147483647 (custom)
2019-08-20 21:28:07,051 [pool-71-thread-1] INFO  server.RaftServerConfigKeys (ConfUtils.java:logGet(43)) - raft.server.log.appender.buffer.byte-limit = 33554432 (custom)
2019-08-20 21:28:07,055 [pool-60-thread-1] INFO  server.RaftServerConfigKeys (ConfUtils.java:logGet(43)) - raft.server.log.queue.element-limit = 1024 (custom)
2019-08-20 21:28:07,052 [pool-27-thread-1] INFO  server.RaftServerConfigKeys (ConfUtils.java:logGet(43)) - raft.server.log.appender.buffer.byte-limit = 33554432 (custom)
2019-08-20 21:28:07,055 [pool-60-thread-1] INFO  server.RaftServerConfigKeys (ConfUtils.java:logGet(43)) - raft.server.log.segment.size.max = 1048576 (custom)
2019-08-20 21:28:07,055 [pool-71-thread-1] INFO  server.RaftServerConfigKeys (ConfUtils.java:logGet(43)) - raft.server.log.segment.size.max = 1048576 (custom)
2019-08-20 21:28:07,055 [pool-60-thread-1] INFO  server.RaftServerConfigKeys (ConfUtils.java:logGet(43)) - raft.server.log.preallocated.size = 16384 (custom)
2019-08-20 21:28:07,055 [pool-27-thread-1] INFO  server.RaftServerConfigKeys (ConfUtils.java:logGet(43)) - raft.server.log.segment.size.max = 1048576 (custom)
2019-08-20 21:28:07,055 [pool-60-thread-1] INFO  server.RaftServerConfigKeys (ConfUtils.java:logGet(43)) - raft.server.log.write.buffer.size = 33554432 (custom)
2019-08-20 21:28:07,055 [pool-71-thread-1] INFO  server.RaftServerConfigKeys (ConfUtils.java:logGet(43)) - raft.server.log.segment.cache.num.max = 2 (custom)
2019-08-20 21:28:07,056 [pool-60-thread-1] INFO  server.RaftServerConfigKeys (ConfUtils.java:logGet(43)) - raft.server.log.force.sync.num = 128 (default)
2019-08-20 21:28:07,056 [pool-27-thread-1] INFO  server.RaftServerConfigKeys (ConfUtils.java:logGet(43)) - raft.server.log.segment.cache.num.max = 2 (custom)
2019-08-20 21:28:07,056 [pool-60-thread-1] INFO  server.RaftServerConfigKeys (ConfUtils.java:logGet(43)) - raft.server.log.statemachine.data.sync = true (default)
2019-08-20 21:28:07,056 [pool-71-thread-1] INFO  segmented.SegmentedRaftLogWorker (SegmentedRaftLogWorker.java:<init>(172)) - new 49b46f07-2746-4119-b484-e06b9af9c549-SegmentedRaftLogWorker:Storage Directory /workdir/hadoop-ozone/integration-test/target/test-dir/MiniOzoneClusterImpl-bdedfcae-614b-4f2f-bc36-d58a77a44aef/datanode-4/data/ratis/8702b93e-f06b-4aba-a018-8ec6e5f49e10 for RaftStorage:Storage Directory /workdir/hadoop-ozone/integration-test/target/test-dir/MiniOzoneClusterImpl-bdedfcae-614b-4f2f-bc36-d58a77a44aef/datanode-4/data/ratis/8702b93e-f06b-4aba-a018-8ec6e5f49e10
2019-08-20 21:28:07,056 [pool-60-thread-1] INFO  server.RaftServerConfigKeys (ConfUtils.java:logGet(43)) - raft.server.log.statemachine.data.sync.timeout = 10s (default)
2019-08-20 21:28:07,056 [pool-27-thread-1] INFO  segmented.SegmentedRaftLogWorker (SegmentedRaftLogWorker.java:<init>(172)) - new 65bb560a-5aa2-49c4-ad35-2197abba1c3e-SegmentedRaftLogWorker:Storage Directory /workdir/hadoop-ozone/integration-test/target/test-dir/MiniOzoneClusterImpl-bdedfcae-614b-4f2f-bc36-d58a77a44aef/datanode-0/data/ratis/8702b93e-f06b-4aba-a018-8ec6e5f49e10 for RaftStorage:Storage Directory /workdir/hadoop-ozone/integration-test/target/test-dir/MiniOzoneClusterImpl-bdedfcae-614b-4f2f-bc36-d58a77a44aef/datanode-0/data/ratis/8702b93e-f06b-4aba-a018-8ec6e5f49e10
2019-08-20 21:28:07,056 [pool-60-thread-1] INFO  server.RaftServerConfigKeys (ConfUtils.java:logGet(43)) - raft.server.log.statemachine.data.sync.timeout.retry = -1 (default)
2019-08-20 21:28:07,056 [pool-71-thread-1] INFO  server.RaftServerConfigKeys (ConfUtils.java:logGet(43)) - raft.server.log.queue.byte-limit = 2147483647 (custom)
2019-08-20 21:28:07,059 [pool-60-thread-1] INFO  server.RaftServerConfigKeys (ConfUtils.java:logGet(43)) - raft.server.log.statemachine.data.caching.enabled = true (custom)
2019-08-20 21:28:07,058 [pool-27-thread-1] INFO  server.RaftServerConfigKeys (ConfUtils.java:logGet(43)) - raft.server.log.queue.byte-limit = 2147483647 (custom)
2019-08-20 21:28:07,059 [pool-71-thread-1] INFO  server.RaftServerConfigKeys (ConfUtils.java:logGet(43)) - raft.server.log.queue.element-limit = 1024 (custom)
2019-08-20 21:28:07,060 [pool-60-thread-1] INFO  segmented.SegmentedRaftLogWorker (SegmentedRaftLogWorker.java:lambda$new$0(132)) - 0cfefecf-8034-4f72-a3a3-e652ed807942-SegmentedRaftLogWorker:Storage Directory /workdir/hadoop-ozone/integration-test/target/test-dir/MiniOzoneClusterImpl-bdedfcae-614b-4f2f-bc36-d58a77a44aef/datanode-3/data/ratis/8702b93e-f06b-4aba-a018-8ec6e5f49e10: flushIndex: setUnconditionally 0 -> -1
2019-08-20 21:28:07,059 [pool-27-thread-1] INFO  server.RaftServerConfigKeys (ConfUtils.java:logGet(43)) - raft.server.log.queue.element-limit = 1024 (custom)
2019-08-20 21:28:07,060 [pool-71-thread-1] INFO  server.RaftServerConfigKeys (ConfUtils.java:logGet(43)) - raft.server.log.segment.size.max = 1048576 (custom)
2019-08-20 21:28:07,060 [pool-60-thread-1] INFO  server.RaftServerConfigKeys (ConfUtils.java:logGet(43)) - raft.server.snapshot.auto.trigger.enabled = true (custom)
2019-08-20 21:28:07,060 [pool-27-thread-1] INFO  server.RaftServerConfigKeys (ConfUtils.java:logGet(43)) - raft.server.log.segment.size.max = 1048576 (custom)
2019-08-20 21:28:07,060 [pool-60-thread-1] INFO  server.RaftServerConfigKeys (ConfUtils.java:logGet(43)) - raft.server.snapshot.auto.trigger.threshold = 10000 (custom)
2019-08-20 21:28:07,060 [pool-71-thread-1] INFO  server.RaftServerConfigKeys (ConfUtils.java:logGet(43)) - raft.server.log.preallocated.size = 16384 (custom)
2019-08-20 21:28:07,060 [pool-60-thread-1] INFO  server.RaftServerConfigKeys (ConfUtils.java:logGet(43)) - raft.server.retrycache.expirytime = 600000ms (custom)
2019-08-20 21:28:07,060 [pool-27-thread-1] INFO  server.RaftServerConfigKeys (ConfUtils.java:logGet(43)) - raft.server.log.preallocated.size = 16384 (custom)
2019-08-20 21:28:07,060 [pool-71-thread-1] INFO  server.RaftServerConfigKeys (ConfUtils.java:logGet(43)) - raft.server.log.write.buffer.size = 33554432 (custom)
2019-08-20 21:28:07,061 [pool-27-thread-1] INFO  server.RaftServerConfigKeys (ConfUtils.java:logGet(43)) - raft.server.log.write.buffer.size = 33554432 (custom)
2019-08-20 21:28:07,061 [pool-60-thread-1] INFO  impl.RaftServerImpl (RaftServerImpl.java:start(180)) - 0cfefecf-8034-4f72-a3a3-e652ed807942: start group-8EC6E5F49E10
2019-08-20 21:28:07,061 [pool-27-thread-1] INFO  server.RaftServerConfigKeys (ConfUtils.java:logGet(43)) - raft.server.log.force.sync.num = 128 (default)
2019-08-20 21:28:07,061 [pool-71-thread-1] INFO  server.RaftServerConfigKeys (ConfUtils.java:logGet(43)) - raft.server.log.force.sync.num = 128 (default)
2019-08-20 21:28:07,061 [pool-27-thread-1] INFO  server.RaftServerConfigKeys (ConfUtils.java:logGet(43)) - raft.server.log.statemachine.data.sync = true (default)
2019-08-20 21:28:07,061 [pool-60-thread-1] INFO  impl.RaftServerImpl (RaftServerImpl.java:setRole(171)) - 0cfefecf-8034-4f72-a3a3-e652ed807942:group-8EC6E5F49E10 changes role from null to FOLLOWER at term 0 for startAsFollower
2019-08-20 21:28:07,061 [pool-27-thread-1] INFO  server.RaftServerConfigKeys (ConfUtils.java:logGet(43)) - raft.server.log.statemachine.data.sync.timeout = 10s (default)
2019-08-20 21:28:07,061 [pool-71-thread-1] INFO  server.RaftServerConfigKeys (ConfUtils.java:logGet(43)) - raft.server.log.statemachine.data.sync = true (default)
2019-08-20 21:28:07,062 [pool-71-thread-1] INFO  server.RaftServerConfigKeys (ConfUtils.java:logGet(43)) - raft.server.log.statemachine.data.sync.timeout = 10s (default)
2019-08-20 21:28:07,062 [pool-71-thread-1] INFO  server.RaftServerConfigKeys (ConfUtils.java:logGet(43)) - raft.server.log.statemachine.data.sync.timeout.retry = -1 (default)
2019-08-20 21:28:07,062 [pool-71-thread-1] INFO  server.RaftServerConfigKeys (ConfUtils.java:logGet(43)) - raft.server.log.statemachine.data.caching.enabled = true (custom)
2019-08-20 21:28:07,062 [pool-71-thread-1] INFO  segmented.SegmentedRaftLogWorker (SegmentedRaftLogWorker.java:lambda$new$0(132)) - 49b46f07-2746-4119-b484-e06b9af9c549-SegmentedRaftLogWorker:Storage Directory /workdir/hadoop-ozone/integration-test/target/test-dir/MiniOzoneClusterImpl-bdedfcae-614b-4f2f-bc36-d58a77a44aef/datanode-4/data/ratis/8702b93e-f06b-4aba-a018-8ec6e5f49e10: flushIndex: setUnconditionally 0 -> -1
2019-08-20 21:28:07,062 [pool-27-thread-1] INFO  server.RaftServerConfigKeys (ConfUtils.java:logGet(43)) - raft.server.log.statemachine.data.sync.timeout.retry = -1 (default)
2019-08-20 21:28:07,061 [pool-60-thread-1] INFO  impl.RoleInfo (RoleInfo.java:updateAndGet(143)) - 0cfefecf-8034-4f72-a3a3-e652ed807942: start FollowerState
2019-08-20 21:28:07,063 [pool-27-thread-1] INFO  server.RaftServerConfigKeys (ConfUtils.java:logGet(43)) - raft.server.log.statemachine.data.caching.enabled = true (custom)
2019-08-20 21:28:07,063 [pool-71-thread-1] INFO  server.RaftServerConfigKeys (ConfUtils.java:logGet(43)) - raft.server.snapshot.auto.trigger.enabled = true (custom)
2019-08-20 21:28:07,063 [pool-71-thread-1] INFO  server.RaftServerConfigKeys (ConfUtils.java:logGet(43)) - raft.server.snapshot.auto.trigger.threshold = 10000 (custom)
2019-08-20 21:28:07,063 [pool-27-thread-1] INFO  segmented.SegmentedRaftLogWorker (SegmentedRaftLogWorker.java:lambda$new$0(132)) - 65bb560a-5aa2-49c4-ad35-2197abba1c3e-SegmentedRaftLogWorker:Storage Directory /workdir/hadoop-ozone/integration-test/target/test-dir/MiniOzoneClusterImpl-bdedfcae-614b-4f2f-bc36-d58a77a44aef/datanode-0/data/ratis/8702b93e-f06b-4aba-a018-8ec6e5f49e10: flushIndex: setUnconditionally 0 -> -1
2019-08-20 21:28:07,063 [pool-71-thread-1] INFO  server.RaftServerConfigKeys (ConfUtils.java:logGet(43)) - raft.server.retrycache.expirytime = 600000ms (custom)
2019-08-20 21:28:07,063 [pool-60-thread-1] INFO  util.JmxRegister (JmxRegister.java:tryRegister(44)) - Successfully registered JMX Bean with object name Ratis:service=RaftServer,group=group-8EC6E5F49E10,id=0cfefecf-8034-4f72-a3a3-e652ed807942
2019-08-20 21:28:07,063 [pool-71-thread-1] INFO  impl.RaftServerImpl (RaftServerImpl.java:start(180)) - 49b46f07-2746-4119-b484-e06b9af9c549: start group-8EC6E5F49E10
2019-08-20 21:28:07,063 [pool-27-thread-1] INFO  server.RaftServerConfigKeys (ConfUtils.java:logGet(43)) - raft.server.snapshot.auto.trigger.enabled = true (custom)
2019-08-20 21:28:07,063 [pool-71-thread-1] INFO  impl.RaftServerImpl (RaftServerImpl.java:setRole(171)) - 49b46f07-2746-4119-b484-e06b9af9c549:group-8EC6E5F49E10 changes role from null to FOLLOWER at term 0 for startAsFollower
2019-08-20 21:28:07,064 [pool-27-thread-1] INFO  server.RaftServerConfigKeys (ConfUtils.java:logGet(43)) - raft.server.snapshot.auto.trigger.threshold = 10000 (custom)
2019-08-20 21:28:07,064 [pool-71-thread-1] INFO  impl.RoleInfo (RoleInfo.java:updateAndGet(143)) - 49b46f07-2746-4119-b484-e06b9af9c549: start FollowerState
2019-08-20 21:28:07,064 [pool-27-thread-1] INFO  server.RaftServerConfigKeys (ConfUtils.java:logGet(43)) - raft.server.retrycache.expirytime = 600000ms (custom)
2019-08-20 21:28:07,064 [pool-27-thread-1] INFO  impl.RaftServerImpl (RaftServerImpl.java:start(180)) - 65bb560a-5aa2-49c4-ad35-2197abba1c3e: start group-8EC6E5F49E10
2019-08-20 21:28:07,064 [pool-27-thread-1] INFO  impl.RaftServerImpl (RaftServerImpl.java:setRole(171)) - 65bb560a-5aa2-49c4-ad35-2197abba1c3e:group-8EC6E5F49E10 changes role from null to FOLLOWER at term 0 for startAsFollower
2019-08-20 21:28:07,064 [pool-71-thread-1] INFO  util.JmxRegister (JmxRegister.java:tryRegister(44)) - Successfully registered JMX Bean with object name Ratis:service=RaftServer,group=group-8EC6E5F49E10,id=49b46f07-2746-4119-b484-e06b9af9c549
2019-08-20 21:28:07,064 [pool-27-thread-1] INFO  impl.RoleInfo (RoleInfo.java:updateAndGet(143)) - 65bb560a-5aa2-49c4-ad35-2197abba1c3e: start FollowerState
2019-08-20 21:28:07,071 [pool-27-thread-1] INFO  util.JmxRegister (JmxRegister.java:tryRegister(44)) - Successfully registered JMX Bean with object name Ratis:service=RaftServer,group=group-8EC6E5F49E10,id=65bb560a-5aa2-49c4-ad35-2197abba1c3e
2019-08-20 21:28:07,097 [RatisPipelineUtilsThread] INFO  pipeline.PipelineStateManager (PipelineStateManager.java:addPipeline(56)) - Created pipeline Pipeline[ Id: 8702b93e-f06b-4aba-a018-8ec6e5f49e10, Nodes: 65bb560a-5aa2-49c4-ad35-2197abba1c3e{ip: 192.168.5.148, host: pr-hdds-1973-5qsvz-4139986036, networkLocation: /default-rack, certSerialId: null}49b46f07-2746-4119-b484-e06b9af9c549{ip: 192.168.5.148, host: pr-hdds-1973-5qsvz-4139986036, networkLocation: /default-rack, certSerialId: null}0cfefecf-8034-4f72-a3a3-e652ed807942{ip: 192.168.5.148, host: pr-hdds-1973-5qsvz-4139986036, networkLocation: /default-rack, certSerialId: null}, Type:RATIS, Factor:THREE, State:OPEN]
2019-08-20 21:28:07,120 [grpc-default-executor-2] INFO  impl.RaftServerProxy (RaftServerProxy.java:addNew(89)) - 2a98d864-8594-48bb-bc43-21f32096cec0: addNew group-91EB139A857D:[04d2d3e3-36e9-4430-811e-8631463037af:192.168.5.148:41004, 2a98d864-8594-48bb-bc43-21f32096cec0:192.168.5.148:40614, 622f3963-6db5-4cef-b6c4-dc9e39bfc6cb:192.168.5.148:34702] returns group-91EB139A857D:java.util.concurrent.CompletableFuture@377dd79b[Not completed]
2019-08-20 21:28:07,123 [grpc-default-executor-2] INFO  impl.RaftServerProxy (RaftServerProxy.java:addNew(89)) - 622f3963-6db5-4cef-b6c4-dc9e39bfc6cb: addNew group-91EB139A857D:[04d2d3e3-36e9-4430-811e-8631463037af:192.168.5.148:41004, 2a98d864-8594-48bb-bc43-21f32096cec0:192.168.5.148:40614, 622f3963-6db5-4cef-b6c4-dc9e39bfc6cb:192.168.5.148:34702] returns group-91EB139A857D:java.util.concurrent.CompletableFuture@4fd0a696[Not completed]
2019-08-20 21:28:07,123 [grpc-default-executor-1] INFO  impl.RaftServerProxy (RaftServerProxy.java:addNew(89)) - 04d2d3e3-36e9-4430-811e-8631463037af: addNew group-91EB139A857D:[04d2d3e3-36e9-4430-811e-8631463037af:192.168.5.148:41004, 2a98d864-8594-48bb-bc43-21f32096cec0:192.168.5.148:40614, 622f3963-6db5-4cef-b6c4-dc9e39bfc6cb:192.168.5.148:34702] returns group-91EB139A857D:java.util.concurrent.CompletableFuture@238d8f08[Not completed]
2019-08-20 21:28:07,126 [pool-38-thread-1] INFO  impl.RaftServerImpl (RaftServerImpl.java:<init>(93)) - 2a98d864-8594-48bb-bc43-21f32096cec0: new RaftServerImpl for group-91EB139A857D:[04d2d3e3-36e9-4430-811e-8631463037af:192.168.5.148:41004, 2a98d864-8594-48bb-bc43-21f32096cec0:192.168.5.148:40614, 622f3963-6db5-4cef-b6c4-dc9e39bfc6cb:192.168.5.148:34702] with ContainerStateMachine:uninitialized
2019-08-20 21:28:07,126 [pool-38-thread-1] INFO  server.RaftServerConfigKeys (ConfUtils.java:logGet(43)) - raft.server.rpc.timeout.min = 5s (custom)
2019-08-20 21:28:07,126 [pool-38-thread-1] INFO  server.RaftServerConfigKeys (ConfUtils.java:logGet(43)) - raft.server.rpc.timeout.max = 5200ms (custom)
2019-08-20 21:28:07,126 [pool-38-thread-1] INFO  server.RaftServerConfigKeys (ConfUtils.java:logGet(43)) - raft.server.rpcslowness.timeout = 120s (custom)
2019-08-20 21:28:07,126 [pool-38-thread-1] INFO  server.RaftServerConfigKeys (ConfUtils.java:logGet(43)) - raft.server.sleep.deviation.threshold = 300 (default)
2019-08-20 21:28:07,127 [pool-82-thread-1] INFO  impl.RaftServerImpl (RaftServerImpl.java:<init>(93)) - 04d2d3e3-36e9-4430-811e-8631463037af: new RaftServerImpl for group-91EB139A857D:[04d2d3e3-36e9-4430-811e-8631463037af:192.168.5.148:41004, 2a98d864-8594-48bb-bc43-21f32096cec0:192.168.5.148:40614, 622f3963-6db5-4cef-b6c4-dc9e39bfc6cb:192.168.5.148:34702] with ContainerStateMachine:uninitialized
2019-08-20 21:28:07,127 [pool-38-thread-1] INFO  server.RaftServerConfigKeys (ConfUtils.java:logGet(43)) - raft.server.log.appender.install.snapshot.enabled = false (custom)
2019-08-20 21:28:07,127 [pool-82-thread-1] INFO  server.RaftServerConfigKeys (ConfUtils.java:logGet(43)) - raft.server.rpc.timeout.min = 5s (custom)
2019-08-20 21:28:07,127 [pool-38-thread-1] INFO  impl.RaftServerImpl (ServerState.java:<init>(105)) - 2a98d864-8594-48bb-bc43-21f32096cec0:group-91EB139A857D ConfigurationManager, init=-1: [04d2d3e3-36e9-4430-811e-8631463037af:192.168.5.148:41004, 2a98d864-8594-48bb-bc43-21f32096cec0:192.168.5.148:40614, 622f3963-6db5-4cef-b6c4-dc9e39bfc6cb:192.168.5.148:34702], old=null, confs=<EMPTY_MAP>
2019-08-20 21:28:07,127 [pool-82-thread-1] INFO  server.RaftServerConfigKeys (ConfUtils.java:logGet(43)) - raft.server.rpc.timeout.max = 5200ms (custom)
2019-08-20 21:28:07,127 [pool-82-thread-1] INFO  server.RaftServerConfigKeys (ConfUtils.java:logGet(43)) - raft.server.rpcslowness.timeout = 120s (custom)
2019-08-20 21:28:07,127 [pool-38-thread-1] INFO  server.RaftServerConfigKeys (ConfUtils.java:logGet(43)) - raft.server.storage.dir = [/workdir/hadoop-ozone/integration-test/target/test-dir/MiniOzoneClusterImpl-bdedfcae-614b-4f2f-bc36-d58a77a44aef/datanode-1/data/ratis] (custom)
2019-08-20 21:28:07,127 [pool-82-thread-1] INFO  server.RaftServerConfigKeys (ConfUtils.java:logGet(43)) - raft.server.sleep.deviation.threshold = 300 (default)
2019-08-20 21:28:07,127 [pool-82-thread-1] INFO  server.RaftServerConfigKeys (ConfUtils.java:logGet(43)) - raft.server.log.appender.install.snapshot.enabled = false (custom)
2019-08-20 21:28:07,127 [pool-82-thread-1] INFO  impl.RaftServerImpl (ServerState.java:<init>(105)) - 04d2d3e3-36e9-4430-811e-8631463037af:group-91EB139A857D ConfigurationManager, init=-1: [04d2d3e3-36e9-4430-811e-8631463037af:192.168.5.148:41004, 2a98d864-8594-48bb-bc43-21f32096cec0:192.168.5.148:40614, 622f3963-6db5-4cef-b6c4-dc9e39bfc6cb:192.168.5.148:34702], old=null, confs=<EMPTY_MAP>
2019-08-20 21:28:07,128 [pool-38-thread-1] INFO  storage.RaftStorageDirectory (RaftStorageDirectory.java:analyzeStorage(246)) - The storage directory /workdir/hadoop-ozone/integration-test/target/test-dir/MiniOzoneClusterImpl-bdedfcae-614b-4f2f-bc36-d58a77a44aef/datanode-1/data/ratis/471a497d-0aa0-4197-9977-91eb139a857d does not exist. Creating ...
2019-08-20 21:28:07,128 [pool-93-thread-1] INFO  impl.RaftServerImpl (RaftServerImpl.java:<init>(93)) - 622f3963-6db5-4cef-b6c4-dc9e39bfc6cb: new RaftServerImpl for group-91EB139A857D:[04d2d3e3-36e9-4430-811e-8631463037af:192.168.5.148:41004, 2a98d864-8594-48bb-bc43-21f32096cec0:192.168.5.148:40614, 622f3963-6db5-4cef-b6c4-dc9e39bfc6cb:192.168.5.148:34702] with ContainerStateMachine:uninitialized
2019-08-20 21:28:07,128 [pool-82-thread-1] INFO  server.RaftServerConfigKeys (ConfUtils.java:logGet(43)) - raft.server.storage.dir = [/workdir/hadoop-ozone/integration-test/target/test-dir/MiniOzoneClusterImpl-bdedfcae-614b-4f2f-bc36-d58a77a44aef/datanode-5/data/ratis] (custom)
2019-08-20 21:28:07,128 [pool-93-thread-1] INFO  server.RaftServerConfigKeys (ConfUtils.java:logGet(43)) - raft.server.rpc.timeout.min = 5s (custom)
2019-08-20 21:28:07,128 [pool-82-thread-1] INFO  storage.RaftStorageDirectory (RaftStorageDirectory.java:analyzeStorage(246)) - The storage directory /workdir/hadoop-ozone/integration-test/target/test-dir/MiniOzoneClusterImpl-bdedfcae-614b-4f2f-bc36-d58a77a44aef/datanode-5/data/ratis/471a497d-0aa0-4197-9977-91eb139a857d does not exist. Creating ...
2019-08-20 21:28:07,128 [pool-93-thread-1] INFO  server.RaftServerConfigKeys (ConfUtils.java:logGet(43)) - raft.server.rpc.timeout.max = 5200ms (custom)
2019-08-20 21:28:07,128 [pool-93-thread-1] INFO  server.RaftServerConfigKeys (ConfUtils.java:logGet(43)) - raft.server.rpcslowness.timeout = 120s (custom)
2019-08-20 21:28:07,129 [pool-93-thread-1] INFO  server.RaftServerConfigKeys (ConfUtils.java:logGet(43)) - raft.server.sleep.deviation.threshold = 300 (default)
2019-08-20 21:28:07,129 [pool-93-thread-1] INFO  server.RaftServerConfigKeys (ConfUtils.java:logGet(43)) - raft.server.log.appender.install.snapshot.enabled = false (custom)
2019-08-20 21:28:07,129 [pool-93-thread-1] INFO  impl.RaftServerImpl (ServerState.java:<init>(105)) - 622f3963-6db5-4cef-b6c4-dc9e39bfc6cb:group-91EB139A857D ConfigurationManager, init=-1: [04d2d3e3-36e9-4430-811e-8631463037af:192.168.5.148:41004, 2a98d864-8594-48bb-bc43-21f32096cec0:192.168.5.148:40614, 622f3963-6db5-4cef-b6c4-dc9e39bfc6cb:192.168.5.148:34702], old=null, confs=<EMPTY_MAP>
2019-08-20 21:28:07,129 [pool-93-thread-1] INFO  server.RaftServerConfigKeys (ConfUtils.java:logGet(43)) - raft.server.storage.dir = [/workdir/hadoop-ozone/integration-test/target/test-dir/MiniOzoneClusterImpl-bdedfcae-614b-4f2f-bc36-d58a77a44aef/datanode-6/data/ratis] (custom)
2019-08-20 21:28:07,130 [pool-93-thread-1] INFO  storage.RaftStorageDirectory (RaftStorageDirectory.java:analyzeStorage(246)) - The storage directory /workdir/hadoop-ozone/integration-test/target/test-dir/MiniOzoneClusterImpl-bdedfcae-614b-4f2f-bc36-d58a77a44aef/datanode-6/data/ratis/471a497d-0aa0-4197-9977-91eb139a857d does not exist. Creating ...
2019-08-20 21:28:07,141 [pool-93-thread-1] INFO  storage.RaftStorageDirectory (RaftStorageDirectory.java:tryLock(328)) - Lock on /workdir/hadoop-ozone/integration-test/target/test-dir/MiniOzoneClusterImpl-bdedfcae-614b-4f2f-bc36-d58a77a44aef/datanode-6/data/ratis/471a497d-0aa0-4197-9977-91eb139a857d/in_use.lock acquired by nodename 29121@pr-hdds-1973-5qsvz-4139986036
2019-08-20 21:28:07,141 [pool-82-thread-1] INFO  storage.RaftStorageDirectory (RaftStorageDirectory.java:tryLock(328)) - Lock on /workdir/hadoop-ozone/integration-test/target/test-dir/MiniOzoneClusterImpl-bdedfcae-614b-4f2f-bc36-d58a77a44aef/datanode-5/data/ratis/471a497d-0aa0-4197-9977-91eb139a857d/in_use.lock acquired by nodename 29121@pr-hdds-1973-5qsvz-4139986036
2019-08-20 21:28:07,141 [pool-38-thread-1] INFO  storage.RaftStorageDirectory (RaftStorageDirectory.java:tryLock(328)) - Lock on /workdir/hadoop-ozone/integration-test/target/test-dir/MiniOzoneClusterImpl-bdedfcae-614b-4f2f-bc36-d58a77a44aef/datanode-1/data/ratis/471a497d-0aa0-4197-9977-91eb139a857d/in_use.lock acquired by nodename 29121@pr-hdds-1973-5qsvz-4139986036
2019-08-20 21:28:07,167 [pool-82-thread-1] INFO  storage.RaftStorage (RaftStorage.java:format(72)) - Storage directory /workdir/hadoop-ozone/integration-test/target/test-dir/MiniOzoneClusterImpl-bdedfcae-614b-4f2f-bc36-d58a77a44aef/datanode-5/data/ratis/471a497d-0aa0-4197-9977-91eb139a857d has been successfully formatted.
2019-08-20 21:28:07,167 [pool-93-thread-1] INFO  storage.RaftStorage (RaftStorage.java:format(72)) - Storage directory /workdir/hadoop-ozone/integration-test/target/test-dir/MiniOzoneClusterImpl-bdedfcae-614b-4f2f-bc36-d58a77a44aef/datanode-6/data/ratis/471a497d-0aa0-4197-9977-91eb139a857d has been successfully formatted.
2019-08-20 21:28:07,167 [pool-38-thread-1] INFO  storage.RaftStorage (RaftStorage.java:format(72)) - Storage directory /workdir/hadoop-ozone/integration-test/target/test-dir/MiniOzoneClusterImpl-bdedfcae-614b-4f2f-bc36-d58a77a44aef/datanode-1/data/ratis/471a497d-0aa0-4197-9977-91eb139a857d has been successfully formatted.
2019-08-20 21:28:07,168 [pool-93-thread-1] INFO  ratis.ContainerStateMachine (ContainerStateMachine.java:loadSnapshot(222)) - group-91EB139A857D: The snapshot info is null. Setting the last applied indexto:(t:0, i:~)
2019-08-20 21:28:07,168 [pool-82-thread-1] INFO  ratis.ContainerStateMachine (ContainerStateMachine.java:loadSnapshot(222)) - group-91EB139A857D: The snapshot info is null. Setting the last applied indexto:(t:0, i:~)
2019-08-20 21:28:07,168 [pool-38-thread-1] INFO  ratis.ContainerStateMachine (ContainerStateMachine.java:loadSnapshot(222)) - group-91EB139A857D: The snapshot info is null. Setting the last applied indexto:(t:0, i:~)
2019-08-20 21:28:07,168 [pool-93-thread-1] INFO  server.RaftServerConfigKeys (ConfUtils.java:logGet(43)) - raft.server.leader.election.timeout = 120s (custom)
2019-08-20 21:28:07,168 [pool-38-thread-1] INFO  server.RaftServerConfigKeys (ConfUtils.java:logGet(43)) - raft.server.leader.election.timeout = 120s (custom)
2019-08-20 21:28:07,168 [pool-82-thread-1] INFO  server.RaftServerConfigKeys (ConfUtils.java:logGet(43)) - raft.server.leader.election.timeout = 120s (custom)
2019-08-20 21:28:07,168 [pool-38-thread-1] INFO  server.RaftServerConfigKeys (ConfUtils.java:logGet(43)) - raft.server.log.use.memory = false (default)
2019-08-20 21:28:07,168 [pool-93-thread-1] INFO  server.RaftServerConfigKeys (ConfUtils.java:logGet(43)) - raft.server.log.use.memory = false (default)
2019-08-20 21:28:07,169 [pool-38-thread-1] INFO  server.RaftServerConfigKeys (ConfUtils.java:logGet(43)) - raft.server.log.purge.gap = 1000000 (custom)
2019-08-20 21:28:07,168 [pool-82-thread-1] INFO  server.RaftServerConfigKeys (ConfUtils.java:logGet(43)) - raft.server.log.use.memory = false (default)
2019-08-20 21:28:07,169 [pool-38-thread-1] INFO  server.RaftServerConfigKeys (ConfUtils.java:logGet(43)) - raft.server.log.appender.buffer.byte-limit = 33554432 (custom)
2019-08-20 21:28:07,169 [pool-93-thread-1] INFO  server.RaftServerConfigKeys (ConfUtils.java:logGet(43)) - raft.server.log.purge.gap = 1000000 (custom)
2019-08-20 21:28:07,169 [pool-38-thread-1] INFO  server.RaftServerConfigKeys (ConfUtils.java:logGet(43)) - raft.server.log.segment.size.max = 1048576 (custom)
2019-08-20 21:28:07,169 [pool-82-thread-1] INFO  server.RaftServerConfigKeys (ConfUtils.java:logGet(43)) - raft.server.log.purge.gap = 1000000 (custom)
2019-08-20 21:28:07,169 [pool-38-thread-1] INFO  server.RaftServerConfigKeys (ConfUtils.java:logGet(43)) - raft.server.log.segment.cache.num.max = 2 (custom)
2019-08-20 21:28:07,169 [pool-93-thread-1] INFO  server.RaftServerConfigKeys (ConfUtils.java:logGet(43)) - raft.server.log.appender.buffer.byte-limit = 33554432 (custom)
2019-08-20 21:28:07,170 [pool-38-thread-1] INFO  segmented.SegmentedRaftLogWorker (SegmentedRaftLogWorker.java:<init>(172)) - new 2a98d864-8594-48bb-bc43-21f32096cec0-SegmentedRaftLogWorker:Storage Directory /workdir/hadoop-ozone/integration-test/target/test-dir/MiniOzoneClusterImpl-bdedfcae-614b-4f2f-bc36-d58a77a44aef/datanode-1/data/ratis/471a497d-0aa0-4197-9977-91eb139a857d for RaftStorage:Storage Directory /workdir/hadoop-ozone/integration-test/target/test-dir/MiniOzoneClusterImpl-bdedfcae-614b-4f2f-bc36-d58a77a44aef/datanode-1/data/ratis/471a497d-0aa0-4197-9977-91eb139a857d
2019-08-20 21:28:07,169 [pool-82-thread-1] INFO  server.RaftServerConfigKeys (ConfUtils.java:logGet(43)) - raft.server.log.appender.buffer.byte-limit = 33554432 (custom)
2019-08-20 21:28:07,170 [pool-38-thread-1] INFO  server.RaftServerConfigKeys (ConfUtils.java:logGet(43)) - raft.server.log.queue.byte-limit = 2147483647 (custom)
2019-08-20 21:28:07,170 [pool-93-thread-1] INFO  server.RaftServerConfigKeys (ConfUtils.java:logGet(43)) - raft.server.log.segment.size.max = 1048576 (custom)
2019-08-20 21:28:07,172 [pool-38-thread-1] INFO  server.RaftServerConfigKeys (ConfUtils.java:logGet(43)) - raft.server.log.queue.element-limit = 1024 (custom)
2019-08-20 21:28:07,170 [pool-82-thread-1] INFO  server.RaftServerConfigKeys (ConfUtils.java:logGet(43)) - raft.server.log.segment.size.max = 1048576 (custom)
2019-08-20 21:28:07,173 [pool-38-thread-1] INFO  server.RaftServerConfigKeys (ConfUtils.java:logGet(43)) - raft.server.log.segment.size.max = 1048576 (custom)
2019-08-20 21:28:07,172 [pool-93-thread-1] INFO  server.RaftServerConfigKeys (ConfUtils.java:logGet(43)) - raft.server.log.segment.cache.num.max = 2 (custom)
2019-08-20 21:28:07,173 [pool-38-thread-1] INFO  server.RaftServerConfigKeys (ConfUtils.java:logGet(43)) - raft.server.log.preallocated.size = 16384 (custom)
2019-08-20 21:28:07,173 [pool-82-thread-1] INFO  server.RaftServerConfigKeys (ConfUtils.java:logGet(43)) - raft.server.log.segment.cache.num.max = 2 (custom)
2019-08-20 21:28:07,173 [pool-38-thread-1] INFO  server.RaftServerConfigKeys (ConfUtils.java:logGet(43)) - raft.server.log.write.buffer.size = 33554432 (custom)
2019-08-20 21:28:07,173 [pool-93-thread-1] INFO  segmented.SegmentedRaftLogWorker (SegmentedRaftLogWorker.java:<init>(172)) - new 622f3963-6db5-4cef-b6c4-dc9e39bfc6cb-SegmentedRaftLogWorker:Storage Directory /workdir/hadoop-ozone/integration-test/target/test-dir/MiniOzoneClusterImpl-bdedfcae-614b-4f2f-bc36-d58a77a44aef/datanode-6/data/ratis/471a497d-0aa0-4197-9977-91eb139a857d for RaftStorage:Storage Directory /workdir/hadoop-ozone/integration-test/target/test-dir/MiniOzoneClusterImpl-bdedfcae-614b-4f2f-bc36-d58a77a44aef/datanode-6/data/ratis/471a497d-0aa0-4197-9977-91eb139a857d
2019-08-20 21:28:07,173 [pool-38-thread-1] INFO  server.RaftServerConfigKeys (ConfUtils.java:logGet(43)) - raft.server.log.force.sync.num = 128 (default)
2019-08-20 21:28:07,173 [pool-82-thread-1] INFO  segmented.SegmentedRaftLogWorker (SegmentedRaftLogWorker.java:<init>(172)) - new 04d2d3e3-36e9-4430-811e-8631463037af-SegmentedRaftLogWorker:Storage Directory /workdir/hadoop-ozone/integration-test/target/test-dir/MiniOzoneClusterImpl-bdedfcae-614b-4f2f-bc36-d58a77a44aef/datanode-5/data/ratis/471a497d-0aa0-4197-9977-91eb139a857d for RaftStorage:Storage Directory /workdir/hadoop-ozone/integration-test/target/test-dir/MiniOzoneClusterImpl-bdedfcae-614b-4f2f-bc36-d58a77a44aef/datanode-5/data/ratis/471a497d-0aa0-4197-9977-91eb139a857d
2019-08-20 21:28:07,174 [pool-38-thread-1] INFO  server.RaftServerConfigKeys (ConfUtils.java:logGet(43)) - raft.server.log.statemachine.data.sync = true (default)
2019-08-20 21:28:07,174 [pool-93-thread-1] INFO  server.RaftServerConfigKeys (ConfUtils.java:logGet(43)) - raft.server.log.queue.byte-limit = 2147483647 (custom)
2019-08-20 21:28:07,177 [pool-38-thread-1] INFO  server.RaftServerConfigKeys (ConfUtils.java:logGet(43)) - raft.server.log.statemachine.data.sync.timeout = 10s (default)
2019-08-20 21:28:07,176 [pool-82-thread-1] INFO  server.RaftServerConfigKeys (ConfUtils.java:logGet(43)) - raft.server.log.queue.byte-limit = 2147483647 (custom)
2019-08-20 21:28:07,177 [pool-38-thread-1] INFO  server.RaftServerConfigKeys (ConfUtils.java:logGet(43)) - raft.server.log.statemachine.data.sync.timeout.retry = -1 (default)
2019-08-20 21:28:07,177 [pool-93-thread-1] INFO  server.RaftServerConfigKeys (ConfUtils.java:logGet(43)) - raft.server.log.queue.element-limit = 1024 (custom)
2019-08-20 21:28:07,177 [pool-82-thread-1] INFO  server.RaftServerConfigKeys (ConfUtils.java:logGet(43)) - raft.server.log.queue.element-limit = 1024 (custom)
2019-08-20 21:28:07,178 [pool-93-thread-1] INFO  server.RaftServerConfigKeys (ConfUtils.java:logGet(43)) - raft.server.log.segment.size.max = 1048576 (custom)
2019-08-20 21:28:07,178 [pool-38-thread-1] INFO  server.RaftServerConfigKeys (ConfUtils.java:logGet(43)) - raft.server.log.statemachine.data.caching.enabled = true (custom)
2019-08-20 21:28:07,178 [pool-93-thread-1] INFO  server.RaftServerConfigKeys (ConfUtils.java:logGet(43)) - raft.server.log.preallocated.size = 16384 (custom)
2019-08-20 21:28:07,178 [pool-82-thread-1] INFO  server.RaftServerConfigKeys (ConfUtils.java:logGet(43)) - raft.server.log.segment.size.max = 1048576 (custom)
2019-08-20 21:28:07,178 [pool-93-thread-1] INFO  server.RaftServerConfigKeys (ConfUtils.java:logGet(43)) - raft.server.log.write.buffer.size = 33554432 (custom)
2019-08-20 21:28:07,178 [pool-38-thread-1] INFO  segmented.SegmentedRaftLogWorker (SegmentedRaftLogWorker.java:lambda$new$0(132)) - 2a98d864-8594-48bb-bc43-21f32096cec0-SegmentedRaftLogWorker:Storage Directory /workdir/hadoop-ozone/integration-test/target/test-dir/MiniOzoneClusterImpl-bdedfcae-614b-4f2f-bc36-d58a77a44aef/datanode-1/data/ratis/471a497d-0aa0-4197-9977-91eb139a857d: flushIndex: setUnconditionally 0 -> -1
2019-08-20 21:28:07,178 [pool-82-thread-1] INFO  server.RaftServerConfigKeys (ConfUtils.java:logGet(43)) - raft.server.log.preallocated.size = 16384 (custom)
2019-08-20 21:28:07,178 [pool-93-thread-1] INFO  server.RaftServerConfigKeys (ConfUtils.java:logGet(43)) - raft.server.log.force.sync.num = 128 (default)
2019-08-20 21:28:07,179 [pool-38-thread-1] INFO  server.RaftServerConfigKeys (ConfUtils.java:logGet(43)) - raft.server.snapshot.auto.trigger.enabled = true (custom)
2019-08-20 21:28:07,179 [pool-82-thread-1] INFO  server.RaftServerConfigKeys (ConfUtils.java:logGet(43)) - raft.server.log.write.buffer.size = 33554432 (custom)
2019-08-20 21:28:07,179 [pool-38-thread-1] INFO  server.RaftServerConfigKeys (ConfUtils.java:logGet(43)) - raft.server.snapshot.auto.trigger.threshold = 10000 (custom)
2019-08-20 21:28:07,179 [pool-93-thread-1] INFO  server.RaftServerConfigKeys (ConfUtils.java:logGet(43)) - raft.server.log.statemachine.data.sync = true (default)
2019-08-20 21:28:07,179 [pool-38-thread-1] INFO  server.RaftServerConfigKeys (ConfUtils.java:logGet(43)) - raft.server.retrycache.expirytime = 600000ms (custom)
2019-08-20 21:28:07,179 [pool-82-thread-1] INFO  server.RaftServerConfigKeys (ConfUtils.java:logGet(43)) - raft.server.log.force.sync.num = 128 (default)
2019-08-20 21:28:07,179 [pool-93-thread-1] INFO  server.RaftServerConfigKeys (ConfUtils.java:logGet(43)) - raft.server.log.statemachine.data.sync.timeout = 10s (default)
2019-08-20 21:28:07,180 [pool-38-thread-1] INFO  impl.RaftServerImpl (RaftServerImpl.java:start(180)) - 2a98d864-8594-48bb-bc43-21f32096cec0: start group-91EB139A857D
2019-08-20 21:28:07,180 [pool-82-thread-1] INFO  server.RaftServerConfigKeys (ConfUtils.java:logGet(43)) - raft.server.log.statemachine.data.sync = true (default)
2019-08-20 21:28:07,180 [pool-38-thread-1] INFO  impl.RaftServerImpl (RaftServerImpl.java:setRole(171)) - 2a98d864-8594-48bb-bc43-21f32096cec0:group-91EB139A857D changes role from null to FOLLOWER at term 0 for startAsFollower
2019-08-20 21:28:07,180 [pool-93-thread-1] INFO  server.RaftServerConfigKeys (ConfUtils.java:logGet(43)) - raft.server.log.statemachine.data.sync.timeout.retry = -1 (default)
2019-08-20 21:28:07,180 [pool-38-thread-1] INFO  impl.RoleInfo (RoleInfo.java:updateAndGet(143)) - 2a98d864-8594-48bb-bc43-21f32096cec0: start FollowerState
2019-08-20 21:28:07,180 [pool-82-thread-1] INFO  server.RaftServerConfigKeys (ConfUtils.java:logGet(43)) - raft.server.log.statemachine.data.sync.timeout = 10s (default)
2019-08-20 21:28:07,181 [pool-93-thread-1] INFO  server.RaftServerConfigKeys (ConfUtils.java:logGet(43)) - raft.server.log.statemachine.data.caching.enabled = true (custom)
2019-08-20 21:28:07,181 [pool-82-thread-1] INFO  server.RaftServerConfigKeys (ConfUtils.java:logGet(43)) - raft.server.log.statemachine.data.sync.timeout.retry = -1 (default)
2019-08-20 21:28:07,181 [pool-38-thread-1] INFO  util.JmxRegister (JmxRegister.java:tryRegister(44)) - Successfully registered JMX Bean with object name Ratis:service=RaftServer,group=group-91EB139A857D,id=2a98d864-8594-48bb-bc43-21f32096cec0
2019-08-20 21:28:07,181 [pool-93-thread-1] INFO  segmented.SegmentedRaftLogWorker (SegmentedRaftLogWorker.java:lambda$new$0(132)) - 622f3963-6db5-4cef-b6c4-dc9e39bfc6cb-SegmentedRaftLogWorker:Storage Directory /workdir/hadoop-ozone/integration-test/target/test-dir/MiniOzoneClusterImpl-bdedfcae-614b-4f2f-bc36-d58a77a44aef/datanode-6/data/ratis/471a497d-0aa0-4197-9977-91eb139a857d: flushIndex: setUnconditionally 0 -> -1
2019-08-20 21:28:07,181 [pool-82-thread-1] INFO  server.RaftServerConfigKeys (ConfUtils.java:logGet(43)) - raft.server.log.statemachine.data.caching.enabled = true (custom)
2019-08-20 21:28:07,182 [pool-93-thread-1] INFO  server.RaftServerConfigKeys (ConfUtils.java:logGet(43)) - raft.server.snapshot.auto.trigger.enabled = true (custom)
2019-08-20 21:28:07,182 [pool-82-thread-1] INFO  segmented.SegmentedRaftLogWorker (SegmentedRaftLogWorker.java:lambda$new$0(132)) - 04d2d3e3-36e9-4430-811e-8631463037af-SegmentedRaftLogWorker:Storage Directory /workdir/hadoop-ozone/integration-test/target/test-dir/MiniOzoneClusterImpl-bdedfcae-614b-4f2f-bc36-d58a77a44aef/datanode-5/data/ratis/471a497d-0aa0-4197-9977-91eb139a857d: flushIndex: setUnconditionally 0 -> -1
2019-08-20 21:28:07,182 [pool-93-thread-1] INFO  server.RaftServerConfigKeys (ConfUtils.java:logGet(43)) - raft.server.snapshot.auto.trigger.threshold = 10000 (custom)
2019-08-20 21:28:07,182 [pool-82-thread-1] INFO  server.RaftServerConfigKeys (ConfUtils.java:logGet(43)) - raft.server.snapshot.auto.trigger.enabled = true (custom)
2019-08-20 21:28:07,182 [pool-93-thread-1] INFO  server.RaftServerConfigKeys (ConfUtils.java:logGet(43)) - raft.server.retrycache.expirytime = 600000ms (custom)
2019-08-20 21:28:07,182 [pool-82-thread-1] INFO  server.RaftServerConfigKeys (ConfUtils.java:logGet(43)) - raft.server.snapshot.auto.trigger.threshold = 10000 (custom)
2019-08-20 21:28:07,182 [pool-93-thread-1] INFO  impl.RaftServerImpl (RaftServerImpl.java:start(180)) - 622f3963-6db5-4cef-b6c4-dc9e39bfc6cb: start group-91EB139A857D
2019-08-20 21:28:07,183 [pool-82-thread-1] INFO  server.RaftServerConfigKeys (ConfUtils.java:logGet(43)) - raft.server.retrycache.expirytime = 600000ms (custom)
2019-08-20 21:28:07,183 [pool-93-thread-1] INFO  impl.RaftServerImpl (RaftServerImpl.java:setRole(171)) - 622f3963-6db5-4cef-b6c4-dc9e39bfc6cb:group-91EB139A857D changes role from null to FOLLOWER at term 0 for startAsFollower
2019-08-20 21:28:07,183 [pool-82-thread-1] INFO  impl.RaftServerImpl (RaftServerImpl.java:start(180)) - 04d2d3e3-36e9-4430-811e-8631463037af: start group-91EB139A857D
2019-08-20 21:28:07,183 [pool-93-thread-1] INFO  impl.RoleInfo (RoleInfo.java:updateAndGet(143)) - 622f3963-6db5-4cef-b6c4-dc9e39bfc6cb: start FollowerState
2019-08-20 21:28:07,183 [pool-82-thread-1] INFO  impl.RaftServerImpl (RaftServerImpl.java:setRole(171)) - 04d2d3e3-36e9-4430-811e-8631463037af:group-91EB139A857D changes role from null to FOLLOWER at term 0 for startAsFollower
2019-08-20 21:28:07,185 [pool-82-thread-1] INFO  impl.RoleInfo (RoleInfo.java:updateAndGet(143)) - 04d2d3e3-36e9-4430-811e-8631463037af: start FollowerState
2019-08-20 21:28:07,188 [pool-93-thread-1] INFO  util.JmxRegister (JmxRegister.java:tryRegister(44)) - Successfully registered JMX Bean with object name Ratis:service=RaftServer,group=group-91EB139A857D,id=622f3963-6db5-4cef-b6c4-dc9e39bfc6cb
2019-08-20 21:28:07,188 [pool-82-thread-1] INFO  util.JmxRegister (JmxRegister.java:tryRegister(44)) - Successfully registered JMX Bean with object name Ratis:service=RaftServer,group=group-91EB139A857D,id=04d2d3e3-36e9-4430-811e-8631463037af
2019-08-20 21:28:07,207 [RatisPipelineUtilsThread] INFO  pipeline.PipelineStateManager (PipelineStateManager.java:addPipeline(56)) - Created pipeline Pipeline[ Id: 471a497d-0aa0-4197-9977-91eb139a857d, Nodes: 2a98d864-8594-48bb-bc43-21f32096cec0{ip: 192.168.5.148, host: pr-hdds-1973-5qsvz-4139986036, networkLocation: /default-rack, certSerialId: null}04d2d3e3-36e9-4430-811e-8631463037af{ip: 192.168.5.148, host: pr-hdds-1973-5qsvz-4139986036, networkLocation: /default-rack, certSerialId: null}622f3963-6db5-4cef-b6c4-dc9e39bfc6cb{ip: 192.168.5.148, host: pr-hdds-1973-5qsvz-4139986036, networkLocation: /default-rack, certSerialId: null}, Type:RATIS, Factor:THREE, State:OPEN]
2019-08-20 21:28:07,310 | INFO  | SCMAudit | user=jenkins1000 | ip=192.168.5.148 | op=SEND_HEARTBEAT {datanodeUUID=65bb560a-5aa2-49c4-ad35-2197abba1c3e, command=[]} | ret=SUCCESS |  
2019-08-20 21:28:07,380 [main] INFO  rpc.RpcClient (RpcClient.java:createVolume(292)) - Creating Volume: testblockoutputstream, with jenkins1000 as owner.
2019-08-20 21:28:07,402 | INFO  | OMAudit | user=jenkins1000 | ip=127.0.0.1 | op=CREATE_VOLUME {admin=jenkins1000, owner=jenkins1000, volume=testblockoutputstream, creationTime=1566336487397, quotaInBytes=1152921504606846976} | ret=SUCCESS |  
2019-08-20 21:28:07,416 | INFO  | OMAudit | user=jenkins1000 | ip=127.0.0.1 | op=READ_VOLUME {volume=testblockoutputstream} | ret=SUCCESS |  
2019-08-20 21:28:07,421 [main] INFO  rpc.RpcClient (RpcClient.java:createBucket(431)) - Creating Bucket: testblockoutputstream/testblockoutputstream, with Versioning false and Storage Type set to DISK and Encryption set to false 
2019-08-20 21:28:07,449 | INFO  | OMAudit | user=jenkins1000 | ip=127.0.0.1 | op=CREATE_BUCKET {volume=testblockoutputstream, bucket=testblockoutputstream, acls=[user:jenkins1000:a[ACCESS], group:default:a[ACCESS]], isVersionEnabled=false, storageType=DISK, creationTime=0} | ret=SUCCESS |  
2019-08-20 21:28:07,451 [main] INFO  impl.MetricsSystemImpl (MetricsSystemImpl.java:init(158)) - XceiverClientMetrics metrics system started (again)
2019-08-20 21:28:07,460 | INFO  | OMAudit | user=jenkins1000 | ip=127.0.0.1 | op=READ_VOLUME {volume=testblockoutputstream} | ret=SUCCESS |  
2019-08-20 21:28:07,467 | INFO  | OMAudit | user=jenkins1000 | ip=127.0.0.1 | op=READ_BUCKET {volume=testblockoutputstream, bucket=testblockoutputstream} | ret=SUCCESS |  
2019-08-20 21:28:07,516 | INFO  | SCMAudit | user=jenkins1000 | ip=192.168.5.148 | op=ALLOCATE_BLOCK {owner=a8723b3c-b8bf-4dfe-b61b-a12dfa81b095, size=800, type=RATIS, factor=THREE} | ret=SUCCESS |  
2019-08-20 21:28:07,523 | INFO  | SCMAudit | user=jenkins1000 | ip=192.168.5.148 | op=SEND_HEARTBEAT {datanodeUUID=2a98d864-8594-48bb-bc43-21f32096cec0, command=[]} | ret=SUCCESS |  
2019-08-20 21:28:07,539 | INFO  | OMAudit | user=jenkins1000 | ip=127.0.0.1 | op=ALLOCATE_KEY {volume=testblockoutputstream, bucket=testblockoutputstream, key=82fd9d79-4181-4986-91f9-5ef805a81975, dataSize=0, replicationType=RATIS, replicationFactor=THREE, keyLocationInfo=null} | ret=SUCCESS |  
2019-08-20 21:28:07,683 [grpc-default-executor-1] INFO  client.GrpcClientProtocolClient (GrpcClientProtocolClient.java:onNext(255)) - client-73E4BB722856->65bb560a-5aa2-49c4-ad35-2197abba1c3e: receive RaftClientReply:client-73E4BB722856->65bb560a-5aa2-49c4-ad35-2197abba1c3e@group-8EC6E5F49E10, cid=13, FAILED org.apache.ratis.protocol.NotLeaderException: Server 65bb560a-5aa2-49c4-ad35-2197abba1c3e is not the leader (null). Request must be sent to leader., logIndex=0, commits[65bb560a-5aa2-49c4-ad35-2197abba1c3e:c-1]
2019-08-20 21:28:08,005 | INFO  | SCMAudit | user=jenkins1000 | ip=192.168.5.148 | op=SEND_HEARTBEAT {datanodeUUID=0cfefecf-8034-4f72-a3a3-e652ed807942, command=[]} | ret=SUCCESS |  
2019-08-20 21:28:08,005 | INFO  | SCMAudit | user=jenkins1000 | ip=192.168.5.148 | op=SEND_HEARTBEAT {datanodeUUID=954b1581-72c2-4c4e-9852-adb95bd15e36, command=[]} | ret=SUCCESS |  
2019-08-20 21:28:08,208 | INFO  | SCMAudit | user=jenkins1000 | ip=192.168.5.148 | op=SEND_HEARTBEAT {datanodeUUID=49b46f07-2746-4119-b484-e06b9af9c549, command=[]} | ret=SUCCESS |  
2019-08-20 21:28:08,287 | INFO  | SCMAudit | user=jenkins1000 | ip=192.168.5.148 | op=SEND_HEARTBEAT {datanodeUUID=65bb560a-5aa2-49c4-ad35-2197abba1c3e, command=[]} | ret=SUCCESS |  
2019-08-20 21:28:08,328 [Thread-237] INFO  container.ReplicationManager (ReplicationManager.java:start(152)) - Starting Replication Monitor Thread.
2019-08-20 21:28:08,332 [ReplicationMonitor] INFO  container.ReplicationManager (ReplicationManager.java:run(215)) - Replication Monitor Thread took 3 milliseconds for processing 1 containers.
2019-08-20 21:28:08,490 | INFO  | SCMAudit | user=jenkins1000 | ip=192.168.5.148 | op=SEND_HEARTBEAT {datanodeUUID=04d2d3e3-36e9-4430-811e-8631463037af, command=[]} | ret=SUCCESS |  
2019-08-20 21:28:08,524 | INFO  | SCMAudit | user=jenkins1000 | ip=192.168.5.148 | op=SEND_HEARTBEAT {datanodeUUID=2a98d864-8594-48bb-bc43-21f32096cec0, command=[]} | ret=SUCCESS |  
2019-08-20 21:28:08,703 | INFO  | SCMAudit | user=jenkins1000 | ip=192.168.5.148 | op=SEND_HEARTBEAT {datanodeUUID=622f3963-6db5-4cef-b6c4-dc9e39bfc6cb, command=[]} | ret=SUCCESS |  
2019-08-20 21:28:08,729 [grpc-default-executor-1] INFO  client.GrpcClientProtocolClient (GrpcClientProtocolClient.java:onNext(255)) - client-73E4BB722856->0cfefecf-8034-4f72-a3a3-e652ed807942: receive RaftClientReply:client-73E4BB722856->0cfefecf-8034-4f72-a3a3-e652ed807942@group-8EC6E5F49E10, cid=13, FAILED org.apache.ratis.protocol.NotLeaderException: Server 0cfefecf-8034-4f72-a3a3-e652ed807942 is not the leader (null). Request must be sent to leader., logIndex=0, commits[0cfefecf-8034-4f72-a3a3-e652ed807942:c-1]
2019-08-20 21:28:09,006 | INFO  | SCMAudit | user=jenkins1000 | ip=192.168.5.148 | op=SEND_HEARTBEAT {datanodeUUID=0cfefecf-8034-4f72-a3a3-e652ed807942, command=[]} | ret=SUCCESS |  
2019-08-20 21:28:09,006 | INFO  | SCMAudit | user=jenkins1000 | ip=192.168.5.148 | op=SEND_HEARTBEAT {datanodeUUID=954b1581-72c2-4c4e-9852-adb95bd15e36, command=[]} | ret=SUCCESS |  
2019-08-20 21:28:09,213 | INFO  | SCMAudit | user=jenkins1000 | ip=192.168.5.148 | op=SEND_HEARTBEAT {datanodeUUID=49b46f07-2746-4119-b484-e06b9af9c549, command=[]} | ret=SUCCESS |  
2019-08-20 21:28:09,289 | INFO  | SCMAudit | user=jenkins1000 | ip=192.168.5.148 | op=SEND_HEARTBEAT {datanodeUUID=65bb560a-5aa2-49c4-ad35-2197abba1c3e, command=[]} | ret=SUCCESS |  
2019-08-20 21:28:09,489 | INFO  | SCMAudit | user=jenkins1000 | ip=192.168.5.148 | op=SEND_HEARTBEAT {datanodeUUID=04d2d3e3-36e9-4430-811e-8631463037af, command=[]} | ret=SUCCESS |  
2019-08-20 21:28:09,523 | INFO  | SCMAudit | user=jenkins1000 | ip=192.168.5.148 | op=SEND_HEARTBEAT {datanodeUUID=2a98d864-8594-48bb-bc43-21f32096cec0, command=[]} | ret=SUCCESS |  
2019-08-20 21:28:09,703 | INFO  | SCMAudit | user=jenkins1000 | ip=192.168.5.148 | op=SEND_HEARTBEAT {datanodeUUID=622f3963-6db5-4cef-b6c4-dc9e39bfc6cb, command=[]} | ret=SUCCESS |  
2019-08-20 21:28:09,753 [grpc-default-executor-1] INFO  client.GrpcClientProtocolClient (GrpcClientProtocolClient.java:onNext(255)) - client-73E4BB722856->65bb560a-5aa2-49c4-ad35-2197abba1c3e: receive RaftClientReply:client-73E4BB722856->65bb560a-5aa2-49c4-ad35-2197abba1c3e@group-8EC6E5F49E10, cid=13, FAILED org.apache.ratis.protocol.NotLeaderException: Server 65bb560a-5aa2-49c4-ad35-2197abba1c3e is not the leader (null). Request must be sent to leader., logIndex=0, commits[65bb560a-5aa2-49c4-ad35-2197abba1c3e:c-1]
2019-08-20 21:28:10,014 | INFO  | SCMAudit | user=jenkins1000 | ip=192.168.5.148 | op=SEND_HEARTBEAT {datanodeUUID=954b1581-72c2-4c4e-9852-adb95bd15e36, command=[]} | ret=SUCCESS |  
2019-08-20 21:28:10,014 | INFO  | SCMAudit | user=jenkins1000 | ip=192.168.5.148 | op=SEND_HEARTBEAT {datanodeUUID=0cfefecf-8034-4f72-a3a3-e652ed807942, command=[]} | ret=SUCCESS |  
2019-08-20 21:28:10,206 | INFO  | SCMAudit | user=jenkins1000 | ip=192.168.5.148 | op=SEND_HEARTBEAT {datanodeUUID=49b46f07-2746-4119-b484-e06b9af9c549, command=[]} | ret=SUCCESS |  
2019-08-20 21:28:10,285 | INFO  | SCMAudit | user=jenkins1000 | ip=192.168.5.148 | op=SEND_HEARTBEAT {datanodeUUID=65bb560a-5aa2-49c4-ad35-2197abba1c3e, command=[]} | ret=SUCCESS |  
2019-08-20 21:28:10,487 | INFO  | SCMAudit | user=jenkins1000 | ip=192.168.5.148 | op=SEND_HEARTBEAT {datanodeUUID=04d2d3e3-36e9-4430-811e-8631463037af, command=[]} | ret=SUCCESS |  
2019-08-20 21:28:10,520 | INFO  | SCMAudit | user=jenkins1000 | ip=192.168.5.148 | op=SEND_HEARTBEAT {datanodeUUID=2a98d864-8594-48bb-bc43-21f32096cec0, command=[]} | ret=SUCCESS |  
2019-08-20 21:28:10,700 | INFO  | SCMAudit | user=jenkins1000 | ip=192.168.5.148 | op=SEND_HEARTBEAT {datanodeUUID=622f3963-6db5-4cef-b6c4-dc9e39bfc6cb, command=[]} | ret=SUCCESS |  
2019-08-20 21:28:10,774 [grpc-default-executor-1] INFO  client.GrpcClientProtocolClient (GrpcClientProtocolClient.java:onNext(255)) - client-73E4BB722856->0cfefecf-8034-4f72-a3a3-e652ed807942: receive RaftClientReply:client-73E4BB722856->0cfefecf-8034-4f72-a3a3-e652ed807942@group-8EC6E5F49E10, cid=13, FAILED org.apache.ratis.protocol.NotLeaderException: Server 0cfefecf-8034-4f72-a3a3-e652ed807942 is not the leader (null). Request must be sent to leader., logIndex=0, commits[0cfefecf-8034-4f72-a3a3-e652ed807942:c-1]
2019-08-20 21:28:11,001 | INFO  | SCMAudit | user=jenkins1000 | ip=192.168.5.148 | op=SEND_HEARTBEAT {datanodeUUID=954b1581-72c2-4c4e-9852-adb95bd15e36, command=[]} | ret=SUCCESS |  
2019-08-20 21:28:11,001 | INFO  | SCMAudit | user=jenkins1000 | ip=192.168.5.148 | op=SEND_HEARTBEAT {datanodeUUID=0cfefecf-8034-4f72-a3a3-e652ed807942, command=[]} | ret=SUCCESS |  
2019-08-20 21:28:11,206 | INFO  | SCMAudit | user=jenkins1000 | ip=192.168.5.148 | op=SEND_HEARTBEAT {datanodeUUID=49b46f07-2746-4119-b484-e06b9af9c549, command=[]} | ret=SUCCESS |  
2019-08-20 21:28:11,285 | INFO  | SCMAudit | user=jenkins1000 | ip=192.168.5.148 | op=SEND_HEARTBEAT {datanodeUUID=65bb560a-5aa2-49c4-ad35-2197abba1c3e, command=[]} | ret=SUCCESS |  
2019-08-20 21:28:11,488 | INFO  | SCMAudit | user=jenkins1000 | ip=192.168.5.148 | op=SEND_HEARTBEAT {datanodeUUID=04d2d3e3-36e9-4430-811e-8631463037af, command=[]} | ret=SUCCESS |  
2019-08-20 21:28:11,520 | INFO  | SCMAudit | user=jenkins1000 | ip=192.168.5.148 | op=SEND_HEARTBEAT {datanodeUUID=2a98d864-8594-48bb-bc43-21f32096cec0, command=[]} | ret=SUCCESS |  
2019-08-20 21:28:11,533 [Thread-239] INFO  impl.FollowerState (FollowerState.java:run(106)) - 65bb560a-5aa2-49c4-ad35-2197abba1c3e:group-723DCB8C2C4D changes to CANDIDATE, lastRpcTime:5142, electionTimeout:5141ms
2019-08-20 21:28:11,537 [Thread-239] INFO  impl.RoleInfo (RoleInfo.java:shutdownFollowerState(121)) - 65bb560a-5aa2-49c4-ad35-2197abba1c3e: shutdown FollowerState
2019-08-20 21:28:11,537 [Thread-239] INFO  impl.RaftServerImpl (RaftServerImpl.java:setRole(171)) - 65bb560a-5aa2-49c4-ad35-2197abba1c3e:group-723DCB8C2C4D changes role from FOLLOWER to CANDIDATE at term 0 for changeToCandidate
2019-08-20 21:28:11,543 [Thread-239] INFO  impl.RoleInfo (RoleInfo.java:updateAndGet(143)) - 65bb560a-5aa2-49c4-ad35-2197abba1c3e: start LeaderElection
2019-08-20 21:28:11,563 [65bb560a-5aa2-49c4-ad35-2197abba1c3e:group-723DCB8C2C4D:LeaderElection1] INFO  impl.LeaderElection (LeaderElection.java:askForVotes(181)) - 65bb560a-5aa2-49c4-ad35-2197abba1c3e:group-723DCB8C2C4D:LeaderElection1: begin an election at term 1 for -1: [65bb560a-5aa2-49c4-ad35-2197abba1c3e:192.168.5.148:46812], old=null
2019-08-20 21:28:11,566 [65bb560a-5aa2-49c4-ad35-2197abba1c3e:group-723DCB8C2C4D:LeaderElection1] INFO  impl.RoleInfo (RoleInfo.java:shutdownLeaderElection(134)) - 65bb560a-5aa2-49c4-ad35-2197abba1c3e: shutdown LeaderElection
2019-08-20 21:28:11,566 [65bb560a-5aa2-49c4-ad35-2197abba1c3e:group-723DCB8C2C4D:LeaderElection1] INFO  impl.RaftServerImpl (RaftServerImpl.java:setRole(171)) - 65bb560a-5aa2-49c4-ad35-2197abba1c3e:group-723DCB8C2C4D changes role from CANDIDATE to LEADER at term 1 for changeToLeader
2019-08-20 21:28:11,567 [65bb560a-5aa2-49c4-ad35-2197abba1c3e:group-723DCB8C2C4D:LeaderElection1] INFO  impl.RaftServerImpl (ServerState.java:setLeader(263)) - 65bb560a-5aa2-49c4-ad35-2197abba1c3e:group-723DCB8C2C4D change Leader from null to 65bb560a-5aa2-49c4-ad35-2197abba1c3e at term 1 for becomeLeader, leader elected after 5257ms
2019-08-20 21:28:11,573 [65bb560a-5aa2-49c4-ad35-2197abba1c3e:group-723DCB8C2C4D:LeaderElection1] INFO  server.RaftServerConfigKeys (ConfUtils.java:logGet(43)) - raft.server.staging.catchup.gap = 1000 (default)
2019-08-20 21:28:11,573 [65bb560a-5aa2-49c4-ad35-2197abba1c3e:group-723DCB8C2C4D:LeaderElection1] INFO  server.RaftServerConfigKeys (ConfUtils.java:logGet(43)) - raft.server.rpc.sleep.time = 25ms (default)
2019-08-20 21:28:11,576 [65bb560a-5aa2-49c4-ad35-2197abba1c3e:group-723DCB8C2C4D:LeaderElection1] INFO  server.RaftServerConfigKeys (ConfUtils.java:logGet(43)) - raft.server.write.element-limit = 4096 (default)
2019-08-20 21:28:11,578 [65bb560a-5aa2-49c4-ad35-2197abba1c3e:group-723DCB8C2C4D:LeaderElection1] INFO  server.RaftServerConfigKeys (ConfUtils.java:logGet(43)) - raft.server.watch.timeout = 10s (default)
2019-08-20 21:28:11,578 [65bb560a-5aa2-49c4-ad35-2197abba1c3e:group-723DCB8C2C4D:LeaderElection1] INFO  server.RaftServerConfigKeys (ConfUtils.java:logGet(43)) - raft.server.watch.timeout.denomination = 1s (default)
2019-08-20 21:28:11,579 [65bb560a-5aa2-49c4-ad35-2197abba1c3e:group-723DCB8C2C4D:LeaderElection1] INFO  server.RaftServerConfigKeys (ConfUtils.java:logGet(43)) - raft.server.watch.element-limit = 65536 (default)
2019-08-20 21:28:11,586 [65bb560a-5aa2-49c4-ad35-2197abba1c3e:group-723DCB8C2C4D:LeaderElection1] INFO  impl.RoleInfo (RoleInfo.java:updateAndGet(143)) - 65bb560a-5aa2-49c4-ad35-2197abba1c3e: start LeaderState
2019-08-20 21:28:11,607 [65bb560a-5aa2-49c4-ad35-2197abba1c3e:group-723DCB8C2C4D:LeaderElection1] INFO  segmented.SegmentedRaftLogWorker (SegmentedRaftLogWorker.java:startLogSegment(380)) - 65bb560a-5aa2-49c4-ad35-2197abba1c3e-SegmentedRaftLogWorker:Storage Directory /workdir/hadoop-ozone/integration-test/target/test-dir/MiniOzoneClusterImpl-bdedfcae-614b-4f2f-bc36-d58a77a44aef/datanode-0/data/ratis/0ffa7600-4fd3-4fb6-a303-723dcb8c2c4d: Starting segment from index:0
2019-08-20 21:28:11,609 [Thread-242] INFO  impl.FollowerState (FollowerState.java:run(106)) - 49b46f07-2746-4119-b484-e06b9af9c549:group-5345A87EC8AB changes to CANDIDATE, lastRpcTime:5027, electionTimeout:5025ms
2019-08-20 21:28:11,610 [Thread-242] INFO  impl.RoleInfo (RoleInfo.java:shutdownFollowerState(121)) - 49b46f07-2746-4119-b484-e06b9af9c549: shutdown FollowerState
2019-08-20 21:28:11,611 [Thread-242] INFO  impl.RaftServerImpl (RaftServerImpl.java:setRole(171)) - 49b46f07-2746-4119-b484-e06b9af9c549:group-5345A87EC8AB changes role from FOLLOWER to CANDIDATE at term 0 for changeToCandidate
2019-08-20 21:28:11,611 [Thread-242] INFO  impl.RoleInfo (RoleInfo.java:updateAndGet(143)) - 49b46f07-2746-4119-b484-e06b9af9c549: start LeaderElection
2019-08-20 21:28:11,630 [49b46f07-2746-4119-b484-e06b9af9c549:group-5345A87EC8AB:LeaderElection2] INFO  impl.LeaderElection (LeaderElection.java:askForVotes(181)) - 49b46f07-2746-4119-b484-e06b9af9c549:group-5345A87EC8AB:LeaderElection2: begin an election at term 1 for -1: [49b46f07-2746-4119-b484-e06b9af9c549:192.168.5.148:45764], old=null
2019-08-20 21:28:11,632 [49b46f07-2746-4119-b484-e06b9af9c549:group-5345A87EC8AB:LeaderElection2] INFO  impl.RoleInfo (RoleInfo.java:shutdownLeaderElection(134)) - 49b46f07-2746-4119-b484-e06b9af9c549: shutdown LeaderElection
2019-08-20 21:28:11,632 [49b46f07-2746-4119-b484-e06b9af9c549:group-5345A87EC8AB:LeaderElection2] INFO  impl.RaftServerImpl (RaftServerImpl.java:setRole(171)) - 49b46f07-2746-4119-b484-e06b9af9c549:group-5345A87EC8AB changes role from CANDIDATE to LEADER at term 1 for changeToLeader
2019-08-20 21:28:11,632 [49b46f07-2746-4119-b484-e06b9af9c549:group-5345A87EC8AB:LeaderElection2] INFO  impl.RaftServerImpl (ServerState.java:setLeader(263)) - 49b46f07-2746-4119-b484-e06b9af9c549:group-5345A87EC8AB change Leader from null to 49b46f07-2746-4119-b484-e06b9af9c549 at term 1 for becomeLeader, leader elected after 5058ms
2019-08-20 21:28:11,634 [49b46f07-2746-4119-b484-e06b9af9c549:group-5345A87EC8AB:LeaderElection2] INFO  server.RaftServerConfigKeys (ConfUtils.java:logGet(43)) - raft.server.staging.catchup.gap = 1000 (default)
2019-08-20 21:28:11,635 [49b46f07-2746-4119-b484-e06b9af9c549:group-5345A87EC8AB:LeaderElection2] INFO  server.RaftServerConfigKeys (ConfUtils.java:logGet(43)) - raft.server.rpc.sleep.time = 25ms (default)
2019-08-20 21:28:11,635 [49b46f07-2746-4119-b484-e06b9af9c549:group-5345A87EC8AB:LeaderElection2] INFO  server.RaftServerConfigKeys (ConfUtils.java:logGet(43)) - raft.server.write.element-limit = 4096 (default)
2019-08-20 21:28:11,635 [49b46f07-2746-4119-b484-e06b9af9c549:group-5345A87EC8AB:LeaderElection2] INFO  server.RaftServerConfigKeys (ConfUtils.java:logGet(43)) - raft.server.watch.timeout = 10s (default)
2019-08-20 21:28:11,635 [49b46f07-2746-4119-b484-e06b9af9c549:group-5345A87EC8AB:LeaderElection2] INFO  server.RaftServerConfigKeys (ConfUtils.java:logGet(43)) - raft.server.watch.timeout.denomination = 1s (default)
2019-08-20 21:28:11,635 [65bb560a-5aa2-49c4-ad35-2197abba1c3e:group-723DCB8C2C4D:LeaderElection1] INFO  impl.RaftServerImpl (ServerState.java:setRaftConf(361)) - 65bb560a-5aa2-49c4-ad35-2197abba1c3e:group-723DCB8C2C4D set configuration 0: [65bb560a-5aa2-49c4-ad35-2197abba1c3e:192.168.5.148:46812], old=null at 0
2019-08-20 21:28:11,635 [49b46f07-2746-4119-b484-e06b9af9c549:group-5345A87EC8AB:LeaderElection2] INFO  server.RaftServerConfigKeys (ConfUtils.java:logGet(43)) - raft.server.watch.element-limit = 65536 (default)
2019-08-20 21:28:11,638 [49b46f07-2746-4119-b484-e06b9af9c549:group-5345A87EC8AB:LeaderElection2] INFO  impl.RoleInfo (RoleInfo.java:updateAndGet(143)) - 49b46f07-2746-4119-b484-e06b9af9c549: start LeaderState
2019-08-20 21:28:11,638 [49b46f07-2746-4119-b484-e06b9af9c549:group-5345A87EC8AB:LeaderElection2] INFO  segmented.SegmentedRaftLogWorker (SegmentedRaftLogWorker.java:startLogSegment(380)) - 49b46f07-2746-4119-b484-e06b9af9c549-SegmentedRaftLogWorker:Storage Directory /workdir/hadoop-ozone/integration-test/target/test-dir/MiniOzoneClusterImpl-bdedfcae-614b-4f2f-bc36-d58a77a44aef/datanode-4/data/ratis/7158e11e-df14-4f47-b36e-5345a87ec8ab: Starting segment from index:0
2019-08-20 21:28:11,639 [49b46f07-2746-4119-b484-e06b9af9c549:group-5345A87EC8AB:LeaderElection2] INFO  impl.RaftServerImpl (ServerState.java:setRaftConf(361)) - 49b46f07-2746-4119-b484-e06b9af9c549:group-5345A87EC8AB set configuration 0: [49b46f07-2746-4119-b484-e06b9af9c549:192.168.5.148:45764], old=null at 0
2019-08-20 21:28:11,700 | INFO  | SCMAudit | user=jenkins1000 | ip=192.168.5.148 | op=SEND_HEARTBEAT {datanodeUUID=622f3963-6db5-4cef-b6c4-dc9e39bfc6cb, command=[]} | ret=SUCCESS |  
2019-08-20 21:28:11,821 [grpc-default-executor-2] INFO  client.GrpcClientProtocolClient (GrpcClientProtocolClient.java:onNext(255)) - client-73E4BB722856->65bb560a-5aa2-49c4-ad35-2197abba1c3e: receive RaftClientReply:client-73E4BB722856->65bb560a-5aa2-49c4-ad35-2197abba1c3e@group-8EC6E5F49E10, cid=13, FAILED org.apache.ratis.protocol.NotLeaderException: Server 65bb560a-5aa2-49c4-ad35-2197abba1c3e is not the leader (null). Request must be sent to leader., logIndex=0, commits[65bb560a-5aa2-49c4-ad35-2197abba1c3e:c-1]
2019-08-20 21:28:11,825 [65bb560a-5aa2-49c4-ad35-2197abba1c3e-SegmentedRaftLogWorker:Storage Directory /workdir/hadoop-ozone/integration-test/target/test-dir/MiniOzoneClusterImpl-bdedfcae-614b-4f2f-bc36-d58a77a44aef/datanode-0/data/ratis/0ffa7600-4fd3-4fb6-a303-723dcb8c2c4d] INFO  segmented.SegmentedRaftLogWorker (SegmentedRaftLogWorker.java:execute(569)) - 65bb560a-5aa2-49c4-ad35-2197abba1c3e-SegmentedRaftLogWorker:Storage Directory /workdir/hadoop-ozone/integration-test/target/test-dir/MiniOzoneClusterImpl-bdedfcae-614b-4f2f-bc36-d58a77a44aef/datanode-0/data/ratis/0ffa7600-4fd3-4fb6-a303-723dcb8c2c4d: created new log segment /workdir/hadoop-ozone/integration-test/target/test-dir/MiniOzoneClusterImpl-bdedfcae-614b-4f2f-bc36-d58a77a44aef/datanode-0/data/ratis/0ffa7600-4fd3-4fb6-a303-723dcb8c2c4d/current/log_inprogress_0
2019-08-20 21:28:11,825 [49b46f07-2746-4119-b484-e06b9af9c549-SegmentedRaftLogWorker:Storage Directory /workdir/hadoop-ozone/integration-test/target/test-dir/MiniOzoneClusterImpl-bdedfcae-614b-4f2f-bc36-d58a77a44aef/datanode-4/data/ratis/7158e11e-df14-4f47-b36e-5345a87ec8ab] INFO  segmented.SegmentedRaftLogWorker (SegmentedRaftLogWorker.java:execute(569)) - 49b46f07-2746-4119-b484-e06b9af9c549-SegmentedRaftLogWorker:Storage Directory /workdir/hadoop-ozone/integration-test/target/test-dir/MiniOzoneClusterImpl-bdedfcae-614b-4f2f-bc36-d58a77a44aef/datanode-4/data/ratis/7158e11e-df14-4f47-b36e-5345a87ec8ab: created new log segment /workdir/hadoop-ozone/integration-test/target/test-dir/MiniOzoneClusterImpl-bdedfcae-614b-4f2f-bc36-d58a77a44aef/datanode-4/data/ratis/7158e11e-df14-4f47-b36e-5345a87ec8ab/current/log_inprogress_0
2019-08-20 21:28:11,829 [Thread-248] INFO  impl.FollowerState (FollowerState.java:run(106)) - 2a98d864-8594-48bb-bc43-21f32096cec0:group-69ECA240D605 changes to CANDIDATE, lastRpcTime:5088, electionTimeout:5088ms
2019-08-20 21:28:11,837 [Thread-248] INFO  impl.RoleInfo (RoleInfo.java:shutdownFollowerState(121)) - 2a98d864-8594-48bb-bc43-21f32096cec0: shutdown FollowerState
2019-08-20 21:28:11,837 [Thread-248] INFO  impl.RaftServerImpl (RaftServerImpl.java:setRole(171)) - 2a98d864-8594-48bb-bc43-21f32096cec0:group-69ECA240D605 changes role from FOLLOWER to CANDIDATE at term 0 for changeToCandidate
2019-08-20 21:28:11,839 [Thread-248] INFO  impl.RoleInfo (RoleInfo.java:updateAndGet(143)) - 2a98d864-8594-48bb-bc43-21f32096cec0: start LeaderElection
2019-08-20 21:28:11,850 [Thread-245] INFO  impl.FollowerState (FollowerState.java:run(106)) - 0cfefecf-8034-4f72-a3a3-e652ed807942:group-EB7FE31D6C9C changes to CANDIDATE, lastRpcTime:5178, electionTimeout:5178ms
2019-08-20 21:28:11,851 [Thread-245] INFO  impl.RoleInfo (RoleInfo.java:shutdownFollowerState(121)) - 0cfefecf-8034-4f72-a3a3-e652ed807942: shutdown FollowerState
2019-08-20 21:28:11,851 [2a98d864-8594-48bb-bc43-21f32096cec0:group-69ECA240D605:LeaderElection3] INFO  impl.LeaderElection (LeaderElection.java:askForVotes(181)) - 2a98d864-8594-48bb-bc43-21f32096cec0:group-69ECA240D605:LeaderElection3: begin an election at term 1 for -1: [2a98d864-8594-48bb-bc43-21f32096cec0:192.168.5.148:40614], old=null
2019-08-20 21:28:11,851 [Thread-245] INFO  impl.RaftServerImpl (RaftServerImpl.java:setRole(171)) - 0cfefecf-8034-4f72-a3a3-e652ed807942:group-EB7FE31D6C9C changes role from FOLLOWER to CANDIDATE at term 0 for changeToCandidate
2019-08-20 21:28:11,852 [2a98d864-8594-48bb-bc43-21f32096cec0:group-69ECA240D605:LeaderElection3] INFO  impl.RoleInfo (RoleInfo.java:shutdownLeaderElection(134)) - 2a98d864-8594-48bb-bc43-21f32096cec0: shutdown LeaderElection
2019-08-20 21:28:11,852 [Thread-245] INFO  impl.RoleInfo (RoleInfo.java:updateAndGet(143)) - 0cfefecf-8034-4f72-a3a3-e652ed807942: start LeaderElection
2019-08-20 21:28:11,852 [2a98d864-8594-48bb-bc43-21f32096cec0:group-69ECA240D605:LeaderElection3] INFO  impl.RaftServerImpl (RaftServerImpl.java:setRole(171)) - 2a98d864-8594-48bb-bc43-21f32096cec0:group-69ECA240D605 changes role from CANDIDATE to LEADER at term 1 for changeToLeader
2019-08-20 21:28:11,852 [2a98d864-8594-48bb-bc43-21f32096cec0:group-69ECA240D605:LeaderElection3] INFO  impl.RaftServerImpl (ServerState.java:setLeader(263)) - 2a98d864-8594-48bb-bc43-21f32096cec0:group-69ECA240D605 change Leader from null to 2a98d864-8594-48bb-bc43-21f32096cec0 at term 1 for becomeLeader, leader elected after 5116ms
2019-08-20 21:28:11,858 [2a98d864-8594-48bb-bc43-21f32096cec0:group-69ECA240D605:LeaderElection3] INFO  server.RaftServerConfigKeys (ConfUtils.java:logGet(43)) - raft.server.staging.catchup.gap = 1000 (default)
2019-08-20 21:28:11,858 [2a98d864-8594-48bb-bc43-21f32096cec0:group-69ECA240D605:LeaderElection3] INFO  server.RaftServerConfigKeys (ConfUtils.java:logGet(43)) - raft.server.rpc.sleep.time = 25ms (default)
2019-08-20 21:28:11,859 [2a98d864-8594-48bb-bc43-21f32096cec0:group-69ECA240D605:LeaderElection3] INFO  server.RaftServerConfigKeys (ConfUtils.java:logGet(43)) - raft.server.write.element-limit = 4096 (default)
2019-08-20 21:28:11,859 [2a98d864-8594-48bb-bc43-21f32096cec0:group-69ECA240D605:LeaderElection3] INFO  server.RaftServerConfigKeys (ConfUtils.java:logGet(43)) - raft.server.watch.timeout = 10s (default)
2019-08-20 21:28:11,859 [2a98d864-8594-48bb-bc43-21f32096cec0:group-69ECA240D605:LeaderElection3] INFO  server.RaftServerConfigKeys (ConfUtils.java:logGet(43)) - raft.server.watch.timeout.denomination = 1s (default)
2019-08-20 21:28:11,859 [2a98d864-8594-48bb-bc43-21f32096cec0:group-69ECA240D605:LeaderElection3] INFO  server.RaftServerConfigKeys (ConfUtils.java:logGet(43)) - raft.server.watch.element-limit = 65536 (default)
2019-08-20 21:28:11,860 [2a98d864-8594-48bb-bc43-21f32096cec0:group-69ECA240D605:LeaderElection3] INFO  impl.RoleInfo (RoleInfo.java:updateAndGet(143)) - 2a98d864-8594-48bb-bc43-21f32096cec0: start LeaderState
2019-08-20 21:28:11,860 [2a98d864-8594-48bb-bc43-21f32096cec0:group-69ECA240D605:LeaderElection3] INFO  segmented.SegmentedRaftLogWorker (SegmentedRaftLogWorker.java:startLogSegment(380)) - 2a98d864-8594-48bb-bc43-21f32096cec0-SegmentedRaftLogWorker:Storage Directory /workdir/hadoop-ozone/integration-test/target/test-dir/MiniOzoneClusterImpl-bdedfcae-614b-4f2f-bc36-d58a77a44aef/datanode-1/data/ratis/6cd7d571-622b-4059-861b-69eca240d605: Starting segment from index:0
2019-08-20 21:28:11,861 [2a98d864-8594-48bb-bc43-21f32096cec0:group-69ECA240D605:LeaderElection3] INFO  impl.RaftServerImpl (ServerState.java:setRaftConf(361)) - 2a98d864-8594-48bb-bc43-21f32096cec0:group-69ECA240D605 set configuration 0: [2a98d864-8594-48bb-bc43-21f32096cec0:192.168.5.148:40614], old=null at 0
2019-08-20 21:28:11,894 [0cfefecf-8034-4f72-a3a3-e652ed807942:group-EB7FE31D6C9C:LeaderElection4] INFO  impl.LeaderElection (LeaderElection.java:askForVotes(181)) - 0cfefecf-8034-4f72-a3a3-e652ed807942:group-EB7FE31D6C9C:LeaderElection4: begin an election at term 1 for -1: [0cfefecf-8034-4f72-a3a3-e652ed807942:192.168.5.148:38531], old=null
2019-08-20 21:28:11,895 [0cfefecf-8034-4f72-a3a3-e652ed807942:group-EB7FE31D6C9C:LeaderElection4] INFO  impl.RoleInfo (RoleInfo.java:shutdownLeaderElection(134)) - 0cfefecf-8034-4f72-a3a3-e652ed807942: shutdown LeaderElection
2019-08-20 21:28:11,895 [0cfefecf-8034-4f72-a3a3-e652ed807942:group-EB7FE31D6C9C:LeaderElection4] INFO  impl.RaftServerImpl (RaftServerImpl.java:setRole(171)) - 0cfefecf-8034-4f72-a3a3-e652ed807942:group-EB7FE31D6C9C changes role from CANDIDATE to LEADER at term 1 for changeToLeader
2019-08-20 21:28:11,895 [0cfefecf-8034-4f72-a3a3-e652ed807942:group-EB7FE31D6C9C:LeaderElection4] INFO  impl.RaftServerImpl (ServerState.java:setLeader(263)) - 0cfefecf-8034-4f72-a3a3-e652ed807942:group-EB7FE31D6C9C change Leader from null to 0cfefecf-8034-4f72-a3a3-e652ed807942 at term 1 for becomeLeader, leader elected after 5229ms
2019-08-20 21:28:11,897 [0cfefecf-8034-4f72-a3a3-e652ed807942:group-EB7FE31D6C9C:LeaderElection4] INFO  server.RaftServerConfigKeys (ConfUtils.java:logGet(43)) - raft.server.staging.catchup.gap = 1000 (default)
2019-08-20 21:28:11,897 [0cfefecf-8034-4f72-a3a3-e652ed807942:group-EB7FE31D6C9C:LeaderElection4] INFO  server.RaftServerConfigKeys (ConfUtils.java:logGet(43)) - raft.server.rpc.sleep.time = 25ms (default)
2019-08-20 21:28:11,898 [0cfefecf-8034-4f72-a3a3-e652ed807942:group-EB7FE31D6C9C:LeaderElection4] INFO  server.RaftServerConfigKeys (ConfUtils.java:logGet(43)) - raft.server.write.element-limit = 4096 (default)
2019-08-20 21:28:11,898 [0cfefecf-8034-4f72-a3a3-e652ed807942:group-EB7FE31D6C9C:LeaderElection4] INFO  server.RaftServerConfigKeys (ConfUtils.java:logGet(43)) - raft.server.watch.timeout = 10s (default)
2019-08-20 21:28:11,898 [0cfefecf-8034-4f72-a3a3-e652ed807942:group-EB7FE31D6C9C:LeaderElection4] INFO  server.RaftServerConfigKeys (ConfUtils.java:logGet(43)) - raft.server.watch.timeout.denomination = 1s (default)
2019-08-20 21:28:11,898 [0cfefecf-8034-4f72-a3a3-e652ed807942:group-EB7FE31D6C9C:LeaderElection4] INFO  server.RaftServerConfigKeys (ConfUtils.java:logGet(43)) - raft.server.watch.element-limit = 65536 (default)
2019-08-20 21:28:11,899 [0cfefecf-8034-4f72-a3a3-e652ed807942:group-EB7FE31D6C9C:LeaderElection4] INFO  impl.RoleInfo (RoleInfo.java:updateAndGet(143)) - 0cfefecf-8034-4f72-a3a3-e652ed807942: start LeaderState
2019-08-20 21:28:11,899 [0cfefecf-8034-4f72-a3a3-e652ed807942:group-EB7FE31D6C9C:LeaderElection4] INFO  segmented.SegmentedRaftLogWorker (SegmentedRaftLogWorker.java:startLogSegment(380)) - 0cfefecf-8034-4f72-a3a3-e652ed807942-SegmentedRaftLogWorker:Storage Directory /workdir/hadoop-ozone/integration-test/target/test-dir/MiniOzoneClusterImpl-bdedfcae-614b-4f2f-bc36-d58a77a44aef/datanode-3/data/ratis/dd5ce784-3939-4608-b8f3-eb7fe31d6c9c: Starting segment from index:0
2019-08-20 21:28:11,900 [0cfefecf-8034-4f72-a3a3-e652ed807942:group-EB7FE31D6C9C:LeaderElection4] INFO  impl.RaftServerImpl (ServerState.java:setRaftConf(361)) - 0cfefecf-8034-4f72-a3a3-e652ed807942:group-EB7FE31D6C9C set configuration 0: [0cfefecf-8034-4f72-a3a3-e652ed807942:192.168.5.148:38531], old=null at 0
2019-08-20 21:28:11,930 [2a98d864-8594-48bb-bc43-21f32096cec0-SegmentedRaftLogWorker:Storage Directory /workdir/hadoop-ozone/integration-test/target/test-dir/MiniOzoneClusterImpl-bdedfcae-614b-4f2f-bc36-d58a77a44aef/datanode-1/data/ratis/6cd7d571-622b-4059-861b-69eca240d605] INFO  segmented.SegmentedRaftLogWorker (SegmentedRaftLogWorker.java:execute(569)) - 2a98d864-8594-48bb-bc43-21f32096cec0-SegmentedRaftLogWorker:Storage Directory /workdir/hadoop-ozone/integration-test/target/test-dir/MiniOzoneClusterImpl-bdedfcae-614b-4f2f-bc36-d58a77a44aef/datanode-1/data/ratis/6cd7d571-622b-4059-861b-69eca240d605: created new log segment /workdir/hadoop-ozone/integration-test/target/test-dir/MiniOzoneClusterImpl-bdedfcae-614b-4f2f-bc36-d58a77a44aef/datanode-1/data/ratis/6cd7d571-622b-4059-861b-69eca240d605/current/log_inprogress_0
2019-08-20 21:28:11,943 [0cfefecf-8034-4f72-a3a3-e652ed807942-SegmentedRaftLogWorker:Storage Directory /workdir/hadoop-ozone/integration-test/target/test-dir/MiniOzoneClusterImpl-bdedfcae-614b-4f2f-bc36-d58a77a44aef/datanode-3/data/ratis/dd5ce784-3939-4608-b8f3-eb7fe31d6c9c] INFO  segmented.SegmentedRaftLogWorker (SegmentedRaftLogWorker.java:execute(569)) - 0cfefecf-8034-4f72-a3a3-e652ed807942-SegmentedRaftLogWorker:Storage Directory /workdir/hadoop-ozone/integration-test/target/test-dir/MiniOzoneClusterImpl-bdedfcae-614b-4f2f-bc36-d58a77a44aef/datanode-3/data/ratis/dd5ce784-3939-4608-b8f3-eb7fe31d6c9c: created new log segment /workdir/hadoop-ozone/integration-test/target/test-dir/MiniOzoneClusterImpl-bdedfcae-614b-4f2f-bc36-d58a77a44aef/datanode-3/data/ratis/dd5ce784-3939-4608-b8f3-eb7fe31d6c9c/current/log_inprogress_0
2019-08-20 21:28:11,988 [Thread-251] INFO  impl.FollowerState (FollowerState.java:run(106)) - 04d2d3e3-36e9-4430-811e-8631463037af:group-86F88AD5DDF4 changes to CANDIDATE, lastRpcTime:5180, electionTimeout:5180ms
2019-08-20 21:28:11,991 [Thread-251] INFO  impl.RoleInfo (RoleInfo.java:shutdownFollowerState(121)) - 04d2d3e3-36e9-4430-811e-8631463037af: shutdown FollowerState
2019-08-20 21:28:11,991 [Thread-251] INFO  impl.RaftServerImpl (RaftServerImpl.java:setRole(171)) - 04d2d3e3-36e9-4430-811e-8631463037af:group-86F88AD5DDF4 changes role from FOLLOWER to CANDIDATE at term 0 for changeToCandidate
2019-08-20 21:28:11,991 [Thread-251] INFO  impl.RoleInfo (RoleInfo.java:updateAndGet(143)) - 04d2d3e3-36e9-4430-811e-8631463037af: start LeaderElection
2019-08-20 21:28:12,000 | INFO  | SCMAudit | user=jenkins1000 | ip=192.168.5.148 | op=SEND_HEARTBEAT {datanodeUUID=0cfefecf-8034-4f72-a3a3-e652ed807942, command=[]} | ret=SUCCESS |  
2019-08-20 21:28:12,001 | INFO  | SCMAudit | user=jenkins1000 | ip=192.168.5.148 | op=SEND_HEARTBEAT {datanodeUUID=954b1581-72c2-4c4e-9852-adb95bd15e36, command=[]} | ret=SUCCESS |  
2019-08-20 21:28:12,009 [04d2d3e3-36e9-4430-811e-8631463037af:group-86F88AD5DDF4:LeaderElection5] INFO  impl.LeaderElection (LeaderElection.java:askForVotes(181)) - 04d2d3e3-36e9-4430-811e-8631463037af:group-86F88AD5DDF4:LeaderElection5: begin an election at term 1 for -1: [04d2d3e3-36e9-4430-811e-8631463037af:192.168.5.148:41004], old=null
2019-08-20 21:28:12,011 [04d2d3e3-36e9-4430-811e-8631463037af:group-86F88AD5DDF4:LeaderElection5] INFO  impl.RoleInfo (RoleInfo.java:shutdownLeaderElection(134)) - 04d2d3e3-36e9-4430-811e-8631463037af: shutdown LeaderElection
2019-08-20 21:28:12,011 [04d2d3e3-36e9-4430-811e-8631463037af:group-86F88AD5DDF4:LeaderElection5] INFO  impl.RaftServerImpl (RaftServerImpl.java:setRole(171)) - 04d2d3e3-36e9-4430-811e-8631463037af:group-86F88AD5DDF4 changes role from CANDIDATE to LEADER at term 1 for changeToLeader
2019-08-20 21:28:12,011 [04d2d3e3-36e9-4430-811e-8631463037af:group-86F88AD5DDF4:LeaderElection5] INFO  impl.RaftServerImpl (ServerState.java:setLeader(263)) - 04d2d3e3-36e9-4430-811e-8631463037af:group-86F88AD5DDF4 change Leader from null to 04d2d3e3-36e9-4430-811e-8631463037af at term 1 for becomeLeader, leader elected after 5208ms
2019-08-20 21:28:12,012 [04d2d3e3-36e9-4430-811e-8631463037af:group-86F88AD5DDF4:LeaderElection5] INFO  server.RaftServerConfigKeys (ConfUtils.java:logGet(43)) - raft.server.staging.catchup.gap = 1000 (default)
2019-08-20 21:28:12,013 [04d2d3e3-36e9-4430-811e-8631463037af:group-86F88AD5DDF4:LeaderElection5] INFO  server.RaftServerConfigKeys (ConfUtils.java:logGet(43)) - raft.server.rpc.sleep.time = 25ms (default)
2019-08-20 21:28:12,013 [04d2d3e3-36e9-4430-811e-8631463037af:group-86F88AD5DDF4:LeaderElection5] INFO  server.RaftServerConfigKeys (ConfUtils.java:logGet(43)) - raft.server.write.element-limit = 4096 (default)
2019-08-20 21:28:12,013 [04d2d3e3-36e9-4430-811e-8631463037af:group-86F88AD5DDF4:LeaderElection5] INFO  server.RaftServerConfigKeys (ConfUtils.java:logGet(43)) - raft.server.watch.timeout = 10s (default)
2019-08-20 21:28:12,013 [04d2d3e3-36e9-4430-811e-8631463037af:group-86F88AD5DDF4:LeaderElection5] INFO  server.RaftServerConfigKeys (ConfUtils.java:logGet(43)) - raft.server.watch.timeout.denomination = 1s (default)
2019-08-20 21:28:12,013 [04d2d3e3-36e9-4430-811e-8631463037af:group-86F88AD5DDF4:LeaderElection5] INFO  server.RaftServerConfigKeys (ConfUtils.java:logGet(43)) - raft.server.watch.element-limit = 65536 (default)
2019-08-20 21:28:12,014 [04d2d3e3-36e9-4430-811e-8631463037af:group-86F88AD5DDF4:LeaderElection5] INFO  impl.RoleInfo (RoleInfo.java:updateAndGet(143)) - 04d2d3e3-36e9-4430-811e-8631463037af: start LeaderState
2019-08-20 21:28:12,014 [04d2d3e3-36e9-4430-811e-8631463037af:group-86F88AD5DDF4:LeaderElection5] INFO  segmented.SegmentedRaftLogWorker (SegmentedRaftLogWorker.java:startLogSegment(380)) - 04d2d3e3-36e9-4430-811e-8631463037af-SegmentedRaftLogWorker:Storage Directory /workdir/hadoop-ozone/integration-test/target/test-dir/MiniOzoneClusterImpl-bdedfcae-614b-4f2f-bc36-d58a77a44aef/datanode-5/data/ratis/435d5ebf-46cd-4a07-93dc-86f88ad5ddf4: Starting segment from index:0
2019-08-20 21:28:12,015 [04d2d3e3-36e9-4430-811e-8631463037af:group-86F88AD5DDF4:LeaderElection5] INFO  impl.RaftServerImpl (ServerState.java:setRaftConf(361)) - 04d2d3e3-36e9-4430-811e-8631463037af:group-86F88AD5DDF4 set configuration 0: [04d2d3e3-36e9-4430-811e-8631463037af:192.168.5.148:41004], old=null at 0
2019-08-20 21:28:12,051 [Thread-254] INFO  impl.FollowerState (FollowerState.java:run(106)) - 622f3963-6db5-4cef-b6c4-dc9e39bfc6cb:group-BF755444C008 changes to CANDIDATE, lastRpcTime:5166, electionTimeout:5166ms
2019-08-20 21:28:12,051 [Thread-254] INFO  impl.RoleInfo (RoleInfo.java:shutdownFollowerState(121)) - 622f3963-6db5-4cef-b6c4-dc9e39bfc6cb: shutdown FollowerState
2019-08-20 21:28:12,051 [Thread-254] INFO  impl.RaftServerImpl (RaftServerImpl.java:setRole(171)) - 622f3963-6db5-4cef-b6c4-dc9e39bfc6cb:group-BF755444C008 changes role from FOLLOWER to CANDIDATE at term 0 for changeToCandidate
2019-08-20 21:28:12,052 [Thread-254] INFO  impl.RoleInfo (RoleInfo.java:updateAndGet(143)) - 622f3963-6db5-4cef-b6c4-dc9e39bfc6cb: start LeaderElection
2019-08-20 21:28:12,059 [04d2d3e3-36e9-4430-811e-8631463037af-SegmentedRaftLogWorker:Storage Directory /workdir/hadoop-ozone/integration-test/target/test-dir/MiniOzoneClusterImpl-bdedfcae-614b-4f2f-bc36-d58a77a44aef/datanode-5/data/ratis/435d5ebf-46cd-4a07-93dc-86f88ad5ddf4] INFO  segmented.SegmentedRaftLogWorker (SegmentedRaftLogWorker.java:execute(569)) - 04d2d3e3-36e9-4430-811e-8631463037af-SegmentedRaftLogWorker:Storage Directory /workdir/hadoop-ozone/integration-test/target/test-dir/MiniOzoneClusterImpl-bdedfcae-614b-4f2f-bc36-d58a77a44aef/datanode-5/data/ratis/435d5ebf-46cd-4a07-93dc-86f88ad5ddf4: created new log segment /workdir/hadoop-ozone/integration-test/target/test-dir/MiniOzoneClusterImpl-bdedfcae-614b-4f2f-bc36-d58a77a44aef/datanode-5/data/ratis/435d5ebf-46cd-4a07-93dc-86f88ad5ddf4/current/log_inprogress_0
2019-08-20 21:28:12,060 [622f3963-6db5-4cef-b6c4-dc9e39bfc6cb:group-BF755444C008:LeaderElection6] INFO  impl.LeaderElection (LeaderElection.java:askForVotes(181)) - 622f3963-6db5-4cef-b6c4-dc9e39bfc6cb:group-BF755444C008:LeaderElection6: begin an election at term 1 for -1: [622f3963-6db5-4cef-b6c4-dc9e39bfc6cb:192.168.5.148:34702], old=null
2019-08-20 21:28:12,060 [622f3963-6db5-4cef-b6c4-dc9e39bfc6cb:group-BF755444C008:LeaderElection6] INFO  impl.RoleInfo (RoleInfo.java:shutdownLeaderElection(134)) - 622f3963-6db5-4cef-b6c4-dc9e39bfc6cb: shutdown LeaderElection
2019-08-20 21:28:12,060 [622f3963-6db5-4cef-b6c4-dc9e39bfc6cb:group-BF755444C008:LeaderElection6] INFO  impl.RaftServerImpl (RaftServerImpl.java:setRole(171)) - 622f3963-6db5-4cef-b6c4-dc9e39bfc6cb:group-BF755444C008 changes role from CANDIDATE to LEADER at term 1 for changeToLeader
2019-08-20 21:28:12,060 [622f3963-6db5-4cef-b6c4-dc9e39bfc6cb:group-BF755444C008:LeaderElection6] INFO  impl.RaftServerImpl (ServerState.java:setLeader(263)) - 622f3963-6db5-4cef-b6c4-dc9e39bfc6cb:group-BF755444C008 change Leader from null to 622f3963-6db5-4cef-b6c4-dc9e39bfc6cb at term 1 for becomeLeader, leader elected after 5179ms
2019-08-20 21:28:12,061 [622f3963-6db5-4cef-b6c4-dc9e39bfc6cb:group-BF755444C008:LeaderElection6] INFO  server.RaftServerConfigKeys (ConfUtils.java:logGet(43)) - raft.server.staging.catchup.gap = 1000 (default)
2019-08-20 21:28:12,062 [622f3963-6db5-4cef-b6c4-dc9e39bfc6cb:group-BF755444C008:LeaderElection6] INFO  server.RaftServerConfigKeys (ConfUtils.java:logGet(43)) - raft.server.rpc.sleep.time = 25ms (default)
2019-08-20 21:28:12,062 [622f3963-6db5-4cef-b6c4-dc9e39bfc6cb:group-BF755444C008:LeaderElection6] INFO  server.RaftServerConfigKeys (ConfUtils.java:logGet(43)) - raft.server.write.element-limit = 4096 (default)
2019-08-20 21:28:12,062 [622f3963-6db5-4cef-b6c4-dc9e39bfc6cb:group-BF755444C008:LeaderElection6] INFO  server.RaftServerConfigKeys (ConfUtils.java:logGet(43)) - raft.server.watch.timeout = 10s (default)
2019-08-20 21:28:12,062 [622f3963-6db5-4cef-b6c4-dc9e39bfc6cb:group-BF755444C008:LeaderElection6] INFO  server.RaftServerConfigKeys (ConfUtils.java:logGet(43)) - raft.server.watch.timeout.denomination = 1s (default)
2019-08-20 21:28:12,062 [622f3963-6db5-4cef-b6c4-dc9e39bfc6cb:group-BF755444C008:LeaderElection6] INFO  server.RaftServerConfigKeys (ConfUtils.java:logGet(43)) - raft.server.watch.element-limit = 65536 (default)
2019-08-20 21:28:12,063 [622f3963-6db5-4cef-b6c4-dc9e39bfc6cb:group-BF755444C008:LeaderElection6] INFO  impl.RoleInfo (RoleInfo.java:updateAndGet(143)) - 622f3963-6db5-4cef-b6c4-dc9e39bfc6cb: start LeaderState
2019-08-20 21:28:12,063 [622f3963-6db5-4cef-b6c4-dc9e39bfc6cb:group-BF755444C008:LeaderElection6] INFO  segmented.SegmentedRaftLogWorker (SegmentedRaftLogWorker.java:startLogSegment(380)) - 622f3963-6db5-4cef-b6c4-dc9e39bfc6cb-SegmentedRaftLogWorker:Storage Directory /workdir/hadoop-ozone/integration-test/target/test-dir/MiniOzoneClusterImpl-bdedfcae-614b-4f2f-bc36-d58a77a44aef/datanode-6/data/ratis/48eece08-f0af-466c-9d54-bf755444c008: Starting segment from index:0
2019-08-20 21:28:12,064 [622f3963-6db5-4cef-b6c4-dc9e39bfc6cb:group-BF755444C008:LeaderElection6] INFO  impl.RaftServerImpl (ServerState.java:setRaftConf(361)) - 622f3963-6db5-4cef-b6c4-dc9e39bfc6cb:group-BF755444C008 set configuration 0: [622f3963-6db5-4cef-b6c4-dc9e39bfc6cb:192.168.5.148:34702], old=null at 0
2019-08-20 21:28:12,100 [Thread-257] INFO  impl.FollowerState (FollowerState.java:run(106)) - 954b1581-72c2-4c4e-9852-adb95bd15e36:group-BB90F6A030C3 changes to CANDIDATE, lastRpcTime:5143, electionTimeout:5134ms
2019-08-20 21:28:12,105 [Thread-257] INFO  impl.RoleInfo (RoleInfo.java:shutdownFollowerState(121)) - 954b1581-72c2-4c4e-9852-adb95bd15e36: shutdown FollowerState
2019-08-20 21:28:12,105 [Thread-257] INFO  impl.RaftServerImpl (RaftServerImpl.java:setRole(171)) - 954b1581-72c2-4c4e-9852-adb95bd15e36:group-BB90F6A030C3 changes role from FOLLOWER to CANDIDATE at term 0 for changeToCandidate
2019-08-20 21:28:12,106 [Thread-257] INFO  impl.RoleInfo (RoleInfo.java:updateAndGet(143)) - 954b1581-72c2-4c4e-9852-adb95bd15e36: start LeaderElection
2019-08-20 21:28:12,113 [622f3963-6db5-4cef-b6c4-dc9e39bfc6cb-SegmentedRaftLogWorker:Storage Directory /workdir/hadoop-ozone/integration-test/target/test-dir/MiniOzoneClusterImpl-bdedfcae-614b-4f2f-bc36-d58a77a44aef/datanode-6/data/ratis/48eece08-f0af-466c-9d54-bf755444c008] INFO  segmented.SegmentedRaftLogWorker (SegmentedRaftLogWorker.java:execute(569)) - 622f3963-6db5-4cef-b6c4-dc9e39bfc6cb-SegmentedRaftLogWorker:Storage Directory /workdir/hadoop-ozone/integration-test/target/test-dir/MiniOzoneClusterImpl-bdedfcae-614b-4f2f-bc36-d58a77a44aef/datanode-6/data/ratis/48eece08-f0af-466c-9d54-bf755444c008: created new log segment /workdir/hadoop-ozone/integration-test/target/test-dir/MiniOzoneClusterImpl-bdedfcae-614b-4f2f-bc36-d58a77a44aef/datanode-6/data/ratis/48eece08-f0af-466c-9d54-bf755444c008/current/log_inprogress_0
2019-08-20 21:28:12,129 [954b1581-72c2-4c4e-9852-adb95bd15e36:group-BB90F6A030C3:LeaderElection7] INFO  impl.LeaderElection (LeaderElection.java:askForVotes(181)) - 954b1581-72c2-4c4e-9852-adb95bd15e36:group-BB90F6A030C3:LeaderElection7: begin an election at term 1 for -1: [954b1581-72c2-4c4e-9852-adb95bd15e36:192.168.5.148:40620], old=null
2019-08-20 21:28:12,130 [954b1581-72c2-4c4e-9852-adb95bd15e36:group-BB90F6A030C3:LeaderElection7] INFO  impl.RoleInfo (RoleInfo.java:shutdownLeaderElection(134)) - 954b1581-72c2-4c4e-9852-adb95bd15e36: shutdown LeaderElection
2019-08-20 21:28:12,130 [954b1581-72c2-4c4e-9852-adb95bd15e36:group-BB90F6A030C3:LeaderElection7] INFO  impl.RaftServerImpl (RaftServerImpl.java:setRole(171)) - 954b1581-72c2-4c4e-9852-adb95bd15e36:group-BB90F6A030C3 changes role from CANDIDATE to LEADER at term 1 for changeToLeader
2019-08-20 21:28:12,130 [954b1581-72c2-4c4e-9852-adb95bd15e36:group-BB90F6A030C3:LeaderElection7] INFO  impl.RaftServerImpl (ServerState.java:setLeader(263)) - 954b1581-72c2-4c4e-9852-adb95bd15e36:group-BB90F6A030C3 change Leader from null to 954b1581-72c2-4c4e-9852-adb95bd15e36 at term 1 for becomeLeader, leader elected after 5177ms
2019-08-20 21:28:12,133 [954b1581-72c2-4c4e-9852-adb95bd15e36:group-BB90F6A030C3:LeaderElection7] INFO  server.RaftServerConfigKeys (ConfUtils.java:logGet(43)) - raft.server.staging.catchup.gap = 1000 (default)
2019-08-20 21:28:12,133 [954b1581-72c2-4c4e-9852-adb95bd15e36:group-BB90F6A030C3:LeaderElection7] INFO  server.RaftServerConfigKeys (ConfUtils.java:logGet(43)) - raft.server.rpc.sleep.time = 25ms (default)
2019-08-20 21:28:12,133 [954b1581-72c2-4c4e-9852-adb95bd15e36:group-BB90F6A030C3:LeaderElection7] INFO  server.RaftServerConfigKeys (ConfUtils.java:logGet(43)) - raft.server.write.element-limit = 4096 (default)
2019-08-20 21:28:12,133 [954b1581-72c2-4c4e-9852-adb95bd15e36:group-BB90F6A030C3:LeaderElection7] INFO  server.RaftServerConfigKeys (ConfUtils.java:logGet(43)) - raft.server.watch.timeout = 10s (default)
2019-08-20 21:28:12,133 [954b1581-72c2-4c4e-9852-adb95bd15e36:group-BB90F6A030C3:LeaderElection7] INFO  server.RaftServerConfigKeys (ConfUtils.java:logGet(43)) - raft.server.watch.timeout.denomination = 1s (default)
2019-08-20 21:28:12,134 [954b1581-72c2-4c4e-9852-adb95bd15e36:group-BB90F6A030C3:LeaderElection7] INFO  server.RaftServerConfigKeys (ConfUtils.java:logGet(43)) - raft.server.watch.element-limit = 65536 (default)
2019-08-20 21:28:12,134 [954b1581-72c2-4c4e-9852-adb95bd15e36:group-BB90F6A030C3:LeaderElection7] INFO  impl.RoleInfo (RoleInfo.java:updateAndGet(143)) - 954b1581-72c2-4c4e-9852-adb95bd15e36: start LeaderState
2019-08-20 21:28:12,134 [954b1581-72c2-4c4e-9852-adb95bd15e36:group-BB90F6A030C3:LeaderElection7] INFO  segmented.SegmentedRaftLogWorker (SegmentedRaftLogWorker.java:startLogSegment(380)) - 954b1581-72c2-4c4e-9852-adb95bd15e36-SegmentedRaftLogWorker:Storage Directory /workdir/hadoop-ozone/integration-test/target/test-dir/MiniOzoneClusterImpl-bdedfcae-614b-4f2f-bc36-d58a77a44aef/datanode-2/data/ratis/4563bc34-777f-4627-a6fb-bb90f6a030c3: Starting segment from index:0
2019-08-20 21:28:12,135 [954b1581-72c2-4c4e-9852-adb95bd15e36:group-BB90F6A030C3:LeaderElection7] INFO  impl.RaftServerImpl (ServerState.java:setRaftConf(361)) - 954b1581-72c2-4c4e-9852-adb95bd15e36:group-BB90F6A030C3 set configuration 0: [954b1581-72c2-4c4e-9852-adb95bd15e36:192.168.5.148:40620], old=null at 0
2019-08-20 21:28:12,176 [954b1581-72c2-4c4e-9852-adb95bd15e36-SegmentedRaftLogWorker:Storage Directory /workdir/hadoop-ozone/integration-test/target/test-dir/MiniOzoneClusterImpl-bdedfcae-614b-4f2f-bc36-d58a77a44aef/datanode-2/data/ratis/4563bc34-777f-4627-a6fb-bb90f6a030c3] INFO  segmented.SegmentedRaftLogWorker (SegmentedRaftLogWorker.java:execute(569)) - 954b1581-72c2-4c4e-9852-adb95bd15e36-SegmentedRaftLogWorker:Storage Directory /workdir/hadoop-ozone/integration-test/target/test-dir/MiniOzoneClusterImpl-bdedfcae-614b-4f2f-bc36-d58a77a44aef/datanode-2/data/ratis/4563bc34-777f-4627-a6fb-bb90f6a030c3: created new log segment /workdir/hadoop-ozone/integration-test/target/test-dir/MiniOzoneClusterImpl-bdedfcae-614b-4f2f-bc36-d58a77a44aef/datanode-2/data/ratis/4563bc34-777f-4627-a6fb-bb90f6a030c3/current/log_inprogress_0
2019-08-20 21:28:12,180 [Thread-263] INFO  impl.FollowerState (FollowerState.java:run(106)) - 49b46f07-2746-4119-b484-e06b9af9c549:group-8EC6E5F49E10 changes to CANDIDATE, lastRpcTime:5116, electionTimeout:5111ms
2019-08-20 21:28:12,180 [Thread-263] INFO  impl.RoleInfo (RoleInfo.java:shutdownFollowerState(121)) - 49b46f07-2746-4119-b484-e06b9af9c549: shutdown FollowerState
2019-08-20 21:28:12,180 [Thread-263] INFO  impl.RaftServerImpl (RaftServerImpl.java:setRole(171)) - 49b46f07-2746-4119-b484-e06b9af9c549:group-8EC6E5F49E10 changes role from FOLLOWER to CANDIDATE at term 0 for changeToCandidate
2019-08-20 21:28:12,180 [Thread-263] INFO  impl.RoleInfo (RoleInfo.java:updateAndGet(143)) - 49b46f07-2746-4119-b484-e06b9af9c549: start LeaderElection
2019-08-20 21:28:12,190 [49b46f07-2746-4119-b484-e06b9af9c549:group-8EC6E5F49E10:LeaderElection8] INFO  impl.LeaderElection (LeaderElection.java:askForVotes(181)) - 49b46f07-2746-4119-b484-e06b9af9c549:group-8EC6E5F49E10:LeaderElection8: begin an election at term 1 for -1: [0cfefecf-8034-4f72-a3a3-e652ed807942:192.168.5.148:38531, 49b46f07-2746-4119-b484-e06b9af9c549:192.168.5.148:45764, 65bb560a-5aa2-49c4-ad35-2197abba1c3e:192.168.5.148:46812], old=null
2019-08-20 21:28:12,210 | INFO  | SCMAudit | user=jenkins1000 | ip=192.168.5.148 | op=SEND_HEARTBEAT {datanodeUUID=49b46f07-2746-4119-b484-e06b9af9c549, command=[]} | ret=SUCCESS |  
2019-08-20 21:28:12,219 [grpc-default-executor-2] INFO  impl.RaftServerImpl (RaftServerImpl.java:setRole(171)) - 0cfefecf-8034-4f72-a3a3-e652ed807942:group-8EC6E5F49E10 changes role from FOLLOWER to FOLLOWER at term 1 for recognizeCandidate:49b46f07-2746-4119-b484-e06b9af9c549
2019-08-20 21:28:12,219 [grpc-default-executor-1] INFO  impl.RaftServerImpl (RaftServerImpl.java:setRole(171)) - 65bb560a-5aa2-49c4-ad35-2197abba1c3e:group-8EC6E5F49E10 changes role from FOLLOWER to FOLLOWER at term 1 for recognizeCandidate:49b46f07-2746-4119-b484-e06b9af9c549
2019-08-20 21:28:12,219 [grpc-default-executor-2] INFO  impl.RoleInfo (RoleInfo.java:shutdownFollowerState(121)) - 0cfefecf-8034-4f72-a3a3-e652ed807942: shutdown FollowerState
2019-08-20 21:28:12,220 [grpc-default-executor-1] INFO  impl.RoleInfo (RoleInfo.java:shutdownFollowerState(121)) - 65bb560a-5aa2-49c4-ad35-2197abba1c3e: shutdown FollowerState
2019-08-20 21:28:12,220 [grpc-default-executor-2] INFO  impl.RoleInfo (RoleInfo.java:updateAndGet(143)) - 0cfefecf-8034-4f72-a3a3-e652ed807942: start FollowerState
2019-08-20 21:28:12,220 [Thread-266] INFO  impl.FollowerState (FollowerState.java:run(114)) - 65bb560a-5aa2-49c4-ad35-2197abba1c3e: FollowerState was interrupted: java.lang.InterruptedException: sleep interrupted
2019-08-20 21:28:12,220 [grpc-default-executor-1] INFO  impl.RoleInfo (RoleInfo.java:updateAndGet(143)) - 65bb560a-5aa2-49c4-ad35-2197abba1c3e: start FollowerState
2019-08-20 21:28:12,220 [Thread-260] INFO  impl.FollowerState (FollowerState.java:run(114)) - 0cfefecf-8034-4f72-a3a3-e652ed807942: FollowerState was interrupted: java.lang.InterruptedException: sleep interrupted
2019-08-20 21:28:12,255 [Thread-275] INFO  impl.FollowerState (FollowerState.java:run(106)) - 04d2d3e3-36e9-4430-811e-8631463037af:group-91EB139A857D changes to CANDIDATE, lastRpcTime:5069, electionTimeout:5059ms
2019-08-20 21:28:12,255 [Thread-275] INFO  impl.RoleInfo (RoleInfo.java:shutdownFollowerState(121)) - 04d2d3e3-36e9-4430-811e-8631463037af: shutdown FollowerState
2019-08-20 21:28:12,255 [Thread-275] INFO  impl.RaftServerImpl (RaftServerImpl.java:setRole(171)) - 04d2d3e3-36e9-4430-811e-8631463037af:group-91EB139A857D changes role from FOLLOWER to CANDIDATE at term 0 for changeToCandidate
2019-08-20 21:28:12,255 [Thread-275] INFO  impl.RoleInfo (RoleInfo.java:updateAndGet(143)) - 04d2d3e3-36e9-4430-811e-8631463037af: start LeaderElection
2019-08-20 21:28:12,261 [49b46f07-2746-4119-b484-e06b9af9c549:group-8EC6E5F49E10:LeaderElection8] INFO  impl.LeaderElection (LeaderElection.java:logAndReturn(56)) - 49b46f07-2746-4119-b484-e06b9af9c549:group-8EC6E5F49E10:LeaderElection8: Election PASSED; received 1 response(s) [49b46f07-2746-4119-b484-e06b9af9c549<-0cfefecf-8034-4f72-a3a3-e652ed807942#0:OK-t1] and 0 exception(s); 49b46f07-2746-4119-b484-e06b9af9c549:t1, leader=null, voted=49b46f07-2746-4119-b484-e06b9af9c549, raftlog=49b46f07-2746-4119-b484-e06b9af9c549-SegmentedRaftLog:OPENED:c-1,f-1,i0, conf=-1: [0cfefecf-8034-4f72-a3a3-e652ed807942:192.168.5.148:38531, 49b46f07-2746-4119-b484-e06b9af9c549:192.168.5.148:45764, 65bb560a-5aa2-49c4-ad35-2197abba1c3e:192.168.5.148:46812], old=null
2019-08-20 21:28:12,261 [49b46f07-2746-4119-b484-e06b9af9c549:group-8EC6E5F49E10:LeaderElection8] INFO  impl.RoleInfo (RoleInfo.java:shutdownLeaderElection(134)) - 49b46f07-2746-4119-b484-e06b9af9c549: shutdown LeaderElection
2019-08-20 21:28:12,261 [49b46f07-2746-4119-b484-e06b9af9c549:group-8EC6E5F49E10:LeaderElection8] INFO  impl.RaftServerImpl (RaftServerImpl.java:setRole(171)) - 49b46f07-2746-4119-b484-e06b9af9c549:group-8EC6E5F49E10 changes role from CANDIDATE to LEADER at term 1 for changeToLeader
2019-08-20 21:28:12,264 [49b46f07-2746-4119-b484-e06b9af9c549:group-8EC6E5F49E10:LeaderElection8] INFO  impl.RaftServerImpl (ServerState.java:setLeader(263)) - 49b46f07-2746-4119-b484-e06b9af9c549:group-8EC6E5F49E10 change Leader from null to 49b46f07-2746-4119-b484-e06b9af9c549 at term 1 for becomeLeader, leader elected after 5212ms
2019-08-20 21:28:12,264 [49b46f07-2746-4119-b484-e06b9af9c549:group-8EC6E5F49E10:LeaderElection8] INFO  server.RaftServerConfigKeys (ConfUtils.java:logGet(43)) - raft.server.staging.catchup.gap = 1000 (default)
2019-08-20 21:28:12,264 [49b46f07-2746-4119-b484-e06b9af9c549:group-8EC6E5F49E10:LeaderElection8] INFO  server.RaftServerConfigKeys (ConfUtils.java:logGet(43)) - raft.server.rpc.sleep.time = 25ms (default)
2019-08-20 21:28:12,264 [49b46f07-2746-4119-b484-e06b9af9c549:group-8EC6E5F49E10:LeaderElection8] INFO  server.RaftServerConfigKeys (ConfUtils.java:logGet(43)) - raft.server.write.element-limit = 4096 (default)
2019-08-20 21:28:12,265 [49b46f07-2746-4119-b484-e06b9af9c549:group-8EC6E5F49E10:LeaderElection8] INFO  server.RaftServerConfigKeys (ConfUtils.java:logGet(43)) - raft.server.watch.timeout = 10s (default)
2019-08-20 21:28:12,265 [49b46f07-2746-4119-b484-e06b9af9c549:group-8EC6E5F49E10:LeaderElection8] INFO  server.RaftServerConfigKeys (ConfUtils.java:logGet(43)) - raft.server.watch.timeout.denomination = 1s (default)
2019-08-20 21:28:12,265 [49b46f07-2746-4119-b484-e06b9af9c549:group-8EC6E5F49E10:LeaderElection8] INFO  server.RaftServerConfigKeys (ConfUtils.java:logGet(43)) - raft.server.watch.element-limit = 65536 (default)
2019-08-20 21:28:12,267 [49b46f07-2746-4119-b484-e06b9af9c549:group-8EC6E5F49E10:LeaderElection8] INFO  server.RaftServerConfigKeys (ConfUtils.java:logGet(43)) - raft.server.log.appender.snapshot.chunk.size.max = 16MB (=16777216) (default)
2019-08-20 21:28:12,267 [49b46f07-2746-4119-b484-e06b9af9c549:group-8EC6E5F49E10:LeaderElection8] INFO  server.RaftServerConfigKeys (ConfUtils.java:logGet(43)) - raft.server.log.appender.buffer.byte-limit = 33554432 (custom)
2019-08-20 21:28:12,268 [49b46f07-2746-4119-b484-e06b9af9c549:group-8EC6E5F49E10:LeaderElection8] INFO  server.RaftServerConfigKeys (ConfUtils.java:logGet(43)) - raft.server.log.appender.buffer.element-limit = 1 (custom)
2019-08-20 21:28:12,271 [49b46f07-2746-4119-b484-e06b9af9c549:group-8EC6E5F49E10:LeaderElection8] INFO  grpc.GrpcConfigKeys$Server (ConfUtils.java:logGet(43)) - raft.grpc.server.leader.outstanding.appends.max = 128 (default)
2019-08-20 21:28:12,272 [49b46f07-2746-4119-b484-e06b9af9c549:group-8EC6E5F49E10:LeaderElection8] INFO  server.RaftServerConfigKeys (ConfUtils.java:logGet(43)) - raft.server.rpc.request.timeout = 3000ms (default)
2019-08-20 21:28:12,272 [49b46f07-2746-4119-b484-e06b9af9c549:group-8EC6E5F49E10:LeaderElection8] INFO  server.RaftServerConfigKeys (ConfUtils.java:logGet(43)) - raft.server.log.appender.install.snapshot.enabled = false (custom)
2019-08-20 21:28:12,272 [49b46f07-2746-4119-b484-e06b9af9c549:group-8EC6E5F49E10:LeaderElection8] INFO  server.RaftServerConfigKeys (ConfUtils.java:logGet(43)) - raft.server.log.appender.snapshot.chunk.size.max = 16MB (=16777216) (default)
2019-08-20 21:28:12,273 [49b46f07-2746-4119-b484-e06b9af9c549:group-8EC6E5F49E10:LeaderElection8] INFO  server.RaftServerConfigKeys (ConfUtils.java:logGet(43)) - raft.server.log.appender.buffer.byte-limit = 33554432 (custom)
2019-08-20 21:28:12,273 [49b46f07-2746-4119-b484-e06b9af9c549:group-8EC6E5F49E10:LeaderElection8] INFO  server.RaftServerConfigKeys (ConfUtils.java:logGet(43)) - raft.server.log.appender.buffer.element-limit = 1 (custom)
2019-08-20 21:28:12,273 [49b46f07-2746-4119-b484-e06b9af9c549:group-8EC6E5F49E10:LeaderElection8] INFO  grpc.GrpcConfigKeys$Server (ConfUtils.java:logGet(43)) - raft.grpc.server.leader.outstanding.appends.max = 128 (default)
2019-08-20 21:28:12,273 [49b46f07-2746-4119-b484-e06b9af9c549:group-8EC6E5F49E10:LeaderElection8] INFO  server.RaftServerConfigKeys (ConfUtils.java:logGet(43)) - raft.server.rpc.request.timeout = 3000ms (default)
2019-08-20 21:28:12,273 [49b46f07-2746-4119-b484-e06b9af9c549:group-8EC6E5F49E10:LeaderElection8] INFO  server.RaftServerConfigKeys (ConfUtils.java:logGet(43)) - raft.server.log.appender.install.snapshot.enabled = false (custom)
2019-08-20 21:28:12,274 [04d2d3e3-36e9-4430-811e-8631463037af:group-91EB139A857D:LeaderElection9] INFO  impl.LeaderElection (LeaderElection.java:askForVotes(181)) - 04d2d3e3-36e9-4430-811e-8631463037af:group-91EB139A857D:LeaderElection9: begin an election at term 1 for -1: [04d2d3e3-36e9-4430-811e-8631463037af:192.168.5.148:41004, 2a98d864-8594-48bb-bc43-21f32096cec0:192.168.5.148:40614, 622f3963-6db5-4cef-b6c4-dc9e39bfc6cb:192.168.5.148:34702], old=null
2019-08-20 21:28:12,276 [49b46f07-2746-4119-b484-e06b9af9c549:group-8EC6E5F49E10:LeaderElection8] INFO  impl.RoleInfo (RoleInfo.java:updateAndGet(143)) - 49b46f07-2746-4119-b484-e06b9af9c549: start LeaderState
2019-08-20 21:28:12,276 [49b46f07-2746-4119-b484-e06b9af9c549:group-8EC6E5F49E10:LeaderElection8] INFO  segmented.SegmentedRaftLogWorker (SegmentedRaftLogWorker.java:startLogSegment(380)) - 49b46f07-2746-4119-b484-e06b9af9c549-SegmentedRaftLogWorker:Storage Directory /workdir/hadoop-ozone/integration-test/target/test-dir/MiniOzoneClusterImpl-bdedfcae-614b-4f2f-bc36-d58a77a44aef/datanode-4/data/ratis/8702b93e-f06b-4aba-a018-8ec6e5f49e10: Starting segment from index:0
2019-08-20 21:28:12,305 [49b46f07-2746-4119-b484-e06b9af9c549:group-8EC6E5F49E10:LeaderElection8] INFO  impl.RaftServerImpl (ServerState.java:setRaftConf(361)) - 49b46f07-2746-4119-b484-e06b9af9c549:group-8EC6E5F49E10 set configuration 0: [0cfefecf-8034-4f72-a3a3-e652ed807942:192.168.5.148:38531, 49b46f07-2746-4119-b484-e06b9af9c549:192.168.5.148:45764, 65bb560a-5aa2-49c4-ad35-2197abba1c3e:192.168.5.148:46812], old=null at 0
2019-08-20 21:28:12,308 | INFO  | SCMAudit | user=jenkins1000 | ip=192.168.5.148 | op=SEND_HEARTBEAT {datanodeUUID=65bb560a-5aa2-49c4-ad35-2197abba1c3e, command=[]} | ret=SUCCESS |  
2019-08-20 21:28:12,317 [grpc-default-executor-2] INFO  impl.RaftServerImpl (RaftServerImpl.java:setRole(171)) - 2a98d864-8594-48bb-bc43-21f32096cec0:group-91EB139A857D changes role from FOLLOWER to FOLLOWER at term 1 for recognizeCandidate:04d2d3e3-36e9-4430-811e-8631463037af
2019-08-20 21:28:12,330 [grpc-default-executor-2] INFO  impl.RoleInfo (RoleInfo.java:shutdownFollowerState(121)) - 2a98d864-8594-48bb-bc43-21f32096cec0: shutdown FollowerState
2019-08-20 21:28:12,318 [49b46f07-2746-4119-b484-e06b9af9c549-SegmentedRaftLogWorker:Storage Directory /workdir/hadoop-ozone/integration-test/target/test-dir/MiniOzoneClusterImpl-bdedfcae-614b-4f2f-bc36-d58a77a44aef/datanode-4/data/ratis/8702b93e-f06b-4aba-a018-8ec6e5f49e10] INFO  segmented.SegmentedRaftLogWorker (SegmentedRaftLogWorker.java:execute(569)) - 49b46f07-2746-4119-b484-e06b9af9c549-SegmentedRaftLogWorker:Storage Directory /workdir/hadoop-ozone/integration-test/target/test-dir/MiniOzoneClusterImpl-bdedfcae-614b-4f2f-bc36-d58a77a44aef/datanode-4/data/ratis/8702b93e-f06b-4aba-a018-8ec6e5f49e10: created new log segment /workdir/hadoop-ozone/integration-test/target/test-dir/MiniOzoneClusterImpl-bdedfcae-614b-4f2f-bc36-d58a77a44aef/datanode-4/data/ratis/8702b93e-f06b-4aba-a018-8ec6e5f49e10/current/log_inprogress_0
2019-08-20 21:28:12,333 [grpc-default-executor-1] INFO  impl.RaftServerImpl (RaftServerImpl.java:setRole(171)) - 622f3963-6db5-4cef-b6c4-dc9e39bfc6cb:group-91EB139A857D changes role from FOLLOWER to FOLLOWER at term 1 for recognizeCandidate:04d2d3e3-36e9-4430-811e-8631463037af
2019-08-20 21:28:12,330 [grpc-default-executor-2] INFO  impl.RoleInfo (RoleInfo.java:updateAndGet(143)) - 2a98d864-8594-48bb-bc43-21f32096cec0: start FollowerState
2019-08-20 21:28:12,333 [grpc-default-executor-1] INFO  impl.RoleInfo (RoleInfo.java:shutdownFollowerState(121)) - 622f3963-6db5-4cef-b6c4-dc9e39bfc6cb: shutdown FollowerState
2019-08-20 21:28:12,335 [grpc-default-executor-1] INFO  impl.RoleInfo (RoleInfo.java:updateAndGet(143)) - 622f3963-6db5-4cef-b6c4-dc9e39bfc6cb: start FollowerState
2019-08-20 21:28:12,336 [Thread-274] INFO  impl.FollowerState (FollowerState.java:run(114)) - 622f3963-6db5-4cef-b6c4-dc9e39bfc6cb: FollowerState was interrupted: java.lang.InterruptedException: sleep interrupted
2019-08-20 21:28:12,351 [grpc-default-executor-0] INFO  impl.RaftServerImpl (ServerState.java:setLeader(263)) - 65bb560a-5aa2-49c4-ad35-2197abba1c3e:group-8EC6E5F49E10 change Leader from null to 49b46f07-2746-4119-b484-e06b9af9c549 at term 1 for appendEntries, leader elected after 5301ms
2019-08-20 21:28:12,355 [grpc-default-executor-3] INFO  impl.RaftServerImpl (ServerState.java:setLeader(263)) - 0cfefecf-8034-4f72-a3a3-e652ed807942:group-8EC6E5F49E10 change Leader from null to 49b46f07-2746-4119-b484-e06b9af9c549 at term 1 for appendEntries, leader elected after 5305ms
2019-08-20 21:28:12,361 [04d2d3e3-36e9-4430-811e-8631463037af:group-91EB139A857D:LeaderElection9] INFO  impl.LeaderElection (LeaderElection.java:logAndReturn(56)) - 04d2d3e3-36e9-4430-811e-8631463037af:group-91EB139A857D:LeaderElection9: Election PASSED; received 1 response(s) [04d2d3e3-36e9-4430-811e-8631463037af<-622f3963-6db5-4cef-b6c4-dc9e39bfc6cb#0:OK-t1] and 0 exception(s); 04d2d3e3-36e9-4430-811e-8631463037af:t1, leader=null, voted=04d2d3e3-36e9-4430-811e-8631463037af, raftlog=04d2d3e3-36e9-4430-811e-8631463037af-SegmentedRaftLog:OPENED:c-1,f-1,i0, conf=-1: [04d2d3e3-36e9-4430-811e-8631463037af:192.168.5.148:41004, 2a98d864-8594-48bb-bc43-21f32096cec0:192.168.5.148:40614, 622f3963-6db5-4cef-b6c4-dc9e39bfc6cb:192.168.5.148:34702], old=null
2019-08-20 21:28:12,361 [04d2d3e3-36e9-4430-811e-8631463037af:group-91EB139A857D:LeaderElection9] INFO  impl.RoleInfo (RoleInfo.java:shutdownLeaderElection(134)) - 04d2d3e3-36e9-4430-811e-8631463037af: shutdown LeaderElection
2019-08-20 21:28:12,365 [04d2d3e3-36e9-4430-811e-8631463037af:group-91EB139A857D:LeaderElection9] INFO  impl.RaftServerImpl (RaftServerImpl.java:setRole(171)) - 04d2d3e3-36e9-4430-811e-8631463037af:group-91EB139A857D changes role from CANDIDATE to LEADER at term 1 for changeToLeader
2019-08-20 21:28:12,366 [04d2d3e3-36e9-4430-811e-8631463037af:group-91EB139A857D:LeaderElection9] INFO  impl.RaftServerImpl (ServerState.java:setLeader(263)) - 04d2d3e3-36e9-4430-811e-8631463037af:group-91EB139A857D change Leader from null to 04d2d3e3-36e9-4430-811e-8631463037af at term 1 for becomeLeader, leader elected after 5198ms
2019-08-20 21:28:12,366 [04d2d3e3-36e9-4430-811e-8631463037af:group-91EB139A857D:LeaderElection9] INFO  server.RaftServerConfigKeys (ConfUtils.java:logGet(43)) - raft.server.staging.catchup.gap = 1000 (default)
2019-08-20 21:28:12,369 [04d2d3e3-36e9-4430-811e-8631463037af:group-91EB139A857D:LeaderElection9] INFO  server.RaftServerConfigKeys (ConfUtils.java:logGet(43)) - raft.server.rpc.sleep.time = 25ms (default)
2019-08-20 21:28:12,370 [04d2d3e3-36e9-4430-811e-8631463037af:group-91EB139A857D:LeaderElection9] INFO  server.RaftServerConfigKeys (ConfUtils.java:logGet(43)) - raft.server.write.element-limit = 4096 (default)
2019-08-20 21:28:12,370 [04d2d3e3-36e9-4430-811e-8631463037af:group-91EB139A857D:LeaderElection9] INFO  server.RaftServerConfigKeys (ConfUtils.java:logGet(43)) - raft.server.watch.timeout = 10s (default)
2019-08-20 21:28:12,370 [04d2d3e3-36e9-4430-811e-8631463037af:group-91EB139A857D:LeaderElection9] INFO  server.RaftServerConfigKeys (ConfUtils.java:logGet(43)) - raft.server.watch.timeout.denomination = 1s (default)
2019-08-20 21:28:12,371 [04d2d3e3-36e9-4430-811e-8631463037af:group-91EB139A857D:LeaderElection9] INFO  server.RaftServerConfigKeys (ConfUtils.java:logGet(43)) - raft.server.watch.element-limit = 65536 (default)
2019-08-20 21:28:12,371 [04d2d3e3-36e9-4430-811e-8631463037af:group-91EB139A857D:LeaderElection9] INFO  server.RaftServerConfigKeys (ConfUtils.java:logGet(43)) - raft.server.log.appender.snapshot.chunk.size.max = 16MB (=16777216) (default)
2019-08-20 21:28:12,372 [04d2d3e3-36e9-4430-811e-8631463037af:group-91EB139A857D:LeaderElection9] INFO  server.RaftServerConfigKeys (ConfUtils.java:logGet(43)) - raft.server.log.appender.buffer.byte-limit = 33554432 (custom)
2019-08-20 21:28:12,372 [04d2d3e3-36e9-4430-811e-8631463037af:group-91EB139A857D:LeaderElection9] INFO  server.RaftServerConfigKeys (ConfUtils.java:logGet(43)) - raft.server.log.appender.buffer.element-limit = 1 (custom)
2019-08-20 21:28:12,372 [04d2d3e3-36e9-4430-811e-8631463037af:group-91EB139A857D:LeaderElection9] INFO  grpc.GrpcConfigKeys$Server (ConfUtils.java:logGet(43)) - raft.grpc.server.leader.outstanding.appends.max = 128 (default)
2019-08-20 21:28:12,373 [04d2d3e3-36e9-4430-811e-8631463037af:group-91EB139A857D:LeaderElection9] INFO  server.RaftServerConfigKeys (ConfUtils.java:logGet(43)) - raft.server.rpc.request.timeout = 3000ms (default)
2019-08-20 21:28:12,373 [04d2d3e3-36e9-4430-811e-8631463037af:group-91EB139A857D:LeaderElection9] INFO  server.RaftServerConfigKeys (ConfUtils.java:logGet(43)) - raft.server.log.appender.install.snapshot.enabled = false (custom)
2019-08-20 21:28:12,373 [04d2d3e3-36e9-4430-811e-8631463037af:group-91EB139A857D:LeaderElection9] INFO  server.RaftServerConfigKeys (ConfUtils.java:logGet(43)) - raft.server.log.appender.snapshot.chunk.size.max = 16MB (=16777216) (default)
2019-08-20 21:28:12,374 [04d2d3e3-36e9-4430-811e-8631463037af:group-91EB139A857D:LeaderElection9] INFO  server.RaftServerConfigKeys (ConfUtils.java:logGet(43)) - raft.server.log.appender.buffer.byte-limit = 33554432 (custom)
2019-08-20 21:28:12,374 [04d2d3e3-36e9-4430-811e-8631463037af:group-91EB139A857D:LeaderElection9] INFO  server.RaftServerConfigKeys (ConfUtils.java:logGet(43)) - raft.server.log.appender.buffer.element-limit = 1 (custom)
2019-08-20 21:28:12,374 [04d2d3e3-36e9-4430-811e-8631463037af:group-91EB139A857D:LeaderElection9] INFO  grpc.GrpcConfigKeys$Server (ConfUtils.java:logGet(43)) - raft.grpc.server.leader.outstanding.appends.max = 128 (default)
2019-08-20 21:28:12,375 [04d2d3e3-36e9-4430-811e-8631463037af:group-91EB139A857D:LeaderElection9] INFO  server.RaftServerConfigKeys (ConfUtils.java:logGet(43)) - raft.server.rpc.request.timeout = 3000ms (default)
2019-08-20 21:28:12,375 [04d2d3e3-36e9-4430-811e-8631463037af:group-91EB139A857D:LeaderElection9] INFO  server.RaftServerConfigKeys (ConfUtils.java:logGet(43)) - raft.server.log.appender.install.snapshot.enabled = false (custom)
2019-08-20 21:28:12,375 [04d2d3e3-36e9-4430-811e-8631463037af:group-91EB139A857D:LeaderElection9] INFO  impl.RoleInfo (RoleInfo.java:updateAndGet(143)) - 04d2d3e3-36e9-4430-811e-8631463037af: start LeaderState
2019-08-20 21:28:12,376 [04d2d3e3-36e9-4430-811e-8631463037af:group-91EB139A857D:LeaderElection9] INFO  segmented.SegmentedRaftLogWorker (SegmentedRaftLogWorker.java:startLogSegment(380)) - 04d2d3e3-36e9-4430-811e-8631463037af-SegmentedRaftLogWorker:Storage Directory /workdir/hadoop-ozone/integration-test/target/test-dir/MiniOzoneClusterImpl-bdedfcae-614b-4f2f-bc36-d58a77a44aef/datanode-5/data/ratis/471a497d-0aa0-4197-9977-91eb139a857d: Starting segment from index:0
2019-08-20 21:28:12,377 [04d2d3e3-36e9-4430-811e-8631463037af:group-91EB139A857D:LeaderElection9] INFO  impl.RaftServerImpl (ServerState.java:setRaftConf(361)) - 04d2d3e3-36e9-4430-811e-8631463037af:group-91EB139A857D set configuration 0: [04d2d3e3-36e9-4430-811e-8631463037af:192.168.5.148:41004, 2a98d864-8594-48bb-bc43-21f32096cec0:192.168.5.148:40614, 622f3963-6db5-4cef-b6c4-dc9e39bfc6cb:192.168.5.148:34702], old=null at 0
2019-08-20 21:28:12,407 [grpc-default-executor-2] INFO  impl.RaftServerImpl (ServerState.java:setLeader(263)) - 2a98d864-8594-48bb-bc43-21f32096cec0:group-91EB139A857D change Leader from null to 04d2d3e3-36e9-4430-811e-8631463037af at term 1 for appendEntries, leader elected after 5239ms
2019-08-20 21:28:12,409 [grpc-default-executor-1] INFO  impl.RaftServerImpl (ServerState.java:setLeader(263)) - 622f3963-6db5-4cef-b6c4-dc9e39bfc6cb:group-91EB139A857D change Leader from null to 04d2d3e3-36e9-4430-811e-8631463037af at term 1 for appendEntries, leader elected after 5241ms
2019-08-20 21:28:12,418 [grpc-default-executor-0] INFO  impl.RaftServerImpl (ServerState.java:setRaftConf(361)) - 0cfefecf-8034-4f72-a3a3-e652ed807942:group-8EC6E5F49E10 set configuration 0: [0cfefecf-8034-4f72-a3a3-e652ed807942:192.168.5.148:38531, 49b46f07-2746-4119-b484-e06b9af9c549:192.168.5.148:45764, 65bb560a-5aa2-49c4-ad35-2197abba1c3e:192.168.5.148:46812], old=null at 0
2019-08-20 21:28:12,419 [grpc-default-executor-3] INFO  impl.RaftServerImpl (ServerState.java:setRaftConf(361)) - 65bb560a-5aa2-49c4-ad35-2197abba1c3e:group-8EC6E5F49E10 set configuration 0: [0cfefecf-8034-4f72-a3a3-e652ed807942:192.168.5.148:38531, 49b46f07-2746-4119-b484-e06b9af9c549:192.168.5.148:45764, 65bb560a-5aa2-49c4-ad35-2197abba1c3e:192.168.5.148:46812], old=null at 0
2019-08-20 21:28:12,419 [grpc-default-executor-1] INFO  impl.RaftServerImpl (ServerState.java:setRaftConf(361)) - 622f3963-6db5-4cef-b6c4-dc9e39bfc6cb:group-91EB139A857D set configuration 0: [04d2d3e3-36e9-4430-811e-8631463037af:192.168.5.148:41004, 2a98d864-8594-48bb-bc43-21f32096cec0:192.168.5.148:40614, 622f3963-6db5-4cef-b6c4-dc9e39bfc6cb:192.168.5.148:34702], old=null at 0
2019-08-20 21:28:12,419 [grpc-default-executor-0] INFO  segmented.SegmentedRaftLogWorker (SegmentedRaftLogWorker.java:startLogSegment(380)) - 0cfefecf-8034-4f72-a3a3-e652ed807942-SegmentedRaftLogWorker:Storage Directory /workdir/hadoop-ozone/integration-test/target/test-dir/MiniOzoneClusterImpl-bdedfcae-614b-4f2f-bc36-d58a77a44aef/datanode-3/data/ratis/8702b93e-f06b-4aba-a018-8ec6e5f49e10: Starting segment from index:0
2019-08-20 21:28:12,418 [grpc-default-executor-2] INFO  impl.RaftServerImpl (ServerState.java:setRaftConf(361)) - 2a98d864-8594-48bb-bc43-21f32096cec0:group-91EB139A857D set configuration 0: [04d2d3e3-36e9-4430-811e-8631463037af:192.168.5.148:41004, 2a98d864-8594-48bb-bc43-21f32096cec0:192.168.5.148:40614, 622f3963-6db5-4cef-b6c4-dc9e39bfc6cb:192.168.5.148:34702], old=null at 0
2019-08-20 21:28:12,419 [grpc-default-executor-1] INFO  segmented.SegmentedRaftLogWorker (SegmentedRaftLogWorker.java:startLogSegment(380)) - 622f3963-6db5-4cef-b6c4-dc9e39bfc6cb-SegmentedRaftLogWorker:Storage Directory /workdir/hadoop-ozone/integration-test/target/test-dir/MiniOzoneClusterImpl-bdedfcae-614b-4f2f-bc36-d58a77a44aef/datanode-6/data/ratis/471a497d-0aa0-4197-9977-91eb139a857d: Starting segment from index:0
2019-08-20 21:28:12,419 [grpc-default-executor-3] INFO  segmented.SegmentedRaftLogWorker (SegmentedRaftLogWorker.java:startLogSegment(380)) - 65bb560a-5aa2-49c4-ad35-2197abba1c3e-SegmentedRaftLogWorker:Storage Directory /workdir/hadoop-ozone/integration-test/target/test-dir/MiniOzoneClusterImpl-bdedfcae-614b-4f2f-bc36-d58a77a44aef/datanode-0/data/ratis/8702b93e-f06b-4aba-a018-8ec6e5f49e10: Starting segment from index:0
2019-08-20 21:28:12,420 [grpc-default-executor-2] INFO  segmented.SegmentedRaftLogWorker (SegmentedRaftLogWorker.java:startLogSegment(380)) - 2a98d864-8594-48bb-bc43-21f32096cec0-SegmentedRaftLogWorker:Storage Directory /workdir/hadoop-ozone/integration-test/target/test-dir/MiniOzoneClusterImpl-bdedfcae-614b-4f2f-bc36-d58a77a44aef/datanode-1/data/ratis/471a497d-0aa0-4197-9977-91eb139a857d: Starting segment from index:0
2019-08-20 21:28:12,428 [04d2d3e3-36e9-4430-811e-8631463037af-SegmentedRaftLogWorker:Storage Directory /workdir/hadoop-ozone/integration-test/target/test-dir/MiniOzoneClusterImpl-bdedfcae-614b-4f2f-bc36-d58a77a44aef/datanode-5/data/ratis/471a497d-0aa0-4197-9977-91eb139a857d] INFO  segmented.SegmentedRaftLogWorker (SegmentedRaftLogWorker.java:execute(569)) - 04d2d3e3-36e9-4430-811e-8631463037af-SegmentedRaftLogWorker:Storage Directory /workdir/hadoop-ozone/integration-test/target/test-dir/MiniOzoneClusterImpl-bdedfcae-614b-4f2f-bc36-d58a77a44aef/datanode-5/data/ratis/471a497d-0aa0-4197-9977-91eb139a857d: created new log segment /workdir/hadoop-ozone/integration-test/target/test-dir/MiniOzoneClusterImpl-bdedfcae-614b-4f2f-bc36-d58a77a44aef/datanode-5/data/ratis/471a497d-0aa0-4197-9977-91eb139a857d/current/log_inprogress_0
2019-08-20 21:28:12,457 [65bb560a-5aa2-49c4-ad35-2197abba1c3e-SegmentedRaftLogWorker:Storage Directory /workdir/hadoop-ozone/integration-test/target/test-dir/MiniOzoneClusterImpl-bdedfcae-614b-4f2f-bc36-d58a77a44aef/datanode-0/data/ratis/8702b93e-f06b-4aba-a018-8ec6e5f49e10] INFO  segmented.SegmentedRaftLogWorker (SegmentedRaftLogWorker.java:execute(569)) - 65bb560a-5aa2-49c4-ad35-2197abba1c3e-SegmentedRaftLogWorker:Storage Directory /workdir/hadoop-ozone/integration-test/target/test-dir/MiniOzoneClusterImpl-bdedfcae-614b-4f2f-bc36-d58a77a44aef/datanode-0/data/ratis/8702b93e-f06b-4aba-a018-8ec6e5f49e10: created new log segment /workdir/hadoop-ozone/integration-test/target/test-dir/MiniOzoneClusterImpl-bdedfcae-614b-4f2f-bc36-d58a77a44aef/datanode-0/data/ratis/8702b93e-f06b-4aba-a018-8ec6e5f49e10/current/log_inprogress_0
2019-08-20 21:28:12,457 [622f3963-6db5-4cef-b6c4-dc9e39bfc6cb-SegmentedRaftLogWorker:Storage Directory /workdir/hadoop-ozone/integration-test/target/test-dir/MiniOzoneClusterImpl-bdedfcae-614b-4f2f-bc36-d58a77a44aef/datanode-6/data/ratis/471a497d-0aa0-4197-9977-91eb139a857d] INFO  segmented.SegmentedRaftLogWorker (SegmentedRaftLogWorker.java:execute(569)) - 622f3963-6db5-4cef-b6c4-dc9e39bfc6cb-SegmentedRaftLogWorker:Storage Directory /workdir/hadoop-ozone/integration-test/target/test-dir/MiniOzoneClusterImpl-bdedfcae-614b-4f2f-bc36-d58a77a44aef/datanode-6/data/ratis/471a497d-0aa0-4197-9977-91eb139a857d: created new log segment /workdir/hadoop-ozone/integration-test/target/test-dir/MiniOzoneClusterImpl-bdedfcae-614b-4f2f-bc36-d58a77a44aef/datanode-6/data/ratis/471a497d-0aa0-4197-9977-91eb139a857d/current/log_inprogress_0
2019-08-20 21:28:12,457 [0cfefecf-8034-4f72-a3a3-e652ed807942-SegmentedRaftLogWorker:Storage Directory /workdir/hadoop-ozone/integration-test/target/test-dir/MiniOzoneClusterImpl-bdedfcae-614b-4f2f-bc36-d58a77a44aef/datanode-3/data/ratis/8702b93e-f06b-4aba-a018-8ec6e5f49e10] INFO  segmented.SegmentedRaftLogWorker (SegmentedRaftLogWorker.java:execute(569)) - 0cfefecf-8034-4f72-a3a3-e652ed807942-SegmentedRaftLogWorker:Storage Directory /workdir/hadoop-ozone/integration-test/target/test-dir/MiniOzoneClusterImpl-bdedfcae-614b-4f2f-bc36-d58a77a44aef/datanode-3/data/ratis/8702b93e-f06b-4aba-a018-8ec6e5f49e10: created new log segment /workdir/hadoop-ozone/integration-test/target/test-dir/MiniOzoneClusterImpl-bdedfcae-614b-4f2f-bc36-d58a77a44aef/datanode-3/data/ratis/8702b93e-f06b-4aba-a018-8ec6e5f49e10/current/log_inprogress_0
2019-08-20 21:28:12,457 [2a98d864-8594-48bb-bc43-21f32096cec0-SegmentedRaftLogWorker:Storage Directory /workdir/hadoop-ozone/integration-test/target/test-dir/MiniOzoneClusterImpl-bdedfcae-614b-4f2f-bc36-d58a77a44aef/datanode-1/data/ratis/471a497d-0aa0-4197-9977-91eb139a857d] INFO  segmented.SegmentedRaftLogWorker (SegmentedRaftLogWorker.java:execute(569)) - 2a98d864-8594-48bb-bc43-21f32096cec0-SegmentedRaftLogWorker:Storage Directory /workdir/hadoop-ozone/integration-test/target/test-dir/MiniOzoneClusterImpl-bdedfcae-614b-4f2f-bc36-d58a77a44aef/datanode-1/data/ratis/471a497d-0aa0-4197-9977-91eb139a857d: created new log segment /workdir/hadoop-ozone/integration-test/target/test-dir/MiniOzoneClusterImpl-bdedfcae-614b-4f2f-bc36-d58a77a44aef/datanode-1/data/ratis/471a497d-0aa0-4197-9977-91eb139a857d/current/log_inprogress_0
2019-08-20 21:28:12,488 | INFO  | SCMAudit | user=jenkins1000 | ip=192.168.5.148 | op=SEND_HEARTBEAT {datanodeUUID=04d2d3e3-36e9-4430-811e-8631463037af, command=[]} | ret=SUCCESS |  
2019-08-20 21:28:12,521 | INFO  | SCMAudit | user=jenkins1000 | ip=192.168.5.148 | op=SEND_HEARTBEAT {datanodeUUID=2a98d864-8594-48bb-bc43-21f32096cec0, command=[]} | ret=SUCCESS |  
2019-08-20 21:28:12,700 | INFO  | SCMAudit | user=jenkins1000 | ip=192.168.5.148 | op=SEND_HEARTBEAT {datanodeUUID=622f3963-6db5-4cef-b6c4-dc9e39bfc6cb, command=[]} | ret=SUCCESS |  
2019-08-20 21:28:12,848 [grpc-default-executor-1] INFO  client.GrpcClientProtocolClient (GrpcClientProtocolClient.java:onNext(255)) - client-73E4BB722856->0cfefecf-8034-4f72-a3a3-e652ed807942: receive RaftClientReply:client-73E4BB722856->0cfefecf-8034-4f72-a3a3-e652ed807942@group-8EC6E5F49E10, cid=13, FAILED org.apache.ratis.protocol.NotLeaderException: Server 0cfefecf-8034-4f72-a3a3-e652ed807942 is not the leader (49b46f07-2746-4119-b484-e06b9af9c549:192.168.5.148:45764). Request must be sent to leader., logIndex=0, commits[0cfefecf-8034-4f72-a3a3-e652ed807942:c0, 49b46f07-2746-4119-b484-e06b9af9c549:c0, 65bb560a-5aa2-49c4-ad35-2197abba1c3e:c-1]
2019-08-20 21:28:13,001 | INFO  | SCMAudit | user=jenkins1000 | ip=192.168.5.148 | op=SEND_HEARTBEAT {datanodeUUID=0cfefecf-8034-4f72-a3a3-e652ed807942, command=[]} | ret=SUCCESS |  
2019-08-20 21:28:13,002 | INFO  | SCMAudit | user=jenkins1000 | ip=192.168.5.148 | op=SEND_HEARTBEAT {datanodeUUID=954b1581-72c2-4c4e-9852-adb95bd15e36, command=[]} | ret=SUCCESS |  
2019-08-20 21:28:13,037 | INFO  | SCMAudit | user=jenkins1000 | ip=192.168.5.148 | op=SEND_HEARTBEAT {datanodeUUID=49b46f07-2746-4119-b484-e06b9af9c549, command=[]} | ret=SUCCESS |  
2019-08-20 21:28:13,053 | INFO  | DNAudit | user=null | ip=null | op=WRITE_CHUNK {blockData=conID: 1 locID: 102651428045783041 bcsId: 0} | ret=SUCCESS |  
2019-08-20 21:28:13,102 | INFO  | DNAudit | user=null | ip=null | op=WRITE_CHUNK {blockData=conID: 1 locID: 102651428045783041 bcsId: 0} | ret=SUCCESS |  
2019-08-20 21:28:13,102 | INFO  | DNAudit | user=null | ip=null | op=WRITE_CHUNK {blockData=conID: 1 locID: 102651428045783041 bcsId: 0} | ret=SUCCESS |  
2019-08-20 21:28:13,102 | INFO  | SCMAudit | user=jenkins1000 | ip=192.168.5.148 | op=SEND_HEARTBEAT {datanodeUUID=0cfefecf-8034-4f72-a3a3-e652ed807942, command=[]} | ret=SUCCESS |  
2019-08-20 21:28:13,102 | INFO  | SCMAudit | user=jenkins1000 | ip=192.168.5.148 | op=SEND_HEARTBEAT {datanodeUUID=65bb560a-5aa2-49c4-ad35-2197abba1c3e, command=[]} | ret=SUCCESS |  
2019-08-20 21:28:13,119 | INFO  | DNAudit | user=null | ip=null | op=WRITE_CHUNK {blockData=conID: 1 locID: 102651428045783041 bcsId: 0} | ret=SUCCESS |  
2019-08-20 21:28:13,137 | INFO  | DNAudit | user=null | ip=null | op=WRITE_CHUNK {blockData=conID: 1 locID: 102651428045783041 bcsId: 0} | ret=SUCCESS |  
2019-08-20 21:28:13,137 | INFO  | DNAudit | user=null | ip=null | op=WRITE_CHUNK {blockData=conID: 1 locID: 102651428045783041 bcsId: 0} | ret=SUCCESS |  
2019-08-20 21:28:13,138 [grpc-default-executor-1] INFO  client.GrpcClientProtocolClient (GrpcClientProtocolClient.java:onNext(255)) - client-73E4BB722856->49b46f07-2746-4119-b484-e06b9af9c549: receive RaftClientReply:client-73E4BB722856->49b46f07-2746-4119-b484-e06b9af9c549@group-8EC6E5F49E10, cid=13, SUCCESS, logIndex=1, commits[49b46f07-2746-4119-b484-e06b9af9c549:c1, 0cfefecf-8034-4f72-a3a3-e652ed807942:c0, 65bb560a-5aa2-49c4-ad35-2197abba1c3e:c0]
2019-08-20 21:28:13,150 | INFO  | DNAudit | user=null | ip=null | op=WRITE_CHUNK {blockData=conID: 1 locID: 102651428045783041 bcsId: 0} | ret=SUCCESS |  
2019-08-20 21:28:13,152 | INFO  | DNAudit | user=null | ip=null | op=WRITE_CHUNK {blockData=conID: 1 locID: 102651428045783041 bcsId: 0} | ret=SUCCESS |  
2019-08-20 21:28:13,152 | INFO  | DNAudit | user=null | ip=null | op=WRITE_CHUNK {blockData=conID: 1 locID: 102651428045783041 bcsId: 0} | ret=SUCCESS |  
2019-08-20 21:28:13,157 | INFO  | DNAudit | user=null | ip=null | op=WRITE_CHUNK {blockData=conID: 1 locID: 102651428045783041 bcsId: 0} | ret=SUCCESS |  
2019-08-20 21:28:13,158 | INFO  | DNAudit | user=null | ip=null | op=WRITE_CHUNK {blockData=conID: 1 locID: 102651428045783041 bcsId: 0} | ret=SUCCESS |  
2019-08-20 21:28:13,159 | INFO  | DNAudit | user=null | ip=null | op=WRITE_CHUNK {blockData=conID: 1 locID: 102651428045783041 bcsId: 0} | ret=SUCCESS |  
2019-08-20 21:28:13,159 | INFO  | DNAudit | user=null | ip=null | op=WRITE_CHUNK {blockData=conID: 1 locID: 102651428045783041 bcsId: 0} | ret=SUCCESS |  
2019-08-20 21:28:13,161 | INFO  | DNAudit | user=null | ip=null | op=WRITE_CHUNK {blockData=conID: 1 locID: 102651428045783041 bcsId: 0} | ret=SUCCESS |  
2019-08-20 21:28:13,161 | INFO  | DNAudit | user=null | ip=null | op=WRITE_CHUNK {blockData=conID: 1 locID: 102651428045783041 bcsId: 0} | ret=SUCCESS |  
2019-08-20 21:28:13,169 | INFO  | DNAudit | user=null | ip=null | op=WRITE_CHUNK {blockData=conID: 1 locID: 102651428045783041 bcsId: 0} | ret=SUCCESS |  
2019-08-20 21:28:13,173 [grpc-default-executor-2] INFO  client.GrpcClientProtocolClient (GrpcClientProtocolClient.java:onNext(255)) - client-73E4BB722856->49b46f07-2746-4119-b484-e06b9af9c549: receive RaftClientReply:client-73E4BB722856->49b46f07-2746-4119-b484-e06b9af9c549@group-8EC6E5F49E10, cid=14, SUCCESS, logIndex=3, commits[49b46f07-2746-4119-b484-e06b9af9c549:c3, 0cfefecf-8034-4f72-a3a3-e652ed807942:c2, 65bb560a-5aa2-49c4-ad35-2197abba1c3e:c2]
2019-08-20 21:28:13,190 | INFO  | DNAudit | user=null | ip=null | op=WRITE_CHUNK {blockData=conID: 1 locID: 102651428045783041 bcsId: 0} | ret=SUCCESS |  
2019-08-20 21:28:13,190 | INFO  | DNAudit | user=null | ip=null | op=WRITE_CHUNK {blockData=conID: 1 locID: 102651428045783041 bcsId: 0} | ret=SUCCESS |  
2019-08-20 21:28:13,241 | INFO  | DNAudit | user=null | ip=null | op=PUT_BLOCK {blockData=[blockId=conID: 1 locID: 102651428045783041 bcsId: 0,size=200]} | ret=SUCCESS |  
2019-08-20 21:28:13,244 | INFO  | DNAudit | user=null | ip=null | op=WRITE_CHUNK {blockData=conID: 1 locID: 102651428045783041 bcsId: 0} | ret=SUCCESS |  
2019-08-20 21:28:13,245 | INFO  | DNAudit | user=null | ip=null | op=WRITE_CHUNK {blockData=conID: 1 locID: 102651428045783041 bcsId: 0} | ret=SUCCESS |  
2019-08-20 21:28:13,247 [grpc-default-executor-2] INFO  client.GrpcClientProtocolClient (GrpcClientProtocolClient.java:onNext(255)) - client-73E4BB722856->49b46f07-2746-4119-b484-e06b9af9c549: receive RaftClientReply:client-73E4BB722856->49b46f07-2746-4119-b484-e06b9af9c549@group-8EC6E5F49E10, cid=15, SUCCESS, logIndex=4, commits[49b46f07-2746-4119-b484-e06b9af9c549:c12, 0cfefecf-8034-4f72-a3a3-e652ed807942:c7, 65bb560a-5aa2-49c4-ad35-2197abba1c3e:c7]
2019-08-20 21:28:13,252 [grpc-default-executor-2] INFO  client.GrpcClientProtocolClient (GrpcClientProtocolClient.java:onNext(255)) - client-73E4BB722856->49b46f07-2746-4119-b484-e06b9af9c549: receive RaftClientReply:client-73E4BB722856->49b46f07-2746-4119-b484-e06b9af9c549@group-8EC6E5F49E10, cid=16, SUCCESS, logIndex=5, commits[49b46f07-2746-4119-b484-e06b9af9c549:c12, 0cfefecf-8034-4f72-a3a3-e652ed807942:c7, 65bb560a-5aa2-49c4-ad35-2197abba1c3e:c7]
2019-08-20 21:28:13,253 [grpc-default-executor-2] INFO  client.GrpcClientProtocolClient (GrpcClientProtocolClient.java:onNext(255)) - client-73E4BB722856->49b46f07-2746-4119-b484-e06b9af9c549: receive RaftClientReply:client-73E4BB722856->49b46f07-2746-4119-b484-e06b9af9c549@group-8EC6E5F49E10, cid=17, SUCCESS, logIndex=6, commits[49b46f07-2746-4119-b484-e06b9af9c549:c12, 0cfefecf-8034-4f72-a3a3-e652ed807942:c7, 65bb560a-5aa2-49c4-ad35-2197abba1c3e:c7]
2019-08-20 21:28:13,299 | INFO  | DNAudit | user=null | ip=null | op=PUT_BLOCK {blockData=[blockId=conID: 1 locID: 102651428045783041 bcsId: 0,size=200]} | ret=SUCCESS |  
2019-08-20 21:28:13,300 | INFO  | DNAudit | user=null | ip=null | op=WRITE_CHUNK {blockData=conID: 1 locID: 102651428045783041 bcsId: 0} | ret=SUCCESS |  
2019-08-20 21:28:13,300 | INFO  | DNAudit | user=null | ip=null | op=WRITE_CHUNK {blockData=conID: 1 locID: 102651428045783041 bcsId: 0} | ret=SUCCESS |  
2019-08-20 21:28:13,348 | INFO  | DNAudit | user=null | ip=null | op=PUT_BLOCK {blockData=[blockId=conID: 1 locID: 102651428045783041 bcsId: 0,size=400]} | ret=SUCCESS |  
2019-08-20 21:28:13,349 | INFO  | DNAudit | user=null | ip=null | op=PUT_BLOCK {blockData=[blockId=conID: 1 locID: 102651428045783041 bcsId: 0,size=200]} | ret=SUCCESS |  
2019-08-20 21:28:13,349 | INFO  | DNAudit | user=null | ip=null | op=PUT_BLOCK {blockData=[blockId=conID: 1 locID: 102651428045783041 bcsId: 0,size=400]} | ret=SUCCESS |  
2019-08-20 21:28:13,349 | INFO  | DNAudit | user=null | ip=null | op=WRITE_CHUNK {blockData=conID: 1 locID: 102651428045783041 bcsId: 0} | ret=SUCCESS |  
2019-08-20 21:28:13,350 | INFO  | DNAudit | user=null | ip=null | op=WRITE_CHUNK {blockData=conID: 1 locID: 102651428045783041 bcsId: 0} | ret=SUCCESS |  
2019-08-20 21:28:13,351 | INFO  | DNAudit | user=null | ip=null | op=PUT_BLOCK {blockData=[blockId=conID: 1 locID: 102651428045783041 bcsId: 0,size=400]} | ret=SUCCESS |  
2019-08-20 21:28:13,351 [grpc-default-executor-2] INFO  client.GrpcClientProtocolClient (GrpcClientProtocolClient.java:onNext(255)) - client-73E4BB722856->49b46f07-2746-4119-b484-e06b9af9c549: receive RaftClientReply:client-73E4BB722856->49b46f07-2746-4119-b484-e06b9af9c549@group-8EC6E5F49E10, cid=18, SUCCESS, logIndex=7, commits[49b46f07-2746-4119-b484-e06b9af9c549:c12, 0cfefecf-8034-4f72-a3a3-e652ed807942:c7, 65bb560a-5aa2-49c4-ad35-2197abba1c3e:c7]
2019-08-20 21:28:13,361 | INFO  | DNAudit | user=null | ip=null | op=WRITE_CHUNK {blockData=conID: 1 locID: 102651428045783041 bcsId: 7} | ret=SUCCESS |  
2019-08-20 21:28:13,365 | INFO  | DNAudit | user=null | ip=null | op=WRITE_CHUNK {blockData=conID: 1 locID: 102651428045783041 bcsId: 7} | ret=SUCCESS |  
2019-08-20 21:28:13,366 | INFO  | DNAudit | user=null | ip=null | op=WRITE_CHUNK {blockData=conID: 1 locID: 102651428045783041 bcsId: 7} | ret=SUCCESS |  
2019-08-20 21:28:13,377 | INFO  | DNAudit | user=null | ip=null | op=WRITE_CHUNK {blockData=conID: 1 locID: 102651428045783041 bcsId: 7} | ret=SUCCESS |  
2019-08-20 21:28:13,379 [grpc-default-executor-2] INFO  client.GrpcClientProtocolClient (GrpcClientProtocolClient.java:onNext(255)) - client-73E4BB722856->49b46f07-2746-4119-b484-e06b9af9c549: receive RaftClientReply:client-73E4BB722856->49b46f07-2746-4119-b484-e06b9af9c549@group-8EC6E5F49E10, cid=19, SUCCESS, logIndex=13, commits[49b46f07-2746-4119-b484-e06b9af9c549:c13, 0cfefecf-8034-4f72-a3a3-e652ed807942:c12, 65bb560a-5aa2-49c4-ad35-2197abba1c3e:c12]
2019-08-20 21:28:13,394 | INFO  | DNAudit | user=null | ip=null | op=PUT_BLOCK {blockData=[blockId=conID: 1 locID: 102651428045783041 bcsId: 0,size=450]} | ret=SUCCESS |  
2019-08-20 21:28:13,395 | INFO  | DNAudit | user=null | ip=null | op=WRITE_CHUNK {blockData=conID: 1 locID: 102651428045783041 bcsId: 7} | ret=SUCCESS |  
2019-08-20 21:28:13,395 | INFO  | DNAudit | user=null | ip=null | op=WRITE_CHUNK {blockData=conID: 1 locID: 102651428045783041 bcsId: 7} | ret=SUCCESS |  
2019-08-20 21:28:13,396 [grpc-default-executor-2] INFO  client.GrpcClientProtocolClient (GrpcClientProtocolClient.java:onNext(255)) - client-73E4BB722856->49b46f07-2746-4119-b484-e06b9af9c549: receive RaftClientReply:client-73E4BB722856->49b46f07-2746-4119-b484-e06b9af9c549@group-8EC6E5F49E10, cid=20, SUCCESS, logIndex=14, commits[49b46f07-2746-4119-b484-e06b9af9c549:c14, 0cfefecf-8034-4f72-a3a3-e652ed807942:c12, 65bb560a-5aa2-49c4-ad35-2197abba1c3e:c12]
2019-08-20 21:28:13,488 | INFO  | SCMAudit | user=jenkins1000 | ip=192.168.5.148 | op=SEND_HEARTBEAT {datanodeUUID=04d2d3e3-36e9-4430-811e-8631463037af, command=[]} | ret=SUCCESS |  
2019-08-20 21:28:13,520 | INFO  | SCMAudit | user=jenkins1000 | ip=192.168.5.148 | op=SEND_HEARTBEAT {datanodeUUID=2a98d864-8594-48bb-bc43-21f32096cec0, command=[]} | ret=SUCCESS |  
2019-08-20 21:28:13,700 | INFO  | SCMAudit | user=jenkins1000 | ip=192.168.5.148 | op=SEND_HEARTBEAT {datanodeUUID=622f3963-6db5-4cef-b6c4-dc9e39bfc6cb, command=[]} | ret=SUCCESS |  
2019-08-20 21:28:14,003 | INFO  | SCMAudit | user=jenkins1000 | ip=192.168.5.148 | op=SEND_HEARTBEAT {datanodeUUID=954b1581-72c2-4c4e-9852-adb95bd15e36, command=[]} | ret=SUCCESS |  
2019-08-20 21:28:14,020 | INFO  | SCMAudit | user=jenkins1000 | ip=192.168.5.148 | op=SEND_HEARTBEAT {datanodeUUID=49b46f07-2746-4119-b484-e06b9af9c549, command=[]} | ret=SUCCESS |  
2019-08-20 21:28:14,100 | INFO  | SCMAudit | user=jenkins1000 | ip=192.168.5.148 | op=SEND_HEARTBEAT {datanodeUUID=0cfefecf-8034-4f72-a3a3-e652ed807942, command=[]} | ret=SUCCESS |  
2019-08-20 21:28:14,100 | INFO  | SCMAudit | user=jenkins1000 | ip=192.168.5.148 | op=SEND_HEARTBEAT {datanodeUUID=65bb560a-5aa2-49c4-ad35-2197abba1c3e, command=[]} | ret=SUCCESS |  
2019-08-20 21:28:14,409 [main] WARN  scm.XceiverClientRatis (XceiverClientRatis.java:watchForCommit(262)) - 3 way commit failed on pipeline Pipeline[ Id: 8702b93e-f06b-4aba-a018-8ec6e5f49e10, Nodes: 65bb560a-5aa2-49c4-ad35-2197abba1c3e{ip: 192.168.5.148, host: pr-hdds-1973-5qsvz-4139986036, networkLocation: /default-rack, certSerialId: null}49b46f07-2746-4119-b484-e06b9af9c549{ip: 192.168.5.148, host: pr-hdds-1973-5qsvz-4139986036, networkLocation: /default-rack, certSerialId: null}0cfefecf-8034-4f72-a3a3-e652ed807942{ip: 192.168.5.148, host: pr-hdds-1973-5qsvz-4139986036, networkLocation: /default-rack, certSerialId: null}, Type:RATIS, Factor:THREE, State:OPEN]
java.util.concurrent.TimeoutException
	at java.util.concurrent.CompletableFuture.timedGet(CompletableFuture.java:1771)
	at java.util.concurrent.CompletableFuture.get(CompletableFuture.java:1915)
	at org.apache.hadoop.hdds.scm.XceiverClientRatis.watchForCommit(XceiverClientRatis.java:259)
	at org.apache.hadoop.hdds.scm.storage.CommitWatcher.watchForCommit(CommitWatcher.java:194)
	at org.apache.hadoop.hdds.scm.storage.CommitWatcher.watchOnLastIndex(CommitWatcher.java:157)
	at org.apache.hadoop.hdds.scm.storage.BlockOutputStream.watchForCommit(BlockOutputStream.java:347)
	at org.apache.hadoop.hdds.scm.storage.BlockOutputStream.handleFlush(BlockOutputStream.java:479)
	at org.apache.hadoop.hdds.scm.storage.BlockOutputStream.flush(BlockOutputStream.java:428)
	at org.apache.hadoop.ozone.client.io.BlockOutputStreamEntry.flush(BlockOutputStreamEntry.java:136)
	at org.apache.hadoop.ozone.client.io.KeyOutputStream.handleFlushOrClose(KeyOutputStream.java:442)
	at org.apache.hadoop.ozone.client.io.KeyOutputStream.flush(KeyOutputStream.java:396)
	at org.apache.hadoop.ozone.client.io.OzoneOutputStream.flush(OzoneOutputStream.java:54)
	at org.apache.hadoop.ozone.client.rpc.TestBlockOutputStreamWithFailures.test2DatanodesFailure(TestBlockOutputStreamWithFailures.java:461)
	at sun.reflect.NativeMethodAccessorImpl.invoke0(Native Method)
	at sun.reflect.NativeMethodAccessorImpl.invoke(NativeMethodAccessorImpl.java:62)
	at sun.reflect.DelegatingMethodAccessorImpl.invoke(DelegatingMethodAccessorImpl.java:43)
	at java.lang.reflect.Method.invoke(Method.java:498)
	at org.junit.runners.model.FrameworkMethod$1.runReflectiveCall(FrameworkMethod.java:47)
	at org.junit.internal.runners.model.ReflectiveCallable.run(ReflectiveCallable.java:12)
	at org.junit.runners.model.FrameworkMethod.invokeExplosively(FrameworkMethod.java:44)
	at org.junit.internal.runners.statements.InvokeMethod.evaluate(InvokeMethod.java:17)
	at org.junit.internal.runners.statements.RunBefores.evaluate(RunBefores.java:26)
	at org.junit.internal.runners.statements.RunAfters.evaluate(RunAfters.java:27)
	at org.junit.runners.ParentRunner.runLeaf(ParentRunner.java:271)
	at org.junit.runners.BlockJUnit4ClassRunner.runChild(BlockJUnit4ClassRunner.java:70)
	at org.junit.runners.BlockJUnit4ClassRunner.runChild(BlockJUnit4ClassRunner.java:50)
	at org.junit.runners.ParentRunner$3.run(ParentRunner.java:238)
	at org.junit.runners.ParentRunner$1.schedule(ParentRunner.java:63)
	at org.junit.runners.ParentRunner.runChildren(ParentRunner.java:236)
	at org.junit.runners.ParentRunner.access$000(ParentRunner.java:53)
	at org.junit.runners.ParentRunner$2.evaluate(ParentRunner.java:229)
	at org.junit.runners.ParentRunner.run(ParentRunner.java:309)
	at org.apache.maven.surefire.junit4.JUnit4Provider.execute(JUnit4Provider.java:365)
	at org.apache.maven.surefire.junit4.JUnit4Provider.executeWithRerun(JUnit4Provider.java:273)
	at org.apache.maven.surefire.junit4.JUnit4Provider.executeTestSet(JUnit4Provider.java:238)
	at org.apache.maven.surefire.junit4.JUnit4Provider.invoke(JUnit4Provider.java:159)
	at org.apache.maven.surefire.booter.ForkedBooter.invokeProviderInSameClassLoader(ForkedBooter.java:384)
	at org.apache.maven.surefire.booter.ForkedBooter.runSuitesInProcess(ForkedBooter.java:345)
	at org.apache.maven.surefire.booter.ForkedBooter.execute(ForkedBooter.java:126)
	at org.apache.maven.surefire.booter.ForkedBooter.main(ForkedBooter.java:418)
2019-08-20 21:28:14,489 | INFO  | SCMAudit | user=jenkins1000 | ip=192.168.5.148 | op=SEND_HEARTBEAT {datanodeUUID=04d2d3e3-36e9-4430-811e-8631463037af, command=[]} | ret=SUCCESS |  
2019-08-20 21:28:14,520 | INFO  | SCMAudit | user=jenkins1000 | ip=192.168.5.148 | op=SEND_HEARTBEAT {datanodeUUID=2a98d864-8594-48bb-bc43-21f32096cec0, command=[]} | ret=SUCCESS |  
2019-08-20 21:28:14,700 | INFO  | SCMAudit | user=jenkins1000 | ip=192.168.5.148 | op=SEND_HEARTBEAT {datanodeUUID=622f3963-6db5-4cef-b6c4-dc9e39bfc6cb, command=[]} | ret=SUCCESS |  
2019-08-20 21:28:15,002 | INFO  | SCMAudit | user=jenkins1000 | ip=192.168.5.148 | op=SEND_HEARTBEAT {datanodeUUID=954b1581-72c2-4c4e-9852-adb95bd15e36, command=[]} | ret=SUCCESS |  
2019-08-20 21:28:15,020 | INFO  | SCMAudit | user=jenkins1000 | ip=192.168.5.148 | op=SEND_HEARTBEAT {datanodeUUID=49b46f07-2746-4119-b484-e06b9af9c549, command=[]} | ret=SUCCESS |  
2019-08-20 21:28:15,103 | INFO  | SCMAudit | user=jenkins1000 | ip=192.168.5.148 | op=SEND_HEARTBEAT {datanodeUUID=65bb560a-5aa2-49c4-ad35-2197abba1c3e, command=[]} | ret=SUCCESS |  
2019-08-20 21:28:15,103 | INFO  | SCMAudit | user=jenkins1000 | ip=192.168.5.148 | op=SEND_HEARTBEAT {datanodeUUID=0cfefecf-8034-4f72-a3a3-e652ed807942, command=[]} | ret=SUCCESS |  
2019-08-20 21:28:15,412 [main] WARN  storage.CommitWatcher (CommitWatcher.java:watchForCommit(203)) - watchForCommit failed for index 14
java.util.concurrent.TimeoutException
	at java.util.concurrent.CompletableFuture.timedGet(CompletableFuture.java:1771)
	at java.util.concurrent.CompletableFuture.get(CompletableFuture.java:1915)
	at org.apache.hadoop.hdds.scm.XceiverClientRatis.watchForCommit(XceiverClientRatis.java:268)
	at org.apache.hadoop.hdds.scm.storage.CommitWatcher.watchForCommit(CommitWatcher.java:194)
	at org.apache.hadoop.hdds.scm.storage.CommitWatcher.watchOnLastIndex(CommitWatcher.java:157)
	at org.apache.hadoop.hdds.scm.storage.BlockOutputStream.watchForCommit(BlockOutputStream.java:347)
	at org.apache.hadoop.hdds.scm.storage.BlockOutputStream.handleFlush(BlockOutputStream.java:479)
	at org.apache.hadoop.hdds.scm.storage.BlockOutputStream.flush(BlockOutputStream.java:428)
	at org.apache.hadoop.ozone.client.io.BlockOutputStreamEntry.flush(BlockOutputStreamEntry.java:136)
	at org.apache.hadoop.ozone.client.io.KeyOutputStream.handleFlushOrClose(KeyOutputStream.java:442)
	at org.apache.hadoop.ozone.client.io.KeyOutputStream.flush(KeyOutputStream.java:396)
	at org.apache.hadoop.ozone.client.io.OzoneOutputStream.flush(OzoneOutputStream.java:54)
	at org.apache.hadoop.ozone.client.rpc.TestBlockOutputStreamWithFailures.test2DatanodesFailure(TestBlockOutputStreamWithFailures.java:461)
	at sun.reflect.NativeMethodAccessorImpl.invoke0(Native Method)
	at sun.reflect.NativeMethodAccessorImpl.invoke(NativeMethodAccessorImpl.java:62)
	at sun.reflect.DelegatingMethodAccessorImpl.invoke(DelegatingMethodAccessorImpl.java:43)
	at java.lang.reflect.Method.invoke(Method.java:498)
	at org.junit.runners.model.FrameworkMethod$1.runReflectiveCall(FrameworkMethod.java:47)
	at org.junit.internal.runners.model.ReflectiveCallable.run(ReflectiveCallable.java:12)
	at org.junit.runners.model.FrameworkMethod.invokeExplosively(FrameworkMethod.java:44)
	at org.junit.internal.runners.statements.InvokeMethod.evaluate(InvokeMethod.java:17)
	at org.junit.internal.runners.statements.RunBefores.evaluate(RunBefores.java:26)
	at org.junit.internal.runners.statements.RunAfters.evaluate(RunAfters.java:27)
	at org.junit.runners.ParentRunner.runLeaf(ParentRunner.java:271)
	at org.junit.runners.BlockJUnit4ClassRunner.runChild(BlockJUnit4ClassRunner.java:70)
	at org.junit.runners.BlockJUnit4ClassRunner.runChild(BlockJUnit4ClassRunner.java:50)
	at org.junit.runners.ParentRunner$3.run(ParentRunner.java:238)
	at org.junit.runners.ParentRunner$1.schedule(ParentRunner.java:63)
	at org.junit.runners.ParentRunner.runChildren(ParentRunner.java:236)
	at org.junit.runners.ParentRunner.access$000(ParentRunner.java:53)
	at org.junit.runners.ParentRunner$2.evaluate(ParentRunner.java:229)
	at org.junit.runners.ParentRunner.run(ParentRunner.java:309)
	at org.apache.maven.surefire.junit4.JUnit4Provider.execute(JUnit4Provider.java:365)
	at org.apache.maven.surefire.junit4.JUnit4Provider.executeWithRerun(JUnit4Provider.java:273)
	at org.apache.maven.surefire.junit4.JUnit4Provider.executeTestSet(JUnit4Provider.java:238)
	at org.apache.maven.surefire.junit4.JUnit4Provider.invoke(JUnit4Provider.java:159)
	at org.apache.maven.surefire.booter.ForkedBooter.invokeProviderInSameClassLoader(ForkedBooter.java:384)
	at org.apache.maven.surefire.booter.ForkedBooter.runSuitesInProcess(ForkedBooter.java:345)
	at org.apache.maven.surefire.booter.ForkedBooter.execute(ForkedBooter.java:126)
	at org.apache.maven.surefire.booter.ForkedBooter.main(ForkedBooter.java:418)
2019-08-20 21:28:15,414 [main] WARN  io.KeyOutputStream (KeyOutputStream.java:handleException(276)) - Encountered exception java.io.IOException: Unexpected Storage Container Exception: java.io.IOException: Unexpected Storage Container Exception: java.util.concurrent.TimeoutException on the pipeline Pipeline[ Id: 8702b93e-f06b-4aba-a018-8ec6e5f49e10, Nodes: 65bb560a-5aa2-49c4-ad35-2197abba1c3e{ip: 192.168.5.148, host: pr-hdds-1973-5qsvz-4139986036, networkLocation: /default-rack, certSerialId: null}49b46f07-2746-4119-b484-e06b9af9c549{ip: 192.168.5.148, host: pr-hdds-1973-5qsvz-4139986036, networkLocation: /default-rack, certSerialId: null}0cfefecf-8034-4f72-a3a3-e652ed807942{ip: 192.168.5.148, host: pr-hdds-1973-5qsvz-4139986036, networkLocation: /default-rack, certSerialId: null}, Type:RATIS, Factor:THREE, State:OPEN]. The last committed block length is 400, uncommitted data length is 50 retry count 0
2019-08-20 21:28:15,431 | INFO  | SCMAudit | user=jenkins1000 | ip=192.168.5.148 | op=ALLOCATE_BLOCK {owner=a8723b3c-b8bf-4dfe-b61b-a12dfa81b095, size=800, type=RATIS, factor=THREE} | ret=SUCCESS |  
2019-08-20 21:28:15,433 | INFO  | OMAudit | user=jenkins1000 | ip=127.0.0.1 | op=ALLOCATE_BLOCK {volume=testblockoutputstream, bucket=testblockoutputstream, key=82fd9d79-4181-4986-91f9-5ef805a81975, dataSize=0, replicationType=null, replicationFactor=null, keyLocationInfo=null, clientID=102651428043620352} | ret=SUCCESS |  
2019-08-20 21:28:15,449 [grpc-default-executor-2] INFO  client.GrpcClientProtocolClient (GrpcClientProtocolClient.java:onNext(255)) - client-202179C805D6->2a98d864-8594-48bb-bc43-21f32096cec0: receive RaftClientReply:client-202179C805D6->2a98d864-8594-48bb-bc43-21f32096cec0@group-91EB139A857D, cid=23, FAILED org.apache.ratis.protocol.NotLeaderException: Server 2a98d864-8594-48bb-bc43-21f32096cec0 is not the leader (04d2d3e3-36e9-4430-811e-8631463037af:192.168.5.148:41004). Request must be sent to leader., logIndex=0, commits[2a98d864-8594-48bb-bc43-21f32096cec0:c0, 04d2d3e3-36e9-4430-811e-8631463037af:c0, 622f3963-6db5-4cef-b6c4-dc9e39bfc6cb:c-1]
2019-08-20 21:28:15,489 | INFO  | SCMAudit | user=jenkins1000 | ip=192.168.5.148 | op=SEND_HEARTBEAT {datanodeUUID=04d2d3e3-36e9-4430-811e-8631463037af, command=[]} | ret=SUCCESS |  
2019-08-20 21:28:15,521 | INFO  | SCMAudit | user=jenkins1000 | ip=192.168.5.148 | op=SEND_HEARTBEAT {datanodeUUID=2a98d864-8594-48bb-bc43-21f32096cec0, command=[]} | ret=SUCCESS |  
2019-08-20 21:28:15,608 | INFO  | DNAudit | user=null | ip=null | op=WRITE_CHUNK {blockData=conID: 2 locID: 102651428564566018 bcsId: 0} | ret=SUCCESS |  
2019-08-20 21:28:15,608 | INFO  | DNAudit | user=null | ip=null | op=WRITE_CHUNK {blockData=conID: 2 locID: 102651428564566018 bcsId: 0} | ret=SUCCESS |  
2019-08-20 21:28:15,609 | INFO  | DNAudit | user=null | ip=null | op=WRITE_CHUNK {blockData=conID: 2 locID: 102651428564566018 bcsId: 0} | ret=SUCCESS |  
2019-08-20 21:28:15,610 | INFO  | SCMAudit | user=jenkins1000 | ip=192.168.5.148 | op=SEND_HEARTBEAT {datanodeUUID=2a98d864-8594-48bb-bc43-21f32096cec0, command=[]} | ret=SUCCESS |  
2019-08-20 21:28:15,610 | INFO  | SCMAudit | user=jenkins1000 | ip=192.168.5.148 | op=SEND_HEARTBEAT {datanodeUUID=04d2d3e3-36e9-4430-811e-8631463037af, command=[]} | ret=SUCCESS |  
2019-08-20 21:28:15,610 | INFO  | SCMAudit | user=jenkins1000 | ip=192.168.5.148 | op=SEND_HEARTBEAT {datanodeUUID=622f3963-6db5-4cef-b6c4-dc9e39bfc6cb, command=[]} | ret=SUCCESS |  
2019-08-20 21:28:15,624 | INFO  | DNAudit | user=null | ip=null | op=WRITE_CHUNK {blockData=conID: 2 locID: 102651428564566018 bcsId: 0} | ret=SUCCESS |  
2019-08-20 21:28:15,635 [grpc-default-executor-2] INFO  client.GrpcClientProtocolClient (GrpcClientProtocolClient.java:onNext(255)) - client-202179C805D6->04d2d3e3-36e9-4430-811e-8631463037af: receive RaftClientReply:client-202179C805D6->04d2d3e3-36e9-4430-811e-8631463037af@group-91EB139A857D, cid=23, SUCCESS, logIndex=1, commits[04d2d3e3-36e9-4430-811e-8631463037af:c1, 2a98d864-8594-48bb-bc43-21f32096cec0:c0, 622f3963-6db5-4cef-b6c4-dc9e39bfc6cb:c0]
2019-08-20 21:28:15,643 | INFO  | DNAudit | user=null | ip=null | op=WRITE_CHUNK {blockData=conID: 2 locID: 102651428564566018 bcsId: 0} | ret=SUCCESS |  
2019-08-20 21:28:15,643 | INFO  | DNAudit | user=null | ip=null | op=WRITE_CHUNK {blockData=conID: 2 locID: 102651428564566018 bcsId: 0} | ret=SUCCESS |  
2019-08-20 21:28:15,717 | INFO  | DNAudit | user=null | ip=null | op=PUT_BLOCK {blockData=[blockId=conID: 2 locID: 102651428564566018 bcsId: 0,size=50]} | ret=SUCCESS |  
2019-08-20 21:28:15,733 [grpc-default-executor-1] INFO  client.GrpcClientProtocolClient (GrpcClientProtocolClient.java:onNext(255)) - client-202179C805D6->04d2d3e3-36e9-4430-811e-8631463037af: receive RaftClientReply:client-202179C805D6->04d2d3e3-36e9-4430-811e-8631463037af@group-91EB139A857D, cid=24, SUCCESS, logIndex=3, commits[04d2d3e3-36e9-4430-811e-8631463037af:c4, 2a98d864-8594-48bb-bc43-21f32096cec0:c3, 622f3963-6db5-4cef-b6c4-dc9e39bfc6cb:c3]
2019-08-20 21:28:15,739 [main] INFO  ozone.MiniOzoneClusterImpl (MiniOzoneClusterImpl.java:shutdown(321)) - Shutting down the Mini Ozone Cluster
2019-08-20 21:28:15,739 | INFO  | SCMAudit | user=null | ip=null | op=GET_SCM_INFO null | ret=SUCCESS |  
2019-08-20 21:28:15,740 [main] INFO  ozone.MiniOzoneClusterImpl (MiniOzoneClusterImpl.java:stop(336)) - Stopping the Mini Ozone Cluster
2019-08-20 21:28:15,740 [main] INFO  ozone.MiniOzoneClusterImpl (MiniOzoneClusterImpl.java:stop(338)) - Stopping the OzoneManager
2019-08-20 21:28:15,740 [main] INFO  ipc.Server (Server.java:stop(3082)) - Stopping server on 35400
2019-08-20 21:28:15,756 [IPC Server listener on 35400] INFO  ipc.Server (Server.java:run(1185)) - Stopping IPC Server listener on 35400
2019-08-20 21:28:15,756 [main] INFO  ratis.OzoneManagerDoubleBuffer (OzoneManagerDoubleBuffer.java:stop(248)) - Stopping OMDoubleBuffer flush thread
2019-08-20 21:28:15,758 [IPC Server Responder] INFO  ipc.Server (Server.java:run(1319)) - Stopping IPC Server Responder
2019-08-20 21:28:15,758 | INFO  | DNAudit | user=null | ip=null | op=PUT_BLOCK {blockData=[blockId=conID: 2 locID: 102651428564566018 bcsId: 0,size=50]} | ret=SUCCESS |  
2019-08-20 21:28:15,759 [OMDoubleBufferFlushThread] INFO  ratis.OzoneManagerDoubleBuffer (OzoneManagerDoubleBuffer.java:flushTransactions(191)) - OMDoubleBuffer flush thread OMDoubleBufferFlushThread is interrupted and will exit. OMDoubleBufferFlushThread
2019-08-20 21:28:15,761 [main] INFO  utils.BackgroundService (BackgroundService.java:shutdown(148)) - Shutting down service KeyDeletingService
2019-08-20 21:28:15,765 [main] INFO  handler.ContextHandler (ContextHandler.java:doStop(910)) - Stopped o.e.j.w.WebAppContext@432034a{/,null,UNAVAILABLE}{/ozoneManager}
2019-08-20 21:28:15,771 [main] INFO  server.AbstractConnector (AbstractConnector.java:doStop(318)) - Stopped ServerConnector@78de58ea{HTTP/1.1,[http/1.1]}{0.0.0.0:0}
2019-08-20 21:28:15,771 [main] INFO  handler.ContextHandler (ContextHandler.java:doStop(910)) - Stopped o.e.j.s.ServletContextHandler@7fab4be7{/static,file:///workdir/hadoop-ozone/integration-test/target/test-classes/webapps/static,UNAVAILABLE}
2019-08-20 21:28:15,772 [main] INFO  handler.ContextHandler (ContextHandler.java:doStop(910)) - Stopped o.e.j.s.ServletContextHandler@15fa55a6{/logs,file:///workdir/hadoop-ozone/integration-test/target/log,UNAVAILABLE}
2019-08-20 21:28:15,776 [main] INFO  ozone.MiniOzoneClusterImpl (MiniOzoneClusterImpl.java:stop(344)) - Shutting the HddsDatanodes
2019-08-20 21:28:15,776 [main] INFO  datanode.ObjectStoreHandler (ObjectStoreHandler.java:close(155)) - Closing ObjectStoreHandler.
2019-08-20 21:28:15,776 [ForkJoinPool.commonPool-worker-1] INFO  datanode.ObjectStoreHandler (ObjectStoreHandler.java:close(155)) - Closing ObjectStoreHandler.
2019-08-20 21:28:15,786 [main] INFO  ozone.HddsDatanodeService (HddsDatanodeService.java:stop(451)) - Stopped plug-in org.apache.hadoop.ozone.web.OzoneHddsDatanodeService@46612bfc
2019-08-20 21:28:15,786 [ForkJoinPool.commonPool-worker-1] INFO  ozone.HddsDatanodeService (HddsDatanodeService.java:stop(451)) - Stopped plug-in org.apache.hadoop.ozone.web.OzoneHddsDatanodeService@44bc2449
2019-08-20 21:28:15,819 | INFO  | DNAudit | user=null | ip=null | op=PUT_BLOCK {blockData=[blockId=conID: 2 locID: 102651428564566018 bcsId: 0,size=50]} | ret=SUCCESS |  
2019-08-20 21:28:15,906 | INFO  | DNAudit | user=null | ip=null | op=PUT_BLOCK {blockData=[blockId=conID: 1 locID: 102651428045783041 bcsId: 0,size=450]} | ret=SUCCESS |  
2019-08-20 21:28:15,910 | INFO  | DNAudit | user=null | ip=null | op=PUT_BLOCK {blockData=[blockId=conID: 1 locID: 102651428045783041 bcsId: 0,size=450]} | ret=SUCCESS |  
2019-08-20 21:28:15,912 [grpc-default-executor-1] INFO  client.GrpcClientProtocolClient (GrpcClientProtocolClient.java:onNext(255)) - client-73E4BB722856->49b46f07-2746-4119-b484-e06b9af9c549: receive RaftClientReply:client-73E4BB722856->49b46f07-2746-4119-b484-e06b9af9c549@group-8EC6E5F49E10, cid=21, SUCCESS, logIndex=0, commits[49b46f07-2746-4119-b484-e06b9af9c549:c16, 0cfefecf-8034-4f72-a3a3-e652ed807942:c16, 65bb560a-5aa2-49c4-ad35-2197abba1c3e:c16]
2019-08-20 21:28:15,912 [grpc-default-executor-1] INFO  client.GrpcClientProtocolClient (GrpcClientProtocolClient.java:onNext(255)) - client-73E4BB722856->49b46f07-2746-4119-b484-e06b9af9c549: receive RaftClientReply:client-73E4BB722856->49b46f07-2746-4119-b484-e06b9af9c549@group-8EC6E5F49E10, cid=22, SUCCESS, logIndex=0, commits[49b46f07-2746-4119-b484-e06b9af9c549:c16, 0cfefecf-8034-4f72-a3a3-e652ed807942:c16, 65bb560a-5aa2-49c4-ad35-2197abba1c3e:c16]
2019-08-20 21:28:16,003 | INFO  | SCMAudit | user=jenkins1000 | ip=192.168.5.148 | op=SEND_HEARTBEAT {datanodeUUID=954b1581-72c2-4c4e-9852-adb95bd15e36, command=[]} | ret=SUCCESS |  
2019-08-20 21:28:16,019 [Datanode State Machine Thread - 0] INFO  statemachine.DatanodeStateMachine (DatanodeStateMachine.java:lambda$startDaemon$0(350)) - Ozone container server started.
2019-08-20 21:28:16,101 | INFO  | SCMAudit | user=jenkins1000 | ip=192.168.5.148 | op=SEND_HEARTBEAT {datanodeUUID=65bb560a-5aa2-49c4-ad35-2197abba1c3e, command=[]} | ret=SUCCESS |  
2019-08-20 21:28:16,101 | INFO  | SCMAudit | user=jenkins1000 | ip=192.168.5.148 | op=SEND_HEARTBEAT {datanodeUUID=0cfefecf-8034-4f72-a3a3-e652ed807942, command=[]} | ret=SUCCESS |  
2019-08-20 21:28:16,605 [Datanode State Machine Thread - 0] INFO  statemachine.DatanodeStateMachine (DatanodeStateMachine.java:lambda$startDaemon$0(350)) - Ozone container server started.
2019-08-20 21:28:16,609 | INFO  | SCMAudit | user=jenkins1000 | ip=192.168.5.148 | op=SEND_HEARTBEAT {datanodeUUID=622f3963-6db5-4cef-b6c4-dc9e39bfc6cb, command=[]} | ret=SUCCESS |  
2019-08-20 21:28:16,609 | INFO  | SCMAudit | user=jenkins1000 | ip=192.168.5.148 | op=SEND_HEARTBEAT {datanodeUUID=04d2d3e3-36e9-4430-811e-8631463037af, command=[]} | ret=SUCCESS |  
2019-08-20 21:28:17,003 | INFO  | SCMAudit | user=jenkins1000 | ip=192.168.5.148 | op=SEND_HEARTBEAT {datanodeUUID=954b1581-72c2-4c4e-9852-adb95bd15e36, command=[]} | ret=SUCCESS |  
2019-08-20 21:28:17,101 | INFO  | SCMAudit | user=jenkins1000 | ip=192.168.5.148 | op=SEND_HEARTBEAT {datanodeUUID=0cfefecf-8034-4f72-a3a3-e652ed807942, command=[]} | ret=SUCCESS |  
2019-08-20 21:28:17,101 | INFO  | SCMAudit | user=jenkins1000 | ip=192.168.5.148 | op=SEND_HEARTBEAT {datanodeUUID=65bb560a-5aa2-49c4-ad35-2197abba1c3e, command=[]} | ret=SUCCESS |  
2019-08-20 21:28:17,606 | INFO  | SCMAudit | user=jenkins1000 | ip=192.168.5.148 | op=SEND_HEARTBEAT {datanodeUUID=622f3963-6db5-4cef-b6c4-dc9e39bfc6cb, command=[]} | ret=SUCCESS |  
2019-08-20 21:28:17,606 | INFO  | SCMAudit | user=jenkins1000 | ip=192.168.5.148 | op=SEND_HEARTBEAT {datanodeUUID=04d2d3e3-36e9-4430-811e-8631463037af, command=[]} | ret=SUCCESS |  
2019-08-20 21:28:18,002 | INFO  | SCMAudit | user=jenkins1000 | ip=192.168.5.148 | op=SEND_HEARTBEAT {datanodeUUID=954b1581-72c2-4c4e-9852-adb95bd15e36, command=[]} | ret=SUCCESS |  
2019-08-20 21:28:18,101 | INFO  | SCMAudit | user=jenkins1000 | ip=192.168.5.148 | op=SEND_HEARTBEAT {datanodeUUID=65bb560a-5aa2-49c4-ad35-2197abba1c3e, command=[]} | ret=SUCCESS |  
2019-08-20 21:28:18,101 | INFO  | SCMAudit | user=jenkins1000 | ip=192.168.5.148 | op=SEND_HEARTBEAT {datanodeUUID=0cfefecf-8034-4f72-a3a3-e652ed807942, command=[]} | ret=SUCCESS |  
2019-08-20 21:28:18,607 | INFO  | SCMAudit | user=jenkins1000 | ip=192.168.5.148 | op=SEND_HEARTBEAT {datanodeUUID=04d2d3e3-36e9-4430-811e-8631463037af, command=[]} | ret=SUCCESS |  
2019-08-20 21:28:18,607 | INFO  | SCMAudit | user=jenkins1000 | ip=192.168.5.148 | op=SEND_HEARTBEAT {datanodeUUID=622f3963-6db5-4cef-b6c4-dc9e39bfc6cb, command=[]} | ret=SUCCESS |  
2019-08-20 21:28:19,003 | INFO  | SCMAudit | user=jenkins1000 | ip=192.168.5.148 | op=SEND_HEARTBEAT {datanodeUUID=954b1581-72c2-4c4e-9852-adb95bd15e36, command=[]} | ret=SUCCESS |  
2019-08-20 21:28:19,101 | INFO  | SCMAudit | user=jenkins1000 | ip=192.168.5.148 | op=SEND_HEARTBEAT {datanodeUUID=65bb560a-5aa2-49c4-ad35-2197abba1c3e, command=[]} | ret=SUCCESS |  
2019-08-20 21:28:19,101 | INFO  | SCMAudit | user=jenkins1000 | ip=192.168.5.148 | op=SEND_HEARTBEAT {datanodeUUID=0cfefecf-8034-4f72-a3a3-e652ed807942, command=[]} | ret=SUCCESS |  
2019-08-20 21:28:19,608 | INFO  | SCMAudit | user=jenkins1000 | ip=192.168.5.148 | op=SEND_HEARTBEAT {datanodeUUID=622f3963-6db5-4cef-b6c4-dc9e39bfc6cb, command=[]} | ret=SUCCESS |  
2019-08-20 21:28:19,608 | INFO  | SCMAudit | user=jenkins1000 | ip=192.168.5.148 | op=SEND_HEARTBEAT {datanodeUUID=04d2d3e3-36e9-4430-811e-8631463037af, command=[]} | ret=SUCCESS |  
2019-08-20 21:28:20,003 | INFO  | SCMAudit | user=jenkins1000 | ip=192.168.5.148 | op=SEND_HEARTBEAT {datanodeUUID=954b1581-72c2-4c4e-9852-adb95bd15e36, command=[]} | ret=SUCCESS |  
2019-08-20 21:28:20,085 [EventQueue-StaleNodeForStaleNodeHandler] INFO  node.StaleNodeHandler (StaleNodeHandler.java:onMessage(58)) - Datanode 49b46f07-2746-4119-b484-e06b9af9c549{ip: 192.168.5.148, host: pr-hdds-1973-5qsvz-4139986036, networkLocation: /default-rack, certSerialId: null} moved to stale state. Finalizing its pipelines [PipelineID=8702b93e-f06b-4aba-a018-8ec6e5f49e10, PipelineID=7158e11e-df14-4f47-b36e-5345a87ec8ab]
2019-08-20 21:28:20,085 [EventQueue-StaleNodeForStaleNodeHandler] INFO  pipeline.SCMPipelineManager (SCMPipelineManager.java:finalizeAndDestroyPipeline(309)) - destroying pipeline:Pipeline[ Id: 8702b93e-f06b-4aba-a018-8ec6e5f49e10, Nodes: 65bb560a-5aa2-49c4-ad35-2197abba1c3e{ip: 192.168.5.148, host: pr-hdds-1973-5qsvz-4139986036, networkLocation: /default-rack, certSerialId: null}49b46f07-2746-4119-b484-e06b9af9c549{ip: 192.168.5.148, host: pr-hdds-1973-5qsvz-4139986036, networkLocation: /default-rack, certSerialId: null}0cfefecf-8034-4f72-a3a3-e652ed807942{ip: 192.168.5.148, host: pr-hdds-1973-5qsvz-4139986036, networkLocation: /default-rack, certSerialId: null}, Type:RATIS, Factor:THREE, State:OPEN]
2019-08-20 21:28:20,087 [EventQueue-StaleNodeForStaleNodeHandler] INFO  pipeline.PipelineStateManager (PipelineStateManager.java:finalizePipeline(123)) - Pipeline Pipeline[ Id: 8702b93e-f06b-4aba-a018-8ec6e5f49e10, Nodes: 65bb560a-5aa2-49c4-ad35-2197abba1c3e{ip: 192.168.5.148, host: pr-hdds-1973-5qsvz-4139986036, networkLocation: /default-rack, certSerialId: null}49b46f07-2746-4119-b484-e06b9af9c549{ip: 192.168.5.148, host: pr-hdds-1973-5qsvz-4139986036, networkLocation: /default-rack, certSerialId: null}0cfefecf-8034-4f72-a3a3-e652ed807942{ip: 192.168.5.148, host: pr-hdds-1973-5qsvz-4139986036, networkLocation: /default-rack, certSerialId: null}, Type:RATIS, Factor:THREE, State:CLOSED] moved to CLOSED state
2019-08-20 21:28:20,088 [EventQueue-CloseContainerForCloseContainerEventHandler] INFO  container.CloseContainerEventHandler (CloseContainerEventHandler.java:onMessage(61)) - Close container Event triggered for container : #1
2019-08-20 21:28:20,093 [EventQueue-StaleNodeForStaleNodeHandler] INFO  pipeline.SCMPipelineManager (SCMPipelineManager.java:finalizeAndDestroyPipeline(309)) - destroying pipeline:Pipeline[ Id: 7158e11e-df14-4f47-b36e-5345a87ec8ab, Nodes: 49b46f07-2746-4119-b484-e06b9af9c549{ip: 192.168.5.148, host: pr-hdds-1973-5qsvz-4139986036, networkLocation: /default-rack, certSerialId: null}, Type:RATIS, Factor:ONE, State:OPEN]
2019-08-20 21:28:20,096 [EventQueue-StaleNodeForStaleNodeHandler] INFO  pipeline.PipelineStateManager (PipelineStateManager.java:finalizePipeline(123)) - Pipeline Pipeline[ Id: 7158e11e-df14-4f47-b36e-5345a87ec8ab, Nodes: 49b46f07-2746-4119-b484-e06b9af9c549{ip: 192.168.5.148, host: pr-hdds-1973-5qsvz-4139986036, networkLocation: /default-rack, certSerialId: null}, Type:RATIS, Factor:ONE, State:CLOSED] moved to CLOSED state
2019-08-20 21:28:20,140 | INFO  | SCMAudit | user=jenkins1000 | ip=192.168.5.148 | op=SEND_HEARTBEAT {datanodeUUID=65bb560a-5aa2-49c4-ad35-2197abba1c3e, command=[commandType: closeContainerCommand closeContainerCommandProto { containerID: 1 pipelineID { id: "8702b93e-f06b-4aba-a018-8ec6e5f49e10" } cmdId: 1 force: false } ]} | ret=SUCCESS |  
2019-08-20 21:28:20,140 | INFO  | SCMAudit | user=jenkins1000 | ip=192.168.5.148 | op=SEND_HEARTBEAT {datanodeUUID=0cfefecf-8034-4f72-a3a3-e652ed807942, command=[commandType: closeContainerCommand closeContainerCommandProto { containerID: 1 pipelineID { id: "8702b93e-f06b-4aba-a018-8ec6e5f49e10" } cmdId: 1 force: false } ]} | ret=SUCCESS |  
2019-08-20 21:28:20,607 | INFO  | SCMAudit | user=jenkins1000 | ip=192.168.5.148 | op=SEND_HEARTBEAT {datanodeUUID=04d2d3e3-36e9-4430-811e-8631463037af, command=[]} | ret=SUCCESS |  
2019-08-20 21:28:20,607 | INFO  | SCMAudit | user=jenkins1000 | ip=192.168.5.148 | op=SEND_HEARTBEAT {datanodeUUID=622f3963-6db5-4cef-b6c4-dc9e39bfc6cb, command=[]} | ret=SUCCESS |  
2019-08-20 21:28:20,689 [EventQueue-StaleNodeForStaleNodeHandler] INFO  node.StaleNodeHandler (StaleNodeHandler.java:onMessage(58)) - Datanode 2a98d864-8594-48bb-bc43-21f32096cec0{ip: 192.168.5.148, host: pr-hdds-1973-5qsvz-4139986036, networkLocation: /default-rack, certSerialId: null} moved to stale state. Finalizing its pipelines [PipelineID=6cd7d571-622b-4059-861b-69eca240d605, PipelineID=471a497d-0aa0-4197-9977-91eb139a857d]
2019-08-20 21:28:20,689 [EventQueue-StaleNodeForStaleNodeHandler] INFO  pipeline.SCMPipelineManager (SCMPipelineManager.java:finalizeAndDestroyPipeline(309)) - destroying pipeline:Pipeline[ Id: 6cd7d571-622b-4059-861b-69eca240d605, Nodes: 2a98d864-8594-48bb-bc43-21f32096cec0{ip: 192.168.5.148, host: pr-hdds-1973-5qsvz-4139986036, networkLocation: /default-rack, certSerialId: null}, Type:RATIS, Factor:ONE, State:OPEN]
2019-08-20 21:28:20,689 [EventQueue-StaleNodeForStaleNodeHandler] INFO  pipeline.PipelineStateManager (PipelineStateManager.java:finalizePipeline(123)) - Pipeline Pipeline[ Id: 6cd7d571-622b-4059-861b-69eca240d605, Nodes: 2a98d864-8594-48bb-bc43-21f32096cec0{ip: 192.168.5.148, host: pr-hdds-1973-5qsvz-4139986036, networkLocation: /default-rack, certSerialId: null}, Type:RATIS, Factor:ONE, State:CLOSED] moved to CLOSED state
2019-08-20 21:28:20,690 [EventQueue-StaleNodeForStaleNodeHandler] INFO  pipeline.SCMPipelineManager (SCMPipelineManager.java:finalizeAndDestroyPipeline(309)) - destroying pipeline:Pipeline[ Id: 471a497d-0aa0-4197-9977-91eb139a857d, Nodes: 2a98d864-8594-48bb-bc43-21f32096cec0{ip: 192.168.5.148, host: pr-hdds-1973-5qsvz-4139986036, networkLocation: /default-rack, certSerialId: null}04d2d3e3-36e9-4430-811e-8631463037af{ip: 192.168.5.148, host: pr-hdds-1973-5qsvz-4139986036, networkLocation: /default-rack, certSerialId: null}622f3963-6db5-4cef-b6c4-dc9e39bfc6cb{ip: 192.168.5.148, host: pr-hdds-1973-5qsvz-4139986036, networkLocation: /default-rack, certSerialId: null}, Type:RATIS, Factor:THREE, State:OPEN]
2019-08-20 21:28:20,690 [EventQueue-StaleNodeForStaleNodeHandler] INFO  pipeline.PipelineStateManager (PipelineStateManager.java:finalizePipeline(123)) - Pipeline Pipeline[ Id: 471a497d-0aa0-4197-9977-91eb139a857d, Nodes: 2a98d864-8594-48bb-bc43-21f32096cec0{ip: 192.168.5.148, host: pr-hdds-1973-5qsvz-4139986036, networkLocation: /default-rack, certSerialId: null}04d2d3e3-36e9-4430-811e-8631463037af{ip: 192.168.5.148, host: pr-hdds-1973-5qsvz-4139986036, networkLocation: /default-rack, certSerialId: null}622f3963-6db5-4cef-b6c4-dc9e39bfc6cb{ip: 192.168.5.148, host: pr-hdds-1973-5qsvz-4139986036, networkLocation: /default-rack, certSerialId: null}, Type:RATIS, Factor:THREE, State:CLOSED] moved to CLOSED state
2019-08-20 21:28:20,690 [EventQueue-CloseContainerForCloseContainerEventHandler] INFO  container.CloseContainerEventHandler (CloseContainerEventHandler.java:onMessage(61)) - Close container Event triggered for container : #2
2019-08-20 21:28:20,791 [main] INFO  ozoneimpl.OzoneContainer (OzoneContainer.java:stop(199)) - Attempting to stop container services.
2019-08-20 21:28:20,791 [ForkJoinPool.commonPool-worker-1] INFO  ozoneimpl.OzoneContainer (OzoneContainer.java:stop(199)) - Attempting to stop container services.
2019-08-20 21:28:20,802 [main] INFO  impl.RaftServerProxy (RaftServerProxy.java:lambda$close$4(314)) - 49b46f07-2746-4119-b484-e06b9af9c549: close
2019-08-20 21:28:20,802 [ForkJoinPool.commonPool-worker-1] INFO  impl.RaftServerProxy (RaftServerProxy.java:lambda$close$4(314)) - 2a98d864-8594-48bb-bc43-21f32096cec0: close
2019-08-20 21:28:20,803 [ForkJoinPool.commonPool-worker-1] INFO  impl.RaftServerImpl (RaftServerImpl.java:lambda$shutdown$3(245)) - 2a98d864-8594-48bb-bc43-21f32096cec0: shutdown group-69ECA240D605
2019-08-20 21:28:20,803 [main] INFO  impl.RaftServerImpl (RaftServerImpl.java:lambda$shutdown$3(245)) - 49b46f07-2746-4119-b484-e06b9af9c549: shutdown group-8EC6E5F49E10
2019-08-20 21:28:20,804 [ForkJoinPool.commonPool-worker-1] INFO  util.JmxRegister (JmxRegister.java:unregister(73)) - Successfully un-registered JMX Bean with object name Ratis:service=RaftServer,group=group-69ECA240D605,id=2a98d864-8594-48bb-bc43-21f32096cec0
2019-08-20 21:28:20,804 [main] INFO  util.JmxRegister (JmxRegister.java:unregister(73)) - Successfully un-registered JMX Bean with object name Ratis:service=RaftServer,group=group-8EC6E5F49E10,id=49b46f07-2746-4119-b484-e06b9af9c549
2019-08-20 21:28:20,804 [ForkJoinPool.commonPool-worker-1] INFO  impl.RoleInfo (RoleInfo.java:shutdownLeaderState(104)) - 2a98d864-8594-48bb-bc43-21f32096cec0: shutdown LeaderState
2019-08-20 21:28:20,804 [main] INFO  impl.RoleInfo (RoleInfo.java:shutdownLeaderState(104)) - 49b46f07-2746-4119-b484-e06b9af9c549: shutdown LeaderState
2019-08-20 21:28:20,805 [ForkJoinPool.commonPool-worker-1] INFO  impl.PendingRequests (PendingRequests.java:sendNotLeaderResponses(202)) - 2a98d864-8594-48bb-bc43-21f32096cec0-PendingRequests: sendNotLeaderResponses
2019-08-20 21:28:20,809 [main] INFO  impl.PendingRequests (PendingRequests.java:sendNotLeaderResponses(202)) - 49b46f07-2746-4119-b484-e06b9af9c549-PendingRequests: sendNotLeaderResponses
2019-08-20 21:28:20,811 [org.apache.ratis.server.impl.LogAppender$AppenderDaemon$$Lambda$482/1945357377@7f86553f] WARN  server.GrpcLogAppender (GrpcLogAppender.java:mayWait(143)) - GrpcLogAppender(49b46f07-2746-4119-b484-e06b9af9c549->65bb560a-5aa2-49c4-ad35-2197abba1c3e): Wait interrupted by java.lang.InterruptedException
2019-08-20 21:28:20,811 [org.apache.ratis.server.impl.LogAppender$AppenderDaemon$$Lambda$482/1945357377@3cdfaa48] WARN  server.GrpcLogAppender (GrpcLogAppender.java:mayWait(143)) - GrpcLogAppender(49b46f07-2746-4119-b484-e06b9af9c549->0cfefecf-8034-4f72-a3a3-e652ed807942): Wait interrupted by java.lang.InterruptedException
2019-08-20 21:28:20,822 [ForkJoinPool.commonPool-worker-1] INFO  impl.StateMachineUpdater (StateMachineUpdater.java:stopAndJoin(115)) - StateMachineUpdater:2a98d864-8594-48bb-bc43-21f32096cec0:group-69ECA240D605: set stopIndex = 0
2019-08-20 21:28:20,822 [grpc-default-executor-3] INFO  server.GrpcServerProtocolService (GrpcServerProtocolService.java:onCompleted(104)) - 0cfefecf-8034-4f72-a3a3-e652ed807942: appendEntries completed
2019-08-20 21:28:20,824 [ForkJoinPool.commonPool-worker-1] INFO  impl.RaftServerImpl (ServerState.java:close(394)) - 2a98d864-8594-48bb-bc43-21f32096cec0:group-69ECA240D605 closes. The last applied log index is 0
2019-08-20 21:28:20,822 [grpc-default-executor-1] INFO  server.GrpcServerProtocolService (GrpcServerProtocolService.java:onCompleted(104)) - 65bb560a-5aa2-49c4-ad35-2197abba1c3e: appendEntries completed
2019-08-20 21:28:20,827 [main] INFO  impl.StateMachineUpdater (StateMachineUpdater.java:stopAndJoin(115)) - StateMachineUpdater:49b46f07-2746-4119-b484-e06b9af9c549:group-8EC6E5F49E10: set stopIndex = 16
2019-08-20 21:28:20,830 [StateMachineUpdater:49b46f07-2746-4119-b484-e06b9af9c549:group-8EC6E5F49E10] INFO  ratis.ContainerStateMachine (ContainerStateMachine.java:takeSnapshot(271)) - group-8EC6E5F49E10: Taking a snapshot at:(t:1, i:14) file /workdir/hadoop-ozone/integration-test/target/test-dir/MiniOzoneClusterImpl-bdedfcae-614b-4f2f-bc36-d58a77a44aef/datanode-4/data/ratis/8702b93e-f06b-4aba-a018-8ec6e5f49e10/sm/snapshot.1_14
2019-08-20 21:28:20,831 [grpc-default-executor-1] INFO  server.GrpcLogAppender (GrpcLogAppender.java:onCompleted(292)) - 49b46f07-2746-4119-b484-e06b9af9c549->0cfefecf-8034-4f72-a3a3-e652ed807942: follower responses appendEntries COMPLETED
2019-08-20 21:28:20,836 [grpc-default-executor-3] INFO  server.GrpcLogAppender (GrpcLogAppender.java:onCompleted(292)) - 49b46f07-2746-4119-b484-e06b9af9c549->65bb560a-5aa2-49c4-ad35-2197abba1c3e: follower responses appendEntries COMPLETED
2019-08-20 21:28:20,838 [2a98d864-8594-48bb-bc43-21f32096cec0-SegmentedRaftLogWorker:Storage Directory /workdir/hadoop-ozone/integration-test/target/test-dir/MiniOzoneClusterImpl-bdedfcae-614b-4f2f-bc36-d58a77a44aef/datanode-1/data/ratis/6cd7d571-622b-4059-861b-69eca240d605] INFO  segmented.SegmentedRaftLogWorker (SegmentedRaftLogWorker.java:run(313)) - 2a98d864-8594-48bb-bc43-21f32096cec0-SegmentedRaftLogWorker:Storage Directory /workdir/hadoop-ozone/integration-test/target/test-dir/MiniOzoneClusterImpl-bdedfcae-614b-4f2f-bc36-d58a77a44aef/datanode-1/data/ratis/6cd7d571-622b-4059-861b-69eca240d605 was interrupted, exiting. There are 0 tasks remaining in the queue.
2019-08-20 21:28:20,840 [ForkJoinPool.commonPool-worker-1] INFO  segmented.SegmentedRaftLogWorker (SegmentedRaftLogWorker.java:close(228)) - 2a98d864-8594-48bb-bc43-21f32096cec0-SegmentedRaftLogWorker:Storage Directory /workdir/hadoop-ozone/integration-test/target/test-dir/MiniOzoneClusterImpl-bdedfcae-614b-4f2f-bc36-d58a77a44aef/datanode-1/data/ratis/6cd7d571-622b-4059-861b-69eca240d605 close()
2019-08-20 21:28:20,840 [grpc-default-executor-3] INFO  impl.FollowerInfo (FollowerInfo.java:lambda$new$0(50)) - 49b46f07-2746-4119-b484-e06b9af9c549->65bb560a-5aa2-49c4-ad35-2197abba1c3e: nextIndex: updateUnconditionally 17 -> 16
2019-08-20 21:28:20,843 [ForkJoinPool.commonPool-worker-1] INFO  impl.RaftServerImpl (RaftServerImpl.java:lambda$shutdown$3(245)) - 2a98d864-8594-48bb-bc43-21f32096cec0: shutdown group-91EB139A857D
2019-08-20 21:28:20,840 [grpc-default-executor-1] INFO  impl.FollowerInfo (FollowerInfo.java:lambda$new$0(50)) - 49b46f07-2746-4119-b484-e06b9af9c549->0cfefecf-8034-4f72-a3a3-e652ed807942: nextIndex: updateUnconditionally 17 -> 16
2019-08-20 21:28:20,843 [ForkJoinPool.commonPool-worker-1] INFO  util.JmxRegister (JmxRegister.java:unregister(73)) - Successfully un-registered JMX Bean with object name Ratis:service=RaftServer,group=group-91EB139A857D,id=2a98d864-8594-48bb-bc43-21f32096cec0
2019-08-20 21:28:20,844 [ForkJoinPool.commonPool-worker-1] INFO  impl.RoleInfo (RoleInfo.java:shutdownFollowerState(121)) - 2a98d864-8594-48bb-bc43-21f32096cec0: shutdown FollowerState
2019-08-20 21:28:20,844 [ForkJoinPool.commonPool-worker-1] INFO  impl.StateMachineUpdater (StateMachineUpdater.java:stopAndJoin(115)) - StateMachineUpdater:2a98d864-8594-48bb-bc43-21f32096cec0:group-91EB139A857D: set stopIndex = 4
2019-08-20 21:28:20,844 [StateMachineUpdater:2a98d864-8594-48bb-bc43-21f32096cec0:group-91EB139A857D] INFO  ratis.ContainerStateMachine (ContainerStateMachine.java:takeSnapshot(271)) - group-91EB139A857D: Taking a snapshot at:(t:1, i:3) file /workdir/hadoop-ozone/integration-test/target/test-dir/MiniOzoneClusterImpl-bdedfcae-614b-4f2f-bc36-d58a77a44aef/datanode-1/data/ratis/471a497d-0aa0-4197-9977-91eb139a857d/sm/snapshot.1_3
2019-08-20 21:28:20,844 [Thread-321] INFO  impl.FollowerState (FollowerState.java:run(114)) - 2a98d864-8594-48bb-bc43-21f32096cec0: FollowerState was interrupted: java.lang.InterruptedException: sleep interrupted
2019-08-20 21:28:20,890 [StateMachineUpdater:49b46f07-2746-4119-b484-e06b9af9c549:group-8EC6E5F49E10] INFO  ratis.ContainerStateMachine (ContainerStateMachine.java:takeSnapshot(282)) - group-8EC6E5F49E10: Finished taking a snapshot at:(t:1, i:14) file:/workdir/hadoop-ozone/integration-test/target/test-dir/MiniOzoneClusterImpl-bdedfcae-614b-4f2f-bc36-d58a77a44aef/datanode-4/data/ratis/8702b93e-f06b-4aba-a018-8ec6e5f49e10/sm/snapshot.1_14 time:61
2019-08-20 21:28:20,890 [StateMachineUpdater:2a98d864-8594-48bb-bc43-21f32096cec0:group-91EB139A857D] INFO  ratis.ContainerStateMachine (ContainerStateMachine.java:takeSnapshot(282)) - group-91EB139A857D: Finished taking a snapshot at:(t:1, i:3) file:/workdir/hadoop-ozone/integration-test/target/test-dir/MiniOzoneClusterImpl-bdedfcae-614b-4f2f-bc36-d58a77a44aef/datanode-1/data/ratis/471a497d-0aa0-4197-9977-91eb139a857d/sm/snapshot.1_3 time:45
2019-08-20 21:28:20,890 [StateMachineUpdater:49b46f07-2746-4119-b484-e06b9af9c549:group-8EC6E5F49E10] INFO  impl.StateMachineUpdater (StateMachineUpdater.java:takeSnapshot(242)) - StateMachineUpdater:49b46f07-2746-4119-b484-e06b9af9c549:group-8EC6E5F49E10: Took a snapshot at index 14
2019-08-20 21:28:20,890 [StateMachineUpdater:2a98d864-8594-48bb-bc43-21f32096cec0:group-91EB139A857D] INFO  impl.StateMachineUpdater (StateMachineUpdater.java:takeSnapshot(242)) - StateMachineUpdater:2a98d864-8594-48bb-bc43-21f32096cec0:group-91EB139A857D: Took a snapshot at index 3
2019-08-20 21:28:20,890 [StateMachineUpdater:49b46f07-2746-4119-b484-e06b9af9c549:group-8EC6E5F49E10] INFO  impl.StateMachineUpdater (StateMachineUpdater.java:lambda$new$0(80)) - StateMachineUpdater:49b46f07-2746-4119-b484-e06b9af9c549:group-8EC6E5F49E10: snapshotIndex: updateIncreasingly -1 -> 14
2019-08-20 21:28:20,890 [StateMachineUpdater:2a98d864-8594-48bb-bc43-21f32096cec0:group-91EB139A857D] INFO  impl.StateMachineUpdater (StateMachineUpdater.java:lambda$new$0(80)) - StateMachineUpdater:2a98d864-8594-48bb-bc43-21f32096cec0:group-91EB139A857D: snapshotIndex: updateIncreasingly -1 -> 3
2019-08-20 21:28:20,898 [main] INFO  impl.RaftServerImpl (ServerState.java:close(394)) - 49b46f07-2746-4119-b484-e06b9af9c549:group-8EC6E5F49E10 closes. The last applied log index is 16
2019-08-20 21:28:20,899 [ForkJoinPool.commonPool-worker-1] INFO  impl.RaftServerImpl (ServerState.java:close(394)) - 2a98d864-8594-48bb-bc43-21f32096cec0:group-91EB139A857D closes. The last applied log index is 4
2019-08-20 21:28:20,899 [49b46f07-2746-4119-b484-e06b9af9c549-SegmentedRaftLogWorker:Storage Directory /workdir/hadoop-ozone/integration-test/target/test-dir/MiniOzoneClusterImpl-bdedfcae-614b-4f2f-bc36-d58a77a44aef/datanode-4/data/ratis/8702b93e-f06b-4aba-a018-8ec6e5f49e10] INFO  segmented.SegmentedRaftLogWorker (SegmentedRaftLogWorker.java:run(313)) - 49b46f07-2746-4119-b484-e06b9af9c549-SegmentedRaftLogWorker:Storage Directory /workdir/hadoop-ozone/integration-test/target/test-dir/MiniOzoneClusterImpl-bdedfcae-614b-4f2f-bc36-d58a77a44aef/datanode-4/data/ratis/8702b93e-f06b-4aba-a018-8ec6e5f49e10 was interrupted, exiting. There are 0 tasks remaining in the queue.
2019-08-20 21:28:20,899 [2a98d864-8594-48bb-bc43-21f32096cec0-SegmentedRaftLogWorker:Storage Directory /workdir/hadoop-ozone/integration-test/target/test-dir/MiniOzoneClusterImpl-bdedfcae-614b-4f2f-bc36-d58a77a44aef/datanode-1/data/ratis/471a497d-0aa0-4197-9977-91eb139a857d] INFO  segmented.SegmentedRaftLogWorker (SegmentedRaftLogWorker.java:run(313)) - 2a98d864-8594-48bb-bc43-21f32096cec0-SegmentedRaftLogWorker:Storage Directory /workdir/hadoop-ozone/integration-test/target/test-dir/MiniOzoneClusterImpl-bdedfcae-614b-4f2f-bc36-d58a77a44aef/datanode-1/data/ratis/471a497d-0aa0-4197-9977-91eb139a857d was interrupted, exiting. There are 0 tasks remaining in the queue.
2019-08-20 21:28:20,902 [main] INFO  segmented.SegmentedRaftLogWorker (SegmentedRaftLogWorker.java:close(228)) - 49b46f07-2746-4119-b484-e06b9af9c549-SegmentedRaftLogWorker:Storage Directory /workdir/hadoop-ozone/integration-test/target/test-dir/MiniOzoneClusterImpl-bdedfcae-614b-4f2f-bc36-d58a77a44aef/datanode-4/data/ratis/8702b93e-f06b-4aba-a018-8ec6e5f49e10 close()
2019-08-20 21:28:20,903 [ForkJoinPool.commonPool-worker-1] INFO  segmented.SegmentedRaftLogWorker (SegmentedRaftLogWorker.java:close(228)) - 2a98d864-8594-48bb-bc43-21f32096cec0-SegmentedRaftLogWorker:Storage Directory /workdir/hadoop-ozone/integration-test/target/test-dir/MiniOzoneClusterImpl-bdedfcae-614b-4f2f-bc36-d58a77a44aef/datanode-1/data/ratis/471a497d-0aa0-4197-9977-91eb139a857d close()
2019-08-20 21:28:20,905 [main] INFO  impl.RaftServerImpl (RaftServerImpl.java:lambda$shutdown$3(245)) - 49b46f07-2746-4119-b484-e06b9af9c549: shutdown group-5345A87EC8AB
2019-08-20 21:28:20,908 [main] INFO  util.JmxRegister (JmxRegister.java:unregister(73)) - Successfully un-registered JMX Bean with object name Ratis:service=RaftServer,group=group-5345A87EC8AB,id=49b46f07-2746-4119-b484-e06b9af9c549
2019-08-20 21:28:20,908 [main] INFO  impl.RoleInfo (RoleInfo.java:shutdownLeaderState(104)) - 49b46f07-2746-4119-b484-e06b9af9c549: shutdown LeaderState
2019-08-20 21:28:20,908 [ForkJoinPool.commonPool-worker-1] INFO  server.GrpcService (GrpcService.java:closeImpl(155)) - 2a98d864-8594-48bb-bc43-21f32096cec0: shutdown server with port 40614 now
2019-08-20 21:28:20,908 [main] INFO  impl.PendingRequests (PendingRequests.java:sendNotLeaderResponses(202)) - 49b46f07-2746-4119-b484-e06b9af9c549-PendingRequests: sendNotLeaderResponses
2019-08-20 21:28:20,909 [main] INFO  impl.StateMachineUpdater (StateMachineUpdater.java:stopAndJoin(115)) - StateMachineUpdater:49b46f07-2746-4119-b484-e06b9af9c549:group-5345A87EC8AB: set stopIndex = 0
2019-08-20 21:28:20,910 [main] INFO  impl.RaftServerImpl (ServerState.java:close(394)) - 49b46f07-2746-4119-b484-e06b9af9c549:group-5345A87EC8AB closes. The last applied log index is 0
2019-08-20 21:28:20,911 [49b46f07-2746-4119-b484-e06b9af9c549-SegmentedRaftLogWorker:Storage Directory /workdir/hadoop-ozone/integration-test/target/test-dir/MiniOzoneClusterImpl-bdedfcae-614b-4f2f-bc36-d58a77a44aef/datanode-4/data/ratis/7158e11e-df14-4f47-b36e-5345a87ec8ab] INFO  segmented.SegmentedRaftLogWorker (SegmentedRaftLogWorker.java:run(313)) - 49b46f07-2746-4119-b484-e06b9af9c549-SegmentedRaftLogWorker:Storage Directory /workdir/hadoop-ozone/integration-test/target/test-dir/MiniOzoneClusterImpl-bdedfcae-614b-4f2f-bc36-d58a77a44aef/datanode-4/data/ratis/7158e11e-df14-4f47-b36e-5345a87ec8ab was interrupted, exiting. There are 0 tasks remaining in the queue.
2019-08-20 21:28:20,912 [main] INFO  segmented.SegmentedRaftLogWorker (SegmentedRaftLogWorker.java:close(228)) - 49b46f07-2746-4119-b484-e06b9af9c549-SegmentedRaftLogWorker:Storage Directory /workdir/hadoop-ozone/integration-test/target/test-dir/MiniOzoneClusterImpl-bdedfcae-614b-4f2f-bc36-d58a77a44aef/datanode-4/data/ratis/7158e11e-df14-4f47-b36e-5345a87ec8ab close()
2019-08-20 21:28:20,915 [main] INFO  server.GrpcService (GrpcService.java:closeImpl(155)) - 49b46f07-2746-4119-b484-e06b9af9c549: shutdown server with port 45764 now
2019-08-20 21:28:20,919 [ForkJoinPool.commonPool-worker-1] INFO  server.GrpcService (GrpcService.java:closeImpl(163)) - 2a98d864-8594-48bb-bc43-21f32096cec0: shutdown server with port 40614 successfully
2019-08-20 21:28:20,919 [main] INFO  server.GrpcService (GrpcService.java:closeImpl(163)) - 49b46f07-2746-4119-b484-e06b9af9c549: shutdown server with port 45764 successfully
2019-08-20 21:28:20,920 [grpc-default-executor-0] WARN  server.GrpcServerProtocolService (LogUtils.java:warn(134)) - 2a98d864-8594-48bb-bc43-21f32096cec0: appendEntries onError: org.apache.ratis.thirdparty.io.grpc.StatusRuntimeException: CANCELLED: cancelled before receiving half close
2019-08-20 21:28:20,920 [grpc-default-executor-2] WARN  client.GrpcClientProtocolService (LogUtils.java:warn(134)) - 1-UnorderedRequestStreamObserver1: onError: org.apache.ratis.thirdparty.io.grpc.StatusRuntimeException: CANCELLED: cancelled before receiving half close
2019-08-20 21:28:20,923 [ForkJoinPool.commonPool-worker-1] INFO  utils.BackgroundService (BackgroundService.java:shutdown(148)) - Shutting down service BlockDeletingService
2019-08-20 21:28:20,923 [grpc-default-executor-2] WARN  server.GrpcLogAppender (LogUtils.java:warn(134)) - 04d2d3e3-36e9-4430-811e-8631463037af->2a98d864-8594-48bb-bc43-21f32096cec0: Failed appendEntries: org.apache.ratis.thirdparty.io.grpc.StatusRuntimeException: CANCELLED: HTTP/2 error code: CANCEL
Received Rst Stream
2019-08-20 21:28:20,923 [main] INFO  utils.BackgroundService (BackgroundService.java:shutdown(148)) - Shutting down service BlockDeletingService
2019-08-20 21:28:20,925 [grpc-default-executor-2] INFO  impl.FollowerInfo (FollowerInfo.java:lambda$new$0(50)) - 04d2d3e3-36e9-4430-811e-8631463037af->2a98d864-8594-48bb-bc43-21f32096cec0: nextIndex: updateUnconditionally 5 -> 4
2019-08-20 21:28:20,926 [refreshUsed-/workdir/hadoop-ozone/integration-test/target/test-dir/MiniOzoneClusterImpl-bdedfcae-614b-4f2f-bc36-d58a77a44aef/datanode-1/data/containers] WARN  fs.CachingGetSpaceUsed (CachingGetSpaceUsed.java:run(183)) - Thread Interrupted waiting to refresh disk information: sleep interrupted
2019-08-20 21:28:20,926 [refreshUsed-/workdir/hadoop-ozone/integration-test/target/test-dir/MiniOzoneClusterImpl-bdedfcae-614b-4f2f-bc36-d58a77a44aef/datanode-4/data/containers] WARN  fs.CachingGetSpaceUsed (CachingGetSpaceUsed.java:run(183)) - Thread Interrupted waiting to refresh disk information: sleep interrupted
2019-08-20 21:28:20,949 [main] INFO  statemachine.DatanodeStateMachine (DatanodeStateMachine.java:stopDaemon(395)) - Ozone container server stopped.
2019-08-20 21:28:20,956 [ForkJoinPool.commonPool-worker-1] INFO  statemachine.DatanodeStateMachine (DatanodeStateMachine.java:stopDaemon(395)) - Ozone container server stopped.
2019-08-20 21:28:20,960 [main] INFO  handler.ContextHandler (ContextHandler.java:doStop(910)) - Stopped o.e.j.w.WebAppContext@123307c4{/,null,UNAVAILABLE}{/hddsDatanode}
2019-08-20 21:28:20,960 [ForkJoinPool.commonPool-worker-1] INFO  handler.ContextHandler (ContextHandler.java:doStop(910)) - Stopped o.e.j.w.WebAppContext@79957f11{/,null,UNAVAILABLE}{/hddsDatanode}
2019-08-20 21:28:20,961 [ForkJoinPool.commonPool-worker-1] INFO  server.AbstractConnector (AbstractConnector.java:doStop(318)) - Stopped ServerConnector@217235f5{HTTP/1.1,[http/1.1]}{0.0.0.0:0}
2019-08-20 21:28:20,961 [main] INFO  server.AbstractConnector (AbstractConnector.java:doStop(318)) - Stopped ServerConnector@1693ff90{HTTP/1.1,[http/1.1]}{0.0.0.0:0}
2019-08-20 21:28:20,963 [ForkJoinPool.commonPool-worker-1] INFO  handler.ContextHandler (ContextHandler.java:doStop(910)) - Stopped o.e.j.s.ServletContextHandler@5e1a986c{/static,jar:file:/home/user/.m2/repository/org/apache/hadoop/hadoop-hdds-container-service/0.5.0-SNAPSHOT/hadoop-hdds-container-service-0.5.0-SNAPSHOT.jar!/webapps/static,UNAVAILABLE}
2019-08-20 21:28:20,963 [main] INFO  handler.ContextHandler (ContextHandler.java:doStop(910)) - Stopped o.e.j.s.ServletContextHandler@307cf964{/static,jar:file:/home/user/.m2/repository/org/apache/hadoop/hadoop-hdds-container-service/0.5.0-SNAPSHOT/hadoop-hdds-container-service-0.5.0-SNAPSHOT.jar!/webapps/static,UNAVAILABLE}
2019-08-20 21:28:20,964 [ForkJoinPool.commonPool-worker-1] INFO  handler.ContextHandler (ContextHandler.java:doStop(910)) - Stopped o.e.j.s.ServletContextHandler@599a9cb2{/logs,file:///workdir/hadoop-ozone/integration-test/target/log,UNAVAILABLE}
2019-08-20 21:28:20,965 [main] INFO  handler.ContextHandler (ContextHandler.java:doStop(910)) - Stopped o.e.j.s.ServletContextHandler@77324a58{/logs,file:///workdir/hadoop-ozone/integration-test/target/log,UNAVAILABLE}
2019-08-20 21:28:20,966 [ForkJoinPool.commonPool-worker-1] INFO  datanode.ObjectStoreHandler (ObjectStoreHandler.java:close(155)) - Closing ObjectStoreHandler.
2019-08-20 21:28:20,966 [main] INFO  datanode.ObjectStoreHandler (ObjectStoreHandler.java:close(155)) - Closing ObjectStoreHandler.
2019-08-20 21:28:20,968 [main] INFO  ozone.HddsDatanodeService (HddsDatanodeService.java:stop(451)) - Stopped plug-in org.apache.hadoop.ozone.web.OzoneHddsDatanodeService@458031da
2019-08-20 21:28:20,968 [ForkJoinPool.commonPool-worker-1] INFO  ozone.HddsDatanodeService (HddsDatanodeService.java:stop(451)) - Stopped plug-in org.apache.hadoop.ozone.web.OzoneHddsDatanodeService@599f1b7
2019-08-20 21:28:21,001 [Datanode State Machine Thread - 0] INFO  statemachine.DatanodeStateMachine (DatanodeStateMachine.java:lambda$startDaemon$0(350)) - Ozone container server started.
2019-08-20 21:28:21,100 [Datanode State Machine Thread - 0] INFO  statemachine.DatanodeStateMachine (DatanodeStateMachine.java:lambda$startDaemon$0(350)) - Ozone container server started.
2019-08-20 21:28:21,101 | INFO  | SCMAudit | user=jenkins1000 | ip=192.168.5.148 | op=SEND_HEARTBEAT {datanodeUUID=65bb560a-5aa2-49c4-ad35-2197abba1c3e, command=[]} | ret=SUCCESS |  
2019-08-20 21:28:21,607 | INFO  | SCMAudit | user=jenkins1000 | ip=192.168.5.148 | op=SEND_HEARTBEAT {datanodeUUID=04d2d3e3-36e9-4430-811e-8631463037af, command=[commandType: closeContainerCommand closeContainerCommandProto { containerID: 2 pipelineID { id: "471a497d-0aa0-4197-9977-91eb139a857d" } cmdId: 2 force: false } ]} | ret=SUCCESS |  
2019-08-20 21:28:21,608 | INFO  | SCMAudit | user=jenkins1000 | ip=192.168.5.148 | op=SEND_HEARTBEAT {datanodeUUID=622f3963-6db5-4cef-b6c4-dc9e39bfc6cb, command=[commandType: closeContainerCommand closeContainerCommandProto { containerID: 2 pipelineID { id: "471a497d-0aa0-4197-9977-91eb139a857d" } cmdId: 2 force: false } ]} | ret=SUCCESS |  
2019-08-20 21:28:22,102 | INFO  | SCMAudit | user=jenkins1000 | ip=192.168.5.148 | op=SEND_HEARTBEAT {datanodeUUID=65bb560a-5aa2-49c4-ad35-2197abba1c3e, command=[]} | ret=SUCCESS |  
2019-08-20 21:28:22,121 | INFO  | SCMAudit | user=jenkins1000 | ip=192.168.5.148 | op=SEND_HEARTBEAT {datanodeUUID=65bb560a-5aa2-49c4-ad35-2197abba1c3e, command=[]} | ret=SUCCESS |  
2019-08-20 21:28:22,606 | INFO  | SCMAudit | user=jenkins1000 | ip=192.168.5.148 | op=SEND_HEARTBEAT {datanodeUUID=04d2d3e3-36e9-4430-811e-8631463037af, command=[]} | ret=SUCCESS |  
2019-08-20 21:28:22,608 | INFO  | SCMAudit | user=jenkins1000 | ip=192.168.5.148 | op=SEND_HEARTBEAT {datanodeUUID=622f3963-6db5-4cef-b6c4-dc9e39bfc6cb, command=[]} | ret=SUCCESS |  
2019-08-20 21:28:23,121 | INFO  | SCMAudit | user=jenkins1000 | ip=192.168.5.148 | op=SEND_HEARTBEAT {datanodeUUID=65bb560a-5aa2-49c4-ad35-2197abba1c3e, command=[]} | ret=SUCCESS |  
2019-08-20 21:28:23,199 [grpc-default-executor-2] WARN  server.GrpcLogAppender (LogUtils.java:warn(134)) - 04d2d3e3-36e9-4430-811e-8631463037af->2a98d864-8594-48bb-bc43-21f32096cec0: Failed appendEntries: org.apache.ratis.thirdparty.io.grpc.StatusRuntimeException: UNAVAILABLE: io exception
2019-08-20 21:28:23,202 [grpc-default-executor-2] INFO  impl.FollowerInfo (FollowerInfo.java:lambda$new$0(50)) - 04d2d3e3-36e9-4430-811e-8631463037af->2a98d864-8594-48bb-bc43-21f32096cec0: nextIndex: updateUnconditionally 4 -> 3
2019-08-20 21:28:23,607 | INFO  | SCMAudit | user=jenkins1000 | ip=192.168.5.148 | op=SEND_HEARTBEAT {datanodeUUID=04d2d3e3-36e9-4430-811e-8631463037af, command=[]} | ret=SUCCESS |  
2019-08-20 21:28:23,608 | INFO  | SCMAudit | user=jenkins1000 | ip=192.168.5.148 | op=SEND_HEARTBEAT {datanodeUUID=622f3963-6db5-4cef-b6c4-dc9e39bfc6cb, command=[]} | ret=SUCCESS |  
2019-08-20 21:28:23,624 | INFO  | SCMAudit | user=jenkins1000 | ip=192.168.5.148 | op=SEND_HEARTBEAT {datanodeUUID=04d2d3e3-36e9-4430-811e-8631463037af, command=[]} | ret=SUCCESS |  
2019-08-20 21:28:23,624 | INFO  | SCMAudit | user=jenkins1000 | ip=192.168.5.148 | op=SEND_HEARTBEAT {datanodeUUID=622f3963-6db5-4cef-b6c4-dc9e39bfc6cb, command=[]} | ret=SUCCESS |  
2019-08-20 21:28:23,631 [grpc-default-executor-3] WARN  server.GrpcLogAppender (LogUtils.java:warn(134)) - 04d2d3e3-36e9-4430-811e-8631463037af->2a98d864-8594-48bb-bc43-21f32096cec0: Failed appendEntries: org.apache.ratis.thirdparty.io.grpc.StatusRuntimeException: UNAVAILABLE: io exception
2019-08-20 21:28:23,632 [grpc-default-executor-3] INFO  impl.FollowerInfo (FollowerInfo.java:lambda$new$0(50)) - 04d2d3e3-36e9-4430-811e-8631463037af->2a98d864-8594-48bb-bc43-21f32096cec0: nextIndex: updateUnconditionally 4 -> 3
2019-08-20 21:28:23,644 [grpc-default-executor-0] WARN  server.GrpcLogAppender (LogUtils.java:warn(134)) - 04d2d3e3-36e9-4430-811e-8631463037af->2a98d864-8594-48bb-bc43-21f32096cec0: Failed appendEntries: org.apache.ratis.thirdparty.io.grpc.StatusRuntimeException: UNAVAILABLE: io exception
2019-08-20 21:28:23,645 [grpc-default-executor-0] INFO  impl.FollowerInfo (FollowerInfo.java:lambda$new$0(50)) - 04d2d3e3-36e9-4430-811e-8631463037af->2a98d864-8594-48bb-bc43-21f32096cec0: nextIndex: updateUnconditionally 4 -> 3
2019-08-20 21:28:23,653 [grpc-default-executor-0] WARN  server.GrpcLogAppender (LogUtils.java:warn(134)) - 04d2d3e3-36e9-4430-811e-8631463037af->2a98d864-8594-48bb-bc43-21f32096cec0: Failed appendEntries: org.apache.ratis.thirdparty.io.grpc.StatusRuntimeException: UNAVAILABLE: io exception
2019-08-20 21:28:23,654 [grpc-default-executor-0] INFO  impl.FollowerInfo (FollowerInfo.java:lambda$new$0(50)) - 04d2d3e3-36e9-4430-811e-8631463037af->2a98d864-8594-48bb-bc43-21f32096cec0: nextIndex: updateUnconditionally 4 -> 3
2019-08-20 21:28:23,682 [RatisApplyTransactionExecutor 2] INFO  interfaces.Container (KeyValueContainer.java:compactDB(356)) - Container 2 is closed with bcsId 3.
2019-08-20 21:28:23,683 | INFO  | DNAudit | user=null | ip=null | op=CLOSE_CONTAINER {containerID=2} | ret=SUCCESS |  
2019-08-20 21:28:23,684 | INFO  | SCMAudit | user=jenkins1000 | ip=192.168.5.148 | op=SEND_HEARTBEAT {datanodeUUID=04d2d3e3-36e9-4430-811e-8631463037af, command=[]} | ret=SUCCESS |  
2019-08-20 21:28:23,684 [EventQueue-IncrementalContainerReportForIncrementalContainerReportHandler] INFO  container.IncrementalContainerReportHandler (AbstractContainerReportHandler.java:updateContainerState(176)) - Moving container #2 to CLOSED state, datanode 04d2d3e3-36e9-4430-811e-8631463037af{ip: 192.168.5.148, host: pr-hdds-1973-5qsvz-4139986036, networkLocation: /default-rack, certSerialId: null} reported CLOSED replica.
2019-08-20 21:28:23,695 [RatisApplyTransactionExecutor 2] INFO  interfaces.Container (KeyValueContainer.java:compactDB(356)) - Container 2 is closed with bcsId 3.
2019-08-20 21:28:23,698 | INFO  | DNAudit | user=null | ip=null | op=CLOSE_CONTAINER {containerID=2} | ret=SUCCESS |  
2019-08-20 21:28:23,699 | INFO  | SCMAudit | user=jenkins1000 | ip=192.168.5.148 | op=SEND_HEARTBEAT {datanodeUUID=622f3963-6db5-4cef-b6c4-dc9e39bfc6cb, command=[]} | ret=SUCCESS |  
2019-08-20 21:28:24,121 | INFO  | SCMAudit | user=jenkins1000 | ip=192.168.5.148 | op=SEND_HEARTBEAT {datanodeUUID=65bb560a-5aa2-49c4-ad35-2197abba1c3e, command=[]} | ret=SUCCESS |  
2019-08-20 21:28:24,684 | INFO  | SCMAudit | user=jenkins1000 | ip=192.168.5.148 | op=SEND_HEARTBEAT {datanodeUUID=04d2d3e3-36e9-4430-811e-8631463037af, command=[]} | ret=SUCCESS |  
2019-08-20 21:28:24,700 | INFO  | SCMAudit | user=jenkins1000 | ip=192.168.5.148 | op=SEND_HEARTBEAT {datanodeUUID=622f3963-6db5-4cef-b6c4-dc9e39bfc6cb, command=[]} | ret=SUCCESS |  
2019-08-20 21:28:25,097 [EventQueue-StaleNodeForStaleNodeHandler] INFO  node.StaleNodeHandler (StaleNodeHandler.java:onMessage(58)) - Datanode 954b1581-72c2-4c4e-9852-adb95bd15e36{ip: 192.168.5.148, host: pr-hdds-1973-5qsvz-4139986036, networkLocation: /default-rack, certSerialId: null} moved to stale state. Finalizing its pipelines [PipelineID=4563bc34-777f-4627-a6fb-bb90f6a030c3]
2019-08-20 21:28:25,097 [EventQueue-StaleNodeForStaleNodeHandler] INFO  pipeline.SCMPipelineManager (SCMPipelineManager.java:finalizeAndDestroyPipeline(309)) - destroying pipeline:Pipeline[ Id: 4563bc34-777f-4627-a6fb-bb90f6a030c3, Nodes: 954b1581-72c2-4c4e-9852-adb95bd15e36{ip: 192.168.5.148, host: pr-hdds-1973-5qsvz-4139986036, networkLocation: /default-rack, certSerialId: null}, Type:RATIS, Factor:ONE, State:OPEN]
2019-08-20 21:28:25,097 [EventQueue-StaleNodeForStaleNodeHandler] INFO  pipeline.PipelineStateManager (PipelineStateManager.java:finalizePipeline(123)) - Pipeline Pipeline[ Id: 4563bc34-777f-4627-a6fb-bb90f6a030c3, Nodes: 954b1581-72c2-4c4e-9852-adb95bd15e36{ip: 192.168.5.148, host: pr-hdds-1973-5qsvz-4139986036, networkLocation: /default-rack, certSerialId: null}, Type:RATIS, Factor:ONE, State:CLOSED] moved to CLOSED state
2019-08-20 21:28:25,122 | INFO  | SCMAudit | user=jenkins1000 | ip=192.168.5.148 | op=SEND_HEARTBEAT {datanodeUUID=65bb560a-5aa2-49c4-ad35-2197abba1c3e, command=[]} | ret=SUCCESS |  
2019-08-20 21:28:25,197 [EventQueue-StaleNodeForStaleNodeHandler] INFO  node.StaleNodeHandler (StaleNodeHandler.java:onMessage(58)) - Datanode 0cfefecf-8034-4f72-a3a3-e652ed807942{ip: 192.168.5.148, host: pr-hdds-1973-5qsvz-4139986036, networkLocation: /default-rack, certSerialId: null} moved to stale state. Finalizing its pipelines [PipelineID=dd5ce784-3939-4608-b8f3-eb7fe31d6c9c, PipelineID=8702b93e-f06b-4aba-a018-8ec6e5f49e10]
2019-08-20 21:28:25,197 [EventQueue-StaleNodeForStaleNodeHandler] INFO  pipeline.SCMPipelineManager (SCMPipelineManager.java:finalizeAndDestroyPipeline(309)) - destroying pipeline:Pipeline[ Id: dd5ce784-3939-4608-b8f3-eb7fe31d6c9c, Nodes: 0cfefecf-8034-4f72-a3a3-e652ed807942{ip: 192.168.5.148, host: pr-hdds-1973-5qsvz-4139986036, networkLocation: /default-rack, certSerialId: null}, Type:RATIS, Factor:ONE, State:OPEN]
2019-08-20 21:28:25,198 [EventQueue-StaleNodeForStaleNodeHandler] INFO  pipeline.PipelineStateManager (PipelineStateManager.java:finalizePipeline(123)) - Pipeline Pipeline[ Id: dd5ce784-3939-4608-b8f3-eb7fe31d6c9c, Nodes: 0cfefecf-8034-4f72-a3a3-e652ed807942{ip: 192.168.5.148, host: pr-hdds-1973-5qsvz-4139986036, networkLocation: /default-rack, certSerialId: null}, Type:RATIS, Factor:ONE, State:CLOSED] moved to CLOSED state
2019-08-20 21:28:25,198 [EventQueue-StaleNodeForStaleNodeHandler] INFO  pipeline.SCMPipelineManager (SCMPipelineManager.java:finalizeAndDestroyPipeline(309)) - destroying pipeline:Pipeline[ Id: 8702b93e-f06b-4aba-a018-8ec6e5f49e10, Nodes: 65bb560a-5aa2-49c4-ad35-2197abba1c3e{ip: 192.168.5.148, host: pr-hdds-1973-5qsvz-4139986036, networkLocation: /default-rack, certSerialId: null}49b46f07-2746-4119-b484-e06b9af9c549{ip: 192.168.5.148, host: pr-hdds-1973-5qsvz-4139986036, networkLocation: /default-rack, certSerialId: null}0cfefecf-8034-4f72-a3a3-e652ed807942{ip: 192.168.5.148, host: pr-hdds-1973-5qsvz-4139986036, networkLocation: /default-rack, certSerialId: null}, Type:RATIS, Factor:THREE, State:CLOSED]
2019-08-20 21:28:25,684 | INFO  | SCMAudit | user=jenkins1000 | ip=192.168.5.148 | op=SEND_HEARTBEAT {datanodeUUID=04d2d3e3-36e9-4430-811e-8631463037af, command=[]} | ret=SUCCESS |  
2019-08-20 21:28:25,699 | INFO  | SCMAudit | user=jenkins1000 | ip=192.168.5.148 | op=SEND_HEARTBEAT {datanodeUUID=622f3963-6db5-4cef-b6c4-dc9e39bfc6cb, command=[]} | ret=SUCCESS |  
2019-08-20 21:28:25,969 [main] INFO  ozoneimpl.OzoneContainer (OzoneContainer.java:stop(199)) - Attempting to stop container services.
2019-08-20 21:28:25,969 [ForkJoinPool.commonPool-worker-1] INFO  ozoneimpl.OzoneContainer (OzoneContainer.java:stop(199)) - Attempting to stop container services.
2019-08-20 21:28:25,969 [main] INFO  impl.RaftServerProxy (RaftServerProxy.java:lambda$close$4(314)) - 0cfefecf-8034-4f72-a3a3-e652ed807942: close
2019-08-20 21:28:25,970 [ForkJoinPool.commonPool-worker-1] INFO  impl.RaftServerProxy (RaftServerProxy.java:lambda$close$4(314)) - 954b1581-72c2-4c4e-9852-adb95bd15e36: close
2019-08-20 21:28:25,970 [main] INFO  impl.RaftServerImpl (RaftServerImpl.java:lambda$shutdown$3(245)) - 0cfefecf-8034-4f72-a3a3-e652ed807942: shutdown group-EB7FE31D6C9C
2019-08-20 21:28:25,970 [ForkJoinPool.commonPool-worker-1] INFO  impl.RaftServerImpl (RaftServerImpl.java:lambda$shutdown$3(245)) - 954b1581-72c2-4c4e-9852-adb95bd15e36: shutdown group-BB90F6A030C3
2019-08-20 21:28:25,971 [main] INFO  util.JmxRegister (JmxRegister.java:unregister(73)) - Successfully un-registered JMX Bean with object name Ratis:service=RaftServer,group=group-EB7FE31D6C9C,id=0cfefecf-8034-4f72-a3a3-e652ed807942
2019-08-20 21:28:25,971 [ForkJoinPool.commonPool-worker-1] INFO  util.JmxRegister (JmxRegister.java:unregister(73)) - Successfully un-registered JMX Bean with object name Ratis:service=RaftServer,group=group-BB90F6A030C3,id=954b1581-72c2-4c4e-9852-adb95bd15e36
2019-08-20 21:28:25,972 [main] INFO  impl.RoleInfo (RoleInfo.java:shutdownLeaderState(104)) - 0cfefecf-8034-4f72-a3a3-e652ed807942: shutdown LeaderState
2019-08-20 21:28:25,972 [ForkJoinPool.commonPool-worker-1] INFO  impl.RoleInfo (RoleInfo.java:shutdownLeaderState(104)) - 954b1581-72c2-4c4e-9852-adb95bd15e36: shutdown LeaderState
2019-08-20 21:28:25,972 [main] INFO  impl.PendingRequests (PendingRequests.java:sendNotLeaderResponses(202)) - 0cfefecf-8034-4f72-a3a3-e652ed807942-PendingRequests: sendNotLeaderResponses
2019-08-20 21:28:25,973 [ForkJoinPool.commonPool-worker-1] INFO  impl.PendingRequests (PendingRequests.java:sendNotLeaderResponses(202)) - 954b1581-72c2-4c4e-9852-adb95bd15e36-PendingRequests: sendNotLeaderResponses
2019-08-20 21:28:25,973 [main] INFO  impl.StateMachineUpdater (StateMachineUpdater.java:stopAndJoin(115)) - StateMachineUpdater:0cfefecf-8034-4f72-a3a3-e652ed807942:group-EB7FE31D6C9C: set stopIndex = 0
2019-08-20 21:28:25,981 [main] INFO  impl.RaftServerImpl (ServerState.java:close(394)) - 0cfefecf-8034-4f72-a3a3-e652ed807942:group-EB7FE31D6C9C closes. The last applied log index is 0
2019-08-20 21:28:25,974 [ForkJoinPool.commonPool-worker-1] INFO  impl.StateMachineUpdater (StateMachineUpdater.java:stopAndJoin(115)) - StateMachineUpdater:954b1581-72c2-4c4e-9852-adb95bd15e36:group-BB90F6A030C3: set stopIndex = 0
2019-08-20 21:28:25,982 [0cfefecf-8034-4f72-a3a3-e652ed807942-SegmentedRaftLogWorker:Storage Directory /workdir/hadoop-ozone/integration-test/target/test-dir/MiniOzoneClusterImpl-bdedfcae-614b-4f2f-bc36-d58a77a44aef/datanode-3/data/ratis/dd5ce784-3939-4608-b8f3-eb7fe31d6c9c] INFO  segmented.SegmentedRaftLogWorker (SegmentedRaftLogWorker.java:run(313)) - 0cfefecf-8034-4f72-a3a3-e652ed807942-SegmentedRaftLogWorker:Storage Directory /workdir/hadoop-ozone/integration-test/target/test-dir/MiniOzoneClusterImpl-bdedfcae-614b-4f2f-bc36-d58a77a44aef/datanode-3/data/ratis/dd5ce784-3939-4608-b8f3-eb7fe31d6c9c was interrupted, exiting. There are 0 tasks remaining in the queue.
2019-08-20 21:28:25,982 [ForkJoinPool.commonPool-worker-1] INFO  impl.RaftServerImpl (ServerState.java:close(394)) - 954b1581-72c2-4c4e-9852-adb95bd15e36:group-BB90F6A030C3 closes. The last applied log index is 0
2019-08-20 21:28:25,984 [main] INFO  segmented.SegmentedRaftLogWorker (SegmentedRaftLogWorker.java:close(228)) - 0cfefecf-8034-4f72-a3a3-e652ed807942-SegmentedRaftLogWorker:Storage Directory /workdir/hadoop-ozone/integration-test/target/test-dir/MiniOzoneClusterImpl-bdedfcae-614b-4f2f-bc36-d58a77a44aef/datanode-3/data/ratis/dd5ce784-3939-4608-b8f3-eb7fe31d6c9c close()
2019-08-20 21:28:25,984 [954b1581-72c2-4c4e-9852-adb95bd15e36-SegmentedRaftLogWorker:Storage Directory /workdir/hadoop-ozone/integration-test/target/test-dir/MiniOzoneClusterImpl-bdedfcae-614b-4f2f-bc36-d58a77a44aef/datanode-2/data/ratis/4563bc34-777f-4627-a6fb-bb90f6a030c3] INFO  segmented.SegmentedRaftLogWorker (SegmentedRaftLogWorker.java:run(313)) - 954b1581-72c2-4c4e-9852-adb95bd15e36-SegmentedRaftLogWorker:Storage Directory /workdir/hadoop-ozone/integration-test/target/test-dir/MiniOzoneClusterImpl-bdedfcae-614b-4f2f-bc36-d58a77a44aef/datanode-2/data/ratis/4563bc34-777f-4627-a6fb-bb90f6a030c3 was interrupted, exiting. There are 0 tasks remaining in the queue.
2019-08-20 21:28:25,986 [main] INFO  impl.RaftServerImpl (RaftServerImpl.java:lambda$shutdown$3(245)) - 0cfefecf-8034-4f72-a3a3-e652ed807942: shutdown group-8EC6E5F49E10
2019-08-20 21:28:25,987 [ForkJoinPool.commonPool-worker-1] INFO  segmented.SegmentedRaftLogWorker (SegmentedRaftLogWorker.java:close(228)) - 954b1581-72c2-4c4e-9852-adb95bd15e36-SegmentedRaftLogWorker:Storage Directory /workdir/hadoop-ozone/integration-test/target/test-dir/MiniOzoneClusterImpl-bdedfcae-614b-4f2f-bc36-d58a77a44aef/datanode-2/data/ratis/4563bc34-777f-4627-a6fb-bb90f6a030c3 close()
2019-08-20 21:28:25,988 [main] INFO  util.JmxRegister (JmxRegister.java:unregister(73)) - Successfully un-registered JMX Bean with object name Ratis:service=RaftServer,group=group-8EC6E5F49E10,id=0cfefecf-8034-4f72-a3a3-e652ed807942
2019-08-20 21:28:25,990 [ForkJoinPool.commonPool-worker-1] INFO  server.GrpcService (GrpcService.java:closeImpl(155)) - 954b1581-72c2-4c4e-9852-adb95bd15e36: shutdown server with port 40620 now
2019-08-20 21:28:25,990 [main] INFO  impl.RoleInfo (RoleInfo.java:shutdownFollowerState(121)) - 0cfefecf-8034-4f72-a3a3-e652ed807942: shutdown FollowerState
2019-08-20 21:28:25,991 [ForkJoinPool.commonPool-worker-1] INFO  server.GrpcService (GrpcService.java:closeImpl(163)) - 954b1581-72c2-4c4e-9852-adb95bd15e36: shutdown server with port 40620 successfully
2019-08-20 21:28:25,992 [StateMachineUpdater:0cfefecf-8034-4f72-a3a3-e652ed807942:group-8EC6E5F49E10] INFO  ratis.ContainerStateMachine (ContainerStateMachine.java:takeSnapshot(271)) - group-8EC6E5F49E10: Taking a snapshot at:(t:1, i:16) file /workdir/hadoop-ozone/integration-test/target/test-dir/MiniOzoneClusterImpl-bdedfcae-614b-4f2f-bc36-d58a77a44aef/datanode-3/data/ratis/8702b93e-f06b-4aba-a018-8ec6e5f49e10/sm/snapshot.1_16
2019-08-20 21:28:25,992 [Thread-313] INFO  impl.FollowerState (FollowerState.java:run(114)) - 0cfefecf-8034-4f72-a3a3-e652ed807942: FollowerState was interrupted: java.lang.InterruptedException: sleep interrupted
2019-08-20 21:28:25,992 [main] INFO  impl.StateMachineUpdater (StateMachineUpdater.java:stopAndJoin(115)) - StateMachineUpdater:0cfefecf-8034-4f72-a3a3-e652ed807942:group-8EC6E5F49E10: set stopIndex = 16
2019-08-20 21:28:25,999 [ForkJoinPool.commonPool-worker-1] INFO  utils.BackgroundService (BackgroundService.java:shutdown(148)) - Shutting down service BlockDeletingService
2019-08-20 21:28:26,005 [refreshUsed-/workdir/hadoop-ozone/integration-test/target/test-dir/MiniOzoneClusterImpl-bdedfcae-614b-4f2f-bc36-d58a77a44aef/datanode-2/data/containers] WARN  fs.CachingGetSpaceUsed (CachingGetSpaceUsed.java:run(183)) - Thread Interrupted waiting to refresh disk information: sleep interrupted
2019-08-20 21:28:26,005 [StateMachineUpdater:0cfefecf-8034-4f72-a3a3-e652ed807942:group-8EC6E5F49E10] INFO  ratis.ContainerStateMachine (ContainerStateMachine.java:takeSnapshot(282)) - group-8EC6E5F49E10: Finished taking a snapshot at:(t:1, i:16) file:/workdir/hadoop-ozone/integration-test/target/test-dir/MiniOzoneClusterImpl-bdedfcae-614b-4f2f-bc36-d58a77a44aef/datanode-3/data/ratis/8702b93e-f06b-4aba-a018-8ec6e5f49e10/sm/snapshot.1_16 time:14
2019-08-20 21:28:26,005 [StateMachineUpdater:0cfefecf-8034-4f72-a3a3-e652ed807942:group-8EC6E5F49E10] INFO  impl.StateMachineUpdater (StateMachineUpdater.java:takeSnapshot(242)) - StateMachineUpdater:0cfefecf-8034-4f72-a3a3-e652ed807942:group-8EC6E5F49E10: Took a snapshot at index 16
2019-08-20 21:28:26,005 [StateMachineUpdater:0cfefecf-8034-4f72-a3a3-e652ed807942:group-8EC6E5F49E10] INFO  impl.StateMachineUpdater (StateMachineUpdater.java:lambda$new$0(80)) - StateMachineUpdater:0cfefecf-8034-4f72-a3a3-e652ed807942:group-8EC6E5F49E10: snapshotIndex: updateIncreasingly -1 -> 16
2019-08-20 21:28:26,006 [main] INFO  impl.RaftServerImpl (ServerState.java:close(394)) - 0cfefecf-8034-4f72-a3a3-e652ed807942:group-8EC6E5F49E10 closes. The last applied log index is 16
2019-08-20 21:28:26,007 [0cfefecf-8034-4f72-a3a3-e652ed807942-SegmentedRaftLogWorker:Storage Directory /workdir/hadoop-ozone/integration-test/target/test-dir/MiniOzoneClusterImpl-bdedfcae-614b-4f2f-bc36-d58a77a44aef/datanode-3/data/ratis/8702b93e-f06b-4aba-a018-8ec6e5f49e10] INFO  segmented.SegmentedRaftLogWorker (SegmentedRaftLogWorker.java:run(313)) - 0cfefecf-8034-4f72-a3a3-e652ed807942-SegmentedRaftLogWorker:Storage Directory /workdir/hadoop-ozone/integration-test/target/test-dir/MiniOzoneClusterImpl-bdedfcae-614b-4f2f-bc36-d58a77a44aef/datanode-3/data/ratis/8702b93e-f06b-4aba-a018-8ec6e5f49e10 was interrupted, exiting. There are 0 tasks remaining in the queue.
2019-08-20 21:28:26,011 [main] INFO  segmented.SegmentedRaftLogWorker (SegmentedRaftLogWorker.java:close(228)) - 0cfefecf-8034-4f72-a3a3-e652ed807942-SegmentedRaftLogWorker:Storage Directory /workdir/hadoop-ozone/integration-test/target/test-dir/MiniOzoneClusterImpl-bdedfcae-614b-4f2f-bc36-d58a77a44aef/datanode-3/data/ratis/8702b93e-f06b-4aba-a018-8ec6e5f49e10 close()
2019-08-20 21:28:26,014 [main] INFO  server.GrpcService (GrpcService.java:closeImpl(155)) - 0cfefecf-8034-4f72-a3a3-e652ed807942: shutdown server with port 38531 now
2019-08-20 21:28:26,014 [main] INFO  server.GrpcService (GrpcService.java:closeImpl(163)) - 0cfefecf-8034-4f72-a3a3-e652ed807942: shutdown server with port 38531 successfully
2019-08-20 21:28:26,021 [main] INFO  utils.BackgroundService (BackgroundService.java:shutdown(148)) - Shutting down service BlockDeletingService
2019-08-20 21:28:26,024 [refreshUsed-/workdir/hadoop-ozone/integration-test/target/test-dir/MiniOzoneClusterImpl-bdedfcae-614b-4f2f-bc36-d58a77a44aef/datanode-3/data/containers] WARN  fs.CachingGetSpaceUsed (CachingGetSpaceUsed.java:run(183)) - Thread Interrupted waiting to refresh disk information: sleep interrupted
2019-08-20 21:28:26,045 [ForkJoinPool.commonPool-worker-1] INFO  statemachine.DatanodeStateMachine (DatanodeStateMachine.java:stopDaemon(395)) - Ozone container server stopped.
2019-08-20 21:28:26,048 [ForkJoinPool.commonPool-worker-1] INFO  handler.ContextHandler (ContextHandler.java:doStop(910)) - Stopped o.e.j.w.WebAppContext@44d7e24{/,null,UNAVAILABLE}{/hddsDatanode}
2019-08-20 21:28:26,049 [ForkJoinPool.commonPool-worker-1] INFO  server.AbstractConnector (AbstractConnector.java:doStop(318)) - Stopped ServerConnector@26c8b296{HTTP/1.1,[http/1.1]}{0.0.0.0:0}
2019-08-20 21:28:26,051 [ForkJoinPool.commonPool-worker-1] INFO  handler.ContextHandler (ContextHandler.java:doStop(910)) - Stopped o.e.j.s.ServletContextHandler@4966bab1{/static,jar:file:/home/user/.m2/repository/org/apache/hadoop/hadoop-hdds-container-service/0.5.0-SNAPSHOT/hadoop-hdds-container-service-0.5.0-SNAPSHOT.jar!/webapps/static,UNAVAILABLE}
2019-08-20 21:28:26,052 [ForkJoinPool.commonPool-worker-1] INFO  handler.ContextHandler (ContextHandler.java:doStop(910)) - Stopped o.e.j.s.ServletContextHandler@38e83838{/logs,file:///workdir/hadoop-ozone/integration-test/target/log,UNAVAILABLE}
2019-08-20 21:28:26,052 [ForkJoinPool.commonPool-worker-1] INFO  datanode.ObjectStoreHandler (ObjectStoreHandler.java:close(155)) - Closing ObjectStoreHandler.
2019-08-20 21:28:26,053 [ForkJoinPool.commonPool-worker-1] INFO  ozone.HddsDatanodeService (HddsDatanodeService.java:stop(451)) - Stopped plug-in org.apache.hadoop.ozone.web.OzoneHddsDatanodeService@6637a365
2019-08-20 21:28:26,056 [main] INFO  statemachine.DatanodeStateMachine (DatanodeStateMachine.java:stopDaemon(395)) - Ozone container server stopped.
2019-08-20 21:28:26,057 [main] INFO  handler.ContextHandler (ContextHandler.java:doStop(910)) - Stopped o.e.j.w.WebAppContext@6c835217{/,null,UNAVAILABLE}{/hddsDatanode}
2019-08-20 21:28:26,058 [main] INFO  server.AbstractConnector (AbstractConnector.java:doStop(318)) - Stopped ServerConnector@4584304{HTTP/1.1,[http/1.1]}{0.0.0.0:0}
2019-08-20 21:28:26,059 [main] INFO  handler.ContextHandler (ContextHandler.java:doStop(910)) - Stopped o.e.j.s.ServletContextHandler@55877274{/static,jar:file:/home/user/.m2/repository/org/apache/hadoop/hadoop-hdds-container-service/0.5.0-SNAPSHOT/hadoop-hdds-container-service-0.5.0-SNAPSHOT.jar!/webapps/static,UNAVAILABLE}
2019-08-20 21:28:26,059 [main] INFO  handler.ContextHandler (ContextHandler.java:doStop(910)) - Stopped o.e.j.s.ServletContextHandler@7da1e005{/logs,file:///workdir/hadoop-ozone/integration-test/target/log,UNAVAILABLE}
2019-08-20 21:28:26,060 [main] INFO  datanode.ObjectStoreHandler (ObjectStoreHandler.java:close(155)) - Closing ObjectStoreHandler.
2019-08-20 21:28:26,061 [main] INFO  ozone.HddsDatanodeService (HddsDatanodeService.java:stop(451)) - Stopped plug-in org.apache.hadoop.ozone.web.OzoneHddsDatanodeService@9f0fc36
2019-08-20 21:28:26,121 [Datanode State Machine Thread - 0] INFO  statemachine.DatanodeStateMachine (DatanodeStateMachine.java:lambda$startDaemon$0(350)) - Ozone container server started.
2019-08-20 21:28:26,156 [grpc-default-executor-3] WARN  server.GrpcLogAppender (LogUtils.java:warn(134)) - 04d2d3e3-36e9-4430-811e-8631463037af->2a98d864-8594-48bb-bc43-21f32096cec0: Failed appendEntries: org.apache.ratis.thirdparty.io.grpc.StatusRuntimeException: UNAVAILABLE: io exception
2019-08-20 21:28:26,157 [grpc-default-executor-3] INFO  impl.FollowerInfo (FollowerInfo.java:lambda$new$0(50)) - 04d2d3e3-36e9-4430-811e-8631463037af->2a98d864-8594-48bb-bc43-21f32096cec0: nextIndex: updateUnconditionally 3 -> 2
2019-08-20 21:28:26,684 | INFO  | SCMAudit | user=jenkins1000 | ip=192.168.5.148 | op=SEND_HEARTBEAT {datanodeUUID=04d2d3e3-36e9-4430-811e-8631463037af, command=[]} | ret=SUCCESS |  
2019-08-20 21:28:26,698 [Datanode State Machine Thread - 0] INFO  statemachine.DatanodeStateMachine (DatanodeStateMachine.java:lambda$startDaemon$0(350)) - Ozone container server started.
2019-08-20 21:28:27,437 [Thread-314] INFO  impl.FollowerState (FollowerState.java:run(106)) - 65bb560a-5aa2-49c4-ad35-2197abba1c3e:group-8EC6E5F49E10 changes to CANDIDATE, lastRpcTime:9028, electionTimeout:5124ms
2019-08-20 21:28:27,438 [Thread-314] INFO  impl.RoleInfo (RoleInfo.java:shutdownFollowerState(121)) - 65bb560a-5aa2-49c4-ad35-2197abba1c3e: shutdown FollowerState
2019-08-20 21:28:27,438 [Thread-314] INFO  impl.RaftServerImpl (RaftServerImpl.java:setRole(171)) - 65bb560a-5aa2-49c4-ad35-2197abba1c3e:group-8EC6E5F49E10 changes role from FOLLOWER to CANDIDATE at term 1 for changeToCandidate
2019-08-20 21:28:27,438 [Thread-314] INFO  impl.RoleInfo (RoleInfo.java:updateAndGet(143)) - 65bb560a-5aa2-49c4-ad35-2197abba1c3e: start LeaderElection
2019-08-20 21:28:27,440 [65bb560a-5aa2-49c4-ad35-2197abba1c3e:group-8EC6E5F49E10:LeaderElection10] INFO  impl.RaftServerImpl (ServerState.java:setLeader(263)) - 65bb560a-5aa2-49c4-ad35-2197abba1c3e:group-8EC6E5F49E10 change Leader from 49b46f07-2746-4119-b484-e06b9af9c549 to null at term 1 for initElection
2019-08-20 21:28:27,454 [65bb560a-5aa2-49c4-ad35-2197abba1c3e:group-8EC6E5F49E10:LeaderElection10] INFO  impl.LeaderElection (LeaderElection.java:askForVotes(181)) - 65bb560a-5aa2-49c4-ad35-2197abba1c3e:group-8EC6E5F49E10:LeaderElection10: begin an election at term 2 for 0: [0cfefecf-8034-4f72-a3a3-e652ed807942:192.168.5.148:38531, 49b46f07-2746-4119-b484-e06b9af9c549:192.168.5.148:45764, 65bb560a-5aa2-49c4-ad35-2197abba1c3e:192.168.5.148:46812], old=null
2019-08-20 21:28:27,464 [65bb560a-5aa2-49c4-ad35-2197abba1c3e:group-8EC6E5F49E10:LeaderElection10] INFO  impl.LeaderElection (LogUtils.java:infoOrTrace(149)) - 65bb560a-5aa2-49c4-ad35-2197abba1c3e:group-8EC6E5F49E10:LeaderElection10 got exception when requesting votes: {}
java.util.concurrent.ExecutionException: org.apache.ratis.thirdparty.io.grpc.StatusRuntimeException: UNAVAILABLE: io exception
	at java.util.concurrent.FutureTask.report(FutureTask.java:122)
	at java.util.concurrent.FutureTask.get(FutureTask.java:192)
	at org.apache.ratis.server.impl.LeaderElection.waitForResults(LeaderElection.java:262)
	at org.apache.ratis.server.impl.LeaderElection.askForVotes(LeaderElection.java:200)
	at org.apache.ratis.server.impl.LeaderElection.run(LeaderElection.java:130)
	at java.lang.Thread.run(Thread.java:748)
Caused by: org.apache.ratis.thirdparty.io.grpc.StatusRuntimeException: UNAVAILABLE: io exception
	at org.apache.ratis.thirdparty.io.grpc.stub.ClientCalls.toStatusRuntimeException(ClientCalls.java:233)
	at org.apache.ratis.thirdparty.io.grpc.stub.ClientCalls.getUnchecked(ClientCalls.java:214)
	at org.apache.ratis.thirdparty.io.grpc.stub.ClientCalls.blockingUnaryCall(ClientCalls.java:139)
	at org.apache.ratis.proto.grpc.RaftServerProtocolServiceGrpc$RaftServerProtocolServiceBlockingStub.requestVote(RaftServerProtocolServiceGrpc.java:265)
	at org.apache.ratis.grpc.server.GrpcServerProtocolClient.requestVote(GrpcServerProtocolClient.java:83)
	at org.apache.ratis.grpc.server.GrpcService.requestVote(GrpcService.java:195)
	at org.apache.ratis.server.impl.LeaderElection.lambda$submitRequests$1(LeaderElection.java:237)
	at java.util.concurrent.FutureTask.run(FutureTask.java:266)
	at java.util.concurrent.Executors$RunnableAdapter.call(Executors.java:511)
	at java.util.concurrent.FutureTask.run(FutureTask.java:266)
	at java.util.concurrent.ThreadPoolExecutor.runWorker(ThreadPoolExecutor.java:1149)
	at java.util.concurrent.ThreadPoolExecutor$Worker.run(ThreadPoolExecutor.java:624)
	... 1 more
Caused by: org.apache.ratis.thirdparty.io.netty.channel.AbstractChannel$AnnotatedConnectException: Connection refused: /192.168.5.148:38531
	at sun.nio.ch.SocketChannelImpl.checkConnect(Native Method)
	at sun.nio.ch.SocketChannelImpl.finishConnect(SocketChannelImpl.java:717)
	at org.apache.ratis.thirdparty.io.netty.channel.socket.nio.NioSocketChannel.doFinishConnect(NioSocketChannel.java:327)
	at org.apache.ratis.thirdparty.io.netty.channel.nio.AbstractNioChannel$AbstractNioUnsafe.finishConnect(AbstractNioChannel.java:340)
	at org.apache.ratis.thirdparty.io.netty.channel.nio.NioEventLoop.processSelectedKey(NioEventLoop.java:632)
	at org.apache.ratis.thirdparty.io.netty.channel.nio.NioEventLoop.processSelectedKeysOptimized(NioEventLoop.java:579)
	at org.apache.ratis.thirdparty.io.netty.channel.nio.NioEventLoop.processSelectedKeys(NioEventLoop.java:496)
	at org.apache.ratis.thirdparty.io.netty.channel.nio.NioEventLoop.run(NioEventLoop.java:458)
	at org.apache.ratis.thirdparty.io.netty.util.concurrent.SingleThreadEventExecutor$5.run(SingleThreadEventExecutor.java:897)
	at org.apache.ratis.thirdparty.io.netty.util.concurrent.FastThreadLocalRunnable.run(FastThreadLocalRunnable.java:30)
	... 1 more
Caused by: java.net.ConnectException: Connection refused
	... 11 more
2019-08-20 21:28:27,466 [65bb560a-5aa2-49c4-ad35-2197abba1c3e:group-8EC6E5F49E10:LeaderElection10] INFO  impl.LeaderElection (LogUtils.java:infoOrTrace(149)) - 65bb560a-5aa2-49c4-ad35-2197abba1c3e:group-8EC6E5F49E10:LeaderElection10 got exception when requesting votes: {}
java.util.concurrent.ExecutionException: org.apache.ratis.thirdparty.io.grpc.StatusRuntimeException: UNAVAILABLE: io exception
	at java.util.concurrent.FutureTask.report(FutureTask.java:122)
	at java.util.concurrent.FutureTask.get(FutureTask.java:192)
	at org.apache.ratis.server.impl.LeaderElection.waitForResults(LeaderElection.java:262)
	at org.apache.ratis.server.impl.LeaderElection.askForVotes(LeaderElection.java:200)
	at org.apache.ratis.server.impl.LeaderElection.run(LeaderElection.java:130)
	at java.lang.Thread.run(Thread.java:748)
Caused by: org.apache.ratis.thirdparty.io.grpc.StatusRuntimeException: UNAVAILABLE: io exception
	at org.apache.ratis.thirdparty.io.grpc.stub.ClientCalls.toStatusRuntimeException(ClientCalls.java:233)
	at org.apache.ratis.thirdparty.io.grpc.stub.ClientCalls.getUnchecked(ClientCalls.java:214)
	at org.apache.ratis.thirdparty.io.grpc.stub.ClientCalls.blockingUnaryCall(ClientCalls.java:139)
	at org.apache.ratis.proto.grpc.RaftServerProtocolServiceGrpc$RaftServerProtocolServiceBlockingStub.requestVote(RaftServerProtocolServiceGrpc.java:265)
	at org.apache.ratis.grpc.server.GrpcServerProtocolClient.requestVote(GrpcServerProtocolClient.java:83)
	at org.apache.ratis.grpc.server.GrpcService.requestVote(GrpcService.java:195)
	at org.apache.ratis.server.impl.LeaderElection.lambda$submitRequests$1(LeaderElection.java:237)
	at java.util.concurrent.FutureTask.run(FutureTask.java:266)
	at java.util.concurrent.Executors$RunnableAdapter.call(Executors.java:511)
	at java.util.concurrent.FutureTask.run(FutureTask.java:266)
	at java.util.concurrent.ThreadPoolExecutor.runWorker(ThreadPoolExecutor.java:1149)
	at java.util.concurrent.ThreadPoolExecutor$Worker.run(ThreadPoolExecutor.java:624)
	... 1 more
Caused by: org.apache.ratis.thirdparty.io.netty.channel.AbstractChannel$AnnotatedConnectException: Connection refused: /192.168.5.148:45764
	at sun.nio.ch.SocketChannelImpl.checkConnect(Native Method)
	at sun.nio.ch.SocketChannelImpl.finishConnect(SocketChannelImpl.java:717)
	at org.apache.ratis.thirdparty.io.netty.channel.socket.nio.NioSocketChannel.doFinishConnect(NioSocketChannel.java:327)
	at org.apache.ratis.thirdparty.io.netty.channel.nio.AbstractNioChannel$AbstractNioUnsafe.finishConnect(AbstractNioChannel.java:340)
	at org.apache.ratis.thirdparty.io.netty.channel.nio.NioEventLoop.processSelectedKey(NioEventLoop.java:632)
	at org.apache.ratis.thirdparty.io.netty.channel.nio.NioEventLoop.processSelectedKeysOptimized(NioEventLoop.java:579)
	at org.apache.ratis.thirdparty.io.netty.channel.nio.NioEventLoop.processSelectedKeys(NioEventLoop.java:496)
	at org.apache.ratis.thirdparty.io.netty.channel.nio.NioEventLoop.run(NioEventLoop.java:458)
	at org.apache.ratis.thirdparty.io.netty.util.concurrent.SingleThreadEventExecutor$5.run(SingleThreadEventExecutor.java:897)
	at org.apache.ratis.thirdparty.io.netty.util.concurrent.FastThreadLocalRunnable.run(FastThreadLocalRunnable.java:30)
	... 1 more
Caused by: java.net.ConnectException: Connection refused
	... 11 more
2019-08-20 21:28:27,472 [65bb560a-5aa2-49c4-ad35-2197abba1c3e:group-8EC6E5F49E10:LeaderElection10] INFO  impl.LeaderElection (LeaderElection.java:logAndReturn(56)) - 65bb560a-5aa2-49c4-ad35-2197abba1c3e:group-8EC6E5F49E10:LeaderElection10: Election REJECTED; received 0 response(s) [] and 2 exception(s); 65bb560a-5aa2-49c4-ad35-2197abba1c3e:t2, leader=null, voted=65bb560a-5aa2-49c4-ad35-2197abba1c3e, raftlog=65bb560a-5aa2-49c4-ad35-2197abba1c3e-SegmentedRaftLog:OPENED:c16,f16,i16, conf=0: [0cfefecf-8034-4f72-a3a3-e652ed807942:192.168.5.148:38531, 49b46f07-2746-4119-b484-e06b9af9c549:192.168.5.148:45764, 65bb560a-5aa2-49c4-ad35-2197abba1c3e:192.168.5.148:46812], old=null
2019-08-20 21:28:27,473 [65bb560a-5aa2-49c4-ad35-2197abba1c3e:group-8EC6E5F49E10:LeaderElection10] INFO  impl.LeaderElection (LogUtils.java:infoOrTrace(149)) -   Exception 0: {}
java.util.concurrent.ExecutionException: org.apache.ratis.thirdparty.io.grpc.StatusRuntimeException: UNAVAILABLE: io exception
	at java.util.concurrent.FutureTask.report(FutureTask.java:122)
	at java.util.concurrent.FutureTask.get(FutureTask.java:192)
	at org.apache.ratis.server.impl.LeaderElection.waitForResults(LeaderElection.java:262)
	at org.apache.ratis.server.impl.LeaderElection.askForVotes(LeaderElection.java:200)
	at org.apache.ratis.server.impl.LeaderElection.run(LeaderElection.java:130)
	at java.lang.Thread.run(Thread.java:748)
Caused by: org.apache.ratis.thirdparty.io.grpc.StatusRuntimeException: UNAVAILABLE: io exception
	at org.apache.ratis.thirdparty.io.grpc.stub.ClientCalls.toStatusRuntimeException(ClientCalls.java:233)
	at org.apache.ratis.thirdparty.io.grpc.stub.ClientCalls.getUnchecked(ClientCalls.java:214)
	at org.apache.ratis.thirdparty.io.grpc.stub.ClientCalls.blockingUnaryCall(ClientCalls.java:139)
	at org.apache.ratis.proto.grpc.RaftServerProtocolServiceGrpc$RaftServerProtocolServiceBlockingStub.requestVote(RaftServerProtocolServiceGrpc.java:265)
	at org.apache.ratis.grpc.server.GrpcServerProtocolClient.requestVote(GrpcServerProtocolClient.java:83)
	at org.apache.ratis.grpc.server.GrpcService.requestVote(GrpcService.java:195)
	at org.apache.ratis.server.impl.LeaderElection.lambda$submitRequests$1(LeaderElection.java:237)
	at java.util.concurrent.FutureTask.run(FutureTask.java:266)
	at java.util.concurrent.Executors$RunnableAdapter.call(Executors.java:511)
	at java.util.concurrent.FutureTask.run(FutureTask.java:266)
	at java.util.concurrent.ThreadPoolExecutor.runWorker(ThreadPoolExecutor.java:1149)
	at java.util.concurrent.ThreadPoolExecutor$Worker.run(ThreadPoolExecutor.java:624)
	... 1 more
Caused by: org.apache.ratis.thirdparty.io.netty.channel.AbstractChannel$AnnotatedConnectException: Connection refused: /192.168.5.148:38531
	at sun.nio.ch.SocketChannelImpl.checkConnect(Native Method)
	at sun.nio.ch.SocketChannelImpl.finishConnect(SocketChannelImpl.java:717)
	at org.apache.ratis.thirdparty.io.netty.channel.socket.nio.NioSocketChannel.doFinishConnect(NioSocketChannel.java:327)
	at org.apache.ratis.thirdparty.io.netty.channel.nio.AbstractNioChannel$AbstractNioUnsafe.finishConnect(AbstractNioChannel.java:340)
	at org.apache.ratis.thirdparty.io.netty.channel.nio.NioEventLoop.processSelectedKey(NioEventLoop.java:632)
	at org.apache.ratis.thirdparty.io.netty.channel.nio.NioEventLoop.processSelectedKeysOptimized(NioEventLoop.java:579)
	at org.apache.ratis.thirdparty.io.netty.channel.nio.NioEventLoop.processSelectedKeys(NioEventLoop.java:496)
	at org.apache.ratis.thirdparty.io.netty.channel.nio.NioEventLoop.run(NioEventLoop.java:458)
	at org.apache.ratis.thirdparty.io.netty.util.concurrent.SingleThreadEventExecutor$5.run(SingleThreadEventExecutor.java:897)
	at org.apache.ratis.thirdparty.io.netty.util.concurrent.FastThreadLocalRunnable.run(FastThreadLocalRunnable.java:30)
	... 1 more
Caused by: java.net.ConnectException: Connection refused
	... 11 more
2019-08-20 21:28:27,474 [65bb560a-5aa2-49c4-ad35-2197abba1c3e:group-8EC6E5F49E10:LeaderElection10] INFO  impl.LeaderElection (LogUtils.java:infoOrTrace(149)) -   Exception 1: {}
java.util.concurrent.ExecutionException: org.apache.ratis.thirdparty.io.grpc.StatusRuntimeException: UNAVAILABLE: io exception
	at java.util.concurrent.FutureTask.report(FutureTask.java:122)
	at java.util.concurrent.FutureTask.get(FutureTask.java:192)
	at org.apache.ratis.server.impl.LeaderElection.waitForResults(LeaderElection.java:262)
	at org.apache.ratis.server.impl.LeaderElection.askForVotes(LeaderElection.java:200)
	at org.apache.ratis.server.impl.LeaderElection.run(LeaderElection.java:130)
	at java.lang.Thread.run(Thread.java:748)
Caused by: org.apache.ratis.thirdparty.io.grpc.StatusRuntimeException: UNAVAILABLE: io exception
	at org.apache.ratis.thirdparty.io.grpc.stub.ClientCalls.toStatusRuntimeException(ClientCalls.java:233)
	at org.apache.ratis.thirdparty.io.grpc.stub.ClientCalls.getUnchecked(ClientCalls.java:214)
	at org.apache.ratis.thirdparty.io.grpc.stub.ClientCalls.blockingUnaryCall(ClientCalls.java:139)
	at org.apache.ratis.proto.grpc.RaftServerProtocolServiceGrpc$RaftServerProtocolServiceBlockingStub.requestVote(RaftServerProtocolServiceGrpc.java:265)
	at org.apache.ratis.grpc.server.GrpcServerProtocolClient.requestVote(GrpcServerProtocolClient.java:83)
	at org.apache.ratis.grpc.server.GrpcService.requestVote(GrpcService.java:195)
	at org.apache.ratis.server.impl.LeaderElection.lambda$submitRequests$1(LeaderElection.java:237)
	at java.util.concurrent.FutureTask.run(FutureTask.java:266)
	at java.util.concurrent.Executors$RunnableAdapter.call(Executors.java:511)
	at java.util.concurrent.FutureTask.run(FutureTask.java:266)
	at java.util.concurrent.ThreadPoolExecutor.runWorker(ThreadPoolExecutor.java:1149)
	at java.util.concurrent.ThreadPoolExecutor$Worker.run(ThreadPoolExecutor.java:624)
	... 1 more
Caused by: org.apache.ratis.thirdparty.io.netty.channel.AbstractChannel$AnnotatedConnectException: Connection refused: /192.168.5.148:45764
	at sun.nio.ch.SocketChannelImpl.checkConnect(Native Method)
	at sun.nio.ch.SocketChannelImpl.finishConnect(SocketChannelImpl.java:717)
	at org.apache.ratis.thirdparty.io.netty.channel.socket.nio.NioSocketChannel.doFinishConnect(NioSocketChannel.java:327)
	at org.apache.ratis.thirdparty.io.netty.channel.nio.AbstractNioChannel$AbstractNioUnsafe.finishConnect(AbstractNioChannel.java:340)
	at org.apache.ratis.thirdparty.io.netty.channel.nio.NioEventLoop.processSelectedKey(NioEventLoop.java:632)
	at org.apache.ratis.thirdparty.io.netty.channel.nio.NioEventLoop.processSelectedKeysOptimized(NioEventLoop.java:579)
	at org.apache.ratis.thirdparty.io.netty.channel.nio.NioEventLoop.processSelectedKeys(NioEventLoop.java:496)
	at org.apache.ratis.thirdparty.io.netty.channel.nio.NioEventLoop.run(NioEventLoop.java:458)
	at org.apache.ratis.thirdparty.io.netty.util.concurrent.SingleThreadEventExecutor$5.run(SingleThreadEventExecutor.java:897)
	at org.apache.ratis.thirdparty.io.netty.util.concurrent.FastThreadLocalRunnable.run(FastThreadLocalRunnable.java:30)
	... 1 more
Caused by: java.net.ConnectException: Connection refused
	... 11 more
2019-08-20 21:28:27,475 [65bb560a-5aa2-49c4-ad35-2197abba1c3e:group-8EC6E5F49E10:LeaderElection10] INFO  impl.RaftServerImpl (RaftServerImpl.java:setRole(171)) - 65bb560a-5aa2-49c4-ad35-2197abba1c3e:group-8EC6E5F49E10 changes role from CANDIDATE to FOLLOWER at term 2 for DISCOVERED_A_NEW_TERM
2019-08-20 21:28:27,476 [65bb560a-5aa2-49c4-ad35-2197abba1c3e:group-8EC6E5F49E10:LeaderElection10] INFO  impl.RoleInfo (RoleInfo.java:shutdownLeaderElection(134)) - 65bb560a-5aa2-49c4-ad35-2197abba1c3e: shutdown LeaderElection
2019-08-20 21:28:27,477 [65bb560a-5aa2-49c4-ad35-2197abba1c3e:group-8EC6E5F49E10:LeaderElection10] INFO  impl.RoleInfo (RoleInfo.java:updateAndGet(143)) - 65bb560a-5aa2-49c4-ad35-2197abba1c3e: start FollowerState
2019-08-20 21:28:27,685 | INFO  | SCMAudit | user=jenkins1000 | ip=192.168.5.148 | op=SEND_HEARTBEAT {datanodeUUID=04d2d3e3-36e9-4430-811e-8631463037af, command=[]} | ret=SUCCESS |  
2019-08-20 21:28:28,657 [grpc-default-executor-2] WARN  server.GrpcLogAppender (LogUtils.java:warn(134)) - 04d2d3e3-36e9-4430-811e-8631463037af->2a98d864-8594-48bb-bc43-21f32096cec0: Failed appendEntries: org.apache.ratis.thirdparty.io.grpc.StatusRuntimeException: UNAVAILABLE: io exception
2019-08-20 21:28:28,658 [grpc-default-executor-2] INFO  impl.FollowerInfo (FollowerInfo.java:lambda$new$0(50)) - 04d2d3e3-36e9-4430-811e-8631463037af->2a98d864-8594-48bb-bc43-21f32096cec0: nextIndex: updateUnconditionally 2 -> 1
2019-08-20 21:28:28,683 | INFO  | SCMAudit | user=jenkins1000 | ip=192.168.5.148 | op=SEND_HEARTBEAT {datanodeUUID=04d2d3e3-36e9-4430-811e-8631463037af, command=[]} | ret=SUCCESS |  
2019-08-20 21:28:29,683 | INFO  | SCMAudit | user=jenkins1000 | ip=192.168.5.148 | op=SEND_HEARTBEAT {datanodeUUID=04d2d3e3-36e9-4430-811e-8631463037af, command=[]} | ret=SUCCESS |  
2019-08-20 21:28:30,205 [EventQueue-StaleNodeForStaleNodeHandler] INFO  node.StaleNodeHandler (StaleNodeHandler.java:onMessage(58)) - Datanode 65bb560a-5aa2-49c4-ad35-2197abba1c3e{ip: 192.168.5.148, host: pr-hdds-1973-5qsvz-4139986036, networkLocation: /default-rack, certSerialId: null} moved to stale state. Finalizing its pipelines [PipelineID=0ffa7600-4fd3-4fb6-a303-723dcb8c2c4d, PipelineID=8702b93e-f06b-4aba-a018-8ec6e5f49e10]
2019-08-20 21:28:30,206 [EventQueue-StaleNodeForStaleNodeHandler] INFO  pipeline.SCMPipelineManager (SCMPipelineManager.java:finalizeAndDestroyPipeline(309)) - destroying pipeline:Pipeline[ Id: 0ffa7600-4fd3-4fb6-a303-723dcb8c2c4d, Nodes: 65bb560a-5aa2-49c4-ad35-2197abba1c3e{ip: 192.168.5.148, host: pr-hdds-1973-5qsvz-4139986036, networkLocation: /default-rack, certSerialId: null}, Type:RATIS, Factor:ONE, State:OPEN]
2019-08-20 21:28:30,206 [EventQueue-StaleNodeForStaleNodeHandler] INFO  pipeline.PipelineStateManager (PipelineStateManager.java:finalizePipeline(123)) - Pipeline Pipeline[ Id: 0ffa7600-4fd3-4fb6-a303-723dcb8c2c4d, Nodes: 65bb560a-5aa2-49c4-ad35-2197abba1c3e{ip: 192.168.5.148, host: pr-hdds-1973-5qsvz-4139986036, networkLocation: /default-rack, certSerialId: null}, Type:RATIS, Factor:ONE, State:CLOSED] moved to CLOSED state
2019-08-20 21:28:30,206 [EventQueue-StaleNodeForStaleNodeHandler] INFO  pipeline.SCMPipelineManager (SCMPipelineManager.java:finalizeAndDestroyPipeline(309)) - destroying pipeline:Pipeline[ Id: 8702b93e-f06b-4aba-a018-8ec6e5f49e10, Nodes: 65bb560a-5aa2-49c4-ad35-2197abba1c3e{ip: 192.168.5.148, host: pr-hdds-1973-5qsvz-4139986036, networkLocation: /default-rack, certSerialId: null}49b46f07-2746-4119-b484-e06b9af9c549{ip: 192.168.5.148, host: pr-hdds-1973-5qsvz-4139986036, networkLocation: /default-rack, certSerialId: null}0cfefecf-8034-4f72-a3a3-e652ed807942{ip: 192.168.5.148, host: pr-hdds-1973-5qsvz-4139986036, networkLocation: /default-rack, certSerialId: null}, Type:RATIS, Factor:THREE, State:CLOSED]
2019-08-20 21:28:30,683 | INFO  | SCMAudit | user=jenkins1000 | ip=192.168.5.148 | op=SEND_HEARTBEAT {datanodeUUID=04d2d3e3-36e9-4430-811e-8631463037af, command=[]} | ret=SUCCESS |  
2019-08-20 21:28:30,706 [EventQueue-StaleNodeForStaleNodeHandler] INFO  node.StaleNodeHandler (StaleNodeHandler.java:onMessage(58)) - Datanode 622f3963-6db5-4cef-b6c4-dc9e39bfc6cb{ip: 192.168.5.148, host: pr-hdds-1973-5qsvz-4139986036, networkLocation: /default-rack, certSerialId: null} moved to stale state. Finalizing its pipelines [PipelineID=48eece08-f0af-466c-9d54-bf755444c008, PipelineID=471a497d-0aa0-4197-9977-91eb139a857d]
2019-08-20 21:28:30,706 [EventQueue-StaleNodeForStaleNodeHandler] INFO  pipeline.SCMPipelineManager (SCMPipelineManager.java:finalizeAndDestroyPipeline(309)) - destroying pipeline:Pipeline[ Id: 48eece08-f0af-466c-9d54-bf755444c008, Nodes: 622f3963-6db5-4cef-b6c4-dc9e39bfc6cb{ip: 192.168.5.148, host: pr-hdds-1973-5qsvz-4139986036, networkLocation: /default-rack, certSerialId: null}, Type:RATIS, Factor:ONE, State:OPEN]
2019-08-20 21:28:30,706 [EventQueue-StaleNodeForStaleNodeHandler] INFO  pipeline.PipelineStateManager (PipelineStateManager.java:finalizePipeline(123)) - Pipeline Pipeline[ Id: 48eece08-f0af-466c-9d54-bf755444c008, Nodes: 622f3963-6db5-4cef-b6c4-dc9e39bfc6cb{ip: 192.168.5.148, host: pr-hdds-1973-5qsvz-4139986036, networkLocation: /default-rack, certSerialId: null}, Type:RATIS, Factor:ONE, State:CLOSED] moved to CLOSED state
2019-08-20 21:28:30,706 [EventQueue-StaleNodeForStaleNodeHandler] INFO  pipeline.SCMPipelineManager (SCMPipelineManager.java:finalizeAndDestroyPipeline(309)) - destroying pipeline:Pipeline[ Id: 471a497d-0aa0-4197-9977-91eb139a857d, Nodes: 2a98d864-8594-48bb-bc43-21f32096cec0{ip: 192.168.5.148, host: pr-hdds-1973-5qsvz-4139986036, networkLocation: /default-rack, certSerialId: null}04d2d3e3-36e9-4430-811e-8631463037af{ip: 192.168.5.148, host: pr-hdds-1973-5qsvz-4139986036, networkLocation: /default-rack, certSerialId: null}622f3963-6db5-4cef-b6c4-dc9e39bfc6cb{ip: 192.168.5.148, host: pr-hdds-1973-5qsvz-4139986036, networkLocation: /default-rack, certSerialId: null}, Type:RATIS, Factor:THREE, State:CLOSED]
2019-08-20 21:28:31,054 [ForkJoinPool.commonPool-worker-1] INFO  ozoneimpl.OzoneContainer (OzoneContainer.java:stop(199)) - Attempting to stop container services.
2019-08-20 21:28:31,055 [ForkJoinPool.commonPool-worker-1] INFO  impl.RaftServerProxy (RaftServerProxy.java:lambda$close$4(314)) - 65bb560a-5aa2-49c4-ad35-2197abba1c3e: close
2019-08-20 21:28:31,055 [ForkJoinPool.commonPool-worker-1] INFO  impl.RaftServerImpl (RaftServerImpl.java:lambda$shutdown$3(245)) - 65bb560a-5aa2-49c4-ad35-2197abba1c3e: shutdown group-723DCB8C2C4D
2019-08-20 21:28:31,055 [ForkJoinPool.commonPool-worker-1] INFO  util.JmxRegister (JmxRegister.java:unregister(73)) - Successfully un-registered JMX Bean with object name Ratis:service=RaftServer,group=group-723DCB8C2C4D,id=65bb560a-5aa2-49c4-ad35-2197abba1c3e
2019-08-20 21:28:31,056 [ForkJoinPool.commonPool-worker-1] INFO  impl.RoleInfo (RoleInfo.java:shutdownLeaderState(104)) - 65bb560a-5aa2-49c4-ad35-2197abba1c3e: shutdown LeaderState
2019-08-20 21:28:31,056 [ForkJoinPool.commonPool-worker-1] INFO  impl.PendingRequests (PendingRequests.java:sendNotLeaderResponses(202)) - 65bb560a-5aa2-49c4-ad35-2197abba1c3e-PendingRequests: sendNotLeaderResponses
2019-08-20 21:28:31,057 [ForkJoinPool.commonPool-worker-1] INFO  impl.StateMachineUpdater (StateMachineUpdater.java:stopAndJoin(115)) - StateMachineUpdater:65bb560a-5aa2-49c4-ad35-2197abba1c3e:group-723DCB8C2C4D: set stopIndex = 0
2019-08-20 21:28:31,057 [ForkJoinPool.commonPool-worker-1] INFO  impl.RaftServerImpl (ServerState.java:close(394)) - 65bb560a-5aa2-49c4-ad35-2197abba1c3e:group-723DCB8C2C4D closes. The last applied log index is 0
2019-08-20 21:28:31,058 [65bb560a-5aa2-49c4-ad35-2197abba1c3e-SegmentedRaftLogWorker:Storage Directory /workdir/hadoop-ozone/integration-test/target/test-dir/MiniOzoneClusterImpl-bdedfcae-614b-4f2f-bc36-d58a77a44aef/datanode-0/data/ratis/0ffa7600-4fd3-4fb6-a303-723dcb8c2c4d] INFO  segmented.SegmentedRaftLogWorker (SegmentedRaftLogWorker.java:run(313)) - 65bb560a-5aa2-49c4-ad35-2197abba1c3e-SegmentedRaftLogWorker:Storage Directory /workdir/hadoop-ozone/integration-test/target/test-dir/MiniOzoneClusterImpl-bdedfcae-614b-4f2f-bc36-d58a77a44aef/datanode-0/data/ratis/0ffa7600-4fd3-4fb6-a303-723dcb8c2c4d was interrupted, exiting. There are 0 tasks remaining in the queue.
2019-08-20 21:28:31,060 [ForkJoinPool.commonPool-worker-1] INFO  segmented.SegmentedRaftLogWorker (SegmentedRaftLogWorker.java:close(228)) - 65bb560a-5aa2-49c4-ad35-2197abba1c3e-SegmentedRaftLogWorker:Storage Directory /workdir/hadoop-ozone/integration-test/target/test-dir/MiniOzoneClusterImpl-bdedfcae-614b-4f2f-bc36-d58a77a44aef/datanode-0/data/ratis/0ffa7600-4fd3-4fb6-a303-723dcb8c2c4d close()
2019-08-20 21:28:31,063 [ForkJoinPool.commonPool-worker-1] INFO  impl.RaftServerImpl (RaftServerImpl.java:lambda$shutdown$3(245)) - 65bb560a-5aa2-49c4-ad35-2197abba1c3e: shutdown group-8EC6E5F49E10
2019-08-20 21:28:31,063 [main] INFO  ozoneimpl.OzoneContainer (OzoneContainer.java:stop(199)) - Attempting to stop container services.
2019-08-20 21:28:31,063 [ForkJoinPool.commonPool-worker-1] INFO  util.JmxRegister (JmxRegister.java:unregister(73)) - Successfully un-registered JMX Bean with object name Ratis:service=RaftServer,group=group-8EC6E5F49E10,id=65bb560a-5aa2-49c4-ad35-2197abba1c3e
2019-08-20 21:28:31,064 [ForkJoinPool.commonPool-worker-1] INFO  impl.RoleInfo (RoleInfo.java:shutdownFollowerState(121)) - 65bb560a-5aa2-49c4-ad35-2197abba1c3e: shutdown FollowerState
2019-08-20 21:28:31,064 [main] INFO  impl.RaftServerProxy (RaftServerProxy.java:lambda$close$4(314)) - 622f3963-6db5-4cef-b6c4-dc9e39bfc6cb: close
2019-08-20 21:28:31,064 [StateMachineUpdater:65bb560a-5aa2-49c4-ad35-2197abba1c3e:group-8EC6E5F49E10] INFO  ratis.ContainerStateMachine (ContainerStateMachine.java:takeSnapshot(271)) - group-8EC6E5F49E10: Taking a snapshot at:(t:1, i:16) file /workdir/hadoop-ozone/integration-test/target/test-dir/MiniOzoneClusterImpl-bdedfcae-614b-4f2f-bc36-d58a77a44aef/datanode-0/data/ratis/8702b93e-f06b-4aba-a018-8ec6e5f49e10/sm/snapshot.1_16
2019-08-20 21:28:31,064 [Thread-438] INFO  impl.FollowerState (FollowerState.java:run(114)) - 65bb560a-5aa2-49c4-ad35-2197abba1c3e: FollowerState was interrupted: java.lang.InterruptedException: sleep interrupted
2019-08-20 21:28:31,064 [ForkJoinPool.commonPool-worker-1] INFO  impl.StateMachineUpdater (StateMachineUpdater.java:stopAndJoin(115)) - StateMachineUpdater:65bb560a-5aa2-49c4-ad35-2197abba1c3e:group-8EC6E5F49E10: set stopIndex = 16
2019-08-20 21:28:31,065 [main] INFO  impl.RaftServerImpl (RaftServerImpl.java:lambda$shutdown$3(245)) - 622f3963-6db5-4cef-b6c4-dc9e39bfc6cb: shutdown group-BF755444C008
2019-08-20 21:28:31,067 [main] INFO  util.JmxRegister (JmxRegister.java:unregister(73)) - Successfully un-registered JMX Bean with object name Ratis:service=RaftServer,group=group-BF755444C008,id=622f3963-6db5-4cef-b6c4-dc9e39bfc6cb
2019-08-20 21:28:31,067 [main] INFO  impl.RoleInfo (RoleInfo.java:shutdownLeaderState(104)) - 622f3963-6db5-4cef-b6c4-dc9e39bfc6cb: shutdown LeaderState
2019-08-20 21:28:31,068 [main] INFO  impl.PendingRequests (PendingRequests.java:sendNotLeaderResponses(202)) - 622f3963-6db5-4cef-b6c4-dc9e39bfc6cb-PendingRequests: sendNotLeaderResponses
2019-08-20 21:28:31,068 [main] INFO  impl.StateMachineUpdater (StateMachineUpdater.java:stopAndJoin(115)) - StateMachineUpdater:622f3963-6db5-4cef-b6c4-dc9e39bfc6cb:group-BF755444C008: set stopIndex = 0
2019-08-20 21:28:31,069 [main] INFO  impl.RaftServerImpl (ServerState.java:close(394)) - 622f3963-6db5-4cef-b6c4-dc9e39bfc6cb:group-BF755444C008 closes. The last applied log index is 0
2019-08-20 21:28:31,070 [622f3963-6db5-4cef-b6c4-dc9e39bfc6cb-SegmentedRaftLogWorker:Storage Directory /workdir/hadoop-ozone/integration-test/target/test-dir/MiniOzoneClusterImpl-bdedfcae-614b-4f2f-bc36-d58a77a44aef/datanode-6/data/ratis/48eece08-f0af-466c-9d54-bf755444c008] INFO  segmented.SegmentedRaftLogWorker (SegmentedRaftLogWorker.java:run(313)) - 622f3963-6db5-4cef-b6c4-dc9e39bfc6cb-SegmentedRaftLogWorker:Storage Directory /workdir/hadoop-ozone/integration-test/target/test-dir/MiniOzoneClusterImpl-bdedfcae-614b-4f2f-bc36-d58a77a44aef/datanode-6/data/ratis/48eece08-f0af-466c-9d54-bf755444c008 was interrupted, exiting. There are 0 tasks remaining in the queue.
2019-08-20 21:28:31,071 [main] INFO  segmented.SegmentedRaftLogWorker (SegmentedRaftLogWorker.java:close(228)) - 622f3963-6db5-4cef-b6c4-dc9e39bfc6cb-SegmentedRaftLogWorker:Storage Directory /workdir/hadoop-ozone/integration-test/target/test-dir/MiniOzoneClusterImpl-bdedfcae-614b-4f2f-bc36-d58a77a44aef/datanode-6/data/ratis/48eece08-f0af-466c-9d54-bf755444c008 close()
2019-08-20 21:28:31,074 [main] INFO  impl.RaftServerImpl (RaftServerImpl.java:lambda$shutdown$3(245)) - 622f3963-6db5-4cef-b6c4-dc9e39bfc6cb: shutdown group-91EB139A857D
2019-08-20 21:28:31,074 [main] INFO  util.JmxRegister (JmxRegister.java:unregister(73)) - Successfully un-registered JMX Bean with object name Ratis:service=RaftServer,group=group-91EB139A857D,id=622f3963-6db5-4cef-b6c4-dc9e39bfc6cb
2019-08-20 21:28:31,075 [main] INFO  impl.RoleInfo (RoleInfo.java:shutdownFollowerState(121)) - 622f3963-6db5-4cef-b6c4-dc9e39bfc6cb: shutdown FollowerState
2019-08-20 21:28:31,075 [main] INFO  impl.StateMachineUpdater (StateMachineUpdater.java:stopAndJoin(115)) - StateMachineUpdater:622f3963-6db5-4cef-b6c4-dc9e39bfc6cb:group-91EB139A857D: set stopIndex = 6
2019-08-20 21:28:31,075 [StateMachineUpdater:622f3963-6db5-4cef-b6c4-dc9e39bfc6cb:group-91EB139A857D] INFO  ratis.ContainerStateMachine (ContainerStateMachine.java:takeSnapshot(271)) - group-91EB139A857D: Taking a snapshot at:(t:1, i:5) file /workdir/hadoop-ozone/integration-test/target/test-dir/MiniOzoneClusterImpl-bdedfcae-614b-4f2f-bc36-d58a77a44aef/datanode-6/data/ratis/471a497d-0aa0-4197-9977-91eb139a857d/sm/snapshot.1_5
2019-08-20 21:28:31,075 [Thread-322] INFO  impl.FollowerState (FollowerState.java:run(114)) - 622f3963-6db5-4cef-b6c4-dc9e39bfc6cb: FollowerState was interrupted: java.lang.InterruptedException: sleep interrupted
2019-08-20 21:28:31,081 [StateMachineUpdater:622f3963-6db5-4cef-b6c4-dc9e39bfc6cb:group-91EB139A857D] INFO  ratis.ContainerStateMachine (ContainerStateMachine.java:takeSnapshot(282)) - group-91EB139A857D: Finished taking a snapshot at:(t:1, i:5) file:/workdir/hadoop-ozone/integration-test/target/test-dir/MiniOzoneClusterImpl-bdedfcae-614b-4f2f-bc36-d58a77a44aef/datanode-6/data/ratis/471a497d-0aa0-4197-9977-91eb139a857d/sm/snapshot.1_5 time:6
2019-08-20 21:28:31,081 [StateMachineUpdater:65bb560a-5aa2-49c4-ad35-2197abba1c3e:group-8EC6E5F49E10] INFO  ratis.ContainerStateMachine (ContainerStateMachine.java:takeSnapshot(282)) - group-8EC6E5F49E10: Finished taking a snapshot at:(t:1, i:16) file:/workdir/hadoop-ozone/integration-test/target/test-dir/MiniOzoneClusterImpl-bdedfcae-614b-4f2f-bc36-d58a77a44aef/datanode-0/data/ratis/8702b93e-f06b-4aba-a018-8ec6e5f49e10/sm/snapshot.1_16 time:17
2019-08-20 21:28:31,081 [StateMachineUpdater:622f3963-6db5-4cef-b6c4-dc9e39bfc6cb:group-91EB139A857D] INFO  impl.StateMachineUpdater (StateMachineUpdater.java:takeSnapshot(242)) - StateMachineUpdater:622f3963-6db5-4cef-b6c4-dc9e39bfc6cb:group-91EB139A857D: Took a snapshot at index 5
2019-08-20 21:28:31,081 [StateMachineUpdater:65bb560a-5aa2-49c4-ad35-2197abba1c3e:group-8EC6E5F49E10] INFO  impl.StateMachineUpdater (StateMachineUpdater.java:takeSnapshot(242)) - StateMachineUpdater:65bb560a-5aa2-49c4-ad35-2197abba1c3e:group-8EC6E5F49E10: Took a snapshot at index 16
2019-08-20 21:28:31,081 [StateMachineUpdater:622f3963-6db5-4cef-b6c4-dc9e39bfc6cb:group-91EB139A857D] INFO  impl.StateMachineUpdater (StateMachineUpdater.java:lambda$new$0(80)) - StateMachineUpdater:622f3963-6db5-4cef-b6c4-dc9e39bfc6cb:group-91EB139A857D: snapshotIndex: updateIncreasingly -1 -> 5
2019-08-20 21:28:31,081 [StateMachineUpdater:65bb560a-5aa2-49c4-ad35-2197abba1c3e:group-8EC6E5F49E10] INFO  impl.StateMachineUpdater (StateMachineUpdater.java:lambda$new$0(80)) - StateMachineUpdater:65bb560a-5aa2-49c4-ad35-2197abba1c3e:group-8EC6E5F49E10: snapshotIndex: updateIncreasingly -1 -> 16
2019-08-20 21:28:31,082 [main] INFO  impl.RaftServerImpl (ServerState.java:close(394)) - 622f3963-6db5-4cef-b6c4-dc9e39bfc6cb:group-91EB139A857D closes. The last applied log index is 6
2019-08-20 21:28:31,082 [ForkJoinPool.commonPool-worker-1] INFO  impl.RaftServerImpl (ServerState.java:close(394)) - 65bb560a-5aa2-49c4-ad35-2197abba1c3e:group-8EC6E5F49E10 closes. The last applied log index is 16
2019-08-20 21:28:31,083 [622f3963-6db5-4cef-b6c4-dc9e39bfc6cb-SegmentedRaftLogWorker:Storage Directory /workdir/hadoop-ozone/integration-test/target/test-dir/MiniOzoneClusterImpl-bdedfcae-614b-4f2f-bc36-d58a77a44aef/datanode-6/data/ratis/471a497d-0aa0-4197-9977-91eb139a857d] INFO  segmented.SegmentedRaftLogWorker (SegmentedRaftLogWorker.java:run(313)) - 622f3963-6db5-4cef-b6c4-dc9e39bfc6cb-SegmentedRaftLogWorker:Storage Directory /workdir/hadoop-ozone/integration-test/target/test-dir/MiniOzoneClusterImpl-bdedfcae-614b-4f2f-bc36-d58a77a44aef/datanode-6/data/ratis/471a497d-0aa0-4197-9977-91eb139a857d was interrupted, exiting. There are 0 tasks remaining in the queue.
2019-08-20 21:28:31,083 [65bb560a-5aa2-49c4-ad35-2197abba1c3e-SegmentedRaftLogWorker:Storage Directory /workdir/hadoop-ozone/integration-test/target/test-dir/MiniOzoneClusterImpl-bdedfcae-614b-4f2f-bc36-d58a77a44aef/datanode-0/data/ratis/8702b93e-f06b-4aba-a018-8ec6e5f49e10] INFO  segmented.SegmentedRaftLogWorker (SegmentedRaftLogWorker.java:run(313)) - 65bb560a-5aa2-49c4-ad35-2197abba1c3e-SegmentedRaftLogWorker:Storage Directory /workdir/hadoop-ozone/integration-test/target/test-dir/MiniOzoneClusterImpl-bdedfcae-614b-4f2f-bc36-d58a77a44aef/datanode-0/data/ratis/8702b93e-f06b-4aba-a018-8ec6e5f49e10 was interrupted, exiting. There are 0 tasks remaining in the queue.
2019-08-20 21:28:31,089 [main] INFO  segmented.SegmentedRaftLogWorker (SegmentedRaftLogWorker.java:close(228)) - 622f3963-6db5-4cef-b6c4-dc9e39bfc6cb-SegmentedRaftLogWorker:Storage Directory /workdir/hadoop-ozone/integration-test/target/test-dir/MiniOzoneClusterImpl-bdedfcae-614b-4f2f-bc36-d58a77a44aef/datanode-6/data/ratis/471a497d-0aa0-4197-9977-91eb139a857d close()
2019-08-20 21:28:31,089 [ForkJoinPool.commonPool-worker-1] INFO  segmented.SegmentedRaftLogWorker (SegmentedRaftLogWorker.java:close(228)) - 65bb560a-5aa2-49c4-ad35-2197abba1c3e-SegmentedRaftLogWorker:Storage Directory /workdir/hadoop-ozone/integration-test/target/test-dir/MiniOzoneClusterImpl-bdedfcae-614b-4f2f-bc36-d58a77a44aef/datanode-0/data/ratis/8702b93e-f06b-4aba-a018-8ec6e5f49e10 close()
2019-08-20 21:28:31,091 [main] INFO  server.GrpcService (GrpcService.java:closeImpl(155)) - 622f3963-6db5-4cef-b6c4-dc9e39bfc6cb: shutdown server with port 34702 now
2019-08-20 21:28:31,092 [ForkJoinPool.commonPool-worker-1] INFO  server.GrpcService (GrpcService.java:closeImpl(155)) - 65bb560a-5aa2-49c4-ad35-2197abba1c3e: shutdown server with port 46812 now
2019-08-20 21:28:31,095 [ForkJoinPool.commonPool-worker-1] INFO  server.GrpcService (GrpcService.java:closeImpl(163)) - 65bb560a-5aa2-49c4-ad35-2197abba1c3e: shutdown server with port 46812 successfully
2019-08-20 21:28:31,096 [grpc-default-executor-0] WARN  server.GrpcServerProtocolService (LogUtils.java:warn(134)) - 622f3963-6db5-4cef-b6c4-dc9e39bfc6cb: appendEntries onError: org.apache.ratis.thirdparty.io.grpc.StatusRuntimeException: CANCELLED: cancelled before receiving half close
2019-08-20 21:28:31,096 [grpc-default-executor-3] WARN  server.GrpcLogAppender (LogUtils.java:warn(134)) - 04d2d3e3-36e9-4430-811e-8631463037af->622f3963-6db5-4cef-b6c4-dc9e39bfc6cb: Failed appendEntries: org.apache.ratis.thirdparty.io.grpc.StatusRuntimeException: CANCELLED: HTTP/2 error code: CANCEL
Received Rst Stream
2019-08-20 21:28:31,097 [main] INFO  server.GrpcService (GrpcService.java:closeImpl(163)) - 622f3963-6db5-4cef-b6c4-dc9e39bfc6cb: shutdown server with port 34702 successfully
2019-08-20 21:28:31,099 [grpc-default-executor-3] INFO  impl.FollowerInfo (FollowerInfo.java:lambda$new$0(50)) - 04d2d3e3-36e9-4430-811e-8631463037af->622f3963-6db5-4cef-b6c4-dc9e39bfc6cb: nextIndex: updateUnconditionally 7 -> 6
2019-08-20 21:28:31,100 [ForkJoinPool.commonPool-worker-1] INFO  utils.BackgroundService (BackgroundService.java:shutdown(148)) - Shutting down service BlockDeletingService
2019-08-20 21:28:31,102 [refreshUsed-/workdir/hadoop-ozone/integration-test/target/test-dir/MiniOzoneClusterImpl-bdedfcae-614b-4f2f-bc36-d58a77a44aef/datanode-0/data/containers] WARN  fs.CachingGetSpaceUsed (CachingGetSpaceUsed.java:run(183)) - Thread Interrupted waiting to refresh disk information: sleep interrupted
2019-08-20 21:28:31,105 [main] INFO  utils.BackgroundService (BackgroundService.java:shutdown(148)) - Shutting down service BlockDeletingService
2019-08-20 21:28:31,107 [refreshUsed-/workdir/hadoop-ozone/integration-test/target/test-dir/MiniOzoneClusterImpl-bdedfcae-614b-4f2f-bc36-d58a77a44aef/datanode-6/data/containers] WARN  fs.CachingGetSpaceUsed (CachingGetSpaceUsed.java:run(183)) - Thread Interrupted waiting to refresh disk information: sleep interrupted
2019-08-20 21:28:31,121 [main] INFO  statemachine.DatanodeStateMachine (DatanodeStateMachine.java:stopDaemon(395)) - Ozone container server stopped.
2019-08-20 21:28:31,122 [main] INFO  handler.ContextHandler (ContextHandler.java:doStop(910)) - Stopped o.e.j.w.WebAppContext@629b780f{/,null,UNAVAILABLE}{/hddsDatanode}
2019-08-20 21:28:31,123 [main] INFO  server.AbstractConnector (AbstractConnector.java:doStop(318)) - Stopped ServerConnector@3af36922{HTTP/1.1,[http/1.1]}{0.0.0.0:0}
2019-08-20 21:28:31,125 [ForkJoinPool.commonPool-worker-1] INFO  statemachine.DatanodeStateMachine (DatanodeStateMachine.java:stopDaemon(395)) - Ozone container server stopped.
2019-08-20 21:28:31,125 [main] INFO  handler.ContextHandler (ContextHandler.java:doStop(910)) - Stopped o.e.j.s.ServletContextHandler@570b2057{/static,jar:file:/home/user/.m2/repository/org/apache/hadoop/hadoop-hdds-container-service/0.5.0-SNAPSHOT/hadoop-hdds-container-service-0.5.0-SNAPSHOT.jar!/webapps/static,UNAVAILABLE}
2019-08-20 21:28:31,127 [main] INFO  handler.ContextHandler (ContextHandler.java:doStop(910)) - Stopped o.e.j.s.ServletContextHandler@610fbe1c{/logs,file:///workdir/hadoop-ozone/integration-test/target/log,UNAVAILABLE}
2019-08-20 21:28:31,128 [ForkJoinPool.commonPool-worker-1] INFO  handler.ContextHandler (ContextHandler.java:doStop(910)) - Stopped o.e.j.w.WebAppContext@4c58255{/,null,UNAVAILABLE}{/hddsDatanode}
2019-08-20 21:28:31,129 [main] INFO  datanode.ObjectStoreHandler (ObjectStoreHandler.java:close(155)) - Closing ObjectStoreHandler.
2019-08-20 21:28:31,129 [ForkJoinPool.commonPool-worker-1] INFO  server.AbstractConnector (AbstractConnector.java:doStop(318)) - Stopped ServerConnector@eac3a26{HTTP/1.1,[http/1.1]}{0.0.0.0:0}
2019-08-20 21:28:31,130 [ForkJoinPool.commonPool-worker-1] INFO  handler.ContextHandler (ContextHandler.java:doStop(910)) - Stopped o.e.j.s.ServletContextHandler@50fb33a{/static,jar:file:/home/user/.m2/repository/org/apache/hadoop/hadoop-hdds-container-service/0.5.0-SNAPSHOT/hadoop-hdds-container-service-0.5.0-SNAPSHOT.jar!/webapps/static,UNAVAILABLE}
2019-08-20 21:28:31,130 [main] INFO  ozone.HddsDatanodeService (HddsDatanodeService.java:stop(451)) - Stopped plug-in org.apache.hadoop.ozone.web.OzoneHddsDatanodeService@305b43ca
2019-08-20 21:28:31,131 [ForkJoinPool.commonPool-worker-1] INFO  handler.ContextHandler (ContextHandler.java:doStop(910)) - Stopped o.e.j.s.ServletContextHandler@6a1d3225{/logs,file:///workdir/hadoop-ozone/integration-test/target/log,UNAVAILABLE}
2019-08-20 21:28:31,159 [grpc-default-executor-2] WARN  server.GrpcLogAppender (LogUtils.java:warn(134)) - 04d2d3e3-36e9-4430-811e-8631463037af->2a98d864-8594-48bb-bc43-21f32096cec0: Failed appendEntries: org.apache.ratis.thirdparty.io.grpc.StatusRuntimeException: UNAVAILABLE: io exception
2019-08-20 21:28:31,162 [grpc-default-executor-2] INFO  impl.FollowerInfo (FollowerInfo.java:lambda$new$0(50)) - 04d2d3e3-36e9-4430-811e-8631463037af->2a98d864-8594-48bb-bc43-21f32096cec0: nextIndex: updateUnconditionally 1 -> 0
2019-08-20 21:28:31,165 [grpc-default-executor-0] WARN  server.GrpcLogAppender (LogUtils.java:warn(134)) - 04d2d3e3-36e9-4430-811e-8631463037af->622f3963-6db5-4cef-b6c4-dc9e39bfc6cb: Failed appendEntries: org.apache.ratis.thirdparty.io.grpc.StatusRuntimeException: UNAVAILABLE: io exception
2019-08-20 21:28:31,166 [grpc-default-executor-0] INFO  impl.FollowerInfo (FollowerInfo.java:lambda$new$0(50)) - 04d2d3e3-36e9-4430-811e-8631463037af->622f3963-6db5-4cef-b6c4-dc9e39bfc6cb: nextIndex: updateUnconditionally 6 -> 5
2019-08-20 21:28:31,683 [Datanode State Machine Thread - 0] INFO  statemachine.DatanodeStateMachine (DatanodeStateMachine.java:lambda$startDaemon$0(350)) - Ozone container server started.
2019-08-20 21:28:33,663 [grpc-default-executor-3] WARN  server.GrpcLogAppender (LogUtils.java:warn(134)) - 04d2d3e3-36e9-4430-811e-8631463037af->2a98d864-8594-48bb-bc43-21f32096cec0: Failed appendEntries: org.apache.ratis.thirdparty.io.grpc.StatusRuntimeException: UNAVAILABLE: io exception
2019-08-20 21:28:33,665 [grpc-default-executor-3] INFO  impl.FollowerInfo (FollowerInfo.java:lambda$new$0(50)) - 04d2d3e3-36e9-4430-811e-8631463037af->2a98d864-8594-48bb-bc43-21f32096cec0: nextIndex: updateUnconditionally 0 -> 0
2019-08-20 21:28:33,669 [grpc-default-executor-2] WARN  server.GrpcLogAppender (LogUtils.java:warn(134)) - 04d2d3e3-36e9-4430-811e-8631463037af->622f3963-6db5-4cef-b6c4-dc9e39bfc6cb: Failed appendEntries: org.apache.ratis.thirdparty.io.grpc.StatusRuntimeException: UNAVAILABLE: io exception
2019-08-20 21:28:33,671 [grpc-default-executor-2] INFO  impl.FollowerInfo (FollowerInfo.java:lambda$new$0(50)) - 04d2d3e3-36e9-4430-811e-8631463037af->622f3963-6db5-4cef-b6c4-dc9e39bfc6cb: nextIndex: updateUnconditionally 5 -> 4
2019-08-20 21:28:35,714 [EventQueue-StaleNodeForStaleNodeHandler] INFO  node.StaleNodeHandler (StaleNodeHandler.java:onMessage(58)) - Datanode 04d2d3e3-36e9-4430-811e-8631463037af{ip: 192.168.5.148, host: pr-hdds-1973-5qsvz-4139986036, networkLocation: /default-rack, certSerialId: null} moved to stale state. Finalizing its pipelines [PipelineID=471a497d-0aa0-4197-9977-91eb139a857d, PipelineID=435d5ebf-46cd-4a07-93dc-86f88ad5ddf4]
2019-08-20 21:28:35,714 [EventQueue-StaleNodeForStaleNodeHandler] INFO  pipeline.SCMPipelineManager (SCMPipelineManager.java:finalizeAndDestroyPipeline(309)) - destroying pipeline:Pipeline[ Id: 471a497d-0aa0-4197-9977-91eb139a857d, Nodes: 2a98d864-8594-48bb-bc43-21f32096cec0{ip: 192.168.5.148, host: pr-hdds-1973-5qsvz-4139986036, networkLocation: /default-rack, certSerialId: null}04d2d3e3-36e9-4430-811e-8631463037af{ip: 192.168.5.148, host: pr-hdds-1973-5qsvz-4139986036, networkLocation: /default-rack, certSerialId: null}622f3963-6db5-4cef-b6c4-dc9e39bfc6cb{ip: 192.168.5.148, host: pr-hdds-1973-5qsvz-4139986036, networkLocation: /default-rack, certSerialId: null}, Type:RATIS, Factor:THREE, State:CLOSED]
2019-08-20 21:28:35,715 [EventQueue-StaleNodeForStaleNodeHandler] INFO  pipeline.SCMPipelineManager (SCMPipelineManager.java:finalizeAndDestroyPipeline(309)) - destroying pipeline:Pipeline[ Id: 435d5ebf-46cd-4a07-93dc-86f88ad5ddf4, Nodes: 04d2d3e3-36e9-4430-811e-8631463037af{ip: 192.168.5.148, host: pr-hdds-1973-5qsvz-4139986036, networkLocation: /default-rack, certSerialId: null}, Type:RATIS, Factor:ONE, State:OPEN]
2019-08-20 21:28:35,715 [EventQueue-StaleNodeForStaleNodeHandler] INFO  pipeline.PipelineStateManager (PipelineStateManager.java:finalizePipeline(123)) - Pipeline Pipeline[ Id: 435d5ebf-46cd-4a07-93dc-86f88ad5ddf4, Nodes: 04d2d3e3-36e9-4430-811e-8631463037af{ip: 192.168.5.148, host: pr-hdds-1973-5qsvz-4139986036, networkLocation: /default-rack, certSerialId: null}, Type:RATIS, Factor:ONE, State:CLOSED] moved to CLOSED state
2019-08-20 21:28:36,131 [main] INFO  ozoneimpl.OzoneContainer (OzoneContainer.java:stop(199)) - Attempting to stop container services.
2019-08-20 21:28:36,132 [main] INFO  impl.RaftServerProxy (RaftServerProxy.java:lambda$close$4(314)) - 04d2d3e3-36e9-4430-811e-8631463037af: close
2019-08-20 21:28:36,133 [main] INFO  impl.RaftServerImpl (RaftServerImpl.java:lambda$shutdown$3(245)) - 04d2d3e3-36e9-4430-811e-8631463037af: shutdown group-91EB139A857D
2019-08-20 21:28:36,133 [main] INFO  util.JmxRegister (JmxRegister.java:unregister(73)) - Successfully un-registered JMX Bean with object name Ratis:service=RaftServer,group=group-91EB139A857D,id=04d2d3e3-36e9-4430-811e-8631463037af
2019-08-20 21:28:36,134 [main] INFO  impl.RoleInfo (RoleInfo.java:shutdownLeaderState(104)) - 04d2d3e3-36e9-4430-811e-8631463037af: shutdown LeaderState
2019-08-20 21:28:36,136 [org.apache.ratis.server.impl.LogAppender$AppenderDaemon$$Lambda$482/1945357377@2534dfda] WARN  server.GrpcLogAppender (GrpcLogAppender.java:mayWait(143)) - GrpcLogAppender(04d2d3e3-36e9-4430-811e-8631463037af->2a98d864-8594-48bb-bc43-21f32096cec0): Wait interrupted by java.lang.InterruptedException
2019-08-20 21:28:36,136 [main] INFO  impl.PendingRequests (PendingRequests.java:sendNotLeaderResponses(202)) - 04d2d3e3-36e9-4430-811e-8631463037af-PendingRequests: sendNotLeaderResponses
2019-08-20 21:28:36,136 [org.apache.ratis.server.impl.LogAppender$AppenderDaemon$$Lambda$482/1945357377@60364518] WARN  server.GrpcLogAppender (GrpcLogAppender.java:mayWait(143)) - GrpcLogAppender(04d2d3e3-36e9-4430-811e-8631463037af->622f3963-6db5-4cef-b6c4-dc9e39bfc6cb): Wait interrupted by java.lang.InterruptedException
2019-08-20 21:28:36,140 [main] INFO  impl.StateMachineUpdater (StateMachineUpdater.java:stopAndJoin(115)) - StateMachineUpdater:04d2d3e3-36e9-4430-811e-8631463037af:group-91EB139A857D: set stopIndex = 6
2019-08-20 21:28:36,140 [StateMachineUpdater:04d2d3e3-36e9-4430-811e-8631463037af:group-91EB139A857D] INFO  ratis.ContainerStateMachine (ContainerStateMachine.java:takeSnapshot(271)) - group-91EB139A857D: Taking a snapshot at:(t:1, i:6) file /workdir/hadoop-ozone/integration-test/target/test-dir/MiniOzoneClusterImpl-bdedfcae-614b-4f2f-bc36-d58a77a44aef/datanode-5/data/ratis/471a497d-0aa0-4197-9977-91eb139a857d/sm/snapshot.1_6
2019-08-20 21:28:36,153 [StateMachineUpdater:04d2d3e3-36e9-4430-811e-8631463037af:group-91EB139A857D] INFO  ratis.ContainerStateMachine (ContainerStateMachine.java:takeSnapshot(282)) - group-91EB139A857D: Finished taking a snapshot at:(t:1, i:6) file:/workdir/hadoop-ozone/integration-test/target/test-dir/MiniOzoneClusterImpl-bdedfcae-614b-4f2f-bc36-d58a77a44aef/datanode-5/data/ratis/471a497d-0aa0-4197-9977-91eb139a857d/sm/snapshot.1_6 time:13
2019-08-20 21:28:36,154 [StateMachineUpdater:04d2d3e3-36e9-4430-811e-8631463037af:group-91EB139A857D] INFO  impl.StateMachineUpdater (StateMachineUpdater.java:takeSnapshot(242)) - StateMachineUpdater:04d2d3e3-36e9-4430-811e-8631463037af:group-91EB139A857D: Took a snapshot at index 6
2019-08-20 21:28:36,154 [StateMachineUpdater:04d2d3e3-36e9-4430-811e-8631463037af:group-91EB139A857D] INFO  impl.StateMachineUpdater (StateMachineUpdater.java:lambda$new$0(80)) - StateMachineUpdater:04d2d3e3-36e9-4430-811e-8631463037af:group-91EB139A857D: snapshotIndex: updateIncreasingly -1 -> 6
2019-08-20 21:28:36,154 [main] INFO  impl.RaftServerImpl (ServerState.java:close(394)) - 04d2d3e3-36e9-4430-811e-8631463037af:group-91EB139A857D closes. The last applied log index is 6
2019-08-20 21:28:36,155 [04d2d3e3-36e9-4430-811e-8631463037af-SegmentedRaftLogWorker:Storage Directory /workdir/hadoop-ozone/integration-test/target/test-dir/MiniOzoneClusterImpl-bdedfcae-614b-4f2f-bc36-d58a77a44aef/datanode-5/data/ratis/471a497d-0aa0-4197-9977-91eb139a857d] INFO  segmented.SegmentedRaftLogWorker (SegmentedRaftLogWorker.java:run(313)) - 04d2d3e3-36e9-4430-811e-8631463037af-SegmentedRaftLogWorker:Storage Directory /workdir/hadoop-ozone/integration-test/target/test-dir/MiniOzoneClusterImpl-bdedfcae-614b-4f2f-bc36-d58a77a44aef/datanode-5/data/ratis/471a497d-0aa0-4197-9977-91eb139a857d was interrupted, exiting. There are 0 tasks remaining in the queue.
2019-08-20 21:28:36,155 [main] INFO  segmented.SegmentedRaftLogWorker (SegmentedRaftLogWorker.java:close(228)) - 04d2d3e3-36e9-4430-811e-8631463037af-SegmentedRaftLogWorker:Storage Directory /workdir/hadoop-ozone/integration-test/target/test-dir/MiniOzoneClusterImpl-bdedfcae-614b-4f2f-bc36-d58a77a44aef/datanode-5/data/ratis/471a497d-0aa0-4197-9977-91eb139a857d close()
2019-08-20 21:28:36,157 [main] INFO  impl.RaftServerImpl (RaftServerImpl.java:lambda$shutdown$3(245)) - 04d2d3e3-36e9-4430-811e-8631463037af: shutdown group-86F88AD5DDF4
2019-08-20 21:28:36,157 [main] INFO  util.JmxRegister (JmxRegister.java:unregister(73)) - Successfully un-registered JMX Bean with object name Ratis:service=RaftServer,group=group-86F88AD5DDF4,id=04d2d3e3-36e9-4430-811e-8631463037af
2019-08-20 21:28:36,157 [main] INFO  impl.RoleInfo (RoleInfo.java:shutdownLeaderState(104)) - 04d2d3e3-36e9-4430-811e-8631463037af: shutdown LeaderState
2019-08-20 21:28:36,158 [main] INFO  impl.PendingRequests (PendingRequests.java:sendNotLeaderResponses(202)) - 04d2d3e3-36e9-4430-811e-8631463037af-PendingRequests: sendNotLeaderResponses
2019-08-20 21:28:36,159 [main] INFO  impl.StateMachineUpdater (StateMachineUpdater.java:stopAndJoin(115)) - StateMachineUpdater:04d2d3e3-36e9-4430-811e-8631463037af:group-86F88AD5DDF4: set stopIndex = 0
2019-08-20 21:28:36,159 [main] INFO  impl.RaftServerImpl (ServerState.java:close(394)) - 04d2d3e3-36e9-4430-811e-8631463037af:group-86F88AD5DDF4 closes. The last applied log index is 0
2019-08-20 21:28:36,160 [04d2d3e3-36e9-4430-811e-8631463037af-SegmentedRaftLogWorker:Storage Directory /workdir/hadoop-ozone/integration-test/target/test-dir/MiniOzoneClusterImpl-bdedfcae-614b-4f2f-bc36-d58a77a44aef/datanode-5/data/ratis/435d5ebf-46cd-4a07-93dc-86f88ad5ddf4] INFO  segmented.SegmentedRaftLogWorker (SegmentedRaftLogWorker.java:run(313)) - 04d2d3e3-36e9-4430-811e-8631463037af-SegmentedRaftLogWorker:Storage Directory /workdir/hadoop-ozone/integration-test/target/test-dir/MiniOzoneClusterImpl-bdedfcae-614b-4f2f-bc36-d58a77a44aef/datanode-5/data/ratis/435d5ebf-46cd-4a07-93dc-86f88ad5ddf4 was interrupted, exiting. There are 0 tasks remaining in the queue.
2019-08-20 21:28:36,160 [main] INFO  segmented.SegmentedRaftLogWorker (SegmentedRaftLogWorker.java:close(228)) - 04d2d3e3-36e9-4430-811e-8631463037af-SegmentedRaftLogWorker:Storage Directory /workdir/hadoop-ozone/integration-test/target/test-dir/MiniOzoneClusterImpl-bdedfcae-614b-4f2f-bc36-d58a77a44aef/datanode-5/data/ratis/435d5ebf-46cd-4a07-93dc-86f88ad5ddf4 close()
2019-08-20 21:28:36,161 [main] INFO  server.GrpcService (GrpcService.java:closeImpl(155)) - 04d2d3e3-36e9-4430-811e-8631463037af: shutdown server with port 41004 now
2019-08-20 21:28:36,162 [main] INFO  server.GrpcService (GrpcService.java:closeImpl(163)) - 04d2d3e3-36e9-4430-811e-8631463037af: shutdown server with port 41004 successfully
2019-08-20 21:28:36,166 [main] INFO  utils.BackgroundService (BackgroundService.java:shutdown(148)) - Shutting down service BlockDeletingService
2019-08-20 21:28:36,168 [refreshUsed-/workdir/hadoop-ozone/integration-test/target/test-dir/MiniOzoneClusterImpl-bdedfcae-614b-4f2f-bc36-d58a77a44aef/datanode-5/data/containers] WARN  fs.CachingGetSpaceUsed (CachingGetSpaceUsed.java:run(183)) - Thread Interrupted waiting to refresh disk information: sleep interrupted
2019-08-20 21:28:36,186 [main] INFO  statemachine.DatanodeStateMachine (DatanodeStateMachine.java:stopDaemon(395)) - Ozone container server stopped.
2019-08-20 21:28:36,187 [main] INFO  handler.ContextHandler (ContextHandler.java:doStop(910)) - Stopped o.e.j.w.WebAppContext@250967f1{/,null,UNAVAILABLE}{/hddsDatanode}
2019-08-20 21:28:36,188 [main] INFO  server.AbstractConnector (AbstractConnector.java:doStop(318)) - Stopped ServerConnector@25c1f5ee{HTTP/1.1,[http/1.1]}{0.0.0.0:0}
2019-08-20 21:28:36,188 [main] INFO  handler.ContextHandler (ContextHandler.java:doStop(910)) - Stopped o.e.j.s.ServletContextHandler@70b33256{/static,jar:file:/home/user/.m2/repository/org/apache/hadoop/hadoop-hdds-container-service/0.5.0-SNAPSHOT/hadoop-hdds-container-service-0.5.0-SNAPSHOT.jar!/webapps/static,UNAVAILABLE}
2019-08-20 21:28:36,189 [main] INFO  handler.ContextHandler (ContextHandler.java:doStop(910)) - Stopped o.e.j.s.ServletContextHandler@45287377{/logs,file:///workdir/hadoop-ozone/integration-test/target/log,UNAVAILABLE}
2019-08-20 21:28:36,190 [main] INFO  ozone.MiniOzoneClusterImpl (MiniOzoneClusterImpl.java:stop(353)) - Stopping the StorageContainerManager
2019-08-20 21:28:36,190 [main] INFO  server.StorageContainerManager (StorageContainerManager.java:stop(797)) - Stopping Replication Manager Service.
2019-08-20 21:28:36,191 [main] INFO  container.ReplicationManager (ReplicationManager.java:stop(193)) - Stopping Replication Monitor Thread.
2019-08-20 21:28:36,191 [main] INFO  server.StorageContainerManager (StorageContainerManager.java:stop(804)) - Stopping Lease Manager of the command watchers
2019-08-20 21:28:36,191 [main] INFO  server.StorageContainerManager (StorageContainerManager.java:stop(811)) - Stopping datanode service RPC server
2019-08-20 21:28:36,191 [main] INFO  server.SCMDatanodeProtocolServer (SCMDatanodeProtocolServer.java:stop(367)) - Stopping the RPC server for DataNodes
2019-08-20 21:28:36,191 [main] INFO  ipc.Server (Server.java:stop(3082)) - Stopping server on 45958
2019-08-20 21:28:36,193 [IPC Server Responder] INFO  ipc.Server (Server.java:run(1319)) - Stopping IPC Server Responder
2019-08-20 21:28:36,193 [IPC Server listener on 45958] INFO  ipc.Server (Server.java:run(1185)) - Stopping IPC Server listener on 45958
2019-08-20 21:28:36,214 [SCM Heartbeat Processing Thread - 0] WARN  node.NodeStateManager (NodeStateManager.java:scheduleNextHealthCheck(646)) - Current Thread is interrupted, shutting down HB processing thread for Node Manager.
2019-08-20 21:28:36,214 [main] INFO  server.StorageContainerManager (StorageContainerManager.java:stop(819)) - Stopping block service RPC server
2019-08-20 21:28:36,215 [main] INFO  server.SCMBlockProtocolServer (SCMBlockProtocolServer.java:stop(148)) - Stopping the RPC server for Block Protocol
2019-08-20 21:28:36,215 [main] INFO  ipc.Server (Server.java:stop(3082)) - Stopping server on 34620
2019-08-20 21:28:36,217 [IPC Server listener on 34620] INFO  ipc.Server (Server.java:run(1185)) - Stopping IPC Server listener on 34620
2019-08-20 21:28:36,217 [IPC Server Responder] INFO  ipc.Server (Server.java:run(1319)) - Stopping IPC Server Responder
2019-08-20 21:28:36,217 [main] INFO  server.StorageContainerManager (StorageContainerManager.java:stop(826)) - Stopping the StorageContainerLocationProtocol RPC server
2019-08-20 21:28:36,217 [main] INFO  server.SCMClientProtocolServer (SCMClientProtocolServer.java:stop(159)) - Stopping the RPC server for Client Protocol
2019-08-20 21:28:36,217 [main] INFO  ipc.Server (Server.java:stop(3082)) - Stopping server on 37622
2019-08-20 21:28:36,219 [IPC Server listener on 37622] INFO  ipc.Server (Server.java:run(1185)) - Stopping IPC Server listener on 37622
2019-08-20 21:28:36,219 [main] INFO  server.StorageContainerManager (StorageContainerManager.java:stop(833)) - Stopping Storage Container Manager HTTP server.
2019-08-20 21:28:36,219 [IPC Server Responder] INFO  ipc.Server (Server.java:run(1319)) - Stopping IPC Server Responder
2019-08-20 21:28:36,220 [main] INFO  handler.ContextHandler (ContextHandler.java:doStop(910)) - Stopped o.e.j.w.WebAppContext@48f5bde6{/,null,UNAVAILABLE}{/scm}
2019-08-20 21:28:36,220 [main] INFO  server.AbstractConnector (AbstractConnector.java:doStop(318)) - Stopped ServerConnector@6d511b5f{HTTP/1.1,[http/1.1]}{0.0.0.0:0}
2019-08-20 21:28:36,221 [main] INFO  handler.ContextHandler (ContextHandler.java:doStop(910)) - Stopped o.e.j.s.ServletContextHandler@5c530d1e{/static,file:///workdir/hadoop-ozone/integration-test/target/test-classes/webapps/static,UNAVAILABLE}
2019-08-20 21:28:36,221 [main] INFO  handler.ContextHandler (ContextHandler.java:doStop(910)) - Stopped o.e.j.s.ServletContextHandler@5286c33a{/logs,file:///workdir/hadoop-ozone/integration-test/target/log,UNAVAILABLE}
2019-08-20 21:28:36,222 [main] INFO  server.StorageContainerManager (StorageContainerManager.java:stop(844)) - Stopping Block Manager Service.
2019-08-20 21:28:36,222 [main] INFO  utils.BackgroundService (BackgroundService.java:shutdown(148)) - Shutting down service SCMBlockDeletingService
2019-08-20 21:28:36,223 [main] INFO  utils.BackgroundService (BackgroundService.java:shutdown(148)) - Shutting down service SCMBlockDeletingService
2019-08-20 21:28:36,223 [main] INFO  server.StorageContainerManager (StorageContainerManager.java:stop(866)) - Stopping SCM Event Queue.
2019-08-20 21:28:36,229 [main] INFO  impl.MetricsSystemImpl (MetricsSystemImpl.java:stop(210)) - Stopping XceiverClientMetrics metrics system...
2019-08-20 21:28:36,234 [main] INFO  impl.MetricsSystemImpl (MetricsSystemImpl.java:stop(216)) - XceiverClientMetrics metrics system stopped.
]]></system-out>
    <system-err><![CDATA[Aug 20, 2019 9:28:00 PM com.sun.jersey.server.impl.application.WebApplicationImpl _initiate
INFO: Initiating Jersey application, version 'Jersey: 1.19 02/11/2015 03:25 AM'
Aug 20, 2019 9:28:01 PM com.sun.jersey.server.impl.application.WebApplicationImpl _initiate
INFO: Initiating Jersey application, version 'Jersey: 1.19 02/11/2015 03:25 AM'
Aug 20, 2019 9:28:01 PM com.sun.jersey.server.impl.application.WebApplicationImpl _initiate
INFO: Initiating Jersey application, version 'Jersey: 1.19 02/11/2015 03:25 AM'
Aug 20, 2019 9:28:01 PM com.sun.jersey.server.impl.application.WebApplicationImpl _initiate
INFO: Initiating Jersey application, version 'Jersey: 1.19 02/11/2015 03:25 AM'
Aug 20, 2019 9:28:02 PM com.sun.jersey.server.impl.application.WebApplicationImpl _initiate
INFO: Initiating Jersey application, version 'Jersey: 1.19 02/11/2015 03:25 AM'
Aug 20, 2019 9:28:02 PM com.sun.jersey.server.impl.application.WebApplicationImpl _initiate
INFO: Initiating Jersey application, version 'Jersey: 1.19 02/11/2015 03:25 AM'
Aug 20, 2019 9:28:02 PM com.sun.jersey.server.impl.application.WebApplicationImpl _initiate
INFO: Initiating Jersey application, version 'Jersey: 1.19 02/11/2015 03:25 AM'
]]></system-err>
  </testcase>
  <testcase name="testDatanodeFailureWithPreAllocation" classname="org.apache.hadoop.ozone.client.rpc.TestBlockOutputStreamWithFailures" time="228.001"/>
  <testcase name="testDatanodeFailureWithSingleNodeRatis" classname="org.apache.hadoop.ozone.client.rpc.TestBlockOutputStreamWithFailures" time="224.808"/>
  <testcase name="testWatchForCommitWithSingleNodeRatis" classname="org.apache.hadoop.ozone.client.rpc.TestBlockOutputStreamWithFailures" time="34.666"/>
  <testcase name="testWatchForCommitDatanodeFailure" classname="org.apache.hadoop.ozone.client.rpc.TestBlockOutputStreamWithFailures" time="34.069"/>
  <testcase name="testFailureWithPrimeSizedData" classname="org.apache.hadoop.ozone.client.rpc.TestBlockOutputStreamWithFailures" time="34.738"/>
  <testcase name="testWatchForCommitWithCloseContainerException" classname="org.apache.hadoop.ozone.client.rpc.TestBlockOutputStreamWithFailures" time="34.687"/>
  <testcase name="testExceptionDuringClose" classname="org.apache.hadoop.ozone.client.rpc.TestBlockOutputStreamWithFailures" time="39.63"/>
</testsuite>