<?xml version="1.0" encoding="UTF-8"?>
<testsuite xmlns:xsi="http://www.w3.org/2001/XMLSchema-instance" xsi:noNamespaceSchemaLocation="https://maven.apache.org/surefire/maven-surefire-plugin/xsd/surefire-test-report.xsd" name="org.apache.hadoop.ozone.client.rpc.TestWatchForCommit" time="194.654" tests="5" errors="2" skipped="0" failures="0">
  <properties>
    <property name="awt.toolkit" value="sun.awt.X11.XToolkit"/>
    <property name="file.encoding.pkg" value="sun.io"/>
    <property name="java.specification.version" value="1.8"/>
    <property name="sun.cpu.isalist" value=""/>
    <property name="sun.jnu.encoding" value="UTF-8"/>
    <property name="java.class.path" value="/workdir/hadoop-ozone/integration-test/target/test-classes:/workdir/hadoop-ozone/integration-test/target/classes:/home/user/.m2/repository/org/apache/hadoop/hadoop-ozone-common/0.5.0-SNAPSHOT/hadoop-ozone-common-0.5.0-SNAPSHOT.jar:/home/user/.m2/repository/org/apache/commons/commons-compress/1.4.1/commons-compress-1.4.1.jar:/home/user/.m2/repository/org/tukaani/xz/1.0/xz-1.0.jar:/home/user/.m2/repository/org/apache/hadoop/hadoop-common/3.2.0/hadoop-common-3.2.0.jar:/home/user/.m2/repository/org/apache/hadoop/hadoop-hdfs/3.2.0/hadoop-hdfs-3.2.0.jar:/home/user/.m2/repository/org/apache/hadoop/hadoop-hdfs-client/3.2.0/hadoop-hdfs-client-3.2.0.jar:/home/user/.m2/repository/com/fasterxml/jackson/core/jackson-annotations/2.9.5/jackson-annotations-2.9.5.jar:/home/user/.m2/repository/org/apache/hadoop/hadoop-hdds-common/0.5.0-SNAPSHOT/hadoop-hdds-common-0.5.0-SNAPSHOT.jar:/home/user/.m2/repository/javax/annotation/javax.annotation-api/1.2/javax.annotation-api-1.2.jar:/home/user/.m2/repository/org/apache/ratis/ratis-server/0.4.0-2337318-SNAPSHOT/ratis-server-0.4.0-2337318-SNAPSHOT.jar:/home/user/.m2/repository/org/apache/ratis/ratis-thirdparty-misc/0.2.0/ratis-thirdparty-misc-0.2.0.jar:/home/user/.m2/repository/org/apache/ratis/ratis-proto/0.4.0-2337318-SNAPSHOT/ratis-proto-0.4.0-2337318-SNAPSHOT.jar:/home/user/.m2/repository/org/apache/ratis/ratis-common/0.4.0-2337318-SNAPSHOT/ratis-common-0.4.0-2337318-SNAPSHOT.jar:/home/user/.m2/repository/org/apache/ratis/ratis-client/0.4.0-2337318-SNAPSHOT/ratis-client-0.4.0-2337318-SNAPSHOT.jar:/home/user/.m2/repository/org/apache/ratis/ratis-metrics/0.4.0-2337318-SNAPSHOT/ratis-metrics-0.4.0-2337318-SNAPSHOT.jar:/home/user/.m2/repository/org/apache/ratis/ratis-netty/0.4.0-2337318-SNAPSHOT/ratis-netty-0.4.0-2337318-SNAPSHOT.jar:/home/user/.m2/repository/org/apache/ratis/ratis-grpc/0.4.0-2337318-SNAPSHOT/ratis-grpc-0.4.0-2337318-SNAPSHOT.jar:/home/user/.m2/repository/org/rocksdb/rocksdbjni/6.0.1/rocksdbjni-6.0.1.jar:/home/user/.m2/repository/org/apache/logging/log4j/log4j-api/2.11.0/log4j-api-2.11.0.jar:/home/user/.m2/repository/org/apache/logging/log4j/log4j-core/2.11.0/log4j-core-2.11.0.jar:/home/user/.m2/repository/com/lmax/disruptor/3.4.2/disruptor-3.4.2.jar:/home/user/.m2/repository/org/apache/commons/commons-pool2/2.6.0/commons-pool2-2.6.0.jar:/home/user/.m2/repository/org/bouncycastle/bcpkix-jdk15on/1.60/bcpkix-jdk15on-1.60.jar:/home/user/.m2/repository/commons-validator/commons-validator/1.6/commons-validator-1.6.jar:/home/user/.m2/repository/commons-digester/commons-digester/1.8.1/commons-digester-1.8.1.jar:/home/user/.m2/repository/io/jaegertracing/jaeger-client/0.33.1/jaeger-client-0.33.1.jar:/home/user/.m2/repository/io/jaegertracing/jaeger-thrift/0.33.1/jaeger-thrift-0.33.1.jar:/home/user/.m2/repository/org/apache/thrift/libthrift/0.11.0/libthrift-0.11.0.jar:/home/user/.m2/repository/com/squareup/okhttp3/okhttp/3.9.0/okhttp-3.9.0.jar:/home/user/.m2/repository/com/squareup/okio/okio/1.13.0/okio-1.13.0.jar:/home/user/.m2/repository/io/jaegertracing/jaeger-core/0.33.1/jaeger-core-0.33.1.jar:/home/user/.m2/repository/io/jaegertracing/jaeger-tracerresolver/0.33.1/jaeger-tracerresolver-0.33.1.jar:/home/user/.m2/repository/io/opentracing/contrib/opentracing-tracerresolver/0.1.5/opentracing-tracerresolver-0.1.5.jar:/home/user/.m2/repository/io/opentracing/opentracing-util/0.31.0/opentracing-util-0.31.0.jar:/home/user/.m2/repository/io/opentracing/opentracing-api/0.31.0/opentracing-api-0.31.0.jar:/home/user/.m2/repository/io/opentracing/opentracing-noop/0.31.0/opentracing-noop-0.31.0.jar:/home/user/.m2/repository/org/apache/hadoop/hadoop-hdds-server-framework/0.5.0-SNAPSHOT/hadoop-hdds-server-framework-0.5.0-SNAPSHOT.jar:/home/user/.m2/repository/org/apache/hadoop/hadoop-hdds-container-service/0.5.0-SNAPSHOT/hadoop-hdds-container-service-0.5.0-SNAPSHOT.jar:/home/user/.m2/repository/org/apache/hadoop/hadoop-hdds-client/0.5.0-SNAPSHOT/hadoop-hdds-client-0.5.0-SNAPSHOT.jar:/home/user/.m2/repository/org/apache/hadoop/hadoop-hdds-tools/0.5.0-SNAPSHOT/hadoop-hdds-tools-0.5.0-SNAPSHOT.jar:/home/user/.m2/repository/org/apache/hadoop/hadoop-hdds-server-scm/0.5.0-SNAPSHOT/hadoop-hdds-server-scm-0.5.0-SNAPSHOT.jar:/home/user/.m2/repository/org/apache/hadoop/hadoop-hdds-docs/0.5.0-SNAPSHOT/hadoop-hdds-docs-0.5.0-SNAPSHOT.jar:/home/user/.m2/repository/io/dropwizard/metrics/metrics-core/3.2.4/metrics-core-3.2.4.jar:/home/user/.m2/repository/org/hamcrest/hamcrest-all/1.3/hamcrest-all-1.3.jar:/home/user/.m2/repository/org/bouncycastle/bcprov-jdk15on/1.60/bcprov-jdk15on-1.60.jar:/home/user/.m2/repository/info/picocli/picocli/3.9.6/picocli-3.9.6.jar:/home/user/.m2/repository/com/google/protobuf/protobuf-java/2.5.0/protobuf-java-2.5.0.jar:/home/user/.m2/repository/com/google/guava/guava/11.0.2/guava-11.0.2.jar:/home/user/.m2/repository/org/apache/hadoop/hadoop-ozone-ozone-manager/0.5.0-SNAPSHOT/hadoop-ozone-ozone-manager-0.5.0-SNAPSHOT.jar:/home/user/.m2/repository/org/apache/hadoop/hadoop-minikdc/3.2.0/hadoop-minikdc-3.2.0.jar:/home/user/.m2/repository/commons-io/commons-io/2.5/commons-io-2.5.jar:/home/user/.m2/repository/org/apache/kerby/kerb-simplekdc/1.0.1/kerb-simplekdc-1.0.1.jar:/home/user/.m2/repository/org/apache/kerby/kerb-client/1.0.1/kerb-client-1.0.1.jar:/home/user/.m2/repository/org/apache/kerby/kerby-config/1.0.1/kerby-config-1.0.1.jar:/home/user/.m2/repository/org/apache/kerby/kerb-core/1.0.1/kerb-core-1.0.1.jar:/home/user/.m2/repository/org/apache/kerby/kerby-pkix/1.0.1/kerby-pkix-1.0.1.jar:/home/user/.m2/repository/org/apache/kerby/kerby-asn1/1.0.1/kerby-asn1-1.0.1.jar:/home/user/.m2/repository/org/apache/kerby/kerby-util/1.0.1/kerby-util-1.0.1.jar:/home/user/.m2/repository/org/apache/kerby/kerb-common/1.0.1/kerb-common-1.0.1.jar:/home/user/.m2/repository/org/apache/kerby/kerb-crypto/1.0.1/kerb-crypto-1.0.1.jar:/home/user/.m2/repository/org/apache/kerby/kerb-util/1.0.1/kerb-util-1.0.1.jar:/home/user/.m2/repository/org/apache/kerby/token-provider/1.0.1/token-provider-1.0.1.jar:/home/user/.m2/repository/org/apache/kerby/kerb-admin/1.0.1/kerb-admin-1.0.1.jar:/home/user/.m2/repository/org/apache/kerby/kerb-server/1.0.1/kerb-server-1.0.1.jar:/home/user/.m2/repository/org/apache/kerby/kerb-identity/1.0.1/kerb-identity-1.0.1.jar:/home/user/.m2/repository/org/apache/kerby/kerby-xdr/1.0.1/kerby-xdr-1.0.1.jar:/home/user/.m2/repository/org/slf4j/slf4j-log4j12/1.7.25/slf4j-log4j12-1.7.25.jar:/home/user/.m2/repository/org/apache/hadoop/hadoop-ozone-objectstore-service/0.5.0-SNAPSHOT/hadoop-ozone-objectstore-service-0.5.0-SNAPSHOT.jar:/home/user/.m2/repository/org/apache/hadoop/hadoop-ozone-s3gateway/0.5.0-SNAPSHOT/hadoop-ozone-s3gateway-0.5.0-SNAPSHOT.jar:/home/user/.m2/repository/org/jboss/weld/servlet/weld-servlet/2.4.7.Final/weld-servlet-2.4.7.Final.jar:/home/user/.m2/repository/org/glassfish/jersey/containers/jersey-container-servlet-core/2.27/jersey-container-servlet-core-2.27.jar:/home/user/.m2/repository/org/glassfish/hk2/external/javax.inject/2.5.0-b42/javax.inject-2.5.0-b42.jar:/home/user/.m2/repository/org/glassfish/jersey/core/jersey-common/2.27/jersey-common-2.27.jar:/home/user/.m2/repository/org/glassfish/hk2/osgi-resource-locator/1.0.1/osgi-resource-locator-1.0.1.jar:/home/user/.m2/repository/javax/ws/rs/javax.ws.rs-api/2.1/javax.ws.rs-api-2.1.jar:/home/user/.m2/repository/org/glassfish/jersey/ext/cdi/jersey-cdi1x/2.27/jersey-cdi1x-2.27.jar:/home/user/.m2/repository/org/glassfish/jersey/inject/jersey-hk2/2.27/jersey-hk2-2.27.jar:/home/user/.m2/repository/org/glassfish/hk2/hk2-locator/2.5.0-b42/hk2-locator-2.5.0-b42.jar:/home/user/.m2/repository/org/javassist/javassist/3.22.0-CR2/javassist-3.22.0-CR2.jar:/home/user/.m2/repository/org/glassfish/hk2/hk2-api/2.5.0/hk2-api-2.5.0.jar:/home/user/.m2/repository/org/glassfish/hk2/external/jakarta.inject/2.5.0/jakarta.inject-2.5.0.jar:/home/user/.m2/repository/org/glassfish/hk2/hk2-utils/2.5.0/hk2-utils-2.5.0.jar:/home/user/.m2/repository/jakarta/annotation/jakarta.annotation-api/1.3.4/jakarta.annotation-api-1.3.4.jar:/home/user/.m2/repository/org/glassfish/hk2/external/aopalliance-repackaged/2.5.0/aopalliance-repackaged-2.5.0.jar:/home/user/.m2/repository/com/fasterxml/jackson/dataformat/jackson-dataformat-xml/2.9.0/jackson-dataformat-xml-2.9.0.jar:/home/user/.m2/repository/com/fasterxml/jackson/core/jackson-core/2.9.5/jackson-core-2.9.5.jar:/home/user/.m2/repository/com/fasterxml/jackson/module/jackson-module-jaxb-annotations/2.9.5/jackson-module-jaxb-annotations-2.9.5.jar:/home/user/.m2/repository/javax/enterprise/cdi-api/1.2/cdi-api-1.2.jar:/home/user/.m2/repository/javax/el/javax.el-api/3.0.0/javax.el-api-3.0.0.jar:/home/user/.m2/repository/javax/interceptor/javax.interceptor-api/1.2/javax.interceptor-api-1.2.jar:/home/user/.m2/repository/javax/inject/javax.inject/1/javax.inject-1.jar:/home/user/.m2/repository/com/sun/xml/bind/jaxb-impl/2.3.0.1/jaxb-impl-2.3.0.1.jar:/home/user/.m2/repository/com/sun/xml/bind/jaxb-core/2.3.0.1/jaxb-core-2.3.0.1.jar:/home/user/.m2/repository/javax/xml/bind/jaxb-api/2.3.0/jaxb-api-2.3.0.jar:/home/user/.m2/repository/javax/activation/activation/1.1.1/activation-1.1.1.jar:/home/user/.m2/repository/org/apache/hadoop/hadoop-ozone-csi/0.5.0-SNAPSHOT/hadoop-ozone-csi-0.5.0-SNAPSHOT.jar:/home/user/.m2/repository/com/google/protobuf/protobuf-java-util/3.5.1/protobuf-java-util-3.5.1.jar:/home/user/.m2/repository/org/apache/hadoop/hadoop-hdds-config/0.5.0-SNAPSHOT/hadoop-hdds-config-0.5.0-SNAPSHOT.jar:/home/user/.m2/repository/io/grpc/grpc-netty/1.17.1/grpc-netty-1.17.1.jar:/home/user/.m2/repository/io/grpc/grpc-core/1.17.1/grpc-core-1.17.1.jar:/home/user/.m2/repository/io/grpc/grpc-context/1.17.1/grpc-context-1.17.1.jar:/home/user/.m2/repository/com/google/errorprone/error_prone_annotations/2.2.0/error_prone_annotations-2.2.0.jar:/home/user/.m2/repository/org/codehaus/mojo/animal-sniffer-annotations/1.17/animal-sniffer-annotations-1.17.jar:/home/user/.m2/repository/io/opencensus/opencensus-api/0.17.0/opencensus-api-0.17.0.jar:/home/user/.m2/repository/io/opencensus/opencensus-contrib-grpc-metrics/0.17.0/opencensus-contrib-grpc-metrics-0.17.0.jar:/home/user/.m2/repository/io/netty/netty-codec-http2/4.1.30.Final/netty-codec-http2-4.1.30.Final.jar:/home/user/.m2/repository/io/netty/netty-codec-http/4.1.30.Final/netty-codec-http-4.1.30.Final.jar:/home/user/.m2/repository/io/netty/netty-codec/4.1.30.Final/netty-codec-4.1.30.Final.jar:/home/user/.m2/repository/io/netty/netty-handler/4.1.30.Final/netty-handler-4.1.30.Final.jar:/home/user/.m2/repository/io/netty/netty-handler-proxy/4.1.30.Final/netty-handler-proxy-4.1.30.Final.jar:/home/user/.m2/repository/io/netty/netty-codec-socks/4.1.30.Final/netty-codec-socks-4.1.30.Final.jar:/home/user/.m2/repository/io/netty/netty-transport-native-epoll/4.1.30.Final/netty-transport-native-epoll-4.1.30.Final.jar:/home/user/.m2/repository/io/netty/netty-common/4.1.30.Final/netty-common-4.1.30.Final.jar:/home/user/.m2/repository/io/netty/netty-buffer/4.1.30.Final/netty-buffer-4.1.30.Final.jar:/home/user/.m2/repository/io/netty/netty-transport/4.1.30.Final/netty-transport-4.1.30.Final.jar:/home/user/.m2/repository/io/netty/netty-resolver/4.1.30.Final/netty-resolver-4.1.30.Final.jar:/home/user/.m2/repository/io/netty/netty-transport-native-unix-common/4.1.30.Final/netty-transport-native-unix-common-4.1.30.Final.jar:/home/user/.m2/repository/io/grpc/grpc-protobuf/1.17.1/grpc-protobuf-1.17.1.jar:/home/user/.m2/repository/com/google/api/grpc/proto-google-common-protos/1.0.0/proto-google-common-protos-1.0.0.jar:/home/user/.m2/repository/io/grpc/grpc-protobuf-lite/1.17.1/grpc-protobuf-lite-1.17.1.jar:/home/user/.m2/repository/io/grpc/grpc-stub/1.17.1/grpc-stub-1.17.1.jar:/home/user/.m2/repository/org/apache/hadoop/hadoop-ozone-recon/0.5.0-SNAPSHOT/hadoop-ozone-recon-0.5.0-SNAPSHOT.jar:/home/user/.m2/repository/org/apache/hadoop/hadoop-ozone-reconcodegen/0.5.0-SNAPSHOT/hadoop-ozone-reconcodegen-0.5.0-SNAPSHOT.jar:/home/user/.m2/repository/com/google/inject/extensions/guice-multibindings/4.0/guice-multibindings-4.0.jar:/home/user/.m2/repository/com/google/inject/guice/4.0/guice-4.0.jar:/home/user/.m2/repository/aopalliance/aopalliance/1.0/aopalliance-1.0.jar:/home/user/.m2/repository/com/google/inject/extensions/guice-servlet/4.0/guice-servlet-4.0.jar:/home/user/.m2/repository/org/glassfish/jersey/containers/jersey-container-servlet/2.27/jersey-container-servlet-2.27.jar:/home/user/.m2/repository/org/glassfish/hk2/guice-bridge/2.5.0/guice-bridge-2.5.0.jar:/home/user/.m2/repository/org/glassfish/jersey/core/jersey-server/2.27/jersey-server-2.27.jar:/home/user/.m2/repository/org/glassfish/jersey/core/jersey-client/2.27/jersey-client-2.27.jar:/home/user/.m2/repository/org/glassfish/jersey/media/jersey-media-jaxb/2.27/jersey-media-jaxb-2.27.jar:/home/user/.m2/repository/javax/validation/validation-api/1.1.0.Final/validation-api-1.1.0.Final.jar:/home/user/.m2/repository/org/glassfish/jersey/media/jersey-media-json-jackson/2.27/jersey-media-json-jackson-2.27.jar:/home/user/.m2/repository/org/glassfish/jersey/ext/jersey-entity-filtering/2.27/jersey-entity-filtering-2.27.jar:/home/user/.m2/repository/com/google/inject/extensions/guice-assistedinject/4.0/guice-assistedinject-4.0.jar:/home/user/.m2/repository/org/jooq/jooq/3.11.10/jooq-3.11.10.jar:/home/user/.m2/repository/org/jooq/jooq-meta/3.11.10/jooq-meta-3.11.10.jar:/home/user/.m2/repository/org/jooq/jooq-codegen/3.11.10/jooq-codegen-3.11.10.jar:/home/user/.m2/repository/com/jolbox/bonecp/0.8.0.RELEASE/bonecp-0.8.0.RELEASE.jar:/home/user/.m2/repository/org/xerial/sqlite-jdbc/3.25.2/sqlite-jdbc-3.25.2.jar:/home/user/.m2/repository/org/springframework/spring-jdbc/5.1.3.RELEASE/spring-jdbc-5.1.3.RELEASE.jar:/home/user/.m2/repository/org/springframework/spring-beans/5.1.3.RELEASE/spring-beans-5.1.3.RELEASE.jar:/home/user/.m2/repository/org/springframework/spring-core/5.1.3.RELEASE/spring-core-5.1.3.RELEASE.jar:/home/user/.m2/repository/org/springframework/spring-jcl/5.1.3.RELEASE/spring-jcl-5.1.3.RELEASE.jar:/home/user/.m2/repository/org/springframework/spring-tx/5.1.3.RELEASE/spring-tx-5.1.3.RELEASE.jar:/home/user/.m2/repository/org/apache/hadoop/hadoop-ozone-client/0.5.0-SNAPSHOT/hadoop-ozone-client-0.5.0-SNAPSHOT.jar:/home/user/.m2/repository/commons-lang/commons-lang/2.6/commons-lang-2.6.jar:/home/user/.m2/repository/org/apache/hadoop/hadoop-ozone-ozone-manager/0.5.0-SNAPSHOT/hadoop-ozone-ozone-manager-0.5.0-SNAPSHOT-tests.jar:/home/user/.m2/repository/junit/junit/4.11/junit-4.11.jar:/home/user/.m2/repository/org/hamcrest/hamcrest-core/1.3/hamcrest-core-1.3.jar:/home/user/.m2/repository/org/openjdk/jmh/jmh-core/1.19/jmh-core-1.19.jar:/home/user/.m2/repository/net/sf/jopt-simple/jopt-simple/4.6/jopt-simple-4.6.jar:/home/user/.m2/repository/org/apache/commons/commons-math3/3.1.1/commons-math3-3.1.1.jar:/home/user/.m2/repository/org/openjdk/jmh/jmh-generator-annprocess/1.19/jmh-generator-annprocess-1.19.jar:/home/user/.m2/repository/org/mockito/mockito-all/1.8.5/mockito-all-1.8.5.jar:/home/user/.m2/repository/org/apache/hadoop/hadoop-kms/3.2.0/hadoop-kms-3.2.0.jar:/home/user/.m2/repository/org/apache/hadoop/hadoop-auth/3.2.0/hadoop-auth-3.2.0.jar:/home/user/.m2/repository/com/nimbusds/nimbus-jose-jwt/4.41.1/nimbus-jose-jwt-4.41.1.jar:/home/user/.m2/repository/com/github/stephenc/jcip/jcip-annotations/1.0-1/jcip-annotations-1.0-1.jar:/home/user/.m2/repository/net/minidev/json-smart/2.3/json-smart-2.3.jar:/home/user/.m2/repository/net/minidev/accessors-smart/1.2/accessors-smart-1.2.jar:/home/user/.m2/repository/org/ow2/asm/asm/5.0.4/asm-5.0.4.jar:/home/user/.m2/repository/org/apache/curator/curator-framework/2.12.0/curator-framework-2.12.0.jar:/home/user/.m2/repository/com/sun/jersey/jersey-core/1.19/jersey-core-1.19.jar:/home/user/.m2/repository/javax/ws/rs/jsr311-api/1.1.1/jsr311-api-1.1.1.jar:/home/user/.m2/repository/com/sun/jersey/jersey-server/1.19/jersey-server-1.19.jar:/home/user/.m2/repository/javax/servlet/javax.servlet-api/3.1.0/javax.servlet-api-3.1.0.jar:/home/user/.m2/repository/org/eclipse/jetty/jetty-server/9.3.24.v20180605/jetty-server-9.3.24.v20180605.jar:/home/user/.m2/repository/org/eclipse/jetty/jetty-http/9.3.24.v20180605/jetty-http-9.3.24.v20180605.jar:/home/user/.m2/repository/org/eclipse/jetty/jetty-io/9.3.24.v20180605/jetty-io-9.3.24.v20180605.jar:/home/user/.m2/repository/org/eclipse/jetty/jetty-webapp/9.3.24.v20180605/jetty-webapp-9.3.24.v20180605.jar:/home/user/.m2/repository/org/eclipse/jetty/jetty-xml/9.3.24.v20180605/jetty-xml-9.3.24.v20180605.jar:/home/user/.m2/repository/log4j/log4j/1.2.17/log4j-1.2.17.jar:/home/user/.m2/repository/org/slf4j/slf4j-api/1.7.25/slf4j-api-1.7.25.jar:/home/user/.m2/repository/org/slf4j/jul-to-slf4j/1.7.25/jul-to-slf4j-1.7.25.jar:/home/user/.m2/repository/org/eclipse/jetty/jetty-util/9.3.24.v20180605/jetty-util-9.3.24.v20180605.jar:/home/user/.m2/repository/com/fasterxml/jackson/core/jackson-databind/2.9.5/jackson-databind-2.9.5.jar:/home/user/.m2/repository/org/apache/hadoop/hadoop-kms/3.2.0/hadoop-kms-3.2.0-tests.jar:/home/user/.m2/repository/org/apache/hadoop/hadoop-hdds-server-scm/0.5.0-SNAPSHOT/hadoop-hdds-server-scm-0.5.0-SNAPSHOT-tests.jar:/home/user/.m2/repository/org/apache/hadoop/hadoop-hdds-container-service/0.5.0-SNAPSHOT/hadoop-hdds-container-service-0.5.0-SNAPSHOT-tests.jar:/home/user/.m2/repository/org/yaml/snakeyaml/1.16/snakeyaml-1.16.jar:/home/user/.m2/repository/org/apache/hadoop/hadoop-common/3.2.0/hadoop-common-3.2.0-tests.jar:/home/user/.m2/repository/org/apache/hadoop/hadoop-annotations/3.2.0/hadoop-annotations-3.2.0.jar:/usr/lib/jvm/java-1.8-openjdk/jre/../lib/tools.jar:/home/user/.m2/repository/commons-cli/commons-cli/1.2/commons-cli-1.2.jar:/home/user/.m2/repository/org/apache/httpcomponents/httpclient/4.5.2/httpclient-4.5.2.jar:/home/user/.m2/repository/org/apache/httpcomponents/httpcore/4.4.4/httpcore-4.4.4.jar:/home/user/.m2/repository/commons-codec/commons-codec/1.11/commons-codec-1.11.jar:/home/user/.m2/repository/commons-net/commons-net/3.6/commons-net-3.6.jar:/home/user/.m2/repository/commons-collections/commons-collections/3.2.2/commons-collections-3.2.2.jar:/home/user/.m2/repository/org/eclipse/jetty/jetty-servlet/9.3.24.v20180605/jetty-servlet-9.3.24.v20180605.jar:/home/user/.m2/repository/org/eclipse/jetty/jetty-security/9.3.24.v20180605/jetty-security-9.3.24.v20180605.jar:/home/user/.m2/repository/javax/servlet/jsp/jsp-api/2.1/jsp-api-2.1.jar:/home/user/.m2/repository/com/sun/jersey/jersey-servlet/1.19/jersey-servlet-1.19.jar:/home/user/.m2/repository/com/sun/jersey/jersey-json/1.19/jersey-json-1.19.jar:/home/user/.m2/repository/org/codehaus/jettison/jettison/1.1/jettison-1.1.jar:/home/user/.m2/repository/org/codehaus/jackson/jackson-core-asl/1.9.13/jackson-core-asl-1.9.13.jar:/home/user/.m2/repository/org/codehaus/jackson/jackson-mapper-asl/1.9.13/jackson-mapper-asl-1.9.13.jar:/home/user/.m2/repository/org/codehaus/jackson/jackson-jaxrs/1.9.13/jackson-jaxrs-1.9.13.jar:/home/user/.m2/repository/org/codehaus/jackson/jackson-xc/1.9.13/jackson-xc-1.9.13.jar:/home/user/.m2/repository/commons-logging/commons-logging/1.1.3/commons-logging-1.1.3.jar:/home/user/.m2/repository/commons-beanutils/commons-beanutils/1.9.3/commons-beanutils-1.9.3.jar:/home/user/.m2/repository/org/apache/commons/commons-configuration2/2.1.1/commons-configuration2-2.1.1.jar:/home/user/.m2/repository/org/apache/commons/commons-lang3/3.7/commons-lang3-3.7.jar:/home/user/.m2/repository/org/apache/commons/commons-text/1.4/commons-text-1.4.jar:/home/user/.m2/repository/org/apache/avro/avro/1.7.7/avro-1.7.7.jar:/home/user/.m2/repository/com/thoughtworks/paranamer/paranamer/2.3/paranamer-2.3.jar:/home/user/.m2/repository/org/xerial/snappy/snappy-java/1.0.5/snappy-java-1.0.5.jar:/home/user/.m2/repository/com/google/re2j/re2j/1.1/re2j-1.1.jar:/home/user/.m2/repository/com/google/code/gson/gson/2.2.4/gson-2.2.4.jar:/home/user/.m2/repository/com/jcraft/jsch/0.1.54/jsch-0.1.54.jar:/home/user/.m2/repository/org/apache/curator/curator-client/2.12.0/curator-client-2.12.0.jar:/home/user/.m2/repository/org/apache/curator/curator-recipes/2.12.0/curator-recipes-2.12.0.jar:/home/user/.m2/repository/com/google/code/findbugs/jsr305/3.0.0/jsr305-3.0.0.jar:/home/user/.m2/repository/org/apache/htrace/htrace-core4/4.1.0-incubating/htrace-core4-4.1.0-incubating.jar:/home/user/.m2/repository/org/apache/zookeeper/zookeeper/3.4.13/zookeeper-3.4.13.jar:/home/user/.m2/repository/org/apache/yetus/audience-annotations/0.5.0/audience-annotations-0.5.0.jar:/home/user/.m2/repository/org/codehaus/woodstox/stax2-api/3.1.4/stax2-api-3.1.4.jar:/home/user/.m2/repository/com/fasterxml/woodstox/woodstox-core/5.0.3/woodstox-core-5.0.3.jar:/home/user/.m2/repository/dnsjava/dnsjava/2.1.7/dnsjava-2.1.7.jar:/home/user/.m2/repository/org/apache/hadoop/hadoop-hdfs/3.2.0/hadoop-hdfs-3.2.0-tests.jar:/home/user/.m2/repository/org/eclipse/jetty/jetty-util-ajax/9.3.24.v20180605/jetty-util-ajax-9.3.24.v20180605.jar:/home/user/.m2/repository/commons-daemon/commons-daemon/1.0.13/commons-daemon-1.0.13.jar:/home/user/.m2/repository/io/netty/netty/3.10.5.Final/netty-3.10.5.Final.jar:/home/user/.m2/repository/io/netty/netty-all/4.0.52.Final/netty-all-4.0.52.Final.jar:/home/user/.m2/repository/org/fusesource/leveldbjni/leveldbjni-all/1.8/leveldbjni-all-1.8.jar:"/>
    <property name="java.vm.vendor" value="IcedTea"/>
    <property name="sun.arch.data.model" value="64"/>
    <property name="test.build.dir" value="/workdir/hadoop-ozone/integration-test/target/test-dir"/>
    <property name="test.cache.data" value=""/>
    <property name="java.vendor.url" value="https://icedtea.classpath.org"/>
    <property name="user.timezone" value=""/>
    <property name="java.vm.specification.version" value="1.8"/>
    <property name="os.name" value="Linux"/>
    <property name="test.build.data" value="/workdir/hadoop-ozone/integration-test/target/test-dir"/>
    <property name="user.country" value="US"/>
    <property name="sun.java.launcher" value="SUN_STANDARD"/>
    <property name="sun.boot.library.path" value="/usr/lib/jvm/java-1.8-openjdk/jre/lib/amd64"/>
    <property name="sun.java.command" value="/workdir/hadoop-ozone/integration-test/target/surefire/surefirebooter6464084498406505441.jar /workdir/hadoop-ozone/integration-test/target/surefire 2019-09-04T09-07-48_167-jvmRun1 surefire5240199640265941579tmp surefire_231151399866980078508tmp"/>
    <property name="test" value="!TestMiniChaosOzoneCluster"/>
    <property name="surefire.test.class.path" value="/workdir/hadoop-ozone/integration-test/target/test-classes:/workdir/hadoop-ozone/integration-test/target/classes:/home/user/.m2/repository/org/apache/hadoop/hadoop-ozone-common/0.5.0-SNAPSHOT/hadoop-ozone-common-0.5.0-SNAPSHOT.jar:/home/user/.m2/repository/org/apache/commons/commons-compress/1.4.1/commons-compress-1.4.1.jar:/home/user/.m2/repository/org/tukaani/xz/1.0/xz-1.0.jar:/home/user/.m2/repository/org/apache/hadoop/hadoop-common/3.2.0/hadoop-common-3.2.0.jar:/home/user/.m2/repository/org/apache/hadoop/hadoop-hdfs/3.2.0/hadoop-hdfs-3.2.0.jar:/home/user/.m2/repository/org/apache/hadoop/hadoop-hdfs-client/3.2.0/hadoop-hdfs-client-3.2.0.jar:/home/user/.m2/repository/com/fasterxml/jackson/core/jackson-annotations/2.9.5/jackson-annotations-2.9.5.jar:/home/user/.m2/repository/org/apache/hadoop/hadoop-hdds-common/0.5.0-SNAPSHOT/hadoop-hdds-common-0.5.0-SNAPSHOT.jar:/home/user/.m2/repository/javax/annotation/javax.annotation-api/1.2/javax.annotation-api-1.2.jar:/home/user/.m2/repository/org/apache/ratis/ratis-server/0.4.0-2337318-SNAPSHOT/ratis-server-0.4.0-2337318-SNAPSHOT.jar:/home/user/.m2/repository/org/apache/ratis/ratis-thirdparty-misc/0.2.0/ratis-thirdparty-misc-0.2.0.jar:/home/user/.m2/repository/org/apache/ratis/ratis-proto/0.4.0-2337318-SNAPSHOT/ratis-proto-0.4.0-2337318-SNAPSHOT.jar:/home/user/.m2/repository/org/apache/ratis/ratis-common/0.4.0-2337318-SNAPSHOT/ratis-common-0.4.0-2337318-SNAPSHOT.jar:/home/user/.m2/repository/org/apache/ratis/ratis-client/0.4.0-2337318-SNAPSHOT/ratis-client-0.4.0-2337318-SNAPSHOT.jar:/home/user/.m2/repository/org/apache/ratis/ratis-metrics/0.4.0-2337318-SNAPSHOT/ratis-metrics-0.4.0-2337318-SNAPSHOT.jar:/home/user/.m2/repository/org/apache/ratis/ratis-netty/0.4.0-2337318-SNAPSHOT/ratis-netty-0.4.0-2337318-SNAPSHOT.jar:/home/user/.m2/repository/org/apache/ratis/ratis-grpc/0.4.0-2337318-SNAPSHOT/ratis-grpc-0.4.0-2337318-SNAPSHOT.jar:/home/user/.m2/repository/org/rocksdb/rocksdbjni/6.0.1/rocksdbjni-6.0.1.jar:/home/user/.m2/repository/org/apache/logging/log4j/log4j-api/2.11.0/log4j-api-2.11.0.jar:/home/user/.m2/repository/org/apache/logging/log4j/log4j-core/2.11.0/log4j-core-2.11.0.jar:/home/user/.m2/repository/com/lmax/disruptor/3.4.2/disruptor-3.4.2.jar:/home/user/.m2/repository/org/apache/commons/commons-pool2/2.6.0/commons-pool2-2.6.0.jar:/home/user/.m2/repository/org/bouncycastle/bcpkix-jdk15on/1.60/bcpkix-jdk15on-1.60.jar:/home/user/.m2/repository/commons-validator/commons-validator/1.6/commons-validator-1.6.jar:/home/user/.m2/repository/commons-digester/commons-digester/1.8.1/commons-digester-1.8.1.jar:/home/user/.m2/repository/io/jaegertracing/jaeger-client/0.33.1/jaeger-client-0.33.1.jar:/home/user/.m2/repository/io/jaegertracing/jaeger-thrift/0.33.1/jaeger-thrift-0.33.1.jar:/home/user/.m2/repository/org/apache/thrift/libthrift/0.11.0/libthrift-0.11.0.jar:/home/user/.m2/repository/com/squareup/okhttp3/okhttp/3.9.0/okhttp-3.9.0.jar:/home/user/.m2/repository/com/squareup/okio/okio/1.13.0/okio-1.13.0.jar:/home/user/.m2/repository/io/jaegertracing/jaeger-core/0.33.1/jaeger-core-0.33.1.jar:/home/user/.m2/repository/io/jaegertracing/jaeger-tracerresolver/0.33.1/jaeger-tracerresolver-0.33.1.jar:/home/user/.m2/repository/io/opentracing/contrib/opentracing-tracerresolver/0.1.5/opentracing-tracerresolver-0.1.5.jar:/home/user/.m2/repository/io/opentracing/opentracing-util/0.31.0/opentracing-util-0.31.0.jar:/home/user/.m2/repository/io/opentracing/opentracing-api/0.31.0/opentracing-api-0.31.0.jar:/home/user/.m2/repository/io/opentracing/opentracing-noop/0.31.0/opentracing-noop-0.31.0.jar:/home/user/.m2/repository/org/apache/hadoop/hadoop-hdds-server-framework/0.5.0-SNAPSHOT/hadoop-hdds-server-framework-0.5.0-SNAPSHOT.jar:/home/user/.m2/repository/org/apache/hadoop/hadoop-hdds-container-service/0.5.0-SNAPSHOT/hadoop-hdds-container-service-0.5.0-SNAPSHOT.jar:/home/user/.m2/repository/org/apache/hadoop/hadoop-hdds-client/0.5.0-SNAPSHOT/hadoop-hdds-client-0.5.0-SNAPSHOT.jar:/home/user/.m2/repository/org/apache/hadoop/hadoop-hdds-tools/0.5.0-SNAPSHOT/hadoop-hdds-tools-0.5.0-SNAPSHOT.jar:/home/user/.m2/repository/org/apache/hadoop/hadoop-hdds-server-scm/0.5.0-SNAPSHOT/hadoop-hdds-server-scm-0.5.0-SNAPSHOT.jar:/home/user/.m2/repository/org/apache/hadoop/hadoop-hdds-docs/0.5.0-SNAPSHOT/hadoop-hdds-docs-0.5.0-SNAPSHOT.jar:/home/user/.m2/repository/io/dropwizard/metrics/metrics-core/3.2.4/metrics-core-3.2.4.jar:/home/user/.m2/repository/org/hamcrest/hamcrest-all/1.3/hamcrest-all-1.3.jar:/home/user/.m2/repository/org/bouncycastle/bcprov-jdk15on/1.60/bcprov-jdk15on-1.60.jar:/home/user/.m2/repository/info/picocli/picocli/3.9.6/picocli-3.9.6.jar:/home/user/.m2/repository/com/google/protobuf/protobuf-java/2.5.0/protobuf-java-2.5.0.jar:/home/user/.m2/repository/com/google/guava/guava/11.0.2/guava-11.0.2.jar:/home/user/.m2/repository/org/apache/hadoop/hadoop-ozone-ozone-manager/0.5.0-SNAPSHOT/hadoop-ozone-ozone-manager-0.5.0-SNAPSHOT.jar:/home/user/.m2/repository/org/apache/hadoop/hadoop-minikdc/3.2.0/hadoop-minikdc-3.2.0.jar:/home/user/.m2/repository/commons-io/commons-io/2.5/commons-io-2.5.jar:/home/user/.m2/repository/org/apache/kerby/kerb-simplekdc/1.0.1/kerb-simplekdc-1.0.1.jar:/home/user/.m2/repository/org/apache/kerby/kerb-client/1.0.1/kerb-client-1.0.1.jar:/home/user/.m2/repository/org/apache/kerby/kerby-config/1.0.1/kerby-config-1.0.1.jar:/home/user/.m2/repository/org/apache/kerby/kerb-core/1.0.1/kerb-core-1.0.1.jar:/home/user/.m2/repository/org/apache/kerby/kerby-pkix/1.0.1/kerby-pkix-1.0.1.jar:/home/user/.m2/repository/org/apache/kerby/kerby-asn1/1.0.1/kerby-asn1-1.0.1.jar:/home/user/.m2/repository/org/apache/kerby/kerby-util/1.0.1/kerby-util-1.0.1.jar:/home/user/.m2/repository/org/apache/kerby/kerb-common/1.0.1/kerb-common-1.0.1.jar:/home/user/.m2/repository/org/apache/kerby/kerb-crypto/1.0.1/kerb-crypto-1.0.1.jar:/home/user/.m2/repository/org/apache/kerby/kerb-util/1.0.1/kerb-util-1.0.1.jar:/home/user/.m2/repository/org/apache/kerby/token-provider/1.0.1/token-provider-1.0.1.jar:/home/user/.m2/repository/org/apache/kerby/kerb-admin/1.0.1/kerb-admin-1.0.1.jar:/home/user/.m2/repository/org/apache/kerby/kerb-server/1.0.1/kerb-server-1.0.1.jar:/home/user/.m2/repository/org/apache/kerby/kerb-identity/1.0.1/kerb-identity-1.0.1.jar:/home/user/.m2/repository/org/apache/kerby/kerby-xdr/1.0.1/kerby-xdr-1.0.1.jar:/home/user/.m2/repository/org/slf4j/slf4j-log4j12/1.7.25/slf4j-log4j12-1.7.25.jar:/home/user/.m2/repository/org/apache/hadoop/hadoop-ozone-objectstore-service/0.5.0-SNAPSHOT/hadoop-ozone-objectstore-service-0.5.0-SNAPSHOT.jar:/home/user/.m2/repository/org/apache/hadoop/hadoop-ozone-s3gateway/0.5.0-SNAPSHOT/hadoop-ozone-s3gateway-0.5.0-SNAPSHOT.jar:/home/user/.m2/repository/org/jboss/weld/servlet/weld-servlet/2.4.7.Final/weld-servlet-2.4.7.Final.jar:/home/user/.m2/repository/org/glassfish/jersey/containers/jersey-container-servlet-core/2.27/jersey-container-servlet-core-2.27.jar:/home/user/.m2/repository/org/glassfish/hk2/external/javax.inject/2.5.0-b42/javax.inject-2.5.0-b42.jar:/home/user/.m2/repository/org/glassfish/jersey/core/jersey-common/2.27/jersey-common-2.27.jar:/home/user/.m2/repository/org/glassfish/hk2/osgi-resource-locator/1.0.1/osgi-resource-locator-1.0.1.jar:/home/user/.m2/repository/javax/ws/rs/javax.ws.rs-api/2.1/javax.ws.rs-api-2.1.jar:/home/user/.m2/repository/org/glassfish/jersey/ext/cdi/jersey-cdi1x/2.27/jersey-cdi1x-2.27.jar:/home/user/.m2/repository/org/glassfish/jersey/inject/jersey-hk2/2.27/jersey-hk2-2.27.jar:/home/user/.m2/repository/org/glassfish/hk2/hk2-locator/2.5.0-b42/hk2-locator-2.5.0-b42.jar:/home/user/.m2/repository/org/javassist/javassist/3.22.0-CR2/javassist-3.22.0-CR2.jar:/home/user/.m2/repository/org/glassfish/hk2/hk2-api/2.5.0/hk2-api-2.5.0.jar:/home/user/.m2/repository/org/glassfish/hk2/external/jakarta.inject/2.5.0/jakarta.inject-2.5.0.jar:/home/user/.m2/repository/org/glassfish/hk2/hk2-utils/2.5.0/hk2-utils-2.5.0.jar:/home/user/.m2/repository/jakarta/annotation/jakarta.annotation-api/1.3.4/jakarta.annotation-api-1.3.4.jar:/home/user/.m2/repository/org/glassfish/hk2/external/aopalliance-repackaged/2.5.0/aopalliance-repackaged-2.5.0.jar:/home/user/.m2/repository/com/fasterxml/jackson/dataformat/jackson-dataformat-xml/2.9.0/jackson-dataformat-xml-2.9.0.jar:/home/user/.m2/repository/com/fasterxml/jackson/core/jackson-core/2.9.5/jackson-core-2.9.5.jar:/home/user/.m2/repository/com/fasterxml/jackson/module/jackson-module-jaxb-annotations/2.9.5/jackson-module-jaxb-annotations-2.9.5.jar:/home/user/.m2/repository/javax/enterprise/cdi-api/1.2/cdi-api-1.2.jar:/home/user/.m2/repository/javax/el/javax.el-api/3.0.0/javax.el-api-3.0.0.jar:/home/user/.m2/repository/javax/interceptor/javax.interceptor-api/1.2/javax.interceptor-api-1.2.jar:/home/user/.m2/repository/javax/inject/javax.inject/1/javax.inject-1.jar:/home/user/.m2/repository/com/sun/xml/bind/jaxb-impl/2.3.0.1/jaxb-impl-2.3.0.1.jar:/home/user/.m2/repository/com/sun/xml/bind/jaxb-core/2.3.0.1/jaxb-core-2.3.0.1.jar:/home/user/.m2/repository/javax/xml/bind/jaxb-api/2.3.0/jaxb-api-2.3.0.jar:/home/user/.m2/repository/javax/activation/activation/1.1.1/activation-1.1.1.jar:/home/user/.m2/repository/org/apache/hadoop/hadoop-ozone-csi/0.5.0-SNAPSHOT/hadoop-ozone-csi-0.5.0-SNAPSHOT.jar:/home/user/.m2/repository/com/google/protobuf/protobuf-java-util/3.5.1/protobuf-java-util-3.5.1.jar:/home/user/.m2/repository/org/apache/hadoop/hadoop-hdds-config/0.5.0-SNAPSHOT/hadoop-hdds-config-0.5.0-SNAPSHOT.jar:/home/user/.m2/repository/io/grpc/grpc-netty/1.17.1/grpc-netty-1.17.1.jar:/home/user/.m2/repository/io/grpc/grpc-core/1.17.1/grpc-core-1.17.1.jar:/home/user/.m2/repository/io/grpc/grpc-context/1.17.1/grpc-context-1.17.1.jar:/home/user/.m2/repository/com/google/errorprone/error_prone_annotations/2.2.0/error_prone_annotations-2.2.0.jar:/home/user/.m2/repository/org/codehaus/mojo/animal-sniffer-annotations/1.17/animal-sniffer-annotations-1.17.jar:/home/user/.m2/repository/io/opencensus/opencensus-api/0.17.0/opencensus-api-0.17.0.jar:/home/user/.m2/repository/io/opencensus/opencensus-contrib-grpc-metrics/0.17.0/opencensus-contrib-grpc-metrics-0.17.0.jar:/home/user/.m2/repository/io/netty/netty-codec-http2/4.1.30.Final/netty-codec-http2-4.1.30.Final.jar:/home/user/.m2/repository/io/netty/netty-codec-http/4.1.30.Final/netty-codec-http-4.1.30.Final.jar:/home/user/.m2/repository/io/netty/netty-codec/4.1.30.Final/netty-codec-4.1.30.Final.jar:/home/user/.m2/repository/io/netty/netty-handler/4.1.30.Final/netty-handler-4.1.30.Final.jar:/home/user/.m2/repository/io/netty/netty-handler-proxy/4.1.30.Final/netty-handler-proxy-4.1.30.Final.jar:/home/user/.m2/repository/io/netty/netty-codec-socks/4.1.30.Final/netty-codec-socks-4.1.30.Final.jar:/home/user/.m2/repository/io/netty/netty-transport-native-epoll/4.1.30.Final/netty-transport-native-epoll-4.1.30.Final.jar:/home/user/.m2/repository/io/netty/netty-common/4.1.30.Final/netty-common-4.1.30.Final.jar:/home/user/.m2/repository/io/netty/netty-buffer/4.1.30.Final/netty-buffer-4.1.30.Final.jar:/home/user/.m2/repository/io/netty/netty-transport/4.1.30.Final/netty-transport-4.1.30.Final.jar:/home/user/.m2/repository/io/netty/netty-resolver/4.1.30.Final/netty-resolver-4.1.30.Final.jar:/home/user/.m2/repository/io/netty/netty-transport-native-unix-common/4.1.30.Final/netty-transport-native-unix-common-4.1.30.Final.jar:/home/user/.m2/repository/io/grpc/grpc-protobuf/1.17.1/grpc-protobuf-1.17.1.jar:/home/user/.m2/repository/com/google/api/grpc/proto-google-common-protos/1.0.0/proto-google-common-protos-1.0.0.jar:/home/user/.m2/repository/io/grpc/grpc-protobuf-lite/1.17.1/grpc-protobuf-lite-1.17.1.jar:/home/user/.m2/repository/io/grpc/grpc-stub/1.17.1/grpc-stub-1.17.1.jar:/home/user/.m2/repository/org/apache/hadoop/hadoop-ozone-recon/0.5.0-SNAPSHOT/hadoop-ozone-recon-0.5.0-SNAPSHOT.jar:/home/user/.m2/repository/org/apache/hadoop/hadoop-ozone-reconcodegen/0.5.0-SNAPSHOT/hadoop-ozone-reconcodegen-0.5.0-SNAPSHOT.jar:/home/user/.m2/repository/com/google/inject/extensions/guice-multibindings/4.0/guice-multibindings-4.0.jar:/home/user/.m2/repository/com/google/inject/guice/4.0/guice-4.0.jar:/home/user/.m2/repository/aopalliance/aopalliance/1.0/aopalliance-1.0.jar:/home/user/.m2/repository/com/google/inject/extensions/guice-servlet/4.0/guice-servlet-4.0.jar:/home/user/.m2/repository/org/glassfish/jersey/containers/jersey-container-servlet/2.27/jersey-container-servlet-2.27.jar:/home/user/.m2/repository/org/glassfish/hk2/guice-bridge/2.5.0/guice-bridge-2.5.0.jar:/home/user/.m2/repository/org/glassfish/jersey/core/jersey-server/2.27/jersey-server-2.27.jar:/home/user/.m2/repository/org/glassfish/jersey/core/jersey-client/2.27/jersey-client-2.27.jar:/home/user/.m2/repository/org/glassfish/jersey/media/jersey-media-jaxb/2.27/jersey-media-jaxb-2.27.jar:/home/user/.m2/repository/javax/validation/validation-api/1.1.0.Final/validation-api-1.1.0.Final.jar:/home/user/.m2/repository/org/glassfish/jersey/media/jersey-media-json-jackson/2.27/jersey-media-json-jackson-2.27.jar:/home/user/.m2/repository/org/glassfish/jersey/ext/jersey-entity-filtering/2.27/jersey-entity-filtering-2.27.jar:/home/user/.m2/repository/com/google/inject/extensions/guice-assistedinject/4.0/guice-assistedinject-4.0.jar:/home/user/.m2/repository/org/jooq/jooq/3.11.10/jooq-3.11.10.jar:/home/user/.m2/repository/org/jooq/jooq-meta/3.11.10/jooq-meta-3.11.10.jar:/home/user/.m2/repository/org/jooq/jooq-codegen/3.11.10/jooq-codegen-3.11.10.jar:/home/user/.m2/repository/com/jolbox/bonecp/0.8.0.RELEASE/bonecp-0.8.0.RELEASE.jar:/home/user/.m2/repository/org/xerial/sqlite-jdbc/3.25.2/sqlite-jdbc-3.25.2.jar:/home/user/.m2/repository/org/springframework/spring-jdbc/5.1.3.RELEASE/spring-jdbc-5.1.3.RELEASE.jar:/home/user/.m2/repository/org/springframework/spring-beans/5.1.3.RELEASE/spring-beans-5.1.3.RELEASE.jar:/home/user/.m2/repository/org/springframework/spring-core/5.1.3.RELEASE/spring-core-5.1.3.RELEASE.jar:/home/user/.m2/repository/org/springframework/spring-jcl/5.1.3.RELEASE/spring-jcl-5.1.3.RELEASE.jar:/home/user/.m2/repository/org/springframework/spring-tx/5.1.3.RELEASE/spring-tx-5.1.3.RELEASE.jar:/home/user/.m2/repository/org/apache/hadoop/hadoop-ozone-client/0.5.0-SNAPSHOT/hadoop-ozone-client-0.5.0-SNAPSHOT.jar:/home/user/.m2/repository/commons-lang/commons-lang/2.6/commons-lang-2.6.jar:/home/user/.m2/repository/org/apache/hadoop/hadoop-ozone-ozone-manager/0.5.0-SNAPSHOT/hadoop-ozone-ozone-manager-0.5.0-SNAPSHOT-tests.jar:/home/user/.m2/repository/junit/junit/4.11/junit-4.11.jar:/home/user/.m2/repository/org/hamcrest/hamcrest-core/1.3/hamcrest-core-1.3.jar:/home/user/.m2/repository/org/openjdk/jmh/jmh-core/1.19/jmh-core-1.19.jar:/home/user/.m2/repository/net/sf/jopt-simple/jopt-simple/4.6/jopt-simple-4.6.jar:/home/user/.m2/repository/org/apache/commons/commons-math3/3.1.1/commons-math3-3.1.1.jar:/home/user/.m2/repository/org/openjdk/jmh/jmh-generator-annprocess/1.19/jmh-generator-annprocess-1.19.jar:/home/user/.m2/repository/org/mockito/mockito-all/1.8.5/mockito-all-1.8.5.jar:/home/user/.m2/repository/org/apache/hadoop/hadoop-kms/3.2.0/hadoop-kms-3.2.0.jar:/home/user/.m2/repository/org/apache/hadoop/hadoop-auth/3.2.0/hadoop-auth-3.2.0.jar:/home/user/.m2/repository/com/nimbusds/nimbus-jose-jwt/4.41.1/nimbus-jose-jwt-4.41.1.jar:/home/user/.m2/repository/com/github/stephenc/jcip/jcip-annotations/1.0-1/jcip-annotations-1.0-1.jar:/home/user/.m2/repository/net/minidev/json-smart/2.3/json-smart-2.3.jar:/home/user/.m2/repository/net/minidev/accessors-smart/1.2/accessors-smart-1.2.jar:/home/user/.m2/repository/org/ow2/asm/asm/5.0.4/asm-5.0.4.jar:/home/user/.m2/repository/org/apache/curator/curator-framework/2.12.0/curator-framework-2.12.0.jar:/home/user/.m2/repository/com/sun/jersey/jersey-core/1.19/jersey-core-1.19.jar:/home/user/.m2/repository/javax/ws/rs/jsr311-api/1.1.1/jsr311-api-1.1.1.jar:/home/user/.m2/repository/com/sun/jersey/jersey-server/1.19/jersey-server-1.19.jar:/home/user/.m2/repository/javax/servlet/javax.servlet-api/3.1.0/javax.servlet-api-3.1.0.jar:/home/user/.m2/repository/org/eclipse/jetty/jetty-server/9.3.24.v20180605/jetty-server-9.3.24.v20180605.jar:/home/user/.m2/repository/org/eclipse/jetty/jetty-http/9.3.24.v20180605/jetty-http-9.3.24.v20180605.jar:/home/user/.m2/repository/org/eclipse/jetty/jetty-io/9.3.24.v20180605/jetty-io-9.3.24.v20180605.jar:/home/user/.m2/repository/org/eclipse/jetty/jetty-webapp/9.3.24.v20180605/jetty-webapp-9.3.24.v20180605.jar:/home/user/.m2/repository/org/eclipse/jetty/jetty-xml/9.3.24.v20180605/jetty-xml-9.3.24.v20180605.jar:/home/user/.m2/repository/log4j/log4j/1.2.17/log4j-1.2.17.jar:/home/user/.m2/repository/org/slf4j/slf4j-api/1.7.25/slf4j-api-1.7.25.jar:/home/user/.m2/repository/org/slf4j/jul-to-slf4j/1.7.25/jul-to-slf4j-1.7.25.jar:/home/user/.m2/repository/org/eclipse/jetty/jetty-util/9.3.24.v20180605/jetty-util-9.3.24.v20180605.jar:/home/user/.m2/repository/com/fasterxml/jackson/core/jackson-databind/2.9.5/jackson-databind-2.9.5.jar:/home/user/.m2/repository/org/apache/hadoop/hadoop-kms/3.2.0/hadoop-kms-3.2.0-tests.jar:/home/user/.m2/repository/org/apache/hadoop/hadoop-hdds-server-scm/0.5.0-SNAPSHOT/hadoop-hdds-server-scm-0.5.0-SNAPSHOT-tests.jar:/home/user/.m2/repository/org/apache/hadoop/hadoop-hdds-container-service/0.5.0-SNAPSHOT/hadoop-hdds-container-service-0.5.0-SNAPSHOT-tests.jar:/home/user/.m2/repository/org/yaml/snakeyaml/1.16/snakeyaml-1.16.jar:/home/user/.m2/repository/org/apache/hadoop/hadoop-common/3.2.0/hadoop-common-3.2.0-tests.jar:/home/user/.m2/repository/org/apache/hadoop/hadoop-annotations/3.2.0/hadoop-annotations-3.2.0.jar:/usr/lib/jvm/java-1.8-openjdk/jre/../lib/tools.jar:/home/user/.m2/repository/commons-cli/commons-cli/1.2/commons-cli-1.2.jar:/home/user/.m2/repository/org/apache/httpcomponents/httpclient/4.5.2/httpclient-4.5.2.jar:/home/user/.m2/repository/org/apache/httpcomponents/httpcore/4.4.4/httpcore-4.4.4.jar:/home/user/.m2/repository/commons-codec/commons-codec/1.11/commons-codec-1.11.jar:/home/user/.m2/repository/commons-net/commons-net/3.6/commons-net-3.6.jar:/home/user/.m2/repository/commons-collections/commons-collections/3.2.2/commons-collections-3.2.2.jar:/home/user/.m2/repository/org/eclipse/jetty/jetty-servlet/9.3.24.v20180605/jetty-servlet-9.3.24.v20180605.jar:/home/user/.m2/repository/org/eclipse/jetty/jetty-security/9.3.24.v20180605/jetty-security-9.3.24.v20180605.jar:/home/user/.m2/repository/javax/servlet/jsp/jsp-api/2.1/jsp-api-2.1.jar:/home/user/.m2/repository/com/sun/jersey/jersey-servlet/1.19/jersey-servlet-1.19.jar:/home/user/.m2/repository/com/sun/jersey/jersey-json/1.19/jersey-json-1.19.jar:/home/user/.m2/repository/org/codehaus/jettison/jettison/1.1/jettison-1.1.jar:/home/user/.m2/repository/org/codehaus/jackson/jackson-core-asl/1.9.13/jackson-core-asl-1.9.13.jar:/home/user/.m2/repository/org/codehaus/jackson/jackson-mapper-asl/1.9.13/jackson-mapper-asl-1.9.13.jar:/home/user/.m2/repository/org/codehaus/jackson/jackson-jaxrs/1.9.13/jackson-jaxrs-1.9.13.jar:/home/user/.m2/repository/org/codehaus/jackson/jackson-xc/1.9.13/jackson-xc-1.9.13.jar:/home/user/.m2/repository/commons-logging/commons-logging/1.1.3/commons-logging-1.1.3.jar:/home/user/.m2/repository/commons-beanutils/commons-beanutils/1.9.3/commons-beanutils-1.9.3.jar:/home/user/.m2/repository/org/apache/commons/commons-configuration2/2.1.1/commons-configuration2-2.1.1.jar:/home/user/.m2/repository/org/apache/commons/commons-lang3/3.7/commons-lang3-3.7.jar:/home/user/.m2/repository/org/apache/commons/commons-text/1.4/commons-text-1.4.jar:/home/user/.m2/repository/org/apache/avro/avro/1.7.7/avro-1.7.7.jar:/home/user/.m2/repository/com/thoughtworks/paranamer/paranamer/2.3/paranamer-2.3.jar:/home/user/.m2/repository/org/xerial/snappy/snappy-java/1.0.5/snappy-java-1.0.5.jar:/home/user/.m2/repository/com/google/re2j/re2j/1.1/re2j-1.1.jar:/home/user/.m2/repository/com/google/code/gson/gson/2.2.4/gson-2.2.4.jar:/home/user/.m2/repository/com/jcraft/jsch/0.1.54/jsch-0.1.54.jar:/home/user/.m2/repository/org/apache/curator/curator-client/2.12.0/curator-client-2.12.0.jar:/home/user/.m2/repository/org/apache/curator/curator-recipes/2.12.0/curator-recipes-2.12.0.jar:/home/user/.m2/repository/com/google/code/findbugs/jsr305/3.0.0/jsr305-3.0.0.jar:/home/user/.m2/repository/org/apache/htrace/htrace-core4/4.1.0-incubating/htrace-core4-4.1.0-incubating.jar:/home/user/.m2/repository/org/apache/zookeeper/zookeeper/3.4.13/zookeeper-3.4.13.jar:/home/user/.m2/repository/org/apache/yetus/audience-annotations/0.5.0/audience-annotations-0.5.0.jar:/home/user/.m2/repository/org/codehaus/woodstox/stax2-api/3.1.4/stax2-api-3.1.4.jar:/home/user/.m2/repository/com/fasterxml/woodstox/woodstox-core/5.0.3/woodstox-core-5.0.3.jar:/home/user/.m2/repository/dnsjava/dnsjava/2.1.7/dnsjava-2.1.7.jar:/home/user/.m2/repository/org/apache/hadoop/hadoop-hdfs/3.2.0/hadoop-hdfs-3.2.0-tests.jar:/home/user/.m2/repository/org/eclipse/jetty/jetty-util-ajax/9.3.24.v20180605/jetty-util-ajax-9.3.24.v20180605.jar:/home/user/.m2/repository/commons-daemon/commons-daemon/1.0.13/commons-daemon-1.0.13.jar:/home/user/.m2/repository/io/netty/netty/3.10.5.Final/netty-3.10.5.Final.jar:/home/user/.m2/repository/io/netty/netty-all/4.0.52.Final/netty-all-4.0.52.Final.jar:/home/user/.m2/repository/org/fusesource/leveldbjni/leveldbjni-all/1.8/leveldbjni-all-1.8.jar:"/>
    <property name="sun.cpu.endian" value="little"/>
    <property name="user.home" value="/home/user"/>
    <property name="user.language" value="en"/>
    <property name="java.specification.vendor" value="Oracle Corporation"/>
    <property name="java.home" value="/usr/lib/jvm/java-1.8-openjdk/jre"/>
    <property name="java.security.krb5.conf" value="/workdir/hadoop-ozone/integration-test/target/test-classes/krb5.conf"/>
    <property name="basedir" value="/workdir/hadoop-ozone/integration-test"/>
    <property name="file.separator" value="/"/>
    <property name="line.separator" value="&#10;"/>
    <property name="java.vm.specification.vendor" value="Oracle Corporation"/>
    <property name="java.specification.name" value="Java Platform API Specification"/>
    <property name="java.awt.graphicsenv" value="sun.awt.X11GraphicsEnvironment"/>
    <property name="surefire.real.class.path" value="/workdir/hadoop-ozone/integration-test/target/surefire/surefirebooter6464084498406505441.jar"/>
    <property name="hadoop.log.dir" value="/workdir/hadoop-ozone/integration-test/target/log"/>
    <property name="sun.boot.class.path" value="/usr/lib/jvm/java-1.8-openjdk/jre/lib/resources.jar:/usr/lib/jvm/java-1.8-openjdk/jre/lib/rt.jar:/usr/lib/jvm/java-1.8-openjdk/jre/lib/sunrsasign.jar:/usr/lib/jvm/java-1.8-openjdk/jre/lib/jsse.jar:/usr/lib/jvm/java-1.8-openjdk/jre/lib/jce.jar:/usr/lib/jvm/java-1.8-openjdk/jre/lib/charsets.jar:/usr/lib/jvm/java-1.8-openjdk/jre/lib/jfr.jar:/usr/lib/jvm/java-1.8-openjdk/jre/classes"/>
    <property name="sun.management.compiler" value="HotSpot 64-Bit Tiered Compilers"/>
    <property name="java.runtime.version" value="1.8.0_212-b04"/>
    <property name="java.net.preferIPv4Stack" value="true"/>
    <property name="user.name" value="jenkins1000"/>
    <property name="path.separator" value=":"/>
    <property name="java.security.egd" value="file:///dev/urandom"/>
    <property name="os.version" value="3.10.0-957.12.2.el7.x86_64"/>
    <property name="java.endorsed.dirs" value="/usr/lib/jvm/java-1.8-openjdk/jre/lib/endorsed"/>
    <property name="java.runtime.name" value="OpenJDK Runtime Environment"/>
    <property name="file.encoding" value="UTF-8"/>
    <property name="java.vm.name" value="OpenJDK 64-Bit Server VM"/>
    <property name="test.build.webapps" value=""/>
    <property name="localRepository" value="/home/user/.m2/repository"/>
    <property name="java.vendor.url.bug" value="https://icedtea.classpath.org/bugzilla"/>
    <property name="java.io.tmpdir" value="/tmp"/>
    <property name="require.test.libhadoop" value=""/>
    <property name="java.version" value="1.8.0_212"/>
    <property name="user.dir" value="/workdir/hadoop-ozone/integration-test"/>
    <property name="os.arch" value="amd64"/>
    <property name="java.vm.specification.name" value="Java Virtual Machine Specification"/>
    <property name="test.build.classes" value="/workdir/hadoop-ozone/integration-test/target/test-classes"/>
    <property name="java.awt.printerjob" value="sun.print.PSPrinterJob"/>
    <property name="sun.os.patch.level" value="unknown"/>
    <property name="hadoop.tmp.dir" value="/workdir/hadoop-ozone/integration-test/target/tmp"/>
    <property name="java.library.path" value="/usr/lib/jvm/java-1.8-openjdk/jre/lib/amd64/server:/usr/lib/jvm/java-1.8-openjdk/jre/lib/amd64:/usr/lib/jvm/java-1.8-openjdk/jre/../lib/amd64:/workdir/hadoop-ozone/integration-test/target/native/target/usr/local/lib:/workdir/hadoop-ozone/integration-test/../../hadoop-common-project/hadoop-common/target/native/target/usr/local/lib:/usr/java/packages/lib/amd64:/usr/lib64:/lib64:/lib:/usr/lib"/>
    <property name="java.vm.info" value="mixed mode"/>
    <property name="java.vendor" value="IcedTea"/>
    <property name="java.vm.version" value="25.212-b04"/>
    <property name="java.ext.dirs" value="/usr/lib/jvm/java-1.8-openjdk/jre/lib/ext:/usr/java/packages/lib/ext"/>
    <property name="sun.io.unicode.encoding" value="UnicodeLittle"/>
    <property name="java.class.version" value="52.0"/>
  </properties>
  <testcase name="testWatchForCommitWithKeyWrite" classname="org.apache.hadoop.ozone.client.rpc.TestWatchForCommit" time="60.732"/>
  <testcase name="testWatchForCommitWithSmallerTimeoutValue" classname="org.apache.hadoop.ozone.client.rpc.TestWatchForCommit" time="43.595"/>
  <testcase name="testWatchForCommitForRetryfailure" classname="org.apache.hadoop.ozone.client.rpc.TestWatchForCommit" time="27.226">
    <error message="org.apache.ratis.protocol.RaftRetryFailureException: Failed RaftClientRequest:client-41F153F33B00-&gt;9626cf3a-220d-42c0-b303-e22d032a63b2@group-7CF92F3CE404, cid=66, seq=1*, RW, org.apache.hadoop.hdds.scm.XceiverClientRatis$$Lambda$412/454958850@22b8138e for 20 attempts with RetryLimited(maxAttempts=20, sleepTime=1000ms)" type="java.util.concurrent.ExecutionException">java.util.concurrent.ExecutionException: org.apache.ratis.protocol.RaftRetryFailureException: Failed RaftClientRequest:client-41F153F33B00->9626cf3a-220d-42c0-b303-e22d032a63b2@group-7CF92F3CE404, cid=66, seq=1*, RW, org.apache.hadoop.hdds.scm.XceiverClientRatis$$Lambda$412/454958850@22b8138e for 20 attempts with RetryLimited(maxAttempts=20, sleepTime=1000ms)
	at java.util.concurrent.CompletableFuture.reportGet(CompletableFuture.java:357)
	at java.util.concurrent.CompletableFuture.get(CompletableFuture.java:1895)
	at org.apache.hadoop.ozone.client.rpc.TestWatchForCommit.testWatchForCommitForRetryfailure(TestWatchForCommit.java:335)
	at sun.reflect.NativeMethodAccessorImpl.invoke0(Native Method)
	at sun.reflect.NativeMethodAccessorImpl.invoke(NativeMethodAccessorImpl.java:62)
	at sun.reflect.DelegatingMethodAccessorImpl.invoke(DelegatingMethodAccessorImpl.java:43)
	at java.lang.reflect.Method.invoke(Method.java:498)
	at org.junit.runners.model.FrameworkMethod$1.runReflectiveCall(FrameworkMethod.java:47)
	at org.junit.internal.runners.model.ReflectiveCallable.run(ReflectiveCallable.java:12)
	at org.junit.runners.model.FrameworkMethod.invokeExplosively(FrameworkMethod.java:44)
	at org.junit.internal.runners.statements.InvokeMethod.evaluate(InvokeMethod.java:17)
	at org.junit.runners.ParentRunner.runLeaf(ParentRunner.java:271)
	at org.junit.runners.BlockJUnit4ClassRunner.runChild(BlockJUnit4ClassRunner.java:70)
	at org.junit.runners.BlockJUnit4ClassRunner.runChild(BlockJUnit4ClassRunner.java:50)
	at org.junit.runners.ParentRunner$3.run(ParentRunner.java:238)
	at org.junit.runners.ParentRunner$1.schedule(ParentRunner.java:63)
	at org.junit.runners.ParentRunner.runChildren(ParentRunner.java:236)
	at org.junit.runners.ParentRunner.access$000(ParentRunner.java:53)
	at org.junit.runners.ParentRunner$2.evaluate(ParentRunner.java:229)
	at org.junit.runners.ParentRunner.run(ParentRunner.java:309)
	at org.apache.maven.surefire.junit4.JUnit4Provider.execute(JUnit4Provider.java:365)
	at org.apache.maven.surefire.junit4.JUnit4Provider.executeWithRerun(JUnit4Provider.java:273)
	at org.apache.maven.surefire.junit4.JUnit4Provider.executeTestSet(JUnit4Provider.java:238)
	at org.apache.maven.surefire.junit4.JUnit4Provider.invoke(JUnit4Provider.java:159)
	at org.apache.maven.surefire.booter.ForkedBooter.invokeProviderInSameClassLoader(ForkedBooter.java:384)
	at org.apache.maven.surefire.booter.ForkedBooter.runSuitesInProcess(ForkedBooter.java:345)
	at org.apache.maven.surefire.booter.ForkedBooter.execute(ForkedBooter.java:126)
	at org.apache.maven.surefire.booter.ForkedBooter.main(ForkedBooter.java:418)
Caused by: org.apache.ratis.protocol.RaftRetryFailureException: Failed RaftClientRequest:client-41F153F33B00->9626cf3a-220d-42c0-b303-e22d032a63b2@group-7CF92F3CE404, cid=66, seq=1*, RW, org.apache.hadoop.hdds.scm.XceiverClientRatis$$Lambda$412/454958850@22b8138e for 20 attempts with RetryLimited(maxAttempts=20, sleepTime=1000ms)
	at org.apache.ratis.client.impl.RaftClientImpl.noMoreRetries(RaftClientImpl.java:272)
	at org.apache.ratis.client.impl.OrderedAsync.handleAsyncRetryFailure(OrderedAsync.java:138)
	at org.apache.ratis.client.impl.OrderedAsync.lambda$sendRequest$10(OrderedAsync.java:230)
	at java.util.concurrent.CompletableFuture.uniExceptionally(CompletableFuture.java:870)
	at java.util.concurrent.CompletableFuture$UniExceptionally.tryFire(CompletableFuture.java:852)
	at java.util.concurrent.CompletableFuture.postComplete(CompletableFuture.java:474)
	at java.util.concurrent.CompletableFuture.completeExceptionally(CompletableFuture.java:1977)
	at org.apache.ratis.grpc.client.GrpcClientProtocolClient$AsyncStreamObservers.completeReplyExceptionally(GrpcClientProtocolClient.java:330)
	at org.apache.ratis.grpc.client.GrpcClientProtocolClient$AsyncStreamObservers.access$000(GrpcClientProtocolClient.java:246)
	at org.apache.ratis.grpc.client.GrpcClientProtocolClient$AsyncStreamObservers$1.onNext(GrpcClientProtocolClient.java:263)
	at org.apache.ratis.grpc.client.GrpcClientProtocolClient$AsyncStreamObservers$1.onNext(GrpcClientProtocolClient.java:249)
	at org.apache.ratis.thirdparty.io.grpc.stub.ClientCalls$StreamObserverToCallListenerAdapter.onMessage(ClientCalls.java:421)
	at org.apache.ratis.thirdparty.io.grpc.ForwardingClientCallListener.onMessage(ForwardingClientCallListener.java:33)
	at org.apache.ratis.thirdparty.io.grpc.ForwardingClientCallListener.onMessage(ForwardingClientCallListener.java:33)
	at org.apache.ratis.thirdparty.io.grpc.internal.ClientCallImpl$ClientStreamListenerImpl$1MessagesAvailable.runInContext(ClientCallImpl.java:519)
	at org.apache.ratis.thirdparty.io.grpc.internal.ContextRunnable.run(ContextRunnable.java:37)
	at org.apache.ratis.thirdparty.io.grpc.internal.SerializingExecutor.run(SerializingExecutor.java:123)
	at java.util.concurrent.ThreadPoolExecutor.runWorker(ThreadPoolExecutor.java:1149)
	at java.util.concurrent.ThreadPoolExecutor$Worker.run(ThreadPoolExecutor.java:624)
	at java.lang.Thread.run(Thread.java:748)
Caused by: org.apache.ratis.protocol.LeaderNotReadyException: 9626cf3a-220d-42c0-b303-e22d032a63b2 is in LEADER state but not ready yet.
	at org.apache.ratis.client.impl.ClientProtoUtils.toRaftClientReply(ClientProtoUtils.java:253)
	at org.apache.ratis.grpc.client.GrpcClientProtocolClient$AsyncStreamObservers$1.onNext(GrpcClientProtocolClient.java:254)
	... 10 more
</error>
    <system-out><![CDATA[2019-09-04 09:32:11,843 [main] WARN  server.ServerUtils (ServerUtils.java:getScmDbDir(145)) - ozone.scm.db.dirs is not configured. We recommend adding this setting. Falling back to ozone.metadata.dirs instead.
2019-09-04 09:32:11,868 [main] WARN  server.ServerUtils (ServerUtils.java:getScmDbDir(145)) - ozone.scm.db.dirs is not configured. We recommend adding this setting. Falling back to ozone.metadata.dirs instead.
2019-09-04 09:32:11,868 [main] WARN  server.ServerUtils (ServerUtils.java:getScmDbDir(145)) - ozone.scm.db.dirs is not configured. We recommend adding this setting. Falling back to ozone.metadata.dirs instead.
2019-09-04 09:32:11,869 [main] INFO  db.DBStoreBuilder (DBStoreBuilder.java:addTable(110)) - using custom profile for table: deletedBlocks
2019-09-04 09:32:11,869 [main] INFO  db.DBStoreBuilder (DBStoreBuilder.java:processTables(161)) - Using default column profile:DBProfile.DISK for Table:deletedBlocks
2019-09-04 09:32:11,869 [main] INFO  db.DBStoreBuilder (DBStoreBuilder.java:addTable(110)) - using custom profile for table: validCerts
2019-09-04 09:32:11,870 [main] INFO  db.DBStoreBuilder (DBStoreBuilder.java:processTables(161)) - Using default column profile:DBProfile.DISK for Table:validCerts
2019-09-04 09:32:11,870 [main] INFO  db.DBStoreBuilder (DBStoreBuilder.java:addTable(110)) - using custom profile for table: revokedCerts
2019-09-04 09:32:11,870 [main] INFO  db.DBStoreBuilder (DBStoreBuilder.java:processTables(161)) - Using default column profile:DBProfile.DISK for Table:revokedCerts
2019-09-04 09:32:11,870 [main] INFO  db.DBStoreBuilder (DBStoreBuilder.java:addTable(110)) - using custom profile for table: default
2019-09-04 09:32:11,870 [main] INFO  db.DBStoreBuilder (DBStoreBuilder.java:processTables(167)) - Using default column profile:DBProfile.DISK for Table:default
2019-09-04 09:32:11,871 [main] INFO  db.DBStoreBuilder (DBStoreBuilder.java:getDbProfile(198)) - Using default options. DBProfile.DISK
2019-09-04 09:32:12,032 [main] INFO  net.NodeSchemaLoader (NodeSchemaLoader.java:loadSchemaFromFile(125)) - Loading file from sun.misc.CompoundEnumeration@338270ea
2019-09-04 09:32:12,033 [main] INFO  net.NodeSchemaLoader (NodeSchemaLoader.java:loadSchema(171)) - Loading network topology layer schema file
2019-09-04 09:32:12,037 [main] WARN  server.ServerUtils (ServerUtils.java:sanitizeUserArgs(70)) - ozone.scm.stale.node.interval value = 300000 is larger than max = 100000 based on the key value of ozone.scm.heartbeat.thread.interval, reset to the max value 100000.
2019-09-04 09:32:12,037 [main] WARN  server.ServerUtils (ServerUtils.java:sanitizeUserArgs(70)) - ozone.scm.stale.node.interval value = 300000 is larger than max = 100000 based on the key value of ozone.scm.heartbeat.thread.interval, reset to the max value 100000.
2019-09-04 09:32:12,037 [main] INFO  node.SCMNodeManager (SCMNodeManager.java:<init>(121)) - Entering startup safe mode.
2019-09-04 09:32:12,038 [main] INFO  algorithms.ContainerPlacementPolicyFactory (ContainerPlacementPolicyFactory.java:getPolicy(55)) - Create container placement policy of type org.apache.hadoop.hdds.scm.container.placement.algorithms.SCMContainerPlacementRandom
2019-09-04 09:32:12,038 [main] WARN  server.ServerUtils (ServerUtils.java:getScmDbDir(145)) - ozone.scm.db.dirs is not configured. We recommend adding this setting. Falling back to ozone.metadata.dirs instead.
2019-09-04 09:32:12,075 [main] INFO  pipeline.SCMPipelineManager (SCMPipelineManager.java:initializePipelineState(126)) - No pipeline exists in current db
2019-09-04 09:32:12,075 [main] WARN  server.ServerUtils (ServerUtils.java:getScmDbDir(145)) - ozone.scm.db.dirs is not configured. We recommend adding this setting. Falling back to ozone.metadata.dirs instead.
2019-09-04 09:32:12,151 [main] WARN  events.EventQueue (EventQueue.java:fireEvent(175)) - No event handler registered for event TypedEvent{payloadType=SafeModeStatus, name='SafeModeStatus'}
2019-09-04 09:32:12,152 [main] INFO  ipc.CallQueueManager (CallQueueManager.java:<init>(84)) - Using callQueue: class java.util.concurrent.LinkedBlockingQueue, queueCapacity: 2000, scheduler: class org.apache.hadoop.ipc.DefaultRpcScheduler, ipcBackoff: false.
2019-09-04 09:32:12,153 [Socket Reader #1 for port 43990] INFO  ipc.Server (Server.java:run(1074)) - Starting Socket Reader #1 for port 43990
2019-09-04 09:32:12,155 [main] INFO  ipc.CallQueueManager (CallQueueManager.java:<init>(84)) - Using callQueue: class java.util.concurrent.LinkedBlockingQueue, queueCapacity: 2000, scheduler: class org.apache.hadoop.ipc.DefaultRpcScheduler, ipcBackoff: false.
2019-09-04 09:32:12,156 [Socket Reader #1 for port 37564] INFO  ipc.Server (Server.java:run(1074)) - Starting Socket Reader #1 for port 37564
2019-09-04 09:32:12,158 [main] INFO  ipc.CallQueueManager (CallQueueManager.java:<init>(84)) - Using callQueue: class java.util.concurrent.LinkedBlockingQueue, queueCapacity: 2000, scheduler: class org.apache.hadoop.ipc.DefaultRpcScheduler, ipcBackoff: false.
2019-09-04 09:32:12,159 [Socket Reader #1 for port 43733] INFO  ipc.Server (Server.java:run(1074)) - Starting Socket Reader #1 for port 43733
2019-09-04 09:32:12,162 [main] INFO  hdfs.DFSUtil (DFSUtil.java:httpServerTemplateForNNAndJN(1641)) - Starting Web-server for scm at: http://0.0.0.0:0
2019-09-04 09:32:12,165 [main] INFO  server.AuthenticationFilter (AuthenticationFilter.java:constructSecretProvider(240)) - Unable to initialize FileSignerSecretProvider, falling back to use random secrets.
2019-09-04 09:32:12,166 [main] WARN  http.HttpRequestLog (HttpRequestLog.java:getRequestLog(97)) - Jetty request log can only be enabled using Log4j
2019-09-04 09:32:12,168 [main] INFO  http.HttpServer2 (HttpServer2.java:addGlobalFilter(975)) - Added global filter 'safety' (class=org.apache.hadoop.http.HttpServer2$QuotingInputFilter)
2019-09-04 09:32:12,169 [main] INFO  http.HttpServer2 (HttpServer2.java:addFilter(948)) - Added filter static_user_filter (class=org.apache.hadoop.http.lib.StaticUserWebFilter$StaticUserFilter) to context scm
2019-09-04 09:32:12,169 [main] INFO  http.HttpServer2 (HttpServer2.java:addFilter(958)) - Added filter static_user_filter (class=org.apache.hadoop.http.lib.StaticUserWebFilter$StaticUserFilter) to context static
2019-09-04 09:32:12,169 [main] INFO  http.HttpServer2 (HttpServer2.java:addFilter(958)) - Added filter static_user_filter (class=org.apache.hadoop.http.lib.StaticUserWebFilter$StaticUserFilter) to context logs
2019-09-04 09:32:12,173 [main] INFO  server.StorageContainerManager (StorageContainerManager.java:start(759)) - StorageContainerLocationProtocol RPC server is listening at /0.0.0.0:43733
2019-09-04 09:32:12,176 [main] WARN  impl.MetricsConfig (MetricsConfig.java:loadFirst(134)) - Cannot locate configuration: tried hadoop-metrics2-storagecontainermanager.properties,hadoop-metrics2.properties
2019-09-04 09:32:12,178 [main] INFO  impl.MetricsSystemImpl (MetricsSystemImpl.java:startTimer(374)) - Scheduled Metric snapshot period at 10 second(s).
2019-09-04 09:32:12,178 [main] INFO  impl.MetricsSystemImpl (MetricsSystemImpl.java:start(191)) - StorageContainerManager metrics system started
2019-09-04 09:32:12,280 [main] INFO  server.SCMClientProtocolServer (SCMClientProtocolServer.java:start(151)) - RPC server for Client  is listening at /0.0.0.0:43733
2019-09-04 09:32:12,280 [IPC Server Responder] INFO  ipc.Server (Server.java:run(1314)) - IPC Server Responder: starting
2019-09-04 09:32:12,280 [IPC Server listener on 43733] INFO  ipc.Server (Server.java:run(1153)) - IPC Server listener on 43733: starting
2019-09-04 09:32:12,284 [main] INFO  server.StorageContainerManager (StorageContainerManager.java:start(769)) - ScmBlockLocationProtocol RPC server is listening at /0.0.0.0:37564
2019-09-04 09:32:12,284 [main] INFO  server.SCMBlockProtocolServer (SCMBlockProtocolServer.java:start(140)) - RPC server for Block Protocol is listening at /0.0.0.0:37564
2019-09-04 09:32:12,284 [IPC Server Responder] INFO  ipc.Server (Server.java:run(1314)) - IPC Server Responder: starting
2019-09-04 09:32:12,284 [IPC Server listener on 37564] INFO  ipc.Server (Server.java:run(1153)) - IPC Server listener on 37564: starting
2019-09-04 09:32:12,288 [main] INFO  server.StorageContainerManager (StorageContainerManager.java:start(773)) - ScmDatanodeProtocl RPC server is listening at /0.0.0.0:43990
2019-09-04 09:32:12,288 [main] INFO  server.SCMDatanodeProtocolServer (SCMDatanodeProtocolServer.java:start(191)) - RPC server for DataNodes is listening at /0.0.0.0:43990
2019-09-04 09:32:12,288 [IPC Server Responder] INFO  ipc.Server (Server.java:run(1314)) - IPC Server Responder: starting
2019-09-04 09:32:12,288 [IPC Server listener on 43990] INFO  ipc.Server (Server.java:run(1153)) - IPC Server listener on 43990: starting
2019-09-04 09:32:12,292 [main] INFO  http.HttpServer2 (HttpServer2.java:bindListener(1191)) - Jetty bound to port 34885
2019-09-04 09:32:12,292 [main] INFO  server.Server (Server.java:doStart(351)) - jetty-9.3.24.v20180605, build timestamp: 2018-06-05T17:11:56Z, git hash: 84205aa28f11a4f31f2a3b86d1bba2cc8ab69827
2019-09-04 09:32:12,294 [main] INFO  handler.ContextHandler (ContextHandler.java:doStart(781)) - Started o.e.j.s.ServletContextHandler@5f01fb5c{/logs,file:///workdir/hadoop-ozone/integration-test/target/log,AVAILABLE}
2019-09-04 09:32:12,295 [main] INFO  handler.ContextHandler (ContextHandler.java:doStart(781)) - Started o.e.j.s.ServletContextHandler@d5e3f55{/static,file:///workdir/hadoop-ozone/integration-test/target/test-classes/webapps/static,AVAILABLE}
2019-09-04 09:32:12,298 [main] INFO  handler.ContextHandler (ContextHandler.java:doStart(781)) - Started o.e.j.w.WebAppContext@405223e4{/,file:///workdir/hadoop-ozone/integration-test/target/test-classes/webapps/scm/,AVAILABLE}{/scm}
2019-09-04 09:32:12,299 [main] INFO  server.AbstractConnector (AbstractConnector.java:doStart(278)) - Started ServerConnector@2d2133fd{HTTP/1.1,[http/1.1]}{0.0.0.0:34885}
2019-09-04 09:32:12,300 [main] INFO  server.Server (Server.java:doStart(419)) - Started @105211ms
2019-09-04 09:32:12,302 [main] INFO  server.BaseHttpServer (BaseHttpServer.java:updateConnectorAddress(213)) - HTTP server of SCM is listening at http://0.0.0.0:34885
2019-09-04 09:32:12,302 [main] WARN  server.ServerUtils (ServerUtils.java:getDBPath(222)) - ozone.om.db.dirs is not configured. We recommend adding this setting. Falling back to ozone.metadata.dirs instead.
2019-09-04 09:32:12,303 [org.apache.hadoop.util.JvmPauseMonitor$Monitor@4d8522ff] INFO  util.JvmPauseMonitor (JvmPauseMonitor.java:run(188)) - Starting JVM pause monitor
2019-09-04 09:32:12,324 [main] WARN  server.ServerUtils (ServerUtils.java:getDBPath(222)) - ozone.om.db.dirs is not configured. We recommend adding this setting. Falling back to ozone.metadata.dirs instead.
2019-09-04 09:32:12,325 [main] WARN  server.ServerUtils (ServerUtils.java:getDBPath(222)) - ozone.om.db.dirs is not configured. We recommend adding this setting. Falling back to ozone.metadata.dirs instead.
2019-09-04 09:32:12,325 [main] INFO  om.OzoneManager (OzoneManager.java:setOMNodeDetails(645)) - OM Service ID is not set. Setting it to the default ID: omServiceIdDefault
2019-09-04 09:32:12,325 [main] INFO  om.OzoneManager (OzoneManager.java:setOMNodeDetails(651)) - OM Node ID is not set. Setting it to the OmStorage's OmID: 663a18d4-4648-4934-8ab1-b66c190f4e20
2019-09-04 09:32:12,326 [main] INFO  om.OzoneManager (OzoneManager.java:loadOMHAConfigs(602)) - Found matching OM address with OMServiceId: null, OMNodeId: null, RPC Address: localhost:0 and Ratis port: 9872
2019-09-04 09:32:12,331 | INFO  | SCMAudit | user=jenkins1000 | ip=192.168.69.104 | op=GET_SCM_INFO null | ret=SUCCESS |  
2019-09-04 09:32:12,334 [main] WARN  server.ServerUtils (ServerUtils.java:getDBPath(222)) - ozone.om.db.dirs is not configured. We recommend adding this setting. Falling back to ozone.metadata.dirs instead.
2019-09-04 09:32:12,334 [main] INFO  db.DBStoreBuilder (DBStoreBuilder.java:addTable(110)) - using custom profile for table: userTable
2019-09-04 09:32:12,335 [main] INFO  db.DBStoreBuilder (DBStoreBuilder.java:processTables(161)) - Using default column profile:DBProfile.DISK for Table:userTable
2019-09-04 09:32:12,335 [main] INFO  db.DBStoreBuilder (DBStoreBuilder.java:addTable(110)) - using custom profile for table: volumeTable
2019-09-04 09:32:12,335 [main] INFO  db.DBStoreBuilder (DBStoreBuilder.java:processTables(161)) - Using default column profile:DBProfile.DISK for Table:volumeTable
2019-09-04 09:32:12,336 [main] INFO  db.DBStoreBuilder (DBStoreBuilder.java:addTable(110)) - using custom profile for table: bucketTable
2019-09-04 09:32:12,336 [main] INFO  db.DBStoreBuilder (DBStoreBuilder.java:processTables(161)) - Using default column profile:DBProfile.DISK for Table:bucketTable
2019-09-04 09:32:12,336 [main] INFO  db.DBStoreBuilder (DBStoreBuilder.java:addTable(110)) - using custom profile for table: keyTable
2019-09-04 09:32:12,336 [main] INFO  db.DBStoreBuilder (DBStoreBuilder.java:processTables(161)) - Using default column profile:DBProfile.DISK for Table:keyTable
2019-09-04 09:32:12,337 [main] INFO  db.DBStoreBuilder (DBStoreBuilder.java:addTable(110)) - using custom profile for table: deletedTable
2019-09-04 09:32:12,337 [main] INFO  db.DBStoreBuilder (DBStoreBuilder.java:processTables(161)) - Using default column profile:DBProfile.DISK for Table:deletedTable
2019-09-04 09:32:12,337 [main] INFO  db.DBStoreBuilder (DBStoreBuilder.java:addTable(110)) - using custom profile for table: openKeyTable
2019-09-04 09:32:12,337 [main] INFO  db.DBStoreBuilder (DBStoreBuilder.java:processTables(161)) - Using default column profile:DBProfile.DISK for Table:openKeyTable
2019-09-04 09:32:12,338 [main] INFO  db.DBStoreBuilder (DBStoreBuilder.java:addTable(110)) - using custom profile for table: s3Table
2019-09-04 09:32:12,338 [main] INFO  db.DBStoreBuilder (DBStoreBuilder.java:processTables(161)) - Using default column profile:DBProfile.DISK for Table:s3Table
2019-09-04 09:32:12,338 [main] INFO  db.DBStoreBuilder (DBStoreBuilder.java:addTable(110)) - using custom profile for table: multipartInfoTable
2019-09-04 09:32:12,338 [main] INFO  db.DBStoreBuilder (DBStoreBuilder.java:processTables(161)) - Using default column profile:DBProfile.DISK for Table:multipartInfoTable
2019-09-04 09:32:12,339 [main] INFO  db.DBStoreBuilder (DBStoreBuilder.java:addTable(110)) - using custom profile for table: dTokenTable
2019-09-04 09:32:12,339 [main] INFO  db.DBStoreBuilder (DBStoreBuilder.java:processTables(161)) - Using default column profile:DBProfile.DISK for Table:dTokenTable
2019-09-04 09:32:12,339 [main] INFO  db.DBStoreBuilder (DBStoreBuilder.java:addTable(110)) - using custom profile for table: s3SecretTable
2019-09-04 09:32:12,339 [main] INFO  db.DBStoreBuilder (DBStoreBuilder.java:processTables(161)) - Using default column profile:DBProfile.DISK for Table:s3SecretTable
2019-09-04 09:32:12,340 [main] INFO  db.DBStoreBuilder (DBStoreBuilder.java:addTable(110)) - using custom profile for table: prefixTable
2019-09-04 09:32:12,340 [main] INFO  db.DBStoreBuilder (DBStoreBuilder.java:processTables(161)) - Using default column profile:DBProfile.DISK for Table:prefixTable
2019-09-04 09:32:12,340 [main] INFO  db.DBStoreBuilder (DBStoreBuilder.java:addTable(110)) - using custom profile for table: default
2019-09-04 09:32:12,340 [main] INFO  db.DBStoreBuilder (DBStoreBuilder.java:processTables(167)) - Using default column profile:DBProfile.DISK for Table:default
2019-09-04 09:32:12,341 [main] INFO  db.DBStoreBuilder (DBStoreBuilder.java:getDbProfile(198)) - Using default options. DBProfile.DISK
2019-09-04 09:32:13,071 [main] INFO  ipc.CallQueueManager (CallQueueManager.java:<init>(84)) - Using callQueue: class java.util.concurrent.LinkedBlockingQueue, queueCapacity: 2000, scheduler: class org.apache.hadoop.ipc.DefaultRpcScheduler, ipcBackoff: false.
2019-09-04 09:32:13,072 [Socket Reader #1 for port 45035] INFO  ipc.Server (Server.java:run(1074)) - Starting Socket Reader #1 for port 45035
2019-09-04 09:32:13,084 [main] INFO  om.OzoneManager (OzoneManager.java:start(1256)) - OzoneManager RPC server is listening at localhost/127.0.0.1:45035
2019-09-04 09:32:13,084 [main] INFO  impl.MetricsSystemImpl (MetricsSystemImpl.java:init(158)) - OzoneManager metrics system started (again)
2019-09-04 09:32:13,085 [IPC Server Responder] INFO  ipc.Server (Server.java:run(1314)) - IPC Server Responder: starting
2019-09-04 09:32:13,085 [IPC Server listener on 45035] INFO  ipc.Server (Server.java:run(1153)) - IPC Server listener on 45035: starting
2019-09-04 09:32:13,091 [main] INFO  hdfs.DFSUtil (DFSUtil.java:httpServerTemplateForNNAndJN(1641)) - Starting Web-server for ozoneManager at: http://0.0.0.0:0
2019-09-04 09:32:13,092 [main] INFO  server.AuthenticationFilter (AuthenticationFilter.java:constructSecretProvider(240)) - Unable to initialize FileSignerSecretProvider, falling back to use random secrets.
2019-09-04 09:32:13,093 [main] WARN  http.HttpRequestLog (HttpRequestLog.java:getRequestLog(97)) - Jetty request log can only be enabled using Log4j
2019-09-04 09:32:13,095 [main] INFO  http.HttpServer2 (HttpServer2.java:addGlobalFilter(975)) - Added global filter 'safety' (class=org.apache.hadoop.http.HttpServer2$QuotingInputFilter)
2019-09-04 09:32:13,096 [main] INFO  http.HttpServer2 (HttpServer2.java:addFilter(948)) - Added filter static_user_filter (class=org.apache.hadoop.http.lib.StaticUserWebFilter$StaticUserFilter) to context ozoneManager
2019-09-04 09:32:13,097 [main] INFO  http.HttpServer2 (HttpServer2.java:addFilter(958)) - Added filter static_user_filter (class=org.apache.hadoop.http.lib.StaticUserWebFilter$StaticUserFilter) to context logs
2019-09-04 09:32:13,097 [main] INFO  http.HttpServer2 (HttpServer2.java:addFilter(958)) - Added filter static_user_filter (class=org.apache.hadoop.http.lib.StaticUserWebFilter$StaticUserFilter) to context static
2019-09-04 09:32:13,098 [main] INFO  http.HttpServer2 (HttpServer2.java:bindListener(1191)) - Jetty bound to port 43256
2019-09-04 09:32:13,098 [main] INFO  server.Server (Server.java:doStart(351)) - jetty-9.3.24.v20180605, build timestamp: 2018-06-05T17:11:56Z, git hash: 84205aa28f11a4f31f2a3b86d1bba2cc8ab69827
2019-09-04 09:32:13,100 [main] INFO  handler.ContextHandler (ContextHandler.java:doStart(781)) - Started o.e.j.s.ServletContextHandler@6c19769c{/logs,file:///workdir/hadoop-ozone/integration-test/target/log,AVAILABLE}
2019-09-04 09:32:13,101 [main] INFO  handler.ContextHandler (ContextHandler.java:doStart(781)) - Started o.e.j.s.ServletContextHandler@36453773{/static,file:///workdir/hadoop-ozone/integration-test/target/test-classes/webapps/static,AVAILABLE}
2019-09-04 09:32:13,105 [main] INFO  handler.ContextHandler (ContextHandler.java:doStart(781)) - Started o.e.j.w.WebAppContext@2dd08ff1{/,file:///workdir/hadoop-ozone/integration-test/target/test-classes/webapps/ozoneManager/,AVAILABLE}{/ozoneManager}
2019-09-04 09:32:13,106 [main] INFO  server.AbstractConnector (AbstractConnector.java:doStart(278)) - Started ServerConnector@37dec463{HTTP/1.1,[http/1.1]}{0.0.0.0:43256}
2019-09-04 09:32:13,107 [main] INFO  server.Server (Server.java:doStart(419)) - Started @106018ms
2019-09-04 09:32:13,107 [main] INFO  server.BaseHttpServer (BaseHttpServer.java:updateConnectorAddress(213)) - HTTP server of OZONEMANAGER is listening at http://0.0.0.0:43256
2019-09-04 09:32:13,126 [main] INFO  impl.MetricsSystemImpl (MetricsSystemImpl.java:init(158)) - HddsDatanode metrics system started (again)
2019-09-04 09:32:13,129 [main] INFO  ozone.HddsDatanodeService (HddsDatanodeService.java:start(184)) - HddsDatanodeService host:pr-hdds-1569-dvkr5-2373193410 ip:192.168.69.104
2019-09-04 09:32:13,138 [main] INFO  volume.HddsVolume (HddsVolume.java:<init>(176)) - Creating Volume: /workdir/hadoop-ozone/integration-test/target/test-dir/MiniOzoneClusterImpl-597fad41-898a-4cf4-b6ed-aa234846bbff/datanode-0/data/containers/hdds of  storage type : DISK and capacity : 1482555576320
2019-09-04 09:32:13,138 [main] INFO  volume.VolumeSet (VolumeSet.java:initializeVolumeSet(170)) - Added Volume : /workdir/hadoop-ozone/integration-test/target/test-dir/MiniOzoneClusterImpl-597fad41-898a-4cf4-b6ed-aa234846bbff/datanode-0/data/containers/hdds to VolumeSet
2019-09-04 09:32:13,138 [main] INFO  volume.ThrottledAsyncChecker (ThrottledAsyncChecker.java:schedule(140)) - Scheduling a check for org.apache.hadoop.ozone.container.common.volume.HddsVolume@7096d451
2019-09-04 09:32:13,139 [main] INFO  volume.HddsVolumeChecker (HddsVolumeChecker.java:checkAllVolumes(203)) - Scheduled health check for volume org.apache.hadoop.ozone.container.common.volume.HddsVolume@7096d451
2019-09-04 09:32:13,154 [main] INFO  impl.RaftServerProxy (ConfUtils.java:logGet(43)) - raft.rpc.type = GRPC (default)
2019-09-04 09:32:13,154 [main] INFO  grpc.GrpcFactory (GrpcFactory.java:checkPooledByteBufAllocatorUseCacheForAllThreads(45)) - PERFORMANCE WARNING: useCacheForAllThreads is true that may cause Netty to create a lot garbage objects and, as a result, trigger GC.
	It is recommended to disable useCacheForAllThreads by setting -Dorg.apache.ratis.thirdparty.io.netty.allocator.useCacheForAllThreads=false in command line.
2019-09-04 09:32:13,155 [main] INFO  grpc.GrpcConfigKeys$Server (ConfUtils.java:logGet(43)) - raft.grpc.server.port = 0 (default)
2019-09-04 09:32:13,155 [main] INFO  server.GrpcService (ConfUtils.java:logGet(43)) - raft.grpc.message.size.max = 33570816 (custom)
2019-09-04 09:32:13,155 [main] INFO  server.RaftServerConfigKeys (ConfUtils.java:logGet(43)) - raft.server.log.appender.buffer.byte-limit = 33554432 (custom)
2019-09-04 09:32:13,155 [main] INFO  server.GrpcService (ConfUtils.java:logGet(43)) - raft.grpc.flow.control.window = 1MB (=1048576) (default)
2019-09-04 09:32:13,155 [main] INFO  server.RaftServerConfigKeys (ConfUtils.java:logGet(43)) - raft.server.rpc.request.timeout = 3000ms (default)
2019-09-04 09:32:13,156 [main] INFO  server.RaftServerConfigKeys (ConfUtils.java:logGet(43)) - raft.server.storage.dir = [/workdir/hadoop-ozone/integration-test/target/test-dir/MiniOzoneClusterImpl-597fad41-898a-4cf4-b6ed-aa234846bbff/datanode-0/data/ratis] (custom)
2019-09-04 09:32:13,156 [main] INFO  replication.SimpleContainerDownloader (SimpleContainerDownloader.java:<init>(72)) - Starting container downloader service to copy containers to replicate.
2019-09-04 09:32:13,158 [main] INFO  hdfs.DFSUtil (DFSUtil.java:httpServerTemplateForNNAndJN(1641)) - Starting Web-server for hddsDatanode at: http://0.0.0.0:0
2019-09-04 09:32:13,161 [main] INFO  server.AuthenticationFilter (AuthenticationFilter.java:constructSecretProvider(240)) - Unable to initialize FileSignerSecretProvider, falling back to use random secrets.
2019-09-04 09:32:13,162 [main] WARN  http.HttpRequestLog (HttpRequestLog.java:getRequestLog(97)) - Jetty request log can only be enabled using Log4j
2019-09-04 09:32:13,163 [main] INFO  http.HttpServer2 (HttpServer2.java:addGlobalFilter(975)) - Added global filter 'safety' (class=org.apache.hadoop.http.HttpServer2$QuotingInputFilter)
2019-09-04 09:32:13,163 [main] INFO  http.HttpServer2 (HttpServer2.java:addFilter(948)) - Added filter static_user_filter (class=org.apache.hadoop.http.lib.StaticUserWebFilter$StaticUserFilter) to context hddsDatanode
2019-09-04 09:32:13,163 [main] INFO  http.HttpServer2 (HttpServer2.java:addFilter(958)) - Added filter static_user_filter (class=org.apache.hadoop.http.lib.StaticUserWebFilter$StaticUserFilter) to context static
2019-09-04 09:32:13,164 [main] INFO  http.HttpServer2 (HttpServer2.java:addFilter(958)) - Added filter static_user_filter (class=org.apache.hadoop.http.lib.StaticUserWebFilter$StaticUserFilter) to context logs
2019-09-04 09:32:13,164 [main] INFO  http.HttpServer2 (HttpServer2.java:bindListener(1191)) - Jetty bound to port 44925
2019-09-04 09:32:13,164 [main] INFO  server.Server (Server.java:doStart(351)) - jetty-9.3.24.v20180605, build timestamp: 2018-06-05T17:11:56Z, git hash: 84205aa28f11a4f31f2a3b86d1bba2cc8ab69827
2019-09-04 09:32:13,166 [main] INFO  handler.ContextHandler (ContextHandler.java:doStart(781)) - Started o.e.j.s.ServletContextHandler@5030997b{/logs,file:///workdir/hadoop-ozone/integration-test/target/log,AVAILABLE}
2019-09-04 09:32:13,166 [main] INFO  handler.ContextHandler (ContextHandler.java:doStart(781)) - Started o.e.j.s.ServletContextHandler@7de2bdc7{/static,jar:file:/home/user/.m2/repository/org/apache/hadoop/hadoop-hdds-container-service/0.5.0-SNAPSHOT/hadoop-hdds-container-service-0.5.0-SNAPSHOT.jar!/webapps/static,AVAILABLE}
2019-09-04 09:32:13,194 [main] INFO  handler.ContextHandler (ContextHandler.java:doStart(781)) - Started o.e.j.w.WebAppContext@4ec616d6{/,file:///tmp/jetty-0.0.0.0-44925-hddsDatanode-_-any-3612521833490000256.dir/webapp/,AVAILABLE}{/hddsDatanode}
2019-09-04 09:32:13,194 [main] INFO  server.AbstractConnector (AbstractConnector.java:doStart(278)) - Started ServerConnector@55b45ea1{HTTP/1.1,[http/1.1]}{0.0.0.0:44925}
2019-09-04 09:32:13,198 [main] INFO  server.Server (Server.java:doStart(419)) - Started @106110ms
2019-09-04 09:32:13,199 [main] INFO  server.BaseHttpServer (BaseHttpServer.java:updateConnectorAddress(213)) - HTTP server of HDDSDATANODE is listening at http://0.0.0.0:44925
2019-09-04 09:32:13,319 | INFO  | ObjectStoreRestHttpServer | Listening HDDS REST traffic on /0.0.0.0:35461 |  
2019-09-04 09:32:13,319 [main] INFO  ozone.HddsDatanodeService (HddsDatanodeService.java:startPlugins(395)) - Started plug-in org.apache.hadoop.ozone.web.OzoneHddsDatanodeService@60ef30b1
2019-09-04 09:32:13,319 [main] INFO  impl.MetricsSystemImpl (MetricsSystemImpl.java:init(158)) - HddsDatanode metrics system started (again)
2019-09-04 09:32:13,322 [org.apache.hadoop.util.JvmPauseMonitor$Monitor@559d371b] INFO  util.JvmPauseMonitor (JvmPauseMonitor.java:run(188)) - Starting JVM pause monitor
2019-09-04 09:32:13,322 [main] INFO  ozone.HddsDatanodeService (HddsDatanodeService.java:start(184)) - HddsDatanodeService host:pr-hdds-1569-dvkr5-2373193410 ip:192.168.69.104
2019-09-04 09:32:13,324 [Datanode State Machine Thread - 0] INFO  datanode.InitDatanodeState (InitDatanodeState.java:persistContainerDatanodeDetails(140)) - DatanodeDetails is persisted to /workdir/hadoop-ozone/integration-test/target/test-dir/MiniOzoneClusterImpl-597fad41-898a-4cf4-b6ed-aa234846bbff/datanode-0/meta/datanode.id
2019-09-04 09:32:13,330 [main] INFO  volume.HddsVolume (HddsVolume.java:<init>(176)) - Creating Volume: /workdir/hadoop-ozone/integration-test/target/test-dir/MiniOzoneClusterImpl-597fad41-898a-4cf4-b6ed-aa234846bbff/datanode-1/data/containers/hdds of  storage type : DISK and capacity : 1482555576320
2019-09-04 09:32:13,330 [main] INFO  volume.VolumeSet (VolumeSet.java:initializeVolumeSet(170)) - Added Volume : /workdir/hadoop-ozone/integration-test/target/test-dir/MiniOzoneClusterImpl-597fad41-898a-4cf4-b6ed-aa234846bbff/datanode-1/data/containers/hdds to VolumeSet
2019-09-04 09:32:13,330 [main] INFO  volume.ThrottledAsyncChecker (ThrottledAsyncChecker.java:schedule(140)) - Scheduling a check for org.apache.hadoop.ozone.container.common.volume.HddsVolume@4d79d187
2019-09-04 09:32:13,331 [main] INFO  volume.HddsVolumeChecker (HddsVolumeChecker.java:checkAllVolumes(203)) - Scheduled health check for volume org.apache.hadoop.ozone.container.common.volume.HddsVolume@4d79d187
2019-09-04 09:32:13,345 [main] INFO  impl.RaftServerProxy (ConfUtils.java:logGet(43)) - raft.rpc.type = GRPC (default)
2019-09-04 09:32:13,345 [main] INFO  grpc.GrpcFactory (GrpcFactory.java:checkPooledByteBufAllocatorUseCacheForAllThreads(45)) - PERFORMANCE WARNING: useCacheForAllThreads is true that may cause Netty to create a lot garbage objects and, as a result, trigger GC.
	It is recommended to disable useCacheForAllThreads by setting -Dorg.apache.ratis.thirdparty.io.netty.allocator.useCacheForAllThreads=false in command line.
2019-09-04 09:32:13,345 [main] INFO  grpc.GrpcConfigKeys$Server (ConfUtils.java:logGet(43)) - raft.grpc.server.port = 0 (default)
2019-09-04 09:32:13,345 [main] INFO  server.GrpcService (ConfUtils.java:logGet(43)) - raft.grpc.message.size.max = 33570816 (custom)
2019-09-04 09:32:13,346 [main] INFO  server.RaftServerConfigKeys (ConfUtils.java:logGet(43)) - raft.server.log.appender.buffer.byte-limit = 33554432 (custom)
2019-09-04 09:32:13,346 [main] INFO  server.GrpcService (ConfUtils.java:logGet(43)) - raft.grpc.flow.control.window = 1MB (=1048576) (default)
2019-09-04 09:32:13,346 [main] INFO  server.RaftServerConfigKeys (ConfUtils.java:logGet(43)) - raft.server.rpc.request.timeout = 3000ms (default)
2019-09-04 09:32:13,346 [main] INFO  server.RaftServerConfigKeys (ConfUtils.java:logGet(43)) - raft.server.storage.dir = [/workdir/hadoop-ozone/integration-test/target/test-dir/MiniOzoneClusterImpl-597fad41-898a-4cf4-b6ed-aa234846bbff/datanode-1/data/ratis] (custom)
2019-09-04 09:32:13,347 [main] INFO  replication.SimpleContainerDownloader (SimpleContainerDownloader.java:<init>(72)) - Starting container downloader service to copy containers to replicate.
2019-09-04 09:32:13,349 [main] INFO  hdfs.DFSUtil (DFSUtil.java:httpServerTemplateForNNAndJN(1641)) - Starting Web-server for hddsDatanode at: http://0.0.0.0:0
2019-09-04 09:32:13,350 [main] INFO  server.AuthenticationFilter (AuthenticationFilter.java:constructSecretProvider(240)) - Unable to initialize FileSignerSecretProvider, falling back to use random secrets.
2019-09-04 09:32:13,350 [main] WARN  http.HttpRequestLog (HttpRequestLog.java:getRequestLog(97)) - Jetty request log can only be enabled using Log4j
2019-09-04 09:32:13,352 [main] INFO  http.HttpServer2 (HttpServer2.java:addGlobalFilter(975)) - Added global filter 'safety' (class=org.apache.hadoop.http.HttpServer2$QuotingInputFilter)
2019-09-04 09:32:13,352 [main] INFO  http.HttpServer2 (HttpServer2.java:addFilter(948)) - Added filter static_user_filter (class=org.apache.hadoop.http.lib.StaticUserWebFilter$StaticUserFilter) to context hddsDatanode
2019-09-04 09:32:13,352 [main] INFO  http.HttpServer2 (HttpServer2.java:addFilter(958)) - Added filter static_user_filter (class=org.apache.hadoop.http.lib.StaticUserWebFilter$StaticUserFilter) to context static
2019-09-04 09:32:13,353 [main] INFO  http.HttpServer2 (HttpServer2.java:addFilter(958)) - Added filter static_user_filter (class=org.apache.hadoop.http.lib.StaticUserWebFilter$StaticUserFilter) to context logs
2019-09-04 09:32:13,353 [main] INFO  http.HttpServer2 (HttpServer2.java:bindListener(1191)) - Jetty bound to port 46596
2019-09-04 09:32:13,353 [main] INFO  server.Server (Server.java:doStart(351)) - jetty-9.3.24.v20180605, build timestamp: 2018-06-05T17:11:56Z, git hash: 84205aa28f11a4f31f2a3b86d1bba2cc8ab69827
2019-09-04 09:32:13,355 [main] INFO  handler.ContextHandler (ContextHandler.java:doStart(781)) - Started o.e.j.s.ServletContextHandler@699bb304{/logs,file:///workdir/hadoop-ozone/integration-test/target/log,AVAILABLE}
2019-09-04 09:32:13,355 [main] INFO  handler.ContextHandler (ContextHandler.java:doStart(781)) - Started o.e.j.s.ServletContextHandler@40fee459{/static,jar:file:/home/user/.m2/repository/org/apache/hadoop/hadoop-hdds-container-service/0.5.0-SNAPSHOT/hadoop-hdds-container-service-0.5.0-SNAPSHOT.jar!/webapps/static,AVAILABLE}
2019-09-04 09:32:13,383 [main] INFO  handler.ContextHandler (ContextHandler.java:doStart(781)) - Started o.e.j.w.WebAppContext@41581c3f{/,file:///tmp/jetty-0.0.0.0-46596-hddsDatanode-_-any-616349421647102745.dir/webapp/,AVAILABLE}{/hddsDatanode}
2019-09-04 09:32:13,383 [main] INFO  server.AbstractConnector (AbstractConnector.java:doStart(278)) - Started ServerConnector@10ba9780{HTTP/1.1,[http/1.1]}{0.0.0.0:46596}
2019-09-04 09:32:13,385 [main] INFO  server.Server (Server.java:doStart(419)) - Started @106296ms
2019-09-04 09:32:13,386 [main] INFO  server.BaseHttpServer (BaseHttpServer.java:updateConnectorAddress(213)) - HTTP server of HDDSDATANODE is listening at http://0.0.0.0:46596
2019-09-04 09:32:13,533 | INFO  | ObjectStoreRestHttpServer | Listening HDDS REST traffic on /0.0.0.0:41413 |  
2019-09-04 09:32:13,533 [main] INFO  ozone.HddsDatanodeService (HddsDatanodeService.java:startPlugins(395)) - Started plug-in org.apache.hadoop.ozone.web.OzoneHddsDatanodeService@fd0e118
2019-09-04 09:32:13,534 [main] INFO  impl.MetricsSystemImpl (MetricsSystemImpl.java:init(158)) - HddsDatanode metrics system started (again)
2019-09-04 09:32:13,537 [org.apache.hadoop.util.JvmPauseMonitor$Monitor@57a35f21] INFO  util.JvmPauseMonitor (JvmPauseMonitor.java:run(188)) - Starting JVM pause monitor
2019-09-04 09:32:13,537 [main] INFO  ozone.HddsDatanodeService (HddsDatanodeService.java:start(184)) - HddsDatanodeService host:pr-hdds-1569-dvkr5-2373193410 ip:192.168.69.104
2019-09-04 09:32:13,539 [Datanode State Machine Thread - 0] INFO  datanode.InitDatanodeState (InitDatanodeState.java:persistContainerDatanodeDetails(140)) - DatanodeDetails is persisted to /workdir/hadoop-ozone/integration-test/target/test-dir/MiniOzoneClusterImpl-597fad41-898a-4cf4-b6ed-aa234846bbff/datanode-1/meta/datanode.id
2019-09-04 09:32:13,544 [main] INFO  volume.HddsVolume (HddsVolume.java:<init>(176)) - Creating Volume: /workdir/hadoop-ozone/integration-test/target/test-dir/MiniOzoneClusterImpl-597fad41-898a-4cf4-b6ed-aa234846bbff/datanode-2/data/containers/hdds of  storage type : DISK and capacity : 1482555576320
2019-09-04 09:32:13,545 [main] INFO  volume.VolumeSet (VolumeSet.java:initializeVolumeSet(170)) - Added Volume : /workdir/hadoop-ozone/integration-test/target/test-dir/MiniOzoneClusterImpl-597fad41-898a-4cf4-b6ed-aa234846bbff/datanode-2/data/containers/hdds to VolumeSet
2019-09-04 09:32:13,545 [main] INFO  volume.ThrottledAsyncChecker (ThrottledAsyncChecker.java:schedule(140)) - Scheduling a check for org.apache.hadoop.ozone.container.common.volume.HddsVolume@3e0e0ba7
2019-09-04 09:32:13,545 [main] INFO  volume.HddsVolumeChecker (HddsVolumeChecker.java:checkAllVolumes(203)) - Scheduled health check for volume org.apache.hadoop.ozone.container.common.volume.HddsVolume@3e0e0ba7
2019-09-04 09:32:13,560 [main] INFO  impl.RaftServerProxy (ConfUtils.java:logGet(43)) - raft.rpc.type = GRPC (default)
2019-09-04 09:32:13,561 [main] INFO  grpc.GrpcFactory (GrpcFactory.java:checkPooledByteBufAllocatorUseCacheForAllThreads(45)) - PERFORMANCE WARNING: useCacheForAllThreads is true that may cause Netty to create a lot garbage objects and, as a result, trigger GC.
	It is recommended to disable useCacheForAllThreads by setting -Dorg.apache.ratis.thirdparty.io.netty.allocator.useCacheForAllThreads=false in command line.
2019-09-04 09:32:13,561 [main] INFO  grpc.GrpcConfigKeys$Server (ConfUtils.java:logGet(43)) - raft.grpc.server.port = 0 (default)
2019-09-04 09:32:13,561 [main] INFO  server.GrpcService (ConfUtils.java:logGet(43)) - raft.grpc.message.size.max = 33570816 (custom)
2019-09-04 09:32:13,561 [main] INFO  server.RaftServerConfigKeys (ConfUtils.java:logGet(43)) - raft.server.log.appender.buffer.byte-limit = 33554432 (custom)
2019-09-04 09:32:13,562 [main] INFO  server.GrpcService (ConfUtils.java:logGet(43)) - raft.grpc.flow.control.window = 1MB (=1048576) (default)
2019-09-04 09:32:13,562 [main] INFO  server.RaftServerConfigKeys (ConfUtils.java:logGet(43)) - raft.server.rpc.request.timeout = 3000ms (default)
2019-09-04 09:32:13,562 [main] INFO  server.RaftServerConfigKeys (ConfUtils.java:logGet(43)) - raft.server.storage.dir = [/workdir/hadoop-ozone/integration-test/target/test-dir/MiniOzoneClusterImpl-597fad41-898a-4cf4-b6ed-aa234846bbff/datanode-2/data/ratis] (custom)
2019-09-04 09:32:13,563 [main] INFO  replication.SimpleContainerDownloader (SimpleContainerDownloader.java:<init>(72)) - Starting container downloader service to copy containers to replicate.
2019-09-04 09:32:13,564 [main] INFO  hdfs.DFSUtil (DFSUtil.java:httpServerTemplateForNNAndJN(1641)) - Starting Web-server for hddsDatanode at: http://0.0.0.0:0
2019-09-04 09:32:13,565 [main] INFO  server.AuthenticationFilter (AuthenticationFilter.java:constructSecretProvider(240)) - Unable to initialize FileSignerSecretProvider, falling back to use random secrets.
2019-09-04 09:32:13,566 [main] WARN  http.HttpRequestLog (HttpRequestLog.java:getRequestLog(97)) - Jetty request log can only be enabled using Log4j
2019-09-04 09:32:13,567 [main] INFO  http.HttpServer2 (HttpServer2.java:addGlobalFilter(975)) - Added global filter 'safety' (class=org.apache.hadoop.http.HttpServer2$QuotingInputFilter)
2019-09-04 09:32:13,567 [main] INFO  http.HttpServer2 (HttpServer2.java:addFilter(948)) - Added filter static_user_filter (class=org.apache.hadoop.http.lib.StaticUserWebFilter$StaticUserFilter) to context hddsDatanode
2019-09-04 09:32:13,567 [main] INFO  http.HttpServer2 (HttpServer2.java:addFilter(958)) - Added filter static_user_filter (class=org.apache.hadoop.http.lib.StaticUserWebFilter$StaticUserFilter) to context logs
2019-09-04 09:32:13,568 [main] INFO  http.HttpServer2 (HttpServer2.java:addFilter(958)) - Added filter static_user_filter (class=org.apache.hadoop.http.lib.StaticUserWebFilter$StaticUserFilter) to context static
2019-09-04 09:32:13,568 [main] INFO  http.HttpServer2 (HttpServer2.java:bindListener(1191)) - Jetty bound to port 44556
2019-09-04 09:32:13,568 [main] INFO  server.Server (Server.java:doStart(351)) - jetty-9.3.24.v20180605, build timestamp: 2018-06-05T17:11:56Z, git hash: 84205aa28f11a4f31f2a3b86d1bba2cc8ab69827
2019-09-04 09:32:13,570 [main] INFO  handler.ContextHandler (ContextHandler.java:doStart(781)) - Started o.e.j.s.ServletContextHandler@279ab15e{/logs,file:///workdir/hadoop-ozone/integration-test/target/log,AVAILABLE}
2019-09-04 09:32:13,570 [main] INFO  handler.ContextHandler (ContextHandler.java:doStart(781)) - Started o.e.j.s.ServletContextHandler@5810772a{/static,jar:file:/home/user/.m2/repository/org/apache/hadoop/hadoop-hdds-container-service/0.5.0-SNAPSHOT/hadoop-hdds-container-service-0.5.0-SNAPSHOT.jar!/webapps/static,AVAILABLE}
2019-09-04 09:32:13,595 [main] INFO  handler.ContextHandler (ContextHandler.java:doStart(781)) - Started o.e.j.w.WebAppContext@6c2f8ecb{/,file:///tmp/jetty-0.0.0.0-44556-hddsDatanode-_-any-8310194917688069758.dir/webapp/,AVAILABLE}{/hddsDatanode}
2019-09-04 09:32:13,595 [main] INFO  server.AbstractConnector (AbstractConnector.java:doStart(278)) - Started ServerConnector@c3d4bd7{HTTP/1.1,[http/1.1]}{0.0.0.0:44556}
2019-09-04 09:32:13,597 [main] INFO  server.Server (Server.java:doStart(419)) - Started @106508ms
2019-09-04 09:32:13,597 [main] INFO  server.BaseHttpServer (BaseHttpServer.java:updateConnectorAddress(213)) - HTTP server of HDDSDATANODE is listening at http://0.0.0.0:44556
2019-09-04 09:32:13,704 | INFO  | ObjectStoreRestHttpServer | Listening HDDS REST traffic on /0.0.0.0:33796 |  
2019-09-04 09:32:13,704 [main] INFO  ozone.HddsDatanodeService (HddsDatanodeService.java:startPlugins(395)) - Started plug-in org.apache.hadoop.ozone.web.OzoneHddsDatanodeService@26a202ae
2019-09-04 09:32:13,705 [main] INFO  impl.MetricsSystemImpl (MetricsSystemImpl.java:init(158)) - HddsDatanode metrics system started (again)
2019-09-04 09:32:13,708 [org.apache.hadoop.util.JvmPauseMonitor$Monitor@17ec425f] INFO  util.JvmPauseMonitor (JvmPauseMonitor.java:run(188)) - Starting JVM pause monitor
2019-09-04 09:32:13,709 [main] INFO  ozone.HddsDatanodeService (HddsDatanodeService.java:start(184)) - HddsDatanodeService host:pr-hdds-1569-dvkr5-2373193410 ip:192.168.69.104
2019-09-04 09:32:13,709 [Datanode State Machine Thread - 0] INFO  datanode.InitDatanodeState (InitDatanodeState.java:persistContainerDatanodeDetails(140)) - DatanodeDetails is persisted to /workdir/hadoop-ozone/integration-test/target/test-dir/MiniOzoneClusterImpl-597fad41-898a-4cf4-b6ed-aa234846bbff/datanode-2/meta/datanode.id
2019-09-04 09:32:13,717 [main] INFO  volume.HddsVolume (HddsVolume.java:<init>(176)) - Creating Volume: /workdir/hadoop-ozone/integration-test/target/test-dir/MiniOzoneClusterImpl-597fad41-898a-4cf4-b6ed-aa234846bbff/datanode-3/data/containers/hdds of  storage type : DISK and capacity : 1482555576320
2019-09-04 09:32:13,717 [main] INFO  volume.VolumeSet (VolumeSet.java:initializeVolumeSet(170)) - Added Volume : /workdir/hadoop-ozone/integration-test/target/test-dir/MiniOzoneClusterImpl-597fad41-898a-4cf4-b6ed-aa234846bbff/datanode-3/data/containers/hdds to VolumeSet
2019-09-04 09:32:13,718 [main] INFO  volume.ThrottledAsyncChecker (ThrottledAsyncChecker.java:schedule(140)) - Scheduling a check for org.apache.hadoop.ozone.container.common.volume.HddsVolume@3ec211cc
2019-09-04 09:32:13,718 [main] INFO  volume.HddsVolumeChecker (HddsVolumeChecker.java:checkAllVolumes(203)) - Scheduled health check for volume org.apache.hadoop.ozone.container.common.volume.HddsVolume@3ec211cc
2019-09-04 09:32:13,731 [main] INFO  impl.RaftServerProxy (ConfUtils.java:logGet(43)) - raft.rpc.type = GRPC (default)
2019-09-04 09:32:13,732 [main] INFO  grpc.GrpcFactory (GrpcFactory.java:checkPooledByteBufAllocatorUseCacheForAllThreads(45)) - PERFORMANCE WARNING: useCacheForAllThreads is true that may cause Netty to create a lot garbage objects and, as a result, trigger GC.
	It is recommended to disable useCacheForAllThreads by setting -Dorg.apache.ratis.thirdparty.io.netty.allocator.useCacheForAllThreads=false in command line.
2019-09-04 09:32:13,732 [main] INFO  grpc.GrpcConfigKeys$Server (ConfUtils.java:logGet(43)) - raft.grpc.server.port = 0 (default)
2019-09-04 09:32:13,732 [main] INFO  server.GrpcService (ConfUtils.java:logGet(43)) - raft.grpc.message.size.max = 33570816 (custom)
2019-09-04 09:32:13,732 [main] INFO  server.RaftServerConfigKeys (ConfUtils.java:logGet(43)) - raft.server.log.appender.buffer.byte-limit = 33554432 (custom)
2019-09-04 09:32:13,732 [main] INFO  server.GrpcService (ConfUtils.java:logGet(43)) - raft.grpc.flow.control.window = 1MB (=1048576) (default)
2019-09-04 09:32:13,732 [main] INFO  server.RaftServerConfigKeys (ConfUtils.java:logGet(43)) - raft.server.rpc.request.timeout = 3000ms (default)
2019-09-04 09:32:13,733 [main] INFO  server.RaftServerConfigKeys (ConfUtils.java:logGet(43)) - raft.server.storage.dir = [/workdir/hadoop-ozone/integration-test/target/test-dir/MiniOzoneClusterImpl-597fad41-898a-4cf4-b6ed-aa234846bbff/datanode-3/data/ratis] (custom)
2019-09-04 09:32:13,733 [main] INFO  replication.SimpleContainerDownloader (SimpleContainerDownloader.java:<init>(72)) - Starting container downloader service to copy containers to replicate.
2019-09-04 09:32:13,734 [main] INFO  hdfs.DFSUtil (DFSUtil.java:httpServerTemplateForNNAndJN(1641)) - Starting Web-server for hddsDatanode at: http://0.0.0.0:0
2019-09-04 09:32:13,735 [main] INFO  server.AuthenticationFilter (AuthenticationFilter.java:constructSecretProvider(240)) - Unable to initialize FileSignerSecretProvider, falling back to use random secrets.
2019-09-04 09:32:13,736 [main] WARN  http.HttpRequestLog (HttpRequestLog.java:getRequestLog(97)) - Jetty request log can only be enabled using Log4j
2019-09-04 09:32:13,737 [main] INFO  http.HttpServer2 (HttpServer2.java:addGlobalFilter(975)) - Added global filter 'safety' (class=org.apache.hadoop.http.HttpServer2$QuotingInputFilter)
2019-09-04 09:32:13,737 [main] INFO  http.HttpServer2 (HttpServer2.java:addFilter(948)) - Added filter static_user_filter (class=org.apache.hadoop.http.lib.StaticUserWebFilter$StaticUserFilter) to context hddsDatanode
2019-09-04 09:32:13,738 [main] INFO  http.HttpServer2 (HttpServer2.java:addFilter(958)) - Added filter static_user_filter (class=org.apache.hadoop.http.lib.StaticUserWebFilter$StaticUserFilter) to context static
2019-09-04 09:32:13,738 [main] INFO  http.HttpServer2 (HttpServer2.java:addFilter(958)) - Added filter static_user_filter (class=org.apache.hadoop.http.lib.StaticUserWebFilter$StaticUserFilter) to context logs
2019-09-04 09:32:13,738 [main] INFO  http.HttpServer2 (HttpServer2.java:bindListener(1191)) - Jetty bound to port 40853
2019-09-04 09:32:13,738 [main] INFO  server.Server (Server.java:doStart(351)) - jetty-9.3.24.v20180605, build timestamp: 2018-06-05T17:11:56Z, git hash: 84205aa28f11a4f31f2a3b86d1bba2cc8ab69827
2019-09-04 09:32:13,740 [main] INFO  handler.ContextHandler (ContextHandler.java:doStart(781)) - Started o.e.j.s.ServletContextHandler@38197e82{/logs,file:///workdir/hadoop-ozone/integration-test/target/log,AVAILABLE}
2019-09-04 09:32:13,740 [main] INFO  handler.ContextHandler (ContextHandler.java:doStart(781)) - Started o.e.j.s.ServletContextHandler@6765b6a2{/static,jar:file:/home/user/.m2/repository/org/apache/hadoop/hadoop-hdds-container-service/0.5.0-SNAPSHOT/hadoop-hdds-container-service-0.5.0-SNAPSHOT.jar!/webapps/static,AVAILABLE}
2019-09-04 09:32:13,769 [main] INFO  handler.ContextHandler (ContextHandler.java:doStart(781)) - Started o.e.j.w.WebAppContext@1734b1a{/,file:///tmp/jetty-0.0.0.0-40853-hddsDatanode-_-any-7209343134056255370.dir/webapp/,AVAILABLE}{/hddsDatanode}
2019-09-04 09:32:13,769 [main] INFO  server.AbstractConnector (AbstractConnector.java:doStart(278)) - Started ServerConnector@17e6d07b{HTTP/1.1,[http/1.1]}{0.0.0.0:40853}
2019-09-04 09:32:13,770 [main] INFO  server.Server (Server.java:doStart(419)) - Started @106682ms
2019-09-04 09:32:13,771 [main] INFO  server.BaseHttpServer (BaseHttpServer.java:updateConnectorAddress(213)) - HTTP server of HDDSDATANODE is listening at http://0.0.0.0:40853
2019-09-04 09:32:13,866 | INFO  | ObjectStoreRestHttpServer | Listening HDDS REST traffic on /0.0.0.0:39157 |  
2019-09-04 09:32:13,866 [main] INFO  ozone.HddsDatanodeService (HddsDatanodeService.java:startPlugins(395)) - Started plug-in org.apache.hadoop.ozone.web.OzoneHddsDatanodeService@63c6c5e5
2019-09-04 09:32:13,867 [main] INFO  impl.MetricsSystemImpl (MetricsSystemImpl.java:init(158)) - HddsDatanode metrics system started (again)
2019-09-04 09:32:13,868 [org.apache.hadoop.util.JvmPauseMonitor$Monitor@6604c338] INFO  util.JvmPauseMonitor (JvmPauseMonitor.java:run(188)) - Starting JVM pause monitor
2019-09-04 09:32:13,873 [main] INFO  ozone.HddsDatanodeService (HddsDatanodeService.java:start(184)) - HddsDatanodeService host:pr-hdds-1569-dvkr5-2373193410 ip:192.168.69.104
2019-09-04 09:32:13,873 [Datanode State Machine Thread - 0] INFO  datanode.InitDatanodeState (InitDatanodeState.java:persistContainerDatanodeDetails(140)) - DatanodeDetails is persisted to /workdir/hadoop-ozone/integration-test/target/test-dir/MiniOzoneClusterImpl-597fad41-898a-4cf4-b6ed-aa234846bbff/datanode-3/meta/datanode.id
2019-09-04 09:32:13,887 [main] INFO  volume.HddsVolume (HddsVolume.java:<init>(176)) - Creating Volume: /workdir/hadoop-ozone/integration-test/target/test-dir/MiniOzoneClusterImpl-597fad41-898a-4cf4-b6ed-aa234846bbff/datanode-4/data/containers/hdds of  storage type : DISK and capacity : 1482555576320
2019-09-04 09:32:13,888 [main] INFO  volume.VolumeSet (VolumeSet.java:initializeVolumeSet(170)) - Added Volume : /workdir/hadoop-ozone/integration-test/target/test-dir/MiniOzoneClusterImpl-597fad41-898a-4cf4-b6ed-aa234846bbff/datanode-4/data/containers/hdds to VolumeSet
2019-09-04 09:32:13,888 [main] INFO  volume.ThrottledAsyncChecker (ThrottledAsyncChecker.java:schedule(140)) - Scheduling a check for org.apache.hadoop.ozone.container.common.volume.HddsVolume@460aa24e
2019-09-04 09:32:13,888 [main] INFO  volume.HddsVolumeChecker (HddsVolumeChecker.java:checkAllVolumes(203)) - Scheduled health check for volume org.apache.hadoop.ozone.container.common.volume.HddsVolume@460aa24e
2019-09-04 09:32:13,904 [main] INFO  impl.RaftServerProxy (ConfUtils.java:logGet(43)) - raft.rpc.type = GRPC (default)
2019-09-04 09:32:13,904 [main] INFO  grpc.GrpcFactory (GrpcFactory.java:checkPooledByteBufAllocatorUseCacheForAllThreads(45)) - PERFORMANCE WARNING: useCacheForAllThreads is true that may cause Netty to create a lot garbage objects and, as a result, trigger GC.
	It is recommended to disable useCacheForAllThreads by setting -Dorg.apache.ratis.thirdparty.io.netty.allocator.useCacheForAllThreads=false in command line.
2019-09-04 09:32:13,904 [main] INFO  grpc.GrpcConfigKeys$Server (ConfUtils.java:logGet(43)) - raft.grpc.server.port = 0 (default)
2019-09-04 09:32:13,904 [main] INFO  server.GrpcService (ConfUtils.java:logGet(43)) - raft.grpc.message.size.max = 33570816 (custom)
2019-09-04 09:32:13,905 [main] INFO  server.RaftServerConfigKeys (ConfUtils.java:logGet(43)) - raft.server.log.appender.buffer.byte-limit = 33554432 (custom)
2019-09-04 09:32:13,905 [main] INFO  server.GrpcService (ConfUtils.java:logGet(43)) - raft.grpc.flow.control.window = 1MB (=1048576) (default)
2019-09-04 09:32:13,905 [main] INFO  server.RaftServerConfigKeys (ConfUtils.java:logGet(43)) - raft.server.rpc.request.timeout = 3000ms (default)
2019-09-04 09:32:13,905 [main] INFO  server.RaftServerConfigKeys (ConfUtils.java:logGet(43)) - raft.server.storage.dir = [/workdir/hadoop-ozone/integration-test/target/test-dir/MiniOzoneClusterImpl-597fad41-898a-4cf4-b6ed-aa234846bbff/datanode-4/data/ratis] (custom)
2019-09-04 09:32:13,906 [main] INFO  replication.SimpleContainerDownloader (SimpleContainerDownloader.java:<init>(72)) - Starting container downloader service to copy containers to replicate.
2019-09-04 09:32:13,907 [main] INFO  hdfs.DFSUtil (DFSUtil.java:httpServerTemplateForNNAndJN(1641)) - Starting Web-server for hddsDatanode at: http://0.0.0.0:0
2019-09-04 09:32:13,908 [main] INFO  server.AuthenticationFilter (AuthenticationFilter.java:constructSecretProvider(240)) - Unable to initialize FileSignerSecretProvider, falling back to use random secrets.
2019-09-04 09:32:13,909 [main] WARN  http.HttpRequestLog (HttpRequestLog.java:getRequestLog(97)) - Jetty request log can only be enabled using Log4j
2019-09-04 09:32:13,911 [main] INFO  http.HttpServer2 (HttpServer2.java:addGlobalFilter(975)) - Added global filter 'safety' (class=org.apache.hadoop.http.HttpServer2$QuotingInputFilter)
2019-09-04 09:32:13,912 [main] INFO  http.HttpServer2 (HttpServer2.java:addFilter(948)) - Added filter static_user_filter (class=org.apache.hadoop.http.lib.StaticUserWebFilter$StaticUserFilter) to context hddsDatanode
2019-09-04 09:32:13,912 [main] INFO  http.HttpServer2 (HttpServer2.java:addFilter(958)) - Added filter static_user_filter (class=org.apache.hadoop.http.lib.StaticUserWebFilter$StaticUserFilter) to context logs
2019-09-04 09:32:13,912 [main] INFO  http.HttpServer2 (HttpServer2.java:addFilter(958)) - Added filter static_user_filter (class=org.apache.hadoop.http.lib.StaticUserWebFilter$StaticUserFilter) to context static
2019-09-04 09:32:13,913 [main] INFO  http.HttpServer2 (HttpServer2.java:bindListener(1191)) - Jetty bound to port 45145
2019-09-04 09:32:13,914 [main] INFO  server.Server (Server.java:doStart(351)) - jetty-9.3.24.v20180605, build timestamp: 2018-06-05T17:11:56Z, git hash: 84205aa28f11a4f31f2a3b86d1bba2cc8ab69827
2019-09-04 09:32:13,916 [main] INFO  handler.ContextHandler (ContextHandler.java:doStart(781)) - Started o.e.j.s.ServletContextHandler@61607ff0{/logs,file:///workdir/hadoop-ozone/integration-test/target/log,AVAILABLE}
2019-09-04 09:32:13,917 [main] INFO  handler.ContextHandler (ContextHandler.java:doStart(781)) - Started o.e.j.s.ServletContextHandler@b63365c{/static,jar:file:/home/user/.m2/repository/org/apache/hadoop/hadoop-hdds-container-service/0.5.0-SNAPSHOT/hadoop-hdds-container-service-0.5.0-SNAPSHOT.jar!/webapps/static,AVAILABLE}
2019-09-04 09:32:13,960 [main] INFO  handler.ContextHandler (ContextHandler.java:doStart(781)) - Started o.e.j.w.WebAppContext@9dbb1d9{/,file:///tmp/jetty-0.0.0.0-45145-hddsDatanode-_-any-2882603753715957206.dir/webapp/,AVAILABLE}{/hddsDatanode}
2019-09-04 09:32:13,961 [main] INFO  server.AbstractConnector (AbstractConnector.java:doStart(278)) - Started ServerConnector@1bb0fa38{HTTP/1.1,[http/1.1]}{0.0.0.0:45145}
2019-09-04 09:32:13,963 [main] INFO  server.Server (Server.java:doStart(419)) - Started @106874ms
2019-09-04 09:32:13,964 [main] INFO  server.BaseHttpServer (BaseHttpServer.java:updateConnectorAddress(213)) - HTTP server of HDDSDATANODE is listening at http://0.0.0.0:45145
2019-09-04 09:32:14,106 | INFO  | ObjectStoreRestHttpServer | Listening HDDS REST traffic on /0.0.0.0:38277 |  
2019-09-04 09:32:14,106 [main] INFO  ozone.HddsDatanodeService (HddsDatanodeService.java:startPlugins(395)) - Started plug-in org.apache.hadoop.ozone.web.OzoneHddsDatanodeService@35fac3ba
2019-09-04 09:32:14,107 [main] INFO  impl.MetricsSystemImpl (MetricsSystemImpl.java:init(158)) - HddsDatanode metrics system started (again)
2019-09-04 09:32:14,111 [org.apache.hadoop.util.JvmPauseMonitor$Monitor@7a77a808] INFO  util.JvmPauseMonitor (JvmPauseMonitor.java:run(188)) - Starting JVM pause monitor
2019-09-04 09:32:14,112 [main] INFO  ozone.HddsDatanodeService (HddsDatanodeService.java:start(184)) - HddsDatanodeService host:pr-hdds-1569-dvkr5-2373193410 ip:192.168.69.104
2019-09-04 09:32:14,113 [Datanode State Machine Thread - 0] INFO  datanode.InitDatanodeState (InitDatanodeState.java:persistContainerDatanodeDetails(140)) - DatanodeDetails is persisted to /workdir/hadoop-ozone/integration-test/target/test-dir/MiniOzoneClusterImpl-597fad41-898a-4cf4-b6ed-aa234846bbff/datanode-4/meta/datanode.id
2019-09-04 09:32:14,120 [main] INFO  volume.HddsVolume (HddsVolume.java:<init>(176)) - Creating Volume: /workdir/hadoop-ozone/integration-test/target/test-dir/MiniOzoneClusterImpl-597fad41-898a-4cf4-b6ed-aa234846bbff/datanode-5/data/containers/hdds of  storage type : DISK and capacity : 1482555576320
2019-09-04 09:32:14,120 [main] INFO  volume.VolumeSet (VolumeSet.java:initializeVolumeSet(170)) - Added Volume : /workdir/hadoop-ozone/integration-test/target/test-dir/MiniOzoneClusterImpl-597fad41-898a-4cf4-b6ed-aa234846bbff/datanode-5/data/containers/hdds to VolumeSet
2019-09-04 09:32:14,120 [main] INFO  volume.ThrottledAsyncChecker (ThrottledAsyncChecker.java:schedule(140)) - Scheduling a check for org.apache.hadoop.ozone.container.common.volume.HddsVolume@185b7cc6
2019-09-04 09:32:14,121 [main] INFO  volume.HddsVolumeChecker (HddsVolumeChecker.java:checkAllVolumes(203)) - Scheduled health check for volume org.apache.hadoop.ozone.container.common.volume.HddsVolume@185b7cc6
2019-09-04 09:32:14,137 [main] INFO  impl.RaftServerProxy (ConfUtils.java:logGet(43)) - raft.rpc.type = GRPC (default)
2019-09-04 09:32:14,137 [main] INFO  grpc.GrpcFactory (GrpcFactory.java:checkPooledByteBufAllocatorUseCacheForAllThreads(45)) - PERFORMANCE WARNING: useCacheForAllThreads is true that may cause Netty to create a lot garbage objects and, as a result, trigger GC.
	It is recommended to disable useCacheForAllThreads by setting -Dorg.apache.ratis.thirdparty.io.netty.allocator.useCacheForAllThreads=false in command line.
2019-09-04 09:32:14,137 [main] INFO  grpc.GrpcConfigKeys$Server (ConfUtils.java:logGet(43)) - raft.grpc.server.port = 0 (default)
2019-09-04 09:32:14,137 [main] INFO  server.GrpcService (ConfUtils.java:logGet(43)) - raft.grpc.message.size.max = 33570816 (custom)
2019-09-04 09:32:14,138 [main] INFO  server.RaftServerConfigKeys (ConfUtils.java:logGet(43)) - raft.server.log.appender.buffer.byte-limit = 33554432 (custom)
2019-09-04 09:32:14,138 [main] INFO  server.GrpcService (ConfUtils.java:logGet(43)) - raft.grpc.flow.control.window = 1MB (=1048576) (default)
2019-09-04 09:32:14,138 [main] INFO  server.RaftServerConfigKeys (ConfUtils.java:logGet(43)) - raft.server.rpc.request.timeout = 3000ms (default)
2019-09-04 09:32:14,138 [main] INFO  server.RaftServerConfigKeys (ConfUtils.java:logGet(43)) - raft.server.storage.dir = [/workdir/hadoop-ozone/integration-test/target/test-dir/MiniOzoneClusterImpl-597fad41-898a-4cf4-b6ed-aa234846bbff/datanode-5/data/ratis] (custom)
2019-09-04 09:32:14,139 [main] INFO  replication.SimpleContainerDownloader (SimpleContainerDownloader.java:<init>(72)) - Starting container downloader service to copy containers to replicate.
2019-09-04 09:32:14,140 [main] INFO  hdfs.DFSUtil (DFSUtil.java:httpServerTemplateForNNAndJN(1641)) - Starting Web-server for hddsDatanode at: http://0.0.0.0:0
2019-09-04 09:32:14,141 [main] INFO  server.AuthenticationFilter (AuthenticationFilter.java:constructSecretProvider(240)) - Unable to initialize FileSignerSecretProvider, falling back to use random secrets.
2019-09-04 09:32:14,142 [main] WARN  http.HttpRequestLog (HttpRequestLog.java:getRequestLog(97)) - Jetty request log can only be enabled using Log4j
2019-09-04 09:32:14,143 [main] INFO  http.HttpServer2 (HttpServer2.java:addGlobalFilter(975)) - Added global filter 'safety' (class=org.apache.hadoop.http.HttpServer2$QuotingInputFilter)
2019-09-04 09:32:14,143 [main] INFO  http.HttpServer2 (HttpServer2.java:addFilter(948)) - Added filter static_user_filter (class=org.apache.hadoop.http.lib.StaticUserWebFilter$StaticUserFilter) to context hddsDatanode
2019-09-04 09:32:14,144 [main] INFO  http.HttpServer2 (HttpServer2.java:addFilter(958)) - Added filter static_user_filter (class=org.apache.hadoop.http.lib.StaticUserWebFilter$StaticUserFilter) to context logs
2019-09-04 09:32:14,144 [main] INFO  http.HttpServer2 (HttpServer2.java:addFilter(958)) - Added filter static_user_filter (class=org.apache.hadoop.http.lib.StaticUserWebFilter$StaticUserFilter) to context static
2019-09-04 09:32:14,144 [main] INFO  http.HttpServer2 (HttpServer2.java:bindListener(1191)) - Jetty bound to port 45001
2019-09-04 09:32:14,144 [main] INFO  server.Server (Server.java:doStart(351)) - jetty-9.3.24.v20180605, build timestamp: 2018-06-05T17:11:56Z, git hash: 84205aa28f11a4f31f2a3b86d1bba2cc8ab69827
2019-09-04 09:32:14,146 [main] INFO  handler.ContextHandler (ContextHandler.java:doStart(781)) - Started o.e.j.s.ServletContextHandler@1b3a95d9{/logs,file:///workdir/hadoop-ozone/integration-test/target/log,AVAILABLE}
2019-09-04 09:32:14,146 [main] INFO  handler.ContextHandler (ContextHandler.java:doStart(781)) - Started o.e.j.s.ServletContextHandler@5186c801{/static,jar:file:/home/user/.m2/repository/org/apache/hadoop/hadoop-hdds-container-service/0.5.0-SNAPSHOT/hadoop-hdds-container-service-0.5.0-SNAPSHOT.jar!/webapps/static,AVAILABLE}
2019-09-04 09:32:14,172 [main] INFO  handler.ContextHandler (ContextHandler.java:doStart(781)) - Started o.e.j.w.WebAppContext@7272914b{/,file:///tmp/jetty-0.0.0.0-45001-hddsDatanode-_-any-4653814278881779279.dir/webapp/,AVAILABLE}{/hddsDatanode}
2019-09-04 09:32:14,173 [main] INFO  server.AbstractConnector (AbstractConnector.java:doStart(278)) - Started ServerConnector@663f24e6{HTTP/1.1,[http/1.1]}{0.0.0.0:45001}
2019-09-04 09:32:14,174 [main] INFO  server.Server (Server.java:doStart(419)) - Started @107086ms
2019-09-04 09:32:14,175 [main] INFO  server.BaseHttpServer (BaseHttpServer.java:updateConnectorAddress(213)) - HTTP server of HDDSDATANODE is listening at http://0.0.0.0:45001
2019-09-04 09:32:14,303 | INFO  | ObjectStoreRestHttpServer | Listening HDDS REST traffic on /0.0.0.0:36186 |  
2019-09-04 09:32:14,303 [main] INFO  ozone.HddsDatanodeService (HddsDatanodeService.java:startPlugins(395)) - Started plug-in org.apache.hadoop.ozone.web.OzoneHddsDatanodeService@7be6dabb
2019-09-04 09:32:14,303 [main] INFO  impl.MetricsSystemImpl (MetricsSystemImpl.java:init(158)) - HddsDatanode metrics system started (again)
2019-09-04 09:32:14,307 [org.apache.hadoop.util.JvmPauseMonitor$Monitor@4fc1879a] INFO  util.JvmPauseMonitor (JvmPauseMonitor.java:run(188)) - Starting JVM pause monitor
2019-09-04 09:32:14,308 [main] INFO  ozone.HddsDatanodeService (HddsDatanodeService.java:start(184)) - HddsDatanodeService host:pr-hdds-1569-dvkr5-2373193410 ip:192.168.69.104
2019-09-04 09:32:14,309 [Datanode State Machine Thread - 0] INFO  datanode.InitDatanodeState (InitDatanodeState.java:persistContainerDatanodeDetails(140)) - DatanodeDetails is persisted to /workdir/hadoop-ozone/integration-test/target/test-dir/MiniOzoneClusterImpl-597fad41-898a-4cf4-b6ed-aa234846bbff/datanode-5/meta/datanode.id
2019-09-04 09:32:14,316 [main] INFO  volume.HddsVolume (HddsVolume.java:<init>(176)) - Creating Volume: /workdir/hadoop-ozone/integration-test/target/test-dir/MiniOzoneClusterImpl-597fad41-898a-4cf4-b6ed-aa234846bbff/datanode-6/data/containers/hdds of  storage type : DISK and capacity : 1482555576320
2019-09-04 09:32:14,316 [main] INFO  volume.VolumeSet (VolumeSet.java:initializeVolumeSet(170)) - Added Volume : /workdir/hadoop-ozone/integration-test/target/test-dir/MiniOzoneClusterImpl-597fad41-898a-4cf4-b6ed-aa234846bbff/datanode-6/data/containers/hdds to VolumeSet
2019-09-04 09:32:14,316 [main] INFO  volume.ThrottledAsyncChecker (ThrottledAsyncChecker.java:schedule(140)) - Scheduling a check for org.apache.hadoop.ozone.container.common.volume.HddsVolume@5644f664
2019-09-04 09:32:14,317 [main] INFO  volume.HddsVolumeChecker (HddsVolumeChecker.java:checkAllVolumes(203)) - Scheduled health check for volume org.apache.hadoop.ozone.container.common.volume.HddsVolume@5644f664
2019-09-04 09:32:14,335 [main] INFO  impl.RaftServerProxy (ConfUtils.java:logGet(43)) - raft.rpc.type = GRPC (default)
2019-09-04 09:32:14,336 [main] INFO  grpc.GrpcFactory (GrpcFactory.java:checkPooledByteBufAllocatorUseCacheForAllThreads(45)) - PERFORMANCE WARNING: useCacheForAllThreads is true that may cause Netty to create a lot garbage objects and, as a result, trigger GC.
	It is recommended to disable useCacheForAllThreads by setting -Dorg.apache.ratis.thirdparty.io.netty.allocator.useCacheForAllThreads=false in command line.
2019-09-04 09:32:14,336 [main] INFO  grpc.GrpcConfigKeys$Server (ConfUtils.java:logGet(43)) - raft.grpc.server.port = 0 (default)
2019-09-04 09:32:14,336 [main] INFO  server.GrpcService (ConfUtils.java:logGet(43)) - raft.grpc.message.size.max = 33570816 (custom)
2019-09-04 09:32:14,336 [main] INFO  server.RaftServerConfigKeys (ConfUtils.java:logGet(43)) - raft.server.log.appender.buffer.byte-limit = 33554432 (custom)
2019-09-04 09:32:14,336 [main] INFO  server.GrpcService (ConfUtils.java:logGet(43)) - raft.grpc.flow.control.window = 1MB (=1048576) (default)
2019-09-04 09:32:14,337 [main] INFO  server.RaftServerConfigKeys (ConfUtils.java:logGet(43)) - raft.server.rpc.request.timeout = 3000ms (default)
2019-09-04 09:32:14,337 [main] INFO  server.RaftServerConfigKeys (ConfUtils.java:logGet(43)) - raft.server.storage.dir = [/workdir/hadoop-ozone/integration-test/target/test-dir/MiniOzoneClusterImpl-597fad41-898a-4cf4-b6ed-aa234846bbff/datanode-6/data/ratis] (custom)
2019-09-04 09:32:14,338 [main] INFO  replication.SimpleContainerDownloader (SimpleContainerDownloader.java:<init>(72)) - Starting container downloader service to copy containers to replicate.
2019-09-04 09:32:14,340 [main] INFO  hdfs.DFSUtil (DFSUtil.java:httpServerTemplateForNNAndJN(1641)) - Starting Web-server for hddsDatanode at: http://0.0.0.0:0
2019-09-04 09:32:14,341 [main] INFO  server.AuthenticationFilter (AuthenticationFilter.java:constructSecretProvider(240)) - Unable to initialize FileSignerSecretProvider, falling back to use random secrets.
2019-09-04 09:32:14,342 [main] WARN  http.HttpRequestLog (HttpRequestLog.java:getRequestLog(97)) - Jetty request log can only be enabled using Log4j
2019-09-04 09:32:14,343 [main] INFO  http.HttpServer2 (HttpServer2.java:addGlobalFilter(975)) - Added global filter 'safety' (class=org.apache.hadoop.http.HttpServer2$QuotingInputFilter)
2019-09-04 09:32:14,344 [main] INFO  http.HttpServer2 (HttpServer2.java:addFilter(948)) - Added filter static_user_filter (class=org.apache.hadoop.http.lib.StaticUserWebFilter$StaticUserFilter) to context hddsDatanode
2019-09-04 09:32:14,344 [main] INFO  http.HttpServer2 (HttpServer2.java:addFilter(958)) - Added filter static_user_filter (class=org.apache.hadoop.http.lib.StaticUserWebFilter$StaticUserFilter) to context logs
2019-09-04 09:32:14,344 [main] INFO  http.HttpServer2 (HttpServer2.java:addFilter(958)) - Added filter static_user_filter (class=org.apache.hadoop.http.lib.StaticUserWebFilter$StaticUserFilter) to context static
2019-09-04 09:32:14,345 [main] INFO  http.HttpServer2 (HttpServer2.java:bindListener(1191)) - Jetty bound to port 38738
2019-09-04 09:32:14,345 [main] INFO  server.Server (Server.java:doStart(351)) - jetty-9.3.24.v20180605, build timestamp: 2018-06-05T17:11:56Z, git hash: 84205aa28f11a4f31f2a3b86d1bba2cc8ab69827
2019-09-04 09:32:14,347 [main] INFO  handler.ContextHandler (ContextHandler.java:doStart(781)) - Started o.e.j.s.ServletContextHandler@573f2e67{/logs,file:///workdir/hadoop-ozone/integration-test/target/log,AVAILABLE}
2019-09-04 09:32:14,347 [main] INFO  handler.ContextHandler (ContextHandler.java:doStart(781)) - Started o.e.j.s.ServletContextHandler@44e7c06b{/static,jar:file:/home/user/.m2/repository/org/apache/hadoop/hadoop-hdds-container-service/0.5.0-SNAPSHOT/hadoop-hdds-container-service-0.5.0-SNAPSHOT.jar!/webapps/static,AVAILABLE}
2019-09-04 09:32:14,376 [main] INFO  handler.ContextHandler (ContextHandler.java:doStart(781)) - Started o.e.j.w.WebAppContext@623ded82{/,file:///tmp/jetty-0.0.0.0-38738-hddsDatanode-_-any-1083258680661519926.dir/webapp/,AVAILABLE}{/hddsDatanode}
2019-09-04 09:32:14,379 [main] INFO  server.AbstractConnector (AbstractConnector.java:doStart(278)) - Started ServerConnector@180e33b0{HTTP/1.1,[http/1.1]}{0.0.0.0:38738}
2019-09-04 09:32:14,380 [main] INFO  server.Server (Server.java:doStart(419)) - Started @107291ms
2019-09-04 09:32:14,381 [main] INFO  server.BaseHttpServer (BaseHttpServer.java:updateConnectorAddress(213)) - HTTP server of HDDSDATANODE is listening at http://0.0.0.0:38738
2019-09-04 09:32:14,681 | INFO  | ObjectStoreRestHttpServer | Listening HDDS REST traffic on /0.0.0.0:43887 |  
2019-09-04 09:32:14,681 [main] INFO  ozone.HddsDatanodeService (HddsDatanodeService.java:startPlugins(395)) - Started plug-in org.apache.hadoop.ozone.web.OzoneHddsDatanodeService@42257df7
2019-09-04 09:32:14,682 [main] INFO  ozone.MiniOzoneClusterImpl (MiniOzoneClusterImpl.java:lambda$waitForClusterToBeReady$0(142)) - Waiting for cluster to be ready. Got 0 of 7 DN Heartbeats.
2019-09-04 09:32:14,683 [org.apache.hadoop.util.JvmPauseMonitor$Monitor@101a2a88] INFO  util.JvmPauseMonitor (JvmPauseMonitor.java:run(188)) - Starting JVM pause monitor
2019-09-04 09:32:14,684 [Datanode State Machine Thread - 0] INFO  datanode.InitDatanodeState (InitDatanodeState.java:persistContainerDatanodeDetails(140)) - DatanodeDetails is persisted to /workdir/hadoop-ozone/integration-test/target/test-dir/MiniOzoneClusterImpl-597fad41-898a-4cf4-b6ed-aa234846bbff/datanode-6/meta/datanode.id
2019-09-04 09:32:15,327 | INFO  | SCMAudit | user=jenkins1000 | ip=192.168.69.104 | op=GET_VERSION null | ret=SUCCESS |  
2019-09-04 09:32:15,355 [Datanode State Machine Thread - 0] INFO  ozoneimpl.OzoneContainer (OzoneContainer.java:start(186)) - Attempting to start container services.
2019-09-04 09:32:15,355 [Datanode State Machine Thread - 0] INFO  ozoneimpl.OzoneContainer (OzoneContainer.java:startContainerScrub(160)) - Background container scrubber has been disabled by hdds.containerscrub.enabled
2019-09-04 09:32:15,355 [Datanode State Machine Thread - 0] INFO  ratis.XceiverServerRatis (XceiverServerRatis.java:start(404)) - Starting XceiverServerRatis 18851aac-bbd7-47f5-af1c-17f426b11266 at port 0
2019-09-04 09:32:15,360 [Datanode State Machine Thread - 0] INFO  impl.RaftServerProxy (RaftServerProxy.java:lambda$start$3(299)) - 18851aac-bbd7-47f5-af1c-17f426b11266: start RPC server
2019-09-04 09:32:15,362 [Datanode State Machine Thread - 0] INFO  server.GrpcService (GrpcService.java:startImpl(149)) - 18851aac-bbd7-47f5-af1c-17f426b11266: GrpcService started, listening on 0.0.0.0/0.0.0.0:44461
2019-09-04 09:32:15,362 [Datanode State Machine Thread - 0] INFO  ratis.XceiverServerRatis (XceiverServerRatis.java:start(414)) - XceiverServerRatis 18851aac-bbd7-47f5-af1c-17f426b11266 is started using port 44461
2019-09-04 09:32:15,362 [Datanode State Machine Thread - 0] INFO  server.XceiverServerGrpc (XceiverServerGrpc.java:start(163)) - XceiverServerGrpc 18851aac-bbd7-47f5-af1c-17f426b11266 is started using port 35619
2019-09-04 09:32:15,537 | INFO  | SCMAudit | user=jenkins1000 | ip=192.168.69.104 | op=GET_VERSION null | ret=SUCCESS |  
2019-09-04 09:32:15,566 [Datanode State Machine Thread - 0] INFO  ozoneimpl.OzoneContainer (OzoneContainer.java:start(186)) - Attempting to start container services.
2019-09-04 09:32:15,566 [Datanode State Machine Thread - 0] INFO  ozoneimpl.OzoneContainer (OzoneContainer.java:startContainerScrub(160)) - Background container scrubber has been disabled by hdds.containerscrub.enabled
2019-09-04 09:32:15,566 [Datanode State Machine Thread - 0] INFO  ratis.XceiverServerRatis (XceiverServerRatis.java:start(404)) - Starting XceiverServerRatis 0ac595d7-a290-4eb2-9411-ef15ff51c194 at port 0
2019-09-04 09:32:15,572 [Datanode State Machine Thread - 0] INFO  impl.RaftServerProxy (RaftServerProxy.java:lambda$start$3(299)) - 0ac595d7-a290-4eb2-9411-ef15ff51c194: start RPC server
2019-09-04 09:32:15,573 [Datanode State Machine Thread - 0] INFO  server.GrpcService (GrpcService.java:startImpl(149)) - 0ac595d7-a290-4eb2-9411-ef15ff51c194: GrpcService started, listening on 0.0.0.0/0.0.0.0:46385
2019-09-04 09:32:15,573 [Datanode State Machine Thread - 0] INFO  ratis.XceiverServerRatis (XceiverServerRatis.java:start(414)) - XceiverServerRatis 0ac595d7-a290-4eb2-9411-ef15ff51c194 is started using port 46385
2019-09-04 09:32:15,573 [Datanode State Machine Thread - 0] INFO  server.XceiverServerGrpc (XceiverServerGrpc.java:start(163)) - XceiverServerGrpc 0ac595d7-a290-4eb2-9411-ef15ff51c194 is started using port 37682
2019-09-04 09:32:15,682 [main] INFO  ozone.MiniOzoneClusterImpl (MiniOzoneClusterImpl.java:lambda$waitForClusterToBeReady$0(142)) - Waiting for cluster to be ready. Got 0 of 7 DN Heartbeats.
2019-09-04 09:32:15,709 | INFO  | SCMAudit | user=jenkins1000 | ip=192.168.69.104 | op=GET_VERSION null | ret=SUCCESS |  
2019-09-04 09:32:15,723 [Datanode State Machine Thread - 0] INFO  ozoneimpl.OzoneContainer (OzoneContainer.java:start(186)) - Attempting to start container services.
2019-09-04 09:32:15,723 [Datanode State Machine Thread - 0] INFO  ozoneimpl.OzoneContainer (OzoneContainer.java:startContainerScrub(160)) - Background container scrubber has been disabled by hdds.containerscrub.enabled
2019-09-04 09:32:15,723 [Datanode State Machine Thread - 0] INFO  ratis.XceiverServerRatis (XceiverServerRatis.java:start(404)) - Starting XceiverServerRatis 9626cf3a-220d-42c0-b303-e22d032a63b2 at port 0
2019-09-04 09:32:15,729 [Datanode State Machine Thread - 0] INFO  impl.RaftServerProxy (RaftServerProxy.java:lambda$start$3(299)) - 9626cf3a-220d-42c0-b303-e22d032a63b2: start RPC server
2019-09-04 09:32:15,730 [Datanode State Machine Thread - 0] INFO  server.GrpcService (GrpcService.java:startImpl(149)) - 9626cf3a-220d-42c0-b303-e22d032a63b2: GrpcService started, listening on 0.0.0.0/0.0.0.0:36191
2019-09-04 09:32:15,730 [Datanode State Machine Thread - 0] INFO  ratis.XceiverServerRatis (XceiverServerRatis.java:start(414)) - XceiverServerRatis 9626cf3a-220d-42c0-b303-e22d032a63b2 is started using port 36191
2019-09-04 09:32:15,731 [Datanode State Machine Thread - 0] INFO  server.XceiverServerGrpc (XceiverServerGrpc.java:start(163)) - XceiverServerGrpc 9626cf3a-220d-42c0-b303-e22d032a63b2 is started using port 39318
2019-09-04 09:32:15,869 | INFO  | SCMAudit | user=jenkins1000 | ip=192.168.69.104 | op=GET_VERSION null | ret=SUCCESS |  
2019-09-04 09:32:15,882 [Datanode State Machine Thread - 0] INFO  ozoneimpl.OzoneContainer (OzoneContainer.java:start(186)) - Attempting to start container services.
2019-09-04 09:32:15,883 [Datanode State Machine Thread - 0] INFO  ozoneimpl.OzoneContainer (OzoneContainer.java:startContainerScrub(160)) - Background container scrubber has been disabled by hdds.containerscrub.enabled
2019-09-04 09:32:15,883 [Datanode State Machine Thread - 0] INFO  ratis.XceiverServerRatis (XceiverServerRatis.java:start(404)) - Starting XceiverServerRatis fee90ff4-ae5b-4370-9a2e-b45e68f319a2 at port 0
2019-09-04 09:32:15,888 [Datanode State Machine Thread - 0] INFO  impl.RaftServerProxy (RaftServerProxy.java:lambda$start$3(299)) - fee90ff4-ae5b-4370-9a2e-b45e68f319a2: start RPC server
2019-09-04 09:32:15,889 [Datanode State Machine Thread - 0] INFO  server.GrpcService (GrpcService.java:startImpl(149)) - fee90ff4-ae5b-4370-9a2e-b45e68f319a2: GrpcService started, listening on 0.0.0.0/0.0.0.0:36774
2019-09-04 09:32:15,889 [Datanode State Machine Thread - 0] INFO  ratis.XceiverServerRatis (XceiverServerRatis.java:start(414)) - XceiverServerRatis fee90ff4-ae5b-4370-9a2e-b45e68f319a2 is started using port 36774
2019-09-04 09:32:15,889 [Datanode State Machine Thread - 0] INFO  server.XceiverServerGrpc (XceiverServerGrpc.java:start(163)) - XceiverServerGrpc fee90ff4-ae5b-4370-9a2e-b45e68f319a2 is started using port 42020
2019-09-04 09:32:16,112 | INFO  | SCMAudit | user=jenkins1000 | ip=192.168.69.104 | op=GET_VERSION null | ret=SUCCESS |  
2019-09-04 09:32:16,132 [Datanode State Machine Thread - 0] INFO  ozoneimpl.OzoneContainer (OzoneContainer.java:start(186)) - Attempting to start container services.
2019-09-04 09:32:16,132 [Datanode State Machine Thread - 0] INFO  ozoneimpl.OzoneContainer (OzoneContainer.java:startContainerScrub(160)) - Background container scrubber has been disabled by hdds.containerscrub.enabled
2019-09-04 09:32:16,132 [Datanode State Machine Thread - 0] INFO  ratis.XceiverServerRatis (XceiverServerRatis.java:start(404)) - Starting XceiverServerRatis 6a110688-e427-4f01-a5b6-cceebbdad1ed at port 0
2019-09-04 09:32:16,139 [Datanode State Machine Thread - 0] INFO  impl.RaftServerProxy (RaftServerProxy.java:lambda$start$3(299)) - 6a110688-e427-4f01-a5b6-cceebbdad1ed: start RPC server
2019-09-04 09:32:16,140 [Datanode State Machine Thread - 0] INFO  server.GrpcService (GrpcService.java:startImpl(149)) - 6a110688-e427-4f01-a5b6-cceebbdad1ed: GrpcService started, listening on 0.0.0.0/0.0.0.0:44028
2019-09-04 09:32:16,140 [Datanode State Machine Thread - 0] INFO  ratis.XceiverServerRatis (XceiverServerRatis.java:start(414)) - XceiverServerRatis 6a110688-e427-4f01-a5b6-cceebbdad1ed is started using port 44028
2019-09-04 09:32:16,143 [Datanode State Machine Thread - 0] INFO  server.XceiverServerGrpc (XceiverServerGrpc.java:start(163)) - XceiverServerGrpc 6a110688-e427-4f01-a5b6-cceebbdad1ed is started using port 41500
2019-09-04 09:32:16,308 | INFO  | SCMAudit | user=jenkins1000 | ip=192.168.69.104 | op=GET_VERSION null | ret=SUCCESS |  
2019-09-04 09:32:16,327 [Datanode State Machine Thread - 0] INFO  ozoneimpl.OzoneContainer (OzoneContainer.java:start(186)) - Attempting to start container services.
2019-09-04 09:32:16,327 [Datanode State Machine Thread - 0] INFO  ozoneimpl.OzoneContainer (OzoneContainer.java:startContainerScrub(160)) - Background container scrubber has been disabled by hdds.containerscrub.enabled
2019-09-04 09:32:16,327 [Datanode State Machine Thread - 0] INFO  ratis.XceiverServerRatis (XceiverServerRatis.java:start(404)) - Starting XceiverServerRatis e937a017-3f4f-4695-ad6d-cb2753d2b845 at port 0
2019-09-04 09:32:16,334 [Datanode State Machine Thread - 0] INFO  impl.RaftServerProxy (RaftServerProxy.java:lambda$start$3(299)) - e937a017-3f4f-4695-ad6d-cb2753d2b845: start RPC server
2019-09-04 09:32:16,335 [Datanode State Machine Thread - 0] INFO  server.GrpcService (GrpcService.java:startImpl(149)) - e937a017-3f4f-4695-ad6d-cb2753d2b845: GrpcService started, listening on 0.0.0.0/0.0.0.0:37280
2019-09-04 09:32:16,335 [Datanode State Machine Thread - 0] INFO  ratis.XceiverServerRatis (XceiverServerRatis.java:start(414)) - XceiverServerRatis e937a017-3f4f-4695-ad6d-cb2753d2b845 is started using port 37280
2019-09-04 09:32:16,339 [Datanode State Machine Thread - 0] INFO  server.XceiverServerGrpc (XceiverServerGrpc.java:start(163)) - XceiverServerGrpc e937a017-3f4f-4695-ad6d-cb2753d2b845 is started using port 43989
2019-09-04 09:32:16,683 [main] INFO  ozone.MiniOzoneClusterImpl (MiniOzoneClusterImpl.java:lambda$waitForClusterToBeReady$0(142)) - Waiting for cluster to be ready. Got 0 of 7 DN Heartbeats.
2019-09-04 09:32:16,684 | INFO  | SCMAudit | user=jenkins1000 | ip=192.168.69.104 | op=GET_VERSION null | ret=SUCCESS |  
2019-09-04 09:32:16,694 [Datanode State Machine Thread - 0] INFO  ozoneimpl.OzoneContainer (OzoneContainer.java:start(186)) - Attempting to start container services.
2019-09-04 09:32:16,695 [Datanode State Machine Thread - 0] INFO  ozoneimpl.OzoneContainer (OzoneContainer.java:startContainerScrub(160)) - Background container scrubber has been disabled by hdds.containerscrub.enabled
2019-09-04 09:32:16,695 [Datanode State Machine Thread - 0] INFO  ratis.XceiverServerRatis (XceiverServerRatis.java:start(404)) - Starting XceiverServerRatis 4e23e929-4fb0-4bb2-876d-c448ab6fdc4c at port 0
2019-09-04 09:32:16,700 [Datanode State Machine Thread - 0] INFO  impl.RaftServerProxy (RaftServerProxy.java:lambda$start$3(299)) - 4e23e929-4fb0-4bb2-876d-c448ab6fdc4c: start RPC server
2019-09-04 09:32:16,705 [Datanode State Machine Thread - 0] INFO  server.GrpcService (GrpcService.java:startImpl(149)) - 4e23e929-4fb0-4bb2-876d-c448ab6fdc4c: GrpcService started, listening on 0.0.0.0/0.0.0.0:42420
2019-09-04 09:32:16,705 [Datanode State Machine Thread - 0] INFO  ratis.XceiverServerRatis (XceiverServerRatis.java:start(414)) - XceiverServerRatis 4e23e929-4fb0-4bb2-876d-c448ab6fdc4c is started using port 42420
2019-09-04 09:32:16,708 [Datanode State Machine Thread - 0] INFO  server.XceiverServerGrpc (XceiverServerGrpc.java:start(163)) - XceiverServerGrpc 4e23e929-4fb0-4bb2-876d-c448ab6fdc4c is started using port 44269
2019-09-04 09:32:17,326 [IPC Server handler 2 on 43990] INFO  net.NetworkTopology (NetworkTopologyImpl.java:add(110)) - Added a new node: /default-rack/18851aac-bbd7-47f5-af1c-17f426b11266
2019-09-04 09:32:17,329 [IPC Server handler 2 on 43990] INFO  node.SCMNodeManager (SCMNodeManager.java:register(273)) - Registered Data node : 18851aac-bbd7-47f5-af1c-17f426b11266{ip: 192.168.69.104, host: pr-hdds-1569-dvkr5-2373193410, networkLocation: /default-rack, certSerialId: null}
2019-09-04 09:32:17,330 [EventQueue-NodeRegistrationContainerReportForDataNodeSafeModeRule] INFO  safemode.SCMSafeModeManager (DataNodeSafeModeRule.java:process(71)) - SCM in safe mode. 1 DataNodes registered, 1 required.
2019-09-04 09:32:17,330 | INFO  | SCMAudit | user=jenkins1000 | ip=192.168.69.104 | op=REGISTER {datanodeDetails=18851aac-bbd7-47f5-af1c-17f426b11266{ip: 192.168.69.104, host: pr-hdds-1569-dvkr5-2373193410, networkLocation: /default-rack, certSerialId: null}} | ret=SUCCESS |  
2019-09-04 09:32:17,332 [EventQueue-NodeRegistrationContainerReportForContainerSafeModeRule] INFO  safemode.SCMSafeModeManager (SCMSafeModeManager.java:validateSafeModeExitRules(177)) - ScmSafeModeManager, all rules are successfully validated
2019-09-04 09:32:17,332 [EventQueue-NodeRegistrationContainerReportForContainerSafeModeRule] INFO  safemode.SCMSafeModeManager (SCMSafeModeManager.java:exitSafeMode(193)) - SCM exiting safe mode.
2019-09-04 09:32:17,352 [grpc-default-executor-1] INFO  impl.RaftServerProxy (RaftServerProxy.java:addNew(89)) - 18851aac-bbd7-47f5-af1c-17f426b11266: addNew group-B181E52FC9DC:[18851aac-bbd7-47f5-af1c-17f426b11266:192.168.69.104:44461] returns group-B181E52FC9DC:java.util.concurrent.CompletableFuture@357f76a8[Not completed]
2019-09-04 09:32:17,353 [pool-221-thread-1] INFO  impl.RaftServerImpl (RaftServerImpl.java:<init>(93)) - 18851aac-bbd7-47f5-af1c-17f426b11266: new RaftServerImpl for group-B181E52FC9DC:[18851aac-bbd7-47f5-af1c-17f426b11266:192.168.69.104:44461] with ContainerStateMachine:uninitialized
2019-09-04 09:32:17,353 [pool-221-thread-1] INFO  server.RaftServerConfigKeys (ConfUtils.java:logGet(43)) - raft.server.rpc.timeout.min = 5s (custom)
2019-09-04 09:32:17,353 [pool-221-thread-1] INFO  server.RaftServerConfigKeys (ConfUtils.java:logGet(43)) - raft.server.rpc.timeout.max = 5200ms (custom)
2019-09-04 09:32:17,353 [pool-221-thread-1] INFO  server.RaftServerConfigKeys (ConfUtils.java:logGet(43)) - raft.server.rpcslowness.timeout = 120s (custom)
2019-09-04 09:32:17,354 [pool-221-thread-1] INFO  server.RaftServerConfigKeys (ConfUtils.java:logGet(43)) - raft.server.sleep.deviation.threshold = 300 (default)
2019-09-04 09:32:17,354 [pool-221-thread-1] INFO  server.RaftServerConfigKeys (ConfUtils.java:logGet(43)) - raft.server.log.appender.install.snapshot.enabled = false (custom)
2019-09-04 09:32:17,354 [pool-221-thread-1] INFO  impl.RaftServerImpl (ServerState.java:<init>(105)) - 18851aac-bbd7-47f5-af1c-17f426b11266:group-B181E52FC9DC ConfigurationManager, init=-1: [18851aac-bbd7-47f5-af1c-17f426b11266:192.168.69.104:44461], old=null, confs=<EMPTY_MAP>
2019-09-04 09:32:17,354 [pool-221-thread-1] INFO  server.RaftServerConfigKeys (ConfUtils.java:logGet(43)) - raft.server.storage.dir = [/workdir/hadoop-ozone/integration-test/target/test-dir/MiniOzoneClusterImpl-597fad41-898a-4cf4-b6ed-aa234846bbff/datanode-0/data/ratis] (custom)
2019-09-04 09:32:17,355 [pool-221-thread-1] INFO  storage.RaftStorageDirectory (RaftStorageDirectory.java:analyzeStorage(246)) - The storage directory /workdir/hadoop-ozone/integration-test/target/test-dir/MiniOzoneClusterImpl-597fad41-898a-4cf4-b6ed-aa234846bbff/datanode-0/data/ratis/9d54fe03-7cbb-4051-9579-b181e52fc9dc does not exist. Creating ...
2019-09-04 09:32:17,372 [pool-221-thread-1] INFO  storage.RaftStorageDirectory (RaftStorageDirectory.java:tryLock(328)) - Lock on /workdir/hadoop-ozone/integration-test/target/test-dir/MiniOzoneClusterImpl-597fad41-898a-4cf4-b6ed-aa234846bbff/datanode-0/data/ratis/9d54fe03-7cbb-4051-9579-b181e52fc9dc/in_use.lock acquired by nodename 26477@pr-hdds-1569-dvkr5-2373193410
2019-09-04 09:32:17,397 [pool-221-thread-1] INFO  storage.RaftStorage (RaftStorage.java:format(72)) - Storage directory /workdir/hadoop-ozone/integration-test/target/test-dir/MiniOzoneClusterImpl-597fad41-898a-4cf4-b6ed-aa234846bbff/datanode-0/data/ratis/9d54fe03-7cbb-4051-9579-b181e52fc9dc has been successfully formatted.
2019-09-04 09:32:17,397 [pool-221-thread-1] INFO  ratis.ContainerStateMachine (ContainerStateMachine.java:loadSnapshot(226)) - group-B181E52FC9DC: The snapshot info is null. Setting the last applied indexto:(t:0, i:~)
2019-09-04 09:32:17,398 [pool-221-thread-1] INFO  server.RaftServerConfigKeys (ConfUtils.java:logGet(43)) - raft.server.leader.election.timeout = 120s (custom)
2019-09-04 09:32:17,398 [pool-221-thread-1] INFO  server.RaftServerConfigKeys (ConfUtils.java:logGet(43)) - raft.server.log.use.memory = false (default)
2019-09-04 09:32:17,398 [pool-221-thread-1] INFO  server.RaftServerConfigKeys (ConfUtils.java:logGet(43)) - raft.server.log.purge.gap = 1000000 (custom)
2019-09-04 09:32:17,398 [pool-221-thread-1] INFO  server.RaftServerConfigKeys (ConfUtils.java:logGet(43)) - raft.server.log.appender.buffer.byte-limit = 33554432 (custom)
2019-09-04 09:32:17,398 [pool-221-thread-1] INFO  server.RaftServerConfigKeys (ConfUtils.java:logGet(43)) - raft.server.log.segment.size.max = 1048576 (custom)
2019-09-04 09:32:17,398 [pool-221-thread-1] INFO  server.RaftServerConfigKeys (ConfUtils.java:logGet(43)) - raft.server.log.segment.cache.num.max = 2 (custom)
2019-09-04 09:32:17,399 [pool-221-thread-1] INFO  segmented.SegmentedRaftLogWorker (SegmentedRaftLogWorker.java:<init>(172)) - new 18851aac-bbd7-47f5-af1c-17f426b11266-SegmentedRaftLogWorker:Storage Directory /workdir/hadoop-ozone/integration-test/target/test-dir/MiniOzoneClusterImpl-597fad41-898a-4cf4-b6ed-aa234846bbff/datanode-0/data/ratis/9d54fe03-7cbb-4051-9579-b181e52fc9dc for RaftStorage:Storage Directory /workdir/hadoop-ozone/integration-test/target/test-dir/MiniOzoneClusterImpl-597fad41-898a-4cf4-b6ed-aa234846bbff/datanode-0/data/ratis/9d54fe03-7cbb-4051-9579-b181e52fc9dc
2019-09-04 09:32:17,399 [pool-221-thread-1] INFO  server.RaftServerConfigKeys (ConfUtils.java:logGet(43)) - raft.server.log.queue.byte-limit = 2147483647 (custom)
2019-09-04 09:32:17,399 [pool-221-thread-1] INFO  server.RaftServerConfigKeys (ConfUtils.java:logGet(43)) - raft.server.log.queue.element-limit = 1024 (custom)
2019-09-04 09:32:17,399 [pool-221-thread-1] INFO  server.RaftServerConfigKeys (ConfUtils.java:logGet(43)) - raft.server.log.segment.size.max = 1048576 (custom)
2019-09-04 09:32:17,400 [pool-221-thread-1] INFO  server.RaftServerConfigKeys (ConfUtils.java:logGet(43)) - raft.server.log.preallocated.size = 16384 (custom)
2019-09-04 09:32:17,400 [pool-221-thread-1] INFO  server.RaftServerConfigKeys (ConfUtils.java:logGet(43)) - raft.server.log.write.buffer.size = 33554432 (custom)
2019-09-04 09:32:17,400 [pool-221-thread-1] INFO  server.RaftServerConfigKeys (ConfUtils.java:logGet(43)) - raft.server.log.force.sync.num = 128 (default)
2019-09-04 09:32:17,400 [pool-221-thread-1] INFO  server.RaftServerConfigKeys (ConfUtils.java:logGet(43)) - raft.server.log.statemachine.data.sync = true (default)
2019-09-04 09:32:17,400 [pool-221-thread-1] INFO  server.RaftServerConfigKeys (ConfUtils.java:logGet(43)) - raft.server.log.statemachine.data.sync.timeout = 10s (default)
2019-09-04 09:32:17,400 [pool-221-thread-1] INFO  server.RaftServerConfigKeys (ConfUtils.java:logGet(43)) - raft.server.log.statemachine.data.sync.timeout.retry = -1 (default)
2019-09-04 09:32:17,401 [pool-221-thread-1] INFO  server.RaftServerConfigKeys (ConfUtils.java:logGet(43)) - raft.server.log.statemachine.data.caching.enabled = true (custom)
2019-09-04 09:32:17,401 [pool-221-thread-1] INFO  segmented.SegmentedRaftLogWorker (SegmentedRaftLogWorker.java:lambda$new$0(132)) - 18851aac-bbd7-47f5-af1c-17f426b11266-SegmentedRaftLogWorker:Storage Directory /workdir/hadoop-ozone/integration-test/target/test-dir/MiniOzoneClusterImpl-597fad41-898a-4cf4-b6ed-aa234846bbff/datanode-0/data/ratis/9d54fe03-7cbb-4051-9579-b181e52fc9dc: flushIndex: setUnconditionally 0 -> -1
2019-09-04 09:32:17,401 [pool-221-thread-1] INFO  server.RaftServerConfigKeys (ConfUtils.java:logGet(43)) - raft.server.snapshot.auto.trigger.enabled = true (custom)
2019-09-04 09:32:17,402 [pool-221-thread-1] INFO  server.RaftServerConfigKeys (ConfUtils.java:logGet(43)) - raft.server.snapshot.auto.trigger.threshold = 10000 (custom)
2019-09-04 09:32:17,402 [pool-221-thread-1] INFO  server.RaftServerConfigKeys (ConfUtils.java:logGet(43)) - raft.server.retrycache.expirytime = 600000ms (custom)
2019-09-04 09:32:17,402 [pool-221-thread-1] INFO  impl.RaftServerImpl (RaftServerImpl.java:start(180)) - 18851aac-bbd7-47f5-af1c-17f426b11266: start group-B181E52FC9DC
2019-09-04 09:32:17,402 [pool-221-thread-1] INFO  impl.RaftServerImpl (RaftServerImpl.java:setRole(171)) - 18851aac-bbd7-47f5-af1c-17f426b11266:group-B181E52FC9DC changes role from null to FOLLOWER at term 0 for startAsFollower
2019-09-04 09:32:17,402 [pool-221-thread-1] INFO  impl.RoleInfo (RoleInfo.java:updateAndGet(143)) - 18851aac-bbd7-47f5-af1c-17f426b11266: start FollowerState
2019-09-04 09:32:17,413 [pool-221-thread-1] INFO  util.JmxRegister (JmxRegister.java:tryRegister(44)) - Successfully registered JMX Bean with object name Ratis:service=RaftServer,group=group-B181E52FC9DC,id=18851aac-bbd7-47f5-af1c-17f426b11266
2019-09-04 09:32:17,416 [RatisPipelineUtilsThread] INFO  pipeline.PipelineStateManager (PipelineStateManager.java:addPipeline(56)) - Created pipeline Pipeline[ Id: 9d54fe03-7cbb-4051-9579-b181e52fc9dc, Nodes: 18851aac-bbd7-47f5-af1c-17f426b11266{ip: 192.168.69.104, host: pr-hdds-1569-dvkr5-2373193410, networkLocation: /default-rack, certSerialId: null}, Type:RATIS, Factor:ONE, State:OPEN]
2019-09-04 09:32:17,538 [IPC Server handler 1 on 43990] INFO  net.NetworkTopology (NetworkTopologyImpl.java:add(110)) - Added a new node: /default-rack/0ac595d7-a290-4eb2-9411-ef15ff51c194
2019-09-04 09:32:17,538 [IPC Server handler 1 on 43990] INFO  node.SCMNodeManager (SCMNodeManager.java:register(273)) - Registered Data node : 0ac595d7-a290-4eb2-9411-ef15ff51c194{ip: 192.168.69.104, host: pr-hdds-1569-dvkr5-2373193410, networkLocation: /default-rack, certSerialId: null}
2019-09-04 09:32:17,539 | INFO  | SCMAudit | user=jenkins1000 | ip=192.168.69.104 | op=REGISTER {datanodeDetails=0ac595d7-a290-4eb2-9411-ef15ff51c194{ip: 192.168.69.104, host: pr-hdds-1569-dvkr5-2373193410, networkLocation: /default-rack, certSerialId: null}} | ret=SUCCESS |  
2019-09-04 09:32:17,562 [grpc-default-executor-1] INFO  impl.RaftServerProxy (RaftServerProxy.java:addNew(89)) - 0ac595d7-a290-4eb2-9411-ef15ff51c194: addNew group-6C74F13B5E18:[0ac595d7-a290-4eb2-9411-ef15ff51c194:192.168.69.104:46385] returns group-6C74F13B5E18:java.util.concurrent.CompletableFuture@1058a67b[Not completed]
2019-09-04 09:32:17,563 [pool-232-thread-1] INFO  impl.RaftServerImpl (RaftServerImpl.java:<init>(93)) - 0ac595d7-a290-4eb2-9411-ef15ff51c194: new RaftServerImpl for group-6C74F13B5E18:[0ac595d7-a290-4eb2-9411-ef15ff51c194:192.168.69.104:46385] with ContainerStateMachine:uninitialized
2019-09-04 09:32:17,563 [pool-232-thread-1] INFO  server.RaftServerConfigKeys (ConfUtils.java:logGet(43)) - raft.server.rpc.timeout.min = 5s (custom)
2019-09-04 09:32:17,563 [pool-232-thread-1] INFO  server.RaftServerConfigKeys (ConfUtils.java:logGet(43)) - raft.server.rpc.timeout.max = 5200ms (custom)
2019-09-04 09:32:17,563 [pool-232-thread-1] INFO  server.RaftServerConfigKeys (ConfUtils.java:logGet(43)) - raft.server.rpcslowness.timeout = 120s (custom)
2019-09-04 09:32:17,563 [pool-232-thread-1] INFO  server.RaftServerConfigKeys (ConfUtils.java:logGet(43)) - raft.server.sleep.deviation.threshold = 300 (default)
2019-09-04 09:32:17,563 [pool-232-thread-1] INFO  server.RaftServerConfigKeys (ConfUtils.java:logGet(43)) - raft.server.log.appender.install.snapshot.enabled = false (custom)
2019-09-04 09:32:17,563 [pool-232-thread-1] INFO  impl.RaftServerImpl (ServerState.java:<init>(105)) - 0ac595d7-a290-4eb2-9411-ef15ff51c194:group-6C74F13B5E18 ConfigurationManager, init=-1: [0ac595d7-a290-4eb2-9411-ef15ff51c194:192.168.69.104:46385], old=null, confs=<EMPTY_MAP>
2019-09-04 09:32:17,563 [pool-232-thread-1] INFO  server.RaftServerConfigKeys (ConfUtils.java:logGet(43)) - raft.server.storage.dir = [/workdir/hadoop-ozone/integration-test/target/test-dir/MiniOzoneClusterImpl-597fad41-898a-4cf4-b6ed-aa234846bbff/datanode-1/data/ratis] (custom)
2019-09-04 09:32:17,564 [pool-232-thread-1] INFO  storage.RaftStorageDirectory (RaftStorageDirectory.java:analyzeStorage(246)) - The storage directory /workdir/hadoop-ozone/integration-test/target/test-dir/MiniOzoneClusterImpl-597fad41-898a-4cf4-b6ed-aa234846bbff/datanode-1/data/ratis/e46d5a5d-af48-48c5-9fde-6c74f13b5e18 does not exist. Creating ...
2019-09-04 09:32:17,579 [pool-232-thread-1] INFO  storage.RaftStorageDirectory (RaftStorageDirectory.java:tryLock(328)) - Lock on /workdir/hadoop-ozone/integration-test/target/test-dir/MiniOzoneClusterImpl-597fad41-898a-4cf4-b6ed-aa234846bbff/datanode-1/data/ratis/e46d5a5d-af48-48c5-9fde-6c74f13b5e18/in_use.lock acquired by nodename 26477@pr-hdds-1569-dvkr5-2373193410
2019-09-04 09:32:17,600 [pool-232-thread-1] INFO  storage.RaftStorage (RaftStorage.java:format(72)) - Storage directory /workdir/hadoop-ozone/integration-test/target/test-dir/MiniOzoneClusterImpl-597fad41-898a-4cf4-b6ed-aa234846bbff/datanode-1/data/ratis/e46d5a5d-af48-48c5-9fde-6c74f13b5e18 has been successfully formatted.
2019-09-04 09:32:17,601 [pool-232-thread-1] INFO  ratis.ContainerStateMachine (ContainerStateMachine.java:loadSnapshot(226)) - group-6C74F13B5E18: The snapshot info is null. Setting the last applied indexto:(t:0, i:~)
2019-09-04 09:32:17,601 [pool-232-thread-1] INFO  server.RaftServerConfigKeys (ConfUtils.java:logGet(43)) - raft.server.leader.election.timeout = 120s (custom)
2019-09-04 09:32:17,601 [pool-232-thread-1] INFO  server.RaftServerConfigKeys (ConfUtils.java:logGet(43)) - raft.server.log.use.memory = false (default)
2019-09-04 09:32:17,601 [pool-232-thread-1] INFO  server.RaftServerConfigKeys (ConfUtils.java:logGet(43)) - raft.server.log.purge.gap = 1000000 (custom)
2019-09-04 09:32:17,601 [pool-232-thread-1] INFO  server.RaftServerConfigKeys (ConfUtils.java:logGet(43)) - raft.server.log.appender.buffer.byte-limit = 33554432 (custom)
2019-09-04 09:32:17,601 [pool-232-thread-1] INFO  server.RaftServerConfigKeys (ConfUtils.java:logGet(43)) - raft.server.log.segment.size.max = 1048576 (custom)
2019-09-04 09:32:17,601 [pool-232-thread-1] INFO  server.RaftServerConfigKeys (ConfUtils.java:logGet(43)) - raft.server.log.segment.cache.num.max = 2 (custom)
2019-09-04 09:32:17,601 [pool-232-thread-1] INFO  segmented.SegmentedRaftLogWorker (SegmentedRaftLogWorker.java:<init>(172)) - new 0ac595d7-a290-4eb2-9411-ef15ff51c194-SegmentedRaftLogWorker:Storage Directory /workdir/hadoop-ozone/integration-test/target/test-dir/MiniOzoneClusterImpl-597fad41-898a-4cf4-b6ed-aa234846bbff/datanode-1/data/ratis/e46d5a5d-af48-48c5-9fde-6c74f13b5e18 for RaftStorage:Storage Directory /workdir/hadoop-ozone/integration-test/target/test-dir/MiniOzoneClusterImpl-597fad41-898a-4cf4-b6ed-aa234846bbff/datanode-1/data/ratis/e46d5a5d-af48-48c5-9fde-6c74f13b5e18
2019-09-04 09:32:17,602 [pool-232-thread-1] INFO  server.RaftServerConfigKeys (ConfUtils.java:logGet(43)) - raft.server.log.queue.byte-limit = 2147483647 (custom)
2019-09-04 09:32:17,602 [pool-232-thread-1] INFO  server.RaftServerConfigKeys (ConfUtils.java:logGet(43)) - raft.server.log.queue.element-limit = 1024 (custom)
2019-09-04 09:32:17,602 [pool-232-thread-1] INFO  server.RaftServerConfigKeys (ConfUtils.java:logGet(43)) - raft.server.log.segment.size.max = 1048576 (custom)
2019-09-04 09:32:17,602 [pool-232-thread-1] INFO  server.RaftServerConfigKeys (ConfUtils.java:logGet(43)) - raft.server.log.preallocated.size = 16384 (custom)
2019-09-04 09:32:17,602 [pool-232-thread-1] INFO  server.RaftServerConfigKeys (ConfUtils.java:logGet(43)) - raft.server.log.write.buffer.size = 33554432 (custom)
2019-09-04 09:32:17,602 [pool-232-thread-1] INFO  server.RaftServerConfigKeys (ConfUtils.java:logGet(43)) - raft.server.log.force.sync.num = 128 (default)
2019-09-04 09:32:17,602 [pool-232-thread-1] INFO  server.RaftServerConfigKeys (ConfUtils.java:logGet(43)) - raft.server.log.statemachine.data.sync = true (default)
2019-09-04 09:32:17,602 [pool-232-thread-1] INFO  server.RaftServerConfigKeys (ConfUtils.java:logGet(43)) - raft.server.log.statemachine.data.sync.timeout = 10s (default)
2019-09-04 09:32:17,603 [pool-232-thread-1] INFO  server.RaftServerConfigKeys (ConfUtils.java:logGet(43)) - raft.server.log.statemachine.data.sync.timeout.retry = -1 (default)
2019-09-04 09:32:17,603 [pool-232-thread-1] INFO  server.RaftServerConfigKeys (ConfUtils.java:logGet(43)) - raft.server.log.statemachine.data.caching.enabled = true (custom)
2019-09-04 09:32:17,603 [pool-232-thread-1] INFO  segmented.SegmentedRaftLogWorker (SegmentedRaftLogWorker.java:lambda$new$0(132)) - 0ac595d7-a290-4eb2-9411-ef15ff51c194-SegmentedRaftLogWorker:Storage Directory /workdir/hadoop-ozone/integration-test/target/test-dir/MiniOzoneClusterImpl-597fad41-898a-4cf4-b6ed-aa234846bbff/datanode-1/data/ratis/e46d5a5d-af48-48c5-9fde-6c74f13b5e18: flushIndex: setUnconditionally 0 -> -1
2019-09-04 09:32:17,603 [pool-232-thread-1] INFO  server.RaftServerConfigKeys (ConfUtils.java:logGet(43)) - raft.server.snapshot.auto.trigger.enabled = true (custom)
2019-09-04 09:32:17,603 [pool-232-thread-1] INFO  server.RaftServerConfigKeys (ConfUtils.java:logGet(43)) - raft.server.snapshot.auto.trigger.threshold = 10000 (custom)
2019-09-04 09:32:17,604 [pool-232-thread-1] INFO  server.RaftServerConfigKeys (ConfUtils.java:logGet(43)) - raft.server.retrycache.expirytime = 600000ms (custom)
2019-09-04 09:32:17,604 [pool-232-thread-1] INFO  impl.RaftServerImpl (RaftServerImpl.java:start(180)) - 0ac595d7-a290-4eb2-9411-ef15ff51c194: start group-6C74F13B5E18
2019-09-04 09:32:17,604 [pool-232-thread-1] INFO  impl.RaftServerImpl (RaftServerImpl.java:setRole(171)) - 0ac595d7-a290-4eb2-9411-ef15ff51c194:group-6C74F13B5E18 changes role from null to FOLLOWER at term 0 for startAsFollower
2019-09-04 09:32:17,604 [pool-232-thread-1] INFO  impl.RoleInfo (RoleInfo.java:updateAndGet(143)) - 0ac595d7-a290-4eb2-9411-ef15ff51c194: start FollowerState
2019-09-04 09:32:17,604 [pool-232-thread-1] INFO  util.JmxRegister (JmxRegister.java:tryRegister(44)) - Successfully registered JMX Bean with object name Ratis:service=RaftServer,group=group-6C74F13B5E18,id=0ac595d7-a290-4eb2-9411-ef15ff51c194
2019-09-04 09:32:17,606 [RatisPipelineUtilsThread] INFO  pipeline.PipelineStateManager (PipelineStateManager.java:addPipeline(56)) - Created pipeline Pipeline[ Id: e46d5a5d-af48-48c5-9fde-6c74f13b5e18, Nodes: 0ac595d7-a290-4eb2-9411-ef15ff51c194{ip: 192.168.69.104, host: pr-hdds-1569-dvkr5-2373193410, networkLocation: /default-rack, certSerialId: null}, Type:RATIS, Factor:ONE, State:OPEN]
2019-09-04 09:32:17,683 [main] INFO  ozone.MiniOzoneClusterImpl (MiniOzoneClusterImpl.java:lambda$waitForClusterToBeReady$0(142)) - Waiting for cluster to be ready. Got 2 of 7 DN Heartbeats.
2019-09-04 09:32:17,710 [IPC Server handler 17 on 43990] INFO  net.NetworkTopology (NetworkTopologyImpl.java:add(110)) - Added a new node: /default-rack/9626cf3a-220d-42c0-b303-e22d032a63b2
2019-09-04 09:32:17,710 [IPC Server handler 17 on 43990] INFO  node.SCMNodeManager (SCMNodeManager.java:register(273)) - Registered Data node : 9626cf3a-220d-42c0-b303-e22d032a63b2{ip: 192.168.69.104, host: pr-hdds-1569-dvkr5-2373193410, networkLocation: /default-rack, certSerialId: null}
2019-09-04 09:32:17,711 | INFO  | SCMAudit | user=jenkins1000 | ip=192.168.69.104 | op=REGISTER {datanodeDetails=9626cf3a-220d-42c0-b303-e22d032a63b2{ip: 192.168.69.104, host: pr-hdds-1569-dvkr5-2373193410, networkLocation: /default-rack, certSerialId: null}} | ret=SUCCESS |  
2019-09-04 09:32:17,720 [grpc-default-executor-1] INFO  impl.RaftServerProxy (RaftServerProxy.java:addNew(89)) - 9626cf3a-220d-42c0-b303-e22d032a63b2: addNew group-05C24F621898:[9626cf3a-220d-42c0-b303-e22d032a63b2:192.168.69.104:36191] returns group-05C24F621898:java.util.concurrent.CompletableFuture@5bff0062[Not completed]
2019-09-04 09:32:17,721 [pool-243-thread-1] INFO  impl.RaftServerImpl (RaftServerImpl.java:<init>(93)) - 9626cf3a-220d-42c0-b303-e22d032a63b2: new RaftServerImpl for group-05C24F621898:[9626cf3a-220d-42c0-b303-e22d032a63b2:192.168.69.104:36191] with ContainerStateMachine:uninitialized
2019-09-04 09:32:17,721 [pool-243-thread-1] INFO  server.RaftServerConfigKeys (ConfUtils.java:logGet(43)) - raft.server.rpc.timeout.min = 5s (custom)
2019-09-04 09:32:17,721 [pool-243-thread-1] INFO  server.RaftServerConfigKeys (ConfUtils.java:logGet(43)) - raft.server.rpc.timeout.max = 5200ms (custom)
2019-09-04 09:32:17,722 [pool-243-thread-1] INFO  server.RaftServerConfigKeys (ConfUtils.java:logGet(43)) - raft.server.rpcslowness.timeout = 120s (custom)
2019-09-04 09:32:17,722 [pool-243-thread-1] INFO  server.RaftServerConfigKeys (ConfUtils.java:logGet(43)) - raft.server.sleep.deviation.threshold = 300 (default)
2019-09-04 09:32:17,722 [pool-243-thread-1] INFO  server.RaftServerConfigKeys (ConfUtils.java:logGet(43)) - raft.server.log.appender.install.snapshot.enabled = false (custom)
2019-09-04 09:32:17,722 [pool-243-thread-1] INFO  impl.RaftServerImpl (ServerState.java:<init>(105)) - 9626cf3a-220d-42c0-b303-e22d032a63b2:group-05C24F621898 ConfigurationManager, init=-1: [9626cf3a-220d-42c0-b303-e22d032a63b2:192.168.69.104:36191], old=null, confs=<EMPTY_MAP>
2019-09-04 09:32:17,722 [pool-243-thread-1] INFO  server.RaftServerConfigKeys (ConfUtils.java:logGet(43)) - raft.server.storage.dir = [/workdir/hadoop-ozone/integration-test/target/test-dir/MiniOzoneClusterImpl-597fad41-898a-4cf4-b6ed-aa234846bbff/datanode-2/data/ratis] (custom)
2019-09-04 09:32:17,723 [pool-243-thread-1] INFO  storage.RaftStorageDirectory (RaftStorageDirectory.java:analyzeStorage(246)) - The storage directory /workdir/hadoop-ozone/integration-test/target/test-dir/MiniOzoneClusterImpl-597fad41-898a-4cf4-b6ed-aa234846bbff/datanode-2/data/ratis/751530ec-2f27-4de2-955c-05c24f621898 does not exist. Creating ...
2019-09-04 09:32:17,732 [pool-243-thread-1] INFO  storage.RaftStorageDirectory (RaftStorageDirectory.java:tryLock(328)) - Lock on /workdir/hadoop-ozone/integration-test/target/test-dir/MiniOzoneClusterImpl-597fad41-898a-4cf4-b6ed-aa234846bbff/datanode-2/data/ratis/751530ec-2f27-4de2-955c-05c24f621898/in_use.lock acquired by nodename 26477@pr-hdds-1569-dvkr5-2373193410
2019-09-04 09:32:17,751 [pool-243-thread-1] INFO  storage.RaftStorage (RaftStorage.java:format(72)) - Storage directory /workdir/hadoop-ozone/integration-test/target/test-dir/MiniOzoneClusterImpl-597fad41-898a-4cf4-b6ed-aa234846bbff/datanode-2/data/ratis/751530ec-2f27-4de2-955c-05c24f621898 has been successfully formatted.
2019-09-04 09:32:17,751 [pool-243-thread-1] INFO  ratis.ContainerStateMachine (ContainerStateMachine.java:loadSnapshot(226)) - group-05C24F621898: The snapshot info is null. Setting the last applied indexto:(t:0, i:~)
2019-09-04 09:32:17,751 [pool-243-thread-1] INFO  server.RaftServerConfigKeys (ConfUtils.java:logGet(43)) - raft.server.leader.election.timeout = 120s (custom)
2019-09-04 09:32:17,751 [pool-243-thread-1] INFO  server.RaftServerConfigKeys (ConfUtils.java:logGet(43)) - raft.server.log.use.memory = false (default)
2019-09-04 09:32:17,752 [pool-243-thread-1] INFO  server.RaftServerConfigKeys (ConfUtils.java:logGet(43)) - raft.server.log.purge.gap = 1000000 (custom)
2019-09-04 09:32:17,752 [pool-243-thread-1] INFO  server.RaftServerConfigKeys (ConfUtils.java:logGet(43)) - raft.server.log.appender.buffer.byte-limit = 33554432 (custom)
2019-09-04 09:32:17,752 [pool-243-thread-1] INFO  server.RaftServerConfigKeys (ConfUtils.java:logGet(43)) - raft.server.log.segment.size.max = 1048576 (custom)
2019-09-04 09:32:17,752 [pool-243-thread-1] INFO  server.RaftServerConfigKeys (ConfUtils.java:logGet(43)) - raft.server.log.segment.cache.num.max = 2 (custom)
2019-09-04 09:32:17,752 [pool-243-thread-1] INFO  segmented.SegmentedRaftLogWorker (SegmentedRaftLogWorker.java:<init>(172)) - new 9626cf3a-220d-42c0-b303-e22d032a63b2-SegmentedRaftLogWorker:Storage Directory /workdir/hadoop-ozone/integration-test/target/test-dir/MiniOzoneClusterImpl-597fad41-898a-4cf4-b6ed-aa234846bbff/datanode-2/data/ratis/751530ec-2f27-4de2-955c-05c24f621898 for RaftStorage:Storage Directory /workdir/hadoop-ozone/integration-test/target/test-dir/MiniOzoneClusterImpl-597fad41-898a-4cf4-b6ed-aa234846bbff/datanode-2/data/ratis/751530ec-2f27-4de2-955c-05c24f621898
2019-09-04 09:32:17,752 [pool-243-thread-1] INFO  server.RaftServerConfigKeys (ConfUtils.java:logGet(43)) - raft.server.log.queue.byte-limit = 2147483647 (custom)
2019-09-04 09:32:17,752 [pool-243-thread-1] INFO  server.RaftServerConfigKeys (ConfUtils.java:logGet(43)) - raft.server.log.queue.element-limit = 1024 (custom)
2019-09-04 09:32:17,753 [pool-243-thread-1] INFO  server.RaftServerConfigKeys (ConfUtils.java:logGet(43)) - raft.server.log.segment.size.max = 1048576 (custom)
2019-09-04 09:32:17,753 [pool-243-thread-1] INFO  server.RaftServerConfigKeys (ConfUtils.java:logGet(43)) - raft.server.log.preallocated.size = 16384 (custom)
2019-09-04 09:32:17,753 [pool-243-thread-1] INFO  server.RaftServerConfigKeys (ConfUtils.java:logGet(43)) - raft.server.log.write.buffer.size = 33554432 (custom)
2019-09-04 09:32:17,753 [pool-243-thread-1] INFO  server.RaftServerConfigKeys (ConfUtils.java:logGet(43)) - raft.server.log.force.sync.num = 128 (default)
2019-09-04 09:32:17,753 [pool-243-thread-1] INFO  server.RaftServerConfigKeys (ConfUtils.java:logGet(43)) - raft.server.log.statemachine.data.sync = true (default)
2019-09-04 09:32:17,753 [pool-243-thread-1] INFO  server.RaftServerConfigKeys (ConfUtils.java:logGet(43)) - raft.server.log.statemachine.data.sync.timeout = 10s (default)
2019-09-04 09:32:17,753 [pool-243-thread-1] INFO  server.RaftServerConfigKeys (ConfUtils.java:logGet(43)) - raft.server.log.statemachine.data.sync.timeout.retry = -1 (default)
2019-09-04 09:32:17,754 [pool-243-thread-1] INFO  server.RaftServerConfigKeys (ConfUtils.java:logGet(43)) - raft.server.log.statemachine.data.caching.enabled = true (custom)
2019-09-04 09:32:17,754 [pool-243-thread-1] INFO  segmented.SegmentedRaftLogWorker (SegmentedRaftLogWorker.java:lambda$new$0(132)) - 9626cf3a-220d-42c0-b303-e22d032a63b2-SegmentedRaftLogWorker:Storage Directory /workdir/hadoop-ozone/integration-test/target/test-dir/MiniOzoneClusterImpl-597fad41-898a-4cf4-b6ed-aa234846bbff/datanode-2/data/ratis/751530ec-2f27-4de2-955c-05c24f621898: flushIndex: setUnconditionally 0 -> -1
2019-09-04 09:32:17,754 [pool-243-thread-1] INFO  server.RaftServerConfigKeys (ConfUtils.java:logGet(43)) - raft.server.snapshot.auto.trigger.enabled = true (custom)
2019-09-04 09:32:17,754 [pool-243-thread-1] INFO  server.RaftServerConfigKeys (ConfUtils.java:logGet(43)) - raft.server.snapshot.auto.trigger.threshold = 10000 (custom)
2019-09-04 09:32:17,754 [pool-243-thread-1] INFO  server.RaftServerConfigKeys (ConfUtils.java:logGet(43)) - raft.server.retrycache.expirytime = 600000ms (custom)
2019-09-04 09:32:17,755 [pool-243-thread-1] INFO  impl.RaftServerImpl (RaftServerImpl.java:start(180)) - 9626cf3a-220d-42c0-b303-e22d032a63b2: start group-05C24F621898
2019-09-04 09:32:17,755 [pool-243-thread-1] INFO  impl.RaftServerImpl (RaftServerImpl.java:setRole(171)) - 9626cf3a-220d-42c0-b303-e22d032a63b2:group-05C24F621898 changes role from null to FOLLOWER at term 0 for startAsFollower
2019-09-04 09:32:17,755 [pool-243-thread-1] INFO  impl.RoleInfo (RoleInfo.java:updateAndGet(143)) - 9626cf3a-220d-42c0-b303-e22d032a63b2: start FollowerState
2019-09-04 09:32:17,755 [pool-243-thread-1] INFO  util.JmxRegister (JmxRegister.java:tryRegister(44)) - Successfully registered JMX Bean with object name Ratis:service=RaftServer,group=group-05C24F621898,id=9626cf3a-220d-42c0-b303-e22d032a63b2
2019-09-04 09:32:17,757 [RatisPipelineUtilsThread] INFO  pipeline.PipelineStateManager (PipelineStateManager.java:addPipeline(56)) - Created pipeline Pipeline[ Id: 751530ec-2f27-4de2-955c-05c24f621898, Nodes: 9626cf3a-220d-42c0-b303-e22d032a63b2{ip: 192.168.69.104, host: pr-hdds-1569-dvkr5-2373193410, networkLocation: /default-rack, certSerialId: null}, Type:RATIS, Factor:ONE, State:OPEN]
2019-09-04 09:32:17,773 [grpc-default-executor-1] INFO  impl.RaftServerProxy (RaftServerProxy.java:addNew(89)) - 9626cf3a-220d-42c0-b303-e22d032a63b2: addNew group-7CF92F3CE404:[9626cf3a-220d-42c0-b303-e22d032a63b2:192.168.69.104:36191, 0ac595d7-a290-4eb2-9411-ef15ff51c194:192.168.69.104:46385, 18851aac-bbd7-47f5-af1c-17f426b11266:192.168.69.104:44461] returns group-7CF92F3CE404:java.util.concurrent.CompletableFuture@3266bc16[Not completed]
2019-09-04 09:32:17,773 [grpc-default-executor-4] INFO  impl.RaftServerProxy (RaftServerProxy.java:addNew(89)) - 18851aac-bbd7-47f5-af1c-17f426b11266: addNew group-7CF92F3CE404:[9626cf3a-220d-42c0-b303-e22d032a63b2:192.168.69.104:36191, 0ac595d7-a290-4eb2-9411-ef15ff51c194:192.168.69.104:46385, 18851aac-bbd7-47f5-af1c-17f426b11266:192.168.69.104:44461] returns group-7CF92F3CE404:java.util.concurrent.CompletableFuture@130960b1[Not completed]
2019-09-04 09:32:17,773 [grpc-default-executor-5] INFO  impl.RaftServerProxy (RaftServerProxy.java:addNew(89)) - 0ac595d7-a290-4eb2-9411-ef15ff51c194: addNew group-7CF92F3CE404:[9626cf3a-220d-42c0-b303-e22d032a63b2:192.168.69.104:36191, 0ac595d7-a290-4eb2-9411-ef15ff51c194:192.168.69.104:46385, 18851aac-bbd7-47f5-af1c-17f426b11266:192.168.69.104:44461] returns group-7CF92F3CE404:java.util.concurrent.CompletableFuture@9dfe00e[Not completed]
2019-09-04 09:32:17,774 [pool-221-thread-1] INFO  impl.RaftServerImpl (RaftServerImpl.java:<init>(93)) - 18851aac-bbd7-47f5-af1c-17f426b11266: new RaftServerImpl for group-7CF92F3CE404:[9626cf3a-220d-42c0-b303-e22d032a63b2:192.168.69.104:36191, 0ac595d7-a290-4eb2-9411-ef15ff51c194:192.168.69.104:46385, 18851aac-bbd7-47f5-af1c-17f426b11266:192.168.69.104:44461] with ContainerStateMachine:uninitialized
2019-09-04 09:32:17,775 [pool-221-thread-1] INFO  server.RaftServerConfigKeys (ConfUtils.java:logGet(43)) - raft.server.rpc.timeout.min = 5s (custom)
2019-09-04 09:32:17,775 [pool-221-thread-1] INFO  server.RaftServerConfigKeys (ConfUtils.java:logGet(43)) - raft.server.rpc.timeout.max = 5200ms (custom)
2019-09-04 09:32:17,775 [pool-221-thread-1] INFO  server.RaftServerConfigKeys (ConfUtils.java:logGet(43)) - raft.server.rpcslowness.timeout = 120s (custom)
2019-09-04 09:32:17,775 [pool-232-thread-1] INFO  impl.RaftServerImpl (RaftServerImpl.java:<init>(93)) - 0ac595d7-a290-4eb2-9411-ef15ff51c194: new RaftServerImpl for group-7CF92F3CE404:[9626cf3a-220d-42c0-b303-e22d032a63b2:192.168.69.104:36191, 0ac595d7-a290-4eb2-9411-ef15ff51c194:192.168.69.104:46385, 18851aac-bbd7-47f5-af1c-17f426b11266:192.168.69.104:44461] with ContainerStateMachine:uninitialized
2019-09-04 09:32:17,775 [pool-221-thread-1] INFO  server.RaftServerConfigKeys (ConfUtils.java:logGet(43)) - raft.server.sleep.deviation.threshold = 300 (default)
2019-09-04 09:32:17,775 [pool-232-thread-1] INFO  server.RaftServerConfigKeys (ConfUtils.java:logGet(43)) - raft.server.rpc.timeout.min = 5s (custom)
2019-09-04 09:32:17,775 [pool-243-thread-1] INFO  impl.RaftServerImpl (RaftServerImpl.java:<init>(93)) - 9626cf3a-220d-42c0-b303-e22d032a63b2: new RaftServerImpl for group-7CF92F3CE404:[9626cf3a-220d-42c0-b303-e22d032a63b2:192.168.69.104:36191, 0ac595d7-a290-4eb2-9411-ef15ff51c194:192.168.69.104:46385, 18851aac-bbd7-47f5-af1c-17f426b11266:192.168.69.104:44461] with ContainerStateMachine:uninitialized
2019-09-04 09:32:17,775 [pool-221-thread-1] INFO  server.RaftServerConfigKeys (ConfUtils.java:logGet(43)) - raft.server.log.appender.install.snapshot.enabled = false (custom)
2019-09-04 09:32:17,775 [pool-243-thread-1] INFO  server.RaftServerConfigKeys (ConfUtils.java:logGet(43)) - raft.server.rpc.timeout.min = 5s (custom)
2019-09-04 09:32:17,775 [pool-232-thread-1] INFO  server.RaftServerConfigKeys (ConfUtils.java:logGet(43)) - raft.server.rpc.timeout.max = 5200ms (custom)
2019-09-04 09:32:17,776 [pool-243-thread-1] INFO  server.RaftServerConfigKeys (ConfUtils.java:logGet(43)) - raft.server.rpc.timeout.max = 5200ms (custom)
2019-09-04 09:32:17,775 [pool-221-thread-1] INFO  impl.RaftServerImpl (ServerState.java:<init>(105)) - 18851aac-bbd7-47f5-af1c-17f426b11266:group-7CF92F3CE404 ConfigurationManager, init=-1: [9626cf3a-220d-42c0-b303-e22d032a63b2:192.168.69.104:36191, 0ac595d7-a290-4eb2-9411-ef15ff51c194:192.168.69.104:46385, 18851aac-bbd7-47f5-af1c-17f426b11266:192.168.69.104:44461], old=null, confs=<EMPTY_MAP>
2019-09-04 09:32:17,776 [pool-243-thread-1] INFO  server.RaftServerConfigKeys (ConfUtils.java:logGet(43)) - raft.server.rpcslowness.timeout = 120s (custom)
2019-09-04 09:32:17,776 [pool-232-thread-1] INFO  server.RaftServerConfigKeys (ConfUtils.java:logGet(43)) - raft.server.rpcslowness.timeout = 120s (custom)
2019-09-04 09:32:17,776 [pool-243-thread-1] INFO  server.RaftServerConfigKeys (ConfUtils.java:logGet(43)) - raft.server.sleep.deviation.threshold = 300 (default)
2019-09-04 09:32:17,776 [pool-221-thread-1] INFO  server.RaftServerConfigKeys (ConfUtils.java:logGet(43)) - raft.server.storage.dir = [/workdir/hadoop-ozone/integration-test/target/test-dir/MiniOzoneClusterImpl-597fad41-898a-4cf4-b6ed-aa234846bbff/datanode-0/data/ratis] (custom)
2019-09-04 09:32:17,776 [pool-243-thread-1] INFO  server.RaftServerConfigKeys (ConfUtils.java:logGet(43)) - raft.server.log.appender.install.snapshot.enabled = false (custom)
2019-09-04 09:32:17,776 [pool-232-thread-1] INFO  server.RaftServerConfigKeys (ConfUtils.java:logGet(43)) - raft.server.sleep.deviation.threshold = 300 (default)
2019-09-04 09:32:17,777 [pool-243-thread-1] INFO  impl.RaftServerImpl (ServerState.java:<init>(105)) - 9626cf3a-220d-42c0-b303-e22d032a63b2:group-7CF92F3CE404 ConfigurationManager, init=-1: [9626cf3a-220d-42c0-b303-e22d032a63b2:192.168.69.104:36191, 0ac595d7-a290-4eb2-9411-ef15ff51c194:192.168.69.104:46385, 18851aac-bbd7-47f5-af1c-17f426b11266:192.168.69.104:44461], old=null, confs=<EMPTY_MAP>
2019-09-04 09:32:17,777 [pool-221-thread-1] INFO  storage.RaftStorageDirectory (RaftStorageDirectory.java:analyzeStorage(246)) - The storage directory /workdir/hadoop-ozone/integration-test/target/test-dir/MiniOzoneClusterImpl-597fad41-898a-4cf4-b6ed-aa234846bbff/datanode-0/data/ratis/88ee25d4-218e-4b7c-9e77-7cf92f3ce404 does not exist. Creating ...
2019-09-04 09:32:17,777 [pool-232-thread-1] INFO  server.RaftServerConfigKeys (ConfUtils.java:logGet(43)) - raft.server.log.appender.install.snapshot.enabled = false (custom)
2019-09-04 09:32:17,777 [pool-243-thread-1] INFO  server.RaftServerConfigKeys (ConfUtils.java:logGet(43)) - raft.server.storage.dir = [/workdir/hadoop-ozone/integration-test/target/test-dir/MiniOzoneClusterImpl-597fad41-898a-4cf4-b6ed-aa234846bbff/datanode-2/data/ratis] (custom)
2019-09-04 09:32:17,777 [pool-232-thread-1] INFO  impl.RaftServerImpl (ServerState.java:<init>(105)) - 0ac595d7-a290-4eb2-9411-ef15ff51c194:group-7CF92F3CE404 ConfigurationManager, init=-1: [9626cf3a-220d-42c0-b303-e22d032a63b2:192.168.69.104:36191, 0ac595d7-a290-4eb2-9411-ef15ff51c194:192.168.69.104:46385, 18851aac-bbd7-47f5-af1c-17f426b11266:192.168.69.104:44461], old=null, confs=<EMPTY_MAP>
2019-09-04 09:32:17,777 [pool-232-thread-1] INFO  server.RaftServerConfigKeys (ConfUtils.java:logGet(43)) - raft.server.storage.dir = [/workdir/hadoop-ozone/integration-test/target/test-dir/MiniOzoneClusterImpl-597fad41-898a-4cf4-b6ed-aa234846bbff/datanode-1/data/ratis] (custom)
2019-09-04 09:32:17,777 [pool-243-thread-1] INFO  storage.RaftStorageDirectory (RaftStorageDirectory.java:analyzeStorage(246)) - The storage directory /workdir/hadoop-ozone/integration-test/target/test-dir/MiniOzoneClusterImpl-597fad41-898a-4cf4-b6ed-aa234846bbff/datanode-2/data/ratis/88ee25d4-218e-4b7c-9e77-7cf92f3ce404 does not exist. Creating ...
2019-09-04 09:32:17,778 [pool-232-thread-1] INFO  storage.RaftStorageDirectory (RaftStorageDirectory.java:analyzeStorage(246)) - The storage directory /workdir/hadoop-ozone/integration-test/target/test-dir/MiniOzoneClusterImpl-597fad41-898a-4cf4-b6ed-aa234846bbff/datanode-1/data/ratis/88ee25d4-218e-4b7c-9e77-7cf92f3ce404 does not exist. Creating ...
2019-09-04 09:32:17,806 [pool-232-thread-1] INFO  storage.RaftStorageDirectory (RaftStorageDirectory.java:tryLock(328)) - Lock on /workdir/hadoop-ozone/integration-test/target/test-dir/MiniOzoneClusterImpl-597fad41-898a-4cf4-b6ed-aa234846bbff/datanode-1/data/ratis/88ee25d4-218e-4b7c-9e77-7cf92f3ce404/in_use.lock acquired by nodename 26477@pr-hdds-1569-dvkr5-2373193410
2019-09-04 09:32:17,806 [pool-243-thread-1] INFO  storage.RaftStorageDirectory (RaftStorageDirectory.java:tryLock(328)) - Lock on /workdir/hadoop-ozone/integration-test/target/test-dir/MiniOzoneClusterImpl-597fad41-898a-4cf4-b6ed-aa234846bbff/datanode-2/data/ratis/88ee25d4-218e-4b7c-9e77-7cf92f3ce404/in_use.lock acquired by nodename 26477@pr-hdds-1569-dvkr5-2373193410
2019-09-04 09:32:17,806 [pool-221-thread-1] INFO  storage.RaftStorageDirectory (RaftStorageDirectory.java:tryLock(328)) - Lock on /workdir/hadoop-ozone/integration-test/target/test-dir/MiniOzoneClusterImpl-597fad41-898a-4cf4-b6ed-aa234846bbff/datanode-0/data/ratis/88ee25d4-218e-4b7c-9e77-7cf92f3ce404/in_use.lock acquired by nodename 26477@pr-hdds-1569-dvkr5-2373193410
2019-09-04 09:32:17,822 [pool-232-thread-1] INFO  storage.RaftStorage (RaftStorage.java:format(72)) - Storage directory /workdir/hadoop-ozone/integration-test/target/test-dir/MiniOzoneClusterImpl-597fad41-898a-4cf4-b6ed-aa234846bbff/datanode-1/data/ratis/88ee25d4-218e-4b7c-9e77-7cf92f3ce404 has been successfully formatted.
2019-09-04 09:32:17,822 [pool-221-thread-1] INFO  storage.RaftStorage (RaftStorage.java:format(72)) - Storage directory /workdir/hadoop-ozone/integration-test/target/test-dir/MiniOzoneClusterImpl-597fad41-898a-4cf4-b6ed-aa234846bbff/datanode-0/data/ratis/88ee25d4-218e-4b7c-9e77-7cf92f3ce404 has been successfully formatted.
2019-09-04 09:32:17,822 [pool-243-thread-1] INFO  storage.RaftStorage (RaftStorage.java:format(72)) - Storage directory /workdir/hadoop-ozone/integration-test/target/test-dir/MiniOzoneClusterImpl-597fad41-898a-4cf4-b6ed-aa234846bbff/datanode-2/data/ratis/88ee25d4-218e-4b7c-9e77-7cf92f3ce404 has been successfully formatted.
2019-09-04 09:32:17,823 [pool-221-thread-1] INFO  ratis.ContainerStateMachine (ContainerStateMachine.java:loadSnapshot(226)) - group-7CF92F3CE404: The snapshot info is null. Setting the last applied indexto:(t:0, i:~)
2019-09-04 09:32:17,823 [pool-232-thread-1] INFO  ratis.ContainerStateMachine (ContainerStateMachine.java:loadSnapshot(226)) - group-7CF92F3CE404: The snapshot info is null. Setting the last applied indexto:(t:0, i:~)
2019-09-04 09:32:17,823 [pool-221-thread-1] INFO  server.RaftServerConfigKeys (ConfUtils.java:logGet(43)) - raft.server.leader.election.timeout = 120s (custom)
2019-09-04 09:32:17,823 [pool-243-thread-1] INFO  ratis.ContainerStateMachine (ContainerStateMachine.java:loadSnapshot(226)) - group-7CF92F3CE404: The snapshot info is null. Setting the last applied indexto:(t:0, i:~)
2019-09-04 09:32:17,823 [pool-221-thread-1] INFO  server.RaftServerConfigKeys (ConfUtils.java:logGet(43)) - raft.server.log.use.memory = false (default)
2019-09-04 09:32:17,823 [pool-232-thread-1] INFO  server.RaftServerConfigKeys (ConfUtils.java:logGet(43)) - raft.server.leader.election.timeout = 120s (custom)
2019-09-04 09:32:17,823 [pool-221-thread-1] INFO  server.RaftServerConfigKeys (ConfUtils.java:logGet(43)) - raft.server.log.purge.gap = 1000000 (custom)
2019-09-04 09:32:17,823 [pool-243-thread-1] INFO  server.RaftServerConfigKeys (ConfUtils.java:logGet(43)) - raft.server.leader.election.timeout = 120s (custom)
2019-09-04 09:32:17,824 [pool-221-thread-1] INFO  server.RaftServerConfigKeys (ConfUtils.java:logGet(43)) - raft.server.log.appender.buffer.byte-limit = 33554432 (custom)
2019-09-04 09:32:17,823 [pool-232-thread-1] INFO  server.RaftServerConfigKeys (ConfUtils.java:logGet(43)) - raft.server.log.use.memory = false (default)
2019-09-04 09:32:17,824 [pool-221-thread-1] INFO  server.RaftServerConfigKeys (ConfUtils.java:logGet(43)) - raft.server.log.segment.size.max = 1048576 (custom)
2019-09-04 09:32:17,824 [pool-243-thread-1] INFO  server.RaftServerConfigKeys (ConfUtils.java:logGet(43)) - raft.server.log.use.memory = false (default)
2019-09-04 09:32:17,824 [pool-221-thread-1] INFO  server.RaftServerConfigKeys (ConfUtils.java:logGet(43)) - raft.server.log.segment.cache.num.max = 2 (custom)
2019-09-04 09:32:17,824 [pool-232-thread-1] INFO  server.RaftServerConfigKeys (ConfUtils.java:logGet(43)) - raft.server.log.purge.gap = 1000000 (custom)
2019-09-04 09:32:17,824 [pool-221-thread-1] INFO  segmented.SegmentedRaftLogWorker (SegmentedRaftLogWorker.java:<init>(172)) - new 18851aac-bbd7-47f5-af1c-17f426b11266-SegmentedRaftLogWorker:Storage Directory /workdir/hadoop-ozone/integration-test/target/test-dir/MiniOzoneClusterImpl-597fad41-898a-4cf4-b6ed-aa234846bbff/datanode-0/data/ratis/88ee25d4-218e-4b7c-9e77-7cf92f3ce404 for RaftStorage:Storage Directory /workdir/hadoop-ozone/integration-test/target/test-dir/MiniOzoneClusterImpl-597fad41-898a-4cf4-b6ed-aa234846bbff/datanode-0/data/ratis/88ee25d4-218e-4b7c-9e77-7cf92f3ce404
2019-09-04 09:32:17,824 [pool-243-thread-1] INFO  server.RaftServerConfigKeys (ConfUtils.java:logGet(43)) - raft.server.log.purge.gap = 1000000 (custom)
2019-09-04 09:32:17,824 [pool-221-thread-1] INFO  server.RaftServerConfigKeys (ConfUtils.java:logGet(43)) - raft.server.log.queue.byte-limit = 2147483647 (custom)
2019-09-04 09:32:17,824 [pool-232-thread-1] INFO  server.RaftServerConfigKeys (ConfUtils.java:logGet(43)) - raft.server.log.appender.buffer.byte-limit = 33554432 (custom)
2019-09-04 09:32:17,825 [pool-221-thread-1] INFO  server.RaftServerConfigKeys (ConfUtils.java:logGet(43)) - raft.server.log.queue.element-limit = 1024 (custom)
2019-09-04 09:32:17,825 [pool-243-thread-1] INFO  server.RaftServerConfigKeys (ConfUtils.java:logGet(43)) - raft.server.log.appender.buffer.byte-limit = 33554432 (custom)
2019-09-04 09:32:17,825 [pool-221-thread-1] INFO  server.RaftServerConfigKeys (ConfUtils.java:logGet(43)) - raft.server.log.segment.size.max = 1048576 (custom)
2019-09-04 09:32:17,825 [pool-232-thread-1] INFO  server.RaftServerConfigKeys (ConfUtils.java:logGet(43)) - raft.server.log.segment.size.max = 1048576 (custom)
2019-09-04 09:32:17,825 [pool-221-thread-1] INFO  server.RaftServerConfigKeys (ConfUtils.java:logGet(43)) - raft.server.log.preallocated.size = 16384 (custom)
2019-09-04 09:32:17,825 [pool-243-thread-1] INFO  server.RaftServerConfigKeys (ConfUtils.java:logGet(43)) - raft.server.log.segment.size.max = 1048576 (custom)
2019-09-04 09:32:17,825 [pool-221-thread-1] INFO  server.RaftServerConfigKeys (ConfUtils.java:logGet(43)) - raft.server.log.write.buffer.size = 33554432 (custom)
2019-09-04 09:32:17,825 [pool-232-thread-1] INFO  server.RaftServerConfigKeys (ConfUtils.java:logGet(43)) - raft.server.log.segment.cache.num.max = 2 (custom)
2019-09-04 09:32:17,825 [pool-221-thread-1] INFO  server.RaftServerConfigKeys (ConfUtils.java:logGet(43)) - raft.server.log.force.sync.num = 128 (default)
2019-09-04 09:32:17,825 [pool-243-thread-1] INFO  server.RaftServerConfigKeys (ConfUtils.java:logGet(43)) - raft.server.log.segment.cache.num.max = 2 (custom)
2019-09-04 09:32:17,826 [pool-221-thread-1] INFO  server.RaftServerConfigKeys (ConfUtils.java:logGet(43)) - raft.server.log.statemachine.data.sync = true (default)
2019-09-04 09:32:17,826 [pool-232-thread-1] INFO  segmented.SegmentedRaftLogWorker (SegmentedRaftLogWorker.java:<init>(172)) - new 0ac595d7-a290-4eb2-9411-ef15ff51c194-SegmentedRaftLogWorker:Storage Directory /workdir/hadoop-ozone/integration-test/target/test-dir/MiniOzoneClusterImpl-597fad41-898a-4cf4-b6ed-aa234846bbff/datanode-1/data/ratis/88ee25d4-218e-4b7c-9e77-7cf92f3ce404 for RaftStorage:Storage Directory /workdir/hadoop-ozone/integration-test/target/test-dir/MiniOzoneClusterImpl-597fad41-898a-4cf4-b6ed-aa234846bbff/datanode-1/data/ratis/88ee25d4-218e-4b7c-9e77-7cf92f3ce404
2019-09-04 09:32:17,826 [pool-221-thread-1] INFO  server.RaftServerConfigKeys (ConfUtils.java:logGet(43)) - raft.server.log.statemachine.data.sync.timeout = 10s (default)
2019-09-04 09:32:17,826 [pool-243-thread-1] INFO  segmented.SegmentedRaftLogWorker (SegmentedRaftLogWorker.java:<init>(172)) - new 9626cf3a-220d-42c0-b303-e22d032a63b2-SegmentedRaftLogWorker:Storage Directory /workdir/hadoop-ozone/integration-test/target/test-dir/MiniOzoneClusterImpl-597fad41-898a-4cf4-b6ed-aa234846bbff/datanode-2/data/ratis/88ee25d4-218e-4b7c-9e77-7cf92f3ce404 for RaftStorage:Storage Directory /workdir/hadoop-ozone/integration-test/target/test-dir/MiniOzoneClusterImpl-597fad41-898a-4cf4-b6ed-aa234846bbff/datanode-2/data/ratis/88ee25d4-218e-4b7c-9e77-7cf92f3ce404
2019-09-04 09:32:17,826 [pool-221-thread-1] INFO  server.RaftServerConfigKeys (ConfUtils.java:logGet(43)) - raft.server.log.statemachine.data.sync.timeout.retry = -1 (default)
2019-09-04 09:32:17,826 [pool-232-thread-1] INFO  server.RaftServerConfigKeys (ConfUtils.java:logGet(43)) - raft.server.log.queue.byte-limit = 2147483647 (custom)
2019-09-04 09:32:17,826 [pool-221-thread-1] INFO  server.RaftServerConfigKeys (ConfUtils.java:logGet(43)) - raft.server.log.statemachine.data.caching.enabled = true (custom)
2019-09-04 09:32:17,826 [pool-243-thread-1] INFO  server.RaftServerConfigKeys (ConfUtils.java:logGet(43)) - raft.server.log.queue.byte-limit = 2147483647 (custom)
2019-09-04 09:32:17,826 [pool-232-thread-1] INFO  server.RaftServerConfigKeys (ConfUtils.java:logGet(43)) - raft.server.log.queue.element-limit = 1024 (custom)
2019-09-04 09:32:17,827 [pool-221-thread-1] INFO  segmented.SegmentedRaftLogWorker (SegmentedRaftLogWorker.java:lambda$new$0(132)) - 18851aac-bbd7-47f5-af1c-17f426b11266-SegmentedRaftLogWorker:Storage Directory /workdir/hadoop-ozone/integration-test/target/test-dir/MiniOzoneClusterImpl-597fad41-898a-4cf4-b6ed-aa234846bbff/datanode-0/data/ratis/88ee25d4-218e-4b7c-9e77-7cf92f3ce404: flushIndex: setUnconditionally 0 -> -1
2019-09-04 09:32:17,827 [pool-243-thread-1] INFO  server.RaftServerConfigKeys (ConfUtils.java:logGet(43)) - raft.server.log.queue.element-limit = 1024 (custom)
2019-09-04 09:32:17,827 [pool-232-thread-1] INFO  server.RaftServerConfigKeys (ConfUtils.java:logGet(43)) - raft.server.log.segment.size.max = 1048576 (custom)
2019-09-04 09:32:17,827 [pool-221-thread-1] INFO  server.RaftServerConfigKeys (ConfUtils.java:logGet(43)) - raft.server.snapshot.auto.trigger.enabled = true (custom)
2019-09-04 09:32:17,827 [pool-243-thread-1] INFO  server.RaftServerConfigKeys (ConfUtils.java:logGet(43)) - raft.server.log.segment.size.max = 1048576 (custom)
2019-09-04 09:32:17,827 [pool-221-thread-1] INFO  server.RaftServerConfigKeys (ConfUtils.java:logGet(43)) - raft.server.snapshot.auto.trigger.threshold = 10000 (custom)
2019-09-04 09:32:17,827 [pool-232-thread-1] INFO  server.RaftServerConfigKeys (ConfUtils.java:logGet(43)) - raft.server.log.preallocated.size = 16384 (custom)
2019-09-04 09:32:17,828 [pool-221-thread-1] INFO  server.RaftServerConfigKeys (ConfUtils.java:logGet(43)) - raft.server.retrycache.expirytime = 600000ms (custom)
2019-09-04 09:32:17,827 [pool-243-thread-1] INFO  server.RaftServerConfigKeys (ConfUtils.java:logGet(43)) - raft.server.log.preallocated.size = 16384 (custom)
2019-09-04 09:32:17,828 [pool-221-thread-1] INFO  impl.RaftServerImpl (RaftServerImpl.java:start(180)) - 18851aac-bbd7-47f5-af1c-17f426b11266: start group-7CF92F3CE404
2019-09-04 09:32:17,828 [pool-232-thread-1] INFO  server.RaftServerConfigKeys (ConfUtils.java:logGet(43)) - raft.server.log.write.buffer.size = 33554432 (custom)
2019-09-04 09:32:17,828 [pool-221-thread-1] INFO  impl.RaftServerImpl (RaftServerImpl.java:setRole(171)) - 18851aac-bbd7-47f5-af1c-17f426b11266:group-7CF92F3CE404 changes role from null to FOLLOWER at term 0 for startAsFollower
2019-09-04 09:32:17,828 [pool-243-thread-1] INFO  server.RaftServerConfigKeys (ConfUtils.java:logGet(43)) - raft.server.log.write.buffer.size = 33554432 (custom)
2019-09-04 09:32:17,828 [pool-221-thread-1] INFO  impl.RoleInfo (RoleInfo.java:updateAndGet(143)) - 18851aac-bbd7-47f5-af1c-17f426b11266: start FollowerState
2019-09-04 09:32:17,828 [pool-232-thread-1] INFO  server.RaftServerConfigKeys (ConfUtils.java:logGet(43)) - raft.server.log.force.sync.num = 128 (default)
2019-09-04 09:32:17,828 [pool-243-thread-1] INFO  server.RaftServerConfigKeys (ConfUtils.java:logGet(43)) - raft.server.log.force.sync.num = 128 (default)
2019-09-04 09:32:17,829 [pool-232-thread-1] INFO  server.RaftServerConfigKeys (ConfUtils.java:logGet(43)) - raft.server.log.statemachine.data.sync = true (default)
2019-09-04 09:32:17,829 [pool-221-thread-1] INFO  util.JmxRegister (JmxRegister.java:tryRegister(44)) - Successfully registered JMX Bean with object name Ratis:service=RaftServer,group=group-7CF92F3CE404,id=18851aac-bbd7-47f5-af1c-17f426b11266
2019-09-04 09:32:17,829 [pool-243-thread-1] INFO  server.RaftServerConfigKeys (ConfUtils.java:logGet(43)) - raft.server.log.statemachine.data.sync = true (default)
2019-09-04 09:32:17,829 [pool-232-thread-1] INFO  server.RaftServerConfigKeys (ConfUtils.java:logGet(43)) - raft.server.log.statemachine.data.sync.timeout = 10s (default)
2019-09-04 09:32:17,829 [pool-243-thread-1] INFO  server.RaftServerConfigKeys (ConfUtils.java:logGet(43)) - raft.server.log.statemachine.data.sync.timeout = 10s (default)
2019-09-04 09:32:17,829 [pool-232-thread-1] INFO  server.RaftServerConfigKeys (ConfUtils.java:logGet(43)) - raft.server.log.statemachine.data.sync.timeout.retry = -1 (default)
2019-09-04 09:32:17,829 [pool-243-thread-1] INFO  server.RaftServerConfigKeys (ConfUtils.java:logGet(43)) - raft.server.log.statemachine.data.sync.timeout.retry = -1 (default)
2019-09-04 09:32:17,829 [pool-232-thread-1] INFO  server.RaftServerConfigKeys (ConfUtils.java:logGet(43)) - raft.server.log.statemachine.data.caching.enabled = true (custom)
2019-09-04 09:32:17,830 [pool-243-thread-1] INFO  server.RaftServerConfigKeys (ConfUtils.java:logGet(43)) - raft.server.log.statemachine.data.caching.enabled = true (custom)
2019-09-04 09:32:17,830 [pool-232-thread-1] INFO  segmented.SegmentedRaftLogWorker (SegmentedRaftLogWorker.java:lambda$new$0(132)) - 0ac595d7-a290-4eb2-9411-ef15ff51c194-SegmentedRaftLogWorker:Storage Directory /workdir/hadoop-ozone/integration-test/target/test-dir/MiniOzoneClusterImpl-597fad41-898a-4cf4-b6ed-aa234846bbff/datanode-1/data/ratis/88ee25d4-218e-4b7c-9e77-7cf92f3ce404: flushIndex: setUnconditionally 0 -> -1
2019-09-04 09:32:17,830 [pool-243-thread-1] INFO  segmented.SegmentedRaftLogWorker (SegmentedRaftLogWorker.java:lambda$new$0(132)) - 9626cf3a-220d-42c0-b303-e22d032a63b2-SegmentedRaftLogWorker:Storage Directory /workdir/hadoop-ozone/integration-test/target/test-dir/MiniOzoneClusterImpl-597fad41-898a-4cf4-b6ed-aa234846bbff/datanode-2/data/ratis/88ee25d4-218e-4b7c-9e77-7cf92f3ce404: flushIndex: setUnconditionally 0 -> -1
2019-09-04 09:32:17,832 [pool-232-thread-1] INFO  server.RaftServerConfigKeys (ConfUtils.java:logGet(43)) - raft.server.snapshot.auto.trigger.enabled = true (custom)
2019-09-04 09:32:17,832 [pool-243-thread-1] INFO  server.RaftServerConfigKeys (ConfUtils.java:logGet(43)) - raft.server.snapshot.auto.trigger.enabled = true (custom)
2019-09-04 09:32:17,832 [pool-232-thread-1] INFO  server.RaftServerConfigKeys (ConfUtils.java:logGet(43)) - raft.server.snapshot.auto.trigger.threshold = 10000 (custom)
2019-09-04 09:32:17,832 [pool-243-thread-1] INFO  server.RaftServerConfigKeys (ConfUtils.java:logGet(43)) - raft.server.snapshot.auto.trigger.threshold = 10000 (custom)
2019-09-04 09:32:17,833 [pool-232-thread-1] INFO  server.RaftServerConfigKeys (ConfUtils.java:logGet(43)) - raft.server.retrycache.expirytime = 600000ms (custom)
2019-09-04 09:32:17,833 [pool-243-thread-1] INFO  server.RaftServerConfigKeys (ConfUtils.java:logGet(43)) - raft.server.retrycache.expirytime = 600000ms (custom)
2019-09-04 09:32:17,833 [pool-232-thread-1] INFO  impl.RaftServerImpl (RaftServerImpl.java:start(180)) - 0ac595d7-a290-4eb2-9411-ef15ff51c194: start group-7CF92F3CE404
2019-09-04 09:32:17,833 [pool-243-thread-1] INFO  impl.RaftServerImpl (RaftServerImpl.java:start(180)) - 9626cf3a-220d-42c0-b303-e22d032a63b2: start group-7CF92F3CE404
2019-09-04 09:32:17,833 [pool-232-thread-1] INFO  impl.RaftServerImpl (RaftServerImpl.java:setRole(171)) - 0ac595d7-a290-4eb2-9411-ef15ff51c194:group-7CF92F3CE404 changes role from null to FOLLOWER at term 0 for startAsFollower
2019-09-04 09:32:17,833 [pool-243-thread-1] INFO  impl.RaftServerImpl (RaftServerImpl.java:setRole(171)) - 9626cf3a-220d-42c0-b303-e22d032a63b2:group-7CF92F3CE404 changes role from null to FOLLOWER at term 0 for startAsFollower
2019-09-04 09:32:17,833 [pool-232-thread-1] INFO  impl.RoleInfo (RoleInfo.java:updateAndGet(143)) - 0ac595d7-a290-4eb2-9411-ef15ff51c194: start FollowerState
2019-09-04 09:32:17,833 [pool-243-thread-1] INFO  impl.RoleInfo (RoleInfo.java:updateAndGet(143)) - 9626cf3a-220d-42c0-b303-e22d032a63b2: start FollowerState
2019-09-04 09:32:17,834 [pool-232-thread-1] INFO  util.JmxRegister (JmxRegister.java:tryRegister(44)) - Successfully registered JMX Bean with object name Ratis:service=RaftServer,group=group-7CF92F3CE404,id=0ac595d7-a290-4eb2-9411-ef15ff51c194
2019-09-04 09:32:17,834 [pool-243-thread-1] INFO  util.JmxRegister (JmxRegister.java:tryRegister(44)) - Successfully registered JMX Bean with object name Ratis:service=RaftServer,group=group-7CF92F3CE404,id=9626cf3a-220d-42c0-b303-e22d032a63b2
2019-09-04 09:32:17,836 [RatisPipelineUtilsThread] INFO  pipeline.PipelineStateManager (PipelineStateManager.java:addPipeline(56)) - Created pipeline Pipeline[ Id: 88ee25d4-218e-4b7c-9e77-7cf92f3ce404, Nodes: 0ac595d7-a290-4eb2-9411-ef15ff51c194{ip: 192.168.69.104, host: pr-hdds-1569-dvkr5-2373193410, networkLocation: /default-rack, certSerialId: null}18851aac-bbd7-47f5-af1c-17f426b11266{ip: 192.168.69.104, host: pr-hdds-1569-dvkr5-2373193410, networkLocation: /default-rack, certSerialId: null}9626cf3a-220d-42c0-b303-e22d032a63b2{ip: 192.168.69.104, host: pr-hdds-1569-dvkr5-2373193410, networkLocation: /default-rack, certSerialId: null}, Type:RATIS, Factor:THREE, State:OPEN]
2019-09-04 09:32:17,870 [IPC Server handler 15 on 43990] INFO  net.NetworkTopology (NetworkTopologyImpl.java:add(110)) - Added a new node: /default-rack/fee90ff4-ae5b-4370-9a2e-b45e68f319a2
2019-09-04 09:32:17,870 [IPC Server handler 15 on 43990] INFO  node.SCMNodeManager (SCMNodeManager.java:register(273)) - Registered Data node : fee90ff4-ae5b-4370-9a2e-b45e68f319a2{ip: 192.168.69.104, host: pr-hdds-1569-dvkr5-2373193410, networkLocation: /default-rack, certSerialId: null}
2019-09-04 09:32:17,870 | INFO  | SCMAudit | user=jenkins1000 | ip=192.168.69.104 | op=REGISTER {datanodeDetails=fee90ff4-ae5b-4370-9a2e-b45e68f319a2{ip: 192.168.69.104, host: pr-hdds-1569-dvkr5-2373193410, networkLocation: /default-rack, certSerialId: null}} | ret=SUCCESS |  
2019-09-04 09:32:17,879 [grpc-default-executor-5] INFO  impl.RaftServerProxy (RaftServerProxy.java:addNew(89)) - fee90ff4-ae5b-4370-9a2e-b45e68f319a2: addNew group-B1CEE9D27BD6:[fee90ff4-ae5b-4370-9a2e-b45e68f319a2:192.168.69.104:36774] returns group-B1CEE9D27BD6:java.util.concurrent.CompletableFuture@7d5b11f3[Not completed]
2019-09-04 09:32:17,880 [pool-254-thread-1] INFO  impl.RaftServerImpl (RaftServerImpl.java:<init>(93)) - fee90ff4-ae5b-4370-9a2e-b45e68f319a2: new RaftServerImpl for group-B1CEE9D27BD6:[fee90ff4-ae5b-4370-9a2e-b45e68f319a2:192.168.69.104:36774] with ContainerStateMachine:uninitialized
2019-09-04 09:32:17,881 [pool-254-thread-1] INFO  server.RaftServerConfigKeys (ConfUtils.java:logGet(43)) - raft.server.rpc.timeout.min = 5s (custom)
2019-09-04 09:32:17,881 [pool-254-thread-1] INFO  server.RaftServerConfigKeys (ConfUtils.java:logGet(43)) - raft.server.rpc.timeout.max = 5200ms (custom)
2019-09-04 09:32:17,881 [pool-254-thread-1] INFO  server.RaftServerConfigKeys (ConfUtils.java:logGet(43)) - raft.server.rpcslowness.timeout = 120s (custom)
2019-09-04 09:32:17,881 [pool-254-thread-1] INFO  server.RaftServerConfigKeys (ConfUtils.java:logGet(43)) - raft.server.sleep.deviation.threshold = 300 (default)
2019-09-04 09:32:17,881 [pool-254-thread-1] INFO  server.RaftServerConfigKeys (ConfUtils.java:logGet(43)) - raft.server.log.appender.install.snapshot.enabled = false (custom)
2019-09-04 09:32:17,881 [pool-254-thread-1] INFO  impl.RaftServerImpl (ServerState.java:<init>(105)) - fee90ff4-ae5b-4370-9a2e-b45e68f319a2:group-B1CEE9D27BD6 ConfigurationManager, init=-1: [fee90ff4-ae5b-4370-9a2e-b45e68f319a2:192.168.69.104:36774], old=null, confs=<EMPTY_MAP>
2019-09-04 09:32:17,882 [pool-254-thread-1] INFO  server.RaftServerConfigKeys (ConfUtils.java:logGet(43)) - raft.server.storage.dir = [/workdir/hadoop-ozone/integration-test/target/test-dir/MiniOzoneClusterImpl-597fad41-898a-4cf4-b6ed-aa234846bbff/datanode-3/data/ratis] (custom)
2019-09-04 09:32:17,882 [pool-254-thread-1] INFO  storage.RaftStorageDirectory (RaftStorageDirectory.java:analyzeStorage(246)) - The storage directory /workdir/hadoop-ozone/integration-test/target/test-dir/MiniOzoneClusterImpl-597fad41-898a-4cf4-b6ed-aa234846bbff/datanode-3/data/ratis/89ab6da7-46b4-4c16-ac36-b1cee9d27bd6 does not exist. Creating ...
2019-09-04 09:32:17,900 [pool-254-thread-1] INFO  storage.RaftStorageDirectory (RaftStorageDirectory.java:tryLock(328)) - Lock on /workdir/hadoop-ozone/integration-test/target/test-dir/MiniOzoneClusterImpl-597fad41-898a-4cf4-b6ed-aa234846bbff/datanode-3/data/ratis/89ab6da7-46b4-4c16-ac36-b1cee9d27bd6/in_use.lock acquired by nodename 26477@pr-hdds-1569-dvkr5-2373193410
2019-09-04 09:32:17,912 [pool-254-thread-1] INFO  storage.RaftStorage (RaftStorage.java:format(72)) - Storage directory /workdir/hadoop-ozone/integration-test/target/test-dir/MiniOzoneClusterImpl-597fad41-898a-4cf4-b6ed-aa234846bbff/datanode-3/data/ratis/89ab6da7-46b4-4c16-ac36-b1cee9d27bd6 has been successfully formatted.
2019-09-04 09:32:17,913 [pool-254-thread-1] INFO  ratis.ContainerStateMachine (ContainerStateMachine.java:loadSnapshot(226)) - group-B1CEE9D27BD6: The snapshot info is null. Setting the last applied indexto:(t:0, i:~)
2019-09-04 09:32:17,913 [pool-254-thread-1] INFO  server.RaftServerConfigKeys (ConfUtils.java:logGet(43)) - raft.server.leader.election.timeout = 120s (custom)
2019-09-04 09:32:17,913 [pool-254-thread-1] INFO  server.RaftServerConfigKeys (ConfUtils.java:logGet(43)) - raft.server.log.use.memory = false (default)
2019-09-04 09:32:17,913 [pool-254-thread-1] INFO  server.RaftServerConfigKeys (ConfUtils.java:logGet(43)) - raft.server.log.purge.gap = 1000000 (custom)
2019-09-04 09:32:17,913 [pool-254-thread-1] INFO  server.RaftServerConfigKeys (ConfUtils.java:logGet(43)) - raft.server.log.appender.buffer.byte-limit = 33554432 (custom)
2019-09-04 09:32:17,914 [pool-254-thread-1] INFO  server.RaftServerConfigKeys (ConfUtils.java:logGet(43)) - raft.server.log.segment.size.max = 1048576 (custom)
2019-09-04 09:32:17,914 [pool-254-thread-1] INFO  server.RaftServerConfigKeys (ConfUtils.java:logGet(43)) - raft.server.log.segment.cache.num.max = 2 (custom)
2019-09-04 09:32:17,914 [pool-254-thread-1] INFO  segmented.SegmentedRaftLogWorker (SegmentedRaftLogWorker.java:<init>(172)) - new fee90ff4-ae5b-4370-9a2e-b45e68f319a2-SegmentedRaftLogWorker:Storage Directory /workdir/hadoop-ozone/integration-test/target/test-dir/MiniOzoneClusterImpl-597fad41-898a-4cf4-b6ed-aa234846bbff/datanode-3/data/ratis/89ab6da7-46b4-4c16-ac36-b1cee9d27bd6 for RaftStorage:Storage Directory /workdir/hadoop-ozone/integration-test/target/test-dir/MiniOzoneClusterImpl-597fad41-898a-4cf4-b6ed-aa234846bbff/datanode-3/data/ratis/89ab6da7-46b4-4c16-ac36-b1cee9d27bd6
2019-09-04 09:32:17,914 [pool-254-thread-1] INFO  server.RaftServerConfigKeys (ConfUtils.java:logGet(43)) - raft.server.log.queue.byte-limit = 2147483647 (custom)
2019-09-04 09:32:17,914 [pool-254-thread-1] INFO  server.RaftServerConfigKeys (ConfUtils.java:logGet(43)) - raft.server.log.queue.element-limit = 1024 (custom)
2019-09-04 09:32:17,914 [pool-254-thread-1] INFO  server.RaftServerConfigKeys (ConfUtils.java:logGet(43)) - raft.server.log.segment.size.max = 1048576 (custom)
2019-09-04 09:32:17,915 [pool-254-thread-1] INFO  server.RaftServerConfigKeys (ConfUtils.java:logGet(43)) - raft.server.log.preallocated.size = 16384 (custom)
2019-09-04 09:32:17,915 [pool-254-thread-1] INFO  server.RaftServerConfigKeys (ConfUtils.java:logGet(43)) - raft.server.log.write.buffer.size = 33554432 (custom)
2019-09-04 09:32:17,915 [pool-254-thread-1] INFO  server.RaftServerConfigKeys (ConfUtils.java:logGet(43)) - raft.server.log.force.sync.num = 128 (default)
2019-09-04 09:32:17,915 [pool-254-thread-1] INFO  server.RaftServerConfigKeys (ConfUtils.java:logGet(43)) - raft.server.log.statemachine.data.sync = true (default)
2019-09-04 09:32:17,915 [pool-254-thread-1] INFO  server.RaftServerConfigKeys (ConfUtils.java:logGet(43)) - raft.server.log.statemachine.data.sync.timeout = 10s (default)
2019-09-04 09:32:17,915 [pool-254-thread-1] INFO  server.RaftServerConfigKeys (ConfUtils.java:logGet(43)) - raft.server.log.statemachine.data.sync.timeout.retry = -1 (default)
2019-09-04 09:32:17,916 [pool-254-thread-1] INFO  server.RaftServerConfigKeys (ConfUtils.java:logGet(43)) - raft.server.log.statemachine.data.caching.enabled = true (custom)
2019-09-04 09:32:17,916 [pool-254-thread-1] INFO  segmented.SegmentedRaftLogWorker (SegmentedRaftLogWorker.java:lambda$new$0(132)) - fee90ff4-ae5b-4370-9a2e-b45e68f319a2-SegmentedRaftLogWorker:Storage Directory /workdir/hadoop-ozone/integration-test/target/test-dir/MiniOzoneClusterImpl-597fad41-898a-4cf4-b6ed-aa234846bbff/datanode-3/data/ratis/89ab6da7-46b4-4c16-ac36-b1cee9d27bd6: flushIndex: setUnconditionally 0 -> -1
2019-09-04 09:32:17,916 [pool-254-thread-1] INFO  server.RaftServerConfigKeys (ConfUtils.java:logGet(43)) - raft.server.snapshot.auto.trigger.enabled = true (custom)
2019-09-04 09:32:17,916 [pool-254-thread-1] INFO  server.RaftServerConfigKeys (ConfUtils.java:logGet(43)) - raft.server.snapshot.auto.trigger.threshold = 10000 (custom)
2019-09-04 09:32:17,917 [pool-254-thread-1] INFO  server.RaftServerConfigKeys (ConfUtils.java:logGet(43)) - raft.server.retrycache.expirytime = 600000ms (custom)
2019-09-04 09:32:17,917 [pool-254-thread-1] INFO  impl.RaftServerImpl (RaftServerImpl.java:start(180)) - fee90ff4-ae5b-4370-9a2e-b45e68f319a2: start group-B1CEE9D27BD6
2019-09-04 09:32:17,917 [pool-254-thread-1] INFO  impl.RaftServerImpl (RaftServerImpl.java:setRole(171)) - fee90ff4-ae5b-4370-9a2e-b45e68f319a2:group-B1CEE9D27BD6 changes role from null to FOLLOWER at term 0 for startAsFollower
2019-09-04 09:32:17,917 [pool-254-thread-1] INFO  impl.RoleInfo (RoleInfo.java:updateAndGet(143)) - fee90ff4-ae5b-4370-9a2e-b45e68f319a2: start FollowerState
2019-09-04 09:32:17,917 [pool-254-thread-1] INFO  util.JmxRegister (JmxRegister.java:tryRegister(44)) - Successfully registered JMX Bean with object name Ratis:service=RaftServer,group=group-B1CEE9D27BD6,id=fee90ff4-ae5b-4370-9a2e-b45e68f319a2
2019-09-04 09:32:17,920 [RatisPipelineUtilsThread] INFO  pipeline.PipelineStateManager (PipelineStateManager.java:addPipeline(56)) - Created pipeline Pipeline[ Id: 89ab6da7-46b4-4c16-ac36-b1cee9d27bd6, Nodes: fee90ff4-ae5b-4370-9a2e-b45e68f319a2{ip: 192.168.69.104, host: pr-hdds-1569-dvkr5-2373193410, networkLocation: /default-rack, certSerialId: null}, Type:RATIS, Factor:ONE, State:OPEN]
2019-09-04 09:32:18,113 [IPC Server handler 19 on 43990] INFO  net.NetworkTopology (NetworkTopologyImpl.java:add(110)) - Added a new node: /default-rack/6a110688-e427-4f01-a5b6-cceebbdad1ed
2019-09-04 09:32:18,114 [IPC Server handler 19 on 43990] INFO  node.SCMNodeManager (SCMNodeManager.java:register(273)) - Registered Data node : 6a110688-e427-4f01-a5b6-cceebbdad1ed{ip: 192.168.69.104, host: pr-hdds-1569-dvkr5-2373193410, networkLocation: /default-rack, certSerialId: null}
2019-09-04 09:32:18,114 | INFO  | SCMAudit | user=jenkins1000 | ip=192.168.69.104 | op=REGISTER {datanodeDetails=6a110688-e427-4f01-a5b6-cceebbdad1ed{ip: 192.168.69.104, host: pr-hdds-1569-dvkr5-2373193410, networkLocation: /default-rack, certSerialId: null}} | ret=SUCCESS |  
2019-09-04 09:32:18,125 [grpc-default-executor-5] INFO  impl.RaftServerProxy (RaftServerProxy.java:addNew(89)) - 6a110688-e427-4f01-a5b6-cceebbdad1ed: addNew group-9ADDCCAB9EBE:[6a110688-e427-4f01-a5b6-cceebbdad1ed:192.168.69.104:44028] returns group-9ADDCCAB9EBE:java.util.concurrent.CompletableFuture@2c620c56[Not completed]
2019-09-04 09:32:18,127 [pool-265-thread-1] INFO  impl.RaftServerImpl (RaftServerImpl.java:<init>(93)) - 6a110688-e427-4f01-a5b6-cceebbdad1ed: new RaftServerImpl for group-9ADDCCAB9EBE:[6a110688-e427-4f01-a5b6-cceebbdad1ed:192.168.69.104:44028] with ContainerStateMachine:uninitialized
2019-09-04 09:32:18,127 [pool-265-thread-1] INFO  server.RaftServerConfigKeys (ConfUtils.java:logGet(43)) - raft.server.rpc.timeout.min = 5s (custom)
2019-09-04 09:32:18,127 [pool-265-thread-1] INFO  server.RaftServerConfigKeys (ConfUtils.java:logGet(43)) - raft.server.rpc.timeout.max = 5200ms (custom)
2019-09-04 09:32:18,127 [pool-265-thread-1] INFO  server.RaftServerConfigKeys (ConfUtils.java:logGet(43)) - raft.server.rpcslowness.timeout = 120s (custom)
2019-09-04 09:32:18,127 [pool-265-thread-1] INFO  server.RaftServerConfigKeys (ConfUtils.java:logGet(43)) - raft.server.sleep.deviation.threshold = 300 (default)
2019-09-04 09:32:18,127 [pool-265-thread-1] INFO  server.RaftServerConfigKeys (ConfUtils.java:logGet(43)) - raft.server.log.appender.install.snapshot.enabled = false (custom)
2019-09-04 09:32:18,128 [pool-265-thread-1] INFO  impl.RaftServerImpl (ServerState.java:<init>(105)) - 6a110688-e427-4f01-a5b6-cceebbdad1ed:group-9ADDCCAB9EBE ConfigurationManager, init=-1: [6a110688-e427-4f01-a5b6-cceebbdad1ed:192.168.69.104:44028], old=null, confs=<EMPTY_MAP>
2019-09-04 09:32:18,128 [pool-265-thread-1] INFO  server.RaftServerConfigKeys (ConfUtils.java:logGet(43)) - raft.server.storage.dir = [/workdir/hadoop-ozone/integration-test/target/test-dir/MiniOzoneClusterImpl-597fad41-898a-4cf4-b6ed-aa234846bbff/datanode-4/data/ratis] (custom)
2019-09-04 09:32:18,128 [pool-265-thread-1] INFO  storage.RaftStorageDirectory (RaftStorageDirectory.java:analyzeStorage(246)) - The storage directory /workdir/hadoop-ozone/integration-test/target/test-dir/MiniOzoneClusterImpl-597fad41-898a-4cf4-b6ed-aa234846bbff/datanode-4/data/ratis/b8521cc3-2762-47ef-a59f-9addccab9ebe does not exist. Creating ...
2019-09-04 09:32:18,149 [pool-265-thread-1] INFO  storage.RaftStorageDirectory (RaftStorageDirectory.java:tryLock(328)) - Lock on /workdir/hadoop-ozone/integration-test/target/test-dir/MiniOzoneClusterImpl-597fad41-898a-4cf4-b6ed-aa234846bbff/datanode-4/data/ratis/b8521cc3-2762-47ef-a59f-9addccab9ebe/in_use.lock acquired by nodename 26477@pr-hdds-1569-dvkr5-2373193410
2019-09-04 09:32:18,158 [pool-265-thread-1] INFO  storage.RaftStorage (RaftStorage.java:format(72)) - Storage directory /workdir/hadoop-ozone/integration-test/target/test-dir/MiniOzoneClusterImpl-597fad41-898a-4cf4-b6ed-aa234846bbff/datanode-4/data/ratis/b8521cc3-2762-47ef-a59f-9addccab9ebe has been successfully formatted.
2019-09-04 09:32:18,158 [pool-265-thread-1] INFO  ratis.ContainerStateMachine (ContainerStateMachine.java:loadSnapshot(226)) - group-9ADDCCAB9EBE: The snapshot info is null. Setting the last applied indexto:(t:0, i:~)
2019-09-04 09:32:18,159 [pool-265-thread-1] INFO  server.RaftServerConfigKeys (ConfUtils.java:logGet(43)) - raft.server.leader.election.timeout = 120s (custom)
2019-09-04 09:32:18,159 [pool-265-thread-1] INFO  server.RaftServerConfigKeys (ConfUtils.java:logGet(43)) - raft.server.log.use.memory = false (default)
2019-09-04 09:32:18,159 [pool-265-thread-1] INFO  server.RaftServerConfigKeys (ConfUtils.java:logGet(43)) - raft.server.log.purge.gap = 1000000 (custom)
2019-09-04 09:32:18,159 [pool-265-thread-1] INFO  server.RaftServerConfigKeys (ConfUtils.java:logGet(43)) - raft.server.log.appender.buffer.byte-limit = 33554432 (custom)
2019-09-04 09:32:18,159 [pool-265-thread-1] INFO  server.RaftServerConfigKeys (ConfUtils.java:logGet(43)) - raft.server.log.segment.size.max = 1048576 (custom)
2019-09-04 09:32:18,159 [pool-265-thread-1] INFO  server.RaftServerConfigKeys (ConfUtils.java:logGet(43)) - raft.server.log.segment.cache.num.max = 2 (custom)
2019-09-04 09:32:18,160 [pool-265-thread-1] INFO  segmented.SegmentedRaftLogWorker (SegmentedRaftLogWorker.java:<init>(172)) - new 6a110688-e427-4f01-a5b6-cceebbdad1ed-SegmentedRaftLogWorker:Storage Directory /workdir/hadoop-ozone/integration-test/target/test-dir/MiniOzoneClusterImpl-597fad41-898a-4cf4-b6ed-aa234846bbff/datanode-4/data/ratis/b8521cc3-2762-47ef-a59f-9addccab9ebe for RaftStorage:Storage Directory /workdir/hadoop-ozone/integration-test/target/test-dir/MiniOzoneClusterImpl-597fad41-898a-4cf4-b6ed-aa234846bbff/datanode-4/data/ratis/b8521cc3-2762-47ef-a59f-9addccab9ebe
2019-09-04 09:32:18,160 [pool-265-thread-1] INFO  server.RaftServerConfigKeys (ConfUtils.java:logGet(43)) - raft.server.log.queue.byte-limit = 2147483647 (custom)
2019-09-04 09:32:18,160 [pool-265-thread-1] INFO  server.RaftServerConfigKeys (ConfUtils.java:logGet(43)) - raft.server.log.queue.element-limit = 1024 (custom)
2019-09-04 09:32:18,160 [pool-265-thread-1] INFO  server.RaftServerConfigKeys (ConfUtils.java:logGet(43)) - raft.server.log.segment.size.max = 1048576 (custom)
2019-09-04 09:32:18,161 [pool-265-thread-1] INFO  server.RaftServerConfigKeys (ConfUtils.java:logGet(43)) - raft.server.log.preallocated.size = 16384 (custom)
2019-09-04 09:32:18,161 [pool-265-thread-1] INFO  server.RaftServerConfigKeys (ConfUtils.java:logGet(43)) - raft.server.log.write.buffer.size = 33554432 (custom)
2019-09-04 09:32:18,161 [pool-265-thread-1] INFO  server.RaftServerConfigKeys (ConfUtils.java:logGet(43)) - raft.server.log.force.sync.num = 128 (default)
2019-09-04 09:32:18,161 [pool-265-thread-1] INFO  server.RaftServerConfigKeys (ConfUtils.java:logGet(43)) - raft.server.log.statemachine.data.sync = true (default)
2019-09-04 09:32:18,161 [pool-265-thread-1] INFO  server.RaftServerConfigKeys (ConfUtils.java:logGet(43)) - raft.server.log.statemachine.data.sync.timeout = 10s (default)
2019-09-04 09:32:18,161 [pool-265-thread-1] INFO  server.RaftServerConfigKeys (ConfUtils.java:logGet(43)) - raft.server.log.statemachine.data.sync.timeout.retry = -1 (default)
2019-09-04 09:32:18,162 [pool-265-thread-1] INFO  server.RaftServerConfigKeys (ConfUtils.java:logGet(43)) - raft.server.log.statemachine.data.caching.enabled = true (custom)
2019-09-04 09:32:18,162 [pool-265-thread-1] INFO  segmented.SegmentedRaftLogWorker (SegmentedRaftLogWorker.java:lambda$new$0(132)) - 6a110688-e427-4f01-a5b6-cceebbdad1ed-SegmentedRaftLogWorker:Storage Directory /workdir/hadoop-ozone/integration-test/target/test-dir/MiniOzoneClusterImpl-597fad41-898a-4cf4-b6ed-aa234846bbff/datanode-4/data/ratis/b8521cc3-2762-47ef-a59f-9addccab9ebe: flushIndex: setUnconditionally 0 -> -1
2019-09-04 09:32:18,162 [pool-265-thread-1] INFO  server.RaftServerConfigKeys (ConfUtils.java:logGet(43)) - raft.server.snapshot.auto.trigger.enabled = true (custom)
2019-09-04 09:32:18,162 [pool-265-thread-1] INFO  server.RaftServerConfigKeys (ConfUtils.java:logGet(43)) - raft.server.snapshot.auto.trigger.threshold = 10000 (custom)
2019-09-04 09:32:18,163 [pool-265-thread-1] INFO  server.RaftServerConfigKeys (ConfUtils.java:logGet(43)) - raft.server.retrycache.expirytime = 600000ms (custom)
2019-09-04 09:32:18,163 [pool-265-thread-1] INFO  impl.RaftServerImpl (RaftServerImpl.java:start(180)) - 6a110688-e427-4f01-a5b6-cceebbdad1ed: start group-9ADDCCAB9EBE
2019-09-04 09:32:18,163 [pool-265-thread-1] INFO  impl.RaftServerImpl (RaftServerImpl.java:setRole(171)) - 6a110688-e427-4f01-a5b6-cceebbdad1ed:group-9ADDCCAB9EBE changes role from null to FOLLOWER at term 0 for startAsFollower
2019-09-04 09:32:18,163 [pool-265-thread-1] INFO  impl.RoleInfo (RoleInfo.java:updateAndGet(143)) - 6a110688-e427-4f01-a5b6-cceebbdad1ed: start FollowerState
2019-09-04 09:32:18,163 [pool-265-thread-1] INFO  util.JmxRegister (JmxRegister.java:tryRegister(44)) - Successfully registered JMX Bean with object name Ratis:service=RaftServer,group=group-9ADDCCAB9EBE,id=6a110688-e427-4f01-a5b6-cceebbdad1ed
2019-09-04 09:32:18,166 [RatisPipelineUtilsThread] INFO  pipeline.PipelineStateManager (PipelineStateManager.java:addPipeline(56)) - Created pipeline Pipeline[ Id: b8521cc3-2762-47ef-a59f-9addccab9ebe, Nodes: 6a110688-e427-4f01-a5b6-cceebbdad1ed{ip: 192.168.69.104, host: pr-hdds-1569-dvkr5-2373193410, networkLocation: /default-rack, certSerialId: null}, Type:RATIS, Factor:ONE, State:OPEN]
2019-09-04 09:32:18,309 [IPC Server handler 2 on 43990] INFO  net.NetworkTopology (NetworkTopologyImpl.java:add(110)) - Added a new node: /default-rack/e937a017-3f4f-4695-ad6d-cb2753d2b845
2019-09-04 09:32:18,309 [IPC Server handler 2 on 43990] INFO  node.SCMNodeManager (SCMNodeManager.java:register(273)) - Registered Data node : e937a017-3f4f-4695-ad6d-cb2753d2b845{ip: 192.168.69.104, host: pr-hdds-1569-dvkr5-2373193410, networkLocation: /default-rack, certSerialId: null}
2019-09-04 09:32:18,310 | INFO  | SCMAudit | user=jenkins1000 | ip=192.168.69.104 | op=REGISTER {datanodeDetails=e937a017-3f4f-4695-ad6d-cb2753d2b845{ip: 192.168.69.104, host: pr-hdds-1569-dvkr5-2373193410, networkLocation: /default-rack, certSerialId: null}} | ret=SUCCESS |  
2019-09-04 09:32:18,327 [grpc-default-executor-5] INFO  impl.RaftServerProxy (RaftServerProxy.java:addNew(89)) - e937a017-3f4f-4695-ad6d-cb2753d2b845: addNew group-9C697A2BEE24:[e937a017-3f4f-4695-ad6d-cb2753d2b845:192.168.69.104:37280] returns group-9C697A2BEE24:java.util.concurrent.CompletableFuture@28bcd855[Not completed]
2019-09-04 09:32:18,328 [pool-276-thread-1] INFO  impl.RaftServerImpl (RaftServerImpl.java:<init>(93)) - e937a017-3f4f-4695-ad6d-cb2753d2b845: new RaftServerImpl for group-9C697A2BEE24:[e937a017-3f4f-4695-ad6d-cb2753d2b845:192.168.69.104:37280] with ContainerStateMachine:uninitialized
2019-09-04 09:32:18,328 [pool-276-thread-1] INFO  server.RaftServerConfigKeys (ConfUtils.java:logGet(43)) - raft.server.rpc.timeout.min = 5s (custom)
2019-09-04 09:32:18,328 [pool-276-thread-1] INFO  server.RaftServerConfigKeys (ConfUtils.java:logGet(43)) - raft.server.rpc.timeout.max = 5200ms (custom)
2019-09-04 09:32:18,329 [pool-276-thread-1] INFO  server.RaftServerConfigKeys (ConfUtils.java:logGet(43)) - raft.server.rpcslowness.timeout = 120s (custom)
2019-09-04 09:32:18,329 [pool-276-thread-1] INFO  server.RaftServerConfigKeys (ConfUtils.java:logGet(43)) - raft.server.sleep.deviation.threshold = 300 (default)
2019-09-04 09:32:18,329 [pool-276-thread-1] INFO  server.RaftServerConfigKeys (ConfUtils.java:logGet(43)) - raft.server.log.appender.install.snapshot.enabled = false (custom)
2019-09-04 09:32:18,329 [pool-276-thread-1] INFO  impl.RaftServerImpl (ServerState.java:<init>(105)) - e937a017-3f4f-4695-ad6d-cb2753d2b845:group-9C697A2BEE24 ConfigurationManager, init=-1: [e937a017-3f4f-4695-ad6d-cb2753d2b845:192.168.69.104:37280], old=null, confs=<EMPTY_MAP>
2019-09-04 09:32:18,329 [pool-276-thread-1] INFO  server.RaftServerConfigKeys (ConfUtils.java:logGet(43)) - raft.server.storage.dir = [/workdir/hadoop-ozone/integration-test/target/test-dir/MiniOzoneClusterImpl-597fad41-898a-4cf4-b6ed-aa234846bbff/datanode-5/data/ratis] (custom)
2019-09-04 09:32:18,329 [pool-276-thread-1] INFO  storage.RaftStorageDirectory (RaftStorageDirectory.java:analyzeStorage(246)) - The storage directory /workdir/hadoop-ozone/integration-test/target/test-dir/MiniOzoneClusterImpl-597fad41-898a-4cf4-b6ed-aa234846bbff/datanode-5/data/ratis/dbcdfc46-938c-4173-8c20-9c697a2bee24 does not exist. Creating ...
2019-09-04 09:32:18,349 [pool-276-thread-1] INFO  storage.RaftStorageDirectory (RaftStorageDirectory.java:tryLock(328)) - Lock on /workdir/hadoop-ozone/integration-test/target/test-dir/MiniOzoneClusterImpl-597fad41-898a-4cf4-b6ed-aa234846bbff/datanode-5/data/ratis/dbcdfc46-938c-4173-8c20-9c697a2bee24/in_use.lock acquired by nodename 26477@pr-hdds-1569-dvkr5-2373193410
2019-09-04 09:32:18,367 [pool-276-thread-1] INFO  storage.RaftStorage (RaftStorage.java:format(72)) - Storage directory /workdir/hadoop-ozone/integration-test/target/test-dir/MiniOzoneClusterImpl-597fad41-898a-4cf4-b6ed-aa234846bbff/datanode-5/data/ratis/dbcdfc46-938c-4173-8c20-9c697a2bee24 has been successfully formatted.
2019-09-04 09:32:18,367 [pool-276-thread-1] INFO  ratis.ContainerStateMachine (ContainerStateMachine.java:loadSnapshot(226)) - group-9C697A2BEE24: The snapshot info is null. Setting the last applied indexto:(t:0, i:~)
2019-09-04 09:32:18,367 [pool-276-thread-1] INFO  server.RaftServerConfigKeys (ConfUtils.java:logGet(43)) - raft.server.leader.election.timeout = 120s (custom)
2019-09-04 09:32:18,367 [pool-276-thread-1] INFO  server.RaftServerConfigKeys (ConfUtils.java:logGet(43)) - raft.server.log.use.memory = false (default)
2019-09-04 09:32:18,368 [pool-276-thread-1] INFO  server.RaftServerConfigKeys (ConfUtils.java:logGet(43)) - raft.server.log.purge.gap = 1000000 (custom)
2019-09-04 09:32:18,368 [pool-276-thread-1] INFO  server.RaftServerConfigKeys (ConfUtils.java:logGet(43)) - raft.server.log.appender.buffer.byte-limit = 33554432 (custom)
2019-09-04 09:32:18,368 [pool-276-thread-1] INFO  server.RaftServerConfigKeys (ConfUtils.java:logGet(43)) - raft.server.log.segment.size.max = 1048576 (custom)
2019-09-04 09:32:18,368 [pool-276-thread-1] INFO  server.RaftServerConfigKeys (ConfUtils.java:logGet(43)) - raft.server.log.segment.cache.num.max = 2 (custom)
2019-09-04 09:32:18,368 [pool-276-thread-1] INFO  segmented.SegmentedRaftLogWorker (SegmentedRaftLogWorker.java:<init>(172)) - new e937a017-3f4f-4695-ad6d-cb2753d2b845-SegmentedRaftLogWorker:Storage Directory /workdir/hadoop-ozone/integration-test/target/test-dir/MiniOzoneClusterImpl-597fad41-898a-4cf4-b6ed-aa234846bbff/datanode-5/data/ratis/dbcdfc46-938c-4173-8c20-9c697a2bee24 for RaftStorage:Storage Directory /workdir/hadoop-ozone/integration-test/target/test-dir/MiniOzoneClusterImpl-597fad41-898a-4cf4-b6ed-aa234846bbff/datanode-5/data/ratis/dbcdfc46-938c-4173-8c20-9c697a2bee24
2019-09-04 09:32:18,368 [pool-276-thread-1] INFO  server.RaftServerConfigKeys (ConfUtils.java:logGet(43)) - raft.server.log.queue.byte-limit = 2147483647 (custom)
2019-09-04 09:32:18,369 [pool-276-thread-1] INFO  server.RaftServerConfigKeys (ConfUtils.java:logGet(43)) - raft.server.log.queue.element-limit = 1024 (custom)
2019-09-04 09:32:18,369 [pool-276-thread-1] INFO  server.RaftServerConfigKeys (ConfUtils.java:logGet(43)) - raft.server.log.segment.size.max = 1048576 (custom)
2019-09-04 09:32:18,369 [pool-276-thread-1] INFO  server.RaftServerConfigKeys (ConfUtils.java:logGet(43)) - raft.server.log.preallocated.size = 16384 (custom)
2019-09-04 09:32:18,369 [pool-276-thread-1] INFO  server.RaftServerConfigKeys (ConfUtils.java:logGet(43)) - raft.server.log.write.buffer.size = 33554432 (custom)
2019-09-04 09:32:18,369 [pool-276-thread-1] INFO  server.RaftServerConfigKeys (ConfUtils.java:logGet(43)) - raft.server.log.force.sync.num = 128 (default)
2019-09-04 09:32:18,370 [pool-276-thread-1] INFO  server.RaftServerConfigKeys (ConfUtils.java:logGet(43)) - raft.server.log.statemachine.data.sync = true (default)
2019-09-04 09:32:18,370 [pool-276-thread-1] INFO  server.RaftServerConfigKeys (ConfUtils.java:logGet(43)) - raft.server.log.statemachine.data.sync.timeout = 10s (default)
2019-09-04 09:32:18,370 [pool-276-thread-1] INFO  server.RaftServerConfigKeys (ConfUtils.java:logGet(43)) - raft.server.log.statemachine.data.sync.timeout.retry = -1 (default)
2019-09-04 09:32:18,370 [pool-276-thread-1] INFO  server.RaftServerConfigKeys (ConfUtils.java:logGet(43)) - raft.server.log.statemachine.data.caching.enabled = true (custom)
2019-09-04 09:32:18,371 [pool-276-thread-1] INFO  segmented.SegmentedRaftLogWorker (SegmentedRaftLogWorker.java:lambda$new$0(132)) - e937a017-3f4f-4695-ad6d-cb2753d2b845-SegmentedRaftLogWorker:Storage Directory /workdir/hadoop-ozone/integration-test/target/test-dir/MiniOzoneClusterImpl-597fad41-898a-4cf4-b6ed-aa234846bbff/datanode-5/data/ratis/dbcdfc46-938c-4173-8c20-9c697a2bee24: flushIndex: setUnconditionally 0 -> -1
2019-09-04 09:32:18,371 [pool-276-thread-1] INFO  server.RaftServerConfigKeys (ConfUtils.java:logGet(43)) - raft.server.snapshot.auto.trigger.enabled = true (custom)
2019-09-04 09:32:18,371 [pool-276-thread-1] INFO  server.RaftServerConfigKeys (ConfUtils.java:logGet(43)) - raft.server.snapshot.auto.trigger.threshold = 10000 (custom)
2019-09-04 09:32:18,371 [pool-276-thread-1] INFO  server.RaftServerConfigKeys (ConfUtils.java:logGet(43)) - raft.server.retrycache.expirytime = 600000ms (custom)
2019-09-04 09:32:18,371 [pool-276-thread-1] INFO  impl.RaftServerImpl (RaftServerImpl.java:start(180)) - e937a017-3f4f-4695-ad6d-cb2753d2b845: start group-9C697A2BEE24
2019-09-04 09:32:18,372 [pool-276-thread-1] INFO  impl.RaftServerImpl (RaftServerImpl.java:setRole(171)) - e937a017-3f4f-4695-ad6d-cb2753d2b845:group-9C697A2BEE24 changes role from null to FOLLOWER at term 0 for startAsFollower
2019-09-04 09:32:18,372 [pool-276-thread-1] INFO  impl.RoleInfo (RoleInfo.java:updateAndGet(143)) - e937a017-3f4f-4695-ad6d-cb2753d2b845: start FollowerState
2019-09-04 09:32:18,372 [pool-276-thread-1] INFO  util.JmxRegister (JmxRegister.java:tryRegister(44)) - Successfully registered JMX Bean with object name Ratis:service=RaftServer,group=group-9C697A2BEE24,id=e937a017-3f4f-4695-ad6d-cb2753d2b845
2019-09-04 09:32:18,375 [RatisPipelineUtilsThread] INFO  pipeline.PipelineStateManager (PipelineStateManager.java:addPipeline(56)) - Created pipeline Pipeline[ Id: dbcdfc46-938c-4173-8c20-9c697a2bee24, Nodes: e937a017-3f4f-4695-ad6d-cb2753d2b845{ip: 192.168.69.104, host: pr-hdds-1569-dvkr5-2373193410, networkLocation: /default-rack, certSerialId: null}, Type:RATIS, Factor:ONE, State:OPEN]
2019-09-04 09:32:18,408 [grpc-default-executor-4] INFO  impl.RaftServerProxy (RaftServerProxy.java:addNew(89)) - e937a017-3f4f-4695-ad6d-cb2753d2b845: addNew group-D3EB19309BB2:[e937a017-3f4f-4695-ad6d-cb2753d2b845:192.168.69.104:37280, 6a110688-e427-4f01-a5b6-cceebbdad1ed:192.168.69.104:44028, fee90ff4-ae5b-4370-9a2e-b45e68f319a2:192.168.69.104:36774] returns group-D3EB19309BB2:java.util.concurrent.CompletableFuture@5a6bbe34[Not completed]
2019-09-04 09:32:18,408 [grpc-default-executor-1] INFO  impl.RaftServerProxy (RaftServerProxy.java:addNew(89)) - fee90ff4-ae5b-4370-9a2e-b45e68f319a2: addNew group-D3EB19309BB2:[e937a017-3f4f-4695-ad6d-cb2753d2b845:192.168.69.104:37280, 6a110688-e427-4f01-a5b6-cceebbdad1ed:192.168.69.104:44028, fee90ff4-ae5b-4370-9a2e-b45e68f319a2:192.168.69.104:36774] returns group-D3EB19309BB2:java.util.concurrent.CompletableFuture@7aa8011[Not completed]
2019-09-04 09:32:18,408 [grpc-default-executor-5] INFO  impl.RaftServerProxy (RaftServerProxy.java:addNew(89)) - 6a110688-e427-4f01-a5b6-cceebbdad1ed: addNew group-D3EB19309BB2:[e937a017-3f4f-4695-ad6d-cb2753d2b845:192.168.69.104:37280, 6a110688-e427-4f01-a5b6-cceebbdad1ed:192.168.69.104:44028, fee90ff4-ae5b-4370-9a2e-b45e68f319a2:192.168.69.104:36774] returns group-D3EB19309BB2:java.util.concurrent.CompletableFuture@72581cc[Not completed]
2019-09-04 09:32:18,410 [pool-265-thread-1] INFO  impl.RaftServerImpl (RaftServerImpl.java:<init>(93)) - 6a110688-e427-4f01-a5b6-cceebbdad1ed: new RaftServerImpl for group-D3EB19309BB2:[e937a017-3f4f-4695-ad6d-cb2753d2b845:192.168.69.104:37280, 6a110688-e427-4f01-a5b6-cceebbdad1ed:192.168.69.104:44028, fee90ff4-ae5b-4370-9a2e-b45e68f319a2:192.168.69.104:36774] with ContainerStateMachine:uninitialized
2019-09-04 09:32:18,410 [pool-265-thread-1] INFO  server.RaftServerConfigKeys (ConfUtils.java:logGet(43)) - raft.server.rpc.timeout.min = 5s (custom)
2019-09-04 09:32:18,410 [pool-265-thread-1] INFO  server.RaftServerConfigKeys (ConfUtils.java:logGet(43)) - raft.server.rpc.timeout.max = 5200ms (custom)
2019-09-04 09:32:18,410 [pool-265-thread-1] INFO  server.RaftServerConfigKeys (ConfUtils.java:logGet(43)) - raft.server.rpcslowness.timeout = 120s (custom)
2019-09-04 09:32:18,410 [pool-265-thread-1] INFO  server.RaftServerConfigKeys (ConfUtils.java:logGet(43)) - raft.server.sleep.deviation.threshold = 300 (default)
2019-09-04 09:32:18,410 [pool-265-thread-1] INFO  server.RaftServerConfigKeys (ConfUtils.java:logGet(43)) - raft.server.log.appender.install.snapshot.enabled = false (custom)
2019-09-04 09:32:18,410 [pool-265-thread-1] INFO  impl.RaftServerImpl (ServerState.java:<init>(105)) - 6a110688-e427-4f01-a5b6-cceebbdad1ed:group-D3EB19309BB2 ConfigurationManager, init=-1: [e937a017-3f4f-4695-ad6d-cb2753d2b845:192.168.69.104:37280, 6a110688-e427-4f01-a5b6-cceebbdad1ed:192.168.69.104:44028, fee90ff4-ae5b-4370-9a2e-b45e68f319a2:192.168.69.104:36774], old=null, confs=<EMPTY_MAP>
2019-09-04 09:32:18,411 [pool-254-thread-1] INFO  impl.RaftServerImpl (RaftServerImpl.java:<init>(93)) - fee90ff4-ae5b-4370-9a2e-b45e68f319a2: new RaftServerImpl for group-D3EB19309BB2:[e937a017-3f4f-4695-ad6d-cb2753d2b845:192.168.69.104:37280, 6a110688-e427-4f01-a5b6-cceebbdad1ed:192.168.69.104:44028, fee90ff4-ae5b-4370-9a2e-b45e68f319a2:192.168.69.104:36774] with ContainerStateMachine:uninitialized
2019-09-04 09:32:18,411 [pool-265-thread-1] INFO  server.RaftServerConfigKeys (ConfUtils.java:logGet(43)) - raft.server.storage.dir = [/workdir/hadoop-ozone/integration-test/target/test-dir/MiniOzoneClusterImpl-597fad41-898a-4cf4-b6ed-aa234846bbff/datanode-4/data/ratis] (custom)
2019-09-04 09:32:18,411 [pool-254-thread-1] INFO  server.RaftServerConfigKeys (ConfUtils.java:logGet(43)) - raft.server.rpc.timeout.min = 5s (custom)
2019-09-04 09:32:18,411 [pool-254-thread-1] INFO  server.RaftServerConfigKeys (ConfUtils.java:logGet(43)) - raft.server.rpc.timeout.max = 5200ms (custom)
2019-09-04 09:32:18,411 [pool-265-thread-1] INFO  storage.RaftStorageDirectory (RaftStorageDirectory.java:analyzeStorage(246)) - The storage directory /workdir/hadoop-ozone/integration-test/target/test-dir/MiniOzoneClusterImpl-597fad41-898a-4cf4-b6ed-aa234846bbff/datanode-4/data/ratis/90c0fd6a-129d-46e3-a832-d3eb19309bb2 does not exist. Creating ...
2019-09-04 09:32:18,411 [pool-276-thread-1] INFO  impl.RaftServerImpl (RaftServerImpl.java:<init>(93)) - e937a017-3f4f-4695-ad6d-cb2753d2b845: new RaftServerImpl for group-D3EB19309BB2:[e937a017-3f4f-4695-ad6d-cb2753d2b845:192.168.69.104:37280, 6a110688-e427-4f01-a5b6-cceebbdad1ed:192.168.69.104:44028, fee90ff4-ae5b-4370-9a2e-b45e68f319a2:192.168.69.104:36774] with ContainerStateMachine:uninitialized
2019-09-04 09:32:18,411 [pool-254-thread-1] INFO  server.RaftServerConfigKeys (ConfUtils.java:logGet(43)) - raft.server.rpcslowness.timeout = 120s (custom)
2019-09-04 09:32:18,412 [pool-276-thread-1] INFO  server.RaftServerConfigKeys (ConfUtils.java:logGet(43)) - raft.server.rpc.timeout.min = 5s (custom)
2019-09-04 09:32:18,412 [pool-254-thread-1] INFO  server.RaftServerConfigKeys (ConfUtils.java:logGet(43)) - raft.server.sleep.deviation.threshold = 300 (default)
2019-09-04 09:32:18,412 [pool-276-thread-1] INFO  server.RaftServerConfigKeys (ConfUtils.java:logGet(43)) - raft.server.rpc.timeout.max = 5200ms (custom)
2019-09-04 09:32:18,412 [pool-254-thread-1] INFO  server.RaftServerConfigKeys (ConfUtils.java:logGet(43)) - raft.server.log.appender.install.snapshot.enabled = false (custom)
2019-09-04 09:32:18,412 [pool-276-thread-1] INFO  server.RaftServerConfigKeys (ConfUtils.java:logGet(43)) - raft.server.rpcslowness.timeout = 120s (custom)
2019-09-04 09:32:18,412 [pool-254-thread-1] INFO  impl.RaftServerImpl (ServerState.java:<init>(105)) - fee90ff4-ae5b-4370-9a2e-b45e68f319a2:group-D3EB19309BB2 ConfigurationManager, init=-1: [e937a017-3f4f-4695-ad6d-cb2753d2b845:192.168.69.104:37280, 6a110688-e427-4f01-a5b6-cceebbdad1ed:192.168.69.104:44028, fee90ff4-ae5b-4370-9a2e-b45e68f319a2:192.168.69.104:36774], old=null, confs=<EMPTY_MAP>
2019-09-04 09:32:18,412 [pool-276-thread-1] INFO  server.RaftServerConfigKeys (ConfUtils.java:logGet(43)) - raft.server.sleep.deviation.threshold = 300 (default)
2019-09-04 09:32:18,413 [pool-254-thread-1] INFO  server.RaftServerConfigKeys (ConfUtils.java:logGet(43)) - raft.server.storage.dir = [/workdir/hadoop-ozone/integration-test/target/test-dir/MiniOzoneClusterImpl-597fad41-898a-4cf4-b6ed-aa234846bbff/datanode-3/data/ratis] (custom)
2019-09-04 09:32:18,413 [pool-276-thread-1] INFO  server.RaftServerConfigKeys (ConfUtils.java:logGet(43)) - raft.server.log.appender.install.snapshot.enabled = false (custom)
2019-09-04 09:32:18,413 [pool-276-thread-1] INFO  impl.RaftServerImpl (ServerState.java:<init>(105)) - e937a017-3f4f-4695-ad6d-cb2753d2b845:group-D3EB19309BB2 ConfigurationManager, init=-1: [e937a017-3f4f-4695-ad6d-cb2753d2b845:192.168.69.104:37280, 6a110688-e427-4f01-a5b6-cceebbdad1ed:192.168.69.104:44028, fee90ff4-ae5b-4370-9a2e-b45e68f319a2:192.168.69.104:36774], old=null, confs=<EMPTY_MAP>
2019-09-04 09:32:18,413 [pool-254-thread-1] INFO  storage.RaftStorageDirectory (RaftStorageDirectory.java:analyzeStorage(246)) - The storage directory /workdir/hadoop-ozone/integration-test/target/test-dir/MiniOzoneClusterImpl-597fad41-898a-4cf4-b6ed-aa234846bbff/datanode-3/data/ratis/90c0fd6a-129d-46e3-a832-d3eb19309bb2 does not exist. Creating ...
2019-09-04 09:32:18,413 [pool-276-thread-1] INFO  server.RaftServerConfigKeys (ConfUtils.java:logGet(43)) - raft.server.storage.dir = [/workdir/hadoop-ozone/integration-test/target/test-dir/MiniOzoneClusterImpl-597fad41-898a-4cf4-b6ed-aa234846bbff/datanode-5/data/ratis] (custom)
2019-09-04 09:32:18,414 [pool-276-thread-1] INFO  storage.RaftStorageDirectory (RaftStorageDirectory.java:analyzeStorage(246)) - The storage directory /workdir/hadoop-ozone/integration-test/target/test-dir/MiniOzoneClusterImpl-597fad41-898a-4cf4-b6ed-aa234846bbff/datanode-5/data/ratis/90c0fd6a-129d-46e3-a832-d3eb19309bb2 does not exist. Creating ...
2019-09-04 09:32:18,431 [pool-276-thread-1] INFO  storage.RaftStorageDirectory (RaftStorageDirectory.java:tryLock(328)) - Lock on /workdir/hadoop-ozone/integration-test/target/test-dir/MiniOzoneClusterImpl-597fad41-898a-4cf4-b6ed-aa234846bbff/datanode-5/data/ratis/90c0fd6a-129d-46e3-a832-d3eb19309bb2/in_use.lock acquired by nodename 26477@pr-hdds-1569-dvkr5-2373193410
2019-09-04 09:32:18,431 [pool-254-thread-1] INFO  storage.RaftStorageDirectory (RaftStorageDirectory.java:tryLock(328)) - Lock on /workdir/hadoop-ozone/integration-test/target/test-dir/MiniOzoneClusterImpl-597fad41-898a-4cf4-b6ed-aa234846bbff/datanode-3/data/ratis/90c0fd6a-129d-46e3-a832-d3eb19309bb2/in_use.lock acquired by nodename 26477@pr-hdds-1569-dvkr5-2373193410
2019-09-04 09:32:18,431 [pool-265-thread-1] INFO  storage.RaftStorageDirectory (RaftStorageDirectory.java:tryLock(328)) - Lock on /workdir/hadoop-ozone/integration-test/target/test-dir/MiniOzoneClusterImpl-597fad41-898a-4cf4-b6ed-aa234846bbff/datanode-4/data/ratis/90c0fd6a-129d-46e3-a832-d3eb19309bb2/in_use.lock acquired by nodename 26477@pr-hdds-1569-dvkr5-2373193410
2019-09-04 09:32:18,473 [pool-265-thread-1] INFO  storage.RaftStorage (RaftStorage.java:format(72)) - Storage directory /workdir/hadoop-ozone/integration-test/target/test-dir/MiniOzoneClusterImpl-597fad41-898a-4cf4-b6ed-aa234846bbff/datanode-4/data/ratis/90c0fd6a-129d-46e3-a832-d3eb19309bb2 has been successfully formatted.
2019-09-04 09:32:18,473 [pool-276-thread-1] INFO  storage.RaftStorage (RaftStorage.java:format(72)) - Storage directory /workdir/hadoop-ozone/integration-test/target/test-dir/MiniOzoneClusterImpl-597fad41-898a-4cf4-b6ed-aa234846bbff/datanode-5/data/ratis/90c0fd6a-129d-46e3-a832-d3eb19309bb2 has been successfully formatted.
2019-09-04 09:32:18,473 [pool-254-thread-1] INFO  storage.RaftStorage (RaftStorage.java:format(72)) - Storage directory /workdir/hadoop-ozone/integration-test/target/test-dir/MiniOzoneClusterImpl-597fad41-898a-4cf4-b6ed-aa234846bbff/datanode-3/data/ratis/90c0fd6a-129d-46e3-a832-d3eb19309bb2 has been successfully formatted.
2019-09-04 09:32:18,473 [pool-276-thread-1] INFO  ratis.ContainerStateMachine (ContainerStateMachine.java:loadSnapshot(226)) - group-D3EB19309BB2: The snapshot info is null. Setting the last applied indexto:(t:0, i:~)
2019-09-04 09:32:18,473 [pool-254-thread-1] INFO  ratis.ContainerStateMachine (ContainerStateMachine.java:loadSnapshot(226)) - group-D3EB19309BB2: The snapshot info is null. Setting the last applied indexto:(t:0, i:~)
2019-09-04 09:32:18,473 [pool-265-thread-1] INFO  ratis.ContainerStateMachine (ContainerStateMachine.java:loadSnapshot(226)) - group-D3EB19309BB2: The snapshot info is null. Setting the last applied indexto:(t:0, i:~)
2019-09-04 09:32:18,474 [pool-254-thread-1] INFO  server.RaftServerConfigKeys (ConfUtils.java:logGet(43)) - raft.server.leader.election.timeout = 120s (custom)
2019-09-04 09:32:18,473 [pool-276-thread-1] INFO  server.RaftServerConfigKeys (ConfUtils.java:logGet(43)) - raft.server.leader.election.timeout = 120s (custom)
2019-09-04 09:32:18,474 [pool-254-thread-1] INFO  server.RaftServerConfigKeys (ConfUtils.java:logGet(43)) - raft.server.log.use.memory = false (default)
2019-09-04 09:32:18,474 [pool-265-thread-1] INFO  server.RaftServerConfigKeys (ConfUtils.java:logGet(43)) - raft.server.leader.election.timeout = 120s (custom)
2019-09-04 09:32:18,474 [pool-254-thread-1] INFO  server.RaftServerConfigKeys (ConfUtils.java:logGet(43)) - raft.server.log.purge.gap = 1000000 (custom)
2019-09-04 09:32:18,474 [pool-276-thread-1] INFO  server.RaftServerConfigKeys (ConfUtils.java:logGet(43)) - raft.server.log.use.memory = false (default)
2019-09-04 09:32:18,475 [pool-254-thread-1] INFO  server.RaftServerConfigKeys (ConfUtils.java:logGet(43)) - raft.server.log.appender.buffer.byte-limit = 33554432 (custom)
2019-09-04 09:32:18,474 [pool-265-thread-1] INFO  server.RaftServerConfigKeys (ConfUtils.java:logGet(43)) - raft.server.log.use.memory = false (default)
2019-09-04 09:32:18,475 [pool-254-thread-1] INFO  server.RaftServerConfigKeys (ConfUtils.java:logGet(43)) - raft.server.log.segment.size.max = 1048576 (custom)
2019-09-04 09:32:18,475 [pool-276-thread-1] INFO  server.RaftServerConfigKeys (ConfUtils.java:logGet(43)) - raft.server.log.purge.gap = 1000000 (custom)
2019-09-04 09:32:18,475 [pool-254-thread-1] INFO  server.RaftServerConfigKeys (ConfUtils.java:logGet(43)) - raft.server.log.segment.cache.num.max = 2 (custom)
2019-09-04 09:32:18,475 [pool-265-thread-1] INFO  server.RaftServerConfigKeys (ConfUtils.java:logGet(43)) - raft.server.log.purge.gap = 1000000 (custom)
2019-09-04 09:32:18,476 [pool-254-thread-1] INFO  segmented.SegmentedRaftLogWorker (SegmentedRaftLogWorker.java:<init>(172)) - new fee90ff4-ae5b-4370-9a2e-b45e68f319a2-SegmentedRaftLogWorker:Storage Directory /workdir/hadoop-ozone/integration-test/target/test-dir/MiniOzoneClusterImpl-597fad41-898a-4cf4-b6ed-aa234846bbff/datanode-3/data/ratis/90c0fd6a-129d-46e3-a832-d3eb19309bb2 for RaftStorage:Storage Directory /workdir/hadoop-ozone/integration-test/target/test-dir/MiniOzoneClusterImpl-597fad41-898a-4cf4-b6ed-aa234846bbff/datanode-3/data/ratis/90c0fd6a-129d-46e3-a832-d3eb19309bb2
2019-09-04 09:32:18,475 [pool-276-thread-1] INFO  server.RaftServerConfigKeys (ConfUtils.java:logGet(43)) - raft.server.log.appender.buffer.byte-limit = 33554432 (custom)
2019-09-04 09:32:18,476 [pool-254-thread-1] INFO  server.RaftServerConfigKeys (ConfUtils.java:logGet(43)) - raft.server.log.queue.byte-limit = 2147483647 (custom)
2019-09-04 09:32:18,476 [pool-265-thread-1] INFO  server.RaftServerConfigKeys (ConfUtils.java:logGet(43)) - raft.server.log.appender.buffer.byte-limit = 33554432 (custom)
2019-09-04 09:32:18,476 [pool-254-thread-1] INFO  server.RaftServerConfigKeys (ConfUtils.java:logGet(43)) - raft.server.log.queue.element-limit = 1024 (custom)
2019-09-04 09:32:18,476 [pool-276-thread-1] INFO  server.RaftServerConfigKeys (ConfUtils.java:logGet(43)) - raft.server.log.segment.size.max = 1048576 (custom)
2019-09-04 09:32:18,477 [pool-254-thread-1] INFO  server.RaftServerConfigKeys (ConfUtils.java:logGet(43)) - raft.server.log.segment.size.max = 1048576 (custom)
2019-09-04 09:32:18,477 [pool-265-thread-1] INFO  server.RaftServerConfigKeys (ConfUtils.java:logGet(43)) - raft.server.log.segment.size.max = 1048576 (custom)
2019-09-04 09:32:18,477 [pool-254-thread-1] INFO  server.RaftServerConfigKeys (ConfUtils.java:logGet(43)) - raft.server.log.preallocated.size = 16384 (custom)
2019-09-04 09:32:18,477 [pool-276-thread-1] INFO  server.RaftServerConfigKeys (ConfUtils.java:logGet(43)) - raft.server.log.segment.cache.num.max = 2 (custom)
2019-09-04 09:32:18,477 [pool-254-thread-1] INFO  server.RaftServerConfigKeys (ConfUtils.java:logGet(43)) - raft.server.log.write.buffer.size = 33554432 (custom)
2019-09-04 09:32:18,478 [pool-254-thread-1] INFO  server.RaftServerConfigKeys (ConfUtils.java:logGet(43)) - raft.server.log.force.sync.num = 128 (default)
2019-09-04 09:32:18,477 [pool-265-thread-1] INFO  server.RaftServerConfigKeys (ConfUtils.java:logGet(43)) - raft.server.log.segment.cache.num.max = 2 (custom)
2019-09-04 09:32:18,478 [pool-254-thread-1] INFO  server.RaftServerConfigKeys (ConfUtils.java:logGet(43)) - raft.server.log.statemachine.data.sync = true (default)
2019-09-04 09:32:18,478 [pool-276-thread-1] INFO  segmented.SegmentedRaftLogWorker (SegmentedRaftLogWorker.java:<init>(172)) - new e937a017-3f4f-4695-ad6d-cb2753d2b845-SegmentedRaftLogWorker:Storage Directory /workdir/hadoop-ozone/integration-test/target/test-dir/MiniOzoneClusterImpl-597fad41-898a-4cf4-b6ed-aa234846bbff/datanode-5/data/ratis/90c0fd6a-129d-46e3-a832-d3eb19309bb2 for RaftStorage:Storage Directory /workdir/hadoop-ozone/integration-test/target/test-dir/MiniOzoneClusterImpl-597fad41-898a-4cf4-b6ed-aa234846bbff/datanode-5/data/ratis/90c0fd6a-129d-46e3-a832-d3eb19309bb2
2019-09-04 09:32:18,478 [pool-254-thread-1] INFO  server.RaftServerConfigKeys (ConfUtils.java:logGet(43)) - raft.server.log.statemachine.data.sync.timeout = 10s (default)
2019-09-04 09:32:18,478 [pool-265-thread-1] INFO  segmented.SegmentedRaftLogWorker (SegmentedRaftLogWorker.java:<init>(172)) - new 6a110688-e427-4f01-a5b6-cceebbdad1ed-SegmentedRaftLogWorker:Storage Directory /workdir/hadoop-ozone/integration-test/target/test-dir/MiniOzoneClusterImpl-597fad41-898a-4cf4-b6ed-aa234846bbff/datanode-4/data/ratis/90c0fd6a-129d-46e3-a832-d3eb19309bb2 for RaftStorage:Storage Directory /workdir/hadoop-ozone/integration-test/target/test-dir/MiniOzoneClusterImpl-597fad41-898a-4cf4-b6ed-aa234846bbff/datanode-4/data/ratis/90c0fd6a-129d-46e3-a832-d3eb19309bb2
2019-09-04 09:32:18,479 [pool-254-thread-1] INFO  server.RaftServerConfigKeys (ConfUtils.java:logGet(43)) - raft.server.log.statemachine.data.sync.timeout.retry = -1 (default)
2019-09-04 09:32:18,478 [pool-276-thread-1] INFO  server.RaftServerConfigKeys (ConfUtils.java:logGet(43)) - raft.server.log.queue.byte-limit = 2147483647 (custom)
2019-09-04 09:32:18,479 [pool-254-thread-1] INFO  server.RaftServerConfigKeys (ConfUtils.java:logGet(43)) - raft.server.log.statemachine.data.caching.enabled = true (custom)
2019-09-04 09:32:18,479 [pool-265-thread-1] INFO  server.RaftServerConfigKeys (ConfUtils.java:logGet(43)) - raft.server.log.queue.byte-limit = 2147483647 (custom)
2019-09-04 09:32:18,479 [pool-276-thread-1] INFO  server.RaftServerConfigKeys (ConfUtils.java:logGet(43)) - raft.server.log.queue.element-limit = 1024 (custom)
2019-09-04 09:32:18,479 [pool-254-thread-1] INFO  segmented.SegmentedRaftLogWorker (SegmentedRaftLogWorker.java:lambda$new$0(132)) - fee90ff4-ae5b-4370-9a2e-b45e68f319a2-SegmentedRaftLogWorker:Storage Directory /workdir/hadoop-ozone/integration-test/target/test-dir/MiniOzoneClusterImpl-597fad41-898a-4cf4-b6ed-aa234846bbff/datanode-3/data/ratis/90c0fd6a-129d-46e3-a832-d3eb19309bb2: flushIndex: setUnconditionally 0 -> -1
2019-09-04 09:32:18,479 [pool-265-thread-1] INFO  server.RaftServerConfigKeys (ConfUtils.java:logGet(43)) - raft.server.log.queue.element-limit = 1024 (custom)
2019-09-04 09:32:18,480 [pool-276-thread-1] INFO  server.RaftServerConfigKeys (ConfUtils.java:logGet(43)) - raft.server.log.segment.size.max = 1048576 (custom)
2019-09-04 09:32:18,480 [pool-265-thread-1] INFO  server.RaftServerConfigKeys (ConfUtils.java:logGet(43)) - raft.server.log.segment.size.max = 1048576 (custom)
2019-09-04 09:32:18,480 [pool-254-thread-1] INFO  server.RaftServerConfigKeys (ConfUtils.java:logGet(43)) - raft.server.snapshot.auto.trigger.enabled = true (custom)
2019-09-04 09:32:18,480 [pool-265-thread-1] INFO  server.RaftServerConfigKeys (ConfUtils.java:logGet(43)) - raft.server.log.preallocated.size = 16384 (custom)
2019-09-04 09:32:18,480 [pool-276-thread-1] INFO  server.RaftServerConfigKeys (ConfUtils.java:logGet(43)) - raft.server.log.preallocated.size = 16384 (custom)
2019-09-04 09:32:18,481 [pool-276-thread-1] INFO  server.RaftServerConfigKeys (ConfUtils.java:logGet(43)) - raft.server.log.write.buffer.size = 33554432 (custom)
2019-09-04 09:32:18,481 [pool-265-thread-1] INFO  server.RaftServerConfigKeys (ConfUtils.java:logGet(43)) - raft.server.log.write.buffer.size = 33554432 (custom)
2019-09-04 09:32:18,481 [pool-254-thread-1] INFO  server.RaftServerConfigKeys (ConfUtils.java:logGet(43)) - raft.server.snapshot.auto.trigger.threshold = 10000 (custom)
2019-09-04 09:32:18,481 [pool-265-thread-1] INFO  server.RaftServerConfigKeys (ConfUtils.java:logGet(43)) - raft.server.log.force.sync.num = 128 (default)
2019-09-04 09:32:18,481 [pool-276-thread-1] INFO  server.RaftServerConfigKeys (ConfUtils.java:logGet(43)) - raft.server.log.force.sync.num = 128 (default)
2019-09-04 09:32:18,482 [pool-265-thread-1] INFO  server.RaftServerConfigKeys (ConfUtils.java:logGet(43)) - raft.server.log.statemachine.data.sync = true (default)
2019-09-04 09:32:18,481 [pool-254-thread-1] INFO  server.RaftServerConfigKeys (ConfUtils.java:logGet(43)) - raft.server.retrycache.expirytime = 600000ms (custom)
2019-09-04 09:32:18,482 [pool-265-thread-1] INFO  server.RaftServerConfigKeys (ConfUtils.java:logGet(43)) - raft.server.log.statemachine.data.sync.timeout = 10s (default)
2019-09-04 09:32:18,482 [pool-265-thread-1] INFO  server.RaftServerConfigKeys (ConfUtils.java:logGet(43)) - raft.server.log.statemachine.data.sync.timeout.retry = -1 (default)
2019-09-04 09:32:18,482 [pool-276-thread-1] INFO  server.RaftServerConfigKeys (ConfUtils.java:logGet(43)) - raft.server.log.statemachine.data.sync = true (default)
2019-09-04 09:32:18,483 [pool-265-thread-1] INFO  server.RaftServerConfigKeys (ConfUtils.java:logGet(43)) - raft.server.log.statemachine.data.caching.enabled = true (custom)
2019-09-04 09:32:18,482 [pool-254-thread-1] INFO  impl.RaftServerImpl (RaftServerImpl.java:start(180)) - fee90ff4-ae5b-4370-9a2e-b45e68f319a2: start group-D3EB19309BB2
2019-09-04 09:32:18,483 [pool-265-thread-1] INFO  segmented.SegmentedRaftLogWorker (SegmentedRaftLogWorker.java:lambda$new$0(132)) - 6a110688-e427-4f01-a5b6-cceebbdad1ed-SegmentedRaftLogWorker:Storage Directory /workdir/hadoop-ozone/integration-test/target/test-dir/MiniOzoneClusterImpl-597fad41-898a-4cf4-b6ed-aa234846bbff/datanode-4/data/ratis/90c0fd6a-129d-46e3-a832-d3eb19309bb2: flushIndex: setUnconditionally 0 -> -1
2019-09-04 09:32:18,483 [pool-276-thread-1] INFO  server.RaftServerConfigKeys (ConfUtils.java:logGet(43)) - raft.server.log.statemachine.data.sync.timeout = 10s (default)
2019-09-04 09:32:18,483 [pool-265-thread-1] INFO  server.RaftServerConfigKeys (ConfUtils.java:logGet(43)) - raft.server.snapshot.auto.trigger.enabled = true (custom)
2019-09-04 09:32:18,483 [pool-254-thread-1] INFO  impl.RaftServerImpl (RaftServerImpl.java:setRole(171)) - fee90ff4-ae5b-4370-9a2e-b45e68f319a2:group-D3EB19309BB2 changes role from null to FOLLOWER at term 0 for startAsFollower
2019-09-04 09:32:18,484 [pool-265-thread-1] INFO  server.RaftServerConfigKeys (ConfUtils.java:logGet(43)) - raft.server.snapshot.auto.trigger.threshold = 10000 (custom)
2019-09-04 09:32:18,483 [pool-276-thread-1] INFO  server.RaftServerConfigKeys (ConfUtils.java:logGet(43)) - raft.server.log.statemachine.data.sync.timeout.retry = -1 (default)
2019-09-04 09:32:18,484 [pool-265-thread-1] INFO  server.RaftServerConfigKeys (ConfUtils.java:logGet(43)) - raft.server.retrycache.expirytime = 600000ms (custom)
2019-09-04 09:32:18,484 [pool-254-thread-1] INFO  impl.RoleInfo (RoleInfo.java:updateAndGet(143)) - fee90ff4-ae5b-4370-9a2e-b45e68f319a2: start FollowerState
2019-09-04 09:32:18,484 [pool-265-thread-1] INFO  impl.RaftServerImpl (RaftServerImpl.java:start(180)) - 6a110688-e427-4f01-a5b6-cceebbdad1ed: start group-D3EB19309BB2
2019-09-04 09:32:18,484 [pool-276-thread-1] INFO  server.RaftServerConfigKeys (ConfUtils.java:logGet(43)) - raft.server.log.statemachine.data.caching.enabled = true (custom)
2019-09-04 09:32:18,484 [pool-265-thread-1] INFO  impl.RaftServerImpl (RaftServerImpl.java:setRole(171)) - 6a110688-e427-4f01-a5b6-cceebbdad1ed:group-D3EB19309BB2 changes role from null to FOLLOWER at term 0 for startAsFollower
2019-09-04 09:32:18,485 [pool-254-thread-1] INFO  util.JmxRegister (JmxRegister.java:tryRegister(44)) - Successfully registered JMX Bean with object name Ratis:service=RaftServer,group=group-D3EB19309BB2,id=fee90ff4-ae5b-4370-9a2e-b45e68f319a2
2019-09-04 09:32:18,485 [pool-276-thread-1] INFO  segmented.SegmentedRaftLogWorker (SegmentedRaftLogWorker.java:lambda$new$0(132)) - e937a017-3f4f-4695-ad6d-cb2753d2b845-SegmentedRaftLogWorker:Storage Directory /workdir/hadoop-ozone/integration-test/target/test-dir/MiniOzoneClusterImpl-597fad41-898a-4cf4-b6ed-aa234846bbff/datanode-5/data/ratis/90c0fd6a-129d-46e3-a832-d3eb19309bb2: flushIndex: setUnconditionally 0 -> -1
2019-09-04 09:32:18,485 [pool-265-thread-1] INFO  impl.RoleInfo (RoleInfo.java:updateAndGet(143)) - 6a110688-e427-4f01-a5b6-cceebbdad1ed: start FollowerState
2019-09-04 09:32:18,485 [pool-276-thread-1] INFO  server.RaftServerConfigKeys (ConfUtils.java:logGet(43)) - raft.server.snapshot.auto.trigger.enabled = true (custom)
2019-09-04 09:32:18,485 [pool-276-thread-1] INFO  server.RaftServerConfigKeys (ConfUtils.java:logGet(43)) - raft.server.snapshot.auto.trigger.threshold = 10000 (custom)
2019-09-04 09:32:18,485 [pool-265-thread-1] INFO  util.JmxRegister (JmxRegister.java:tryRegister(44)) - Successfully registered JMX Bean with object name Ratis:service=RaftServer,group=group-D3EB19309BB2,id=6a110688-e427-4f01-a5b6-cceebbdad1ed
2019-09-04 09:32:18,486 [pool-276-thread-1] INFO  server.RaftServerConfigKeys (ConfUtils.java:logGet(43)) - raft.server.retrycache.expirytime = 600000ms (custom)
2019-09-04 09:32:18,486 [pool-276-thread-1] INFO  impl.RaftServerImpl (RaftServerImpl.java:start(180)) - e937a017-3f4f-4695-ad6d-cb2753d2b845: start group-D3EB19309BB2
2019-09-04 09:32:18,486 [pool-276-thread-1] INFO  impl.RaftServerImpl (RaftServerImpl.java:setRole(171)) - e937a017-3f4f-4695-ad6d-cb2753d2b845:group-D3EB19309BB2 changes role from null to FOLLOWER at term 0 for startAsFollower
2019-09-04 09:32:18,486 [pool-276-thread-1] INFO  impl.RoleInfo (RoleInfo.java:updateAndGet(143)) - e937a017-3f4f-4695-ad6d-cb2753d2b845: start FollowerState
2019-09-04 09:32:18,487 [pool-276-thread-1] INFO  util.JmxRegister (JmxRegister.java:tryRegister(44)) - Successfully registered JMX Bean with object name Ratis:service=RaftServer,group=group-D3EB19309BB2,id=e937a017-3f4f-4695-ad6d-cb2753d2b845
2019-09-04 09:32:18,489 [RatisPipelineUtilsThread] INFO  pipeline.PipelineStateManager (PipelineStateManager.java:addPipeline(56)) - Created pipeline Pipeline[ Id: 90c0fd6a-129d-46e3-a832-d3eb19309bb2, Nodes: 6a110688-e427-4f01-a5b6-cceebbdad1ed{ip: 192.168.69.104, host: pr-hdds-1569-dvkr5-2373193410, networkLocation: /default-rack, certSerialId: null}fee90ff4-ae5b-4370-9a2e-b45e68f319a2{ip: 192.168.69.104, host: pr-hdds-1569-dvkr5-2373193410, networkLocation: /default-rack, certSerialId: null}e937a017-3f4f-4695-ad6d-cb2753d2b845{ip: 192.168.69.104, host: pr-hdds-1569-dvkr5-2373193410, networkLocation: /default-rack, certSerialId: null}, Type:RATIS, Factor:THREE, State:OPEN]
2019-09-04 09:32:18,684 [main] INFO  ozone.MiniOzoneClusterImpl (MiniOzoneClusterImpl.java:lambda$waitForClusterToBeReady$0(142)) - Waiting for cluster to be ready. Got 6 of 7 DN Heartbeats.
2019-09-04 09:32:18,685 [IPC Server handler 17 on 43990] INFO  net.NetworkTopology (NetworkTopologyImpl.java:add(110)) - Added a new node: /default-rack/4e23e929-4fb0-4bb2-876d-c448ab6fdc4c
2019-09-04 09:32:18,685 [IPC Server handler 17 on 43990] INFO  node.SCMNodeManager (SCMNodeManager.java:register(273)) - Registered Data node : 4e23e929-4fb0-4bb2-876d-c448ab6fdc4c{ip: 192.168.69.104, host: pr-hdds-1569-dvkr5-2373193410, networkLocation: /default-rack, certSerialId: null}
2019-09-04 09:32:18,685 | INFO  | SCMAudit | user=jenkins1000 | ip=192.168.69.104 | op=REGISTER {datanodeDetails=4e23e929-4fb0-4bb2-876d-c448ab6fdc4c{ip: 192.168.69.104, host: pr-hdds-1569-dvkr5-2373193410, networkLocation: /default-rack, certSerialId: null}} | ret=SUCCESS |  
2019-09-04 09:32:18,695 [grpc-default-executor-5] INFO  impl.RaftServerProxy (RaftServerProxy.java:addNew(89)) - 4e23e929-4fb0-4bb2-876d-c448ab6fdc4c: addNew group-7B35D0E29A67:[4e23e929-4fb0-4bb2-876d-c448ab6fdc4c:192.168.69.104:42420] returns group-7B35D0E29A67:java.util.concurrent.CompletableFuture@7c1aed07[Not completed]
2019-09-04 09:32:18,696 [pool-287-thread-1] INFO  impl.RaftServerImpl (RaftServerImpl.java:<init>(93)) - 4e23e929-4fb0-4bb2-876d-c448ab6fdc4c: new RaftServerImpl for group-7B35D0E29A67:[4e23e929-4fb0-4bb2-876d-c448ab6fdc4c:192.168.69.104:42420] with ContainerStateMachine:uninitialized
2019-09-04 09:32:18,696 [pool-287-thread-1] INFO  server.RaftServerConfigKeys (ConfUtils.java:logGet(43)) - raft.server.rpc.timeout.min = 5s (custom)
2019-09-04 09:32:18,697 [pool-287-thread-1] INFO  server.RaftServerConfigKeys (ConfUtils.java:logGet(43)) - raft.server.rpc.timeout.max = 5200ms (custom)
2019-09-04 09:32:18,697 [pool-287-thread-1] INFO  server.RaftServerConfigKeys (ConfUtils.java:logGet(43)) - raft.server.rpcslowness.timeout = 120s (custom)
2019-09-04 09:32:18,697 [pool-287-thread-1] INFO  server.RaftServerConfigKeys (ConfUtils.java:logGet(43)) - raft.server.sleep.deviation.threshold = 300 (default)
2019-09-04 09:32:18,697 [pool-287-thread-1] INFO  server.RaftServerConfigKeys (ConfUtils.java:logGet(43)) - raft.server.log.appender.install.snapshot.enabled = false (custom)
2019-09-04 09:32:18,697 [pool-287-thread-1] INFO  impl.RaftServerImpl (ServerState.java:<init>(105)) - 4e23e929-4fb0-4bb2-876d-c448ab6fdc4c:group-7B35D0E29A67 ConfigurationManager, init=-1: [4e23e929-4fb0-4bb2-876d-c448ab6fdc4c:192.168.69.104:42420], old=null, confs=<EMPTY_MAP>
2019-09-04 09:32:18,697 [pool-287-thread-1] INFO  server.RaftServerConfigKeys (ConfUtils.java:logGet(43)) - raft.server.storage.dir = [/workdir/hadoop-ozone/integration-test/target/test-dir/MiniOzoneClusterImpl-597fad41-898a-4cf4-b6ed-aa234846bbff/datanode-6/data/ratis] (custom)
2019-09-04 09:32:18,698 [pool-287-thread-1] INFO  storage.RaftStorageDirectory (RaftStorageDirectory.java:analyzeStorage(246)) - The storage directory /workdir/hadoop-ozone/integration-test/target/test-dir/MiniOzoneClusterImpl-597fad41-898a-4cf4-b6ed-aa234846bbff/datanode-6/data/ratis/b135753c-0eb4-4582-b727-7b35d0e29a67 does not exist. Creating ...
2019-09-04 09:32:18,723 [pool-287-thread-1] INFO  storage.RaftStorageDirectory (RaftStorageDirectory.java:tryLock(328)) - Lock on /workdir/hadoop-ozone/integration-test/target/test-dir/MiniOzoneClusterImpl-597fad41-898a-4cf4-b6ed-aa234846bbff/datanode-6/data/ratis/b135753c-0eb4-4582-b727-7b35d0e29a67/in_use.lock acquired by nodename 26477@pr-hdds-1569-dvkr5-2373193410
2019-09-04 09:32:18,749 [pool-287-thread-1] INFO  storage.RaftStorage (RaftStorage.java:format(72)) - Storage directory /workdir/hadoop-ozone/integration-test/target/test-dir/MiniOzoneClusterImpl-597fad41-898a-4cf4-b6ed-aa234846bbff/datanode-6/data/ratis/b135753c-0eb4-4582-b727-7b35d0e29a67 has been successfully formatted.
2019-09-04 09:32:18,749 [pool-287-thread-1] INFO  ratis.ContainerStateMachine (ContainerStateMachine.java:loadSnapshot(226)) - group-7B35D0E29A67: The snapshot info is null. Setting the last applied indexto:(t:0, i:~)
2019-09-04 09:32:18,749 [pool-287-thread-1] INFO  server.RaftServerConfigKeys (ConfUtils.java:logGet(43)) - raft.server.leader.election.timeout = 120s (custom)
2019-09-04 09:32:18,750 [pool-287-thread-1] INFO  server.RaftServerConfigKeys (ConfUtils.java:logGet(43)) - raft.server.log.use.memory = false (default)
2019-09-04 09:32:18,750 [pool-287-thread-1] INFO  server.RaftServerConfigKeys (ConfUtils.java:logGet(43)) - raft.server.log.purge.gap = 1000000 (custom)
2019-09-04 09:32:18,750 [pool-287-thread-1] INFO  server.RaftServerConfigKeys (ConfUtils.java:logGet(43)) - raft.server.log.appender.buffer.byte-limit = 33554432 (custom)
2019-09-04 09:32:18,750 [pool-287-thread-1] INFO  server.RaftServerConfigKeys (ConfUtils.java:logGet(43)) - raft.server.log.segment.size.max = 1048576 (custom)
2019-09-04 09:32:18,750 [pool-287-thread-1] INFO  server.RaftServerConfigKeys (ConfUtils.java:logGet(43)) - raft.server.log.segment.cache.num.max = 2 (custom)
2019-09-04 09:32:18,751 [pool-287-thread-1] INFO  segmented.SegmentedRaftLogWorker (SegmentedRaftLogWorker.java:<init>(172)) - new 4e23e929-4fb0-4bb2-876d-c448ab6fdc4c-SegmentedRaftLogWorker:Storage Directory /workdir/hadoop-ozone/integration-test/target/test-dir/MiniOzoneClusterImpl-597fad41-898a-4cf4-b6ed-aa234846bbff/datanode-6/data/ratis/b135753c-0eb4-4582-b727-7b35d0e29a67 for RaftStorage:Storage Directory /workdir/hadoop-ozone/integration-test/target/test-dir/MiniOzoneClusterImpl-597fad41-898a-4cf4-b6ed-aa234846bbff/datanode-6/data/ratis/b135753c-0eb4-4582-b727-7b35d0e29a67
2019-09-04 09:32:18,751 [pool-287-thread-1] INFO  server.RaftServerConfigKeys (ConfUtils.java:logGet(43)) - raft.server.log.queue.byte-limit = 2147483647 (custom)
2019-09-04 09:32:18,751 [pool-287-thread-1] INFO  server.RaftServerConfigKeys (ConfUtils.java:logGet(43)) - raft.server.log.queue.element-limit = 1024 (custom)
2019-09-04 09:32:18,751 [pool-287-thread-1] INFO  server.RaftServerConfigKeys (ConfUtils.java:logGet(43)) - raft.server.log.segment.size.max = 1048576 (custom)
2019-09-04 09:32:18,752 [pool-287-thread-1] INFO  server.RaftServerConfigKeys (ConfUtils.java:logGet(43)) - raft.server.log.preallocated.size = 16384 (custom)
2019-09-04 09:32:18,752 [pool-287-thread-1] INFO  server.RaftServerConfigKeys (ConfUtils.java:logGet(43)) - raft.server.log.write.buffer.size = 33554432 (custom)
2019-09-04 09:32:18,752 [pool-287-thread-1] INFO  server.RaftServerConfigKeys (ConfUtils.java:logGet(43)) - raft.server.log.force.sync.num = 128 (default)
2019-09-04 09:32:18,752 [pool-287-thread-1] INFO  server.RaftServerConfigKeys (ConfUtils.java:logGet(43)) - raft.server.log.statemachine.data.sync = true (default)
2019-09-04 09:32:18,752 [pool-287-thread-1] INFO  server.RaftServerConfigKeys (ConfUtils.java:logGet(43)) - raft.server.log.statemachine.data.sync.timeout = 10s (default)
2019-09-04 09:32:18,752 [pool-287-thread-1] INFO  server.RaftServerConfigKeys (ConfUtils.java:logGet(43)) - raft.server.log.statemachine.data.sync.timeout.retry = -1 (default)
2019-09-04 09:32:18,753 [pool-287-thread-1] INFO  server.RaftServerConfigKeys (ConfUtils.java:logGet(43)) - raft.server.log.statemachine.data.caching.enabled = true (custom)
2019-09-04 09:32:18,753 [pool-287-thread-1] INFO  segmented.SegmentedRaftLogWorker (SegmentedRaftLogWorker.java:lambda$new$0(132)) - 4e23e929-4fb0-4bb2-876d-c448ab6fdc4c-SegmentedRaftLogWorker:Storage Directory /workdir/hadoop-ozone/integration-test/target/test-dir/MiniOzoneClusterImpl-597fad41-898a-4cf4-b6ed-aa234846bbff/datanode-6/data/ratis/b135753c-0eb4-4582-b727-7b35d0e29a67: flushIndex: setUnconditionally 0 -> -1
2019-09-04 09:32:18,754 [pool-287-thread-1] INFO  server.RaftServerConfigKeys (ConfUtils.java:logGet(43)) - raft.server.snapshot.auto.trigger.enabled = true (custom)
2019-09-04 09:32:18,754 [pool-287-thread-1] INFO  server.RaftServerConfigKeys (ConfUtils.java:logGet(43)) - raft.server.snapshot.auto.trigger.threshold = 10000 (custom)
2019-09-04 09:32:18,754 [pool-287-thread-1] INFO  server.RaftServerConfigKeys (ConfUtils.java:logGet(43)) - raft.server.retrycache.expirytime = 600000ms (custom)
2019-09-04 09:32:18,754 [pool-287-thread-1] INFO  impl.RaftServerImpl (RaftServerImpl.java:start(180)) - 4e23e929-4fb0-4bb2-876d-c448ab6fdc4c: start group-7B35D0E29A67
2019-09-04 09:32:18,755 [pool-287-thread-1] INFO  impl.RaftServerImpl (RaftServerImpl.java:setRole(171)) - 4e23e929-4fb0-4bb2-876d-c448ab6fdc4c:group-7B35D0E29A67 changes role from null to FOLLOWER at term 0 for startAsFollower
2019-09-04 09:32:18,755 [pool-287-thread-1] INFO  impl.RoleInfo (RoleInfo.java:updateAndGet(143)) - 4e23e929-4fb0-4bb2-876d-c448ab6fdc4c: start FollowerState
2019-09-04 09:32:18,755 [pool-287-thread-1] INFO  util.JmxRegister (JmxRegister.java:tryRegister(44)) - Successfully registered JMX Bean with object name Ratis:service=RaftServer,group=group-7B35D0E29A67,id=4e23e929-4fb0-4bb2-876d-c448ab6fdc4c
2019-09-04 09:32:18,759 [RatisPipelineUtilsThread] INFO  pipeline.PipelineStateManager (PipelineStateManager.java:addPipeline(56)) - Created pipeline Pipeline[ Id: b135753c-0eb4-4582-b727-7b35d0e29a67, Nodes: 4e23e929-4fb0-4bb2-876d-c448ab6fdc4c{ip: 192.168.69.104, host: pr-hdds-1569-dvkr5-2373193410, networkLocation: /default-rack, certSerialId: null}, Type:RATIS, Factor:ONE, State:OPEN]
2019-09-04 09:32:19,323 | INFO  | SCMAudit | user=jenkins1000 | ip=192.168.69.104 | op=SEND_HEARTBEAT {datanodeUUID=18851aac-bbd7-47f5-af1c-17f426b11266, command=[]} | ret=SUCCESS |  
2019-09-04 09:32:19,538 | INFO  | SCMAudit | user=jenkins1000 | ip=192.168.69.104 | op=SEND_HEARTBEAT {datanodeUUID=0ac595d7-a290-4eb2-9411-ef15ff51c194, command=[]} | ret=SUCCESS |  
2019-09-04 09:32:19,684 [main] INFO  ozone.MiniOzoneClusterImpl (MiniOzoneClusterImpl.java:lambda$waitForClusterToBeReady$0(142)) - Cluster is ready. Got 7 of 7 DN Heartbeats.
2019-09-04 09:32:19,711 | INFO  | SCMAudit | user=jenkins1000 | ip=192.168.69.104 | op=SEND_HEARTBEAT {datanodeUUID=9626cf3a-220d-42c0-b303-e22d032a63b2, command=[]} | ret=SUCCESS |  
2019-09-04 09:32:19,716 [main] INFO  rpc.RpcClient (RpcClient.java:createVolume(293)) - Creating Volume: watchforcommithandlingtest, with jenkins1000 as owner.
2019-09-04 09:32:19,718 | INFO  | OMAudit | user=jenkins1000 | ip=127.0.0.1 | op=CREATE_VOLUME {admin=jenkins1000, owner=jenkins1000, volume=watchforcommithandlingtest, creationTime=1567589539718, quotaInBytes=1152921504606846976} | ret=SUCCESS |  
2019-09-04 09:32:19,728 | INFO  | OMAudit | user=jenkins1000 | ip=127.0.0.1 | op=READ_VOLUME {volume=watchforcommithandlingtest} | ret=SUCCESS |  
2019-09-04 09:32:19,729 [main] INFO  rpc.RpcClient (RpcClient.java:createBucket(432)) - Creating Bucket: watchforcommithandlingtest/watchforcommithandlingtest, with Versioning false and Storage Type set to DISK and Encryption set to false 
2019-09-04 09:32:19,733 | INFO  | OMAudit | user=jenkins1000 | ip=127.0.0.1 | op=CREATE_BUCKET {volume=watchforcommithandlingtest, bucket=watchforcommithandlingtest, acls=[user:jenkins1000:a[ACCESS], group:default:a[ACCESS]], isVersionEnabled=false, storageType=DISK, creationTime=0} | ret=SUCCESS |  
2019-09-04 09:32:19,733 [main] INFO  ozone.MiniOzoneClusterImpl (MiniOzoneClusterImpl.java:getStorageContainerLocationClient(241)) - Creating StorageContainerLocationProtocol RPC client with address /0.0.0.0:43733
2019-09-04 09:32:19,753 [grpc-default-executor-5] INFO  client.GrpcClientProtocolClient (GrpcClientProtocolClient.java:onNext(255)) - client-41F153F33B00->0ac595d7-a290-4eb2-9411-ef15ff51c194: receive RaftClientReply:client-41F153F33B00->0ac595d7-a290-4eb2-9411-ef15ff51c194@group-7CF92F3CE404, cid=66, FAILED org.apache.ratis.protocol.NotLeaderException: Server 0ac595d7-a290-4eb2-9411-ef15ff51c194 is not the leader (null). Request must be sent to leader., logIndex=0, commits[0ac595d7-a290-4eb2-9411-ef15ff51c194:c-1]
2019-09-04 09:32:19,869 | INFO  | SCMAudit | user=jenkins1000 | ip=192.168.69.104 | op=SEND_HEARTBEAT {datanodeUUID=fee90ff4-ae5b-4370-9a2e-b45e68f319a2, command=[]} | ret=SUCCESS |  
2019-09-04 09:32:20,113 | INFO  | SCMAudit | user=jenkins1000 | ip=192.168.69.104 | op=SEND_HEARTBEAT {datanodeUUID=6a110688-e427-4f01-a5b6-cceebbdad1ed, command=[]} | ret=SUCCESS |  
2019-09-04 09:32:20,309 | INFO  | SCMAudit | user=jenkins1000 | ip=192.168.69.104 | op=SEND_HEARTBEAT {datanodeUUID=e937a017-3f4f-4695-ad6d-cb2753d2b845, command=[]} | ret=SUCCESS |  
2019-09-04 09:32:20,322 | INFO  | SCMAudit | user=jenkins1000 | ip=192.168.69.104 | op=SEND_HEARTBEAT {datanodeUUID=18851aac-bbd7-47f5-af1c-17f426b11266, command=[]} | ret=SUCCESS |  
2019-09-04 09:32:20,335 [Thread-1522] INFO  container.ReplicationManager (ReplicationManager.java:start(152)) - Starting Replication Monitor Thread.
2019-09-04 09:32:20,339 [ReplicationMonitor] INFO  container.ReplicationManager (ReplicationManager.java:run(215)) - Replication Monitor Thread took 0 milliseconds for processing 1 containers.
2019-09-04 09:32:20,538 | INFO  | SCMAudit | user=jenkins1000 | ip=192.168.69.104 | op=SEND_HEARTBEAT {datanodeUUID=0ac595d7-a290-4eb2-9411-ef15ff51c194, command=[]} | ret=SUCCESS |  
2019-09-04 09:32:20,684 | INFO  | SCMAudit | user=jenkins1000 | ip=192.168.69.104 | op=SEND_HEARTBEAT {datanodeUUID=4e23e929-4fb0-4bb2-876d-c448ab6fdc4c, command=[]} | ret=SUCCESS |  
2019-09-04 09:32:20,711 | INFO  | SCMAudit | user=jenkins1000 | ip=192.168.69.104 | op=SEND_HEARTBEAT {datanodeUUID=9626cf3a-220d-42c0-b303-e22d032a63b2, command=[]} | ret=SUCCESS |  
2019-09-04 09:32:20,774 [grpc-default-executor-5] INFO  client.GrpcClientProtocolClient (GrpcClientProtocolClient.java:onNext(255)) - client-41F153F33B00->18851aac-bbd7-47f5-af1c-17f426b11266: receive RaftClientReply:client-41F153F33B00->18851aac-bbd7-47f5-af1c-17f426b11266@group-7CF92F3CE404, cid=66, FAILED org.apache.ratis.protocol.NotLeaderException: Server 18851aac-bbd7-47f5-af1c-17f426b11266 is not the leader (null). Request must be sent to leader., logIndex=0, commits[18851aac-bbd7-47f5-af1c-17f426b11266:c-1]
2019-09-04 09:32:20,870 | INFO  | SCMAudit | user=jenkins1000 | ip=192.168.69.104 | op=SEND_HEARTBEAT {datanodeUUID=fee90ff4-ae5b-4370-9a2e-b45e68f319a2, command=[]} | ret=SUCCESS |  
2019-09-04 09:32:21,114 | INFO  | SCMAudit | user=jenkins1000 | ip=192.168.69.104 | op=SEND_HEARTBEAT {datanodeUUID=6a110688-e427-4f01-a5b6-cceebbdad1ed, command=[]} | ret=SUCCESS |  
2019-09-04 09:32:21,309 | INFO  | SCMAudit | user=jenkins1000 | ip=192.168.69.104 | op=SEND_HEARTBEAT {datanodeUUID=e937a017-3f4f-4695-ad6d-cb2753d2b845, command=[]} | ret=SUCCESS |  
2019-09-04 09:32:21,322 | INFO  | SCMAudit | user=jenkins1000 | ip=192.168.69.104 | op=SEND_HEARTBEAT {datanodeUUID=18851aac-bbd7-47f5-af1c-17f426b11266, command=[]} | ret=SUCCESS |  
2019-09-04 09:32:21,537 | INFO  | SCMAudit | user=jenkins1000 | ip=192.168.69.104 | op=SEND_HEARTBEAT {datanodeUUID=0ac595d7-a290-4eb2-9411-ef15ff51c194, command=[]} | ret=SUCCESS |  
2019-09-04 09:32:21,685 | INFO  | SCMAudit | user=jenkins1000 | ip=192.168.69.104 | op=SEND_HEARTBEAT {datanodeUUID=4e23e929-4fb0-4bb2-876d-c448ab6fdc4c, command=[]} | ret=SUCCESS |  
2019-09-04 09:32:21,711 | INFO  | SCMAudit | user=jenkins1000 | ip=192.168.69.104 | op=SEND_HEARTBEAT {datanodeUUID=9626cf3a-220d-42c0-b303-e22d032a63b2, command=[]} | ret=SUCCESS |  
2019-09-04 09:32:21,794 [grpc-default-executor-1] INFO  client.GrpcClientProtocolClient (GrpcClientProtocolClient.java:onNext(255)) - client-41F153F33B00->0ac595d7-a290-4eb2-9411-ef15ff51c194: receive RaftClientReply:client-41F153F33B00->0ac595d7-a290-4eb2-9411-ef15ff51c194@group-7CF92F3CE404, cid=66, FAILED org.apache.ratis.protocol.NotLeaderException: Server 0ac595d7-a290-4eb2-9411-ef15ff51c194 is not the leader (null). Request must be sent to leader., logIndex=0, commits[0ac595d7-a290-4eb2-9411-ef15ff51c194:c-1]
2019-09-04 09:32:21,871 | INFO  | SCMAudit | user=jenkins1000 | ip=192.168.69.104 | op=SEND_HEARTBEAT {datanodeUUID=fee90ff4-ae5b-4370-9a2e-b45e68f319a2, command=[]} | ret=SUCCESS |  
2019-09-04 09:32:22,113 | INFO  | SCMAudit | user=jenkins1000 | ip=192.168.69.104 | op=SEND_HEARTBEAT {datanodeUUID=6a110688-e427-4f01-a5b6-cceebbdad1ed, command=[]} | ret=SUCCESS |  
2019-09-04 09:32:22,308 | INFO  | SCMAudit | user=jenkins1000 | ip=192.168.69.104 | op=SEND_HEARTBEAT {datanodeUUID=e937a017-3f4f-4695-ad6d-cb2753d2b845, command=[]} | ret=SUCCESS |  
2019-09-04 09:32:22,322 | INFO  | SCMAudit | user=jenkins1000 | ip=192.168.69.104 | op=SEND_HEARTBEAT {datanodeUUID=18851aac-bbd7-47f5-af1c-17f426b11266, command=[]} | ret=SUCCESS |  
2019-09-04 09:32:22,489 [Thread-1524] INFO  impl.FollowerState (FollowerState.java:run(106)) - 18851aac-bbd7-47f5-af1c-17f426b11266:group-B181E52FC9DC changes to CANDIDATE, lastRpcTime:5086, electionTimeout:5086ms
2019-09-04 09:32:22,489 [Thread-1524] INFO  impl.RoleInfo (RoleInfo.java:shutdownFollowerState(121)) - 18851aac-bbd7-47f5-af1c-17f426b11266: shutdown FollowerState
2019-09-04 09:32:22,489 [Thread-1524] INFO  impl.RaftServerImpl (RaftServerImpl.java:setRole(171)) - 18851aac-bbd7-47f5-af1c-17f426b11266:group-B181E52FC9DC changes role from FOLLOWER to CANDIDATE at term 0 for changeToCandidate
2019-09-04 09:32:22,490 [Thread-1524] INFO  impl.RoleInfo (RoleInfo.java:updateAndGet(143)) - 18851aac-bbd7-47f5-af1c-17f426b11266: start LeaderElection
2019-09-04 09:32:22,515 [18851aac-bbd7-47f5-af1c-17f426b11266:group-B181E52FC9DC:LeaderElection52] INFO  impl.LeaderElection (LeaderElection.java:askForVotes(181)) - 18851aac-bbd7-47f5-af1c-17f426b11266:group-B181E52FC9DC:LeaderElection52: begin an election at term 1 for -1: [18851aac-bbd7-47f5-af1c-17f426b11266:192.168.69.104:44461], old=null
2019-09-04 09:32:22,515 [18851aac-bbd7-47f5-af1c-17f426b11266:group-B181E52FC9DC:LeaderElection52] INFO  impl.RoleInfo (RoleInfo.java:shutdownLeaderElection(134)) - 18851aac-bbd7-47f5-af1c-17f426b11266: shutdown LeaderElection
2019-09-04 09:32:22,515 [18851aac-bbd7-47f5-af1c-17f426b11266:group-B181E52FC9DC:LeaderElection52] INFO  impl.RaftServerImpl (RaftServerImpl.java:setRole(171)) - 18851aac-bbd7-47f5-af1c-17f426b11266:group-B181E52FC9DC changes role from CANDIDATE to LEADER at term 1 for changeToLeader
2019-09-04 09:32:22,515 [18851aac-bbd7-47f5-af1c-17f426b11266:group-B181E52FC9DC:LeaderElection52] INFO  impl.RaftServerImpl (ServerState.java:setLeader(263)) - 18851aac-bbd7-47f5-af1c-17f426b11266:group-B181E52FC9DC change Leader from null to 18851aac-bbd7-47f5-af1c-17f426b11266 at term 1 for becomeLeader, leader elected after 5117ms
2019-09-04 09:32:22,515 [18851aac-bbd7-47f5-af1c-17f426b11266:group-B181E52FC9DC:LeaderElection52] INFO  server.RaftServerConfigKeys (ConfUtils.java:logGet(43)) - raft.server.staging.catchup.gap = 1000 (default)
2019-09-04 09:32:22,516 [18851aac-bbd7-47f5-af1c-17f426b11266:group-B181E52FC9DC:LeaderElection52] INFO  server.RaftServerConfigKeys (ConfUtils.java:logGet(43)) - raft.server.rpc.sleep.time = 25ms (default)
2019-09-04 09:32:22,516 [18851aac-bbd7-47f5-af1c-17f426b11266:group-B181E52FC9DC:LeaderElection52] INFO  server.RaftServerConfigKeys (ConfUtils.java:logGet(43)) - raft.server.write.element-limit = 4096 (default)
2019-09-04 09:32:22,516 [18851aac-bbd7-47f5-af1c-17f426b11266:group-B181E52FC9DC:LeaderElection52] INFO  server.RaftServerConfigKeys (ConfUtils.java:logGet(43)) - raft.server.watch.timeout = 10s (default)
2019-09-04 09:32:22,516 [18851aac-bbd7-47f5-af1c-17f426b11266:group-B181E52FC9DC:LeaderElection52] INFO  server.RaftServerConfigKeys (ConfUtils.java:logGet(43)) - raft.server.watch.timeout.denomination = 1s (default)
2019-09-04 09:32:22,516 [18851aac-bbd7-47f5-af1c-17f426b11266:group-B181E52FC9DC:LeaderElection52] INFO  server.RaftServerConfigKeys (ConfUtils.java:logGet(43)) - raft.server.watch.element-limit = 65536 (default)
2019-09-04 09:32:22,516 [18851aac-bbd7-47f5-af1c-17f426b11266:group-B181E52FC9DC:LeaderElection52] INFO  impl.RoleInfo (RoleInfo.java:updateAndGet(143)) - 18851aac-bbd7-47f5-af1c-17f426b11266: start LeaderState
2019-09-04 09:32:22,517 [18851aac-bbd7-47f5-af1c-17f426b11266:group-B181E52FC9DC:LeaderElection52] INFO  segmented.SegmentedRaftLogWorker (SegmentedRaftLogWorker.java:startLogSegment(380)) - 18851aac-bbd7-47f5-af1c-17f426b11266-SegmentedRaftLogWorker:Storage Directory /workdir/hadoop-ozone/integration-test/target/test-dir/MiniOzoneClusterImpl-597fad41-898a-4cf4-b6ed-aa234846bbff/datanode-0/data/ratis/9d54fe03-7cbb-4051-9579-b181e52fc9dc: Starting segment from index:0
2019-09-04 09:32:22,517 [18851aac-bbd7-47f5-af1c-17f426b11266:group-B181E52FC9DC:LeaderElection52] INFO  impl.RaftServerImpl (ServerState.java:setRaftConf(361)) - 18851aac-bbd7-47f5-af1c-17f426b11266:group-B181E52FC9DC set configuration 0: [18851aac-bbd7-47f5-af1c-17f426b11266:192.168.69.104:44461], old=null at 0
2019-09-04 09:32:22,537 | INFO  | SCMAudit | user=jenkins1000 | ip=192.168.69.104 | op=SEND_HEARTBEAT {datanodeUUID=0ac595d7-a290-4eb2-9411-ef15ff51c194, command=[]} | ret=SUCCESS |  
2019-09-04 09:32:22,560 [18851aac-bbd7-47f5-af1c-17f426b11266-SegmentedRaftLogWorker:Storage Directory /workdir/hadoop-ozone/integration-test/target/test-dir/MiniOzoneClusterImpl-597fad41-898a-4cf4-b6ed-aa234846bbff/datanode-0/data/ratis/9d54fe03-7cbb-4051-9579-b181e52fc9dc] INFO  segmented.SegmentedRaftLogWorker (SegmentedRaftLogWorker.java:execute(569)) - 18851aac-bbd7-47f5-af1c-17f426b11266-SegmentedRaftLogWorker:Storage Directory /workdir/hadoop-ozone/integration-test/target/test-dir/MiniOzoneClusterImpl-597fad41-898a-4cf4-b6ed-aa234846bbff/datanode-0/data/ratis/9d54fe03-7cbb-4051-9579-b181e52fc9dc: created new log segment /workdir/hadoop-ozone/integration-test/target/test-dir/MiniOzoneClusterImpl-597fad41-898a-4cf4-b6ed-aa234846bbff/datanode-0/data/ratis/9d54fe03-7cbb-4051-9579-b181e52fc9dc/current/log_inprogress_0
2019-09-04 09:32:22,620 [Thread-1527] INFO  impl.FollowerState (FollowerState.java:run(106)) - 0ac595d7-a290-4eb2-9411-ef15ff51c194:group-6C74F13B5E18 changes to CANDIDATE, lastRpcTime:5016, electionTimeout:5016ms
2019-09-04 09:32:22,621 [Thread-1527] INFO  impl.RoleInfo (RoleInfo.java:shutdownFollowerState(121)) - 0ac595d7-a290-4eb2-9411-ef15ff51c194: shutdown FollowerState
2019-09-04 09:32:22,621 [Thread-1527] INFO  impl.RaftServerImpl (RaftServerImpl.java:setRole(171)) - 0ac595d7-a290-4eb2-9411-ef15ff51c194:group-6C74F13B5E18 changes role from FOLLOWER to CANDIDATE at term 0 for changeToCandidate
2019-09-04 09:32:22,621 [Thread-1527] INFO  impl.RoleInfo (RoleInfo.java:updateAndGet(143)) - 0ac595d7-a290-4eb2-9411-ef15ff51c194: start LeaderElection
2019-09-04 09:32:22,645 [0ac595d7-a290-4eb2-9411-ef15ff51c194:group-6C74F13B5E18:LeaderElection53] INFO  impl.LeaderElection (LeaderElection.java:askForVotes(181)) - 0ac595d7-a290-4eb2-9411-ef15ff51c194:group-6C74F13B5E18:LeaderElection53: begin an election at term 1 for -1: [0ac595d7-a290-4eb2-9411-ef15ff51c194:192.168.69.104:46385], old=null
2019-09-04 09:32:22,645 [0ac595d7-a290-4eb2-9411-ef15ff51c194:group-6C74F13B5E18:LeaderElection53] INFO  impl.RoleInfo (RoleInfo.java:shutdownLeaderElection(134)) - 0ac595d7-a290-4eb2-9411-ef15ff51c194: shutdown LeaderElection
2019-09-04 09:32:22,646 [0ac595d7-a290-4eb2-9411-ef15ff51c194:group-6C74F13B5E18:LeaderElection53] INFO  impl.RaftServerImpl (RaftServerImpl.java:setRole(171)) - 0ac595d7-a290-4eb2-9411-ef15ff51c194:group-6C74F13B5E18 changes role from CANDIDATE to LEADER at term 1 for changeToLeader
2019-09-04 09:32:22,646 [0ac595d7-a290-4eb2-9411-ef15ff51c194:group-6C74F13B5E18:LeaderElection53] INFO  impl.RaftServerImpl (ServerState.java:setLeader(263)) - 0ac595d7-a290-4eb2-9411-ef15ff51c194:group-6C74F13B5E18 change Leader from null to 0ac595d7-a290-4eb2-9411-ef15ff51c194 at term 1 for becomeLeader, leader elected after 5044ms
2019-09-04 09:32:22,646 [0ac595d7-a290-4eb2-9411-ef15ff51c194:group-6C74F13B5E18:LeaderElection53] INFO  server.RaftServerConfigKeys (ConfUtils.java:logGet(43)) - raft.server.staging.catchup.gap = 1000 (default)
2019-09-04 09:32:22,646 [0ac595d7-a290-4eb2-9411-ef15ff51c194:group-6C74F13B5E18:LeaderElection53] INFO  server.RaftServerConfigKeys (ConfUtils.java:logGet(43)) - raft.server.rpc.sleep.time = 25ms (default)
2019-09-04 09:32:22,646 [0ac595d7-a290-4eb2-9411-ef15ff51c194:group-6C74F13B5E18:LeaderElection53] INFO  server.RaftServerConfigKeys (ConfUtils.java:logGet(43)) - raft.server.write.element-limit = 4096 (default)
2019-09-04 09:32:22,646 [0ac595d7-a290-4eb2-9411-ef15ff51c194:group-6C74F13B5E18:LeaderElection53] INFO  server.RaftServerConfigKeys (ConfUtils.java:logGet(43)) - raft.server.watch.timeout = 10s (default)
2019-09-04 09:32:22,646 [0ac595d7-a290-4eb2-9411-ef15ff51c194:group-6C74F13B5E18:LeaderElection53] INFO  server.RaftServerConfigKeys (ConfUtils.java:logGet(43)) - raft.server.watch.timeout.denomination = 1s (default)
2019-09-04 09:32:22,646 [0ac595d7-a290-4eb2-9411-ef15ff51c194:group-6C74F13B5E18:LeaderElection53] INFO  server.RaftServerConfigKeys (ConfUtils.java:logGet(43)) - raft.server.watch.element-limit = 65536 (default)
2019-09-04 09:32:22,646 [0ac595d7-a290-4eb2-9411-ef15ff51c194:group-6C74F13B5E18:LeaderElection53] INFO  impl.RoleInfo (RoleInfo.java:updateAndGet(143)) - 0ac595d7-a290-4eb2-9411-ef15ff51c194: start LeaderState
2019-09-04 09:32:22,647 [0ac595d7-a290-4eb2-9411-ef15ff51c194:group-6C74F13B5E18:LeaderElection53] INFO  segmented.SegmentedRaftLogWorker (SegmentedRaftLogWorker.java:startLogSegment(380)) - 0ac595d7-a290-4eb2-9411-ef15ff51c194-SegmentedRaftLogWorker:Storage Directory /workdir/hadoop-ozone/integration-test/target/test-dir/MiniOzoneClusterImpl-597fad41-898a-4cf4-b6ed-aa234846bbff/datanode-1/data/ratis/e46d5a5d-af48-48c5-9fde-6c74f13b5e18: Starting segment from index:0
2019-09-04 09:32:22,647 [0ac595d7-a290-4eb2-9411-ef15ff51c194:group-6C74F13B5E18:LeaderElection53] INFO  impl.RaftServerImpl (ServerState.java:setRaftConf(361)) - 0ac595d7-a290-4eb2-9411-ef15ff51c194:group-6C74F13B5E18 set configuration 0: [0ac595d7-a290-4eb2-9411-ef15ff51c194:192.168.69.104:46385], old=null at 0
2019-09-04 09:32:22,685 | INFO  | SCMAudit | user=jenkins1000 | ip=192.168.69.104 | op=SEND_HEARTBEAT {datanodeUUID=4e23e929-4fb0-4bb2-876d-c448ab6fdc4c, command=[]} | ret=SUCCESS |  
2019-09-04 09:32:22,711 | INFO  | SCMAudit | user=jenkins1000 | ip=192.168.69.104 | op=SEND_HEARTBEAT {datanodeUUID=9626cf3a-220d-42c0-b303-e22d032a63b2, command=[]} | ret=SUCCESS |  
2019-09-04 09:32:22,781 [0ac595d7-a290-4eb2-9411-ef15ff51c194-SegmentedRaftLogWorker:Storage Directory /workdir/hadoop-ozone/integration-test/target/test-dir/MiniOzoneClusterImpl-597fad41-898a-4cf4-b6ed-aa234846bbff/datanode-1/data/ratis/e46d5a5d-af48-48c5-9fde-6c74f13b5e18] INFO  segmented.SegmentedRaftLogWorker (SegmentedRaftLogWorker.java:execute(569)) - 0ac595d7-a290-4eb2-9411-ef15ff51c194-SegmentedRaftLogWorker:Storage Directory /workdir/hadoop-ozone/integration-test/target/test-dir/MiniOzoneClusterImpl-597fad41-898a-4cf4-b6ed-aa234846bbff/datanode-1/data/ratis/e46d5a5d-af48-48c5-9fde-6c74f13b5e18: created new log segment /workdir/hadoop-ozone/integration-test/target/test-dir/MiniOzoneClusterImpl-597fad41-898a-4cf4-b6ed-aa234846bbff/datanode-1/data/ratis/e46d5a5d-af48-48c5-9fde-6c74f13b5e18/current/log_inprogress_0
2019-09-04 09:32:22,803 [grpc-default-executor-1] INFO  client.GrpcClientProtocolClient (GrpcClientProtocolClient.java:onNext(255)) - client-41F153F33B00->18851aac-bbd7-47f5-af1c-17f426b11266: receive RaftClientReply:client-41F153F33B00->18851aac-bbd7-47f5-af1c-17f426b11266@group-7CF92F3CE404, cid=66, FAILED org.apache.ratis.protocol.NotLeaderException: Server 18851aac-bbd7-47f5-af1c-17f426b11266 is not the leader (null). Request must be sent to leader., logIndex=0, commits[18851aac-bbd7-47f5-af1c-17f426b11266:c-1]
2019-09-04 09:32:22,870 | INFO  | SCMAudit | user=jenkins1000 | ip=192.168.69.104 | op=SEND_HEARTBEAT {datanodeUUID=fee90ff4-ae5b-4370-9a2e-b45e68f319a2, command=[]} | ret=SUCCESS |  
2019-09-04 09:32:22,902 [Thread-1538] INFO  impl.FollowerState (FollowerState.java:run(106)) - 9626cf3a-220d-42c0-b303-e22d032a63b2:group-7CF92F3CE404 changes to CANDIDATE, lastRpcTime:5068, electionTimeout:5068ms
2019-09-04 09:32:22,902 [Thread-1538] INFO  impl.RoleInfo (RoleInfo.java:shutdownFollowerState(121)) - 9626cf3a-220d-42c0-b303-e22d032a63b2: shutdown FollowerState
2019-09-04 09:32:22,902 [Thread-1538] INFO  impl.RaftServerImpl (RaftServerImpl.java:setRole(171)) - 9626cf3a-220d-42c0-b303-e22d032a63b2:group-7CF92F3CE404 changes role from FOLLOWER to CANDIDATE at term 0 for changeToCandidate
2019-09-04 09:32:22,902 [Thread-1538] INFO  impl.RoleInfo (RoleInfo.java:updateAndGet(143)) - 9626cf3a-220d-42c0-b303-e22d032a63b2: start LeaderElection
2019-09-04 09:32:22,907 [Thread-1530] INFO  impl.FollowerState (FollowerState.java:run(106)) - 9626cf3a-220d-42c0-b303-e22d032a63b2:group-05C24F621898 changes to CANDIDATE, lastRpcTime:5150, electionTimeout:5149ms
2019-09-04 09:32:22,907 [Thread-1530] INFO  impl.RoleInfo (RoleInfo.java:shutdownFollowerState(121)) - 9626cf3a-220d-42c0-b303-e22d032a63b2: shutdown FollowerState
2019-09-04 09:32:22,907 [Thread-1530] INFO  impl.RaftServerImpl (RaftServerImpl.java:setRole(171)) - 9626cf3a-220d-42c0-b303-e22d032a63b2:group-05C24F621898 changes role from FOLLOWER to CANDIDATE at term 0 for changeToCandidate
2019-09-04 09:32:22,907 [Thread-1530] INFO  impl.RoleInfo (RoleInfo.java:updateAndGet(143)) - 9626cf3a-220d-42c0-b303-e22d032a63b2: start LeaderElection
2019-09-04 09:32:22,910 [Thread-1533] INFO  impl.FollowerState (FollowerState.java:run(106)) - 18851aac-bbd7-47f5-af1c-17f426b11266:group-7CF92F3CE404 changes to CANDIDATE, lastRpcTime:5081, electionTimeout:5081ms
2019-09-04 09:32:22,910 [Thread-1533] INFO  impl.RoleInfo (RoleInfo.java:shutdownFollowerState(121)) - 18851aac-bbd7-47f5-af1c-17f426b11266: shutdown FollowerState
2019-09-04 09:32:22,910 [Thread-1533] INFO  impl.RaftServerImpl (RaftServerImpl.java:setRole(171)) - 18851aac-bbd7-47f5-af1c-17f426b11266:group-7CF92F3CE404 changes role from FOLLOWER to CANDIDATE at term 0 for changeToCandidate
2019-09-04 09:32:22,910 [Thread-1533] INFO  impl.RoleInfo (RoleInfo.java:updateAndGet(143)) - 18851aac-bbd7-47f5-af1c-17f426b11266: start LeaderElection
2019-09-04 09:32:22,945 [Thread-1537] INFO  impl.FollowerState (FollowerState.java:run(106)) - 0ac595d7-a290-4eb2-9411-ef15ff51c194:group-7CF92F3CE404 changes to CANDIDATE, lastRpcTime:5111, electionTimeout:5111ms
2019-09-04 09:32:22,945 [Thread-1537] INFO  impl.RoleInfo (RoleInfo.java:shutdownFollowerState(121)) - 0ac595d7-a290-4eb2-9411-ef15ff51c194: shutdown FollowerState
2019-09-04 09:32:22,945 [Thread-1537] INFO  impl.RaftServerImpl (RaftServerImpl.java:setRole(171)) - 0ac595d7-a290-4eb2-9411-ef15ff51c194:group-7CF92F3CE404 changes role from FOLLOWER to CANDIDATE at term 0 for changeToCandidate
2019-09-04 09:32:22,945 [Thread-1537] INFO  impl.RoleInfo (RoleInfo.java:updateAndGet(143)) - 0ac595d7-a290-4eb2-9411-ef15ff51c194: start LeaderElection
2019-09-04 09:32:23,012 [Thread-1542] INFO  impl.FollowerState (FollowerState.java:run(106)) - fee90ff4-ae5b-4370-9a2e-b45e68f319a2:group-B1CEE9D27BD6 changes to CANDIDATE, lastRpcTime:5094, electionTimeout:5094ms
2019-09-04 09:32:23,012 [Thread-1542] INFO  impl.RoleInfo (RoleInfo.java:shutdownFollowerState(121)) - fee90ff4-ae5b-4370-9a2e-b45e68f319a2: shutdown FollowerState
2019-09-04 09:32:23,012 [Thread-1542] INFO  impl.RaftServerImpl (RaftServerImpl.java:setRole(171)) - fee90ff4-ae5b-4370-9a2e-b45e68f319a2:group-B1CEE9D27BD6 changes role from FOLLOWER to CANDIDATE at term 0 for changeToCandidate
2019-09-04 09:32:23,012 [Thread-1542] INFO  impl.RoleInfo (RoleInfo.java:updateAndGet(143)) - fee90ff4-ae5b-4370-9a2e-b45e68f319a2: start LeaderElection
2019-09-04 09:32:23,113 | INFO  | SCMAudit | user=jenkins1000 | ip=192.168.69.104 | op=SEND_HEARTBEAT {datanodeUUID=6a110688-e427-4f01-a5b6-cceebbdad1ed, command=[]} | ret=SUCCESS |  
2019-09-04 09:32:23,194 [Thread-1545] INFO  impl.FollowerState (FollowerState.java:run(106)) - 6a110688-e427-4f01-a5b6-cceebbdad1ed:group-9ADDCCAB9EBE changes to CANDIDATE, lastRpcTime:5030, electionTimeout:5030ms
2019-09-04 09:32:23,194 [Thread-1545] INFO  impl.RoleInfo (RoleInfo.java:shutdownFollowerState(121)) - 6a110688-e427-4f01-a5b6-cceebbdad1ed: shutdown FollowerState
2019-09-04 09:32:23,194 [Thread-1545] INFO  impl.RaftServerImpl (RaftServerImpl.java:setRole(171)) - 6a110688-e427-4f01-a5b6-cceebbdad1ed:group-9ADDCCAB9EBE changes role from FOLLOWER to CANDIDATE at term 0 for changeToCandidate
2019-09-04 09:32:23,194 [Thread-1545] INFO  impl.RoleInfo (RoleInfo.java:updateAndGet(143)) - 6a110688-e427-4f01-a5b6-cceebbdad1ed: start LeaderElection
2019-09-04 09:32:23,289 [9626cf3a-220d-42c0-b303-e22d032a63b2:group-05C24F621898:LeaderElection55] INFO  impl.LeaderElection (LeaderElection.java:askForVotes(181)) - 9626cf3a-220d-42c0-b303-e22d032a63b2:group-05C24F621898:LeaderElection55: begin an election at term 1 for -1: [9626cf3a-220d-42c0-b303-e22d032a63b2:192.168.69.104:36191], old=null
2019-09-04 09:32:23,289 [0ac595d7-a290-4eb2-9411-ef15ff51c194:group-7CF92F3CE404:LeaderElection57] INFO  impl.LeaderElection (LeaderElection.java:askForVotes(181)) - 0ac595d7-a290-4eb2-9411-ef15ff51c194:group-7CF92F3CE404:LeaderElection57: begin an election at term 1 for -1: [9626cf3a-220d-42c0-b303-e22d032a63b2:192.168.69.104:36191, 0ac595d7-a290-4eb2-9411-ef15ff51c194:192.168.69.104:46385, 18851aac-bbd7-47f5-af1c-17f426b11266:192.168.69.104:44461], old=null
2019-09-04 09:32:23,289 [9626cf3a-220d-42c0-b303-e22d032a63b2:group-05C24F621898:LeaderElection55] INFO  impl.RoleInfo (RoleInfo.java:shutdownLeaderElection(134)) - 9626cf3a-220d-42c0-b303-e22d032a63b2: shutdown LeaderElection
2019-09-04 09:32:23,289 [18851aac-bbd7-47f5-af1c-17f426b11266:group-7CF92F3CE404:LeaderElection56] INFO  impl.LeaderElection (LeaderElection.java:askForVotes(181)) - 18851aac-bbd7-47f5-af1c-17f426b11266:group-7CF92F3CE404:LeaderElection56: begin an election at term 1 for -1: [9626cf3a-220d-42c0-b303-e22d032a63b2:192.168.69.104:36191, 0ac595d7-a290-4eb2-9411-ef15ff51c194:192.168.69.104:46385, 18851aac-bbd7-47f5-af1c-17f426b11266:192.168.69.104:44461], old=null
2019-09-04 09:32:23,289 [fee90ff4-ae5b-4370-9a2e-b45e68f319a2:group-B1CEE9D27BD6:LeaderElection58] INFO  impl.LeaderElection (LeaderElection.java:askForVotes(181)) - fee90ff4-ae5b-4370-9a2e-b45e68f319a2:group-B1CEE9D27BD6:LeaderElection58: begin an election at term 1 for -1: [fee90ff4-ae5b-4370-9a2e-b45e68f319a2:192.168.69.104:36774], old=null
2019-09-04 09:32:23,289 [9626cf3a-220d-42c0-b303-e22d032a63b2:group-7CF92F3CE404:LeaderElection54] INFO  impl.LeaderElection (LeaderElection.java:askForVotes(181)) - 9626cf3a-220d-42c0-b303-e22d032a63b2:group-7CF92F3CE404:LeaderElection54: begin an election at term 1 for -1: [9626cf3a-220d-42c0-b303-e22d032a63b2:192.168.69.104:36191, 0ac595d7-a290-4eb2-9411-ef15ff51c194:192.168.69.104:46385, 18851aac-bbd7-47f5-af1c-17f426b11266:192.168.69.104:44461], old=null
2019-09-04 09:32:23,289 [fee90ff4-ae5b-4370-9a2e-b45e68f319a2:group-B1CEE9D27BD6:LeaderElection58] INFO  impl.RoleInfo (RoleInfo.java:shutdownLeaderElection(134)) - fee90ff4-ae5b-4370-9a2e-b45e68f319a2: shutdown LeaderElection
2019-09-04 09:32:23,290 [fee90ff4-ae5b-4370-9a2e-b45e68f319a2:group-B1CEE9D27BD6:LeaderElection58] INFO  impl.RaftServerImpl (RaftServerImpl.java:setRole(171)) - fee90ff4-ae5b-4370-9a2e-b45e68f319a2:group-B1CEE9D27BD6 changes role from CANDIDATE to LEADER at term 1 for changeToLeader
2019-09-04 09:32:23,289 [9626cf3a-220d-42c0-b303-e22d032a63b2:group-05C24F621898:LeaderElection55] INFO  impl.RaftServerImpl (RaftServerImpl.java:setRole(171)) - 9626cf3a-220d-42c0-b303-e22d032a63b2:group-05C24F621898 changes role from CANDIDATE to LEADER at term 1 for changeToLeader
2019-09-04 09:32:23,290 [fee90ff4-ae5b-4370-9a2e-b45e68f319a2:group-B1CEE9D27BD6:LeaderElection58] INFO  impl.RaftServerImpl (ServerState.java:setLeader(263)) - fee90ff4-ae5b-4370-9a2e-b45e68f319a2:group-B1CEE9D27BD6 change Leader from null to fee90ff4-ae5b-4370-9a2e-b45e68f319a2 at term 1 for becomeLeader, leader elected after 5376ms
2019-09-04 09:32:23,290 [9626cf3a-220d-42c0-b303-e22d032a63b2:group-05C24F621898:LeaderElection55] INFO  impl.RaftServerImpl (ServerState.java:setLeader(263)) - 9626cf3a-220d-42c0-b303-e22d032a63b2:group-05C24F621898 change Leader from null to 9626cf3a-220d-42c0-b303-e22d032a63b2 at term 1 for becomeLeader, leader elected after 5538ms
2019-09-04 09:32:23,290 [fee90ff4-ae5b-4370-9a2e-b45e68f319a2:group-B1CEE9D27BD6:LeaderElection58] INFO  server.RaftServerConfigKeys (ConfUtils.java:logGet(43)) - raft.server.staging.catchup.gap = 1000 (default)
2019-09-04 09:32:23,290 [9626cf3a-220d-42c0-b303-e22d032a63b2:group-05C24F621898:LeaderElection55] INFO  server.RaftServerConfigKeys (ConfUtils.java:logGet(43)) - raft.server.staging.catchup.gap = 1000 (default)
2019-09-04 09:32:23,290 [fee90ff4-ae5b-4370-9a2e-b45e68f319a2:group-B1CEE9D27BD6:LeaderElection58] INFO  server.RaftServerConfigKeys (ConfUtils.java:logGet(43)) - raft.server.rpc.sleep.time = 25ms (default)
2019-09-04 09:32:23,290 [9626cf3a-220d-42c0-b303-e22d032a63b2:group-05C24F621898:LeaderElection55] INFO  server.RaftServerConfigKeys (ConfUtils.java:logGet(43)) - raft.server.rpc.sleep.time = 25ms (default)
2019-09-04 09:32:23,291 [fee90ff4-ae5b-4370-9a2e-b45e68f319a2:group-B1CEE9D27BD6:LeaderElection58] INFO  server.RaftServerConfigKeys (ConfUtils.java:logGet(43)) - raft.server.write.element-limit = 4096 (default)
2019-09-04 09:32:23,291 [fee90ff4-ae5b-4370-9a2e-b45e68f319a2:group-B1CEE9D27BD6:LeaderElection58] INFO  server.RaftServerConfigKeys (ConfUtils.java:logGet(43)) - raft.server.watch.timeout = 10s (default)
2019-09-04 09:32:23,291 [fee90ff4-ae5b-4370-9a2e-b45e68f319a2:group-B1CEE9D27BD6:LeaderElection58] INFO  server.RaftServerConfigKeys (ConfUtils.java:logGet(43)) - raft.server.watch.timeout.denomination = 1s (default)
2019-09-04 09:32:23,291 [fee90ff4-ae5b-4370-9a2e-b45e68f319a2:group-B1CEE9D27BD6:LeaderElection58] INFO  server.RaftServerConfigKeys (ConfUtils.java:logGet(43)) - raft.server.watch.element-limit = 65536 (default)
2019-09-04 09:32:23,291 [fee90ff4-ae5b-4370-9a2e-b45e68f319a2:group-B1CEE9D27BD6:LeaderElection58] INFO  impl.RoleInfo (RoleInfo.java:updateAndGet(143)) - fee90ff4-ae5b-4370-9a2e-b45e68f319a2: start LeaderState
2019-09-04 09:32:23,291 [fee90ff4-ae5b-4370-9a2e-b45e68f319a2:group-B1CEE9D27BD6:LeaderElection58] INFO  segmented.SegmentedRaftLogWorker (SegmentedRaftLogWorker.java:startLogSegment(380)) - fee90ff4-ae5b-4370-9a2e-b45e68f319a2-SegmentedRaftLogWorker:Storage Directory /workdir/hadoop-ozone/integration-test/target/test-dir/MiniOzoneClusterImpl-597fad41-898a-4cf4-b6ed-aa234846bbff/datanode-3/data/ratis/89ab6da7-46b4-4c16-ac36-b1cee9d27bd6: Starting segment from index:0
2019-09-04 09:32:23,291 [9626cf3a-220d-42c0-b303-e22d032a63b2:group-05C24F621898:LeaderElection55] INFO  server.RaftServerConfigKeys (ConfUtils.java:logGet(43)) - raft.server.write.element-limit = 4096 (default)
2019-09-04 09:32:23,292 [9626cf3a-220d-42c0-b303-e22d032a63b2:group-05C24F621898:LeaderElection55] INFO  server.RaftServerConfigKeys (ConfUtils.java:logGet(43)) - raft.server.watch.timeout = 10s (default)
2019-09-04 09:32:23,292 [fee90ff4-ae5b-4370-9a2e-b45e68f319a2:group-B1CEE9D27BD6:LeaderElection58] INFO  impl.RaftServerImpl (ServerState.java:setRaftConf(361)) - fee90ff4-ae5b-4370-9a2e-b45e68f319a2:group-B1CEE9D27BD6 set configuration 0: [fee90ff4-ae5b-4370-9a2e-b45e68f319a2:192.168.69.104:36774], old=null at 0
2019-09-04 09:32:23,292 [9626cf3a-220d-42c0-b303-e22d032a63b2:group-05C24F621898:LeaderElection55] INFO  server.RaftServerConfigKeys (ConfUtils.java:logGet(43)) - raft.server.watch.timeout.denomination = 1s (default)
2019-09-04 09:32:23,292 [9626cf3a-220d-42c0-b303-e22d032a63b2:group-05C24F621898:LeaderElection55] INFO  server.RaftServerConfigKeys (ConfUtils.java:logGet(43)) - raft.server.watch.element-limit = 65536 (default)
2019-09-04 09:32:23,292 [9626cf3a-220d-42c0-b303-e22d032a63b2:group-05C24F621898:LeaderElection55] INFO  impl.RoleInfo (RoleInfo.java:updateAndGet(143)) - 9626cf3a-220d-42c0-b303-e22d032a63b2: start LeaderState
2019-09-04 09:32:23,293 [9626cf3a-220d-42c0-b303-e22d032a63b2:group-05C24F621898:LeaderElection55] INFO  segmented.SegmentedRaftLogWorker (SegmentedRaftLogWorker.java:startLogSegment(380)) - 9626cf3a-220d-42c0-b303-e22d032a63b2-SegmentedRaftLogWorker:Storage Directory /workdir/hadoop-ozone/integration-test/target/test-dir/MiniOzoneClusterImpl-597fad41-898a-4cf4-b6ed-aa234846bbff/datanode-2/data/ratis/751530ec-2f27-4de2-955c-05c24f621898: Starting segment from index:0
2019-09-04 09:32:23,294 [9626cf3a-220d-42c0-b303-e22d032a63b2:group-05C24F621898:LeaderElection55] INFO  impl.RaftServerImpl (ServerState.java:setRaftConf(361)) - 9626cf3a-220d-42c0-b303-e22d032a63b2:group-05C24F621898 set configuration 0: [9626cf3a-220d-42c0-b303-e22d032a63b2:192.168.69.104:36191], old=null at 0
2019-09-04 09:32:23,296 [0ac595d7-a290-4eb2-9411-ef15ff51c194:group-7CF92F3CE404:LeaderElection57] INFO  impl.LeaderElection (LeaderElection.java:logAndReturn(56)) - 0ac595d7-a290-4eb2-9411-ef15ff51c194:group-7CF92F3CE404:LeaderElection57: Election REJECTED; received 2 response(s) [0ac595d7-a290-4eb2-9411-ef15ff51c194<-9626cf3a-220d-42c0-b303-e22d032a63b2#0:FAIL-t1, 0ac595d7-a290-4eb2-9411-ef15ff51c194<-18851aac-bbd7-47f5-af1c-17f426b11266#0:FAIL-t1] and 0 exception(s); 0ac595d7-a290-4eb2-9411-ef15ff51c194:t1, leader=null, voted=0ac595d7-a290-4eb2-9411-ef15ff51c194, raftlog=0ac595d7-a290-4eb2-9411-ef15ff51c194-SegmentedRaftLog:OPENED:c-1,f-1,i0, conf=-1: [9626cf3a-220d-42c0-b303-e22d032a63b2:192.168.69.104:36191, 0ac595d7-a290-4eb2-9411-ef15ff51c194:192.168.69.104:46385, 18851aac-bbd7-47f5-af1c-17f426b11266:192.168.69.104:44461], old=null
2019-09-04 09:32:23,296 [0ac595d7-a290-4eb2-9411-ef15ff51c194:group-7CF92F3CE404:LeaderElection57] INFO  impl.RaftServerImpl (RaftServerImpl.java:setRole(171)) - 0ac595d7-a290-4eb2-9411-ef15ff51c194:group-7CF92F3CE404 changes role from CANDIDATE to FOLLOWER at term 1 for DISCOVERED_A_NEW_TERM
2019-09-04 09:32:23,296 [9626cf3a-220d-42c0-b303-e22d032a63b2:group-7CF92F3CE404:LeaderElection54] INFO  impl.LeaderElection (LeaderElection.java:logAndReturn(56)) - 9626cf3a-220d-42c0-b303-e22d032a63b2:group-7CF92F3CE404:LeaderElection54: Election REJECTED; received 2 response(s) [9626cf3a-220d-42c0-b303-e22d032a63b2<-0ac595d7-a290-4eb2-9411-ef15ff51c194#0:FAIL-t1, 9626cf3a-220d-42c0-b303-e22d032a63b2<-18851aac-bbd7-47f5-af1c-17f426b11266#0:FAIL-t1] and 0 exception(s); 9626cf3a-220d-42c0-b303-e22d032a63b2:t1, leader=null, voted=9626cf3a-220d-42c0-b303-e22d032a63b2, raftlog=9626cf3a-220d-42c0-b303-e22d032a63b2-SegmentedRaftLog:OPENED:c-1,f-1,i0, conf=-1: [9626cf3a-220d-42c0-b303-e22d032a63b2:192.168.69.104:36191, 0ac595d7-a290-4eb2-9411-ef15ff51c194:192.168.69.104:46385, 18851aac-bbd7-47f5-af1c-17f426b11266:192.168.69.104:44461], old=null
2019-09-04 09:32:23,296 [0ac595d7-a290-4eb2-9411-ef15ff51c194:group-7CF92F3CE404:LeaderElection57] INFO  impl.RoleInfo (RoleInfo.java:shutdownLeaderElection(134)) - 0ac595d7-a290-4eb2-9411-ef15ff51c194: shutdown LeaderElection
2019-09-04 09:32:23,296 [9626cf3a-220d-42c0-b303-e22d032a63b2:group-7CF92F3CE404:LeaderElection54] INFO  impl.RaftServerImpl (RaftServerImpl.java:setRole(171)) - 9626cf3a-220d-42c0-b303-e22d032a63b2:group-7CF92F3CE404 changes role from CANDIDATE to FOLLOWER at term 1 for DISCOVERED_A_NEW_TERM
2019-09-04 09:32:23,297 [9626cf3a-220d-42c0-b303-e22d032a63b2:group-7CF92F3CE404:LeaderElection54] INFO  impl.RoleInfo (RoleInfo.java:shutdownLeaderElection(134)) - 9626cf3a-220d-42c0-b303-e22d032a63b2: shutdown LeaderElection
2019-09-04 09:32:23,297 [18851aac-bbd7-47f5-af1c-17f426b11266:group-7CF92F3CE404:LeaderElection56] INFO  impl.LeaderElection (LeaderElection.java:logAndReturn(56)) - 18851aac-bbd7-47f5-af1c-17f426b11266:group-7CF92F3CE404:LeaderElection56: Election REJECTED; received 2 response(s) [18851aac-bbd7-47f5-af1c-17f426b11266<-9626cf3a-220d-42c0-b303-e22d032a63b2#0:FAIL-t1, 18851aac-bbd7-47f5-af1c-17f426b11266<-0ac595d7-a290-4eb2-9411-ef15ff51c194#0:FAIL-t1] and 0 exception(s); 18851aac-bbd7-47f5-af1c-17f426b11266:t1, leader=null, voted=18851aac-bbd7-47f5-af1c-17f426b11266, raftlog=18851aac-bbd7-47f5-af1c-17f426b11266-SegmentedRaftLog:OPENED:c-1,f-1,i0, conf=-1: [9626cf3a-220d-42c0-b303-e22d032a63b2:192.168.69.104:36191, 0ac595d7-a290-4eb2-9411-ef15ff51c194:192.168.69.104:46385, 18851aac-bbd7-47f5-af1c-17f426b11266:192.168.69.104:44461], old=null
2019-09-04 09:32:23,297 [0ac595d7-a290-4eb2-9411-ef15ff51c194:group-7CF92F3CE404:LeaderElection57] INFO  impl.RoleInfo (RoleInfo.java:updateAndGet(143)) - 0ac595d7-a290-4eb2-9411-ef15ff51c194: start FollowerState
2019-09-04 09:32:23,297 [18851aac-bbd7-47f5-af1c-17f426b11266:group-7CF92F3CE404:LeaderElection56] INFO  impl.RaftServerImpl (RaftServerImpl.java:setRole(171)) - 18851aac-bbd7-47f5-af1c-17f426b11266:group-7CF92F3CE404 changes role from CANDIDATE to FOLLOWER at term 1 for DISCOVERED_A_NEW_TERM
2019-09-04 09:32:23,297 [9626cf3a-220d-42c0-b303-e22d032a63b2:group-7CF92F3CE404:LeaderElection54] INFO  impl.RoleInfo (RoleInfo.java:updateAndGet(143)) - 9626cf3a-220d-42c0-b303-e22d032a63b2: start FollowerState
2019-09-04 09:32:23,297 [18851aac-bbd7-47f5-af1c-17f426b11266:group-7CF92F3CE404:LeaderElection56] INFO  impl.RoleInfo (RoleInfo.java:shutdownLeaderElection(134)) - 18851aac-bbd7-47f5-af1c-17f426b11266: shutdown LeaderElection
2019-09-04 09:32:23,297 [18851aac-bbd7-47f5-af1c-17f426b11266:group-7CF92F3CE404:LeaderElection56] INFO  impl.RoleInfo (RoleInfo.java:updateAndGet(143)) - 18851aac-bbd7-47f5-af1c-17f426b11266: start FollowerState
2019-09-04 09:32:23,308 | INFO  | SCMAudit | user=jenkins1000 | ip=192.168.69.104 | op=SEND_HEARTBEAT {datanodeUUID=e937a017-3f4f-4695-ad6d-cb2753d2b845, command=[]} | ret=SUCCESS |  
2019-09-04 09:32:23,323 | INFO  | SCMAudit | user=jenkins1000 | ip=192.168.69.104 | op=SEND_HEARTBEAT {datanodeUUID=18851aac-bbd7-47f5-af1c-17f426b11266, command=[]} | ret=SUCCESS |  
2019-09-04 09:32:23,480 [Thread-1548] INFO  impl.FollowerState (FollowerState.java:run(106)) - e937a017-3f4f-4695-ad6d-cb2753d2b845:group-9C697A2BEE24 changes to CANDIDATE, lastRpcTime:5108, electionTimeout:5108ms
2019-09-04 09:32:23,480 [Thread-1548] INFO  impl.RoleInfo (RoleInfo.java:shutdownFollowerState(121)) - e937a017-3f4f-4695-ad6d-cb2753d2b845: shutdown FollowerState
2019-09-04 09:32:23,481 [Thread-1548] INFO  impl.RaftServerImpl (RaftServerImpl.java:setRole(171)) - e937a017-3f4f-4695-ad6d-cb2753d2b845:group-9C697A2BEE24 changes role from FOLLOWER to CANDIDATE at term 0 for changeToCandidate
2019-09-04 09:32:23,481 [Thread-1548] INFO  impl.RoleInfo (RoleInfo.java:updateAndGet(143)) - e937a017-3f4f-4695-ad6d-cb2753d2b845: start LeaderElection
2019-09-04 09:32:23,499 [Thread-1557] INFO  impl.FollowerState (FollowerState.java:run(106)) - e937a017-3f4f-4695-ad6d-cb2753d2b845:group-D3EB19309BB2 changes to CANDIDATE, lastRpcTime:5012, electionTimeout:5012ms
2019-09-04 09:32:23,499 [Thread-1557] INFO  impl.RoleInfo (RoleInfo.java:shutdownFollowerState(121)) - e937a017-3f4f-4695-ad6d-cb2753d2b845: shutdown FollowerState
2019-09-04 09:32:23,499 [Thread-1557] INFO  impl.RaftServerImpl (RaftServerImpl.java:setRole(171)) - e937a017-3f4f-4695-ad6d-cb2753d2b845:group-D3EB19309BB2 changes role from FOLLOWER to CANDIDATE at term 0 for changeToCandidate
2019-09-04 09:32:23,499 [Thread-1557] INFO  impl.RoleInfo (RoleInfo.java:updateAndGet(143)) - e937a017-3f4f-4695-ad6d-cb2753d2b845: start LeaderElection
2019-09-04 09:32:23,538 | INFO  | SCMAudit | user=jenkins1000 | ip=192.168.69.104 | op=SEND_HEARTBEAT {datanodeUUID=0ac595d7-a290-4eb2-9411-ef15ff51c194, command=[]} | ret=SUCCESS |  
2019-09-04 09:32:23,591 [Thread-1551] INFO  impl.FollowerState (FollowerState.java:run(106)) - fee90ff4-ae5b-4370-9a2e-b45e68f319a2:group-D3EB19309BB2 changes to CANDIDATE, lastRpcTime:5107, electionTimeout:5106ms
2019-09-04 09:32:23,591 [Thread-1551] INFO  impl.RoleInfo (RoleInfo.java:shutdownFollowerState(121)) - fee90ff4-ae5b-4370-9a2e-b45e68f319a2: shutdown FollowerState
2019-09-04 09:32:23,591 [Thread-1551] INFO  impl.RaftServerImpl (RaftServerImpl.java:setRole(171)) - fee90ff4-ae5b-4370-9a2e-b45e68f319a2:group-D3EB19309BB2 changes role from FOLLOWER to CANDIDATE at term 0 for changeToCandidate
2019-09-04 09:32:23,591 [Thread-1551] INFO  impl.RoleInfo (RoleInfo.java:updateAndGet(143)) - fee90ff4-ae5b-4370-9a2e-b45e68f319a2: start LeaderElection
2019-09-04 09:32:23,640 [Thread-1553] INFO  impl.FollowerState (FollowerState.java:run(106)) - 6a110688-e427-4f01-a5b6-cceebbdad1ed:group-D3EB19309BB2 changes to CANDIDATE, lastRpcTime:5154, electionTimeout:5154ms
2019-09-04 09:32:23,640 [Thread-1553] INFO  impl.RoleInfo (RoleInfo.java:shutdownFollowerState(121)) - 6a110688-e427-4f01-a5b6-cceebbdad1ed: shutdown FollowerState
2019-09-04 09:32:23,640 [Thread-1553] INFO  impl.RaftServerImpl (RaftServerImpl.java:setRole(171)) - 6a110688-e427-4f01-a5b6-cceebbdad1ed:group-D3EB19309BB2 changes role from FOLLOWER to CANDIDATE at term 0 for changeToCandidate
2019-09-04 09:32:23,640 [Thread-1553] INFO  impl.RoleInfo (RoleInfo.java:updateAndGet(143)) - 6a110688-e427-4f01-a5b6-cceebbdad1ed: start LeaderElection
2019-09-04 09:32:23,686 | INFO  | SCMAudit | user=jenkins1000 | ip=192.168.69.104 | op=SEND_HEARTBEAT {datanodeUUID=4e23e929-4fb0-4bb2-876d-c448ab6fdc4c, command=[]} | ret=SUCCESS |  
2019-09-04 09:32:23,711 | INFO  | SCMAudit | user=jenkins1000 | ip=192.168.69.104 | op=SEND_HEARTBEAT {datanodeUUID=9626cf3a-220d-42c0-b303-e22d032a63b2, command=[]} | ret=SUCCESS |  
2019-09-04 09:32:23,763 [Thread-1560] INFO  impl.FollowerState (FollowerState.java:run(106)) - 4e23e929-4fb0-4bb2-876d-c448ab6fdc4c:group-7B35D0E29A67 changes to CANDIDATE, lastRpcTime:5008, electionTimeout:5008ms
2019-09-04 09:32:23,764 [Thread-1560] INFO  impl.RoleInfo (RoleInfo.java:shutdownFollowerState(121)) - 4e23e929-4fb0-4bb2-876d-c448ab6fdc4c: shutdown FollowerState
2019-09-04 09:32:23,764 [Thread-1560] INFO  impl.RaftServerImpl (RaftServerImpl.java:setRole(171)) - 4e23e929-4fb0-4bb2-876d-c448ab6fdc4c:group-7B35D0E29A67 changes role from FOLLOWER to CANDIDATE at term 0 for changeToCandidate
2019-09-04 09:32:23,764 [Thread-1560] INFO  impl.RoleInfo (RoleInfo.java:updateAndGet(143)) - 4e23e929-4fb0-4bb2-876d-c448ab6fdc4c: start LeaderElection
2019-09-04 09:32:23,812 [grpc-default-executor-4] INFO  client.GrpcClientProtocolClient (GrpcClientProtocolClient.java:onNext(255)) - client-41F153F33B00->9626cf3a-220d-42c0-b303-e22d032a63b2: receive RaftClientReply:client-41F153F33B00->9626cf3a-220d-42c0-b303-e22d032a63b2@group-7CF92F3CE404, cid=66, FAILED org.apache.ratis.protocol.NotLeaderException: Server 9626cf3a-220d-42c0-b303-e22d032a63b2 is not the leader (null). Request must be sent to leader., logIndex=0, commits[9626cf3a-220d-42c0-b303-e22d032a63b2:c-1]
2019-09-04 09:32:23,871 | INFO  | SCMAudit | user=jenkins1000 | ip=192.168.69.104 | op=SEND_HEARTBEAT {datanodeUUID=fee90ff4-ae5b-4370-9a2e-b45e68f319a2, command=[]} | ret=SUCCESS |  
2019-09-04 09:32:24,017 [fee90ff4-ae5b-4370-9a2e-b45e68f319a2-SegmentedRaftLogWorker:Storage Directory /workdir/hadoop-ozone/integration-test/target/test-dir/MiniOzoneClusterImpl-597fad41-898a-4cf4-b6ed-aa234846bbff/datanode-3/data/ratis/89ab6da7-46b4-4c16-ac36-b1cee9d27bd6] INFO  segmented.SegmentedRaftLogWorker (SegmentedRaftLogWorker.java:execute(569)) - fee90ff4-ae5b-4370-9a2e-b45e68f319a2-SegmentedRaftLogWorker:Storage Directory /workdir/hadoop-ozone/integration-test/target/test-dir/MiniOzoneClusterImpl-597fad41-898a-4cf4-b6ed-aa234846bbff/datanode-3/data/ratis/89ab6da7-46b4-4c16-ac36-b1cee9d27bd6: created new log segment /workdir/hadoop-ozone/integration-test/target/test-dir/MiniOzoneClusterImpl-597fad41-898a-4cf4-b6ed-aa234846bbff/datanode-3/data/ratis/89ab6da7-46b4-4c16-ac36-b1cee9d27bd6/current/log_inprogress_0
2019-09-04 09:32:24,017 [9626cf3a-220d-42c0-b303-e22d032a63b2-SegmentedRaftLogWorker:Storage Directory /workdir/hadoop-ozone/integration-test/target/test-dir/MiniOzoneClusterImpl-597fad41-898a-4cf4-b6ed-aa234846bbff/datanode-2/data/ratis/751530ec-2f27-4de2-955c-05c24f621898] INFO  segmented.SegmentedRaftLogWorker (SegmentedRaftLogWorker.java:execute(569)) - 9626cf3a-220d-42c0-b303-e22d032a63b2-SegmentedRaftLogWorker:Storage Directory /workdir/hadoop-ozone/integration-test/target/test-dir/MiniOzoneClusterImpl-597fad41-898a-4cf4-b6ed-aa234846bbff/datanode-2/data/ratis/751530ec-2f27-4de2-955c-05c24f621898: created new log segment /workdir/hadoop-ozone/integration-test/target/test-dir/MiniOzoneClusterImpl-597fad41-898a-4cf4-b6ed-aa234846bbff/datanode-2/data/ratis/751530ec-2f27-4de2-955c-05c24f621898/current/log_inprogress_0
2019-09-04 09:32:24,018 [e937a017-3f4f-4695-ad6d-cb2753d2b845:group-9C697A2BEE24:LeaderElection60] INFO  impl.LeaderElection (LeaderElection.java:askForVotes(181)) - e937a017-3f4f-4695-ad6d-cb2753d2b845:group-9C697A2BEE24:LeaderElection60: begin an election at term 1 for -1: [e937a017-3f4f-4695-ad6d-cb2753d2b845:192.168.69.104:37280], old=null
2019-09-04 09:32:24,018 [6a110688-e427-4f01-a5b6-cceebbdad1ed:group-D3EB19309BB2:LeaderElection63] INFO  impl.LeaderElection (LeaderElection.java:askForVotes(181)) - 6a110688-e427-4f01-a5b6-cceebbdad1ed:group-D3EB19309BB2:LeaderElection63: begin an election at term 1 for -1: [e937a017-3f4f-4695-ad6d-cb2753d2b845:192.168.69.104:37280, 6a110688-e427-4f01-a5b6-cceebbdad1ed:192.168.69.104:44028, fee90ff4-ae5b-4370-9a2e-b45e68f319a2:192.168.69.104:36774], old=null
2019-09-04 09:32:24,018 [fee90ff4-ae5b-4370-9a2e-b45e68f319a2:group-D3EB19309BB2:LeaderElection62] INFO  impl.LeaderElection (LeaderElection.java:askForVotes(181)) - fee90ff4-ae5b-4370-9a2e-b45e68f319a2:group-D3EB19309BB2:LeaderElection62: begin an election at term 1 for -1: [e937a017-3f4f-4695-ad6d-cb2753d2b845:192.168.69.104:37280, 6a110688-e427-4f01-a5b6-cceebbdad1ed:192.168.69.104:44028, fee90ff4-ae5b-4370-9a2e-b45e68f319a2:192.168.69.104:36774], old=null
2019-09-04 09:32:24,018 [e937a017-3f4f-4695-ad6d-cb2753d2b845:group-D3EB19309BB2:LeaderElection61] INFO  impl.LeaderElection (LeaderElection.java:askForVotes(181)) - e937a017-3f4f-4695-ad6d-cb2753d2b845:group-D3EB19309BB2:LeaderElection61: begin an election at term 1 for -1: [e937a017-3f4f-4695-ad6d-cb2753d2b845:192.168.69.104:37280, 6a110688-e427-4f01-a5b6-cceebbdad1ed:192.168.69.104:44028, fee90ff4-ae5b-4370-9a2e-b45e68f319a2:192.168.69.104:36774], old=null
2019-09-04 09:32:24,018 [6a110688-e427-4f01-a5b6-cceebbdad1ed:group-9ADDCCAB9EBE:LeaderElection59] INFO  impl.LeaderElection (LeaderElection.java:askForVotes(181)) - 6a110688-e427-4f01-a5b6-cceebbdad1ed:group-9ADDCCAB9EBE:LeaderElection59: begin an election at term 1 for -1: [6a110688-e427-4f01-a5b6-cceebbdad1ed:192.168.69.104:44028], old=null
2019-09-04 09:32:24,018 [e937a017-3f4f-4695-ad6d-cb2753d2b845:group-9C697A2BEE24:LeaderElection60] INFO  impl.RoleInfo (RoleInfo.java:shutdownLeaderElection(134)) - e937a017-3f4f-4695-ad6d-cb2753d2b845: shutdown LeaderElection
2019-09-04 09:32:24,019 [6a110688-e427-4f01-a5b6-cceebbdad1ed:group-9ADDCCAB9EBE:LeaderElection59] INFO  impl.RoleInfo (RoleInfo.java:shutdownLeaderElection(134)) - 6a110688-e427-4f01-a5b6-cceebbdad1ed: shutdown LeaderElection
2019-09-04 09:32:24,019 [e937a017-3f4f-4695-ad6d-cb2753d2b845:group-9C697A2BEE24:LeaderElection60] INFO  impl.RaftServerImpl (RaftServerImpl.java:setRole(171)) - e937a017-3f4f-4695-ad6d-cb2753d2b845:group-9C697A2BEE24 changes role from CANDIDATE to LEADER at term 1 for changeToLeader
2019-09-04 09:32:24,019 [4e23e929-4fb0-4bb2-876d-c448ab6fdc4c:group-7B35D0E29A67:LeaderElection64] INFO  impl.LeaderElection (LeaderElection.java:askForVotes(181)) - 4e23e929-4fb0-4bb2-876d-c448ab6fdc4c:group-7B35D0E29A67:LeaderElection64: begin an election at term 1 for -1: [4e23e929-4fb0-4bb2-876d-c448ab6fdc4c:192.168.69.104:42420], old=null
2019-09-04 09:32:24,019 [6a110688-e427-4f01-a5b6-cceebbdad1ed:group-9ADDCCAB9EBE:LeaderElection59] INFO  impl.RaftServerImpl (RaftServerImpl.java:setRole(171)) - 6a110688-e427-4f01-a5b6-cceebbdad1ed:group-9ADDCCAB9EBE changes role from CANDIDATE to LEADER at term 1 for changeToLeader
2019-09-04 09:32:24,019 [4e23e929-4fb0-4bb2-876d-c448ab6fdc4c:group-7B35D0E29A67:LeaderElection64] INFO  impl.RoleInfo (RoleInfo.java:shutdownLeaderElection(134)) - 4e23e929-4fb0-4bb2-876d-c448ab6fdc4c: shutdown LeaderElection
2019-09-04 09:32:24,019 [e937a017-3f4f-4695-ad6d-cb2753d2b845:group-9C697A2BEE24:LeaderElection60] INFO  impl.RaftServerImpl (ServerState.java:setLeader(263)) - e937a017-3f4f-4695-ad6d-cb2753d2b845:group-9C697A2BEE24 change Leader from null to e937a017-3f4f-4695-ad6d-cb2753d2b845 at term 1 for becomeLeader, leader elected after 5651ms
2019-09-04 09:32:24,019 [4e23e929-4fb0-4bb2-876d-c448ab6fdc4c:group-7B35D0E29A67:LeaderElection64] INFO  impl.RaftServerImpl (RaftServerImpl.java:setRole(171)) - 4e23e929-4fb0-4bb2-876d-c448ab6fdc4c:group-7B35D0E29A67 changes role from CANDIDATE to LEADER at term 1 for changeToLeader
2019-09-04 09:32:24,020 [e937a017-3f4f-4695-ad6d-cb2753d2b845:group-9C697A2BEE24:LeaderElection60] INFO  server.RaftServerConfigKeys (ConfUtils.java:logGet(43)) - raft.server.staging.catchup.gap = 1000 (default)
2019-09-04 09:32:24,019 [6a110688-e427-4f01-a5b6-cceebbdad1ed:group-9ADDCCAB9EBE:LeaderElection59] INFO  impl.RaftServerImpl (ServerState.java:setLeader(263)) - 6a110688-e427-4f01-a5b6-cceebbdad1ed:group-9ADDCCAB9EBE change Leader from null to 6a110688-e427-4f01-a5b6-cceebbdad1ed at term 1 for becomeLeader, leader elected after 5860ms
2019-09-04 09:32:24,020 [e937a017-3f4f-4695-ad6d-cb2753d2b845:group-9C697A2BEE24:LeaderElection60] INFO  server.RaftServerConfigKeys (ConfUtils.java:logGet(43)) - raft.server.rpc.sleep.time = 25ms (default)
2019-09-04 09:32:24,020 [4e23e929-4fb0-4bb2-876d-c448ab6fdc4c:group-7B35D0E29A67:LeaderElection64] INFO  impl.RaftServerImpl (ServerState.java:setLeader(263)) - 4e23e929-4fb0-4bb2-876d-c448ab6fdc4c:group-7B35D0E29A67 change Leader from null to 4e23e929-4fb0-4bb2-876d-c448ab6fdc4c at term 1 for becomeLeader, leader elected after 5270ms
2019-09-04 09:32:24,020 [e937a017-3f4f-4695-ad6d-cb2753d2b845:group-9C697A2BEE24:LeaderElection60] INFO  server.RaftServerConfigKeys (ConfUtils.java:logGet(43)) - raft.server.write.element-limit = 4096 (default)
2019-09-04 09:32:24,020 [6a110688-e427-4f01-a5b6-cceebbdad1ed:group-9ADDCCAB9EBE:LeaderElection59] INFO  server.RaftServerConfigKeys (ConfUtils.java:logGet(43)) - raft.server.staging.catchup.gap = 1000 (default)
2019-09-04 09:32:24,020 [e937a017-3f4f-4695-ad6d-cb2753d2b845:group-9C697A2BEE24:LeaderElection60] INFO  server.RaftServerConfigKeys (ConfUtils.java:logGet(43)) - raft.server.watch.timeout = 10s (default)
2019-09-04 09:32:24,020 [4e23e929-4fb0-4bb2-876d-c448ab6fdc4c:group-7B35D0E29A67:LeaderElection64] INFO  server.RaftServerConfigKeys (ConfUtils.java:logGet(43)) - raft.server.staging.catchup.gap = 1000 (default)
2019-09-04 09:32:24,023 [e937a017-3f4f-4695-ad6d-cb2753d2b845:group-9C697A2BEE24:LeaderElection60] INFO  server.RaftServerConfigKeys (ConfUtils.java:logGet(43)) - raft.server.watch.timeout.denomination = 1s (default)
2019-09-04 09:32:24,023 [e937a017-3f4f-4695-ad6d-cb2753d2b845:group-9C697A2BEE24:LeaderElection60] INFO  server.RaftServerConfigKeys (ConfUtils.java:logGet(43)) - raft.server.watch.element-limit = 65536 (default)
2019-09-04 09:32:24,024 [e937a017-3f4f-4695-ad6d-cb2753d2b845:group-9C697A2BEE24:LeaderElection60] INFO  impl.RoleInfo (RoleInfo.java:updateAndGet(143)) - e937a017-3f4f-4695-ad6d-cb2753d2b845: start LeaderState
2019-09-04 09:32:24,024 [e937a017-3f4f-4695-ad6d-cb2753d2b845:group-9C697A2BEE24:LeaderElection60] INFO  segmented.SegmentedRaftLogWorker (SegmentedRaftLogWorker.java:startLogSegment(380)) - e937a017-3f4f-4695-ad6d-cb2753d2b845-SegmentedRaftLogWorker:Storage Directory /workdir/hadoop-ozone/integration-test/target/test-dir/MiniOzoneClusterImpl-597fad41-898a-4cf4-b6ed-aa234846bbff/datanode-5/data/ratis/dbcdfc46-938c-4173-8c20-9c697a2bee24: Starting segment from index:0
2019-09-04 09:32:24,020 [6a110688-e427-4f01-a5b6-cceebbdad1ed:group-9ADDCCAB9EBE:LeaderElection59] INFO  server.RaftServerConfigKeys (ConfUtils.java:logGet(43)) - raft.server.rpc.sleep.time = 25ms (default)
2019-09-04 09:32:24,023 [4e23e929-4fb0-4bb2-876d-c448ab6fdc4c:group-7B35D0E29A67:LeaderElection64] INFO  server.RaftServerConfigKeys (ConfUtils.java:logGet(43)) - raft.server.rpc.sleep.time = 25ms (default)
2019-09-04 09:32:24,026 [6a110688-e427-4f01-a5b6-cceebbdad1ed:group-9ADDCCAB9EBE:LeaderElection59] INFO  server.RaftServerConfigKeys (ConfUtils.java:logGet(43)) - raft.server.write.element-limit = 4096 (default)
2019-09-04 09:32:24,027 [4e23e929-4fb0-4bb2-876d-c448ab6fdc4c:group-7B35D0E29A67:LeaderElection64] INFO  server.RaftServerConfigKeys (ConfUtils.java:logGet(43)) - raft.server.write.element-limit = 4096 (default)
2019-09-04 09:32:24,026 [e937a017-3f4f-4695-ad6d-cb2753d2b845:group-9C697A2BEE24:LeaderElection60] INFO  impl.RaftServerImpl (ServerState.java:setRaftConf(361)) - e937a017-3f4f-4695-ad6d-cb2753d2b845:group-9C697A2BEE24 set configuration 0: [e937a017-3f4f-4695-ad6d-cb2753d2b845:192.168.69.104:37280], old=null at 0
2019-09-04 09:32:24,027 [4e23e929-4fb0-4bb2-876d-c448ab6fdc4c:group-7B35D0E29A67:LeaderElection64] INFO  server.RaftServerConfigKeys (ConfUtils.java:logGet(43)) - raft.server.watch.timeout = 10s (default)
2019-09-04 09:32:24,027 [6a110688-e427-4f01-a5b6-cceebbdad1ed:group-9ADDCCAB9EBE:LeaderElection59] INFO  server.RaftServerConfigKeys (ConfUtils.java:logGet(43)) - raft.server.watch.timeout = 10s (default)
2019-09-04 09:32:24,027 [4e23e929-4fb0-4bb2-876d-c448ab6fdc4c:group-7B35D0E29A67:LeaderElection64] INFO  server.RaftServerConfigKeys (ConfUtils.java:logGet(43)) - raft.server.watch.timeout.denomination = 1s (default)
2019-09-04 09:32:24,027 [6a110688-e427-4f01-a5b6-cceebbdad1ed:group-9ADDCCAB9EBE:LeaderElection59] INFO  server.RaftServerConfigKeys (ConfUtils.java:logGet(43)) - raft.server.watch.timeout.denomination = 1s (default)
2019-09-04 09:32:24,027 [4e23e929-4fb0-4bb2-876d-c448ab6fdc4c:group-7B35D0E29A67:LeaderElection64] INFO  server.RaftServerConfigKeys (ConfUtils.java:logGet(43)) - raft.server.watch.element-limit = 65536 (default)
2019-09-04 09:32:24,027 [6a110688-e427-4f01-a5b6-cceebbdad1ed:group-9ADDCCAB9EBE:LeaderElection59] INFO  server.RaftServerConfigKeys (ConfUtils.java:logGet(43)) - raft.server.watch.element-limit = 65536 (default)
2019-09-04 09:32:24,027 [4e23e929-4fb0-4bb2-876d-c448ab6fdc4c:group-7B35D0E29A67:LeaderElection64] INFO  impl.RoleInfo (RoleInfo.java:updateAndGet(143)) - 4e23e929-4fb0-4bb2-876d-c448ab6fdc4c: start LeaderState
2019-09-04 09:32:24,028 [6a110688-e427-4f01-a5b6-cceebbdad1ed:group-9ADDCCAB9EBE:LeaderElection59] INFO  impl.RoleInfo (RoleInfo.java:updateAndGet(143)) - 6a110688-e427-4f01-a5b6-cceebbdad1ed: start LeaderState
2019-09-04 09:32:24,028 [4e23e929-4fb0-4bb2-876d-c448ab6fdc4c:group-7B35D0E29A67:LeaderElection64] INFO  segmented.SegmentedRaftLogWorker (SegmentedRaftLogWorker.java:startLogSegment(380)) - 4e23e929-4fb0-4bb2-876d-c448ab6fdc4c-SegmentedRaftLogWorker:Storage Directory /workdir/hadoop-ozone/integration-test/target/test-dir/MiniOzoneClusterImpl-597fad41-898a-4cf4-b6ed-aa234846bbff/datanode-6/data/ratis/b135753c-0eb4-4582-b727-7b35d0e29a67: Starting segment from index:0
2019-09-04 09:32:24,028 [6a110688-e427-4f01-a5b6-cceebbdad1ed:group-9ADDCCAB9EBE:LeaderElection59] INFO  segmented.SegmentedRaftLogWorker (SegmentedRaftLogWorker.java:startLogSegment(380)) - 6a110688-e427-4f01-a5b6-cceebbdad1ed-SegmentedRaftLogWorker:Storage Directory /workdir/hadoop-ozone/integration-test/target/test-dir/MiniOzoneClusterImpl-597fad41-898a-4cf4-b6ed-aa234846bbff/datanode-4/data/ratis/b8521cc3-2762-47ef-a59f-9addccab9ebe: Starting segment from index:0
2019-09-04 09:32:24,028 [4e23e929-4fb0-4bb2-876d-c448ab6fdc4c:group-7B35D0E29A67:LeaderElection64] INFO  impl.RaftServerImpl (ServerState.java:setRaftConf(361)) - 4e23e929-4fb0-4bb2-876d-c448ab6fdc4c:group-7B35D0E29A67 set configuration 0: [4e23e929-4fb0-4bb2-876d-c448ab6fdc4c:192.168.69.104:42420], old=null at 0
2019-09-04 09:32:24,028 [6a110688-e427-4f01-a5b6-cceebbdad1ed:group-9ADDCCAB9EBE:LeaderElection59] INFO  impl.RaftServerImpl (ServerState.java:setRaftConf(361)) - 6a110688-e427-4f01-a5b6-cceebbdad1ed:group-9ADDCCAB9EBE set configuration 0: [6a110688-e427-4f01-a5b6-cceebbdad1ed:192.168.69.104:44028], old=null at 0
2019-09-04 09:32:24,031 [6a110688-e427-4f01-a5b6-cceebbdad1ed:group-D3EB19309BB2:LeaderElection63] INFO  impl.LeaderElection (LeaderElection.java:logAndReturn(56)) - 6a110688-e427-4f01-a5b6-cceebbdad1ed:group-D3EB19309BB2:LeaderElection63: Election REJECTED; received 2 response(s) [6a110688-e427-4f01-a5b6-cceebbdad1ed<-e937a017-3f4f-4695-ad6d-cb2753d2b845#0:FAIL-t1, 6a110688-e427-4f01-a5b6-cceebbdad1ed<-fee90ff4-ae5b-4370-9a2e-b45e68f319a2#0:FAIL-t1] and 0 exception(s); 6a110688-e427-4f01-a5b6-cceebbdad1ed:t1, leader=null, voted=6a110688-e427-4f01-a5b6-cceebbdad1ed, raftlog=6a110688-e427-4f01-a5b6-cceebbdad1ed-SegmentedRaftLog:OPENED:c-1,f-1,i0, conf=-1: [e937a017-3f4f-4695-ad6d-cb2753d2b845:192.168.69.104:37280, 6a110688-e427-4f01-a5b6-cceebbdad1ed:192.168.69.104:44028, fee90ff4-ae5b-4370-9a2e-b45e68f319a2:192.168.69.104:36774], old=null
2019-09-04 09:32:24,032 [6a110688-e427-4f01-a5b6-cceebbdad1ed:group-D3EB19309BB2:LeaderElection63] INFO  impl.RaftServerImpl (RaftServerImpl.java:setRole(171)) - 6a110688-e427-4f01-a5b6-cceebbdad1ed:group-D3EB19309BB2 changes role from CANDIDATE to FOLLOWER at term 1 for DISCOVERED_A_NEW_TERM
2019-09-04 09:32:24,032 [6a110688-e427-4f01-a5b6-cceebbdad1ed:group-D3EB19309BB2:LeaderElection63] INFO  impl.RoleInfo (RoleInfo.java:shutdownLeaderElection(134)) - 6a110688-e427-4f01-a5b6-cceebbdad1ed: shutdown LeaderElection
2019-09-04 09:32:24,032 [6a110688-e427-4f01-a5b6-cceebbdad1ed:group-D3EB19309BB2:LeaderElection63] INFO  impl.RoleInfo (RoleInfo.java:updateAndGet(143)) - 6a110688-e427-4f01-a5b6-cceebbdad1ed: start FollowerState
2019-09-04 09:32:24,033 [fee90ff4-ae5b-4370-9a2e-b45e68f319a2:group-D3EB19309BB2:LeaderElection62] INFO  impl.LeaderElection (LeaderElection.java:logAndReturn(56)) - fee90ff4-ae5b-4370-9a2e-b45e68f319a2:group-D3EB19309BB2:LeaderElection62: Election REJECTED; received 2 response(s) [fee90ff4-ae5b-4370-9a2e-b45e68f319a2<-e937a017-3f4f-4695-ad6d-cb2753d2b845#0:FAIL-t1, fee90ff4-ae5b-4370-9a2e-b45e68f319a2<-6a110688-e427-4f01-a5b6-cceebbdad1ed#0:FAIL-t1] and 0 exception(s); fee90ff4-ae5b-4370-9a2e-b45e68f319a2:t1, leader=null, voted=fee90ff4-ae5b-4370-9a2e-b45e68f319a2, raftlog=fee90ff4-ae5b-4370-9a2e-b45e68f319a2-SegmentedRaftLog:OPENED:c-1,f-1,i0, conf=-1: [e937a017-3f4f-4695-ad6d-cb2753d2b845:192.168.69.104:37280, 6a110688-e427-4f01-a5b6-cceebbdad1ed:192.168.69.104:44028, fee90ff4-ae5b-4370-9a2e-b45e68f319a2:192.168.69.104:36774], old=null
2019-09-04 09:32:24,033 [fee90ff4-ae5b-4370-9a2e-b45e68f319a2:group-D3EB19309BB2:LeaderElection62] INFO  impl.RaftServerImpl (RaftServerImpl.java:setRole(171)) - fee90ff4-ae5b-4370-9a2e-b45e68f319a2:group-D3EB19309BB2 changes role from CANDIDATE to FOLLOWER at term 1 for DISCOVERED_A_NEW_TERM
2019-09-04 09:32:24,033 [fee90ff4-ae5b-4370-9a2e-b45e68f319a2:group-D3EB19309BB2:LeaderElection62] INFO  impl.RoleInfo (RoleInfo.java:shutdownLeaderElection(134)) - fee90ff4-ae5b-4370-9a2e-b45e68f319a2: shutdown LeaderElection
2019-09-04 09:32:24,033 [fee90ff4-ae5b-4370-9a2e-b45e68f319a2:group-D3EB19309BB2:LeaderElection62] INFO  impl.RoleInfo (RoleInfo.java:updateAndGet(143)) - fee90ff4-ae5b-4370-9a2e-b45e68f319a2: start FollowerState
2019-09-04 09:32:24,034 [e937a017-3f4f-4695-ad6d-cb2753d2b845:group-D3EB19309BB2:LeaderElection61] INFO  impl.LeaderElection (LeaderElection.java:logAndReturn(56)) - e937a017-3f4f-4695-ad6d-cb2753d2b845:group-D3EB19309BB2:LeaderElection61: Election REJECTED; received 2 response(s) [e937a017-3f4f-4695-ad6d-cb2753d2b845<-6a110688-e427-4f01-a5b6-cceebbdad1ed#0:FAIL-t1, e937a017-3f4f-4695-ad6d-cb2753d2b845<-fee90ff4-ae5b-4370-9a2e-b45e68f319a2#0:FAIL-t1] and 0 exception(s); e937a017-3f4f-4695-ad6d-cb2753d2b845:t1, leader=null, voted=e937a017-3f4f-4695-ad6d-cb2753d2b845, raftlog=e937a017-3f4f-4695-ad6d-cb2753d2b845-SegmentedRaftLog:OPENED:c-1,f-1,i0, conf=-1: [e937a017-3f4f-4695-ad6d-cb2753d2b845:192.168.69.104:37280, 6a110688-e427-4f01-a5b6-cceebbdad1ed:192.168.69.104:44028, fee90ff4-ae5b-4370-9a2e-b45e68f319a2:192.168.69.104:36774], old=null
2019-09-04 09:32:24,034 [e937a017-3f4f-4695-ad6d-cb2753d2b845:group-D3EB19309BB2:LeaderElection61] INFO  impl.RaftServerImpl (RaftServerImpl.java:setRole(171)) - e937a017-3f4f-4695-ad6d-cb2753d2b845:group-D3EB19309BB2 changes role from CANDIDATE to FOLLOWER at term 1 for DISCOVERED_A_NEW_TERM
2019-09-04 09:32:24,034 [e937a017-3f4f-4695-ad6d-cb2753d2b845:group-D3EB19309BB2:LeaderElection61] INFO  impl.RoleInfo (RoleInfo.java:shutdownLeaderElection(134)) - e937a017-3f4f-4695-ad6d-cb2753d2b845: shutdown LeaderElection
2019-09-04 09:32:24,034 [e937a017-3f4f-4695-ad6d-cb2753d2b845:group-D3EB19309BB2:LeaderElection61] INFO  impl.RoleInfo (RoleInfo.java:updateAndGet(143)) - e937a017-3f4f-4695-ad6d-cb2753d2b845: start FollowerState
2019-09-04 09:32:24,103 [e937a017-3f4f-4695-ad6d-cb2753d2b845-SegmentedRaftLogWorker:Storage Directory /workdir/hadoop-ozone/integration-test/target/test-dir/MiniOzoneClusterImpl-597fad41-898a-4cf4-b6ed-aa234846bbff/datanode-5/data/ratis/dbcdfc46-938c-4173-8c20-9c697a2bee24] INFO  segmented.SegmentedRaftLogWorker (SegmentedRaftLogWorker.java:execute(569)) - e937a017-3f4f-4695-ad6d-cb2753d2b845-SegmentedRaftLogWorker:Storage Directory /workdir/hadoop-ozone/integration-test/target/test-dir/MiniOzoneClusterImpl-597fad41-898a-4cf4-b6ed-aa234846bbff/datanode-5/data/ratis/dbcdfc46-938c-4173-8c20-9c697a2bee24: created new log segment /workdir/hadoop-ozone/integration-test/target/test-dir/MiniOzoneClusterImpl-597fad41-898a-4cf4-b6ed-aa234846bbff/datanode-5/data/ratis/dbcdfc46-938c-4173-8c20-9c697a2bee24/current/log_inprogress_0
2019-09-04 09:32:24,103 [4e23e929-4fb0-4bb2-876d-c448ab6fdc4c-SegmentedRaftLogWorker:Storage Directory /workdir/hadoop-ozone/integration-test/target/test-dir/MiniOzoneClusterImpl-597fad41-898a-4cf4-b6ed-aa234846bbff/datanode-6/data/ratis/b135753c-0eb4-4582-b727-7b35d0e29a67] INFO  segmented.SegmentedRaftLogWorker (SegmentedRaftLogWorker.java:execute(569)) - 4e23e929-4fb0-4bb2-876d-c448ab6fdc4c-SegmentedRaftLogWorker:Storage Directory /workdir/hadoop-ozone/integration-test/target/test-dir/MiniOzoneClusterImpl-597fad41-898a-4cf4-b6ed-aa234846bbff/datanode-6/data/ratis/b135753c-0eb4-4582-b727-7b35d0e29a67: created new log segment /workdir/hadoop-ozone/integration-test/target/test-dir/MiniOzoneClusterImpl-597fad41-898a-4cf4-b6ed-aa234846bbff/datanode-6/data/ratis/b135753c-0eb4-4582-b727-7b35d0e29a67/current/log_inprogress_0
2019-09-04 09:32:24,103 [6a110688-e427-4f01-a5b6-cceebbdad1ed-SegmentedRaftLogWorker:Storage Directory /workdir/hadoop-ozone/integration-test/target/test-dir/MiniOzoneClusterImpl-597fad41-898a-4cf4-b6ed-aa234846bbff/datanode-4/data/ratis/b8521cc3-2762-47ef-a59f-9addccab9ebe] INFO  segmented.SegmentedRaftLogWorker (SegmentedRaftLogWorker.java:execute(569)) - 6a110688-e427-4f01-a5b6-cceebbdad1ed-SegmentedRaftLogWorker:Storage Directory /workdir/hadoop-ozone/integration-test/target/test-dir/MiniOzoneClusterImpl-597fad41-898a-4cf4-b6ed-aa234846bbff/datanode-4/data/ratis/b8521cc3-2762-47ef-a59f-9addccab9ebe: created new log segment /workdir/hadoop-ozone/integration-test/target/test-dir/MiniOzoneClusterImpl-597fad41-898a-4cf4-b6ed-aa234846bbff/datanode-4/data/ratis/b8521cc3-2762-47ef-a59f-9addccab9ebe/current/log_inprogress_0
2019-09-04 09:32:24,114 | INFO  | SCMAudit | user=jenkins1000 | ip=192.168.69.104 | op=SEND_HEARTBEAT {datanodeUUID=6a110688-e427-4f01-a5b6-cceebbdad1ed, command=[]} | ret=SUCCESS |  
2019-09-04 09:32:24,309 | INFO  | SCMAudit | user=jenkins1000 | ip=192.168.69.104 | op=SEND_HEARTBEAT {datanodeUUID=e937a017-3f4f-4695-ad6d-cb2753d2b845, command=[]} | ret=SUCCESS |  
2019-09-04 09:32:24,322 | INFO  | SCMAudit | user=jenkins1000 | ip=192.168.69.104 | op=SEND_HEARTBEAT {datanodeUUID=18851aac-bbd7-47f5-af1c-17f426b11266, command=[]} | ret=SUCCESS |  
2019-09-04 09:32:24,537 | INFO  | SCMAudit | user=jenkins1000 | ip=192.168.69.104 | op=SEND_HEARTBEAT {datanodeUUID=0ac595d7-a290-4eb2-9411-ef15ff51c194, command=[]} | ret=SUCCESS |  
2019-09-04 09:32:24,685 | INFO  | SCMAudit | user=jenkins1000 | ip=192.168.69.104 | op=SEND_HEARTBEAT {datanodeUUID=4e23e929-4fb0-4bb2-876d-c448ab6fdc4c, command=[]} | ret=SUCCESS |  
2019-09-04 09:32:24,712 | INFO  | SCMAudit | user=jenkins1000 | ip=192.168.69.104 | op=SEND_HEARTBEAT {datanodeUUID=9626cf3a-220d-42c0-b303-e22d032a63b2, command=[]} | ret=SUCCESS |  
2019-09-04 09:32:24,832 [grpc-default-executor-3] INFO  client.GrpcClientProtocolClient (GrpcClientProtocolClient.java:onNext(255)) - client-41F153F33B00->18851aac-bbd7-47f5-af1c-17f426b11266: receive RaftClientReply:client-41F153F33B00->18851aac-bbd7-47f5-af1c-17f426b11266@group-7CF92F3CE404, cid=66, FAILED org.apache.ratis.protocol.NotLeaderException: Server 18851aac-bbd7-47f5-af1c-17f426b11266 is not the leader (null). Request must be sent to leader., logIndex=0, commits[18851aac-bbd7-47f5-af1c-17f426b11266:c-1]
2019-09-04 09:32:24,870 | INFO  | SCMAudit | user=jenkins1000 | ip=192.168.69.104 | op=SEND_HEARTBEAT {datanodeUUID=fee90ff4-ae5b-4370-9a2e-b45e68f319a2, command=[]} | ret=SUCCESS |  
2019-09-04 09:32:25,114 | INFO  | SCMAudit | user=jenkins1000 | ip=192.168.69.104 | op=SEND_HEARTBEAT {datanodeUUID=6a110688-e427-4f01-a5b6-cceebbdad1ed, command=[]} | ret=SUCCESS |  
2019-09-04 09:32:25,308 | INFO  | SCMAudit | user=jenkins1000 | ip=192.168.69.104 | op=SEND_HEARTBEAT {datanodeUUID=e937a017-3f4f-4695-ad6d-cb2753d2b845, command=[]} | ret=SUCCESS |  
2019-09-04 09:32:25,322 | INFO  | SCMAudit | user=jenkins1000 | ip=192.168.69.104 | op=SEND_HEARTBEAT {datanodeUUID=18851aac-bbd7-47f5-af1c-17f426b11266, command=[]} | ret=SUCCESS |  
2019-09-04 09:32:25,541 | INFO  | SCMAudit | user=jenkins1000 | ip=192.168.69.104 | op=SEND_HEARTBEAT {datanodeUUID=0ac595d7-a290-4eb2-9411-ef15ff51c194, command=[]} | ret=SUCCESS |  
2019-09-04 09:32:25,686 | INFO  | SCMAudit | user=jenkins1000 | ip=192.168.69.104 | op=SEND_HEARTBEAT {datanodeUUID=4e23e929-4fb0-4bb2-876d-c448ab6fdc4c, command=[]} | ret=SUCCESS |  
2019-09-04 09:32:25,711 | INFO  | SCMAudit | user=jenkins1000 | ip=192.168.69.104 | op=SEND_HEARTBEAT {datanodeUUID=9626cf3a-220d-42c0-b303-e22d032a63b2, command=[]} | ret=SUCCESS |  
2019-09-04 09:32:25,842 [grpc-default-executor-3] INFO  client.GrpcClientProtocolClient (GrpcClientProtocolClient.java:onNext(255)) - client-41F153F33B00->9626cf3a-220d-42c0-b303-e22d032a63b2: receive RaftClientReply:client-41F153F33B00->9626cf3a-220d-42c0-b303-e22d032a63b2@group-7CF92F3CE404, cid=66, FAILED org.apache.ratis.protocol.NotLeaderException: Server 9626cf3a-220d-42c0-b303-e22d032a63b2 is not the leader (null). Request must be sent to leader., logIndex=0, commits[9626cf3a-220d-42c0-b303-e22d032a63b2:c-1]
2019-09-04 09:32:25,870 | INFO  | SCMAudit | user=jenkins1000 | ip=192.168.69.104 | op=SEND_HEARTBEAT {datanodeUUID=fee90ff4-ae5b-4370-9a2e-b45e68f319a2, command=[]} | ret=SUCCESS |  
2019-09-04 09:32:26,115 | INFO  | SCMAudit | user=jenkins1000 | ip=192.168.69.104 | op=SEND_HEARTBEAT {datanodeUUID=6a110688-e427-4f01-a5b6-cceebbdad1ed, command=[]} | ret=SUCCESS |  
2019-09-04 09:32:26,309 | INFO  | SCMAudit | user=jenkins1000 | ip=192.168.69.104 | op=SEND_HEARTBEAT {datanodeUUID=e937a017-3f4f-4695-ad6d-cb2753d2b845, command=[]} | ret=SUCCESS |  
2019-09-04 09:32:26,323 | INFO  | SCMAudit | user=jenkins1000 | ip=192.168.69.104 | op=SEND_HEARTBEAT {datanodeUUID=18851aac-bbd7-47f5-af1c-17f426b11266, command=[]} | ret=SUCCESS |  
2019-09-04 09:32:26,541 | INFO  | SCMAudit | user=jenkins1000 | ip=192.168.69.104 | op=SEND_HEARTBEAT {datanodeUUID=0ac595d7-a290-4eb2-9411-ef15ff51c194, command=[]} | ret=SUCCESS |  
2019-09-04 09:32:26,685 | INFO  | SCMAudit | user=jenkins1000 | ip=192.168.69.104 | op=SEND_HEARTBEAT {datanodeUUID=4e23e929-4fb0-4bb2-876d-c448ab6fdc4c, command=[]} | ret=SUCCESS |  
2019-09-04 09:32:26,712 | INFO  | SCMAudit | user=jenkins1000 | ip=192.168.69.104 | op=SEND_HEARTBEAT {datanodeUUID=9626cf3a-220d-42c0-b303-e22d032a63b2, command=[]} | ret=SUCCESS |  
2019-09-04 09:32:26,852 [grpc-default-executor-3] INFO  client.GrpcClientProtocolClient (GrpcClientProtocolClient.java:onNext(255)) - client-41F153F33B00->0ac595d7-a290-4eb2-9411-ef15ff51c194: receive RaftClientReply:client-41F153F33B00->0ac595d7-a290-4eb2-9411-ef15ff51c194@group-7CF92F3CE404, cid=66, FAILED org.apache.ratis.protocol.NotLeaderException: Server 0ac595d7-a290-4eb2-9411-ef15ff51c194 is not the leader (null). Request must be sent to leader., logIndex=0, commits[0ac595d7-a290-4eb2-9411-ef15ff51c194:c-1]
2019-09-04 09:32:26,870 | INFO  | SCMAudit | user=jenkins1000 | ip=192.168.69.104 | op=SEND_HEARTBEAT {datanodeUUID=fee90ff4-ae5b-4370-9a2e-b45e68f319a2, command=[]} | ret=SUCCESS |  
2019-09-04 09:32:27,114 | INFO  | SCMAudit | user=jenkins1000 | ip=192.168.69.104 | op=SEND_HEARTBEAT {datanodeUUID=6a110688-e427-4f01-a5b6-cceebbdad1ed, command=[]} | ret=SUCCESS |  
2019-09-04 09:32:27,309 | INFO  | SCMAudit | user=jenkins1000 | ip=192.168.69.104 | op=SEND_HEARTBEAT {datanodeUUID=e937a017-3f4f-4695-ad6d-cb2753d2b845, command=[]} | ret=SUCCESS |  
2019-09-04 09:32:27,322 | INFO  | SCMAudit | user=jenkins1000 | ip=192.168.69.104 | op=SEND_HEARTBEAT {datanodeUUID=18851aac-bbd7-47f5-af1c-17f426b11266, command=[]} | ret=SUCCESS |  
2019-09-04 09:32:27,541 | INFO  | SCMAudit | user=jenkins1000 | ip=192.168.69.104 | op=SEND_HEARTBEAT {datanodeUUID=0ac595d7-a290-4eb2-9411-ef15ff51c194, command=[]} | ret=SUCCESS |  
2019-09-04 09:32:27,685 | INFO  | SCMAudit | user=jenkins1000 | ip=192.168.69.104 | op=SEND_HEARTBEAT {datanodeUUID=4e23e929-4fb0-4bb2-876d-c448ab6fdc4c, command=[]} | ret=SUCCESS |  
2019-09-04 09:32:27,712 | INFO  | SCMAudit | user=jenkins1000 | ip=192.168.69.104 | op=SEND_HEARTBEAT {datanodeUUID=9626cf3a-220d-42c0-b303-e22d032a63b2, command=[]} | ret=SUCCESS |  
2019-09-04 09:32:27,871 | INFO  | SCMAudit | user=jenkins1000 | ip=192.168.69.104 | op=SEND_HEARTBEAT {datanodeUUID=fee90ff4-ae5b-4370-9a2e-b45e68f319a2, command=[]} | ret=SUCCESS |  
2019-09-04 09:32:27,878 [grpc-default-executor-3] INFO  client.GrpcClientProtocolClient (GrpcClientProtocolClient.java:onNext(255)) - client-41F153F33B00->9626cf3a-220d-42c0-b303-e22d032a63b2: receive RaftClientReply:client-41F153F33B00->9626cf3a-220d-42c0-b303-e22d032a63b2@group-7CF92F3CE404, cid=66, FAILED org.apache.ratis.protocol.NotLeaderException: Server 9626cf3a-220d-42c0-b303-e22d032a63b2 is not the leader (null). Request must be sent to leader., logIndex=0, commits[9626cf3a-220d-42c0-b303-e22d032a63b2:c-1]
2019-09-04 09:32:28,115 | INFO  | SCMAudit | user=jenkins1000 | ip=192.168.69.104 | op=SEND_HEARTBEAT {datanodeUUID=6a110688-e427-4f01-a5b6-cceebbdad1ed, command=[]} | ret=SUCCESS |  
2019-09-04 09:32:28,310 | INFO  | SCMAudit | user=jenkins1000 | ip=192.168.69.104 | op=SEND_HEARTBEAT {datanodeUUID=e937a017-3f4f-4695-ad6d-cb2753d2b845, command=[]} | ret=SUCCESS |  
2019-09-04 09:32:28,322 | INFO  | SCMAudit | user=jenkins1000 | ip=192.168.69.104 | op=SEND_HEARTBEAT {datanodeUUID=18851aac-bbd7-47f5-af1c-17f426b11266, command=[]} | ret=SUCCESS |  
2019-09-04 09:32:28,402 [Thread-1595] INFO  impl.FollowerState (FollowerState.java:run(106)) - 0ac595d7-a290-4eb2-9411-ef15ff51c194:group-7CF92F3CE404 changes to CANDIDATE, lastRpcTime:5105, electionTimeout:5105ms
2019-09-04 09:32:28,403 [Thread-1595] INFO  impl.RoleInfo (RoleInfo.java:shutdownFollowerState(121)) - 0ac595d7-a290-4eb2-9411-ef15ff51c194: shutdown FollowerState
2019-09-04 09:32:28,403 [Thread-1595] INFO  impl.RaftServerImpl (RaftServerImpl.java:setRole(171)) - 0ac595d7-a290-4eb2-9411-ef15ff51c194:group-7CF92F3CE404 changes role from FOLLOWER to CANDIDATE at term 1 for changeToCandidate
2019-09-04 09:32:28,403 [Thread-1595] INFO  impl.RoleInfo (RoleInfo.java:updateAndGet(143)) - 0ac595d7-a290-4eb2-9411-ef15ff51c194: start LeaderElection
2019-09-04 09:32:28,408 [Thread-1596] INFO  impl.FollowerState (FollowerState.java:run(106)) - 9626cf3a-220d-42c0-b303-e22d032a63b2:group-7CF92F3CE404 changes to CANDIDATE, lastRpcTime:5110, electionTimeout:5110ms
2019-09-04 09:32:28,408 [Thread-1596] INFO  impl.RoleInfo (RoleInfo.java:shutdownFollowerState(121)) - 9626cf3a-220d-42c0-b303-e22d032a63b2: shutdown FollowerState
2019-09-04 09:32:28,408 [Thread-1596] INFO  impl.RaftServerImpl (RaftServerImpl.java:setRole(171)) - 9626cf3a-220d-42c0-b303-e22d032a63b2:group-7CF92F3CE404 changes role from FOLLOWER to CANDIDATE at term 1 for changeToCandidate
2019-09-04 09:32:28,408 [Thread-1596] INFO  impl.RoleInfo (RoleInfo.java:updateAndGet(143)) - 9626cf3a-220d-42c0-b303-e22d032a63b2: start LeaderElection
2019-09-04 09:32:28,420 [Thread-1597] INFO  impl.FollowerState (FollowerState.java:run(106)) - 18851aac-bbd7-47f5-af1c-17f426b11266:group-7CF92F3CE404 changes to CANDIDATE, lastRpcTime:5122, electionTimeout:5122ms
2019-09-04 09:32:28,420 [Thread-1597] INFO  impl.RoleInfo (RoleInfo.java:shutdownFollowerState(121)) - 18851aac-bbd7-47f5-af1c-17f426b11266: shutdown FollowerState
2019-09-04 09:32:28,420 [Thread-1597] INFO  impl.RaftServerImpl (RaftServerImpl.java:setRole(171)) - 18851aac-bbd7-47f5-af1c-17f426b11266:group-7CF92F3CE404 changes role from FOLLOWER to CANDIDATE at term 1 for changeToCandidate
2019-09-04 09:32:28,420 [Thread-1597] INFO  impl.RoleInfo (RoleInfo.java:updateAndGet(143)) - 18851aac-bbd7-47f5-af1c-17f426b11266: start LeaderElection
2019-09-04 09:32:28,422 [9626cf3a-220d-42c0-b303-e22d032a63b2:group-7CF92F3CE404:LeaderElection66] INFO  impl.LeaderElection (LeaderElection.java:askForVotes(181)) - 9626cf3a-220d-42c0-b303-e22d032a63b2:group-7CF92F3CE404:LeaderElection66: begin an election at term 2 for -1: [9626cf3a-220d-42c0-b303-e22d032a63b2:192.168.69.104:36191, 0ac595d7-a290-4eb2-9411-ef15ff51c194:192.168.69.104:46385, 18851aac-bbd7-47f5-af1c-17f426b11266:192.168.69.104:44461], old=null
2019-09-04 09:32:28,422 [0ac595d7-a290-4eb2-9411-ef15ff51c194:group-7CF92F3CE404:LeaderElection65] INFO  impl.LeaderElection (LeaderElection.java:askForVotes(181)) - 0ac595d7-a290-4eb2-9411-ef15ff51c194:group-7CF92F3CE404:LeaderElection65: begin an election at term 2 for -1: [9626cf3a-220d-42c0-b303-e22d032a63b2:192.168.69.104:36191, 0ac595d7-a290-4eb2-9411-ef15ff51c194:192.168.69.104:46385, 18851aac-bbd7-47f5-af1c-17f426b11266:192.168.69.104:44461], old=null
2019-09-04 09:32:28,448 [18851aac-bbd7-47f5-af1c-17f426b11266:group-7CF92F3CE404:LeaderElection67] INFO  impl.LeaderElection (LeaderElection.java:askForVotes(181)) - 18851aac-bbd7-47f5-af1c-17f426b11266:group-7CF92F3CE404:LeaderElection67: begin an election at term 2 for -1: [9626cf3a-220d-42c0-b303-e22d032a63b2:192.168.69.104:36191, 0ac595d7-a290-4eb2-9411-ef15ff51c194:192.168.69.104:46385, 18851aac-bbd7-47f5-af1c-17f426b11266:192.168.69.104:44461], old=null
2019-09-04 09:32:28,450 [0ac595d7-a290-4eb2-9411-ef15ff51c194:group-7CF92F3CE404:LeaderElection65] INFO  impl.LeaderElection (LeaderElection.java:logAndReturn(56)) - 0ac595d7-a290-4eb2-9411-ef15ff51c194:group-7CF92F3CE404:LeaderElection65: Election REJECTED; received 2 response(s) [0ac595d7-a290-4eb2-9411-ef15ff51c194<-9626cf3a-220d-42c0-b303-e22d032a63b2#0:FAIL-t2, 0ac595d7-a290-4eb2-9411-ef15ff51c194<-18851aac-bbd7-47f5-af1c-17f426b11266#0:FAIL-t2] and 0 exception(s); 0ac595d7-a290-4eb2-9411-ef15ff51c194:t2, leader=null, voted=0ac595d7-a290-4eb2-9411-ef15ff51c194, raftlog=0ac595d7-a290-4eb2-9411-ef15ff51c194-SegmentedRaftLog:OPENED:c-1,f-1,i0, conf=-1: [9626cf3a-220d-42c0-b303-e22d032a63b2:192.168.69.104:36191, 0ac595d7-a290-4eb2-9411-ef15ff51c194:192.168.69.104:46385, 18851aac-bbd7-47f5-af1c-17f426b11266:192.168.69.104:44461], old=null
2019-09-04 09:32:28,450 [9626cf3a-220d-42c0-b303-e22d032a63b2:group-7CF92F3CE404:LeaderElection66] INFO  impl.LeaderElection (LeaderElection.java:logAndReturn(56)) - 9626cf3a-220d-42c0-b303-e22d032a63b2:group-7CF92F3CE404:LeaderElection66: Election REJECTED; received 2 response(s) [9626cf3a-220d-42c0-b303-e22d032a63b2<-0ac595d7-a290-4eb2-9411-ef15ff51c194#0:FAIL-t2, 9626cf3a-220d-42c0-b303-e22d032a63b2<-18851aac-bbd7-47f5-af1c-17f426b11266#0:FAIL-t2] and 0 exception(s); 9626cf3a-220d-42c0-b303-e22d032a63b2:t2, leader=null, voted=9626cf3a-220d-42c0-b303-e22d032a63b2, raftlog=9626cf3a-220d-42c0-b303-e22d032a63b2-SegmentedRaftLog:OPENED:c-1,f-1,i0, conf=-1: [9626cf3a-220d-42c0-b303-e22d032a63b2:192.168.69.104:36191, 0ac595d7-a290-4eb2-9411-ef15ff51c194:192.168.69.104:46385, 18851aac-bbd7-47f5-af1c-17f426b11266:192.168.69.104:44461], old=null
2019-09-04 09:32:28,450 [0ac595d7-a290-4eb2-9411-ef15ff51c194:group-7CF92F3CE404:LeaderElection65] INFO  impl.RaftServerImpl (RaftServerImpl.java:setRole(171)) - 0ac595d7-a290-4eb2-9411-ef15ff51c194:group-7CF92F3CE404 changes role from CANDIDATE to FOLLOWER at term 2 for DISCOVERED_A_NEW_TERM
2019-09-04 09:32:28,450 [0ac595d7-a290-4eb2-9411-ef15ff51c194:group-7CF92F3CE404:LeaderElection65] INFO  impl.RoleInfo (RoleInfo.java:shutdownLeaderElection(134)) - 0ac595d7-a290-4eb2-9411-ef15ff51c194: shutdown LeaderElection
2019-09-04 09:32:28,450 [9626cf3a-220d-42c0-b303-e22d032a63b2:group-7CF92F3CE404:LeaderElection66] INFO  impl.RaftServerImpl (RaftServerImpl.java:setRole(171)) - 9626cf3a-220d-42c0-b303-e22d032a63b2:group-7CF92F3CE404 changes role from CANDIDATE to FOLLOWER at term 2 for DISCOVERED_A_NEW_TERM
2019-09-04 09:32:28,451 [9626cf3a-220d-42c0-b303-e22d032a63b2:group-7CF92F3CE404:LeaderElection66] INFO  impl.RoleInfo (RoleInfo.java:shutdownLeaderElection(134)) - 9626cf3a-220d-42c0-b303-e22d032a63b2: shutdown LeaderElection
2019-09-04 09:32:28,451 [0ac595d7-a290-4eb2-9411-ef15ff51c194:group-7CF92F3CE404:LeaderElection65] INFO  impl.RoleInfo (RoleInfo.java:updateAndGet(143)) - 0ac595d7-a290-4eb2-9411-ef15ff51c194: start FollowerState
2019-09-04 09:32:28,451 [9626cf3a-220d-42c0-b303-e22d032a63b2:group-7CF92F3CE404:LeaderElection66] INFO  impl.RoleInfo (RoleInfo.java:updateAndGet(143)) - 9626cf3a-220d-42c0-b303-e22d032a63b2: start FollowerState
2019-09-04 09:32:28,456 [18851aac-bbd7-47f5-af1c-17f426b11266:group-7CF92F3CE404:LeaderElection67] INFO  impl.LeaderElection (LeaderElection.java:logAndReturn(56)) - 18851aac-bbd7-47f5-af1c-17f426b11266:group-7CF92F3CE404:LeaderElection67: Election REJECTED; received 2 response(s) [18851aac-bbd7-47f5-af1c-17f426b11266<-9626cf3a-220d-42c0-b303-e22d032a63b2#0:FAIL-t2, 18851aac-bbd7-47f5-af1c-17f426b11266<-0ac595d7-a290-4eb2-9411-ef15ff51c194#0:FAIL-t2] and 0 exception(s); 18851aac-bbd7-47f5-af1c-17f426b11266:t2, leader=null, voted=18851aac-bbd7-47f5-af1c-17f426b11266, raftlog=18851aac-bbd7-47f5-af1c-17f426b11266-SegmentedRaftLog:OPENED:c-1,f-1,i0, conf=-1: [9626cf3a-220d-42c0-b303-e22d032a63b2:192.168.69.104:36191, 0ac595d7-a290-4eb2-9411-ef15ff51c194:192.168.69.104:46385, 18851aac-bbd7-47f5-af1c-17f426b11266:192.168.69.104:44461], old=null
2019-09-04 09:32:28,456 [18851aac-bbd7-47f5-af1c-17f426b11266:group-7CF92F3CE404:LeaderElection67] INFO  impl.RaftServerImpl (RaftServerImpl.java:setRole(171)) - 18851aac-bbd7-47f5-af1c-17f426b11266:group-7CF92F3CE404 changes role from CANDIDATE to FOLLOWER at term 2 for DISCOVERED_A_NEW_TERM
2019-09-04 09:32:28,457 [18851aac-bbd7-47f5-af1c-17f426b11266:group-7CF92F3CE404:LeaderElection67] INFO  impl.RoleInfo (RoleInfo.java:shutdownLeaderElection(134)) - 18851aac-bbd7-47f5-af1c-17f426b11266: shutdown LeaderElection
2019-09-04 09:32:28,457 [18851aac-bbd7-47f5-af1c-17f426b11266:group-7CF92F3CE404:LeaderElection67] INFO  impl.RoleInfo (RoleInfo.java:updateAndGet(143)) - 18851aac-bbd7-47f5-af1c-17f426b11266: start FollowerState
2019-09-04 09:32:28,542 | INFO  | SCMAudit | user=jenkins1000 | ip=192.168.69.104 | op=SEND_HEARTBEAT {datanodeUUID=0ac595d7-a290-4eb2-9411-ef15ff51c194, command=[]} | ret=SUCCESS |  
2019-09-04 09:32:28,686 | INFO  | SCMAudit | user=jenkins1000 | ip=192.168.69.104 | op=SEND_HEARTBEAT {datanodeUUID=4e23e929-4fb0-4bb2-876d-c448ab6fdc4c, command=[]} | ret=SUCCESS |  
2019-09-04 09:32:28,713 | INFO  | SCMAudit | user=jenkins1000 | ip=192.168.69.104 | op=SEND_HEARTBEAT {datanodeUUID=9626cf3a-220d-42c0-b303-e22d032a63b2, command=[]} | ret=SUCCESS |  
2019-09-04 09:32:28,871 | INFO  | SCMAudit | user=jenkins1000 | ip=192.168.69.104 | op=SEND_HEARTBEAT {datanodeUUID=fee90ff4-ae5b-4370-9a2e-b45e68f319a2, command=[]} | ret=SUCCESS |  
2019-09-04 09:32:28,894 [grpc-default-executor-5] INFO  client.GrpcClientProtocolClient (GrpcClientProtocolClient.java:onNext(255)) - client-41F153F33B00->0ac595d7-a290-4eb2-9411-ef15ff51c194: receive RaftClientReply:client-41F153F33B00->0ac595d7-a290-4eb2-9411-ef15ff51c194@group-7CF92F3CE404, cid=66, FAILED org.apache.ratis.protocol.NotLeaderException: Server 0ac595d7-a290-4eb2-9411-ef15ff51c194 is not the leader (null). Request must be sent to leader., logIndex=0, commits[0ac595d7-a290-4eb2-9411-ef15ff51c194:c-1]
2019-09-04 09:32:29,115 | INFO  | SCMAudit | user=jenkins1000 | ip=192.168.69.104 | op=SEND_HEARTBEAT {datanodeUUID=6a110688-e427-4f01-a5b6-cceebbdad1ed, command=[]} | ret=SUCCESS |  
2019-09-04 09:32:29,125 [Thread-1616] INFO  impl.FollowerState (FollowerState.java:run(106)) - fee90ff4-ae5b-4370-9a2e-b45e68f319a2:group-D3EB19309BB2 changes to CANDIDATE, lastRpcTime:5091, electionTimeout:5091ms
2019-09-04 09:32:29,125 [Thread-1616] INFO  impl.RoleInfo (RoleInfo.java:shutdownFollowerState(121)) - fee90ff4-ae5b-4370-9a2e-b45e68f319a2: shutdown FollowerState
2019-09-04 09:32:29,125 [Thread-1616] INFO  impl.RaftServerImpl (RaftServerImpl.java:setRole(171)) - fee90ff4-ae5b-4370-9a2e-b45e68f319a2:group-D3EB19309BB2 changes role from FOLLOWER to CANDIDATE at term 1 for changeToCandidate
2019-09-04 09:32:29,125 [Thread-1616] INFO  impl.RoleInfo (RoleInfo.java:updateAndGet(143)) - fee90ff4-ae5b-4370-9a2e-b45e68f319a2: start LeaderElection
2019-09-04 09:32:29,129 [Thread-1617] INFO  impl.FollowerState (FollowerState.java:run(106)) - e937a017-3f4f-4695-ad6d-cb2753d2b845:group-D3EB19309BB2 changes to CANDIDATE, lastRpcTime:5094, electionTimeout:5094ms
2019-09-04 09:32:29,129 [Thread-1617] INFO  impl.RoleInfo (RoleInfo.java:shutdownFollowerState(121)) - e937a017-3f4f-4695-ad6d-cb2753d2b845: shutdown FollowerState
2019-09-04 09:32:29,129 [Thread-1617] INFO  impl.RaftServerImpl (RaftServerImpl.java:setRole(171)) - e937a017-3f4f-4695-ad6d-cb2753d2b845:group-D3EB19309BB2 changes role from FOLLOWER to CANDIDATE at term 1 for changeToCandidate
2019-09-04 09:32:29,129 [Thread-1617] INFO  impl.RoleInfo (RoleInfo.java:updateAndGet(143)) - e937a017-3f4f-4695-ad6d-cb2753d2b845: start LeaderElection
2019-09-04 09:32:29,153 [Thread-1615] INFO  impl.FollowerState (FollowerState.java:run(106)) - 6a110688-e427-4f01-a5b6-cceebbdad1ed:group-D3EB19309BB2 changes to CANDIDATE, lastRpcTime:5120, electionTimeout:5120ms
2019-09-04 09:32:29,153 [Thread-1615] INFO  impl.RoleInfo (RoleInfo.java:shutdownFollowerState(121)) - 6a110688-e427-4f01-a5b6-cceebbdad1ed: shutdown FollowerState
2019-09-04 09:32:29,153 [Thread-1615] INFO  impl.RaftServerImpl (RaftServerImpl.java:setRole(171)) - 6a110688-e427-4f01-a5b6-cceebbdad1ed:group-D3EB19309BB2 changes role from FOLLOWER to CANDIDATE at term 1 for changeToCandidate
2019-09-04 09:32:29,153 [Thread-1615] INFO  impl.RoleInfo (RoleInfo.java:updateAndGet(143)) - 6a110688-e427-4f01-a5b6-cceebbdad1ed: start LeaderElection
2019-09-04 09:32:29,155 [fee90ff4-ae5b-4370-9a2e-b45e68f319a2:group-D3EB19309BB2:LeaderElection68] INFO  impl.LeaderElection (LeaderElection.java:askForVotes(181)) - fee90ff4-ae5b-4370-9a2e-b45e68f319a2:group-D3EB19309BB2:LeaderElection68: begin an election at term 2 for -1: [e937a017-3f4f-4695-ad6d-cb2753d2b845:192.168.69.104:37280, 6a110688-e427-4f01-a5b6-cceebbdad1ed:192.168.69.104:44028, fee90ff4-ae5b-4370-9a2e-b45e68f319a2:192.168.69.104:36774], old=null
2019-09-04 09:32:29,155 [e937a017-3f4f-4695-ad6d-cb2753d2b845:group-D3EB19309BB2:LeaderElection69] INFO  impl.LeaderElection (LeaderElection.java:askForVotes(181)) - e937a017-3f4f-4695-ad6d-cb2753d2b845:group-D3EB19309BB2:LeaderElection69: begin an election at term 2 for -1: [e937a017-3f4f-4695-ad6d-cb2753d2b845:192.168.69.104:37280, 6a110688-e427-4f01-a5b6-cceebbdad1ed:192.168.69.104:44028, fee90ff4-ae5b-4370-9a2e-b45e68f319a2:192.168.69.104:36774], old=null
2019-09-04 09:32:29,179 [6a110688-e427-4f01-a5b6-cceebbdad1ed:group-D3EB19309BB2:LeaderElection70] INFO  impl.LeaderElection (LeaderElection.java:askForVotes(181)) - 6a110688-e427-4f01-a5b6-cceebbdad1ed:group-D3EB19309BB2:LeaderElection70: begin an election at term 2 for -1: [e937a017-3f4f-4695-ad6d-cb2753d2b845:192.168.69.104:37280, 6a110688-e427-4f01-a5b6-cceebbdad1ed:192.168.69.104:44028, fee90ff4-ae5b-4370-9a2e-b45e68f319a2:192.168.69.104:36774], old=null
2019-09-04 09:32:29,179 [e937a017-3f4f-4695-ad6d-cb2753d2b845:group-D3EB19309BB2:LeaderElection69] INFO  impl.LeaderElection (LeaderElection.java:logAndReturn(56)) - e937a017-3f4f-4695-ad6d-cb2753d2b845:group-D3EB19309BB2:LeaderElection69: Election REJECTED; received 2 response(s) [e937a017-3f4f-4695-ad6d-cb2753d2b845<-6a110688-e427-4f01-a5b6-cceebbdad1ed#0:FAIL-t2, e937a017-3f4f-4695-ad6d-cb2753d2b845<-fee90ff4-ae5b-4370-9a2e-b45e68f319a2#0:FAIL-t2] and 0 exception(s); e937a017-3f4f-4695-ad6d-cb2753d2b845:t2, leader=null, voted=e937a017-3f4f-4695-ad6d-cb2753d2b845, raftlog=e937a017-3f4f-4695-ad6d-cb2753d2b845-SegmentedRaftLog:OPENED:c-1,f-1,i0, conf=-1: [e937a017-3f4f-4695-ad6d-cb2753d2b845:192.168.69.104:37280, 6a110688-e427-4f01-a5b6-cceebbdad1ed:192.168.69.104:44028, fee90ff4-ae5b-4370-9a2e-b45e68f319a2:192.168.69.104:36774], old=null
2019-09-04 09:32:29,180 [fee90ff4-ae5b-4370-9a2e-b45e68f319a2:group-D3EB19309BB2:LeaderElection68] INFO  impl.LeaderElection (LeaderElection.java:logAndReturn(56)) - fee90ff4-ae5b-4370-9a2e-b45e68f319a2:group-D3EB19309BB2:LeaderElection68: Election REJECTED; received 2 response(s) [fee90ff4-ae5b-4370-9a2e-b45e68f319a2<-e937a017-3f4f-4695-ad6d-cb2753d2b845#0:FAIL-t2, fee90ff4-ae5b-4370-9a2e-b45e68f319a2<-6a110688-e427-4f01-a5b6-cceebbdad1ed#0:FAIL-t2] and 0 exception(s); fee90ff4-ae5b-4370-9a2e-b45e68f319a2:t2, leader=null, voted=fee90ff4-ae5b-4370-9a2e-b45e68f319a2, raftlog=fee90ff4-ae5b-4370-9a2e-b45e68f319a2-SegmentedRaftLog:OPENED:c-1,f-1,i0, conf=-1: [e937a017-3f4f-4695-ad6d-cb2753d2b845:192.168.69.104:37280, 6a110688-e427-4f01-a5b6-cceebbdad1ed:192.168.69.104:44028, fee90ff4-ae5b-4370-9a2e-b45e68f319a2:192.168.69.104:36774], old=null
2019-09-04 09:32:29,180 [e937a017-3f4f-4695-ad6d-cb2753d2b845:group-D3EB19309BB2:LeaderElection69] INFO  impl.RaftServerImpl (RaftServerImpl.java:setRole(171)) - e937a017-3f4f-4695-ad6d-cb2753d2b845:group-D3EB19309BB2 changes role from CANDIDATE to FOLLOWER at term 2 for DISCOVERED_A_NEW_TERM
2019-09-04 09:32:29,180 [fee90ff4-ae5b-4370-9a2e-b45e68f319a2:group-D3EB19309BB2:LeaderElection68] INFO  impl.RaftServerImpl (RaftServerImpl.java:setRole(171)) - fee90ff4-ae5b-4370-9a2e-b45e68f319a2:group-D3EB19309BB2 changes role from CANDIDATE to FOLLOWER at term 2 for DISCOVERED_A_NEW_TERM
2019-09-04 09:32:29,180 [e937a017-3f4f-4695-ad6d-cb2753d2b845:group-D3EB19309BB2:LeaderElection69] INFO  impl.RoleInfo (RoleInfo.java:shutdownLeaderElection(134)) - e937a017-3f4f-4695-ad6d-cb2753d2b845: shutdown LeaderElection
2019-09-04 09:32:29,180 [fee90ff4-ae5b-4370-9a2e-b45e68f319a2:group-D3EB19309BB2:LeaderElection68] INFO  impl.RoleInfo (RoleInfo.java:shutdownLeaderElection(134)) - fee90ff4-ae5b-4370-9a2e-b45e68f319a2: shutdown LeaderElection
2019-09-04 09:32:29,180 [e937a017-3f4f-4695-ad6d-cb2753d2b845:group-D3EB19309BB2:LeaderElection69] INFO  impl.RoleInfo (RoleInfo.java:updateAndGet(143)) - e937a017-3f4f-4695-ad6d-cb2753d2b845: start FollowerState
2019-09-04 09:32:29,180 [fee90ff4-ae5b-4370-9a2e-b45e68f319a2:group-D3EB19309BB2:LeaderElection68] INFO  impl.RoleInfo (RoleInfo.java:updateAndGet(143)) - fee90ff4-ae5b-4370-9a2e-b45e68f319a2: start FollowerState
2019-09-04 09:32:29,181 [6a110688-e427-4f01-a5b6-cceebbdad1ed:group-D3EB19309BB2:LeaderElection70] INFO  impl.LeaderElection (LeaderElection.java:logAndReturn(56)) - 6a110688-e427-4f01-a5b6-cceebbdad1ed:group-D3EB19309BB2:LeaderElection70: Election REJECTED; received 2 response(s) [6a110688-e427-4f01-a5b6-cceebbdad1ed<-e937a017-3f4f-4695-ad6d-cb2753d2b845#0:FAIL-t2, 6a110688-e427-4f01-a5b6-cceebbdad1ed<-fee90ff4-ae5b-4370-9a2e-b45e68f319a2#0:FAIL-t2] and 0 exception(s); 6a110688-e427-4f01-a5b6-cceebbdad1ed:t2, leader=null, voted=6a110688-e427-4f01-a5b6-cceebbdad1ed, raftlog=6a110688-e427-4f01-a5b6-cceebbdad1ed-SegmentedRaftLog:OPENED:c-1,f-1,i0, conf=-1: [e937a017-3f4f-4695-ad6d-cb2753d2b845:192.168.69.104:37280, 6a110688-e427-4f01-a5b6-cceebbdad1ed:192.168.69.104:44028, fee90ff4-ae5b-4370-9a2e-b45e68f319a2:192.168.69.104:36774], old=null
2019-09-04 09:32:29,181 [6a110688-e427-4f01-a5b6-cceebbdad1ed:group-D3EB19309BB2:LeaderElection70] INFO  impl.RaftServerImpl (RaftServerImpl.java:setRole(171)) - 6a110688-e427-4f01-a5b6-cceebbdad1ed:group-D3EB19309BB2 changes role from CANDIDATE to FOLLOWER at term 2 for DISCOVERED_A_NEW_TERM
2019-09-04 09:32:29,181 [6a110688-e427-4f01-a5b6-cceebbdad1ed:group-D3EB19309BB2:LeaderElection70] INFO  impl.RoleInfo (RoleInfo.java:shutdownLeaderElection(134)) - 6a110688-e427-4f01-a5b6-cceebbdad1ed: shutdown LeaderElection
2019-09-04 09:32:29,181 [6a110688-e427-4f01-a5b6-cceebbdad1ed:group-D3EB19309BB2:LeaderElection70] INFO  impl.RoleInfo (RoleInfo.java:updateAndGet(143)) - 6a110688-e427-4f01-a5b6-cceebbdad1ed: start FollowerState
2019-09-04 09:32:29,311 | INFO  | SCMAudit | user=jenkins1000 | ip=192.168.69.104 | op=SEND_HEARTBEAT {datanodeUUID=e937a017-3f4f-4695-ad6d-cb2753d2b845, command=[]} | ret=SUCCESS |  
2019-09-04 09:32:29,322 | INFO  | SCMAudit | user=jenkins1000 | ip=192.168.69.104 | op=SEND_HEARTBEAT {datanodeUUID=18851aac-bbd7-47f5-af1c-17f426b11266, command=[]} | ret=SUCCESS |  
2019-09-04 09:32:29,541 | INFO  | SCMAudit | user=jenkins1000 | ip=192.168.69.104 | op=SEND_HEARTBEAT {datanodeUUID=0ac595d7-a290-4eb2-9411-ef15ff51c194, command=[]} | ret=SUCCESS |  
2019-09-04 09:32:29,686 | INFO  | SCMAudit | user=jenkins1000 | ip=192.168.69.104 | op=SEND_HEARTBEAT {datanodeUUID=4e23e929-4fb0-4bb2-876d-c448ab6fdc4c, command=[]} | ret=SUCCESS |  
2019-09-04 09:32:29,712 | INFO  | SCMAudit | user=jenkins1000 | ip=192.168.69.104 | op=SEND_HEARTBEAT {datanodeUUID=9626cf3a-220d-42c0-b303-e22d032a63b2, command=[]} | ret=SUCCESS |  
2019-09-04 09:32:29,870 | INFO  | SCMAudit | user=jenkins1000 | ip=192.168.69.104 | op=SEND_HEARTBEAT {datanodeUUID=fee90ff4-ae5b-4370-9a2e-b45e68f319a2, command=[]} | ret=SUCCESS |  
2019-09-04 09:32:29,905 [grpc-default-executor-5] INFO  client.GrpcClientProtocolClient (GrpcClientProtocolClient.java:onNext(255)) - client-41F153F33B00->18851aac-bbd7-47f5-af1c-17f426b11266: receive RaftClientReply:client-41F153F33B00->18851aac-bbd7-47f5-af1c-17f426b11266@group-7CF92F3CE404, cid=66, FAILED org.apache.ratis.protocol.NotLeaderException: Server 18851aac-bbd7-47f5-af1c-17f426b11266 is not the leader (null). Request must be sent to leader., logIndex=0, commits[18851aac-bbd7-47f5-af1c-17f426b11266:c-1]
2019-09-04 09:32:30,116 | INFO  | SCMAudit | user=jenkins1000 | ip=192.168.69.104 | op=SEND_HEARTBEAT {datanodeUUID=6a110688-e427-4f01-a5b6-cceebbdad1ed, command=[]} | ret=SUCCESS |  
2019-09-04 09:32:30,311 | INFO  | SCMAudit | user=jenkins1000 | ip=192.168.69.104 | op=SEND_HEARTBEAT {datanodeUUID=e937a017-3f4f-4695-ad6d-cb2753d2b845, command=[]} | ret=SUCCESS |  
2019-09-04 09:32:30,322 | INFO  | SCMAudit | user=jenkins1000 | ip=192.168.69.104 | op=SEND_HEARTBEAT {datanodeUUID=18851aac-bbd7-47f5-af1c-17f426b11266, command=[]} | ret=SUCCESS |  
2019-09-04 09:32:30,541 | INFO  | SCMAudit | user=jenkins1000 | ip=192.168.69.104 | op=SEND_HEARTBEAT {datanodeUUID=0ac595d7-a290-4eb2-9411-ef15ff51c194, command=[]} | ret=SUCCESS |  
2019-09-04 09:32:30,687 | INFO  | SCMAudit | user=jenkins1000 | ip=192.168.69.104 | op=SEND_HEARTBEAT {datanodeUUID=4e23e929-4fb0-4bb2-876d-c448ab6fdc4c, command=[]} | ret=SUCCESS |  
2019-09-04 09:32:30,713 | INFO  | SCMAudit | user=jenkins1000 | ip=192.168.69.104 | op=SEND_HEARTBEAT {datanodeUUID=9626cf3a-220d-42c0-b303-e22d032a63b2, command=[]} | ret=SUCCESS |  
2019-09-04 09:32:30,871 | INFO  | SCMAudit | user=jenkins1000 | ip=192.168.69.104 | op=SEND_HEARTBEAT {datanodeUUID=fee90ff4-ae5b-4370-9a2e-b45e68f319a2, command=[]} | ret=SUCCESS |  
2019-09-04 09:32:30,915 [grpc-default-executor-2] INFO  client.GrpcClientProtocolClient (GrpcClientProtocolClient.java:onNext(255)) - client-41F153F33B00->0ac595d7-a290-4eb2-9411-ef15ff51c194: receive RaftClientReply:client-41F153F33B00->0ac595d7-a290-4eb2-9411-ef15ff51c194@group-7CF92F3CE404, cid=66, FAILED org.apache.ratis.protocol.NotLeaderException: Server 0ac595d7-a290-4eb2-9411-ef15ff51c194 is not the leader (null). Request must be sent to leader., logIndex=0, commits[0ac595d7-a290-4eb2-9411-ef15ff51c194:c-1]
2019-09-04 09:32:31,115 | INFO  | SCMAudit | user=jenkins1000 | ip=192.168.69.104 | op=SEND_HEARTBEAT {datanodeUUID=6a110688-e427-4f01-a5b6-cceebbdad1ed, command=[]} | ret=SUCCESS |  
2019-09-04 09:32:31,311 | INFO  | SCMAudit | user=jenkins1000 | ip=192.168.69.104 | op=SEND_HEARTBEAT {datanodeUUID=e937a017-3f4f-4695-ad6d-cb2753d2b845, command=[]} | ret=SUCCESS |  
2019-09-04 09:32:31,322 | INFO  | SCMAudit | user=jenkins1000 | ip=192.168.69.104 | op=SEND_HEARTBEAT {datanodeUUID=18851aac-bbd7-47f5-af1c-17f426b11266, command=[]} | ret=SUCCESS |  
2019-09-04 09:32:31,542 | INFO  | SCMAudit | user=jenkins1000 | ip=192.168.69.104 | op=SEND_HEARTBEAT {datanodeUUID=0ac595d7-a290-4eb2-9411-ef15ff51c194, command=[]} | ret=SUCCESS |  
2019-09-04 09:32:31,686 | INFO  | SCMAudit | user=jenkins1000 | ip=192.168.69.104 | op=SEND_HEARTBEAT {datanodeUUID=4e23e929-4fb0-4bb2-876d-c448ab6fdc4c, command=[]} | ret=SUCCESS |  
2019-09-04 09:32:31,712 | INFO  | SCMAudit | user=jenkins1000 | ip=192.168.69.104 | op=SEND_HEARTBEAT {datanodeUUID=9626cf3a-220d-42c0-b303-e22d032a63b2, command=[]} | ret=SUCCESS |  
2019-09-04 09:32:31,870 | INFO  | SCMAudit | user=jenkins1000 | ip=192.168.69.104 | op=SEND_HEARTBEAT {datanodeUUID=fee90ff4-ae5b-4370-9a2e-b45e68f319a2, command=[]} | ret=SUCCESS |  
2019-09-04 09:32:31,924 [grpc-default-executor-2] INFO  client.GrpcClientProtocolClient (GrpcClientProtocolClient.java:onNext(255)) - client-41F153F33B00->9626cf3a-220d-42c0-b303-e22d032a63b2: receive RaftClientReply:client-41F153F33B00->9626cf3a-220d-42c0-b303-e22d032a63b2@group-7CF92F3CE404, cid=66, FAILED org.apache.ratis.protocol.NotLeaderException: Server 9626cf3a-220d-42c0-b303-e22d032a63b2 is not the leader (null). Request must be sent to leader., logIndex=0, commits[9626cf3a-220d-42c0-b303-e22d032a63b2:c-1]
2019-09-04 09:32:32,115 | INFO  | SCMAudit | user=jenkins1000 | ip=192.168.69.104 | op=SEND_HEARTBEAT {datanodeUUID=6a110688-e427-4f01-a5b6-cceebbdad1ed, command=[]} | ret=SUCCESS |  
2019-09-04 09:32:32,311 | INFO  | SCMAudit | user=jenkins1000 | ip=192.168.69.104 | op=SEND_HEARTBEAT {datanodeUUID=e937a017-3f4f-4695-ad6d-cb2753d2b845, command=[]} | ret=SUCCESS |  
2019-09-04 09:32:32,322 | INFO  | SCMAudit | user=jenkins1000 | ip=192.168.69.104 | op=SEND_HEARTBEAT {datanodeUUID=18851aac-bbd7-47f5-af1c-17f426b11266, command=[]} | ret=SUCCESS |  
2019-09-04 09:32:32,542 | INFO  | SCMAudit | user=jenkins1000 | ip=192.168.69.104 | op=SEND_HEARTBEAT {datanodeUUID=0ac595d7-a290-4eb2-9411-ef15ff51c194, command=[]} | ret=SUCCESS |  
2019-09-04 09:32:32,686 | INFO  | SCMAudit | user=jenkins1000 | ip=192.168.69.104 | op=SEND_HEARTBEAT {datanodeUUID=4e23e929-4fb0-4bb2-876d-c448ab6fdc4c, command=[]} | ret=SUCCESS |  
2019-09-04 09:32:32,712 | INFO  | SCMAudit | user=jenkins1000 | ip=192.168.69.104 | op=SEND_HEARTBEAT {datanodeUUID=9626cf3a-220d-42c0-b303-e22d032a63b2, command=[]} | ret=SUCCESS |  
2019-09-04 09:32:32,870 | INFO  | SCMAudit | user=jenkins1000 | ip=192.168.69.104 | op=SEND_HEARTBEAT {datanodeUUID=fee90ff4-ae5b-4370-9a2e-b45e68f319a2, command=[]} | ret=SUCCESS |  
2019-09-04 09:32:32,937 [grpc-default-executor-5] INFO  client.GrpcClientProtocolClient (GrpcClientProtocolClient.java:onNext(255)) - client-41F153F33B00->18851aac-bbd7-47f5-af1c-17f426b11266: receive RaftClientReply:client-41F153F33B00->18851aac-bbd7-47f5-af1c-17f426b11266@group-7CF92F3CE404, cid=66, FAILED org.apache.ratis.protocol.NotLeaderException: Server 18851aac-bbd7-47f5-af1c-17f426b11266 is not the leader (null). Request must be sent to leader., logIndex=0, commits[18851aac-bbd7-47f5-af1c-17f426b11266:c-1]
2019-09-04 09:32:33,115 | INFO  | SCMAudit | user=jenkins1000 | ip=192.168.69.104 | op=SEND_HEARTBEAT {datanodeUUID=6a110688-e427-4f01-a5b6-cceebbdad1ed, command=[]} | ret=SUCCESS |  
2019-09-04 09:32:33,312 | INFO  | SCMAudit | user=jenkins1000 | ip=192.168.69.104 | op=SEND_HEARTBEAT {datanodeUUID=e937a017-3f4f-4695-ad6d-cb2753d2b845, command=[]} | ret=SUCCESS |  
2019-09-04 09:32:33,323 | INFO  | SCMAudit | user=jenkins1000 | ip=192.168.69.104 | op=SEND_HEARTBEAT {datanodeUUID=18851aac-bbd7-47f5-af1c-17f426b11266, command=[]} | ret=SUCCESS |  
2019-09-04 09:32:33,480 [Thread-1639] INFO  impl.FollowerState (FollowerState.java:run(106)) - 9626cf3a-220d-42c0-b303-e22d032a63b2:group-7CF92F3CE404 changes to CANDIDATE, lastRpcTime:5028, electionTimeout:5028ms
2019-09-04 09:32:33,480 [Thread-1639] INFO  impl.RoleInfo (RoleInfo.java:shutdownFollowerState(121)) - 9626cf3a-220d-42c0-b303-e22d032a63b2: shutdown FollowerState
2019-09-04 09:32:33,480 [Thread-1639] INFO  impl.RaftServerImpl (RaftServerImpl.java:setRole(171)) - 9626cf3a-220d-42c0-b303-e22d032a63b2:group-7CF92F3CE404 changes role from FOLLOWER to CANDIDATE at term 2 for changeToCandidate
2019-09-04 09:32:33,480 [Thread-1639] INFO  impl.RoleInfo (RoleInfo.java:updateAndGet(143)) - 9626cf3a-220d-42c0-b303-e22d032a63b2: start LeaderElection
2019-09-04 09:32:33,501 [Thread-1640] INFO  impl.FollowerState (FollowerState.java:run(106)) - 0ac595d7-a290-4eb2-9411-ef15ff51c194:group-7CF92F3CE404 changes to CANDIDATE, lastRpcTime:5049, electionTimeout:5044ms
2019-09-04 09:32:33,501 [Thread-1640] INFO  impl.RoleInfo (RoleInfo.java:shutdownFollowerState(121)) - 0ac595d7-a290-4eb2-9411-ef15ff51c194: shutdown FollowerState
2019-09-04 09:32:33,501 [Thread-1640] INFO  impl.RaftServerImpl (RaftServerImpl.java:setRole(171)) - 0ac595d7-a290-4eb2-9411-ef15ff51c194:group-7CF92F3CE404 changes role from FOLLOWER to CANDIDATE at term 2 for changeToCandidate
2019-09-04 09:32:33,501 [Thread-1640] INFO  impl.RoleInfo (RoleInfo.java:updateAndGet(143)) - 0ac595d7-a290-4eb2-9411-ef15ff51c194: start LeaderElection
2019-09-04 09:32:33,541 [Thread-1641] INFO  impl.FollowerState (FollowerState.java:run(106)) - 18851aac-bbd7-47f5-af1c-17f426b11266:group-7CF92F3CE404 changes to CANDIDATE, lastRpcTime:5084, electionTimeout:5084ms
2019-09-04 09:32:33,542 [Thread-1641] INFO  impl.RoleInfo (RoleInfo.java:shutdownFollowerState(121)) - 18851aac-bbd7-47f5-af1c-17f426b11266: shutdown FollowerState
2019-09-04 09:32:33,542 [Thread-1641] INFO  impl.RaftServerImpl (RaftServerImpl.java:setRole(171)) - 18851aac-bbd7-47f5-af1c-17f426b11266:group-7CF92F3CE404 changes role from FOLLOWER to CANDIDATE at term 2 for changeToCandidate
2019-09-04 09:32:33,542 [Thread-1641] INFO  impl.RoleInfo (RoleInfo.java:updateAndGet(143)) - 18851aac-bbd7-47f5-af1c-17f426b11266: start LeaderElection
2019-09-04 09:32:33,542 | INFO  | SCMAudit | user=jenkins1000 | ip=192.168.69.104 | op=SEND_HEARTBEAT {datanodeUUID=0ac595d7-a290-4eb2-9411-ef15ff51c194, command=[]} | ret=SUCCESS |  
2019-09-04 09:32:33,687 | INFO  | SCMAudit | user=jenkins1000 | ip=192.168.69.104 | op=SEND_HEARTBEAT {datanodeUUID=4e23e929-4fb0-4bb2-876d-c448ab6fdc4c, command=[]} | ret=SUCCESS |  
2019-09-04 09:32:33,693 [0ac595d7-a290-4eb2-9411-ef15ff51c194:group-7CF92F3CE404:LeaderElection72] INFO  impl.LeaderElection (LeaderElection.java:askForVotes(181)) - 0ac595d7-a290-4eb2-9411-ef15ff51c194:group-7CF92F3CE404:LeaderElection72: begin an election at term 3 for -1: [9626cf3a-220d-42c0-b303-e22d032a63b2:192.168.69.104:36191, 0ac595d7-a290-4eb2-9411-ef15ff51c194:192.168.69.104:46385, 18851aac-bbd7-47f5-af1c-17f426b11266:192.168.69.104:44461], old=null
2019-09-04 09:32:33,693 [9626cf3a-220d-42c0-b303-e22d032a63b2:group-7CF92F3CE404:LeaderElection71] INFO  impl.LeaderElection (LeaderElection.java:askForVotes(181)) - 9626cf3a-220d-42c0-b303-e22d032a63b2:group-7CF92F3CE404:LeaderElection71: begin an election at term 3 for -1: [9626cf3a-220d-42c0-b303-e22d032a63b2:192.168.69.104:36191, 0ac595d7-a290-4eb2-9411-ef15ff51c194:192.168.69.104:46385, 18851aac-bbd7-47f5-af1c-17f426b11266:192.168.69.104:44461], old=null
2019-09-04 09:32:33,693 [18851aac-bbd7-47f5-af1c-17f426b11266:group-7CF92F3CE404:LeaderElection73] INFO  impl.LeaderElection (LeaderElection.java:askForVotes(181)) - 18851aac-bbd7-47f5-af1c-17f426b11266:group-7CF92F3CE404:LeaderElection73: begin an election at term 3 for -1: [9626cf3a-220d-42c0-b303-e22d032a63b2:192.168.69.104:36191, 0ac595d7-a290-4eb2-9411-ef15ff51c194:192.168.69.104:46385, 18851aac-bbd7-47f5-af1c-17f426b11266:192.168.69.104:44461], old=null
2019-09-04 09:32:33,698 [9626cf3a-220d-42c0-b303-e22d032a63b2:group-7CF92F3CE404:LeaderElection71] INFO  impl.LeaderElection (LeaderElection.java:logAndReturn(56)) - 9626cf3a-220d-42c0-b303-e22d032a63b2:group-7CF92F3CE404:LeaderElection71: Election REJECTED; received 2 response(s) [9626cf3a-220d-42c0-b303-e22d032a63b2<-0ac595d7-a290-4eb2-9411-ef15ff51c194#0:FAIL-t3, 9626cf3a-220d-42c0-b303-e22d032a63b2<-18851aac-bbd7-47f5-af1c-17f426b11266#0:FAIL-t3] and 0 exception(s); 9626cf3a-220d-42c0-b303-e22d032a63b2:t3, leader=null, voted=9626cf3a-220d-42c0-b303-e22d032a63b2, raftlog=9626cf3a-220d-42c0-b303-e22d032a63b2-SegmentedRaftLog:OPENED:c-1,f-1,i0, conf=-1: [9626cf3a-220d-42c0-b303-e22d032a63b2:192.168.69.104:36191, 0ac595d7-a290-4eb2-9411-ef15ff51c194:192.168.69.104:46385, 18851aac-bbd7-47f5-af1c-17f426b11266:192.168.69.104:44461], old=null
2019-09-04 09:32:33,698 [9626cf3a-220d-42c0-b303-e22d032a63b2:group-7CF92F3CE404:LeaderElection71] INFO  impl.RaftServerImpl (RaftServerImpl.java:setRole(171)) - 9626cf3a-220d-42c0-b303-e22d032a63b2:group-7CF92F3CE404 changes role from CANDIDATE to FOLLOWER at term 3 for DISCOVERED_A_NEW_TERM
2019-09-04 09:32:33,698 [9626cf3a-220d-42c0-b303-e22d032a63b2:group-7CF92F3CE404:LeaderElection71] INFO  impl.RoleInfo (RoleInfo.java:shutdownLeaderElection(134)) - 9626cf3a-220d-42c0-b303-e22d032a63b2: shutdown LeaderElection
2019-09-04 09:32:33,698 [9626cf3a-220d-42c0-b303-e22d032a63b2:group-7CF92F3CE404:LeaderElection71] INFO  impl.RoleInfo (RoleInfo.java:updateAndGet(143)) - 9626cf3a-220d-42c0-b303-e22d032a63b2: start FollowerState
2019-09-04 09:32:33,698 [0ac595d7-a290-4eb2-9411-ef15ff51c194:group-7CF92F3CE404:LeaderElection72] INFO  impl.LeaderElection (LeaderElection.java:logAndReturn(56)) - 0ac595d7-a290-4eb2-9411-ef15ff51c194:group-7CF92F3CE404:LeaderElection72: Election REJECTED; received 2 response(s) [0ac595d7-a290-4eb2-9411-ef15ff51c194<-9626cf3a-220d-42c0-b303-e22d032a63b2#0:FAIL-t3, 0ac595d7-a290-4eb2-9411-ef15ff51c194<-18851aac-bbd7-47f5-af1c-17f426b11266#0:FAIL-t3] and 0 exception(s); 0ac595d7-a290-4eb2-9411-ef15ff51c194:t3, leader=null, voted=0ac595d7-a290-4eb2-9411-ef15ff51c194, raftlog=0ac595d7-a290-4eb2-9411-ef15ff51c194-SegmentedRaftLog:OPENED:c-1,f-1,i0, conf=-1: [9626cf3a-220d-42c0-b303-e22d032a63b2:192.168.69.104:36191, 0ac595d7-a290-4eb2-9411-ef15ff51c194:192.168.69.104:46385, 18851aac-bbd7-47f5-af1c-17f426b11266:192.168.69.104:44461], old=null
2019-09-04 09:32:33,698 [18851aac-bbd7-47f5-af1c-17f426b11266:group-7CF92F3CE404:LeaderElection73] INFO  impl.LeaderElection (LeaderElection.java:logAndReturn(56)) - 18851aac-bbd7-47f5-af1c-17f426b11266:group-7CF92F3CE404:LeaderElection73: Election REJECTED; received 2 response(s) [18851aac-bbd7-47f5-af1c-17f426b11266<-9626cf3a-220d-42c0-b303-e22d032a63b2#0:FAIL-t3, 18851aac-bbd7-47f5-af1c-17f426b11266<-0ac595d7-a290-4eb2-9411-ef15ff51c194#0:FAIL-t3] and 0 exception(s); 18851aac-bbd7-47f5-af1c-17f426b11266:t3, leader=null, voted=18851aac-bbd7-47f5-af1c-17f426b11266, raftlog=18851aac-bbd7-47f5-af1c-17f426b11266-SegmentedRaftLog:OPENED:c-1,f-1,i0, conf=-1: [9626cf3a-220d-42c0-b303-e22d032a63b2:192.168.69.104:36191, 0ac595d7-a290-4eb2-9411-ef15ff51c194:192.168.69.104:46385, 18851aac-bbd7-47f5-af1c-17f426b11266:192.168.69.104:44461], old=null
2019-09-04 09:32:33,698 [0ac595d7-a290-4eb2-9411-ef15ff51c194:group-7CF92F3CE404:LeaderElection72] INFO  impl.RaftServerImpl (RaftServerImpl.java:setRole(171)) - 0ac595d7-a290-4eb2-9411-ef15ff51c194:group-7CF92F3CE404 changes role from CANDIDATE to FOLLOWER at term 3 for DISCOVERED_A_NEW_TERM
2019-09-04 09:32:33,698 [18851aac-bbd7-47f5-af1c-17f426b11266:group-7CF92F3CE404:LeaderElection73] INFO  impl.RaftServerImpl (RaftServerImpl.java:setRole(171)) - 18851aac-bbd7-47f5-af1c-17f426b11266:group-7CF92F3CE404 changes role from CANDIDATE to FOLLOWER at term 3 for DISCOVERED_A_NEW_TERM
2019-09-04 09:32:33,698 [0ac595d7-a290-4eb2-9411-ef15ff51c194:group-7CF92F3CE404:LeaderElection72] INFO  impl.RoleInfo (RoleInfo.java:shutdownLeaderElection(134)) - 0ac595d7-a290-4eb2-9411-ef15ff51c194: shutdown LeaderElection
2019-09-04 09:32:33,698 [18851aac-bbd7-47f5-af1c-17f426b11266:group-7CF92F3CE404:LeaderElection73] INFO  impl.RoleInfo (RoleInfo.java:shutdownLeaderElection(134)) - 18851aac-bbd7-47f5-af1c-17f426b11266: shutdown LeaderElection
2019-09-04 09:32:33,699 [0ac595d7-a290-4eb2-9411-ef15ff51c194:group-7CF92F3CE404:LeaderElection72] INFO  impl.RoleInfo (RoleInfo.java:updateAndGet(143)) - 0ac595d7-a290-4eb2-9411-ef15ff51c194: start FollowerState
2019-09-04 09:32:33,699 [18851aac-bbd7-47f5-af1c-17f426b11266:group-7CF92F3CE404:LeaderElection73] INFO  impl.RoleInfo (RoleInfo.java:updateAndGet(143)) - 18851aac-bbd7-47f5-af1c-17f426b11266: start FollowerState
2019-09-04 09:32:33,712 | INFO  | SCMAudit | user=jenkins1000 | ip=192.168.69.104 | op=SEND_HEARTBEAT {datanodeUUID=9626cf3a-220d-42c0-b303-e22d032a63b2, command=[]} | ret=SUCCESS |  
2019-09-04 09:32:33,871 | INFO  | SCMAudit | user=jenkins1000 | ip=192.168.69.104 | op=SEND_HEARTBEAT {datanodeUUID=fee90ff4-ae5b-4370-9a2e-b45e68f319a2, command=[]} | ret=SUCCESS |  
2019-09-04 09:32:33,950 [grpc-default-executor-1] INFO  client.GrpcClientProtocolClient (GrpcClientProtocolClient.java:onNext(255)) - client-41F153F33B00->0ac595d7-a290-4eb2-9411-ef15ff51c194: receive RaftClientReply:client-41F153F33B00->0ac595d7-a290-4eb2-9411-ef15ff51c194@group-7CF92F3CE404, cid=66, FAILED org.apache.ratis.protocol.NotLeaderException: Server 0ac595d7-a290-4eb2-9411-ef15ff51c194 is not the leader (null). Request must be sent to leader., logIndex=0, commits[0ac595d7-a290-4eb2-9411-ef15ff51c194:c-1]
2019-09-04 09:32:34,115 | INFO  | SCMAudit | user=jenkins1000 | ip=192.168.69.104 | op=SEND_HEARTBEAT {datanodeUUID=6a110688-e427-4f01-a5b6-cceebbdad1ed, command=[]} | ret=SUCCESS |  
2019-09-04 09:32:34,240 [Thread-1654] INFO  impl.FollowerState (FollowerState.java:run(106)) - e937a017-3f4f-4695-ad6d-cb2753d2b845:group-D3EB19309BB2 changes to CANDIDATE, lastRpcTime:5060, electionTimeout:5060ms
2019-09-04 09:32:34,241 [Thread-1654] INFO  impl.RoleInfo (RoleInfo.java:shutdownFollowerState(121)) - e937a017-3f4f-4695-ad6d-cb2753d2b845: shutdown FollowerState
2019-09-04 09:32:34,241 [Thread-1654] INFO  impl.RaftServerImpl (RaftServerImpl.java:setRole(171)) - e937a017-3f4f-4695-ad6d-cb2753d2b845:group-D3EB19309BB2 changes role from FOLLOWER to CANDIDATE at term 2 for changeToCandidate
2019-09-04 09:32:34,241 [Thread-1654] INFO  impl.RoleInfo (RoleInfo.java:updateAndGet(143)) - e937a017-3f4f-4695-ad6d-cb2753d2b845: start LeaderElection
2019-09-04 09:32:34,266 [e937a017-3f4f-4695-ad6d-cb2753d2b845:group-D3EB19309BB2:LeaderElection74] INFO  impl.LeaderElection (LeaderElection.java:askForVotes(181)) - e937a017-3f4f-4695-ad6d-cb2753d2b845:group-D3EB19309BB2:LeaderElection74: begin an election at term 3 for -1: [e937a017-3f4f-4695-ad6d-cb2753d2b845:192.168.69.104:37280, 6a110688-e427-4f01-a5b6-cceebbdad1ed:192.168.69.104:44028, fee90ff4-ae5b-4370-9a2e-b45e68f319a2:192.168.69.104:36774], old=null
2019-09-04 09:32:34,268 [grpc-default-executor-1] INFO  impl.RaftServerImpl (RaftServerImpl.java:setRole(171)) - fee90ff4-ae5b-4370-9a2e-b45e68f319a2:group-D3EB19309BB2 changes role from FOLLOWER to FOLLOWER at term 3 for recognizeCandidate:e937a017-3f4f-4695-ad6d-cb2753d2b845
2019-09-04 09:32:34,269 [grpc-default-executor-1] INFO  impl.RoleInfo (RoleInfo.java:shutdownFollowerState(121)) - fee90ff4-ae5b-4370-9a2e-b45e68f319a2: shutdown FollowerState
2019-09-04 09:32:34,269 [grpc-default-executor-3] INFO  impl.RaftServerImpl (RaftServerImpl.java:setRole(171)) - 6a110688-e427-4f01-a5b6-cceebbdad1ed:group-D3EB19309BB2 changes role from FOLLOWER to FOLLOWER at term 3 for recognizeCandidate:e937a017-3f4f-4695-ad6d-cb2753d2b845
2019-09-04 09:32:34,269 [Thread-1655] INFO  impl.FollowerState (FollowerState.java:run(114)) - fee90ff4-ae5b-4370-9a2e-b45e68f319a2: FollowerState was interrupted: java.lang.InterruptedException: sleep interrupted
2019-09-04 09:32:34,269 [grpc-default-executor-1] INFO  impl.RoleInfo (RoleInfo.java:updateAndGet(143)) - fee90ff4-ae5b-4370-9a2e-b45e68f319a2: start FollowerState
2019-09-04 09:32:34,269 [grpc-default-executor-3] INFO  impl.RoleInfo (RoleInfo.java:shutdownFollowerState(121)) - 6a110688-e427-4f01-a5b6-cceebbdad1ed: shutdown FollowerState
2019-09-04 09:32:34,269 [grpc-default-executor-3] INFO  impl.RoleInfo (RoleInfo.java:updateAndGet(143)) - 6a110688-e427-4f01-a5b6-cceebbdad1ed: start FollowerState
2019-09-04 09:32:34,269 [Thread-1656] INFO  impl.FollowerState (FollowerState.java:run(114)) - 6a110688-e427-4f01-a5b6-cceebbdad1ed: FollowerState was interrupted: java.lang.InterruptedException: sleep interrupted
2019-09-04 09:32:34,291 [e937a017-3f4f-4695-ad6d-cb2753d2b845:group-D3EB19309BB2:LeaderElection74] INFO  impl.LeaderElection (LeaderElection.java:logAndReturn(56)) - e937a017-3f4f-4695-ad6d-cb2753d2b845:group-D3EB19309BB2:LeaderElection74: Election PASSED; received 1 response(s) [e937a017-3f4f-4695-ad6d-cb2753d2b845<-6a110688-e427-4f01-a5b6-cceebbdad1ed#0:OK-t3] and 0 exception(s); e937a017-3f4f-4695-ad6d-cb2753d2b845:t3, leader=null, voted=e937a017-3f4f-4695-ad6d-cb2753d2b845, raftlog=e937a017-3f4f-4695-ad6d-cb2753d2b845-SegmentedRaftLog:OPENED:c-1,f-1,i0, conf=-1: [e937a017-3f4f-4695-ad6d-cb2753d2b845:192.168.69.104:37280, 6a110688-e427-4f01-a5b6-cceebbdad1ed:192.168.69.104:44028, fee90ff4-ae5b-4370-9a2e-b45e68f319a2:192.168.69.104:36774], old=null
2019-09-04 09:32:34,291 [e937a017-3f4f-4695-ad6d-cb2753d2b845:group-D3EB19309BB2:LeaderElection74] INFO  impl.RoleInfo (RoleInfo.java:shutdownLeaderElection(134)) - e937a017-3f4f-4695-ad6d-cb2753d2b845: shutdown LeaderElection
2019-09-04 09:32:34,291 [e937a017-3f4f-4695-ad6d-cb2753d2b845:group-D3EB19309BB2:LeaderElection74] INFO  impl.RaftServerImpl (RaftServerImpl.java:setRole(171)) - e937a017-3f4f-4695-ad6d-cb2753d2b845:group-D3EB19309BB2 changes role from CANDIDATE to LEADER at term 3 for changeToLeader
2019-09-04 09:32:34,291 [e937a017-3f4f-4695-ad6d-cb2753d2b845:group-D3EB19309BB2:LeaderElection74] INFO  impl.RaftServerImpl (ServerState.java:setLeader(263)) - e937a017-3f4f-4695-ad6d-cb2753d2b845:group-D3EB19309BB2 change Leader from null to e937a017-3f4f-4695-ad6d-cb2753d2b845 at term 3 for becomeLeader, leader elected after 15817ms
2019-09-04 09:32:34,291 [e937a017-3f4f-4695-ad6d-cb2753d2b845:group-D3EB19309BB2:LeaderElection74] INFO  server.RaftServerConfigKeys (ConfUtils.java:logGet(43)) - raft.server.staging.catchup.gap = 1000 (default)
2019-09-04 09:32:34,292 [e937a017-3f4f-4695-ad6d-cb2753d2b845:group-D3EB19309BB2:LeaderElection74] INFO  server.RaftServerConfigKeys (ConfUtils.java:logGet(43)) - raft.server.rpc.sleep.time = 25ms (default)
2019-09-04 09:32:34,292 [e937a017-3f4f-4695-ad6d-cb2753d2b845:group-D3EB19309BB2:LeaderElection74] INFO  server.RaftServerConfigKeys (ConfUtils.java:logGet(43)) - raft.server.write.element-limit = 4096 (default)
2019-09-04 09:32:34,292 [e937a017-3f4f-4695-ad6d-cb2753d2b845:group-D3EB19309BB2:LeaderElection74] INFO  server.RaftServerConfigKeys (ConfUtils.java:logGet(43)) - raft.server.watch.timeout = 10s (default)
2019-09-04 09:32:34,292 [e937a017-3f4f-4695-ad6d-cb2753d2b845:group-D3EB19309BB2:LeaderElection74] INFO  server.RaftServerConfigKeys (ConfUtils.java:logGet(43)) - raft.server.watch.timeout.denomination = 1s (default)
2019-09-04 09:32:34,293 [e937a017-3f4f-4695-ad6d-cb2753d2b845:group-D3EB19309BB2:LeaderElection74] INFO  server.RaftServerConfigKeys (ConfUtils.java:logGet(43)) - raft.server.watch.element-limit = 65536 (default)
2019-09-04 09:32:34,293 [e937a017-3f4f-4695-ad6d-cb2753d2b845:group-D3EB19309BB2:LeaderElection74] INFO  server.RaftServerConfigKeys (ConfUtils.java:logGet(43)) - raft.server.log.appender.snapshot.chunk.size.max = 16MB (=16777216) (default)
2019-09-04 09:32:34,294 [e937a017-3f4f-4695-ad6d-cb2753d2b845:group-D3EB19309BB2:LeaderElection74] INFO  server.RaftServerConfigKeys (ConfUtils.java:logGet(43)) - raft.server.log.appender.buffer.byte-limit = 33554432 (custom)
2019-09-04 09:32:34,294 [e937a017-3f4f-4695-ad6d-cb2753d2b845:group-D3EB19309BB2:LeaderElection74] INFO  server.RaftServerConfigKeys (ConfUtils.java:logGet(43)) - raft.server.log.appender.buffer.element-limit = 1 (custom)
2019-09-04 09:32:34,294 [e937a017-3f4f-4695-ad6d-cb2753d2b845:group-D3EB19309BB2:LeaderElection74] INFO  grpc.GrpcConfigKeys$Server (ConfUtils.java:logGet(43)) - raft.grpc.server.leader.outstanding.appends.max = 128 (default)
2019-09-04 09:32:34,294 [e937a017-3f4f-4695-ad6d-cb2753d2b845:group-D3EB19309BB2:LeaderElection74] INFO  server.RaftServerConfigKeys (ConfUtils.java:logGet(43)) - raft.server.rpc.request.timeout = 3000ms (default)
2019-09-04 09:32:34,295 [e937a017-3f4f-4695-ad6d-cb2753d2b845:group-D3EB19309BB2:LeaderElection74] INFO  server.RaftServerConfigKeys (ConfUtils.java:logGet(43)) - raft.server.log.appender.install.snapshot.enabled = false (custom)
2019-09-04 09:32:34,295 [e937a017-3f4f-4695-ad6d-cb2753d2b845:group-D3EB19309BB2:LeaderElection74] INFO  server.RaftServerConfigKeys (ConfUtils.java:logGet(43)) - raft.server.log.appender.snapshot.chunk.size.max = 16MB (=16777216) (default)
2019-09-04 09:32:34,295 [e937a017-3f4f-4695-ad6d-cb2753d2b845:group-D3EB19309BB2:LeaderElection74] INFO  server.RaftServerConfigKeys (ConfUtils.java:logGet(43)) - raft.server.log.appender.buffer.byte-limit = 33554432 (custom)
2019-09-04 09:32:34,295 [e937a017-3f4f-4695-ad6d-cb2753d2b845:group-D3EB19309BB2:LeaderElection74] INFO  server.RaftServerConfigKeys (ConfUtils.java:logGet(43)) - raft.server.log.appender.buffer.element-limit = 1 (custom)
2019-09-04 09:32:34,295 [e937a017-3f4f-4695-ad6d-cb2753d2b845:group-D3EB19309BB2:LeaderElection74] INFO  grpc.GrpcConfigKeys$Server (ConfUtils.java:logGet(43)) - raft.grpc.server.leader.outstanding.appends.max = 128 (default)
2019-09-04 09:32:34,296 [e937a017-3f4f-4695-ad6d-cb2753d2b845:group-D3EB19309BB2:LeaderElection74] INFO  server.RaftServerConfigKeys (ConfUtils.java:logGet(43)) - raft.server.rpc.request.timeout = 3000ms (default)
2019-09-04 09:32:34,296 [e937a017-3f4f-4695-ad6d-cb2753d2b845:group-D3EB19309BB2:LeaderElection74] INFO  server.RaftServerConfigKeys (ConfUtils.java:logGet(43)) - raft.server.log.appender.install.snapshot.enabled = false (custom)
2019-09-04 09:32:34,296 [e937a017-3f4f-4695-ad6d-cb2753d2b845:group-D3EB19309BB2:LeaderElection74] INFO  impl.RoleInfo (RoleInfo.java:updateAndGet(143)) - e937a017-3f4f-4695-ad6d-cb2753d2b845: start LeaderState
2019-09-04 09:32:34,297 [e937a017-3f4f-4695-ad6d-cb2753d2b845:group-D3EB19309BB2:LeaderElection74] INFO  segmented.SegmentedRaftLogWorker (SegmentedRaftLogWorker.java:startLogSegment(380)) - e937a017-3f4f-4695-ad6d-cb2753d2b845-SegmentedRaftLogWorker:Storage Directory /workdir/hadoop-ozone/integration-test/target/test-dir/MiniOzoneClusterImpl-597fad41-898a-4cf4-b6ed-aa234846bbff/datanode-5/data/ratis/90c0fd6a-129d-46e3-a832-d3eb19309bb2: Starting segment from index:0
2019-09-04 09:32:34,298 [e937a017-3f4f-4695-ad6d-cb2753d2b845:group-D3EB19309BB2:LeaderElection74] INFO  impl.RaftServerImpl (ServerState.java:setRaftConf(361)) - e937a017-3f4f-4695-ad6d-cb2753d2b845:group-D3EB19309BB2 set configuration 0: [e937a017-3f4f-4695-ad6d-cb2753d2b845:192.168.69.104:37280, 6a110688-e427-4f01-a5b6-cceebbdad1ed:192.168.69.104:44028, fee90ff4-ae5b-4370-9a2e-b45e68f319a2:192.168.69.104:36774], old=null at 0
2019-09-04 09:32:34,299 [grpc-default-executor-3] INFO  impl.RaftServerImpl (ServerState.java:setLeader(263)) - 6a110688-e427-4f01-a5b6-cceebbdad1ed:group-D3EB19309BB2 change Leader from null to e937a017-3f4f-4695-ad6d-cb2753d2b845 at term 3 for appendEntries, leader elected after 15824ms
2019-09-04 09:32:34,299 [grpc-default-executor-1] INFO  impl.RaftServerImpl (ServerState.java:setLeader(263)) - fee90ff4-ae5b-4370-9a2e-b45e68f319a2:group-D3EB19309BB2 change Leader from null to e937a017-3f4f-4695-ad6d-cb2753d2b845 at term 3 for appendEntries, leader elected after 15825ms
2019-09-04 09:32:34,301 [grpc-default-executor-1] INFO  impl.RaftServerImpl (ServerState.java:setRaftConf(361)) - 6a110688-e427-4f01-a5b6-cceebbdad1ed:group-D3EB19309BB2 set configuration 0: [e937a017-3f4f-4695-ad6d-cb2753d2b845:192.168.69.104:37280, 6a110688-e427-4f01-a5b6-cceebbdad1ed:192.168.69.104:44028, fee90ff4-ae5b-4370-9a2e-b45e68f319a2:192.168.69.104:36774], old=null at 0
2019-09-04 09:32:34,301 [grpc-default-executor-1] INFO  segmented.SegmentedRaftLogWorker (SegmentedRaftLogWorker.java:startLogSegment(380)) - 6a110688-e427-4f01-a5b6-cceebbdad1ed-SegmentedRaftLogWorker:Storage Directory /workdir/hadoop-ozone/integration-test/target/test-dir/MiniOzoneClusterImpl-597fad41-898a-4cf4-b6ed-aa234846bbff/datanode-4/data/ratis/90c0fd6a-129d-46e3-a832-d3eb19309bb2: Starting segment from index:0
2019-09-04 09:32:34,301 [grpc-default-executor-3] INFO  impl.RaftServerImpl (ServerState.java:setRaftConf(361)) - fee90ff4-ae5b-4370-9a2e-b45e68f319a2:group-D3EB19309BB2 set configuration 0: [e937a017-3f4f-4695-ad6d-cb2753d2b845:192.168.69.104:37280, 6a110688-e427-4f01-a5b6-cceebbdad1ed:192.168.69.104:44028, fee90ff4-ae5b-4370-9a2e-b45e68f319a2:192.168.69.104:36774], old=null at 0
2019-09-04 09:32:34,302 [grpc-default-executor-3] INFO  segmented.SegmentedRaftLogWorker (SegmentedRaftLogWorker.java:startLogSegment(380)) - fee90ff4-ae5b-4370-9a2e-b45e68f319a2-SegmentedRaftLogWorker:Storage Directory /workdir/hadoop-ozone/integration-test/target/test-dir/MiniOzoneClusterImpl-597fad41-898a-4cf4-b6ed-aa234846bbff/datanode-3/data/ratis/90c0fd6a-129d-46e3-a832-d3eb19309bb2: Starting segment from index:0
2019-09-04 09:32:34,312 | INFO  | SCMAudit | user=jenkins1000 | ip=192.168.69.104 | op=SEND_HEARTBEAT {datanodeUUID=e937a017-3f4f-4695-ad6d-cb2753d2b845, command=[]} | ret=SUCCESS |  
2019-09-04 09:32:34,323 | INFO  | SCMAudit | user=jenkins1000 | ip=192.168.69.104 | op=SEND_HEARTBEAT {datanodeUUID=18851aac-bbd7-47f5-af1c-17f426b11266, command=[]} | ret=SUCCESS |  
2019-09-04 09:32:34,358 [e937a017-3f4f-4695-ad6d-cb2753d2b845-SegmentedRaftLogWorker:Storage Directory /workdir/hadoop-ozone/integration-test/target/test-dir/MiniOzoneClusterImpl-597fad41-898a-4cf4-b6ed-aa234846bbff/datanode-5/data/ratis/90c0fd6a-129d-46e3-a832-d3eb19309bb2] INFO  segmented.SegmentedRaftLogWorker (SegmentedRaftLogWorker.java:execute(569)) - e937a017-3f4f-4695-ad6d-cb2753d2b845-SegmentedRaftLogWorker:Storage Directory /workdir/hadoop-ozone/integration-test/target/test-dir/MiniOzoneClusterImpl-597fad41-898a-4cf4-b6ed-aa234846bbff/datanode-5/data/ratis/90c0fd6a-129d-46e3-a832-d3eb19309bb2: created new log segment /workdir/hadoop-ozone/integration-test/target/test-dir/MiniOzoneClusterImpl-597fad41-898a-4cf4-b6ed-aa234846bbff/datanode-5/data/ratis/90c0fd6a-129d-46e3-a832-d3eb19309bb2/current/log_inprogress_0
2019-09-04 09:32:34,358 [6a110688-e427-4f01-a5b6-cceebbdad1ed-SegmentedRaftLogWorker:Storage Directory /workdir/hadoop-ozone/integration-test/target/test-dir/MiniOzoneClusterImpl-597fad41-898a-4cf4-b6ed-aa234846bbff/datanode-4/data/ratis/90c0fd6a-129d-46e3-a832-d3eb19309bb2] INFO  segmented.SegmentedRaftLogWorker (SegmentedRaftLogWorker.java:execute(569)) - 6a110688-e427-4f01-a5b6-cceebbdad1ed-SegmentedRaftLogWorker:Storage Directory /workdir/hadoop-ozone/integration-test/target/test-dir/MiniOzoneClusterImpl-597fad41-898a-4cf4-b6ed-aa234846bbff/datanode-4/data/ratis/90c0fd6a-129d-46e3-a832-d3eb19309bb2: created new log segment /workdir/hadoop-ozone/integration-test/target/test-dir/MiniOzoneClusterImpl-597fad41-898a-4cf4-b6ed-aa234846bbff/datanode-4/data/ratis/90c0fd6a-129d-46e3-a832-d3eb19309bb2/current/log_inprogress_0
2019-09-04 09:32:34,358 [fee90ff4-ae5b-4370-9a2e-b45e68f319a2-SegmentedRaftLogWorker:Storage Directory /workdir/hadoop-ozone/integration-test/target/test-dir/MiniOzoneClusterImpl-597fad41-898a-4cf4-b6ed-aa234846bbff/datanode-3/data/ratis/90c0fd6a-129d-46e3-a832-d3eb19309bb2] INFO  segmented.SegmentedRaftLogWorker (SegmentedRaftLogWorker.java:execute(569)) - fee90ff4-ae5b-4370-9a2e-b45e68f319a2-SegmentedRaftLogWorker:Storage Directory /workdir/hadoop-ozone/integration-test/target/test-dir/MiniOzoneClusterImpl-597fad41-898a-4cf4-b6ed-aa234846bbff/datanode-3/data/ratis/90c0fd6a-129d-46e3-a832-d3eb19309bb2: created new log segment /workdir/hadoop-ozone/integration-test/target/test-dir/MiniOzoneClusterImpl-597fad41-898a-4cf4-b6ed-aa234846bbff/datanode-3/data/ratis/90c0fd6a-129d-46e3-a832-d3eb19309bb2/current/log_inprogress_0
2019-09-04 09:32:34,543 | INFO  | SCMAudit | user=jenkins1000 | ip=192.168.69.104 | op=SEND_HEARTBEAT {datanodeUUID=0ac595d7-a290-4eb2-9411-ef15ff51c194, command=[]} | ret=SUCCESS |  
2019-09-04 09:32:34,686 | INFO  | SCMAudit | user=jenkins1000 | ip=192.168.69.104 | op=SEND_HEARTBEAT {datanodeUUID=4e23e929-4fb0-4bb2-876d-c448ab6fdc4c, command=[]} | ret=SUCCESS |  
2019-09-04 09:32:34,712 | INFO  | SCMAudit | user=jenkins1000 | ip=192.168.69.104 | op=SEND_HEARTBEAT {datanodeUUID=9626cf3a-220d-42c0-b303-e22d032a63b2, command=[]} | ret=SUCCESS |  
2019-09-04 09:32:34,870 | INFO  | SCMAudit | user=jenkins1000 | ip=192.168.69.104 | op=SEND_HEARTBEAT {datanodeUUID=fee90ff4-ae5b-4370-9a2e-b45e68f319a2, command=[]} | ret=SUCCESS |  
2019-09-04 09:32:34,964 [grpc-default-executor-3] INFO  client.GrpcClientProtocolClient (GrpcClientProtocolClient.java:onNext(255)) - client-41F153F33B00->9626cf3a-220d-42c0-b303-e22d032a63b2: receive RaftClientReply:client-41F153F33B00->9626cf3a-220d-42c0-b303-e22d032a63b2@group-7CF92F3CE404, cid=66, FAILED org.apache.ratis.protocol.NotLeaderException: Server 9626cf3a-220d-42c0-b303-e22d032a63b2 is not the leader (null). Request must be sent to leader., logIndex=0, commits[9626cf3a-220d-42c0-b303-e22d032a63b2:c-1]
2019-09-04 09:32:35,116 | INFO  | SCMAudit | user=jenkins1000 | ip=192.168.69.104 | op=SEND_HEARTBEAT {datanodeUUID=6a110688-e427-4f01-a5b6-cceebbdad1ed, command=[]} | ret=SUCCESS |  
2019-09-04 09:32:35,312 | INFO  | SCMAudit | user=jenkins1000 | ip=192.168.69.104 | op=SEND_HEARTBEAT {datanodeUUID=e937a017-3f4f-4695-ad6d-cb2753d2b845, command=[]} | ret=SUCCESS |  
2019-09-04 09:32:35,323 | INFO  | SCMAudit | user=jenkins1000 | ip=192.168.69.104 | op=SEND_HEARTBEAT {datanodeUUID=18851aac-bbd7-47f5-af1c-17f426b11266, command=[]} | ret=SUCCESS |  
2019-09-04 09:32:35,542 | INFO  | SCMAudit | user=jenkins1000 | ip=192.168.69.104 | op=SEND_HEARTBEAT {datanodeUUID=0ac595d7-a290-4eb2-9411-ef15ff51c194, command=[]} | ret=SUCCESS |  
2019-09-04 09:32:35,686 | INFO  | SCMAudit | user=jenkins1000 | ip=192.168.69.104 | op=SEND_HEARTBEAT {datanodeUUID=4e23e929-4fb0-4bb2-876d-c448ab6fdc4c, command=[]} | ret=SUCCESS |  
2019-09-04 09:32:35,712 | INFO  | SCMAudit | user=jenkins1000 | ip=192.168.69.104 | op=SEND_HEARTBEAT {datanodeUUID=9626cf3a-220d-42c0-b303-e22d032a63b2, command=[]} | ret=SUCCESS |  
2019-09-04 09:32:35,871 | INFO  | SCMAudit | user=jenkins1000 | ip=192.168.69.104 | op=SEND_HEARTBEAT {datanodeUUID=fee90ff4-ae5b-4370-9a2e-b45e68f319a2, command=[]} | ret=SUCCESS |  
2019-09-04 09:32:35,979 [grpc-default-executor-1] INFO  client.GrpcClientProtocolClient (GrpcClientProtocolClient.java:onNext(255)) - client-41F153F33B00->18851aac-bbd7-47f5-af1c-17f426b11266: receive RaftClientReply:client-41F153F33B00->18851aac-bbd7-47f5-af1c-17f426b11266@group-7CF92F3CE404, cid=66, FAILED org.apache.ratis.protocol.NotLeaderException: Server 18851aac-bbd7-47f5-af1c-17f426b11266 is not the leader (null). Request must be sent to leader., logIndex=0, commits[18851aac-bbd7-47f5-af1c-17f426b11266:c-1]
2019-09-04 09:32:36,115 | INFO  | SCMAudit | user=jenkins1000 | ip=192.168.69.104 | op=SEND_HEARTBEAT {datanodeUUID=6a110688-e427-4f01-a5b6-cceebbdad1ed, command=[]} | ret=SUCCESS |  
2019-09-04 09:32:36,313 | INFO  | SCMAudit | user=jenkins1000 | ip=192.168.69.104 | op=SEND_HEARTBEAT {datanodeUUID=e937a017-3f4f-4695-ad6d-cb2753d2b845, command=[]} | ret=SUCCESS |  
2019-09-04 09:32:36,323 | INFO  | SCMAudit | user=jenkins1000 | ip=192.168.69.104 | op=SEND_HEARTBEAT {datanodeUUID=18851aac-bbd7-47f5-af1c-17f426b11266, command=[]} | ret=SUCCESS |  
2019-09-04 09:32:36,543 | INFO  | SCMAudit | user=jenkins1000 | ip=192.168.69.104 | op=SEND_HEARTBEAT {datanodeUUID=0ac595d7-a290-4eb2-9411-ef15ff51c194, command=[]} | ret=SUCCESS |  
2019-09-04 09:32:36,687 | INFO  | SCMAudit | user=jenkins1000 | ip=192.168.69.104 | op=SEND_HEARTBEAT {datanodeUUID=4e23e929-4fb0-4bb2-876d-c448ab6fdc4c, command=[]} | ret=SUCCESS |  
2019-09-04 09:32:36,713 | INFO  | SCMAudit | user=jenkins1000 | ip=192.168.69.104 | op=SEND_HEARTBEAT {datanodeUUID=9626cf3a-220d-42c0-b303-e22d032a63b2, command=[]} | ret=SUCCESS |  
2019-09-04 09:32:36,870 | INFO  | SCMAudit | user=jenkins1000 | ip=192.168.69.104 | op=SEND_HEARTBEAT {datanodeUUID=fee90ff4-ae5b-4370-9a2e-b45e68f319a2, command=[]} | ret=SUCCESS |  
2019-09-04 09:32:36,992 [grpc-default-executor-1] INFO  client.GrpcClientProtocolClient (GrpcClientProtocolClient.java:onNext(255)) - client-41F153F33B00->0ac595d7-a290-4eb2-9411-ef15ff51c194: receive RaftClientReply:client-41F153F33B00->0ac595d7-a290-4eb2-9411-ef15ff51c194@group-7CF92F3CE404, cid=66, FAILED org.apache.ratis.protocol.NotLeaderException: Server 0ac595d7-a290-4eb2-9411-ef15ff51c194 is not the leader (null). Request must be sent to leader., logIndex=0, commits[0ac595d7-a290-4eb2-9411-ef15ff51c194:c-1]
2019-09-04 09:32:37,116 | INFO  | SCMAudit | user=jenkins1000 | ip=192.168.69.104 | op=SEND_HEARTBEAT {datanodeUUID=6a110688-e427-4f01-a5b6-cceebbdad1ed, command=[]} | ret=SUCCESS |  
2019-09-04 09:32:37,312 | INFO  | SCMAudit | user=jenkins1000 | ip=192.168.69.104 | op=SEND_HEARTBEAT {datanodeUUID=e937a017-3f4f-4695-ad6d-cb2753d2b845, command=[]} | ret=SUCCESS |  
2019-09-04 09:32:37,323 | INFO  | SCMAudit | user=jenkins1000 | ip=192.168.69.104 | op=SEND_HEARTBEAT {datanodeUUID=18851aac-bbd7-47f5-af1c-17f426b11266, command=[]} | ret=SUCCESS |  
2019-09-04 09:32:37,542 | INFO  | SCMAudit | user=jenkins1000 | ip=192.168.69.104 | op=SEND_HEARTBEAT {datanodeUUID=0ac595d7-a290-4eb2-9411-ef15ff51c194, command=[]} | ret=SUCCESS |  
2019-09-04 09:32:37,687 | INFO  | SCMAudit | user=jenkins1000 | ip=192.168.69.104 | op=SEND_HEARTBEAT {datanodeUUID=4e23e929-4fb0-4bb2-876d-c448ab6fdc4c, command=[]} | ret=SUCCESS |  
2019-09-04 09:32:37,713 | INFO  | SCMAudit | user=jenkins1000 | ip=192.168.69.104 | op=SEND_HEARTBEAT {datanodeUUID=9626cf3a-220d-42c0-b303-e22d032a63b2, command=[]} | ret=SUCCESS |  
2019-09-04 09:32:37,871 | INFO  | SCMAudit | user=jenkins1000 | ip=192.168.69.104 | op=SEND_HEARTBEAT {datanodeUUID=fee90ff4-ae5b-4370-9a2e-b45e68f319a2, command=[]} | ret=SUCCESS |  
2019-09-04 09:32:38,006 [grpc-default-executor-1] INFO  client.GrpcClientProtocolClient (GrpcClientProtocolClient.java:onNext(255)) - client-41F153F33B00->18851aac-bbd7-47f5-af1c-17f426b11266: receive RaftClientReply:client-41F153F33B00->18851aac-bbd7-47f5-af1c-17f426b11266@group-7CF92F3CE404, cid=66, FAILED org.apache.ratis.protocol.NotLeaderException: Server 18851aac-bbd7-47f5-af1c-17f426b11266 is not the leader (null). Request must be sent to leader., logIndex=0, commits[18851aac-bbd7-47f5-af1c-17f426b11266:c-1]
2019-09-04 09:32:38,115 | INFO  | SCMAudit | user=jenkins1000 | ip=192.168.69.104 | op=SEND_HEARTBEAT {datanodeUUID=6a110688-e427-4f01-a5b6-cceebbdad1ed, command=[]} | ret=SUCCESS |  
2019-09-04 09:32:38,313 | INFO  | SCMAudit | user=jenkins1000 | ip=192.168.69.104 | op=SEND_HEARTBEAT {datanodeUUID=e937a017-3f4f-4695-ad6d-cb2753d2b845, command=[]} | ret=SUCCESS |  
2019-09-04 09:32:38,323 | INFO  | SCMAudit | user=jenkins1000 | ip=192.168.69.104 | op=SEND_HEARTBEAT {datanodeUUID=18851aac-bbd7-47f5-af1c-17f426b11266, command=[]} | ret=SUCCESS |  
2019-09-04 09:32:38,543 | INFO  | SCMAudit | user=jenkins1000 | ip=192.168.69.104 | op=SEND_HEARTBEAT {datanodeUUID=0ac595d7-a290-4eb2-9411-ef15ff51c194, command=[]} | ret=SUCCESS |  
2019-09-04 09:32:38,687 | INFO  | SCMAudit | user=jenkins1000 | ip=192.168.69.104 | op=SEND_HEARTBEAT {datanodeUUID=4e23e929-4fb0-4bb2-876d-c448ab6fdc4c, command=[]} | ret=SUCCESS |  
2019-09-04 09:32:38,713 | INFO  | SCMAudit | user=jenkins1000 | ip=192.168.69.104 | op=SEND_HEARTBEAT {datanodeUUID=9626cf3a-220d-42c0-b303-e22d032a63b2, command=[]} | ret=SUCCESS |  
2019-09-04 09:32:38,746 [Thread-1678] INFO  impl.FollowerState (FollowerState.java:run(106)) - 9626cf3a-220d-42c0-b303-e22d032a63b2:group-7CF92F3CE404 changes to CANDIDATE, lastRpcTime:5048, electionTimeout:5048ms
2019-09-04 09:32:38,747 [Thread-1678] INFO  impl.RoleInfo (RoleInfo.java:shutdownFollowerState(121)) - 9626cf3a-220d-42c0-b303-e22d032a63b2: shutdown FollowerState
2019-09-04 09:32:38,747 [Thread-1678] INFO  impl.RaftServerImpl (RaftServerImpl.java:setRole(171)) - 9626cf3a-220d-42c0-b303-e22d032a63b2:group-7CF92F3CE404 changes role from FOLLOWER to CANDIDATE at term 3 for changeToCandidate
2019-09-04 09:32:38,747 [Thread-1678] INFO  impl.RoleInfo (RoleInfo.java:updateAndGet(143)) - 9626cf3a-220d-42c0-b303-e22d032a63b2: start LeaderElection
2019-09-04 09:32:38,777 [9626cf3a-220d-42c0-b303-e22d032a63b2:group-7CF92F3CE404:LeaderElection75] INFO  impl.LeaderElection (LeaderElection.java:askForVotes(181)) - 9626cf3a-220d-42c0-b303-e22d032a63b2:group-7CF92F3CE404:LeaderElection75: begin an election at term 4 for -1: [9626cf3a-220d-42c0-b303-e22d032a63b2:192.168.69.104:36191, 0ac595d7-a290-4eb2-9411-ef15ff51c194:192.168.69.104:46385, 18851aac-bbd7-47f5-af1c-17f426b11266:192.168.69.104:44461], old=null
2019-09-04 09:32:38,781 [grpc-default-executor-1] INFO  impl.RaftServerImpl (RaftServerImpl.java:setRole(171)) - 0ac595d7-a290-4eb2-9411-ef15ff51c194:group-7CF92F3CE404 changes role from FOLLOWER to FOLLOWER at term 4 for recognizeCandidate:9626cf3a-220d-42c0-b303-e22d032a63b2
2019-09-04 09:32:38,781 [grpc-default-executor-3] INFO  impl.RaftServerImpl (RaftServerImpl.java:setRole(171)) - 18851aac-bbd7-47f5-af1c-17f426b11266:group-7CF92F3CE404 changes role from FOLLOWER to FOLLOWER at term 4 for recognizeCandidate:9626cf3a-220d-42c0-b303-e22d032a63b2
2019-09-04 09:32:38,781 [grpc-default-executor-1] INFO  impl.RoleInfo (RoleInfo.java:shutdownFollowerState(121)) - 0ac595d7-a290-4eb2-9411-ef15ff51c194: shutdown FollowerState
2019-09-04 09:32:38,781 [grpc-default-executor-3] INFO  impl.RoleInfo (RoleInfo.java:shutdownFollowerState(121)) - 18851aac-bbd7-47f5-af1c-17f426b11266: shutdown FollowerState
2019-09-04 09:32:38,781 [Thread-1679] INFO  impl.FollowerState (FollowerState.java:run(114)) - 0ac595d7-a290-4eb2-9411-ef15ff51c194: FollowerState was interrupted: java.lang.InterruptedException: sleep interrupted
2019-09-04 09:32:38,782 [Thread-1680] INFO  impl.FollowerState (FollowerState.java:run(114)) - 18851aac-bbd7-47f5-af1c-17f426b11266: FollowerState was interrupted: java.lang.InterruptedException: sleep interrupted
2019-09-04 09:32:38,781 [grpc-default-executor-1] INFO  impl.RoleInfo (RoleInfo.java:updateAndGet(143)) - 0ac595d7-a290-4eb2-9411-ef15ff51c194: start FollowerState
2019-09-04 09:32:38,781 [grpc-default-executor-3] INFO  impl.RoleInfo (RoleInfo.java:updateAndGet(143)) - 18851aac-bbd7-47f5-af1c-17f426b11266: start FollowerState
2019-09-04 09:32:38,870 | INFO  | SCMAudit | user=jenkins1000 | ip=192.168.69.104 | op=SEND_HEARTBEAT {datanodeUUID=fee90ff4-ae5b-4370-9a2e-b45e68f319a2, command=[]} | ret=SUCCESS |  
2019-09-04 09:32:38,973 [9626cf3a-220d-42c0-b303-e22d032a63b2:group-7CF92F3CE404:LeaderElection75] INFO  impl.LeaderElection (LeaderElection.java:logAndReturn(56)) - 9626cf3a-220d-42c0-b303-e22d032a63b2:group-7CF92F3CE404:LeaderElection75: Election PASSED; received 1 response(s) [9626cf3a-220d-42c0-b303-e22d032a63b2<-18851aac-bbd7-47f5-af1c-17f426b11266#0:OK-t4] and 0 exception(s); 9626cf3a-220d-42c0-b303-e22d032a63b2:t4, leader=null, voted=9626cf3a-220d-42c0-b303-e22d032a63b2, raftlog=9626cf3a-220d-42c0-b303-e22d032a63b2-SegmentedRaftLog:OPENED:c-1,f-1,i0, conf=-1: [9626cf3a-220d-42c0-b303-e22d032a63b2:192.168.69.104:36191, 0ac595d7-a290-4eb2-9411-ef15ff51c194:192.168.69.104:46385, 18851aac-bbd7-47f5-af1c-17f426b11266:192.168.69.104:44461], old=null
2019-09-04 09:32:38,974 [9626cf3a-220d-42c0-b303-e22d032a63b2:group-7CF92F3CE404:LeaderElection75] INFO  impl.RoleInfo (RoleInfo.java:shutdownLeaderElection(134)) - 9626cf3a-220d-42c0-b303-e22d032a63b2: shutdown LeaderElection
2019-09-04 09:32:38,974 [9626cf3a-220d-42c0-b303-e22d032a63b2:group-7CF92F3CE404:LeaderElection75] INFO  impl.RaftServerImpl (RaftServerImpl.java:setRole(171)) - 9626cf3a-220d-42c0-b303-e22d032a63b2:group-7CF92F3CE404 changes role from CANDIDATE to LEADER at term 4 for changeToLeader
2019-09-04 09:32:38,974 [9626cf3a-220d-42c0-b303-e22d032a63b2:group-7CF92F3CE404:LeaderElection75] INFO  impl.RaftServerImpl (ServerState.java:setLeader(263)) - 9626cf3a-220d-42c0-b303-e22d032a63b2:group-7CF92F3CE404 change Leader from null to 9626cf3a-220d-42c0-b303-e22d032a63b2 at term 4 for becomeLeader, leader elected after 21150ms
2019-09-04 09:32:38,974 [9626cf3a-220d-42c0-b303-e22d032a63b2:group-7CF92F3CE404:LeaderElection75] INFO  server.RaftServerConfigKeys (ConfUtils.java:logGet(43)) - raft.server.staging.catchup.gap = 1000 (default)
2019-09-04 09:32:38,974 [9626cf3a-220d-42c0-b303-e22d032a63b2:group-7CF92F3CE404:LeaderElection75] INFO  server.RaftServerConfigKeys (ConfUtils.java:logGet(43)) - raft.server.rpc.sleep.time = 25ms (default)
2019-09-04 09:32:38,975 [9626cf3a-220d-42c0-b303-e22d032a63b2:group-7CF92F3CE404:LeaderElection75] INFO  server.RaftServerConfigKeys (ConfUtils.java:logGet(43)) - raft.server.write.element-limit = 4096 (default)
2019-09-04 09:32:38,975 [9626cf3a-220d-42c0-b303-e22d032a63b2:group-7CF92F3CE404:LeaderElection75] INFO  server.RaftServerConfigKeys (ConfUtils.java:logGet(43)) - raft.server.watch.timeout = 10s (default)
2019-09-04 09:32:38,975 [9626cf3a-220d-42c0-b303-e22d032a63b2:group-7CF92F3CE404:LeaderElection75] INFO  server.RaftServerConfigKeys (ConfUtils.java:logGet(43)) - raft.server.watch.timeout.denomination = 1s (default)
2019-09-04 09:32:38,975 [9626cf3a-220d-42c0-b303-e22d032a63b2:group-7CF92F3CE404:LeaderElection75] INFO  server.RaftServerConfigKeys (ConfUtils.java:logGet(43)) - raft.server.watch.element-limit = 65536 (default)
2019-09-04 09:32:38,976 [9626cf3a-220d-42c0-b303-e22d032a63b2:group-7CF92F3CE404:LeaderElection75] INFO  server.RaftServerConfigKeys (ConfUtils.java:logGet(43)) - raft.server.log.appender.snapshot.chunk.size.max = 16MB (=16777216) (default)
2019-09-04 09:32:38,976 [9626cf3a-220d-42c0-b303-e22d032a63b2:group-7CF92F3CE404:LeaderElection75] INFO  server.RaftServerConfigKeys (ConfUtils.java:logGet(43)) - raft.server.log.appender.buffer.byte-limit = 33554432 (custom)
2019-09-04 09:32:38,976 [9626cf3a-220d-42c0-b303-e22d032a63b2:group-7CF92F3CE404:LeaderElection75] INFO  server.RaftServerConfigKeys (ConfUtils.java:logGet(43)) - raft.server.log.appender.buffer.element-limit = 1 (custom)
2019-09-04 09:32:38,976 [9626cf3a-220d-42c0-b303-e22d032a63b2:group-7CF92F3CE404:LeaderElection75] INFO  grpc.GrpcConfigKeys$Server (ConfUtils.java:logGet(43)) - raft.grpc.server.leader.outstanding.appends.max = 128 (default)
2019-09-04 09:32:38,976 [9626cf3a-220d-42c0-b303-e22d032a63b2:group-7CF92F3CE404:LeaderElection75] INFO  server.RaftServerConfigKeys (ConfUtils.java:logGet(43)) - raft.server.rpc.request.timeout = 3000ms (default)
2019-09-04 09:32:38,977 [9626cf3a-220d-42c0-b303-e22d032a63b2:group-7CF92F3CE404:LeaderElection75] INFO  server.RaftServerConfigKeys (ConfUtils.java:logGet(43)) - raft.server.log.appender.install.snapshot.enabled = false (custom)
2019-09-04 09:32:38,977 [9626cf3a-220d-42c0-b303-e22d032a63b2:group-7CF92F3CE404:LeaderElection75] INFO  server.RaftServerConfigKeys (ConfUtils.java:logGet(43)) - raft.server.log.appender.snapshot.chunk.size.max = 16MB (=16777216) (default)
2019-09-04 09:32:38,977 [9626cf3a-220d-42c0-b303-e22d032a63b2:group-7CF92F3CE404:LeaderElection75] INFO  server.RaftServerConfigKeys (ConfUtils.java:logGet(43)) - raft.server.log.appender.buffer.byte-limit = 33554432 (custom)
2019-09-04 09:32:38,977 [9626cf3a-220d-42c0-b303-e22d032a63b2:group-7CF92F3CE404:LeaderElection75] INFO  server.RaftServerConfigKeys (ConfUtils.java:logGet(43)) - raft.server.log.appender.buffer.element-limit = 1 (custom)
2019-09-04 09:32:38,977 [9626cf3a-220d-42c0-b303-e22d032a63b2:group-7CF92F3CE404:LeaderElection75] INFO  grpc.GrpcConfigKeys$Server (ConfUtils.java:logGet(43)) - raft.grpc.server.leader.outstanding.appends.max = 128 (default)
2019-09-04 09:32:38,978 [9626cf3a-220d-42c0-b303-e22d032a63b2:group-7CF92F3CE404:LeaderElection75] INFO  server.RaftServerConfigKeys (ConfUtils.java:logGet(43)) - raft.server.rpc.request.timeout = 3000ms (default)
2019-09-04 09:32:38,978 [9626cf3a-220d-42c0-b303-e22d032a63b2:group-7CF92F3CE404:LeaderElection75] INFO  server.RaftServerConfigKeys (ConfUtils.java:logGet(43)) - raft.server.log.appender.install.snapshot.enabled = false (custom)
2019-09-04 09:32:38,978 [9626cf3a-220d-42c0-b303-e22d032a63b2:group-7CF92F3CE404:LeaderElection75] INFO  impl.RoleInfo (RoleInfo.java:updateAndGet(143)) - 9626cf3a-220d-42c0-b303-e22d032a63b2: start LeaderState
2019-09-04 09:32:38,978 [9626cf3a-220d-42c0-b303-e22d032a63b2:group-7CF92F3CE404:LeaderElection75] INFO  segmented.SegmentedRaftLogWorker (SegmentedRaftLogWorker.java:startLogSegment(380)) - 9626cf3a-220d-42c0-b303-e22d032a63b2-SegmentedRaftLogWorker:Storage Directory /workdir/hadoop-ozone/integration-test/target/test-dir/MiniOzoneClusterImpl-597fad41-898a-4cf4-b6ed-aa234846bbff/datanode-2/data/ratis/88ee25d4-218e-4b7c-9e77-7cf92f3ce404: Starting segment from index:0
2019-09-04 09:32:38,979 [9626cf3a-220d-42c0-b303-e22d032a63b2:group-7CF92F3CE404:LeaderElection75] INFO  impl.RaftServerImpl (ServerState.java:setRaftConf(361)) - 9626cf3a-220d-42c0-b303-e22d032a63b2:group-7CF92F3CE404 set configuration 0: [9626cf3a-220d-42c0-b303-e22d032a63b2:192.168.69.104:36191, 0ac595d7-a290-4eb2-9411-ef15ff51c194:192.168.69.104:46385, 18851aac-bbd7-47f5-af1c-17f426b11266:192.168.69.104:44461], old=null at 0
2019-09-04 09:32:38,981 [grpc-default-executor-3] INFO  impl.RaftServerImpl (ServerState.java:setLeader(263)) - 0ac595d7-a290-4eb2-9411-ef15ff51c194:group-7CF92F3CE404 change Leader from null to 9626cf3a-220d-42c0-b303-e22d032a63b2 at term 4 for appendEntries, leader elected after 21157ms
2019-09-04 09:32:38,981 [grpc-default-executor-1] INFO  impl.RaftServerImpl (ServerState.java:setLeader(263)) - 18851aac-bbd7-47f5-af1c-17f426b11266:group-7CF92F3CE404 change Leader from null to 9626cf3a-220d-42c0-b303-e22d032a63b2 at term 4 for appendEntries, leader elected after 21157ms
2019-09-04 09:32:38,984 [grpc-default-executor-3] INFO  impl.RaftServerImpl (ServerState.java:setRaftConf(361)) - 0ac595d7-a290-4eb2-9411-ef15ff51c194:group-7CF92F3CE404 set configuration 0: [9626cf3a-220d-42c0-b303-e22d032a63b2:192.168.69.104:36191, 0ac595d7-a290-4eb2-9411-ef15ff51c194:192.168.69.104:46385, 18851aac-bbd7-47f5-af1c-17f426b11266:192.168.69.104:44461], old=null at 0
2019-09-04 09:32:38,984 [grpc-default-executor-3] INFO  segmented.SegmentedRaftLogWorker (SegmentedRaftLogWorker.java:startLogSegment(380)) - 0ac595d7-a290-4eb2-9411-ef15ff51c194-SegmentedRaftLogWorker:Storage Directory /workdir/hadoop-ozone/integration-test/target/test-dir/MiniOzoneClusterImpl-597fad41-898a-4cf4-b6ed-aa234846bbff/datanode-1/data/ratis/88ee25d4-218e-4b7c-9e77-7cf92f3ce404: Starting segment from index:0
2019-09-04 09:32:38,984 [grpc-default-executor-1] INFO  impl.RaftServerImpl (ServerState.java:setRaftConf(361)) - 18851aac-bbd7-47f5-af1c-17f426b11266:group-7CF92F3CE404 set configuration 0: [9626cf3a-220d-42c0-b303-e22d032a63b2:192.168.69.104:36191, 0ac595d7-a290-4eb2-9411-ef15ff51c194:192.168.69.104:46385, 18851aac-bbd7-47f5-af1c-17f426b11266:192.168.69.104:44461], old=null at 0
2019-09-04 09:32:38,985 [grpc-default-executor-1] INFO  segmented.SegmentedRaftLogWorker (SegmentedRaftLogWorker.java:startLogSegment(380)) - 18851aac-bbd7-47f5-af1c-17f426b11266-SegmentedRaftLogWorker:Storage Directory /workdir/hadoop-ozone/integration-test/target/test-dir/MiniOzoneClusterImpl-597fad41-898a-4cf4-b6ed-aa234846bbff/datanode-0/data/ratis/88ee25d4-218e-4b7c-9e77-7cf92f3ce404: Starting segment from index:0
2019-09-04 09:32:39,035 [grpc-default-executor-1] INFO  client.GrpcClientProtocolClient (GrpcClientProtocolClient.java:onNext(255)) - client-41F153F33B00->9626cf3a-220d-42c0-b303-e22d032a63b2: receive RaftClientReply:client-41F153F33B00->9626cf3a-220d-42c0-b303-e22d032a63b2@group-7CF92F3CE404, cid=66, FAILED org.apache.ratis.protocol.LeaderNotReadyException: 9626cf3a-220d-42c0-b303-e22d032a63b2 is in LEADER state but not ready yet., logIndex=0, commits[9626cf3a-220d-42c0-b303-e22d032a63b2:c-1, 0ac595d7-a290-4eb2-9411-ef15ff51c194:c-1, 18851aac-bbd7-47f5-af1c-17f426b11266:c-1]
]]></system-out>
    <system-err><![CDATA[Sep 04, 2019 9:32:13 AM com.sun.jersey.server.impl.application.WebApplicationImpl _initiate
INFO: Initiating Jersey application, version 'Jersey: 1.19 02/11/2015 03:25 AM'
Sep 04, 2019 9:32:13 AM com.sun.jersey.server.impl.application.WebApplicationImpl _initiate
INFO: Initiating Jersey application, version 'Jersey: 1.19 02/11/2015 03:25 AM'
Sep 04, 2019 9:32:13 AM com.sun.jersey.server.impl.application.WebApplicationImpl _initiate
INFO: Initiating Jersey application, version 'Jersey: 1.19 02/11/2015 03:25 AM'
Sep 04, 2019 9:32:13 AM com.sun.jersey.server.impl.application.WebApplicationImpl _initiate
INFO: Initiating Jersey application, version 'Jersey: 1.19 02/11/2015 03:25 AM'
Sep 04, 2019 9:32:13 AM com.sun.jersey.server.impl.application.WebApplicationImpl _initiate
INFO: Initiating Jersey application, version 'Jersey: 1.19 02/11/2015 03:25 AM'
Sep 04, 2019 9:32:14 AM com.sun.jersey.server.impl.application.WebApplicationImpl _initiate
INFO: Initiating Jersey application, version 'Jersey: 1.19 02/11/2015 03:25 AM'
Sep 04, 2019 9:32:14 AM com.sun.jersey.server.impl.application.WebApplicationImpl _initiate
INFO: Initiating Jersey application, version 'Jersey: 1.19 02/11/2015 03:25 AM'
Sep 04, 2019 9:32:17 AM org.apache.ratis.thirdparty.io.grpc.internal.ManagedChannelOrphanWrapper$ManagedChannelReference cleanQueue
SEVERE: *~*~*~ Channel ManagedChannelImpl{logId=698, target=192.168.69.104:33813} was not shutdown properly!!! ~*~*~*
    Make sure to call shutdown()/shutdownNow() and wait until awaitTermination() returns true.
java.lang.RuntimeException: ManagedChannel allocation site
	at org.apache.ratis.thirdparty.io.grpc.internal.ManagedChannelOrphanWrapper$ManagedChannelReference.<init>(ManagedChannelOrphanWrapper.java:103)
	at org.apache.ratis.thirdparty.io.grpc.internal.ManagedChannelOrphanWrapper.<init>(ManagedChannelOrphanWrapper.java:53)
	at org.apache.ratis.thirdparty.io.grpc.internal.ManagedChannelOrphanWrapper.<init>(ManagedChannelOrphanWrapper.java:44)
	at org.apache.ratis.thirdparty.io.grpc.internal.AbstractManagedChannelImplBuilder.build(AbstractManagedChannelImplBuilder.java:411)
	at org.apache.ratis.grpc.client.GrpcClientProtocolClient.<init>(GrpcClientProtocolClient.java:119)
	at org.apache.ratis.grpc.client.GrpcClientRpc.lambda$new$0(GrpcClientRpc.java:55)
	at org.apache.ratis.util.PeerProxyMap$PeerAndProxy.lambda$getProxy$0(PeerProxyMap.java:61)
	at org.apache.ratis.util.LifeCycle.startAndTransition(LifeCycle.java:202)
	at org.apache.ratis.util.PeerProxyMap$PeerAndProxy.getProxy(PeerProxyMap.java:60)
	at org.apache.ratis.util.PeerProxyMap.getProxy(PeerProxyMap.java:107)
	at org.apache.ratis.grpc.client.GrpcClientRpc.sendRequestAsyncUnordered(GrpcClientRpc.java:78)
	at org.apache.ratis.client.impl.UnorderedAsync.sendRequestWithRetry(UnorderedAsync.java:75)
	at org.apache.ratis.client.impl.UnorderedAsync.lambda$null$2(UnorderedAsync.java:120)
	at org.apache.ratis.util.TimeoutScheduler.lambda$onTimeout$0(TimeoutScheduler.java:85)
	at org.apache.ratis.util.TimeoutScheduler.lambda$onTimeout$1(TimeoutScheduler.java:104)
	at org.apache.ratis.util.LogUtils.runAndLog(LogUtils.java:50)
	at org.apache.ratis.util.LogUtils$1.run(LogUtils.java:91)
	at java.util.concurrent.Executors$RunnableAdapter.call(Executors.java:511)
	at java.util.concurrent.FutureTask.run(FutureTask.java:266)
	at java.util.concurrent.ScheduledThreadPoolExecutor$ScheduledFutureTask.access$201(ScheduledThreadPoolExecutor.java:180)
	at java.util.concurrent.ScheduledThreadPoolExecutor$ScheduledFutureTask.run(ScheduledThreadPoolExecutor.java:293)
	at java.util.concurrent.ThreadPoolExecutor.runWorker(ThreadPoolExecutor.java:1149)
	at java.util.concurrent.ThreadPoolExecutor$Worker.run(ThreadPoolExecutor.java:624)
	at java.lang.Thread.run(Thread.java:748)

]]></system-err>
  </testcase>
  <testcase name="testWatchForCommitForGroupMismatchException" classname="org.apache.hadoop.ozone.client.rpc.TestWatchForCommit" time="33.793"/>
  <testcase name="test2WayCommitForTimeoutException" classname="org.apache.hadoop.ozone.client.rpc.TestWatchForCommit" time="29.241">
    <error message="org.apache.ratis.protocol.RaftRetryFailureException: Failed RaftClientRequest:client-A27D453B97D8-&gt;66a7ded9-d93a-47d1-9f2c-98e6bd60743c@group-E490C312537B, cid=102, seq=2*, RW, org.apache.hadoop.hdds.scm.XceiverClientRatis$$Lambda$412/454958850@30a2f2ce for 20 attempts with RetryLimited(maxAttempts=20, sleepTime=1000ms)" type="java.util.concurrent.ExecutionException">java.util.concurrent.ExecutionException: org.apache.ratis.protocol.RaftRetryFailureException: Failed RaftClientRequest:client-A27D453B97D8->66a7ded9-d93a-47d1-9f2c-98e6bd60743c@group-E490C312537B, cid=102, seq=2*, RW, org.apache.hadoop.hdds.scm.XceiverClientRatis$$Lambda$412/454958850@30a2f2ce for 20 attempts with RetryLimited(maxAttempts=20, sleepTime=1000ms)
	at java.util.concurrent.CompletableFuture.reportGet(CompletableFuture.java:357)
	at java.util.concurrent.CompletableFuture.get(CompletableFuture.java:1895)
	at org.apache.hadoop.ozone.client.rpc.TestWatchForCommit.test2WayCommitForTimeoutException(TestWatchForCommit.java:390)
	at sun.reflect.NativeMethodAccessorImpl.invoke0(Native Method)
	at sun.reflect.NativeMethodAccessorImpl.invoke(NativeMethodAccessorImpl.java:62)
	at sun.reflect.DelegatingMethodAccessorImpl.invoke(DelegatingMethodAccessorImpl.java:43)
	at java.lang.reflect.Method.invoke(Method.java:498)
	at org.junit.runners.model.FrameworkMethod$1.runReflectiveCall(FrameworkMethod.java:47)
	at org.junit.internal.runners.model.ReflectiveCallable.run(ReflectiveCallable.java:12)
	at org.junit.runners.model.FrameworkMethod.invokeExplosively(FrameworkMethod.java:44)
	at org.junit.internal.runners.statements.InvokeMethod.evaluate(InvokeMethod.java:17)
	at org.junit.runners.ParentRunner.runLeaf(ParentRunner.java:271)
	at org.junit.runners.BlockJUnit4ClassRunner.runChild(BlockJUnit4ClassRunner.java:70)
	at org.junit.runners.BlockJUnit4ClassRunner.runChild(BlockJUnit4ClassRunner.java:50)
	at org.junit.runners.ParentRunner$3.run(ParentRunner.java:238)
	at org.junit.runners.ParentRunner$1.schedule(ParentRunner.java:63)
	at org.junit.runners.ParentRunner.runChildren(ParentRunner.java:236)
	at org.junit.runners.ParentRunner.access$000(ParentRunner.java:53)
	at org.junit.runners.ParentRunner$2.evaluate(ParentRunner.java:229)
	at org.junit.runners.ParentRunner.run(ParentRunner.java:309)
	at org.apache.maven.surefire.junit4.JUnit4Provider.execute(JUnit4Provider.java:365)
	at org.apache.maven.surefire.junit4.JUnit4Provider.executeWithRerun(JUnit4Provider.java:273)
	at org.apache.maven.surefire.junit4.JUnit4Provider.executeTestSet(JUnit4Provider.java:238)
	at org.apache.maven.surefire.junit4.JUnit4Provider.invoke(JUnit4Provider.java:159)
	at org.apache.maven.surefire.booter.ForkedBooter.invokeProviderInSameClassLoader(ForkedBooter.java:384)
	at org.apache.maven.surefire.booter.ForkedBooter.runSuitesInProcess(ForkedBooter.java:345)
	at org.apache.maven.surefire.booter.ForkedBooter.execute(ForkedBooter.java:126)
	at org.apache.maven.surefire.booter.ForkedBooter.main(ForkedBooter.java:418)
Caused by: org.apache.ratis.protocol.RaftRetryFailureException: Failed RaftClientRequest:client-A27D453B97D8->66a7ded9-d93a-47d1-9f2c-98e6bd60743c@group-E490C312537B, cid=102, seq=2*, RW, org.apache.hadoop.hdds.scm.XceiverClientRatis$$Lambda$412/454958850@30a2f2ce for 20 attempts with RetryLimited(maxAttempts=20, sleepTime=1000ms)
	at org.apache.ratis.client.impl.RaftClientImpl.noMoreRetries(RaftClientImpl.java:272)
	at org.apache.ratis.client.impl.OrderedAsync.handleAsyncRetryFailure(OrderedAsync.java:138)
	at org.apache.ratis.client.impl.OrderedAsync.lambda$sendRequest$10(OrderedAsync.java:230)
	at java.util.concurrent.CompletableFuture.uniExceptionally(CompletableFuture.java:870)
	at java.util.concurrent.CompletableFuture$UniExceptionally.tryFire(CompletableFuture.java:852)
	at java.util.concurrent.CompletableFuture.postComplete(CompletableFuture.java:474)
	at java.util.concurrent.CompletableFuture.completeExceptionally(CompletableFuture.java:1977)
	at org.apache.ratis.grpc.client.GrpcClientProtocolClient$AsyncStreamObservers.completeReplyExceptionally(GrpcClientProtocolClient.java:330)
	at org.apache.ratis.grpc.client.GrpcClientProtocolClient$AsyncStreamObservers.access$000(GrpcClientProtocolClient.java:246)
	at org.apache.ratis.grpc.client.GrpcClientProtocolClient$AsyncStreamObservers$1.onError(GrpcClientProtocolClient.java:275)
	at org.apache.ratis.thirdparty.io.grpc.stub.ClientCalls$StreamObserverToCallListenerAdapter.onClose(ClientCalls.java:434)
	at org.apache.ratis.thirdparty.io.grpc.PartialForwardingClientCallListener.onClose(PartialForwardingClientCallListener.java:39)
	at org.apache.ratis.thirdparty.io.grpc.ForwardingClientCallListener.onClose(ForwardingClientCallListener.java:23)
	at org.apache.ratis.thirdparty.io.grpc.ForwardingClientCallListener$SimpleForwardingClientCallListener.onClose(ForwardingClientCallListener.java:40)
	at org.apache.ratis.thirdparty.io.grpc.internal.CensusStatsModule$StatsClientInterceptor$1$1.onClose(CensusStatsModule.java:678)
	at org.apache.ratis.thirdparty.io.grpc.PartialForwardingClientCallListener.onClose(PartialForwardingClientCallListener.java:39)
	at org.apache.ratis.thirdparty.io.grpc.ForwardingClientCallListener.onClose(ForwardingClientCallListener.java:23)
	at org.apache.ratis.thirdparty.io.grpc.ForwardingClientCallListener$SimpleForwardingClientCallListener.onClose(ForwardingClientCallListener.java:40)
	at org.apache.ratis.thirdparty.io.grpc.internal.CensusTracingModule$TracingClientInterceptor$1$1.onClose(CensusTracingModule.java:397)
	at org.apache.ratis.thirdparty.io.grpc.internal.ClientCallImpl.closeObserver(ClientCallImpl.java:459)
	at org.apache.ratis.thirdparty.io.grpc.internal.ClientCallImpl.access$300(ClientCallImpl.java:63)
	at org.apache.ratis.thirdparty.io.grpc.internal.ClientCallImpl$ClientStreamListenerImpl.close(ClientCallImpl.java:546)
	at org.apache.ratis.thirdparty.io.grpc.internal.ClientCallImpl$ClientStreamListenerImpl.access$600(ClientCallImpl.java:467)
	at org.apache.ratis.thirdparty.io.grpc.internal.ClientCallImpl$ClientStreamListenerImpl$1StreamClosed.runInContext(ClientCallImpl.java:584)
	at org.apache.ratis.thirdparty.io.grpc.internal.ContextRunnable.run(ContextRunnable.java:37)
	at org.apache.ratis.thirdparty.io.grpc.internal.SerializingExecutor.run(SerializingExecutor.java:123)
	at java.util.concurrent.ThreadPoolExecutor.runWorker(ThreadPoolExecutor.java:1149)
	at java.util.concurrent.ThreadPoolExecutor$Worker.run(ThreadPoolExecutor.java:624)
	at java.lang.Thread.run(Thread.java:748)
Caused by: java.io.IOException: org.apache.ratis.thirdparty.io.grpc.StatusRuntimeException: UNAVAILABLE: io exception
	at org.apache.ratis.grpc.GrpcUtil.unwrapException(GrpcUtil.java:76)
	at org.apache.ratis.grpc.GrpcUtil.unwrapIOException(GrpcUtil.java:128)
	at org.apache.ratis.grpc.client.GrpcClientProtocolClient$AsyncStreamObservers$1.onError(GrpcClientProtocolClient.java:274)
	... 19 more
Caused by: org.apache.ratis.thirdparty.io.grpc.StatusRuntimeException: UNAVAILABLE: io exception
	at org.apache.ratis.thirdparty.io.grpc.Status.asRuntimeException(Status.java:526)
	... 19 more
Caused by: org.apache.ratis.thirdparty.io.netty.channel.AbstractChannel$AnnotatedConnectException: Connection refused: /192.168.69.104:33517
	at sun.nio.ch.SocketChannelImpl.checkConnect(Native Method)
	at sun.nio.ch.SocketChannelImpl.finishConnect(SocketChannelImpl.java:717)
	at org.apache.ratis.thirdparty.io.netty.channel.socket.nio.NioSocketChannel.doFinishConnect(NioSocketChannel.java:327)
	at org.apache.ratis.thirdparty.io.netty.channel.nio.AbstractNioChannel$AbstractNioUnsafe.finishConnect(AbstractNioChannel.java:340)
	at org.apache.ratis.thirdparty.io.netty.channel.nio.NioEventLoop.processSelectedKey(NioEventLoop.java:632)
	at org.apache.ratis.thirdparty.io.netty.channel.nio.NioEventLoop.processSelectedKeysOptimized(NioEventLoop.java:579)
	at org.apache.ratis.thirdparty.io.netty.channel.nio.NioEventLoop.processSelectedKeys(NioEventLoop.java:496)
	at org.apache.ratis.thirdparty.io.netty.channel.nio.NioEventLoop.run(NioEventLoop.java:458)
	at org.apache.ratis.thirdparty.io.netty.util.concurrent.SingleThreadEventExecutor$5.run(SingleThreadEventExecutor.java:897)
	at org.apache.ratis.thirdparty.io.netty.util.concurrent.FastThreadLocalRunnable.run(FastThreadLocalRunnable.java:30)
	... 1 more
Caused by: java.net.ConnectException: Connection refused
	... 11 more
</error>
    <system-out><![CDATA[2019-09-04 09:33:12,869 [main] WARN  server.ServerUtils (ServerUtils.java:getScmDbDir(145)) - ozone.scm.db.dirs is not configured. We recommend adding this setting. Falling back to ozone.metadata.dirs instead.
2019-09-04 09:33:12,890 [main] WARN  server.ServerUtils (ServerUtils.java:getScmDbDir(145)) - ozone.scm.db.dirs is not configured. We recommend adding this setting. Falling back to ozone.metadata.dirs instead.
2019-09-04 09:33:12,890 [main] WARN  server.ServerUtils (ServerUtils.java:getScmDbDir(145)) - ozone.scm.db.dirs is not configured. We recommend adding this setting. Falling back to ozone.metadata.dirs instead.
2019-09-04 09:33:12,891 [main] INFO  db.DBStoreBuilder (DBStoreBuilder.java:addTable(110)) - using custom profile for table: deletedBlocks
2019-09-04 09:33:12,891 [main] INFO  db.DBStoreBuilder (DBStoreBuilder.java:processTables(161)) - Using default column profile:DBProfile.DISK for Table:deletedBlocks
2019-09-04 09:33:12,891 [main] INFO  db.DBStoreBuilder (DBStoreBuilder.java:addTable(110)) - using custom profile for table: validCerts
2019-09-04 09:33:12,891 [main] INFO  db.DBStoreBuilder (DBStoreBuilder.java:processTables(161)) - Using default column profile:DBProfile.DISK for Table:validCerts
2019-09-04 09:33:12,891 [main] INFO  db.DBStoreBuilder (DBStoreBuilder.java:addTable(110)) - using custom profile for table: revokedCerts
2019-09-04 09:33:12,891 [main] INFO  db.DBStoreBuilder (DBStoreBuilder.java:processTables(161)) - Using default column profile:DBProfile.DISK for Table:revokedCerts
2019-09-04 09:33:12,892 [main] INFO  db.DBStoreBuilder (DBStoreBuilder.java:addTable(110)) - using custom profile for table: default
2019-09-04 09:33:12,892 [main] INFO  db.DBStoreBuilder (DBStoreBuilder.java:processTables(167)) - Using default column profile:DBProfile.DISK for Table:default
2019-09-04 09:33:12,892 [main] INFO  db.DBStoreBuilder (DBStoreBuilder.java:getDbProfile(198)) - Using default options. DBProfile.DISK
2019-09-04 09:33:12,907 | INFO  | SCMAudit | user=jenkins1000 | ip=192.168.69.104 | op=SEND_HEARTBEAT {datanodeUUID=fee90ff4-ae5b-4370-9a2e-b45e68f319a2, command=[]} | ret=SUCCESS |  
2019-09-04 09:33:13,118 [main] INFO  net.NodeSchemaLoader (NodeSchemaLoader.java:loadSchemaFromFile(125)) - Loading file from sun.misc.CompoundEnumeration@5799b8a2
2019-09-04 09:33:13,119 [main] INFO  net.NodeSchemaLoader (NodeSchemaLoader.java:loadSchema(171)) - Loading network topology layer schema file
2019-09-04 09:33:13,124 [main] WARN  server.ServerUtils (ServerUtils.java:sanitizeUserArgs(70)) - ozone.scm.stale.node.interval value = 300000 is larger than max = 100000 based on the key value of ozone.scm.heartbeat.thread.interval, reset to the max value 100000.
2019-09-04 09:33:13,124 [main] WARN  server.ServerUtils (ServerUtils.java:sanitizeUserArgs(70)) - ozone.scm.stale.node.interval value = 300000 is larger than max = 100000 based on the key value of ozone.scm.heartbeat.thread.interval, reset to the max value 100000.
2019-09-04 09:33:13,125 [main] INFO  node.SCMNodeManager (SCMNodeManager.java:<init>(121)) - Entering startup safe mode.
2019-09-04 09:33:13,126 [main] INFO  algorithms.ContainerPlacementPolicyFactory (ContainerPlacementPolicyFactory.java:getPolicy(55)) - Create container placement policy of type org.apache.hadoop.hdds.scm.container.placement.algorithms.SCMContainerPlacementRandom
2019-09-04 09:33:13,126 [main] WARN  server.ServerUtils (ServerUtils.java:getScmDbDir(145)) - ozone.scm.db.dirs is not configured. We recommend adding this setting. Falling back to ozone.metadata.dirs instead.
2019-09-04 09:33:13,130 | INFO  | SCMAudit | user=jenkins1000 | ip=192.168.69.104 | op=SEND_HEARTBEAT {datanodeUUID=6a110688-e427-4f01-a5b6-cceebbdad1ed, command=[]} | ret=SUCCESS |  
2019-09-04 09:33:13,216 [main] INFO  pipeline.SCMPipelineManager (SCMPipelineManager.java:initializePipelineState(126)) - No pipeline exists in current db
2019-09-04 09:33:13,217 [main] WARN  server.ServerUtils (ServerUtils.java:getScmDbDir(145)) - ozone.scm.db.dirs is not configured. We recommend adding this setting. Falling back to ozone.metadata.dirs instead.
2019-09-04 09:33:13,306 [main] WARN  events.EventQueue (EventQueue.java:fireEvent(175)) - No event handler registered for event TypedEvent{payloadType=SafeModeStatus, name='SafeModeStatus'}
2019-09-04 09:33:13,307 [main] INFO  ipc.CallQueueManager (CallQueueManager.java:<init>(84)) - Using callQueue: class java.util.concurrent.LinkedBlockingQueue, queueCapacity: 2000, scheduler: class org.apache.hadoop.ipc.DefaultRpcScheduler, ipcBackoff: false.
2019-09-04 09:33:13,308 [Socket Reader #1 for port 37997] INFO  ipc.Server (Server.java:run(1074)) - Starting Socket Reader #1 for port 37997
2019-09-04 09:33:13,315 [main] INFO  ipc.CallQueueManager (CallQueueManager.java:<init>(84)) - Using callQueue: class java.util.concurrent.LinkedBlockingQueue, queueCapacity: 2000, scheduler: class org.apache.hadoop.ipc.DefaultRpcScheduler, ipcBackoff: false.
2019-09-04 09:33:13,316 [Socket Reader #1 for port 35083] INFO  ipc.Server (Server.java:run(1074)) - Starting Socket Reader #1 for port 35083
2019-09-04 09:33:13,324 | INFO  | SCMAudit | user=jenkins1000 | ip=192.168.69.104 | op=SEND_HEARTBEAT {datanodeUUID=e937a017-3f4f-4695-ad6d-cb2753d2b845, command=[]} | ret=SUCCESS |  
2019-09-04 09:33:13,324 [main] INFO  ipc.CallQueueManager (CallQueueManager.java:<init>(84)) - Using callQueue: class java.util.concurrent.LinkedBlockingQueue, queueCapacity: 2000, scheduler: class org.apache.hadoop.ipc.DefaultRpcScheduler, ipcBackoff: false.
2019-09-04 09:33:13,326 [Socket Reader #1 for port 38338] INFO  ipc.Server (Server.java:run(1074)) - Starting Socket Reader #1 for port 38338
2019-09-04 09:33:13,331 [main] INFO  hdfs.DFSUtil (DFSUtil.java:httpServerTemplateForNNAndJN(1641)) - Starting Web-server for scm at: http://0.0.0.0:0
2019-09-04 09:33:13,334 [main] INFO  server.AuthenticationFilter (AuthenticationFilter.java:constructSecretProvider(240)) - Unable to initialize FileSignerSecretProvider, falling back to use random secrets.
2019-09-04 09:33:13,334 [main] WARN  http.HttpRequestLog (HttpRequestLog.java:getRequestLog(97)) - Jetty request log can only be enabled using Log4j
2019-09-04 09:33:13,337 [main] INFO  http.HttpServer2 (HttpServer2.java:addGlobalFilter(975)) - Added global filter 'safety' (class=org.apache.hadoop.http.HttpServer2$QuotingInputFilter)
2019-09-04 09:33:13,338 [main] INFO  http.HttpServer2 (HttpServer2.java:addFilter(948)) - Added filter static_user_filter (class=org.apache.hadoop.http.lib.StaticUserWebFilter$StaticUserFilter) to context scm
2019-09-04 09:33:13,338 [main] INFO  http.HttpServer2 (HttpServer2.java:addFilter(958)) - Added filter static_user_filter (class=org.apache.hadoop.http.lib.StaticUserWebFilter$StaticUserFilter) to context logs
2019-09-04 09:33:13,338 [main] INFO  http.HttpServer2 (HttpServer2.java:addFilter(958)) - Added filter static_user_filter (class=org.apache.hadoop.http.lib.StaticUserWebFilter$StaticUserFilter) to context static
2019-09-04 09:33:13,339 | INFO  | SCMAudit | user=jenkins1000 | ip=192.168.69.104 | op=SEND_HEARTBEAT {datanodeUUID=18851aac-bbd7-47f5-af1c-17f426b11266, command=[]} | ret=SUCCESS |  
2019-09-04 09:33:13,341 [main] INFO  server.StorageContainerManager (StorageContainerManager.java:start(759)) - StorageContainerLocationProtocol RPC server is listening at /0.0.0.0:38338
2019-09-04 09:33:13,344 [main] WARN  impl.MetricsConfig (MetricsConfig.java:loadFirst(134)) - Cannot locate configuration: tried hadoop-metrics2-storagecontainermanager.properties,hadoop-metrics2.properties
2019-09-04 09:33:13,346 [main] INFO  impl.MetricsSystemImpl (MetricsSystemImpl.java:startTimer(374)) - Scheduled Metric snapshot period at 10 second(s).
2019-09-04 09:33:13,346 [main] INFO  impl.MetricsSystemImpl (MetricsSystemImpl.java:start(191)) - StorageContainerManager metrics system started
2019-09-04 09:33:13,594 | INFO  | SCMAudit | user=jenkins1000 | ip=192.168.69.104 | op=SEND_HEARTBEAT {datanodeUUID=0ac595d7-a290-4eb2-9411-ef15ff51c194, command=[]} | ret=SUCCESS |  
2019-09-04 09:33:13,699 | INFO  | SCMAudit | user=jenkins1000 | ip=192.168.69.104 | op=SEND_HEARTBEAT {datanodeUUID=4e23e929-4fb0-4bb2-876d-c448ab6fdc4c, command=[]} | ret=SUCCESS |  
2019-09-04 09:33:13,735 | INFO  | SCMAudit | user=jenkins1000 | ip=192.168.69.104 | op=SEND_HEARTBEAT {datanodeUUID=9626cf3a-220d-42c0-b303-e22d032a63b2, command=[]} | ret=SUCCESS |  
2019-09-04 09:33:13,908 | INFO  | SCMAudit | user=jenkins1000 | ip=192.168.69.104 | op=SEND_HEARTBEAT {datanodeUUID=fee90ff4-ae5b-4370-9a2e-b45e68f319a2, command=[]} | ret=SUCCESS |  
2019-09-04 09:33:14,036 [main] INFO  server.SCMClientProtocolServer (SCMClientProtocolServer.java:start(151)) - RPC server for Client  is listening at /0.0.0.0:38338
2019-09-04 09:33:14,036 [IPC Server Responder] INFO  ipc.Server (Server.java:run(1314)) - IPC Server Responder: starting
2019-09-04 09:33:14,036 [IPC Server listener on 38338] INFO  ipc.Server (Server.java:run(1153)) - IPC Server listener on 38338: starting
2019-09-04 09:33:14,042 [main] INFO  server.StorageContainerManager (StorageContainerManager.java:start(769)) - ScmBlockLocationProtocol RPC server is listening at /0.0.0.0:35083
2019-09-04 09:33:14,043 [main] INFO  server.SCMBlockProtocolServer (SCMBlockProtocolServer.java:start(140)) - RPC server for Block Protocol is listening at /0.0.0.0:35083
2019-09-04 09:33:14,043 [IPC Server Responder] INFO  ipc.Server (Server.java:run(1314)) - IPC Server Responder: starting
2019-09-04 09:33:14,045 [IPC Server listener on 35083] INFO  ipc.Server (Server.java:run(1153)) - IPC Server listener on 35083: starting
2019-09-04 09:33:14,061 [main] INFO  server.StorageContainerManager (StorageContainerManager.java:start(773)) - ScmDatanodeProtocl RPC server is listening at /0.0.0.0:37997
2019-09-04 09:33:14,061 [main] INFO  server.SCMDatanodeProtocolServer (SCMDatanodeProtocolServer.java:start(191)) - RPC server for DataNodes is listening at /0.0.0.0:37997
2019-09-04 09:33:14,065 [IPC Server listener on 37997] INFO  ipc.Server (Server.java:run(1153)) - IPC Server listener on 37997: starting
2019-09-04 09:33:14,066 [IPC Server Responder] INFO  ipc.Server (Server.java:run(1314)) - IPC Server Responder: starting
2019-09-04 09:33:14,072 [main] INFO  http.HttpServer2 (HttpServer2.java:bindListener(1191)) - Jetty bound to port 42231
2019-09-04 09:33:14,072 [main] INFO  server.Server (Server.java:doStart(351)) - jetty-9.3.24.v20180605, build timestamp: 2018-06-05T17:11:56Z, git hash: 84205aa28f11a4f31f2a3b86d1bba2cc8ab69827
2019-09-04 09:33:14,076 [main] INFO  handler.ContextHandler (ContextHandler.java:doStart(781)) - Started o.e.j.s.ServletContextHandler@73bd146c{/logs,file:///workdir/hadoop-ozone/integration-test/target/log,AVAILABLE}
2019-09-04 09:33:14,077 [main] INFO  handler.ContextHandler (ContextHandler.java:doStart(781)) - Started o.e.j.s.ServletContextHandler@3437fc4f{/static,file:///workdir/hadoop-ozone/integration-test/target/test-classes/webapps/static,AVAILABLE}
2019-09-04 09:33:14,081 [main] INFO  handler.ContextHandler (ContextHandler.java:doStart(781)) - Started o.e.j.w.WebAppContext@ec67be1{/,file:///workdir/hadoop-ozone/integration-test/target/test-classes/webapps/scm/,AVAILABLE}{/scm}
2019-09-04 09:33:14,081 [main] INFO  server.AbstractConnector (AbstractConnector.java:doStart(278)) - Started ServerConnector@64a00fe0{HTTP/1.1,[http/1.1]}{0.0.0.0:42231}
2019-09-04 09:33:14,085 [main] INFO  server.Server (Server.java:doStart(419)) - Started @166997ms
2019-09-04 09:33:14,086 [main] INFO  server.BaseHttpServer (BaseHttpServer.java:updateConnectorAddress(213)) - HTTP server of SCM is listening at http://0.0.0.0:42231
2019-09-04 09:33:14,099 [main] WARN  server.ServerUtils (ServerUtils.java:getDBPath(222)) - ozone.om.db.dirs is not configured. We recommend adding this setting. Falling back to ozone.metadata.dirs instead.
2019-09-04 09:33:14,123 [main] WARN  server.ServerUtils (ServerUtils.java:getDBPath(222)) - ozone.om.db.dirs is not configured. We recommend adding this setting. Falling back to ozone.metadata.dirs instead.
2019-09-04 09:33:14,124 [main] WARN  server.ServerUtils (ServerUtils.java:getDBPath(222)) - ozone.om.db.dirs is not configured. We recommend adding this setting. Falling back to ozone.metadata.dirs instead.
2019-09-04 09:33:14,124 [main] INFO  om.OzoneManager (OzoneManager.java:setOMNodeDetails(645)) - OM Service ID is not set. Setting it to the default ID: omServiceIdDefault
2019-09-04 09:33:14,124 [main] INFO  om.OzoneManager (OzoneManager.java:setOMNodeDetails(651)) - OM Node ID is not set. Setting it to the OmStorage's OmID: c6afba1b-6536-4a81-94d3-ae25b0cbcb83
2019-09-04 09:33:14,125 [main] INFO  om.OzoneManager (OzoneManager.java:loadOMHAConfigs(602)) - Found matching OM address with OMServiceId: null, OMNodeId: null, RPC Address: localhost:0 and Ratis port: 9872
2019-09-04 09:33:14,125 [org.apache.hadoop.util.JvmPauseMonitor$Monitor@5ab1107d] INFO  util.JvmPauseMonitor (JvmPauseMonitor.java:run(188)) - Starting JVM pause monitor
2019-09-04 09:33:14,138 | INFO  | SCMAudit | user=jenkins1000 | ip=192.168.69.104 | op=SEND_HEARTBEAT {datanodeUUID=6a110688-e427-4f01-a5b6-cceebbdad1ed, command=[]} | ret=SUCCESS |  
2019-09-04 09:33:14,160 | INFO  | SCMAudit | user=jenkins1000 | ip=192.168.69.104 | op=GET_SCM_INFO null | ret=SUCCESS |  
2019-09-04 09:33:14,179 [main] WARN  server.ServerUtils (ServerUtils.java:getDBPath(222)) - ozone.om.db.dirs is not configured. We recommend adding this setting. Falling back to ozone.metadata.dirs instead.
2019-09-04 09:33:14,179 [main] INFO  db.DBStoreBuilder (DBStoreBuilder.java:addTable(110)) - using custom profile for table: userTable
2019-09-04 09:33:14,179 [main] INFO  db.DBStoreBuilder (DBStoreBuilder.java:processTables(161)) - Using default column profile:DBProfile.DISK for Table:userTable
2019-09-04 09:33:14,180 [main] INFO  db.DBStoreBuilder (DBStoreBuilder.java:addTable(110)) - using custom profile for table: volumeTable
2019-09-04 09:33:14,180 [main] INFO  db.DBStoreBuilder (DBStoreBuilder.java:processTables(161)) - Using default column profile:DBProfile.DISK for Table:volumeTable
2019-09-04 09:33:14,180 [main] INFO  db.DBStoreBuilder (DBStoreBuilder.java:addTable(110)) - using custom profile for table: bucketTable
2019-09-04 09:33:14,180 [main] INFO  db.DBStoreBuilder (DBStoreBuilder.java:processTables(161)) - Using default column profile:DBProfile.DISK for Table:bucketTable
2019-09-04 09:33:14,180 [main] INFO  db.DBStoreBuilder (DBStoreBuilder.java:addTable(110)) - using custom profile for table: keyTable
2019-09-04 09:33:14,181 [main] INFO  db.DBStoreBuilder (DBStoreBuilder.java:processTables(161)) - Using default column profile:DBProfile.DISK for Table:keyTable
2019-09-04 09:33:14,181 [main] INFO  db.DBStoreBuilder (DBStoreBuilder.java:addTable(110)) - using custom profile for table: deletedTable
2019-09-04 09:33:14,181 [main] INFO  db.DBStoreBuilder (DBStoreBuilder.java:processTables(161)) - Using default column profile:DBProfile.DISK for Table:deletedTable
2019-09-04 09:33:14,181 [main] INFO  db.DBStoreBuilder (DBStoreBuilder.java:addTable(110)) - using custom profile for table: openKeyTable
2019-09-04 09:33:14,181 [main] INFO  db.DBStoreBuilder (DBStoreBuilder.java:processTables(161)) - Using default column profile:DBProfile.DISK for Table:openKeyTable
2019-09-04 09:33:14,182 [main] INFO  db.DBStoreBuilder (DBStoreBuilder.java:addTable(110)) - using custom profile for table: s3Table
2019-09-04 09:33:14,182 [main] INFO  db.DBStoreBuilder (DBStoreBuilder.java:processTables(161)) - Using default column profile:DBProfile.DISK for Table:s3Table
2019-09-04 09:33:14,182 [main] INFO  db.DBStoreBuilder (DBStoreBuilder.java:addTable(110)) - using custom profile for table: multipartInfoTable
2019-09-04 09:33:14,182 [main] INFO  db.DBStoreBuilder (DBStoreBuilder.java:processTables(161)) - Using default column profile:DBProfile.DISK for Table:multipartInfoTable
2019-09-04 09:33:14,182 [main] INFO  db.DBStoreBuilder (DBStoreBuilder.java:addTable(110)) - using custom profile for table: dTokenTable
2019-09-04 09:33:14,183 [main] INFO  db.DBStoreBuilder (DBStoreBuilder.java:processTables(161)) - Using default column profile:DBProfile.DISK for Table:dTokenTable
2019-09-04 09:33:14,183 [main] INFO  db.DBStoreBuilder (DBStoreBuilder.java:addTable(110)) - using custom profile for table: s3SecretTable
2019-09-04 09:33:14,183 [main] INFO  db.DBStoreBuilder (DBStoreBuilder.java:processTables(161)) - Using default column profile:DBProfile.DISK for Table:s3SecretTable
2019-09-04 09:33:14,183 [main] INFO  db.DBStoreBuilder (DBStoreBuilder.java:addTable(110)) - using custom profile for table: prefixTable
2019-09-04 09:33:14,183 [main] INFO  db.DBStoreBuilder (DBStoreBuilder.java:processTables(161)) - Using default column profile:DBProfile.DISK for Table:prefixTable
2019-09-04 09:33:14,183 [main] INFO  db.DBStoreBuilder (DBStoreBuilder.java:addTable(110)) - using custom profile for table: default
2019-09-04 09:33:14,184 [main] INFO  db.DBStoreBuilder (DBStoreBuilder.java:processTables(167)) - Using default column profile:DBProfile.DISK for Table:default
2019-09-04 09:33:14,184 [main] INFO  db.DBStoreBuilder (DBStoreBuilder.java:getDbProfile(198)) - Using default options. DBProfile.DISK
2019-09-04 09:33:14,321 | INFO  | SCMAudit | user=jenkins1000 | ip=192.168.69.104 | op=SEND_HEARTBEAT {datanodeUUID=e937a017-3f4f-4695-ad6d-cb2753d2b845, command=[]} | ret=SUCCESS |  
2019-09-04 09:33:14,335 | INFO  | SCMAudit | user=jenkins1000 | ip=192.168.69.104 | op=SEND_HEARTBEAT {datanodeUUID=18851aac-bbd7-47f5-af1c-17f426b11266, command=[]} | ret=SUCCESS |  
2019-09-04 09:33:14,582 | INFO  | SCMAudit | user=jenkins1000 | ip=192.168.69.104 | op=SEND_HEARTBEAT {datanodeUUID=0ac595d7-a290-4eb2-9411-ef15ff51c194, command=[]} | ret=SUCCESS |  
2019-09-04 09:33:14,699 | INFO  | SCMAudit | user=jenkins1000 | ip=192.168.69.104 | op=SEND_HEARTBEAT {datanodeUUID=4e23e929-4fb0-4bb2-876d-c448ab6fdc4c, command=[]} | ret=SUCCESS |  
2019-09-04 09:33:14,731 | INFO  | SCMAudit | user=jenkins1000 | ip=192.168.69.104 | op=SEND_HEARTBEAT {datanodeUUID=9626cf3a-220d-42c0-b303-e22d032a63b2, command=[]} | ret=SUCCESS |  
2019-09-04 09:33:14,835 [main] INFO  ipc.CallQueueManager (CallQueueManager.java:<init>(84)) - Using callQueue: class java.util.concurrent.LinkedBlockingQueue, queueCapacity: 2000, scheduler: class org.apache.hadoop.ipc.DefaultRpcScheduler, ipcBackoff: false.
2019-09-04 09:33:14,836 [Socket Reader #1 for port 35243] INFO  ipc.Server (Server.java:run(1074)) - Starting Socket Reader #1 for port 35243
2019-09-04 09:33:14,854 [main] INFO  om.OzoneManager (OzoneManager.java:start(1256)) - OzoneManager RPC server is listening at localhost/127.0.0.1:35243
2019-09-04 09:33:14,854 [main] INFO  impl.MetricsSystemImpl (MetricsSystemImpl.java:init(158)) - OzoneManager metrics system started (again)
2019-09-04 09:33:14,855 [IPC Server Responder] INFO  ipc.Server (Server.java:run(1314)) - IPC Server Responder: starting
2019-09-04 09:33:14,855 [IPC Server listener on 35243] INFO  ipc.Server (Server.java:run(1153)) - IPC Server listener on 35243: starting
2019-09-04 09:33:14,862 [main] INFO  hdfs.DFSUtil (DFSUtil.java:httpServerTemplateForNNAndJN(1641)) - Starting Web-server for ozoneManager at: http://0.0.0.0:0
2019-09-04 09:33:14,864 [main] INFO  server.AuthenticationFilter (AuthenticationFilter.java:constructSecretProvider(240)) - Unable to initialize FileSignerSecretProvider, falling back to use random secrets.
2019-09-04 09:33:14,864 [main] WARN  http.HttpRequestLog (HttpRequestLog.java:getRequestLog(97)) - Jetty request log can only be enabled using Log4j
2019-09-04 09:33:14,866 [main] INFO  http.HttpServer2 (HttpServer2.java:addGlobalFilter(975)) - Added global filter 'safety' (class=org.apache.hadoop.http.HttpServer2$QuotingInputFilter)
2019-09-04 09:33:14,867 [main] INFO  http.HttpServer2 (HttpServer2.java:addFilter(948)) - Added filter static_user_filter (class=org.apache.hadoop.http.lib.StaticUserWebFilter$StaticUserFilter) to context ozoneManager
2019-09-04 09:33:14,867 [main] INFO  http.HttpServer2 (HttpServer2.java:addFilter(958)) - Added filter static_user_filter (class=org.apache.hadoop.http.lib.StaticUserWebFilter$StaticUserFilter) to context static
2019-09-04 09:33:14,867 [main] INFO  http.HttpServer2 (HttpServer2.java:addFilter(958)) - Added filter static_user_filter (class=org.apache.hadoop.http.lib.StaticUserWebFilter$StaticUserFilter) to context logs
2019-09-04 09:33:14,868 [main] INFO  http.HttpServer2 (HttpServer2.java:bindListener(1191)) - Jetty bound to port 40745
2019-09-04 09:33:14,868 [main] INFO  server.Server (Server.java:doStart(351)) - jetty-9.3.24.v20180605, build timestamp: 2018-06-05T17:11:56Z, git hash: 84205aa28f11a4f31f2a3b86d1bba2cc8ab69827
2019-09-04 09:33:14,870 [main] INFO  handler.ContextHandler (ContextHandler.java:doStart(781)) - Started o.e.j.s.ServletContextHandler@159a32a4{/logs,file:///workdir/hadoop-ozone/integration-test/target/log,AVAILABLE}
2019-09-04 09:33:14,870 [main] INFO  handler.ContextHandler (ContextHandler.java:doStart(781)) - Started o.e.j.s.ServletContextHandler@1ddc5857{/static,file:///workdir/hadoop-ozone/integration-test/target/test-classes/webapps/static,AVAILABLE}
2019-09-04 09:33:14,875 [main] INFO  handler.ContextHandler (ContextHandler.java:doStart(781)) - Started o.e.j.w.WebAppContext@3ba6707e{/,file:///workdir/hadoop-ozone/integration-test/target/test-classes/webapps/ozoneManager/,AVAILABLE}{/ozoneManager}
2019-09-04 09:33:14,879 [main] INFO  server.AbstractConnector (AbstractConnector.java:doStart(278)) - Started ServerConnector@4b407ac7{HTTP/1.1,[http/1.1]}{0.0.0.0:40745}
2019-09-04 09:33:14,879 [main] INFO  server.Server (Server.java:doStart(419)) - Started @167790ms
2019-09-04 09:33:14,880 [main] INFO  server.BaseHttpServer (BaseHttpServer.java:updateConnectorAddress(213)) - HTTP server of OZONEMANAGER is listening at http://0.0.0.0:40745
2019-09-04 09:33:14,897 [main] INFO  impl.MetricsSystemImpl (MetricsSystemImpl.java:init(158)) - HddsDatanode metrics system started (again)
2019-09-04 09:33:15,047 | INFO  | SCMAudit | user=jenkins1000 | ip=192.168.69.104 | op=SEND_HEARTBEAT {datanodeUUID=fee90ff4-ae5b-4370-9a2e-b45e68f319a2, command=[]} | ret=SUCCESS |  
2019-09-04 09:33:15,062 [main] INFO  ozone.HddsDatanodeService (HddsDatanodeService.java:start(184)) - HddsDatanodeService host:pr-hdds-1569-dvkr5-2373193410 ip:192.168.69.104
2019-09-04 09:33:15,113 [main] INFO  volume.HddsVolume (HddsVolume.java:<init>(176)) - Creating Volume: /workdir/hadoop-ozone/integration-test/target/test-dir/MiniOzoneClusterImpl-73d646de-bab2-44de-aaf3-9281ad245be8/datanode-0/data/containers/hdds of  storage type : DISK and capacity : 1482555576320
2019-09-04 09:33:15,113 [main] INFO  volume.VolumeSet (VolumeSet.java:initializeVolumeSet(170)) - Added Volume : /workdir/hadoop-ozone/integration-test/target/test-dir/MiniOzoneClusterImpl-73d646de-bab2-44de-aaf3-9281ad245be8/datanode-0/data/containers/hdds to VolumeSet
2019-09-04 09:33:15,113 [main] INFO  volume.ThrottledAsyncChecker (ThrottledAsyncChecker.java:schedule(140)) - Scheduling a check for org.apache.hadoop.ozone.container.common.volume.HddsVolume@66d766b9
2019-09-04 09:33:15,114 [main] INFO  volume.HddsVolumeChecker (HddsVolumeChecker.java:checkAllVolumes(203)) - Scheduled health check for volume org.apache.hadoop.ozone.container.common.volume.HddsVolume@66d766b9
2019-09-04 09:33:15,140 [main] INFO  impl.RaftServerProxy (ConfUtils.java:logGet(43)) - raft.rpc.type = GRPC (default)
2019-09-04 09:33:15,140 | INFO  | SCMAudit | user=jenkins1000 | ip=192.168.69.104 | op=SEND_HEARTBEAT {datanodeUUID=6a110688-e427-4f01-a5b6-cceebbdad1ed, command=[]} | ret=SUCCESS |  
2019-09-04 09:33:15,141 [main] INFO  grpc.GrpcFactory (GrpcFactory.java:checkPooledByteBufAllocatorUseCacheForAllThreads(45)) - PERFORMANCE WARNING: useCacheForAllThreads is true that may cause Netty to create a lot garbage objects and, as a result, trigger GC.
	It is recommended to disable useCacheForAllThreads by setting -Dorg.apache.ratis.thirdparty.io.netty.allocator.useCacheForAllThreads=false in command line.
2019-09-04 09:33:15,141 [main] INFO  grpc.GrpcConfigKeys$Server (ConfUtils.java:logGet(43)) - raft.grpc.server.port = 0 (default)
2019-09-04 09:33:15,141 [main] INFO  server.GrpcService (ConfUtils.java:logGet(43)) - raft.grpc.message.size.max = 33570816 (custom)
2019-09-04 09:33:15,141 [main] INFO  server.RaftServerConfigKeys (ConfUtils.java:logGet(43)) - raft.server.log.appender.buffer.byte-limit = 33554432 (custom)
2019-09-04 09:33:15,141 [main] INFO  server.GrpcService (ConfUtils.java:logGet(43)) - raft.grpc.flow.control.window = 1MB (=1048576) (default)
2019-09-04 09:33:15,142 [main] INFO  server.RaftServerConfigKeys (ConfUtils.java:logGet(43)) - raft.server.rpc.request.timeout = 3000ms (default)
2019-09-04 09:33:15,142 [main] INFO  server.RaftServerConfigKeys (ConfUtils.java:logGet(43)) - raft.server.storage.dir = [/workdir/hadoop-ozone/integration-test/target/test-dir/MiniOzoneClusterImpl-73d646de-bab2-44de-aaf3-9281ad245be8/datanode-0/data/ratis] (custom)
2019-09-04 09:33:15,143 [main] INFO  replication.SimpleContainerDownloader (SimpleContainerDownloader.java:<init>(72)) - Starting container downloader service to copy containers to replicate.
2019-09-04 09:33:15,144 [main] INFO  hdfs.DFSUtil (DFSUtil.java:httpServerTemplateForNNAndJN(1641)) - Starting Web-server for hddsDatanode at: http://0.0.0.0:0
2019-09-04 09:33:15,145 [main] INFO  server.AuthenticationFilter (AuthenticationFilter.java:constructSecretProvider(240)) - Unable to initialize FileSignerSecretProvider, falling back to use random secrets.
2019-09-04 09:33:15,146 [main] WARN  http.HttpRequestLog (HttpRequestLog.java:getRequestLog(97)) - Jetty request log can only be enabled using Log4j
2019-09-04 09:33:15,147 [main] INFO  http.HttpServer2 (HttpServer2.java:addGlobalFilter(975)) - Added global filter 'safety' (class=org.apache.hadoop.http.HttpServer2$QuotingInputFilter)
2019-09-04 09:33:15,148 [main] INFO  http.HttpServer2 (HttpServer2.java:addFilter(948)) - Added filter static_user_filter (class=org.apache.hadoop.http.lib.StaticUserWebFilter$StaticUserFilter) to context hddsDatanode
2019-09-04 09:33:15,148 [main] INFO  http.HttpServer2 (HttpServer2.java:addFilter(958)) - Added filter static_user_filter (class=org.apache.hadoop.http.lib.StaticUserWebFilter$StaticUserFilter) to context logs
2019-09-04 09:33:15,148 [main] INFO  http.HttpServer2 (HttpServer2.java:addFilter(958)) - Added filter static_user_filter (class=org.apache.hadoop.http.lib.StaticUserWebFilter$StaticUserFilter) to context static
2019-09-04 09:33:15,149 [main] INFO  http.HttpServer2 (HttpServer2.java:bindListener(1191)) - Jetty bound to port 45470
2019-09-04 09:33:15,149 [main] INFO  server.Server (Server.java:doStart(351)) - jetty-9.3.24.v20180605, build timestamp: 2018-06-05T17:11:56Z, git hash: 84205aa28f11a4f31f2a3b86d1bba2cc8ab69827
2019-09-04 09:33:15,151 [main] INFO  handler.ContextHandler (ContextHandler.java:doStart(781)) - Started o.e.j.s.ServletContextHandler@78b29e00{/logs,file:///workdir/hadoop-ozone/integration-test/target/log,AVAILABLE}
2019-09-04 09:33:15,151 [main] INFO  handler.ContextHandler (ContextHandler.java:doStart(781)) - Started o.e.j.s.ServletContextHandler@3b4b2c03{/static,jar:file:/home/user/.m2/repository/org/apache/hadoop/hadoop-hdds-container-service/0.5.0-SNAPSHOT/hadoop-hdds-container-service-0.5.0-SNAPSHOT.jar!/webapps/static,AVAILABLE}
2019-09-04 09:33:15,177 [main] INFO  handler.ContextHandler (ContextHandler.java:doStart(781)) - Started o.e.j.w.WebAppContext@189f9f9f{/,file:///tmp/jetty-0.0.0.0-45470-hddsDatanode-_-any-3814739737885826538.dir/webapp/,AVAILABLE}{/hddsDatanode}
2019-09-04 09:33:15,178 [main] INFO  server.AbstractConnector (AbstractConnector.java:doStart(278)) - Started ServerConnector@5b908c6d{HTTP/1.1,[http/1.1]}{0.0.0.0:45470}
2019-09-04 09:33:15,181 [main] INFO  server.Server (Server.java:doStart(419)) - Started @168092ms
2019-09-04 09:33:15,182 [main] INFO  server.BaseHttpServer (BaseHttpServer.java:updateConnectorAddress(213)) - HTTP server of HDDSDATANODE is listening at http://0.0.0.0:45470
2019-09-04 09:33:15,293 | INFO  | ObjectStoreRestHttpServer | Listening HDDS REST traffic on /0.0.0.0:36202 |  
2019-09-04 09:33:15,293 [main] INFO  ozone.HddsDatanodeService (HddsDatanodeService.java:startPlugins(395)) - Started plug-in org.apache.hadoop.ozone.web.OzoneHddsDatanodeService@102dff25
2019-09-04 09:33:15,293 [main] INFO  impl.MetricsSystemImpl (MetricsSystemImpl.java:init(158)) - HddsDatanode metrics system started (again)
2019-09-04 09:33:15,310 [org.apache.hadoop.util.JvmPauseMonitor$Monitor@35e64f2c] INFO  util.JvmPauseMonitor (JvmPauseMonitor.java:run(188)) - Starting JVM pause monitor
2019-09-04 09:33:15,312 [Datanode State Machine Thread - 0] INFO  datanode.InitDatanodeState (InitDatanodeState.java:persistContainerDatanodeDetails(140)) - DatanodeDetails is persisted to /workdir/hadoop-ozone/integration-test/target/test-dir/MiniOzoneClusterImpl-73d646de-bab2-44de-aaf3-9281ad245be8/datanode-0/meta/datanode.id
2019-09-04 09:33:15,312 [main] INFO  ozone.HddsDatanodeService (HddsDatanodeService.java:start(184)) - HddsDatanodeService host:pr-hdds-1569-dvkr5-2373193410 ip:192.168.69.104
2019-09-04 09:33:15,324 [main] INFO  volume.HddsVolume (HddsVolume.java:<init>(176)) - Creating Volume: /workdir/hadoop-ozone/integration-test/target/test-dir/MiniOzoneClusterImpl-73d646de-bab2-44de-aaf3-9281ad245be8/datanode-1/data/containers/hdds of  storage type : DISK and capacity : 1482555576320
2019-09-04 09:33:15,324 | INFO  | SCMAudit | user=jenkins1000 | ip=192.168.69.104 | op=SEND_HEARTBEAT {datanodeUUID=e937a017-3f4f-4695-ad6d-cb2753d2b845, command=[]} | ret=SUCCESS |  
2019-09-04 09:33:15,325 [main] INFO  volume.VolumeSet (VolumeSet.java:initializeVolumeSet(170)) - Added Volume : /workdir/hadoop-ozone/integration-test/target/test-dir/MiniOzoneClusterImpl-73d646de-bab2-44de-aaf3-9281ad245be8/datanode-1/data/containers/hdds to VolumeSet
2019-09-04 09:33:15,325 [main] INFO  volume.ThrottledAsyncChecker (ThrottledAsyncChecker.java:schedule(140)) - Scheduling a check for org.apache.hadoop.ozone.container.common.volume.HddsVolume@b2db8bc
2019-09-04 09:33:15,325 [main] INFO  volume.HddsVolumeChecker (HddsVolumeChecker.java:checkAllVolumes(203)) - Scheduled health check for volume org.apache.hadoop.ozone.container.common.volume.HddsVolume@b2db8bc
2019-09-04 09:33:15,336 | INFO  | SCMAudit | user=jenkins1000 | ip=192.168.69.104 | op=SEND_HEARTBEAT {datanodeUUID=18851aac-bbd7-47f5-af1c-17f426b11266, command=[]} | ret=SUCCESS |  
2019-09-04 09:33:15,343 [main] INFO  impl.RaftServerProxy (ConfUtils.java:logGet(43)) - raft.rpc.type = GRPC (default)
2019-09-04 09:33:15,343 [main] INFO  grpc.GrpcFactory (GrpcFactory.java:checkPooledByteBufAllocatorUseCacheForAllThreads(45)) - PERFORMANCE WARNING: useCacheForAllThreads is true that may cause Netty to create a lot garbage objects and, as a result, trigger GC.
	It is recommended to disable useCacheForAllThreads by setting -Dorg.apache.ratis.thirdparty.io.netty.allocator.useCacheForAllThreads=false in command line.
2019-09-04 09:33:15,343 [main] INFO  grpc.GrpcConfigKeys$Server (ConfUtils.java:logGet(43)) - raft.grpc.server.port = 0 (default)
2019-09-04 09:33:15,343 [main] INFO  server.GrpcService (ConfUtils.java:logGet(43)) - raft.grpc.message.size.max = 33570816 (custom)
2019-09-04 09:33:15,344 [main] INFO  server.RaftServerConfigKeys (ConfUtils.java:logGet(43)) - raft.server.log.appender.buffer.byte-limit = 33554432 (custom)
2019-09-04 09:33:15,344 [main] INFO  server.GrpcService (ConfUtils.java:logGet(43)) - raft.grpc.flow.control.window = 1MB (=1048576) (default)
2019-09-04 09:33:15,344 [main] INFO  server.RaftServerConfigKeys (ConfUtils.java:logGet(43)) - raft.server.rpc.request.timeout = 3000ms (default)
2019-09-04 09:33:15,344 [main] INFO  server.RaftServerConfigKeys (ConfUtils.java:logGet(43)) - raft.server.storage.dir = [/workdir/hadoop-ozone/integration-test/target/test-dir/MiniOzoneClusterImpl-73d646de-bab2-44de-aaf3-9281ad245be8/datanode-1/data/ratis] (custom)
2019-09-04 09:33:15,345 [main] INFO  replication.SimpleContainerDownloader (SimpleContainerDownloader.java:<init>(72)) - Starting container downloader service to copy containers to replicate.
2019-09-04 09:33:15,346 [main] INFO  hdfs.DFSUtil (DFSUtil.java:httpServerTemplateForNNAndJN(1641)) - Starting Web-server for hddsDatanode at: http://0.0.0.0:0
2019-09-04 09:33:15,347 [main] INFO  server.AuthenticationFilter (AuthenticationFilter.java:constructSecretProvider(240)) - Unable to initialize FileSignerSecretProvider, falling back to use random secrets.
2019-09-04 09:33:15,348 [main] WARN  http.HttpRequestLog (HttpRequestLog.java:getRequestLog(97)) - Jetty request log can only be enabled using Log4j
2019-09-04 09:33:15,349 [main] INFO  http.HttpServer2 (HttpServer2.java:addGlobalFilter(975)) - Added global filter 'safety' (class=org.apache.hadoop.http.HttpServer2$QuotingInputFilter)
2019-09-04 09:33:15,349 [main] INFO  http.HttpServer2 (HttpServer2.java:addFilter(948)) - Added filter static_user_filter (class=org.apache.hadoop.http.lib.StaticUserWebFilter$StaticUserFilter) to context hddsDatanode
2019-09-04 09:33:15,349 [main] INFO  http.HttpServer2 (HttpServer2.java:addFilter(958)) - Added filter static_user_filter (class=org.apache.hadoop.http.lib.StaticUserWebFilter$StaticUserFilter) to context static
2019-09-04 09:33:15,349 [main] INFO  http.HttpServer2 (HttpServer2.java:addFilter(958)) - Added filter static_user_filter (class=org.apache.hadoop.http.lib.StaticUserWebFilter$StaticUserFilter) to context logs
2019-09-04 09:33:15,350 [main] INFO  http.HttpServer2 (HttpServer2.java:bindListener(1191)) - Jetty bound to port 34826
2019-09-04 09:33:15,350 [main] INFO  server.Server (Server.java:doStart(351)) - jetty-9.3.24.v20180605, build timestamp: 2018-06-05T17:11:56Z, git hash: 84205aa28f11a4f31f2a3b86d1bba2cc8ab69827
2019-09-04 09:33:15,351 [main] INFO  handler.ContextHandler (ContextHandler.java:doStart(781)) - Started o.e.j.s.ServletContextHandler@2f6f2d91{/logs,file:///workdir/hadoop-ozone/integration-test/target/log,AVAILABLE}
2019-09-04 09:33:15,352 [main] INFO  handler.ContextHandler (ContextHandler.java:doStart(781)) - Started o.e.j.s.ServletContextHandler@139da216{/static,jar:file:/home/user/.m2/repository/org/apache/hadoop/hadoop-hdds-container-service/0.5.0-SNAPSHOT/hadoop-hdds-container-service-0.5.0-SNAPSHOT.jar!/webapps/static,AVAILABLE}
2019-09-04 09:33:15,382 [main] INFO  handler.ContextHandler (ContextHandler.java:doStart(781)) - Started o.e.j.w.WebAppContext@7a02d760{/,file:///tmp/jetty-0.0.0.0-34826-hddsDatanode-_-any-7477750259898811804.dir/webapp/,AVAILABLE}{/hddsDatanode}
2019-09-04 09:33:15,382 [main] INFO  server.AbstractConnector (AbstractConnector.java:doStart(278)) - Started ServerConnector@5a86112a{HTTP/1.1,[http/1.1]}{0.0.0.0:34826}
2019-09-04 09:33:15,387 [main] INFO  server.Server (Server.java:doStart(419)) - Started @168298ms
2019-09-04 09:33:15,388 [main] INFO  server.BaseHttpServer (BaseHttpServer.java:updateConnectorAddress(213)) - HTTP server of HDDSDATANODE is listening at http://0.0.0.0:34826
2019-09-04 09:33:15,507 | INFO  | ObjectStoreRestHttpServer | Listening HDDS REST traffic on /0.0.0.0:43450 |  
2019-09-04 09:33:15,508 [main] INFO  ozone.HddsDatanodeService (HddsDatanodeService.java:startPlugins(395)) - Started plug-in org.apache.hadoop.ozone.web.OzoneHddsDatanodeService@17e2ad13
2019-09-04 09:33:15,508 [main] INFO  impl.MetricsSystemImpl (MetricsSystemImpl.java:init(158)) - HddsDatanode metrics system started (again)
2019-09-04 09:33:15,511 [org.apache.hadoop.util.JvmPauseMonitor$Monitor@5543c825] INFO  util.JvmPauseMonitor (JvmPauseMonitor.java:run(188)) - Starting JVM pause monitor
2019-09-04 09:33:15,513 [Datanode State Machine Thread - 0] INFO  datanode.InitDatanodeState (InitDatanodeState.java:persistContainerDatanodeDetails(140)) - DatanodeDetails is persisted to /workdir/hadoop-ozone/integration-test/target/test-dir/MiniOzoneClusterImpl-73d646de-bab2-44de-aaf3-9281ad245be8/datanode-1/meta/datanode.id
2019-09-04 09:33:15,533 [main] INFO  ozone.HddsDatanodeService (HddsDatanodeService.java:start(184)) - HddsDatanodeService host:pr-hdds-1569-dvkr5-2373193410 ip:192.168.69.104
2019-09-04 09:33:15,549 [main] INFO  volume.HddsVolume (HddsVolume.java:<init>(176)) - Creating Volume: /workdir/hadoop-ozone/integration-test/target/test-dir/MiniOzoneClusterImpl-73d646de-bab2-44de-aaf3-9281ad245be8/datanode-2/data/containers/hdds of  storage type : DISK and capacity : 1482555576320
2019-09-04 09:33:15,549 [main] INFO  volume.VolumeSet (VolumeSet.java:initializeVolumeSet(170)) - Added Volume : /workdir/hadoop-ozone/integration-test/target/test-dir/MiniOzoneClusterImpl-73d646de-bab2-44de-aaf3-9281ad245be8/datanode-2/data/containers/hdds to VolumeSet
2019-09-04 09:33:15,549 [main] INFO  volume.ThrottledAsyncChecker (ThrottledAsyncChecker.java:schedule(140)) - Scheduling a check for org.apache.hadoop.ozone.container.common.volume.HddsVolume@c50d1b2
2019-09-04 09:33:15,550 [main] INFO  volume.HddsVolumeChecker (HddsVolumeChecker.java:checkAllVolumes(203)) - Scheduled health check for volume org.apache.hadoop.ozone.container.common.volume.HddsVolume@c50d1b2
2019-09-04 09:33:15,569 [main] INFO  impl.RaftServerProxy (ConfUtils.java:logGet(43)) - raft.rpc.type = GRPC (default)
2019-09-04 09:33:15,570 [main] INFO  grpc.GrpcFactory (GrpcFactory.java:checkPooledByteBufAllocatorUseCacheForAllThreads(45)) - PERFORMANCE WARNING: useCacheForAllThreads is true that may cause Netty to create a lot garbage objects and, as a result, trigger GC.
	It is recommended to disable useCacheForAllThreads by setting -Dorg.apache.ratis.thirdparty.io.netty.allocator.useCacheForAllThreads=false in command line.
2019-09-04 09:33:15,570 [main] INFO  grpc.GrpcConfigKeys$Server (ConfUtils.java:logGet(43)) - raft.grpc.server.port = 0 (default)
2019-09-04 09:33:15,570 [main] INFO  server.GrpcService (ConfUtils.java:logGet(43)) - raft.grpc.message.size.max = 33570816 (custom)
2019-09-04 09:33:15,570 [main] INFO  server.RaftServerConfigKeys (ConfUtils.java:logGet(43)) - raft.server.log.appender.buffer.byte-limit = 33554432 (custom)
2019-09-04 09:33:15,571 [main] INFO  server.GrpcService (ConfUtils.java:logGet(43)) - raft.grpc.flow.control.window = 1MB (=1048576) (default)
2019-09-04 09:33:15,571 [main] INFO  server.RaftServerConfigKeys (ConfUtils.java:logGet(43)) - raft.server.rpc.request.timeout = 3000ms (default)
2019-09-04 09:33:15,571 [main] INFO  server.RaftServerConfigKeys (ConfUtils.java:logGet(43)) - raft.server.storage.dir = [/workdir/hadoop-ozone/integration-test/target/test-dir/MiniOzoneClusterImpl-73d646de-bab2-44de-aaf3-9281ad245be8/datanode-2/data/ratis] (custom)
2019-09-04 09:33:15,572 [main] INFO  replication.SimpleContainerDownloader (SimpleContainerDownloader.java:<init>(72)) - Starting container downloader service to copy containers to replicate.
2019-09-04 09:33:15,573 [main] INFO  hdfs.DFSUtil (DFSUtil.java:httpServerTemplateForNNAndJN(1641)) - Starting Web-server for hddsDatanode at: http://0.0.0.0:0
2019-09-04 09:33:15,575 [main] INFO  server.AuthenticationFilter (AuthenticationFilter.java:constructSecretProvider(240)) - Unable to initialize FileSignerSecretProvider, falling back to use random secrets.
2019-09-04 09:33:15,575 [main] WARN  http.HttpRequestLog (HttpRequestLog.java:getRequestLog(97)) - Jetty request log can only be enabled using Log4j
2019-09-04 09:33:15,577 [main] INFO  http.HttpServer2 (HttpServer2.java:addGlobalFilter(975)) - Added global filter 'safety' (class=org.apache.hadoop.http.HttpServer2$QuotingInputFilter)
2019-09-04 09:33:15,577 [main] INFO  http.HttpServer2 (HttpServer2.java:addFilter(948)) - Added filter static_user_filter (class=org.apache.hadoop.http.lib.StaticUserWebFilter$StaticUserFilter) to context hddsDatanode
2019-09-04 09:33:15,578 [main] INFO  http.HttpServer2 (HttpServer2.java:addFilter(958)) - Added filter static_user_filter (class=org.apache.hadoop.http.lib.StaticUserWebFilter$StaticUserFilter) to context static
2019-09-04 09:33:15,578 [main] INFO  http.HttpServer2 (HttpServer2.java:addFilter(958)) - Added filter static_user_filter (class=org.apache.hadoop.http.lib.StaticUserWebFilter$StaticUserFilter) to context logs
2019-09-04 09:33:15,578 [main] INFO  http.HttpServer2 (HttpServer2.java:bindListener(1191)) - Jetty bound to port 35000
2019-09-04 09:33:15,579 [main] INFO  server.Server (Server.java:doStart(351)) - jetty-9.3.24.v20180605, build timestamp: 2018-06-05T17:11:56Z, git hash: 84205aa28f11a4f31f2a3b86d1bba2cc8ab69827
2019-09-04 09:33:15,582 [main] INFO  handler.ContextHandler (ContextHandler.java:doStart(781)) - Started o.e.j.s.ServletContextHandler@14f08a97{/logs,file:///workdir/hadoop-ozone/integration-test/target/log,AVAILABLE}
2019-09-04 09:33:15,583 | INFO  | SCMAudit | user=jenkins1000 | ip=192.168.69.104 | op=SEND_HEARTBEAT {datanodeUUID=0ac595d7-a290-4eb2-9411-ef15ff51c194, command=[]} | ret=SUCCESS |  
2019-09-04 09:33:15,583 [main] INFO  handler.ContextHandler (ContextHandler.java:doStart(781)) - Started o.e.j.s.ServletContextHandler@46ee9cfd{/static,jar:file:/home/user/.m2/repository/org/apache/hadoop/hadoop-hdds-container-service/0.5.0-SNAPSHOT/hadoop-hdds-container-service-0.5.0-SNAPSHOT.jar!/webapps/static,AVAILABLE}
2019-09-04 09:33:15,619 [main] INFO  handler.ContextHandler (ContextHandler.java:doStart(781)) - Started o.e.j.w.WebAppContext@2db0dd19{/,file:///tmp/jetty-0.0.0.0-35000-hddsDatanode-_-any-1729756440519305915.dir/webapp/,AVAILABLE}{/hddsDatanode}
2019-09-04 09:33:15,619 [main] INFO  server.AbstractConnector (AbstractConnector.java:doStart(278)) - Started ServerConnector@354ff4f6{HTTP/1.1,[http/1.1]}{0.0.0.0:35000}
2019-09-04 09:33:15,619 [main] INFO  server.Server (Server.java:doStart(419)) - Started @168531ms
2019-09-04 09:33:15,625 [main] INFO  server.BaseHttpServer (BaseHttpServer.java:updateConnectorAddress(213)) - HTTP server of HDDSDATANODE is listening at http://0.0.0.0:35000
2019-09-04 09:33:15,699 | INFO  | SCMAudit | user=jenkins1000 | ip=192.168.69.104 | op=SEND_HEARTBEAT {datanodeUUID=4e23e929-4fb0-4bb2-876d-c448ab6fdc4c, command=[]} | ret=SUCCESS |  
2019-09-04 09:33:15,724 | INFO  | ObjectStoreRestHttpServer | Listening HDDS REST traffic on /0.0.0.0:39103 |  
2019-09-04 09:33:15,724 [main] INFO  ozone.HddsDatanodeService (HddsDatanodeService.java:startPlugins(395)) - Started plug-in org.apache.hadoop.ozone.web.OzoneHddsDatanodeService@1ae8556c
2019-09-04 09:33:15,724 [main] INFO  impl.MetricsSystemImpl (MetricsSystemImpl.java:init(158)) - HddsDatanode metrics system started (again)
2019-09-04 09:33:15,732 | INFO  | SCMAudit | user=jenkins1000 | ip=192.168.69.104 | op=SEND_HEARTBEAT {datanodeUUID=9626cf3a-220d-42c0-b303-e22d032a63b2, command=[]} | ret=SUCCESS |  
2019-09-04 09:33:15,743 [org.apache.hadoop.util.JvmPauseMonitor$Monitor@2ef53601] INFO  util.JvmPauseMonitor (JvmPauseMonitor.java:run(188)) - Starting JVM pause monitor
2019-09-04 09:33:15,744 [Datanode State Machine Thread - 0] INFO  datanode.InitDatanodeState (InitDatanodeState.java:persistContainerDatanodeDetails(140)) - DatanodeDetails is persisted to /workdir/hadoop-ozone/integration-test/target/test-dir/MiniOzoneClusterImpl-73d646de-bab2-44de-aaf3-9281ad245be8/datanode-2/meta/datanode.id
2019-09-04 09:33:15,745 [main] INFO  ozone.HddsDatanodeService (HddsDatanodeService.java:start(184)) - HddsDatanodeService host:pr-hdds-1569-dvkr5-2373193410 ip:192.168.69.104
2019-09-04 09:33:15,757 [main] INFO  volume.HddsVolume (HddsVolume.java:<init>(176)) - Creating Volume: /workdir/hadoop-ozone/integration-test/target/test-dir/MiniOzoneClusterImpl-73d646de-bab2-44de-aaf3-9281ad245be8/datanode-3/data/containers/hdds of  storage type : DISK and capacity : 1482555576320
2019-09-04 09:33:15,757 [main] INFO  volume.VolumeSet (VolumeSet.java:initializeVolumeSet(170)) - Added Volume : /workdir/hadoop-ozone/integration-test/target/test-dir/MiniOzoneClusterImpl-73d646de-bab2-44de-aaf3-9281ad245be8/datanode-3/data/containers/hdds to VolumeSet
2019-09-04 09:33:15,757 [main] INFO  volume.ThrottledAsyncChecker (ThrottledAsyncChecker.java:schedule(140)) - Scheduling a check for org.apache.hadoop.ozone.container.common.volume.HddsVolume@19e03398
2019-09-04 09:33:15,758 [main] INFO  volume.HddsVolumeChecker (HddsVolumeChecker.java:checkAllVolumes(203)) - Scheduled health check for volume org.apache.hadoop.ozone.container.common.volume.HddsVolume@19e03398
2019-09-04 09:33:15,775 [main] INFO  impl.RaftServerProxy (ConfUtils.java:logGet(43)) - raft.rpc.type = GRPC (default)
2019-09-04 09:33:15,775 [main] INFO  grpc.GrpcFactory (GrpcFactory.java:checkPooledByteBufAllocatorUseCacheForAllThreads(45)) - PERFORMANCE WARNING: useCacheForAllThreads is true that may cause Netty to create a lot garbage objects and, as a result, trigger GC.
	It is recommended to disable useCacheForAllThreads by setting -Dorg.apache.ratis.thirdparty.io.netty.allocator.useCacheForAllThreads=false in command line.
2019-09-04 09:33:15,775 [main] INFO  grpc.GrpcConfigKeys$Server (ConfUtils.java:logGet(43)) - raft.grpc.server.port = 0 (default)
2019-09-04 09:33:15,776 [main] INFO  server.GrpcService (ConfUtils.java:logGet(43)) - raft.grpc.message.size.max = 33570816 (custom)
2019-09-04 09:33:15,776 [main] INFO  server.RaftServerConfigKeys (ConfUtils.java:logGet(43)) - raft.server.log.appender.buffer.byte-limit = 33554432 (custom)
2019-09-04 09:33:15,776 [main] INFO  server.GrpcService (ConfUtils.java:logGet(43)) - raft.grpc.flow.control.window = 1MB (=1048576) (default)
2019-09-04 09:33:15,776 [main] INFO  server.RaftServerConfigKeys (ConfUtils.java:logGet(43)) - raft.server.rpc.request.timeout = 3000ms (default)
2019-09-04 09:33:15,776 [main] INFO  server.RaftServerConfigKeys (ConfUtils.java:logGet(43)) - raft.server.storage.dir = [/workdir/hadoop-ozone/integration-test/target/test-dir/MiniOzoneClusterImpl-73d646de-bab2-44de-aaf3-9281ad245be8/datanode-3/data/ratis] (custom)
2019-09-04 09:33:15,777 [main] INFO  replication.SimpleContainerDownloader (SimpleContainerDownloader.java:<init>(72)) - Starting container downloader service to copy containers to replicate.
2019-09-04 09:33:15,778 [main] INFO  hdfs.DFSUtil (DFSUtil.java:httpServerTemplateForNNAndJN(1641)) - Starting Web-server for hddsDatanode at: http://0.0.0.0:0
2019-09-04 09:33:15,780 [main] INFO  server.AuthenticationFilter (AuthenticationFilter.java:constructSecretProvider(240)) - Unable to initialize FileSignerSecretProvider, falling back to use random secrets.
2019-09-04 09:33:15,780 [main] WARN  http.HttpRequestLog (HttpRequestLog.java:getRequestLog(97)) - Jetty request log can only be enabled using Log4j
2019-09-04 09:33:15,782 [main] INFO  http.HttpServer2 (HttpServer2.java:addGlobalFilter(975)) - Added global filter 'safety' (class=org.apache.hadoop.http.HttpServer2$QuotingInputFilter)
2019-09-04 09:33:15,783 [main] INFO  http.HttpServer2 (HttpServer2.java:addFilter(948)) - Added filter static_user_filter (class=org.apache.hadoop.http.lib.StaticUserWebFilter$StaticUserFilter) to context hddsDatanode
2019-09-04 09:33:15,783 [main] INFO  http.HttpServer2 (HttpServer2.java:addFilter(958)) - Added filter static_user_filter (class=org.apache.hadoop.http.lib.StaticUserWebFilter$StaticUserFilter) to context static
2019-09-04 09:33:15,783 [main] INFO  http.HttpServer2 (HttpServer2.java:addFilter(958)) - Added filter static_user_filter (class=org.apache.hadoop.http.lib.StaticUserWebFilter$StaticUserFilter) to context logs
2019-09-04 09:33:15,784 [main] INFO  http.HttpServer2 (HttpServer2.java:bindListener(1191)) - Jetty bound to port 45801
2019-09-04 09:33:15,784 [main] INFO  server.Server (Server.java:doStart(351)) - jetty-9.3.24.v20180605, build timestamp: 2018-06-05T17:11:56Z, git hash: 84205aa28f11a4f31f2a3b86d1bba2cc8ab69827
2019-09-04 09:33:15,786 [main] INFO  handler.ContextHandler (ContextHandler.java:doStart(781)) - Started o.e.j.s.ServletContextHandler@7bc46dde{/logs,file:///workdir/hadoop-ozone/integration-test/target/log,AVAILABLE}
2019-09-04 09:33:15,787 [main] INFO  handler.ContextHandler (ContextHandler.java:doStart(781)) - Started o.e.j.s.ServletContextHandler@32dc895e{/static,jar:file:/home/user/.m2/repository/org/apache/hadoop/hadoop-hdds-container-service/0.5.0-SNAPSHOT/hadoop-hdds-container-service-0.5.0-SNAPSHOT.jar!/webapps/static,AVAILABLE}
2019-09-04 09:33:15,816 [main] INFO  handler.ContextHandler (ContextHandler.java:doStart(781)) - Started o.e.j.w.WebAppContext@680408ac{/,file:///tmp/jetty-0.0.0.0-45801-hddsDatanode-_-any-1254701774730996484.dir/webapp/,AVAILABLE}{/hddsDatanode}
2019-09-04 09:33:15,816 [main] INFO  server.AbstractConnector (AbstractConnector.java:doStart(278)) - Started ServerConnector@73cd3b8{HTTP/1.1,[http/1.1]}{0.0.0.0:45801}
2019-09-04 09:33:15,819 [main] INFO  server.Server (Server.java:doStart(419)) - Started @168731ms
2019-09-04 09:33:15,820 [main] INFO  server.BaseHttpServer (BaseHttpServer.java:updateConnectorAddress(213)) - HTTP server of HDDSDATANODE is listening at http://0.0.0.0:45801
2019-09-04 09:33:15,907 | INFO  | SCMAudit | user=jenkins1000 | ip=192.168.69.104 | op=SEND_HEARTBEAT {datanodeUUID=fee90ff4-ae5b-4370-9a2e-b45e68f319a2, command=[]} | ret=SUCCESS |  
2019-09-04 09:33:15,918 | INFO  | ObjectStoreRestHttpServer | Listening HDDS REST traffic on /0.0.0.0:44331 |  
2019-09-04 09:33:15,918 [main] INFO  ozone.HddsDatanodeService (HddsDatanodeService.java:startPlugins(395)) - Started plug-in org.apache.hadoop.ozone.web.OzoneHddsDatanodeService@5f72aaed
2019-09-04 09:33:15,918 [main] INFO  impl.MetricsSystemImpl (MetricsSystemImpl.java:init(158)) - HddsDatanode metrics system started (again)
2019-09-04 09:33:15,919 [org.apache.hadoop.util.JvmPauseMonitor$Monitor@3f9dc211] INFO  util.JvmPauseMonitor (JvmPauseMonitor.java:run(188)) - Starting JVM pause monitor
2019-09-04 09:33:15,939 [Datanode State Machine Thread - 0] INFO  datanode.InitDatanodeState (InitDatanodeState.java:persistContainerDatanodeDetails(140)) - DatanodeDetails is persisted to /workdir/hadoop-ozone/integration-test/target/test-dir/MiniOzoneClusterImpl-73d646de-bab2-44de-aaf3-9281ad245be8/datanode-3/meta/datanode.id
2019-09-04 09:33:15,940 [main] INFO  ozone.HddsDatanodeService (HddsDatanodeService.java:start(184)) - HddsDatanodeService host:pr-hdds-1569-dvkr5-2373193410 ip:192.168.69.104
2019-09-04 09:33:15,954 [main] INFO  volume.HddsVolume (HddsVolume.java:<init>(176)) - Creating Volume: /workdir/hadoop-ozone/integration-test/target/test-dir/MiniOzoneClusterImpl-73d646de-bab2-44de-aaf3-9281ad245be8/datanode-4/data/containers/hdds of  storage type : DISK and capacity : 1482555576320
2019-09-04 09:33:15,954 [main] INFO  volume.VolumeSet (VolumeSet.java:initializeVolumeSet(170)) - Added Volume : /workdir/hadoop-ozone/integration-test/target/test-dir/MiniOzoneClusterImpl-73d646de-bab2-44de-aaf3-9281ad245be8/datanode-4/data/containers/hdds to VolumeSet
2019-09-04 09:33:15,954 [main] INFO  volume.ThrottledAsyncChecker (ThrottledAsyncChecker.java:schedule(140)) - Scheduling a check for org.apache.hadoop.ozone.container.common.volume.HddsVolume@3df496d9
2019-09-04 09:33:15,955 [main] INFO  volume.HddsVolumeChecker (HddsVolumeChecker.java:checkAllVolumes(203)) - Scheduled health check for volume org.apache.hadoop.ozone.container.common.volume.HddsVolume@3df496d9
2019-09-04 09:33:15,971 [main] INFO  impl.RaftServerProxy (ConfUtils.java:logGet(43)) - raft.rpc.type = GRPC (default)
2019-09-04 09:33:15,971 [main] INFO  grpc.GrpcFactory (GrpcFactory.java:checkPooledByteBufAllocatorUseCacheForAllThreads(45)) - PERFORMANCE WARNING: useCacheForAllThreads is true that may cause Netty to create a lot garbage objects and, as a result, trigger GC.
	It is recommended to disable useCacheForAllThreads by setting -Dorg.apache.ratis.thirdparty.io.netty.allocator.useCacheForAllThreads=false in command line.
2019-09-04 09:33:15,971 [main] INFO  grpc.GrpcConfigKeys$Server (ConfUtils.java:logGet(43)) - raft.grpc.server.port = 0 (default)
2019-09-04 09:33:15,972 [main] INFO  server.GrpcService (ConfUtils.java:logGet(43)) - raft.grpc.message.size.max = 33570816 (custom)
2019-09-04 09:33:15,972 [main] INFO  server.RaftServerConfigKeys (ConfUtils.java:logGet(43)) - raft.server.log.appender.buffer.byte-limit = 33554432 (custom)
2019-09-04 09:33:15,972 [main] INFO  server.GrpcService (ConfUtils.java:logGet(43)) - raft.grpc.flow.control.window = 1MB (=1048576) (default)
2019-09-04 09:33:15,972 [main] INFO  server.RaftServerConfigKeys (ConfUtils.java:logGet(43)) - raft.server.rpc.request.timeout = 3000ms (default)
2019-09-04 09:33:15,972 [main] INFO  server.RaftServerConfigKeys (ConfUtils.java:logGet(43)) - raft.server.storage.dir = [/workdir/hadoop-ozone/integration-test/target/test-dir/MiniOzoneClusterImpl-73d646de-bab2-44de-aaf3-9281ad245be8/datanode-4/data/ratis] (custom)
2019-09-04 09:33:15,973 [main] INFO  replication.SimpleContainerDownloader (SimpleContainerDownloader.java:<init>(72)) - Starting container downloader service to copy containers to replicate.
2019-09-04 09:33:15,974 [main] INFO  hdfs.DFSUtil (DFSUtil.java:httpServerTemplateForNNAndJN(1641)) - Starting Web-server for hddsDatanode at: http://0.0.0.0:0
2019-09-04 09:33:15,975 [main] INFO  server.AuthenticationFilter (AuthenticationFilter.java:constructSecretProvider(240)) - Unable to initialize FileSignerSecretProvider, falling back to use random secrets.
2019-09-04 09:33:15,975 [main] WARN  http.HttpRequestLog (HttpRequestLog.java:getRequestLog(97)) - Jetty request log can only be enabled using Log4j
2019-09-04 09:33:15,976 [main] INFO  http.HttpServer2 (HttpServer2.java:addGlobalFilter(975)) - Added global filter 'safety' (class=org.apache.hadoop.http.HttpServer2$QuotingInputFilter)
2019-09-04 09:33:15,976 [main] INFO  http.HttpServer2 (HttpServer2.java:addFilter(948)) - Added filter static_user_filter (class=org.apache.hadoop.http.lib.StaticUserWebFilter$StaticUserFilter) to context hddsDatanode
2019-09-04 09:33:15,977 [main] INFO  http.HttpServer2 (HttpServer2.java:addFilter(958)) - Added filter static_user_filter (class=org.apache.hadoop.http.lib.StaticUserWebFilter$StaticUserFilter) to context static
2019-09-04 09:33:15,977 [main] INFO  http.HttpServer2 (HttpServer2.java:addFilter(958)) - Added filter static_user_filter (class=org.apache.hadoop.http.lib.StaticUserWebFilter$StaticUserFilter) to context logs
2019-09-04 09:33:15,977 [main] INFO  http.HttpServer2 (HttpServer2.java:bindListener(1191)) - Jetty bound to port 44535
2019-09-04 09:33:15,977 [main] INFO  server.Server (Server.java:doStart(351)) - jetty-9.3.24.v20180605, build timestamp: 2018-06-05T17:11:56Z, git hash: 84205aa28f11a4f31f2a3b86d1bba2cc8ab69827
2019-09-04 09:33:15,979 [main] INFO  handler.ContextHandler (ContextHandler.java:doStart(781)) - Started o.e.j.s.ServletContextHandler@22c4151b{/logs,file:///workdir/hadoop-ozone/integration-test/target/log,AVAILABLE}
2019-09-04 09:33:15,979 [main] INFO  handler.ContextHandler (ContextHandler.java:doStart(781)) - Started o.e.j.s.ServletContextHandler@3be88cbf{/static,jar:file:/home/user/.m2/repository/org/apache/hadoop/hadoop-hdds-container-service/0.5.0-SNAPSHOT/hadoop-hdds-container-service-0.5.0-SNAPSHOT.jar!/webapps/static,AVAILABLE}
2019-09-04 09:33:16,005 [main] INFO  handler.ContextHandler (ContextHandler.java:doStart(781)) - Started o.e.j.w.WebAppContext@3eed0375{/,file:///tmp/jetty-0.0.0.0-44535-hddsDatanode-_-any-381410089388170377.dir/webapp/,AVAILABLE}{/hddsDatanode}
2019-09-04 09:33:16,006 [main] INFO  server.AbstractConnector (AbstractConnector.java:doStart(278)) - Started ServerConnector@3793896e{HTTP/1.1,[http/1.1]}{0.0.0.0:44535}
2019-09-04 09:33:16,009 [main] INFO  server.Server (Server.java:doStart(419)) - Started @168920ms
2019-09-04 09:33:16,009 [main] INFO  server.BaseHttpServer (BaseHttpServer.java:updateConnectorAddress(213)) - HTTP server of HDDSDATANODE is listening at http://0.0.0.0:44535
2019-09-04 09:33:16,108 | INFO  | ObjectStoreRestHttpServer | Listening HDDS REST traffic on /0.0.0.0:42382 |  
2019-09-04 09:33:16,108 [main] INFO  ozone.HddsDatanodeService (HddsDatanodeService.java:startPlugins(395)) - Started plug-in org.apache.hadoop.ozone.web.OzoneHddsDatanodeService@51c7d472
2019-09-04 09:33:16,108 [main] INFO  impl.MetricsSystemImpl (MetricsSystemImpl.java:init(158)) - HddsDatanode metrics system started (again)
2019-09-04 09:33:16,128 [org.apache.hadoop.util.JvmPauseMonitor$Monitor@68e9df79] INFO  util.JvmPauseMonitor (JvmPauseMonitor.java:run(188)) - Starting JVM pause monitor
2019-09-04 09:33:16,129 [main] INFO  ozone.HddsDatanodeService (HddsDatanodeService.java:start(184)) - HddsDatanodeService host:pr-hdds-1569-dvkr5-2373193410 ip:192.168.69.104
2019-09-04 09:33:16,129 [Datanode State Machine Thread - 0] INFO  datanode.InitDatanodeState (InitDatanodeState.java:persistContainerDatanodeDetails(140)) - DatanodeDetails is persisted to /workdir/hadoop-ozone/integration-test/target/test-dir/MiniOzoneClusterImpl-73d646de-bab2-44de-aaf3-9281ad245be8/datanode-4/meta/datanode.id
2019-09-04 09:33:16,142 [main] INFO  volume.HddsVolume (HddsVolume.java:<init>(176)) - Creating Volume: /workdir/hadoop-ozone/integration-test/target/test-dir/MiniOzoneClusterImpl-73d646de-bab2-44de-aaf3-9281ad245be8/datanode-5/data/containers/hdds of  storage type : DISK and capacity : 1482555576320
2019-09-04 09:33:16,142 [main] INFO  volume.VolumeSet (VolumeSet.java:initializeVolumeSet(170)) - Added Volume : /workdir/hadoop-ozone/integration-test/target/test-dir/MiniOzoneClusterImpl-73d646de-bab2-44de-aaf3-9281ad245be8/datanode-5/data/containers/hdds to VolumeSet
2019-09-04 09:33:16,142 [main] INFO  volume.ThrottledAsyncChecker (ThrottledAsyncChecker.java:schedule(140)) - Scheduling a check for org.apache.hadoop.ozone.container.common.volume.HddsVolume@5e6b2641
2019-09-04 09:33:16,142 | INFO  | SCMAudit | user=jenkins1000 | ip=192.168.69.104 | op=SEND_HEARTBEAT {datanodeUUID=6a110688-e427-4f01-a5b6-cceebbdad1ed, command=[]} | ret=SUCCESS |  
2019-09-04 09:33:16,143 [main] INFO  volume.HddsVolumeChecker (HddsVolumeChecker.java:checkAllVolumes(203)) - Scheduled health check for volume org.apache.hadoop.ozone.container.common.volume.HddsVolume@5e6b2641
2019-09-04 09:33:16,161 [main] INFO  impl.RaftServerProxy (ConfUtils.java:logGet(43)) - raft.rpc.type = GRPC (default)
2019-09-04 09:33:16,161 [main] INFO  grpc.GrpcFactory (GrpcFactory.java:checkPooledByteBufAllocatorUseCacheForAllThreads(45)) - PERFORMANCE WARNING: useCacheForAllThreads is true that may cause Netty to create a lot garbage objects and, as a result, trigger GC.
	It is recommended to disable useCacheForAllThreads by setting -Dorg.apache.ratis.thirdparty.io.netty.allocator.useCacheForAllThreads=false in command line.
2019-09-04 09:33:16,161 [main] INFO  grpc.GrpcConfigKeys$Server (ConfUtils.java:logGet(43)) - raft.grpc.server.port = 0 (default)
2019-09-04 09:33:16,162 [main] INFO  server.GrpcService (ConfUtils.java:logGet(43)) - raft.grpc.message.size.max = 33570816 (custom)
2019-09-04 09:33:16,162 [main] INFO  server.RaftServerConfigKeys (ConfUtils.java:logGet(43)) - raft.server.log.appender.buffer.byte-limit = 33554432 (custom)
2019-09-04 09:33:16,162 [main] INFO  server.GrpcService (ConfUtils.java:logGet(43)) - raft.grpc.flow.control.window = 1MB (=1048576) (default)
2019-09-04 09:33:16,162 [main] INFO  server.RaftServerConfigKeys (ConfUtils.java:logGet(43)) - raft.server.rpc.request.timeout = 3000ms (default)
2019-09-04 09:33:16,162 [main] INFO  server.RaftServerConfigKeys (ConfUtils.java:logGet(43)) - raft.server.storage.dir = [/workdir/hadoop-ozone/integration-test/target/test-dir/MiniOzoneClusterImpl-73d646de-bab2-44de-aaf3-9281ad245be8/datanode-5/data/ratis] (custom)
2019-09-04 09:33:16,163 [main] INFO  replication.SimpleContainerDownloader (SimpleContainerDownloader.java:<init>(72)) - Starting container downloader service to copy containers to replicate.
2019-09-04 09:33:16,164 [main] INFO  hdfs.DFSUtil (DFSUtil.java:httpServerTemplateForNNAndJN(1641)) - Starting Web-server for hddsDatanode at: http://0.0.0.0:0
2019-09-04 09:33:16,165 [main] INFO  server.AuthenticationFilter (AuthenticationFilter.java:constructSecretProvider(240)) - Unable to initialize FileSignerSecretProvider, falling back to use random secrets.
2019-09-04 09:33:16,165 [main] WARN  http.HttpRequestLog (HttpRequestLog.java:getRequestLog(97)) - Jetty request log can only be enabled using Log4j
2019-09-04 09:33:16,166 [main] INFO  http.HttpServer2 (HttpServer2.java:addGlobalFilter(975)) - Added global filter 'safety' (class=org.apache.hadoop.http.HttpServer2$QuotingInputFilter)
2019-09-04 09:33:16,167 [main] INFO  http.HttpServer2 (HttpServer2.java:addFilter(948)) - Added filter static_user_filter (class=org.apache.hadoop.http.lib.StaticUserWebFilter$StaticUserFilter) to context hddsDatanode
2019-09-04 09:33:16,167 [main] INFO  http.HttpServer2 (HttpServer2.java:addFilter(958)) - Added filter static_user_filter (class=org.apache.hadoop.http.lib.StaticUserWebFilter$StaticUserFilter) to context static
2019-09-04 09:33:16,167 [main] INFO  http.HttpServer2 (HttpServer2.java:addFilter(958)) - Added filter static_user_filter (class=org.apache.hadoop.http.lib.StaticUserWebFilter$StaticUserFilter) to context logs
2019-09-04 09:33:16,167 [main] INFO  http.HttpServer2 (HttpServer2.java:bindListener(1191)) - Jetty bound to port 41146
2019-09-04 09:33:16,167 [main] INFO  server.Server (Server.java:doStart(351)) - jetty-9.3.24.v20180605, build timestamp: 2018-06-05T17:11:56Z, git hash: 84205aa28f11a4f31f2a3b86d1bba2cc8ab69827
2019-09-04 09:33:16,169 [main] INFO  handler.ContextHandler (ContextHandler.java:doStart(781)) - Started o.e.j.s.ServletContextHandler@60abe420{/logs,file:///workdir/hadoop-ozone/integration-test/target/log,AVAILABLE}
2019-09-04 09:33:16,169 [main] INFO  handler.ContextHandler (ContextHandler.java:doStart(781)) - Started o.e.j.s.ServletContextHandler@2b43eb71{/static,jar:file:/home/user/.m2/repository/org/apache/hadoop/hadoop-hdds-container-service/0.5.0-SNAPSHOT/hadoop-hdds-container-service-0.5.0-SNAPSHOT.jar!/webapps/static,AVAILABLE}
2019-09-04 09:33:16,192 [main] INFO  handler.ContextHandler (ContextHandler.java:doStart(781)) - Started o.e.j.w.WebAppContext@73625632{/,file:///tmp/jetty-0.0.0.0-41146-hddsDatanode-_-any-2010536093424122656.dir/webapp/,AVAILABLE}{/hddsDatanode}
2019-09-04 09:33:16,192 [main] INFO  server.AbstractConnector (AbstractConnector.java:doStart(278)) - Started ServerConnector@676f70dc{HTTP/1.1,[http/1.1]}{0.0.0.0:41146}
2019-09-04 09:33:16,196 [main] INFO  server.Server (Server.java:doStart(419)) - Started @169107ms
2019-09-04 09:33:16,196 [main] INFO  server.BaseHttpServer (BaseHttpServer.java:updateConnectorAddress(213)) - HTTP server of HDDSDATANODE is listening at http://0.0.0.0:41146
2019-09-04 09:33:16,297 | INFO  | ObjectStoreRestHttpServer | Listening HDDS REST traffic on /0.0.0.0:44459 |  
2019-09-04 09:33:16,297 [main] INFO  ozone.HddsDatanodeService (HddsDatanodeService.java:startPlugins(395)) - Started plug-in org.apache.hadoop.ozone.web.OzoneHddsDatanodeService@3f808ad9
2019-09-04 09:33:16,298 [main] INFO  impl.MetricsSystemImpl (MetricsSystemImpl.java:init(158)) - HddsDatanode metrics system started (again)
2019-09-04 09:33:16,299 [org.apache.hadoop.util.JvmPauseMonitor$Monitor@6befcaea] INFO  util.JvmPauseMonitor (JvmPauseMonitor.java:run(188)) - Starting JVM pause monitor
2019-09-04 09:33:16,322 | INFO  | SCMAudit | user=jenkins1000 | ip=192.168.69.104 | op=SEND_HEARTBEAT {datanodeUUID=e937a017-3f4f-4695-ad6d-cb2753d2b845, command=[]} | ret=SUCCESS |  
2019-09-04 09:33:16,323 [Datanode State Machine Thread - 0] INFO  datanode.InitDatanodeState (InitDatanodeState.java:persistContainerDatanodeDetails(140)) - DatanodeDetails is persisted to /workdir/hadoop-ozone/integration-test/target/test-dir/MiniOzoneClusterImpl-73d646de-bab2-44de-aaf3-9281ad245be8/datanode-5/meta/datanode.id
2019-09-04 09:33:16,323 [main] INFO  ozone.HddsDatanodeService (HddsDatanodeService.java:start(184)) - HddsDatanodeService host:pr-hdds-1569-dvkr5-2373193410 ip:192.168.69.104
2019-09-04 09:33:16,337 [main] INFO  volume.HddsVolume (HddsVolume.java:<init>(176)) - Creating Volume: /workdir/hadoop-ozone/integration-test/target/test-dir/MiniOzoneClusterImpl-73d646de-bab2-44de-aaf3-9281ad245be8/datanode-6/data/containers/hdds of  storage type : DISK and capacity : 1482555576320
2019-09-04 09:33:16,337 [main] INFO  volume.VolumeSet (VolumeSet.java:initializeVolumeSet(170)) - Added Volume : /workdir/hadoop-ozone/integration-test/target/test-dir/MiniOzoneClusterImpl-73d646de-bab2-44de-aaf3-9281ad245be8/datanode-6/data/containers/hdds to VolumeSet
2019-09-04 09:33:16,337 | INFO  | SCMAudit | user=jenkins1000 | ip=192.168.69.104 | op=SEND_HEARTBEAT {datanodeUUID=18851aac-bbd7-47f5-af1c-17f426b11266, command=[]} | ret=SUCCESS |  
2019-09-04 09:33:16,337 [main] INFO  volume.ThrottledAsyncChecker (ThrottledAsyncChecker.java:schedule(140)) - Scheduling a check for org.apache.hadoop.ozone.container.common.volume.HddsVolume@4ca6f587
2019-09-04 09:33:16,340 [main] INFO  volume.HddsVolumeChecker (HddsVolumeChecker.java:checkAllVolumes(203)) - Scheduled health check for volume org.apache.hadoop.ozone.container.common.volume.HddsVolume@4ca6f587
2019-09-04 09:33:16,355 [main] INFO  impl.RaftServerProxy (ConfUtils.java:logGet(43)) - raft.rpc.type = GRPC (default)
2019-09-04 09:33:16,355 [main] INFO  grpc.GrpcFactory (GrpcFactory.java:checkPooledByteBufAllocatorUseCacheForAllThreads(45)) - PERFORMANCE WARNING: useCacheForAllThreads is true that may cause Netty to create a lot garbage objects and, as a result, trigger GC.
	It is recommended to disable useCacheForAllThreads by setting -Dorg.apache.ratis.thirdparty.io.netty.allocator.useCacheForAllThreads=false in command line.
2019-09-04 09:33:16,355 [main] INFO  grpc.GrpcConfigKeys$Server (ConfUtils.java:logGet(43)) - raft.grpc.server.port = 0 (default)
2019-09-04 09:33:16,355 [main] INFO  server.GrpcService (ConfUtils.java:logGet(43)) - raft.grpc.message.size.max = 33570816 (custom)
2019-09-04 09:33:16,355 [main] INFO  server.RaftServerConfigKeys (ConfUtils.java:logGet(43)) - raft.server.log.appender.buffer.byte-limit = 33554432 (custom)
2019-09-04 09:33:16,356 [main] INFO  server.GrpcService (ConfUtils.java:logGet(43)) - raft.grpc.flow.control.window = 1MB (=1048576) (default)
2019-09-04 09:33:16,356 [main] INFO  server.RaftServerConfigKeys (ConfUtils.java:logGet(43)) - raft.server.rpc.request.timeout = 3000ms (default)
2019-09-04 09:33:16,356 [main] INFO  server.RaftServerConfigKeys (ConfUtils.java:logGet(43)) - raft.server.storage.dir = [/workdir/hadoop-ozone/integration-test/target/test-dir/MiniOzoneClusterImpl-73d646de-bab2-44de-aaf3-9281ad245be8/datanode-6/data/ratis] (custom)
2019-09-04 09:33:16,356 [main] INFO  replication.SimpleContainerDownloader (SimpleContainerDownloader.java:<init>(72)) - Starting container downloader service to copy containers to replicate.
2019-09-04 09:33:16,357 [main] INFO  hdfs.DFSUtil (DFSUtil.java:httpServerTemplateForNNAndJN(1641)) - Starting Web-server for hddsDatanode at: http://0.0.0.0:0
2019-09-04 09:33:16,359 [main] INFO  server.AuthenticationFilter (AuthenticationFilter.java:constructSecretProvider(240)) - Unable to initialize FileSignerSecretProvider, falling back to use random secrets.
2019-09-04 09:33:16,359 [main] WARN  http.HttpRequestLog (HttpRequestLog.java:getRequestLog(97)) - Jetty request log can only be enabled using Log4j
2019-09-04 09:33:16,360 [main] INFO  http.HttpServer2 (HttpServer2.java:addGlobalFilter(975)) - Added global filter 'safety' (class=org.apache.hadoop.http.HttpServer2$QuotingInputFilter)
2019-09-04 09:33:16,361 [main] INFO  http.HttpServer2 (HttpServer2.java:addFilter(948)) - Added filter static_user_filter (class=org.apache.hadoop.http.lib.StaticUserWebFilter$StaticUserFilter) to context hddsDatanode
2019-09-04 09:33:16,361 [main] INFO  http.HttpServer2 (HttpServer2.java:addFilter(958)) - Added filter static_user_filter (class=org.apache.hadoop.http.lib.StaticUserWebFilter$StaticUserFilter) to context logs
2019-09-04 09:33:16,361 [main] INFO  http.HttpServer2 (HttpServer2.java:addFilter(958)) - Added filter static_user_filter (class=org.apache.hadoop.http.lib.StaticUserWebFilter$StaticUserFilter) to context static
2019-09-04 09:33:16,361 [main] INFO  http.HttpServer2 (HttpServer2.java:bindListener(1191)) - Jetty bound to port 34257
2019-09-04 09:33:16,362 [main] INFO  server.Server (Server.java:doStart(351)) - jetty-9.3.24.v20180605, build timestamp: 2018-06-05T17:11:56Z, git hash: 84205aa28f11a4f31f2a3b86d1bba2cc8ab69827
2019-09-04 09:33:16,363 [main] INFO  handler.ContextHandler (ContextHandler.java:doStart(781)) - Started o.e.j.s.ServletContextHandler@4ff233f9{/logs,file:///workdir/hadoop-ozone/integration-test/target/log,AVAILABLE}
2019-09-04 09:33:16,363 [main] INFO  handler.ContextHandler (ContextHandler.java:doStart(781)) - Started o.e.j.s.ServletContextHandler@bf0025d{/static,jar:file:/home/user/.m2/repository/org/apache/hadoop/hadoop-hdds-container-service/0.5.0-SNAPSHOT/hadoop-hdds-container-service-0.5.0-SNAPSHOT.jar!/webapps/static,AVAILABLE}
2019-09-04 09:33:16,389 [main] INFO  handler.ContextHandler (ContextHandler.java:doStart(781)) - Started o.e.j.w.WebAppContext@63fe055{/,file:///tmp/jetty-0.0.0.0-34257-hddsDatanode-_-any-4769450453218594997.dir/webapp/,AVAILABLE}{/hddsDatanode}
2019-09-04 09:33:16,389 [main] INFO  server.AbstractConnector (AbstractConnector.java:doStart(278)) - Started ServerConnector@50572c04{HTTP/1.1,[http/1.1]}{0.0.0.0:34257}
2019-09-04 09:33:16,392 [main] INFO  server.Server (Server.java:doStart(419)) - Started @169304ms
2019-09-04 09:33:16,393 [main] INFO  server.BaseHttpServer (BaseHttpServer.java:updateConnectorAddress(213)) - HTTP server of HDDSDATANODE is listening at http://0.0.0.0:34257
2019-09-04 09:33:16,491 | INFO  | ObjectStoreRestHttpServer | Listening HDDS REST traffic on /0.0.0.0:33765 |  
2019-09-04 09:33:16,491 [main] INFO  ozone.HddsDatanodeService (HddsDatanodeService.java:startPlugins(395)) - Started plug-in org.apache.hadoop.ozone.web.OzoneHddsDatanodeService@3695e4f2
2019-09-04 09:33:16,491 [main] INFO  ozone.MiniOzoneClusterImpl (MiniOzoneClusterImpl.java:lambda$waitForClusterToBeReady$0(142)) - Waiting for cluster to be ready. Got 0 of 7 DN Heartbeats.
2019-09-04 09:33:16,492 [org.apache.hadoop.util.JvmPauseMonitor$Monitor@4b1c5ec9] INFO  util.JvmPauseMonitor (JvmPauseMonitor.java:run(188)) - Starting JVM pause monitor
2019-09-04 09:33:16,493 [Datanode State Machine Thread - 0] INFO  datanode.InitDatanodeState (InitDatanodeState.java:persistContainerDatanodeDetails(140)) - DatanodeDetails is persisted to /workdir/hadoop-ozone/integration-test/target/test-dir/MiniOzoneClusterImpl-73d646de-bab2-44de-aaf3-9281ad245be8/datanode-6/meta/datanode.id
2019-09-04 09:33:16,583 | INFO  | SCMAudit | user=jenkins1000 | ip=192.168.69.104 | op=SEND_HEARTBEAT {datanodeUUID=0ac595d7-a290-4eb2-9411-ef15ff51c194, command=[]} | ret=SUCCESS |  
2019-09-04 09:33:16,699 | INFO  | SCMAudit | user=jenkins1000 | ip=192.168.69.104 | op=SEND_HEARTBEAT {datanodeUUID=4e23e929-4fb0-4bb2-876d-c448ab6fdc4c, command=[]} | ret=SUCCESS |  
2019-09-04 09:33:16,731 | INFO  | SCMAudit | user=jenkins1000 | ip=192.168.69.104 | op=SEND_HEARTBEAT {datanodeUUID=9626cf3a-220d-42c0-b303-e22d032a63b2, command=[]} | ret=SUCCESS |  
2019-09-04 09:33:16,907 | INFO  | SCMAudit | user=jenkins1000 | ip=192.168.69.104 | op=SEND_HEARTBEAT {datanodeUUID=fee90ff4-ae5b-4370-9a2e-b45e68f319a2, command=[]} | ret=SUCCESS |  
2019-09-04 09:33:17,142 | INFO  | SCMAudit | user=jenkins1000 | ip=192.168.69.104 | op=SEND_HEARTBEAT {datanodeUUID=6a110688-e427-4f01-a5b6-cceebbdad1ed, command=[]} | ret=SUCCESS |  
2019-09-04 09:33:17,323 | INFO  | SCMAudit | user=jenkins1000 | ip=192.168.69.104 | op=SEND_HEARTBEAT {datanodeUUID=e937a017-3f4f-4695-ad6d-cb2753d2b845, command=[]} | ret=SUCCESS |  
2019-09-04 09:33:17,323 | INFO  | SCMAudit | user=jenkins1000 | ip=192.168.69.104 | op=GET_VERSION null | ret=SUCCESS |  
2019-09-04 09:33:17,337 | INFO  | SCMAudit | user=jenkins1000 | ip=192.168.69.104 | op=SEND_HEARTBEAT {datanodeUUID=18851aac-bbd7-47f5-af1c-17f426b11266, command=[]} | ret=SUCCESS |  
2019-09-04 09:33:17,360 [Datanode State Machine Thread - 0] INFO  ozoneimpl.OzoneContainer (OzoneContainer.java:start(186)) - Attempting to start container services.
2019-09-04 09:33:17,360 [Datanode State Machine Thread - 0] INFO  ozoneimpl.OzoneContainer (OzoneContainer.java:startContainerScrub(160)) - Background container scrubber has been disabled by hdds.containerscrub.enabled
2019-09-04 09:33:17,360 [Datanode State Machine Thread - 0] INFO  ratis.XceiverServerRatis (XceiverServerRatis.java:start(404)) - Starting XceiverServerRatis 66a7ded9-d93a-47d1-9f2c-98e6bd60743c at port 0
2019-09-04 09:33:17,366 [Datanode State Machine Thread - 0] INFO  impl.RaftServerProxy (RaftServerProxy.java:lambda$start$3(299)) - 66a7ded9-d93a-47d1-9f2c-98e6bd60743c: start RPC server
2019-09-04 09:33:17,367 [Datanode State Machine Thread - 0] INFO  server.GrpcService (GrpcService.java:startImpl(149)) - 66a7ded9-d93a-47d1-9f2c-98e6bd60743c: GrpcService started, listening on 0.0.0.0/0.0.0.0:33517
2019-09-04 09:33:17,367 [Datanode State Machine Thread - 0] INFO  ratis.XceiverServerRatis (XceiverServerRatis.java:start(414)) - XceiverServerRatis 66a7ded9-d93a-47d1-9f2c-98e6bd60743c is started using port 33517
2019-09-04 09:33:17,368 [Datanode State Machine Thread - 0] INFO  server.XceiverServerGrpc (XceiverServerGrpc.java:start(163)) - XceiverServerGrpc 66a7ded9-d93a-47d1-9f2c-98e6bd60743c is started using port 37791
2019-09-04 09:33:17,492 [main] INFO  ozone.MiniOzoneClusterImpl (MiniOzoneClusterImpl.java:lambda$waitForClusterToBeReady$0(142)) - Waiting for cluster to be ready. Got 0 of 7 DN Heartbeats.
2019-09-04 09:33:17,511 | INFO  | SCMAudit | user=jenkins1000 | ip=192.168.69.104 | op=GET_VERSION null | ret=SUCCESS |  
2019-09-04 09:33:17,551 [Datanode State Machine Thread - 0] INFO  ozoneimpl.OzoneContainer (OzoneContainer.java:start(186)) - Attempting to start container services.
2019-09-04 09:33:17,551 [Datanode State Machine Thread - 0] INFO  ozoneimpl.OzoneContainer (OzoneContainer.java:startContainerScrub(160)) - Background container scrubber has been disabled by hdds.containerscrub.enabled
2019-09-04 09:33:17,551 [Datanode State Machine Thread - 0] INFO  ratis.XceiverServerRatis (XceiverServerRatis.java:start(404)) - Starting XceiverServerRatis 92f35af7-27d9-4e2d-a282-1637ac15099d at port 0
2019-09-04 09:33:17,565 [Datanode State Machine Thread - 0] INFO  impl.RaftServerProxy (RaftServerProxy.java:lambda$start$3(299)) - 92f35af7-27d9-4e2d-a282-1637ac15099d: start RPC server
2019-09-04 09:33:17,570 [Datanode State Machine Thread - 0] INFO  server.GrpcService (GrpcService.java:startImpl(149)) - 92f35af7-27d9-4e2d-a282-1637ac15099d: GrpcService started, listening on 0.0.0.0/0.0.0.0:34703
2019-09-04 09:33:17,570 [Datanode State Machine Thread - 0] INFO  ratis.XceiverServerRatis (XceiverServerRatis.java:start(414)) - XceiverServerRatis 92f35af7-27d9-4e2d-a282-1637ac15099d is started using port 34703
2019-09-04 09:33:17,589 [Datanode State Machine Thread - 0] INFO  server.XceiverServerGrpc (XceiverServerGrpc.java:start(163)) - XceiverServerGrpc 92f35af7-27d9-4e2d-a282-1637ac15099d is started using port 41830
2019-09-04 09:33:17,589 | INFO  | SCMAudit | user=jenkins1000 | ip=192.168.69.104 | op=SEND_HEARTBEAT {datanodeUUID=0ac595d7-a290-4eb2-9411-ef15ff51c194, command=[]} | ret=SUCCESS |  
2019-09-04 09:33:17,699 | INFO  | SCMAudit | user=jenkins1000 | ip=192.168.69.104 | op=SEND_HEARTBEAT {datanodeUUID=4e23e929-4fb0-4bb2-876d-c448ab6fdc4c, command=[]} | ret=SUCCESS |  
2019-09-04 09:33:17,731 | INFO  | SCMAudit | user=jenkins1000 | ip=192.168.69.104 | op=SEND_HEARTBEAT {datanodeUUID=9626cf3a-220d-42c0-b303-e22d032a63b2, command=[]} | ret=SUCCESS |  
2019-09-04 09:33:17,744 | INFO  | SCMAudit | user=jenkins1000 | ip=192.168.69.104 | op=GET_VERSION null | ret=SUCCESS |  
2019-09-04 09:33:17,774 [Datanode State Machine Thread - 0] INFO  ozoneimpl.OzoneContainer (OzoneContainer.java:start(186)) - Attempting to start container services.
2019-09-04 09:33:17,774 [Datanode State Machine Thread - 0] INFO  ozoneimpl.OzoneContainer (OzoneContainer.java:startContainerScrub(160)) - Background container scrubber has been disabled by hdds.containerscrub.enabled
2019-09-04 09:33:17,774 [Datanode State Machine Thread - 0] INFO  ratis.XceiverServerRatis (XceiverServerRatis.java:start(404)) - Starting XceiverServerRatis 9aea6155-db32-4c39-a652-41f8decfc52c at port 0
2019-09-04 09:33:17,778 [Datanode State Machine Thread - 0] INFO  impl.RaftServerProxy (RaftServerProxy.java:lambda$start$3(299)) - 9aea6155-db32-4c39-a652-41f8decfc52c: start RPC server
2019-09-04 09:33:17,780 [Datanode State Machine Thread - 0] INFO  server.GrpcService (GrpcService.java:startImpl(149)) - 9aea6155-db32-4c39-a652-41f8decfc52c: GrpcService started, listening on 0.0.0.0/0.0.0.0:40482
2019-09-04 09:33:17,780 [Datanode State Machine Thread - 0] INFO  ratis.XceiverServerRatis (XceiverServerRatis.java:start(414)) - XceiverServerRatis 9aea6155-db32-4c39-a652-41f8decfc52c is started using port 40482
2019-09-04 09:33:17,780 [Datanode State Machine Thread - 0] INFO  server.XceiverServerGrpc (XceiverServerGrpc.java:start(163)) - XceiverServerGrpc 9aea6155-db32-4c39-a652-41f8decfc52c is started using port 33458
2019-09-04 09:33:17,907 | INFO  | SCMAudit | user=jenkins1000 | ip=192.168.69.104 | op=SEND_HEARTBEAT {datanodeUUID=fee90ff4-ae5b-4370-9a2e-b45e68f319a2, command=[]} | ret=SUCCESS |  
2019-09-04 09:33:17,920 | INFO  | SCMAudit | user=jenkins1000 | ip=192.168.69.104 | op=GET_VERSION null | ret=SUCCESS |  
2019-09-04 09:33:17,937 [Datanode State Machine Thread - 0] INFO  ozoneimpl.OzoneContainer (OzoneContainer.java:start(186)) - Attempting to start container services.
2019-09-04 09:33:17,937 [Datanode State Machine Thread - 0] INFO  ozoneimpl.OzoneContainer (OzoneContainer.java:startContainerScrub(160)) - Background container scrubber has been disabled by hdds.containerscrub.enabled
2019-09-04 09:33:17,937 [Datanode State Machine Thread - 0] INFO  ratis.XceiverServerRatis (XceiverServerRatis.java:start(404)) - Starting XceiverServerRatis 84b2a6df-5e5e-4a0f-9979-9c338bba01d8 at port 0
2019-09-04 09:33:17,948 [Datanode State Machine Thread - 0] INFO  impl.RaftServerProxy (RaftServerProxy.java:lambda$start$3(299)) - 84b2a6df-5e5e-4a0f-9979-9c338bba01d8: start RPC server
2019-09-04 09:33:17,949 [Datanode State Machine Thread - 0] INFO  server.GrpcService (GrpcService.java:startImpl(149)) - 84b2a6df-5e5e-4a0f-9979-9c338bba01d8: GrpcService started, listening on 0.0.0.0/0.0.0.0:38895
2019-09-04 09:33:17,949 [Datanode State Machine Thread - 0] INFO  ratis.XceiverServerRatis (XceiverServerRatis.java:start(414)) - XceiverServerRatis 84b2a6df-5e5e-4a0f-9979-9c338bba01d8 is started using port 38895
2019-09-04 09:33:17,950 [Datanode State Machine Thread - 0] INFO  server.XceiverServerGrpc (XceiverServerGrpc.java:start(163)) - XceiverServerGrpc 84b2a6df-5e5e-4a0f-9979-9c338bba01d8 is started using port 40648
2019-09-04 09:33:18,128 | INFO  | SCMAudit | user=jenkins1000 | ip=192.168.69.104 | op=GET_VERSION null | ret=SUCCESS |  
2019-09-04 09:33:18,146 [Datanode State Machine Thread - 0] INFO  ozoneimpl.OzoneContainer (OzoneContainer.java:start(186)) - Attempting to start container services.
2019-09-04 09:33:18,146 [Datanode State Machine Thread - 0] INFO  ozoneimpl.OzoneContainer (OzoneContainer.java:startContainerScrub(160)) - Background container scrubber has been disabled by hdds.containerscrub.enabled
2019-09-04 09:33:18,146 [Datanode State Machine Thread - 0] INFO  ratis.XceiverServerRatis (XceiverServerRatis.java:start(404)) - Starting XceiverServerRatis 0769e572-08ab-4ece-a5d6-c2eb5464bcba at port 0
2019-09-04 09:33:18,150 | INFO  | SCMAudit | user=jenkins1000 | ip=192.168.69.104 | op=SEND_HEARTBEAT {datanodeUUID=6a110688-e427-4f01-a5b6-cceebbdad1ed, command=[]} | ret=SUCCESS |  
2019-09-04 09:33:18,160 [Datanode State Machine Thread - 0] INFO  impl.RaftServerProxy (RaftServerProxy.java:lambda$start$3(299)) - 0769e572-08ab-4ece-a5d6-c2eb5464bcba: start RPC server
2019-09-04 09:33:18,161 [Datanode State Machine Thread - 0] INFO  server.GrpcService (GrpcService.java:startImpl(149)) - 0769e572-08ab-4ece-a5d6-c2eb5464bcba: GrpcService started, listening on 0.0.0.0/0.0.0.0:34982
2019-09-04 09:33:18,161 [Datanode State Machine Thread - 0] INFO  ratis.XceiverServerRatis (XceiverServerRatis.java:start(414)) - XceiverServerRatis 0769e572-08ab-4ece-a5d6-c2eb5464bcba is started using port 34982
2019-09-04 09:33:18,164 [Datanode State Machine Thread - 0] INFO  server.XceiverServerGrpc (XceiverServerGrpc.java:start(163)) - XceiverServerGrpc 0769e572-08ab-4ece-a5d6-c2eb5464bcba is started using port 46036
2019-09-04 09:33:18,300 | INFO  | SCMAudit | user=jenkins1000 | ip=192.168.69.104 | op=GET_VERSION null | ret=SUCCESS |  
2019-09-04 09:33:18,323 | INFO  | SCMAudit | user=jenkins1000 | ip=192.168.69.104 | op=SEND_HEARTBEAT {datanodeUUID=e937a017-3f4f-4695-ad6d-cb2753d2b845, command=[]} | ret=SUCCESS |  
2019-09-04 09:33:18,326 [Datanode State Machine Thread - 0] INFO  ozoneimpl.OzoneContainer (OzoneContainer.java:start(186)) - Attempting to start container services.
2019-09-04 09:33:18,326 [Datanode State Machine Thread - 0] INFO  ozoneimpl.OzoneContainer (OzoneContainer.java:startContainerScrub(160)) - Background container scrubber has been disabled by hdds.containerscrub.enabled
2019-09-04 09:33:18,326 [Datanode State Machine Thread - 0] INFO  ratis.XceiverServerRatis (XceiverServerRatis.java:start(404)) - Starting XceiverServerRatis e7fa1457-e553-4737-b9d1-e4fadd556e67 at port 0
2019-09-04 09:33:18,330 [Datanode State Machine Thread - 0] INFO  impl.RaftServerProxy (RaftServerProxy.java:lambda$start$3(299)) - e7fa1457-e553-4737-b9d1-e4fadd556e67: start RPC server
2019-09-04 09:33:18,331 [Datanode State Machine Thread - 0] INFO  server.GrpcService (GrpcService.java:startImpl(149)) - e7fa1457-e553-4737-b9d1-e4fadd556e67: GrpcService started, listening on 0.0.0.0/0.0.0.0:38367
2019-09-04 09:33:18,331 [Datanode State Machine Thread - 0] INFO  ratis.XceiverServerRatis (XceiverServerRatis.java:start(414)) - XceiverServerRatis e7fa1457-e553-4737-b9d1-e4fadd556e67 is started using port 38367
2019-09-04 09:33:18,332 [Datanode State Machine Thread - 0] INFO  server.XceiverServerGrpc (XceiverServerGrpc.java:start(163)) - XceiverServerGrpc e7fa1457-e553-4737-b9d1-e4fadd556e67 is started using port 43483
2019-09-04 09:33:18,337 | INFO  | SCMAudit | user=jenkins1000 | ip=192.168.69.104 | op=SEND_HEARTBEAT {datanodeUUID=18851aac-bbd7-47f5-af1c-17f426b11266, command=[]} | ret=SUCCESS |  
2019-09-04 09:33:18,492 [main] INFO  ozone.MiniOzoneClusterImpl (MiniOzoneClusterImpl.java:lambda$waitForClusterToBeReady$0(142)) - Waiting for cluster to be ready. Got 0 of 7 DN Heartbeats.
2019-09-04 09:33:18,493 | INFO  | SCMAudit | user=jenkins1000 | ip=192.168.69.104 | op=GET_VERSION null | ret=SUCCESS |  
2019-09-04 09:33:18,522 [Datanode State Machine Thread - 0] INFO  ozoneimpl.OzoneContainer (OzoneContainer.java:start(186)) - Attempting to start container services.
2019-09-04 09:33:18,523 [Datanode State Machine Thread - 0] INFO  ozoneimpl.OzoneContainer (OzoneContainer.java:startContainerScrub(160)) - Background container scrubber has been disabled by hdds.containerscrub.enabled
2019-09-04 09:33:18,523 [Datanode State Machine Thread - 0] INFO  ratis.XceiverServerRatis (XceiverServerRatis.java:start(404)) - Starting XceiverServerRatis 2494cbd6-ce98-4ca5-b34f-2a9f18204c2c at port 0
2019-09-04 09:33:18,528 [Datanode State Machine Thread - 0] INFO  impl.RaftServerProxy (RaftServerProxy.java:lambda$start$3(299)) - 2494cbd6-ce98-4ca5-b34f-2a9f18204c2c: start RPC server
2019-09-04 09:33:18,533 [Datanode State Machine Thread - 0] INFO  server.GrpcService (GrpcService.java:startImpl(149)) - 2494cbd6-ce98-4ca5-b34f-2a9f18204c2c: GrpcService started, listening on 0.0.0.0/0.0.0.0:41106
2019-09-04 09:33:18,533 [Datanode State Machine Thread - 0] INFO  ratis.XceiverServerRatis (XceiverServerRatis.java:start(414)) - XceiverServerRatis 2494cbd6-ce98-4ca5-b34f-2a9f18204c2c is started using port 41106
2019-09-04 09:33:18,534 [Datanode State Machine Thread - 0] INFO  server.XceiverServerGrpc (XceiverServerGrpc.java:start(163)) - XceiverServerGrpc 2494cbd6-ce98-4ca5-b34f-2a9f18204c2c is started using port 43974
2019-09-04 09:33:18,589 | INFO  | SCMAudit | user=jenkins1000 | ip=192.168.69.104 | op=SEND_HEARTBEAT {datanodeUUID=0ac595d7-a290-4eb2-9411-ef15ff51c194, command=[]} | ret=SUCCESS |  
2019-09-04 09:33:18,699 | INFO  | SCMAudit | user=jenkins1000 | ip=192.168.69.104 | op=SEND_HEARTBEAT {datanodeUUID=4e23e929-4fb0-4bb2-876d-c448ab6fdc4c, command=[]} | ret=SUCCESS |  
2019-09-04 09:33:18,731 | INFO  | SCMAudit | user=jenkins1000 | ip=192.168.69.104 | op=SEND_HEARTBEAT {datanodeUUID=9626cf3a-220d-42c0-b303-e22d032a63b2, command=[]} | ret=SUCCESS |  
2019-09-04 09:33:18,907 | INFO  | SCMAudit | user=jenkins1000 | ip=192.168.69.104 | op=SEND_HEARTBEAT {datanodeUUID=fee90ff4-ae5b-4370-9a2e-b45e68f319a2, command=[]} | ret=SUCCESS |  
2019-09-04 09:33:19,143 | INFO  | SCMAudit | user=jenkins1000 | ip=192.168.69.104 | op=SEND_HEARTBEAT {datanodeUUID=6a110688-e427-4f01-a5b6-cceebbdad1ed, command=[]} | ret=SUCCESS |  
2019-09-04 09:33:19,318 [IPC Server handler 2 on 37997] INFO  net.NetworkTopology (NetworkTopologyImpl.java:add(110)) - Added a new node: /default-rack/66a7ded9-d93a-47d1-9f2c-98e6bd60743c
2019-09-04 09:33:19,318 [IPC Server handler 2 on 37997] INFO  node.SCMNodeManager (SCMNodeManager.java:register(273)) - Registered Data node : 66a7ded9-d93a-47d1-9f2c-98e6bd60743c{ip: 192.168.69.104, host: pr-hdds-1569-dvkr5-2373193410, networkLocation: /default-rack, certSerialId: null}
2019-09-04 09:33:19,322 [EventQueue-NodeRegistrationContainerReportForDataNodeSafeModeRule] INFO  safemode.SCMSafeModeManager (DataNodeSafeModeRule.java:process(71)) - SCM in safe mode. 1 DataNodes registered, 1 required.
2019-09-04 09:33:19,322 | INFO  | SCMAudit | user=jenkins1000 | ip=192.168.69.104 | op=REGISTER {datanodeDetails=66a7ded9-d93a-47d1-9f2c-98e6bd60743c{ip: 192.168.69.104, host: pr-hdds-1569-dvkr5-2373193410, networkLocation: /default-rack, certSerialId: null}} | ret=SUCCESS |  
2019-09-04 09:33:19,325 [EventQueue-NodeRegistrationContainerReportForDataNodeSafeModeRule] INFO  safemode.SCMSafeModeManager (SCMSafeModeManager.java:validateSafeModeExitRules(177)) - ScmSafeModeManager, all rules are successfully validated
2019-09-04 09:33:19,325 [EventQueue-NodeRegistrationContainerReportForDataNodeSafeModeRule] INFO  safemode.SCMSafeModeManager (SCMSafeModeManager.java:exitSafeMode(193)) - SCM exiting safe mode.
2019-09-04 09:33:19,325 | INFO  | SCMAudit | user=jenkins1000 | ip=192.168.69.104 | op=SEND_HEARTBEAT {datanodeUUID=e937a017-3f4f-4695-ad6d-cb2753d2b845, command=[]} | ret=SUCCESS |  
2019-09-04 09:33:19,339 [grpc-default-executor-4] INFO  impl.RaftServerProxy (RaftServerProxy.java:addNew(89)) - 66a7ded9-d93a-47d1-9f2c-98e6bd60743c: addNew group-170D9D5199FE:[66a7ded9-d93a-47d1-9f2c-98e6bd60743c:192.168.69.104:33517] returns group-170D9D5199FE:java.util.concurrent.CompletableFuture@4007720c[Not completed]
2019-09-04 09:33:19,339 | INFO  | SCMAudit | user=jenkins1000 | ip=192.168.69.104 | op=SEND_HEARTBEAT {datanodeUUID=18851aac-bbd7-47f5-af1c-17f426b11266, command=[]} | ret=SUCCESS |  
2019-09-04 09:33:19,340 [pool-411-thread-1] INFO  impl.RaftServerImpl (RaftServerImpl.java:<init>(93)) - 66a7ded9-d93a-47d1-9f2c-98e6bd60743c: new RaftServerImpl for group-170D9D5199FE:[66a7ded9-d93a-47d1-9f2c-98e6bd60743c:192.168.69.104:33517] with ContainerStateMachine:uninitialized
2019-09-04 09:33:19,340 [pool-411-thread-1] INFO  server.RaftServerConfigKeys (ConfUtils.java:logGet(43)) - raft.server.rpc.timeout.min = 5s (custom)
2019-09-04 09:33:19,340 [pool-411-thread-1] INFO  server.RaftServerConfigKeys (ConfUtils.java:logGet(43)) - raft.server.rpc.timeout.max = 5200ms (custom)
2019-09-04 09:33:19,340 [pool-411-thread-1] INFO  server.RaftServerConfigKeys (ConfUtils.java:logGet(43)) - raft.server.rpcslowness.timeout = 120s (custom)
2019-09-04 09:33:19,340 [pool-411-thread-1] INFO  server.RaftServerConfigKeys (ConfUtils.java:logGet(43)) - raft.server.sleep.deviation.threshold = 300 (default)
2019-09-04 09:33:19,340 [pool-411-thread-1] INFO  server.RaftServerConfigKeys (ConfUtils.java:logGet(43)) - raft.server.log.appender.install.snapshot.enabled = false (custom)
2019-09-04 09:33:19,341 [pool-411-thread-1] INFO  impl.RaftServerImpl (ServerState.java:<init>(105)) - 66a7ded9-d93a-47d1-9f2c-98e6bd60743c:group-170D9D5199FE ConfigurationManager, init=-1: [66a7ded9-d93a-47d1-9f2c-98e6bd60743c:192.168.69.104:33517], old=null, confs=<EMPTY_MAP>
2019-09-04 09:33:19,341 [pool-411-thread-1] INFO  server.RaftServerConfigKeys (ConfUtils.java:logGet(43)) - raft.server.storage.dir = [/workdir/hadoop-ozone/integration-test/target/test-dir/MiniOzoneClusterImpl-73d646de-bab2-44de-aaf3-9281ad245be8/datanode-0/data/ratis] (custom)
2019-09-04 09:33:19,341 [pool-411-thread-1] INFO  storage.RaftStorageDirectory (RaftStorageDirectory.java:analyzeStorage(246)) - The storage directory /workdir/hadoop-ozone/integration-test/target/test-dir/MiniOzoneClusterImpl-73d646de-bab2-44de-aaf3-9281ad245be8/datanode-0/data/ratis/619f9c47-8a68-4fd3-8c2d-170d9d5199fe does not exist. Creating ...
2019-09-04 09:33:19,353 [pool-411-thread-1] INFO  storage.RaftStorageDirectory (RaftStorageDirectory.java:tryLock(328)) - Lock on /workdir/hadoop-ozone/integration-test/target/test-dir/MiniOzoneClusterImpl-73d646de-bab2-44de-aaf3-9281ad245be8/datanode-0/data/ratis/619f9c47-8a68-4fd3-8c2d-170d9d5199fe/in_use.lock acquired by nodename 26477@pr-hdds-1569-dvkr5-2373193410
2019-09-04 09:33:19,361 [pool-411-thread-1] INFO  storage.RaftStorage (RaftStorage.java:format(72)) - Storage directory /workdir/hadoop-ozone/integration-test/target/test-dir/MiniOzoneClusterImpl-73d646de-bab2-44de-aaf3-9281ad245be8/datanode-0/data/ratis/619f9c47-8a68-4fd3-8c2d-170d9d5199fe has been successfully formatted.
2019-09-04 09:33:19,361 [pool-411-thread-1] INFO  ratis.ContainerStateMachine (ContainerStateMachine.java:loadSnapshot(226)) - group-170D9D5199FE: The snapshot info is null. Setting the last applied indexto:(t:0, i:~)
2019-09-04 09:33:19,361 [pool-411-thread-1] INFO  server.RaftServerConfigKeys (ConfUtils.java:logGet(43)) - raft.server.leader.election.timeout = 120s (custom)
2019-09-04 09:33:19,361 [pool-411-thread-1] INFO  server.RaftServerConfigKeys (ConfUtils.java:logGet(43)) - raft.server.log.use.memory = false (default)
2019-09-04 09:33:19,362 [pool-411-thread-1] INFO  server.RaftServerConfigKeys (ConfUtils.java:logGet(43)) - raft.server.log.purge.gap = 1000000 (custom)
2019-09-04 09:33:19,362 [pool-411-thread-1] INFO  server.RaftServerConfigKeys (ConfUtils.java:logGet(43)) - raft.server.log.appender.buffer.byte-limit = 33554432 (custom)
2019-09-04 09:33:19,362 [pool-411-thread-1] INFO  server.RaftServerConfigKeys (ConfUtils.java:logGet(43)) - raft.server.log.segment.size.max = 1048576 (custom)
2019-09-04 09:33:19,362 [pool-411-thread-1] INFO  server.RaftServerConfigKeys (ConfUtils.java:logGet(43)) - raft.server.log.segment.cache.num.max = 2 (custom)
2019-09-04 09:33:19,362 [pool-411-thread-1] INFO  segmented.SegmentedRaftLogWorker (SegmentedRaftLogWorker.java:<init>(172)) - new 66a7ded9-d93a-47d1-9f2c-98e6bd60743c-SegmentedRaftLogWorker:Storage Directory /workdir/hadoop-ozone/integration-test/target/test-dir/MiniOzoneClusterImpl-73d646de-bab2-44de-aaf3-9281ad245be8/datanode-0/data/ratis/619f9c47-8a68-4fd3-8c2d-170d9d5199fe for RaftStorage:Storage Directory /workdir/hadoop-ozone/integration-test/target/test-dir/MiniOzoneClusterImpl-73d646de-bab2-44de-aaf3-9281ad245be8/datanode-0/data/ratis/619f9c47-8a68-4fd3-8c2d-170d9d5199fe
2019-09-04 09:33:19,362 [pool-411-thread-1] INFO  server.RaftServerConfigKeys (ConfUtils.java:logGet(43)) - raft.server.log.queue.byte-limit = 2147483647 (custom)
2019-09-04 09:33:19,362 [pool-411-thread-1] INFO  server.RaftServerConfigKeys (ConfUtils.java:logGet(43)) - raft.server.log.queue.element-limit = 1024 (custom)
2019-09-04 09:33:19,363 [pool-411-thread-1] INFO  server.RaftServerConfigKeys (ConfUtils.java:logGet(43)) - raft.server.log.segment.size.max = 1048576 (custom)
2019-09-04 09:33:19,363 [pool-411-thread-1] INFO  server.RaftServerConfigKeys (ConfUtils.java:logGet(43)) - raft.server.log.preallocated.size = 16384 (custom)
2019-09-04 09:33:19,363 [pool-411-thread-1] INFO  server.RaftServerConfigKeys (ConfUtils.java:logGet(43)) - raft.server.log.write.buffer.size = 33554432 (custom)
2019-09-04 09:33:19,363 [pool-411-thread-1] INFO  server.RaftServerConfigKeys (ConfUtils.java:logGet(43)) - raft.server.log.force.sync.num = 128 (default)
2019-09-04 09:33:19,363 [pool-411-thread-1] INFO  server.RaftServerConfigKeys (ConfUtils.java:logGet(43)) - raft.server.log.statemachine.data.sync = true (default)
2019-09-04 09:33:19,363 [pool-411-thread-1] INFO  server.RaftServerConfigKeys (ConfUtils.java:logGet(43)) - raft.server.log.statemachine.data.sync.timeout = 10s (default)
2019-09-04 09:33:19,363 [pool-411-thread-1] INFO  server.RaftServerConfigKeys (ConfUtils.java:logGet(43)) - raft.server.log.statemachine.data.sync.timeout.retry = -1 (default)
2019-09-04 09:33:19,363 [pool-411-thread-1] INFO  server.RaftServerConfigKeys (ConfUtils.java:logGet(43)) - raft.server.log.statemachine.data.caching.enabled = true (custom)
2019-09-04 09:33:19,364 [pool-411-thread-1] INFO  segmented.SegmentedRaftLogWorker (SegmentedRaftLogWorker.java:lambda$new$0(132)) - 66a7ded9-d93a-47d1-9f2c-98e6bd60743c-SegmentedRaftLogWorker:Storage Directory /workdir/hadoop-ozone/integration-test/target/test-dir/MiniOzoneClusterImpl-73d646de-bab2-44de-aaf3-9281ad245be8/datanode-0/data/ratis/619f9c47-8a68-4fd3-8c2d-170d9d5199fe: flushIndex: setUnconditionally 0 -> -1
2019-09-04 09:33:19,365 [pool-411-thread-1] INFO  server.RaftServerConfigKeys (ConfUtils.java:logGet(43)) - raft.server.snapshot.auto.trigger.enabled = true (custom)
2019-09-04 09:33:19,365 [pool-411-thread-1] INFO  server.RaftServerConfigKeys (ConfUtils.java:logGet(43)) - raft.server.snapshot.auto.trigger.threshold = 10000 (custom)
2019-09-04 09:33:19,365 [pool-411-thread-1] INFO  server.RaftServerConfigKeys (ConfUtils.java:logGet(43)) - raft.server.retrycache.expirytime = 600000ms (custom)
2019-09-04 09:33:19,365 [pool-411-thread-1] INFO  impl.RaftServerImpl (RaftServerImpl.java:start(180)) - 66a7ded9-d93a-47d1-9f2c-98e6bd60743c: start group-170D9D5199FE
2019-09-04 09:33:19,365 [pool-411-thread-1] INFO  impl.RaftServerImpl (RaftServerImpl.java:setRole(171)) - 66a7ded9-d93a-47d1-9f2c-98e6bd60743c:group-170D9D5199FE changes role from null to FOLLOWER at term 0 for startAsFollower
2019-09-04 09:33:19,365 [pool-411-thread-1] INFO  impl.RoleInfo (RoleInfo.java:updateAndGet(143)) - 66a7ded9-d93a-47d1-9f2c-98e6bd60743c: start FollowerState
2019-09-04 09:33:19,366 [pool-411-thread-1] INFO  util.JmxRegister (JmxRegister.java:tryRegister(44)) - Successfully registered JMX Bean with object name Ratis:service=RaftServer,group=group-170D9D5199FE,id=66a7ded9-d93a-47d1-9f2c-98e6bd60743c
2019-09-04 09:33:19,368 [RatisPipelineUtilsThread] INFO  pipeline.PipelineStateManager (PipelineStateManager.java:addPipeline(56)) - Created pipeline Pipeline[ Id: 619f9c47-8a68-4fd3-8c2d-170d9d5199fe, Nodes: 66a7ded9-d93a-47d1-9f2c-98e6bd60743c{ip: 192.168.69.104, host: pr-hdds-1569-dvkr5-2373193410, networkLocation: /default-rack, certSerialId: null}, Type:RATIS, Factor:ONE, State:OPEN]
2019-09-04 09:33:19,492 [main] INFO  ozone.MiniOzoneClusterImpl (MiniOzoneClusterImpl.java:lambda$waitForClusterToBeReady$0(142)) - Waiting for cluster to be ready. Got 1 of 7 DN Heartbeats.
2019-09-04 09:33:19,531 [IPC Server handler 3 on 37997] INFO  net.NetworkTopology (NetworkTopologyImpl.java:add(110)) - Added a new node: /default-rack/92f35af7-27d9-4e2d-a282-1637ac15099d
2019-09-04 09:33:19,532 [IPC Server handler 3 on 37997] INFO  node.SCMNodeManager (SCMNodeManager.java:register(273)) - Registered Data node : 92f35af7-27d9-4e2d-a282-1637ac15099d{ip: 192.168.69.104, host: pr-hdds-1569-dvkr5-2373193410, networkLocation: /default-rack, certSerialId: null}
2019-09-04 09:33:19,532 | INFO  | SCMAudit | user=jenkins1000 | ip=192.168.69.104 | op=REGISTER {datanodeDetails=92f35af7-27d9-4e2d-a282-1637ac15099d{ip: 192.168.69.104, host: pr-hdds-1569-dvkr5-2373193410, networkLocation: /default-rack, certSerialId: null}} | ret=SUCCESS |  
2019-09-04 09:33:19,541 [grpc-default-executor-4] INFO  impl.RaftServerProxy (RaftServerProxy.java:addNew(89)) - 92f35af7-27d9-4e2d-a282-1637ac15099d: addNew group-D01B63529814:[92f35af7-27d9-4e2d-a282-1637ac15099d:192.168.69.104:34703] returns group-D01B63529814:java.util.concurrent.CompletableFuture@90aae2[Not completed]
2019-09-04 09:33:19,542 [pool-422-thread-1] INFO  impl.RaftServerImpl (RaftServerImpl.java:<init>(93)) - 92f35af7-27d9-4e2d-a282-1637ac15099d: new RaftServerImpl for group-D01B63529814:[92f35af7-27d9-4e2d-a282-1637ac15099d:192.168.69.104:34703] with ContainerStateMachine:uninitialized
2019-09-04 09:33:19,542 [pool-422-thread-1] INFO  server.RaftServerConfigKeys (ConfUtils.java:logGet(43)) - raft.server.rpc.timeout.min = 5s (custom)
2019-09-04 09:33:19,542 [pool-422-thread-1] INFO  server.RaftServerConfigKeys (ConfUtils.java:logGet(43)) - raft.server.rpc.timeout.max = 5200ms (custom)
2019-09-04 09:33:19,542 [pool-422-thread-1] INFO  server.RaftServerConfigKeys (ConfUtils.java:logGet(43)) - raft.server.rpcslowness.timeout = 120s (custom)
2019-09-04 09:33:19,542 [pool-422-thread-1] INFO  server.RaftServerConfigKeys (ConfUtils.java:logGet(43)) - raft.server.sleep.deviation.threshold = 300 (default)
2019-09-04 09:33:19,542 [pool-422-thread-1] INFO  server.RaftServerConfigKeys (ConfUtils.java:logGet(43)) - raft.server.log.appender.install.snapshot.enabled = false (custom)
2019-09-04 09:33:19,542 [pool-422-thread-1] INFO  impl.RaftServerImpl (ServerState.java:<init>(105)) - 92f35af7-27d9-4e2d-a282-1637ac15099d:group-D01B63529814 ConfigurationManager, init=-1: [92f35af7-27d9-4e2d-a282-1637ac15099d:192.168.69.104:34703], old=null, confs=<EMPTY_MAP>
2019-09-04 09:33:19,543 [pool-422-thread-1] INFO  server.RaftServerConfigKeys (ConfUtils.java:logGet(43)) - raft.server.storage.dir = [/workdir/hadoop-ozone/integration-test/target/test-dir/MiniOzoneClusterImpl-73d646de-bab2-44de-aaf3-9281ad245be8/datanode-1/data/ratis] (custom)
2019-09-04 09:33:19,543 [pool-422-thread-1] INFO  storage.RaftStorageDirectory (RaftStorageDirectory.java:analyzeStorage(246)) - The storage directory /workdir/hadoop-ozone/integration-test/target/test-dir/MiniOzoneClusterImpl-73d646de-bab2-44de-aaf3-9281ad245be8/datanode-1/data/ratis/52ea51c0-1e14-453e-aa95-d01b63529814 does not exist. Creating ...
2019-09-04 09:33:19,566 [pool-422-thread-1] INFO  storage.RaftStorageDirectory (RaftStorageDirectory.java:tryLock(328)) - Lock on /workdir/hadoop-ozone/integration-test/target/test-dir/MiniOzoneClusterImpl-73d646de-bab2-44de-aaf3-9281ad245be8/datanode-1/data/ratis/52ea51c0-1e14-453e-aa95-d01b63529814/in_use.lock acquired by nodename 26477@pr-hdds-1569-dvkr5-2373193410
2019-09-04 09:33:19,588 [pool-422-thread-1] INFO  storage.RaftStorage (RaftStorage.java:format(72)) - Storage directory /workdir/hadoop-ozone/integration-test/target/test-dir/MiniOzoneClusterImpl-73d646de-bab2-44de-aaf3-9281ad245be8/datanode-1/data/ratis/52ea51c0-1e14-453e-aa95-d01b63529814 has been successfully formatted.
2019-09-04 09:33:19,588 [pool-422-thread-1] INFO  ratis.ContainerStateMachine (ContainerStateMachine.java:loadSnapshot(226)) - group-D01B63529814: The snapshot info is null. Setting the last applied indexto:(t:0, i:~)
2019-09-04 09:33:19,589 [pool-422-thread-1] INFO  server.RaftServerConfigKeys (ConfUtils.java:logGet(43)) - raft.server.leader.election.timeout = 120s (custom)
2019-09-04 09:33:19,589 [pool-422-thread-1] INFO  server.RaftServerConfigKeys (ConfUtils.java:logGet(43)) - raft.server.log.use.memory = false (default)
2019-09-04 09:33:19,589 [pool-422-thread-1] INFO  server.RaftServerConfigKeys (ConfUtils.java:logGet(43)) - raft.server.log.purge.gap = 1000000 (custom)
2019-09-04 09:33:19,589 [pool-422-thread-1] INFO  server.RaftServerConfigKeys (ConfUtils.java:logGet(43)) - raft.server.log.appender.buffer.byte-limit = 33554432 (custom)
2019-09-04 09:33:19,589 [pool-422-thread-1] INFO  server.RaftServerConfigKeys (ConfUtils.java:logGet(43)) - raft.server.log.segment.size.max = 1048576 (custom)
2019-09-04 09:33:19,589 [pool-422-thread-1] INFO  server.RaftServerConfigKeys (ConfUtils.java:logGet(43)) - raft.server.log.segment.cache.num.max = 2 (custom)
2019-09-04 09:33:19,589 [pool-422-thread-1] INFO  segmented.SegmentedRaftLogWorker (SegmentedRaftLogWorker.java:<init>(172)) - new 92f35af7-27d9-4e2d-a282-1637ac15099d-SegmentedRaftLogWorker:Storage Directory /workdir/hadoop-ozone/integration-test/target/test-dir/MiniOzoneClusterImpl-73d646de-bab2-44de-aaf3-9281ad245be8/datanode-1/data/ratis/52ea51c0-1e14-453e-aa95-d01b63529814 for RaftStorage:Storage Directory /workdir/hadoop-ozone/integration-test/target/test-dir/MiniOzoneClusterImpl-73d646de-bab2-44de-aaf3-9281ad245be8/datanode-1/data/ratis/52ea51c0-1e14-453e-aa95-d01b63529814
2019-09-04 09:33:19,589 | INFO  | SCMAudit | user=jenkins1000 | ip=192.168.69.104 | op=SEND_HEARTBEAT {datanodeUUID=0ac595d7-a290-4eb2-9411-ef15ff51c194, command=[]} | ret=SUCCESS |  
2019-09-04 09:33:19,589 [pool-422-thread-1] INFO  server.RaftServerConfigKeys (ConfUtils.java:logGet(43)) - raft.server.log.queue.byte-limit = 2147483647 (custom)
2019-09-04 09:33:19,589 [pool-422-thread-1] INFO  server.RaftServerConfigKeys (ConfUtils.java:logGet(43)) - raft.server.log.queue.element-limit = 1024 (custom)
2019-09-04 09:33:19,590 [pool-422-thread-1] INFO  server.RaftServerConfigKeys (ConfUtils.java:logGet(43)) - raft.server.log.segment.size.max = 1048576 (custom)
2019-09-04 09:33:19,590 [pool-422-thread-1] INFO  server.RaftServerConfigKeys (ConfUtils.java:logGet(43)) - raft.server.log.preallocated.size = 16384 (custom)
2019-09-04 09:33:19,590 [pool-422-thread-1] INFO  server.RaftServerConfigKeys (ConfUtils.java:logGet(43)) - raft.server.log.write.buffer.size = 33554432 (custom)
2019-09-04 09:33:19,590 [pool-422-thread-1] INFO  server.RaftServerConfigKeys (ConfUtils.java:logGet(43)) - raft.server.log.force.sync.num = 128 (default)
2019-09-04 09:33:19,590 [pool-422-thread-1] INFO  server.RaftServerConfigKeys (ConfUtils.java:logGet(43)) - raft.server.log.statemachine.data.sync = true (default)
2019-09-04 09:33:19,590 [pool-422-thread-1] INFO  server.RaftServerConfigKeys (ConfUtils.java:logGet(43)) - raft.server.log.statemachine.data.sync.timeout = 10s (default)
2019-09-04 09:33:19,590 [pool-422-thread-1] INFO  server.RaftServerConfigKeys (ConfUtils.java:logGet(43)) - raft.server.log.statemachine.data.sync.timeout.retry = -1 (default)
2019-09-04 09:33:19,590 [pool-422-thread-1] INFO  server.RaftServerConfigKeys (ConfUtils.java:logGet(43)) - raft.server.log.statemachine.data.caching.enabled = true (custom)
2019-09-04 09:33:19,591 [pool-422-thread-1] INFO  segmented.SegmentedRaftLogWorker (SegmentedRaftLogWorker.java:lambda$new$0(132)) - 92f35af7-27d9-4e2d-a282-1637ac15099d-SegmentedRaftLogWorker:Storage Directory /workdir/hadoop-ozone/integration-test/target/test-dir/MiniOzoneClusterImpl-73d646de-bab2-44de-aaf3-9281ad245be8/datanode-1/data/ratis/52ea51c0-1e14-453e-aa95-d01b63529814: flushIndex: setUnconditionally 0 -> -1
2019-09-04 09:33:19,591 [pool-422-thread-1] INFO  server.RaftServerConfigKeys (ConfUtils.java:logGet(43)) - raft.server.snapshot.auto.trigger.enabled = true (custom)
2019-09-04 09:33:19,591 [pool-422-thread-1] INFO  server.RaftServerConfigKeys (ConfUtils.java:logGet(43)) - raft.server.snapshot.auto.trigger.threshold = 10000 (custom)
2019-09-04 09:33:19,591 [pool-422-thread-1] INFO  server.RaftServerConfigKeys (ConfUtils.java:logGet(43)) - raft.server.retrycache.expirytime = 600000ms (custom)
2019-09-04 09:33:19,591 [pool-422-thread-1] INFO  impl.RaftServerImpl (RaftServerImpl.java:start(180)) - 92f35af7-27d9-4e2d-a282-1637ac15099d: start group-D01B63529814
2019-09-04 09:33:19,591 [pool-422-thread-1] INFO  impl.RaftServerImpl (RaftServerImpl.java:setRole(171)) - 92f35af7-27d9-4e2d-a282-1637ac15099d:group-D01B63529814 changes role from null to FOLLOWER at term 0 for startAsFollower
2019-09-04 09:33:19,591 [pool-422-thread-1] INFO  impl.RoleInfo (RoleInfo.java:updateAndGet(143)) - 92f35af7-27d9-4e2d-a282-1637ac15099d: start FollowerState
2019-09-04 09:33:19,592 [pool-422-thread-1] INFO  util.JmxRegister (JmxRegister.java:tryRegister(44)) - Successfully registered JMX Bean with object name Ratis:service=RaftServer,group=group-D01B63529814,id=92f35af7-27d9-4e2d-a282-1637ac15099d
2019-09-04 09:33:19,594 [RatisPipelineUtilsThread] INFO  pipeline.PipelineStateManager (PipelineStateManager.java:addPipeline(56)) - Created pipeline Pipeline[ Id: 52ea51c0-1e14-453e-aa95-d01b63529814, Nodes: 92f35af7-27d9-4e2d-a282-1637ac15099d{ip: 192.168.69.104, host: pr-hdds-1569-dvkr5-2373193410, networkLocation: /default-rack, certSerialId: null}, Type:RATIS, Factor:ONE, State:OPEN]
2019-09-04 09:33:19,699 | INFO  | SCMAudit | user=jenkins1000 | ip=192.168.69.104 | op=SEND_HEARTBEAT {datanodeUUID=4e23e929-4fb0-4bb2-876d-c448ab6fdc4c, command=[]} | ret=SUCCESS |  
2019-09-04 09:33:19,731 | INFO  | SCMAudit | user=jenkins1000 | ip=192.168.69.104 | op=SEND_HEARTBEAT {datanodeUUID=9626cf3a-220d-42c0-b303-e22d032a63b2, command=[]} | ret=SUCCESS |  
2019-09-04 09:33:19,745 [IPC Server handler 4 on 37997] INFO  net.NetworkTopology (NetworkTopologyImpl.java:add(110)) - Added a new node: /default-rack/9aea6155-db32-4c39-a652-41f8decfc52c
2019-09-04 09:33:19,745 [IPC Server handler 4 on 37997] INFO  node.SCMNodeManager (SCMNodeManager.java:register(273)) - Registered Data node : 9aea6155-db32-4c39-a652-41f8decfc52c{ip: 192.168.69.104, host: pr-hdds-1569-dvkr5-2373193410, networkLocation: /default-rack, certSerialId: null}
2019-09-04 09:33:19,745 | INFO  | SCMAudit | user=jenkins1000 | ip=192.168.69.104 | op=REGISTER {datanodeDetails=9aea6155-db32-4c39-a652-41f8decfc52c{ip: 192.168.69.104, host: pr-hdds-1569-dvkr5-2373193410, networkLocation: /default-rack, certSerialId: null}} | ret=SUCCESS |  
2019-09-04 09:33:19,755 [grpc-default-executor-4] INFO  impl.RaftServerProxy (RaftServerProxy.java:addNew(89)) - 9aea6155-db32-4c39-a652-41f8decfc52c: addNew group-86EACDBFC262:[9aea6155-db32-4c39-a652-41f8decfc52c:192.168.69.104:40482] returns group-86EACDBFC262:java.util.concurrent.CompletableFuture@66b89bce[Not completed]
2019-09-04 09:33:19,755 [pool-433-thread-1] INFO  impl.RaftServerImpl (RaftServerImpl.java:<init>(93)) - 9aea6155-db32-4c39-a652-41f8decfc52c: new RaftServerImpl for group-86EACDBFC262:[9aea6155-db32-4c39-a652-41f8decfc52c:192.168.69.104:40482] with ContainerStateMachine:uninitialized
2019-09-04 09:33:19,756 [pool-433-thread-1] INFO  server.RaftServerConfigKeys (ConfUtils.java:logGet(43)) - raft.server.rpc.timeout.min = 5s (custom)
2019-09-04 09:33:19,756 [pool-433-thread-1] INFO  server.RaftServerConfigKeys (ConfUtils.java:logGet(43)) - raft.server.rpc.timeout.max = 5200ms (custom)
2019-09-04 09:33:19,756 [pool-433-thread-1] INFO  server.RaftServerConfigKeys (ConfUtils.java:logGet(43)) - raft.server.rpcslowness.timeout = 120s (custom)
2019-09-04 09:33:19,756 [pool-433-thread-1] INFO  server.RaftServerConfigKeys (ConfUtils.java:logGet(43)) - raft.server.sleep.deviation.threshold = 300 (default)
2019-09-04 09:33:19,756 [pool-433-thread-1] INFO  server.RaftServerConfigKeys (ConfUtils.java:logGet(43)) - raft.server.log.appender.install.snapshot.enabled = false (custom)
2019-09-04 09:33:19,756 [pool-433-thread-1] INFO  impl.RaftServerImpl (ServerState.java:<init>(105)) - 9aea6155-db32-4c39-a652-41f8decfc52c:group-86EACDBFC262 ConfigurationManager, init=-1: [9aea6155-db32-4c39-a652-41f8decfc52c:192.168.69.104:40482], old=null, confs=<EMPTY_MAP>
2019-09-04 09:33:19,756 [pool-433-thread-1] INFO  server.RaftServerConfigKeys (ConfUtils.java:logGet(43)) - raft.server.storage.dir = [/workdir/hadoop-ozone/integration-test/target/test-dir/MiniOzoneClusterImpl-73d646de-bab2-44de-aaf3-9281ad245be8/datanode-2/data/ratis] (custom)
2019-09-04 09:33:19,756 [pool-433-thread-1] INFO  storage.RaftStorageDirectory (RaftStorageDirectory.java:analyzeStorage(246)) - The storage directory /workdir/hadoop-ozone/integration-test/target/test-dir/MiniOzoneClusterImpl-73d646de-bab2-44de-aaf3-9281ad245be8/datanode-2/data/ratis/ab40886d-ca36-4eaf-a3db-86eacdbfc262 does not exist. Creating ...
2019-09-04 09:33:19,786 [pool-433-thread-1] INFO  storage.RaftStorageDirectory (RaftStorageDirectory.java:tryLock(328)) - Lock on /workdir/hadoop-ozone/integration-test/target/test-dir/MiniOzoneClusterImpl-73d646de-bab2-44de-aaf3-9281ad245be8/datanode-2/data/ratis/ab40886d-ca36-4eaf-a3db-86eacdbfc262/in_use.lock acquired by nodename 26477@pr-hdds-1569-dvkr5-2373193410
2019-09-04 09:33:19,815 [pool-433-thread-1] INFO  storage.RaftStorage (RaftStorage.java:format(72)) - Storage directory /workdir/hadoop-ozone/integration-test/target/test-dir/MiniOzoneClusterImpl-73d646de-bab2-44de-aaf3-9281ad245be8/datanode-2/data/ratis/ab40886d-ca36-4eaf-a3db-86eacdbfc262 has been successfully formatted.
2019-09-04 09:33:19,815 [pool-433-thread-1] INFO  ratis.ContainerStateMachine (ContainerStateMachine.java:loadSnapshot(226)) - group-86EACDBFC262: The snapshot info is null. Setting the last applied indexto:(t:0, i:~)
2019-09-04 09:33:19,815 [pool-433-thread-1] INFO  server.RaftServerConfigKeys (ConfUtils.java:logGet(43)) - raft.server.leader.election.timeout = 120s (custom)
2019-09-04 09:33:19,815 [pool-433-thread-1] INFO  server.RaftServerConfigKeys (ConfUtils.java:logGet(43)) - raft.server.log.use.memory = false (default)
2019-09-04 09:33:19,815 [pool-433-thread-1] INFO  server.RaftServerConfigKeys (ConfUtils.java:logGet(43)) - raft.server.log.purge.gap = 1000000 (custom)
2019-09-04 09:33:19,815 [pool-433-thread-1] INFO  server.RaftServerConfigKeys (ConfUtils.java:logGet(43)) - raft.server.log.appender.buffer.byte-limit = 33554432 (custom)
2019-09-04 09:33:19,816 [pool-433-thread-1] INFO  server.RaftServerConfigKeys (ConfUtils.java:logGet(43)) - raft.server.log.segment.size.max = 1048576 (custom)
2019-09-04 09:33:19,816 [pool-433-thread-1] INFO  server.RaftServerConfigKeys (ConfUtils.java:logGet(43)) - raft.server.log.segment.cache.num.max = 2 (custom)
2019-09-04 09:33:19,816 [pool-433-thread-1] INFO  segmented.SegmentedRaftLogWorker (SegmentedRaftLogWorker.java:<init>(172)) - new 9aea6155-db32-4c39-a652-41f8decfc52c-SegmentedRaftLogWorker:Storage Directory /workdir/hadoop-ozone/integration-test/target/test-dir/MiniOzoneClusterImpl-73d646de-bab2-44de-aaf3-9281ad245be8/datanode-2/data/ratis/ab40886d-ca36-4eaf-a3db-86eacdbfc262 for RaftStorage:Storage Directory /workdir/hadoop-ozone/integration-test/target/test-dir/MiniOzoneClusterImpl-73d646de-bab2-44de-aaf3-9281ad245be8/datanode-2/data/ratis/ab40886d-ca36-4eaf-a3db-86eacdbfc262
2019-09-04 09:33:19,816 [pool-433-thread-1] INFO  server.RaftServerConfigKeys (ConfUtils.java:logGet(43)) - raft.server.log.queue.byte-limit = 2147483647 (custom)
2019-09-04 09:33:19,816 [pool-433-thread-1] INFO  server.RaftServerConfigKeys (ConfUtils.java:logGet(43)) - raft.server.log.queue.element-limit = 1024 (custom)
2019-09-04 09:33:19,816 [pool-433-thread-1] INFO  server.RaftServerConfigKeys (ConfUtils.java:logGet(43)) - raft.server.log.segment.size.max = 1048576 (custom)
2019-09-04 09:33:19,816 [pool-433-thread-1] INFO  server.RaftServerConfigKeys (ConfUtils.java:logGet(43)) - raft.server.log.preallocated.size = 16384 (custom)
2019-09-04 09:33:19,816 [pool-433-thread-1] INFO  server.RaftServerConfigKeys (ConfUtils.java:logGet(43)) - raft.server.log.write.buffer.size = 33554432 (custom)
2019-09-04 09:33:19,816 [pool-433-thread-1] INFO  server.RaftServerConfigKeys (ConfUtils.java:logGet(43)) - raft.server.log.force.sync.num = 128 (default)
2019-09-04 09:33:19,817 [pool-433-thread-1] INFO  server.RaftServerConfigKeys (ConfUtils.java:logGet(43)) - raft.server.log.statemachine.data.sync = true (default)
2019-09-04 09:33:19,817 [pool-433-thread-1] INFO  server.RaftServerConfigKeys (ConfUtils.java:logGet(43)) - raft.server.log.statemachine.data.sync.timeout = 10s (default)
2019-09-04 09:33:19,817 [pool-433-thread-1] INFO  server.RaftServerConfigKeys (ConfUtils.java:logGet(43)) - raft.server.log.statemachine.data.sync.timeout.retry = -1 (default)
2019-09-04 09:33:19,817 [pool-433-thread-1] INFO  server.RaftServerConfigKeys (ConfUtils.java:logGet(43)) - raft.server.log.statemachine.data.caching.enabled = true (custom)
2019-09-04 09:33:19,817 [pool-433-thread-1] INFO  segmented.SegmentedRaftLogWorker (SegmentedRaftLogWorker.java:lambda$new$0(132)) - 9aea6155-db32-4c39-a652-41f8decfc52c-SegmentedRaftLogWorker:Storage Directory /workdir/hadoop-ozone/integration-test/target/test-dir/MiniOzoneClusterImpl-73d646de-bab2-44de-aaf3-9281ad245be8/datanode-2/data/ratis/ab40886d-ca36-4eaf-a3db-86eacdbfc262: flushIndex: setUnconditionally 0 -> -1
2019-09-04 09:33:19,817 [pool-433-thread-1] INFO  server.RaftServerConfigKeys (ConfUtils.java:logGet(43)) - raft.server.snapshot.auto.trigger.enabled = true (custom)
2019-09-04 09:33:19,818 [pool-433-thread-1] INFO  server.RaftServerConfigKeys (ConfUtils.java:logGet(43)) - raft.server.snapshot.auto.trigger.threshold = 10000 (custom)
2019-09-04 09:33:19,818 [pool-433-thread-1] INFO  server.RaftServerConfigKeys (ConfUtils.java:logGet(43)) - raft.server.retrycache.expirytime = 600000ms (custom)
2019-09-04 09:33:19,818 [pool-433-thread-1] INFO  impl.RaftServerImpl (RaftServerImpl.java:start(180)) - 9aea6155-db32-4c39-a652-41f8decfc52c: start group-86EACDBFC262
2019-09-04 09:33:19,818 [pool-433-thread-1] INFO  impl.RaftServerImpl (RaftServerImpl.java:setRole(171)) - 9aea6155-db32-4c39-a652-41f8decfc52c:group-86EACDBFC262 changes role from null to FOLLOWER at term 0 for startAsFollower
2019-09-04 09:33:19,818 [pool-433-thread-1] INFO  impl.RoleInfo (RoleInfo.java:updateAndGet(143)) - 9aea6155-db32-4c39-a652-41f8decfc52c: start FollowerState
2019-09-04 09:33:19,818 [pool-433-thread-1] INFO  util.JmxRegister (JmxRegister.java:tryRegister(44)) - Successfully registered JMX Bean with object name Ratis:service=RaftServer,group=group-86EACDBFC262,id=9aea6155-db32-4c39-a652-41f8decfc52c
2019-09-04 09:33:19,820 [RatisPipelineUtilsThread] INFO  pipeline.PipelineStateManager (PipelineStateManager.java:addPipeline(56)) - Created pipeline Pipeline[ Id: ab40886d-ca36-4eaf-a3db-86eacdbfc262, Nodes: 9aea6155-db32-4c39-a652-41f8decfc52c{ip: 192.168.69.104, host: pr-hdds-1569-dvkr5-2373193410, networkLocation: /default-rack, certSerialId: null}, Type:RATIS, Factor:ONE, State:OPEN]
2019-09-04 09:33:19,836 [grpc-default-executor-2] INFO  impl.RaftServerProxy (RaftServerProxy.java:addNew(89)) - 66a7ded9-d93a-47d1-9f2c-98e6bd60743c: addNew group-E490C312537B:[66a7ded9-d93a-47d1-9f2c-98e6bd60743c:192.168.69.104:33517, 9aea6155-db32-4c39-a652-41f8decfc52c:192.168.69.104:40482, 92f35af7-27d9-4e2d-a282-1637ac15099d:192.168.69.104:34703] returns group-E490C312537B:java.util.concurrent.CompletableFuture@328d5e64[Not completed]
2019-09-04 09:33:19,836 [grpc-default-executor-4] INFO  impl.RaftServerProxy (RaftServerProxy.java:addNew(89)) - 9aea6155-db32-4c39-a652-41f8decfc52c: addNew group-E490C312537B:[66a7ded9-d93a-47d1-9f2c-98e6bd60743c:192.168.69.104:33517, 9aea6155-db32-4c39-a652-41f8decfc52c:192.168.69.104:40482, 92f35af7-27d9-4e2d-a282-1637ac15099d:192.168.69.104:34703] returns group-E490C312537B:java.util.concurrent.CompletableFuture@79e3aa8f[Not completed]
2019-09-04 09:33:19,836 [grpc-default-executor-3] INFO  impl.RaftServerProxy (RaftServerProxy.java:addNew(89)) - 92f35af7-27d9-4e2d-a282-1637ac15099d: addNew group-E490C312537B:[66a7ded9-d93a-47d1-9f2c-98e6bd60743c:192.168.69.104:33517, 9aea6155-db32-4c39-a652-41f8decfc52c:192.168.69.104:40482, 92f35af7-27d9-4e2d-a282-1637ac15099d:192.168.69.104:34703] returns group-E490C312537B:java.util.concurrent.CompletableFuture@1f9776ff[Not completed]
2019-09-04 09:33:19,836 [pool-411-thread-1] INFO  impl.RaftServerImpl (RaftServerImpl.java:<init>(93)) - 66a7ded9-d93a-47d1-9f2c-98e6bd60743c: new RaftServerImpl for group-E490C312537B:[66a7ded9-d93a-47d1-9f2c-98e6bd60743c:192.168.69.104:33517, 9aea6155-db32-4c39-a652-41f8decfc52c:192.168.69.104:40482, 92f35af7-27d9-4e2d-a282-1637ac15099d:192.168.69.104:34703] with ContainerStateMachine:uninitialized
2019-09-04 09:33:19,837 [pool-411-thread-1] INFO  server.RaftServerConfigKeys (ConfUtils.java:logGet(43)) - raft.server.rpc.timeout.min = 5s (custom)
2019-09-04 09:33:19,837 [pool-433-thread-1] INFO  impl.RaftServerImpl (RaftServerImpl.java:<init>(93)) - 9aea6155-db32-4c39-a652-41f8decfc52c: new RaftServerImpl for group-E490C312537B:[66a7ded9-d93a-47d1-9f2c-98e6bd60743c:192.168.69.104:33517, 9aea6155-db32-4c39-a652-41f8decfc52c:192.168.69.104:40482, 92f35af7-27d9-4e2d-a282-1637ac15099d:192.168.69.104:34703] with ContainerStateMachine:uninitialized
2019-09-04 09:33:19,837 [pool-411-thread-1] INFO  server.RaftServerConfigKeys (ConfUtils.java:logGet(43)) - raft.server.rpc.timeout.max = 5200ms (custom)
2019-09-04 09:33:19,837 [pool-433-thread-1] INFO  server.RaftServerConfigKeys (ConfUtils.java:logGet(43)) - raft.server.rpc.timeout.min = 5s (custom)
2019-09-04 09:33:19,837 [pool-422-thread-1] INFO  impl.RaftServerImpl (RaftServerImpl.java:<init>(93)) - 92f35af7-27d9-4e2d-a282-1637ac15099d: new RaftServerImpl for group-E490C312537B:[66a7ded9-d93a-47d1-9f2c-98e6bd60743c:192.168.69.104:33517, 9aea6155-db32-4c39-a652-41f8decfc52c:192.168.69.104:40482, 92f35af7-27d9-4e2d-a282-1637ac15099d:192.168.69.104:34703] with ContainerStateMachine:uninitialized
2019-09-04 09:33:19,837 [pool-411-thread-1] INFO  server.RaftServerConfigKeys (ConfUtils.java:logGet(43)) - raft.server.rpcslowness.timeout = 120s (custom)
2019-09-04 09:33:19,837 [pool-422-thread-1] INFO  server.RaftServerConfigKeys (ConfUtils.java:logGet(43)) - raft.server.rpc.timeout.min = 5s (custom)
2019-09-04 09:33:19,837 [pool-433-thread-1] INFO  server.RaftServerConfigKeys (ConfUtils.java:logGet(43)) - raft.server.rpc.timeout.max = 5200ms (custom)
2019-09-04 09:33:19,837 [pool-422-thread-1] INFO  server.RaftServerConfigKeys (ConfUtils.java:logGet(43)) - raft.server.rpc.timeout.max = 5200ms (custom)
2019-09-04 09:33:19,837 [pool-411-thread-1] INFO  server.RaftServerConfigKeys (ConfUtils.java:logGet(43)) - raft.server.sleep.deviation.threshold = 300 (default)
2019-09-04 09:33:19,837 [pool-422-thread-1] INFO  server.RaftServerConfigKeys (ConfUtils.java:logGet(43)) - raft.server.rpcslowness.timeout = 120s (custom)
2019-09-04 09:33:19,837 [pool-433-thread-1] INFO  server.RaftServerConfigKeys (ConfUtils.java:logGet(43)) - raft.server.rpcslowness.timeout = 120s (custom)
2019-09-04 09:33:19,837 [pool-422-thread-1] INFO  server.RaftServerConfigKeys (ConfUtils.java:logGet(43)) - raft.server.sleep.deviation.threshold = 300 (default)
2019-09-04 09:33:19,837 [pool-411-thread-1] INFO  server.RaftServerConfigKeys (ConfUtils.java:logGet(43)) - raft.server.log.appender.install.snapshot.enabled = false (custom)
2019-09-04 09:33:19,838 [pool-422-thread-1] INFO  server.RaftServerConfigKeys (ConfUtils.java:logGet(43)) - raft.server.log.appender.install.snapshot.enabled = false (custom)
2019-09-04 09:33:19,838 [pool-433-thread-1] INFO  server.RaftServerConfigKeys (ConfUtils.java:logGet(43)) - raft.server.sleep.deviation.threshold = 300 (default)
2019-09-04 09:33:19,838 [pool-422-thread-1] INFO  impl.RaftServerImpl (ServerState.java:<init>(105)) - 92f35af7-27d9-4e2d-a282-1637ac15099d:group-E490C312537B ConfigurationManager, init=-1: [66a7ded9-d93a-47d1-9f2c-98e6bd60743c:192.168.69.104:33517, 9aea6155-db32-4c39-a652-41f8decfc52c:192.168.69.104:40482, 92f35af7-27d9-4e2d-a282-1637ac15099d:192.168.69.104:34703], old=null, confs=<EMPTY_MAP>
2019-09-04 09:33:19,838 [pool-411-thread-1] INFO  impl.RaftServerImpl (ServerState.java:<init>(105)) - 66a7ded9-d93a-47d1-9f2c-98e6bd60743c:group-E490C312537B ConfigurationManager, init=-1: [66a7ded9-d93a-47d1-9f2c-98e6bd60743c:192.168.69.104:33517, 9aea6155-db32-4c39-a652-41f8decfc52c:192.168.69.104:40482, 92f35af7-27d9-4e2d-a282-1637ac15099d:192.168.69.104:34703], old=null, confs=<EMPTY_MAP>
2019-09-04 09:33:19,838 [pool-422-thread-1] INFO  server.RaftServerConfigKeys (ConfUtils.java:logGet(43)) - raft.server.storage.dir = [/workdir/hadoop-ozone/integration-test/target/test-dir/MiniOzoneClusterImpl-73d646de-bab2-44de-aaf3-9281ad245be8/datanode-1/data/ratis] (custom)
2019-09-04 09:33:19,838 [pool-433-thread-1] INFO  server.RaftServerConfigKeys (ConfUtils.java:logGet(43)) - raft.server.log.appender.install.snapshot.enabled = false (custom)
2019-09-04 09:33:19,838 [pool-411-thread-1] INFO  server.RaftServerConfigKeys (ConfUtils.java:logGet(43)) - raft.server.storage.dir = [/workdir/hadoop-ozone/integration-test/target/test-dir/MiniOzoneClusterImpl-73d646de-bab2-44de-aaf3-9281ad245be8/datanode-0/data/ratis] (custom)
2019-09-04 09:33:19,838 [pool-433-thread-1] INFO  impl.RaftServerImpl (ServerState.java:<init>(105)) - 9aea6155-db32-4c39-a652-41f8decfc52c:group-E490C312537B ConfigurationManager, init=-1: [66a7ded9-d93a-47d1-9f2c-98e6bd60743c:192.168.69.104:33517, 9aea6155-db32-4c39-a652-41f8decfc52c:192.168.69.104:40482, 92f35af7-27d9-4e2d-a282-1637ac15099d:192.168.69.104:34703], old=null, confs=<EMPTY_MAP>
2019-09-04 09:33:19,838 [pool-422-thread-1] INFO  storage.RaftStorageDirectory (RaftStorageDirectory.java:analyzeStorage(246)) - The storage directory /workdir/hadoop-ozone/integration-test/target/test-dir/MiniOzoneClusterImpl-73d646de-bab2-44de-aaf3-9281ad245be8/datanode-1/data/ratis/e56e152c-b012-4d21-a224-e490c312537b does not exist. Creating ...
2019-09-04 09:33:19,838 [pool-433-thread-1] INFO  server.RaftServerConfigKeys (ConfUtils.java:logGet(43)) - raft.server.storage.dir = [/workdir/hadoop-ozone/integration-test/target/test-dir/MiniOzoneClusterImpl-73d646de-bab2-44de-aaf3-9281ad245be8/datanode-2/data/ratis] (custom)
2019-09-04 09:33:19,838 [pool-411-thread-1] INFO  storage.RaftStorageDirectory (RaftStorageDirectory.java:analyzeStorage(246)) - The storage directory /workdir/hadoop-ozone/integration-test/target/test-dir/MiniOzoneClusterImpl-73d646de-bab2-44de-aaf3-9281ad245be8/datanode-0/data/ratis/e56e152c-b012-4d21-a224-e490c312537b does not exist. Creating ...
2019-09-04 09:33:19,839 [pool-433-thread-1] INFO  storage.RaftStorageDirectory (RaftStorageDirectory.java:analyzeStorage(246)) - The storage directory /workdir/hadoop-ozone/integration-test/target/test-dir/MiniOzoneClusterImpl-73d646de-bab2-44de-aaf3-9281ad245be8/datanode-2/data/ratis/e56e152c-b012-4d21-a224-e490c312537b does not exist. Creating ...
2019-09-04 09:33:19,853 [pool-422-thread-1] INFO  storage.RaftStorageDirectory (RaftStorageDirectory.java:tryLock(328)) - Lock on /workdir/hadoop-ozone/integration-test/target/test-dir/MiniOzoneClusterImpl-73d646de-bab2-44de-aaf3-9281ad245be8/datanode-1/data/ratis/e56e152c-b012-4d21-a224-e490c312537b/in_use.lock acquired by nodename 26477@pr-hdds-1569-dvkr5-2373193410
2019-09-04 09:33:19,853 [pool-411-thread-1] INFO  storage.RaftStorageDirectory (RaftStorageDirectory.java:tryLock(328)) - Lock on /workdir/hadoop-ozone/integration-test/target/test-dir/MiniOzoneClusterImpl-73d646de-bab2-44de-aaf3-9281ad245be8/datanode-0/data/ratis/e56e152c-b012-4d21-a224-e490c312537b/in_use.lock acquired by nodename 26477@pr-hdds-1569-dvkr5-2373193410
2019-09-04 09:33:19,853 [pool-433-thread-1] INFO  storage.RaftStorageDirectory (RaftStorageDirectory.java:tryLock(328)) - Lock on /workdir/hadoop-ozone/integration-test/target/test-dir/MiniOzoneClusterImpl-73d646de-bab2-44de-aaf3-9281ad245be8/datanode-2/data/ratis/e56e152c-b012-4d21-a224-e490c312537b/in_use.lock acquired by nodename 26477@pr-hdds-1569-dvkr5-2373193410
2019-09-04 09:33:19,862 [pool-433-thread-1] INFO  storage.RaftStorage (RaftStorage.java:format(72)) - Storage directory /workdir/hadoop-ozone/integration-test/target/test-dir/MiniOzoneClusterImpl-73d646de-bab2-44de-aaf3-9281ad245be8/datanode-2/data/ratis/e56e152c-b012-4d21-a224-e490c312537b has been successfully formatted.
2019-09-04 09:33:19,862 [pool-411-thread-1] INFO  storage.RaftStorage (RaftStorage.java:format(72)) - Storage directory /workdir/hadoop-ozone/integration-test/target/test-dir/MiniOzoneClusterImpl-73d646de-bab2-44de-aaf3-9281ad245be8/datanode-0/data/ratis/e56e152c-b012-4d21-a224-e490c312537b has been successfully formatted.
2019-09-04 09:33:19,862 [pool-422-thread-1] INFO  storage.RaftStorage (RaftStorage.java:format(72)) - Storage directory /workdir/hadoop-ozone/integration-test/target/test-dir/MiniOzoneClusterImpl-73d646de-bab2-44de-aaf3-9281ad245be8/datanode-1/data/ratis/e56e152c-b012-4d21-a224-e490c312537b has been successfully formatted.
2019-09-04 09:33:19,863 [pool-433-thread-1] INFO  ratis.ContainerStateMachine (ContainerStateMachine.java:loadSnapshot(226)) - group-E490C312537B: The snapshot info is null. Setting the last applied indexto:(t:0, i:~)
2019-09-04 09:33:19,863 [pool-422-thread-1] INFO  ratis.ContainerStateMachine (ContainerStateMachine.java:loadSnapshot(226)) - group-E490C312537B: The snapshot info is null. Setting the last applied indexto:(t:0, i:~)
2019-09-04 09:33:19,863 [pool-411-thread-1] INFO  ratis.ContainerStateMachine (ContainerStateMachine.java:loadSnapshot(226)) - group-E490C312537B: The snapshot info is null. Setting the last applied indexto:(t:0, i:~)
2019-09-04 09:33:19,863 [pool-422-thread-1] INFO  server.RaftServerConfigKeys (ConfUtils.java:logGet(43)) - raft.server.leader.election.timeout = 120s (custom)
2019-09-04 09:33:19,863 [pool-433-thread-1] INFO  server.RaftServerConfigKeys (ConfUtils.java:logGet(43)) - raft.server.leader.election.timeout = 120s (custom)
2019-09-04 09:33:19,863 [pool-422-thread-1] INFO  server.RaftServerConfigKeys (ConfUtils.java:logGet(43)) - raft.server.log.use.memory = false (default)
2019-09-04 09:33:19,863 [pool-411-thread-1] INFO  server.RaftServerConfigKeys (ConfUtils.java:logGet(43)) - raft.server.leader.election.timeout = 120s (custom)
2019-09-04 09:33:19,863 [pool-422-thread-1] INFO  server.RaftServerConfigKeys (ConfUtils.java:logGet(43)) - raft.server.log.purge.gap = 1000000 (custom)
2019-09-04 09:33:19,863 [pool-433-thread-1] INFO  server.RaftServerConfigKeys (ConfUtils.java:logGet(43)) - raft.server.log.use.memory = false (default)
2019-09-04 09:33:19,863 [pool-422-thread-1] INFO  server.RaftServerConfigKeys (ConfUtils.java:logGet(43)) - raft.server.log.appender.buffer.byte-limit = 33554432 (custom)
2019-09-04 09:33:19,863 [pool-411-thread-1] INFO  server.RaftServerConfigKeys (ConfUtils.java:logGet(43)) - raft.server.log.use.memory = false (default)
2019-09-04 09:33:19,864 [pool-422-thread-1] INFO  server.RaftServerConfigKeys (ConfUtils.java:logGet(43)) - raft.server.log.segment.size.max = 1048576 (custom)
2019-09-04 09:33:19,864 [pool-433-thread-1] INFO  server.RaftServerConfigKeys (ConfUtils.java:logGet(43)) - raft.server.log.purge.gap = 1000000 (custom)
2019-09-04 09:33:19,864 [pool-422-thread-1] INFO  server.RaftServerConfigKeys (ConfUtils.java:logGet(43)) - raft.server.log.segment.cache.num.max = 2 (custom)
2019-09-04 09:33:19,864 [pool-411-thread-1] INFO  server.RaftServerConfigKeys (ConfUtils.java:logGet(43)) - raft.server.log.purge.gap = 1000000 (custom)
2019-09-04 09:33:19,864 [pool-422-thread-1] INFO  segmented.SegmentedRaftLogWorker (SegmentedRaftLogWorker.java:<init>(172)) - new 92f35af7-27d9-4e2d-a282-1637ac15099d-SegmentedRaftLogWorker:Storage Directory /workdir/hadoop-ozone/integration-test/target/test-dir/MiniOzoneClusterImpl-73d646de-bab2-44de-aaf3-9281ad245be8/datanode-1/data/ratis/e56e152c-b012-4d21-a224-e490c312537b for RaftStorage:Storage Directory /workdir/hadoop-ozone/integration-test/target/test-dir/MiniOzoneClusterImpl-73d646de-bab2-44de-aaf3-9281ad245be8/datanode-1/data/ratis/e56e152c-b012-4d21-a224-e490c312537b
2019-09-04 09:33:19,864 [pool-433-thread-1] INFO  server.RaftServerConfigKeys (ConfUtils.java:logGet(43)) - raft.server.log.appender.buffer.byte-limit = 33554432 (custom)
2019-09-04 09:33:19,864 [pool-422-thread-1] INFO  server.RaftServerConfigKeys (ConfUtils.java:logGet(43)) - raft.server.log.queue.byte-limit = 2147483647 (custom)
2019-09-04 09:33:19,864 [pool-411-thread-1] INFO  server.RaftServerConfigKeys (ConfUtils.java:logGet(43)) - raft.server.log.appender.buffer.byte-limit = 33554432 (custom)
2019-09-04 09:33:19,864 [pool-422-thread-1] INFO  server.RaftServerConfigKeys (ConfUtils.java:logGet(43)) - raft.server.log.queue.element-limit = 1024 (custom)
2019-09-04 09:33:19,864 [pool-433-thread-1] INFO  server.RaftServerConfigKeys (ConfUtils.java:logGet(43)) - raft.server.log.segment.size.max = 1048576 (custom)
2019-09-04 09:33:19,864 [pool-422-thread-1] INFO  server.RaftServerConfigKeys (ConfUtils.java:logGet(43)) - raft.server.log.segment.size.max = 1048576 (custom)
2019-09-04 09:33:19,864 [pool-411-thread-1] INFO  server.RaftServerConfigKeys (ConfUtils.java:logGet(43)) - raft.server.log.segment.size.max = 1048576 (custom)
2019-09-04 09:33:19,865 [pool-422-thread-1] INFO  server.RaftServerConfigKeys (ConfUtils.java:logGet(43)) - raft.server.log.preallocated.size = 16384 (custom)
2019-09-04 09:33:19,865 [pool-433-thread-1] INFO  server.RaftServerConfigKeys (ConfUtils.java:logGet(43)) - raft.server.log.segment.cache.num.max = 2 (custom)
2019-09-04 09:33:19,865 [pool-422-thread-1] INFO  server.RaftServerConfigKeys (ConfUtils.java:logGet(43)) - raft.server.log.write.buffer.size = 33554432 (custom)
2019-09-04 09:33:19,865 [pool-411-thread-1] INFO  server.RaftServerConfigKeys (ConfUtils.java:logGet(43)) - raft.server.log.segment.cache.num.max = 2 (custom)
2019-09-04 09:33:19,865 [pool-422-thread-1] INFO  server.RaftServerConfigKeys (ConfUtils.java:logGet(43)) - raft.server.log.force.sync.num = 128 (default)
2019-09-04 09:33:19,865 [pool-433-thread-1] INFO  segmented.SegmentedRaftLogWorker (SegmentedRaftLogWorker.java:<init>(172)) - new 9aea6155-db32-4c39-a652-41f8decfc52c-SegmentedRaftLogWorker:Storage Directory /workdir/hadoop-ozone/integration-test/target/test-dir/MiniOzoneClusterImpl-73d646de-bab2-44de-aaf3-9281ad245be8/datanode-2/data/ratis/e56e152c-b012-4d21-a224-e490c312537b for RaftStorage:Storage Directory /workdir/hadoop-ozone/integration-test/target/test-dir/MiniOzoneClusterImpl-73d646de-bab2-44de-aaf3-9281ad245be8/datanode-2/data/ratis/e56e152c-b012-4d21-a224-e490c312537b
2019-09-04 09:33:19,865 [pool-422-thread-1] INFO  server.RaftServerConfigKeys (ConfUtils.java:logGet(43)) - raft.server.log.statemachine.data.sync = true (default)
2019-09-04 09:33:19,865 [pool-411-thread-1] INFO  segmented.SegmentedRaftLogWorker (SegmentedRaftLogWorker.java:<init>(172)) - new 66a7ded9-d93a-47d1-9f2c-98e6bd60743c-SegmentedRaftLogWorker:Storage Directory /workdir/hadoop-ozone/integration-test/target/test-dir/MiniOzoneClusterImpl-73d646de-bab2-44de-aaf3-9281ad245be8/datanode-0/data/ratis/e56e152c-b012-4d21-a224-e490c312537b for RaftStorage:Storage Directory /workdir/hadoop-ozone/integration-test/target/test-dir/MiniOzoneClusterImpl-73d646de-bab2-44de-aaf3-9281ad245be8/datanode-0/data/ratis/e56e152c-b012-4d21-a224-e490c312537b
2019-09-04 09:33:19,865 [pool-422-thread-1] INFO  server.RaftServerConfigKeys (ConfUtils.java:logGet(43)) - raft.server.log.statemachine.data.sync.timeout = 10s (default)
2019-09-04 09:33:19,865 [pool-433-thread-1] INFO  server.RaftServerConfigKeys (ConfUtils.java:logGet(43)) - raft.server.log.queue.byte-limit = 2147483647 (custom)
2019-09-04 09:33:19,865 [pool-422-thread-1] INFO  server.RaftServerConfigKeys (ConfUtils.java:logGet(43)) - raft.server.log.statemachine.data.sync.timeout.retry = -1 (default)
2019-09-04 09:33:19,865 [pool-411-thread-1] INFO  server.RaftServerConfigKeys (ConfUtils.java:logGet(43)) - raft.server.log.queue.byte-limit = 2147483647 (custom)
2019-09-04 09:33:19,866 [pool-422-thread-1] INFO  server.RaftServerConfigKeys (ConfUtils.java:logGet(43)) - raft.server.log.statemachine.data.caching.enabled = true (custom)
2019-09-04 09:33:19,866 [pool-433-thread-1] INFO  server.RaftServerConfigKeys (ConfUtils.java:logGet(43)) - raft.server.log.queue.element-limit = 1024 (custom)
2019-09-04 09:33:19,866 [pool-411-thread-1] INFO  server.RaftServerConfigKeys (ConfUtils.java:logGet(43)) - raft.server.log.queue.element-limit = 1024 (custom)
2019-09-04 09:33:19,866 [pool-422-thread-1] INFO  segmented.SegmentedRaftLogWorker (SegmentedRaftLogWorker.java:lambda$new$0(132)) - 92f35af7-27d9-4e2d-a282-1637ac15099d-SegmentedRaftLogWorker:Storage Directory /workdir/hadoop-ozone/integration-test/target/test-dir/MiniOzoneClusterImpl-73d646de-bab2-44de-aaf3-9281ad245be8/datanode-1/data/ratis/e56e152c-b012-4d21-a224-e490c312537b: flushIndex: setUnconditionally 0 -> -1
2019-09-04 09:33:19,866 [pool-433-thread-1] INFO  server.RaftServerConfigKeys (ConfUtils.java:logGet(43)) - raft.server.log.segment.size.max = 1048576 (custom)
2019-09-04 09:33:19,866 [pool-411-thread-1] INFO  server.RaftServerConfigKeys (ConfUtils.java:logGet(43)) - raft.server.log.segment.size.max = 1048576 (custom)
2019-09-04 09:33:19,866 [pool-422-thread-1] INFO  server.RaftServerConfigKeys (ConfUtils.java:logGet(43)) - raft.server.snapshot.auto.trigger.enabled = true (custom)
2019-09-04 09:33:19,866 [pool-411-thread-1] INFO  server.RaftServerConfigKeys (ConfUtils.java:logGet(43)) - raft.server.log.preallocated.size = 16384 (custom)
2019-09-04 09:33:19,866 [pool-433-thread-1] INFO  server.RaftServerConfigKeys (ConfUtils.java:logGet(43)) - raft.server.log.preallocated.size = 16384 (custom)
2019-09-04 09:33:19,866 [pool-411-thread-1] INFO  server.RaftServerConfigKeys (ConfUtils.java:logGet(43)) - raft.server.log.write.buffer.size = 33554432 (custom)
2019-09-04 09:33:19,866 [pool-422-thread-1] INFO  server.RaftServerConfigKeys (ConfUtils.java:logGet(43)) - raft.server.snapshot.auto.trigger.threshold = 10000 (custom)
2019-09-04 09:33:19,867 [pool-411-thread-1] INFO  server.RaftServerConfigKeys (ConfUtils.java:logGet(43)) - raft.server.log.force.sync.num = 128 (default)
2019-09-04 09:33:19,866 [pool-433-thread-1] INFO  server.RaftServerConfigKeys (ConfUtils.java:logGet(43)) - raft.server.log.write.buffer.size = 33554432 (custom)
2019-09-04 09:33:19,867 [pool-411-thread-1] INFO  server.RaftServerConfigKeys (ConfUtils.java:logGet(43)) - raft.server.log.statemachine.data.sync = true (default)
2019-09-04 09:33:19,867 [pool-422-thread-1] INFO  server.RaftServerConfigKeys (ConfUtils.java:logGet(43)) - raft.server.retrycache.expirytime = 600000ms (custom)
2019-09-04 09:33:19,867 [pool-411-thread-1] INFO  server.RaftServerConfigKeys (ConfUtils.java:logGet(43)) - raft.server.log.statemachine.data.sync.timeout = 10s (default)
2019-09-04 09:33:19,867 [pool-433-thread-1] INFO  server.RaftServerConfigKeys (ConfUtils.java:logGet(43)) - raft.server.log.force.sync.num = 128 (default)
2019-09-04 09:33:19,867 [pool-411-thread-1] INFO  server.RaftServerConfigKeys (ConfUtils.java:logGet(43)) - raft.server.log.statemachine.data.sync.timeout.retry = -1 (default)
2019-09-04 09:33:19,867 [pool-422-thread-1] INFO  impl.RaftServerImpl (RaftServerImpl.java:start(180)) - 92f35af7-27d9-4e2d-a282-1637ac15099d: start group-E490C312537B
2019-09-04 09:33:19,867 [pool-411-thread-1] INFO  server.RaftServerConfigKeys (ConfUtils.java:logGet(43)) - raft.server.log.statemachine.data.caching.enabled = true (custom)
2019-09-04 09:33:19,867 [pool-433-thread-1] INFO  server.RaftServerConfigKeys (ConfUtils.java:logGet(43)) - raft.server.log.statemachine.data.sync = true (default)
2019-09-04 09:33:19,867 [pool-422-thread-1] INFO  impl.RaftServerImpl (RaftServerImpl.java:setRole(171)) - 92f35af7-27d9-4e2d-a282-1637ac15099d:group-E490C312537B changes role from null to FOLLOWER at term 0 for startAsFollower
2019-09-04 09:33:19,867 [pool-433-thread-1] INFO  server.RaftServerConfigKeys (ConfUtils.java:logGet(43)) - raft.server.log.statemachine.data.sync.timeout = 10s (default)
2019-09-04 09:33:19,867 [pool-411-thread-1] INFO  segmented.SegmentedRaftLogWorker (SegmentedRaftLogWorker.java:lambda$new$0(132)) - 66a7ded9-d93a-47d1-9f2c-98e6bd60743c-SegmentedRaftLogWorker:Storage Directory /workdir/hadoop-ozone/integration-test/target/test-dir/MiniOzoneClusterImpl-73d646de-bab2-44de-aaf3-9281ad245be8/datanode-0/data/ratis/e56e152c-b012-4d21-a224-e490c312537b: flushIndex: setUnconditionally 0 -> -1
2019-09-04 09:33:19,868 [pool-433-thread-1] INFO  server.RaftServerConfigKeys (ConfUtils.java:logGet(43)) - raft.server.log.statemachine.data.sync.timeout.retry = -1 (default)
2019-09-04 09:33:19,868 [pool-422-thread-1] INFO  impl.RoleInfo (RoleInfo.java:updateAndGet(143)) - 92f35af7-27d9-4e2d-a282-1637ac15099d: start FollowerState
2019-09-04 09:33:19,868 [pool-411-thread-1] INFO  server.RaftServerConfigKeys (ConfUtils.java:logGet(43)) - raft.server.snapshot.auto.trigger.enabled = true (custom)
2019-09-04 09:33:19,868 [pool-433-thread-1] INFO  server.RaftServerConfigKeys (ConfUtils.java:logGet(43)) - raft.server.log.statemachine.data.caching.enabled = true (custom)
2019-09-04 09:33:19,868 [pool-411-thread-1] INFO  server.RaftServerConfigKeys (ConfUtils.java:logGet(43)) - raft.server.snapshot.auto.trigger.threshold = 10000 (custom)
2019-09-04 09:33:19,868 [pool-422-thread-1] INFO  util.JmxRegister (JmxRegister.java:tryRegister(44)) - Successfully registered JMX Bean with object name Ratis:service=RaftServer,group=group-E490C312537B,id=92f35af7-27d9-4e2d-a282-1637ac15099d
2019-09-04 09:33:19,868 [pool-411-thread-1] INFO  server.RaftServerConfigKeys (ConfUtils.java:logGet(43)) - raft.server.retrycache.expirytime = 600000ms (custom)
2019-09-04 09:33:19,868 [pool-433-thread-1] INFO  segmented.SegmentedRaftLogWorker (SegmentedRaftLogWorker.java:lambda$new$0(132)) - 9aea6155-db32-4c39-a652-41f8decfc52c-SegmentedRaftLogWorker:Storage Directory /workdir/hadoop-ozone/integration-test/target/test-dir/MiniOzoneClusterImpl-73d646de-bab2-44de-aaf3-9281ad245be8/datanode-2/data/ratis/e56e152c-b012-4d21-a224-e490c312537b: flushIndex: setUnconditionally 0 -> -1
2019-09-04 09:33:19,868 [pool-411-thread-1] INFO  impl.RaftServerImpl (RaftServerImpl.java:start(180)) - 66a7ded9-d93a-47d1-9f2c-98e6bd60743c: start group-E490C312537B
2019-09-04 09:33:19,868 [pool-411-thread-1] INFO  impl.RaftServerImpl (RaftServerImpl.java:setRole(171)) - 66a7ded9-d93a-47d1-9f2c-98e6bd60743c:group-E490C312537B changes role from null to FOLLOWER at term 0 for startAsFollower
2019-09-04 09:33:19,869 [pool-411-thread-1] INFO  impl.RoleInfo (RoleInfo.java:updateAndGet(143)) - 66a7ded9-d93a-47d1-9f2c-98e6bd60743c: start FollowerState
2019-09-04 09:33:19,869 [pool-433-thread-1] INFO  server.RaftServerConfigKeys (ConfUtils.java:logGet(43)) - raft.server.snapshot.auto.trigger.enabled = true (custom)
2019-09-04 09:33:19,869 [pool-433-thread-1] INFO  server.RaftServerConfigKeys (ConfUtils.java:logGet(43)) - raft.server.snapshot.auto.trigger.threshold = 10000 (custom)
2019-09-04 09:33:19,869 [pool-433-thread-1] INFO  server.RaftServerConfigKeys (ConfUtils.java:logGet(43)) - raft.server.retrycache.expirytime = 600000ms (custom)
2019-09-04 09:33:19,869 [pool-411-thread-1] INFO  util.JmxRegister (JmxRegister.java:tryRegister(44)) - Successfully registered JMX Bean with object name Ratis:service=RaftServer,group=group-E490C312537B,id=66a7ded9-d93a-47d1-9f2c-98e6bd60743c
2019-09-04 09:33:19,869 [pool-433-thread-1] INFO  impl.RaftServerImpl (RaftServerImpl.java:start(180)) - 9aea6155-db32-4c39-a652-41f8decfc52c: start group-E490C312537B
2019-09-04 09:33:19,869 [pool-433-thread-1] INFO  impl.RaftServerImpl (RaftServerImpl.java:setRole(171)) - 9aea6155-db32-4c39-a652-41f8decfc52c:group-E490C312537B changes role from null to FOLLOWER at term 0 for startAsFollower
2019-09-04 09:33:19,869 [pool-433-thread-1] INFO  impl.RoleInfo (RoleInfo.java:updateAndGet(143)) - 9aea6155-db32-4c39-a652-41f8decfc52c: start FollowerState
2019-09-04 09:33:19,869 [pool-433-thread-1] INFO  util.JmxRegister (JmxRegister.java:tryRegister(44)) - Successfully registered JMX Bean with object name Ratis:service=RaftServer,group=group-E490C312537B,id=9aea6155-db32-4c39-a652-41f8decfc52c
2019-09-04 09:33:19,871 [RatisPipelineUtilsThread] INFO  pipeline.PipelineStateManager (PipelineStateManager.java:addPipeline(56)) - Created pipeline Pipeline[ Id: e56e152c-b012-4d21-a224-e490c312537b, Nodes: 66a7ded9-d93a-47d1-9f2c-98e6bd60743c{ip: 192.168.69.104, host: pr-hdds-1569-dvkr5-2373193410, networkLocation: /default-rack, certSerialId: null}92f35af7-27d9-4e2d-a282-1637ac15099d{ip: 192.168.69.104, host: pr-hdds-1569-dvkr5-2373193410, networkLocation: /default-rack, certSerialId: null}9aea6155-db32-4c39-a652-41f8decfc52c{ip: 192.168.69.104, host: pr-hdds-1569-dvkr5-2373193410, networkLocation: /default-rack, certSerialId: null}, Type:RATIS, Factor:THREE, State:OPEN]
2019-09-04 09:33:19,907 | INFO  | SCMAudit | user=jenkins1000 | ip=192.168.69.104 | op=SEND_HEARTBEAT {datanodeUUID=fee90ff4-ae5b-4370-9a2e-b45e68f319a2, command=[]} | ret=SUCCESS |  
2019-09-04 09:33:19,920 [IPC Server handler 5 on 37997] INFO  net.NetworkTopology (NetworkTopologyImpl.java:add(110)) - Added a new node: /default-rack/84b2a6df-5e5e-4a0f-9979-9c338bba01d8
2019-09-04 09:33:19,920 [IPC Server handler 5 on 37997] INFO  node.SCMNodeManager (SCMNodeManager.java:register(273)) - Registered Data node : 84b2a6df-5e5e-4a0f-9979-9c338bba01d8{ip: 192.168.69.104, host: pr-hdds-1569-dvkr5-2373193410, networkLocation: /default-rack, certSerialId: null}
2019-09-04 09:33:19,925 | INFO  | SCMAudit | user=jenkins1000 | ip=192.168.69.104 | op=REGISTER {datanodeDetails=84b2a6df-5e5e-4a0f-9979-9c338bba01d8{ip: 192.168.69.104, host: pr-hdds-1569-dvkr5-2373193410, networkLocation: /default-rack, certSerialId: null}} | ret=SUCCESS |  
2019-09-04 09:33:19,934 [grpc-default-executor-3] INFO  impl.RaftServerProxy (RaftServerProxy.java:addNew(89)) - 84b2a6df-5e5e-4a0f-9979-9c338bba01d8: addNew group-55A1AC6C6BAB:[84b2a6df-5e5e-4a0f-9979-9c338bba01d8:192.168.69.104:38895] returns group-55A1AC6C6BAB:java.util.concurrent.CompletableFuture@7d2776e[Not completed]
2019-09-04 09:33:19,935 [pool-444-thread-1] INFO  impl.RaftServerImpl (RaftServerImpl.java:<init>(93)) - 84b2a6df-5e5e-4a0f-9979-9c338bba01d8: new RaftServerImpl for group-55A1AC6C6BAB:[84b2a6df-5e5e-4a0f-9979-9c338bba01d8:192.168.69.104:38895] with ContainerStateMachine:uninitialized
2019-09-04 09:33:19,935 [pool-444-thread-1] INFO  server.RaftServerConfigKeys (ConfUtils.java:logGet(43)) - raft.server.rpc.timeout.min = 5s (custom)
2019-09-04 09:33:19,935 [pool-444-thread-1] INFO  server.RaftServerConfigKeys (ConfUtils.java:logGet(43)) - raft.server.rpc.timeout.max = 5200ms (custom)
2019-09-04 09:33:19,935 [pool-444-thread-1] INFO  server.RaftServerConfigKeys (ConfUtils.java:logGet(43)) - raft.server.rpcslowness.timeout = 120s (custom)
2019-09-04 09:33:19,935 [pool-444-thread-1] INFO  server.RaftServerConfigKeys (ConfUtils.java:logGet(43)) - raft.server.sleep.deviation.threshold = 300 (default)
2019-09-04 09:33:19,935 [pool-444-thread-1] INFO  server.RaftServerConfigKeys (ConfUtils.java:logGet(43)) - raft.server.log.appender.install.snapshot.enabled = false (custom)
2019-09-04 09:33:19,935 [pool-444-thread-1] INFO  impl.RaftServerImpl (ServerState.java:<init>(105)) - 84b2a6df-5e5e-4a0f-9979-9c338bba01d8:group-55A1AC6C6BAB ConfigurationManager, init=-1: [84b2a6df-5e5e-4a0f-9979-9c338bba01d8:192.168.69.104:38895], old=null, confs=<EMPTY_MAP>
2019-09-04 09:33:19,936 [pool-444-thread-1] INFO  server.RaftServerConfigKeys (ConfUtils.java:logGet(43)) - raft.server.storage.dir = [/workdir/hadoop-ozone/integration-test/target/test-dir/MiniOzoneClusterImpl-73d646de-bab2-44de-aaf3-9281ad245be8/datanode-3/data/ratis] (custom)
2019-09-04 09:33:19,936 [pool-444-thread-1] INFO  storage.RaftStorageDirectory (RaftStorageDirectory.java:analyzeStorage(246)) - The storage directory /workdir/hadoop-ozone/integration-test/target/test-dir/MiniOzoneClusterImpl-73d646de-bab2-44de-aaf3-9281ad245be8/datanode-3/data/ratis/f7896766-37ef-4c2b-8553-55a1ac6c6bab does not exist. Creating ...
2019-09-04 09:33:19,956 [pool-444-thread-1] INFO  storage.RaftStorageDirectory (RaftStorageDirectory.java:tryLock(328)) - Lock on /workdir/hadoop-ozone/integration-test/target/test-dir/MiniOzoneClusterImpl-73d646de-bab2-44de-aaf3-9281ad245be8/datanode-3/data/ratis/f7896766-37ef-4c2b-8553-55a1ac6c6bab/in_use.lock acquired by nodename 26477@pr-hdds-1569-dvkr5-2373193410
2019-09-04 09:33:19,982 [pool-444-thread-1] INFO  storage.RaftStorage (RaftStorage.java:format(72)) - Storage directory /workdir/hadoop-ozone/integration-test/target/test-dir/MiniOzoneClusterImpl-73d646de-bab2-44de-aaf3-9281ad245be8/datanode-3/data/ratis/f7896766-37ef-4c2b-8553-55a1ac6c6bab has been successfully formatted.
2019-09-04 09:33:19,982 [pool-444-thread-1] INFO  ratis.ContainerStateMachine (ContainerStateMachine.java:loadSnapshot(226)) - group-55A1AC6C6BAB: The snapshot info is null. Setting the last applied indexto:(t:0, i:~)
2019-09-04 09:33:19,982 [pool-444-thread-1] INFO  server.RaftServerConfigKeys (ConfUtils.java:logGet(43)) - raft.server.leader.election.timeout = 120s (custom)
2019-09-04 09:33:19,982 [pool-444-thread-1] INFO  server.RaftServerConfigKeys (ConfUtils.java:logGet(43)) - raft.server.log.use.memory = false (default)
2019-09-04 09:33:19,983 [pool-444-thread-1] INFO  server.RaftServerConfigKeys (ConfUtils.java:logGet(43)) - raft.server.log.purge.gap = 1000000 (custom)
2019-09-04 09:33:19,983 [pool-444-thread-1] INFO  server.RaftServerConfigKeys (ConfUtils.java:logGet(43)) - raft.server.log.appender.buffer.byte-limit = 33554432 (custom)
2019-09-04 09:33:19,983 [pool-444-thread-1] INFO  server.RaftServerConfigKeys (ConfUtils.java:logGet(43)) - raft.server.log.segment.size.max = 1048576 (custom)
2019-09-04 09:33:19,983 [pool-444-thread-1] INFO  server.RaftServerConfigKeys (ConfUtils.java:logGet(43)) - raft.server.log.segment.cache.num.max = 2 (custom)
2019-09-04 09:33:19,983 [pool-444-thread-1] INFO  segmented.SegmentedRaftLogWorker (SegmentedRaftLogWorker.java:<init>(172)) - new 84b2a6df-5e5e-4a0f-9979-9c338bba01d8-SegmentedRaftLogWorker:Storage Directory /workdir/hadoop-ozone/integration-test/target/test-dir/MiniOzoneClusterImpl-73d646de-bab2-44de-aaf3-9281ad245be8/datanode-3/data/ratis/f7896766-37ef-4c2b-8553-55a1ac6c6bab for RaftStorage:Storage Directory /workdir/hadoop-ozone/integration-test/target/test-dir/MiniOzoneClusterImpl-73d646de-bab2-44de-aaf3-9281ad245be8/datanode-3/data/ratis/f7896766-37ef-4c2b-8553-55a1ac6c6bab
2019-09-04 09:33:19,983 [pool-444-thread-1] INFO  server.RaftServerConfigKeys (ConfUtils.java:logGet(43)) - raft.server.log.queue.byte-limit = 2147483647 (custom)
2019-09-04 09:33:19,983 [pool-444-thread-1] INFO  server.RaftServerConfigKeys (ConfUtils.java:logGet(43)) - raft.server.log.queue.element-limit = 1024 (custom)
2019-09-04 09:33:19,983 [pool-444-thread-1] INFO  server.RaftServerConfigKeys (ConfUtils.java:logGet(43)) - raft.server.log.segment.size.max = 1048576 (custom)
2019-09-04 09:33:19,984 [pool-444-thread-1] INFO  server.RaftServerConfigKeys (ConfUtils.java:logGet(43)) - raft.server.log.preallocated.size = 16384 (custom)
2019-09-04 09:33:19,984 [pool-444-thread-1] INFO  server.RaftServerConfigKeys (ConfUtils.java:logGet(43)) - raft.server.log.write.buffer.size = 33554432 (custom)
2019-09-04 09:33:19,984 [pool-444-thread-1] INFO  server.RaftServerConfigKeys (ConfUtils.java:logGet(43)) - raft.server.log.force.sync.num = 128 (default)
2019-09-04 09:33:19,984 [pool-444-thread-1] INFO  server.RaftServerConfigKeys (ConfUtils.java:logGet(43)) - raft.server.log.statemachine.data.sync = true (default)
2019-09-04 09:33:19,984 [pool-444-thread-1] INFO  server.RaftServerConfigKeys (ConfUtils.java:logGet(43)) - raft.server.log.statemachine.data.sync.timeout = 10s (default)
2019-09-04 09:33:19,984 [pool-444-thread-1] INFO  server.RaftServerConfigKeys (ConfUtils.java:logGet(43)) - raft.server.log.statemachine.data.sync.timeout.retry = -1 (default)
2019-09-04 09:33:19,984 [pool-444-thread-1] INFO  server.RaftServerConfigKeys (ConfUtils.java:logGet(43)) - raft.server.log.statemachine.data.caching.enabled = true (custom)
2019-09-04 09:33:19,985 [pool-444-thread-1] INFO  segmented.SegmentedRaftLogWorker (SegmentedRaftLogWorker.java:lambda$new$0(132)) - 84b2a6df-5e5e-4a0f-9979-9c338bba01d8-SegmentedRaftLogWorker:Storage Directory /workdir/hadoop-ozone/integration-test/target/test-dir/MiniOzoneClusterImpl-73d646de-bab2-44de-aaf3-9281ad245be8/datanode-3/data/ratis/f7896766-37ef-4c2b-8553-55a1ac6c6bab: flushIndex: setUnconditionally 0 -> -1
2019-09-04 09:33:19,985 [pool-444-thread-1] INFO  server.RaftServerConfigKeys (ConfUtils.java:logGet(43)) - raft.server.snapshot.auto.trigger.enabled = true (custom)
2019-09-04 09:33:19,985 [pool-444-thread-1] INFO  server.RaftServerConfigKeys (ConfUtils.java:logGet(43)) - raft.server.snapshot.auto.trigger.threshold = 10000 (custom)
2019-09-04 09:33:19,985 [pool-444-thread-1] INFO  server.RaftServerConfigKeys (ConfUtils.java:logGet(43)) - raft.server.retrycache.expirytime = 600000ms (custom)
2019-09-04 09:33:19,985 [pool-444-thread-1] INFO  impl.RaftServerImpl (RaftServerImpl.java:start(180)) - 84b2a6df-5e5e-4a0f-9979-9c338bba01d8: start group-55A1AC6C6BAB
2019-09-04 09:33:19,986 [pool-444-thread-1] INFO  impl.RaftServerImpl (RaftServerImpl.java:setRole(171)) - 84b2a6df-5e5e-4a0f-9979-9c338bba01d8:group-55A1AC6C6BAB changes role from null to FOLLOWER at term 0 for startAsFollower
2019-09-04 09:33:19,986 [pool-444-thread-1] INFO  impl.RoleInfo (RoleInfo.java:updateAndGet(143)) - 84b2a6df-5e5e-4a0f-9979-9c338bba01d8: start FollowerState
2019-09-04 09:33:19,986 [pool-444-thread-1] INFO  util.JmxRegister (JmxRegister.java:tryRegister(44)) - Successfully registered JMX Bean with object name Ratis:service=RaftServer,group=group-55A1AC6C6BAB,id=84b2a6df-5e5e-4a0f-9979-9c338bba01d8
2019-09-04 09:33:19,988 [RatisPipelineUtilsThread] INFO  pipeline.PipelineStateManager (PipelineStateManager.java:addPipeline(56)) - Created pipeline Pipeline[ Id: f7896766-37ef-4c2b-8553-55a1ac6c6bab, Nodes: 84b2a6df-5e5e-4a0f-9979-9c338bba01d8{ip: 192.168.69.104, host: pr-hdds-1569-dvkr5-2373193410, networkLocation: /default-rack, certSerialId: null}, Type:RATIS, Factor:ONE, State:OPEN]
2019-09-04 09:33:20,128 [IPC Server handler 0 on 37997] INFO  net.NetworkTopology (NetworkTopologyImpl.java:add(110)) - Added a new node: /default-rack/0769e572-08ab-4ece-a5d6-c2eb5464bcba
2019-09-04 09:33:20,128 [IPC Server handler 0 on 37997] INFO  node.SCMNodeManager (SCMNodeManager.java:register(273)) - Registered Data node : 0769e572-08ab-4ece-a5d6-c2eb5464bcba{ip: 192.168.69.104, host: pr-hdds-1569-dvkr5-2373193410, networkLocation: /default-rack, certSerialId: null}
2019-09-04 09:33:20,134 | INFO  | SCMAudit | user=jenkins1000 | ip=192.168.69.104 | op=REGISTER {datanodeDetails=0769e572-08ab-4ece-a5d6-c2eb5464bcba{ip: 192.168.69.104, host: pr-hdds-1569-dvkr5-2373193410, networkLocation: /default-rack, certSerialId: null}} | ret=SUCCESS |  
2019-09-04 09:33:20,142 [grpc-default-executor-3] INFO  impl.RaftServerProxy (RaftServerProxy.java:addNew(89)) - 0769e572-08ab-4ece-a5d6-c2eb5464bcba: addNew group-2AF2F8CF8BAA:[0769e572-08ab-4ece-a5d6-c2eb5464bcba:192.168.69.104:34982] returns group-2AF2F8CF8BAA:java.util.concurrent.CompletableFuture@4f1375ab[Not completed]
2019-09-04 09:33:20,143 [pool-455-thread-1] INFO  impl.RaftServerImpl (RaftServerImpl.java:<init>(93)) - 0769e572-08ab-4ece-a5d6-c2eb5464bcba: new RaftServerImpl for group-2AF2F8CF8BAA:[0769e572-08ab-4ece-a5d6-c2eb5464bcba:192.168.69.104:34982] with ContainerStateMachine:uninitialized
2019-09-04 09:33:20,143 | INFO  | SCMAudit | user=jenkins1000 | ip=192.168.69.104 | op=SEND_HEARTBEAT {datanodeUUID=6a110688-e427-4f01-a5b6-cceebbdad1ed, command=[]} | ret=SUCCESS |  
2019-09-04 09:33:20,143 [pool-455-thread-1] INFO  server.RaftServerConfigKeys (ConfUtils.java:logGet(43)) - raft.server.rpc.timeout.min = 5s (custom)
2019-09-04 09:33:20,143 [pool-455-thread-1] INFO  server.RaftServerConfigKeys (ConfUtils.java:logGet(43)) - raft.server.rpc.timeout.max = 5200ms (custom)
2019-09-04 09:33:20,143 [pool-455-thread-1] INFO  server.RaftServerConfigKeys (ConfUtils.java:logGet(43)) - raft.server.rpcslowness.timeout = 120s (custom)
2019-09-04 09:33:20,143 [pool-455-thread-1] INFO  server.RaftServerConfigKeys (ConfUtils.java:logGet(43)) - raft.server.sleep.deviation.threshold = 300 (default)
2019-09-04 09:33:20,143 [pool-455-thread-1] INFO  server.RaftServerConfigKeys (ConfUtils.java:logGet(43)) - raft.server.log.appender.install.snapshot.enabled = false (custom)
2019-09-04 09:33:20,143 [pool-455-thread-1] INFO  impl.RaftServerImpl (ServerState.java:<init>(105)) - 0769e572-08ab-4ece-a5d6-c2eb5464bcba:group-2AF2F8CF8BAA ConfigurationManager, init=-1: [0769e572-08ab-4ece-a5d6-c2eb5464bcba:192.168.69.104:34982], old=null, confs=<EMPTY_MAP>
2019-09-04 09:33:20,143 [pool-455-thread-1] INFO  server.RaftServerConfigKeys (ConfUtils.java:logGet(43)) - raft.server.storage.dir = [/workdir/hadoop-ozone/integration-test/target/test-dir/MiniOzoneClusterImpl-73d646de-bab2-44de-aaf3-9281ad245be8/datanode-4/data/ratis] (custom)
2019-09-04 09:33:20,144 [pool-455-thread-1] INFO  storage.RaftStorageDirectory (RaftStorageDirectory.java:analyzeStorage(246)) - The storage directory /workdir/hadoop-ozone/integration-test/target/test-dir/MiniOzoneClusterImpl-73d646de-bab2-44de-aaf3-9281ad245be8/datanode-4/data/ratis/e2b9da41-b1fd-4e34-8f5d-2af2f8cf8baa does not exist. Creating ...
2019-09-04 09:33:20,159 [pool-455-thread-1] INFO  storage.RaftStorageDirectory (RaftStorageDirectory.java:tryLock(328)) - Lock on /workdir/hadoop-ozone/integration-test/target/test-dir/MiniOzoneClusterImpl-73d646de-bab2-44de-aaf3-9281ad245be8/datanode-4/data/ratis/e2b9da41-b1fd-4e34-8f5d-2af2f8cf8baa/in_use.lock acquired by nodename 26477@pr-hdds-1569-dvkr5-2373193410
2019-09-04 09:33:20,173 [pool-455-thread-1] INFO  storage.RaftStorage (RaftStorage.java:format(72)) - Storage directory /workdir/hadoop-ozone/integration-test/target/test-dir/MiniOzoneClusterImpl-73d646de-bab2-44de-aaf3-9281ad245be8/datanode-4/data/ratis/e2b9da41-b1fd-4e34-8f5d-2af2f8cf8baa has been successfully formatted.
2019-09-04 09:33:20,173 [pool-455-thread-1] INFO  ratis.ContainerStateMachine (ContainerStateMachine.java:loadSnapshot(226)) - group-2AF2F8CF8BAA: The snapshot info is null. Setting the last applied indexto:(t:0, i:~)
2019-09-04 09:33:20,173 [pool-455-thread-1] INFO  server.RaftServerConfigKeys (ConfUtils.java:logGet(43)) - raft.server.leader.election.timeout = 120s (custom)
2019-09-04 09:33:20,174 [pool-455-thread-1] INFO  server.RaftServerConfigKeys (ConfUtils.java:logGet(43)) - raft.server.log.use.memory = false (default)
2019-09-04 09:33:20,174 [pool-455-thread-1] INFO  server.RaftServerConfigKeys (ConfUtils.java:logGet(43)) - raft.server.log.purge.gap = 1000000 (custom)
2019-09-04 09:33:20,174 [pool-455-thread-1] INFO  server.RaftServerConfigKeys (ConfUtils.java:logGet(43)) - raft.server.log.appender.buffer.byte-limit = 33554432 (custom)
2019-09-04 09:33:20,174 [pool-455-thread-1] INFO  server.RaftServerConfigKeys (ConfUtils.java:logGet(43)) - raft.server.log.segment.size.max = 1048576 (custom)
2019-09-04 09:33:20,174 [pool-455-thread-1] INFO  server.RaftServerConfigKeys (ConfUtils.java:logGet(43)) - raft.server.log.segment.cache.num.max = 2 (custom)
2019-09-04 09:33:20,174 [pool-455-thread-1] INFO  segmented.SegmentedRaftLogWorker (SegmentedRaftLogWorker.java:<init>(172)) - new 0769e572-08ab-4ece-a5d6-c2eb5464bcba-SegmentedRaftLogWorker:Storage Directory /workdir/hadoop-ozone/integration-test/target/test-dir/MiniOzoneClusterImpl-73d646de-bab2-44de-aaf3-9281ad245be8/datanode-4/data/ratis/e2b9da41-b1fd-4e34-8f5d-2af2f8cf8baa for RaftStorage:Storage Directory /workdir/hadoop-ozone/integration-test/target/test-dir/MiniOzoneClusterImpl-73d646de-bab2-44de-aaf3-9281ad245be8/datanode-4/data/ratis/e2b9da41-b1fd-4e34-8f5d-2af2f8cf8baa
2019-09-04 09:33:20,174 [pool-455-thread-1] INFO  server.RaftServerConfigKeys (ConfUtils.java:logGet(43)) - raft.server.log.queue.byte-limit = 2147483647 (custom)
2019-09-04 09:33:20,174 [pool-455-thread-1] INFO  server.RaftServerConfigKeys (ConfUtils.java:logGet(43)) - raft.server.log.queue.element-limit = 1024 (custom)
2019-09-04 09:33:20,175 [pool-455-thread-1] INFO  server.RaftServerConfigKeys (ConfUtils.java:logGet(43)) - raft.server.log.segment.size.max = 1048576 (custom)
2019-09-04 09:33:20,175 [pool-455-thread-1] INFO  server.RaftServerConfigKeys (ConfUtils.java:logGet(43)) - raft.server.log.preallocated.size = 16384 (custom)
2019-09-04 09:33:20,175 [pool-455-thread-1] INFO  server.RaftServerConfigKeys (ConfUtils.java:logGet(43)) - raft.server.log.write.buffer.size = 33554432 (custom)
2019-09-04 09:33:20,175 [pool-455-thread-1] INFO  server.RaftServerConfigKeys (ConfUtils.java:logGet(43)) - raft.server.log.force.sync.num = 128 (default)
2019-09-04 09:33:20,175 [pool-455-thread-1] INFO  server.RaftServerConfigKeys (ConfUtils.java:logGet(43)) - raft.server.log.statemachine.data.sync = true (default)
2019-09-04 09:33:20,175 [pool-455-thread-1] INFO  server.RaftServerConfigKeys (ConfUtils.java:logGet(43)) - raft.server.log.statemachine.data.sync.timeout = 10s (default)
2019-09-04 09:33:20,175 [pool-455-thread-1] INFO  server.RaftServerConfigKeys (ConfUtils.java:logGet(43)) - raft.server.log.statemachine.data.sync.timeout.retry = -1 (default)
2019-09-04 09:33:20,175 [pool-455-thread-1] INFO  server.RaftServerConfigKeys (ConfUtils.java:logGet(43)) - raft.server.log.statemachine.data.caching.enabled = true (custom)
2019-09-04 09:33:20,176 [pool-455-thread-1] INFO  segmented.SegmentedRaftLogWorker (SegmentedRaftLogWorker.java:lambda$new$0(132)) - 0769e572-08ab-4ece-a5d6-c2eb5464bcba-SegmentedRaftLogWorker:Storage Directory /workdir/hadoop-ozone/integration-test/target/test-dir/MiniOzoneClusterImpl-73d646de-bab2-44de-aaf3-9281ad245be8/datanode-4/data/ratis/e2b9da41-b1fd-4e34-8f5d-2af2f8cf8baa: flushIndex: setUnconditionally 0 -> -1
2019-09-04 09:33:20,176 [pool-455-thread-1] INFO  server.RaftServerConfigKeys (ConfUtils.java:logGet(43)) - raft.server.snapshot.auto.trigger.enabled = true (custom)
2019-09-04 09:33:20,176 [pool-455-thread-1] INFO  server.RaftServerConfigKeys (ConfUtils.java:logGet(43)) - raft.server.snapshot.auto.trigger.threshold = 10000 (custom)
2019-09-04 09:33:20,176 [pool-455-thread-1] INFO  server.RaftServerConfigKeys (ConfUtils.java:logGet(43)) - raft.server.retrycache.expirytime = 600000ms (custom)
2019-09-04 09:33:20,176 [pool-455-thread-1] INFO  impl.RaftServerImpl (RaftServerImpl.java:start(180)) - 0769e572-08ab-4ece-a5d6-c2eb5464bcba: start group-2AF2F8CF8BAA
2019-09-04 09:33:20,176 [pool-455-thread-1] INFO  impl.RaftServerImpl (RaftServerImpl.java:setRole(171)) - 0769e572-08ab-4ece-a5d6-c2eb5464bcba:group-2AF2F8CF8BAA changes role from null to FOLLOWER at term 0 for startAsFollower
2019-09-04 09:33:20,176 [pool-455-thread-1] INFO  impl.RoleInfo (RoleInfo.java:updateAndGet(143)) - 0769e572-08ab-4ece-a5d6-c2eb5464bcba: start FollowerState
2019-09-04 09:33:20,177 [pool-455-thread-1] INFO  util.JmxRegister (JmxRegister.java:tryRegister(44)) - Successfully registered JMX Bean with object name Ratis:service=RaftServer,group=group-2AF2F8CF8BAA,id=0769e572-08ab-4ece-a5d6-c2eb5464bcba
2019-09-04 09:33:20,178 [RatisPipelineUtilsThread] INFO  pipeline.PipelineStateManager (PipelineStateManager.java:addPipeline(56)) - Created pipeline Pipeline[ Id: e2b9da41-b1fd-4e34-8f5d-2af2f8cf8baa, Nodes: 0769e572-08ab-4ece-a5d6-c2eb5464bcba{ip: 192.168.69.104, host: pr-hdds-1569-dvkr5-2373193410, networkLocation: /default-rack, certSerialId: null}, Type:RATIS, Factor:ONE, State:OPEN]
2019-09-04 09:33:20,301 [IPC Server handler 2 on 37997] INFO  net.NetworkTopology (NetworkTopologyImpl.java:add(110)) - Added a new node: /default-rack/e7fa1457-e553-4737-b9d1-e4fadd556e67
2019-09-04 09:33:20,301 [IPC Server handler 2 on 37997] INFO  node.SCMNodeManager (SCMNodeManager.java:register(273)) - Registered Data node : e7fa1457-e553-4737-b9d1-e4fadd556e67{ip: 192.168.69.104, host: pr-hdds-1569-dvkr5-2373193410, networkLocation: /default-rack, certSerialId: null}
2019-09-04 09:33:20,307 | INFO  | SCMAudit | user=jenkins1000 | ip=192.168.69.104 | op=REGISTER {datanodeDetails=e7fa1457-e553-4737-b9d1-e4fadd556e67{ip: 192.168.69.104, host: pr-hdds-1569-dvkr5-2373193410, networkLocation: /default-rack, certSerialId: null}} | ret=SUCCESS |  
2019-09-04 09:33:20,316 [grpc-default-executor-3] INFO  impl.RaftServerProxy (RaftServerProxy.java:addNew(89)) - e7fa1457-e553-4737-b9d1-e4fadd556e67: addNew group-E0AD9BF7EB30:[e7fa1457-e553-4737-b9d1-e4fadd556e67:192.168.69.104:38367] returns group-E0AD9BF7EB30:java.util.concurrent.CompletableFuture@56300e60[Not completed]
2019-09-04 09:33:20,317 [pool-466-thread-1] INFO  impl.RaftServerImpl (RaftServerImpl.java:<init>(93)) - e7fa1457-e553-4737-b9d1-e4fadd556e67: new RaftServerImpl for group-E0AD9BF7EB30:[e7fa1457-e553-4737-b9d1-e4fadd556e67:192.168.69.104:38367] with ContainerStateMachine:uninitialized
2019-09-04 09:33:20,317 [pool-466-thread-1] INFO  server.RaftServerConfigKeys (ConfUtils.java:logGet(43)) - raft.server.rpc.timeout.min = 5s (custom)
2019-09-04 09:33:20,317 [pool-466-thread-1] INFO  server.RaftServerConfigKeys (ConfUtils.java:logGet(43)) - raft.server.rpc.timeout.max = 5200ms (custom)
2019-09-04 09:33:20,317 [pool-466-thread-1] INFO  server.RaftServerConfigKeys (ConfUtils.java:logGet(43)) - raft.server.rpcslowness.timeout = 120s (custom)
2019-09-04 09:33:20,318 [pool-466-thread-1] INFO  server.RaftServerConfigKeys (ConfUtils.java:logGet(43)) - raft.server.sleep.deviation.threshold = 300 (default)
2019-09-04 09:33:20,318 [pool-466-thread-1] INFO  server.RaftServerConfigKeys (ConfUtils.java:logGet(43)) - raft.server.log.appender.install.snapshot.enabled = false (custom)
2019-09-04 09:33:20,318 [pool-466-thread-1] INFO  impl.RaftServerImpl (ServerState.java:<init>(105)) - e7fa1457-e553-4737-b9d1-e4fadd556e67:group-E0AD9BF7EB30 ConfigurationManager, init=-1: [e7fa1457-e553-4737-b9d1-e4fadd556e67:192.168.69.104:38367], old=null, confs=<EMPTY_MAP>
2019-09-04 09:33:20,318 [pool-466-thread-1] INFO  server.RaftServerConfigKeys (ConfUtils.java:logGet(43)) - raft.server.storage.dir = [/workdir/hadoop-ozone/integration-test/target/test-dir/MiniOzoneClusterImpl-73d646de-bab2-44de-aaf3-9281ad245be8/datanode-5/data/ratis] (custom)
2019-09-04 09:33:20,318 [pool-466-thread-1] INFO  storage.RaftStorageDirectory (RaftStorageDirectory.java:analyzeStorage(246)) - The storage directory /workdir/hadoop-ozone/integration-test/target/test-dir/MiniOzoneClusterImpl-73d646de-bab2-44de-aaf3-9281ad245be8/datanode-5/data/ratis/0d7d516b-7638-4470-80ec-e0ad9bf7eb30 does not exist. Creating ...
2019-09-04 09:33:20,326 | INFO  | SCMAudit | user=jenkins1000 | ip=192.168.69.104 | op=SEND_HEARTBEAT {datanodeUUID=e937a017-3f4f-4695-ad6d-cb2753d2b845, command=[]} | ret=SUCCESS |  
2019-09-04 09:33:20,339 | INFO  | SCMAudit | user=jenkins1000 | ip=192.168.69.104 | op=SEND_HEARTBEAT {datanodeUUID=18851aac-bbd7-47f5-af1c-17f426b11266, command=[]} | ret=SUCCESS |  
2019-09-04 09:33:20,348 [pool-466-thread-1] INFO  storage.RaftStorageDirectory (RaftStorageDirectory.java:tryLock(328)) - Lock on /workdir/hadoop-ozone/integration-test/target/test-dir/MiniOzoneClusterImpl-73d646de-bab2-44de-aaf3-9281ad245be8/datanode-5/data/ratis/0d7d516b-7638-4470-80ec-e0ad9bf7eb30/in_use.lock acquired by nodename 26477@pr-hdds-1569-dvkr5-2373193410
2019-09-04 09:33:20,377 [pool-466-thread-1] INFO  storage.RaftStorage (RaftStorage.java:format(72)) - Storage directory /workdir/hadoop-ozone/integration-test/target/test-dir/MiniOzoneClusterImpl-73d646de-bab2-44de-aaf3-9281ad245be8/datanode-5/data/ratis/0d7d516b-7638-4470-80ec-e0ad9bf7eb30 has been successfully formatted.
2019-09-04 09:33:20,378 [pool-466-thread-1] INFO  ratis.ContainerStateMachine (ContainerStateMachine.java:loadSnapshot(226)) - group-E0AD9BF7EB30: The snapshot info is null. Setting the last applied indexto:(t:0, i:~)
2019-09-04 09:33:20,378 [pool-466-thread-1] INFO  server.RaftServerConfigKeys (ConfUtils.java:logGet(43)) - raft.server.leader.election.timeout = 120s (custom)
2019-09-04 09:33:20,378 [pool-466-thread-1] INFO  server.RaftServerConfigKeys (ConfUtils.java:logGet(43)) - raft.server.log.use.memory = false (default)
2019-09-04 09:33:20,378 [pool-466-thread-1] INFO  server.RaftServerConfigKeys (ConfUtils.java:logGet(43)) - raft.server.log.purge.gap = 1000000 (custom)
2019-09-04 09:33:20,378 [pool-466-thread-1] INFO  server.RaftServerConfigKeys (ConfUtils.java:logGet(43)) - raft.server.log.appender.buffer.byte-limit = 33554432 (custom)
2019-09-04 09:33:20,379 [pool-466-thread-1] INFO  server.RaftServerConfigKeys (ConfUtils.java:logGet(43)) - raft.server.log.segment.size.max = 1048576 (custom)
2019-09-04 09:33:20,379 [pool-466-thread-1] INFO  server.RaftServerConfigKeys (ConfUtils.java:logGet(43)) - raft.server.log.segment.cache.num.max = 2 (custom)
2019-09-04 09:33:20,379 [pool-466-thread-1] INFO  segmented.SegmentedRaftLogWorker (SegmentedRaftLogWorker.java:<init>(172)) - new e7fa1457-e553-4737-b9d1-e4fadd556e67-SegmentedRaftLogWorker:Storage Directory /workdir/hadoop-ozone/integration-test/target/test-dir/MiniOzoneClusterImpl-73d646de-bab2-44de-aaf3-9281ad245be8/datanode-5/data/ratis/0d7d516b-7638-4470-80ec-e0ad9bf7eb30 for RaftStorage:Storage Directory /workdir/hadoop-ozone/integration-test/target/test-dir/MiniOzoneClusterImpl-73d646de-bab2-44de-aaf3-9281ad245be8/datanode-5/data/ratis/0d7d516b-7638-4470-80ec-e0ad9bf7eb30
2019-09-04 09:33:20,379 [pool-466-thread-1] INFO  server.RaftServerConfigKeys (ConfUtils.java:logGet(43)) - raft.server.log.queue.byte-limit = 2147483647 (custom)
2019-09-04 09:33:20,379 [pool-466-thread-1] INFO  server.RaftServerConfigKeys (ConfUtils.java:logGet(43)) - raft.server.log.queue.element-limit = 1024 (custom)
2019-09-04 09:33:20,380 [pool-466-thread-1] INFO  server.RaftServerConfigKeys (ConfUtils.java:logGet(43)) - raft.server.log.segment.size.max = 1048576 (custom)
2019-09-04 09:33:20,380 [pool-466-thread-1] INFO  server.RaftServerConfigKeys (ConfUtils.java:logGet(43)) - raft.server.log.preallocated.size = 16384 (custom)
2019-09-04 09:33:20,380 [pool-466-thread-1] INFO  server.RaftServerConfigKeys (ConfUtils.java:logGet(43)) - raft.server.log.write.buffer.size = 33554432 (custom)
2019-09-04 09:33:20,380 [pool-466-thread-1] INFO  server.RaftServerConfigKeys (ConfUtils.java:logGet(43)) - raft.server.log.force.sync.num = 128 (default)
2019-09-04 09:33:20,380 [pool-466-thread-1] INFO  server.RaftServerConfigKeys (ConfUtils.java:logGet(43)) - raft.server.log.statemachine.data.sync = true (default)
2019-09-04 09:33:20,381 [pool-466-thread-1] INFO  server.RaftServerConfigKeys (ConfUtils.java:logGet(43)) - raft.server.log.statemachine.data.sync.timeout = 10s (default)
2019-09-04 09:33:20,381 [pool-466-thread-1] INFO  server.RaftServerConfigKeys (ConfUtils.java:logGet(43)) - raft.server.log.statemachine.data.sync.timeout.retry = -1 (default)
2019-09-04 09:33:20,381 [pool-466-thread-1] INFO  server.RaftServerConfigKeys (ConfUtils.java:logGet(43)) - raft.server.log.statemachine.data.caching.enabled = true (custom)
2019-09-04 09:33:20,381 [pool-466-thread-1] INFO  segmented.SegmentedRaftLogWorker (SegmentedRaftLogWorker.java:lambda$new$0(132)) - e7fa1457-e553-4737-b9d1-e4fadd556e67-SegmentedRaftLogWorker:Storage Directory /workdir/hadoop-ozone/integration-test/target/test-dir/MiniOzoneClusterImpl-73d646de-bab2-44de-aaf3-9281ad245be8/datanode-5/data/ratis/0d7d516b-7638-4470-80ec-e0ad9bf7eb30: flushIndex: setUnconditionally 0 -> -1
2019-09-04 09:33:20,382 [pool-466-thread-1] INFO  server.RaftServerConfigKeys (ConfUtils.java:logGet(43)) - raft.server.snapshot.auto.trigger.enabled = true (custom)
2019-09-04 09:33:20,382 [pool-466-thread-1] INFO  server.RaftServerConfigKeys (ConfUtils.java:logGet(43)) - raft.server.snapshot.auto.trigger.threshold = 10000 (custom)
2019-09-04 09:33:20,382 [pool-466-thread-1] INFO  server.RaftServerConfigKeys (ConfUtils.java:logGet(43)) - raft.server.retrycache.expirytime = 600000ms (custom)
2019-09-04 09:33:20,382 [pool-466-thread-1] INFO  impl.RaftServerImpl (RaftServerImpl.java:start(180)) - e7fa1457-e553-4737-b9d1-e4fadd556e67: start group-E0AD9BF7EB30
2019-09-04 09:33:20,383 [pool-466-thread-1] INFO  impl.RaftServerImpl (RaftServerImpl.java:setRole(171)) - e7fa1457-e553-4737-b9d1-e4fadd556e67:group-E0AD9BF7EB30 changes role from null to FOLLOWER at term 0 for startAsFollower
2019-09-04 09:33:20,383 [pool-466-thread-1] INFO  impl.RoleInfo (RoleInfo.java:updateAndGet(143)) - e7fa1457-e553-4737-b9d1-e4fadd556e67: start FollowerState
2019-09-04 09:33:20,383 [pool-466-thread-1] INFO  util.JmxRegister (JmxRegister.java:tryRegister(44)) - Successfully registered JMX Bean with object name Ratis:service=RaftServer,group=group-E0AD9BF7EB30,id=e7fa1457-e553-4737-b9d1-e4fadd556e67
2019-09-04 09:33:20,385 [RatisPipelineUtilsThread] INFO  pipeline.PipelineStateManager (PipelineStateManager.java:addPipeline(56)) - Created pipeline Pipeline[ Id: 0d7d516b-7638-4470-80ec-e0ad9bf7eb30, Nodes: e7fa1457-e553-4737-b9d1-e4fadd556e67{ip: 192.168.69.104, host: pr-hdds-1569-dvkr5-2373193410, networkLocation: /default-rack, certSerialId: null}, Type:RATIS, Factor:ONE, State:OPEN]
2019-09-04 09:33:20,400 [grpc-default-executor-2] INFO  impl.RaftServerProxy (RaftServerProxy.java:addNew(89)) - e7fa1457-e553-4737-b9d1-e4fadd556e67: addNew group-25AE50A0726C:[e7fa1457-e553-4737-b9d1-e4fadd556e67:192.168.69.104:38367, 84b2a6df-5e5e-4a0f-9979-9c338bba01d8:192.168.69.104:38895, 0769e572-08ab-4ece-a5d6-c2eb5464bcba:192.168.69.104:34982] returns group-25AE50A0726C:java.util.concurrent.CompletableFuture@66b4b48d[Not completed]
2019-09-04 09:33:20,400 [grpc-default-executor-3] INFO  impl.RaftServerProxy (RaftServerProxy.java:addNew(89)) - 84b2a6df-5e5e-4a0f-9979-9c338bba01d8: addNew group-25AE50A0726C:[e7fa1457-e553-4737-b9d1-e4fadd556e67:192.168.69.104:38367, 84b2a6df-5e5e-4a0f-9979-9c338bba01d8:192.168.69.104:38895, 0769e572-08ab-4ece-a5d6-c2eb5464bcba:192.168.69.104:34982] returns group-25AE50A0726C:java.util.concurrent.CompletableFuture@290eea59[Not completed]
2019-09-04 09:33:20,400 [grpc-default-executor-4] INFO  impl.RaftServerProxy (RaftServerProxy.java:addNew(89)) - 0769e572-08ab-4ece-a5d6-c2eb5464bcba: addNew group-25AE50A0726C:[e7fa1457-e553-4737-b9d1-e4fadd556e67:192.168.69.104:38367, 84b2a6df-5e5e-4a0f-9979-9c338bba01d8:192.168.69.104:38895, 0769e572-08ab-4ece-a5d6-c2eb5464bcba:192.168.69.104:34982] returns group-25AE50A0726C:java.util.concurrent.CompletableFuture@6a2b1d85[Not completed]
2019-09-04 09:33:20,402 [pool-455-thread-1] INFO  impl.RaftServerImpl (RaftServerImpl.java:<init>(93)) - 0769e572-08ab-4ece-a5d6-c2eb5464bcba: new RaftServerImpl for group-25AE50A0726C:[e7fa1457-e553-4737-b9d1-e4fadd556e67:192.168.69.104:38367, 84b2a6df-5e5e-4a0f-9979-9c338bba01d8:192.168.69.104:38895, 0769e572-08ab-4ece-a5d6-c2eb5464bcba:192.168.69.104:34982] with ContainerStateMachine:uninitialized
2019-09-04 09:33:20,402 [pool-455-thread-1] INFO  server.RaftServerConfigKeys (ConfUtils.java:logGet(43)) - raft.server.rpc.timeout.min = 5s (custom)
2019-09-04 09:33:20,402 [pool-455-thread-1] INFO  server.RaftServerConfigKeys (ConfUtils.java:logGet(43)) - raft.server.rpc.timeout.max = 5200ms (custom)
2019-09-04 09:33:20,402 [pool-444-thread-1] INFO  impl.RaftServerImpl (RaftServerImpl.java:<init>(93)) - 84b2a6df-5e5e-4a0f-9979-9c338bba01d8: new RaftServerImpl for group-25AE50A0726C:[e7fa1457-e553-4737-b9d1-e4fadd556e67:192.168.69.104:38367, 84b2a6df-5e5e-4a0f-9979-9c338bba01d8:192.168.69.104:38895, 0769e572-08ab-4ece-a5d6-c2eb5464bcba:192.168.69.104:34982] with ContainerStateMachine:uninitialized
2019-09-04 09:33:20,402 [pool-455-thread-1] INFO  server.RaftServerConfigKeys (ConfUtils.java:logGet(43)) - raft.server.rpcslowness.timeout = 120s (custom)
2019-09-04 09:33:20,402 [pool-444-thread-1] INFO  server.RaftServerConfigKeys (ConfUtils.java:logGet(43)) - raft.server.rpc.timeout.min = 5s (custom)
2019-09-04 09:33:20,402 [pool-455-thread-1] INFO  server.RaftServerConfigKeys (ConfUtils.java:logGet(43)) - raft.server.sleep.deviation.threshold = 300 (default)
2019-09-04 09:33:20,402 [pool-444-thread-1] INFO  server.RaftServerConfigKeys (ConfUtils.java:logGet(43)) - raft.server.rpc.timeout.max = 5200ms (custom)
2019-09-04 09:33:20,403 [pool-466-thread-1] INFO  impl.RaftServerImpl (RaftServerImpl.java:<init>(93)) - e7fa1457-e553-4737-b9d1-e4fadd556e67: new RaftServerImpl for group-25AE50A0726C:[e7fa1457-e553-4737-b9d1-e4fadd556e67:192.168.69.104:38367, 84b2a6df-5e5e-4a0f-9979-9c338bba01d8:192.168.69.104:38895, 0769e572-08ab-4ece-a5d6-c2eb5464bcba:192.168.69.104:34982] with ContainerStateMachine:uninitialized
2019-09-04 09:33:20,403 [pool-455-thread-1] INFO  server.RaftServerConfigKeys (ConfUtils.java:logGet(43)) - raft.server.log.appender.install.snapshot.enabled = false (custom)
2019-09-04 09:33:20,403 [pool-466-thread-1] INFO  server.RaftServerConfigKeys (ConfUtils.java:logGet(43)) - raft.server.rpc.timeout.min = 5s (custom)
2019-09-04 09:33:20,403 [pool-444-thread-1] INFO  server.RaftServerConfigKeys (ConfUtils.java:logGet(43)) - raft.server.rpcslowness.timeout = 120s (custom)
2019-09-04 09:33:20,403 [pool-466-thread-1] INFO  server.RaftServerConfigKeys (ConfUtils.java:logGet(43)) - raft.server.rpc.timeout.max = 5200ms (custom)
2019-09-04 09:33:20,403 [pool-455-thread-1] INFO  impl.RaftServerImpl (ServerState.java:<init>(105)) - 0769e572-08ab-4ece-a5d6-c2eb5464bcba:group-25AE50A0726C ConfigurationManager, init=-1: [e7fa1457-e553-4737-b9d1-e4fadd556e67:192.168.69.104:38367, 84b2a6df-5e5e-4a0f-9979-9c338bba01d8:192.168.69.104:38895, 0769e572-08ab-4ece-a5d6-c2eb5464bcba:192.168.69.104:34982], old=null, confs=<EMPTY_MAP>
2019-09-04 09:33:20,403 [pool-466-thread-1] INFO  server.RaftServerConfigKeys (ConfUtils.java:logGet(43)) - raft.server.rpcslowness.timeout = 120s (custom)
2019-09-04 09:33:20,403 [pool-444-thread-1] INFO  server.RaftServerConfigKeys (ConfUtils.java:logGet(43)) - raft.server.sleep.deviation.threshold = 300 (default)
2019-09-04 09:33:20,404 [pool-466-thread-1] INFO  server.RaftServerConfigKeys (ConfUtils.java:logGet(43)) - raft.server.sleep.deviation.threshold = 300 (default)
2019-09-04 09:33:20,403 [pool-455-thread-1] INFO  server.RaftServerConfigKeys (ConfUtils.java:logGet(43)) - raft.server.storage.dir = [/workdir/hadoop-ozone/integration-test/target/test-dir/MiniOzoneClusterImpl-73d646de-bab2-44de-aaf3-9281ad245be8/datanode-4/data/ratis] (custom)
2019-09-04 09:33:20,404 [pool-466-thread-1] INFO  server.RaftServerConfigKeys (ConfUtils.java:logGet(43)) - raft.server.log.appender.install.snapshot.enabled = false (custom)
2019-09-04 09:33:20,404 [pool-444-thread-1] INFO  server.RaftServerConfigKeys (ConfUtils.java:logGet(43)) - raft.server.log.appender.install.snapshot.enabled = false (custom)
2019-09-04 09:33:20,404 [pool-455-thread-1] INFO  storage.RaftStorageDirectory (RaftStorageDirectory.java:analyzeStorage(246)) - The storage directory /workdir/hadoop-ozone/integration-test/target/test-dir/MiniOzoneClusterImpl-73d646de-bab2-44de-aaf3-9281ad245be8/datanode-4/data/ratis/fb8d631f-3883-4bfa-910f-25ae50a0726c does not exist. Creating ...
2019-09-04 09:33:20,404 [pool-466-thread-1] INFO  impl.RaftServerImpl (ServerState.java:<init>(105)) - e7fa1457-e553-4737-b9d1-e4fadd556e67:group-25AE50A0726C ConfigurationManager, init=-1: [e7fa1457-e553-4737-b9d1-e4fadd556e67:192.168.69.104:38367, 84b2a6df-5e5e-4a0f-9979-9c338bba01d8:192.168.69.104:38895, 0769e572-08ab-4ece-a5d6-c2eb5464bcba:192.168.69.104:34982], old=null, confs=<EMPTY_MAP>
2019-09-04 09:33:20,404 [pool-444-thread-1] INFO  impl.RaftServerImpl (ServerState.java:<init>(105)) - 84b2a6df-5e5e-4a0f-9979-9c338bba01d8:group-25AE50A0726C ConfigurationManager, init=-1: [e7fa1457-e553-4737-b9d1-e4fadd556e67:192.168.69.104:38367, 84b2a6df-5e5e-4a0f-9979-9c338bba01d8:192.168.69.104:38895, 0769e572-08ab-4ece-a5d6-c2eb5464bcba:192.168.69.104:34982], old=null, confs=<EMPTY_MAP>
2019-09-04 09:33:20,405 [pool-466-thread-1] INFO  server.RaftServerConfigKeys (ConfUtils.java:logGet(43)) - raft.server.storage.dir = [/workdir/hadoop-ozone/integration-test/target/test-dir/MiniOzoneClusterImpl-73d646de-bab2-44de-aaf3-9281ad245be8/datanode-5/data/ratis] (custom)
2019-09-04 09:33:20,405 [pool-444-thread-1] INFO  server.RaftServerConfigKeys (ConfUtils.java:logGet(43)) - raft.server.storage.dir = [/workdir/hadoop-ozone/integration-test/target/test-dir/MiniOzoneClusterImpl-73d646de-bab2-44de-aaf3-9281ad245be8/datanode-3/data/ratis] (custom)
2019-09-04 09:33:20,405 [pool-466-thread-1] INFO  storage.RaftStorageDirectory (RaftStorageDirectory.java:analyzeStorage(246)) - The storage directory /workdir/hadoop-ozone/integration-test/target/test-dir/MiniOzoneClusterImpl-73d646de-bab2-44de-aaf3-9281ad245be8/datanode-5/data/ratis/fb8d631f-3883-4bfa-910f-25ae50a0726c does not exist. Creating ...
2019-09-04 09:33:20,405 [pool-444-thread-1] INFO  storage.RaftStorageDirectory (RaftStorageDirectory.java:analyzeStorage(246)) - The storage directory /workdir/hadoop-ozone/integration-test/target/test-dir/MiniOzoneClusterImpl-73d646de-bab2-44de-aaf3-9281ad245be8/datanode-3/data/ratis/fb8d631f-3883-4bfa-910f-25ae50a0726c does not exist. Creating ...
2019-09-04 09:33:20,426 [pool-466-thread-1] INFO  storage.RaftStorageDirectory (RaftStorageDirectory.java:tryLock(328)) - Lock on /workdir/hadoop-ozone/integration-test/target/test-dir/MiniOzoneClusterImpl-73d646de-bab2-44de-aaf3-9281ad245be8/datanode-5/data/ratis/fb8d631f-3883-4bfa-910f-25ae50a0726c/in_use.lock acquired by nodename 26477@pr-hdds-1569-dvkr5-2373193410
2019-09-04 09:33:20,426 [pool-455-thread-1] INFO  storage.RaftStorageDirectory (RaftStorageDirectory.java:tryLock(328)) - Lock on /workdir/hadoop-ozone/integration-test/target/test-dir/MiniOzoneClusterImpl-73d646de-bab2-44de-aaf3-9281ad245be8/datanode-4/data/ratis/fb8d631f-3883-4bfa-910f-25ae50a0726c/in_use.lock acquired by nodename 26477@pr-hdds-1569-dvkr5-2373193410
2019-09-04 09:33:20,426 [pool-444-thread-1] INFO  storage.RaftStorageDirectory (RaftStorageDirectory.java:tryLock(328)) - Lock on /workdir/hadoop-ozone/integration-test/target/test-dir/MiniOzoneClusterImpl-73d646de-bab2-44de-aaf3-9281ad245be8/datanode-3/data/ratis/fb8d631f-3883-4bfa-910f-25ae50a0726c/in_use.lock acquired by nodename 26477@pr-hdds-1569-dvkr5-2373193410
2019-09-04 09:33:20,443 [pool-455-thread-1] INFO  storage.RaftStorage (RaftStorage.java:format(72)) - Storage directory /workdir/hadoop-ozone/integration-test/target/test-dir/MiniOzoneClusterImpl-73d646de-bab2-44de-aaf3-9281ad245be8/datanode-4/data/ratis/fb8d631f-3883-4bfa-910f-25ae50a0726c has been successfully formatted.
2019-09-04 09:33:20,443 [pool-444-thread-1] INFO  storage.RaftStorage (RaftStorage.java:format(72)) - Storage directory /workdir/hadoop-ozone/integration-test/target/test-dir/MiniOzoneClusterImpl-73d646de-bab2-44de-aaf3-9281ad245be8/datanode-3/data/ratis/fb8d631f-3883-4bfa-910f-25ae50a0726c has been successfully formatted.
2019-09-04 09:33:20,443 [pool-466-thread-1] INFO  storage.RaftStorage (RaftStorage.java:format(72)) - Storage directory /workdir/hadoop-ozone/integration-test/target/test-dir/MiniOzoneClusterImpl-73d646de-bab2-44de-aaf3-9281ad245be8/datanode-5/data/ratis/fb8d631f-3883-4bfa-910f-25ae50a0726c has been successfully formatted.
2019-09-04 09:33:20,444 [pool-444-thread-1] INFO  ratis.ContainerStateMachine (ContainerStateMachine.java:loadSnapshot(226)) - group-25AE50A0726C: The snapshot info is null. Setting the last applied indexto:(t:0, i:~)
2019-09-04 09:33:20,444 [pool-466-thread-1] INFO  ratis.ContainerStateMachine (ContainerStateMachine.java:loadSnapshot(226)) - group-25AE50A0726C: The snapshot info is null. Setting the last applied indexto:(t:0, i:~)
2019-09-04 09:33:20,444 [pool-455-thread-1] INFO  ratis.ContainerStateMachine (ContainerStateMachine.java:loadSnapshot(226)) - group-25AE50A0726C: The snapshot info is null. Setting the last applied indexto:(t:0, i:~)
2019-09-04 09:33:20,444 [pool-466-thread-1] INFO  server.RaftServerConfigKeys (ConfUtils.java:logGet(43)) - raft.server.leader.election.timeout = 120s (custom)
2019-09-04 09:33:20,444 [pool-444-thread-1] INFO  server.RaftServerConfigKeys (ConfUtils.java:logGet(43)) - raft.server.leader.election.timeout = 120s (custom)
2019-09-04 09:33:20,444 [pool-466-thread-1] INFO  server.RaftServerConfigKeys (ConfUtils.java:logGet(43)) - raft.server.log.use.memory = false (default)
2019-09-04 09:33:20,445 [pool-466-thread-1] INFO  server.RaftServerConfigKeys (ConfUtils.java:logGet(43)) - raft.server.log.purge.gap = 1000000 (custom)
2019-09-04 09:33:20,444 [pool-455-thread-1] INFO  server.RaftServerConfigKeys (ConfUtils.java:logGet(43)) - raft.server.leader.election.timeout = 120s (custom)
2019-09-04 09:33:20,445 [pool-466-thread-1] INFO  server.RaftServerConfigKeys (ConfUtils.java:logGet(43)) - raft.server.log.appender.buffer.byte-limit = 33554432 (custom)
2019-09-04 09:33:20,444 [pool-444-thread-1] INFO  server.RaftServerConfigKeys (ConfUtils.java:logGet(43)) - raft.server.log.use.memory = false (default)
2019-09-04 09:33:20,445 [pool-466-thread-1] INFO  server.RaftServerConfigKeys (ConfUtils.java:logGet(43)) - raft.server.log.segment.size.max = 1048576 (custom)
2019-09-04 09:33:20,445 [pool-455-thread-1] INFO  server.RaftServerConfigKeys (ConfUtils.java:logGet(43)) - raft.server.log.use.memory = false (default)
2019-09-04 09:33:20,445 [pool-466-thread-1] INFO  server.RaftServerConfigKeys (ConfUtils.java:logGet(43)) - raft.server.log.segment.cache.num.max = 2 (custom)
2019-09-04 09:33:20,445 [pool-444-thread-1] INFO  server.RaftServerConfigKeys (ConfUtils.java:logGet(43)) - raft.server.log.purge.gap = 1000000 (custom)
2019-09-04 09:33:20,446 [pool-466-thread-1] INFO  segmented.SegmentedRaftLogWorker (SegmentedRaftLogWorker.java:<init>(172)) - new e7fa1457-e553-4737-b9d1-e4fadd556e67-SegmentedRaftLogWorker:Storage Directory /workdir/hadoop-ozone/integration-test/target/test-dir/MiniOzoneClusterImpl-73d646de-bab2-44de-aaf3-9281ad245be8/datanode-5/data/ratis/fb8d631f-3883-4bfa-910f-25ae50a0726c for RaftStorage:Storage Directory /workdir/hadoop-ozone/integration-test/target/test-dir/MiniOzoneClusterImpl-73d646de-bab2-44de-aaf3-9281ad245be8/datanode-5/data/ratis/fb8d631f-3883-4bfa-910f-25ae50a0726c
2019-09-04 09:33:20,445 [pool-455-thread-1] INFO  server.RaftServerConfigKeys (ConfUtils.java:logGet(43)) - raft.server.log.purge.gap = 1000000 (custom)
2019-09-04 09:33:20,446 [pool-466-thread-1] INFO  server.RaftServerConfigKeys (ConfUtils.java:logGet(43)) - raft.server.log.queue.byte-limit = 2147483647 (custom)
2019-09-04 09:33:20,446 [pool-466-thread-1] INFO  server.RaftServerConfigKeys (ConfUtils.java:logGet(43)) - raft.server.log.queue.element-limit = 1024 (custom)
2019-09-04 09:33:20,446 [pool-444-thread-1] INFO  server.RaftServerConfigKeys (ConfUtils.java:logGet(43)) - raft.server.log.appender.buffer.byte-limit = 33554432 (custom)
2019-09-04 09:33:20,446 [pool-466-thread-1] INFO  server.RaftServerConfigKeys (ConfUtils.java:logGet(43)) - raft.server.log.segment.size.max = 1048576 (custom)
2019-09-04 09:33:20,446 [pool-455-thread-1] INFO  server.RaftServerConfigKeys (ConfUtils.java:logGet(43)) - raft.server.log.appender.buffer.byte-limit = 33554432 (custom)
2019-09-04 09:33:20,447 [pool-466-thread-1] INFO  server.RaftServerConfigKeys (ConfUtils.java:logGet(43)) - raft.server.log.preallocated.size = 16384 (custom)
2019-09-04 09:33:20,447 [pool-444-thread-1] INFO  server.RaftServerConfigKeys (ConfUtils.java:logGet(43)) - raft.server.log.segment.size.max = 1048576 (custom)
2019-09-04 09:33:20,447 [pool-466-thread-1] INFO  server.RaftServerConfigKeys (ConfUtils.java:logGet(43)) - raft.server.log.write.buffer.size = 33554432 (custom)
2019-09-04 09:33:20,447 [pool-466-thread-1] INFO  server.RaftServerConfigKeys (ConfUtils.java:logGet(43)) - raft.server.log.force.sync.num = 128 (default)
2019-09-04 09:33:20,447 [pool-455-thread-1] INFO  server.RaftServerConfigKeys (ConfUtils.java:logGet(43)) - raft.server.log.segment.size.max = 1048576 (custom)
2019-09-04 09:33:20,447 [pool-466-thread-1] INFO  server.RaftServerConfigKeys (ConfUtils.java:logGet(43)) - raft.server.log.statemachine.data.sync = true (default)
2019-09-04 09:33:20,447 [pool-444-thread-1] INFO  server.RaftServerConfigKeys (ConfUtils.java:logGet(43)) - raft.server.log.segment.cache.num.max = 2 (custom)
2019-09-04 09:33:20,448 [pool-466-thread-1] INFO  server.RaftServerConfigKeys (ConfUtils.java:logGet(43)) - raft.server.log.statemachine.data.sync.timeout = 10s (default)
2019-09-04 09:33:20,448 [pool-455-thread-1] INFO  server.RaftServerConfigKeys (ConfUtils.java:logGet(43)) - raft.server.log.segment.cache.num.max = 2 (custom)
2019-09-04 09:33:20,448 [pool-466-thread-1] INFO  server.RaftServerConfigKeys (ConfUtils.java:logGet(43)) - raft.server.log.statemachine.data.sync.timeout.retry = -1 (default)
2019-09-04 09:33:20,448 [pool-444-thread-1] INFO  segmented.SegmentedRaftLogWorker (SegmentedRaftLogWorker.java:<init>(172)) - new 84b2a6df-5e5e-4a0f-9979-9c338bba01d8-SegmentedRaftLogWorker:Storage Directory /workdir/hadoop-ozone/integration-test/target/test-dir/MiniOzoneClusterImpl-73d646de-bab2-44de-aaf3-9281ad245be8/datanode-3/data/ratis/fb8d631f-3883-4bfa-910f-25ae50a0726c for RaftStorage:Storage Directory /workdir/hadoop-ozone/integration-test/target/test-dir/MiniOzoneClusterImpl-73d646de-bab2-44de-aaf3-9281ad245be8/datanode-3/data/ratis/fb8d631f-3883-4bfa-910f-25ae50a0726c
2019-09-04 09:33:20,448 [pool-466-thread-1] INFO  server.RaftServerConfigKeys (ConfUtils.java:logGet(43)) - raft.server.log.statemachine.data.caching.enabled = true (custom)
2019-09-04 09:33:20,448 [pool-455-thread-1] INFO  segmented.SegmentedRaftLogWorker (SegmentedRaftLogWorker.java:<init>(172)) - new 0769e572-08ab-4ece-a5d6-c2eb5464bcba-SegmentedRaftLogWorker:Storage Directory /workdir/hadoop-ozone/integration-test/target/test-dir/MiniOzoneClusterImpl-73d646de-bab2-44de-aaf3-9281ad245be8/datanode-4/data/ratis/fb8d631f-3883-4bfa-910f-25ae50a0726c for RaftStorage:Storage Directory /workdir/hadoop-ozone/integration-test/target/test-dir/MiniOzoneClusterImpl-73d646de-bab2-44de-aaf3-9281ad245be8/datanode-4/data/ratis/fb8d631f-3883-4bfa-910f-25ae50a0726c
2019-09-04 09:33:20,448 [pool-444-thread-1] INFO  server.RaftServerConfigKeys (ConfUtils.java:logGet(43)) - raft.server.log.queue.byte-limit = 2147483647 (custom)
2019-09-04 09:33:20,449 [pool-455-thread-1] INFO  server.RaftServerConfigKeys (ConfUtils.java:logGet(43)) - raft.server.log.queue.byte-limit = 2147483647 (custom)
2019-09-04 09:33:20,449 [pool-466-thread-1] INFO  segmented.SegmentedRaftLogWorker (SegmentedRaftLogWorker.java:lambda$new$0(132)) - e7fa1457-e553-4737-b9d1-e4fadd556e67-SegmentedRaftLogWorker:Storage Directory /workdir/hadoop-ozone/integration-test/target/test-dir/MiniOzoneClusterImpl-73d646de-bab2-44de-aaf3-9281ad245be8/datanode-5/data/ratis/fb8d631f-3883-4bfa-910f-25ae50a0726c: flushIndex: setUnconditionally 0 -> -1
2019-09-04 09:33:20,449 [pool-455-thread-1] INFO  server.RaftServerConfigKeys (ConfUtils.java:logGet(43)) - raft.server.log.queue.element-limit = 1024 (custom)
2019-09-04 09:33:20,449 [pool-444-thread-1] INFO  server.RaftServerConfigKeys (ConfUtils.java:logGet(43)) - raft.server.log.queue.element-limit = 1024 (custom)
2019-09-04 09:33:20,449 [pool-455-thread-1] INFO  server.RaftServerConfigKeys (ConfUtils.java:logGet(43)) - raft.server.log.segment.size.max = 1048576 (custom)
2019-09-04 09:33:20,449 [pool-466-thread-1] INFO  server.RaftServerConfigKeys (ConfUtils.java:logGet(43)) - raft.server.snapshot.auto.trigger.enabled = true (custom)
2019-09-04 09:33:20,450 [pool-455-thread-1] INFO  server.RaftServerConfigKeys (ConfUtils.java:logGet(43)) - raft.server.log.preallocated.size = 16384 (custom)
2019-09-04 09:33:20,450 [pool-444-thread-1] INFO  server.RaftServerConfigKeys (ConfUtils.java:logGet(43)) - raft.server.log.segment.size.max = 1048576 (custom)
2019-09-04 09:33:20,450 [pool-455-thread-1] INFO  server.RaftServerConfigKeys (ConfUtils.java:logGet(43)) - raft.server.log.write.buffer.size = 33554432 (custom)
2019-09-04 09:33:20,450 [pool-466-thread-1] INFO  server.RaftServerConfigKeys (ConfUtils.java:logGet(43)) - raft.server.snapshot.auto.trigger.threshold = 10000 (custom)
2019-09-04 09:33:20,450 [pool-455-thread-1] INFO  server.RaftServerConfigKeys (ConfUtils.java:logGet(43)) - raft.server.log.force.sync.num = 128 (default)
2019-09-04 09:33:20,450 [pool-455-thread-1] INFO  server.RaftServerConfigKeys (ConfUtils.java:logGet(43)) - raft.server.log.statemachine.data.sync = true (default)
2019-09-04 09:33:20,450 [pool-444-thread-1] INFO  server.RaftServerConfigKeys (ConfUtils.java:logGet(43)) - raft.server.log.preallocated.size = 16384 (custom)
2019-09-04 09:33:20,451 [pool-455-thread-1] INFO  server.RaftServerConfigKeys (ConfUtils.java:logGet(43)) - raft.server.log.statemachine.data.sync.timeout = 10s (default)
2019-09-04 09:33:20,450 [pool-466-thread-1] INFO  server.RaftServerConfigKeys (ConfUtils.java:logGet(43)) - raft.server.retrycache.expirytime = 600000ms (custom)
2019-09-04 09:33:20,451 [pool-455-thread-1] INFO  server.RaftServerConfigKeys (ConfUtils.java:logGet(43)) - raft.server.log.statemachine.data.sync.timeout.retry = -1 (default)
2019-09-04 09:33:20,451 [pool-444-thread-1] INFO  server.RaftServerConfigKeys (ConfUtils.java:logGet(43)) - raft.server.log.write.buffer.size = 33554432 (custom)
2019-09-04 09:33:20,451 [pool-455-thread-1] INFO  server.RaftServerConfigKeys (ConfUtils.java:logGet(43)) - raft.server.log.statemachine.data.caching.enabled = true (custom)
2019-09-04 09:33:20,451 [pool-466-thread-1] INFO  impl.RaftServerImpl (RaftServerImpl.java:start(180)) - e7fa1457-e553-4737-b9d1-e4fadd556e67: start group-25AE50A0726C
2019-09-04 09:33:20,451 [pool-444-thread-1] INFO  server.RaftServerConfigKeys (ConfUtils.java:logGet(43)) - raft.server.log.force.sync.num = 128 (default)
2019-09-04 09:33:20,452 [pool-455-thread-1] INFO  segmented.SegmentedRaftLogWorker (SegmentedRaftLogWorker.java:lambda$new$0(132)) - 0769e572-08ab-4ece-a5d6-c2eb5464bcba-SegmentedRaftLogWorker:Storage Directory /workdir/hadoop-ozone/integration-test/target/test-dir/MiniOzoneClusterImpl-73d646de-bab2-44de-aaf3-9281ad245be8/datanode-4/data/ratis/fb8d631f-3883-4bfa-910f-25ae50a0726c: flushIndex: setUnconditionally 0 -> -1
2019-09-04 09:33:20,452 [pool-466-thread-1] INFO  impl.RaftServerImpl (RaftServerImpl.java:setRole(171)) - e7fa1457-e553-4737-b9d1-e4fadd556e67:group-25AE50A0726C changes role from null to FOLLOWER at term 0 for startAsFollower
2019-09-04 09:33:20,452 [pool-444-thread-1] INFO  server.RaftServerConfigKeys (ConfUtils.java:logGet(43)) - raft.server.log.statemachine.data.sync = true (default)
2019-09-04 09:33:20,452 [pool-455-thread-1] INFO  server.RaftServerConfigKeys (ConfUtils.java:logGet(43)) - raft.server.snapshot.auto.trigger.enabled = true (custom)
2019-09-04 09:33:20,452 [pool-466-thread-1] INFO  impl.RoleInfo (RoleInfo.java:updateAndGet(143)) - e7fa1457-e553-4737-b9d1-e4fadd556e67: start FollowerState
2019-09-04 09:33:20,452 [pool-455-thread-1] INFO  server.RaftServerConfigKeys (ConfUtils.java:logGet(43)) - raft.server.snapshot.auto.trigger.threshold = 10000 (custom)
2019-09-04 09:33:20,452 [pool-444-thread-1] INFO  server.RaftServerConfigKeys (ConfUtils.java:logGet(43)) - raft.server.log.statemachine.data.sync.timeout = 10s (default)
2019-09-04 09:33:20,453 [pool-455-thread-1] INFO  server.RaftServerConfigKeys (ConfUtils.java:logGet(43)) - raft.server.retrycache.expirytime = 600000ms (custom)
2019-09-04 09:33:20,453 [pool-466-thread-1] INFO  util.JmxRegister (JmxRegister.java:tryRegister(44)) - Successfully registered JMX Bean with object name Ratis:service=RaftServer,group=group-25AE50A0726C,id=e7fa1457-e553-4737-b9d1-e4fadd556e67
2019-09-04 09:33:20,453 [pool-444-thread-1] INFO  server.RaftServerConfigKeys (ConfUtils.java:logGet(43)) - raft.server.log.statemachine.data.sync.timeout.retry = -1 (default)
2019-09-04 09:33:20,453 [pool-455-thread-1] INFO  impl.RaftServerImpl (RaftServerImpl.java:start(180)) - 0769e572-08ab-4ece-a5d6-c2eb5464bcba: start group-25AE50A0726C
2019-09-04 09:33:20,453 [pool-444-thread-1] INFO  server.RaftServerConfigKeys (ConfUtils.java:logGet(43)) - raft.server.log.statemachine.data.caching.enabled = true (custom)
2019-09-04 09:33:20,453 [pool-455-thread-1] INFO  impl.RaftServerImpl (RaftServerImpl.java:setRole(171)) - 0769e572-08ab-4ece-a5d6-c2eb5464bcba:group-25AE50A0726C changes role from null to FOLLOWER at term 0 for startAsFollower
2019-09-04 09:33:20,454 [pool-444-thread-1] INFO  segmented.SegmentedRaftLogWorker (SegmentedRaftLogWorker.java:lambda$new$0(132)) - 84b2a6df-5e5e-4a0f-9979-9c338bba01d8-SegmentedRaftLogWorker:Storage Directory /workdir/hadoop-ozone/integration-test/target/test-dir/MiniOzoneClusterImpl-73d646de-bab2-44de-aaf3-9281ad245be8/datanode-3/data/ratis/fb8d631f-3883-4bfa-910f-25ae50a0726c: flushIndex: setUnconditionally 0 -> -1
2019-09-04 09:33:20,454 [pool-455-thread-1] INFO  impl.RoleInfo (RoleInfo.java:updateAndGet(143)) - 0769e572-08ab-4ece-a5d6-c2eb5464bcba: start FollowerState
2019-09-04 09:33:20,454 [pool-444-thread-1] INFO  server.RaftServerConfigKeys (ConfUtils.java:logGet(43)) - raft.server.snapshot.auto.trigger.enabled = true (custom)
2019-09-04 09:33:20,454 [pool-444-thread-1] INFO  server.RaftServerConfigKeys (ConfUtils.java:logGet(43)) - raft.server.snapshot.auto.trigger.threshold = 10000 (custom)
2019-09-04 09:33:20,454 [pool-444-thread-1] INFO  server.RaftServerConfigKeys (ConfUtils.java:logGet(43)) - raft.server.retrycache.expirytime = 600000ms (custom)
2019-09-04 09:33:20,454 [pool-455-thread-1] INFO  util.JmxRegister (JmxRegister.java:tryRegister(44)) - Successfully registered JMX Bean with object name Ratis:service=RaftServer,group=group-25AE50A0726C,id=0769e572-08ab-4ece-a5d6-c2eb5464bcba
2019-09-04 09:33:20,455 [pool-444-thread-1] INFO  impl.RaftServerImpl (RaftServerImpl.java:start(180)) - 84b2a6df-5e5e-4a0f-9979-9c338bba01d8: start group-25AE50A0726C
2019-09-04 09:33:20,455 [pool-444-thread-1] INFO  impl.RaftServerImpl (RaftServerImpl.java:setRole(171)) - 84b2a6df-5e5e-4a0f-9979-9c338bba01d8:group-25AE50A0726C changes role from null to FOLLOWER at term 0 for startAsFollower
2019-09-04 09:33:20,455 [pool-444-thread-1] INFO  impl.RoleInfo (RoleInfo.java:updateAndGet(143)) - 84b2a6df-5e5e-4a0f-9979-9c338bba01d8: start FollowerState
2019-09-04 09:33:20,459 [pool-444-thread-1] INFO  util.JmxRegister (JmxRegister.java:tryRegister(44)) - Successfully registered JMX Bean with object name Ratis:service=RaftServer,group=group-25AE50A0726C,id=84b2a6df-5e5e-4a0f-9979-9c338bba01d8
2019-09-04 09:33:20,461 [RatisPipelineUtilsThread] INFO  pipeline.PipelineStateManager (PipelineStateManager.java:addPipeline(56)) - Created pipeline Pipeline[ Id: fb8d631f-3883-4bfa-910f-25ae50a0726c, Nodes: e7fa1457-e553-4737-b9d1-e4fadd556e67{ip: 192.168.69.104, host: pr-hdds-1569-dvkr5-2373193410, networkLocation: /default-rack, certSerialId: null}84b2a6df-5e5e-4a0f-9979-9c338bba01d8{ip: 192.168.69.104, host: pr-hdds-1569-dvkr5-2373193410, networkLocation: /default-rack, certSerialId: null}0769e572-08ab-4ece-a5d6-c2eb5464bcba{ip: 192.168.69.104, host: pr-hdds-1569-dvkr5-2373193410, networkLocation: /default-rack, certSerialId: null}, Type:RATIS, Factor:THREE, State:OPEN]
2019-09-04 09:33:20,493 [main] INFO  ozone.MiniOzoneClusterImpl (MiniOzoneClusterImpl.java:lambda$waitForClusterToBeReady$0(142)) - Waiting for cluster to be ready. Got 6 of 7 DN Heartbeats.
2019-09-04 09:33:20,494 [IPC Server handler 3 on 37997] INFO  net.NetworkTopology (NetworkTopologyImpl.java:add(110)) - Added a new node: /default-rack/2494cbd6-ce98-4ca5-b34f-2a9f18204c2c
2019-09-04 09:33:20,494 [IPC Server handler 3 on 37997] INFO  node.SCMNodeManager (SCMNodeManager.java:register(273)) - Registered Data node : 2494cbd6-ce98-4ca5-b34f-2a9f18204c2c{ip: 192.168.69.104, host: pr-hdds-1569-dvkr5-2373193410, networkLocation: /default-rack, certSerialId: null}
2019-09-04 09:33:20,494 | INFO  | SCMAudit | user=jenkins1000 | ip=192.168.69.104 | op=REGISTER {datanodeDetails=2494cbd6-ce98-4ca5-b34f-2a9f18204c2c{ip: 192.168.69.104, host: pr-hdds-1569-dvkr5-2373193410, networkLocation: /default-rack, certSerialId: null}} | ret=SUCCESS |  
2019-09-04 09:33:20,504 [grpc-default-executor-4] INFO  impl.RaftServerProxy (RaftServerProxy.java:addNew(89)) - 2494cbd6-ce98-4ca5-b34f-2a9f18204c2c: addNew group-BFEC810F29D0:[2494cbd6-ce98-4ca5-b34f-2a9f18204c2c:192.168.69.104:41106] returns group-BFEC810F29D0:java.util.concurrent.CompletableFuture@ef26068[Not completed]
2019-09-04 09:33:20,505 [pool-477-thread-1] INFO  impl.RaftServerImpl (RaftServerImpl.java:<init>(93)) - 2494cbd6-ce98-4ca5-b34f-2a9f18204c2c: new RaftServerImpl for group-BFEC810F29D0:[2494cbd6-ce98-4ca5-b34f-2a9f18204c2c:192.168.69.104:41106] with ContainerStateMachine:uninitialized
2019-09-04 09:33:20,506 [pool-477-thread-1] INFO  server.RaftServerConfigKeys (ConfUtils.java:logGet(43)) - raft.server.rpc.timeout.min = 5s (custom)
2019-09-04 09:33:20,506 [pool-477-thread-1] INFO  server.RaftServerConfigKeys (ConfUtils.java:logGet(43)) - raft.server.rpc.timeout.max = 5200ms (custom)
2019-09-04 09:33:20,506 [pool-477-thread-1] INFO  server.RaftServerConfigKeys (ConfUtils.java:logGet(43)) - raft.server.rpcslowness.timeout = 120s (custom)
2019-09-04 09:33:20,506 [pool-477-thread-1] INFO  server.RaftServerConfigKeys (ConfUtils.java:logGet(43)) - raft.server.sleep.deviation.threshold = 300 (default)
2019-09-04 09:33:20,506 [pool-477-thread-1] INFO  server.RaftServerConfigKeys (ConfUtils.java:logGet(43)) - raft.server.log.appender.install.snapshot.enabled = false (custom)
2019-09-04 09:33:20,506 [pool-477-thread-1] INFO  impl.RaftServerImpl (ServerState.java:<init>(105)) - 2494cbd6-ce98-4ca5-b34f-2a9f18204c2c:group-BFEC810F29D0 ConfigurationManager, init=-1: [2494cbd6-ce98-4ca5-b34f-2a9f18204c2c:192.168.69.104:41106], old=null, confs=<EMPTY_MAP>
2019-09-04 09:33:20,506 [pool-477-thread-1] INFO  server.RaftServerConfigKeys (ConfUtils.java:logGet(43)) - raft.server.storage.dir = [/workdir/hadoop-ozone/integration-test/target/test-dir/MiniOzoneClusterImpl-73d646de-bab2-44de-aaf3-9281ad245be8/datanode-6/data/ratis] (custom)
2019-09-04 09:33:20,507 [pool-477-thread-1] INFO  storage.RaftStorageDirectory (RaftStorageDirectory.java:analyzeStorage(246)) - The storage directory /workdir/hadoop-ozone/integration-test/target/test-dir/MiniOzoneClusterImpl-73d646de-bab2-44de-aaf3-9281ad245be8/datanode-6/data/ratis/4dce973c-2c07-4004-bc60-bfec810f29d0 does not exist. Creating ...
2019-09-04 09:33:20,590 | INFO  | SCMAudit | user=jenkins1000 | ip=192.168.69.104 | op=SEND_HEARTBEAT {datanodeUUID=0ac595d7-a290-4eb2-9411-ef15ff51c194, command=[]} | ret=SUCCESS |  
2019-09-04 09:33:20,699 | INFO  | SCMAudit | user=jenkins1000 | ip=192.168.69.104 | op=SEND_HEARTBEAT {datanodeUUID=4e23e929-4fb0-4bb2-876d-c448ab6fdc4c, command=[]} | ret=SUCCESS |  
2019-09-04 09:33:20,731 | INFO  | SCMAudit | user=jenkins1000 | ip=192.168.69.104 | op=SEND_HEARTBEAT {datanodeUUID=9626cf3a-220d-42c0-b303-e22d032a63b2, command=[]} | ret=SUCCESS |  
2019-09-04 09:33:20,887 [pool-477-thread-1] INFO  storage.RaftStorageDirectory (RaftStorageDirectory.java:tryLock(328)) - Lock on /workdir/hadoop-ozone/integration-test/target/test-dir/MiniOzoneClusterImpl-73d646de-bab2-44de-aaf3-9281ad245be8/datanode-6/data/ratis/4dce973c-2c07-4004-bc60-bfec810f29d0/in_use.lock acquired by nodename 26477@pr-hdds-1569-dvkr5-2373193410
2019-09-04 09:33:20,907 | INFO  | SCMAudit | user=jenkins1000 | ip=192.168.69.104 | op=SEND_HEARTBEAT {datanodeUUID=fee90ff4-ae5b-4370-9a2e-b45e68f319a2, command=[]} | ret=SUCCESS |  
2019-09-04 09:33:20,936 [pool-477-thread-1] INFO  storage.RaftStorage (RaftStorage.java:format(72)) - Storage directory /workdir/hadoop-ozone/integration-test/target/test-dir/MiniOzoneClusterImpl-73d646de-bab2-44de-aaf3-9281ad245be8/datanode-6/data/ratis/4dce973c-2c07-4004-bc60-bfec810f29d0 has been successfully formatted.
2019-09-04 09:33:20,936 [pool-477-thread-1] INFO  ratis.ContainerStateMachine (ContainerStateMachine.java:loadSnapshot(226)) - group-BFEC810F29D0: The snapshot info is null. Setting the last applied indexto:(t:0, i:~)
2019-09-04 09:33:20,936 [pool-477-thread-1] INFO  server.RaftServerConfigKeys (ConfUtils.java:logGet(43)) - raft.server.leader.election.timeout = 120s (custom)
2019-09-04 09:33:20,936 [pool-477-thread-1] INFO  server.RaftServerConfigKeys (ConfUtils.java:logGet(43)) - raft.server.log.use.memory = false (default)
2019-09-04 09:33:20,937 [pool-477-thread-1] INFO  server.RaftServerConfigKeys (ConfUtils.java:logGet(43)) - raft.server.log.purge.gap = 1000000 (custom)
2019-09-04 09:33:20,937 [pool-477-thread-1] INFO  server.RaftServerConfigKeys (ConfUtils.java:logGet(43)) - raft.server.log.appender.buffer.byte-limit = 33554432 (custom)
2019-09-04 09:33:20,937 [pool-477-thread-1] INFO  server.RaftServerConfigKeys (ConfUtils.java:logGet(43)) - raft.server.log.segment.size.max = 1048576 (custom)
2019-09-04 09:33:20,937 [pool-477-thread-1] INFO  server.RaftServerConfigKeys (ConfUtils.java:logGet(43)) - raft.server.log.segment.cache.num.max = 2 (custom)
2019-09-04 09:33:20,937 [pool-477-thread-1] INFO  segmented.SegmentedRaftLogWorker (SegmentedRaftLogWorker.java:<init>(172)) - new 2494cbd6-ce98-4ca5-b34f-2a9f18204c2c-SegmentedRaftLogWorker:Storage Directory /workdir/hadoop-ozone/integration-test/target/test-dir/MiniOzoneClusterImpl-73d646de-bab2-44de-aaf3-9281ad245be8/datanode-6/data/ratis/4dce973c-2c07-4004-bc60-bfec810f29d0 for RaftStorage:Storage Directory /workdir/hadoop-ozone/integration-test/target/test-dir/MiniOzoneClusterImpl-73d646de-bab2-44de-aaf3-9281ad245be8/datanode-6/data/ratis/4dce973c-2c07-4004-bc60-bfec810f29d0
2019-09-04 09:33:20,937 [pool-477-thread-1] INFO  server.RaftServerConfigKeys (ConfUtils.java:logGet(43)) - raft.server.log.queue.byte-limit = 2147483647 (custom)
2019-09-04 09:33:20,937 [pool-477-thread-1] INFO  server.RaftServerConfigKeys (ConfUtils.java:logGet(43)) - raft.server.log.queue.element-limit = 1024 (custom)
2019-09-04 09:33:20,938 [pool-477-thread-1] INFO  server.RaftServerConfigKeys (ConfUtils.java:logGet(43)) - raft.server.log.segment.size.max = 1048576 (custom)
2019-09-04 09:33:20,938 [pool-477-thread-1] INFO  server.RaftServerConfigKeys (ConfUtils.java:logGet(43)) - raft.server.log.preallocated.size = 16384 (custom)
2019-09-04 09:33:20,938 [pool-477-thread-1] INFO  server.RaftServerConfigKeys (ConfUtils.java:logGet(43)) - raft.server.log.write.buffer.size = 33554432 (custom)
2019-09-04 09:33:20,938 [pool-477-thread-1] INFO  server.RaftServerConfigKeys (ConfUtils.java:logGet(43)) - raft.server.log.force.sync.num = 128 (default)
2019-09-04 09:33:20,938 [pool-477-thread-1] INFO  server.RaftServerConfigKeys (ConfUtils.java:logGet(43)) - raft.server.log.statemachine.data.sync = true (default)
2019-09-04 09:33:20,938 [pool-477-thread-1] INFO  server.RaftServerConfigKeys (ConfUtils.java:logGet(43)) - raft.server.log.statemachine.data.sync.timeout = 10s (default)
2019-09-04 09:33:20,938 [pool-477-thread-1] INFO  server.RaftServerConfigKeys (ConfUtils.java:logGet(43)) - raft.server.log.statemachine.data.sync.timeout.retry = -1 (default)
2019-09-04 09:33:20,939 [pool-477-thread-1] INFO  server.RaftServerConfigKeys (ConfUtils.java:logGet(43)) - raft.server.log.statemachine.data.caching.enabled = true (custom)
2019-09-04 09:33:20,939 [pool-477-thread-1] INFO  segmented.SegmentedRaftLogWorker (SegmentedRaftLogWorker.java:lambda$new$0(132)) - 2494cbd6-ce98-4ca5-b34f-2a9f18204c2c-SegmentedRaftLogWorker:Storage Directory /workdir/hadoop-ozone/integration-test/target/test-dir/MiniOzoneClusterImpl-73d646de-bab2-44de-aaf3-9281ad245be8/datanode-6/data/ratis/4dce973c-2c07-4004-bc60-bfec810f29d0: flushIndex: setUnconditionally 0 -> -1
2019-09-04 09:33:20,939 [pool-477-thread-1] INFO  server.RaftServerConfigKeys (ConfUtils.java:logGet(43)) - raft.server.snapshot.auto.trigger.enabled = true (custom)
2019-09-04 09:33:20,939 [pool-477-thread-1] INFO  server.RaftServerConfigKeys (ConfUtils.java:logGet(43)) - raft.server.snapshot.auto.trigger.threshold = 10000 (custom)
2019-09-04 09:33:20,940 [pool-477-thread-1] INFO  server.RaftServerConfigKeys (ConfUtils.java:logGet(43)) - raft.server.retrycache.expirytime = 600000ms (custom)
2019-09-04 09:33:20,940 [pool-477-thread-1] INFO  impl.RaftServerImpl (RaftServerImpl.java:start(180)) - 2494cbd6-ce98-4ca5-b34f-2a9f18204c2c: start group-BFEC810F29D0
2019-09-04 09:33:20,940 [pool-477-thread-1] INFO  impl.RaftServerImpl (RaftServerImpl.java:setRole(171)) - 2494cbd6-ce98-4ca5-b34f-2a9f18204c2c:group-BFEC810F29D0 changes role from null to FOLLOWER at term 0 for startAsFollower
2019-09-04 09:33:20,940 [pool-477-thread-1] INFO  impl.RoleInfo (RoleInfo.java:updateAndGet(143)) - 2494cbd6-ce98-4ca5-b34f-2a9f18204c2c: start FollowerState
2019-09-04 09:33:20,940 [pool-477-thread-1] INFO  util.JmxRegister (JmxRegister.java:tryRegister(44)) - Successfully registered JMX Bean with object name Ratis:service=RaftServer,group=group-BFEC810F29D0,id=2494cbd6-ce98-4ca5-b34f-2a9f18204c2c
2019-09-04 09:33:20,943 [RatisPipelineUtilsThread] INFO  pipeline.PipelineStateManager (PipelineStateManager.java:addPipeline(56)) - Created pipeline Pipeline[ Id: 4dce973c-2c07-4004-bc60-bfec810f29d0, Nodes: 2494cbd6-ce98-4ca5-b34f-2a9f18204c2c{ip: 192.168.69.104, host: pr-hdds-1569-dvkr5-2373193410, networkLocation: /default-rack, certSerialId: null}, Type:RATIS, Factor:ONE, State:OPEN]
2019-09-04 09:33:21,143 | INFO  | SCMAudit | user=jenkins1000 | ip=192.168.69.104 | op=SEND_HEARTBEAT {datanodeUUID=6a110688-e427-4f01-a5b6-cceebbdad1ed, command=[]} | ret=SUCCESS |  
2019-09-04 09:33:21,312 | INFO  | SCMAudit | user=jenkins1000 | ip=192.168.69.104 | op=SEND_HEARTBEAT {datanodeUUID=66a7ded9-d93a-47d1-9f2c-98e6bd60743c, command=[]} | ret=SUCCESS |  
2019-09-04 09:33:21,326 | INFO  | SCMAudit | user=jenkins1000 | ip=192.168.69.104 | op=SEND_HEARTBEAT {datanodeUUID=e937a017-3f4f-4695-ad6d-cb2753d2b845, command=[]} | ret=SUCCESS |  
2019-09-04 09:33:21,339 | INFO  | SCMAudit | user=jenkins1000 | ip=192.168.69.104 | op=SEND_HEARTBEAT {datanodeUUID=18851aac-bbd7-47f5-af1c-17f426b11266, command=[]} | ret=SUCCESS |  
2019-09-04 09:33:21,493 [main] INFO  ozone.MiniOzoneClusterImpl (MiniOzoneClusterImpl.java:lambda$waitForClusterToBeReady$0(142)) - Cluster is ready. Got 7 of 7 DN Heartbeats.
2019-09-04 09:33:21,514 | INFO  | SCMAudit | user=jenkins1000 | ip=192.168.69.104 | op=SEND_HEARTBEAT {datanodeUUID=92f35af7-27d9-4e2d-a282-1637ac15099d, command=[]} | ret=SUCCESS |  
2019-09-04 09:33:21,551 [main] INFO  rpc.RpcClient (RpcClient.java:createVolume(293)) - Creating Volume: watchforcommithandlingtest, with jenkins1000 as owner.
2019-09-04 09:33:21,553 | INFO  | OMAudit | user=jenkins1000 | ip=127.0.0.1 | op=CREATE_VOLUME {admin=jenkins1000, owner=jenkins1000, volume=watchforcommithandlingtest, creationTime=1567589601552, quotaInBytes=1152921504606846976} | ret=SUCCESS |  
2019-09-04 09:33:21,567 | INFO  | OMAudit | user=jenkins1000 | ip=127.0.0.1 | op=READ_VOLUME {volume=watchforcommithandlingtest} | ret=SUCCESS |  
2019-09-04 09:33:21,568 [main] INFO  rpc.RpcClient (RpcClient.java:createBucket(432)) - Creating Bucket: watchforcommithandlingtest/watchforcommithandlingtest, with Versioning false and Storage Type set to DISK and Encryption set to false 
2019-09-04 09:33:21,572 | INFO  | OMAudit | user=jenkins1000 | ip=127.0.0.1 | op=CREATE_BUCKET {volume=watchforcommithandlingtest, bucket=watchforcommithandlingtest, acls=[user:jenkins1000:a[ACCESS], group:default:a[ACCESS]], isVersionEnabled=false, storageType=DISK, creationTime=0} | ret=SUCCESS |  
2019-09-04 09:33:21,572 [main] INFO  ozone.MiniOzoneClusterImpl (MiniOzoneClusterImpl.java:getStorageContainerLocationClient(241)) - Creating StorageContainerLocationProtocol RPC client with address /0.0.0.0:38338
2019-09-04 09:33:21,591 [grpc-default-executor-4] INFO  client.GrpcClientProtocolClient (GrpcClientProtocolClient.java:onNext(255)) - client-A27D453B97D8->66a7ded9-d93a-47d1-9f2c-98e6bd60743c: receive RaftClientReply:client-A27D453B97D8->66a7ded9-d93a-47d1-9f2c-98e6bd60743c@group-E490C312537B, cid=101, FAILED org.apache.ratis.protocol.NotLeaderException: Server 66a7ded9-d93a-47d1-9f2c-98e6bd60743c is not the leader (null). Request must be sent to leader., logIndex=0, commits[66a7ded9-d93a-47d1-9f2c-98e6bd60743c:c-1]
2019-09-04 09:33:21,599 | INFO  | SCMAudit | user=jenkins1000 | ip=192.168.69.104 | op=SEND_HEARTBEAT {datanodeUUID=0ac595d7-a290-4eb2-9411-ef15ff51c194, command=[]} | ret=SUCCESS |  
2019-09-04 09:33:21,699 | INFO  | SCMAudit | user=jenkins1000 | ip=192.168.69.104 | op=SEND_HEARTBEAT {datanodeUUID=4e23e929-4fb0-4bb2-876d-c448ab6fdc4c, command=[]} | ret=SUCCESS |  
2019-09-04 09:33:21,731 | INFO  | SCMAudit | user=jenkins1000 | ip=192.168.69.104 | op=SEND_HEARTBEAT {datanodeUUID=9626cf3a-220d-42c0-b303-e22d032a63b2, command=[]} | ret=SUCCESS |  
2019-09-04 09:33:21,744 | INFO  | SCMAudit | user=jenkins1000 | ip=192.168.69.104 | op=SEND_HEARTBEAT {datanodeUUID=9aea6155-db32-4c39-a652-41f8decfc52c, command=[]} | ret=SUCCESS |  
2019-09-04 09:33:21,908 | INFO  | SCMAudit | user=jenkins1000 | ip=192.168.69.104 | op=SEND_HEARTBEAT {datanodeUUID=fee90ff4-ae5b-4370-9a2e-b45e68f319a2, command=[]} | ret=SUCCESS |  
2019-09-04 09:33:21,920 | INFO  | SCMAudit | user=jenkins1000 | ip=192.168.69.104 | op=SEND_HEARTBEAT {datanodeUUID=84b2a6df-5e5e-4a0f-9979-9c338bba01d8, command=[]} | ret=SUCCESS |  
2019-09-04 09:33:22,128 | INFO  | SCMAudit | user=jenkins1000 | ip=192.168.69.104 | op=SEND_HEARTBEAT {datanodeUUID=0769e572-08ab-4ece-a5d6-c2eb5464bcba, command=[]} | ret=SUCCESS |  
2019-09-04 09:33:22,143 | INFO  | SCMAudit | user=jenkins1000 | ip=192.168.69.104 | op=SEND_HEARTBEAT {datanodeUUID=6a110688-e427-4f01-a5b6-cceebbdad1ed, command=[]} | ret=SUCCESS |  
2019-09-04 09:33:22,301 | INFO  | SCMAudit | user=jenkins1000 | ip=192.168.69.104 | op=SEND_HEARTBEAT {datanodeUUID=e7fa1457-e553-4737-b9d1-e4fadd556e67, command=[]} | ret=SUCCESS |  
2019-09-04 09:33:22,312 | INFO  | SCMAudit | user=jenkins1000 | ip=192.168.69.104 | op=SEND_HEARTBEAT {datanodeUUID=66a7ded9-d93a-47d1-9f2c-98e6bd60743c, command=[]} | ret=SUCCESS |  
2019-09-04 09:33:22,327 | INFO  | SCMAudit | user=jenkins1000 | ip=192.168.69.104 | op=SEND_HEARTBEAT {datanodeUUID=e937a017-3f4f-4695-ad6d-cb2753d2b845, command=[]} | ret=SUCCESS |  
2019-09-04 09:33:22,329 [Thread-2422] INFO  container.ReplicationManager (ReplicationManager.java:start(152)) - Starting Replication Monitor Thread.
2019-09-04 09:33:22,336 [ReplicationMonitor] INFO  container.ReplicationManager (ReplicationManager.java:run(215)) - Replication Monitor Thread took 0 milliseconds for processing 1 containers.
2019-09-04 09:33:22,339 | INFO  | SCMAudit | user=jenkins1000 | ip=192.168.69.104 | op=SEND_HEARTBEAT {datanodeUUID=18851aac-bbd7-47f5-af1c-17f426b11266, command=[]} | ret=SUCCESS |  
2019-09-04 09:33:22,494 | INFO  | SCMAudit | user=jenkins1000 | ip=192.168.69.104 | op=SEND_HEARTBEAT {datanodeUUID=2494cbd6-ce98-4ca5-b34f-2a9f18204c2c, command=[]} | ret=SUCCESS |  
2019-09-04 09:33:22,514 | INFO  | SCMAudit | user=jenkins1000 | ip=192.168.69.104 | op=SEND_HEARTBEAT {datanodeUUID=92f35af7-27d9-4e2d-a282-1637ac15099d, command=[]} | ret=SUCCESS |  
2019-09-04 09:33:22,591 | INFO  | SCMAudit | user=jenkins1000 | ip=192.168.69.104 | op=SEND_HEARTBEAT {datanodeUUID=0ac595d7-a290-4eb2-9411-ef15ff51c194, command=[]} | ret=SUCCESS |  
2019-09-04 09:33:22,612 [grpc-default-executor-4] INFO  client.GrpcClientProtocolClient (GrpcClientProtocolClient.java:onNext(255)) - client-A27D453B97D8->92f35af7-27d9-4e2d-a282-1637ac15099d: receive RaftClientReply:client-A27D453B97D8->92f35af7-27d9-4e2d-a282-1637ac15099d@group-E490C312537B, cid=101, FAILED org.apache.ratis.protocol.NotLeaderException: Server 92f35af7-27d9-4e2d-a282-1637ac15099d is not the leader (null). Request must be sent to leader., logIndex=0, commits[92f35af7-27d9-4e2d-a282-1637ac15099d:c-1]
2019-09-04 09:33:22,699 | INFO  | SCMAudit | user=jenkins1000 | ip=192.168.69.104 | op=SEND_HEARTBEAT {datanodeUUID=4e23e929-4fb0-4bb2-876d-c448ab6fdc4c, command=[]} | ret=SUCCESS |  
2019-09-04 09:33:22,731 | INFO  | SCMAudit | user=jenkins1000 | ip=192.168.69.104 | op=SEND_HEARTBEAT {datanodeUUID=9626cf3a-220d-42c0-b303-e22d032a63b2, command=[]} | ret=SUCCESS |  
2019-09-04 09:33:22,744 | INFO  | SCMAudit | user=jenkins1000 | ip=192.168.69.104 | op=SEND_HEARTBEAT {datanodeUUID=9aea6155-db32-4c39-a652-41f8decfc52c, command=[]} | ret=SUCCESS |  
2019-09-04 09:33:22,907 | INFO  | SCMAudit | user=jenkins1000 | ip=192.168.69.104 | op=SEND_HEARTBEAT {datanodeUUID=fee90ff4-ae5b-4370-9a2e-b45e68f319a2, command=[]} | ret=SUCCESS |  
2019-09-04 09:33:22,921 | INFO  | SCMAudit | user=jenkins1000 | ip=192.168.69.104 | op=SEND_HEARTBEAT {datanodeUUID=84b2a6df-5e5e-4a0f-9979-9c338bba01d8, command=[]} | ret=SUCCESS |  
2019-09-04 09:33:23,128 | INFO  | SCMAudit | user=jenkins1000 | ip=192.168.69.104 | op=SEND_HEARTBEAT {datanodeUUID=0769e572-08ab-4ece-a5d6-c2eb5464bcba, command=[]} | ret=SUCCESS |  
2019-09-04 09:33:23,143 | INFO  | SCMAudit | user=jenkins1000 | ip=192.168.69.104 | op=SEND_HEARTBEAT {datanodeUUID=6a110688-e427-4f01-a5b6-cceebbdad1ed, command=[]} | ret=SUCCESS |  
2019-09-04 09:33:23,302 | INFO  | SCMAudit | user=jenkins1000 | ip=192.168.69.104 | op=SEND_HEARTBEAT {datanodeUUID=e7fa1457-e553-4737-b9d1-e4fadd556e67, command=[]} | ret=SUCCESS |  
2019-09-04 09:33:23,312 | INFO  | SCMAudit | user=jenkins1000 | ip=192.168.69.104 | op=SEND_HEARTBEAT {datanodeUUID=66a7ded9-d93a-47d1-9f2c-98e6bd60743c, command=[]} | ret=SUCCESS |  
2019-09-04 09:33:23,326 | INFO  | SCMAudit | user=jenkins1000 | ip=192.168.69.104 | op=SEND_HEARTBEAT {datanodeUUID=e937a017-3f4f-4695-ad6d-cb2753d2b845, command=[]} | ret=SUCCESS |  
2019-09-04 09:33:23,339 | INFO  | SCMAudit | user=jenkins1000 | ip=192.168.69.104 | op=SEND_HEARTBEAT {datanodeUUID=18851aac-bbd7-47f5-af1c-17f426b11266, command=[]} | ret=SUCCESS |  
2019-09-04 09:33:23,493 | INFO  | SCMAudit | user=jenkins1000 | ip=192.168.69.104 | op=SEND_HEARTBEAT {datanodeUUID=2494cbd6-ce98-4ca5-b34f-2a9f18204c2c, command=[]} | ret=SUCCESS |  
2019-09-04 09:33:23,514 | INFO  | SCMAudit | user=jenkins1000 | ip=192.168.69.104 | op=SEND_HEARTBEAT {datanodeUUID=92f35af7-27d9-4e2d-a282-1637ac15099d, command=[]} | ret=SUCCESS |  
2019-09-04 09:33:23,592 | INFO  | SCMAudit | user=jenkins1000 | ip=192.168.69.104 | op=SEND_HEARTBEAT {datanodeUUID=0ac595d7-a290-4eb2-9411-ef15ff51c194, command=[]} | ret=SUCCESS |  
2019-09-04 09:33:23,623 [grpc-default-executor-3] INFO  client.GrpcClientProtocolClient (GrpcClientProtocolClient.java:onNext(255)) - client-A27D453B97D8->66a7ded9-d93a-47d1-9f2c-98e6bd60743c: receive RaftClientReply:client-A27D453B97D8->66a7ded9-d93a-47d1-9f2c-98e6bd60743c@group-E490C312537B, cid=101, FAILED org.apache.ratis.protocol.NotLeaderException: Server 66a7ded9-d93a-47d1-9f2c-98e6bd60743c is not the leader (null). Request must be sent to leader., logIndex=0, commits[66a7ded9-d93a-47d1-9f2c-98e6bd60743c:c-1]
2019-09-04 09:33:23,700 | INFO  | SCMAudit | user=jenkins1000 | ip=192.168.69.104 | op=SEND_HEARTBEAT {datanodeUUID=4e23e929-4fb0-4bb2-876d-c448ab6fdc4c, command=[]} | ret=SUCCESS |  
2019-09-04 09:33:23,731 | INFO  | SCMAudit | user=jenkins1000 | ip=192.168.69.104 | op=SEND_HEARTBEAT {datanodeUUID=9626cf3a-220d-42c0-b303-e22d032a63b2, command=[]} | ret=SUCCESS |  
2019-09-04 09:33:23,744 | INFO  | SCMAudit | user=jenkins1000 | ip=192.168.69.104 | op=SEND_HEARTBEAT {datanodeUUID=9aea6155-db32-4c39-a652-41f8decfc52c, command=[]} | ret=SUCCESS |  
2019-09-04 09:33:23,908 | INFO  | SCMAudit | user=jenkins1000 | ip=192.168.69.104 | op=SEND_HEARTBEAT {datanodeUUID=fee90ff4-ae5b-4370-9a2e-b45e68f319a2, command=[]} | ret=SUCCESS |  
2019-09-04 09:33:23,921 | INFO  | SCMAudit | user=jenkins1000 | ip=192.168.69.104 | op=SEND_HEARTBEAT {datanodeUUID=84b2a6df-5e5e-4a0f-9979-9c338bba01d8, command=[]} | ret=SUCCESS |  
2019-09-04 09:33:24,129 | INFO  | SCMAudit | user=jenkins1000 | ip=192.168.69.104 | op=SEND_HEARTBEAT {datanodeUUID=0769e572-08ab-4ece-a5d6-c2eb5464bcba, command=[]} | ret=SUCCESS |  
2019-09-04 09:33:24,143 | INFO  | SCMAudit | user=jenkins1000 | ip=192.168.69.104 | op=SEND_HEARTBEAT {datanodeUUID=6a110688-e427-4f01-a5b6-cceebbdad1ed, command=[]} | ret=SUCCESS |  
2019-09-04 09:33:24,301 | INFO  | SCMAudit | user=jenkins1000 | ip=192.168.69.104 | op=SEND_HEARTBEAT {datanodeUUID=e7fa1457-e553-4737-b9d1-e4fadd556e67, command=[]} | ret=SUCCESS |  
2019-09-04 09:33:24,312 | INFO  | SCMAudit | user=jenkins1000 | ip=192.168.69.104 | op=SEND_HEARTBEAT {datanodeUUID=66a7ded9-d93a-47d1-9f2c-98e6bd60743c, command=[]} | ret=SUCCESS |  
2019-09-04 09:33:24,326 | INFO  | SCMAudit | user=jenkins1000 | ip=192.168.69.104 | op=SEND_HEARTBEAT {datanodeUUID=e937a017-3f4f-4695-ad6d-cb2753d2b845, command=[]} | ret=SUCCESS |  
2019-09-04 09:33:24,339 | INFO  | SCMAudit | user=jenkins1000 | ip=192.168.69.104 | op=SEND_HEARTBEAT {datanodeUUID=18851aac-bbd7-47f5-af1c-17f426b11266, command=[]} | ret=SUCCESS |  
2019-09-04 09:33:24,493 | INFO  | SCMAudit | user=jenkins1000 | ip=192.168.69.104 | op=SEND_HEARTBEAT {datanodeUUID=2494cbd6-ce98-4ca5-b34f-2a9f18204c2c, command=[]} | ret=SUCCESS |  
2019-09-04 09:33:24,514 | INFO  | SCMAudit | user=jenkins1000 | ip=192.168.69.104 | op=SEND_HEARTBEAT {datanodeUUID=92f35af7-27d9-4e2d-a282-1637ac15099d, command=[]} | ret=SUCCESS |  
2019-09-04 09:33:24,529 [Thread-2424] INFO  impl.FollowerState (FollowerState.java:run(106)) - 66a7ded9-d93a-47d1-9f2c-98e6bd60743c:group-170D9D5199FE changes to CANDIDATE, lastRpcTime:5163, electionTimeout:5163ms
2019-09-04 09:33:24,529 [Thread-2424] INFO  impl.RoleInfo (RoleInfo.java:shutdownFollowerState(121)) - 66a7ded9-d93a-47d1-9f2c-98e6bd60743c: shutdown FollowerState
2019-09-04 09:33:24,529 [Thread-2424] INFO  impl.RaftServerImpl (RaftServerImpl.java:setRole(171)) - 66a7ded9-d93a-47d1-9f2c-98e6bd60743c:group-170D9D5199FE changes role from FOLLOWER to CANDIDATE at term 0 for changeToCandidate
2019-09-04 09:33:24,529 [Thread-2424] INFO  impl.RoleInfo (RoleInfo.java:updateAndGet(143)) - 66a7ded9-d93a-47d1-9f2c-98e6bd60743c: start LeaderElection
2019-09-04 09:33:24,553 [66a7ded9-d93a-47d1-9f2c-98e6bd60743c:group-170D9D5199FE:LeaderElection89] INFO  impl.LeaderElection (LeaderElection.java:askForVotes(181)) - 66a7ded9-d93a-47d1-9f2c-98e6bd60743c:group-170D9D5199FE:LeaderElection89: begin an election at term 1 for -1: [66a7ded9-d93a-47d1-9f2c-98e6bd60743c:192.168.69.104:33517], old=null
2019-09-04 09:33:24,553 [66a7ded9-d93a-47d1-9f2c-98e6bd60743c:group-170D9D5199FE:LeaderElection89] INFO  impl.RoleInfo (RoleInfo.java:shutdownLeaderElection(134)) - 66a7ded9-d93a-47d1-9f2c-98e6bd60743c: shutdown LeaderElection
2019-09-04 09:33:24,553 [66a7ded9-d93a-47d1-9f2c-98e6bd60743c:group-170D9D5199FE:LeaderElection89] INFO  impl.RaftServerImpl (RaftServerImpl.java:setRole(171)) - 66a7ded9-d93a-47d1-9f2c-98e6bd60743c:group-170D9D5199FE changes role from CANDIDATE to LEADER at term 1 for changeToLeader
2019-09-04 09:33:24,553 [66a7ded9-d93a-47d1-9f2c-98e6bd60743c:group-170D9D5199FE:LeaderElection89] INFO  impl.RaftServerImpl (ServerState.java:setLeader(263)) - 66a7ded9-d93a-47d1-9f2c-98e6bd60743c:group-170D9D5199FE change Leader from null to 66a7ded9-d93a-47d1-9f2c-98e6bd60743c at term 1 for becomeLeader, leader elected after 5192ms
2019-09-04 09:33:24,554 [66a7ded9-d93a-47d1-9f2c-98e6bd60743c:group-170D9D5199FE:LeaderElection89] INFO  server.RaftServerConfigKeys (ConfUtils.java:logGet(43)) - raft.server.staging.catchup.gap = 1000 (default)
2019-09-04 09:33:24,554 [66a7ded9-d93a-47d1-9f2c-98e6bd60743c:group-170D9D5199FE:LeaderElection89] INFO  server.RaftServerConfigKeys (ConfUtils.java:logGet(43)) - raft.server.rpc.sleep.time = 25ms (default)
2019-09-04 09:33:24,554 [66a7ded9-d93a-47d1-9f2c-98e6bd60743c:group-170D9D5199FE:LeaderElection89] INFO  server.RaftServerConfigKeys (ConfUtils.java:logGet(43)) - raft.server.write.element-limit = 4096 (default)
2019-09-04 09:33:24,554 [66a7ded9-d93a-47d1-9f2c-98e6bd60743c:group-170D9D5199FE:LeaderElection89] INFO  server.RaftServerConfigKeys (ConfUtils.java:logGet(43)) - raft.server.watch.timeout = 10s (default)
2019-09-04 09:33:24,554 [66a7ded9-d93a-47d1-9f2c-98e6bd60743c:group-170D9D5199FE:LeaderElection89] INFO  server.RaftServerConfigKeys (ConfUtils.java:logGet(43)) - raft.server.watch.timeout.denomination = 1s (default)
2019-09-04 09:33:24,554 [66a7ded9-d93a-47d1-9f2c-98e6bd60743c:group-170D9D5199FE:LeaderElection89] INFO  server.RaftServerConfigKeys (ConfUtils.java:logGet(43)) - raft.server.watch.element-limit = 65536 (default)
2019-09-04 09:33:24,554 [66a7ded9-d93a-47d1-9f2c-98e6bd60743c:group-170D9D5199FE:LeaderElection89] INFO  impl.RoleInfo (RoleInfo.java:updateAndGet(143)) - 66a7ded9-d93a-47d1-9f2c-98e6bd60743c: start LeaderState
2019-09-04 09:33:24,555 [66a7ded9-d93a-47d1-9f2c-98e6bd60743c:group-170D9D5199FE:LeaderElection89] INFO  segmented.SegmentedRaftLogWorker (SegmentedRaftLogWorker.java:startLogSegment(380)) - 66a7ded9-d93a-47d1-9f2c-98e6bd60743c-SegmentedRaftLogWorker:Storage Directory /workdir/hadoop-ozone/integration-test/target/test-dir/MiniOzoneClusterImpl-73d646de-bab2-44de-aaf3-9281ad245be8/datanode-0/data/ratis/619f9c47-8a68-4fd3-8c2d-170d9d5199fe: Starting segment from index:0
2019-09-04 09:33:24,555 [66a7ded9-d93a-47d1-9f2c-98e6bd60743c:group-170D9D5199FE:LeaderElection89] INFO  impl.RaftServerImpl (ServerState.java:setRaftConf(361)) - 66a7ded9-d93a-47d1-9f2c-98e6bd60743c:group-170D9D5199FE set configuration 0: [66a7ded9-d93a-47d1-9f2c-98e6bd60743c:192.168.69.104:33517], old=null at 0
2019-09-04 09:33:24,591 | INFO  | SCMAudit | user=jenkins1000 | ip=192.168.69.104 | op=SEND_HEARTBEAT {datanodeUUID=0ac595d7-a290-4eb2-9411-ef15ff51c194, command=[]} | ret=SUCCESS |  
2019-09-04 09:33:24,600 [66a7ded9-d93a-47d1-9f2c-98e6bd60743c-SegmentedRaftLogWorker:Storage Directory /workdir/hadoop-ozone/integration-test/target/test-dir/MiniOzoneClusterImpl-73d646de-bab2-44de-aaf3-9281ad245be8/datanode-0/data/ratis/619f9c47-8a68-4fd3-8c2d-170d9d5199fe] INFO  segmented.SegmentedRaftLogWorker (SegmentedRaftLogWorker.java:execute(569)) - 66a7ded9-d93a-47d1-9f2c-98e6bd60743c-SegmentedRaftLogWorker:Storage Directory /workdir/hadoop-ozone/integration-test/target/test-dir/MiniOzoneClusterImpl-73d646de-bab2-44de-aaf3-9281ad245be8/datanode-0/data/ratis/619f9c47-8a68-4fd3-8c2d-170d9d5199fe: created new log segment /workdir/hadoop-ozone/integration-test/target/test-dir/MiniOzoneClusterImpl-73d646de-bab2-44de-aaf3-9281ad245be8/datanode-0/data/ratis/619f9c47-8a68-4fd3-8c2d-170d9d5199fe/current/log_inprogress_0
2019-09-04 09:33:24,636 [grpc-default-executor-3] INFO  client.GrpcClientProtocolClient (GrpcClientProtocolClient.java:onNext(255)) - client-A27D453B97D8->92f35af7-27d9-4e2d-a282-1637ac15099d: receive RaftClientReply:client-A27D453B97D8->92f35af7-27d9-4e2d-a282-1637ac15099d@group-E490C312537B, cid=101, FAILED org.apache.ratis.protocol.NotLeaderException: Server 92f35af7-27d9-4e2d-a282-1637ac15099d is not the leader (null). Request must be sent to leader., logIndex=0, commits[92f35af7-27d9-4e2d-a282-1637ac15099d:c-1]
2019-09-04 09:33:24,700 | INFO  | SCMAudit | user=jenkins1000 | ip=192.168.69.104 | op=SEND_HEARTBEAT {datanodeUUID=4e23e929-4fb0-4bb2-876d-c448ab6fdc4c, command=[]} | ret=SUCCESS |  
2019-09-04 09:33:24,731 | INFO  | SCMAudit | user=jenkins1000 | ip=192.168.69.104 | op=SEND_HEARTBEAT {datanodeUUID=9626cf3a-220d-42c0-b303-e22d032a63b2, command=[]} | ret=SUCCESS |  
2019-09-04 09:33:24,744 | INFO  | SCMAudit | user=jenkins1000 | ip=192.168.69.104 | op=SEND_HEARTBEAT {datanodeUUID=9aea6155-db32-4c39-a652-41f8decfc52c, command=[]} | ret=SUCCESS |  
2019-09-04 09:33:24,783 [Thread-2429] INFO  impl.FollowerState (FollowerState.java:run(106)) - 92f35af7-27d9-4e2d-a282-1637ac15099d:group-D01B63529814 changes to CANDIDATE, lastRpcTime:5191, electionTimeout:5191ms
2019-09-04 09:33:24,783 [Thread-2429] INFO  impl.RoleInfo (RoleInfo.java:shutdownFollowerState(121)) - 92f35af7-27d9-4e2d-a282-1637ac15099d: shutdown FollowerState
2019-09-04 09:33:24,783 [Thread-2429] INFO  impl.RaftServerImpl (RaftServerImpl.java:setRole(171)) - 92f35af7-27d9-4e2d-a282-1637ac15099d:group-D01B63529814 changes role from FOLLOWER to CANDIDATE at term 0 for changeToCandidate
2019-09-04 09:33:24,783 [Thread-2429] INFO  impl.RoleInfo (RoleInfo.java:updateAndGet(143)) - 92f35af7-27d9-4e2d-a282-1637ac15099d: start LeaderElection
2019-09-04 09:33:24,813 [92f35af7-27d9-4e2d-a282-1637ac15099d:group-D01B63529814:LeaderElection90] INFO  impl.LeaderElection (LeaderElection.java:askForVotes(181)) - 92f35af7-27d9-4e2d-a282-1637ac15099d:group-D01B63529814:LeaderElection90: begin an election at term 1 for -1: [92f35af7-27d9-4e2d-a282-1637ac15099d:192.168.69.104:34703], old=null
2019-09-04 09:33:24,813 [92f35af7-27d9-4e2d-a282-1637ac15099d:group-D01B63529814:LeaderElection90] INFO  impl.RoleInfo (RoleInfo.java:shutdownLeaderElection(134)) - 92f35af7-27d9-4e2d-a282-1637ac15099d: shutdown LeaderElection
2019-09-04 09:33:24,813 [92f35af7-27d9-4e2d-a282-1637ac15099d:group-D01B63529814:LeaderElection90] INFO  impl.RaftServerImpl (RaftServerImpl.java:setRole(171)) - 92f35af7-27d9-4e2d-a282-1637ac15099d:group-D01B63529814 changes role from CANDIDATE to LEADER at term 1 for changeToLeader
2019-09-04 09:33:24,813 [92f35af7-27d9-4e2d-a282-1637ac15099d:group-D01B63529814:LeaderElection90] INFO  impl.RaftServerImpl (ServerState.java:setLeader(263)) - 92f35af7-27d9-4e2d-a282-1637ac15099d:group-D01B63529814 change Leader from null to 92f35af7-27d9-4e2d-a282-1637ac15099d at term 1 for becomeLeader, leader elected after 5224ms
2019-09-04 09:33:24,813 [92f35af7-27d9-4e2d-a282-1637ac15099d:group-D01B63529814:LeaderElection90] INFO  server.RaftServerConfigKeys (ConfUtils.java:logGet(43)) - raft.server.staging.catchup.gap = 1000 (default)
2019-09-04 09:33:24,813 [92f35af7-27d9-4e2d-a282-1637ac15099d:group-D01B63529814:LeaderElection90] INFO  server.RaftServerConfigKeys (ConfUtils.java:logGet(43)) - raft.server.rpc.sleep.time = 25ms (default)
2019-09-04 09:33:24,813 [92f35af7-27d9-4e2d-a282-1637ac15099d:group-D01B63529814:LeaderElection90] INFO  server.RaftServerConfigKeys (ConfUtils.java:logGet(43)) - raft.server.write.element-limit = 4096 (default)
2019-09-04 09:33:24,814 [92f35af7-27d9-4e2d-a282-1637ac15099d:group-D01B63529814:LeaderElection90] INFO  server.RaftServerConfigKeys (ConfUtils.java:logGet(43)) - raft.server.watch.timeout = 10s (default)
2019-09-04 09:33:24,814 [92f35af7-27d9-4e2d-a282-1637ac15099d:group-D01B63529814:LeaderElection90] INFO  server.RaftServerConfigKeys (ConfUtils.java:logGet(43)) - raft.server.watch.timeout.denomination = 1s (default)
2019-09-04 09:33:24,814 [92f35af7-27d9-4e2d-a282-1637ac15099d:group-D01B63529814:LeaderElection90] INFO  server.RaftServerConfigKeys (ConfUtils.java:logGet(43)) - raft.server.watch.element-limit = 65536 (default)
2019-09-04 09:33:24,814 [92f35af7-27d9-4e2d-a282-1637ac15099d:group-D01B63529814:LeaderElection90] INFO  impl.RoleInfo (RoleInfo.java:updateAndGet(143)) - 92f35af7-27d9-4e2d-a282-1637ac15099d: start LeaderState
2019-09-04 09:33:24,814 [92f35af7-27d9-4e2d-a282-1637ac15099d:group-D01B63529814:LeaderElection90] INFO  segmented.SegmentedRaftLogWorker (SegmentedRaftLogWorker.java:startLogSegment(380)) - 92f35af7-27d9-4e2d-a282-1637ac15099d-SegmentedRaftLogWorker:Storage Directory /workdir/hadoop-ozone/integration-test/target/test-dir/MiniOzoneClusterImpl-73d646de-bab2-44de-aaf3-9281ad245be8/datanode-1/data/ratis/52ea51c0-1e14-453e-aa95-d01b63529814: Starting segment from index:0
2019-09-04 09:33:24,815 [92f35af7-27d9-4e2d-a282-1637ac15099d:group-D01B63529814:LeaderElection90] INFO  impl.RaftServerImpl (ServerState.java:setRaftConf(361)) - 92f35af7-27d9-4e2d-a282-1637ac15099d:group-D01B63529814 set configuration 0: [92f35af7-27d9-4e2d-a282-1637ac15099d:192.168.69.104:34703], old=null at 0
2019-09-04 09:33:24,865 [92f35af7-27d9-4e2d-a282-1637ac15099d-SegmentedRaftLogWorker:Storage Directory /workdir/hadoop-ozone/integration-test/target/test-dir/MiniOzoneClusterImpl-73d646de-bab2-44de-aaf3-9281ad245be8/datanode-1/data/ratis/52ea51c0-1e14-453e-aa95-d01b63529814] INFO  segmented.SegmentedRaftLogWorker (SegmentedRaftLogWorker.java:execute(569)) - 92f35af7-27d9-4e2d-a282-1637ac15099d-SegmentedRaftLogWorker:Storage Directory /workdir/hadoop-ozone/integration-test/target/test-dir/MiniOzoneClusterImpl-73d646de-bab2-44de-aaf3-9281ad245be8/datanode-1/data/ratis/52ea51c0-1e14-453e-aa95-d01b63529814: created new log segment /workdir/hadoop-ozone/integration-test/target/test-dir/MiniOzoneClusterImpl-73d646de-bab2-44de-aaf3-9281ad245be8/datanode-1/data/ratis/52ea51c0-1e14-453e-aa95-d01b63529814/current/log_inprogress_0
2019-09-04 09:33:24,898 [Thread-2432] INFO  impl.FollowerState (FollowerState.java:run(106)) - 9aea6155-db32-4c39-a652-41f8decfc52c:group-86EACDBFC262 changes to CANDIDATE, lastRpcTime:5080, electionTimeout:5080ms
2019-09-04 09:33:24,899 [Thread-2432] INFO  impl.RoleInfo (RoleInfo.java:shutdownFollowerState(121)) - 9aea6155-db32-4c39-a652-41f8decfc52c: shutdown FollowerState
2019-09-04 09:33:24,899 [Thread-2432] INFO  impl.RaftServerImpl (RaftServerImpl.java:setRole(171)) - 9aea6155-db32-4c39-a652-41f8decfc52c:group-86EACDBFC262 changes role from FOLLOWER to CANDIDATE at term 0 for changeToCandidate
2019-09-04 09:33:24,899 [Thread-2432] INFO  impl.RoleInfo (RoleInfo.java:updateAndGet(143)) - 9aea6155-db32-4c39-a652-41f8decfc52c: start LeaderElection
2019-09-04 09:33:24,924 | INFO  | SCMAudit | user=jenkins1000 | ip=192.168.69.104 | op=SEND_HEARTBEAT {datanodeUUID=84b2a6df-5e5e-4a0f-9979-9c338bba01d8, command=[]} | ret=SUCCESS |  
2019-09-04 09:33:24,924 | INFO  | SCMAudit | user=jenkins1000 | ip=192.168.69.104 | op=SEND_HEARTBEAT {datanodeUUID=fee90ff4-ae5b-4370-9a2e-b45e68f319a2, command=[]} | ret=SUCCESS |  
2019-09-04 09:33:24,938 [Thread-2438] INFO  impl.FollowerState (FollowerState.java:run(106)) - 66a7ded9-d93a-47d1-9f2c-98e6bd60743c:group-E490C312537B changes to CANDIDATE, lastRpcTime:5069, electionTimeout:5069ms
2019-09-04 09:33:24,938 [Thread-2438] INFO  impl.RoleInfo (RoleInfo.java:shutdownFollowerState(121)) - 66a7ded9-d93a-47d1-9f2c-98e6bd60743c: shutdown FollowerState
2019-09-04 09:33:24,939 [Thread-2438] INFO  impl.RaftServerImpl (RaftServerImpl.java:setRole(171)) - 66a7ded9-d93a-47d1-9f2c-98e6bd60743c:group-E490C312537B changes role from FOLLOWER to CANDIDATE at term 0 for changeToCandidate
2019-09-04 09:33:24,939 [9aea6155-db32-4c39-a652-41f8decfc52c:group-86EACDBFC262:LeaderElection91] INFO  impl.LeaderElection (LeaderElection.java:askForVotes(181)) - 9aea6155-db32-4c39-a652-41f8decfc52c:group-86EACDBFC262:LeaderElection91: begin an election at term 1 for -1: [9aea6155-db32-4c39-a652-41f8decfc52c:192.168.69.104:40482], old=null
2019-09-04 09:33:24,939 [Thread-2438] INFO  impl.RoleInfo (RoleInfo.java:updateAndGet(143)) - 66a7ded9-d93a-47d1-9f2c-98e6bd60743c: start LeaderElection
2019-09-04 09:33:24,939 [9aea6155-db32-4c39-a652-41f8decfc52c:group-86EACDBFC262:LeaderElection91] INFO  impl.RoleInfo (RoleInfo.java:shutdownLeaderElection(134)) - 9aea6155-db32-4c39-a652-41f8decfc52c: shutdown LeaderElection
2019-09-04 09:33:24,939 [9aea6155-db32-4c39-a652-41f8decfc52c:group-86EACDBFC262:LeaderElection91] INFO  impl.RaftServerImpl (RaftServerImpl.java:setRole(171)) - 9aea6155-db32-4c39-a652-41f8decfc52c:group-86EACDBFC262 changes role from CANDIDATE to LEADER at term 1 for changeToLeader
2019-09-04 09:33:24,939 [9aea6155-db32-4c39-a652-41f8decfc52c:group-86EACDBFC262:LeaderElection91] INFO  impl.RaftServerImpl (ServerState.java:setLeader(263)) - 9aea6155-db32-4c39-a652-41f8decfc52c:group-86EACDBFC262 change Leader from null to 9aea6155-db32-4c39-a652-41f8decfc52c at term 1 for becomeLeader, leader elected after 5124ms
2019-09-04 09:33:24,940 [9aea6155-db32-4c39-a652-41f8decfc52c:group-86EACDBFC262:LeaderElection91] INFO  server.RaftServerConfigKeys (ConfUtils.java:logGet(43)) - raft.server.staging.catchup.gap = 1000 (default)
2019-09-04 09:33:24,945 [9aea6155-db32-4c39-a652-41f8decfc52c:group-86EACDBFC262:LeaderElection91] INFO  server.RaftServerConfigKeys (ConfUtils.java:logGet(43)) - raft.server.rpc.sleep.time = 25ms (default)
2019-09-04 09:33:24,945 [9aea6155-db32-4c39-a652-41f8decfc52c:group-86EACDBFC262:LeaderElection91] INFO  server.RaftServerConfigKeys (ConfUtils.java:logGet(43)) - raft.server.write.element-limit = 4096 (default)
2019-09-04 09:33:24,946 [9aea6155-db32-4c39-a652-41f8decfc52c:group-86EACDBFC262:LeaderElection91] INFO  server.RaftServerConfigKeys (ConfUtils.java:logGet(43)) - raft.server.watch.timeout = 10s (default)
2019-09-04 09:33:24,946 [9aea6155-db32-4c39-a652-41f8decfc52c:group-86EACDBFC262:LeaderElection91] INFO  server.RaftServerConfigKeys (ConfUtils.java:logGet(43)) - raft.server.watch.timeout.denomination = 1s (default)
2019-09-04 09:33:24,946 [9aea6155-db32-4c39-a652-41f8decfc52c:group-86EACDBFC262:LeaderElection91] INFO  server.RaftServerConfigKeys (ConfUtils.java:logGet(43)) - raft.server.watch.element-limit = 65536 (default)
2019-09-04 09:33:24,946 [9aea6155-db32-4c39-a652-41f8decfc52c:group-86EACDBFC262:LeaderElection91] INFO  impl.RoleInfo (RoleInfo.java:updateAndGet(143)) - 9aea6155-db32-4c39-a652-41f8decfc52c: start LeaderState
2019-09-04 09:33:24,946 [9aea6155-db32-4c39-a652-41f8decfc52c:group-86EACDBFC262:LeaderElection91] INFO  segmented.SegmentedRaftLogWorker (SegmentedRaftLogWorker.java:startLogSegment(380)) - 9aea6155-db32-4c39-a652-41f8decfc52c-SegmentedRaftLogWorker:Storage Directory /workdir/hadoop-ozone/integration-test/target/test-dir/MiniOzoneClusterImpl-73d646de-bab2-44de-aaf3-9281ad245be8/datanode-2/data/ratis/ab40886d-ca36-4eaf-a3db-86eacdbfc262: Starting segment from index:0
2019-09-04 09:33:24,947 [9aea6155-db32-4c39-a652-41f8decfc52c:group-86EACDBFC262:LeaderElection91] INFO  impl.RaftServerImpl (ServerState.java:setRaftConf(361)) - 9aea6155-db32-4c39-a652-41f8decfc52c:group-86EACDBFC262 set configuration 0: [9aea6155-db32-4c39-a652-41f8decfc52c:192.168.69.104:40482], old=null at 0
2019-09-04 09:33:24,958 [Thread-2441] INFO  impl.FollowerState (FollowerState.java:run(106)) - 9aea6155-db32-4c39-a652-41f8decfc52c:group-E490C312537B changes to CANDIDATE, lastRpcTime:5088, electionTimeout:5088ms
2019-09-04 09:33:24,958 [Thread-2441] INFO  impl.RoleInfo (RoleInfo.java:shutdownFollowerState(121)) - 9aea6155-db32-4c39-a652-41f8decfc52c: shutdown FollowerState
2019-09-04 09:33:24,958 [Thread-2441] INFO  impl.RaftServerImpl (RaftServerImpl.java:setRole(171)) - 9aea6155-db32-4c39-a652-41f8decfc52c:group-E490C312537B changes role from FOLLOWER to CANDIDATE at term 0 for changeToCandidate
2019-09-04 09:33:24,958 [Thread-2441] INFO  impl.RoleInfo (RoleInfo.java:updateAndGet(143)) - 9aea6155-db32-4c39-a652-41f8decfc52c: start LeaderElection
2019-09-04 09:33:24,997 [66a7ded9-d93a-47d1-9f2c-98e6bd60743c:group-E490C312537B:LeaderElection92] INFO  impl.LeaderElection (LeaderElection.java:askForVotes(181)) - 66a7ded9-d93a-47d1-9f2c-98e6bd60743c:group-E490C312537B:LeaderElection92: begin an election at term 1 for -1: [66a7ded9-d93a-47d1-9f2c-98e6bd60743c:192.168.69.104:33517, 9aea6155-db32-4c39-a652-41f8decfc52c:192.168.69.104:40482, 92f35af7-27d9-4e2d-a282-1637ac15099d:192.168.69.104:34703], old=null
2019-09-04 09:33:25,007 [Thread-2444] INFO  impl.FollowerState (FollowerState.java:run(106)) - 84b2a6df-5e5e-4a0f-9979-9c338bba01d8:group-55A1AC6C6BAB changes to CANDIDATE, lastRpcTime:5021, electionTimeout:5020ms
2019-09-04 09:33:25,008 [Thread-2444] INFO  impl.RoleInfo (RoleInfo.java:shutdownFollowerState(121)) - 84b2a6df-5e5e-4a0f-9979-9c338bba01d8: shutdown FollowerState
2019-09-04 09:33:25,008 [Thread-2444] INFO  impl.RaftServerImpl (RaftServerImpl.java:setRole(171)) - 84b2a6df-5e5e-4a0f-9979-9c338bba01d8:group-55A1AC6C6BAB changes role from FOLLOWER to CANDIDATE at term 0 for changeToCandidate
2019-09-04 09:33:25,008 [Thread-2444] INFO  impl.RoleInfo (RoleInfo.java:updateAndGet(143)) - 84b2a6df-5e5e-4a0f-9979-9c338bba01d8: start LeaderElection
2019-09-04 09:33:25,015 [9aea6155-db32-4c39-a652-41f8decfc52c-SegmentedRaftLogWorker:Storage Directory /workdir/hadoop-ozone/integration-test/target/test-dir/MiniOzoneClusterImpl-73d646de-bab2-44de-aaf3-9281ad245be8/datanode-2/data/ratis/ab40886d-ca36-4eaf-a3db-86eacdbfc262] INFO  segmented.SegmentedRaftLogWorker (SegmentedRaftLogWorker.java:execute(569)) - 9aea6155-db32-4c39-a652-41f8decfc52c-SegmentedRaftLogWorker:Storage Directory /workdir/hadoop-ozone/integration-test/target/test-dir/MiniOzoneClusterImpl-73d646de-bab2-44de-aaf3-9281ad245be8/datanode-2/data/ratis/ab40886d-ca36-4eaf-a3db-86eacdbfc262: created new log segment /workdir/hadoop-ozone/integration-test/target/test-dir/MiniOzoneClusterImpl-73d646de-bab2-44de-aaf3-9281ad245be8/datanode-2/data/ratis/ab40886d-ca36-4eaf-a3db-86eacdbfc262/current/log_inprogress_0
2019-09-04 09:33:25,020 [9aea6155-db32-4c39-a652-41f8decfc52c:group-E490C312537B:LeaderElection93] INFO  impl.LeaderElection (LeaderElection.java:askForVotes(181)) - 9aea6155-db32-4c39-a652-41f8decfc52c:group-E490C312537B:LeaderElection93: begin an election at term 1 for -1: [66a7ded9-d93a-47d1-9f2c-98e6bd60743c:192.168.69.104:33517, 9aea6155-db32-4c39-a652-41f8decfc52c:192.168.69.104:40482, 92f35af7-27d9-4e2d-a282-1637ac15099d:192.168.69.104:34703], old=null
2019-09-04 09:33:25,021 [grpc-default-executor-1] INFO  impl.RaftServerImpl (RaftServerImpl.java:setRole(171)) - 92f35af7-27d9-4e2d-a282-1637ac15099d:group-E490C312537B changes role from FOLLOWER to FOLLOWER at term 1 for recognizeCandidate:66a7ded9-d93a-47d1-9f2c-98e6bd60743c
2019-09-04 09:33:25,022 [grpc-default-executor-1] INFO  impl.RoleInfo (RoleInfo.java:shutdownFollowerState(121)) - 92f35af7-27d9-4e2d-a282-1637ac15099d: shutdown FollowerState
2019-09-04 09:33:25,022 [grpc-default-executor-1] INFO  impl.RoleInfo (RoleInfo.java:updateAndGet(143)) - 92f35af7-27d9-4e2d-a282-1637ac15099d: start FollowerState
2019-09-04 09:33:25,023 [Thread-2435] INFO  impl.FollowerState (FollowerState.java:run(114)) - 92f35af7-27d9-4e2d-a282-1637ac15099d: FollowerState was interrupted: java.lang.InterruptedException: sleep interrupted
2019-09-04 09:33:25,037 [84b2a6df-5e5e-4a0f-9979-9c338bba01d8:group-55A1AC6C6BAB:LeaderElection94] INFO  impl.LeaderElection (LeaderElection.java:askForVotes(181)) - 84b2a6df-5e5e-4a0f-9979-9c338bba01d8:group-55A1AC6C6BAB:LeaderElection94: begin an election at term 1 for -1: [84b2a6df-5e5e-4a0f-9979-9c338bba01d8:192.168.69.104:38895], old=null
2019-09-04 09:33:25,037 [84b2a6df-5e5e-4a0f-9979-9c338bba01d8:group-55A1AC6C6BAB:LeaderElection94] INFO  impl.RoleInfo (RoleInfo.java:shutdownLeaderElection(134)) - 84b2a6df-5e5e-4a0f-9979-9c338bba01d8: shutdown LeaderElection
2019-09-04 09:33:25,037 [84b2a6df-5e5e-4a0f-9979-9c338bba01d8:group-55A1AC6C6BAB:LeaderElection94] INFO  impl.RaftServerImpl (RaftServerImpl.java:setRole(171)) - 84b2a6df-5e5e-4a0f-9979-9c338bba01d8:group-55A1AC6C6BAB changes role from CANDIDATE to LEADER at term 1 for changeToLeader
2019-09-04 09:33:25,037 [84b2a6df-5e5e-4a0f-9979-9c338bba01d8:group-55A1AC6C6BAB:LeaderElection94] INFO  impl.RaftServerImpl (ServerState.java:setLeader(263)) - 84b2a6df-5e5e-4a0f-9979-9c338bba01d8:group-55A1AC6C6BAB change Leader from null to 84b2a6df-5e5e-4a0f-9979-9c338bba01d8 at term 1 for becomeLeader, leader elected after 5054ms
2019-09-04 09:33:25,037 [84b2a6df-5e5e-4a0f-9979-9c338bba01d8:group-55A1AC6C6BAB:LeaderElection94] INFO  server.RaftServerConfigKeys (ConfUtils.java:logGet(43)) - raft.server.staging.catchup.gap = 1000 (default)
2019-09-04 09:33:25,037 [84b2a6df-5e5e-4a0f-9979-9c338bba01d8:group-55A1AC6C6BAB:LeaderElection94] INFO  server.RaftServerConfigKeys (ConfUtils.java:logGet(43)) - raft.server.rpc.sleep.time = 25ms (default)
2019-09-04 09:33:25,038 [84b2a6df-5e5e-4a0f-9979-9c338bba01d8:group-55A1AC6C6BAB:LeaderElection94] INFO  server.RaftServerConfigKeys (ConfUtils.java:logGet(43)) - raft.server.write.element-limit = 4096 (default)
2019-09-04 09:33:25,038 [66a7ded9-d93a-47d1-9f2c-98e6bd60743c:group-E490C312537B:LeaderElection92] INFO  impl.LeaderElection (LeaderElection.java:logAndReturn(56)) - 66a7ded9-d93a-47d1-9f2c-98e6bd60743c:group-E490C312537B:LeaderElection92: Election PASSED; received 2 response(s) [66a7ded9-d93a-47d1-9f2c-98e6bd60743c<-9aea6155-db32-4c39-a652-41f8decfc52c#0:FAIL-t1, 66a7ded9-d93a-47d1-9f2c-98e6bd60743c<-92f35af7-27d9-4e2d-a282-1637ac15099d#0:OK-t1] and 0 exception(s); 66a7ded9-d93a-47d1-9f2c-98e6bd60743c:t1, leader=null, voted=66a7ded9-d93a-47d1-9f2c-98e6bd60743c, raftlog=66a7ded9-d93a-47d1-9f2c-98e6bd60743c-SegmentedRaftLog:OPENED:c-1,f-1,i0, conf=-1: [66a7ded9-d93a-47d1-9f2c-98e6bd60743c:192.168.69.104:33517, 9aea6155-db32-4c39-a652-41f8decfc52c:192.168.69.104:40482, 92f35af7-27d9-4e2d-a282-1637ac15099d:192.168.69.104:34703], old=null
2019-09-04 09:33:25,038 [9aea6155-db32-4c39-a652-41f8decfc52c:group-E490C312537B:LeaderElection93] INFO  impl.LeaderElection (LeaderElection.java:logAndReturn(56)) - 9aea6155-db32-4c39-a652-41f8decfc52c:group-E490C312537B:LeaderElection93: Election REJECTED; received 2 response(s) [9aea6155-db32-4c39-a652-41f8decfc52c<-66a7ded9-d93a-47d1-9f2c-98e6bd60743c#0:FAIL-t1, 9aea6155-db32-4c39-a652-41f8decfc52c<-92f35af7-27d9-4e2d-a282-1637ac15099d#0:FAIL-t1] and 0 exception(s); 9aea6155-db32-4c39-a652-41f8decfc52c:t1, leader=null, voted=9aea6155-db32-4c39-a652-41f8decfc52c, raftlog=9aea6155-db32-4c39-a652-41f8decfc52c-SegmentedRaftLog:OPENED:c-1,f-1,i0, conf=-1: [66a7ded9-d93a-47d1-9f2c-98e6bd60743c:192.168.69.104:33517, 9aea6155-db32-4c39-a652-41f8decfc52c:192.168.69.104:40482, 92f35af7-27d9-4e2d-a282-1637ac15099d:192.168.69.104:34703], old=null
2019-09-04 09:33:25,038 [84b2a6df-5e5e-4a0f-9979-9c338bba01d8:group-55A1AC6C6BAB:LeaderElection94] INFO  server.RaftServerConfigKeys (ConfUtils.java:logGet(43)) - raft.server.watch.timeout = 10s (default)
2019-09-04 09:33:25,038 [9aea6155-db32-4c39-a652-41f8decfc52c:group-E490C312537B:LeaderElection93] INFO  impl.RaftServerImpl (RaftServerImpl.java:setRole(171)) - 9aea6155-db32-4c39-a652-41f8decfc52c:group-E490C312537B changes role from CANDIDATE to FOLLOWER at term 1 for DISCOVERED_A_NEW_TERM
2019-09-04 09:33:25,038 [66a7ded9-d93a-47d1-9f2c-98e6bd60743c:group-E490C312537B:LeaderElection92] INFO  impl.RoleInfo (RoleInfo.java:shutdownLeaderElection(134)) - 66a7ded9-d93a-47d1-9f2c-98e6bd60743c: shutdown LeaderElection
2019-09-04 09:33:25,039 [9aea6155-db32-4c39-a652-41f8decfc52c:group-E490C312537B:LeaderElection93] INFO  impl.RoleInfo (RoleInfo.java:shutdownLeaderElection(134)) - 9aea6155-db32-4c39-a652-41f8decfc52c: shutdown LeaderElection
2019-09-04 09:33:25,038 [84b2a6df-5e5e-4a0f-9979-9c338bba01d8:group-55A1AC6C6BAB:LeaderElection94] INFO  server.RaftServerConfigKeys (ConfUtils.java:logGet(43)) - raft.server.watch.timeout.denomination = 1s (default)
2019-09-04 09:33:25,039 [9aea6155-db32-4c39-a652-41f8decfc52c:group-E490C312537B:LeaderElection93] INFO  impl.RoleInfo (RoleInfo.java:updateAndGet(143)) - 9aea6155-db32-4c39-a652-41f8decfc52c: start FollowerState
2019-09-04 09:33:25,039 [66a7ded9-d93a-47d1-9f2c-98e6bd60743c:group-E490C312537B:LeaderElection92] INFO  impl.RaftServerImpl (RaftServerImpl.java:setRole(171)) - 66a7ded9-d93a-47d1-9f2c-98e6bd60743c:group-E490C312537B changes role from CANDIDATE to LEADER at term 1 for changeToLeader
2019-09-04 09:33:25,039 [84b2a6df-5e5e-4a0f-9979-9c338bba01d8:group-55A1AC6C6BAB:LeaderElection94] INFO  server.RaftServerConfigKeys (ConfUtils.java:logGet(43)) - raft.server.watch.element-limit = 65536 (default)
2019-09-04 09:33:25,039 [66a7ded9-d93a-47d1-9f2c-98e6bd60743c:group-E490C312537B:LeaderElection92] INFO  impl.RaftServerImpl (ServerState.java:setLeader(263)) - 66a7ded9-d93a-47d1-9f2c-98e6bd60743c:group-E490C312537B change Leader from null to 66a7ded9-d93a-47d1-9f2c-98e6bd60743c at term 1 for becomeLeader, leader elected after 5176ms
2019-09-04 09:33:25,040 [84b2a6df-5e5e-4a0f-9979-9c338bba01d8:group-55A1AC6C6BAB:LeaderElection94] INFO  impl.RoleInfo (RoleInfo.java:updateAndGet(143)) - 84b2a6df-5e5e-4a0f-9979-9c338bba01d8: start LeaderState
2019-09-04 09:33:25,040 [66a7ded9-d93a-47d1-9f2c-98e6bd60743c:group-E490C312537B:LeaderElection92] INFO  server.RaftServerConfigKeys (ConfUtils.java:logGet(43)) - raft.server.staging.catchup.gap = 1000 (default)
2019-09-04 09:33:25,040 [84b2a6df-5e5e-4a0f-9979-9c338bba01d8:group-55A1AC6C6BAB:LeaderElection94] INFO  segmented.SegmentedRaftLogWorker (SegmentedRaftLogWorker.java:startLogSegment(380)) - 84b2a6df-5e5e-4a0f-9979-9c338bba01d8-SegmentedRaftLogWorker:Storage Directory /workdir/hadoop-ozone/integration-test/target/test-dir/MiniOzoneClusterImpl-73d646de-bab2-44de-aaf3-9281ad245be8/datanode-3/data/ratis/f7896766-37ef-4c2b-8553-55a1ac6c6bab: Starting segment from index:0
2019-09-04 09:33:25,040 [66a7ded9-d93a-47d1-9f2c-98e6bd60743c:group-E490C312537B:LeaderElection92] INFO  server.RaftServerConfigKeys (ConfUtils.java:logGet(43)) - raft.server.rpc.sleep.time = 25ms (default)
2019-09-04 09:33:25,040 [66a7ded9-d93a-47d1-9f2c-98e6bd60743c:group-E490C312537B:LeaderElection92] INFO  server.RaftServerConfigKeys (ConfUtils.java:logGet(43)) - raft.server.write.element-limit = 4096 (default)
2019-09-04 09:33:25,041 [84b2a6df-5e5e-4a0f-9979-9c338bba01d8:group-55A1AC6C6BAB:LeaderElection94] INFO  impl.RaftServerImpl (ServerState.java:setRaftConf(361)) - 84b2a6df-5e5e-4a0f-9979-9c338bba01d8:group-55A1AC6C6BAB set configuration 0: [84b2a6df-5e5e-4a0f-9979-9c338bba01d8:192.168.69.104:38895], old=null at 0
2019-09-04 09:33:25,041 [66a7ded9-d93a-47d1-9f2c-98e6bd60743c:group-E490C312537B:LeaderElection92] INFO  server.RaftServerConfigKeys (ConfUtils.java:logGet(43)) - raft.server.watch.timeout = 10s (default)
2019-09-04 09:33:25,041 [66a7ded9-d93a-47d1-9f2c-98e6bd60743c:group-E490C312537B:LeaderElection92] INFO  server.RaftServerConfigKeys (ConfUtils.java:logGet(43)) - raft.server.watch.timeout.denomination = 1s (default)
2019-09-04 09:33:25,041 [66a7ded9-d93a-47d1-9f2c-98e6bd60743c:group-E490C312537B:LeaderElection92] INFO  server.RaftServerConfigKeys (ConfUtils.java:logGet(43)) - raft.server.watch.element-limit = 65536 (default)
2019-09-04 09:33:25,041 [66a7ded9-d93a-47d1-9f2c-98e6bd60743c:group-E490C312537B:LeaderElection92] INFO  server.RaftServerConfigKeys (ConfUtils.java:logGet(43)) - raft.server.log.appender.snapshot.chunk.size.max = 16MB (=16777216) (default)
2019-09-04 09:33:25,042 [66a7ded9-d93a-47d1-9f2c-98e6bd60743c:group-E490C312537B:LeaderElection92] INFO  server.RaftServerConfigKeys (ConfUtils.java:logGet(43)) - raft.server.log.appender.buffer.byte-limit = 33554432 (custom)
2019-09-04 09:33:25,042 [66a7ded9-d93a-47d1-9f2c-98e6bd60743c:group-E490C312537B:LeaderElection92] INFO  server.RaftServerConfigKeys (ConfUtils.java:logGet(43)) - raft.server.log.appender.buffer.element-limit = 1 (custom)
2019-09-04 09:33:25,042 [66a7ded9-d93a-47d1-9f2c-98e6bd60743c:group-E490C312537B:LeaderElection92] INFO  grpc.GrpcConfigKeys$Server (ConfUtils.java:logGet(43)) - raft.grpc.server.leader.outstanding.appends.max = 128 (default)
2019-09-04 09:33:25,042 [66a7ded9-d93a-47d1-9f2c-98e6bd60743c:group-E490C312537B:LeaderElection92] INFO  server.RaftServerConfigKeys (ConfUtils.java:logGet(43)) - raft.server.rpc.request.timeout = 3000ms (default)
2019-09-04 09:33:25,043 [66a7ded9-d93a-47d1-9f2c-98e6bd60743c:group-E490C312537B:LeaderElection92] INFO  server.RaftServerConfigKeys (ConfUtils.java:logGet(43)) - raft.server.log.appender.install.snapshot.enabled = false (custom)
2019-09-04 09:33:25,043 [66a7ded9-d93a-47d1-9f2c-98e6bd60743c:group-E490C312537B:LeaderElection92] INFO  server.RaftServerConfigKeys (ConfUtils.java:logGet(43)) - raft.server.log.appender.snapshot.chunk.size.max = 16MB (=16777216) (default)
2019-09-04 09:33:25,043 [66a7ded9-d93a-47d1-9f2c-98e6bd60743c:group-E490C312537B:LeaderElection92] INFO  server.RaftServerConfigKeys (ConfUtils.java:logGet(43)) - raft.server.log.appender.buffer.byte-limit = 33554432 (custom)
2019-09-04 09:33:25,043 [66a7ded9-d93a-47d1-9f2c-98e6bd60743c:group-E490C312537B:LeaderElection92] INFO  server.RaftServerConfigKeys (ConfUtils.java:logGet(43)) - raft.server.log.appender.buffer.element-limit = 1 (custom)
2019-09-04 09:33:25,043 [66a7ded9-d93a-47d1-9f2c-98e6bd60743c:group-E490C312537B:LeaderElection92] INFO  grpc.GrpcConfigKeys$Server (ConfUtils.java:logGet(43)) - raft.grpc.server.leader.outstanding.appends.max = 128 (default)
2019-09-04 09:33:25,044 [66a7ded9-d93a-47d1-9f2c-98e6bd60743c:group-E490C312537B:LeaderElection92] INFO  server.RaftServerConfigKeys (ConfUtils.java:logGet(43)) - raft.server.rpc.request.timeout = 3000ms (default)
2019-09-04 09:33:25,044 [66a7ded9-d93a-47d1-9f2c-98e6bd60743c:group-E490C312537B:LeaderElection92] INFO  server.RaftServerConfigKeys (ConfUtils.java:logGet(43)) - raft.server.log.appender.install.snapshot.enabled = false (custom)
2019-09-04 09:33:25,044 [66a7ded9-d93a-47d1-9f2c-98e6bd60743c:group-E490C312537B:LeaderElection92] INFO  impl.RoleInfo (RoleInfo.java:updateAndGet(143)) - 66a7ded9-d93a-47d1-9f2c-98e6bd60743c: start LeaderState
2019-09-04 09:33:25,044 [66a7ded9-d93a-47d1-9f2c-98e6bd60743c:group-E490C312537B:LeaderElection92] INFO  segmented.SegmentedRaftLogWorker (SegmentedRaftLogWorker.java:startLogSegment(380)) - 66a7ded9-d93a-47d1-9f2c-98e6bd60743c-SegmentedRaftLogWorker:Storage Directory /workdir/hadoop-ozone/integration-test/target/test-dir/MiniOzoneClusterImpl-73d646de-bab2-44de-aaf3-9281ad245be8/datanode-0/data/ratis/e56e152c-b012-4d21-a224-e490c312537b: Starting segment from index:0
2019-09-04 09:33:25,045 [66a7ded9-d93a-47d1-9f2c-98e6bd60743c:group-E490C312537B:LeaderElection92] INFO  impl.RaftServerImpl (ServerState.java:setRaftConf(361)) - 66a7ded9-d93a-47d1-9f2c-98e6bd60743c:group-E490C312537B set configuration 0: [66a7ded9-d93a-47d1-9f2c-98e6bd60743c:192.168.69.104:33517, 9aea6155-db32-4c39-a652-41f8decfc52c:192.168.69.104:40482, 92f35af7-27d9-4e2d-a282-1637ac15099d:192.168.69.104:34703], old=null at 0
2019-09-04 09:33:25,046 [grpc-default-executor-4] INFO  impl.RaftServerImpl (ServerState.java:setLeader(263)) - 92f35af7-27d9-4e2d-a282-1637ac15099d:group-E490C312537B change Leader from null to 66a7ded9-d93a-47d1-9f2c-98e6bd60743c at term 1 for appendEntries, leader elected after 5183ms
2019-09-04 09:33:25,046 [grpc-default-executor-1] INFO  impl.RaftServerImpl (ServerState.java:setLeader(263)) - 9aea6155-db32-4c39-a652-41f8decfc52c:group-E490C312537B change Leader from null to 66a7ded9-d93a-47d1-9f2c-98e6bd60743c at term 1 for appendEntries, leader elected after 5183ms
2019-09-04 09:33:25,049 [grpc-default-executor-4] INFO  impl.RaftServerImpl (ServerState.java:setRaftConf(361)) - 92f35af7-27d9-4e2d-a282-1637ac15099d:group-E490C312537B set configuration 0: [66a7ded9-d93a-47d1-9f2c-98e6bd60743c:192.168.69.104:33517, 9aea6155-db32-4c39-a652-41f8decfc52c:192.168.69.104:40482, 92f35af7-27d9-4e2d-a282-1637ac15099d:192.168.69.104:34703], old=null at 0
2019-09-04 09:33:25,050 [grpc-default-executor-1] INFO  impl.RaftServerImpl (ServerState.java:setRaftConf(361)) - 9aea6155-db32-4c39-a652-41f8decfc52c:group-E490C312537B set configuration 0: [66a7ded9-d93a-47d1-9f2c-98e6bd60743c:192.168.69.104:33517, 9aea6155-db32-4c39-a652-41f8decfc52c:192.168.69.104:40482, 92f35af7-27d9-4e2d-a282-1637ac15099d:192.168.69.104:34703], old=null at 0
2019-09-04 09:33:25,050 [grpc-default-executor-4] INFO  segmented.SegmentedRaftLogWorker (SegmentedRaftLogWorker.java:startLogSegment(380)) - 92f35af7-27d9-4e2d-a282-1637ac15099d-SegmentedRaftLogWorker:Storage Directory /workdir/hadoop-ozone/integration-test/target/test-dir/MiniOzoneClusterImpl-73d646de-bab2-44de-aaf3-9281ad245be8/datanode-1/data/ratis/e56e152c-b012-4d21-a224-e490c312537b: Starting segment from index:0
2019-09-04 09:33:25,050 [grpc-default-executor-1] INFO  segmented.SegmentedRaftLogWorker (SegmentedRaftLogWorker.java:startLogSegment(380)) - 9aea6155-db32-4c39-a652-41f8decfc52c-SegmentedRaftLogWorker:Storage Directory /workdir/hadoop-ozone/integration-test/target/test-dir/MiniOzoneClusterImpl-73d646de-bab2-44de-aaf3-9281ad245be8/datanode-2/data/ratis/e56e152c-b012-4d21-a224-e490c312537b: Starting segment from index:0
2019-09-04 09:33:25,097 [84b2a6df-5e5e-4a0f-9979-9c338bba01d8-SegmentedRaftLogWorker:Storage Directory /workdir/hadoop-ozone/integration-test/target/test-dir/MiniOzoneClusterImpl-73d646de-bab2-44de-aaf3-9281ad245be8/datanode-3/data/ratis/f7896766-37ef-4c2b-8553-55a1ac6c6bab] INFO  segmented.SegmentedRaftLogWorker (SegmentedRaftLogWorker.java:execute(569)) - 84b2a6df-5e5e-4a0f-9979-9c338bba01d8-SegmentedRaftLogWorker:Storage Directory /workdir/hadoop-ozone/integration-test/target/test-dir/MiniOzoneClusterImpl-73d646de-bab2-44de-aaf3-9281ad245be8/datanode-3/data/ratis/f7896766-37ef-4c2b-8553-55a1ac6c6bab: created new log segment /workdir/hadoop-ozone/integration-test/target/test-dir/MiniOzoneClusterImpl-73d646de-bab2-44de-aaf3-9281ad245be8/datanode-3/data/ratis/f7896766-37ef-4c2b-8553-55a1ac6c6bab/current/log_inprogress_0
2019-09-04 09:33:25,097 [92f35af7-27d9-4e2d-a282-1637ac15099d-SegmentedRaftLogWorker:Storage Directory /workdir/hadoop-ozone/integration-test/target/test-dir/MiniOzoneClusterImpl-73d646de-bab2-44de-aaf3-9281ad245be8/datanode-1/data/ratis/e56e152c-b012-4d21-a224-e490c312537b] INFO  segmented.SegmentedRaftLogWorker (SegmentedRaftLogWorker.java:execute(569)) - 92f35af7-27d9-4e2d-a282-1637ac15099d-SegmentedRaftLogWorker:Storage Directory /workdir/hadoop-ozone/integration-test/target/test-dir/MiniOzoneClusterImpl-73d646de-bab2-44de-aaf3-9281ad245be8/datanode-1/data/ratis/e56e152c-b012-4d21-a224-e490c312537b: created new log segment /workdir/hadoop-ozone/integration-test/target/test-dir/MiniOzoneClusterImpl-73d646de-bab2-44de-aaf3-9281ad245be8/datanode-1/data/ratis/e56e152c-b012-4d21-a224-e490c312537b/current/log_inprogress_0
2019-09-04 09:33:25,097 [9aea6155-db32-4c39-a652-41f8decfc52c-SegmentedRaftLogWorker:Storage Directory /workdir/hadoop-ozone/integration-test/target/test-dir/MiniOzoneClusterImpl-73d646de-bab2-44de-aaf3-9281ad245be8/datanode-2/data/ratis/e56e152c-b012-4d21-a224-e490c312537b] INFO  segmented.SegmentedRaftLogWorker (SegmentedRaftLogWorker.java:execute(569)) - 9aea6155-db32-4c39-a652-41f8decfc52c-SegmentedRaftLogWorker:Storage Directory /workdir/hadoop-ozone/integration-test/target/test-dir/MiniOzoneClusterImpl-73d646de-bab2-44de-aaf3-9281ad245be8/datanode-2/data/ratis/e56e152c-b012-4d21-a224-e490c312537b: created new log segment /workdir/hadoop-ozone/integration-test/target/test-dir/MiniOzoneClusterImpl-73d646de-bab2-44de-aaf3-9281ad245be8/datanode-2/data/ratis/e56e152c-b012-4d21-a224-e490c312537b/current/log_inprogress_0
2019-09-04 09:33:25,097 [66a7ded9-d93a-47d1-9f2c-98e6bd60743c-SegmentedRaftLogWorker:Storage Directory /workdir/hadoop-ozone/integration-test/target/test-dir/MiniOzoneClusterImpl-73d646de-bab2-44de-aaf3-9281ad245be8/datanode-0/data/ratis/e56e152c-b012-4d21-a224-e490c312537b] INFO  segmented.SegmentedRaftLogWorker (SegmentedRaftLogWorker.java:execute(569)) - 66a7ded9-d93a-47d1-9f2c-98e6bd60743c-SegmentedRaftLogWorker:Storage Directory /workdir/hadoop-ozone/integration-test/target/test-dir/MiniOzoneClusterImpl-73d646de-bab2-44de-aaf3-9281ad245be8/datanode-0/data/ratis/e56e152c-b012-4d21-a224-e490c312537b: created new log segment /workdir/hadoop-ozone/integration-test/target/test-dir/MiniOzoneClusterImpl-73d646de-bab2-44de-aaf3-9281ad245be8/datanode-0/data/ratis/e56e152c-b012-4d21-a224-e490c312537b/current/log_inprogress_0
2019-09-04 09:33:25,129 | INFO  | SCMAudit | user=jenkins1000 | ip=192.168.69.104 | op=SEND_HEARTBEAT {datanodeUUID=0769e572-08ab-4ece-a5d6-c2eb5464bcba, command=[]} | ret=SUCCESS |  
2019-09-04 09:33:25,143 | INFO  | SCMAudit | user=jenkins1000 | ip=192.168.69.104 | op=SEND_HEARTBEAT {datanodeUUID=6a110688-e427-4f01-a5b6-cceebbdad1ed, command=[]} | ret=SUCCESS |  
2019-09-04 09:33:25,238 [Thread-2447] INFO  impl.FollowerState (FollowerState.java:run(106)) - 0769e572-08ab-4ece-a5d6-c2eb5464bcba:group-2AF2F8CF8BAA changes to CANDIDATE, lastRpcTime:5061, electionTimeout:5061ms
2019-09-04 09:33:25,238 [Thread-2447] INFO  impl.RoleInfo (RoleInfo.java:shutdownFollowerState(121)) - 0769e572-08ab-4ece-a5d6-c2eb5464bcba: shutdown FollowerState
2019-09-04 09:33:25,238 [Thread-2447] INFO  impl.RaftServerImpl (RaftServerImpl.java:setRole(171)) - 0769e572-08ab-4ece-a5d6-c2eb5464bcba:group-2AF2F8CF8BAA changes role from FOLLOWER to CANDIDATE at term 0 for changeToCandidate
2019-09-04 09:33:25,238 [Thread-2447] INFO  impl.RoleInfo (RoleInfo.java:updateAndGet(143)) - 0769e572-08ab-4ece-a5d6-c2eb5464bcba: start LeaderElection
2019-09-04 09:33:25,269 [0769e572-08ab-4ece-a5d6-c2eb5464bcba:group-2AF2F8CF8BAA:LeaderElection95] INFO  impl.LeaderElection (LeaderElection.java:askForVotes(181)) - 0769e572-08ab-4ece-a5d6-c2eb5464bcba:group-2AF2F8CF8BAA:LeaderElection95: begin an election at term 1 for -1: [0769e572-08ab-4ece-a5d6-c2eb5464bcba:192.168.69.104:34982], old=null
2019-09-04 09:33:25,269 [0769e572-08ab-4ece-a5d6-c2eb5464bcba:group-2AF2F8CF8BAA:LeaderElection95] INFO  impl.RoleInfo (RoleInfo.java:shutdownLeaderElection(134)) - 0769e572-08ab-4ece-a5d6-c2eb5464bcba: shutdown LeaderElection
2019-09-04 09:33:25,269 [0769e572-08ab-4ece-a5d6-c2eb5464bcba:group-2AF2F8CF8BAA:LeaderElection95] INFO  impl.RaftServerImpl (RaftServerImpl.java:setRole(171)) - 0769e572-08ab-4ece-a5d6-c2eb5464bcba:group-2AF2F8CF8BAA changes role from CANDIDATE to LEADER at term 1 for changeToLeader
2019-09-04 09:33:25,269 [0769e572-08ab-4ece-a5d6-c2eb5464bcba:group-2AF2F8CF8BAA:LeaderElection95] INFO  impl.RaftServerImpl (ServerState.java:setLeader(263)) - 0769e572-08ab-4ece-a5d6-c2eb5464bcba:group-2AF2F8CF8BAA change Leader from null to 0769e572-08ab-4ece-a5d6-c2eb5464bcba at term 1 for becomeLeader, leader elected after 5095ms
2019-09-04 09:33:25,269 [0769e572-08ab-4ece-a5d6-c2eb5464bcba:group-2AF2F8CF8BAA:LeaderElection95] INFO  server.RaftServerConfigKeys (ConfUtils.java:logGet(43)) - raft.server.staging.catchup.gap = 1000 (default)
2019-09-04 09:33:25,270 [0769e572-08ab-4ece-a5d6-c2eb5464bcba:group-2AF2F8CF8BAA:LeaderElection95] INFO  server.RaftServerConfigKeys (ConfUtils.java:logGet(43)) - raft.server.rpc.sleep.time = 25ms (default)
2019-09-04 09:33:25,270 [0769e572-08ab-4ece-a5d6-c2eb5464bcba:group-2AF2F8CF8BAA:LeaderElection95] INFO  server.RaftServerConfigKeys (ConfUtils.java:logGet(43)) - raft.server.write.element-limit = 4096 (default)
2019-09-04 09:33:25,270 [0769e572-08ab-4ece-a5d6-c2eb5464bcba:group-2AF2F8CF8BAA:LeaderElection95] INFO  server.RaftServerConfigKeys (ConfUtils.java:logGet(43)) - raft.server.watch.timeout = 10s (default)
2019-09-04 09:33:25,270 [0769e572-08ab-4ece-a5d6-c2eb5464bcba:group-2AF2F8CF8BAA:LeaderElection95] INFO  server.RaftServerConfigKeys (ConfUtils.java:logGet(43)) - raft.server.watch.timeout.denomination = 1s (default)
2019-09-04 09:33:25,270 [0769e572-08ab-4ece-a5d6-c2eb5464bcba:group-2AF2F8CF8BAA:LeaderElection95] INFO  server.RaftServerConfigKeys (ConfUtils.java:logGet(43)) - raft.server.watch.element-limit = 65536 (default)
2019-09-04 09:33:25,270 [0769e572-08ab-4ece-a5d6-c2eb5464bcba:group-2AF2F8CF8BAA:LeaderElection95] INFO  impl.RoleInfo (RoleInfo.java:updateAndGet(143)) - 0769e572-08ab-4ece-a5d6-c2eb5464bcba: start LeaderState
2019-09-04 09:33:25,271 [0769e572-08ab-4ece-a5d6-c2eb5464bcba:group-2AF2F8CF8BAA:LeaderElection95] INFO  segmented.SegmentedRaftLogWorker (SegmentedRaftLogWorker.java:startLogSegment(380)) - 0769e572-08ab-4ece-a5d6-c2eb5464bcba-SegmentedRaftLogWorker:Storage Directory /workdir/hadoop-ozone/integration-test/target/test-dir/MiniOzoneClusterImpl-73d646de-bab2-44de-aaf3-9281ad245be8/datanode-4/data/ratis/e2b9da41-b1fd-4e34-8f5d-2af2f8cf8baa: Starting segment from index:0
2019-09-04 09:33:25,271 [0769e572-08ab-4ece-a5d6-c2eb5464bcba:group-2AF2F8CF8BAA:LeaderElection95] INFO  impl.RaftServerImpl (ServerState.java:setRaftConf(361)) - 0769e572-08ab-4ece-a5d6-c2eb5464bcba:group-2AF2F8CF8BAA set configuration 0: [0769e572-08ab-4ece-a5d6-c2eb5464bcba:192.168.69.104:34982], old=null at 0
2019-09-04 09:33:25,301 | INFO  | SCMAudit | user=jenkins1000 | ip=192.168.69.104 | op=SEND_HEARTBEAT {datanodeUUID=e7fa1457-e553-4737-b9d1-e4fadd556e67, command=[]} | ret=SUCCESS |  
2019-09-04 09:33:25,312 | INFO  | SCMAudit | user=jenkins1000 | ip=192.168.69.104 | op=SEND_HEARTBEAT {datanodeUUID=66a7ded9-d93a-47d1-9f2c-98e6bd60743c, command=[]} | ret=SUCCESS |  
2019-09-04 09:33:25,326 | INFO  | SCMAudit | user=jenkins1000 | ip=192.168.69.104 | op=SEND_HEARTBEAT {datanodeUUID=e937a017-3f4f-4695-ad6d-cb2753d2b845, command=[]} | ret=SUCCESS |  
2019-09-04 09:33:25,326 [0769e572-08ab-4ece-a5d6-c2eb5464bcba-SegmentedRaftLogWorker:Storage Directory /workdir/hadoop-ozone/integration-test/target/test-dir/MiniOzoneClusterImpl-73d646de-bab2-44de-aaf3-9281ad245be8/datanode-4/data/ratis/e2b9da41-b1fd-4e34-8f5d-2af2f8cf8baa] INFO  segmented.SegmentedRaftLogWorker (SegmentedRaftLogWorker.java:execute(569)) - 0769e572-08ab-4ece-a5d6-c2eb5464bcba-SegmentedRaftLogWorker:Storage Directory /workdir/hadoop-ozone/integration-test/target/test-dir/MiniOzoneClusterImpl-73d646de-bab2-44de-aaf3-9281ad245be8/datanode-4/data/ratis/e2b9da41-b1fd-4e34-8f5d-2af2f8cf8baa: created new log segment /workdir/hadoop-ozone/integration-test/target/test-dir/MiniOzoneClusterImpl-73d646de-bab2-44de-aaf3-9281ad245be8/datanode-4/data/ratis/e2b9da41-b1fd-4e34-8f5d-2af2f8cf8baa/current/log_inprogress_0
2019-09-04 09:33:25,339 | INFO  | SCMAudit | user=jenkins1000 | ip=192.168.69.104 | op=SEND_HEARTBEAT {datanodeUUID=18851aac-bbd7-47f5-af1c-17f426b11266, command=[]} | ret=SUCCESS |  
2019-09-04 09:33:25,438 [Thread-2450] INFO  impl.FollowerState (FollowerState.java:run(106)) - e7fa1457-e553-4737-b9d1-e4fadd556e67:group-E0AD9BF7EB30 changes to CANDIDATE, lastRpcTime:5055, electionTimeout:5055ms
2019-09-04 09:33:25,439 [Thread-2450] INFO  impl.RoleInfo (RoleInfo.java:shutdownFollowerState(121)) - e7fa1457-e553-4737-b9d1-e4fadd556e67: shutdown FollowerState
2019-09-04 09:33:25,439 [Thread-2450] INFO  impl.RaftServerImpl (RaftServerImpl.java:setRole(171)) - e7fa1457-e553-4737-b9d1-e4fadd556e67:group-E0AD9BF7EB30 changes role from FOLLOWER to CANDIDATE at term 0 for changeToCandidate
2019-09-04 09:33:25,439 [Thread-2450] INFO  impl.RoleInfo (RoleInfo.java:updateAndGet(143)) - e7fa1457-e553-4737-b9d1-e4fadd556e67: start LeaderElection
2019-09-04 09:33:25,464 [e7fa1457-e553-4737-b9d1-e4fadd556e67:group-E0AD9BF7EB30:LeaderElection96] INFO  impl.LeaderElection (LeaderElection.java:askForVotes(181)) - e7fa1457-e553-4737-b9d1-e4fadd556e67:group-E0AD9BF7EB30:LeaderElection96: begin an election at term 1 for -1: [e7fa1457-e553-4737-b9d1-e4fadd556e67:192.168.69.104:38367], old=null
2019-09-04 09:33:25,465 [e7fa1457-e553-4737-b9d1-e4fadd556e67:group-E0AD9BF7EB30:LeaderElection96] INFO  impl.RoleInfo (RoleInfo.java:shutdownLeaderElection(134)) - e7fa1457-e553-4737-b9d1-e4fadd556e67: shutdown LeaderElection
2019-09-04 09:33:25,465 [e7fa1457-e553-4737-b9d1-e4fadd556e67:group-E0AD9BF7EB30:LeaderElection96] INFO  impl.RaftServerImpl (RaftServerImpl.java:setRole(171)) - e7fa1457-e553-4737-b9d1-e4fadd556e67:group-E0AD9BF7EB30 changes role from CANDIDATE to LEADER at term 1 for changeToLeader
2019-09-04 09:33:25,465 [e7fa1457-e553-4737-b9d1-e4fadd556e67:group-E0AD9BF7EB30:LeaderElection96] INFO  impl.RaftServerImpl (ServerState.java:setLeader(263)) - e7fa1457-e553-4737-b9d1-e4fadd556e67:group-E0AD9BF7EB30 change Leader from null to e7fa1457-e553-4737-b9d1-e4fadd556e67 at term 1 for becomeLeader, leader elected after 5086ms
2019-09-04 09:33:25,465 [e7fa1457-e553-4737-b9d1-e4fadd556e67:group-E0AD9BF7EB30:LeaderElection96] INFO  server.RaftServerConfigKeys (ConfUtils.java:logGet(43)) - raft.server.staging.catchup.gap = 1000 (default)
2019-09-04 09:33:25,465 [e7fa1457-e553-4737-b9d1-e4fadd556e67:group-E0AD9BF7EB30:LeaderElection96] INFO  server.RaftServerConfigKeys (ConfUtils.java:logGet(43)) - raft.server.rpc.sleep.time = 25ms (default)
2019-09-04 09:33:25,465 [e7fa1457-e553-4737-b9d1-e4fadd556e67:group-E0AD9BF7EB30:LeaderElection96] INFO  server.RaftServerConfigKeys (ConfUtils.java:logGet(43)) - raft.server.write.element-limit = 4096 (default)
2019-09-04 09:33:25,465 [e7fa1457-e553-4737-b9d1-e4fadd556e67:group-E0AD9BF7EB30:LeaderElection96] INFO  server.RaftServerConfigKeys (ConfUtils.java:logGet(43)) - raft.server.watch.timeout = 10s (default)
2019-09-04 09:33:25,465 [e7fa1457-e553-4737-b9d1-e4fadd556e67:group-E0AD9BF7EB30:LeaderElection96] INFO  server.RaftServerConfigKeys (ConfUtils.java:logGet(43)) - raft.server.watch.timeout.denomination = 1s (default)
2019-09-04 09:33:25,466 [e7fa1457-e553-4737-b9d1-e4fadd556e67:group-E0AD9BF7EB30:LeaderElection96] INFO  server.RaftServerConfigKeys (ConfUtils.java:logGet(43)) - raft.server.watch.element-limit = 65536 (default)
2019-09-04 09:33:25,466 [e7fa1457-e553-4737-b9d1-e4fadd556e67:group-E0AD9BF7EB30:LeaderElection96] INFO  impl.RoleInfo (RoleInfo.java:updateAndGet(143)) - e7fa1457-e553-4737-b9d1-e4fadd556e67: start LeaderState
2019-09-04 09:33:25,466 [e7fa1457-e553-4737-b9d1-e4fadd556e67:group-E0AD9BF7EB30:LeaderElection96] INFO  segmented.SegmentedRaftLogWorker (SegmentedRaftLogWorker.java:startLogSegment(380)) - e7fa1457-e553-4737-b9d1-e4fadd556e67-SegmentedRaftLogWorker:Storage Directory /workdir/hadoop-ozone/integration-test/target/test-dir/MiniOzoneClusterImpl-73d646de-bab2-44de-aaf3-9281ad245be8/datanode-5/data/ratis/0d7d516b-7638-4470-80ec-e0ad9bf7eb30: Starting segment from index:0
2019-09-04 09:33:25,466 [e7fa1457-e553-4737-b9d1-e4fadd556e67:group-E0AD9BF7EB30:LeaderElection96] INFO  impl.RaftServerImpl (ServerState.java:setRaftConf(361)) - e7fa1457-e553-4737-b9d1-e4fadd556e67:group-E0AD9BF7EB30 set configuration 0: [e7fa1457-e553-4737-b9d1-e4fadd556e67:192.168.69.104:38367], old=null at 0
2019-09-04 09:33:25,494 | INFO  | SCMAudit | user=jenkins1000 | ip=192.168.69.104 | op=SEND_HEARTBEAT {datanodeUUID=2494cbd6-ce98-4ca5-b34f-2a9f18204c2c, command=[]} | ret=SUCCESS |  
2019-09-04 09:33:25,514 | INFO  | SCMAudit | user=jenkins1000 | ip=192.168.69.104 | op=SEND_HEARTBEAT {datanodeUUID=92f35af7-27d9-4e2d-a282-1637ac15099d, command=[]} | ret=SUCCESS |  
2019-09-04 09:33:25,516 [e7fa1457-e553-4737-b9d1-e4fadd556e67-SegmentedRaftLogWorker:Storage Directory /workdir/hadoop-ozone/integration-test/target/test-dir/MiniOzoneClusterImpl-73d646de-bab2-44de-aaf3-9281ad245be8/datanode-5/data/ratis/0d7d516b-7638-4470-80ec-e0ad9bf7eb30] INFO  segmented.SegmentedRaftLogWorker (SegmentedRaftLogWorker.java:execute(569)) - e7fa1457-e553-4737-b9d1-e4fadd556e67-SegmentedRaftLogWorker:Storage Directory /workdir/hadoop-ozone/integration-test/target/test-dir/MiniOzoneClusterImpl-73d646de-bab2-44de-aaf3-9281ad245be8/datanode-5/data/ratis/0d7d516b-7638-4470-80ec-e0ad9bf7eb30: created new log segment /workdir/hadoop-ozone/integration-test/target/test-dir/MiniOzoneClusterImpl-73d646de-bab2-44de-aaf3-9281ad245be8/datanode-5/data/ratis/0d7d516b-7638-4470-80ec-e0ad9bf7eb30/current/log_inprogress_0
2019-09-04 09:33:25,550 [Thread-2453] INFO  impl.FollowerState (FollowerState.java:run(106)) - e7fa1457-e553-4737-b9d1-e4fadd556e67:group-25AE50A0726C changes to CANDIDATE, lastRpcTime:5097, electionTimeout:5097ms
2019-09-04 09:33:25,550 [Thread-2453] INFO  impl.RoleInfo (RoleInfo.java:shutdownFollowerState(121)) - e7fa1457-e553-4737-b9d1-e4fadd556e67: shutdown FollowerState
2019-09-04 09:33:25,550 [Thread-2453] INFO  impl.RaftServerImpl (RaftServerImpl.java:setRole(171)) - e7fa1457-e553-4737-b9d1-e4fadd556e67:group-25AE50A0726C changes role from FOLLOWER to CANDIDATE at term 0 for changeToCandidate
2019-09-04 09:33:25,550 [Thread-2453] INFO  impl.RoleInfo (RoleInfo.java:updateAndGet(143)) - e7fa1457-e553-4737-b9d1-e4fadd556e67: start LeaderElection
2019-09-04 09:33:25,569 [Thread-2456] INFO  impl.FollowerState (FollowerState.java:run(106)) - 0769e572-08ab-4ece-a5d6-c2eb5464bcba:group-25AE50A0726C changes to CANDIDATE, lastRpcTime:5114, electionTimeout:5114ms
2019-09-04 09:33:25,569 [Thread-2456] INFO  impl.RoleInfo (RoleInfo.java:shutdownFollowerState(121)) - 0769e572-08ab-4ece-a5d6-c2eb5464bcba: shutdown FollowerState
2019-09-04 09:33:25,569 [Thread-2456] INFO  impl.RaftServerImpl (RaftServerImpl.java:setRole(171)) - 0769e572-08ab-4ece-a5d6-c2eb5464bcba:group-25AE50A0726C changes role from FOLLOWER to CANDIDATE at term 0 for changeToCandidate
2019-09-04 09:33:25,569 [Thread-2459] INFO  impl.FollowerState (FollowerState.java:run(106)) - 84b2a6df-5e5e-4a0f-9979-9c338bba01d8:group-25AE50A0726C changes to CANDIDATE, lastRpcTime:5114, electionTimeout:5110ms
2019-09-04 09:33:25,569 [Thread-2456] INFO  impl.RoleInfo (RoleInfo.java:updateAndGet(143)) - 0769e572-08ab-4ece-a5d6-c2eb5464bcba: start LeaderElection
2019-09-04 09:33:25,569 [Thread-2459] INFO  impl.RoleInfo (RoleInfo.java:shutdownFollowerState(121)) - 84b2a6df-5e5e-4a0f-9979-9c338bba01d8: shutdown FollowerState
2019-09-04 09:33:25,569 [Thread-2459] INFO  impl.RaftServerImpl (RaftServerImpl.java:setRole(171)) - 84b2a6df-5e5e-4a0f-9979-9c338bba01d8:group-25AE50A0726C changes role from FOLLOWER to CANDIDATE at term 0 for changeToCandidate
2019-09-04 09:33:25,569 [Thread-2459] INFO  impl.RoleInfo (RoleInfo.java:updateAndGet(143)) - 84b2a6df-5e5e-4a0f-9979-9c338bba01d8: start LeaderElection
2019-09-04 09:33:25,578 [e7fa1457-e553-4737-b9d1-e4fadd556e67:group-25AE50A0726C:LeaderElection97] INFO  impl.LeaderElection (LeaderElection.java:askForVotes(181)) - e7fa1457-e553-4737-b9d1-e4fadd556e67:group-25AE50A0726C:LeaderElection97: begin an election at term 1 for -1: [e7fa1457-e553-4737-b9d1-e4fadd556e67:192.168.69.104:38367, 84b2a6df-5e5e-4a0f-9979-9c338bba01d8:192.168.69.104:38895, 0769e572-08ab-4ece-a5d6-c2eb5464bcba:192.168.69.104:34982], old=null
2019-09-04 09:33:25,593 | INFO  | SCMAudit | user=jenkins1000 | ip=192.168.69.104 | op=SEND_HEARTBEAT {datanodeUUID=0ac595d7-a290-4eb2-9411-ef15ff51c194, command=[]} | ret=SUCCESS |  
2019-09-04 09:33:25,647 [grpc-default-executor-2] INFO  client.GrpcClientProtocolClient (GrpcClientProtocolClient.java:onNext(255)) - client-A27D453B97D8->9aea6155-db32-4c39-a652-41f8decfc52c: receive RaftClientReply:client-A27D453B97D8->9aea6155-db32-4c39-a652-41f8decfc52c@group-E490C312537B, cid=101, FAILED org.apache.ratis.protocol.NotLeaderException: Server 9aea6155-db32-4c39-a652-41f8decfc52c is not the leader (66a7ded9-d93a-47d1-9f2c-98e6bd60743c:192.168.69.104:33517). Request must be sent to leader., logIndex=0, commits[9aea6155-db32-4c39-a652-41f8decfc52c:c-1, 66a7ded9-d93a-47d1-9f2c-98e6bd60743c:c-1, 92f35af7-27d9-4e2d-a282-1637ac15099d:c-1]
2019-09-04 09:33:25,672 [0769e572-08ab-4ece-a5d6-c2eb5464bcba:group-25AE50A0726C:LeaderElection98] INFO  impl.LeaderElection (LeaderElection.java:askForVotes(181)) - 0769e572-08ab-4ece-a5d6-c2eb5464bcba:group-25AE50A0726C:LeaderElection98: begin an election at term 1 for -1: [e7fa1457-e553-4737-b9d1-e4fadd556e67:192.168.69.104:38367, 84b2a6df-5e5e-4a0f-9979-9c338bba01d8:192.168.69.104:38895, 0769e572-08ab-4ece-a5d6-c2eb5464bcba:192.168.69.104:34982], old=null
2019-09-04 09:33:25,672 [84b2a6df-5e5e-4a0f-9979-9c338bba01d8:group-25AE50A0726C:LeaderElection99] INFO  impl.LeaderElection (LeaderElection.java:askForVotes(181)) - 84b2a6df-5e5e-4a0f-9979-9c338bba01d8:group-25AE50A0726C:LeaderElection99: begin an election at term 1 for -1: [e7fa1457-e553-4737-b9d1-e4fadd556e67:192.168.69.104:38367, 84b2a6df-5e5e-4a0f-9979-9c338bba01d8:192.168.69.104:38895, 0769e572-08ab-4ece-a5d6-c2eb5464bcba:192.168.69.104:34982], old=null
2019-09-04 09:33:25,674 [e7fa1457-e553-4737-b9d1-e4fadd556e67:group-25AE50A0726C:LeaderElection97] INFO  impl.LeaderElection (LeaderElection.java:logAndReturn(56)) - e7fa1457-e553-4737-b9d1-e4fadd556e67:group-25AE50A0726C:LeaderElection97: Election REJECTED; received 2 response(s) [e7fa1457-e553-4737-b9d1-e4fadd556e67<-84b2a6df-5e5e-4a0f-9979-9c338bba01d8#0:FAIL-t1, e7fa1457-e553-4737-b9d1-e4fadd556e67<-0769e572-08ab-4ece-a5d6-c2eb5464bcba#0:FAIL-t1] and 0 exception(s); e7fa1457-e553-4737-b9d1-e4fadd556e67:t1, leader=null, voted=e7fa1457-e553-4737-b9d1-e4fadd556e67, raftlog=e7fa1457-e553-4737-b9d1-e4fadd556e67-SegmentedRaftLog:OPENED:c-1,f-1,i0, conf=-1: [e7fa1457-e553-4737-b9d1-e4fadd556e67:192.168.69.104:38367, 84b2a6df-5e5e-4a0f-9979-9c338bba01d8:192.168.69.104:38895, 0769e572-08ab-4ece-a5d6-c2eb5464bcba:192.168.69.104:34982], old=null
2019-09-04 09:33:25,674 [e7fa1457-e553-4737-b9d1-e4fadd556e67:group-25AE50A0726C:LeaderElection97] INFO  impl.RaftServerImpl (RaftServerImpl.java:setRole(171)) - e7fa1457-e553-4737-b9d1-e4fadd556e67:group-25AE50A0726C changes role from CANDIDATE to FOLLOWER at term 1 for DISCOVERED_A_NEW_TERM
2019-09-04 09:33:25,674 [e7fa1457-e553-4737-b9d1-e4fadd556e67:group-25AE50A0726C:LeaderElection97] INFO  impl.RoleInfo (RoleInfo.java:shutdownLeaderElection(134)) - e7fa1457-e553-4737-b9d1-e4fadd556e67: shutdown LeaderElection
2019-09-04 09:33:25,674 [e7fa1457-e553-4737-b9d1-e4fadd556e67:group-25AE50A0726C:LeaderElection97] INFO  impl.RoleInfo (RoleInfo.java:updateAndGet(143)) - e7fa1457-e553-4737-b9d1-e4fadd556e67: start FollowerState
2019-09-04 09:33:25,679 [0769e572-08ab-4ece-a5d6-c2eb5464bcba:group-25AE50A0726C:LeaderElection98] INFO  impl.LeaderElection (LeaderElection.java:logAndReturn(56)) - 0769e572-08ab-4ece-a5d6-c2eb5464bcba:group-25AE50A0726C:LeaderElection98: Election REJECTED; received 2 response(s) [0769e572-08ab-4ece-a5d6-c2eb5464bcba<-e7fa1457-e553-4737-b9d1-e4fadd556e67#0:FAIL-t1, 0769e572-08ab-4ece-a5d6-c2eb5464bcba<-84b2a6df-5e5e-4a0f-9979-9c338bba01d8#0:FAIL-t1] and 0 exception(s); 0769e572-08ab-4ece-a5d6-c2eb5464bcba:t1, leader=null, voted=0769e572-08ab-4ece-a5d6-c2eb5464bcba, raftlog=0769e572-08ab-4ece-a5d6-c2eb5464bcba-SegmentedRaftLog:OPENED:c-1,f-1,i0, conf=-1: [e7fa1457-e553-4737-b9d1-e4fadd556e67:192.168.69.104:38367, 84b2a6df-5e5e-4a0f-9979-9c338bba01d8:192.168.69.104:38895, 0769e572-08ab-4ece-a5d6-c2eb5464bcba:192.168.69.104:34982], old=null
2019-09-04 09:33:25,679 [0769e572-08ab-4ece-a5d6-c2eb5464bcba:group-25AE50A0726C:LeaderElection98] INFO  impl.RaftServerImpl (RaftServerImpl.java:setRole(171)) - 0769e572-08ab-4ece-a5d6-c2eb5464bcba:group-25AE50A0726C changes role from CANDIDATE to FOLLOWER at term 1 for DISCOVERED_A_NEW_TERM
2019-09-04 09:33:25,679 [0769e572-08ab-4ece-a5d6-c2eb5464bcba:group-25AE50A0726C:LeaderElection98] INFO  impl.RoleInfo (RoleInfo.java:shutdownLeaderElection(134)) - 0769e572-08ab-4ece-a5d6-c2eb5464bcba: shutdown LeaderElection
2019-09-04 09:33:25,679 [0769e572-08ab-4ece-a5d6-c2eb5464bcba:group-25AE50A0726C:LeaderElection98] INFO  impl.RoleInfo (RoleInfo.java:updateAndGet(143)) - 0769e572-08ab-4ece-a5d6-c2eb5464bcba: start FollowerState
2019-09-04 09:33:25,679 [84b2a6df-5e5e-4a0f-9979-9c338bba01d8:group-25AE50A0726C:LeaderElection99] INFO  impl.LeaderElection (LeaderElection.java:logAndReturn(56)) - 84b2a6df-5e5e-4a0f-9979-9c338bba01d8:group-25AE50A0726C:LeaderElection99: Election REJECTED; received 2 response(s) [84b2a6df-5e5e-4a0f-9979-9c338bba01d8<-e7fa1457-e553-4737-b9d1-e4fadd556e67#0:FAIL-t1, 84b2a6df-5e5e-4a0f-9979-9c338bba01d8<-0769e572-08ab-4ece-a5d6-c2eb5464bcba#0:FAIL-t1] and 0 exception(s); 84b2a6df-5e5e-4a0f-9979-9c338bba01d8:t1, leader=null, voted=84b2a6df-5e5e-4a0f-9979-9c338bba01d8, raftlog=84b2a6df-5e5e-4a0f-9979-9c338bba01d8-SegmentedRaftLog:OPENED:c-1,f-1,i0, conf=-1: [e7fa1457-e553-4737-b9d1-e4fadd556e67:192.168.69.104:38367, 84b2a6df-5e5e-4a0f-9979-9c338bba01d8:192.168.69.104:38895, 0769e572-08ab-4ece-a5d6-c2eb5464bcba:192.168.69.104:34982], old=null
2019-09-04 09:33:25,679 [84b2a6df-5e5e-4a0f-9979-9c338bba01d8:group-25AE50A0726C:LeaderElection99] INFO  impl.RaftServerImpl (RaftServerImpl.java:setRole(171)) - 84b2a6df-5e5e-4a0f-9979-9c338bba01d8:group-25AE50A0726C changes role from CANDIDATE to FOLLOWER at term 1 for DISCOVERED_A_NEW_TERM
2019-09-04 09:33:25,680 [84b2a6df-5e5e-4a0f-9979-9c338bba01d8:group-25AE50A0726C:LeaderElection99] INFO  impl.RoleInfo (RoleInfo.java:shutdownLeaderElection(134)) - 84b2a6df-5e5e-4a0f-9979-9c338bba01d8: shutdown LeaderElection
2019-09-04 09:33:25,680 [84b2a6df-5e5e-4a0f-9979-9c338bba01d8:group-25AE50A0726C:LeaderElection99] INFO  impl.RoleInfo (RoleInfo.java:updateAndGet(143)) - 84b2a6df-5e5e-4a0f-9979-9c338bba01d8: start FollowerState
2019-09-04 09:33:25,700 | INFO  | SCMAudit | user=jenkins1000 | ip=192.168.69.104 | op=SEND_HEARTBEAT {datanodeUUID=4e23e929-4fb0-4bb2-876d-c448ab6fdc4c, command=[]} | ret=SUCCESS |  
2019-09-04 09:33:25,732 | INFO  | SCMAudit | user=jenkins1000 | ip=192.168.69.104 | op=SEND_HEARTBEAT {datanodeUUID=9626cf3a-220d-42c0-b303-e22d032a63b2, command=[]} | ret=SUCCESS |  
2019-09-04 09:33:25,744 | INFO  | SCMAudit | user=jenkins1000 | ip=192.168.69.104 | op=SEND_HEARTBEAT {datanodeUUID=9aea6155-db32-4c39-a652-41f8decfc52c, command=[]} | ret=SUCCESS |  
2019-09-04 09:33:25,795 | INFO  | DNAudit | user=null | ip=null | op=CREATE_CONTAINER {containerID=1, containerType=KeyValueContainer} | ret=SUCCESS |  
2019-09-04 09:33:25,806 | INFO  | SCMAudit | user=jenkins1000 | ip=192.168.69.104 | op=SEND_HEARTBEAT {datanodeUUID=66a7ded9-d93a-47d1-9f2c-98e6bd60743c, command=[]} | ret=SUCCESS |  
2019-09-04 09:33:25,806 [grpc-default-executor-4] INFO  client.GrpcClientProtocolClient (GrpcClientProtocolClient.java:onNext(255)) - client-A27D453B97D8->66a7ded9-d93a-47d1-9f2c-98e6bd60743c: receive RaftClientReply:client-A27D453B97D8->66a7ded9-d93a-47d1-9f2c-98e6bd60743c@group-E490C312537B, cid=101, SUCCESS, logIndex=1, commits[66a7ded9-d93a-47d1-9f2c-98e6bd60743c:c2, 9aea6155-db32-4c39-a652-41f8decfc52c:c1, 92f35af7-27d9-4e2d-a282-1637ac15099d:c1]
2019-09-04 09:33:25,807 [main] INFO  datanode.ObjectStoreHandler (ObjectStoreHandler.java:close(155)) - Closing ObjectStoreHandler.
2019-09-04 09:33:25,808 [main] INFO  ozone.HddsDatanodeService (HddsDatanodeService.java:stop(451)) - Stopped plug-in org.apache.hadoop.ozone.web.OzoneHddsDatanodeService@102dff25
2019-09-04 09:33:25,876 | INFO  | DNAudit | user=null | ip=null | op=CREATE_CONTAINER {containerID=1, containerType=KeyValueContainer} | ret=SUCCESS |  
2019-09-04 09:33:25,876 | INFO  | DNAudit | user=null | ip=null | op=CREATE_CONTAINER {containerID=1, containerType=KeyValueContainer} | ret=SUCCESS |  
2019-09-04 09:33:25,882 | INFO  | SCMAudit | user=jenkins1000 | ip=192.168.69.104 | op=SEND_HEARTBEAT {datanodeUUID=9aea6155-db32-4c39-a652-41f8decfc52c, command=[]} | ret=SUCCESS |  
2019-09-04 09:33:25,882 | INFO  | SCMAudit | user=jenkins1000 | ip=192.168.69.104 | op=SEND_HEARTBEAT {datanodeUUID=92f35af7-27d9-4e2d-a282-1637ac15099d, command=[]} | ret=SUCCESS |  
2019-09-04 09:33:25,908 | INFO  | SCMAudit | user=jenkins1000 | ip=192.168.69.104 | op=SEND_HEARTBEAT {datanodeUUID=fee90ff4-ae5b-4370-9a2e-b45e68f319a2, command=[]} | ret=SUCCESS |  
2019-09-04 09:33:25,921 | INFO  | SCMAudit | user=jenkins1000 | ip=192.168.69.104 | op=SEND_HEARTBEAT {datanodeUUID=84b2a6df-5e5e-4a0f-9979-9c338bba01d8, command=[]} | ret=SUCCESS |  
2019-09-04 09:33:25,955 [Thread-2462] INFO  impl.FollowerState (FollowerState.java:run(106)) - 2494cbd6-ce98-4ca5-b34f-2a9f18204c2c:group-BFEC810F29D0 changes to CANDIDATE, lastRpcTime:5014, electionTimeout:5014ms
2019-09-04 09:33:25,955 [Thread-2462] INFO  impl.RoleInfo (RoleInfo.java:shutdownFollowerState(121)) - 2494cbd6-ce98-4ca5-b34f-2a9f18204c2c: shutdown FollowerState
2019-09-04 09:33:25,955 [Thread-2462] INFO  impl.RaftServerImpl (RaftServerImpl.java:setRole(171)) - 2494cbd6-ce98-4ca5-b34f-2a9f18204c2c:group-BFEC810F29D0 changes role from FOLLOWER to CANDIDATE at term 0 for changeToCandidate
2019-09-04 09:33:25,955 [Thread-2462] INFO  impl.RoleInfo (RoleInfo.java:updateAndGet(143)) - 2494cbd6-ce98-4ca5-b34f-2a9f18204c2c: start LeaderElection
2019-09-04 09:33:25,992 [2494cbd6-ce98-4ca5-b34f-2a9f18204c2c:group-BFEC810F29D0:LeaderElection100] INFO  impl.LeaderElection (LeaderElection.java:askForVotes(181)) - 2494cbd6-ce98-4ca5-b34f-2a9f18204c2c:group-BFEC810F29D0:LeaderElection100: begin an election at term 1 for -1: [2494cbd6-ce98-4ca5-b34f-2a9f18204c2c:192.168.69.104:41106], old=null
2019-09-04 09:33:25,992 [2494cbd6-ce98-4ca5-b34f-2a9f18204c2c:group-BFEC810F29D0:LeaderElection100] INFO  impl.RoleInfo (RoleInfo.java:shutdownLeaderElection(134)) - 2494cbd6-ce98-4ca5-b34f-2a9f18204c2c: shutdown LeaderElection
2019-09-04 09:33:25,992 [2494cbd6-ce98-4ca5-b34f-2a9f18204c2c:group-BFEC810F29D0:LeaderElection100] INFO  impl.RaftServerImpl (RaftServerImpl.java:setRole(171)) - 2494cbd6-ce98-4ca5-b34f-2a9f18204c2c:group-BFEC810F29D0 changes role from CANDIDATE to LEADER at term 1 for changeToLeader
2019-09-04 09:33:25,993 [2494cbd6-ce98-4ca5-b34f-2a9f18204c2c:group-BFEC810F29D0:LeaderElection100] INFO  impl.RaftServerImpl (ServerState.java:setLeader(263)) - 2494cbd6-ce98-4ca5-b34f-2a9f18204c2c:group-BFEC810F29D0 change Leader from null to 2494cbd6-ce98-4ca5-b34f-2a9f18204c2c at term 1 for becomeLeader, leader elected after 5056ms
2019-09-04 09:33:25,993 [2494cbd6-ce98-4ca5-b34f-2a9f18204c2c:group-BFEC810F29D0:LeaderElection100] INFO  server.RaftServerConfigKeys (ConfUtils.java:logGet(43)) - raft.server.staging.catchup.gap = 1000 (default)
2019-09-04 09:33:25,993 [2494cbd6-ce98-4ca5-b34f-2a9f18204c2c:group-BFEC810F29D0:LeaderElection100] INFO  server.RaftServerConfigKeys (ConfUtils.java:logGet(43)) - raft.server.rpc.sleep.time = 25ms (default)
2019-09-04 09:33:25,993 [2494cbd6-ce98-4ca5-b34f-2a9f18204c2c:group-BFEC810F29D0:LeaderElection100] INFO  server.RaftServerConfigKeys (ConfUtils.java:logGet(43)) - raft.server.write.element-limit = 4096 (default)
2019-09-04 09:33:25,993 [2494cbd6-ce98-4ca5-b34f-2a9f18204c2c:group-BFEC810F29D0:LeaderElection100] INFO  server.RaftServerConfigKeys (ConfUtils.java:logGet(43)) - raft.server.watch.timeout = 10s (default)
2019-09-04 09:33:25,993 [2494cbd6-ce98-4ca5-b34f-2a9f18204c2c:group-BFEC810F29D0:LeaderElection100] INFO  server.RaftServerConfigKeys (ConfUtils.java:logGet(43)) - raft.server.watch.timeout.denomination = 1s (default)
2019-09-04 09:33:25,994 [2494cbd6-ce98-4ca5-b34f-2a9f18204c2c:group-BFEC810F29D0:LeaderElection100] INFO  server.RaftServerConfigKeys (ConfUtils.java:logGet(43)) - raft.server.watch.element-limit = 65536 (default)
2019-09-04 09:33:25,994 [2494cbd6-ce98-4ca5-b34f-2a9f18204c2c:group-BFEC810F29D0:LeaderElection100] INFO  impl.RoleInfo (RoleInfo.java:updateAndGet(143)) - 2494cbd6-ce98-4ca5-b34f-2a9f18204c2c: start LeaderState
2019-09-04 09:33:25,994 [2494cbd6-ce98-4ca5-b34f-2a9f18204c2c:group-BFEC810F29D0:LeaderElection100] INFO  segmented.SegmentedRaftLogWorker (SegmentedRaftLogWorker.java:startLogSegment(380)) - 2494cbd6-ce98-4ca5-b34f-2a9f18204c2c-SegmentedRaftLogWorker:Storage Directory /workdir/hadoop-ozone/integration-test/target/test-dir/MiniOzoneClusterImpl-73d646de-bab2-44de-aaf3-9281ad245be8/datanode-6/data/ratis/4dce973c-2c07-4004-bc60-bfec810f29d0: Starting segment from index:0
2019-09-04 09:33:25,995 [2494cbd6-ce98-4ca5-b34f-2a9f18204c2c:group-BFEC810F29D0:LeaderElection100] INFO  impl.RaftServerImpl (ServerState.java:setRaftConf(361)) - 2494cbd6-ce98-4ca5-b34f-2a9f18204c2c:group-BFEC810F29D0 set configuration 0: [2494cbd6-ce98-4ca5-b34f-2a9f18204c2c:192.168.69.104:41106], old=null at 0
2019-09-04 09:33:26,051 [2494cbd6-ce98-4ca5-b34f-2a9f18204c2c-SegmentedRaftLogWorker:Storage Directory /workdir/hadoop-ozone/integration-test/target/test-dir/MiniOzoneClusterImpl-73d646de-bab2-44de-aaf3-9281ad245be8/datanode-6/data/ratis/4dce973c-2c07-4004-bc60-bfec810f29d0] INFO  segmented.SegmentedRaftLogWorker (SegmentedRaftLogWorker.java:execute(569)) - 2494cbd6-ce98-4ca5-b34f-2a9f18204c2c-SegmentedRaftLogWorker:Storage Directory /workdir/hadoop-ozone/integration-test/target/test-dir/MiniOzoneClusterImpl-73d646de-bab2-44de-aaf3-9281ad245be8/datanode-6/data/ratis/4dce973c-2c07-4004-bc60-bfec810f29d0: created new log segment /workdir/hadoop-ozone/integration-test/target/test-dir/MiniOzoneClusterImpl-73d646de-bab2-44de-aaf3-9281ad245be8/datanode-6/data/ratis/4dce973c-2c07-4004-bc60-bfec810f29d0/current/log_inprogress_0
2019-09-04 09:33:26,130 | INFO  | SCMAudit | user=jenkins1000 | ip=192.168.69.104 | op=SEND_HEARTBEAT {datanodeUUID=0769e572-08ab-4ece-a5d6-c2eb5464bcba, command=[]} | ret=SUCCESS |  
2019-09-04 09:33:26,143 | INFO  | SCMAudit | user=jenkins1000 | ip=192.168.69.104 | op=SEND_HEARTBEAT {datanodeUUID=6a110688-e427-4f01-a5b6-cceebbdad1ed, command=[]} | ret=SUCCESS |  
2019-09-04 09:33:26,301 | INFO  | SCMAudit | user=jenkins1000 | ip=192.168.69.104 | op=SEND_HEARTBEAT {datanodeUUID=e7fa1457-e553-4737-b9d1-e4fadd556e67, command=[]} | ret=SUCCESS |  
2019-09-04 09:33:26,326 | INFO  | SCMAudit | user=jenkins1000 | ip=192.168.69.104 | op=SEND_HEARTBEAT {datanodeUUID=e937a017-3f4f-4695-ad6d-cb2753d2b845, command=[]} | ret=SUCCESS |  
2019-09-04 09:33:26,339 | INFO  | SCMAudit | user=jenkins1000 | ip=192.168.69.104 | op=SEND_HEARTBEAT {datanodeUUID=18851aac-bbd7-47f5-af1c-17f426b11266, command=[]} | ret=SUCCESS |  
2019-09-04 09:33:26,495 | INFO  | SCMAudit | user=jenkins1000 | ip=192.168.69.104 | op=SEND_HEARTBEAT {datanodeUUID=2494cbd6-ce98-4ca5-b34f-2a9f18204c2c, command=[]} | ret=SUCCESS |  
2019-09-04 09:33:26,593 | INFO  | SCMAudit | user=jenkins1000 | ip=192.168.69.104 | op=SEND_HEARTBEAT {datanodeUUID=0ac595d7-a290-4eb2-9411-ef15ff51c194, command=[]} | ret=SUCCESS |  
2019-09-04 09:33:26,700 | INFO  | SCMAudit | user=jenkins1000 | ip=192.168.69.104 | op=SEND_HEARTBEAT {datanodeUUID=4e23e929-4fb0-4bb2-876d-c448ab6fdc4c, command=[]} | ret=SUCCESS |  
2019-09-04 09:33:26,731 | INFO  | SCMAudit | user=jenkins1000 | ip=192.168.69.104 | op=SEND_HEARTBEAT {datanodeUUID=9626cf3a-220d-42c0-b303-e22d032a63b2, command=[]} | ret=SUCCESS |  
2019-09-04 09:33:26,796 [Datanode State Machine Thread - 0] INFO  statemachine.DatanodeStateMachine (DatanodeStateMachine.java:lambda$startDaemon$0(350)) - Ozone container server started.
2019-09-04 09:33:26,878 | INFO  | SCMAudit | user=jenkins1000 | ip=192.168.69.104 | op=SEND_HEARTBEAT {datanodeUUID=9aea6155-db32-4c39-a652-41f8decfc52c, command=[]} | ret=SUCCESS |  
2019-09-04 09:33:26,878 | INFO  | SCMAudit | user=jenkins1000 | ip=192.168.69.104 | op=SEND_HEARTBEAT {datanodeUUID=92f35af7-27d9-4e2d-a282-1637ac15099d, command=[]} | ret=SUCCESS |  
2019-09-04 09:33:26,909 | INFO  | SCMAudit | user=jenkins1000 | ip=192.168.69.104 | op=SEND_HEARTBEAT {datanodeUUID=fee90ff4-ae5b-4370-9a2e-b45e68f319a2, command=[]} | ret=SUCCESS |  
2019-09-04 09:33:26,922 | INFO  | SCMAudit | user=jenkins1000 | ip=192.168.69.104 | op=SEND_HEARTBEAT {datanodeUUID=84b2a6df-5e5e-4a0f-9979-9c338bba01d8, command=[]} | ret=SUCCESS |  
2019-09-04 09:33:27,130 | INFO  | SCMAudit | user=jenkins1000 | ip=192.168.69.104 | op=SEND_HEARTBEAT {datanodeUUID=0769e572-08ab-4ece-a5d6-c2eb5464bcba, command=[]} | ret=SUCCESS |  
2019-09-04 09:33:27,143 | INFO  | SCMAudit | user=jenkins1000 | ip=192.168.69.104 | op=SEND_HEARTBEAT {datanodeUUID=6a110688-e427-4f01-a5b6-cceebbdad1ed, command=[]} | ret=SUCCESS |  
2019-09-04 09:33:27,301 | INFO  | SCMAudit | user=jenkins1000 | ip=192.168.69.104 | op=SEND_HEARTBEAT {datanodeUUID=e7fa1457-e553-4737-b9d1-e4fadd556e67, command=[]} | ret=SUCCESS |  
2019-09-04 09:33:27,326 | INFO  | SCMAudit | user=jenkins1000 | ip=192.168.69.104 | op=SEND_HEARTBEAT {datanodeUUID=e937a017-3f4f-4695-ad6d-cb2753d2b845, command=[]} | ret=SUCCESS |  
2019-09-04 09:33:27,339 | INFO  | SCMAudit | user=jenkins1000 | ip=192.168.69.104 | op=SEND_HEARTBEAT {datanodeUUID=18851aac-bbd7-47f5-af1c-17f426b11266, command=[]} | ret=SUCCESS |  
2019-09-04 09:33:27,495 | INFO  | SCMAudit | user=jenkins1000 | ip=192.168.69.104 | op=SEND_HEARTBEAT {datanodeUUID=2494cbd6-ce98-4ca5-b34f-2a9f18204c2c, command=[]} | ret=SUCCESS |  
2019-09-04 09:33:27,594 | INFO  | SCMAudit | user=jenkins1000 | ip=192.168.69.104 | op=SEND_HEARTBEAT {datanodeUUID=0ac595d7-a290-4eb2-9411-ef15ff51c194, command=[]} | ret=SUCCESS |  
2019-09-04 09:33:27,701 | INFO  | SCMAudit | user=jenkins1000 | ip=192.168.69.104 | op=SEND_HEARTBEAT {datanodeUUID=4e23e929-4fb0-4bb2-876d-c448ab6fdc4c, command=[]} | ret=SUCCESS |  
2019-09-04 09:33:27,731 | INFO  | SCMAudit | user=jenkins1000 | ip=192.168.69.104 | op=SEND_HEARTBEAT {datanodeUUID=9626cf3a-220d-42c0-b303-e22d032a63b2, command=[]} | ret=SUCCESS |  
2019-09-04 09:33:27,878 | INFO  | SCMAudit | user=jenkins1000 | ip=192.168.69.104 | op=SEND_HEARTBEAT {datanodeUUID=92f35af7-27d9-4e2d-a282-1637ac15099d, command=[]} | ret=SUCCESS |  
2019-09-04 09:33:27,878 | INFO  | SCMAudit | user=jenkins1000 | ip=192.168.69.104 | op=SEND_HEARTBEAT {datanodeUUID=9aea6155-db32-4c39-a652-41f8decfc52c, command=[]} | ret=SUCCESS |  
2019-09-04 09:33:27,909 | INFO  | SCMAudit | user=jenkins1000 | ip=192.168.69.104 | op=SEND_HEARTBEAT {datanodeUUID=fee90ff4-ae5b-4370-9a2e-b45e68f319a2, command=[]} | ret=SUCCESS |  
2019-09-04 09:33:27,923 | INFO  | SCMAudit | user=jenkins1000 | ip=192.168.69.104 | op=SEND_HEARTBEAT {datanodeUUID=84b2a6df-5e5e-4a0f-9979-9c338bba01d8, command=[]} | ret=SUCCESS |  
2019-09-04 09:33:28,131 | INFO  | SCMAudit | user=jenkins1000 | ip=192.168.69.104 | op=SEND_HEARTBEAT {datanodeUUID=0769e572-08ab-4ece-a5d6-c2eb5464bcba, command=[]} | ret=SUCCESS |  
2019-09-04 09:33:28,143 | INFO  | SCMAudit | user=jenkins1000 | ip=192.168.69.104 | op=SEND_HEARTBEAT {datanodeUUID=6a110688-e427-4f01-a5b6-cceebbdad1ed, command=[]} | ret=SUCCESS |  
2019-09-04 09:33:28,302 | INFO  | SCMAudit | user=jenkins1000 | ip=192.168.69.104 | op=SEND_HEARTBEAT {datanodeUUID=e7fa1457-e553-4737-b9d1-e4fadd556e67, command=[]} | ret=SUCCESS |  
2019-09-04 09:33:28,326 | INFO  | SCMAudit | user=jenkins1000 | ip=192.168.69.104 | op=SEND_HEARTBEAT {datanodeUUID=e937a017-3f4f-4695-ad6d-cb2753d2b845, command=[]} | ret=SUCCESS |  
2019-09-04 09:33:28,339 | INFO  | SCMAudit | user=jenkins1000 | ip=192.168.69.104 | op=SEND_HEARTBEAT {datanodeUUID=18851aac-bbd7-47f5-af1c-17f426b11266, command=[]} | ret=SUCCESS |  
2019-09-04 09:33:28,496 | INFO  | SCMAudit | user=jenkins1000 | ip=192.168.69.104 | op=SEND_HEARTBEAT {datanodeUUID=2494cbd6-ce98-4ca5-b34f-2a9f18204c2c, command=[]} | ret=SUCCESS |  
2019-09-04 09:33:28,593 | INFO  | SCMAudit | user=jenkins1000 | ip=192.168.69.104 | op=SEND_HEARTBEAT {datanodeUUID=0ac595d7-a290-4eb2-9411-ef15ff51c194, command=[]} | ret=SUCCESS |  
2019-09-04 09:33:28,700 | INFO  | SCMAudit | user=jenkins1000 | ip=192.168.69.104 | op=SEND_HEARTBEAT {datanodeUUID=4e23e929-4fb0-4bb2-876d-c448ab6fdc4c, command=[]} | ret=SUCCESS |  
2019-09-04 09:33:28,731 | INFO  | SCMAudit | user=jenkins1000 | ip=192.168.69.104 | op=SEND_HEARTBEAT {datanodeUUID=9626cf3a-220d-42c0-b303-e22d032a63b2, command=[]} | ret=SUCCESS |  
2019-09-04 09:33:28,878 | INFO  | SCMAudit | user=jenkins1000 | ip=192.168.69.104 | op=SEND_HEARTBEAT {datanodeUUID=9aea6155-db32-4c39-a652-41f8decfc52c, command=[]} | ret=SUCCESS |  
2019-09-04 09:33:28,878 | INFO  | SCMAudit | user=jenkins1000 | ip=192.168.69.104 | op=SEND_HEARTBEAT {datanodeUUID=92f35af7-27d9-4e2d-a282-1637ac15099d, command=[]} | ret=SUCCESS |  
2019-09-04 09:33:28,909 | INFO  | SCMAudit | user=jenkins1000 | ip=192.168.69.104 | op=SEND_HEARTBEAT {datanodeUUID=fee90ff4-ae5b-4370-9a2e-b45e68f319a2, command=[]} | ret=SUCCESS |  
2019-09-04 09:33:28,923 | INFO  | SCMAudit | user=jenkins1000 | ip=192.168.69.104 | op=SEND_HEARTBEAT {datanodeUUID=84b2a6df-5e5e-4a0f-9979-9c338bba01d8, command=[]} | ret=SUCCESS |  
2019-09-04 09:33:29,130 | INFO  | SCMAudit | user=jenkins1000 | ip=192.168.69.104 | op=SEND_HEARTBEAT {datanodeUUID=0769e572-08ab-4ece-a5d6-c2eb5464bcba, command=[]} | ret=SUCCESS |  
2019-09-04 09:33:29,143 | INFO  | SCMAudit | user=jenkins1000 | ip=192.168.69.104 | op=SEND_HEARTBEAT {datanodeUUID=6a110688-e427-4f01-a5b6-cceebbdad1ed, command=[]} | ret=SUCCESS |  
2019-09-04 09:33:29,302 | INFO  | SCMAudit | user=jenkins1000 | ip=192.168.69.104 | op=SEND_HEARTBEAT {datanodeUUID=e7fa1457-e553-4737-b9d1-e4fadd556e67, command=[]} | ret=SUCCESS |  
2019-09-04 09:33:29,326 | INFO  | SCMAudit | user=jenkins1000 | ip=192.168.69.104 | op=SEND_HEARTBEAT {datanodeUUID=e937a017-3f4f-4695-ad6d-cb2753d2b845, command=[]} | ret=SUCCESS |  
2019-09-04 09:33:29,339 | INFO  | SCMAudit | user=jenkins1000 | ip=192.168.69.104 | op=SEND_HEARTBEAT {datanodeUUID=18851aac-bbd7-47f5-af1c-17f426b11266, command=[]} | ret=SUCCESS |  
2019-09-04 09:33:29,495 | INFO  | SCMAudit | user=jenkins1000 | ip=192.168.69.104 | op=SEND_HEARTBEAT {datanodeUUID=2494cbd6-ce98-4ca5-b34f-2a9f18204c2c, command=[]} | ret=SUCCESS |  
2019-09-04 09:33:29,594 | INFO  | SCMAudit | user=jenkins1000 | ip=192.168.69.104 | op=SEND_HEARTBEAT {datanodeUUID=0ac595d7-a290-4eb2-9411-ef15ff51c194, command=[]} | ret=SUCCESS |  
2019-09-04 09:33:29,701 | INFO  | SCMAudit | user=jenkins1000 | ip=192.168.69.104 | op=SEND_HEARTBEAT {datanodeUUID=4e23e929-4fb0-4bb2-876d-c448ab6fdc4c, command=[]} | ret=SUCCESS |  
2019-09-04 09:33:29,731 | INFO  | SCMAudit | user=jenkins1000 | ip=192.168.69.104 | op=SEND_HEARTBEAT {datanodeUUID=9626cf3a-220d-42c0-b303-e22d032a63b2, command=[]} | ret=SUCCESS |  
2019-09-04 09:33:29,878 | INFO  | SCMAudit | user=jenkins1000 | ip=192.168.69.104 | op=SEND_HEARTBEAT {datanodeUUID=92f35af7-27d9-4e2d-a282-1637ac15099d, command=[]} | ret=SUCCESS |  
2019-09-04 09:33:29,878 | INFO  | SCMAudit | user=jenkins1000 | ip=192.168.69.104 | op=SEND_HEARTBEAT {datanodeUUID=9aea6155-db32-4c39-a652-41f8decfc52c, command=[]} | ret=SUCCESS |  
2019-09-04 09:33:29,909 | INFO  | SCMAudit | user=jenkins1000 | ip=192.168.69.104 | op=SEND_HEARTBEAT {datanodeUUID=fee90ff4-ae5b-4370-9a2e-b45e68f319a2, command=[]} | ret=SUCCESS |  
2019-09-04 09:33:29,923 | INFO  | SCMAudit | user=jenkins1000 | ip=192.168.69.104 | op=SEND_HEARTBEAT {datanodeUUID=84b2a6df-5e5e-4a0f-9979-9c338bba01d8, command=[]} | ret=SUCCESS |  
2019-09-04 09:33:30,130 | INFO  | SCMAudit | user=jenkins1000 | ip=192.168.69.104 | op=SEND_HEARTBEAT {datanodeUUID=0769e572-08ab-4ece-a5d6-c2eb5464bcba, command=[]} | ret=SUCCESS |  
2019-09-04 09:33:30,143 | INFO  | SCMAudit | user=jenkins1000 | ip=192.168.69.104 | op=SEND_HEARTBEAT {datanodeUUID=6a110688-e427-4f01-a5b6-cceebbdad1ed, command=[]} | ret=SUCCESS |  
2019-09-04 09:33:30,303 | INFO  | SCMAudit | user=jenkins1000 | ip=192.168.69.104 | op=SEND_HEARTBEAT {datanodeUUID=e7fa1457-e553-4737-b9d1-e4fadd556e67, command=[]} | ret=SUCCESS |  
2019-09-04 09:33:30,326 | INFO  | SCMAudit | user=jenkins1000 | ip=192.168.69.104 | op=SEND_HEARTBEAT {datanodeUUID=e937a017-3f4f-4695-ad6d-cb2753d2b845, command=[]} | ret=SUCCESS |  
2019-09-04 09:33:30,339 | INFO  | SCMAudit | user=jenkins1000 | ip=192.168.69.104 | op=SEND_HEARTBEAT {datanodeUUID=18851aac-bbd7-47f5-af1c-17f426b11266, command=[]} | ret=SUCCESS |  
2019-09-04 09:33:30,495 | INFO  | SCMAudit | user=jenkins1000 | ip=192.168.69.104 | op=SEND_HEARTBEAT {datanodeUUID=2494cbd6-ce98-4ca5-b34f-2a9f18204c2c, command=[]} | ret=SUCCESS |  
2019-09-04 09:33:30,593 | INFO  | SCMAudit | user=jenkins1000 | ip=192.168.69.104 | op=SEND_HEARTBEAT {datanodeUUID=0ac595d7-a290-4eb2-9411-ef15ff51c194, command=[]} | ret=SUCCESS |  
2019-09-04 09:33:30,700 | INFO  | SCMAudit | user=jenkins1000 | ip=192.168.69.104 | op=SEND_HEARTBEAT {datanodeUUID=4e23e929-4fb0-4bb2-876d-c448ab6fdc4c, command=[]} | ret=SUCCESS |  
2019-09-04 09:33:30,709 [Thread-2530] INFO  impl.FollowerState (FollowerState.java:run(106)) - 0769e572-08ab-4ece-a5d6-c2eb5464bcba:group-25AE50A0726C changes to CANDIDATE, lastRpcTime:5029, electionTimeout:5029ms
2019-09-04 09:33:30,709 [Thread-2530] INFO  impl.RoleInfo (RoleInfo.java:shutdownFollowerState(121)) - 0769e572-08ab-4ece-a5d6-c2eb5464bcba: shutdown FollowerState
2019-09-04 09:33:30,709 [Thread-2530] INFO  impl.RaftServerImpl (RaftServerImpl.java:setRole(171)) - 0769e572-08ab-4ece-a5d6-c2eb5464bcba:group-25AE50A0726C changes role from FOLLOWER to CANDIDATE at term 1 for changeToCandidate
2019-09-04 09:33:30,709 [Thread-2530] INFO  impl.RoleInfo (RoleInfo.java:updateAndGet(143)) - 0769e572-08ab-4ece-a5d6-c2eb5464bcba: start LeaderElection
2019-09-04 09:33:30,730 [0769e572-08ab-4ece-a5d6-c2eb5464bcba:group-25AE50A0726C:LeaderElection101] INFO  impl.LeaderElection (LeaderElection.java:askForVotes(181)) - 0769e572-08ab-4ece-a5d6-c2eb5464bcba:group-25AE50A0726C:LeaderElection101: begin an election at term 2 for -1: [e7fa1457-e553-4737-b9d1-e4fadd556e67:192.168.69.104:38367, 84b2a6df-5e5e-4a0f-9979-9c338bba01d8:192.168.69.104:38895, 0769e572-08ab-4ece-a5d6-c2eb5464bcba:192.168.69.104:34982], old=null
2019-09-04 09:33:30,731 | INFO  | SCMAudit | user=jenkins1000 | ip=192.168.69.104 | op=SEND_HEARTBEAT {datanodeUUID=9626cf3a-220d-42c0-b303-e22d032a63b2, command=[]} | ret=SUCCESS |  
2019-09-04 09:33:30,733 [grpc-default-executor-4] INFO  impl.RaftServerImpl (RaftServerImpl.java:setRole(171)) - e7fa1457-e553-4737-b9d1-e4fadd556e67:group-25AE50A0726C changes role from FOLLOWER to FOLLOWER at term 2 for recognizeCandidate:0769e572-08ab-4ece-a5d6-c2eb5464bcba
2019-09-04 09:33:30,733 [grpc-default-executor-2] INFO  impl.RaftServerImpl (RaftServerImpl.java:setRole(171)) - 84b2a6df-5e5e-4a0f-9979-9c338bba01d8:group-25AE50A0726C changes role from FOLLOWER to FOLLOWER at term 2 for recognizeCandidate:0769e572-08ab-4ece-a5d6-c2eb5464bcba
2019-09-04 09:33:30,733 [grpc-default-executor-4] INFO  impl.RoleInfo (RoleInfo.java:shutdownFollowerState(121)) - e7fa1457-e553-4737-b9d1-e4fadd556e67: shutdown FollowerState
2019-09-04 09:33:30,733 [grpc-default-executor-2] INFO  impl.RoleInfo (RoleInfo.java:shutdownFollowerState(121)) - 84b2a6df-5e5e-4a0f-9979-9c338bba01d8: shutdown FollowerState
2019-09-04 09:33:30,734 [Thread-2529] INFO  impl.FollowerState (FollowerState.java:run(114)) - e7fa1457-e553-4737-b9d1-e4fadd556e67: FollowerState was interrupted: java.lang.InterruptedException: sleep interrupted
2019-09-04 09:33:30,733 [grpc-default-executor-4] INFO  impl.RoleInfo (RoleInfo.java:updateAndGet(143)) - e7fa1457-e553-4737-b9d1-e4fadd556e67: start FollowerState
2019-09-04 09:33:30,734 [Thread-2531] INFO  impl.FollowerState (FollowerState.java:run(114)) - 84b2a6df-5e5e-4a0f-9979-9c338bba01d8: FollowerState was interrupted: java.lang.InterruptedException: sleep interrupted
2019-09-04 09:33:30,734 [grpc-default-executor-2] INFO  impl.RoleInfo (RoleInfo.java:updateAndGet(143)) - 84b2a6df-5e5e-4a0f-9979-9c338bba01d8: start FollowerState
2019-09-04 09:33:30,752 [0769e572-08ab-4ece-a5d6-c2eb5464bcba:group-25AE50A0726C:LeaderElection101] INFO  impl.LeaderElection (LeaderElection.java:logAndReturn(56)) - 0769e572-08ab-4ece-a5d6-c2eb5464bcba:group-25AE50A0726C:LeaderElection101: Election PASSED; received 1 response(s) [0769e572-08ab-4ece-a5d6-c2eb5464bcba<-e7fa1457-e553-4737-b9d1-e4fadd556e67#0:OK-t2] and 0 exception(s); 0769e572-08ab-4ece-a5d6-c2eb5464bcba:t2, leader=null, voted=0769e572-08ab-4ece-a5d6-c2eb5464bcba, raftlog=0769e572-08ab-4ece-a5d6-c2eb5464bcba-SegmentedRaftLog:OPENED:c-1,f-1,i0, conf=-1: [e7fa1457-e553-4737-b9d1-e4fadd556e67:192.168.69.104:38367, 84b2a6df-5e5e-4a0f-9979-9c338bba01d8:192.168.69.104:38895, 0769e572-08ab-4ece-a5d6-c2eb5464bcba:192.168.69.104:34982], old=null
2019-09-04 09:33:30,752 [0769e572-08ab-4ece-a5d6-c2eb5464bcba:group-25AE50A0726C:LeaderElection101] INFO  impl.RoleInfo (RoleInfo.java:shutdownLeaderElection(134)) - 0769e572-08ab-4ece-a5d6-c2eb5464bcba: shutdown LeaderElection
2019-09-04 09:33:30,752 [0769e572-08ab-4ece-a5d6-c2eb5464bcba:group-25AE50A0726C:LeaderElection101] INFO  impl.RaftServerImpl (RaftServerImpl.java:setRole(171)) - 0769e572-08ab-4ece-a5d6-c2eb5464bcba:group-25AE50A0726C changes role from CANDIDATE to LEADER at term 2 for changeToLeader
2019-09-04 09:33:30,752 [0769e572-08ab-4ece-a5d6-c2eb5464bcba:group-25AE50A0726C:LeaderElection101] INFO  impl.RaftServerImpl (ServerState.java:setLeader(263)) - 0769e572-08ab-4ece-a5d6-c2eb5464bcba:group-25AE50A0726C change Leader from null to 0769e572-08ab-4ece-a5d6-c2eb5464bcba at term 2 for becomeLeader, leader elected after 10307ms
2019-09-04 09:33:30,752 [0769e572-08ab-4ece-a5d6-c2eb5464bcba:group-25AE50A0726C:LeaderElection101] INFO  server.RaftServerConfigKeys (ConfUtils.java:logGet(43)) - raft.server.staging.catchup.gap = 1000 (default)
2019-09-04 09:33:30,752 [0769e572-08ab-4ece-a5d6-c2eb5464bcba:group-25AE50A0726C:LeaderElection101] INFO  server.RaftServerConfigKeys (ConfUtils.java:logGet(43)) - raft.server.rpc.sleep.time = 25ms (default)
2019-09-04 09:33:30,753 [0769e572-08ab-4ece-a5d6-c2eb5464bcba:group-25AE50A0726C:LeaderElection101] INFO  server.RaftServerConfigKeys (ConfUtils.java:logGet(43)) - raft.server.write.element-limit = 4096 (default)
2019-09-04 09:33:30,753 [0769e572-08ab-4ece-a5d6-c2eb5464bcba:group-25AE50A0726C:LeaderElection101] INFO  server.RaftServerConfigKeys (ConfUtils.java:logGet(43)) - raft.server.watch.timeout = 10s (default)
2019-09-04 09:33:30,753 [0769e572-08ab-4ece-a5d6-c2eb5464bcba:group-25AE50A0726C:LeaderElection101] INFO  server.RaftServerConfigKeys (ConfUtils.java:logGet(43)) - raft.server.watch.timeout.denomination = 1s (default)
2019-09-04 09:33:30,753 [0769e572-08ab-4ece-a5d6-c2eb5464bcba:group-25AE50A0726C:LeaderElection101] INFO  server.RaftServerConfigKeys (ConfUtils.java:logGet(43)) - raft.server.watch.element-limit = 65536 (default)
2019-09-04 09:33:30,753 [0769e572-08ab-4ece-a5d6-c2eb5464bcba:group-25AE50A0726C:LeaderElection101] INFO  server.RaftServerConfigKeys (ConfUtils.java:logGet(43)) - raft.server.log.appender.snapshot.chunk.size.max = 16MB (=16777216) (default)
2019-09-04 09:33:30,754 [0769e572-08ab-4ece-a5d6-c2eb5464bcba:group-25AE50A0726C:LeaderElection101] INFO  server.RaftServerConfigKeys (ConfUtils.java:logGet(43)) - raft.server.log.appender.buffer.byte-limit = 33554432 (custom)
2019-09-04 09:33:30,754 [0769e572-08ab-4ece-a5d6-c2eb5464bcba:group-25AE50A0726C:LeaderElection101] INFO  server.RaftServerConfigKeys (ConfUtils.java:logGet(43)) - raft.server.log.appender.buffer.element-limit = 1 (custom)
2019-09-04 09:33:30,754 [0769e572-08ab-4ece-a5d6-c2eb5464bcba:group-25AE50A0726C:LeaderElection101] INFO  grpc.GrpcConfigKeys$Server (ConfUtils.java:logGet(43)) - raft.grpc.server.leader.outstanding.appends.max = 128 (default)
2019-09-04 09:33:30,754 [0769e572-08ab-4ece-a5d6-c2eb5464bcba:group-25AE50A0726C:LeaderElection101] INFO  server.RaftServerConfigKeys (ConfUtils.java:logGet(43)) - raft.server.rpc.request.timeout = 3000ms (default)
2019-09-04 09:33:30,754 [0769e572-08ab-4ece-a5d6-c2eb5464bcba:group-25AE50A0726C:LeaderElection101] INFO  server.RaftServerConfigKeys (ConfUtils.java:logGet(43)) - raft.server.log.appender.install.snapshot.enabled = false (custom)
2019-09-04 09:33:30,754 [0769e572-08ab-4ece-a5d6-c2eb5464bcba:group-25AE50A0726C:LeaderElection101] INFO  server.RaftServerConfigKeys (ConfUtils.java:logGet(43)) - raft.server.log.appender.snapshot.chunk.size.max = 16MB (=16777216) (default)
2019-09-04 09:33:30,755 [0769e572-08ab-4ece-a5d6-c2eb5464bcba:group-25AE50A0726C:LeaderElection101] INFO  server.RaftServerConfigKeys (ConfUtils.java:logGet(43)) - raft.server.log.appender.buffer.byte-limit = 33554432 (custom)
2019-09-04 09:33:30,755 [0769e572-08ab-4ece-a5d6-c2eb5464bcba:group-25AE50A0726C:LeaderElection101] INFO  server.RaftServerConfigKeys (ConfUtils.java:logGet(43)) - raft.server.log.appender.buffer.element-limit = 1 (custom)
2019-09-04 09:33:30,755 [0769e572-08ab-4ece-a5d6-c2eb5464bcba:group-25AE50A0726C:LeaderElection101] INFO  grpc.GrpcConfigKeys$Server (ConfUtils.java:logGet(43)) - raft.grpc.server.leader.outstanding.appends.max = 128 (default)
2019-09-04 09:33:30,755 [0769e572-08ab-4ece-a5d6-c2eb5464bcba:group-25AE50A0726C:LeaderElection101] INFO  server.RaftServerConfigKeys (ConfUtils.java:logGet(43)) - raft.server.rpc.request.timeout = 3000ms (default)
2019-09-04 09:33:30,755 [0769e572-08ab-4ece-a5d6-c2eb5464bcba:group-25AE50A0726C:LeaderElection101] INFO  server.RaftServerConfigKeys (ConfUtils.java:logGet(43)) - raft.server.log.appender.install.snapshot.enabled = false (custom)
2019-09-04 09:33:30,756 [0769e572-08ab-4ece-a5d6-c2eb5464bcba:group-25AE50A0726C:LeaderElection101] INFO  impl.RoleInfo (RoleInfo.java:updateAndGet(143)) - 0769e572-08ab-4ece-a5d6-c2eb5464bcba: start LeaderState
2019-09-04 09:33:30,756 [0769e572-08ab-4ece-a5d6-c2eb5464bcba:group-25AE50A0726C:LeaderElection101] INFO  segmented.SegmentedRaftLogWorker (SegmentedRaftLogWorker.java:startLogSegment(380)) - 0769e572-08ab-4ece-a5d6-c2eb5464bcba-SegmentedRaftLogWorker:Storage Directory /workdir/hadoop-ozone/integration-test/target/test-dir/MiniOzoneClusterImpl-73d646de-bab2-44de-aaf3-9281ad245be8/datanode-4/data/ratis/fb8d631f-3883-4bfa-910f-25ae50a0726c: Starting segment from index:0
2019-09-04 09:33:30,757 [0769e572-08ab-4ece-a5d6-c2eb5464bcba:group-25AE50A0726C:LeaderElection101] INFO  impl.RaftServerImpl (ServerState.java:setRaftConf(361)) - 0769e572-08ab-4ece-a5d6-c2eb5464bcba:group-25AE50A0726C set configuration 0: [e7fa1457-e553-4737-b9d1-e4fadd556e67:192.168.69.104:38367, 84b2a6df-5e5e-4a0f-9979-9c338bba01d8:192.168.69.104:38895, 0769e572-08ab-4ece-a5d6-c2eb5464bcba:192.168.69.104:34982], old=null at 0
2019-09-04 09:33:30,758 [grpc-default-executor-2] INFO  impl.RaftServerImpl (ServerState.java:setLeader(263)) - 84b2a6df-5e5e-4a0f-9979-9c338bba01d8:group-25AE50A0726C change Leader from null to 0769e572-08ab-4ece-a5d6-c2eb5464bcba at term 2 for appendEntries, leader elected after 10313ms
2019-09-04 09:33:30,758 [grpc-default-executor-4] INFO  impl.RaftServerImpl (ServerState.java:setLeader(263)) - e7fa1457-e553-4737-b9d1-e4fadd556e67:group-25AE50A0726C change Leader from null to 0769e572-08ab-4ece-a5d6-c2eb5464bcba at term 2 for appendEntries, leader elected after 10313ms
2019-09-04 09:33:30,760 [grpc-default-executor-4] INFO  impl.RaftServerImpl (ServerState.java:setRaftConf(361)) - 84b2a6df-5e5e-4a0f-9979-9c338bba01d8:group-25AE50A0726C set configuration 0: [e7fa1457-e553-4737-b9d1-e4fadd556e67:192.168.69.104:38367, 84b2a6df-5e5e-4a0f-9979-9c338bba01d8:192.168.69.104:38895, 0769e572-08ab-4ece-a5d6-c2eb5464bcba:192.168.69.104:34982], old=null at 0
2019-09-04 09:33:30,760 [grpc-default-executor-2] INFO  impl.RaftServerImpl (ServerState.java:setRaftConf(361)) - e7fa1457-e553-4737-b9d1-e4fadd556e67:group-25AE50A0726C set configuration 0: [e7fa1457-e553-4737-b9d1-e4fadd556e67:192.168.69.104:38367, 84b2a6df-5e5e-4a0f-9979-9c338bba01d8:192.168.69.104:38895, 0769e572-08ab-4ece-a5d6-c2eb5464bcba:192.168.69.104:34982], old=null at 0
2019-09-04 09:33:30,760 [grpc-default-executor-4] INFO  segmented.SegmentedRaftLogWorker (SegmentedRaftLogWorker.java:startLogSegment(380)) - 84b2a6df-5e5e-4a0f-9979-9c338bba01d8-SegmentedRaftLogWorker:Storage Directory /workdir/hadoop-ozone/integration-test/target/test-dir/MiniOzoneClusterImpl-73d646de-bab2-44de-aaf3-9281ad245be8/datanode-3/data/ratis/fb8d631f-3883-4bfa-910f-25ae50a0726c: Starting segment from index:0
2019-09-04 09:33:30,760 [grpc-default-executor-2] INFO  segmented.SegmentedRaftLogWorker (SegmentedRaftLogWorker.java:startLogSegment(380)) - e7fa1457-e553-4737-b9d1-e4fadd556e67-SegmentedRaftLogWorker:Storage Directory /workdir/hadoop-ozone/integration-test/target/test-dir/MiniOzoneClusterImpl-73d646de-bab2-44de-aaf3-9281ad245be8/datanode-5/data/ratis/fb8d631f-3883-4bfa-910f-25ae50a0726c: Starting segment from index:0
2019-09-04 09:33:30,806 [0769e572-08ab-4ece-a5d6-c2eb5464bcba-SegmentedRaftLogWorker:Storage Directory /workdir/hadoop-ozone/integration-test/target/test-dir/MiniOzoneClusterImpl-73d646de-bab2-44de-aaf3-9281ad245be8/datanode-4/data/ratis/fb8d631f-3883-4bfa-910f-25ae50a0726c] INFO  segmented.SegmentedRaftLogWorker (SegmentedRaftLogWorker.java:execute(569)) - 0769e572-08ab-4ece-a5d6-c2eb5464bcba-SegmentedRaftLogWorker:Storage Directory /workdir/hadoop-ozone/integration-test/target/test-dir/MiniOzoneClusterImpl-73d646de-bab2-44de-aaf3-9281ad245be8/datanode-4/data/ratis/fb8d631f-3883-4bfa-910f-25ae50a0726c: created new log segment /workdir/hadoop-ozone/integration-test/target/test-dir/MiniOzoneClusterImpl-73d646de-bab2-44de-aaf3-9281ad245be8/datanode-4/data/ratis/fb8d631f-3883-4bfa-910f-25ae50a0726c/current/log_inprogress_0
2019-09-04 09:33:30,806 [84b2a6df-5e5e-4a0f-9979-9c338bba01d8-SegmentedRaftLogWorker:Storage Directory /workdir/hadoop-ozone/integration-test/target/test-dir/MiniOzoneClusterImpl-73d646de-bab2-44de-aaf3-9281ad245be8/datanode-3/data/ratis/fb8d631f-3883-4bfa-910f-25ae50a0726c] INFO  segmented.SegmentedRaftLogWorker (SegmentedRaftLogWorker.java:execute(569)) - 84b2a6df-5e5e-4a0f-9979-9c338bba01d8-SegmentedRaftLogWorker:Storage Directory /workdir/hadoop-ozone/integration-test/target/test-dir/MiniOzoneClusterImpl-73d646de-bab2-44de-aaf3-9281ad245be8/datanode-3/data/ratis/fb8d631f-3883-4bfa-910f-25ae50a0726c: created new log segment /workdir/hadoop-ozone/integration-test/target/test-dir/MiniOzoneClusterImpl-73d646de-bab2-44de-aaf3-9281ad245be8/datanode-3/data/ratis/fb8d631f-3883-4bfa-910f-25ae50a0726c/current/log_inprogress_0
2019-09-04 09:33:30,806 [e7fa1457-e553-4737-b9d1-e4fadd556e67-SegmentedRaftLogWorker:Storage Directory /workdir/hadoop-ozone/integration-test/target/test-dir/MiniOzoneClusterImpl-73d646de-bab2-44de-aaf3-9281ad245be8/datanode-5/data/ratis/fb8d631f-3883-4bfa-910f-25ae50a0726c] INFO  segmented.SegmentedRaftLogWorker (SegmentedRaftLogWorker.java:execute(569)) - e7fa1457-e553-4737-b9d1-e4fadd556e67-SegmentedRaftLogWorker:Storage Directory /workdir/hadoop-ozone/integration-test/target/test-dir/MiniOzoneClusterImpl-73d646de-bab2-44de-aaf3-9281ad245be8/datanode-5/data/ratis/fb8d631f-3883-4bfa-910f-25ae50a0726c: created new log segment /workdir/hadoop-ozone/integration-test/target/test-dir/MiniOzoneClusterImpl-73d646de-bab2-44de-aaf3-9281ad245be8/datanode-5/data/ratis/fb8d631f-3883-4bfa-910f-25ae50a0726c/current/log_inprogress_0
2019-09-04 09:33:30,809 [main] INFO  ozoneimpl.OzoneContainer (OzoneContainer.java:stop(199)) - Attempting to stop container services.
2019-09-04 09:33:30,809 [main] INFO  impl.RaftServerProxy (RaftServerProxy.java:lambda$close$4(314)) - 66a7ded9-d93a-47d1-9f2c-98e6bd60743c: close
2019-09-04 09:33:30,809 [main] INFO  impl.RaftServerImpl (RaftServerImpl.java:lambda$shutdown$3(245)) - 66a7ded9-d93a-47d1-9f2c-98e6bd60743c: shutdown group-170D9D5199FE
2019-09-04 09:33:30,810 [main] INFO  util.JmxRegister (JmxRegister.java:unregister(73)) - Successfully un-registered JMX Bean with object name Ratis:service=RaftServer,group=group-170D9D5199FE,id=66a7ded9-d93a-47d1-9f2c-98e6bd60743c
2019-09-04 09:33:30,810 [main] INFO  impl.RoleInfo (RoleInfo.java:shutdownLeaderState(104)) - 66a7ded9-d93a-47d1-9f2c-98e6bd60743c: shutdown LeaderState
2019-09-04 09:33:30,810 [main] INFO  impl.PendingRequests (PendingRequests.java:sendNotLeaderResponses(202)) - 66a7ded9-d93a-47d1-9f2c-98e6bd60743c-PendingRequests: sendNotLeaderResponses
2019-09-04 09:33:30,811 [main] INFO  impl.StateMachineUpdater (StateMachineUpdater.java:stopAndJoin(115)) - StateMachineUpdater:66a7ded9-d93a-47d1-9f2c-98e6bd60743c:group-170D9D5199FE: set stopIndex = 0
2019-09-04 09:33:30,811 [main] INFO  impl.RaftServerImpl (ServerState.java:close(394)) - 66a7ded9-d93a-47d1-9f2c-98e6bd60743c:group-170D9D5199FE closes. The last applied log index is 0
2019-09-04 09:33:30,811 [66a7ded9-d93a-47d1-9f2c-98e6bd60743c-SegmentedRaftLogWorker:Storage Directory /workdir/hadoop-ozone/integration-test/target/test-dir/MiniOzoneClusterImpl-73d646de-bab2-44de-aaf3-9281ad245be8/datanode-0/data/ratis/619f9c47-8a68-4fd3-8c2d-170d9d5199fe] INFO  segmented.SegmentedRaftLogWorker (SegmentedRaftLogWorker.java:run(313)) - 66a7ded9-d93a-47d1-9f2c-98e6bd60743c-SegmentedRaftLogWorker:Storage Directory /workdir/hadoop-ozone/integration-test/target/test-dir/MiniOzoneClusterImpl-73d646de-bab2-44de-aaf3-9281ad245be8/datanode-0/data/ratis/619f9c47-8a68-4fd3-8c2d-170d9d5199fe was interrupted, exiting. There are 0 tasks remaining in the queue.
2019-09-04 09:33:30,817 [main] INFO  segmented.SegmentedRaftLogWorker (SegmentedRaftLogWorker.java:close(228)) - 66a7ded9-d93a-47d1-9f2c-98e6bd60743c-SegmentedRaftLogWorker:Storage Directory /workdir/hadoop-ozone/integration-test/target/test-dir/MiniOzoneClusterImpl-73d646de-bab2-44de-aaf3-9281ad245be8/datanode-0/data/ratis/619f9c47-8a68-4fd3-8c2d-170d9d5199fe close()
2019-09-04 09:33:30,824 [main] INFO  impl.RaftServerImpl (RaftServerImpl.java:lambda$shutdown$3(245)) - 66a7ded9-d93a-47d1-9f2c-98e6bd60743c: shutdown group-E490C312537B
2019-09-04 09:33:30,824 [main] INFO  util.JmxRegister (JmxRegister.java:unregister(73)) - Successfully un-registered JMX Bean with object name Ratis:service=RaftServer,group=group-E490C312537B,id=66a7ded9-d93a-47d1-9f2c-98e6bd60743c
2019-09-04 09:33:30,824 [main] INFO  impl.RoleInfo (RoleInfo.java:shutdownLeaderState(104)) - 66a7ded9-d93a-47d1-9f2c-98e6bd60743c: shutdown LeaderState
2019-09-04 09:33:30,829 [main] INFO  impl.PendingRequests (PendingRequests.java:sendNotLeaderResponses(202)) - 66a7ded9-d93a-47d1-9f2c-98e6bd60743c-PendingRequests: sendNotLeaderResponses
2019-09-04 09:33:30,829 [org.apache.ratis.server.impl.LogAppender$AppenderDaemon$$Lambda$497/1136319695@3be82101] WARN  server.GrpcLogAppender (GrpcLogAppender.java:mayWait(143)) - GrpcLogAppender(66a7ded9-d93a-47d1-9f2c-98e6bd60743c->9aea6155-db32-4c39-a652-41f8decfc52c): Wait interrupted by java.lang.InterruptedException
2019-09-04 09:33:30,829 [org.apache.ratis.server.impl.LogAppender$AppenderDaemon$$Lambda$497/1136319695@7eeab818] WARN  server.GrpcLogAppender (GrpcLogAppender.java:mayWait(143)) - GrpcLogAppender(66a7ded9-d93a-47d1-9f2c-98e6bd60743c->92f35af7-27d9-4e2d-a282-1637ac15099d): Wait interrupted by java.lang.InterruptedException
2019-09-04 09:33:30,840 [main] INFO  impl.StateMachineUpdater (StateMachineUpdater.java:stopAndJoin(115)) - StateMachineUpdater:66a7ded9-d93a-47d1-9f2c-98e6bd60743c:group-E490C312537B: set stopIndex = 2
2019-09-04 09:33:30,840 [StateMachineUpdater:66a7ded9-d93a-47d1-9f2c-98e6bd60743c:group-E490C312537B] INFO  ratis.ContainerStateMachine (ContainerStateMachine.java:takeSnapshot(283)) - group-E490C312537B: Taking a snapshot at:(t:1, i:2) file /workdir/hadoop-ozone/integration-test/target/test-dir/MiniOzoneClusterImpl-73d646de-bab2-44de-aaf3-9281ad245be8/datanode-0/data/ratis/e56e152c-b012-4d21-a224-e490c312537b/sm/snapshot.1_2
2019-09-04 09:33:30,841 [grpc-default-executor-2] INFO  server.GrpcServerProtocolService (GrpcServerProtocolService.java:onCompleted(104)) - 92f35af7-27d9-4e2d-a282-1637ac15099d: appendEntries completed
2019-09-04 09:33:30,841 [grpc-default-executor-1] INFO  server.GrpcServerProtocolService (GrpcServerProtocolService.java:onCompleted(104)) - 9aea6155-db32-4c39-a652-41f8decfc52c: appendEntries completed
2019-09-04 09:33:30,842 [grpc-default-executor-4] INFO  server.GrpcLogAppender (GrpcLogAppender.java:onCompleted(292)) - 66a7ded9-d93a-47d1-9f2c-98e6bd60743c->92f35af7-27d9-4e2d-a282-1637ac15099d: follower responses appendEntries COMPLETED
2019-09-04 09:33:30,842 [grpc-default-executor-2] INFO  server.GrpcLogAppender (GrpcLogAppender.java:onCompleted(292)) - 66a7ded9-d93a-47d1-9f2c-98e6bd60743c->9aea6155-db32-4c39-a652-41f8decfc52c: follower responses appendEntries COMPLETED
2019-09-04 09:33:30,842 [grpc-default-executor-4] INFO  impl.FollowerInfo (FollowerInfo.java:lambda$new$0(50)) - 66a7ded9-d93a-47d1-9f2c-98e6bd60743c->92f35af7-27d9-4e2d-a282-1637ac15099d: nextIndex: updateUnconditionally 3 -> 2
2019-09-04 09:33:30,842 [grpc-default-executor-2] INFO  impl.FollowerInfo (FollowerInfo.java:lambda$new$0(50)) - 66a7ded9-d93a-47d1-9f2c-98e6bd60743c->9aea6155-db32-4c39-a652-41f8decfc52c: nextIndex: updateUnconditionally 3 -> 2
2019-09-04 09:33:30,854 [StateMachineUpdater:66a7ded9-d93a-47d1-9f2c-98e6bd60743c:group-E490C312537B] INFO  ratis.ContainerStateMachine (ContainerStateMachine.java:takeSnapshot(294)) - group-E490C312537B: Finished taking a snapshot at:(t:1, i:2) file:/workdir/hadoop-ozone/integration-test/target/test-dir/MiniOzoneClusterImpl-73d646de-bab2-44de-aaf3-9281ad245be8/datanode-0/data/ratis/e56e152c-b012-4d21-a224-e490c312537b/sm/snapshot.1_2 time:14
2019-09-04 09:33:30,854 [StateMachineUpdater:66a7ded9-d93a-47d1-9f2c-98e6bd60743c:group-E490C312537B] INFO  impl.StateMachineUpdater (StateMachineUpdater.java:takeSnapshot(242)) - StateMachineUpdater:66a7ded9-d93a-47d1-9f2c-98e6bd60743c:group-E490C312537B: Took a snapshot at index 2
2019-09-04 09:33:30,854 [StateMachineUpdater:66a7ded9-d93a-47d1-9f2c-98e6bd60743c:group-E490C312537B] INFO  impl.StateMachineUpdater (StateMachineUpdater.java:lambda$new$0(80)) - StateMachineUpdater:66a7ded9-d93a-47d1-9f2c-98e6bd60743c:group-E490C312537B: snapshotIndex: updateIncreasingly -1 -> 2
2019-09-04 09:33:30,855 [main] INFO  impl.RaftServerImpl (ServerState.java:close(394)) - 66a7ded9-d93a-47d1-9f2c-98e6bd60743c:group-E490C312537B closes. The last applied log index is 2
2019-09-04 09:33:30,855 [66a7ded9-d93a-47d1-9f2c-98e6bd60743c-SegmentedRaftLogWorker:Storage Directory /workdir/hadoop-ozone/integration-test/target/test-dir/MiniOzoneClusterImpl-73d646de-bab2-44de-aaf3-9281ad245be8/datanode-0/data/ratis/e56e152c-b012-4d21-a224-e490c312537b] INFO  segmented.SegmentedRaftLogWorker (SegmentedRaftLogWorker.java:run(313)) - 66a7ded9-d93a-47d1-9f2c-98e6bd60743c-SegmentedRaftLogWorker:Storage Directory /workdir/hadoop-ozone/integration-test/target/test-dir/MiniOzoneClusterImpl-73d646de-bab2-44de-aaf3-9281ad245be8/datanode-0/data/ratis/e56e152c-b012-4d21-a224-e490c312537b was interrupted, exiting. There are 0 tasks remaining in the queue.
2019-09-04 09:33:30,860 [main] INFO  segmented.SegmentedRaftLogWorker (SegmentedRaftLogWorker.java:close(228)) - 66a7ded9-d93a-47d1-9f2c-98e6bd60743c-SegmentedRaftLogWorker:Storage Directory /workdir/hadoop-ozone/integration-test/target/test-dir/MiniOzoneClusterImpl-73d646de-bab2-44de-aaf3-9281ad245be8/datanode-0/data/ratis/e56e152c-b012-4d21-a224-e490c312537b close()
2019-09-04 09:33:30,870 [main] INFO  server.GrpcService (GrpcService.java:closeImpl(155)) - 66a7ded9-d93a-47d1-9f2c-98e6bd60743c: shutdown server with port 33517 now
2019-09-04 09:33:30,871 [main] INFO  server.GrpcService (GrpcService.java:closeImpl(163)) - 66a7ded9-d93a-47d1-9f2c-98e6bd60743c: shutdown server with port 33517 successfully
2019-09-04 09:33:30,872 [main] INFO  utils.BackgroundService (BackgroundService.java:shutdown(148)) - Shutting down service BlockDeletingService
2019-09-04 09:33:30,874 [refreshUsed-/workdir/hadoop-ozone/integration-test/target/test-dir/MiniOzoneClusterImpl-73d646de-bab2-44de-aaf3-9281ad245be8/datanode-0/data/containers] WARN  fs.CachingGetSpaceUsed (CachingGetSpaceUsed.java:run(183)) - Thread Interrupted waiting to refresh disk information: sleep interrupted
2019-09-04 09:33:30,878 | INFO  | SCMAudit | user=jenkins1000 | ip=192.168.69.104 | op=SEND_HEARTBEAT {datanodeUUID=92f35af7-27d9-4e2d-a282-1637ac15099d, command=[]} | ret=SUCCESS |  
2019-09-04 09:33:30,878 | INFO  | SCMAudit | user=jenkins1000 | ip=192.168.69.104 | op=SEND_HEARTBEAT {datanodeUUID=9aea6155-db32-4c39-a652-41f8decfc52c, command=[]} | ret=SUCCESS |  
2019-09-04 09:33:30,902 [main] INFO  statemachine.DatanodeStateMachine (DatanodeStateMachine.java:stopDaemon(395)) - Ozone container server stopped.
2019-09-04 09:33:30,903 [main] INFO  handler.ContextHandler (ContextHandler.java:doStop(910)) - Stopped o.e.j.w.WebAppContext@189f9f9f{/,null,UNAVAILABLE}{/hddsDatanode}
2019-09-04 09:33:30,904 [main] INFO  server.AbstractConnector (AbstractConnector.java:doStop(318)) - Stopped ServerConnector@5b908c6d{HTTP/1.1,[http/1.1]}{0.0.0.0:0}
2019-09-04 09:33:30,904 [main] INFO  handler.ContextHandler (ContextHandler.java:doStop(910)) - Stopped o.e.j.s.ServletContextHandler@3b4b2c03{/static,jar:file:/home/user/.m2/repository/org/apache/hadoop/hadoop-hdds-container-service/0.5.0-SNAPSHOT/hadoop-hdds-container-service-0.5.0-SNAPSHOT.jar!/webapps/static,UNAVAILABLE}
2019-09-04 09:33:30,904 [main] INFO  handler.ContextHandler (ContextHandler.java:doStop(910)) - Stopped o.e.j.s.ServletContextHandler@78b29e00{/logs,file:///workdir/hadoop-ozone/integration-test/target/log,UNAVAILABLE}
2019-09-04 09:33:30,909 | INFO  | SCMAudit | user=jenkins1000 | ip=192.168.69.104 | op=SEND_HEARTBEAT {datanodeUUID=fee90ff4-ae5b-4370-9a2e-b45e68f319a2, command=[]} | ret=SUCCESS |  
2019-09-04 09:33:30,923 | INFO  | SCMAudit | user=jenkins1000 | ip=192.168.69.104 | op=SEND_HEARTBEAT {datanodeUUID=84b2a6df-5e5e-4a0f-9979-9c338bba01d8, command=[]} | ret=SUCCESS |  
2019-09-04 09:33:31,130 | INFO  | SCMAudit | user=jenkins1000 | ip=192.168.69.104 | op=SEND_HEARTBEAT {datanodeUUID=0769e572-08ab-4ece-a5d6-c2eb5464bcba, command=[]} | ret=SUCCESS |  
2019-09-04 09:33:31,143 | INFO  | SCMAudit | user=jenkins1000 | ip=192.168.69.104 | op=SEND_HEARTBEAT {datanodeUUID=6a110688-e427-4f01-a5b6-cceebbdad1ed, command=[]} | ret=SUCCESS |  
2019-09-04 09:33:31,302 | INFO  | SCMAudit | user=jenkins1000 | ip=192.168.69.104 | op=SEND_HEARTBEAT {datanodeUUID=e7fa1457-e553-4737-b9d1-e4fadd556e67, command=[]} | ret=SUCCESS |  
2019-09-04 09:33:31,327 | INFO  | SCMAudit | user=jenkins1000 | ip=192.168.69.104 | op=SEND_HEARTBEAT {datanodeUUID=e937a017-3f4f-4695-ad6d-cb2753d2b845, command=[]} | ret=SUCCESS |  
2019-09-04 09:33:31,339 | INFO  | SCMAudit | user=jenkins1000 | ip=192.168.69.104 | op=SEND_HEARTBEAT {datanodeUUID=18851aac-bbd7-47f5-af1c-17f426b11266, command=[]} | ret=SUCCESS |  
2019-09-04 09:33:31,495 | INFO  | SCMAudit | user=jenkins1000 | ip=192.168.69.104 | op=SEND_HEARTBEAT {datanodeUUID=2494cbd6-ce98-4ca5-b34f-2a9f18204c2c, command=[]} | ret=SUCCESS |  
2019-09-04 09:33:31,593 | INFO  | SCMAudit | user=jenkins1000 | ip=192.168.69.104 | op=SEND_HEARTBEAT {datanodeUUID=0ac595d7-a290-4eb2-9411-ef15ff51c194, command=[]} | ret=SUCCESS |  
2019-09-04 09:33:31,700 | INFO  | SCMAudit | user=jenkins1000 | ip=192.168.69.104 | op=SEND_HEARTBEAT {datanodeUUID=4e23e929-4fb0-4bb2-876d-c448ab6fdc4c, command=[]} | ret=SUCCESS |  
2019-09-04 09:33:31,731 | INFO  | SCMAudit | user=jenkins1000 | ip=192.168.69.104 | op=SEND_HEARTBEAT {datanodeUUID=9626cf3a-220d-42c0-b303-e22d032a63b2, command=[]} | ret=SUCCESS |  
2019-09-04 09:33:31,878 | INFO  | SCMAudit | user=jenkins1000 | ip=192.168.69.104 | op=SEND_HEARTBEAT {datanodeUUID=9aea6155-db32-4c39-a652-41f8decfc52c, command=[]} | ret=SUCCESS |  
2019-09-04 09:33:31,878 | INFO  | SCMAudit | user=jenkins1000 | ip=192.168.69.104 | op=SEND_HEARTBEAT {datanodeUUID=92f35af7-27d9-4e2d-a282-1637ac15099d, command=[]} | ret=SUCCESS |  
2019-09-04 09:33:31,909 | INFO  | SCMAudit | user=jenkins1000 | ip=192.168.69.104 | op=SEND_HEARTBEAT {datanodeUUID=fee90ff4-ae5b-4370-9a2e-b45e68f319a2, command=[]} | ret=SUCCESS |  
2019-09-04 09:33:31,924 | INFO  | SCMAudit | user=jenkins1000 | ip=192.168.69.104 | op=SEND_HEARTBEAT {datanodeUUID=84b2a6df-5e5e-4a0f-9979-9c338bba01d8, command=[]} | ret=SUCCESS |  
2019-09-04 09:33:32,130 | INFO  | SCMAudit | user=jenkins1000 | ip=192.168.69.104 | op=SEND_HEARTBEAT {datanodeUUID=0769e572-08ab-4ece-a5d6-c2eb5464bcba, command=[]} | ret=SUCCESS |  
2019-09-04 09:33:32,143 | INFO  | SCMAudit | user=jenkins1000 | ip=192.168.69.104 | op=SEND_HEARTBEAT {datanodeUUID=6a110688-e427-4f01-a5b6-cceebbdad1ed, command=[]} | ret=SUCCESS |  
2019-09-04 09:33:32,302 | INFO  | SCMAudit | user=jenkins1000 | ip=192.168.69.104 | op=SEND_HEARTBEAT {datanodeUUID=e7fa1457-e553-4737-b9d1-e4fadd556e67, command=[]} | ret=SUCCESS |  
2019-09-04 09:33:32,328 | INFO  | SCMAudit | user=jenkins1000 | ip=192.168.69.104 | op=SEND_HEARTBEAT {datanodeUUID=e937a017-3f4f-4695-ad6d-cb2753d2b845, command=[]} | ret=SUCCESS |  
2019-09-04 09:33:32,339 | INFO  | SCMAudit | user=jenkins1000 | ip=192.168.69.104 | op=SEND_HEARTBEAT {datanodeUUID=18851aac-bbd7-47f5-af1c-17f426b11266, command=[]} | ret=SUCCESS |  
2019-09-04 09:33:32,495 | INFO  | SCMAudit | user=jenkins1000 | ip=192.168.69.104 | op=SEND_HEARTBEAT {datanodeUUID=2494cbd6-ce98-4ca5-b34f-2a9f18204c2c, command=[]} | ret=SUCCESS |  
2019-09-04 09:33:32,594 | INFO  | SCMAudit | user=jenkins1000 | ip=192.168.69.104 | op=SEND_HEARTBEAT {datanodeUUID=0ac595d7-a290-4eb2-9411-ef15ff51c194, command=[]} | ret=SUCCESS |  
2019-09-04 09:33:32,700 | INFO  | SCMAudit | user=jenkins1000 | ip=192.168.69.104 | op=SEND_HEARTBEAT {datanodeUUID=4e23e929-4fb0-4bb2-876d-c448ab6fdc4c, command=[]} | ret=SUCCESS |  
2019-09-04 09:33:32,731 | INFO  | SCMAudit | user=jenkins1000 | ip=192.168.69.104 | op=SEND_HEARTBEAT {datanodeUUID=9626cf3a-220d-42c0-b303-e22d032a63b2, command=[]} | ret=SUCCESS |  
2019-09-04 09:33:32,878 | INFO  | SCMAudit | user=jenkins1000 | ip=192.168.69.104 | op=SEND_HEARTBEAT {datanodeUUID=92f35af7-27d9-4e2d-a282-1637ac15099d, command=[]} | ret=SUCCESS |  
2019-09-04 09:33:32,878 | INFO  | SCMAudit | user=jenkins1000 | ip=192.168.69.104 | op=SEND_HEARTBEAT {datanodeUUID=9aea6155-db32-4c39-a652-41f8decfc52c, command=[]} | ret=SUCCESS |  
2019-09-04 09:33:32,910 | INFO  | SCMAudit | user=jenkins1000 | ip=192.168.69.104 | op=SEND_HEARTBEAT {datanodeUUID=fee90ff4-ae5b-4370-9a2e-b45e68f319a2, command=[]} | ret=SUCCESS |  
2019-09-04 09:33:32,920 [grpc-default-executor-2] INFO  client.GrpcClientProtocolClient (GrpcClientProtocolClient.java:onNext(255)) - client-A27D453B97D8->92f35af7-27d9-4e2d-a282-1637ac15099d: receive RaftClientReply:client-A27D453B97D8->92f35af7-27d9-4e2d-a282-1637ac15099d@group-E490C312537B, cid=102, FAILED org.apache.ratis.protocol.NotLeaderException: Server 92f35af7-27d9-4e2d-a282-1637ac15099d is not the leader (66a7ded9-d93a-47d1-9f2c-98e6bd60743c:192.168.69.104:33517). Request must be sent to leader., logIndex=0, commits[92f35af7-27d9-4e2d-a282-1637ac15099d:c2, 66a7ded9-d93a-47d1-9f2c-98e6bd60743c:c2, 9aea6155-db32-4c39-a652-41f8decfc52c:c2]
2019-09-04 09:33:32,926 | INFO  | SCMAudit | user=jenkins1000 | ip=192.168.69.104 | op=SEND_HEARTBEAT {datanodeUUID=84b2a6df-5e5e-4a0f-9979-9c338bba01d8, command=[]} | ret=SUCCESS |  
2019-09-04 09:33:33,130 | INFO  | SCMAudit | user=jenkins1000 | ip=192.168.69.104 | op=SEND_HEARTBEAT {datanodeUUID=0769e572-08ab-4ece-a5d6-c2eb5464bcba, command=[]} | ret=SUCCESS |  
2019-09-04 09:33:33,143 | INFO  | SCMAudit | user=jenkins1000 | ip=192.168.69.104 | op=SEND_HEARTBEAT {datanodeUUID=6a110688-e427-4f01-a5b6-cceebbdad1ed, command=[]} | ret=SUCCESS |  
2019-09-04 09:33:33,302 | INFO  | SCMAudit | user=jenkins1000 | ip=192.168.69.104 | op=SEND_HEARTBEAT {datanodeUUID=e7fa1457-e553-4737-b9d1-e4fadd556e67, command=[]} | ret=SUCCESS |  
2019-09-04 09:33:33,328 | INFO  | SCMAudit | user=jenkins1000 | ip=192.168.69.104 | op=SEND_HEARTBEAT {datanodeUUID=e937a017-3f4f-4695-ad6d-cb2753d2b845, command=[]} | ret=SUCCESS |  
2019-09-04 09:33:33,339 | INFO  | SCMAudit | user=jenkins1000 | ip=192.168.69.104 | op=SEND_HEARTBEAT {datanodeUUID=18851aac-bbd7-47f5-af1c-17f426b11266, command=[]} | ret=SUCCESS |  
2019-09-04 09:33:33,495 | INFO  | SCMAudit | user=jenkins1000 | ip=192.168.69.104 | op=SEND_HEARTBEAT {datanodeUUID=2494cbd6-ce98-4ca5-b34f-2a9f18204c2c, command=[]} | ret=SUCCESS |  
2019-09-04 09:33:33,594 | INFO  | SCMAudit | user=jenkins1000 | ip=192.168.69.104 | op=SEND_HEARTBEAT {datanodeUUID=0ac595d7-a290-4eb2-9411-ef15ff51c194, command=[]} | ret=SUCCESS |  
2019-09-04 09:33:33,700 | INFO  | SCMAudit | user=jenkins1000 | ip=192.168.69.104 | op=SEND_HEARTBEAT {datanodeUUID=4e23e929-4fb0-4bb2-876d-c448ab6fdc4c, command=[]} | ret=SUCCESS |  
2019-09-04 09:33:33,731 | INFO  | SCMAudit | user=jenkins1000 | ip=192.168.69.104 | op=SEND_HEARTBEAT {datanodeUUID=9626cf3a-220d-42c0-b303-e22d032a63b2, command=[]} | ret=SUCCESS |  
2019-09-04 09:33:33,878 | INFO  | SCMAudit | user=jenkins1000 | ip=192.168.69.104 | op=SEND_HEARTBEAT {datanodeUUID=9aea6155-db32-4c39-a652-41f8decfc52c, command=[]} | ret=SUCCESS |  
2019-09-04 09:33:33,878 | INFO  | SCMAudit | user=jenkins1000 | ip=192.168.69.104 | op=SEND_HEARTBEAT {datanodeUUID=92f35af7-27d9-4e2d-a282-1637ac15099d, command=[]} | ret=SUCCESS |  
2019-09-04 09:33:33,909 | INFO  | SCMAudit | user=jenkins1000 | ip=192.168.69.104 | op=SEND_HEARTBEAT {datanodeUUID=fee90ff4-ae5b-4370-9a2e-b45e68f319a2, command=[]} | ret=SUCCESS |  
2019-09-04 09:33:33,926 | INFO  | SCMAudit | user=jenkins1000 | ip=192.168.69.104 | op=SEND_HEARTBEAT {datanodeUUID=84b2a6df-5e5e-4a0f-9979-9c338bba01d8, command=[]} | ret=SUCCESS |  
2019-09-04 09:33:33,937 [grpc-default-executor-4] INFO  client.GrpcClientProtocolClient (GrpcClientProtocolClient.java:onNext(255)) - client-A27D453B97D8->9aea6155-db32-4c39-a652-41f8decfc52c: receive RaftClientReply:client-A27D453B97D8->9aea6155-db32-4c39-a652-41f8decfc52c@group-E490C312537B, cid=102, FAILED org.apache.ratis.protocol.NotLeaderException: Server 9aea6155-db32-4c39-a652-41f8decfc52c is not the leader (66a7ded9-d93a-47d1-9f2c-98e6bd60743c:192.168.69.104:33517). Request must be sent to leader., logIndex=0, commits[9aea6155-db32-4c39-a652-41f8decfc52c:c2, 66a7ded9-d93a-47d1-9f2c-98e6bd60743c:c2, 92f35af7-27d9-4e2d-a282-1637ac15099d:c2]
2019-09-04 09:33:34,131 | INFO  | SCMAudit | user=jenkins1000 | ip=192.168.69.104 | op=SEND_HEARTBEAT {datanodeUUID=0769e572-08ab-4ece-a5d6-c2eb5464bcba, command=[]} | ret=SUCCESS |  
2019-09-04 09:33:34,143 | INFO  | SCMAudit | user=jenkins1000 | ip=192.168.69.104 | op=SEND_HEARTBEAT {datanodeUUID=6a110688-e427-4f01-a5b6-cceebbdad1ed, command=[]} | ret=SUCCESS |  
2019-09-04 09:33:34,302 | INFO  | SCMAudit | user=jenkins1000 | ip=192.168.69.104 | op=SEND_HEARTBEAT {datanodeUUID=e7fa1457-e553-4737-b9d1-e4fadd556e67, command=[]} | ret=SUCCESS |  
2019-09-04 09:33:34,329 | INFO  | SCMAudit | user=jenkins1000 | ip=192.168.69.104 | op=SEND_HEARTBEAT {datanodeUUID=e937a017-3f4f-4695-ad6d-cb2753d2b845, command=[]} | ret=SUCCESS |  
2019-09-04 09:33:34,339 | INFO  | SCMAudit | user=jenkins1000 | ip=192.168.69.104 | op=SEND_HEARTBEAT {datanodeUUID=18851aac-bbd7-47f5-af1c-17f426b11266, command=[]} | ret=SUCCESS |  
2019-09-04 09:33:34,496 | INFO  | SCMAudit | user=jenkins1000 | ip=192.168.69.104 | op=SEND_HEARTBEAT {datanodeUUID=2494cbd6-ce98-4ca5-b34f-2a9f18204c2c, command=[]} | ret=SUCCESS |  
2019-09-04 09:33:34,593 | INFO  | SCMAudit | user=jenkins1000 | ip=192.168.69.104 | op=SEND_HEARTBEAT {datanodeUUID=0ac595d7-a290-4eb2-9411-ef15ff51c194, command=[]} | ret=SUCCESS |  
2019-09-04 09:33:34,700 | INFO  | SCMAudit | user=jenkins1000 | ip=192.168.69.104 | op=SEND_HEARTBEAT {datanodeUUID=4e23e929-4fb0-4bb2-876d-c448ab6fdc4c, command=[]} | ret=SUCCESS |  
2019-09-04 09:33:34,731 | INFO  | SCMAudit | user=jenkins1000 | ip=192.168.69.104 | op=SEND_HEARTBEAT {datanodeUUID=9626cf3a-220d-42c0-b303-e22d032a63b2, command=[]} | ret=SUCCESS |  
2019-09-04 09:33:34,878 | INFO  | SCMAudit | user=jenkins1000 | ip=192.168.69.104 | op=SEND_HEARTBEAT {datanodeUUID=9aea6155-db32-4c39-a652-41f8decfc52c, command=[]} | ret=SUCCESS |  
2019-09-04 09:33:34,879 | INFO  | SCMAudit | user=jenkins1000 | ip=192.168.69.104 | op=SEND_HEARTBEAT {datanodeUUID=92f35af7-27d9-4e2d-a282-1637ac15099d, command=[]} | ret=SUCCESS |  
2019-09-04 09:33:34,910 | INFO  | SCMAudit | user=jenkins1000 | ip=192.168.69.104 | op=SEND_HEARTBEAT {datanodeUUID=fee90ff4-ae5b-4370-9a2e-b45e68f319a2, command=[]} | ret=SUCCESS |  
2019-09-04 09:33:34,927 | INFO  | SCMAudit | user=jenkins1000 | ip=192.168.69.104 | op=SEND_HEARTBEAT {datanodeUUID=84b2a6df-5e5e-4a0f-9979-9c338bba01d8, command=[]} | ret=SUCCESS |  
2019-09-04 09:33:34,954 [grpc-default-executor-2] INFO  client.GrpcClientProtocolClient (GrpcClientProtocolClient.java:onNext(255)) - client-A27D453B97D8->92f35af7-27d9-4e2d-a282-1637ac15099d: receive RaftClientReply:client-A27D453B97D8->92f35af7-27d9-4e2d-a282-1637ac15099d@group-E490C312537B, cid=102, FAILED org.apache.ratis.protocol.NotLeaderException: Server 92f35af7-27d9-4e2d-a282-1637ac15099d is not the leader (66a7ded9-d93a-47d1-9f2c-98e6bd60743c:192.168.69.104:33517). Request must be sent to leader., logIndex=0, commits[92f35af7-27d9-4e2d-a282-1637ac15099d:c2, 66a7ded9-d93a-47d1-9f2c-98e6bd60743c:c2, 9aea6155-db32-4c39-a652-41f8decfc52c:c2]
2019-09-04 09:33:35,130 | INFO  | SCMAudit | user=jenkins1000 | ip=192.168.69.104 | op=SEND_HEARTBEAT {datanodeUUID=0769e572-08ab-4ece-a5d6-c2eb5464bcba, command=[]} | ret=SUCCESS |  
2019-09-04 09:33:35,143 | INFO  | SCMAudit | user=jenkins1000 | ip=192.168.69.104 | op=SEND_HEARTBEAT {datanodeUUID=6a110688-e427-4f01-a5b6-cceebbdad1ed, command=[]} | ret=SUCCESS |  
2019-09-04 09:33:35,302 | INFO  | SCMAudit | user=jenkins1000 | ip=192.168.69.104 | op=SEND_HEARTBEAT {datanodeUUID=e7fa1457-e553-4737-b9d1-e4fadd556e67, command=[]} | ret=SUCCESS |  
2019-09-04 09:33:35,330 | INFO  | SCMAudit | user=jenkins1000 | ip=192.168.69.104 | op=SEND_HEARTBEAT {datanodeUUID=e937a017-3f4f-4695-ad6d-cb2753d2b845, command=[]} | ret=SUCCESS |  
2019-09-04 09:33:35,339 | INFO  | SCMAudit | user=jenkins1000 | ip=192.168.69.104 | op=SEND_HEARTBEAT {datanodeUUID=18851aac-bbd7-47f5-af1c-17f426b11266, command=[]} | ret=SUCCESS |  
2019-09-04 09:33:35,495 | INFO  | SCMAudit | user=jenkins1000 | ip=192.168.69.104 | op=SEND_HEARTBEAT {datanodeUUID=2494cbd6-ce98-4ca5-b34f-2a9f18204c2c, command=[]} | ret=SUCCESS |  
2019-09-04 09:33:35,593 | INFO  | SCMAudit | user=jenkins1000 | ip=192.168.69.104 | op=SEND_HEARTBEAT {datanodeUUID=0ac595d7-a290-4eb2-9411-ef15ff51c194, command=[]} | ret=SUCCESS |  
2019-09-04 09:33:35,701 | INFO  | SCMAudit | user=jenkins1000 | ip=192.168.69.104 | op=SEND_HEARTBEAT {datanodeUUID=4e23e929-4fb0-4bb2-876d-c448ab6fdc4c, command=[]} | ret=SUCCESS |  
2019-09-04 09:33:35,731 | INFO  | SCMAudit | user=jenkins1000 | ip=192.168.69.104 | op=SEND_HEARTBEAT {datanodeUUID=9626cf3a-220d-42c0-b303-e22d032a63b2, command=[]} | ret=SUCCESS |  
2019-09-04 09:33:35,878 | INFO  | SCMAudit | user=jenkins1000 | ip=192.168.69.104 | op=SEND_HEARTBEAT {datanodeUUID=9aea6155-db32-4c39-a652-41f8decfc52c, command=[]} | ret=SUCCESS |  
2019-09-04 09:33:35,879 | INFO  | SCMAudit | user=jenkins1000 | ip=192.168.69.104 | op=SEND_HEARTBEAT {datanodeUUID=92f35af7-27d9-4e2d-a282-1637ac15099d, command=[]} | ret=SUCCESS |  
2019-09-04 09:33:35,911 | INFO  | SCMAudit | user=jenkins1000 | ip=192.168.69.104 | op=SEND_HEARTBEAT {datanodeUUID=fee90ff4-ae5b-4370-9a2e-b45e68f319a2, command=[]} | ret=SUCCESS |  
2019-09-04 09:33:35,927 | INFO  | SCMAudit | user=jenkins1000 | ip=192.168.69.104 | op=SEND_HEARTBEAT {datanodeUUID=84b2a6df-5e5e-4a0f-9979-9c338bba01d8, command=[]} | ret=SUCCESS |  
2019-09-04 09:33:35,970 [grpc-default-executor-1] INFO  client.GrpcClientProtocolClient (GrpcClientProtocolClient.java:onNext(255)) - client-A27D453B97D8->9aea6155-db32-4c39-a652-41f8decfc52c: receive RaftClientReply:client-A27D453B97D8->9aea6155-db32-4c39-a652-41f8decfc52c@group-E490C312537B, cid=102, FAILED org.apache.ratis.protocol.NotLeaderException: Server 9aea6155-db32-4c39-a652-41f8decfc52c is not the leader (66a7ded9-d93a-47d1-9f2c-98e6bd60743c:192.168.69.104:33517). Request must be sent to leader., logIndex=0, commits[9aea6155-db32-4c39-a652-41f8decfc52c:c2, 66a7ded9-d93a-47d1-9f2c-98e6bd60743c:c2, 92f35af7-27d9-4e2d-a282-1637ac15099d:c2]
2019-09-04 09:33:36,130 | INFO  | SCMAudit | user=jenkins1000 | ip=192.168.69.104 | op=SEND_HEARTBEAT {datanodeUUID=0769e572-08ab-4ece-a5d6-c2eb5464bcba, command=[]} | ret=SUCCESS |  
2019-09-04 09:33:36,143 | INFO  | SCMAudit | user=jenkins1000 | ip=192.168.69.104 | op=SEND_HEARTBEAT {datanodeUUID=6a110688-e427-4f01-a5b6-cceebbdad1ed, command=[]} | ret=SUCCESS |  
2019-09-04 09:33:36,302 | INFO  | SCMAudit | user=jenkins1000 | ip=192.168.69.104 | op=SEND_HEARTBEAT {datanodeUUID=e7fa1457-e553-4737-b9d1-e4fadd556e67, command=[]} | ret=SUCCESS |  
2019-09-04 09:33:36,330 | INFO  | SCMAudit | user=jenkins1000 | ip=192.168.69.104 | op=SEND_HEARTBEAT {datanodeUUID=e937a017-3f4f-4695-ad6d-cb2753d2b845, command=[]} | ret=SUCCESS |  
2019-09-04 09:33:36,339 | INFO  | SCMAudit | user=jenkins1000 | ip=192.168.69.104 | op=SEND_HEARTBEAT {datanodeUUID=18851aac-bbd7-47f5-af1c-17f426b11266, command=[]} | ret=SUCCESS |  
2019-09-04 09:33:36,496 | INFO  | SCMAudit | user=jenkins1000 | ip=192.168.69.104 | op=SEND_HEARTBEAT {datanodeUUID=2494cbd6-ce98-4ca5-b34f-2a9f18204c2c, command=[]} | ret=SUCCESS |  
2019-09-04 09:33:36,593 | INFO  | SCMAudit | user=jenkins1000 | ip=192.168.69.104 | op=SEND_HEARTBEAT {datanodeUUID=0ac595d7-a290-4eb2-9411-ef15ff51c194, command=[]} | ret=SUCCESS |  
2019-09-04 09:33:36,702 | INFO  | SCMAudit | user=jenkins1000 | ip=192.168.69.104 | op=SEND_HEARTBEAT {datanodeUUID=4e23e929-4fb0-4bb2-876d-c448ab6fdc4c, command=[]} | ret=SUCCESS |  
2019-09-04 09:33:36,731 | INFO  | SCMAudit | user=jenkins1000 | ip=192.168.69.104 | op=SEND_HEARTBEAT {datanodeUUID=9626cf3a-220d-42c0-b303-e22d032a63b2, command=[]} | ret=SUCCESS |  
2019-09-04 09:33:36,878 | INFO  | SCMAudit | user=jenkins1000 | ip=192.168.69.104 | op=SEND_HEARTBEAT {datanodeUUID=9aea6155-db32-4c39-a652-41f8decfc52c, command=[]} | ret=SUCCESS |  
2019-09-04 09:33:36,879 | INFO  | SCMAudit | user=jenkins1000 | ip=192.168.69.104 | op=SEND_HEARTBEAT {datanodeUUID=92f35af7-27d9-4e2d-a282-1637ac15099d, command=[]} | ret=SUCCESS |  
2019-09-04 09:33:36,911 | INFO  | SCMAudit | user=jenkins1000 | ip=192.168.69.104 | op=SEND_HEARTBEAT {datanodeUUID=fee90ff4-ae5b-4370-9a2e-b45e68f319a2, command=[]} | ret=SUCCESS |  
2019-09-04 09:33:36,927 | INFO  | SCMAudit | user=jenkins1000 | ip=192.168.69.104 | op=SEND_HEARTBEAT {datanodeUUID=84b2a6df-5e5e-4a0f-9979-9c338bba01d8, command=[]} | ret=SUCCESS |  
2019-09-04 09:33:36,988 [grpc-default-executor-4] INFO  client.GrpcClientProtocolClient (GrpcClientProtocolClient.java:onNext(255)) - client-A27D453B97D8->9aea6155-db32-4c39-a652-41f8decfc52c: receive RaftClientReply:client-A27D453B97D8->9aea6155-db32-4c39-a652-41f8decfc52c@group-E490C312537B, cid=102, FAILED org.apache.ratis.protocol.NotLeaderException: Server 9aea6155-db32-4c39-a652-41f8decfc52c is not the leader (66a7ded9-d93a-47d1-9f2c-98e6bd60743c:192.168.69.104:33517). Request must be sent to leader., logIndex=0, commits[9aea6155-db32-4c39-a652-41f8decfc52c:c2, 66a7ded9-d93a-47d1-9f2c-98e6bd60743c:c2, 92f35af7-27d9-4e2d-a282-1637ac15099d:c2]
2019-09-04 09:33:37,130 | INFO  | SCMAudit | user=jenkins1000 | ip=192.168.69.104 | op=SEND_HEARTBEAT {datanodeUUID=0769e572-08ab-4ece-a5d6-c2eb5464bcba, command=[]} | ret=SUCCESS |  
2019-09-04 09:33:37,143 | INFO  | SCMAudit | user=jenkins1000 | ip=192.168.69.104 | op=SEND_HEARTBEAT {datanodeUUID=6a110688-e427-4f01-a5b6-cceebbdad1ed, command=[]} | ret=SUCCESS |  
2019-09-04 09:33:37,302 | INFO  | SCMAudit | user=jenkins1000 | ip=192.168.69.104 | op=SEND_HEARTBEAT {datanodeUUID=e7fa1457-e553-4737-b9d1-e4fadd556e67, command=[]} | ret=SUCCESS |  
2019-09-04 09:33:37,331 | INFO  | SCMAudit | user=jenkins1000 | ip=192.168.69.104 | op=SEND_HEARTBEAT {datanodeUUID=e937a017-3f4f-4695-ad6d-cb2753d2b845, command=[]} | ret=SUCCESS |  
2019-09-04 09:33:37,338 | INFO  | SCMAudit | user=jenkins1000 | ip=192.168.69.104 | op=SEND_HEARTBEAT {datanodeUUID=18851aac-bbd7-47f5-af1c-17f426b11266, command=[]} | ret=SUCCESS |  
2019-09-04 09:33:37,496 | INFO  | SCMAudit | user=jenkins1000 | ip=192.168.69.104 | op=SEND_HEARTBEAT {datanodeUUID=2494cbd6-ce98-4ca5-b34f-2a9f18204c2c, command=[]} | ret=SUCCESS |  
2019-09-04 09:33:37,593 | INFO  | SCMAudit | user=jenkins1000 | ip=192.168.69.104 | op=SEND_HEARTBEAT {datanodeUUID=0ac595d7-a290-4eb2-9411-ef15ff51c194, command=[]} | ret=SUCCESS |  
2019-09-04 09:33:37,703 | INFO  | SCMAudit | user=jenkins1000 | ip=192.168.69.104 | op=SEND_HEARTBEAT {datanodeUUID=4e23e929-4fb0-4bb2-876d-c448ab6fdc4c, command=[]} | ret=SUCCESS |  
2019-09-04 09:33:37,731 | INFO  | SCMAudit | user=jenkins1000 | ip=192.168.69.104 | op=SEND_HEARTBEAT {datanodeUUID=9626cf3a-220d-42c0-b303-e22d032a63b2, command=[]} | ret=SUCCESS |  
2019-09-04 09:33:37,878 | INFO  | SCMAudit | user=jenkins1000 | ip=192.168.69.104 | op=SEND_HEARTBEAT {datanodeUUID=9aea6155-db32-4c39-a652-41f8decfc52c, command=[]} | ret=SUCCESS |  
2019-09-04 09:33:37,879 | INFO  | SCMAudit | user=jenkins1000 | ip=192.168.69.104 | op=SEND_HEARTBEAT {datanodeUUID=92f35af7-27d9-4e2d-a282-1637ac15099d, command=[]} | ret=SUCCESS |  
2019-09-04 09:33:37,911 | INFO  | SCMAudit | user=jenkins1000 | ip=192.168.69.104 | op=SEND_HEARTBEAT {datanodeUUID=fee90ff4-ae5b-4370-9a2e-b45e68f319a2, command=[]} | ret=SUCCESS |  
2019-09-04 09:33:37,928 | INFO  | SCMAudit | user=jenkins1000 | ip=192.168.69.104 | op=SEND_HEARTBEAT {datanodeUUID=84b2a6df-5e5e-4a0f-9979-9c338bba01d8, command=[]} | ret=SUCCESS |  
2019-09-04 09:33:38,007 [grpc-default-executor-1] INFO  client.GrpcClientProtocolClient (GrpcClientProtocolClient.java:onNext(255)) - client-A27D453B97D8->92f35af7-27d9-4e2d-a282-1637ac15099d: receive RaftClientReply:client-A27D453B97D8->92f35af7-27d9-4e2d-a282-1637ac15099d@group-E490C312537B, cid=102, FAILED org.apache.ratis.protocol.NotLeaderException: Server 92f35af7-27d9-4e2d-a282-1637ac15099d is not the leader (66a7ded9-d93a-47d1-9f2c-98e6bd60743c:192.168.69.104:33517). Request must be sent to leader., logIndex=0, commits[92f35af7-27d9-4e2d-a282-1637ac15099d:c2, 66a7ded9-d93a-47d1-9f2c-98e6bd60743c:c2, 9aea6155-db32-4c39-a652-41f8decfc52c:c2]
2019-09-04 09:33:38,130 | INFO  | SCMAudit | user=jenkins1000 | ip=192.168.69.104 | op=SEND_HEARTBEAT {datanodeUUID=0769e572-08ab-4ece-a5d6-c2eb5464bcba, command=[]} | ret=SUCCESS |  
2019-09-04 09:33:38,144 | INFO  | SCMAudit | user=jenkins1000 | ip=192.168.69.104 | op=SEND_HEARTBEAT {datanodeUUID=6a110688-e427-4f01-a5b6-cceebbdad1ed, command=[]} | ret=SUCCESS |  
2019-09-04 09:33:38,302 | INFO  | SCMAudit | user=jenkins1000 | ip=192.168.69.104 | op=SEND_HEARTBEAT {datanodeUUID=e7fa1457-e553-4737-b9d1-e4fadd556e67, command=[]} | ret=SUCCESS |  
2019-09-04 09:33:38,331 | INFO  | SCMAudit | user=jenkins1000 | ip=192.168.69.104 | op=SEND_HEARTBEAT {datanodeUUID=e937a017-3f4f-4695-ad6d-cb2753d2b845, command=[]} | ret=SUCCESS |  
2019-09-04 09:33:38,339 | INFO  | SCMAudit | user=jenkins1000 | ip=192.168.69.104 | op=SEND_HEARTBEAT {datanodeUUID=18851aac-bbd7-47f5-af1c-17f426b11266, command=[]} | ret=SUCCESS |  
2019-09-04 09:33:38,496 | INFO  | SCMAudit | user=jenkins1000 | ip=192.168.69.104 | op=SEND_HEARTBEAT {datanodeUUID=2494cbd6-ce98-4ca5-b34f-2a9f18204c2c, command=[]} | ret=SUCCESS |  
2019-09-04 09:33:38,593 | INFO  | SCMAudit | user=jenkins1000 | ip=192.168.69.104 | op=SEND_HEARTBEAT {datanodeUUID=0ac595d7-a290-4eb2-9411-ef15ff51c194, command=[]} | ret=SUCCESS |  
2019-09-04 09:33:38,703 | INFO  | SCMAudit | user=jenkins1000 | ip=192.168.69.104 | op=SEND_HEARTBEAT {datanodeUUID=4e23e929-4fb0-4bb2-876d-c448ab6fdc4c, command=[]} | ret=SUCCESS |  
2019-09-04 09:33:38,731 | INFO  | SCMAudit | user=jenkins1000 | ip=192.168.69.104 | op=SEND_HEARTBEAT {datanodeUUID=9626cf3a-220d-42c0-b303-e22d032a63b2, command=[]} | ret=SUCCESS |  
2019-09-04 09:33:38,878 | INFO  | SCMAudit | user=jenkins1000 | ip=192.168.69.104 | op=SEND_HEARTBEAT {datanodeUUID=9aea6155-db32-4c39-a652-41f8decfc52c, command=[]} | ret=SUCCESS |  
2019-09-04 09:33:38,879 | INFO  | SCMAudit | user=jenkins1000 | ip=192.168.69.104 | op=SEND_HEARTBEAT {datanodeUUID=92f35af7-27d9-4e2d-a282-1637ac15099d, command=[]} | ret=SUCCESS |  
2019-09-04 09:33:38,911 | INFO  | SCMAudit | user=jenkins1000 | ip=192.168.69.104 | op=SEND_HEARTBEAT {datanodeUUID=fee90ff4-ae5b-4370-9a2e-b45e68f319a2, command=[]} | ret=SUCCESS |  
2019-09-04 09:33:38,928 | INFO  | SCMAudit | user=jenkins1000 | ip=192.168.69.104 | op=SEND_HEARTBEAT {datanodeUUID=84b2a6df-5e5e-4a0f-9979-9c338bba01d8, command=[]} | ret=SUCCESS |  
2019-09-04 09:33:39,029 [grpc-default-executor-4] INFO  client.GrpcClientProtocolClient (GrpcClientProtocolClient.java:onNext(255)) - client-A27D453B97D8->9aea6155-db32-4c39-a652-41f8decfc52c: receive RaftClientReply:client-A27D453B97D8->9aea6155-db32-4c39-a652-41f8decfc52c@group-E490C312537B, cid=102, FAILED org.apache.ratis.protocol.NotLeaderException: Server 9aea6155-db32-4c39-a652-41f8decfc52c is not the leader (66a7ded9-d93a-47d1-9f2c-98e6bd60743c:192.168.69.104:33517). Request must be sent to leader., logIndex=0, commits[9aea6155-db32-4c39-a652-41f8decfc52c:c2, 66a7ded9-d93a-47d1-9f2c-98e6bd60743c:c2, 92f35af7-27d9-4e2d-a282-1637ac15099d:c2]
2019-09-04 09:33:39,130 | INFO  | SCMAudit | user=jenkins1000 | ip=192.168.69.104 | op=SEND_HEARTBEAT {datanodeUUID=0769e572-08ab-4ece-a5d6-c2eb5464bcba, command=[]} | ret=SUCCESS |  
2019-09-04 09:33:39,144 | INFO  | SCMAudit | user=jenkins1000 | ip=192.168.69.104 | op=SEND_HEARTBEAT {datanodeUUID=6a110688-e427-4f01-a5b6-cceebbdad1ed, command=[]} | ret=SUCCESS |  
2019-09-04 09:33:39,302 | INFO  | SCMAudit | user=jenkins1000 | ip=192.168.69.104 | op=SEND_HEARTBEAT {datanodeUUID=e7fa1457-e553-4737-b9d1-e4fadd556e67, command=[]} | ret=SUCCESS |  
2019-09-04 09:33:39,333 | INFO  | SCMAudit | user=jenkins1000 | ip=192.168.69.104 | op=SEND_HEARTBEAT {datanodeUUID=e937a017-3f4f-4695-ad6d-cb2753d2b845, command=[]} | ret=SUCCESS |  
2019-09-04 09:33:39,339 | INFO  | SCMAudit | user=jenkins1000 | ip=192.168.69.104 | op=SEND_HEARTBEAT {datanodeUUID=18851aac-bbd7-47f5-af1c-17f426b11266, command=[]} | ret=SUCCESS |  
2019-09-04 09:33:39,497 | INFO  | SCMAudit | user=jenkins1000 | ip=192.168.69.104 | op=SEND_HEARTBEAT {datanodeUUID=2494cbd6-ce98-4ca5-b34f-2a9f18204c2c, command=[]} | ret=SUCCESS |  
2019-09-04 09:33:39,593 | INFO  | SCMAudit | user=jenkins1000 | ip=192.168.69.104 | op=SEND_HEARTBEAT {datanodeUUID=0ac595d7-a290-4eb2-9411-ef15ff51c194, command=[]} | ret=SUCCESS |  
2019-09-04 09:33:39,703 | INFO  | SCMAudit | user=jenkins1000 | ip=192.168.69.104 | op=SEND_HEARTBEAT {datanodeUUID=4e23e929-4fb0-4bb2-876d-c448ab6fdc4c, command=[]} | ret=SUCCESS |  
2019-09-04 09:33:39,731 | INFO  | SCMAudit | user=jenkins1000 | ip=192.168.69.104 | op=SEND_HEARTBEAT {datanodeUUID=9626cf3a-220d-42c0-b303-e22d032a63b2, command=[]} | ret=SUCCESS |  
2019-09-04 09:33:39,879 | INFO  | SCMAudit | user=jenkins1000 | ip=192.168.69.104 | op=SEND_HEARTBEAT {datanodeUUID=92f35af7-27d9-4e2d-a282-1637ac15099d, command=[]} | ret=SUCCESS |  
2019-09-04 09:33:39,879 | INFO  | SCMAudit | user=jenkins1000 | ip=192.168.69.104 | op=SEND_HEARTBEAT {datanodeUUID=9aea6155-db32-4c39-a652-41f8decfc52c, command=[]} | ret=SUCCESS |  
2019-09-04 09:33:39,912 | INFO  | SCMAudit | user=jenkins1000 | ip=192.168.69.104 | op=SEND_HEARTBEAT {datanodeUUID=fee90ff4-ae5b-4370-9a2e-b45e68f319a2, command=[]} | ret=SUCCESS |  
2019-09-04 09:33:39,928 | INFO  | SCMAudit | user=jenkins1000 | ip=192.168.69.104 | op=SEND_HEARTBEAT {datanodeUUID=84b2a6df-5e5e-4a0f-9979-9c338bba01d8, command=[]} | ret=SUCCESS |  
2019-09-04 09:33:40,049 [grpc-default-executor-4] INFO  client.GrpcClientProtocolClient (GrpcClientProtocolClient.java:onNext(255)) - client-A27D453B97D8->92f35af7-27d9-4e2d-a282-1637ac15099d: receive RaftClientReply:client-A27D453B97D8->92f35af7-27d9-4e2d-a282-1637ac15099d@group-E490C312537B, cid=102, FAILED org.apache.ratis.protocol.NotLeaderException: Server 92f35af7-27d9-4e2d-a282-1637ac15099d is not the leader (66a7ded9-d93a-47d1-9f2c-98e6bd60743c:192.168.69.104:33517). Request must be sent to leader., logIndex=0, commits[92f35af7-27d9-4e2d-a282-1637ac15099d:c2, 66a7ded9-d93a-47d1-9f2c-98e6bd60743c:c2, 9aea6155-db32-4c39-a652-41f8decfc52c:c2]
2019-09-04 09:33:40,131 | INFO  | SCMAudit | user=jenkins1000 | ip=192.168.69.104 | op=SEND_HEARTBEAT {datanodeUUID=0769e572-08ab-4ece-a5d6-c2eb5464bcba, command=[]} | ret=SUCCESS |  
2019-09-04 09:33:40,144 | INFO  | SCMAudit | user=jenkins1000 | ip=192.168.69.104 | op=SEND_HEARTBEAT {datanodeUUID=6a110688-e427-4f01-a5b6-cceebbdad1ed, command=[]} | ret=SUCCESS |  
2019-09-04 09:33:40,282 [Thread-2500] INFO  impl.FollowerState (FollowerState.java:run(106)) - 92f35af7-27d9-4e2d-a282-1637ac15099d:group-E490C312537B changes to CANDIDATE, lastRpcTime:9567, electionTimeout:5040ms
2019-09-04 09:33:40,283 [Thread-2500] INFO  impl.RoleInfo (RoleInfo.java:shutdownFollowerState(121)) - 92f35af7-27d9-4e2d-a282-1637ac15099d: shutdown FollowerState
2019-09-04 09:33:40,283 [Thread-2500] INFO  impl.RaftServerImpl (RaftServerImpl.java:setRole(171)) - 92f35af7-27d9-4e2d-a282-1637ac15099d:group-E490C312537B changes role from FOLLOWER to CANDIDATE at term 1 for changeToCandidate
2019-09-04 09:33:40,283 [Thread-2500] INFO  impl.RoleInfo (RoleInfo.java:updateAndGet(143)) - 92f35af7-27d9-4e2d-a282-1637ac15099d: start LeaderElection
2019-09-04 09:33:40,284 [92f35af7-27d9-4e2d-a282-1637ac15099d:group-E490C312537B:LeaderElection102] INFO  impl.RaftServerImpl (ServerState.java:setLeader(263)) - 92f35af7-27d9-4e2d-a282-1637ac15099d:group-E490C312537B change Leader from 66a7ded9-d93a-47d1-9f2c-98e6bd60743c to null at term 1 for initElection
2019-09-04 09:33:40,302 | INFO  | SCMAudit | user=jenkins1000 | ip=192.168.69.104 | op=SEND_HEARTBEAT {datanodeUUID=e7fa1457-e553-4737-b9d1-e4fadd556e67, command=[]} | ret=SUCCESS |  
2019-09-04 09:33:40,306 [Thread-2502] INFO  impl.FollowerState (FollowerState.java:run(106)) - 9aea6155-db32-4c39-a652-41f8decfc52c:group-E490C312537B changes to CANDIDATE, lastRpcTime:9561, electionTimeout:5032ms
2019-09-04 09:33:40,306 [Thread-2502] INFO  impl.RoleInfo (RoleInfo.java:shutdownFollowerState(121)) - 9aea6155-db32-4c39-a652-41f8decfc52c: shutdown FollowerState
2019-09-04 09:33:40,306 [Thread-2502] INFO  impl.RaftServerImpl (RaftServerImpl.java:setRole(171)) - 9aea6155-db32-4c39-a652-41f8decfc52c:group-E490C312537B changes role from FOLLOWER to CANDIDATE at term 1 for changeToCandidate
2019-09-04 09:33:40,306 [Thread-2502] INFO  impl.RoleInfo (RoleInfo.java:updateAndGet(143)) - 9aea6155-db32-4c39-a652-41f8decfc52c: start LeaderElection
2019-09-04 09:33:40,307 [9aea6155-db32-4c39-a652-41f8decfc52c:group-E490C312537B:LeaderElection103] INFO  impl.RaftServerImpl (ServerState.java:setLeader(263)) - 9aea6155-db32-4c39-a652-41f8decfc52c:group-E490C312537B change Leader from 66a7ded9-d93a-47d1-9f2c-98e6bd60743c to null at term 1 for initElection
2019-09-04 09:33:40,311 [92f35af7-27d9-4e2d-a282-1637ac15099d:group-E490C312537B:LeaderElection102] INFO  impl.LeaderElection (LeaderElection.java:askForVotes(181)) - 92f35af7-27d9-4e2d-a282-1637ac15099d:group-E490C312537B:LeaderElection102: begin an election at term 2 for 0: [66a7ded9-d93a-47d1-9f2c-98e6bd60743c:192.168.69.104:33517, 9aea6155-db32-4c39-a652-41f8decfc52c:192.168.69.104:40482, 92f35af7-27d9-4e2d-a282-1637ac15099d:192.168.69.104:34703], old=null
2019-09-04 09:33:40,315 [92f35af7-27d9-4e2d-a282-1637ac15099d:group-E490C312537B:LeaderElection102] INFO  impl.LeaderElection (LogUtils.java:infoOrTrace(149)) - 92f35af7-27d9-4e2d-a282-1637ac15099d:group-E490C312537B:LeaderElection102 got exception when requesting votes: {}
java.util.concurrent.ExecutionException: org.apache.ratis.thirdparty.io.grpc.StatusRuntimeException: UNAVAILABLE: io exception
	at java.util.concurrent.FutureTask.report(FutureTask.java:122)
	at java.util.concurrent.FutureTask.get(FutureTask.java:192)
	at org.apache.ratis.server.impl.LeaderElection.waitForResults(LeaderElection.java:262)
	at org.apache.ratis.server.impl.LeaderElection.askForVotes(LeaderElection.java:200)
	at org.apache.ratis.server.impl.LeaderElection.run(LeaderElection.java:130)
	at java.lang.Thread.run(Thread.java:748)
Caused by: org.apache.ratis.thirdparty.io.grpc.StatusRuntimeException: UNAVAILABLE: io exception
	at org.apache.ratis.thirdparty.io.grpc.stub.ClientCalls.toStatusRuntimeException(ClientCalls.java:233)
	at org.apache.ratis.thirdparty.io.grpc.stub.ClientCalls.getUnchecked(ClientCalls.java:214)
	at org.apache.ratis.thirdparty.io.grpc.stub.ClientCalls.blockingUnaryCall(ClientCalls.java:139)
	at org.apache.ratis.proto.grpc.RaftServerProtocolServiceGrpc$RaftServerProtocolServiceBlockingStub.requestVote(RaftServerProtocolServiceGrpc.java:265)
	at org.apache.ratis.grpc.server.GrpcServerProtocolClient.requestVote(GrpcServerProtocolClient.java:83)
	at org.apache.ratis.grpc.server.GrpcService.requestVote(GrpcService.java:195)
	at org.apache.ratis.server.impl.LeaderElection.lambda$submitRequests$1(LeaderElection.java:237)
	at java.util.concurrent.FutureTask.run(FutureTask.java:266)
	at java.util.concurrent.Executors$RunnableAdapter.call(Executors.java:511)
	at java.util.concurrent.FutureTask.run(FutureTask.java:266)
	at java.util.concurrent.ThreadPoolExecutor.runWorker(ThreadPoolExecutor.java:1149)
	at java.util.concurrent.ThreadPoolExecutor$Worker.run(ThreadPoolExecutor.java:624)
	... 1 more
Caused by: org.apache.ratis.thirdparty.io.netty.channel.AbstractChannel$AnnotatedConnectException: Connection refused: /192.168.69.104:33517
	at sun.nio.ch.SocketChannelImpl.checkConnect(Native Method)
	at sun.nio.ch.SocketChannelImpl.finishConnect(SocketChannelImpl.java:717)
	at org.apache.ratis.thirdparty.io.netty.channel.socket.nio.NioSocketChannel.doFinishConnect(NioSocketChannel.java:327)
	at org.apache.ratis.thirdparty.io.netty.channel.nio.AbstractNioChannel$AbstractNioUnsafe.finishConnect(AbstractNioChannel.java:340)
	at org.apache.ratis.thirdparty.io.netty.channel.nio.NioEventLoop.processSelectedKey(NioEventLoop.java:632)
	at org.apache.ratis.thirdparty.io.netty.channel.nio.NioEventLoop.processSelectedKeysOptimized(NioEventLoop.java:579)
	at org.apache.ratis.thirdparty.io.netty.channel.nio.NioEventLoop.processSelectedKeys(NioEventLoop.java:496)
	at org.apache.ratis.thirdparty.io.netty.channel.nio.NioEventLoop.run(NioEventLoop.java:458)
	at org.apache.ratis.thirdparty.io.netty.util.concurrent.SingleThreadEventExecutor$5.run(SingleThreadEventExecutor.java:897)
	at org.apache.ratis.thirdparty.io.netty.util.concurrent.FastThreadLocalRunnable.run(FastThreadLocalRunnable.java:30)
	... 1 more
Caused by: java.net.ConnectException: Connection refused
	... 11 more
2019-09-04 09:33:40,330 [9aea6155-db32-4c39-a652-41f8decfc52c:group-E490C312537B:LeaderElection103] INFO  impl.LeaderElection (LeaderElection.java:askForVotes(181)) - 9aea6155-db32-4c39-a652-41f8decfc52c:group-E490C312537B:LeaderElection103: begin an election at term 2 for 0: [66a7ded9-d93a-47d1-9f2c-98e6bd60743c:192.168.69.104:33517, 9aea6155-db32-4c39-a652-41f8decfc52c:192.168.69.104:40482, 92f35af7-27d9-4e2d-a282-1637ac15099d:192.168.69.104:34703], old=null
2019-09-04 09:33:40,331 [92f35af7-27d9-4e2d-a282-1637ac15099d:group-E490C312537B:LeaderElection102] INFO  impl.LeaderElection (LeaderElection.java:logAndReturn(56)) - 92f35af7-27d9-4e2d-a282-1637ac15099d:group-E490C312537B:LeaderElection102: Election REJECTED; received 1 response(s) [92f35af7-27d9-4e2d-a282-1637ac15099d<-9aea6155-db32-4c39-a652-41f8decfc52c#0:FAIL-t2] and 1 exception(s); 92f35af7-27d9-4e2d-a282-1637ac15099d:t2, leader=null, voted=92f35af7-27d9-4e2d-a282-1637ac15099d, raftlog=92f35af7-27d9-4e2d-a282-1637ac15099d-SegmentedRaftLog:OPENED:c2,f2,i2, conf=0: [66a7ded9-d93a-47d1-9f2c-98e6bd60743c:192.168.69.104:33517, 9aea6155-db32-4c39-a652-41f8decfc52c:192.168.69.104:40482, 92f35af7-27d9-4e2d-a282-1637ac15099d:192.168.69.104:34703], old=null
2019-09-04 09:33:40,331 [92f35af7-27d9-4e2d-a282-1637ac15099d:group-E490C312537B:LeaderElection102] INFO  impl.LeaderElection (LogUtils.java:infoOrTrace(149)) -   Exception 0: {}
java.util.concurrent.ExecutionException: org.apache.ratis.thirdparty.io.grpc.StatusRuntimeException: UNAVAILABLE: io exception
	at java.util.concurrent.FutureTask.report(FutureTask.java:122)
	at java.util.concurrent.FutureTask.get(FutureTask.java:192)
	at org.apache.ratis.server.impl.LeaderElection.waitForResults(LeaderElection.java:262)
	at org.apache.ratis.server.impl.LeaderElection.askForVotes(LeaderElection.java:200)
	at org.apache.ratis.server.impl.LeaderElection.run(LeaderElection.java:130)
	at java.lang.Thread.run(Thread.java:748)
Caused by: org.apache.ratis.thirdparty.io.grpc.StatusRuntimeException: UNAVAILABLE: io exception
	at org.apache.ratis.thirdparty.io.grpc.stub.ClientCalls.toStatusRuntimeException(ClientCalls.java:233)
	at org.apache.ratis.thirdparty.io.grpc.stub.ClientCalls.getUnchecked(ClientCalls.java:214)
	at org.apache.ratis.thirdparty.io.grpc.stub.ClientCalls.blockingUnaryCall(ClientCalls.java:139)
	at org.apache.ratis.proto.grpc.RaftServerProtocolServiceGrpc$RaftServerProtocolServiceBlockingStub.requestVote(RaftServerProtocolServiceGrpc.java:265)
	at org.apache.ratis.grpc.server.GrpcServerProtocolClient.requestVote(GrpcServerProtocolClient.java:83)
	at org.apache.ratis.grpc.server.GrpcService.requestVote(GrpcService.java:195)
	at org.apache.ratis.server.impl.LeaderElection.lambda$submitRequests$1(LeaderElection.java:237)
	at java.util.concurrent.FutureTask.run(FutureTask.java:266)
	at java.util.concurrent.Executors$RunnableAdapter.call(Executors.java:511)
	at java.util.concurrent.FutureTask.run(FutureTask.java:266)
	at java.util.concurrent.ThreadPoolExecutor.runWorker(ThreadPoolExecutor.java:1149)
	at java.util.concurrent.ThreadPoolExecutor$Worker.run(ThreadPoolExecutor.java:624)
	... 1 more
Caused by: org.apache.ratis.thirdparty.io.netty.channel.AbstractChannel$AnnotatedConnectException: Connection refused: /192.168.69.104:33517
	at sun.nio.ch.SocketChannelImpl.checkConnect(Native Method)
	at sun.nio.ch.SocketChannelImpl.finishConnect(SocketChannelImpl.java:717)
	at org.apache.ratis.thirdparty.io.netty.channel.socket.nio.NioSocketChannel.doFinishConnect(NioSocketChannel.java:327)
	at org.apache.ratis.thirdparty.io.netty.channel.nio.AbstractNioChannel$AbstractNioUnsafe.finishConnect(AbstractNioChannel.java:340)
	at org.apache.ratis.thirdparty.io.netty.channel.nio.NioEventLoop.processSelectedKey(NioEventLoop.java:632)
	at org.apache.ratis.thirdparty.io.netty.channel.nio.NioEventLoop.processSelectedKeysOptimized(NioEventLoop.java:579)
	at org.apache.ratis.thirdparty.io.netty.channel.nio.NioEventLoop.processSelectedKeys(NioEventLoop.java:496)
	at org.apache.ratis.thirdparty.io.netty.channel.nio.NioEventLoop.run(NioEventLoop.java:458)
	at org.apache.ratis.thirdparty.io.netty.util.concurrent.SingleThreadEventExecutor$5.run(SingleThreadEventExecutor.java:897)
	at org.apache.ratis.thirdparty.io.netty.util.concurrent.FastThreadLocalRunnable.run(FastThreadLocalRunnable.java:30)
	... 1 more
Caused by: java.net.ConnectException: Connection refused
	... 11 more
2019-09-04 09:33:40,332 [92f35af7-27d9-4e2d-a282-1637ac15099d:group-E490C312537B:LeaderElection102] INFO  impl.RaftServerImpl (RaftServerImpl.java:setRole(171)) - 92f35af7-27d9-4e2d-a282-1637ac15099d:group-E490C312537B changes role from CANDIDATE to FOLLOWER at term 2 for DISCOVERED_A_NEW_TERM
2019-09-04 09:33:40,332 [92f35af7-27d9-4e2d-a282-1637ac15099d:group-E490C312537B:LeaderElection102] INFO  impl.RoleInfo (RoleInfo.java:shutdownLeaderElection(134)) - 92f35af7-27d9-4e2d-a282-1637ac15099d: shutdown LeaderElection
2019-09-04 09:33:40,332 [92f35af7-27d9-4e2d-a282-1637ac15099d:group-E490C312537B:LeaderElection102] INFO  impl.RoleInfo (RoleInfo.java:updateAndGet(143)) - 92f35af7-27d9-4e2d-a282-1637ac15099d: start FollowerState
2019-09-04 09:33:40,333 | INFO  | SCMAudit | user=jenkins1000 | ip=192.168.69.104 | op=SEND_HEARTBEAT {datanodeUUID=e937a017-3f4f-4695-ad6d-cb2753d2b845, command=[]} | ret=SUCCESS |  
2019-09-04 09:33:40,332 [9aea6155-db32-4c39-a652-41f8decfc52c:group-E490C312537B:LeaderElection103] INFO  impl.LeaderElection (LogUtils.java:infoOrTrace(149)) - 9aea6155-db32-4c39-a652-41f8decfc52c:group-E490C312537B:LeaderElection103 got exception when requesting votes: {}
java.util.concurrent.ExecutionException: org.apache.ratis.thirdparty.io.grpc.StatusRuntimeException: UNAVAILABLE: io exception
	at java.util.concurrent.FutureTask.report(FutureTask.java:122)
	at java.util.concurrent.FutureTask.get(FutureTask.java:192)
	at org.apache.ratis.server.impl.LeaderElection.waitForResults(LeaderElection.java:262)
	at org.apache.ratis.server.impl.LeaderElection.askForVotes(LeaderElection.java:200)
	at org.apache.ratis.server.impl.LeaderElection.run(LeaderElection.java:130)
	at java.lang.Thread.run(Thread.java:748)
Caused by: org.apache.ratis.thirdparty.io.grpc.StatusRuntimeException: UNAVAILABLE: io exception
	at org.apache.ratis.thirdparty.io.grpc.stub.ClientCalls.toStatusRuntimeException(ClientCalls.java:233)
	at org.apache.ratis.thirdparty.io.grpc.stub.ClientCalls.getUnchecked(ClientCalls.java:214)
	at org.apache.ratis.thirdparty.io.grpc.stub.ClientCalls.blockingUnaryCall(ClientCalls.java:139)
	at org.apache.ratis.proto.grpc.RaftServerProtocolServiceGrpc$RaftServerProtocolServiceBlockingStub.requestVote(RaftServerProtocolServiceGrpc.java:265)
	at org.apache.ratis.grpc.server.GrpcServerProtocolClient.requestVote(GrpcServerProtocolClient.java:83)
	at org.apache.ratis.grpc.server.GrpcService.requestVote(GrpcService.java:195)
	at org.apache.ratis.server.impl.LeaderElection.lambda$submitRequests$1(LeaderElection.java:237)
	at java.util.concurrent.FutureTask.run(FutureTask.java:266)
	at java.util.concurrent.Executors$RunnableAdapter.call(Executors.java:511)
	at java.util.concurrent.FutureTask.run(FutureTask.java:266)
	at java.util.concurrent.ThreadPoolExecutor.runWorker(ThreadPoolExecutor.java:1149)
	at java.util.concurrent.ThreadPoolExecutor$Worker.run(ThreadPoolExecutor.java:624)
	... 1 more
Caused by: org.apache.ratis.thirdparty.io.netty.channel.AbstractChannel$AnnotatedConnectException: Connection refused: /192.168.69.104:33517
	at sun.nio.ch.SocketChannelImpl.checkConnect(Native Method)
	at sun.nio.ch.SocketChannelImpl.finishConnect(SocketChannelImpl.java:717)
	at org.apache.ratis.thirdparty.io.netty.channel.socket.nio.NioSocketChannel.doFinishConnect(NioSocketChannel.java:327)
	at org.apache.ratis.thirdparty.io.netty.channel.nio.AbstractNioChannel$AbstractNioUnsafe.finishConnect(AbstractNioChannel.java:340)
	at org.apache.ratis.thirdparty.io.netty.channel.nio.NioEventLoop.processSelectedKey(NioEventLoop.java:632)
	at org.apache.ratis.thirdparty.io.netty.channel.nio.NioEventLoop.processSelectedKeysOptimized(NioEventLoop.java:579)
	at org.apache.ratis.thirdparty.io.netty.channel.nio.NioEventLoop.processSelectedKeys(NioEventLoop.java:496)
	at org.apache.ratis.thirdparty.io.netty.channel.nio.NioEventLoop.run(NioEventLoop.java:458)
	at org.apache.ratis.thirdparty.io.netty.util.concurrent.SingleThreadEventExecutor$5.run(SingleThreadEventExecutor.java:897)
	at org.apache.ratis.thirdparty.io.netty.util.concurrent.FastThreadLocalRunnable.run(FastThreadLocalRunnable.java:30)
	... 1 more
Caused by: java.net.ConnectException: Connection refused
	... 11 more
2019-09-04 09:33:40,333 [9aea6155-db32-4c39-a652-41f8decfc52c:group-E490C312537B:LeaderElection103] INFO  impl.LeaderElection (LeaderElection.java:logAndReturn(56)) - 9aea6155-db32-4c39-a652-41f8decfc52c:group-E490C312537B:LeaderElection103: Election REJECTED; received 1 response(s) [9aea6155-db32-4c39-a652-41f8decfc52c<-92f35af7-27d9-4e2d-a282-1637ac15099d#0:FAIL-t2] and 1 exception(s); 9aea6155-db32-4c39-a652-41f8decfc52c:t2, leader=null, voted=9aea6155-db32-4c39-a652-41f8decfc52c, raftlog=9aea6155-db32-4c39-a652-41f8decfc52c-SegmentedRaftLog:OPENED:c2,f2,i2, conf=0: [66a7ded9-d93a-47d1-9f2c-98e6bd60743c:192.168.69.104:33517, 9aea6155-db32-4c39-a652-41f8decfc52c:192.168.69.104:40482, 92f35af7-27d9-4e2d-a282-1637ac15099d:192.168.69.104:34703], old=null
2019-09-04 09:33:40,333 [9aea6155-db32-4c39-a652-41f8decfc52c:group-E490C312537B:LeaderElection103] INFO  impl.LeaderElection (LogUtils.java:infoOrTrace(149)) -   Exception 0: {}
java.util.concurrent.ExecutionException: org.apache.ratis.thirdparty.io.grpc.StatusRuntimeException: UNAVAILABLE: io exception
	at java.util.concurrent.FutureTask.report(FutureTask.java:122)
	at java.util.concurrent.FutureTask.get(FutureTask.java:192)
	at org.apache.ratis.server.impl.LeaderElection.waitForResults(LeaderElection.java:262)
	at org.apache.ratis.server.impl.LeaderElection.askForVotes(LeaderElection.java:200)
	at org.apache.ratis.server.impl.LeaderElection.run(LeaderElection.java:130)
	at java.lang.Thread.run(Thread.java:748)
Caused by: org.apache.ratis.thirdparty.io.grpc.StatusRuntimeException: UNAVAILABLE: io exception
	at org.apache.ratis.thirdparty.io.grpc.stub.ClientCalls.toStatusRuntimeException(ClientCalls.java:233)
	at org.apache.ratis.thirdparty.io.grpc.stub.ClientCalls.getUnchecked(ClientCalls.java:214)
	at org.apache.ratis.thirdparty.io.grpc.stub.ClientCalls.blockingUnaryCall(ClientCalls.java:139)
	at org.apache.ratis.proto.grpc.RaftServerProtocolServiceGrpc$RaftServerProtocolServiceBlockingStub.requestVote(RaftServerProtocolServiceGrpc.java:265)
	at org.apache.ratis.grpc.server.GrpcServerProtocolClient.requestVote(GrpcServerProtocolClient.java:83)
	at org.apache.ratis.grpc.server.GrpcService.requestVote(GrpcService.java:195)
	at org.apache.ratis.server.impl.LeaderElection.lambda$submitRequests$1(LeaderElection.java:237)
	at java.util.concurrent.FutureTask.run(FutureTask.java:266)
	at java.util.concurrent.Executors$RunnableAdapter.call(Executors.java:511)
	at java.util.concurrent.FutureTask.run(FutureTask.java:266)
	at java.util.concurrent.ThreadPoolExecutor.runWorker(ThreadPoolExecutor.java:1149)
	at java.util.concurrent.ThreadPoolExecutor$Worker.run(ThreadPoolExecutor.java:624)
	... 1 more
Caused by: org.apache.ratis.thirdparty.io.netty.channel.AbstractChannel$AnnotatedConnectException: Connection refused: /192.168.69.104:33517
	at sun.nio.ch.SocketChannelImpl.checkConnect(Native Method)
	at sun.nio.ch.SocketChannelImpl.finishConnect(SocketChannelImpl.java:717)
	at org.apache.ratis.thirdparty.io.netty.channel.socket.nio.NioSocketChannel.doFinishConnect(NioSocketChannel.java:327)
	at org.apache.ratis.thirdparty.io.netty.channel.nio.AbstractNioChannel$AbstractNioUnsafe.finishConnect(AbstractNioChannel.java:340)
	at org.apache.ratis.thirdparty.io.netty.channel.nio.NioEventLoop.processSelectedKey(NioEventLoop.java:632)
	at org.apache.ratis.thirdparty.io.netty.channel.nio.NioEventLoop.processSelectedKeysOptimized(NioEventLoop.java:579)
	at org.apache.ratis.thirdparty.io.netty.channel.nio.NioEventLoop.processSelectedKeys(NioEventLoop.java:496)
	at org.apache.ratis.thirdparty.io.netty.channel.nio.NioEventLoop.run(NioEventLoop.java:458)
	at org.apache.ratis.thirdparty.io.netty.util.concurrent.SingleThreadEventExecutor$5.run(SingleThreadEventExecutor.java:897)
	at org.apache.ratis.thirdparty.io.netty.util.concurrent.FastThreadLocalRunnable.run(FastThreadLocalRunnable.java:30)
	... 1 more
Caused by: java.net.ConnectException: Connection refused
	... 11 more
2019-09-04 09:33:40,334 [9aea6155-db32-4c39-a652-41f8decfc52c:group-E490C312537B:LeaderElection103] INFO  impl.RaftServerImpl (RaftServerImpl.java:setRole(171)) - 9aea6155-db32-4c39-a652-41f8decfc52c:group-E490C312537B changes role from CANDIDATE to FOLLOWER at term 2 for DISCOVERED_A_NEW_TERM
2019-09-04 09:33:40,334 [9aea6155-db32-4c39-a652-41f8decfc52c:group-E490C312537B:LeaderElection103] INFO  impl.RoleInfo (RoleInfo.java:shutdownLeaderElection(134)) - 9aea6155-db32-4c39-a652-41f8decfc52c: shutdown LeaderElection
2019-09-04 09:33:40,334 [9aea6155-db32-4c39-a652-41f8decfc52c:group-E490C312537B:LeaderElection103] INFO  impl.RoleInfo (RoleInfo.java:updateAndGet(143)) - 9aea6155-db32-4c39-a652-41f8decfc52c: start FollowerState
2019-09-04 09:33:40,339 | INFO  | SCMAudit | user=jenkins1000 | ip=192.168.69.104 | op=SEND_HEARTBEAT {datanodeUUID=18851aac-bbd7-47f5-af1c-17f426b11266, command=[]} | ret=SUCCESS |  
2019-09-04 09:33:40,496 | INFO  | SCMAudit | user=jenkins1000 | ip=192.168.69.104 | op=SEND_HEARTBEAT {datanodeUUID=2494cbd6-ce98-4ca5-b34f-2a9f18204c2c, command=[]} | ret=SUCCESS |  
2019-09-04 09:33:40,593 | INFO  | SCMAudit | user=jenkins1000 | ip=192.168.69.104 | op=SEND_HEARTBEAT {datanodeUUID=0ac595d7-a290-4eb2-9411-ef15ff51c194, command=[]} | ret=SUCCESS |  
2019-09-04 09:33:40,703 | INFO  | SCMAudit | user=jenkins1000 | ip=192.168.69.104 | op=SEND_HEARTBEAT {datanodeUUID=4e23e929-4fb0-4bb2-876d-c448ab6fdc4c, command=[]} | ret=SUCCESS |  
2019-09-04 09:33:40,731 | INFO  | SCMAudit | user=jenkins1000 | ip=192.168.69.104 | op=SEND_HEARTBEAT {datanodeUUID=9626cf3a-220d-42c0-b303-e22d032a63b2, command=[]} | ret=SUCCESS |  
2019-09-04 09:33:40,878 | INFO  | SCMAudit | user=jenkins1000 | ip=192.168.69.104 | op=SEND_HEARTBEAT {datanodeUUID=9aea6155-db32-4c39-a652-41f8decfc52c, command=[]} | ret=SUCCESS |  
2019-09-04 09:33:40,879 | INFO  | SCMAudit | user=jenkins1000 | ip=192.168.69.104 | op=SEND_HEARTBEAT {datanodeUUID=92f35af7-27d9-4e2d-a282-1637ac15099d, command=[]} | ret=SUCCESS |  
2019-09-04 09:33:40,912 | INFO  | SCMAudit | user=jenkins1000 | ip=192.168.69.104 | op=SEND_HEARTBEAT {datanodeUUID=fee90ff4-ae5b-4370-9a2e-b45e68f319a2, command=[]} | ret=SUCCESS |  
2019-09-04 09:33:40,928 | INFO  | SCMAudit | user=jenkins1000 | ip=192.168.69.104 | op=SEND_HEARTBEAT {datanodeUUID=84b2a6df-5e5e-4a0f-9979-9c338bba01d8, command=[]} | ret=SUCCESS |  
2019-09-04 09:33:41,070 [grpc-default-executor-2] INFO  client.GrpcClientProtocolClient (GrpcClientProtocolClient.java:onNext(255)) - client-A27D453B97D8->9aea6155-db32-4c39-a652-41f8decfc52c: receive RaftClientReply:client-A27D453B97D8->9aea6155-db32-4c39-a652-41f8decfc52c@group-E490C312537B, cid=102, FAILED org.apache.ratis.protocol.NotLeaderException: Server 9aea6155-db32-4c39-a652-41f8decfc52c is not the leader (null). Request must be sent to leader., logIndex=0, commits[9aea6155-db32-4c39-a652-41f8decfc52c:c2, 66a7ded9-d93a-47d1-9f2c-98e6bd60743c:c2, 92f35af7-27d9-4e2d-a282-1637ac15099d:c2]
2019-09-04 09:33:41,130 | INFO  | SCMAudit | user=jenkins1000 | ip=192.168.69.104 | op=SEND_HEARTBEAT {datanodeUUID=0769e572-08ab-4ece-a5d6-c2eb5464bcba, command=[]} | ret=SUCCESS |  
2019-09-04 09:33:41,144 | INFO  | SCMAudit | user=jenkins1000 | ip=192.168.69.104 | op=SEND_HEARTBEAT {datanodeUUID=6a110688-e427-4f01-a5b6-cceebbdad1ed, command=[]} | ret=SUCCESS |  
2019-09-04 09:33:41,303 | INFO  | SCMAudit | user=jenkins1000 | ip=192.168.69.104 | op=SEND_HEARTBEAT {datanodeUUID=e7fa1457-e553-4737-b9d1-e4fadd556e67, command=[]} | ret=SUCCESS |  
2019-09-04 09:33:41,333 | INFO  | SCMAudit | user=jenkins1000 | ip=192.168.69.104 | op=SEND_HEARTBEAT {datanodeUUID=e937a017-3f4f-4695-ad6d-cb2753d2b845, command=[]} | ret=SUCCESS |  
2019-09-04 09:33:41,339 | INFO  | SCMAudit | user=jenkins1000 | ip=192.168.69.104 | op=SEND_HEARTBEAT {datanodeUUID=18851aac-bbd7-47f5-af1c-17f426b11266, command=[]} | ret=SUCCESS |  
2019-09-04 09:33:41,496 | INFO  | SCMAudit | user=jenkins1000 | ip=192.168.69.104 | op=SEND_HEARTBEAT {datanodeUUID=2494cbd6-ce98-4ca5-b34f-2a9f18204c2c, command=[]} | ret=SUCCESS |  
2019-09-04 09:33:41,594 | INFO  | SCMAudit | user=jenkins1000 | ip=192.168.69.104 | op=SEND_HEARTBEAT {datanodeUUID=0ac595d7-a290-4eb2-9411-ef15ff51c194, command=[]} | ret=SUCCESS |  
2019-09-04 09:33:41,703 | INFO  | SCMAudit | user=jenkins1000 | ip=192.168.69.104 | op=SEND_HEARTBEAT {datanodeUUID=4e23e929-4fb0-4bb2-876d-c448ab6fdc4c, command=[]} | ret=SUCCESS |  
2019-09-04 09:33:41,731 | INFO  | SCMAudit | user=jenkins1000 | ip=192.168.69.104 | op=SEND_HEARTBEAT {datanodeUUID=9626cf3a-220d-42c0-b303-e22d032a63b2, command=[]} | ret=SUCCESS |  
2019-09-04 09:33:41,878 | INFO  | SCMAudit | user=jenkins1000 | ip=192.168.69.104 | op=SEND_HEARTBEAT {datanodeUUID=9aea6155-db32-4c39-a652-41f8decfc52c, command=[]} | ret=SUCCESS |  
2019-09-04 09:33:41,879 | INFO  | SCMAudit | user=jenkins1000 | ip=192.168.69.104 | op=SEND_HEARTBEAT {datanodeUUID=92f35af7-27d9-4e2d-a282-1637ac15099d, command=[]} | ret=SUCCESS |  
2019-09-04 09:33:41,913 | INFO  | SCMAudit | user=jenkins1000 | ip=192.168.69.104 | op=SEND_HEARTBEAT {datanodeUUID=fee90ff4-ae5b-4370-9a2e-b45e68f319a2, command=[]} | ret=SUCCESS |  
2019-09-04 09:33:41,928 | INFO  | SCMAudit | user=jenkins1000 | ip=192.168.69.104 | op=SEND_HEARTBEAT {datanodeUUID=84b2a6df-5e5e-4a0f-9979-9c338bba01d8, command=[]} | ret=SUCCESS |  
]]></system-out>
    <system-err><![CDATA[Sep 04, 2019 9:33:15 AM com.sun.jersey.server.impl.application.WebApplicationImpl _initiate
INFO: Initiating Jersey application, version 'Jersey: 1.19 02/11/2015 03:25 AM'
Sep 04, 2019 9:33:15 AM com.sun.jersey.server.impl.application.WebApplicationImpl _initiate
INFO: Initiating Jersey application, version 'Jersey: 1.19 02/11/2015 03:25 AM'
Sep 04, 2019 9:33:15 AM com.sun.jersey.server.impl.application.WebApplicationImpl _initiate
INFO: Initiating Jersey application, version 'Jersey: 1.19 02/11/2015 03:25 AM'
Sep 04, 2019 9:33:15 AM com.sun.jersey.server.impl.application.WebApplicationImpl _initiate
INFO: Initiating Jersey application, version 'Jersey: 1.19 02/11/2015 03:25 AM'
Sep 04, 2019 9:33:16 AM com.sun.jersey.server.impl.application.WebApplicationImpl _initiate
INFO: Initiating Jersey application, version 'Jersey: 1.19 02/11/2015 03:25 AM'
Sep 04, 2019 9:33:16 AM com.sun.jersey.server.impl.application.WebApplicationImpl _initiate
INFO: Initiating Jersey application, version 'Jersey: 1.19 02/11/2015 03:25 AM'
Sep 04, 2019 9:33:16 AM com.sun.jersey.server.impl.application.WebApplicationImpl _initiate
INFO: Initiating Jersey application, version 'Jersey: 1.19 02/11/2015 03:25 AM'
Sep 04, 2019 9:33:19 AM org.apache.ratis.thirdparty.io.grpc.internal.ManagedChannelOrphanWrapper$ManagedChannelReference cleanQueue
SEVERE: *~*~*~ Channel ManagedChannelImpl{logId=1135, target=192.168.69.104:35374} was not shutdown properly!!! ~*~*~*
    Make sure to call shutdown()/shutdownNow() and wait until awaitTermination() returns true.
java.lang.RuntimeException: ManagedChannel allocation site
	at org.apache.ratis.thirdparty.io.grpc.internal.ManagedChannelOrphanWrapper$ManagedChannelReference.<init>(ManagedChannelOrphanWrapper.java:103)
	at org.apache.ratis.thirdparty.io.grpc.internal.ManagedChannelOrphanWrapper.<init>(ManagedChannelOrphanWrapper.java:53)
	at org.apache.ratis.thirdparty.io.grpc.internal.ManagedChannelOrphanWrapper.<init>(ManagedChannelOrphanWrapper.java:44)
	at org.apache.ratis.thirdparty.io.grpc.internal.AbstractManagedChannelImplBuilder.build(AbstractManagedChannelImplBuilder.java:411)
	at org.apache.ratis.grpc.client.GrpcClientProtocolClient.<init>(GrpcClientProtocolClient.java:119)
	at org.apache.ratis.grpc.client.GrpcClientRpc.lambda$new$0(GrpcClientRpc.java:55)
	at org.apache.ratis.util.PeerProxyMap$PeerAndProxy.lambda$getProxy$0(PeerProxyMap.java:61)
	at org.apache.ratis.util.LifeCycle.startAndTransition(LifeCycle.java:202)
	at org.apache.ratis.util.PeerProxyMap$PeerAndProxy.getProxy(PeerProxyMap.java:60)
	at org.apache.ratis.util.PeerProxyMap.getProxy(PeerProxyMap.java:107)
	at org.apache.ratis.grpc.client.GrpcClientRpc.sendRequestAsync(GrpcClientRpc.java:66)
	at org.apache.ratis.client.impl.OrderedAsync.sendRequest(OrderedAsync.java:208)
	at org.apache.ratis.client.impl.OrderedAsync.sendRequestWithRetry(OrderedAsync.java:169)
	at org.apache.ratis.util.SlidingWindow$Client.sendOrDelayRequest(SlidingWindow.java:278)
	at org.apache.ratis.util.SlidingWindow$Client.retry(SlidingWindow.java:294)
	at org.apache.ratis.client.impl.OrderedAsync.lambda$scheduleWithTimeout$7(OrderedAsync.java:195)
	at org.apache.ratis.util.TimeoutScheduler.lambda$onTimeout$0(TimeoutScheduler.java:85)
	at org.apache.ratis.util.TimeoutScheduler.lambda$onTimeout$1(TimeoutScheduler.java:104)
	at org.apache.ratis.util.LogUtils.runAndLog(LogUtils.java:50)
	at org.apache.ratis.util.LogUtils$1.run(LogUtils.java:91)
	at java.util.concurrent.Executors$RunnableAdapter.call(Executors.java:511)
	at java.util.concurrent.FutureTask.run(FutureTask.java:266)
	at java.util.concurrent.ScheduledThreadPoolExecutor$ScheduledFutureTask.access$201(ScheduledThreadPoolExecutor.java:180)
	at java.util.concurrent.ScheduledThreadPoolExecutor$ScheduledFutureTask.run(ScheduledThreadPoolExecutor.java:293)
	at java.util.concurrent.ThreadPoolExecutor.runWorker(ThreadPoolExecutor.java:1149)
	at java.util.concurrent.ThreadPoolExecutor$Worker.run(ThreadPoolExecutor.java:624)
	at java.lang.Thread.run(Thread.java:748)

]]></system-err>
  </testcase>
</testsuite>