<?xml version="1.0" encoding="UTF-8"?>
<testsuite xmlns:xsi="http://www.w3.org/2001/XMLSchema-instance" xsi:noNamespaceSchemaLocation="https://maven.apache.org/surefire/maven-surefire-plugin/xsd/surefire-test-report.xsd" name="org.apache.hadoop.ozone.client.rpc.TestContainerReplicationEndToEnd" time="26.414" tests="1" errors="1" skipped="0" failures="0">
  <properties>
    <property name="awt.toolkit" value="sun.awt.X11.XToolkit"/>
    <property name="file.encoding.pkg" value="sun.io"/>
    <property name="java.specification.version" value="1.8"/>
    <property name="sun.cpu.isalist" value=""/>
    <property name="sun.jnu.encoding" value="UTF-8"/>
    <property name="java.class.path" value="/workdir/hadoop-ozone/integration-test/target/test-classes:/workdir/hadoop-ozone/integration-test/target/classes:/home/user/.m2/repository/org/apache/hadoop/hadoop-ozone-common/0.5.0-SNAPSHOT/hadoop-ozone-common-0.5.0-SNAPSHOT.jar:/home/user/.m2/repository/org/apache/commons/commons-compress/1.4.1/commons-compress-1.4.1.jar:/home/user/.m2/repository/org/tukaani/xz/1.0/xz-1.0.jar:/home/user/.m2/repository/org/apache/hadoop/hadoop-common/3.2.0/hadoop-common-3.2.0.jar:/home/user/.m2/repository/org/apache/hadoop/hadoop-hdfs/3.2.0/hadoop-hdfs-3.2.0.jar:/home/user/.m2/repository/org/apache/hadoop/hadoop-hdfs-client/3.2.0/hadoop-hdfs-client-3.2.0.jar:/home/user/.m2/repository/com/fasterxml/jackson/core/jackson-annotations/2.9.5/jackson-annotations-2.9.5.jar:/home/user/.m2/repository/org/apache/hadoop/hadoop-hdds-common/0.5.0-SNAPSHOT/hadoop-hdds-common-0.5.0-SNAPSHOT.jar:/home/user/.m2/repository/javax/annotation/javax.annotation-api/1.2/javax.annotation-api-1.2.jar:/home/user/.m2/repository/org/apache/ratis/ratis-server/0.4.0-78e95b9-SNAPSHOT/ratis-server-0.4.0-78e95b9-SNAPSHOT.jar:/home/user/.m2/repository/org/apache/ratis/ratis-thirdparty-misc/0.2.0/ratis-thirdparty-misc-0.2.0.jar:/home/user/.m2/repository/org/apache/ratis/ratis-proto/0.4.0-78e95b9-SNAPSHOT/ratis-proto-0.4.0-78e95b9-SNAPSHOT.jar:/home/user/.m2/repository/org/apache/ratis/ratis-common/0.4.0-78e95b9-SNAPSHOT/ratis-common-0.4.0-78e95b9-SNAPSHOT.jar:/home/user/.m2/repository/org/apache/ratis/ratis-client/0.4.0-78e95b9-SNAPSHOT/ratis-client-0.4.0-78e95b9-SNAPSHOT.jar:/home/user/.m2/repository/org/apache/ratis/ratis-metrics/0.4.0-78e95b9-SNAPSHOT/ratis-metrics-0.4.0-78e95b9-SNAPSHOT.jar:/home/user/.m2/repository/com/github/joshelser/dropwizard-metrics-hadoop-metrics2-reporter/0.1.2/dropwizard-metrics-hadoop-metrics2-reporter-0.1.2.jar:/home/user/.m2/repository/io/dropwizard/metrics/metrics-jvm/3.2.5/metrics-jvm-3.2.5.jar:/home/user/.m2/repository/io/dropwizard/metrics/metrics-ganglia/3.2.5/metrics-ganglia-3.2.5.jar:/home/user/.m2/repository/info/ganglia/gmetric4j/gmetric4j/1.0.7/gmetric4j-1.0.7.jar:/home/user/.m2/repository/org/apache/ratis/ratis-netty/0.4.0-78e95b9-SNAPSHOT/ratis-netty-0.4.0-78e95b9-SNAPSHOT.jar:/home/user/.m2/repository/org/apache/ratis/ratis-grpc/0.4.0-78e95b9-SNAPSHOT/ratis-grpc-0.4.0-78e95b9-SNAPSHOT.jar:/home/user/.m2/repository/org/rocksdb/rocksdbjni/6.0.1/rocksdbjni-6.0.1.jar:/home/user/.m2/repository/org/apache/logging/log4j/log4j-api/2.11.0/log4j-api-2.11.0.jar:/home/user/.m2/repository/org/apache/logging/log4j/log4j-core/2.11.0/log4j-core-2.11.0.jar:/home/user/.m2/repository/com/lmax/disruptor/3.4.2/disruptor-3.4.2.jar:/home/user/.m2/repository/org/apache/commons/commons-pool2/2.6.0/commons-pool2-2.6.0.jar:/home/user/.m2/repository/org/bouncycastle/bcpkix-jdk15on/1.60/bcpkix-jdk15on-1.60.jar:/home/user/.m2/repository/commons-validator/commons-validator/1.6/commons-validator-1.6.jar:/home/user/.m2/repository/commons-digester/commons-digester/1.8.1/commons-digester-1.8.1.jar:/home/user/.m2/repository/io/jaegertracing/jaeger-client/0.33.1/jaeger-client-0.33.1.jar:/home/user/.m2/repository/io/jaegertracing/jaeger-thrift/0.33.1/jaeger-thrift-0.33.1.jar:/home/user/.m2/repository/org/apache/thrift/libthrift/0.11.0/libthrift-0.11.0.jar:/home/user/.m2/repository/com/squareup/okhttp3/okhttp/3.9.0/okhttp-3.9.0.jar:/home/user/.m2/repository/com/squareup/okio/okio/1.13.0/okio-1.13.0.jar:/home/user/.m2/repository/io/jaegertracing/jaeger-core/0.33.1/jaeger-core-0.33.1.jar:/home/user/.m2/repository/io/jaegertracing/jaeger-tracerresolver/0.33.1/jaeger-tracerresolver-0.33.1.jar:/home/user/.m2/repository/io/opentracing/contrib/opentracing-tracerresolver/0.1.5/opentracing-tracerresolver-0.1.5.jar:/home/user/.m2/repository/io/opentracing/opentracing-util/0.31.0/opentracing-util-0.31.0.jar:/home/user/.m2/repository/io/opentracing/opentracing-api/0.31.0/opentracing-api-0.31.0.jar:/home/user/.m2/repository/io/opentracing/opentracing-noop/0.31.0/opentracing-noop-0.31.0.jar:/home/user/.m2/repository/org/apache/hadoop/hadoop-hdds-server-framework/0.5.0-SNAPSHOT/hadoop-hdds-server-framework-0.5.0-SNAPSHOT.jar:/home/user/.m2/repository/org/apache/hadoop/hadoop-hdds-container-service/0.5.0-SNAPSHOT/hadoop-hdds-container-service-0.5.0-SNAPSHOT.jar:/home/user/.m2/repository/org/apache/hadoop/hadoop-hdds-client/0.5.0-SNAPSHOT/hadoop-hdds-client-0.5.0-SNAPSHOT.jar:/home/user/.m2/repository/org/apache/hadoop/hadoop-hdds-tools/0.5.0-SNAPSHOT/hadoop-hdds-tools-0.5.0-SNAPSHOT.jar:/home/user/.m2/repository/org/apache/hadoop/hadoop-hdds-server-scm/0.5.0-SNAPSHOT/hadoop-hdds-server-scm-0.5.0-SNAPSHOT.jar:/home/user/.m2/repository/org/apache/hadoop/hadoop-hdds-docs/0.5.0-SNAPSHOT/hadoop-hdds-docs-0.5.0-SNAPSHOT.jar:/home/user/.m2/repository/io/dropwizard/metrics/metrics-core/3.2.4/metrics-core-3.2.4.jar:/home/user/.m2/repository/org/hamcrest/hamcrest-all/1.3/hamcrest-all-1.3.jar:/home/user/.m2/repository/org/bouncycastle/bcprov-jdk15on/1.60/bcprov-jdk15on-1.60.jar:/home/user/.m2/repository/info/picocli/picocli/3.9.6/picocli-3.9.6.jar:/home/user/.m2/repository/com/google/protobuf/protobuf-java/2.5.0/protobuf-java-2.5.0.jar:/home/user/.m2/repository/com/google/guava/guava/11.0.2/guava-11.0.2.jar:/home/user/.m2/repository/org/apache/hadoop/hadoop-ozone-ozone-manager/0.5.0-SNAPSHOT/hadoop-ozone-ozone-manager-0.5.0-SNAPSHOT.jar:/home/user/.m2/repository/org/apache/hadoop/hadoop-minikdc/3.2.0/hadoop-minikdc-3.2.0.jar:/home/user/.m2/repository/commons-io/commons-io/2.5/commons-io-2.5.jar:/home/user/.m2/repository/org/apache/kerby/kerb-simplekdc/1.0.1/kerb-simplekdc-1.0.1.jar:/home/user/.m2/repository/org/apache/kerby/kerb-client/1.0.1/kerb-client-1.0.1.jar:/home/user/.m2/repository/org/apache/kerby/kerby-config/1.0.1/kerby-config-1.0.1.jar:/home/user/.m2/repository/org/apache/kerby/kerb-core/1.0.1/kerb-core-1.0.1.jar:/home/user/.m2/repository/org/apache/kerby/kerby-pkix/1.0.1/kerby-pkix-1.0.1.jar:/home/user/.m2/repository/org/apache/kerby/kerby-asn1/1.0.1/kerby-asn1-1.0.1.jar:/home/user/.m2/repository/org/apache/kerby/kerby-util/1.0.1/kerby-util-1.0.1.jar:/home/user/.m2/repository/org/apache/kerby/kerb-common/1.0.1/kerb-common-1.0.1.jar:/home/user/.m2/repository/org/apache/kerby/kerb-crypto/1.0.1/kerb-crypto-1.0.1.jar:/home/user/.m2/repository/org/apache/kerby/kerb-util/1.0.1/kerb-util-1.0.1.jar:/home/user/.m2/repository/org/apache/kerby/token-provider/1.0.1/token-provider-1.0.1.jar:/home/user/.m2/repository/org/apache/kerby/kerb-admin/1.0.1/kerb-admin-1.0.1.jar:/home/user/.m2/repository/org/apache/kerby/kerb-server/1.0.1/kerb-server-1.0.1.jar:/home/user/.m2/repository/org/apache/kerby/kerb-identity/1.0.1/kerb-identity-1.0.1.jar:/home/user/.m2/repository/org/apache/kerby/kerby-xdr/1.0.1/kerby-xdr-1.0.1.jar:/home/user/.m2/repository/org/slf4j/slf4j-log4j12/1.7.25/slf4j-log4j12-1.7.25.jar:/home/user/.m2/repository/org/apache/hadoop/hadoop-ozone-s3gateway/0.5.0-SNAPSHOT/hadoop-ozone-s3gateway-0.5.0-SNAPSHOT.jar:/home/user/.m2/repository/org/jboss/weld/servlet/weld-servlet/2.4.7.Final/weld-servlet-2.4.7.Final.jar:/home/user/.m2/repository/org/glassfish/jersey/containers/jersey-container-servlet-core/2.27/jersey-container-servlet-core-2.27.jar:/home/user/.m2/repository/org/glassfish/hk2/external/javax.inject/2.5.0-b42/javax.inject-2.5.0-b42.jar:/home/user/.m2/repository/org/glassfish/jersey/core/jersey-common/2.27/jersey-common-2.27.jar:/home/user/.m2/repository/org/glassfish/hk2/osgi-resource-locator/1.0.1/osgi-resource-locator-1.0.1.jar:/home/user/.m2/repository/javax/ws/rs/javax.ws.rs-api/2.1/javax.ws.rs-api-2.1.jar:/home/user/.m2/repository/org/glassfish/jersey/ext/cdi/jersey-cdi1x/2.27/jersey-cdi1x-2.27.jar:/home/user/.m2/repository/org/glassfish/jersey/inject/jersey-hk2/2.27/jersey-hk2-2.27.jar:/home/user/.m2/repository/org/glassfish/hk2/hk2-locator/2.5.0-b42/hk2-locator-2.5.0-b42.jar:/home/user/.m2/repository/org/javassist/javassist/3.22.0-CR2/javassist-3.22.0-CR2.jar:/home/user/.m2/repository/org/glassfish/hk2/hk2-api/2.5.0/hk2-api-2.5.0.jar:/home/user/.m2/repository/org/glassfish/hk2/external/jakarta.inject/2.5.0/jakarta.inject-2.5.0.jar:/home/user/.m2/repository/org/glassfish/hk2/hk2-utils/2.5.0/hk2-utils-2.5.0.jar:/home/user/.m2/repository/jakarta/annotation/jakarta.annotation-api/1.3.4/jakarta.annotation-api-1.3.4.jar:/home/user/.m2/repository/org/glassfish/hk2/external/aopalliance-repackaged/2.5.0/aopalliance-repackaged-2.5.0.jar:/home/user/.m2/repository/com/fasterxml/jackson/dataformat/jackson-dataformat-xml/2.9.0/jackson-dataformat-xml-2.9.0.jar:/home/user/.m2/repository/com/fasterxml/jackson/core/jackson-core/2.9.5/jackson-core-2.9.5.jar:/home/user/.m2/repository/com/fasterxml/jackson/module/jackson-module-jaxb-annotations/2.9.5/jackson-module-jaxb-annotations-2.9.5.jar:/home/user/.m2/repository/javax/enterprise/cdi-api/1.2/cdi-api-1.2.jar:/home/user/.m2/repository/javax/el/javax.el-api/3.0.0/javax.el-api-3.0.0.jar:/home/user/.m2/repository/javax/interceptor/javax.interceptor-api/1.2/javax.interceptor-api-1.2.jar:/home/user/.m2/repository/javax/inject/javax.inject/1/javax.inject-1.jar:/home/user/.m2/repository/com/sun/xml/bind/jaxb-impl/2.3.0.1/jaxb-impl-2.3.0.1.jar:/home/user/.m2/repository/com/sun/xml/bind/jaxb-core/2.3.0.1/jaxb-core-2.3.0.1.jar:/home/user/.m2/repository/javax/xml/bind/jaxb-api/2.3.0/jaxb-api-2.3.0.jar:/home/user/.m2/repository/javax/activation/activation/1.1.1/activation-1.1.1.jar:/home/user/.m2/repository/org/apache/hadoop/hadoop-ozone-csi/0.5.0-SNAPSHOT/hadoop-ozone-csi-0.5.0-SNAPSHOT.jar:/home/user/.m2/repository/com/google/protobuf/protobuf-java-util/3.5.1/protobuf-java-util-3.5.1.jar:/home/user/.m2/repository/org/apache/hadoop/hadoop-hdds-config/0.5.0-SNAPSHOT/hadoop-hdds-config-0.5.0-SNAPSHOT.jar:/home/user/.m2/repository/io/grpc/grpc-netty/1.17.1/grpc-netty-1.17.1.jar:/home/user/.m2/repository/io/grpc/grpc-core/1.17.1/grpc-core-1.17.1.jar:/home/user/.m2/repository/io/grpc/grpc-context/1.17.1/grpc-context-1.17.1.jar:/home/user/.m2/repository/com/google/errorprone/error_prone_annotations/2.2.0/error_prone_annotations-2.2.0.jar:/home/user/.m2/repository/org/codehaus/mojo/animal-sniffer-annotations/1.17/animal-sniffer-annotations-1.17.jar:/home/user/.m2/repository/io/opencensus/opencensus-api/0.17.0/opencensus-api-0.17.0.jar:/home/user/.m2/repository/io/opencensus/opencensus-contrib-grpc-metrics/0.17.0/opencensus-contrib-grpc-metrics-0.17.0.jar:/home/user/.m2/repository/io/netty/netty-codec-http2/4.1.30.Final/netty-codec-http2-4.1.30.Final.jar:/home/user/.m2/repository/io/netty/netty-codec-http/4.1.30.Final/netty-codec-http-4.1.30.Final.jar:/home/user/.m2/repository/io/netty/netty-codec/4.1.30.Final/netty-codec-4.1.30.Final.jar:/home/user/.m2/repository/io/netty/netty-handler/4.1.30.Final/netty-handler-4.1.30.Final.jar:/home/user/.m2/repository/io/netty/netty-handler-proxy/4.1.30.Final/netty-handler-proxy-4.1.30.Final.jar:/home/user/.m2/repository/io/netty/netty-codec-socks/4.1.30.Final/netty-codec-socks-4.1.30.Final.jar:/home/user/.m2/repository/io/netty/netty-transport-native-epoll/4.1.30.Final/netty-transport-native-epoll-4.1.30.Final.jar:/home/user/.m2/repository/io/netty/netty-common/4.1.30.Final/netty-common-4.1.30.Final.jar:/home/user/.m2/repository/io/netty/netty-buffer/4.1.30.Final/netty-buffer-4.1.30.Final.jar:/home/user/.m2/repository/io/netty/netty-transport/4.1.30.Final/netty-transport-4.1.30.Final.jar:/home/user/.m2/repository/io/netty/netty-resolver/4.1.30.Final/netty-resolver-4.1.30.Final.jar:/home/user/.m2/repository/io/netty/netty-transport-native-unix-common/4.1.30.Final/netty-transport-native-unix-common-4.1.30.Final.jar:/home/user/.m2/repository/io/grpc/grpc-protobuf/1.17.1/grpc-protobuf-1.17.1.jar:/home/user/.m2/repository/com/google/api/grpc/proto-google-common-protos/1.0.0/proto-google-common-protos-1.0.0.jar:/home/user/.m2/repository/io/grpc/grpc-protobuf-lite/1.17.1/grpc-protobuf-lite-1.17.1.jar:/home/user/.m2/repository/io/grpc/grpc-stub/1.17.1/grpc-stub-1.17.1.jar:/home/user/.m2/repository/org/apache/hadoop/hadoop-ozone-recon/0.5.0-SNAPSHOT/hadoop-ozone-recon-0.5.0-SNAPSHOT.jar:/home/user/.m2/repository/org/apache/hadoop/hadoop-ozone-reconcodegen/0.5.0-SNAPSHOT/hadoop-ozone-reconcodegen-0.5.0-SNAPSHOT.jar:/home/user/.m2/repository/com/google/inject/extensions/guice-multibindings/4.0/guice-multibindings-4.0.jar:/home/user/.m2/repository/com/google/inject/guice/4.0/guice-4.0.jar:/home/user/.m2/repository/aopalliance/aopalliance/1.0/aopalliance-1.0.jar:/home/user/.m2/repository/com/google/inject/extensions/guice-servlet/4.0/guice-servlet-4.0.jar:/home/user/.m2/repository/org/glassfish/jersey/containers/jersey-container-servlet/2.27/jersey-container-servlet-2.27.jar:/home/user/.m2/repository/org/glassfish/hk2/guice-bridge/2.5.0/guice-bridge-2.5.0.jar:/home/user/.m2/repository/org/glassfish/jersey/core/jersey-server/2.27/jersey-server-2.27.jar:/home/user/.m2/repository/org/glassfish/jersey/core/jersey-client/2.27/jersey-client-2.27.jar:/home/user/.m2/repository/org/glassfish/jersey/media/jersey-media-jaxb/2.27/jersey-media-jaxb-2.27.jar:/home/user/.m2/repository/javax/validation/validation-api/1.1.0.Final/validation-api-1.1.0.Final.jar:/home/user/.m2/repository/org/glassfish/jersey/media/jersey-media-json-jackson/2.27/jersey-media-json-jackson-2.27.jar:/home/user/.m2/repository/org/glassfish/jersey/ext/jersey-entity-filtering/2.27/jersey-entity-filtering-2.27.jar:/home/user/.m2/repository/com/google/inject/extensions/guice-assistedinject/4.0/guice-assistedinject-4.0.jar:/home/user/.m2/repository/org/jooq/jooq/3.11.10/jooq-3.11.10.jar:/home/user/.m2/repository/org/jooq/jooq-meta/3.11.10/jooq-meta-3.11.10.jar:/home/user/.m2/repository/org/jooq/jooq-codegen/3.11.10/jooq-codegen-3.11.10.jar:/home/user/.m2/repository/com/jolbox/bonecp/0.8.0.RELEASE/bonecp-0.8.0.RELEASE.jar:/home/user/.m2/repository/org/xerial/sqlite-jdbc/3.25.2/sqlite-jdbc-3.25.2.jar:/home/user/.m2/repository/org/springframework/spring-jdbc/5.1.3.RELEASE/spring-jdbc-5.1.3.RELEASE.jar:/home/user/.m2/repository/org/springframework/spring-beans/5.1.3.RELEASE/spring-beans-5.1.3.RELEASE.jar:/home/user/.m2/repository/org/springframework/spring-core/5.1.3.RELEASE/spring-core-5.1.3.RELEASE.jar:/home/user/.m2/repository/org/springframework/spring-jcl/5.1.3.RELEASE/spring-jcl-5.1.3.RELEASE.jar:/home/user/.m2/repository/org/springframework/spring-tx/5.1.3.RELEASE/spring-tx-5.1.3.RELEASE.jar:/home/user/.m2/repository/org/apache/hadoop/hadoop-ozone-client/0.5.0-SNAPSHOT/hadoop-ozone-client-0.5.0-SNAPSHOT.jar:/home/user/.m2/repository/commons-lang/commons-lang/2.6/commons-lang-2.6.jar:/home/user/.m2/repository/org/apache/hadoop/hadoop-ozone-ozone-manager/0.5.0-SNAPSHOT/hadoop-ozone-ozone-manager-0.5.0-SNAPSHOT-tests.jar:/home/user/.m2/repository/junit/junit/4.11/junit-4.11.jar:/home/user/.m2/repository/org/hamcrest/hamcrest-core/1.3/hamcrest-core-1.3.jar:/home/user/.m2/repository/org/openjdk/jmh/jmh-core/1.19/jmh-core-1.19.jar:/home/user/.m2/repository/net/sf/jopt-simple/jopt-simple/4.6/jopt-simple-4.6.jar:/home/user/.m2/repository/org/apache/commons/commons-math3/3.1.1/commons-math3-3.1.1.jar:/home/user/.m2/repository/org/openjdk/jmh/jmh-generator-annprocess/1.19/jmh-generator-annprocess-1.19.jar:/home/user/.m2/repository/org/mockito/mockito-all/1.8.5/mockito-all-1.8.5.jar:/home/user/.m2/repository/org/apache/hadoop/hadoop-kms/3.2.0/hadoop-kms-3.2.0.jar:/home/user/.m2/repository/org/apache/hadoop/hadoop-auth/3.2.0/hadoop-auth-3.2.0.jar:/home/user/.m2/repository/com/nimbusds/nimbus-jose-jwt/4.41.1/nimbus-jose-jwt-4.41.1.jar:/home/user/.m2/repository/com/github/stephenc/jcip/jcip-annotations/1.0-1/jcip-annotations-1.0-1.jar:/home/user/.m2/repository/net/minidev/json-smart/2.3/json-smart-2.3.jar:/home/user/.m2/repository/net/minidev/accessors-smart/1.2/accessors-smart-1.2.jar:/home/user/.m2/repository/org/ow2/asm/asm/5.0.4/asm-5.0.4.jar:/home/user/.m2/repository/org/apache/curator/curator-framework/2.12.0/curator-framework-2.12.0.jar:/home/user/.m2/repository/com/sun/jersey/jersey-core/1.19/jersey-core-1.19.jar:/home/user/.m2/repository/javax/ws/rs/jsr311-api/1.1.1/jsr311-api-1.1.1.jar:/home/user/.m2/repository/com/sun/jersey/jersey-server/1.19/jersey-server-1.19.jar:/home/user/.m2/repository/javax/servlet/javax.servlet-api/3.1.0/javax.servlet-api-3.1.0.jar:/home/user/.m2/repository/org/eclipse/jetty/jetty-server/9.3.24.v20180605/jetty-server-9.3.24.v20180605.jar:/home/user/.m2/repository/org/eclipse/jetty/jetty-http/9.3.24.v20180605/jetty-http-9.3.24.v20180605.jar:/home/user/.m2/repository/org/eclipse/jetty/jetty-io/9.3.24.v20180605/jetty-io-9.3.24.v20180605.jar:/home/user/.m2/repository/org/eclipse/jetty/jetty-webapp/9.3.24.v20180605/jetty-webapp-9.3.24.v20180605.jar:/home/user/.m2/repository/org/eclipse/jetty/jetty-xml/9.3.24.v20180605/jetty-xml-9.3.24.v20180605.jar:/home/user/.m2/repository/log4j/log4j/1.2.17/log4j-1.2.17.jar:/home/user/.m2/repository/org/slf4j/slf4j-api/1.7.25/slf4j-api-1.7.25.jar:/home/user/.m2/repository/org/slf4j/jul-to-slf4j/1.7.25/jul-to-slf4j-1.7.25.jar:/home/user/.m2/repository/org/eclipse/jetty/jetty-util/9.3.24.v20180605/jetty-util-9.3.24.v20180605.jar:/home/user/.m2/repository/com/fasterxml/jackson/core/jackson-databind/2.9.5/jackson-databind-2.9.5.jar:/home/user/.m2/repository/org/apache/hadoop/hadoop-kms/3.2.0/hadoop-kms-3.2.0-tests.jar:/home/user/.m2/repository/org/apache/hadoop/hadoop-hdds-server-scm/0.5.0-SNAPSHOT/hadoop-hdds-server-scm-0.5.0-SNAPSHOT-tests.jar:/home/user/.m2/repository/org/apache/hadoop/hadoop-hdds-container-service/0.5.0-SNAPSHOT/hadoop-hdds-container-service-0.5.0-SNAPSHOT-tests.jar:/home/user/.m2/repository/org/yaml/snakeyaml/1.16/snakeyaml-1.16.jar:/home/user/.m2/repository/org/apache/hadoop/hadoop-common/3.2.0/hadoop-common-3.2.0-tests.jar:/home/user/.m2/repository/org/apache/hadoop/hadoop-annotations/3.2.0/hadoop-annotations-3.2.0.jar:/usr/lib/jvm/java-1.8-openjdk/jre/../lib/tools.jar:/home/user/.m2/repository/commons-cli/commons-cli/1.2/commons-cli-1.2.jar:/home/user/.m2/repository/org/apache/httpcomponents/httpclient/4.5.2/httpclient-4.5.2.jar:/home/user/.m2/repository/org/apache/httpcomponents/httpcore/4.4.4/httpcore-4.4.4.jar:/home/user/.m2/repository/commons-codec/commons-codec/1.11/commons-codec-1.11.jar:/home/user/.m2/repository/commons-net/commons-net/3.6/commons-net-3.6.jar:/home/user/.m2/repository/commons-collections/commons-collections/3.2.2/commons-collections-3.2.2.jar:/home/user/.m2/repository/org/eclipse/jetty/jetty-servlet/9.3.24.v20180605/jetty-servlet-9.3.24.v20180605.jar:/home/user/.m2/repository/org/eclipse/jetty/jetty-security/9.3.24.v20180605/jetty-security-9.3.24.v20180605.jar:/home/user/.m2/repository/javax/servlet/jsp/jsp-api/2.1/jsp-api-2.1.jar:/home/user/.m2/repository/com/sun/jersey/jersey-servlet/1.19/jersey-servlet-1.19.jar:/home/user/.m2/repository/com/sun/jersey/jersey-json/1.19/jersey-json-1.19.jar:/home/user/.m2/repository/org/codehaus/jettison/jettison/1.1/jettison-1.1.jar:/home/user/.m2/repository/org/codehaus/jackson/jackson-core-asl/1.9.13/jackson-core-asl-1.9.13.jar:/home/user/.m2/repository/org/codehaus/jackson/jackson-mapper-asl/1.9.13/jackson-mapper-asl-1.9.13.jar:/home/user/.m2/repository/org/codehaus/jackson/jackson-jaxrs/1.9.13/jackson-jaxrs-1.9.13.jar:/home/user/.m2/repository/org/codehaus/jackson/jackson-xc/1.9.13/jackson-xc-1.9.13.jar:/home/user/.m2/repository/commons-logging/commons-logging/1.1.3/commons-logging-1.1.3.jar:/home/user/.m2/repository/commons-beanutils/commons-beanutils/1.9.3/commons-beanutils-1.9.3.jar:/home/user/.m2/repository/org/apache/commons/commons-configuration2/2.1.1/commons-configuration2-2.1.1.jar:/home/user/.m2/repository/org/apache/commons/commons-lang3/3.7/commons-lang3-3.7.jar:/home/user/.m2/repository/org/apache/commons/commons-text/1.4/commons-text-1.4.jar:/home/user/.m2/repository/org/apache/avro/avro/1.7.7/avro-1.7.7.jar:/home/user/.m2/repository/com/thoughtworks/paranamer/paranamer/2.3/paranamer-2.3.jar:/home/user/.m2/repository/org/xerial/snappy/snappy-java/1.0.5/snappy-java-1.0.5.jar:/home/user/.m2/repository/com/google/re2j/re2j/1.1/re2j-1.1.jar:/home/user/.m2/repository/com/google/code/gson/gson/2.2.4/gson-2.2.4.jar:/home/user/.m2/repository/com/jcraft/jsch/0.1.54/jsch-0.1.54.jar:/home/user/.m2/repository/org/apache/curator/curator-client/2.12.0/curator-client-2.12.0.jar:/home/user/.m2/repository/org/apache/curator/curator-recipes/2.12.0/curator-recipes-2.12.0.jar:/home/user/.m2/repository/com/google/code/findbugs/jsr305/3.0.0/jsr305-3.0.0.jar:/home/user/.m2/repository/org/apache/htrace/htrace-core4/4.1.0-incubating/htrace-core4-4.1.0-incubating.jar:/home/user/.m2/repository/org/apache/zookeeper/zookeeper/3.4.13/zookeeper-3.4.13.jar:/home/user/.m2/repository/org/apache/yetus/audience-annotations/0.5.0/audience-annotations-0.5.0.jar:/home/user/.m2/repository/org/codehaus/woodstox/stax2-api/3.1.4/stax2-api-3.1.4.jar:/home/user/.m2/repository/com/fasterxml/woodstox/woodstox-core/5.0.3/woodstox-core-5.0.3.jar:/home/user/.m2/repository/dnsjava/dnsjava/2.1.7/dnsjava-2.1.7.jar:/home/user/.m2/repository/org/apache/hadoop/hadoop-hdfs/3.2.0/hadoop-hdfs-3.2.0-tests.jar:/home/user/.m2/repository/org/eclipse/jetty/jetty-util-ajax/9.3.24.v20180605/jetty-util-ajax-9.3.24.v20180605.jar:/home/user/.m2/repository/commons-daemon/commons-daemon/1.0.13/commons-daemon-1.0.13.jar:/home/user/.m2/repository/io/netty/netty/3.10.5.Final/netty-3.10.5.Final.jar:/home/user/.m2/repository/io/netty/netty-all/4.0.52.Final/netty-all-4.0.52.Final.jar:/home/user/.m2/repository/org/fusesource/leveldbjni/leveldbjni-all/1.8/leveldbjni-all-1.8.jar:"/>
    <property name="java.vm.vendor" value="IcedTea"/>
    <property name="sun.arch.data.model" value="64"/>
    <property name="test.build.dir" value="/workdir/hadoop-ozone/integration-test/target/test-dir"/>
    <property name="test.cache.data" value=""/>
    <property name="java.vendor.url" value="https://icedtea.classpath.org"/>
    <property name="user.timezone" value=""/>
    <property name="java.vm.specification.version" value="1.8"/>
    <property name="os.name" value="Linux"/>
    <property name="test.build.data" value="/workdir/hadoop-ozone/integration-test/target/test-dir"/>
    <property name="user.country" value="US"/>
    <property name="sun.java.launcher" value="SUN_STANDARD"/>
    <property name="sun.boot.library.path" value="/usr/lib/jvm/java-1.8-openjdk/jre/lib/amd64"/>
    <property name="sun.java.command" value="/workdir/hadoop-ozone/integration-test/target/surefire/surefirebooter7669806782520450444.jar /workdir/hadoop-ozone/integration-test/target/surefire 2019-09-16T15-19-14_257-jvmRun1 surefire432007003981289615tmp surefire_448164287263516944283tmp"/>
    <property name="test" value="!TestMiniChaosOzoneCluster"/>
    <property name="surefire.test.class.path" value="/workdir/hadoop-ozone/integration-test/target/test-classes:/workdir/hadoop-ozone/integration-test/target/classes:/home/user/.m2/repository/org/apache/hadoop/hadoop-ozone-common/0.5.0-SNAPSHOT/hadoop-ozone-common-0.5.0-SNAPSHOT.jar:/home/user/.m2/repository/org/apache/commons/commons-compress/1.4.1/commons-compress-1.4.1.jar:/home/user/.m2/repository/org/tukaani/xz/1.0/xz-1.0.jar:/home/user/.m2/repository/org/apache/hadoop/hadoop-common/3.2.0/hadoop-common-3.2.0.jar:/home/user/.m2/repository/org/apache/hadoop/hadoop-hdfs/3.2.0/hadoop-hdfs-3.2.0.jar:/home/user/.m2/repository/org/apache/hadoop/hadoop-hdfs-client/3.2.0/hadoop-hdfs-client-3.2.0.jar:/home/user/.m2/repository/com/fasterxml/jackson/core/jackson-annotations/2.9.5/jackson-annotations-2.9.5.jar:/home/user/.m2/repository/org/apache/hadoop/hadoop-hdds-common/0.5.0-SNAPSHOT/hadoop-hdds-common-0.5.0-SNAPSHOT.jar:/home/user/.m2/repository/javax/annotation/javax.annotation-api/1.2/javax.annotation-api-1.2.jar:/home/user/.m2/repository/org/apache/ratis/ratis-server/0.4.0-78e95b9-SNAPSHOT/ratis-server-0.4.0-78e95b9-SNAPSHOT.jar:/home/user/.m2/repository/org/apache/ratis/ratis-thirdparty-misc/0.2.0/ratis-thirdparty-misc-0.2.0.jar:/home/user/.m2/repository/org/apache/ratis/ratis-proto/0.4.0-78e95b9-SNAPSHOT/ratis-proto-0.4.0-78e95b9-SNAPSHOT.jar:/home/user/.m2/repository/org/apache/ratis/ratis-common/0.4.0-78e95b9-SNAPSHOT/ratis-common-0.4.0-78e95b9-SNAPSHOT.jar:/home/user/.m2/repository/org/apache/ratis/ratis-client/0.4.0-78e95b9-SNAPSHOT/ratis-client-0.4.0-78e95b9-SNAPSHOT.jar:/home/user/.m2/repository/org/apache/ratis/ratis-metrics/0.4.0-78e95b9-SNAPSHOT/ratis-metrics-0.4.0-78e95b9-SNAPSHOT.jar:/home/user/.m2/repository/com/github/joshelser/dropwizard-metrics-hadoop-metrics2-reporter/0.1.2/dropwizard-metrics-hadoop-metrics2-reporter-0.1.2.jar:/home/user/.m2/repository/io/dropwizard/metrics/metrics-jvm/3.2.5/metrics-jvm-3.2.5.jar:/home/user/.m2/repository/io/dropwizard/metrics/metrics-ganglia/3.2.5/metrics-ganglia-3.2.5.jar:/home/user/.m2/repository/info/ganglia/gmetric4j/gmetric4j/1.0.7/gmetric4j-1.0.7.jar:/home/user/.m2/repository/org/apache/ratis/ratis-netty/0.4.0-78e95b9-SNAPSHOT/ratis-netty-0.4.0-78e95b9-SNAPSHOT.jar:/home/user/.m2/repository/org/apache/ratis/ratis-grpc/0.4.0-78e95b9-SNAPSHOT/ratis-grpc-0.4.0-78e95b9-SNAPSHOT.jar:/home/user/.m2/repository/org/rocksdb/rocksdbjni/6.0.1/rocksdbjni-6.0.1.jar:/home/user/.m2/repository/org/apache/logging/log4j/log4j-api/2.11.0/log4j-api-2.11.0.jar:/home/user/.m2/repository/org/apache/logging/log4j/log4j-core/2.11.0/log4j-core-2.11.0.jar:/home/user/.m2/repository/com/lmax/disruptor/3.4.2/disruptor-3.4.2.jar:/home/user/.m2/repository/org/apache/commons/commons-pool2/2.6.0/commons-pool2-2.6.0.jar:/home/user/.m2/repository/org/bouncycastle/bcpkix-jdk15on/1.60/bcpkix-jdk15on-1.60.jar:/home/user/.m2/repository/commons-validator/commons-validator/1.6/commons-validator-1.6.jar:/home/user/.m2/repository/commons-digester/commons-digester/1.8.1/commons-digester-1.8.1.jar:/home/user/.m2/repository/io/jaegertracing/jaeger-client/0.33.1/jaeger-client-0.33.1.jar:/home/user/.m2/repository/io/jaegertracing/jaeger-thrift/0.33.1/jaeger-thrift-0.33.1.jar:/home/user/.m2/repository/org/apache/thrift/libthrift/0.11.0/libthrift-0.11.0.jar:/home/user/.m2/repository/com/squareup/okhttp3/okhttp/3.9.0/okhttp-3.9.0.jar:/home/user/.m2/repository/com/squareup/okio/okio/1.13.0/okio-1.13.0.jar:/home/user/.m2/repository/io/jaegertracing/jaeger-core/0.33.1/jaeger-core-0.33.1.jar:/home/user/.m2/repository/io/jaegertracing/jaeger-tracerresolver/0.33.1/jaeger-tracerresolver-0.33.1.jar:/home/user/.m2/repository/io/opentracing/contrib/opentracing-tracerresolver/0.1.5/opentracing-tracerresolver-0.1.5.jar:/home/user/.m2/repository/io/opentracing/opentracing-util/0.31.0/opentracing-util-0.31.0.jar:/home/user/.m2/repository/io/opentracing/opentracing-api/0.31.0/opentracing-api-0.31.0.jar:/home/user/.m2/repository/io/opentracing/opentracing-noop/0.31.0/opentracing-noop-0.31.0.jar:/home/user/.m2/repository/org/apache/hadoop/hadoop-hdds-server-framework/0.5.0-SNAPSHOT/hadoop-hdds-server-framework-0.5.0-SNAPSHOT.jar:/home/user/.m2/repository/org/apache/hadoop/hadoop-hdds-container-service/0.5.0-SNAPSHOT/hadoop-hdds-container-service-0.5.0-SNAPSHOT.jar:/home/user/.m2/repository/org/apache/hadoop/hadoop-hdds-client/0.5.0-SNAPSHOT/hadoop-hdds-client-0.5.0-SNAPSHOT.jar:/home/user/.m2/repository/org/apache/hadoop/hadoop-hdds-tools/0.5.0-SNAPSHOT/hadoop-hdds-tools-0.5.0-SNAPSHOT.jar:/home/user/.m2/repository/org/apache/hadoop/hadoop-hdds-server-scm/0.5.0-SNAPSHOT/hadoop-hdds-server-scm-0.5.0-SNAPSHOT.jar:/home/user/.m2/repository/org/apache/hadoop/hadoop-hdds-docs/0.5.0-SNAPSHOT/hadoop-hdds-docs-0.5.0-SNAPSHOT.jar:/home/user/.m2/repository/io/dropwizard/metrics/metrics-core/3.2.4/metrics-core-3.2.4.jar:/home/user/.m2/repository/org/hamcrest/hamcrest-all/1.3/hamcrest-all-1.3.jar:/home/user/.m2/repository/org/bouncycastle/bcprov-jdk15on/1.60/bcprov-jdk15on-1.60.jar:/home/user/.m2/repository/info/picocli/picocli/3.9.6/picocli-3.9.6.jar:/home/user/.m2/repository/com/google/protobuf/protobuf-java/2.5.0/protobuf-java-2.5.0.jar:/home/user/.m2/repository/com/google/guava/guava/11.0.2/guava-11.0.2.jar:/home/user/.m2/repository/org/apache/hadoop/hadoop-ozone-ozone-manager/0.5.0-SNAPSHOT/hadoop-ozone-ozone-manager-0.5.0-SNAPSHOT.jar:/home/user/.m2/repository/org/apache/hadoop/hadoop-minikdc/3.2.0/hadoop-minikdc-3.2.0.jar:/home/user/.m2/repository/commons-io/commons-io/2.5/commons-io-2.5.jar:/home/user/.m2/repository/org/apache/kerby/kerb-simplekdc/1.0.1/kerb-simplekdc-1.0.1.jar:/home/user/.m2/repository/org/apache/kerby/kerb-client/1.0.1/kerb-client-1.0.1.jar:/home/user/.m2/repository/org/apache/kerby/kerby-config/1.0.1/kerby-config-1.0.1.jar:/home/user/.m2/repository/org/apache/kerby/kerb-core/1.0.1/kerb-core-1.0.1.jar:/home/user/.m2/repository/org/apache/kerby/kerby-pkix/1.0.1/kerby-pkix-1.0.1.jar:/home/user/.m2/repository/org/apache/kerby/kerby-asn1/1.0.1/kerby-asn1-1.0.1.jar:/home/user/.m2/repository/org/apache/kerby/kerby-util/1.0.1/kerby-util-1.0.1.jar:/home/user/.m2/repository/org/apache/kerby/kerb-common/1.0.1/kerb-common-1.0.1.jar:/home/user/.m2/repository/org/apache/kerby/kerb-crypto/1.0.1/kerb-crypto-1.0.1.jar:/home/user/.m2/repository/org/apache/kerby/kerb-util/1.0.1/kerb-util-1.0.1.jar:/home/user/.m2/repository/org/apache/kerby/token-provider/1.0.1/token-provider-1.0.1.jar:/home/user/.m2/repository/org/apache/kerby/kerb-admin/1.0.1/kerb-admin-1.0.1.jar:/home/user/.m2/repository/org/apache/kerby/kerb-server/1.0.1/kerb-server-1.0.1.jar:/home/user/.m2/repository/org/apache/kerby/kerb-identity/1.0.1/kerb-identity-1.0.1.jar:/home/user/.m2/repository/org/apache/kerby/kerby-xdr/1.0.1/kerby-xdr-1.0.1.jar:/home/user/.m2/repository/org/slf4j/slf4j-log4j12/1.7.25/slf4j-log4j12-1.7.25.jar:/home/user/.m2/repository/org/apache/hadoop/hadoop-ozone-s3gateway/0.5.0-SNAPSHOT/hadoop-ozone-s3gateway-0.5.0-SNAPSHOT.jar:/home/user/.m2/repository/org/jboss/weld/servlet/weld-servlet/2.4.7.Final/weld-servlet-2.4.7.Final.jar:/home/user/.m2/repository/org/glassfish/jersey/containers/jersey-container-servlet-core/2.27/jersey-container-servlet-core-2.27.jar:/home/user/.m2/repository/org/glassfish/hk2/external/javax.inject/2.5.0-b42/javax.inject-2.5.0-b42.jar:/home/user/.m2/repository/org/glassfish/jersey/core/jersey-common/2.27/jersey-common-2.27.jar:/home/user/.m2/repository/org/glassfish/hk2/osgi-resource-locator/1.0.1/osgi-resource-locator-1.0.1.jar:/home/user/.m2/repository/javax/ws/rs/javax.ws.rs-api/2.1/javax.ws.rs-api-2.1.jar:/home/user/.m2/repository/org/glassfish/jersey/ext/cdi/jersey-cdi1x/2.27/jersey-cdi1x-2.27.jar:/home/user/.m2/repository/org/glassfish/jersey/inject/jersey-hk2/2.27/jersey-hk2-2.27.jar:/home/user/.m2/repository/org/glassfish/hk2/hk2-locator/2.5.0-b42/hk2-locator-2.5.0-b42.jar:/home/user/.m2/repository/org/javassist/javassist/3.22.0-CR2/javassist-3.22.0-CR2.jar:/home/user/.m2/repository/org/glassfish/hk2/hk2-api/2.5.0/hk2-api-2.5.0.jar:/home/user/.m2/repository/org/glassfish/hk2/external/jakarta.inject/2.5.0/jakarta.inject-2.5.0.jar:/home/user/.m2/repository/org/glassfish/hk2/hk2-utils/2.5.0/hk2-utils-2.5.0.jar:/home/user/.m2/repository/jakarta/annotation/jakarta.annotation-api/1.3.4/jakarta.annotation-api-1.3.4.jar:/home/user/.m2/repository/org/glassfish/hk2/external/aopalliance-repackaged/2.5.0/aopalliance-repackaged-2.5.0.jar:/home/user/.m2/repository/com/fasterxml/jackson/dataformat/jackson-dataformat-xml/2.9.0/jackson-dataformat-xml-2.9.0.jar:/home/user/.m2/repository/com/fasterxml/jackson/core/jackson-core/2.9.5/jackson-core-2.9.5.jar:/home/user/.m2/repository/com/fasterxml/jackson/module/jackson-module-jaxb-annotations/2.9.5/jackson-module-jaxb-annotations-2.9.5.jar:/home/user/.m2/repository/javax/enterprise/cdi-api/1.2/cdi-api-1.2.jar:/home/user/.m2/repository/javax/el/javax.el-api/3.0.0/javax.el-api-3.0.0.jar:/home/user/.m2/repository/javax/interceptor/javax.interceptor-api/1.2/javax.interceptor-api-1.2.jar:/home/user/.m2/repository/javax/inject/javax.inject/1/javax.inject-1.jar:/home/user/.m2/repository/com/sun/xml/bind/jaxb-impl/2.3.0.1/jaxb-impl-2.3.0.1.jar:/home/user/.m2/repository/com/sun/xml/bind/jaxb-core/2.3.0.1/jaxb-core-2.3.0.1.jar:/home/user/.m2/repository/javax/xml/bind/jaxb-api/2.3.0/jaxb-api-2.3.0.jar:/home/user/.m2/repository/javax/activation/activation/1.1.1/activation-1.1.1.jar:/home/user/.m2/repository/org/apache/hadoop/hadoop-ozone-csi/0.5.0-SNAPSHOT/hadoop-ozone-csi-0.5.0-SNAPSHOT.jar:/home/user/.m2/repository/com/google/protobuf/protobuf-java-util/3.5.1/protobuf-java-util-3.5.1.jar:/home/user/.m2/repository/org/apache/hadoop/hadoop-hdds-config/0.5.0-SNAPSHOT/hadoop-hdds-config-0.5.0-SNAPSHOT.jar:/home/user/.m2/repository/io/grpc/grpc-netty/1.17.1/grpc-netty-1.17.1.jar:/home/user/.m2/repository/io/grpc/grpc-core/1.17.1/grpc-core-1.17.1.jar:/home/user/.m2/repository/io/grpc/grpc-context/1.17.1/grpc-context-1.17.1.jar:/home/user/.m2/repository/com/google/errorprone/error_prone_annotations/2.2.0/error_prone_annotations-2.2.0.jar:/home/user/.m2/repository/org/codehaus/mojo/animal-sniffer-annotations/1.17/animal-sniffer-annotations-1.17.jar:/home/user/.m2/repository/io/opencensus/opencensus-api/0.17.0/opencensus-api-0.17.0.jar:/home/user/.m2/repository/io/opencensus/opencensus-contrib-grpc-metrics/0.17.0/opencensus-contrib-grpc-metrics-0.17.0.jar:/home/user/.m2/repository/io/netty/netty-codec-http2/4.1.30.Final/netty-codec-http2-4.1.30.Final.jar:/home/user/.m2/repository/io/netty/netty-codec-http/4.1.30.Final/netty-codec-http-4.1.30.Final.jar:/home/user/.m2/repository/io/netty/netty-codec/4.1.30.Final/netty-codec-4.1.30.Final.jar:/home/user/.m2/repository/io/netty/netty-handler/4.1.30.Final/netty-handler-4.1.30.Final.jar:/home/user/.m2/repository/io/netty/netty-handler-proxy/4.1.30.Final/netty-handler-proxy-4.1.30.Final.jar:/home/user/.m2/repository/io/netty/netty-codec-socks/4.1.30.Final/netty-codec-socks-4.1.30.Final.jar:/home/user/.m2/repository/io/netty/netty-transport-native-epoll/4.1.30.Final/netty-transport-native-epoll-4.1.30.Final.jar:/home/user/.m2/repository/io/netty/netty-common/4.1.30.Final/netty-common-4.1.30.Final.jar:/home/user/.m2/repository/io/netty/netty-buffer/4.1.30.Final/netty-buffer-4.1.30.Final.jar:/home/user/.m2/repository/io/netty/netty-transport/4.1.30.Final/netty-transport-4.1.30.Final.jar:/home/user/.m2/repository/io/netty/netty-resolver/4.1.30.Final/netty-resolver-4.1.30.Final.jar:/home/user/.m2/repository/io/netty/netty-transport-native-unix-common/4.1.30.Final/netty-transport-native-unix-common-4.1.30.Final.jar:/home/user/.m2/repository/io/grpc/grpc-protobuf/1.17.1/grpc-protobuf-1.17.1.jar:/home/user/.m2/repository/com/google/api/grpc/proto-google-common-protos/1.0.0/proto-google-common-protos-1.0.0.jar:/home/user/.m2/repository/io/grpc/grpc-protobuf-lite/1.17.1/grpc-protobuf-lite-1.17.1.jar:/home/user/.m2/repository/io/grpc/grpc-stub/1.17.1/grpc-stub-1.17.1.jar:/home/user/.m2/repository/org/apache/hadoop/hadoop-ozone-recon/0.5.0-SNAPSHOT/hadoop-ozone-recon-0.5.0-SNAPSHOT.jar:/home/user/.m2/repository/org/apache/hadoop/hadoop-ozone-reconcodegen/0.5.0-SNAPSHOT/hadoop-ozone-reconcodegen-0.5.0-SNAPSHOT.jar:/home/user/.m2/repository/com/google/inject/extensions/guice-multibindings/4.0/guice-multibindings-4.0.jar:/home/user/.m2/repository/com/google/inject/guice/4.0/guice-4.0.jar:/home/user/.m2/repository/aopalliance/aopalliance/1.0/aopalliance-1.0.jar:/home/user/.m2/repository/com/google/inject/extensions/guice-servlet/4.0/guice-servlet-4.0.jar:/home/user/.m2/repository/org/glassfish/jersey/containers/jersey-container-servlet/2.27/jersey-container-servlet-2.27.jar:/home/user/.m2/repository/org/glassfish/hk2/guice-bridge/2.5.0/guice-bridge-2.5.0.jar:/home/user/.m2/repository/org/glassfish/jersey/core/jersey-server/2.27/jersey-server-2.27.jar:/home/user/.m2/repository/org/glassfish/jersey/core/jersey-client/2.27/jersey-client-2.27.jar:/home/user/.m2/repository/org/glassfish/jersey/media/jersey-media-jaxb/2.27/jersey-media-jaxb-2.27.jar:/home/user/.m2/repository/javax/validation/validation-api/1.1.0.Final/validation-api-1.1.0.Final.jar:/home/user/.m2/repository/org/glassfish/jersey/media/jersey-media-json-jackson/2.27/jersey-media-json-jackson-2.27.jar:/home/user/.m2/repository/org/glassfish/jersey/ext/jersey-entity-filtering/2.27/jersey-entity-filtering-2.27.jar:/home/user/.m2/repository/com/google/inject/extensions/guice-assistedinject/4.0/guice-assistedinject-4.0.jar:/home/user/.m2/repository/org/jooq/jooq/3.11.10/jooq-3.11.10.jar:/home/user/.m2/repository/org/jooq/jooq-meta/3.11.10/jooq-meta-3.11.10.jar:/home/user/.m2/repository/org/jooq/jooq-codegen/3.11.10/jooq-codegen-3.11.10.jar:/home/user/.m2/repository/com/jolbox/bonecp/0.8.0.RELEASE/bonecp-0.8.0.RELEASE.jar:/home/user/.m2/repository/org/xerial/sqlite-jdbc/3.25.2/sqlite-jdbc-3.25.2.jar:/home/user/.m2/repository/org/springframework/spring-jdbc/5.1.3.RELEASE/spring-jdbc-5.1.3.RELEASE.jar:/home/user/.m2/repository/org/springframework/spring-beans/5.1.3.RELEASE/spring-beans-5.1.3.RELEASE.jar:/home/user/.m2/repository/org/springframework/spring-core/5.1.3.RELEASE/spring-core-5.1.3.RELEASE.jar:/home/user/.m2/repository/org/springframework/spring-jcl/5.1.3.RELEASE/spring-jcl-5.1.3.RELEASE.jar:/home/user/.m2/repository/org/springframework/spring-tx/5.1.3.RELEASE/spring-tx-5.1.3.RELEASE.jar:/home/user/.m2/repository/org/apache/hadoop/hadoop-ozone-client/0.5.0-SNAPSHOT/hadoop-ozone-client-0.5.0-SNAPSHOT.jar:/home/user/.m2/repository/commons-lang/commons-lang/2.6/commons-lang-2.6.jar:/home/user/.m2/repository/org/apache/hadoop/hadoop-ozone-ozone-manager/0.5.0-SNAPSHOT/hadoop-ozone-ozone-manager-0.5.0-SNAPSHOT-tests.jar:/home/user/.m2/repository/junit/junit/4.11/junit-4.11.jar:/home/user/.m2/repository/org/hamcrest/hamcrest-core/1.3/hamcrest-core-1.3.jar:/home/user/.m2/repository/org/openjdk/jmh/jmh-core/1.19/jmh-core-1.19.jar:/home/user/.m2/repository/net/sf/jopt-simple/jopt-simple/4.6/jopt-simple-4.6.jar:/home/user/.m2/repository/org/apache/commons/commons-math3/3.1.1/commons-math3-3.1.1.jar:/home/user/.m2/repository/org/openjdk/jmh/jmh-generator-annprocess/1.19/jmh-generator-annprocess-1.19.jar:/home/user/.m2/repository/org/mockito/mockito-all/1.8.5/mockito-all-1.8.5.jar:/home/user/.m2/repository/org/apache/hadoop/hadoop-kms/3.2.0/hadoop-kms-3.2.0.jar:/home/user/.m2/repository/org/apache/hadoop/hadoop-auth/3.2.0/hadoop-auth-3.2.0.jar:/home/user/.m2/repository/com/nimbusds/nimbus-jose-jwt/4.41.1/nimbus-jose-jwt-4.41.1.jar:/home/user/.m2/repository/com/github/stephenc/jcip/jcip-annotations/1.0-1/jcip-annotations-1.0-1.jar:/home/user/.m2/repository/net/minidev/json-smart/2.3/json-smart-2.3.jar:/home/user/.m2/repository/net/minidev/accessors-smart/1.2/accessors-smart-1.2.jar:/home/user/.m2/repository/org/ow2/asm/asm/5.0.4/asm-5.0.4.jar:/home/user/.m2/repository/org/apache/curator/curator-framework/2.12.0/curator-framework-2.12.0.jar:/home/user/.m2/repository/com/sun/jersey/jersey-core/1.19/jersey-core-1.19.jar:/home/user/.m2/repository/javax/ws/rs/jsr311-api/1.1.1/jsr311-api-1.1.1.jar:/home/user/.m2/repository/com/sun/jersey/jersey-server/1.19/jersey-server-1.19.jar:/home/user/.m2/repository/javax/servlet/javax.servlet-api/3.1.0/javax.servlet-api-3.1.0.jar:/home/user/.m2/repository/org/eclipse/jetty/jetty-server/9.3.24.v20180605/jetty-server-9.3.24.v20180605.jar:/home/user/.m2/repository/org/eclipse/jetty/jetty-http/9.3.24.v20180605/jetty-http-9.3.24.v20180605.jar:/home/user/.m2/repository/org/eclipse/jetty/jetty-io/9.3.24.v20180605/jetty-io-9.3.24.v20180605.jar:/home/user/.m2/repository/org/eclipse/jetty/jetty-webapp/9.3.24.v20180605/jetty-webapp-9.3.24.v20180605.jar:/home/user/.m2/repository/org/eclipse/jetty/jetty-xml/9.3.24.v20180605/jetty-xml-9.3.24.v20180605.jar:/home/user/.m2/repository/log4j/log4j/1.2.17/log4j-1.2.17.jar:/home/user/.m2/repository/org/slf4j/slf4j-api/1.7.25/slf4j-api-1.7.25.jar:/home/user/.m2/repository/org/slf4j/jul-to-slf4j/1.7.25/jul-to-slf4j-1.7.25.jar:/home/user/.m2/repository/org/eclipse/jetty/jetty-util/9.3.24.v20180605/jetty-util-9.3.24.v20180605.jar:/home/user/.m2/repository/com/fasterxml/jackson/core/jackson-databind/2.9.5/jackson-databind-2.9.5.jar:/home/user/.m2/repository/org/apache/hadoop/hadoop-kms/3.2.0/hadoop-kms-3.2.0-tests.jar:/home/user/.m2/repository/org/apache/hadoop/hadoop-hdds-server-scm/0.5.0-SNAPSHOT/hadoop-hdds-server-scm-0.5.0-SNAPSHOT-tests.jar:/home/user/.m2/repository/org/apache/hadoop/hadoop-hdds-container-service/0.5.0-SNAPSHOT/hadoop-hdds-container-service-0.5.0-SNAPSHOT-tests.jar:/home/user/.m2/repository/org/yaml/snakeyaml/1.16/snakeyaml-1.16.jar:/home/user/.m2/repository/org/apache/hadoop/hadoop-common/3.2.0/hadoop-common-3.2.0-tests.jar:/home/user/.m2/repository/org/apache/hadoop/hadoop-annotations/3.2.0/hadoop-annotations-3.2.0.jar:/usr/lib/jvm/java-1.8-openjdk/jre/../lib/tools.jar:/home/user/.m2/repository/commons-cli/commons-cli/1.2/commons-cli-1.2.jar:/home/user/.m2/repository/org/apache/httpcomponents/httpclient/4.5.2/httpclient-4.5.2.jar:/home/user/.m2/repository/org/apache/httpcomponents/httpcore/4.4.4/httpcore-4.4.4.jar:/home/user/.m2/repository/commons-codec/commons-codec/1.11/commons-codec-1.11.jar:/home/user/.m2/repository/commons-net/commons-net/3.6/commons-net-3.6.jar:/home/user/.m2/repository/commons-collections/commons-collections/3.2.2/commons-collections-3.2.2.jar:/home/user/.m2/repository/org/eclipse/jetty/jetty-servlet/9.3.24.v20180605/jetty-servlet-9.3.24.v20180605.jar:/home/user/.m2/repository/org/eclipse/jetty/jetty-security/9.3.24.v20180605/jetty-security-9.3.24.v20180605.jar:/home/user/.m2/repository/javax/servlet/jsp/jsp-api/2.1/jsp-api-2.1.jar:/home/user/.m2/repository/com/sun/jersey/jersey-servlet/1.19/jersey-servlet-1.19.jar:/home/user/.m2/repository/com/sun/jersey/jersey-json/1.19/jersey-json-1.19.jar:/home/user/.m2/repository/org/codehaus/jettison/jettison/1.1/jettison-1.1.jar:/home/user/.m2/repository/org/codehaus/jackson/jackson-core-asl/1.9.13/jackson-core-asl-1.9.13.jar:/home/user/.m2/repository/org/codehaus/jackson/jackson-mapper-asl/1.9.13/jackson-mapper-asl-1.9.13.jar:/home/user/.m2/repository/org/codehaus/jackson/jackson-jaxrs/1.9.13/jackson-jaxrs-1.9.13.jar:/home/user/.m2/repository/org/codehaus/jackson/jackson-xc/1.9.13/jackson-xc-1.9.13.jar:/home/user/.m2/repository/commons-logging/commons-logging/1.1.3/commons-logging-1.1.3.jar:/home/user/.m2/repository/commons-beanutils/commons-beanutils/1.9.3/commons-beanutils-1.9.3.jar:/home/user/.m2/repository/org/apache/commons/commons-configuration2/2.1.1/commons-configuration2-2.1.1.jar:/home/user/.m2/repository/org/apache/commons/commons-lang3/3.7/commons-lang3-3.7.jar:/home/user/.m2/repository/org/apache/commons/commons-text/1.4/commons-text-1.4.jar:/home/user/.m2/repository/org/apache/avro/avro/1.7.7/avro-1.7.7.jar:/home/user/.m2/repository/com/thoughtworks/paranamer/paranamer/2.3/paranamer-2.3.jar:/home/user/.m2/repository/org/xerial/snappy/snappy-java/1.0.5/snappy-java-1.0.5.jar:/home/user/.m2/repository/com/google/re2j/re2j/1.1/re2j-1.1.jar:/home/user/.m2/repository/com/google/code/gson/gson/2.2.4/gson-2.2.4.jar:/home/user/.m2/repository/com/jcraft/jsch/0.1.54/jsch-0.1.54.jar:/home/user/.m2/repository/org/apache/curator/curator-client/2.12.0/curator-client-2.12.0.jar:/home/user/.m2/repository/org/apache/curator/curator-recipes/2.12.0/curator-recipes-2.12.0.jar:/home/user/.m2/repository/com/google/code/findbugs/jsr305/3.0.0/jsr305-3.0.0.jar:/home/user/.m2/repository/org/apache/htrace/htrace-core4/4.1.0-incubating/htrace-core4-4.1.0-incubating.jar:/home/user/.m2/repository/org/apache/zookeeper/zookeeper/3.4.13/zookeeper-3.4.13.jar:/home/user/.m2/repository/org/apache/yetus/audience-annotations/0.5.0/audience-annotations-0.5.0.jar:/home/user/.m2/repository/org/codehaus/woodstox/stax2-api/3.1.4/stax2-api-3.1.4.jar:/home/user/.m2/repository/com/fasterxml/woodstox/woodstox-core/5.0.3/woodstox-core-5.0.3.jar:/home/user/.m2/repository/dnsjava/dnsjava/2.1.7/dnsjava-2.1.7.jar:/home/user/.m2/repository/org/apache/hadoop/hadoop-hdfs/3.2.0/hadoop-hdfs-3.2.0-tests.jar:/home/user/.m2/repository/org/eclipse/jetty/jetty-util-ajax/9.3.24.v20180605/jetty-util-ajax-9.3.24.v20180605.jar:/home/user/.m2/repository/commons-daemon/commons-daemon/1.0.13/commons-daemon-1.0.13.jar:/home/user/.m2/repository/io/netty/netty/3.10.5.Final/netty-3.10.5.Final.jar:/home/user/.m2/repository/io/netty/netty-all/4.0.52.Final/netty-all-4.0.52.Final.jar:/home/user/.m2/repository/org/fusesource/leveldbjni/leveldbjni-all/1.8/leveldbjni-all-1.8.jar:"/>
    <property name="sun.cpu.endian" value="little"/>
    <property name="user.home" value="/home/user"/>
    <property name="user.language" value="en"/>
    <property name="java.specification.vendor" value="Oracle Corporation"/>
    <property name="java.home" value="/usr/lib/jvm/java-1.8-openjdk/jre"/>
    <property name="java.security.krb5.conf" value="/workdir/hadoop-ozone/integration-test/target/test-classes/krb5.conf"/>
    <property name="basedir" value="/workdir/hadoop-ozone/integration-test"/>
    <property name="file.separator" value="/"/>
    <property name="line.separator" value="&#10;"/>
    <property name="java.vm.specification.vendor" value="Oracle Corporation"/>
    <property name="java.specification.name" value="Java Platform API Specification"/>
    <property name="java.awt.graphicsenv" value="sun.awt.X11GraphicsEnvironment"/>
    <property name="surefire.real.class.path" value="/workdir/hadoop-ozone/integration-test/target/surefire/surefirebooter7669806782520450444.jar"/>
    <property name="hadoop.log.dir" value="/workdir/hadoop-ozone/integration-test/target/log"/>
    <property name="sun.boot.class.path" value="/usr/lib/jvm/java-1.8-openjdk/jre/lib/resources.jar:/usr/lib/jvm/java-1.8-openjdk/jre/lib/rt.jar:/usr/lib/jvm/java-1.8-openjdk/jre/lib/sunrsasign.jar:/usr/lib/jvm/java-1.8-openjdk/jre/lib/jsse.jar:/usr/lib/jvm/java-1.8-openjdk/jre/lib/jce.jar:/usr/lib/jvm/java-1.8-openjdk/jre/lib/charsets.jar:/usr/lib/jvm/java-1.8-openjdk/jre/lib/jfr.jar:/usr/lib/jvm/java-1.8-openjdk/jre/classes"/>
    <property name="sun.management.compiler" value="HotSpot 64-Bit Tiered Compilers"/>
    <property name="java.runtime.version" value="1.8.0_212-b04"/>
    <property name="java.net.preferIPv4Stack" value="true"/>
    <property name="user.name" value="jenkins1000"/>
    <property name="path.separator" value=":"/>
    <property name="java.security.egd" value="file:///dev/urandom"/>
    <property name="os.version" value="3.10.0-957.12.2.el7.x86_64"/>
    <property name="java.endorsed.dirs" value="/usr/lib/jvm/java-1.8-openjdk/jre/lib/endorsed"/>
    <property name="java.runtime.name" value="OpenJDK Runtime Environment"/>
    <property name="file.encoding" value="UTF-8"/>
    <property name="java.vm.name" value="OpenJDK 64-Bit Server VM"/>
    <property name="test.build.webapps" value=""/>
    <property name="localRepository" value="/home/user/.m2/repository"/>
    <property name="java.vendor.url.bug" value="https://icedtea.classpath.org/bugzilla"/>
    <property name="java.io.tmpdir" value="/tmp"/>
    <property name="require.test.libhadoop" value=""/>
    <property name="java.version" value="1.8.0_212"/>
    <property name="user.dir" value="/workdir/hadoop-ozone/integration-test"/>
    <property name="os.arch" value="amd64"/>
    <property name="java.vm.specification.name" value="Java Virtual Machine Specification"/>
    <property name="test.build.classes" value="/workdir/hadoop-ozone/integration-test/target/test-classes"/>
    <property name="java.awt.printerjob" value="sun.print.PSPrinterJob"/>
    <property name="sun.os.patch.level" value="unknown"/>
    <property name="hadoop.tmp.dir" value="/workdir/hadoop-ozone/integration-test/target/tmp"/>
    <property name="java.library.path" value="/usr/lib/jvm/java-1.8-openjdk/jre/lib/amd64/server:/usr/lib/jvm/java-1.8-openjdk/jre/lib/amd64:/usr/lib/jvm/java-1.8-openjdk/jre/../lib/amd64:/workdir/hadoop-ozone/integration-test/target/native/target/usr/local/lib:/workdir/hadoop-ozone/integration-test/../../hadoop-common-project/hadoop-common/target/native/target/usr/local/lib:/usr/java/packages/lib/amd64:/usr/lib64:/lib64:/lib:/usr/lib"/>
    <property name="java.vm.info" value="mixed mode"/>
    <property name="java.vendor" value="IcedTea"/>
    <property name="java.vm.version" value="25.212-b04"/>
    <property name="java.ext.dirs" value="/usr/lib/jvm/java-1.8-openjdk/jre/lib/ext:/usr/java/packages/lib/ext"/>
    <property name="sun.io.unicode.encoding" value="UnicodeLittle"/>
    <property name="java.class.version" value="52.0"/>
  </properties>
  <testcase name="testContainerReplication" classname="org.apache.hadoop.ozone.client.rpc.TestContainerReplicationEndToEnd" time="5.164">
    <error message="Failed to update container state #1, reason: invalid state transition from state: CLOSING upon event: FINALIZE." type="org.apache.hadoop.hdds.scm.exceptions.SCMException">org.apache.hadoop.hdds.scm.exceptions.SCMException: Failed to update container state #1, reason: invalid state transition from state: CLOSING upon event: FINALIZE.
	at org.apache.hadoop.hdds.scm.container.ContainerStateManager.updateContainerState(ContainerStateManager.java:336)
	at org.apache.hadoop.hdds.scm.container.SCMContainerManager.updateContainerState(SCMContainerManager.java:312)
	at org.apache.hadoop.ozone.client.rpc.TestContainerReplicationEndToEnd.testContainerReplication(TestContainerReplicationEndToEnd.java:159)
	at sun.reflect.NativeMethodAccessorImpl.invoke0(Native Method)
	at sun.reflect.NativeMethodAccessorImpl.invoke(NativeMethodAccessorImpl.java:62)
	at sun.reflect.DelegatingMethodAccessorImpl.invoke(DelegatingMethodAccessorImpl.java:43)
	at java.lang.reflect.Method.invoke(Method.java:498)
	at org.junit.runners.model.FrameworkMethod$1.runReflectiveCall(FrameworkMethod.java:47)
	at org.junit.internal.runners.model.ReflectiveCallable.run(ReflectiveCallable.java:12)
	at org.junit.runners.model.FrameworkMethod.invokeExplosively(FrameworkMethod.java:44)
	at org.junit.internal.runners.statements.InvokeMethod.evaluate(InvokeMethod.java:17)
	at org.junit.runners.ParentRunner.runLeaf(ParentRunner.java:271)
	at org.junit.runners.BlockJUnit4ClassRunner.runChild(BlockJUnit4ClassRunner.java:70)
	at org.junit.runners.BlockJUnit4ClassRunner.runChild(BlockJUnit4ClassRunner.java:50)
	at org.junit.runners.ParentRunner$3.run(ParentRunner.java:238)
	at org.junit.runners.ParentRunner$1.schedule(ParentRunner.java:63)
	at org.junit.runners.ParentRunner.runChildren(ParentRunner.java:236)
	at org.junit.runners.ParentRunner.access$000(ParentRunner.java:53)
	at org.junit.runners.ParentRunner$2.evaluate(ParentRunner.java:229)
	at org.junit.internal.runners.statements.RunBefores.evaluate(RunBefores.java:26)
	at org.junit.internal.runners.statements.RunAfters.evaluate(RunAfters.java:27)
	at org.junit.runners.ParentRunner.run(ParentRunner.java:309)
	at org.apache.maven.surefire.junit4.JUnit4Provider.execute(JUnit4Provider.java:365)
	at org.apache.maven.surefire.junit4.JUnit4Provider.executeWithRerun(JUnit4Provider.java:273)
	at org.apache.maven.surefire.junit4.JUnit4Provider.executeTestSet(JUnit4Provider.java:238)
	at org.apache.maven.surefire.junit4.JUnit4Provider.invoke(JUnit4Provider.java:159)
	at org.apache.maven.surefire.booter.ForkedBooter.invokeProviderInSameClassLoader(ForkedBooter.java:384)
	at org.apache.maven.surefire.booter.ForkedBooter.runSuitesInProcess(ForkedBooter.java:345)
	at org.apache.maven.surefire.booter.ForkedBooter.execute(ForkedBooter.java:126)
	at org.apache.maven.surefire.booter.ForkedBooter.main(ForkedBooter.java:418)
</error>
    <system-out><![CDATA[2019-09-16 16:35:48,954 [main] WARN  server.ServerUtils (ServerUtils.java:getScmDbDir(145)) - ozone.scm.db.dirs is not configured. We recommend adding this setting. Falling back to ozone.metadata.dirs instead.
2019-09-16 16:35:49,058 [main] WARN  server.ServerUtils (ServerUtils.java:getScmDbDir(145)) - ozone.scm.db.dirs is not configured. We recommend adding this setting. Falling back to ozone.metadata.dirs instead.
2019-09-16 16:35:49,062 [main] WARN  server.ServerUtils (ServerUtils.java:getScmDbDir(145)) - ozone.scm.db.dirs is not configured. We recommend adding this setting. Falling back to ozone.metadata.dirs instead.
2019-09-16 16:35:49,077 [main] INFO  util.log (Log.java:initialized(192)) - Logging initialized @991ms
2019-09-16 16:35:49,163 [main] INFO  db.DBStoreBuilder (DBStoreBuilder.java:addTable(110)) - using custom profile for table: deletedBlocks
2019-09-16 16:35:49,163 [main] INFO  db.DBStoreBuilder (DBStoreBuilder.java:processTables(161)) - Using default column profile:DBProfile.DISK for Table:deletedBlocks
2019-09-16 16:35:49,164 [main] INFO  db.DBStoreBuilder (DBStoreBuilder.java:addTable(110)) - using custom profile for table: validCerts
2019-09-16 16:35:49,164 [main] INFO  db.DBStoreBuilder (DBStoreBuilder.java:processTables(161)) - Using default column profile:DBProfile.DISK for Table:validCerts
2019-09-16 16:35:49,164 [main] INFO  db.DBStoreBuilder (DBStoreBuilder.java:addTable(110)) - using custom profile for table: revokedCerts
2019-09-16 16:35:49,164 [main] INFO  db.DBStoreBuilder (DBStoreBuilder.java:processTables(161)) - Using default column profile:DBProfile.DISK for Table:revokedCerts
2019-09-16 16:35:49,174 [main] INFO  db.DBStoreBuilder (DBStoreBuilder.java:addTable(110)) - using custom profile for table: default
2019-09-16 16:35:49,175 [main] INFO  db.DBStoreBuilder (DBStoreBuilder.java:processTables(167)) - Using default column profile:DBProfile.DISK for Table:default
2019-09-16 16:35:49,176 [main] INFO  db.DBStoreBuilder (DBStoreBuilder.java:getDbProfile(198)) - Using default options. DBProfile.DISK
2019-09-16 16:35:49,410 [main] INFO  net.NodeSchemaLoader (NodeSchemaLoader.java:loadSchemaFromFile(125)) - Loading file from sun.misc.CompoundEnumeration@4218d6a3
2019-09-16 16:35:49,412 [main] INFO  net.NodeSchemaLoader (NodeSchemaLoader.java:loadSchema(171)) - Loading network topology layer schema file
2019-09-16 16:35:49,485 [main] INFO  node.SCMNodeManager (SCMNodeManager.java:<init>(114)) - Entering startup safe mode.
2019-09-16 16:35:49,560 [main] INFO  algorithms.ContainerPlacementPolicyFactory (ContainerPlacementPolicyFactory.java:getPolicy(57)) - Create container placement policy of type org.apache.hadoop.hdds.scm.container.placement.algorithms.SCMContainerPlacementRandom
2019-09-16 16:35:49,575 [main] WARN  server.ServerUtils (ServerUtils.java:getScmDbDir(145)) - ozone.scm.db.dirs is not configured. We recommend adding this setting. Falling back to ozone.metadata.dirs instead.
2019-09-16 16:35:49,633 [main] INFO  pipeline.SCMPipelineManager (SCMPipelineManager.java:initializePipelineState(128)) - No pipeline exists in current db
2019-09-16 16:35:49,635 [main] WARN  server.ServerUtils (ServerUtils.java:getScmDbDir(145)) - ozone.scm.db.dirs is not configured. We recommend adding this setting. Falling back to ozone.metadata.dirs instead.
2019-09-16 16:35:49,709 [main] INFO  Configuration.deprecation (Configuration.java:logDeprecation(1394)) - No unit for hdds.scm.replication.thread.interval(2000) assuming MILLISECONDS
2019-09-16 16:35:49,735 [main] WARN  events.EventQueue (EventQueue.java:fireEvent(183)) - No event handler registered for event TypedEvent{payloadType=SafeModeStatus, name='SafeModeStatus'}
2019-09-16 16:35:50,118 [main] INFO  ipc.CallQueueManager (CallQueueManager.java:<init>(84)) - Using callQueue: class java.util.concurrent.LinkedBlockingQueue, queueCapacity: 2000, scheduler: class org.apache.hadoop.ipc.DefaultRpcScheduler, ipcBackoff: false.
2019-09-16 16:35:50,146 [Socket Reader #1 for port 44617] INFO  ipc.Server (Server.java:run(1074)) - Starting Socket Reader #1 for port 44617
2019-09-16 16:35:50,308 [main] INFO  ipc.CallQueueManager (CallQueueManager.java:<init>(84)) - Using callQueue: class java.util.concurrent.LinkedBlockingQueue, queueCapacity: 2000, scheduler: class org.apache.hadoop.ipc.DefaultRpcScheduler, ipcBackoff: false.
2019-09-16 16:35:50,310 [Socket Reader #1 for port 42341] INFO  ipc.Server (Server.java:run(1074)) - Starting Socket Reader #1 for port 42341
2019-09-16 16:35:50,322 [main] INFO  ipc.CallQueueManager (CallQueueManager.java:<init>(84)) - Using callQueue: class java.util.concurrent.LinkedBlockingQueue, queueCapacity: 2000, scheduler: class org.apache.hadoop.ipc.DefaultRpcScheduler, ipcBackoff: false.
2019-09-16 16:35:50,323 [Socket Reader #1 for port 45896] INFO  ipc.Server (Server.java:run(1074)) - Starting Socket Reader #1 for port 45896
2019-09-16 16:35:50,352 [main] INFO  hdfs.DFSUtil (DFSUtil.java:httpServerTemplateForNNAndJN(1641)) - Starting Web-server for scm at: http://0.0.0.0:0
2019-09-16 16:35:50,538 [main] INFO  server.AuthenticationFilter (AuthenticationFilter.java:constructSecretProvider(240)) - Unable to initialize FileSignerSecretProvider, falling back to use random secrets.
2019-09-16 16:35:50,548 [main] WARN  http.HttpRequestLog (HttpRequestLog.java:getRequestLog(97)) - Jetty request log can only be enabled using Log4j
2019-09-16 16:35:50,557 [main] INFO  http.HttpServer2 (HttpServer2.java:addGlobalFilter(975)) - Added global filter 'safety' (class=org.apache.hadoop.http.HttpServer2$QuotingInputFilter)
2019-09-16 16:35:50,560 [main] INFO  http.HttpServer2 (HttpServer2.java:addFilter(948)) - Added filter static_user_filter (class=org.apache.hadoop.http.lib.StaticUserWebFilter$StaticUserFilter) to context scm
2019-09-16 16:35:50,561 [main] INFO  http.HttpServer2 (HttpServer2.java:addFilter(958)) - Added filter static_user_filter (class=org.apache.hadoop.http.lib.StaticUserWebFilter$StaticUserFilter) to context static
2019-09-16 16:35:50,561 [main] INFO  http.HttpServer2 (HttpServer2.java:addFilter(958)) - Added filter static_user_filter (class=org.apache.hadoop.http.lib.StaticUserWebFilter$StaticUserFilter) to context logs
2019-09-16 16:35:50,598 [main] INFO  server.StorageContainerManager (StorageContainerManager.java:start(763)) - StorageContainerLocationProtocol RPC server is listening at /0.0.0.0:45896
2019-09-16 16:35:50,679 [main] WARN  impl.MetricsConfig (MetricsConfig.java:loadFirst(134)) - Cannot locate configuration: tried hadoop-metrics2-storagecontainermanager.properties,hadoop-metrics2.properties
2019-09-16 16:35:50,694 [main] INFO  impl.MetricsSystemImpl (MetricsSystemImpl.java:startTimer(374)) - Scheduled Metric snapshot period at 10 second(s).
2019-09-16 16:35:50,694 [main] INFO  impl.MetricsSystemImpl (MetricsSystemImpl.java:start(191)) - StorageContainerManager metrics system started
2019-09-16 16:35:50,934 [main] INFO  server.SCMClientProtocolServer (SCMClientProtocolServer.java:start(151)) - RPC server for Client  is listening at /0.0.0.0:45896
2019-09-16 16:35:50,935 [IPC Server Responder] INFO  ipc.Server (Server.java:run(1314)) - IPC Server Responder: starting
2019-09-16 16:35:50,935 [IPC Server listener on 45896] INFO  ipc.Server (Server.java:run(1153)) - IPC Server listener on 45896: starting
2019-09-16 16:35:50,939 [main] INFO  server.StorageContainerManager (StorageContainerManager.java:start(773)) - ScmBlockLocationProtocol RPC server is listening at /0.0.0.0:42341
2019-09-16 16:35:50,941 [main] INFO  server.SCMBlockProtocolServer (SCMBlockProtocolServer.java:start(146)) - RPC server for Block Protocol is listening at /0.0.0.0:42341
2019-09-16 16:35:50,941 [IPC Server Responder] INFO  ipc.Server (Server.java:run(1314)) - IPC Server Responder: starting
2019-09-16 16:35:50,941 [IPC Server listener on 42341] INFO  ipc.Server (Server.java:run(1153)) - IPC Server listener on 42341: starting
2019-09-16 16:35:50,944 [main] INFO  server.StorageContainerManager (StorageContainerManager.java:start(777)) - ScmDatanodeProtocl RPC server is listening at /0.0.0.0:44617
2019-09-16 16:35:50,944 [main] INFO  server.SCMDatanodeProtocolServer (SCMDatanodeProtocolServer.java:start(191)) - RPC server for DataNodes is listening at /0.0.0.0:44617
2019-09-16 16:35:50,944 [IPC Server Responder] INFO  ipc.Server (Server.java:run(1314)) - IPC Server Responder: starting
2019-09-16 16:35:50,944 [IPC Server listener on 44617] INFO  ipc.Server (Server.java:run(1153)) - IPC Server listener on 44617: starting
2019-09-16 16:35:50,949 [main] INFO  http.HttpServer2 (HttpServer2.java:bindListener(1191)) - Jetty bound to port 38608
2019-09-16 16:35:50,951 [main] INFO  server.Server (Server.java:doStart(351)) - jetty-9.3.24.v20180605, build timestamp: 2018-06-05T17:11:56Z, git hash: 84205aa28f11a4f31f2a3b86d1bba2cc8ab69827
2019-09-16 16:35:50,998 [main] INFO  handler.ContextHandler (ContextHandler.java:doStart(781)) - Started o.e.j.s.ServletContextHandler@45815ffc{/logs,file:///workdir/hadoop-ozone/integration-test/target/log,AVAILABLE}
2019-09-16 16:35:50,999 [main] INFO  handler.ContextHandler (ContextHandler.java:doStart(781)) - Started o.e.j.s.ServletContextHandler@d3957fe{/static,file:///workdir/hadoop-ozone/integration-test/target/test-classes/webapps/static,AVAILABLE}
2019-09-16 16:35:51,041 [main] INFO  handler.ContextHandler (ContextHandler.java:doStart(781)) - Started o.e.j.w.WebAppContext@4cc547a{/,file:///workdir/hadoop-ozone/integration-test/target/test-classes/webapps/scm/,AVAILABLE}{/scm}
2019-09-16 16:35:51,047 [main] INFO  server.AbstractConnector (AbstractConnector.java:doStart(278)) - Started ServerConnector@3574e198{HTTP/1.1,[http/1.1]}{0.0.0.0:38608}
2019-09-16 16:35:51,048 [main] INFO  server.Server (Server.java:doStart(419)) - Started @2962ms
2019-09-16 16:35:51,050 [main] INFO  impl.MetricsSinkAdapter (MetricsSinkAdapter.java:start(204)) - Sink prometheus started
2019-09-16 16:35:51,050 [main] INFO  impl.MetricsSystemImpl (MetricsSystemImpl.java:registerSink(301)) - Registered sink prometheus
2019-09-16 16:35:51,052 [main] INFO  server.BaseHttpServer (BaseHttpServer.java:updateConnectorAddress(215)) - HTTP server of SCM is listening at http://0.0.0.0:38608
2019-09-16 16:35:51,061 [org.apache.hadoop.util.JvmPauseMonitor$Monitor@67427b69] INFO  util.JvmPauseMonitor (JvmPauseMonitor.java:run(188)) - Starting JVM pause monitor
2019-09-16 16:35:51,066 [main] WARN  server.ServerUtils (ServerUtils.java:getDBPath(222)) - ozone.om.db.dirs is not configured. We recommend adding this setting. Falling back to ozone.metadata.dirs instead.
2019-09-16 16:35:51,204 [main] WARN  server.ServerUtils (ServerUtils.java:getDBPath(222)) - ozone.om.db.dirs is not configured. We recommend adding this setting. Falling back to ozone.metadata.dirs instead.
2019-09-16 16:35:51,204 [main] WARN  server.ServerUtils (ServerUtils.java:getDBPath(222)) - ozone.om.db.dirs is not configured. We recommend adding this setting. Falling back to ozone.metadata.dirs instead.
2019-09-16 16:35:51,205 [main] INFO  om.OzoneManager (OzoneManager.java:setOMNodeDetails(649)) - OM Service ID is not set. Setting it to the default ID: omServiceIdDefault
2019-09-16 16:35:51,206 [main] INFO  om.OzoneManager (OzoneManager.java:setOMNodeDetails(655)) - OM Node ID is not set. Setting it to the OmStorage's OmID: ffdc646b-a818-4745-ac2d-f53efc77f43e
2019-09-16 16:35:51,207 [main] INFO  om.OzoneManager (OzoneManager.java:loadOMHAConfigs(606)) - Found matching OM address with OMServiceId: null, OMNodeId: null, RPC Address: localhost:0 and Ratis port: 9872
2019-09-16 16:35:51,957 [main] WARN  server.ServerUtils (ServerUtils.java:getDBPath(222)) - ozone.om.db.dirs is not configured. We recommend adding this setting. Falling back to ozone.metadata.dirs instead.
2019-09-16 16:35:51,965 [main] INFO  db.DBStoreBuilder (DBStoreBuilder.java:addTable(110)) - using custom profile for table: userTable
2019-09-16 16:35:51,966 [main] INFO  db.DBStoreBuilder (DBStoreBuilder.java:processTables(161)) - Using default column profile:DBProfile.DISK for Table:userTable
2019-09-16 16:35:51,966 [main] INFO  db.DBStoreBuilder (DBStoreBuilder.java:addTable(110)) - using custom profile for table: volumeTable
2019-09-16 16:35:51,966 [main] INFO  db.DBStoreBuilder (DBStoreBuilder.java:processTables(161)) - Using default column profile:DBProfile.DISK for Table:volumeTable
2019-09-16 16:35:51,966 [main] INFO  db.DBStoreBuilder (DBStoreBuilder.java:addTable(110)) - using custom profile for table: bucketTable
2019-09-16 16:35:51,967 [main] INFO  db.DBStoreBuilder (DBStoreBuilder.java:processTables(161)) - Using default column profile:DBProfile.DISK for Table:bucketTable
2019-09-16 16:35:51,967 [main] INFO  db.DBStoreBuilder (DBStoreBuilder.java:addTable(110)) - using custom profile for table: keyTable
2019-09-16 16:35:51,967 [main] INFO  db.DBStoreBuilder (DBStoreBuilder.java:processTables(161)) - Using default column profile:DBProfile.DISK for Table:keyTable
2019-09-16 16:35:51,967 [main] INFO  db.DBStoreBuilder (DBStoreBuilder.java:addTable(110)) - using custom profile for table: deletedTable
2019-09-16 16:35:51,968 [main] INFO  db.DBStoreBuilder (DBStoreBuilder.java:processTables(161)) - Using default column profile:DBProfile.DISK for Table:deletedTable
2019-09-16 16:35:51,968 [main] INFO  db.DBStoreBuilder (DBStoreBuilder.java:addTable(110)) - using custom profile for table: openKeyTable
2019-09-16 16:35:51,968 [main] INFO  db.DBStoreBuilder (DBStoreBuilder.java:processTables(161)) - Using default column profile:DBProfile.DISK for Table:openKeyTable
2019-09-16 16:35:51,968 [main] INFO  db.DBStoreBuilder (DBStoreBuilder.java:addTable(110)) - using custom profile for table: s3Table
2019-09-16 16:35:51,969 [main] INFO  db.DBStoreBuilder (DBStoreBuilder.java:processTables(161)) - Using default column profile:DBProfile.DISK for Table:s3Table
2019-09-16 16:35:51,969 [main] INFO  db.DBStoreBuilder (DBStoreBuilder.java:addTable(110)) - using custom profile for table: multipartInfoTable
2019-09-16 16:35:51,969 [main] INFO  db.DBStoreBuilder (DBStoreBuilder.java:processTables(161)) - Using default column profile:DBProfile.DISK for Table:multipartInfoTable
2019-09-16 16:35:51,969 [main] INFO  db.DBStoreBuilder (DBStoreBuilder.java:addTable(110)) - using custom profile for table: dTokenTable
2019-09-16 16:35:51,969 [main] INFO  db.DBStoreBuilder (DBStoreBuilder.java:processTables(161)) - Using default column profile:DBProfile.DISK for Table:dTokenTable
2019-09-16 16:35:51,970 [main] INFO  db.DBStoreBuilder (DBStoreBuilder.java:addTable(110)) - using custom profile for table: s3SecretTable
2019-09-16 16:35:51,970 [main] INFO  db.DBStoreBuilder (DBStoreBuilder.java:processTables(161)) - Using default column profile:DBProfile.DISK for Table:s3SecretTable
2019-09-16 16:35:51,970 [main] INFO  db.DBStoreBuilder (DBStoreBuilder.java:addTable(110)) - using custom profile for table: prefixTable
2019-09-16 16:35:51,971 [main] INFO  db.DBStoreBuilder (DBStoreBuilder.java:processTables(161)) - Using default column profile:DBProfile.DISK for Table:prefixTable
2019-09-16 16:35:51,971 [main] INFO  db.DBStoreBuilder (DBStoreBuilder.java:addTable(110)) - using custom profile for table: default
2019-09-16 16:35:51,971 [main] INFO  db.DBStoreBuilder (DBStoreBuilder.java:processTables(167)) - Using default column profile:DBProfile.DISK for Table:default
2019-09-16 16:35:51,971 [main] INFO  db.DBStoreBuilder (DBStoreBuilder.java:getDbProfile(198)) - Using default options. DBProfile.DISK
2019-09-16 16:35:52,455 [main] INFO  ipc.CallQueueManager (CallQueueManager.java:<init>(84)) - Using callQueue: class java.util.concurrent.LinkedBlockingQueue, queueCapacity: 2000, scheduler: class org.apache.hadoop.ipc.DefaultRpcScheduler, ipcBackoff: false.
2019-09-16 16:35:52,456 [Socket Reader #1 for port 35015] INFO  ipc.Server (Server.java:run(1074)) - Starting Socket Reader #1 for port 35015
2019-09-16 16:35:52,478 [main] INFO  om.OzoneManager (OzoneManager.java:start(1240)) - OzoneManager RPC server is listening at localhost/127.0.0.1:35015
2019-09-16 16:35:52,478 [main] INFO  impl.MetricsSystemImpl (MetricsSystemImpl.java:init(158)) - OzoneManager metrics system started (again)
2019-09-16 16:35:52,479 [IPC Server Responder] INFO  ipc.Server (Server.java:run(1314)) - IPC Server Responder: starting
2019-09-16 16:35:52,480 [IPC Server listener on 35015] INFO  ipc.Server (Server.java:run(1153)) - IPC Server listener on 35015: starting
2019-09-16 16:35:52,486 [main] INFO  hdfs.DFSUtil (DFSUtil.java:httpServerTemplateForNNAndJN(1641)) - Starting Web-server for ozoneManager at: http://0.0.0.0:0
2019-09-16 16:35:52,488 [main] INFO  server.AuthenticationFilter (AuthenticationFilter.java:constructSecretProvider(240)) - Unable to initialize FileSignerSecretProvider, falling back to use random secrets.
2019-09-16 16:35:52,489 [main] WARN  http.HttpRequestLog (HttpRequestLog.java:getRequestLog(97)) - Jetty request log can only be enabled using Log4j
2019-09-16 16:35:52,492 [main] INFO  http.HttpServer2 (HttpServer2.java:addGlobalFilter(975)) - Added global filter 'safety' (class=org.apache.hadoop.http.HttpServer2$QuotingInputFilter)
2019-09-16 16:35:52,493 [main] INFO  http.HttpServer2 (HttpServer2.java:addFilter(948)) - Added filter static_user_filter (class=org.apache.hadoop.http.lib.StaticUserWebFilter$StaticUserFilter) to context ozoneManager
2019-09-16 16:35:52,493 [main] INFO  http.HttpServer2 (HttpServer2.java:addFilter(958)) - Added filter static_user_filter (class=org.apache.hadoop.http.lib.StaticUserWebFilter$StaticUserFilter) to context logs
2019-09-16 16:35:52,493 [main] INFO  http.HttpServer2 (HttpServer2.java:addFilter(958)) - Added filter static_user_filter (class=org.apache.hadoop.http.lib.StaticUserWebFilter$StaticUserFilter) to context static
2019-09-16 16:35:52,496 [main] INFO  http.HttpServer2 (HttpServer2.java:bindListener(1191)) - Jetty bound to port 35296
2019-09-16 16:35:52,496 [main] INFO  server.Server (Server.java:doStart(351)) - jetty-9.3.24.v20180605, build timestamp: 2018-06-05T17:11:56Z, git hash: 84205aa28f11a4f31f2a3b86d1bba2cc8ab69827
2019-09-16 16:35:52,499 [main] INFO  handler.ContextHandler (ContextHandler.java:doStart(781)) - Started o.e.j.s.ServletContextHandler@6c37bd27{/logs,file:///workdir/hadoop-ozone/integration-test/target/log,AVAILABLE}
2019-09-16 16:35:52,500 [main] INFO  handler.ContextHandler (ContextHandler.java:doStart(781)) - Started o.e.j.s.ServletContextHandler@30331109{/static,file:///workdir/hadoop-ozone/integration-test/target/test-classes/webapps/static,AVAILABLE}
2019-09-16 16:35:52,506 [main] INFO  handler.ContextHandler (ContextHandler.java:doStart(781)) - Started o.e.j.w.WebAppContext@66e889df{/,file:///workdir/hadoop-ozone/integration-test/target/test-classes/webapps/ozoneManager/,AVAILABLE}{/ozoneManager}
2019-09-16 16:35:52,507 [main] INFO  server.AbstractConnector (AbstractConnector.java:doStart(278)) - Started ServerConnector@444548a0{HTTP/1.1,[http/1.1]}{0.0.0.0:35296}
2019-09-16 16:35:52,508 [main] INFO  server.Server (Server.java:doStart(419)) - Started @4422ms
2019-09-16 16:35:52,508 [main] WARN  impl.MetricsSystemImpl (MetricsSystemImpl.java:register(276)) - Sink prometheus already exists!
2019-09-16 16:35:52,509 [main] INFO  server.BaseHttpServer (BaseHttpServer.java:updateConnectorAddress(215)) - HTTP server of OZONEMANAGER is listening at http://0.0.0.0:35296
2019-09-16 16:35:52,886 [main] INFO  impl.MetricsSystemImpl (MetricsSystemImpl.java:init(158)) - HddsDatanode metrics system started (again)
2019-09-16 16:35:52,944 [main] INFO  ozone.HddsDatanodeService (HddsDatanodeService.java:start(184)) - HddsDatanodeService host:pr-hdds-2120-x62sn-1884063469 ip:192.168.157.233
2019-09-16 16:35:52,985 [main] INFO  volume.HddsVolume (HddsVolume.java:<init>(176)) - Creating Volume: /workdir/hadoop-ozone/integration-test/target/test-dir/MiniOzoneClusterImpl-22bfdc7d-05d0-4d53-9e2d-a03578d1348a/datanode-0/data/containers/hdds of  storage type : DISK and capacity : 1482555576320
2019-09-16 16:35:52,988 [main] INFO  volume.VolumeSet (VolumeSet.java:initializeVolumeSet(170)) - Added Volume : /workdir/hadoop-ozone/integration-test/target/test-dir/MiniOzoneClusterImpl-22bfdc7d-05d0-4d53-9e2d-a03578d1348a/datanode-0/data/containers/hdds to VolumeSet
2019-09-16 16:35:52,992 [main] INFO  volume.ThrottledAsyncChecker (ThrottledAsyncChecker.java:schedule(139)) - Scheduling a check for org.apache.hadoop.ozone.container.common.volume.HddsVolume@3c6aa04a
2019-09-16 16:35:53,012 [main] INFO  volume.HddsVolumeChecker (HddsVolumeChecker.java:checkAllVolumes(202)) - Scheduled health check for volume org.apache.hadoop.ozone.container.common.volume.HddsVolume@3c6aa04a
2019-09-16 16:35:53,134 [main] INFO  impl.RaftServerProxy (ConfUtils.java:logGet(43)) - raft.rpc.type = GRPC (default)
2019-09-16 16:35:53,214 [main] INFO  grpc.GrpcFactory (GrpcFactory.java:checkPooledByteBufAllocatorUseCacheForAllThreads(45)) - PERFORMANCE WARNING: useCacheForAllThreads is true that may cause Netty to create a lot garbage objects and, as a result, trigger GC.
	It is recommended to disable useCacheForAllThreads by setting -Dorg.apache.ratis.thirdparty.io.netty.allocator.useCacheForAllThreads=false in command line.
2019-09-16 16:35:53,219 [main] INFO  grpc.GrpcConfigKeys$Server (ConfUtils.java:logGet(43)) - raft.grpc.server.port = 0 (default)
2019-09-16 16:35:53,220 [main] INFO  server.GrpcService (ConfUtils.java:logGet(43)) - raft.grpc.message.size.max = 33570816 (custom)
2019-09-16 16:35:53,221 [main] INFO  server.RaftServerConfigKeys (ConfUtils.java:logGet(43)) - raft.server.log.appender.buffer.byte-limit = 33554432 (custom)
2019-09-16 16:35:53,222 [main] INFO  server.GrpcService (ConfUtils.java:logGet(43)) - raft.grpc.flow.control.window = 1MB (=1048576) (default)
2019-09-16 16:35:53,223 [main] INFO  server.RaftServerConfigKeys (ConfUtils.java:logGet(43)) - raft.server.rpc.request.timeout = 3000ms (default)
2019-09-16 16:35:53,384 [main] INFO  server.RaftServerConfigKeys (ConfUtils.java:logGet(43)) - raft.server.storage.dir = [/workdir/hadoop-ozone/integration-test/target/test-dir/MiniOzoneClusterImpl-22bfdc7d-05d0-4d53-9e2d-a03578d1348a/datanode-0/data/ratis] (custom)
2019-09-16 16:35:53,440 [main] INFO  hdfs.DFSUtil (DFSUtil.java:httpServerTemplateForNNAndJN(1641)) - Starting Web-server for hddsDatanode at: http://0.0.0.0:0
2019-09-16 16:35:53,443 [main] INFO  server.AuthenticationFilter (AuthenticationFilter.java:constructSecretProvider(240)) - Unable to initialize FileSignerSecretProvider, falling back to use random secrets.
2019-09-16 16:35:53,444 [main] WARN  http.HttpRequestLog (HttpRequestLog.java:getRequestLog(97)) - Jetty request log can only be enabled using Log4j
2019-09-16 16:35:53,448 [main] INFO  http.HttpServer2 (HttpServer2.java:addGlobalFilter(975)) - Added global filter 'safety' (class=org.apache.hadoop.http.HttpServer2$QuotingInputFilter)
2019-09-16 16:35:53,449 [main] INFO  http.HttpServer2 (HttpServer2.java:addFilter(948)) - Added filter static_user_filter (class=org.apache.hadoop.http.lib.StaticUserWebFilter$StaticUserFilter) to context hddsDatanode
2019-09-16 16:35:53,449 [main] INFO  http.HttpServer2 (HttpServer2.java:addFilter(958)) - Added filter static_user_filter (class=org.apache.hadoop.http.lib.StaticUserWebFilter$StaticUserFilter) to context logs
2019-09-16 16:35:53,450 [main] INFO  http.HttpServer2 (HttpServer2.java:addFilter(958)) - Added filter static_user_filter (class=org.apache.hadoop.http.lib.StaticUserWebFilter$StaticUserFilter) to context static
2019-09-16 16:35:53,451 [main] INFO  http.HttpServer2 (HttpServer2.java:bindListener(1191)) - Jetty bound to port 40581
2019-09-16 16:35:53,451 [main] INFO  server.Server (Server.java:doStart(351)) - jetty-9.3.24.v20180605, build timestamp: 2018-06-05T17:11:56Z, git hash: 84205aa28f11a4f31f2a3b86d1bba2cc8ab69827
2019-09-16 16:35:53,455 [main] INFO  handler.ContextHandler (ContextHandler.java:doStart(781)) - Started o.e.j.s.ServletContextHandler@38d17d80{/logs,file:///workdir/hadoop-ozone/integration-test/target/log,AVAILABLE}
2019-09-16 16:35:53,456 [main] INFO  handler.ContextHandler (ContextHandler.java:doStart(781)) - Started o.e.j.s.ServletContextHandler@66273da0{/static,jar:file:/home/user/.m2/repository/org/apache/hadoop/hadoop-hdds-container-service/0.5.0-SNAPSHOT/hadoop-hdds-container-service-0.5.0-SNAPSHOT.jar!/webapps/static,AVAILABLE}
2019-09-16 16:35:53,506 [main] INFO  handler.ContextHandler (ContextHandler.java:doStart(781)) - Started o.e.j.w.WebAppContext@26f46fa6{/,file:///tmp/jetty-0.0.0.0-40581-hddsDatanode-_-any-1820966468798145992.dir/webapp/,AVAILABLE}{/hddsDatanode}
2019-09-16 16:35:53,507 [main] INFO  server.AbstractConnector (AbstractConnector.java:doStart(278)) - Started ServerConnector@227a47{HTTP/1.1,[http/1.1]}{0.0.0.0:40581}
2019-09-16 16:35:53,508 [main] INFO  server.Server (Server.java:doStart(419)) - Started @5422ms
2019-09-16 16:35:53,509 [main] WARN  impl.MetricsSystemImpl (MetricsSystemImpl.java:register(276)) - Sink prometheus already exists!
2019-09-16 16:35:53,510 [main] INFO  server.BaseHttpServer (BaseHttpServer.java:updateConnectorAddress(215)) - HTTP server of HDDSDATANODE is listening at http://0.0.0.0:40581
2019-09-16 16:35:53,511 [main] INFO  impl.MetricsSystemImpl (MetricsSystemImpl.java:init(158)) - HddsDatanode metrics system started (again)
2019-09-16 16:35:53,514 [main] INFO  ozone.HddsDatanodeService (HddsDatanodeService.java:start(184)) - HddsDatanodeService host:pr-hdds-2120-x62sn-1884063469 ip:192.168.157.233
2019-09-16 16:35:53,517 [org.apache.hadoop.util.JvmPauseMonitor$Monitor@1686b67b] INFO  util.JvmPauseMonitor (JvmPauseMonitor.java:run(188)) - Starting JVM pause monitor
2019-09-16 16:35:53,527 [main] INFO  volume.HddsVolume (HddsVolume.java:<init>(176)) - Creating Volume: /workdir/hadoop-ozone/integration-test/target/test-dir/MiniOzoneClusterImpl-22bfdc7d-05d0-4d53-9e2d-a03578d1348a/datanode-1/data/containers/hdds of  storage type : DISK and capacity : 1482555576320
2019-09-16 16:35:53,527 [main] INFO  volume.VolumeSet (VolumeSet.java:initializeVolumeSet(170)) - Added Volume : /workdir/hadoop-ozone/integration-test/target/test-dir/MiniOzoneClusterImpl-22bfdc7d-05d0-4d53-9e2d-a03578d1348a/datanode-1/data/containers/hdds to VolumeSet
2019-09-16 16:35:53,528 [main] INFO  volume.ThrottledAsyncChecker (ThrottledAsyncChecker.java:schedule(139)) - Scheduling a check for org.apache.hadoop.ozone.container.common.volume.HddsVolume@a66e580
2019-09-16 16:35:53,529 [main] INFO  volume.HddsVolumeChecker (HddsVolumeChecker.java:checkAllVolumes(202)) - Scheduled health check for volume org.apache.hadoop.ozone.container.common.volume.HddsVolume@a66e580
2019-09-16 16:35:53,549 [main] INFO  impl.RaftServerProxy (ConfUtils.java:logGet(43)) - raft.rpc.type = GRPC (default)
2019-09-16 16:35:53,550 [main] INFO  grpc.GrpcFactory (GrpcFactory.java:checkPooledByteBufAllocatorUseCacheForAllThreads(45)) - PERFORMANCE WARNING: useCacheForAllThreads is true that may cause Netty to create a lot garbage objects and, as a result, trigger GC.
	It is recommended to disable useCacheForAllThreads by setting -Dorg.apache.ratis.thirdparty.io.netty.allocator.useCacheForAllThreads=false in command line.
2019-09-16 16:35:53,550 [main] INFO  grpc.GrpcConfigKeys$Server (ConfUtils.java:logGet(43)) - raft.grpc.server.port = 0 (default)
2019-09-16 16:35:53,550 [main] INFO  server.GrpcService (ConfUtils.java:logGet(43)) - raft.grpc.message.size.max = 33570816 (custom)
2019-09-16 16:35:53,551 [main] INFO  server.RaftServerConfigKeys (ConfUtils.java:logGet(43)) - raft.server.log.appender.buffer.byte-limit = 33554432 (custom)
2019-09-16 16:35:53,551 [main] INFO  server.GrpcService (ConfUtils.java:logGet(43)) - raft.grpc.flow.control.window = 1MB (=1048576) (default)
2019-09-16 16:35:53,551 [main] INFO  server.RaftServerConfigKeys (ConfUtils.java:logGet(43)) - raft.server.rpc.request.timeout = 3000ms (default)
2019-09-16 16:35:53,552 [main] INFO  server.RaftServerConfigKeys (ConfUtils.java:logGet(43)) - raft.server.storage.dir = [/workdir/hadoop-ozone/integration-test/target/test-dir/MiniOzoneClusterImpl-22bfdc7d-05d0-4d53-9e2d-a03578d1348a/datanode-1/data/ratis] (custom)
2019-09-16 16:35:53,554 [main] INFO  hdfs.DFSUtil (DFSUtil.java:httpServerTemplateForNNAndJN(1641)) - Starting Web-server for hddsDatanode at: http://0.0.0.0:0
2019-09-16 16:35:53,556 [main] INFO  server.AuthenticationFilter (AuthenticationFilter.java:constructSecretProvider(240)) - Unable to initialize FileSignerSecretProvider, falling back to use random secrets.
2019-09-16 16:35:53,556 [main] WARN  http.HttpRequestLog (HttpRequestLog.java:getRequestLog(97)) - Jetty request log can only be enabled using Log4j
2019-09-16 16:35:53,558 [main] INFO  http.HttpServer2 (HttpServer2.java:addGlobalFilter(975)) - Added global filter 'safety' (class=org.apache.hadoop.http.HttpServer2$QuotingInputFilter)
2019-09-16 16:35:53,559 [main] INFO  http.HttpServer2 (HttpServer2.java:addFilter(948)) - Added filter static_user_filter (class=org.apache.hadoop.http.lib.StaticUserWebFilter$StaticUserFilter) to context hddsDatanode
2019-09-16 16:35:53,559 [main] INFO  http.HttpServer2 (HttpServer2.java:addFilter(958)) - Added filter static_user_filter (class=org.apache.hadoop.http.lib.StaticUserWebFilter$StaticUserFilter) to context logs
2019-09-16 16:35:53,559 [main] INFO  http.HttpServer2 (HttpServer2.java:addFilter(958)) - Added filter static_user_filter (class=org.apache.hadoop.http.lib.StaticUserWebFilter$StaticUserFilter) to context static
2019-09-16 16:35:53,560 [main] INFO  http.HttpServer2 (HttpServer2.java:bindListener(1191)) - Jetty bound to port 46728
2019-09-16 16:35:53,560 [main] INFO  server.Server (Server.java:doStart(351)) - jetty-9.3.24.v20180605, build timestamp: 2018-06-05T17:11:56Z, git hash: 84205aa28f11a4f31f2a3b86d1bba2cc8ab69827
2019-09-16 16:35:53,564 [main] INFO  handler.ContextHandler (ContextHandler.java:doStart(781)) - Started o.e.j.s.ServletContextHandler@5bc28f40{/logs,file:///workdir/hadoop-ozone/integration-test/target/log,AVAILABLE}
2019-09-16 16:35:53,565 [main] INFO  handler.ContextHandler (ContextHandler.java:doStart(781)) - Started o.e.j.s.ServletContextHandler@7e74a380{/static,jar:file:/home/user/.m2/repository/org/apache/hadoop/hadoop-hdds-container-service/0.5.0-SNAPSHOT/hadoop-hdds-container-service-0.5.0-SNAPSHOT.jar!/webapps/static,AVAILABLE}
2019-09-16 16:35:53,595 [main] INFO  handler.ContextHandler (ContextHandler.java:doStart(781)) - Started o.e.j.w.WebAppContext@5679e96b{/,file:///tmp/jetty-0.0.0.0-46728-hddsDatanode-_-any-2035405362679940153.dir/webapp/,AVAILABLE}{/hddsDatanode}
2019-09-16 16:35:53,596 [main] INFO  server.AbstractConnector (AbstractConnector.java:doStart(278)) - Started ServerConnector@3ed7821{HTTP/1.1,[http/1.1]}{0.0.0.0:46728}
2019-09-16 16:35:53,597 [main] INFO  server.Server (Server.java:doStart(419)) - Started @5511ms
2019-09-16 16:35:53,597 [main] WARN  impl.MetricsSystemImpl (MetricsSystemImpl.java:register(276)) - Sink prometheus already exists!
2019-09-16 16:35:53,599 [main] INFO  server.BaseHttpServer (BaseHttpServer.java:updateConnectorAddress(215)) - HTTP server of HDDSDATANODE is listening at http://0.0.0.0:46728
2019-09-16 16:35:53,599 [main] INFO  impl.MetricsSystemImpl (MetricsSystemImpl.java:init(158)) - HddsDatanode metrics system started (again)
2019-09-16 16:35:53,606 [main] INFO  ozone.HddsDatanodeService (HddsDatanodeService.java:start(184)) - HddsDatanodeService host:pr-hdds-2120-x62sn-1884063469 ip:192.168.157.233
2019-09-16 16:35:53,607 [org.apache.hadoop.util.JvmPauseMonitor$Monitor@66ea3b37] INFO  util.JvmPauseMonitor (JvmPauseMonitor.java:run(188)) - Starting JVM pause monitor
2019-09-16 16:35:53,617 [main] INFO  volume.HddsVolume (HddsVolume.java:<init>(176)) - Creating Volume: /workdir/hadoop-ozone/integration-test/target/test-dir/MiniOzoneClusterImpl-22bfdc7d-05d0-4d53-9e2d-a03578d1348a/datanode-2/data/containers/hdds of  storage type : DISK and capacity : 1482555576320
2019-09-16 16:35:53,618 [main] INFO  volume.VolumeSet (VolumeSet.java:initializeVolumeSet(170)) - Added Volume : /workdir/hadoop-ozone/integration-test/target/test-dir/MiniOzoneClusterImpl-22bfdc7d-05d0-4d53-9e2d-a03578d1348a/datanode-2/data/containers/hdds to VolumeSet
2019-09-16 16:35:53,618 [main] INFO  volume.ThrottledAsyncChecker (ThrottledAsyncChecker.java:schedule(139)) - Scheduling a check for org.apache.hadoop.ozone.container.common.volume.HddsVolume@a451491
2019-09-16 16:35:53,619 [main] INFO  volume.HddsVolumeChecker (HddsVolumeChecker.java:checkAllVolumes(202)) - Scheduled health check for volume org.apache.hadoop.ozone.container.common.volume.HddsVolume@a451491
2019-09-16 16:35:53,637 [Datanode State Machine Thread - 0] INFO  datanode.InitDatanodeState (InitDatanodeState.java:persistContainerDatanodeDetails(140)) - DatanodeDetails is persisted to /workdir/hadoop-ozone/integration-test/target/test-dir/MiniOzoneClusterImpl-22bfdc7d-05d0-4d53-9e2d-a03578d1348a/datanode-0/meta/datanode.id
2019-09-16 16:35:53,641 [Datanode State Machine Thread - 0] INFO  datanode.InitDatanodeState (InitDatanodeState.java:persistContainerDatanodeDetails(140)) - DatanodeDetails is persisted to /workdir/hadoop-ozone/integration-test/target/test-dir/MiniOzoneClusterImpl-22bfdc7d-05d0-4d53-9e2d-a03578d1348a/datanode-1/meta/datanode.id
2019-09-16 16:35:53,645 [main] INFO  impl.RaftServerProxy (ConfUtils.java:logGet(43)) - raft.rpc.type = GRPC (default)
2019-09-16 16:35:53,645 [main] INFO  grpc.GrpcFactory (GrpcFactory.java:checkPooledByteBufAllocatorUseCacheForAllThreads(45)) - PERFORMANCE WARNING: useCacheForAllThreads is true that may cause Netty to create a lot garbage objects and, as a result, trigger GC.
	It is recommended to disable useCacheForAllThreads by setting -Dorg.apache.ratis.thirdparty.io.netty.allocator.useCacheForAllThreads=false in command line.
2019-09-16 16:35:53,646 [main] INFO  grpc.GrpcConfigKeys$Server (ConfUtils.java:logGet(43)) - raft.grpc.server.port = 0 (default)
2019-09-16 16:35:53,646 [main] INFO  server.GrpcService (ConfUtils.java:logGet(43)) - raft.grpc.message.size.max = 33570816 (custom)
2019-09-16 16:35:53,646 [main] INFO  server.RaftServerConfigKeys (ConfUtils.java:logGet(43)) - raft.server.log.appender.buffer.byte-limit = 33554432 (custom)
2019-09-16 16:35:53,647 [main] INFO  server.GrpcService (ConfUtils.java:logGet(43)) - raft.grpc.flow.control.window = 1MB (=1048576) (default)
2019-09-16 16:35:53,647 [main] INFO  server.RaftServerConfigKeys (ConfUtils.java:logGet(43)) - raft.server.rpc.request.timeout = 3000ms (default)
2019-09-16 16:35:53,648 [main] INFO  server.RaftServerConfigKeys (ConfUtils.java:logGet(43)) - raft.server.storage.dir = [/workdir/hadoop-ozone/integration-test/target/test-dir/MiniOzoneClusterImpl-22bfdc7d-05d0-4d53-9e2d-a03578d1348a/datanode-2/data/ratis] (custom)
2019-09-16 16:35:53,651 [main] INFO  hdfs.DFSUtil (DFSUtil.java:httpServerTemplateForNNAndJN(1641)) - Starting Web-server for hddsDatanode at: http://0.0.0.0:0
2019-09-16 16:35:53,653 [main] INFO  server.AuthenticationFilter (AuthenticationFilter.java:constructSecretProvider(240)) - Unable to initialize FileSignerSecretProvider, falling back to use random secrets.
2019-09-16 16:35:53,653 [main] WARN  http.HttpRequestLog (HttpRequestLog.java:getRequestLog(97)) - Jetty request log can only be enabled using Log4j
2019-09-16 16:35:53,655 [main] INFO  http.HttpServer2 (HttpServer2.java:addGlobalFilter(975)) - Added global filter 'safety' (class=org.apache.hadoop.http.HttpServer2$QuotingInputFilter)
2019-09-16 16:35:53,656 [main] INFO  http.HttpServer2 (HttpServer2.java:addFilter(948)) - Added filter static_user_filter (class=org.apache.hadoop.http.lib.StaticUserWebFilter$StaticUserFilter) to context hddsDatanode
2019-09-16 16:35:53,656 [main] INFO  http.HttpServer2 (HttpServer2.java:addFilter(958)) - Added filter static_user_filter (class=org.apache.hadoop.http.lib.StaticUserWebFilter$StaticUserFilter) to context logs
2019-09-16 16:35:53,656 [main] INFO  http.HttpServer2 (HttpServer2.java:addFilter(958)) - Added filter static_user_filter (class=org.apache.hadoop.http.lib.StaticUserWebFilter$StaticUserFilter) to context static
2019-09-16 16:35:53,657 [main] INFO  http.HttpServer2 (HttpServer2.java:bindListener(1191)) - Jetty bound to port 41429
2019-09-16 16:35:53,657 [main] INFO  server.Server (Server.java:doStart(351)) - jetty-9.3.24.v20180605, build timestamp: 2018-06-05T17:11:56Z, git hash: 84205aa28f11a4f31f2a3b86d1bba2cc8ab69827
2019-09-16 16:35:53,659 [main] INFO  handler.ContextHandler (ContextHandler.java:doStart(781)) - Started o.e.j.s.ServletContextHandler@6cc86152{/logs,file:///workdir/hadoop-ozone/integration-test/target/log,AVAILABLE}
2019-09-16 16:35:53,660 [main] INFO  handler.ContextHandler (ContextHandler.java:doStart(781)) - Started o.e.j.s.ServletContextHandler@7cbeac65{/static,jar:file:/home/user/.m2/repository/org/apache/hadoop/hadoop-hdds-container-service/0.5.0-SNAPSHOT/hadoop-hdds-container-service-0.5.0-SNAPSHOT.jar!/webapps/static,AVAILABLE}
2019-09-16 16:35:53,689 [main] INFO  handler.ContextHandler (ContextHandler.java:doStart(781)) - Started o.e.j.w.WebAppContext@1cd3b138{/,file:///tmp/jetty-0.0.0.0-41429-hddsDatanode-_-any-9134689900174202872.dir/webapp/,AVAILABLE}{/hddsDatanode}
2019-09-16 16:35:53,690 [main] INFO  server.AbstractConnector (AbstractConnector.java:doStart(278)) - Started ServerConnector@151bf776{HTTP/1.1,[http/1.1]}{0.0.0.0:41429}
2019-09-16 16:35:53,690 [main] INFO  server.Server (Server.java:doStart(419)) - Started @5605ms
2019-09-16 16:35:53,692 [main] WARN  impl.MetricsSystemImpl (MetricsSystemImpl.java:register(276)) - Sink prometheus already exists!
2019-09-16 16:35:53,692 [main] INFO  server.BaseHttpServer (BaseHttpServer.java:updateConnectorAddress(215)) - HTTP server of HDDSDATANODE is listening at http://0.0.0.0:41429
2019-09-16 16:35:53,693 [main] INFO  impl.MetricsSystemImpl (MetricsSystemImpl.java:init(158)) - HddsDatanode metrics system started (again)
2019-09-16 16:35:53,696 [main] INFO  ozone.HddsDatanodeService (HddsDatanodeService.java:start(184)) - HddsDatanodeService host:pr-hdds-2120-x62sn-1884063469 ip:192.168.157.233
2019-09-16 16:35:53,696 [org.apache.hadoop.util.JvmPauseMonitor$Monitor@40426df2] INFO  util.JvmPauseMonitor (JvmPauseMonitor.java:run(188)) - Starting JVM pause monitor
2019-09-16 16:35:53,700 [Datanode State Machine Thread - 0] INFO  datanode.InitDatanodeState (InitDatanodeState.java:persistContainerDatanodeDetails(140)) - DatanodeDetails is persisted to /workdir/hadoop-ozone/integration-test/target/test-dir/MiniOzoneClusterImpl-22bfdc7d-05d0-4d53-9e2d-a03578d1348a/datanode-2/meta/datanode.id
2019-09-16 16:35:53,705 [main] INFO  volume.HddsVolume (HddsVolume.java:<init>(176)) - Creating Volume: /workdir/hadoop-ozone/integration-test/target/test-dir/MiniOzoneClusterImpl-22bfdc7d-05d0-4d53-9e2d-a03578d1348a/datanode-3/data/containers/hdds of  storage type : DISK and capacity : 1482555576320
2019-09-16 16:35:53,705 [main] INFO  volume.VolumeSet (VolumeSet.java:initializeVolumeSet(170)) - Added Volume : /workdir/hadoop-ozone/integration-test/target/test-dir/MiniOzoneClusterImpl-22bfdc7d-05d0-4d53-9e2d-a03578d1348a/datanode-3/data/containers/hdds to VolumeSet
2019-09-16 16:35:53,705 [main] INFO  volume.ThrottledAsyncChecker (ThrottledAsyncChecker.java:schedule(139)) - Scheduling a check for org.apache.hadoop.ozone.container.common.volume.HddsVolume@59cda16e
2019-09-16 16:35:53,706 [main] INFO  volume.HddsVolumeChecker (HddsVolumeChecker.java:checkAllVolumes(202)) - Scheduled health check for volume org.apache.hadoop.ozone.container.common.volume.HddsVolume@59cda16e
2019-09-16 16:35:53,719 [main] INFO  impl.RaftServerProxy (ConfUtils.java:logGet(43)) - raft.rpc.type = GRPC (default)
2019-09-16 16:35:53,719 [main] INFO  grpc.GrpcFactory (GrpcFactory.java:checkPooledByteBufAllocatorUseCacheForAllThreads(45)) - PERFORMANCE WARNING: useCacheForAllThreads is true that may cause Netty to create a lot garbage objects and, as a result, trigger GC.
	It is recommended to disable useCacheForAllThreads by setting -Dorg.apache.ratis.thirdparty.io.netty.allocator.useCacheForAllThreads=false in command line.
2019-09-16 16:35:53,720 [main] INFO  grpc.GrpcConfigKeys$Server (ConfUtils.java:logGet(43)) - raft.grpc.server.port = 0 (default)
2019-09-16 16:35:53,720 [main] INFO  server.GrpcService (ConfUtils.java:logGet(43)) - raft.grpc.message.size.max = 33570816 (custom)
2019-09-16 16:35:53,720 [main] INFO  server.RaftServerConfigKeys (ConfUtils.java:logGet(43)) - raft.server.log.appender.buffer.byte-limit = 33554432 (custom)
2019-09-16 16:35:53,720 [main] INFO  server.GrpcService (ConfUtils.java:logGet(43)) - raft.grpc.flow.control.window = 1MB (=1048576) (default)
2019-09-16 16:35:53,720 [main] INFO  server.RaftServerConfigKeys (ConfUtils.java:logGet(43)) - raft.server.rpc.request.timeout = 3000ms (default)
2019-09-16 16:35:53,721 [main] INFO  server.RaftServerConfigKeys (ConfUtils.java:logGet(43)) - raft.server.storage.dir = [/workdir/hadoop-ozone/integration-test/target/test-dir/MiniOzoneClusterImpl-22bfdc7d-05d0-4d53-9e2d-a03578d1348a/datanode-3/data/ratis] (custom)
2019-09-16 16:35:53,723 [main] INFO  hdfs.DFSUtil (DFSUtil.java:httpServerTemplateForNNAndJN(1641)) - Starting Web-server for hddsDatanode at: http://0.0.0.0:0
2019-09-16 16:35:53,724 [main] INFO  server.AuthenticationFilter (AuthenticationFilter.java:constructSecretProvider(240)) - Unable to initialize FileSignerSecretProvider, falling back to use random secrets.
2019-09-16 16:35:53,724 [main] WARN  http.HttpRequestLog (HttpRequestLog.java:getRequestLog(97)) - Jetty request log can only be enabled using Log4j
2019-09-16 16:35:53,725 [main] INFO  http.HttpServer2 (HttpServer2.java:addGlobalFilter(975)) - Added global filter 'safety' (class=org.apache.hadoop.http.HttpServer2$QuotingInputFilter)
2019-09-16 16:35:53,726 [main] INFO  http.HttpServer2 (HttpServer2.java:addFilter(948)) - Added filter static_user_filter (class=org.apache.hadoop.http.lib.StaticUserWebFilter$StaticUserFilter) to context hddsDatanode
2019-09-16 16:35:53,726 [main] INFO  http.HttpServer2 (HttpServer2.java:addFilter(958)) - Added filter static_user_filter (class=org.apache.hadoop.http.lib.StaticUserWebFilter$StaticUserFilter) to context static
2019-09-16 16:35:53,726 [main] INFO  http.HttpServer2 (HttpServer2.java:addFilter(958)) - Added filter static_user_filter (class=org.apache.hadoop.http.lib.StaticUserWebFilter$StaticUserFilter) to context logs
2019-09-16 16:35:53,727 [main] INFO  http.HttpServer2 (HttpServer2.java:bindListener(1191)) - Jetty bound to port 40890
2019-09-16 16:35:53,727 [main] INFO  server.Server (Server.java:doStart(351)) - jetty-9.3.24.v20180605, build timestamp: 2018-06-05T17:11:56Z, git hash: 84205aa28f11a4f31f2a3b86d1bba2cc8ab69827
2019-09-16 16:35:53,731 [main] INFO  handler.ContextHandler (ContextHandler.java:doStart(781)) - Started o.e.j.s.ServletContextHandler@6540cf1d{/logs,file:///workdir/hadoop-ozone/integration-test/target/log,AVAILABLE}
2019-09-16 16:35:53,731 [main] INFO  handler.ContextHandler (ContextHandler.java:doStart(781)) - Started o.e.j.s.ServletContextHandler@bc042d5{/static,jar:file:/home/user/.m2/repository/org/apache/hadoop/hadoop-hdds-container-service/0.5.0-SNAPSHOT/hadoop-hdds-container-service-0.5.0-SNAPSHOT.jar!/webapps/static,AVAILABLE}
2019-09-16 16:35:53,759 [main] INFO  handler.ContextHandler (ContextHandler.java:doStart(781)) - Started o.e.j.w.WebAppContext@5634d0f4{/,file:///tmp/jetty-0.0.0.0-40890-hddsDatanode-_-any-2766906412827499277.dir/webapp/,AVAILABLE}{/hddsDatanode}
2019-09-16 16:35:53,760 [main] INFO  server.AbstractConnector (AbstractConnector.java:doStart(278)) - Started ServerConnector@252a8aae{HTTP/1.1,[http/1.1]}{0.0.0.0:40890}
2019-09-16 16:35:53,760 [main] INFO  server.Server (Server.java:doStart(419)) - Started @5675ms
2019-09-16 16:35:53,762 [main] WARN  impl.MetricsSystemImpl (MetricsSystemImpl.java:register(276)) - Sink prometheus already exists!
2019-09-16 16:35:53,762 [main] INFO  server.BaseHttpServer (BaseHttpServer.java:updateConnectorAddress(215)) - HTTP server of HDDSDATANODE is listening at http://0.0.0.0:40890
2019-09-16 16:35:53,765 [main] INFO  ozone.MiniOzoneClusterImpl (MiniOzoneClusterImpl.java:lambda$waitForClusterToBeReady$0(140)) - Waiting for cluster to be ready. Got 0 of 4 DN Heartbeats.
2019-09-16 16:35:53,766 [org.apache.hadoop.util.JvmPauseMonitor$Monitor@5fcff269] INFO  util.JvmPauseMonitor (JvmPauseMonitor.java:run(188)) - Starting JVM pause monitor
2019-09-16 16:35:53,769 [Datanode State Machine Thread - 0] INFO  datanode.InitDatanodeState (InitDatanodeState.java:persistContainerDatanodeDetails(140)) - DatanodeDetails is persisted to /workdir/hadoop-ozone/integration-test/target/test-dir/MiniOzoneClusterImpl-22bfdc7d-05d0-4d53-9e2d-a03578d1348a/datanode-3/meta/datanode.id
2019-09-16 16:35:54,765 [main] INFO  ozone.MiniOzoneClusterImpl (MiniOzoneClusterImpl.java:lambda$waitForClusterToBeReady$0(140)) - Waiting for cluster to be ready. Got 0 of 4 DN Heartbeats.
2019-09-16 16:35:55,580 [Datanode State Machine Thread - 0] INFO  ozoneimpl.OzoneContainer (OzoneContainer.java:start(217)) - Attempting to start container services.
2019-09-16 16:35:55,583 [Datanode State Machine Thread - 0] INFO  ozoneimpl.OzoneContainer (OzoneContainer.java:startContainerScrub(179)) - Background container scanner has been disabled.
2019-09-16 16:35:55,583 [Datanode State Machine Thread - 0] INFO  ratis.XceiverServerRatis (XceiverServerRatis.java:start(404)) - Starting XceiverServerRatis b844e6b5-1f16-47bf-97b2-c0d1d01c0c7e at port 0
2019-09-16 16:35:55,614 [Datanode State Machine Thread - 0] INFO  impl.RaftServerProxy (RaftServerProxy.java:lambda$start$3(299)) - b844e6b5-1f16-47bf-97b2-c0d1d01c0c7e: start RPC server
2019-09-16 16:35:55,628 [Datanode State Machine Thread - 0] INFO  ozoneimpl.OzoneContainer (OzoneContainer.java:start(217)) - Attempting to start container services.
2019-09-16 16:35:55,635 [Datanode State Machine Thread - 0] INFO  ozoneimpl.OzoneContainer (OzoneContainer.java:startContainerScrub(179)) - Background container scanner has been disabled.
2019-09-16 16:35:55,636 [Datanode State Machine Thread - 0] INFO  ratis.XceiverServerRatis (XceiverServerRatis.java:start(404)) - Starting XceiverServerRatis 14b1dfa2-ae53-4602-8fee-1e7c4997de4e at port 0
2019-09-16 16:35:55,652 [Datanode State Machine Thread - 0] INFO  impl.RaftServerProxy (RaftServerProxy.java:lambda$start$3(299)) - 14b1dfa2-ae53-4602-8fee-1e7c4997de4e: start RPC server
2019-09-16 16:35:55,712 [Datanode State Machine Thread - 0] INFO  ozoneimpl.OzoneContainer (OzoneContainer.java:start(217)) - Attempting to start container services.
2019-09-16 16:35:55,714 [Datanode State Machine Thread - 0] INFO  ozoneimpl.OzoneContainer (OzoneContainer.java:startContainerScrub(179)) - Background container scanner has been disabled.
2019-09-16 16:35:55,714 [Datanode State Machine Thread - 0] INFO  ratis.XceiverServerRatis (XceiverServerRatis.java:start(404)) - Starting XceiverServerRatis 8fe6a53f-0f90-4de3-90b3-ec931955170d at port 0
2019-09-16 16:35:55,727 [Datanode State Machine Thread - 0] INFO  impl.RaftServerProxy (RaftServerProxy.java:lambda$start$3(299)) - 8fe6a53f-0f90-4de3-90b3-ec931955170d: start RPC server
2019-09-16 16:35:55,766 [main] INFO  ozone.MiniOzoneClusterImpl (MiniOzoneClusterImpl.java:lambda$waitForClusterToBeReady$0(140)) - Waiting for cluster to be ready. Got 0 of 4 DN Heartbeats.
2019-09-16 16:35:55,785 [Datanode State Machine Thread - 0] INFO  ozoneimpl.OzoneContainer (OzoneContainer.java:start(217)) - Attempting to start container services.
2019-09-16 16:35:55,787 [Datanode State Machine Thread - 0] INFO  ozoneimpl.OzoneContainer (OzoneContainer.java:startContainerScrub(179)) - Background container scanner has been disabled.
2019-09-16 16:35:55,787 [Datanode State Machine Thread - 0] INFO  ratis.XceiverServerRatis (XceiverServerRatis.java:start(404)) - Starting XceiverServerRatis b7c5d2d0-0ba9-4b8e-9df2-25ea41b128b4 at port 0
2019-09-16 16:35:55,791 [Datanode State Machine Thread - 0] INFO  server.GrpcService (GrpcService.java:startImpl(158)) - b844e6b5-1f16-47bf-97b2-c0d1d01c0c7e: GrpcService started, listening on 0.0.0.0/0.0.0.0:38724
2019-09-16 16:35:55,791 [Datanode State Machine Thread - 0] INFO  server.GrpcService (GrpcService.java:startImpl(158)) - 8fe6a53f-0f90-4de3-90b3-ec931955170d: GrpcService started, listening on 0.0.0.0/0.0.0.0:33035
2019-09-16 16:35:55,792 [Datanode State Machine Thread - 0] INFO  ratis.XceiverServerRatis (XceiverServerRatis.java:start(414)) - XceiverServerRatis b844e6b5-1f16-47bf-97b2-c0d1d01c0c7e is started using port 38724
2019-09-16 16:35:55,791 [Datanode State Machine Thread - 0] INFO  server.GrpcService (GrpcService.java:startImpl(158)) - 14b1dfa2-ae53-4602-8fee-1e7c4997de4e: GrpcService started, listening on 0.0.0.0/0.0.0.0:34059
2019-09-16 16:35:55,792 [Datanode State Machine Thread - 0] INFO  ratis.XceiverServerRatis (XceiverServerRatis.java:start(414)) - XceiverServerRatis 8fe6a53f-0f90-4de3-90b3-ec931955170d is started using port 33035
2019-09-16 16:35:55,793 [Datanode State Machine Thread - 0] INFO  ratis.XceiverServerRatis (XceiverServerRatis.java:start(414)) - XceiverServerRatis 14b1dfa2-ae53-4602-8fee-1e7c4997de4e is started using port 34059
2019-09-16 16:35:55,804 [Datanode State Machine Thread - 0] INFO  server.XceiverServerGrpc (XceiverServerGrpc.java:start(163)) - XceiverServerGrpc b844e6b5-1f16-47bf-97b2-c0d1d01c0c7e is started using port 37085
2019-09-16 16:35:55,804 [Datanode State Machine Thread - 0] INFO  server.XceiverServerGrpc (XceiverServerGrpc.java:start(163)) - XceiverServerGrpc 14b1dfa2-ae53-4602-8fee-1e7c4997de4e is started using port 45769
2019-09-16 16:35:55,804 [Datanode State Machine Thread - 0] INFO  server.XceiverServerGrpc (XceiverServerGrpc.java:start(163)) - XceiverServerGrpc 8fe6a53f-0f90-4de3-90b3-ec931955170d is started using port 38205
2019-09-16 16:35:55,808 [Datanode State Machine Thread - 0] INFO  impl.RaftServerProxy (RaftServerProxy.java:lambda$start$3(299)) - b7c5d2d0-0ba9-4b8e-9df2-25ea41b128b4: start RPC server
2019-09-16 16:35:55,811 [Datanode State Machine Thread - 0] INFO  server.GrpcService (GrpcService.java:startImpl(158)) - b7c5d2d0-0ba9-4b8e-9df2-25ea41b128b4: GrpcService started, listening on 0.0.0.0/0.0.0.0:39808
2019-09-16 16:35:55,811 [Datanode State Machine Thread - 0] INFO  ratis.XceiverServerRatis (XceiverServerRatis.java:start(414)) - XceiverServerRatis b7c5d2d0-0ba9-4b8e-9df2-25ea41b128b4 is started using port 39808
2019-09-16 16:35:55,813 [Datanode State Machine Thread - 0] INFO  server.XceiverServerGrpc (XceiverServerGrpc.java:start(163)) - XceiverServerGrpc b7c5d2d0-0ba9-4b8e-9df2-25ea41b128b4 is started using port 39868
2019-09-16 16:35:56,769 [main] INFO  ozone.MiniOzoneClusterImpl (MiniOzoneClusterImpl.java:lambda$waitForClusterToBeReady$0(140)) - Waiting for cluster to be ready. Got 0 of 4 DN Heartbeats.
2019-09-16 16:35:57,570 [IPC Server handler 1 on 44617] INFO  net.NetworkTopology (NetworkTopologyImpl.java:add(110)) - Added a new node: /default-rack/b844e6b5-1f16-47bf-97b2-c0d1d01c0c7e
2019-09-16 16:35:57,570 [IPC Server handler 1 on 44617] INFO  node.SCMNodeManager (SCMNodeManager.java:register(266)) - Registered Data node : b844e6b5-1f16-47bf-97b2-c0d1d01c0c7e{ip: 192.168.157.233, host: pr-hdds-2120-x62sn-1884063469, networkLocation: /default-rack, certSerialId: null}
2019-09-16 16:35:57,577 [EventQueue-NodeRegistrationContainerReportForDataNodeSafeModeRule] INFO  safemode.SCMSafeModeManager (DataNodeSafeModeRule.java:process(71)) - SCM in safe mode. 1 DataNodes registered, 1 required.
2019-09-16 16:35:57,578 [EventQueue-NodeRegistrationContainerReportForDataNodeSafeModeRule] INFO  safemode.SCMSafeModeManager (SCMSafeModeManager.java:validateSafeModeExitRules(177)) - ScmSafeModeManager, all rules are successfully validated
2019-09-16 16:35:57,578 [EventQueue-NodeRegistrationContainerReportForDataNodeSafeModeRule] INFO  safemode.SCMSafeModeManager (SCMSafeModeManager.java:exitSafeMode(193)) - SCM exiting safe mode.
2019-09-16 16:35:57,616 [IPC Server handler 3 on 44617] INFO  net.NetworkTopology (NetworkTopologyImpl.java:add(110)) - Added a new node: /default-rack/14b1dfa2-ae53-4602-8fee-1e7c4997de4e
2019-09-16 16:35:57,616 [IPC Server handler 3 on 44617] INFO  node.SCMNodeManager (SCMNodeManager.java:register(266)) - Registered Data node : 14b1dfa2-ae53-4602-8fee-1e7c4997de4e{ip: 192.168.157.233, host: pr-hdds-2120-x62sn-1884063469, networkLocation: /default-rack, certSerialId: null}
2019-09-16 16:35:57,699 [IPC Server handler 2 on 44617] INFO  net.NetworkTopology (NetworkTopologyImpl.java:add(110)) - Added a new node: /default-rack/8fe6a53f-0f90-4de3-90b3-ec931955170d
2019-09-16 16:35:57,699 [IPC Server handler 2 on 44617] INFO  node.SCMNodeManager (SCMNodeManager.java:register(266)) - Registered Data node : 8fe6a53f-0f90-4de3-90b3-ec931955170d{ip: 192.168.157.233, host: pr-hdds-2120-x62sn-1884063469, networkLocation: /default-rack, certSerialId: null}
2019-09-16 16:35:57,769 [main] INFO  ozone.MiniOzoneClusterImpl (MiniOzoneClusterImpl.java:lambda$waitForClusterToBeReady$0(140)) - Waiting for cluster to be ready. Got 3 of 4 DN Heartbeats.
2019-09-16 16:35:57,770 [IPC Server handler 4 on 44617] INFO  net.NetworkTopology (NetworkTopologyImpl.java:add(110)) - Added a new node: /default-rack/b7c5d2d0-0ba9-4b8e-9df2-25ea41b128b4
2019-09-16 16:35:57,770 [IPC Server handler 4 on 44617] INFO  node.SCMNodeManager (SCMNodeManager.java:register(266)) - Registered Data node : b7c5d2d0-0ba9-4b8e-9df2-25ea41b128b4{ip: 192.168.157.233, host: pr-hdds-2120-x62sn-1884063469, networkLocation: /default-rack, certSerialId: null}
2019-09-16 16:35:58,092 [grpc-default-executor-0] INFO  impl.RaftServerProxy (RaftServerProxy.java:addNew(89)) - b844e6b5-1f16-47bf-97b2-c0d1d01c0c7e: addNew group-982398780130:[b844e6b5-1f16-47bf-97b2-c0d1d01c0c7e:192.168.157.233:38724] returns group-982398780130:java.util.concurrent.CompletableFuture@37cec8f4[Not completed]
2019-09-16 16:35:58,112 [pool-27-thread-1] INFO  impl.RaftServerImpl (RaftServerImpl.java:<init>(95)) - b844e6b5-1f16-47bf-97b2-c0d1d01c0c7e: new RaftServerImpl for group-982398780130:[b844e6b5-1f16-47bf-97b2-c0d1d01c0c7e:192.168.157.233:38724] with ContainerStateMachine:uninitialized
2019-09-16 16:35:58,115 [pool-27-thread-1] INFO  server.RaftServerConfigKeys (ConfUtils.java:logGet(43)) - raft.server.rpc.timeout.min = 5s (custom)
2019-09-16 16:35:58,116 [pool-27-thread-1] INFO  server.RaftServerConfigKeys (ConfUtils.java:logGet(43)) - raft.server.rpc.timeout.max = 5200ms (custom)
2019-09-16 16:35:58,116 [pool-27-thread-1] INFO  server.RaftServerConfigKeys (ConfUtils.java:logGet(43)) - raft.server.rpcslowness.timeout = 1000s (custom)
2019-09-16 16:35:58,117 [pool-27-thread-1] INFO  server.RaftServerConfigKeys (ConfUtils.java:logGet(43)) - raft.server.sleep.deviation.threshold = 300 (default)
2019-09-16 16:35:58,118 [pool-27-thread-1] INFO  server.RaftServerConfigKeys (ConfUtils.java:logGet(43)) - raft.server.log.appender.install.snapshot.enabled = false (custom)
2019-09-16 16:35:58,129 [pool-27-thread-1] INFO  impl.RaftServerImpl (ServerState.java:<init>(103)) - b844e6b5-1f16-47bf-97b2-c0d1d01c0c7e@group-982398780130: ConfigurationManager, init=-1: [b844e6b5-1f16-47bf-97b2-c0d1d01c0c7e:192.168.157.233:38724], old=null, confs=<EMPTY_MAP>
2019-09-16 16:35:58,129 [pool-27-thread-1] INFO  server.RaftServerConfigKeys (ConfUtils.java:logGet(43)) - raft.server.storage.dir = [/workdir/hadoop-ozone/integration-test/target/test-dir/MiniOzoneClusterImpl-22bfdc7d-05d0-4d53-9e2d-a03578d1348a/datanode-0/data/ratis] (custom)
2019-09-16 16:35:58,138 [pool-27-thread-1] INFO  storage.RaftStorageDirectory (RaftStorageDirectory.java:analyzeStorage(246)) - The storage directory /workdir/hadoop-ozone/integration-test/target/test-dir/MiniOzoneClusterImpl-22bfdc7d-05d0-4d53-9e2d-a03578d1348a/datanode-0/data/ratis/0dec7896-ec52-4258-bfa2-982398780130 does not exist. Creating ...
2019-09-16 16:35:58,157 [pool-27-thread-1] INFO  storage.RaftStorageDirectory (RaftStorageDirectory.java:tryLock(328)) - Lock on /workdir/hadoop-ozone/integration-test/target/test-dir/MiniOzoneClusterImpl-22bfdc7d-05d0-4d53-9e2d-a03578d1348a/datanode-0/data/ratis/0dec7896-ec52-4258-bfa2-982398780130/in_use.lock acquired by nodename 19049@pr-hdds-2120-x62sn-1884063469
2019-09-16 16:35:58,172 [pool-27-thread-1] INFO  storage.RaftStorage (RaftStorage.java:format(72)) - Storage directory /workdir/hadoop-ozone/integration-test/target/test-dir/MiniOzoneClusterImpl-22bfdc7d-05d0-4d53-9e2d-a03578d1348a/datanode-0/data/ratis/0dec7896-ec52-4258-bfa2-982398780130 has been successfully formatted.
2019-09-16 16:35:58,175 [pool-27-thread-1] INFO  ratis.ContainerStateMachine (ContainerStateMachine.java:loadSnapshot(230)) - group-982398780130: The snapshot info is null. Setting the last applied indexto:(t:0, i:~)
2019-09-16 16:35:58,176 [pool-27-thread-1] INFO  server.RaftServerConfigKeys (ConfUtils.java:logGet(43)) - raft.server.notification.no-leader.timeout = 1000s (custom)
2019-09-16 16:35:58,179 [pool-27-thread-1] INFO  server.RaftServerConfigKeys (ConfUtils.java:logGet(43)) - raft.server.log.use.memory = false (default)
2019-09-16 16:35:58,186 [pool-27-thread-1] INFO  server.RaftServerConfigKeys (ConfUtils.java:logGet(43)) - raft.server.log.purge.gap = 1000000 (custom)
2019-09-16 16:35:58,186 [pool-27-thread-1] INFO  server.RaftServerConfigKeys (ConfUtils.java:logGet(43)) - raft.server.log.appender.buffer.byte-limit = 33554432 (custom)
2019-09-16 16:35:58,189 [pool-27-thread-1] INFO  server.RaftServerConfigKeys (ConfUtils.java:logGet(43)) - raft.server.log.segment.size.max = 1048576 (custom)
2019-09-16 16:35:58,194 [pool-27-thread-1] INFO  server.RaftServerConfigKeys (ConfUtils.java:logGet(43)) - raft.server.log.segment.cache.num.max = 2 (custom)
2019-09-16 16:35:58,201 [pool-27-thread-1] INFO  segmented.SegmentedRaftLogWorker (SegmentedRaftLogWorker.java:<init>(172)) - new b844e6b5-1f16-47bf-97b2-c0d1d01c0c7e@group-982398780130-SegmentedRaftLogWorker for RaftStorage:Storage Directory /workdir/hadoop-ozone/integration-test/target/test-dir/MiniOzoneClusterImpl-22bfdc7d-05d0-4d53-9e2d-a03578d1348a/datanode-0/data/ratis/0dec7896-ec52-4258-bfa2-982398780130
2019-09-16 16:35:58,202 [pool-27-thread-1] INFO  impl.MetricsSystemImpl (MetricsSystemImpl.java:init(158)) - ratis metrics system started (again)
2019-09-16 16:35:58,243 [pool-27-thread-1] INFO  server.RaftServerConfigKeys (ConfUtils.java:logGet(43)) - raft.server.log.queue.byte-limit = 2147483647 (custom)
2019-09-16 16:35:58,243 [pool-27-thread-1] INFO  server.RaftServerConfigKeys (ConfUtils.java:logGet(43)) - raft.server.log.queue.element-limit = 1024 (custom)
2019-09-16 16:35:58,247 [pool-27-thread-1] INFO  server.RaftServerConfigKeys (ConfUtils.java:logGet(43)) - raft.server.log.segment.size.max = 1048576 (custom)
2019-09-16 16:35:58,247 [pool-27-thread-1] INFO  server.RaftServerConfigKeys (ConfUtils.java:logGet(43)) - raft.server.log.preallocated.size = 16384 (custom)
2019-09-16 16:35:58,248 [pool-27-thread-1] INFO  server.RaftServerConfigKeys (ConfUtils.java:logGet(43)) - raft.server.log.write.buffer.size = 33554432 (custom)
2019-09-16 16:35:58,248 [pool-27-thread-1] INFO  server.RaftServerConfigKeys (ConfUtils.java:logGet(43)) - raft.server.log.force.sync.num = 128 (default)
2019-09-16 16:35:58,249 [pool-27-thread-1] INFO  server.RaftServerConfigKeys (ConfUtils.java:logGet(43)) - raft.server.log.statemachine.data.sync = true (default)
2019-09-16 16:35:58,249 [pool-27-thread-1] INFO  server.RaftServerConfigKeys (ConfUtils.java:logGet(43)) - raft.server.log.statemachine.data.sync.timeout = 10s (default)
2019-09-16 16:35:58,250 [pool-27-thread-1] INFO  server.RaftServerConfigKeys (ConfUtils.java:logGet(43)) - raft.server.log.statemachine.data.sync.timeout.retry = -1 (default)
2019-09-16 16:35:58,258 [pool-27-thread-1] INFO  server.RaftServerConfigKeys (ConfUtils.java:logGet(43)) - raft.server.log.statemachine.data.caching.enabled = true (custom)
2019-09-16 16:35:58,263 [pool-27-thread-1] INFO  segmented.SegmentedRaftLogWorker (SegmentedRaftLogWorker.java:lambda$new$0(132)) - b844e6b5-1f16-47bf-97b2-c0d1d01c0c7e@group-982398780130-SegmentedRaftLogWorker: flushIndex: setUnconditionally 0 -> -1
2019-09-16 16:35:58,267 [pool-27-thread-1] INFO  server.RaftServerConfigKeys (ConfUtils.java:logGet(43)) - raft.server.snapshot.auto.trigger.enabled = true (custom)
2019-09-16 16:35:58,268 [pool-27-thread-1] INFO  server.RaftServerConfigKeys (ConfUtils.java:logGet(43)) - raft.server.snapshot.auto.trigger.threshold = 10000 (custom)
2019-09-16 16:35:58,268 [pool-27-thread-1] INFO  server.RaftServerConfigKeys (ConfUtils.java:logGet(43)) - raft.server.snapshot.retention.num.files = -1 (default)
2019-09-16 16:35:58,269 [pool-27-thread-1] INFO  server.RaftServerConfigKeys (ConfUtils.java:logGet(43)) - raft.server.retrycache.expirytime = 600000ms (custom)
2019-09-16 16:35:58,293 [pool-27-thread-1] INFO  impl.RaftServerImpl (RaftServerImpl.java:start(185)) - b844e6b5-1f16-47bf-97b2-c0d1d01c0c7e@group-982398780130: start as a follower, conf=-1: [b844e6b5-1f16-47bf-97b2-c0d1d01c0c7e:192.168.157.233:38724], old=null
2019-09-16 16:35:58,294 [pool-27-thread-1] INFO  impl.RaftServerImpl (RaftServerImpl.java:setRole(174)) - b844e6b5-1f16-47bf-97b2-c0d1d01c0c7e@group-982398780130: changes role from      null to FOLLOWER at term 0 for startAsFollower
2019-09-16 16:35:58,296 [pool-27-thread-1] INFO  impl.RoleInfo (RoleInfo.java:updateAndGet(143)) - b844e6b5-1f16-47bf-97b2-c0d1d01c0c7e: start FollowerState
2019-09-16 16:35:58,297 [pool-27-thread-1] INFO  util.JmxRegister (JmxRegister.java:tryRegister(44)) - Successfully registered JMX Bean with object name Ratis:service=RaftServer,group=group-982398780130,id=b844e6b5-1f16-47bf-97b2-c0d1d01c0c7e
2019-09-16 16:35:58,361 [RatisPipelineUtilsThread] INFO  pipeline.PipelineStateManager (PipelineStateManager.java:addPipeline(56)) - Created pipeline Pipeline[ Id: 0dec7896-ec52-4258-bfa2-982398780130, Nodes: b844e6b5-1f16-47bf-97b2-c0d1d01c0c7e{ip: 192.168.157.233, host: pr-hdds-2120-x62sn-1884063469, networkLocation: /default-rack, certSerialId: null}, Type:RATIS, Factor:ONE, State:OPEN]
2019-09-16 16:35:58,386 [grpc-default-executor-0] INFO  impl.RaftServerProxy (RaftServerProxy.java:addNew(89)) - 8fe6a53f-0f90-4de3-90b3-ec931955170d: addNew group-D32403CB83C5:[8fe6a53f-0f90-4de3-90b3-ec931955170d:192.168.157.233:33035] returns group-D32403CB83C5:java.util.concurrent.CompletableFuture@2b3fb89[Not completed]
2019-09-16 16:35:58,424 [pool-47-thread-1] INFO  impl.RaftServerImpl (RaftServerImpl.java:<init>(95)) - 8fe6a53f-0f90-4de3-90b3-ec931955170d: new RaftServerImpl for group-D32403CB83C5:[8fe6a53f-0f90-4de3-90b3-ec931955170d:192.168.157.233:33035] with ContainerStateMachine:uninitialized
2019-09-16 16:35:58,426 [pool-47-thread-1] INFO  server.RaftServerConfigKeys (ConfUtils.java:logGet(43)) - raft.server.rpc.timeout.min = 5s (custom)
2019-09-16 16:35:58,426 [pool-47-thread-1] INFO  server.RaftServerConfigKeys (ConfUtils.java:logGet(43)) - raft.server.rpc.timeout.max = 5200ms (custom)
2019-09-16 16:35:58,427 [pool-47-thread-1] INFO  server.RaftServerConfigKeys (ConfUtils.java:logGet(43)) - raft.server.rpcslowness.timeout = 1000s (custom)
2019-09-16 16:35:58,427 [pool-47-thread-1] INFO  server.RaftServerConfigKeys (ConfUtils.java:logGet(43)) - raft.server.sleep.deviation.threshold = 300 (default)
2019-09-16 16:35:58,427 [pool-47-thread-1] INFO  server.RaftServerConfigKeys (ConfUtils.java:logGet(43)) - raft.server.log.appender.install.snapshot.enabled = false (custom)
2019-09-16 16:35:58,427 [pool-47-thread-1] INFO  impl.RaftServerImpl (ServerState.java:<init>(103)) - 8fe6a53f-0f90-4de3-90b3-ec931955170d@group-D32403CB83C5: ConfigurationManager, init=-1: [8fe6a53f-0f90-4de3-90b3-ec931955170d:192.168.157.233:33035], old=null, confs=<EMPTY_MAP>
2019-09-16 16:35:58,428 [pool-47-thread-1] INFO  server.RaftServerConfigKeys (ConfUtils.java:logGet(43)) - raft.server.storage.dir = [/workdir/hadoop-ozone/integration-test/target/test-dir/MiniOzoneClusterImpl-22bfdc7d-05d0-4d53-9e2d-a03578d1348a/datanode-2/data/ratis] (custom)
2019-09-16 16:35:58,428 [pool-47-thread-1] INFO  storage.RaftStorageDirectory (RaftStorageDirectory.java:analyzeStorage(246)) - The storage directory /workdir/hadoop-ozone/integration-test/target/test-dir/MiniOzoneClusterImpl-22bfdc7d-05d0-4d53-9e2d-a03578d1348a/datanode-2/data/ratis/55552d37-7af0-420f-b856-d32403cb83c5 does not exist. Creating ...
2019-09-16 16:35:58,442 [pool-47-thread-1] INFO  storage.RaftStorageDirectory (RaftStorageDirectory.java:tryLock(328)) - Lock on /workdir/hadoop-ozone/integration-test/target/test-dir/MiniOzoneClusterImpl-22bfdc7d-05d0-4d53-9e2d-a03578d1348a/datanode-2/data/ratis/55552d37-7af0-420f-b856-d32403cb83c5/in_use.lock acquired by nodename 19049@pr-hdds-2120-x62sn-1884063469
2019-09-16 16:35:58,459 [pool-47-thread-1] INFO  storage.RaftStorage (RaftStorage.java:format(72)) - Storage directory /workdir/hadoop-ozone/integration-test/target/test-dir/MiniOzoneClusterImpl-22bfdc7d-05d0-4d53-9e2d-a03578d1348a/datanode-2/data/ratis/55552d37-7af0-420f-b856-d32403cb83c5 has been successfully formatted.
2019-09-16 16:35:58,460 [pool-47-thread-1] INFO  ratis.ContainerStateMachine (ContainerStateMachine.java:loadSnapshot(230)) - group-D32403CB83C5: The snapshot info is null. Setting the last applied indexto:(t:0, i:~)
2019-09-16 16:35:58,462 [pool-47-thread-1] INFO  server.RaftServerConfigKeys (ConfUtils.java:logGet(43)) - raft.server.notification.no-leader.timeout = 1000s (custom)
2019-09-16 16:35:58,462 [pool-47-thread-1] INFO  server.RaftServerConfigKeys (ConfUtils.java:logGet(43)) - raft.server.log.use.memory = false (default)
2019-09-16 16:35:58,462 [pool-47-thread-1] INFO  server.RaftServerConfigKeys (ConfUtils.java:logGet(43)) - raft.server.log.purge.gap = 1000000 (custom)
2019-09-16 16:35:58,463 [pool-47-thread-1] INFO  server.RaftServerConfigKeys (ConfUtils.java:logGet(43)) - raft.server.log.appender.buffer.byte-limit = 33554432 (custom)
2019-09-16 16:35:58,463 [pool-47-thread-1] INFO  server.RaftServerConfigKeys (ConfUtils.java:logGet(43)) - raft.server.log.segment.size.max = 1048576 (custom)
2019-09-16 16:35:58,463 [pool-47-thread-1] INFO  server.RaftServerConfigKeys (ConfUtils.java:logGet(43)) - raft.server.log.segment.cache.num.max = 2 (custom)
2019-09-16 16:35:58,463 [pool-47-thread-1] INFO  segmented.SegmentedRaftLogWorker (SegmentedRaftLogWorker.java:<init>(172)) - new 8fe6a53f-0f90-4de3-90b3-ec931955170d@group-D32403CB83C5-SegmentedRaftLogWorker for RaftStorage:Storage Directory /workdir/hadoop-ozone/integration-test/target/test-dir/MiniOzoneClusterImpl-22bfdc7d-05d0-4d53-9e2d-a03578d1348a/datanode-2/data/ratis/55552d37-7af0-420f-b856-d32403cb83c5
2019-09-16 16:35:58,471 [pool-47-thread-1] INFO  server.RaftServerConfigKeys (ConfUtils.java:logGet(43)) - raft.server.log.queue.byte-limit = 2147483647 (custom)
2019-09-16 16:35:58,471 [pool-47-thread-1] INFO  server.RaftServerConfigKeys (ConfUtils.java:logGet(43)) - raft.server.log.queue.element-limit = 1024 (custom)
2019-09-16 16:35:58,472 [pool-47-thread-1] INFO  server.RaftServerConfigKeys (ConfUtils.java:logGet(43)) - raft.server.log.segment.size.max = 1048576 (custom)
2019-09-16 16:35:58,472 [pool-47-thread-1] INFO  server.RaftServerConfigKeys (ConfUtils.java:logGet(43)) - raft.server.log.preallocated.size = 16384 (custom)
2019-09-16 16:35:58,472 [pool-47-thread-1] INFO  server.RaftServerConfigKeys (ConfUtils.java:logGet(43)) - raft.server.log.write.buffer.size = 33554432 (custom)
2019-09-16 16:35:58,472 [pool-47-thread-1] INFO  server.RaftServerConfigKeys (ConfUtils.java:logGet(43)) - raft.server.log.force.sync.num = 128 (default)
2019-09-16 16:35:58,473 [pool-47-thread-1] INFO  server.RaftServerConfigKeys (ConfUtils.java:logGet(43)) - raft.server.log.statemachine.data.sync = true (default)
2019-09-16 16:35:58,473 [pool-47-thread-1] INFO  server.RaftServerConfigKeys (ConfUtils.java:logGet(43)) - raft.server.log.statemachine.data.sync.timeout = 10s (default)
2019-09-16 16:35:58,473 [pool-47-thread-1] INFO  server.RaftServerConfigKeys (ConfUtils.java:logGet(43)) - raft.server.log.statemachine.data.sync.timeout.retry = -1 (default)
2019-09-16 16:35:58,473 [pool-47-thread-1] INFO  server.RaftServerConfigKeys (ConfUtils.java:logGet(43)) - raft.server.log.statemachine.data.caching.enabled = true (custom)
2019-09-16 16:35:58,474 [pool-47-thread-1] INFO  segmented.SegmentedRaftLogWorker (SegmentedRaftLogWorker.java:lambda$new$0(132)) - 8fe6a53f-0f90-4de3-90b3-ec931955170d@group-D32403CB83C5-SegmentedRaftLogWorker: flushIndex: setUnconditionally 0 -> -1
2019-09-16 16:35:58,474 [pool-47-thread-1] INFO  server.RaftServerConfigKeys (ConfUtils.java:logGet(43)) - raft.server.snapshot.auto.trigger.enabled = true (custom)
2019-09-16 16:35:58,475 [pool-47-thread-1] INFO  server.RaftServerConfigKeys (ConfUtils.java:logGet(43)) - raft.server.snapshot.auto.trigger.threshold = 10000 (custom)
2019-09-16 16:35:58,475 [pool-47-thread-1] INFO  server.RaftServerConfigKeys (ConfUtils.java:logGet(43)) - raft.server.snapshot.retention.num.files = -1 (default)
2019-09-16 16:35:58,475 [pool-47-thread-1] INFO  server.RaftServerConfigKeys (ConfUtils.java:logGet(43)) - raft.server.retrycache.expirytime = 600000ms (custom)
2019-09-16 16:35:58,482 [pool-47-thread-1] INFO  impl.RaftServerImpl (RaftServerImpl.java:start(185)) - 8fe6a53f-0f90-4de3-90b3-ec931955170d@group-D32403CB83C5: start as a follower, conf=-1: [8fe6a53f-0f90-4de3-90b3-ec931955170d:192.168.157.233:33035], old=null
2019-09-16 16:35:58,482 [pool-47-thread-1] INFO  impl.RaftServerImpl (RaftServerImpl.java:setRole(174)) - 8fe6a53f-0f90-4de3-90b3-ec931955170d@group-D32403CB83C5: changes role from      null to FOLLOWER at term 0 for startAsFollower
2019-09-16 16:35:58,483 [pool-47-thread-1] INFO  impl.RoleInfo (RoleInfo.java:updateAndGet(143)) - 8fe6a53f-0f90-4de3-90b3-ec931955170d: start FollowerState
2019-09-16 16:35:58,485 [pool-47-thread-1] INFO  util.JmxRegister (JmxRegister.java:tryRegister(44)) - Successfully registered JMX Bean with object name Ratis:service=RaftServer,group=group-D32403CB83C5,id=8fe6a53f-0f90-4de3-90b3-ec931955170d
2019-09-16 16:35:58,499 [RatisPipelineUtilsThread] INFO  pipeline.PipelineStateManager (PipelineStateManager.java:addPipeline(56)) - Created pipeline Pipeline[ Id: 55552d37-7af0-420f-b856-d32403cb83c5, Nodes: 8fe6a53f-0f90-4de3-90b3-ec931955170d{ip: 192.168.157.233, host: pr-hdds-2120-x62sn-1884063469, networkLocation: /default-rack, certSerialId: null}, Type:RATIS, Factor:ONE, State:OPEN]
2019-09-16 16:35:58,521 [grpc-default-executor-0] INFO  impl.RaftServerProxy (RaftServerProxy.java:addNew(89)) - 14b1dfa2-ae53-4602-8fee-1e7c4997de4e: addNew group-BBFDCEF6CC2B:[14b1dfa2-ae53-4602-8fee-1e7c4997de4e:192.168.157.233:34059] returns group-BBFDCEF6CC2B:java.util.concurrent.CompletableFuture@3925574b[Not completed]
2019-09-16 16:35:58,543 [pool-37-thread-1] INFO  impl.RaftServerImpl (RaftServerImpl.java:<init>(95)) - 14b1dfa2-ae53-4602-8fee-1e7c4997de4e: new RaftServerImpl for group-BBFDCEF6CC2B:[14b1dfa2-ae53-4602-8fee-1e7c4997de4e:192.168.157.233:34059] with ContainerStateMachine:uninitialized
2019-09-16 16:35:58,547 [pool-37-thread-1] INFO  server.RaftServerConfigKeys (ConfUtils.java:logGet(43)) - raft.server.rpc.timeout.min = 5s (custom)
2019-09-16 16:35:58,547 [pool-37-thread-1] INFO  server.RaftServerConfigKeys (ConfUtils.java:logGet(43)) - raft.server.rpc.timeout.max = 5200ms (custom)
2019-09-16 16:35:58,547 [pool-37-thread-1] INFO  server.RaftServerConfigKeys (ConfUtils.java:logGet(43)) - raft.server.rpcslowness.timeout = 1000s (custom)
2019-09-16 16:35:58,548 [pool-37-thread-1] INFO  server.RaftServerConfigKeys (ConfUtils.java:logGet(43)) - raft.server.sleep.deviation.threshold = 300 (default)
2019-09-16 16:35:58,548 [pool-37-thread-1] INFO  server.RaftServerConfigKeys (ConfUtils.java:logGet(43)) - raft.server.log.appender.install.snapshot.enabled = false (custom)
2019-09-16 16:35:58,548 [pool-37-thread-1] INFO  impl.RaftServerImpl (ServerState.java:<init>(103)) - 14b1dfa2-ae53-4602-8fee-1e7c4997de4e@group-BBFDCEF6CC2B: ConfigurationManager, init=-1: [14b1dfa2-ae53-4602-8fee-1e7c4997de4e:192.168.157.233:34059], old=null, confs=<EMPTY_MAP>
2019-09-16 16:35:58,548 [pool-37-thread-1] INFO  server.RaftServerConfigKeys (ConfUtils.java:logGet(43)) - raft.server.storage.dir = [/workdir/hadoop-ozone/integration-test/target/test-dir/MiniOzoneClusterImpl-22bfdc7d-05d0-4d53-9e2d-a03578d1348a/datanode-1/data/ratis] (custom)
2019-09-16 16:35:58,549 [pool-37-thread-1] INFO  storage.RaftStorageDirectory (RaftStorageDirectory.java:analyzeStorage(246)) - The storage directory /workdir/hadoop-ozone/integration-test/target/test-dir/MiniOzoneClusterImpl-22bfdc7d-05d0-4d53-9e2d-a03578d1348a/datanode-1/data/ratis/3f40798c-09d9-4c47-b110-bbfdcef6cc2b does not exist. Creating ...
2019-09-16 16:35:58,562 [pool-37-thread-1] INFO  storage.RaftStorageDirectory (RaftStorageDirectory.java:tryLock(328)) - Lock on /workdir/hadoop-ozone/integration-test/target/test-dir/MiniOzoneClusterImpl-22bfdc7d-05d0-4d53-9e2d-a03578d1348a/datanode-1/data/ratis/3f40798c-09d9-4c47-b110-bbfdcef6cc2b/in_use.lock acquired by nodename 19049@pr-hdds-2120-x62sn-1884063469
2019-09-16 16:35:58,575 [pool-37-thread-1] INFO  storage.RaftStorage (RaftStorage.java:format(72)) - Storage directory /workdir/hadoop-ozone/integration-test/target/test-dir/MiniOzoneClusterImpl-22bfdc7d-05d0-4d53-9e2d-a03578d1348a/datanode-1/data/ratis/3f40798c-09d9-4c47-b110-bbfdcef6cc2b has been successfully formatted.
2019-09-16 16:35:58,575 [pool-37-thread-1] INFO  ratis.ContainerStateMachine (ContainerStateMachine.java:loadSnapshot(230)) - group-BBFDCEF6CC2B: The snapshot info is null. Setting the last applied indexto:(t:0, i:~)
2019-09-16 16:35:58,576 [pool-37-thread-1] INFO  server.RaftServerConfigKeys (ConfUtils.java:logGet(43)) - raft.server.notification.no-leader.timeout = 1000s (custom)
2019-09-16 16:35:58,576 [pool-37-thread-1] INFO  server.RaftServerConfigKeys (ConfUtils.java:logGet(43)) - raft.server.log.use.memory = false (default)
2019-09-16 16:35:58,576 [pool-37-thread-1] INFO  server.RaftServerConfigKeys (ConfUtils.java:logGet(43)) - raft.server.log.purge.gap = 1000000 (custom)
2019-09-16 16:35:58,576 [pool-37-thread-1] INFO  server.RaftServerConfigKeys (ConfUtils.java:logGet(43)) - raft.server.log.appender.buffer.byte-limit = 33554432 (custom)
2019-09-16 16:35:58,577 [pool-37-thread-1] INFO  server.RaftServerConfigKeys (ConfUtils.java:logGet(43)) - raft.server.log.segment.size.max = 1048576 (custom)
2019-09-16 16:35:58,577 [pool-37-thread-1] INFO  server.RaftServerConfigKeys (ConfUtils.java:logGet(43)) - raft.server.log.segment.cache.num.max = 2 (custom)
2019-09-16 16:35:58,577 [pool-37-thread-1] INFO  segmented.SegmentedRaftLogWorker (SegmentedRaftLogWorker.java:<init>(172)) - new 14b1dfa2-ae53-4602-8fee-1e7c4997de4e@group-BBFDCEF6CC2B-SegmentedRaftLogWorker for RaftStorage:Storage Directory /workdir/hadoop-ozone/integration-test/target/test-dir/MiniOzoneClusterImpl-22bfdc7d-05d0-4d53-9e2d-a03578d1348a/datanode-1/data/ratis/3f40798c-09d9-4c47-b110-bbfdcef6cc2b
2019-09-16 16:35:58,604 [pool-37-thread-1] INFO  server.RaftServerConfigKeys (ConfUtils.java:logGet(43)) - raft.server.log.queue.byte-limit = 2147483647 (custom)
2019-09-16 16:35:58,605 [pool-37-thread-1] INFO  server.RaftServerConfigKeys (ConfUtils.java:logGet(43)) - raft.server.log.queue.element-limit = 1024 (custom)
2019-09-16 16:35:58,605 [pool-37-thread-1] INFO  server.RaftServerConfigKeys (ConfUtils.java:logGet(43)) - raft.server.log.segment.size.max = 1048576 (custom)
2019-09-16 16:35:58,605 [pool-37-thread-1] INFO  server.RaftServerConfigKeys (ConfUtils.java:logGet(43)) - raft.server.log.preallocated.size = 16384 (custom)
2019-09-16 16:35:58,605 [pool-37-thread-1] INFO  server.RaftServerConfigKeys (ConfUtils.java:logGet(43)) - raft.server.log.write.buffer.size = 33554432 (custom)
2019-09-16 16:35:58,606 [pool-37-thread-1] INFO  server.RaftServerConfigKeys (ConfUtils.java:logGet(43)) - raft.server.log.force.sync.num = 128 (default)
2019-09-16 16:35:58,606 [pool-37-thread-1] INFO  server.RaftServerConfigKeys (ConfUtils.java:logGet(43)) - raft.server.log.statemachine.data.sync = true (default)
2019-09-16 16:35:58,606 [pool-37-thread-1] INFO  server.RaftServerConfigKeys (ConfUtils.java:logGet(43)) - raft.server.log.statemachine.data.sync.timeout = 10s (default)
2019-09-16 16:35:58,606 [pool-37-thread-1] INFO  server.RaftServerConfigKeys (ConfUtils.java:logGet(43)) - raft.server.log.statemachine.data.sync.timeout.retry = -1 (default)
2019-09-16 16:35:58,607 [pool-37-thread-1] INFO  server.RaftServerConfigKeys (ConfUtils.java:logGet(43)) - raft.server.log.statemachine.data.caching.enabled = true (custom)
2019-09-16 16:35:58,607 [pool-37-thread-1] INFO  segmented.SegmentedRaftLogWorker (SegmentedRaftLogWorker.java:lambda$new$0(132)) - 14b1dfa2-ae53-4602-8fee-1e7c4997de4e@group-BBFDCEF6CC2B-SegmentedRaftLogWorker: flushIndex: setUnconditionally 0 -> -1
2019-09-16 16:35:58,608 [pool-37-thread-1] INFO  server.RaftServerConfigKeys (ConfUtils.java:logGet(43)) - raft.server.snapshot.auto.trigger.enabled = true (custom)
2019-09-16 16:35:58,608 [pool-37-thread-1] INFO  server.RaftServerConfigKeys (ConfUtils.java:logGet(43)) - raft.server.snapshot.auto.trigger.threshold = 10000 (custom)
2019-09-16 16:35:58,608 [pool-37-thread-1] INFO  server.RaftServerConfigKeys (ConfUtils.java:logGet(43)) - raft.server.snapshot.retention.num.files = -1 (default)
2019-09-16 16:35:58,608 [pool-37-thread-1] INFO  server.RaftServerConfigKeys (ConfUtils.java:logGet(43)) - raft.server.retrycache.expirytime = 600000ms (custom)
2019-09-16 16:35:58,613 [pool-37-thread-1] INFO  impl.RaftServerImpl (RaftServerImpl.java:start(185)) - 14b1dfa2-ae53-4602-8fee-1e7c4997de4e@group-BBFDCEF6CC2B: start as a follower, conf=-1: [14b1dfa2-ae53-4602-8fee-1e7c4997de4e:192.168.157.233:34059], old=null
2019-09-16 16:35:58,613 [pool-37-thread-1] INFO  impl.RaftServerImpl (RaftServerImpl.java:setRole(174)) - 14b1dfa2-ae53-4602-8fee-1e7c4997de4e@group-BBFDCEF6CC2B: changes role from      null to FOLLOWER at term 0 for startAsFollower
2019-09-16 16:35:58,613 [pool-37-thread-1] INFO  impl.RoleInfo (RoleInfo.java:updateAndGet(143)) - 14b1dfa2-ae53-4602-8fee-1e7c4997de4e: start FollowerState
2019-09-16 16:35:58,614 [pool-37-thread-1] INFO  util.JmxRegister (JmxRegister.java:tryRegister(44)) - Successfully registered JMX Bean with object name Ratis:service=RaftServer,group=group-BBFDCEF6CC2B,id=14b1dfa2-ae53-4602-8fee-1e7c4997de4e
2019-09-16 16:35:58,624 [RatisPipelineUtilsThread] INFO  pipeline.PipelineStateManager (PipelineStateManager.java:addPipeline(56)) - Created pipeline Pipeline[ Id: 3f40798c-09d9-4c47-b110-bbfdcef6cc2b, Nodes: 14b1dfa2-ae53-4602-8fee-1e7c4997de4e{ip: 192.168.157.233, host: pr-hdds-2120-x62sn-1884063469, networkLocation: /default-rack, certSerialId: null}, Type:RATIS, Factor:ONE, State:OPEN]
2019-09-16 16:35:58,642 [grpc-default-executor-0] INFO  impl.RaftServerProxy (RaftServerProxy.java:addNew(89)) - b7c5d2d0-0ba9-4b8e-9df2-25ea41b128b4: addNew group-97064617540B:[b7c5d2d0-0ba9-4b8e-9df2-25ea41b128b4:192.168.157.233:39808] returns group-97064617540B:java.util.concurrent.CompletableFuture@4faf23d8[Not completed]
2019-09-16 16:35:58,644 [pool-57-thread-1] INFO  impl.RaftServerImpl (RaftServerImpl.java:<init>(95)) - b7c5d2d0-0ba9-4b8e-9df2-25ea41b128b4: new RaftServerImpl for group-97064617540B:[b7c5d2d0-0ba9-4b8e-9df2-25ea41b128b4:192.168.157.233:39808] with ContainerStateMachine:uninitialized
2019-09-16 16:35:58,644 [pool-57-thread-1] INFO  server.RaftServerConfigKeys (ConfUtils.java:logGet(43)) - raft.server.rpc.timeout.min = 5s (custom)
2019-09-16 16:35:58,644 [pool-57-thread-1] INFO  server.RaftServerConfigKeys (ConfUtils.java:logGet(43)) - raft.server.rpc.timeout.max = 5200ms (custom)
2019-09-16 16:35:58,645 [pool-57-thread-1] INFO  server.RaftServerConfigKeys (ConfUtils.java:logGet(43)) - raft.server.rpcslowness.timeout = 1000s (custom)
2019-09-16 16:35:58,645 [pool-57-thread-1] INFO  server.RaftServerConfigKeys (ConfUtils.java:logGet(43)) - raft.server.sleep.deviation.threshold = 300 (default)
2019-09-16 16:35:58,645 [pool-57-thread-1] INFO  server.RaftServerConfigKeys (ConfUtils.java:logGet(43)) - raft.server.log.appender.install.snapshot.enabled = false (custom)
2019-09-16 16:35:58,645 [pool-57-thread-1] INFO  impl.RaftServerImpl (ServerState.java:<init>(103)) - b7c5d2d0-0ba9-4b8e-9df2-25ea41b128b4@group-97064617540B: ConfigurationManager, init=-1: [b7c5d2d0-0ba9-4b8e-9df2-25ea41b128b4:192.168.157.233:39808], old=null, confs=<EMPTY_MAP>
2019-09-16 16:35:58,646 [pool-57-thread-1] INFO  server.RaftServerConfigKeys (ConfUtils.java:logGet(43)) - raft.server.storage.dir = [/workdir/hadoop-ozone/integration-test/target/test-dir/MiniOzoneClusterImpl-22bfdc7d-05d0-4d53-9e2d-a03578d1348a/datanode-3/data/ratis] (custom)
2019-09-16 16:35:58,646 [pool-57-thread-1] INFO  storage.RaftStorageDirectory (RaftStorageDirectory.java:analyzeStorage(246)) - The storage directory /workdir/hadoop-ozone/integration-test/target/test-dir/MiniOzoneClusterImpl-22bfdc7d-05d0-4d53-9e2d-a03578d1348a/datanode-3/data/ratis/831f21ef-154f-4f7d-be4a-97064617540b does not exist. Creating ...
2019-09-16 16:35:58,659 [pool-57-thread-1] INFO  storage.RaftStorageDirectory (RaftStorageDirectory.java:tryLock(328)) - Lock on /workdir/hadoop-ozone/integration-test/target/test-dir/MiniOzoneClusterImpl-22bfdc7d-05d0-4d53-9e2d-a03578d1348a/datanode-3/data/ratis/831f21ef-154f-4f7d-be4a-97064617540b/in_use.lock acquired by nodename 19049@pr-hdds-2120-x62sn-1884063469
2019-09-16 16:35:58,672 [pool-57-thread-1] INFO  storage.RaftStorage (RaftStorage.java:format(72)) - Storage directory /workdir/hadoop-ozone/integration-test/target/test-dir/MiniOzoneClusterImpl-22bfdc7d-05d0-4d53-9e2d-a03578d1348a/datanode-3/data/ratis/831f21ef-154f-4f7d-be4a-97064617540b has been successfully formatted.
2019-09-16 16:35:58,673 [pool-57-thread-1] INFO  ratis.ContainerStateMachine (ContainerStateMachine.java:loadSnapshot(230)) - group-97064617540B: The snapshot info is null. Setting the last applied indexto:(t:0, i:~)
2019-09-16 16:35:58,673 [pool-57-thread-1] INFO  server.RaftServerConfigKeys (ConfUtils.java:logGet(43)) - raft.server.notification.no-leader.timeout = 1000s (custom)
2019-09-16 16:35:58,673 [pool-57-thread-1] INFO  server.RaftServerConfigKeys (ConfUtils.java:logGet(43)) - raft.server.log.use.memory = false (default)
2019-09-16 16:35:58,673 [pool-57-thread-1] INFO  server.RaftServerConfigKeys (ConfUtils.java:logGet(43)) - raft.server.log.purge.gap = 1000000 (custom)
2019-09-16 16:35:58,674 [pool-57-thread-1] INFO  server.RaftServerConfigKeys (ConfUtils.java:logGet(43)) - raft.server.log.appender.buffer.byte-limit = 33554432 (custom)
2019-09-16 16:35:58,674 [pool-57-thread-1] INFO  server.RaftServerConfigKeys (ConfUtils.java:logGet(43)) - raft.server.log.segment.size.max = 1048576 (custom)
2019-09-16 16:35:58,674 [pool-57-thread-1] INFO  server.RaftServerConfigKeys (ConfUtils.java:logGet(43)) - raft.server.log.segment.cache.num.max = 2 (custom)
2019-09-16 16:35:58,674 [pool-57-thread-1] INFO  segmented.SegmentedRaftLogWorker (SegmentedRaftLogWorker.java:<init>(172)) - new b7c5d2d0-0ba9-4b8e-9df2-25ea41b128b4@group-97064617540B-SegmentedRaftLogWorker for RaftStorage:Storage Directory /workdir/hadoop-ozone/integration-test/target/test-dir/MiniOzoneClusterImpl-22bfdc7d-05d0-4d53-9e2d-a03578d1348a/datanode-3/data/ratis/831f21ef-154f-4f7d-be4a-97064617540b
2019-09-16 16:35:58,680 [pool-57-thread-1] INFO  server.RaftServerConfigKeys (ConfUtils.java:logGet(43)) - raft.server.log.queue.byte-limit = 2147483647 (custom)
2019-09-16 16:35:58,680 [pool-57-thread-1] INFO  server.RaftServerConfigKeys (ConfUtils.java:logGet(43)) - raft.server.log.queue.element-limit = 1024 (custom)
2019-09-16 16:35:58,680 [pool-57-thread-1] INFO  server.RaftServerConfigKeys (ConfUtils.java:logGet(43)) - raft.server.log.segment.size.max = 1048576 (custom)
2019-09-16 16:35:58,680 [pool-57-thread-1] INFO  server.RaftServerConfigKeys (ConfUtils.java:logGet(43)) - raft.server.log.preallocated.size = 16384 (custom)
2019-09-16 16:35:58,681 [pool-57-thread-1] INFO  server.RaftServerConfigKeys (ConfUtils.java:logGet(43)) - raft.server.log.write.buffer.size = 33554432 (custom)
2019-09-16 16:35:58,681 [pool-57-thread-1] INFO  server.RaftServerConfigKeys (ConfUtils.java:logGet(43)) - raft.server.log.force.sync.num = 128 (default)
2019-09-16 16:35:58,681 [pool-57-thread-1] INFO  server.RaftServerConfigKeys (ConfUtils.java:logGet(43)) - raft.server.log.statemachine.data.sync = true (default)
2019-09-16 16:35:58,681 [pool-57-thread-1] INFO  server.RaftServerConfigKeys (ConfUtils.java:logGet(43)) - raft.server.log.statemachine.data.sync.timeout = 10s (default)
2019-09-16 16:35:58,681 [pool-57-thread-1] INFO  server.RaftServerConfigKeys (ConfUtils.java:logGet(43)) - raft.server.log.statemachine.data.sync.timeout.retry = -1 (default)
2019-09-16 16:35:58,682 [pool-57-thread-1] INFO  server.RaftServerConfigKeys (ConfUtils.java:logGet(43)) - raft.server.log.statemachine.data.caching.enabled = true (custom)
2019-09-16 16:35:58,682 [pool-57-thread-1] INFO  segmented.SegmentedRaftLogWorker (SegmentedRaftLogWorker.java:lambda$new$0(132)) - b7c5d2d0-0ba9-4b8e-9df2-25ea41b128b4@group-97064617540B-SegmentedRaftLogWorker: flushIndex: setUnconditionally 0 -> -1
2019-09-16 16:35:58,683 [pool-57-thread-1] INFO  server.RaftServerConfigKeys (ConfUtils.java:logGet(43)) - raft.server.snapshot.auto.trigger.enabled = true (custom)
2019-09-16 16:35:58,683 [pool-57-thread-1] INFO  server.RaftServerConfigKeys (ConfUtils.java:logGet(43)) - raft.server.snapshot.auto.trigger.threshold = 10000 (custom)
2019-09-16 16:35:58,683 [pool-57-thread-1] INFO  server.RaftServerConfigKeys (ConfUtils.java:logGet(43)) - raft.server.snapshot.retention.num.files = -1 (default)
2019-09-16 16:35:58,684 [pool-57-thread-1] INFO  server.RaftServerConfigKeys (ConfUtils.java:logGet(43)) - raft.server.retrycache.expirytime = 600000ms (custom)
2019-09-16 16:35:58,689 [pool-57-thread-1] INFO  impl.RaftServerImpl (RaftServerImpl.java:start(185)) - b7c5d2d0-0ba9-4b8e-9df2-25ea41b128b4@group-97064617540B: start as a follower, conf=-1: [b7c5d2d0-0ba9-4b8e-9df2-25ea41b128b4:192.168.157.233:39808], old=null
2019-09-16 16:35:58,689 [pool-57-thread-1] INFO  impl.RaftServerImpl (RaftServerImpl.java:setRole(174)) - b7c5d2d0-0ba9-4b8e-9df2-25ea41b128b4@group-97064617540B: changes role from      null to FOLLOWER at term 0 for startAsFollower
2019-09-16 16:35:58,689 [pool-57-thread-1] INFO  impl.RoleInfo (RoleInfo.java:updateAndGet(143)) - b7c5d2d0-0ba9-4b8e-9df2-25ea41b128b4: start FollowerState
2019-09-16 16:35:58,690 [pool-57-thread-1] INFO  util.JmxRegister (JmxRegister.java:tryRegister(44)) - Successfully registered JMX Bean with object name Ratis:service=RaftServer,group=group-97064617540B,id=b7c5d2d0-0ba9-4b8e-9df2-25ea41b128b4
2019-09-16 16:35:58,701 [RatisPipelineUtilsThread] INFO  pipeline.PipelineStateManager (PipelineStateManager.java:addPipeline(56)) - Created pipeline Pipeline[ Id: 831f21ef-154f-4f7d-be4a-97064617540b, Nodes: b7c5d2d0-0ba9-4b8e-9df2-25ea41b128b4{ip: 192.168.157.233, host: pr-hdds-2120-x62sn-1884063469, networkLocation: /default-rack, certSerialId: null}, Type:RATIS, Factor:ONE, State:OPEN]
2019-09-16 16:35:58,749 [grpc-default-executor-2] INFO  impl.RaftServerProxy (RaftServerProxy.java:addNew(89)) - b844e6b5-1f16-47bf-97b2-c0d1d01c0c7e: addNew group-212E4DCDB13A:[8fe6a53f-0f90-4de3-90b3-ec931955170d:192.168.157.233:33035, 14b1dfa2-ae53-4602-8fee-1e7c4997de4e:192.168.157.233:34059, b844e6b5-1f16-47bf-97b2-c0d1d01c0c7e:192.168.157.233:38724] returns group-212E4DCDB13A:java.util.concurrent.CompletableFuture@c3bbfbe[Not completed]
2019-09-16 16:35:58,752 [grpc-default-executor-0] INFO  impl.RaftServerProxy (RaftServerProxy.java:addNew(89)) - 8fe6a53f-0f90-4de3-90b3-ec931955170d: addNew group-212E4DCDB13A:[8fe6a53f-0f90-4de3-90b3-ec931955170d:192.168.157.233:33035, 14b1dfa2-ae53-4602-8fee-1e7c4997de4e:192.168.157.233:34059, b844e6b5-1f16-47bf-97b2-c0d1d01c0c7e:192.168.157.233:38724] returns group-212E4DCDB13A:java.util.concurrent.CompletableFuture@440e209c[Not completed]
2019-09-16 16:35:58,752 [grpc-default-executor-2] INFO  impl.RaftServerProxy (RaftServerProxy.java:addNew(89)) - 14b1dfa2-ae53-4602-8fee-1e7c4997de4e: addNew group-212E4DCDB13A:[8fe6a53f-0f90-4de3-90b3-ec931955170d:192.168.157.233:33035, 14b1dfa2-ae53-4602-8fee-1e7c4997de4e:192.168.157.233:34059, b844e6b5-1f16-47bf-97b2-c0d1d01c0c7e:192.168.157.233:38724] returns group-212E4DCDB13A:java.util.concurrent.CompletableFuture@51c4f810[Not completed]
2019-09-16 16:35:58,753 [pool-27-thread-1] INFO  impl.RaftServerImpl (RaftServerImpl.java:<init>(95)) - b844e6b5-1f16-47bf-97b2-c0d1d01c0c7e: new RaftServerImpl for group-212E4DCDB13A:[8fe6a53f-0f90-4de3-90b3-ec931955170d:192.168.157.233:33035, 14b1dfa2-ae53-4602-8fee-1e7c4997de4e:192.168.157.233:34059, b844e6b5-1f16-47bf-97b2-c0d1d01c0c7e:192.168.157.233:38724] with ContainerStateMachine:uninitialized
2019-09-16 16:35:58,753 [pool-27-thread-1] INFO  server.RaftServerConfigKeys (ConfUtils.java:logGet(43)) - raft.server.rpc.timeout.min = 5s (custom)
2019-09-16 16:35:58,754 [pool-27-thread-1] INFO  server.RaftServerConfigKeys (ConfUtils.java:logGet(43)) - raft.server.rpc.timeout.max = 5200ms (custom)
2019-09-16 16:35:58,754 [pool-27-thread-1] INFO  server.RaftServerConfigKeys (ConfUtils.java:logGet(43)) - raft.server.rpcslowness.timeout = 1000s (custom)
2019-09-16 16:35:58,754 [pool-27-thread-1] INFO  server.RaftServerConfigKeys (ConfUtils.java:logGet(43)) - raft.server.sleep.deviation.threshold = 300 (default)
2019-09-16 16:35:58,754 [pool-37-thread-1] INFO  impl.RaftServerImpl (RaftServerImpl.java:<init>(95)) - 14b1dfa2-ae53-4602-8fee-1e7c4997de4e: new RaftServerImpl for group-212E4DCDB13A:[8fe6a53f-0f90-4de3-90b3-ec931955170d:192.168.157.233:33035, 14b1dfa2-ae53-4602-8fee-1e7c4997de4e:192.168.157.233:34059, b844e6b5-1f16-47bf-97b2-c0d1d01c0c7e:192.168.157.233:38724] with ContainerStateMachine:uninitialized
2019-09-16 16:35:58,754 [pool-27-thread-1] INFO  server.RaftServerConfigKeys (ConfUtils.java:logGet(43)) - raft.server.log.appender.install.snapshot.enabled = false (custom)
2019-09-16 16:35:58,755 [pool-37-thread-1] INFO  server.RaftServerConfigKeys (ConfUtils.java:logGet(43)) - raft.server.rpc.timeout.min = 5s (custom)
2019-09-16 16:35:58,755 [pool-27-thread-1] INFO  impl.RaftServerImpl (ServerState.java:<init>(103)) - b844e6b5-1f16-47bf-97b2-c0d1d01c0c7e@group-212E4DCDB13A: ConfigurationManager, init=-1: [8fe6a53f-0f90-4de3-90b3-ec931955170d:192.168.157.233:33035, 14b1dfa2-ae53-4602-8fee-1e7c4997de4e:192.168.157.233:34059, b844e6b5-1f16-47bf-97b2-c0d1d01c0c7e:192.168.157.233:38724], old=null, confs=<EMPTY_MAP>
2019-09-16 16:35:58,755 [pool-37-thread-1] INFO  server.RaftServerConfigKeys (ConfUtils.java:logGet(43)) - raft.server.rpc.timeout.max = 5200ms (custom)
2019-09-16 16:35:58,755 [pool-27-thread-1] INFO  server.RaftServerConfigKeys (ConfUtils.java:logGet(43)) - raft.server.storage.dir = [/workdir/hadoop-ozone/integration-test/target/test-dir/MiniOzoneClusterImpl-22bfdc7d-05d0-4d53-9e2d-a03578d1348a/datanode-0/data/ratis] (custom)
2019-09-16 16:35:58,755 [pool-37-thread-1] INFO  server.RaftServerConfigKeys (ConfUtils.java:logGet(43)) - raft.server.rpcslowness.timeout = 1000s (custom)
2019-09-16 16:35:58,755 [pool-47-thread-1] INFO  impl.RaftServerImpl (RaftServerImpl.java:<init>(95)) - 8fe6a53f-0f90-4de3-90b3-ec931955170d: new RaftServerImpl for group-212E4DCDB13A:[8fe6a53f-0f90-4de3-90b3-ec931955170d:192.168.157.233:33035, 14b1dfa2-ae53-4602-8fee-1e7c4997de4e:192.168.157.233:34059, b844e6b5-1f16-47bf-97b2-c0d1d01c0c7e:192.168.157.233:38724] with ContainerStateMachine:uninitialized
2019-09-16 16:35:58,755 [pool-37-thread-1] INFO  server.RaftServerConfigKeys (ConfUtils.java:logGet(43)) - raft.server.sleep.deviation.threshold = 300 (default)
2019-09-16 16:35:58,756 [pool-27-thread-1] INFO  storage.RaftStorageDirectory (RaftStorageDirectory.java:analyzeStorage(246)) - The storage directory /workdir/hadoop-ozone/integration-test/target/test-dir/MiniOzoneClusterImpl-22bfdc7d-05d0-4d53-9e2d-a03578d1348a/datanode-0/data/ratis/07c7d3b3-23f3-4ee0-b2f9-212e4dcdb13a does not exist. Creating ...
2019-09-16 16:35:58,756 [pool-47-thread-1] INFO  server.RaftServerConfigKeys (ConfUtils.java:logGet(43)) - raft.server.rpc.timeout.min = 5s (custom)
2019-09-16 16:35:58,756 [pool-37-thread-1] INFO  server.RaftServerConfigKeys (ConfUtils.java:logGet(43)) - raft.server.log.appender.install.snapshot.enabled = false (custom)
2019-09-16 16:35:58,756 [pool-47-thread-1] INFO  server.RaftServerConfigKeys (ConfUtils.java:logGet(43)) - raft.server.rpc.timeout.max = 5200ms (custom)
2019-09-16 16:35:58,756 [pool-37-thread-1] INFO  impl.RaftServerImpl (ServerState.java:<init>(103)) - 14b1dfa2-ae53-4602-8fee-1e7c4997de4e@group-212E4DCDB13A: ConfigurationManager, init=-1: [8fe6a53f-0f90-4de3-90b3-ec931955170d:192.168.157.233:33035, 14b1dfa2-ae53-4602-8fee-1e7c4997de4e:192.168.157.233:34059, b844e6b5-1f16-47bf-97b2-c0d1d01c0c7e:192.168.157.233:38724], old=null, confs=<EMPTY_MAP>
2019-09-16 16:35:58,756 [pool-47-thread-1] INFO  server.RaftServerConfigKeys (ConfUtils.java:logGet(43)) - raft.server.rpcslowness.timeout = 1000s (custom)
2019-09-16 16:35:58,757 [pool-37-thread-1] INFO  server.RaftServerConfigKeys (ConfUtils.java:logGet(43)) - raft.server.storage.dir = [/workdir/hadoop-ozone/integration-test/target/test-dir/MiniOzoneClusterImpl-22bfdc7d-05d0-4d53-9e2d-a03578d1348a/datanode-1/data/ratis] (custom)
2019-09-16 16:35:58,757 [pool-47-thread-1] INFO  server.RaftServerConfigKeys (ConfUtils.java:logGet(43)) - raft.server.sleep.deviation.threshold = 300 (default)
2019-09-16 16:35:58,757 [pool-47-thread-1] INFO  server.RaftServerConfigKeys (ConfUtils.java:logGet(43)) - raft.server.log.appender.install.snapshot.enabled = false (custom)
2019-09-16 16:35:58,757 [pool-37-thread-1] INFO  storage.RaftStorageDirectory (RaftStorageDirectory.java:analyzeStorage(246)) - The storage directory /workdir/hadoop-ozone/integration-test/target/test-dir/MiniOzoneClusterImpl-22bfdc7d-05d0-4d53-9e2d-a03578d1348a/datanode-1/data/ratis/07c7d3b3-23f3-4ee0-b2f9-212e4dcdb13a does not exist. Creating ...
2019-09-16 16:35:58,757 [pool-47-thread-1] INFO  impl.RaftServerImpl (ServerState.java:<init>(103)) - 8fe6a53f-0f90-4de3-90b3-ec931955170d@group-212E4DCDB13A: ConfigurationManager, init=-1: [8fe6a53f-0f90-4de3-90b3-ec931955170d:192.168.157.233:33035, 14b1dfa2-ae53-4602-8fee-1e7c4997de4e:192.168.157.233:34059, b844e6b5-1f16-47bf-97b2-c0d1d01c0c7e:192.168.157.233:38724], old=null, confs=<EMPTY_MAP>
2019-09-16 16:35:58,758 [pool-47-thread-1] INFO  server.RaftServerConfigKeys (ConfUtils.java:logGet(43)) - raft.server.storage.dir = [/workdir/hadoop-ozone/integration-test/target/test-dir/MiniOzoneClusterImpl-22bfdc7d-05d0-4d53-9e2d-a03578d1348a/datanode-2/data/ratis] (custom)
2019-09-16 16:35:58,758 [pool-47-thread-1] INFO  storage.RaftStorageDirectory (RaftStorageDirectory.java:analyzeStorage(246)) - The storage directory /workdir/hadoop-ozone/integration-test/target/test-dir/MiniOzoneClusterImpl-22bfdc7d-05d0-4d53-9e2d-a03578d1348a/datanode-2/data/ratis/07c7d3b3-23f3-4ee0-b2f9-212e4dcdb13a does not exist. Creating ...
2019-09-16 16:35:58,770 [main] INFO  ozone.MiniOzoneClusterImpl (MiniOzoneClusterImpl.java:lambda$waitForClusterToBeReady$0(140)) - Cluster is ready. Got 4 of 4 DN Heartbeats.
2019-09-16 16:35:58,774 [main] INFO  container.ReplicationManager (ReplicationManager.java:start(162)) - Starting Replication Monitor Thread.
2019-09-16 16:35:58,776 [ReplicationMonitor] INFO  container.ReplicationManager (ReplicationManager.java:run(225)) - Replication Monitor Thread took 1 milliseconds for processing 0 containers.
2019-09-16 16:35:58,777 [pool-27-thread-1] INFO  storage.RaftStorageDirectory (RaftStorageDirectory.java:tryLock(328)) - Lock on /workdir/hadoop-ozone/integration-test/target/test-dir/MiniOzoneClusterImpl-22bfdc7d-05d0-4d53-9e2d-a03578d1348a/datanode-0/data/ratis/07c7d3b3-23f3-4ee0-b2f9-212e4dcdb13a/in_use.lock acquired by nodename 19049@pr-hdds-2120-x62sn-1884063469
2019-09-16 16:35:58,777 [pool-37-thread-1] INFO  storage.RaftStorageDirectory (RaftStorageDirectory.java:tryLock(328)) - Lock on /workdir/hadoop-ozone/integration-test/target/test-dir/MiniOzoneClusterImpl-22bfdc7d-05d0-4d53-9e2d-a03578d1348a/datanode-1/data/ratis/07c7d3b3-23f3-4ee0-b2f9-212e4dcdb13a/in_use.lock acquired by nodename 19049@pr-hdds-2120-x62sn-1884063469
2019-09-16 16:35:58,777 [pool-47-thread-1] INFO  storage.RaftStorageDirectory (RaftStorageDirectory.java:tryLock(328)) - Lock on /workdir/hadoop-ozone/integration-test/target/test-dir/MiniOzoneClusterImpl-22bfdc7d-05d0-4d53-9e2d-a03578d1348a/datanode-2/data/ratis/07c7d3b3-23f3-4ee0-b2f9-212e4dcdb13a/in_use.lock acquired by nodename 19049@pr-hdds-2120-x62sn-1884063469
2019-09-16 16:35:58,792 [pool-27-thread-1] INFO  storage.RaftStorage (RaftStorage.java:format(72)) - Storage directory /workdir/hadoop-ozone/integration-test/target/test-dir/MiniOzoneClusterImpl-22bfdc7d-05d0-4d53-9e2d-a03578d1348a/datanode-0/data/ratis/07c7d3b3-23f3-4ee0-b2f9-212e4dcdb13a has been successfully formatted.
2019-09-16 16:35:58,792 [pool-37-thread-1] INFO  storage.RaftStorage (RaftStorage.java:format(72)) - Storage directory /workdir/hadoop-ozone/integration-test/target/test-dir/MiniOzoneClusterImpl-22bfdc7d-05d0-4d53-9e2d-a03578d1348a/datanode-1/data/ratis/07c7d3b3-23f3-4ee0-b2f9-212e4dcdb13a has been successfully formatted.
2019-09-16 16:35:58,792 [pool-47-thread-1] INFO  storage.RaftStorage (RaftStorage.java:format(72)) - Storage directory /workdir/hadoop-ozone/integration-test/target/test-dir/MiniOzoneClusterImpl-22bfdc7d-05d0-4d53-9e2d-a03578d1348a/datanode-2/data/ratis/07c7d3b3-23f3-4ee0-b2f9-212e4dcdb13a has been successfully formatted.
2019-09-16 16:35:58,792 [pool-27-thread-1] INFO  ratis.ContainerStateMachine (ContainerStateMachine.java:loadSnapshot(230)) - group-212E4DCDB13A: The snapshot info is null. Setting the last applied indexto:(t:0, i:~)
2019-09-16 16:35:58,793 [pool-47-thread-1] INFO  ratis.ContainerStateMachine (ContainerStateMachine.java:loadSnapshot(230)) - group-212E4DCDB13A: The snapshot info is null. Setting the last applied indexto:(t:0, i:~)
2019-09-16 16:35:58,793 [pool-37-thread-1] INFO  ratis.ContainerStateMachine (ContainerStateMachine.java:loadSnapshot(230)) - group-212E4DCDB13A: The snapshot info is null. Setting the last applied indexto:(t:0, i:~)
2019-09-16 16:35:58,793 [pool-47-thread-1] INFO  server.RaftServerConfigKeys (ConfUtils.java:logGet(43)) - raft.server.notification.no-leader.timeout = 1000s (custom)
2019-09-16 16:35:58,793 [pool-27-thread-1] INFO  server.RaftServerConfigKeys (ConfUtils.java:logGet(43)) - raft.server.notification.no-leader.timeout = 1000s (custom)
2019-09-16 16:35:58,793 [pool-47-thread-1] INFO  server.RaftServerConfigKeys (ConfUtils.java:logGet(43)) - raft.server.log.use.memory = false (default)
2019-09-16 16:35:58,793 [pool-37-thread-1] INFO  server.RaftServerConfigKeys (ConfUtils.java:logGet(43)) - raft.server.notification.no-leader.timeout = 1000s (custom)
2019-09-16 16:35:58,794 [pool-47-thread-1] INFO  server.RaftServerConfigKeys (ConfUtils.java:logGet(43)) - raft.server.log.purge.gap = 1000000 (custom)
2019-09-16 16:35:58,794 [pool-27-thread-1] INFO  server.RaftServerConfigKeys (ConfUtils.java:logGet(43)) - raft.server.log.use.memory = false (default)
2019-09-16 16:35:58,794 [pool-47-thread-1] INFO  server.RaftServerConfigKeys (ConfUtils.java:logGet(43)) - raft.server.log.appender.buffer.byte-limit = 33554432 (custom)
2019-09-16 16:35:58,794 [pool-37-thread-1] INFO  server.RaftServerConfigKeys (ConfUtils.java:logGet(43)) - raft.server.log.use.memory = false (default)
2019-09-16 16:35:58,795 [pool-47-thread-1] INFO  server.RaftServerConfigKeys (ConfUtils.java:logGet(43)) - raft.server.log.segment.size.max = 1048576 (custom)
2019-09-16 16:35:58,794 [pool-27-thread-1] INFO  server.RaftServerConfigKeys (ConfUtils.java:logGet(43)) - raft.server.log.purge.gap = 1000000 (custom)
2019-09-16 16:35:58,795 [pool-47-thread-1] INFO  server.RaftServerConfigKeys (ConfUtils.java:logGet(43)) - raft.server.log.segment.cache.num.max = 2 (custom)
2019-09-16 16:35:58,795 [pool-37-thread-1] INFO  server.RaftServerConfigKeys (ConfUtils.java:logGet(43)) - raft.server.log.purge.gap = 1000000 (custom)
2019-09-16 16:35:58,795 [pool-47-thread-1] INFO  segmented.SegmentedRaftLogWorker (SegmentedRaftLogWorker.java:<init>(172)) - new 8fe6a53f-0f90-4de3-90b3-ec931955170d@group-212E4DCDB13A-SegmentedRaftLogWorker for RaftStorage:Storage Directory /workdir/hadoop-ozone/integration-test/target/test-dir/MiniOzoneClusterImpl-22bfdc7d-05d0-4d53-9e2d-a03578d1348a/datanode-2/data/ratis/07c7d3b3-23f3-4ee0-b2f9-212e4dcdb13a
2019-09-16 16:35:58,795 [pool-27-thread-1] INFO  server.RaftServerConfigKeys (ConfUtils.java:logGet(43)) - raft.server.log.appender.buffer.byte-limit = 33554432 (custom)
2019-09-16 16:35:58,796 [pool-47-thread-1] INFO  server.RaftServerConfigKeys (ConfUtils.java:logGet(43)) - raft.server.log.queue.byte-limit = 2147483647 (custom)
2019-09-16 16:35:58,796 [pool-37-thread-1] INFO  server.RaftServerConfigKeys (ConfUtils.java:logGet(43)) - raft.server.log.appender.buffer.byte-limit = 33554432 (custom)
2019-09-16 16:35:58,796 [pool-47-thread-1] INFO  server.RaftServerConfigKeys (ConfUtils.java:logGet(43)) - raft.server.log.queue.element-limit = 1024 (custom)
2019-09-16 16:35:58,796 [pool-27-thread-1] INFO  server.RaftServerConfigKeys (ConfUtils.java:logGet(43)) - raft.server.log.segment.size.max = 1048576 (custom)
2019-09-16 16:35:58,797 [pool-47-thread-1] INFO  server.RaftServerConfigKeys (ConfUtils.java:logGet(43)) - raft.server.log.segment.size.max = 1048576 (custom)
2019-09-16 16:35:58,797 [pool-37-thread-1] INFO  server.RaftServerConfigKeys (ConfUtils.java:logGet(43)) - raft.server.log.segment.size.max = 1048576 (custom)
2019-09-16 16:35:58,797 [pool-47-thread-1] INFO  server.RaftServerConfigKeys (ConfUtils.java:logGet(43)) - raft.server.log.preallocated.size = 16384 (custom)
2019-09-16 16:35:58,797 [pool-27-thread-1] INFO  server.RaftServerConfigKeys (ConfUtils.java:logGet(43)) - raft.server.log.segment.cache.num.max = 2 (custom)
2019-09-16 16:35:58,797 [pool-47-thread-1] INFO  server.RaftServerConfigKeys (ConfUtils.java:logGet(43)) - raft.server.log.write.buffer.size = 33554432 (custom)
2019-09-16 16:35:58,797 [pool-37-thread-1] INFO  server.RaftServerConfigKeys (ConfUtils.java:logGet(43)) - raft.server.log.segment.cache.num.max = 2 (custom)
2019-09-16 16:35:58,798 [pool-47-thread-1] INFO  server.RaftServerConfigKeys (ConfUtils.java:logGet(43)) - raft.server.log.force.sync.num = 128 (default)
2019-09-16 16:35:58,798 [pool-27-thread-1] INFO  segmented.SegmentedRaftLogWorker (SegmentedRaftLogWorker.java:<init>(172)) - new b844e6b5-1f16-47bf-97b2-c0d1d01c0c7e@group-212E4DCDB13A-SegmentedRaftLogWorker for RaftStorage:Storage Directory /workdir/hadoop-ozone/integration-test/target/test-dir/MiniOzoneClusterImpl-22bfdc7d-05d0-4d53-9e2d-a03578d1348a/datanode-0/data/ratis/07c7d3b3-23f3-4ee0-b2f9-212e4dcdb13a
2019-09-16 16:35:58,798 [pool-47-thread-1] INFO  server.RaftServerConfigKeys (ConfUtils.java:logGet(43)) - raft.server.log.statemachine.data.sync = true (default)
2019-09-16 16:35:58,798 [pool-37-thread-1] INFO  segmented.SegmentedRaftLogWorker (SegmentedRaftLogWorker.java:<init>(172)) - new 14b1dfa2-ae53-4602-8fee-1e7c4997de4e@group-212E4DCDB13A-SegmentedRaftLogWorker for RaftStorage:Storage Directory /workdir/hadoop-ozone/integration-test/target/test-dir/MiniOzoneClusterImpl-22bfdc7d-05d0-4d53-9e2d-a03578d1348a/datanode-1/data/ratis/07c7d3b3-23f3-4ee0-b2f9-212e4dcdb13a
2019-09-16 16:35:58,799 [pool-47-thread-1] INFO  server.RaftServerConfigKeys (ConfUtils.java:logGet(43)) - raft.server.log.statemachine.data.sync.timeout = 10s (default)
2019-09-16 16:35:58,799 [pool-27-thread-1] INFO  server.RaftServerConfigKeys (ConfUtils.java:logGet(43)) - raft.server.log.queue.byte-limit = 2147483647 (custom)
2019-09-16 16:35:58,799 [pool-47-thread-1] INFO  server.RaftServerConfigKeys (ConfUtils.java:logGet(43)) - raft.server.log.statemachine.data.sync.timeout.retry = -1 (default)
2019-09-16 16:35:58,799 [pool-37-thread-1] INFO  server.RaftServerConfigKeys (ConfUtils.java:logGet(43)) - raft.server.log.queue.byte-limit = 2147483647 (custom)
2019-09-16 16:35:58,800 [pool-47-thread-1] INFO  server.RaftServerConfigKeys (ConfUtils.java:logGet(43)) - raft.server.log.statemachine.data.caching.enabled = true (custom)
2019-09-16 16:35:58,800 [pool-27-thread-1] INFO  server.RaftServerConfigKeys (ConfUtils.java:logGet(43)) - raft.server.log.queue.element-limit = 1024 (custom)
2019-09-16 16:35:58,800 [pool-37-thread-1] INFO  server.RaftServerConfigKeys (ConfUtils.java:logGet(43)) - raft.server.log.queue.element-limit = 1024 (custom)
2019-09-16 16:35:58,801 [pool-27-thread-1] INFO  server.RaftServerConfigKeys (ConfUtils.java:logGet(43)) - raft.server.log.segment.size.max = 1048576 (custom)
2019-09-16 16:35:58,800 [pool-47-thread-1] INFO  segmented.SegmentedRaftLogWorker (SegmentedRaftLogWorker.java:lambda$new$0(132)) - 8fe6a53f-0f90-4de3-90b3-ec931955170d@group-212E4DCDB13A-SegmentedRaftLogWorker: flushIndex: setUnconditionally 0 -> -1
2019-09-16 16:35:58,801 [pool-27-thread-1] INFO  server.RaftServerConfigKeys (ConfUtils.java:logGet(43)) - raft.server.log.preallocated.size = 16384 (custom)
2019-09-16 16:35:58,801 [pool-37-thread-1] INFO  server.RaftServerConfigKeys (ConfUtils.java:logGet(43)) - raft.server.log.segment.size.max = 1048576 (custom)
2019-09-16 16:35:58,801 [pool-47-thread-1] INFO  server.RaftServerConfigKeys (ConfUtils.java:logGet(43)) - raft.server.snapshot.auto.trigger.enabled = true (custom)
2019-09-16 16:35:58,801 [pool-27-thread-1] INFO  server.RaftServerConfigKeys (ConfUtils.java:logGet(43)) - raft.server.log.write.buffer.size = 33554432 (custom)
2019-09-16 16:35:58,802 [pool-47-thread-1] INFO  server.RaftServerConfigKeys (ConfUtils.java:logGet(43)) - raft.server.snapshot.auto.trigger.threshold = 10000 (custom)
2019-09-16 16:35:58,802 [pool-37-thread-1] INFO  server.RaftServerConfigKeys (ConfUtils.java:logGet(43)) - raft.server.log.preallocated.size = 16384 (custom)
2019-09-16 16:35:58,802 [pool-47-thread-1] INFO  server.RaftServerConfigKeys (ConfUtils.java:logGet(43)) - raft.server.snapshot.retention.num.files = -1 (default)
2019-09-16 16:35:58,802 [pool-27-thread-1] INFO  server.RaftServerConfigKeys (ConfUtils.java:logGet(43)) - raft.server.log.force.sync.num = 128 (default)
2019-09-16 16:35:58,803 [pool-47-thread-1] INFO  server.RaftServerConfigKeys (ConfUtils.java:logGet(43)) - raft.server.retrycache.expirytime = 600000ms (custom)
2019-09-16 16:35:58,802 [pool-37-thread-1] INFO  server.RaftServerConfigKeys (ConfUtils.java:logGet(43)) - raft.server.log.write.buffer.size = 33554432 (custom)
2019-09-16 16:35:58,803 [pool-27-thread-1] INFO  server.RaftServerConfigKeys (ConfUtils.java:logGet(43)) - raft.server.log.statemachine.data.sync = true (default)
2019-09-16 16:35:58,803 [pool-37-thread-1] INFO  server.RaftServerConfigKeys (ConfUtils.java:logGet(43)) - raft.server.log.force.sync.num = 128 (default)
2019-09-16 16:35:58,803 [pool-27-thread-1] INFO  server.RaftServerConfigKeys (ConfUtils.java:logGet(43)) - raft.server.log.statemachine.data.sync.timeout = 10s (default)
2019-09-16 16:35:58,803 [pool-37-thread-1] INFO  server.RaftServerConfigKeys (ConfUtils.java:logGet(43)) - raft.server.log.statemachine.data.sync = true (default)
2019-09-16 16:35:58,804 [pool-27-thread-1] INFO  server.RaftServerConfigKeys (ConfUtils.java:logGet(43)) - raft.server.log.statemachine.data.sync.timeout.retry = -1 (default)
2019-09-16 16:35:58,804 [pool-37-thread-1] INFO  server.RaftServerConfigKeys (ConfUtils.java:logGet(43)) - raft.server.log.statemachine.data.sync.timeout = 10s (default)
2019-09-16 16:35:58,804 [pool-27-thread-1] INFO  server.RaftServerConfigKeys (ConfUtils.java:logGet(43)) - raft.server.log.statemachine.data.caching.enabled = true (custom)
2019-09-16 16:35:58,804 [pool-37-thread-1] INFO  server.RaftServerConfigKeys (ConfUtils.java:logGet(43)) - raft.server.log.statemachine.data.sync.timeout.retry = -1 (default)
2019-09-16 16:35:58,805 [pool-27-thread-1] INFO  segmented.SegmentedRaftLogWorker (SegmentedRaftLogWorker.java:lambda$new$0(132)) - b844e6b5-1f16-47bf-97b2-c0d1d01c0c7e@group-212E4DCDB13A-SegmentedRaftLogWorker: flushIndex: setUnconditionally 0 -> -1
2019-09-16 16:35:58,805 [pool-37-thread-1] INFO  server.RaftServerConfigKeys (ConfUtils.java:logGet(43)) - raft.server.log.statemachine.data.caching.enabled = true (custom)
2019-09-16 16:35:58,805 [pool-27-thread-1] INFO  server.RaftServerConfigKeys (ConfUtils.java:logGet(43)) - raft.server.snapshot.auto.trigger.enabled = true (custom)
2019-09-16 16:35:58,805 [pool-27-thread-1] INFO  server.RaftServerConfigKeys (ConfUtils.java:logGet(43)) - raft.server.snapshot.auto.trigger.threshold = 10000 (custom)
2019-09-16 16:35:58,805 [pool-37-thread-1] INFO  segmented.SegmentedRaftLogWorker (SegmentedRaftLogWorker.java:lambda$new$0(132)) - 14b1dfa2-ae53-4602-8fee-1e7c4997de4e@group-212E4DCDB13A-SegmentedRaftLogWorker: flushIndex: setUnconditionally 0 -> -1
2019-09-16 16:35:58,805 [pool-27-thread-1] INFO  server.RaftServerConfigKeys (ConfUtils.java:logGet(43)) - raft.server.snapshot.retention.num.files = -1 (default)
2019-09-16 16:35:58,806 [pool-27-thread-1] INFO  server.RaftServerConfigKeys (ConfUtils.java:logGet(43)) - raft.server.retrycache.expirytime = 600000ms (custom)
2019-09-16 16:35:58,806 [pool-37-thread-1] INFO  server.RaftServerConfigKeys (ConfUtils.java:logGet(43)) - raft.server.snapshot.auto.trigger.enabled = true (custom)
2019-09-16 16:35:58,806 [pool-37-thread-1] INFO  server.RaftServerConfigKeys (ConfUtils.java:logGet(43)) - raft.server.snapshot.auto.trigger.threshold = 10000 (custom)
2019-09-16 16:35:58,807 [pool-37-thread-1] INFO  server.RaftServerConfigKeys (ConfUtils.java:logGet(43)) - raft.server.snapshot.retention.num.files = -1 (default)
2019-09-16 16:35:58,807 [pool-47-thread-1] INFO  impl.RaftServerImpl (RaftServerImpl.java:start(185)) - 8fe6a53f-0f90-4de3-90b3-ec931955170d@group-212E4DCDB13A: start as a follower, conf=-1: [8fe6a53f-0f90-4de3-90b3-ec931955170d:192.168.157.233:33035, 14b1dfa2-ae53-4602-8fee-1e7c4997de4e:192.168.157.233:34059, b844e6b5-1f16-47bf-97b2-c0d1d01c0c7e:192.168.157.233:38724], old=null
2019-09-16 16:35:58,807 [pool-37-thread-1] INFO  server.RaftServerConfigKeys (ConfUtils.java:logGet(43)) - raft.server.retrycache.expirytime = 600000ms (custom)
2019-09-16 16:35:58,807 [pool-47-thread-1] INFO  impl.RaftServerImpl (RaftServerImpl.java:setRole(174)) - 8fe6a53f-0f90-4de3-90b3-ec931955170d@group-212E4DCDB13A: changes role from      null to FOLLOWER at term 0 for startAsFollower
2019-09-16 16:35:58,808 [pool-47-thread-1] INFO  impl.RoleInfo (RoleInfo.java:updateAndGet(143)) - 8fe6a53f-0f90-4de3-90b3-ec931955170d: start FollowerState
2019-09-16 16:35:58,808 [pool-47-thread-1] INFO  util.JmxRegister (JmxRegister.java:tryRegister(44)) - Successfully registered JMX Bean with object name Ratis:service=RaftServer,group=group-212E4DCDB13A,id=8fe6a53f-0f90-4de3-90b3-ec931955170d
2019-09-16 16:35:58,816 [pool-27-thread-1] INFO  impl.RaftServerImpl (RaftServerImpl.java:start(185)) - b844e6b5-1f16-47bf-97b2-c0d1d01c0c7e@group-212E4DCDB13A: start as a follower, conf=-1: [8fe6a53f-0f90-4de3-90b3-ec931955170d:192.168.157.233:33035, 14b1dfa2-ae53-4602-8fee-1e7c4997de4e:192.168.157.233:34059, b844e6b5-1f16-47bf-97b2-c0d1d01c0c7e:192.168.157.233:38724], old=null
2019-09-16 16:35:58,816 [pool-27-thread-1] INFO  impl.RaftServerImpl (RaftServerImpl.java:setRole(174)) - b844e6b5-1f16-47bf-97b2-c0d1d01c0c7e@group-212E4DCDB13A: changes role from      null to FOLLOWER at term 0 for startAsFollower
2019-09-16 16:35:58,818 [pool-27-thread-1] INFO  impl.RoleInfo (RoleInfo.java:updateAndGet(143)) - b844e6b5-1f16-47bf-97b2-c0d1d01c0c7e: start FollowerState
2019-09-16 16:35:58,819 [pool-27-thread-1] INFO  util.JmxRegister (JmxRegister.java:tryRegister(44)) - Successfully registered JMX Bean with object name Ratis:service=RaftServer,group=group-212E4DCDB13A,id=b844e6b5-1f16-47bf-97b2-c0d1d01c0c7e
2019-09-16 16:35:58,824 [pool-37-thread-1] INFO  impl.RaftServerImpl (RaftServerImpl.java:start(185)) - 14b1dfa2-ae53-4602-8fee-1e7c4997de4e@group-212E4DCDB13A: start as a follower, conf=-1: [8fe6a53f-0f90-4de3-90b3-ec931955170d:192.168.157.233:33035, 14b1dfa2-ae53-4602-8fee-1e7c4997de4e:192.168.157.233:34059, b844e6b5-1f16-47bf-97b2-c0d1d01c0c7e:192.168.157.233:38724], old=null
2019-09-16 16:35:58,824 [pool-37-thread-1] INFO  impl.RaftServerImpl (RaftServerImpl.java:setRole(174)) - 14b1dfa2-ae53-4602-8fee-1e7c4997de4e@group-212E4DCDB13A: changes role from      null to FOLLOWER at term 0 for startAsFollower
2019-09-16 16:35:58,825 [pool-37-thread-1] INFO  impl.RoleInfo (RoleInfo.java:updateAndGet(143)) - 14b1dfa2-ae53-4602-8fee-1e7c4997de4e: start FollowerState
2019-09-16 16:35:58,825 [pool-37-thread-1] INFO  util.JmxRegister (JmxRegister.java:tryRegister(44)) - Successfully registered JMX Bean with object name Ratis:service=RaftServer,group=group-212E4DCDB13A,id=14b1dfa2-ae53-4602-8fee-1e7c4997de4e
2019-09-16 16:35:58,845 [RatisPipelineUtilsThread] INFO  pipeline.PipelineStateManager (PipelineStateManager.java:addPipeline(56)) - Created pipeline Pipeline[ Id: 07c7d3b3-23f3-4ee0-b2f9-212e4dcdb13a, Nodes: 8fe6a53f-0f90-4de3-90b3-ec931955170d{ip: 192.168.157.233, host: pr-hdds-2120-x62sn-1884063469, networkLocation: /default-rack, certSerialId: null}b844e6b5-1f16-47bf-97b2-c0d1d01c0c7e{ip: 192.168.157.233, host: pr-hdds-2120-x62sn-1884063469, networkLocation: /default-rack, certSerialId: null}14b1dfa2-ae53-4602-8fee-1e7c4997de4e{ip: 192.168.157.233, host: pr-hdds-2120-x62sn-1884063469, networkLocation: /default-rack, certSerialId: null}, Type:RATIS, Factor:THREE, State:OPEN]
2019-09-16 16:35:59,294 [main] INFO  rpc.RpcClient (RpcClient.java:createVolume(301)) - Creating Volume: testcontainerstatemachinefailures, with jenkins1000 as owner.
2019-09-16 16:35:59,405 [IPC Server handler 2 on 35015] INFO  volume.OMVolumeCreateRequest (OMVolumeCreateRequest.java:validateAndUpdateCache(189)) - created volume:testcontainerstatemachinefailures for user:jenkins1000
2019-09-16 16:35:59,435 [main] INFO  rpc.RpcClient (RpcClient.java:createBucket(440)) - Creating Bucket: testcontainerstatemachinefailures/testcontainerstatemachinefailures, with Versioning false and Storage Type set to DISK and Encryption set to false 
2019-09-16 16:35:59,864 [EventQueue-StaleNodeForStaleNodeHandler] INFO  node.StaleNodeHandler (StaleNodeHandler.java:onMessage(58)) - Datanode 8fe6a53f-0f90-4de3-90b3-ec931955170d{ip: 192.168.157.233, host: pr-hdds-2120-x62sn-1884063469, networkLocation: /default-rack, certSerialId: null} moved to stale state. Finalizing its pipelines [PipelineID=55552d37-7af0-420f-b856-d32403cb83c5, PipelineID=07c7d3b3-23f3-4ee0-b2f9-212e4dcdb13a]
2019-09-16 16:35:59,876 [EventQueue-StaleNodeForStaleNodeHandler] INFO  pipeline.SCMPipelineManager (SCMPipelineManager.java:finalizeAndDestroyPipeline(311)) - destroying pipeline:Pipeline[ Id: 55552d37-7af0-420f-b856-d32403cb83c5, Nodes: 8fe6a53f-0f90-4de3-90b3-ec931955170d{ip: 192.168.157.233, host: pr-hdds-2120-x62sn-1884063469, networkLocation: /default-rack, certSerialId: null}, Type:RATIS, Factor:ONE, State:OPEN]
2019-09-16 16:35:59,896 [EventQueue-StaleNodeForStaleNodeHandler] INFO  pipeline.PipelineStateManager (PipelineStateManager.java:finalizePipeline(123)) - Pipeline Pipeline[ Id: 55552d37-7af0-420f-b856-d32403cb83c5, Nodes: 8fe6a53f-0f90-4de3-90b3-ec931955170d{ip: 192.168.157.233, host: pr-hdds-2120-x62sn-1884063469, networkLocation: /default-rack, certSerialId: null}, Type:RATIS, Factor:ONE, State:CLOSED] moved to CLOSED state
2019-09-16 16:35:59,912 [EventQueue-StaleNodeForStaleNodeHandler] INFO  pipeline.SCMPipelineManager (SCMPipelineManager.java:finalizeAndDestroyPipeline(311)) - destroying pipeline:Pipeline[ Id: 07c7d3b3-23f3-4ee0-b2f9-212e4dcdb13a, Nodes: 8fe6a53f-0f90-4de3-90b3-ec931955170d{ip: 192.168.157.233, host: pr-hdds-2120-x62sn-1884063469, networkLocation: /default-rack, certSerialId: null}b844e6b5-1f16-47bf-97b2-c0d1d01c0c7e{ip: 192.168.157.233, host: pr-hdds-2120-x62sn-1884063469, networkLocation: /default-rack, certSerialId: null}14b1dfa2-ae53-4602-8fee-1e7c4997de4e{ip: 192.168.157.233, host: pr-hdds-2120-x62sn-1884063469, networkLocation: /default-rack, certSerialId: null}, Type:RATIS, Factor:THREE, State:OPEN]
2019-09-16 16:35:59,912 [EventQueue-StaleNodeForStaleNodeHandler] INFO  pipeline.PipelineStateManager (PipelineStateManager.java:finalizePipeline(123)) - Pipeline Pipeline[ Id: 07c7d3b3-23f3-4ee0-b2f9-212e4dcdb13a, Nodes: 8fe6a53f-0f90-4de3-90b3-ec931955170d{ip: 192.168.157.233, host: pr-hdds-2120-x62sn-1884063469, networkLocation: /default-rack, certSerialId: null}b844e6b5-1f16-47bf-97b2-c0d1d01c0c7e{ip: 192.168.157.233, host: pr-hdds-2120-x62sn-1884063469, networkLocation: /default-rack, certSerialId: null}14b1dfa2-ae53-4602-8fee-1e7c4997de4e{ip: 192.168.157.233, host: pr-hdds-2120-x62sn-1884063469, networkLocation: /default-rack, certSerialId: null}, Type:RATIS, Factor:THREE, State:CLOSED] moved to CLOSED state
2019-09-16 16:35:59,913 [EventQueue-StaleNodeForStaleNodeHandler] INFO  node.StaleNodeHandler (StaleNodeHandler.java:onMessage(58)) - Datanode b844e6b5-1f16-47bf-97b2-c0d1d01c0c7e{ip: 192.168.157.233, host: pr-hdds-2120-x62sn-1884063469, networkLocation: /default-rack, certSerialId: null} moved to stale state. Finalizing its pipelines [PipelineID=07c7d3b3-23f3-4ee0-b2f9-212e4dcdb13a, PipelineID=0dec7896-ec52-4258-bfa2-982398780130]
2019-09-16 16:35:59,913 [EventQueue-CloseContainerForCloseContainerEventHandler] INFO  container.CloseContainerEventHandler (CloseContainerEventHandler.java:onMessage(61)) - Close container Event triggered for container : #1
2019-09-16 16:35:59,913 [EventQueue-StaleNodeForStaleNodeHandler] INFO  pipeline.SCMPipelineManager (SCMPipelineManager.java:finalizeAndDestroyPipeline(311)) - destroying pipeline:Pipeline[ Id: 07c7d3b3-23f3-4ee0-b2f9-212e4dcdb13a, Nodes: 8fe6a53f-0f90-4de3-90b3-ec931955170d{ip: 192.168.157.233, host: pr-hdds-2120-x62sn-1884063469, networkLocation: /default-rack, certSerialId: null}b844e6b5-1f16-47bf-97b2-c0d1d01c0c7e{ip: 192.168.157.233, host: pr-hdds-2120-x62sn-1884063469, networkLocation: /default-rack, certSerialId: null}14b1dfa2-ae53-4602-8fee-1e7c4997de4e{ip: 192.168.157.233, host: pr-hdds-2120-x62sn-1884063469, networkLocation: /default-rack, certSerialId: null}, Type:RATIS, Factor:THREE, State:CLOSED]
2019-09-16 16:35:59,915 [EventQueue-StaleNodeForStaleNodeHandler] INFO  pipeline.SCMPipelineManager (SCMPipelineManager.java:finalizeAndDestroyPipeline(311)) - destroying pipeline:Pipeline[ Id: 0dec7896-ec52-4258-bfa2-982398780130, Nodes: b844e6b5-1f16-47bf-97b2-c0d1d01c0c7e{ip: 192.168.157.233, host: pr-hdds-2120-x62sn-1884063469, networkLocation: /default-rack, certSerialId: null}, Type:RATIS, Factor:ONE, State:OPEN]
2019-09-16 16:35:59,915 [EventQueue-StaleNodeForStaleNodeHandler] INFO  pipeline.PipelineStateManager (PipelineStateManager.java:finalizePipeline(123)) - Pipeline Pipeline[ Id: 0dec7896-ec52-4258-bfa2-982398780130, Nodes: b844e6b5-1f16-47bf-97b2-c0d1d01c0c7e{ip: 192.168.157.233, host: pr-hdds-2120-x62sn-1884063469, networkLocation: /default-rack, certSerialId: null}, Type:RATIS, Factor:ONE, State:CLOSED] moved to CLOSED state
2019-09-16 16:35:59,915 [EventQueue-StaleNodeForStaleNodeHandler] INFO  node.StaleNodeHandler (StaleNodeHandler.java:onMessage(58)) - Datanode 14b1dfa2-ae53-4602-8fee-1e7c4997de4e{ip: 192.168.157.233, host: pr-hdds-2120-x62sn-1884063469, networkLocation: /default-rack, certSerialId: null} moved to stale state. Finalizing its pipelines [PipelineID=3f40798c-09d9-4c47-b110-bbfdcef6cc2b, PipelineID=07c7d3b3-23f3-4ee0-b2f9-212e4dcdb13a]
2019-09-16 16:35:59,915 [EventQueue-StaleNodeForStaleNodeHandler] INFO  pipeline.SCMPipelineManager (SCMPipelineManager.java:finalizeAndDestroyPipeline(311)) - destroying pipeline:Pipeline[ Id: 3f40798c-09d9-4c47-b110-bbfdcef6cc2b, Nodes: 14b1dfa2-ae53-4602-8fee-1e7c4997de4e{ip: 192.168.157.233, host: pr-hdds-2120-x62sn-1884063469, networkLocation: /default-rack, certSerialId: null}, Type:RATIS, Factor:ONE, State:OPEN]
2019-09-16 16:35:59,916 [EventQueue-StaleNodeForStaleNodeHandler] INFO  pipeline.PipelineStateManager (PipelineStateManager.java:finalizePipeline(123)) - Pipeline Pipeline[ Id: 3f40798c-09d9-4c47-b110-bbfdcef6cc2b, Nodes: 14b1dfa2-ae53-4602-8fee-1e7c4997de4e{ip: 192.168.157.233, host: pr-hdds-2120-x62sn-1884063469, networkLocation: /default-rack, certSerialId: null}, Type:RATIS, Factor:ONE, State:CLOSED] moved to CLOSED state
2019-09-16 16:35:59,916 [EventQueue-StaleNodeForStaleNodeHandler] INFO  pipeline.SCMPipelineManager (SCMPipelineManager.java:finalizeAndDestroyPipeline(311)) - destroying pipeline:Pipeline[ Id: 07c7d3b3-23f3-4ee0-b2f9-212e4dcdb13a, Nodes: 8fe6a53f-0f90-4de3-90b3-ec931955170d{ip: 192.168.157.233, host: pr-hdds-2120-x62sn-1884063469, networkLocation: /default-rack, certSerialId: null}b844e6b5-1f16-47bf-97b2-c0d1d01c0c7e{ip: 192.168.157.233, host: pr-hdds-2120-x62sn-1884063469, networkLocation: /default-rack, certSerialId: null}14b1dfa2-ae53-4602-8fee-1e7c4997de4e{ip: 192.168.157.233, host: pr-hdds-2120-x62sn-1884063469, networkLocation: /default-rack, certSerialId: null}, Type:RATIS, Factor:THREE, State:CLOSED]
2019-09-16 16:35:59,916 [EventQueue-StaleNodeForStaleNodeHandler] INFO  node.StaleNodeHandler (StaleNodeHandler.java:onMessage(58)) - Datanode b7c5d2d0-0ba9-4b8e-9df2-25ea41b128b4{ip: 192.168.157.233, host: pr-hdds-2120-x62sn-1884063469, networkLocation: /default-rack, certSerialId: null} moved to stale state. Finalizing its pipelines [PipelineID=831f21ef-154f-4f7d-be4a-97064617540b]
2019-09-16 16:35:59,916 [EventQueue-StaleNodeForStaleNodeHandler] INFO  pipeline.SCMPipelineManager (SCMPipelineManager.java:finalizeAndDestroyPipeline(311)) - destroying pipeline:Pipeline[ Id: 831f21ef-154f-4f7d-be4a-97064617540b, Nodes: b7c5d2d0-0ba9-4b8e-9df2-25ea41b128b4{ip: 192.168.157.233, host: pr-hdds-2120-x62sn-1884063469, networkLocation: /default-rack, certSerialId: null}, Type:RATIS, Factor:ONE, State:OPEN]
2019-09-16 16:35:59,916 [EventQueue-StaleNodeForStaleNodeHandler] INFO  pipeline.PipelineStateManager (PipelineStateManager.java:finalizePipeline(123)) - Pipeline Pipeline[ Id: 831f21ef-154f-4f7d-be4a-97064617540b, Nodes: b7c5d2d0-0ba9-4b8e-9df2-25ea41b128b4{ip: 192.168.157.233, host: pr-hdds-2120-x62sn-1884063469, networkLocation: /default-rack, certSerialId: null}, Type:RATIS, Factor:ONE, State:CLOSED] moved to CLOSED state
2019-09-16 16:35:59,921 [EventQueue-CloseContainerForCloseContainerEventHandler] INFO  container.CloseContainerEventHandler (CloseContainerEventHandler.java:onMessage(61)) - Close container Event triggered for container : #1
2019-09-16 16:35:59,982 [grpc-default-executor-2] INFO  impl.RaftServerProxy (RaftServerProxy.java:addNew(89)) - 8fe6a53f-0f90-4de3-90b3-ec931955170d: addNew group-A63C21B8CC38:[8fe6a53f-0f90-4de3-90b3-ec931955170d:192.168.157.233:33035] returns group-A63C21B8CC38:java.util.concurrent.CompletableFuture@292da9b2[Not completed]
2019-09-16 16:35:59,984 [main] INFO  impl.MetricsSystemImpl (MetricsSystemImpl.java:init(158)) - XceiverClientMetrics metrics system started (again)
2019-09-16 16:35:59,984 [pool-47-thread-1] INFO  impl.RaftServerImpl (RaftServerImpl.java:<init>(95)) - 8fe6a53f-0f90-4de3-90b3-ec931955170d: new RaftServerImpl for group-A63C21B8CC38:[8fe6a53f-0f90-4de3-90b3-ec931955170d:192.168.157.233:33035] with ContainerStateMachine:uninitialized
2019-09-16 16:35:59,985 [pool-47-thread-1] INFO  server.RaftServerConfigKeys (ConfUtils.java:logGet(43)) - raft.server.rpc.timeout.min = 5s (custom)
2019-09-16 16:35:59,985 [pool-47-thread-1] INFO  server.RaftServerConfigKeys (ConfUtils.java:logGet(43)) - raft.server.rpc.timeout.max = 5200ms (custom)
2019-09-16 16:35:59,985 [pool-47-thread-1] INFO  server.RaftServerConfigKeys (ConfUtils.java:logGet(43)) - raft.server.rpcslowness.timeout = 1000s (custom)
2019-09-16 16:35:59,985 [pool-47-thread-1] INFO  server.RaftServerConfigKeys (ConfUtils.java:logGet(43)) - raft.server.sleep.deviation.threshold = 300 (default)
2019-09-16 16:35:59,985 [pool-47-thread-1] INFO  server.RaftServerConfigKeys (ConfUtils.java:logGet(43)) - raft.server.log.appender.install.snapshot.enabled = false (custom)
2019-09-16 16:35:59,985 [pool-47-thread-1] INFO  impl.RaftServerImpl (ServerState.java:<init>(103)) - 8fe6a53f-0f90-4de3-90b3-ec931955170d@group-A63C21B8CC38: ConfigurationManager, init=-1: [8fe6a53f-0f90-4de3-90b3-ec931955170d:192.168.157.233:33035], old=null, confs=<EMPTY_MAP>
2019-09-16 16:35:59,986 [pool-47-thread-1] INFO  server.RaftServerConfigKeys (ConfUtils.java:logGet(43)) - raft.server.storage.dir = [/workdir/hadoop-ozone/integration-test/target/test-dir/MiniOzoneClusterImpl-22bfdc7d-05d0-4d53-9e2d-a03578d1348a/datanode-2/data/ratis] (custom)
2019-09-16 16:35:59,986 [pool-47-thread-1] INFO  storage.RaftStorageDirectory (RaftStorageDirectory.java:analyzeStorage(246)) - The storage directory /workdir/hadoop-ozone/integration-test/target/test-dir/MiniOzoneClusterImpl-22bfdc7d-05d0-4d53-9e2d-a03578d1348a/datanode-2/data/ratis/2bae6f8b-e145-4759-b3c9-a63c21b8cc38 does not exist. Creating ...
2019-09-16 16:35:59,999 [pool-47-thread-1] INFO  storage.RaftStorageDirectory (RaftStorageDirectory.java:tryLock(328)) - Lock on /workdir/hadoop-ozone/integration-test/target/test-dir/MiniOzoneClusterImpl-22bfdc7d-05d0-4d53-9e2d-a03578d1348a/datanode-2/data/ratis/2bae6f8b-e145-4759-b3c9-a63c21b8cc38/in_use.lock acquired by nodename 19049@pr-hdds-2120-x62sn-1884063469
2019-09-16 16:36:00,012 [pool-47-thread-1] INFO  storage.RaftStorage (RaftStorage.java:format(72)) - Storage directory /workdir/hadoop-ozone/integration-test/target/test-dir/MiniOzoneClusterImpl-22bfdc7d-05d0-4d53-9e2d-a03578d1348a/datanode-2/data/ratis/2bae6f8b-e145-4759-b3c9-a63c21b8cc38 has been successfully formatted.
2019-09-16 16:36:00,013 [pool-47-thread-1] INFO  ratis.ContainerStateMachine (ContainerStateMachine.java:loadSnapshot(230)) - group-A63C21B8CC38: The snapshot info is null. Setting the last applied indexto:(t:0, i:~)
2019-09-16 16:36:00,013 [pool-47-thread-1] INFO  server.RaftServerConfigKeys (ConfUtils.java:logGet(43)) - raft.server.notification.no-leader.timeout = 1000s (custom)
2019-09-16 16:36:00,013 [pool-47-thread-1] INFO  server.RaftServerConfigKeys (ConfUtils.java:logGet(43)) - raft.server.log.use.memory = false (default)
2019-09-16 16:36:00,013 [pool-47-thread-1] INFO  server.RaftServerConfigKeys (ConfUtils.java:logGet(43)) - raft.server.log.purge.gap = 1000000 (custom)
2019-09-16 16:36:00,013 [pool-47-thread-1] INFO  server.RaftServerConfigKeys (ConfUtils.java:logGet(43)) - raft.server.log.appender.buffer.byte-limit = 33554432 (custom)
2019-09-16 16:36:00,014 [pool-47-thread-1] INFO  server.RaftServerConfigKeys (ConfUtils.java:logGet(43)) - raft.server.log.segment.size.max = 1048576 (custom)
2019-09-16 16:36:00,014 [pool-47-thread-1] INFO  server.RaftServerConfigKeys (ConfUtils.java:logGet(43)) - raft.server.log.segment.cache.num.max = 2 (custom)
2019-09-16 16:36:00,014 [pool-47-thread-1] INFO  segmented.SegmentedRaftLogWorker (SegmentedRaftLogWorker.java:<init>(172)) - new 8fe6a53f-0f90-4de3-90b3-ec931955170d@group-A63C21B8CC38-SegmentedRaftLogWorker for RaftStorage:Storage Directory /workdir/hadoop-ozone/integration-test/target/test-dir/MiniOzoneClusterImpl-22bfdc7d-05d0-4d53-9e2d-a03578d1348a/datanode-2/data/ratis/2bae6f8b-e145-4759-b3c9-a63c21b8cc38
2019-09-16 16:36:00,014 [pool-47-thread-1] INFO  server.RaftServerConfigKeys (ConfUtils.java:logGet(43)) - raft.server.log.queue.byte-limit = 2147483647 (custom)
2019-09-16 16:36:00,014 [pool-47-thread-1] INFO  server.RaftServerConfigKeys (ConfUtils.java:logGet(43)) - raft.server.log.queue.element-limit = 1024 (custom)
2019-09-16 16:36:00,015 [pool-47-thread-1] INFO  server.RaftServerConfigKeys (ConfUtils.java:logGet(43)) - raft.server.log.segment.size.max = 1048576 (custom)
2019-09-16 16:36:00,015 [pool-47-thread-1] INFO  server.RaftServerConfigKeys (ConfUtils.java:logGet(43)) - raft.server.log.preallocated.size = 16384 (custom)
2019-09-16 16:36:00,015 [pool-47-thread-1] INFO  server.RaftServerConfigKeys (ConfUtils.java:logGet(43)) - raft.server.log.write.buffer.size = 33554432 (custom)
2019-09-16 16:36:00,015 [pool-47-thread-1] INFO  server.RaftServerConfigKeys (ConfUtils.java:logGet(43)) - raft.server.log.force.sync.num = 128 (default)
2019-09-16 16:36:00,015 [pool-47-thread-1] INFO  server.RaftServerConfigKeys (ConfUtils.java:logGet(43)) - raft.server.log.statemachine.data.sync = true (default)
2019-09-16 16:36:00,015 [pool-47-thread-1] INFO  server.RaftServerConfigKeys (ConfUtils.java:logGet(43)) - raft.server.log.statemachine.data.sync.timeout = 10s (default)
2019-09-16 16:36:00,016 [pool-47-thread-1] INFO  server.RaftServerConfigKeys (ConfUtils.java:logGet(43)) - raft.server.log.statemachine.data.sync.timeout.retry = -1 (default)
2019-09-16 16:36:00,016 [pool-47-thread-1] INFO  server.RaftServerConfigKeys (ConfUtils.java:logGet(43)) - raft.server.log.statemachine.data.caching.enabled = true (custom)
2019-09-16 16:36:00,016 [pool-47-thread-1] INFO  segmented.SegmentedRaftLogWorker (SegmentedRaftLogWorker.java:lambda$new$0(132)) - 8fe6a53f-0f90-4de3-90b3-ec931955170d@group-A63C21B8CC38-SegmentedRaftLogWorker: flushIndex: setUnconditionally 0 -> -1
2019-09-16 16:36:00,017 [pool-47-thread-1] INFO  server.RaftServerConfigKeys (ConfUtils.java:logGet(43)) - raft.server.snapshot.auto.trigger.enabled = true (custom)
2019-09-16 16:36:00,017 [pool-47-thread-1] INFO  server.RaftServerConfigKeys (ConfUtils.java:logGet(43)) - raft.server.snapshot.auto.trigger.threshold = 10000 (custom)
2019-09-16 16:36:00,017 [pool-47-thread-1] INFO  server.RaftServerConfigKeys (ConfUtils.java:logGet(43)) - raft.server.snapshot.retention.num.files = -1 (default)
2019-09-16 16:36:00,017 [pool-47-thread-1] INFO  server.RaftServerConfigKeys (ConfUtils.java:logGet(43)) - raft.server.retrycache.expirytime = 600000ms (custom)
2019-09-16 16:36:00,021 [pool-47-thread-1] INFO  impl.RaftServerImpl (RaftServerImpl.java:start(185)) - 8fe6a53f-0f90-4de3-90b3-ec931955170d@group-A63C21B8CC38: start as a follower, conf=-1: [8fe6a53f-0f90-4de3-90b3-ec931955170d:192.168.157.233:33035], old=null
2019-09-16 16:36:00,021 [pool-47-thread-1] INFO  impl.RaftServerImpl (RaftServerImpl.java:setRole(174)) - 8fe6a53f-0f90-4de3-90b3-ec931955170d@group-A63C21B8CC38: changes role from      null to FOLLOWER at term 0 for startAsFollower
2019-09-16 16:36:00,021 [pool-47-thread-1] INFO  impl.RoleInfo (RoleInfo.java:updateAndGet(143)) - 8fe6a53f-0f90-4de3-90b3-ec931955170d: start FollowerState
2019-09-16 16:36:00,022 [pool-47-thread-1] INFO  util.JmxRegister (JmxRegister.java:tryRegister(44)) - Successfully registered JMX Bean with object name Ratis:service=RaftServer,group=group-A63C21B8CC38,id=8fe6a53f-0f90-4de3-90b3-ec931955170d
2019-09-16 16:36:00,032 [RatisPipelineUtilsThread] INFO  pipeline.PipelineStateManager (PipelineStateManager.java:addPipeline(56)) - Created pipeline Pipeline[ Id: 2bae6f8b-e145-4759-b3c9-a63c21b8cc38, Nodes: 8fe6a53f-0f90-4de3-90b3-ec931955170d{ip: 192.168.157.233, host: pr-hdds-2120-x62sn-1884063469, networkLocation: /default-rack, certSerialId: null}, Type:RATIS, Factor:ONE, State:OPEN]
2019-09-16 16:36:00,045 [grpc-default-executor-2] INFO  impl.RaftServerProxy (RaftServerProxy.java:addNew(89)) - b844e6b5-1f16-47bf-97b2-c0d1d01c0c7e: addNew group-75BAEA29D896:[b844e6b5-1f16-47bf-97b2-c0d1d01c0c7e:192.168.157.233:38724] returns group-75BAEA29D896:java.util.concurrent.CompletableFuture@5fe4a658[Not completed]
2019-09-16 16:36:00,047 [pool-27-thread-1] INFO  impl.RaftServerImpl (RaftServerImpl.java:<init>(95)) - b844e6b5-1f16-47bf-97b2-c0d1d01c0c7e: new RaftServerImpl for group-75BAEA29D896:[b844e6b5-1f16-47bf-97b2-c0d1d01c0c7e:192.168.157.233:38724] with ContainerStateMachine:uninitialized
2019-09-16 16:36:00,047 [pool-27-thread-1] INFO  server.RaftServerConfigKeys (ConfUtils.java:logGet(43)) - raft.server.rpc.timeout.min = 5s (custom)
2019-09-16 16:36:00,048 [pool-27-thread-1] INFO  server.RaftServerConfigKeys (ConfUtils.java:logGet(43)) - raft.server.rpc.timeout.max = 5200ms (custom)
2019-09-16 16:36:00,048 [pool-27-thread-1] INFO  server.RaftServerConfigKeys (ConfUtils.java:logGet(43)) - raft.server.rpcslowness.timeout = 1000s (custom)
2019-09-16 16:36:00,048 [pool-27-thread-1] INFO  server.RaftServerConfigKeys (ConfUtils.java:logGet(43)) - raft.server.sleep.deviation.threshold = 300 (default)
2019-09-16 16:36:00,048 [pool-27-thread-1] INFO  server.RaftServerConfigKeys (ConfUtils.java:logGet(43)) - raft.server.log.appender.install.snapshot.enabled = false (custom)
2019-09-16 16:36:00,048 [pool-27-thread-1] INFO  impl.RaftServerImpl (ServerState.java:<init>(103)) - b844e6b5-1f16-47bf-97b2-c0d1d01c0c7e@group-75BAEA29D896: ConfigurationManager, init=-1: [b844e6b5-1f16-47bf-97b2-c0d1d01c0c7e:192.168.157.233:38724], old=null, confs=<EMPTY_MAP>
2019-09-16 16:36:00,048 [pool-27-thread-1] INFO  server.RaftServerConfigKeys (ConfUtils.java:logGet(43)) - raft.server.storage.dir = [/workdir/hadoop-ozone/integration-test/target/test-dir/MiniOzoneClusterImpl-22bfdc7d-05d0-4d53-9e2d-a03578d1348a/datanode-0/data/ratis] (custom)
2019-09-16 16:36:00,049 [pool-27-thread-1] INFO  storage.RaftStorageDirectory (RaftStorageDirectory.java:analyzeStorage(246)) - The storage directory /workdir/hadoop-ozone/integration-test/target/test-dir/MiniOzoneClusterImpl-22bfdc7d-05d0-4d53-9e2d-a03578d1348a/datanode-0/data/ratis/e011d693-6b4d-4cf8-a3ff-75baea29d896 does not exist. Creating ...
2019-09-16 16:36:00,062 [pool-27-thread-1] INFO  storage.RaftStorageDirectory (RaftStorageDirectory.java:tryLock(328)) - Lock on /workdir/hadoop-ozone/integration-test/target/test-dir/MiniOzoneClusterImpl-22bfdc7d-05d0-4d53-9e2d-a03578d1348a/datanode-0/data/ratis/e011d693-6b4d-4cf8-a3ff-75baea29d896/in_use.lock acquired by nodename 19049@pr-hdds-2120-x62sn-1884063469
2019-09-16 16:36:00,076 [pool-27-thread-1] INFO  storage.RaftStorage (RaftStorage.java:format(72)) - Storage directory /workdir/hadoop-ozone/integration-test/target/test-dir/MiniOzoneClusterImpl-22bfdc7d-05d0-4d53-9e2d-a03578d1348a/datanode-0/data/ratis/e011d693-6b4d-4cf8-a3ff-75baea29d896 has been successfully formatted.
2019-09-16 16:36:00,076 [pool-27-thread-1] INFO  ratis.ContainerStateMachine (ContainerStateMachine.java:loadSnapshot(230)) - group-75BAEA29D896: The snapshot info is null. Setting the last applied indexto:(t:0, i:~)
2019-09-16 16:36:00,076 [pool-27-thread-1] INFO  server.RaftServerConfigKeys (ConfUtils.java:logGet(43)) - raft.server.notification.no-leader.timeout = 1000s (custom)
2019-09-16 16:36:00,076 [pool-27-thread-1] INFO  server.RaftServerConfigKeys (ConfUtils.java:logGet(43)) - raft.server.log.use.memory = false (default)
2019-09-16 16:36:00,076 [pool-27-thread-1] INFO  server.RaftServerConfigKeys (ConfUtils.java:logGet(43)) - raft.server.log.purge.gap = 1000000 (custom)
2019-09-16 16:36:00,077 [pool-27-thread-1] INFO  server.RaftServerConfigKeys (ConfUtils.java:logGet(43)) - raft.server.log.appender.buffer.byte-limit = 33554432 (custom)
2019-09-16 16:36:00,077 [pool-27-thread-1] INFO  server.RaftServerConfigKeys (ConfUtils.java:logGet(43)) - raft.server.log.segment.size.max = 1048576 (custom)
2019-09-16 16:36:00,077 [pool-27-thread-1] INFO  server.RaftServerConfigKeys (ConfUtils.java:logGet(43)) - raft.server.log.segment.cache.num.max = 2 (custom)
2019-09-16 16:36:00,077 [pool-27-thread-1] INFO  segmented.SegmentedRaftLogWorker (SegmentedRaftLogWorker.java:<init>(172)) - new b844e6b5-1f16-47bf-97b2-c0d1d01c0c7e@group-75BAEA29D896-SegmentedRaftLogWorker for RaftStorage:Storage Directory /workdir/hadoop-ozone/integration-test/target/test-dir/MiniOzoneClusterImpl-22bfdc7d-05d0-4d53-9e2d-a03578d1348a/datanode-0/data/ratis/e011d693-6b4d-4cf8-a3ff-75baea29d896
2019-09-16 16:36:00,077 [pool-27-thread-1] INFO  server.RaftServerConfigKeys (ConfUtils.java:logGet(43)) - raft.server.log.queue.byte-limit = 2147483647 (custom)
2019-09-16 16:36:00,077 [pool-27-thread-1] INFO  server.RaftServerConfigKeys (ConfUtils.java:logGet(43)) - raft.server.log.queue.element-limit = 1024 (custom)
2019-09-16 16:36:00,077 [pool-27-thread-1] INFO  server.RaftServerConfigKeys (ConfUtils.java:logGet(43)) - raft.server.log.segment.size.max = 1048576 (custom)
2019-09-16 16:36:00,077 [pool-27-thread-1] INFO  server.RaftServerConfigKeys (ConfUtils.java:logGet(43)) - raft.server.log.preallocated.size = 16384 (custom)
2019-09-16 16:36:00,078 [pool-27-thread-1] INFO  server.RaftServerConfigKeys (ConfUtils.java:logGet(43)) - raft.server.log.write.buffer.size = 33554432 (custom)
2019-09-16 16:36:00,078 [pool-27-thread-1] INFO  server.RaftServerConfigKeys (ConfUtils.java:logGet(43)) - raft.server.log.force.sync.num = 128 (default)
2019-09-16 16:36:00,078 [pool-27-thread-1] INFO  server.RaftServerConfigKeys (ConfUtils.java:logGet(43)) - raft.server.log.statemachine.data.sync = true (default)
2019-09-16 16:36:00,078 [pool-27-thread-1] INFO  server.RaftServerConfigKeys (ConfUtils.java:logGet(43)) - raft.server.log.statemachine.data.sync.timeout = 10s (default)
2019-09-16 16:36:00,078 [pool-27-thread-1] INFO  server.RaftServerConfigKeys (ConfUtils.java:logGet(43)) - raft.server.log.statemachine.data.sync.timeout.retry = -1 (default)
2019-09-16 16:36:00,078 [pool-27-thread-1] INFO  server.RaftServerConfigKeys (ConfUtils.java:logGet(43)) - raft.server.log.statemachine.data.caching.enabled = true (custom)
2019-09-16 16:36:00,079 [pool-27-thread-1] INFO  segmented.SegmentedRaftLogWorker (SegmentedRaftLogWorker.java:lambda$new$0(132)) - b844e6b5-1f16-47bf-97b2-c0d1d01c0c7e@group-75BAEA29D896-SegmentedRaftLogWorker: flushIndex: setUnconditionally 0 -> -1
2019-09-16 16:36:00,079 [pool-27-thread-1] INFO  server.RaftServerConfigKeys (ConfUtils.java:logGet(43)) - raft.server.snapshot.auto.trigger.enabled = true (custom)
2019-09-16 16:36:00,079 [pool-27-thread-1] INFO  server.RaftServerConfigKeys (ConfUtils.java:logGet(43)) - raft.server.snapshot.auto.trigger.threshold = 10000 (custom)
2019-09-16 16:36:00,079 [pool-27-thread-1] INFO  server.RaftServerConfigKeys (ConfUtils.java:logGet(43)) - raft.server.snapshot.retention.num.files = -1 (default)
2019-09-16 16:36:00,079 [pool-27-thread-1] INFO  server.RaftServerConfigKeys (ConfUtils.java:logGet(43)) - raft.server.retrycache.expirytime = 600000ms (custom)
2019-09-16 16:36:00,082 [pool-27-thread-1] INFO  impl.RaftServerImpl (RaftServerImpl.java:start(185)) - b844e6b5-1f16-47bf-97b2-c0d1d01c0c7e@group-75BAEA29D896: start as a follower, conf=-1: [b844e6b5-1f16-47bf-97b2-c0d1d01c0c7e:192.168.157.233:38724], old=null
2019-09-16 16:36:00,082 [pool-27-thread-1] INFO  impl.RaftServerImpl (RaftServerImpl.java:setRole(174)) - b844e6b5-1f16-47bf-97b2-c0d1d01c0c7e@group-75BAEA29D896: changes role from      null to FOLLOWER at term 0 for startAsFollower
2019-09-16 16:36:00,082 [pool-27-thread-1] INFO  impl.RoleInfo (RoleInfo.java:updateAndGet(143)) - b844e6b5-1f16-47bf-97b2-c0d1d01c0c7e: start FollowerState
2019-09-16 16:36:00,083 [pool-27-thread-1] INFO  util.JmxRegister (JmxRegister.java:tryRegister(44)) - Successfully registered JMX Bean with object name Ratis:service=RaftServer,group=group-75BAEA29D896,id=b844e6b5-1f16-47bf-97b2-c0d1d01c0c7e
2019-09-16 16:36:00,092 [RatisPipelineUtilsThread] INFO  pipeline.PipelineStateManager (PipelineStateManager.java:addPipeline(56)) - Created pipeline Pipeline[ Id: e011d693-6b4d-4cf8-a3ff-75baea29d896, Nodes: b844e6b5-1f16-47bf-97b2-c0d1d01c0c7e{ip: 192.168.157.233, host: pr-hdds-2120-x62sn-1884063469, networkLocation: /default-rack, certSerialId: null}, Type:RATIS, Factor:ONE, State:OPEN]
2019-09-16 16:36:00,110 [grpc-default-executor-2] INFO  impl.RaftServerProxy (RaftServerProxy.java:addNew(89)) - 14b1dfa2-ae53-4602-8fee-1e7c4997de4e: addNew group-561A5EFE0CEB:[14b1dfa2-ae53-4602-8fee-1e7c4997de4e:192.168.157.233:34059] returns group-561A5EFE0CEB:java.util.concurrent.CompletableFuture@1d5f2e29[Not completed]
2019-09-16 16:36:00,114 [pool-37-thread-1] INFO  impl.RaftServerImpl (RaftServerImpl.java:<init>(95)) - 14b1dfa2-ae53-4602-8fee-1e7c4997de4e: new RaftServerImpl for group-561A5EFE0CEB:[14b1dfa2-ae53-4602-8fee-1e7c4997de4e:192.168.157.233:34059] with ContainerStateMachine:uninitialized
2019-09-16 16:36:00,114 [pool-37-thread-1] INFO  server.RaftServerConfigKeys (ConfUtils.java:logGet(43)) - raft.server.rpc.timeout.min = 5s (custom)
2019-09-16 16:36:00,114 [pool-37-thread-1] INFO  server.RaftServerConfigKeys (ConfUtils.java:logGet(43)) - raft.server.rpc.timeout.max = 5200ms (custom)
2019-09-16 16:36:00,114 [pool-37-thread-1] INFO  server.RaftServerConfigKeys (ConfUtils.java:logGet(43)) - raft.server.rpcslowness.timeout = 1000s (custom)
2019-09-16 16:36:00,116 [pool-37-thread-1] INFO  server.RaftServerConfigKeys (ConfUtils.java:logGet(43)) - raft.server.sleep.deviation.threshold = 300 (default)
2019-09-16 16:36:00,116 [pool-37-thread-1] INFO  server.RaftServerConfigKeys (ConfUtils.java:logGet(43)) - raft.server.log.appender.install.snapshot.enabled = false (custom)
2019-09-16 16:36:00,116 [pool-37-thread-1] INFO  impl.RaftServerImpl (ServerState.java:<init>(103)) - 14b1dfa2-ae53-4602-8fee-1e7c4997de4e@group-561A5EFE0CEB: ConfigurationManager, init=-1: [14b1dfa2-ae53-4602-8fee-1e7c4997de4e:192.168.157.233:34059], old=null, confs=<EMPTY_MAP>
2019-09-16 16:36:00,116 [pool-37-thread-1] INFO  server.RaftServerConfigKeys (ConfUtils.java:logGet(43)) - raft.server.storage.dir = [/workdir/hadoop-ozone/integration-test/target/test-dir/MiniOzoneClusterImpl-22bfdc7d-05d0-4d53-9e2d-a03578d1348a/datanode-1/data/ratis] (custom)
2019-09-16 16:36:00,117 [pool-37-thread-1] INFO  storage.RaftStorageDirectory (RaftStorageDirectory.java:analyzeStorage(246)) - The storage directory /workdir/hadoop-ozone/integration-test/target/test-dir/MiniOzoneClusterImpl-22bfdc7d-05d0-4d53-9e2d-a03578d1348a/datanode-1/data/ratis/34c5ba08-509d-4e89-8483-561a5efe0ceb does not exist. Creating ...
2019-09-16 16:36:00,117 [grpc-default-executor-2] INFO  client.GrpcClientProtocolClient (GrpcClientProtocolClient.java:onNext(264)) - client-34298CB98171->8fe6a53f-0f90-4de3-90b3-ec931955170d: receive RaftClientReply:client-34298CB98171->8fe6a53f-0f90-4de3-90b3-ec931955170d@group-212E4DCDB13A, cid=9, FAILED org.apache.ratis.protocol.NotLeaderException: Server 8fe6a53f-0f90-4de3-90b3-ec931955170d@group-212E4DCDB13A is not the leader, logIndex=0, commits[8fe6a53f-0f90-4de3-90b3-ec931955170d:c-1]
2019-09-16 16:36:00,129 [pool-37-thread-1] INFO  storage.RaftStorageDirectory (RaftStorageDirectory.java:tryLock(328)) - Lock on /workdir/hadoop-ozone/integration-test/target/test-dir/MiniOzoneClusterImpl-22bfdc7d-05d0-4d53-9e2d-a03578d1348a/datanode-1/data/ratis/34c5ba08-509d-4e89-8483-561a5efe0ceb/in_use.lock acquired by nodename 19049@pr-hdds-2120-x62sn-1884063469
2019-09-16 16:36:00,143 [pool-37-thread-1] INFO  storage.RaftStorage (RaftStorage.java:format(72)) - Storage directory /workdir/hadoop-ozone/integration-test/target/test-dir/MiniOzoneClusterImpl-22bfdc7d-05d0-4d53-9e2d-a03578d1348a/datanode-1/data/ratis/34c5ba08-509d-4e89-8483-561a5efe0ceb has been successfully formatted.
2019-09-16 16:36:00,143 [pool-37-thread-1] INFO  ratis.ContainerStateMachine (ContainerStateMachine.java:loadSnapshot(230)) - group-561A5EFE0CEB: The snapshot info is null. Setting the last applied indexto:(t:0, i:~)
2019-09-16 16:36:00,144 [pool-37-thread-1] INFO  server.RaftServerConfigKeys (ConfUtils.java:logGet(43)) - raft.server.notification.no-leader.timeout = 1000s (custom)
2019-09-16 16:36:00,144 [pool-37-thread-1] INFO  server.RaftServerConfigKeys (ConfUtils.java:logGet(43)) - raft.server.log.use.memory = false (default)
2019-09-16 16:36:00,144 [pool-37-thread-1] INFO  server.RaftServerConfigKeys (ConfUtils.java:logGet(43)) - raft.server.log.purge.gap = 1000000 (custom)
2019-09-16 16:36:00,144 [pool-37-thread-1] INFO  server.RaftServerConfigKeys (ConfUtils.java:logGet(43)) - raft.server.log.appender.buffer.byte-limit = 33554432 (custom)
2019-09-16 16:36:00,144 [pool-37-thread-1] INFO  server.RaftServerConfigKeys (ConfUtils.java:logGet(43)) - raft.server.log.segment.size.max = 1048576 (custom)
2019-09-16 16:36:00,145 [pool-37-thread-1] INFO  server.RaftServerConfigKeys (ConfUtils.java:logGet(43)) - raft.server.log.segment.cache.num.max = 2 (custom)
2019-09-16 16:36:00,145 [pool-37-thread-1] INFO  segmented.SegmentedRaftLogWorker (SegmentedRaftLogWorker.java:<init>(172)) - new 14b1dfa2-ae53-4602-8fee-1e7c4997de4e@group-561A5EFE0CEB-SegmentedRaftLogWorker for RaftStorage:Storage Directory /workdir/hadoop-ozone/integration-test/target/test-dir/MiniOzoneClusterImpl-22bfdc7d-05d0-4d53-9e2d-a03578d1348a/datanode-1/data/ratis/34c5ba08-509d-4e89-8483-561a5efe0ceb
2019-09-16 16:36:00,145 [pool-37-thread-1] INFO  server.RaftServerConfigKeys (ConfUtils.java:logGet(43)) - raft.server.log.queue.byte-limit = 2147483647 (custom)
2019-09-16 16:36:00,145 [pool-37-thread-1] INFO  server.RaftServerConfigKeys (ConfUtils.java:logGet(43)) - raft.server.log.queue.element-limit = 1024 (custom)
2019-09-16 16:36:00,145 [pool-37-thread-1] INFO  server.RaftServerConfigKeys (ConfUtils.java:logGet(43)) - raft.server.log.segment.size.max = 1048576 (custom)
2019-09-16 16:36:00,145 [pool-37-thread-1] INFO  server.RaftServerConfigKeys (ConfUtils.java:logGet(43)) - raft.server.log.preallocated.size = 16384 (custom)
2019-09-16 16:36:00,146 [pool-37-thread-1] INFO  server.RaftServerConfigKeys (ConfUtils.java:logGet(43)) - raft.server.log.write.buffer.size = 33554432 (custom)
2019-09-16 16:36:00,146 [pool-37-thread-1] INFO  server.RaftServerConfigKeys (ConfUtils.java:logGet(43)) - raft.server.log.force.sync.num = 128 (default)
2019-09-16 16:36:00,146 [pool-37-thread-1] INFO  server.RaftServerConfigKeys (ConfUtils.java:logGet(43)) - raft.server.log.statemachine.data.sync = true (default)
2019-09-16 16:36:00,146 [pool-37-thread-1] INFO  server.RaftServerConfigKeys (ConfUtils.java:logGet(43)) - raft.server.log.statemachine.data.sync.timeout = 10s (default)
2019-09-16 16:36:00,146 [pool-37-thread-1] INFO  server.RaftServerConfigKeys (ConfUtils.java:logGet(43)) - raft.server.log.statemachine.data.sync.timeout.retry = -1 (default)
2019-09-16 16:36:00,147 [pool-37-thread-1] INFO  server.RaftServerConfigKeys (ConfUtils.java:logGet(43)) - raft.server.log.statemachine.data.caching.enabled = true (custom)
2019-09-16 16:36:00,147 [pool-37-thread-1] INFO  segmented.SegmentedRaftLogWorker (SegmentedRaftLogWorker.java:lambda$new$0(132)) - 14b1dfa2-ae53-4602-8fee-1e7c4997de4e@group-561A5EFE0CEB-SegmentedRaftLogWorker: flushIndex: setUnconditionally 0 -> -1
2019-09-16 16:36:00,147 [pool-37-thread-1] INFO  server.RaftServerConfigKeys (ConfUtils.java:logGet(43)) - raft.server.snapshot.auto.trigger.enabled = true (custom)
2019-09-16 16:36:00,147 [pool-37-thread-1] INFO  server.RaftServerConfigKeys (ConfUtils.java:logGet(43)) - raft.server.snapshot.auto.trigger.threshold = 10000 (custom)
2019-09-16 16:36:00,148 [pool-37-thread-1] INFO  server.RaftServerConfigKeys (ConfUtils.java:logGet(43)) - raft.server.snapshot.retention.num.files = -1 (default)
2019-09-16 16:36:00,148 [pool-37-thread-1] INFO  server.RaftServerConfigKeys (ConfUtils.java:logGet(43)) - raft.server.retrycache.expirytime = 600000ms (custom)
2019-09-16 16:36:00,151 [pool-37-thread-1] INFO  impl.RaftServerImpl (RaftServerImpl.java:start(185)) - 14b1dfa2-ae53-4602-8fee-1e7c4997de4e@group-561A5EFE0CEB: start as a follower, conf=-1: [14b1dfa2-ae53-4602-8fee-1e7c4997de4e:192.168.157.233:34059], old=null
2019-09-16 16:36:00,151 [pool-37-thread-1] INFO  impl.RaftServerImpl (RaftServerImpl.java:setRole(174)) - 14b1dfa2-ae53-4602-8fee-1e7c4997de4e@group-561A5EFE0CEB: changes role from      null to FOLLOWER at term 0 for startAsFollower
2019-09-16 16:36:00,151 [pool-37-thread-1] INFO  impl.RoleInfo (RoleInfo.java:updateAndGet(143)) - 14b1dfa2-ae53-4602-8fee-1e7c4997de4e: start FollowerState
2019-09-16 16:36:00,151 [pool-37-thread-1] INFO  util.JmxRegister (JmxRegister.java:tryRegister(44)) - Successfully registered JMX Bean with object name Ratis:service=RaftServer,group=group-561A5EFE0CEB,id=14b1dfa2-ae53-4602-8fee-1e7c4997de4e
2019-09-16 16:36:00,159 [RatisPipelineUtilsThread] INFO  pipeline.PipelineStateManager (PipelineStateManager.java:addPipeline(56)) - Created pipeline Pipeline[ Id: 34c5ba08-509d-4e89-8483-561a5efe0ceb, Nodes: 14b1dfa2-ae53-4602-8fee-1e7c4997de4e{ip: 192.168.157.233, host: pr-hdds-2120-x62sn-1884063469, networkLocation: /default-rack, certSerialId: null}, Type:RATIS, Factor:ONE, State:OPEN]
2019-09-16 16:36:00,171 [grpc-default-executor-2] INFO  impl.RaftServerProxy (RaftServerProxy.java:addNew(89)) - b7c5d2d0-0ba9-4b8e-9df2-25ea41b128b4: addNew group-7AA609738A85:[b7c5d2d0-0ba9-4b8e-9df2-25ea41b128b4:192.168.157.233:39808] returns group-7AA609738A85:java.util.concurrent.CompletableFuture@6b9b78f7[Not completed]
2019-09-16 16:36:00,173 [pool-57-thread-1] INFO  impl.RaftServerImpl (RaftServerImpl.java:<init>(95)) - b7c5d2d0-0ba9-4b8e-9df2-25ea41b128b4: new RaftServerImpl for group-7AA609738A85:[b7c5d2d0-0ba9-4b8e-9df2-25ea41b128b4:192.168.157.233:39808] with ContainerStateMachine:uninitialized
2019-09-16 16:36:00,173 [pool-57-thread-1] INFO  server.RaftServerConfigKeys (ConfUtils.java:logGet(43)) - raft.server.rpc.timeout.min = 5s (custom)
2019-09-16 16:36:00,173 [pool-57-thread-1] INFO  server.RaftServerConfigKeys (ConfUtils.java:logGet(43)) - raft.server.rpc.timeout.max = 5200ms (custom)
2019-09-16 16:36:00,173 [pool-57-thread-1] INFO  server.RaftServerConfigKeys (ConfUtils.java:logGet(43)) - raft.server.rpcslowness.timeout = 1000s (custom)
2019-09-16 16:36:00,173 [pool-57-thread-1] INFO  server.RaftServerConfigKeys (ConfUtils.java:logGet(43)) - raft.server.sleep.deviation.threshold = 300 (default)
2019-09-16 16:36:00,174 [pool-57-thread-1] INFO  server.RaftServerConfigKeys (ConfUtils.java:logGet(43)) - raft.server.log.appender.install.snapshot.enabled = false (custom)
2019-09-16 16:36:00,174 [pool-57-thread-1] INFO  impl.RaftServerImpl (ServerState.java:<init>(103)) - b7c5d2d0-0ba9-4b8e-9df2-25ea41b128b4@group-7AA609738A85: ConfigurationManager, init=-1: [b7c5d2d0-0ba9-4b8e-9df2-25ea41b128b4:192.168.157.233:39808], old=null, confs=<EMPTY_MAP>
2019-09-16 16:36:00,174 [pool-57-thread-1] INFO  server.RaftServerConfigKeys (ConfUtils.java:logGet(43)) - raft.server.storage.dir = [/workdir/hadoop-ozone/integration-test/target/test-dir/MiniOzoneClusterImpl-22bfdc7d-05d0-4d53-9e2d-a03578d1348a/datanode-3/data/ratis] (custom)
2019-09-16 16:36:00,174 [pool-57-thread-1] INFO  storage.RaftStorageDirectory (RaftStorageDirectory.java:analyzeStorage(246)) - The storage directory /workdir/hadoop-ozone/integration-test/target/test-dir/MiniOzoneClusterImpl-22bfdc7d-05d0-4d53-9e2d-a03578d1348a/datanode-3/data/ratis/9d445c4d-3547-459e-846b-7aa609738a85 does not exist. Creating ...
2019-09-16 16:36:00,187 [pool-57-thread-1] INFO  storage.RaftStorageDirectory (RaftStorageDirectory.java:tryLock(328)) - Lock on /workdir/hadoop-ozone/integration-test/target/test-dir/MiniOzoneClusterImpl-22bfdc7d-05d0-4d53-9e2d-a03578d1348a/datanode-3/data/ratis/9d445c4d-3547-459e-846b-7aa609738a85/in_use.lock acquired by nodename 19049@pr-hdds-2120-x62sn-1884063469
2019-09-16 16:36:00,200 [pool-57-thread-1] INFO  storage.RaftStorage (RaftStorage.java:format(72)) - Storage directory /workdir/hadoop-ozone/integration-test/target/test-dir/MiniOzoneClusterImpl-22bfdc7d-05d0-4d53-9e2d-a03578d1348a/datanode-3/data/ratis/9d445c4d-3547-459e-846b-7aa609738a85 has been successfully formatted.
2019-09-16 16:36:00,201 [pool-57-thread-1] INFO  ratis.ContainerStateMachine (ContainerStateMachine.java:loadSnapshot(230)) - group-7AA609738A85: The snapshot info is null. Setting the last applied indexto:(t:0, i:~)
2019-09-16 16:36:00,201 [pool-57-thread-1] INFO  server.RaftServerConfigKeys (ConfUtils.java:logGet(43)) - raft.server.notification.no-leader.timeout = 1000s (custom)
2019-09-16 16:36:00,201 [pool-57-thread-1] INFO  server.RaftServerConfigKeys (ConfUtils.java:logGet(43)) - raft.server.log.use.memory = false (default)
2019-09-16 16:36:00,201 [pool-57-thread-1] INFO  server.RaftServerConfigKeys (ConfUtils.java:logGet(43)) - raft.server.log.purge.gap = 1000000 (custom)
2019-09-16 16:36:00,202 [pool-57-thread-1] INFO  server.RaftServerConfigKeys (ConfUtils.java:logGet(43)) - raft.server.log.appender.buffer.byte-limit = 33554432 (custom)
2019-09-16 16:36:00,202 [pool-57-thread-1] INFO  server.RaftServerConfigKeys (ConfUtils.java:logGet(43)) - raft.server.log.segment.size.max = 1048576 (custom)
2019-09-16 16:36:00,202 [pool-57-thread-1] INFO  server.RaftServerConfigKeys (ConfUtils.java:logGet(43)) - raft.server.log.segment.cache.num.max = 2 (custom)
2019-09-16 16:36:00,202 [pool-57-thread-1] INFO  segmented.SegmentedRaftLogWorker (SegmentedRaftLogWorker.java:<init>(172)) - new b7c5d2d0-0ba9-4b8e-9df2-25ea41b128b4@group-7AA609738A85-SegmentedRaftLogWorker for RaftStorage:Storage Directory /workdir/hadoop-ozone/integration-test/target/test-dir/MiniOzoneClusterImpl-22bfdc7d-05d0-4d53-9e2d-a03578d1348a/datanode-3/data/ratis/9d445c4d-3547-459e-846b-7aa609738a85
2019-09-16 16:36:00,202 [pool-57-thread-1] INFO  server.RaftServerConfigKeys (ConfUtils.java:logGet(43)) - raft.server.log.queue.byte-limit = 2147483647 (custom)
2019-09-16 16:36:00,203 [pool-57-thread-1] INFO  server.RaftServerConfigKeys (ConfUtils.java:logGet(43)) - raft.server.log.queue.element-limit = 1024 (custom)
2019-09-16 16:36:00,203 [pool-57-thread-1] INFO  server.RaftServerConfigKeys (ConfUtils.java:logGet(43)) - raft.server.log.segment.size.max = 1048576 (custom)
2019-09-16 16:36:00,203 [pool-57-thread-1] INFO  server.RaftServerConfigKeys (ConfUtils.java:logGet(43)) - raft.server.log.preallocated.size = 16384 (custom)
2019-09-16 16:36:00,203 [pool-57-thread-1] INFO  server.RaftServerConfigKeys (ConfUtils.java:logGet(43)) - raft.server.log.write.buffer.size = 33554432 (custom)
2019-09-16 16:36:00,203 [pool-57-thread-1] INFO  server.RaftServerConfigKeys (ConfUtils.java:logGet(43)) - raft.server.log.force.sync.num = 128 (default)
2019-09-16 16:36:00,203 [pool-57-thread-1] INFO  server.RaftServerConfigKeys (ConfUtils.java:logGet(43)) - raft.server.log.statemachine.data.sync = true (default)
2019-09-16 16:36:00,204 [pool-57-thread-1] INFO  server.RaftServerConfigKeys (ConfUtils.java:logGet(43)) - raft.server.log.statemachine.data.sync.timeout = 10s (default)
2019-09-16 16:36:00,204 [pool-57-thread-1] INFO  server.RaftServerConfigKeys (ConfUtils.java:logGet(43)) - raft.server.log.statemachine.data.sync.timeout.retry = -1 (default)
2019-09-16 16:36:00,204 [pool-57-thread-1] INFO  server.RaftServerConfigKeys (ConfUtils.java:logGet(43)) - raft.server.log.statemachine.data.caching.enabled = true (custom)
2019-09-16 16:36:00,205 [pool-57-thread-1] INFO  segmented.SegmentedRaftLogWorker (SegmentedRaftLogWorker.java:lambda$new$0(132)) - b7c5d2d0-0ba9-4b8e-9df2-25ea41b128b4@group-7AA609738A85-SegmentedRaftLogWorker: flushIndex: setUnconditionally 0 -> -1
2019-09-16 16:36:00,205 [pool-57-thread-1] INFO  server.RaftServerConfigKeys (ConfUtils.java:logGet(43)) - raft.server.snapshot.auto.trigger.enabled = true (custom)
2019-09-16 16:36:00,205 [pool-57-thread-1] INFO  server.RaftServerConfigKeys (ConfUtils.java:logGet(43)) - raft.server.snapshot.auto.trigger.threshold = 10000 (custom)
2019-09-16 16:36:00,205 [pool-57-thread-1] INFO  server.RaftServerConfigKeys (ConfUtils.java:logGet(43)) - raft.server.snapshot.retention.num.files = -1 (default)
2019-09-16 16:36:00,206 [pool-57-thread-1] INFO  server.RaftServerConfigKeys (ConfUtils.java:logGet(43)) - raft.server.retrycache.expirytime = 600000ms (custom)
2019-09-16 16:36:00,209 [pool-57-thread-1] INFO  impl.RaftServerImpl (RaftServerImpl.java:start(185)) - b7c5d2d0-0ba9-4b8e-9df2-25ea41b128b4@group-7AA609738A85: start as a follower, conf=-1: [b7c5d2d0-0ba9-4b8e-9df2-25ea41b128b4:192.168.157.233:39808], old=null
2019-09-16 16:36:00,209 [pool-57-thread-1] INFO  impl.RaftServerImpl (RaftServerImpl.java:setRole(174)) - b7c5d2d0-0ba9-4b8e-9df2-25ea41b128b4@group-7AA609738A85: changes role from      null to FOLLOWER at term 0 for startAsFollower
2019-09-16 16:36:00,209 [pool-57-thread-1] INFO  impl.RoleInfo (RoleInfo.java:updateAndGet(143)) - b7c5d2d0-0ba9-4b8e-9df2-25ea41b128b4: start FollowerState
2019-09-16 16:36:00,210 [pool-57-thread-1] INFO  util.JmxRegister (JmxRegister.java:tryRegister(44)) - Successfully registered JMX Bean with object name Ratis:service=RaftServer,group=group-7AA609738A85,id=b7c5d2d0-0ba9-4b8e-9df2-25ea41b128b4
2019-09-16 16:36:00,217 [RatisPipelineUtilsThread] INFO  pipeline.PipelineStateManager (PipelineStateManager.java:addPipeline(56)) - Created pipeline Pipeline[ Id: 9d445c4d-3547-459e-846b-7aa609738a85, Nodes: b7c5d2d0-0ba9-4b8e-9df2-25ea41b128b4{ip: 192.168.157.233, host: pr-hdds-2120-x62sn-1884063469, networkLocation: /default-rack, certSerialId: null}, Type:RATIS, Factor:ONE, State:OPEN]
2019-09-16 16:36:00,236 [grpc-default-executor-1] INFO  impl.RaftServerProxy (RaftServerProxy.java:addNew(89)) - 14b1dfa2-ae53-4602-8fee-1e7c4997de4e: addNew group-3B707690B99A:[8fe6a53f-0f90-4de3-90b3-ec931955170d:192.168.157.233:33035, 14b1dfa2-ae53-4602-8fee-1e7c4997de4e:192.168.157.233:34059, b844e6b5-1f16-47bf-97b2-c0d1d01c0c7e:192.168.157.233:38724] returns group-3B707690B99A:java.util.concurrent.CompletableFuture@27a99947[Not completed]
2019-09-16 16:36:00,239 [grpc-default-executor-1] INFO  impl.RaftServerProxy (RaftServerProxy.java:addNew(89)) - 8fe6a53f-0f90-4de3-90b3-ec931955170d: addNew group-3B707690B99A:[8fe6a53f-0f90-4de3-90b3-ec931955170d:192.168.157.233:33035, 14b1dfa2-ae53-4602-8fee-1e7c4997de4e:192.168.157.233:34059, b844e6b5-1f16-47bf-97b2-c0d1d01c0c7e:192.168.157.233:38724] returns group-3B707690B99A:java.util.concurrent.CompletableFuture@54090ef4[Not completed]
2019-09-16 16:36:00,239 [grpc-default-executor-0] INFO  impl.RaftServerProxy (RaftServerProxy.java:addNew(89)) - b844e6b5-1f16-47bf-97b2-c0d1d01c0c7e: addNew group-3B707690B99A:[8fe6a53f-0f90-4de3-90b3-ec931955170d:192.168.157.233:33035, 14b1dfa2-ae53-4602-8fee-1e7c4997de4e:192.168.157.233:34059, b844e6b5-1f16-47bf-97b2-c0d1d01c0c7e:192.168.157.233:38724] returns group-3B707690B99A:java.util.concurrent.CompletableFuture@292f39cc[Not completed]
2019-09-16 16:36:00,241 [pool-37-thread-1] INFO  impl.RaftServerImpl (RaftServerImpl.java:<init>(95)) - 14b1dfa2-ae53-4602-8fee-1e7c4997de4e: new RaftServerImpl for group-3B707690B99A:[8fe6a53f-0f90-4de3-90b3-ec931955170d:192.168.157.233:33035, 14b1dfa2-ae53-4602-8fee-1e7c4997de4e:192.168.157.233:34059, b844e6b5-1f16-47bf-97b2-c0d1d01c0c7e:192.168.157.233:38724] with ContainerStateMachine:uninitialized
2019-09-16 16:36:00,241 [pool-37-thread-1] INFO  server.RaftServerConfigKeys (ConfUtils.java:logGet(43)) - raft.server.rpc.timeout.min = 5s (custom)
2019-09-16 16:36:00,241 [pool-37-thread-1] INFO  server.RaftServerConfigKeys (ConfUtils.java:logGet(43)) - raft.server.rpc.timeout.max = 5200ms (custom)
2019-09-16 16:36:00,241 [pool-37-thread-1] INFO  server.RaftServerConfigKeys (ConfUtils.java:logGet(43)) - raft.server.rpcslowness.timeout = 1000s (custom)
2019-09-16 16:36:00,242 [pool-27-thread-1] INFO  impl.RaftServerImpl (RaftServerImpl.java:<init>(95)) - b844e6b5-1f16-47bf-97b2-c0d1d01c0c7e: new RaftServerImpl for group-3B707690B99A:[8fe6a53f-0f90-4de3-90b3-ec931955170d:192.168.157.233:33035, 14b1dfa2-ae53-4602-8fee-1e7c4997de4e:192.168.157.233:34059, b844e6b5-1f16-47bf-97b2-c0d1d01c0c7e:192.168.157.233:38724] with ContainerStateMachine:uninitialized
2019-09-16 16:36:00,242 [pool-37-thread-1] INFO  server.RaftServerConfigKeys (ConfUtils.java:logGet(43)) - raft.server.sleep.deviation.threshold = 300 (default)
2019-09-16 16:36:00,242 [pool-27-thread-1] INFO  server.RaftServerConfigKeys (ConfUtils.java:logGet(43)) - raft.server.rpc.timeout.min = 5s (custom)
2019-09-16 16:36:00,242 [pool-37-thread-1] INFO  server.RaftServerConfigKeys (ConfUtils.java:logGet(43)) - raft.server.log.appender.install.snapshot.enabled = false (custom)
2019-09-16 16:36:00,242 [pool-27-thread-1] INFO  server.RaftServerConfigKeys (ConfUtils.java:logGet(43)) - raft.server.rpc.timeout.max = 5200ms (custom)
2019-09-16 16:36:00,242 [pool-37-thread-1] INFO  impl.RaftServerImpl (ServerState.java:<init>(103)) - 14b1dfa2-ae53-4602-8fee-1e7c4997de4e@group-3B707690B99A: ConfigurationManager, init=-1: [8fe6a53f-0f90-4de3-90b3-ec931955170d:192.168.157.233:33035, 14b1dfa2-ae53-4602-8fee-1e7c4997de4e:192.168.157.233:34059, b844e6b5-1f16-47bf-97b2-c0d1d01c0c7e:192.168.157.233:38724], old=null, confs=<EMPTY_MAP>
2019-09-16 16:36:00,242 [pool-47-thread-1] INFO  impl.RaftServerImpl (RaftServerImpl.java:<init>(95)) - 8fe6a53f-0f90-4de3-90b3-ec931955170d: new RaftServerImpl for group-3B707690B99A:[8fe6a53f-0f90-4de3-90b3-ec931955170d:192.168.157.233:33035, 14b1dfa2-ae53-4602-8fee-1e7c4997de4e:192.168.157.233:34059, b844e6b5-1f16-47bf-97b2-c0d1d01c0c7e:192.168.157.233:38724] with ContainerStateMachine:uninitialized
2019-09-16 16:36:00,243 [pool-37-thread-1] INFO  server.RaftServerConfigKeys (ConfUtils.java:logGet(43)) - raft.server.storage.dir = [/workdir/hadoop-ozone/integration-test/target/test-dir/MiniOzoneClusterImpl-22bfdc7d-05d0-4d53-9e2d-a03578d1348a/datanode-1/data/ratis] (custom)
2019-09-16 16:36:00,242 [pool-27-thread-1] INFO  server.RaftServerConfigKeys (ConfUtils.java:logGet(43)) - raft.server.rpcslowness.timeout = 1000s (custom)
2019-09-16 16:36:00,243 [pool-47-thread-1] INFO  server.RaftServerConfigKeys (ConfUtils.java:logGet(43)) - raft.server.rpc.timeout.min = 5s (custom)
2019-09-16 16:36:00,243 [pool-27-thread-1] INFO  server.RaftServerConfigKeys (ConfUtils.java:logGet(43)) - raft.server.sleep.deviation.threshold = 300 (default)
2019-09-16 16:36:00,243 [pool-37-thread-1] INFO  storage.RaftStorageDirectory (RaftStorageDirectory.java:analyzeStorage(246)) - The storage directory /workdir/hadoop-ozone/integration-test/target/test-dir/MiniOzoneClusterImpl-22bfdc7d-05d0-4d53-9e2d-a03578d1348a/datanode-1/data/ratis/05ffce5e-c0db-4b7e-9862-3b707690b99a does not exist. Creating ...
2019-09-16 16:36:00,243 [pool-47-thread-1] INFO  server.RaftServerConfigKeys (ConfUtils.java:logGet(43)) - raft.server.rpc.timeout.max = 5200ms (custom)
2019-09-16 16:36:00,243 [pool-27-thread-1] INFO  server.RaftServerConfigKeys (ConfUtils.java:logGet(43)) - raft.server.log.appender.install.snapshot.enabled = false (custom)
2019-09-16 16:36:00,244 [pool-47-thread-1] INFO  server.RaftServerConfigKeys (ConfUtils.java:logGet(43)) - raft.server.rpcslowness.timeout = 1000s (custom)
2019-09-16 16:36:00,244 [pool-27-thread-1] INFO  impl.RaftServerImpl (ServerState.java:<init>(103)) - b844e6b5-1f16-47bf-97b2-c0d1d01c0c7e@group-3B707690B99A: ConfigurationManager, init=-1: [8fe6a53f-0f90-4de3-90b3-ec931955170d:192.168.157.233:33035, 14b1dfa2-ae53-4602-8fee-1e7c4997de4e:192.168.157.233:34059, b844e6b5-1f16-47bf-97b2-c0d1d01c0c7e:192.168.157.233:38724], old=null, confs=<EMPTY_MAP>
2019-09-16 16:36:00,244 [pool-47-thread-1] INFO  server.RaftServerConfigKeys (ConfUtils.java:logGet(43)) - raft.server.sleep.deviation.threshold = 300 (default)
2019-09-16 16:36:00,244 [pool-27-thread-1] INFO  server.RaftServerConfigKeys (ConfUtils.java:logGet(43)) - raft.server.storage.dir = [/workdir/hadoop-ozone/integration-test/target/test-dir/MiniOzoneClusterImpl-22bfdc7d-05d0-4d53-9e2d-a03578d1348a/datanode-0/data/ratis] (custom)
2019-09-16 16:36:00,244 [pool-47-thread-1] INFO  server.RaftServerConfigKeys (ConfUtils.java:logGet(43)) - raft.server.log.appender.install.snapshot.enabled = false (custom)
2019-09-16 16:36:00,245 [pool-47-thread-1] INFO  impl.RaftServerImpl (ServerState.java:<init>(103)) - 8fe6a53f-0f90-4de3-90b3-ec931955170d@group-3B707690B99A: ConfigurationManager, init=-1: [8fe6a53f-0f90-4de3-90b3-ec931955170d:192.168.157.233:33035, 14b1dfa2-ae53-4602-8fee-1e7c4997de4e:192.168.157.233:34059, b844e6b5-1f16-47bf-97b2-c0d1d01c0c7e:192.168.157.233:38724], old=null, confs=<EMPTY_MAP>
2019-09-16 16:36:00,245 [pool-27-thread-1] INFO  storage.RaftStorageDirectory (RaftStorageDirectory.java:analyzeStorage(246)) - The storage directory /workdir/hadoop-ozone/integration-test/target/test-dir/MiniOzoneClusterImpl-22bfdc7d-05d0-4d53-9e2d-a03578d1348a/datanode-0/data/ratis/05ffce5e-c0db-4b7e-9862-3b707690b99a does not exist. Creating ...
2019-09-16 16:36:00,245 [pool-47-thread-1] INFO  server.RaftServerConfigKeys (ConfUtils.java:logGet(43)) - raft.server.storage.dir = [/workdir/hadoop-ozone/integration-test/target/test-dir/MiniOzoneClusterImpl-22bfdc7d-05d0-4d53-9e2d-a03578d1348a/datanode-2/data/ratis] (custom)
2019-09-16 16:36:00,245 [pool-47-thread-1] INFO  storage.RaftStorageDirectory (RaftStorageDirectory.java:analyzeStorage(246)) - The storage directory /workdir/hadoop-ozone/integration-test/target/test-dir/MiniOzoneClusterImpl-22bfdc7d-05d0-4d53-9e2d-a03578d1348a/datanode-2/data/ratis/05ffce5e-c0db-4b7e-9862-3b707690b99a does not exist. Creating ...
2019-09-16 16:36:00,257 [pool-47-thread-1] INFO  storage.RaftStorageDirectory (RaftStorageDirectory.java:tryLock(328)) - Lock on /workdir/hadoop-ozone/integration-test/target/test-dir/MiniOzoneClusterImpl-22bfdc7d-05d0-4d53-9e2d-a03578d1348a/datanode-2/data/ratis/05ffce5e-c0db-4b7e-9862-3b707690b99a/in_use.lock acquired by nodename 19049@pr-hdds-2120-x62sn-1884063469
2019-09-16 16:36:00,257 [pool-27-thread-1] INFO  storage.RaftStorageDirectory (RaftStorageDirectory.java:tryLock(328)) - Lock on /workdir/hadoop-ozone/integration-test/target/test-dir/MiniOzoneClusterImpl-22bfdc7d-05d0-4d53-9e2d-a03578d1348a/datanode-0/data/ratis/05ffce5e-c0db-4b7e-9862-3b707690b99a/in_use.lock acquired by nodename 19049@pr-hdds-2120-x62sn-1884063469
2019-09-16 16:36:00,257 [pool-37-thread-1] INFO  storage.RaftStorageDirectory (RaftStorageDirectory.java:tryLock(328)) - Lock on /workdir/hadoop-ozone/integration-test/target/test-dir/MiniOzoneClusterImpl-22bfdc7d-05d0-4d53-9e2d-a03578d1348a/datanode-1/data/ratis/05ffce5e-c0db-4b7e-9862-3b707690b99a/in_use.lock acquired by nodename 19049@pr-hdds-2120-x62sn-1884063469
2019-09-16 16:36:00,285 [pool-27-thread-1] INFO  storage.RaftStorage (RaftStorage.java:format(72)) - Storage directory /workdir/hadoop-ozone/integration-test/target/test-dir/MiniOzoneClusterImpl-22bfdc7d-05d0-4d53-9e2d-a03578d1348a/datanode-0/data/ratis/05ffce5e-c0db-4b7e-9862-3b707690b99a has been successfully formatted.
2019-09-16 16:36:00,285 [pool-47-thread-1] INFO  storage.RaftStorage (RaftStorage.java:format(72)) - Storage directory /workdir/hadoop-ozone/integration-test/target/test-dir/MiniOzoneClusterImpl-22bfdc7d-05d0-4d53-9e2d-a03578d1348a/datanode-2/data/ratis/05ffce5e-c0db-4b7e-9862-3b707690b99a has been successfully formatted.
2019-09-16 16:36:00,285 [pool-37-thread-1] INFO  storage.RaftStorage (RaftStorage.java:format(72)) - Storage directory /workdir/hadoop-ozone/integration-test/target/test-dir/MiniOzoneClusterImpl-22bfdc7d-05d0-4d53-9e2d-a03578d1348a/datanode-1/data/ratis/05ffce5e-c0db-4b7e-9862-3b707690b99a has been successfully formatted.
2019-09-16 16:36:00,285 [pool-27-thread-1] INFO  ratis.ContainerStateMachine (ContainerStateMachine.java:loadSnapshot(230)) - group-3B707690B99A: The snapshot info is null. Setting the last applied indexto:(t:0, i:~)
2019-09-16 16:36:00,285 [pool-47-thread-1] INFO  ratis.ContainerStateMachine (ContainerStateMachine.java:loadSnapshot(230)) - group-3B707690B99A: The snapshot info is null. Setting the last applied indexto:(t:0, i:~)
2019-09-16 16:36:00,286 [pool-27-thread-1] INFO  server.RaftServerConfigKeys (ConfUtils.java:logGet(43)) - raft.server.notification.no-leader.timeout = 1000s (custom)
2019-09-16 16:36:00,285 [pool-37-thread-1] INFO  ratis.ContainerStateMachine (ContainerStateMachine.java:loadSnapshot(230)) - group-3B707690B99A: The snapshot info is null. Setting the last applied indexto:(t:0, i:~)
2019-09-16 16:36:00,286 [pool-27-thread-1] INFO  server.RaftServerConfigKeys (ConfUtils.java:logGet(43)) - raft.server.log.use.memory = false (default)
2019-09-16 16:36:00,286 [pool-47-thread-1] INFO  server.RaftServerConfigKeys (ConfUtils.java:logGet(43)) - raft.server.notification.no-leader.timeout = 1000s (custom)
2019-09-16 16:36:00,286 [pool-27-thread-1] INFO  server.RaftServerConfigKeys (ConfUtils.java:logGet(43)) - raft.server.log.purge.gap = 1000000 (custom)
2019-09-16 16:36:00,286 [pool-37-thread-1] INFO  server.RaftServerConfigKeys (ConfUtils.java:logGet(43)) - raft.server.notification.no-leader.timeout = 1000s (custom)
2019-09-16 16:36:00,286 [pool-27-thread-1] INFO  server.RaftServerConfigKeys (ConfUtils.java:logGet(43)) - raft.server.log.appender.buffer.byte-limit = 33554432 (custom)
2019-09-16 16:36:00,286 [pool-47-thread-1] INFO  server.RaftServerConfigKeys (ConfUtils.java:logGet(43)) - raft.server.log.use.memory = false (default)
2019-09-16 16:36:00,287 [pool-27-thread-1] INFO  server.RaftServerConfigKeys (ConfUtils.java:logGet(43)) - raft.server.log.segment.size.max = 1048576 (custom)
2019-09-16 16:36:00,287 [pool-37-thread-1] INFO  server.RaftServerConfigKeys (ConfUtils.java:logGet(43)) - raft.server.log.use.memory = false (default)
2019-09-16 16:36:00,287 [pool-27-thread-1] INFO  server.RaftServerConfigKeys (ConfUtils.java:logGet(43)) - raft.server.log.segment.cache.num.max = 2 (custom)
2019-09-16 16:36:00,287 [pool-47-thread-1] INFO  server.RaftServerConfigKeys (ConfUtils.java:logGet(43)) - raft.server.log.purge.gap = 1000000 (custom)
2019-09-16 16:36:00,287 [pool-27-thread-1] INFO  segmented.SegmentedRaftLogWorker (SegmentedRaftLogWorker.java:<init>(172)) - new b844e6b5-1f16-47bf-97b2-c0d1d01c0c7e@group-3B707690B99A-SegmentedRaftLogWorker for RaftStorage:Storage Directory /workdir/hadoop-ozone/integration-test/target/test-dir/MiniOzoneClusterImpl-22bfdc7d-05d0-4d53-9e2d-a03578d1348a/datanode-0/data/ratis/05ffce5e-c0db-4b7e-9862-3b707690b99a
2019-09-16 16:36:00,287 [pool-37-thread-1] INFO  server.RaftServerConfigKeys (ConfUtils.java:logGet(43)) - raft.server.log.purge.gap = 1000000 (custom)
2019-09-16 16:36:00,288 [pool-27-thread-1] INFO  server.RaftServerConfigKeys (ConfUtils.java:logGet(43)) - raft.server.log.queue.byte-limit = 2147483647 (custom)
2019-09-16 16:36:00,288 [pool-47-thread-1] INFO  server.RaftServerConfigKeys (ConfUtils.java:logGet(43)) - raft.server.log.appender.buffer.byte-limit = 33554432 (custom)
2019-09-16 16:36:00,288 [pool-27-thread-1] INFO  server.RaftServerConfigKeys (ConfUtils.java:logGet(43)) - raft.server.log.queue.element-limit = 1024 (custom)
2019-09-16 16:36:00,288 [pool-37-thread-1] INFO  server.RaftServerConfigKeys (ConfUtils.java:logGet(43)) - raft.server.log.appender.buffer.byte-limit = 33554432 (custom)
2019-09-16 16:36:00,288 [pool-27-thread-1] INFO  server.RaftServerConfigKeys (ConfUtils.java:logGet(43)) - raft.server.log.segment.size.max = 1048576 (custom)
2019-09-16 16:36:00,288 [pool-47-thread-1] INFO  server.RaftServerConfigKeys (ConfUtils.java:logGet(43)) - raft.server.log.segment.size.max = 1048576 (custom)
2019-09-16 16:36:00,289 [pool-27-thread-1] INFO  server.RaftServerConfigKeys (ConfUtils.java:logGet(43)) - raft.server.log.preallocated.size = 16384 (custom)
2019-09-16 16:36:00,289 [pool-37-thread-1] INFO  server.RaftServerConfigKeys (ConfUtils.java:logGet(43)) - raft.server.log.segment.size.max = 1048576 (custom)
2019-09-16 16:36:00,289 [pool-27-thread-1] INFO  server.RaftServerConfigKeys (ConfUtils.java:logGet(43)) - raft.server.log.write.buffer.size = 33554432 (custom)
2019-09-16 16:36:00,289 [pool-47-thread-1] INFO  server.RaftServerConfigKeys (ConfUtils.java:logGet(43)) - raft.server.log.segment.cache.num.max = 2 (custom)
2019-09-16 16:36:00,289 [pool-27-thread-1] INFO  server.RaftServerConfigKeys (ConfUtils.java:logGet(43)) - raft.server.log.force.sync.num = 128 (default)
2019-09-16 16:36:00,289 [pool-37-thread-1] INFO  server.RaftServerConfigKeys (ConfUtils.java:logGet(43)) - raft.server.log.segment.cache.num.max = 2 (custom)
2019-09-16 16:36:00,290 [pool-27-thread-1] INFO  server.RaftServerConfigKeys (ConfUtils.java:logGet(43)) - raft.server.log.statemachine.data.sync = true (default)
2019-09-16 16:36:00,290 [pool-47-thread-1] INFO  segmented.SegmentedRaftLogWorker (SegmentedRaftLogWorker.java:<init>(172)) - new 8fe6a53f-0f90-4de3-90b3-ec931955170d@group-3B707690B99A-SegmentedRaftLogWorker for RaftStorage:Storage Directory /workdir/hadoop-ozone/integration-test/target/test-dir/MiniOzoneClusterImpl-22bfdc7d-05d0-4d53-9e2d-a03578d1348a/datanode-2/data/ratis/05ffce5e-c0db-4b7e-9862-3b707690b99a
2019-09-16 16:36:00,290 [pool-27-thread-1] INFO  server.RaftServerConfigKeys (ConfUtils.java:logGet(43)) - raft.server.log.statemachine.data.sync.timeout = 10s (default)
2019-09-16 16:36:00,290 [pool-37-thread-1] INFO  segmented.SegmentedRaftLogWorker (SegmentedRaftLogWorker.java:<init>(172)) - new 14b1dfa2-ae53-4602-8fee-1e7c4997de4e@group-3B707690B99A-SegmentedRaftLogWorker for RaftStorage:Storage Directory /workdir/hadoop-ozone/integration-test/target/test-dir/MiniOzoneClusterImpl-22bfdc7d-05d0-4d53-9e2d-a03578d1348a/datanode-1/data/ratis/05ffce5e-c0db-4b7e-9862-3b707690b99a
2019-09-16 16:36:00,290 [pool-27-thread-1] INFO  server.RaftServerConfigKeys (ConfUtils.java:logGet(43)) - raft.server.log.statemachine.data.sync.timeout.retry = -1 (default)
2019-09-16 16:36:00,290 [pool-47-thread-1] INFO  server.RaftServerConfigKeys (ConfUtils.java:logGet(43)) - raft.server.log.queue.byte-limit = 2147483647 (custom)
2019-09-16 16:36:00,291 [pool-27-thread-1] INFO  server.RaftServerConfigKeys (ConfUtils.java:logGet(43)) - raft.server.log.statemachine.data.caching.enabled = true (custom)
2019-09-16 16:36:00,290 [pool-37-thread-1] INFO  server.RaftServerConfigKeys (ConfUtils.java:logGet(43)) - raft.server.log.queue.byte-limit = 2147483647 (custom)
2019-09-16 16:36:00,291 [pool-47-thread-1] INFO  server.RaftServerConfigKeys (ConfUtils.java:logGet(43)) - raft.server.log.queue.element-limit = 1024 (custom)
2019-09-16 16:36:00,291 [pool-27-thread-1] INFO  segmented.SegmentedRaftLogWorker (SegmentedRaftLogWorker.java:lambda$new$0(132)) - b844e6b5-1f16-47bf-97b2-c0d1d01c0c7e@group-3B707690B99A-SegmentedRaftLogWorker: flushIndex: setUnconditionally 0 -> -1
2019-09-16 16:36:00,291 [pool-37-thread-1] INFO  server.RaftServerConfigKeys (ConfUtils.java:logGet(43)) - raft.server.log.queue.element-limit = 1024 (custom)
2019-09-16 16:36:00,291 [pool-47-thread-1] INFO  server.RaftServerConfigKeys (ConfUtils.java:logGet(43)) - raft.server.log.segment.size.max = 1048576 (custom)
2019-09-16 16:36:00,291 [pool-37-thread-1] INFO  server.RaftServerConfigKeys (ConfUtils.java:logGet(43)) - raft.server.log.segment.size.max = 1048576 (custom)
2019-09-16 16:36:00,291 [pool-27-thread-1] INFO  server.RaftServerConfigKeys (ConfUtils.java:logGet(43)) - raft.server.snapshot.auto.trigger.enabled = true (custom)
2019-09-16 16:36:00,292 [pool-37-thread-1] INFO  server.RaftServerConfigKeys (ConfUtils.java:logGet(43)) - raft.server.log.preallocated.size = 16384 (custom)
2019-09-16 16:36:00,292 [pool-37-thread-1] INFO  server.RaftServerConfigKeys (ConfUtils.java:logGet(43)) - raft.server.log.write.buffer.size = 33554432 (custom)
2019-09-16 16:36:00,292 [pool-47-thread-1] INFO  server.RaftServerConfigKeys (ConfUtils.java:logGet(43)) - raft.server.log.preallocated.size = 16384 (custom)
2019-09-16 16:36:00,292 [pool-37-thread-1] INFO  server.RaftServerConfigKeys (ConfUtils.java:logGet(43)) - raft.server.log.force.sync.num = 128 (default)
2019-09-16 16:36:00,292 [pool-27-thread-1] INFO  server.RaftServerConfigKeys (ConfUtils.java:logGet(43)) - raft.server.snapshot.auto.trigger.threshold = 10000 (custom)
2019-09-16 16:36:00,293 [pool-37-thread-1] INFO  server.RaftServerConfigKeys (ConfUtils.java:logGet(43)) - raft.server.log.statemachine.data.sync = true (default)
2019-09-16 16:36:00,292 [pool-47-thread-1] INFO  server.RaftServerConfigKeys (ConfUtils.java:logGet(43)) - raft.server.log.write.buffer.size = 33554432 (custom)
2019-09-16 16:36:00,293 [pool-37-thread-1] INFO  server.RaftServerConfigKeys (ConfUtils.java:logGet(43)) - raft.server.log.statemachine.data.sync.timeout = 10s (default)
2019-09-16 16:36:00,293 [pool-27-thread-1] INFO  server.RaftServerConfigKeys (ConfUtils.java:logGet(43)) - raft.server.snapshot.retention.num.files = -1 (default)
2019-09-16 16:36:00,293 [pool-37-thread-1] INFO  server.RaftServerConfigKeys (ConfUtils.java:logGet(43)) - raft.server.log.statemachine.data.sync.timeout.retry = -1 (default)
2019-09-16 16:36:00,293 [pool-47-thread-1] INFO  server.RaftServerConfigKeys (ConfUtils.java:logGet(43)) - raft.server.log.force.sync.num = 128 (default)
2019-09-16 16:36:00,294 [pool-37-thread-1] INFO  server.RaftServerConfigKeys (ConfUtils.java:logGet(43)) - raft.server.log.statemachine.data.caching.enabled = true (custom)
2019-09-16 16:36:00,294 [pool-27-thread-1] INFO  server.RaftServerConfigKeys (ConfUtils.java:logGet(43)) - raft.server.retrycache.expirytime = 600000ms (custom)
2019-09-16 16:36:00,294 [pool-47-thread-1] INFO  server.RaftServerConfigKeys (ConfUtils.java:logGet(43)) - raft.server.log.statemachine.data.sync = true (default)
2019-09-16 16:36:00,294 [pool-37-thread-1] INFO  segmented.SegmentedRaftLogWorker (SegmentedRaftLogWorker.java:lambda$new$0(132)) - 14b1dfa2-ae53-4602-8fee-1e7c4997de4e@group-3B707690B99A-SegmentedRaftLogWorker: flushIndex: setUnconditionally 0 -> -1
2019-09-16 16:36:00,294 [pool-47-thread-1] INFO  server.RaftServerConfigKeys (ConfUtils.java:logGet(43)) - raft.server.log.statemachine.data.sync.timeout = 10s (default)
2019-09-16 16:36:00,295 [pool-37-thread-1] INFO  server.RaftServerConfigKeys (ConfUtils.java:logGet(43)) - raft.server.snapshot.auto.trigger.enabled = true (custom)
2019-09-16 16:36:00,295 [pool-47-thread-1] INFO  server.RaftServerConfigKeys (ConfUtils.java:logGet(43)) - raft.server.log.statemachine.data.sync.timeout.retry = -1 (default)
2019-09-16 16:36:00,295 [pool-37-thread-1] INFO  server.RaftServerConfigKeys (ConfUtils.java:logGet(43)) - raft.server.snapshot.auto.trigger.threshold = 10000 (custom)
2019-09-16 16:36:00,295 [pool-47-thread-1] INFO  server.RaftServerConfigKeys (ConfUtils.java:logGet(43)) - raft.server.log.statemachine.data.caching.enabled = true (custom)
2019-09-16 16:36:00,295 [pool-37-thread-1] INFO  server.RaftServerConfigKeys (ConfUtils.java:logGet(43)) - raft.server.snapshot.retention.num.files = -1 (default)
2019-09-16 16:36:00,295 [pool-47-thread-1] INFO  segmented.SegmentedRaftLogWorker (SegmentedRaftLogWorker.java:lambda$new$0(132)) - 8fe6a53f-0f90-4de3-90b3-ec931955170d@group-3B707690B99A-SegmentedRaftLogWorker: flushIndex: setUnconditionally 0 -> -1
2019-09-16 16:36:00,296 [pool-37-thread-1] INFO  server.RaftServerConfigKeys (ConfUtils.java:logGet(43)) - raft.server.retrycache.expirytime = 600000ms (custom)
2019-09-16 16:36:00,296 [pool-47-thread-1] INFO  server.RaftServerConfigKeys (ConfUtils.java:logGet(43)) - raft.server.snapshot.auto.trigger.enabled = true (custom)
2019-09-16 16:36:00,296 [pool-47-thread-1] INFO  server.RaftServerConfigKeys (ConfUtils.java:logGet(43)) - raft.server.snapshot.auto.trigger.threshold = 10000 (custom)
2019-09-16 16:36:00,296 [pool-47-thread-1] INFO  server.RaftServerConfigKeys (ConfUtils.java:logGet(43)) - raft.server.snapshot.retention.num.files = -1 (default)
2019-09-16 16:36:00,296 [pool-47-thread-1] INFO  server.RaftServerConfigKeys (ConfUtils.java:logGet(43)) - raft.server.retrycache.expirytime = 600000ms (custom)
2019-09-16 16:36:00,297 [pool-27-thread-1] INFO  impl.RaftServerImpl (RaftServerImpl.java:start(185)) - b844e6b5-1f16-47bf-97b2-c0d1d01c0c7e@group-3B707690B99A: start as a follower, conf=-1: [8fe6a53f-0f90-4de3-90b3-ec931955170d:192.168.157.233:33035, 14b1dfa2-ae53-4602-8fee-1e7c4997de4e:192.168.157.233:34059, b844e6b5-1f16-47bf-97b2-c0d1d01c0c7e:192.168.157.233:38724], old=null
2019-09-16 16:36:00,297 [pool-27-thread-1] INFO  impl.RaftServerImpl (RaftServerImpl.java:setRole(174)) - b844e6b5-1f16-47bf-97b2-c0d1d01c0c7e@group-3B707690B99A: changes role from      null to FOLLOWER at term 0 for startAsFollower
2019-09-16 16:36:00,297 [pool-27-thread-1] INFO  impl.RoleInfo (RoleInfo.java:updateAndGet(143)) - b844e6b5-1f16-47bf-97b2-c0d1d01c0c7e: start FollowerState
2019-09-16 16:36:00,297 [pool-27-thread-1] INFO  util.JmxRegister (JmxRegister.java:tryRegister(44)) - Successfully registered JMX Bean with object name Ratis:service=RaftServer,group=group-3B707690B99A,id=b844e6b5-1f16-47bf-97b2-c0d1d01c0c7e
2019-09-16 16:36:00,306 [pool-37-thread-1] INFO  impl.RaftServerImpl (RaftServerImpl.java:start(185)) - 14b1dfa2-ae53-4602-8fee-1e7c4997de4e@group-3B707690B99A: start as a follower, conf=-1: [8fe6a53f-0f90-4de3-90b3-ec931955170d:192.168.157.233:33035, 14b1dfa2-ae53-4602-8fee-1e7c4997de4e:192.168.157.233:34059, b844e6b5-1f16-47bf-97b2-c0d1d01c0c7e:192.168.157.233:38724], old=null
2019-09-16 16:36:00,306 [pool-37-thread-1] INFO  impl.RaftServerImpl (RaftServerImpl.java:setRole(174)) - 14b1dfa2-ae53-4602-8fee-1e7c4997de4e@group-3B707690B99A: changes role from      null to FOLLOWER at term 0 for startAsFollower
2019-09-16 16:36:00,306 [pool-37-thread-1] INFO  impl.RoleInfo (RoleInfo.java:updateAndGet(143)) - 14b1dfa2-ae53-4602-8fee-1e7c4997de4e: start FollowerState
2019-09-16 16:36:00,306 [pool-47-thread-1] INFO  impl.RaftServerImpl (RaftServerImpl.java:start(185)) - 8fe6a53f-0f90-4de3-90b3-ec931955170d@group-3B707690B99A: start as a follower, conf=-1: [8fe6a53f-0f90-4de3-90b3-ec931955170d:192.168.157.233:33035, 14b1dfa2-ae53-4602-8fee-1e7c4997de4e:192.168.157.233:34059, b844e6b5-1f16-47bf-97b2-c0d1d01c0c7e:192.168.157.233:38724], old=null
2019-09-16 16:36:00,307 [pool-47-thread-1] INFO  impl.RaftServerImpl (RaftServerImpl.java:setRole(174)) - 8fe6a53f-0f90-4de3-90b3-ec931955170d@group-3B707690B99A: changes role from      null to FOLLOWER at term 0 for startAsFollower
2019-09-16 16:36:00,307 [pool-47-thread-1] INFO  impl.RoleInfo (RoleInfo.java:updateAndGet(143)) - 8fe6a53f-0f90-4de3-90b3-ec931955170d: start FollowerState
2019-09-16 16:36:00,307 [pool-37-thread-1] INFO  util.JmxRegister (JmxRegister.java:tryRegister(44)) - Successfully registered JMX Bean with object name Ratis:service=RaftServer,group=group-3B707690B99A,id=14b1dfa2-ae53-4602-8fee-1e7c4997de4e
2019-09-16 16:36:00,307 [pool-47-thread-1] INFO  util.JmxRegister (JmxRegister.java:tryRegister(44)) - Successfully registered JMX Bean with object name Ratis:service=RaftServer,group=group-3B707690B99A,id=8fe6a53f-0f90-4de3-90b3-ec931955170d
2019-09-16 16:36:00,318 [RatisPipelineUtilsThread] INFO  pipeline.PipelineStateManager (PipelineStateManager.java:addPipeline(56)) - Created pipeline Pipeline[ Id: 05ffce5e-c0db-4b7e-9862-3b707690b99a, Nodes: 8fe6a53f-0f90-4de3-90b3-ec931955170d{ip: 192.168.157.233, host: pr-hdds-2120-x62sn-1884063469, networkLocation: /default-rack, certSerialId: null}b844e6b5-1f16-47bf-97b2-c0d1d01c0c7e{ip: 192.168.157.233, host: pr-hdds-2120-x62sn-1884063469, networkLocation: /default-rack, certSerialId: null}14b1dfa2-ae53-4602-8fee-1e7c4997de4e{ip: 192.168.157.233, host: pr-hdds-2120-x62sn-1884063469, networkLocation: /default-rack, certSerialId: null}, Type:RATIS, Factor:THREE, State:OPEN]
2019-09-16 16:36:00,520 [Command processor thread] ERROR commandhandler.CloseContainerCommandHandler (CloseContainerCommandHandler.java:handle(84)) - Container #1 does not exist in datanode. Container close failed.
2019-09-16 16:36:00,520 [Command processor thread] ERROR commandhandler.CloseContainerCommandHandler (CloseContainerCommandHandler.java:handle(84)) - Container #1 does not exist in datanode. Container close failed.
2019-09-16 16:36:00,580 [Thread-193] INFO  container.ReplicationManager (ReplicationManager.java:start(169)) - Replication Monitor Thread is already running.
2019-09-16 16:36:00,607 [Command processor thread] ERROR commandhandler.CloseContainerCommandHandler (CloseContainerCommandHandler.java:handle(84)) - Container #1 does not exist in datanode. Container close failed.
2019-09-16 16:36:00,608 [Command processor thread] ERROR commandhandler.CloseContainerCommandHandler (CloseContainerCommandHandler.java:handle(84)) - Container #1 does not exist in datanode. Container close failed.
2019-09-16 16:36:00,697 [Command processor thread] ERROR commandhandler.CloseContainerCommandHandler (CloseContainerCommandHandler.java:handle(84)) - Container #1 does not exist in datanode. Container close failed.
2019-09-16 16:36:00,697 [Command processor thread] ERROR commandhandler.CloseContainerCommandHandler (CloseContainerCommandHandler.java:handle(84)) - Container #1 does not exist in datanode. Container close failed.
2019-09-16 16:36:00,778 [ReplicationMonitor] INFO  container.ReplicationManager (ReplicationManager.java:run(225)) - Replication Monitor Thread took 2 milliseconds for processing 1 containers.
2019-09-16 16:36:01,157 [grpc-default-executor-0] INFO  client.GrpcClientProtocolClient (GrpcClientProtocolClient.java:onNext(264)) - client-34298CB98171->b844e6b5-1f16-47bf-97b2-c0d1d01c0c7e: receive RaftClientReply:client-34298CB98171->b844e6b5-1f16-47bf-97b2-c0d1d01c0c7e@group-212E4DCDB13A, cid=9, FAILED org.apache.ratis.protocol.NotLeaderException: Server b844e6b5-1f16-47bf-97b2-c0d1d01c0c7e@group-212E4DCDB13A is not the leader, logIndex=0, commits[b844e6b5-1f16-47bf-97b2-c0d1d01c0c7e:c-1]
2019-09-16 16:36:02,180 [grpc-default-executor-0] INFO  client.GrpcClientProtocolClient (GrpcClientProtocolClient.java:onNext(264)) - client-34298CB98171->14b1dfa2-ae53-4602-8fee-1e7c4997de4e: receive RaftClientReply:client-34298CB98171->14b1dfa2-ae53-4602-8fee-1e7c4997de4e@group-212E4DCDB13A, cid=9, FAILED org.apache.ratis.protocol.NotLeaderException: Server 14b1dfa2-ae53-4602-8fee-1e7c4997de4e@group-212E4DCDB13A is not the leader, logIndex=0, commits[14b1dfa2-ae53-4602-8fee-1e7c4997de4e:c-1]
2019-09-16 16:36:02,779 [ReplicationMonitor] INFO  container.ReplicationManager (ReplicationManager.java:run(225)) - Replication Monitor Thread took 0 milliseconds for processing 1 containers.
2019-09-16 16:36:03,202 [grpc-default-executor-0] INFO  client.GrpcClientProtocolClient (GrpcClientProtocolClient.java:onNext(264)) - client-34298CB98171->b844e6b5-1f16-47bf-97b2-c0d1d01c0c7e: receive RaftClientReply:client-34298CB98171->b844e6b5-1f16-47bf-97b2-c0d1d01c0c7e@group-212E4DCDB13A, cid=9, FAILED org.apache.ratis.protocol.NotLeaderException: Server b844e6b5-1f16-47bf-97b2-c0d1d01c0c7e@group-212E4DCDB13A is not the leader, logIndex=0, commits[b844e6b5-1f16-47bf-97b2-c0d1d01c0c7e:c-1]
2019-09-16 16:36:03,369 [Thread-195] INFO  impl.FollowerState (FollowerState.java:run(106)) - b844e6b5-1f16-47bf-97b2-c0d1d01c0c7e:group-982398780130 changes to CANDIDATE, lastRpcTime:5074, electionTimeout:5073ms
2019-09-16 16:36:03,373 [Thread-195] INFO  impl.RoleInfo (RoleInfo.java:shutdownFollowerState(121)) - b844e6b5-1f16-47bf-97b2-c0d1d01c0c7e: shutdown FollowerState
2019-09-16 16:36:03,373 [Thread-195] INFO  impl.RaftServerImpl (RaftServerImpl.java:setRole(174)) - b844e6b5-1f16-47bf-97b2-c0d1d01c0c7e@group-982398780130: changes role from  FOLLOWER to CANDIDATE at term 0 for changeToCandidate
2019-09-16 16:36:03,380 [Thread-195] INFO  impl.RoleInfo (RoleInfo.java:updateAndGet(143)) - b844e6b5-1f16-47bf-97b2-c0d1d01c0c7e: start LeaderElection
2019-09-16 16:36:03,398 [b844e6b5-1f16-47bf-97b2-c0d1d01c0c7e@group-982398780130:LeaderElection1] INFO  impl.LeaderElection (LeaderElection.java:askForVotes(182)) - b844e6b5-1f16-47bf-97b2-c0d1d01c0c7e@group-982398780130:LeaderElection1: begin an election at term 1 for -1: [b844e6b5-1f16-47bf-97b2-c0d1d01c0c7e:192.168.157.233:38724], old=null
2019-09-16 16:36:03,400 [b844e6b5-1f16-47bf-97b2-c0d1d01c0c7e@group-982398780130:LeaderElection1] INFO  impl.RoleInfo (RoleInfo.java:shutdownLeaderElection(134)) - b844e6b5-1f16-47bf-97b2-c0d1d01c0c7e: shutdown LeaderElection
2019-09-16 16:36:03,401 [b844e6b5-1f16-47bf-97b2-c0d1d01c0c7e@group-982398780130:LeaderElection1] INFO  impl.RaftServerImpl (RaftServerImpl.java:setRole(174)) - b844e6b5-1f16-47bf-97b2-c0d1d01c0c7e@group-982398780130: changes role from CANDIDATE to LEADER at term 1 for changeToLeader
2019-09-16 16:36:03,401 [b844e6b5-1f16-47bf-97b2-c0d1d01c0c7e@group-982398780130:LeaderElection1] INFO  impl.RaftServerImpl (ServerState.java:setLeader(253)) - b844e6b5-1f16-47bf-97b2-c0d1d01c0c7e@group-982398780130: change Leader from null to b844e6b5-1f16-47bf-97b2-c0d1d01c0c7e at term 1 for becomeLeader, leader elected after 5225ms
2019-09-16 16:36:03,408 [b844e6b5-1f16-47bf-97b2-c0d1d01c0c7e@group-982398780130:LeaderElection1] INFO  server.RaftServerConfigKeys (ConfUtils.java:logGet(43)) - raft.server.staging.catchup.gap = 1000 (default)
2019-09-16 16:36:03,409 [b844e6b5-1f16-47bf-97b2-c0d1d01c0c7e@group-982398780130:LeaderElection1] INFO  server.RaftServerConfigKeys (ConfUtils.java:logGet(43)) - raft.server.rpc.sleep.time = 25ms (default)
2019-09-16 16:36:03,412 [b844e6b5-1f16-47bf-97b2-c0d1d01c0c7e@group-982398780130:LeaderElection1] INFO  server.RaftServerConfigKeys (ConfUtils.java:logGet(43)) - raft.server.write.element-limit = 4096 (default)
2019-09-16 16:36:03,415 [b844e6b5-1f16-47bf-97b2-c0d1d01c0c7e@group-982398780130:LeaderElection1] INFO  server.RaftServerConfigKeys (ConfUtils.java:logGet(43)) - raft.server.watch.timeout = 10s (default)
2019-09-16 16:36:03,415 [b844e6b5-1f16-47bf-97b2-c0d1d01c0c7e@group-982398780130:LeaderElection1] INFO  server.RaftServerConfigKeys (ConfUtils.java:logGet(43)) - raft.server.watch.timeout.denomination = 1s (default)
2019-09-16 16:36:03,416 [b844e6b5-1f16-47bf-97b2-c0d1d01c0c7e@group-982398780130:LeaderElection1] INFO  server.RaftServerConfigKeys (ConfUtils.java:logGet(43)) - raft.server.watch.element-limit = 65536 (default)
2019-09-16 16:36:03,429 [b844e6b5-1f16-47bf-97b2-c0d1d01c0c7e@group-982398780130:LeaderElection1] INFO  impl.RoleInfo (RoleInfo.java:updateAndGet(143)) - b844e6b5-1f16-47bf-97b2-c0d1d01c0c7e: start LeaderState
2019-09-16 16:36:03,452 [b844e6b5-1f16-47bf-97b2-c0d1d01c0c7e@group-982398780130:LeaderElection1] INFO  segmented.SegmentedRaftLogWorker (SegmentedRaftLogWorker.java:startLogSegment(380)) - b844e6b5-1f16-47bf-97b2-c0d1d01c0c7e@group-982398780130-SegmentedRaftLogWorker: Starting segment from index:0
2019-09-16 16:36:03,460 [b844e6b5-1f16-47bf-97b2-c0d1d01c0c7e@group-982398780130:LeaderElection1] INFO  impl.RaftServerImpl (ServerState.java:setRaftConf(354)) - b844e6b5-1f16-47bf-97b2-c0d1d01c0c7e@group-982398780130: set configuration 0: [b844e6b5-1f16-47bf-97b2-c0d1d01c0c7e:192.168.157.233:38724], old=null at 0
2019-09-16 16:36:03,616 [Thread-201] INFO  impl.FollowerState (FollowerState.java:run(106)) - 14b1dfa2-ae53-4602-8fee-1e7c4997de4e:group-BBFDCEF6CC2B changes to CANDIDATE, lastRpcTime:5002, electionTimeout:5002ms
2019-09-16 16:36:03,632 [Thread-201] INFO  impl.RoleInfo (RoleInfo.java:shutdownFollowerState(121)) - 14b1dfa2-ae53-4602-8fee-1e7c4997de4e: shutdown FollowerState
2019-09-16 16:36:03,632 [Thread-201] INFO  impl.RaftServerImpl (RaftServerImpl.java:setRole(174)) - 14b1dfa2-ae53-4602-8fee-1e7c4997de4e@group-BBFDCEF6CC2B: changes role from  FOLLOWER to CANDIDATE at term 0 for changeToCandidate
2019-09-16 16:36:03,632 [Thread-201] INFO  impl.RoleInfo (RoleInfo.java:updateAndGet(143)) - 14b1dfa2-ae53-4602-8fee-1e7c4997de4e: start LeaderElection
2019-09-16 16:36:03,650 [b844e6b5-1f16-47bf-97b2-c0d1d01c0c7e@group-982398780130-SegmentedRaftLogWorker] INFO  segmented.SegmentedRaftLogWorker (SegmentedRaftLogWorker.java:execute(569)) - b844e6b5-1f16-47bf-97b2-c0d1d01c0c7e@group-982398780130-SegmentedRaftLogWorker: created new log segment /workdir/hadoop-ozone/integration-test/target/test-dir/MiniOzoneClusterImpl-22bfdc7d-05d0-4d53-9e2d-a03578d1348a/datanode-0/data/ratis/0dec7896-ec52-4258-bfa2-982398780130/current/log_inprogress_0
2019-09-16 16:36:03,650 [14b1dfa2-ae53-4602-8fee-1e7c4997de4e@group-BBFDCEF6CC2B:LeaderElection2] INFO  impl.LeaderElection (LeaderElection.java:askForVotes(182)) - 14b1dfa2-ae53-4602-8fee-1e7c4997de4e@group-BBFDCEF6CC2B:LeaderElection2: begin an election at term 1 for -1: [14b1dfa2-ae53-4602-8fee-1e7c4997de4e:192.168.157.233:34059], old=null
2019-09-16 16:36:03,650 [14b1dfa2-ae53-4602-8fee-1e7c4997de4e@group-BBFDCEF6CC2B:LeaderElection2] INFO  impl.RoleInfo (RoleInfo.java:shutdownLeaderElection(134)) - 14b1dfa2-ae53-4602-8fee-1e7c4997de4e: shutdown LeaderElection
2019-09-16 16:36:03,651 [14b1dfa2-ae53-4602-8fee-1e7c4997de4e@group-BBFDCEF6CC2B:LeaderElection2] INFO  impl.RaftServerImpl (RaftServerImpl.java:setRole(174)) - 14b1dfa2-ae53-4602-8fee-1e7c4997de4e@group-BBFDCEF6CC2B: changes role from CANDIDATE to LEADER at term 1 for changeToLeader
2019-09-16 16:36:03,651 [14b1dfa2-ae53-4602-8fee-1e7c4997de4e@group-BBFDCEF6CC2B:LeaderElection2] INFO  impl.RaftServerImpl (ServerState.java:setLeader(253)) - 14b1dfa2-ae53-4602-8fee-1e7c4997de4e@group-BBFDCEF6CC2B: change Leader from null to 14b1dfa2-ae53-4602-8fee-1e7c4997de4e at term 1 for becomeLeader, leader elected after 5075ms
2019-09-16 16:36:03,652 [14b1dfa2-ae53-4602-8fee-1e7c4997de4e@group-BBFDCEF6CC2B:LeaderElection2] INFO  server.RaftServerConfigKeys (ConfUtils.java:logGet(43)) - raft.server.staging.catchup.gap = 1000 (default)
2019-09-16 16:36:03,653 [14b1dfa2-ae53-4602-8fee-1e7c4997de4e@group-BBFDCEF6CC2B:LeaderElection2] INFO  server.RaftServerConfigKeys (ConfUtils.java:logGet(43)) - raft.server.rpc.sleep.time = 25ms (default)
2019-09-16 16:36:03,653 [14b1dfa2-ae53-4602-8fee-1e7c4997de4e@group-BBFDCEF6CC2B:LeaderElection2] INFO  server.RaftServerConfigKeys (ConfUtils.java:logGet(43)) - raft.server.write.element-limit = 4096 (default)
2019-09-16 16:36:03,653 [14b1dfa2-ae53-4602-8fee-1e7c4997de4e@group-BBFDCEF6CC2B:LeaderElection2] INFO  server.RaftServerConfigKeys (ConfUtils.java:logGet(43)) - raft.server.watch.timeout = 10s (default)
2019-09-16 16:36:03,653 [14b1dfa2-ae53-4602-8fee-1e7c4997de4e@group-BBFDCEF6CC2B:LeaderElection2] INFO  server.RaftServerConfigKeys (ConfUtils.java:logGet(43)) - raft.server.watch.timeout.denomination = 1s (default)
2019-09-16 16:36:03,653 [14b1dfa2-ae53-4602-8fee-1e7c4997de4e@group-BBFDCEF6CC2B:LeaderElection2] INFO  server.RaftServerConfigKeys (ConfUtils.java:logGet(43)) - raft.server.watch.element-limit = 65536 (default)
2019-09-16 16:36:03,654 [Thread-198] INFO  impl.FollowerState (FollowerState.java:run(106)) - 8fe6a53f-0f90-4de3-90b3-ec931955170d:group-D32403CB83C5 changes to CANDIDATE, lastRpcTime:5170, electionTimeout:5169ms
2019-09-16 16:36:03,655 [Thread-198] INFO  impl.RoleInfo (RoleInfo.java:shutdownFollowerState(121)) - 8fe6a53f-0f90-4de3-90b3-ec931955170d: shutdown FollowerState
2019-09-16 16:36:03,655 [Thread-198] INFO  impl.RaftServerImpl (RaftServerImpl.java:setRole(174)) - 8fe6a53f-0f90-4de3-90b3-ec931955170d@group-D32403CB83C5: changes role from  FOLLOWER to CANDIDATE at term 0 for changeToCandidate
2019-09-16 16:36:03,656 [Thread-198] INFO  impl.RoleInfo (RoleInfo.java:updateAndGet(143)) - 8fe6a53f-0f90-4de3-90b3-ec931955170d: start LeaderElection
2019-09-16 16:36:03,661 [14b1dfa2-ae53-4602-8fee-1e7c4997de4e@group-BBFDCEF6CC2B:LeaderElection2] INFO  impl.RoleInfo (RoleInfo.java:updateAndGet(143)) - 14b1dfa2-ae53-4602-8fee-1e7c4997de4e: start LeaderState
2019-09-16 16:36:03,661 [14b1dfa2-ae53-4602-8fee-1e7c4997de4e@group-BBFDCEF6CC2B:LeaderElection2] INFO  segmented.SegmentedRaftLogWorker (SegmentedRaftLogWorker.java:startLogSegment(380)) - 14b1dfa2-ae53-4602-8fee-1e7c4997de4e@group-BBFDCEF6CC2B-SegmentedRaftLogWorker: Starting segment from index:0
2019-09-16 16:36:03,662 [14b1dfa2-ae53-4602-8fee-1e7c4997de4e@group-BBFDCEF6CC2B:LeaderElection2] INFO  impl.RaftServerImpl (ServerState.java:setRaftConf(354)) - 14b1dfa2-ae53-4602-8fee-1e7c4997de4e@group-BBFDCEF6CC2B: set configuration 0: [14b1dfa2-ae53-4602-8fee-1e7c4997de4e:192.168.157.233:34059], old=null at 0
2019-09-16 16:36:03,697 [8fe6a53f-0f90-4de3-90b3-ec931955170d@group-D32403CB83C5:LeaderElection3] INFO  impl.LeaderElection (LeaderElection.java:askForVotes(182)) - 8fe6a53f-0f90-4de3-90b3-ec931955170d@group-D32403CB83C5:LeaderElection3: begin an election at term 1 for -1: [8fe6a53f-0f90-4de3-90b3-ec931955170d:192.168.157.233:33035], old=null
2019-09-16 16:36:03,699 [8fe6a53f-0f90-4de3-90b3-ec931955170d@group-D32403CB83C5:LeaderElection3] INFO  impl.RoleInfo (RoleInfo.java:shutdownLeaderElection(134)) - 8fe6a53f-0f90-4de3-90b3-ec931955170d: shutdown LeaderElection
2019-09-16 16:36:03,699 [8fe6a53f-0f90-4de3-90b3-ec931955170d@group-D32403CB83C5:LeaderElection3] INFO  impl.RaftServerImpl (RaftServerImpl.java:setRole(174)) - 8fe6a53f-0f90-4de3-90b3-ec931955170d@group-D32403CB83C5: changes role from CANDIDATE to LEADER at term 1 for changeToLeader
2019-09-16 16:36:03,699 [8fe6a53f-0f90-4de3-90b3-ec931955170d@group-D32403CB83C5:LeaderElection3] INFO  impl.RaftServerImpl (ServerState.java:setLeader(253)) - 8fe6a53f-0f90-4de3-90b3-ec931955170d@group-D32403CB83C5: change Leader from null to 8fe6a53f-0f90-4de3-90b3-ec931955170d at term 1 for becomeLeader, leader elected after 5237ms
2019-09-16 16:36:03,700 [8fe6a53f-0f90-4de3-90b3-ec931955170d@group-D32403CB83C5:LeaderElection3] INFO  server.RaftServerConfigKeys (ConfUtils.java:logGet(43)) - raft.server.staging.catchup.gap = 1000 (default)
2019-09-16 16:36:03,700 [8fe6a53f-0f90-4de3-90b3-ec931955170d@group-D32403CB83C5:LeaderElection3] INFO  server.RaftServerConfigKeys (ConfUtils.java:logGet(43)) - raft.server.rpc.sleep.time = 25ms (default)
2019-09-16 16:36:03,700 [8fe6a53f-0f90-4de3-90b3-ec931955170d@group-D32403CB83C5:LeaderElection3] INFO  server.RaftServerConfigKeys (ConfUtils.java:logGet(43)) - raft.server.write.element-limit = 4096 (default)
2019-09-16 16:36:03,700 [8fe6a53f-0f90-4de3-90b3-ec931955170d@group-D32403CB83C5:LeaderElection3] INFO  server.RaftServerConfigKeys (ConfUtils.java:logGet(43)) - raft.server.watch.timeout = 10s (default)
2019-09-16 16:36:03,700 [8fe6a53f-0f90-4de3-90b3-ec931955170d@group-D32403CB83C5:LeaderElection3] INFO  server.RaftServerConfigKeys (ConfUtils.java:logGet(43)) - raft.server.watch.timeout.denomination = 1s (default)
2019-09-16 16:36:03,701 [8fe6a53f-0f90-4de3-90b3-ec931955170d@group-D32403CB83C5:LeaderElection3] INFO  server.RaftServerConfigKeys (ConfUtils.java:logGet(43)) - raft.server.watch.element-limit = 65536 (default)
2019-09-16 16:36:03,703 [8fe6a53f-0f90-4de3-90b3-ec931955170d@group-D32403CB83C5:LeaderElection3] INFO  impl.RoleInfo (RoleInfo.java:updateAndGet(143)) - 8fe6a53f-0f90-4de3-90b3-ec931955170d: start LeaderState
2019-09-16 16:36:03,704 [8fe6a53f-0f90-4de3-90b3-ec931955170d@group-D32403CB83C5:LeaderElection3] INFO  segmented.SegmentedRaftLogWorker (SegmentedRaftLogWorker.java:startLogSegment(380)) - 8fe6a53f-0f90-4de3-90b3-ec931955170d@group-D32403CB83C5-SegmentedRaftLogWorker: Starting segment from index:0
2019-09-16 16:36:03,704 [8fe6a53f-0f90-4de3-90b3-ec931955170d@group-D32403CB83C5:LeaderElection3] INFO  impl.RaftServerImpl (ServerState.java:setRaftConf(354)) - 8fe6a53f-0f90-4de3-90b3-ec931955170d@group-D32403CB83C5: set configuration 0: [8fe6a53f-0f90-4de3-90b3-ec931955170d:192.168.157.233:33035], old=null at 0
2019-09-16 16:36:03,744 [14b1dfa2-ae53-4602-8fee-1e7c4997de4e@group-BBFDCEF6CC2B-SegmentedRaftLogWorker] INFO  segmented.SegmentedRaftLogWorker (SegmentedRaftLogWorker.java:execute(569)) - 14b1dfa2-ae53-4602-8fee-1e7c4997de4e@group-BBFDCEF6CC2B-SegmentedRaftLogWorker: created new log segment /workdir/hadoop-ozone/integration-test/target/test-dir/MiniOzoneClusterImpl-22bfdc7d-05d0-4d53-9e2d-a03578d1348a/datanode-1/data/ratis/3f40798c-09d9-4c47-b110-bbfdcef6cc2b/current/log_inprogress_0
2019-09-16 16:36:03,744 [Thread-204] INFO  impl.FollowerState (FollowerState.java:run(106)) - b7c5d2d0-0ba9-4b8e-9df2-25ea41b128b4:group-97064617540B changes to CANDIDATE, lastRpcTime:5055, electionTimeout:5017ms
2019-09-16 16:36:03,745 [Thread-204] INFO  impl.RoleInfo (RoleInfo.java:shutdownFollowerState(121)) - b7c5d2d0-0ba9-4b8e-9df2-25ea41b128b4: shutdown FollowerState
2019-09-16 16:36:03,745 [Thread-204] INFO  impl.RaftServerImpl (RaftServerImpl.java:setRole(174)) - b7c5d2d0-0ba9-4b8e-9df2-25ea41b128b4@group-97064617540B: changes role from  FOLLOWER to CANDIDATE at term 0 for changeToCandidate
2019-09-16 16:36:03,745 [Thread-204] INFO  impl.RoleInfo (RoleInfo.java:updateAndGet(143)) - b7c5d2d0-0ba9-4b8e-9df2-25ea41b128b4: start LeaderElection
2019-09-16 16:36:03,757 [8fe6a53f-0f90-4de3-90b3-ec931955170d@group-D32403CB83C5-SegmentedRaftLogWorker] INFO  segmented.SegmentedRaftLogWorker (SegmentedRaftLogWorker.java:execute(569)) - 8fe6a53f-0f90-4de3-90b3-ec931955170d@group-D32403CB83C5-SegmentedRaftLogWorker: created new log segment /workdir/hadoop-ozone/integration-test/target/test-dir/MiniOzoneClusterImpl-22bfdc7d-05d0-4d53-9e2d-a03578d1348a/datanode-2/data/ratis/55552d37-7af0-420f-b856-d32403cb83c5/current/log_inprogress_0
2019-09-16 16:36:03,757 [b7c5d2d0-0ba9-4b8e-9df2-25ea41b128b4@group-97064617540B:LeaderElection4] INFO  impl.LeaderElection (LeaderElection.java:askForVotes(182)) - b7c5d2d0-0ba9-4b8e-9df2-25ea41b128b4@group-97064617540B:LeaderElection4: begin an election at term 1 for -1: [b7c5d2d0-0ba9-4b8e-9df2-25ea41b128b4:192.168.157.233:39808], old=null
2019-09-16 16:36:03,757 [b7c5d2d0-0ba9-4b8e-9df2-25ea41b128b4@group-97064617540B:LeaderElection4] INFO  impl.RoleInfo (RoleInfo.java:shutdownLeaderElection(134)) - b7c5d2d0-0ba9-4b8e-9df2-25ea41b128b4: shutdown LeaderElection
2019-09-16 16:36:03,757 [b7c5d2d0-0ba9-4b8e-9df2-25ea41b128b4@group-97064617540B:LeaderElection4] INFO  impl.RaftServerImpl (RaftServerImpl.java:setRole(174)) - b7c5d2d0-0ba9-4b8e-9df2-25ea41b128b4@group-97064617540B: changes role from CANDIDATE to LEADER at term 1 for changeToLeader
2019-09-16 16:36:03,757 [b7c5d2d0-0ba9-4b8e-9df2-25ea41b128b4@group-97064617540B:LeaderElection4] INFO  impl.RaftServerImpl (ServerState.java:setLeader(253)) - b7c5d2d0-0ba9-4b8e-9df2-25ea41b128b4@group-97064617540B: change Leader from null to b7c5d2d0-0ba9-4b8e-9df2-25ea41b128b4 at term 1 for becomeLeader, leader elected after 5084ms
2019-09-16 16:36:03,759 [b7c5d2d0-0ba9-4b8e-9df2-25ea41b128b4@group-97064617540B:LeaderElection4] INFO  server.RaftServerConfigKeys (ConfUtils.java:logGet(43)) - raft.server.staging.catchup.gap = 1000 (default)
2019-09-16 16:36:03,759 [b7c5d2d0-0ba9-4b8e-9df2-25ea41b128b4@group-97064617540B:LeaderElection4] INFO  server.RaftServerConfigKeys (ConfUtils.java:logGet(43)) - raft.server.rpc.sleep.time = 25ms (default)
2019-09-16 16:36:03,759 [b7c5d2d0-0ba9-4b8e-9df2-25ea41b128b4@group-97064617540B:LeaderElection4] INFO  server.RaftServerConfigKeys (ConfUtils.java:logGet(43)) - raft.server.write.element-limit = 4096 (default)
2019-09-16 16:36:03,760 [b7c5d2d0-0ba9-4b8e-9df2-25ea41b128b4@group-97064617540B:LeaderElection4] INFO  server.RaftServerConfigKeys (ConfUtils.java:logGet(43)) - raft.server.watch.timeout = 10s (default)
2019-09-16 16:36:03,760 [b7c5d2d0-0ba9-4b8e-9df2-25ea41b128b4@group-97064617540B:LeaderElection4] INFO  server.RaftServerConfigKeys (ConfUtils.java:logGet(43)) - raft.server.watch.timeout.denomination = 1s (default)
2019-09-16 16:36:03,760 [b7c5d2d0-0ba9-4b8e-9df2-25ea41b128b4@group-97064617540B:LeaderElection4] INFO  server.RaftServerConfigKeys (ConfUtils.java:logGet(43)) - raft.server.watch.element-limit = 65536 (default)
2019-09-16 16:36:03,763 [b7c5d2d0-0ba9-4b8e-9df2-25ea41b128b4@group-97064617540B:LeaderElection4] INFO  impl.RoleInfo (RoleInfo.java:updateAndGet(143)) - b7c5d2d0-0ba9-4b8e-9df2-25ea41b128b4: start LeaderState
2019-09-16 16:36:03,763 [b7c5d2d0-0ba9-4b8e-9df2-25ea41b128b4@group-97064617540B:LeaderElection4] INFO  segmented.SegmentedRaftLogWorker (SegmentedRaftLogWorker.java:startLogSegment(380)) - b7c5d2d0-0ba9-4b8e-9df2-25ea41b128b4@group-97064617540B-SegmentedRaftLogWorker: Starting segment from index:0
2019-09-16 16:36:03,764 [b7c5d2d0-0ba9-4b8e-9df2-25ea41b128b4@group-97064617540B:LeaderElection4] INFO  impl.RaftServerImpl (ServerState.java:setRaftConf(354)) - b7c5d2d0-0ba9-4b8e-9df2-25ea41b128b4@group-97064617540B: set configuration 0: [b7c5d2d0-0ba9-4b8e-9df2-25ea41b128b4:192.168.157.233:39808], old=null at 0
2019-09-16 16:36:03,811 [b7c5d2d0-0ba9-4b8e-9df2-25ea41b128b4@group-97064617540B-SegmentedRaftLogWorker] INFO  segmented.SegmentedRaftLogWorker (SegmentedRaftLogWorker.java:execute(569)) - b7c5d2d0-0ba9-4b8e-9df2-25ea41b128b4@group-97064617540B-SegmentedRaftLogWorker: created new log segment /workdir/hadoop-ozone/integration-test/target/test-dir/MiniOzoneClusterImpl-22bfdc7d-05d0-4d53-9e2d-a03578d1348a/datanode-3/data/ratis/831f21ef-154f-4f7d-be4a-97064617540b/current/log_inprogress_0
2019-09-16 16:36:03,835 [Thread-210] INFO  impl.FollowerState (FollowerState.java:run(106)) - 8fe6a53f-0f90-4de3-90b3-ec931955170d:group-212E4DCDB13A changes to CANDIDATE, lastRpcTime:5027, electionTimeout:5027ms
2019-09-16 16:36:03,836 [Thread-210] INFO  impl.RoleInfo (RoleInfo.java:shutdownFollowerState(121)) - 8fe6a53f-0f90-4de3-90b3-ec931955170d: shutdown FollowerState
2019-09-16 16:36:03,836 [Thread-210] INFO  impl.RaftServerImpl (RaftServerImpl.java:setRole(174)) - 8fe6a53f-0f90-4de3-90b3-ec931955170d@group-212E4DCDB13A: changes role from  FOLLOWER to CANDIDATE at term 0 for changeToCandidate
2019-09-16 16:36:03,836 [Thread-210] INFO  impl.RoleInfo (RoleInfo.java:updateAndGet(143)) - 8fe6a53f-0f90-4de3-90b3-ec931955170d: start LeaderElection
2019-09-16 16:36:03,851 [8fe6a53f-0f90-4de3-90b3-ec931955170d@group-212E4DCDB13A:LeaderElection5] INFO  impl.LeaderElection (LeaderElection.java:askForVotes(182)) - 8fe6a53f-0f90-4de3-90b3-ec931955170d@group-212E4DCDB13A:LeaderElection5: begin an election at term 1 for -1: [8fe6a53f-0f90-4de3-90b3-ec931955170d:192.168.157.233:33035, 14b1dfa2-ae53-4602-8fee-1e7c4997de4e:192.168.157.233:34059, b844e6b5-1f16-47bf-97b2-c0d1d01c0c7e:192.168.157.233:38724], old=null
2019-09-16 16:36:03,881 [grpc-default-executor-1] INFO  impl.RaftServerImpl (RaftServerImpl.java:setRole(174)) - b844e6b5-1f16-47bf-97b2-c0d1d01c0c7e@group-212E4DCDB13A: changes role from  FOLLOWER to FOLLOWER at term 1 for recognizeCandidate:8fe6a53f-0f90-4de3-90b3-ec931955170d
2019-09-16 16:36:03,881 [grpc-default-executor-0] INFO  impl.RaftServerImpl (RaftServerImpl.java:setRole(174)) - 14b1dfa2-ae53-4602-8fee-1e7c4997de4e@group-212E4DCDB13A: changes role from  FOLLOWER to FOLLOWER at term 1 for recognizeCandidate:8fe6a53f-0f90-4de3-90b3-ec931955170d
2019-09-16 16:36:03,881 [grpc-default-executor-1] INFO  impl.RoleInfo (RoleInfo.java:shutdownFollowerState(121)) - b844e6b5-1f16-47bf-97b2-c0d1d01c0c7e: shutdown FollowerState
2019-09-16 16:36:03,881 [grpc-default-executor-0] INFO  impl.RoleInfo (RoleInfo.java:shutdownFollowerState(121)) - 14b1dfa2-ae53-4602-8fee-1e7c4997de4e: shutdown FollowerState
2019-09-16 16:36:03,882 [grpc-default-executor-1] INFO  impl.RoleInfo (RoleInfo.java:updateAndGet(143)) - b844e6b5-1f16-47bf-97b2-c0d1d01c0c7e: start FollowerState
2019-09-16 16:36:03,882 [grpc-default-executor-0] INFO  impl.RoleInfo (RoleInfo.java:updateAndGet(143)) - 14b1dfa2-ae53-4602-8fee-1e7c4997de4e: start FollowerState
2019-09-16 16:36:03,882 [Thread-214] INFO  impl.FollowerState (FollowerState.java:run(115)) - 14b1dfa2-ae53-4602-8fee-1e7c4997de4e: FollowerState was interrupted: java.lang.InterruptedException: sleep interrupted
2019-09-16 16:36:03,882 [Thread-212] INFO  impl.FollowerState (FollowerState.java:run(115)) - b844e6b5-1f16-47bf-97b2-c0d1d01c0c7e: FollowerState was interrupted: java.lang.InterruptedException: sleep interrupted
2019-09-16 16:36:03,915 [8fe6a53f-0f90-4de3-90b3-ec931955170d@group-212E4DCDB13A:LeaderElection5] INFO  impl.LeaderElection (LeaderElection.java:logAndReturn(56)) - 8fe6a53f-0f90-4de3-90b3-ec931955170d@group-212E4DCDB13A:LeaderElection5: Election PASSED; received 1 response(s) [8fe6a53f-0f90-4de3-90b3-ec931955170d<-b844e6b5-1f16-47bf-97b2-c0d1d01c0c7e#0:OK-t1] and 0 exception(s); 8fe6a53f-0f90-4de3-90b3-ec931955170d@group-212E4DCDB13A:t1, leader=null, voted=8fe6a53f-0f90-4de3-90b3-ec931955170d, raftlog=8fe6a53f-0f90-4de3-90b3-ec931955170d@group-212E4DCDB13A-SegmentedRaftLog:OPENED:c-1,f-1,i0, conf=-1: [8fe6a53f-0f90-4de3-90b3-ec931955170d:192.168.157.233:33035, 14b1dfa2-ae53-4602-8fee-1e7c4997de4e:192.168.157.233:34059, b844e6b5-1f16-47bf-97b2-c0d1d01c0c7e:192.168.157.233:38724], old=null
2019-09-16 16:36:03,915 [8fe6a53f-0f90-4de3-90b3-ec931955170d@group-212E4DCDB13A:LeaderElection5] INFO  impl.RoleInfo (RoleInfo.java:shutdownLeaderElection(134)) - 8fe6a53f-0f90-4de3-90b3-ec931955170d: shutdown LeaderElection
2019-09-16 16:36:03,916 [8fe6a53f-0f90-4de3-90b3-ec931955170d@group-212E4DCDB13A:LeaderElection5] INFO  impl.RaftServerImpl (RaftServerImpl.java:setRole(174)) - 8fe6a53f-0f90-4de3-90b3-ec931955170d@group-212E4DCDB13A: changes role from CANDIDATE to LEADER at term 1 for changeToLeader
2019-09-16 16:36:03,917 [8fe6a53f-0f90-4de3-90b3-ec931955170d@group-212E4DCDB13A:LeaderElection5] INFO  impl.RaftServerImpl (ServerState.java:setLeader(253)) - 8fe6a53f-0f90-4de3-90b3-ec931955170d@group-212E4DCDB13A: change Leader from null to 8fe6a53f-0f90-4de3-90b3-ec931955170d at term 1 for becomeLeader, leader elected after 5123ms
2019-09-16 16:36:03,919 [8fe6a53f-0f90-4de3-90b3-ec931955170d@group-212E4DCDB13A:LeaderElection5] INFO  server.RaftServerConfigKeys (ConfUtils.java:logGet(43)) - raft.server.staging.catchup.gap = 1000 (default)
2019-09-16 16:36:03,919 [8fe6a53f-0f90-4de3-90b3-ec931955170d@group-212E4DCDB13A:LeaderElection5] INFO  server.RaftServerConfigKeys (ConfUtils.java:logGet(43)) - raft.server.rpc.sleep.time = 25ms (default)
2019-09-16 16:36:03,919 [8fe6a53f-0f90-4de3-90b3-ec931955170d@group-212E4DCDB13A:LeaderElection5] INFO  server.RaftServerConfigKeys (ConfUtils.java:logGet(43)) - raft.server.write.element-limit = 4096 (default)
2019-09-16 16:36:03,919 [8fe6a53f-0f90-4de3-90b3-ec931955170d@group-212E4DCDB13A:LeaderElection5] INFO  server.RaftServerConfigKeys (ConfUtils.java:logGet(43)) - raft.server.watch.timeout = 10s (default)
2019-09-16 16:36:03,920 [8fe6a53f-0f90-4de3-90b3-ec931955170d@group-212E4DCDB13A:LeaderElection5] INFO  server.RaftServerConfigKeys (ConfUtils.java:logGet(43)) - raft.server.watch.timeout.denomination = 1s (default)
2019-09-16 16:36:03,921 [8fe6a53f-0f90-4de3-90b3-ec931955170d@group-212E4DCDB13A:LeaderElection5] INFO  server.RaftServerConfigKeys (ConfUtils.java:logGet(43)) - raft.server.watch.element-limit = 65536 (default)
2019-09-16 16:36:03,928 [8fe6a53f-0f90-4de3-90b3-ec931955170d@group-212E4DCDB13A:LeaderElection5] INFO  server.RaftServerConfigKeys (ConfUtils.java:logGet(43)) - raft.server.log.appender.snapshot.chunk.size.max = 16MB (=16777216) (default)
2019-09-16 16:36:03,928 [8fe6a53f-0f90-4de3-90b3-ec931955170d@group-212E4DCDB13A:LeaderElection5] INFO  server.RaftServerConfigKeys (ConfUtils.java:logGet(43)) - raft.server.log.appender.buffer.byte-limit = 33554432 (custom)
2019-09-16 16:36:03,929 [8fe6a53f-0f90-4de3-90b3-ec931955170d@group-212E4DCDB13A:LeaderElection5] INFO  server.RaftServerConfigKeys (ConfUtils.java:logGet(43)) - raft.server.log.appender.buffer.element-limit = 1 (custom)
2019-09-16 16:36:03,933 [8fe6a53f-0f90-4de3-90b3-ec931955170d@group-212E4DCDB13A:LeaderElection5] INFO  grpc.GrpcConfigKeys$Server (ConfUtils.java:logGet(43)) - raft.grpc.server.leader.outstanding.appends.max = 128 (default)
2019-09-16 16:36:03,933 [8fe6a53f-0f90-4de3-90b3-ec931955170d@group-212E4DCDB13A:LeaderElection5] INFO  server.RaftServerConfigKeys (ConfUtils.java:logGet(43)) - raft.server.rpc.request.timeout = 3000ms (default)
2019-09-16 16:36:03,933 [8fe6a53f-0f90-4de3-90b3-ec931955170d@group-212E4DCDB13A:LeaderElection5] INFO  server.RaftServerConfigKeys (ConfUtils.java:logGet(43)) - raft.server.log.appender.install.snapshot.enabled = false (custom)
2019-09-16 16:36:03,934 [8fe6a53f-0f90-4de3-90b3-ec931955170d@group-212E4DCDB13A:LeaderElection5] INFO  server.RaftServerConfigKeys (ConfUtils.java:logGet(43)) - raft.server.log.appender.snapshot.chunk.size.max = 16MB (=16777216) (default)
2019-09-16 16:36:03,935 [8fe6a53f-0f90-4de3-90b3-ec931955170d@group-212E4DCDB13A:LeaderElection5] INFO  server.RaftServerConfigKeys (ConfUtils.java:logGet(43)) - raft.server.log.appender.buffer.byte-limit = 33554432 (custom)
2019-09-16 16:36:03,935 [8fe6a53f-0f90-4de3-90b3-ec931955170d@group-212E4DCDB13A:LeaderElection5] INFO  server.RaftServerConfigKeys (ConfUtils.java:logGet(43)) - raft.server.log.appender.buffer.element-limit = 1 (custom)
2019-09-16 16:36:03,935 [8fe6a53f-0f90-4de3-90b3-ec931955170d@group-212E4DCDB13A:LeaderElection5] INFO  grpc.GrpcConfigKeys$Server (ConfUtils.java:logGet(43)) - raft.grpc.server.leader.outstanding.appends.max = 128 (default)
2019-09-16 16:36:03,935 [8fe6a53f-0f90-4de3-90b3-ec931955170d@group-212E4DCDB13A:LeaderElection5] INFO  server.RaftServerConfigKeys (ConfUtils.java:logGet(43)) - raft.server.rpc.request.timeout = 3000ms (default)
2019-09-16 16:36:03,935 [8fe6a53f-0f90-4de3-90b3-ec931955170d@group-212E4DCDB13A:LeaderElection5] INFO  server.RaftServerConfigKeys (ConfUtils.java:logGet(43)) - raft.server.log.appender.install.snapshot.enabled = false (custom)
2019-09-16 16:36:03,937 [8fe6a53f-0f90-4de3-90b3-ec931955170d@group-212E4DCDB13A:LeaderElection5] INFO  impl.RoleInfo (RoleInfo.java:updateAndGet(143)) - 8fe6a53f-0f90-4de3-90b3-ec931955170d: start LeaderState
2019-09-16 16:36:03,937 [8fe6a53f-0f90-4de3-90b3-ec931955170d@group-212E4DCDB13A:LeaderElection5] INFO  segmented.SegmentedRaftLogWorker (SegmentedRaftLogWorker.java:startLogSegment(380)) - 8fe6a53f-0f90-4de3-90b3-ec931955170d@group-212E4DCDB13A-SegmentedRaftLogWorker: Starting segment from index:0
2019-09-16 16:36:03,938 [8fe6a53f-0f90-4de3-90b3-ec931955170d@group-212E4DCDB13A:LeaderElection5] INFO  impl.RaftServerImpl (ServerState.java:setRaftConf(354)) - 8fe6a53f-0f90-4de3-90b3-ec931955170d@group-212E4DCDB13A: set configuration 0: [8fe6a53f-0f90-4de3-90b3-ec931955170d:192.168.157.233:33035, 14b1dfa2-ae53-4602-8fee-1e7c4997de4e:192.168.157.233:34059, b844e6b5-1f16-47bf-97b2-c0d1d01c0c7e:192.168.157.233:38724], old=null at 0
2019-09-16 16:36:03,992 [8fe6a53f-0f90-4de3-90b3-ec931955170d@group-212E4DCDB13A-SegmentedRaftLogWorker] INFO  segmented.SegmentedRaftLogWorker (SegmentedRaftLogWorker.java:execute(569)) - 8fe6a53f-0f90-4de3-90b3-ec931955170d@group-212E4DCDB13A-SegmentedRaftLogWorker: created new log segment /workdir/hadoop-ozone/integration-test/target/test-dir/MiniOzoneClusterImpl-22bfdc7d-05d0-4d53-9e2d-a03578d1348a/datanode-2/data/ratis/07c7d3b3-23f3-4ee0-b2f9-212e4dcdb13a/current/log_inprogress_0
2019-09-16 16:36:04,009 [grpc-default-executor-1] INFO  impl.RaftServerImpl (ServerState.java:setLeader(253)) - b844e6b5-1f16-47bf-97b2-c0d1d01c0c7e@group-212E4DCDB13A: change Leader from null to 8fe6a53f-0f90-4de3-90b3-ec931955170d at term 1 for appendEntries, leader elected after 5216ms
2019-09-16 16:36:04,009 [grpc-default-executor-0] INFO  impl.RaftServerImpl (ServerState.java:setLeader(253)) - 14b1dfa2-ae53-4602-8fee-1e7c4997de4e@group-212E4DCDB13A: change Leader from null to 8fe6a53f-0f90-4de3-90b3-ec931955170d at term 1 for appendEntries, leader elected after 5216ms
2019-09-16 16:36:04,044 [grpc-default-executor-1] INFO  impl.RaftServerImpl (ServerState.java:setRaftConf(354)) - b844e6b5-1f16-47bf-97b2-c0d1d01c0c7e@group-212E4DCDB13A: set configuration 0: [8fe6a53f-0f90-4de3-90b3-ec931955170d:192.168.157.233:33035, 14b1dfa2-ae53-4602-8fee-1e7c4997de4e:192.168.157.233:34059, b844e6b5-1f16-47bf-97b2-c0d1d01c0c7e:192.168.157.233:38724], old=null at 0
2019-09-16 16:36:04,045 [grpc-default-executor-0] INFO  impl.RaftServerImpl (ServerState.java:setRaftConf(354)) - 14b1dfa2-ae53-4602-8fee-1e7c4997de4e@group-212E4DCDB13A: set configuration 0: [8fe6a53f-0f90-4de3-90b3-ec931955170d:192.168.157.233:33035, 14b1dfa2-ae53-4602-8fee-1e7c4997de4e:192.168.157.233:34059, b844e6b5-1f16-47bf-97b2-c0d1d01c0c7e:192.168.157.233:38724], old=null at 0
2019-09-16 16:36:04,045 [grpc-default-executor-1] INFO  segmented.SegmentedRaftLogWorker (SegmentedRaftLogWorker.java:startLogSegment(380)) - b844e6b5-1f16-47bf-97b2-c0d1d01c0c7e@group-212E4DCDB13A-SegmentedRaftLogWorker: Starting segment from index:0
2019-09-16 16:36:04,045 [grpc-default-executor-0] INFO  segmented.SegmentedRaftLogWorker (SegmentedRaftLogWorker.java:startLogSegment(380)) - 14b1dfa2-ae53-4602-8fee-1e7c4997de4e@group-212E4DCDB13A-SegmentedRaftLogWorker: Starting segment from index:0
2019-09-16 16:36:04,091 [b844e6b5-1f16-47bf-97b2-c0d1d01c0c7e@group-212E4DCDB13A-SegmentedRaftLogWorker] INFO  segmented.SegmentedRaftLogWorker (SegmentedRaftLogWorker.java:execute(569)) - b844e6b5-1f16-47bf-97b2-c0d1d01c0c7e@group-212E4DCDB13A-SegmentedRaftLogWorker: created new log segment /workdir/hadoop-ozone/integration-test/target/test-dir/MiniOzoneClusterImpl-22bfdc7d-05d0-4d53-9e2d-a03578d1348a/datanode-0/data/ratis/07c7d3b3-23f3-4ee0-b2f9-212e4dcdb13a/current/log_inprogress_0
2019-09-16 16:36:04,091 [14b1dfa2-ae53-4602-8fee-1e7c4997de4e@group-212E4DCDB13A-SegmentedRaftLogWorker] INFO  segmented.SegmentedRaftLogWorker (SegmentedRaftLogWorker.java:execute(569)) - 14b1dfa2-ae53-4602-8fee-1e7c4997de4e@group-212E4DCDB13A-SegmentedRaftLogWorker: created new log segment /workdir/hadoop-ozone/integration-test/target/test-dir/MiniOzoneClusterImpl-22bfdc7d-05d0-4d53-9e2d-a03578d1348a/datanode-1/data/ratis/07c7d3b3-23f3-4ee0-b2f9-212e4dcdb13a/current/log_inprogress_0
2019-09-16 16:36:04,222 [grpc-default-executor-1] INFO  client.GrpcClientProtocolClient (GrpcClientProtocolClient.java:onNext(264)) - client-34298CB98171->14b1dfa2-ae53-4602-8fee-1e7c4997de4e: receive RaftClientReply:client-34298CB98171->14b1dfa2-ae53-4602-8fee-1e7c4997de4e@group-212E4DCDB13A, cid=9, FAILED org.apache.ratis.protocol.NotLeaderException: Server 14b1dfa2-ae53-4602-8fee-1e7c4997de4e@group-212E4DCDB13A is not the leader 8fe6a53f-0f90-4de3-90b3-ec931955170d:192.168.157.233:33035, logIndex=0, commits[14b1dfa2-ae53-4602-8fee-1e7c4997de4e:c0, 8fe6a53f-0f90-4de3-90b3-ec931955170d:c0, b844e6b5-1f16-47bf-97b2-c0d1d01c0c7e:c-1]
2019-09-16 16:36:04,479 [grpc-default-executor-0] INFO  client.GrpcClientProtocolClient (GrpcClientProtocolClient.java:onNext(264)) - client-34298CB98171->8fe6a53f-0f90-4de3-90b3-ec931955170d: receive RaftClientReply:client-34298CB98171->8fe6a53f-0f90-4de3-90b3-ec931955170d@group-212E4DCDB13A, cid=9, SUCCESS, logIndex=1, commits[8fe6a53f-0f90-4de3-90b3-ec931955170d:c1, 14b1dfa2-ae53-4602-8fee-1e7c4997de4e:c0, b844e6b5-1f16-47bf-97b2-c0d1d01c0c7e:c0]
2019-09-16 16:36:04,579 [grpc-default-executor-1] INFO  client.GrpcClientProtocolClient (GrpcClientProtocolClient.java:onNext(264)) - client-34298CB98171->8fe6a53f-0f90-4de3-90b3-ec931955170d: receive RaftClientReply:client-34298CB98171->8fe6a53f-0f90-4de3-90b3-ec931955170d@group-212E4DCDB13A, cid=11, SUCCESS, logIndex=3, commits[8fe6a53f-0f90-4de3-90b3-ec931955170d:c4, 14b1dfa2-ae53-4602-8fee-1e7c4997de4e:c3, b844e6b5-1f16-47bf-97b2-c0d1d01c0c7e:c3]
2019-09-16 16:36:04,614 [main] ERROR container.ContainerStateManager (ContainerStateManager.java:updateContainerState(335)) - Failed to update container state #1, reason: invalid state transition from state: CLOSING upon event: FINALIZE.
]]></system-out>
    <system-err><![CDATA[ERROR StatusLogger No Log4j 2 configuration file found. Using default configuration (logging only errors to the console), or user programmatically provided configurations. Set system property 'log4j2.debug' to show Log4j 2 internal initialization logging. See https://logging.apache.org/log4j/2.x/manual/configuration.html for instructions on how to configure Log4j 2
]]></system-err>
  </testcase>
</testsuite>