<?xml version="1.0" encoding="UTF-8"?>
<testsuite xmlns:xsi="http://www.w3.org/2001/XMLSchema-instance" xsi:noNamespaceSchemaLocation="https://maven.apache.org/surefire/maven-surefire-plugin/xsd/surefire-test-report.xsd" name="org.apache.hadoop.ozone.client.rpc.TestBlockOutputStream" time="232.514" tests="6" errors="0" skipped="0" failures="1">
  <properties>
    <property name="awt.toolkit" value="sun.awt.X11.XToolkit"/>
    <property name="file.encoding.pkg" value="sun.io"/>
    <property name="java.specification.version" value="1.8"/>
    <property name="sun.cpu.isalist" value=""/>
    <property name="sun.jnu.encoding" value="UTF-8"/>
    <property name="java.class.path" value="/workdir/hadoop-ozone/integration-test/target/test-classes:/workdir/hadoop-ozone/integration-test/target/classes:/home/user/.m2/repository/org/apache/hadoop/hadoop-ozone-common/0.5.0-SNAPSHOT/hadoop-ozone-common-0.5.0-SNAPSHOT.jar:/home/user/.m2/repository/org/apache/commons/commons-compress/1.4.1/commons-compress-1.4.1.jar:/home/user/.m2/repository/org/tukaani/xz/1.0/xz-1.0.jar:/home/user/.m2/repository/org/apache/hadoop/hadoop-common/3.2.0/hadoop-common-3.2.0.jar:/home/user/.m2/repository/org/apache/hadoop/hadoop-hdfs/3.2.0/hadoop-hdfs-3.2.0.jar:/home/user/.m2/repository/org/apache/hadoop/hadoop-hdfs-client/3.2.0/hadoop-hdfs-client-3.2.0.jar:/home/user/.m2/repository/com/fasterxml/jackson/core/jackson-annotations/2.9.5/jackson-annotations-2.9.5.jar:/home/user/.m2/repository/org/apache/hadoop/hadoop-hdds-common/0.5.0-SNAPSHOT/hadoop-hdds-common-0.5.0-SNAPSHOT.jar:/home/user/.m2/repository/javax/annotation/javax.annotation-api/1.2/javax.annotation-api-1.2.jar:/home/user/.m2/repository/org/apache/ratis/ratis-server/0.4.0-78e95b9-SNAPSHOT/ratis-server-0.4.0-78e95b9-SNAPSHOT.jar:/home/user/.m2/repository/org/apache/ratis/ratis-thirdparty-misc/0.2.0/ratis-thirdparty-misc-0.2.0.jar:/home/user/.m2/repository/org/apache/ratis/ratis-proto/0.4.0-78e95b9-SNAPSHOT/ratis-proto-0.4.0-78e95b9-SNAPSHOT.jar:/home/user/.m2/repository/org/apache/ratis/ratis-common/0.4.0-78e95b9-SNAPSHOT/ratis-common-0.4.0-78e95b9-SNAPSHOT.jar:/home/user/.m2/repository/org/apache/ratis/ratis-client/0.4.0-78e95b9-SNAPSHOT/ratis-client-0.4.0-78e95b9-SNAPSHOT.jar:/home/user/.m2/repository/org/apache/ratis/ratis-metrics/0.4.0-78e95b9-SNAPSHOT/ratis-metrics-0.4.0-78e95b9-SNAPSHOT.jar:/home/user/.m2/repository/com/github/joshelser/dropwizard-metrics-hadoop-metrics2-reporter/0.1.2/dropwizard-metrics-hadoop-metrics2-reporter-0.1.2.jar:/home/user/.m2/repository/io/dropwizard/metrics/metrics-jvm/3.2.5/metrics-jvm-3.2.5.jar:/home/user/.m2/repository/io/dropwizard/metrics/metrics-ganglia/3.2.5/metrics-ganglia-3.2.5.jar:/home/user/.m2/repository/info/ganglia/gmetric4j/gmetric4j/1.0.7/gmetric4j-1.0.7.jar:/home/user/.m2/repository/org/apache/ratis/ratis-netty/0.4.0-78e95b9-SNAPSHOT/ratis-netty-0.4.0-78e95b9-SNAPSHOT.jar:/home/user/.m2/repository/org/apache/ratis/ratis-grpc/0.4.0-78e95b9-SNAPSHOT/ratis-grpc-0.4.0-78e95b9-SNAPSHOT.jar:/home/user/.m2/repository/org/rocksdb/rocksdbjni/6.0.1/rocksdbjni-6.0.1.jar:/home/user/.m2/repository/org/apache/logging/log4j/log4j-api/2.11.0/log4j-api-2.11.0.jar:/home/user/.m2/repository/org/apache/logging/log4j/log4j-core/2.11.0/log4j-core-2.11.0.jar:/home/user/.m2/repository/com/lmax/disruptor/3.4.2/disruptor-3.4.2.jar:/home/user/.m2/repository/org/apache/commons/commons-pool2/2.6.0/commons-pool2-2.6.0.jar:/home/user/.m2/repository/org/bouncycastle/bcpkix-jdk15on/1.60/bcpkix-jdk15on-1.60.jar:/home/user/.m2/repository/commons-validator/commons-validator/1.6/commons-validator-1.6.jar:/home/user/.m2/repository/commons-digester/commons-digester/1.8.1/commons-digester-1.8.1.jar:/home/user/.m2/repository/io/jaegertracing/jaeger-client/0.33.1/jaeger-client-0.33.1.jar:/home/user/.m2/repository/io/jaegertracing/jaeger-thrift/0.33.1/jaeger-thrift-0.33.1.jar:/home/user/.m2/repository/org/apache/thrift/libthrift/0.11.0/libthrift-0.11.0.jar:/home/user/.m2/repository/com/squareup/okhttp3/okhttp/3.9.0/okhttp-3.9.0.jar:/home/user/.m2/repository/com/squareup/okio/okio/1.13.0/okio-1.13.0.jar:/home/user/.m2/repository/io/jaegertracing/jaeger-core/0.33.1/jaeger-core-0.33.1.jar:/home/user/.m2/repository/io/jaegertracing/jaeger-tracerresolver/0.33.1/jaeger-tracerresolver-0.33.1.jar:/home/user/.m2/repository/io/opentracing/contrib/opentracing-tracerresolver/0.1.5/opentracing-tracerresolver-0.1.5.jar:/home/user/.m2/repository/io/opentracing/opentracing-util/0.31.0/opentracing-util-0.31.0.jar:/home/user/.m2/repository/io/opentracing/opentracing-api/0.31.0/opentracing-api-0.31.0.jar:/home/user/.m2/repository/io/opentracing/opentracing-noop/0.31.0/opentracing-noop-0.31.0.jar:/home/user/.m2/repository/org/apache/hadoop/hadoop-hdds-server-framework/0.5.0-SNAPSHOT/hadoop-hdds-server-framework-0.5.0-SNAPSHOT.jar:/home/user/.m2/repository/org/apache/hadoop/hadoop-hdds-container-service/0.5.0-SNAPSHOT/hadoop-hdds-container-service-0.5.0-SNAPSHOT.jar:/home/user/.m2/repository/org/apache/hadoop/hadoop-hdds-client/0.5.0-SNAPSHOT/hadoop-hdds-client-0.5.0-SNAPSHOT.jar:/home/user/.m2/repository/org/apache/hadoop/hadoop-hdds-tools/0.5.0-SNAPSHOT/hadoop-hdds-tools-0.5.0-SNAPSHOT.jar:/home/user/.m2/repository/org/apache/hadoop/hadoop-hdds-server-scm/0.5.0-SNAPSHOT/hadoop-hdds-server-scm-0.5.0-SNAPSHOT.jar:/home/user/.m2/repository/org/apache/hadoop/hadoop-hdds-docs/0.5.0-SNAPSHOT/hadoop-hdds-docs-0.5.0-SNAPSHOT.jar:/home/user/.m2/repository/io/dropwizard/metrics/metrics-core/3.2.4/metrics-core-3.2.4.jar:/home/user/.m2/repository/org/hamcrest/hamcrest-all/1.3/hamcrest-all-1.3.jar:/home/user/.m2/repository/org/bouncycastle/bcprov-jdk15on/1.60/bcprov-jdk15on-1.60.jar:/home/user/.m2/repository/info/picocli/picocli/3.9.6/picocli-3.9.6.jar:/home/user/.m2/repository/com/google/protobuf/protobuf-java/2.5.0/protobuf-java-2.5.0.jar:/home/user/.m2/repository/com/google/guava/guava/11.0.2/guava-11.0.2.jar:/home/user/.m2/repository/org/apache/hadoop/hadoop-ozone-ozone-manager/0.5.0-SNAPSHOT/hadoop-ozone-ozone-manager-0.5.0-SNAPSHOT.jar:/home/user/.m2/repository/org/apache/hadoop/hadoop-minikdc/3.2.0/hadoop-minikdc-3.2.0.jar:/home/user/.m2/repository/commons-io/commons-io/2.5/commons-io-2.5.jar:/home/user/.m2/repository/org/apache/kerby/kerb-simplekdc/1.0.1/kerb-simplekdc-1.0.1.jar:/home/user/.m2/repository/org/apache/kerby/kerb-client/1.0.1/kerb-client-1.0.1.jar:/home/user/.m2/repository/org/apache/kerby/kerby-config/1.0.1/kerby-config-1.0.1.jar:/home/user/.m2/repository/org/apache/kerby/kerb-core/1.0.1/kerb-core-1.0.1.jar:/home/user/.m2/repository/org/apache/kerby/kerby-pkix/1.0.1/kerby-pkix-1.0.1.jar:/home/user/.m2/repository/org/apache/kerby/kerby-asn1/1.0.1/kerby-asn1-1.0.1.jar:/home/user/.m2/repository/org/apache/kerby/kerby-util/1.0.1/kerby-util-1.0.1.jar:/home/user/.m2/repository/org/apache/kerby/kerb-common/1.0.1/kerb-common-1.0.1.jar:/home/user/.m2/repository/org/apache/kerby/kerb-crypto/1.0.1/kerb-crypto-1.0.1.jar:/home/user/.m2/repository/org/apache/kerby/kerb-util/1.0.1/kerb-util-1.0.1.jar:/home/user/.m2/repository/org/apache/kerby/token-provider/1.0.1/token-provider-1.0.1.jar:/home/user/.m2/repository/org/apache/kerby/kerb-admin/1.0.1/kerb-admin-1.0.1.jar:/home/user/.m2/repository/org/apache/kerby/kerb-server/1.0.1/kerb-server-1.0.1.jar:/home/user/.m2/repository/org/apache/kerby/kerb-identity/1.0.1/kerb-identity-1.0.1.jar:/home/user/.m2/repository/org/apache/kerby/kerby-xdr/1.0.1/kerby-xdr-1.0.1.jar:/home/user/.m2/repository/org/slf4j/slf4j-log4j12/1.7.25/slf4j-log4j12-1.7.25.jar:/home/user/.m2/repository/org/apache/hadoop/hadoop-ozone-s3gateway/0.5.0-SNAPSHOT/hadoop-ozone-s3gateway-0.5.0-SNAPSHOT.jar:/home/user/.m2/repository/org/jboss/weld/servlet/weld-servlet/2.4.7.Final/weld-servlet-2.4.7.Final.jar:/home/user/.m2/repository/org/glassfish/jersey/containers/jersey-container-servlet-core/2.27/jersey-container-servlet-core-2.27.jar:/home/user/.m2/repository/org/glassfish/hk2/external/javax.inject/2.5.0-b42/javax.inject-2.5.0-b42.jar:/home/user/.m2/repository/org/glassfish/jersey/core/jersey-common/2.27/jersey-common-2.27.jar:/home/user/.m2/repository/org/glassfish/hk2/osgi-resource-locator/1.0.1/osgi-resource-locator-1.0.1.jar:/home/user/.m2/repository/javax/ws/rs/javax.ws.rs-api/2.1/javax.ws.rs-api-2.1.jar:/home/user/.m2/repository/org/glassfish/jersey/ext/cdi/jersey-cdi1x/2.27/jersey-cdi1x-2.27.jar:/home/user/.m2/repository/org/glassfish/jersey/inject/jersey-hk2/2.27/jersey-hk2-2.27.jar:/home/user/.m2/repository/org/glassfish/hk2/hk2-locator/2.5.0-b42/hk2-locator-2.5.0-b42.jar:/home/user/.m2/repository/org/javassist/javassist/3.22.0-CR2/javassist-3.22.0-CR2.jar:/home/user/.m2/repository/org/glassfish/hk2/hk2-api/2.5.0/hk2-api-2.5.0.jar:/home/user/.m2/repository/org/glassfish/hk2/external/jakarta.inject/2.5.0/jakarta.inject-2.5.0.jar:/home/user/.m2/repository/org/glassfish/hk2/hk2-utils/2.5.0/hk2-utils-2.5.0.jar:/home/user/.m2/repository/jakarta/annotation/jakarta.annotation-api/1.3.4/jakarta.annotation-api-1.3.4.jar:/home/user/.m2/repository/org/glassfish/hk2/external/aopalliance-repackaged/2.5.0/aopalliance-repackaged-2.5.0.jar:/home/user/.m2/repository/com/fasterxml/jackson/dataformat/jackson-dataformat-xml/2.9.0/jackson-dataformat-xml-2.9.0.jar:/home/user/.m2/repository/com/fasterxml/jackson/core/jackson-core/2.9.5/jackson-core-2.9.5.jar:/home/user/.m2/repository/com/fasterxml/jackson/module/jackson-module-jaxb-annotations/2.9.5/jackson-module-jaxb-annotations-2.9.5.jar:/home/user/.m2/repository/javax/enterprise/cdi-api/1.2/cdi-api-1.2.jar:/home/user/.m2/repository/javax/el/javax.el-api/3.0.0/javax.el-api-3.0.0.jar:/home/user/.m2/repository/javax/interceptor/javax.interceptor-api/1.2/javax.interceptor-api-1.2.jar:/home/user/.m2/repository/javax/inject/javax.inject/1/javax.inject-1.jar:/home/user/.m2/repository/com/sun/xml/bind/jaxb-impl/2.3.0.1/jaxb-impl-2.3.0.1.jar:/home/user/.m2/repository/com/sun/xml/bind/jaxb-core/2.3.0.1/jaxb-core-2.3.0.1.jar:/home/user/.m2/repository/javax/xml/bind/jaxb-api/2.3.0/jaxb-api-2.3.0.jar:/home/user/.m2/repository/javax/activation/activation/1.1.1/activation-1.1.1.jar:/home/user/.m2/repository/org/apache/hadoop/hadoop-ozone-csi/0.5.0-SNAPSHOT/hadoop-ozone-csi-0.5.0-SNAPSHOT.jar:/home/user/.m2/repository/com/google/protobuf/protobuf-java-util/3.5.1/protobuf-java-util-3.5.1.jar:/home/user/.m2/repository/org/apache/hadoop/hadoop-hdds-config/0.5.0-SNAPSHOT/hadoop-hdds-config-0.5.0-SNAPSHOT.jar:/home/user/.m2/repository/io/grpc/grpc-netty/1.17.1/grpc-netty-1.17.1.jar:/home/user/.m2/repository/io/grpc/grpc-core/1.17.1/grpc-core-1.17.1.jar:/home/user/.m2/repository/io/grpc/grpc-context/1.17.1/grpc-context-1.17.1.jar:/home/user/.m2/repository/com/google/errorprone/error_prone_annotations/2.2.0/error_prone_annotations-2.2.0.jar:/home/user/.m2/repository/org/codehaus/mojo/animal-sniffer-annotations/1.17/animal-sniffer-annotations-1.17.jar:/home/user/.m2/repository/io/opencensus/opencensus-api/0.17.0/opencensus-api-0.17.0.jar:/home/user/.m2/repository/io/opencensus/opencensus-contrib-grpc-metrics/0.17.0/opencensus-contrib-grpc-metrics-0.17.0.jar:/home/user/.m2/repository/io/netty/netty-codec-http2/4.1.30.Final/netty-codec-http2-4.1.30.Final.jar:/home/user/.m2/repository/io/netty/netty-codec-http/4.1.30.Final/netty-codec-http-4.1.30.Final.jar:/home/user/.m2/repository/io/netty/netty-codec/4.1.30.Final/netty-codec-4.1.30.Final.jar:/home/user/.m2/repository/io/netty/netty-handler/4.1.30.Final/netty-handler-4.1.30.Final.jar:/home/user/.m2/repository/io/netty/netty-handler-proxy/4.1.30.Final/netty-handler-proxy-4.1.30.Final.jar:/home/user/.m2/repository/io/netty/netty-codec-socks/4.1.30.Final/netty-codec-socks-4.1.30.Final.jar:/home/user/.m2/repository/io/netty/netty-transport-native-epoll/4.1.30.Final/netty-transport-native-epoll-4.1.30.Final.jar:/home/user/.m2/repository/io/netty/netty-common/4.1.30.Final/netty-common-4.1.30.Final.jar:/home/user/.m2/repository/io/netty/netty-buffer/4.1.30.Final/netty-buffer-4.1.30.Final.jar:/home/user/.m2/repository/io/netty/netty-transport/4.1.30.Final/netty-transport-4.1.30.Final.jar:/home/user/.m2/repository/io/netty/netty-resolver/4.1.30.Final/netty-resolver-4.1.30.Final.jar:/home/user/.m2/repository/io/netty/netty-transport-native-unix-common/4.1.30.Final/netty-transport-native-unix-common-4.1.30.Final.jar:/home/user/.m2/repository/io/grpc/grpc-protobuf/1.17.1/grpc-protobuf-1.17.1.jar:/home/user/.m2/repository/com/google/api/grpc/proto-google-common-protos/1.0.0/proto-google-common-protos-1.0.0.jar:/home/user/.m2/repository/io/grpc/grpc-protobuf-lite/1.17.1/grpc-protobuf-lite-1.17.1.jar:/home/user/.m2/repository/io/grpc/grpc-stub/1.17.1/grpc-stub-1.17.1.jar:/home/user/.m2/repository/org/apache/hadoop/hadoop-ozone-recon/0.5.0-SNAPSHOT/hadoop-ozone-recon-0.5.0-SNAPSHOT.jar:/home/user/.m2/repository/org/apache/hadoop/hadoop-ozone-reconcodegen/0.5.0-SNAPSHOT/hadoop-ozone-reconcodegen-0.5.0-SNAPSHOT.jar:/home/user/.m2/repository/com/google/inject/extensions/guice-multibindings/4.0/guice-multibindings-4.0.jar:/home/user/.m2/repository/com/google/inject/guice/4.0/guice-4.0.jar:/home/user/.m2/repository/aopalliance/aopalliance/1.0/aopalliance-1.0.jar:/home/user/.m2/repository/com/google/inject/extensions/guice-servlet/4.0/guice-servlet-4.0.jar:/home/user/.m2/repository/org/glassfish/jersey/containers/jersey-container-servlet/2.27/jersey-container-servlet-2.27.jar:/home/user/.m2/repository/org/glassfish/hk2/guice-bridge/2.5.0/guice-bridge-2.5.0.jar:/home/user/.m2/repository/org/glassfish/jersey/core/jersey-server/2.27/jersey-server-2.27.jar:/home/user/.m2/repository/org/glassfish/jersey/core/jersey-client/2.27/jersey-client-2.27.jar:/home/user/.m2/repository/org/glassfish/jersey/media/jersey-media-jaxb/2.27/jersey-media-jaxb-2.27.jar:/home/user/.m2/repository/javax/validation/validation-api/1.1.0.Final/validation-api-1.1.0.Final.jar:/home/user/.m2/repository/org/glassfish/jersey/media/jersey-media-json-jackson/2.27/jersey-media-json-jackson-2.27.jar:/home/user/.m2/repository/org/glassfish/jersey/ext/jersey-entity-filtering/2.27/jersey-entity-filtering-2.27.jar:/home/user/.m2/repository/com/google/inject/extensions/guice-assistedinject/4.0/guice-assistedinject-4.0.jar:/home/user/.m2/repository/org/jooq/jooq/3.11.10/jooq-3.11.10.jar:/home/user/.m2/repository/org/jooq/jooq-meta/3.11.10/jooq-meta-3.11.10.jar:/home/user/.m2/repository/org/jooq/jooq-codegen/3.11.10/jooq-codegen-3.11.10.jar:/home/user/.m2/repository/com/jolbox/bonecp/0.8.0.RELEASE/bonecp-0.8.0.RELEASE.jar:/home/user/.m2/repository/org/xerial/sqlite-jdbc/3.25.2/sqlite-jdbc-3.25.2.jar:/home/user/.m2/repository/org/springframework/spring-jdbc/5.1.3.RELEASE/spring-jdbc-5.1.3.RELEASE.jar:/home/user/.m2/repository/org/springframework/spring-beans/5.1.3.RELEASE/spring-beans-5.1.3.RELEASE.jar:/home/user/.m2/repository/org/springframework/spring-core/5.1.3.RELEASE/spring-core-5.1.3.RELEASE.jar:/home/user/.m2/repository/org/springframework/spring-jcl/5.1.3.RELEASE/spring-jcl-5.1.3.RELEASE.jar:/home/user/.m2/repository/org/springframework/spring-tx/5.1.3.RELEASE/spring-tx-5.1.3.RELEASE.jar:/home/user/.m2/repository/org/apache/hadoop/hadoop-ozone-client/0.5.0-SNAPSHOT/hadoop-ozone-client-0.5.0-SNAPSHOT.jar:/home/user/.m2/repository/commons-lang/commons-lang/2.6/commons-lang-2.6.jar:/home/user/.m2/repository/org/apache/hadoop/hadoop-ozone-ozone-manager/0.5.0-SNAPSHOT/hadoop-ozone-ozone-manager-0.5.0-SNAPSHOT-tests.jar:/home/user/.m2/repository/junit/junit/4.11/junit-4.11.jar:/home/user/.m2/repository/org/hamcrest/hamcrest-core/1.3/hamcrest-core-1.3.jar:/home/user/.m2/repository/org/openjdk/jmh/jmh-core/1.19/jmh-core-1.19.jar:/home/user/.m2/repository/net/sf/jopt-simple/jopt-simple/4.6/jopt-simple-4.6.jar:/home/user/.m2/repository/org/apache/commons/commons-math3/3.1.1/commons-math3-3.1.1.jar:/home/user/.m2/repository/org/openjdk/jmh/jmh-generator-annprocess/1.19/jmh-generator-annprocess-1.19.jar:/home/user/.m2/repository/org/mockito/mockito-all/1.8.5/mockito-all-1.8.5.jar:/home/user/.m2/repository/org/apache/hadoop/hadoop-kms/3.2.0/hadoop-kms-3.2.0.jar:/home/user/.m2/repository/org/apache/hadoop/hadoop-auth/3.2.0/hadoop-auth-3.2.0.jar:/home/user/.m2/repository/com/nimbusds/nimbus-jose-jwt/4.41.1/nimbus-jose-jwt-4.41.1.jar:/home/user/.m2/repository/com/github/stephenc/jcip/jcip-annotations/1.0-1/jcip-annotations-1.0-1.jar:/home/user/.m2/repository/net/minidev/json-smart/2.3/json-smart-2.3.jar:/home/user/.m2/repository/net/minidev/accessors-smart/1.2/accessors-smart-1.2.jar:/home/user/.m2/repository/org/ow2/asm/asm/5.0.4/asm-5.0.4.jar:/home/user/.m2/repository/org/apache/curator/curator-framework/2.12.0/curator-framework-2.12.0.jar:/home/user/.m2/repository/com/sun/jersey/jersey-core/1.19/jersey-core-1.19.jar:/home/user/.m2/repository/javax/ws/rs/jsr311-api/1.1.1/jsr311-api-1.1.1.jar:/home/user/.m2/repository/com/sun/jersey/jersey-server/1.19/jersey-server-1.19.jar:/home/user/.m2/repository/javax/servlet/javax.servlet-api/3.1.0/javax.servlet-api-3.1.0.jar:/home/user/.m2/repository/org/eclipse/jetty/jetty-server/9.3.24.v20180605/jetty-server-9.3.24.v20180605.jar:/home/user/.m2/repository/org/eclipse/jetty/jetty-http/9.3.24.v20180605/jetty-http-9.3.24.v20180605.jar:/home/user/.m2/repository/org/eclipse/jetty/jetty-io/9.3.24.v20180605/jetty-io-9.3.24.v20180605.jar:/home/user/.m2/repository/org/eclipse/jetty/jetty-webapp/9.3.24.v20180605/jetty-webapp-9.3.24.v20180605.jar:/home/user/.m2/repository/org/eclipse/jetty/jetty-xml/9.3.24.v20180605/jetty-xml-9.3.24.v20180605.jar:/home/user/.m2/repository/log4j/log4j/1.2.17/log4j-1.2.17.jar:/home/user/.m2/repository/org/slf4j/slf4j-api/1.7.25/slf4j-api-1.7.25.jar:/home/user/.m2/repository/org/slf4j/jul-to-slf4j/1.7.25/jul-to-slf4j-1.7.25.jar:/home/user/.m2/repository/org/eclipse/jetty/jetty-util/9.3.24.v20180605/jetty-util-9.3.24.v20180605.jar:/home/user/.m2/repository/com/fasterxml/jackson/core/jackson-databind/2.9.5/jackson-databind-2.9.5.jar:/home/user/.m2/repository/org/apache/hadoop/hadoop-kms/3.2.0/hadoop-kms-3.2.0-tests.jar:/home/user/.m2/repository/org/apache/hadoop/hadoop-hdds-server-scm/0.5.0-SNAPSHOT/hadoop-hdds-server-scm-0.5.0-SNAPSHOT-tests.jar:/home/user/.m2/repository/org/apache/hadoop/hadoop-hdds-container-service/0.5.0-SNAPSHOT/hadoop-hdds-container-service-0.5.0-SNAPSHOT-tests.jar:/home/user/.m2/repository/org/yaml/snakeyaml/1.16/snakeyaml-1.16.jar:/home/user/.m2/repository/org/apache/hadoop/hadoop-common/3.2.0/hadoop-common-3.2.0-tests.jar:/home/user/.m2/repository/org/apache/hadoop/hadoop-annotations/3.2.0/hadoop-annotations-3.2.0.jar:/usr/lib/jvm/java-1.8-openjdk/jre/../lib/tools.jar:/home/user/.m2/repository/commons-cli/commons-cli/1.2/commons-cli-1.2.jar:/home/user/.m2/repository/org/apache/httpcomponents/httpclient/4.5.2/httpclient-4.5.2.jar:/home/user/.m2/repository/org/apache/httpcomponents/httpcore/4.4.4/httpcore-4.4.4.jar:/home/user/.m2/repository/commons-codec/commons-codec/1.11/commons-codec-1.11.jar:/home/user/.m2/repository/commons-net/commons-net/3.6/commons-net-3.6.jar:/home/user/.m2/repository/commons-collections/commons-collections/3.2.2/commons-collections-3.2.2.jar:/home/user/.m2/repository/org/eclipse/jetty/jetty-servlet/9.3.24.v20180605/jetty-servlet-9.3.24.v20180605.jar:/home/user/.m2/repository/org/eclipse/jetty/jetty-security/9.3.24.v20180605/jetty-security-9.3.24.v20180605.jar:/home/user/.m2/repository/javax/servlet/jsp/jsp-api/2.1/jsp-api-2.1.jar:/home/user/.m2/repository/com/sun/jersey/jersey-servlet/1.19/jersey-servlet-1.19.jar:/home/user/.m2/repository/com/sun/jersey/jersey-json/1.19/jersey-json-1.19.jar:/home/user/.m2/repository/org/codehaus/jettison/jettison/1.1/jettison-1.1.jar:/home/user/.m2/repository/org/codehaus/jackson/jackson-core-asl/1.9.13/jackson-core-asl-1.9.13.jar:/home/user/.m2/repository/org/codehaus/jackson/jackson-mapper-asl/1.9.13/jackson-mapper-asl-1.9.13.jar:/home/user/.m2/repository/org/codehaus/jackson/jackson-jaxrs/1.9.13/jackson-jaxrs-1.9.13.jar:/home/user/.m2/repository/org/codehaus/jackson/jackson-xc/1.9.13/jackson-xc-1.9.13.jar:/home/user/.m2/repository/commons-logging/commons-logging/1.1.3/commons-logging-1.1.3.jar:/home/user/.m2/repository/commons-beanutils/commons-beanutils/1.9.3/commons-beanutils-1.9.3.jar:/home/user/.m2/repository/org/apache/commons/commons-configuration2/2.1.1/commons-configuration2-2.1.1.jar:/home/user/.m2/repository/org/apache/commons/commons-lang3/3.7/commons-lang3-3.7.jar:/home/user/.m2/repository/org/apache/commons/commons-text/1.4/commons-text-1.4.jar:/home/user/.m2/repository/org/apache/avro/avro/1.7.7/avro-1.7.7.jar:/home/user/.m2/repository/com/thoughtworks/paranamer/paranamer/2.3/paranamer-2.3.jar:/home/user/.m2/repository/org/xerial/snappy/snappy-java/1.0.5/snappy-java-1.0.5.jar:/home/user/.m2/repository/com/google/re2j/re2j/1.1/re2j-1.1.jar:/home/user/.m2/repository/com/google/code/gson/gson/2.2.4/gson-2.2.4.jar:/home/user/.m2/repository/com/jcraft/jsch/0.1.54/jsch-0.1.54.jar:/home/user/.m2/repository/org/apache/curator/curator-client/2.12.0/curator-client-2.12.0.jar:/home/user/.m2/repository/org/apache/curator/curator-recipes/2.12.0/curator-recipes-2.12.0.jar:/home/user/.m2/repository/com/google/code/findbugs/jsr305/3.0.0/jsr305-3.0.0.jar:/home/user/.m2/repository/org/apache/htrace/htrace-core4/4.1.0-incubating/htrace-core4-4.1.0-incubating.jar:/home/user/.m2/repository/org/apache/zookeeper/zookeeper/3.4.13/zookeeper-3.4.13.jar:/home/user/.m2/repository/org/apache/yetus/audience-annotations/0.5.0/audience-annotations-0.5.0.jar:/home/user/.m2/repository/org/codehaus/woodstox/stax2-api/3.1.4/stax2-api-3.1.4.jar:/home/user/.m2/repository/com/fasterxml/woodstox/woodstox-core/5.0.3/woodstox-core-5.0.3.jar:/home/user/.m2/repository/dnsjava/dnsjava/2.1.7/dnsjava-2.1.7.jar:/home/user/.m2/repository/org/apache/hadoop/hadoop-hdfs/3.2.0/hadoop-hdfs-3.2.0-tests.jar:/home/user/.m2/repository/org/eclipse/jetty/jetty-util-ajax/9.3.24.v20180605/jetty-util-ajax-9.3.24.v20180605.jar:/home/user/.m2/repository/commons-daemon/commons-daemon/1.0.13/commons-daemon-1.0.13.jar:/home/user/.m2/repository/io/netty/netty/3.10.5.Final/netty-3.10.5.Final.jar:/home/user/.m2/repository/io/netty/netty-all/4.0.52.Final/netty-all-4.0.52.Final.jar:/home/user/.m2/repository/org/fusesource/leveldbjni/leveldbjni-all/1.8/leveldbjni-all-1.8.jar:"/>
    <property name="java.vm.vendor" value="IcedTea"/>
    <property name="sun.arch.data.model" value="64"/>
    <property name="test.build.dir" value="/workdir/hadoop-ozone/integration-test/target/test-dir"/>
    <property name="test.cache.data" value=""/>
    <property name="java.vendor.url" value="https://icedtea.classpath.org"/>
    <property name="user.timezone" value=""/>
    <property name="java.vm.specification.version" value="1.8"/>
    <property name="os.name" value="Linux"/>
    <property name="test.build.data" value="/workdir/hadoop-ozone/integration-test/target/test-dir"/>
    <property name="user.country" value="US"/>
    <property name="sun.java.launcher" value="SUN_STANDARD"/>
    <property name="sun.boot.library.path" value="/usr/lib/jvm/java-1.8-openjdk/jre/lib/amd64"/>
    <property name="sun.java.command" value="/workdir/hadoop-ozone/integration-test/target/surefire/surefirebooter8612095912389123856.jar /workdir/hadoop-ozone/integration-test/target/surefire 2019-09-16T15-19-14_257-jvmRun1 surefire8899047318639344750tmp surefire_337236858439952212609tmp"/>
    <property name="test" value="!TestMiniChaosOzoneCluster"/>
    <property name="surefire.test.class.path" value="/workdir/hadoop-ozone/integration-test/target/test-classes:/workdir/hadoop-ozone/integration-test/target/classes:/home/user/.m2/repository/org/apache/hadoop/hadoop-ozone-common/0.5.0-SNAPSHOT/hadoop-ozone-common-0.5.0-SNAPSHOT.jar:/home/user/.m2/repository/org/apache/commons/commons-compress/1.4.1/commons-compress-1.4.1.jar:/home/user/.m2/repository/org/tukaani/xz/1.0/xz-1.0.jar:/home/user/.m2/repository/org/apache/hadoop/hadoop-common/3.2.0/hadoop-common-3.2.0.jar:/home/user/.m2/repository/org/apache/hadoop/hadoop-hdfs/3.2.0/hadoop-hdfs-3.2.0.jar:/home/user/.m2/repository/org/apache/hadoop/hadoop-hdfs-client/3.2.0/hadoop-hdfs-client-3.2.0.jar:/home/user/.m2/repository/com/fasterxml/jackson/core/jackson-annotations/2.9.5/jackson-annotations-2.9.5.jar:/home/user/.m2/repository/org/apache/hadoop/hadoop-hdds-common/0.5.0-SNAPSHOT/hadoop-hdds-common-0.5.0-SNAPSHOT.jar:/home/user/.m2/repository/javax/annotation/javax.annotation-api/1.2/javax.annotation-api-1.2.jar:/home/user/.m2/repository/org/apache/ratis/ratis-server/0.4.0-78e95b9-SNAPSHOT/ratis-server-0.4.0-78e95b9-SNAPSHOT.jar:/home/user/.m2/repository/org/apache/ratis/ratis-thirdparty-misc/0.2.0/ratis-thirdparty-misc-0.2.0.jar:/home/user/.m2/repository/org/apache/ratis/ratis-proto/0.4.0-78e95b9-SNAPSHOT/ratis-proto-0.4.0-78e95b9-SNAPSHOT.jar:/home/user/.m2/repository/org/apache/ratis/ratis-common/0.4.0-78e95b9-SNAPSHOT/ratis-common-0.4.0-78e95b9-SNAPSHOT.jar:/home/user/.m2/repository/org/apache/ratis/ratis-client/0.4.0-78e95b9-SNAPSHOT/ratis-client-0.4.0-78e95b9-SNAPSHOT.jar:/home/user/.m2/repository/org/apache/ratis/ratis-metrics/0.4.0-78e95b9-SNAPSHOT/ratis-metrics-0.4.0-78e95b9-SNAPSHOT.jar:/home/user/.m2/repository/com/github/joshelser/dropwizard-metrics-hadoop-metrics2-reporter/0.1.2/dropwizard-metrics-hadoop-metrics2-reporter-0.1.2.jar:/home/user/.m2/repository/io/dropwizard/metrics/metrics-jvm/3.2.5/metrics-jvm-3.2.5.jar:/home/user/.m2/repository/io/dropwizard/metrics/metrics-ganglia/3.2.5/metrics-ganglia-3.2.5.jar:/home/user/.m2/repository/info/ganglia/gmetric4j/gmetric4j/1.0.7/gmetric4j-1.0.7.jar:/home/user/.m2/repository/org/apache/ratis/ratis-netty/0.4.0-78e95b9-SNAPSHOT/ratis-netty-0.4.0-78e95b9-SNAPSHOT.jar:/home/user/.m2/repository/org/apache/ratis/ratis-grpc/0.4.0-78e95b9-SNAPSHOT/ratis-grpc-0.4.0-78e95b9-SNAPSHOT.jar:/home/user/.m2/repository/org/rocksdb/rocksdbjni/6.0.1/rocksdbjni-6.0.1.jar:/home/user/.m2/repository/org/apache/logging/log4j/log4j-api/2.11.0/log4j-api-2.11.0.jar:/home/user/.m2/repository/org/apache/logging/log4j/log4j-core/2.11.0/log4j-core-2.11.0.jar:/home/user/.m2/repository/com/lmax/disruptor/3.4.2/disruptor-3.4.2.jar:/home/user/.m2/repository/org/apache/commons/commons-pool2/2.6.0/commons-pool2-2.6.0.jar:/home/user/.m2/repository/org/bouncycastle/bcpkix-jdk15on/1.60/bcpkix-jdk15on-1.60.jar:/home/user/.m2/repository/commons-validator/commons-validator/1.6/commons-validator-1.6.jar:/home/user/.m2/repository/commons-digester/commons-digester/1.8.1/commons-digester-1.8.1.jar:/home/user/.m2/repository/io/jaegertracing/jaeger-client/0.33.1/jaeger-client-0.33.1.jar:/home/user/.m2/repository/io/jaegertracing/jaeger-thrift/0.33.1/jaeger-thrift-0.33.1.jar:/home/user/.m2/repository/org/apache/thrift/libthrift/0.11.0/libthrift-0.11.0.jar:/home/user/.m2/repository/com/squareup/okhttp3/okhttp/3.9.0/okhttp-3.9.0.jar:/home/user/.m2/repository/com/squareup/okio/okio/1.13.0/okio-1.13.0.jar:/home/user/.m2/repository/io/jaegertracing/jaeger-core/0.33.1/jaeger-core-0.33.1.jar:/home/user/.m2/repository/io/jaegertracing/jaeger-tracerresolver/0.33.1/jaeger-tracerresolver-0.33.1.jar:/home/user/.m2/repository/io/opentracing/contrib/opentracing-tracerresolver/0.1.5/opentracing-tracerresolver-0.1.5.jar:/home/user/.m2/repository/io/opentracing/opentracing-util/0.31.0/opentracing-util-0.31.0.jar:/home/user/.m2/repository/io/opentracing/opentracing-api/0.31.0/opentracing-api-0.31.0.jar:/home/user/.m2/repository/io/opentracing/opentracing-noop/0.31.0/opentracing-noop-0.31.0.jar:/home/user/.m2/repository/org/apache/hadoop/hadoop-hdds-server-framework/0.5.0-SNAPSHOT/hadoop-hdds-server-framework-0.5.0-SNAPSHOT.jar:/home/user/.m2/repository/org/apache/hadoop/hadoop-hdds-container-service/0.5.0-SNAPSHOT/hadoop-hdds-container-service-0.5.0-SNAPSHOT.jar:/home/user/.m2/repository/org/apache/hadoop/hadoop-hdds-client/0.5.0-SNAPSHOT/hadoop-hdds-client-0.5.0-SNAPSHOT.jar:/home/user/.m2/repository/org/apache/hadoop/hadoop-hdds-tools/0.5.0-SNAPSHOT/hadoop-hdds-tools-0.5.0-SNAPSHOT.jar:/home/user/.m2/repository/org/apache/hadoop/hadoop-hdds-server-scm/0.5.0-SNAPSHOT/hadoop-hdds-server-scm-0.5.0-SNAPSHOT.jar:/home/user/.m2/repository/org/apache/hadoop/hadoop-hdds-docs/0.5.0-SNAPSHOT/hadoop-hdds-docs-0.5.0-SNAPSHOT.jar:/home/user/.m2/repository/io/dropwizard/metrics/metrics-core/3.2.4/metrics-core-3.2.4.jar:/home/user/.m2/repository/org/hamcrest/hamcrest-all/1.3/hamcrest-all-1.3.jar:/home/user/.m2/repository/org/bouncycastle/bcprov-jdk15on/1.60/bcprov-jdk15on-1.60.jar:/home/user/.m2/repository/info/picocli/picocli/3.9.6/picocli-3.9.6.jar:/home/user/.m2/repository/com/google/protobuf/protobuf-java/2.5.0/protobuf-java-2.5.0.jar:/home/user/.m2/repository/com/google/guava/guava/11.0.2/guava-11.0.2.jar:/home/user/.m2/repository/org/apache/hadoop/hadoop-ozone-ozone-manager/0.5.0-SNAPSHOT/hadoop-ozone-ozone-manager-0.5.0-SNAPSHOT.jar:/home/user/.m2/repository/org/apache/hadoop/hadoop-minikdc/3.2.0/hadoop-minikdc-3.2.0.jar:/home/user/.m2/repository/commons-io/commons-io/2.5/commons-io-2.5.jar:/home/user/.m2/repository/org/apache/kerby/kerb-simplekdc/1.0.1/kerb-simplekdc-1.0.1.jar:/home/user/.m2/repository/org/apache/kerby/kerb-client/1.0.1/kerb-client-1.0.1.jar:/home/user/.m2/repository/org/apache/kerby/kerby-config/1.0.1/kerby-config-1.0.1.jar:/home/user/.m2/repository/org/apache/kerby/kerb-core/1.0.1/kerb-core-1.0.1.jar:/home/user/.m2/repository/org/apache/kerby/kerby-pkix/1.0.1/kerby-pkix-1.0.1.jar:/home/user/.m2/repository/org/apache/kerby/kerby-asn1/1.0.1/kerby-asn1-1.0.1.jar:/home/user/.m2/repository/org/apache/kerby/kerby-util/1.0.1/kerby-util-1.0.1.jar:/home/user/.m2/repository/org/apache/kerby/kerb-common/1.0.1/kerb-common-1.0.1.jar:/home/user/.m2/repository/org/apache/kerby/kerb-crypto/1.0.1/kerb-crypto-1.0.1.jar:/home/user/.m2/repository/org/apache/kerby/kerb-util/1.0.1/kerb-util-1.0.1.jar:/home/user/.m2/repository/org/apache/kerby/token-provider/1.0.1/token-provider-1.0.1.jar:/home/user/.m2/repository/org/apache/kerby/kerb-admin/1.0.1/kerb-admin-1.0.1.jar:/home/user/.m2/repository/org/apache/kerby/kerb-server/1.0.1/kerb-server-1.0.1.jar:/home/user/.m2/repository/org/apache/kerby/kerb-identity/1.0.1/kerb-identity-1.0.1.jar:/home/user/.m2/repository/org/apache/kerby/kerby-xdr/1.0.1/kerby-xdr-1.0.1.jar:/home/user/.m2/repository/org/slf4j/slf4j-log4j12/1.7.25/slf4j-log4j12-1.7.25.jar:/home/user/.m2/repository/org/apache/hadoop/hadoop-ozone-s3gateway/0.5.0-SNAPSHOT/hadoop-ozone-s3gateway-0.5.0-SNAPSHOT.jar:/home/user/.m2/repository/org/jboss/weld/servlet/weld-servlet/2.4.7.Final/weld-servlet-2.4.7.Final.jar:/home/user/.m2/repository/org/glassfish/jersey/containers/jersey-container-servlet-core/2.27/jersey-container-servlet-core-2.27.jar:/home/user/.m2/repository/org/glassfish/hk2/external/javax.inject/2.5.0-b42/javax.inject-2.5.0-b42.jar:/home/user/.m2/repository/org/glassfish/jersey/core/jersey-common/2.27/jersey-common-2.27.jar:/home/user/.m2/repository/org/glassfish/hk2/osgi-resource-locator/1.0.1/osgi-resource-locator-1.0.1.jar:/home/user/.m2/repository/javax/ws/rs/javax.ws.rs-api/2.1/javax.ws.rs-api-2.1.jar:/home/user/.m2/repository/org/glassfish/jersey/ext/cdi/jersey-cdi1x/2.27/jersey-cdi1x-2.27.jar:/home/user/.m2/repository/org/glassfish/jersey/inject/jersey-hk2/2.27/jersey-hk2-2.27.jar:/home/user/.m2/repository/org/glassfish/hk2/hk2-locator/2.5.0-b42/hk2-locator-2.5.0-b42.jar:/home/user/.m2/repository/org/javassist/javassist/3.22.0-CR2/javassist-3.22.0-CR2.jar:/home/user/.m2/repository/org/glassfish/hk2/hk2-api/2.5.0/hk2-api-2.5.0.jar:/home/user/.m2/repository/org/glassfish/hk2/external/jakarta.inject/2.5.0/jakarta.inject-2.5.0.jar:/home/user/.m2/repository/org/glassfish/hk2/hk2-utils/2.5.0/hk2-utils-2.5.0.jar:/home/user/.m2/repository/jakarta/annotation/jakarta.annotation-api/1.3.4/jakarta.annotation-api-1.3.4.jar:/home/user/.m2/repository/org/glassfish/hk2/external/aopalliance-repackaged/2.5.0/aopalliance-repackaged-2.5.0.jar:/home/user/.m2/repository/com/fasterxml/jackson/dataformat/jackson-dataformat-xml/2.9.0/jackson-dataformat-xml-2.9.0.jar:/home/user/.m2/repository/com/fasterxml/jackson/core/jackson-core/2.9.5/jackson-core-2.9.5.jar:/home/user/.m2/repository/com/fasterxml/jackson/module/jackson-module-jaxb-annotations/2.9.5/jackson-module-jaxb-annotations-2.9.5.jar:/home/user/.m2/repository/javax/enterprise/cdi-api/1.2/cdi-api-1.2.jar:/home/user/.m2/repository/javax/el/javax.el-api/3.0.0/javax.el-api-3.0.0.jar:/home/user/.m2/repository/javax/interceptor/javax.interceptor-api/1.2/javax.interceptor-api-1.2.jar:/home/user/.m2/repository/javax/inject/javax.inject/1/javax.inject-1.jar:/home/user/.m2/repository/com/sun/xml/bind/jaxb-impl/2.3.0.1/jaxb-impl-2.3.0.1.jar:/home/user/.m2/repository/com/sun/xml/bind/jaxb-core/2.3.0.1/jaxb-core-2.3.0.1.jar:/home/user/.m2/repository/javax/xml/bind/jaxb-api/2.3.0/jaxb-api-2.3.0.jar:/home/user/.m2/repository/javax/activation/activation/1.1.1/activation-1.1.1.jar:/home/user/.m2/repository/org/apache/hadoop/hadoop-ozone-csi/0.5.0-SNAPSHOT/hadoop-ozone-csi-0.5.0-SNAPSHOT.jar:/home/user/.m2/repository/com/google/protobuf/protobuf-java-util/3.5.1/protobuf-java-util-3.5.1.jar:/home/user/.m2/repository/org/apache/hadoop/hadoop-hdds-config/0.5.0-SNAPSHOT/hadoop-hdds-config-0.5.0-SNAPSHOT.jar:/home/user/.m2/repository/io/grpc/grpc-netty/1.17.1/grpc-netty-1.17.1.jar:/home/user/.m2/repository/io/grpc/grpc-core/1.17.1/grpc-core-1.17.1.jar:/home/user/.m2/repository/io/grpc/grpc-context/1.17.1/grpc-context-1.17.1.jar:/home/user/.m2/repository/com/google/errorprone/error_prone_annotations/2.2.0/error_prone_annotations-2.2.0.jar:/home/user/.m2/repository/org/codehaus/mojo/animal-sniffer-annotations/1.17/animal-sniffer-annotations-1.17.jar:/home/user/.m2/repository/io/opencensus/opencensus-api/0.17.0/opencensus-api-0.17.0.jar:/home/user/.m2/repository/io/opencensus/opencensus-contrib-grpc-metrics/0.17.0/opencensus-contrib-grpc-metrics-0.17.0.jar:/home/user/.m2/repository/io/netty/netty-codec-http2/4.1.30.Final/netty-codec-http2-4.1.30.Final.jar:/home/user/.m2/repository/io/netty/netty-codec-http/4.1.30.Final/netty-codec-http-4.1.30.Final.jar:/home/user/.m2/repository/io/netty/netty-codec/4.1.30.Final/netty-codec-4.1.30.Final.jar:/home/user/.m2/repository/io/netty/netty-handler/4.1.30.Final/netty-handler-4.1.30.Final.jar:/home/user/.m2/repository/io/netty/netty-handler-proxy/4.1.30.Final/netty-handler-proxy-4.1.30.Final.jar:/home/user/.m2/repository/io/netty/netty-codec-socks/4.1.30.Final/netty-codec-socks-4.1.30.Final.jar:/home/user/.m2/repository/io/netty/netty-transport-native-epoll/4.1.30.Final/netty-transport-native-epoll-4.1.30.Final.jar:/home/user/.m2/repository/io/netty/netty-common/4.1.30.Final/netty-common-4.1.30.Final.jar:/home/user/.m2/repository/io/netty/netty-buffer/4.1.30.Final/netty-buffer-4.1.30.Final.jar:/home/user/.m2/repository/io/netty/netty-transport/4.1.30.Final/netty-transport-4.1.30.Final.jar:/home/user/.m2/repository/io/netty/netty-resolver/4.1.30.Final/netty-resolver-4.1.30.Final.jar:/home/user/.m2/repository/io/netty/netty-transport-native-unix-common/4.1.30.Final/netty-transport-native-unix-common-4.1.30.Final.jar:/home/user/.m2/repository/io/grpc/grpc-protobuf/1.17.1/grpc-protobuf-1.17.1.jar:/home/user/.m2/repository/com/google/api/grpc/proto-google-common-protos/1.0.0/proto-google-common-protos-1.0.0.jar:/home/user/.m2/repository/io/grpc/grpc-protobuf-lite/1.17.1/grpc-protobuf-lite-1.17.1.jar:/home/user/.m2/repository/io/grpc/grpc-stub/1.17.1/grpc-stub-1.17.1.jar:/home/user/.m2/repository/org/apache/hadoop/hadoop-ozone-recon/0.5.0-SNAPSHOT/hadoop-ozone-recon-0.5.0-SNAPSHOT.jar:/home/user/.m2/repository/org/apache/hadoop/hadoop-ozone-reconcodegen/0.5.0-SNAPSHOT/hadoop-ozone-reconcodegen-0.5.0-SNAPSHOT.jar:/home/user/.m2/repository/com/google/inject/extensions/guice-multibindings/4.0/guice-multibindings-4.0.jar:/home/user/.m2/repository/com/google/inject/guice/4.0/guice-4.0.jar:/home/user/.m2/repository/aopalliance/aopalliance/1.0/aopalliance-1.0.jar:/home/user/.m2/repository/com/google/inject/extensions/guice-servlet/4.0/guice-servlet-4.0.jar:/home/user/.m2/repository/org/glassfish/jersey/containers/jersey-container-servlet/2.27/jersey-container-servlet-2.27.jar:/home/user/.m2/repository/org/glassfish/hk2/guice-bridge/2.5.0/guice-bridge-2.5.0.jar:/home/user/.m2/repository/org/glassfish/jersey/core/jersey-server/2.27/jersey-server-2.27.jar:/home/user/.m2/repository/org/glassfish/jersey/core/jersey-client/2.27/jersey-client-2.27.jar:/home/user/.m2/repository/org/glassfish/jersey/media/jersey-media-jaxb/2.27/jersey-media-jaxb-2.27.jar:/home/user/.m2/repository/javax/validation/validation-api/1.1.0.Final/validation-api-1.1.0.Final.jar:/home/user/.m2/repository/org/glassfish/jersey/media/jersey-media-json-jackson/2.27/jersey-media-json-jackson-2.27.jar:/home/user/.m2/repository/org/glassfish/jersey/ext/jersey-entity-filtering/2.27/jersey-entity-filtering-2.27.jar:/home/user/.m2/repository/com/google/inject/extensions/guice-assistedinject/4.0/guice-assistedinject-4.0.jar:/home/user/.m2/repository/org/jooq/jooq/3.11.10/jooq-3.11.10.jar:/home/user/.m2/repository/org/jooq/jooq-meta/3.11.10/jooq-meta-3.11.10.jar:/home/user/.m2/repository/org/jooq/jooq-codegen/3.11.10/jooq-codegen-3.11.10.jar:/home/user/.m2/repository/com/jolbox/bonecp/0.8.0.RELEASE/bonecp-0.8.0.RELEASE.jar:/home/user/.m2/repository/org/xerial/sqlite-jdbc/3.25.2/sqlite-jdbc-3.25.2.jar:/home/user/.m2/repository/org/springframework/spring-jdbc/5.1.3.RELEASE/spring-jdbc-5.1.3.RELEASE.jar:/home/user/.m2/repository/org/springframework/spring-beans/5.1.3.RELEASE/spring-beans-5.1.3.RELEASE.jar:/home/user/.m2/repository/org/springframework/spring-core/5.1.3.RELEASE/spring-core-5.1.3.RELEASE.jar:/home/user/.m2/repository/org/springframework/spring-jcl/5.1.3.RELEASE/spring-jcl-5.1.3.RELEASE.jar:/home/user/.m2/repository/org/springframework/spring-tx/5.1.3.RELEASE/spring-tx-5.1.3.RELEASE.jar:/home/user/.m2/repository/org/apache/hadoop/hadoop-ozone-client/0.5.0-SNAPSHOT/hadoop-ozone-client-0.5.0-SNAPSHOT.jar:/home/user/.m2/repository/commons-lang/commons-lang/2.6/commons-lang-2.6.jar:/home/user/.m2/repository/org/apache/hadoop/hadoop-ozone-ozone-manager/0.5.0-SNAPSHOT/hadoop-ozone-ozone-manager-0.5.0-SNAPSHOT-tests.jar:/home/user/.m2/repository/junit/junit/4.11/junit-4.11.jar:/home/user/.m2/repository/org/hamcrest/hamcrest-core/1.3/hamcrest-core-1.3.jar:/home/user/.m2/repository/org/openjdk/jmh/jmh-core/1.19/jmh-core-1.19.jar:/home/user/.m2/repository/net/sf/jopt-simple/jopt-simple/4.6/jopt-simple-4.6.jar:/home/user/.m2/repository/org/apache/commons/commons-math3/3.1.1/commons-math3-3.1.1.jar:/home/user/.m2/repository/org/openjdk/jmh/jmh-generator-annprocess/1.19/jmh-generator-annprocess-1.19.jar:/home/user/.m2/repository/org/mockito/mockito-all/1.8.5/mockito-all-1.8.5.jar:/home/user/.m2/repository/org/apache/hadoop/hadoop-kms/3.2.0/hadoop-kms-3.2.0.jar:/home/user/.m2/repository/org/apache/hadoop/hadoop-auth/3.2.0/hadoop-auth-3.2.0.jar:/home/user/.m2/repository/com/nimbusds/nimbus-jose-jwt/4.41.1/nimbus-jose-jwt-4.41.1.jar:/home/user/.m2/repository/com/github/stephenc/jcip/jcip-annotations/1.0-1/jcip-annotations-1.0-1.jar:/home/user/.m2/repository/net/minidev/json-smart/2.3/json-smart-2.3.jar:/home/user/.m2/repository/net/minidev/accessors-smart/1.2/accessors-smart-1.2.jar:/home/user/.m2/repository/org/ow2/asm/asm/5.0.4/asm-5.0.4.jar:/home/user/.m2/repository/org/apache/curator/curator-framework/2.12.0/curator-framework-2.12.0.jar:/home/user/.m2/repository/com/sun/jersey/jersey-core/1.19/jersey-core-1.19.jar:/home/user/.m2/repository/javax/ws/rs/jsr311-api/1.1.1/jsr311-api-1.1.1.jar:/home/user/.m2/repository/com/sun/jersey/jersey-server/1.19/jersey-server-1.19.jar:/home/user/.m2/repository/javax/servlet/javax.servlet-api/3.1.0/javax.servlet-api-3.1.0.jar:/home/user/.m2/repository/org/eclipse/jetty/jetty-server/9.3.24.v20180605/jetty-server-9.3.24.v20180605.jar:/home/user/.m2/repository/org/eclipse/jetty/jetty-http/9.3.24.v20180605/jetty-http-9.3.24.v20180605.jar:/home/user/.m2/repository/org/eclipse/jetty/jetty-io/9.3.24.v20180605/jetty-io-9.3.24.v20180605.jar:/home/user/.m2/repository/org/eclipse/jetty/jetty-webapp/9.3.24.v20180605/jetty-webapp-9.3.24.v20180605.jar:/home/user/.m2/repository/org/eclipse/jetty/jetty-xml/9.3.24.v20180605/jetty-xml-9.3.24.v20180605.jar:/home/user/.m2/repository/log4j/log4j/1.2.17/log4j-1.2.17.jar:/home/user/.m2/repository/org/slf4j/slf4j-api/1.7.25/slf4j-api-1.7.25.jar:/home/user/.m2/repository/org/slf4j/jul-to-slf4j/1.7.25/jul-to-slf4j-1.7.25.jar:/home/user/.m2/repository/org/eclipse/jetty/jetty-util/9.3.24.v20180605/jetty-util-9.3.24.v20180605.jar:/home/user/.m2/repository/com/fasterxml/jackson/core/jackson-databind/2.9.5/jackson-databind-2.9.5.jar:/home/user/.m2/repository/org/apache/hadoop/hadoop-kms/3.2.0/hadoop-kms-3.2.0-tests.jar:/home/user/.m2/repository/org/apache/hadoop/hadoop-hdds-server-scm/0.5.0-SNAPSHOT/hadoop-hdds-server-scm-0.5.0-SNAPSHOT-tests.jar:/home/user/.m2/repository/org/apache/hadoop/hadoop-hdds-container-service/0.5.0-SNAPSHOT/hadoop-hdds-container-service-0.5.0-SNAPSHOT-tests.jar:/home/user/.m2/repository/org/yaml/snakeyaml/1.16/snakeyaml-1.16.jar:/home/user/.m2/repository/org/apache/hadoop/hadoop-common/3.2.0/hadoop-common-3.2.0-tests.jar:/home/user/.m2/repository/org/apache/hadoop/hadoop-annotations/3.2.0/hadoop-annotations-3.2.0.jar:/usr/lib/jvm/java-1.8-openjdk/jre/../lib/tools.jar:/home/user/.m2/repository/commons-cli/commons-cli/1.2/commons-cli-1.2.jar:/home/user/.m2/repository/org/apache/httpcomponents/httpclient/4.5.2/httpclient-4.5.2.jar:/home/user/.m2/repository/org/apache/httpcomponents/httpcore/4.4.4/httpcore-4.4.4.jar:/home/user/.m2/repository/commons-codec/commons-codec/1.11/commons-codec-1.11.jar:/home/user/.m2/repository/commons-net/commons-net/3.6/commons-net-3.6.jar:/home/user/.m2/repository/commons-collections/commons-collections/3.2.2/commons-collections-3.2.2.jar:/home/user/.m2/repository/org/eclipse/jetty/jetty-servlet/9.3.24.v20180605/jetty-servlet-9.3.24.v20180605.jar:/home/user/.m2/repository/org/eclipse/jetty/jetty-security/9.3.24.v20180605/jetty-security-9.3.24.v20180605.jar:/home/user/.m2/repository/javax/servlet/jsp/jsp-api/2.1/jsp-api-2.1.jar:/home/user/.m2/repository/com/sun/jersey/jersey-servlet/1.19/jersey-servlet-1.19.jar:/home/user/.m2/repository/com/sun/jersey/jersey-json/1.19/jersey-json-1.19.jar:/home/user/.m2/repository/org/codehaus/jettison/jettison/1.1/jettison-1.1.jar:/home/user/.m2/repository/org/codehaus/jackson/jackson-core-asl/1.9.13/jackson-core-asl-1.9.13.jar:/home/user/.m2/repository/org/codehaus/jackson/jackson-mapper-asl/1.9.13/jackson-mapper-asl-1.9.13.jar:/home/user/.m2/repository/org/codehaus/jackson/jackson-jaxrs/1.9.13/jackson-jaxrs-1.9.13.jar:/home/user/.m2/repository/org/codehaus/jackson/jackson-xc/1.9.13/jackson-xc-1.9.13.jar:/home/user/.m2/repository/commons-logging/commons-logging/1.1.3/commons-logging-1.1.3.jar:/home/user/.m2/repository/commons-beanutils/commons-beanutils/1.9.3/commons-beanutils-1.9.3.jar:/home/user/.m2/repository/org/apache/commons/commons-configuration2/2.1.1/commons-configuration2-2.1.1.jar:/home/user/.m2/repository/org/apache/commons/commons-lang3/3.7/commons-lang3-3.7.jar:/home/user/.m2/repository/org/apache/commons/commons-text/1.4/commons-text-1.4.jar:/home/user/.m2/repository/org/apache/avro/avro/1.7.7/avro-1.7.7.jar:/home/user/.m2/repository/com/thoughtworks/paranamer/paranamer/2.3/paranamer-2.3.jar:/home/user/.m2/repository/org/xerial/snappy/snappy-java/1.0.5/snappy-java-1.0.5.jar:/home/user/.m2/repository/com/google/re2j/re2j/1.1/re2j-1.1.jar:/home/user/.m2/repository/com/google/code/gson/gson/2.2.4/gson-2.2.4.jar:/home/user/.m2/repository/com/jcraft/jsch/0.1.54/jsch-0.1.54.jar:/home/user/.m2/repository/org/apache/curator/curator-client/2.12.0/curator-client-2.12.0.jar:/home/user/.m2/repository/org/apache/curator/curator-recipes/2.12.0/curator-recipes-2.12.0.jar:/home/user/.m2/repository/com/google/code/findbugs/jsr305/3.0.0/jsr305-3.0.0.jar:/home/user/.m2/repository/org/apache/htrace/htrace-core4/4.1.0-incubating/htrace-core4-4.1.0-incubating.jar:/home/user/.m2/repository/org/apache/zookeeper/zookeeper/3.4.13/zookeeper-3.4.13.jar:/home/user/.m2/repository/org/apache/yetus/audience-annotations/0.5.0/audience-annotations-0.5.0.jar:/home/user/.m2/repository/org/codehaus/woodstox/stax2-api/3.1.4/stax2-api-3.1.4.jar:/home/user/.m2/repository/com/fasterxml/woodstox/woodstox-core/5.0.3/woodstox-core-5.0.3.jar:/home/user/.m2/repository/dnsjava/dnsjava/2.1.7/dnsjava-2.1.7.jar:/home/user/.m2/repository/org/apache/hadoop/hadoop-hdfs/3.2.0/hadoop-hdfs-3.2.0-tests.jar:/home/user/.m2/repository/org/eclipse/jetty/jetty-util-ajax/9.3.24.v20180605/jetty-util-ajax-9.3.24.v20180605.jar:/home/user/.m2/repository/commons-daemon/commons-daemon/1.0.13/commons-daemon-1.0.13.jar:/home/user/.m2/repository/io/netty/netty/3.10.5.Final/netty-3.10.5.Final.jar:/home/user/.m2/repository/io/netty/netty-all/4.0.52.Final/netty-all-4.0.52.Final.jar:/home/user/.m2/repository/org/fusesource/leveldbjni/leveldbjni-all/1.8/leveldbjni-all-1.8.jar:"/>
    <property name="sun.cpu.endian" value="little"/>
    <property name="user.home" value="/home/user"/>
    <property name="user.language" value="en"/>
    <property name="java.specification.vendor" value="Oracle Corporation"/>
    <property name="java.home" value="/usr/lib/jvm/java-1.8-openjdk/jre"/>
    <property name="java.security.krb5.conf" value="/workdir/hadoop-ozone/integration-test/target/test-classes/krb5.conf"/>
    <property name="basedir" value="/workdir/hadoop-ozone/integration-test"/>
    <property name="file.separator" value="/"/>
    <property name="line.separator" value="&#10;"/>
    <property name="java.vm.specification.vendor" value="Oracle Corporation"/>
    <property name="java.specification.name" value="Java Platform API Specification"/>
    <property name="java.awt.graphicsenv" value="sun.awt.X11GraphicsEnvironment"/>
    <property name="surefire.real.class.path" value="/workdir/hadoop-ozone/integration-test/target/surefire/surefirebooter8612095912389123856.jar"/>
    <property name="hadoop.log.dir" value="/workdir/hadoop-ozone/integration-test/target/log"/>
    <property name="sun.boot.class.path" value="/usr/lib/jvm/java-1.8-openjdk/jre/lib/resources.jar:/usr/lib/jvm/java-1.8-openjdk/jre/lib/rt.jar:/usr/lib/jvm/java-1.8-openjdk/jre/lib/sunrsasign.jar:/usr/lib/jvm/java-1.8-openjdk/jre/lib/jsse.jar:/usr/lib/jvm/java-1.8-openjdk/jre/lib/jce.jar:/usr/lib/jvm/java-1.8-openjdk/jre/lib/charsets.jar:/usr/lib/jvm/java-1.8-openjdk/jre/lib/jfr.jar:/usr/lib/jvm/java-1.8-openjdk/jre/classes"/>
    <property name="sun.management.compiler" value="HotSpot 64-Bit Tiered Compilers"/>
    <property name="java.runtime.version" value="1.8.0_212-b04"/>
    <property name="java.net.preferIPv4Stack" value="true"/>
    <property name="user.name" value="jenkins1000"/>
    <property name="path.separator" value=":"/>
    <property name="java.security.egd" value="file:///dev/urandom"/>
    <property name="os.version" value="3.10.0-957.12.2.el7.x86_64"/>
    <property name="java.endorsed.dirs" value="/usr/lib/jvm/java-1.8-openjdk/jre/lib/endorsed"/>
    <property name="java.runtime.name" value="OpenJDK Runtime Environment"/>
    <property name="file.encoding" value="UTF-8"/>
    <property name="java.vm.name" value="OpenJDK 64-Bit Server VM"/>
    <property name="test.build.webapps" value=""/>
    <property name="localRepository" value="/home/user/.m2/repository"/>
    <property name="java.vendor.url.bug" value="https://icedtea.classpath.org/bugzilla"/>
    <property name="java.io.tmpdir" value="/tmp"/>
    <property name="require.test.libhadoop" value=""/>
    <property name="java.version" value="1.8.0_212"/>
    <property name="user.dir" value="/workdir/hadoop-ozone/integration-test"/>
    <property name="os.arch" value="amd64"/>
    <property name="java.vm.specification.name" value="Java Virtual Machine Specification"/>
    <property name="test.build.classes" value="/workdir/hadoop-ozone/integration-test/target/test-classes"/>
    <property name="java.awt.printerjob" value="sun.print.PSPrinterJob"/>
    <property name="sun.os.patch.level" value="unknown"/>
    <property name="hadoop.tmp.dir" value="/workdir/hadoop-ozone/integration-test/target/tmp"/>
    <property name="java.library.path" value="/usr/lib/jvm/java-1.8-openjdk/jre/lib/amd64/server:/usr/lib/jvm/java-1.8-openjdk/jre/lib/amd64:/usr/lib/jvm/java-1.8-openjdk/jre/../lib/amd64:/workdir/hadoop-ozone/integration-test/target/native/target/usr/local/lib:/workdir/hadoop-ozone/integration-test/../../hadoop-common-project/hadoop-common/target/native/target/usr/local/lib:/usr/java/packages/lib/amd64:/usr/lib64:/lib64:/lib:/usr/lib"/>
    <property name="java.vm.info" value="mixed mode"/>
    <property name="java.vendor" value="IcedTea"/>
    <property name="java.vm.version" value="25.212-b04"/>
    <property name="java.ext.dirs" value="/usr/lib/jvm/java-1.8-openjdk/jre/lib/ext:/usr/java/packages/lib/ext"/>
    <property name="sun.io.unicode.encoding" value="UnicodeLittle"/>
    <property name="java.class.version" value="52.0"/>
  </properties>
  <testcase name="testFlushChunk" classname="org.apache.hadoop.ozone.client.rpc.TestBlockOutputStream" time="5.462"/>
  <testcase name="testMultiChunkWrite2" classname="org.apache.hadoop.ozone.client.rpc.TestBlockOutputStream" time="0.669"/>
  <testcase name="testMultiChunkWrite" classname="org.apache.hadoop.ozone.client.rpc.TestBlockOutputStream" time="187.573">
    <failure message="expected:&lt;7&gt; but was:&lt;9&gt;" type="java.lang.AssertionError"><![CDATA[java.lang.AssertionError: expected:<7> but was:<9>
	at org.junit.Assert.fail(Assert.java:88)
	at org.junit.Assert.failNotEquals(Assert.java:743)
	at org.junit.Assert.assertEquals(Assert.java:118)
	at org.junit.Assert.assertEquals(Assert.java:555)
	at org.junit.Assert.assertEquals(Assert.java:542)
	at org.apache.hadoop.ozone.client.rpc.TestBlockOutputStream.testMultiChunkWrite(TestBlockOutputStream.java:364)
	at sun.reflect.NativeMethodAccessorImpl.invoke0(Native Method)
	at sun.reflect.NativeMethodAccessorImpl.invoke(NativeMethodAccessorImpl.java:62)
	at sun.reflect.DelegatingMethodAccessorImpl.invoke(DelegatingMethodAccessorImpl.java:43)
	at java.lang.reflect.Method.invoke(Method.java:498)
	at org.junit.runners.model.FrameworkMethod$1.runReflectiveCall(FrameworkMethod.java:47)
	at org.junit.internal.runners.model.ReflectiveCallable.run(ReflectiveCallable.java:12)
	at org.junit.runners.model.FrameworkMethod.invokeExplosively(FrameworkMethod.java:44)
	at org.junit.internal.runners.statements.InvokeMethod.evaluate(InvokeMethod.java:17)
	at org.junit.runners.ParentRunner.runLeaf(ParentRunner.java:271)
	at org.junit.runners.BlockJUnit4ClassRunner.runChild(BlockJUnit4ClassRunner.java:70)
	at org.junit.runners.BlockJUnit4ClassRunner.runChild(BlockJUnit4ClassRunner.java:50)
	at org.junit.runners.ParentRunner$3.run(ParentRunner.java:238)
	at org.junit.runners.ParentRunner$1.schedule(ParentRunner.java:63)
	at org.junit.runners.ParentRunner.runChildren(ParentRunner.java:236)
	at org.junit.runners.ParentRunner.access$000(ParentRunner.java:53)
	at org.junit.runners.ParentRunner$2.evaluate(ParentRunner.java:229)
	at org.junit.internal.runners.statements.RunBefores.evaluate(RunBefores.java:26)
	at org.junit.internal.runners.statements.RunAfters.evaluate(RunAfters.java:27)
	at org.junit.runners.ParentRunner.run(ParentRunner.java:309)
	at org.apache.maven.surefire.junit4.JUnit4Provider.execute(JUnit4Provider.java:365)
	at org.apache.maven.surefire.junit4.JUnit4Provider.executeWithRerun(JUnit4Provider.java:273)
	at org.apache.maven.surefire.junit4.JUnit4Provider.executeTestSet(JUnit4Provider.java:238)
	at org.apache.maven.surefire.junit4.JUnit4Provider.invoke(JUnit4Provider.java:159)
	at org.apache.maven.surefire.booter.ForkedBooter.invokeProviderInSameClassLoader(ForkedBooter.java:384)
	at org.apache.maven.surefire.booter.ForkedBooter.runSuitesInProcess(ForkedBooter.java:345)
	at org.apache.maven.surefire.booter.ForkedBooter.execute(ForkedBooter.java:126)
	at org.apache.maven.surefire.booter.ForkedBooter.main(ForkedBooter.java:418)
]]></failure>
    <system-out><![CDATA[2019-09-16 16:16:45,782 [java.util.concurrent.ThreadPoolExecutor$Worker@1e3d8202[State = -1, empty queue]] WARN  server.GrpcLogAppender (GrpcLogAppender.java:timeoutAppendRequest(200)) - 097459af-dbcb-4086-9fa9-59cd3a0cf8f9@group-FE35D6209BCF->0e94ed89-1bf2-4207-abde-ac2a1a1292c0-GrpcLogAppender: appendEntries Timeout, request=097459af-dbcb-4086-9fa9-59cd3a0cf8f9->0e94ed89-1bf2-4207-abde-ac2a1a1292c0#8-t1, previous=(t:1, i:6), leaderCommit=6, initializing? false, entries: size=1, first=(t:1, i:7), STATEMACHINELOGENTRY, client-233D76DA14D6, cid=21
2019-09-16 16:16:45,783 [java.util.concurrent.ThreadPoolExecutor$Worker@1e3d8202[State = -1, empty queue]] WARN  server.GrpcLogAppender (GrpcLogAppender.java:timeoutAppendRequest(200)) - 097459af-dbcb-4086-9fa9-59cd3a0cf8f9@group-FE35D6209BCF->0e94ed89-1bf2-4207-abde-ac2a1a1292c0-GrpcLogAppender: appendEntries Timeout, request=097459af-dbcb-4086-9fa9-59cd3a0cf8f9->0e94ed89-1bf2-4207-abde-ac2a1a1292c0#9-t1, previous=(t:1, i:7), leaderCommit=6, initializing? false, entries: size=1, first=(t:1, i:8), STATEMACHINELOGENTRY, client-233D76DA14D6, cid=22
2019-09-16 16:16:45,784 [java.util.concurrent.ThreadPoolExecutor$Worker@1e3d8202[State = -1, empty queue]] WARN  server.GrpcLogAppender (GrpcLogAppender.java:timeoutAppendRequest(200)) - 097459af-dbcb-4086-9fa9-59cd3a0cf8f9@group-FE35D6209BCF->0e94ed89-1bf2-4207-abde-ac2a1a1292c0-GrpcLogAppender: appendEntries Timeout, request=097459af-dbcb-4086-9fa9-59cd3a0cf8f9->0e94ed89-1bf2-4207-abde-ac2a1a1292c0#10-t1, previous=(t:1, i:8), leaderCommit=6, initializing? false, entries: size=1, first=(t:1, i:9), STATEMACHINELOGENTRY, client-233D76DA14D6, cid=23
2019-09-16 16:16:47,870 [grpc-default-executor-1] INFO  client.GrpcClientProtocolClient (GrpcClientProtocolClient.java:onNext(264)) - client-233D76DA14D6->60f39956-bae5-4391-8a23-3e89f20c1839: receive RaftClientReply:client-233D76DA14D6->60f39956-bae5-4391-8a23-3e89f20c1839@group-FE35D6209BCF, cid=21, FAILED org.apache.ratis.protocol.NotLeaderException: Server 60f39956-bae5-4391-8a23-3e89f20c1839@group-FE35D6209BCF is not the leader 097459af-dbcb-4086-9fa9-59cd3a0cf8f9:192.168.157.233:33970, logIndex=0, commits[60f39956-bae5-4391-8a23-3e89f20c1839:c6, 0e94ed89-1bf2-4207-abde-ac2a1a1292c0:c4, 097459af-dbcb-4086-9fa9-59cd3a0cf8f9:c6]
2019-09-16 16:16:48,285 [java.util.concurrent.ThreadPoolExecutor$Worker@1e3d8202[State = -1, empty queue]] WARN  server.GrpcLogAppender (GrpcLogAppender.java:timeoutAppendRequest(200)) - 097459af-dbcb-4086-9fa9-59cd3a0cf8f9@group-FE35D6209BCF->0e94ed89-1bf2-4207-abde-ac2a1a1292c0-GrpcLogAppender: appendEntries Timeout, request=097459af-dbcb-4086-9fa9-59cd3a0cf8f9->0e94ed89-1bf2-4207-abde-ac2a1a1292c0#11-t1, previous=(t:1, i:9), leaderCommit=6, initializing? false, entries: <empty>
2019-09-16 16:16:50,787 [java.util.concurrent.ThreadPoolExecutor$Worker@1e3d8202[State = -1, empty queue]] WARN  server.GrpcLogAppender (GrpcLogAppender.java:timeoutAppendRequest(200)) - 097459af-dbcb-4086-9fa9-59cd3a0cf8f9@group-FE35D6209BCF->0e94ed89-1bf2-4207-abde-ac2a1a1292c0-GrpcLogAppender: appendEntries Timeout, request=097459af-dbcb-4086-9fa9-59cd3a0cf8f9->0e94ed89-1bf2-4207-abde-ac2a1a1292c0#12-t1, previous=(t:1, i:9), leaderCommit=6, initializing? false, entries: <empty>
2019-09-16 16:16:52,921 [grpc-default-executor-1] INFO  client.GrpcClientProtocolClient (GrpcClientProtocolClient.java:onNext(264)) - client-233D76DA14D6->60f39956-bae5-4391-8a23-3e89f20c1839: receive RaftClientReply:client-233D76DA14D6->60f39956-bae5-4391-8a23-3e89f20c1839@group-FE35D6209BCF, cid=21, FAILED org.apache.ratis.protocol.NotLeaderException: Server 60f39956-bae5-4391-8a23-3e89f20c1839@group-FE35D6209BCF is not the leader 097459af-dbcb-4086-9fa9-59cd3a0cf8f9:192.168.157.233:33970, logIndex=0, commits[60f39956-bae5-4391-8a23-3e89f20c1839:c6, 0e94ed89-1bf2-4207-abde-ac2a1a1292c0:c4, 097459af-dbcb-4086-9fa9-59cd3a0cf8f9:c6]
2019-09-16 16:16:53,058 [0e94ed89-1bf2-4207-abde-ac2a1a1292c0@group-FE35D6209BCF-SegmentedRaftLogWorker] WARN  segmented.SegmentedRaftLogWorker (SegmentedRaftLogWorker.java:getFromFuture(90)) - Timeout 0/~
org.apache.ratis.protocol.TimeoutIOException: Timeout 10s: WriteLog:8: (t:1, i:8), STATEMACHINELOGENTRY, client-233D76DA14D6, cid=22-writeStateMachineData
	at org.apache.ratis.util.IOUtils.getFromFuture(IOUtils.java:87)
	at org.apache.ratis.server.raftlog.segmented.SegmentedRaftLogWorker$StateMachineDataPolicy.getFromFuture(SegmentedRaftLogWorker.java:87)
	at org.apache.ratis.server.raftlog.segmented.SegmentedRaftLogWorker$WriteLog.execute(SegmentedRaftLogWorker.java:477)
	at org.apache.ratis.server.raftlog.segmented.SegmentedRaftLogWorker.run(SegmentedRaftLogWorker.java:289)
	at java.lang.Thread.run(Thread.java:748)
Caused by: java.util.concurrent.TimeoutException
	at java.util.concurrent.CompletableFuture.timedGet(CompletableFuture.java:1771)
	at java.util.concurrent.CompletableFuture.get(CompletableFuture.java:1915)
	at org.apache.ratis.util.IOUtils.getFromFuture(IOUtils.java:79)
	... 4 more
2019-09-16 16:16:53,058 [097459af-dbcb-4086-9fa9-59cd3a0cf8f9@group-FE35D6209BCF-SegmentedRaftLogWorker] WARN  segmented.SegmentedRaftLogWorker (SegmentedRaftLogWorker.java:getFromFuture(90)) - Timeout 0/~
org.apache.ratis.protocol.TimeoutIOException: Timeout 10s: WriteLog:8: (t:1, i:8), STATEMACHINELOGENTRY, client-233D76DA14D6, cid=22-writeStateMachineData
	at org.apache.ratis.util.IOUtils.getFromFuture(IOUtils.java:87)
	at org.apache.ratis.server.raftlog.segmented.SegmentedRaftLogWorker$StateMachineDataPolicy.getFromFuture(SegmentedRaftLogWorker.java:87)
	at org.apache.ratis.server.raftlog.segmented.SegmentedRaftLogWorker$WriteLog.execute(SegmentedRaftLogWorker.java:477)
	at org.apache.ratis.server.raftlog.segmented.SegmentedRaftLogWorker.run(SegmentedRaftLogWorker.java:289)
	at java.lang.Thread.run(Thread.java:748)
Caused by: java.util.concurrent.TimeoutException
	at java.util.concurrent.CompletableFuture.timedGet(CompletableFuture.java:1771)
	at java.util.concurrent.CompletableFuture.get(CompletableFuture.java:1915)
	at org.apache.ratis.util.IOUtils.getFromFuture(IOUtils.java:79)
	... 4 more
2019-09-16 16:16:53,287 [java.util.concurrent.ThreadPoolExecutor$Worker@1e3d8202[State = -1, empty queue]] WARN  server.GrpcLogAppender (GrpcLogAppender.java:timeoutAppendRequest(200)) - 097459af-dbcb-4086-9fa9-59cd3a0cf8f9@group-FE35D6209BCF->0e94ed89-1bf2-4207-abde-ac2a1a1292c0-GrpcLogAppender: appendEntries Timeout, request=097459af-dbcb-4086-9fa9-59cd3a0cf8f9->0e94ed89-1bf2-4207-abde-ac2a1a1292c0#13-t1, previous=(t:1, i:9), leaderCommit=6, initializing? false, entries: <empty>
2019-09-16 16:16:55,789 [java.util.concurrent.ThreadPoolExecutor$Worker@1e3d8202[State = -1, empty queue]] WARN  server.GrpcLogAppender (GrpcLogAppender.java:timeoutAppendRequest(200)) - 097459af-dbcb-4086-9fa9-59cd3a0cf8f9@group-FE35D6209BCF->0e94ed89-1bf2-4207-abde-ac2a1a1292c0-GrpcLogAppender: appendEntries Timeout, request=097459af-dbcb-4086-9fa9-59cd3a0cf8f9->0e94ed89-1bf2-4207-abde-ac2a1a1292c0#14-t1, previous=(t:1, i:9), leaderCommit=6, initializing? false, entries: <empty>
2019-09-16 16:16:57,989 [grpc-default-executor-1] INFO  client.GrpcClientProtocolClient (GrpcClientProtocolClient.java:onNext(264)) - client-233D76DA14D6->0e94ed89-1bf2-4207-abde-ac2a1a1292c0: receive RaftClientReply:client-233D76DA14D6->0e94ed89-1bf2-4207-abde-ac2a1a1292c0@group-FE35D6209BCF, cid=21, FAILED org.apache.ratis.protocol.NotLeaderException: Server 0e94ed89-1bf2-4207-abde-ac2a1a1292c0@group-FE35D6209BCF is not the leader 097459af-dbcb-4086-9fa9-59cd3a0cf8f9:192.168.157.233:33970, logIndex=0, commits[0e94ed89-1bf2-4207-abde-ac2a1a1292c0:c6, 097459af-dbcb-4086-9fa9-59cd3a0cf8f9:c6, 60f39956-bae5-4391-8a23-3e89f20c1839:c6]
2019-09-16 16:16:58,289 [java.util.concurrent.ThreadPoolExecutor$Worker@1e3d8202[State = -1, empty queue]] WARN  server.GrpcLogAppender (GrpcLogAppender.java:timeoutAppendRequest(200)) - 097459af-dbcb-4086-9fa9-59cd3a0cf8f9@group-FE35D6209BCF->0e94ed89-1bf2-4207-abde-ac2a1a1292c0-GrpcLogAppender: appendEntries Timeout, request=097459af-dbcb-4086-9fa9-59cd3a0cf8f9->0e94ed89-1bf2-4207-abde-ac2a1a1292c0#15-t1, previous=(t:1, i:9), leaderCommit=6, initializing? false, entries: <empty>
2019-09-16 16:17:00,790 [java.util.concurrent.ThreadPoolExecutor$Worker@1e3d8202[State = -1, empty queue]] WARN  server.GrpcLogAppender (GrpcLogAppender.java:timeoutAppendRequest(200)) - 097459af-dbcb-4086-9fa9-59cd3a0cf8f9@group-FE35D6209BCF->0e94ed89-1bf2-4207-abde-ac2a1a1292c0-GrpcLogAppender: appendEntries Timeout, request=097459af-dbcb-4086-9fa9-59cd3a0cf8f9->0e94ed89-1bf2-4207-abde-ac2a1a1292c0#16-t1, previous=(t:1, i:9), leaderCommit=6, initializing? false, entries: <empty>
2019-09-16 16:17:03,051 [grpc-default-executor-1] INFO  client.GrpcClientProtocolClient (GrpcClientProtocolClient.java:onNext(264)) - client-233D76DA14D6->0e94ed89-1bf2-4207-abde-ac2a1a1292c0: receive RaftClientReply:client-233D76DA14D6->0e94ed89-1bf2-4207-abde-ac2a1a1292c0@group-FE35D6209BCF, cid=21, FAILED org.apache.ratis.protocol.NotLeaderException: Server 0e94ed89-1bf2-4207-abde-ac2a1a1292c0@group-FE35D6209BCF is not the leader 097459af-dbcb-4086-9fa9-59cd3a0cf8f9:192.168.157.233:33970, logIndex=0, commits[0e94ed89-1bf2-4207-abde-ac2a1a1292c0:c6, 097459af-dbcb-4086-9fa9-59cd3a0cf8f9:c6, 60f39956-bae5-4391-8a23-3e89f20c1839:c6]
2019-09-16 16:17:03,066 [0e94ed89-1bf2-4207-abde-ac2a1a1292c0@group-FE35D6209BCF-SegmentedRaftLogWorker] WARN  segmented.SegmentedRaftLogWorker (SegmentedRaftLogWorker.java:getFromFuture(90)) - Timeout 1/~
org.apache.ratis.protocol.TimeoutIOException: Timeout 10s: WriteLog:8: (t:1, i:8), STATEMACHINELOGENTRY, client-233D76DA14D6, cid=22-writeStateMachineData
	at org.apache.ratis.util.IOUtils.getFromFuture(IOUtils.java:87)
	at org.apache.ratis.server.raftlog.segmented.SegmentedRaftLogWorker$StateMachineDataPolicy.getFromFuture(SegmentedRaftLogWorker.java:87)
	at org.apache.ratis.server.raftlog.segmented.SegmentedRaftLogWorker$WriteLog.execute(SegmentedRaftLogWorker.java:477)
	at org.apache.ratis.server.raftlog.segmented.SegmentedRaftLogWorker.run(SegmentedRaftLogWorker.java:289)
	at java.lang.Thread.run(Thread.java:748)
Caused by: java.util.concurrent.TimeoutException
	at java.util.concurrent.CompletableFuture.timedGet(CompletableFuture.java:1771)
	at java.util.concurrent.CompletableFuture.get(CompletableFuture.java:1915)
	at org.apache.ratis.util.IOUtils.getFromFuture(IOUtils.java:79)
	... 4 more
2019-09-16 16:17:03,068 [097459af-dbcb-4086-9fa9-59cd3a0cf8f9@group-FE35D6209BCF-SegmentedRaftLogWorker] WARN  segmented.SegmentedRaftLogWorker (SegmentedRaftLogWorker.java:getFromFuture(90)) - Timeout 1/~
org.apache.ratis.protocol.TimeoutIOException: Timeout 10s: WriteLog:8: (t:1, i:8), STATEMACHINELOGENTRY, client-233D76DA14D6, cid=22-writeStateMachineData
	at org.apache.ratis.util.IOUtils.getFromFuture(IOUtils.java:87)
	at org.apache.ratis.server.raftlog.segmented.SegmentedRaftLogWorker$StateMachineDataPolicy.getFromFuture(SegmentedRaftLogWorker.java:87)
	at org.apache.ratis.server.raftlog.segmented.SegmentedRaftLogWorker$WriteLog.execute(SegmentedRaftLogWorker.java:477)
	at org.apache.ratis.server.raftlog.segmented.SegmentedRaftLogWorker.run(SegmentedRaftLogWorker.java:289)
	at java.lang.Thread.run(Thread.java:748)
Caused by: java.util.concurrent.TimeoutException
	at java.util.concurrent.CompletableFuture.timedGet(CompletableFuture.java:1771)
	at java.util.concurrent.CompletableFuture.get(CompletableFuture.java:1915)
	at org.apache.ratis.util.IOUtils.getFromFuture(IOUtils.java:79)
	... 4 more
2019-09-16 16:17:03,291 [java.util.concurrent.ThreadPoolExecutor$Worker@1e3d8202[State = -1, empty queue]] WARN  server.GrpcLogAppender (GrpcLogAppender.java:timeoutAppendRequest(200)) - 097459af-dbcb-4086-9fa9-59cd3a0cf8f9@group-FE35D6209BCF->0e94ed89-1bf2-4207-abde-ac2a1a1292c0-GrpcLogAppender: appendEntries Timeout, request=097459af-dbcb-4086-9fa9-59cd3a0cf8f9->0e94ed89-1bf2-4207-abde-ac2a1a1292c0#17-t1, previous=(t:1, i:9), leaderCommit=6, initializing? false, entries: <empty>
2019-09-16 16:17:05,791 [java.util.concurrent.ThreadPoolExecutor$Worker@1e3d8202[State = -1, empty queue]] WARN  server.GrpcLogAppender (GrpcLogAppender.java:timeoutAppendRequest(200)) - 097459af-dbcb-4086-9fa9-59cd3a0cf8f9@group-FE35D6209BCF->0e94ed89-1bf2-4207-abde-ac2a1a1292c0-GrpcLogAppender: appendEntries Timeout, request=097459af-dbcb-4086-9fa9-59cd3a0cf8f9->0e94ed89-1bf2-4207-abde-ac2a1a1292c0#18-t1, previous=(t:1, i:9), leaderCommit=6, initializing? false, entries: <empty>
2019-09-16 16:17:08,108 [grpc-default-executor-2] INFO  client.GrpcClientProtocolClient (GrpcClientProtocolClient.java:onNext(264)) - client-233D76DA14D6->0e94ed89-1bf2-4207-abde-ac2a1a1292c0: receive RaftClientReply:client-233D76DA14D6->0e94ed89-1bf2-4207-abde-ac2a1a1292c0@group-FE35D6209BCF, cid=21, FAILED org.apache.ratis.protocol.NotLeaderException: Server 0e94ed89-1bf2-4207-abde-ac2a1a1292c0@group-FE35D6209BCF is not the leader 097459af-dbcb-4086-9fa9-59cd3a0cf8f9:192.168.157.233:33970, logIndex=0, commits[0e94ed89-1bf2-4207-abde-ac2a1a1292c0:c6, 097459af-dbcb-4086-9fa9-59cd3a0cf8f9:c6, 60f39956-bae5-4391-8a23-3e89f20c1839:c6]
2019-09-16 16:17:08,292 [java.util.concurrent.ThreadPoolExecutor$Worker@1e3d8202[State = -1, empty queue]] WARN  server.GrpcLogAppender (GrpcLogAppender.java:timeoutAppendRequest(200)) - 097459af-dbcb-4086-9fa9-59cd3a0cf8f9@group-FE35D6209BCF->0e94ed89-1bf2-4207-abde-ac2a1a1292c0-GrpcLogAppender: appendEntries Timeout, request=097459af-dbcb-4086-9fa9-59cd3a0cf8f9->0e94ed89-1bf2-4207-abde-ac2a1a1292c0#19-t1, previous=(t:1, i:9), leaderCommit=6, initializing? false, entries: <empty>
2019-09-16 16:17:10,793 [java.util.concurrent.ThreadPoolExecutor$Worker@1e3d8202[State = -1, empty queue]] WARN  server.GrpcLogAppender (GrpcLogAppender.java:timeoutAppendRequest(200)) - 097459af-dbcb-4086-9fa9-59cd3a0cf8f9@group-FE35D6209BCF->0e94ed89-1bf2-4207-abde-ac2a1a1292c0-GrpcLogAppender: appendEntries Timeout, request=097459af-dbcb-4086-9fa9-59cd3a0cf8f9->0e94ed89-1bf2-4207-abde-ac2a1a1292c0#20-t1, previous=(t:1, i:9), leaderCommit=6, initializing? false, entries: <empty>
2019-09-16 16:17:13,068 [0e94ed89-1bf2-4207-abde-ac2a1a1292c0@group-FE35D6209BCF-SegmentedRaftLogWorker] WARN  segmented.SegmentedRaftLogWorker (SegmentedRaftLogWorker.java:getFromFuture(90)) - Timeout 2/~
org.apache.ratis.protocol.TimeoutIOException: Timeout 10s: WriteLog:8: (t:1, i:8), STATEMACHINELOGENTRY, client-233D76DA14D6, cid=22-writeStateMachineData
	at org.apache.ratis.util.IOUtils.getFromFuture(IOUtils.java:87)
	at org.apache.ratis.server.raftlog.segmented.SegmentedRaftLogWorker$StateMachineDataPolicy.getFromFuture(SegmentedRaftLogWorker.java:87)
	at org.apache.ratis.server.raftlog.segmented.SegmentedRaftLogWorker$WriteLog.execute(SegmentedRaftLogWorker.java:477)
	at org.apache.ratis.server.raftlog.segmented.SegmentedRaftLogWorker.run(SegmentedRaftLogWorker.java:289)
	at java.lang.Thread.run(Thread.java:748)
Caused by: java.util.concurrent.TimeoutException
	at java.util.concurrent.CompletableFuture.timedGet(CompletableFuture.java:1771)
	at java.util.concurrent.CompletableFuture.get(CompletableFuture.java:1915)
	at org.apache.ratis.util.IOUtils.getFromFuture(IOUtils.java:79)
	... 4 more
2019-09-16 16:17:13,072 [097459af-dbcb-4086-9fa9-59cd3a0cf8f9@group-FE35D6209BCF-SegmentedRaftLogWorker] WARN  segmented.SegmentedRaftLogWorker (SegmentedRaftLogWorker.java:getFromFuture(90)) - Timeout 2/~
org.apache.ratis.protocol.TimeoutIOException: Timeout 10s: WriteLog:8: (t:1, i:8), STATEMACHINELOGENTRY, client-233D76DA14D6, cid=22-writeStateMachineData
	at org.apache.ratis.util.IOUtils.getFromFuture(IOUtils.java:87)
	at org.apache.ratis.server.raftlog.segmented.SegmentedRaftLogWorker$StateMachineDataPolicy.getFromFuture(SegmentedRaftLogWorker.java:87)
	at org.apache.ratis.server.raftlog.segmented.SegmentedRaftLogWorker$WriteLog.execute(SegmentedRaftLogWorker.java:477)
	at org.apache.ratis.server.raftlog.segmented.SegmentedRaftLogWorker.run(SegmentedRaftLogWorker.java:289)
	at java.lang.Thread.run(Thread.java:748)
Caused by: java.util.concurrent.TimeoutException
	at java.util.concurrent.CompletableFuture.timedGet(CompletableFuture.java:1771)
	at java.util.concurrent.CompletableFuture.get(CompletableFuture.java:1915)
	at org.apache.ratis.util.IOUtils.getFromFuture(IOUtils.java:79)
	... 4 more
2019-09-16 16:17:13,150 [grpc-default-executor-1] INFO  client.GrpcClientProtocolClient (GrpcClientProtocolClient.java:onNext(264)) - client-233D76DA14D6->60f39956-bae5-4391-8a23-3e89f20c1839: receive RaftClientReply:client-233D76DA14D6->60f39956-bae5-4391-8a23-3e89f20c1839@group-FE35D6209BCF, cid=21, FAILED org.apache.ratis.protocol.NotLeaderException: Server 60f39956-bae5-4391-8a23-3e89f20c1839@group-FE35D6209BCF is not the leader 097459af-dbcb-4086-9fa9-59cd3a0cf8f9:192.168.157.233:33970, logIndex=0, commits[60f39956-bae5-4391-8a23-3e89f20c1839:c6, 0e94ed89-1bf2-4207-abde-ac2a1a1292c0:c4, 097459af-dbcb-4086-9fa9-59cd3a0cf8f9:c6]
2019-09-16 16:17:13,293 [java.util.concurrent.ThreadPoolExecutor$Worker@1e3d8202[State = -1, empty queue]] WARN  server.GrpcLogAppender (GrpcLogAppender.java:timeoutAppendRequest(200)) - 097459af-dbcb-4086-9fa9-59cd3a0cf8f9@group-FE35D6209BCF->0e94ed89-1bf2-4207-abde-ac2a1a1292c0-GrpcLogAppender: appendEntries Timeout, request=097459af-dbcb-4086-9fa9-59cd3a0cf8f9->0e94ed89-1bf2-4207-abde-ac2a1a1292c0#21-t1, previous=(t:1, i:9), leaderCommit=6, initializing? false, entries: <empty>
2019-09-16 16:17:15,795 [java.util.concurrent.ThreadPoolExecutor$Worker@1e3d8202[State = -1, empty queue]] WARN  server.GrpcLogAppender (GrpcLogAppender.java:timeoutAppendRequest(200)) - 097459af-dbcb-4086-9fa9-59cd3a0cf8f9@group-FE35D6209BCF->0e94ed89-1bf2-4207-abde-ac2a1a1292c0-GrpcLogAppender: appendEntries Timeout, request=097459af-dbcb-4086-9fa9-59cd3a0cf8f9->0e94ed89-1bf2-4207-abde-ac2a1a1292c0#22-t1, previous=(t:1, i:9), leaderCommit=6, initializing? false, entries: <empty>
2019-09-16 16:17:18,213 [grpc-default-executor-1] INFO  client.GrpcClientProtocolClient (GrpcClientProtocolClient.java:onNext(264)) - client-233D76DA14D6->0e94ed89-1bf2-4207-abde-ac2a1a1292c0: receive RaftClientReply:client-233D76DA14D6->0e94ed89-1bf2-4207-abde-ac2a1a1292c0@group-FE35D6209BCF, cid=21, FAILED org.apache.ratis.protocol.NotLeaderException: Server 0e94ed89-1bf2-4207-abde-ac2a1a1292c0@group-FE35D6209BCF is not the leader 097459af-dbcb-4086-9fa9-59cd3a0cf8f9:192.168.157.233:33970, logIndex=0, commits[0e94ed89-1bf2-4207-abde-ac2a1a1292c0:c6, 097459af-dbcb-4086-9fa9-59cd3a0cf8f9:c6, 60f39956-bae5-4391-8a23-3e89f20c1839:c6]
2019-09-16 16:17:18,295 [java.util.concurrent.ThreadPoolExecutor$Worker@1e3d8202[State = -1, empty queue]] WARN  server.GrpcLogAppender (GrpcLogAppender.java:timeoutAppendRequest(200)) - 097459af-dbcb-4086-9fa9-59cd3a0cf8f9@group-FE35D6209BCF->0e94ed89-1bf2-4207-abde-ac2a1a1292c0-GrpcLogAppender: appendEntries Timeout, request=097459af-dbcb-4086-9fa9-59cd3a0cf8f9->0e94ed89-1bf2-4207-abde-ac2a1a1292c0#23-t1, previous=(t:1, i:9), leaderCommit=6, initializing? false, entries: <empty>
2019-09-16 16:17:20,796 [java.util.concurrent.ThreadPoolExecutor$Worker@1e3d8202[State = -1, empty queue]] WARN  server.GrpcLogAppender (GrpcLogAppender.java:timeoutAppendRequest(200)) - 097459af-dbcb-4086-9fa9-59cd3a0cf8f9@group-FE35D6209BCF->0e94ed89-1bf2-4207-abde-ac2a1a1292c0-GrpcLogAppender: appendEntries Timeout, request=097459af-dbcb-4086-9fa9-59cd3a0cf8f9->0e94ed89-1bf2-4207-abde-ac2a1a1292c0#24-t1, previous=(t:1, i:9), leaderCommit=6, initializing? false, entries: <empty>
2019-09-16 16:17:23,072 [0e94ed89-1bf2-4207-abde-ac2a1a1292c0@group-FE35D6209BCF-SegmentedRaftLogWorker] WARN  segmented.SegmentedRaftLogWorker (SegmentedRaftLogWorker.java:getFromFuture(90)) - Timeout 3/~
org.apache.ratis.protocol.TimeoutIOException: Timeout 10s: WriteLog:8: (t:1, i:8), STATEMACHINELOGENTRY, client-233D76DA14D6, cid=22-writeStateMachineData
	at org.apache.ratis.util.IOUtils.getFromFuture(IOUtils.java:87)
	at org.apache.ratis.server.raftlog.segmented.SegmentedRaftLogWorker$StateMachineDataPolicy.getFromFuture(SegmentedRaftLogWorker.java:87)
	at org.apache.ratis.server.raftlog.segmented.SegmentedRaftLogWorker$WriteLog.execute(SegmentedRaftLogWorker.java:477)
	at org.apache.ratis.server.raftlog.segmented.SegmentedRaftLogWorker.run(SegmentedRaftLogWorker.java:289)
	at java.lang.Thread.run(Thread.java:748)
Caused by: java.util.concurrent.TimeoutException
	at java.util.concurrent.CompletableFuture.timedGet(CompletableFuture.java:1771)
	at java.util.concurrent.CompletableFuture.get(CompletableFuture.java:1915)
	at org.apache.ratis.util.IOUtils.getFromFuture(IOUtils.java:79)
	... 4 more
2019-09-16 16:17:23,076 [097459af-dbcb-4086-9fa9-59cd3a0cf8f9@group-FE35D6209BCF-SegmentedRaftLogWorker] WARN  segmented.SegmentedRaftLogWorker (SegmentedRaftLogWorker.java:getFromFuture(90)) - Timeout 3/~
org.apache.ratis.protocol.TimeoutIOException: Timeout 10s: WriteLog:8: (t:1, i:8), STATEMACHINELOGENTRY, client-233D76DA14D6, cid=22-writeStateMachineData
	at org.apache.ratis.util.IOUtils.getFromFuture(IOUtils.java:87)
	at org.apache.ratis.server.raftlog.segmented.SegmentedRaftLogWorker$StateMachineDataPolicy.getFromFuture(SegmentedRaftLogWorker.java:87)
	at org.apache.ratis.server.raftlog.segmented.SegmentedRaftLogWorker$WriteLog.execute(SegmentedRaftLogWorker.java:477)
	at org.apache.ratis.server.raftlog.segmented.SegmentedRaftLogWorker.run(SegmentedRaftLogWorker.java:289)
	at java.lang.Thread.run(Thread.java:748)
Caused by: java.util.concurrent.TimeoutException
	at java.util.concurrent.CompletableFuture.timedGet(CompletableFuture.java:1771)
	at java.util.concurrent.CompletableFuture.get(CompletableFuture.java:1915)
	at org.apache.ratis.util.IOUtils.getFromFuture(IOUtils.java:79)
	... 4 more
2019-09-16 16:17:23,283 [grpc-default-executor-1] INFO  client.GrpcClientProtocolClient (GrpcClientProtocolClient.java:onNext(264)) - client-233D76DA14D6->0e94ed89-1bf2-4207-abde-ac2a1a1292c0: receive RaftClientReply:client-233D76DA14D6->0e94ed89-1bf2-4207-abde-ac2a1a1292c0@group-FE35D6209BCF, cid=21, FAILED org.apache.ratis.protocol.NotLeaderException: Server 0e94ed89-1bf2-4207-abde-ac2a1a1292c0@group-FE35D6209BCF is not the leader 097459af-dbcb-4086-9fa9-59cd3a0cf8f9:192.168.157.233:33970, logIndex=0, commits[0e94ed89-1bf2-4207-abde-ac2a1a1292c0:c6, 097459af-dbcb-4086-9fa9-59cd3a0cf8f9:c6, 60f39956-bae5-4391-8a23-3e89f20c1839:c6]
2019-09-16 16:17:23,297 [java.util.concurrent.ThreadPoolExecutor$Worker@1e3d8202[State = -1, empty queue]] WARN  server.GrpcLogAppender (GrpcLogAppender.java:timeoutAppendRequest(200)) - 097459af-dbcb-4086-9fa9-59cd3a0cf8f9@group-FE35D6209BCF->0e94ed89-1bf2-4207-abde-ac2a1a1292c0-GrpcLogAppender: appendEntries Timeout, request=097459af-dbcb-4086-9fa9-59cd3a0cf8f9->0e94ed89-1bf2-4207-abde-ac2a1a1292c0#25-t1, previous=(t:1, i:9), leaderCommit=6, initializing? false, entries: <empty>
2019-09-16 16:17:25,797 [java.util.concurrent.ThreadPoolExecutor$Worker@1e3d8202[State = -1, empty queue]] WARN  server.GrpcLogAppender (GrpcLogAppender.java:timeoutAppendRequest(200)) - 097459af-dbcb-4086-9fa9-59cd3a0cf8f9@group-FE35D6209BCF->0e94ed89-1bf2-4207-abde-ac2a1a1292c0-GrpcLogAppender: appendEntries Timeout, request=097459af-dbcb-4086-9fa9-59cd3a0cf8f9->0e94ed89-1bf2-4207-abde-ac2a1a1292c0#26-t1, previous=(t:1, i:9), leaderCommit=6, initializing? false, entries: <empty>
2019-09-16 16:17:28,297 [java.util.concurrent.ThreadPoolExecutor$Worker@1e3d8202[State = -1, empty queue]] WARN  server.GrpcLogAppender (GrpcLogAppender.java:timeoutAppendRequest(200)) - 097459af-dbcb-4086-9fa9-59cd3a0cf8f9@group-FE35D6209BCF->0e94ed89-1bf2-4207-abde-ac2a1a1292c0-GrpcLogAppender: appendEntries Timeout, request=097459af-dbcb-4086-9fa9-59cd3a0cf8f9->0e94ed89-1bf2-4207-abde-ac2a1a1292c0#27-t1, previous=(t:1, i:9), leaderCommit=6, initializing? false, entries: <empty>
2019-09-16 16:17:28,331 [grpc-default-executor-0] INFO  client.GrpcClientProtocolClient (GrpcClientProtocolClient.java:onNext(264)) - client-233D76DA14D6->0e94ed89-1bf2-4207-abde-ac2a1a1292c0: receive RaftClientReply:client-233D76DA14D6->0e94ed89-1bf2-4207-abde-ac2a1a1292c0@group-FE35D6209BCF, cid=21, FAILED org.apache.ratis.protocol.NotLeaderException: Server 0e94ed89-1bf2-4207-abde-ac2a1a1292c0@group-FE35D6209BCF is not the leader 097459af-dbcb-4086-9fa9-59cd3a0cf8f9:192.168.157.233:33970, logIndex=0, commits[0e94ed89-1bf2-4207-abde-ac2a1a1292c0:c6, 097459af-dbcb-4086-9fa9-59cd3a0cf8f9:c6, 60f39956-bae5-4391-8a23-3e89f20c1839:c6]
2019-09-16 16:17:30,798 [java.util.concurrent.ThreadPoolExecutor$Worker@1e3d8202[State = -1, empty queue]] WARN  server.GrpcLogAppender (GrpcLogAppender.java:timeoutAppendRequest(200)) - 097459af-dbcb-4086-9fa9-59cd3a0cf8f9@group-FE35D6209BCF->0e94ed89-1bf2-4207-abde-ac2a1a1292c0-GrpcLogAppender: appendEntries Timeout, request=097459af-dbcb-4086-9fa9-59cd3a0cf8f9->0e94ed89-1bf2-4207-abde-ac2a1a1292c0#28-t1, previous=(t:1, i:9), leaderCommit=6, initializing? false, entries: <empty>
2019-09-16 16:17:33,077 [0e94ed89-1bf2-4207-abde-ac2a1a1292c0@group-FE35D6209BCF-SegmentedRaftLogWorker] WARN  segmented.SegmentedRaftLogWorker (SegmentedRaftLogWorker.java:getFromFuture(90)) - Timeout 4/~
org.apache.ratis.protocol.TimeoutIOException: Timeout 10s: WriteLog:8: (t:1, i:8), STATEMACHINELOGENTRY, client-233D76DA14D6, cid=22-writeStateMachineData
	at org.apache.ratis.util.IOUtils.getFromFuture(IOUtils.java:87)
	at org.apache.ratis.server.raftlog.segmented.SegmentedRaftLogWorker$StateMachineDataPolicy.getFromFuture(SegmentedRaftLogWorker.java:87)
	at org.apache.ratis.server.raftlog.segmented.SegmentedRaftLogWorker$WriteLog.execute(SegmentedRaftLogWorker.java:477)
	at org.apache.ratis.server.raftlog.segmented.SegmentedRaftLogWorker.run(SegmentedRaftLogWorker.java:289)
	at java.lang.Thread.run(Thread.java:748)
Caused by: java.util.concurrent.TimeoutException
	at java.util.concurrent.CompletableFuture.timedGet(CompletableFuture.java:1771)
	at java.util.concurrent.CompletableFuture.get(CompletableFuture.java:1915)
	at org.apache.ratis.util.IOUtils.getFromFuture(IOUtils.java:79)
	... 4 more
2019-09-16 16:17:33,081 [097459af-dbcb-4086-9fa9-59cd3a0cf8f9@group-FE35D6209BCF-SegmentedRaftLogWorker] WARN  segmented.SegmentedRaftLogWorker (SegmentedRaftLogWorker.java:getFromFuture(90)) - Timeout 4/~
org.apache.ratis.protocol.TimeoutIOException: Timeout 10s: WriteLog:8: (t:1, i:8), STATEMACHINELOGENTRY, client-233D76DA14D6, cid=22-writeStateMachineData
	at org.apache.ratis.util.IOUtils.getFromFuture(IOUtils.java:87)
	at org.apache.ratis.server.raftlog.segmented.SegmentedRaftLogWorker$StateMachineDataPolicy.getFromFuture(SegmentedRaftLogWorker.java:87)
	at org.apache.ratis.server.raftlog.segmented.SegmentedRaftLogWorker$WriteLog.execute(SegmentedRaftLogWorker.java:477)
	at org.apache.ratis.server.raftlog.segmented.SegmentedRaftLogWorker.run(SegmentedRaftLogWorker.java:289)
	at java.lang.Thread.run(Thread.java:748)
Caused by: java.util.concurrent.TimeoutException
	at java.util.concurrent.CompletableFuture.timedGet(CompletableFuture.java:1771)
	at java.util.concurrent.CompletableFuture.get(CompletableFuture.java:1915)
	at org.apache.ratis.util.IOUtils.getFromFuture(IOUtils.java:79)
	... 4 more
2019-09-16 16:17:33,299 [java.util.concurrent.ThreadPoolExecutor$Worker@1e3d8202[State = -1, empty queue]] WARN  server.GrpcLogAppender (GrpcLogAppender.java:timeoutAppendRequest(200)) - 097459af-dbcb-4086-9fa9-59cd3a0cf8f9@group-FE35D6209BCF->0e94ed89-1bf2-4207-abde-ac2a1a1292c0-GrpcLogAppender: appendEntries Timeout, request=097459af-dbcb-4086-9fa9-59cd3a0cf8f9->0e94ed89-1bf2-4207-abde-ac2a1a1292c0#29-t1, previous=(t:1, i:9), leaderCommit=6, initializing? false, entries: <empty>
2019-09-16 16:17:33,395 [grpc-default-executor-1] INFO  client.GrpcClientProtocolClient (GrpcClientProtocolClient.java:onNext(264)) - client-233D76DA14D6->60f39956-bae5-4391-8a23-3e89f20c1839: receive RaftClientReply:client-233D76DA14D6->60f39956-bae5-4391-8a23-3e89f20c1839@group-FE35D6209BCF, cid=21, FAILED org.apache.ratis.protocol.NotLeaderException: Server 60f39956-bae5-4391-8a23-3e89f20c1839@group-FE35D6209BCF is not the leader 097459af-dbcb-4086-9fa9-59cd3a0cf8f9:192.168.157.233:33970, logIndex=0, commits[60f39956-bae5-4391-8a23-3e89f20c1839:c6, 0e94ed89-1bf2-4207-abde-ac2a1a1292c0:c4, 097459af-dbcb-4086-9fa9-59cd3a0cf8f9:c6]
2019-09-16 16:17:35,799 [java.util.concurrent.ThreadPoolExecutor$Worker@1e3d8202[State = -1, empty queue]] WARN  server.GrpcLogAppender (GrpcLogAppender.java:timeoutAppendRequest(200)) - 097459af-dbcb-4086-9fa9-59cd3a0cf8f9@group-FE35D6209BCF->0e94ed89-1bf2-4207-abde-ac2a1a1292c0-GrpcLogAppender: appendEntries Timeout, request=097459af-dbcb-4086-9fa9-59cd3a0cf8f9->0e94ed89-1bf2-4207-abde-ac2a1a1292c0#30-t1, previous=(t:1, i:9), leaderCommit=6, initializing? false, entries: <empty>
2019-09-16 16:17:38,300 [java.util.concurrent.ThreadPoolExecutor$Worker@1e3d8202[State = -1, empty queue]] WARN  server.GrpcLogAppender (GrpcLogAppender.java:timeoutAppendRequest(200)) - 097459af-dbcb-4086-9fa9-59cd3a0cf8f9@group-FE35D6209BCF->0e94ed89-1bf2-4207-abde-ac2a1a1292c0-GrpcLogAppender: appendEntries Timeout, request=097459af-dbcb-4086-9fa9-59cd3a0cf8f9->0e94ed89-1bf2-4207-abde-ac2a1a1292c0#31-t1, previous=(t:1, i:9), leaderCommit=6, initializing? false, entries: <empty>
2019-09-16 16:17:38,463 [grpc-default-executor-1] INFO  client.GrpcClientProtocolClient (GrpcClientProtocolClient.java:onNext(264)) - client-233D76DA14D6->60f39956-bae5-4391-8a23-3e89f20c1839: receive RaftClientReply:client-233D76DA14D6->60f39956-bae5-4391-8a23-3e89f20c1839@group-FE35D6209BCF, cid=21, FAILED org.apache.ratis.protocol.NotLeaderException: Server 60f39956-bae5-4391-8a23-3e89f20c1839@group-FE35D6209BCF is not the leader 097459af-dbcb-4086-9fa9-59cd3a0cf8f9:192.168.157.233:33970, logIndex=0, commits[60f39956-bae5-4391-8a23-3e89f20c1839:c6, 0e94ed89-1bf2-4207-abde-ac2a1a1292c0:c4, 097459af-dbcb-4086-9fa9-59cd3a0cf8f9:c6]
2019-09-16 16:17:40,801 [java.util.concurrent.ThreadPoolExecutor$Worker@1e3d8202[State = -1, empty queue]] WARN  server.GrpcLogAppender (GrpcLogAppender.java:timeoutAppendRequest(200)) - 097459af-dbcb-4086-9fa9-59cd3a0cf8f9@group-FE35D6209BCF->0e94ed89-1bf2-4207-abde-ac2a1a1292c0-GrpcLogAppender: appendEntries Timeout, request=097459af-dbcb-4086-9fa9-59cd3a0cf8f9->0e94ed89-1bf2-4207-abde-ac2a1a1292c0#32-t1, previous=(t:1, i:9), leaderCommit=6, initializing? false, entries: <empty>
2019-09-16 16:17:43,081 [0e94ed89-1bf2-4207-abde-ac2a1a1292c0@group-FE35D6209BCF-SegmentedRaftLogWorker] WARN  segmented.SegmentedRaftLogWorker (SegmentedRaftLogWorker.java:getFromFuture(90)) - Timeout 5/~
org.apache.ratis.protocol.TimeoutIOException: Timeout 10s: WriteLog:8: (t:1, i:8), STATEMACHINELOGENTRY, client-233D76DA14D6, cid=22-writeStateMachineData
	at org.apache.ratis.util.IOUtils.getFromFuture(IOUtils.java:87)
	at org.apache.ratis.server.raftlog.segmented.SegmentedRaftLogWorker$StateMachineDataPolicy.getFromFuture(SegmentedRaftLogWorker.java:87)
	at org.apache.ratis.server.raftlog.segmented.SegmentedRaftLogWorker$WriteLog.execute(SegmentedRaftLogWorker.java:477)
	at org.apache.ratis.server.raftlog.segmented.SegmentedRaftLogWorker.run(SegmentedRaftLogWorker.java:289)
	at java.lang.Thread.run(Thread.java:748)
Caused by: java.util.concurrent.TimeoutException
	at java.util.concurrent.CompletableFuture.timedGet(CompletableFuture.java:1771)
	at java.util.concurrent.CompletableFuture.get(CompletableFuture.java:1915)
	at org.apache.ratis.util.IOUtils.getFromFuture(IOUtils.java:79)
	... 4 more
2019-09-16 16:17:43,085 [097459af-dbcb-4086-9fa9-59cd3a0cf8f9@group-FE35D6209BCF-SegmentedRaftLogWorker] WARN  segmented.SegmentedRaftLogWorker (SegmentedRaftLogWorker.java:getFromFuture(90)) - Timeout 5/~
org.apache.ratis.protocol.TimeoutIOException: Timeout 10s: WriteLog:8: (t:1, i:8), STATEMACHINELOGENTRY, client-233D76DA14D6, cid=22-writeStateMachineData
	at org.apache.ratis.util.IOUtils.getFromFuture(IOUtils.java:87)
	at org.apache.ratis.server.raftlog.segmented.SegmentedRaftLogWorker$StateMachineDataPolicy.getFromFuture(SegmentedRaftLogWorker.java:87)
	at org.apache.ratis.server.raftlog.segmented.SegmentedRaftLogWorker$WriteLog.execute(SegmentedRaftLogWorker.java:477)
	at org.apache.ratis.server.raftlog.segmented.SegmentedRaftLogWorker.run(SegmentedRaftLogWorker.java:289)
	at java.lang.Thread.run(Thread.java:748)
Caused by: java.util.concurrent.TimeoutException
	at java.util.concurrent.CompletableFuture.timedGet(CompletableFuture.java:1771)
	at java.util.concurrent.CompletableFuture.get(CompletableFuture.java:1915)
	at org.apache.ratis.util.IOUtils.getFromFuture(IOUtils.java:79)
	... 4 more
2019-09-16 16:17:43,302 [java.util.concurrent.ThreadPoolExecutor$Worker@1e3d8202[State = -1, empty queue]] WARN  server.GrpcLogAppender (GrpcLogAppender.java:timeoutAppendRequest(200)) - 097459af-dbcb-4086-9fa9-59cd3a0cf8f9@group-FE35D6209BCF->0e94ed89-1bf2-4207-abde-ac2a1a1292c0-GrpcLogAppender: appendEntries Timeout, request=097459af-dbcb-4086-9fa9-59cd3a0cf8f9->0e94ed89-1bf2-4207-abde-ac2a1a1292c0#33-t1, previous=(t:1, i:9), leaderCommit=6, initializing? false, entries: <empty>
2019-09-16 16:17:43,513 [grpc-default-executor-0] INFO  client.GrpcClientProtocolClient (GrpcClientProtocolClient.java:onNext(264)) - client-233D76DA14D6->0e94ed89-1bf2-4207-abde-ac2a1a1292c0: receive RaftClientReply:client-233D76DA14D6->0e94ed89-1bf2-4207-abde-ac2a1a1292c0@group-FE35D6209BCF, cid=21, FAILED org.apache.ratis.protocol.NotLeaderException: Server 0e94ed89-1bf2-4207-abde-ac2a1a1292c0@group-FE35D6209BCF is not the leader 097459af-dbcb-4086-9fa9-59cd3a0cf8f9:192.168.157.233:33970, logIndex=0, commits[0e94ed89-1bf2-4207-abde-ac2a1a1292c0:c6, 097459af-dbcb-4086-9fa9-59cd3a0cf8f9:c6, 60f39956-bae5-4391-8a23-3e89f20c1839:c6]
2019-09-16 16:17:45,803 [java.util.concurrent.ThreadPoolExecutor$Worker@1e3d8202[State = -1, empty queue]] WARN  server.GrpcLogAppender (GrpcLogAppender.java:timeoutAppendRequest(200)) - 097459af-dbcb-4086-9fa9-59cd3a0cf8f9@group-FE35D6209BCF->0e94ed89-1bf2-4207-abde-ac2a1a1292c0-GrpcLogAppender: appendEntries Timeout, request=097459af-dbcb-4086-9fa9-59cd3a0cf8f9->0e94ed89-1bf2-4207-abde-ac2a1a1292c0#34-t1, previous=(t:1, i:9), leaderCommit=6, initializing? false, entries: <empty>
2019-09-16 16:17:48,303 [java.util.concurrent.ThreadPoolExecutor$Worker@1e3d8202[State = -1, empty queue]] WARN  server.GrpcLogAppender (GrpcLogAppender.java:timeoutAppendRequest(200)) - 097459af-dbcb-4086-9fa9-59cd3a0cf8f9@group-FE35D6209BCF->0e94ed89-1bf2-4207-abde-ac2a1a1292c0-GrpcLogAppender: appendEntries Timeout, request=097459af-dbcb-4086-9fa9-59cd3a0cf8f9->0e94ed89-1bf2-4207-abde-ac2a1a1292c0#35-t1, previous=(t:1, i:9), leaderCommit=6, initializing? false, entries: <empty>
2019-09-16 16:17:48,579 [grpc-default-executor-0] INFO  client.GrpcClientProtocolClient (GrpcClientProtocolClient.java:onNext(264)) - client-233D76DA14D6->0e94ed89-1bf2-4207-abde-ac2a1a1292c0: receive RaftClientReply:client-233D76DA14D6->0e94ed89-1bf2-4207-abde-ac2a1a1292c0@group-FE35D6209BCF, cid=21, FAILED org.apache.ratis.protocol.NotLeaderException: Server 0e94ed89-1bf2-4207-abde-ac2a1a1292c0@group-FE35D6209BCF is not the leader 097459af-dbcb-4086-9fa9-59cd3a0cf8f9:192.168.157.233:33970, logIndex=0, commits[0e94ed89-1bf2-4207-abde-ac2a1a1292c0:c6, 097459af-dbcb-4086-9fa9-59cd3a0cf8f9:c6, 60f39956-bae5-4391-8a23-3e89f20c1839:c6]
2019-09-16 16:17:50,804 [java.util.concurrent.ThreadPoolExecutor$Worker@1e3d8202[State = -1, empty queue]] WARN  server.GrpcLogAppender (GrpcLogAppender.java:timeoutAppendRequest(200)) - 097459af-dbcb-4086-9fa9-59cd3a0cf8f9@group-FE35D6209BCF->0e94ed89-1bf2-4207-abde-ac2a1a1292c0-GrpcLogAppender: appendEntries Timeout, request=097459af-dbcb-4086-9fa9-59cd3a0cf8f9->0e94ed89-1bf2-4207-abde-ac2a1a1292c0#36-t1, previous=(t:1, i:9), leaderCommit=6, initializing? false, entries: <empty>
2019-09-16 16:17:53,085 [0e94ed89-1bf2-4207-abde-ac2a1a1292c0@group-FE35D6209BCF-SegmentedRaftLogWorker] WARN  segmented.SegmentedRaftLogWorker (SegmentedRaftLogWorker.java:getFromFuture(90)) - Timeout 6/~
org.apache.ratis.protocol.TimeoutIOException: Timeout 10s: WriteLog:8: (t:1, i:8), STATEMACHINELOGENTRY, client-233D76DA14D6, cid=22-writeStateMachineData
	at org.apache.ratis.util.IOUtils.getFromFuture(IOUtils.java:87)
	at org.apache.ratis.server.raftlog.segmented.SegmentedRaftLogWorker$StateMachineDataPolicy.getFromFuture(SegmentedRaftLogWorker.java:87)
	at org.apache.ratis.server.raftlog.segmented.SegmentedRaftLogWorker$WriteLog.execute(SegmentedRaftLogWorker.java:477)
	at org.apache.ratis.server.raftlog.segmented.SegmentedRaftLogWorker.run(SegmentedRaftLogWorker.java:289)
	at java.lang.Thread.run(Thread.java:748)
Caused by: java.util.concurrent.TimeoutException
	at java.util.concurrent.CompletableFuture.timedGet(CompletableFuture.java:1771)
	at java.util.concurrent.CompletableFuture.get(CompletableFuture.java:1915)
	at org.apache.ratis.util.IOUtils.getFromFuture(IOUtils.java:79)
	... 4 more
2019-09-16 16:17:53,088 [097459af-dbcb-4086-9fa9-59cd3a0cf8f9@group-FE35D6209BCF-SegmentedRaftLogWorker] WARN  segmented.SegmentedRaftLogWorker (SegmentedRaftLogWorker.java:getFromFuture(90)) - Timeout 6/~
org.apache.ratis.protocol.TimeoutIOException: Timeout 10s: WriteLog:8: (t:1, i:8), STATEMACHINELOGENTRY, client-233D76DA14D6, cid=22-writeStateMachineData
	at org.apache.ratis.util.IOUtils.getFromFuture(IOUtils.java:87)
	at org.apache.ratis.server.raftlog.segmented.SegmentedRaftLogWorker$StateMachineDataPolicy.getFromFuture(SegmentedRaftLogWorker.java:87)
	at org.apache.ratis.server.raftlog.segmented.SegmentedRaftLogWorker$WriteLog.execute(SegmentedRaftLogWorker.java:477)
	at org.apache.ratis.server.raftlog.segmented.SegmentedRaftLogWorker.run(SegmentedRaftLogWorker.java:289)
	at java.lang.Thread.run(Thread.java:748)
Caused by: java.util.concurrent.TimeoutException
	at java.util.concurrent.CompletableFuture.timedGet(CompletableFuture.java:1771)
	at java.util.concurrent.CompletableFuture.get(CompletableFuture.java:1915)
	at org.apache.ratis.util.IOUtils.getFromFuture(IOUtils.java:79)
	... 4 more
2019-09-16 16:17:53,304 [java.util.concurrent.ThreadPoolExecutor$Worker@1e3d8202[State = -1, empty queue]] WARN  server.GrpcLogAppender (GrpcLogAppender.java:timeoutAppendRequest(200)) - 097459af-dbcb-4086-9fa9-59cd3a0cf8f9@group-FE35D6209BCF->0e94ed89-1bf2-4207-abde-ac2a1a1292c0-GrpcLogAppender: appendEntries Timeout, request=097459af-dbcb-4086-9fa9-59cd3a0cf8f9->0e94ed89-1bf2-4207-abde-ac2a1a1292c0#37-t1, previous=(t:1, i:9), leaderCommit=6, initializing? false, entries: <empty>
2019-09-16 16:17:53,644 [grpc-default-executor-1] INFO  client.GrpcClientProtocolClient (GrpcClientProtocolClient.java:onNext(264)) - client-233D76DA14D6->60f39956-bae5-4391-8a23-3e89f20c1839: receive RaftClientReply:client-233D76DA14D6->60f39956-bae5-4391-8a23-3e89f20c1839@group-FE35D6209BCF, cid=21, FAILED org.apache.ratis.protocol.NotLeaderException: Server 60f39956-bae5-4391-8a23-3e89f20c1839@group-FE35D6209BCF is not the leader 097459af-dbcb-4086-9fa9-59cd3a0cf8f9:192.168.157.233:33970, logIndex=0, commits[60f39956-bae5-4391-8a23-3e89f20c1839:c6, 0e94ed89-1bf2-4207-abde-ac2a1a1292c0:c4, 097459af-dbcb-4086-9fa9-59cd3a0cf8f9:c6]
2019-09-16 16:17:55,805 [java.util.concurrent.ThreadPoolExecutor$Worker@1e3d8202[State = -1, empty queue]] WARN  server.GrpcLogAppender (GrpcLogAppender.java:timeoutAppendRequest(200)) - 097459af-dbcb-4086-9fa9-59cd3a0cf8f9@group-FE35D6209BCF->0e94ed89-1bf2-4207-abde-ac2a1a1292c0-GrpcLogAppender: appendEntries Timeout, request=097459af-dbcb-4086-9fa9-59cd3a0cf8f9->0e94ed89-1bf2-4207-abde-ac2a1a1292c0#38-t1, previous=(t:1, i:9), leaderCommit=6, initializing? false, entries: <empty>
2019-09-16 16:17:58,306 [java.util.concurrent.ThreadPoolExecutor$Worker@1e3d8202[State = -1, empty queue]] WARN  server.GrpcLogAppender (GrpcLogAppender.java:timeoutAppendRequest(200)) - 097459af-dbcb-4086-9fa9-59cd3a0cf8f9@group-FE35D6209BCF->0e94ed89-1bf2-4207-abde-ac2a1a1292c0-GrpcLogAppender: appendEntries Timeout, request=097459af-dbcb-4086-9fa9-59cd3a0cf8f9->0e94ed89-1bf2-4207-abde-ac2a1a1292c0#39-t1, previous=(t:1, i:9), leaderCommit=6, initializing? false, entries: <empty>
2019-09-16 16:17:58,698 [grpc-default-executor-1] INFO  client.GrpcClientProtocolClient (GrpcClientProtocolClient.java:onNext(264)) - client-233D76DA14D6->0e94ed89-1bf2-4207-abde-ac2a1a1292c0: receive RaftClientReply:client-233D76DA14D6->0e94ed89-1bf2-4207-abde-ac2a1a1292c0@group-FE35D6209BCF, cid=21, FAILED org.apache.ratis.protocol.NotLeaderException: Server 0e94ed89-1bf2-4207-abde-ac2a1a1292c0@group-FE35D6209BCF is not the leader 097459af-dbcb-4086-9fa9-59cd3a0cf8f9:192.168.157.233:33970, logIndex=0, commits[0e94ed89-1bf2-4207-abde-ac2a1a1292c0:c6, 097459af-dbcb-4086-9fa9-59cd3a0cf8f9:c6, 60f39956-bae5-4391-8a23-3e89f20c1839:c6]
2019-09-16 16:18:00,806 [java.util.concurrent.ThreadPoolExecutor$Worker@1e3d8202[State = -1, empty queue]] WARN  server.GrpcLogAppender (GrpcLogAppender.java:timeoutAppendRequest(200)) - 097459af-dbcb-4086-9fa9-59cd3a0cf8f9@group-FE35D6209BCF->0e94ed89-1bf2-4207-abde-ac2a1a1292c0-GrpcLogAppender: appendEntries Timeout, request=097459af-dbcb-4086-9fa9-59cd3a0cf8f9->0e94ed89-1bf2-4207-abde-ac2a1a1292c0#40-t1, previous=(t:1, i:9), leaderCommit=6, initializing? false, entries: <empty>
2019-09-16 16:18:03,089 [0e94ed89-1bf2-4207-abde-ac2a1a1292c0@group-FE35D6209BCF-SegmentedRaftLogWorker] WARN  segmented.SegmentedRaftLogWorker (SegmentedRaftLogWorker.java:getFromFuture(90)) - Timeout 7/~
org.apache.ratis.protocol.TimeoutIOException: Timeout 10s: WriteLog:8: (t:1, i:8), STATEMACHINELOGENTRY, client-233D76DA14D6, cid=22-writeStateMachineData
	at org.apache.ratis.util.IOUtils.getFromFuture(IOUtils.java:87)
	at org.apache.ratis.server.raftlog.segmented.SegmentedRaftLogWorker$StateMachineDataPolicy.getFromFuture(SegmentedRaftLogWorker.java:87)
	at org.apache.ratis.server.raftlog.segmented.SegmentedRaftLogWorker$WriteLog.execute(SegmentedRaftLogWorker.java:477)
	at org.apache.ratis.server.raftlog.segmented.SegmentedRaftLogWorker.run(SegmentedRaftLogWorker.java:289)
	at java.lang.Thread.run(Thread.java:748)
Caused by: java.util.concurrent.TimeoutException
	at java.util.concurrent.CompletableFuture.timedGet(CompletableFuture.java:1771)
	at java.util.concurrent.CompletableFuture.get(CompletableFuture.java:1915)
	at org.apache.ratis.util.IOUtils.getFromFuture(IOUtils.java:79)
	... 4 more
2019-09-16 16:18:03,092 [097459af-dbcb-4086-9fa9-59cd3a0cf8f9@group-FE35D6209BCF-SegmentedRaftLogWorker] WARN  segmented.SegmentedRaftLogWorker (SegmentedRaftLogWorker.java:getFromFuture(90)) - Timeout 7/~
org.apache.ratis.protocol.TimeoutIOException: Timeout 10s: WriteLog:8: (t:1, i:8), STATEMACHINELOGENTRY, client-233D76DA14D6, cid=22-writeStateMachineData
	at org.apache.ratis.util.IOUtils.getFromFuture(IOUtils.java:87)
	at org.apache.ratis.server.raftlog.segmented.SegmentedRaftLogWorker$StateMachineDataPolicy.getFromFuture(SegmentedRaftLogWorker.java:87)
	at org.apache.ratis.server.raftlog.segmented.SegmentedRaftLogWorker$WriteLog.execute(SegmentedRaftLogWorker.java:477)
	at org.apache.ratis.server.raftlog.segmented.SegmentedRaftLogWorker.run(SegmentedRaftLogWorker.java:289)
	at java.lang.Thread.run(Thread.java:748)
Caused by: java.util.concurrent.TimeoutException
	at java.util.concurrent.CompletableFuture.timedGet(CompletableFuture.java:1771)
	at java.util.concurrent.CompletableFuture.get(CompletableFuture.java:1915)
	at org.apache.ratis.util.IOUtils.getFromFuture(IOUtils.java:79)
	... 4 more
2019-09-16 16:18:03,307 [java.util.concurrent.ThreadPoolExecutor$Worker@1e3d8202[State = -1, empty queue]] WARN  server.GrpcLogAppender (GrpcLogAppender.java:timeoutAppendRequest(200)) - 097459af-dbcb-4086-9fa9-59cd3a0cf8f9@group-FE35D6209BCF->0e94ed89-1bf2-4207-abde-ac2a1a1292c0-GrpcLogAppender: appendEntries Timeout, request=097459af-dbcb-4086-9fa9-59cd3a0cf8f9->0e94ed89-1bf2-4207-abde-ac2a1a1292c0#41-t1, previous=(t:1, i:9), leaderCommit=6, initializing? false, entries: <empty>
2019-09-16 16:18:03,765 [grpc-default-executor-0] INFO  client.GrpcClientProtocolClient (GrpcClientProtocolClient.java:onNext(264)) - client-233D76DA14D6->0e94ed89-1bf2-4207-abde-ac2a1a1292c0: receive RaftClientReply:client-233D76DA14D6->0e94ed89-1bf2-4207-abde-ac2a1a1292c0@group-FE35D6209BCF, cid=21, FAILED org.apache.ratis.protocol.NotLeaderException: Server 0e94ed89-1bf2-4207-abde-ac2a1a1292c0@group-FE35D6209BCF is not the leader 097459af-dbcb-4086-9fa9-59cd3a0cf8f9:192.168.157.233:33970, logIndex=0, commits[0e94ed89-1bf2-4207-abde-ac2a1a1292c0:c6, 097459af-dbcb-4086-9fa9-59cd3a0cf8f9:c6, 60f39956-bae5-4391-8a23-3e89f20c1839:c6]
2019-09-16 16:18:05,808 [java.util.concurrent.ThreadPoolExecutor$Worker@1e3d8202[State = -1, empty queue]] WARN  server.GrpcLogAppender (GrpcLogAppender.java:timeoutAppendRequest(200)) - 097459af-dbcb-4086-9fa9-59cd3a0cf8f9@group-FE35D6209BCF->0e94ed89-1bf2-4207-abde-ac2a1a1292c0-GrpcLogAppender: appendEntries Timeout, request=097459af-dbcb-4086-9fa9-59cd3a0cf8f9->0e94ed89-1bf2-4207-abde-ac2a1a1292c0#42-t1, previous=(t:1, i:9), leaderCommit=6, initializing? false, entries: <empty>
2019-09-16 16:18:08,309 [java.util.concurrent.ThreadPoolExecutor$Worker@1e3d8202[State = -1, empty queue]] WARN  server.GrpcLogAppender (GrpcLogAppender.java:timeoutAppendRequest(200)) - 097459af-dbcb-4086-9fa9-59cd3a0cf8f9@group-FE35D6209BCF->0e94ed89-1bf2-4207-abde-ac2a1a1292c0-GrpcLogAppender: appendEntries Timeout, request=097459af-dbcb-4086-9fa9-59cd3a0cf8f9->0e94ed89-1bf2-4207-abde-ac2a1a1292c0#43-t1, previous=(t:1, i:9), leaderCommit=6, initializing? false, entries: <empty>
2019-09-16 16:18:08,817 [grpc-default-executor-1] INFO  client.GrpcClientProtocolClient (GrpcClientProtocolClient.java:onNext(264)) - client-233D76DA14D6->60f39956-bae5-4391-8a23-3e89f20c1839: receive RaftClientReply:client-233D76DA14D6->60f39956-bae5-4391-8a23-3e89f20c1839@group-FE35D6209BCF, cid=21, FAILED org.apache.ratis.protocol.NotLeaderException: Server 60f39956-bae5-4391-8a23-3e89f20c1839@group-FE35D6209BCF is not the leader 097459af-dbcb-4086-9fa9-59cd3a0cf8f9:192.168.157.233:33970, logIndex=0, commits[60f39956-bae5-4391-8a23-3e89f20c1839:c6, 0e94ed89-1bf2-4207-abde-ac2a1a1292c0:c4, 097459af-dbcb-4086-9fa9-59cd3a0cf8f9:c6]
2019-09-16 16:18:10,810 [java.util.concurrent.ThreadPoolExecutor$Worker@1e3d8202[State = -1, empty queue]] WARN  server.GrpcLogAppender (GrpcLogAppender.java:timeoutAppendRequest(200)) - 097459af-dbcb-4086-9fa9-59cd3a0cf8f9@group-FE35D6209BCF->0e94ed89-1bf2-4207-abde-ac2a1a1292c0-GrpcLogAppender: appendEntries Timeout, request=097459af-dbcb-4086-9fa9-59cd3a0cf8f9->0e94ed89-1bf2-4207-abde-ac2a1a1292c0#44-t1, previous=(t:1, i:9), leaderCommit=6, initializing? false, entries: <empty>
2019-09-16 16:18:13,093 [0e94ed89-1bf2-4207-abde-ac2a1a1292c0@group-FE35D6209BCF-SegmentedRaftLogWorker] WARN  segmented.SegmentedRaftLogWorker (SegmentedRaftLogWorker.java:getFromFuture(90)) - Timeout 8/~
org.apache.ratis.protocol.TimeoutIOException: Timeout 10s: WriteLog:8: (t:1, i:8), STATEMACHINELOGENTRY, client-233D76DA14D6, cid=22-writeStateMachineData
	at org.apache.ratis.util.IOUtils.getFromFuture(IOUtils.java:87)
	at org.apache.ratis.server.raftlog.segmented.SegmentedRaftLogWorker$StateMachineDataPolicy.getFromFuture(SegmentedRaftLogWorker.java:87)
	at org.apache.ratis.server.raftlog.segmented.SegmentedRaftLogWorker$WriteLog.execute(SegmentedRaftLogWorker.java:477)
	at org.apache.ratis.server.raftlog.segmented.SegmentedRaftLogWorker.run(SegmentedRaftLogWorker.java:289)
	at java.lang.Thread.run(Thread.java:748)
Caused by: java.util.concurrent.TimeoutException
	at java.util.concurrent.CompletableFuture.timedGet(CompletableFuture.java:1771)
	at java.util.concurrent.CompletableFuture.get(CompletableFuture.java:1915)
	at org.apache.ratis.util.IOUtils.getFromFuture(IOUtils.java:79)
	... 4 more
2019-09-16 16:18:13,097 [097459af-dbcb-4086-9fa9-59cd3a0cf8f9@group-FE35D6209BCF-SegmentedRaftLogWorker] WARN  segmented.SegmentedRaftLogWorker (SegmentedRaftLogWorker.java:getFromFuture(90)) - Timeout 8/~
org.apache.ratis.protocol.TimeoutIOException: Timeout 10s: WriteLog:8: (t:1, i:8), STATEMACHINELOGENTRY, client-233D76DA14D6, cid=22-writeStateMachineData
	at org.apache.ratis.util.IOUtils.getFromFuture(IOUtils.java:87)
	at org.apache.ratis.server.raftlog.segmented.SegmentedRaftLogWorker$StateMachineDataPolicy.getFromFuture(SegmentedRaftLogWorker.java:87)
	at org.apache.ratis.server.raftlog.segmented.SegmentedRaftLogWorker$WriteLog.execute(SegmentedRaftLogWorker.java:477)
	at org.apache.ratis.server.raftlog.segmented.SegmentedRaftLogWorker.run(SegmentedRaftLogWorker.java:289)
	at java.lang.Thread.run(Thread.java:748)
Caused by: java.util.concurrent.TimeoutException
	at java.util.concurrent.CompletableFuture.timedGet(CompletableFuture.java:1771)
	at java.util.concurrent.CompletableFuture.get(CompletableFuture.java:1915)
	at org.apache.ratis.util.IOUtils.getFromFuture(IOUtils.java:79)
	... 4 more
2019-09-16 16:18:13,310 [java.util.concurrent.ThreadPoolExecutor$Worker@1e3d8202[State = -1, empty queue]] WARN  server.GrpcLogAppender (GrpcLogAppender.java:timeoutAppendRequest(200)) - 097459af-dbcb-4086-9fa9-59cd3a0cf8f9@group-FE35D6209BCF->0e94ed89-1bf2-4207-abde-ac2a1a1292c0-GrpcLogAppender: appendEntries Timeout, request=097459af-dbcb-4086-9fa9-59cd3a0cf8f9->0e94ed89-1bf2-4207-abde-ac2a1a1292c0#45-t1, previous=(t:1, i:9), leaderCommit=6, initializing? false, entries: <empty>
2019-09-16 16:18:13,858 [grpc-default-executor-0] INFO  client.GrpcClientProtocolClient (GrpcClientProtocolClient.java:onNext(264)) - client-233D76DA14D6->60f39956-bae5-4391-8a23-3e89f20c1839: receive RaftClientReply:client-233D76DA14D6->60f39956-bae5-4391-8a23-3e89f20c1839@group-FE35D6209BCF, cid=21, FAILED org.apache.ratis.protocol.NotLeaderException: Server 60f39956-bae5-4391-8a23-3e89f20c1839@group-FE35D6209BCF is not the leader 097459af-dbcb-4086-9fa9-59cd3a0cf8f9:192.168.157.233:33970, logIndex=0, commits[60f39956-bae5-4391-8a23-3e89f20c1839:c6, 0e94ed89-1bf2-4207-abde-ac2a1a1292c0:c4, 097459af-dbcb-4086-9fa9-59cd3a0cf8f9:c6]
2019-09-16 16:18:15,811 [java.util.concurrent.ThreadPoolExecutor$Worker@1e3d8202[State = -1, empty queue]] WARN  server.GrpcLogAppender (GrpcLogAppender.java:timeoutAppendRequest(200)) - 097459af-dbcb-4086-9fa9-59cd3a0cf8f9@group-FE35D6209BCF->0e94ed89-1bf2-4207-abde-ac2a1a1292c0-GrpcLogAppender: appendEntries Timeout, request=097459af-dbcb-4086-9fa9-59cd3a0cf8f9->0e94ed89-1bf2-4207-abde-ac2a1a1292c0#46-t1, previous=(t:1, i:9), leaderCommit=6, initializing? false, entries: <empty>
2019-09-16 16:18:18,311 [java.util.concurrent.ThreadPoolExecutor$Worker@1e3d8202[State = -1, empty queue]] WARN  server.GrpcLogAppender (GrpcLogAppender.java:timeoutAppendRequest(200)) - 097459af-dbcb-4086-9fa9-59cd3a0cf8f9@group-FE35D6209BCF->0e94ed89-1bf2-4207-abde-ac2a1a1292c0-GrpcLogAppender: appendEntries Timeout, request=097459af-dbcb-4086-9fa9-59cd3a0cf8f9->0e94ed89-1bf2-4207-abde-ac2a1a1292c0#47-t1, previous=(t:1, i:9), leaderCommit=6, initializing? false, entries: <empty>
2019-09-16 16:18:18,905 [grpc-default-executor-1] INFO  client.GrpcClientProtocolClient (GrpcClientProtocolClient.java:onNext(264)) - client-233D76DA14D6->60f39956-bae5-4391-8a23-3e89f20c1839: receive RaftClientReply:client-233D76DA14D6->60f39956-bae5-4391-8a23-3e89f20c1839@group-FE35D6209BCF, cid=21, FAILED org.apache.ratis.protocol.NotLeaderException: Server 60f39956-bae5-4391-8a23-3e89f20c1839@group-FE35D6209BCF is not the leader 097459af-dbcb-4086-9fa9-59cd3a0cf8f9:192.168.157.233:33970, logIndex=0, commits[60f39956-bae5-4391-8a23-3e89f20c1839:c6, 0e94ed89-1bf2-4207-abde-ac2a1a1292c0:c4, 097459af-dbcb-4086-9fa9-59cd3a0cf8f9:c6]
2019-09-16 16:18:20,811 [java.util.concurrent.ThreadPoolExecutor$Worker@1e3d8202[State = -1, empty queue]] WARN  server.GrpcLogAppender (GrpcLogAppender.java:timeoutAppendRequest(200)) - 097459af-dbcb-4086-9fa9-59cd3a0cf8f9@group-FE35D6209BCF->0e94ed89-1bf2-4207-abde-ac2a1a1292c0-GrpcLogAppender: appendEntries Timeout, request=097459af-dbcb-4086-9fa9-59cd3a0cf8f9->0e94ed89-1bf2-4207-abde-ac2a1a1292c0#48-t1, previous=(t:1, i:9), leaderCommit=6, initializing? false, entries: <empty>
2019-09-16 16:18:23,097 [0e94ed89-1bf2-4207-abde-ac2a1a1292c0@group-FE35D6209BCF-SegmentedRaftLogWorker] WARN  segmented.SegmentedRaftLogWorker (SegmentedRaftLogWorker.java:getFromFuture(90)) - Timeout 9/~
org.apache.ratis.protocol.TimeoutIOException: Timeout 10s: WriteLog:8: (t:1, i:8), STATEMACHINELOGENTRY, client-233D76DA14D6, cid=22-writeStateMachineData
	at org.apache.ratis.util.IOUtils.getFromFuture(IOUtils.java:87)
	at org.apache.ratis.server.raftlog.segmented.SegmentedRaftLogWorker$StateMachineDataPolicy.getFromFuture(SegmentedRaftLogWorker.java:87)
	at org.apache.ratis.server.raftlog.segmented.SegmentedRaftLogWorker$WriteLog.execute(SegmentedRaftLogWorker.java:477)
	at org.apache.ratis.server.raftlog.segmented.SegmentedRaftLogWorker.run(SegmentedRaftLogWorker.java:289)
	at java.lang.Thread.run(Thread.java:748)
Caused by: java.util.concurrent.TimeoutException
	at java.util.concurrent.CompletableFuture.timedGet(CompletableFuture.java:1771)
	at java.util.concurrent.CompletableFuture.get(CompletableFuture.java:1915)
	at org.apache.ratis.util.IOUtils.getFromFuture(IOUtils.java:79)
	... 4 more
2019-09-16 16:18:23,100 [097459af-dbcb-4086-9fa9-59cd3a0cf8f9@group-FE35D6209BCF-SegmentedRaftLogWorker] WARN  segmented.SegmentedRaftLogWorker (SegmentedRaftLogWorker.java:getFromFuture(90)) - Timeout 9/~
org.apache.ratis.protocol.TimeoutIOException: Timeout 10s: WriteLog:8: (t:1, i:8), STATEMACHINELOGENTRY, client-233D76DA14D6, cid=22-writeStateMachineData
	at org.apache.ratis.util.IOUtils.getFromFuture(IOUtils.java:87)
	at org.apache.ratis.server.raftlog.segmented.SegmentedRaftLogWorker$StateMachineDataPolicy.getFromFuture(SegmentedRaftLogWorker.java:87)
	at org.apache.ratis.server.raftlog.segmented.SegmentedRaftLogWorker$WriteLog.execute(SegmentedRaftLogWorker.java:477)
	at org.apache.ratis.server.raftlog.segmented.SegmentedRaftLogWorker.run(SegmentedRaftLogWorker.java:289)
	at java.lang.Thread.run(Thread.java:748)
Caused by: java.util.concurrent.TimeoutException
	at java.util.concurrent.CompletableFuture.timedGet(CompletableFuture.java:1771)
	at java.util.concurrent.CompletableFuture.get(CompletableFuture.java:1915)
	at org.apache.ratis.util.IOUtils.getFromFuture(IOUtils.java:79)
	... 4 more
2019-09-16 16:18:23,312 [java.util.concurrent.ThreadPoolExecutor$Worker@1e3d8202[State = -1, empty queue]] WARN  server.GrpcLogAppender (GrpcLogAppender.java:timeoutAppendRequest(200)) - 097459af-dbcb-4086-9fa9-59cd3a0cf8f9@group-FE35D6209BCF->0e94ed89-1bf2-4207-abde-ac2a1a1292c0-GrpcLogAppender: appendEntries Timeout, request=097459af-dbcb-4086-9fa9-59cd3a0cf8f9->0e94ed89-1bf2-4207-abde-ac2a1a1292c0#49-t1, previous=(t:1, i:9), leaderCommit=6, initializing? false, entries: <empty>
2019-09-16 16:18:23,972 [grpc-default-executor-1] INFO  client.GrpcClientProtocolClient (GrpcClientProtocolClient.java:onNext(264)) - client-233D76DA14D6->60f39956-bae5-4391-8a23-3e89f20c1839: receive RaftClientReply:client-233D76DA14D6->60f39956-bae5-4391-8a23-3e89f20c1839@group-FE35D6209BCF, cid=21, FAILED org.apache.ratis.protocol.NotLeaderException: Server 60f39956-bae5-4391-8a23-3e89f20c1839@group-FE35D6209BCF is not the leader 097459af-dbcb-4086-9fa9-59cd3a0cf8f9:192.168.157.233:33970, logIndex=0, commits[60f39956-bae5-4391-8a23-3e89f20c1839:c6, 0e94ed89-1bf2-4207-abde-ac2a1a1292c0:c4, 097459af-dbcb-4086-9fa9-59cd3a0cf8f9:c6]
2019-09-16 16:18:25,813 [java.util.concurrent.ThreadPoolExecutor$Worker@1e3d8202[State = -1, empty queue]] WARN  server.GrpcLogAppender (GrpcLogAppender.java:timeoutAppendRequest(200)) - 097459af-dbcb-4086-9fa9-59cd3a0cf8f9@group-FE35D6209BCF->0e94ed89-1bf2-4207-abde-ac2a1a1292c0-GrpcLogAppender: appendEntries Timeout, request=097459af-dbcb-4086-9fa9-59cd3a0cf8f9->0e94ed89-1bf2-4207-abde-ac2a1a1292c0#50-t1, previous=(t:1, i:9), leaderCommit=6, initializing? false, entries: <empty>
2019-09-16 16:18:28,313 [java.util.concurrent.ThreadPoolExecutor$Worker@1e3d8202[State = -1, empty queue]] WARN  server.GrpcLogAppender (GrpcLogAppender.java:timeoutAppendRequest(200)) - 097459af-dbcb-4086-9fa9-59cd3a0cf8f9@group-FE35D6209BCF->0e94ed89-1bf2-4207-abde-ac2a1a1292c0-GrpcLogAppender: appendEntries Timeout, request=097459af-dbcb-4086-9fa9-59cd3a0cf8f9->0e94ed89-1bf2-4207-abde-ac2a1a1292c0#51-t1, previous=(t:1, i:9), leaderCommit=6, initializing? false, entries: <empty>
2019-09-16 16:18:29,021 [grpc-default-executor-1] INFO  client.GrpcClientProtocolClient (GrpcClientProtocolClient.java:onNext(264)) - client-233D76DA14D6->60f39956-bae5-4391-8a23-3e89f20c1839: receive RaftClientReply:client-233D76DA14D6->60f39956-bae5-4391-8a23-3e89f20c1839@group-FE35D6209BCF, cid=21, FAILED org.apache.ratis.protocol.NotLeaderException: Server 60f39956-bae5-4391-8a23-3e89f20c1839@group-FE35D6209BCF is not the leader 097459af-dbcb-4086-9fa9-59cd3a0cf8f9:192.168.157.233:33970, logIndex=0, commits[60f39956-bae5-4391-8a23-3e89f20c1839:c6, 0e94ed89-1bf2-4207-abde-ac2a1a1292c0:c4, 097459af-dbcb-4086-9fa9-59cd3a0cf8f9:c6]
2019-09-16 16:18:30,814 [java.util.concurrent.ThreadPoolExecutor$Worker@1e3d8202[State = -1, empty queue]] WARN  server.GrpcLogAppender (GrpcLogAppender.java:timeoutAppendRequest(200)) - 097459af-dbcb-4086-9fa9-59cd3a0cf8f9@group-FE35D6209BCF->0e94ed89-1bf2-4207-abde-ac2a1a1292c0-GrpcLogAppender: appendEntries Timeout, request=097459af-dbcb-4086-9fa9-59cd3a0cf8f9->0e94ed89-1bf2-4207-abde-ac2a1a1292c0#52-t1, previous=(t:1, i:9), leaderCommit=6, initializing? false, entries: <empty>
2019-09-16 16:18:33,101 [0e94ed89-1bf2-4207-abde-ac2a1a1292c0@group-FE35D6209BCF-SegmentedRaftLogWorker] WARN  segmented.SegmentedRaftLogWorker (SegmentedRaftLogWorker.java:getFromFuture(90)) - Timeout 10/~
org.apache.ratis.protocol.TimeoutIOException: Timeout 10s: WriteLog:8: (t:1, i:8), STATEMACHINELOGENTRY, client-233D76DA14D6, cid=22-writeStateMachineData
	at org.apache.ratis.util.IOUtils.getFromFuture(IOUtils.java:87)
	at org.apache.ratis.server.raftlog.segmented.SegmentedRaftLogWorker$StateMachineDataPolicy.getFromFuture(SegmentedRaftLogWorker.java:87)
	at org.apache.ratis.server.raftlog.segmented.SegmentedRaftLogWorker$WriteLog.execute(SegmentedRaftLogWorker.java:477)
	at org.apache.ratis.server.raftlog.segmented.SegmentedRaftLogWorker.run(SegmentedRaftLogWorker.java:289)
	at java.lang.Thread.run(Thread.java:748)
Caused by: java.util.concurrent.TimeoutException
	at java.util.concurrent.CompletableFuture.timedGet(CompletableFuture.java:1771)
	at java.util.concurrent.CompletableFuture.get(CompletableFuture.java:1915)
	at org.apache.ratis.util.IOUtils.getFromFuture(IOUtils.java:79)
	... 4 more
2019-09-16 16:18:33,113 [097459af-dbcb-4086-9fa9-59cd3a0cf8f9@group-FE35D6209BCF-SegmentedRaftLogWorker] WARN  segmented.SegmentedRaftLogWorker (SegmentedRaftLogWorker.java:getFromFuture(90)) - Timeout 10/~
org.apache.ratis.protocol.TimeoutIOException: Timeout 10s: WriteLog:8: (t:1, i:8), STATEMACHINELOGENTRY, client-233D76DA14D6, cid=22-writeStateMachineData
	at org.apache.ratis.util.IOUtils.getFromFuture(IOUtils.java:87)
	at org.apache.ratis.server.raftlog.segmented.SegmentedRaftLogWorker$StateMachineDataPolicy.getFromFuture(SegmentedRaftLogWorker.java:87)
	at org.apache.ratis.server.raftlog.segmented.SegmentedRaftLogWorker$WriteLog.execute(SegmentedRaftLogWorker.java:477)
	at org.apache.ratis.server.raftlog.segmented.SegmentedRaftLogWorker.run(SegmentedRaftLogWorker.java:289)
	at java.lang.Thread.run(Thread.java:748)
Caused by: java.util.concurrent.TimeoutException
	at java.util.concurrent.CompletableFuture.timedGet(CompletableFuture.java:1771)
	at java.util.concurrent.CompletableFuture.get(CompletableFuture.java:1915)
	at org.apache.ratis.util.IOUtils.getFromFuture(IOUtils.java:79)
	... 4 more
2019-09-16 16:18:33,314 [java.util.concurrent.ThreadPoolExecutor$Worker@1e3d8202[State = -1, empty queue]] WARN  server.GrpcLogAppender (GrpcLogAppender.java:timeoutAppendRequest(200)) - 097459af-dbcb-4086-9fa9-59cd3a0cf8f9@group-FE35D6209BCF->0e94ed89-1bf2-4207-abde-ac2a1a1292c0-GrpcLogAppender: appendEntries Timeout, request=097459af-dbcb-4086-9fa9-59cd3a0cf8f9->0e94ed89-1bf2-4207-abde-ac2a1a1292c0#53-t1, previous=(t:1, i:9), leaderCommit=6, initializing? false, entries: <empty>
2019-09-16 16:18:34,094 [grpc-default-executor-1] INFO  client.GrpcClientProtocolClient (GrpcClientProtocolClient.java:onNext(264)) - client-233D76DA14D6->0e94ed89-1bf2-4207-abde-ac2a1a1292c0: receive RaftClientReply:client-233D76DA14D6->0e94ed89-1bf2-4207-abde-ac2a1a1292c0@group-FE35D6209BCF, cid=21, FAILED org.apache.ratis.protocol.NotLeaderException: Server 0e94ed89-1bf2-4207-abde-ac2a1a1292c0@group-FE35D6209BCF is not the leader 097459af-dbcb-4086-9fa9-59cd3a0cf8f9:192.168.157.233:33970, logIndex=0, commits[0e94ed89-1bf2-4207-abde-ac2a1a1292c0:c6, 097459af-dbcb-4086-9fa9-59cd3a0cf8f9:c6, 60f39956-bae5-4391-8a23-3e89f20c1839:c6]
2019-09-16 16:18:35,814 [java.util.concurrent.ThreadPoolExecutor$Worker@1e3d8202[State = -1, empty queue]] WARN  server.GrpcLogAppender (GrpcLogAppender.java:timeoutAppendRequest(200)) - 097459af-dbcb-4086-9fa9-59cd3a0cf8f9@group-FE35D6209BCF->0e94ed89-1bf2-4207-abde-ac2a1a1292c0-GrpcLogAppender: appendEntries Timeout, request=097459af-dbcb-4086-9fa9-59cd3a0cf8f9->0e94ed89-1bf2-4207-abde-ac2a1a1292c0#54-t1, previous=(t:1, i:9), leaderCommit=6, initializing? false, entries: <empty>
2019-09-16 16:18:38,315 [java.util.concurrent.ThreadPoolExecutor$Worker@1e3d8202[State = -1, empty queue]] WARN  server.GrpcLogAppender (GrpcLogAppender.java:timeoutAppendRequest(200)) - 097459af-dbcb-4086-9fa9-59cd3a0cf8f9@group-FE35D6209BCF->0e94ed89-1bf2-4207-abde-ac2a1a1292c0-GrpcLogAppender: appendEntries Timeout, request=097459af-dbcb-4086-9fa9-59cd3a0cf8f9->0e94ed89-1bf2-4207-abde-ac2a1a1292c0#55-t1, previous=(t:1, i:9), leaderCommit=6, initializing? false, entries: <empty>
2019-09-16 16:18:39,140 [grpc-default-executor-0] INFO  client.GrpcClientProtocolClient (GrpcClientProtocolClient.java:onNext(264)) - client-233D76DA14D6->60f39956-bae5-4391-8a23-3e89f20c1839: receive RaftClientReply:client-233D76DA14D6->60f39956-bae5-4391-8a23-3e89f20c1839@group-FE35D6209BCF, cid=21, FAILED org.apache.ratis.protocol.NotLeaderException: Server 60f39956-bae5-4391-8a23-3e89f20c1839@group-FE35D6209BCF is not the leader 097459af-dbcb-4086-9fa9-59cd3a0cf8f9:192.168.157.233:33970, logIndex=0, commits[60f39956-bae5-4391-8a23-3e89f20c1839:c6, 0e94ed89-1bf2-4207-abde-ac2a1a1292c0:c4, 097459af-dbcb-4086-9fa9-59cd3a0cf8f9:c6]
2019-09-16 16:18:40,815 [java.util.concurrent.ThreadPoolExecutor$Worker@1e3d8202[State = -1, empty queue]] WARN  server.GrpcLogAppender (GrpcLogAppender.java:timeoutAppendRequest(200)) - 097459af-dbcb-4086-9fa9-59cd3a0cf8f9@group-FE35D6209BCF->0e94ed89-1bf2-4207-abde-ac2a1a1292c0-GrpcLogAppender: appendEntries Timeout, request=097459af-dbcb-4086-9fa9-59cd3a0cf8f9->0e94ed89-1bf2-4207-abde-ac2a1a1292c0#56-t1, previous=(t:1, i:9), leaderCommit=6, initializing? false, entries: <empty>
2019-09-16 16:18:42,858 [org.apache.ratis.server.impl.LogAppender$AppenderDaemon$$Lambda$522/1014859684@53a80675] ERROR ratis.XceiverServerRatis (XceiverServerRatis.java:triggerPipelineClose(568)) - pipeline Action CLOSE  on pipeline PipelineID=85462b92-2962-46a5-958c-fe35d6209bcf.Reason : 097459af-dbcb-4086-9fa9-59cd3a0cf8f9 has not seen follower/s 0e94ed89-1bf2-4207-abde-ac2a1a1292c0 for 120984ms
2019-09-16 16:18:43,083 [EventQueue-PipelineActionsForPipelineActionHandler] ERROR pipeline.PipelineActionHandler (PipelineActionHandler.java:onMessage(60)) - Received pipeline action CLOSE for Pipeline[ Id: 85462b92-2962-46a5-958c-fe35d6209bcf, Nodes: 097459af-dbcb-4086-9fa9-59cd3a0cf8f9{ip: 192.168.157.233, host: pr-hdds-2120-x62sn-1884063469, networkLocation: /default-rack, certSerialId: null}0e94ed89-1bf2-4207-abde-ac2a1a1292c0{ip: 192.168.157.233, host: pr-hdds-2120-x62sn-1884063469, networkLocation: /default-rack, certSerialId: null}60f39956-bae5-4391-8a23-3e89f20c1839{ip: 192.168.157.233, host: pr-hdds-2120-x62sn-1884063469, networkLocation: /default-rack, certSerialId: null}, Type:RATIS, Factor:THREE, State:OPEN] from datanode 097459af-dbcb-4086-9fa9-59cd3a0cf8f9{ip: 192.168.157.233, host: pr-hdds-2120-x62sn-1884063469, networkLocation: /default-rack, certSerialId: null}. Reason : 097459af-dbcb-4086-9fa9-59cd3a0cf8f9 has not seen follower/s 0e94ed89-1bf2-4207-abde-ac2a1a1292c0 for 120984ms
2019-09-16 16:18:43,083 [EventQueue-PipelineActionsForPipelineActionHandler] INFO  pipeline.SCMPipelineManager (SCMPipelineManager.java:finalizeAndDestroyPipeline(311)) - destroying pipeline:Pipeline[ Id: 85462b92-2962-46a5-958c-fe35d6209bcf, Nodes: 097459af-dbcb-4086-9fa9-59cd3a0cf8f9{ip: 192.168.157.233, host: pr-hdds-2120-x62sn-1884063469, networkLocation: /default-rack, certSerialId: null}0e94ed89-1bf2-4207-abde-ac2a1a1292c0{ip: 192.168.157.233, host: pr-hdds-2120-x62sn-1884063469, networkLocation: /default-rack, certSerialId: null}60f39956-bae5-4391-8a23-3e89f20c1839{ip: 192.168.157.233, host: pr-hdds-2120-x62sn-1884063469, networkLocation: /default-rack, certSerialId: null}, Type:RATIS, Factor:THREE, State:OPEN]
2019-09-16 16:18:43,084 [EventQueue-PipelineActionsForPipelineActionHandler] INFO  pipeline.PipelineStateManager (PipelineStateManager.java:finalizePipeline(123)) - Pipeline Pipeline[ Id: 85462b92-2962-46a5-958c-fe35d6209bcf, Nodes: 097459af-dbcb-4086-9fa9-59cd3a0cf8f9{ip: 192.168.157.233, host: pr-hdds-2120-x62sn-1884063469, networkLocation: /default-rack, certSerialId: null}0e94ed89-1bf2-4207-abde-ac2a1a1292c0{ip: 192.168.157.233, host: pr-hdds-2120-x62sn-1884063469, networkLocation: /default-rack, certSerialId: null}60f39956-bae5-4391-8a23-3e89f20c1839{ip: 192.168.157.233, host: pr-hdds-2120-x62sn-1884063469, networkLocation: /default-rack, certSerialId: null}, Type:RATIS, Factor:THREE, State:CLOSED] moved to CLOSED state
2019-09-16 16:18:43,087 [EventQueue-CloseContainerForCloseContainerEventHandler] INFO  container.CloseContainerEventHandler (CloseContainerEventHandler.java:onMessage(61)) - Close container Event triggered for container : #1
2019-09-16 16:18:43,092 [EventQueue-CloseContainerForCloseContainerEventHandler] INFO  container.CloseContainerEventHandler (CloseContainerEventHandler.java:onMessage(61)) - Close container Event triggered for container : #3
2019-09-16 16:18:43,104 [0e94ed89-1bf2-4207-abde-ac2a1a1292c0@group-FE35D6209BCF-SegmentedRaftLogWorker] WARN  segmented.SegmentedRaftLogWorker (SegmentedRaftLogWorker.java:getFromFuture(90)) - Timeout 11/~
org.apache.ratis.protocol.TimeoutIOException: Timeout 10s: WriteLog:8: (t:1, i:8), STATEMACHINELOGENTRY, client-233D76DA14D6, cid=22-writeStateMachineData
	at org.apache.ratis.util.IOUtils.getFromFuture(IOUtils.java:87)
	at org.apache.ratis.server.raftlog.segmented.SegmentedRaftLogWorker$StateMachineDataPolicy.getFromFuture(SegmentedRaftLogWorker.java:87)
	at org.apache.ratis.server.raftlog.segmented.SegmentedRaftLogWorker$WriteLog.execute(SegmentedRaftLogWorker.java:477)
	at org.apache.ratis.server.raftlog.segmented.SegmentedRaftLogWorker.run(SegmentedRaftLogWorker.java:289)
	at java.lang.Thread.run(Thread.java:748)
Caused by: java.util.concurrent.TimeoutException
	at java.util.concurrent.CompletableFuture.timedGet(CompletableFuture.java:1771)
	at java.util.concurrent.CompletableFuture.get(CompletableFuture.java:1915)
	at org.apache.ratis.util.IOUtils.getFromFuture(IOUtils.java:79)
	... 4 more
2019-09-16 16:18:43,113 [097459af-dbcb-4086-9fa9-59cd3a0cf8f9@group-FE35D6209BCF-SegmentedRaftLogWorker] WARN  segmented.SegmentedRaftLogWorker (SegmentedRaftLogWorker.java:getFromFuture(90)) - Timeout 11/~
org.apache.ratis.protocol.TimeoutIOException: Timeout 10s: WriteLog:8: (t:1, i:8), STATEMACHINELOGENTRY, client-233D76DA14D6, cid=22-writeStateMachineData
	at org.apache.ratis.util.IOUtils.getFromFuture(IOUtils.java:87)
	at org.apache.ratis.server.raftlog.segmented.SegmentedRaftLogWorker$StateMachineDataPolicy.getFromFuture(SegmentedRaftLogWorker.java:87)
	at org.apache.ratis.server.raftlog.segmented.SegmentedRaftLogWorker$WriteLog.execute(SegmentedRaftLogWorker.java:477)
	at org.apache.ratis.server.raftlog.segmented.SegmentedRaftLogWorker.run(SegmentedRaftLogWorker.java:289)
	at java.lang.Thread.run(Thread.java:748)
Caused by: java.util.concurrent.TimeoutException
	at java.util.concurrent.CompletableFuture.timedGet(CompletableFuture.java:1771)
	at java.util.concurrent.CompletableFuture.get(CompletableFuture.java:1915)
	at org.apache.ratis.util.IOUtils.getFromFuture(IOUtils.java:79)
	... 4 more
2019-09-16 16:18:43,315 [java.util.concurrent.ThreadPoolExecutor$Worker@1e3d8202[State = -1, empty queue]] WARN  server.GrpcLogAppender (GrpcLogAppender.java:timeoutAppendRequest(200)) - 097459af-dbcb-4086-9fa9-59cd3a0cf8f9@group-FE35D6209BCF->0e94ed89-1bf2-4207-abde-ac2a1a1292c0-GrpcLogAppender: appendEntries Timeout, request=097459af-dbcb-4086-9fa9-59cd3a0cf8f9->0e94ed89-1bf2-4207-abde-ac2a1a1292c0#57-t1, previous=(t:1, i:9), leaderCommit=6, initializing? false, entries: <empty>
2019-09-16 16:18:44,186 [grpc-default-executor-1] INFO  client.GrpcClientProtocolClient (GrpcClientProtocolClient.java:onNext(264)) - client-233D76DA14D6->0e94ed89-1bf2-4207-abde-ac2a1a1292c0: receive RaftClientReply:client-233D76DA14D6->0e94ed89-1bf2-4207-abde-ac2a1a1292c0@group-FE35D6209BCF, cid=21, FAILED org.apache.ratis.protocol.NotLeaderException: Server 0e94ed89-1bf2-4207-abde-ac2a1a1292c0@group-FE35D6209BCF is not the leader 097459af-dbcb-4086-9fa9-59cd3a0cf8f9:192.168.157.233:33970, logIndex=0, commits[0e94ed89-1bf2-4207-abde-ac2a1a1292c0:c6, 097459af-dbcb-4086-9fa9-59cd3a0cf8f9:c6, 60f39956-bae5-4391-8a23-3e89f20c1839:c6]
2019-09-16 16:18:45,103 [org.apache.ratis.server.impl.LogAppender$AppenderDaemon$$Lambda$522/1014859684@53a80675] ERROR ratis.XceiverServerRatis (XceiverServerRatis.java:triggerPipelineClose(568)) - pipeline Action CLOSE  on pipeline PipelineID=85462b92-2962-46a5-958c-fe35d6209bcf.Reason : 097459af-dbcb-4086-9fa9-59cd3a0cf8f9 has not seen follower/s 0e94ed89-1bf2-4207-abde-ac2a1a1292c0 for 123250ms
2019-09-16 16:18:45,816 [java.util.concurrent.ThreadPoolExecutor$Worker@1e3d8202[State = -1, empty queue]] WARN  server.GrpcLogAppender (GrpcLogAppender.java:timeoutAppendRequest(200)) - 097459af-dbcb-4086-9fa9-59cd3a0cf8f9@group-FE35D6209BCF->0e94ed89-1bf2-4207-abde-ac2a1a1292c0-GrpcLogAppender: appendEntries Timeout, request=097459af-dbcb-4086-9fa9-59cd3a0cf8f9->0e94ed89-1bf2-4207-abde-ac2a1a1292c0#58-t1, previous=(t:1, i:9), leaderCommit=6, initializing? false, entries: <empty>
2019-09-16 16:18:46,096 [EventQueue-PipelineActionsForPipelineActionHandler] ERROR pipeline.PipelineActionHandler (PipelineActionHandler.java:onMessage(60)) - Received pipeline action CLOSE for Pipeline[ Id: 85462b92-2962-46a5-958c-fe35d6209bcf, Nodes: 097459af-dbcb-4086-9fa9-59cd3a0cf8f9{ip: 192.168.157.233, host: pr-hdds-2120-x62sn-1884063469, networkLocation: /default-rack, certSerialId: null}0e94ed89-1bf2-4207-abde-ac2a1a1292c0{ip: 192.168.157.233, host: pr-hdds-2120-x62sn-1884063469, networkLocation: /default-rack, certSerialId: null}60f39956-bae5-4391-8a23-3e89f20c1839{ip: 192.168.157.233, host: pr-hdds-2120-x62sn-1884063469, networkLocation: /default-rack, certSerialId: null}, Type:RATIS, Factor:THREE, State:CLOSED] from datanode 097459af-dbcb-4086-9fa9-59cd3a0cf8f9{ip: 192.168.157.233, host: pr-hdds-2120-x62sn-1884063469, networkLocation: /default-rack, certSerialId: null}. Reason : 097459af-dbcb-4086-9fa9-59cd3a0cf8f9 has not seen follower/s 0e94ed89-1bf2-4207-abde-ac2a1a1292c0 for 123250ms
2019-09-16 16:18:46,096 [EventQueue-PipelineActionsForPipelineActionHandler] INFO  pipeline.SCMPipelineManager (SCMPipelineManager.java:finalizeAndDestroyPipeline(311)) - destroying pipeline:Pipeline[ Id: 85462b92-2962-46a5-958c-fe35d6209bcf, Nodes: 097459af-dbcb-4086-9fa9-59cd3a0cf8f9{ip: 192.168.157.233, host: pr-hdds-2120-x62sn-1884063469, networkLocation: /default-rack, certSerialId: null}0e94ed89-1bf2-4207-abde-ac2a1a1292c0{ip: 192.168.157.233, host: pr-hdds-2120-x62sn-1884063469, networkLocation: /default-rack, certSerialId: null}60f39956-bae5-4391-8a23-3e89f20c1839{ip: 192.168.157.233, host: pr-hdds-2120-x62sn-1884063469, networkLocation: /default-rack, certSerialId: null}, Type:RATIS, Factor:THREE, State:CLOSED]
2019-09-16 16:18:47,604 [org.apache.ratis.server.impl.LogAppender$AppenderDaemon$$Lambda$522/1014859684@53a80675] ERROR ratis.XceiverServerRatis (XceiverServerRatis.java:triggerPipelineClose(568)) - pipeline Action CLOSE  on pipeline PipelineID=85462b92-2962-46a5-958c-fe35d6209bcf.Reason : 097459af-dbcb-4086-9fa9-59cd3a0cf8f9 has not seen follower/s 0e94ed89-1bf2-4207-abde-ac2a1a1292c0 for 125751ms
2019-09-16 16:18:48,103 [java.util.concurrent.ThreadPoolExecutor$Worker@1e3d8202[State = -1, empty queue]] WARN  server.GrpcLogAppender (GrpcLogAppender.java:timeoutAppendRequest(200)) - 097459af-dbcb-4086-9fa9-59cd3a0cf8f9@group-FE35D6209BCF->0e94ed89-1bf2-4207-abde-ac2a1a1292c0-GrpcLogAppender: appendEntries Timeout, request=097459af-dbcb-4086-9fa9-59cd3a0cf8f9->0e94ed89-1bf2-4207-abde-ac2a1a1292c0#59-t1, previous=(t:1, i:9), leaderCommit=6, initializing? false, entries: size=1, first=(t:1, i:10), STATEMACHINELOGENTRY, client-F51D922A95E0, cid=0
2019-09-16 16:18:48,132 [EventQueue-PipelineActionsForPipelineActionHandler] ERROR pipeline.PipelineActionHandler (PipelineActionHandler.java:onMessage(60)) - Received pipeline action CLOSE for Pipeline[ Id: 85462b92-2962-46a5-958c-fe35d6209bcf, Nodes: 097459af-dbcb-4086-9fa9-59cd3a0cf8f9{ip: 192.168.157.233, host: pr-hdds-2120-x62sn-1884063469, networkLocation: /default-rack, certSerialId: null}0e94ed89-1bf2-4207-abde-ac2a1a1292c0{ip: 192.168.157.233, host: pr-hdds-2120-x62sn-1884063469, networkLocation: /default-rack, certSerialId: null}60f39956-bae5-4391-8a23-3e89f20c1839{ip: 192.168.157.233, host: pr-hdds-2120-x62sn-1884063469, networkLocation: /default-rack, certSerialId: null}, Type:RATIS, Factor:THREE, State:CLOSED] from datanode 097459af-dbcb-4086-9fa9-59cd3a0cf8f9{ip: 192.168.157.233, host: pr-hdds-2120-x62sn-1884063469, networkLocation: /default-rack, certSerialId: null}. Reason : 097459af-dbcb-4086-9fa9-59cd3a0cf8f9 has not seen follower/s 0e94ed89-1bf2-4207-abde-ac2a1a1292c0 for 125751ms
2019-09-16 16:18:48,132 [EventQueue-PipelineActionsForPipelineActionHandler] INFO  pipeline.SCMPipelineManager (SCMPipelineManager.java:finalizeAndDestroyPipeline(311)) - destroying pipeline:Pipeline[ Id: 85462b92-2962-46a5-958c-fe35d6209bcf, Nodes: 097459af-dbcb-4086-9fa9-59cd3a0cf8f9{ip: 192.168.157.233, host: pr-hdds-2120-x62sn-1884063469, networkLocation: /default-rack, certSerialId: null}0e94ed89-1bf2-4207-abde-ac2a1a1292c0{ip: 192.168.157.233, host: pr-hdds-2120-x62sn-1884063469, networkLocation: /default-rack, certSerialId: null}60f39956-bae5-4391-8a23-3e89f20c1839{ip: 192.168.157.233, host: pr-hdds-2120-x62sn-1884063469, networkLocation: /default-rack, certSerialId: null}, Type:RATIS, Factor:THREE, State:CLOSED]
2019-09-16 16:18:49,236 [grpc-default-executor-1] INFO  client.GrpcClientProtocolClient (GrpcClientProtocolClient.java:onNext(264)) - client-233D76DA14D6->0e94ed89-1bf2-4207-abde-ac2a1a1292c0: receive RaftClientReply:client-233D76DA14D6->0e94ed89-1bf2-4207-abde-ac2a1a1292c0@group-FE35D6209BCF, cid=21, FAILED org.apache.ratis.protocol.NotLeaderException: Server 0e94ed89-1bf2-4207-abde-ac2a1a1292c0@group-FE35D6209BCF is not the leader 097459af-dbcb-4086-9fa9-59cd3a0cf8f9:192.168.157.233:33970, logIndex=0, commits[0e94ed89-1bf2-4207-abde-ac2a1a1292c0:c6, 097459af-dbcb-4086-9fa9-59cd3a0cf8f9:c6, 60f39956-bae5-4391-8a23-3e89f20c1839:c6]
2019-09-16 16:18:50,105 [org.apache.ratis.server.impl.LogAppender$AppenderDaemon$$Lambda$522/1014859684@53a80675] ERROR ratis.XceiverServerRatis (XceiverServerRatis.java:triggerPipelineClose(568)) - pipeline Action CLOSE  on pipeline PipelineID=85462b92-2962-46a5-958c-fe35d6209bcf.Reason : 097459af-dbcb-4086-9fa9-59cd3a0cf8f9 has not seen follower/s 0e94ed89-1bf2-4207-abde-ac2a1a1292c0 for 128252ms
2019-09-16 16:18:50,133 [EventQueue-PipelineActionsForPipelineActionHandler] ERROR pipeline.PipelineActionHandler (PipelineActionHandler.java:onMessage(60)) - Received pipeline action CLOSE for Pipeline[ Id: 85462b92-2962-46a5-958c-fe35d6209bcf, Nodes: 097459af-dbcb-4086-9fa9-59cd3a0cf8f9{ip: 192.168.157.233, host: pr-hdds-2120-x62sn-1884063469, networkLocation: /default-rack, certSerialId: null}0e94ed89-1bf2-4207-abde-ac2a1a1292c0{ip: 192.168.157.233, host: pr-hdds-2120-x62sn-1884063469, networkLocation: /default-rack, certSerialId: null}60f39956-bae5-4391-8a23-3e89f20c1839{ip: 192.168.157.233, host: pr-hdds-2120-x62sn-1884063469, networkLocation: /default-rack, certSerialId: null}, Type:RATIS, Factor:THREE, State:CLOSED] from datanode 097459af-dbcb-4086-9fa9-59cd3a0cf8f9{ip: 192.168.157.233, host: pr-hdds-2120-x62sn-1884063469, networkLocation: /default-rack, certSerialId: null}. Reason : 097459af-dbcb-4086-9fa9-59cd3a0cf8f9 has not seen follower/s 0e94ed89-1bf2-4207-abde-ac2a1a1292c0 for 128252ms
2019-09-16 16:18:50,135 [EventQueue-PipelineActionsForPipelineActionHandler] INFO  pipeline.SCMPipelineManager (SCMPipelineManager.java:finalizeAndDestroyPipeline(311)) - destroying pipeline:Pipeline[ Id: 85462b92-2962-46a5-958c-fe35d6209bcf, Nodes: 097459af-dbcb-4086-9fa9-59cd3a0cf8f9{ip: 192.168.157.233, host: pr-hdds-2120-x62sn-1884063469, networkLocation: /default-rack, certSerialId: null}0e94ed89-1bf2-4207-abde-ac2a1a1292c0{ip: 192.168.157.233, host: pr-hdds-2120-x62sn-1884063469, networkLocation: /default-rack, certSerialId: null}60f39956-bae5-4391-8a23-3e89f20c1839{ip: 192.168.157.233, host: pr-hdds-2120-x62sn-1884063469, networkLocation: /default-rack, certSerialId: null}, Type:RATIS, Factor:THREE, State:CLOSED]
2019-09-16 16:18:50,604 [java.util.concurrent.ThreadPoolExecutor$Worker@1e3d8202[State = -1, empty queue]] WARN  server.GrpcLogAppender (GrpcLogAppender.java:timeoutAppendRequest(200)) - 097459af-dbcb-4086-9fa9-59cd3a0cf8f9@group-FE35D6209BCF->0e94ed89-1bf2-4207-abde-ac2a1a1292c0-GrpcLogAppender: appendEntries Timeout, request=097459af-dbcb-4086-9fa9-59cd3a0cf8f9->0e94ed89-1bf2-4207-abde-ac2a1a1292c0#60-t1, previous=(t:1, i:10), leaderCommit=6, initializing? false, entries: <empty>
2019-09-16 16:18:52,607 [org.apache.ratis.server.impl.LogAppender$AppenderDaemon$$Lambda$522/1014859684@53a80675] ERROR ratis.XceiverServerRatis (XceiverServerRatis.java:triggerPipelineClose(568)) - pipeline Action CLOSE  on pipeline PipelineID=85462b92-2962-46a5-958c-fe35d6209bcf.Reason : 097459af-dbcb-4086-9fa9-59cd3a0cf8f9 has not seen follower/s 0e94ed89-1bf2-4207-abde-ac2a1a1292c0 for 130753ms
2019-09-16 16:18:53,105 [java.util.concurrent.ThreadPoolExecutor$Worker@1e3d8202[State = -1, empty queue]] WARN  server.GrpcLogAppender (GrpcLogAppender.java:timeoutAppendRequest(200)) - 097459af-dbcb-4086-9fa9-59cd3a0cf8f9@group-FE35D6209BCF->0e94ed89-1bf2-4207-abde-ac2a1a1292c0-GrpcLogAppender: appendEntries Timeout, request=097459af-dbcb-4086-9fa9-59cd3a0cf8f9->0e94ed89-1bf2-4207-abde-ac2a1a1292c0#61-t1, previous=(t:1, i:10), leaderCommit=6, initializing? false, entries: <empty>
2019-09-16 16:18:53,107 [0e94ed89-1bf2-4207-abde-ac2a1a1292c0@group-FE35D6209BCF-SegmentedRaftLogWorker] WARN  segmented.SegmentedRaftLogWorker (SegmentedRaftLogWorker.java:getFromFuture(90)) - Timeout 12/~
org.apache.ratis.protocol.TimeoutIOException: Timeout 10s: WriteLog:8: (t:1, i:8), STATEMACHINELOGENTRY, client-233D76DA14D6, cid=22-writeStateMachineData
	at org.apache.ratis.util.IOUtils.getFromFuture(IOUtils.java:87)
	at org.apache.ratis.server.raftlog.segmented.SegmentedRaftLogWorker$StateMachineDataPolicy.getFromFuture(SegmentedRaftLogWorker.java:87)
	at org.apache.ratis.server.raftlog.segmented.SegmentedRaftLogWorker$WriteLog.execute(SegmentedRaftLogWorker.java:477)
	at org.apache.ratis.server.raftlog.segmented.SegmentedRaftLogWorker.run(SegmentedRaftLogWorker.java:289)
	at java.lang.Thread.run(Thread.java:748)
Caused by: java.util.concurrent.TimeoutException
	at java.util.concurrent.CompletableFuture.timedGet(CompletableFuture.java:1771)
	at java.util.concurrent.CompletableFuture.get(CompletableFuture.java:1915)
	at org.apache.ratis.util.IOUtils.getFromFuture(IOUtils.java:79)
	... 4 more
2019-09-16 16:18:53,114 [097459af-dbcb-4086-9fa9-59cd3a0cf8f9@group-FE35D6209BCF-SegmentedRaftLogWorker] WARN  segmented.SegmentedRaftLogWorker (SegmentedRaftLogWorker.java:getFromFuture(90)) - Timeout 12/~
org.apache.ratis.protocol.TimeoutIOException: Timeout 10s: WriteLog:8: (t:1, i:8), STATEMACHINELOGENTRY, client-233D76DA14D6, cid=22-writeStateMachineData
	at org.apache.ratis.util.IOUtils.getFromFuture(IOUtils.java:87)
	at org.apache.ratis.server.raftlog.segmented.SegmentedRaftLogWorker$StateMachineDataPolicy.getFromFuture(SegmentedRaftLogWorker.java:87)
	at org.apache.ratis.server.raftlog.segmented.SegmentedRaftLogWorker$WriteLog.execute(SegmentedRaftLogWorker.java:477)
	at org.apache.ratis.server.raftlog.segmented.SegmentedRaftLogWorker.run(SegmentedRaftLogWorker.java:289)
	at java.lang.Thread.run(Thread.java:748)
Caused by: java.util.concurrent.TimeoutException
	at java.util.concurrent.CompletableFuture.timedGet(CompletableFuture.java:1771)
	at java.util.concurrent.CompletableFuture.get(CompletableFuture.java:1915)
	at org.apache.ratis.util.IOUtils.getFromFuture(IOUtils.java:79)
	... 4 more
2019-09-16 16:18:53,134 [EventQueue-PipelineActionsForPipelineActionHandler] ERROR pipeline.PipelineActionHandler (PipelineActionHandler.java:onMessage(60)) - Received pipeline action CLOSE for Pipeline[ Id: 85462b92-2962-46a5-958c-fe35d6209bcf, Nodes: 097459af-dbcb-4086-9fa9-59cd3a0cf8f9{ip: 192.168.157.233, host: pr-hdds-2120-x62sn-1884063469, networkLocation: /default-rack, certSerialId: null}0e94ed89-1bf2-4207-abde-ac2a1a1292c0{ip: 192.168.157.233, host: pr-hdds-2120-x62sn-1884063469, networkLocation: /default-rack, certSerialId: null}60f39956-bae5-4391-8a23-3e89f20c1839{ip: 192.168.157.233, host: pr-hdds-2120-x62sn-1884063469, networkLocation: /default-rack, certSerialId: null}, Type:RATIS, Factor:THREE, State:CLOSED] from datanode 097459af-dbcb-4086-9fa9-59cd3a0cf8f9{ip: 192.168.157.233, host: pr-hdds-2120-x62sn-1884063469, networkLocation: /default-rack, certSerialId: null}. Reason : 097459af-dbcb-4086-9fa9-59cd3a0cf8f9 has not seen follower/s 0e94ed89-1bf2-4207-abde-ac2a1a1292c0 for 130753ms
2019-09-16 16:18:53,135 [EventQueue-PipelineActionsForPipelineActionHandler] INFO  pipeline.SCMPipelineManager (SCMPipelineManager.java:finalizeAndDestroyPipeline(311)) - destroying pipeline:Pipeline[ Id: 85462b92-2962-46a5-958c-fe35d6209bcf, Nodes: 097459af-dbcb-4086-9fa9-59cd3a0cf8f9{ip: 192.168.157.233, host: pr-hdds-2120-x62sn-1884063469, networkLocation: /default-rack, certSerialId: null}0e94ed89-1bf2-4207-abde-ac2a1a1292c0{ip: 192.168.157.233, host: pr-hdds-2120-x62sn-1884063469, networkLocation: /default-rack, certSerialId: null}60f39956-bae5-4391-8a23-3e89f20c1839{ip: 192.168.157.233, host: pr-hdds-2120-x62sn-1884063469, networkLocation: /default-rack, certSerialId: null}, Type:RATIS, Factor:THREE, State:CLOSED]
2019-09-16 16:18:54,321 [grpc-default-executor-1] INFO  client.GrpcClientProtocolClient (GrpcClientProtocolClient.java:onNext(264)) - client-233D76DA14D6->0e94ed89-1bf2-4207-abde-ac2a1a1292c0: receive RaftClientReply:client-233D76DA14D6->0e94ed89-1bf2-4207-abde-ac2a1a1292c0@group-FE35D6209BCF, cid=21, FAILED org.apache.ratis.protocol.NotLeaderException: Server 0e94ed89-1bf2-4207-abde-ac2a1a1292c0@group-FE35D6209BCF is not the leader 097459af-dbcb-4086-9fa9-59cd3a0cf8f9:192.168.157.233:33970, logIndex=0, commits[0e94ed89-1bf2-4207-abde-ac2a1a1292c0:c6, 097459af-dbcb-4086-9fa9-59cd3a0cf8f9:c6, 60f39956-bae5-4391-8a23-3e89f20c1839:c6]
2019-09-16 16:18:55,108 [org.apache.ratis.server.impl.LogAppender$AppenderDaemon$$Lambda$522/1014859684@53a80675] ERROR ratis.XceiverServerRatis (XceiverServerRatis.java:triggerPipelineClose(568)) - pipeline Action CLOSE  on pipeline PipelineID=85462b92-2962-46a5-958c-fe35d6209bcf.Reason : 097459af-dbcb-4086-9fa9-59cd3a0cf8f9 has not seen follower/s 0e94ed89-1bf2-4207-abde-ac2a1a1292c0 for 133255ms
2019-09-16 16:18:55,133 [EventQueue-PipelineActionsForPipelineActionHandler] ERROR pipeline.PipelineActionHandler (PipelineActionHandler.java:onMessage(60)) - Received pipeline action CLOSE for Pipeline[ Id: 85462b92-2962-46a5-958c-fe35d6209bcf, Nodes: 097459af-dbcb-4086-9fa9-59cd3a0cf8f9{ip: 192.168.157.233, host: pr-hdds-2120-x62sn-1884063469, networkLocation: /default-rack, certSerialId: null}0e94ed89-1bf2-4207-abde-ac2a1a1292c0{ip: 192.168.157.233, host: pr-hdds-2120-x62sn-1884063469, networkLocation: /default-rack, certSerialId: null}60f39956-bae5-4391-8a23-3e89f20c1839{ip: 192.168.157.233, host: pr-hdds-2120-x62sn-1884063469, networkLocation: /default-rack, certSerialId: null}, Type:RATIS, Factor:THREE, State:CLOSED] from datanode 097459af-dbcb-4086-9fa9-59cd3a0cf8f9{ip: 192.168.157.233, host: pr-hdds-2120-x62sn-1884063469, networkLocation: /default-rack, certSerialId: null}. Reason : 097459af-dbcb-4086-9fa9-59cd3a0cf8f9 has not seen follower/s 0e94ed89-1bf2-4207-abde-ac2a1a1292c0 for 133255ms
2019-09-16 16:18:55,136 [EventQueue-PipelineActionsForPipelineActionHandler] INFO  pipeline.SCMPipelineManager (SCMPipelineManager.java:finalizeAndDestroyPipeline(311)) - destroying pipeline:Pipeline[ Id: 85462b92-2962-46a5-958c-fe35d6209bcf, Nodes: 097459af-dbcb-4086-9fa9-59cd3a0cf8f9{ip: 192.168.157.233, host: pr-hdds-2120-x62sn-1884063469, networkLocation: /default-rack, certSerialId: null}0e94ed89-1bf2-4207-abde-ac2a1a1292c0{ip: 192.168.157.233, host: pr-hdds-2120-x62sn-1884063469, networkLocation: /default-rack, certSerialId: null}60f39956-bae5-4391-8a23-3e89f20c1839{ip: 192.168.157.233, host: pr-hdds-2120-x62sn-1884063469, networkLocation: /default-rack, certSerialId: null}, Type:RATIS, Factor:THREE, State:CLOSED]
2019-09-16 16:18:55,606 [java.util.concurrent.ThreadPoolExecutor$Worker@1e3d8202[State = -1, empty queue]] WARN  server.GrpcLogAppender (GrpcLogAppender.java:timeoutAppendRequest(200)) - 097459af-dbcb-4086-9fa9-59cd3a0cf8f9@group-FE35D6209BCF->0e94ed89-1bf2-4207-abde-ac2a1a1292c0-GrpcLogAppender: appendEntries Timeout, request=097459af-dbcb-4086-9fa9-59cd3a0cf8f9->0e94ed89-1bf2-4207-abde-ac2a1a1292c0#62-t1, previous=(t:1, i:10), leaderCommit=6, initializing? false, entries: <empty>
2019-09-16 16:18:57,609 [org.apache.ratis.server.impl.LogAppender$AppenderDaemon$$Lambda$522/1014859684@53a80675] ERROR ratis.XceiverServerRatis (XceiverServerRatis.java:triggerPipelineClose(568)) - pipeline Action CLOSE  on pipeline PipelineID=85462b92-2962-46a5-958c-fe35d6209bcf.Reason : 097459af-dbcb-4086-9fa9-59cd3a0cf8f9 has not seen follower/s 0e94ed89-1bf2-4207-abde-ac2a1a1292c0 for 135756ms
2019-09-16 16:18:58,107 [java.util.concurrent.ThreadPoolExecutor$Worker@1e3d8202[State = -1, empty queue]] WARN  server.GrpcLogAppender (GrpcLogAppender.java:timeoutAppendRequest(200)) - 097459af-dbcb-4086-9fa9-59cd3a0cf8f9@group-FE35D6209BCF->0e94ed89-1bf2-4207-abde-ac2a1a1292c0-GrpcLogAppender: appendEntries Timeout, request=097459af-dbcb-4086-9fa9-59cd3a0cf8f9->0e94ed89-1bf2-4207-abde-ac2a1a1292c0#63-t1, previous=(t:1, i:10), leaderCommit=6, initializing? false, entries: <empty>
2019-09-16 16:18:58,134 [EventQueue-PipelineActionsForPipelineActionHandler] ERROR pipeline.PipelineActionHandler (PipelineActionHandler.java:onMessage(60)) - Received pipeline action CLOSE for Pipeline[ Id: 85462b92-2962-46a5-958c-fe35d6209bcf, Nodes: 097459af-dbcb-4086-9fa9-59cd3a0cf8f9{ip: 192.168.157.233, host: pr-hdds-2120-x62sn-1884063469, networkLocation: /default-rack, certSerialId: null}0e94ed89-1bf2-4207-abde-ac2a1a1292c0{ip: 192.168.157.233, host: pr-hdds-2120-x62sn-1884063469, networkLocation: /default-rack, certSerialId: null}60f39956-bae5-4391-8a23-3e89f20c1839{ip: 192.168.157.233, host: pr-hdds-2120-x62sn-1884063469, networkLocation: /default-rack, certSerialId: null}, Type:RATIS, Factor:THREE, State:CLOSED] from datanode 097459af-dbcb-4086-9fa9-59cd3a0cf8f9{ip: 192.168.157.233, host: pr-hdds-2120-x62sn-1884063469, networkLocation: /default-rack, certSerialId: null}. Reason : 097459af-dbcb-4086-9fa9-59cd3a0cf8f9 has not seen follower/s 0e94ed89-1bf2-4207-abde-ac2a1a1292c0 for 135756ms
2019-09-16 16:18:58,134 [EventQueue-PipelineActionsForPipelineActionHandler] INFO  pipeline.SCMPipelineManager (SCMPipelineManager.java:finalizeAndDestroyPipeline(311)) - destroying pipeline:Pipeline[ Id: 85462b92-2962-46a5-958c-fe35d6209bcf, Nodes: 097459af-dbcb-4086-9fa9-59cd3a0cf8f9{ip: 192.168.157.233, host: pr-hdds-2120-x62sn-1884063469, networkLocation: /default-rack, certSerialId: null}0e94ed89-1bf2-4207-abde-ac2a1a1292c0{ip: 192.168.157.233, host: pr-hdds-2120-x62sn-1884063469, networkLocation: /default-rack, certSerialId: null}60f39956-bae5-4391-8a23-3e89f20c1839{ip: 192.168.157.233, host: pr-hdds-2120-x62sn-1884063469, networkLocation: /default-rack, certSerialId: null}, Type:RATIS, Factor:THREE, State:CLOSED]
2019-09-16 16:18:59,379 [grpc-default-executor-1] INFO  client.GrpcClientProtocolClient (GrpcClientProtocolClient.java:onNext(264)) - client-233D76DA14D6->0e94ed89-1bf2-4207-abde-ac2a1a1292c0: receive RaftClientReply:client-233D76DA14D6->0e94ed89-1bf2-4207-abde-ac2a1a1292c0@group-FE35D6209BCF, cid=21, FAILED org.apache.ratis.protocol.NotLeaderException: Server 0e94ed89-1bf2-4207-abde-ac2a1a1292c0@group-FE35D6209BCF is not the leader 097459af-dbcb-4086-9fa9-59cd3a0cf8f9:192.168.157.233:33970, logIndex=0, commits[0e94ed89-1bf2-4207-abde-ac2a1a1292c0:c6, 097459af-dbcb-4086-9fa9-59cd3a0cf8f9:c6, 60f39956-bae5-4391-8a23-3e89f20c1839:c6]
2019-09-16 16:19:00,110 [org.apache.ratis.server.impl.LogAppender$AppenderDaemon$$Lambda$522/1014859684@53a80675] ERROR ratis.XceiverServerRatis (XceiverServerRatis.java:triggerPipelineClose(568)) - pipeline Action CLOSE  on pipeline PipelineID=85462b92-2962-46a5-958c-fe35d6209bcf.Reason : 097459af-dbcb-4086-9fa9-59cd3a0cf8f9 has not seen follower/s 0e94ed89-1bf2-4207-abde-ac2a1a1292c0 for 138257ms
2019-09-16 16:19:00,133 [EventQueue-PipelineActionsForPipelineActionHandler] ERROR pipeline.PipelineActionHandler (PipelineActionHandler.java:onMessage(60)) - Received pipeline action CLOSE for Pipeline[ Id: 85462b92-2962-46a5-958c-fe35d6209bcf, Nodes: 097459af-dbcb-4086-9fa9-59cd3a0cf8f9{ip: 192.168.157.233, host: pr-hdds-2120-x62sn-1884063469, networkLocation: /default-rack, certSerialId: null}0e94ed89-1bf2-4207-abde-ac2a1a1292c0{ip: 192.168.157.233, host: pr-hdds-2120-x62sn-1884063469, networkLocation: /default-rack, certSerialId: null}60f39956-bae5-4391-8a23-3e89f20c1839{ip: 192.168.157.233, host: pr-hdds-2120-x62sn-1884063469, networkLocation: /default-rack, certSerialId: null}, Type:RATIS, Factor:THREE, State:CLOSED] from datanode 097459af-dbcb-4086-9fa9-59cd3a0cf8f9{ip: 192.168.157.233, host: pr-hdds-2120-x62sn-1884063469, networkLocation: /default-rack, certSerialId: null}. Reason : 097459af-dbcb-4086-9fa9-59cd3a0cf8f9 has not seen follower/s 0e94ed89-1bf2-4207-abde-ac2a1a1292c0 for 138257ms
2019-09-16 16:19:00,136 [EventQueue-PipelineActionsForPipelineActionHandler] INFO  pipeline.SCMPipelineManager (SCMPipelineManager.java:finalizeAndDestroyPipeline(311)) - destroying pipeline:Pipeline[ Id: 85462b92-2962-46a5-958c-fe35d6209bcf, Nodes: 097459af-dbcb-4086-9fa9-59cd3a0cf8f9{ip: 192.168.157.233, host: pr-hdds-2120-x62sn-1884063469, networkLocation: /default-rack, certSerialId: null}0e94ed89-1bf2-4207-abde-ac2a1a1292c0{ip: 192.168.157.233, host: pr-hdds-2120-x62sn-1884063469, networkLocation: /default-rack, certSerialId: null}60f39956-bae5-4391-8a23-3e89f20c1839{ip: 192.168.157.233, host: pr-hdds-2120-x62sn-1884063469, networkLocation: /default-rack, certSerialId: null}, Type:RATIS, Factor:THREE, State:CLOSED]
2019-09-16 16:19:00,609 [java.util.concurrent.ThreadPoolExecutor$Worker@1e3d8202[State = -1, empty queue]] WARN  server.GrpcLogAppender (GrpcLogAppender.java:timeoutAppendRequest(200)) - 097459af-dbcb-4086-9fa9-59cd3a0cf8f9@group-FE35D6209BCF->0e94ed89-1bf2-4207-abde-ac2a1a1292c0-GrpcLogAppender: appendEntries Timeout, request=097459af-dbcb-4086-9fa9-59cd3a0cf8f9->0e94ed89-1bf2-4207-abde-ac2a1a1292c0#64-t1, previous=(t:1, i:10), leaderCommit=6, initializing? false, entries: <empty>
2019-09-16 16:19:02,611 [org.apache.ratis.server.impl.LogAppender$AppenderDaemon$$Lambda$522/1014859684@53a80675] ERROR ratis.XceiverServerRatis (XceiverServerRatis.java:triggerPipelineClose(568)) - pipeline Action CLOSE  on pipeline PipelineID=85462b92-2962-46a5-958c-fe35d6209bcf.Reason : 097459af-dbcb-4086-9fa9-59cd3a0cf8f9 has not seen follower/s 0e94ed89-1bf2-4207-abde-ac2a1a1292c0 for 140758ms
2019-09-16 16:19:03,108 [0e94ed89-1bf2-4207-abde-ac2a1a1292c0@group-FE35D6209BCF-SegmentedRaftLogWorker] WARN  segmented.SegmentedRaftLogWorker (SegmentedRaftLogWorker.java:getFromFuture(90)) - Timeout 13/~
org.apache.ratis.protocol.TimeoutIOException: Timeout 10s: WriteLog:8: (t:1, i:8), STATEMACHINELOGENTRY, client-233D76DA14D6, cid=22-writeStateMachineData
	at org.apache.ratis.util.IOUtils.getFromFuture(IOUtils.java:87)
	at org.apache.ratis.server.raftlog.segmented.SegmentedRaftLogWorker$StateMachineDataPolicy.getFromFuture(SegmentedRaftLogWorker.java:87)
	at org.apache.ratis.server.raftlog.segmented.SegmentedRaftLogWorker$WriteLog.execute(SegmentedRaftLogWorker.java:477)
	at org.apache.ratis.server.raftlog.segmented.SegmentedRaftLogWorker.run(SegmentedRaftLogWorker.java:289)
	at java.lang.Thread.run(Thread.java:748)
Caused by: java.util.concurrent.TimeoutException
	at java.util.concurrent.CompletableFuture.timedGet(CompletableFuture.java:1771)
	at java.util.concurrent.CompletableFuture.get(CompletableFuture.java:1915)
	at org.apache.ratis.util.IOUtils.getFromFuture(IOUtils.java:79)
	... 4 more
2019-09-16 16:19:03,110 [java.util.concurrent.ThreadPoolExecutor$Worker@1e3d8202[State = -1, empty queue]] WARN  server.GrpcLogAppender (GrpcLogAppender.java:timeoutAppendRequest(200)) - 097459af-dbcb-4086-9fa9-59cd3a0cf8f9@group-FE35D6209BCF->0e94ed89-1bf2-4207-abde-ac2a1a1292c0-GrpcLogAppender: appendEntries Timeout, request=097459af-dbcb-4086-9fa9-59cd3a0cf8f9->0e94ed89-1bf2-4207-abde-ac2a1a1292c0#65-t1, previous=(t:1, i:10), leaderCommit=6, initializing? false, entries: <empty>
2019-09-16 16:19:03,115 [097459af-dbcb-4086-9fa9-59cd3a0cf8f9@group-FE35D6209BCF-SegmentedRaftLogWorker] WARN  segmented.SegmentedRaftLogWorker (SegmentedRaftLogWorker.java:getFromFuture(90)) - Timeout 13/~
org.apache.ratis.protocol.TimeoutIOException: Timeout 10s: WriteLog:8: (t:1, i:8), STATEMACHINELOGENTRY, client-233D76DA14D6, cid=22-writeStateMachineData
	at org.apache.ratis.util.IOUtils.getFromFuture(IOUtils.java:87)
	at org.apache.ratis.server.raftlog.segmented.SegmentedRaftLogWorker$StateMachineDataPolicy.getFromFuture(SegmentedRaftLogWorker.java:87)
	at org.apache.ratis.server.raftlog.segmented.SegmentedRaftLogWorker$WriteLog.execute(SegmentedRaftLogWorker.java:477)
	at org.apache.ratis.server.raftlog.segmented.SegmentedRaftLogWorker.run(SegmentedRaftLogWorker.java:289)
	at java.lang.Thread.run(Thread.java:748)
Caused by: java.util.concurrent.TimeoutException
	at java.util.concurrent.CompletableFuture.timedGet(CompletableFuture.java:1771)
	at java.util.concurrent.CompletableFuture.get(CompletableFuture.java:1915)
	at org.apache.ratis.util.IOUtils.getFromFuture(IOUtils.java:79)
	... 4 more
2019-09-16 16:19:03,136 [EventQueue-PipelineActionsForPipelineActionHandler] ERROR pipeline.PipelineActionHandler (PipelineActionHandler.java:onMessage(60)) - Received pipeline action CLOSE for Pipeline[ Id: 85462b92-2962-46a5-958c-fe35d6209bcf, Nodes: 097459af-dbcb-4086-9fa9-59cd3a0cf8f9{ip: 192.168.157.233, host: pr-hdds-2120-x62sn-1884063469, networkLocation: /default-rack, certSerialId: null}0e94ed89-1bf2-4207-abde-ac2a1a1292c0{ip: 192.168.157.233, host: pr-hdds-2120-x62sn-1884063469, networkLocation: /default-rack, certSerialId: null}60f39956-bae5-4391-8a23-3e89f20c1839{ip: 192.168.157.233, host: pr-hdds-2120-x62sn-1884063469, networkLocation: /default-rack, certSerialId: null}, Type:RATIS, Factor:THREE, State:CLOSED] from datanode 097459af-dbcb-4086-9fa9-59cd3a0cf8f9{ip: 192.168.157.233, host: pr-hdds-2120-x62sn-1884063469, networkLocation: /default-rack, certSerialId: null}. Reason : 097459af-dbcb-4086-9fa9-59cd3a0cf8f9 has not seen follower/s 0e94ed89-1bf2-4207-abde-ac2a1a1292c0 for 140758ms
2019-09-16 16:19:03,136 [EventQueue-PipelineActionsForPipelineActionHandler] INFO  pipeline.SCMPipelineManager (SCMPipelineManager.java:finalizeAndDestroyPipeline(311)) - destroying pipeline:Pipeline[ Id: 85462b92-2962-46a5-958c-fe35d6209bcf, Nodes: 097459af-dbcb-4086-9fa9-59cd3a0cf8f9{ip: 192.168.157.233, host: pr-hdds-2120-x62sn-1884063469, networkLocation: /default-rack, certSerialId: null}0e94ed89-1bf2-4207-abde-ac2a1a1292c0{ip: 192.168.157.233, host: pr-hdds-2120-x62sn-1884063469, networkLocation: /default-rack, certSerialId: null}60f39956-bae5-4391-8a23-3e89f20c1839{ip: 192.168.157.233, host: pr-hdds-2120-x62sn-1884063469, networkLocation: /default-rack, certSerialId: null}, Type:RATIS, Factor:THREE, State:CLOSED]
2019-09-16 16:19:04,456 [grpc-default-executor-0] INFO  client.GrpcClientProtocolClient (GrpcClientProtocolClient.java:onNext(264)) - client-233D76DA14D6->0e94ed89-1bf2-4207-abde-ac2a1a1292c0: receive RaftClientReply:client-233D76DA14D6->0e94ed89-1bf2-4207-abde-ac2a1a1292c0@group-FE35D6209BCF, cid=21, FAILED org.apache.ratis.protocol.NotLeaderException: Server 0e94ed89-1bf2-4207-abde-ac2a1a1292c0@group-FE35D6209BCF is not the leader 097459af-dbcb-4086-9fa9-59cd3a0cf8f9:192.168.157.233:33970, logIndex=0, commits[0e94ed89-1bf2-4207-abde-ac2a1a1292c0:c6, 097459af-dbcb-4086-9fa9-59cd3a0cf8f9:c6, 60f39956-bae5-4391-8a23-3e89f20c1839:c6]
2019-09-16 16:19:05,111 [org.apache.ratis.server.impl.LogAppender$AppenderDaemon$$Lambda$522/1014859684@53a80675] ERROR ratis.XceiverServerRatis (XceiverServerRatis.java:triggerPipelineClose(568)) - pipeline Action CLOSE  on pipeline PipelineID=85462b92-2962-46a5-958c-fe35d6209bcf.Reason : 097459af-dbcb-4086-9fa9-59cd3a0cf8f9 has not seen follower/s 0e94ed89-1bf2-4207-abde-ac2a1a1292c0 for 143259ms
2019-09-16 16:19:05,134 [EventQueue-PipelineActionsForPipelineActionHandler] ERROR pipeline.PipelineActionHandler (PipelineActionHandler.java:onMessage(60)) - Received pipeline action CLOSE for Pipeline[ Id: 85462b92-2962-46a5-958c-fe35d6209bcf, Nodes: 097459af-dbcb-4086-9fa9-59cd3a0cf8f9{ip: 192.168.157.233, host: pr-hdds-2120-x62sn-1884063469, networkLocation: /default-rack, certSerialId: null}0e94ed89-1bf2-4207-abde-ac2a1a1292c0{ip: 192.168.157.233, host: pr-hdds-2120-x62sn-1884063469, networkLocation: /default-rack, certSerialId: null}60f39956-bae5-4391-8a23-3e89f20c1839{ip: 192.168.157.233, host: pr-hdds-2120-x62sn-1884063469, networkLocation: /default-rack, certSerialId: null}, Type:RATIS, Factor:THREE, State:CLOSED] from datanode 097459af-dbcb-4086-9fa9-59cd3a0cf8f9{ip: 192.168.157.233, host: pr-hdds-2120-x62sn-1884063469, networkLocation: /default-rack, certSerialId: null}. Reason : 097459af-dbcb-4086-9fa9-59cd3a0cf8f9 has not seen follower/s 0e94ed89-1bf2-4207-abde-ac2a1a1292c0 for 143259ms
2019-09-16 16:19:05,136 [EventQueue-PipelineActionsForPipelineActionHandler] INFO  pipeline.SCMPipelineManager (SCMPipelineManager.java:finalizeAndDestroyPipeline(311)) - destroying pipeline:Pipeline[ Id: 85462b92-2962-46a5-958c-fe35d6209bcf, Nodes: 097459af-dbcb-4086-9fa9-59cd3a0cf8f9{ip: 192.168.157.233, host: pr-hdds-2120-x62sn-1884063469, networkLocation: /default-rack, certSerialId: null}0e94ed89-1bf2-4207-abde-ac2a1a1292c0{ip: 192.168.157.233, host: pr-hdds-2120-x62sn-1884063469, networkLocation: /default-rack, certSerialId: null}60f39956-bae5-4391-8a23-3e89f20c1839{ip: 192.168.157.233, host: pr-hdds-2120-x62sn-1884063469, networkLocation: /default-rack, certSerialId: null}, Type:RATIS, Factor:THREE, State:CLOSED]
2019-09-16 16:19:05,611 [java.util.concurrent.ThreadPoolExecutor$Worker@1e3d8202[State = -1, empty queue]] WARN  server.GrpcLogAppender (GrpcLogAppender.java:timeoutAppendRequest(200)) - 097459af-dbcb-4086-9fa9-59cd3a0cf8f9@group-FE35D6209BCF->0e94ed89-1bf2-4207-abde-ac2a1a1292c0-GrpcLogAppender: appendEntries Timeout, request=097459af-dbcb-4086-9fa9-59cd3a0cf8f9->0e94ed89-1bf2-4207-abde-ac2a1a1292c0#66-t1, previous=(t:1, i:10), leaderCommit=6, initializing? false, entries: <empty>
2019-09-16 16:19:07,612 [org.apache.ratis.server.impl.LogAppender$AppenderDaemon$$Lambda$522/1014859684@53a80675] ERROR ratis.XceiverServerRatis (XceiverServerRatis.java:triggerPipelineClose(568)) - pipeline Action CLOSE  on pipeline PipelineID=85462b92-2962-46a5-958c-fe35d6209bcf.Reason : 097459af-dbcb-4086-9fa9-59cd3a0cf8f9 has not seen follower/s 0e94ed89-1bf2-4207-abde-ac2a1a1292c0 for 145760ms
2019-09-16 16:19:08,111 [java.util.concurrent.ThreadPoolExecutor$Worker@1e3d8202[State = -1, empty queue]] WARN  server.GrpcLogAppender (GrpcLogAppender.java:timeoutAppendRequest(200)) - 097459af-dbcb-4086-9fa9-59cd3a0cf8f9@group-FE35D6209BCF->0e94ed89-1bf2-4207-abde-ac2a1a1292c0-GrpcLogAppender: appendEntries Timeout, request=097459af-dbcb-4086-9fa9-59cd3a0cf8f9->0e94ed89-1bf2-4207-abde-ac2a1a1292c0#67-t1, previous=(t:1, i:10), leaderCommit=6, initializing? false, entries: <empty>
2019-09-16 16:19:08,134 [EventQueue-PipelineActionsForPipelineActionHandler] ERROR pipeline.PipelineActionHandler (PipelineActionHandler.java:onMessage(60)) - Received pipeline action CLOSE for Pipeline[ Id: 85462b92-2962-46a5-958c-fe35d6209bcf, Nodes: 097459af-dbcb-4086-9fa9-59cd3a0cf8f9{ip: 192.168.157.233, host: pr-hdds-2120-x62sn-1884063469, networkLocation: /default-rack, certSerialId: null}0e94ed89-1bf2-4207-abde-ac2a1a1292c0{ip: 192.168.157.233, host: pr-hdds-2120-x62sn-1884063469, networkLocation: /default-rack, certSerialId: null}60f39956-bae5-4391-8a23-3e89f20c1839{ip: 192.168.157.233, host: pr-hdds-2120-x62sn-1884063469, networkLocation: /default-rack, certSerialId: null}, Type:RATIS, Factor:THREE, State:CLOSED] from datanode 097459af-dbcb-4086-9fa9-59cd3a0cf8f9{ip: 192.168.157.233, host: pr-hdds-2120-x62sn-1884063469, networkLocation: /default-rack, certSerialId: null}. Reason : 097459af-dbcb-4086-9fa9-59cd3a0cf8f9 has not seen follower/s 0e94ed89-1bf2-4207-abde-ac2a1a1292c0 for 145760ms
2019-09-16 16:19:08,135 [EventQueue-PipelineActionsForPipelineActionHandler] INFO  pipeline.SCMPipelineManager (SCMPipelineManager.java:finalizeAndDestroyPipeline(311)) - destroying pipeline:Pipeline[ Id: 85462b92-2962-46a5-958c-fe35d6209bcf, Nodes: 097459af-dbcb-4086-9fa9-59cd3a0cf8f9{ip: 192.168.157.233, host: pr-hdds-2120-x62sn-1884063469, networkLocation: /default-rack, certSerialId: null}0e94ed89-1bf2-4207-abde-ac2a1a1292c0{ip: 192.168.157.233, host: pr-hdds-2120-x62sn-1884063469, networkLocation: /default-rack, certSerialId: null}60f39956-bae5-4391-8a23-3e89f20c1839{ip: 192.168.157.233, host: pr-hdds-2120-x62sn-1884063469, networkLocation: /default-rack, certSerialId: null}, Type:RATIS, Factor:THREE, State:CLOSED]
2019-09-16 16:19:09,520 [grpc-default-executor-1] INFO  client.GrpcClientProtocolClient (GrpcClientProtocolClient.java:onNext(264)) - client-233D76DA14D6->0e94ed89-1bf2-4207-abde-ac2a1a1292c0: receive RaftClientReply:client-233D76DA14D6->0e94ed89-1bf2-4207-abde-ac2a1a1292c0@group-FE35D6209BCF, cid=21, FAILED org.apache.ratis.protocol.NotLeaderException: Server 0e94ed89-1bf2-4207-abde-ac2a1a1292c0@group-FE35D6209BCF is not the leader 097459af-dbcb-4086-9fa9-59cd3a0cf8f9:192.168.157.233:33970, logIndex=0, commits[0e94ed89-1bf2-4207-abde-ac2a1a1292c0:c6, 097459af-dbcb-4086-9fa9-59cd3a0cf8f9:c6, 60f39956-bae5-4391-8a23-3e89f20c1839:c6]
2019-09-16 16:19:10,113 [org.apache.ratis.server.impl.LogAppender$AppenderDaemon$$Lambda$522/1014859684@53a80675] ERROR ratis.XceiverServerRatis (XceiverServerRatis.java:triggerPipelineClose(568)) - pipeline Action CLOSE  on pipeline PipelineID=85462b92-2962-46a5-958c-fe35d6209bcf.Reason : 097459af-dbcb-4086-9fa9-59cd3a0cf8f9 has not seen follower/s 0e94ed89-1bf2-4207-abde-ac2a1a1292c0 for 148261ms
2019-09-16 16:19:10,134 [EventQueue-PipelineActionsForPipelineActionHandler] ERROR pipeline.PipelineActionHandler (PipelineActionHandler.java:onMessage(60)) - Received pipeline action CLOSE for Pipeline[ Id: 85462b92-2962-46a5-958c-fe35d6209bcf, Nodes: 097459af-dbcb-4086-9fa9-59cd3a0cf8f9{ip: 192.168.157.233, host: pr-hdds-2120-x62sn-1884063469, networkLocation: /default-rack, certSerialId: null}0e94ed89-1bf2-4207-abde-ac2a1a1292c0{ip: 192.168.157.233, host: pr-hdds-2120-x62sn-1884063469, networkLocation: /default-rack, certSerialId: null}60f39956-bae5-4391-8a23-3e89f20c1839{ip: 192.168.157.233, host: pr-hdds-2120-x62sn-1884063469, networkLocation: /default-rack, certSerialId: null}, Type:RATIS, Factor:THREE, State:CLOSED] from datanode 097459af-dbcb-4086-9fa9-59cd3a0cf8f9{ip: 192.168.157.233, host: pr-hdds-2120-x62sn-1884063469, networkLocation: /default-rack, certSerialId: null}. Reason : 097459af-dbcb-4086-9fa9-59cd3a0cf8f9 has not seen follower/s 0e94ed89-1bf2-4207-abde-ac2a1a1292c0 for 148261ms
2019-09-16 16:19:10,137 [EventQueue-PipelineActionsForPipelineActionHandler] INFO  pipeline.SCMPipelineManager (SCMPipelineManager.java:finalizeAndDestroyPipeline(311)) - destroying pipeline:Pipeline[ Id: 85462b92-2962-46a5-958c-fe35d6209bcf, Nodes: 097459af-dbcb-4086-9fa9-59cd3a0cf8f9{ip: 192.168.157.233, host: pr-hdds-2120-x62sn-1884063469, networkLocation: /default-rack, certSerialId: null}0e94ed89-1bf2-4207-abde-ac2a1a1292c0{ip: 192.168.157.233, host: pr-hdds-2120-x62sn-1884063469, networkLocation: /default-rack, certSerialId: null}60f39956-bae5-4391-8a23-3e89f20c1839{ip: 192.168.157.233, host: pr-hdds-2120-x62sn-1884063469, networkLocation: /default-rack, certSerialId: null}, Type:RATIS, Factor:THREE, State:CLOSED]
2019-09-16 16:19:10,612 [java.util.concurrent.ThreadPoolExecutor$Worker@1e3d8202[State = -1, empty queue]] WARN  server.GrpcLogAppender (GrpcLogAppender.java:timeoutAppendRequest(200)) - 097459af-dbcb-4086-9fa9-59cd3a0cf8f9@group-FE35D6209BCF->0e94ed89-1bf2-4207-abde-ac2a1a1292c0-GrpcLogAppender: appendEntries Timeout, request=097459af-dbcb-4086-9fa9-59cd3a0cf8f9->0e94ed89-1bf2-4207-abde-ac2a1a1292c0#68-t1, previous=(t:1, i:10), leaderCommit=6, initializing? false, entries: <empty>
2019-09-16 16:19:12,614 [org.apache.ratis.server.impl.LogAppender$AppenderDaemon$$Lambda$522/1014859684@53a80675] ERROR ratis.XceiverServerRatis (XceiverServerRatis.java:triggerPipelineClose(568)) - pipeline Action CLOSE  on pipeline PipelineID=85462b92-2962-46a5-958c-fe35d6209bcf.Reason : 097459af-dbcb-4086-9fa9-59cd3a0cf8f9 has not seen follower/s 0e94ed89-1bf2-4207-abde-ac2a1a1292c0 for 150762ms
2019-09-16 16:19:13,109 [0e94ed89-1bf2-4207-abde-ac2a1a1292c0@group-FE35D6209BCF-SegmentedRaftLogWorker] WARN  segmented.SegmentedRaftLogWorker (SegmentedRaftLogWorker.java:getFromFuture(90)) - Timeout 14/~
org.apache.ratis.protocol.TimeoutIOException: Timeout 10s: WriteLog:8: (t:1, i:8), STATEMACHINELOGENTRY, client-233D76DA14D6, cid=22-writeStateMachineData
	at org.apache.ratis.util.IOUtils.getFromFuture(IOUtils.java:87)
	at org.apache.ratis.server.raftlog.segmented.SegmentedRaftLogWorker$StateMachineDataPolicy.getFromFuture(SegmentedRaftLogWorker.java:87)
	at org.apache.ratis.server.raftlog.segmented.SegmentedRaftLogWorker$WriteLog.execute(SegmentedRaftLogWorker.java:477)
	at org.apache.ratis.server.raftlog.segmented.SegmentedRaftLogWorker.run(SegmentedRaftLogWorker.java:289)
	at java.lang.Thread.run(Thread.java:748)
Caused by: java.util.concurrent.TimeoutException
	at java.util.concurrent.CompletableFuture.timedGet(CompletableFuture.java:1771)
	at java.util.concurrent.CompletableFuture.get(CompletableFuture.java:1915)
	at org.apache.ratis.util.IOUtils.getFromFuture(IOUtils.java:79)
	... 4 more
2019-09-16 16:19:13,113 [java.util.concurrent.ThreadPoolExecutor$Worker@1e3d8202[State = -1, empty queue]] WARN  server.GrpcLogAppender (GrpcLogAppender.java:timeoutAppendRequest(200)) - 097459af-dbcb-4086-9fa9-59cd3a0cf8f9@group-FE35D6209BCF->0e94ed89-1bf2-4207-abde-ac2a1a1292c0-GrpcLogAppender: appendEntries Timeout, request=097459af-dbcb-4086-9fa9-59cd3a0cf8f9->0e94ed89-1bf2-4207-abde-ac2a1a1292c0#69-t1, previous=(t:1, i:10), leaderCommit=6, initializing? false, entries: <empty>
2019-09-16 16:19:13,116 [097459af-dbcb-4086-9fa9-59cd3a0cf8f9@group-FE35D6209BCF-SegmentedRaftLogWorker] WARN  segmented.SegmentedRaftLogWorker (SegmentedRaftLogWorker.java:getFromFuture(90)) - Timeout 14/~
org.apache.ratis.protocol.TimeoutIOException: Timeout 10s: WriteLog:8: (t:1, i:8), STATEMACHINELOGENTRY, client-233D76DA14D6, cid=22-writeStateMachineData
	at org.apache.ratis.util.IOUtils.getFromFuture(IOUtils.java:87)
	at org.apache.ratis.server.raftlog.segmented.SegmentedRaftLogWorker$StateMachineDataPolicy.getFromFuture(SegmentedRaftLogWorker.java:87)
	at org.apache.ratis.server.raftlog.segmented.SegmentedRaftLogWorker$WriteLog.execute(SegmentedRaftLogWorker.java:477)
	at org.apache.ratis.server.raftlog.segmented.SegmentedRaftLogWorker.run(SegmentedRaftLogWorker.java:289)
	at java.lang.Thread.run(Thread.java:748)
Caused by: java.util.concurrent.TimeoutException
	at java.util.concurrent.CompletableFuture.timedGet(CompletableFuture.java:1771)
	at java.util.concurrent.CompletableFuture.get(CompletableFuture.java:1915)
	at org.apache.ratis.util.IOUtils.getFromFuture(IOUtils.java:79)
	... 4 more
2019-09-16 16:19:13,134 [EventQueue-PipelineActionsForPipelineActionHandler] ERROR pipeline.PipelineActionHandler (PipelineActionHandler.java:onMessage(60)) - Received pipeline action CLOSE for Pipeline[ Id: 85462b92-2962-46a5-958c-fe35d6209bcf, Nodes: 097459af-dbcb-4086-9fa9-59cd3a0cf8f9{ip: 192.168.157.233, host: pr-hdds-2120-x62sn-1884063469, networkLocation: /default-rack, certSerialId: null}0e94ed89-1bf2-4207-abde-ac2a1a1292c0{ip: 192.168.157.233, host: pr-hdds-2120-x62sn-1884063469, networkLocation: /default-rack, certSerialId: null}60f39956-bae5-4391-8a23-3e89f20c1839{ip: 192.168.157.233, host: pr-hdds-2120-x62sn-1884063469, networkLocation: /default-rack, certSerialId: null}, Type:RATIS, Factor:THREE, State:CLOSED] from datanode 097459af-dbcb-4086-9fa9-59cd3a0cf8f9{ip: 192.168.157.233, host: pr-hdds-2120-x62sn-1884063469, networkLocation: /default-rack, certSerialId: null}. Reason : 097459af-dbcb-4086-9fa9-59cd3a0cf8f9 has not seen follower/s 0e94ed89-1bf2-4207-abde-ac2a1a1292c0 for 150762ms
2019-09-16 16:19:13,134 [EventQueue-PipelineActionsForPipelineActionHandler] INFO  pipeline.SCMPipelineManager (SCMPipelineManager.java:finalizeAndDestroyPipeline(311)) - destroying pipeline:Pipeline[ Id: 85462b92-2962-46a5-958c-fe35d6209bcf, Nodes: 097459af-dbcb-4086-9fa9-59cd3a0cf8f9{ip: 192.168.157.233, host: pr-hdds-2120-x62sn-1884063469, networkLocation: /default-rack, certSerialId: null}0e94ed89-1bf2-4207-abde-ac2a1a1292c0{ip: 192.168.157.233, host: pr-hdds-2120-x62sn-1884063469, networkLocation: /default-rack, certSerialId: null}60f39956-bae5-4391-8a23-3e89f20c1839{ip: 192.168.157.233, host: pr-hdds-2120-x62sn-1884063469, networkLocation: /default-rack, certSerialId: null}, Type:RATIS, Factor:THREE, State:CLOSED]
2019-09-16 16:19:14,581 [grpc-default-executor-1] INFO  client.GrpcClientProtocolClient (GrpcClientProtocolClient.java:onNext(264)) - client-233D76DA14D6->60f39956-bae5-4391-8a23-3e89f20c1839: receive RaftClientReply:client-233D76DA14D6->60f39956-bae5-4391-8a23-3e89f20c1839@group-FE35D6209BCF, cid=21, FAILED org.apache.ratis.protocol.NotLeaderException: Server 60f39956-bae5-4391-8a23-3e89f20c1839@group-FE35D6209BCF is not the leader 097459af-dbcb-4086-9fa9-59cd3a0cf8f9:192.168.157.233:33970, logIndex=0, commits[60f39956-bae5-4391-8a23-3e89f20c1839:c6, 0e94ed89-1bf2-4207-abde-ac2a1a1292c0:c4, 097459af-dbcb-4086-9fa9-59cd3a0cf8f9:c6]
2019-09-16 16:19:15,115 [org.apache.ratis.server.impl.LogAppender$AppenderDaemon$$Lambda$522/1014859684@53a80675] ERROR ratis.XceiverServerRatis (XceiverServerRatis.java:triggerPipelineClose(568)) - pipeline Action CLOSE  on pipeline PipelineID=85462b92-2962-46a5-958c-fe35d6209bcf.Reason : 097459af-dbcb-4086-9fa9-59cd3a0cf8f9 has not seen follower/s 0e94ed89-1bf2-4207-abde-ac2a1a1292c0 for 153262ms
2019-09-16 16:19:15,134 [EventQueue-PipelineActionsForPipelineActionHandler] ERROR pipeline.PipelineActionHandler (PipelineActionHandler.java:onMessage(60)) - Received pipeline action CLOSE for Pipeline[ Id: 85462b92-2962-46a5-958c-fe35d6209bcf, Nodes: 097459af-dbcb-4086-9fa9-59cd3a0cf8f9{ip: 192.168.157.233, host: pr-hdds-2120-x62sn-1884063469, networkLocation: /default-rack, certSerialId: null}0e94ed89-1bf2-4207-abde-ac2a1a1292c0{ip: 192.168.157.233, host: pr-hdds-2120-x62sn-1884063469, networkLocation: /default-rack, certSerialId: null}60f39956-bae5-4391-8a23-3e89f20c1839{ip: 192.168.157.233, host: pr-hdds-2120-x62sn-1884063469, networkLocation: /default-rack, certSerialId: null}, Type:RATIS, Factor:THREE, State:CLOSED] from datanode 097459af-dbcb-4086-9fa9-59cd3a0cf8f9{ip: 192.168.157.233, host: pr-hdds-2120-x62sn-1884063469, networkLocation: /default-rack, certSerialId: null}. Reason : 097459af-dbcb-4086-9fa9-59cd3a0cf8f9 has not seen follower/s 0e94ed89-1bf2-4207-abde-ac2a1a1292c0 for 153262ms
2019-09-16 16:19:15,137 [EventQueue-PipelineActionsForPipelineActionHandler] INFO  pipeline.SCMPipelineManager (SCMPipelineManager.java:finalizeAndDestroyPipeline(311)) - destroying pipeline:Pipeline[ Id: 85462b92-2962-46a5-958c-fe35d6209bcf, Nodes: 097459af-dbcb-4086-9fa9-59cd3a0cf8f9{ip: 192.168.157.233, host: pr-hdds-2120-x62sn-1884063469, networkLocation: /default-rack, certSerialId: null}0e94ed89-1bf2-4207-abde-ac2a1a1292c0{ip: 192.168.157.233, host: pr-hdds-2120-x62sn-1884063469, networkLocation: /default-rack, certSerialId: null}60f39956-bae5-4391-8a23-3e89f20c1839{ip: 192.168.157.233, host: pr-hdds-2120-x62sn-1884063469, networkLocation: /default-rack, certSerialId: null}, Type:RATIS, Factor:THREE, State:CLOSED]
2019-09-16 16:19:15,614 [java.util.concurrent.ThreadPoolExecutor$Worker@1e3d8202[State = -1, empty queue]] WARN  server.GrpcLogAppender (GrpcLogAppender.java:timeoutAppendRequest(200)) - 097459af-dbcb-4086-9fa9-59cd3a0cf8f9@group-FE35D6209BCF->0e94ed89-1bf2-4207-abde-ac2a1a1292c0-GrpcLogAppender: appendEntries Timeout, request=097459af-dbcb-4086-9fa9-59cd3a0cf8f9->0e94ed89-1bf2-4207-abde-ac2a1a1292c0#70-t1, previous=(t:1, i:10), leaderCommit=6, initializing? false, entries: <empty>
2019-09-16 16:19:17,617 [org.apache.ratis.server.impl.LogAppender$AppenderDaemon$$Lambda$522/1014859684@53a80675] ERROR ratis.XceiverServerRatis (XceiverServerRatis.java:triggerPipelineClose(568)) - pipeline Action CLOSE  on pipeline PipelineID=85462b92-2962-46a5-958c-fe35d6209bcf.Reason : 097459af-dbcb-4086-9fa9-59cd3a0cf8f9 has not seen follower/s 0e94ed89-1bf2-4207-abde-ac2a1a1292c0 for 155764ms
2019-09-16 16:19:18,115 [java.util.concurrent.ThreadPoolExecutor$Worker@1e3d8202[State = -1, empty queue]] WARN  server.GrpcLogAppender (GrpcLogAppender.java:timeoutAppendRequest(200)) - 097459af-dbcb-4086-9fa9-59cd3a0cf8f9@group-FE35D6209BCF->0e94ed89-1bf2-4207-abde-ac2a1a1292c0-GrpcLogAppender: appendEntries Timeout, request=097459af-dbcb-4086-9fa9-59cd3a0cf8f9->0e94ed89-1bf2-4207-abde-ac2a1a1292c0#71-t1, previous=(t:1, i:10), leaderCommit=6, initializing? false, entries: <empty>
2019-09-16 16:19:18,135 [EventQueue-PipelineActionsForPipelineActionHandler] ERROR pipeline.PipelineActionHandler (PipelineActionHandler.java:onMessage(60)) - Received pipeline action CLOSE for Pipeline[ Id: 85462b92-2962-46a5-958c-fe35d6209bcf, Nodes: 097459af-dbcb-4086-9fa9-59cd3a0cf8f9{ip: 192.168.157.233, host: pr-hdds-2120-x62sn-1884063469, networkLocation: /default-rack, certSerialId: null}0e94ed89-1bf2-4207-abde-ac2a1a1292c0{ip: 192.168.157.233, host: pr-hdds-2120-x62sn-1884063469, networkLocation: /default-rack, certSerialId: null}60f39956-bae5-4391-8a23-3e89f20c1839{ip: 192.168.157.233, host: pr-hdds-2120-x62sn-1884063469, networkLocation: /default-rack, certSerialId: null}, Type:RATIS, Factor:THREE, State:CLOSED] from datanode 097459af-dbcb-4086-9fa9-59cd3a0cf8f9{ip: 192.168.157.233, host: pr-hdds-2120-x62sn-1884063469, networkLocation: /default-rack, certSerialId: null}. Reason : 097459af-dbcb-4086-9fa9-59cd3a0cf8f9 has not seen follower/s 0e94ed89-1bf2-4207-abde-ac2a1a1292c0 for 155764ms
2019-09-16 16:19:18,135 [EventQueue-PipelineActionsForPipelineActionHandler] INFO  pipeline.SCMPipelineManager (SCMPipelineManager.java:finalizeAndDestroyPipeline(311)) - destroying pipeline:Pipeline[ Id: 85462b92-2962-46a5-958c-fe35d6209bcf, Nodes: 097459af-dbcb-4086-9fa9-59cd3a0cf8f9{ip: 192.168.157.233, host: pr-hdds-2120-x62sn-1884063469, networkLocation: /default-rack, certSerialId: null}0e94ed89-1bf2-4207-abde-ac2a1a1292c0{ip: 192.168.157.233, host: pr-hdds-2120-x62sn-1884063469, networkLocation: /default-rack, certSerialId: null}60f39956-bae5-4391-8a23-3e89f20c1839{ip: 192.168.157.233, host: pr-hdds-2120-x62sn-1884063469, networkLocation: /default-rack, certSerialId: null}, Type:RATIS, Factor:THREE, State:CLOSED]
2019-09-16 16:19:19,624 [grpc-default-executor-0] INFO  client.GrpcClientProtocolClient (GrpcClientProtocolClient.java:onNext(264)) - client-233D76DA14D6->60f39956-bae5-4391-8a23-3e89f20c1839: receive RaftClientReply:client-233D76DA14D6->60f39956-bae5-4391-8a23-3e89f20c1839@group-FE35D6209BCF, cid=21, FAILED org.apache.ratis.protocol.NotLeaderException: Server 60f39956-bae5-4391-8a23-3e89f20c1839@group-FE35D6209BCF is not the leader 097459af-dbcb-4086-9fa9-59cd3a0cf8f9:192.168.157.233:33970, logIndex=0, commits[60f39956-bae5-4391-8a23-3e89f20c1839:c6, 0e94ed89-1bf2-4207-abde-ac2a1a1292c0:c4, 097459af-dbcb-4086-9fa9-59cd3a0cf8f9:c6]
2019-09-16 16:19:20,118 [org.apache.ratis.server.impl.LogAppender$AppenderDaemon$$Lambda$522/1014859684@53a80675] ERROR ratis.XceiverServerRatis (XceiverServerRatis.java:triggerPipelineClose(568)) - pipeline Action CLOSE  on pipeline PipelineID=85462b92-2962-46a5-958c-fe35d6209bcf.Reason : 097459af-dbcb-4086-9fa9-59cd3a0cf8f9 has not seen follower/s 0e94ed89-1bf2-4207-abde-ac2a1a1292c0 for 158265ms
2019-09-16 16:19:20,135 [EventQueue-PipelineActionsForPipelineActionHandler] ERROR pipeline.PipelineActionHandler (PipelineActionHandler.java:onMessage(60)) - Received pipeline action CLOSE for Pipeline[ Id: 85462b92-2962-46a5-958c-fe35d6209bcf, Nodes: 097459af-dbcb-4086-9fa9-59cd3a0cf8f9{ip: 192.168.157.233, host: pr-hdds-2120-x62sn-1884063469, networkLocation: /default-rack, certSerialId: null}0e94ed89-1bf2-4207-abde-ac2a1a1292c0{ip: 192.168.157.233, host: pr-hdds-2120-x62sn-1884063469, networkLocation: /default-rack, certSerialId: null}60f39956-bae5-4391-8a23-3e89f20c1839{ip: 192.168.157.233, host: pr-hdds-2120-x62sn-1884063469, networkLocation: /default-rack, certSerialId: null}, Type:RATIS, Factor:THREE, State:CLOSED] from datanode 097459af-dbcb-4086-9fa9-59cd3a0cf8f9{ip: 192.168.157.233, host: pr-hdds-2120-x62sn-1884063469, networkLocation: /default-rack, certSerialId: null}. Reason : 097459af-dbcb-4086-9fa9-59cd3a0cf8f9 has not seen follower/s 0e94ed89-1bf2-4207-abde-ac2a1a1292c0 for 158265ms
2019-09-16 16:19:20,135 [EventQueue-PipelineActionsForPipelineActionHandler] INFO  pipeline.SCMPipelineManager (SCMPipelineManager.java:finalizeAndDestroyPipeline(311)) - destroying pipeline:Pipeline[ Id: 85462b92-2962-46a5-958c-fe35d6209bcf, Nodes: 097459af-dbcb-4086-9fa9-59cd3a0cf8f9{ip: 192.168.157.233, host: pr-hdds-2120-x62sn-1884063469, networkLocation: /default-rack, certSerialId: null}0e94ed89-1bf2-4207-abde-ac2a1a1292c0{ip: 192.168.157.233, host: pr-hdds-2120-x62sn-1884063469, networkLocation: /default-rack, certSerialId: null}60f39956-bae5-4391-8a23-3e89f20c1839{ip: 192.168.157.233, host: pr-hdds-2120-x62sn-1884063469, networkLocation: /default-rack, certSerialId: null}, Type:RATIS, Factor:THREE, State:CLOSED]
2019-09-16 16:19:20,617 [java.util.concurrent.ThreadPoolExecutor$Worker@1e3d8202[State = -1, empty queue]] WARN  server.GrpcLogAppender (GrpcLogAppender.java:timeoutAppendRequest(200)) - 097459af-dbcb-4086-9fa9-59cd3a0cf8f9@group-FE35D6209BCF->0e94ed89-1bf2-4207-abde-ac2a1a1292c0-GrpcLogAppender: appendEntries Timeout, request=097459af-dbcb-4086-9fa9-59cd3a0cf8f9->0e94ed89-1bf2-4207-abde-ac2a1a1292c0#72-t1, previous=(t:1, i:10), leaderCommit=6, initializing? false, entries: <empty>
2019-09-16 16:19:22,619 [org.apache.ratis.server.impl.LogAppender$AppenderDaemon$$Lambda$522/1014859684@53a80675] ERROR ratis.XceiverServerRatis (XceiverServerRatis.java:triggerPipelineClose(568)) - pipeline Action CLOSE  on pipeline PipelineID=85462b92-2962-46a5-958c-fe35d6209bcf.Reason : 097459af-dbcb-4086-9fa9-59cd3a0cf8f9 has not seen follower/s 0e94ed89-1bf2-4207-abde-ac2a1a1292c0 for 160766ms
2019-09-16 16:19:23,110 [0e94ed89-1bf2-4207-abde-ac2a1a1292c0@group-FE35D6209BCF-SegmentedRaftLogWorker] WARN  segmented.SegmentedRaftLogWorker (SegmentedRaftLogWorker.java:getFromFuture(90)) - Timeout 15/~
org.apache.ratis.protocol.TimeoutIOException: Timeout 10s: WriteLog:8: (t:1, i:8), STATEMACHINELOGENTRY, client-233D76DA14D6, cid=22-writeStateMachineData
	at org.apache.ratis.util.IOUtils.getFromFuture(IOUtils.java:87)
	at org.apache.ratis.server.raftlog.segmented.SegmentedRaftLogWorker$StateMachineDataPolicy.getFromFuture(SegmentedRaftLogWorker.java:87)
	at org.apache.ratis.server.raftlog.segmented.SegmentedRaftLogWorker$WriteLog.execute(SegmentedRaftLogWorker.java:477)
	at org.apache.ratis.server.raftlog.segmented.SegmentedRaftLogWorker.run(SegmentedRaftLogWorker.java:289)
	at java.lang.Thread.run(Thread.java:748)
Caused by: java.util.concurrent.TimeoutException
	at java.util.concurrent.CompletableFuture.timedGet(CompletableFuture.java:1771)
	at java.util.concurrent.CompletableFuture.get(CompletableFuture.java:1915)
	at org.apache.ratis.util.IOUtils.getFromFuture(IOUtils.java:79)
	... 4 more
2019-09-16 16:19:23,117 [097459af-dbcb-4086-9fa9-59cd3a0cf8f9@group-FE35D6209BCF-SegmentedRaftLogWorker] WARN  segmented.SegmentedRaftLogWorker (SegmentedRaftLogWorker.java:getFromFuture(90)) - Timeout 15/~
org.apache.ratis.protocol.TimeoutIOException: Timeout 10s: WriteLog:8: (t:1, i:8), STATEMACHINELOGENTRY, client-233D76DA14D6, cid=22-writeStateMachineData
	at org.apache.ratis.util.IOUtils.getFromFuture(IOUtils.java:87)
	at org.apache.ratis.server.raftlog.segmented.SegmentedRaftLogWorker$StateMachineDataPolicy.getFromFuture(SegmentedRaftLogWorker.java:87)
	at org.apache.ratis.server.raftlog.segmented.SegmentedRaftLogWorker$WriteLog.execute(SegmentedRaftLogWorker.java:477)
	at org.apache.ratis.server.raftlog.segmented.SegmentedRaftLogWorker.run(SegmentedRaftLogWorker.java:289)
	at java.lang.Thread.run(Thread.java:748)
Caused by: java.util.concurrent.TimeoutException
	at java.util.concurrent.CompletableFuture.timedGet(CompletableFuture.java:1771)
	at java.util.concurrent.CompletableFuture.get(CompletableFuture.java:1915)
	at org.apache.ratis.util.IOUtils.getFromFuture(IOUtils.java:79)
	... 4 more
2019-09-16 16:19:23,120 [java.util.concurrent.ThreadPoolExecutor$Worker@1e3d8202[State = -1, empty queue]] WARN  server.GrpcLogAppender (GrpcLogAppender.java:timeoutAppendRequest(200)) - 097459af-dbcb-4086-9fa9-59cd3a0cf8f9@group-FE35D6209BCF->0e94ed89-1bf2-4207-abde-ac2a1a1292c0-GrpcLogAppender: appendEntries Timeout, request=097459af-dbcb-4086-9fa9-59cd3a0cf8f9->0e94ed89-1bf2-4207-abde-ac2a1a1292c0#73-t1, previous=(t:1, i:10), leaderCommit=6, initializing? false, entries: <empty>
2019-09-16 16:19:23,135 [EventQueue-PipelineActionsForPipelineActionHandler] ERROR pipeline.PipelineActionHandler (PipelineActionHandler.java:onMessage(60)) - Received pipeline action CLOSE for Pipeline[ Id: 85462b92-2962-46a5-958c-fe35d6209bcf, Nodes: 097459af-dbcb-4086-9fa9-59cd3a0cf8f9{ip: 192.168.157.233, host: pr-hdds-2120-x62sn-1884063469, networkLocation: /default-rack, certSerialId: null}0e94ed89-1bf2-4207-abde-ac2a1a1292c0{ip: 192.168.157.233, host: pr-hdds-2120-x62sn-1884063469, networkLocation: /default-rack, certSerialId: null}60f39956-bae5-4391-8a23-3e89f20c1839{ip: 192.168.157.233, host: pr-hdds-2120-x62sn-1884063469, networkLocation: /default-rack, certSerialId: null}, Type:RATIS, Factor:THREE, State:CLOSED] from datanode 097459af-dbcb-4086-9fa9-59cd3a0cf8f9{ip: 192.168.157.233, host: pr-hdds-2120-x62sn-1884063469, networkLocation: /default-rack, certSerialId: null}. Reason : 097459af-dbcb-4086-9fa9-59cd3a0cf8f9 has not seen follower/s 0e94ed89-1bf2-4207-abde-ac2a1a1292c0 for 160766ms
2019-09-16 16:19:23,135 [EventQueue-PipelineActionsForPipelineActionHandler] INFO  pipeline.SCMPipelineManager (SCMPipelineManager.java:finalizeAndDestroyPipeline(311)) - destroying pipeline:Pipeline[ Id: 85462b92-2962-46a5-958c-fe35d6209bcf, Nodes: 097459af-dbcb-4086-9fa9-59cd3a0cf8f9{ip: 192.168.157.233, host: pr-hdds-2120-x62sn-1884063469, networkLocation: /default-rack, certSerialId: null}0e94ed89-1bf2-4207-abde-ac2a1a1292c0{ip: 192.168.157.233, host: pr-hdds-2120-x62sn-1884063469, networkLocation: /default-rack, certSerialId: null}60f39956-bae5-4391-8a23-3e89f20c1839{ip: 192.168.157.233, host: pr-hdds-2120-x62sn-1884063469, networkLocation: /default-rack, certSerialId: null}, Type:RATIS, Factor:THREE, State:CLOSED]
2019-09-16 16:19:24,664 [grpc-default-executor-0] INFO  client.GrpcClientProtocolClient (GrpcClientProtocolClient.java:onNext(264)) - client-233D76DA14D6->0e94ed89-1bf2-4207-abde-ac2a1a1292c0: receive RaftClientReply:client-233D76DA14D6->0e94ed89-1bf2-4207-abde-ac2a1a1292c0@group-FE35D6209BCF, cid=21, FAILED org.apache.ratis.protocol.NotLeaderException: Server 0e94ed89-1bf2-4207-abde-ac2a1a1292c0@group-FE35D6209BCF is not the leader 097459af-dbcb-4086-9fa9-59cd3a0cf8f9:192.168.157.233:33970, logIndex=0, commits[0e94ed89-1bf2-4207-abde-ac2a1a1292c0:c6, 097459af-dbcb-4086-9fa9-59cd3a0cf8f9:c6, 60f39956-bae5-4391-8a23-3e89f20c1839:c6]
2019-09-16 16:19:25,119 [org.apache.ratis.server.impl.LogAppender$AppenderDaemon$$Lambda$522/1014859684@53a80675] ERROR ratis.XceiverServerRatis (XceiverServerRatis.java:triggerPipelineClose(568)) - pipeline Action CLOSE  on pipeline PipelineID=85462b92-2962-46a5-958c-fe35d6209bcf.Reason : 097459af-dbcb-4086-9fa9-59cd3a0cf8f9 has not seen follower/s 0e94ed89-1bf2-4207-abde-ac2a1a1292c0 for 163267ms
2019-09-16 16:19:25,136 [EventQueue-PipelineActionsForPipelineActionHandler] ERROR pipeline.PipelineActionHandler (PipelineActionHandler.java:onMessage(60)) - Received pipeline action CLOSE for Pipeline[ Id: 85462b92-2962-46a5-958c-fe35d6209bcf, Nodes: 097459af-dbcb-4086-9fa9-59cd3a0cf8f9{ip: 192.168.157.233, host: pr-hdds-2120-x62sn-1884063469, networkLocation: /default-rack, certSerialId: null}0e94ed89-1bf2-4207-abde-ac2a1a1292c0{ip: 192.168.157.233, host: pr-hdds-2120-x62sn-1884063469, networkLocation: /default-rack, certSerialId: null}60f39956-bae5-4391-8a23-3e89f20c1839{ip: 192.168.157.233, host: pr-hdds-2120-x62sn-1884063469, networkLocation: /default-rack, certSerialId: null}, Type:RATIS, Factor:THREE, State:CLOSED] from datanode 097459af-dbcb-4086-9fa9-59cd3a0cf8f9{ip: 192.168.157.233, host: pr-hdds-2120-x62sn-1884063469, networkLocation: /default-rack, certSerialId: null}. Reason : 097459af-dbcb-4086-9fa9-59cd3a0cf8f9 has not seen follower/s 0e94ed89-1bf2-4207-abde-ac2a1a1292c0 for 163267ms
2019-09-16 16:19:25,136 [EventQueue-PipelineActionsForPipelineActionHandler] INFO  pipeline.SCMPipelineManager (SCMPipelineManager.java:finalizeAndDestroyPipeline(311)) - destroying pipeline:Pipeline[ Id: 85462b92-2962-46a5-958c-fe35d6209bcf, Nodes: 097459af-dbcb-4086-9fa9-59cd3a0cf8f9{ip: 192.168.157.233, host: pr-hdds-2120-x62sn-1884063469, networkLocation: /default-rack, certSerialId: null}0e94ed89-1bf2-4207-abde-ac2a1a1292c0{ip: 192.168.157.233, host: pr-hdds-2120-x62sn-1884063469, networkLocation: /default-rack, certSerialId: null}60f39956-bae5-4391-8a23-3e89f20c1839{ip: 192.168.157.233, host: pr-hdds-2120-x62sn-1884063469, networkLocation: /default-rack, certSerialId: null}, Type:RATIS, Factor:THREE, State:CLOSED]
2019-09-16 16:19:25,619 [java.util.concurrent.ThreadPoolExecutor$Worker@1e3d8202[State = -1, empty queue]] WARN  server.GrpcLogAppender (GrpcLogAppender.java:timeoutAppendRequest(200)) - 097459af-dbcb-4086-9fa9-59cd3a0cf8f9@group-FE35D6209BCF->0e94ed89-1bf2-4207-abde-ac2a1a1292c0-GrpcLogAppender: appendEntries Timeout, request=097459af-dbcb-4086-9fa9-59cd3a0cf8f9->0e94ed89-1bf2-4207-abde-ac2a1a1292c0#74-t1, previous=(t:1, i:10), leaderCommit=6, initializing? false, entries: <empty>
2019-09-16 16:19:27,620 [org.apache.ratis.server.impl.LogAppender$AppenderDaemon$$Lambda$522/1014859684@53a80675] ERROR ratis.XceiverServerRatis (XceiverServerRatis.java:triggerPipelineClose(568)) - pipeline Action CLOSE  on pipeline PipelineID=85462b92-2962-46a5-958c-fe35d6209bcf.Reason : 097459af-dbcb-4086-9fa9-59cd3a0cf8f9 has not seen follower/s 0e94ed89-1bf2-4207-abde-ac2a1a1292c0 for 165768ms
2019-09-16 16:19:28,119 [java.util.concurrent.ThreadPoolExecutor$Worker@1e3d8202[State = -1, empty queue]] WARN  server.GrpcLogAppender (GrpcLogAppender.java:timeoutAppendRequest(200)) - 097459af-dbcb-4086-9fa9-59cd3a0cf8f9@group-FE35D6209BCF->0e94ed89-1bf2-4207-abde-ac2a1a1292c0-GrpcLogAppender: appendEntries Timeout, request=097459af-dbcb-4086-9fa9-59cd3a0cf8f9->0e94ed89-1bf2-4207-abde-ac2a1a1292c0#75-t1, previous=(t:1, i:10), leaderCommit=6, initializing? false, entries: <empty>
2019-09-16 16:19:28,137 [EventQueue-PipelineActionsForPipelineActionHandler] ERROR pipeline.PipelineActionHandler (PipelineActionHandler.java:onMessage(60)) - Received pipeline action CLOSE for Pipeline[ Id: 85462b92-2962-46a5-958c-fe35d6209bcf, Nodes: 097459af-dbcb-4086-9fa9-59cd3a0cf8f9{ip: 192.168.157.233, host: pr-hdds-2120-x62sn-1884063469, networkLocation: /default-rack, certSerialId: null}0e94ed89-1bf2-4207-abde-ac2a1a1292c0{ip: 192.168.157.233, host: pr-hdds-2120-x62sn-1884063469, networkLocation: /default-rack, certSerialId: null}60f39956-bae5-4391-8a23-3e89f20c1839{ip: 192.168.157.233, host: pr-hdds-2120-x62sn-1884063469, networkLocation: /default-rack, certSerialId: null}, Type:RATIS, Factor:THREE, State:CLOSED] from datanode 097459af-dbcb-4086-9fa9-59cd3a0cf8f9{ip: 192.168.157.233, host: pr-hdds-2120-x62sn-1884063469, networkLocation: /default-rack, certSerialId: null}. Reason : 097459af-dbcb-4086-9fa9-59cd3a0cf8f9 has not seen follower/s 0e94ed89-1bf2-4207-abde-ac2a1a1292c0 for 165768ms
2019-09-16 16:19:28,137 [EventQueue-PipelineActionsForPipelineActionHandler] INFO  pipeline.SCMPipelineManager (SCMPipelineManager.java:finalizeAndDestroyPipeline(311)) - destroying pipeline:Pipeline[ Id: 85462b92-2962-46a5-958c-fe35d6209bcf, Nodes: 097459af-dbcb-4086-9fa9-59cd3a0cf8f9{ip: 192.168.157.233, host: pr-hdds-2120-x62sn-1884063469, networkLocation: /default-rack, certSerialId: null}0e94ed89-1bf2-4207-abde-ac2a1a1292c0{ip: 192.168.157.233, host: pr-hdds-2120-x62sn-1884063469, networkLocation: /default-rack, certSerialId: null}60f39956-bae5-4391-8a23-3e89f20c1839{ip: 192.168.157.233, host: pr-hdds-2120-x62sn-1884063469, networkLocation: /default-rack, certSerialId: null}, Type:RATIS, Factor:THREE, State:CLOSED]
2019-09-16 16:19:29,714 [grpc-default-executor-4] INFO  client.GrpcClientProtocolClient (GrpcClientProtocolClient.java:onNext(264)) - client-233D76DA14D6->0e94ed89-1bf2-4207-abde-ac2a1a1292c0: receive RaftClientReply:client-233D76DA14D6->0e94ed89-1bf2-4207-abde-ac2a1a1292c0@group-FE35D6209BCF, cid=21, FAILED org.apache.ratis.protocol.NotLeaderException: Server 0e94ed89-1bf2-4207-abde-ac2a1a1292c0@group-FE35D6209BCF is not the leader 097459af-dbcb-4086-9fa9-59cd3a0cf8f9:192.168.157.233:33970, logIndex=0, commits[0e94ed89-1bf2-4207-abde-ac2a1a1292c0:c6, 097459af-dbcb-4086-9fa9-59cd3a0cf8f9:c6, 60f39956-bae5-4391-8a23-3e89f20c1839:c6]
2019-09-16 16:19:30,121 [org.apache.ratis.server.impl.LogAppender$AppenderDaemon$$Lambda$522/1014859684@53a80675] ERROR ratis.XceiverServerRatis (XceiverServerRatis.java:triggerPipelineClose(568)) - pipeline Action CLOSE  on pipeline PipelineID=85462b92-2962-46a5-958c-fe35d6209bcf.Reason : 097459af-dbcb-4086-9fa9-59cd3a0cf8f9 has not seen follower/s 0e94ed89-1bf2-4207-abde-ac2a1a1292c0 for 168269ms
2019-09-16 16:19:30,136 [EventQueue-PipelineActionsForPipelineActionHandler] ERROR pipeline.PipelineActionHandler (PipelineActionHandler.java:onMessage(60)) - Received pipeline action CLOSE for Pipeline[ Id: 85462b92-2962-46a5-958c-fe35d6209bcf, Nodes: 097459af-dbcb-4086-9fa9-59cd3a0cf8f9{ip: 192.168.157.233, host: pr-hdds-2120-x62sn-1884063469, networkLocation: /default-rack, certSerialId: null}0e94ed89-1bf2-4207-abde-ac2a1a1292c0{ip: 192.168.157.233, host: pr-hdds-2120-x62sn-1884063469, networkLocation: /default-rack, certSerialId: null}60f39956-bae5-4391-8a23-3e89f20c1839{ip: 192.168.157.233, host: pr-hdds-2120-x62sn-1884063469, networkLocation: /default-rack, certSerialId: null}, Type:RATIS, Factor:THREE, State:CLOSED] from datanode 097459af-dbcb-4086-9fa9-59cd3a0cf8f9{ip: 192.168.157.233, host: pr-hdds-2120-x62sn-1884063469, networkLocation: /default-rack, certSerialId: null}. Reason : 097459af-dbcb-4086-9fa9-59cd3a0cf8f9 has not seen follower/s 0e94ed89-1bf2-4207-abde-ac2a1a1292c0 for 168269ms
2019-09-16 16:19:30,137 [EventQueue-PipelineActionsForPipelineActionHandler] INFO  pipeline.SCMPipelineManager (SCMPipelineManager.java:finalizeAndDestroyPipeline(311)) - destroying pipeline:Pipeline[ Id: 85462b92-2962-46a5-958c-fe35d6209bcf, Nodes: 097459af-dbcb-4086-9fa9-59cd3a0cf8f9{ip: 192.168.157.233, host: pr-hdds-2120-x62sn-1884063469, networkLocation: /default-rack, certSerialId: null}0e94ed89-1bf2-4207-abde-ac2a1a1292c0{ip: 192.168.157.233, host: pr-hdds-2120-x62sn-1884063469, networkLocation: /default-rack, certSerialId: null}60f39956-bae5-4391-8a23-3e89f20c1839{ip: 192.168.157.233, host: pr-hdds-2120-x62sn-1884063469, networkLocation: /default-rack, certSerialId: null}, Type:RATIS, Factor:THREE, State:CLOSED]
2019-09-16 16:19:30,620 [java.util.concurrent.ThreadPoolExecutor$Worker@1e3d8202[State = -1, empty queue]] WARN  server.GrpcLogAppender (GrpcLogAppender.java:timeoutAppendRequest(200)) - 097459af-dbcb-4086-9fa9-59cd3a0cf8f9@group-FE35D6209BCF->0e94ed89-1bf2-4207-abde-ac2a1a1292c0-GrpcLogAppender: appendEntries Timeout, request=097459af-dbcb-4086-9fa9-59cd3a0cf8f9->0e94ed89-1bf2-4207-abde-ac2a1a1292c0#76-t1, previous=(t:1, i:10), leaderCommit=6, initializing? false, entries: <empty>
2019-09-16 16:19:32,625 [org.apache.ratis.server.impl.LogAppender$AppenderDaemon$$Lambda$522/1014859684@53a80675] ERROR ratis.XceiverServerRatis (XceiverServerRatis.java:triggerPipelineClose(568)) - pipeline Action CLOSE  on pipeline PipelineID=85462b92-2962-46a5-958c-fe35d6209bcf.Reason : 097459af-dbcb-4086-9fa9-59cd3a0cf8f9 has not seen follower/s 0e94ed89-1bf2-4207-abde-ac2a1a1292c0 for 170772ms
2019-09-16 16:19:33,112 [0e94ed89-1bf2-4207-abde-ac2a1a1292c0@group-FE35D6209BCF-SegmentedRaftLogWorker] WARN  segmented.SegmentedRaftLogWorker (SegmentedRaftLogWorker.java:getFromFuture(90)) - Timeout 16/~
org.apache.ratis.protocol.TimeoutIOException: Timeout 10s: WriteLog:8: (t:1, i:8), STATEMACHINELOGENTRY, client-233D76DA14D6, cid=22-writeStateMachineData
	at org.apache.ratis.util.IOUtils.getFromFuture(IOUtils.java:87)
	at org.apache.ratis.server.raftlog.segmented.SegmentedRaftLogWorker$StateMachineDataPolicy.getFromFuture(SegmentedRaftLogWorker.java:87)
	at org.apache.ratis.server.raftlog.segmented.SegmentedRaftLogWorker$WriteLog.execute(SegmentedRaftLogWorker.java:477)
	at org.apache.ratis.server.raftlog.segmented.SegmentedRaftLogWorker.run(SegmentedRaftLogWorker.java:289)
	at java.lang.Thread.run(Thread.java:748)
Caused by: java.util.concurrent.TimeoutException
	at java.util.concurrent.CompletableFuture.timedGet(CompletableFuture.java:1771)
	at java.util.concurrent.CompletableFuture.get(CompletableFuture.java:1915)
	at org.apache.ratis.util.IOUtils.getFromFuture(IOUtils.java:79)
	... 4 more
2019-09-16 16:19:33,121 [097459af-dbcb-4086-9fa9-59cd3a0cf8f9@group-FE35D6209BCF-SegmentedRaftLogWorker] WARN  segmented.SegmentedRaftLogWorker (SegmentedRaftLogWorker.java:getFromFuture(90)) - Timeout 16/~
org.apache.ratis.protocol.TimeoutIOException: Timeout 10s: WriteLog:8: (t:1, i:8), STATEMACHINELOGENTRY, client-233D76DA14D6, cid=22-writeStateMachineData
	at org.apache.ratis.util.IOUtils.getFromFuture(IOUtils.java:87)
	at org.apache.ratis.server.raftlog.segmented.SegmentedRaftLogWorker$StateMachineDataPolicy.getFromFuture(SegmentedRaftLogWorker.java:87)
	at org.apache.ratis.server.raftlog.segmented.SegmentedRaftLogWorker$WriteLog.execute(SegmentedRaftLogWorker.java:477)
	at org.apache.ratis.server.raftlog.segmented.SegmentedRaftLogWorker.run(SegmentedRaftLogWorker.java:289)
	at java.lang.Thread.run(Thread.java:748)
Caused by: java.util.concurrent.TimeoutException
	at java.util.concurrent.CompletableFuture.timedGet(CompletableFuture.java:1771)
	at java.util.concurrent.CompletableFuture.get(CompletableFuture.java:1915)
	at org.apache.ratis.util.IOUtils.getFromFuture(IOUtils.java:79)
	... 4 more
2019-09-16 16:19:33,121 [java.util.concurrent.ThreadPoolExecutor$Worker@1e3d8202[State = -1, empty queue]] WARN  server.GrpcLogAppender (GrpcLogAppender.java:timeoutAppendRequest(200)) - 097459af-dbcb-4086-9fa9-59cd3a0cf8f9@group-FE35D6209BCF->0e94ed89-1bf2-4207-abde-ac2a1a1292c0-GrpcLogAppender: appendEntries Timeout, request=097459af-dbcb-4086-9fa9-59cd3a0cf8f9->0e94ed89-1bf2-4207-abde-ac2a1a1292c0#77-t1, previous=(t:1, i:10), leaderCommit=6, initializing? false, entries: <empty>
2019-09-16 16:19:33,137 [EventQueue-PipelineActionsForPipelineActionHandler] ERROR pipeline.PipelineActionHandler (PipelineActionHandler.java:onMessage(60)) - Received pipeline action CLOSE for Pipeline[ Id: 85462b92-2962-46a5-958c-fe35d6209bcf, Nodes: 097459af-dbcb-4086-9fa9-59cd3a0cf8f9{ip: 192.168.157.233, host: pr-hdds-2120-x62sn-1884063469, networkLocation: /default-rack, certSerialId: null}0e94ed89-1bf2-4207-abde-ac2a1a1292c0{ip: 192.168.157.233, host: pr-hdds-2120-x62sn-1884063469, networkLocation: /default-rack, certSerialId: null}60f39956-bae5-4391-8a23-3e89f20c1839{ip: 192.168.157.233, host: pr-hdds-2120-x62sn-1884063469, networkLocation: /default-rack, certSerialId: null}, Type:RATIS, Factor:THREE, State:CLOSED] from datanode 097459af-dbcb-4086-9fa9-59cd3a0cf8f9{ip: 192.168.157.233, host: pr-hdds-2120-x62sn-1884063469, networkLocation: /default-rack, certSerialId: null}. Reason : 097459af-dbcb-4086-9fa9-59cd3a0cf8f9 has not seen follower/s 0e94ed89-1bf2-4207-abde-ac2a1a1292c0 for 170772ms
2019-09-16 16:19:33,137 [EventQueue-PipelineActionsForPipelineActionHandler] INFO  pipeline.SCMPipelineManager (SCMPipelineManager.java:finalizeAndDestroyPipeline(311)) - destroying pipeline:Pipeline[ Id: 85462b92-2962-46a5-958c-fe35d6209bcf, Nodes: 097459af-dbcb-4086-9fa9-59cd3a0cf8f9{ip: 192.168.157.233, host: pr-hdds-2120-x62sn-1884063469, networkLocation: /default-rack, certSerialId: null}0e94ed89-1bf2-4207-abde-ac2a1a1292c0{ip: 192.168.157.233, host: pr-hdds-2120-x62sn-1884063469, networkLocation: /default-rack, certSerialId: null}60f39956-bae5-4391-8a23-3e89f20c1839{ip: 192.168.157.233, host: pr-hdds-2120-x62sn-1884063469, networkLocation: /default-rack, certSerialId: null}, Type:RATIS, Factor:THREE, State:CLOSED]
2019-09-16 16:19:34,779 [grpc-default-executor-0] INFO  client.GrpcClientProtocolClient (GrpcClientProtocolClient.java:onNext(264)) - client-233D76DA14D6->0e94ed89-1bf2-4207-abde-ac2a1a1292c0: receive RaftClientReply:client-233D76DA14D6->0e94ed89-1bf2-4207-abde-ac2a1a1292c0@group-FE35D6209BCF, cid=21, FAILED org.apache.ratis.protocol.NotLeaderException: Server 0e94ed89-1bf2-4207-abde-ac2a1a1292c0@group-FE35D6209BCF is not the leader 097459af-dbcb-4086-9fa9-59cd3a0cf8f9:192.168.157.233:33970, logIndex=0, commits[0e94ed89-1bf2-4207-abde-ac2a1a1292c0:c6, 097459af-dbcb-4086-9fa9-59cd3a0cf8f9:c6, 60f39956-bae5-4391-8a23-3e89f20c1839:c6]
2019-09-16 16:19:35,126 [org.apache.ratis.server.impl.LogAppender$AppenderDaemon$$Lambda$522/1014859684@53a80675] ERROR ratis.XceiverServerRatis (XceiverServerRatis.java:triggerPipelineClose(568)) - pipeline Action CLOSE  on pipeline PipelineID=85462b92-2962-46a5-958c-fe35d6209bcf.Reason : 097459af-dbcb-4086-9fa9-59cd3a0cf8f9 has not seen follower/s 0e94ed89-1bf2-4207-abde-ac2a1a1292c0 for 173273ms
2019-09-16 16:19:35,138 [EventQueue-PipelineActionsForPipelineActionHandler] ERROR pipeline.PipelineActionHandler (PipelineActionHandler.java:onMessage(60)) - Received pipeline action CLOSE for Pipeline[ Id: 85462b92-2962-46a5-958c-fe35d6209bcf, Nodes: 097459af-dbcb-4086-9fa9-59cd3a0cf8f9{ip: 192.168.157.233, host: pr-hdds-2120-x62sn-1884063469, networkLocation: /default-rack, certSerialId: null}0e94ed89-1bf2-4207-abde-ac2a1a1292c0{ip: 192.168.157.233, host: pr-hdds-2120-x62sn-1884063469, networkLocation: /default-rack, certSerialId: null}60f39956-bae5-4391-8a23-3e89f20c1839{ip: 192.168.157.233, host: pr-hdds-2120-x62sn-1884063469, networkLocation: /default-rack, certSerialId: null}, Type:RATIS, Factor:THREE, State:CLOSED] from datanode 097459af-dbcb-4086-9fa9-59cd3a0cf8f9{ip: 192.168.157.233, host: pr-hdds-2120-x62sn-1884063469, networkLocation: /default-rack, certSerialId: null}. Reason : 097459af-dbcb-4086-9fa9-59cd3a0cf8f9 has not seen follower/s 0e94ed89-1bf2-4207-abde-ac2a1a1292c0 for 173273ms
2019-09-16 16:19:35,138 [EventQueue-PipelineActionsForPipelineActionHandler] INFO  pipeline.SCMPipelineManager (SCMPipelineManager.java:finalizeAndDestroyPipeline(311)) - destroying pipeline:Pipeline[ Id: 85462b92-2962-46a5-958c-fe35d6209bcf, Nodes: 097459af-dbcb-4086-9fa9-59cd3a0cf8f9{ip: 192.168.157.233, host: pr-hdds-2120-x62sn-1884063469, networkLocation: /default-rack, certSerialId: null}0e94ed89-1bf2-4207-abde-ac2a1a1292c0{ip: 192.168.157.233, host: pr-hdds-2120-x62sn-1884063469, networkLocation: /default-rack, certSerialId: null}60f39956-bae5-4391-8a23-3e89f20c1839{ip: 192.168.157.233, host: pr-hdds-2120-x62sn-1884063469, networkLocation: /default-rack, certSerialId: null}, Type:RATIS, Factor:THREE, State:CLOSED]
2019-09-16 16:19:35,624 [java.util.concurrent.ThreadPoolExecutor$Worker@1e3d8202[State = -1, empty queue]] WARN  server.GrpcLogAppender (GrpcLogAppender.java:timeoutAppendRequest(200)) - 097459af-dbcb-4086-9fa9-59cd3a0cf8f9@group-FE35D6209BCF->0e94ed89-1bf2-4207-abde-ac2a1a1292c0-GrpcLogAppender: appendEntries Timeout, request=097459af-dbcb-4086-9fa9-59cd3a0cf8f9->0e94ed89-1bf2-4207-abde-ac2a1a1292c0#78-t1, previous=(t:1, i:10), leaderCommit=6, initializing? false, entries: <empty>
2019-09-16 16:19:37,628 [org.apache.ratis.server.impl.LogAppender$AppenderDaemon$$Lambda$522/1014859684@53a80675] ERROR ratis.XceiverServerRatis (XceiverServerRatis.java:triggerPipelineClose(568)) - pipeline Action CLOSE  on pipeline PipelineID=85462b92-2962-46a5-958c-fe35d6209bcf.Reason : 097459af-dbcb-4086-9fa9-59cd3a0cf8f9 has not seen follower/s 0e94ed89-1bf2-4207-abde-ac2a1a1292c0 for 175776ms
2019-09-16 16:19:38,126 [java.util.concurrent.ThreadPoolExecutor$Worker@1e3d8202[State = -1, empty queue]] WARN  server.GrpcLogAppender (GrpcLogAppender.java:timeoutAppendRequest(200)) - 097459af-dbcb-4086-9fa9-59cd3a0cf8f9@group-FE35D6209BCF->0e94ed89-1bf2-4207-abde-ac2a1a1292c0-GrpcLogAppender: appendEntries Timeout, request=097459af-dbcb-4086-9fa9-59cd3a0cf8f9->0e94ed89-1bf2-4207-abde-ac2a1a1292c0#79-t1, previous=(t:1, i:10), leaderCommit=6, initializing? false, entries: <empty>
2019-09-16 16:19:38,137 [EventQueue-PipelineActionsForPipelineActionHandler] ERROR pipeline.PipelineActionHandler (PipelineActionHandler.java:onMessage(60)) - Received pipeline action CLOSE for Pipeline[ Id: 85462b92-2962-46a5-958c-fe35d6209bcf, Nodes: 097459af-dbcb-4086-9fa9-59cd3a0cf8f9{ip: 192.168.157.233, host: pr-hdds-2120-x62sn-1884063469, networkLocation: /default-rack, certSerialId: null}0e94ed89-1bf2-4207-abde-ac2a1a1292c0{ip: 192.168.157.233, host: pr-hdds-2120-x62sn-1884063469, networkLocation: /default-rack, certSerialId: null}60f39956-bae5-4391-8a23-3e89f20c1839{ip: 192.168.157.233, host: pr-hdds-2120-x62sn-1884063469, networkLocation: /default-rack, certSerialId: null}, Type:RATIS, Factor:THREE, State:CLOSED] from datanode 097459af-dbcb-4086-9fa9-59cd3a0cf8f9{ip: 192.168.157.233, host: pr-hdds-2120-x62sn-1884063469, networkLocation: /default-rack, certSerialId: null}. Reason : 097459af-dbcb-4086-9fa9-59cd3a0cf8f9 has not seen follower/s 0e94ed89-1bf2-4207-abde-ac2a1a1292c0 for 175776ms
2019-09-16 16:19:38,138 [EventQueue-PipelineActionsForPipelineActionHandler] INFO  pipeline.SCMPipelineManager (SCMPipelineManager.java:finalizeAndDestroyPipeline(311)) - destroying pipeline:Pipeline[ Id: 85462b92-2962-46a5-958c-fe35d6209bcf, Nodes: 097459af-dbcb-4086-9fa9-59cd3a0cf8f9{ip: 192.168.157.233, host: pr-hdds-2120-x62sn-1884063469, networkLocation: /default-rack, certSerialId: null}0e94ed89-1bf2-4207-abde-ac2a1a1292c0{ip: 192.168.157.233, host: pr-hdds-2120-x62sn-1884063469, networkLocation: /default-rack, certSerialId: null}60f39956-bae5-4391-8a23-3e89f20c1839{ip: 192.168.157.233, host: pr-hdds-2120-x62sn-1884063469, networkLocation: /default-rack, certSerialId: null}, Type:RATIS, Factor:THREE, State:CLOSED]
2019-09-16 16:19:39,850 [grpc-default-executor-0] INFO  client.GrpcClientProtocolClient (GrpcClientProtocolClient.java:onNext(264)) - client-233D76DA14D6->60f39956-bae5-4391-8a23-3e89f20c1839: receive RaftClientReply:client-233D76DA14D6->60f39956-bae5-4391-8a23-3e89f20c1839@group-FE35D6209BCF, cid=21, FAILED org.apache.ratis.protocol.NotLeaderException: Server 60f39956-bae5-4391-8a23-3e89f20c1839@group-FE35D6209BCF is not the leader 097459af-dbcb-4086-9fa9-59cd3a0cf8f9:192.168.157.233:33970, logIndex=0, commits[60f39956-bae5-4391-8a23-3e89f20c1839:c6, 0e94ed89-1bf2-4207-abde-ac2a1a1292c0:c4, 097459af-dbcb-4086-9fa9-59cd3a0cf8f9:c6]
2019-09-16 16:19:40,130 [org.apache.ratis.server.impl.LogAppender$AppenderDaemon$$Lambda$522/1014859684@53a80675] ERROR ratis.XceiverServerRatis (XceiverServerRatis.java:triggerPipelineClose(568)) - pipeline Action CLOSE  on pipeline PipelineID=85462b92-2962-46a5-958c-fe35d6209bcf.Reason : 097459af-dbcb-4086-9fa9-59cd3a0cf8f9 has not seen follower/s 0e94ed89-1bf2-4207-abde-ac2a1a1292c0 for 178277ms
2019-09-16 16:19:40,137 [EventQueue-PipelineActionsForPipelineActionHandler] ERROR pipeline.PipelineActionHandler (PipelineActionHandler.java:onMessage(60)) - Received pipeline action CLOSE for Pipeline[ Id: 85462b92-2962-46a5-958c-fe35d6209bcf, Nodes: 097459af-dbcb-4086-9fa9-59cd3a0cf8f9{ip: 192.168.157.233, host: pr-hdds-2120-x62sn-1884063469, networkLocation: /default-rack, certSerialId: null}0e94ed89-1bf2-4207-abde-ac2a1a1292c0{ip: 192.168.157.233, host: pr-hdds-2120-x62sn-1884063469, networkLocation: /default-rack, certSerialId: null}60f39956-bae5-4391-8a23-3e89f20c1839{ip: 192.168.157.233, host: pr-hdds-2120-x62sn-1884063469, networkLocation: /default-rack, certSerialId: null}, Type:RATIS, Factor:THREE, State:CLOSED] from datanode 097459af-dbcb-4086-9fa9-59cd3a0cf8f9{ip: 192.168.157.233, host: pr-hdds-2120-x62sn-1884063469, networkLocation: /default-rack, certSerialId: null}. Reason : 097459af-dbcb-4086-9fa9-59cd3a0cf8f9 has not seen follower/s 0e94ed89-1bf2-4207-abde-ac2a1a1292c0 for 178277ms
2019-09-16 16:19:40,137 [EventQueue-PipelineActionsForPipelineActionHandler] INFO  pipeline.SCMPipelineManager (SCMPipelineManager.java:finalizeAndDestroyPipeline(311)) - destroying pipeline:Pipeline[ Id: 85462b92-2962-46a5-958c-fe35d6209bcf, Nodes: 097459af-dbcb-4086-9fa9-59cd3a0cf8f9{ip: 192.168.157.233, host: pr-hdds-2120-x62sn-1884063469, networkLocation: /default-rack, certSerialId: null}0e94ed89-1bf2-4207-abde-ac2a1a1292c0{ip: 192.168.157.233, host: pr-hdds-2120-x62sn-1884063469, networkLocation: /default-rack, certSerialId: null}60f39956-bae5-4391-8a23-3e89f20c1839{ip: 192.168.157.233, host: pr-hdds-2120-x62sn-1884063469, networkLocation: /default-rack, certSerialId: null}, Type:RATIS, Factor:THREE, State:CLOSED]
2019-09-16 16:19:40,628 [java.util.concurrent.ThreadPoolExecutor$Worker@1e3d8202[State = -1, empty queue]] WARN  server.GrpcLogAppender (GrpcLogAppender.java:timeoutAppendRequest(200)) - 097459af-dbcb-4086-9fa9-59cd3a0cf8f9@group-FE35D6209BCF->0e94ed89-1bf2-4207-abde-ac2a1a1292c0-GrpcLogAppender: appendEntries Timeout, request=097459af-dbcb-4086-9fa9-59cd3a0cf8f9->0e94ed89-1bf2-4207-abde-ac2a1a1292c0#80-t1, previous=(t:1, i:10), leaderCommit=6, initializing? false, entries: <empty>
2019-09-16 16:19:42,631 [org.apache.ratis.server.impl.LogAppender$AppenderDaemon$$Lambda$522/1014859684@53a80675] ERROR ratis.XceiverServerRatis (XceiverServerRatis.java:triggerPipelineClose(568)) - pipeline Action CLOSE  on pipeline PipelineID=85462b92-2962-46a5-958c-fe35d6209bcf.Reason : 097459af-dbcb-4086-9fa9-59cd3a0cf8f9 has not seen follower/s 0e94ed89-1bf2-4207-abde-ac2a1a1292c0 for 180779ms
2019-09-16 16:19:43,113 [0e94ed89-1bf2-4207-abde-ac2a1a1292c0@group-FE35D6209BCF-SegmentedRaftLogWorker] WARN  segmented.SegmentedRaftLogWorker (SegmentedRaftLogWorker.java:getFromFuture(90)) - Timeout 17/~
org.apache.ratis.protocol.TimeoutIOException: Timeout 10s: WriteLog:8: (t:1, i:8), STATEMACHINELOGENTRY, client-233D76DA14D6, cid=22-writeStateMachineData
	at org.apache.ratis.util.IOUtils.getFromFuture(IOUtils.java:87)
	at org.apache.ratis.server.raftlog.segmented.SegmentedRaftLogWorker$StateMachineDataPolicy.getFromFuture(SegmentedRaftLogWorker.java:87)
	at org.apache.ratis.server.raftlog.segmented.SegmentedRaftLogWorker$WriteLog.execute(SegmentedRaftLogWorker.java:477)
	at org.apache.ratis.server.raftlog.segmented.SegmentedRaftLogWorker.run(SegmentedRaftLogWorker.java:289)
	at java.lang.Thread.run(Thread.java:748)
Caused by: java.util.concurrent.TimeoutException
	at java.util.concurrent.CompletableFuture.timedGet(CompletableFuture.java:1771)
	at java.util.concurrent.CompletableFuture.get(CompletableFuture.java:1915)
	at org.apache.ratis.util.IOUtils.getFromFuture(IOUtils.java:79)
	... 4 more
2019-09-16 16:19:43,122 [097459af-dbcb-4086-9fa9-59cd3a0cf8f9@group-FE35D6209BCF-SegmentedRaftLogWorker] WARN  segmented.SegmentedRaftLogWorker (SegmentedRaftLogWorker.java:getFromFuture(90)) - Timeout 17/~
org.apache.ratis.protocol.TimeoutIOException: Timeout 10s: WriteLog:8: (t:1, i:8), STATEMACHINELOGENTRY, client-233D76DA14D6, cid=22-writeStateMachineData
	at org.apache.ratis.util.IOUtils.getFromFuture(IOUtils.java:87)
	at org.apache.ratis.server.raftlog.segmented.SegmentedRaftLogWorker$StateMachineDataPolicy.getFromFuture(SegmentedRaftLogWorker.java:87)
	at org.apache.ratis.server.raftlog.segmented.SegmentedRaftLogWorker$WriteLog.execute(SegmentedRaftLogWorker.java:477)
	at org.apache.ratis.server.raftlog.segmented.SegmentedRaftLogWorker.run(SegmentedRaftLogWorker.java:289)
	at java.lang.Thread.run(Thread.java:748)
Caused by: java.util.concurrent.TimeoutException
	at java.util.concurrent.CompletableFuture.timedGet(CompletableFuture.java:1771)
	at java.util.concurrent.CompletableFuture.get(CompletableFuture.java:1915)
	at org.apache.ratis.util.IOUtils.getFromFuture(IOUtils.java:79)
	... 4 more
2019-09-16 16:19:43,130 [java.util.concurrent.ThreadPoolExecutor$Worker@1e3d8202[State = -1, empty queue]] WARN  server.GrpcLogAppender (GrpcLogAppender.java:timeoutAppendRequest(200)) - 097459af-dbcb-4086-9fa9-59cd3a0cf8f9@group-FE35D6209BCF->0e94ed89-1bf2-4207-abde-ac2a1a1292c0-GrpcLogAppender: appendEntries Timeout, request=097459af-dbcb-4086-9fa9-59cd3a0cf8f9->0e94ed89-1bf2-4207-abde-ac2a1a1292c0#81-t1, previous=(t:1, i:10), leaderCommit=6, initializing? false, entries: <empty>
2019-09-16 16:19:43,137 [EventQueue-PipelineActionsForPipelineActionHandler] ERROR pipeline.PipelineActionHandler (PipelineActionHandler.java:onMessage(60)) - Received pipeline action CLOSE for Pipeline[ Id: 85462b92-2962-46a5-958c-fe35d6209bcf, Nodes: 097459af-dbcb-4086-9fa9-59cd3a0cf8f9{ip: 192.168.157.233, host: pr-hdds-2120-x62sn-1884063469, networkLocation: /default-rack, certSerialId: null}0e94ed89-1bf2-4207-abde-ac2a1a1292c0{ip: 192.168.157.233, host: pr-hdds-2120-x62sn-1884063469, networkLocation: /default-rack, certSerialId: null}60f39956-bae5-4391-8a23-3e89f20c1839{ip: 192.168.157.233, host: pr-hdds-2120-x62sn-1884063469, networkLocation: /default-rack, certSerialId: null}, Type:RATIS, Factor:THREE, State:CLOSED] from datanode 097459af-dbcb-4086-9fa9-59cd3a0cf8f9{ip: 192.168.157.233, host: pr-hdds-2120-x62sn-1884063469, networkLocation: /default-rack, certSerialId: null}. Reason : 097459af-dbcb-4086-9fa9-59cd3a0cf8f9 has not seen follower/s 0e94ed89-1bf2-4207-abde-ac2a1a1292c0 for 180779ms
2019-09-16 16:19:43,137 [EventQueue-PipelineActionsForPipelineActionHandler] INFO  pipeline.SCMPipelineManager (SCMPipelineManager.java:finalizeAndDestroyPipeline(311)) - destroying pipeline:Pipeline[ Id: 85462b92-2962-46a5-958c-fe35d6209bcf, Nodes: 097459af-dbcb-4086-9fa9-59cd3a0cf8f9{ip: 192.168.157.233, host: pr-hdds-2120-x62sn-1884063469, networkLocation: /default-rack, certSerialId: null}0e94ed89-1bf2-4207-abde-ac2a1a1292c0{ip: 192.168.157.233, host: pr-hdds-2120-x62sn-1884063469, networkLocation: /default-rack, certSerialId: null}60f39956-bae5-4391-8a23-3e89f20c1839{ip: 192.168.157.233, host: pr-hdds-2120-x62sn-1884063469, networkLocation: /default-rack, certSerialId: null}, Type:RATIS, Factor:THREE, State:CLOSED]
2019-09-16 16:19:44,929 [grpc-default-executor-0] INFO  client.GrpcClientProtocolClient (GrpcClientProtocolClient.java:onNext(264)) - client-233D76DA14D6->0e94ed89-1bf2-4207-abde-ac2a1a1292c0: receive RaftClientReply:client-233D76DA14D6->0e94ed89-1bf2-4207-abde-ac2a1a1292c0@group-FE35D6209BCF, cid=21, FAILED org.apache.ratis.protocol.NotLeaderException: Server 0e94ed89-1bf2-4207-abde-ac2a1a1292c0@group-FE35D6209BCF is not the leader 097459af-dbcb-4086-9fa9-59cd3a0cf8f9:192.168.157.233:33970, logIndex=0, commits[0e94ed89-1bf2-4207-abde-ac2a1a1292c0:c6, 097459af-dbcb-4086-9fa9-59cd3a0cf8f9:c6, 60f39956-bae5-4391-8a23-3e89f20c1839:c6]
2019-09-16 16:19:45,133 [org.apache.ratis.server.impl.LogAppender$AppenderDaemon$$Lambda$522/1014859684@53a80675] ERROR ratis.XceiverServerRatis (XceiverServerRatis.java:triggerPipelineClose(568)) - pipeline Action CLOSE  on pipeline PipelineID=85462b92-2962-46a5-958c-fe35d6209bcf.Reason : 097459af-dbcb-4086-9fa9-59cd3a0cf8f9 has not seen follower/s 0e94ed89-1bf2-4207-abde-ac2a1a1292c0 for 183280ms
2019-09-16 16:19:45,137 [EventQueue-PipelineActionsForPipelineActionHandler] ERROR pipeline.PipelineActionHandler (PipelineActionHandler.java:onMessage(60)) - Received pipeline action CLOSE for Pipeline[ Id: 85462b92-2962-46a5-958c-fe35d6209bcf, Nodes: 097459af-dbcb-4086-9fa9-59cd3a0cf8f9{ip: 192.168.157.233, host: pr-hdds-2120-x62sn-1884063469, networkLocation: /default-rack, certSerialId: null}0e94ed89-1bf2-4207-abde-ac2a1a1292c0{ip: 192.168.157.233, host: pr-hdds-2120-x62sn-1884063469, networkLocation: /default-rack, certSerialId: null}60f39956-bae5-4391-8a23-3e89f20c1839{ip: 192.168.157.233, host: pr-hdds-2120-x62sn-1884063469, networkLocation: /default-rack, certSerialId: null}, Type:RATIS, Factor:THREE, State:CLOSED] from datanode 097459af-dbcb-4086-9fa9-59cd3a0cf8f9{ip: 192.168.157.233, host: pr-hdds-2120-x62sn-1884063469, networkLocation: /default-rack, certSerialId: null}. Reason : 097459af-dbcb-4086-9fa9-59cd3a0cf8f9 has not seen follower/s 0e94ed89-1bf2-4207-abde-ac2a1a1292c0 for 183280ms
2019-09-16 16:19:45,138 [EventQueue-PipelineActionsForPipelineActionHandler] INFO  pipeline.SCMPipelineManager (SCMPipelineManager.java:finalizeAndDestroyPipeline(311)) - destroying pipeline:Pipeline[ Id: 85462b92-2962-46a5-958c-fe35d6209bcf, Nodes: 097459af-dbcb-4086-9fa9-59cd3a0cf8f9{ip: 192.168.157.233, host: pr-hdds-2120-x62sn-1884063469, networkLocation: /default-rack, certSerialId: null}0e94ed89-1bf2-4207-abde-ac2a1a1292c0{ip: 192.168.157.233, host: pr-hdds-2120-x62sn-1884063469, networkLocation: /default-rack, certSerialId: null}60f39956-bae5-4391-8a23-3e89f20c1839{ip: 192.168.157.233, host: pr-hdds-2120-x62sn-1884063469, networkLocation: /default-rack, certSerialId: null}, Type:RATIS, Factor:THREE, State:CLOSED]
2019-09-16 16:19:45,631 [java.util.concurrent.ThreadPoolExecutor$Worker@1e3d8202[State = -1, empty queue]] WARN  server.GrpcLogAppender (GrpcLogAppender.java:timeoutAppendRequest(200)) - 097459af-dbcb-4086-9fa9-59cd3a0cf8f9@group-FE35D6209BCF->0e94ed89-1bf2-4207-abde-ac2a1a1292c0-GrpcLogAppender: appendEntries Timeout, request=097459af-dbcb-4086-9fa9-59cd3a0cf8f9->0e94ed89-1bf2-4207-abde-ac2a1a1292c0#82-t1, previous=(t:1, i:10), leaderCommit=6, initializing? false, entries: <empty>
2019-09-16 16:19:47,634 [org.apache.ratis.server.impl.LogAppender$AppenderDaemon$$Lambda$522/1014859684@53a80675] ERROR ratis.XceiverServerRatis (XceiverServerRatis.java:triggerPipelineClose(568)) - pipeline Action CLOSE  on pipeline PipelineID=85462b92-2962-46a5-958c-fe35d6209bcf.Reason : 097459af-dbcb-4086-9fa9-59cd3a0cf8f9 has not seen follower/s 0e94ed89-1bf2-4207-abde-ac2a1a1292c0 for 185781ms
2019-09-16 16:19:48,133 [java.util.concurrent.ThreadPoolExecutor$Worker@1e3d8202[State = -1, empty queue]] WARN  server.GrpcLogAppender (GrpcLogAppender.java:timeoutAppendRequest(200)) - 097459af-dbcb-4086-9fa9-59cd3a0cf8f9@group-FE35D6209BCF->0e94ed89-1bf2-4207-abde-ac2a1a1292c0-GrpcLogAppender: appendEntries Timeout, request=097459af-dbcb-4086-9fa9-59cd3a0cf8f9->0e94ed89-1bf2-4207-abde-ac2a1a1292c0#83-t1, previous=(t:1, i:10), leaderCommit=6, initializing? false, entries: <empty>
2019-09-16 16:19:48,139 [EventQueue-PipelineActionsForPipelineActionHandler] ERROR pipeline.PipelineActionHandler (PipelineActionHandler.java:onMessage(60)) - Received pipeline action CLOSE for Pipeline[ Id: 85462b92-2962-46a5-958c-fe35d6209bcf, Nodes: 097459af-dbcb-4086-9fa9-59cd3a0cf8f9{ip: 192.168.157.233, host: pr-hdds-2120-x62sn-1884063469, networkLocation: /default-rack, certSerialId: null}0e94ed89-1bf2-4207-abde-ac2a1a1292c0{ip: 192.168.157.233, host: pr-hdds-2120-x62sn-1884063469, networkLocation: /default-rack, certSerialId: null}60f39956-bae5-4391-8a23-3e89f20c1839{ip: 192.168.157.233, host: pr-hdds-2120-x62sn-1884063469, networkLocation: /default-rack, certSerialId: null}, Type:RATIS, Factor:THREE, State:CLOSED] from datanode 097459af-dbcb-4086-9fa9-59cd3a0cf8f9{ip: 192.168.157.233, host: pr-hdds-2120-x62sn-1884063469, networkLocation: /default-rack, certSerialId: null}. Reason : 097459af-dbcb-4086-9fa9-59cd3a0cf8f9 has not seen follower/s 0e94ed89-1bf2-4207-abde-ac2a1a1292c0 for 185781ms
2019-09-16 16:19:48,139 [EventQueue-PipelineActionsForPipelineActionHandler] INFO  pipeline.SCMPipelineManager (SCMPipelineManager.java:finalizeAndDestroyPipeline(311)) - destroying pipeline:Pipeline[ Id: 85462b92-2962-46a5-958c-fe35d6209bcf, Nodes: 097459af-dbcb-4086-9fa9-59cd3a0cf8f9{ip: 192.168.157.233, host: pr-hdds-2120-x62sn-1884063469, networkLocation: /default-rack, certSerialId: null}0e94ed89-1bf2-4207-abde-ac2a1a1292c0{ip: 192.168.157.233, host: pr-hdds-2120-x62sn-1884063469, networkLocation: /default-rack, certSerialId: null}60f39956-bae5-4391-8a23-3e89f20c1839{ip: 192.168.157.233, host: pr-hdds-2120-x62sn-1884063469, networkLocation: /default-rack, certSerialId: null}, Type:RATIS, Factor:THREE, State:CLOSED]
2019-09-16 16:19:49,114 [grpc-default-executor-4] INFO  impl.RaftServerProxy (RaftServerProxy.java:remove(95)) - 097459af-dbcb-4086-9fa9-59cd3a0cf8f9: remove    LEADER 097459af-dbcb-4086-9fa9-59cd3a0cf8f9@group-FE35D6209BCF:t1, leader=097459af-dbcb-4086-9fa9-59cd3a0cf8f9, voted=097459af-dbcb-4086-9fa9-59cd3a0cf8f9, raftlog=097459af-dbcb-4086-9fa9-59cd3a0cf8f9@group-FE35D6209BCF-SegmentedRaftLog:OPENED:c6,f6,i10, conf=0: [0e94ed89-1bf2-4207-abde-ac2a1a1292c0:192.168.157.233:33170, 097459af-dbcb-4086-9fa9-59cd3a0cf8f9:192.168.157.233:33970, 60f39956-bae5-4391-8a23-3e89f20c1839:192.168.157.233:44360], old=null RUNNING
2019-09-16 16:19:49,120 [grpc-default-executor-4] INFO  impl.RaftServerImpl (RaftServerImpl.java:lambda$shutdown$3(251)) - 097459af-dbcb-4086-9fa9-59cd3a0cf8f9@group-FE35D6209BCF: shutdown
2019-09-16 16:19:49,121 [grpc-default-executor-4] INFO  util.JmxRegister (JmxRegister.java:unregister(73)) - Successfully un-registered JMX Bean with object name Ratis:service=RaftServer,group=group-FE35D6209BCF,id=097459af-dbcb-4086-9fa9-59cd3a0cf8f9
2019-09-16 16:19:49,121 [grpc-default-executor-4] INFO  impl.RoleInfo (RoleInfo.java:shutdownLeaderState(104)) - 097459af-dbcb-4086-9fa9-59cd3a0cf8f9: shutdown LeaderState
2019-09-16 16:19:49,125 [org.apache.ratis.server.impl.LogAppender$AppenderDaemon$$Lambda$522/1014859684@53a80675] WARN  server.GrpcLogAppender (GrpcLogAppender.java:mayWait(143)) - 097459af-dbcb-4086-9fa9-59cd3a0cf8f9@group-FE35D6209BCF->0e94ed89-1bf2-4207-abde-ac2a1a1292c0-GrpcLogAppender: Wait interrupted by java.lang.InterruptedException
2019-09-16 16:19:49,127 [grpc-default-executor-4] INFO  impl.PendingRequests (PendingRequests.java:sendNotLeaderResponses(202)) - 097459af-dbcb-4086-9fa9-59cd3a0cf8f9-PendingRequests: sendNotLeaderResponses
2019-09-16 16:19:49,127 [org.apache.ratis.server.impl.LogAppender$AppenderDaemon$$Lambda$522/1014859684@58fc92e5] WARN  server.GrpcLogAppender (GrpcLogAppender.java:mayWait(143)) - 097459af-dbcb-4086-9fa9-59cd3a0cf8f9@group-FE35D6209BCF->60f39956-bae5-4391-8a23-3e89f20c1839-GrpcLogAppender: Wait interrupted by java.lang.InterruptedException
2019-09-16 16:19:49,130 [grpc-default-executor-1] INFO  server.GrpcServerProtocolService (GrpcServerProtocolService.java:onCompleted(113)) - 60f39956-bae5-4391-8a23-3e89f20c1839: Completed APPEND_ENTRIES, lastRequest: 097459af-dbcb-4086-9fa9-59cd3a0cf8f9->60f39956-bae5-4391-8a23-3e89f20c1839#84-t1, previous=(t:1, i:10), leaderCommit=6, initializing? false, entries: <empty>
2019-09-16 16:19:49,130 [grpc-default-executor-0] INFO  server.GrpcServerProtocolService (GrpcServerProtocolService.java:onCompleted(113)) - 0e94ed89-1bf2-4207-abde-ac2a1a1292c0: Completed APPEND_ENTRIES, lastRequest: 097459af-dbcb-4086-9fa9-59cd3a0cf8f9->0e94ed89-1bf2-4207-abde-ac2a1a1292c0#84-t1, previous=(t:1, i:10), leaderCommit=6, initializing? false, entries: <empty>
2019-09-16 16:19:49,132 [grpc-default-executor-1] INFO  server.GrpcLogAppender (GrpcLogAppender.java:onCompleted(293)) - 097459af-dbcb-4086-9fa9-59cd3a0cf8f9@group-FE35D6209BCF->60f39956-bae5-4391-8a23-3e89f20c1839-AppendLogResponseHandler: follower responses appendEntries COMPLETED
2019-09-16 16:19:49,132 [grpc-default-executor-0] INFO  server.GrpcLogAppender (GrpcLogAppender.java:onCompleted(293)) - 097459af-dbcb-4086-9fa9-59cd3a0cf8f9@group-FE35D6209BCF->0e94ed89-1bf2-4207-abde-ac2a1a1292c0-AppendLogResponseHandler: follower responses appendEntries COMPLETED
2019-09-16 16:19:49,134 [grpc-default-executor-1] INFO  impl.FollowerInfo (FollowerInfo.java:lambda$new$0(51)) - 097459af-dbcb-4086-9fa9-59cd3a0cf8f9@group-FE35D6209BCF->60f39956-bae5-4391-8a23-3e89f20c1839: nextIndex: updateUnconditionally 11 -> 10
2019-09-16 16:19:49,134 [grpc-default-executor-0] INFO  impl.FollowerInfo (FollowerInfo.java:lambda$new$0(51)) - 097459af-dbcb-4086-9fa9-59cd3a0cf8f9@group-FE35D6209BCF->0e94ed89-1bf2-4207-abde-ac2a1a1292c0: nextIndex: updateUnconditionally 11 -> 7
2019-09-16 16:19:49,142 [grpc-default-executor-4] INFO  impl.StateMachineUpdater (StateMachineUpdater.java:stopAndJoin(125)) - 097459af-dbcb-4086-9fa9-59cd3a0cf8f9@group-FE35D6209BCF-StateMachineUpdater: set stopIndex = 6
2019-09-16 16:19:49,142 [097459af-dbcb-4086-9fa9-59cd3a0cf8f9@group-FE35D6209BCF-StateMachineUpdater] INFO  ratis.ContainerStateMachine (ContainerStateMachine.java:takeSnapshot(289)) - group-FE35D6209BCF: Taking a snapshot at:(t:1, i:6) file /workdir/hadoop-ozone/integration-test/target/test-dir/MiniOzoneClusterImpl-a74a7ba0-2214-4035-997c-798efff61e73/datanode-3/data/ratis/85462b92-2962-46a5-958c-fe35d6209bcf/sm/snapshot.1_6
2019-09-16 16:19:49,152 [Command processor thread] ERROR commandhandler.CloseContainerCommandHandler (CloseContainerCommandHandler.java:handle(125)) - Can't close container #3
java.io.IOException: org.apache.ratis.protocol.GroupMismatchException: 097459af-dbcb-4086-9fa9-59cd3a0cf8f9: group-FE35D6209BCF not found.
	at org.apache.hadoop.ozone.container.common.transport.server.ratis.XceiverServerRatis.submitRequest(XceiverServerRatis.java:495)
	at org.apache.hadoop.ozone.container.common.statemachine.commandhandler.CloseContainerCommandHandler.handle(CloseContainerCommandHandler.java:102)
	at org.apache.hadoop.ozone.container.common.statemachine.commandhandler.CommandDispatcher.handle(CommandDispatcher.java:99)
	at org.apache.hadoop.ozone.container.common.statemachine.DatanodeStateMachine.lambda$initCommandHandlerThread$1(DatanodeStateMachine.java:432)
	at java.lang.Thread.run(Thread.java:748)
Caused by: java.util.concurrent.ExecutionException: org.apache.ratis.protocol.GroupMismatchException: 097459af-dbcb-4086-9fa9-59cd3a0cf8f9: group-FE35D6209BCF not found.
	at java.util.concurrent.CompletableFuture.reportGet(CompletableFuture.java:357)
	at java.util.concurrent.CompletableFuture.get(CompletableFuture.java:1895)
	at org.apache.hadoop.ozone.container.common.transport.server.ratis.XceiverServerRatis.submitRequest(XceiverServerRatis.java:493)
	... 4 more
Caused by: org.apache.ratis.protocol.GroupMismatchException: 097459af-dbcb-4086-9fa9-59cd3a0cf8f9: group-FE35D6209BCF not found.
	at org.apache.ratis.server.impl.RaftServerProxy$ImplMap.get(RaftServerProxy.java:122)
	at org.apache.ratis.server.impl.RaftServerProxy.getImplFuture(RaftServerProxy.java:269)
	at org.apache.ratis.server.impl.RaftServerProxy.submitRequest(RaftServerProxy.java:327)
	at org.apache.ratis.server.impl.RaftServerProxy.submitClientRequestAsync(RaftServerProxy.java:333)
	... 5 more
2019-09-16 16:19:49,181 [097459af-dbcb-4086-9fa9-59cd3a0cf8f9@group-FE35D6209BCF-StateMachineUpdater] INFO  ratis.ContainerStateMachine (ContainerStateMachine.java:takeSnapshot(300)) - group-FE35D6209BCF: Finished taking a snapshot at:(t:1, i:6) file:/workdir/hadoop-ozone/integration-test/target/test-dir/MiniOzoneClusterImpl-a74a7ba0-2214-4035-997c-798efff61e73/datanode-3/data/ratis/85462b92-2962-46a5-958c-fe35d6209bcf/sm/snapshot.1_6 time:38
2019-09-16 16:19:49,181 [097459af-dbcb-4086-9fa9-59cd3a0cf8f9@group-FE35D6209BCF-StateMachineUpdater] INFO  impl.StateMachineUpdater (StateMachineUpdater.java:takeSnapshot(258)) - 097459af-dbcb-4086-9fa9-59cd3a0cf8f9@group-FE35D6209BCF-StateMachineUpdater: Took a snapshot at index 6
2019-09-16 16:19:49,184 [097459af-dbcb-4086-9fa9-59cd3a0cf8f9@group-FE35D6209BCF-StateMachineUpdater] INFO  impl.StateMachineUpdater (StateMachineUpdater.java:lambda$new$0(83)) - 097459af-dbcb-4086-9fa9-59cd3a0cf8f9@group-FE35D6209BCF-StateMachineUpdater: snapshotIndex: updateIncreasingly -1 -> 6
2019-09-16 16:19:49,190 [grpc-default-executor-4] INFO  impl.RaftServerImpl (ServerState.java:close(385)) - 097459af-dbcb-4086-9fa9-59cd3a0cf8f9@group-FE35D6209BCF: closes. applyIndex: 6
2019-09-16 16:19:49,193 [097459af-dbcb-4086-9fa9-59cd3a0cf8f9@group-FE35D6209BCF-SegmentedRaftLogWorker] ERROR ratis.XceiverServerRatis (XceiverServerRatis.java:triggerPipelineClose(568)) - pipeline Action CLOSE  on pipeline PipelineID=85462b92-2962-46a5-958c-fe35d6209bcf.Reason : WriteLog:8: (t:1, i:8), STATEMACHINELOGENTRY, client-233D76DA14D6, cid=22-writeStateMachineData interrupted.
2019-09-16 16:19:49,195 [EventQueue-PipelineActionsForPipelineActionHandler] ERROR pipeline.PipelineActionHandler (PipelineActionHandler.java:onMessage(60)) - Received pipeline action CLOSE for Pipeline[ Id: 85462b92-2962-46a5-958c-fe35d6209bcf, Nodes: 097459af-dbcb-4086-9fa9-59cd3a0cf8f9{ip: 192.168.157.233, host: pr-hdds-2120-x62sn-1884063469, networkLocation: /default-rack, certSerialId: null}0e94ed89-1bf2-4207-abde-ac2a1a1292c0{ip: 192.168.157.233, host: pr-hdds-2120-x62sn-1884063469, networkLocation: /default-rack, certSerialId: null}60f39956-bae5-4391-8a23-3e89f20c1839{ip: 192.168.157.233, host: pr-hdds-2120-x62sn-1884063469, networkLocation: /default-rack, certSerialId: null}, Type:RATIS, Factor:THREE, State:CLOSED] from datanode 097459af-dbcb-4086-9fa9-59cd3a0cf8f9{ip: 192.168.157.233, host: pr-hdds-2120-x62sn-1884063469, networkLocation: /default-rack, certSerialId: null}. Reason : WriteLog:8: (t:1, i:8), STATEMACHINELOGENTRY, client-233D76DA14D6, cid=22-writeStateMachineData interrupted.
2019-09-16 16:19:49,196 [EventQueue-PipelineActionsForPipelineActionHandler] INFO  pipeline.SCMPipelineManager (SCMPipelineManager.java:finalizeAndDestroyPipeline(311)) - destroying pipeline:Pipeline[ Id: 85462b92-2962-46a5-958c-fe35d6209bcf, Nodes: 097459af-dbcb-4086-9fa9-59cd3a0cf8f9{ip: 192.168.157.233, host: pr-hdds-2120-x62sn-1884063469, networkLocation: /default-rack, certSerialId: null}0e94ed89-1bf2-4207-abde-ac2a1a1292c0{ip: 192.168.157.233, host: pr-hdds-2120-x62sn-1884063469, networkLocation: /default-rack, certSerialId: null}60f39956-bae5-4391-8a23-3e89f20c1839{ip: 192.168.157.233, host: pr-hdds-2120-x62sn-1884063469, networkLocation: /default-rack, certSerialId: null}, Type:RATIS, Factor:THREE, State:CLOSED]
2019-09-16 16:19:49,206 [grpc-default-executor-4] INFO  segmented.SegmentedRaftLogWorker (SegmentedRaftLogWorker.java:close(228)) - 097459af-dbcb-4086-9fa9-59cd3a0cf8f9@group-FE35D6209BCF-SegmentedRaftLogWorker close()
2019-09-16 16:19:49,227 [grpc-default-executor-4] INFO  interfaces.Container (KeyValueContainer.java:flushAndSyncDB(386)) - Container 1 is synced with bcsId 4.
2019-09-16 16:19:49,228 [grpc-default-executor-4] INFO  interfaces.Container (KeyValueContainer.java:flushAndSyncDB(386)) - Container 1 is synced with bcsId 4.
2019-09-16 16:19:49,244 [EventQueue-IncrementalContainerReportForIncrementalContainerReportHandler] INFO  container.IncrementalContainerReportHandler (AbstractContainerReportHandler.java:updateContainerState(169)) - Moving container #1 to QUASI_CLOSED state, datanode 097459af-dbcb-4086-9fa9-59cd3a0cf8f9{ip: 192.168.157.233, host: pr-hdds-2120-x62sn-1884063469, networkLocation: /default-rack, certSerialId: null} reported QUASI_CLOSED replica.
2019-09-16 16:19:49,302 [grpc-default-executor-4] INFO  interfaces.Container (KeyValueContainer.java:flushAndSyncDB(386)) - Container 3 is synced with bcsId 0.
2019-09-16 16:19:49,303 [grpc-default-executor-4] INFO  interfaces.Container (KeyValueContainer.java:flushAndSyncDB(386)) - Container 3 is synced with bcsId 0.
2019-09-16 16:19:49,321 [EventQueue-IncrementalContainerReportForIncrementalContainerReportHandler] INFO  container.IncrementalContainerReportHandler (AbstractContainerReportHandler.java:updateContainerState(169)) - Moving container #3 to QUASI_CLOSED state, datanode 097459af-dbcb-4086-9fa9-59cd3a0cf8f9{ip: 192.168.157.233, host: pr-hdds-2120-x62sn-1884063469, networkLocation: /default-rack, certSerialId: null} reported QUASI_CLOSED replica.
2019-09-16 16:19:49,332 [grpc-default-executor-4] INFO  impl.RaftServerProxy (RaftServerProxy.java:remove(95)) - 0e94ed89-1bf2-4207-abde-ac2a1a1292c0: remove  FOLLOWER 0e94ed89-1bf2-4207-abde-ac2a1a1292c0@group-FE35D6209BCF:t1, leader=097459af-dbcb-4086-9fa9-59cd3a0cf8f9, voted=097459af-dbcb-4086-9fa9-59cd3a0cf8f9, raftlog=0e94ed89-1bf2-4207-abde-ac2a1a1292c0@group-FE35D6209BCF-SegmentedRaftLog:OPENED:c6,f6,i10, conf=0: [0e94ed89-1bf2-4207-abde-ac2a1a1292c0:192.168.157.233:33170, 097459af-dbcb-4086-9fa9-59cd3a0cf8f9:192.168.157.233:33970, 60f39956-bae5-4391-8a23-3e89f20c1839:192.168.157.233:44360], old=null RUNNING
2019-09-16 16:19:49,332 [grpc-default-executor-4] INFO  impl.RaftServerImpl (RaftServerImpl.java:lambda$shutdown$3(251)) - 0e94ed89-1bf2-4207-abde-ac2a1a1292c0@group-FE35D6209BCF: shutdown
2019-09-16 16:19:49,333 [grpc-default-executor-4] INFO  util.JmxRegister (JmxRegister.java:unregister(73)) - Successfully un-registered JMX Bean with object name Ratis:service=RaftServer,group=group-FE35D6209BCF,id=0e94ed89-1bf2-4207-abde-ac2a1a1292c0
2019-09-16 16:19:49,333 [grpc-default-executor-4] INFO  impl.RoleInfo (RoleInfo.java:shutdownFollowerState(121)) - 0e94ed89-1bf2-4207-abde-ac2a1a1292c0: shutdown FollowerState
2019-09-16 16:19:49,333 [grpc-default-executor-4] INFO  impl.StateMachineUpdater (StateMachineUpdater.java:stopAndJoin(125)) - 0e94ed89-1bf2-4207-abde-ac2a1a1292c0@group-FE35D6209BCF-StateMachineUpdater: set stopIndex = 6
2019-09-16 16:19:49,333 [0e94ed89-1bf2-4207-abde-ac2a1a1292c0@group-FE35D6209BCF-StateMachineUpdater] INFO  ratis.ContainerStateMachine (ContainerStateMachine.java:takeSnapshot(289)) - group-FE35D6209BCF: Taking a snapshot at:(t:1, i:4) file /workdir/hadoop-ozone/integration-test/target/test-dir/MiniOzoneClusterImpl-a74a7ba0-2214-4035-997c-798efff61e73/datanode-0/data/ratis/85462b92-2962-46a5-958c-fe35d6209bcf/sm/snapshot.1_4
2019-09-16 16:19:49,333 [Thread-318] INFO  impl.FollowerState (FollowerState.java:run(115)) - 0e94ed89-1bf2-4207-abde-ac2a1a1292c0: FollowerState was interrupted: java.lang.InterruptedException: sleep interrupted
2019-09-16 16:19:49,348 [0e94ed89-1bf2-4207-abde-ac2a1a1292c0@group-FE35D6209BCF-StateMachineUpdater] INFO  ratis.ContainerStateMachine (ContainerStateMachine.java:takeSnapshot(300)) - group-FE35D6209BCF: Finished taking a snapshot at:(t:1, i:4) file:/workdir/hadoop-ozone/integration-test/target/test-dir/MiniOzoneClusterImpl-a74a7ba0-2214-4035-997c-798efff61e73/datanode-0/data/ratis/85462b92-2962-46a5-958c-fe35d6209bcf/sm/snapshot.1_4 time:14
2019-09-16 16:19:49,348 [0e94ed89-1bf2-4207-abde-ac2a1a1292c0@group-FE35D6209BCF-StateMachineUpdater] INFO  impl.StateMachineUpdater (StateMachineUpdater.java:takeSnapshot(258)) - 0e94ed89-1bf2-4207-abde-ac2a1a1292c0@group-FE35D6209BCF-StateMachineUpdater: Took a snapshot at index 4
2019-09-16 16:19:49,348 [0e94ed89-1bf2-4207-abde-ac2a1a1292c0@group-FE35D6209BCF-StateMachineUpdater] INFO  impl.StateMachineUpdater (StateMachineUpdater.java:lambda$new$0(83)) - 0e94ed89-1bf2-4207-abde-ac2a1a1292c0@group-FE35D6209BCF-StateMachineUpdater: snapshotIndex: updateIncreasingly -1 -> 4
2019-09-16 16:19:49,348 [0e94ed89-1bf2-4207-abde-ac2a1a1292c0@group-FE35D6209BCF-StateMachineUpdater] INFO  ratis.ContainerStateMachine (ContainerStateMachine.java:takeSnapshot(289)) - group-FE35D6209BCF: Taking a snapshot at:(t:1, i:4) file /workdir/hadoop-ozone/integration-test/target/test-dir/MiniOzoneClusterImpl-a74a7ba0-2214-4035-997c-798efff61e73/datanode-0/data/ratis/85462b92-2962-46a5-958c-fe35d6209bcf/sm/snapshot.1_4
2019-09-16 16:19:49,351 [0e94ed89-1bf2-4207-abde-ac2a1a1292c0@group-FE35D6209BCF-StateMachineUpdater] INFO  ratis.ContainerStateMachine (ContainerStateMachine.java:takeSnapshot(300)) - group-FE35D6209BCF: Finished taking a snapshot at:(t:1, i:4) file:/workdir/hadoop-ozone/integration-test/target/test-dir/MiniOzoneClusterImpl-a74a7ba0-2214-4035-997c-798efff61e73/datanode-0/data/ratis/85462b92-2962-46a5-958c-fe35d6209bcf/sm/snapshot.1_4 time:2
2019-09-16 16:19:49,351 [0e94ed89-1bf2-4207-abde-ac2a1a1292c0@group-FE35D6209BCF-StateMachineUpdater] INFO  impl.StateMachineUpdater (StateMachineUpdater.java:takeSnapshot(258)) - 0e94ed89-1bf2-4207-abde-ac2a1a1292c0@group-FE35D6209BCF-StateMachineUpdater: Took a snapshot at index 4
2019-09-16 16:19:49,351 [0e94ed89-1bf2-4207-abde-ac2a1a1292c0@group-FE35D6209BCF-StateMachineUpdater] INFO  impl.StateMachineUpdater (StateMachineUpdater.java:lambda$new$0(83)) - 0e94ed89-1bf2-4207-abde-ac2a1a1292c0@group-FE35D6209BCF-StateMachineUpdater: snapshotIndex: updateIncreasingly 4 -> 4
2019-09-16 16:19:49,351 [grpc-default-executor-4] INFO  impl.RaftServerImpl (ServerState.java:close(385)) - 0e94ed89-1bf2-4207-abde-ac2a1a1292c0@group-FE35D6209BCF: closes. applyIndex: 6
2019-09-16 16:19:49,354 [0e94ed89-1bf2-4207-abde-ac2a1a1292c0@group-FE35D6209BCF-SegmentedRaftLogWorker] ERROR ratis.XceiverServerRatis (XceiverServerRatis.java:triggerPipelineClose(568)) - pipeline Action CLOSE  on pipeline PipelineID=85462b92-2962-46a5-958c-fe35d6209bcf.Reason : WriteLog:8: (t:1, i:8), STATEMACHINELOGENTRY, client-233D76DA14D6, cid=22-writeStateMachineData interrupted.
2019-09-16 16:19:49,357 [EventQueue-PipelineActionsForPipelineActionHandler] ERROR pipeline.PipelineActionHandler (PipelineActionHandler.java:onMessage(60)) - Received pipeline action CLOSE for Pipeline[ Id: 85462b92-2962-46a5-958c-fe35d6209bcf, Nodes: 097459af-dbcb-4086-9fa9-59cd3a0cf8f9{ip: 192.168.157.233, host: pr-hdds-2120-x62sn-1884063469, networkLocation: /default-rack, certSerialId: null}0e94ed89-1bf2-4207-abde-ac2a1a1292c0{ip: 192.168.157.233, host: pr-hdds-2120-x62sn-1884063469, networkLocation: /default-rack, certSerialId: null}60f39956-bae5-4391-8a23-3e89f20c1839{ip: 192.168.157.233, host: pr-hdds-2120-x62sn-1884063469, networkLocation: /default-rack, certSerialId: null}, Type:RATIS, Factor:THREE, State:CLOSED] from datanode 0e94ed89-1bf2-4207-abde-ac2a1a1292c0{ip: 192.168.157.233, host: pr-hdds-2120-x62sn-1884063469, networkLocation: /default-rack, certSerialId: null}. Reason : WriteLog:8: (t:1, i:8), STATEMACHINELOGENTRY, client-233D76DA14D6, cid=22-writeStateMachineData interrupted.
2019-09-16 16:19:49,357 [EventQueue-PipelineActionsForPipelineActionHandler] INFO  pipeline.SCMPipelineManager (SCMPipelineManager.java:finalizeAndDestroyPipeline(311)) - destroying pipeline:Pipeline[ Id: 85462b92-2962-46a5-958c-fe35d6209bcf, Nodes: 097459af-dbcb-4086-9fa9-59cd3a0cf8f9{ip: 192.168.157.233, host: pr-hdds-2120-x62sn-1884063469, networkLocation: /default-rack, certSerialId: null}0e94ed89-1bf2-4207-abde-ac2a1a1292c0{ip: 192.168.157.233, host: pr-hdds-2120-x62sn-1884063469, networkLocation: /default-rack, certSerialId: null}60f39956-bae5-4391-8a23-3e89f20c1839{ip: 192.168.157.233, host: pr-hdds-2120-x62sn-1884063469, networkLocation: /default-rack, certSerialId: null}, Type:RATIS, Factor:THREE, State:CLOSED]
2019-09-16 16:19:49,357 [grpc-default-executor-4] INFO  segmented.SegmentedRaftLogWorker (SegmentedRaftLogWorker.java:close(228)) - 0e94ed89-1bf2-4207-abde-ac2a1a1292c0@group-FE35D6209BCF-SegmentedRaftLogWorker close()
2019-09-16 16:19:49,365 [grpc-default-executor-4] INFO  interfaces.Container (KeyValueContainer.java:flushAndSyncDB(386)) - Container 1 is synced with bcsId 4.
2019-09-16 16:19:49,365 [grpc-default-executor-4] INFO  interfaces.Container (KeyValueContainer.java:flushAndSyncDB(386)) - Container 1 is synced with bcsId 4.
2019-09-16 16:19:49,392 [grpc-default-executor-4] INFO  interfaces.Container (KeyValueContainer.java:flushAndSyncDB(386)) - Container 3 is synced with bcsId 0.
2019-09-16 16:19:49,392 [grpc-default-executor-4] INFO  interfaces.Container (KeyValueContainer.java:flushAndSyncDB(386)) - Container 3 is synced with bcsId 0.
2019-09-16 16:19:49,418 [grpc-default-executor-4] INFO  impl.RaftServerProxy (RaftServerProxy.java:remove(95)) - 60f39956-bae5-4391-8a23-3e89f20c1839: remove  FOLLOWER 60f39956-bae5-4391-8a23-3e89f20c1839@group-FE35D6209BCF:t1, leader=097459af-dbcb-4086-9fa9-59cd3a0cf8f9, voted=097459af-dbcb-4086-9fa9-59cd3a0cf8f9, raftlog=60f39956-bae5-4391-8a23-3e89f20c1839@group-FE35D6209BCF-SegmentedRaftLog:OPENED:c6,f10,i10, conf=0: [0e94ed89-1bf2-4207-abde-ac2a1a1292c0:192.168.157.233:33170, 097459af-dbcb-4086-9fa9-59cd3a0cf8f9:192.168.157.233:33970, 60f39956-bae5-4391-8a23-3e89f20c1839:192.168.157.233:44360], old=null RUNNING
2019-09-16 16:19:49,418 [grpc-default-executor-4] INFO  impl.RaftServerImpl (RaftServerImpl.java:lambda$shutdown$3(251)) - 60f39956-bae5-4391-8a23-3e89f20c1839@group-FE35D6209BCF: shutdown
2019-09-16 16:19:49,419 [grpc-default-executor-4] INFO  util.JmxRegister (JmxRegister.java:unregister(73)) - Successfully un-registered JMX Bean with object name Ratis:service=RaftServer,group=group-FE35D6209BCF,id=60f39956-bae5-4391-8a23-3e89f20c1839
2019-09-16 16:19:49,419 [grpc-default-executor-4] INFO  impl.RoleInfo (RoleInfo.java:shutdownFollowerState(121)) - 60f39956-bae5-4391-8a23-3e89f20c1839: shutdown FollowerState
2019-09-16 16:19:49,419 [grpc-default-executor-4] INFO  impl.StateMachineUpdater (StateMachineUpdater.java:stopAndJoin(125)) - 60f39956-bae5-4391-8a23-3e89f20c1839@group-FE35D6209BCF-StateMachineUpdater: set stopIndex = 6
2019-09-16 16:19:49,419 [Thread-319] INFO  impl.FollowerState (FollowerState.java:run(115)) - 60f39956-bae5-4391-8a23-3e89f20c1839: FollowerState was interrupted: java.lang.InterruptedException: sleep interrupted
2019-09-16 16:19:49,421 [60f39956-bae5-4391-8a23-3e89f20c1839@group-FE35D6209BCF-StateMachineUpdater] INFO  ratis.ContainerStateMachine (ContainerStateMachine.java:takeSnapshot(289)) - group-FE35D6209BCF: Taking a snapshot at:(t:1, i:4) file /workdir/hadoop-ozone/integration-test/target/test-dir/MiniOzoneClusterImpl-a74a7ba0-2214-4035-997c-798efff61e73/datanode-2/data/ratis/85462b92-2962-46a5-958c-fe35d6209bcf/sm/snapshot.1_4
2019-09-16 16:19:49,439 [60f39956-bae5-4391-8a23-3e89f20c1839@group-FE35D6209BCF-StateMachineUpdater] INFO  ratis.ContainerStateMachine (ContainerStateMachine.java:takeSnapshot(300)) - group-FE35D6209BCF: Finished taking a snapshot at:(t:1, i:4) file:/workdir/hadoop-ozone/integration-test/target/test-dir/MiniOzoneClusterImpl-a74a7ba0-2214-4035-997c-798efff61e73/datanode-2/data/ratis/85462b92-2962-46a5-958c-fe35d6209bcf/sm/snapshot.1_4 time:20
2019-09-16 16:19:49,440 [60f39956-bae5-4391-8a23-3e89f20c1839@group-FE35D6209BCF-StateMachineUpdater] INFO  impl.StateMachineUpdater (StateMachineUpdater.java:takeSnapshot(258)) - 60f39956-bae5-4391-8a23-3e89f20c1839@group-FE35D6209BCF-StateMachineUpdater: Took a snapshot at index 4
2019-09-16 16:19:49,440 [60f39956-bae5-4391-8a23-3e89f20c1839@group-FE35D6209BCF-StateMachineUpdater] INFO  impl.StateMachineUpdater (StateMachineUpdater.java:lambda$new$0(83)) - 60f39956-bae5-4391-8a23-3e89f20c1839@group-FE35D6209BCF-StateMachineUpdater: snapshotIndex: updateIncreasingly -1 -> 4
2019-09-16 16:19:49,440 [60f39956-bae5-4391-8a23-3e89f20c1839@group-FE35D6209BCF-StateMachineUpdater] INFO  ratis.ContainerStateMachine (ContainerStateMachine.java:takeSnapshot(289)) - group-FE35D6209BCF: Taking a snapshot at:(t:1, i:4) file /workdir/hadoop-ozone/integration-test/target/test-dir/MiniOzoneClusterImpl-a74a7ba0-2214-4035-997c-798efff61e73/datanode-2/data/ratis/85462b92-2962-46a5-958c-fe35d6209bcf/sm/snapshot.1_4
2019-09-16 16:19:49,466 [60f39956-bae5-4391-8a23-3e89f20c1839@group-FE35D6209BCF-StateMachineUpdater] INFO  ratis.ContainerStateMachine (ContainerStateMachine.java:takeSnapshot(300)) - group-FE35D6209BCF: Finished taking a snapshot at:(t:1, i:4) file:/workdir/hadoop-ozone/integration-test/target/test-dir/MiniOzoneClusterImpl-a74a7ba0-2214-4035-997c-798efff61e73/datanode-2/data/ratis/85462b92-2962-46a5-958c-fe35d6209bcf/sm/snapshot.1_4 time:26
2019-09-16 16:19:49,467 [60f39956-bae5-4391-8a23-3e89f20c1839@group-FE35D6209BCF-StateMachineUpdater] INFO  impl.StateMachineUpdater (StateMachineUpdater.java:takeSnapshot(258)) - 60f39956-bae5-4391-8a23-3e89f20c1839@group-FE35D6209BCF-StateMachineUpdater: Took a snapshot at index 4
2019-09-16 16:19:49,467 [60f39956-bae5-4391-8a23-3e89f20c1839@group-FE35D6209BCF-StateMachineUpdater] INFO  impl.StateMachineUpdater (StateMachineUpdater.java:lambda$new$0(83)) - 60f39956-bae5-4391-8a23-3e89f20c1839@group-FE35D6209BCF-StateMachineUpdater: snapshotIndex: updateIncreasingly 4 -> 4
2019-09-16 16:19:49,467 [grpc-default-executor-4] INFO  impl.RaftServerImpl (ServerState.java:close(385)) - 60f39956-bae5-4391-8a23-3e89f20c1839@group-FE35D6209BCF: closes. applyIndex: 6
2019-09-16 16:19:49,468 [60f39956-bae5-4391-8a23-3e89f20c1839@group-FE35D6209BCF-SegmentedRaftLogWorker] INFO  segmented.SegmentedRaftLogWorker (SegmentedRaftLogWorker.java:run(313)) - 60f39956-bae5-4391-8a23-3e89f20c1839@group-FE35D6209BCF-SegmentedRaftLogWorker was interrupted, exiting. There are 0 tasks remaining in the queue.
2019-09-16 16:19:49,470 [grpc-default-executor-4] INFO  segmented.SegmentedRaftLogWorker (SegmentedRaftLogWorker.java:close(228)) - 60f39956-bae5-4391-8a23-3e89f20c1839@group-FE35D6209BCF-SegmentedRaftLogWorker close()
2019-09-16 16:19:49,486 [grpc-default-executor-4] INFO  interfaces.Container (KeyValueContainer.java:flushAndSyncDB(386)) - Container 1 is synced with bcsId 4.
2019-09-16 16:19:49,486 [grpc-default-executor-4] INFO  interfaces.Container (KeyValueContainer.java:flushAndSyncDB(386)) - Container 1 is synced with bcsId 4.
2019-09-16 16:19:49,557 [grpc-default-executor-4] INFO  interfaces.Container (KeyValueContainer.java:flushAndSyncDB(386)) - Container 3 is synced with bcsId 0.
2019-09-16 16:19:49,557 [grpc-default-executor-4] INFO  interfaces.Container (KeyValueContainer.java:flushAndSyncDB(386)) - Container 3 is synced with bcsId 0.
2019-09-16 16:19:49,576 [RatisPipelineUtilsThread] INFO  pipeline.PipelineStateManager (PipelineStateManager.java:removePipeline(108)) - Pipeline Pipeline[ Id: 85462b92-2962-46a5-958c-fe35d6209bcf, Nodes: 097459af-dbcb-4086-9fa9-59cd3a0cf8f9{ip: 192.168.157.233, host: pr-hdds-2120-x62sn-1884063469, networkLocation: /default-rack, certSerialId: null}0e94ed89-1bf2-4207-abde-ac2a1a1292c0{ip: 192.168.157.233, host: pr-hdds-2120-x62sn-1884063469, networkLocation: /default-rack, certSerialId: null}60f39956-bae5-4391-8a23-3e89f20c1839{ip: 192.168.157.233, host: pr-hdds-2120-x62sn-1884063469, networkLocation: /default-rack, certSerialId: null}, Type:RATIS, Factor:THREE, State:CLOSED] removed from db
2019-09-16 16:19:49,600 [grpc-default-executor-4] INFO  impl.RaftServerProxy (RaftServerProxy.java:addNew(89)) - 097459af-dbcb-4086-9fa9-59cd3a0cf8f9: addNew group-7E8A351F94E0:[0e94ed89-1bf2-4207-abde-ac2a1a1292c0:192.168.157.233:33170, 097459af-dbcb-4086-9fa9-59cd3a0cf8f9:192.168.157.233:33970, 60f39956-bae5-4391-8a23-3e89f20c1839:192.168.157.233:44360] returns group-7E8A351F94E0:java.util.concurrent.CompletableFuture@2fd40ea3[Not completed]
2019-09-16 16:19:49,602 [grpc-default-executor-1] INFO  impl.RaftServerProxy (RaftServerProxy.java:addNew(89)) - 60f39956-bae5-4391-8a23-3e89f20c1839: addNew group-7E8A351F94E0:[0e94ed89-1bf2-4207-abde-ac2a1a1292c0:192.168.157.233:33170, 097459af-dbcb-4086-9fa9-59cd3a0cf8f9:192.168.157.233:33970, 60f39956-bae5-4391-8a23-3e89f20c1839:192.168.157.233:44360] returns group-7E8A351F94E0:java.util.concurrent.CompletableFuture@2c6cf3df[Not completed]
2019-09-16 16:19:49,602 [grpc-default-executor-0] INFO  impl.RaftServerProxy (RaftServerProxy.java:addNew(89)) - 0e94ed89-1bf2-4207-abde-ac2a1a1292c0: addNew group-7E8A351F94E0:[0e94ed89-1bf2-4207-abde-ac2a1a1292c0:192.168.157.233:33170, 097459af-dbcb-4086-9fa9-59cd3a0cf8f9:192.168.157.233:33970, 60f39956-bae5-4391-8a23-3e89f20c1839:192.168.157.233:44360] returns group-7E8A351F94E0:java.util.concurrent.CompletableFuture@4880941f[Not completed]
2019-09-16 16:19:49,605 [pool-47-thread-1] INFO  impl.RaftServerImpl (RaftServerImpl.java:<init>(95)) - 60f39956-bae5-4391-8a23-3e89f20c1839: new RaftServerImpl for group-7E8A351F94E0:[0e94ed89-1bf2-4207-abde-ac2a1a1292c0:192.168.157.233:33170, 097459af-dbcb-4086-9fa9-59cd3a0cf8f9:192.168.157.233:33970, 60f39956-bae5-4391-8a23-3e89f20c1839:192.168.157.233:44360] with ContainerStateMachine:uninitialized
2019-09-16 16:19:49,605 [pool-47-thread-1] INFO  server.RaftServerConfigKeys (ConfUtils.java:logGet(43)) - raft.server.rpc.timeout.min = 5s (custom)
2019-09-16 16:19:49,605 [pool-47-thread-1] INFO  server.RaftServerConfigKeys (ConfUtils.java:logGet(43)) - raft.server.rpc.timeout.max = 5200ms (custom)
2019-09-16 16:19:49,605 [pool-47-thread-1] INFO  server.RaftServerConfigKeys (ConfUtils.java:logGet(43)) - raft.server.rpcslowness.timeout = 120s (custom)
2019-09-16 16:19:49,605 [pool-47-thread-1] INFO  server.RaftServerConfigKeys (ConfUtils.java:logGet(43)) - raft.server.sleep.deviation.threshold = 300 (default)
2019-09-16 16:19:49,606 [pool-47-thread-1] INFO  server.RaftServerConfigKeys (ConfUtils.java:logGet(43)) - raft.server.log.appender.install.snapshot.enabled = false (custom)
2019-09-16 16:19:49,606 [pool-47-thread-1] INFO  impl.RaftServerImpl (ServerState.java:<init>(103)) - 60f39956-bae5-4391-8a23-3e89f20c1839@group-7E8A351F94E0: ConfigurationManager, init=-1: [0e94ed89-1bf2-4207-abde-ac2a1a1292c0:192.168.157.233:33170, 097459af-dbcb-4086-9fa9-59cd3a0cf8f9:192.168.157.233:33970, 60f39956-bae5-4391-8a23-3e89f20c1839:192.168.157.233:44360], old=null, confs=<EMPTY_MAP>
2019-09-16 16:19:49,606 [pool-47-thread-1] INFO  server.RaftServerConfigKeys (ConfUtils.java:logGet(43)) - raft.server.storage.dir = [/workdir/hadoop-ozone/integration-test/target/test-dir/MiniOzoneClusterImpl-a74a7ba0-2214-4035-997c-798efff61e73/datanode-2/data/ratis] (custom)
2019-09-16 16:19:49,606 [pool-27-thread-1] INFO  impl.RaftServerImpl (RaftServerImpl.java:<init>(95)) - 0e94ed89-1bf2-4207-abde-ac2a1a1292c0: new RaftServerImpl for group-7E8A351F94E0:[0e94ed89-1bf2-4207-abde-ac2a1a1292c0:192.168.157.233:33170, 097459af-dbcb-4086-9fa9-59cd3a0cf8f9:192.168.157.233:33970, 60f39956-bae5-4391-8a23-3e89f20c1839:192.168.157.233:44360] with ContainerStateMachine:uninitialized
2019-09-16 16:19:49,606 [pool-47-thread-1] INFO  storage.RaftStorageDirectory (RaftStorageDirectory.java:analyzeStorage(246)) - The storage directory /workdir/hadoop-ozone/integration-test/target/test-dir/MiniOzoneClusterImpl-a74a7ba0-2214-4035-997c-798efff61e73/datanode-2/data/ratis/de14a331-a546-4f8c-ba05-7e8a351f94e0 does not exist. Creating ...
2019-09-16 16:19:49,606 [pool-27-thread-1] INFO  server.RaftServerConfigKeys (ConfUtils.java:logGet(43)) - raft.server.rpc.timeout.min = 5s (custom)
2019-09-16 16:19:49,607 [pool-27-thread-1] INFO  server.RaftServerConfigKeys (ConfUtils.java:logGet(43)) - raft.server.rpc.timeout.max = 5200ms (custom)
2019-09-16 16:19:49,607 [pool-27-thread-1] INFO  server.RaftServerConfigKeys (ConfUtils.java:logGet(43)) - raft.server.rpcslowness.timeout = 120s (custom)
2019-09-16 16:19:49,607 [pool-27-thread-1] INFO  server.RaftServerConfigKeys (ConfUtils.java:logGet(43)) - raft.server.sleep.deviation.threshold = 300 (default)
2019-09-16 16:19:49,607 [pool-27-thread-1] INFO  server.RaftServerConfigKeys (ConfUtils.java:logGet(43)) - raft.server.log.appender.install.snapshot.enabled = false (custom)
2019-09-16 16:19:49,607 [pool-27-thread-1] INFO  impl.RaftServerImpl (ServerState.java:<init>(103)) - 0e94ed89-1bf2-4207-abde-ac2a1a1292c0@group-7E8A351F94E0: ConfigurationManager, init=-1: [0e94ed89-1bf2-4207-abde-ac2a1a1292c0:192.168.157.233:33170, 097459af-dbcb-4086-9fa9-59cd3a0cf8f9:192.168.157.233:33970, 60f39956-bae5-4391-8a23-3e89f20c1839:192.168.157.233:44360], old=null, confs=<EMPTY_MAP>
2019-09-16 16:19:49,607 [pool-57-thread-1] INFO  impl.RaftServerImpl (RaftServerImpl.java:<init>(95)) - 097459af-dbcb-4086-9fa9-59cd3a0cf8f9: new RaftServerImpl for group-7E8A351F94E0:[0e94ed89-1bf2-4207-abde-ac2a1a1292c0:192.168.157.233:33170, 097459af-dbcb-4086-9fa9-59cd3a0cf8f9:192.168.157.233:33970, 60f39956-bae5-4391-8a23-3e89f20c1839:192.168.157.233:44360] with ContainerStateMachine:uninitialized
2019-09-16 16:19:49,608 [pool-27-thread-1] INFO  server.RaftServerConfigKeys (ConfUtils.java:logGet(43)) - raft.server.storage.dir = [/workdir/hadoop-ozone/integration-test/target/test-dir/MiniOzoneClusterImpl-a74a7ba0-2214-4035-997c-798efff61e73/datanode-0/data/ratis] (custom)
2019-09-16 16:19:49,608 [pool-57-thread-1] INFO  server.RaftServerConfigKeys (ConfUtils.java:logGet(43)) - raft.server.rpc.timeout.min = 5s (custom)
2019-09-16 16:19:49,608 [pool-57-thread-1] INFO  server.RaftServerConfigKeys (ConfUtils.java:logGet(43)) - raft.server.rpc.timeout.max = 5200ms (custom)
2019-09-16 16:19:49,608 [pool-27-thread-1] INFO  storage.RaftStorageDirectory (RaftStorageDirectory.java:analyzeStorage(246)) - The storage directory /workdir/hadoop-ozone/integration-test/target/test-dir/MiniOzoneClusterImpl-a74a7ba0-2214-4035-997c-798efff61e73/datanode-0/data/ratis/de14a331-a546-4f8c-ba05-7e8a351f94e0 does not exist. Creating ...
2019-09-16 16:19:49,608 [pool-57-thread-1] INFO  server.RaftServerConfigKeys (ConfUtils.java:logGet(43)) - raft.server.rpcslowness.timeout = 120s (custom)
2019-09-16 16:19:49,608 [pool-57-thread-1] INFO  server.RaftServerConfigKeys (ConfUtils.java:logGet(43)) - raft.server.sleep.deviation.threshold = 300 (default)
2019-09-16 16:19:49,609 [pool-57-thread-1] INFO  server.RaftServerConfigKeys (ConfUtils.java:logGet(43)) - raft.server.log.appender.install.snapshot.enabled = false (custom)
2019-09-16 16:19:49,609 [pool-57-thread-1] INFO  impl.RaftServerImpl (ServerState.java:<init>(103)) - 097459af-dbcb-4086-9fa9-59cd3a0cf8f9@group-7E8A351F94E0: ConfigurationManager, init=-1: [0e94ed89-1bf2-4207-abde-ac2a1a1292c0:192.168.157.233:33170, 097459af-dbcb-4086-9fa9-59cd3a0cf8f9:192.168.157.233:33970, 60f39956-bae5-4391-8a23-3e89f20c1839:192.168.157.233:44360], old=null, confs=<EMPTY_MAP>
2019-09-16 16:19:49,609 [pool-57-thread-1] INFO  server.RaftServerConfigKeys (ConfUtils.java:logGet(43)) - raft.server.storage.dir = [/workdir/hadoop-ozone/integration-test/target/test-dir/MiniOzoneClusterImpl-a74a7ba0-2214-4035-997c-798efff61e73/datanode-3/data/ratis] (custom)
2019-09-16 16:19:49,609 [pool-57-thread-1] INFO  storage.RaftStorageDirectory (RaftStorageDirectory.java:analyzeStorage(246)) - The storage directory /workdir/hadoop-ozone/integration-test/target/test-dir/MiniOzoneClusterImpl-a74a7ba0-2214-4035-997c-798efff61e73/datanode-3/data/ratis/de14a331-a546-4f8c-ba05-7e8a351f94e0 does not exist. Creating ...
2019-09-16 16:19:49,620 [pool-47-thread-1] INFO  storage.RaftStorageDirectory (RaftStorageDirectory.java:tryLock(328)) - Lock on /workdir/hadoop-ozone/integration-test/target/test-dir/MiniOzoneClusterImpl-a74a7ba0-2214-4035-997c-798efff61e73/datanode-2/data/ratis/de14a331-a546-4f8c-ba05-7e8a351f94e0/in_use.lock acquired by nodename 21151@pr-hdds-2120-x62sn-1884063469
2019-09-16 16:19:49,620 [pool-57-thread-1] INFO  storage.RaftStorageDirectory (RaftStorageDirectory.java:tryLock(328)) - Lock on /workdir/hadoop-ozone/integration-test/target/test-dir/MiniOzoneClusterImpl-a74a7ba0-2214-4035-997c-798efff61e73/datanode-3/data/ratis/de14a331-a546-4f8c-ba05-7e8a351f94e0/in_use.lock acquired by nodename 21151@pr-hdds-2120-x62sn-1884063469
2019-09-16 16:19:49,620 [pool-27-thread-1] INFO  storage.RaftStorageDirectory (RaftStorageDirectory.java:tryLock(328)) - Lock on /workdir/hadoop-ozone/integration-test/target/test-dir/MiniOzoneClusterImpl-a74a7ba0-2214-4035-997c-798efff61e73/datanode-0/data/ratis/de14a331-a546-4f8c-ba05-7e8a351f94e0/in_use.lock acquired by nodename 21151@pr-hdds-2120-x62sn-1884063469
2019-09-16 16:19:49,647 [pool-47-thread-1] INFO  storage.RaftStorage (RaftStorage.java:format(72)) - Storage directory /workdir/hadoop-ozone/integration-test/target/test-dir/MiniOzoneClusterImpl-a74a7ba0-2214-4035-997c-798efff61e73/datanode-2/data/ratis/de14a331-a546-4f8c-ba05-7e8a351f94e0 has been successfully formatted.
2019-09-16 16:19:49,647 [pool-57-thread-1] INFO  storage.RaftStorage (RaftStorage.java:format(72)) - Storage directory /workdir/hadoop-ozone/integration-test/target/test-dir/MiniOzoneClusterImpl-a74a7ba0-2214-4035-997c-798efff61e73/datanode-3/data/ratis/de14a331-a546-4f8c-ba05-7e8a351f94e0 has been successfully formatted.
2019-09-16 16:19:49,647 [pool-47-thread-1] INFO  ratis.ContainerStateMachine (ContainerStateMachine.java:loadSnapshot(230)) - group-7E8A351F94E0: The snapshot info is null. Setting the last applied indexto:(t:0, i:~)
2019-09-16 16:19:49,647 [pool-27-thread-1] INFO  storage.RaftStorage (RaftStorage.java:format(72)) - Storage directory /workdir/hadoop-ozone/integration-test/target/test-dir/MiniOzoneClusterImpl-a74a7ba0-2214-4035-997c-798efff61e73/datanode-0/data/ratis/de14a331-a546-4f8c-ba05-7e8a351f94e0 has been successfully formatted.
2019-09-16 16:19:49,647 [pool-47-thread-1] INFO  server.RaftServerConfigKeys (ConfUtils.java:logGet(43)) - raft.server.notification.no-leader.timeout = 120s (custom)
2019-09-16 16:19:49,647 [pool-57-thread-1] INFO  ratis.ContainerStateMachine (ContainerStateMachine.java:loadSnapshot(230)) - group-7E8A351F94E0: The snapshot info is null. Setting the last applied indexto:(t:0, i:~)
2019-09-16 16:19:49,648 [pool-47-thread-1] INFO  server.RaftServerConfigKeys (ConfUtils.java:logGet(43)) - raft.server.log.use.memory = false (default)
2019-09-16 16:19:49,647 [pool-27-thread-1] INFO  ratis.ContainerStateMachine (ContainerStateMachine.java:loadSnapshot(230)) - group-7E8A351F94E0: The snapshot info is null. Setting the last applied indexto:(t:0, i:~)
2019-09-16 16:19:49,648 [pool-47-thread-1] INFO  server.RaftServerConfigKeys (ConfUtils.java:logGet(43)) - raft.server.log.purge.gap = 1000000 (custom)
2019-09-16 16:19:49,648 [pool-57-thread-1] INFO  server.RaftServerConfigKeys (ConfUtils.java:logGet(43)) - raft.server.notification.no-leader.timeout = 120s (custom)
2019-09-16 16:19:49,648 [pool-47-thread-1] INFO  server.RaftServerConfigKeys (ConfUtils.java:logGet(43)) - raft.server.log.appender.buffer.byte-limit = 33554432 (custom)
2019-09-16 16:19:49,648 [pool-27-thread-1] INFO  server.RaftServerConfigKeys (ConfUtils.java:logGet(43)) - raft.server.notification.no-leader.timeout = 120s (custom)
2019-09-16 16:19:49,648 [pool-47-thread-1] INFO  server.RaftServerConfigKeys (ConfUtils.java:logGet(43)) - raft.server.log.segment.size.max = 1048576 (custom)
2019-09-16 16:19:49,648 [pool-57-thread-1] INFO  server.RaftServerConfigKeys (ConfUtils.java:logGet(43)) - raft.server.log.use.memory = false (default)
2019-09-16 16:19:49,649 [pool-47-thread-1] INFO  server.RaftServerConfigKeys (ConfUtils.java:logGet(43)) - raft.server.log.segment.cache.num.max = 2 (custom)
2019-09-16 16:19:49,648 [pool-27-thread-1] INFO  server.RaftServerConfigKeys (ConfUtils.java:logGet(43)) - raft.server.log.use.memory = false (default)
2019-09-16 16:19:49,649 [pool-47-thread-1] INFO  segmented.SegmentedRaftLogWorker (SegmentedRaftLogWorker.java:<init>(172)) - new 60f39956-bae5-4391-8a23-3e89f20c1839@group-7E8A351F94E0-SegmentedRaftLogWorker for RaftStorage:Storage Directory /workdir/hadoop-ozone/integration-test/target/test-dir/MiniOzoneClusterImpl-a74a7ba0-2214-4035-997c-798efff61e73/datanode-2/data/ratis/de14a331-a546-4f8c-ba05-7e8a351f94e0
2019-09-16 16:19:49,649 [pool-57-thread-1] INFO  server.RaftServerConfigKeys (ConfUtils.java:logGet(43)) - raft.server.log.purge.gap = 1000000 (custom)
2019-09-16 16:19:49,649 [pool-47-thread-1] INFO  server.RaftServerConfigKeys (ConfUtils.java:logGet(43)) - raft.server.log.queue.byte-limit = 2147483647 (custom)
2019-09-16 16:19:49,649 [pool-27-thread-1] INFO  server.RaftServerConfigKeys (ConfUtils.java:logGet(43)) - raft.server.log.purge.gap = 1000000 (custom)
2019-09-16 16:19:49,649 [pool-47-thread-1] INFO  server.RaftServerConfigKeys (ConfUtils.java:logGet(43)) - raft.server.log.queue.element-limit = 1024 (custom)
2019-09-16 16:19:49,649 [pool-57-thread-1] INFO  server.RaftServerConfigKeys (ConfUtils.java:logGet(43)) - raft.server.log.appender.buffer.byte-limit = 33554432 (custom)
2019-09-16 16:19:49,650 [pool-47-thread-1] INFO  server.RaftServerConfigKeys (ConfUtils.java:logGet(43)) - raft.server.log.segment.size.max = 1048576 (custom)
2019-09-16 16:19:49,649 [pool-27-thread-1] INFO  server.RaftServerConfigKeys (ConfUtils.java:logGet(43)) - raft.server.log.appender.buffer.byte-limit = 33554432 (custom)
2019-09-16 16:19:49,650 [pool-27-thread-1] INFO  server.RaftServerConfigKeys (ConfUtils.java:logGet(43)) - raft.server.log.segment.size.max = 1048576 (custom)
2019-09-16 16:19:49,650 [pool-47-thread-1] INFO  server.RaftServerConfigKeys (ConfUtils.java:logGet(43)) - raft.server.log.preallocated.size = 16384 (custom)
2019-09-16 16:19:49,650 [pool-57-thread-1] INFO  server.RaftServerConfigKeys (ConfUtils.java:logGet(43)) - raft.server.log.segment.size.max = 1048576 (custom)
2019-09-16 16:19:49,650 [pool-47-thread-1] INFO  server.RaftServerConfigKeys (ConfUtils.java:logGet(43)) - raft.server.log.write.buffer.size = 33554432 (custom)
2019-09-16 16:19:49,650 [pool-27-thread-1] INFO  server.RaftServerConfigKeys (ConfUtils.java:logGet(43)) - raft.server.log.segment.cache.num.max = 2 (custom)
2019-09-16 16:19:49,651 [pool-47-thread-1] INFO  server.RaftServerConfigKeys (ConfUtils.java:logGet(43)) - raft.server.log.force.sync.num = 128 (default)
2019-09-16 16:19:49,650 [pool-57-thread-1] INFO  server.RaftServerConfigKeys (ConfUtils.java:logGet(43)) - raft.server.log.segment.cache.num.max = 2 (custom)
2019-09-16 16:19:49,651 [pool-47-thread-1] INFO  server.RaftServerConfigKeys (ConfUtils.java:logGet(43)) - raft.server.log.statemachine.data.sync = true (default)
2019-09-16 16:19:49,651 [pool-27-thread-1] INFO  segmented.SegmentedRaftLogWorker (SegmentedRaftLogWorker.java:<init>(172)) - new 0e94ed89-1bf2-4207-abde-ac2a1a1292c0@group-7E8A351F94E0-SegmentedRaftLogWorker for RaftStorage:Storage Directory /workdir/hadoop-ozone/integration-test/target/test-dir/MiniOzoneClusterImpl-a74a7ba0-2214-4035-997c-798efff61e73/datanode-0/data/ratis/de14a331-a546-4f8c-ba05-7e8a351f94e0
2019-09-16 16:19:49,651 [pool-47-thread-1] INFO  server.RaftServerConfigKeys (ConfUtils.java:logGet(43)) - raft.server.log.statemachine.data.sync.timeout = 10s (default)
2019-09-16 16:19:49,651 [pool-57-thread-1] INFO  segmented.SegmentedRaftLogWorker (SegmentedRaftLogWorker.java:<init>(172)) - new 097459af-dbcb-4086-9fa9-59cd3a0cf8f9@group-7E8A351F94E0-SegmentedRaftLogWorker for RaftStorage:Storage Directory /workdir/hadoop-ozone/integration-test/target/test-dir/MiniOzoneClusterImpl-a74a7ba0-2214-4035-997c-798efff61e73/datanode-3/data/ratis/de14a331-a546-4f8c-ba05-7e8a351f94e0
2019-09-16 16:19:49,652 [pool-47-thread-1] INFO  server.RaftServerConfigKeys (ConfUtils.java:logGet(43)) - raft.server.log.statemachine.data.sync.timeout.retry = -1 (default)
2019-09-16 16:19:49,651 [pool-27-thread-1] INFO  server.RaftServerConfigKeys (ConfUtils.java:logGet(43)) - raft.server.log.queue.byte-limit = 2147483647 (custom)
2019-09-16 16:19:49,652 [pool-47-thread-1] INFO  server.RaftServerConfigKeys (ConfUtils.java:logGet(43)) - raft.server.log.statemachine.data.caching.enabled = true (custom)
2019-09-16 16:19:49,652 [pool-57-thread-1] INFO  server.RaftServerConfigKeys (ConfUtils.java:logGet(43)) - raft.server.log.queue.byte-limit = 2147483647 (custom)
2019-09-16 16:19:49,652 [pool-27-thread-1] INFO  server.RaftServerConfigKeys (ConfUtils.java:logGet(43)) - raft.server.log.queue.element-limit = 1024 (custom)
2019-09-16 16:19:49,653 [pool-47-thread-1] INFO  segmented.SegmentedRaftLogWorker (SegmentedRaftLogWorker.java:lambda$new$0(132)) - 60f39956-bae5-4391-8a23-3e89f20c1839@group-7E8A351F94E0-SegmentedRaftLogWorker: flushIndex: setUnconditionally 0 -> -1
2019-09-16 16:19:49,652 [pool-57-thread-1] INFO  server.RaftServerConfigKeys (ConfUtils.java:logGet(43)) - raft.server.log.queue.element-limit = 1024 (custom)
2019-09-16 16:19:49,653 [pool-27-thread-1] INFO  server.RaftServerConfigKeys (ConfUtils.java:logGet(43)) - raft.server.log.segment.size.max = 1048576 (custom)
2019-09-16 16:19:49,653 [pool-57-thread-1] INFO  server.RaftServerConfigKeys (ConfUtils.java:logGet(43)) - raft.server.log.segment.size.max = 1048576 (custom)
2019-09-16 16:19:49,653 [pool-47-thread-1] INFO  server.RaftServerConfigKeys (ConfUtils.java:logGet(43)) - raft.server.snapshot.auto.trigger.enabled = true (custom)
2019-09-16 16:19:49,653 [pool-57-thread-1] INFO  server.RaftServerConfigKeys (ConfUtils.java:logGet(43)) - raft.server.log.preallocated.size = 16384 (custom)
2019-09-16 16:19:49,653 [pool-27-thread-1] INFO  server.RaftServerConfigKeys (ConfUtils.java:logGet(43)) - raft.server.log.preallocated.size = 16384 (custom)
2019-09-16 16:19:49,654 [pool-57-thread-1] INFO  server.RaftServerConfigKeys (ConfUtils.java:logGet(43)) - raft.server.log.write.buffer.size = 33554432 (custom)
2019-09-16 16:19:49,653 [pool-47-thread-1] INFO  server.RaftServerConfigKeys (ConfUtils.java:logGet(43)) - raft.server.snapshot.auto.trigger.threshold = 10000 (custom)
2019-09-16 16:19:49,654 [pool-57-thread-1] INFO  server.RaftServerConfigKeys (ConfUtils.java:logGet(43)) - raft.server.log.force.sync.num = 128 (default)
2019-09-16 16:19:49,654 [pool-57-thread-1] INFO  server.RaftServerConfigKeys (ConfUtils.java:logGet(43)) - raft.server.log.statemachine.data.sync = true (default)
2019-09-16 16:19:49,654 [pool-27-thread-1] INFO  server.RaftServerConfigKeys (ConfUtils.java:logGet(43)) - raft.server.log.write.buffer.size = 33554432 (custom)
2019-09-16 16:19:49,654 [pool-57-thread-1] INFO  server.RaftServerConfigKeys (ConfUtils.java:logGet(43)) - raft.server.log.statemachine.data.sync.timeout = 10s (default)
2019-09-16 16:19:49,655 [pool-57-thread-1] INFO  server.RaftServerConfigKeys (ConfUtils.java:logGet(43)) - raft.server.log.statemachine.data.sync.timeout.retry = -1 (default)
2019-09-16 16:19:49,654 [pool-47-thread-1] INFO  server.RaftServerConfigKeys (ConfUtils.java:logGet(43)) - raft.server.snapshot.retention.num.files = -1 (default)
2019-09-16 16:19:49,655 [pool-57-thread-1] INFO  server.RaftServerConfigKeys (ConfUtils.java:logGet(43)) - raft.server.log.statemachine.data.caching.enabled = true (custom)
2019-09-16 16:19:49,655 [pool-27-thread-1] INFO  server.RaftServerConfigKeys (ConfUtils.java:logGet(43)) - raft.server.log.force.sync.num = 128 (default)
2019-09-16 16:19:49,655 [pool-47-thread-1] INFO  server.RaftServerConfigKeys (ConfUtils.java:logGet(43)) - raft.server.retrycache.expirytime = 600000ms (custom)
2019-09-16 16:19:49,655 [pool-27-thread-1] INFO  server.RaftServerConfigKeys (ConfUtils.java:logGet(43)) - raft.server.log.statemachine.data.sync = true (default)
2019-09-16 16:19:49,655 [pool-57-thread-1] INFO  segmented.SegmentedRaftLogWorker (SegmentedRaftLogWorker.java:lambda$new$0(132)) - 097459af-dbcb-4086-9fa9-59cd3a0cf8f9@group-7E8A351F94E0-SegmentedRaftLogWorker: flushIndex: setUnconditionally 0 -> -1
2019-09-16 16:19:49,656 [pool-27-thread-1] INFO  server.RaftServerConfigKeys (ConfUtils.java:logGet(43)) - raft.server.log.statemachine.data.sync.timeout = 10s (default)
2019-09-16 16:19:49,656 [pool-27-thread-1] INFO  server.RaftServerConfigKeys (ConfUtils.java:logGet(43)) - raft.server.log.statemachine.data.sync.timeout.retry = -1 (default)
2019-09-16 16:19:49,656 [pool-57-thread-1] INFO  server.RaftServerConfigKeys (ConfUtils.java:logGet(43)) - raft.server.snapshot.auto.trigger.enabled = true (custom)
2019-09-16 16:19:49,656 [pool-27-thread-1] INFO  server.RaftServerConfigKeys (ConfUtils.java:logGet(43)) - raft.server.log.statemachine.data.caching.enabled = true (custom)
2019-09-16 16:19:49,656 [pool-57-thread-1] INFO  server.RaftServerConfigKeys (ConfUtils.java:logGet(43)) - raft.server.snapshot.auto.trigger.threshold = 10000 (custom)
2019-09-16 16:19:49,656 [pool-57-thread-1] INFO  server.RaftServerConfigKeys (ConfUtils.java:logGet(43)) - raft.server.snapshot.retention.num.files = -1 (default)
2019-09-16 16:19:49,656 [pool-27-thread-1] INFO  segmented.SegmentedRaftLogWorker (SegmentedRaftLogWorker.java:lambda$new$0(132)) - 0e94ed89-1bf2-4207-abde-ac2a1a1292c0@group-7E8A351F94E0-SegmentedRaftLogWorker: flushIndex: setUnconditionally 0 -> -1
2019-09-16 16:19:49,657 [pool-57-thread-1] INFO  server.RaftServerConfigKeys (ConfUtils.java:logGet(43)) - raft.server.retrycache.expirytime = 600000ms (custom)
2019-09-16 16:19:49,657 [pool-27-thread-1] INFO  server.RaftServerConfigKeys (ConfUtils.java:logGet(43)) - raft.server.snapshot.auto.trigger.enabled = true (custom)
2019-09-16 16:19:49,657 [pool-27-thread-1] INFO  server.RaftServerConfigKeys (ConfUtils.java:logGet(43)) - raft.server.snapshot.auto.trigger.threshold = 10000 (custom)
2019-09-16 16:19:49,657 [pool-27-thread-1] INFO  server.RaftServerConfigKeys (ConfUtils.java:logGet(43)) - raft.server.snapshot.retention.num.files = -1 (default)
2019-09-16 16:19:49,657 [pool-27-thread-1] INFO  server.RaftServerConfigKeys (ConfUtils.java:logGet(43)) - raft.server.retrycache.expirytime = 600000ms (custom)
2019-09-16 16:19:49,661 [pool-47-thread-1] INFO  impl.RaftServerImpl (RaftServerImpl.java:start(185)) - 60f39956-bae5-4391-8a23-3e89f20c1839@group-7E8A351F94E0: start as a follower, conf=-1: [0e94ed89-1bf2-4207-abde-ac2a1a1292c0:192.168.157.233:33170, 097459af-dbcb-4086-9fa9-59cd3a0cf8f9:192.168.157.233:33970, 60f39956-bae5-4391-8a23-3e89f20c1839:192.168.157.233:44360], old=null
2019-09-16 16:19:49,661 [pool-47-thread-1] INFO  impl.RaftServerImpl (RaftServerImpl.java:setRole(174)) - 60f39956-bae5-4391-8a23-3e89f20c1839@group-7E8A351F94E0: changes role from      null to FOLLOWER at term 0 for startAsFollower
2019-09-16 16:19:49,661 [pool-47-thread-1] INFO  impl.RoleInfo (RoleInfo.java:updateAndGet(143)) - 60f39956-bae5-4391-8a23-3e89f20c1839: start FollowerState
2019-09-16 16:19:49,661 [pool-57-thread-1] INFO  impl.RaftServerImpl (RaftServerImpl.java:start(185)) - 097459af-dbcb-4086-9fa9-59cd3a0cf8f9@group-7E8A351F94E0: start as a follower, conf=-1: [0e94ed89-1bf2-4207-abde-ac2a1a1292c0:192.168.157.233:33170, 097459af-dbcb-4086-9fa9-59cd3a0cf8f9:192.168.157.233:33970, 60f39956-bae5-4391-8a23-3e89f20c1839:192.168.157.233:44360], old=null
2019-09-16 16:19:49,661 [pool-27-thread-1] INFO  impl.RaftServerImpl (RaftServerImpl.java:start(185)) - 0e94ed89-1bf2-4207-abde-ac2a1a1292c0@group-7E8A351F94E0: start as a follower, conf=-1: [0e94ed89-1bf2-4207-abde-ac2a1a1292c0:192.168.157.233:33170, 097459af-dbcb-4086-9fa9-59cd3a0cf8f9:192.168.157.233:33970, 60f39956-bae5-4391-8a23-3e89f20c1839:192.168.157.233:44360], old=null
2019-09-16 16:19:49,661 [pool-57-thread-1] INFO  impl.RaftServerImpl (RaftServerImpl.java:setRole(174)) - 097459af-dbcb-4086-9fa9-59cd3a0cf8f9@group-7E8A351F94E0: changes role from      null to FOLLOWER at term 0 for startAsFollower
2019-09-16 16:19:49,662 [pool-27-thread-1] INFO  impl.RaftServerImpl (RaftServerImpl.java:setRole(174)) - 0e94ed89-1bf2-4207-abde-ac2a1a1292c0@group-7E8A351F94E0: changes role from      null to FOLLOWER at term 0 for startAsFollower
2019-09-16 16:19:49,662 [pool-47-thread-1] INFO  util.JmxRegister (JmxRegister.java:tryRegister(44)) - Successfully registered JMX Bean with object name Ratis:service=RaftServer,group=group-7E8A351F94E0,id=60f39956-bae5-4391-8a23-3e89f20c1839
2019-09-16 16:19:49,662 [pool-57-thread-1] INFO  impl.RoleInfo (RoleInfo.java:updateAndGet(143)) - 097459af-dbcb-4086-9fa9-59cd3a0cf8f9: start FollowerState
2019-09-16 16:19:49,662 [pool-27-thread-1] INFO  impl.RoleInfo (RoleInfo.java:updateAndGet(143)) - 0e94ed89-1bf2-4207-abde-ac2a1a1292c0: start FollowerState
2019-09-16 16:19:49,662 [pool-57-thread-1] INFO  util.JmxRegister (JmxRegister.java:tryRegister(44)) - Successfully registered JMX Bean with object name Ratis:service=RaftServer,group=group-7E8A351F94E0,id=097459af-dbcb-4086-9fa9-59cd3a0cf8f9
2019-09-16 16:19:49,663 [pool-27-thread-1] INFO  util.JmxRegister (JmxRegister.java:tryRegister(44)) - Successfully registered JMX Bean with object name Ratis:service=RaftServer,group=group-7E8A351F94E0,id=0e94ed89-1bf2-4207-abde-ac2a1a1292c0
2019-09-16 16:19:49,670 [RatisPipelineUtilsThread] INFO  pipeline.PipelineStateManager (PipelineStateManager.java:addPipeline(56)) - Created pipeline Pipeline[ Id: de14a331-a546-4f8c-ba05-7e8a351f94e0, Nodes: 097459af-dbcb-4086-9fa9-59cd3a0cf8f9{ip: 192.168.157.233, host: pr-hdds-2120-x62sn-1884063469, networkLocation: /default-rack, certSerialId: null}0e94ed89-1bf2-4207-abde-ac2a1a1292c0{ip: 192.168.157.233, host: pr-hdds-2120-x62sn-1884063469, networkLocation: /default-rack, certSerialId: null}60f39956-bae5-4391-8a23-3e89f20c1839{ip: 192.168.157.233, host: pr-hdds-2120-x62sn-1884063469, networkLocation: /default-rack, certSerialId: null}, Type:RATIS, Factor:THREE, State:OPEN]
2019-09-16 16:19:50,039 [main] WARN  io.KeyOutputStream (KeyOutputStream.java:handleException(276)) - Encountered exception java.io.IOException: Unexpected Storage Container Exception: java.util.concurrent.CompletionException: java.util.concurrent.CompletionException: org.apache.ratis.protocol.GroupMismatchException: 0e94ed89-1bf2-4207-abde-ac2a1a1292c0: group-FE35D6209BCF not found. on the pipeline Pipeline[ Id: 85462b92-2962-46a5-958c-fe35d6209bcf, Nodes: 097459af-dbcb-4086-9fa9-59cd3a0cf8f9{ip: 192.168.157.233, host: pr-hdds-2120-x62sn-1884063469, networkLocation: /default-rack, certSerialId: null}0e94ed89-1bf2-4207-abde-ac2a1a1292c0{ip: 192.168.157.233, host: pr-hdds-2120-x62sn-1884063469, networkLocation: /default-rack, certSerialId: null}60f39956-bae5-4391-8a23-3e89f20c1839{ip: 192.168.157.233, host: pr-hdds-2120-x62sn-1884063469, networkLocation: /default-rack, certSerialId: null}, Type:RATIS, Factor:THREE, State:OPEN]. The last committed block length is 0, uncommitted data length is 150 retry count 0
2019-09-16 16:19:50,094 [grpc-default-executor-0] INFO  client.GrpcClientProtocolClient (GrpcClientProtocolClient.java:onNext(264)) - client-1F1FAFE208EA->b5a3badc-4709-47bc-b913-6919a2c31463: receive RaftClientReply:client-1F1FAFE208EA->b5a3badc-4709-47bc-b913-6919a2c31463@group-3B35B6004E5E, cid=30, FAILED org.apache.ratis.protocol.NotLeaderException: Server b5a3badc-4709-47bc-b913-6919a2c31463@group-3B35B6004E5E is not the leader 77f425a1-6527-4bd5-99cc-6033cbd6447b:192.168.157.233:35649, logIndex=0, commits[b5a3badc-4709-47bc-b913-6919a2c31463:c10, 77f425a1-6527-4bd5-99cc-6033cbd6447b:c10, 31bf92fe-df4e-403a-b353-c8773b99288c:c10]
2019-09-16 16:19:50,235 [grpc-default-executor-1] INFO  client.GrpcClientProtocolClient (GrpcClientProtocolClient.java:onNext(264)) - client-1F1FAFE208EA->77f425a1-6527-4bd5-99cc-6033cbd6447b: receive RaftClientReply:client-1F1FAFE208EA->77f425a1-6527-4bd5-99cc-6033cbd6447b@group-3B35B6004E5E, cid=30, SUCCESS, logIndex=11, commits[77f425a1-6527-4bd5-99cc-6033cbd6447b:c11, 31bf92fe-df4e-403a-b353-c8773b99288c:c10, b5a3badc-4709-47bc-b913-6919a2c31463:c10]
2019-09-16 16:19:50,266 [grpc-default-executor-0] INFO  client.GrpcClientProtocolClient (GrpcClientProtocolClient.java:onNext(264)) - client-1F1FAFE208EA->77f425a1-6527-4bd5-99cc-6033cbd6447b: receive RaftClientReply:client-1F1FAFE208EA->77f425a1-6527-4bd5-99cc-6033cbd6447b@group-3B35B6004E5E, cid=31, SUCCESS, logIndex=13, commits[77f425a1-6527-4bd5-99cc-6033cbd6447b:c14, 31bf92fe-df4e-403a-b353-c8773b99288c:c12, b5a3badc-4709-47bc-b913-6919a2c31463:c12]
2019-09-16 16:19:50,325 [grpc-default-executor-0] INFO  client.GrpcClientProtocolClient (GrpcClientProtocolClient.java:onNext(264)) - client-1F1FAFE208EA->77f425a1-6527-4bd5-99cc-6033cbd6447b: receive RaftClientReply:client-1F1FAFE208EA->77f425a1-6527-4bd5-99cc-6033cbd6447b@group-3B35B6004E5E, cid=32, SUCCESS, logIndex=14, commits[77f425a1-6527-4bd5-99cc-6033cbd6447b:c16, 31bf92fe-df4e-403a-b353-c8773b99288c:c14, b5a3badc-4709-47bc-b913-6919a2c31463:c14]
]]></system-out>
  </testcase>
  <testcase name="testFullBufferCondition" classname="org.apache.hadoop.ozone.client.rpc.TestBlockOutputStream" time="5.522"/>
  <testcase name="testBufferCaching" classname="org.apache.hadoop.ozone.client.rpc.TestBlockOutputStream" time="0.279"/>
  <testcase name="testWriteWithExceedingMaxBufferLimit" classname="org.apache.hadoop.ozone.client.rpc.TestBlockOutputStream" time="0.124"/>
</testsuite>