<?xml version="1.0" encoding="UTF-8"?>
<testsuite xmlns:xsi="http://www.w3.org/2001/XMLSchema-instance" xsi:noNamespaceSchemaLocation="https://maven.apache.org/surefire/maven-surefire-plugin/xsd/surefire-test-report.xsd" name="org.apache.hadoop.ozone.client.rpc.TestBlockOutputStreamWithFailures" time="723.631" tests="8" errors="0" skipped="0" failures="1">
  <properties>
    <property name="awt.toolkit" value="sun.awt.X11.XToolkit"/>
    <property name="file.encoding.pkg" value="sun.io"/>
    <property name="java.specification.version" value="1.8"/>
    <property name="sun.cpu.isalist" value=""/>
    <property name="sun.jnu.encoding" value="UTF-8"/>
    <property name="java.class.path" value="/workdir/hadoop-ozone/integration-test/target/test-classes:/workdir/hadoop-ozone/integration-test/target/classes:/home/user/.m2/repository/org/apache/hadoop/hadoop-ozone-common/0.5.0-SNAPSHOT/hadoop-ozone-common-0.5.0-SNAPSHOT.jar:/home/user/.m2/repository/org/apache/commons/commons-compress/1.4.1/commons-compress-1.4.1.jar:/home/user/.m2/repository/org/tukaani/xz/1.0/xz-1.0.jar:/home/user/.m2/repository/org/apache/hadoop/hadoop-common/3.2.0/hadoop-common-3.2.0.jar:/home/user/.m2/repository/org/apache/hadoop/hadoop-hdfs/3.2.0/hadoop-hdfs-3.2.0.jar:/home/user/.m2/repository/org/apache/hadoop/hadoop-hdfs-client/3.2.0/hadoop-hdfs-client-3.2.0.jar:/home/user/.m2/repository/com/fasterxml/jackson/core/jackson-annotations/2.9.5/jackson-annotations-2.9.5.jar:/home/user/.m2/repository/org/apache/hadoop/hadoop-hdds-common/0.5.0-SNAPSHOT/hadoop-hdds-common-0.5.0-SNAPSHOT.jar:/home/user/.m2/repository/javax/annotation/javax.annotation-api/1.2/javax.annotation-api-1.2.jar:/home/user/.m2/repository/org/apache/ratis/ratis-server/0.4.0-78e95b9-SNAPSHOT/ratis-server-0.4.0-78e95b9-SNAPSHOT.jar:/home/user/.m2/repository/org/apache/ratis/ratis-thirdparty-misc/0.2.0/ratis-thirdparty-misc-0.2.0.jar:/home/user/.m2/repository/org/apache/ratis/ratis-proto/0.4.0-78e95b9-SNAPSHOT/ratis-proto-0.4.0-78e95b9-SNAPSHOT.jar:/home/user/.m2/repository/org/apache/ratis/ratis-common/0.4.0-78e95b9-SNAPSHOT/ratis-common-0.4.0-78e95b9-SNAPSHOT.jar:/home/user/.m2/repository/org/apache/ratis/ratis-client/0.4.0-78e95b9-SNAPSHOT/ratis-client-0.4.0-78e95b9-SNAPSHOT.jar:/home/user/.m2/repository/org/apache/ratis/ratis-metrics/0.4.0-78e95b9-SNAPSHOT/ratis-metrics-0.4.0-78e95b9-SNAPSHOT.jar:/home/user/.m2/repository/com/github/joshelser/dropwizard-metrics-hadoop-metrics2-reporter/0.1.2/dropwizard-metrics-hadoop-metrics2-reporter-0.1.2.jar:/home/user/.m2/repository/io/dropwizard/metrics/metrics-jvm/3.2.5/metrics-jvm-3.2.5.jar:/home/user/.m2/repository/io/dropwizard/metrics/metrics-ganglia/3.2.5/metrics-ganglia-3.2.5.jar:/home/user/.m2/repository/info/ganglia/gmetric4j/gmetric4j/1.0.7/gmetric4j-1.0.7.jar:/home/user/.m2/repository/org/apache/ratis/ratis-netty/0.4.0-78e95b9-SNAPSHOT/ratis-netty-0.4.0-78e95b9-SNAPSHOT.jar:/home/user/.m2/repository/org/apache/ratis/ratis-grpc/0.4.0-78e95b9-SNAPSHOT/ratis-grpc-0.4.0-78e95b9-SNAPSHOT.jar:/home/user/.m2/repository/org/rocksdb/rocksdbjni/6.0.1/rocksdbjni-6.0.1.jar:/home/user/.m2/repository/org/apache/logging/log4j/log4j-api/2.11.0/log4j-api-2.11.0.jar:/home/user/.m2/repository/org/apache/logging/log4j/log4j-core/2.11.0/log4j-core-2.11.0.jar:/home/user/.m2/repository/com/lmax/disruptor/3.4.2/disruptor-3.4.2.jar:/home/user/.m2/repository/org/apache/commons/commons-pool2/2.6.0/commons-pool2-2.6.0.jar:/home/user/.m2/repository/org/bouncycastle/bcpkix-jdk15on/1.60/bcpkix-jdk15on-1.60.jar:/home/user/.m2/repository/commons-validator/commons-validator/1.6/commons-validator-1.6.jar:/home/user/.m2/repository/commons-digester/commons-digester/1.8.1/commons-digester-1.8.1.jar:/home/user/.m2/repository/io/jaegertracing/jaeger-client/0.33.1/jaeger-client-0.33.1.jar:/home/user/.m2/repository/io/jaegertracing/jaeger-thrift/0.33.1/jaeger-thrift-0.33.1.jar:/home/user/.m2/repository/org/apache/thrift/libthrift/0.11.0/libthrift-0.11.0.jar:/home/user/.m2/repository/com/squareup/okhttp3/okhttp/3.9.0/okhttp-3.9.0.jar:/home/user/.m2/repository/com/squareup/okio/okio/1.13.0/okio-1.13.0.jar:/home/user/.m2/repository/io/jaegertracing/jaeger-core/0.33.1/jaeger-core-0.33.1.jar:/home/user/.m2/repository/io/jaegertracing/jaeger-tracerresolver/0.33.1/jaeger-tracerresolver-0.33.1.jar:/home/user/.m2/repository/io/opentracing/contrib/opentracing-tracerresolver/0.1.5/opentracing-tracerresolver-0.1.5.jar:/home/user/.m2/repository/io/opentracing/opentracing-util/0.31.0/opentracing-util-0.31.0.jar:/home/user/.m2/repository/io/opentracing/opentracing-api/0.31.0/opentracing-api-0.31.0.jar:/home/user/.m2/repository/io/opentracing/opentracing-noop/0.31.0/opentracing-noop-0.31.0.jar:/home/user/.m2/repository/org/apache/hadoop/hadoop-hdds-server-framework/0.5.0-SNAPSHOT/hadoop-hdds-server-framework-0.5.0-SNAPSHOT.jar:/home/user/.m2/repository/org/apache/hadoop/hadoop-hdds-container-service/0.5.0-SNAPSHOT/hadoop-hdds-container-service-0.5.0-SNAPSHOT.jar:/home/user/.m2/repository/org/apache/hadoop/hadoop-hdds-client/0.5.0-SNAPSHOT/hadoop-hdds-client-0.5.0-SNAPSHOT.jar:/home/user/.m2/repository/org/apache/hadoop/hadoop-hdds-tools/0.5.0-SNAPSHOT/hadoop-hdds-tools-0.5.0-SNAPSHOT.jar:/home/user/.m2/repository/org/apache/hadoop/hadoop-hdds-server-scm/0.5.0-SNAPSHOT/hadoop-hdds-server-scm-0.5.0-SNAPSHOT.jar:/home/user/.m2/repository/org/apache/hadoop/hadoop-hdds-docs/0.5.0-SNAPSHOT/hadoop-hdds-docs-0.5.0-SNAPSHOT.jar:/home/user/.m2/repository/io/dropwizard/metrics/metrics-core/3.2.4/metrics-core-3.2.4.jar:/home/user/.m2/repository/org/hamcrest/hamcrest-all/1.3/hamcrest-all-1.3.jar:/home/user/.m2/repository/org/bouncycastle/bcprov-jdk15on/1.60/bcprov-jdk15on-1.60.jar:/home/user/.m2/repository/info/picocli/picocli/3.9.6/picocli-3.9.6.jar:/home/user/.m2/repository/com/google/protobuf/protobuf-java/2.5.0/protobuf-java-2.5.0.jar:/home/user/.m2/repository/com/google/guava/guava/11.0.2/guava-11.0.2.jar:/home/user/.m2/repository/org/apache/hadoop/hadoop-ozone-ozone-manager/0.5.0-SNAPSHOT/hadoop-ozone-ozone-manager-0.5.0-SNAPSHOT.jar:/home/user/.m2/repository/org/apache/hadoop/hadoop-minikdc/3.2.0/hadoop-minikdc-3.2.0.jar:/home/user/.m2/repository/commons-io/commons-io/2.5/commons-io-2.5.jar:/home/user/.m2/repository/org/apache/kerby/kerb-simplekdc/1.0.1/kerb-simplekdc-1.0.1.jar:/home/user/.m2/repository/org/apache/kerby/kerb-client/1.0.1/kerb-client-1.0.1.jar:/home/user/.m2/repository/org/apache/kerby/kerby-config/1.0.1/kerby-config-1.0.1.jar:/home/user/.m2/repository/org/apache/kerby/kerb-core/1.0.1/kerb-core-1.0.1.jar:/home/user/.m2/repository/org/apache/kerby/kerby-pkix/1.0.1/kerby-pkix-1.0.1.jar:/home/user/.m2/repository/org/apache/kerby/kerby-asn1/1.0.1/kerby-asn1-1.0.1.jar:/home/user/.m2/repository/org/apache/kerby/kerby-util/1.0.1/kerby-util-1.0.1.jar:/home/user/.m2/repository/org/apache/kerby/kerb-common/1.0.1/kerb-common-1.0.1.jar:/home/user/.m2/repository/org/apache/kerby/kerb-crypto/1.0.1/kerb-crypto-1.0.1.jar:/home/user/.m2/repository/org/apache/kerby/kerb-util/1.0.1/kerb-util-1.0.1.jar:/home/user/.m2/repository/org/apache/kerby/token-provider/1.0.1/token-provider-1.0.1.jar:/home/user/.m2/repository/org/apache/kerby/kerb-admin/1.0.1/kerb-admin-1.0.1.jar:/home/user/.m2/repository/org/apache/kerby/kerb-server/1.0.1/kerb-server-1.0.1.jar:/home/user/.m2/repository/org/apache/kerby/kerb-identity/1.0.1/kerb-identity-1.0.1.jar:/home/user/.m2/repository/org/apache/kerby/kerby-xdr/1.0.1/kerby-xdr-1.0.1.jar:/home/user/.m2/repository/org/slf4j/slf4j-log4j12/1.7.25/slf4j-log4j12-1.7.25.jar:/home/user/.m2/repository/org/apache/hadoop/hadoop-ozone-s3gateway/0.5.0-SNAPSHOT/hadoop-ozone-s3gateway-0.5.0-SNAPSHOT.jar:/home/user/.m2/repository/org/jboss/weld/servlet/weld-servlet/2.4.7.Final/weld-servlet-2.4.7.Final.jar:/home/user/.m2/repository/org/glassfish/jersey/containers/jersey-container-servlet-core/2.27/jersey-container-servlet-core-2.27.jar:/home/user/.m2/repository/org/glassfish/hk2/external/javax.inject/2.5.0-b42/javax.inject-2.5.0-b42.jar:/home/user/.m2/repository/org/glassfish/jersey/core/jersey-common/2.27/jersey-common-2.27.jar:/home/user/.m2/repository/org/glassfish/hk2/osgi-resource-locator/1.0.1/osgi-resource-locator-1.0.1.jar:/home/user/.m2/repository/javax/ws/rs/javax.ws.rs-api/2.1/javax.ws.rs-api-2.1.jar:/home/user/.m2/repository/org/glassfish/jersey/ext/cdi/jersey-cdi1x/2.27/jersey-cdi1x-2.27.jar:/home/user/.m2/repository/org/glassfish/jersey/inject/jersey-hk2/2.27/jersey-hk2-2.27.jar:/home/user/.m2/repository/org/glassfish/hk2/hk2-locator/2.5.0-b42/hk2-locator-2.5.0-b42.jar:/home/user/.m2/repository/org/javassist/javassist/3.22.0-CR2/javassist-3.22.0-CR2.jar:/home/user/.m2/repository/org/glassfish/hk2/hk2-api/2.5.0/hk2-api-2.5.0.jar:/home/user/.m2/repository/org/glassfish/hk2/external/jakarta.inject/2.5.0/jakarta.inject-2.5.0.jar:/home/user/.m2/repository/org/glassfish/hk2/hk2-utils/2.5.0/hk2-utils-2.5.0.jar:/home/user/.m2/repository/jakarta/annotation/jakarta.annotation-api/1.3.4/jakarta.annotation-api-1.3.4.jar:/home/user/.m2/repository/org/glassfish/hk2/external/aopalliance-repackaged/2.5.0/aopalliance-repackaged-2.5.0.jar:/home/user/.m2/repository/com/fasterxml/jackson/dataformat/jackson-dataformat-xml/2.9.0/jackson-dataformat-xml-2.9.0.jar:/home/user/.m2/repository/com/fasterxml/jackson/core/jackson-core/2.9.5/jackson-core-2.9.5.jar:/home/user/.m2/repository/com/fasterxml/jackson/module/jackson-module-jaxb-annotations/2.9.5/jackson-module-jaxb-annotations-2.9.5.jar:/home/user/.m2/repository/javax/enterprise/cdi-api/1.2/cdi-api-1.2.jar:/home/user/.m2/repository/javax/el/javax.el-api/3.0.0/javax.el-api-3.0.0.jar:/home/user/.m2/repository/javax/interceptor/javax.interceptor-api/1.2/javax.interceptor-api-1.2.jar:/home/user/.m2/repository/javax/inject/javax.inject/1/javax.inject-1.jar:/home/user/.m2/repository/com/sun/xml/bind/jaxb-impl/2.3.0.1/jaxb-impl-2.3.0.1.jar:/home/user/.m2/repository/com/sun/xml/bind/jaxb-core/2.3.0.1/jaxb-core-2.3.0.1.jar:/home/user/.m2/repository/javax/xml/bind/jaxb-api/2.3.0/jaxb-api-2.3.0.jar:/home/user/.m2/repository/javax/activation/activation/1.1.1/activation-1.1.1.jar:/home/user/.m2/repository/org/apache/hadoop/hadoop-ozone-csi/0.5.0-SNAPSHOT/hadoop-ozone-csi-0.5.0-SNAPSHOT.jar:/home/user/.m2/repository/com/google/protobuf/protobuf-java-util/3.5.1/protobuf-java-util-3.5.1.jar:/home/user/.m2/repository/org/apache/hadoop/hadoop-hdds-config/0.5.0-SNAPSHOT/hadoop-hdds-config-0.5.0-SNAPSHOT.jar:/home/user/.m2/repository/io/grpc/grpc-netty/1.17.1/grpc-netty-1.17.1.jar:/home/user/.m2/repository/io/grpc/grpc-core/1.17.1/grpc-core-1.17.1.jar:/home/user/.m2/repository/io/grpc/grpc-context/1.17.1/grpc-context-1.17.1.jar:/home/user/.m2/repository/com/google/errorprone/error_prone_annotations/2.2.0/error_prone_annotations-2.2.0.jar:/home/user/.m2/repository/org/codehaus/mojo/animal-sniffer-annotations/1.17/animal-sniffer-annotations-1.17.jar:/home/user/.m2/repository/io/opencensus/opencensus-api/0.17.0/opencensus-api-0.17.0.jar:/home/user/.m2/repository/io/opencensus/opencensus-contrib-grpc-metrics/0.17.0/opencensus-contrib-grpc-metrics-0.17.0.jar:/home/user/.m2/repository/io/netty/netty-codec-http2/4.1.30.Final/netty-codec-http2-4.1.30.Final.jar:/home/user/.m2/repository/io/netty/netty-codec-http/4.1.30.Final/netty-codec-http-4.1.30.Final.jar:/home/user/.m2/repository/io/netty/netty-codec/4.1.30.Final/netty-codec-4.1.30.Final.jar:/home/user/.m2/repository/io/netty/netty-handler/4.1.30.Final/netty-handler-4.1.30.Final.jar:/home/user/.m2/repository/io/netty/netty-handler-proxy/4.1.30.Final/netty-handler-proxy-4.1.30.Final.jar:/home/user/.m2/repository/io/netty/netty-codec-socks/4.1.30.Final/netty-codec-socks-4.1.30.Final.jar:/home/user/.m2/repository/io/netty/netty-transport-native-epoll/4.1.30.Final/netty-transport-native-epoll-4.1.30.Final.jar:/home/user/.m2/repository/io/netty/netty-common/4.1.30.Final/netty-common-4.1.30.Final.jar:/home/user/.m2/repository/io/netty/netty-buffer/4.1.30.Final/netty-buffer-4.1.30.Final.jar:/home/user/.m2/repository/io/netty/netty-transport/4.1.30.Final/netty-transport-4.1.30.Final.jar:/home/user/.m2/repository/io/netty/netty-resolver/4.1.30.Final/netty-resolver-4.1.30.Final.jar:/home/user/.m2/repository/io/netty/netty-transport-native-unix-common/4.1.30.Final/netty-transport-native-unix-common-4.1.30.Final.jar:/home/user/.m2/repository/io/grpc/grpc-protobuf/1.17.1/grpc-protobuf-1.17.1.jar:/home/user/.m2/repository/com/google/api/grpc/proto-google-common-protos/1.0.0/proto-google-common-protos-1.0.0.jar:/home/user/.m2/repository/io/grpc/grpc-protobuf-lite/1.17.1/grpc-protobuf-lite-1.17.1.jar:/home/user/.m2/repository/io/grpc/grpc-stub/1.17.1/grpc-stub-1.17.1.jar:/home/user/.m2/repository/org/apache/hadoop/hadoop-ozone-recon/0.5.0-SNAPSHOT/hadoop-ozone-recon-0.5.0-SNAPSHOT.jar:/home/user/.m2/repository/org/apache/hadoop/hadoop-ozone-reconcodegen/0.5.0-SNAPSHOT/hadoop-ozone-reconcodegen-0.5.0-SNAPSHOT.jar:/home/user/.m2/repository/com/google/inject/extensions/guice-multibindings/4.0/guice-multibindings-4.0.jar:/home/user/.m2/repository/com/google/inject/guice/4.0/guice-4.0.jar:/home/user/.m2/repository/aopalliance/aopalliance/1.0/aopalliance-1.0.jar:/home/user/.m2/repository/com/google/inject/extensions/guice-servlet/4.0/guice-servlet-4.0.jar:/home/user/.m2/repository/org/glassfish/jersey/containers/jersey-container-servlet/2.27/jersey-container-servlet-2.27.jar:/home/user/.m2/repository/org/glassfish/hk2/guice-bridge/2.5.0/guice-bridge-2.5.0.jar:/home/user/.m2/repository/org/glassfish/jersey/core/jersey-server/2.27/jersey-server-2.27.jar:/home/user/.m2/repository/org/glassfish/jersey/core/jersey-client/2.27/jersey-client-2.27.jar:/home/user/.m2/repository/org/glassfish/jersey/media/jersey-media-jaxb/2.27/jersey-media-jaxb-2.27.jar:/home/user/.m2/repository/javax/validation/validation-api/1.1.0.Final/validation-api-1.1.0.Final.jar:/home/user/.m2/repository/org/glassfish/jersey/media/jersey-media-json-jackson/2.27/jersey-media-json-jackson-2.27.jar:/home/user/.m2/repository/org/glassfish/jersey/ext/jersey-entity-filtering/2.27/jersey-entity-filtering-2.27.jar:/home/user/.m2/repository/com/google/inject/extensions/guice-assistedinject/4.0/guice-assistedinject-4.0.jar:/home/user/.m2/repository/org/jooq/jooq/3.11.10/jooq-3.11.10.jar:/home/user/.m2/repository/org/jooq/jooq-meta/3.11.10/jooq-meta-3.11.10.jar:/home/user/.m2/repository/org/jooq/jooq-codegen/3.11.10/jooq-codegen-3.11.10.jar:/home/user/.m2/repository/com/jolbox/bonecp/0.8.0.RELEASE/bonecp-0.8.0.RELEASE.jar:/home/user/.m2/repository/org/xerial/sqlite-jdbc/3.25.2/sqlite-jdbc-3.25.2.jar:/home/user/.m2/repository/org/springframework/spring-jdbc/5.1.3.RELEASE/spring-jdbc-5.1.3.RELEASE.jar:/home/user/.m2/repository/org/springframework/spring-beans/5.1.3.RELEASE/spring-beans-5.1.3.RELEASE.jar:/home/user/.m2/repository/org/springframework/spring-core/5.1.3.RELEASE/spring-core-5.1.3.RELEASE.jar:/home/user/.m2/repository/org/springframework/spring-jcl/5.1.3.RELEASE/spring-jcl-5.1.3.RELEASE.jar:/home/user/.m2/repository/org/springframework/spring-tx/5.1.3.RELEASE/spring-tx-5.1.3.RELEASE.jar:/home/user/.m2/repository/org/apache/hadoop/hadoop-ozone-client/0.5.0-SNAPSHOT/hadoop-ozone-client-0.5.0-SNAPSHOT.jar:/home/user/.m2/repository/commons-lang/commons-lang/2.6/commons-lang-2.6.jar:/home/user/.m2/repository/org/apache/hadoop/hadoop-ozone-ozone-manager/0.5.0-SNAPSHOT/hadoop-ozone-ozone-manager-0.5.0-SNAPSHOT-tests.jar:/home/user/.m2/repository/junit/junit/4.11/junit-4.11.jar:/home/user/.m2/repository/org/hamcrest/hamcrest-core/1.3/hamcrest-core-1.3.jar:/home/user/.m2/repository/org/openjdk/jmh/jmh-core/1.19/jmh-core-1.19.jar:/home/user/.m2/repository/net/sf/jopt-simple/jopt-simple/4.6/jopt-simple-4.6.jar:/home/user/.m2/repository/org/apache/commons/commons-math3/3.1.1/commons-math3-3.1.1.jar:/home/user/.m2/repository/org/openjdk/jmh/jmh-generator-annprocess/1.19/jmh-generator-annprocess-1.19.jar:/home/user/.m2/repository/org/mockito/mockito-all/1.8.5/mockito-all-1.8.5.jar:/home/user/.m2/repository/org/apache/hadoop/hadoop-kms/3.2.0/hadoop-kms-3.2.0.jar:/home/user/.m2/repository/org/apache/hadoop/hadoop-auth/3.2.0/hadoop-auth-3.2.0.jar:/home/user/.m2/repository/com/nimbusds/nimbus-jose-jwt/4.41.1/nimbus-jose-jwt-4.41.1.jar:/home/user/.m2/repository/com/github/stephenc/jcip/jcip-annotations/1.0-1/jcip-annotations-1.0-1.jar:/home/user/.m2/repository/net/minidev/json-smart/2.3/json-smart-2.3.jar:/home/user/.m2/repository/net/minidev/accessors-smart/1.2/accessors-smart-1.2.jar:/home/user/.m2/repository/org/ow2/asm/asm/5.0.4/asm-5.0.4.jar:/home/user/.m2/repository/org/apache/curator/curator-framework/2.12.0/curator-framework-2.12.0.jar:/home/user/.m2/repository/com/sun/jersey/jersey-core/1.19/jersey-core-1.19.jar:/home/user/.m2/repository/javax/ws/rs/jsr311-api/1.1.1/jsr311-api-1.1.1.jar:/home/user/.m2/repository/com/sun/jersey/jersey-server/1.19/jersey-server-1.19.jar:/home/user/.m2/repository/javax/servlet/javax.servlet-api/3.1.0/javax.servlet-api-3.1.0.jar:/home/user/.m2/repository/org/eclipse/jetty/jetty-server/9.3.24.v20180605/jetty-server-9.3.24.v20180605.jar:/home/user/.m2/repository/org/eclipse/jetty/jetty-http/9.3.24.v20180605/jetty-http-9.3.24.v20180605.jar:/home/user/.m2/repository/org/eclipse/jetty/jetty-io/9.3.24.v20180605/jetty-io-9.3.24.v20180605.jar:/home/user/.m2/repository/org/eclipse/jetty/jetty-webapp/9.3.24.v20180605/jetty-webapp-9.3.24.v20180605.jar:/home/user/.m2/repository/org/eclipse/jetty/jetty-xml/9.3.24.v20180605/jetty-xml-9.3.24.v20180605.jar:/home/user/.m2/repository/log4j/log4j/1.2.17/log4j-1.2.17.jar:/home/user/.m2/repository/org/slf4j/slf4j-api/1.7.25/slf4j-api-1.7.25.jar:/home/user/.m2/repository/org/slf4j/jul-to-slf4j/1.7.25/jul-to-slf4j-1.7.25.jar:/home/user/.m2/repository/org/eclipse/jetty/jetty-util/9.3.24.v20180605/jetty-util-9.3.24.v20180605.jar:/home/user/.m2/repository/com/fasterxml/jackson/core/jackson-databind/2.9.5/jackson-databind-2.9.5.jar:/home/user/.m2/repository/org/apache/hadoop/hadoop-kms/3.2.0/hadoop-kms-3.2.0-tests.jar:/home/user/.m2/repository/org/apache/hadoop/hadoop-hdds-server-scm/0.5.0-SNAPSHOT/hadoop-hdds-server-scm-0.5.0-SNAPSHOT-tests.jar:/home/user/.m2/repository/org/apache/hadoop/hadoop-hdds-container-service/0.5.0-SNAPSHOT/hadoop-hdds-container-service-0.5.0-SNAPSHOT-tests.jar:/home/user/.m2/repository/org/yaml/snakeyaml/1.16/snakeyaml-1.16.jar:/home/user/.m2/repository/org/apache/hadoop/hadoop-common/3.2.0/hadoop-common-3.2.0-tests.jar:/home/user/.m2/repository/org/apache/hadoop/hadoop-annotations/3.2.0/hadoop-annotations-3.2.0.jar:/usr/lib/jvm/java-1.8-openjdk/jre/../lib/tools.jar:/home/user/.m2/repository/commons-cli/commons-cli/1.2/commons-cli-1.2.jar:/home/user/.m2/repository/org/apache/httpcomponents/httpclient/4.5.2/httpclient-4.5.2.jar:/home/user/.m2/repository/org/apache/httpcomponents/httpcore/4.4.4/httpcore-4.4.4.jar:/home/user/.m2/repository/commons-codec/commons-codec/1.11/commons-codec-1.11.jar:/home/user/.m2/repository/commons-net/commons-net/3.6/commons-net-3.6.jar:/home/user/.m2/repository/commons-collections/commons-collections/3.2.2/commons-collections-3.2.2.jar:/home/user/.m2/repository/org/eclipse/jetty/jetty-servlet/9.3.24.v20180605/jetty-servlet-9.3.24.v20180605.jar:/home/user/.m2/repository/org/eclipse/jetty/jetty-security/9.3.24.v20180605/jetty-security-9.3.24.v20180605.jar:/home/user/.m2/repository/javax/servlet/jsp/jsp-api/2.1/jsp-api-2.1.jar:/home/user/.m2/repository/com/sun/jersey/jersey-servlet/1.19/jersey-servlet-1.19.jar:/home/user/.m2/repository/com/sun/jersey/jersey-json/1.19/jersey-json-1.19.jar:/home/user/.m2/repository/org/codehaus/jettison/jettison/1.1/jettison-1.1.jar:/home/user/.m2/repository/org/codehaus/jackson/jackson-core-asl/1.9.13/jackson-core-asl-1.9.13.jar:/home/user/.m2/repository/org/codehaus/jackson/jackson-mapper-asl/1.9.13/jackson-mapper-asl-1.9.13.jar:/home/user/.m2/repository/org/codehaus/jackson/jackson-jaxrs/1.9.13/jackson-jaxrs-1.9.13.jar:/home/user/.m2/repository/org/codehaus/jackson/jackson-xc/1.9.13/jackson-xc-1.9.13.jar:/home/user/.m2/repository/commons-logging/commons-logging/1.1.3/commons-logging-1.1.3.jar:/home/user/.m2/repository/commons-beanutils/commons-beanutils/1.9.3/commons-beanutils-1.9.3.jar:/home/user/.m2/repository/org/apache/commons/commons-configuration2/2.1.1/commons-configuration2-2.1.1.jar:/home/user/.m2/repository/org/apache/commons/commons-lang3/3.7/commons-lang3-3.7.jar:/home/user/.m2/repository/org/apache/commons/commons-text/1.4/commons-text-1.4.jar:/home/user/.m2/repository/org/apache/avro/avro/1.7.7/avro-1.7.7.jar:/home/user/.m2/repository/com/thoughtworks/paranamer/paranamer/2.3/paranamer-2.3.jar:/home/user/.m2/repository/org/xerial/snappy/snappy-java/1.0.5/snappy-java-1.0.5.jar:/home/user/.m2/repository/com/google/re2j/re2j/1.1/re2j-1.1.jar:/home/user/.m2/repository/com/google/code/gson/gson/2.2.4/gson-2.2.4.jar:/home/user/.m2/repository/com/jcraft/jsch/0.1.54/jsch-0.1.54.jar:/home/user/.m2/repository/org/apache/curator/curator-client/2.12.0/curator-client-2.12.0.jar:/home/user/.m2/repository/org/apache/curator/curator-recipes/2.12.0/curator-recipes-2.12.0.jar:/home/user/.m2/repository/com/google/code/findbugs/jsr305/3.0.0/jsr305-3.0.0.jar:/home/user/.m2/repository/org/apache/htrace/htrace-core4/4.1.0-incubating/htrace-core4-4.1.0-incubating.jar:/home/user/.m2/repository/org/apache/zookeeper/zookeeper/3.4.13/zookeeper-3.4.13.jar:/home/user/.m2/repository/org/apache/yetus/audience-annotations/0.5.0/audience-annotations-0.5.0.jar:/home/user/.m2/repository/org/codehaus/woodstox/stax2-api/3.1.4/stax2-api-3.1.4.jar:/home/user/.m2/repository/com/fasterxml/woodstox/woodstox-core/5.0.3/woodstox-core-5.0.3.jar:/home/user/.m2/repository/dnsjava/dnsjava/2.1.7/dnsjava-2.1.7.jar:/home/user/.m2/repository/org/apache/hadoop/hadoop-hdfs/3.2.0/hadoop-hdfs-3.2.0-tests.jar:/home/user/.m2/repository/org/eclipse/jetty/jetty-util-ajax/9.3.24.v20180605/jetty-util-ajax-9.3.24.v20180605.jar:/home/user/.m2/repository/commons-daemon/commons-daemon/1.0.13/commons-daemon-1.0.13.jar:/home/user/.m2/repository/io/netty/netty/3.10.5.Final/netty-3.10.5.Final.jar:/home/user/.m2/repository/io/netty/netty-all/4.0.52.Final/netty-all-4.0.52.Final.jar:/home/user/.m2/repository/org/fusesource/leveldbjni/leveldbjni-all/1.8/leveldbjni-all-1.8.jar:"/>
    <property name="java.vm.vendor" value="IcedTea"/>
    <property name="sun.arch.data.model" value="64"/>
    <property name="test.build.dir" value="/workdir/hadoop-ozone/integration-test/target/test-dir"/>
    <property name="test.cache.data" value=""/>
    <property name="java.vendor.url" value="https://icedtea.classpath.org"/>
    <property name="user.timezone" value=""/>
    <property name="java.vm.specification.version" value="1.8"/>
    <property name="os.name" value="Linux"/>
    <property name="test.build.data" value="/workdir/hadoop-ozone/integration-test/target/test-dir"/>
    <property name="user.country" value="US"/>
    <property name="sun.java.launcher" value="SUN_STANDARD"/>
    <property name="sun.boot.library.path" value="/usr/lib/jvm/java-1.8-openjdk/jre/lib/amd64"/>
    <property name="sun.java.command" value="/workdir/hadoop-ozone/integration-test/target/surefire/surefirebooter1011704543945747141.jar /workdir/hadoop-ozone/integration-test/target/surefire 2019-09-16T15-19-14_257-jvmRun1 surefire597143635006317963tmp surefire_31504821063677473964tmp"/>
    <property name="test" value="!TestMiniChaosOzoneCluster"/>
    <property name="surefire.test.class.path" value="/workdir/hadoop-ozone/integration-test/target/test-classes:/workdir/hadoop-ozone/integration-test/target/classes:/home/user/.m2/repository/org/apache/hadoop/hadoop-ozone-common/0.5.0-SNAPSHOT/hadoop-ozone-common-0.5.0-SNAPSHOT.jar:/home/user/.m2/repository/org/apache/commons/commons-compress/1.4.1/commons-compress-1.4.1.jar:/home/user/.m2/repository/org/tukaani/xz/1.0/xz-1.0.jar:/home/user/.m2/repository/org/apache/hadoop/hadoop-common/3.2.0/hadoop-common-3.2.0.jar:/home/user/.m2/repository/org/apache/hadoop/hadoop-hdfs/3.2.0/hadoop-hdfs-3.2.0.jar:/home/user/.m2/repository/org/apache/hadoop/hadoop-hdfs-client/3.2.0/hadoop-hdfs-client-3.2.0.jar:/home/user/.m2/repository/com/fasterxml/jackson/core/jackson-annotations/2.9.5/jackson-annotations-2.9.5.jar:/home/user/.m2/repository/org/apache/hadoop/hadoop-hdds-common/0.5.0-SNAPSHOT/hadoop-hdds-common-0.5.0-SNAPSHOT.jar:/home/user/.m2/repository/javax/annotation/javax.annotation-api/1.2/javax.annotation-api-1.2.jar:/home/user/.m2/repository/org/apache/ratis/ratis-server/0.4.0-78e95b9-SNAPSHOT/ratis-server-0.4.0-78e95b9-SNAPSHOT.jar:/home/user/.m2/repository/org/apache/ratis/ratis-thirdparty-misc/0.2.0/ratis-thirdparty-misc-0.2.0.jar:/home/user/.m2/repository/org/apache/ratis/ratis-proto/0.4.0-78e95b9-SNAPSHOT/ratis-proto-0.4.0-78e95b9-SNAPSHOT.jar:/home/user/.m2/repository/org/apache/ratis/ratis-common/0.4.0-78e95b9-SNAPSHOT/ratis-common-0.4.0-78e95b9-SNAPSHOT.jar:/home/user/.m2/repository/org/apache/ratis/ratis-client/0.4.0-78e95b9-SNAPSHOT/ratis-client-0.4.0-78e95b9-SNAPSHOT.jar:/home/user/.m2/repository/org/apache/ratis/ratis-metrics/0.4.0-78e95b9-SNAPSHOT/ratis-metrics-0.4.0-78e95b9-SNAPSHOT.jar:/home/user/.m2/repository/com/github/joshelser/dropwizard-metrics-hadoop-metrics2-reporter/0.1.2/dropwizard-metrics-hadoop-metrics2-reporter-0.1.2.jar:/home/user/.m2/repository/io/dropwizard/metrics/metrics-jvm/3.2.5/metrics-jvm-3.2.5.jar:/home/user/.m2/repository/io/dropwizard/metrics/metrics-ganglia/3.2.5/metrics-ganglia-3.2.5.jar:/home/user/.m2/repository/info/ganglia/gmetric4j/gmetric4j/1.0.7/gmetric4j-1.0.7.jar:/home/user/.m2/repository/org/apache/ratis/ratis-netty/0.4.0-78e95b9-SNAPSHOT/ratis-netty-0.4.0-78e95b9-SNAPSHOT.jar:/home/user/.m2/repository/org/apache/ratis/ratis-grpc/0.4.0-78e95b9-SNAPSHOT/ratis-grpc-0.4.0-78e95b9-SNAPSHOT.jar:/home/user/.m2/repository/org/rocksdb/rocksdbjni/6.0.1/rocksdbjni-6.0.1.jar:/home/user/.m2/repository/org/apache/logging/log4j/log4j-api/2.11.0/log4j-api-2.11.0.jar:/home/user/.m2/repository/org/apache/logging/log4j/log4j-core/2.11.0/log4j-core-2.11.0.jar:/home/user/.m2/repository/com/lmax/disruptor/3.4.2/disruptor-3.4.2.jar:/home/user/.m2/repository/org/apache/commons/commons-pool2/2.6.0/commons-pool2-2.6.0.jar:/home/user/.m2/repository/org/bouncycastle/bcpkix-jdk15on/1.60/bcpkix-jdk15on-1.60.jar:/home/user/.m2/repository/commons-validator/commons-validator/1.6/commons-validator-1.6.jar:/home/user/.m2/repository/commons-digester/commons-digester/1.8.1/commons-digester-1.8.1.jar:/home/user/.m2/repository/io/jaegertracing/jaeger-client/0.33.1/jaeger-client-0.33.1.jar:/home/user/.m2/repository/io/jaegertracing/jaeger-thrift/0.33.1/jaeger-thrift-0.33.1.jar:/home/user/.m2/repository/org/apache/thrift/libthrift/0.11.0/libthrift-0.11.0.jar:/home/user/.m2/repository/com/squareup/okhttp3/okhttp/3.9.0/okhttp-3.9.0.jar:/home/user/.m2/repository/com/squareup/okio/okio/1.13.0/okio-1.13.0.jar:/home/user/.m2/repository/io/jaegertracing/jaeger-core/0.33.1/jaeger-core-0.33.1.jar:/home/user/.m2/repository/io/jaegertracing/jaeger-tracerresolver/0.33.1/jaeger-tracerresolver-0.33.1.jar:/home/user/.m2/repository/io/opentracing/contrib/opentracing-tracerresolver/0.1.5/opentracing-tracerresolver-0.1.5.jar:/home/user/.m2/repository/io/opentracing/opentracing-util/0.31.0/opentracing-util-0.31.0.jar:/home/user/.m2/repository/io/opentracing/opentracing-api/0.31.0/opentracing-api-0.31.0.jar:/home/user/.m2/repository/io/opentracing/opentracing-noop/0.31.0/opentracing-noop-0.31.0.jar:/home/user/.m2/repository/org/apache/hadoop/hadoop-hdds-server-framework/0.5.0-SNAPSHOT/hadoop-hdds-server-framework-0.5.0-SNAPSHOT.jar:/home/user/.m2/repository/org/apache/hadoop/hadoop-hdds-container-service/0.5.0-SNAPSHOT/hadoop-hdds-container-service-0.5.0-SNAPSHOT.jar:/home/user/.m2/repository/org/apache/hadoop/hadoop-hdds-client/0.5.0-SNAPSHOT/hadoop-hdds-client-0.5.0-SNAPSHOT.jar:/home/user/.m2/repository/org/apache/hadoop/hadoop-hdds-tools/0.5.0-SNAPSHOT/hadoop-hdds-tools-0.5.0-SNAPSHOT.jar:/home/user/.m2/repository/org/apache/hadoop/hadoop-hdds-server-scm/0.5.0-SNAPSHOT/hadoop-hdds-server-scm-0.5.0-SNAPSHOT.jar:/home/user/.m2/repository/org/apache/hadoop/hadoop-hdds-docs/0.5.0-SNAPSHOT/hadoop-hdds-docs-0.5.0-SNAPSHOT.jar:/home/user/.m2/repository/io/dropwizard/metrics/metrics-core/3.2.4/metrics-core-3.2.4.jar:/home/user/.m2/repository/org/hamcrest/hamcrest-all/1.3/hamcrest-all-1.3.jar:/home/user/.m2/repository/org/bouncycastle/bcprov-jdk15on/1.60/bcprov-jdk15on-1.60.jar:/home/user/.m2/repository/info/picocli/picocli/3.9.6/picocli-3.9.6.jar:/home/user/.m2/repository/com/google/protobuf/protobuf-java/2.5.0/protobuf-java-2.5.0.jar:/home/user/.m2/repository/com/google/guava/guava/11.0.2/guava-11.0.2.jar:/home/user/.m2/repository/org/apache/hadoop/hadoop-ozone-ozone-manager/0.5.0-SNAPSHOT/hadoop-ozone-ozone-manager-0.5.0-SNAPSHOT.jar:/home/user/.m2/repository/org/apache/hadoop/hadoop-minikdc/3.2.0/hadoop-minikdc-3.2.0.jar:/home/user/.m2/repository/commons-io/commons-io/2.5/commons-io-2.5.jar:/home/user/.m2/repository/org/apache/kerby/kerb-simplekdc/1.0.1/kerb-simplekdc-1.0.1.jar:/home/user/.m2/repository/org/apache/kerby/kerb-client/1.0.1/kerb-client-1.0.1.jar:/home/user/.m2/repository/org/apache/kerby/kerby-config/1.0.1/kerby-config-1.0.1.jar:/home/user/.m2/repository/org/apache/kerby/kerb-core/1.0.1/kerb-core-1.0.1.jar:/home/user/.m2/repository/org/apache/kerby/kerby-pkix/1.0.1/kerby-pkix-1.0.1.jar:/home/user/.m2/repository/org/apache/kerby/kerby-asn1/1.0.1/kerby-asn1-1.0.1.jar:/home/user/.m2/repository/org/apache/kerby/kerby-util/1.0.1/kerby-util-1.0.1.jar:/home/user/.m2/repository/org/apache/kerby/kerb-common/1.0.1/kerb-common-1.0.1.jar:/home/user/.m2/repository/org/apache/kerby/kerb-crypto/1.0.1/kerb-crypto-1.0.1.jar:/home/user/.m2/repository/org/apache/kerby/kerb-util/1.0.1/kerb-util-1.0.1.jar:/home/user/.m2/repository/org/apache/kerby/token-provider/1.0.1/token-provider-1.0.1.jar:/home/user/.m2/repository/org/apache/kerby/kerb-admin/1.0.1/kerb-admin-1.0.1.jar:/home/user/.m2/repository/org/apache/kerby/kerb-server/1.0.1/kerb-server-1.0.1.jar:/home/user/.m2/repository/org/apache/kerby/kerb-identity/1.0.1/kerb-identity-1.0.1.jar:/home/user/.m2/repository/org/apache/kerby/kerby-xdr/1.0.1/kerby-xdr-1.0.1.jar:/home/user/.m2/repository/org/slf4j/slf4j-log4j12/1.7.25/slf4j-log4j12-1.7.25.jar:/home/user/.m2/repository/org/apache/hadoop/hadoop-ozone-s3gateway/0.5.0-SNAPSHOT/hadoop-ozone-s3gateway-0.5.0-SNAPSHOT.jar:/home/user/.m2/repository/org/jboss/weld/servlet/weld-servlet/2.4.7.Final/weld-servlet-2.4.7.Final.jar:/home/user/.m2/repository/org/glassfish/jersey/containers/jersey-container-servlet-core/2.27/jersey-container-servlet-core-2.27.jar:/home/user/.m2/repository/org/glassfish/hk2/external/javax.inject/2.5.0-b42/javax.inject-2.5.0-b42.jar:/home/user/.m2/repository/org/glassfish/jersey/core/jersey-common/2.27/jersey-common-2.27.jar:/home/user/.m2/repository/org/glassfish/hk2/osgi-resource-locator/1.0.1/osgi-resource-locator-1.0.1.jar:/home/user/.m2/repository/javax/ws/rs/javax.ws.rs-api/2.1/javax.ws.rs-api-2.1.jar:/home/user/.m2/repository/org/glassfish/jersey/ext/cdi/jersey-cdi1x/2.27/jersey-cdi1x-2.27.jar:/home/user/.m2/repository/org/glassfish/jersey/inject/jersey-hk2/2.27/jersey-hk2-2.27.jar:/home/user/.m2/repository/org/glassfish/hk2/hk2-locator/2.5.0-b42/hk2-locator-2.5.0-b42.jar:/home/user/.m2/repository/org/javassist/javassist/3.22.0-CR2/javassist-3.22.0-CR2.jar:/home/user/.m2/repository/org/glassfish/hk2/hk2-api/2.5.0/hk2-api-2.5.0.jar:/home/user/.m2/repository/org/glassfish/hk2/external/jakarta.inject/2.5.0/jakarta.inject-2.5.0.jar:/home/user/.m2/repository/org/glassfish/hk2/hk2-utils/2.5.0/hk2-utils-2.5.0.jar:/home/user/.m2/repository/jakarta/annotation/jakarta.annotation-api/1.3.4/jakarta.annotation-api-1.3.4.jar:/home/user/.m2/repository/org/glassfish/hk2/external/aopalliance-repackaged/2.5.0/aopalliance-repackaged-2.5.0.jar:/home/user/.m2/repository/com/fasterxml/jackson/dataformat/jackson-dataformat-xml/2.9.0/jackson-dataformat-xml-2.9.0.jar:/home/user/.m2/repository/com/fasterxml/jackson/core/jackson-core/2.9.5/jackson-core-2.9.5.jar:/home/user/.m2/repository/com/fasterxml/jackson/module/jackson-module-jaxb-annotations/2.9.5/jackson-module-jaxb-annotations-2.9.5.jar:/home/user/.m2/repository/javax/enterprise/cdi-api/1.2/cdi-api-1.2.jar:/home/user/.m2/repository/javax/el/javax.el-api/3.0.0/javax.el-api-3.0.0.jar:/home/user/.m2/repository/javax/interceptor/javax.interceptor-api/1.2/javax.interceptor-api-1.2.jar:/home/user/.m2/repository/javax/inject/javax.inject/1/javax.inject-1.jar:/home/user/.m2/repository/com/sun/xml/bind/jaxb-impl/2.3.0.1/jaxb-impl-2.3.0.1.jar:/home/user/.m2/repository/com/sun/xml/bind/jaxb-core/2.3.0.1/jaxb-core-2.3.0.1.jar:/home/user/.m2/repository/javax/xml/bind/jaxb-api/2.3.0/jaxb-api-2.3.0.jar:/home/user/.m2/repository/javax/activation/activation/1.1.1/activation-1.1.1.jar:/home/user/.m2/repository/org/apache/hadoop/hadoop-ozone-csi/0.5.0-SNAPSHOT/hadoop-ozone-csi-0.5.0-SNAPSHOT.jar:/home/user/.m2/repository/com/google/protobuf/protobuf-java-util/3.5.1/protobuf-java-util-3.5.1.jar:/home/user/.m2/repository/org/apache/hadoop/hadoop-hdds-config/0.5.0-SNAPSHOT/hadoop-hdds-config-0.5.0-SNAPSHOT.jar:/home/user/.m2/repository/io/grpc/grpc-netty/1.17.1/grpc-netty-1.17.1.jar:/home/user/.m2/repository/io/grpc/grpc-core/1.17.1/grpc-core-1.17.1.jar:/home/user/.m2/repository/io/grpc/grpc-context/1.17.1/grpc-context-1.17.1.jar:/home/user/.m2/repository/com/google/errorprone/error_prone_annotations/2.2.0/error_prone_annotations-2.2.0.jar:/home/user/.m2/repository/org/codehaus/mojo/animal-sniffer-annotations/1.17/animal-sniffer-annotations-1.17.jar:/home/user/.m2/repository/io/opencensus/opencensus-api/0.17.0/opencensus-api-0.17.0.jar:/home/user/.m2/repository/io/opencensus/opencensus-contrib-grpc-metrics/0.17.0/opencensus-contrib-grpc-metrics-0.17.0.jar:/home/user/.m2/repository/io/netty/netty-codec-http2/4.1.30.Final/netty-codec-http2-4.1.30.Final.jar:/home/user/.m2/repository/io/netty/netty-codec-http/4.1.30.Final/netty-codec-http-4.1.30.Final.jar:/home/user/.m2/repository/io/netty/netty-codec/4.1.30.Final/netty-codec-4.1.30.Final.jar:/home/user/.m2/repository/io/netty/netty-handler/4.1.30.Final/netty-handler-4.1.30.Final.jar:/home/user/.m2/repository/io/netty/netty-handler-proxy/4.1.30.Final/netty-handler-proxy-4.1.30.Final.jar:/home/user/.m2/repository/io/netty/netty-codec-socks/4.1.30.Final/netty-codec-socks-4.1.30.Final.jar:/home/user/.m2/repository/io/netty/netty-transport-native-epoll/4.1.30.Final/netty-transport-native-epoll-4.1.30.Final.jar:/home/user/.m2/repository/io/netty/netty-common/4.1.30.Final/netty-common-4.1.30.Final.jar:/home/user/.m2/repository/io/netty/netty-buffer/4.1.30.Final/netty-buffer-4.1.30.Final.jar:/home/user/.m2/repository/io/netty/netty-transport/4.1.30.Final/netty-transport-4.1.30.Final.jar:/home/user/.m2/repository/io/netty/netty-resolver/4.1.30.Final/netty-resolver-4.1.30.Final.jar:/home/user/.m2/repository/io/netty/netty-transport-native-unix-common/4.1.30.Final/netty-transport-native-unix-common-4.1.30.Final.jar:/home/user/.m2/repository/io/grpc/grpc-protobuf/1.17.1/grpc-protobuf-1.17.1.jar:/home/user/.m2/repository/com/google/api/grpc/proto-google-common-protos/1.0.0/proto-google-common-protos-1.0.0.jar:/home/user/.m2/repository/io/grpc/grpc-protobuf-lite/1.17.1/grpc-protobuf-lite-1.17.1.jar:/home/user/.m2/repository/io/grpc/grpc-stub/1.17.1/grpc-stub-1.17.1.jar:/home/user/.m2/repository/org/apache/hadoop/hadoop-ozone-recon/0.5.0-SNAPSHOT/hadoop-ozone-recon-0.5.0-SNAPSHOT.jar:/home/user/.m2/repository/org/apache/hadoop/hadoop-ozone-reconcodegen/0.5.0-SNAPSHOT/hadoop-ozone-reconcodegen-0.5.0-SNAPSHOT.jar:/home/user/.m2/repository/com/google/inject/extensions/guice-multibindings/4.0/guice-multibindings-4.0.jar:/home/user/.m2/repository/com/google/inject/guice/4.0/guice-4.0.jar:/home/user/.m2/repository/aopalliance/aopalliance/1.0/aopalliance-1.0.jar:/home/user/.m2/repository/com/google/inject/extensions/guice-servlet/4.0/guice-servlet-4.0.jar:/home/user/.m2/repository/org/glassfish/jersey/containers/jersey-container-servlet/2.27/jersey-container-servlet-2.27.jar:/home/user/.m2/repository/org/glassfish/hk2/guice-bridge/2.5.0/guice-bridge-2.5.0.jar:/home/user/.m2/repository/org/glassfish/jersey/core/jersey-server/2.27/jersey-server-2.27.jar:/home/user/.m2/repository/org/glassfish/jersey/core/jersey-client/2.27/jersey-client-2.27.jar:/home/user/.m2/repository/org/glassfish/jersey/media/jersey-media-jaxb/2.27/jersey-media-jaxb-2.27.jar:/home/user/.m2/repository/javax/validation/validation-api/1.1.0.Final/validation-api-1.1.0.Final.jar:/home/user/.m2/repository/org/glassfish/jersey/media/jersey-media-json-jackson/2.27/jersey-media-json-jackson-2.27.jar:/home/user/.m2/repository/org/glassfish/jersey/ext/jersey-entity-filtering/2.27/jersey-entity-filtering-2.27.jar:/home/user/.m2/repository/com/google/inject/extensions/guice-assistedinject/4.0/guice-assistedinject-4.0.jar:/home/user/.m2/repository/org/jooq/jooq/3.11.10/jooq-3.11.10.jar:/home/user/.m2/repository/org/jooq/jooq-meta/3.11.10/jooq-meta-3.11.10.jar:/home/user/.m2/repository/org/jooq/jooq-codegen/3.11.10/jooq-codegen-3.11.10.jar:/home/user/.m2/repository/com/jolbox/bonecp/0.8.0.RELEASE/bonecp-0.8.0.RELEASE.jar:/home/user/.m2/repository/org/xerial/sqlite-jdbc/3.25.2/sqlite-jdbc-3.25.2.jar:/home/user/.m2/repository/org/springframework/spring-jdbc/5.1.3.RELEASE/spring-jdbc-5.1.3.RELEASE.jar:/home/user/.m2/repository/org/springframework/spring-beans/5.1.3.RELEASE/spring-beans-5.1.3.RELEASE.jar:/home/user/.m2/repository/org/springframework/spring-core/5.1.3.RELEASE/spring-core-5.1.3.RELEASE.jar:/home/user/.m2/repository/org/springframework/spring-jcl/5.1.3.RELEASE/spring-jcl-5.1.3.RELEASE.jar:/home/user/.m2/repository/org/springframework/spring-tx/5.1.3.RELEASE/spring-tx-5.1.3.RELEASE.jar:/home/user/.m2/repository/org/apache/hadoop/hadoop-ozone-client/0.5.0-SNAPSHOT/hadoop-ozone-client-0.5.0-SNAPSHOT.jar:/home/user/.m2/repository/commons-lang/commons-lang/2.6/commons-lang-2.6.jar:/home/user/.m2/repository/org/apache/hadoop/hadoop-ozone-ozone-manager/0.5.0-SNAPSHOT/hadoop-ozone-ozone-manager-0.5.0-SNAPSHOT-tests.jar:/home/user/.m2/repository/junit/junit/4.11/junit-4.11.jar:/home/user/.m2/repository/org/hamcrest/hamcrest-core/1.3/hamcrest-core-1.3.jar:/home/user/.m2/repository/org/openjdk/jmh/jmh-core/1.19/jmh-core-1.19.jar:/home/user/.m2/repository/net/sf/jopt-simple/jopt-simple/4.6/jopt-simple-4.6.jar:/home/user/.m2/repository/org/apache/commons/commons-math3/3.1.1/commons-math3-3.1.1.jar:/home/user/.m2/repository/org/openjdk/jmh/jmh-generator-annprocess/1.19/jmh-generator-annprocess-1.19.jar:/home/user/.m2/repository/org/mockito/mockito-all/1.8.5/mockito-all-1.8.5.jar:/home/user/.m2/repository/org/apache/hadoop/hadoop-kms/3.2.0/hadoop-kms-3.2.0.jar:/home/user/.m2/repository/org/apache/hadoop/hadoop-auth/3.2.0/hadoop-auth-3.2.0.jar:/home/user/.m2/repository/com/nimbusds/nimbus-jose-jwt/4.41.1/nimbus-jose-jwt-4.41.1.jar:/home/user/.m2/repository/com/github/stephenc/jcip/jcip-annotations/1.0-1/jcip-annotations-1.0-1.jar:/home/user/.m2/repository/net/minidev/json-smart/2.3/json-smart-2.3.jar:/home/user/.m2/repository/net/minidev/accessors-smart/1.2/accessors-smart-1.2.jar:/home/user/.m2/repository/org/ow2/asm/asm/5.0.4/asm-5.0.4.jar:/home/user/.m2/repository/org/apache/curator/curator-framework/2.12.0/curator-framework-2.12.0.jar:/home/user/.m2/repository/com/sun/jersey/jersey-core/1.19/jersey-core-1.19.jar:/home/user/.m2/repository/javax/ws/rs/jsr311-api/1.1.1/jsr311-api-1.1.1.jar:/home/user/.m2/repository/com/sun/jersey/jersey-server/1.19/jersey-server-1.19.jar:/home/user/.m2/repository/javax/servlet/javax.servlet-api/3.1.0/javax.servlet-api-3.1.0.jar:/home/user/.m2/repository/org/eclipse/jetty/jetty-server/9.3.24.v20180605/jetty-server-9.3.24.v20180605.jar:/home/user/.m2/repository/org/eclipse/jetty/jetty-http/9.3.24.v20180605/jetty-http-9.3.24.v20180605.jar:/home/user/.m2/repository/org/eclipse/jetty/jetty-io/9.3.24.v20180605/jetty-io-9.3.24.v20180605.jar:/home/user/.m2/repository/org/eclipse/jetty/jetty-webapp/9.3.24.v20180605/jetty-webapp-9.3.24.v20180605.jar:/home/user/.m2/repository/org/eclipse/jetty/jetty-xml/9.3.24.v20180605/jetty-xml-9.3.24.v20180605.jar:/home/user/.m2/repository/log4j/log4j/1.2.17/log4j-1.2.17.jar:/home/user/.m2/repository/org/slf4j/slf4j-api/1.7.25/slf4j-api-1.7.25.jar:/home/user/.m2/repository/org/slf4j/jul-to-slf4j/1.7.25/jul-to-slf4j-1.7.25.jar:/home/user/.m2/repository/org/eclipse/jetty/jetty-util/9.3.24.v20180605/jetty-util-9.3.24.v20180605.jar:/home/user/.m2/repository/com/fasterxml/jackson/core/jackson-databind/2.9.5/jackson-databind-2.9.5.jar:/home/user/.m2/repository/org/apache/hadoop/hadoop-kms/3.2.0/hadoop-kms-3.2.0-tests.jar:/home/user/.m2/repository/org/apache/hadoop/hadoop-hdds-server-scm/0.5.0-SNAPSHOT/hadoop-hdds-server-scm-0.5.0-SNAPSHOT-tests.jar:/home/user/.m2/repository/org/apache/hadoop/hadoop-hdds-container-service/0.5.0-SNAPSHOT/hadoop-hdds-container-service-0.5.0-SNAPSHOT-tests.jar:/home/user/.m2/repository/org/yaml/snakeyaml/1.16/snakeyaml-1.16.jar:/home/user/.m2/repository/org/apache/hadoop/hadoop-common/3.2.0/hadoop-common-3.2.0-tests.jar:/home/user/.m2/repository/org/apache/hadoop/hadoop-annotations/3.2.0/hadoop-annotations-3.2.0.jar:/usr/lib/jvm/java-1.8-openjdk/jre/../lib/tools.jar:/home/user/.m2/repository/commons-cli/commons-cli/1.2/commons-cli-1.2.jar:/home/user/.m2/repository/org/apache/httpcomponents/httpclient/4.5.2/httpclient-4.5.2.jar:/home/user/.m2/repository/org/apache/httpcomponents/httpcore/4.4.4/httpcore-4.4.4.jar:/home/user/.m2/repository/commons-codec/commons-codec/1.11/commons-codec-1.11.jar:/home/user/.m2/repository/commons-net/commons-net/3.6/commons-net-3.6.jar:/home/user/.m2/repository/commons-collections/commons-collections/3.2.2/commons-collections-3.2.2.jar:/home/user/.m2/repository/org/eclipse/jetty/jetty-servlet/9.3.24.v20180605/jetty-servlet-9.3.24.v20180605.jar:/home/user/.m2/repository/org/eclipse/jetty/jetty-security/9.3.24.v20180605/jetty-security-9.3.24.v20180605.jar:/home/user/.m2/repository/javax/servlet/jsp/jsp-api/2.1/jsp-api-2.1.jar:/home/user/.m2/repository/com/sun/jersey/jersey-servlet/1.19/jersey-servlet-1.19.jar:/home/user/.m2/repository/com/sun/jersey/jersey-json/1.19/jersey-json-1.19.jar:/home/user/.m2/repository/org/codehaus/jettison/jettison/1.1/jettison-1.1.jar:/home/user/.m2/repository/org/codehaus/jackson/jackson-core-asl/1.9.13/jackson-core-asl-1.9.13.jar:/home/user/.m2/repository/org/codehaus/jackson/jackson-mapper-asl/1.9.13/jackson-mapper-asl-1.9.13.jar:/home/user/.m2/repository/org/codehaus/jackson/jackson-jaxrs/1.9.13/jackson-jaxrs-1.9.13.jar:/home/user/.m2/repository/org/codehaus/jackson/jackson-xc/1.9.13/jackson-xc-1.9.13.jar:/home/user/.m2/repository/commons-logging/commons-logging/1.1.3/commons-logging-1.1.3.jar:/home/user/.m2/repository/commons-beanutils/commons-beanutils/1.9.3/commons-beanutils-1.9.3.jar:/home/user/.m2/repository/org/apache/commons/commons-configuration2/2.1.1/commons-configuration2-2.1.1.jar:/home/user/.m2/repository/org/apache/commons/commons-lang3/3.7/commons-lang3-3.7.jar:/home/user/.m2/repository/org/apache/commons/commons-text/1.4/commons-text-1.4.jar:/home/user/.m2/repository/org/apache/avro/avro/1.7.7/avro-1.7.7.jar:/home/user/.m2/repository/com/thoughtworks/paranamer/paranamer/2.3/paranamer-2.3.jar:/home/user/.m2/repository/org/xerial/snappy/snappy-java/1.0.5/snappy-java-1.0.5.jar:/home/user/.m2/repository/com/google/re2j/re2j/1.1/re2j-1.1.jar:/home/user/.m2/repository/com/google/code/gson/gson/2.2.4/gson-2.2.4.jar:/home/user/.m2/repository/com/jcraft/jsch/0.1.54/jsch-0.1.54.jar:/home/user/.m2/repository/org/apache/curator/curator-client/2.12.0/curator-client-2.12.0.jar:/home/user/.m2/repository/org/apache/curator/curator-recipes/2.12.0/curator-recipes-2.12.0.jar:/home/user/.m2/repository/com/google/code/findbugs/jsr305/3.0.0/jsr305-3.0.0.jar:/home/user/.m2/repository/org/apache/htrace/htrace-core4/4.1.0-incubating/htrace-core4-4.1.0-incubating.jar:/home/user/.m2/repository/org/apache/zookeeper/zookeeper/3.4.13/zookeeper-3.4.13.jar:/home/user/.m2/repository/org/apache/yetus/audience-annotations/0.5.0/audience-annotations-0.5.0.jar:/home/user/.m2/repository/org/codehaus/woodstox/stax2-api/3.1.4/stax2-api-3.1.4.jar:/home/user/.m2/repository/com/fasterxml/woodstox/woodstox-core/5.0.3/woodstox-core-5.0.3.jar:/home/user/.m2/repository/dnsjava/dnsjava/2.1.7/dnsjava-2.1.7.jar:/home/user/.m2/repository/org/apache/hadoop/hadoop-hdfs/3.2.0/hadoop-hdfs-3.2.0-tests.jar:/home/user/.m2/repository/org/eclipse/jetty/jetty-util-ajax/9.3.24.v20180605/jetty-util-ajax-9.3.24.v20180605.jar:/home/user/.m2/repository/commons-daemon/commons-daemon/1.0.13/commons-daemon-1.0.13.jar:/home/user/.m2/repository/io/netty/netty/3.10.5.Final/netty-3.10.5.Final.jar:/home/user/.m2/repository/io/netty/netty-all/4.0.52.Final/netty-all-4.0.52.Final.jar:/home/user/.m2/repository/org/fusesource/leveldbjni/leveldbjni-all/1.8/leveldbjni-all-1.8.jar:"/>
    <property name="sun.cpu.endian" value="little"/>
    <property name="user.home" value="/home/user"/>
    <property name="user.language" value="en"/>
    <property name="java.specification.vendor" value="Oracle Corporation"/>
    <property name="java.home" value="/usr/lib/jvm/java-1.8-openjdk/jre"/>
    <property name="java.security.krb5.conf" value="/workdir/hadoop-ozone/integration-test/target/test-classes/krb5.conf"/>
    <property name="basedir" value="/workdir/hadoop-ozone/integration-test"/>
    <property name="file.separator" value="/"/>
    <property name="line.separator" value="&#10;"/>
    <property name="java.vm.specification.vendor" value="Oracle Corporation"/>
    <property name="java.specification.name" value="Java Platform API Specification"/>
    <property name="java.awt.graphicsenv" value="sun.awt.X11GraphicsEnvironment"/>
    <property name="surefire.real.class.path" value="/workdir/hadoop-ozone/integration-test/target/surefire/surefirebooter1011704543945747141.jar"/>
    <property name="hadoop.log.dir" value="/workdir/hadoop-ozone/integration-test/target/log"/>
    <property name="sun.boot.class.path" value="/usr/lib/jvm/java-1.8-openjdk/jre/lib/resources.jar:/usr/lib/jvm/java-1.8-openjdk/jre/lib/rt.jar:/usr/lib/jvm/java-1.8-openjdk/jre/lib/sunrsasign.jar:/usr/lib/jvm/java-1.8-openjdk/jre/lib/jsse.jar:/usr/lib/jvm/java-1.8-openjdk/jre/lib/jce.jar:/usr/lib/jvm/java-1.8-openjdk/jre/lib/charsets.jar:/usr/lib/jvm/java-1.8-openjdk/jre/lib/jfr.jar:/usr/lib/jvm/java-1.8-openjdk/jre/classes"/>
    <property name="sun.management.compiler" value="HotSpot 64-Bit Tiered Compilers"/>
    <property name="java.runtime.version" value="1.8.0_212-b04"/>
    <property name="java.net.preferIPv4Stack" value="true"/>
    <property name="user.name" value="jenkins1000"/>
    <property name="path.separator" value=":"/>
    <property name="java.security.egd" value="file:///dev/urandom"/>
    <property name="os.version" value="3.10.0-957.12.2.el7.x86_64"/>
    <property name="java.endorsed.dirs" value="/usr/lib/jvm/java-1.8-openjdk/jre/lib/endorsed"/>
    <property name="java.runtime.name" value="OpenJDK Runtime Environment"/>
    <property name="file.encoding" value="UTF-8"/>
    <property name="java.vm.name" value="OpenJDK 64-Bit Server VM"/>
    <property name="test.build.webapps" value=""/>
    <property name="localRepository" value="/home/user/.m2/repository"/>
    <property name="java.vendor.url.bug" value="https://icedtea.classpath.org/bugzilla"/>
    <property name="java.io.tmpdir" value="/tmp"/>
    <property name="require.test.libhadoop" value=""/>
    <property name="java.version" value="1.8.0_212"/>
    <property name="user.dir" value="/workdir/hadoop-ozone/integration-test"/>
    <property name="os.arch" value="amd64"/>
    <property name="java.vm.specification.name" value="Java Virtual Machine Specification"/>
    <property name="test.build.classes" value="/workdir/hadoop-ozone/integration-test/target/test-classes"/>
    <property name="java.awt.printerjob" value="sun.print.PSPrinterJob"/>
    <property name="sun.os.patch.level" value="unknown"/>
    <property name="hadoop.tmp.dir" value="/workdir/hadoop-ozone/integration-test/target/tmp"/>
    <property name="java.library.path" value="/usr/lib/jvm/java-1.8-openjdk/jre/lib/amd64/server:/usr/lib/jvm/java-1.8-openjdk/jre/lib/amd64:/usr/lib/jvm/java-1.8-openjdk/jre/../lib/amd64:/workdir/hadoop-ozone/integration-test/target/native/target/usr/local/lib:/workdir/hadoop-ozone/integration-test/../../hadoop-common-project/hadoop-common/target/native/target/usr/local/lib:/usr/java/packages/lib/amd64:/usr/lib64:/lib64:/lib:/usr/lib"/>
    <property name="java.vm.info" value="mixed mode"/>
    <property name="java.vendor" value="IcedTea"/>
    <property name="java.vm.version" value="25.212-b04"/>
    <property name="java.ext.dirs" value="/usr/lib/jvm/java-1.8-openjdk/jre/lib/ext:/usr/java/packages/lib/ext"/>
    <property name="sun.io.unicode.encoding" value="UnicodeLittle"/>
    <property name="java.class.version" value="52.0"/>
  </properties>
  <testcase name="test2DatanodesFailure" classname="org.apache.hadoop.ozone.client.rpc.TestBlockOutputStreamWithFailures" time="103.727"/>
  <testcase name="testDatanodeFailureWithPreAllocation" classname="org.apache.hadoop.ozone.client.rpc.TestBlockOutputStreamWithFailures" time="221.303"/>
  <testcase name="testDatanodeFailureWithSingleNodeRatis" classname="org.apache.hadoop.ozone.client.rpc.TestBlockOutputStreamWithFailures" time="221.831"/>
  <testcase name="testWatchForCommitWithSingleNodeRatis" classname="org.apache.hadoop.ozone.client.rpc.TestBlockOutputStreamWithFailures" time="34.741"/>
  <testcase name="testWatchForCommitDatanodeFailure" classname="org.apache.hadoop.ozone.client.rpc.TestBlockOutputStreamWithFailures" time="34.159"/>
  <testcase name="testFailureWithPrimeSizedData" classname="org.apache.hadoop.ozone.client.rpc.TestBlockOutputStreamWithFailures" time="34.058">
    <failure message="expected:&lt;68&gt; but was:&lt;70&gt;" type="java.lang.AssertionError"><![CDATA[java.lang.AssertionError: expected:<68> but was:<70>
	at org.junit.Assert.fail(Assert.java:88)
	at org.junit.Assert.failNotEquals(Assert.java:743)
	at org.junit.Assert.assertEquals(Assert.java:118)
	at org.junit.Assert.assertEquals(Assert.java:555)
	at org.junit.Assert.assertEquals(Assert.java:542)
	at org.apache.hadoop.ozone.client.rpc.TestBlockOutputStreamWithFailures.testFailureWithPrimeSizedData(TestBlockOutputStreamWithFailures.java:605)
	at sun.reflect.NativeMethodAccessorImpl.invoke0(Native Method)
	at sun.reflect.NativeMethodAccessorImpl.invoke(NativeMethodAccessorImpl.java:62)
	at sun.reflect.DelegatingMethodAccessorImpl.invoke(DelegatingMethodAccessorImpl.java:43)
	at java.lang.reflect.Method.invoke(Method.java:498)
	at org.junit.runners.model.FrameworkMethod$1.runReflectiveCall(FrameworkMethod.java:47)
	at org.junit.internal.runners.model.ReflectiveCallable.run(ReflectiveCallable.java:12)
	at org.junit.runners.model.FrameworkMethod.invokeExplosively(FrameworkMethod.java:44)
	at org.junit.internal.runners.statements.InvokeMethod.evaluate(InvokeMethod.java:17)
	at org.junit.internal.runners.statements.RunBefores.evaluate(RunBefores.java:26)
	at org.junit.internal.runners.statements.RunAfters.evaluate(RunAfters.java:27)
	at org.junit.runners.ParentRunner.runLeaf(ParentRunner.java:271)
	at org.junit.runners.BlockJUnit4ClassRunner.runChild(BlockJUnit4ClassRunner.java:70)
	at org.junit.runners.BlockJUnit4ClassRunner.runChild(BlockJUnit4ClassRunner.java:50)
	at org.junit.runners.ParentRunner$3.run(ParentRunner.java:238)
	at org.junit.runners.ParentRunner$1.schedule(ParentRunner.java:63)
	at org.junit.runners.ParentRunner.runChildren(ParentRunner.java:236)
	at org.junit.runners.ParentRunner.access$000(ParentRunner.java:53)
	at org.junit.runners.ParentRunner$2.evaluate(ParentRunner.java:229)
	at org.junit.runners.ParentRunner.run(ParentRunner.java:309)
	at org.apache.maven.surefire.junit4.JUnit4Provider.execute(JUnit4Provider.java:365)
	at org.apache.maven.surefire.junit4.JUnit4Provider.executeWithRerun(JUnit4Provider.java:273)
	at org.apache.maven.surefire.junit4.JUnit4Provider.executeTestSet(JUnit4Provider.java:238)
	at org.apache.maven.surefire.junit4.JUnit4Provider.invoke(JUnit4Provider.java:159)
	at org.apache.maven.surefire.booter.ForkedBooter.invokeProviderInSameClassLoader(ForkedBooter.java:384)
	at org.apache.maven.surefire.booter.ForkedBooter.runSuitesInProcess(ForkedBooter.java:345)
	at org.apache.maven.surefire.booter.ForkedBooter.execute(ForkedBooter.java:126)
	at org.apache.maven.surefire.booter.ForkedBooter.main(ForkedBooter.java:418)
]]></failure>
    <system-out><![CDATA[2019-09-16 16:12:06,720 [main] WARN  server.ServerUtils (ServerUtils.java:getScmDbDir(145)) - ozone.scm.db.dirs is not configured. We recommend adding this setting. Falling back to ozone.metadata.dirs instead.
2019-09-16 16:12:06,754 [main] WARN  server.ServerUtils (ServerUtils.java:getScmDbDir(145)) - ozone.scm.db.dirs is not configured. We recommend adding this setting. Falling back to ozone.metadata.dirs instead.
2019-09-16 16:12:06,754 [main] WARN  server.ServerUtils (ServerUtils.java:getScmDbDir(145)) - ozone.scm.db.dirs is not configured. We recommend adding this setting. Falling back to ozone.metadata.dirs instead.
2019-09-16 16:12:06,755 [main] INFO  db.DBStoreBuilder (DBStoreBuilder.java:addTable(110)) - using custom profile for table: deletedBlocks
2019-09-16 16:12:06,755 [main] INFO  db.DBStoreBuilder (DBStoreBuilder.java:processTables(161)) - Using default column profile:DBProfile.DISK for Table:deletedBlocks
2019-09-16 16:12:06,755 [main] INFO  db.DBStoreBuilder (DBStoreBuilder.java:addTable(110)) - using custom profile for table: validCerts
2019-09-16 16:12:06,755 [main] INFO  db.DBStoreBuilder (DBStoreBuilder.java:processTables(161)) - Using default column profile:DBProfile.DISK for Table:validCerts
2019-09-16 16:12:06,755 [main] INFO  db.DBStoreBuilder (DBStoreBuilder.java:addTable(110)) - using custom profile for table: revokedCerts
2019-09-16 16:12:06,756 [main] INFO  db.DBStoreBuilder (DBStoreBuilder.java:processTables(161)) - Using default column profile:DBProfile.DISK for Table:revokedCerts
2019-09-16 16:12:06,756 [main] INFO  db.DBStoreBuilder (DBStoreBuilder.java:addTable(110)) - using custom profile for table: default
2019-09-16 16:12:06,756 [main] INFO  db.DBStoreBuilder (DBStoreBuilder.java:processTables(167)) - Using default column profile:DBProfile.DISK for Table:default
2019-09-16 16:12:06,756 [main] INFO  db.DBStoreBuilder (DBStoreBuilder.java:getDbProfile(198)) - Using default options. DBProfile.DISK
2019-09-16 16:12:06,904 [main] INFO  net.NodeSchemaLoader (NodeSchemaLoader.java:loadSchemaFromFile(125)) - Loading file from sun.misc.CompoundEnumeration@760f1081
2019-09-16 16:12:06,904 [main] INFO  net.NodeSchemaLoader (NodeSchemaLoader.java:loadSchema(171)) - Loading network topology layer schema file
2019-09-16 16:12:06,909 [main] INFO  node.SCMNodeManager (SCMNodeManager.java:<init>(114)) - Entering startup safe mode.
2019-09-16 16:12:06,910 [main] INFO  algorithms.ContainerPlacementPolicyFactory (ContainerPlacementPolicyFactory.java:getPolicy(57)) - Create container placement policy of type org.apache.hadoop.hdds.scm.container.placement.algorithms.SCMContainerPlacementRandom
2019-09-16 16:12:06,910 [main] WARN  server.ServerUtils (ServerUtils.java:getScmDbDir(145)) - ozone.scm.db.dirs is not configured. We recommend adding this setting. Falling back to ozone.metadata.dirs instead.
2019-09-16 16:12:06,955 [main] INFO  pipeline.SCMPipelineManager (SCMPipelineManager.java:initializePipelineState(128)) - No pipeline exists in current db
2019-09-16 16:12:06,956 [main] WARN  server.ServerUtils (ServerUtils.java:getScmDbDir(145)) - ozone.scm.db.dirs is not configured. We recommend adding this setting. Falling back to ozone.metadata.dirs instead.
2019-09-16 16:12:07,004 [main] WARN  events.EventQueue (EventQueue.java:fireEvent(183)) - No event handler registered for event TypedEvent{payloadType=SafeModeStatus, name='SafeModeStatus'}
2019-09-16 16:12:07,005 [main] INFO  ipc.CallQueueManager (CallQueueManager.java:<init>(84)) - Using callQueue: class java.util.concurrent.LinkedBlockingQueue, queueCapacity: 2000, scheduler: class org.apache.hadoop.ipc.DefaultRpcScheduler, ipcBackoff: false.
2019-09-16 16:12:07,006 [Socket Reader #1 for port 38071] INFO  ipc.Server (Server.java:run(1074)) - Starting Socket Reader #1 for port 38071
2019-09-16 16:12:07,008 [main] INFO  ipc.CallQueueManager (CallQueueManager.java:<init>(84)) - Using callQueue: class java.util.concurrent.LinkedBlockingQueue, queueCapacity: 2000, scheduler: class org.apache.hadoop.ipc.DefaultRpcScheduler, ipcBackoff: false.
2019-09-16 16:12:07,009 [Socket Reader #1 for port 42155] INFO  ipc.Server (Server.java:run(1074)) - Starting Socket Reader #1 for port 42155
2019-09-16 16:12:07,010 [main] INFO  ipc.CallQueueManager (CallQueueManager.java:<init>(84)) - Using callQueue: class java.util.concurrent.LinkedBlockingQueue, queueCapacity: 2000, scheduler: class org.apache.hadoop.ipc.DefaultRpcScheduler, ipcBackoff: false.
2019-09-16 16:12:07,011 [Socket Reader #1 for port 34834] INFO  ipc.Server (Server.java:run(1074)) - Starting Socket Reader #1 for port 34834
2019-09-16 16:12:07,013 [main] INFO  hdfs.DFSUtil (DFSUtil.java:httpServerTemplateForNNAndJN(1641)) - Starting Web-server for scm at: http://0.0.0.0:0
2019-09-16 16:12:07,018 [main] INFO  server.AuthenticationFilter (AuthenticationFilter.java:constructSecretProvider(240)) - Unable to initialize FileSignerSecretProvider, falling back to use random secrets.
2019-09-16 16:12:07,019 [main] WARN  http.HttpRequestLog (HttpRequestLog.java:getRequestLog(97)) - Jetty request log can only be enabled using Log4j
2019-09-16 16:12:07,020 [main] INFO  http.HttpServer2 (HttpServer2.java:addGlobalFilter(975)) - Added global filter 'safety' (class=org.apache.hadoop.http.HttpServer2$QuotingInputFilter)
2019-09-16 16:12:07,021 [main] INFO  http.HttpServer2 (HttpServer2.java:addFilter(948)) - Added filter static_user_filter (class=org.apache.hadoop.http.lib.StaticUserWebFilter$StaticUserFilter) to context scm
2019-09-16 16:12:07,021 [main] INFO  http.HttpServer2 (HttpServer2.java:addFilter(958)) - Added filter static_user_filter (class=org.apache.hadoop.http.lib.StaticUserWebFilter$StaticUserFilter) to context logs
2019-09-16 16:12:07,022 [main] INFO  http.HttpServer2 (HttpServer2.java:addFilter(958)) - Added filter static_user_filter (class=org.apache.hadoop.http.lib.StaticUserWebFilter$StaticUserFilter) to context static
2019-09-16 16:12:07,023 [main] INFO  server.StorageContainerManager (StorageContainerManager.java:start(763)) - StorageContainerLocationProtocol RPC server is listening at /0.0.0.0:34834
2019-09-16 16:12:07,026 [main] WARN  impl.MetricsConfig (MetricsConfig.java:loadFirst(134)) - Cannot locate configuration: tried hadoop-metrics2-storagecontainermanager.properties,hadoop-metrics2.properties
2019-09-16 16:12:07,026 [main] INFO  impl.MetricsSystemImpl (MetricsSystemImpl.java:startTimer(374)) - Scheduled Metric snapshot period at 10 second(s).
2019-09-16 16:12:07,027 [main] INFO  impl.MetricsSystemImpl (MetricsSystemImpl.java:start(191)) - StorageContainerManager metrics system started
2019-09-16 16:12:07,574 [main] WARN  impl.MetricsSystemImpl (MetricsSystemImpl.java:register(276)) - Sink prometheus already exists!
2019-09-16 16:12:07,619 [main] INFO  server.SCMClientProtocolServer (SCMClientProtocolServer.java:start(151)) - RPC server for Client  is listening at /0.0.0.0:34834
2019-09-16 16:12:07,619 [IPC Server Responder] INFO  ipc.Server (Server.java:run(1314)) - IPC Server Responder: starting
2019-09-16 16:12:07,619 [IPC Server listener on 34834] INFO  ipc.Server (Server.java:run(1153)) - IPC Server listener on 34834: starting
2019-09-16 16:12:07,623 [main] INFO  server.StorageContainerManager (StorageContainerManager.java:start(773)) - ScmBlockLocationProtocol RPC server is listening at /0.0.0.0:42155
2019-09-16 16:12:07,623 [main] INFO  server.SCMBlockProtocolServer (SCMBlockProtocolServer.java:start(146)) - RPC server for Block Protocol is listening at /0.0.0.0:42155
2019-09-16 16:12:07,624 [IPC Server listener on 42155] INFO  ipc.Server (Server.java:run(1153)) - IPC Server listener on 42155: starting
2019-09-16 16:12:07,624 [IPC Server Responder] INFO  ipc.Server (Server.java:run(1314)) - IPC Server Responder: starting
2019-09-16 16:12:07,627 [main] INFO  server.StorageContainerManager (StorageContainerManager.java:start(777)) - ScmDatanodeProtocl RPC server is listening at /0.0.0.0:38071
2019-09-16 16:12:07,627 [main] INFO  server.SCMDatanodeProtocolServer (SCMDatanodeProtocolServer.java:start(191)) - RPC server for DataNodes is listening at /0.0.0.0:38071
2019-09-16 16:12:07,627 [IPC Server Responder] INFO  ipc.Server (Server.java:run(1314)) - IPC Server Responder: starting
2019-09-16 16:12:07,627 [IPC Server listener on 38071] INFO  ipc.Server (Server.java:run(1153)) - IPC Server listener on 38071: starting
2019-09-16 16:12:07,632 [main] INFO  http.HttpServer2 (HttpServer2.java:bindListener(1191)) - Jetty bound to port 36912
2019-09-16 16:12:07,632 [main] INFO  server.Server (Server.java:doStart(351)) - jetty-9.3.24.v20180605, build timestamp: 2018-06-05T17:11:56Z, git hash: 84205aa28f11a4f31f2a3b86d1bba2cc8ab69827
2019-09-16 16:12:07,633 [main] INFO  handler.ContextHandler (ContextHandler.java:doStart(781)) - Started o.e.j.s.ServletContextHandler@3915e7c3{/logs,file:///workdir/hadoop-ozone/integration-test/target/log,AVAILABLE}
2019-09-16 16:12:07,633 [main] INFO  handler.ContextHandler (ContextHandler.java:doStart(781)) - Started o.e.j.s.ServletContextHandler@7c0df4ab{/static,file:///workdir/hadoop-ozone/integration-test/target/test-classes/webapps/static,AVAILABLE}
2019-09-16 16:12:07,637 [main] INFO  handler.ContextHandler (ContextHandler.java:doStart(781)) - Started o.e.j.w.WebAppContext@3cc3f13e{/,file:///workdir/hadoop-ozone/integration-test/target/test-classes/webapps/scm/,AVAILABLE}{/scm}
2019-09-16 16:12:07,637 [main] INFO  server.AbstractConnector (AbstractConnector.java:doStart(278)) - Started ServerConnector@69b3886f{HTTP/1.1,[http/1.1]}{0.0.0.0:36912}
2019-09-16 16:12:07,637 [main] INFO  server.Server (Server.java:doStart(419)) - Started @617238ms
2019-09-16 16:12:07,638 [main] WARN  impl.MetricsSystemImpl (MetricsSystemImpl.java:register(276)) - Sink prometheus already exists!
2019-09-16 16:12:07,639 [main] INFO  server.BaseHttpServer (BaseHttpServer.java:updateConnectorAddress(215)) - HTTP server of SCM is listening at http://0.0.0.0:36912
2019-09-16 16:12:07,640 [main] WARN  server.ServerUtils (ServerUtils.java:getDBPath(222)) - ozone.om.db.dirs is not configured. We recommend adding this setting. Falling back to ozone.metadata.dirs instead.
2019-09-16 16:12:07,640 [org.apache.hadoop.util.JvmPauseMonitor$Monitor@44faa4f2] INFO  util.JvmPauseMonitor (JvmPauseMonitor.java:run(188)) - Starting JVM pause monitor
2019-09-16 16:12:07,646 [main] WARN  server.ServerUtils (ServerUtils.java:getDBPath(222)) - ozone.om.db.dirs is not configured. We recommend adding this setting. Falling back to ozone.metadata.dirs instead.
2019-09-16 16:12:07,646 [main] WARN  server.ServerUtils (ServerUtils.java:getDBPath(222)) - ozone.om.db.dirs is not configured. We recommend adding this setting. Falling back to ozone.metadata.dirs instead.
2019-09-16 16:12:07,647 [main] INFO  om.OzoneManager (OzoneManager.java:setOMNodeDetails(649)) - OM Service ID is not set. Setting it to the default ID: omServiceIdDefault
2019-09-16 16:12:07,647 [main] INFO  om.OzoneManager (OzoneManager.java:setOMNodeDetails(655)) - OM Node ID is not set. Setting it to the OmStorage's OmID: e70d4579-f45b-4546-9fb7-61d788fbe7ae
2019-09-16 16:12:07,647 [main] INFO  om.OzoneManager (OzoneManager.java:loadOMHAConfigs(606)) - Found matching OM address with OMServiceId: null, OMNodeId: null, RPC Address: localhost:0 and Ratis port: 9872
2019-09-16 16:12:07,653 [main] WARN  server.ServerUtils (ServerUtils.java:getDBPath(222)) - ozone.om.db.dirs is not configured. We recommend adding this setting. Falling back to ozone.metadata.dirs instead.
2019-09-16 16:12:07,653 [main] INFO  db.DBStoreBuilder (DBStoreBuilder.java:addTable(110)) - using custom profile for table: userTable
2019-09-16 16:12:07,654 [main] INFO  db.DBStoreBuilder (DBStoreBuilder.java:processTables(161)) - Using default column profile:DBProfile.DISK for Table:userTable
2019-09-16 16:12:07,654 [main] INFO  db.DBStoreBuilder (DBStoreBuilder.java:addTable(110)) - using custom profile for table: volumeTable
2019-09-16 16:12:07,654 [main] INFO  db.DBStoreBuilder (DBStoreBuilder.java:processTables(161)) - Using default column profile:DBProfile.DISK for Table:volumeTable
2019-09-16 16:12:07,654 [main] INFO  db.DBStoreBuilder (DBStoreBuilder.java:addTable(110)) - using custom profile for table: bucketTable
2019-09-16 16:12:07,654 [main] INFO  db.DBStoreBuilder (DBStoreBuilder.java:processTables(161)) - Using default column profile:DBProfile.DISK for Table:bucketTable
2019-09-16 16:12:07,655 [main] INFO  db.DBStoreBuilder (DBStoreBuilder.java:addTable(110)) - using custom profile for table: keyTable
2019-09-16 16:12:07,655 [main] INFO  db.DBStoreBuilder (DBStoreBuilder.java:processTables(161)) - Using default column profile:DBProfile.DISK for Table:keyTable
2019-09-16 16:12:07,655 [main] INFO  db.DBStoreBuilder (DBStoreBuilder.java:addTable(110)) - using custom profile for table: deletedTable
2019-09-16 16:12:07,655 [main] INFO  db.DBStoreBuilder (DBStoreBuilder.java:processTables(161)) - Using default column profile:DBProfile.DISK for Table:deletedTable
2019-09-16 16:12:07,655 [main] INFO  db.DBStoreBuilder (DBStoreBuilder.java:addTable(110)) - using custom profile for table: openKeyTable
2019-09-16 16:12:07,655 [main] INFO  db.DBStoreBuilder (DBStoreBuilder.java:processTables(161)) - Using default column profile:DBProfile.DISK for Table:openKeyTable
2019-09-16 16:12:07,656 [main] INFO  db.DBStoreBuilder (DBStoreBuilder.java:addTable(110)) - using custom profile for table: s3Table
2019-09-16 16:12:07,656 [main] INFO  db.DBStoreBuilder (DBStoreBuilder.java:processTables(161)) - Using default column profile:DBProfile.DISK for Table:s3Table
2019-09-16 16:12:07,656 [main] INFO  db.DBStoreBuilder (DBStoreBuilder.java:addTable(110)) - using custom profile for table: multipartInfoTable
2019-09-16 16:12:07,656 [main] INFO  db.DBStoreBuilder (DBStoreBuilder.java:processTables(161)) - Using default column profile:DBProfile.DISK for Table:multipartInfoTable
2019-09-16 16:12:07,656 [main] INFO  db.DBStoreBuilder (DBStoreBuilder.java:addTable(110)) - using custom profile for table: dTokenTable
2019-09-16 16:12:07,657 [main] INFO  db.DBStoreBuilder (DBStoreBuilder.java:processTables(161)) - Using default column profile:DBProfile.DISK for Table:dTokenTable
2019-09-16 16:12:07,657 [main] INFO  db.DBStoreBuilder (DBStoreBuilder.java:addTable(110)) - using custom profile for table: s3SecretTable
2019-09-16 16:12:07,657 [main] INFO  db.DBStoreBuilder (DBStoreBuilder.java:processTables(161)) - Using default column profile:DBProfile.DISK for Table:s3SecretTable
2019-09-16 16:12:07,657 [main] INFO  db.DBStoreBuilder (DBStoreBuilder.java:addTable(110)) - using custom profile for table: prefixTable
2019-09-16 16:12:07,657 [main] INFO  db.DBStoreBuilder (DBStoreBuilder.java:processTables(161)) - Using default column profile:DBProfile.DISK for Table:prefixTable
2019-09-16 16:12:07,658 [main] INFO  db.DBStoreBuilder (DBStoreBuilder.java:addTable(110)) - using custom profile for table: default
2019-09-16 16:12:07,658 [main] INFO  db.DBStoreBuilder (DBStoreBuilder.java:processTables(167)) - Using default column profile:DBProfile.DISK for Table:default
2019-09-16 16:12:07,658 [main] INFO  db.DBStoreBuilder (DBStoreBuilder.java:getDbProfile(198)) - Using default options. DBProfile.DISK
2019-09-16 16:12:08,104 [main] INFO  ipc.CallQueueManager (CallQueueManager.java:<init>(84)) - Using callQueue: class java.util.concurrent.LinkedBlockingQueue, queueCapacity: 2000, scheduler: class org.apache.hadoop.ipc.DefaultRpcScheduler, ipcBackoff: false.
2019-09-16 16:12:08,105 [Socket Reader #1 for port 39663] INFO  ipc.Server (Server.java:run(1074)) - Starting Socket Reader #1 for port 39663
2019-09-16 16:12:08,120 [main] INFO  om.OzoneManager (OzoneManager.java:start(1240)) - OzoneManager RPC server is listening at localhost/127.0.0.1:39663
2019-09-16 16:12:08,121 [main] INFO  impl.MetricsSystemImpl (MetricsSystemImpl.java:init(158)) - OzoneManager metrics system started (again)
2019-09-16 16:12:08,121 [IPC Server Responder] INFO  ipc.Server (Server.java:run(1314)) - IPC Server Responder: starting
2019-09-16 16:12:08,124 [IPC Server listener on 39663] INFO  ipc.Server (Server.java:run(1153)) - IPC Server listener on 39663: starting
2019-09-16 16:12:08,131 [main] INFO  hdfs.DFSUtil (DFSUtil.java:httpServerTemplateForNNAndJN(1641)) - Starting Web-server for ozoneManager at: http://0.0.0.0:0
2019-09-16 16:12:08,133 [main] INFO  server.AuthenticationFilter (AuthenticationFilter.java:constructSecretProvider(240)) - Unable to initialize FileSignerSecretProvider, falling back to use random secrets.
2019-09-16 16:12:08,133 [main] WARN  http.HttpRequestLog (HttpRequestLog.java:getRequestLog(97)) - Jetty request log can only be enabled using Log4j
2019-09-16 16:12:08,135 [main] INFO  http.HttpServer2 (HttpServer2.java:addGlobalFilter(975)) - Added global filter 'safety' (class=org.apache.hadoop.http.HttpServer2$QuotingInputFilter)
2019-09-16 16:12:08,135 [main] INFO  http.HttpServer2 (HttpServer2.java:addFilter(948)) - Added filter static_user_filter (class=org.apache.hadoop.http.lib.StaticUserWebFilter$StaticUserFilter) to context ozoneManager
2019-09-16 16:12:08,135 [main] INFO  http.HttpServer2 (HttpServer2.java:addFilter(958)) - Added filter static_user_filter (class=org.apache.hadoop.http.lib.StaticUserWebFilter$StaticUserFilter) to context static
2019-09-16 16:12:08,135 [main] INFO  http.HttpServer2 (HttpServer2.java:addFilter(958)) - Added filter static_user_filter (class=org.apache.hadoop.http.lib.StaticUserWebFilter$StaticUserFilter) to context logs
2019-09-16 16:12:08,136 [main] INFO  http.HttpServer2 (HttpServer2.java:bindListener(1191)) - Jetty bound to port 44225
2019-09-16 16:12:08,136 [main] INFO  server.Server (Server.java:doStart(351)) - jetty-9.3.24.v20180605, build timestamp: 2018-06-05T17:11:56Z, git hash: 84205aa28f11a4f31f2a3b86d1bba2cc8ab69827
2019-09-16 16:12:08,138 [main] INFO  handler.ContextHandler (ContextHandler.java:doStart(781)) - Started o.e.j.s.ServletContextHandler@21dea711{/logs,file:///workdir/hadoop-ozone/integration-test/target/log,AVAILABLE}
2019-09-16 16:12:08,138 [main] INFO  handler.ContextHandler (ContextHandler.java:doStart(781)) - Started o.e.j.s.ServletContextHandler@a21c74{/static,file:///workdir/hadoop-ozone/integration-test/target/test-classes/webapps/static,AVAILABLE}
2019-09-16 16:12:08,142 [main] INFO  handler.ContextHandler (ContextHandler.java:doStart(781)) - Started o.e.j.w.WebAppContext@72b2c5ed{/,file:///workdir/hadoop-ozone/integration-test/target/test-classes/webapps/ozoneManager/,AVAILABLE}{/ozoneManager}
2019-09-16 16:12:08,142 [main] INFO  server.AbstractConnector (AbstractConnector.java:doStart(278)) - Started ServerConnector@41f785e3{HTTP/1.1,[http/1.1]}{0.0.0.0:44225}
2019-09-16 16:12:08,143 [main] INFO  server.Server (Server.java:doStart(419)) - Started @617744ms
2019-09-16 16:12:08,144 [main] WARN  impl.MetricsSystemImpl (MetricsSystemImpl.java:register(276)) - Sink prometheus already exists!
2019-09-16 16:12:08,144 [main] INFO  server.BaseHttpServer (BaseHttpServer.java:updateConnectorAddress(215)) - HTTP server of OZONEMANAGER is listening at http://0.0.0.0:44225
2019-09-16 16:12:08,158 [main] INFO  impl.MetricsSystemImpl (MetricsSystemImpl.java:init(158)) - HddsDatanode metrics system started (again)
2019-09-16 16:12:08,161 [main] INFO  ozone.HddsDatanodeService (HddsDatanodeService.java:start(184)) - HddsDatanodeService host:pr-hdds-2120-x62sn-1884063469 ip:192.168.157.233
2019-09-16 16:12:08,167 [main] INFO  volume.HddsVolume (HddsVolume.java:<init>(176)) - Creating Volume: /workdir/hadoop-ozone/integration-test/target/test-dir/MiniOzoneClusterImpl-e8aa87c8-ea32-4e45-b939-9d01c2f9b91f/datanode-0/data/containers/hdds of  storage type : DISK and capacity : 1482555576320
2019-09-16 16:12:08,168 [main] INFO  volume.VolumeSet (VolumeSet.java:initializeVolumeSet(170)) - Added Volume : /workdir/hadoop-ozone/integration-test/target/test-dir/MiniOzoneClusterImpl-e8aa87c8-ea32-4e45-b939-9d01c2f9b91f/datanode-0/data/containers/hdds to VolumeSet
2019-09-16 16:12:08,168 [main] INFO  volume.ThrottledAsyncChecker (ThrottledAsyncChecker.java:schedule(139)) - Scheduling a check for org.apache.hadoop.ozone.container.common.volume.HddsVolume@6b5c134e
2019-09-16 16:12:08,169 [main] INFO  volume.HddsVolumeChecker (HddsVolumeChecker.java:checkAllVolumes(202)) - Scheduled health check for volume org.apache.hadoop.ozone.container.common.volume.HddsVolume@6b5c134e
2019-09-16 16:12:08,179 [main] INFO  impl.RaftServerProxy (ConfUtils.java:logGet(43)) - raft.rpc.type = GRPC (default)
2019-09-16 16:12:08,180 [main] INFO  grpc.GrpcFactory (GrpcFactory.java:checkPooledByteBufAllocatorUseCacheForAllThreads(45)) - PERFORMANCE WARNING: useCacheForAllThreads is true that may cause Netty to create a lot garbage objects and, as a result, trigger GC.
	It is recommended to disable useCacheForAllThreads by setting -Dorg.apache.ratis.thirdparty.io.netty.allocator.useCacheForAllThreads=false in command line.
2019-09-16 16:12:08,180 [main] INFO  grpc.GrpcConfigKeys$Server (ConfUtils.java:logGet(43)) - raft.grpc.server.port = 0 (default)
2019-09-16 16:12:08,180 [main] INFO  server.GrpcService (ConfUtils.java:logGet(43)) - raft.grpc.message.size.max = 33570816 (custom)
2019-09-16 16:12:08,180 [main] INFO  server.RaftServerConfigKeys (ConfUtils.java:logGet(43)) - raft.server.log.appender.buffer.byte-limit = 33554432 (custom)
2019-09-16 16:12:08,181 [main] INFO  server.GrpcService (ConfUtils.java:logGet(43)) - raft.grpc.flow.control.window = 1MB (=1048576) (default)
2019-09-16 16:12:08,181 [main] INFO  server.RaftServerConfigKeys (ConfUtils.java:logGet(43)) - raft.server.rpc.request.timeout = 3000ms (default)
2019-09-16 16:12:08,182 [main] INFO  server.RaftServerConfigKeys (ConfUtils.java:logGet(43)) - raft.server.storage.dir = [/workdir/hadoop-ozone/integration-test/target/test-dir/MiniOzoneClusterImpl-e8aa87c8-ea32-4e45-b939-9d01c2f9b91f/datanode-0/data/ratis] (custom)
2019-09-16 16:12:08,183 [main] INFO  hdfs.DFSUtil (DFSUtil.java:httpServerTemplateForNNAndJN(1641)) - Starting Web-server for hddsDatanode at: http://0.0.0.0:0
2019-09-16 16:12:08,184 [main] INFO  server.AuthenticationFilter (AuthenticationFilter.java:constructSecretProvider(240)) - Unable to initialize FileSignerSecretProvider, falling back to use random secrets.
2019-09-16 16:12:08,185 [main] WARN  http.HttpRequestLog (HttpRequestLog.java:getRequestLog(97)) - Jetty request log can only be enabled using Log4j
2019-09-16 16:12:08,186 [main] INFO  http.HttpServer2 (HttpServer2.java:addGlobalFilter(975)) - Added global filter 'safety' (class=org.apache.hadoop.http.HttpServer2$QuotingInputFilter)
2019-09-16 16:12:08,186 [main] INFO  http.HttpServer2 (HttpServer2.java:addFilter(948)) - Added filter static_user_filter (class=org.apache.hadoop.http.lib.StaticUserWebFilter$StaticUserFilter) to context hddsDatanode
2019-09-16 16:12:08,186 [main] INFO  http.HttpServer2 (HttpServer2.java:addFilter(958)) - Added filter static_user_filter (class=org.apache.hadoop.http.lib.StaticUserWebFilter$StaticUserFilter) to context static
2019-09-16 16:12:08,186 [main] INFO  http.HttpServer2 (HttpServer2.java:addFilter(958)) - Added filter static_user_filter (class=org.apache.hadoop.http.lib.StaticUserWebFilter$StaticUserFilter) to context logs
2019-09-16 16:12:08,187 [main] INFO  http.HttpServer2 (HttpServer2.java:bindListener(1191)) - Jetty bound to port 39951
2019-09-16 16:12:08,187 [main] INFO  server.Server (Server.java:doStart(351)) - jetty-9.3.24.v20180605, build timestamp: 2018-06-05T17:11:56Z, git hash: 84205aa28f11a4f31f2a3b86d1bba2cc8ab69827
2019-09-16 16:12:08,188 [main] INFO  handler.ContextHandler (ContextHandler.java:doStart(781)) - Started o.e.j.s.ServletContextHandler@375084c9{/logs,file:///workdir/hadoop-ozone/integration-test/target/log,AVAILABLE}
2019-09-16 16:12:08,189 [main] INFO  handler.ContextHandler (ContextHandler.java:doStart(781)) - Started o.e.j.s.ServletContextHandler@2a136383{/static,jar:file:/home/user/.m2/repository/org/apache/hadoop/hadoop-hdds-container-service/0.5.0-SNAPSHOT/hadoop-hdds-container-service-0.5.0-SNAPSHOT.jar!/webapps/static,AVAILABLE}
2019-09-16 16:12:08,217 [main] INFO  handler.ContextHandler (ContextHandler.java:doStart(781)) - Started o.e.j.w.WebAppContext@446b64b3{/,file:///tmp/jetty-0.0.0.0-39951-hddsDatanode-_-any-3258459253002391102.dir/webapp/,AVAILABLE}{/hddsDatanode}
2019-09-16 16:12:08,218 [main] INFO  server.AbstractConnector (AbstractConnector.java:doStart(278)) - Started ServerConnector@35ac9ebd{HTTP/1.1,[http/1.1]}{0.0.0.0:39951}
2019-09-16 16:12:08,220 [main] INFO  server.Server (Server.java:doStart(419)) - Started @617821ms
2019-09-16 16:12:08,220 [main] WARN  impl.MetricsSystemImpl (MetricsSystemImpl.java:register(276)) - Sink prometheus already exists!
2019-09-16 16:12:08,221 [main] INFO  server.BaseHttpServer (BaseHttpServer.java:updateConnectorAddress(215)) - HTTP server of HDDSDATANODE is listening at http://0.0.0.0:39951
2019-09-16 16:12:08,221 [main] INFO  impl.MetricsSystemImpl (MetricsSystemImpl.java:init(158)) - HddsDatanode metrics system started (again)
2019-09-16 16:12:08,225 [main] INFO  ozone.HddsDatanodeService (HddsDatanodeService.java:start(184)) - HddsDatanodeService host:pr-hdds-2120-x62sn-1884063469 ip:192.168.157.233
2019-09-16 16:12:08,225 [org.apache.hadoop.util.JvmPauseMonitor$Monitor@2c694c7c] INFO  util.JvmPauseMonitor (JvmPauseMonitor.java:run(188)) - Starting JVM pause monitor
2019-09-16 16:12:08,229 [Datanode State Machine Thread - 0] INFO  datanode.InitDatanodeState (InitDatanodeState.java:persistContainerDatanodeDetails(140)) - DatanodeDetails is persisted to /workdir/hadoop-ozone/integration-test/target/test-dir/MiniOzoneClusterImpl-e8aa87c8-ea32-4e45-b939-9d01c2f9b91f/datanode-0/meta/datanode.id
2019-09-16 16:12:08,233 [main] INFO  volume.HddsVolume (HddsVolume.java:<init>(176)) - Creating Volume: /workdir/hadoop-ozone/integration-test/target/test-dir/MiniOzoneClusterImpl-e8aa87c8-ea32-4e45-b939-9d01c2f9b91f/datanode-1/data/containers/hdds of  storage type : DISK and capacity : 1482555576320
2019-09-16 16:12:08,233 [main] INFO  volume.VolumeSet (VolumeSet.java:initializeVolumeSet(170)) - Added Volume : /workdir/hadoop-ozone/integration-test/target/test-dir/MiniOzoneClusterImpl-e8aa87c8-ea32-4e45-b939-9d01c2f9b91f/datanode-1/data/containers/hdds to VolumeSet
2019-09-16 16:12:08,233 [main] INFO  volume.ThrottledAsyncChecker (ThrottledAsyncChecker.java:schedule(139)) - Scheduling a check for org.apache.hadoop.ozone.container.common.volume.HddsVolume@33de7f3d
2019-09-16 16:12:08,234 [main] INFO  volume.HddsVolumeChecker (HddsVolumeChecker.java:checkAllVolumes(202)) - Scheduled health check for volume org.apache.hadoop.ozone.container.common.volume.HddsVolume@33de7f3d
2019-09-16 16:12:08,246 [main] INFO  impl.RaftServerProxy (ConfUtils.java:logGet(43)) - raft.rpc.type = GRPC (default)
2019-09-16 16:12:08,246 [main] INFO  grpc.GrpcFactory (GrpcFactory.java:checkPooledByteBufAllocatorUseCacheForAllThreads(45)) - PERFORMANCE WARNING: useCacheForAllThreads is true that may cause Netty to create a lot garbage objects and, as a result, trigger GC.
	It is recommended to disable useCacheForAllThreads by setting -Dorg.apache.ratis.thirdparty.io.netty.allocator.useCacheForAllThreads=false in command line.
2019-09-16 16:12:08,246 [main] INFO  grpc.GrpcConfigKeys$Server (ConfUtils.java:logGet(43)) - raft.grpc.server.port = 0 (default)
2019-09-16 16:12:08,246 [main] INFO  server.GrpcService (ConfUtils.java:logGet(43)) - raft.grpc.message.size.max = 33570816 (custom)
2019-09-16 16:12:08,246 [main] INFO  server.RaftServerConfigKeys (ConfUtils.java:logGet(43)) - raft.server.log.appender.buffer.byte-limit = 33554432 (custom)
2019-09-16 16:12:08,247 [main] INFO  server.GrpcService (ConfUtils.java:logGet(43)) - raft.grpc.flow.control.window = 1MB (=1048576) (default)
2019-09-16 16:12:08,247 [main] INFO  server.RaftServerConfigKeys (ConfUtils.java:logGet(43)) - raft.server.rpc.request.timeout = 3000ms (default)
2019-09-16 16:12:08,247 [main] INFO  server.RaftServerConfigKeys (ConfUtils.java:logGet(43)) - raft.server.storage.dir = [/workdir/hadoop-ozone/integration-test/target/test-dir/MiniOzoneClusterImpl-e8aa87c8-ea32-4e45-b939-9d01c2f9b91f/datanode-1/data/ratis] (custom)
2019-09-16 16:12:08,248 [main] INFO  hdfs.DFSUtil (DFSUtil.java:httpServerTemplateForNNAndJN(1641)) - Starting Web-server for hddsDatanode at: http://0.0.0.0:0
2019-09-16 16:12:08,249 [main] INFO  server.AuthenticationFilter (AuthenticationFilter.java:constructSecretProvider(240)) - Unable to initialize FileSignerSecretProvider, falling back to use random secrets.
2019-09-16 16:12:08,249 [main] WARN  http.HttpRequestLog (HttpRequestLog.java:getRequestLog(97)) - Jetty request log can only be enabled using Log4j
2019-09-16 16:12:08,251 [main] INFO  http.HttpServer2 (HttpServer2.java:addGlobalFilter(975)) - Added global filter 'safety' (class=org.apache.hadoop.http.HttpServer2$QuotingInputFilter)
2019-09-16 16:12:08,251 [main] INFO  http.HttpServer2 (HttpServer2.java:addFilter(948)) - Added filter static_user_filter (class=org.apache.hadoop.http.lib.StaticUserWebFilter$StaticUserFilter) to context hddsDatanode
2019-09-16 16:12:08,251 [main] INFO  http.HttpServer2 (HttpServer2.java:addFilter(958)) - Added filter static_user_filter (class=org.apache.hadoop.http.lib.StaticUserWebFilter$StaticUserFilter) to context static
2019-09-16 16:12:08,251 [main] INFO  http.HttpServer2 (HttpServer2.java:addFilter(958)) - Added filter static_user_filter (class=org.apache.hadoop.http.lib.StaticUserWebFilter$StaticUserFilter) to context logs
2019-09-16 16:12:08,252 [main] INFO  http.HttpServer2 (HttpServer2.java:bindListener(1191)) - Jetty bound to port 33972
2019-09-16 16:12:08,252 [main] INFO  server.Server (Server.java:doStart(351)) - jetty-9.3.24.v20180605, build timestamp: 2018-06-05T17:11:56Z, git hash: 84205aa28f11a4f31f2a3b86d1bba2cc8ab69827
2019-09-16 16:12:08,253 [main] INFO  handler.ContextHandler (ContextHandler.java:doStart(781)) - Started o.e.j.s.ServletContextHandler@537b3b2e{/logs,file:///workdir/hadoop-ozone/integration-test/target/log,AVAILABLE}
2019-09-16 16:12:08,254 [main] INFO  handler.ContextHandler (ContextHandler.java:doStart(781)) - Started o.e.j.s.ServletContextHandler@3ccb12d{/static,jar:file:/home/user/.m2/repository/org/apache/hadoop/hadoop-hdds-container-service/0.5.0-SNAPSHOT/hadoop-hdds-container-service-0.5.0-SNAPSHOT.jar!/webapps/static,AVAILABLE}
2019-09-16 16:12:08,279 [main] INFO  handler.ContextHandler (ContextHandler.java:doStart(781)) - Started o.e.j.w.WebAppContext@3962ec84{/,file:///tmp/jetty-0.0.0.0-33972-hddsDatanode-_-any-3552717314570965993.dir/webapp/,AVAILABLE}{/hddsDatanode}
2019-09-16 16:12:08,279 [main] INFO  server.AbstractConnector (AbstractConnector.java:doStart(278)) - Started ServerConnector@147e0734{HTTP/1.1,[http/1.1]}{0.0.0.0:33972}
2019-09-16 16:12:08,281 [main] INFO  server.Server (Server.java:doStart(419)) - Started @617882ms
2019-09-16 16:12:08,281 [main] WARN  impl.MetricsSystemImpl (MetricsSystemImpl.java:register(276)) - Sink prometheus already exists!
2019-09-16 16:12:08,282 [main] INFO  server.BaseHttpServer (BaseHttpServer.java:updateConnectorAddress(215)) - HTTP server of HDDSDATANODE is listening at http://0.0.0.0:33972
2019-09-16 16:12:08,282 [main] INFO  impl.MetricsSystemImpl (MetricsSystemImpl.java:init(158)) - HddsDatanode metrics system started (again)
2019-09-16 16:12:08,286 [org.apache.hadoop.util.JvmPauseMonitor$Monitor@36c31f7] INFO  util.JvmPauseMonitor (JvmPauseMonitor.java:run(188)) - Starting JVM pause monitor
2019-09-16 16:12:08,286 [main] INFO  ozone.HddsDatanodeService (HddsDatanodeService.java:start(184)) - HddsDatanodeService host:pr-hdds-2120-x62sn-1884063469 ip:192.168.157.233
2019-09-16 16:12:08,287 [Datanode State Machine Thread - 0] INFO  datanode.InitDatanodeState (InitDatanodeState.java:persistContainerDatanodeDetails(140)) - DatanodeDetails is persisted to /workdir/hadoop-ozone/integration-test/target/test-dir/MiniOzoneClusterImpl-e8aa87c8-ea32-4e45-b939-9d01c2f9b91f/datanode-1/meta/datanode.id
2019-09-16 16:12:08,292 [main] INFO  volume.HddsVolume (HddsVolume.java:<init>(176)) - Creating Volume: /workdir/hadoop-ozone/integration-test/target/test-dir/MiniOzoneClusterImpl-e8aa87c8-ea32-4e45-b939-9d01c2f9b91f/datanode-2/data/containers/hdds of  storage type : DISK and capacity : 1482555576320
2019-09-16 16:12:08,292 [main] INFO  volume.VolumeSet (VolumeSet.java:initializeVolumeSet(170)) - Added Volume : /workdir/hadoop-ozone/integration-test/target/test-dir/MiniOzoneClusterImpl-e8aa87c8-ea32-4e45-b939-9d01c2f9b91f/datanode-2/data/containers/hdds to VolumeSet
2019-09-16 16:12:08,293 [main] INFO  volume.ThrottledAsyncChecker (ThrottledAsyncChecker.java:schedule(139)) - Scheduling a check for org.apache.hadoop.ozone.container.common.volume.HddsVolume@3719360c
2019-09-16 16:12:08,293 [main] INFO  volume.HddsVolumeChecker (HddsVolumeChecker.java:checkAllVolumes(202)) - Scheduled health check for volume org.apache.hadoop.ozone.container.common.volume.HddsVolume@3719360c
2019-09-16 16:12:08,309 [main] INFO  impl.RaftServerProxy (ConfUtils.java:logGet(43)) - raft.rpc.type = GRPC (default)
2019-09-16 16:12:08,309 [main] INFO  grpc.GrpcFactory (GrpcFactory.java:checkPooledByteBufAllocatorUseCacheForAllThreads(45)) - PERFORMANCE WARNING: useCacheForAllThreads is true that may cause Netty to create a lot garbage objects and, as a result, trigger GC.
	It is recommended to disable useCacheForAllThreads by setting -Dorg.apache.ratis.thirdparty.io.netty.allocator.useCacheForAllThreads=false in command line.
2019-09-16 16:12:08,310 [main] INFO  grpc.GrpcConfigKeys$Server (ConfUtils.java:logGet(43)) - raft.grpc.server.port = 0 (default)
2019-09-16 16:12:08,310 [main] INFO  server.GrpcService (ConfUtils.java:logGet(43)) - raft.grpc.message.size.max = 33570816 (custom)
2019-09-16 16:12:08,310 [main] INFO  server.RaftServerConfigKeys (ConfUtils.java:logGet(43)) - raft.server.log.appender.buffer.byte-limit = 33554432 (custom)
2019-09-16 16:12:08,310 [main] INFO  server.GrpcService (ConfUtils.java:logGet(43)) - raft.grpc.flow.control.window = 1MB (=1048576) (default)
2019-09-16 16:12:08,311 [main] INFO  server.RaftServerConfigKeys (ConfUtils.java:logGet(43)) - raft.server.rpc.request.timeout = 3000ms (default)
2019-09-16 16:12:08,311 [main] INFO  server.RaftServerConfigKeys (ConfUtils.java:logGet(43)) - raft.server.storage.dir = [/workdir/hadoop-ozone/integration-test/target/test-dir/MiniOzoneClusterImpl-e8aa87c8-ea32-4e45-b939-9d01c2f9b91f/datanode-2/data/ratis] (custom)
2019-09-16 16:12:08,313 [main] INFO  hdfs.DFSUtil (DFSUtil.java:httpServerTemplateForNNAndJN(1641)) - Starting Web-server for hddsDatanode at: http://0.0.0.0:0
2019-09-16 16:12:08,314 [main] INFO  server.AuthenticationFilter (AuthenticationFilter.java:constructSecretProvider(240)) - Unable to initialize FileSignerSecretProvider, falling back to use random secrets.
2019-09-16 16:12:08,315 [main] WARN  http.HttpRequestLog (HttpRequestLog.java:getRequestLog(97)) - Jetty request log can only be enabled using Log4j
2019-09-16 16:12:08,316 [main] INFO  http.HttpServer2 (HttpServer2.java:addGlobalFilter(975)) - Added global filter 'safety' (class=org.apache.hadoop.http.HttpServer2$QuotingInputFilter)
2019-09-16 16:12:08,317 [main] INFO  http.HttpServer2 (HttpServer2.java:addFilter(948)) - Added filter static_user_filter (class=org.apache.hadoop.http.lib.StaticUserWebFilter$StaticUserFilter) to context hddsDatanode
2019-09-16 16:12:08,317 [main] INFO  http.HttpServer2 (HttpServer2.java:addFilter(958)) - Added filter static_user_filter (class=org.apache.hadoop.http.lib.StaticUserWebFilter$StaticUserFilter) to context logs
2019-09-16 16:12:08,317 [main] INFO  http.HttpServer2 (HttpServer2.java:addFilter(958)) - Added filter static_user_filter (class=org.apache.hadoop.http.lib.StaticUserWebFilter$StaticUserFilter) to context static
2019-09-16 16:12:08,318 [main] INFO  http.HttpServer2 (HttpServer2.java:bindListener(1191)) - Jetty bound to port 37237
2019-09-16 16:12:08,318 [main] INFO  server.Server (Server.java:doStart(351)) - jetty-9.3.24.v20180605, build timestamp: 2018-06-05T17:11:56Z, git hash: 84205aa28f11a4f31f2a3b86d1bba2cc8ab69827
2019-09-16 16:12:08,319 [main] INFO  handler.ContextHandler (ContextHandler.java:doStart(781)) - Started o.e.j.s.ServletContextHandler@6fe04f2a{/logs,file:///workdir/hadoop-ozone/integration-test/target/log,AVAILABLE}
2019-09-16 16:12:08,320 [main] INFO  handler.ContextHandler (ContextHandler.java:doStart(781)) - Started o.e.j.s.ServletContextHandler@733534f9{/static,jar:file:/home/user/.m2/repository/org/apache/hadoop/hadoop-hdds-container-service/0.5.0-SNAPSHOT/hadoop-hdds-container-service-0.5.0-SNAPSHOT.jar!/webapps/static,AVAILABLE}
2019-09-16 16:12:08,355 [main] INFO  handler.ContextHandler (ContextHandler.java:doStart(781)) - Started o.e.j.w.WebAppContext@45eab322{/,file:///tmp/jetty-0.0.0.0-37237-hddsDatanode-_-any-2602039193099682846.dir/webapp/,AVAILABLE}{/hddsDatanode}
2019-09-16 16:12:08,355 [main] INFO  server.AbstractConnector (AbstractConnector.java:doStart(278)) - Started ServerConnector@f017dd0{HTTP/1.1,[http/1.1]}{0.0.0.0:37237}
2019-09-16 16:12:08,357 [main] INFO  server.Server (Server.java:doStart(419)) - Started @617958ms
2019-09-16 16:12:08,357 [main] WARN  impl.MetricsSystemImpl (MetricsSystemImpl.java:register(276)) - Sink prometheus already exists!
2019-09-16 16:12:08,358 [main] INFO  server.BaseHttpServer (BaseHttpServer.java:updateConnectorAddress(215)) - HTTP server of HDDSDATANODE is listening at http://0.0.0.0:37237
2019-09-16 16:12:08,359 [main] INFO  impl.MetricsSystemImpl (MetricsSystemImpl.java:init(158)) - HddsDatanode metrics system started (again)
2019-09-16 16:12:08,363 [org.apache.hadoop.util.JvmPauseMonitor$Monitor@69864514] INFO  util.JvmPauseMonitor (JvmPauseMonitor.java:run(188)) - Starting JVM pause monitor
2019-09-16 16:12:08,364 [main] INFO  ozone.HddsDatanodeService (HddsDatanodeService.java:start(184)) - HddsDatanodeService host:pr-hdds-2120-x62sn-1884063469 ip:192.168.157.233
2019-09-16 16:12:08,364 [Datanode State Machine Thread - 0] INFO  datanode.InitDatanodeState (InitDatanodeState.java:persistContainerDatanodeDetails(140)) - DatanodeDetails is persisted to /workdir/hadoop-ozone/integration-test/target/test-dir/MiniOzoneClusterImpl-e8aa87c8-ea32-4e45-b939-9d01c2f9b91f/datanode-2/meta/datanode.id
2019-09-16 16:12:08,370 [main] INFO  volume.HddsVolume (HddsVolume.java:<init>(176)) - Creating Volume: /workdir/hadoop-ozone/integration-test/target/test-dir/MiniOzoneClusterImpl-e8aa87c8-ea32-4e45-b939-9d01c2f9b91f/datanode-3/data/containers/hdds of  storage type : DISK and capacity : 1482555576320
2019-09-16 16:12:08,371 [main] INFO  volume.VolumeSet (VolumeSet.java:initializeVolumeSet(170)) - Added Volume : /workdir/hadoop-ozone/integration-test/target/test-dir/MiniOzoneClusterImpl-e8aa87c8-ea32-4e45-b939-9d01c2f9b91f/datanode-3/data/containers/hdds to VolumeSet
2019-09-16 16:12:08,371 [main] INFO  volume.ThrottledAsyncChecker (ThrottledAsyncChecker.java:schedule(139)) - Scheduling a check for org.apache.hadoop.ozone.container.common.volume.HddsVolume@53cddaf8
2019-09-16 16:12:08,371 [main] INFO  volume.HddsVolumeChecker (HddsVolumeChecker.java:checkAllVolumes(202)) - Scheduled health check for volume org.apache.hadoop.ozone.container.common.volume.HddsVolume@53cddaf8
2019-09-16 16:12:08,381 [main] INFO  impl.RaftServerProxy (ConfUtils.java:logGet(43)) - raft.rpc.type = GRPC (default)
2019-09-16 16:12:08,381 [main] INFO  grpc.GrpcFactory (GrpcFactory.java:checkPooledByteBufAllocatorUseCacheForAllThreads(45)) - PERFORMANCE WARNING: useCacheForAllThreads is true that may cause Netty to create a lot garbage objects and, as a result, trigger GC.
	It is recommended to disable useCacheForAllThreads by setting -Dorg.apache.ratis.thirdparty.io.netty.allocator.useCacheForAllThreads=false in command line.
2019-09-16 16:12:08,382 [main] INFO  grpc.GrpcConfigKeys$Server (ConfUtils.java:logGet(43)) - raft.grpc.server.port = 0 (default)
2019-09-16 16:12:08,382 [main] INFO  server.GrpcService (ConfUtils.java:logGet(43)) - raft.grpc.message.size.max = 33570816 (custom)
2019-09-16 16:12:08,382 [main] INFO  server.RaftServerConfigKeys (ConfUtils.java:logGet(43)) - raft.server.log.appender.buffer.byte-limit = 33554432 (custom)
2019-09-16 16:12:08,382 [main] INFO  server.GrpcService (ConfUtils.java:logGet(43)) - raft.grpc.flow.control.window = 1MB (=1048576) (default)
2019-09-16 16:12:08,382 [main] INFO  server.RaftServerConfigKeys (ConfUtils.java:logGet(43)) - raft.server.rpc.request.timeout = 3000ms (default)
2019-09-16 16:12:08,383 [main] INFO  server.RaftServerConfigKeys (ConfUtils.java:logGet(43)) - raft.server.storage.dir = [/workdir/hadoop-ozone/integration-test/target/test-dir/MiniOzoneClusterImpl-e8aa87c8-ea32-4e45-b939-9d01c2f9b91f/datanode-3/data/ratis] (custom)
2019-09-16 16:12:08,384 [main] INFO  hdfs.DFSUtil (DFSUtil.java:httpServerTemplateForNNAndJN(1641)) - Starting Web-server for hddsDatanode at: http://0.0.0.0:0
2019-09-16 16:12:08,385 [main] INFO  server.AuthenticationFilter (AuthenticationFilter.java:constructSecretProvider(240)) - Unable to initialize FileSignerSecretProvider, falling back to use random secrets.
2019-09-16 16:12:08,385 [main] WARN  http.HttpRequestLog (HttpRequestLog.java:getRequestLog(97)) - Jetty request log can only be enabled using Log4j
2019-09-16 16:12:08,386 [main] INFO  http.HttpServer2 (HttpServer2.java:addGlobalFilter(975)) - Added global filter 'safety' (class=org.apache.hadoop.http.HttpServer2$QuotingInputFilter)
2019-09-16 16:12:08,386 [main] INFO  http.HttpServer2 (HttpServer2.java:addFilter(948)) - Added filter static_user_filter (class=org.apache.hadoop.http.lib.StaticUserWebFilter$StaticUserFilter) to context hddsDatanode
2019-09-16 16:12:08,386 [main] INFO  http.HttpServer2 (HttpServer2.java:addFilter(958)) - Added filter static_user_filter (class=org.apache.hadoop.http.lib.StaticUserWebFilter$StaticUserFilter) to context static
2019-09-16 16:12:08,387 [main] INFO  http.HttpServer2 (HttpServer2.java:addFilter(958)) - Added filter static_user_filter (class=org.apache.hadoop.http.lib.StaticUserWebFilter$StaticUserFilter) to context logs
2019-09-16 16:12:08,387 [main] INFO  http.HttpServer2 (HttpServer2.java:bindListener(1191)) - Jetty bound to port 44719
2019-09-16 16:12:08,387 [main] INFO  server.Server (Server.java:doStart(351)) - jetty-9.3.24.v20180605, build timestamp: 2018-06-05T17:11:56Z, git hash: 84205aa28f11a4f31f2a3b86d1bba2cc8ab69827
2019-09-16 16:12:08,389 [main] INFO  handler.ContextHandler (ContextHandler.java:doStart(781)) - Started o.e.j.s.ServletContextHandler@aa752bb{/logs,file:///workdir/hadoop-ozone/integration-test/target/log,AVAILABLE}
2019-09-16 16:12:08,389 [main] INFO  handler.ContextHandler (ContextHandler.java:doStart(781)) - Started o.e.j.s.ServletContextHandler@643ecfef{/static,jar:file:/home/user/.m2/repository/org/apache/hadoop/hadoop-hdds-container-service/0.5.0-SNAPSHOT/hadoop-hdds-container-service-0.5.0-SNAPSHOT.jar!/webapps/static,AVAILABLE}
2019-09-16 16:12:08,414 [main] INFO  handler.ContextHandler (ContextHandler.java:doStart(781)) - Started o.e.j.w.WebAppContext@7a55fb81{/,file:///tmp/jetty-0.0.0.0-44719-hddsDatanode-_-any-8371909482646309451.dir/webapp/,AVAILABLE}{/hddsDatanode}
2019-09-16 16:12:08,415 [main] INFO  server.AbstractConnector (AbstractConnector.java:doStart(278)) - Started ServerConnector@5a3cf878{HTTP/1.1,[http/1.1]}{0.0.0.0:44719}
2019-09-16 16:12:08,416 [main] INFO  server.Server (Server.java:doStart(419)) - Started @618017ms
2019-09-16 16:12:08,417 [main] WARN  impl.MetricsSystemImpl (MetricsSystemImpl.java:register(276)) - Sink prometheus already exists!
2019-09-16 16:12:08,417 [main] INFO  server.BaseHttpServer (BaseHttpServer.java:updateConnectorAddress(215)) - HTTP server of HDDSDATANODE is listening at http://0.0.0.0:44719
2019-09-16 16:12:08,417 [main] INFO  impl.MetricsSystemImpl (MetricsSystemImpl.java:init(158)) - HddsDatanode metrics system started (again)
2019-09-16 16:12:08,421 [org.apache.hadoop.util.JvmPauseMonitor$Monitor@44e78a5a] INFO  util.JvmPauseMonitor (JvmPauseMonitor.java:run(188)) - Starting JVM pause monitor
2019-09-16 16:12:08,422 [main] INFO  ozone.HddsDatanodeService (HddsDatanodeService.java:start(184)) - HddsDatanodeService host:pr-hdds-2120-x62sn-1884063469 ip:192.168.157.233
2019-09-16 16:12:08,423 [Datanode State Machine Thread - 0] INFO  datanode.InitDatanodeState (InitDatanodeState.java:persistContainerDatanodeDetails(140)) - DatanodeDetails is persisted to /workdir/hadoop-ozone/integration-test/target/test-dir/MiniOzoneClusterImpl-e8aa87c8-ea32-4e45-b939-9d01c2f9b91f/datanode-3/meta/datanode.id
2019-09-16 16:12:08,427 [main] INFO  volume.HddsVolume (HddsVolume.java:<init>(176)) - Creating Volume: /workdir/hadoop-ozone/integration-test/target/test-dir/MiniOzoneClusterImpl-e8aa87c8-ea32-4e45-b939-9d01c2f9b91f/datanode-4/data/containers/hdds of  storage type : DISK and capacity : 1482555576320
2019-09-16 16:12:08,428 [main] INFO  volume.VolumeSet (VolumeSet.java:initializeVolumeSet(170)) - Added Volume : /workdir/hadoop-ozone/integration-test/target/test-dir/MiniOzoneClusterImpl-e8aa87c8-ea32-4e45-b939-9d01c2f9b91f/datanode-4/data/containers/hdds to VolumeSet
2019-09-16 16:12:08,428 [main] INFO  volume.ThrottledAsyncChecker (ThrottledAsyncChecker.java:schedule(139)) - Scheduling a check for org.apache.hadoop.ozone.container.common.volume.HddsVolume@1883871b
2019-09-16 16:12:08,428 [main] INFO  volume.HddsVolumeChecker (HddsVolumeChecker.java:checkAllVolumes(202)) - Scheduled health check for volume org.apache.hadoop.ozone.container.common.volume.HddsVolume@1883871b
2019-09-16 16:12:08,439 [main] INFO  impl.RaftServerProxy (ConfUtils.java:logGet(43)) - raft.rpc.type = GRPC (default)
2019-09-16 16:12:08,440 [main] INFO  grpc.GrpcFactory (GrpcFactory.java:checkPooledByteBufAllocatorUseCacheForAllThreads(45)) - PERFORMANCE WARNING: useCacheForAllThreads is true that may cause Netty to create a lot garbage objects and, as a result, trigger GC.
	It is recommended to disable useCacheForAllThreads by setting -Dorg.apache.ratis.thirdparty.io.netty.allocator.useCacheForAllThreads=false in command line.
2019-09-16 16:12:08,440 [main] INFO  grpc.GrpcConfigKeys$Server (ConfUtils.java:logGet(43)) - raft.grpc.server.port = 0 (default)
2019-09-16 16:12:08,440 [main] INFO  server.GrpcService (ConfUtils.java:logGet(43)) - raft.grpc.message.size.max = 33570816 (custom)
2019-09-16 16:12:08,440 [main] INFO  server.RaftServerConfigKeys (ConfUtils.java:logGet(43)) - raft.server.log.appender.buffer.byte-limit = 33554432 (custom)
2019-09-16 16:12:08,440 [main] INFO  server.GrpcService (ConfUtils.java:logGet(43)) - raft.grpc.flow.control.window = 1MB (=1048576) (default)
2019-09-16 16:12:08,440 [main] INFO  server.RaftServerConfigKeys (ConfUtils.java:logGet(43)) - raft.server.rpc.request.timeout = 3000ms (default)
2019-09-16 16:12:08,441 [main] INFO  server.RaftServerConfigKeys (ConfUtils.java:logGet(43)) - raft.server.storage.dir = [/workdir/hadoop-ozone/integration-test/target/test-dir/MiniOzoneClusterImpl-e8aa87c8-ea32-4e45-b939-9d01c2f9b91f/datanode-4/data/ratis] (custom)
2019-09-16 16:12:08,442 [main] INFO  hdfs.DFSUtil (DFSUtil.java:httpServerTemplateForNNAndJN(1641)) - Starting Web-server for hddsDatanode at: http://0.0.0.0:0
2019-09-16 16:12:08,443 [main] INFO  server.AuthenticationFilter (AuthenticationFilter.java:constructSecretProvider(240)) - Unable to initialize FileSignerSecretProvider, falling back to use random secrets.
2019-09-16 16:12:08,443 [main] WARN  http.HttpRequestLog (HttpRequestLog.java:getRequestLog(97)) - Jetty request log can only be enabled using Log4j
2019-09-16 16:12:08,444 [main] INFO  http.HttpServer2 (HttpServer2.java:addGlobalFilter(975)) - Added global filter 'safety' (class=org.apache.hadoop.http.HttpServer2$QuotingInputFilter)
2019-09-16 16:12:08,444 [main] INFO  http.HttpServer2 (HttpServer2.java:addFilter(948)) - Added filter static_user_filter (class=org.apache.hadoop.http.lib.StaticUserWebFilter$StaticUserFilter) to context hddsDatanode
2019-09-16 16:12:08,445 [main] INFO  http.HttpServer2 (HttpServer2.java:addFilter(958)) - Added filter static_user_filter (class=org.apache.hadoop.http.lib.StaticUserWebFilter$StaticUserFilter) to context static
2019-09-16 16:12:08,445 [main] INFO  http.HttpServer2 (HttpServer2.java:addFilter(958)) - Added filter static_user_filter (class=org.apache.hadoop.http.lib.StaticUserWebFilter$StaticUserFilter) to context logs
2019-09-16 16:12:08,445 [main] INFO  http.HttpServer2 (HttpServer2.java:bindListener(1191)) - Jetty bound to port 38149
2019-09-16 16:12:08,445 [main] INFO  server.Server (Server.java:doStart(351)) - jetty-9.3.24.v20180605, build timestamp: 2018-06-05T17:11:56Z, git hash: 84205aa28f11a4f31f2a3b86d1bba2cc8ab69827
2019-09-16 16:12:08,446 [main] INFO  handler.ContextHandler (ContextHandler.java:doStart(781)) - Started o.e.j.s.ServletContextHandler@1f7e52d1{/logs,file:///workdir/hadoop-ozone/integration-test/target/log,AVAILABLE}
2019-09-16 16:12:08,447 [main] INFO  handler.ContextHandler (ContextHandler.java:doStart(781)) - Started o.e.j.s.ServletContextHandler@7604198a{/static,jar:file:/home/user/.m2/repository/org/apache/hadoop/hadoop-hdds-container-service/0.5.0-SNAPSHOT/hadoop-hdds-container-service-0.5.0-SNAPSHOT.jar!/webapps/static,AVAILABLE}
2019-09-16 16:12:08,489 [main] INFO  handler.ContextHandler (ContextHandler.java:doStart(781)) - Started o.e.j.w.WebAppContext@3e52ed5d{/,file:///tmp/jetty-0.0.0.0-38149-hddsDatanode-_-any-1220252750524495901.dir/webapp/,AVAILABLE}{/hddsDatanode}
2019-09-16 16:12:08,489 [main] INFO  server.AbstractConnector (AbstractConnector.java:doStart(278)) - Started ServerConnector@6a96d639{HTTP/1.1,[http/1.1]}{0.0.0.0:38149}
2019-09-16 16:12:08,491 [main] INFO  server.Server (Server.java:doStart(419)) - Started @618092ms
2019-09-16 16:12:08,491 [main] WARN  impl.MetricsSystemImpl (MetricsSystemImpl.java:register(276)) - Sink prometheus already exists!
2019-09-16 16:12:08,492 [main] INFO  server.BaseHttpServer (BaseHttpServer.java:updateConnectorAddress(215)) - HTTP server of HDDSDATANODE is listening at http://0.0.0.0:38149
2019-09-16 16:12:08,492 [main] INFO  impl.MetricsSystemImpl (MetricsSystemImpl.java:init(158)) - HddsDatanode metrics system started (again)
2019-09-16 16:12:08,497 [org.apache.hadoop.util.JvmPauseMonitor$Monitor@751261bc] INFO  util.JvmPauseMonitor (JvmPauseMonitor.java:run(188)) - Starting JVM pause monitor
2019-09-16 16:12:08,498 [main] INFO  ozone.HddsDatanodeService (HddsDatanodeService.java:start(184)) - HddsDatanodeService host:pr-hdds-2120-x62sn-1884063469 ip:192.168.157.233
2019-09-16 16:12:08,498 [Datanode State Machine Thread - 0] INFO  datanode.InitDatanodeState (InitDatanodeState.java:persistContainerDatanodeDetails(140)) - DatanodeDetails is persisted to /workdir/hadoop-ozone/integration-test/target/test-dir/MiniOzoneClusterImpl-e8aa87c8-ea32-4e45-b939-9d01c2f9b91f/datanode-4/meta/datanode.id
2019-09-16 16:12:08,510 [main] INFO  volume.HddsVolume (HddsVolume.java:<init>(176)) - Creating Volume: /workdir/hadoop-ozone/integration-test/target/test-dir/MiniOzoneClusterImpl-e8aa87c8-ea32-4e45-b939-9d01c2f9b91f/datanode-5/data/containers/hdds of  storage type : DISK and capacity : 1482555576320
2019-09-16 16:12:08,510 [main] INFO  volume.VolumeSet (VolumeSet.java:initializeVolumeSet(170)) - Added Volume : /workdir/hadoop-ozone/integration-test/target/test-dir/MiniOzoneClusterImpl-e8aa87c8-ea32-4e45-b939-9d01c2f9b91f/datanode-5/data/containers/hdds to VolumeSet
2019-09-16 16:12:08,510 [main] INFO  volume.ThrottledAsyncChecker (ThrottledAsyncChecker.java:schedule(139)) - Scheduling a check for org.apache.hadoop.ozone.container.common.volume.HddsVolume@59262a90
2019-09-16 16:12:08,510 [main] INFO  volume.HddsVolumeChecker (HddsVolumeChecker.java:checkAllVolumes(202)) - Scheduled health check for volume org.apache.hadoop.ozone.container.common.volume.HddsVolume@59262a90
2019-09-16 16:12:08,521 [main] INFO  impl.RaftServerProxy (ConfUtils.java:logGet(43)) - raft.rpc.type = GRPC (default)
2019-09-16 16:12:08,521 [main] INFO  grpc.GrpcFactory (GrpcFactory.java:checkPooledByteBufAllocatorUseCacheForAllThreads(45)) - PERFORMANCE WARNING: useCacheForAllThreads is true that may cause Netty to create a lot garbage objects and, as a result, trigger GC.
	It is recommended to disable useCacheForAllThreads by setting -Dorg.apache.ratis.thirdparty.io.netty.allocator.useCacheForAllThreads=false in command line.
2019-09-16 16:12:08,521 [main] INFO  grpc.GrpcConfigKeys$Server (ConfUtils.java:logGet(43)) - raft.grpc.server.port = 0 (default)
2019-09-16 16:12:08,521 [main] INFO  server.GrpcService (ConfUtils.java:logGet(43)) - raft.grpc.message.size.max = 33570816 (custom)
2019-09-16 16:12:08,521 [main] INFO  server.RaftServerConfigKeys (ConfUtils.java:logGet(43)) - raft.server.log.appender.buffer.byte-limit = 33554432 (custom)
2019-09-16 16:12:08,521 [main] INFO  server.GrpcService (ConfUtils.java:logGet(43)) - raft.grpc.flow.control.window = 1MB (=1048576) (default)
2019-09-16 16:12:08,522 [main] INFO  server.RaftServerConfigKeys (ConfUtils.java:logGet(43)) - raft.server.rpc.request.timeout = 3000ms (default)
2019-09-16 16:12:08,522 [main] INFO  server.RaftServerConfigKeys (ConfUtils.java:logGet(43)) - raft.server.storage.dir = [/workdir/hadoop-ozone/integration-test/target/test-dir/MiniOzoneClusterImpl-e8aa87c8-ea32-4e45-b939-9d01c2f9b91f/datanode-5/data/ratis] (custom)
2019-09-16 16:12:08,523 [main] INFO  hdfs.DFSUtil (DFSUtil.java:httpServerTemplateForNNAndJN(1641)) - Starting Web-server for hddsDatanode at: http://0.0.0.0:0
2019-09-16 16:12:08,524 [main] INFO  server.AuthenticationFilter (AuthenticationFilter.java:constructSecretProvider(240)) - Unable to initialize FileSignerSecretProvider, falling back to use random secrets.
2019-09-16 16:12:08,524 [main] WARN  http.HttpRequestLog (HttpRequestLog.java:getRequestLog(97)) - Jetty request log can only be enabled using Log4j
2019-09-16 16:12:08,525 [main] INFO  http.HttpServer2 (HttpServer2.java:addGlobalFilter(975)) - Added global filter 'safety' (class=org.apache.hadoop.http.HttpServer2$QuotingInputFilter)
2019-09-16 16:12:08,526 [main] INFO  http.HttpServer2 (HttpServer2.java:addFilter(948)) - Added filter static_user_filter (class=org.apache.hadoop.http.lib.StaticUserWebFilter$StaticUserFilter) to context hddsDatanode
2019-09-16 16:12:08,526 [main] INFO  http.HttpServer2 (HttpServer2.java:addFilter(958)) - Added filter static_user_filter (class=org.apache.hadoop.http.lib.StaticUserWebFilter$StaticUserFilter) to context static
2019-09-16 16:12:08,526 [main] INFO  http.HttpServer2 (HttpServer2.java:addFilter(958)) - Added filter static_user_filter (class=org.apache.hadoop.http.lib.StaticUserWebFilter$StaticUserFilter) to context logs
2019-09-16 16:12:08,526 [main] INFO  http.HttpServer2 (HttpServer2.java:bindListener(1191)) - Jetty bound to port 41635
2019-09-16 16:12:08,527 [main] INFO  server.Server (Server.java:doStart(351)) - jetty-9.3.24.v20180605, build timestamp: 2018-06-05T17:11:56Z, git hash: 84205aa28f11a4f31f2a3b86d1bba2cc8ab69827
2019-09-16 16:12:08,528 [main] INFO  handler.ContextHandler (ContextHandler.java:doStart(781)) - Started o.e.j.s.ServletContextHandler@6e0d16a4{/logs,file:///workdir/hadoop-ozone/integration-test/target/log,AVAILABLE}
2019-09-16 16:12:08,528 [main] INFO  handler.ContextHandler (ContextHandler.java:doStart(781)) - Started o.e.j.s.ServletContextHandler@305b43ca{/static,jar:file:/home/user/.m2/repository/org/apache/hadoop/hadoop-hdds-container-service/0.5.0-SNAPSHOT/hadoop-hdds-container-service-0.5.0-SNAPSHOT.jar!/webapps/static,AVAILABLE}
2019-09-16 16:12:08,551 [main] INFO  handler.ContextHandler (ContextHandler.java:doStart(781)) - Started o.e.j.w.WebAppContext@4ef5dd23{/,file:///tmp/jetty-0.0.0.0-41635-hddsDatanode-_-any-4459462532090941770.dir/webapp/,AVAILABLE}{/hddsDatanode}
2019-09-16 16:12:08,552 [main] INFO  server.AbstractConnector (AbstractConnector.java:doStart(278)) - Started ServerConnector@163e8949{HTTP/1.1,[http/1.1]}{0.0.0.0:41635}
2019-09-16 16:12:08,552 [main] INFO  server.Server (Server.java:doStart(419)) - Started @618153ms
2019-09-16 16:12:08,554 [main] WARN  impl.MetricsSystemImpl (MetricsSystemImpl.java:register(276)) - Sink prometheus already exists!
2019-09-16 16:12:08,554 [main] INFO  server.BaseHttpServer (BaseHttpServer.java:updateConnectorAddress(215)) - HTTP server of HDDSDATANODE is listening at http://0.0.0.0:41635
2019-09-16 16:12:08,555 [main] INFO  impl.MetricsSystemImpl (MetricsSystemImpl.java:init(158)) - HddsDatanode metrics system started (again)
2019-09-16 16:12:08,559 [org.apache.hadoop.util.JvmPauseMonitor$Monitor@5b13179] INFO  util.JvmPauseMonitor (JvmPauseMonitor.java:run(188)) - Starting JVM pause monitor
2019-09-16 16:12:08,560 [main] INFO  ozone.HddsDatanodeService (HddsDatanodeService.java:start(184)) - HddsDatanodeService host:pr-hdds-2120-x62sn-1884063469 ip:192.168.157.233
2019-09-16 16:12:08,561 [Datanode State Machine Thread - 0] INFO  datanode.InitDatanodeState (InitDatanodeState.java:persistContainerDatanodeDetails(140)) - DatanodeDetails is persisted to /workdir/hadoop-ozone/integration-test/target/test-dir/MiniOzoneClusterImpl-e8aa87c8-ea32-4e45-b939-9d01c2f9b91f/datanode-5/meta/datanode.id
2019-09-16 16:12:08,566 [main] INFO  volume.HddsVolume (HddsVolume.java:<init>(176)) - Creating Volume: /workdir/hadoop-ozone/integration-test/target/test-dir/MiniOzoneClusterImpl-e8aa87c8-ea32-4e45-b939-9d01c2f9b91f/datanode-6/data/containers/hdds of  storage type : DISK and capacity : 1482555576320
2019-09-16 16:12:08,567 [main] INFO  volume.VolumeSet (VolumeSet.java:initializeVolumeSet(170)) - Added Volume : /workdir/hadoop-ozone/integration-test/target/test-dir/MiniOzoneClusterImpl-e8aa87c8-ea32-4e45-b939-9d01c2f9b91f/datanode-6/data/containers/hdds to VolumeSet
2019-09-16 16:12:08,567 [main] INFO  volume.ThrottledAsyncChecker (ThrottledAsyncChecker.java:schedule(139)) - Scheduling a check for org.apache.hadoop.ozone.container.common.volume.HddsVolume@11bfffb3
2019-09-16 16:12:08,567 [main] INFO  volume.HddsVolumeChecker (HddsVolumeChecker.java:checkAllVolumes(202)) - Scheduled health check for volume org.apache.hadoop.ozone.container.common.volume.HddsVolume@11bfffb3
2019-09-16 16:12:08,578 [main] INFO  impl.RaftServerProxy (ConfUtils.java:logGet(43)) - raft.rpc.type = GRPC (default)
2019-09-16 16:12:08,578 [main] INFO  grpc.GrpcFactory (GrpcFactory.java:checkPooledByteBufAllocatorUseCacheForAllThreads(45)) - PERFORMANCE WARNING: useCacheForAllThreads is true that may cause Netty to create a lot garbage objects and, as a result, trigger GC.
	It is recommended to disable useCacheForAllThreads by setting -Dorg.apache.ratis.thirdparty.io.netty.allocator.useCacheForAllThreads=false in command line.
2019-09-16 16:12:08,578 [main] INFO  grpc.GrpcConfigKeys$Server (ConfUtils.java:logGet(43)) - raft.grpc.server.port = 0 (default)
2019-09-16 16:12:08,578 [main] INFO  server.GrpcService (ConfUtils.java:logGet(43)) - raft.grpc.message.size.max = 33570816 (custom)
2019-09-16 16:12:08,579 [main] INFO  server.RaftServerConfigKeys (ConfUtils.java:logGet(43)) - raft.server.log.appender.buffer.byte-limit = 33554432 (custom)
2019-09-16 16:12:08,579 [main] INFO  server.GrpcService (ConfUtils.java:logGet(43)) - raft.grpc.flow.control.window = 1MB (=1048576) (default)
2019-09-16 16:12:08,579 [main] INFO  server.RaftServerConfigKeys (ConfUtils.java:logGet(43)) - raft.server.rpc.request.timeout = 3000ms (default)
2019-09-16 16:12:08,579 [main] INFO  server.RaftServerConfigKeys (ConfUtils.java:logGet(43)) - raft.server.storage.dir = [/workdir/hadoop-ozone/integration-test/target/test-dir/MiniOzoneClusterImpl-e8aa87c8-ea32-4e45-b939-9d01c2f9b91f/datanode-6/data/ratis] (custom)
2019-09-16 16:12:08,580 [main] INFO  hdfs.DFSUtil (DFSUtil.java:httpServerTemplateForNNAndJN(1641)) - Starting Web-server for hddsDatanode at: http://0.0.0.0:0
2019-09-16 16:12:08,581 [main] INFO  server.AuthenticationFilter (AuthenticationFilter.java:constructSecretProvider(240)) - Unable to initialize FileSignerSecretProvider, falling back to use random secrets.
2019-09-16 16:12:08,582 [main] WARN  http.HttpRequestLog (HttpRequestLog.java:getRequestLog(97)) - Jetty request log can only be enabled using Log4j
2019-09-16 16:12:08,584 [main] INFO  http.HttpServer2 (HttpServer2.java:addGlobalFilter(975)) - Added global filter 'safety' (class=org.apache.hadoop.http.HttpServer2$QuotingInputFilter)
2019-09-16 16:12:08,585 [main] INFO  http.HttpServer2 (HttpServer2.java:addFilter(948)) - Added filter static_user_filter (class=org.apache.hadoop.http.lib.StaticUserWebFilter$StaticUserFilter) to context hddsDatanode
2019-09-16 16:12:08,585 [main] INFO  http.HttpServer2 (HttpServer2.java:addFilter(958)) - Added filter static_user_filter (class=org.apache.hadoop.http.lib.StaticUserWebFilter$StaticUserFilter) to context static
2019-09-16 16:12:08,585 [main] INFO  http.HttpServer2 (HttpServer2.java:addFilter(958)) - Added filter static_user_filter (class=org.apache.hadoop.http.lib.StaticUserWebFilter$StaticUserFilter) to context logs
2019-09-16 16:12:08,585 [main] INFO  http.HttpServer2 (HttpServer2.java:bindListener(1191)) - Jetty bound to port 37513
2019-09-16 16:12:08,585 [main] INFO  server.Server (Server.java:doStart(351)) - jetty-9.3.24.v20180605, build timestamp: 2018-06-05T17:11:56Z, git hash: 84205aa28f11a4f31f2a3b86d1bba2cc8ab69827
2019-09-16 16:12:08,586 [main] INFO  handler.ContextHandler (ContextHandler.java:doStart(781)) - Started o.e.j.s.ServletContextHandler@18c7f6b5{/logs,file:///workdir/hadoop-ozone/integration-test/target/log,AVAILABLE}
2019-09-16 16:12:08,587 [main] INFO  handler.ContextHandler (ContextHandler.java:doStart(781)) - Started o.e.j.s.ServletContextHandler@3af36922{/static,jar:file:/home/user/.m2/repository/org/apache/hadoop/hadoop-hdds-container-service/0.5.0-SNAPSHOT/hadoop-hdds-container-service-0.5.0-SNAPSHOT.jar!/webapps/static,AVAILABLE}
2019-09-16 16:12:08,612 [main] INFO  handler.ContextHandler (ContextHandler.java:doStart(781)) - Started o.e.j.w.WebAppContext@51ed2f68{/,file:///tmp/jetty-0.0.0.0-37513-hddsDatanode-_-any-5621718935574058127.dir/webapp/,AVAILABLE}{/hddsDatanode}
2019-09-16 16:12:08,612 [main] INFO  server.AbstractConnector (AbstractConnector.java:doStart(278)) - Started ServerConnector@538b3c88{HTTP/1.1,[http/1.1]}{0.0.0.0:37513}
2019-09-16 16:12:08,614 [main] INFO  server.Server (Server.java:doStart(419)) - Started @618215ms
2019-09-16 16:12:08,614 [main] WARN  impl.MetricsSystemImpl (MetricsSystemImpl.java:register(276)) - Sink prometheus already exists!
2019-09-16 16:12:08,615 [main] INFO  server.BaseHttpServer (BaseHttpServer.java:updateConnectorAddress(215)) - HTTP server of HDDSDATANODE is listening at http://0.0.0.0:37513
2019-09-16 16:12:08,615 [main] INFO  ozone.MiniOzoneClusterImpl (MiniOzoneClusterImpl.java:lambda$waitForClusterToBeReady$0(140)) - Waiting for cluster to be ready. Got 0 of 7 DN Heartbeats.
2019-09-16 16:12:08,616 [org.apache.hadoop.util.JvmPauseMonitor$Monitor@5e3ca164] INFO  util.JvmPauseMonitor (JvmPauseMonitor.java:run(188)) - Starting JVM pause monitor
2019-09-16 16:12:08,617 [Datanode State Machine Thread - 0] INFO  datanode.InitDatanodeState (InitDatanodeState.java:persistContainerDatanodeDetails(140)) - DatanodeDetails is persisted to /workdir/hadoop-ozone/integration-test/target/test-dir/MiniOzoneClusterImpl-e8aa87c8-ea32-4e45-b939-9d01c2f9b91f/datanode-6/meta/datanode.id
2019-09-16 16:12:09,615 [main] INFO  ozone.MiniOzoneClusterImpl (MiniOzoneClusterImpl.java:lambda$waitForClusterToBeReady$0(140)) - Waiting for cluster to be ready. Got 0 of 7 DN Heartbeats.
2019-09-16 16:12:10,251 [Datanode State Machine Thread - 0] INFO  ozoneimpl.OzoneContainer (OzoneContainer.java:start(217)) - Attempting to start container services.
2019-09-16 16:12:10,251 [Datanode State Machine Thread - 0] INFO  ozoneimpl.OzoneContainer (OzoneContainer.java:startContainerScrub(179)) - Background container scanner has been disabled.
2019-09-16 16:12:10,251 [Datanode State Machine Thread - 0] INFO  ratis.XceiverServerRatis (XceiverServerRatis.java:start(404)) - Starting XceiverServerRatis 9d2039f6-83db-48a1-8135-cf47e7a8363c at port 0
2019-09-16 16:12:10,257 [Datanode State Machine Thread - 0] INFO  impl.RaftServerProxy (RaftServerProxy.java:lambda$start$3(299)) - 9d2039f6-83db-48a1-8135-cf47e7a8363c: start RPC server
2019-09-16 16:12:10,260 [Datanode State Machine Thread - 0] INFO  server.GrpcService (GrpcService.java:startImpl(158)) - 9d2039f6-83db-48a1-8135-cf47e7a8363c: GrpcService started, listening on 0.0.0.0/0.0.0.0:36393
2019-09-16 16:12:10,260 [Datanode State Machine Thread - 0] INFO  ratis.XceiverServerRatis (XceiverServerRatis.java:start(414)) - XceiverServerRatis 9d2039f6-83db-48a1-8135-cf47e7a8363c is started using port 36393
2019-09-16 16:12:10,262 [Datanode State Machine Thread - 0] INFO  server.XceiverServerGrpc (XceiverServerGrpc.java:start(163)) - XceiverServerGrpc 9d2039f6-83db-48a1-8135-cf47e7a8363c is started using port 34404
2019-09-16 16:12:10,301 [Datanode State Machine Thread - 0] INFO  ozoneimpl.OzoneContainer (OzoneContainer.java:start(217)) - Attempting to start container services.
2019-09-16 16:12:10,301 [Datanode State Machine Thread - 0] INFO  ozoneimpl.OzoneContainer (OzoneContainer.java:startContainerScrub(179)) - Background container scanner has been disabled.
2019-09-16 16:12:10,301 [Datanode State Machine Thread - 0] INFO  ratis.XceiverServerRatis (XceiverServerRatis.java:start(404)) - Starting XceiverServerRatis 23cf4444-ca2a-4bbc-9c88-b800cc79eebe at port 0
2019-09-16 16:12:10,308 [Datanode State Machine Thread - 0] INFO  impl.RaftServerProxy (RaftServerProxy.java:lambda$start$3(299)) - 23cf4444-ca2a-4bbc-9c88-b800cc79eebe: start RPC server
2019-09-16 16:12:10,310 [Datanode State Machine Thread - 0] INFO  server.GrpcService (GrpcService.java:startImpl(158)) - 23cf4444-ca2a-4bbc-9c88-b800cc79eebe: GrpcService started, listening on 0.0.0.0/0.0.0.0:41979
2019-09-16 16:12:10,310 [Datanode State Machine Thread - 0] INFO  ratis.XceiverServerRatis (XceiverServerRatis.java:start(414)) - XceiverServerRatis 23cf4444-ca2a-4bbc-9c88-b800cc79eebe is started using port 41979
2019-09-16 16:12:10,311 [Datanode State Machine Thread - 0] INFO  server.XceiverServerGrpc (XceiverServerGrpc.java:start(163)) - XceiverServerGrpc 23cf4444-ca2a-4bbc-9c88-b800cc79eebe is started using port 35001
2019-09-16 16:12:10,379 [Datanode State Machine Thread - 0] INFO  ozoneimpl.OzoneContainer (OzoneContainer.java:start(217)) - Attempting to start container services.
2019-09-16 16:12:10,379 [Datanode State Machine Thread - 0] INFO  ozoneimpl.OzoneContainer (OzoneContainer.java:startContainerScrub(179)) - Background container scanner has been disabled.
2019-09-16 16:12:10,379 [Datanode State Machine Thread - 0] INFO  ratis.XceiverServerRatis (XceiverServerRatis.java:start(404)) - Starting XceiverServerRatis ee806f6d-6c4f-4753-aa8f-56b5acae312a at port 0
2019-09-16 16:12:10,385 [Datanode State Machine Thread - 0] INFO  impl.RaftServerProxy (RaftServerProxy.java:lambda$start$3(299)) - ee806f6d-6c4f-4753-aa8f-56b5acae312a: start RPC server
2019-09-16 16:12:10,389 [Datanode State Machine Thread - 0] INFO  server.GrpcService (GrpcService.java:startImpl(158)) - ee806f6d-6c4f-4753-aa8f-56b5acae312a: GrpcService started, listening on 0.0.0.0/0.0.0.0:43894
2019-09-16 16:12:10,389 [Datanode State Machine Thread - 0] INFO  ratis.XceiverServerRatis (XceiverServerRatis.java:start(414)) - XceiverServerRatis ee806f6d-6c4f-4753-aa8f-56b5acae312a is started using port 43894
2019-09-16 16:12:10,398 [Datanode State Machine Thread - 0] INFO  server.XceiverServerGrpc (XceiverServerGrpc.java:start(163)) - XceiverServerGrpc ee806f6d-6c4f-4753-aa8f-56b5acae312a is started using port 34008
2019-09-16 16:12:10,435 [Datanode State Machine Thread - 0] INFO  ozoneimpl.OzoneContainer (OzoneContainer.java:start(217)) - Attempting to start container services.
2019-09-16 16:12:10,435 [Datanode State Machine Thread - 0] INFO  ozoneimpl.OzoneContainer (OzoneContainer.java:startContainerScrub(179)) - Background container scanner has been disabled.
2019-09-16 16:12:10,436 [Datanode State Machine Thread - 0] INFO  ratis.XceiverServerRatis (XceiverServerRatis.java:start(404)) - Starting XceiverServerRatis 75c76e04-176b-4989-a235-6881400b7fb1 at port 0
2019-09-16 16:12:10,442 [Datanode State Machine Thread - 0] INFO  impl.RaftServerProxy (RaftServerProxy.java:lambda$start$3(299)) - 75c76e04-176b-4989-a235-6881400b7fb1: start RPC server
2019-09-16 16:12:10,445 [Datanode State Machine Thread - 0] INFO  server.GrpcService (GrpcService.java:startImpl(158)) - 75c76e04-176b-4989-a235-6881400b7fb1: GrpcService started, listening on 0.0.0.0/0.0.0.0:36622
2019-09-16 16:12:10,445 [Datanode State Machine Thread - 0] INFO  ratis.XceiverServerRatis (XceiverServerRatis.java:start(414)) - XceiverServerRatis 75c76e04-176b-4989-a235-6881400b7fb1 is started using port 36622
2019-09-16 16:12:10,445 [Datanode State Machine Thread - 0] INFO  server.XceiverServerGrpc (XceiverServerGrpc.java:start(163)) - XceiverServerGrpc 75c76e04-176b-4989-a235-6881400b7fb1 is started using port 36306
2019-09-16 16:12:10,510 [Datanode State Machine Thread - 0] INFO  ozoneimpl.OzoneContainer (OzoneContainer.java:start(217)) - Attempting to start container services.
2019-09-16 16:12:10,510 [Datanode State Machine Thread - 0] INFO  ozoneimpl.OzoneContainer (OzoneContainer.java:startContainerScrub(179)) - Background container scanner has been disabled.
2019-09-16 16:12:10,511 [Datanode State Machine Thread - 0] INFO  ratis.XceiverServerRatis (XceiverServerRatis.java:start(404)) - Starting XceiverServerRatis c1ed4a45-b557-456c-8fa1-562ac4336c62 at port 0
2019-09-16 16:12:10,516 [Datanode State Machine Thread - 0] INFO  impl.RaftServerProxy (RaftServerProxy.java:lambda$start$3(299)) - c1ed4a45-b557-456c-8fa1-562ac4336c62: start RPC server
2019-09-16 16:12:10,517 [Datanode State Machine Thread - 0] INFO  server.GrpcService (GrpcService.java:startImpl(158)) - c1ed4a45-b557-456c-8fa1-562ac4336c62: GrpcService started, listening on 0.0.0.0/0.0.0.0:45625
2019-09-16 16:12:10,517 [Datanode State Machine Thread - 0] INFO  ratis.XceiverServerRatis (XceiverServerRatis.java:start(414)) - XceiverServerRatis c1ed4a45-b557-456c-8fa1-562ac4336c62 is started using port 45625
2019-09-16 16:12:10,520 [Datanode State Machine Thread - 0] INFO  server.XceiverServerGrpc (XceiverServerGrpc.java:start(163)) - XceiverServerGrpc c1ed4a45-b557-456c-8fa1-562ac4336c62 is started using port 34413
2019-09-16 16:12:10,573 [Datanode State Machine Thread - 0] INFO  ozoneimpl.OzoneContainer (OzoneContainer.java:start(217)) - Attempting to start container services.
2019-09-16 16:12:10,573 [Datanode State Machine Thread - 0] INFO  ozoneimpl.OzoneContainer (OzoneContainer.java:startContainerScrub(179)) - Background container scanner has been disabled.
2019-09-16 16:12:10,573 [Datanode State Machine Thread - 0] INFO  ratis.XceiverServerRatis (XceiverServerRatis.java:start(404)) - Starting XceiverServerRatis 247be69b-caa1-4ba0-a842-b83920b502da at port 0
2019-09-16 16:12:10,579 [Datanode State Machine Thread - 0] INFO  impl.RaftServerProxy (RaftServerProxy.java:lambda$start$3(299)) - 247be69b-caa1-4ba0-a842-b83920b502da: start RPC server
2019-09-16 16:12:10,580 [Datanode State Machine Thread - 0] INFO  server.GrpcService (GrpcService.java:startImpl(158)) - 247be69b-caa1-4ba0-a842-b83920b502da: GrpcService started, listening on 0.0.0.0/0.0.0.0:45631
2019-09-16 16:12:10,580 [Datanode State Machine Thread - 0] INFO  ratis.XceiverServerRatis (XceiverServerRatis.java:start(414)) - XceiverServerRatis 247be69b-caa1-4ba0-a842-b83920b502da is started using port 45631
2019-09-16 16:12:10,580 [Datanode State Machine Thread - 0] INFO  server.XceiverServerGrpc (XceiverServerGrpc.java:start(163)) - XceiverServerGrpc 247be69b-caa1-4ba0-a842-b83920b502da is started using port 41007
2019-09-16 16:12:10,616 [main] INFO  ozone.MiniOzoneClusterImpl (MiniOzoneClusterImpl.java:lambda$waitForClusterToBeReady$0(140)) - Waiting for cluster to be ready. Got 0 of 7 DN Heartbeats.
2019-09-16 16:12:10,629 [Datanode State Machine Thread - 0] INFO  ozoneimpl.OzoneContainer (OzoneContainer.java:start(217)) - Attempting to start container services.
2019-09-16 16:12:10,629 [Datanode State Machine Thread - 0] INFO  ozoneimpl.OzoneContainer (OzoneContainer.java:startContainerScrub(179)) - Background container scanner has been disabled.
2019-09-16 16:12:10,629 [Datanode State Machine Thread - 0] INFO  ratis.XceiverServerRatis (XceiverServerRatis.java:start(404)) - Starting XceiverServerRatis 0f6886e7-2fba-419e-9eb8-1424d397aa24 at port 0
2019-09-16 16:12:10,634 [Datanode State Machine Thread - 0] INFO  impl.RaftServerProxy (RaftServerProxy.java:lambda$start$3(299)) - 0f6886e7-2fba-419e-9eb8-1424d397aa24: start RPC server
2019-09-16 16:12:10,645 [Datanode State Machine Thread - 0] INFO  server.GrpcService (GrpcService.java:startImpl(158)) - 0f6886e7-2fba-419e-9eb8-1424d397aa24: GrpcService started, listening on 0.0.0.0/0.0.0.0:36356
2019-09-16 16:12:10,645 [Datanode State Machine Thread - 0] INFO  ratis.XceiverServerRatis (XceiverServerRatis.java:start(414)) - XceiverServerRatis 0f6886e7-2fba-419e-9eb8-1424d397aa24 is started using port 36356
2019-09-16 16:12:10,646 [Datanode State Machine Thread - 0] INFO  server.XceiverServerGrpc (XceiverServerGrpc.java:start(163)) - XceiverServerGrpc 0f6886e7-2fba-419e-9eb8-1424d397aa24 is started using port 33288
2019-09-16 16:12:11,616 [main] INFO  ozone.MiniOzoneClusterImpl (MiniOzoneClusterImpl.java:lambda$waitForClusterToBeReady$0(140)) - Waiting for cluster to be ready. Got 0 of 7 DN Heartbeats.
2019-09-16 16:12:12,232 [IPC Server handler 0 on 38071] INFO  net.NetworkTopology (NetworkTopologyImpl.java:add(110)) - Added a new node: /default-rack/9d2039f6-83db-48a1-8135-cf47e7a8363c
2019-09-16 16:12:12,232 [IPC Server handler 0 on 38071] INFO  node.SCMNodeManager (SCMNodeManager.java:register(266)) - Registered Data node : 9d2039f6-83db-48a1-8135-cf47e7a8363c{ip: 192.168.157.233, host: pr-hdds-2120-x62sn-1884063469, networkLocation: /default-rack, certSerialId: null}
2019-09-16 16:12:12,236 [EventQueue-NodeRegistrationContainerReportForDataNodeSafeModeRule] INFO  safemode.SCMSafeModeManager (DataNodeSafeModeRule.java:process(71)) - SCM in safe mode. 1 DataNodes registered, 1 required.
2019-09-16 16:12:12,239 [EventQueue-NodeRegistrationContainerReportForDataNodeSafeModeRule] INFO  safemode.SCMSafeModeManager (SCMSafeModeManager.java:validateSafeModeExitRules(177)) - ScmSafeModeManager, all rules are successfully validated
2019-09-16 16:12:12,239 [EventQueue-NodeRegistrationContainerReportForDataNodeSafeModeRule] INFO  safemode.SCMSafeModeManager (SCMSafeModeManager.java:exitSafeMode(193)) - SCM exiting safe mode.
2019-09-16 16:12:12,248 [grpc-default-executor-2] INFO  impl.RaftServerProxy (RaftServerProxy.java:addNew(89)) - 9d2039f6-83db-48a1-8135-cf47e7a8363c: addNew group-1C625FBC1A2C:[9d2039f6-83db-48a1-8135-cf47e7a8363c:192.168.157.233:36393] returns group-1C625FBC1A2C:java.util.concurrent.CompletableFuture@200fe2b9[Not completed]
2019-09-16 16:12:12,250 [pool-499-thread-1] INFO  impl.RaftServerImpl (RaftServerImpl.java:<init>(95)) - 9d2039f6-83db-48a1-8135-cf47e7a8363c: new RaftServerImpl for group-1C625FBC1A2C:[9d2039f6-83db-48a1-8135-cf47e7a8363c:192.168.157.233:36393] with ContainerStateMachine:uninitialized
2019-09-16 16:12:12,250 [pool-499-thread-1] INFO  server.RaftServerConfigKeys (ConfUtils.java:logGet(43)) - raft.server.rpc.timeout.min = 5s (custom)
2019-09-16 16:12:12,251 [pool-499-thread-1] INFO  server.RaftServerConfigKeys (ConfUtils.java:logGet(43)) - raft.server.rpc.timeout.max = 5200ms (custom)
2019-09-16 16:12:12,251 [pool-499-thread-1] INFO  server.RaftServerConfigKeys (ConfUtils.java:logGet(43)) - raft.server.rpcslowness.timeout = 120s (custom)
2019-09-16 16:12:12,251 [pool-499-thread-1] INFO  server.RaftServerConfigKeys (ConfUtils.java:logGet(43)) - raft.server.sleep.deviation.threshold = 300 (default)
2019-09-16 16:12:12,251 [pool-499-thread-1] INFO  server.RaftServerConfigKeys (ConfUtils.java:logGet(43)) - raft.server.log.appender.install.snapshot.enabled = false (custom)
2019-09-16 16:12:12,251 [pool-499-thread-1] INFO  impl.RaftServerImpl (ServerState.java:<init>(103)) - 9d2039f6-83db-48a1-8135-cf47e7a8363c@group-1C625FBC1A2C: ConfigurationManager, init=-1: [9d2039f6-83db-48a1-8135-cf47e7a8363c:192.168.157.233:36393], old=null, confs=<EMPTY_MAP>
2019-09-16 16:12:12,251 [pool-499-thread-1] INFO  server.RaftServerConfigKeys (ConfUtils.java:logGet(43)) - raft.server.storage.dir = [/workdir/hadoop-ozone/integration-test/target/test-dir/MiniOzoneClusterImpl-e8aa87c8-ea32-4e45-b939-9d01c2f9b91f/datanode-0/data/ratis] (custom)
2019-09-16 16:12:12,252 [pool-499-thread-1] INFO  storage.RaftStorageDirectory (RaftStorageDirectory.java:analyzeStorage(246)) - The storage directory /workdir/hadoop-ozone/integration-test/target/test-dir/MiniOzoneClusterImpl-e8aa87c8-ea32-4e45-b939-9d01c2f9b91f/datanode-0/data/ratis/24758af5-857c-4ed6-a416-1c625fbc1a2c does not exist. Creating ...
2019-09-16 16:12:12,277 [pool-499-thread-1] INFO  storage.RaftStorageDirectory (RaftStorageDirectory.java:tryLock(328)) - Lock on /workdir/hadoop-ozone/integration-test/target/test-dir/MiniOzoneClusterImpl-e8aa87c8-ea32-4e45-b939-9d01c2f9b91f/datanode-0/data/ratis/24758af5-857c-4ed6-a416-1c625fbc1a2c/in_use.lock acquired by nodename 7216@pr-hdds-2120-x62sn-1884063469
2019-09-16 16:12:12,286 [IPC Server handler 2 on 38071] INFO  net.NetworkTopology (NetworkTopologyImpl.java:add(110)) - Added a new node: /default-rack/23cf4444-ca2a-4bbc-9c88-b800cc79eebe
2019-09-16 16:12:12,287 [IPC Server handler 2 on 38071] INFO  node.SCMNodeManager (SCMNodeManager.java:register(266)) - Registered Data node : 23cf4444-ca2a-4bbc-9c88-b800cc79eebe{ip: 192.168.157.233, host: pr-hdds-2120-x62sn-1884063469, networkLocation: /default-rack, certSerialId: null}
2019-09-16 16:12:12,290 [pool-499-thread-1] INFO  storage.RaftStorage (RaftStorage.java:format(72)) - Storage directory /workdir/hadoop-ozone/integration-test/target/test-dir/MiniOzoneClusterImpl-e8aa87c8-ea32-4e45-b939-9d01c2f9b91f/datanode-0/data/ratis/24758af5-857c-4ed6-a416-1c625fbc1a2c has been successfully formatted.
2019-09-16 16:12:12,290 [pool-499-thread-1] INFO  ratis.ContainerStateMachine (ContainerStateMachine.java:loadSnapshot(230)) - group-1C625FBC1A2C: The snapshot info is null. Setting the last applied indexto:(t:0, i:~)
2019-09-16 16:12:12,290 [pool-499-thread-1] INFO  server.RaftServerConfigKeys (ConfUtils.java:logGet(43)) - raft.server.notification.no-leader.timeout = 120s (custom)
2019-09-16 16:12:12,291 [pool-499-thread-1] INFO  server.RaftServerConfigKeys (ConfUtils.java:logGet(43)) - raft.server.log.use.memory = false (default)
2019-09-16 16:12:12,291 [pool-499-thread-1] INFO  server.RaftServerConfigKeys (ConfUtils.java:logGet(43)) - raft.server.log.purge.gap = 1000000 (custom)
2019-09-16 16:12:12,291 [pool-499-thread-1] INFO  server.RaftServerConfigKeys (ConfUtils.java:logGet(43)) - raft.server.log.appender.buffer.byte-limit = 33554432 (custom)
2019-09-16 16:12:12,291 [pool-499-thread-1] INFO  server.RaftServerConfigKeys (ConfUtils.java:logGet(43)) - raft.server.log.segment.size.max = 1048576 (custom)
2019-09-16 16:12:12,291 [pool-499-thread-1] INFO  server.RaftServerConfigKeys (ConfUtils.java:logGet(43)) - raft.server.log.segment.cache.num.max = 2 (custom)
2019-09-16 16:12:12,291 [pool-499-thread-1] INFO  segmented.SegmentedRaftLogWorker (SegmentedRaftLogWorker.java:<init>(172)) - new 9d2039f6-83db-48a1-8135-cf47e7a8363c@group-1C625FBC1A2C-SegmentedRaftLogWorker for RaftStorage:Storage Directory /workdir/hadoop-ozone/integration-test/target/test-dir/MiniOzoneClusterImpl-e8aa87c8-ea32-4e45-b939-9d01c2f9b91f/datanode-0/data/ratis/24758af5-857c-4ed6-a416-1c625fbc1a2c
2019-09-16 16:12:12,293 [pool-499-thread-1] INFO  server.RaftServerConfigKeys (ConfUtils.java:logGet(43)) - raft.server.log.queue.byte-limit = 2147483647 (custom)
2019-09-16 16:12:12,293 [pool-499-thread-1] INFO  server.RaftServerConfigKeys (ConfUtils.java:logGet(43)) - raft.server.log.queue.element-limit = 1024 (custom)
2019-09-16 16:12:12,293 [pool-499-thread-1] INFO  server.RaftServerConfigKeys (ConfUtils.java:logGet(43)) - raft.server.log.segment.size.max = 1048576 (custom)
2019-09-16 16:12:12,293 [pool-499-thread-1] INFO  server.RaftServerConfigKeys (ConfUtils.java:logGet(43)) - raft.server.log.preallocated.size = 16384 (custom)
2019-09-16 16:12:12,293 [pool-499-thread-1] INFO  server.RaftServerConfigKeys (ConfUtils.java:logGet(43)) - raft.server.log.write.buffer.size = 33554432 (custom)
2019-09-16 16:12:12,294 [pool-499-thread-1] INFO  server.RaftServerConfigKeys (ConfUtils.java:logGet(43)) - raft.server.log.force.sync.num = 128 (default)
2019-09-16 16:12:12,294 [pool-499-thread-1] INFO  server.RaftServerConfigKeys (ConfUtils.java:logGet(43)) - raft.server.log.statemachine.data.sync = true (default)
2019-09-16 16:12:12,294 [pool-499-thread-1] INFO  server.RaftServerConfigKeys (ConfUtils.java:logGet(43)) - raft.server.log.statemachine.data.sync.timeout = 10s (default)
2019-09-16 16:12:12,294 [pool-499-thread-1] INFO  server.RaftServerConfigKeys (ConfUtils.java:logGet(43)) - raft.server.log.statemachine.data.sync.timeout.retry = -1 (default)
2019-09-16 16:12:12,294 [pool-499-thread-1] INFO  server.RaftServerConfigKeys (ConfUtils.java:logGet(43)) - raft.server.log.statemachine.data.caching.enabled = true (custom)
2019-09-16 16:12:12,294 [pool-499-thread-1] INFO  segmented.SegmentedRaftLogWorker (SegmentedRaftLogWorker.java:lambda$new$0(132)) - 9d2039f6-83db-48a1-8135-cf47e7a8363c@group-1C625FBC1A2C-SegmentedRaftLogWorker: flushIndex: setUnconditionally 0 -> -1
2019-09-16 16:12:12,295 [pool-499-thread-1] INFO  server.RaftServerConfigKeys (ConfUtils.java:logGet(43)) - raft.server.snapshot.auto.trigger.enabled = true (custom)
2019-09-16 16:12:12,295 [pool-499-thread-1] INFO  server.RaftServerConfigKeys (ConfUtils.java:logGet(43)) - raft.server.snapshot.auto.trigger.threshold = 10000 (custom)
2019-09-16 16:12:12,295 [pool-499-thread-1] INFO  server.RaftServerConfigKeys (ConfUtils.java:logGet(43)) - raft.server.snapshot.retention.num.files = -1 (default)
2019-09-16 16:12:12,295 [pool-499-thread-1] INFO  server.RaftServerConfigKeys (ConfUtils.java:logGet(43)) - raft.server.retrycache.expirytime = 600000ms (custom)
2019-09-16 16:12:12,296 [pool-499-thread-1] INFO  impl.RaftServerImpl (RaftServerImpl.java:start(185)) - 9d2039f6-83db-48a1-8135-cf47e7a8363c@group-1C625FBC1A2C: start as a follower, conf=-1: [9d2039f6-83db-48a1-8135-cf47e7a8363c:192.168.157.233:36393], old=null
2019-09-16 16:12:12,297 [pool-499-thread-1] INFO  impl.RaftServerImpl (RaftServerImpl.java:setRole(174)) - 9d2039f6-83db-48a1-8135-cf47e7a8363c@group-1C625FBC1A2C: changes role from      null to FOLLOWER at term 0 for startAsFollower
2019-09-16 16:12:12,297 [pool-499-thread-1] INFO  impl.RoleInfo (RoleInfo.java:updateAndGet(143)) - 9d2039f6-83db-48a1-8135-cf47e7a8363c: start FollowerState
2019-09-16 16:12:12,297 [pool-499-thread-1] INFO  util.JmxRegister (JmxRegister.java:tryRegister(44)) - Successfully registered JMX Bean with object name Ratis:service=RaftServer,group=group-1C625FBC1A2C,id=9d2039f6-83db-48a1-8135-cf47e7a8363c
2019-09-16 16:12:12,300 [RatisPipelineUtilsThread] INFO  pipeline.PipelineStateManager (PipelineStateManager.java:addPipeline(56)) - Created pipeline Pipeline[ Id: 24758af5-857c-4ed6-a416-1c625fbc1a2c, Nodes: 9d2039f6-83db-48a1-8135-cf47e7a8363c{ip: 192.168.157.233, host: pr-hdds-2120-x62sn-1884063469, networkLocation: /default-rack, certSerialId: null}, Type:RATIS, Factor:ONE, State:OPEN]
2019-09-16 16:12:12,307 [grpc-default-executor-2] INFO  impl.RaftServerProxy (RaftServerProxy.java:addNew(89)) - 23cf4444-ca2a-4bbc-9c88-b800cc79eebe: addNew group-7C40BA2A6B76:[23cf4444-ca2a-4bbc-9c88-b800cc79eebe:192.168.157.233:41979] returns group-7C40BA2A6B76:java.util.concurrent.CompletableFuture@3ed28bab[Not completed]
2019-09-16 16:12:12,307 [pool-509-thread-1] INFO  impl.RaftServerImpl (RaftServerImpl.java:<init>(95)) - 23cf4444-ca2a-4bbc-9c88-b800cc79eebe: new RaftServerImpl for group-7C40BA2A6B76:[23cf4444-ca2a-4bbc-9c88-b800cc79eebe:192.168.157.233:41979] with ContainerStateMachine:uninitialized
2019-09-16 16:12:12,308 [pool-509-thread-1] INFO  server.RaftServerConfigKeys (ConfUtils.java:logGet(43)) - raft.server.rpc.timeout.min = 5s (custom)
2019-09-16 16:12:12,308 [pool-509-thread-1] INFO  server.RaftServerConfigKeys (ConfUtils.java:logGet(43)) - raft.server.rpc.timeout.max = 5200ms (custom)
2019-09-16 16:12:12,308 [pool-509-thread-1] INFO  server.RaftServerConfigKeys (ConfUtils.java:logGet(43)) - raft.server.rpcslowness.timeout = 120s (custom)
2019-09-16 16:12:12,308 [pool-509-thread-1] INFO  server.RaftServerConfigKeys (ConfUtils.java:logGet(43)) - raft.server.sleep.deviation.threshold = 300 (default)
2019-09-16 16:12:12,308 [pool-509-thread-1] INFO  server.RaftServerConfigKeys (ConfUtils.java:logGet(43)) - raft.server.log.appender.install.snapshot.enabled = false (custom)
2019-09-16 16:12:12,308 [pool-509-thread-1] INFO  impl.RaftServerImpl (ServerState.java:<init>(103)) - 23cf4444-ca2a-4bbc-9c88-b800cc79eebe@group-7C40BA2A6B76: ConfigurationManager, init=-1: [23cf4444-ca2a-4bbc-9c88-b800cc79eebe:192.168.157.233:41979], old=null, confs=<EMPTY_MAP>
2019-09-16 16:12:12,308 [pool-509-thread-1] INFO  server.RaftServerConfigKeys (ConfUtils.java:logGet(43)) - raft.server.storage.dir = [/workdir/hadoop-ozone/integration-test/target/test-dir/MiniOzoneClusterImpl-e8aa87c8-ea32-4e45-b939-9d01c2f9b91f/datanode-1/data/ratis] (custom)
2019-09-16 16:12:12,308 [pool-509-thread-1] INFO  storage.RaftStorageDirectory (RaftStorageDirectory.java:analyzeStorage(246)) - The storage directory /workdir/hadoop-ozone/integration-test/target/test-dir/MiniOzoneClusterImpl-e8aa87c8-ea32-4e45-b939-9d01c2f9b91f/datanode-1/data/ratis/9456db6b-ebb7-47fd-8564-7c40ba2a6b76 does not exist. Creating ...
2019-09-16 16:12:12,321 [pool-509-thread-1] INFO  storage.RaftStorageDirectory (RaftStorageDirectory.java:tryLock(328)) - Lock on /workdir/hadoop-ozone/integration-test/target/test-dir/MiniOzoneClusterImpl-e8aa87c8-ea32-4e45-b939-9d01c2f9b91f/datanode-1/data/ratis/9456db6b-ebb7-47fd-8564-7c40ba2a6b76/in_use.lock acquired by nodename 7216@pr-hdds-2120-x62sn-1884063469
2019-09-16 16:12:12,334 [pool-509-thread-1] INFO  storage.RaftStorage (RaftStorage.java:format(72)) - Storage directory /workdir/hadoop-ozone/integration-test/target/test-dir/MiniOzoneClusterImpl-e8aa87c8-ea32-4e45-b939-9d01c2f9b91f/datanode-1/data/ratis/9456db6b-ebb7-47fd-8564-7c40ba2a6b76 has been successfully formatted.
2019-09-16 16:12:12,334 [pool-509-thread-1] INFO  ratis.ContainerStateMachine (ContainerStateMachine.java:loadSnapshot(230)) - group-7C40BA2A6B76: The snapshot info is null. Setting the last applied indexto:(t:0, i:~)
2019-09-16 16:12:12,334 [pool-509-thread-1] INFO  server.RaftServerConfigKeys (ConfUtils.java:logGet(43)) - raft.server.notification.no-leader.timeout = 120s (custom)
2019-09-16 16:12:12,334 [pool-509-thread-1] INFO  server.RaftServerConfigKeys (ConfUtils.java:logGet(43)) - raft.server.log.use.memory = false (default)
2019-09-16 16:12:12,334 [pool-509-thread-1] INFO  server.RaftServerConfigKeys (ConfUtils.java:logGet(43)) - raft.server.log.purge.gap = 1000000 (custom)
2019-09-16 16:12:12,334 [pool-509-thread-1] INFO  server.RaftServerConfigKeys (ConfUtils.java:logGet(43)) - raft.server.log.appender.buffer.byte-limit = 33554432 (custom)
2019-09-16 16:12:12,335 [pool-509-thread-1] INFO  server.RaftServerConfigKeys (ConfUtils.java:logGet(43)) - raft.server.log.segment.size.max = 1048576 (custom)
2019-09-16 16:12:12,335 [pool-509-thread-1] INFO  server.RaftServerConfigKeys (ConfUtils.java:logGet(43)) - raft.server.log.segment.cache.num.max = 2 (custom)
2019-09-16 16:12:12,335 [pool-509-thread-1] INFO  segmented.SegmentedRaftLogWorker (SegmentedRaftLogWorker.java:<init>(172)) - new 23cf4444-ca2a-4bbc-9c88-b800cc79eebe@group-7C40BA2A6B76-SegmentedRaftLogWorker for RaftStorage:Storage Directory /workdir/hadoop-ozone/integration-test/target/test-dir/MiniOzoneClusterImpl-e8aa87c8-ea32-4e45-b939-9d01c2f9b91f/datanode-1/data/ratis/9456db6b-ebb7-47fd-8564-7c40ba2a6b76
2019-09-16 16:12:12,336 [pool-509-thread-1] INFO  server.RaftServerConfigKeys (ConfUtils.java:logGet(43)) - raft.server.log.queue.byte-limit = 2147483647 (custom)
2019-09-16 16:12:12,336 [pool-509-thread-1] INFO  server.RaftServerConfigKeys (ConfUtils.java:logGet(43)) - raft.server.log.queue.element-limit = 1024 (custom)
2019-09-16 16:12:12,336 [pool-509-thread-1] INFO  server.RaftServerConfigKeys (ConfUtils.java:logGet(43)) - raft.server.log.segment.size.max = 1048576 (custom)
2019-09-16 16:12:12,336 [pool-509-thread-1] INFO  server.RaftServerConfigKeys (ConfUtils.java:logGet(43)) - raft.server.log.preallocated.size = 16384 (custom)
2019-09-16 16:12:12,337 [pool-509-thread-1] INFO  server.RaftServerConfigKeys (ConfUtils.java:logGet(43)) - raft.server.log.write.buffer.size = 33554432 (custom)
2019-09-16 16:12:12,337 [pool-509-thread-1] INFO  server.RaftServerConfigKeys (ConfUtils.java:logGet(43)) - raft.server.log.force.sync.num = 128 (default)
2019-09-16 16:12:12,337 [pool-509-thread-1] INFO  server.RaftServerConfigKeys (ConfUtils.java:logGet(43)) - raft.server.log.statemachine.data.sync = true (default)
2019-09-16 16:12:12,337 [pool-509-thread-1] INFO  server.RaftServerConfigKeys (ConfUtils.java:logGet(43)) - raft.server.log.statemachine.data.sync.timeout = 10s (default)
2019-09-16 16:12:12,337 [pool-509-thread-1] INFO  server.RaftServerConfigKeys (ConfUtils.java:logGet(43)) - raft.server.log.statemachine.data.sync.timeout.retry = -1 (default)
2019-09-16 16:12:12,337 [pool-509-thread-1] INFO  server.RaftServerConfigKeys (ConfUtils.java:logGet(43)) - raft.server.log.statemachine.data.caching.enabled = true (custom)
2019-09-16 16:12:12,337 [pool-509-thread-1] INFO  segmented.SegmentedRaftLogWorker (SegmentedRaftLogWorker.java:lambda$new$0(132)) - 23cf4444-ca2a-4bbc-9c88-b800cc79eebe@group-7C40BA2A6B76-SegmentedRaftLogWorker: flushIndex: setUnconditionally 0 -> -1
2019-09-16 16:12:12,338 [pool-509-thread-1] INFO  server.RaftServerConfigKeys (ConfUtils.java:logGet(43)) - raft.server.snapshot.auto.trigger.enabled = true (custom)
2019-09-16 16:12:12,338 [pool-509-thread-1] INFO  server.RaftServerConfigKeys (ConfUtils.java:logGet(43)) - raft.server.snapshot.auto.trigger.threshold = 10000 (custom)
2019-09-16 16:12:12,338 [pool-509-thread-1] INFO  server.RaftServerConfigKeys (ConfUtils.java:logGet(43)) - raft.server.snapshot.retention.num.files = -1 (default)
2019-09-16 16:12:12,338 [pool-509-thread-1] INFO  server.RaftServerConfigKeys (ConfUtils.java:logGet(43)) - raft.server.retrycache.expirytime = 600000ms (custom)
2019-09-16 16:12:12,339 [pool-509-thread-1] INFO  impl.RaftServerImpl (RaftServerImpl.java:start(185)) - 23cf4444-ca2a-4bbc-9c88-b800cc79eebe@group-7C40BA2A6B76: start as a follower, conf=-1: [23cf4444-ca2a-4bbc-9c88-b800cc79eebe:192.168.157.233:41979], old=null
2019-09-16 16:12:12,340 [pool-509-thread-1] INFO  impl.RaftServerImpl (RaftServerImpl.java:setRole(174)) - 23cf4444-ca2a-4bbc-9c88-b800cc79eebe@group-7C40BA2A6B76: changes role from      null to FOLLOWER at term 0 for startAsFollower
2019-09-16 16:12:12,340 [pool-509-thread-1] INFO  impl.RoleInfo (RoleInfo.java:updateAndGet(143)) - 23cf4444-ca2a-4bbc-9c88-b800cc79eebe: start FollowerState
2019-09-16 16:12:12,340 [pool-509-thread-1] INFO  util.JmxRegister (JmxRegister.java:tryRegister(44)) - Successfully registered JMX Bean with object name Ratis:service=RaftServer,group=group-7C40BA2A6B76,id=23cf4444-ca2a-4bbc-9c88-b800cc79eebe
2019-09-16 16:12:12,342 [RatisPipelineUtilsThread] INFO  pipeline.PipelineStateManager (PipelineStateManager.java:addPipeline(56)) - Created pipeline Pipeline[ Id: 9456db6b-ebb7-47fd-8564-7c40ba2a6b76, Nodes: 23cf4444-ca2a-4bbc-9c88-b800cc79eebe{ip: 192.168.157.233, host: pr-hdds-2120-x62sn-1884063469, networkLocation: /default-rack, certSerialId: null}, Type:RATIS, Factor:ONE, State:OPEN]
2019-09-16 16:12:12,366 [IPC Server handler 3 on 38071] INFO  net.NetworkTopology (NetworkTopologyImpl.java:add(110)) - Added a new node: /default-rack/ee806f6d-6c4f-4753-aa8f-56b5acae312a
2019-09-16 16:12:12,366 [IPC Server handler 3 on 38071] INFO  node.SCMNodeManager (SCMNodeManager.java:register(266)) - Registered Data node : ee806f6d-6c4f-4753-aa8f-56b5acae312a{ip: 192.168.157.233, host: pr-hdds-2120-x62sn-1884063469, networkLocation: /default-rack, certSerialId: null}
2019-09-16 16:12:12,373 [grpc-default-executor-2] INFO  impl.RaftServerProxy (RaftServerProxy.java:addNew(89)) - ee806f6d-6c4f-4753-aa8f-56b5acae312a: addNew group-0B4A3E3DCC8D:[ee806f6d-6c4f-4753-aa8f-56b5acae312a:192.168.157.233:43894] returns group-0B4A3E3DCC8D:java.util.concurrent.CompletableFuture@4cef9527[Not completed]
2019-09-16 16:12:12,375 [pool-519-thread-1] INFO  impl.RaftServerImpl (RaftServerImpl.java:<init>(95)) - ee806f6d-6c4f-4753-aa8f-56b5acae312a: new RaftServerImpl for group-0B4A3E3DCC8D:[ee806f6d-6c4f-4753-aa8f-56b5acae312a:192.168.157.233:43894] with ContainerStateMachine:uninitialized
2019-09-16 16:12:12,375 [pool-519-thread-1] INFO  server.RaftServerConfigKeys (ConfUtils.java:logGet(43)) - raft.server.rpc.timeout.min = 5s (custom)
2019-09-16 16:12:12,375 [pool-519-thread-1] INFO  server.RaftServerConfigKeys (ConfUtils.java:logGet(43)) - raft.server.rpc.timeout.max = 5200ms (custom)
2019-09-16 16:12:12,375 [pool-519-thread-1] INFO  server.RaftServerConfigKeys (ConfUtils.java:logGet(43)) - raft.server.rpcslowness.timeout = 120s (custom)
2019-09-16 16:12:12,375 [pool-519-thread-1] INFO  server.RaftServerConfigKeys (ConfUtils.java:logGet(43)) - raft.server.sleep.deviation.threshold = 300 (default)
2019-09-16 16:12:12,376 [pool-519-thread-1] INFO  server.RaftServerConfigKeys (ConfUtils.java:logGet(43)) - raft.server.log.appender.install.snapshot.enabled = false (custom)
2019-09-16 16:12:12,376 [pool-519-thread-1] INFO  impl.RaftServerImpl (ServerState.java:<init>(103)) - ee806f6d-6c4f-4753-aa8f-56b5acae312a@group-0B4A3E3DCC8D: ConfigurationManager, init=-1: [ee806f6d-6c4f-4753-aa8f-56b5acae312a:192.168.157.233:43894], old=null, confs=<EMPTY_MAP>
2019-09-16 16:12:12,376 [pool-519-thread-1] INFO  server.RaftServerConfigKeys (ConfUtils.java:logGet(43)) - raft.server.storage.dir = [/workdir/hadoop-ozone/integration-test/target/test-dir/MiniOzoneClusterImpl-e8aa87c8-ea32-4e45-b939-9d01c2f9b91f/datanode-2/data/ratis] (custom)
2019-09-16 16:12:12,376 [pool-519-thread-1] INFO  storage.RaftStorageDirectory (RaftStorageDirectory.java:analyzeStorage(246)) - The storage directory /workdir/hadoop-ozone/integration-test/target/test-dir/MiniOzoneClusterImpl-e8aa87c8-ea32-4e45-b939-9d01c2f9b91f/datanode-2/data/ratis/dcb0c85c-5a6a-400f-8f40-0b4a3e3dcc8d does not exist. Creating ...
2019-09-16 16:12:12,389 [pool-519-thread-1] INFO  storage.RaftStorageDirectory (RaftStorageDirectory.java:tryLock(328)) - Lock on /workdir/hadoop-ozone/integration-test/target/test-dir/MiniOzoneClusterImpl-e8aa87c8-ea32-4e45-b939-9d01c2f9b91f/datanode-2/data/ratis/dcb0c85c-5a6a-400f-8f40-0b4a3e3dcc8d/in_use.lock acquired by nodename 7216@pr-hdds-2120-x62sn-1884063469
2019-09-16 16:12:12,401 [pool-519-thread-1] INFO  storage.RaftStorage (RaftStorage.java:format(72)) - Storage directory /workdir/hadoop-ozone/integration-test/target/test-dir/MiniOzoneClusterImpl-e8aa87c8-ea32-4e45-b939-9d01c2f9b91f/datanode-2/data/ratis/dcb0c85c-5a6a-400f-8f40-0b4a3e3dcc8d has been successfully formatted.
2019-09-16 16:12:12,402 [pool-519-thread-1] INFO  ratis.ContainerStateMachine (ContainerStateMachine.java:loadSnapshot(230)) - group-0B4A3E3DCC8D: The snapshot info is null. Setting the last applied indexto:(t:0, i:~)
2019-09-16 16:12:12,402 [pool-519-thread-1] INFO  server.RaftServerConfigKeys (ConfUtils.java:logGet(43)) - raft.server.notification.no-leader.timeout = 120s (custom)
2019-09-16 16:12:12,402 [pool-519-thread-1] INFO  server.RaftServerConfigKeys (ConfUtils.java:logGet(43)) - raft.server.log.use.memory = false (default)
2019-09-16 16:12:12,402 [pool-519-thread-1] INFO  server.RaftServerConfigKeys (ConfUtils.java:logGet(43)) - raft.server.log.purge.gap = 1000000 (custom)
2019-09-16 16:12:12,402 [pool-519-thread-1] INFO  server.RaftServerConfigKeys (ConfUtils.java:logGet(43)) - raft.server.log.appender.buffer.byte-limit = 33554432 (custom)
2019-09-16 16:12:12,403 [pool-519-thread-1] INFO  server.RaftServerConfigKeys (ConfUtils.java:logGet(43)) - raft.server.log.segment.size.max = 1048576 (custom)
2019-09-16 16:12:12,403 [pool-519-thread-1] INFO  server.RaftServerConfigKeys (ConfUtils.java:logGet(43)) - raft.server.log.segment.cache.num.max = 2 (custom)
2019-09-16 16:12:12,403 [pool-519-thread-1] INFO  segmented.SegmentedRaftLogWorker (SegmentedRaftLogWorker.java:<init>(172)) - new ee806f6d-6c4f-4753-aa8f-56b5acae312a@group-0B4A3E3DCC8D-SegmentedRaftLogWorker for RaftStorage:Storage Directory /workdir/hadoop-ozone/integration-test/target/test-dir/MiniOzoneClusterImpl-e8aa87c8-ea32-4e45-b939-9d01c2f9b91f/datanode-2/data/ratis/dcb0c85c-5a6a-400f-8f40-0b4a3e3dcc8d
2019-09-16 16:12:12,405 [pool-519-thread-1] INFO  server.RaftServerConfigKeys (ConfUtils.java:logGet(43)) - raft.server.log.queue.byte-limit = 2147483647 (custom)
2019-09-16 16:12:12,405 [pool-519-thread-1] INFO  server.RaftServerConfigKeys (ConfUtils.java:logGet(43)) - raft.server.log.queue.element-limit = 1024 (custom)
2019-09-16 16:12:12,405 [pool-519-thread-1] INFO  server.RaftServerConfigKeys (ConfUtils.java:logGet(43)) - raft.server.log.segment.size.max = 1048576 (custom)
2019-09-16 16:12:12,405 [pool-519-thread-1] INFO  server.RaftServerConfigKeys (ConfUtils.java:logGet(43)) - raft.server.log.preallocated.size = 16384 (custom)
2019-09-16 16:12:12,405 [pool-519-thread-1] INFO  server.RaftServerConfigKeys (ConfUtils.java:logGet(43)) - raft.server.log.write.buffer.size = 33554432 (custom)
2019-09-16 16:12:12,405 [pool-519-thread-1] INFO  server.RaftServerConfigKeys (ConfUtils.java:logGet(43)) - raft.server.log.force.sync.num = 128 (default)
2019-09-16 16:12:12,405 [pool-519-thread-1] INFO  server.RaftServerConfigKeys (ConfUtils.java:logGet(43)) - raft.server.log.statemachine.data.sync = true (default)
2019-09-16 16:12:12,406 [pool-519-thread-1] INFO  server.RaftServerConfigKeys (ConfUtils.java:logGet(43)) - raft.server.log.statemachine.data.sync.timeout = 10s (default)
2019-09-16 16:12:12,406 [pool-519-thread-1] INFO  server.RaftServerConfigKeys (ConfUtils.java:logGet(43)) - raft.server.log.statemachine.data.sync.timeout.retry = -1 (default)
2019-09-16 16:12:12,406 [pool-519-thread-1] INFO  server.RaftServerConfigKeys (ConfUtils.java:logGet(43)) - raft.server.log.statemachine.data.caching.enabled = true (custom)
2019-09-16 16:12:12,406 [pool-519-thread-1] INFO  segmented.SegmentedRaftLogWorker (SegmentedRaftLogWorker.java:lambda$new$0(132)) - ee806f6d-6c4f-4753-aa8f-56b5acae312a@group-0B4A3E3DCC8D-SegmentedRaftLogWorker: flushIndex: setUnconditionally 0 -> -1
2019-09-16 16:12:12,406 [pool-519-thread-1] INFO  server.RaftServerConfigKeys (ConfUtils.java:logGet(43)) - raft.server.snapshot.auto.trigger.enabled = true (custom)
2019-09-16 16:12:12,406 [pool-519-thread-1] INFO  server.RaftServerConfigKeys (ConfUtils.java:logGet(43)) - raft.server.snapshot.auto.trigger.threshold = 10000 (custom)
2019-09-16 16:12:12,407 [pool-519-thread-1] INFO  server.RaftServerConfigKeys (ConfUtils.java:logGet(43)) - raft.server.snapshot.retention.num.files = -1 (default)
2019-09-16 16:12:12,407 [pool-519-thread-1] INFO  server.RaftServerConfigKeys (ConfUtils.java:logGet(43)) - raft.server.retrycache.expirytime = 600000ms (custom)
2019-09-16 16:12:12,408 [pool-519-thread-1] INFO  impl.RaftServerImpl (RaftServerImpl.java:start(185)) - ee806f6d-6c4f-4753-aa8f-56b5acae312a@group-0B4A3E3DCC8D: start as a follower, conf=-1: [ee806f6d-6c4f-4753-aa8f-56b5acae312a:192.168.157.233:43894], old=null
2019-09-16 16:12:12,408 [pool-519-thread-1] INFO  impl.RaftServerImpl (RaftServerImpl.java:setRole(174)) - ee806f6d-6c4f-4753-aa8f-56b5acae312a@group-0B4A3E3DCC8D: changes role from      null to FOLLOWER at term 0 for startAsFollower
2019-09-16 16:12:12,408 [pool-519-thread-1] INFO  impl.RoleInfo (RoleInfo.java:updateAndGet(143)) - ee806f6d-6c4f-4753-aa8f-56b5acae312a: start FollowerState
2019-09-16 16:12:12,409 [pool-519-thread-1] INFO  util.JmxRegister (JmxRegister.java:tryRegister(44)) - Successfully registered JMX Bean with object name Ratis:service=RaftServer,group=group-0B4A3E3DCC8D,id=ee806f6d-6c4f-4753-aa8f-56b5acae312a
2019-09-16 16:12:12,410 [RatisPipelineUtilsThread] INFO  pipeline.PipelineStateManager (PipelineStateManager.java:addPipeline(56)) - Created pipeline Pipeline[ Id: dcb0c85c-5a6a-400f-8f40-0b4a3e3dcc8d, Nodes: ee806f6d-6c4f-4753-aa8f-56b5acae312a{ip: 192.168.157.233, host: pr-hdds-2120-x62sn-1884063469, networkLocation: /default-rack, certSerialId: null}, Type:RATIS, Factor:ONE, State:OPEN]
2019-09-16 16:12:12,425 [IPC Server handler 5 on 38071] INFO  net.NetworkTopology (NetworkTopologyImpl.java:add(110)) - Added a new node: /default-rack/75c76e04-176b-4989-a235-6881400b7fb1
2019-09-16 16:12:12,425 [IPC Server handler 5 on 38071] INFO  node.SCMNodeManager (SCMNodeManager.java:register(266)) - Registered Data node : 75c76e04-176b-4989-a235-6881400b7fb1{ip: 192.168.157.233, host: pr-hdds-2120-x62sn-1884063469, networkLocation: /default-rack, certSerialId: null}
2019-09-16 16:12:12,425 [grpc-default-executor-2] INFO  impl.RaftServerProxy (RaftServerProxy.java:addNew(89)) - 23cf4444-ca2a-4bbc-9c88-b800cc79eebe: addNew group-6BCB69ED9461:[9d2039f6-83db-48a1-8135-cf47e7a8363c:192.168.157.233:36393, 23cf4444-ca2a-4bbc-9c88-b800cc79eebe:192.168.157.233:41979, ee806f6d-6c4f-4753-aa8f-56b5acae312a:192.168.157.233:43894] returns group-6BCB69ED9461:java.util.concurrent.CompletableFuture@3a668055[Not completed]
2019-09-16 16:12:12,425 [grpc-default-executor-9] INFO  impl.RaftServerProxy (RaftServerProxy.java:addNew(89)) - ee806f6d-6c4f-4753-aa8f-56b5acae312a: addNew group-6BCB69ED9461:[9d2039f6-83db-48a1-8135-cf47e7a8363c:192.168.157.233:36393, 23cf4444-ca2a-4bbc-9c88-b800cc79eebe:192.168.157.233:41979, ee806f6d-6c4f-4753-aa8f-56b5acae312a:192.168.157.233:43894] returns group-6BCB69ED9461:java.util.concurrent.CompletableFuture@17d3c775[Not completed]
2019-09-16 16:12:12,425 [grpc-default-executor-8] INFO  impl.RaftServerProxy (RaftServerProxy.java:addNew(89)) - 9d2039f6-83db-48a1-8135-cf47e7a8363c: addNew group-6BCB69ED9461:[9d2039f6-83db-48a1-8135-cf47e7a8363c:192.168.157.233:36393, 23cf4444-ca2a-4bbc-9c88-b800cc79eebe:192.168.157.233:41979, ee806f6d-6c4f-4753-aa8f-56b5acae312a:192.168.157.233:43894] returns group-6BCB69ED9461:java.util.concurrent.CompletableFuture@71317bc1[Not completed]
2019-09-16 16:12:12,426 [pool-509-thread-1] INFO  impl.RaftServerImpl (RaftServerImpl.java:<init>(95)) - 23cf4444-ca2a-4bbc-9c88-b800cc79eebe: new RaftServerImpl for group-6BCB69ED9461:[9d2039f6-83db-48a1-8135-cf47e7a8363c:192.168.157.233:36393, 23cf4444-ca2a-4bbc-9c88-b800cc79eebe:192.168.157.233:41979, ee806f6d-6c4f-4753-aa8f-56b5acae312a:192.168.157.233:43894] with ContainerStateMachine:uninitialized
2019-09-16 16:12:12,426 [pool-509-thread-1] INFO  server.RaftServerConfigKeys (ConfUtils.java:logGet(43)) - raft.server.rpc.timeout.min = 5s (custom)
2019-09-16 16:12:12,427 [pool-509-thread-1] INFO  server.RaftServerConfigKeys (ConfUtils.java:logGet(43)) - raft.server.rpc.timeout.max = 5200ms (custom)
2019-09-16 16:12:12,427 [pool-509-thread-1] INFO  server.RaftServerConfigKeys (ConfUtils.java:logGet(43)) - raft.server.rpcslowness.timeout = 120s (custom)
2019-09-16 16:12:12,427 [pool-509-thread-1] INFO  server.RaftServerConfigKeys (ConfUtils.java:logGet(43)) - raft.server.sleep.deviation.threshold = 300 (default)
2019-09-16 16:12:12,427 [pool-509-thread-1] INFO  server.RaftServerConfigKeys (ConfUtils.java:logGet(43)) - raft.server.log.appender.install.snapshot.enabled = false (custom)
2019-09-16 16:12:12,427 [pool-509-thread-1] INFO  impl.RaftServerImpl (ServerState.java:<init>(103)) - 23cf4444-ca2a-4bbc-9c88-b800cc79eebe@group-6BCB69ED9461: ConfigurationManager, init=-1: [9d2039f6-83db-48a1-8135-cf47e7a8363c:192.168.157.233:36393, 23cf4444-ca2a-4bbc-9c88-b800cc79eebe:192.168.157.233:41979, ee806f6d-6c4f-4753-aa8f-56b5acae312a:192.168.157.233:43894], old=null, confs=<EMPTY_MAP>
2019-09-16 16:12:12,427 [pool-509-thread-1] INFO  server.RaftServerConfigKeys (ConfUtils.java:logGet(43)) - raft.server.storage.dir = [/workdir/hadoop-ozone/integration-test/target/test-dir/MiniOzoneClusterImpl-e8aa87c8-ea32-4e45-b939-9d01c2f9b91f/datanode-1/data/ratis] (custom)
2019-09-16 16:12:12,427 [pool-499-thread-1] INFO  impl.RaftServerImpl (RaftServerImpl.java:<init>(95)) - 9d2039f6-83db-48a1-8135-cf47e7a8363c: new RaftServerImpl for group-6BCB69ED9461:[9d2039f6-83db-48a1-8135-cf47e7a8363c:192.168.157.233:36393, 23cf4444-ca2a-4bbc-9c88-b800cc79eebe:192.168.157.233:41979, ee806f6d-6c4f-4753-aa8f-56b5acae312a:192.168.157.233:43894] with ContainerStateMachine:uninitialized
2019-09-16 16:12:12,427 [pool-509-thread-1] INFO  storage.RaftStorageDirectory (RaftStorageDirectory.java:analyzeStorage(246)) - The storage directory /workdir/hadoop-ozone/integration-test/target/test-dir/MiniOzoneClusterImpl-e8aa87c8-ea32-4e45-b939-9d01c2f9b91f/datanode-1/data/ratis/59950fbe-8e0e-4389-b97e-6bcb69ed9461 does not exist. Creating ...
2019-09-16 16:12:12,427 [pool-519-thread-1] INFO  impl.RaftServerImpl (RaftServerImpl.java:<init>(95)) - ee806f6d-6c4f-4753-aa8f-56b5acae312a: new RaftServerImpl for group-6BCB69ED9461:[9d2039f6-83db-48a1-8135-cf47e7a8363c:192.168.157.233:36393, 23cf4444-ca2a-4bbc-9c88-b800cc79eebe:192.168.157.233:41979, ee806f6d-6c4f-4753-aa8f-56b5acae312a:192.168.157.233:43894] with ContainerStateMachine:uninitialized
2019-09-16 16:12:12,428 [pool-499-thread-1] INFO  server.RaftServerConfigKeys (ConfUtils.java:logGet(43)) - raft.server.rpc.timeout.min = 5s (custom)
2019-09-16 16:12:12,428 [pool-519-thread-1] INFO  server.RaftServerConfigKeys (ConfUtils.java:logGet(43)) - raft.server.rpc.timeout.min = 5s (custom)
2019-09-16 16:12:12,428 [pool-499-thread-1] INFO  server.RaftServerConfigKeys (ConfUtils.java:logGet(43)) - raft.server.rpc.timeout.max = 5200ms (custom)
2019-09-16 16:12:12,428 [pool-519-thread-1] INFO  server.RaftServerConfigKeys (ConfUtils.java:logGet(43)) - raft.server.rpc.timeout.max = 5200ms (custom)
2019-09-16 16:12:12,428 [pool-499-thread-1] INFO  server.RaftServerConfigKeys (ConfUtils.java:logGet(43)) - raft.server.rpcslowness.timeout = 120s (custom)
2019-09-16 16:12:12,428 [pool-519-thread-1] INFO  server.RaftServerConfigKeys (ConfUtils.java:logGet(43)) - raft.server.rpcslowness.timeout = 120s (custom)
2019-09-16 16:12:12,428 [pool-499-thread-1] INFO  server.RaftServerConfigKeys (ConfUtils.java:logGet(43)) - raft.server.sleep.deviation.threshold = 300 (default)
2019-09-16 16:12:12,428 [pool-519-thread-1] INFO  server.RaftServerConfigKeys (ConfUtils.java:logGet(43)) - raft.server.sleep.deviation.threshold = 300 (default)
2019-09-16 16:12:12,429 [pool-519-thread-1] INFO  server.RaftServerConfigKeys (ConfUtils.java:logGet(43)) - raft.server.log.appender.install.snapshot.enabled = false (custom)
2019-09-16 16:12:12,429 [pool-499-thread-1] INFO  server.RaftServerConfigKeys (ConfUtils.java:logGet(43)) - raft.server.log.appender.install.snapshot.enabled = false (custom)
2019-09-16 16:12:12,429 [pool-519-thread-1] INFO  impl.RaftServerImpl (ServerState.java:<init>(103)) - ee806f6d-6c4f-4753-aa8f-56b5acae312a@group-6BCB69ED9461: ConfigurationManager, init=-1: [9d2039f6-83db-48a1-8135-cf47e7a8363c:192.168.157.233:36393, 23cf4444-ca2a-4bbc-9c88-b800cc79eebe:192.168.157.233:41979, ee806f6d-6c4f-4753-aa8f-56b5acae312a:192.168.157.233:43894], old=null, confs=<EMPTY_MAP>
2019-09-16 16:12:12,429 [pool-499-thread-1] INFO  impl.RaftServerImpl (ServerState.java:<init>(103)) - 9d2039f6-83db-48a1-8135-cf47e7a8363c@group-6BCB69ED9461: ConfigurationManager, init=-1: [9d2039f6-83db-48a1-8135-cf47e7a8363c:192.168.157.233:36393, 23cf4444-ca2a-4bbc-9c88-b800cc79eebe:192.168.157.233:41979, ee806f6d-6c4f-4753-aa8f-56b5acae312a:192.168.157.233:43894], old=null, confs=<EMPTY_MAP>
2019-09-16 16:12:12,429 [pool-519-thread-1] INFO  server.RaftServerConfigKeys (ConfUtils.java:logGet(43)) - raft.server.storage.dir = [/workdir/hadoop-ozone/integration-test/target/test-dir/MiniOzoneClusterImpl-e8aa87c8-ea32-4e45-b939-9d01c2f9b91f/datanode-2/data/ratis] (custom)
2019-09-16 16:12:12,429 [pool-499-thread-1] INFO  server.RaftServerConfigKeys (ConfUtils.java:logGet(43)) - raft.server.storage.dir = [/workdir/hadoop-ozone/integration-test/target/test-dir/MiniOzoneClusterImpl-e8aa87c8-ea32-4e45-b939-9d01c2f9b91f/datanode-0/data/ratis] (custom)
2019-09-16 16:12:12,429 [pool-519-thread-1] INFO  storage.RaftStorageDirectory (RaftStorageDirectory.java:analyzeStorage(246)) - The storage directory /workdir/hadoop-ozone/integration-test/target/test-dir/MiniOzoneClusterImpl-e8aa87c8-ea32-4e45-b939-9d01c2f9b91f/datanode-2/data/ratis/59950fbe-8e0e-4389-b97e-6bcb69ed9461 does not exist. Creating ...
2019-09-16 16:12:12,430 [pool-499-thread-1] INFO  storage.RaftStorageDirectory (RaftStorageDirectory.java:analyzeStorage(246)) - The storage directory /workdir/hadoop-ozone/integration-test/target/test-dir/MiniOzoneClusterImpl-e8aa87c8-ea32-4e45-b939-9d01c2f9b91f/datanode-0/data/ratis/59950fbe-8e0e-4389-b97e-6bcb69ed9461 does not exist. Creating ...
2019-09-16 16:12:12,441 [pool-509-thread-1] INFO  storage.RaftStorageDirectory (RaftStorageDirectory.java:tryLock(328)) - Lock on /workdir/hadoop-ozone/integration-test/target/test-dir/MiniOzoneClusterImpl-e8aa87c8-ea32-4e45-b939-9d01c2f9b91f/datanode-1/data/ratis/59950fbe-8e0e-4389-b97e-6bcb69ed9461/in_use.lock acquired by nodename 7216@pr-hdds-2120-x62sn-1884063469
2019-09-16 16:12:12,441 [pool-499-thread-1] INFO  storage.RaftStorageDirectory (RaftStorageDirectory.java:tryLock(328)) - Lock on /workdir/hadoop-ozone/integration-test/target/test-dir/MiniOzoneClusterImpl-e8aa87c8-ea32-4e45-b939-9d01c2f9b91f/datanode-0/data/ratis/59950fbe-8e0e-4389-b97e-6bcb69ed9461/in_use.lock acquired by nodename 7216@pr-hdds-2120-x62sn-1884063469
2019-09-16 16:12:12,441 [pool-519-thread-1] INFO  storage.RaftStorageDirectory (RaftStorageDirectory.java:tryLock(328)) - Lock on /workdir/hadoop-ozone/integration-test/target/test-dir/MiniOzoneClusterImpl-e8aa87c8-ea32-4e45-b939-9d01c2f9b91f/datanode-2/data/ratis/59950fbe-8e0e-4389-b97e-6bcb69ed9461/in_use.lock acquired by nodename 7216@pr-hdds-2120-x62sn-1884063469
2019-09-16 16:12:12,454 [pool-509-thread-1] INFO  storage.RaftStorage (RaftStorage.java:format(72)) - Storage directory /workdir/hadoop-ozone/integration-test/target/test-dir/MiniOzoneClusterImpl-e8aa87c8-ea32-4e45-b939-9d01c2f9b91f/datanode-1/data/ratis/59950fbe-8e0e-4389-b97e-6bcb69ed9461 has been successfully formatted.
2019-09-16 16:12:12,454 [pool-499-thread-1] INFO  storage.RaftStorage (RaftStorage.java:format(72)) - Storage directory /workdir/hadoop-ozone/integration-test/target/test-dir/MiniOzoneClusterImpl-e8aa87c8-ea32-4e45-b939-9d01c2f9b91f/datanode-0/data/ratis/59950fbe-8e0e-4389-b97e-6bcb69ed9461 has been successfully formatted.
2019-09-16 16:12:12,454 [pool-519-thread-1] INFO  storage.RaftStorage (RaftStorage.java:format(72)) - Storage directory /workdir/hadoop-ozone/integration-test/target/test-dir/MiniOzoneClusterImpl-e8aa87c8-ea32-4e45-b939-9d01c2f9b91f/datanode-2/data/ratis/59950fbe-8e0e-4389-b97e-6bcb69ed9461 has been successfully formatted.
2019-09-16 16:12:12,454 [pool-499-thread-1] INFO  ratis.ContainerStateMachine (ContainerStateMachine.java:loadSnapshot(230)) - group-6BCB69ED9461: The snapshot info is null. Setting the last applied indexto:(t:0, i:~)
2019-09-16 16:12:12,454 [pool-509-thread-1] INFO  ratis.ContainerStateMachine (ContainerStateMachine.java:loadSnapshot(230)) - group-6BCB69ED9461: The snapshot info is null. Setting the last applied indexto:(t:0, i:~)
2019-09-16 16:12:12,454 [pool-499-thread-1] INFO  server.RaftServerConfigKeys (ConfUtils.java:logGet(43)) - raft.server.notification.no-leader.timeout = 120s (custom)
2019-09-16 16:12:12,454 [pool-519-thread-1] INFO  ratis.ContainerStateMachine (ContainerStateMachine.java:loadSnapshot(230)) - group-6BCB69ED9461: The snapshot info is null. Setting the last applied indexto:(t:0, i:~)
2019-09-16 16:12:12,455 [pool-499-thread-1] INFO  server.RaftServerConfigKeys (ConfUtils.java:logGet(43)) - raft.server.log.use.memory = false (default)
2019-09-16 16:12:12,454 [pool-509-thread-1] INFO  server.RaftServerConfigKeys (ConfUtils.java:logGet(43)) - raft.server.notification.no-leader.timeout = 120s (custom)
2019-09-16 16:12:12,455 [pool-499-thread-1] INFO  server.RaftServerConfigKeys (ConfUtils.java:logGet(43)) - raft.server.log.purge.gap = 1000000 (custom)
2019-09-16 16:12:12,455 [pool-519-thread-1] INFO  server.RaftServerConfigKeys (ConfUtils.java:logGet(43)) - raft.server.notification.no-leader.timeout = 120s (custom)
2019-09-16 16:12:12,455 [pool-499-thread-1] INFO  server.RaftServerConfigKeys (ConfUtils.java:logGet(43)) - raft.server.log.appender.buffer.byte-limit = 33554432 (custom)
2019-09-16 16:12:12,455 [pool-509-thread-1] INFO  server.RaftServerConfigKeys (ConfUtils.java:logGet(43)) - raft.server.log.use.memory = false (default)
2019-09-16 16:12:12,455 [pool-499-thread-1] INFO  server.RaftServerConfigKeys (ConfUtils.java:logGet(43)) - raft.server.log.segment.size.max = 1048576 (custom)
2019-09-16 16:12:12,455 [pool-519-thread-1] INFO  server.RaftServerConfigKeys (ConfUtils.java:logGet(43)) - raft.server.log.use.memory = false (default)
2019-09-16 16:12:12,456 [pool-499-thread-1] INFO  server.RaftServerConfigKeys (ConfUtils.java:logGet(43)) - raft.server.log.segment.cache.num.max = 2 (custom)
2019-09-16 16:12:12,455 [pool-509-thread-1] INFO  server.RaftServerConfigKeys (ConfUtils.java:logGet(43)) - raft.server.log.purge.gap = 1000000 (custom)
2019-09-16 16:12:12,456 [pool-499-thread-1] INFO  segmented.SegmentedRaftLogWorker (SegmentedRaftLogWorker.java:<init>(172)) - new 9d2039f6-83db-48a1-8135-cf47e7a8363c@group-6BCB69ED9461-SegmentedRaftLogWorker for RaftStorage:Storage Directory /workdir/hadoop-ozone/integration-test/target/test-dir/MiniOzoneClusterImpl-e8aa87c8-ea32-4e45-b939-9d01c2f9b91f/datanode-0/data/ratis/59950fbe-8e0e-4389-b97e-6bcb69ed9461
2019-09-16 16:12:12,456 [pool-519-thread-1] INFO  server.RaftServerConfigKeys (ConfUtils.java:logGet(43)) - raft.server.log.purge.gap = 1000000 (custom)
2019-09-16 16:12:12,456 [pool-499-thread-1] INFO  server.RaftServerConfigKeys (ConfUtils.java:logGet(43)) - raft.server.log.queue.byte-limit = 2147483647 (custom)
2019-09-16 16:12:12,456 [pool-509-thread-1] INFO  server.RaftServerConfigKeys (ConfUtils.java:logGet(43)) - raft.server.log.appender.buffer.byte-limit = 33554432 (custom)
2019-09-16 16:12:12,456 [pool-509-thread-1] INFO  server.RaftServerConfigKeys (ConfUtils.java:logGet(43)) - raft.server.log.segment.size.max = 1048576 (custom)
2019-09-16 16:12:12,456 [pool-499-thread-1] INFO  server.RaftServerConfigKeys (ConfUtils.java:logGet(43)) - raft.server.log.queue.element-limit = 1024 (custom)
2019-09-16 16:12:12,456 [pool-519-thread-1] INFO  server.RaftServerConfigKeys (ConfUtils.java:logGet(43)) - raft.server.log.appender.buffer.byte-limit = 33554432 (custom)
2019-09-16 16:12:12,457 [pool-499-thread-1] INFO  server.RaftServerConfigKeys (ConfUtils.java:logGet(43)) - raft.server.log.segment.size.max = 1048576 (custom)
2019-09-16 16:12:12,456 [pool-509-thread-1] INFO  server.RaftServerConfigKeys (ConfUtils.java:logGet(43)) - raft.server.log.segment.cache.num.max = 2 (custom)
2019-09-16 16:12:12,457 [pool-499-thread-1] INFO  server.RaftServerConfigKeys (ConfUtils.java:logGet(43)) - raft.server.log.preallocated.size = 16384 (custom)
2019-09-16 16:12:12,457 [pool-519-thread-1] INFO  server.RaftServerConfigKeys (ConfUtils.java:logGet(43)) - raft.server.log.segment.size.max = 1048576 (custom)
2019-09-16 16:12:12,457 [pool-499-thread-1] INFO  server.RaftServerConfigKeys (ConfUtils.java:logGet(43)) - raft.server.log.write.buffer.size = 33554432 (custom)
2019-09-16 16:12:12,457 [pool-509-thread-1] INFO  segmented.SegmentedRaftLogWorker (SegmentedRaftLogWorker.java:<init>(172)) - new 23cf4444-ca2a-4bbc-9c88-b800cc79eebe@group-6BCB69ED9461-SegmentedRaftLogWorker for RaftStorage:Storage Directory /workdir/hadoop-ozone/integration-test/target/test-dir/MiniOzoneClusterImpl-e8aa87c8-ea32-4e45-b939-9d01c2f9b91f/datanode-1/data/ratis/59950fbe-8e0e-4389-b97e-6bcb69ed9461
2019-09-16 16:12:12,457 [pool-499-thread-1] INFO  server.RaftServerConfigKeys (ConfUtils.java:logGet(43)) - raft.server.log.force.sync.num = 128 (default)
2019-09-16 16:12:12,457 [pool-519-thread-1] INFO  server.RaftServerConfigKeys (ConfUtils.java:logGet(43)) - raft.server.log.segment.cache.num.max = 2 (custom)
2019-09-16 16:12:12,458 [pool-499-thread-1] INFO  server.RaftServerConfigKeys (ConfUtils.java:logGet(43)) - raft.server.log.statemachine.data.sync = true (default)
2019-09-16 16:12:12,457 [pool-509-thread-1] INFO  server.RaftServerConfigKeys (ConfUtils.java:logGet(43)) - raft.server.log.queue.byte-limit = 2147483647 (custom)
2019-09-16 16:12:12,458 [pool-499-thread-1] INFO  server.RaftServerConfigKeys (ConfUtils.java:logGet(43)) - raft.server.log.statemachine.data.sync.timeout = 10s (default)
2019-09-16 16:12:12,458 [pool-519-thread-1] INFO  segmented.SegmentedRaftLogWorker (SegmentedRaftLogWorker.java:<init>(172)) - new ee806f6d-6c4f-4753-aa8f-56b5acae312a@group-6BCB69ED9461-SegmentedRaftLogWorker for RaftStorage:Storage Directory /workdir/hadoop-ozone/integration-test/target/test-dir/MiniOzoneClusterImpl-e8aa87c8-ea32-4e45-b939-9d01c2f9b91f/datanode-2/data/ratis/59950fbe-8e0e-4389-b97e-6bcb69ed9461
2019-09-16 16:12:12,458 [pool-499-thread-1] INFO  server.RaftServerConfigKeys (ConfUtils.java:logGet(43)) - raft.server.log.statemachine.data.sync.timeout.retry = -1 (default)
2019-09-16 16:12:12,458 [pool-509-thread-1] INFO  server.RaftServerConfigKeys (ConfUtils.java:logGet(43)) - raft.server.log.queue.element-limit = 1024 (custom)
2019-09-16 16:12:12,458 [pool-499-thread-1] INFO  server.RaftServerConfigKeys (ConfUtils.java:logGet(43)) - raft.server.log.statemachine.data.caching.enabled = true (custom)
2019-09-16 16:12:12,458 [pool-519-thread-1] INFO  server.RaftServerConfigKeys (ConfUtils.java:logGet(43)) - raft.server.log.queue.byte-limit = 2147483647 (custom)
2019-09-16 16:12:12,459 [pool-499-thread-1] INFO  segmented.SegmentedRaftLogWorker (SegmentedRaftLogWorker.java:lambda$new$0(132)) - 9d2039f6-83db-48a1-8135-cf47e7a8363c@group-6BCB69ED9461-SegmentedRaftLogWorker: flushIndex: setUnconditionally 0 -> -1
2019-09-16 16:12:12,458 [pool-509-thread-1] INFO  server.RaftServerConfigKeys (ConfUtils.java:logGet(43)) - raft.server.log.segment.size.max = 1048576 (custom)
2019-09-16 16:12:12,459 [pool-519-thread-1] INFO  server.RaftServerConfigKeys (ConfUtils.java:logGet(43)) - raft.server.log.queue.element-limit = 1024 (custom)
2019-09-16 16:12:12,459 [pool-499-thread-1] INFO  server.RaftServerConfigKeys (ConfUtils.java:logGet(43)) - raft.server.snapshot.auto.trigger.enabled = true (custom)
2019-09-16 16:12:12,459 [pool-509-thread-1] INFO  server.RaftServerConfigKeys (ConfUtils.java:logGet(43)) - raft.server.log.preallocated.size = 16384 (custom)
2019-09-16 16:12:12,459 [pool-499-thread-1] INFO  server.RaftServerConfigKeys (ConfUtils.java:logGet(43)) - raft.server.snapshot.auto.trigger.threshold = 10000 (custom)
2019-09-16 16:12:12,459 [pool-519-thread-1] INFO  server.RaftServerConfigKeys (ConfUtils.java:logGet(43)) - raft.server.log.segment.size.max = 1048576 (custom)
2019-09-16 16:12:12,459 [pool-499-thread-1] INFO  server.RaftServerConfigKeys (ConfUtils.java:logGet(43)) - raft.server.snapshot.retention.num.files = -1 (default)
2019-09-16 16:12:12,459 [pool-509-thread-1] INFO  server.RaftServerConfigKeys (ConfUtils.java:logGet(43)) - raft.server.log.write.buffer.size = 33554432 (custom)
2019-09-16 16:12:12,460 [pool-499-thread-1] INFO  server.RaftServerConfigKeys (ConfUtils.java:logGet(43)) - raft.server.retrycache.expirytime = 600000ms (custom)
2019-09-16 16:12:12,460 [pool-519-thread-1] INFO  server.RaftServerConfigKeys (ConfUtils.java:logGet(43)) - raft.server.log.preallocated.size = 16384 (custom)
2019-09-16 16:12:12,460 [pool-509-thread-1] INFO  server.RaftServerConfigKeys (ConfUtils.java:logGet(43)) - raft.server.log.force.sync.num = 128 (default)
2019-09-16 16:12:12,460 [pool-519-thread-1] INFO  server.RaftServerConfigKeys (ConfUtils.java:logGet(43)) - raft.server.log.write.buffer.size = 33554432 (custom)
2019-09-16 16:12:12,460 [pool-509-thread-1] INFO  server.RaftServerConfigKeys (ConfUtils.java:logGet(43)) - raft.server.log.statemachine.data.sync = true (default)
2019-09-16 16:12:12,460 [pool-519-thread-1] INFO  server.RaftServerConfigKeys (ConfUtils.java:logGet(43)) - raft.server.log.force.sync.num = 128 (default)
2019-09-16 16:12:12,460 [pool-509-thread-1] INFO  server.RaftServerConfigKeys (ConfUtils.java:logGet(43)) - raft.server.log.statemachine.data.sync.timeout = 10s (default)
2019-09-16 16:12:12,461 [pool-519-thread-1] INFO  server.RaftServerConfigKeys (ConfUtils.java:logGet(43)) - raft.server.log.statemachine.data.sync = true (default)
2019-09-16 16:12:12,461 [pool-509-thread-1] INFO  server.RaftServerConfigKeys (ConfUtils.java:logGet(43)) - raft.server.log.statemachine.data.sync.timeout.retry = -1 (default)
2019-09-16 16:12:12,461 [pool-519-thread-1] INFO  server.RaftServerConfigKeys (ConfUtils.java:logGet(43)) - raft.server.log.statemachine.data.sync.timeout = 10s (default)
2019-09-16 16:12:12,461 [pool-509-thread-1] INFO  server.RaftServerConfigKeys (ConfUtils.java:logGet(43)) - raft.server.log.statemachine.data.caching.enabled = true (custom)
2019-09-16 16:12:12,461 [pool-519-thread-1] INFO  server.RaftServerConfigKeys (ConfUtils.java:logGet(43)) - raft.server.log.statemachine.data.sync.timeout.retry = -1 (default)
2019-09-16 16:12:12,461 [pool-509-thread-1] INFO  segmented.SegmentedRaftLogWorker (SegmentedRaftLogWorker.java:lambda$new$0(132)) - 23cf4444-ca2a-4bbc-9c88-b800cc79eebe@group-6BCB69ED9461-SegmentedRaftLogWorker: flushIndex: setUnconditionally 0 -> -1
2019-09-16 16:12:12,461 [pool-499-thread-1] INFO  impl.RaftServerImpl (RaftServerImpl.java:start(185)) - 9d2039f6-83db-48a1-8135-cf47e7a8363c@group-6BCB69ED9461: start as a follower, conf=-1: [9d2039f6-83db-48a1-8135-cf47e7a8363c:192.168.157.233:36393, 23cf4444-ca2a-4bbc-9c88-b800cc79eebe:192.168.157.233:41979, ee806f6d-6c4f-4753-aa8f-56b5acae312a:192.168.157.233:43894], old=null
2019-09-16 16:12:12,461 [pool-519-thread-1] INFO  server.RaftServerConfigKeys (ConfUtils.java:logGet(43)) - raft.server.log.statemachine.data.caching.enabled = true (custom)
2019-09-16 16:12:12,461 [pool-509-thread-1] INFO  server.RaftServerConfigKeys (ConfUtils.java:logGet(43)) - raft.server.snapshot.auto.trigger.enabled = true (custom)
2019-09-16 16:12:12,461 [pool-499-thread-1] INFO  impl.RaftServerImpl (RaftServerImpl.java:setRole(174)) - 9d2039f6-83db-48a1-8135-cf47e7a8363c@group-6BCB69ED9461: changes role from      null to FOLLOWER at term 0 for startAsFollower
2019-09-16 16:12:12,462 [pool-519-thread-1] INFO  segmented.SegmentedRaftLogWorker (SegmentedRaftLogWorker.java:lambda$new$0(132)) - ee806f6d-6c4f-4753-aa8f-56b5acae312a@group-6BCB69ED9461-SegmentedRaftLogWorker: flushIndex: setUnconditionally 0 -> -1
2019-09-16 16:12:12,462 [pool-509-thread-1] INFO  server.RaftServerConfigKeys (ConfUtils.java:logGet(43)) - raft.server.snapshot.auto.trigger.threshold = 10000 (custom)
2019-09-16 16:12:12,462 [pool-499-thread-1] INFO  impl.RoleInfo (RoleInfo.java:updateAndGet(143)) - 9d2039f6-83db-48a1-8135-cf47e7a8363c: start FollowerState
2019-09-16 16:12:12,462 [pool-519-thread-1] INFO  server.RaftServerConfigKeys (ConfUtils.java:logGet(43)) - raft.server.snapshot.auto.trigger.enabled = true (custom)
2019-09-16 16:12:12,462 [pool-509-thread-1] INFO  server.RaftServerConfigKeys (ConfUtils.java:logGet(43)) - raft.server.snapshot.retention.num.files = -1 (default)
2019-09-16 16:12:12,462 [pool-499-thread-1] INFO  util.JmxRegister (JmxRegister.java:tryRegister(44)) - Successfully registered JMX Bean with object name Ratis:service=RaftServer,group=group-6BCB69ED9461,id=9d2039f6-83db-48a1-8135-cf47e7a8363c
2019-09-16 16:12:12,462 [pool-519-thread-1] INFO  server.RaftServerConfigKeys (ConfUtils.java:logGet(43)) - raft.server.snapshot.auto.trigger.threshold = 10000 (custom)
2019-09-16 16:12:12,462 [pool-509-thread-1] INFO  server.RaftServerConfigKeys (ConfUtils.java:logGet(43)) - raft.server.retrycache.expirytime = 600000ms (custom)
2019-09-16 16:12:12,463 [pool-519-thread-1] INFO  server.RaftServerConfigKeys (ConfUtils.java:logGet(43)) - raft.server.snapshot.retention.num.files = -1 (default)
2019-09-16 16:12:12,463 [pool-519-thread-1] INFO  server.RaftServerConfigKeys (ConfUtils.java:logGet(43)) - raft.server.retrycache.expirytime = 600000ms (custom)
2019-09-16 16:12:12,465 [pool-509-thread-1] INFO  impl.RaftServerImpl (RaftServerImpl.java:start(185)) - 23cf4444-ca2a-4bbc-9c88-b800cc79eebe@group-6BCB69ED9461: start as a follower, conf=-1: [9d2039f6-83db-48a1-8135-cf47e7a8363c:192.168.157.233:36393, 23cf4444-ca2a-4bbc-9c88-b800cc79eebe:192.168.157.233:41979, ee806f6d-6c4f-4753-aa8f-56b5acae312a:192.168.157.233:43894], old=null
2019-09-16 16:12:12,465 [pool-509-thread-1] INFO  impl.RaftServerImpl (RaftServerImpl.java:setRole(174)) - 23cf4444-ca2a-4bbc-9c88-b800cc79eebe@group-6BCB69ED9461: changes role from      null to FOLLOWER at term 0 for startAsFollower
2019-09-16 16:12:12,465 [pool-509-thread-1] INFO  impl.RoleInfo (RoleInfo.java:updateAndGet(143)) - 23cf4444-ca2a-4bbc-9c88-b800cc79eebe: start FollowerState
2019-09-16 16:12:12,465 [pool-519-thread-1] INFO  impl.RaftServerImpl (RaftServerImpl.java:start(185)) - ee806f6d-6c4f-4753-aa8f-56b5acae312a@group-6BCB69ED9461: start as a follower, conf=-1: [9d2039f6-83db-48a1-8135-cf47e7a8363c:192.168.157.233:36393, 23cf4444-ca2a-4bbc-9c88-b800cc79eebe:192.168.157.233:41979, ee806f6d-6c4f-4753-aa8f-56b5acae312a:192.168.157.233:43894], old=null
2019-09-16 16:12:12,465 [pool-509-thread-1] INFO  util.JmxRegister (JmxRegister.java:tryRegister(44)) - Successfully registered JMX Bean with object name Ratis:service=RaftServer,group=group-6BCB69ED9461,id=23cf4444-ca2a-4bbc-9c88-b800cc79eebe
2019-09-16 16:12:12,466 [pool-519-thread-1] INFO  impl.RaftServerImpl (RaftServerImpl.java:setRole(174)) - ee806f6d-6c4f-4753-aa8f-56b5acae312a@group-6BCB69ED9461: changes role from      null to FOLLOWER at term 0 for startAsFollower
2019-09-16 16:12:12,466 [pool-519-thread-1] INFO  impl.RoleInfo (RoleInfo.java:updateAndGet(143)) - ee806f6d-6c4f-4753-aa8f-56b5acae312a: start FollowerState
2019-09-16 16:12:12,466 [pool-519-thread-1] INFO  util.JmxRegister (JmxRegister.java:tryRegister(44)) - Successfully registered JMX Bean with object name Ratis:service=RaftServer,group=group-6BCB69ED9461,id=ee806f6d-6c4f-4753-aa8f-56b5acae312a
2019-09-16 16:12:12,468 [RatisPipelineUtilsThread] INFO  pipeline.PipelineStateManager (PipelineStateManager.java:addPipeline(56)) - Created pipeline Pipeline[ Id: 59950fbe-8e0e-4389-b97e-6bcb69ed9461, Nodes: 23cf4444-ca2a-4bbc-9c88-b800cc79eebe{ip: 192.168.157.233, host: pr-hdds-2120-x62sn-1884063469, networkLocation: /default-rack, certSerialId: null}9d2039f6-83db-48a1-8135-cf47e7a8363c{ip: 192.168.157.233, host: pr-hdds-2120-x62sn-1884063469, networkLocation: /default-rack, certSerialId: null}ee806f6d-6c4f-4753-aa8f-56b5acae312a{ip: 192.168.157.233, host: pr-hdds-2120-x62sn-1884063469, networkLocation: /default-rack, certSerialId: null}, Type:RATIS, Factor:THREE, State:OPEN]
2019-09-16 16:12:12,497 [IPC Server handler 6 on 38071] INFO  net.NetworkTopology (NetworkTopologyImpl.java:add(110)) - Added a new node: /default-rack/c1ed4a45-b557-456c-8fa1-562ac4336c62
2019-09-16 16:12:12,497 [IPC Server handler 6 on 38071] INFO  node.SCMNodeManager (SCMNodeManager.java:register(266)) - Registered Data node : c1ed4a45-b557-456c-8fa1-562ac4336c62{ip: 192.168.157.233, host: pr-hdds-2120-x62sn-1884063469, networkLocation: /default-rack, certSerialId: null}
2019-09-16 16:12:12,513 [grpc-default-executor-8] INFO  impl.RaftServerProxy (RaftServerProxy.java:addNew(89)) - c1ed4a45-b557-456c-8fa1-562ac4336c62: addNew group-5C3D8C9AFC60:[c1ed4a45-b557-456c-8fa1-562ac4336c62:192.168.157.233:45625] returns group-5C3D8C9AFC60:java.util.concurrent.CompletableFuture@1f4103f3[Not completed]
2019-09-16 16:12:12,516 [pool-539-thread-1] INFO  impl.RaftServerImpl (RaftServerImpl.java:<init>(95)) - c1ed4a45-b557-456c-8fa1-562ac4336c62: new RaftServerImpl for group-5C3D8C9AFC60:[c1ed4a45-b557-456c-8fa1-562ac4336c62:192.168.157.233:45625] with ContainerStateMachine:uninitialized
2019-09-16 16:12:12,516 [pool-539-thread-1] INFO  server.RaftServerConfigKeys (ConfUtils.java:logGet(43)) - raft.server.rpc.timeout.min = 5s (custom)
2019-09-16 16:12:12,516 [pool-539-thread-1] INFO  server.RaftServerConfigKeys (ConfUtils.java:logGet(43)) - raft.server.rpc.timeout.max = 5200ms (custom)
2019-09-16 16:12:12,516 [pool-539-thread-1] INFO  server.RaftServerConfigKeys (ConfUtils.java:logGet(43)) - raft.server.rpcslowness.timeout = 120s (custom)
2019-09-16 16:12:12,517 [pool-539-thread-1] INFO  server.RaftServerConfigKeys (ConfUtils.java:logGet(43)) - raft.server.sleep.deviation.threshold = 300 (default)
2019-09-16 16:12:12,517 [pool-539-thread-1] INFO  server.RaftServerConfigKeys (ConfUtils.java:logGet(43)) - raft.server.log.appender.install.snapshot.enabled = false (custom)
2019-09-16 16:12:12,517 [pool-539-thread-1] INFO  impl.RaftServerImpl (ServerState.java:<init>(103)) - c1ed4a45-b557-456c-8fa1-562ac4336c62@group-5C3D8C9AFC60: ConfigurationManager, init=-1: [c1ed4a45-b557-456c-8fa1-562ac4336c62:192.168.157.233:45625], old=null, confs=<EMPTY_MAP>
2019-09-16 16:12:12,517 [pool-539-thread-1] INFO  server.RaftServerConfigKeys (ConfUtils.java:logGet(43)) - raft.server.storage.dir = [/workdir/hadoop-ozone/integration-test/target/test-dir/MiniOzoneClusterImpl-e8aa87c8-ea32-4e45-b939-9d01c2f9b91f/datanode-4/data/ratis] (custom)
2019-09-16 16:12:12,517 [pool-539-thread-1] INFO  storage.RaftStorageDirectory (RaftStorageDirectory.java:analyzeStorage(246)) - The storage directory /workdir/hadoop-ozone/integration-test/target/test-dir/MiniOzoneClusterImpl-e8aa87c8-ea32-4e45-b939-9d01c2f9b91f/datanode-4/data/ratis/bd4f472c-13b1-4015-b3a8-5c3d8c9afc60 does not exist. Creating ...
2019-09-16 16:12:12,530 [pool-539-thread-1] INFO  storage.RaftStorageDirectory (RaftStorageDirectory.java:tryLock(328)) - Lock on /workdir/hadoop-ozone/integration-test/target/test-dir/MiniOzoneClusterImpl-e8aa87c8-ea32-4e45-b939-9d01c2f9b91f/datanode-4/data/ratis/bd4f472c-13b1-4015-b3a8-5c3d8c9afc60/in_use.lock acquired by nodename 7216@pr-hdds-2120-x62sn-1884063469
2019-09-16 16:12:12,542 [pool-539-thread-1] INFO  storage.RaftStorage (RaftStorage.java:format(72)) - Storage directory /workdir/hadoop-ozone/integration-test/target/test-dir/MiniOzoneClusterImpl-e8aa87c8-ea32-4e45-b939-9d01c2f9b91f/datanode-4/data/ratis/bd4f472c-13b1-4015-b3a8-5c3d8c9afc60 has been successfully formatted.
2019-09-16 16:12:12,542 [pool-539-thread-1] INFO  ratis.ContainerStateMachine (ContainerStateMachine.java:loadSnapshot(230)) - group-5C3D8C9AFC60: The snapshot info is null. Setting the last applied indexto:(t:0, i:~)
2019-09-16 16:12:12,542 [pool-539-thread-1] INFO  server.RaftServerConfigKeys (ConfUtils.java:logGet(43)) - raft.server.notification.no-leader.timeout = 120s (custom)
2019-09-16 16:12:12,543 [pool-539-thread-1] INFO  server.RaftServerConfigKeys (ConfUtils.java:logGet(43)) - raft.server.log.use.memory = false (default)
2019-09-16 16:12:12,543 [pool-539-thread-1] INFO  server.RaftServerConfigKeys (ConfUtils.java:logGet(43)) - raft.server.log.purge.gap = 1000000 (custom)
2019-09-16 16:12:12,543 [pool-539-thread-1] INFO  server.RaftServerConfigKeys (ConfUtils.java:logGet(43)) - raft.server.log.appender.buffer.byte-limit = 33554432 (custom)
2019-09-16 16:12:12,543 [pool-539-thread-1] INFO  server.RaftServerConfigKeys (ConfUtils.java:logGet(43)) - raft.server.log.segment.size.max = 1048576 (custom)
2019-09-16 16:12:12,543 [pool-539-thread-1] INFO  server.RaftServerConfigKeys (ConfUtils.java:logGet(43)) - raft.server.log.segment.cache.num.max = 2 (custom)
2019-09-16 16:12:12,543 [pool-539-thread-1] INFO  segmented.SegmentedRaftLogWorker (SegmentedRaftLogWorker.java:<init>(172)) - new c1ed4a45-b557-456c-8fa1-562ac4336c62@group-5C3D8C9AFC60-SegmentedRaftLogWorker for RaftStorage:Storage Directory /workdir/hadoop-ozone/integration-test/target/test-dir/MiniOzoneClusterImpl-e8aa87c8-ea32-4e45-b939-9d01c2f9b91f/datanode-4/data/ratis/bd4f472c-13b1-4015-b3a8-5c3d8c9afc60
2019-09-16 16:12:12,545 [pool-539-thread-1] INFO  server.RaftServerConfigKeys (ConfUtils.java:logGet(43)) - raft.server.log.queue.byte-limit = 2147483647 (custom)
2019-09-16 16:12:12,545 [pool-539-thread-1] INFO  server.RaftServerConfigKeys (ConfUtils.java:logGet(43)) - raft.server.log.queue.element-limit = 1024 (custom)
2019-09-16 16:12:12,545 [pool-539-thread-1] INFO  server.RaftServerConfigKeys (ConfUtils.java:logGet(43)) - raft.server.log.segment.size.max = 1048576 (custom)
2019-09-16 16:12:12,545 [pool-539-thread-1] INFO  server.RaftServerConfigKeys (ConfUtils.java:logGet(43)) - raft.server.log.preallocated.size = 16384 (custom)
2019-09-16 16:12:12,545 [pool-539-thread-1] INFO  server.RaftServerConfigKeys (ConfUtils.java:logGet(43)) - raft.server.log.write.buffer.size = 33554432 (custom)
2019-09-16 16:12:12,545 [pool-539-thread-1] INFO  server.RaftServerConfigKeys (ConfUtils.java:logGet(43)) - raft.server.log.force.sync.num = 128 (default)
2019-09-16 16:12:12,545 [pool-539-thread-1] INFO  server.RaftServerConfigKeys (ConfUtils.java:logGet(43)) - raft.server.log.statemachine.data.sync = true (default)
2019-09-16 16:12:12,545 [pool-539-thread-1] INFO  server.RaftServerConfigKeys (ConfUtils.java:logGet(43)) - raft.server.log.statemachine.data.sync.timeout = 10s (default)
2019-09-16 16:12:12,546 [pool-539-thread-1] INFO  server.RaftServerConfigKeys (ConfUtils.java:logGet(43)) - raft.server.log.statemachine.data.sync.timeout.retry = -1 (default)
2019-09-16 16:12:12,546 [pool-539-thread-1] INFO  server.RaftServerConfigKeys (ConfUtils.java:logGet(43)) - raft.server.log.statemachine.data.caching.enabled = true (custom)
2019-09-16 16:12:12,546 [pool-539-thread-1] INFO  segmented.SegmentedRaftLogWorker (SegmentedRaftLogWorker.java:lambda$new$0(132)) - c1ed4a45-b557-456c-8fa1-562ac4336c62@group-5C3D8C9AFC60-SegmentedRaftLogWorker: flushIndex: setUnconditionally 0 -> -1
2019-09-16 16:12:12,546 [pool-539-thread-1] INFO  server.RaftServerConfigKeys (ConfUtils.java:logGet(43)) - raft.server.snapshot.auto.trigger.enabled = true (custom)
2019-09-16 16:12:12,546 [pool-539-thread-1] INFO  server.RaftServerConfigKeys (ConfUtils.java:logGet(43)) - raft.server.snapshot.auto.trigger.threshold = 10000 (custom)
2019-09-16 16:12:12,547 [pool-539-thread-1] INFO  server.RaftServerConfigKeys (ConfUtils.java:logGet(43)) - raft.server.snapshot.retention.num.files = -1 (default)
2019-09-16 16:12:12,547 [pool-539-thread-1] INFO  server.RaftServerConfigKeys (ConfUtils.java:logGet(43)) - raft.server.retrycache.expirytime = 600000ms (custom)
2019-09-16 16:12:12,548 [pool-539-thread-1] INFO  impl.RaftServerImpl (RaftServerImpl.java:start(185)) - c1ed4a45-b557-456c-8fa1-562ac4336c62@group-5C3D8C9AFC60: start as a follower, conf=-1: [c1ed4a45-b557-456c-8fa1-562ac4336c62:192.168.157.233:45625], old=null
2019-09-16 16:12:12,548 [pool-539-thread-1] INFO  impl.RaftServerImpl (RaftServerImpl.java:setRole(174)) - c1ed4a45-b557-456c-8fa1-562ac4336c62@group-5C3D8C9AFC60: changes role from      null to FOLLOWER at term 0 for startAsFollower
2019-09-16 16:12:12,548 [pool-539-thread-1] INFO  impl.RoleInfo (RoleInfo.java:updateAndGet(143)) - c1ed4a45-b557-456c-8fa1-562ac4336c62: start FollowerState
2019-09-16 16:12:12,548 [pool-539-thread-1] INFO  util.JmxRegister (JmxRegister.java:tryRegister(44)) - Successfully registered JMX Bean with object name Ratis:service=RaftServer,group=group-5C3D8C9AFC60,id=c1ed4a45-b557-456c-8fa1-562ac4336c62
2019-09-16 16:12:12,550 [RatisPipelineUtilsThread] INFO  pipeline.PipelineStateManager (PipelineStateManager.java:addPipeline(56)) - Created pipeline Pipeline[ Id: bd4f472c-13b1-4015-b3a8-5c3d8c9afc60, Nodes: c1ed4a45-b557-456c-8fa1-562ac4336c62{ip: 192.168.157.233, host: pr-hdds-2120-x62sn-1884063469, networkLocation: /default-rack, certSerialId: null}, Type:RATIS, Factor:ONE, State:OPEN]
2019-09-16 16:12:12,554 [grpc-default-executor-8] INFO  impl.RaftServerProxy (RaftServerProxy.java:addNew(89)) - 75c76e04-176b-4989-a235-6881400b7fb1: addNew group-D8F1CC2A3862:[75c76e04-176b-4989-a235-6881400b7fb1:192.168.157.233:36622] returns group-D8F1CC2A3862:java.util.concurrent.CompletableFuture@3fdc0dda[Not completed]
2019-09-16 16:12:12,555 [pool-529-thread-1] INFO  impl.RaftServerImpl (RaftServerImpl.java:<init>(95)) - 75c76e04-176b-4989-a235-6881400b7fb1: new RaftServerImpl for group-D8F1CC2A3862:[75c76e04-176b-4989-a235-6881400b7fb1:192.168.157.233:36622] with ContainerStateMachine:uninitialized
2019-09-16 16:12:12,555 [pool-529-thread-1] INFO  server.RaftServerConfigKeys (ConfUtils.java:logGet(43)) - raft.server.rpc.timeout.min = 5s (custom)
2019-09-16 16:12:12,555 [pool-529-thread-1] INFO  server.RaftServerConfigKeys (ConfUtils.java:logGet(43)) - raft.server.rpc.timeout.max = 5200ms (custom)
2019-09-16 16:12:12,555 [pool-529-thread-1] INFO  server.RaftServerConfigKeys (ConfUtils.java:logGet(43)) - raft.server.rpcslowness.timeout = 120s (custom)
2019-09-16 16:12:12,556 [pool-529-thread-1] INFO  server.RaftServerConfigKeys (ConfUtils.java:logGet(43)) - raft.server.sleep.deviation.threshold = 300 (default)
2019-09-16 16:12:12,556 [pool-529-thread-1] INFO  server.RaftServerConfigKeys (ConfUtils.java:logGet(43)) - raft.server.log.appender.install.snapshot.enabled = false (custom)
2019-09-16 16:12:12,556 [pool-529-thread-1] INFO  impl.RaftServerImpl (ServerState.java:<init>(103)) - 75c76e04-176b-4989-a235-6881400b7fb1@group-D8F1CC2A3862: ConfigurationManager, init=-1: [75c76e04-176b-4989-a235-6881400b7fb1:192.168.157.233:36622], old=null, confs=<EMPTY_MAP>
2019-09-16 16:12:12,556 [pool-529-thread-1] INFO  server.RaftServerConfigKeys (ConfUtils.java:logGet(43)) - raft.server.storage.dir = [/workdir/hadoop-ozone/integration-test/target/test-dir/MiniOzoneClusterImpl-e8aa87c8-ea32-4e45-b939-9d01c2f9b91f/datanode-3/data/ratis] (custom)
2019-09-16 16:12:12,556 [pool-529-thread-1] INFO  storage.RaftStorageDirectory (RaftStorageDirectory.java:analyzeStorage(246)) - The storage directory /workdir/hadoop-ozone/integration-test/target/test-dir/MiniOzoneClusterImpl-e8aa87c8-ea32-4e45-b939-9d01c2f9b91f/datanode-3/data/ratis/e76493c5-d96f-4a30-9c09-d8f1cc2a3862 does not exist. Creating ...
2019-09-16 16:12:12,561 [IPC Server handler 7 on 38071] INFO  net.NetworkTopology (NetworkTopologyImpl.java:add(110)) - Added a new node: /default-rack/247be69b-caa1-4ba0-a842-b83920b502da
2019-09-16 16:12:12,561 [IPC Server handler 7 on 38071] INFO  node.SCMNodeManager (SCMNodeManager.java:register(266)) - Registered Data node : 247be69b-caa1-4ba0-a842-b83920b502da{ip: 192.168.157.233, host: pr-hdds-2120-x62sn-1884063469, networkLocation: /default-rack, certSerialId: null}
2019-09-16 16:12:12,585 [pool-529-thread-1] INFO  storage.RaftStorageDirectory (RaftStorageDirectory.java:tryLock(328)) - Lock on /workdir/hadoop-ozone/integration-test/target/test-dir/MiniOzoneClusterImpl-e8aa87c8-ea32-4e45-b939-9d01c2f9b91f/datanode-3/data/ratis/e76493c5-d96f-4a30-9c09-d8f1cc2a3862/in_use.lock acquired by nodename 7216@pr-hdds-2120-x62sn-1884063469
2019-09-16 16:12:12,597 [pool-529-thread-1] INFO  storage.RaftStorage (RaftStorage.java:format(72)) - Storage directory /workdir/hadoop-ozone/integration-test/target/test-dir/MiniOzoneClusterImpl-e8aa87c8-ea32-4e45-b939-9d01c2f9b91f/datanode-3/data/ratis/e76493c5-d96f-4a30-9c09-d8f1cc2a3862 has been successfully formatted.
2019-09-16 16:12:12,598 [pool-529-thread-1] INFO  ratis.ContainerStateMachine (ContainerStateMachine.java:loadSnapshot(230)) - group-D8F1CC2A3862: The snapshot info is null. Setting the last applied indexto:(t:0, i:~)
2019-09-16 16:12:12,598 [pool-529-thread-1] INFO  server.RaftServerConfigKeys (ConfUtils.java:logGet(43)) - raft.server.notification.no-leader.timeout = 120s (custom)
2019-09-16 16:12:12,598 [pool-529-thread-1] INFO  server.RaftServerConfigKeys (ConfUtils.java:logGet(43)) - raft.server.log.use.memory = false (default)
2019-09-16 16:12:12,598 [pool-529-thread-1] INFO  server.RaftServerConfigKeys (ConfUtils.java:logGet(43)) - raft.server.log.purge.gap = 1000000 (custom)
2019-09-16 16:12:12,598 [pool-529-thread-1] INFO  server.RaftServerConfigKeys (ConfUtils.java:logGet(43)) - raft.server.log.appender.buffer.byte-limit = 33554432 (custom)
2019-09-16 16:12:12,598 [pool-529-thread-1] INFO  server.RaftServerConfigKeys (ConfUtils.java:logGet(43)) - raft.server.log.segment.size.max = 1048576 (custom)
2019-09-16 16:12:12,598 [pool-529-thread-1] INFO  server.RaftServerConfigKeys (ConfUtils.java:logGet(43)) - raft.server.log.segment.cache.num.max = 2 (custom)
2019-09-16 16:12:12,598 [pool-529-thread-1] INFO  segmented.SegmentedRaftLogWorker (SegmentedRaftLogWorker.java:<init>(172)) - new 75c76e04-176b-4989-a235-6881400b7fb1@group-D8F1CC2A3862-SegmentedRaftLogWorker for RaftStorage:Storage Directory /workdir/hadoop-ozone/integration-test/target/test-dir/MiniOzoneClusterImpl-e8aa87c8-ea32-4e45-b939-9d01c2f9b91f/datanode-3/data/ratis/e76493c5-d96f-4a30-9c09-d8f1cc2a3862
2019-09-16 16:12:12,599 [pool-529-thread-1] INFO  server.RaftServerConfigKeys (ConfUtils.java:logGet(43)) - raft.server.log.queue.byte-limit = 2147483647 (custom)
2019-09-16 16:12:12,599 [pool-529-thread-1] INFO  server.RaftServerConfigKeys (ConfUtils.java:logGet(43)) - raft.server.log.queue.element-limit = 1024 (custom)
2019-09-16 16:12:12,599 [pool-529-thread-1] INFO  server.RaftServerConfigKeys (ConfUtils.java:logGet(43)) - raft.server.log.segment.size.max = 1048576 (custom)
2019-09-16 16:12:12,599 [pool-529-thread-1] INFO  server.RaftServerConfigKeys (ConfUtils.java:logGet(43)) - raft.server.log.preallocated.size = 16384 (custom)
2019-09-16 16:12:12,600 [pool-529-thread-1] INFO  server.RaftServerConfigKeys (ConfUtils.java:logGet(43)) - raft.server.log.write.buffer.size = 33554432 (custom)
2019-09-16 16:12:12,600 [pool-529-thread-1] INFO  server.RaftServerConfigKeys (ConfUtils.java:logGet(43)) - raft.server.log.force.sync.num = 128 (default)
2019-09-16 16:12:12,600 [pool-529-thread-1] INFO  server.RaftServerConfigKeys (ConfUtils.java:logGet(43)) - raft.server.log.statemachine.data.sync = true (default)
2019-09-16 16:12:12,600 [pool-529-thread-1] INFO  server.RaftServerConfigKeys (ConfUtils.java:logGet(43)) - raft.server.log.statemachine.data.sync.timeout = 10s (default)
2019-09-16 16:12:12,600 [pool-529-thread-1] INFO  server.RaftServerConfigKeys (ConfUtils.java:logGet(43)) - raft.server.log.statemachine.data.sync.timeout.retry = -1 (default)
2019-09-16 16:12:12,600 [pool-529-thread-1] INFO  server.RaftServerConfigKeys (ConfUtils.java:logGet(43)) - raft.server.log.statemachine.data.caching.enabled = true (custom)
2019-09-16 16:12:12,600 [pool-529-thread-1] INFO  segmented.SegmentedRaftLogWorker (SegmentedRaftLogWorker.java:lambda$new$0(132)) - 75c76e04-176b-4989-a235-6881400b7fb1@group-D8F1CC2A3862-SegmentedRaftLogWorker: flushIndex: setUnconditionally 0 -> -1
2019-09-16 16:12:12,600 [pool-529-thread-1] INFO  server.RaftServerConfigKeys (ConfUtils.java:logGet(43)) - raft.server.snapshot.auto.trigger.enabled = true (custom)
2019-09-16 16:12:12,600 [pool-529-thread-1] INFO  server.RaftServerConfigKeys (ConfUtils.java:logGet(43)) - raft.server.snapshot.auto.trigger.threshold = 10000 (custom)
2019-09-16 16:12:12,601 [pool-529-thread-1] INFO  server.RaftServerConfigKeys (ConfUtils.java:logGet(43)) - raft.server.snapshot.retention.num.files = -1 (default)
2019-09-16 16:12:12,601 [pool-529-thread-1] INFO  server.RaftServerConfigKeys (ConfUtils.java:logGet(43)) - raft.server.retrycache.expirytime = 600000ms (custom)
2019-09-16 16:12:12,602 [pool-529-thread-1] INFO  impl.RaftServerImpl (RaftServerImpl.java:start(185)) - 75c76e04-176b-4989-a235-6881400b7fb1@group-D8F1CC2A3862: start as a follower, conf=-1: [75c76e04-176b-4989-a235-6881400b7fb1:192.168.157.233:36622], old=null
2019-09-16 16:12:12,602 [pool-529-thread-1] INFO  impl.RaftServerImpl (RaftServerImpl.java:setRole(174)) - 75c76e04-176b-4989-a235-6881400b7fb1@group-D8F1CC2A3862: changes role from      null to FOLLOWER at term 0 for startAsFollower
2019-09-16 16:12:12,602 [pool-529-thread-1] INFO  impl.RoleInfo (RoleInfo.java:updateAndGet(143)) - 75c76e04-176b-4989-a235-6881400b7fb1: start FollowerState
2019-09-16 16:12:12,602 [pool-529-thread-1] INFO  util.JmxRegister (JmxRegister.java:tryRegister(44)) - Successfully registered JMX Bean with object name Ratis:service=RaftServer,group=group-D8F1CC2A3862,id=75c76e04-176b-4989-a235-6881400b7fb1
2019-09-16 16:12:12,604 [RatisPipelineUtilsThread] INFO  pipeline.PipelineStateManager (PipelineStateManager.java:addPipeline(56)) - Created pipeline Pipeline[ Id: e76493c5-d96f-4a30-9c09-d8f1cc2a3862, Nodes: 75c76e04-176b-4989-a235-6881400b7fb1{ip: 192.168.157.233, host: pr-hdds-2120-x62sn-1884063469, networkLocation: /default-rack, certSerialId: null}, Type:RATIS, Factor:ONE, State:OPEN]
2019-09-16 16:12:12,610 [grpc-default-executor-8] INFO  impl.RaftServerProxy (RaftServerProxy.java:addNew(89)) - 247be69b-caa1-4ba0-a842-b83920b502da: addNew group-CAC4BEA78AFD:[247be69b-caa1-4ba0-a842-b83920b502da:192.168.157.233:45631] returns group-CAC4BEA78AFD:java.util.concurrent.CompletableFuture@7a22d084[Not completed]
2019-09-16 16:12:12,610 [pool-549-thread-1] INFO  impl.RaftServerImpl (RaftServerImpl.java:<init>(95)) - 247be69b-caa1-4ba0-a842-b83920b502da: new RaftServerImpl for group-CAC4BEA78AFD:[247be69b-caa1-4ba0-a842-b83920b502da:192.168.157.233:45631] with ContainerStateMachine:uninitialized
2019-09-16 16:12:12,610 [pool-549-thread-1] INFO  server.RaftServerConfigKeys (ConfUtils.java:logGet(43)) - raft.server.rpc.timeout.min = 5s (custom)
2019-09-16 16:12:12,610 [pool-549-thread-1] INFO  server.RaftServerConfigKeys (ConfUtils.java:logGet(43)) - raft.server.rpc.timeout.max = 5200ms (custom)
2019-09-16 16:12:12,610 [pool-549-thread-1] INFO  server.RaftServerConfigKeys (ConfUtils.java:logGet(43)) - raft.server.rpcslowness.timeout = 120s (custom)
2019-09-16 16:12:12,610 [pool-549-thread-1] INFO  server.RaftServerConfigKeys (ConfUtils.java:logGet(43)) - raft.server.sleep.deviation.threshold = 300 (default)
2019-09-16 16:12:12,611 [pool-549-thread-1] INFO  server.RaftServerConfigKeys (ConfUtils.java:logGet(43)) - raft.server.log.appender.install.snapshot.enabled = false (custom)
2019-09-16 16:12:12,611 [pool-549-thread-1] INFO  impl.RaftServerImpl (ServerState.java:<init>(103)) - 247be69b-caa1-4ba0-a842-b83920b502da@group-CAC4BEA78AFD: ConfigurationManager, init=-1: [247be69b-caa1-4ba0-a842-b83920b502da:192.168.157.233:45631], old=null, confs=<EMPTY_MAP>
2019-09-16 16:12:12,611 [pool-549-thread-1] INFO  server.RaftServerConfigKeys (ConfUtils.java:logGet(43)) - raft.server.storage.dir = [/workdir/hadoop-ozone/integration-test/target/test-dir/MiniOzoneClusterImpl-e8aa87c8-ea32-4e45-b939-9d01c2f9b91f/datanode-5/data/ratis] (custom)
2019-09-16 16:12:12,611 [pool-549-thread-1] INFO  storage.RaftStorageDirectory (RaftStorageDirectory.java:analyzeStorage(246)) - The storage directory /workdir/hadoop-ozone/integration-test/target/test-dir/MiniOzoneClusterImpl-e8aa87c8-ea32-4e45-b939-9d01c2f9b91f/datanode-5/data/ratis/14bc71f2-91a6-4b3f-bb4b-cac4bea78afd does not exist. Creating ...
2019-09-16 16:12:12,616 [pool-549-thread-1] INFO  storage.RaftStorageDirectory (RaftStorageDirectory.java:tryLock(328)) - Lock on /workdir/hadoop-ozone/integration-test/target/test-dir/MiniOzoneClusterImpl-e8aa87c8-ea32-4e45-b939-9d01c2f9b91f/datanode-5/data/ratis/14bc71f2-91a6-4b3f-bb4b-cac4bea78afd/in_use.lock acquired by nodename 7216@pr-hdds-2120-x62sn-1884063469
2019-09-16 16:12:12,616 [IPC Server handler 8 on 38071] INFO  net.NetworkTopology (NetworkTopologyImpl.java:add(110)) - Added a new node: /default-rack/0f6886e7-2fba-419e-9eb8-1424d397aa24
2019-09-16 16:12:12,616 [IPC Server handler 8 on 38071] INFO  node.SCMNodeManager (SCMNodeManager.java:register(266)) - Registered Data node : 0f6886e7-2fba-419e-9eb8-1424d397aa24{ip: 192.168.157.233, host: pr-hdds-2120-x62sn-1884063469, networkLocation: /default-rack, certSerialId: null}
2019-09-16 16:12:12,617 [main] INFO  ozone.MiniOzoneClusterImpl (MiniOzoneClusterImpl.java:lambda$waitForClusterToBeReady$0(140)) - Cluster is ready. Got 7 of 7 DN Heartbeats.
2019-09-16 16:12:12,632 [pool-549-thread-1] INFO  storage.RaftStorage (RaftStorage.java:format(72)) - Storage directory /workdir/hadoop-ozone/integration-test/target/test-dir/MiniOzoneClusterImpl-e8aa87c8-ea32-4e45-b939-9d01c2f9b91f/datanode-5/data/ratis/14bc71f2-91a6-4b3f-bb4b-cac4bea78afd has been successfully formatted.
2019-09-16 16:12:12,640 [pool-549-thread-1] INFO  ratis.ContainerStateMachine (ContainerStateMachine.java:loadSnapshot(230)) - group-CAC4BEA78AFD: The snapshot info is null. Setting the last applied indexto:(t:0, i:~)
2019-09-16 16:12:12,640 [pool-549-thread-1] INFO  server.RaftServerConfigKeys (ConfUtils.java:logGet(43)) - raft.server.notification.no-leader.timeout = 120s (custom)
2019-09-16 16:12:12,640 [pool-549-thread-1] INFO  server.RaftServerConfigKeys (ConfUtils.java:logGet(43)) - raft.server.log.use.memory = false (default)
2019-09-16 16:12:12,640 [pool-549-thread-1] INFO  server.RaftServerConfigKeys (ConfUtils.java:logGet(43)) - raft.server.log.purge.gap = 1000000 (custom)
2019-09-16 16:12:12,640 [pool-549-thread-1] INFO  server.RaftServerConfigKeys (ConfUtils.java:logGet(43)) - raft.server.log.appender.buffer.byte-limit = 33554432 (custom)
2019-09-16 16:12:12,641 [pool-549-thread-1] INFO  server.RaftServerConfigKeys (ConfUtils.java:logGet(43)) - raft.server.log.segment.size.max = 1048576 (custom)
2019-09-16 16:12:12,641 [pool-549-thread-1] INFO  server.RaftServerConfigKeys (ConfUtils.java:logGet(43)) - raft.server.log.segment.cache.num.max = 2 (custom)
2019-09-16 16:12:12,641 [pool-549-thread-1] INFO  segmented.SegmentedRaftLogWorker (SegmentedRaftLogWorker.java:<init>(172)) - new 247be69b-caa1-4ba0-a842-b83920b502da@group-CAC4BEA78AFD-SegmentedRaftLogWorker for RaftStorage:Storage Directory /workdir/hadoop-ozone/integration-test/target/test-dir/MiniOzoneClusterImpl-e8aa87c8-ea32-4e45-b939-9d01c2f9b91f/datanode-5/data/ratis/14bc71f2-91a6-4b3f-bb4b-cac4bea78afd
2019-09-16 16:12:12,642 [pool-549-thread-1] INFO  server.RaftServerConfigKeys (ConfUtils.java:logGet(43)) - raft.server.log.queue.byte-limit = 2147483647 (custom)
2019-09-16 16:12:12,642 [pool-549-thread-1] INFO  server.RaftServerConfigKeys (ConfUtils.java:logGet(43)) - raft.server.log.queue.element-limit = 1024 (custom)
2019-09-16 16:12:12,642 [pool-549-thread-1] INFO  server.RaftServerConfigKeys (ConfUtils.java:logGet(43)) - raft.server.log.segment.size.max = 1048576 (custom)
2019-09-16 16:12:12,642 [pool-549-thread-1] INFO  server.RaftServerConfigKeys (ConfUtils.java:logGet(43)) - raft.server.log.preallocated.size = 16384 (custom)
2019-09-16 16:12:12,642 [pool-549-thread-1] INFO  server.RaftServerConfigKeys (ConfUtils.java:logGet(43)) - raft.server.log.write.buffer.size = 33554432 (custom)
2019-09-16 16:12:12,642 [pool-549-thread-1] INFO  server.RaftServerConfigKeys (ConfUtils.java:logGet(43)) - raft.server.log.force.sync.num = 128 (default)
2019-09-16 16:12:12,642 [pool-549-thread-1] INFO  server.RaftServerConfigKeys (ConfUtils.java:logGet(43)) - raft.server.log.statemachine.data.sync = true (default)
2019-09-16 16:12:12,642 [main] INFO  rpc.RpcClient (RpcClient.java:createVolume(301)) - Creating Volume: testblockoutputstream, with jenkins1000 as owner.
2019-09-16 16:12:12,642 [pool-549-thread-1] INFO  server.RaftServerConfigKeys (ConfUtils.java:logGet(43)) - raft.server.log.statemachine.data.sync.timeout = 10s (default)
2019-09-16 16:12:12,643 [pool-549-thread-1] INFO  server.RaftServerConfigKeys (ConfUtils.java:logGet(43)) - raft.server.log.statemachine.data.sync.timeout.retry = -1 (default)
2019-09-16 16:12:12,643 [pool-549-thread-1] INFO  server.RaftServerConfigKeys (ConfUtils.java:logGet(43)) - raft.server.log.statemachine.data.caching.enabled = true (custom)
2019-09-16 16:12:12,643 [pool-549-thread-1] INFO  segmented.SegmentedRaftLogWorker (SegmentedRaftLogWorker.java:lambda$new$0(132)) - 247be69b-caa1-4ba0-a842-b83920b502da@group-CAC4BEA78AFD-SegmentedRaftLogWorker: flushIndex: setUnconditionally 0 -> -1
2019-09-16 16:12:12,643 [pool-549-thread-1] INFO  server.RaftServerConfigKeys (ConfUtils.java:logGet(43)) - raft.server.snapshot.auto.trigger.enabled = true (custom)
2019-09-16 16:12:12,643 [pool-549-thread-1] INFO  server.RaftServerConfigKeys (ConfUtils.java:logGet(43)) - raft.server.snapshot.auto.trigger.threshold = 10000 (custom)
2019-09-16 16:12:12,643 [pool-549-thread-1] INFO  server.RaftServerConfigKeys (ConfUtils.java:logGet(43)) - raft.server.snapshot.retention.num.files = -1 (default)
2019-09-16 16:12:12,643 [pool-549-thread-1] INFO  server.RaftServerConfigKeys (ConfUtils.java:logGet(43)) - raft.server.retrycache.expirytime = 600000ms (custom)
2019-09-16 16:12:12,644 [pool-549-thread-1] INFO  impl.RaftServerImpl (RaftServerImpl.java:start(185)) - 247be69b-caa1-4ba0-a842-b83920b502da@group-CAC4BEA78AFD: start as a follower, conf=-1: [247be69b-caa1-4ba0-a842-b83920b502da:192.168.157.233:45631], old=null
2019-09-16 16:12:12,644 [pool-549-thread-1] INFO  impl.RaftServerImpl (RaftServerImpl.java:setRole(174)) - 247be69b-caa1-4ba0-a842-b83920b502da@group-CAC4BEA78AFD: changes role from      null to FOLLOWER at term 0 for startAsFollower
2019-09-16 16:12:12,644 [pool-549-thread-1] INFO  impl.RoleInfo (RoleInfo.java:updateAndGet(143)) - 247be69b-caa1-4ba0-a842-b83920b502da: start FollowerState
2019-09-16 16:12:12,645 [pool-549-thread-1] INFO  util.JmxRegister (JmxRegister.java:tryRegister(44)) - Successfully registered JMX Bean with object name Ratis:service=RaftServer,group=group-CAC4BEA78AFD,id=247be69b-caa1-4ba0-a842-b83920b502da
2019-09-16 16:12:12,645 [IPC Server handler 0 on 39663] INFO  volume.OMVolumeCreateRequest (OMVolumeCreateRequest.java:validateAndUpdateCache(189)) - created volume:testblockoutputstream for user:jenkins1000
2019-09-16 16:12:12,647 [RatisPipelineUtilsThread] INFO  pipeline.PipelineStateManager (PipelineStateManager.java:addPipeline(56)) - Created pipeline Pipeline[ Id: 14bc71f2-91a6-4b3f-bb4b-cac4bea78afd, Nodes: 247be69b-caa1-4ba0-a842-b83920b502da{ip: 192.168.157.233, host: pr-hdds-2120-x62sn-1884063469, networkLocation: /default-rack, certSerialId: null}, Type:RATIS, Factor:ONE, State:OPEN]
2019-09-16 16:12:12,663 [main] INFO  rpc.RpcClient (RpcClient.java:createBucket(440)) - Creating Bucket: testblockoutputstream/testblockoutputstream, with Versioning false and Storage Type set to DISK and Encryption set to false 
2019-09-16 16:12:12,665 [grpc-default-executor-8] INFO  impl.RaftServerProxy (RaftServerProxy.java:addNew(89)) - 0f6886e7-2fba-419e-9eb8-1424d397aa24: addNew group-F9E9801DD5C3:[0f6886e7-2fba-419e-9eb8-1424d397aa24:192.168.157.233:36356] returns group-F9E9801DD5C3:java.util.concurrent.CompletableFuture@4b7cf1fc[Not completed]
2019-09-16 16:12:12,666 [pool-559-thread-1] INFO  impl.RaftServerImpl (RaftServerImpl.java:<init>(95)) - 0f6886e7-2fba-419e-9eb8-1424d397aa24: new RaftServerImpl for group-F9E9801DD5C3:[0f6886e7-2fba-419e-9eb8-1424d397aa24:192.168.157.233:36356] with ContainerStateMachine:uninitialized
2019-09-16 16:12:12,666 [pool-559-thread-1] INFO  server.RaftServerConfigKeys (ConfUtils.java:logGet(43)) - raft.server.rpc.timeout.min = 5s (custom)
2019-09-16 16:12:12,669 [pool-559-thread-1] INFO  server.RaftServerConfigKeys (ConfUtils.java:logGet(43)) - raft.server.rpc.timeout.max = 5200ms (custom)
2019-09-16 16:12:12,669 [pool-559-thread-1] INFO  server.RaftServerConfigKeys (ConfUtils.java:logGet(43)) - raft.server.rpcslowness.timeout = 120s (custom)
2019-09-16 16:12:12,669 [pool-559-thread-1] INFO  server.RaftServerConfigKeys (ConfUtils.java:logGet(43)) - raft.server.sleep.deviation.threshold = 300 (default)
2019-09-16 16:12:12,669 [pool-559-thread-1] INFO  server.RaftServerConfigKeys (ConfUtils.java:logGet(43)) - raft.server.log.appender.install.snapshot.enabled = false (custom)
2019-09-16 16:12:12,669 [pool-559-thread-1] INFO  impl.RaftServerImpl (ServerState.java:<init>(103)) - 0f6886e7-2fba-419e-9eb8-1424d397aa24@group-F9E9801DD5C3: ConfigurationManager, init=-1: [0f6886e7-2fba-419e-9eb8-1424d397aa24:192.168.157.233:36356], old=null, confs=<EMPTY_MAP>
2019-09-16 16:12:12,669 [pool-559-thread-1] INFO  server.RaftServerConfigKeys (ConfUtils.java:logGet(43)) - raft.server.storage.dir = [/workdir/hadoop-ozone/integration-test/target/test-dir/MiniOzoneClusterImpl-e8aa87c8-ea32-4e45-b939-9d01c2f9b91f/datanode-6/data/ratis] (custom)
2019-09-16 16:12:12,670 [pool-559-thread-1] INFO  storage.RaftStorageDirectory (RaftStorageDirectory.java:analyzeStorage(246)) - The storage directory /workdir/hadoop-ozone/integration-test/target/test-dir/MiniOzoneClusterImpl-e8aa87c8-ea32-4e45-b939-9d01c2f9b91f/datanode-6/data/ratis/ff7019db-20e8-4260-8f53-f9e9801dd5c3 does not exist. Creating ...
2019-09-16 16:12:12,682 [pool-559-thread-1] INFO  storage.RaftStorageDirectory (RaftStorageDirectory.java:tryLock(328)) - Lock on /workdir/hadoop-ozone/integration-test/target/test-dir/MiniOzoneClusterImpl-e8aa87c8-ea32-4e45-b939-9d01c2f9b91f/datanode-6/data/ratis/ff7019db-20e8-4260-8f53-f9e9801dd5c3/in_use.lock acquired by nodename 7216@pr-hdds-2120-x62sn-1884063469
2019-09-16 16:12:12,695 [pool-559-thread-1] INFO  storage.RaftStorage (RaftStorage.java:format(72)) - Storage directory /workdir/hadoop-ozone/integration-test/target/test-dir/MiniOzoneClusterImpl-e8aa87c8-ea32-4e45-b939-9d01c2f9b91f/datanode-6/data/ratis/ff7019db-20e8-4260-8f53-f9e9801dd5c3 has been successfully formatted.
2019-09-16 16:12:12,695 [pool-559-thread-1] INFO  ratis.ContainerStateMachine (ContainerStateMachine.java:loadSnapshot(230)) - group-F9E9801DD5C3: The snapshot info is null. Setting the last applied indexto:(t:0, i:~)
2019-09-16 16:12:12,695 [pool-559-thread-1] INFO  server.RaftServerConfigKeys (ConfUtils.java:logGet(43)) - raft.server.notification.no-leader.timeout = 120s (custom)
2019-09-16 16:12:12,695 [pool-559-thread-1] INFO  server.RaftServerConfigKeys (ConfUtils.java:logGet(43)) - raft.server.log.use.memory = false (default)
2019-09-16 16:12:12,696 [pool-559-thread-1] INFO  server.RaftServerConfigKeys (ConfUtils.java:logGet(43)) - raft.server.log.purge.gap = 1000000 (custom)
2019-09-16 16:12:12,696 [pool-559-thread-1] INFO  server.RaftServerConfigKeys (ConfUtils.java:logGet(43)) - raft.server.log.appender.buffer.byte-limit = 33554432 (custom)
2019-09-16 16:12:12,696 [pool-559-thread-1] INFO  server.RaftServerConfigKeys (ConfUtils.java:logGet(43)) - raft.server.log.segment.size.max = 1048576 (custom)
2019-09-16 16:12:12,696 [pool-559-thread-1] INFO  server.RaftServerConfigKeys (ConfUtils.java:logGet(43)) - raft.server.log.segment.cache.num.max = 2 (custom)
2019-09-16 16:12:12,696 [pool-559-thread-1] INFO  segmented.SegmentedRaftLogWorker (SegmentedRaftLogWorker.java:<init>(172)) - new 0f6886e7-2fba-419e-9eb8-1424d397aa24@group-F9E9801DD5C3-SegmentedRaftLogWorker for RaftStorage:Storage Directory /workdir/hadoop-ozone/integration-test/target/test-dir/MiniOzoneClusterImpl-e8aa87c8-ea32-4e45-b939-9d01c2f9b91f/datanode-6/data/ratis/ff7019db-20e8-4260-8f53-f9e9801dd5c3
2019-09-16 16:12:12,697 [pool-559-thread-1] INFO  server.RaftServerConfigKeys (ConfUtils.java:logGet(43)) - raft.server.log.queue.byte-limit = 2147483647 (custom)
2019-09-16 16:12:12,698 [pool-559-thread-1] INFO  server.RaftServerConfigKeys (ConfUtils.java:logGet(43)) - raft.server.log.queue.element-limit = 1024 (custom)
2019-09-16 16:12:12,698 [pool-559-thread-1] INFO  server.RaftServerConfigKeys (ConfUtils.java:logGet(43)) - raft.server.log.segment.size.max = 1048576 (custom)
2019-09-16 16:12:12,698 [pool-559-thread-1] INFO  server.RaftServerConfigKeys (ConfUtils.java:logGet(43)) - raft.server.log.preallocated.size = 16384 (custom)
2019-09-16 16:12:12,698 [pool-559-thread-1] INFO  server.RaftServerConfigKeys (ConfUtils.java:logGet(43)) - raft.server.log.write.buffer.size = 33554432 (custom)
2019-09-16 16:12:12,698 [pool-559-thread-1] INFO  server.RaftServerConfigKeys (ConfUtils.java:logGet(43)) - raft.server.log.force.sync.num = 128 (default)
2019-09-16 16:12:12,698 [pool-559-thread-1] INFO  server.RaftServerConfigKeys (ConfUtils.java:logGet(43)) - raft.server.log.statemachine.data.sync = true (default)
2019-09-16 16:12:12,698 [pool-559-thread-1] INFO  server.RaftServerConfigKeys (ConfUtils.java:logGet(43)) - raft.server.log.statemachine.data.sync.timeout = 10s (default)
2019-09-16 16:12:12,698 [pool-559-thread-1] INFO  server.RaftServerConfigKeys (ConfUtils.java:logGet(43)) - raft.server.log.statemachine.data.sync.timeout.retry = -1 (default)
2019-09-16 16:12:12,699 [pool-559-thread-1] INFO  server.RaftServerConfigKeys (ConfUtils.java:logGet(43)) - raft.server.log.statemachine.data.caching.enabled = true (custom)
2019-09-16 16:12:12,699 [pool-559-thread-1] INFO  segmented.SegmentedRaftLogWorker (SegmentedRaftLogWorker.java:lambda$new$0(132)) - 0f6886e7-2fba-419e-9eb8-1424d397aa24@group-F9E9801DD5C3-SegmentedRaftLogWorker: flushIndex: setUnconditionally 0 -> -1
2019-09-16 16:12:12,699 [pool-559-thread-1] INFO  server.RaftServerConfigKeys (ConfUtils.java:logGet(43)) - raft.server.snapshot.auto.trigger.enabled = true (custom)
2019-09-16 16:12:12,699 [pool-559-thread-1] INFO  server.RaftServerConfigKeys (ConfUtils.java:logGet(43)) - raft.server.snapshot.auto.trigger.threshold = 10000 (custom)
2019-09-16 16:12:12,699 [pool-559-thread-1] INFO  server.RaftServerConfigKeys (ConfUtils.java:logGet(43)) - raft.server.snapshot.retention.num.files = -1 (default)
2019-09-16 16:12:12,699 [pool-559-thread-1] INFO  server.RaftServerConfigKeys (ConfUtils.java:logGet(43)) - raft.server.retrycache.expirytime = 600000ms (custom)
2019-09-16 16:12:12,701 [pool-559-thread-1] INFO  impl.RaftServerImpl (RaftServerImpl.java:start(185)) - 0f6886e7-2fba-419e-9eb8-1424d397aa24@group-F9E9801DD5C3: start as a follower, conf=-1: [0f6886e7-2fba-419e-9eb8-1424d397aa24:192.168.157.233:36356], old=null
2019-09-16 16:12:12,701 [pool-559-thread-1] INFO  impl.RaftServerImpl (RaftServerImpl.java:setRole(174)) - 0f6886e7-2fba-419e-9eb8-1424d397aa24@group-F9E9801DD5C3: changes role from      null to FOLLOWER at term 0 for startAsFollower
2019-09-16 16:12:12,701 [pool-559-thread-1] INFO  impl.RoleInfo (RoleInfo.java:updateAndGet(143)) - 0f6886e7-2fba-419e-9eb8-1424d397aa24: start FollowerState
2019-09-16 16:12:12,701 [pool-559-thread-1] INFO  util.JmxRegister (JmxRegister.java:tryRegister(44)) - Successfully registered JMX Bean with object name Ratis:service=RaftServer,group=group-F9E9801DD5C3,id=0f6886e7-2fba-419e-9eb8-1424d397aa24
2019-09-16 16:12:12,703 [RatisPipelineUtilsThread] INFO  pipeline.PipelineStateManager (PipelineStateManager.java:addPipeline(56)) - Created pipeline Pipeline[ Id: ff7019db-20e8-4260-8f53-f9e9801dd5c3, Nodes: 0f6886e7-2fba-419e-9eb8-1424d397aa24{ip: 192.168.157.233, host: pr-hdds-2120-x62sn-1884063469, networkLocation: /default-rack, certSerialId: null}, Type:RATIS, Factor:ONE, State:OPEN]
2019-09-16 16:12:12,715 [grpc-default-executor-9] INFO  impl.RaftServerProxy (RaftServerProxy.java:addNew(89)) - 0f6886e7-2fba-419e-9eb8-1424d397aa24: addNew group-75FA9E35F394:[0f6886e7-2fba-419e-9eb8-1424d397aa24:192.168.157.233:36356, c1ed4a45-b557-456c-8fa1-562ac4336c62:192.168.157.233:45625, 247be69b-caa1-4ba0-a842-b83920b502da:192.168.157.233:45631] returns group-75FA9E35F394:java.util.concurrent.CompletableFuture@4c53707[Not completed]
2019-09-16 16:12:12,717 [grpc-default-executor-2] INFO  impl.RaftServerProxy (RaftServerProxy.java:addNew(89)) - c1ed4a45-b557-456c-8fa1-562ac4336c62: addNew group-75FA9E35F394:[0f6886e7-2fba-419e-9eb8-1424d397aa24:192.168.157.233:36356, c1ed4a45-b557-456c-8fa1-562ac4336c62:192.168.157.233:45625, 247be69b-caa1-4ba0-a842-b83920b502da:192.168.157.233:45631] returns group-75FA9E35F394:java.util.concurrent.CompletableFuture@21dfa709[Not completed]
2019-09-16 16:12:12,715 [grpc-default-executor-8] INFO  impl.RaftServerProxy (RaftServerProxy.java:addNew(89)) - 247be69b-caa1-4ba0-a842-b83920b502da: addNew group-75FA9E35F394:[0f6886e7-2fba-419e-9eb8-1424d397aa24:192.168.157.233:36356, c1ed4a45-b557-456c-8fa1-562ac4336c62:192.168.157.233:45625, 247be69b-caa1-4ba0-a842-b83920b502da:192.168.157.233:45631] returns group-75FA9E35F394:java.util.concurrent.CompletableFuture@7f276b5e[Not completed]
2019-09-16 16:12:12,718 [pool-549-thread-1] INFO  impl.RaftServerImpl (RaftServerImpl.java:<init>(95)) - 247be69b-caa1-4ba0-a842-b83920b502da: new RaftServerImpl for group-75FA9E35F394:[0f6886e7-2fba-419e-9eb8-1424d397aa24:192.168.157.233:36356, c1ed4a45-b557-456c-8fa1-562ac4336c62:192.168.157.233:45625, 247be69b-caa1-4ba0-a842-b83920b502da:192.168.157.233:45631] with ContainerStateMachine:uninitialized
2019-09-16 16:12:12,718 [pool-549-thread-1] INFO  server.RaftServerConfigKeys (ConfUtils.java:logGet(43)) - raft.server.rpc.timeout.min = 5s (custom)
2019-09-16 16:12:12,718 [pool-559-thread-1] INFO  impl.RaftServerImpl (RaftServerImpl.java:<init>(95)) - 0f6886e7-2fba-419e-9eb8-1424d397aa24: new RaftServerImpl for group-75FA9E35F394:[0f6886e7-2fba-419e-9eb8-1424d397aa24:192.168.157.233:36356, c1ed4a45-b557-456c-8fa1-562ac4336c62:192.168.157.233:45625, 247be69b-caa1-4ba0-a842-b83920b502da:192.168.157.233:45631] with ContainerStateMachine:uninitialized
2019-09-16 16:12:12,718 [pool-549-thread-1] INFO  server.RaftServerConfigKeys (ConfUtils.java:logGet(43)) - raft.server.rpc.timeout.max = 5200ms (custom)
2019-09-16 16:12:12,718 [pool-559-thread-1] INFO  server.RaftServerConfigKeys (ConfUtils.java:logGet(43)) - raft.server.rpc.timeout.min = 5s (custom)
2019-09-16 16:12:12,718 [pool-549-thread-1] INFO  server.RaftServerConfigKeys (ConfUtils.java:logGet(43)) - raft.server.rpcslowness.timeout = 120s (custom)
2019-09-16 16:12:12,718 [pool-539-thread-1] INFO  impl.RaftServerImpl (RaftServerImpl.java:<init>(95)) - c1ed4a45-b557-456c-8fa1-562ac4336c62: new RaftServerImpl for group-75FA9E35F394:[0f6886e7-2fba-419e-9eb8-1424d397aa24:192.168.157.233:36356, c1ed4a45-b557-456c-8fa1-562ac4336c62:192.168.157.233:45625, 247be69b-caa1-4ba0-a842-b83920b502da:192.168.157.233:45631] with ContainerStateMachine:uninitialized
2019-09-16 16:12:12,718 [pool-559-thread-1] INFO  server.RaftServerConfigKeys (ConfUtils.java:logGet(43)) - raft.server.rpc.timeout.max = 5200ms (custom)
2019-09-16 16:12:12,719 [pool-539-thread-1] INFO  server.RaftServerConfigKeys (ConfUtils.java:logGet(43)) - raft.server.rpc.timeout.min = 5s (custom)
2019-09-16 16:12:12,718 [pool-549-thread-1] INFO  server.RaftServerConfigKeys (ConfUtils.java:logGet(43)) - raft.server.sleep.deviation.threshold = 300 (default)
2019-09-16 16:12:12,719 [pool-539-thread-1] INFO  server.RaftServerConfigKeys (ConfUtils.java:logGet(43)) - raft.server.rpc.timeout.max = 5200ms (custom)
2019-09-16 16:12:12,719 [pool-559-thread-1] INFO  server.RaftServerConfigKeys (ConfUtils.java:logGet(43)) - raft.server.rpcslowness.timeout = 120s (custom)
2019-09-16 16:12:12,719 [pool-539-thread-1] INFO  server.RaftServerConfigKeys (ConfUtils.java:logGet(43)) - raft.server.rpcslowness.timeout = 120s (custom)
2019-09-16 16:12:12,719 [pool-549-thread-1] INFO  server.RaftServerConfigKeys (ConfUtils.java:logGet(43)) - raft.server.log.appender.install.snapshot.enabled = false (custom)
2019-09-16 16:12:12,719 [pool-539-thread-1] INFO  server.RaftServerConfigKeys (ConfUtils.java:logGet(43)) - raft.server.sleep.deviation.threshold = 300 (default)
2019-09-16 16:12:12,719 [pool-559-thread-1] INFO  server.RaftServerConfigKeys (ConfUtils.java:logGet(43)) - raft.server.sleep.deviation.threshold = 300 (default)
2019-09-16 16:12:12,719 [pool-539-thread-1] INFO  server.RaftServerConfigKeys (ConfUtils.java:logGet(43)) - raft.server.log.appender.install.snapshot.enabled = false (custom)
2019-09-16 16:12:12,719 [pool-549-thread-1] INFO  impl.RaftServerImpl (ServerState.java:<init>(103)) - 247be69b-caa1-4ba0-a842-b83920b502da@group-75FA9E35F394: ConfigurationManager, init=-1: [0f6886e7-2fba-419e-9eb8-1424d397aa24:192.168.157.233:36356, c1ed4a45-b557-456c-8fa1-562ac4336c62:192.168.157.233:45625, 247be69b-caa1-4ba0-a842-b83920b502da:192.168.157.233:45631], old=null, confs=<EMPTY_MAP>
2019-09-16 16:12:12,720 [pool-539-thread-1] INFO  impl.RaftServerImpl (ServerState.java:<init>(103)) - c1ed4a45-b557-456c-8fa1-562ac4336c62@group-75FA9E35F394: ConfigurationManager, init=-1: [0f6886e7-2fba-419e-9eb8-1424d397aa24:192.168.157.233:36356, c1ed4a45-b557-456c-8fa1-562ac4336c62:192.168.157.233:45625, 247be69b-caa1-4ba0-a842-b83920b502da:192.168.157.233:45631], old=null, confs=<EMPTY_MAP>
2019-09-16 16:12:12,719 [pool-559-thread-1] INFO  server.RaftServerConfigKeys (ConfUtils.java:logGet(43)) - raft.server.log.appender.install.snapshot.enabled = false (custom)
2019-09-16 16:12:12,720 [pool-539-thread-1] INFO  server.RaftServerConfigKeys (ConfUtils.java:logGet(43)) - raft.server.storage.dir = [/workdir/hadoop-ozone/integration-test/target/test-dir/MiniOzoneClusterImpl-e8aa87c8-ea32-4e45-b939-9d01c2f9b91f/datanode-4/data/ratis] (custom)
2019-09-16 16:12:12,720 [pool-559-thread-1] INFO  impl.RaftServerImpl (ServerState.java:<init>(103)) - 0f6886e7-2fba-419e-9eb8-1424d397aa24@group-75FA9E35F394: ConfigurationManager, init=-1: [0f6886e7-2fba-419e-9eb8-1424d397aa24:192.168.157.233:36356, c1ed4a45-b557-456c-8fa1-562ac4336c62:192.168.157.233:45625, 247be69b-caa1-4ba0-a842-b83920b502da:192.168.157.233:45631], old=null, confs=<EMPTY_MAP>
2019-09-16 16:12:12,720 [pool-549-thread-1] INFO  server.RaftServerConfigKeys (ConfUtils.java:logGet(43)) - raft.server.storage.dir = [/workdir/hadoop-ozone/integration-test/target/test-dir/MiniOzoneClusterImpl-e8aa87c8-ea32-4e45-b939-9d01c2f9b91f/datanode-5/data/ratis] (custom)
2019-09-16 16:12:12,720 [pool-539-thread-1] INFO  storage.RaftStorageDirectory (RaftStorageDirectory.java:analyzeStorage(246)) - The storage directory /workdir/hadoop-ozone/integration-test/target/test-dir/MiniOzoneClusterImpl-e8aa87c8-ea32-4e45-b939-9d01c2f9b91f/datanode-4/data/ratis/4e871105-90d7-4b9b-90bd-75fa9e35f394 does not exist. Creating ...
2019-09-16 16:12:12,720 [pool-559-thread-1] INFO  server.RaftServerConfigKeys (ConfUtils.java:logGet(43)) - raft.server.storage.dir = [/workdir/hadoop-ozone/integration-test/target/test-dir/MiniOzoneClusterImpl-e8aa87c8-ea32-4e45-b939-9d01c2f9b91f/datanode-6/data/ratis] (custom)
2019-09-16 16:12:12,720 [pool-549-thread-1] INFO  storage.RaftStorageDirectory (RaftStorageDirectory.java:analyzeStorage(246)) - The storage directory /workdir/hadoop-ozone/integration-test/target/test-dir/MiniOzoneClusterImpl-e8aa87c8-ea32-4e45-b939-9d01c2f9b91f/datanode-5/data/ratis/4e871105-90d7-4b9b-90bd-75fa9e35f394 does not exist. Creating ...
2019-09-16 16:12:12,721 [pool-559-thread-1] INFO  storage.RaftStorageDirectory (RaftStorageDirectory.java:analyzeStorage(246)) - The storage directory /workdir/hadoop-ozone/integration-test/target/test-dir/MiniOzoneClusterImpl-e8aa87c8-ea32-4e45-b939-9d01c2f9b91f/datanode-6/data/ratis/4e871105-90d7-4b9b-90bd-75fa9e35f394 does not exist. Creating ...
2019-09-16 16:12:12,734 [pool-559-thread-1] INFO  storage.RaftStorageDirectory (RaftStorageDirectory.java:tryLock(328)) - Lock on /workdir/hadoop-ozone/integration-test/target/test-dir/MiniOzoneClusterImpl-e8aa87c8-ea32-4e45-b939-9d01c2f9b91f/datanode-6/data/ratis/4e871105-90d7-4b9b-90bd-75fa9e35f394/in_use.lock acquired by nodename 7216@pr-hdds-2120-x62sn-1884063469
2019-09-16 16:12:12,734 [pool-539-thread-1] INFO  storage.RaftStorageDirectory (RaftStorageDirectory.java:tryLock(328)) - Lock on /workdir/hadoop-ozone/integration-test/target/test-dir/MiniOzoneClusterImpl-e8aa87c8-ea32-4e45-b939-9d01c2f9b91f/datanode-4/data/ratis/4e871105-90d7-4b9b-90bd-75fa9e35f394/in_use.lock acquired by nodename 7216@pr-hdds-2120-x62sn-1884063469
2019-09-16 16:12:12,734 [pool-549-thread-1] INFO  storage.RaftStorageDirectory (RaftStorageDirectory.java:tryLock(328)) - Lock on /workdir/hadoop-ozone/integration-test/target/test-dir/MiniOzoneClusterImpl-e8aa87c8-ea32-4e45-b939-9d01c2f9b91f/datanode-5/data/ratis/4e871105-90d7-4b9b-90bd-75fa9e35f394/in_use.lock acquired by nodename 7216@pr-hdds-2120-x62sn-1884063469
2019-09-16 16:12:12,747 [pool-549-thread-1] INFO  storage.RaftStorage (RaftStorage.java:format(72)) - Storage directory /workdir/hadoop-ozone/integration-test/target/test-dir/MiniOzoneClusterImpl-e8aa87c8-ea32-4e45-b939-9d01c2f9b91f/datanode-5/data/ratis/4e871105-90d7-4b9b-90bd-75fa9e35f394 has been successfully formatted.
2019-09-16 16:12:12,747 [pool-539-thread-1] INFO  storage.RaftStorage (RaftStorage.java:format(72)) - Storage directory /workdir/hadoop-ozone/integration-test/target/test-dir/MiniOzoneClusterImpl-e8aa87c8-ea32-4e45-b939-9d01c2f9b91f/datanode-4/data/ratis/4e871105-90d7-4b9b-90bd-75fa9e35f394 has been successfully formatted.
2019-09-16 16:12:12,747 [pool-559-thread-1] INFO  storage.RaftStorage (RaftStorage.java:format(72)) - Storage directory /workdir/hadoop-ozone/integration-test/target/test-dir/MiniOzoneClusterImpl-e8aa87c8-ea32-4e45-b939-9d01c2f9b91f/datanode-6/data/ratis/4e871105-90d7-4b9b-90bd-75fa9e35f394 has been successfully formatted.
2019-09-16 16:12:12,747 [pool-549-thread-1] INFO  ratis.ContainerStateMachine (ContainerStateMachine.java:loadSnapshot(230)) - group-75FA9E35F394: The snapshot info is null. Setting the last applied indexto:(t:0, i:~)
2019-09-16 16:12:12,748 [pool-559-thread-1] INFO  ratis.ContainerStateMachine (ContainerStateMachine.java:loadSnapshot(230)) - group-75FA9E35F394: The snapshot info is null. Setting the last applied indexto:(t:0, i:~)
2019-09-16 16:12:12,748 [pool-539-thread-1] INFO  ratis.ContainerStateMachine (ContainerStateMachine.java:loadSnapshot(230)) - group-75FA9E35F394: The snapshot info is null. Setting the last applied indexto:(t:0, i:~)
2019-09-16 16:12:12,748 [pool-559-thread-1] INFO  server.RaftServerConfigKeys (ConfUtils.java:logGet(43)) - raft.server.notification.no-leader.timeout = 120s (custom)
2019-09-16 16:12:12,748 [pool-549-thread-1] INFO  server.RaftServerConfigKeys (ConfUtils.java:logGet(43)) - raft.server.notification.no-leader.timeout = 120s (custom)
2019-09-16 16:12:12,748 [pool-559-thread-1] INFO  server.RaftServerConfigKeys (ConfUtils.java:logGet(43)) - raft.server.log.use.memory = false (default)
2019-09-16 16:12:12,748 [pool-539-thread-1] INFO  server.RaftServerConfigKeys (ConfUtils.java:logGet(43)) - raft.server.notification.no-leader.timeout = 120s (custom)
2019-09-16 16:12:12,748 [pool-559-thread-1] INFO  server.RaftServerConfigKeys (ConfUtils.java:logGet(43)) - raft.server.log.purge.gap = 1000000 (custom)
2019-09-16 16:12:12,748 [pool-549-thread-1] INFO  server.RaftServerConfigKeys (ConfUtils.java:logGet(43)) - raft.server.log.use.memory = false (default)
2019-09-16 16:12:12,748 [pool-559-thread-1] INFO  server.RaftServerConfigKeys (ConfUtils.java:logGet(43)) - raft.server.log.appender.buffer.byte-limit = 33554432 (custom)
2019-09-16 16:12:12,748 [pool-539-thread-1] INFO  server.RaftServerConfigKeys (ConfUtils.java:logGet(43)) - raft.server.log.use.memory = false (default)
2019-09-16 16:12:12,748 [pool-559-thread-1] INFO  server.RaftServerConfigKeys (ConfUtils.java:logGet(43)) - raft.server.log.segment.size.max = 1048576 (custom)
2019-09-16 16:12:12,748 [pool-549-thread-1] INFO  server.RaftServerConfigKeys (ConfUtils.java:logGet(43)) - raft.server.log.purge.gap = 1000000 (custom)
2019-09-16 16:12:12,749 [pool-559-thread-1] INFO  server.RaftServerConfigKeys (ConfUtils.java:logGet(43)) - raft.server.log.segment.cache.num.max = 2 (custom)
2019-09-16 16:12:12,748 [pool-539-thread-1] INFO  server.RaftServerConfigKeys (ConfUtils.java:logGet(43)) - raft.server.log.purge.gap = 1000000 (custom)
2019-09-16 16:12:12,749 [pool-559-thread-1] INFO  segmented.SegmentedRaftLogWorker (SegmentedRaftLogWorker.java:<init>(172)) - new 0f6886e7-2fba-419e-9eb8-1424d397aa24@group-75FA9E35F394-SegmentedRaftLogWorker for RaftStorage:Storage Directory /workdir/hadoop-ozone/integration-test/target/test-dir/MiniOzoneClusterImpl-e8aa87c8-ea32-4e45-b939-9d01c2f9b91f/datanode-6/data/ratis/4e871105-90d7-4b9b-90bd-75fa9e35f394
2019-09-16 16:12:12,749 [pool-549-thread-1] INFO  server.RaftServerConfigKeys (ConfUtils.java:logGet(43)) - raft.server.log.appender.buffer.byte-limit = 33554432 (custom)
2019-09-16 16:12:12,749 [pool-559-thread-1] INFO  server.RaftServerConfigKeys (ConfUtils.java:logGet(43)) - raft.server.log.queue.byte-limit = 2147483647 (custom)
2019-09-16 16:12:12,749 [pool-539-thread-1] INFO  server.RaftServerConfigKeys (ConfUtils.java:logGet(43)) - raft.server.log.appender.buffer.byte-limit = 33554432 (custom)
2019-09-16 16:12:12,749 [pool-559-thread-1] INFO  server.RaftServerConfigKeys (ConfUtils.java:logGet(43)) - raft.server.log.queue.element-limit = 1024 (custom)
2019-09-16 16:12:12,749 [pool-549-thread-1] INFO  server.RaftServerConfigKeys (ConfUtils.java:logGet(43)) - raft.server.log.segment.size.max = 1048576 (custom)
2019-09-16 16:12:12,749 [pool-559-thread-1] INFO  server.RaftServerConfigKeys (ConfUtils.java:logGet(43)) - raft.server.log.segment.size.max = 1048576 (custom)
2019-09-16 16:12:12,749 [pool-539-thread-1] INFO  server.RaftServerConfigKeys (ConfUtils.java:logGet(43)) - raft.server.log.segment.size.max = 1048576 (custom)
2019-09-16 16:12:12,749 [pool-559-thread-1] INFO  server.RaftServerConfigKeys (ConfUtils.java:logGet(43)) - raft.server.log.preallocated.size = 16384 (custom)
2019-09-16 16:12:12,749 [pool-549-thread-1] INFO  server.RaftServerConfigKeys (ConfUtils.java:logGet(43)) - raft.server.log.segment.cache.num.max = 2 (custom)
2019-09-16 16:12:12,750 [pool-559-thread-1] INFO  server.RaftServerConfigKeys (ConfUtils.java:logGet(43)) - raft.server.log.write.buffer.size = 33554432 (custom)
2019-09-16 16:12:12,750 [pool-539-thread-1] INFO  server.RaftServerConfigKeys (ConfUtils.java:logGet(43)) - raft.server.log.segment.cache.num.max = 2 (custom)
2019-09-16 16:12:12,750 [pool-559-thread-1] INFO  server.RaftServerConfigKeys (ConfUtils.java:logGet(43)) - raft.server.log.force.sync.num = 128 (default)
2019-09-16 16:12:12,750 [pool-549-thread-1] INFO  segmented.SegmentedRaftLogWorker (SegmentedRaftLogWorker.java:<init>(172)) - new 247be69b-caa1-4ba0-a842-b83920b502da@group-75FA9E35F394-SegmentedRaftLogWorker for RaftStorage:Storage Directory /workdir/hadoop-ozone/integration-test/target/test-dir/MiniOzoneClusterImpl-e8aa87c8-ea32-4e45-b939-9d01c2f9b91f/datanode-5/data/ratis/4e871105-90d7-4b9b-90bd-75fa9e35f394
2019-09-16 16:12:12,750 [pool-559-thread-1] INFO  server.RaftServerConfigKeys (ConfUtils.java:logGet(43)) - raft.server.log.statemachine.data.sync = true (default)
2019-09-16 16:12:12,750 [pool-539-thread-1] INFO  segmented.SegmentedRaftLogWorker (SegmentedRaftLogWorker.java:<init>(172)) - new c1ed4a45-b557-456c-8fa1-562ac4336c62@group-75FA9E35F394-SegmentedRaftLogWorker for RaftStorage:Storage Directory /workdir/hadoop-ozone/integration-test/target/test-dir/MiniOzoneClusterImpl-e8aa87c8-ea32-4e45-b939-9d01c2f9b91f/datanode-4/data/ratis/4e871105-90d7-4b9b-90bd-75fa9e35f394
2019-09-16 16:12:12,750 [pool-559-thread-1] INFO  server.RaftServerConfigKeys (ConfUtils.java:logGet(43)) - raft.server.log.statemachine.data.sync.timeout = 10s (default)
2019-09-16 16:12:12,750 [pool-549-thread-1] INFO  server.RaftServerConfigKeys (ConfUtils.java:logGet(43)) - raft.server.log.queue.byte-limit = 2147483647 (custom)
2019-09-16 16:12:12,750 [pool-559-thread-1] INFO  server.RaftServerConfigKeys (ConfUtils.java:logGet(43)) - raft.server.log.statemachine.data.sync.timeout.retry = -1 (default)
2019-09-16 16:12:12,750 [pool-539-thread-1] INFO  server.RaftServerConfigKeys (ConfUtils.java:logGet(43)) - raft.server.log.queue.byte-limit = 2147483647 (custom)
2019-09-16 16:12:12,751 [pool-559-thread-1] INFO  server.RaftServerConfigKeys (ConfUtils.java:logGet(43)) - raft.server.log.statemachine.data.caching.enabled = true (custom)
2019-09-16 16:12:12,750 [pool-549-thread-1] INFO  server.RaftServerConfigKeys (ConfUtils.java:logGet(43)) - raft.server.log.queue.element-limit = 1024 (custom)
2019-09-16 16:12:12,751 [pool-539-thread-1] INFO  server.RaftServerConfigKeys (ConfUtils.java:logGet(43)) - raft.server.log.queue.element-limit = 1024 (custom)
2019-09-16 16:12:12,751 [pool-559-thread-1] INFO  segmented.SegmentedRaftLogWorker (SegmentedRaftLogWorker.java:lambda$new$0(132)) - 0f6886e7-2fba-419e-9eb8-1424d397aa24@group-75FA9E35F394-SegmentedRaftLogWorker: flushIndex: setUnconditionally 0 -> -1
2019-09-16 16:12:12,751 [pool-549-thread-1] INFO  server.RaftServerConfigKeys (ConfUtils.java:logGet(43)) - raft.server.log.segment.size.max = 1048576 (custom)
2019-09-16 16:12:12,751 [pool-539-thread-1] INFO  server.RaftServerConfigKeys (ConfUtils.java:logGet(43)) - raft.server.log.segment.size.max = 1048576 (custom)
2019-09-16 16:12:12,751 [pool-559-thread-1] INFO  server.RaftServerConfigKeys (ConfUtils.java:logGet(43)) - raft.server.snapshot.auto.trigger.enabled = true (custom)
2019-09-16 16:12:12,751 [pool-549-thread-1] INFO  server.RaftServerConfigKeys (ConfUtils.java:logGet(43)) - raft.server.log.preallocated.size = 16384 (custom)
2019-09-16 16:12:12,751 [pool-559-thread-1] INFO  server.RaftServerConfigKeys (ConfUtils.java:logGet(43)) - raft.server.snapshot.auto.trigger.threshold = 10000 (custom)
2019-09-16 16:12:12,751 [pool-539-thread-1] INFO  server.RaftServerConfigKeys (ConfUtils.java:logGet(43)) - raft.server.log.preallocated.size = 16384 (custom)
2019-09-16 16:12:12,751 [pool-559-thread-1] INFO  server.RaftServerConfigKeys (ConfUtils.java:logGet(43)) - raft.server.snapshot.retention.num.files = -1 (default)
2019-09-16 16:12:12,751 [pool-549-thread-1] INFO  server.RaftServerConfigKeys (ConfUtils.java:logGet(43)) - raft.server.log.write.buffer.size = 33554432 (custom)
2019-09-16 16:12:12,752 [pool-559-thread-1] INFO  server.RaftServerConfigKeys (ConfUtils.java:logGet(43)) - raft.server.retrycache.expirytime = 600000ms (custom)
2019-09-16 16:12:12,751 [pool-539-thread-1] INFO  server.RaftServerConfigKeys (ConfUtils.java:logGet(43)) - raft.server.log.write.buffer.size = 33554432 (custom)
2019-09-16 16:12:12,752 [pool-549-thread-1] INFO  server.RaftServerConfigKeys (ConfUtils.java:logGet(43)) - raft.server.log.force.sync.num = 128 (default)
2019-09-16 16:12:12,752 [pool-539-thread-1] INFO  server.RaftServerConfigKeys (ConfUtils.java:logGet(43)) - raft.server.log.force.sync.num = 128 (default)
2019-09-16 16:12:12,752 [pool-549-thread-1] INFO  server.RaftServerConfigKeys (ConfUtils.java:logGet(43)) - raft.server.log.statemachine.data.sync = true (default)
2019-09-16 16:12:12,752 [pool-539-thread-1] INFO  server.RaftServerConfigKeys (ConfUtils.java:logGet(43)) - raft.server.log.statemachine.data.sync = true (default)
2019-09-16 16:12:12,752 [pool-549-thread-1] INFO  server.RaftServerConfigKeys (ConfUtils.java:logGet(43)) - raft.server.log.statemachine.data.sync.timeout = 10s (default)
2019-09-16 16:12:12,752 [pool-539-thread-1] INFO  server.RaftServerConfigKeys (ConfUtils.java:logGet(43)) - raft.server.log.statemachine.data.sync.timeout = 10s (default)
2019-09-16 16:12:12,752 [pool-549-thread-1] INFO  server.RaftServerConfigKeys (ConfUtils.java:logGet(43)) - raft.server.log.statemachine.data.sync.timeout.retry = -1 (default)
2019-09-16 16:12:12,752 [pool-539-thread-1] INFO  server.RaftServerConfigKeys (ConfUtils.java:logGet(43)) - raft.server.log.statemachine.data.sync.timeout.retry = -1 (default)
2019-09-16 16:12:12,752 [pool-549-thread-1] INFO  server.RaftServerConfigKeys (ConfUtils.java:logGet(43)) - raft.server.log.statemachine.data.caching.enabled = true (custom)
2019-09-16 16:12:12,753 [pool-539-thread-1] INFO  server.RaftServerConfigKeys (ConfUtils.java:logGet(43)) - raft.server.log.statemachine.data.caching.enabled = true (custom)
2019-09-16 16:12:12,753 [pool-549-thread-1] INFO  segmented.SegmentedRaftLogWorker (SegmentedRaftLogWorker.java:lambda$new$0(132)) - 247be69b-caa1-4ba0-a842-b83920b502da@group-75FA9E35F394-SegmentedRaftLogWorker: flushIndex: setUnconditionally 0 -> -1
2019-09-16 16:12:12,753 [pool-539-thread-1] INFO  segmented.SegmentedRaftLogWorker (SegmentedRaftLogWorker.java:lambda$new$0(132)) - c1ed4a45-b557-456c-8fa1-562ac4336c62@group-75FA9E35F394-SegmentedRaftLogWorker: flushIndex: setUnconditionally 0 -> -1
2019-09-16 16:12:12,753 [pool-549-thread-1] INFO  server.RaftServerConfigKeys (ConfUtils.java:logGet(43)) - raft.server.snapshot.auto.trigger.enabled = true (custom)
2019-09-16 16:12:12,753 [pool-549-thread-1] INFO  server.RaftServerConfigKeys (ConfUtils.java:logGet(43)) - raft.server.snapshot.auto.trigger.threshold = 10000 (custom)
2019-09-16 16:12:12,753 [pool-539-thread-1] INFO  server.RaftServerConfigKeys (ConfUtils.java:logGet(43)) - raft.server.snapshot.auto.trigger.enabled = true (custom)
2019-09-16 16:12:12,753 [pool-549-thread-1] INFO  server.RaftServerConfigKeys (ConfUtils.java:logGet(43)) - raft.server.snapshot.retention.num.files = -1 (default)
2019-09-16 16:12:12,753 [pool-539-thread-1] INFO  server.RaftServerConfigKeys (ConfUtils.java:logGet(43)) - raft.server.snapshot.auto.trigger.threshold = 10000 (custom)
2019-09-16 16:12:12,753 [pool-559-thread-1] INFO  impl.RaftServerImpl (RaftServerImpl.java:start(185)) - 0f6886e7-2fba-419e-9eb8-1424d397aa24@group-75FA9E35F394: start as a follower, conf=-1: [0f6886e7-2fba-419e-9eb8-1424d397aa24:192.168.157.233:36356, c1ed4a45-b557-456c-8fa1-562ac4336c62:192.168.157.233:45625, 247be69b-caa1-4ba0-a842-b83920b502da:192.168.157.233:45631], old=null
2019-09-16 16:12:12,753 [pool-549-thread-1] INFO  server.RaftServerConfigKeys (ConfUtils.java:logGet(43)) - raft.server.retrycache.expirytime = 600000ms (custom)
2019-09-16 16:12:12,754 [pool-559-thread-1] INFO  impl.RaftServerImpl (RaftServerImpl.java:setRole(174)) - 0f6886e7-2fba-419e-9eb8-1424d397aa24@group-75FA9E35F394: changes role from      null to FOLLOWER at term 0 for startAsFollower
2019-09-16 16:12:12,753 [pool-539-thread-1] INFO  server.RaftServerConfigKeys (ConfUtils.java:logGet(43)) - raft.server.snapshot.retention.num.files = -1 (default)
2019-09-16 16:12:12,754 [pool-559-thread-1] INFO  impl.RoleInfo (RoleInfo.java:updateAndGet(143)) - 0f6886e7-2fba-419e-9eb8-1424d397aa24: start FollowerState
2019-09-16 16:12:12,754 [pool-539-thread-1] INFO  server.RaftServerConfigKeys (ConfUtils.java:logGet(43)) - raft.server.retrycache.expirytime = 600000ms (custom)
2019-09-16 16:12:12,754 [pool-559-thread-1] INFO  util.JmxRegister (JmxRegister.java:tryRegister(44)) - Successfully registered JMX Bean with object name Ratis:service=RaftServer,group=group-75FA9E35F394,id=0f6886e7-2fba-419e-9eb8-1424d397aa24
2019-09-16 16:12:12,755 [pool-549-thread-1] INFO  impl.RaftServerImpl (RaftServerImpl.java:start(185)) - 247be69b-caa1-4ba0-a842-b83920b502da@group-75FA9E35F394: start as a follower, conf=-1: [0f6886e7-2fba-419e-9eb8-1424d397aa24:192.168.157.233:36356, c1ed4a45-b557-456c-8fa1-562ac4336c62:192.168.157.233:45625, 247be69b-caa1-4ba0-a842-b83920b502da:192.168.157.233:45631], old=null
2019-09-16 16:12:12,755 [pool-549-thread-1] INFO  impl.RaftServerImpl (RaftServerImpl.java:setRole(174)) - 247be69b-caa1-4ba0-a842-b83920b502da@group-75FA9E35F394: changes role from      null to FOLLOWER at term 0 for startAsFollower
2019-09-16 16:12:12,755 [pool-549-thread-1] INFO  impl.RoleInfo (RoleInfo.java:updateAndGet(143)) - 247be69b-caa1-4ba0-a842-b83920b502da: start FollowerState
2019-09-16 16:12:12,756 [pool-549-thread-1] INFO  util.JmxRegister (JmxRegister.java:tryRegister(44)) - Successfully registered JMX Bean with object name Ratis:service=RaftServer,group=group-75FA9E35F394,id=247be69b-caa1-4ba0-a842-b83920b502da
2019-09-16 16:12:12,756 [pool-539-thread-1] INFO  impl.RaftServerImpl (RaftServerImpl.java:start(185)) - c1ed4a45-b557-456c-8fa1-562ac4336c62@group-75FA9E35F394: start as a follower, conf=-1: [0f6886e7-2fba-419e-9eb8-1424d397aa24:192.168.157.233:36356, c1ed4a45-b557-456c-8fa1-562ac4336c62:192.168.157.233:45625, 247be69b-caa1-4ba0-a842-b83920b502da:192.168.157.233:45631], old=null
2019-09-16 16:12:12,756 [pool-539-thread-1] INFO  impl.RaftServerImpl (RaftServerImpl.java:setRole(174)) - c1ed4a45-b557-456c-8fa1-562ac4336c62@group-75FA9E35F394: changes role from      null to FOLLOWER at term 0 for startAsFollower
2019-09-16 16:12:12,756 [pool-539-thread-1] INFO  impl.RoleInfo (RoleInfo.java:updateAndGet(143)) - c1ed4a45-b557-456c-8fa1-562ac4336c62: start FollowerState
2019-09-16 16:12:12,757 [pool-539-thread-1] INFO  util.JmxRegister (JmxRegister.java:tryRegister(44)) - Successfully registered JMX Bean with object name Ratis:service=RaftServer,group=group-75FA9E35F394,id=c1ed4a45-b557-456c-8fa1-562ac4336c62
2019-09-16 16:12:12,758 [RatisPipelineUtilsThread] INFO  pipeline.PipelineStateManager (PipelineStateManager.java:addPipeline(56)) - Created pipeline Pipeline[ Id: 4e871105-90d7-4b9b-90bd-75fa9e35f394, Nodes: 0f6886e7-2fba-419e-9eb8-1424d397aa24{ip: 192.168.157.233, host: pr-hdds-2120-x62sn-1884063469, networkLocation: /default-rack, certSerialId: null}247be69b-caa1-4ba0-a842-b83920b502da{ip: 192.168.157.233, host: pr-hdds-2120-x62sn-1884063469, networkLocation: /default-rack, certSerialId: null}c1ed4a45-b557-456c-8fa1-562ac4336c62{ip: 192.168.157.233, host: pr-hdds-2120-x62sn-1884063469, networkLocation: /default-rack, certSerialId: null}, Type:RATIS, Factor:THREE, State:OPEN]
2019-09-16 16:12:12,786 [grpc-default-executor-8] INFO  client.GrpcClientProtocolClient (GrpcClientProtocolClient.java:onNext(264)) - client-93A1AFB8750E->23cf4444-ca2a-4bbc-9c88-b800cc79eebe: receive RaftClientReply:client-93A1AFB8750E->23cf4444-ca2a-4bbc-9c88-b800cc79eebe@group-6BCB69ED9461, cid=214, FAILED org.apache.ratis.protocol.NotLeaderException: Server 23cf4444-ca2a-4bbc-9c88-b800cc79eebe@group-6BCB69ED9461 is not the leader, logIndex=0, commits[23cf4444-ca2a-4bbc-9c88-b800cc79eebe:c-1]
2019-09-16 16:12:13,798 [grpc-default-executor-8] INFO  client.GrpcClientProtocolClient (GrpcClientProtocolClient.java:onNext(264)) - client-93A1AFB8750E->ee806f6d-6c4f-4753-aa8f-56b5acae312a: receive RaftClientReply:client-93A1AFB8750E->ee806f6d-6c4f-4753-aa8f-56b5acae312a@group-6BCB69ED9461, cid=214, FAILED org.apache.ratis.protocol.NotLeaderException: Server ee806f6d-6c4f-4753-aa8f-56b5acae312a@group-6BCB69ED9461 is not the leader, logIndex=0, commits[ee806f6d-6c4f-4753-aa8f-56b5acae312a:c-1]
2019-09-16 16:12:14,805 [grpc-default-executor-9] INFO  client.GrpcClientProtocolClient (GrpcClientProtocolClient.java:onNext(264)) - client-93A1AFB8750E->23cf4444-ca2a-4bbc-9c88-b800cc79eebe: receive RaftClientReply:client-93A1AFB8750E->23cf4444-ca2a-4bbc-9c88-b800cc79eebe@group-6BCB69ED9461, cid=214, FAILED org.apache.ratis.protocol.NotLeaderException: Server 23cf4444-ca2a-4bbc-9c88-b800cc79eebe@group-6BCB69ED9461 is not the leader, logIndex=0, commits[23cf4444-ca2a-4bbc-9c88-b800cc79eebe:c-1]
2019-09-16 16:12:15,240 [Thread-3517] INFO  container.ReplicationManager (ReplicationManager.java:start(162)) - Starting Replication Monitor Thread.
2019-09-16 16:12:15,245 [ReplicationMonitor] INFO  container.ReplicationManager (ReplicationManager.java:run(225)) - Replication Monitor Thread took 0 milliseconds for processing 1 containers.
2019-09-16 16:12:15,822 [grpc-default-executor-8] INFO  client.GrpcClientProtocolClient (GrpcClientProtocolClient.java:onNext(264)) - client-93A1AFB8750E->ee806f6d-6c4f-4753-aa8f-56b5acae312a: receive RaftClientReply:client-93A1AFB8750E->ee806f6d-6c4f-4753-aa8f-56b5acae312a@group-6BCB69ED9461, cid=214, FAILED org.apache.ratis.protocol.NotLeaderException: Server ee806f6d-6c4f-4753-aa8f-56b5acae312a@group-6BCB69ED9461 is not the leader, logIndex=0, commits[ee806f6d-6c4f-4753-aa8f-56b5acae312a:c-1]
2019-09-16 16:12:16,837 [grpc-default-executor-2] INFO  client.GrpcClientProtocolClient (GrpcClientProtocolClient.java:onNext(264)) - client-93A1AFB8750E->23cf4444-ca2a-4bbc-9c88-b800cc79eebe: receive RaftClientReply:client-93A1AFB8750E->23cf4444-ca2a-4bbc-9c88-b800cc79eebe@group-6BCB69ED9461, cid=214, FAILED org.apache.ratis.protocol.NotLeaderException: Server 23cf4444-ca2a-4bbc-9c88-b800cc79eebe@group-6BCB69ED9461 is not the leader, logIndex=0, commits[23cf4444-ca2a-4bbc-9c88-b800cc79eebe:c-1]
2019-09-16 16:12:17,400 [Thread-3522] INFO  impl.FollowerState (FollowerState.java:run(106)) - 23cf4444-ca2a-4bbc-9c88-b800cc79eebe:group-7C40BA2A6B76 changes to CANDIDATE, lastRpcTime:5060, electionTimeout:5060ms
2019-09-16 16:12:17,401 [Thread-3522] INFO  impl.RoleInfo (RoleInfo.java:shutdownFollowerState(121)) - 23cf4444-ca2a-4bbc-9c88-b800cc79eebe: shutdown FollowerState
2019-09-16 16:12:17,401 [Thread-3522] INFO  impl.RaftServerImpl (RaftServerImpl.java:setRole(174)) - 23cf4444-ca2a-4bbc-9c88-b800cc79eebe@group-7C40BA2A6B76: changes role from  FOLLOWER to CANDIDATE at term 0 for changeToCandidate
2019-09-16 16:12:17,402 [Thread-3522] INFO  impl.RoleInfo (RoleInfo.java:updateAndGet(143)) - 23cf4444-ca2a-4bbc-9c88-b800cc79eebe: start LeaderElection
2019-09-16 16:12:17,412 [Thread-3519] INFO  impl.FollowerState (FollowerState.java:run(106)) - 9d2039f6-83db-48a1-8135-cf47e7a8363c:group-1C625FBC1A2C changes to CANDIDATE, lastRpcTime:5114, electionTimeout:5109ms
2019-09-16 16:12:17,412 [Thread-3519] INFO  impl.RoleInfo (RoleInfo.java:shutdownFollowerState(121)) - 9d2039f6-83db-48a1-8135-cf47e7a8363c: shutdown FollowerState
2019-09-16 16:12:17,412 [Thread-3519] INFO  impl.RaftServerImpl (RaftServerImpl.java:setRole(174)) - 9d2039f6-83db-48a1-8135-cf47e7a8363c@group-1C625FBC1A2C: changes role from  FOLLOWER to CANDIDATE at term 0 for changeToCandidate
2019-09-16 16:12:17,412 [Thread-3519] INFO  impl.RoleInfo (RoleInfo.java:updateAndGet(143)) - 9d2039f6-83db-48a1-8135-cf47e7a8363c: start LeaderElection
2019-09-16 16:12:17,443 [23cf4444-ca2a-4bbc-9c88-b800cc79eebe@group-7C40BA2A6B76:LeaderElection76] INFO  impl.LeaderElection (LeaderElection.java:askForVotes(182)) - 23cf4444-ca2a-4bbc-9c88-b800cc79eebe@group-7C40BA2A6B76:LeaderElection76: begin an election at term 1 for -1: [23cf4444-ca2a-4bbc-9c88-b800cc79eebe:192.168.157.233:41979], old=null
2019-09-16 16:12:17,443 [9d2039f6-83db-48a1-8135-cf47e7a8363c@group-1C625FBC1A2C:LeaderElection77] INFO  impl.LeaderElection (LeaderElection.java:askForVotes(182)) - 9d2039f6-83db-48a1-8135-cf47e7a8363c@group-1C625FBC1A2C:LeaderElection77: begin an election at term 1 for -1: [9d2039f6-83db-48a1-8135-cf47e7a8363c:192.168.157.233:36393], old=null
2019-09-16 16:12:17,443 [23cf4444-ca2a-4bbc-9c88-b800cc79eebe@group-7C40BA2A6B76:LeaderElection76] INFO  impl.RoleInfo (RoleInfo.java:shutdownLeaderElection(134)) - 23cf4444-ca2a-4bbc-9c88-b800cc79eebe: shutdown LeaderElection
2019-09-16 16:12:17,443 [9d2039f6-83db-48a1-8135-cf47e7a8363c@group-1C625FBC1A2C:LeaderElection77] INFO  impl.RoleInfo (RoleInfo.java:shutdownLeaderElection(134)) - 9d2039f6-83db-48a1-8135-cf47e7a8363c: shutdown LeaderElection
2019-09-16 16:12:17,444 [23cf4444-ca2a-4bbc-9c88-b800cc79eebe@group-7C40BA2A6B76:LeaderElection76] INFO  impl.RaftServerImpl (RaftServerImpl.java:setRole(174)) - 23cf4444-ca2a-4bbc-9c88-b800cc79eebe@group-7C40BA2A6B76: changes role from CANDIDATE to LEADER at term 1 for changeToLeader
2019-09-16 16:12:17,444 [9d2039f6-83db-48a1-8135-cf47e7a8363c@group-1C625FBC1A2C:LeaderElection77] INFO  impl.RaftServerImpl (RaftServerImpl.java:setRole(174)) - 9d2039f6-83db-48a1-8135-cf47e7a8363c@group-1C625FBC1A2C: changes role from CANDIDATE to LEADER at term 1 for changeToLeader
2019-09-16 16:12:17,444 [23cf4444-ca2a-4bbc-9c88-b800cc79eebe@group-7C40BA2A6B76:LeaderElection76] INFO  impl.RaftServerImpl (ServerState.java:setLeader(253)) - 23cf4444-ca2a-4bbc-9c88-b800cc79eebe@group-7C40BA2A6B76: change Leader from null to 23cf4444-ca2a-4bbc-9c88-b800cc79eebe at term 1 for becomeLeader, leader elected after 5109ms
2019-09-16 16:12:17,444 [9d2039f6-83db-48a1-8135-cf47e7a8363c@group-1C625FBC1A2C:LeaderElection77] INFO  impl.RaftServerImpl (ServerState.java:setLeader(253)) - 9d2039f6-83db-48a1-8135-cf47e7a8363c@group-1C625FBC1A2C: change Leader from null to 9d2039f6-83db-48a1-8135-cf47e7a8363c at term 1 for becomeLeader, leader elected after 5153ms
2019-09-16 16:12:17,444 [23cf4444-ca2a-4bbc-9c88-b800cc79eebe@group-7C40BA2A6B76:LeaderElection76] INFO  server.RaftServerConfigKeys (ConfUtils.java:logGet(43)) - raft.server.staging.catchup.gap = 1000 (default)
2019-09-16 16:12:17,444 [9d2039f6-83db-48a1-8135-cf47e7a8363c@group-1C625FBC1A2C:LeaderElection77] INFO  server.RaftServerConfigKeys (ConfUtils.java:logGet(43)) - raft.server.staging.catchup.gap = 1000 (default)
2019-09-16 16:12:17,444 [23cf4444-ca2a-4bbc-9c88-b800cc79eebe@group-7C40BA2A6B76:LeaderElection76] INFO  server.RaftServerConfigKeys (ConfUtils.java:logGet(43)) - raft.server.rpc.sleep.time = 25ms (default)
2019-09-16 16:12:17,445 [9d2039f6-83db-48a1-8135-cf47e7a8363c@group-1C625FBC1A2C:LeaderElection77] INFO  server.RaftServerConfigKeys (ConfUtils.java:logGet(43)) - raft.server.rpc.sleep.time = 25ms (default)
2019-09-16 16:12:17,445 [23cf4444-ca2a-4bbc-9c88-b800cc79eebe@group-7C40BA2A6B76:LeaderElection76] INFO  server.RaftServerConfigKeys (ConfUtils.java:logGet(43)) - raft.server.write.element-limit = 4096 (default)
2019-09-16 16:12:17,445 [9d2039f6-83db-48a1-8135-cf47e7a8363c@group-1C625FBC1A2C:LeaderElection77] INFO  server.RaftServerConfigKeys (ConfUtils.java:logGet(43)) - raft.server.write.element-limit = 4096 (default)
2019-09-16 16:12:17,445 [23cf4444-ca2a-4bbc-9c88-b800cc79eebe@group-7C40BA2A6B76:LeaderElection76] INFO  server.RaftServerConfigKeys (ConfUtils.java:logGet(43)) - raft.server.watch.timeout = 10s (default)
2019-09-16 16:12:17,445 [9d2039f6-83db-48a1-8135-cf47e7a8363c@group-1C625FBC1A2C:LeaderElection77] INFO  server.RaftServerConfigKeys (ConfUtils.java:logGet(43)) - raft.server.watch.timeout = 10s (default)
2019-09-16 16:12:17,445 [23cf4444-ca2a-4bbc-9c88-b800cc79eebe@group-7C40BA2A6B76:LeaderElection76] INFO  server.RaftServerConfigKeys (ConfUtils.java:logGet(43)) - raft.server.watch.timeout.denomination = 1s (default)
2019-09-16 16:12:17,445 [9d2039f6-83db-48a1-8135-cf47e7a8363c@group-1C625FBC1A2C:LeaderElection77] INFO  server.RaftServerConfigKeys (ConfUtils.java:logGet(43)) - raft.server.watch.timeout.denomination = 1s (default)
2019-09-16 16:12:17,446 [23cf4444-ca2a-4bbc-9c88-b800cc79eebe@group-7C40BA2A6B76:LeaderElection76] INFO  server.RaftServerConfigKeys (ConfUtils.java:logGet(43)) - raft.server.watch.element-limit = 65536 (default)
2019-09-16 16:12:17,446 [9d2039f6-83db-48a1-8135-cf47e7a8363c@group-1C625FBC1A2C:LeaderElection77] INFO  server.RaftServerConfigKeys (ConfUtils.java:logGet(43)) - raft.server.watch.element-limit = 65536 (default)
2019-09-16 16:12:17,446 [Thread-3525] INFO  impl.FollowerState (FollowerState.java:run(106)) - ee806f6d-6c4f-4753-aa8f-56b5acae312a:group-0B4A3E3DCC8D changes to CANDIDATE, lastRpcTime:5037, electionTimeout:5037ms
2019-09-16 16:12:17,446 [Thread-3525] INFO  impl.RoleInfo (RoleInfo.java:shutdownFollowerState(121)) - ee806f6d-6c4f-4753-aa8f-56b5acae312a: shutdown FollowerState
2019-09-16 16:12:17,446 [Thread-3525] INFO  impl.RaftServerImpl (RaftServerImpl.java:setRole(174)) - ee806f6d-6c4f-4753-aa8f-56b5acae312a@group-0B4A3E3DCC8D: changes role from  FOLLOWER to CANDIDATE at term 0 for changeToCandidate
2019-09-16 16:12:17,446 [Thread-3525] INFO  impl.RoleInfo (RoleInfo.java:updateAndGet(143)) - ee806f6d-6c4f-4753-aa8f-56b5acae312a: start LeaderElection
2019-09-16 16:12:17,459 [23cf4444-ca2a-4bbc-9c88-b800cc79eebe@group-7C40BA2A6B76:LeaderElection76] INFO  impl.RoleInfo (RoleInfo.java:updateAndGet(143)) - 23cf4444-ca2a-4bbc-9c88-b800cc79eebe: start LeaderState
2019-09-16 16:12:17,459 [9d2039f6-83db-48a1-8135-cf47e7a8363c@group-1C625FBC1A2C:LeaderElection77] INFO  impl.RoleInfo (RoleInfo.java:updateAndGet(143)) - 9d2039f6-83db-48a1-8135-cf47e7a8363c: start LeaderState
2019-09-16 16:12:17,460 [23cf4444-ca2a-4bbc-9c88-b800cc79eebe@group-7C40BA2A6B76:LeaderElection76] INFO  segmented.SegmentedRaftLogWorker (SegmentedRaftLogWorker.java:startLogSegment(380)) - 23cf4444-ca2a-4bbc-9c88-b800cc79eebe@group-7C40BA2A6B76-SegmentedRaftLogWorker: Starting segment from index:0
2019-09-16 16:12:17,460 [9d2039f6-83db-48a1-8135-cf47e7a8363c@group-1C625FBC1A2C:LeaderElection77] INFO  segmented.SegmentedRaftLogWorker (SegmentedRaftLogWorker.java:startLogSegment(380)) - 9d2039f6-83db-48a1-8135-cf47e7a8363c@group-1C625FBC1A2C-SegmentedRaftLogWorker: Starting segment from index:0
2019-09-16 16:12:17,461 [23cf4444-ca2a-4bbc-9c88-b800cc79eebe@group-7C40BA2A6B76:LeaderElection76] INFO  impl.RaftServerImpl (ServerState.java:setRaftConf(354)) - 23cf4444-ca2a-4bbc-9c88-b800cc79eebe@group-7C40BA2A6B76: set configuration 0: [23cf4444-ca2a-4bbc-9c88-b800cc79eebe:192.168.157.233:41979], old=null at 0
2019-09-16 16:12:17,461 [9d2039f6-83db-48a1-8135-cf47e7a8363c@group-1C625FBC1A2C:LeaderElection77] INFO  impl.RaftServerImpl (ServerState.java:setRaftConf(354)) - 9d2039f6-83db-48a1-8135-cf47e7a8363c@group-1C625FBC1A2C: set configuration 0: [9d2039f6-83db-48a1-8135-cf47e7a8363c:192.168.157.233:36393], old=null at 0
2019-09-16 16:12:17,468 [ee806f6d-6c4f-4753-aa8f-56b5acae312a@group-0B4A3E3DCC8D:LeaderElection78] INFO  impl.LeaderElection (LeaderElection.java:askForVotes(182)) - ee806f6d-6c4f-4753-aa8f-56b5acae312a@group-0B4A3E3DCC8D:LeaderElection78: begin an election at term 1 for -1: [ee806f6d-6c4f-4753-aa8f-56b5acae312a:192.168.157.233:43894], old=null
2019-09-16 16:12:17,469 [ee806f6d-6c4f-4753-aa8f-56b5acae312a@group-0B4A3E3DCC8D:LeaderElection78] INFO  impl.RoleInfo (RoleInfo.java:shutdownLeaderElection(134)) - ee806f6d-6c4f-4753-aa8f-56b5acae312a: shutdown LeaderElection
2019-09-16 16:12:17,469 [ee806f6d-6c4f-4753-aa8f-56b5acae312a@group-0B4A3E3DCC8D:LeaderElection78] INFO  impl.RaftServerImpl (RaftServerImpl.java:setRole(174)) - ee806f6d-6c4f-4753-aa8f-56b5acae312a@group-0B4A3E3DCC8D: changes role from CANDIDATE to LEADER at term 1 for changeToLeader
2019-09-16 16:12:17,469 [ee806f6d-6c4f-4753-aa8f-56b5acae312a@group-0B4A3E3DCC8D:LeaderElection78] INFO  impl.RaftServerImpl (ServerState.java:setLeader(253)) - ee806f6d-6c4f-4753-aa8f-56b5acae312a@group-0B4A3E3DCC8D: change Leader from null to ee806f6d-6c4f-4753-aa8f-56b5acae312a at term 1 for becomeLeader, leader elected after 5066ms
2019-09-16 16:12:17,469 [ee806f6d-6c4f-4753-aa8f-56b5acae312a@group-0B4A3E3DCC8D:LeaderElection78] INFO  server.RaftServerConfigKeys (ConfUtils.java:logGet(43)) - raft.server.staging.catchup.gap = 1000 (default)
2019-09-16 16:12:17,469 [ee806f6d-6c4f-4753-aa8f-56b5acae312a@group-0B4A3E3DCC8D:LeaderElection78] INFO  server.RaftServerConfigKeys (ConfUtils.java:logGet(43)) - raft.server.rpc.sleep.time = 25ms (default)
2019-09-16 16:12:17,469 [ee806f6d-6c4f-4753-aa8f-56b5acae312a@group-0B4A3E3DCC8D:LeaderElection78] INFO  server.RaftServerConfigKeys (ConfUtils.java:logGet(43)) - raft.server.write.element-limit = 4096 (default)
2019-09-16 16:12:17,469 [ee806f6d-6c4f-4753-aa8f-56b5acae312a@group-0B4A3E3DCC8D:LeaderElection78] INFO  server.RaftServerConfigKeys (ConfUtils.java:logGet(43)) - raft.server.watch.timeout = 10s (default)
2019-09-16 16:12:17,469 [ee806f6d-6c4f-4753-aa8f-56b5acae312a@group-0B4A3E3DCC8D:LeaderElection78] INFO  server.RaftServerConfigKeys (ConfUtils.java:logGet(43)) - raft.server.watch.timeout.denomination = 1s (default)
2019-09-16 16:12:17,469 [ee806f6d-6c4f-4753-aa8f-56b5acae312a@group-0B4A3E3DCC8D:LeaderElection78] INFO  server.RaftServerConfigKeys (ConfUtils.java:logGet(43)) - raft.server.watch.element-limit = 65536 (default)
2019-09-16 16:12:17,471 [ee806f6d-6c4f-4753-aa8f-56b5acae312a@group-0B4A3E3DCC8D:LeaderElection78] INFO  impl.RoleInfo (RoleInfo.java:updateAndGet(143)) - ee806f6d-6c4f-4753-aa8f-56b5acae312a: start LeaderState
2019-09-16 16:12:17,471 [ee806f6d-6c4f-4753-aa8f-56b5acae312a@group-0B4A3E3DCC8D:LeaderElection78] INFO  segmented.SegmentedRaftLogWorker (SegmentedRaftLogWorker.java:startLogSegment(380)) - ee806f6d-6c4f-4753-aa8f-56b5acae312a@group-0B4A3E3DCC8D-SegmentedRaftLogWorker: Starting segment from index:0
2019-09-16 16:12:17,472 [ee806f6d-6c4f-4753-aa8f-56b5acae312a@group-0B4A3E3DCC8D:LeaderElection78] INFO  impl.RaftServerImpl (ServerState.java:setRaftConf(354)) - ee806f6d-6c4f-4753-aa8f-56b5acae312a@group-0B4A3E3DCC8D: set configuration 0: [ee806f6d-6c4f-4753-aa8f-56b5acae312a:192.168.157.233:43894], old=null at 0
2019-09-16 16:12:17,507 [23cf4444-ca2a-4bbc-9c88-b800cc79eebe@group-7C40BA2A6B76-SegmentedRaftLogWorker] INFO  segmented.SegmentedRaftLogWorker (SegmentedRaftLogWorker.java:execute(569)) - 23cf4444-ca2a-4bbc-9c88-b800cc79eebe@group-7C40BA2A6B76-SegmentedRaftLogWorker: created new log segment /workdir/hadoop-ozone/integration-test/target/test-dir/MiniOzoneClusterImpl-e8aa87c8-ea32-4e45-b939-9d01c2f9b91f/datanode-1/data/ratis/9456db6b-ebb7-47fd-8564-7c40ba2a6b76/current/log_inprogress_0
2019-09-16 16:12:17,507 [9d2039f6-83db-48a1-8135-cf47e7a8363c@group-1C625FBC1A2C-SegmentedRaftLogWorker] INFO  segmented.SegmentedRaftLogWorker (SegmentedRaftLogWorker.java:execute(569)) - 9d2039f6-83db-48a1-8135-cf47e7a8363c@group-1C625FBC1A2C-SegmentedRaftLogWorker: created new log segment /workdir/hadoop-ozone/integration-test/target/test-dir/MiniOzoneClusterImpl-e8aa87c8-ea32-4e45-b939-9d01c2f9b91f/datanode-0/data/ratis/24758af5-857c-4ed6-a416-1c625fbc1a2c/current/log_inprogress_0
2019-09-16 16:12:17,510 [ee806f6d-6c4f-4753-aa8f-56b5acae312a@group-0B4A3E3DCC8D-SegmentedRaftLogWorker] INFO  segmented.SegmentedRaftLogWorker (SegmentedRaftLogWorker.java:execute(569)) - ee806f6d-6c4f-4753-aa8f-56b5acae312a@group-0B4A3E3DCC8D-SegmentedRaftLogWorker: created new log segment /workdir/hadoop-ozone/integration-test/target/test-dir/MiniOzoneClusterImpl-e8aa87c8-ea32-4e45-b939-9d01c2f9b91f/datanode-2/data/ratis/dcb0c85c-5a6a-400f-8f40-0b4a3e3dcc8d/current/log_inprogress_0
2019-09-16 16:12:17,549 [Thread-3528] INFO  impl.FollowerState (FollowerState.java:run(106)) - 9d2039f6-83db-48a1-8135-cf47e7a8363c:group-6BCB69ED9461 changes to CANDIDATE, lastRpcTime:5086, electionTimeout:5086ms
2019-09-16 16:12:17,549 [Thread-3528] INFO  impl.RoleInfo (RoleInfo.java:shutdownFollowerState(121)) - 9d2039f6-83db-48a1-8135-cf47e7a8363c: shutdown FollowerState
2019-09-16 16:12:17,549 [Thread-3528] INFO  impl.RaftServerImpl (RaftServerImpl.java:setRole(174)) - 9d2039f6-83db-48a1-8135-cf47e7a8363c@group-6BCB69ED9461: changes role from  FOLLOWER to CANDIDATE at term 0 for changeToCandidate
2019-09-16 16:12:17,549 [Thread-3528] INFO  impl.RoleInfo (RoleInfo.java:updateAndGet(143)) - 9d2039f6-83db-48a1-8135-cf47e7a8363c: start LeaderElection
2019-09-16 16:12:17,568 [9d2039f6-83db-48a1-8135-cf47e7a8363c@group-6BCB69ED9461:LeaderElection79] INFO  impl.LeaderElection (LeaderElection.java:askForVotes(182)) - 9d2039f6-83db-48a1-8135-cf47e7a8363c@group-6BCB69ED9461:LeaderElection79: begin an election at term 1 for -1: [9d2039f6-83db-48a1-8135-cf47e7a8363c:192.168.157.233:36393, 23cf4444-ca2a-4bbc-9c88-b800cc79eebe:192.168.157.233:41979, ee806f6d-6c4f-4753-aa8f-56b5acae312a:192.168.157.233:43894], old=null
2019-09-16 16:12:17,574 [Thread-3539] INFO  impl.FollowerState (FollowerState.java:run(106)) - c1ed4a45-b557-456c-8fa1-562ac4336c62:group-5C3D8C9AFC60 changes to CANDIDATE, lastRpcTime:5026, electionTimeout:5026ms
2019-09-16 16:12:17,575 [Thread-3539] INFO  impl.RoleInfo (RoleInfo.java:shutdownFollowerState(121)) - c1ed4a45-b557-456c-8fa1-562ac4336c62: shutdown FollowerState
2019-09-16 16:12:17,575 [Thread-3539] INFO  impl.RaftServerImpl (RaftServerImpl.java:setRole(174)) - c1ed4a45-b557-456c-8fa1-562ac4336c62@group-5C3D8C9AFC60: changes role from  FOLLOWER to CANDIDATE at term 0 for changeToCandidate
2019-09-16 16:12:17,575 [Thread-3539] INFO  impl.RoleInfo (RoleInfo.java:updateAndGet(143)) - c1ed4a45-b557-456c-8fa1-562ac4336c62: start LeaderElection
2019-09-16 16:12:17,575 [grpc-default-executor-9] INFO  impl.RaftServerImpl (RaftServerImpl.java:setRole(174)) - 23cf4444-ca2a-4bbc-9c88-b800cc79eebe@group-6BCB69ED9461: changes role from  FOLLOWER to FOLLOWER at term 1 for recognizeCandidate:9d2039f6-83db-48a1-8135-cf47e7a8363c
2019-09-16 16:12:17,581 [grpc-default-executor-9] INFO  impl.RoleInfo (RoleInfo.java:shutdownFollowerState(121)) - 23cf4444-ca2a-4bbc-9c88-b800cc79eebe: shutdown FollowerState
2019-09-16 16:12:17,575 [grpc-default-executor-2] INFO  impl.RaftServerImpl (RaftServerImpl.java:setRole(174)) - ee806f6d-6c4f-4753-aa8f-56b5acae312a@group-6BCB69ED9461: changes role from  FOLLOWER to FOLLOWER at term 1 for recognizeCandidate:9d2039f6-83db-48a1-8135-cf47e7a8363c
2019-09-16 16:12:17,581 [grpc-default-executor-9] INFO  impl.RoleInfo (RoleInfo.java:updateAndGet(143)) - 23cf4444-ca2a-4bbc-9c88-b800cc79eebe: start FollowerState
2019-09-16 16:12:17,581 [Thread-3532] INFO  impl.FollowerState (FollowerState.java:run(115)) - 23cf4444-ca2a-4bbc-9c88-b800cc79eebe: FollowerState was interrupted: java.lang.InterruptedException: sleep interrupted
2019-09-16 16:12:17,581 [grpc-default-executor-2] INFO  impl.RoleInfo (RoleInfo.java:shutdownFollowerState(121)) - ee806f6d-6c4f-4753-aa8f-56b5acae312a: shutdown FollowerState
2019-09-16 16:12:17,584 [grpc-default-executor-2] INFO  impl.RoleInfo (RoleInfo.java:updateAndGet(143)) - ee806f6d-6c4f-4753-aa8f-56b5acae312a: start FollowerState
2019-09-16 16:12:17,584 [Thread-3534] INFO  impl.FollowerState (FollowerState.java:run(115)) - ee806f6d-6c4f-4753-aa8f-56b5acae312a: FollowerState was interrupted: java.lang.InterruptedException: sleep interrupted
2019-09-16 16:12:17,597 [c1ed4a45-b557-456c-8fa1-562ac4336c62@group-5C3D8C9AFC60:LeaderElection80] INFO  impl.LeaderElection (LeaderElection.java:askForVotes(182)) - c1ed4a45-b557-456c-8fa1-562ac4336c62@group-5C3D8C9AFC60:LeaderElection80: begin an election at term 1 for -1: [c1ed4a45-b557-456c-8fa1-562ac4336c62:192.168.157.233:45625], old=null
2019-09-16 16:12:17,597 [c1ed4a45-b557-456c-8fa1-562ac4336c62@group-5C3D8C9AFC60:LeaderElection80] INFO  impl.RoleInfo (RoleInfo.java:shutdownLeaderElection(134)) - c1ed4a45-b557-456c-8fa1-562ac4336c62: shutdown LeaderElection
2019-09-16 16:12:17,597 [c1ed4a45-b557-456c-8fa1-562ac4336c62@group-5C3D8C9AFC60:LeaderElection80] INFO  impl.RaftServerImpl (RaftServerImpl.java:setRole(174)) - c1ed4a45-b557-456c-8fa1-562ac4336c62@group-5C3D8C9AFC60: changes role from CANDIDATE to LEADER at term 1 for changeToLeader
2019-09-16 16:12:17,597 [c1ed4a45-b557-456c-8fa1-562ac4336c62@group-5C3D8C9AFC60:LeaderElection80] INFO  impl.RaftServerImpl (ServerState.java:setLeader(253)) - c1ed4a45-b557-456c-8fa1-562ac4336c62@group-5C3D8C9AFC60: change Leader from null to c1ed4a45-b557-456c-8fa1-562ac4336c62 at term 1 for becomeLeader, leader elected after 5054ms
2019-09-16 16:12:17,597 [9d2039f6-83db-48a1-8135-cf47e7a8363c@group-6BCB69ED9461:LeaderElection79] INFO  impl.LeaderElection (LeaderElection.java:logAndReturn(56)) - 9d2039f6-83db-48a1-8135-cf47e7a8363c@group-6BCB69ED9461:LeaderElection79: Election PASSED; received 1 response(s) [9d2039f6-83db-48a1-8135-cf47e7a8363c<-23cf4444-ca2a-4bbc-9c88-b800cc79eebe#0:OK-t1] and 0 exception(s); 9d2039f6-83db-48a1-8135-cf47e7a8363c@group-6BCB69ED9461:t1, leader=null, voted=9d2039f6-83db-48a1-8135-cf47e7a8363c, raftlog=9d2039f6-83db-48a1-8135-cf47e7a8363c@group-6BCB69ED9461-SegmentedRaftLog:OPENED:c-1,f-1,i0, conf=-1: [9d2039f6-83db-48a1-8135-cf47e7a8363c:192.168.157.233:36393, 23cf4444-ca2a-4bbc-9c88-b800cc79eebe:192.168.157.233:41979, ee806f6d-6c4f-4753-aa8f-56b5acae312a:192.168.157.233:43894], old=null
2019-09-16 16:12:17,598 [c1ed4a45-b557-456c-8fa1-562ac4336c62@group-5C3D8C9AFC60:LeaderElection80] INFO  server.RaftServerConfigKeys (ConfUtils.java:logGet(43)) - raft.server.staging.catchup.gap = 1000 (default)
2019-09-16 16:12:17,598 [9d2039f6-83db-48a1-8135-cf47e7a8363c@group-6BCB69ED9461:LeaderElection79] INFO  impl.RoleInfo (RoleInfo.java:shutdownLeaderElection(134)) - 9d2039f6-83db-48a1-8135-cf47e7a8363c: shutdown LeaderElection
2019-09-16 16:12:17,598 [c1ed4a45-b557-456c-8fa1-562ac4336c62@group-5C3D8C9AFC60:LeaderElection80] INFO  server.RaftServerConfigKeys (ConfUtils.java:logGet(43)) - raft.server.rpc.sleep.time = 25ms (default)
2019-09-16 16:12:17,601 [9d2039f6-83db-48a1-8135-cf47e7a8363c@group-6BCB69ED9461:LeaderElection79] INFO  impl.RaftServerImpl (RaftServerImpl.java:setRole(174)) - 9d2039f6-83db-48a1-8135-cf47e7a8363c@group-6BCB69ED9461: changes role from CANDIDATE to LEADER at term 1 for changeToLeader
2019-09-16 16:12:17,601 [c1ed4a45-b557-456c-8fa1-562ac4336c62@group-5C3D8C9AFC60:LeaderElection80] INFO  server.RaftServerConfigKeys (ConfUtils.java:logGet(43)) - raft.server.write.element-limit = 4096 (default)
2019-09-16 16:12:17,601 [9d2039f6-83db-48a1-8135-cf47e7a8363c@group-6BCB69ED9461:LeaderElection79] INFO  impl.RaftServerImpl (ServerState.java:setLeader(253)) - 9d2039f6-83db-48a1-8135-cf47e7a8363c@group-6BCB69ED9461: change Leader from null to 9d2039f6-83db-48a1-8135-cf47e7a8363c at term 1 for becomeLeader, leader elected after 5146ms
2019-09-16 16:12:17,601 [c1ed4a45-b557-456c-8fa1-562ac4336c62@group-5C3D8C9AFC60:LeaderElection80] INFO  server.RaftServerConfigKeys (ConfUtils.java:logGet(43)) - raft.server.watch.timeout = 10s (default)
2019-09-16 16:12:17,601 [9d2039f6-83db-48a1-8135-cf47e7a8363c@group-6BCB69ED9461:LeaderElection79] INFO  server.RaftServerConfigKeys (ConfUtils.java:logGet(43)) - raft.server.staging.catchup.gap = 1000 (default)
2019-09-16 16:12:17,601 [c1ed4a45-b557-456c-8fa1-562ac4336c62@group-5C3D8C9AFC60:LeaderElection80] INFO  server.RaftServerConfigKeys (ConfUtils.java:logGet(43)) - raft.server.watch.timeout.denomination = 1s (default)
2019-09-16 16:12:17,601 [9d2039f6-83db-48a1-8135-cf47e7a8363c@group-6BCB69ED9461:LeaderElection79] INFO  server.RaftServerConfigKeys (ConfUtils.java:logGet(43)) - raft.server.rpc.sleep.time = 25ms (default)
2019-09-16 16:12:17,601 [c1ed4a45-b557-456c-8fa1-562ac4336c62@group-5C3D8C9AFC60:LeaderElection80] INFO  server.RaftServerConfigKeys (ConfUtils.java:logGet(43)) - raft.server.watch.element-limit = 65536 (default)
2019-09-16 16:12:17,601 [9d2039f6-83db-48a1-8135-cf47e7a8363c@group-6BCB69ED9461:LeaderElection79] INFO  server.RaftServerConfigKeys (ConfUtils.java:logGet(43)) - raft.server.write.element-limit = 4096 (default)
2019-09-16 16:12:17,602 [9d2039f6-83db-48a1-8135-cf47e7a8363c@group-6BCB69ED9461:LeaderElection79] INFO  server.RaftServerConfigKeys (ConfUtils.java:logGet(43)) - raft.server.watch.timeout = 10s (default)
2019-09-16 16:12:17,602 [9d2039f6-83db-48a1-8135-cf47e7a8363c@group-6BCB69ED9461:LeaderElection79] INFO  server.RaftServerConfigKeys (ConfUtils.java:logGet(43)) - raft.server.watch.timeout.denomination = 1s (default)
2019-09-16 16:12:17,602 [9d2039f6-83db-48a1-8135-cf47e7a8363c@group-6BCB69ED9461:LeaderElection79] INFO  server.RaftServerConfigKeys (ConfUtils.java:logGet(43)) - raft.server.watch.element-limit = 65536 (default)
2019-09-16 16:12:17,604 [c1ed4a45-b557-456c-8fa1-562ac4336c62@group-5C3D8C9AFC60:LeaderElection80] INFO  impl.RoleInfo (RoleInfo.java:updateAndGet(143)) - c1ed4a45-b557-456c-8fa1-562ac4336c62: start LeaderState
2019-09-16 16:12:17,604 [9d2039f6-83db-48a1-8135-cf47e7a8363c@group-6BCB69ED9461:LeaderElection79] INFO  server.RaftServerConfigKeys (ConfUtils.java:logGet(43)) - raft.server.log.appender.snapshot.chunk.size.max = 16MB (=16777216) (default)
2019-09-16 16:12:17,604 [c1ed4a45-b557-456c-8fa1-562ac4336c62@group-5C3D8C9AFC60:LeaderElection80] INFO  segmented.SegmentedRaftLogWorker (SegmentedRaftLogWorker.java:startLogSegment(380)) - c1ed4a45-b557-456c-8fa1-562ac4336c62@group-5C3D8C9AFC60-SegmentedRaftLogWorker: Starting segment from index:0
2019-09-16 16:12:17,604 [9d2039f6-83db-48a1-8135-cf47e7a8363c@group-6BCB69ED9461:LeaderElection79] INFO  server.RaftServerConfigKeys (ConfUtils.java:logGet(43)) - raft.server.log.appender.buffer.byte-limit = 33554432 (custom)
2019-09-16 16:12:17,604 [9d2039f6-83db-48a1-8135-cf47e7a8363c@group-6BCB69ED9461:LeaderElection79] INFO  server.RaftServerConfigKeys (ConfUtils.java:logGet(43)) - raft.server.log.appender.buffer.element-limit = 1 (custom)
2019-09-16 16:12:17,604 [c1ed4a45-b557-456c-8fa1-562ac4336c62@group-5C3D8C9AFC60:LeaderElection80] INFO  impl.RaftServerImpl (ServerState.java:setRaftConf(354)) - c1ed4a45-b557-456c-8fa1-562ac4336c62@group-5C3D8C9AFC60: set configuration 0: [c1ed4a45-b557-456c-8fa1-562ac4336c62:192.168.157.233:45625], old=null at 0
2019-09-16 16:12:17,605 [9d2039f6-83db-48a1-8135-cf47e7a8363c@group-6BCB69ED9461:LeaderElection79] INFO  grpc.GrpcConfigKeys$Server (ConfUtils.java:logGet(43)) - raft.grpc.server.leader.outstanding.appends.max = 128 (default)
2019-09-16 16:12:17,605 [9d2039f6-83db-48a1-8135-cf47e7a8363c@group-6BCB69ED9461:LeaderElection79] INFO  server.RaftServerConfigKeys (ConfUtils.java:logGet(43)) - raft.server.rpc.request.timeout = 3000ms (default)
2019-09-16 16:12:17,605 [9d2039f6-83db-48a1-8135-cf47e7a8363c@group-6BCB69ED9461:LeaderElection79] INFO  server.RaftServerConfigKeys (ConfUtils.java:logGet(43)) - raft.server.log.appender.install.snapshot.enabled = false (custom)
2019-09-16 16:12:17,605 [9d2039f6-83db-48a1-8135-cf47e7a8363c@group-6BCB69ED9461:LeaderElection79] INFO  server.RaftServerConfigKeys (ConfUtils.java:logGet(43)) - raft.server.log.appender.snapshot.chunk.size.max = 16MB (=16777216) (default)
2019-09-16 16:12:17,605 [9d2039f6-83db-48a1-8135-cf47e7a8363c@group-6BCB69ED9461:LeaderElection79] INFO  server.RaftServerConfigKeys (ConfUtils.java:logGet(43)) - raft.server.log.appender.buffer.byte-limit = 33554432 (custom)
2019-09-16 16:12:17,605 [9d2039f6-83db-48a1-8135-cf47e7a8363c@group-6BCB69ED9461:LeaderElection79] INFO  server.RaftServerConfigKeys (ConfUtils.java:logGet(43)) - raft.server.log.appender.buffer.element-limit = 1 (custom)
2019-09-16 16:12:17,605 [9d2039f6-83db-48a1-8135-cf47e7a8363c@group-6BCB69ED9461:LeaderElection79] INFO  grpc.GrpcConfigKeys$Server (ConfUtils.java:logGet(43)) - raft.grpc.server.leader.outstanding.appends.max = 128 (default)
2019-09-16 16:12:17,606 [9d2039f6-83db-48a1-8135-cf47e7a8363c@group-6BCB69ED9461:LeaderElection79] INFO  server.RaftServerConfigKeys (ConfUtils.java:logGet(43)) - raft.server.rpc.request.timeout = 3000ms (default)
2019-09-16 16:12:17,606 [9d2039f6-83db-48a1-8135-cf47e7a8363c@group-6BCB69ED9461:LeaderElection79] INFO  server.RaftServerConfigKeys (ConfUtils.java:logGet(43)) - raft.server.log.appender.install.snapshot.enabled = false (custom)
2019-09-16 16:12:17,606 [9d2039f6-83db-48a1-8135-cf47e7a8363c@group-6BCB69ED9461:LeaderElection79] INFO  impl.RoleInfo (RoleInfo.java:updateAndGet(143)) - 9d2039f6-83db-48a1-8135-cf47e7a8363c: start LeaderState
2019-09-16 16:12:17,606 [9d2039f6-83db-48a1-8135-cf47e7a8363c@group-6BCB69ED9461:LeaderElection79] INFO  segmented.SegmentedRaftLogWorker (SegmentedRaftLogWorker.java:startLogSegment(380)) - 9d2039f6-83db-48a1-8135-cf47e7a8363c@group-6BCB69ED9461-SegmentedRaftLogWorker: Starting segment from index:0
2019-09-16 16:12:17,607 [9d2039f6-83db-48a1-8135-cf47e7a8363c@group-6BCB69ED9461:LeaderElection79] INFO  impl.RaftServerImpl (ServerState.java:setRaftConf(354)) - 9d2039f6-83db-48a1-8135-cf47e7a8363c@group-6BCB69ED9461: set configuration 0: [9d2039f6-83db-48a1-8135-cf47e7a8363c:192.168.157.233:36393, 23cf4444-ca2a-4bbc-9c88-b800cc79eebe:192.168.157.233:41979, ee806f6d-6c4f-4753-aa8f-56b5acae312a:192.168.157.233:43894], old=null at 0
2019-09-16 16:12:17,642 [grpc-default-executor-9] INFO  impl.RaftServerImpl (ServerState.java:setLeader(253)) - ee806f6d-6c4f-4753-aa8f-56b5acae312a@group-6BCB69ED9461: change Leader from null to 9d2039f6-83db-48a1-8135-cf47e7a8363c at term 1 for appendEntries, leader elected after 5186ms
2019-09-16 16:12:17,644 [grpc-default-executor-2] INFO  impl.RaftServerImpl (ServerState.java:setLeader(253)) - 23cf4444-ca2a-4bbc-9c88-b800cc79eebe@group-6BCB69ED9461: change Leader from null to 9d2039f6-83db-48a1-8135-cf47e7a8363c at term 1 for appendEntries, leader elected after 5189ms
2019-09-16 16:12:17,645 [grpc-default-executor-2] INFO  impl.RaftServerImpl (ServerState.java:setRaftConf(354)) - ee806f6d-6c4f-4753-aa8f-56b5acae312a@group-6BCB69ED9461: set configuration 0: [9d2039f6-83db-48a1-8135-cf47e7a8363c:192.168.157.233:36393, 23cf4444-ca2a-4bbc-9c88-b800cc79eebe:192.168.157.233:41979, ee806f6d-6c4f-4753-aa8f-56b5acae312a:192.168.157.233:43894], old=null at 0
2019-09-16 16:12:17,645 [grpc-default-executor-9] INFO  impl.RaftServerImpl (ServerState.java:setRaftConf(354)) - 23cf4444-ca2a-4bbc-9c88-b800cc79eebe@group-6BCB69ED9461: set configuration 0: [9d2039f6-83db-48a1-8135-cf47e7a8363c:192.168.157.233:36393, 23cf4444-ca2a-4bbc-9c88-b800cc79eebe:192.168.157.233:41979, ee806f6d-6c4f-4753-aa8f-56b5acae312a:192.168.157.233:43894], old=null at 0
2019-09-16 16:12:17,645 [grpc-default-executor-2] INFO  segmented.SegmentedRaftLogWorker (SegmentedRaftLogWorker.java:startLogSegment(380)) - ee806f6d-6c4f-4753-aa8f-56b5acae312a@group-6BCB69ED9461-SegmentedRaftLogWorker: Starting segment from index:0
2019-09-16 16:12:17,646 [grpc-default-executor-9] INFO  segmented.SegmentedRaftLogWorker (SegmentedRaftLogWorker.java:startLogSegment(380)) - 23cf4444-ca2a-4bbc-9c88-b800cc79eebe@group-6BCB69ED9461-SegmentedRaftLogWorker: Starting segment from index:0
2019-09-16 16:12:17,648 [c1ed4a45-b557-456c-8fa1-562ac4336c62@group-5C3D8C9AFC60-SegmentedRaftLogWorker] INFO  segmented.SegmentedRaftLogWorker (SegmentedRaftLogWorker.java:execute(569)) - c1ed4a45-b557-456c-8fa1-562ac4336c62@group-5C3D8C9AFC60-SegmentedRaftLogWorker: created new log segment /workdir/hadoop-ozone/integration-test/target/test-dir/MiniOzoneClusterImpl-e8aa87c8-ea32-4e45-b939-9d01c2f9b91f/datanode-4/data/ratis/bd4f472c-13b1-4015-b3a8-5c3d8c9afc60/current/log_inprogress_0
2019-09-16 16:12:17,648 [9d2039f6-83db-48a1-8135-cf47e7a8363c@group-6BCB69ED9461-SegmentedRaftLogWorker] INFO  segmented.SegmentedRaftLogWorker (SegmentedRaftLogWorker.java:execute(569)) - 9d2039f6-83db-48a1-8135-cf47e7a8363c@group-6BCB69ED9461-SegmentedRaftLogWorker: created new log segment /workdir/hadoop-ozone/integration-test/target/test-dir/MiniOzoneClusterImpl-e8aa87c8-ea32-4e45-b939-9d01c2f9b91f/datanode-0/data/ratis/59950fbe-8e0e-4389-b97e-6bcb69ed9461/current/log_inprogress_0
2019-09-16 16:12:17,685 [ee806f6d-6c4f-4753-aa8f-56b5acae312a@group-6BCB69ED9461-SegmentedRaftLogWorker] INFO  segmented.SegmentedRaftLogWorker (SegmentedRaftLogWorker.java:execute(569)) - ee806f6d-6c4f-4753-aa8f-56b5acae312a@group-6BCB69ED9461-SegmentedRaftLogWorker: created new log segment /workdir/hadoop-ozone/integration-test/target/test-dir/MiniOzoneClusterImpl-e8aa87c8-ea32-4e45-b939-9d01c2f9b91f/datanode-2/data/ratis/59950fbe-8e0e-4389-b97e-6bcb69ed9461/current/log_inprogress_0
2019-09-16 16:12:17,685 [23cf4444-ca2a-4bbc-9c88-b800cc79eebe@group-6BCB69ED9461-SegmentedRaftLogWorker] INFO  segmented.SegmentedRaftLogWorker (SegmentedRaftLogWorker.java:execute(569)) - 23cf4444-ca2a-4bbc-9c88-b800cc79eebe@group-6BCB69ED9461-SegmentedRaftLogWorker: created new log segment /workdir/hadoop-ozone/integration-test/target/test-dir/MiniOzoneClusterImpl-e8aa87c8-ea32-4e45-b939-9d01c2f9b91f/datanode-1/data/ratis/59950fbe-8e0e-4389-b97e-6bcb69ed9461/current/log_inprogress_0
2019-09-16 16:12:17,698 [Thread-3542] INFO  impl.FollowerState (FollowerState.java:run(106)) - 75c76e04-176b-4989-a235-6881400b7fb1:group-D8F1CC2A3862 changes to CANDIDATE, lastRpcTime:5096, electionTimeout:5096ms
2019-09-16 16:12:17,698 [Thread-3542] INFO  impl.RoleInfo (RoleInfo.java:shutdownFollowerState(121)) - 75c76e04-176b-4989-a235-6881400b7fb1: shutdown FollowerState
2019-09-16 16:12:17,699 [Thread-3542] INFO  impl.RaftServerImpl (RaftServerImpl.java:setRole(174)) - 75c76e04-176b-4989-a235-6881400b7fb1@group-D8F1CC2A3862: changes role from  FOLLOWER to CANDIDATE at term 0 for changeToCandidate
2019-09-16 16:12:17,699 [Thread-3542] INFO  impl.RoleInfo (RoleInfo.java:updateAndGet(143)) - 75c76e04-176b-4989-a235-6881400b7fb1: start LeaderElection
2019-09-16 16:12:17,715 [Thread-3547] INFO  impl.FollowerState (FollowerState.java:run(106)) - 247be69b-caa1-4ba0-a842-b83920b502da:group-CAC4BEA78AFD changes to CANDIDATE, lastRpcTime:5070, electionTimeout:5070ms
2019-09-16 16:12:17,715 [Thread-3547] INFO  impl.RoleInfo (RoleInfo.java:shutdownFollowerState(121)) - 247be69b-caa1-4ba0-a842-b83920b502da: shutdown FollowerState
2019-09-16 16:12:17,715 [Thread-3547] INFO  impl.RaftServerImpl (RaftServerImpl.java:setRole(174)) - 247be69b-caa1-4ba0-a842-b83920b502da@group-CAC4BEA78AFD: changes role from  FOLLOWER to CANDIDATE at term 0 for changeToCandidate
2019-09-16 16:12:17,715 [Thread-3547] INFO  impl.RoleInfo (RoleInfo.java:updateAndGet(143)) - 247be69b-caa1-4ba0-a842-b83920b502da: start LeaderElection
2019-09-16 16:12:17,726 [75c76e04-176b-4989-a235-6881400b7fb1@group-D8F1CC2A3862:LeaderElection81] INFO  impl.LeaderElection (LeaderElection.java:askForVotes(182)) - 75c76e04-176b-4989-a235-6881400b7fb1@group-D8F1CC2A3862:LeaderElection81: begin an election at term 1 for -1: [75c76e04-176b-4989-a235-6881400b7fb1:192.168.157.233:36622], old=null
2019-09-16 16:12:17,727 [75c76e04-176b-4989-a235-6881400b7fb1@group-D8F1CC2A3862:LeaderElection81] INFO  impl.RoleInfo (RoleInfo.java:shutdownLeaderElection(134)) - 75c76e04-176b-4989-a235-6881400b7fb1: shutdown LeaderElection
2019-09-16 16:12:17,727 [75c76e04-176b-4989-a235-6881400b7fb1@group-D8F1CC2A3862:LeaderElection81] INFO  impl.RaftServerImpl (RaftServerImpl.java:setRole(174)) - 75c76e04-176b-4989-a235-6881400b7fb1@group-D8F1CC2A3862: changes role from CANDIDATE to LEADER at term 1 for changeToLeader
2019-09-16 16:12:17,727 [75c76e04-176b-4989-a235-6881400b7fb1@group-D8F1CC2A3862:LeaderElection81] INFO  impl.RaftServerImpl (ServerState.java:setLeader(253)) - 75c76e04-176b-4989-a235-6881400b7fb1@group-D8F1CC2A3862: change Leader from null to 75c76e04-176b-4989-a235-6881400b7fb1 at term 1 for becomeLeader, leader elected after 5129ms
2019-09-16 16:12:17,727 [75c76e04-176b-4989-a235-6881400b7fb1@group-D8F1CC2A3862:LeaderElection81] INFO  server.RaftServerConfigKeys (ConfUtils.java:logGet(43)) - raft.server.staging.catchup.gap = 1000 (default)
2019-09-16 16:12:17,727 [75c76e04-176b-4989-a235-6881400b7fb1@group-D8F1CC2A3862:LeaderElection81] INFO  server.RaftServerConfigKeys (ConfUtils.java:logGet(43)) - raft.server.rpc.sleep.time = 25ms (default)
2019-09-16 16:12:17,727 [75c76e04-176b-4989-a235-6881400b7fb1@group-D8F1CC2A3862:LeaderElection81] INFO  server.RaftServerConfigKeys (ConfUtils.java:logGet(43)) - raft.server.write.element-limit = 4096 (default)
2019-09-16 16:12:17,728 [75c76e04-176b-4989-a235-6881400b7fb1@group-D8F1CC2A3862:LeaderElection81] INFO  server.RaftServerConfigKeys (ConfUtils.java:logGet(43)) - raft.server.watch.timeout = 10s (default)
2019-09-16 16:12:17,728 [75c76e04-176b-4989-a235-6881400b7fb1@group-D8F1CC2A3862:LeaderElection81] INFO  server.RaftServerConfigKeys (ConfUtils.java:logGet(43)) - raft.server.watch.timeout.denomination = 1s (default)
2019-09-16 16:12:17,728 [75c76e04-176b-4989-a235-6881400b7fb1@group-D8F1CC2A3862:LeaderElection81] INFO  server.RaftServerConfigKeys (ConfUtils.java:logGet(43)) - raft.server.watch.element-limit = 65536 (default)
2019-09-16 16:12:17,730 [75c76e04-176b-4989-a235-6881400b7fb1@group-D8F1CC2A3862:LeaderElection81] INFO  impl.RoleInfo (RoleInfo.java:updateAndGet(143)) - 75c76e04-176b-4989-a235-6881400b7fb1: start LeaderState
2019-09-16 16:12:17,730 [75c76e04-176b-4989-a235-6881400b7fb1@group-D8F1CC2A3862:LeaderElection81] INFO  segmented.SegmentedRaftLogWorker (SegmentedRaftLogWorker.java:startLogSegment(380)) - 75c76e04-176b-4989-a235-6881400b7fb1@group-D8F1CC2A3862-SegmentedRaftLogWorker: Starting segment from index:0
2019-09-16 16:12:17,730 [75c76e04-176b-4989-a235-6881400b7fb1@group-D8F1CC2A3862:LeaderElection81] INFO  impl.RaftServerImpl (ServerState.java:setRaftConf(354)) - 75c76e04-176b-4989-a235-6881400b7fb1@group-D8F1CC2A3862: set configuration 0: [75c76e04-176b-4989-a235-6881400b7fb1:192.168.157.233:36622], old=null at 0
2019-09-16 16:12:17,739 [247be69b-caa1-4ba0-a842-b83920b502da@group-CAC4BEA78AFD:LeaderElection82] INFO  impl.LeaderElection (LeaderElection.java:askForVotes(182)) - 247be69b-caa1-4ba0-a842-b83920b502da@group-CAC4BEA78AFD:LeaderElection82: begin an election at term 1 for -1: [247be69b-caa1-4ba0-a842-b83920b502da:192.168.157.233:45631], old=null
2019-09-16 16:12:17,739 [247be69b-caa1-4ba0-a842-b83920b502da@group-CAC4BEA78AFD:LeaderElection82] INFO  impl.RoleInfo (RoleInfo.java:shutdownLeaderElection(134)) - 247be69b-caa1-4ba0-a842-b83920b502da: shutdown LeaderElection
2019-09-16 16:12:17,739 [247be69b-caa1-4ba0-a842-b83920b502da@group-CAC4BEA78AFD:LeaderElection82] INFO  impl.RaftServerImpl (RaftServerImpl.java:setRole(174)) - 247be69b-caa1-4ba0-a842-b83920b502da@group-CAC4BEA78AFD: changes role from CANDIDATE to LEADER at term 1 for changeToLeader
2019-09-16 16:12:17,739 [247be69b-caa1-4ba0-a842-b83920b502da@group-CAC4BEA78AFD:LeaderElection82] INFO  impl.RaftServerImpl (ServerState.java:setLeader(253)) - 247be69b-caa1-4ba0-a842-b83920b502da@group-CAC4BEA78AFD: change Leader from null to 247be69b-caa1-4ba0-a842-b83920b502da at term 1 for becomeLeader, leader elected after 5099ms
2019-09-16 16:12:17,740 [247be69b-caa1-4ba0-a842-b83920b502da@group-CAC4BEA78AFD:LeaderElection82] INFO  server.RaftServerConfigKeys (ConfUtils.java:logGet(43)) - raft.server.staging.catchup.gap = 1000 (default)
2019-09-16 16:12:17,740 [247be69b-caa1-4ba0-a842-b83920b502da@group-CAC4BEA78AFD:LeaderElection82] INFO  server.RaftServerConfigKeys (ConfUtils.java:logGet(43)) - raft.server.rpc.sleep.time = 25ms (default)
2019-09-16 16:12:17,740 [247be69b-caa1-4ba0-a842-b83920b502da@group-CAC4BEA78AFD:LeaderElection82] INFO  server.RaftServerConfigKeys (ConfUtils.java:logGet(43)) - raft.server.write.element-limit = 4096 (default)
2019-09-16 16:12:17,740 [247be69b-caa1-4ba0-a842-b83920b502da@group-CAC4BEA78AFD:LeaderElection82] INFO  server.RaftServerConfigKeys (ConfUtils.java:logGet(43)) - raft.server.watch.timeout = 10s (default)
2019-09-16 16:12:17,740 [247be69b-caa1-4ba0-a842-b83920b502da@group-CAC4BEA78AFD:LeaderElection82] INFO  server.RaftServerConfigKeys (ConfUtils.java:logGet(43)) - raft.server.watch.timeout.denomination = 1s (default)
2019-09-16 16:12:17,740 [247be69b-caa1-4ba0-a842-b83920b502da@group-CAC4BEA78AFD:LeaderElection82] INFO  server.RaftServerConfigKeys (ConfUtils.java:logGet(43)) - raft.server.watch.element-limit = 65536 (default)
2019-09-16 16:12:17,742 [247be69b-caa1-4ba0-a842-b83920b502da@group-CAC4BEA78AFD:LeaderElection82] INFO  impl.RoleInfo (RoleInfo.java:updateAndGet(143)) - 247be69b-caa1-4ba0-a842-b83920b502da: start LeaderState
2019-09-16 16:12:17,742 [247be69b-caa1-4ba0-a842-b83920b502da@group-CAC4BEA78AFD:LeaderElection82] INFO  segmented.SegmentedRaftLogWorker (SegmentedRaftLogWorker.java:startLogSegment(380)) - 247be69b-caa1-4ba0-a842-b83920b502da@group-CAC4BEA78AFD-SegmentedRaftLogWorker: Starting segment from index:0
2019-09-16 16:12:17,742 [247be69b-caa1-4ba0-a842-b83920b502da@group-CAC4BEA78AFD:LeaderElection82] INFO  impl.RaftServerImpl (ServerState.java:setRaftConf(354)) - 247be69b-caa1-4ba0-a842-b83920b502da@group-CAC4BEA78AFD: set configuration 0: [247be69b-caa1-4ba0-a842-b83920b502da:192.168.157.233:45631], old=null at 0
2019-09-16 16:12:17,769 [75c76e04-176b-4989-a235-6881400b7fb1@group-D8F1CC2A3862-SegmentedRaftLogWorker] INFO  segmented.SegmentedRaftLogWorker (SegmentedRaftLogWorker.java:execute(569)) - 75c76e04-176b-4989-a235-6881400b7fb1@group-D8F1CC2A3862-SegmentedRaftLogWorker: created new log segment /workdir/hadoop-ozone/integration-test/target/test-dir/MiniOzoneClusterImpl-e8aa87c8-ea32-4e45-b939-9d01c2f9b91f/datanode-3/data/ratis/e76493c5-d96f-4a30-9c09-d8f1cc2a3862/current/log_inprogress_0
2019-09-16 16:12:17,784 [247be69b-caa1-4ba0-a842-b83920b502da@group-CAC4BEA78AFD-SegmentedRaftLogWorker] INFO  segmented.SegmentedRaftLogWorker (SegmentedRaftLogWorker.java:execute(569)) - 247be69b-caa1-4ba0-a842-b83920b502da@group-CAC4BEA78AFD-SegmentedRaftLogWorker: created new log segment /workdir/hadoop-ozone/integration-test/target/test-dir/MiniOzoneClusterImpl-e8aa87c8-ea32-4e45-b939-9d01c2f9b91f/datanode-5/data/ratis/14bc71f2-91a6-4b3f-bb4b-cac4bea78afd/current/log_inprogress_0
2019-09-16 16:12:17,806 [Thread-3554] INFO  impl.FollowerState (FollowerState.java:run(106)) - 0f6886e7-2fba-419e-9eb8-1424d397aa24:group-75FA9E35F394 changes to CANDIDATE, lastRpcTime:5051, electionTimeout:5051ms
2019-09-16 16:12:17,806 [Thread-3554] INFO  impl.RoleInfo (RoleInfo.java:shutdownFollowerState(121)) - 0f6886e7-2fba-419e-9eb8-1424d397aa24: shutdown FollowerState
2019-09-16 16:12:17,806 [Thread-3554] INFO  impl.RaftServerImpl (RaftServerImpl.java:setRole(174)) - 0f6886e7-2fba-419e-9eb8-1424d397aa24@group-75FA9E35F394: changes role from  FOLLOWER to CANDIDATE at term 0 for changeToCandidate
2019-09-16 16:12:17,806 [Thread-3554] INFO  impl.RoleInfo (RoleInfo.java:updateAndGet(143)) - 0f6886e7-2fba-419e-9eb8-1424d397aa24: start LeaderElection
2019-09-16 16:12:17,821 [Thread-3559] INFO  impl.FollowerState (FollowerState.java:run(106)) - c1ed4a45-b557-456c-8fa1-562ac4336c62:group-75FA9E35F394 changes to CANDIDATE, lastRpcTime:5064, electionTimeout:5064ms
2019-09-16 16:12:17,821 [Thread-3559] INFO  impl.RoleInfo (RoleInfo.java:shutdownFollowerState(121)) - c1ed4a45-b557-456c-8fa1-562ac4336c62: shutdown FollowerState
2019-09-16 16:12:17,821 [Thread-3559] INFO  impl.RaftServerImpl (RaftServerImpl.java:setRole(174)) - c1ed4a45-b557-456c-8fa1-562ac4336c62@group-75FA9E35F394: changes role from  FOLLOWER to CANDIDATE at term 0 for changeToCandidate
2019-09-16 16:12:17,821 [Thread-3559] INFO  impl.RoleInfo (RoleInfo.java:updateAndGet(143)) - c1ed4a45-b557-456c-8fa1-562ac4336c62: start LeaderElection
2019-09-16 16:12:17,826 [0f6886e7-2fba-419e-9eb8-1424d397aa24@group-75FA9E35F394:LeaderElection83] INFO  impl.LeaderElection (LeaderElection.java:askForVotes(182)) - 0f6886e7-2fba-419e-9eb8-1424d397aa24@group-75FA9E35F394:LeaderElection83: begin an election at term 1 for -1: [0f6886e7-2fba-419e-9eb8-1424d397aa24:192.168.157.233:36356, c1ed4a45-b557-456c-8fa1-562ac4336c62:192.168.157.233:45625, 247be69b-caa1-4ba0-a842-b83920b502da:192.168.157.233:45631], old=null
2019-09-16 16:12:17,834 [grpc-default-executor-2] INFO  impl.RaftServerImpl (RaftServerImpl.java:setRole(174)) - 247be69b-caa1-4ba0-a842-b83920b502da@group-75FA9E35F394: changes role from  FOLLOWER to FOLLOWER at term 1 for recognizeCandidate:0f6886e7-2fba-419e-9eb8-1424d397aa24
2019-09-16 16:12:17,834 [grpc-default-executor-2] INFO  impl.RoleInfo (RoleInfo.java:shutdownFollowerState(121)) - 247be69b-caa1-4ba0-a842-b83920b502da: shutdown FollowerState
2019-09-16 16:12:17,834 [grpc-default-executor-2] INFO  impl.RoleInfo (RoleInfo.java:updateAndGet(143)) - 247be69b-caa1-4ba0-a842-b83920b502da: start FollowerState
2019-09-16 16:12:17,834 [Thread-3557] INFO  impl.FollowerState (FollowerState.java:run(115)) - 247be69b-caa1-4ba0-a842-b83920b502da: FollowerState was interrupted: java.lang.InterruptedException: sleep interrupted
2019-09-16 16:12:17,839 [c1ed4a45-b557-456c-8fa1-562ac4336c62@group-75FA9E35F394:LeaderElection84] INFO  impl.LeaderElection (LeaderElection.java:askForVotes(182)) - c1ed4a45-b557-456c-8fa1-562ac4336c62@group-75FA9E35F394:LeaderElection84: begin an election at term 1 for -1: [0f6886e7-2fba-419e-9eb8-1424d397aa24:192.168.157.233:36356, c1ed4a45-b557-456c-8fa1-562ac4336c62:192.168.157.233:45625, 247be69b-caa1-4ba0-a842-b83920b502da:192.168.157.233:45631], old=null
2019-09-16 16:12:17,840 [0f6886e7-2fba-419e-9eb8-1424d397aa24@group-75FA9E35F394:LeaderElection83] INFO  impl.LeaderElection (LeaderElection.java:logAndReturn(56)) - 0f6886e7-2fba-419e-9eb8-1424d397aa24@group-75FA9E35F394:LeaderElection83: Election PASSED; received 2 response(s) [0f6886e7-2fba-419e-9eb8-1424d397aa24<-c1ed4a45-b557-456c-8fa1-562ac4336c62#0:FAIL-t1, 0f6886e7-2fba-419e-9eb8-1424d397aa24<-247be69b-caa1-4ba0-a842-b83920b502da#0:OK-t1] and 0 exception(s); 0f6886e7-2fba-419e-9eb8-1424d397aa24@group-75FA9E35F394:t1, leader=null, voted=0f6886e7-2fba-419e-9eb8-1424d397aa24, raftlog=0f6886e7-2fba-419e-9eb8-1424d397aa24@group-75FA9E35F394-SegmentedRaftLog:OPENED:c-1,f-1,i0, conf=-1: [0f6886e7-2fba-419e-9eb8-1424d397aa24:192.168.157.233:36356, c1ed4a45-b557-456c-8fa1-562ac4336c62:192.168.157.233:45625, 247be69b-caa1-4ba0-a842-b83920b502da:192.168.157.233:45631], old=null
2019-09-16 16:12:17,840 [0f6886e7-2fba-419e-9eb8-1424d397aa24@group-75FA9E35F394:LeaderElection83] INFO  impl.RoleInfo (RoleInfo.java:shutdownLeaderElection(134)) - 0f6886e7-2fba-419e-9eb8-1424d397aa24: shutdown LeaderElection
2019-09-16 16:12:17,841 [0f6886e7-2fba-419e-9eb8-1424d397aa24@group-75FA9E35F394:LeaderElection83] INFO  impl.RaftServerImpl (RaftServerImpl.java:setRole(174)) - 0f6886e7-2fba-419e-9eb8-1424d397aa24@group-75FA9E35F394: changes role from CANDIDATE to LEADER at term 1 for changeToLeader
2019-09-16 16:12:17,841 [0f6886e7-2fba-419e-9eb8-1424d397aa24@group-75FA9E35F394:LeaderElection83] INFO  impl.RaftServerImpl (ServerState.java:setLeader(253)) - 0f6886e7-2fba-419e-9eb8-1424d397aa24@group-75FA9E35F394: change Leader from null to 0f6886e7-2fba-419e-9eb8-1424d397aa24 at term 1 for becomeLeader, leader elected after 5093ms
2019-09-16 16:12:17,841 [0f6886e7-2fba-419e-9eb8-1424d397aa24@group-75FA9E35F394:LeaderElection83] INFO  server.RaftServerConfigKeys (ConfUtils.java:logGet(43)) - raft.server.staging.catchup.gap = 1000 (default)
2019-09-16 16:12:17,841 [0f6886e7-2fba-419e-9eb8-1424d397aa24@group-75FA9E35F394:LeaderElection83] INFO  server.RaftServerConfigKeys (ConfUtils.java:logGet(43)) - raft.server.rpc.sleep.time = 25ms (default)
2019-09-16 16:12:17,841 [0f6886e7-2fba-419e-9eb8-1424d397aa24@group-75FA9E35F394:LeaderElection83] INFO  server.RaftServerConfigKeys (ConfUtils.java:logGet(43)) - raft.server.write.element-limit = 4096 (default)
2019-09-16 16:12:17,841 [0f6886e7-2fba-419e-9eb8-1424d397aa24@group-75FA9E35F394:LeaderElection83] INFO  server.RaftServerConfigKeys (ConfUtils.java:logGet(43)) - raft.server.watch.timeout = 10s (default)
2019-09-16 16:12:17,841 [0f6886e7-2fba-419e-9eb8-1424d397aa24@group-75FA9E35F394:LeaderElection83] INFO  server.RaftServerConfigKeys (ConfUtils.java:logGet(43)) - raft.server.watch.timeout.denomination = 1s (default)
2019-09-16 16:12:17,842 [0f6886e7-2fba-419e-9eb8-1424d397aa24@group-75FA9E35F394:LeaderElection83] INFO  server.RaftServerConfigKeys (ConfUtils.java:logGet(43)) - raft.server.watch.element-limit = 65536 (default)
2019-09-16 16:12:17,846 [0f6886e7-2fba-419e-9eb8-1424d397aa24@group-75FA9E35F394:LeaderElection83] INFO  server.RaftServerConfigKeys (ConfUtils.java:logGet(43)) - raft.server.log.appender.snapshot.chunk.size.max = 16MB (=16777216) (default)
2019-09-16 16:12:17,846 [0f6886e7-2fba-419e-9eb8-1424d397aa24@group-75FA9E35F394:LeaderElection83] INFO  server.RaftServerConfigKeys (ConfUtils.java:logGet(43)) - raft.server.log.appender.buffer.byte-limit = 33554432 (custom)
2019-09-16 16:12:17,846 [0f6886e7-2fba-419e-9eb8-1424d397aa24@group-75FA9E35F394:LeaderElection83] INFO  server.RaftServerConfigKeys (ConfUtils.java:logGet(43)) - raft.server.log.appender.buffer.element-limit = 1 (custom)
2019-09-16 16:12:17,846 [0f6886e7-2fba-419e-9eb8-1424d397aa24@group-75FA9E35F394:LeaderElection83] INFO  grpc.GrpcConfigKeys$Server (ConfUtils.java:logGet(43)) - raft.grpc.server.leader.outstanding.appends.max = 128 (default)
2019-09-16 16:12:17,847 [0f6886e7-2fba-419e-9eb8-1424d397aa24@group-75FA9E35F394:LeaderElection83] INFO  server.RaftServerConfigKeys (ConfUtils.java:logGet(43)) - raft.server.rpc.request.timeout = 3000ms (default)
2019-09-16 16:12:17,847 [0f6886e7-2fba-419e-9eb8-1424d397aa24@group-75FA9E35F394:LeaderElection83] INFO  server.RaftServerConfigKeys (ConfUtils.java:logGet(43)) - raft.server.log.appender.install.snapshot.enabled = false (custom)
2019-09-16 16:12:17,847 [0f6886e7-2fba-419e-9eb8-1424d397aa24@group-75FA9E35F394:LeaderElection83] INFO  server.RaftServerConfigKeys (ConfUtils.java:logGet(43)) - raft.server.log.appender.snapshot.chunk.size.max = 16MB (=16777216) (default)
2019-09-16 16:12:17,847 [0f6886e7-2fba-419e-9eb8-1424d397aa24@group-75FA9E35F394:LeaderElection83] INFO  server.RaftServerConfigKeys (ConfUtils.java:logGet(43)) - raft.server.log.appender.buffer.byte-limit = 33554432 (custom)
2019-09-16 16:12:17,847 [0f6886e7-2fba-419e-9eb8-1424d397aa24@group-75FA9E35F394:LeaderElection83] INFO  server.RaftServerConfigKeys (ConfUtils.java:logGet(43)) - raft.server.log.appender.buffer.element-limit = 1 (custom)
2019-09-16 16:12:17,847 [0f6886e7-2fba-419e-9eb8-1424d397aa24@group-75FA9E35F394:LeaderElection83] INFO  grpc.GrpcConfigKeys$Server (ConfUtils.java:logGet(43)) - raft.grpc.server.leader.outstanding.appends.max = 128 (default)
2019-09-16 16:12:17,847 [0f6886e7-2fba-419e-9eb8-1424d397aa24@group-75FA9E35F394:LeaderElection83] INFO  server.RaftServerConfigKeys (ConfUtils.java:logGet(43)) - raft.server.rpc.request.timeout = 3000ms (default)
2019-09-16 16:12:17,848 [0f6886e7-2fba-419e-9eb8-1424d397aa24@group-75FA9E35F394:LeaderElection83] INFO  server.RaftServerConfigKeys (ConfUtils.java:logGet(43)) - raft.server.log.appender.install.snapshot.enabled = false (custom)
2019-09-16 16:12:17,848 [0f6886e7-2fba-419e-9eb8-1424d397aa24@group-75FA9E35F394:LeaderElection83] INFO  impl.RoleInfo (RoleInfo.java:updateAndGet(143)) - 0f6886e7-2fba-419e-9eb8-1424d397aa24: start LeaderState
2019-09-16 16:12:17,848 [0f6886e7-2fba-419e-9eb8-1424d397aa24@group-75FA9E35F394:LeaderElection83] INFO  segmented.SegmentedRaftLogWorker (SegmentedRaftLogWorker.java:startLogSegment(380)) - 0f6886e7-2fba-419e-9eb8-1424d397aa24@group-75FA9E35F394-SegmentedRaftLogWorker: Starting segment from index:0
2019-09-16 16:12:17,848 [0f6886e7-2fba-419e-9eb8-1424d397aa24@group-75FA9E35F394:LeaderElection83] INFO  impl.RaftServerImpl (ServerState.java:setRaftConf(354)) - 0f6886e7-2fba-419e-9eb8-1424d397aa24@group-75FA9E35F394: set configuration 0: [0f6886e7-2fba-419e-9eb8-1424d397aa24:192.168.157.233:36356, c1ed4a45-b557-456c-8fa1-562ac4336c62:192.168.157.233:45625, 247be69b-caa1-4ba0-a842-b83920b502da:192.168.157.233:45631], old=null at 0
2019-09-16 16:12:17,849 [grpc-default-executor-2] INFO  impl.RaftServerImpl (RaftServerImpl.java:requestVote(758)) - 0f6886e7-2fba-419e-9eb8-1424d397aa24@group-75FA9E35F394-   LEADER: Withhold vote from candidate c1ed4a45-b557-456c-8fa1-562ac4336c62 with term 1. State: leader=0f6886e7-2fba-419e-9eb8-1424d397aa24, term=1, lastRpcElapsed=null
2019-09-16 16:12:17,876 [c1ed4a45-b557-456c-8fa1-562ac4336c62@group-75FA9E35F394:LeaderElection84] INFO  impl.LeaderElection (LeaderElection.java:logAndReturn(56)) - c1ed4a45-b557-456c-8fa1-562ac4336c62@group-75FA9E35F394:LeaderElection84: Election REJECTED; received 2 response(s) [c1ed4a45-b557-456c-8fa1-562ac4336c62<-0f6886e7-2fba-419e-9eb8-1424d397aa24#0:FAIL-t1, c1ed4a45-b557-456c-8fa1-562ac4336c62<-247be69b-caa1-4ba0-a842-b83920b502da#0:FAIL-t1] and 0 exception(s); c1ed4a45-b557-456c-8fa1-562ac4336c62@group-75FA9E35F394:t1, leader=null, voted=c1ed4a45-b557-456c-8fa1-562ac4336c62, raftlog=c1ed4a45-b557-456c-8fa1-562ac4336c62@group-75FA9E35F394-SegmentedRaftLog:OPENED:c-1,f-1,i0, conf=-1: [0f6886e7-2fba-419e-9eb8-1424d397aa24:192.168.157.233:36356, c1ed4a45-b557-456c-8fa1-562ac4336c62:192.168.157.233:45625, 247be69b-caa1-4ba0-a842-b83920b502da:192.168.157.233:45631], old=null
2019-09-16 16:12:17,876 [c1ed4a45-b557-456c-8fa1-562ac4336c62@group-75FA9E35F394:LeaderElection84] INFO  impl.RaftServerImpl (RaftServerImpl.java:setRole(174)) - c1ed4a45-b557-456c-8fa1-562ac4336c62@group-75FA9E35F394: changes role from CANDIDATE to FOLLOWER at term 1 for DISCOVERED_A_NEW_TERM
2019-09-16 16:12:17,876 [grpc-default-executor-8] INFO  impl.RaftServerImpl (ServerState.java:setLeader(253)) - 247be69b-caa1-4ba0-a842-b83920b502da@group-75FA9E35F394: change Leader from null to 0f6886e7-2fba-419e-9eb8-1424d397aa24 at term 1 for appendEntries, leader elected after 5128ms
2019-09-16 16:12:17,876 [c1ed4a45-b557-456c-8fa1-562ac4336c62@group-75FA9E35F394:LeaderElection84] INFO  impl.RoleInfo (RoleInfo.java:shutdownLeaderElection(134)) - c1ed4a45-b557-456c-8fa1-562ac4336c62: shutdown LeaderElection
2019-09-16 16:12:17,879 [c1ed4a45-b557-456c-8fa1-562ac4336c62@group-75FA9E35F394:LeaderElection84] INFO  impl.RoleInfo (RoleInfo.java:updateAndGet(143)) - c1ed4a45-b557-456c-8fa1-562ac4336c62: start FollowerState
2019-09-16 16:12:17,880 [grpc-default-executor-2] INFO  impl.RaftServerImpl (ServerState.java:setLeader(253)) - c1ed4a45-b557-456c-8fa1-562ac4336c62@group-75FA9E35F394: change Leader from null to 0f6886e7-2fba-419e-9eb8-1424d397aa24 at term 1 for appendEntries, leader elected after 5131ms
2019-09-16 16:12:17,881 [grpc-default-executor-2] INFO  impl.RaftServerImpl (ServerState.java:setRaftConf(354)) - 247be69b-caa1-4ba0-a842-b83920b502da@group-75FA9E35F394: set configuration 0: [0f6886e7-2fba-419e-9eb8-1424d397aa24:192.168.157.233:36356, c1ed4a45-b557-456c-8fa1-562ac4336c62:192.168.157.233:45625, 247be69b-caa1-4ba0-a842-b83920b502da:192.168.157.233:45631], old=null at 0
2019-09-16 16:12:17,881 [grpc-default-executor-8] INFO  impl.RaftServerImpl (ServerState.java:setRaftConf(354)) - c1ed4a45-b557-456c-8fa1-562ac4336c62@group-75FA9E35F394: set configuration 0: [0f6886e7-2fba-419e-9eb8-1424d397aa24:192.168.157.233:36356, c1ed4a45-b557-456c-8fa1-562ac4336c62:192.168.157.233:45625, 247be69b-caa1-4ba0-a842-b83920b502da:192.168.157.233:45631], old=null at 0
2019-09-16 16:12:17,881 [grpc-default-executor-2] INFO  segmented.SegmentedRaftLogWorker (SegmentedRaftLogWorker.java:startLogSegment(380)) - 247be69b-caa1-4ba0-a842-b83920b502da@group-75FA9E35F394-SegmentedRaftLogWorker: Starting segment from index:0
2019-09-16 16:12:17,881 [grpc-default-executor-8] INFO  segmented.SegmentedRaftLogWorker (SegmentedRaftLogWorker.java:startLogSegment(380)) - c1ed4a45-b557-456c-8fa1-562ac4336c62@group-75FA9E35F394-SegmentedRaftLogWorker: Starting segment from index:0
2019-09-16 16:12:17,887 [0f6886e7-2fba-419e-9eb8-1424d397aa24@group-75FA9E35F394-SegmentedRaftLogWorker] INFO  segmented.SegmentedRaftLogWorker (SegmentedRaftLogWorker.java:execute(569)) - 0f6886e7-2fba-419e-9eb8-1424d397aa24@group-75FA9E35F394-SegmentedRaftLogWorker: created new log segment /workdir/hadoop-ozone/integration-test/target/test-dir/MiniOzoneClusterImpl-e8aa87c8-ea32-4e45-b939-9d01c2f9b91f/datanode-6/data/ratis/4e871105-90d7-4b9b-90bd-75fa9e35f394/current/log_inprogress_0
2019-09-16 16:12:17,896 [Thread-3550] INFO  impl.FollowerState (FollowerState.java:run(106)) - 0f6886e7-2fba-419e-9eb8-1424d397aa24:group-F9E9801DD5C3 changes to CANDIDATE, lastRpcTime:5195, electionTimeout:5195ms
2019-09-16 16:12:17,897 [Thread-3550] INFO  impl.RoleInfo (RoleInfo.java:shutdownFollowerState(121)) - 0f6886e7-2fba-419e-9eb8-1424d397aa24: shutdown FollowerState
2019-09-16 16:12:17,897 [Thread-3550] INFO  impl.RaftServerImpl (RaftServerImpl.java:setRole(174)) - 0f6886e7-2fba-419e-9eb8-1424d397aa24@group-F9E9801DD5C3: changes role from  FOLLOWER to CANDIDATE at term 0 for changeToCandidate
2019-09-16 16:12:17,897 [Thread-3550] INFO  impl.RoleInfo (RoleInfo.java:updateAndGet(143)) - 0f6886e7-2fba-419e-9eb8-1424d397aa24: start LeaderElection
2019-09-16 16:12:17,926 [c1ed4a45-b557-456c-8fa1-562ac4336c62@group-75FA9E35F394-SegmentedRaftLogWorker] INFO  segmented.SegmentedRaftLogWorker (SegmentedRaftLogWorker.java:execute(569)) - c1ed4a45-b557-456c-8fa1-562ac4336c62@group-75FA9E35F394-SegmentedRaftLogWorker: created new log segment /workdir/hadoop-ozone/integration-test/target/test-dir/MiniOzoneClusterImpl-e8aa87c8-ea32-4e45-b939-9d01c2f9b91f/datanode-4/data/ratis/4e871105-90d7-4b9b-90bd-75fa9e35f394/current/log_inprogress_0
2019-09-16 16:12:17,926 [0f6886e7-2fba-419e-9eb8-1424d397aa24@group-F9E9801DD5C3:LeaderElection85] INFO  impl.LeaderElection (LeaderElection.java:askForVotes(182)) - 0f6886e7-2fba-419e-9eb8-1424d397aa24@group-F9E9801DD5C3:LeaderElection85: begin an election at term 1 for -1: [0f6886e7-2fba-419e-9eb8-1424d397aa24:192.168.157.233:36356], old=null
2019-09-16 16:12:17,926 [247be69b-caa1-4ba0-a842-b83920b502da@group-75FA9E35F394-SegmentedRaftLogWorker] INFO  segmented.SegmentedRaftLogWorker (SegmentedRaftLogWorker.java:execute(569)) - 247be69b-caa1-4ba0-a842-b83920b502da@group-75FA9E35F394-SegmentedRaftLogWorker: created new log segment /workdir/hadoop-ozone/integration-test/target/test-dir/MiniOzoneClusterImpl-e8aa87c8-ea32-4e45-b939-9d01c2f9b91f/datanode-5/data/ratis/4e871105-90d7-4b9b-90bd-75fa9e35f394/current/log_inprogress_0
2019-09-16 16:12:17,929 [0f6886e7-2fba-419e-9eb8-1424d397aa24@group-F9E9801DD5C3:LeaderElection85] INFO  impl.RoleInfo (RoleInfo.java:shutdownLeaderElection(134)) - 0f6886e7-2fba-419e-9eb8-1424d397aa24: shutdown LeaderElection
2019-09-16 16:12:17,929 [0f6886e7-2fba-419e-9eb8-1424d397aa24@group-F9E9801DD5C3:LeaderElection85] INFO  impl.RaftServerImpl (RaftServerImpl.java:setRole(174)) - 0f6886e7-2fba-419e-9eb8-1424d397aa24@group-F9E9801DD5C3: changes role from CANDIDATE to LEADER at term 1 for changeToLeader
2019-09-16 16:12:17,929 [0f6886e7-2fba-419e-9eb8-1424d397aa24@group-F9E9801DD5C3:LeaderElection85] INFO  impl.RaftServerImpl (ServerState.java:setLeader(253)) - 0f6886e7-2fba-419e-9eb8-1424d397aa24@group-F9E9801DD5C3: change Leader from null to 0f6886e7-2fba-419e-9eb8-1424d397aa24 at term 1 for becomeLeader, leader elected after 5233ms
2019-09-16 16:12:17,929 [0f6886e7-2fba-419e-9eb8-1424d397aa24@group-F9E9801DD5C3:LeaderElection85] INFO  server.RaftServerConfigKeys (ConfUtils.java:logGet(43)) - raft.server.staging.catchup.gap = 1000 (default)
2019-09-16 16:12:17,929 [0f6886e7-2fba-419e-9eb8-1424d397aa24@group-F9E9801DD5C3:LeaderElection85] INFO  server.RaftServerConfigKeys (ConfUtils.java:logGet(43)) - raft.server.rpc.sleep.time = 25ms (default)
2019-09-16 16:12:17,929 [0f6886e7-2fba-419e-9eb8-1424d397aa24@group-F9E9801DD5C3:LeaderElection85] INFO  server.RaftServerConfigKeys (ConfUtils.java:logGet(43)) - raft.server.write.element-limit = 4096 (default)
2019-09-16 16:12:17,930 [0f6886e7-2fba-419e-9eb8-1424d397aa24@group-F9E9801DD5C3:LeaderElection85] INFO  server.RaftServerConfigKeys (ConfUtils.java:logGet(43)) - raft.server.watch.timeout = 10s (default)
2019-09-16 16:12:17,930 [0f6886e7-2fba-419e-9eb8-1424d397aa24@group-F9E9801DD5C3:LeaderElection85] INFO  server.RaftServerConfigKeys (ConfUtils.java:logGet(43)) - raft.server.watch.timeout.denomination = 1s (default)
2019-09-16 16:12:17,930 [0f6886e7-2fba-419e-9eb8-1424d397aa24@group-F9E9801DD5C3:LeaderElection85] INFO  server.RaftServerConfigKeys (ConfUtils.java:logGet(43)) - raft.server.watch.element-limit = 65536 (default)
2019-09-16 16:12:17,931 [0f6886e7-2fba-419e-9eb8-1424d397aa24@group-F9E9801DD5C3:LeaderElection85] INFO  impl.RoleInfo (RoleInfo.java:updateAndGet(143)) - 0f6886e7-2fba-419e-9eb8-1424d397aa24: start LeaderState
2019-09-16 16:12:17,931 [0f6886e7-2fba-419e-9eb8-1424d397aa24@group-F9E9801DD5C3:LeaderElection85] INFO  segmented.SegmentedRaftLogWorker (SegmentedRaftLogWorker.java:startLogSegment(380)) - 0f6886e7-2fba-419e-9eb8-1424d397aa24@group-F9E9801DD5C3-SegmentedRaftLogWorker: Starting segment from index:0
2019-09-16 16:12:17,932 [0f6886e7-2fba-419e-9eb8-1424d397aa24@group-F9E9801DD5C3:LeaderElection85] INFO  impl.RaftServerImpl (ServerState.java:setRaftConf(354)) - 0f6886e7-2fba-419e-9eb8-1424d397aa24@group-F9E9801DD5C3: set configuration 0: [0f6886e7-2fba-419e-9eb8-1424d397aa24:192.168.157.233:36356], old=null at 0
2019-09-16 16:12:17,964 [grpc-default-executor-2] INFO  client.GrpcClientProtocolClient (GrpcClientProtocolClient.java:onNext(264)) - client-93A1AFB8750E->9d2039f6-83db-48a1-8135-cf47e7a8363c: receive RaftClientReply:client-93A1AFB8750E->9d2039f6-83db-48a1-8135-cf47e7a8363c@group-6BCB69ED9461, cid=214, SUCCESS, logIndex=1, commits[9d2039f6-83db-48a1-8135-cf47e7a8363c:c1, 23cf4444-ca2a-4bbc-9c88-b800cc79eebe:c0, ee806f6d-6c4f-4753-aa8f-56b5acae312a:c0]
2019-09-16 16:12:17,977 [0f6886e7-2fba-419e-9eb8-1424d397aa24@group-F9E9801DD5C3-SegmentedRaftLogWorker] INFO  segmented.SegmentedRaftLogWorker (SegmentedRaftLogWorker.java:execute(569)) - 0f6886e7-2fba-419e-9eb8-1424d397aa24@group-F9E9801DD5C3-SegmentedRaftLogWorker: created new log segment /workdir/hadoop-ozone/integration-test/target/test-dir/MiniOzoneClusterImpl-e8aa87c8-ea32-4e45-b939-9d01c2f9b91f/datanode-6/data/ratis/ff7019db-20e8-4260-8f53-f9e9801dd5c3/current/log_inprogress_0
2019-09-16 16:12:17,988 [grpc-default-executor-9] INFO  client.GrpcClientProtocolClient (GrpcClientProtocolClient.java:onNext(264)) - client-93A1AFB8750E->9d2039f6-83db-48a1-8135-cf47e7a8363c: receive RaftClientReply:client-93A1AFB8750E->9d2039f6-83db-48a1-8135-cf47e7a8363c@group-6BCB69ED9461, cid=215, SUCCESS, logIndex=3, commits[9d2039f6-83db-48a1-8135-cf47e7a8363c:c3, 23cf4444-ca2a-4bbc-9c88-b800cc79eebe:c1, ee806f6d-6c4f-4753-aa8f-56b5acae312a:c2]
2019-09-16 16:12:18,024 [grpc-default-executor-9] INFO  client.GrpcClientProtocolClient (GrpcClientProtocolClient.java:onNext(264)) - client-93A1AFB8750E->9d2039f6-83db-48a1-8135-cf47e7a8363c: receive RaftClientReply:client-93A1AFB8750E->9d2039f6-83db-48a1-8135-cf47e7a8363c@group-6BCB69ED9461, cid=216, SUCCESS, logIndex=4, commits[9d2039f6-83db-48a1-8135-cf47e7a8363c:c6, 23cf4444-ca2a-4bbc-9c88-b800cc79eebe:c3, ee806f6d-6c4f-4753-aa8f-56b5acae312a:c3]
2019-09-16 16:12:19,030 [main] WARN  scm.XceiverClientRatis (XceiverClientRatis.java:watchForCommit(262)) - 3 way commit failed on pipeline Pipeline[ Id: 59950fbe-8e0e-4389-b97e-6bcb69ed9461, Nodes: 23cf4444-ca2a-4bbc-9c88-b800cc79eebe{ip: 192.168.157.233, host: pr-hdds-2120-x62sn-1884063469, networkLocation: /default-rack, certSerialId: null}9d2039f6-83db-48a1-8135-cf47e7a8363c{ip: 192.168.157.233, host: pr-hdds-2120-x62sn-1884063469, networkLocation: /default-rack, certSerialId: null}ee806f6d-6c4f-4753-aa8f-56b5acae312a{ip: 192.168.157.233, host: pr-hdds-2120-x62sn-1884063469, networkLocation: /default-rack, certSerialId: null}, Type:RATIS, Factor:THREE, State:OPEN]
java.util.concurrent.TimeoutException
	at java.util.concurrent.CompletableFuture.timedGet(CompletableFuture.java:1771)
	at java.util.concurrent.CompletableFuture.get(CompletableFuture.java:1915)
	at org.apache.hadoop.hdds.scm.XceiverClientRatis.watchForCommit(XceiverClientRatis.java:259)
	at org.apache.hadoop.hdds.scm.storage.CommitWatcher.watchForCommit(CommitWatcher.java:194)
	at org.apache.hadoop.hdds.scm.storage.CommitWatcher.watchOnLastIndex(CommitWatcher.java:157)
	at org.apache.hadoop.hdds.scm.storage.BlockOutputStream.watchForCommit(BlockOutputStream.java:347)
	at org.apache.hadoop.hdds.scm.storage.BlockOutputStream.handleFlush(BlockOutputStream.java:479)
	at org.apache.hadoop.hdds.scm.storage.BlockOutputStream.flush(BlockOutputStream.java:428)
	at org.apache.hadoop.ozone.client.io.BlockOutputStreamEntry.flush(BlockOutputStreamEntry.java:136)
	at org.apache.hadoop.ozone.client.io.KeyOutputStream.handleFlushOrClose(KeyOutputStream.java:442)
	at org.apache.hadoop.ozone.client.io.KeyOutputStream.flush(KeyOutputStream.java:396)
	at org.apache.hadoop.ozone.client.io.OzoneOutputStream.flush(OzoneOutputStream.java:54)
	at org.apache.hadoop.ozone.client.rpc.TestBlockOutputStreamWithFailures.testFailureWithPrimeSizedData(TestBlockOutputStreamWithFailures.java:599)
	at sun.reflect.NativeMethodAccessorImpl.invoke0(Native Method)
	at sun.reflect.NativeMethodAccessorImpl.invoke(NativeMethodAccessorImpl.java:62)
	at sun.reflect.DelegatingMethodAccessorImpl.invoke(DelegatingMethodAccessorImpl.java:43)
	at java.lang.reflect.Method.invoke(Method.java:498)
	at org.junit.runners.model.FrameworkMethod$1.runReflectiveCall(FrameworkMethod.java:47)
	at org.junit.internal.runners.model.ReflectiveCallable.run(ReflectiveCallable.java:12)
	at org.junit.runners.model.FrameworkMethod.invokeExplosively(FrameworkMethod.java:44)
	at org.junit.internal.runners.statements.InvokeMethod.evaluate(InvokeMethod.java:17)
	at org.junit.internal.runners.statements.RunBefores.evaluate(RunBefores.java:26)
	at org.junit.internal.runners.statements.RunAfters.evaluate(RunAfters.java:27)
	at org.junit.runners.ParentRunner.runLeaf(ParentRunner.java:271)
	at org.junit.runners.BlockJUnit4ClassRunner.runChild(BlockJUnit4ClassRunner.java:70)
	at org.junit.runners.BlockJUnit4ClassRunner.runChild(BlockJUnit4ClassRunner.java:50)
	at org.junit.runners.ParentRunner$3.run(ParentRunner.java:238)
	at org.junit.runners.ParentRunner$1.schedule(ParentRunner.java:63)
	at org.junit.runners.ParentRunner.runChildren(ParentRunner.java:236)
	at org.junit.runners.ParentRunner.access$000(ParentRunner.java:53)
	at org.junit.runners.ParentRunner$2.evaluate(ParentRunner.java:229)
	at org.junit.runners.ParentRunner.run(ParentRunner.java:309)
	at org.apache.maven.surefire.junit4.JUnit4Provider.execute(JUnit4Provider.java:365)
	at org.apache.maven.surefire.junit4.JUnit4Provider.executeWithRerun(JUnit4Provider.java:273)
	at org.apache.maven.surefire.junit4.JUnit4Provider.executeTestSet(JUnit4Provider.java:238)
	at org.apache.maven.surefire.junit4.JUnit4Provider.invoke(JUnit4Provider.java:159)
	at org.apache.maven.surefire.booter.ForkedBooter.invokeProviderInSameClassLoader(ForkedBooter.java:384)
	at org.apache.maven.surefire.booter.ForkedBooter.runSuitesInProcess(ForkedBooter.java:345)
	at org.apache.maven.surefire.booter.ForkedBooter.execute(ForkedBooter.java:126)
	at org.apache.maven.surefire.booter.ForkedBooter.main(ForkedBooter.java:418)
2019-09-16 16:12:20,032 [main] WARN  storage.CommitWatcher (CommitWatcher.java:watchForCommit(203)) - watchForCommit failed for index 4
java.util.concurrent.TimeoutException
	at java.util.concurrent.CompletableFuture.timedGet(CompletableFuture.java:1771)
	at java.util.concurrent.CompletableFuture.get(CompletableFuture.java:1915)
	at org.apache.hadoop.hdds.scm.XceiverClientRatis.watchForCommit(XceiverClientRatis.java:268)
	at org.apache.hadoop.hdds.scm.storage.CommitWatcher.watchForCommit(CommitWatcher.java:194)
	at org.apache.hadoop.hdds.scm.storage.CommitWatcher.watchOnLastIndex(CommitWatcher.java:157)
	at org.apache.hadoop.hdds.scm.storage.BlockOutputStream.watchForCommit(BlockOutputStream.java:347)
	at org.apache.hadoop.hdds.scm.storage.BlockOutputStream.handleFlush(BlockOutputStream.java:479)
	at org.apache.hadoop.hdds.scm.storage.BlockOutputStream.flush(BlockOutputStream.java:428)
	at org.apache.hadoop.ozone.client.io.BlockOutputStreamEntry.flush(BlockOutputStreamEntry.java:136)
	at org.apache.hadoop.ozone.client.io.KeyOutputStream.handleFlushOrClose(KeyOutputStream.java:442)
	at org.apache.hadoop.ozone.client.io.KeyOutputStream.flush(KeyOutputStream.java:396)
	at org.apache.hadoop.ozone.client.io.OzoneOutputStream.flush(OzoneOutputStream.java:54)
	at org.apache.hadoop.ozone.client.rpc.TestBlockOutputStreamWithFailures.testFailureWithPrimeSizedData(TestBlockOutputStreamWithFailures.java:599)
	at sun.reflect.NativeMethodAccessorImpl.invoke0(Native Method)
	at sun.reflect.NativeMethodAccessorImpl.invoke(NativeMethodAccessorImpl.java:62)
	at sun.reflect.DelegatingMethodAccessorImpl.invoke(DelegatingMethodAccessorImpl.java:43)
	at java.lang.reflect.Method.invoke(Method.java:498)
	at org.junit.runners.model.FrameworkMethod$1.runReflectiveCall(FrameworkMethod.java:47)
	at org.junit.internal.runners.model.ReflectiveCallable.run(ReflectiveCallable.java:12)
	at org.junit.runners.model.FrameworkMethod.invokeExplosively(FrameworkMethod.java:44)
	at org.junit.internal.runners.statements.InvokeMethod.evaluate(InvokeMethod.java:17)
	at org.junit.internal.runners.statements.RunBefores.evaluate(RunBefores.java:26)
	at org.junit.internal.runners.statements.RunAfters.evaluate(RunAfters.java:27)
	at org.junit.runners.ParentRunner.runLeaf(ParentRunner.java:271)
	at org.junit.runners.BlockJUnit4ClassRunner.runChild(BlockJUnit4ClassRunner.java:70)
	at org.junit.runners.BlockJUnit4ClassRunner.runChild(BlockJUnit4ClassRunner.java:50)
	at org.junit.runners.ParentRunner$3.run(ParentRunner.java:238)
	at org.junit.runners.ParentRunner$1.schedule(ParentRunner.java:63)
	at org.junit.runners.ParentRunner.runChildren(ParentRunner.java:236)
	at org.junit.runners.ParentRunner.access$000(ParentRunner.java:53)
	at org.junit.runners.ParentRunner$2.evaluate(ParentRunner.java:229)
	at org.junit.runners.ParentRunner.run(ParentRunner.java:309)
	at org.apache.maven.surefire.junit4.JUnit4Provider.execute(JUnit4Provider.java:365)
	at org.apache.maven.surefire.junit4.JUnit4Provider.executeWithRerun(JUnit4Provider.java:273)
	at org.apache.maven.surefire.junit4.JUnit4Provider.executeTestSet(JUnit4Provider.java:238)
	at org.apache.maven.surefire.junit4.JUnit4Provider.invoke(JUnit4Provider.java:159)
	at org.apache.maven.surefire.booter.ForkedBooter.invokeProviderInSameClassLoader(ForkedBooter.java:384)
	at org.apache.maven.surefire.booter.ForkedBooter.runSuitesInProcess(ForkedBooter.java:345)
	at org.apache.maven.surefire.booter.ForkedBooter.execute(ForkedBooter.java:126)
	at org.apache.maven.surefire.booter.ForkedBooter.main(ForkedBooter.java:418)
2019-09-16 16:12:20,033 [main] WARN  io.KeyOutputStream (KeyOutputStream.java:handleException(276)) - Encountered exception java.io.IOException: Unexpected Storage Container Exception: java.io.IOException: Unexpected Storage Container Exception: java.util.concurrent.TimeoutException on the pipeline Pipeline[ Id: 59950fbe-8e0e-4389-b97e-6bcb69ed9461, Nodes: 23cf4444-ca2a-4bbc-9c88-b800cc79eebe{ip: 192.168.157.233, host: pr-hdds-2120-x62sn-1884063469, networkLocation: /default-rack, certSerialId: null}9d2039f6-83db-48a1-8135-cf47e7a8363c{ip: 192.168.157.233, host: pr-hdds-2120-x62sn-1884063469, networkLocation: /default-rack, certSerialId: null}ee806f6d-6c4f-4753-aa8f-56b5acae312a{ip: 192.168.157.233, host: pr-hdds-2120-x62sn-1884063469, networkLocation: /default-rack, certSerialId: null}, Type:RATIS, Factor:THREE, State:OPEN]. The last committed block length is 0, uncommitted data length is 167 retry count 0
2019-09-16 16:12:20,180 [grpc-default-executor-8] INFO  client.GrpcClientProtocolClient (GrpcClientProtocolClient.java:onNext(264)) - client-5DA1371FF605->0f6886e7-2fba-419e-9eb8-1424d397aa24: receive RaftClientReply:client-5DA1371FF605->0f6886e7-2fba-419e-9eb8-1424d397aa24@group-75FA9E35F394, cid=219, SUCCESS, logIndex=1, commits[0f6886e7-2fba-419e-9eb8-1424d397aa24:c1, c1ed4a45-b557-456c-8fa1-562ac4336c62:c0, 247be69b-caa1-4ba0-a842-b83920b502da:c0]
2019-09-16 16:12:20,194 [grpc-default-executor-8] INFO  client.GrpcClientProtocolClient (GrpcClientProtocolClient.java:onNext(264)) - client-5DA1371FF605->0f6886e7-2fba-419e-9eb8-1424d397aa24: receive RaftClientReply:client-5DA1371FF605->0f6886e7-2fba-419e-9eb8-1424d397aa24@group-75FA9E35F394, cid=220, SUCCESS, logIndex=3, commits[0f6886e7-2fba-419e-9eb8-1424d397aa24:c4, c1ed4a45-b557-456c-8fa1-562ac4336c62:c1, 247be69b-caa1-4ba0-a842-b83920b502da:c1]
2019-09-16 16:12:20,227 [grpc-default-executor-8] INFO  client.GrpcClientProtocolClient (GrpcClientProtocolClient.java:onNext(264)) - client-5DA1371FF605->0f6886e7-2fba-419e-9eb8-1424d397aa24: receive RaftClientReply:client-5DA1371FF605->0f6886e7-2fba-419e-9eb8-1424d397aa24@group-75FA9E35F394, cid=221, SUCCESS, logIndex=4, commits[0f6886e7-2fba-419e-9eb8-1424d397aa24:c6, c1ed4a45-b557-456c-8fa1-562ac4336c62:c4, 247be69b-caa1-4ba0-a842-b83920b502da:c4]
2019-09-16 16:12:20,231 [main] INFO  ozone.MiniOzoneClusterImpl (MiniOzoneClusterImpl.java:shutdown(307)) - Shutting down the Mini Ozone Cluster
2019-09-16 16:12:20,233 [main] INFO  ozone.MiniOzoneClusterImpl (MiniOzoneClusterImpl.java:stop(322)) - Stopping the Mini Ozone Cluster
2019-09-16 16:12:20,233 [main] INFO  ozone.MiniOzoneClusterImpl (MiniOzoneClusterImpl.java:stop(324)) - Stopping the OzoneManager
2019-09-16 16:12:20,233 [main] INFO  ipc.Server (Server.java:stop(3082)) - Stopping server on 39663
2019-09-16 16:12:20,246 [IPC Server listener on 39663] INFO  ipc.Server (Server.java:run(1185)) - Stopping IPC Server listener on 39663
2019-09-16 16:12:20,255 [main] INFO  ratis.OzoneManagerDoubleBuffer (OzoneManagerDoubleBuffer.java:stop(248)) - Stopping OMDoubleBuffer flush thread
2019-09-16 16:12:20,255 [IPC Server Responder] INFO  ipc.Server (Server.java:run(1319)) - Stopping IPC Server Responder
2019-09-16 16:12:20,275 [OMDoubleBufferFlushThread] INFO  ratis.OzoneManagerDoubleBuffer (OzoneManagerDoubleBuffer.java:flushTransactions(191)) - OMDoubleBuffer flush thread OMDoubleBufferFlushThread is interrupted and will exit. OMDoubleBufferFlushThread
2019-09-16 16:12:20,285 [main] INFO  utils.BackgroundService (BackgroundService.java:shutdown(148)) - Shutting down service KeyDeletingService
2019-09-16 16:12:20,286 [main] INFO  handler.ContextHandler (ContextHandler.java:doStop(910)) - Stopped o.e.j.w.WebAppContext@72b2c5ed{/,null,UNAVAILABLE}{/ozoneManager}
2019-09-16 16:12:20,287 [main] INFO  server.AbstractConnector (AbstractConnector.java:doStop(318)) - Stopped ServerConnector@41f785e3{HTTP/1.1,[http/1.1]}{0.0.0.0:0}
2019-09-16 16:12:20,287 [main] INFO  handler.ContextHandler (ContextHandler.java:doStop(910)) - Stopped o.e.j.s.ServletContextHandler@a21c74{/static,file:///workdir/hadoop-ozone/integration-test/target/test-classes/webapps/static,UNAVAILABLE}
2019-09-16 16:12:20,288 [main] INFO  handler.ContextHandler (ContextHandler.java:doStop(910)) - Stopped o.e.j.s.ServletContextHandler@21dea711{/logs,file:///workdir/hadoop-ozone/integration-test/target/log,UNAVAILABLE}
2019-09-16 16:12:20,290 [main] INFO  ozone.MiniOzoneClusterImpl (MiniOzoneClusterImpl.java:stop(330)) - Shutting the HddsDatanodes
2019-09-16 16:12:20,494 [grpc-default-executor-8] INFO  client.GrpcClientProtocolClient (GrpcClientProtocolClient.java:onNext(264)) - client-93A1AFB8750E->9d2039f6-83db-48a1-8135-cf47e7a8363c: receive RaftClientReply:client-93A1AFB8750E->9d2039f6-83db-48a1-8135-cf47e7a8363c@group-6BCB69ED9461, cid=218, SUCCESS, logIndex=0, commits[9d2039f6-83db-48a1-8135-cf47e7a8363c:c6, 23cf4444-ca2a-4bbc-9c88-b800cc79eebe:c3, ee806f6d-6c4f-4753-aa8f-56b5acae312a:c6]
2019-09-16 16:12:20,494 [grpc-default-executor-8] INFO  client.GrpcClientProtocolClient (GrpcClientProtocolClient.java:onNext(264)) - client-93A1AFB8750E->9d2039f6-83db-48a1-8135-cf47e7a8363c: receive RaftClientReply:client-93A1AFB8750E->9d2039f6-83db-48a1-8135-cf47e7a8363c@group-6BCB69ED9461, cid=217, SUCCESS, logIndex=0, commits[9d2039f6-83db-48a1-8135-cf47e7a8363c:c6, 23cf4444-ca2a-4bbc-9c88-b800cc79eebe:c6, ee806f6d-6c4f-4753-aa8f-56b5acae312a:c6]
2019-09-16 16:12:20,930 [Datanode State Machine Thread - 0] INFO  statemachine.DatanodeStateMachine (DatanodeStateMachine.java:lambda$startDaemon$0(350)) - Ozone container server started.
2019-09-16 16:12:21,163 [Datanode State Machine Thread - 0] INFO  statemachine.DatanodeStateMachine (DatanodeStateMachine.java:lambda$startDaemon$0(350)) - Ozone container server started.
2019-09-16 16:12:24,992 [EventQueue-StaleNodeForStaleNodeHandler] INFO  node.StaleNodeHandler (StaleNodeHandler.java:onMessage(58)) - Datanode 23cf4444-ca2a-4bbc-9c88-b800cc79eebe{ip: 192.168.157.233, host: pr-hdds-2120-x62sn-1884063469, networkLocation: /default-rack, certSerialId: null} moved to stale state. Finalizing its pipelines [PipelineID=59950fbe-8e0e-4389-b97e-6bcb69ed9461, PipelineID=9456db6b-ebb7-47fd-8564-7c40ba2a6b76]
2019-09-16 16:12:24,994 [EventQueue-StaleNodeForStaleNodeHandler] INFO  pipeline.SCMPipelineManager (SCMPipelineManager.java:finalizeAndDestroyPipeline(311)) - destroying pipeline:Pipeline[ Id: 59950fbe-8e0e-4389-b97e-6bcb69ed9461, Nodes: 23cf4444-ca2a-4bbc-9c88-b800cc79eebe{ip: 192.168.157.233, host: pr-hdds-2120-x62sn-1884063469, networkLocation: /default-rack, certSerialId: null}9d2039f6-83db-48a1-8135-cf47e7a8363c{ip: 192.168.157.233, host: pr-hdds-2120-x62sn-1884063469, networkLocation: /default-rack, certSerialId: null}ee806f6d-6c4f-4753-aa8f-56b5acae312a{ip: 192.168.157.233, host: pr-hdds-2120-x62sn-1884063469, networkLocation: /default-rack, certSerialId: null}, Type:RATIS, Factor:THREE, State:OPEN]
2019-09-16 16:12:24,994 [EventQueue-StaleNodeForStaleNodeHandler] INFO  pipeline.PipelineStateManager (PipelineStateManager.java:finalizePipeline(123)) - Pipeline Pipeline[ Id: 59950fbe-8e0e-4389-b97e-6bcb69ed9461, Nodes: 23cf4444-ca2a-4bbc-9c88-b800cc79eebe{ip: 192.168.157.233, host: pr-hdds-2120-x62sn-1884063469, networkLocation: /default-rack, certSerialId: null}9d2039f6-83db-48a1-8135-cf47e7a8363c{ip: 192.168.157.233, host: pr-hdds-2120-x62sn-1884063469, networkLocation: /default-rack, certSerialId: null}ee806f6d-6c4f-4753-aa8f-56b5acae312a{ip: 192.168.157.233, host: pr-hdds-2120-x62sn-1884063469, networkLocation: /default-rack, certSerialId: null}, Type:RATIS, Factor:THREE, State:CLOSED] moved to CLOSED state
2019-09-16 16:12:24,995 [EventQueue-CloseContainerForCloseContainerEventHandler] INFO  container.CloseContainerEventHandler (CloseContainerEventHandler.java:onMessage(61)) - Close container Event triggered for container : #1
2019-09-16 16:12:24,998 [EventQueue-StaleNodeForStaleNodeHandler] INFO  pipeline.SCMPipelineManager (SCMPipelineManager.java:finalizeAndDestroyPipeline(311)) - destroying pipeline:Pipeline[ Id: 9456db6b-ebb7-47fd-8564-7c40ba2a6b76, Nodes: 23cf4444-ca2a-4bbc-9c88-b800cc79eebe{ip: 192.168.157.233, host: pr-hdds-2120-x62sn-1884063469, networkLocation: /default-rack, certSerialId: null}, Type:RATIS, Factor:ONE, State:OPEN]
2019-09-16 16:12:25,000 [EventQueue-StaleNodeForStaleNodeHandler] INFO  pipeline.PipelineStateManager (PipelineStateManager.java:finalizePipeline(123)) - Pipeline Pipeline[ Id: 9456db6b-ebb7-47fd-8564-7c40ba2a6b76, Nodes: 23cf4444-ca2a-4bbc-9c88-b800cc79eebe{ip: 192.168.157.233, host: pr-hdds-2120-x62sn-1884063469, networkLocation: /default-rack, certSerialId: null}, Type:RATIS, Factor:ONE, State:CLOSED] moved to CLOSED state
2019-09-16 16:12:25,193 [EventQueue-StaleNodeForStaleNodeHandler] INFO  node.StaleNodeHandler (StaleNodeHandler.java:onMessage(58)) - Datanode c1ed4a45-b557-456c-8fa1-562ac4336c62{ip: 192.168.157.233, host: pr-hdds-2120-x62sn-1884063469, networkLocation: /default-rack, certSerialId: null} moved to stale state. Finalizing its pipelines [PipelineID=bd4f472c-13b1-4015-b3a8-5c3d8c9afc60, PipelineID=4e871105-90d7-4b9b-90bd-75fa9e35f394]
2019-09-16 16:12:25,193 [EventQueue-StaleNodeForStaleNodeHandler] INFO  pipeline.SCMPipelineManager (SCMPipelineManager.java:finalizeAndDestroyPipeline(311)) - destroying pipeline:Pipeline[ Id: bd4f472c-13b1-4015-b3a8-5c3d8c9afc60, Nodes: c1ed4a45-b557-456c-8fa1-562ac4336c62{ip: 192.168.157.233, host: pr-hdds-2120-x62sn-1884063469, networkLocation: /default-rack, certSerialId: null}, Type:RATIS, Factor:ONE, State:OPEN]
2019-09-16 16:12:25,193 [EventQueue-StaleNodeForStaleNodeHandler] INFO  pipeline.PipelineStateManager (PipelineStateManager.java:finalizePipeline(123)) - Pipeline Pipeline[ Id: bd4f472c-13b1-4015-b3a8-5c3d8c9afc60, Nodes: c1ed4a45-b557-456c-8fa1-562ac4336c62{ip: 192.168.157.233, host: pr-hdds-2120-x62sn-1884063469, networkLocation: /default-rack, certSerialId: null}, Type:RATIS, Factor:ONE, State:CLOSED] moved to CLOSED state
2019-09-16 16:12:25,194 [EventQueue-StaleNodeForStaleNodeHandler] INFO  pipeline.SCMPipelineManager (SCMPipelineManager.java:finalizeAndDestroyPipeline(311)) - destroying pipeline:Pipeline[ Id: 4e871105-90d7-4b9b-90bd-75fa9e35f394, Nodes: 0f6886e7-2fba-419e-9eb8-1424d397aa24{ip: 192.168.157.233, host: pr-hdds-2120-x62sn-1884063469, networkLocation: /default-rack, certSerialId: null}247be69b-caa1-4ba0-a842-b83920b502da{ip: 192.168.157.233, host: pr-hdds-2120-x62sn-1884063469, networkLocation: /default-rack, certSerialId: null}c1ed4a45-b557-456c-8fa1-562ac4336c62{ip: 192.168.157.233, host: pr-hdds-2120-x62sn-1884063469, networkLocation: /default-rack, certSerialId: null}, Type:RATIS, Factor:THREE, State:OPEN]
2019-09-16 16:12:25,194 [EventQueue-StaleNodeForStaleNodeHandler] INFO  pipeline.PipelineStateManager (PipelineStateManager.java:finalizePipeline(123)) - Pipeline Pipeline[ Id: 4e871105-90d7-4b9b-90bd-75fa9e35f394, Nodes: 0f6886e7-2fba-419e-9eb8-1424d397aa24{ip: 192.168.157.233, host: pr-hdds-2120-x62sn-1884063469, networkLocation: /default-rack, certSerialId: null}247be69b-caa1-4ba0-a842-b83920b502da{ip: 192.168.157.233, host: pr-hdds-2120-x62sn-1884063469, networkLocation: /default-rack, certSerialId: null}c1ed4a45-b557-456c-8fa1-562ac4336c62{ip: 192.168.157.233, host: pr-hdds-2120-x62sn-1884063469, networkLocation: /default-rack, certSerialId: null}, Type:RATIS, Factor:THREE, State:CLOSED] moved to CLOSED state
2019-09-16 16:12:25,194 [EventQueue-CloseContainerForCloseContainerEventHandler] INFO  container.CloseContainerEventHandler (CloseContainerEventHandler.java:onMessage(61)) - Close container Event triggered for container : #2
2019-09-16 16:12:25,291 [ForkJoinPool.commonPool-worker-0] INFO  ozoneimpl.OzoneContainer (OzoneContainer.java:stop(231)) - Attempting to stop container services.
2019-09-16 16:12:25,291 [main] INFO  ozoneimpl.OzoneContainer (OzoneContainer.java:stop(231)) - Attempting to stop container services.
2019-09-16 16:12:25,295 [ForkJoinPool.commonPool-worker-0] INFO  impl.RaftServerProxy (RaftServerProxy.java:lambda$close$4(314)) - 23cf4444-ca2a-4bbc-9c88-b800cc79eebe: close
2019-09-16 16:12:25,296 [main] INFO  impl.RaftServerProxy (RaftServerProxy.java:lambda$close$4(314)) - c1ed4a45-b557-456c-8fa1-562ac4336c62: close
2019-09-16 16:12:25,296 [ForkJoinPool.commonPool-worker-0] INFO  impl.RaftServerImpl (RaftServerImpl.java:lambda$shutdown$3(251)) - 23cf4444-ca2a-4bbc-9c88-b800cc79eebe@group-6BCB69ED9461: shutdown
2019-09-16 16:12:25,296 [main] INFO  impl.RaftServerImpl (RaftServerImpl.java:lambda$shutdown$3(251)) - c1ed4a45-b557-456c-8fa1-562ac4336c62@group-5C3D8C9AFC60: shutdown
2019-09-16 16:12:25,296 [ForkJoinPool.commonPool-worker-0] INFO  util.JmxRegister (JmxRegister.java:unregister(73)) - Successfully un-registered JMX Bean with object name Ratis:service=RaftServer,group=group-6BCB69ED9461,id=23cf4444-ca2a-4bbc-9c88-b800cc79eebe
2019-09-16 16:12:25,297 [main] INFO  util.JmxRegister (JmxRegister.java:unregister(73)) - Successfully un-registered JMX Bean with object name Ratis:service=RaftServer,group=group-5C3D8C9AFC60,id=c1ed4a45-b557-456c-8fa1-562ac4336c62
2019-09-16 16:12:25,297 [ForkJoinPool.commonPool-worker-0] INFO  impl.RoleInfo (RoleInfo.java:shutdownFollowerState(121)) - 23cf4444-ca2a-4bbc-9c88-b800cc79eebe: shutdown FollowerState
2019-09-16 16:12:25,297 [main] INFO  impl.RoleInfo (RoleInfo.java:shutdownLeaderState(104)) - c1ed4a45-b557-456c-8fa1-562ac4336c62: shutdown LeaderState
2019-09-16 16:12:25,298 [Thread-3593] INFO  impl.FollowerState (FollowerState.java:run(115)) - 23cf4444-ca2a-4bbc-9c88-b800cc79eebe: FollowerState was interrupted: java.lang.InterruptedException: sleep interrupted
2019-09-16 16:12:25,298 [ForkJoinPool.commonPool-worker-0] INFO  impl.StateMachineUpdater (StateMachineUpdater.java:stopAndJoin(125)) - 23cf4444-ca2a-4bbc-9c88-b800cc79eebe@group-6BCB69ED9461-StateMachineUpdater: set stopIndex = 6
2019-09-16 16:12:25,298 [main] INFO  impl.PendingRequests (PendingRequests.java:sendNotLeaderResponses(202)) - c1ed4a45-b557-456c-8fa1-562ac4336c62-PendingRequests: sendNotLeaderResponses
2019-09-16 16:12:25,298 [23cf4444-ca2a-4bbc-9c88-b800cc79eebe@group-6BCB69ED9461-StateMachineUpdater] INFO  ratis.ContainerStateMachine (ContainerStateMachine.java:takeSnapshot(289)) - group-6BCB69ED9461: Taking a snapshot at:(t:1, i:6) file /workdir/hadoop-ozone/integration-test/target/test-dir/MiniOzoneClusterImpl-e8aa87c8-ea32-4e45-b939-9d01c2f9b91f/datanode-1/data/ratis/59950fbe-8e0e-4389-b97e-6bcb69ed9461/sm/snapshot.1_6
2019-09-16 16:12:25,302 [main] INFO  impl.StateMachineUpdater (StateMachineUpdater.java:stopAndJoin(125)) - c1ed4a45-b557-456c-8fa1-562ac4336c62@group-5C3D8C9AFC60-StateMachineUpdater: set stopIndex = 0
2019-09-16 16:12:25,302 [main] INFO  impl.RaftServerImpl (ServerState.java:close(385)) - c1ed4a45-b557-456c-8fa1-562ac4336c62@group-5C3D8C9AFC60: closes. applyIndex: 0
2019-09-16 16:12:25,303 [c1ed4a45-b557-456c-8fa1-562ac4336c62@group-5C3D8C9AFC60-SegmentedRaftLogWorker] INFO  segmented.SegmentedRaftLogWorker (SegmentedRaftLogWorker.java:run(313)) - c1ed4a45-b557-456c-8fa1-562ac4336c62@group-5C3D8C9AFC60-SegmentedRaftLogWorker was interrupted, exiting. There are 0 tasks remaining in the queue.
2019-09-16 16:12:25,305 [main] INFO  segmented.SegmentedRaftLogWorker (SegmentedRaftLogWorker.java:close(228)) - c1ed4a45-b557-456c-8fa1-562ac4336c62@group-5C3D8C9AFC60-SegmentedRaftLogWorker close()
2019-09-16 16:12:25,309 [main] INFO  impl.RaftServerImpl (RaftServerImpl.java:lambda$shutdown$3(251)) - c1ed4a45-b557-456c-8fa1-562ac4336c62@group-75FA9E35F394: shutdown
2019-09-16 16:12:25,309 [main] INFO  util.JmxRegister (JmxRegister.java:unregister(73)) - Successfully un-registered JMX Bean with object name Ratis:service=RaftServer,group=group-75FA9E35F394,id=c1ed4a45-b557-456c-8fa1-562ac4336c62
2019-09-16 16:12:25,310 [main] INFO  impl.RoleInfo (RoleInfo.java:shutdownFollowerState(121)) - c1ed4a45-b557-456c-8fa1-562ac4336c62: shutdown FollowerState
2019-09-16 16:12:25,310 [main] INFO  impl.StateMachineUpdater (StateMachineUpdater.java:stopAndJoin(125)) - c1ed4a45-b557-456c-8fa1-562ac4336c62@group-75FA9E35F394-StateMachineUpdater: set stopIndex = 6
2019-09-16 16:12:25,310 [Thread-3623] INFO  impl.FollowerState (FollowerState.java:run(115)) - c1ed4a45-b557-456c-8fa1-562ac4336c62: FollowerState was interrupted: java.lang.InterruptedException: sleep interrupted
2019-09-16 16:12:25,310 [c1ed4a45-b557-456c-8fa1-562ac4336c62@group-75FA9E35F394-StateMachineUpdater] INFO  ratis.ContainerStateMachine (ContainerStateMachine.java:takeSnapshot(289)) - group-75FA9E35F394: Taking a snapshot at:(t:1, i:4) file /workdir/hadoop-ozone/integration-test/target/test-dir/MiniOzoneClusterImpl-e8aa87c8-ea32-4e45-b939-9d01c2f9b91f/datanode-4/data/ratis/4e871105-90d7-4b9b-90bd-75fa9e35f394/sm/snapshot.1_4
2019-09-16 16:12:25,328 [23cf4444-ca2a-4bbc-9c88-b800cc79eebe@group-6BCB69ED9461-StateMachineUpdater] INFO  ratis.ContainerStateMachine (ContainerStateMachine.java:takeSnapshot(300)) - group-6BCB69ED9461: Finished taking a snapshot at:(t:1, i:6) file:/workdir/hadoop-ozone/integration-test/target/test-dir/MiniOzoneClusterImpl-e8aa87c8-ea32-4e45-b939-9d01c2f9b91f/datanode-1/data/ratis/59950fbe-8e0e-4389-b97e-6bcb69ed9461/sm/snapshot.1_6 time:30
2019-09-16 16:12:25,328 [c1ed4a45-b557-456c-8fa1-562ac4336c62@group-75FA9E35F394-StateMachineUpdater] INFO  ratis.ContainerStateMachine (ContainerStateMachine.java:takeSnapshot(300)) - group-75FA9E35F394: Finished taking a snapshot at:(t:1, i:4) file:/workdir/hadoop-ozone/integration-test/target/test-dir/MiniOzoneClusterImpl-e8aa87c8-ea32-4e45-b939-9d01c2f9b91f/datanode-4/data/ratis/4e871105-90d7-4b9b-90bd-75fa9e35f394/sm/snapshot.1_4 time:17
2019-09-16 16:12:25,328 [23cf4444-ca2a-4bbc-9c88-b800cc79eebe@group-6BCB69ED9461-StateMachineUpdater] INFO  impl.StateMachineUpdater (StateMachineUpdater.java:takeSnapshot(258)) - 23cf4444-ca2a-4bbc-9c88-b800cc79eebe@group-6BCB69ED9461-StateMachineUpdater: Took a snapshot at index 6
2019-09-16 16:12:25,328 [c1ed4a45-b557-456c-8fa1-562ac4336c62@group-75FA9E35F394-StateMachineUpdater] INFO  impl.StateMachineUpdater (StateMachineUpdater.java:takeSnapshot(258)) - c1ed4a45-b557-456c-8fa1-562ac4336c62@group-75FA9E35F394-StateMachineUpdater: Took a snapshot at index 4
2019-09-16 16:12:25,328 [23cf4444-ca2a-4bbc-9c88-b800cc79eebe@group-6BCB69ED9461-StateMachineUpdater] INFO  impl.StateMachineUpdater (StateMachineUpdater.java:lambda$new$0(83)) - 23cf4444-ca2a-4bbc-9c88-b800cc79eebe@group-6BCB69ED9461-StateMachineUpdater: snapshotIndex: updateIncreasingly -1 -> 6
2019-09-16 16:12:25,328 [c1ed4a45-b557-456c-8fa1-562ac4336c62@group-75FA9E35F394-StateMachineUpdater] INFO  impl.StateMachineUpdater (StateMachineUpdater.java:lambda$new$0(83)) - c1ed4a45-b557-456c-8fa1-562ac4336c62@group-75FA9E35F394-StateMachineUpdater: snapshotIndex: updateIncreasingly -1 -> 4
2019-09-16 16:12:25,329 [c1ed4a45-b557-456c-8fa1-562ac4336c62@group-75FA9E35F394-StateMachineUpdater] INFO  ratis.ContainerStateMachine (ContainerStateMachine.java:takeSnapshot(289)) - group-75FA9E35F394: Taking a snapshot at:(t:1, i:4) file /workdir/hadoop-ozone/integration-test/target/test-dir/MiniOzoneClusterImpl-e8aa87c8-ea32-4e45-b939-9d01c2f9b91f/datanode-4/data/ratis/4e871105-90d7-4b9b-90bd-75fa9e35f394/sm/snapshot.1_4
2019-09-16 16:12:25,329 [ForkJoinPool.commonPool-worker-0] INFO  impl.RaftServerImpl (ServerState.java:close(385)) - 23cf4444-ca2a-4bbc-9c88-b800cc79eebe@group-6BCB69ED9461: closes. applyIndex: 6
2019-09-16 16:12:25,329 [23cf4444-ca2a-4bbc-9c88-b800cc79eebe@group-6BCB69ED9461-SegmentedRaftLogWorker] INFO  segmented.SegmentedRaftLogWorker (SegmentedRaftLogWorker.java:run(313)) - 23cf4444-ca2a-4bbc-9c88-b800cc79eebe@group-6BCB69ED9461-SegmentedRaftLogWorker was interrupted, exiting. There are 0 tasks remaining in the queue.
2019-09-16 16:12:25,331 [ForkJoinPool.commonPool-worker-0] INFO  segmented.SegmentedRaftLogWorker (SegmentedRaftLogWorker.java:close(228)) - 23cf4444-ca2a-4bbc-9c88-b800cc79eebe@group-6BCB69ED9461-SegmentedRaftLogWorker close()
2019-09-16 16:12:25,335 [ForkJoinPool.commonPool-worker-0] INFO  impl.RaftServerImpl (RaftServerImpl.java:lambda$shutdown$3(251)) - 23cf4444-ca2a-4bbc-9c88-b800cc79eebe@group-7C40BA2A6B76: shutdown
2019-09-16 16:12:25,335 [ForkJoinPool.commonPool-worker-0] INFO  util.JmxRegister (JmxRegister.java:unregister(73)) - Successfully un-registered JMX Bean with object name Ratis:service=RaftServer,group=group-7C40BA2A6B76,id=23cf4444-ca2a-4bbc-9c88-b800cc79eebe
2019-09-16 16:12:25,336 [ForkJoinPool.commonPool-worker-0] INFO  impl.RoleInfo (RoleInfo.java:shutdownLeaderState(104)) - 23cf4444-ca2a-4bbc-9c88-b800cc79eebe: shutdown LeaderState
2019-09-16 16:12:25,336 [ForkJoinPool.commonPool-worker-0] INFO  impl.PendingRequests (PendingRequests.java:sendNotLeaderResponses(202)) - 23cf4444-ca2a-4bbc-9c88-b800cc79eebe-PendingRequests: sendNotLeaderResponses
2019-09-16 16:12:25,336 [ForkJoinPool.commonPool-worker-0] INFO  impl.StateMachineUpdater (StateMachineUpdater.java:stopAndJoin(125)) - 23cf4444-ca2a-4bbc-9c88-b800cc79eebe@group-7C40BA2A6B76-StateMachineUpdater: set stopIndex = 0
2019-09-16 16:12:25,336 [ForkJoinPool.commonPool-worker-0] INFO  impl.RaftServerImpl (ServerState.java:close(385)) - 23cf4444-ca2a-4bbc-9c88-b800cc79eebe@group-7C40BA2A6B76: closes. applyIndex: 0
2019-09-16 16:12:25,336 [23cf4444-ca2a-4bbc-9c88-b800cc79eebe@group-7C40BA2A6B76-SegmentedRaftLogWorker] INFO  segmented.SegmentedRaftLogWorker (SegmentedRaftLogWorker.java:run(313)) - 23cf4444-ca2a-4bbc-9c88-b800cc79eebe@group-7C40BA2A6B76-SegmentedRaftLogWorker was interrupted, exiting. There are 0 tasks remaining in the queue.
2019-09-16 16:12:25,338 [ForkJoinPool.commonPool-worker-0] INFO  segmented.SegmentedRaftLogWorker (SegmentedRaftLogWorker.java:close(228)) - 23cf4444-ca2a-4bbc-9c88-b800cc79eebe@group-7C40BA2A6B76-SegmentedRaftLogWorker close()
2019-09-16 16:12:25,342 [c1ed4a45-b557-456c-8fa1-562ac4336c62@group-75FA9E35F394-StateMachineUpdater] INFO  ratis.ContainerStateMachine (ContainerStateMachine.java:takeSnapshot(300)) - group-75FA9E35F394: Finished taking a snapshot at:(t:1, i:4) file:/workdir/hadoop-ozone/integration-test/target/test-dir/MiniOzoneClusterImpl-e8aa87c8-ea32-4e45-b939-9d01c2f9b91f/datanode-4/data/ratis/4e871105-90d7-4b9b-90bd-75fa9e35f394/sm/snapshot.1_4 time:14
2019-09-16 16:12:25,342 [ForkJoinPool.commonPool-worker-0] INFO  server.GrpcService (GrpcService.java:closeImpl(164)) - 23cf4444-ca2a-4bbc-9c88-b800cc79eebe: shutdown server with port 41979 now
2019-09-16 16:12:25,342 [c1ed4a45-b557-456c-8fa1-562ac4336c62@group-75FA9E35F394-StateMachineUpdater] INFO  impl.StateMachineUpdater (StateMachineUpdater.java:takeSnapshot(258)) - c1ed4a45-b557-456c-8fa1-562ac4336c62@group-75FA9E35F394-StateMachineUpdater: Took a snapshot at index 4
2019-09-16 16:12:25,342 [c1ed4a45-b557-456c-8fa1-562ac4336c62@group-75FA9E35F394-StateMachineUpdater] INFO  impl.StateMachineUpdater (StateMachineUpdater.java:lambda$new$0(83)) - c1ed4a45-b557-456c-8fa1-562ac4336c62@group-75FA9E35F394-StateMachineUpdater: snapshotIndex: updateIncreasingly 4 -> 4
2019-09-16 16:12:25,343 [main] INFO  impl.RaftServerImpl (ServerState.java:close(385)) - c1ed4a45-b557-456c-8fa1-562ac4336c62@group-75FA9E35F394: closes. applyIndex: 6
2019-09-16 16:12:25,343 [c1ed4a45-b557-456c-8fa1-562ac4336c62@group-75FA9E35F394-SegmentedRaftLogWorker] INFO  segmented.SegmentedRaftLogWorker (SegmentedRaftLogWorker.java:run(313)) - c1ed4a45-b557-456c-8fa1-562ac4336c62@group-75FA9E35F394-SegmentedRaftLogWorker was interrupted, exiting. There are 0 tasks remaining in the queue.
2019-09-16 16:12:25,345 [main] INFO  segmented.SegmentedRaftLogWorker (SegmentedRaftLogWorker.java:close(228)) - c1ed4a45-b557-456c-8fa1-562ac4336c62@group-75FA9E35F394-SegmentedRaftLogWorker close()
2019-09-16 16:12:25,349 [grpc-default-executor-2] WARN  server.GrpcServerProtocolService (LogUtils.java:warn(134)) - 23cf4444-ca2a-4bbc-9c88-b800cc79eebe: installSnapshot onError, lastRequest: 9d2039f6-83db-48a1-8135-cf47e7a8363c->23cf4444-ca2a-4bbc-9c88-b800cc79eebe#9-t1, previous=(t:1, i:6), leaderCommit=6, initializing? false, entries: <empty>: org.apache.ratis.thirdparty.io.grpc.StatusRuntimeException: CANCELLED: cancelled before receiving half close
2019-09-16 16:12:25,349 [main] INFO  server.GrpcService (GrpcService.java:closeImpl(164)) - c1ed4a45-b557-456c-8fa1-562ac4336c62: shutdown server with port 45625 now
2019-09-16 16:12:25,349 [grpc-default-executor-9] WARN  server.GrpcLogAppender (LogUtils.java:warn(134)) - 9d2039f6-83db-48a1-8135-cf47e7a8363c@group-6BCB69ED9461->23cf4444-ca2a-4bbc-9c88-b800cc79eebe-AppendLogResponseHandler: Failed appendEntries: org.apache.ratis.thirdparty.io.grpc.StatusRuntimeException: CANCELLED: HTTP/2 error code: CANCEL
Received Rst Stream
2019-09-16 16:12:25,349 [ForkJoinPool.commonPool-worker-0] INFO  server.GrpcService (GrpcService.java:closeImpl(172)) - 23cf4444-ca2a-4bbc-9c88-b800cc79eebe: shutdown server with port 41979 successfully
2019-09-16 16:12:25,364 [grpc-default-executor-9] INFO  impl.FollowerInfo (FollowerInfo.java:lambda$new$0(51)) - 9d2039f6-83db-48a1-8135-cf47e7a8363c@group-6BCB69ED9461->23cf4444-ca2a-4bbc-9c88-b800cc79eebe: nextIndex: updateUnconditionally 7 -> 6
2019-09-16 16:12:25,364 [grpc-default-executor-2] WARN  server.GrpcServerProtocolService (LogUtils.java:warn(134)) - c1ed4a45-b557-456c-8fa1-562ac4336c62: installSnapshot onError, lastRequest: 0f6886e7-2fba-419e-9eb8-1424d397aa24->c1ed4a45-b557-456c-8fa1-562ac4336c62#9-t1, previous=(t:1, i:6), leaderCommit=6, initializing? false, entries: <empty>: org.apache.ratis.thirdparty.io.grpc.StatusRuntimeException: CANCELLED: cancelled before receiving half close
2019-09-16 16:12:25,364 [main] INFO  server.GrpcService (GrpcService.java:closeImpl(172)) - c1ed4a45-b557-456c-8fa1-562ac4336c62: shutdown server with port 45625 successfully
2019-09-16 16:12:25,364 [grpc-default-executor-8] WARN  server.GrpcLogAppender (LogUtils.java:warn(134)) - 0f6886e7-2fba-419e-9eb8-1424d397aa24@group-75FA9E35F394->c1ed4a45-b557-456c-8fa1-562ac4336c62-AppendLogResponseHandler: Failed appendEntries: org.apache.ratis.thirdparty.io.grpc.StatusRuntimeException: CANCELLED: HTTP/2 error code: CANCEL
Received Rst Stream
2019-09-16 16:12:25,365 [grpc-default-executor-8] INFO  impl.FollowerInfo (FollowerInfo.java:lambda$new$0(51)) - 0f6886e7-2fba-419e-9eb8-1424d397aa24@group-75FA9E35F394->c1ed4a45-b557-456c-8fa1-562ac4336c62: nextIndex: updateUnconditionally 7 -> 6
2019-09-16 16:12:25,368 [refreshUsed-/workdir/hadoop-ozone/integration-test/target/test-dir/MiniOzoneClusterImpl-e8aa87c8-ea32-4e45-b939-9d01c2f9b91f/datanode-4/data/containers] WARN  fs.CachingGetSpaceUsed (CachingGetSpaceUsed.java:run(183)) - Thread Interrupted waiting to refresh disk information: sleep interrupted
2019-09-16 16:12:25,369 [refreshUsed-/workdir/hadoop-ozone/integration-test/target/test-dir/MiniOzoneClusterImpl-e8aa87c8-ea32-4e45-b939-9d01c2f9b91f/datanode-1/data/containers] WARN  fs.CachingGetSpaceUsed (CachingGetSpaceUsed.java:run(183)) - Thread Interrupted waiting to refresh disk information: sleep interrupted
2019-09-16 16:12:25,385 [main] INFO  utils.BackgroundService (BackgroundService.java:shutdown(148)) - Shutting down service BlockDeletingService
2019-09-16 16:12:25,389 [main] INFO  statemachine.DatanodeStateMachine (DatanodeStateMachine.java:stopDaemon(395)) - Ozone container server stopped.
2019-09-16 16:12:25,390 [main] INFO  handler.ContextHandler (ContextHandler.java:doStop(910)) - Stopped o.e.j.w.WebAppContext@3e52ed5d{/,null,UNAVAILABLE}{/hddsDatanode}
2019-09-16 16:12:25,390 [ForkJoinPool.commonPool-worker-0] INFO  utils.BackgroundService (BackgroundService.java:shutdown(148)) - Shutting down service BlockDeletingService
2019-09-16 16:12:25,394 [ForkJoinPool.commonPool-worker-0] INFO  statemachine.DatanodeStateMachine (DatanodeStateMachine.java:stopDaemon(395)) - Ozone container server stopped.
2019-09-16 16:12:25,394 [main] INFO  server.AbstractConnector (AbstractConnector.java:doStop(318)) - Stopped ServerConnector@6a96d639{HTTP/1.1,[http/1.1]}{0.0.0.0:0}
2019-09-16 16:12:25,400 [ForkJoinPool.commonPool-worker-0] INFO  handler.ContextHandler (ContextHandler.java:doStop(910)) - Stopped o.e.j.w.WebAppContext@3962ec84{/,null,UNAVAILABLE}{/hddsDatanode}
2019-09-16 16:12:25,400 [main] INFO  handler.ContextHandler (ContextHandler.java:doStop(910)) - Stopped o.e.j.s.ServletContextHandler@7604198a{/static,jar:file:/home/user/.m2/repository/org/apache/hadoop/hadoop-hdds-container-service/0.5.0-SNAPSHOT/hadoop-hdds-container-service-0.5.0-SNAPSHOT.jar!/webapps/static,UNAVAILABLE}
2019-09-16 16:12:25,400 [main] INFO  handler.ContextHandler (ContextHandler.java:doStop(910)) - Stopped o.e.j.s.ServletContextHandler@1f7e52d1{/logs,file:///workdir/hadoop-ozone/integration-test/target/log,UNAVAILABLE}
2019-09-16 16:12:25,400 [ForkJoinPool.commonPool-worker-0] INFO  server.AbstractConnector (AbstractConnector.java:doStop(318)) - Stopped ServerConnector@147e0734{HTTP/1.1,[http/1.1]}{0.0.0.0:0}
2019-09-16 16:12:25,407 [ForkJoinPool.commonPool-worker-0] INFO  handler.ContextHandler (ContextHandler.java:doStop(910)) - Stopped o.e.j.s.ServletContextHandler@3ccb12d{/static,jar:file:/home/user/.m2/repository/org/apache/hadoop/hadoop-hdds-container-service/0.5.0-SNAPSHOT/hadoop-hdds-container-service-0.5.0-SNAPSHOT.jar!/webapps/static,UNAVAILABLE}
2019-09-16 16:12:25,408 [ForkJoinPool.commonPool-worker-0] INFO  handler.ContextHandler (ContextHandler.java:doStop(910)) - Stopped o.e.j.s.ServletContextHandler@537b3b2e{/logs,file:///workdir/hadoop-ozone/integration-test/target/log,UNAVAILABLE}
2019-09-16 16:12:25,422 [Datanode State Machine Thread - 0] INFO  statemachine.DatanodeStateMachine (DatanodeStateMachine.java:lambda$startDaemon$0(350)) - Ozone container server started.
2019-09-16 16:12:25,497 [grpc-default-executor-8] WARN  server.GrpcLogAppender (LogUtils.java:warn(134)) - 9d2039f6-83db-48a1-8135-cf47e7a8363c@group-6BCB69ED9461->23cf4444-ca2a-4bbc-9c88-b800cc79eebe-AppendLogResponseHandler: Failed appendEntries: org.apache.ratis.thirdparty.io.grpc.StatusRuntimeException: UNAVAILABLE: io exception
2019-09-16 16:12:25,498 [grpc-default-executor-8] INFO  impl.FollowerInfo (FollowerInfo.java:lambda$new$0(51)) - 9d2039f6-83db-48a1-8135-cf47e7a8363c@group-6BCB69ED9461->23cf4444-ca2a-4bbc-9c88-b800cc79eebe: nextIndex: updateUnconditionally 6 -> 5
2019-09-16 16:12:25,931 [Datanode State Machine Thread - 0] INFO  statemachine.DatanodeStateMachine (DatanodeStateMachine.java:lambda$startDaemon$0(350)) - Ozone container server started.
2019-09-16 16:12:26,951 [grpc-default-executor-9] WARN  server.GrpcLogAppender (LogUtils.java:warn(134)) - 9d2039f6-83db-48a1-8135-cf47e7a8363c@group-6BCB69ED9461->23cf4444-ca2a-4bbc-9c88-b800cc79eebe-AppendLogResponseHandler: Failed appendEntries: org.apache.ratis.thirdparty.io.grpc.StatusRuntimeException: UNAVAILABLE: io exception
2019-09-16 16:12:26,951 [grpc-default-executor-9] INFO  impl.FollowerInfo (FollowerInfo.java:lambda$new$0(51)) - 9d2039f6-83db-48a1-8135-cf47e7a8363c@group-6BCB69ED9461->23cf4444-ca2a-4bbc-9c88-b800cc79eebe: nextIndex: updateUnconditionally 6 -> 5
2019-09-16 16:12:26,962 [grpc-default-executor-2] WARN  server.GrpcLogAppender (LogUtils.java:warn(134)) - 9d2039f6-83db-48a1-8135-cf47e7a8363c@group-6BCB69ED9461->23cf4444-ca2a-4bbc-9c88-b800cc79eebe-AppendLogResponseHandler: Failed appendEntries: org.apache.ratis.thirdparty.io.grpc.StatusRuntimeException: UNAVAILABLE: io exception
2019-09-16 16:12:26,963 [grpc-default-executor-2] INFO  impl.FollowerInfo (FollowerInfo.java:lambda$new$0(51)) - 9d2039f6-83db-48a1-8135-cf47e7a8363c@group-6BCB69ED9461->23cf4444-ca2a-4bbc-9c88-b800cc79eebe: nextIndex: updateUnconditionally 6 -> 5
2019-09-16 16:12:26,975 [grpc-default-executor-9] WARN  server.GrpcLogAppender (LogUtils.java:warn(134)) - 9d2039f6-83db-48a1-8135-cf47e7a8363c@group-6BCB69ED9461->23cf4444-ca2a-4bbc-9c88-b800cc79eebe-AppendLogResponseHandler: Failed appendEntries: org.apache.ratis.thirdparty.io.grpc.StatusRuntimeException: UNAVAILABLE: io exception
2019-09-16 16:12:26,975 [grpc-default-executor-9] INFO  impl.FollowerInfo (FollowerInfo.java:lambda$new$0(51)) - 9d2039f6-83db-48a1-8135-cf47e7a8363c@group-6BCB69ED9461->23cf4444-ca2a-4bbc-9c88-b800cc79eebe: nextIndex: updateUnconditionally 6 -> 5
2019-09-16 16:12:26,987 [RatisApplyTransactionExecutor 1] INFO  interfaces.Container (KeyValueContainer.java:flushAndSyncDB(386)) - Container 1 is synced with bcsId 4.
2019-09-16 16:12:26,987 [RatisApplyTransactionExecutor 1] INFO  interfaces.Container (KeyValueContainer.java:flushAndSyncDB(386)) - Container 1 is synced with bcsId 4.
2019-09-16 16:12:27,003 [RatisApplyTransactionExecutor 1] INFO  interfaces.Container (KeyValueContainer.java:close(335)) - Container 1 is closed with bcsId 4.
2019-09-16 16:12:27,004 [RatisApplyTransactionExecutor 1] INFO  interfaces.Container (KeyValueContainer.java:flushAndSyncDB(386)) - Container 1 is synced with bcsId 4.
2019-09-16 16:12:27,004 [RatisApplyTransactionExecutor 1] INFO  interfaces.Container (KeyValueContainer.java:flushAndSyncDB(386)) - Container 1 is synced with bcsId 4.
2019-09-16 16:12:27,004 [EventQueue-IncrementalContainerReportForIncrementalContainerReportHandler] INFO  container.IncrementalContainerReportHandler (AbstractContainerReportHandler.java:updateContainerState(176)) - Moving container #1 to CLOSED state, datanode 9d2039f6-83db-48a1-8135-cf47e7a8363c{ip: 192.168.157.233, host: pr-hdds-2120-x62sn-1884063469, networkLocation: /default-rack, certSerialId: null} reported CLOSED replica.
2019-09-16 16:12:27,018 [RatisApplyTransactionExecutor 1] INFO  interfaces.Container (KeyValueContainer.java:close(335)) - Container 1 is closed with bcsId 4.
2019-09-16 16:12:27,181 [grpc-default-executor-8] WARN  server.GrpcLogAppender (LogUtils.java:warn(134)) - 0f6886e7-2fba-419e-9eb8-1424d397aa24@group-75FA9E35F394->c1ed4a45-b557-456c-8fa1-562ac4336c62-AppendLogResponseHandler: Failed appendEntries: org.apache.ratis.thirdparty.io.grpc.StatusRuntimeException: UNAVAILABLE: io exception
2019-09-16 16:12:27,181 [grpc-default-executor-8] INFO  impl.FollowerInfo (FollowerInfo.java:lambda$new$0(51)) - 0f6886e7-2fba-419e-9eb8-1424d397aa24@group-75FA9E35F394->c1ed4a45-b557-456c-8fa1-562ac4336c62: nextIndex: updateUnconditionally 7 -> 6
2019-09-16 16:12:27,194 [grpc-default-executor-2] WARN  server.GrpcLogAppender (LogUtils.java:warn(134)) - 0f6886e7-2fba-419e-9eb8-1424d397aa24@group-75FA9E35F394->c1ed4a45-b557-456c-8fa1-562ac4336c62-AppendLogResponseHandler: Failed appendEntries: org.apache.ratis.thirdparty.io.grpc.StatusRuntimeException: UNAVAILABLE: io exception
2019-09-16 16:12:27,194 [grpc-default-executor-2] INFO  impl.FollowerInfo (FollowerInfo.java:lambda$new$0(51)) - 0f6886e7-2fba-419e-9eb8-1424d397aa24@group-75FA9E35F394->c1ed4a45-b557-456c-8fa1-562ac4336c62: nextIndex: updateUnconditionally 7 -> 6
2019-09-16 16:12:27,205 [grpc-default-executor-8] WARN  server.GrpcLogAppender (LogUtils.java:warn(134)) - 0f6886e7-2fba-419e-9eb8-1424d397aa24@group-75FA9E35F394->c1ed4a45-b557-456c-8fa1-562ac4336c62-AppendLogResponseHandler: Failed appendEntries: org.apache.ratis.thirdparty.io.grpc.StatusRuntimeException: UNAVAILABLE: io exception
2019-09-16 16:12:27,205 [grpc-default-executor-8] INFO  impl.FollowerInfo (FollowerInfo.java:lambda$new$0(51)) - 0f6886e7-2fba-419e-9eb8-1424d397aa24@group-75FA9E35F394->c1ed4a45-b557-456c-8fa1-562ac4336c62: nextIndex: updateUnconditionally 7 -> 6
2019-09-16 16:12:27,223 [RatisApplyTransactionExecutor 2] INFO  interfaces.Container (KeyValueContainer.java:flushAndSyncDB(386)) - Container 2 is synced with bcsId 4.
2019-09-16 16:12:27,223 [RatisApplyTransactionExecutor 2] INFO  interfaces.Container (KeyValueContainer.java:flushAndSyncDB(386)) - Container 2 is synced with bcsId 4.
2019-09-16 16:12:27,224 [RatisApplyTransactionExecutor 2] INFO  interfaces.Container (KeyValueContainer.java:flushAndSyncDB(386)) - Container 2 is synced with bcsId 4.
2019-09-16 16:12:27,224 [RatisApplyTransactionExecutor 2] INFO  interfaces.Container (KeyValueContainer.java:flushAndSyncDB(386)) - Container 2 is synced with bcsId 4.
2019-09-16 16:12:27,234 [RatisApplyTransactionExecutor 2] INFO  interfaces.Container (KeyValueContainer.java:close(335)) - Container 2 is closed with bcsId 4.
2019-09-16 16:12:27,234 [RatisApplyTransactionExecutor 2] INFO  interfaces.Container (KeyValueContainer.java:close(335)) - Container 2 is closed with bcsId 4.
2019-09-16 16:12:27,234 [EventQueue-IncrementalContainerReportForIncrementalContainerReportHandler] INFO  container.IncrementalContainerReportHandler (AbstractContainerReportHandler.java:updateContainerState(176)) - Moving container #2 to CLOSED state, datanode 0f6886e7-2fba-419e-9eb8-1424d397aa24{ip: 192.168.157.233, host: pr-hdds-2120-x62sn-1884063469, networkLocation: /default-rack, certSerialId: null} reported CLOSED replica.
2019-09-16 16:12:29,477 [grpc-default-executor-2] WARN  server.GrpcLogAppender (LogUtils.java:warn(134)) - 9d2039f6-83db-48a1-8135-cf47e7a8363c@group-6BCB69ED9461->23cf4444-ca2a-4bbc-9c88-b800cc79eebe-AppendLogResponseHandler: Failed appendEntries: org.apache.ratis.thirdparty.io.grpc.StatusRuntimeException: UNAVAILABLE: io exception
2019-09-16 16:12:29,478 [grpc-default-executor-2] INFO  impl.FollowerInfo (FollowerInfo.java:lambda$new$0(51)) - 9d2039f6-83db-48a1-8135-cf47e7a8363c@group-6BCB69ED9461->23cf4444-ca2a-4bbc-9c88-b800cc79eebe: nextIndex: updateUnconditionally 5 -> 4
2019-09-16 16:12:29,501 [EventQueue-StaleNodeForStaleNodeHandler] INFO  node.StaleNodeHandler (StaleNodeHandler.java:onMessage(58)) - Datanode 75c76e04-176b-4989-a235-6881400b7fb1{ip: 192.168.157.233, host: pr-hdds-2120-x62sn-1884063469, networkLocation: /default-rack, certSerialId: null} moved to stale state. Finalizing its pipelines [PipelineID=e76493c5-d96f-4a30-9c09-d8f1cc2a3862]
2019-09-16 16:12:29,502 [EventQueue-StaleNodeForStaleNodeHandler] INFO  pipeline.SCMPipelineManager (SCMPipelineManager.java:finalizeAndDestroyPipeline(311)) - destroying pipeline:Pipeline[ Id: e76493c5-d96f-4a30-9c09-d8f1cc2a3862, Nodes: 75c76e04-176b-4989-a235-6881400b7fb1{ip: 192.168.157.233, host: pr-hdds-2120-x62sn-1884063469, networkLocation: /default-rack, certSerialId: null}, Type:RATIS, Factor:ONE, State:OPEN]
2019-09-16 16:12:29,502 [EventQueue-StaleNodeForStaleNodeHandler] INFO  pipeline.PipelineStateManager (PipelineStateManager.java:finalizePipeline(123)) - Pipeline Pipeline[ Id: e76493c5-d96f-4a30-9c09-d8f1cc2a3862, Nodes: 75c76e04-176b-4989-a235-6881400b7fb1{ip: 192.168.157.233, host: pr-hdds-2120-x62sn-1884063469, networkLocation: /default-rack, certSerialId: null}, Type:RATIS, Factor:ONE, State:CLOSED] moved to CLOSED state
2019-09-16 16:12:29,706 [grpc-default-executor-8] WARN  server.GrpcLogAppender (LogUtils.java:warn(134)) - 0f6886e7-2fba-419e-9eb8-1424d397aa24@group-75FA9E35F394->c1ed4a45-b557-456c-8fa1-562ac4336c62-AppendLogResponseHandler: Failed appendEntries: org.apache.ratis.thirdparty.io.grpc.StatusRuntimeException: UNAVAILABLE: io exception
2019-09-16 16:12:29,707 [grpc-default-executor-8] INFO  impl.FollowerInfo (FollowerInfo.java:lambda$new$0(51)) - 0f6886e7-2fba-419e-9eb8-1424d397aa24@group-75FA9E35F394->c1ed4a45-b557-456c-8fa1-562ac4336c62: nextIndex: updateUnconditionally 6 -> 5
2019-09-16 16:12:30,001 [EventQueue-StaleNodeForStaleNodeHandler] INFO  node.StaleNodeHandler (StaleNodeHandler.java:onMessage(58)) - Datanode ee806f6d-6c4f-4753-aa8f-56b5acae312a{ip: 192.168.157.233, host: pr-hdds-2120-x62sn-1884063469, networkLocation: /default-rack, certSerialId: null} moved to stale state. Finalizing its pipelines [PipelineID=dcb0c85c-5a6a-400f-8f40-0b4a3e3dcc8d, PipelineID=59950fbe-8e0e-4389-b97e-6bcb69ed9461]
2019-09-16 16:12:30,002 [EventQueue-StaleNodeForStaleNodeHandler] INFO  pipeline.SCMPipelineManager (SCMPipelineManager.java:finalizeAndDestroyPipeline(311)) - destroying pipeline:Pipeline[ Id: dcb0c85c-5a6a-400f-8f40-0b4a3e3dcc8d, Nodes: ee806f6d-6c4f-4753-aa8f-56b5acae312a{ip: 192.168.157.233, host: pr-hdds-2120-x62sn-1884063469, networkLocation: /default-rack, certSerialId: null}, Type:RATIS, Factor:ONE, State:OPEN]
2019-09-16 16:12:30,002 [EventQueue-StaleNodeForStaleNodeHandler] INFO  pipeline.PipelineStateManager (PipelineStateManager.java:finalizePipeline(123)) - Pipeline Pipeline[ Id: dcb0c85c-5a6a-400f-8f40-0b4a3e3dcc8d, Nodes: ee806f6d-6c4f-4753-aa8f-56b5acae312a{ip: 192.168.157.233, host: pr-hdds-2120-x62sn-1884063469, networkLocation: /default-rack, certSerialId: null}, Type:RATIS, Factor:ONE, State:CLOSED] moved to CLOSED state
2019-09-16 16:12:30,003 [EventQueue-StaleNodeForStaleNodeHandler] INFO  pipeline.SCMPipelineManager (SCMPipelineManager.java:finalizeAndDestroyPipeline(311)) - destroying pipeline:Pipeline[ Id: 59950fbe-8e0e-4389-b97e-6bcb69ed9461, Nodes: 23cf4444-ca2a-4bbc-9c88-b800cc79eebe{ip: 192.168.157.233, host: pr-hdds-2120-x62sn-1884063469, networkLocation: /default-rack, certSerialId: null}9d2039f6-83db-48a1-8135-cf47e7a8363c{ip: 192.168.157.233, host: pr-hdds-2120-x62sn-1884063469, networkLocation: /default-rack, certSerialId: null}ee806f6d-6c4f-4753-aa8f-56b5acae312a{ip: 192.168.157.233, host: pr-hdds-2120-x62sn-1884063469, networkLocation: /default-rack, certSerialId: null}, Type:RATIS, Factor:THREE, State:CLOSED]
2019-09-16 16:12:30,410 [ForkJoinPool.commonPool-worker-0] INFO  ozoneimpl.OzoneContainer (OzoneContainer.java:stop(231)) - Attempting to stop container services.
2019-09-16 16:12:30,410 [main] INFO  ozoneimpl.OzoneContainer (OzoneContainer.java:stop(231)) - Attempting to stop container services.
2019-09-16 16:12:30,414 [ForkJoinPool.commonPool-worker-0] INFO  impl.RaftServerProxy (RaftServerProxy.java:lambda$close$4(314)) - ee806f6d-6c4f-4753-aa8f-56b5acae312a: close
2019-09-16 16:12:30,415 [main] INFO  impl.RaftServerProxy (RaftServerProxy.java:lambda$close$4(314)) - 75c76e04-176b-4989-a235-6881400b7fb1: close
2019-09-16 16:12:30,415 [ForkJoinPool.commonPool-worker-0] INFO  impl.RaftServerImpl (RaftServerImpl.java:lambda$shutdown$3(251)) - ee806f6d-6c4f-4753-aa8f-56b5acae312a@group-0B4A3E3DCC8D: shutdown
2019-09-16 16:12:30,418 [main] INFO  impl.RaftServerImpl (RaftServerImpl.java:lambda$shutdown$3(251)) - 75c76e04-176b-4989-a235-6881400b7fb1@group-D8F1CC2A3862: shutdown
2019-09-16 16:12:30,418 [ForkJoinPool.commonPool-worker-0] INFO  util.JmxRegister (JmxRegister.java:unregister(73)) - Successfully un-registered JMX Bean with object name Ratis:service=RaftServer,group=group-0B4A3E3DCC8D,id=ee806f6d-6c4f-4753-aa8f-56b5acae312a
2019-09-16 16:12:30,418 [main] INFO  util.JmxRegister (JmxRegister.java:unregister(73)) - Successfully un-registered JMX Bean with object name Ratis:service=RaftServer,group=group-D8F1CC2A3862,id=75c76e04-176b-4989-a235-6881400b7fb1
2019-09-16 16:12:30,419 [ForkJoinPool.commonPool-worker-0] INFO  impl.RoleInfo (RoleInfo.java:shutdownLeaderState(104)) - ee806f6d-6c4f-4753-aa8f-56b5acae312a: shutdown LeaderState
2019-09-16 16:12:30,419 [main] INFO  impl.RoleInfo (RoleInfo.java:shutdownLeaderState(104)) - 75c76e04-176b-4989-a235-6881400b7fb1: shutdown LeaderState
2019-09-16 16:12:30,419 [ForkJoinPool.commonPool-worker-0] INFO  impl.PendingRequests (PendingRequests.java:sendNotLeaderResponses(202)) - ee806f6d-6c4f-4753-aa8f-56b5acae312a-PendingRequests: sendNotLeaderResponses
2019-09-16 16:12:30,419 [main] INFO  impl.PendingRequests (PendingRequests.java:sendNotLeaderResponses(202)) - 75c76e04-176b-4989-a235-6881400b7fb1-PendingRequests: sendNotLeaderResponses
2019-09-16 16:12:30,420 [ForkJoinPool.commonPool-worker-0] INFO  impl.StateMachineUpdater (StateMachineUpdater.java:stopAndJoin(125)) - ee806f6d-6c4f-4753-aa8f-56b5acae312a@group-0B4A3E3DCC8D-StateMachineUpdater: set stopIndex = 0
2019-09-16 16:12:30,420 [main] INFO  impl.StateMachineUpdater (StateMachineUpdater.java:stopAndJoin(125)) - 75c76e04-176b-4989-a235-6881400b7fb1@group-D8F1CC2A3862-StateMachineUpdater: set stopIndex = 0
2019-09-16 16:12:30,420 [ForkJoinPool.commonPool-worker-0] INFO  impl.RaftServerImpl (ServerState.java:close(385)) - ee806f6d-6c4f-4753-aa8f-56b5acae312a@group-0B4A3E3DCC8D: closes. applyIndex: 0
2019-09-16 16:12:30,420 [main] INFO  impl.RaftServerImpl (ServerState.java:close(385)) - 75c76e04-176b-4989-a235-6881400b7fb1@group-D8F1CC2A3862: closes. applyIndex: 0
2019-09-16 16:12:30,421 [ee806f6d-6c4f-4753-aa8f-56b5acae312a@group-0B4A3E3DCC8D-SegmentedRaftLogWorker] INFO  segmented.SegmentedRaftLogWorker (SegmentedRaftLogWorker.java:run(313)) - ee806f6d-6c4f-4753-aa8f-56b5acae312a@group-0B4A3E3DCC8D-SegmentedRaftLogWorker was interrupted, exiting. There are 0 tasks remaining in the queue.
2019-09-16 16:12:30,421 [75c76e04-176b-4989-a235-6881400b7fb1@group-D8F1CC2A3862-SegmentedRaftLogWorker] INFO  segmented.SegmentedRaftLogWorker (SegmentedRaftLogWorker.java:run(313)) - 75c76e04-176b-4989-a235-6881400b7fb1@group-D8F1CC2A3862-SegmentedRaftLogWorker was interrupted, exiting. There are 0 tasks remaining in the queue.
2019-09-16 16:12:30,424 [ForkJoinPool.commonPool-worker-0] INFO  segmented.SegmentedRaftLogWorker (SegmentedRaftLogWorker.java:close(228)) - ee806f6d-6c4f-4753-aa8f-56b5acae312a@group-0B4A3E3DCC8D-SegmentedRaftLogWorker close()
2019-09-16 16:12:30,424 [main] INFO  segmented.SegmentedRaftLogWorker (SegmentedRaftLogWorker.java:close(228)) - 75c76e04-176b-4989-a235-6881400b7fb1@group-D8F1CC2A3862-SegmentedRaftLogWorker close()
2019-09-16 16:12:30,429 [ForkJoinPool.commonPool-worker-0] INFO  impl.RaftServerImpl (RaftServerImpl.java:lambda$shutdown$3(251)) - ee806f6d-6c4f-4753-aa8f-56b5acae312a@group-6BCB69ED9461: shutdown
2019-09-16 16:12:30,433 [main] INFO  server.GrpcService (GrpcService.java:closeImpl(164)) - 75c76e04-176b-4989-a235-6881400b7fb1: shutdown server with port 36622 now
2019-09-16 16:12:30,433 [ForkJoinPool.commonPool-worker-0] INFO  util.JmxRegister (JmxRegister.java:unregister(73)) - Successfully un-registered JMX Bean with object name Ratis:service=RaftServer,group=group-6BCB69ED9461,id=ee806f6d-6c4f-4753-aa8f-56b5acae312a
2019-09-16 16:12:30,434 [ForkJoinPool.commonPool-worker-0] INFO  impl.RoleInfo (RoleInfo.java:shutdownFollowerState(121)) - ee806f6d-6c4f-4753-aa8f-56b5acae312a: shutdown FollowerState
2019-09-16 16:12:30,434 [ForkJoinPool.commonPool-worker-0] INFO  impl.StateMachineUpdater (StateMachineUpdater.java:stopAndJoin(125)) - ee806f6d-6c4f-4753-aa8f-56b5acae312a@group-6BCB69ED9461-StateMachineUpdater: set stopIndex = 8
2019-09-16 16:12:30,434 [Thread-3594] INFO  impl.FollowerState (FollowerState.java:run(115)) - ee806f6d-6c4f-4753-aa8f-56b5acae312a: FollowerState was interrupted: java.lang.InterruptedException: sleep interrupted
2019-09-16 16:12:30,436 [ee806f6d-6c4f-4753-aa8f-56b5acae312a@group-6BCB69ED9461-StateMachineUpdater] INFO  ratis.ContainerStateMachine (ContainerStateMachine.java:takeSnapshot(289)) - group-6BCB69ED9461: Taking a snapshot at:(t:1, i:7) file /workdir/hadoop-ozone/integration-test/target/test-dir/MiniOzoneClusterImpl-e8aa87c8-ea32-4e45-b939-9d01c2f9b91f/datanode-2/data/ratis/59950fbe-8e0e-4389-b97e-6bcb69ed9461/sm/snapshot.1_7
2019-09-16 16:12:30,439 [main] INFO  server.GrpcService (GrpcService.java:closeImpl(172)) - 75c76e04-176b-4989-a235-6881400b7fb1: shutdown server with port 36622 successfully
2019-09-16 16:12:30,442 [refreshUsed-/workdir/hadoop-ozone/integration-test/target/test-dir/MiniOzoneClusterImpl-e8aa87c8-ea32-4e45-b939-9d01c2f9b91f/datanode-3/data/containers] WARN  fs.CachingGetSpaceUsed (CachingGetSpaceUsed.java:run(183)) - Thread Interrupted waiting to refresh disk information: sleep interrupted
2019-09-16 16:12:30,454 [ee806f6d-6c4f-4753-aa8f-56b5acae312a@group-6BCB69ED9461-StateMachineUpdater] INFO  ratis.ContainerStateMachine (ContainerStateMachine.java:takeSnapshot(300)) - group-6BCB69ED9461: Finished taking a snapshot at:(t:1, i:7) file:/workdir/hadoop-ozone/integration-test/target/test-dir/MiniOzoneClusterImpl-e8aa87c8-ea32-4e45-b939-9d01c2f9b91f/datanode-2/data/ratis/59950fbe-8e0e-4389-b97e-6bcb69ed9461/sm/snapshot.1_7 time:20
2019-09-16 16:12:30,454 [ee806f6d-6c4f-4753-aa8f-56b5acae312a@group-6BCB69ED9461-StateMachineUpdater] INFO  impl.StateMachineUpdater (StateMachineUpdater.java:takeSnapshot(258)) - ee806f6d-6c4f-4753-aa8f-56b5acae312a@group-6BCB69ED9461-StateMachineUpdater: Took a snapshot at index 7
2019-09-16 16:12:30,454 [ee806f6d-6c4f-4753-aa8f-56b5acae312a@group-6BCB69ED9461-StateMachineUpdater] INFO  impl.StateMachineUpdater (StateMachineUpdater.java:lambda$new$0(83)) - ee806f6d-6c4f-4753-aa8f-56b5acae312a@group-6BCB69ED9461-StateMachineUpdater: snapshotIndex: updateIncreasingly -1 -> 7
2019-09-16 16:12:30,455 [ee806f6d-6c4f-4753-aa8f-56b5acae312a@group-6BCB69ED9461-StateMachineUpdater] INFO  ratis.ContainerStateMachine (ContainerStateMachine.java:takeSnapshot(289)) - group-6BCB69ED9461: Taking a snapshot at:(t:1, i:7) file /workdir/hadoop-ozone/integration-test/target/test-dir/MiniOzoneClusterImpl-e8aa87c8-ea32-4e45-b939-9d01c2f9b91f/datanode-2/data/ratis/59950fbe-8e0e-4389-b97e-6bcb69ed9461/sm/snapshot.1_7
2019-09-16 16:12:30,460 [main] INFO  utils.BackgroundService (BackgroundService.java:shutdown(148)) - Shutting down service BlockDeletingService
2019-09-16 16:12:30,464 [main] INFO  statemachine.DatanodeStateMachine (DatanodeStateMachine.java:stopDaemon(395)) - Ozone container server stopped.
2019-09-16 16:12:30,465 [main] INFO  handler.ContextHandler (ContextHandler.java:doStop(910)) - Stopped o.e.j.w.WebAppContext@7a55fb81{/,null,UNAVAILABLE}{/hddsDatanode}
2019-09-16 16:12:30,466 [main] INFO  server.AbstractConnector (AbstractConnector.java:doStop(318)) - Stopped ServerConnector@5a3cf878{HTTP/1.1,[http/1.1]}{0.0.0.0:0}
2019-09-16 16:12:30,467 [main] INFO  handler.ContextHandler (ContextHandler.java:doStop(910)) - Stopped o.e.j.s.ServletContextHandler@643ecfef{/static,jar:file:/home/user/.m2/repository/org/apache/hadoop/hadoop-hdds-container-service/0.5.0-SNAPSHOT/hadoop-hdds-container-service-0.5.0-SNAPSHOT.jar!/webapps/static,UNAVAILABLE}
2019-09-16 16:12:30,467 [main] INFO  handler.ContextHandler (ContextHandler.java:doStop(910)) - Stopped o.e.j.s.ServletContextHandler@aa752bb{/logs,file:///workdir/hadoop-ozone/integration-test/target/log,UNAVAILABLE}
2019-09-16 16:12:30,467 [ee806f6d-6c4f-4753-aa8f-56b5acae312a@group-6BCB69ED9461-StateMachineUpdater] INFO  ratis.ContainerStateMachine (ContainerStateMachine.java:takeSnapshot(300)) - group-6BCB69ED9461: Finished taking a snapshot at:(t:1, i:7) file:/workdir/hadoop-ozone/integration-test/target/test-dir/MiniOzoneClusterImpl-e8aa87c8-ea32-4e45-b939-9d01c2f9b91f/datanode-2/data/ratis/59950fbe-8e0e-4389-b97e-6bcb69ed9461/sm/snapshot.1_7 time:12
2019-09-16 16:12:30,468 [ee806f6d-6c4f-4753-aa8f-56b5acae312a@group-6BCB69ED9461-StateMachineUpdater] INFO  impl.StateMachineUpdater (StateMachineUpdater.java:takeSnapshot(258)) - ee806f6d-6c4f-4753-aa8f-56b5acae312a@group-6BCB69ED9461-StateMachineUpdater: Took a snapshot at index 7
2019-09-16 16:12:30,468 [ee806f6d-6c4f-4753-aa8f-56b5acae312a@group-6BCB69ED9461-StateMachineUpdater] INFO  impl.StateMachineUpdater (StateMachineUpdater.java:lambda$new$0(83)) - ee806f6d-6c4f-4753-aa8f-56b5acae312a@group-6BCB69ED9461-StateMachineUpdater: snapshotIndex: updateIncreasingly 7 -> 7
2019-09-16 16:12:30,468 [ForkJoinPool.commonPool-worker-0] INFO  impl.RaftServerImpl (ServerState.java:close(385)) - ee806f6d-6c4f-4753-aa8f-56b5acae312a@group-6BCB69ED9461: closes. applyIndex: 8
2019-09-16 16:12:30,469 [ee806f6d-6c4f-4753-aa8f-56b5acae312a@group-6BCB69ED9461-SegmentedRaftLogWorker] INFO  segmented.SegmentedRaftLogWorker (SegmentedRaftLogWorker.java:run(313)) - ee806f6d-6c4f-4753-aa8f-56b5acae312a@group-6BCB69ED9461-SegmentedRaftLogWorker was interrupted, exiting. There are 0 tasks remaining in the queue.
2019-09-16 16:12:30,470 [ForkJoinPool.commonPool-worker-0] INFO  segmented.SegmentedRaftLogWorker (SegmentedRaftLogWorker.java:close(228)) - ee806f6d-6c4f-4753-aa8f-56b5acae312a@group-6BCB69ED9461-SegmentedRaftLogWorker close()
2019-09-16 16:12:30,482 [ForkJoinPool.commonPool-worker-0] INFO  server.GrpcService (GrpcService.java:closeImpl(164)) - ee806f6d-6c4f-4753-aa8f-56b5acae312a: shutdown server with port 43894 now
2019-09-16 16:12:30,484 [grpc-default-executor-2] WARN  server.GrpcServerProtocolService (LogUtils.java:warn(134)) - ee806f6d-6c4f-4753-aa8f-56b5acae312a: installSnapshot onError, lastRequest: 9d2039f6-83db-48a1-8135-cf47e7a8363c->ee806f6d-6c4f-4753-aa8f-56b5acae312a#13-t1, previous=(t:1, i:8), leaderCommit=8, initializing? false, entries: <empty>: org.apache.ratis.thirdparty.io.grpc.StatusRuntimeException: CANCELLED: cancelled before receiving half close
2019-09-16 16:12:30,484 [ForkJoinPool.commonPool-worker-0] INFO  server.GrpcService (GrpcService.java:closeImpl(172)) - ee806f6d-6c4f-4753-aa8f-56b5acae312a: shutdown server with port 43894 successfully
2019-09-16 16:12:30,484 [grpc-default-executor-8] WARN  server.GrpcLogAppender (LogUtils.java:warn(134)) - 9d2039f6-83db-48a1-8135-cf47e7a8363c@group-6BCB69ED9461->ee806f6d-6c4f-4753-aa8f-56b5acae312a-AppendLogResponseHandler: Failed appendEntries: org.apache.ratis.thirdparty.io.grpc.StatusRuntimeException: CANCELLED: HTTP/2 error code: CANCEL
Received Rst Stream
2019-09-16 16:12:30,484 [grpc-default-executor-8] INFO  impl.FollowerInfo (FollowerInfo.java:lambda$new$0(51)) - 9d2039f6-83db-48a1-8135-cf47e7a8363c@group-6BCB69ED9461->ee806f6d-6c4f-4753-aa8f-56b5acae312a: nextIndex: updateUnconditionally 9 -> 8
2019-09-16 16:12:30,486 [refreshUsed-/workdir/hadoop-ozone/integration-test/target/test-dir/MiniOzoneClusterImpl-e8aa87c8-ea32-4e45-b939-9d01c2f9b91f/datanode-2/data/containers] WARN  fs.CachingGetSpaceUsed (CachingGetSpaceUsed.java:run(183)) - Thread Interrupted waiting to refresh disk information: sleep interrupted
2019-09-16 16:12:30,503 [ForkJoinPool.commonPool-worker-0] INFO  utils.BackgroundService (BackgroundService.java:shutdown(148)) - Shutting down service BlockDeletingService
2019-09-16 16:12:30,513 [ForkJoinPool.commonPool-worker-0] INFO  statemachine.DatanodeStateMachine (DatanodeStateMachine.java:stopDaemon(395)) - Ozone container server stopped.
2019-09-16 16:12:30,517 [ForkJoinPool.commonPool-worker-0] INFO  handler.ContextHandler (ContextHandler.java:doStop(910)) - Stopped o.e.j.w.WebAppContext@45eab322{/,null,UNAVAILABLE}{/hddsDatanode}
2019-09-16 16:12:30,518 [ForkJoinPool.commonPool-worker-0] INFO  server.AbstractConnector (AbstractConnector.java:doStop(318)) - Stopped ServerConnector@f017dd0{HTTP/1.1,[http/1.1]}{0.0.0.0:0}
2019-09-16 16:12:30,518 [ForkJoinPool.commonPool-worker-0] INFO  handler.ContextHandler (ContextHandler.java:doStop(910)) - Stopped o.e.j.s.ServletContextHandler@733534f9{/static,jar:file:/home/user/.m2/repository/org/apache/hadoop/hadoop-hdds-container-service/0.5.0-SNAPSHOT/hadoop-hdds-container-service-0.5.0-SNAPSHOT.jar!/webapps/static,UNAVAILABLE}
2019-09-16 16:12:30,519 [ForkJoinPool.commonPool-worker-0] INFO  handler.ContextHandler (ContextHandler.java:doStop(910)) - Stopped o.e.j.s.ServletContextHandler@6fe04f2a{/logs,file:///workdir/hadoop-ozone/integration-test/target/log,UNAVAILABLE}
2019-09-16 16:12:31,004 [Datanode State Machine Thread - 0] INFO  statemachine.DatanodeStateMachine (DatanodeStateMachine.java:lambda$startDaemon$0(350)) - Ozone container server started.
2019-09-16 16:12:31,235 [Datanode State Machine Thread - 0] INFO  statemachine.DatanodeStateMachine (DatanodeStateMachine.java:lambda$startDaemon$0(350)) - Ozone container server started.
2019-09-16 16:12:31,977 [grpc-default-executor-8] WARN  server.GrpcLogAppender (LogUtils.java:warn(134)) - 9d2039f6-83db-48a1-8135-cf47e7a8363c@group-6BCB69ED9461->23cf4444-ca2a-4bbc-9c88-b800cc79eebe-AppendLogResponseHandler: Failed appendEntries: org.apache.ratis.thirdparty.io.grpc.StatusRuntimeException: UNAVAILABLE: io exception
2019-09-16 16:12:31,978 [grpc-default-executor-8] INFO  impl.FollowerInfo (FollowerInfo.java:lambda$new$0(51)) - 9d2039f6-83db-48a1-8135-cf47e7a8363c@group-6BCB69ED9461->23cf4444-ca2a-4bbc-9c88-b800cc79eebe: nextIndex: updateUnconditionally 4 -> 3
2019-09-16 16:12:31,979 [grpc-default-executor-8] WARN  server.GrpcLogAppender (LogUtils.java:warn(134)) - 9d2039f6-83db-48a1-8135-cf47e7a8363c@group-6BCB69ED9461->ee806f6d-6c4f-4753-aa8f-56b5acae312a-AppendLogResponseHandler: Failed appendEntries: org.apache.ratis.thirdparty.io.grpc.StatusRuntimeException: UNAVAILABLE: io exception
2019-09-16 16:12:31,980 [grpc-default-executor-8] INFO  impl.FollowerInfo (FollowerInfo.java:lambda$new$0(51)) - 9d2039f6-83db-48a1-8135-cf47e7a8363c@group-6BCB69ED9461->ee806f6d-6c4f-4753-aa8f-56b5acae312a: nextIndex: updateUnconditionally 8 -> 7
2019-09-16 16:12:32,207 [grpc-default-executor-8] WARN  server.GrpcLogAppender (LogUtils.java:warn(134)) - 0f6886e7-2fba-419e-9eb8-1424d397aa24@group-75FA9E35F394->c1ed4a45-b557-456c-8fa1-562ac4336c62-AppendLogResponseHandler: Failed appendEntries: org.apache.ratis.thirdparty.io.grpc.StatusRuntimeException: UNAVAILABLE: io exception
2019-09-16 16:12:32,207 [grpc-default-executor-8] INFO  impl.FollowerInfo (FollowerInfo.java:lambda$new$0(51)) - 0f6886e7-2fba-419e-9eb8-1424d397aa24@group-75FA9E35F394->c1ed4a45-b557-456c-8fa1-562ac4336c62: nextIndex: updateUnconditionally 5 -> 4
2019-09-16 16:12:34,479 [grpc-default-executor-8] WARN  server.GrpcLogAppender (LogUtils.java:warn(134)) - 9d2039f6-83db-48a1-8135-cf47e7a8363c@group-6BCB69ED9461->23cf4444-ca2a-4bbc-9c88-b800cc79eebe-AppendLogResponseHandler: Failed appendEntries: org.apache.ratis.thirdparty.io.grpc.StatusRuntimeException: UNAVAILABLE: io exception
2019-09-16 16:12:34,480 [grpc-default-executor-10] WARN  server.GrpcLogAppender (LogUtils.java:warn(134)) - 9d2039f6-83db-48a1-8135-cf47e7a8363c@group-6BCB69ED9461->ee806f6d-6c4f-4753-aa8f-56b5acae312a-AppendLogResponseHandler: Failed appendEntries: org.apache.ratis.thirdparty.io.grpc.StatusRuntimeException: UNAVAILABLE: io exception
2019-09-16 16:12:34,481 [grpc-default-executor-10] INFO  impl.FollowerInfo (FollowerInfo.java:lambda$new$0(51)) - 9d2039f6-83db-48a1-8135-cf47e7a8363c@group-6BCB69ED9461->ee806f6d-6c4f-4753-aa8f-56b5acae312a: nextIndex: updateUnconditionally 7 -> 6
2019-09-16 16:12:34,481 [grpc-default-executor-8] INFO  impl.FollowerInfo (FollowerInfo.java:lambda$new$0(51)) - 9d2039f6-83db-48a1-8135-cf47e7a8363c@group-6BCB69ED9461->23cf4444-ca2a-4bbc-9c88-b800cc79eebe: nextIndex: updateUnconditionally 3 -> 2
2019-09-16 16:12:34,708 [grpc-default-executor-2] WARN  server.GrpcLogAppender (LogUtils.java:warn(134)) - 0f6886e7-2fba-419e-9eb8-1424d397aa24@group-75FA9E35F394->c1ed4a45-b557-456c-8fa1-562ac4336c62-AppendLogResponseHandler: Failed appendEntries: org.apache.ratis.thirdparty.io.grpc.StatusRuntimeException: UNAVAILABLE: io exception
2019-09-16 16:12:34,709 [grpc-default-executor-2] INFO  impl.FollowerInfo (FollowerInfo.java:lambda$new$0(51)) - 0f6886e7-2fba-419e-9eb8-1424d397aa24@group-75FA9E35F394->c1ed4a45-b557-456c-8fa1-562ac4336c62: nextIndex: updateUnconditionally 4 -> 3
2019-09-16 16:12:35,008 [EventQueue-StaleNodeForStaleNodeHandler] INFO  node.StaleNodeHandler (StaleNodeHandler.java:onMessage(58)) - Datanode 9d2039f6-83db-48a1-8135-cf47e7a8363c{ip: 192.168.157.233, host: pr-hdds-2120-x62sn-1884063469, networkLocation: /default-rack, certSerialId: null} moved to stale state. Finalizing its pipelines [PipelineID=59950fbe-8e0e-4389-b97e-6bcb69ed9461, PipelineID=24758af5-857c-4ed6-a416-1c625fbc1a2c]
2019-09-16 16:12:35,008 [EventQueue-StaleNodeForStaleNodeHandler] INFO  pipeline.SCMPipelineManager (SCMPipelineManager.java:finalizeAndDestroyPipeline(311)) - destroying pipeline:Pipeline[ Id: 59950fbe-8e0e-4389-b97e-6bcb69ed9461, Nodes: 23cf4444-ca2a-4bbc-9c88-b800cc79eebe{ip: 192.168.157.233, host: pr-hdds-2120-x62sn-1884063469, networkLocation: /default-rack, certSerialId: null}9d2039f6-83db-48a1-8135-cf47e7a8363c{ip: 192.168.157.233, host: pr-hdds-2120-x62sn-1884063469, networkLocation: /default-rack, certSerialId: null}ee806f6d-6c4f-4753-aa8f-56b5acae312a{ip: 192.168.157.233, host: pr-hdds-2120-x62sn-1884063469, networkLocation: /default-rack, certSerialId: null}, Type:RATIS, Factor:THREE, State:CLOSED]
2019-09-16 16:12:35,009 [EventQueue-StaleNodeForStaleNodeHandler] INFO  pipeline.SCMPipelineManager (SCMPipelineManager.java:finalizeAndDestroyPipeline(311)) - destroying pipeline:Pipeline[ Id: 24758af5-857c-4ed6-a416-1c625fbc1a2c, Nodes: 9d2039f6-83db-48a1-8135-cf47e7a8363c{ip: 192.168.157.233, host: pr-hdds-2120-x62sn-1884063469, networkLocation: /default-rack, certSerialId: null}, Type:RATIS, Factor:ONE, State:OPEN]
2019-09-16 16:12:35,009 [EventQueue-StaleNodeForStaleNodeHandler] INFO  pipeline.PipelineStateManager (PipelineStateManager.java:finalizePipeline(123)) - Pipeline Pipeline[ Id: 24758af5-857c-4ed6-a416-1c625fbc1a2c, Nodes: 9d2039f6-83db-48a1-8135-cf47e7a8363c{ip: 192.168.157.233, host: pr-hdds-2120-x62sn-1884063469, networkLocation: /default-rack, certSerialId: null}, Type:RATIS, Factor:ONE, State:CLOSED] moved to CLOSED state
2019-09-16 16:12:35,308 [EventQueue-StaleNodeForStaleNodeHandler] INFO  node.StaleNodeHandler (StaleNodeHandler.java:onMessage(58)) - Datanode 0f6886e7-2fba-419e-9eb8-1424d397aa24{ip: 192.168.157.233, host: pr-hdds-2120-x62sn-1884063469, networkLocation: /default-rack, certSerialId: null} moved to stale state. Finalizing its pipelines [PipelineID=ff7019db-20e8-4260-8f53-f9e9801dd5c3, PipelineID=4e871105-90d7-4b9b-90bd-75fa9e35f394]
2019-09-16 16:12:35,308 [EventQueue-StaleNodeForStaleNodeHandler] INFO  pipeline.SCMPipelineManager (SCMPipelineManager.java:finalizeAndDestroyPipeline(311)) - destroying pipeline:Pipeline[ Id: ff7019db-20e8-4260-8f53-f9e9801dd5c3, Nodes: 0f6886e7-2fba-419e-9eb8-1424d397aa24{ip: 192.168.157.233, host: pr-hdds-2120-x62sn-1884063469, networkLocation: /default-rack, certSerialId: null}, Type:RATIS, Factor:ONE, State:OPEN]
2019-09-16 16:12:35,309 [EventQueue-StaleNodeForStaleNodeHandler] INFO  pipeline.PipelineStateManager (PipelineStateManager.java:finalizePipeline(123)) - Pipeline Pipeline[ Id: ff7019db-20e8-4260-8f53-f9e9801dd5c3, Nodes: 0f6886e7-2fba-419e-9eb8-1424d397aa24{ip: 192.168.157.233, host: pr-hdds-2120-x62sn-1884063469, networkLocation: /default-rack, certSerialId: null}, Type:RATIS, Factor:ONE, State:CLOSED] moved to CLOSED state
2019-09-16 16:12:35,309 [EventQueue-StaleNodeForStaleNodeHandler] INFO  pipeline.SCMPipelineManager (SCMPipelineManager.java:finalizeAndDestroyPipeline(311)) - destroying pipeline:Pipeline[ Id: 4e871105-90d7-4b9b-90bd-75fa9e35f394, Nodes: 0f6886e7-2fba-419e-9eb8-1424d397aa24{ip: 192.168.157.233, host: pr-hdds-2120-x62sn-1884063469, networkLocation: /default-rack, certSerialId: null}247be69b-caa1-4ba0-a842-b83920b502da{ip: 192.168.157.233, host: pr-hdds-2120-x62sn-1884063469, networkLocation: /default-rack, certSerialId: null}c1ed4a45-b557-456c-8fa1-562ac4336c62{ip: 192.168.157.233, host: pr-hdds-2120-x62sn-1884063469, networkLocation: /default-rack, certSerialId: null}, Type:RATIS, Factor:THREE, State:CLOSED]
2019-09-16 16:12:35,469 [main] INFO  ozoneimpl.OzoneContainer (OzoneContainer.java:stop(231)) - Attempting to stop container services.
2019-09-16 16:12:35,473 [main] INFO  impl.RaftServerProxy (RaftServerProxy.java:lambda$close$4(314)) - 0f6886e7-2fba-419e-9eb8-1424d397aa24: close
2019-09-16 16:12:35,473 [main] INFO  impl.RaftServerImpl (RaftServerImpl.java:lambda$shutdown$3(251)) - 0f6886e7-2fba-419e-9eb8-1424d397aa24@group-F9E9801DD5C3: shutdown
2019-09-16 16:12:35,474 [main] INFO  util.JmxRegister (JmxRegister.java:unregister(73)) - Successfully un-registered JMX Bean with object name Ratis:service=RaftServer,group=group-F9E9801DD5C3,id=0f6886e7-2fba-419e-9eb8-1424d397aa24
2019-09-16 16:12:35,474 [main] INFO  impl.RoleInfo (RoleInfo.java:shutdownLeaderState(104)) - 0f6886e7-2fba-419e-9eb8-1424d397aa24: shutdown LeaderState
2019-09-16 16:12:35,475 [main] INFO  impl.PendingRequests (PendingRequests.java:sendNotLeaderResponses(202)) - 0f6886e7-2fba-419e-9eb8-1424d397aa24-PendingRequests: sendNotLeaderResponses
2019-09-16 16:12:35,475 [main] INFO  impl.StateMachineUpdater (StateMachineUpdater.java:stopAndJoin(125)) - 0f6886e7-2fba-419e-9eb8-1424d397aa24@group-F9E9801DD5C3-StateMachineUpdater: set stopIndex = 0
2019-09-16 16:12:35,476 [main] INFO  impl.RaftServerImpl (ServerState.java:close(385)) - 0f6886e7-2fba-419e-9eb8-1424d397aa24@group-F9E9801DD5C3: closes. applyIndex: 0
2019-09-16 16:12:35,476 [0f6886e7-2fba-419e-9eb8-1424d397aa24@group-F9E9801DD5C3-SegmentedRaftLogWorker] INFO  segmented.SegmentedRaftLogWorker (SegmentedRaftLogWorker.java:run(313)) - 0f6886e7-2fba-419e-9eb8-1424d397aa24@group-F9E9801DD5C3-SegmentedRaftLogWorker was interrupted, exiting. There are 0 tasks remaining in the queue.
2019-09-16 16:12:35,481 [main] INFO  segmented.SegmentedRaftLogWorker (SegmentedRaftLogWorker.java:close(228)) - 0f6886e7-2fba-419e-9eb8-1424d397aa24@group-F9E9801DD5C3-SegmentedRaftLogWorker close()
2019-09-16 16:12:35,483 [main] INFO  impl.RaftServerImpl (RaftServerImpl.java:lambda$shutdown$3(251)) - 0f6886e7-2fba-419e-9eb8-1424d397aa24@group-75FA9E35F394: shutdown
2019-09-16 16:12:35,483 [main] INFO  util.JmxRegister (JmxRegister.java:unregister(73)) - Successfully un-registered JMX Bean with object name Ratis:service=RaftServer,group=group-75FA9E35F394,id=0f6886e7-2fba-419e-9eb8-1424d397aa24
2019-09-16 16:12:35,483 [main] INFO  impl.RoleInfo (RoleInfo.java:shutdownLeaderState(104)) - 0f6886e7-2fba-419e-9eb8-1424d397aa24: shutdown LeaderState
2019-09-16 16:12:35,487 [main] INFO  impl.PendingRequests (PendingRequests.java:sendNotLeaderResponses(202)) - 0f6886e7-2fba-419e-9eb8-1424d397aa24-PendingRequests: sendNotLeaderResponses
2019-09-16 16:12:35,487 [org.apache.ratis.server.impl.LogAppender$AppenderDaemon$$Lambda$484/78080980@523aefce] WARN  server.GrpcLogAppender (GrpcLogAppender.java:mayWait(143)) - 0f6886e7-2fba-419e-9eb8-1424d397aa24@group-75FA9E35F394->c1ed4a45-b557-456c-8fa1-562ac4336c62-GrpcLogAppender: Wait interrupted by java.lang.InterruptedException
2019-09-16 16:12:35,487 [org.apache.ratis.server.impl.LogAppender$AppenderDaemon$$Lambda$484/78080980@4f260444] WARN  server.GrpcLogAppender (GrpcLogAppender.java:mayWait(143)) - 0f6886e7-2fba-419e-9eb8-1424d397aa24@group-75FA9E35F394->247be69b-caa1-4ba0-a842-b83920b502da-GrpcLogAppender: Wait interrupted by java.lang.InterruptedException
2019-09-16 16:12:35,491 [main] INFO  impl.StateMachineUpdater (StateMachineUpdater.java:stopAndJoin(125)) - 0f6886e7-2fba-419e-9eb8-1424d397aa24@group-75FA9E35F394-StateMachineUpdater: set stopIndex = 8
2019-09-16 16:12:35,491 [0f6886e7-2fba-419e-9eb8-1424d397aa24@group-75FA9E35F394-StateMachineUpdater] INFO  ratis.ContainerStateMachine (ContainerStateMachine.java:takeSnapshot(289)) - group-75FA9E35F394: Taking a snapshot at:(t:1, i:8) file /workdir/hadoop-ozone/integration-test/target/test-dir/MiniOzoneClusterImpl-e8aa87c8-ea32-4e45-b939-9d01c2f9b91f/datanode-6/data/ratis/4e871105-90d7-4b9b-90bd-75fa9e35f394/sm/snapshot.1_8
2019-09-16 16:12:35,493 [grpc-default-executor-8] INFO  server.GrpcServerProtocolService (GrpcServerProtocolService.java:onCompleted(113)) - 247be69b-caa1-4ba0-a842-b83920b502da: Completed APPEND_ENTRIES, lastRequest: 0f6886e7-2fba-419e-9eb8-1424d397aa24->247be69b-caa1-4ba0-a842-b83920b502da#14-t1, previous=(t:1, i:8), leaderCommit=8, initializing? false, entries: <empty>
2019-09-16 16:12:35,493 [grpc-default-executor-8] INFO  server.GrpcLogAppender (GrpcLogAppender.java:onCompleted(293)) - 0f6886e7-2fba-419e-9eb8-1424d397aa24@group-75FA9E35F394->247be69b-caa1-4ba0-a842-b83920b502da-AppendLogResponseHandler: follower responses appendEntries COMPLETED
2019-09-16 16:12:35,494 [grpc-default-executor-8] INFO  impl.FollowerInfo (FollowerInfo.java:lambda$new$0(51)) - 0f6886e7-2fba-419e-9eb8-1424d397aa24@group-75FA9E35F394->247be69b-caa1-4ba0-a842-b83920b502da: nextIndex: updateUnconditionally 9 -> 8
2019-09-16 16:12:35,494 [0f6886e7-2fba-419e-9eb8-1424d397aa24@group-75FA9E35F394-StateMachineUpdater] INFO  ratis.ContainerStateMachine (ContainerStateMachine.java:takeSnapshot(300)) - group-75FA9E35F394: Finished taking a snapshot at:(t:1, i:8) file:/workdir/hadoop-ozone/integration-test/target/test-dir/MiniOzoneClusterImpl-e8aa87c8-ea32-4e45-b939-9d01c2f9b91f/datanode-6/data/ratis/4e871105-90d7-4b9b-90bd-75fa9e35f394/sm/snapshot.1_8 time:3
2019-09-16 16:12:35,495 [0f6886e7-2fba-419e-9eb8-1424d397aa24@group-75FA9E35F394-StateMachineUpdater] INFO  impl.StateMachineUpdater (StateMachineUpdater.java:takeSnapshot(258)) - 0f6886e7-2fba-419e-9eb8-1424d397aa24@group-75FA9E35F394-StateMachineUpdater: Took a snapshot at index 8
2019-09-16 16:12:35,495 [0f6886e7-2fba-419e-9eb8-1424d397aa24@group-75FA9E35F394-StateMachineUpdater] INFO  impl.StateMachineUpdater (StateMachineUpdater.java:lambda$new$0(83)) - 0f6886e7-2fba-419e-9eb8-1424d397aa24@group-75FA9E35F394-StateMachineUpdater: snapshotIndex: updateIncreasingly -1 -> 8
2019-09-16 16:12:35,495 [main] INFO  impl.RaftServerImpl (ServerState.java:close(385)) - 0f6886e7-2fba-419e-9eb8-1424d397aa24@group-75FA9E35F394: closes. applyIndex: 8
2019-09-16 16:12:35,496 [0f6886e7-2fba-419e-9eb8-1424d397aa24@group-75FA9E35F394-SegmentedRaftLogWorker] INFO  segmented.SegmentedRaftLogWorker (SegmentedRaftLogWorker.java:run(313)) - 0f6886e7-2fba-419e-9eb8-1424d397aa24@group-75FA9E35F394-SegmentedRaftLogWorker was interrupted, exiting. There are 0 tasks remaining in the queue.
2019-09-16 16:12:35,498 [main] INFO  segmented.SegmentedRaftLogWorker (SegmentedRaftLogWorker.java:close(228)) - 0f6886e7-2fba-419e-9eb8-1424d397aa24@group-75FA9E35F394-SegmentedRaftLogWorker close()
2019-09-16 16:12:35,500 [main] INFO  server.GrpcService (GrpcService.java:closeImpl(164)) - 0f6886e7-2fba-419e-9eb8-1424d397aa24: shutdown server with port 36356 now
2019-09-16 16:12:35,501 [main] INFO  server.GrpcService (GrpcService.java:closeImpl(172)) - 0f6886e7-2fba-419e-9eb8-1424d397aa24: shutdown server with port 36356 successfully
2019-09-16 16:12:35,502 [refreshUsed-/workdir/hadoop-ozone/integration-test/target/test-dir/MiniOzoneClusterImpl-e8aa87c8-ea32-4e45-b939-9d01c2f9b91f/datanode-6/data/containers] WARN  fs.CachingGetSpaceUsed (CachingGetSpaceUsed.java:run(183)) - Thread Interrupted waiting to refresh disk information: sleep interrupted
2019-09-16 16:12:35,516 [main] INFO  utils.BackgroundService (BackgroundService.java:shutdown(148)) - Shutting down service BlockDeletingService
2019-09-16 16:12:35,519 [main] INFO  statemachine.DatanodeStateMachine (DatanodeStateMachine.java:stopDaemon(395)) - Ozone container server stopped.
2019-09-16 16:12:35,520 [ForkJoinPool.commonPool-worker-0] INFO  ozoneimpl.OzoneContainer (OzoneContainer.java:stop(231)) - Attempting to stop container services.
2019-09-16 16:12:35,521 [main] INFO  handler.ContextHandler (ContextHandler.java:doStop(910)) - Stopped o.e.j.w.WebAppContext@51ed2f68{/,null,UNAVAILABLE}{/hddsDatanode}
2019-09-16 16:12:35,521 [ForkJoinPool.commonPool-worker-0] INFO  impl.RaftServerProxy (RaftServerProxy.java:lambda$close$4(314)) - 9d2039f6-83db-48a1-8135-cf47e7a8363c: close
2019-09-16 16:12:35,521 [ForkJoinPool.commonPool-worker-0] INFO  impl.RaftServerImpl (RaftServerImpl.java:lambda$shutdown$3(251)) - 9d2039f6-83db-48a1-8135-cf47e7a8363c@group-6BCB69ED9461: shutdown
2019-09-16 16:12:35,521 [ForkJoinPool.commonPool-worker-0] INFO  util.JmxRegister (JmxRegister.java:unregister(73)) - Successfully un-registered JMX Bean with object name Ratis:service=RaftServer,group=group-6BCB69ED9461,id=9d2039f6-83db-48a1-8135-cf47e7a8363c
2019-09-16 16:12:35,521 [main] INFO  server.AbstractConnector (AbstractConnector.java:doStop(318)) - Stopped ServerConnector@538b3c88{HTTP/1.1,[http/1.1]}{0.0.0.0:0}
2019-09-16 16:12:35,521 [ForkJoinPool.commonPool-worker-0] INFO  impl.RoleInfo (RoleInfo.java:shutdownLeaderState(104)) - 9d2039f6-83db-48a1-8135-cf47e7a8363c: shutdown LeaderState
2019-09-16 16:12:35,522 [main] INFO  handler.ContextHandler (ContextHandler.java:doStop(910)) - Stopped o.e.j.s.ServletContextHandler@3af36922{/static,jar:file:/home/user/.m2/repository/org/apache/hadoop/hadoop-hdds-container-service/0.5.0-SNAPSHOT/hadoop-hdds-container-service-0.5.0-SNAPSHOT.jar!/webapps/static,UNAVAILABLE}
2019-09-16 16:12:35,524 [org.apache.ratis.server.impl.LogAppender$AppenderDaemon$$Lambda$484/78080980@3f1aa2f6] WARN  server.GrpcLogAppender (GrpcLogAppender.java:mayWait(143)) - 9d2039f6-83db-48a1-8135-cf47e7a8363c@group-6BCB69ED9461->23cf4444-ca2a-4bbc-9c88-b800cc79eebe-GrpcLogAppender: Wait interrupted by java.lang.InterruptedException
2019-09-16 16:12:35,524 [org.apache.ratis.server.impl.LogAppender$AppenderDaemon$$Lambda$484/78080980@4d4dc0e4] WARN  server.GrpcLogAppender (GrpcLogAppender.java:mayWait(143)) - 9d2039f6-83db-48a1-8135-cf47e7a8363c@group-6BCB69ED9461->ee806f6d-6c4f-4753-aa8f-56b5acae312a-GrpcLogAppender: Wait interrupted by java.lang.InterruptedException
2019-09-16 16:12:35,524 [ForkJoinPool.commonPool-worker-0] INFO  impl.PendingRequests (PendingRequests.java:sendNotLeaderResponses(202)) - 9d2039f6-83db-48a1-8135-cf47e7a8363c-PendingRequests: sendNotLeaderResponses
2019-09-16 16:12:35,524 [main] INFO  handler.ContextHandler (ContextHandler.java:doStop(910)) - Stopped o.e.j.s.ServletContextHandler@18c7f6b5{/logs,file:///workdir/hadoop-ozone/integration-test/target/log,UNAVAILABLE}
2019-09-16 16:12:35,527 [9d2039f6-83db-48a1-8135-cf47e7a8363c@group-6BCB69ED9461-StateMachineUpdater] INFO  ratis.ContainerStateMachine (ContainerStateMachine.java:takeSnapshot(289)) - group-6BCB69ED9461: Taking a snapshot at:(t:1, i:8) file /workdir/hadoop-ozone/integration-test/target/test-dir/MiniOzoneClusterImpl-e8aa87c8-ea32-4e45-b939-9d01c2f9b91f/datanode-0/data/ratis/59950fbe-8e0e-4389-b97e-6bcb69ed9461/sm/snapshot.1_8
2019-09-16 16:12:35,527 [ForkJoinPool.commonPool-worker-0] INFO  impl.StateMachineUpdater (StateMachineUpdater.java:stopAndJoin(125)) - 9d2039f6-83db-48a1-8135-cf47e7a8363c@group-6BCB69ED9461-StateMachineUpdater: set stopIndex = 8
2019-09-16 16:12:35,541 [9d2039f6-83db-48a1-8135-cf47e7a8363c@group-6BCB69ED9461-StateMachineUpdater] INFO  ratis.ContainerStateMachine (ContainerStateMachine.java:takeSnapshot(300)) - group-6BCB69ED9461: Finished taking a snapshot at:(t:1, i:8) file:/workdir/hadoop-ozone/integration-test/target/test-dir/MiniOzoneClusterImpl-e8aa87c8-ea32-4e45-b939-9d01c2f9b91f/datanode-0/data/ratis/59950fbe-8e0e-4389-b97e-6bcb69ed9461/sm/snapshot.1_8 time:13
2019-09-16 16:12:35,541 [9d2039f6-83db-48a1-8135-cf47e7a8363c@group-6BCB69ED9461-StateMachineUpdater] INFO  impl.StateMachineUpdater (StateMachineUpdater.java:takeSnapshot(258)) - 9d2039f6-83db-48a1-8135-cf47e7a8363c@group-6BCB69ED9461-StateMachineUpdater: Took a snapshot at index 8
2019-09-16 16:12:35,541 [9d2039f6-83db-48a1-8135-cf47e7a8363c@group-6BCB69ED9461-StateMachineUpdater] INFO  impl.StateMachineUpdater (StateMachineUpdater.java:lambda$new$0(83)) - 9d2039f6-83db-48a1-8135-cf47e7a8363c@group-6BCB69ED9461-StateMachineUpdater: snapshotIndex: updateIncreasingly -1 -> 8
2019-09-16 16:12:35,541 [ForkJoinPool.commonPool-worker-0] INFO  impl.RaftServerImpl (ServerState.java:close(385)) - 9d2039f6-83db-48a1-8135-cf47e7a8363c@group-6BCB69ED9461: closes. applyIndex: 8
2019-09-16 16:12:35,541 [9d2039f6-83db-48a1-8135-cf47e7a8363c@group-6BCB69ED9461-SegmentedRaftLogWorker] INFO  segmented.SegmentedRaftLogWorker (SegmentedRaftLogWorker.java:run(313)) - 9d2039f6-83db-48a1-8135-cf47e7a8363c@group-6BCB69ED9461-SegmentedRaftLogWorker was interrupted, exiting. There are 0 tasks remaining in the queue.
2019-09-16 16:12:35,543 [ForkJoinPool.commonPool-worker-0] INFO  segmented.SegmentedRaftLogWorker (SegmentedRaftLogWorker.java:close(228)) - 9d2039f6-83db-48a1-8135-cf47e7a8363c@group-6BCB69ED9461-SegmentedRaftLogWorker close()
2019-09-16 16:12:35,544 [ForkJoinPool.commonPool-worker-0] INFO  impl.RaftServerImpl (RaftServerImpl.java:lambda$shutdown$3(251)) - 9d2039f6-83db-48a1-8135-cf47e7a8363c@group-1C625FBC1A2C: shutdown
2019-09-16 16:12:35,544 [ForkJoinPool.commonPool-worker-0] INFO  util.JmxRegister (JmxRegister.java:unregister(73)) - Successfully un-registered JMX Bean with object name Ratis:service=RaftServer,group=group-1C625FBC1A2C,id=9d2039f6-83db-48a1-8135-cf47e7a8363c
2019-09-16 16:12:35,544 [ForkJoinPool.commonPool-worker-0] INFO  impl.RoleInfo (RoleInfo.java:shutdownLeaderState(104)) - 9d2039f6-83db-48a1-8135-cf47e7a8363c: shutdown LeaderState
2019-09-16 16:12:35,545 [ForkJoinPool.commonPool-worker-0] INFO  impl.PendingRequests (PendingRequests.java:sendNotLeaderResponses(202)) - 9d2039f6-83db-48a1-8135-cf47e7a8363c-PendingRequests: sendNotLeaderResponses
2019-09-16 16:12:35,545 [ForkJoinPool.commonPool-worker-0] INFO  impl.StateMachineUpdater (StateMachineUpdater.java:stopAndJoin(125)) - 9d2039f6-83db-48a1-8135-cf47e7a8363c@group-1C625FBC1A2C-StateMachineUpdater: set stopIndex = 0
2019-09-16 16:12:35,545 [ForkJoinPool.commonPool-worker-0] INFO  impl.RaftServerImpl (ServerState.java:close(385)) - 9d2039f6-83db-48a1-8135-cf47e7a8363c@group-1C625FBC1A2C: closes. applyIndex: 0
2019-09-16 16:12:35,545 [9d2039f6-83db-48a1-8135-cf47e7a8363c@group-1C625FBC1A2C-SegmentedRaftLogWorker] INFO  segmented.SegmentedRaftLogWorker (SegmentedRaftLogWorker.java:run(313)) - 9d2039f6-83db-48a1-8135-cf47e7a8363c@group-1C625FBC1A2C-SegmentedRaftLogWorker was interrupted, exiting. There are 0 tasks remaining in the queue.
2019-09-16 16:12:35,546 [ForkJoinPool.commonPool-worker-0] INFO  segmented.SegmentedRaftLogWorker (SegmentedRaftLogWorker.java:close(228)) - 9d2039f6-83db-48a1-8135-cf47e7a8363c@group-1C625FBC1A2C-SegmentedRaftLogWorker close()
2019-09-16 16:12:35,548 [ForkJoinPool.commonPool-worker-0] INFO  server.GrpcService (GrpcService.java:closeImpl(164)) - 9d2039f6-83db-48a1-8135-cf47e7a8363c: shutdown server with port 36393 now
2019-09-16 16:12:35,548 [grpc-default-executor-2] WARN  client.GrpcClientProtocolService (LogUtils.java:warn(134)) - 1-UnorderedRequestStreamObserver1: onError: org.apache.ratis.thirdparty.io.grpc.StatusRuntimeException: CANCELLED: cancelled before receiving half close
2019-09-16 16:12:35,548 [ForkJoinPool.commonPool-worker-0] INFO  server.GrpcService (GrpcService.java:closeImpl(172)) - 9d2039f6-83db-48a1-8135-cf47e7a8363c: shutdown server with port 36393 successfully
2019-09-16 16:12:35,550 [refreshUsed-/workdir/hadoop-ozone/integration-test/target/test-dir/MiniOzoneClusterImpl-e8aa87c8-ea32-4e45-b939-9d01c2f9b91f/datanode-0/data/containers] WARN  fs.CachingGetSpaceUsed (CachingGetSpaceUsed.java:run(183)) - Thread Interrupted waiting to refresh disk information: sleep interrupted
2019-09-16 16:12:35,562 [ForkJoinPool.commonPool-worker-0] INFO  utils.BackgroundService (BackgroundService.java:shutdown(148)) - Shutting down service BlockDeletingService
2019-09-16 16:12:35,571 [ForkJoinPool.commonPool-worker-0] INFO  statemachine.DatanodeStateMachine (DatanodeStateMachine.java:stopDaemon(395)) - Ozone container server stopped.
2019-09-16 16:12:35,574 [ForkJoinPool.commonPool-worker-0] INFO  handler.ContextHandler (ContextHandler.java:doStop(910)) - Stopped o.e.j.w.WebAppContext@446b64b3{/,null,UNAVAILABLE}{/hddsDatanode}
2019-09-16 16:12:35,575 [ForkJoinPool.commonPool-worker-0] INFO  server.AbstractConnector (AbstractConnector.java:doStop(318)) - Stopped ServerConnector@35ac9ebd{HTTP/1.1,[http/1.1]}{0.0.0.0:0}
2019-09-16 16:12:35,575 [ForkJoinPool.commonPool-worker-0] INFO  handler.ContextHandler (ContextHandler.java:doStop(910)) - Stopped o.e.j.s.ServletContextHandler@2a136383{/static,jar:file:/home/user/.m2/repository/org/apache/hadoop/hadoop-hdds-container-service/0.5.0-SNAPSHOT/hadoop-hdds-container-service-0.5.0-SNAPSHOT.jar!/webapps/static,UNAVAILABLE}
2019-09-16 16:12:35,575 [ForkJoinPool.commonPool-worker-0] INFO  handler.ContextHandler (ContextHandler.java:doStop(910)) - Stopped o.e.j.s.ServletContextHandler@375084c9{/logs,file:///workdir/hadoop-ozone/integration-test/target/log,UNAVAILABLE}
2019-09-16 16:12:36,235 [Datanode State Machine Thread - 0] INFO  statemachine.DatanodeStateMachine (DatanodeStateMachine.java:lambda$startDaemon$0(350)) - Ozone container server started.
2019-09-16 16:12:40,314 [EventQueue-StaleNodeForStaleNodeHandler] INFO  node.StaleNodeHandler (StaleNodeHandler.java:onMessage(58)) - Datanode 247be69b-caa1-4ba0-a842-b83920b502da{ip: 192.168.157.233, host: pr-hdds-2120-x62sn-1884063469, networkLocation: /default-rack, certSerialId: null} moved to stale state. Finalizing its pipelines [PipelineID=14bc71f2-91a6-4b3f-bb4b-cac4bea78afd, PipelineID=4e871105-90d7-4b9b-90bd-75fa9e35f394]
2019-09-16 16:12:40,314 [EventQueue-StaleNodeForStaleNodeHandler] INFO  pipeline.SCMPipelineManager (SCMPipelineManager.java:finalizeAndDestroyPipeline(311)) - destroying pipeline:Pipeline[ Id: 14bc71f2-91a6-4b3f-bb4b-cac4bea78afd, Nodes: 247be69b-caa1-4ba0-a842-b83920b502da{ip: 192.168.157.233, host: pr-hdds-2120-x62sn-1884063469, networkLocation: /default-rack, certSerialId: null}, Type:RATIS, Factor:ONE, State:OPEN]
2019-09-16 16:12:40,315 [EventQueue-StaleNodeForStaleNodeHandler] INFO  pipeline.PipelineStateManager (PipelineStateManager.java:finalizePipeline(123)) - Pipeline Pipeline[ Id: 14bc71f2-91a6-4b3f-bb4b-cac4bea78afd, Nodes: 247be69b-caa1-4ba0-a842-b83920b502da{ip: 192.168.157.233, host: pr-hdds-2120-x62sn-1884063469, networkLocation: /default-rack, certSerialId: null}, Type:RATIS, Factor:ONE, State:CLOSED] moved to CLOSED state
2019-09-16 16:12:40,315 [EventQueue-StaleNodeForStaleNodeHandler] INFO  pipeline.SCMPipelineManager (SCMPipelineManager.java:finalizeAndDestroyPipeline(311)) - destroying pipeline:Pipeline[ Id: 4e871105-90d7-4b9b-90bd-75fa9e35f394, Nodes: 0f6886e7-2fba-419e-9eb8-1424d397aa24{ip: 192.168.157.233, host: pr-hdds-2120-x62sn-1884063469, networkLocation: /default-rack, certSerialId: null}247be69b-caa1-4ba0-a842-b83920b502da{ip: 192.168.157.233, host: pr-hdds-2120-x62sn-1884063469, networkLocation: /default-rack, certSerialId: null}c1ed4a45-b557-456c-8fa1-562ac4336c62{ip: 192.168.157.233, host: pr-hdds-2120-x62sn-1884063469, networkLocation: /default-rack, certSerialId: null}, Type:RATIS, Factor:THREE, State:CLOSED]
2019-09-16 16:12:40,529 [main] INFO  ozoneimpl.OzoneContainer (OzoneContainer.java:stop(231)) - Attempting to stop container services.
2019-09-16 16:12:40,529 [main] INFO  impl.RaftServerProxy (RaftServerProxy.java:lambda$close$4(314)) - 247be69b-caa1-4ba0-a842-b83920b502da: close
2019-09-16 16:12:40,530 [main] INFO  impl.RaftServerImpl (RaftServerImpl.java:lambda$shutdown$3(251)) - 247be69b-caa1-4ba0-a842-b83920b502da@group-CAC4BEA78AFD: shutdown
2019-09-16 16:12:40,530 [ForkJoinPool.commonPool-worker-1] INFO  impl.RaftServerImpl (RaftServerImpl.java:lambda$shutdown$3(251)) - 247be69b-caa1-4ba0-a842-b83920b502da@group-75FA9E35F394: shutdown
2019-09-16 16:12:40,532 [main] INFO  util.JmxRegister (JmxRegister.java:unregister(73)) - Successfully un-registered JMX Bean with object name Ratis:service=RaftServer,group=group-CAC4BEA78AFD,id=247be69b-caa1-4ba0-a842-b83920b502da
2019-09-16 16:12:40,532 [ForkJoinPool.commonPool-worker-1] INFO  util.JmxRegister (JmxRegister.java:unregister(73)) - Successfully un-registered JMX Bean with object name Ratis:service=RaftServer,group=group-75FA9E35F394,id=247be69b-caa1-4ba0-a842-b83920b502da
2019-09-16 16:12:40,532 [main] INFO  impl.RoleInfo (RoleInfo.java:shutdownLeaderState(104)) - 247be69b-caa1-4ba0-a842-b83920b502da: shutdown LeaderState
2019-09-16 16:12:40,532 [ForkJoinPool.commonPool-worker-1] INFO  impl.RoleInfo (RoleInfo.java:shutdownFollowerState(121)) - 247be69b-caa1-4ba0-a842-b83920b502da: shutdown FollowerState
2019-09-16 16:12:40,533 [main] INFO  impl.PendingRequests (PendingRequests.java:sendNotLeaderResponses(202)) - 247be69b-caa1-4ba0-a842-b83920b502da-PendingRequests: sendNotLeaderResponses
2019-09-16 16:12:40,533 [247be69b-caa1-4ba0-a842-b83920b502da@group-75FA9E35F394-StateMachineUpdater] INFO  ratis.ContainerStateMachine (ContainerStateMachine.java:takeSnapshot(289)) - group-75FA9E35F394: Taking a snapshot at:(t:1, i:7) file /workdir/hadoop-ozone/integration-test/target/test-dir/MiniOzoneClusterImpl-e8aa87c8-ea32-4e45-b939-9d01c2f9b91f/datanode-5/data/ratis/4e871105-90d7-4b9b-90bd-75fa9e35f394/sm/snapshot.1_7
2019-09-16 16:12:40,533 [main] INFO  impl.StateMachineUpdater (StateMachineUpdater.java:stopAndJoin(125)) - 247be69b-caa1-4ba0-a842-b83920b502da@group-CAC4BEA78AFD-StateMachineUpdater: set stopIndex = 0
2019-09-16 16:12:40,533 [Thread-3613] INFO  impl.FollowerState (FollowerState.java:run(115)) - 247be69b-caa1-4ba0-a842-b83920b502da: FollowerState was interrupted: java.lang.InterruptedException: sleep interrupted
2019-09-16 16:12:40,533 [ForkJoinPool.commonPool-worker-1] INFO  impl.StateMachineUpdater (StateMachineUpdater.java:stopAndJoin(125)) - 247be69b-caa1-4ba0-a842-b83920b502da@group-75FA9E35F394-StateMachineUpdater: set stopIndex = 8
2019-09-16 16:12:40,534 [main] INFO  impl.RaftServerImpl (ServerState.java:close(385)) - 247be69b-caa1-4ba0-a842-b83920b502da@group-CAC4BEA78AFD: closes. applyIndex: 0
2019-09-16 16:12:40,535 [247be69b-caa1-4ba0-a842-b83920b502da@group-CAC4BEA78AFD-SegmentedRaftLogWorker] INFO  segmented.SegmentedRaftLogWorker (SegmentedRaftLogWorker.java:run(313)) - 247be69b-caa1-4ba0-a842-b83920b502da@group-CAC4BEA78AFD-SegmentedRaftLogWorker was interrupted, exiting. There are 0 tasks remaining in the queue.
2019-09-16 16:12:40,537 [main] INFO  segmented.SegmentedRaftLogWorker (SegmentedRaftLogWorker.java:close(228)) - 247be69b-caa1-4ba0-a842-b83920b502da@group-CAC4BEA78AFD-SegmentedRaftLogWorker close()
2019-09-16 16:12:40,559 [247be69b-caa1-4ba0-a842-b83920b502da@group-75FA9E35F394-StateMachineUpdater] INFO  ratis.ContainerStateMachine (ContainerStateMachine.java:takeSnapshot(300)) - group-75FA9E35F394: Finished taking a snapshot at:(t:1, i:7) file:/workdir/hadoop-ozone/integration-test/target/test-dir/MiniOzoneClusterImpl-e8aa87c8-ea32-4e45-b939-9d01c2f9b91f/datanode-5/data/ratis/4e871105-90d7-4b9b-90bd-75fa9e35f394/sm/snapshot.1_7 time:25
2019-09-16 16:12:40,559 [247be69b-caa1-4ba0-a842-b83920b502da@group-75FA9E35F394-StateMachineUpdater] INFO  impl.StateMachineUpdater (StateMachineUpdater.java:takeSnapshot(258)) - 247be69b-caa1-4ba0-a842-b83920b502da@group-75FA9E35F394-StateMachineUpdater: Took a snapshot at index 7
2019-09-16 16:12:40,559 [247be69b-caa1-4ba0-a842-b83920b502da@group-75FA9E35F394-StateMachineUpdater] INFO  impl.StateMachineUpdater (StateMachineUpdater.java:lambda$new$0(83)) - 247be69b-caa1-4ba0-a842-b83920b502da@group-75FA9E35F394-StateMachineUpdater: snapshotIndex: updateIncreasingly -1 -> 7
2019-09-16 16:12:40,559 [247be69b-caa1-4ba0-a842-b83920b502da@group-75FA9E35F394-StateMachineUpdater] INFO  ratis.ContainerStateMachine (ContainerStateMachine.java:takeSnapshot(289)) - group-75FA9E35F394: Taking a snapshot at:(t:1, i:7) file /workdir/hadoop-ozone/integration-test/target/test-dir/MiniOzoneClusterImpl-e8aa87c8-ea32-4e45-b939-9d01c2f9b91f/datanode-5/data/ratis/4e871105-90d7-4b9b-90bd-75fa9e35f394/sm/snapshot.1_7
2019-09-16 16:12:40,572 [247be69b-caa1-4ba0-a842-b83920b502da@group-75FA9E35F394-StateMachineUpdater] INFO  ratis.ContainerStateMachine (ContainerStateMachine.java:takeSnapshot(300)) - group-75FA9E35F394: Finished taking a snapshot at:(t:1, i:7) file:/workdir/hadoop-ozone/integration-test/target/test-dir/MiniOzoneClusterImpl-e8aa87c8-ea32-4e45-b939-9d01c2f9b91f/datanode-5/data/ratis/4e871105-90d7-4b9b-90bd-75fa9e35f394/sm/snapshot.1_7 time:12
2019-09-16 16:12:40,572 [247be69b-caa1-4ba0-a842-b83920b502da@group-75FA9E35F394-StateMachineUpdater] INFO  impl.StateMachineUpdater (StateMachineUpdater.java:takeSnapshot(258)) - 247be69b-caa1-4ba0-a842-b83920b502da@group-75FA9E35F394-StateMachineUpdater: Took a snapshot at index 7
2019-09-16 16:12:40,572 [247be69b-caa1-4ba0-a842-b83920b502da@group-75FA9E35F394-StateMachineUpdater] INFO  impl.StateMachineUpdater (StateMachineUpdater.java:lambda$new$0(83)) - 247be69b-caa1-4ba0-a842-b83920b502da@group-75FA9E35F394-StateMachineUpdater: snapshotIndex: updateIncreasingly 7 -> 7
2019-09-16 16:12:40,573 [ForkJoinPool.commonPool-worker-1] INFO  impl.RaftServerImpl (ServerState.java:close(385)) - 247be69b-caa1-4ba0-a842-b83920b502da@group-75FA9E35F394: closes. applyIndex: 8
2019-09-16 16:12:40,573 [247be69b-caa1-4ba0-a842-b83920b502da@group-75FA9E35F394-SegmentedRaftLogWorker] INFO  segmented.SegmentedRaftLogWorker (SegmentedRaftLogWorker.java:run(313)) - 247be69b-caa1-4ba0-a842-b83920b502da@group-75FA9E35F394-SegmentedRaftLogWorker was interrupted, exiting. There are 0 tasks remaining in the queue.
2019-09-16 16:12:40,575 [ForkJoinPool.commonPool-worker-1] INFO  segmented.SegmentedRaftLogWorker (SegmentedRaftLogWorker.java:close(228)) - 247be69b-caa1-4ba0-a842-b83920b502da@group-75FA9E35F394-SegmentedRaftLogWorker close()
2019-09-16 16:12:40,577 [main] INFO  server.GrpcService (GrpcService.java:closeImpl(164)) - 247be69b-caa1-4ba0-a842-b83920b502da: shutdown server with port 45631 now
2019-09-16 16:12:40,577 [main] INFO  server.GrpcService (GrpcService.java:closeImpl(172)) - 247be69b-caa1-4ba0-a842-b83920b502da: shutdown server with port 45631 successfully
2019-09-16 16:12:40,582 [refreshUsed-/workdir/hadoop-ozone/integration-test/target/test-dir/MiniOzoneClusterImpl-e8aa87c8-ea32-4e45-b939-9d01c2f9b91f/datanode-5/data/containers] WARN  fs.CachingGetSpaceUsed (CachingGetSpaceUsed.java:run(183)) - Thread Interrupted waiting to refresh disk information: sleep interrupted
2019-09-16 16:12:40,592 [main] INFO  utils.BackgroundService (BackgroundService.java:shutdown(148)) - Shutting down service BlockDeletingService
2019-09-16 16:12:40,594 [main] INFO  statemachine.DatanodeStateMachine (DatanodeStateMachine.java:stopDaemon(395)) - Ozone container server stopped.
2019-09-16 16:12:40,594 [main] INFO  handler.ContextHandler (ContextHandler.java:doStop(910)) - Stopped o.e.j.w.WebAppContext@4ef5dd23{/,null,UNAVAILABLE}{/hddsDatanode}
2019-09-16 16:12:40,595 [main] INFO  server.AbstractConnector (AbstractConnector.java:doStop(318)) - Stopped ServerConnector@163e8949{HTTP/1.1,[http/1.1]}{0.0.0.0:0}
2019-09-16 16:12:40,595 [main] INFO  handler.ContextHandler (ContextHandler.java:doStop(910)) - Stopped o.e.j.s.ServletContextHandler@305b43ca{/static,jar:file:/home/user/.m2/repository/org/apache/hadoop/hadoop-hdds-container-service/0.5.0-SNAPSHOT/hadoop-hdds-container-service-0.5.0-SNAPSHOT.jar!/webapps/static,UNAVAILABLE}
2019-09-16 16:12:40,595 [main] INFO  handler.ContextHandler (ContextHandler.java:doStop(910)) - Stopped o.e.j.s.ServletContextHandler@6e0d16a4{/logs,file:///workdir/hadoop-ozone/integration-test/target/log,UNAVAILABLE}
2019-09-16 16:12:40,596 [main] INFO  ozone.MiniOzoneClusterImpl (MiniOzoneClusterImpl.java:stop(339)) - Stopping the StorageContainerManager
2019-09-16 16:12:40,596 [main] INFO  server.StorageContainerManager (StorageContainerManager.java:stop(801)) - Stopping Replication Manager Service.
2019-09-16 16:12:40,596 [main] INFO  container.ReplicationManager (ReplicationManager.java:stop(203)) - Stopping Replication Monitor Thread.
2019-09-16 16:12:40,596 [main] INFO  server.StorageContainerManager (StorageContainerManager.java:stop(808)) - Stopping Lease Manager of the command watchers
2019-09-16 16:12:40,597 [main] INFO  server.StorageContainerManager (StorageContainerManager.java:stop(815)) - Stopping datanode service RPC server
2019-09-16 16:12:40,597 [main] INFO  server.SCMDatanodeProtocolServer (SCMDatanodeProtocolServer.java:stop(367)) - Stopping the RPC server for DataNodes
2019-09-16 16:12:40,597 [main] INFO  ipc.Server (Server.java:stop(3082)) - Stopping server on 38071
2019-09-16 16:12:40,603 [IPC Server listener on 38071] INFO  ipc.Server (Server.java:run(1185)) - Stopping IPC Server listener on 38071
2019-09-16 16:12:40,603 [IPC Server Responder] INFO  ipc.Server (Server.java:run(1319)) - Stopping IPC Server Responder
2019-09-16 16:12:40,614 [SCM Heartbeat Processing Thread - 0] WARN  node.NodeStateManager (NodeStateManager.java:scheduleNextHealthCheck(646)) - Current Thread is interrupted, shutting down HB processing thread for Node Manager.
2019-09-16 16:12:40,615 [main] INFO  server.StorageContainerManager (StorageContainerManager.java:stop(823)) - Stopping block service RPC server
2019-09-16 16:12:40,615 [main] INFO  server.SCMBlockProtocolServer (SCMBlockProtocolServer.java:stop(155)) - Stopping the RPC server for Block Protocol
2019-09-16 16:12:40,615 [main] INFO  ipc.Server (Server.java:stop(3082)) - Stopping server on 42155
2019-09-16 16:12:40,617 [IPC Server listener on 42155] INFO  ipc.Server (Server.java:run(1185)) - Stopping IPC Server listener on 42155
2019-09-16 16:12:40,617 [main] INFO  server.StorageContainerManager (StorageContainerManager.java:stop(830)) - Stopping the StorageContainerLocationProtocol RPC server
2019-09-16 16:12:40,619 [IPC Server Responder] INFO  ipc.Server (Server.java:run(1319)) - Stopping IPC Server Responder
2019-09-16 16:12:40,619 [main] INFO  server.SCMClientProtocolServer (SCMClientProtocolServer.java:stop(159)) - Stopping the RPC server for Client Protocol
2019-09-16 16:12:40,619 [main] INFO  ipc.Server (Server.java:stop(3082)) - Stopping server on 34834
2019-09-16 16:12:40,624 [main] INFO  server.StorageContainerManager (StorageContainerManager.java:stop(837)) - Stopping Storage Container Manager HTTP server.
2019-09-16 16:12:40,624 [IPC Server listener on 34834] INFO  ipc.Server (Server.java:run(1185)) - Stopping IPC Server listener on 34834
2019-09-16 16:12:40,625 [IPC Server Responder] INFO  ipc.Server (Server.java:run(1319)) - Stopping IPC Server Responder
2019-09-16 16:12:40,628 [main] INFO  handler.ContextHandler (ContextHandler.java:doStop(910)) - Stopped o.e.j.w.WebAppContext@3cc3f13e{/,null,UNAVAILABLE}{/scm}
2019-09-16 16:12:40,629 [main] INFO  server.AbstractConnector (AbstractConnector.java:doStop(318)) - Stopped ServerConnector@69b3886f{HTTP/1.1,[http/1.1]}{0.0.0.0:0}
2019-09-16 16:12:40,629 [main] INFO  handler.ContextHandler (ContextHandler.java:doStop(910)) - Stopped o.e.j.s.ServletContextHandler@7c0df4ab{/static,file:///workdir/hadoop-ozone/integration-test/target/test-classes/webapps/static,UNAVAILABLE}
2019-09-16 16:12:40,629 [main] INFO  handler.ContextHandler (ContextHandler.java:doStop(910)) - Stopped o.e.j.s.ServletContextHandler@3915e7c3{/logs,file:///workdir/hadoop-ozone/integration-test/target/log,UNAVAILABLE}
2019-09-16 16:12:40,631 [main] INFO  server.StorageContainerManager (StorageContainerManager.java:stop(848)) - Stopping Block Manager Service.
2019-09-16 16:12:40,631 [main] INFO  utils.BackgroundService (BackgroundService.java:shutdown(148)) - Shutting down service SCMBlockDeletingService
2019-09-16 16:12:40,631 [main] INFO  utils.BackgroundService (BackgroundService.java:shutdown(148)) - Shutting down service SCMBlockDeletingService
2019-09-16 16:12:40,632 [main] INFO  server.StorageContainerManager (StorageContainerManager.java:stop(870)) - Stopping SCM Event Queue.
2019-09-16 16:12:40,636 [main] INFO  impl.MetricsSystemImpl (MetricsSystemImpl.java:stop(210)) - Stopping HddsDatanode metrics system...
2019-09-16 16:12:40,714 [main] INFO  impl.MetricsSystemImpl (MetricsSystemImpl.java:stop(216)) - HddsDatanode metrics system stopped.
]]></system-out>
    <system-err><![CDATA[Sep 16, 2019 4:12:08 PM org.apache.ratis.thirdparty.io.grpc.internal.ManagedChannelOrphanWrapper$ManagedChannelReference cleanQueue
SEVERE: *~*~*~ Channel ManagedChannelImpl{logId=2943, target=192.168.157.233:44270} was not shutdown properly!!! ~*~*~*
    Make sure to call shutdown()/shutdownNow() and wait until awaitTermination() returns true.
java.lang.RuntimeException: ManagedChannel allocation site
	at org.apache.ratis.thirdparty.io.grpc.internal.ManagedChannelOrphanWrapper$ManagedChannelReference.<init>(ManagedChannelOrphanWrapper.java:103)
	at org.apache.ratis.thirdparty.io.grpc.internal.ManagedChannelOrphanWrapper.<init>(ManagedChannelOrphanWrapper.java:53)
	at org.apache.ratis.thirdparty.io.grpc.internal.ManagedChannelOrphanWrapper.<init>(ManagedChannelOrphanWrapper.java:44)
	at org.apache.ratis.thirdparty.io.grpc.internal.AbstractManagedChannelImplBuilder.build(AbstractManagedChannelImplBuilder.java:411)
	at org.apache.hadoop.hdds.scm.XceiverClientGrpc.connectToDatanode(XceiverClientGrpc.java:175)
	at org.apache.hadoop.hdds.scm.XceiverClientGrpc.reconnect(XceiverClientGrpc.java:423)
	at org.apache.hadoop.hdds.scm.XceiverClientGrpc.sendCommandAsync(XceiverClientGrpc.java:372)
	at org.apache.hadoop.hdds.scm.XceiverClientGrpc.sendCommandWithRetry(XceiverClientGrpc.java:285)
	at org.apache.hadoop.hdds.scm.XceiverClientGrpc.sendCommandWithTraceIDAndRetry(XceiverClientGrpc.java:251)
	at org.apache.hadoop.hdds.scm.XceiverClientGrpc.sendCommand(XceiverClientGrpc.java:234)
	at org.apache.hadoop.hdds.scm.storage.ContainerProtocolCalls.getBlock(ContainerProtocolCalls.java:118)
	at org.apache.hadoop.hdds.scm.storage.BlockInputStream.getChunkInfos(BlockInputStream.java:167)
	at org.apache.hadoop.hdds.scm.storage.BlockInputStream.initialize(BlockInputStream.java:118)
	at org.apache.hadoop.hdds.scm.storage.BlockInputStream.read(BlockInputStream.java:222)
	at org.apache.hadoop.ozone.client.io.KeyInputStream.read(KeyInputStream.java:171)
	at org.apache.hadoop.ozone.client.io.OzoneInputStream.read(OzoneInputStream.java:47)
	at java.io.InputStream.read(InputStream.java:101)
	at org.apache.hadoop.ozone.container.ContainerTestHelper.validateData(ContainerTestHelper.java:714)
	at org.apache.hadoop.ozone.client.rpc.TestBlockOutputStreamWithFailures.validateData(TestBlockOutputStreamWithFailures.java:1216)
	at org.apache.hadoop.ozone.client.rpc.TestBlockOutputStreamWithFailures.testWatchForCommitWithSingleNodeRatis(TestBlockOutputStreamWithFailures.java:918)
	at sun.reflect.NativeMethodAccessorImpl.invoke0(Native Method)
	at sun.reflect.NativeMethodAccessorImpl.invoke(NativeMethodAccessorImpl.java:62)
	at sun.reflect.DelegatingMethodAccessorImpl.invoke(DelegatingMethodAccessorImpl.java:43)
	at java.lang.reflect.Method.invoke(Method.java:498)
	at org.junit.runners.model.FrameworkMethod$1.runReflectiveCall(FrameworkMethod.java:47)
	at org.junit.internal.runners.model.ReflectiveCallable.run(ReflectiveCallable.java:12)
	at org.junit.runners.model.FrameworkMethod.invokeExplosively(FrameworkMethod.java:44)
	at org.junit.internal.runners.statements.InvokeMethod.evaluate(InvokeMethod.java:17)
	at org.junit.internal.runners.statements.RunBefores.evaluate(RunBefores.java:26)
	at org.junit.internal.runners.statements.RunAfters.evaluate(RunAfters.java:27)
	at org.junit.runners.ParentRunner.runLeaf(ParentRunner.java:271)
	at org.junit.runners.BlockJUnit4ClassRunner.runChild(BlockJUnit4ClassRunner.java:70)
	at org.junit.runners.BlockJUnit4ClassRunner.runChild(BlockJUnit4ClassRunner.java:50)
	at org.junit.runners.ParentRunner$3.run(ParentRunner.java:238)
	at org.junit.runners.ParentRunner$1.schedule(ParentRunner.java:63)
	at org.junit.runners.ParentRunner.runChildren(ParentRunner.java:236)
	at org.junit.runners.ParentRunner.access$000(ParentRunner.java:53)
	at org.junit.runners.ParentRunner$2.evaluate(ParentRunner.java:229)
	at org.junit.runners.ParentRunner.run(ParentRunner.java:309)
	at org.apache.maven.surefire.junit4.JUnit4Provider.execute(JUnit4Provider.java:365)
	at org.apache.maven.surefire.junit4.JUnit4Provider.executeWithRerun(JUnit4Provider.java:273)
	at org.apache.maven.surefire.junit4.JUnit4Provider.executeTestSet(JUnit4Provider.java:238)
	at org.apache.maven.surefire.junit4.JUnit4Provider.invoke(JUnit4Provider.java:159)
	at org.apache.maven.surefire.booter.ForkedBooter.invokeProviderInSameClassLoader(ForkedBooter.java:384)
	at org.apache.maven.surefire.booter.ForkedBooter.runSuitesInProcess(ForkedBooter.java:345)
	at org.apache.maven.surefire.booter.ForkedBooter.execute(ForkedBooter.java:126)
	at org.apache.maven.surefire.booter.ForkedBooter.main(ForkedBooter.java:418)

Sep 16, 2019 4:12:08 PM org.apache.ratis.thirdparty.io.grpc.internal.ManagedChannelOrphanWrapper$ManagedChannelReference cleanQueue
SEVERE: *~*~*~ Channel ManagedChannelImpl{logId=2933, target=192.168.157.233:37792} was not shutdown properly!!! ~*~*~*
    Make sure to call shutdown()/shutdownNow() and wait until awaitTermination() returns true.
java.lang.RuntimeException: ManagedChannel allocation site
	at org.apache.ratis.thirdparty.io.grpc.internal.ManagedChannelOrphanWrapper$ManagedChannelReference.<init>(ManagedChannelOrphanWrapper.java:103)
	at org.apache.ratis.thirdparty.io.grpc.internal.ManagedChannelOrphanWrapper.<init>(ManagedChannelOrphanWrapper.java:53)
	at org.apache.ratis.thirdparty.io.grpc.internal.ManagedChannelOrphanWrapper.<init>(ManagedChannelOrphanWrapper.java:44)
	at org.apache.ratis.thirdparty.io.grpc.internal.AbstractManagedChannelImplBuilder.build(AbstractManagedChannelImplBuilder.java:411)
	at org.apache.ratis.grpc.client.GrpcClientProtocolClient.<init>(GrpcClientProtocolClient.java:127)
	at org.apache.ratis.grpc.client.GrpcClientRpc.lambda$new$0(GrpcClientRpc.java:55)
	at org.apache.ratis.util.PeerProxyMap$PeerAndProxy.lambda$getProxy$0(PeerProxyMap.java:61)
	at org.apache.ratis.util.LifeCycle.startAndTransition(LifeCycle.java:202)
	at org.apache.ratis.util.PeerProxyMap$PeerAndProxy.getProxy(PeerProxyMap.java:60)
	at org.apache.ratis.util.PeerProxyMap.getProxy(PeerProxyMap.java:108)
	at org.apache.ratis.grpc.client.GrpcClientRpc.sendRequestAsync(GrpcClientRpc.java:66)
	at org.apache.ratis.client.impl.OrderedAsync.sendRequest(OrderedAsync.java:208)
	at org.apache.ratis.client.impl.OrderedAsync.sendRequestWithRetry(OrderedAsync.java:169)
	at org.apache.ratis.util.SlidingWindow$Client.sendOrDelayRequest(SlidingWindow.java:278)
	at org.apache.ratis.util.SlidingWindow$Client.retry(SlidingWindow.java:294)
	at org.apache.ratis.client.impl.OrderedAsync.lambda$scheduleWithTimeout$7(OrderedAsync.java:195)
	at org.apache.ratis.util.TimeoutScheduler.lambda$onTimeout$0(TimeoutScheduler.java:113)
	at org.apache.ratis.util.TimeoutScheduler.lambda$onTimeout$1(TimeoutScheduler.java:133)
	at org.apache.ratis.util.LogUtils.runAndLog(LogUtils.java:50)
	at org.apache.ratis.util.LogUtils$1.run(LogUtils.java:91)
	at java.util.concurrent.Executors$RunnableAdapter.call(Executors.java:511)
	at java.util.concurrent.FutureTask.run(FutureTask.java:266)
	at java.util.concurrent.ScheduledThreadPoolExecutor$ScheduledFutureTask.access$201(ScheduledThreadPoolExecutor.java:180)
	at java.util.concurrent.ScheduledThreadPoolExecutor$ScheduledFutureTask.run(ScheduledThreadPoolExecutor.java:293)
	at java.util.concurrent.ThreadPoolExecutor.runWorker(ThreadPoolExecutor.java:1149)
	at java.util.concurrent.ThreadPoolExecutor$Worker.run(ThreadPoolExecutor.java:624)
	at java.lang.Thread.run(Thread.java:748)

Sep 16, 2019 4:12:08 PM org.apache.ratis.thirdparty.io.grpc.internal.ManagedChannelOrphanWrapper$ManagedChannelReference cleanQueue
SEVERE: *~*~*~ Channel ManagedChannelImpl{logId=2938, target=192.168.157.233:42893} was not shutdown properly!!! ~*~*~*
    Make sure to call shutdown()/shutdownNow() and wait until awaitTermination() returns true.
java.lang.RuntimeException: ManagedChannel allocation site
	at org.apache.ratis.thirdparty.io.grpc.internal.ManagedChannelOrphanWrapper$ManagedChannelReference.<init>(ManagedChannelOrphanWrapper.java:103)
	at org.apache.ratis.thirdparty.io.grpc.internal.ManagedChannelOrphanWrapper.<init>(ManagedChannelOrphanWrapper.java:53)
	at org.apache.ratis.thirdparty.io.grpc.internal.ManagedChannelOrphanWrapper.<init>(ManagedChannelOrphanWrapper.java:44)
	at org.apache.ratis.thirdparty.io.grpc.internal.AbstractManagedChannelImplBuilder.build(AbstractManagedChannelImplBuilder.java:411)
	at org.apache.ratis.grpc.client.GrpcClientProtocolClient.<init>(GrpcClientProtocolClient.java:127)
	at org.apache.ratis.grpc.client.GrpcClientRpc.lambda$new$0(GrpcClientRpc.java:55)
	at org.apache.ratis.util.PeerProxyMap$PeerAndProxy.lambda$getProxy$0(PeerProxyMap.java:61)
	at org.apache.ratis.util.LifeCycle.startAndTransition(LifeCycle.java:202)
	at org.apache.ratis.util.PeerProxyMap$PeerAndProxy.getProxy(PeerProxyMap.java:60)
	at org.apache.ratis.util.PeerProxyMap.getProxy(PeerProxyMap.java:108)
	at org.apache.ratis.grpc.client.GrpcClientRpc.sendRequestAsync(GrpcClientRpc.java:66)
	at org.apache.ratis.client.impl.OrderedAsync.sendRequest(OrderedAsync.java:208)
	at org.apache.ratis.client.impl.OrderedAsync.sendRequestWithRetry(OrderedAsync.java:169)
	at org.apache.ratis.util.SlidingWindow$Client.sendOrDelayRequest(SlidingWindow.java:278)
	at org.apache.ratis.util.SlidingWindow$Client.submitNewRequest(SlidingWindow.java:257)
	at org.apache.ratis.client.impl.OrderedAsync.send(OrderedAsync.java:155)
	at org.apache.ratis.client.impl.RaftClientImpl.sendAsync(RaftClientImpl.java:144)
	at org.apache.ratis.client.impl.RaftClientImpl.sendAsync(RaftClientImpl.java:124)
	at org.apache.hadoop.hdds.scm.XceiverClientRatis.sendRequestAsync(XceiverClientRatis.java:224)
	at org.apache.hadoop.hdds.scm.XceiverClientRatis.sendCommandAsync(XceiverClientRatis.java:302)
	at org.apache.hadoop.hdds.scm.storage.ContainerProtocolCalls.writeChunkAsync(ContainerProtocolCalls.java:310)
	at org.apache.hadoop.hdds.scm.storage.BlockOutputStream.writeChunkToContainer(BlockOutputStream.java:601)
	at org.apache.hadoop.hdds.scm.storage.BlockOutputStream.writeChunk(BlockOutputStream.java:459)
	at org.apache.hadoop.hdds.scm.storage.BlockOutputStream.writeOnRetry(BlockOutputStream.java:285)
	at org.apache.hadoop.ozone.client.io.BlockOutputStreamEntry.writeOnRetry(BlockOutputStreamEntry.java:200)
	at org.apache.hadoop.ozone.client.io.KeyOutputStream.handleWrite(KeyOutputStream.java:209)
	at org.apache.hadoop.ozone.client.io.KeyOutputStream.handleRetry(KeyOutputStream.java:376)
	at org.apache.hadoop.ozone.client.io.KeyOutputStream.handleException(KeyOutputStream.java:325)
	at org.apache.hadoop.ozone.client.io.KeyOutputStream.handleFlushOrClose(KeyOutputStream.java:448)
	at org.apache.hadoop.ozone.client.io.KeyOutputStream.handleWrite(KeyOutputStream.java:235)
	at org.apache.hadoop.ozone.client.io.KeyOutputStream.write(KeyOutputStream.java:193)
	at org.apache.hadoop.ozone.client.io.OzoneOutputStream.write(OzoneOutputStream.java:49)
	at java.io.OutputStream.write(OutputStream.java:75)
	at org.apache.hadoop.ozone.client.rpc.TestBlockOutputStreamWithFailures.testWatchForCommitWithSingleNodeRatis(TestBlockOutputStreamWithFailures.java:885)
	at sun.reflect.NativeMethodAccessorImpl.invoke0(Native Method)
	at sun.reflect.NativeMethodAccessorImpl.invoke(NativeMethodAccessorImpl.java:62)
	at sun.reflect.DelegatingMethodAccessorImpl.invoke(DelegatingMethodAccessorImpl.java:43)
	at java.lang.reflect.Method.invoke(Method.java:498)
	at org.junit.runners.model.FrameworkMethod$1.runReflectiveCall(FrameworkMethod.java:47)
	at org.junit.internal.runners.model.ReflectiveCallable.run(ReflectiveCallable.java:12)
	at org.junit.runners.model.FrameworkMethod.invokeExplosively(FrameworkMethod.java:44)
	at org.junit.internal.runners.statements.InvokeMethod.evaluate(InvokeMethod.java:17)
	at org.junit.internal.runners.statements.RunBefores.evaluate(RunBefores.java:26)
	at org.junit.internal.runners.statements.RunAfters.evaluate(RunAfters.java:27)
	at org.junit.runners.ParentRunner.runLeaf(ParentRunner.java:271)
	at org.junit.runners.BlockJUnit4ClassRunner.runChild(BlockJUnit4ClassRunner.java:70)
	at org.junit.runners.BlockJUnit4ClassRunner.runChild(BlockJUnit4ClassRunner.java:50)
	at org.junit.runners.ParentRunner$3.run(ParentRunner.java:238)
	at org.junit.runners.ParentRunner$1.schedule(ParentRunner.java:63)
	at org.junit.runners.ParentRunner.runChildren(ParentRunner.java:236)
	at org.junit.runners.ParentRunner.access$000(ParentRunner.java:53)
	at org.junit.runners.ParentRunner$2.evaluate(ParentRunner.java:229)
	at org.junit.runners.ParentRunner.run(ParentRunner.java:309)
	at org.apache.maven.surefire.junit4.JUnit4Provider.execute(JUnit4Provider.java:365)
	at org.apache.maven.surefire.junit4.JUnit4Provider.executeWithRerun(JUnit4Provider.java:273)
	at org.apache.maven.surefire.junit4.JUnit4Provider.executeTestSet(JUnit4Provider.java:238)
	at org.apache.maven.surefire.junit4.JUnit4Provider.invoke(JUnit4Provider.java:159)
	at org.apache.maven.surefire.booter.ForkedBooter.invokeProviderInSameClassLoader(ForkedBooter.java:384)
	at org.apache.maven.surefire.booter.ForkedBooter.runSuitesInProcess(ForkedBooter.java:345)
	at org.apache.maven.surefire.booter.ForkedBooter.execute(ForkedBooter.java:126)
	at org.apache.maven.surefire.booter.ForkedBooter.main(ForkedBooter.java:418)

Sep 16, 2019 4:12:08 PM org.apache.ratis.thirdparty.io.grpc.internal.ManagedChannelOrphanWrapper$ManagedChannelReference cleanQueue
SEVERE: *~*~*~ Channel ManagedChannelImpl{logId=2711, target=192.168.157.233:44616} was not shutdown properly!!! ~*~*~*
    Make sure to call shutdown()/shutdownNow() and wait until awaitTermination() returns true.
java.lang.RuntimeException: ManagedChannel allocation site
	at org.apache.ratis.thirdparty.io.grpc.internal.ManagedChannelOrphanWrapper$ManagedChannelReference.<init>(ManagedChannelOrphanWrapper.java:103)
	at org.apache.ratis.thirdparty.io.grpc.internal.ManagedChannelOrphanWrapper.<init>(ManagedChannelOrphanWrapper.java:53)
	at org.apache.ratis.thirdparty.io.grpc.internal.ManagedChannelOrphanWrapper.<init>(ManagedChannelOrphanWrapper.java:44)
	at org.apache.ratis.thirdparty.io.grpc.internal.AbstractManagedChannelImplBuilder.build(AbstractManagedChannelImplBuilder.java:411)
	at org.apache.ratis.grpc.client.GrpcClientProtocolClient.<init>(GrpcClientProtocolClient.java:127)
	at org.apache.ratis.grpc.client.GrpcClientRpc.lambda$new$0(GrpcClientRpc.java:55)
	at org.apache.ratis.util.PeerProxyMap$PeerAndProxy.lambda$getProxy$0(PeerProxyMap.java:61)
	at org.apache.ratis.util.LifeCycle.startAndTransition(LifeCycle.java:202)
	at org.apache.ratis.util.PeerProxyMap$PeerAndProxy.getProxy(PeerProxyMap.java:60)
	at org.apache.ratis.util.PeerProxyMap.getProxy(PeerProxyMap.java:108)
	at org.apache.ratis.grpc.client.GrpcClientRpc.sendRequestAsync(GrpcClientRpc.java:66)
	at org.apache.ratis.client.impl.OrderedAsync.sendRequest(OrderedAsync.java:208)
	at org.apache.ratis.client.impl.OrderedAsync.sendRequestWithRetry(OrderedAsync.java:169)
	at org.apache.ratis.util.SlidingWindow$Client.sendOrDelayRequest(SlidingWindow.java:278)
	at org.apache.ratis.util.SlidingWindow$Client.submitNewRequest(SlidingWindow.java:257)
	at org.apache.ratis.client.impl.OrderedAsync.send(OrderedAsync.java:155)
	at org.apache.ratis.client.impl.RaftClientImpl.sendAsync(RaftClientImpl.java:144)
	at org.apache.ratis.client.impl.RaftClientImpl.sendAsync(RaftClientImpl.java:124)
	at org.apache.hadoop.hdds.scm.XceiverClientRatis.sendRequestAsync(XceiverClientRatis.java:224)
	at org.apache.hadoop.hdds.scm.XceiverClientRatis.sendCommandAsync(XceiverClientRatis.java:302)
	at org.apache.hadoop.hdds.scm.storage.ContainerProtocolCalls.writeChunkAsync(ContainerProtocolCalls.java:310)
	at org.apache.hadoop.hdds.scm.storage.BlockOutputStream.writeChunkToContainer(BlockOutputStream.java:601)
	at org.apache.hadoop.hdds.scm.storage.BlockOutputStream.writeChunk(BlockOutputStream.java:459)
	at org.apache.hadoop.hdds.scm.storage.BlockOutputStream.writeOnRetry(BlockOutputStream.java:285)
	at org.apache.hadoop.ozone.client.io.BlockOutputStreamEntry.writeOnRetry(BlockOutputStreamEntry.java:200)
	at org.apache.hadoop.ozone.client.io.KeyOutputStream.handleWrite(KeyOutputStream.java:209)
	at org.apache.hadoop.ozone.client.io.KeyOutputStream.handleRetry(KeyOutputStream.java:376)
	at org.apache.hadoop.ozone.client.io.KeyOutputStream.handleException(KeyOutputStream.java:325)
	at org.apache.hadoop.ozone.client.io.KeyOutputStream.handleFlushOrClose(KeyOutputStream.java:448)
	at org.apache.hadoop.ozone.client.io.KeyOutputStream.handleWrite(KeyOutputStream.java:235)
	at org.apache.hadoop.ozone.client.io.KeyOutputStream.write(KeyOutputStream.java:193)
	at org.apache.hadoop.ozone.client.io.OzoneOutputStream.write(OzoneOutputStream.java:49)
	at java.io.OutputStream.write(OutputStream.java:75)
	at org.apache.hadoop.ozone.client.rpc.TestBlockOutputStreamWithFailures.testDatanodeFailureWithSingleNodeRatis(TestBlockOutputStreamWithFailures.java:1021)
	at sun.reflect.NativeMethodAccessorImpl.invoke0(Native Method)
	at sun.reflect.NativeMethodAccessorImpl.invoke(NativeMethodAccessorImpl.java:62)
	at sun.reflect.DelegatingMethodAccessorImpl.invoke(DelegatingMethodAccessorImpl.java:43)
	at java.lang.reflect.Method.invoke(Method.java:498)
	at org.junit.runners.model.FrameworkMethod$1.runReflectiveCall(FrameworkMethod.java:47)
	at org.junit.internal.runners.model.ReflectiveCallable.run(ReflectiveCallable.java:12)
	at org.junit.runners.model.FrameworkMethod.invokeExplosively(FrameworkMethod.java:44)
	at org.junit.internal.runners.statements.InvokeMethod.evaluate(InvokeMethod.java:17)
	at org.junit.internal.runners.statements.RunBefores.evaluate(RunBefores.java:26)
	at org.junit.internal.runners.statements.RunAfters.evaluate(RunAfters.java:27)
	at org.junit.runners.ParentRunner.runLeaf(ParentRunner.java:271)
	at org.junit.runners.BlockJUnit4ClassRunner.runChild(BlockJUnit4ClassRunner.java:70)
	at org.junit.runners.BlockJUnit4ClassRunner.runChild(BlockJUnit4ClassRunner.java:50)
	at org.junit.runners.ParentRunner$3.run(ParentRunner.java:238)
	at org.junit.runners.ParentRunner$1.schedule(ParentRunner.java:63)
	at org.junit.runners.ParentRunner.runChildren(ParentRunner.java:236)
	at org.junit.runners.ParentRunner.access$000(ParentRunner.java:53)
	at org.junit.runners.ParentRunner$2.evaluate(ParentRunner.java:229)
	at org.junit.runners.ParentRunner.run(ParentRunner.java:309)
	at org.apache.maven.surefire.junit4.JUnit4Provider.execute(JUnit4Provider.java:365)
	at org.apache.maven.surefire.junit4.JUnit4Provider.executeWithRerun(JUnit4Provider.java:273)
	at org.apache.maven.surefire.junit4.JUnit4Provider.executeTestSet(JUnit4Provider.java:238)
	at org.apache.maven.surefire.junit4.JUnit4Provider.invoke(JUnit4Provider.java:159)
	at org.apache.maven.surefire.booter.ForkedBooter.invokeProviderInSameClassLoader(ForkedBooter.java:384)
	at org.apache.maven.surefire.booter.ForkedBooter.runSuitesInProcess(ForkedBooter.java:345)
	at org.apache.maven.surefire.booter.ForkedBooter.execute(ForkedBooter.java:126)
	at org.apache.maven.surefire.booter.ForkedBooter.main(ForkedBooter.java:418)

Sep 16, 2019 4:12:08 PM org.apache.ratis.thirdparty.io.grpc.internal.ManagedChannelOrphanWrapper$ManagedChannelReference cleanQueue
SEVERE: *~*~*~ Channel ManagedChannelImpl{logId=3214, target=192.168.157.233:46346} was not shutdown properly!!! ~*~*~*
    Make sure to call shutdown()/shutdownNow() and wait until awaitTermination() returns true.
java.lang.RuntimeException: ManagedChannel allocation site
	at org.apache.ratis.thirdparty.io.grpc.internal.ManagedChannelOrphanWrapper$ManagedChannelReference.<init>(ManagedChannelOrphanWrapper.java:103)
	at org.apache.ratis.thirdparty.io.grpc.internal.ManagedChannelOrphanWrapper.<init>(ManagedChannelOrphanWrapper.java:53)
	at org.apache.ratis.thirdparty.io.grpc.internal.ManagedChannelOrphanWrapper.<init>(ManagedChannelOrphanWrapper.java:44)
	at org.apache.ratis.thirdparty.io.grpc.internal.AbstractManagedChannelImplBuilder.build(AbstractManagedChannelImplBuilder.java:411)
	at org.apache.hadoop.hdds.scm.XceiverClientGrpc.connectToDatanode(XceiverClientGrpc.java:175)
	at org.apache.hadoop.hdds.scm.XceiverClientGrpc.reconnect(XceiverClientGrpc.java:423)
	at org.apache.hadoop.hdds.scm.XceiverClientGrpc.sendCommandAsync(XceiverClientGrpc.java:372)
	at org.apache.hadoop.hdds.scm.XceiverClientGrpc.sendCommandWithRetry(XceiverClientGrpc.java:285)
	at org.apache.hadoop.hdds.scm.XceiverClientGrpc.sendCommandWithTraceIDAndRetry(XceiverClientGrpc.java:251)
	at org.apache.hadoop.hdds.scm.XceiverClientGrpc.sendCommand(XceiverClientGrpc.java:234)
	at org.apache.hadoop.hdds.scm.storage.ContainerProtocolCalls.getBlock(ContainerProtocolCalls.java:118)
	at org.apache.hadoop.hdds.scm.storage.BlockInputStream.getChunkInfos(BlockInputStream.java:167)
	at org.apache.hadoop.hdds.scm.storage.BlockInputStream.initialize(BlockInputStream.java:118)
	at org.apache.hadoop.hdds.scm.storage.BlockInputStream.read(BlockInputStream.java:222)
	at org.apache.hadoop.ozone.client.io.KeyInputStream.read(KeyInputStream.java:171)
	at org.apache.hadoop.ozone.client.io.OzoneInputStream.read(OzoneInputStream.java:47)
	at java.io.InputStream.read(InputStream.java:101)
	at org.apache.hadoop.ozone.container.ContainerTestHelper.validateData(ContainerTestHelper.java:714)
	at org.apache.hadoop.ozone.client.rpc.TestBlockOutputStreamWithFailures.validateData(TestBlockOutputStreamWithFailures.java:1216)
	at org.apache.hadoop.ozone.client.rpc.TestBlockOutputStreamWithFailures.testWatchForCommitDatanodeFailure(TestBlockOutputStreamWithFailures.java:393)
	at sun.reflect.NativeMethodAccessorImpl.invoke0(Native Method)
	at sun.reflect.NativeMethodAccessorImpl.invoke(NativeMethodAccessorImpl.java:62)
	at sun.reflect.DelegatingMethodAccessorImpl.invoke(DelegatingMethodAccessorImpl.java:43)
	at java.lang.reflect.Method.invoke(Method.java:498)
	at org.junit.runners.model.FrameworkMethod$1.runReflectiveCall(FrameworkMethod.java:47)
	at org.junit.internal.runners.model.ReflectiveCallable.run(ReflectiveCallable.java:12)
	at org.junit.runners.model.FrameworkMethod.invokeExplosively(FrameworkMethod.java:44)
	at org.junit.internal.runners.statements.InvokeMethod.evaluate(InvokeMethod.java:17)
	at org.junit.internal.runners.statements.RunBefores.evaluate(RunBefores.java:26)
	at org.junit.internal.runners.statements.RunAfters.evaluate(RunAfters.java:27)
	at org.junit.runners.ParentRunner.runLeaf(ParentRunner.java:271)
	at org.junit.runners.BlockJUnit4ClassRunner.runChild(BlockJUnit4ClassRunner.java:70)
	at org.junit.runners.BlockJUnit4ClassRunner.runChild(BlockJUnit4ClassRunner.java:50)
	at org.junit.runners.ParentRunner$3.run(ParentRunner.java:238)
	at org.junit.runners.ParentRunner$1.schedule(ParentRunner.java:63)
	at org.junit.runners.ParentRunner.runChildren(ParentRunner.java:236)
	at org.junit.runners.ParentRunner.access$000(ParentRunner.java:53)
	at org.junit.runners.ParentRunner$2.evaluate(ParentRunner.java:229)
	at org.junit.runners.ParentRunner.run(ParentRunner.java:309)
	at org.apache.maven.surefire.junit4.JUnit4Provider.execute(JUnit4Provider.java:365)
	at org.apache.maven.surefire.junit4.JUnit4Provider.executeWithRerun(JUnit4Provider.java:273)
	at org.apache.maven.surefire.junit4.JUnit4Provider.executeTestSet(JUnit4Provider.java:238)
	at org.apache.maven.surefire.junit4.JUnit4Provider.invoke(JUnit4Provider.java:159)
	at org.apache.maven.surefire.booter.ForkedBooter.invokeProviderInSameClassLoader(ForkedBooter.java:384)
	at org.apache.maven.surefire.booter.ForkedBooter.runSuitesInProcess(ForkedBooter.java:345)
	at org.apache.maven.surefire.booter.ForkedBooter.execute(ForkedBooter.java:126)
	at org.apache.maven.surefire.booter.ForkedBooter.main(ForkedBooter.java:418)

Sep 16, 2019 4:12:08 PM org.apache.ratis.thirdparty.io.grpc.internal.ManagedChannelOrphanWrapper$ManagedChannelReference cleanQueue
SEVERE: *~*~*~ Channel ManagedChannelImpl{logId=2948, target=192.168.157.233:40317} was not shutdown properly!!! ~*~*~*
    Make sure to call shutdown()/shutdownNow() and wait until awaitTermination() returns true.
java.lang.RuntimeException: ManagedChannel allocation site
	at org.apache.ratis.thirdparty.io.grpc.internal.ManagedChannelOrphanWrapper$ManagedChannelReference.<init>(ManagedChannelOrphanWrapper.java:103)
	at org.apache.ratis.thirdparty.io.grpc.internal.ManagedChannelOrphanWrapper.<init>(ManagedChannelOrphanWrapper.java:53)
	at org.apache.ratis.thirdparty.io.grpc.internal.ManagedChannelOrphanWrapper.<init>(ManagedChannelOrphanWrapper.java:44)
	at org.apache.ratis.thirdparty.io.grpc.internal.AbstractManagedChannelImplBuilder.build(AbstractManagedChannelImplBuilder.java:411)
	at org.apache.hadoop.hdds.scm.XceiverClientGrpc.connectToDatanode(XceiverClientGrpc.java:175)
	at org.apache.hadoop.hdds.scm.XceiverClientGrpc.reconnect(XceiverClientGrpc.java:423)
	at org.apache.hadoop.hdds.scm.XceiverClientGrpc.sendCommandAsync(XceiverClientGrpc.java:372)
	at org.apache.hadoop.hdds.scm.XceiverClientGrpc.sendCommandWithRetry(XceiverClientGrpc.java:285)
	at org.apache.hadoop.hdds.scm.XceiverClientGrpc.sendCommandWithTraceIDAndRetry(XceiverClientGrpc.java:251)
	at org.apache.hadoop.hdds.scm.XceiverClientGrpc.sendCommand(XceiverClientGrpc.java:234)
	at org.apache.hadoop.hdds.scm.storage.ContainerProtocolCalls.getBlock(ContainerProtocolCalls.java:118)
	at org.apache.hadoop.hdds.scm.storage.BlockInputStream.getChunkInfos(BlockInputStream.java:167)
	at org.apache.hadoop.hdds.scm.storage.BlockInputStream.initialize(BlockInputStream.java:118)
	at org.apache.hadoop.hdds.scm.storage.BlockInputStream.read(BlockInputStream.java:222)
	at org.apache.hadoop.ozone.client.io.KeyInputStream.read(KeyInputStream.java:171)
	at org.apache.hadoop.ozone.client.io.OzoneInputStream.read(OzoneInputStream.java:47)
	at java.io.InputStream.read(InputStream.java:101)
	at org.apache.hadoop.ozone.container.ContainerTestHelper.validateData(ContainerTestHelper.java:714)
	at org.apache.hadoop.ozone.client.rpc.TestBlockOutputStreamWithFailures.validateData(TestBlockOutputStreamWithFailures.java:1216)
	at org.apache.hadoop.ozone.client.rpc.TestBlockOutputStreamWithFailures.testWatchForCommitWithSingleNodeRatis(TestBlockOutputStreamWithFailures.java:918)
	at sun.reflect.NativeMethodAccessorImpl.invoke0(Native Method)
	at sun.reflect.NativeMethodAccessorImpl.invoke(NativeMethodAccessorImpl.java:62)
	at sun.reflect.DelegatingMethodAccessorImpl.invoke(DelegatingMethodAccessorImpl.java:43)
	at java.lang.reflect.Method.invoke(Method.java:498)
	at org.junit.runners.model.FrameworkMethod$1.runReflectiveCall(FrameworkMethod.java:47)
	at org.junit.internal.runners.model.ReflectiveCallable.run(ReflectiveCallable.java:12)
	at org.junit.runners.model.FrameworkMethod.invokeExplosively(FrameworkMethod.java:44)
	at org.junit.internal.runners.statements.InvokeMethod.evaluate(InvokeMethod.java:17)
	at org.junit.internal.runners.statements.RunBefores.evaluate(RunBefores.java:26)
	at org.junit.internal.runners.statements.RunAfters.evaluate(RunAfters.java:27)
	at org.junit.runners.ParentRunner.runLeaf(ParentRunner.java:271)
	at org.junit.runners.BlockJUnit4ClassRunner.runChild(BlockJUnit4ClassRunner.java:70)
	at org.junit.runners.BlockJUnit4ClassRunner.runChild(BlockJUnit4ClassRunner.java:50)
	at org.junit.runners.ParentRunner$3.run(ParentRunner.java:238)
	at org.junit.runners.ParentRunner$1.schedule(ParentRunner.java:63)
	at org.junit.runners.ParentRunner.runChildren(ParentRunner.java:236)
	at org.junit.runners.ParentRunner.access$000(ParentRunner.java:53)
	at org.junit.runners.ParentRunner$2.evaluate(ParentRunner.java:229)
	at org.junit.runners.ParentRunner.run(ParentRunner.java:309)
	at org.apache.maven.surefire.junit4.JUnit4Provider.execute(JUnit4Provider.java:365)
	at org.apache.maven.surefire.junit4.JUnit4Provider.executeWithRerun(JUnit4Provider.java:273)
	at org.apache.maven.surefire.junit4.JUnit4Provider.executeTestSet(JUnit4Provider.java:238)
	at org.apache.maven.surefire.junit4.JUnit4Provider.invoke(JUnit4Provider.java:159)
	at org.apache.maven.surefire.booter.ForkedBooter.invokeProviderInSameClassLoader(ForkedBooter.java:384)
	at org.apache.maven.surefire.booter.ForkedBooter.runSuitesInProcess(ForkedBooter.java:345)
	at org.apache.maven.surefire.booter.ForkedBooter.execute(ForkedBooter.java:126)
	at org.apache.maven.surefire.booter.ForkedBooter.main(ForkedBooter.java:418)

Sep 16, 2019 4:12:08 PM org.apache.ratis.thirdparty.io.grpc.internal.ManagedChannelOrphanWrapper$ManagedChannelReference cleanQueue
SEVERE: *~*~*~ Channel ManagedChannelImpl{logId=3219, target=192.168.157.233:35045} was not shutdown properly!!! ~*~*~*
    Make sure to call shutdown()/shutdownNow() and wait until awaitTermination() returns true.
java.lang.RuntimeException: ManagedChannel allocation site
	at org.apache.ratis.thirdparty.io.grpc.internal.ManagedChannelOrphanWrapper$ManagedChannelReference.<init>(ManagedChannelOrphanWrapper.java:103)
	at org.apache.ratis.thirdparty.io.grpc.internal.ManagedChannelOrphanWrapper.<init>(ManagedChannelOrphanWrapper.java:53)
	at org.apache.ratis.thirdparty.io.grpc.internal.ManagedChannelOrphanWrapper.<init>(ManagedChannelOrphanWrapper.java:44)
	at org.apache.ratis.thirdparty.io.grpc.internal.AbstractManagedChannelImplBuilder.build(AbstractManagedChannelImplBuilder.java:411)
	at org.apache.hadoop.hdds.scm.XceiverClientGrpc.connectToDatanode(XceiverClientGrpc.java:175)
	at org.apache.hadoop.hdds.scm.XceiverClientGrpc.reconnect(XceiverClientGrpc.java:423)
	at org.apache.hadoop.hdds.scm.XceiverClientGrpc.sendCommandAsync(XceiverClientGrpc.java:372)
	at org.apache.hadoop.hdds.scm.XceiverClientGrpc.sendCommandWithRetry(XceiverClientGrpc.java:285)
	at org.apache.hadoop.hdds.scm.XceiverClientGrpc.sendCommandWithTraceIDAndRetry(XceiverClientGrpc.java:251)
	at org.apache.hadoop.hdds.scm.XceiverClientGrpc.sendCommand(XceiverClientGrpc.java:234)
	at org.apache.hadoop.hdds.scm.storage.ContainerProtocolCalls.readChunk(ContainerProtocolCalls.java:245)
	at org.apache.hadoop.hdds.scm.storage.ChunkInputStream.readChunk(ChunkInputStream.java:335)
	at org.apache.hadoop.hdds.scm.storage.ChunkInputStream.readChunkFromContainer(ChunkInputStream.java:307)
	at org.apache.hadoop.hdds.scm.storage.ChunkInputStream.prepareRead(ChunkInputStream.java:259)
	at org.apache.hadoop.hdds.scm.storage.ChunkInputStream.read(ChunkInputStream.java:144)
	at org.apache.hadoop.hdds.scm.storage.BlockInputStream.read(BlockInputStream.java:239)
	at org.apache.hadoop.ozone.client.io.KeyInputStream.read(KeyInputStream.java:171)
	at org.apache.hadoop.ozone.client.io.OzoneInputStream.read(OzoneInputStream.java:47)
	at java.io.InputStream.read(InputStream.java:101)
	at org.apache.hadoop.ozone.container.ContainerTestHelper.validateData(ContainerTestHelper.java:714)
	at org.apache.hadoop.ozone.client.rpc.TestBlockOutputStreamWithFailures.validateData(TestBlockOutputStreamWithFailures.java:1216)
	at org.apache.hadoop.ozone.client.rpc.TestBlockOutputStreamWithFailures.testWatchForCommitDatanodeFailure(TestBlockOutputStreamWithFailures.java:393)
	at sun.reflect.NativeMethodAccessorImpl.invoke0(Native Method)
	at sun.reflect.NativeMethodAccessorImpl.invoke(NativeMethodAccessorImpl.java:62)
	at sun.reflect.DelegatingMethodAccessorImpl.invoke(DelegatingMethodAccessorImpl.java:43)
	at java.lang.reflect.Method.invoke(Method.java:498)
	at org.junit.runners.model.FrameworkMethod$1.runReflectiveCall(FrameworkMethod.java:47)
	at org.junit.internal.runners.model.ReflectiveCallable.run(ReflectiveCallable.java:12)
	at org.junit.runners.model.FrameworkMethod.invokeExplosively(FrameworkMethod.java:44)
	at org.junit.internal.runners.statements.InvokeMethod.evaluate(InvokeMethod.java:17)
	at org.junit.internal.runners.statements.RunBefores.evaluate(RunBefores.java:26)
	at org.junit.internal.runners.statements.RunAfters.evaluate(RunAfters.java:27)
	at org.junit.runners.ParentRunner.runLeaf(ParentRunner.java:271)
	at org.junit.runners.BlockJUnit4ClassRunner.runChild(BlockJUnit4ClassRunner.java:70)
	at org.junit.runners.BlockJUnit4ClassRunner.runChild(BlockJUnit4ClassRunner.java:50)
	at org.junit.runners.ParentRunner$3.run(ParentRunner.java:238)
	at org.junit.runners.ParentRunner$1.schedule(ParentRunner.java:63)
	at org.junit.runners.ParentRunner.runChildren(ParentRunner.java:236)
	at org.junit.runners.ParentRunner.access$000(ParentRunner.java:53)
	at org.junit.runners.ParentRunner$2.evaluate(ParentRunner.java:229)
	at org.junit.runners.ParentRunner.run(ParentRunner.java:309)
	at org.apache.maven.surefire.junit4.JUnit4Provider.execute(JUnit4Provider.java:365)
	at org.apache.maven.surefire.junit4.JUnit4Provider.executeWithRerun(JUnit4Provider.java:273)
	at org.apache.maven.surefire.junit4.JUnit4Provider.executeTestSet(JUnit4Provider.java:238)
	at org.apache.maven.surefire.junit4.JUnit4Provider.invoke(JUnit4Provider.java:159)
	at org.apache.maven.surefire.booter.ForkedBooter.invokeProviderInSameClassLoader(ForkedBooter.java:384)
	at org.apache.maven.surefire.booter.ForkedBooter.runSuitesInProcess(ForkedBooter.java:345)
	at org.apache.maven.surefire.booter.ForkedBooter.execute(ForkedBooter.java:126)
	at org.apache.maven.surefire.booter.ForkedBooter.main(ForkedBooter.java:418)

Sep 16, 2019 4:12:08 PM org.apache.ratis.thirdparty.io.grpc.internal.ManagedChannelOrphanWrapper$ManagedChannelReference cleanQueue
SEVERE: *~*~*~ Channel ManagedChannelImpl{logId=3209, target=192.168.157.233:46807} was not shutdown properly!!! ~*~*~*
    Make sure to call shutdown()/shutdownNow() and wait until awaitTermination() returns true.
java.lang.RuntimeException: ManagedChannel allocation site
	at org.apache.ratis.thirdparty.io.grpc.internal.ManagedChannelOrphanWrapper$ManagedChannelReference.<init>(ManagedChannelOrphanWrapper.java:103)
	at org.apache.ratis.thirdparty.io.grpc.internal.ManagedChannelOrphanWrapper.<init>(ManagedChannelOrphanWrapper.java:53)
	at org.apache.ratis.thirdparty.io.grpc.internal.ManagedChannelOrphanWrapper.<init>(ManagedChannelOrphanWrapper.java:44)
	at org.apache.ratis.thirdparty.io.grpc.internal.AbstractManagedChannelImplBuilder.build(AbstractManagedChannelImplBuilder.java:411)
	at org.apache.ratis.grpc.client.GrpcClientProtocolClient.<init>(GrpcClientProtocolClient.java:127)
	at org.apache.ratis.grpc.client.GrpcClientRpc.lambda$new$0(GrpcClientRpc.java:55)
	at org.apache.ratis.util.PeerProxyMap$PeerAndProxy.lambda$getProxy$0(PeerProxyMap.java:61)
	at org.apache.ratis.util.LifeCycle.startAndTransition(LifeCycle.java:202)
	at org.apache.ratis.util.PeerProxyMap$PeerAndProxy.getProxy(PeerProxyMap.java:60)
	at org.apache.ratis.util.PeerProxyMap.getProxy(PeerProxyMap.java:108)
	at org.apache.ratis.grpc.client.GrpcClientRpc.sendRequestAsync(GrpcClientRpc.java:66)
	at org.apache.ratis.client.impl.OrderedAsync.sendRequest(OrderedAsync.java:208)
	at org.apache.ratis.client.impl.OrderedAsync.sendRequestWithRetry(OrderedAsync.java:169)
	at org.apache.ratis.util.SlidingWindow$Client.sendOrDelayRequest(SlidingWindow.java:278)
	at org.apache.ratis.util.SlidingWindow$Client.submitNewRequest(SlidingWindow.java:257)
	at org.apache.ratis.client.impl.OrderedAsync.send(OrderedAsync.java:155)
	at org.apache.ratis.client.impl.RaftClientImpl.sendAsync(RaftClientImpl.java:144)
	at org.apache.ratis.client.impl.RaftClientImpl.sendAsync(RaftClientImpl.java:124)
	at org.apache.hadoop.hdds.scm.XceiverClientRatis.sendRequestAsync(XceiverClientRatis.java:224)
	at org.apache.hadoop.hdds.scm.XceiverClientRatis.sendCommandAsync(XceiverClientRatis.java:302)
	at org.apache.hadoop.hdds.scm.storage.ContainerProtocolCalls.writeChunkAsync(ContainerProtocolCalls.java:310)
	at org.apache.hadoop.hdds.scm.storage.BlockOutputStream.writeChunkToContainer(BlockOutputStream.java:601)
	at org.apache.hadoop.hdds.scm.storage.BlockOutputStream.writeChunk(BlockOutputStream.java:459)
	at org.apache.hadoop.hdds.scm.storage.BlockOutputStream.write(BlockOutputStream.java:240)
	at org.apache.hadoop.ozone.client.io.BlockOutputStreamEntry.write(BlockOutputStreamEntry.java:129)
	at org.apache.hadoop.ozone.client.io.KeyOutputStream.handleWrite(KeyOutputStream.java:211)
	at org.apache.hadoop.ozone.client.io.KeyOutputStream.write(KeyOutputStream.java:193)
	at org.apache.hadoop.ozone.client.io.OzoneOutputStream.write(OzoneOutputStream.java:49)
	at java.io.OutputStream.write(OutputStream.java:75)
	at org.apache.hadoop.ozone.client.rpc.TestBlockOutputStreamWithFailures.testWatchForCommitDatanodeFailure(TestBlockOutputStreamWithFailures.java:363)
	at sun.reflect.NativeMethodAccessorImpl.invoke0(Native Method)
	at sun.reflect.NativeMethodAccessorImpl.invoke(NativeMethodAccessorImpl.java:62)
	at sun.reflect.DelegatingMethodAccessorImpl.invoke(DelegatingMethodAccessorImpl.java:43)
	at java.lang.reflect.Method.invoke(Method.java:498)
	at org.junit.runners.model.FrameworkMethod$1.runReflectiveCall(FrameworkMethod.java:47)
	at org.junit.internal.runners.model.ReflectiveCallable.run(ReflectiveCallable.java:12)
	at org.junit.runners.model.FrameworkMethod.invokeExplosively(FrameworkMethod.java:44)
	at org.junit.internal.runners.statements.InvokeMethod.evaluate(InvokeMethod.java:17)
	at org.junit.internal.runners.statements.RunBefores.evaluate(RunBefores.java:26)
	at org.junit.internal.runners.statements.RunAfters.evaluate(RunAfters.java:27)
	at org.junit.runners.ParentRunner.runLeaf(ParentRunner.java:271)
	at org.junit.runners.BlockJUnit4ClassRunner.runChild(BlockJUnit4ClassRunner.java:70)
	at org.junit.runners.BlockJUnit4ClassRunner.runChild(BlockJUnit4ClassRunner.java:50)
	at org.junit.runners.ParentRunner$3.run(ParentRunner.java:238)
	at org.junit.runners.ParentRunner$1.schedule(ParentRunner.java:63)
	at org.junit.runners.ParentRunner.runChildren(ParentRunner.java:236)
	at org.junit.runners.ParentRunner.access$000(ParentRunner.java:53)
	at org.junit.runners.ParentRunner$2.evaluate(ParentRunner.java:229)
	at org.junit.runners.ParentRunner.run(ParentRunner.java:309)
	at org.apache.maven.surefire.junit4.JUnit4Provider.execute(JUnit4Provider.java:365)
	at org.apache.maven.surefire.junit4.JUnit4Provider.executeWithRerun(JUnit4Provider.java:273)
	at org.apache.maven.surefire.junit4.JUnit4Provider.executeTestSet(JUnit4Provider.java:238)
	at org.apache.maven.surefire.junit4.JUnit4Provider.invoke(JUnit4Provider.java:159)
	at org.apache.maven.surefire.booter.ForkedBooter.invokeProviderInSameClassLoader(ForkedBooter.java:384)
	at org.apache.maven.surefire.booter.ForkedBooter.runSuitesInProcess(ForkedBooter.java:345)
	at org.apache.maven.surefire.booter.ForkedBooter.execute(ForkedBooter.java:126)
	at org.apache.maven.surefire.booter.ForkedBooter.main(ForkedBooter.java:418)

Sep 16, 2019 4:12:08 PM org.apache.ratis.thirdparty.io.grpc.internal.ManagedChannelOrphanWrapper$ManagedChannelReference cleanQueue
SEVERE: *~*~*~ Channel ManagedChannelImpl{logId=2745, target=192.168.157.233:45143} was not shutdown properly!!! ~*~*~*
    Make sure to call shutdown()/shutdownNow() and wait until awaitTermination() returns true.
java.lang.RuntimeException: ManagedChannel allocation site
	at org.apache.ratis.thirdparty.io.grpc.internal.ManagedChannelOrphanWrapper$ManagedChannelReference.<init>(ManagedChannelOrphanWrapper.java:103)
	at org.apache.ratis.thirdparty.io.grpc.internal.ManagedChannelOrphanWrapper.<init>(ManagedChannelOrphanWrapper.java:53)
	at org.apache.ratis.thirdparty.io.grpc.internal.ManagedChannelOrphanWrapper.<init>(ManagedChannelOrphanWrapper.java:44)
	at org.apache.ratis.thirdparty.io.grpc.internal.AbstractManagedChannelImplBuilder.build(AbstractManagedChannelImplBuilder.java:411)
	at org.apache.hadoop.hdds.scm.XceiverClientGrpc.connectToDatanode(XceiverClientGrpc.java:175)
	at org.apache.hadoop.hdds.scm.XceiverClientGrpc.reconnect(XceiverClientGrpc.java:423)
	at org.apache.hadoop.hdds.scm.XceiverClientGrpc.sendCommandAsync(XceiverClientGrpc.java:372)
	at org.apache.hadoop.hdds.scm.XceiverClientGrpc.sendCommandWithRetry(XceiverClientGrpc.java:285)
	at org.apache.hadoop.hdds.scm.XceiverClientGrpc.sendCommandWithTraceIDAndRetry(XceiverClientGrpc.java:251)
	at org.apache.hadoop.hdds.scm.XceiverClientGrpc.sendCommand(XceiverClientGrpc.java:234)
	at org.apache.hadoop.hdds.scm.storage.ContainerProtocolCalls.getBlock(ContainerProtocolCalls.java:118)
	at org.apache.hadoop.hdds.scm.storage.BlockInputStream.getChunkInfos(BlockInputStream.java:167)
	at org.apache.hadoop.hdds.scm.storage.BlockInputStream.initialize(BlockInputStream.java:118)
	at org.apache.hadoop.hdds.scm.storage.BlockInputStream.read(BlockInputStream.java:222)
	at org.apache.hadoop.ozone.client.io.KeyInputStream.read(KeyInputStream.java:171)
	at org.apache.hadoop.ozone.client.io.OzoneInputStream.read(OzoneInputStream.java:47)
	at java.io.InputStream.read(InputStream.java:101)
	at org.apache.hadoop.ozone.container.ContainerTestHelper.validateData(ContainerTestHelper.java:714)
	at org.apache.hadoop.ozone.client.rpc.TestBlockOutputStreamWithFailures.validateData(TestBlockOutputStreamWithFailures.java:1216)
	at org.apache.hadoop.ozone.client.rpc.TestBlockOutputStreamWithFailures.testDatanodeFailureWithSingleNodeRatis(TestBlockOutputStreamWithFailures.java:1058)
	at sun.reflect.NativeMethodAccessorImpl.invoke0(Native Method)
	at sun.reflect.NativeMethodAccessorImpl.invoke(NativeMethodAccessorImpl.java:62)
	at sun.reflect.DelegatingMethodAccessorImpl.invoke(DelegatingMethodAccessorImpl.java:43)
	at java.lang.reflect.Method.invoke(Method.java:498)
	at org.junit.runners.model.FrameworkMethod$1.runReflectiveCall(FrameworkMethod.java:47)
	at org.junit.internal.runners.model.ReflectiveCallable.run(ReflectiveCallable.java:12)
	at org.junit.runners.model.FrameworkMethod.invokeExplosively(FrameworkMethod.java:44)
	at org.junit.internal.runners.statements.InvokeMethod.evaluate(InvokeMethod.java:17)
	at org.junit.internal.runners.statements.RunBefores.evaluate(RunBefores.java:26)
	at org.junit.internal.runners.statements.RunAfters.evaluate(RunAfters.java:27)
	at org.junit.runners.ParentRunner.runLeaf(ParentRunner.java:271)
	at org.junit.runners.BlockJUnit4ClassRunner.runChild(BlockJUnit4ClassRunner.java:70)
	at org.junit.runners.BlockJUnit4ClassRunner.runChild(BlockJUnit4ClassRunner.java:50)
	at org.junit.runners.ParentRunner$3.run(ParentRunner.java:238)
	at org.junit.runners.ParentRunner$1.schedule(ParentRunner.java:63)
	at org.junit.runners.ParentRunner.runChildren(ParentRunner.java:236)
	at org.junit.runners.ParentRunner.access$000(ParentRunner.java:53)
	at org.junit.runners.ParentRunner$2.evaluate(ParentRunner.java:229)
	at org.junit.runners.ParentRunner.run(ParentRunner.java:309)
	at org.apache.maven.surefire.junit4.JUnit4Provider.execute(JUnit4Provider.java:365)
	at org.apache.maven.surefire.junit4.JUnit4Provider.executeWithRerun(JUnit4Provider.java:273)
	at org.apache.maven.surefire.junit4.JUnit4Provider.executeTestSet(JUnit4Provider.java:238)
	at org.apache.maven.surefire.junit4.JUnit4Provider.invoke(JUnit4Provider.java:159)
	at org.apache.maven.surefire.booter.ForkedBooter.invokeProviderInSameClassLoader(ForkedBooter.java:384)
	at org.apache.maven.surefire.booter.ForkedBooter.runSuitesInProcess(ForkedBooter.java:345)
	at org.apache.maven.surefire.booter.ForkedBooter.execute(ForkedBooter.java:126)
	at org.apache.maven.surefire.booter.ForkedBooter.main(ForkedBooter.java:418)

Sep 16, 2019 4:12:08 PM org.apache.ratis.thirdparty.io.grpc.internal.ManagedChannelOrphanWrapper$ManagedChannelReference cleanQueue
SEVERE: *~*~*~ Channel ManagedChannelImpl{logId=2740, target=192.168.157.233:33990} was not shutdown properly!!! ~*~*~*
    Make sure to call shutdown()/shutdownNow() and wait until awaitTermination() returns true.
java.lang.RuntimeException: ManagedChannel allocation site
	at org.apache.ratis.thirdparty.io.grpc.internal.ManagedChannelOrphanWrapper$ManagedChannelReference.<init>(ManagedChannelOrphanWrapper.java:103)
	at org.apache.ratis.thirdparty.io.grpc.internal.ManagedChannelOrphanWrapper.<init>(ManagedChannelOrphanWrapper.java:53)
	at org.apache.ratis.thirdparty.io.grpc.internal.ManagedChannelOrphanWrapper.<init>(ManagedChannelOrphanWrapper.java:44)
	at org.apache.ratis.thirdparty.io.grpc.internal.AbstractManagedChannelImplBuilder.build(AbstractManagedChannelImplBuilder.java:411)
	at org.apache.hadoop.hdds.scm.XceiverClientGrpc.connectToDatanode(XceiverClientGrpc.java:175)
	at org.apache.hadoop.hdds.scm.XceiverClientGrpc.reconnect(XceiverClientGrpc.java:423)
	at org.apache.hadoop.hdds.scm.XceiverClientGrpc.sendCommandAsync(XceiverClientGrpc.java:372)
	at org.apache.hadoop.hdds.scm.XceiverClientGrpc.sendCommandWithRetry(XceiverClientGrpc.java:285)
	at org.apache.hadoop.hdds.scm.XceiverClientGrpc.sendCommandWithTraceIDAndRetry(XceiverClientGrpc.java:251)
	at org.apache.hadoop.hdds.scm.XceiverClientGrpc.sendCommand(XceiverClientGrpc.java:234)
	at org.apache.hadoop.hdds.scm.storage.ContainerProtocolCalls.getBlock(ContainerProtocolCalls.java:118)
	at org.apache.hadoop.hdds.scm.storage.BlockInputStream.getChunkInfos(BlockInputStream.java:167)
	at org.apache.hadoop.hdds.scm.storage.BlockInputStream.initialize(BlockInputStream.java:118)
	at org.apache.hadoop.hdds.scm.storage.BlockInputStream.read(BlockInputStream.java:222)
	at org.apache.hadoop.ozone.client.io.KeyInputStream.read(KeyInputStream.java:171)
	at org.apache.hadoop.ozone.client.io.OzoneInputStream.read(OzoneInputStream.java:47)
	at java.io.InputStream.read(InputStream.java:101)
	at org.apache.hadoop.ozone.container.ContainerTestHelper.validateData(ContainerTestHelper.java:714)
	at org.apache.hadoop.ozone.client.rpc.TestBlockOutputStreamWithFailures.validateData(TestBlockOutputStreamWithFailures.java:1216)
	at org.apache.hadoop.ozone.client.rpc.TestBlockOutputStreamWithFailures.testDatanodeFailureWithSingleNodeRatis(TestBlockOutputStreamWithFailures.java:1058)
	at sun.reflect.NativeMethodAccessorImpl.invoke0(Native Method)
	at sun.reflect.NativeMethodAccessorImpl.invoke(NativeMethodAccessorImpl.java:62)
	at sun.reflect.DelegatingMethodAccessorImpl.invoke(DelegatingMethodAccessorImpl.java:43)
	at java.lang.reflect.Method.invoke(Method.java:498)
	at org.junit.runners.model.FrameworkMethod$1.runReflectiveCall(FrameworkMethod.java:47)
	at org.junit.internal.runners.model.ReflectiveCallable.run(ReflectiveCallable.java:12)
	at org.junit.runners.model.FrameworkMethod.invokeExplosively(FrameworkMethod.java:44)
	at org.junit.internal.runners.statements.InvokeMethod.evaluate(InvokeMethod.java:17)
	at org.junit.internal.runners.statements.RunBefores.evaluate(RunBefores.java:26)
	at org.junit.internal.runners.statements.RunAfters.evaluate(RunAfters.java:27)
	at org.junit.runners.ParentRunner.runLeaf(ParentRunner.java:271)
	at org.junit.runners.BlockJUnit4ClassRunner.runChild(BlockJUnit4ClassRunner.java:70)
	at org.junit.runners.BlockJUnit4ClassRunner.runChild(BlockJUnit4ClassRunner.java:50)
	at org.junit.runners.ParentRunner$3.run(ParentRunner.java:238)
	at org.junit.runners.ParentRunner$1.schedule(ParentRunner.java:63)
	at org.junit.runners.ParentRunner.runChildren(ParentRunner.java:236)
	at org.junit.runners.ParentRunner.access$000(ParentRunner.java:53)
	at org.junit.runners.ParentRunner$2.evaluate(ParentRunner.java:229)
	at org.junit.runners.ParentRunner.run(ParentRunner.java:309)
	at org.apache.maven.surefire.junit4.JUnit4Provider.execute(JUnit4Provider.java:365)
	at org.apache.maven.surefire.junit4.JUnit4Provider.executeWithRerun(JUnit4Provider.java:273)
	at org.apache.maven.surefire.junit4.JUnit4Provider.executeTestSet(JUnit4Provider.java:238)
	at org.apache.maven.surefire.junit4.JUnit4Provider.invoke(JUnit4Provider.java:159)
	at org.apache.maven.surefire.booter.ForkedBooter.invokeProviderInSameClassLoader(ForkedBooter.java:384)
	at org.apache.maven.surefire.booter.ForkedBooter.runSuitesInProcess(ForkedBooter.java:345)
	at org.apache.maven.surefire.booter.ForkedBooter.execute(ForkedBooter.java:126)
	at org.apache.maven.surefire.booter.ForkedBooter.main(ForkedBooter.java:418)

Sep 16, 2019 4:12:08 PM org.apache.ratis.thirdparty.io.grpc.internal.ManagedChannelOrphanWrapper$ManagedChannelReference cleanQueue
SEVERE: *~*~*~ Channel ManagedChannelImpl{logId=2707, target=192.168.157.233:44069} was not shutdown properly!!! ~*~*~*
    Make sure to call shutdown()/shutdownNow() and wait until awaitTermination() returns true.
java.lang.RuntimeException: ManagedChannel allocation site
	at org.apache.ratis.thirdparty.io.grpc.internal.ManagedChannelOrphanWrapper$ManagedChannelReference.<init>(ManagedChannelOrphanWrapper.java:103)
	at org.apache.ratis.thirdparty.io.grpc.internal.ManagedChannelOrphanWrapper.<init>(ManagedChannelOrphanWrapper.java:53)
	at org.apache.ratis.thirdparty.io.grpc.internal.ManagedChannelOrphanWrapper.<init>(ManagedChannelOrphanWrapper.java:44)
	at org.apache.ratis.thirdparty.io.grpc.internal.AbstractManagedChannelImplBuilder.build(AbstractManagedChannelImplBuilder.java:411)
	at org.apache.ratis.grpc.client.GrpcClientProtocolClient.<init>(GrpcClientProtocolClient.java:127)
	at org.apache.ratis.grpc.client.GrpcClientRpc.lambda$new$0(GrpcClientRpc.java:55)
	at org.apache.ratis.util.PeerProxyMap$PeerAndProxy.lambda$getProxy$0(PeerProxyMap.java:61)
	at org.apache.ratis.util.LifeCycle.startAndTransition(LifeCycle.java:202)
	at org.apache.ratis.util.PeerProxyMap$PeerAndProxy.getProxy(PeerProxyMap.java:60)
	at org.apache.ratis.util.PeerProxyMap.getProxy(PeerProxyMap.java:108)
	at org.apache.ratis.grpc.client.GrpcClientRpc.sendRequestAsync(GrpcClientRpc.java:66)
	at org.apache.ratis.client.impl.OrderedAsync.sendRequest(OrderedAsync.java:208)
	at org.apache.ratis.client.impl.OrderedAsync.sendRequestWithRetry(OrderedAsync.java:169)
	at org.apache.ratis.util.SlidingWindow$Client.sendOrDelayRequest(SlidingWindow.java:278)
	at org.apache.ratis.util.SlidingWindow$Client.retry(SlidingWindow.java:294)
	at org.apache.ratis.client.impl.OrderedAsync.lambda$scheduleWithTimeout$7(OrderedAsync.java:195)
	at org.apache.ratis.util.TimeoutScheduler.lambda$onTimeout$0(TimeoutScheduler.java:113)
	at org.apache.ratis.util.TimeoutScheduler.lambda$onTimeout$1(TimeoutScheduler.java:133)
	at org.apache.ratis.util.LogUtils.runAndLog(LogUtils.java:50)
	at org.apache.ratis.util.LogUtils$1.run(LogUtils.java:91)
	at java.util.concurrent.Executors$RunnableAdapter.call(Executors.java:511)
	at java.util.concurrent.FutureTask.run(FutureTask.java:266)
	at java.util.concurrent.ScheduledThreadPoolExecutor$ScheduledFutureTask.access$201(ScheduledThreadPoolExecutor.java:180)
	at java.util.concurrent.ScheduledThreadPoolExecutor$ScheduledFutureTask.run(ScheduledThreadPoolExecutor.java:293)
	at java.util.concurrent.ThreadPoolExecutor.runWorker(ThreadPoolExecutor.java:1149)
	at java.util.concurrent.ThreadPoolExecutor$Worker.run(ThreadPoolExecutor.java:624)
	at java.lang.Thread.run(Thread.java:748)

Sep 16, 2019 4:12:08 PM org.apache.ratis.thirdparty.io.grpc.internal.ManagedChannelOrphanWrapper$ManagedChannelReference cleanQueue
SEVERE: *~*~*~ Channel ManagedChannelImpl{logId=3223, target=192.168.157.233:46769} was not shutdown properly!!! ~*~*~*
    Make sure to call shutdown()/shutdownNow() and wait until awaitTermination() returns true.
java.lang.RuntimeException: ManagedChannel allocation site
	at org.apache.ratis.thirdparty.io.grpc.internal.ManagedChannelOrphanWrapper$ManagedChannelReference.<init>(ManagedChannelOrphanWrapper.java:103)
	at org.apache.ratis.thirdparty.io.grpc.internal.ManagedChannelOrphanWrapper.<init>(ManagedChannelOrphanWrapper.java:53)
	at org.apache.ratis.thirdparty.io.grpc.internal.ManagedChannelOrphanWrapper.<init>(ManagedChannelOrphanWrapper.java:44)
	at org.apache.ratis.thirdparty.io.grpc.internal.AbstractManagedChannelImplBuilder.build(AbstractManagedChannelImplBuilder.java:411)
	at org.apache.hadoop.hdds.scm.XceiverClientGrpc.connectToDatanode(XceiverClientGrpc.java:175)
	at org.apache.hadoop.hdds.scm.XceiverClientGrpc.reconnect(XceiverClientGrpc.java:423)
	at org.apache.hadoop.hdds.scm.XceiverClientGrpc.sendCommandAsync(XceiverClientGrpc.java:372)
	at org.apache.hadoop.hdds.scm.XceiverClientGrpc.sendCommandWithRetry(XceiverClientGrpc.java:285)
	at org.apache.hadoop.hdds.scm.XceiverClientGrpc.sendCommandWithTraceIDAndRetry(XceiverClientGrpc.java:251)
	at org.apache.hadoop.hdds.scm.XceiverClientGrpc.sendCommand(XceiverClientGrpc.java:234)
	at org.apache.hadoop.hdds.scm.storage.ContainerProtocolCalls.readChunk(ContainerProtocolCalls.java:245)
	at org.apache.hadoop.hdds.scm.storage.ChunkInputStream.readChunk(ChunkInputStream.java:335)
	at org.apache.hadoop.hdds.scm.storage.ChunkInputStream.readChunkFromContainer(ChunkInputStream.java:307)
	at org.apache.hadoop.hdds.scm.storage.ChunkInputStream.prepareRead(ChunkInputStream.java:259)
	at org.apache.hadoop.hdds.scm.storage.ChunkInputStream.read(ChunkInputStream.java:144)
	at org.apache.hadoop.hdds.scm.storage.BlockInputStream.read(BlockInputStream.java:239)
	at org.apache.hadoop.ozone.client.io.KeyInputStream.read(KeyInputStream.java:171)
	at org.apache.hadoop.ozone.client.io.OzoneInputStream.read(OzoneInputStream.java:47)
	at java.io.InputStream.read(InputStream.java:101)
	at org.apache.hadoop.ozone.container.ContainerTestHelper.validateData(ContainerTestHelper.java:714)
	at org.apache.hadoop.ozone.client.rpc.TestBlockOutputStreamWithFailures.validateData(TestBlockOutputStreamWithFailures.java:1216)
	at org.apache.hadoop.ozone.client.rpc.TestBlockOutputStreamWithFailures.testWatchForCommitDatanodeFailure(TestBlockOutputStreamWithFailures.java:393)
	at sun.reflect.NativeMethodAccessorImpl.invoke0(Native Method)
	at sun.reflect.NativeMethodAccessorImpl.invoke(NativeMethodAccessorImpl.java:62)
	at sun.reflect.DelegatingMethodAccessorImpl.invoke(DelegatingMethodAccessorImpl.java:43)
	at java.lang.reflect.Method.invoke(Method.java:498)
	at org.junit.runners.model.FrameworkMethod$1.runReflectiveCall(FrameworkMethod.java:47)
	at org.junit.internal.runners.model.ReflectiveCallable.run(ReflectiveCallable.java:12)
	at org.junit.runners.model.FrameworkMethod.invokeExplosively(FrameworkMethod.java:44)
	at org.junit.internal.runners.statements.InvokeMethod.evaluate(InvokeMethod.java:17)
	at org.junit.internal.runners.statements.RunBefores.evaluate(RunBefores.java:26)
	at org.junit.internal.runners.statements.RunAfters.evaluate(RunAfters.java:27)
	at org.junit.runners.ParentRunner.runLeaf(ParentRunner.java:271)
	at org.junit.runners.BlockJUnit4ClassRunner.runChild(BlockJUnit4ClassRunner.java:70)
	at org.junit.runners.BlockJUnit4ClassRunner.runChild(BlockJUnit4ClassRunner.java:50)
	at org.junit.runners.ParentRunner$3.run(ParentRunner.java:238)
	at org.junit.runners.ParentRunner$1.schedule(ParentRunner.java:63)
	at org.junit.runners.ParentRunner.runChildren(ParentRunner.java:236)
	at org.junit.runners.ParentRunner.access$000(ParentRunner.java:53)
	at org.junit.runners.ParentRunner$2.evaluate(ParentRunner.java:229)
	at org.junit.runners.ParentRunner.run(ParentRunner.java:309)
	at org.apache.maven.surefire.junit4.JUnit4Provider.execute(JUnit4Provider.java:365)
	at org.apache.maven.surefire.junit4.JUnit4Provider.executeWithRerun(JUnit4Provider.java:273)
	at org.apache.maven.surefire.junit4.JUnit4Provider.executeTestSet(JUnit4Provider.java:238)
	at org.apache.maven.surefire.junit4.JUnit4Provider.invoke(JUnit4Provider.java:159)
	at org.apache.maven.surefire.booter.ForkedBooter.invokeProviderInSameClassLoader(ForkedBooter.java:384)
	at org.apache.maven.surefire.booter.ForkedBooter.runSuitesInProcess(ForkedBooter.java:345)
	at org.apache.maven.surefire.booter.ForkedBooter.execute(ForkedBooter.java:126)
	at org.apache.maven.surefire.booter.ForkedBooter.main(ForkedBooter.java:418)

Sep 16, 2019 4:12:08 PM org.apache.ratis.thirdparty.io.grpc.internal.ManagedChannelOrphanWrapper$ManagedChannelReference cleanQueue
SEVERE: *~*~*~ Channel ManagedChannelImpl{logId=3228, target=192.168.157.233:45859} was not shutdown properly!!! ~*~*~*
    Make sure to call shutdown()/shutdownNow() and wait until awaitTermination() returns true.
java.lang.RuntimeException: ManagedChannel allocation site
	at org.apache.ratis.thirdparty.io.grpc.internal.ManagedChannelOrphanWrapper$ManagedChannelReference.<init>(ManagedChannelOrphanWrapper.java:103)
	at org.apache.ratis.thirdparty.io.grpc.internal.ManagedChannelOrphanWrapper.<init>(ManagedChannelOrphanWrapper.java:53)
	at org.apache.ratis.thirdparty.io.grpc.internal.ManagedChannelOrphanWrapper.<init>(ManagedChannelOrphanWrapper.java:44)
	at org.apache.ratis.thirdparty.io.grpc.internal.AbstractManagedChannelImplBuilder.build(AbstractManagedChannelImplBuilder.java:411)
	at org.apache.hadoop.hdds.scm.XceiverClientGrpc.connectToDatanode(XceiverClientGrpc.java:175)
	at org.apache.hadoop.hdds.scm.XceiverClientGrpc.reconnect(XceiverClientGrpc.java:423)
	at org.apache.hadoop.hdds.scm.XceiverClientGrpc.sendCommandAsync(XceiverClientGrpc.java:372)
	at org.apache.hadoop.hdds.scm.XceiverClientGrpc.sendCommandWithRetry(XceiverClientGrpc.java:285)
	at org.apache.hadoop.hdds.scm.XceiverClientGrpc.sendCommandWithTraceIDAndRetry(XceiverClientGrpc.java:251)
	at org.apache.hadoop.hdds.scm.XceiverClientGrpc.sendCommand(XceiverClientGrpc.java:234)
	at org.apache.hadoop.hdds.scm.storage.ContainerProtocolCalls.getBlock(ContainerProtocolCalls.java:118)
	at org.apache.hadoop.hdds.scm.storage.BlockInputStream.getChunkInfos(BlockInputStream.java:167)
	at org.apache.hadoop.hdds.scm.storage.BlockInputStream.initialize(BlockInputStream.java:118)
	at org.apache.hadoop.hdds.scm.storage.BlockInputStream.read(BlockInputStream.java:222)
	at org.apache.hadoop.ozone.client.io.KeyInputStream.read(KeyInputStream.java:171)
	at org.apache.hadoop.ozone.client.io.OzoneInputStream.read(OzoneInputStream.java:47)
	at java.io.InputStream.read(InputStream.java:101)
	at org.apache.hadoop.ozone.container.ContainerTestHelper.validateData(ContainerTestHelper.java:714)
	at org.apache.hadoop.ozone.client.rpc.TestBlockOutputStreamWithFailures.validateData(TestBlockOutputStreamWithFailures.java:1216)
	at org.apache.hadoop.ozone.client.rpc.TestBlockOutputStreamWithFailures.testWatchForCommitDatanodeFailure(TestBlockOutputStreamWithFailures.java:393)
	at sun.reflect.NativeMethodAccessorImpl.invoke0(Native Method)
	at sun.reflect.NativeMethodAccessorImpl.invoke(NativeMethodAccessorImpl.java:62)
	at sun.reflect.DelegatingMethodAccessorImpl.invoke(DelegatingMethodAccessorImpl.java:43)
	at java.lang.reflect.Method.invoke(Method.java:498)
	at org.junit.runners.model.FrameworkMethod$1.runReflectiveCall(FrameworkMethod.java:47)
	at org.junit.internal.runners.model.ReflectiveCallable.run(ReflectiveCallable.java:12)
	at org.junit.runners.model.FrameworkMethod.invokeExplosively(FrameworkMethod.java:44)
	at org.junit.internal.runners.statements.InvokeMethod.evaluate(InvokeMethod.java:17)
	at org.junit.internal.runners.statements.RunBefores.evaluate(RunBefores.java:26)
	at org.junit.internal.runners.statements.RunAfters.evaluate(RunAfters.java:27)
	at org.junit.runners.ParentRunner.runLeaf(ParentRunner.java:271)
	at org.junit.runners.BlockJUnit4ClassRunner.runChild(BlockJUnit4ClassRunner.java:70)
	at org.junit.runners.BlockJUnit4ClassRunner.runChild(BlockJUnit4ClassRunner.java:50)
	at org.junit.runners.ParentRunner$3.run(ParentRunner.java:238)
	at org.junit.runners.ParentRunner$1.schedule(ParentRunner.java:63)
	at org.junit.runners.ParentRunner.runChildren(ParentRunner.java:236)
	at org.junit.runners.ParentRunner.access$000(ParentRunner.java:53)
	at org.junit.runners.ParentRunner$2.evaluate(ParentRunner.java:229)
	at org.junit.runners.ParentRunner.run(ParentRunner.java:309)
	at org.apache.maven.surefire.junit4.JUnit4Provider.execute(JUnit4Provider.java:365)
	at org.apache.maven.surefire.junit4.JUnit4Provider.executeWithRerun(JUnit4Provider.java:273)
	at org.apache.maven.surefire.junit4.JUnit4Provider.executeTestSet(JUnit4Provider.java:238)
	at org.apache.maven.surefire.junit4.JUnit4Provider.invoke(JUnit4Provider.java:159)
	at org.apache.maven.surefire.booter.ForkedBooter.invokeProviderInSameClassLoader(ForkedBooter.java:384)
	at org.apache.maven.surefire.booter.ForkedBooter.runSuitesInProcess(ForkedBooter.java:345)
	at org.apache.maven.surefire.booter.ForkedBooter.execute(ForkedBooter.java:126)
	at org.apache.maven.surefire.booter.ForkedBooter.main(ForkedBooter.java:418)

Sep 16, 2019 4:12:25 PM org.apache.ratis.thirdparty.io.grpc.internal.SerializingExecutor run
SEVERE: Exception while executing runnable org.apache.ratis.thirdparty.io.grpc.internal.ServerImpl$JumpToApplicationThreadServerStreamListener$1Closed@5c852f89
org.apache.ratis.thirdparty.io.grpc.StatusRuntimeException: CANCELLED: call already cancelled
	at org.apache.ratis.thirdparty.io.grpc.Status.asRuntimeException(Status.java:517)
	at org.apache.ratis.thirdparty.io.grpc.stub.ServerCalls$ServerCallStreamObserverImpl.onCompleted(ServerCalls.java:356)
	at org.apache.ratis.grpc.server.GrpcServerProtocolService$ServerRequestStreamObserver.onError(GrpcServerProtocolService.java:121)
	at org.apache.ratis.thirdparty.io.grpc.stub.ServerCalls$StreamingServerCallHandler$StreamingServerCallListener.onCancel(ServerCalls.java:269)
	at org.apache.ratis.thirdparty.io.grpc.internal.ServerCallImpl$ServerStreamListenerImpl.closed(ServerCallImpl.java:293)
	at org.apache.ratis.thirdparty.io.grpc.internal.ServerImpl$JumpToApplicationThreadServerStreamListener$1Closed.runInContext(ServerImpl.java:741)
	at org.apache.ratis.thirdparty.io.grpc.internal.ContextRunnable.run(ContextRunnable.java:37)
	at org.apache.ratis.thirdparty.io.grpc.internal.SerializingExecutor.run(SerializingExecutor.java:123)
	at java.util.concurrent.ThreadPoolExecutor.runWorker(ThreadPoolExecutor.java:1149)
	at java.util.concurrent.ThreadPoolExecutor$Worker.run(ThreadPoolExecutor.java:624)
	at java.lang.Thread.run(Thread.java:748)

Sep 16, 2019 4:12:25 PM org.apache.ratis.thirdparty.io.grpc.internal.SerializingExecutor run
SEVERE: Exception while executing runnable org.apache.ratis.thirdparty.io.grpc.internal.ServerImpl$JumpToApplicationThreadServerStreamListener$1Closed@35bd8d30
org.apache.ratis.thirdparty.io.grpc.StatusRuntimeException: CANCELLED: call already cancelled
	at org.apache.ratis.thirdparty.io.grpc.Status.asRuntimeException(Status.java:517)
	at org.apache.ratis.thirdparty.io.grpc.stub.ServerCalls$ServerCallStreamObserverImpl.onCompleted(ServerCalls.java:356)
	at org.apache.ratis.grpc.server.GrpcServerProtocolService$ServerRequestStreamObserver.onError(GrpcServerProtocolService.java:121)
	at org.apache.ratis.thirdparty.io.grpc.stub.ServerCalls$StreamingServerCallHandler$StreamingServerCallListener.onCancel(ServerCalls.java:269)
	at org.apache.ratis.thirdparty.io.grpc.internal.ServerCallImpl$ServerStreamListenerImpl.closed(ServerCallImpl.java:293)
	at org.apache.ratis.thirdparty.io.grpc.internal.ServerImpl$JumpToApplicationThreadServerStreamListener$1Closed.runInContext(ServerImpl.java:741)
	at org.apache.ratis.thirdparty.io.grpc.internal.ContextRunnable.run(ContextRunnable.java:37)
	at org.apache.ratis.thirdparty.io.grpc.internal.SerializingExecutor.run(SerializingExecutor.java:123)
	at java.util.concurrent.ThreadPoolExecutor.runWorker(ThreadPoolExecutor.java:1149)
	at java.util.concurrent.ThreadPoolExecutor$Worker.run(ThreadPoolExecutor.java:624)
	at java.lang.Thread.run(Thread.java:748)

Sep 16, 2019 4:12:30 PM org.apache.ratis.thirdparty.io.grpc.internal.SerializingExecutor run
SEVERE: Exception while executing runnable org.apache.ratis.thirdparty.io.grpc.internal.ServerImpl$JumpToApplicationThreadServerStreamListener$1Closed@73f9af7a
org.apache.ratis.thirdparty.io.grpc.StatusRuntimeException: CANCELLED: call already cancelled
	at org.apache.ratis.thirdparty.io.grpc.Status.asRuntimeException(Status.java:517)
	at org.apache.ratis.thirdparty.io.grpc.stub.ServerCalls$ServerCallStreamObserverImpl.onCompleted(ServerCalls.java:356)
	at org.apache.ratis.grpc.server.GrpcServerProtocolService$ServerRequestStreamObserver.onError(GrpcServerProtocolService.java:121)
	at org.apache.ratis.thirdparty.io.grpc.stub.ServerCalls$StreamingServerCallHandler$StreamingServerCallListener.onCancel(ServerCalls.java:269)
	at org.apache.ratis.thirdparty.io.grpc.internal.ServerCallImpl$ServerStreamListenerImpl.closed(ServerCallImpl.java:293)
	at org.apache.ratis.thirdparty.io.grpc.internal.ServerImpl$JumpToApplicationThreadServerStreamListener$1Closed.runInContext(ServerImpl.java:741)
	at org.apache.ratis.thirdparty.io.grpc.internal.ContextRunnable.run(ContextRunnable.java:37)
	at org.apache.ratis.thirdparty.io.grpc.internal.SerializingExecutor.run(SerializingExecutor.java:123)
	at java.util.concurrent.ThreadPoolExecutor.runWorker(ThreadPoolExecutor.java:1149)
	at java.util.concurrent.ThreadPoolExecutor$Worker.run(ThreadPoolExecutor.java:624)
	at java.lang.Thread.run(Thread.java:748)

]]></system-err>
  </testcase>
  <testcase name="testWatchForCommitWithCloseContainerException" classname="org.apache.hadoop.ozone.client.rpc.TestBlockOutputStreamWithFailures" time="39.921"/>
  <testcase name="testExceptionDuringClose" classname="org.apache.hadoop.ozone.client.rpc.TestBlockOutputStreamWithFailures" time="33.693"/>
</testsuite>