<?xml version="1.0" encoding="UTF-8"?>
<testsuite xmlns:xsi="http://www.w3.org/2001/XMLSchema-instance" xsi:noNamespaceSchemaLocation="https://maven.apache.org/surefire/maven-surefire-plugin/xsd/surefire-test-report.xsd" name="org.apache.hadoop.ozone.TestStorageContainerManager" time="110.382" tests="9" errors="2" skipped="0" failures="1">
  <properties>
    <property name="awt.toolkit" value="sun.awt.X11.XToolkit"/>
    <property name="file.encoding.pkg" value="sun.io"/>
    <property name="java.specification.version" value="1.8"/>
    <property name="sun.cpu.isalist" value=""/>
    <property name="sun.jnu.encoding" value="UTF-8"/>
    <property name="java.class.path" value="/workdir/hadoop-ozone/integration-test/target/test-classes:/workdir/hadoop-ozone/integration-test/target/classes:/home/user/.m2/repository/org/apache/hadoop/hadoop-ozone-common/0.4.1-SNAPSHOT/hadoop-ozone-common-0.4.1-SNAPSHOT.jar:/home/user/.m2/repository/org/apache/commons/commons-compress/1.4.1/commons-compress-1.4.1.jar:/home/user/.m2/repository/org/tukaani/xz/1.0/xz-1.0.jar:/home/user/.m2/repository/org/apache/hadoop/hadoop-common/3.2.0/hadoop-common-3.2.0.jar:/home/user/.m2/repository/org/apache/hadoop/hadoop-hdfs/3.2.0/hadoop-hdfs-3.2.0.jar:/home/user/.m2/repository/org/apache/hadoop/hadoop-hdfs-client/3.2.0/hadoop-hdfs-client-3.2.0.jar:/home/user/.m2/repository/com/fasterxml/jackson/core/jackson-annotations/2.9.5/jackson-annotations-2.9.5.jar:/home/user/.m2/repository/org/apache/hadoop/hadoop-hdds-common/0.4.1-SNAPSHOT/hadoop-hdds-common-0.4.1-SNAPSHOT.jar:/home/user/.m2/repository/javax/annotation/javax.annotation-api/1.2/javax.annotation-api-1.2.jar:/home/user/.m2/repository/org/apache/ratis/ratis-server/0.4.0-2337318-SNAPSHOT/ratis-server-0.4.0-2337318-SNAPSHOT.jar:/home/user/.m2/repository/org/apache/ratis/ratis-thirdparty-misc/0.2.0/ratis-thirdparty-misc-0.2.0.jar:/home/user/.m2/repository/org/apache/ratis/ratis-proto/0.4.0-2337318-SNAPSHOT/ratis-proto-0.4.0-2337318-SNAPSHOT.jar:/home/user/.m2/repository/org/apache/ratis/ratis-common/0.4.0-2337318-SNAPSHOT/ratis-common-0.4.0-2337318-SNAPSHOT.jar:/home/user/.m2/repository/org/apache/ratis/ratis-client/0.4.0-2337318-SNAPSHOT/ratis-client-0.4.0-2337318-SNAPSHOT.jar:/home/user/.m2/repository/org/apache/ratis/ratis-metrics/0.4.0-2337318-SNAPSHOT/ratis-metrics-0.4.0-2337318-SNAPSHOT.jar:/home/user/.m2/repository/org/apache/ratis/ratis-netty/0.4.0-2337318-SNAPSHOT/ratis-netty-0.4.0-2337318-SNAPSHOT.jar:/home/user/.m2/repository/org/apache/ratis/ratis-grpc/0.4.0-2337318-SNAPSHOT/ratis-grpc-0.4.0-2337318-SNAPSHOT.jar:/home/user/.m2/repository/org/rocksdb/rocksdbjni/6.0.1/rocksdbjni-6.0.1.jar:/home/user/.m2/repository/org/apache/logging/log4j/log4j-api/2.11.0/log4j-api-2.11.0.jar:/home/user/.m2/repository/org/apache/logging/log4j/log4j-core/2.11.0/log4j-core-2.11.0.jar:/home/user/.m2/repository/com/lmax/disruptor/3.4.2/disruptor-3.4.2.jar:/home/user/.m2/repository/org/apache/commons/commons-pool2/2.6.0/commons-pool2-2.6.0.jar:/home/user/.m2/repository/org/bouncycastle/bcpkix-jdk15on/1.60/bcpkix-jdk15on-1.60.jar:/home/user/.m2/repository/commons-validator/commons-validator/1.6/commons-validator-1.6.jar:/home/user/.m2/repository/commons-digester/commons-digester/1.8.1/commons-digester-1.8.1.jar:/home/user/.m2/repository/io/jaegertracing/jaeger-client/0.33.1/jaeger-client-0.33.1.jar:/home/user/.m2/repository/io/jaegertracing/jaeger-thrift/0.33.1/jaeger-thrift-0.33.1.jar:/home/user/.m2/repository/org/apache/thrift/libthrift/0.11.0/libthrift-0.11.0.jar:/home/user/.m2/repository/com/squareup/okhttp3/okhttp/3.9.0/okhttp-3.9.0.jar:/home/user/.m2/repository/com/squareup/okio/okio/1.13.0/okio-1.13.0.jar:/home/user/.m2/repository/io/jaegertracing/jaeger-core/0.33.1/jaeger-core-0.33.1.jar:/home/user/.m2/repository/io/jaegertracing/jaeger-tracerresolver/0.33.1/jaeger-tracerresolver-0.33.1.jar:/home/user/.m2/repository/io/opentracing/contrib/opentracing-tracerresolver/0.1.5/opentracing-tracerresolver-0.1.5.jar:/home/user/.m2/repository/io/opentracing/opentracing-util/0.31.0/opentracing-util-0.31.0.jar:/home/user/.m2/repository/io/opentracing/opentracing-api/0.31.0/opentracing-api-0.31.0.jar:/home/user/.m2/repository/io/opentracing/opentracing-noop/0.31.0/opentracing-noop-0.31.0.jar:/home/user/.m2/repository/org/apache/hadoop/hadoop-hdds-server-framework/0.4.1-SNAPSHOT/hadoop-hdds-server-framework-0.4.1-SNAPSHOT.jar:/home/user/.m2/repository/org/apache/hadoop/hadoop-hdds-container-service/0.4.1-SNAPSHOT/hadoop-hdds-container-service-0.4.1-SNAPSHOT.jar:/home/user/.m2/repository/org/apache/hadoop/hadoop-hdds-client/0.4.1-SNAPSHOT/hadoop-hdds-client-0.4.1-SNAPSHOT.jar:/home/user/.m2/repository/org/apache/hadoop/hadoop-hdds-tools/0.4.1-SNAPSHOT/hadoop-hdds-tools-0.4.1-SNAPSHOT.jar:/home/user/.m2/repository/org/apache/hadoop/hadoop-hdds-server-scm/0.4.1-SNAPSHOT/hadoop-hdds-server-scm-0.4.1-SNAPSHOT.jar:/home/user/.m2/repository/org/apache/hadoop/hadoop-hdds-docs/0.4.1-SNAPSHOT/hadoop-hdds-docs-0.4.1-SNAPSHOT.jar:/home/user/.m2/repository/io/dropwizard/metrics/metrics-core/3.2.4/metrics-core-3.2.4.jar:/home/user/.m2/repository/org/hamcrest/hamcrest-all/1.3/hamcrest-all-1.3.jar:/home/user/.m2/repository/org/bouncycastle/bcprov-jdk15on/1.60/bcprov-jdk15on-1.60.jar:/home/user/.m2/repository/info/picocli/picocli/3.9.6/picocli-3.9.6.jar:/home/user/.m2/repository/com/google/protobuf/protobuf-java/2.5.0/protobuf-java-2.5.0.jar:/home/user/.m2/repository/com/google/guava/guava/11.0.2/guava-11.0.2.jar:/home/user/.m2/repository/org/apache/hadoop/hadoop-ozone-ozone-manager/0.4.1-SNAPSHOT/hadoop-ozone-ozone-manager-0.4.1-SNAPSHOT.jar:/home/user/.m2/repository/org/apache/hadoop/hadoop-minikdc/3.2.0/hadoop-minikdc-3.2.0.jar:/home/user/.m2/repository/commons-io/commons-io/2.5/commons-io-2.5.jar:/home/user/.m2/repository/org/apache/kerby/kerb-simplekdc/1.0.1/kerb-simplekdc-1.0.1.jar:/home/user/.m2/repository/org/apache/kerby/kerb-client/1.0.1/kerb-client-1.0.1.jar:/home/user/.m2/repository/org/apache/kerby/kerby-config/1.0.1/kerby-config-1.0.1.jar:/home/user/.m2/repository/org/apache/kerby/kerb-core/1.0.1/kerb-core-1.0.1.jar:/home/user/.m2/repository/org/apache/kerby/kerby-pkix/1.0.1/kerby-pkix-1.0.1.jar:/home/user/.m2/repository/org/apache/kerby/kerby-asn1/1.0.1/kerby-asn1-1.0.1.jar:/home/user/.m2/repository/org/apache/kerby/kerby-util/1.0.1/kerby-util-1.0.1.jar:/home/user/.m2/repository/org/apache/kerby/kerb-common/1.0.1/kerb-common-1.0.1.jar:/home/user/.m2/repository/org/apache/kerby/kerb-crypto/1.0.1/kerb-crypto-1.0.1.jar:/home/user/.m2/repository/org/apache/kerby/kerb-util/1.0.1/kerb-util-1.0.1.jar:/home/user/.m2/repository/org/apache/kerby/token-provider/1.0.1/token-provider-1.0.1.jar:/home/user/.m2/repository/org/apache/kerby/kerb-admin/1.0.1/kerb-admin-1.0.1.jar:/home/user/.m2/repository/org/apache/kerby/kerb-server/1.0.1/kerb-server-1.0.1.jar:/home/user/.m2/repository/org/apache/kerby/kerb-identity/1.0.1/kerb-identity-1.0.1.jar:/home/user/.m2/repository/org/apache/kerby/kerby-xdr/1.0.1/kerby-xdr-1.0.1.jar:/home/user/.m2/repository/org/slf4j/slf4j-log4j12/1.7.25/slf4j-log4j12-1.7.25.jar:/home/user/.m2/repository/org/apache/hadoop/hadoop-ozone-objectstore-service/0.4.1-SNAPSHOT/hadoop-ozone-objectstore-service-0.4.1-SNAPSHOT.jar:/home/user/.m2/repository/org/apache/hadoop/hadoop-ozone-s3gateway/0.4.1-SNAPSHOT/hadoop-ozone-s3gateway-0.4.1-SNAPSHOT.jar:/home/user/.m2/repository/org/jboss/weld/servlet/weld-servlet/2.4.7.Final/weld-servlet-2.4.7.Final.jar:/home/user/.m2/repository/org/glassfish/jersey/containers/jersey-container-servlet-core/2.27/jersey-container-servlet-core-2.27.jar:/home/user/.m2/repository/org/glassfish/hk2/external/javax.inject/2.5.0-b42/javax.inject-2.5.0-b42.jar:/home/user/.m2/repository/org/glassfish/jersey/core/jersey-common/2.27/jersey-common-2.27.jar:/home/user/.m2/repository/org/glassfish/hk2/osgi-resource-locator/1.0.1/osgi-resource-locator-1.0.1.jar:/home/user/.m2/repository/javax/ws/rs/javax.ws.rs-api/2.1/javax.ws.rs-api-2.1.jar:/home/user/.m2/repository/org/glassfish/jersey/ext/cdi/jersey-cdi1x/2.27/jersey-cdi1x-2.27.jar:/home/user/.m2/repository/org/glassfish/jersey/inject/jersey-hk2/2.27/jersey-hk2-2.27.jar:/home/user/.m2/repository/org/glassfish/hk2/hk2-locator/2.5.0-b42/hk2-locator-2.5.0-b42.jar:/home/user/.m2/repository/org/javassist/javassist/3.22.0-CR2/javassist-3.22.0-CR2.jar:/home/user/.m2/repository/org/glassfish/hk2/hk2-api/2.5.0/hk2-api-2.5.0.jar:/home/user/.m2/repository/org/glassfish/hk2/external/jakarta.inject/2.5.0/jakarta.inject-2.5.0.jar:/home/user/.m2/repository/org/glassfish/hk2/hk2-utils/2.5.0/hk2-utils-2.5.0.jar:/home/user/.m2/repository/jakarta/annotation/jakarta.annotation-api/1.3.4/jakarta.annotation-api-1.3.4.jar:/home/user/.m2/repository/org/glassfish/hk2/external/aopalliance-repackaged/2.5.0/aopalliance-repackaged-2.5.0.jar:/home/user/.m2/repository/com/fasterxml/jackson/dataformat/jackson-dataformat-xml/2.9.0/jackson-dataformat-xml-2.9.0.jar:/home/user/.m2/repository/com/fasterxml/jackson/core/jackson-core/2.9.5/jackson-core-2.9.5.jar:/home/user/.m2/repository/com/fasterxml/jackson/module/jackson-module-jaxb-annotations/2.9.5/jackson-module-jaxb-annotations-2.9.5.jar:/home/user/.m2/repository/javax/enterprise/cdi-api/1.2/cdi-api-1.2.jar:/home/user/.m2/repository/javax/el/javax.el-api/3.0.0/javax.el-api-3.0.0.jar:/home/user/.m2/repository/javax/interceptor/javax.interceptor-api/1.2/javax.interceptor-api-1.2.jar:/home/user/.m2/repository/javax/inject/javax.inject/1/javax.inject-1.jar:/home/user/.m2/repository/com/sun/xml/bind/jaxb-impl/2.3.0.1/jaxb-impl-2.3.0.1.jar:/home/user/.m2/repository/com/sun/xml/bind/jaxb-core/2.3.0.1/jaxb-core-2.3.0.1.jar:/home/user/.m2/repository/javax/xml/bind/jaxb-api/2.3.0/jaxb-api-2.3.0.jar:/home/user/.m2/repository/javax/activation/activation/1.1.1/activation-1.1.1.jar:/home/user/.m2/repository/org/apache/hadoop/hadoop-ozone-csi/0.4.1-SNAPSHOT/hadoop-ozone-csi-0.4.1-SNAPSHOT.jar:/home/user/.m2/repository/com/google/protobuf/protobuf-java-util/3.5.1/protobuf-java-util-3.5.1.jar:/home/user/.m2/repository/org/apache/hadoop/hadoop-hdds-config/0.4.1-SNAPSHOT/hadoop-hdds-config-0.4.1-SNAPSHOT.jar:/home/user/.m2/repository/io/grpc/grpc-netty/1.17.1/grpc-netty-1.17.1.jar:/home/user/.m2/repository/io/grpc/grpc-core/1.17.1/grpc-core-1.17.1.jar:/home/user/.m2/repository/io/grpc/grpc-context/1.17.1/grpc-context-1.17.1.jar:/home/user/.m2/repository/com/google/errorprone/error_prone_annotations/2.2.0/error_prone_annotations-2.2.0.jar:/home/user/.m2/repository/org/codehaus/mojo/animal-sniffer-annotations/1.17/animal-sniffer-annotations-1.17.jar:/home/user/.m2/repository/io/opencensus/opencensus-api/0.17.0/opencensus-api-0.17.0.jar:/home/user/.m2/repository/io/opencensus/opencensus-contrib-grpc-metrics/0.17.0/opencensus-contrib-grpc-metrics-0.17.0.jar:/home/user/.m2/repository/io/netty/netty-codec-http2/4.1.30.Final/netty-codec-http2-4.1.30.Final.jar:/home/user/.m2/repository/io/netty/netty-codec-http/4.1.30.Final/netty-codec-http-4.1.30.Final.jar:/home/user/.m2/repository/io/netty/netty-codec/4.1.30.Final/netty-codec-4.1.30.Final.jar:/home/user/.m2/repository/io/netty/netty-handler/4.1.30.Final/netty-handler-4.1.30.Final.jar:/home/user/.m2/repository/io/netty/netty-handler-proxy/4.1.30.Final/netty-handler-proxy-4.1.30.Final.jar:/home/user/.m2/repository/io/netty/netty-codec-socks/4.1.30.Final/netty-codec-socks-4.1.30.Final.jar:/home/user/.m2/repository/io/netty/netty-transport-native-epoll/4.1.30.Final/netty-transport-native-epoll-4.1.30.Final.jar:/home/user/.m2/repository/io/netty/netty-common/4.1.30.Final/netty-common-4.1.30.Final.jar:/home/user/.m2/repository/io/netty/netty-buffer/4.1.30.Final/netty-buffer-4.1.30.Final.jar:/home/user/.m2/repository/io/netty/netty-transport/4.1.30.Final/netty-transport-4.1.30.Final.jar:/home/user/.m2/repository/io/netty/netty-resolver/4.1.30.Final/netty-resolver-4.1.30.Final.jar:/home/user/.m2/repository/io/netty/netty-transport-native-unix-common/4.1.30.Final/netty-transport-native-unix-common-4.1.30.Final.jar:/home/user/.m2/repository/io/grpc/grpc-protobuf/1.17.1/grpc-protobuf-1.17.1.jar:/home/user/.m2/repository/com/google/api/grpc/proto-google-common-protos/1.0.0/proto-google-common-protos-1.0.0.jar:/home/user/.m2/repository/io/grpc/grpc-protobuf-lite/1.17.1/grpc-protobuf-lite-1.17.1.jar:/home/user/.m2/repository/io/grpc/grpc-stub/1.17.1/grpc-stub-1.17.1.jar:/home/user/.m2/repository/org/apache/hadoop/hadoop-ozone-recon/0.4.1-SNAPSHOT/hadoop-ozone-recon-0.4.1-SNAPSHOT.jar:/home/user/.m2/repository/org/apache/hadoop/hadoop-ozone-reconcodegen/0.4.1-SNAPSHOT/hadoop-ozone-reconcodegen-0.4.1-SNAPSHOT.jar:/home/user/.m2/repository/com/google/inject/extensions/guice-multibindings/4.0/guice-multibindings-4.0.jar:/home/user/.m2/repository/com/google/inject/guice/4.0/guice-4.0.jar:/home/user/.m2/repository/aopalliance/aopalliance/1.0/aopalliance-1.0.jar:/home/user/.m2/repository/com/google/inject/extensions/guice-servlet/4.0/guice-servlet-4.0.jar:/home/user/.m2/repository/org/glassfish/jersey/containers/jersey-container-servlet/2.27/jersey-container-servlet-2.27.jar:/home/user/.m2/repository/org/glassfish/hk2/guice-bridge/2.5.0/guice-bridge-2.5.0.jar:/home/user/.m2/repository/org/glassfish/jersey/core/jersey-server/2.27/jersey-server-2.27.jar:/home/user/.m2/repository/org/glassfish/jersey/core/jersey-client/2.27/jersey-client-2.27.jar:/home/user/.m2/repository/org/glassfish/jersey/media/jersey-media-jaxb/2.27/jersey-media-jaxb-2.27.jar:/home/user/.m2/repository/javax/validation/validation-api/1.1.0.Final/validation-api-1.1.0.Final.jar:/home/user/.m2/repository/org/glassfish/jersey/media/jersey-media-json-jackson/2.27/jersey-media-json-jackson-2.27.jar:/home/user/.m2/repository/org/glassfish/jersey/ext/jersey-entity-filtering/2.27/jersey-entity-filtering-2.27.jar:/home/user/.m2/repository/com/google/inject/extensions/guice-assistedinject/4.0/guice-assistedinject-4.0.jar:/home/user/.m2/repository/org/jooq/jooq/3.11.10/jooq-3.11.10.jar:/home/user/.m2/repository/org/jooq/jooq-meta/3.11.10/jooq-meta-3.11.10.jar:/home/user/.m2/repository/org/jooq/jooq-codegen/3.11.10/jooq-codegen-3.11.10.jar:/home/user/.m2/repository/com/jolbox/bonecp/0.8.0.RELEASE/bonecp-0.8.0.RELEASE.jar:/home/user/.m2/repository/org/xerial/sqlite-jdbc/3.25.2/sqlite-jdbc-3.25.2.jar:/home/user/.m2/repository/org/springframework/spring-jdbc/5.1.3.RELEASE/spring-jdbc-5.1.3.RELEASE.jar:/home/user/.m2/repository/org/springframework/spring-beans/5.1.3.RELEASE/spring-beans-5.1.3.RELEASE.jar:/home/user/.m2/repository/org/springframework/spring-core/5.1.3.RELEASE/spring-core-5.1.3.RELEASE.jar:/home/user/.m2/repository/org/springframework/spring-jcl/5.1.3.RELEASE/spring-jcl-5.1.3.RELEASE.jar:/home/user/.m2/repository/org/springframework/spring-tx/5.1.3.RELEASE/spring-tx-5.1.3.RELEASE.jar:/home/user/.m2/repository/org/apache/hadoop/hadoop-ozone-client/0.4.1-SNAPSHOT/hadoop-ozone-client-0.4.1-SNAPSHOT.jar:/home/user/.m2/repository/commons-lang/commons-lang/2.6/commons-lang-2.6.jar:/home/user/.m2/repository/org/apache/hadoop/hadoop-ozone-ozone-manager/0.4.1-SNAPSHOT/hadoop-ozone-ozone-manager-0.4.1-SNAPSHOT-tests.jar:/home/user/.m2/repository/junit/junit/4.11/junit-4.11.jar:/home/user/.m2/repository/org/hamcrest/hamcrest-core/1.3/hamcrest-core-1.3.jar:/home/user/.m2/repository/org/openjdk/jmh/jmh-core/1.19/jmh-core-1.19.jar:/home/user/.m2/repository/net/sf/jopt-simple/jopt-simple/4.6/jopt-simple-4.6.jar:/home/user/.m2/repository/org/apache/commons/commons-math3/3.1.1/commons-math3-3.1.1.jar:/home/user/.m2/repository/org/openjdk/jmh/jmh-generator-annprocess/1.19/jmh-generator-annprocess-1.19.jar:/home/user/.m2/repository/org/mockito/mockito-all/1.8.5/mockito-all-1.8.5.jar:/home/user/.m2/repository/org/apache/hadoop/hadoop-kms/3.2.0/hadoop-kms-3.2.0.jar:/home/user/.m2/repository/org/apache/hadoop/hadoop-auth/3.2.0/hadoop-auth-3.2.0.jar:/home/user/.m2/repository/com/nimbusds/nimbus-jose-jwt/4.41.1/nimbus-jose-jwt-4.41.1.jar:/home/user/.m2/repository/com/github/stephenc/jcip/jcip-annotations/1.0-1/jcip-annotations-1.0-1.jar:/home/user/.m2/repository/net/minidev/json-smart/2.3/json-smart-2.3.jar:/home/user/.m2/repository/net/minidev/accessors-smart/1.2/accessors-smart-1.2.jar:/home/user/.m2/repository/org/ow2/asm/asm/5.0.4/asm-5.0.4.jar:/home/user/.m2/repository/org/apache/curator/curator-framework/2.12.0/curator-framework-2.12.0.jar:/home/user/.m2/repository/com/sun/jersey/jersey-core/1.19/jersey-core-1.19.jar:/home/user/.m2/repository/javax/ws/rs/jsr311-api/1.1.1/jsr311-api-1.1.1.jar:/home/user/.m2/repository/com/sun/jersey/jersey-server/1.19/jersey-server-1.19.jar:/home/user/.m2/repository/javax/servlet/javax.servlet-api/3.1.0/javax.servlet-api-3.1.0.jar:/home/user/.m2/repository/org/eclipse/jetty/jetty-server/9.3.24.v20180605/jetty-server-9.3.24.v20180605.jar:/home/user/.m2/repository/org/eclipse/jetty/jetty-http/9.3.24.v20180605/jetty-http-9.3.24.v20180605.jar:/home/user/.m2/repository/org/eclipse/jetty/jetty-io/9.3.24.v20180605/jetty-io-9.3.24.v20180605.jar:/home/user/.m2/repository/org/eclipse/jetty/jetty-webapp/9.3.24.v20180605/jetty-webapp-9.3.24.v20180605.jar:/home/user/.m2/repository/org/eclipse/jetty/jetty-xml/9.3.24.v20180605/jetty-xml-9.3.24.v20180605.jar:/home/user/.m2/repository/log4j/log4j/1.2.17/log4j-1.2.17.jar:/home/user/.m2/repository/org/slf4j/slf4j-api/1.7.25/slf4j-api-1.7.25.jar:/home/user/.m2/repository/org/slf4j/jul-to-slf4j/1.7.25/jul-to-slf4j-1.7.25.jar:/home/user/.m2/repository/org/eclipse/jetty/jetty-util/9.3.24.v20180605/jetty-util-9.3.24.v20180605.jar:/home/user/.m2/repository/com/fasterxml/jackson/core/jackson-databind/2.9.5/jackson-databind-2.9.5.jar:/home/user/.m2/repository/org/apache/hadoop/hadoop-kms/3.2.0/hadoop-kms-3.2.0-tests.jar:/home/user/.m2/repository/org/apache/hadoop/hadoop-hdds-server-scm/0.4.1-SNAPSHOT/hadoop-hdds-server-scm-0.4.1-SNAPSHOT-tests.jar:/home/user/.m2/repository/org/apache/hadoop/hadoop-hdds-container-service/0.4.1-SNAPSHOT/hadoop-hdds-container-service-0.4.1-SNAPSHOT-tests.jar:/home/user/.m2/repository/org/yaml/snakeyaml/1.16/snakeyaml-1.16.jar:/home/user/.m2/repository/org/apache/hadoop/hadoop-common/3.2.0/hadoop-common-3.2.0-tests.jar:/home/user/.m2/repository/org/apache/hadoop/hadoop-annotations/3.2.0/hadoop-annotations-3.2.0.jar:/usr/lib/jvm/java-1.8-openjdk/jre/../lib/tools.jar:/home/user/.m2/repository/commons-cli/commons-cli/1.2/commons-cli-1.2.jar:/home/user/.m2/repository/org/apache/httpcomponents/httpclient/4.5.2/httpclient-4.5.2.jar:/home/user/.m2/repository/org/apache/httpcomponents/httpcore/4.4.4/httpcore-4.4.4.jar:/home/user/.m2/repository/commons-codec/commons-codec/1.11/commons-codec-1.11.jar:/home/user/.m2/repository/commons-net/commons-net/3.6/commons-net-3.6.jar:/home/user/.m2/repository/commons-collections/commons-collections/3.2.2/commons-collections-3.2.2.jar:/home/user/.m2/repository/org/eclipse/jetty/jetty-servlet/9.3.24.v20180605/jetty-servlet-9.3.24.v20180605.jar:/home/user/.m2/repository/org/eclipse/jetty/jetty-security/9.3.24.v20180605/jetty-security-9.3.24.v20180605.jar:/home/user/.m2/repository/javax/servlet/jsp/jsp-api/2.1/jsp-api-2.1.jar:/home/user/.m2/repository/com/sun/jersey/jersey-servlet/1.19/jersey-servlet-1.19.jar:/home/user/.m2/repository/com/sun/jersey/jersey-json/1.19/jersey-json-1.19.jar:/home/user/.m2/repository/org/codehaus/jettison/jettison/1.1/jettison-1.1.jar:/home/user/.m2/repository/org/codehaus/jackson/jackson-core-asl/1.9.13/jackson-core-asl-1.9.13.jar:/home/user/.m2/repository/org/codehaus/jackson/jackson-mapper-asl/1.9.13/jackson-mapper-asl-1.9.13.jar:/home/user/.m2/repository/org/codehaus/jackson/jackson-jaxrs/1.9.13/jackson-jaxrs-1.9.13.jar:/home/user/.m2/repository/org/codehaus/jackson/jackson-xc/1.9.13/jackson-xc-1.9.13.jar:/home/user/.m2/repository/commons-logging/commons-logging/1.1.3/commons-logging-1.1.3.jar:/home/user/.m2/repository/commons-beanutils/commons-beanutils/1.9.3/commons-beanutils-1.9.3.jar:/home/user/.m2/repository/org/apache/commons/commons-configuration2/2.1.1/commons-configuration2-2.1.1.jar:/home/user/.m2/repository/org/apache/commons/commons-lang3/3.7/commons-lang3-3.7.jar:/home/user/.m2/repository/org/apache/commons/commons-text/1.4/commons-text-1.4.jar:/home/user/.m2/repository/org/apache/avro/avro/1.7.7/avro-1.7.7.jar:/home/user/.m2/repository/com/thoughtworks/paranamer/paranamer/2.3/paranamer-2.3.jar:/home/user/.m2/repository/org/xerial/snappy/snappy-java/1.0.5/snappy-java-1.0.5.jar:/home/user/.m2/repository/com/google/re2j/re2j/1.1/re2j-1.1.jar:/home/user/.m2/repository/com/google/code/gson/gson/2.2.4/gson-2.2.4.jar:/home/user/.m2/repository/com/jcraft/jsch/0.1.54/jsch-0.1.54.jar:/home/user/.m2/repository/org/apache/curator/curator-client/2.12.0/curator-client-2.12.0.jar:/home/user/.m2/repository/org/apache/curator/curator-recipes/2.12.0/curator-recipes-2.12.0.jar:/home/user/.m2/repository/com/google/code/findbugs/jsr305/3.0.0/jsr305-3.0.0.jar:/home/user/.m2/repository/org/apache/htrace/htrace-core4/4.1.0-incubating/htrace-core4-4.1.0-incubating.jar:/home/user/.m2/repository/org/apache/zookeeper/zookeeper/3.4.13/zookeeper-3.4.13.jar:/home/user/.m2/repository/org/apache/yetus/audience-annotations/0.5.0/audience-annotations-0.5.0.jar:/home/user/.m2/repository/org/codehaus/woodstox/stax2-api/3.1.4/stax2-api-3.1.4.jar:/home/user/.m2/repository/com/fasterxml/woodstox/woodstox-core/5.0.3/woodstox-core-5.0.3.jar:/home/user/.m2/repository/dnsjava/dnsjava/2.1.7/dnsjava-2.1.7.jar:/home/user/.m2/repository/org/apache/hadoop/hadoop-hdfs/3.2.0/hadoop-hdfs-3.2.0-tests.jar:/home/user/.m2/repository/org/eclipse/jetty/jetty-util-ajax/9.3.24.v20180605/jetty-util-ajax-9.3.24.v20180605.jar:/home/user/.m2/repository/commons-daemon/commons-daemon/1.0.13/commons-daemon-1.0.13.jar:/home/user/.m2/repository/io/netty/netty/3.10.5.Final/netty-3.10.5.Final.jar:/home/user/.m2/repository/io/netty/netty-all/4.0.52.Final/netty-all-4.0.52.Final.jar:/home/user/.m2/repository/org/fusesource/leveldbjni/leveldbjni-all/1.8/leveldbjni-all-1.8.jar:"/>
    <property name="java.vm.vendor" value="IcedTea"/>
    <property name="sun.arch.data.model" value="64"/>
    <property name="test.build.dir" value="/workdir/hadoop-ozone/integration-test/target/test-dir"/>
    <property name="test.cache.data" value=""/>
    <property name="java.vendor.url" value="https://icedtea.classpath.org"/>
    <property name="user.timezone" value=""/>
    <property name="java.vm.specification.version" value="1.8"/>
    <property name="os.name" value="Linux"/>
    <property name="test.build.data" value="/workdir/hadoop-ozone/integration-test/target/test-dir"/>
    <property name="user.country" value="US"/>
    <property name="sun.java.launcher" value="SUN_STANDARD"/>
    <property name="sun.boot.library.path" value="/usr/lib/jvm/java-1.8-openjdk/jre/lib/amd64"/>
    <property name="sun.java.command" value="/workdir/hadoop-ozone/integration-test/target/surefire/surefirebooter8726853872650707622.jar /workdir/hadoop-ozone/integration-test/target/surefire 2019-08-01T15-09-48_761-jvmRun1 surefire1257965217779657242tmp surefire_787997430368053695352tmp"/>
    <property name="surefire.test.class.path" value="/workdir/hadoop-ozone/integration-test/target/test-classes:/workdir/hadoop-ozone/integration-test/target/classes:/home/user/.m2/repository/org/apache/hadoop/hadoop-ozone-common/0.4.1-SNAPSHOT/hadoop-ozone-common-0.4.1-SNAPSHOT.jar:/home/user/.m2/repository/org/apache/commons/commons-compress/1.4.1/commons-compress-1.4.1.jar:/home/user/.m2/repository/org/tukaani/xz/1.0/xz-1.0.jar:/home/user/.m2/repository/org/apache/hadoop/hadoop-common/3.2.0/hadoop-common-3.2.0.jar:/home/user/.m2/repository/org/apache/hadoop/hadoop-hdfs/3.2.0/hadoop-hdfs-3.2.0.jar:/home/user/.m2/repository/org/apache/hadoop/hadoop-hdfs-client/3.2.0/hadoop-hdfs-client-3.2.0.jar:/home/user/.m2/repository/com/fasterxml/jackson/core/jackson-annotations/2.9.5/jackson-annotations-2.9.5.jar:/home/user/.m2/repository/org/apache/hadoop/hadoop-hdds-common/0.4.1-SNAPSHOT/hadoop-hdds-common-0.4.1-SNAPSHOT.jar:/home/user/.m2/repository/javax/annotation/javax.annotation-api/1.2/javax.annotation-api-1.2.jar:/home/user/.m2/repository/org/apache/ratis/ratis-server/0.4.0-2337318-SNAPSHOT/ratis-server-0.4.0-2337318-SNAPSHOT.jar:/home/user/.m2/repository/org/apache/ratis/ratis-thirdparty-misc/0.2.0/ratis-thirdparty-misc-0.2.0.jar:/home/user/.m2/repository/org/apache/ratis/ratis-proto/0.4.0-2337318-SNAPSHOT/ratis-proto-0.4.0-2337318-SNAPSHOT.jar:/home/user/.m2/repository/org/apache/ratis/ratis-common/0.4.0-2337318-SNAPSHOT/ratis-common-0.4.0-2337318-SNAPSHOT.jar:/home/user/.m2/repository/org/apache/ratis/ratis-client/0.4.0-2337318-SNAPSHOT/ratis-client-0.4.0-2337318-SNAPSHOT.jar:/home/user/.m2/repository/org/apache/ratis/ratis-metrics/0.4.0-2337318-SNAPSHOT/ratis-metrics-0.4.0-2337318-SNAPSHOT.jar:/home/user/.m2/repository/org/apache/ratis/ratis-netty/0.4.0-2337318-SNAPSHOT/ratis-netty-0.4.0-2337318-SNAPSHOT.jar:/home/user/.m2/repository/org/apache/ratis/ratis-grpc/0.4.0-2337318-SNAPSHOT/ratis-grpc-0.4.0-2337318-SNAPSHOT.jar:/home/user/.m2/repository/org/rocksdb/rocksdbjni/6.0.1/rocksdbjni-6.0.1.jar:/home/user/.m2/repository/org/apache/logging/log4j/log4j-api/2.11.0/log4j-api-2.11.0.jar:/home/user/.m2/repository/org/apache/logging/log4j/log4j-core/2.11.0/log4j-core-2.11.0.jar:/home/user/.m2/repository/com/lmax/disruptor/3.4.2/disruptor-3.4.2.jar:/home/user/.m2/repository/org/apache/commons/commons-pool2/2.6.0/commons-pool2-2.6.0.jar:/home/user/.m2/repository/org/bouncycastle/bcpkix-jdk15on/1.60/bcpkix-jdk15on-1.60.jar:/home/user/.m2/repository/commons-validator/commons-validator/1.6/commons-validator-1.6.jar:/home/user/.m2/repository/commons-digester/commons-digester/1.8.1/commons-digester-1.8.1.jar:/home/user/.m2/repository/io/jaegertracing/jaeger-client/0.33.1/jaeger-client-0.33.1.jar:/home/user/.m2/repository/io/jaegertracing/jaeger-thrift/0.33.1/jaeger-thrift-0.33.1.jar:/home/user/.m2/repository/org/apache/thrift/libthrift/0.11.0/libthrift-0.11.0.jar:/home/user/.m2/repository/com/squareup/okhttp3/okhttp/3.9.0/okhttp-3.9.0.jar:/home/user/.m2/repository/com/squareup/okio/okio/1.13.0/okio-1.13.0.jar:/home/user/.m2/repository/io/jaegertracing/jaeger-core/0.33.1/jaeger-core-0.33.1.jar:/home/user/.m2/repository/io/jaegertracing/jaeger-tracerresolver/0.33.1/jaeger-tracerresolver-0.33.1.jar:/home/user/.m2/repository/io/opentracing/contrib/opentracing-tracerresolver/0.1.5/opentracing-tracerresolver-0.1.5.jar:/home/user/.m2/repository/io/opentracing/opentracing-util/0.31.0/opentracing-util-0.31.0.jar:/home/user/.m2/repository/io/opentracing/opentracing-api/0.31.0/opentracing-api-0.31.0.jar:/home/user/.m2/repository/io/opentracing/opentracing-noop/0.31.0/opentracing-noop-0.31.0.jar:/home/user/.m2/repository/org/apache/hadoop/hadoop-hdds-server-framework/0.4.1-SNAPSHOT/hadoop-hdds-server-framework-0.4.1-SNAPSHOT.jar:/home/user/.m2/repository/org/apache/hadoop/hadoop-hdds-container-service/0.4.1-SNAPSHOT/hadoop-hdds-container-service-0.4.1-SNAPSHOT.jar:/home/user/.m2/repository/org/apache/hadoop/hadoop-hdds-client/0.4.1-SNAPSHOT/hadoop-hdds-client-0.4.1-SNAPSHOT.jar:/home/user/.m2/repository/org/apache/hadoop/hadoop-hdds-tools/0.4.1-SNAPSHOT/hadoop-hdds-tools-0.4.1-SNAPSHOT.jar:/home/user/.m2/repository/org/apache/hadoop/hadoop-hdds-server-scm/0.4.1-SNAPSHOT/hadoop-hdds-server-scm-0.4.1-SNAPSHOT.jar:/home/user/.m2/repository/org/apache/hadoop/hadoop-hdds-docs/0.4.1-SNAPSHOT/hadoop-hdds-docs-0.4.1-SNAPSHOT.jar:/home/user/.m2/repository/io/dropwizard/metrics/metrics-core/3.2.4/metrics-core-3.2.4.jar:/home/user/.m2/repository/org/hamcrest/hamcrest-all/1.3/hamcrest-all-1.3.jar:/home/user/.m2/repository/org/bouncycastle/bcprov-jdk15on/1.60/bcprov-jdk15on-1.60.jar:/home/user/.m2/repository/info/picocli/picocli/3.9.6/picocli-3.9.6.jar:/home/user/.m2/repository/com/google/protobuf/protobuf-java/2.5.0/protobuf-java-2.5.0.jar:/home/user/.m2/repository/com/google/guava/guava/11.0.2/guava-11.0.2.jar:/home/user/.m2/repository/org/apache/hadoop/hadoop-ozone-ozone-manager/0.4.1-SNAPSHOT/hadoop-ozone-ozone-manager-0.4.1-SNAPSHOT.jar:/home/user/.m2/repository/org/apache/hadoop/hadoop-minikdc/3.2.0/hadoop-minikdc-3.2.0.jar:/home/user/.m2/repository/commons-io/commons-io/2.5/commons-io-2.5.jar:/home/user/.m2/repository/org/apache/kerby/kerb-simplekdc/1.0.1/kerb-simplekdc-1.0.1.jar:/home/user/.m2/repository/org/apache/kerby/kerb-client/1.0.1/kerb-client-1.0.1.jar:/home/user/.m2/repository/org/apache/kerby/kerby-config/1.0.1/kerby-config-1.0.1.jar:/home/user/.m2/repository/org/apache/kerby/kerb-core/1.0.1/kerb-core-1.0.1.jar:/home/user/.m2/repository/org/apache/kerby/kerby-pkix/1.0.1/kerby-pkix-1.0.1.jar:/home/user/.m2/repository/org/apache/kerby/kerby-asn1/1.0.1/kerby-asn1-1.0.1.jar:/home/user/.m2/repository/org/apache/kerby/kerby-util/1.0.1/kerby-util-1.0.1.jar:/home/user/.m2/repository/org/apache/kerby/kerb-common/1.0.1/kerb-common-1.0.1.jar:/home/user/.m2/repository/org/apache/kerby/kerb-crypto/1.0.1/kerb-crypto-1.0.1.jar:/home/user/.m2/repository/org/apache/kerby/kerb-util/1.0.1/kerb-util-1.0.1.jar:/home/user/.m2/repository/org/apache/kerby/token-provider/1.0.1/token-provider-1.0.1.jar:/home/user/.m2/repository/org/apache/kerby/kerb-admin/1.0.1/kerb-admin-1.0.1.jar:/home/user/.m2/repository/org/apache/kerby/kerb-server/1.0.1/kerb-server-1.0.1.jar:/home/user/.m2/repository/org/apache/kerby/kerb-identity/1.0.1/kerb-identity-1.0.1.jar:/home/user/.m2/repository/org/apache/kerby/kerby-xdr/1.0.1/kerby-xdr-1.0.1.jar:/home/user/.m2/repository/org/slf4j/slf4j-log4j12/1.7.25/slf4j-log4j12-1.7.25.jar:/home/user/.m2/repository/org/apache/hadoop/hadoop-ozone-objectstore-service/0.4.1-SNAPSHOT/hadoop-ozone-objectstore-service-0.4.1-SNAPSHOT.jar:/home/user/.m2/repository/org/apache/hadoop/hadoop-ozone-s3gateway/0.4.1-SNAPSHOT/hadoop-ozone-s3gateway-0.4.1-SNAPSHOT.jar:/home/user/.m2/repository/org/jboss/weld/servlet/weld-servlet/2.4.7.Final/weld-servlet-2.4.7.Final.jar:/home/user/.m2/repository/org/glassfish/jersey/containers/jersey-container-servlet-core/2.27/jersey-container-servlet-core-2.27.jar:/home/user/.m2/repository/org/glassfish/hk2/external/javax.inject/2.5.0-b42/javax.inject-2.5.0-b42.jar:/home/user/.m2/repository/org/glassfish/jersey/core/jersey-common/2.27/jersey-common-2.27.jar:/home/user/.m2/repository/org/glassfish/hk2/osgi-resource-locator/1.0.1/osgi-resource-locator-1.0.1.jar:/home/user/.m2/repository/javax/ws/rs/javax.ws.rs-api/2.1/javax.ws.rs-api-2.1.jar:/home/user/.m2/repository/org/glassfish/jersey/ext/cdi/jersey-cdi1x/2.27/jersey-cdi1x-2.27.jar:/home/user/.m2/repository/org/glassfish/jersey/inject/jersey-hk2/2.27/jersey-hk2-2.27.jar:/home/user/.m2/repository/org/glassfish/hk2/hk2-locator/2.5.0-b42/hk2-locator-2.5.0-b42.jar:/home/user/.m2/repository/org/javassist/javassist/3.22.0-CR2/javassist-3.22.0-CR2.jar:/home/user/.m2/repository/org/glassfish/hk2/hk2-api/2.5.0/hk2-api-2.5.0.jar:/home/user/.m2/repository/org/glassfish/hk2/external/jakarta.inject/2.5.0/jakarta.inject-2.5.0.jar:/home/user/.m2/repository/org/glassfish/hk2/hk2-utils/2.5.0/hk2-utils-2.5.0.jar:/home/user/.m2/repository/jakarta/annotation/jakarta.annotation-api/1.3.4/jakarta.annotation-api-1.3.4.jar:/home/user/.m2/repository/org/glassfish/hk2/external/aopalliance-repackaged/2.5.0/aopalliance-repackaged-2.5.0.jar:/home/user/.m2/repository/com/fasterxml/jackson/dataformat/jackson-dataformat-xml/2.9.0/jackson-dataformat-xml-2.9.0.jar:/home/user/.m2/repository/com/fasterxml/jackson/core/jackson-core/2.9.5/jackson-core-2.9.5.jar:/home/user/.m2/repository/com/fasterxml/jackson/module/jackson-module-jaxb-annotations/2.9.5/jackson-module-jaxb-annotations-2.9.5.jar:/home/user/.m2/repository/javax/enterprise/cdi-api/1.2/cdi-api-1.2.jar:/home/user/.m2/repository/javax/el/javax.el-api/3.0.0/javax.el-api-3.0.0.jar:/home/user/.m2/repository/javax/interceptor/javax.interceptor-api/1.2/javax.interceptor-api-1.2.jar:/home/user/.m2/repository/javax/inject/javax.inject/1/javax.inject-1.jar:/home/user/.m2/repository/com/sun/xml/bind/jaxb-impl/2.3.0.1/jaxb-impl-2.3.0.1.jar:/home/user/.m2/repository/com/sun/xml/bind/jaxb-core/2.3.0.1/jaxb-core-2.3.0.1.jar:/home/user/.m2/repository/javax/xml/bind/jaxb-api/2.3.0/jaxb-api-2.3.0.jar:/home/user/.m2/repository/javax/activation/activation/1.1.1/activation-1.1.1.jar:/home/user/.m2/repository/org/apache/hadoop/hadoop-ozone-csi/0.4.1-SNAPSHOT/hadoop-ozone-csi-0.4.1-SNAPSHOT.jar:/home/user/.m2/repository/com/google/protobuf/protobuf-java-util/3.5.1/protobuf-java-util-3.5.1.jar:/home/user/.m2/repository/org/apache/hadoop/hadoop-hdds-config/0.4.1-SNAPSHOT/hadoop-hdds-config-0.4.1-SNAPSHOT.jar:/home/user/.m2/repository/io/grpc/grpc-netty/1.17.1/grpc-netty-1.17.1.jar:/home/user/.m2/repository/io/grpc/grpc-core/1.17.1/grpc-core-1.17.1.jar:/home/user/.m2/repository/io/grpc/grpc-context/1.17.1/grpc-context-1.17.1.jar:/home/user/.m2/repository/com/google/errorprone/error_prone_annotations/2.2.0/error_prone_annotations-2.2.0.jar:/home/user/.m2/repository/org/codehaus/mojo/animal-sniffer-annotations/1.17/animal-sniffer-annotations-1.17.jar:/home/user/.m2/repository/io/opencensus/opencensus-api/0.17.0/opencensus-api-0.17.0.jar:/home/user/.m2/repository/io/opencensus/opencensus-contrib-grpc-metrics/0.17.0/opencensus-contrib-grpc-metrics-0.17.0.jar:/home/user/.m2/repository/io/netty/netty-codec-http2/4.1.30.Final/netty-codec-http2-4.1.30.Final.jar:/home/user/.m2/repository/io/netty/netty-codec-http/4.1.30.Final/netty-codec-http-4.1.30.Final.jar:/home/user/.m2/repository/io/netty/netty-codec/4.1.30.Final/netty-codec-4.1.30.Final.jar:/home/user/.m2/repository/io/netty/netty-handler/4.1.30.Final/netty-handler-4.1.30.Final.jar:/home/user/.m2/repository/io/netty/netty-handler-proxy/4.1.30.Final/netty-handler-proxy-4.1.30.Final.jar:/home/user/.m2/repository/io/netty/netty-codec-socks/4.1.30.Final/netty-codec-socks-4.1.30.Final.jar:/home/user/.m2/repository/io/netty/netty-transport-native-epoll/4.1.30.Final/netty-transport-native-epoll-4.1.30.Final.jar:/home/user/.m2/repository/io/netty/netty-common/4.1.30.Final/netty-common-4.1.30.Final.jar:/home/user/.m2/repository/io/netty/netty-buffer/4.1.30.Final/netty-buffer-4.1.30.Final.jar:/home/user/.m2/repository/io/netty/netty-transport/4.1.30.Final/netty-transport-4.1.30.Final.jar:/home/user/.m2/repository/io/netty/netty-resolver/4.1.30.Final/netty-resolver-4.1.30.Final.jar:/home/user/.m2/repository/io/netty/netty-transport-native-unix-common/4.1.30.Final/netty-transport-native-unix-common-4.1.30.Final.jar:/home/user/.m2/repository/io/grpc/grpc-protobuf/1.17.1/grpc-protobuf-1.17.1.jar:/home/user/.m2/repository/com/google/api/grpc/proto-google-common-protos/1.0.0/proto-google-common-protos-1.0.0.jar:/home/user/.m2/repository/io/grpc/grpc-protobuf-lite/1.17.1/grpc-protobuf-lite-1.17.1.jar:/home/user/.m2/repository/io/grpc/grpc-stub/1.17.1/grpc-stub-1.17.1.jar:/home/user/.m2/repository/org/apache/hadoop/hadoop-ozone-recon/0.4.1-SNAPSHOT/hadoop-ozone-recon-0.4.1-SNAPSHOT.jar:/home/user/.m2/repository/org/apache/hadoop/hadoop-ozone-reconcodegen/0.4.1-SNAPSHOT/hadoop-ozone-reconcodegen-0.4.1-SNAPSHOT.jar:/home/user/.m2/repository/com/google/inject/extensions/guice-multibindings/4.0/guice-multibindings-4.0.jar:/home/user/.m2/repository/com/google/inject/guice/4.0/guice-4.0.jar:/home/user/.m2/repository/aopalliance/aopalliance/1.0/aopalliance-1.0.jar:/home/user/.m2/repository/com/google/inject/extensions/guice-servlet/4.0/guice-servlet-4.0.jar:/home/user/.m2/repository/org/glassfish/jersey/containers/jersey-container-servlet/2.27/jersey-container-servlet-2.27.jar:/home/user/.m2/repository/org/glassfish/hk2/guice-bridge/2.5.0/guice-bridge-2.5.0.jar:/home/user/.m2/repository/org/glassfish/jersey/core/jersey-server/2.27/jersey-server-2.27.jar:/home/user/.m2/repository/org/glassfish/jersey/core/jersey-client/2.27/jersey-client-2.27.jar:/home/user/.m2/repository/org/glassfish/jersey/media/jersey-media-jaxb/2.27/jersey-media-jaxb-2.27.jar:/home/user/.m2/repository/javax/validation/validation-api/1.1.0.Final/validation-api-1.1.0.Final.jar:/home/user/.m2/repository/org/glassfish/jersey/media/jersey-media-json-jackson/2.27/jersey-media-json-jackson-2.27.jar:/home/user/.m2/repository/org/glassfish/jersey/ext/jersey-entity-filtering/2.27/jersey-entity-filtering-2.27.jar:/home/user/.m2/repository/com/google/inject/extensions/guice-assistedinject/4.0/guice-assistedinject-4.0.jar:/home/user/.m2/repository/org/jooq/jooq/3.11.10/jooq-3.11.10.jar:/home/user/.m2/repository/org/jooq/jooq-meta/3.11.10/jooq-meta-3.11.10.jar:/home/user/.m2/repository/org/jooq/jooq-codegen/3.11.10/jooq-codegen-3.11.10.jar:/home/user/.m2/repository/com/jolbox/bonecp/0.8.0.RELEASE/bonecp-0.8.0.RELEASE.jar:/home/user/.m2/repository/org/xerial/sqlite-jdbc/3.25.2/sqlite-jdbc-3.25.2.jar:/home/user/.m2/repository/org/springframework/spring-jdbc/5.1.3.RELEASE/spring-jdbc-5.1.3.RELEASE.jar:/home/user/.m2/repository/org/springframework/spring-beans/5.1.3.RELEASE/spring-beans-5.1.3.RELEASE.jar:/home/user/.m2/repository/org/springframework/spring-core/5.1.3.RELEASE/spring-core-5.1.3.RELEASE.jar:/home/user/.m2/repository/org/springframework/spring-jcl/5.1.3.RELEASE/spring-jcl-5.1.3.RELEASE.jar:/home/user/.m2/repository/org/springframework/spring-tx/5.1.3.RELEASE/spring-tx-5.1.3.RELEASE.jar:/home/user/.m2/repository/org/apache/hadoop/hadoop-ozone-client/0.4.1-SNAPSHOT/hadoop-ozone-client-0.4.1-SNAPSHOT.jar:/home/user/.m2/repository/commons-lang/commons-lang/2.6/commons-lang-2.6.jar:/home/user/.m2/repository/org/apache/hadoop/hadoop-ozone-ozone-manager/0.4.1-SNAPSHOT/hadoop-ozone-ozone-manager-0.4.1-SNAPSHOT-tests.jar:/home/user/.m2/repository/junit/junit/4.11/junit-4.11.jar:/home/user/.m2/repository/org/hamcrest/hamcrest-core/1.3/hamcrest-core-1.3.jar:/home/user/.m2/repository/org/openjdk/jmh/jmh-core/1.19/jmh-core-1.19.jar:/home/user/.m2/repository/net/sf/jopt-simple/jopt-simple/4.6/jopt-simple-4.6.jar:/home/user/.m2/repository/org/apache/commons/commons-math3/3.1.1/commons-math3-3.1.1.jar:/home/user/.m2/repository/org/openjdk/jmh/jmh-generator-annprocess/1.19/jmh-generator-annprocess-1.19.jar:/home/user/.m2/repository/org/mockito/mockito-all/1.8.5/mockito-all-1.8.5.jar:/home/user/.m2/repository/org/apache/hadoop/hadoop-kms/3.2.0/hadoop-kms-3.2.0.jar:/home/user/.m2/repository/org/apache/hadoop/hadoop-auth/3.2.0/hadoop-auth-3.2.0.jar:/home/user/.m2/repository/com/nimbusds/nimbus-jose-jwt/4.41.1/nimbus-jose-jwt-4.41.1.jar:/home/user/.m2/repository/com/github/stephenc/jcip/jcip-annotations/1.0-1/jcip-annotations-1.0-1.jar:/home/user/.m2/repository/net/minidev/json-smart/2.3/json-smart-2.3.jar:/home/user/.m2/repository/net/minidev/accessors-smart/1.2/accessors-smart-1.2.jar:/home/user/.m2/repository/org/ow2/asm/asm/5.0.4/asm-5.0.4.jar:/home/user/.m2/repository/org/apache/curator/curator-framework/2.12.0/curator-framework-2.12.0.jar:/home/user/.m2/repository/com/sun/jersey/jersey-core/1.19/jersey-core-1.19.jar:/home/user/.m2/repository/javax/ws/rs/jsr311-api/1.1.1/jsr311-api-1.1.1.jar:/home/user/.m2/repository/com/sun/jersey/jersey-server/1.19/jersey-server-1.19.jar:/home/user/.m2/repository/javax/servlet/javax.servlet-api/3.1.0/javax.servlet-api-3.1.0.jar:/home/user/.m2/repository/org/eclipse/jetty/jetty-server/9.3.24.v20180605/jetty-server-9.3.24.v20180605.jar:/home/user/.m2/repository/org/eclipse/jetty/jetty-http/9.3.24.v20180605/jetty-http-9.3.24.v20180605.jar:/home/user/.m2/repository/org/eclipse/jetty/jetty-io/9.3.24.v20180605/jetty-io-9.3.24.v20180605.jar:/home/user/.m2/repository/org/eclipse/jetty/jetty-webapp/9.3.24.v20180605/jetty-webapp-9.3.24.v20180605.jar:/home/user/.m2/repository/org/eclipse/jetty/jetty-xml/9.3.24.v20180605/jetty-xml-9.3.24.v20180605.jar:/home/user/.m2/repository/log4j/log4j/1.2.17/log4j-1.2.17.jar:/home/user/.m2/repository/org/slf4j/slf4j-api/1.7.25/slf4j-api-1.7.25.jar:/home/user/.m2/repository/org/slf4j/jul-to-slf4j/1.7.25/jul-to-slf4j-1.7.25.jar:/home/user/.m2/repository/org/eclipse/jetty/jetty-util/9.3.24.v20180605/jetty-util-9.3.24.v20180605.jar:/home/user/.m2/repository/com/fasterxml/jackson/core/jackson-databind/2.9.5/jackson-databind-2.9.5.jar:/home/user/.m2/repository/org/apache/hadoop/hadoop-kms/3.2.0/hadoop-kms-3.2.0-tests.jar:/home/user/.m2/repository/org/apache/hadoop/hadoop-hdds-server-scm/0.4.1-SNAPSHOT/hadoop-hdds-server-scm-0.4.1-SNAPSHOT-tests.jar:/home/user/.m2/repository/org/apache/hadoop/hadoop-hdds-container-service/0.4.1-SNAPSHOT/hadoop-hdds-container-service-0.4.1-SNAPSHOT-tests.jar:/home/user/.m2/repository/org/yaml/snakeyaml/1.16/snakeyaml-1.16.jar:/home/user/.m2/repository/org/apache/hadoop/hadoop-common/3.2.0/hadoop-common-3.2.0-tests.jar:/home/user/.m2/repository/org/apache/hadoop/hadoop-annotations/3.2.0/hadoop-annotations-3.2.0.jar:/usr/lib/jvm/java-1.8-openjdk/jre/../lib/tools.jar:/home/user/.m2/repository/commons-cli/commons-cli/1.2/commons-cli-1.2.jar:/home/user/.m2/repository/org/apache/httpcomponents/httpclient/4.5.2/httpclient-4.5.2.jar:/home/user/.m2/repository/org/apache/httpcomponents/httpcore/4.4.4/httpcore-4.4.4.jar:/home/user/.m2/repository/commons-codec/commons-codec/1.11/commons-codec-1.11.jar:/home/user/.m2/repository/commons-net/commons-net/3.6/commons-net-3.6.jar:/home/user/.m2/repository/commons-collections/commons-collections/3.2.2/commons-collections-3.2.2.jar:/home/user/.m2/repository/org/eclipse/jetty/jetty-servlet/9.3.24.v20180605/jetty-servlet-9.3.24.v20180605.jar:/home/user/.m2/repository/org/eclipse/jetty/jetty-security/9.3.24.v20180605/jetty-security-9.3.24.v20180605.jar:/home/user/.m2/repository/javax/servlet/jsp/jsp-api/2.1/jsp-api-2.1.jar:/home/user/.m2/repository/com/sun/jersey/jersey-servlet/1.19/jersey-servlet-1.19.jar:/home/user/.m2/repository/com/sun/jersey/jersey-json/1.19/jersey-json-1.19.jar:/home/user/.m2/repository/org/codehaus/jettison/jettison/1.1/jettison-1.1.jar:/home/user/.m2/repository/org/codehaus/jackson/jackson-core-asl/1.9.13/jackson-core-asl-1.9.13.jar:/home/user/.m2/repository/org/codehaus/jackson/jackson-mapper-asl/1.9.13/jackson-mapper-asl-1.9.13.jar:/home/user/.m2/repository/org/codehaus/jackson/jackson-jaxrs/1.9.13/jackson-jaxrs-1.9.13.jar:/home/user/.m2/repository/org/codehaus/jackson/jackson-xc/1.9.13/jackson-xc-1.9.13.jar:/home/user/.m2/repository/commons-logging/commons-logging/1.1.3/commons-logging-1.1.3.jar:/home/user/.m2/repository/commons-beanutils/commons-beanutils/1.9.3/commons-beanutils-1.9.3.jar:/home/user/.m2/repository/org/apache/commons/commons-configuration2/2.1.1/commons-configuration2-2.1.1.jar:/home/user/.m2/repository/org/apache/commons/commons-lang3/3.7/commons-lang3-3.7.jar:/home/user/.m2/repository/org/apache/commons/commons-text/1.4/commons-text-1.4.jar:/home/user/.m2/repository/org/apache/avro/avro/1.7.7/avro-1.7.7.jar:/home/user/.m2/repository/com/thoughtworks/paranamer/paranamer/2.3/paranamer-2.3.jar:/home/user/.m2/repository/org/xerial/snappy/snappy-java/1.0.5/snappy-java-1.0.5.jar:/home/user/.m2/repository/com/google/re2j/re2j/1.1/re2j-1.1.jar:/home/user/.m2/repository/com/google/code/gson/gson/2.2.4/gson-2.2.4.jar:/home/user/.m2/repository/com/jcraft/jsch/0.1.54/jsch-0.1.54.jar:/home/user/.m2/repository/org/apache/curator/curator-client/2.12.0/curator-client-2.12.0.jar:/home/user/.m2/repository/org/apache/curator/curator-recipes/2.12.0/curator-recipes-2.12.0.jar:/home/user/.m2/repository/com/google/code/findbugs/jsr305/3.0.0/jsr305-3.0.0.jar:/home/user/.m2/repository/org/apache/htrace/htrace-core4/4.1.0-incubating/htrace-core4-4.1.0-incubating.jar:/home/user/.m2/repository/org/apache/zookeeper/zookeeper/3.4.13/zookeeper-3.4.13.jar:/home/user/.m2/repository/org/apache/yetus/audience-annotations/0.5.0/audience-annotations-0.5.0.jar:/home/user/.m2/repository/org/codehaus/woodstox/stax2-api/3.1.4/stax2-api-3.1.4.jar:/home/user/.m2/repository/com/fasterxml/woodstox/woodstox-core/5.0.3/woodstox-core-5.0.3.jar:/home/user/.m2/repository/dnsjava/dnsjava/2.1.7/dnsjava-2.1.7.jar:/home/user/.m2/repository/org/apache/hadoop/hadoop-hdfs/3.2.0/hadoop-hdfs-3.2.0-tests.jar:/home/user/.m2/repository/org/eclipse/jetty/jetty-util-ajax/9.3.24.v20180605/jetty-util-ajax-9.3.24.v20180605.jar:/home/user/.m2/repository/commons-daemon/commons-daemon/1.0.13/commons-daemon-1.0.13.jar:/home/user/.m2/repository/io/netty/netty/3.10.5.Final/netty-3.10.5.Final.jar:/home/user/.m2/repository/io/netty/netty-all/4.0.52.Final/netty-all-4.0.52.Final.jar:/home/user/.m2/repository/org/fusesource/leveldbjni/leveldbjni-all/1.8/leveldbjni-all-1.8.jar:"/>
    <property name="sun.cpu.endian" value="little"/>
    <property name="user.home" value="/home/user"/>
    <property name="user.language" value="en"/>
    <property name="java.specification.vendor" value="Oracle Corporation"/>
    <property name="java.home" value="/usr/lib/jvm/java-1.8-openjdk/jre"/>
    <property name="java.security.krb5.conf" value="/workdir/hadoop-ozone/integration-test/target/test-classes/krb5.conf"/>
    <property name="basedir" value="/workdir/hadoop-ozone/integration-test"/>
    <property name="file.separator" value="/"/>
    <property name="line.separator" value="&#10;"/>
    <property name="java.vm.specification.vendor" value="Oracle Corporation"/>
    <property name="java.specification.name" value="Java Platform API Specification"/>
    <property name="java.awt.graphicsenv" value="sun.awt.X11GraphicsEnvironment"/>
    <property name="surefire.real.class.path" value="/workdir/hadoop-ozone/integration-test/target/surefire/surefirebooter8726853872650707622.jar"/>
    <property name="hadoop.log.dir" value="/workdir/hadoop-ozone/integration-test/target/log"/>
    <property name="sun.boot.class.path" value="/usr/lib/jvm/java-1.8-openjdk/jre/lib/resources.jar:/usr/lib/jvm/java-1.8-openjdk/jre/lib/rt.jar:/usr/lib/jvm/java-1.8-openjdk/jre/lib/sunrsasign.jar:/usr/lib/jvm/java-1.8-openjdk/jre/lib/jsse.jar:/usr/lib/jvm/java-1.8-openjdk/jre/lib/jce.jar:/usr/lib/jvm/java-1.8-openjdk/jre/lib/charsets.jar:/usr/lib/jvm/java-1.8-openjdk/jre/lib/jfr.jar:/usr/lib/jvm/java-1.8-openjdk/jre/classes"/>
    <property name="sun.management.compiler" value="HotSpot 64-Bit Tiered Compilers"/>
    <property name="java.runtime.version" value="1.8.0_212-b04"/>
    <property name="java.net.preferIPv4Stack" value="true"/>
    <property name="user.name" value="jenkins1000"/>
    <property name="path.separator" value=":"/>
    <property name="java.security.egd" value="file:///dev/urandom"/>
    <property name="os.version" value="3.10.0-957.12.2.el7.x86_64"/>
    <property name="java.endorsed.dirs" value="/usr/lib/jvm/java-1.8-openjdk/jre/lib/endorsed"/>
    <property name="java.runtime.name" value="OpenJDK Runtime Environment"/>
    <property name="file.encoding" value="UTF-8"/>
    <property name="java.vm.name" value="OpenJDK 64-Bit Server VM"/>
    <property name="test.build.webapps" value=""/>
    <property name="localRepository" value="/home/user/.m2/repository"/>
    <property name="java.vendor.url.bug" value="https://icedtea.classpath.org/bugzilla"/>
    <property name="java.io.tmpdir" value="/tmp"/>
    <property name="require.test.libhadoop" value=""/>
    <property name="java.version" value="1.8.0_212"/>
    <property name="user.dir" value="/workdir/hadoop-ozone/integration-test"/>
    <property name="os.arch" value="amd64"/>
    <property name="java.vm.specification.name" value="Java Virtual Machine Specification"/>
    <property name="test.build.classes" value="/workdir/hadoop-ozone/integration-test/target/test-classes"/>
    <property name="java.awt.printerjob" value="sun.print.PSPrinterJob"/>
    <property name="sun.os.patch.level" value="unknown"/>
    <property name="hadoop.tmp.dir" value="/workdir/hadoop-ozone/integration-test/target/tmp"/>
    <property name="java.library.path" value="/usr/lib/jvm/java-1.8-openjdk/jre/lib/amd64/server:/usr/lib/jvm/java-1.8-openjdk/jre/lib/amd64:/usr/lib/jvm/java-1.8-openjdk/jre/../lib/amd64:/workdir/hadoop-ozone/integration-test/target/native/target/usr/local/lib:/workdir/hadoop-ozone/integration-test/../../hadoop-common-project/hadoop-common/target/native/target/usr/local/lib:/usr/java/packages/lib/amd64:/usr/lib64:/lib64:/lib:/usr/lib"/>
    <property name="java.vm.info" value="mixed mode"/>
    <property name="java.vendor" value="IcedTea"/>
    <property name="java.vm.version" value="25.212-b04"/>
    <property name="java.ext.dirs" value="/usr/lib/jvm/java-1.8-openjdk/jre/lib/ext:/usr/java/packages/lib/ext"/>
    <property name="sun.io.unicode.encoding" value="UnicodeLittle"/>
    <property name="java.class.version" value="52.0"/>
  </properties>
  <testcase name="testBlockDeletionTransactions" classname="org.apache.hadoop.ozone.TestStorageContainerManager" time="20.28"/>
  <testcase name="testBlockDeletingThrottling" classname="org.apache.hadoop.ozone.TestStorageContainerManager" time="7.272">
    <error message="Unexpected Storage Container Exception: org.apache.hadoop.hdds.scm.container.common.helpers.StorageContainerException: ContainerID 7 creation failed" type="java.io.IOException">java.io.IOException: Unexpected Storage Container Exception: org.apache.hadoop.hdds.scm.container.common.helpers.StorageContainerException: ContainerID 7 creation failed
	at org.apache.hadoop.hdds.scm.storage.BlockOutputStream.setIoException(BlockOutputStream.java:541)
	at org.apache.hadoop.hdds.scm.storage.BlockOutputStream.validateResponse(BlockOutputStream.java:532)
	at org.apache.hadoop.hdds.scm.storage.BlockOutputStream.lambda$writeChunkToContainer$2(BlockOutputStream.java:606)
	at java.util.concurrent.CompletableFuture.uniApply(CompletableFuture.java:602)
	at java.util.concurrent.CompletableFuture$UniApply.tryFire(CompletableFuture.java:577)
	at java.util.concurrent.CompletableFuture$Completion.run(CompletableFuture.java:442)
	at java.util.concurrent.ThreadPoolExecutor.runWorker(ThreadPoolExecutor.java:1149)
	at java.util.concurrent.ThreadPoolExecutor$Worker.run(ThreadPoolExecutor.java:624)
	at java.lang.Thread.run(Thread.java:748)
Caused by: org.apache.hadoop.hdds.scm.container.common.helpers.StorageContainerException: ContainerID 7 creation failed
	at org.apache.hadoop.hdds.scm.storage.ContainerProtocolCalls.validateContainerResponse(ContainerProtocolCalls.java:536)
	at org.apache.hadoop.hdds.scm.storage.BlockOutputStream.validateResponse(BlockOutputStream.java:529)
	... 7 more
</error>
    <system-out><![CDATA[2019-08-01 16:27:25,301 WARN  server.ServerUtils (ServerUtils.java:getScmDbDir(145)) - ozone.scm.db.dirs is not configured. We recommend adding this setting. Falling back to ozone.metadata.dirs instead.
2019-08-01 16:27:25,316 WARN  server.ServerUtils (ServerUtils.java:getScmDbDir(145)) - ozone.scm.db.dirs is not configured. We recommend adding this setting. Falling back to ozone.metadata.dirs instead.
2019-08-01 16:27:25,317 WARN  server.ServerUtils (ServerUtils.java:getScmDbDir(145)) - ozone.scm.db.dirs is not configured. We recommend adding this setting. Falling back to ozone.metadata.dirs instead.
2019-08-01 16:27:25,317 INFO  db.DBStoreBuilder (DBStoreBuilder.java:addTable(110)) - using custom profile for table: deletedBlocks
2019-08-01 16:27:25,317 INFO  db.DBStoreBuilder (DBStoreBuilder.java:processTables(161)) - Using default column profile:DBProfile.DISK for Table:deletedBlocks
2019-08-01 16:27:25,318 INFO  db.DBStoreBuilder (DBStoreBuilder.java:addTable(110)) - using custom profile for table: validCerts
2019-08-01 16:27:25,318 INFO  db.DBStoreBuilder (DBStoreBuilder.java:processTables(161)) - Using default column profile:DBProfile.DISK for Table:validCerts
2019-08-01 16:27:25,318 INFO  db.DBStoreBuilder (DBStoreBuilder.java:addTable(110)) - using custom profile for table: revokedCerts
2019-08-01 16:27:25,319 INFO  db.DBStoreBuilder (DBStoreBuilder.java:processTables(161)) - Using default column profile:DBProfile.DISK for Table:revokedCerts
2019-08-01 16:27:25,319 INFO  db.DBStoreBuilder (DBStoreBuilder.java:addTable(110)) - using custom profile for table: default
2019-08-01 16:27:25,319 INFO  db.DBStoreBuilder (DBStoreBuilder.java:processTables(167)) - Using default column profile:DBProfile.DISK for Table:default
2019-08-01 16:27:25,319 INFO  db.DBStoreBuilder (DBStoreBuilder.java:getDbProfile(198)) - Using default options. DBProfile.DISK
2019-08-01 16:27:25,470 INFO  net.NodeSchemaLoader (NodeSchemaLoader.java:loadSchemaFromFile(125)) - Loading file from sun.misc.CompoundEnumeration@45a69ab5
2019-08-01 16:27:25,470 INFO  net.NodeSchemaLoader (NodeSchemaLoader.java:loadSchema(171)) - Loading network topology layer schema file
2019-08-01 16:27:25,476 INFO  node.SCMNodeManager (SCMNodeManager.java:<init>(121)) - Entering startup safe mode.
2019-08-01 16:27:25,477 WARN  server.ServerUtils (ServerUtils.java:getScmDbDir(145)) - ozone.scm.db.dirs is not configured. We recommend adding this setting. Falling back to ozone.metadata.dirs instead.
2019-08-01 16:27:25,502 INFO  pipeline.SCMPipelineManager (SCMPipelineManager.java:initializePipelineState(126)) - No pipeline exists in current db
2019-08-01 16:27:25,503 WARN  server.ServerUtils (ServerUtils.java:getScmDbDir(145)) - ozone.scm.db.dirs is not configured. We recommend adding this setting. Falling back to ozone.metadata.dirs instead.
2019-08-01 16:27:25,529 WARN  events.EventQueue (EventQueue.java:fireEvent(175)) - No event handler registered for event TypedEvent{payloadType=SafeModeStatus, name='SafeModeStatus'}
2019-08-01 16:27:25,531 INFO  ipc.CallQueueManager (CallQueueManager.java:<init>(84)) - Using callQueue: class java.util.concurrent.LinkedBlockingQueue, queueCapacity: 2000, scheduler: class org.apache.hadoop.ipc.DefaultRpcScheduler, ipcBackoff: false.
2019-08-01 16:27:25,532 INFO  ipc.Server (Server.java:run(1074)) - Starting Socket Reader #1 for port 35188
2019-08-01 16:27:25,534 INFO  ipc.CallQueueManager (CallQueueManager.java:<init>(84)) - Using callQueue: class java.util.concurrent.LinkedBlockingQueue, queueCapacity: 2000, scheduler: class org.apache.hadoop.ipc.DefaultRpcScheduler, ipcBackoff: false.
2019-08-01 16:27:25,534 INFO  ipc.Server (Server.java:run(1074)) - Starting Socket Reader #1 for port 36365
2019-08-01 16:27:25,536 INFO  ipc.CallQueueManager (CallQueueManager.java:<init>(84)) - Using callQueue: class java.util.concurrent.LinkedBlockingQueue, queueCapacity: 2000, scheduler: class org.apache.hadoop.ipc.DefaultRpcScheduler, ipcBackoff: false.
2019-08-01 16:27:25,537 INFO  ipc.Server (Server.java:run(1074)) - Starting Socket Reader #1 for port 41265
2019-08-01 16:27:25,541 INFO  hdfs.DFSUtil (DFSUtil.java:httpServerTemplateForNNAndJN(1641)) - Starting Web-server for scm at: http://0.0.0.0:0
2019-08-01 16:27:25,543 INFO  server.AuthenticationFilter (AuthenticationFilter.java:constructSecretProvider(240)) - Unable to initialize FileSignerSecretProvider, falling back to use random secrets.
2019-08-01 16:27:25,545 WARN  http.HttpRequestLog (HttpRequestLog.java:getRequestLog(97)) - Jetty request log can only be enabled using Log4j
2019-08-01 16:27:25,548 INFO  http.HttpServer2 (HttpServer2.java:addGlobalFilter(975)) - Added global filter 'safety' (class=org.apache.hadoop.http.HttpServer2$QuotingInputFilter)
2019-08-01 16:27:25,549 INFO  http.HttpServer2 (HttpServer2.java:addFilter(948)) - Added filter static_user_filter (class=org.apache.hadoop.http.lib.StaticUserWebFilter$StaticUserFilter) to context scm
2019-08-01 16:27:25,549 INFO  http.HttpServer2 (HttpServer2.java:addFilter(958)) - Added filter static_user_filter (class=org.apache.hadoop.http.lib.StaticUserWebFilter$StaticUserFilter) to context logs
2019-08-01 16:27:25,549 INFO  http.HttpServer2 (HttpServer2.java:addFilter(958)) - Added filter static_user_filter (class=org.apache.hadoop.http.lib.StaticUserWebFilter$StaticUserFilter) to context static
2019-08-01 16:27:25,553 INFO  server.StorageContainerManager (StorageContainerManager.java:start(758)) - StorageContainerLocationProtocol RPC server is listening at /0.0.0.0:41265
2019-08-01 16:27:25,556 WARN  impl.MetricsConfig (MetricsConfig.java:loadFirst(134)) - Cannot locate configuration: tried hadoop-metrics2-storagecontainermanager.properties,hadoop-metrics2.properties
2019-08-01 16:27:25,557 INFO  impl.MetricsSystemImpl (MetricsSystemImpl.java:startTimer(374)) - Scheduled Metric snapshot period at 10 second(s).
2019-08-01 16:27:25,558 INFO  impl.MetricsSystemImpl (MetricsSystemImpl.java:start(191)) - StorageContainerManager metrics system started
2019-08-01 16:27:25,590 INFO  server.SCMClientProtocolServer (SCMClientProtocolServer.java:start(151)) - RPC server for Client  is listening at /0.0.0.0:41265
2019-08-01 16:27:25,590 INFO  ipc.Server (Server.java:run(1314)) - IPC Server Responder: starting
2019-08-01 16:27:25,590 INFO  ipc.Server (Server.java:run(1153)) - IPC Server listener on 41265: starting
2019-08-01 16:27:25,594 INFO  server.StorageContainerManager (StorageContainerManager.java:start(768)) - ScmBlockLocationProtocol RPC server is listening at /0.0.0.0:36365
2019-08-01 16:27:25,594 INFO  server.SCMBlockProtocolServer (SCMBlockProtocolServer.java:start(140)) - RPC server for Block Protocol is listening at /0.0.0.0:36365
2019-08-01 16:27:25,594 INFO  ipc.Server (Server.java:run(1314)) - IPC Server Responder: starting
2019-08-01 16:27:25,595 INFO  ipc.Server (Server.java:run(1153)) - IPC Server listener on 36365: starting
2019-08-01 16:27:25,598 INFO  server.StorageContainerManager (StorageContainerManager.java:start(772)) - ScmDatanodeProtocl RPC server is listening at /0.0.0.0:35188
2019-08-01 16:27:25,598 INFO  server.SCMDatanodeProtocolServer (SCMDatanodeProtocolServer.java:start(191)) - RPC server for DataNodes is listening at /0.0.0.0:35188
2019-08-01 16:27:25,599 INFO  ipc.Server (Server.java:run(1314)) - IPC Server Responder: starting
2019-08-01 16:27:25,599 INFO  ipc.Server (Server.java:run(1153)) - IPC Server listener on 35188: starting
2019-08-01 16:27:25,603 INFO  http.HttpServer2 (HttpServer2.java:bindListener(1191)) - Jetty bound to port 45243
2019-08-01 16:27:25,603 INFO  server.Server (Server.java:doStart(351)) - jetty-9.3.24.v20180605, build timestamp: 2018-06-05T17:11:56Z, git hash: 84205aa28f11a4f31f2a3b86d1bba2cc8ab69827
2019-08-01 16:27:25,605 INFO  handler.ContextHandler (ContextHandler.java:doStart(781)) - Started o.e.j.s.ServletContextHandler@2092872b{/logs,file:///workdir/hadoop-ozone/integration-test/target/log,AVAILABLE}
2019-08-01 16:27:25,606 INFO  handler.ContextHandler (ContextHandler.java:doStart(781)) - Started o.e.j.s.ServletContextHandler@36f96c4{/static,file:///workdir/hadoop-ozone/integration-test/target/test-classes/webapps/static,AVAILABLE}
2019-08-01 16:27:25,612 INFO  handler.ContextHandler (ContextHandler.java:doStart(781)) - Started o.e.j.w.WebAppContext@7d31aea7{/,file:///workdir/hadoop-ozone/integration-test/target/test-classes/webapps/scm/,AVAILABLE}{/scm}
2019-08-01 16:27:25,612 INFO  server.AbstractConnector (AbstractConnector.java:doStart(278)) - Started ServerConnector@687be2ad{HTTP/1.1,[http/1.1]}{0.0.0.0:45243}
2019-08-01 16:27:25,613 INFO  server.Server (Server.java:doStart(419)) - Started @21365ms
2019-08-01 16:27:25,614 INFO  server.BaseHttpServer (BaseHttpServer.java:updateConnectorAddress(207)) - HTTP server of SCM is listening at http://0.0.0.0:45243
2019-08-01 16:27:25,615 WARN  server.ServerUtils (ServerUtils.java:getDBPath(222)) - ozone.om.db.dirs is not configured. We recommend adding this setting. Falling back to ozone.metadata.dirs instead.
2019-08-01 16:27:25,615 INFO  util.JvmPauseMonitor (JvmPauseMonitor.java:run(188)) - Starting JVM pause monitor
2019-08-01 16:27:25,629 WARN  server.ServerUtils (ServerUtils.java:getDBPath(222)) - ozone.om.db.dirs is not configured. We recommend adding this setting. Falling back to ozone.metadata.dirs instead.
2019-08-01 16:27:25,629 WARN  server.ServerUtils (ServerUtils.java:getDBPath(222)) - ozone.om.db.dirs is not configured. We recommend adding this setting. Falling back to ozone.metadata.dirs instead.
2019-08-01 16:27:25,630 INFO  om.OzoneManager (OzoneManager.java:setOMNodeDetails(644)) - OM Service ID is not set. Setting it to the default ID: omServiceIdDefault
2019-08-01 16:27:25,630 INFO  om.OzoneManager (OzoneManager.java:setOMNodeDetails(650)) - OM Node ID is not set. Setting it to the OmStorage's OmID: 2f07944f-b7f6-416d-85e1-94e90b25f801
2019-08-01 16:27:25,630 INFO  om.OzoneManager (OzoneManager.java:loadOMHAConfigs(601)) - Found matching OM address with OMServiceId: null, OMNodeId: null, RPC Address: localhost:0 and Ratis port: 9872
2019-08-01 16:27:25,638 WARN  server.ServerUtils (ServerUtils.java:getDBPath(222)) - ozone.om.db.dirs is not configured. We recommend adding this setting. Falling back to ozone.metadata.dirs instead.
2019-08-01 16:27:25,639 INFO  db.DBStoreBuilder (DBStoreBuilder.java:addTable(110)) - using custom profile for table: userTable
2019-08-01 16:27:25,639 INFO  db.DBStoreBuilder (DBStoreBuilder.java:processTables(161)) - Using default column profile:DBProfile.DISK for Table:userTable
2019-08-01 16:27:25,639 INFO  db.DBStoreBuilder (DBStoreBuilder.java:addTable(110)) - using custom profile for table: volumeTable
2019-08-01 16:27:25,639 INFO  db.DBStoreBuilder (DBStoreBuilder.java:processTables(161)) - Using default column profile:DBProfile.DISK for Table:volumeTable
2019-08-01 16:27:25,640 INFO  db.DBStoreBuilder (DBStoreBuilder.java:addTable(110)) - using custom profile for table: bucketTable
2019-08-01 16:27:25,640 INFO  db.DBStoreBuilder (DBStoreBuilder.java:processTables(161)) - Using default column profile:DBProfile.DISK for Table:bucketTable
2019-08-01 16:27:25,640 INFO  db.DBStoreBuilder (DBStoreBuilder.java:addTable(110)) - using custom profile for table: keyTable
2019-08-01 16:27:25,640 INFO  db.DBStoreBuilder (DBStoreBuilder.java:processTables(161)) - Using default column profile:DBProfile.DISK for Table:keyTable
2019-08-01 16:27:25,641 INFO  db.DBStoreBuilder (DBStoreBuilder.java:addTable(110)) - using custom profile for table: deletedTable
2019-08-01 16:27:25,641 INFO  db.DBStoreBuilder (DBStoreBuilder.java:processTables(161)) - Using default column profile:DBProfile.DISK for Table:deletedTable
2019-08-01 16:27:25,641 INFO  db.DBStoreBuilder (DBStoreBuilder.java:addTable(110)) - using custom profile for table: openKeyTable
2019-08-01 16:27:25,641 INFO  db.DBStoreBuilder (DBStoreBuilder.java:processTables(161)) - Using default column profile:DBProfile.DISK for Table:openKeyTable
2019-08-01 16:27:25,642 INFO  db.DBStoreBuilder (DBStoreBuilder.java:addTable(110)) - using custom profile for table: s3Table
2019-08-01 16:27:25,642 INFO  db.DBStoreBuilder (DBStoreBuilder.java:processTables(161)) - Using default column profile:DBProfile.DISK for Table:s3Table
2019-08-01 16:27:25,642 INFO  db.DBStoreBuilder (DBStoreBuilder.java:addTable(110)) - using custom profile for table: multipartInfoTable
2019-08-01 16:27:25,642 INFO  db.DBStoreBuilder (DBStoreBuilder.java:processTables(161)) - Using default column profile:DBProfile.DISK for Table:multipartInfoTable
2019-08-01 16:27:25,642 INFO  db.DBStoreBuilder (DBStoreBuilder.java:addTable(110)) - using custom profile for table: dTokenTable
2019-08-01 16:27:25,643 INFO  db.DBStoreBuilder (DBStoreBuilder.java:processTables(161)) - Using default column profile:DBProfile.DISK for Table:dTokenTable
2019-08-01 16:27:25,643 INFO  db.DBStoreBuilder (DBStoreBuilder.java:addTable(110)) - using custom profile for table: s3SecretTable
2019-08-01 16:27:25,643 INFO  db.DBStoreBuilder (DBStoreBuilder.java:processTables(161)) - Using default column profile:DBProfile.DISK for Table:s3SecretTable
2019-08-01 16:27:25,643 INFO  db.DBStoreBuilder (DBStoreBuilder.java:addTable(110)) - using custom profile for table: prefixTable
2019-08-01 16:27:25,643 INFO  db.DBStoreBuilder (DBStoreBuilder.java:processTables(161)) - Using default column profile:DBProfile.DISK for Table:prefixTable
2019-08-01 16:27:25,644 INFO  db.DBStoreBuilder (DBStoreBuilder.java:addTable(110)) - using custom profile for table: default
2019-08-01 16:27:25,644 INFO  db.DBStoreBuilder (DBStoreBuilder.java:processTables(167)) - Using default column profile:DBProfile.DISK for Table:default
2019-08-01 16:27:25,644 INFO  db.DBStoreBuilder (DBStoreBuilder.java:getDbProfile(198)) - Using default options. DBProfile.DISK
2019-08-01 16:27:26,099 INFO  ipc.CallQueueManager (CallQueueManager.java:<init>(84)) - Using callQueue: class java.util.concurrent.LinkedBlockingQueue, queueCapacity: 2000, scheduler: class org.apache.hadoop.ipc.DefaultRpcScheduler, ipcBackoff: false.
2019-08-01 16:27:26,100 INFO  ipc.Server (Server.java:run(1074)) - Starting Socket Reader #1 for port 37138
2019-08-01 16:27:26,117 INFO  om.OzoneManager (OzoneManager.java:start(1255)) - OzoneManager RPC server is listening at localhost/127.0.0.1:37138
2019-08-01 16:27:26,117 INFO  impl.MetricsSystemImpl (MetricsSystemImpl.java:init(158)) - OzoneManager metrics system started (again)
2019-08-01 16:27:26,118 INFO  ipc.Server (Server.java:run(1314)) - IPC Server Responder: starting
2019-08-01 16:27:26,118 INFO  ipc.Server (Server.java:run(1153)) - IPC Server listener on 37138: starting
2019-08-01 16:27:26,123 INFO  hdfs.DFSUtil (DFSUtil.java:httpServerTemplateForNNAndJN(1641)) - Starting Web-server for ozoneManager at: http://0.0.0.0:0
2019-08-01 16:27:26,124 INFO  server.AuthenticationFilter (AuthenticationFilter.java:constructSecretProvider(240)) - Unable to initialize FileSignerSecretProvider, falling back to use random secrets.
2019-08-01 16:27:26,125 WARN  http.HttpRequestLog (HttpRequestLog.java:getRequestLog(97)) - Jetty request log can only be enabled using Log4j
2019-08-01 16:27:26,126 INFO  http.HttpServer2 (HttpServer2.java:addGlobalFilter(975)) - Added global filter 'safety' (class=org.apache.hadoop.http.HttpServer2$QuotingInputFilter)
2019-08-01 16:27:26,127 INFO  http.HttpServer2 (HttpServer2.java:addFilter(948)) - Added filter static_user_filter (class=org.apache.hadoop.http.lib.StaticUserWebFilter$StaticUserFilter) to context ozoneManager
2019-08-01 16:27:26,127 INFO  http.HttpServer2 (HttpServer2.java:addFilter(958)) - Added filter static_user_filter (class=org.apache.hadoop.http.lib.StaticUserWebFilter$StaticUserFilter) to context logs
2019-08-01 16:27:26,127 INFO  http.HttpServer2 (HttpServer2.java:addFilter(958)) - Added filter static_user_filter (class=org.apache.hadoop.http.lib.StaticUserWebFilter$StaticUserFilter) to context static
2019-08-01 16:27:26,128 INFO  http.HttpServer2 (HttpServer2.java:bindListener(1191)) - Jetty bound to port 45113
2019-08-01 16:27:26,128 INFO  server.Server (Server.java:doStart(351)) - jetty-9.3.24.v20180605, build timestamp: 2018-06-05T17:11:56Z, git hash: 84205aa28f11a4f31f2a3b86d1bba2cc8ab69827
2019-08-01 16:27:26,131 INFO  handler.ContextHandler (ContextHandler.java:doStart(781)) - Started o.e.j.s.ServletContextHandler@71896c1f{/logs,file:///workdir/hadoop-ozone/integration-test/target/log,AVAILABLE}
2019-08-01 16:27:26,132 INFO  handler.ContextHandler (ContextHandler.java:doStart(781)) - Started o.e.j.s.ServletContextHandler@5ff8f595{/static,file:///workdir/hadoop-ozone/integration-test/target/test-classes/webapps/static,AVAILABLE}
2019-08-01 16:27:26,137 INFO  handler.ContextHandler (ContextHandler.java:doStart(781)) - Started o.e.j.w.WebAppContext@5861b07f{/,file:///workdir/hadoop-ozone/integration-test/target/test-classes/webapps/ozoneManager/,AVAILABLE}{/ozoneManager}
2019-08-01 16:27:26,137 INFO  server.AbstractConnector (AbstractConnector.java:doStart(278)) - Started ServerConnector@3563690b{HTTP/1.1,[http/1.1]}{0.0.0.0:45113}
2019-08-01 16:27:26,138 INFO  server.Server (Server.java:doStart(419)) - Started @21890ms
2019-08-01 16:27:26,139 INFO  server.BaseHttpServer (BaseHttpServer.java:updateConnectorAddress(207)) - HTTP server of OZONEMANAGER is listening at http://0.0.0.0:45113
2019-08-01 16:27:26,161 INFO  impl.MetricsSystemImpl (MetricsSystemImpl.java:init(158)) - HddsDatanode metrics system started (again)
2019-08-01 16:27:26,164 INFO  ozone.HddsDatanodeService (HddsDatanodeService.java:start(184)) - HddsDatanodeService host:byscane-nightly-hwqnr-1260472869 ip:192.168.157.209
2019-08-01 16:27:26,176 INFO  volume.HddsVolume (HddsVolume.java:<init>(176)) - Creating Volume: /workdir/hadoop-ozone/integration-test/target/test-dir/MiniOzoneClusterImpl-cf4ed9f9-ff38-4018-ae5f-b33827db3a88/datanode-0/data/containers/hdds of  storage type : DISK and capacity : 52710309888
2019-08-01 16:27:26,177 INFO  volume.VolumeSet (VolumeSet.java:initializeVolumeSet(170)) - Added Volume : /workdir/hadoop-ozone/integration-test/target/test-dir/MiniOzoneClusterImpl-cf4ed9f9-ff38-4018-ae5f-b33827db3a88/datanode-0/data/containers/hdds to VolumeSet
2019-08-01 16:27:26,178 INFO  volume.ThrottledAsyncChecker (ThrottledAsyncChecker.java:schedule(140)) - Scheduling a check for org.apache.hadoop.ozone.container.common.volume.HddsVolume@1912a4da
2019-08-01 16:27:26,179 INFO  volume.HddsVolumeChecker (HddsVolumeChecker.java:checkAllVolumes(203)) - Scheduled health check for volume org.apache.hadoop.ozone.container.common.volume.HddsVolume@1912a4da
2019-08-01 16:27:26,203 INFO  impl.RaftServerProxy (ConfUtils.java:logGet(43)) - raft.rpc.type = GRPC (default)
2019-08-01 16:27:26,203 INFO  grpc.GrpcFactory (GrpcFactory.java:checkPooledByteBufAllocatorUseCacheForAllThreads(45)) - PERFORMANCE WARNING: useCacheForAllThreads is true that may cause Netty to create a lot garbage objects and, as a result, trigger GC.
	It is recommended to disable useCacheForAllThreads by setting -Dorg.apache.ratis.thirdparty.io.netty.allocator.useCacheForAllThreads=false in command line.
2019-08-01 16:27:26,204 INFO  grpc.GrpcConfigKeys$Server (ConfUtils.java:logGet(43)) - raft.grpc.server.port = 0 (default)
2019-08-01 16:27:26,205 INFO  server.GrpcService (ConfUtils.java:logGet(43)) - raft.grpc.message.size.max = 33570816 (custom)
2019-08-01 16:27:26,205 INFO  server.RaftServerConfigKeys (ConfUtils.java:logGet(43)) - raft.server.log.appender.buffer.byte-limit = 33554432 (custom)
2019-08-01 16:27:26,205 INFO  server.GrpcService (ConfUtils.java:logGet(43)) - raft.grpc.flow.control.window = 1MB (=1048576) (default)
2019-08-01 16:27:26,205 INFO  server.RaftServerConfigKeys (ConfUtils.java:logGet(43)) - raft.server.rpc.request.timeout = 3000ms (default)
2019-08-01 16:27:26,206 INFO  server.RaftServerConfigKeys (ConfUtils.java:logGet(43)) - raft.server.storage.dir = [/workdir/hadoop-ozone/integration-test/target/test-dir/MiniOzoneClusterImpl-cf4ed9f9-ff38-4018-ae5f-b33827db3a88/datanode-0/data/ratis] (custom)
2019-08-01 16:27:26,207 INFO  replication.SimpleContainerDownloader (SimpleContainerDownloader.java:<init>(72)) - Starting container downloader service to copy containers to replicate.
2019-08-01 16:27:26,208 INFO  hdfs.DFSUtil (DFSUtil.java:httpServerTemplateForNNAndJN(1641)) - Starting Web-server for hddsDatanode at: http://0.0.0.0:0
2019-08-01 16:27:26,210 INFO  server.AuthenticationFilter (AuthenticationFilter.java:constructSecretProvider(240)) - Unable to initialize FileSignerSecretProvider, falling back to use random secrets.
2019-08-01 16:27:26,210 WARN  http.HttpRequestLog (HttpRequestLog.java:getRequestLog(97)) - Jetty request log can only be enabled using Log4j
2019-08-01 16:27:26,212 INFO  http.HttpServer2 (HttpServer2.java:addGlobalFilter(975)) - Added global filter 'safety' (class=org.apache.hadoop.http.HttpServer2$QuotingInputFilter)
2019-08-01 16:27:26,213 INFO  http.HttpServer2 (HttpServer2.java:addFilter(948)) - Added filter static_user_filter (class=org.apache.hadoop.http.lib.StaticUserWebFilter$StaticUserFilter) to context hddsDatanode
2019-08-01 16:27:26,213 INFO  http.HttpServer2 (HttpServer2.java:addFilter(958)) - Added filter static_user_filter (class=org.apache.hadoop.http.lib.StaticUserWebFilter$StaticUserFilter) to context logs
2019-08-01 16:27:26,213 INFO  http.HttpServer2 (HttpServer2.java:addFilter(958)) - Added filter static_user_filter (class=org.apache.hadoop.http.lib.StaticUserWebFilter$StaticUserFilter) to context static
2019-08-01 16:27:26,214 INFO  http.HttpServer2 (HttpServer2.java:bindListener(1191)) - Jetty bound to port 39782
2019-08-01 16:27:26,214 INFO  server.Server (Server.java:doStart(351)) - jetty-9.3.24.v20180605, build timestamp: 2018-06-05T17:11:56Z, git hash: 84205aa28f11a4f31f2a3b86d1bba2cc8ab69827
2019-08-01 16:27:26,216 INFO  handler.ContextHandler (ContextHandler.java:doStart(781)) - Started o.e.j.s.ServletContextHandler@175361e7{/logs,file:///workdir/hadoop-ozone/integration-test/target/log,AVAILABLE}
2019-08-01 16:27:26,217 INFO  handler.ContextHandler (ContextHandler.java:doStart(781)) - Started o.e.j.s.ServletContextHandler@3ae140e4{/static,jar:file:/home/user/.m2/repository/org/apache/hadoop/hadoop-hdds-container-service/0.4.1-SNAPSHOT/hadoop-hdds-container-service-0.4.1-SNAPSHOT.jar!/webapps/static,AVAILABLE}
2019-08-01 16:27:26,255 INFO  handler.ContextHandler (ContextHandler.java:doStart(781)) - Started o.e.j.w.WebAppContext@3e934914{/,file:///tmp/jetty-0.0.0.0-39782-hddsDatanode-_-any-1842224264182903874.dir/webapp/,AVAILABLE}{/hddsDatanode}
2019-08-01 16:27:26,256 INFO  server.AbstractConnector (AbstractConnector.java:doStart(278)) - Started ServerConnector@66835d3f{HTTP/1.1,[http/1.1]}{0.0.0.0:39782}
2019-08-01 16:27:26,256 INFO  server.Server (Server.java:doStart(419)) - Started @22008ms
2019-08-01 16:27:26,257 INFO  server.BaseHttpServer (BaseHttpServer.java:updateConnectorAddress(207)) - HTTP server of HDDSDATANODE is listening at http://0.0.0.0:39782
2019-08-01 16:27:26,407 INFO  ozone.HddsDatanodeService (HddsDatanodeService.java:startPlugins(395)) - Started plug-in org.apache.hadoop.ozone.web.OzoneHddsDatanodeService@182f7aec
2019-08-01 16:27:26,407 INFO  ozone.MiniOzoneClusterImpl (MiniOzoneClusterImpl.java:lambda$waitForClusterToBeReady$0(142)) - Waiting for cluster to be ready. Got 0 of 1 DN Heartbeats.
2019-08-01 16:27:26,410 INFO  util.JvmPauseMonitor (JvmPauseMonitor.java:run(188)) - Starting JVM pause monitor
2019-08-01 16:27:26,416 INFO  datanode.InitDatanodeState (InitDatanodeState.java:persistContainerDatanodeDetails(140)) - DatanodeDetails is persisted to /workdir/hadoop-ozone/integration-test/target/test-dir/MiniOzoneClusterImpl-cf4ed9f9-ff38-4018-ae5f-b33827db3a88/datanode-0/meta/datanode.id
2019-08-01 16:27:27,407 INFO  ozone.MiniOzoneClusterImpl (MiniOzoneClusterImpl.java:lambda$waitForClusterToBeReady$0(142)) - Waiting for cluster to be ready. Got 0 of 1 DN Heartbeats.
2019-08-01 16:27:28,408 INFO  ozone.MiniOzoneClusterImpl (MiniOzoneClusterImpl.java:lambda$waitForClusterToBeReady$0(142)) - Waiting for cluster to be ready. Got 0 of 1 DN Heartbeats.
2019-08-01 16:27:28,433 INFO  ozoneimpl.OzoneContainer (OzoneContainer.java:start(186)) - Attempting to start container services.
2019-08-01 16:27:28,435 INFO  ozoneimpl.OzoneContainer (OzoneContainer.java:startContainerScrub(160)) - Background container scrubber has been disabled by hdds.containerscrub.enabled
2019-08-01 16:27:28,435 INFO  ratis.XceiverServerRatis (XceiverServerRatis.java:start(404)) - Starting XceiverServerRatis fba17eee-f55e-4b8f-8657-3fe42f21541c at port 0
2019-08-01 16:27:28,444 INFO  impl.RaftServerProxy (RaftServerProxy.java:lambda$start$3(299)) - fba17eee-f55e-4b8f-8657-3fe42f21541c: start RPC server
2019-08-01 16:27:28,447 INFO  server.GrpcService (GrpcService.java:startImpl(149)) - fba17eee-f55e-4b8f-8657-3fe42f21541c: GrpcService started, listening on 0.0.0.0/0.0.0.0:32948
2019-08-01 16:27:28,447 INFO  ratis.XceiverServerRatis (XceiverServerRatis.java:start(414)) - XceiverServerRatis fba17eee-f55e-4b8f-8657-3fe42f21541c is started using port 32948
2019-08-01 16:27:28,449 INFO  server.XceiverServerGrpc (XceiverServerGrpc.java:start(161)) - XceiverServerGrpc fba17eee-f55e-4b8f-8657-3fe42f21541c is started using port 46312
2019-08-01 16:27:29,409 INFO  ozone.MiniOzoneClusterImpl (MiniOzoneClusterImpl.java:lambda$waitForClusterToBeReady$0(142)) - Waiting for cluster to be ready. Got 0 of 1 DN Heartbeats.
2019-08-01 16:27:30,409 INFO  ozone.MiniOzoneClusterImpl (MiniOzoneClusterImpl.java:lambda$waitForClusterToBeReady$0(142)) - Waiting for cluster to be ready. Got 0 of 1 DN Heartbeats.
2019-08-01 16:27:30,413 INFO  net.NetworkTopology (NetworkTopologyImpl.java:add(110)) - Added a new node: /default-rack/fba17eee-f55e-4b8f-8657-3fe42f21541c
2019-08-01 16:27:30,414 INFO  node.SCMNodeManager (SCMNodeManager.java:register(273)) - Registered Data node : fba17eee-f55e-4b8f-8657-3fe42f21541c{ip: 192.168.157.209, host: byscane-nightly-hwqnr-1260472869, networkLocation: /default-rack, certSerialId: null}
2019-08-01 16:27:30,417 INFO  safemode.SCMSafeModeManager (DataNodeSafeModeRule.java:process(71)) - SCM in safe mode. 1 DataNodes registered, 1 required.
2019-08-01 16:27:30,418 INFO  safemode.SCMSafeModeManager (SCMSafeModeManager.java:validateSafeModeExitRules(177)) - ScmSafeModeManager, all rules are successfully validated
2019-08-01 16:27:30,418 INFO  safemode.SCMSafeModeManager (SCMSafeModeManager.java:exitSafeMode(193)) - SCM exiting safe mode.
2019-08-01 16:27:30,434 INFO  impl.RaftServerProxy (RaftServerProxy.java:addNew(89)) - fba17eee-f55e-4b8f-8657-3fe42f21541c: addNew group-277CB5DFBA70:[fba17eee-f55e-4b8f-8657-3fe42f21541c:192.168.157.209:32948] returns group-277CB5DFBA70:java.util.concurrent.CompletableFuture@a231118[Not completed]
2019-08-01 16:27:30,436 INFO  impl.RaftServerImpl (RaftServerImpl.java:<init>(93)) - fba17eee-f55e-4b8f-8657-3fe42f21541c: new RaftServerImpl for group-277CB5DFBA70:[fba17eee-f55e-4b8f-8657-3fe42f21541c:192.168.157.209:32948] with ContainerStateMachine:uninitialized
2019-08-01 16:27:30,437 INFO  server.RaftServerConfigKeys (ConfUtils.java:logGet(43)) - raft.server.rpc.timeout.min = 5s (custom)
2019-08-01 16:27:30,437 INFO  server.RaftServerConfigKeys (ConfUtils.java:logGet(43)) - raft.server.rpc.timeout.max = 5200ms (custom)
2019-08-01 16:27:30,437 INFO  server.RaftServerConfigKeys (ConfUtils.java:logGet(43)) - raft.server.rpcslowness.timeout = 120s (custom)
2019-08-01 16:27:30,438 INFO  server.RaftServerConfigKeys (ConfUtils.java:logGet(43)) - raft.server.sleep.deviation.threshold = 300 (default)
2019-08-01 16:27:30,438 INFO  server.RaftServerConfigKeys (ConfUtils.java:logGet(43)) - raft.server.log.appender.install.snapshot.enabled = false (custom)
2019-08-01 16:27:30,438 INFO  impl.RaftServerImpl (ServerState.java:<init>(105)) - fba17eee-f55e-4b8f-8657-3fe42f21541c:group-277CB5DFBA70 ConfigurationManager, init=-1: [fba17eee-f55e-4b8f-8657-3fe42f21541c:192.168.157.209:32948], old=null, confs=<EMPTY_MAP>
2019-08-01 16:27:30,438 INFO  server.RaftServerConfigKeys (ConfUtils.java:logGet(43)) - raft.server.storage.dir = [/workdir/hadoop-ozone/integration-test/target/test-dir/MiniOzoneClusterImpl-cf4ed9f9-ff38-4018-ae5f-b33827db3a88/datanode-0/data/ratis] (custom)
2019-08-01 16:27:30,439 INFO  storage.RaftStorageDirectory (RaftStorageDirectory.java:analyzeStorage(246)) - The storage directory /workdir/hadoop-ozone/integration-test/target/test-dir/MiniOzoneClusterImpl-cf4ed9f9-ff38-4018-ae5f-b33827db3a88/datanode-0/data/ratis/25eaeed5-aa3f-48d0-a438-277cb5dfba70 does not exist. Creating ...
2019-08-01 16:27:30,453 INFO  storage.RaftStorageDirectory (RaftStorageDirectory.java:tryLock(328)) - Lock on /workdir/hadoop-ozone/integration-test/target/test-dir/MiniOzoneClusterImpl-cf4ed9f9-ff38-4018-ae5f-b33827db3a88/datanode-0/data/ratis/25eaeed5-aa3f-48d0-a438-277cb5dfba70/in_use.lock acquired by nodename 5776@byscane-nightly-hwqnr-1260472869
2019-08-01 16:27:30,467 INFO  storage.RaftStorage (RaftStorage.java:format(72)) - Storage directory /workdir/hadoop-ozone/integration-test/target/test-dir/MiniOzoneClusterImpl-cf4ed9f9-ff38-4018-ae5f-b33827db3a88/datanode-0/data/ratis/25eaeed5-aa3f-48d0-a438-277cb5dfba70 has been successfully formatted.
2019-08-01 16:27:30,467 INFO  ratis.ContainerStateMachine (ContainerStateMachine.java:loadSnapshot(213)) - group-277CB5DFBA70: The snapshot info is null. Setting the last applied indexto:(t:0, i:~)
2019-08-01 16:27:30,467 INFO  server.RaftServerConfigKeys (ConfUtils.java:logGet(43)) - raft.server.leader.election.timeout = 120s (custom)
2019-08-01 16:27:30,468 INFO  server.RaftServerConfigKeys (ConfUtils.java:logGet(43)) - raft.server.log.use.memory = false (default)
2019-08-01 16:27:30,468 INFO  server.RaftServerConfigKeys (ConfUtils.java:logGet(43)) - raft.server.log.purge.gap = 1000000000 (custom)
2019-08-01 16:27:30,468 INFO  server.RaftServerConfigKeys (ConfUtils.java:logGet(43)) - raft.server.log.appender.buffer.byte-limit = 33554432 (custom)
2019-08-01 16:27:30,468 INFO  server.RaftServerConfigKeys (ConfUtils.java:logGet(43)) - raft.server.log.segment.size.max = 1048576 (custom)
2019-08-01 16:27:30,468 INFO  server.RaftServerConfigKeys (ConfUtils.java:logGet(43)) - raft.server.log.segment.cache.num.max = 2 (custom)
2019-08-01 16:27:30,469 INFO  segmented.SegmentedRaftLogWorker (SegmentedRaftLogWorker.java:<init>(172)) - new fba17eee-f55e-4b8f-8657-3fe42f21541c-SegmentedRaftLogWorker:Storage Directory /workdir/hadoop-ozone/integration-test/target/test-dir/MiniOzoneClusterImpl-cf4ed9f9-ff38-4018-ae5f-b33827db3a88/datanode-0/data/ratis/25eaeed5-aa3f-48d0-a438-277cb5dfba70 for RaftStorage:Storage Directory /workdir/hadoop-ozone/integration-test/target/test-dir/MiniOzoneClusterImpl-cf4ed9f9-ff38-4018-ae5f-b33827db3a88/datanode-0/data/ratis/25eaeed5-aa3f-48d0-a438-277cb5dfba70
2019-08-01 16:27:30,469 INFO  server.RaftServerConfigKeys (ConfUtils.java:logGet(43)) - raft.server.log.queue.byte-limit = 2147483647 (custom)
2019-08-01 16:27:30,469 INFO  server.RaftServerConfigKeys (ConfUtils.java:logGet(43)) - raft.server.log.queue.element-limit = 1024 (custom)
2019-08-01 16:27:30,469 INFO  server.RaftServerConfigKeys (ConfUtils.java:logGet(43)) - raft.server.log.segment.size.max = 1048576 (custom)
2019-08-01 16:27:30,470 INFO  server.RaftServerConfigKeys (ConfUtils.java:logGet(43)) - raft.server.log.preallocated.size = 16384 (custom)
2019-08-01 16:27:30,470 INFO  server.RaftServerConfigKeys (ConfUtils.java:logGet(43)) - raft.server.log.write.buffer.size = 33554432 (custom)
2019-08-01 16:27:30,470 INFO  server.RaftServerConfigKeys (ConfUtils.java:logGet(43)) - raft.server.log.force.sync.num = 128 (default)
2019-08-01 16:27:30,470 INFO  server.RaftServerConfigKeys (ConfUtils.java:logGet(43)) - raft.server.log.statemachine.data.sync = true (default)
2019-08-01 16:27:30,471 INFO  server.RaftServerConfigKeys (ConfUtils.java:logGet(43)) - raft.server.log.statemachine.data.sync.timeout = 10s (default)
2019-08-01 16:27:30,471 INFO  server.RaftServerConfigKeys (ConfUtils.java:logGet(43)) - raft.server.log.statemachine.data.sync.timeout.retry = -1 (default)
2019-08-01 16:27:30,471 INFO  server.RaftServerConfigKeys (ConfUtils.java:logGet(43)) - raft.server.log.statemachine.data.caching.enabled = true (custom)
2019-08-01 16:27:30,472 INFO  segmented.SegmentedRaftLogWorker (SegmentedRaftLogWorker.java:lambda$new$0(132)) - fba17eee-f55e-4b8f-8657-3fe42f21541c-SegmentedRaftLogWorker:Storage Directory /workdir/hadoop-ozone/integration-test/target/test-dir/MiniOzoneClusterImpl-cf4ed9f9-ff38-4018-ae5f-b33827db3a88/datanode-0/data/ratis/25eaeed5-aa3f-48d0-a438-277cb5dfba70: flushIndex: setUnconditionally 0 -> -1
2019-08-01 16:27:30,472 INFO  server.RaftServerConfigKeys (ConfUtils.java:logGet(43)) - raft.server.snapshot.auto.trigger.enabled = true (custom)
2019-08-01 16:27:30,472 INFO  server.RaftServerConfigKeys (ConfUtils.java:logGet(43)) - raft.server.snapshot.auto.trigger.threshold = 10000 (custom)
2019-08-01 16:27:30,472 INFO  server.RaftServerConfigKeys (ConfUtils.java:logGet(43)) - raft.server.retrycache.expirytime = 600000ms (custom)
2019-08-01 16:27:30,473 INFO  impl.RaftServerImpl (RaftServerImpl.java:start(180)) - fba17eee-f55e-4b8f-8657-3fe42f21541c: start group-277CB5DFBA70
2019-08-01 16:27:30,473 INFO  impl.RaftServerImpl (RaftServerImpl.java:setRole(171)) - fba17eee-f55e-4b8f-8657-3fe42f21541c:group-277CB5DFBA70 changes role from null to FOLLOWER at term 0 for startAsFollower
2019-08-01 16:27:30,473 INFO  impl.RoleInfo (RoleInfo.java:updateAndGet(143)) - fba17eee-f55e-4b8f-8657-3fe42f21541c: start FollowerState
2019-08-01 16:27:30,474 INFO  util.JmxRegister (JmxRegister.java:tryRegister(44)) - Successfully registered JMX Bean with object name Ratis:service=RaftServer,group=group-277CB5DFBA70,id=fba17eee-f55e-4b8f-8657-3fe42f21541c
2019-08-01 16:27:30,483 INFO  pipeline.PipelineStateManager (PipelineStateManager.java:addPipeline(56)) - Created pipeline Pipeline[ Id: 25eaeed5-aa3f-48d0-a438-277cb5dfba70, Nodes: fba17eee-f55e-4b8f-8657-3fe42f21541c{ip: 192.168.157.209, host: byscane-nightly-hwqnr-1260472869, networkLocation: /default-rack, certSerialId: null}, Type:RATIS, Factor:ONE, State:OPEN]
2019-08-01 16:27:31,410 INFO  ozone.MiniOzoneClusterImpl (MiniOzoneClusterImpl.java:lambda$waitForClusterToBeReady$0(142)) - Cluster is ready. Got 1 of 1 DN Heartbeats.
2019-08-01 16:27:31,596 INFO  pipeline.PipelineStateManager (PipelineStateManager.java:addPipeline(56)) - Created pipeline Pipeline[ Id: a37b8499-6695-4c32-8eea-6f2656ca5be2, Nodes: fba17eee-f55e-4b8f-8657-3fe42f21541c{ip: 192.168.157.209, host: byscane-nightly-hwqnr-1260472869, networkLocation: /default-rack, certSerialId: null}, Type:STAND_ALONE, Factor:ONE, State:OPEN]
2019-08-01 16:27:32,507 INFO  keyvalue.KeyValueHandler (ContainerUtils.java:logAndReturnError(146)) - Operation: CreateContainer : Trace ID: 690fa5a2557b0940:690fa5a2557b0940:0:0 : Message: Container creation failed, due to disk out of space : Result: DISK_OUT_OF_SPACE
16:27:32.510 [grpc-default-executor-0] ERROR DNAudit - user=null | ip=null | op=WRITE_CHUNK {blockData=conID: 7 locID: 102542662198558743 bcsId: 0} | ret=FAILURE
org.apache.hadoop.hdds.scm.container.common.helpers.StorageContainerException: ContainerID 7 creation failed
	at org.apache.hadoop.ozone.container.common.impl.HddsDispatcher.dispatchRequest(HddsDispatcher.java:227) [hadoop-hdds-container-service-0.4.1-SNAPSHOT.jar:?]
	at org.apache.hadoop.ozone.container.common.impl.HddsDispatcher.dispatch(HddsDispatcher.java:148) [hadoop-hdds-container-service-0.4.1-SNAPSHOT.jar:?]
	at org.apache.hadoop.ozone.container.common.transport.server.GrpcXceiverService$1.onNext(GrpcXceiverService.java:73) [hadoop-hdds-container-service-0.4.1-SNAPSHOT.jar:?]
	at org.apache.hadoop.ozone.container.common.transport.server.GrpcXceiverService$1.onNext(GrpcXceiverService.java:61) [hadoop-hdds-container-service-0.4.1-SNAPSHOT.jar:?]
	at org.apache.ratis.thirdparty.io.grpc.stub.ServerCalls$StreamingServerCallHandler$StreamingServerCallListener.onMessage(ServerCalls.java:248) [ratis-thirdparty-misc-0.2.0.jar:0.2.0]
	at org.apache.ratis.thirdparty.io.grpc.ForwardingServerCallListener.onMessage(ForwardingServerCallListener.java:33) [ratis-thirdparty-misc-0.2.0.jar:0.2.0]
	at org.apache.ratis.thirdparty.io.grpc.Contexts$ContextualizedServerCallListener.onMessage(Contexts.java:76) [ratis-thirdparty-misc-0.2.0.jar:0.2.0]
	at org.apache.ratis.thirdparty.io.grpc.ForwardingServerCallListener.onMessage(ForwardingServerCallListener.java:33) [ratis-thirdparty-misc-0.2.0.jar:0.2.0]
	at org.apache.hadoop.hdds.tracing.GrpcServerInterceptor$1.onMessage(GrpcServerInterceptor.java:46) [hadoop-hdds-common-0.4.1-SNAPSHOT.jar:?]
	at org.apache.ratis.thirdparty.io.grpc.internal.ServerCallImpl$ServerStreamListenerImpl.messagesAvailable(ServerCallImpl.java:263) [ratis-thirdparty-misc-0.2.0.jar:0.2.0]
	at org.apache.ratis.thirdparty.io.grpc.internal.ServerImpl$JumpToApplicationThreadServerStreamListener$1MessagesAvailable.runInContext(ServerImpl.java:686) [ratis-thirdparty-misc-0.2.0.jar:0.2.0]
	at org.apache.ratis.thirdparty.io.grpc.internal.ContextRunnable.run(ContextRunnable.java:37) [ratis-thirdparty-misc-0.2.0.jar:0.2.0]
	at org.apache.ratis.thirdparty.io.grpc.internal.SerializingExecutor.run(SerializingExecutor.java:123) [ratis-thirdparty-misc-0.2.0.jar:0.2.0]
	at java.util.concurrent.ThreadPoolExecutor.runWorker(ThreadPoolExecutor.java:1149) [?:1.8.0_212]
	at java.util.concurrent.ThreadPoolExecutor$Worker.run(ThreadPoolExecutor.java:624) [?:1.8.0_212]
	at java.lang.Thread.run(Thread.java:748) [?:1.8.0_212]
2019-08-01 16:27:32,527 INFO  impl.HddsDispatcher (ContainerUtils.java:logAndReturnError(146)) - Operation: WriteChunk : Trace ID: 690fa5a2557b0940:690fa5a2557b0940:0:0 : Message: ContainerID 7 creation failed : Result: DISK_OUT_OF_SPACE
2019-08-01 16:27:32,531 ERROR storage.BlockOutputStream (BlockOutputStream.java:validateResponse(531)) - Unexpected Storage Container Exception: 
org.apache.hadoop.hdds.scm.container.common.helpers.StorageContainerException: ContainerID 7 creation failed
	at org.apache.hadoop.hdds.scm.storage.ContainerProtocolCalls.validateContainerResponse(ContainerProtocolCalls.java:536)
	at org.apache.hadoop.hdds.scm.storage.BlockOutputStream.validateResponse(BlockOutputStream.java:529)
	at org.apache.hadoop.hdds.scm.storage.BlockOutputStream.lambda$writeChunkToContainer$2(BlockOutputStream.java:606)
	at java.util.concurrent.CompletableFuture.uniApply(CompletableFuture.java:602)
	at java.util.concurrent.CompletableFuture$UniApply.tryFire(CompletableFuture.java:577)
	at java.util.concurrent.CompletableFuture$Completion.run(CompletableFuture.java:442)
	at java.util.concurrent.ThreadPoolExecutor.runWorker(ThreadPoolExecutor.java:1149)
	at java.util.concurrent.ThreadPoolExecutor$Worker.run(ThreadPoolExecutor.java:624)
	at java.lang.Thread.run(Thread.java:748)
16:27:32.534 [grpc-default-executor-1] ERROR DNAudit - user=null | ip=null | op=PUT_BLOCK {blockData=[blockId=conID: 7 locID: 102542662198558743 bcsId: 0,size=5]} | ret=FAILURE
org.apache.hadoop.hdds.scm.container.common.helpers.StorageContainerException: ContainerID 7 does not exist
	at org.apache.hadoop.ozone.container.common.impl.HddsDispatcher.dispatchRequest(HddsDispatcher.java:242) [hadoop-hdds-container-service-0.4.1-SNAPSHOT.jar:?]
	at org.apache.hadoop.ozone.container.common.impl.HddsDispatcher.dispatch(HddsDispatcher.java:148) [hadoop-hdds-container-service-0.4.1-SNAPSHOT.jar:?]
	at org.apache.hadoop.ozone.container.common.transport.server.GrpcXceiverService$1.onNext(GrpcXceiverService.java:73) [hadoop-hdds-container-service-0.4.1-SNAPSHOT.jar:?]
	at org.apache.hadoop.ozone.container.common.transport.server.GrpcXceiverService$1.onNext(GrpcXceiverService.java:61) [hadoop-hdds-container-service-0.4.1-SNAPSHOT.jar:?]
	at org.apache.ratis.thirdparty.io.grpc.stub.ServerCalls$StreamingServerCallHandler$StreamingServerCallListener.onMessage(ServerCalls.java:248) [ratis-thirdparty-misc-0.2.0.jar:0.2.0]
	at org.apache.ratis.thirdparty.io.grpc.ForwardingServerCallListener.onMessage(ForwardingServerCallListener.java:33) [ratis-thirdparty-misc-0.2.0.jar:0.2.0]
	at org.apache.ratis.thirdparty.io.grpc.Contexts$ContextualizedServerCallListener.onMessage(Contexts.java:76) [ratis-thirdparty-misc-0.2.0.jar:0.2.0]
	at org.apache.ratis.thirdparty.io.grpc.ForwardingServerCallListener.onMessage(ForwardingServerCallListener.java:33) [ratis-thirdparty-misc-0.2.0.jar:0.2.0]
	at org.apache.hadoop.hdds.tracing.GrpcServerInterceptor$1.onMessage(GrpcServerInterceptor.java:46) [hadoop-hdds-common-0.4.1-SNAPSHOT.jar:?]
	at org.apache.ratis.thirdparty.io.grpc.internal.ServerCallImpl$ServerStreamListenerImpl.messagesAvailable(ServerCallImpl.java:263) [ratis-thirdparty-misc-0.2.0.jar:0.2.0]
	at org.apache.ratis.thirdparty.io.grpc.internal.ServerImpl$JumpToApplicationThreadServerStreamListener$1MessagesAvailable.runInContext(ServerImpl.java:686) [ratis-thirdparty-misc-0.2.0.jar:0.2.0]
	at org.apache.ratis.thirdparty.io.grpc.internal.ContextRunnable.run(ContextRunnable.java:37) [ratis-thirdparty-misc-0.2.0.jar:0.2.0]
	at org.apache.ratis.thirdparty.io.grpc.internal.SerializingExecutor.run(SerializingExecutor.java:123) [ratis-thirdparty-misc-0.2.0.jar:0.2.0]
	at java.util.concurrent.ThreadPoolExecutor.runWorker(ThreadPoolExecutor.java:1149) [?:1.8.0_212]
	at java.util.concurrent.ThreadPoolExecutor$Worker.run(ThreadPoolExecutor.java:624) [?:1.8.0_212]
	at java.lang.Thread.run(Thread.java:748) [?:1.8.0_212]
2019-08-01 16:27:32,535 INFO  impl.HddsDispatcher (ContainerUtils.java:logAndReturnError(146)) - Operation: PutBlock : Trace ID: c2989137ec22b4b:c2989137ec22b4b:0:0 : Message: ContainerID 7 does not exist : Result: CONTAINER_NOT_FOUND
]]></system-out>
    <system-err><![CDATA[Aug 01, 2019 4:27:26 PM com.sun.jersey.server.impl.application.WebApplicationImpl _initiate
INFO: Initiating Jersey application, version 'Jersey: 1.19 02/11/2015 03:25 AM'
Aug 01, 2019 4:27:31 PM com.sun.jersey.server.impl.application.WebApplicationImpl _initiate
INFO: Initiating Jersey application, version 'Jersey: 1.19 02/11/2015 03:25 AM'
]]></system-err>
  </testcase>
  <testcase name="testSCMReinitialization" classname="org.apache.hadoop.ozone.TestStorageContainerManager" time="11.48"/>
  <testcase name="testCloseContainerCommandOnRestart" classname="org.apache.hadoop.ozone.TestStorageContainerManager" time="7.285">
    <error message="Unexpected Storage Container Exception: org.apache.hadoop.hdds.scm.container.common.helpers.StorageContainerException: ContainerID 7 creation failed" type="java.io.IOException">java.io.IOException: Unexpected Storage Container Exception: org.apache.hadoop.hdds.scm.container.common.helpers.StorageContainerException: ContainerID 7 creation failed
	at org.apache.hadoop.hdds.scm.storage.BlockOutputStream.setIoException(BlockOutputStream.java:541)
	at org.apache.hadoop.hdds.scm.storage.BlockOutputStream.validateResponse(BlockOutputStream.java:532)
	at org.apache.hadoop.hdds.scm.storage.BlockOutputStream.lambda$writeChunkToContainer$2(BlockOutputStream.java:606)
	at java.util.concurrent.CompletableFuture.uniApply(CompletableFuture.java:602)
	at java.util.concurrent.CompletableFuture$UniApply.tryFire(CompletableFuture.java:577)
	at java.util.concurrent.CompletableFuture$Completion.run(CompletableFuture.java:442)
	at java.util.concurrent.ThreadPoolExecutor.runWorker(ThreadPoolExecutor.java:1149)
	at java.util.concurrent.ThreadPoolExecutor$Worker.run(ThreadPoolExecutor.java:624)
	at java.lang.Thread.run(Thread.java:748)
Caused by: org.apache.hadoop.hdds.scm.container.common.helpers.StorageContainerException: ContainerID 7 creation failed
	at org.apache.hadoop.hdds.scm.storage.ContainerProtocolCalls.validateContainerResponse(ContainerProtocolCalls.java:536)
	at org.apache.hadoop.hdds.scm.storage.BlockOutputStream.validateResponse(BlockOutputStream.java:529)
	... 7 more
</error>
    <system-out><![CDATA[2019-08-01 16:27:44,053 WARN  server.ServerUtils (ServerUtils.java:getScmDbDir(145)) - ozone.scm.db.dirs is not configured. We recommend adding this setting. Falling back to ozone.metadata.dirs instead.
2019-08-01 16:27:44,069 WARN  server.ServerUtils (ServerUtils.java:getScmDbDir(145)) - ozone.scm.db.dirs is not configured. We recommend adding this setting. Falling back to ozone.metadata.dirs instead.
2019-08-01 16:27:44,070 WARN  server.ServerUtils (ServerUtils.java:getScmDbDir(145)) - ozone.scm.db.dirs is not configured. We recommend adding this setting. Falling back to ozone.metadata.dirs instead.
2019-08-01 16:27:44,071 INFO  db.DBStoreBuilder (DBStoreBuilder.java:addTable(110)) - using custom profile for table: deletedBlocks
2019-08-01 16:27:44,071 INFO  db.DBStoreBuilder (DBStoreBuilder.java:processTables(161)) - Using default column profile:DBProfile.DISK for Table:deletedBlocks
2019-08-01 16:27:44,071 INFO  db.DBStoreBuilder (DBStoreBuilder.java:addTable(110)) - using custom profile for table: validCerts
2019-08-01 16:27:44,071 INFO  db.DBStoreBuilder (DBStoreBuilder.java:processTables(161)) - Using default column profile:DBProfile.DISK for Table:validCerts
2019-08-01 16:27:44,072 INFO  db.DBStoreBuilder (DBStoreBuilder.java:addTable(110)) - using custom profile for table: revokedCerts
2019-08-01 16:27:44,072 INFO  db.DBStoreBuilder (DBStoreBuilder.java:processTables(161)) - Using default column profile:DBProfile.DISK for Table:revokedCerts
2019-08-01 16:27:44,072 INFO  db.DBStoreBuilder (DBStoreBuilder.java:addTable(110)) - using custom profile for table: default
2019-08-01 16:27:44,073 INFO  db.DBStoreBuilder (DBStoreBuilder.java:processTables(167)) - Using default column profile:DBProfile.DISK for Table:default
2019-08-01 16:27:44,073 INFO  db.DBStoreBuilder (DBStoreBuilder.java:getDbProfile(198)) - Using default options. DBProfile.DISK
2019-08-01 16:27:44,227 INFO  net.NodeSchemaLoader (NodeSchemaLoader.java:loadSchemaFromFile(125)) - Loading file from sun.misc.CompoundEnumeration@335a8028
2019-08-01 16:27:44,227 INFO  net.NodeSchemaLoader (NodeSchemaLoader.java:loadSchema(171)) - Loading network topology layer schema file
2019-08-01 16:27:44,232 INFO  node.SCMNodeManager (SCMNodeManager.java:<init>(121)) - Entering startup safe mode.
2019-08-01 16:27:44,233 WARN  server.ServerUtils (ServerUtils.java:getScmDbDir(145)) - ozone.scm.db.dirs is not configured. We recommend adding this setting. Falling back to ozone.metadata.dirs instead.
2019-08-01 16:27:44,255 INFO  pipeline.SCMPipelineManager (SCMPipelineManager.java:initializePipelineState(126)) - No pipeline exists in current db
2019-08-01 16:27:44,255 WARN  server.ServerUtils (ServerUtils.java:getScmDbDir(145)) - ozone.scm.db.dirs is not configured. We recommend adding this setting. Falling back to ozone.metadata.dirs instead.
2019-08-01 16:27:44,279 WARN  events.EventQueue (EventQueue.java:fireEvent(175)) - No event handler registered for event TypedEvent{payloadType=SafeModeStatus, name='SafeModeStatus'}
2019-08-01 16:27:44,280 INFO  ipc.CallQueueManager (CallQueueManager.java:<init>(84)) - Using callQueue: class java.util.concurrent.LinkedBlockingQueue, queueCapacity: 2000, scheduler: class org.apache.hadoop.ipc.DefaultRpcScheduler, ipcBackoff: false.
2019-08-01 16:27:44,281 INFO  ipc.Server (Server.java:run(1074)) - Starting Socket Reader #1 for port 42954
2019-08-01 16:27:44,284 INFO  ipc.CallQueueManager (CallQueueManager.java:<init>(84)) - Using callQueue: class java.util.concurrent.LinkedBlockingQueue, queueCapacity: 2000, scheduler: class org.apache.hadoop.ipc.DefaultRpcScheduler, ipcBackoff: false.
2019-08-01 16:27:44,284 INFO  ipc.Server (Server.java:run(1074)) - Starting Socket Reader #1 for port 34520
2019-08-01 16:27:44,286 INFO  ipc.CallQueueManager (CallQueueManager.java:<init>(84)) - Using callQueue: class java.util.concurrent.LinkedBlockingQueue, queueCapacity: 2000, scheduler: class org.apache.hadoop.ipc.DefaultRpcScheduler, ipcBackoff: false.
2019-08-01 16:27:44,287 INFO  ipc.Server (Server.java:run(1074)) - Starting Socket Reader #1 for port 34204
2019-08-01 16:27:44,290 INFO  hdfs.DFSUtil (DFSUtil.java:httpServerTemplateForNNAndJN(1641)) - Starting Web-server for scm at: http://0.0.0.0:0
2019-08-01 16:27:44,292 INFO  server.AuthenticationFilter (AuthenticationFilter.java:constructSecretProvider(240)) - Unable to initialize FileSignerSecretProvider, falling back to use random secrets.
2019-08-01 16:27:44,293 WARN  http.HttpRequestLog (HttpRequestLog.java:getRequestLog(97)) - Jetty request log can only be enabled using Log4j
2019-08-01 16:27:44,297 INFO  http.HttpServer2 (HttpServer2.java:addGlobalFilter(975)) - Added global filter 'safety' (class=org.apache.hadoop.http.HttpServer2$QuotingInputFilter)
2019-08-01 16:27:44,298 INFO  http.HttpServer2 (HttpServer2.java:addFilter(948)) - Added filter static_user_filter (class=org.apache.hadoop.http.lib.StaticUserWebFilter$StaticUserFilter) to context scm
2019-08-01 16:27:44,298 INFO  http.HttpServer2 (HttpServer2.java:addFilter(958)) - Added filter static_user_filter (class=org.apache.hadoop.http.lib.StaticUserWebFilter$StaticUserFilter) to context logs
2019-08-01 16:27:44,298 INFO  http.HttpServer2 (HttpServer2.java:addFilter(958)) - Added filter static_user_filter (class=org.apache.hadoop.http.lib.StaticUserWebFilter$StaticUserFilter) to context static
2019-08-01 16:27:44,301 INFO  server.StorageContainerManager (StorageContainerManager.java:start(758)) - StorageContainerLocationProtocol RPC server is listening at /0.0.0.0:34204
2019-08-01 16:27:44,304 WARN  impl.MetricsConfig (MetricsConfig.java:loadFirst(134)) - Cannot locate configuration: tried hadoop-metrics2-storagecontainermanager.properties,hadoop-metrics2.properties
2019-08-01 16:27:44,306 INFO  impl.MetricsSystemImpl (MetricsSystemImpl.java:startTimer(374)) - Scheduled Metric snapshot period at 10 second(s).
2019-08-01 16:27:44,306 INFO  impl.MetricsSystemImpl (MetricsSystemImpl.java:start(191)) - StorageContainerManager metrics system started
2019-08-01 16:27:44,402 INFO  server.SCMClientProtocolServer (SCMClientProtocolServer.java:start(151)) - RPC server for Client  is listening at /0.0.0.0:34204
2019-08-01 16:27:44,403 INFO  ipc.Server (Server.java:run(1314)) - IPC Server Responder: starting
2019-08-01 16:27:44,403 INFO  ipc.Server (Server.java:run(1153)) - IPC Server listener on 34204: starting
2019-08-01 16:27:44,409 INFO  server.StorageContainerManager (StorageContainerManager.java:start(768)) - ScmBlockLocationProtocol RPC server is listening at /0.0.0.0:34520
2019-08-01 16:27:44,409 INFO  server.SCMBlockProtocolServer (SCMBlockProtocolServer.java:start(140)) - RPC server for Block Protocol is listening at /0.0.0.0:34520
2019-08-01 16:27:44,410 INFO  ipc.Server (Server.java:run(1314)) - IPC Server Responder: starting
2019-08-01 16:27:44,410 INFO  ipc.Server (Server.java:run(1153)) - IPC Server listener on 34520: starting
2019-08-01 16:27:44,416 INFO  server.StorageContainerManager (StorageContainerManager.java:start(772)) - ScmDatanodeProtocl RPC server is listening at /0.0.0.0:42954
2019-08-01 16:27:44,416 INFO  server.SCMDatanodeProtocolServer (SCMDatanodeProtocolServer.java:start(191)) - RPC server for DataNodes is listening at /0.0.0.0:42954
2019-08-01 16:27:44,416 INFO  ipc.Server (Server.java:run(1314)) - IPC Server Responder: starting
2019-08-01 16:27:44,417 INFO  ipc.Server (Server.java:run(1153)) - IPC Server listener on 42954: starting
2019-08-01 16:27:44,423 INFO  http.HttpServer2 (HttpServer2.java:bindListener(1191)) - Jetty bound to port 39634
2019-08-01 16:27:44,423 INFO  server.Server (Server.java:doStart(351)) - jetty-9.3.24.v20180605, build timestamp: 2018-06-05T17:11:56Z, git hash: 84205aa28f11a4f31f2a3b86d1bba2cc8ab69827
2019-08-01 16:27:44,425 INFO  handler.ContextHandler (ContextHandler.java:doStart(781)) - Started o.e.j.s.ServletContextHandler@4e7a492a{/logs,file:///workdir/hadoop-ozone/integration-test/target/log,AVAILABLE}
2019-08-01 16:27:44,426 INFO  handler.ContextHandler (ContextHandler.java:doStart(781)) - Started o.e.j.s.ServletContextHandler@14feea81{/static,file:///workdir/hadoop-ozone/integration-test/target/test-classes/webapps/static,AVAILABLE}
2019-08-01 16:27:44,432 INFO  handler.ContextHandler (ContextHandler.java:doStart(781)) - Started o.e.j.w.WebAppContext@1ef00371{/,file:///workdir/hadoop-ozone/integration-test/target/test-classes/webapps/scm/,AVAILABLE}{/scm}
2019-08-01 16:27:44,434 INFO  server.AbstractConnector (AbstractConnector.java:doStart(278)) - Started ServerConnector@7a2fbd2c{HTTP/1.1,[http/1.1]}{0.0.0.0:39634}
2019-08-01 16:27:44,434 INFO  server.Server (Server.java:doStart(419)) - Started @40186ms
2019-08-01 16:27:44,437 INFO  server.BaseHttpServer (BaseHttpServer.java:updateConnectorAddress(207)) - HTTP server of SCM is listening at http://0.0.0.0:39634
2019-08-01 16:27:44,438 WARN  server.ServerUtils (ServerUtils.java:getDBPath(222)) - ozone.om.db.dirs is not configured. We recommend adding this setting. Falling back to ozone.metadata.dirs instead.
2019-08-01 16:27:44,439 INFO  util.JvmPauseMonitor (JvmPauseMonitor.java:run(188)) - Starting JVM pause monitor
2019-08-01 16:27:44,453 WARN  server.ServerUtils (ServerUtils.java:getDBPath(222)) - ozone.om.db.dirs is not configured. We recommend adding this setting. Falling back to ozone.metadata.dirs instead.
2019-08-01 16:27:44,453 WARN  server.ServerUtils (ServerUtils.java:getDBPath(222)) - ozone.om.db.dirs is not configured. We recommend adding this setting. Falling back to ozone.metadata.dirs instead.
2019-08-01 16:27:44,454 INFO  om.OzoneManager (OzoneManager.java:setOMNodeDetails(644)) - OM Service ID is not set. Setting it to the default ID: omServiceIdDefault
2019-08-01 16:27:44,454 INFO  om.OzoneManager (OzoneManager.java:setOMNodeDetails(650)) - OM Node ID is not set. Setting it to the OmStorage's OmID: 2eef2a7a-9a86-43a0-93bf-6e9f2c2862cb
2019-08-01 16:27:44,455 INFO  om.OzoneManager (OzoneManager.java:loadOMHAConfigs(601)) - Found matching OM address with OMServiceId: null, OMNodeId: null, RPC Address: localhost:0 and Ratis port: 9872
2019-08-01 16:27:44,463 WARN  server.ServerUtils (ServerUtils.java:getDBPath(222)) - ozone.om.db.dirs is not configured. We recommend adding this setting. Falling back to ozone.metadata.dirs instead.
2019-08-01 16:27:44,464 INFO  db.DBStoreBuilder (DBStoreBuilder.java:addTable(110)) - using custom profile for table: userTable
2019-08-01 16:27:44,464 INFO  db.DBStoreBuilder (DBStoreBuilder.java:processTables(161)) - Using default column profile:DBProfile.DISK for Table:userTable
2019-08-01 16:27:44,464 INFO  db.DBStoreBuilder (DBStoreBuilder.java:addTable(110)) - using custom profile for table: volumeTable
2019-08-01 16:27:44,464 INFO  db.DBStoreBuilder (DBStoreBuilder.java:processTables(161)) - Using default column profile:DBProfile.DISK for Table:volumeTable
2019-08-01 16:27:44,465 INFO  db.DBStoreBuilder (DBStoreBuilder.java:addTable(110)) - using custom profile for table: bucketTable
2019-08-01 16:27:44,465 INFO  db.DBStoreBuilder (DBStoreBuilder.java:processTables(161)) - Using default column profile:DBProfile.DISK for Table:bucketTable
2019-08-01 16:27:44,465 INFO  db.DBStoreBuilder (DBStoreBuilder.java:addTable(110)) - using custom profile for table: keyTable
2019-08-01 16:27:44,465 INFO  db.DBStoreBuilder (DBStoreBuilder.java:processTables(161)) - Using default column profile:DBProfile.DISK for Table:keyTable
2019-08-01 16:27:44,466 INFO  db.DBStoreBuilder (DBStoreBuilder.java:addTable(110)) - using custom profile for table: deletedTable
2019-08-01 16:27:44,466 INFO  db.DBStoreBuilder (DBStoreBuilder.java:processTables(161)) - Using default column profile:DBProfile.DISK for Table:deletedTable
2019-08-01 16:27:44,466 INFO  db.DBStoreBuilder (DBStoreBuilder.java:addTable(110)) - using custom profile for table: openKeyTable
2019-08-01 16:27:44,466 INFO  db.DBStoreBuilder (DBStoreBuilder.java:processTables(161)) - Using default column profile:DBProfile.DISK for Table:openKeyTable
2019-08-01 16:27:44,466 INFO  db.DBStoreBuilder (DBStoreBuilder.java:addTable(110)) - using custom profile for table: s3Table
2019-08-01 16:27:44,467 INFO  db.DBStoreBuilder (DBStoreBuilder.java:processTables(161)) - Using default column profile:DBProfile.DISK for Table:s3Table
2019-08-01 16:27:44,467 INFO  db.DBStoreBuilder (DBStoreBuilder.java:addTable(110)) - using custom profile for table: multipartInfoTable
2019-08-01 16:27:44,467 INFO  db.DBStoreBuilder (DBStoreBuilder.java:processTables(161)) - Using default column profile:DBProfile.DISK for Table:multipartInfoTable
2019-08-01 16:27:44,467 INFO  db.DBStoreBuilder (DBStoreBuilder.java:addTable(110)) - using custom profile for table: dTokenTable
2019-08-01 16:27:44,468 INFO  db.DBStoreBuilder (DBStoreBuilder.java:processTables(161)) - Using default column profile:DBProfile.DISK for Table:dTokenTable
2019-08-01 16:27:44,468 INFO  db.DBStoreBuilder (DBStoreBuilder.java:addTable(110)) - using custom profile for table: s3SecretTable
2019-08-01 16:27:44,468 INFO  db.DBStoreBuilder (DBStoreBuilder.java:processTables(161)) - Using default column profile:DBProfile.DISK for Table:s3SecretTable
2019-08-01 16:27:44,468 INFO  db.DBStoreBuilder (DBStoreBuilder.java:addTable(110)) - using custom profile for table: prefixTable
2019-08-01 16:27:44,468 INFO  db.DBStoreBuilder (DBStoreBuilder.java:processTables(161)) - Using default column profile:DBProfile.DISK for Table:prefixTable
2019-08-01 16:27:44,469 INFO  db.DBStoreBuilder (DBStoreBuilder.java:addTable(110)) - using custom profile for table: default
2019-08-01 16:27:44,469 INFO  db.DBStoreBuilder (DBStoreBuilder.java:processTables(167)) - Using default column profile:DBProfile.DISK for Table:default
2019-08-01 16:27:44,469 INFO  db.DBStoreBuilder (DBStoreBuilder.java:getDbProfile(198)) - Using default options. DBProfile.DISK
2019-08-01 16:27:44,937 INFO  ipc.CallQueueManager (CallQueueManager.java:<init>(84)) - Using callQueue: class java.util.concurrent.LinkedBlockingQueue, queueCapacity: 2000, scheduler: class org.apache.hadoop.ipc.DefaultRpcScheduler, ipcBackoff: false.
2019-08-01 16:27:44,938 INFO  ipc.Server (Server.java:run(1074)) - Starting Socket Reader #1 for port 41660
2019-08-01 16:27:44,955 INFO  om.OzoneManager (OzoneManager.java:start(1255)) - OzoneManager RPC server is listening at localhost/127.0.0.1:41660
2019-08-01 16:27:44,955 INFO  impl.MetricsSystemImpl (MetricsSystemImpl.java:init(158)) - OzoneManager metrics system started (again)
2019-08-01 16:27:44,956 INFO  ipc.Server (Server.java:run(1314)) - IPC Server Responder: starting
2019-08-01 16:27:44,956 INFO  ipc.Server (Server.java:run(1153)) - IPC Server listener on 41660: starting
2019-08-01 16:27:44,963 INFO  hdfs.DFSUtil (DFSUtil.java:httpServerTemplateForNNAndJN(1641)) - Starting Web-server for ozoneManager at: http://0.0.0.0:0
2019-08-01 16:27:44,965 INFO  server.AuthenticationFilter (AuthenticationFilter.java:constructSecretProvider(240)) - Unable to initialize FileSignerSecretProvider, falling back to use random secrets.
2019-08-01 16:27:44,966 WARN  http.HttpRequestLog (HttpRequestLog.java:getRequestLog(97)) - Jetty request log can only be enabled using Log4j
2019-08-01 16:27:44,968 INFO  http.HttpServer2 (HttpServer2.java:addGlobalFilter(975)) - Added global filter 'safety' (class=org.apache.hadoop.http.HttpServer2$QuotingInputFilter)
2019-08-01 16:27:44,969 INFO  http.HttpServer2 (HttpServer2.java:addFilter(948)) - Added filter static_user_filter (class=org.apache.hadoop.http.lib.StaticUserWebFilter$StaticUserFilter) to context ozoneManager
2019-08-01 16:27:44,970 INFO  http.HttpServer2 (HttpServer2.java:addFilter(958)) - Added filter static_user_filter (class=org.apache.hadoop.http.lib.StaticUserWebFilter$StaticUserFilter) to context static
2019-08-01 16:27:44,970 INFO  http.HttpServer2 (HttpServer2.java:addFilter(958)) - Added filter static_user_filter (class=org.apache.hadoop.http.lib.StaticUserWebFilter$StaticUserFilter) to context logs
2019-08-01 16:27:44,971 INFO  http.HttpServer2 (HttpServer2.java:bindListener(1191)) - Jetty bound to port 33364
2019-08-01 16:27:44,971 INFO  server.Server (Server.java:doStart(351)) - jetty-9.3.24.v20180605, build timestamp: 2018-06-05T17:11:56Z, git hash: 84205aa28f11a4f31f2a3b86d1bba2cc8ab69827
2019-08-01 16:27:44,973 INFO  handler.ContextHandler (ContextHandler.java:doStart(781)) - Started o.e.j.s.ServletContextHandler@2b0854b4{/logs,file:///workdir/hadoop-ozone/integration-test/target/log,AVAILABLE}
2019-08-01 16:27:44,974 INFO  handler.ContextHandler (ContextHandler.java:doStart(781)) - Started o.e.j.s.ServletContextHandler@3f3a49b{/static,file:///workdir/hadoop-ozone/integration-test/target/test-classes/webapps/static,AVAILABLE}
2019-08-01 16:27:44,980 INFO  handler.ContextHandler (ContextHandler.java:doStart(781)) - Started o.e.j.w.WebAppContext@1880da25{/,file:///workdir/hadoop-ozone/integration-test/target/test-classes/webapps/ozoneManager/,AVAILABLE}{/ozoneManager}
2019-08-01 16:27:44,981 INFO  server.AbstractConnector (AbstractConnector.java:doStart(278)) - Started ServerConnector@5316bfd3{HTTP/1.1,[http/1.1]}{0.0.0.0:33364}
2019-08-01 16:27:44,982 INFO  server.Server (Server.java:doStart(419)) - Started @40733ms
2019-08-01 16:27:44,983 INFO  server.BaseHttpServer (BaseHttpServer.java:updateConnectorAddress(207)) - HTTP server of OZONEMANAGER is listening at http://0.0.0.0:33364
2019-08-01 16:27:44,987 INFO  impl.MetricsSystemImpl (MetricsSystemImpl.java:init(158)) - HddsDatanode metrics system started (again)
2019-08-01 16:27:44,993 INFO  ozone.HddsDatanodeService (HddsDatanodeService.java:start(184)) - HddsDatanodeService host:byscane-nightly-hwqnr-1260472869 ip:192.168.157.209
2019-08-01 16:27:45,007 INFO  volume.HddsVolume (HddsVolume.java:<init>(176)) - Creating Volume: /workdir/hadoop-ozone/integration-test/target/test-dir/MiniOzoneClusterImpl-007a53fd-a8a2-4e08-addd-faa421093daa/datanode-0/data/containers/hdds of  storage type : DISK and capacity : 52710309888
2019-08-01 16:27:45,007 INFO  volume.VolumeSet (VolumeSet.java:initializeVolumeSet(170)) - Added Volume : /workdir/hadoop-ozone/integration-test/target/test-dir/MiniOzoneClusterImpl-007a53fd-a8a2-4e08-addd-faa421093daa/datanode-0/data/containers/hdds to VolumeSet
2019-08-01 16:27:45,008 INFO  volume.ThrottledAsyncChecker (ThrottledAsyncChecker.java:schedule(140)) - Scheduling a check for org.apache.hadoop.ozone.container.common.volume.HddsVolume@6cac42b
2019-08-01 16:27:45,008 INFO  volume.HddsVolumeChecker (HddsVolumeChecker.java:checkAllVolumes(203)) - Scheduled health check for volume org.apache.hadoop.ozone.container.common.volume.HddsVolume@6cac42b
2019-08-01 16:27:45,029 INFO  impl.RaftServerProxy (ConfUtils.java:logGet(43)) - raft.rpc.type = GRPC (default)
2019-08-01 16:27:45,029 INFO  grpc.GrpcFactory (GrpcFactory.java:checkPooledByteBufAllocatorUseCacheForAllThreads(45)) - PERFORMANCE WARNING: useCacheForAllThreads is true that may cause Netty to create a lot garbage objects and, as a result, trigger GC.
	It is recommended to disable useCacheForAllThreads by setting -Dorg.apache.ratis.thirdparty.io.netty.allocator.useCacheForAllThreads=false in command line.
2019-08-01 16:27:45,029 INFO  grpc.GrpcConfigKeys$Server (ConfUtils.java:logGet(43)) - raft.grpc.server.port = 0 (default)
2019-08-01 16:27:45,029 INFO  server.GrpcService (ConfUtils.java:logGet(43)) - raft.grpc.message.size.max = 33570816 (custom)
2019-08-01 16:27:45,030 INFO  server.RaftServerConfigKeys (ConfUtils.java:logGet(43)) - raft.server.log.appender.buffer.byte-limit = 33554432 (custom)
2019-08-01 16:27:45,030 INFO  server.GrpcService (ConfUtils.java:logGet(43)) - raft.grpc.flow.control.window = 1MB (=1048576) (default)
2019-08-01 16:27:45,030 INFO  server.RaftServerConfigKeys (ConfUtils.java:logGet(43)) - raft.server.rpc.request.timeout = 3000ms (default)
2019-08-01 16:27:45,031 INFO  server.RaftServerConfigKeys (ConfUtils.java:logGet(43)) - raft.server.storage.dir = [/workdir/hadoop-ozone/integration-test/target/test-dir/MiniOzoneClusterImpl-007a53fd-a8a2-4e08-addd-faa421093daa/datanode-0/data/ratis] (custom)
2019-08-01 16:27:45,031 INFO  replication.SimpleContainerDownloader (SimpleContainerDownloader.java:<init>(72)) - Starting container downloader service to copy containers to replicate.
2019-08-01 16:27:45,034 INFO  hdfs.DFSUtil (DFSUtil.java:httpServerTemplateForNNAndJN(1641)) - Starting Web-server for hddsDatanode at: http://0.0.0.0:0
2019-08-01 16:27:45,038 INFO  server.AuthenticationFilter (AuthenticationFilter.java:constructSecretProvider(240)) - Unable to initialize FileSignerSecretProvider, falling back to use random secrets.
2019-08-01 16:27:45,039 WARN  http.HttpRequestLog (HttpRequestLog.java:getRequestLog(97)) - Jetty request log can only be enabled using Log4j
2019-08-01 16:27:45,041 INFO  http.HttpServer2 (HttpServer2.java:addGlobalFilter(975)) - Added global filter 'safety' (class=org.apache.hadoop.http.HttpServer2$QuotingInputFilter)
2019-08-01 16:27:45,042 INFO  http.HttpServer2 (HttpServer2.java:addFilter(948)) - Added filter static_user_filter (class=org.apache.hadoop.http.lib.StaticUserWebFilter$StaticUserFilter) to context hddsDatanode
2019-08-01 16:27:45,042 INFO  http.HttpServer2 (HttpServer2.java:addFilter(958)) - Added filter static_user_filter (class=org.apache.hadoop.http.lib.StaticUserWebFilter$StaticUserFilter) to context logs
2019-08-01 16:27:45,042 INFO  http.HttpServer2 (HttpServer2.java:addFilter(958)) - Added filter static_user_filter (class=org.apache.hadoop.http.lib.StaticUserWebFilter$StaticUserFilter) to context static
2019-08-01 16:27:45,043 INFO  http.HttpServer2 (HttpServer2.java:bindListener(1191)) - Jetty bound to port 39429
2019-08-01 16:27:45,043 INFO  server.Server (Server.java:doStart(351)) - jetty-9.3.24.v20180605, build timestamp: 2018-06-05T17:11:56Z, git hash: 84205aa28f11a4f31f2a3b86d1bba2cc8ab69827
2019-08-01 16:27:45,047 INFO  handler.ContextHandler (ContextHandler.java:doStart(781)) - Started o.e.j.s.ServletContextHandler@669f18b7{/logs,file:///workdir/hadoop-ozone/integration-test/target/log,AVAILABLE}
2019-08-01 16:27:45,047 INFO  handler.ContextHandler (ContextHandler.java:doStart(781)) - Started o.e.j.s.ServletContextHandler@280b0cf{/static,jar:file:/home/user/.m2/repository/org/apache/hadoop/hadoop-hdds-container-service/0.4.1-SNAPSHOT/hadoop-hdds-container-service-0.4.1-SNAPSHOT.jar!/webapps/static,AVAILABLE}
2019-08-01 16:27:45,087 INFO  handler.ContextHandler (ContextHandler.java:doStart(781)) - Started o.e.j.w.WebAppContext@b2c0dbd{/,file:///tmp/jetty-0.0.0.0-39429-hddsDatanode-_-any-6716291201756329073.dir/webapp/,AVAILABLE}{/hddsDatanode}
2019-08-01 16:27:45,087 INFO  server.AbstractConnector (AbstractConnector.java:doStart(278)) - Started ServerConnector@787fc074{HTTP/1.1,[http/1.1]}{0.0.0.0:39429}
2019-08-01 16:27:45,090 INFO  server.Server (Server.java:doStart(419)) - Started @40842ms
2019-08-01 16:27:45,091 INFO  server.BaseHttpServer (BaseHttpServer.java:updateConnectorAddress(207)) - HTTP server of HDDSDATANODE is listening at http://0.0.0.0:39429
2019-08-01 16:27:45,240 INFO  ozone.HddsDatanodeService (HddsDatanodeService.java:startPlugins(395)) - Started plug-in org.apache.hadoop.ozone.web.OzoneHddsDatanodeService@266e8ef
2019-08-01 16:27:45,240 INFO  ozone.MiniOzoneClusterImpl (MiniOzoneClusterImpl.java:lambda$waitForClusterToBeReady$0(142)) - Waiting for cluster to be ready. Got 0 of 1 DN Heartbeats.
2019-08-01 16:27:45,244 INFO  util.JvmPauseMonitor (JvmPauseMonitor.java:run(188)) - Starting JVM pause monitor
2019-08-01 16:27:45,246 INFO  datanode.InitDatanodeState (InitDatanodeState.java:persistContainerDatanodeDetails(140)) - DatanodeDetails is persisted to /workdir/hadoop-ozone/integration-test/target/test-dir/MiniOzoneClusterImpl-007a53fd-a8a2-4e08-addd-faa421093daa/datanode-0/meta/datanode.id
2019-08-01 16:27:46,241 INFO  ozone.MiniOzoneClusterImpl (MiniOzoneClusterImpl.java:lambda$waitForClusterToBeReady$0(142)) - Waiting for cluster to be ready. Got 0 of 1 DN Heartbeats.
2019-08-01 16:27:47,241 INFO  ozone.MiniOzoneClusterImpl (MiniOzoneClusterImpl.java:lambda$waitForClusterToBeReady$0(142)) - Waiting for cluster to be ready. Got 0 of 1 DN Heartbeats.
2019-08-01 16:27:47,268 INFO  ozoneimpl.OzoneContainer (OzoneContainer.java:start(186)) - Attempting to start container services.
2019-08-01 16:27:47,274 INFO  ozoneimpl.OzoneContainer (OzoneContainer.java:startContainerScrub(160)) - Background container scrubber has been disabled by hdds.containerscrub.enabled
2019-08-01 16:27:47,274 INFO  ratis.XceiverServerRatis (XceiverServerRatis.java:start(404)) - Starting XceiverServerRatis 956fde9c-0ecd-4eef-8519-369ff3f3236f at port 0
2019-08-01 16:27:47,288 INFO  impl.RaftServerProxy (RaftServerProxy.java:lambda$start$3(299)) - 956fde9c-0ecd-4eef-8519-369ff3f3236f: start RPC server
2019-08-01 16:27:47,292 INFO  server.GrpcService (GrpcService.java:startImpl(149)) - 956fde9c-0ecd-4eef-8519-369ff3f3236f: GrpcService started, listening on 0.0.0.0/0.0.0.0:45286
2019-08-01 16:27:47,292 INFO  ratis.XceiverServerRatis (XceiverServerRatis.java:start(414)) - XceiverServerRatis 956fde9c-0ecd-4eef-8519-369ff3f3236f is started using port 45286
2019-08-01 16:27:47,294 INFO  server.XceiverServerGrpc (XceiverServerGrpc.java:start(161)) - XceiverServerGrpc 956fde9c-0ecd-4eef-8519-369ff3f3236f is started using port 39019
2019-08-01 16:27:48,242 INFO  ozone.MiniOzoneClusterImpl (MiniOzoneClusterImpl.java:lambda$waitForClusterToBeReady$0(142)) - Waiting for cluster to be ready. Got 0 of 1 DN Heartbeats.
2019-08-01 16:27:49,242 INFO  ozone.MiniOzoneClusterImpl (MiniOzoneClusterImpl.java:lambda$waitForClusterToBeReady$0(142)) - Waiting for cluster to be ready. Got 0 of 1 DN Heartbeats.
2019-08-01 16:27:49,249 INFO  net.NetworkTopology (NetworkTopologyImpl.java:add(110)) - Added a new node: /default-rack/956fde9c-0ecd-4eef-8519-369ff3f3236f
2019-08-01 16:27:49,250 INFO  node.SCMNodeManager (SCMNodeManager.java:register(273)) - Registered Data node : 956fde9c-0ecd-4eef-8519-369ff3f3236f{ip: 192.168.157.209, host: byscane-nightly-hwqnr-1260472869, networkLocation: /default-rack, certSerialId: null}
2019-08-01 16:27:49,254 INFO  safemode.SCMSafeModeManager (DataNodeSafeModeRule.java:process(71)) - SCM in safe mode. 1 DataNodes registered, 1 required.
2019-08-01 16:27:49,256 INFO  safemode.SCMSafeModeManager (SCMSafeModeManager.java:validateSafeModeExitRules(177)) - ScmSafeModeManager, all rules are successfully validated
2019-08-01 16:27:49,256 INFO  safemode.SCMSafeModeManager (SCMSafeModeManager.java:exitSafeMode(193)) - SCM exiting safe mode.
2019-08-01 16:27:49,287 INFO  impl.RaftServerProxy (RaftServerProxy.java:addNew(89)) - 956fde9c-0ecd-4eef-8519-369ff3f3236f: addNew group-85ABE628A61D:[956fde9c-0ecd-4eef-8519-369ff3f3236f:192.168.157.209:45286] returns group-85ABE628A61D:java.util.concurrent.CompletableFuture@6dc2966b[Not completed]
2019-08-01 16:27:49,289 INFO  impl.RaftServerImpl (RaftServerImpl.java:<init>(93)) - 956fde9c-0ecd-4eef-8519-369ff3f3236f: new RaftServerImpl for group-85ABE628A61D:[956fde9c-0ecd-4eef-8519-369ff3f3236f:192.168.157.209:45286] with ContainerStateMachine:uninitialized
2019-08-01 16:27:49,291 INFO  server.RaftServerConfigKeys (ConfUtils.java:logGet(43)) - raft.server.rpc.timeout.min = 5s (custom)
2019-08-01 16:27:49,291 INFO  server.RaftServerConfigKeys (ConfUtils.java:logGet(43)) - raft.server.rpc.timeout.max = 5200ms (custom)
2019-08-01 16:27:49,291 INFO  server.RaftServerConfigKeys (ConfUtils.java:logGet(43)) - raft.server.rpcslowness.timeout = 120s (custom)
2019-08-01 16:27:49,291 INFO  server.RaftServerConfigKeys (ConfUtils.java:logGet(43)) - raft.server.sleep.deviation.threshold = 300 (default)
2019-08-01 16:27:49,292 INFO  server.RaftServerConfigKeys (ConfUtils.java:logGet(43)) - raft.server.log.appender.install.snapshot.enabled = false (custom)
2019-08-01 16:27:49,292 INFO  impl.RaftServerImpl (ServerState.java:<init>(105)) - 956fde9c-0ecd-4eef-8519-369ff3f3236f:group-85ABE628A61D ConfigurationManager, init=-1: [956fde9c-0ecd-4eef-8519-369ff3f3236f:192.168.157.209:45286], old=null, confs=<EMPTY_MAP>
2019-08-01 16:27:49,292 INFO  server.RaftServerConfigKeys (ConfUtils.java:logGet(43)) - raft.server.storage.dir = [/workdir/hadoop-ozone/integration-test/target/test-dir/MiniOzoneClusterImpl-007a53fd-a8a2-4e08-addd-faa421093daa/datanode-0/data/ratis] (custom)
2019-08-01 16:27:49,293 INFO  storage.RaftStorageDirectory (RaftStorageDirectory.java:analyzeStorage(246)) - The storage directory /workdir/hadoop-ozone/integration-test/target/test-dir/MiniOzoneClusterImpl-007a53fd-a8a2-4e08-addd-faa421093daa/datanode-0/data/ratis/bb08d50e-c10e-497d-99d3-85abe628a61d does not exist. Creating ...
2019-08-01 16:27:49,306 INFO  storage.RaftStorageDirectory (RaftStorageDirectory.java:tryLock(328)) - Lock on /workdir/hadoop-ozone/integration-test/target/test-dir/MiniOzoneClusterImpl-007a53fd-a8a2-4e08-addd-faa421093daa/datanode-0/data/ratis/bb08d50e-c10e-497d-99d3-85abe628a61d/in_use.lock acquired by nodename 5776@byscane-nightly-hwqnr-1260472869
2019-08-01 16:27:49,320 INFO  storage.RaftStorage (RaftStorage.java:format(72)) - Storage directory /workdir/hadoop-ozone/integration-test/target/test-dir/MiniOzoneClusterImpl-007a53fd-a8a2-4e08-addd-faa421093daa/datanode-0/data/ratis/bb08d50e-c10e-497d-99d3-85abe628a61d has been successfully formatted.
2019-08-01 16:27:49,320 INFO  ratis.ContainerStateMachine (ContainerStateMachine.java:loadSnapshot(213)) - group-85ABE628A61D: The snapshot info is null. Setting the last applied indexto:(t:0, i:~)
2019-08-01 16:27:49,320 INFO  server.RaftServerConfigKeys (ConfUtils.java:logGet(43)) - raft.server.leader.election.timeout = 120s (custom)
2019-08-01 16:27:49,321 INFO  server.RaftServerConfigKeys (ConfUtils.java:logGet(43)) - raft.server.log.use.memory = false (default)
2019-08-01 16:27:49,321 INFO  server.RaftServerConfigKeys (ConfUtils.java:logGet(43)) - raft.server.log.purge.gap = 1000000000 (custom)
2019-08-01 16:27:49,321 INFO  server.RaftServerConfigKeys (ConfUtils.java:logGet(43)) - raft.server.log.appender.buffer.byte-limit = 33554432 (custom)
2019-08-01 16:27:49,321 INFO  server.RaftServerConfigKeys (ConfUtils.java:logGet(43)) - raft.server.log.segment.size.max = 1048576 (custom)
2019-08-01 16:27:49,322 INFO  server.RaftServerConfigKeys (ConfUtils.java:logGet(43)) - raft.server.log.segment.cache.num.max = 2 (custom)
2019-08-01 16:27:49,322 INFO  segmented.SegmentedRaftLogWorker (SegmentedRaftLogWorker.java:<init>(172)) - new 956fde9c-0ecd-4eef-8519-369ff3f3236f-SegmentedRaftLogWorker:Storage Directory /workdir/hadoop-ozone/integration-test/target/test-dir/MiniOzoneClusterImpl-007a53fd-a8a2-4e08-addd-faa421093daa/datanode-0/data/ratis/bb08d50e-c10e-497d-99d3-85abe628a61d for RaftStorage:Storage Directory /workdir/hadoop-ozone/integration-test/target/test-dir/MiniOzoneClusterImpl-007a53fd-a8a2-4e08-addd-faa421093daa/datanode-0/data/ratis/bb08d50e-c10e-497d-99d3-85abe628a61d
2019-08-01 16:27:49,322 INFO  server.RaftServerConfigKeys (ConfUtils.java:logGet(43)) - raft.server.log.queue.byte-limit = 2147483647 (custom)
2019-08-01 16:27:49,323 INFO  server.RaftServerConfigKeys (ConfUtils.java:logGet(43)) - raft.server.log.queue.element-limit = 1024 (custom)
2019-08-01 16:27:49,323 INFO  server.RaftServerConfigKeys (ConfUtils.java:logGet(43)) - raft.server.log.segment.size.max = 1048576 (custom)
2019-08-01 16:27:49,323 INFO  server.RaftServerConfigKeys (ConfUtils.java:logGet(43)) - raft.server.log.preallocated.size = 16384 (custom)
2019-08-01 16:27:49,323 INFO  server.RaftServerConfigKeys (ConfUtils.java:logGet(43)) - raft.server.log.write.buffer.size = 33554432 (custom)
2019-08-01 16:27:49,324 INFO  server.RaftServerConfigKeys (ConfUtils.java:logGet(43)) - raft.server.log.force.sync.num = 128 (default)
2019-08-01 16:27:49,324 INFO  server.RaftServerConfigKeys (ConfUtils.java:logGet(43)) - raft.server.log.statemachine.data.sync = true (default)
2019-08-01 16:27:49,324 INFO  server.RaftServerConfigKeys (ConfUtils.java:logGet(43)) - raft.server.log.statemachine.data.sync.timeout = 10s (default)
2019-08-01 16:27:49,324 INFO  server.RaftServerConfigKeys (ConfUtils.java:logGet(43)) - raft.server.log.statemachine.data.sync.timeout.retry = -1 (default)
2019-08-01 16:27:49,325 INFO  server.RaftServerConfigKeys (ConfUtils.java:logGet(43)) - raft.server.log.statemachine.data.caching.enabled = true (custom)
2019-08-01 16:27:49,325 INFO  segmented.SegmentedRaftLogWorker (SegmentedRaftLogWorker.java:lambda$new$0(132)) - 956fde9c-0ecd-4eef-8519-369ff3f3236f-SegmentedRaftLogWorker:Storage Directory /workdir/hadoop-ozone/integration-test/target/test-dir/MiniOzoneClusterImpl-007a53fd-a8a2-4e08-addd-faa421093daa/datanode-0/data/ratis/bb08d50e-c10e-497d-99d3-85abe628a61d: flushIndex: setUnconditionally 0 -> -1
2019-08-01 16:27:49,327 INFO  server.RaftServerConfigKeys (ConfUtils.java:logGet(43)) - raft.server.snapshot.auto.trigger.enabled = true (custom)
2019-08-01 16:27:49,327 INFO  server.RaftServerConfigKeys (ConfUtils.java:logGet(43)) - raft.server.snapshot.auto.trigger.threshold = 10000 (custom)
2019-08-01 16:27:49,327 INFO  server.RaftServerConfigKeys (ConfUtils.java:logGet(43)) - raft.server.retrycache.expirytime = 600000ms (custom)
2019-08-01 16:27:49,327 INFO  impl.RaftServerImpl (RaftServerImpl.java:start(180)) - 956fde9c-0ecd-4eef-8519-369ff3f3236f: start group-85ABE628A61D
2019-08-01 16:27:49,328 INFO  impl.RaftServerImpl (RaftServerImpl.java:setRole(171)) - 956fde9c-0ecd-4eef-8519-369ff3f3236f:group-85ABE628A61D changes role from null to FOLLOWER at term 0 for startAsFollower
2019-08-01 16:27:49,328 INFO  impl.RoleInfo (RoleInfo.java:updateAndGet(143)) - 956fde9c-0ecd-4eef-8519-369ff3f3236f: start FollowerState
2019-08-01 16:27:49,329 INFO  util.JmxRegister (JmxRegister.java:tryRegister(44)) - Successfully registered JMX Bean with object name Ratis:service=RaftServer,group=group-85ABE628A61D,id=956fde9c-0ecd-4eef-8519-369ff3f3236f
2019-08-01 16:27:49,339 INFO  pipeline.PipelineStateManager (PipelineStateManager.java:addPipeline(56)) - Created pipeline Pipeline[ Id: bb08d50e-c10e-497d-99d3-85abe628a61d, Nodes: 956fde9c-0ecd-4eef-8519-369ff3f3236f{ip: 192.168.157.209, host: byscane-nightly-hwqnr-1260472869, networkLocation: /default-rack, certSerialId: null}, Type:RATIS, Factor:ONE, State:OPEN]
2019-08-01 16:27:50,243 INFO  ozone.MiniOzoneClusterImpl (MiniOzoneClusterImpl.java:lambda$waitForClusterToBeReady$0(142)) - Cluster is ready. Got 1 of 1 DN Heartbeats.
2019-08-01 16:27:50,542 INFO  pipeline.PipelineStateManager (PipelineStateManager.java:addPipeline(56)) - Created pipeline Pipeline[ Id: 90195bfd-80e6-4a8e-8a8c-bc79a84a8f58, Nodes: 956fde9c-0ecd-4eef-8519-369ff3f3236f{ip: 192.168.157.209, host: byscane-nightly-hwqnr-1260472869, networkLocation: /default-rack, certSerialId: null}, Type:STAND_ALONE, Factor:ONE, State:OPEN]
2019-08-01 16:27:51,300 INFO  keyvalue.KeyValueHandler (ContainerUtils.java:logAndReturnError(146)) - Operation: CreateContainer : Trace ID: 337810e62d82a498:337810e62d82a498:0:0 : Message: Container creation failed, due to disk out of space : Result: DISK_OUT_OF_SPACE
16:27:51.301 [grpc-default-executor-0] ERROR DNAudit - user=null | ip=null | op=WRITE_CHUNK {blockData=conID: 7 locID: 102542663437189157 bcsId: 0} | ret=FAILURE
org.apache.hadoop.hdds.scm.container.common.helpers.StorageContainerException: ContainerID 7 creation failed
	at org.apache.hadoop.ozone.container.common.impl.HddsDispatcher.dispatchRequest(HddsDispatcher.java:227) [hadoop-hdds-container-service-0.4.1-SNAPSHOT.jar:?]
	at org.apache.hadoop.ozone.container.common.impl.HddsDispatcher.dispatch(HddsDispatcher.java:148) [hadoop-hdds-container-service-0.4.1-SNAPSHOT.jar:?]
	at org.apache.hadoop.ozone.container.common.transport.server.GrpcXceiverService$1.onNext(GrpcXceiverService.java:73) [hadoop-hdds-container-service-0.4.1-SNAPSHOT.jar:?]
	at org.apache.hadoop.ozone.container.common.transport.server.GrpcXceiverService$1.onNext(GrpcXceiverService.java:61) [hadoop-hdds-container-service-0.4.1-SNAPSHOT.jar:?]
	at org.apache.ratis.thirdparty.io.grpc.stub.ServerCalls$StreamingServerCallHandler$StreamingServerCallListener.onMessage(ServerCalls.java:248) [ratis-thirdparty-misc-0.2.0.jar:0.2.0]
	at org.apache.ratis.thirdparty.io.grpc.ForwardingServerCallListener.onMessage(ForwardingServerCallListener.java:33) [ratis-thirdparty-misc-0.2.0.jar:0.2.0]
	at org.apache.ratis.thirdparty.io.grpc.Contexts$ContextualizedServerCallListener.onMessage(Contexts.java:76) [ratis-thirdparty-misc-0.2.0.jar:0.2.0]
	at org.apache.ratis.thirdparty.io.grpc.ForwardingServerCallListener.onMessage(ForwardingServerCallListener.java:33) [ratis-thirdparty-misc-0.2.0.jar:0.2.0]
	at org.apache.hadoop.hdds.tracing.GrpcServerInterceptor$1.onMessage(GrpcServerInterceptor.java:46) [hadoop-hdds-common-0.4.1-SNAPSHOT.jar:?]
	at org.apache.ratis.thirdparty.io.grpc.internal.ServerCallImpl$ServerStreamListenerImpl.messagesAvailable(ServerCallImpl.java:263) [ratis-thirdparty-misc-0.2.0.jar:0.2.0]
	at org.apache.ratis.thirdparty.io.grpc.internal.ServerImpl$JumpToApplicationThreadServerStreamListener$1MessagesAvailable.runInContext(ServerImpl.java:686) [ratis-thirdparty-misc-0.2.0.jar:0.2.0]
	at org.apache.ratis.thirdparty.io.grpc.internal.ContextRunnable.run(ContextRunnable.java:37) [ratis-thirdparty-misc-0.2.0.jar:0.2.0]
	at org.apache.ratis.thirdparty.io.grpc.internal.SerializingExecutor.run(SerializingExecutor.java:123) [ratis-thirdparty-misc-0.2.0.jar:0.2.0]
	at java.util.concurrent.ThreadPoolExecutor.runWorker(ThreadPoolExecutor.java:1149) [?:1.8.0_212]
	at java.util.concurrent.ThreadPoolExecutor$Worker.run(ThreadPoolExecutor.java:624) [?:1.8.0_212]
	at java.lang.Thread.run(Thread.java:748) [?:1.8.0_212]
2019-08-01 16:27:51,302 INFO  impl.HddsDispatcher (ContainerUtils.java:logAndReturnError(146)) - Operation: WriteChunk : Trace ID: 337810e62d82a498:337810e62d82a498:0:0 : Message: ContainerID 7 creation failed : Result: DISK_OUT_OF_SPACE
2019-08-01 16:27:51,304 ERROR storage.BlockOutputStream (BlockOutputStream.java:validateResponse(531)) - Unexpected Storage Container Exception: 
org.apache.hadoop.hdds.scm.container.common.helpers.StorageContainerException: ContainerID 7 creation failed
	at org.apache.hadoop.hdds.scm.storage.ContainerProtocolCalls.validateContainerResponse(ContainerProtocolCalls.java:536)
	at org.apache.hadoop.hdds.scm.storage.BlockOutputStream.validateResponse(BlockOutputStream.java:529)
	at org.apache.hadoop.hdds.scm.storage.BlockOutputStream.lambda$writeChunkToContainer$2(BlockOutputStream.java:606)
	at java.util.concurrent.CompletableFuture.uniApply(CompletableFuture.java:602)
	at java.util.concurrent.CompletableFuture$UniApply.tryFire(CompletableFuture.java:577)
	at java.util.concurrent.CompletableFuture$Completion.run(CompletableFuture.java:442)
	at java.util.concurrent.ThreadPoolExecutor.runWorker(ThreadPoolExecutor.java:1149)
	at java.util.concurrent.ThreadPoolExecutor$Worker.run(ThreadPoolExecutor.java:624)
	at java.lang.Thread.run(Thread.java:748)
16:27:51.308 [grpc-default-executor-0] ERROR DNAudit - user=null | ip=null | op=PUT_BLOCK {blockData=[blockId=conID: 7 locID: 102542663437189157 bcsId: 0,size=5]} | ret=FAILURE
org.apache.hadoop.hdds.scm.container.common.helpers.StorageContainerException: ContainerID 7 does not exist
	at org.apache.hadoop.ozone.container.common.impl.HddsDispatcher.dispatchRequest(HddsDispatcher.java:242) [hadoop-hdds-container-service-0.4.1-SNAPSHOT.jar:?]
	at org.apache.hadoop.ozone.container.common.impl.HddsDispatcher.dispatch(HddsDispatcher.java:148) [hadoop-hdds-container-service-0.4.1-SNAPSHOT.jar:?]
	at org.apache.hadoop.ozone.container.common.transport.server.GrpcXceiverService$1.onNext(GrpcXceiverService.java:73) [hadoop-hdds-container-service-0.4.1-SNAPSHOT.jar:?]
	at org.apache.hadoop.ozone.container.common.transport.server.GrpcXceiverService$1.onNext(GrpcXceiverService.java:61) [hadoop-hdds-container-service-0.4.1-SNAPSHOT.jar:?]
	at org.apache.ratis.thirdparty.io.grpc.stub.ServerCalls$StreamingServerCallHandler$StreamingServerCallListener.onMessage(ServerCalls.java:248) [ratis-thirdparty-misc-0.2.0.jar:0.2.0]
	at org.apache.ratis.thirdparty.io.grpc.ForwardingServerCallListener.onMessage(ForwardingServerCallListener.java:33) [ratis-thirdparty-misc-0.2.0.jar:0.2.0]
	at org.apache.ratis.thirdparty.io.grpc.Contexts$ContextualizedServerCallListener.onMessage(Contexts.java:76) [ratis-thirdparty-misc-0.2.0.jar:0.2.0]
	at org.apache.ratis.thirdparty.io.grpc.ForwardingServerCallListener.onMessage(ForwardingServerCallListener.java:33) [ratis-thirdparty-misc-0.2.0.jar:0.2.0]
	at org.apache.hadoop.hdds.tracing.GrpcServerInterceptor$1.onMessage(GrpcServerInterceptor.java:46) [hadoop-hdds-common-0.4.1-SNAPSHOT.jar:?]
	at org.apache.ratis.thirdparty.io.grpc.internal.ServerCallImpl$ServerStreamListenerImpl.messagesAvailable(ServerCallImpl.java:263) [ratis-thirdparty-misc-0.2.0.jar:0.2.0]
	at org.apache.ratis.thirdparty.io.grpc.internal.ServerImpl$JumpToApplicationThreadServerStreamListener$1MessagesAvailable.runInContext(ServerImpl.java:686) [ratis-thirdparty-misc-0.2.0.jar:0.2.0]
	at org.apache.ratis.thirdparty.io.grpc.internal.ContextRunnable.run(ContextRunnable.java:37) [ratis-thirdparty-misc-0.2.0.jar:0.2.0]
	at org.apache.ratis.thirdparty.io.grpc.internal.SerializingExecutor.run(SerializingExecutor.java:123) [ratis-thirdparty-misc-0.2.0.jar:0.2.0]
	at java.util.concurrent.ThreadPoolExecutor.runWorker(ThreadPoolExecutor.java:1149) [?:1.8.0_212]
	at java.util.concurrent.ThreadPoolExecutor$Worker.run(ThreadPoolExecutor.java:624) [?:1.8.0_212]
	at java.lang.Thread.run(Thread.java:748) [?:1.8.0_212]
2019-08-01 16:27:51,309 INFO  impl.HddsDispatcher (ContainerUtils.java:logAndReturnError(146)) - Operation: PutBlock : Trace ID: 51a9ee7774020e18:51a9ee7774020e18:0:0 : Message: ContainerID 7 does not exist : Result: CONTAINER_NOT_FOUND
]]></system-out>
    <system-err><![CDATA[Aug 01, 2019 4:27:45 PM com.sun.jersey.server.impl.application.WebApplicationImpl _initiate
INFO: Initiating Jersey application, version 'Jersey: 1.19 02/11/2015 03:25 AM'
Aug 01, 2019 4:27:50 PM com.sun.jersey.server.impl.application.WebApplicationImpl _initiate
INFO: Initiating Jersey application, version 'Jersey: 1.19 02/11/2015 03:25 AM'
Aug 01, 2019 4:27:50 PM org.apache.ratis.thirdparty.io.grpc.internal.ManagedChannelOrphanWrapper$ManagedChannelReference cleanQueue
SEVERE: *~*~*~ Channel ManagedChannelImpl{logId=28, target=192.168.157.209:46312} was not shutdown properly!!! ~*~*~*
    Make sure to call shutdown()/shutdownNow() and wait until awaitTermination() returns true.
java.lang.RuntimeException: ManagedChannel allocation site
	at org.apache.ratis.thirdparty.io.grpc.internal.ManagedChannelOrphanWrapper$ManagedChannelReference.<init>(ManagedChannelOrphanWrapper.java:103)
	at org.apache.ratis.thirdparty.io.grpc.internal.ManagedChannelOrphanWrapper.<init>(ManagedChannelOrphanWrapper.java:53)
	at org.apache.ratis.thirdparty.io.grpc.internal.ManagedChannelOrphanWrapper.<init>(ManagedChannelOrphanWrapper.java:44)
	at org.apache.ratis.thirdparty.io.grpc.internal.AbstractManagedChannelImplBuilder.build(AbstractManagedChannelImplBuilder.java:411)
	at org.apache.hadoop.hdds.scm.XceiverClientGrpc.connectToDatanode(XceiverClientGrpc.java:174)
	at org.apache.hadoop.hdds.scm.XceiverClientGrpc.reconnect(XceiverClientGrpc.java:422)
	at org.apache.hadoop.hdds.scm.XceiverClientGrpc.sendCommandAsync(XceiverClientGrpc.java:371)
	at org.apache.hadoop.hdds.scm.XceiverClientGrpc.sendCommandAsync(XceiverClientGrpc.java:346)
	at org.apache.hadoop.hdds.scm.storage.ContainerProtocolCalls.writeChunkAsync(ContainerProtocolCalls.java:310)
	at org.apache.hadoop.hdds.scm.storage.BlockOutputStream.writeChunkToContainer(BlockOutputStream.java:601)
	at org.apache.hadoop.hdds.scm.storage.BlockOutputStream.writeChunk(BlockOutputStream.java:459)
	at org.apache.hadoop.hdds.scm.storage.BlockOutputStream.handleFlush(BlockOutputStream.java:470)
	at org.apache.hadoop.hdds.scm.storage.BlockOutputStream.close(BlockOutputStream.java:493)
	at org.apache.hadoop.ozone.client.io.BlockOutputStreamEntry.close(BlockOutputStreamEntry.java:143)
	at org.apache.hadoop.ozone.client.io.KeyOutputStream.handleFlushOrClose(KeyOutputStream.java:434)
	at org.apache.hadoop.ozone.client.io.KeyOutputStream.close(KeyOutputStream.java:472)
	at org.apache.hadoop.ozone.client.io.OzoneOutputStream.close(OzoneOutputStream.java:60)
	at org.apache.hadoop.ozone.TestStorageContainerManagerHelper.createKeys(TestStorageContainerManagerHelper.java:102)
	at org.apache.hadoop.ozone.TestStorageContainerManager.testBlockDeletingThrottling(TestStorageContainerManager.java:338)
	at sun.reflect.NativeMethodAccessorImpl.invoke0(Native Method)
	at sun.reflect.NativeMethodAccessorImpl.invoke(NativeMethodAccessorImpl.java:62)
	at sun.reflect.DelegatingMethodAccessorImpl.invoke(DelegatingMethodAccessorImpl.java:43)
	at java.lang.reflect.Method.invoke(Method.java:498)
	at org.junit.runners.model.FrameworkMethod$1.runReflectiveCall(FrameworkMethod.java:47)
	at org.junit.internal.runners.model.ReflectiveCallable.run(ReflectiveCallable.java:12)
	at org.junit.runners.model.FrameworkMethod.invokeExplosively(FrameworkMethod.java:44)
	at org.junit.internal.runners.statements.InvokeMethod.evaluate(InvokeMethod.java:17)
	at org.junit.internal.runners.statements.FailOnTimeout$StatementThread.run(FailOnTimeout.java:74)

Aug 01, 2019 4:27:50 PM org.apache.ratis.thirdparty.io.grpc.internal.ManagedChannelOrphanWrapper$ManagedChannelReference cleanQueue
SEVERE: *~*~*~ Channel ManagedChannelImpl{logId=12, target=192.168.157.209:33572} was not shutdown properly!!! ~*~*~*
    Make sure to call shutdown()/shutdownNow() and wait until awaitTermination() returns true.
java.lang.RuntimeException: ManagedChannel allocation site
	at org.apache.ratis.thirdparty.io.grpc.internal.ManagedChannelOrphanWrapper$ManagedChannelReference.<init>(ManagedChannelOrphanWrapper.java:103)
	at org.apache.ratis.thirdparty.io.grpc.internal.ManagedChannelOrphanWrapper.<init>(ManagedChannelOrphanWrapper.java:53)
	at org.apache.ratis.thirdparty.io.grpc.internal.ManagedChannelOrphanWrapper.<init>(ManagedChannelOrphanWrapper.java:44)
	at org.apache.ratis.thirdparty.io.grpc.internal.AbstractManagedChannelImplBuilder.build(AbstractManagedChannelImplBuilder.java:411)
	at org.apache.hadoop.hdds.scm.XceiverClientGrpc.connectToDatanode(XceiverClientGrpc.java:174)
	at org.apache.hadoop.hdds.scm.XceiverClientGrpc.reconnect(XceiverClientGrpc.java:422)
	at org.apache.hadoop.hdds.scm.XceiverClientGrpc.sendCommandAsync(XceiverClientGrpc.java:371)
	at org.apache.hadoop.hdds.scm.XceiverClientGrpc.sendCommandAsync(XceiverClientGrpc.java:346)
	at org.apache.hadoop.hdds.scm.storage.ContainerProtocolCalls.writeChunkAsync(ContainerProtocolCalls.java:310)
	at org.apache.hadoop.hdds.scm.storage.BlockOutputStream.writeChunkToContainer(BlockOutputStream.java:601)
	at org.apache.hadoop.hdds.scm.storage.BlockOutputStream.writeChunk(BlockOutputStream.java:459)
	at org.apache.hadoop.hdds.scm.storage.BlockOutputStream.handleFlush(BlockOutputStream.java:470)
	at org.apache.hadoop.hdds.scm.storage.BlockOutputStream.close(BlockOutputStream.java:493)
	at org.apache.hadoop.ozone.client.io.BlockOutputStreamEntry.close(BlockOutputStreamEntry.java:143)
	at org.apache.hadoop.ozone.client.io.KeyOutputStream.handleFlushOrClose(KeyOutputStream.java:434)
	at org.apache.hadoop.ozone.client.io.KeyOutputStream.close(KeyOutputStream.java:472)
	at org.apache.hadoop.ozone.client.io.OzoneOutputStream.close(OzoneOutputStream.java:60)
	at org.apache.hadoop.ozone.TestStorageContainerManagerHelper.createKeys(TestStorageContainerManagerHelper.java:102)
	at org.apache.hadoop.ozone.TestStorageContainerManager.testBlockDeletionTransactions(TestStorageContainerManager.java:249)
	at sun.reflect.NativeMethodAccessorImpl.invoke0(Native Method)
	at sun.reflect.NativeMethodAccessorImpl.invoke(NativeMethodAccessorImpl.java:62)
	at sun.reflect.DelegatingMethodAccessorImpl.invoke(DelegatingMethodAccessorImpl.java:43)
	at java.lang.reflect.Method.invoke(Method.java:498)
	at org.junit.runners.model.FrameworkMethod$1.runReflectiveCall(FrameworkMethod.java:47)
	at org.junit.internal.runners.model.ReflectiveCallable.run(ReflectiveCallable.java:12)
	at org.junit.runners.model.FrameworkMethod.invokeExplosively(FrameworkMethod.java:44)
	at org.junit.internal.runners.statements.InvokeMethod.evaluate(InvokeMethod.java:17)
	at org.junit.internal.runners.statements.FailOnTimeout$StatementThread.run(FailOnTimeout.java:74)

]]></system-err>
  </testcase>
  <testcase name="testRpcPermission" classname="org.apache.hadoop.ozone.TestStorageContainerManager" time="34.303"/>
  <testcase name="testSCMInitializationFailure" classname="org.apache.hadoop.ozone.TestStorageContainerManager" time="0.03"/>
  <testcase name="testSCMInitialization" classname="org.apache.hadoop.ozone.TestStorageContainerManager" time="0.03"/>
  <testcase name="testScmProcessDatanodeHeartbeat" classname="org.apache.hadoop.ozone.TestStorageContainerManager" time="29.031">
    <failure type="java.lang.AssertionError">java.lang.AssertionError
	at org.junit.Assert.fail(Assert.java:86)
	at org.junit.Assert.assertTrue(Assert.java:41)
	at org.junit.Assert.assertTrue(Assert.java:52)
	at org.apache.hadoop.ozone.TestStorageContainerManager.testScmProcessDatanodeHeartbeat(TestStorageContainerManager.java:531)
	at sun.reflect.NativeMethodAccessorImpl.invoke0(Native Method)
	at sun.reflect.NativeMethodAccessorImpl.invoke(NativeMethodAccessorImpl.java:62)
	at sun.reflect.DelegatingMethodAccessorImpl.invoke(DelegatingMethodAccessorImpl.java:43)
	at java.lang.reflect.Method.invoke(Method.java:498)
	at org.junit.runners.model.FrameworkMethod$1.runReflectiveCall(FrameworkMethod.java:47)
	at org.junit.internal.runners.model.ReflectiveCallable.run(ReflectiveCallable.java:12)
	at org.junit.runners.model.FrameworkMethod.invokeExplosively(FrameworkMethod.java:44)
	at org.junit.internal.runners.statements.InvokeMethod.evaluate(InvokeMethod.java:17)
	at org.junit.internal.runners.statements.FailOnTimeout$StatementThread.run(FailOnTimeout.java:74)
</failure>
    <system-out><![CDATA[2019-08-01 16:28:25,699 WARN  server.ServerUtils (ServerUtils.java:getScmDbDir(145)) - ozone.scm.db.dirs is not configured. We recommend adding this setting. Falling back to ozone.metadata.dirs instead.
2019-08-01 16:28:25,713 WARN  server.ServerUtils (ServerUtils.java:getScmDbDir(145)) - ozone.scm.db.dirs is not configured. We recommend adding this setting. Falling back to ozone.metadata.dirs instead.
2019-08-01 16:28:25,714 WARN  server.ServerUtils (ServerUtils.java:getScmDbDir(145)) - ozone.scm.db.dirs is not configured. We recommend adding this setting. Falling back to ozone.metadata.dirs instead.
2019-08-01 16:28:25,714 INFO  db.DBStoreBuilder (DBStoreBuilder.java:addTable(110)) - using custom profile for table: deletedBlocks
2019-08-01 16:28:25,715 INFO  db.DBStoreBuilder (DBStoreBuilder.java:processTables(161)) - Using default column profile:DBProfile.DISK for Table:deletedBlocks
2019-08-01 16:28:25,715 INFO  db.DBStoreBuilder (DBStoreBuilder.java:addTable(110)) - using custom profile for table: validCerts
2019-08-01 16:28:25,715 INFO  db.DBStoreBuilder (DBStoreBuilder.java:processTables(161)) - Using default column profile:DBProfile.DISK for Table:validCerts
2019-08-01 16:28:25,715 INFO  db.DBStoreBuilder (DBStoreBuilder.java:addTable(110)) - using custom profile for table: revokedCerts
2019-08-01 16:28:25,716 INFO  db.DBStoreBuilder (DBStoreBuilder.java:processTables(161)) - Using default column profile:DBProfile.DISK for Table:revokedCerts
2019-08-01 16:28:25,716 INFO  db.DBStoreBuilder (DBStoreBuilder.java:addTable(110)) - using custom profile for table: default
2019-08-01 16:28:25,716 INFO  db.DBStoreBuilder (DBStoreBuilder.java:processTables(167)) - Using default column profile:DBProfile.DISK for Table:default
2019-08-01 16:28:25,716 INFO  db.DBStoreBuilder (DBStoreBuilder.java:getDbProfile(198)) - Using default options. DBProfile.DISK
2019-08-01 16:28:25,877 INFO  net.NodeSchemaLoader (NodeSchemaLoader.java:loadSchemaFromFile(125)) - Loading file from sun.misc.CompoundEnumeration@77840a4e
2019-08-01 16:28:25,877 INFO  net.NodeSchemaLoader (NodeSchemaLoader.java:loadSchema(171)) - Loading network topology layer schema file
2019-08-01 16:28:25,881 WARN  server.ServerUtils (ServerUtils.java:sanitizeUserArgs(70)) - ozone.scm.stale.node.interval value = 300000 is larger than max = 100000 based on the key value of ozone.scm.heartbeat.thread.interval, reset to the max value 100000.
2019-08-01 16:28:25,881 WARN  server.ServerUtils (ServerUtils.java:sanitizeUserArgs(70)) - ozone.scm.stale.node.interval value = 300000 is larger than max = 100000 based on the key value of ozone.scm.heartbeat.thread.interval, reset to the max value 100000.
2019-08-01 16:28:25,882 INFO  node.SCMNodeManager (SCMNodeManager.java:<init>(121)) - Entering startup safe mode.
2019-08-01 16:28:25,882 INFO  Configuration.deprecation (Configuration.java:logDeprecation(1394)) - hadoop.configured.node.mapping is deprecated. Instead, use net.topology.configured.node.mapping
2019-08-01 16:28:25,883 WARN  server.ServerUtils (ServerUtils.java:getScmDbDir(145)) - ozone.scm.db.dirs is not configured. We recommend adding this setting. Falling back to ozone.metadata.dirs instead.
2019-08-01 16:28:25,931 INFO  pipeline.SCMPipelineManager (SCMPipelineManager.java:initializePipelineState(126)) - No pipeline exists in current db
2019-08-01 16:28:25,931 WARN  server.ServerUtils (ServerUtils.java:getScmDbDir(145)) - ozone.scm.db.dirs is not configured. We recommend adding this setting. Falling back to ozone.metadata.dirs instead.
2019-08-01 16:28:25,965 WARN  events.EventQueue (EventQueue.java:fireEvent(175)) - No event handler registered for event TypedEvent{payloadType=SafeModeStatus, name='SafeModeStatus'}
2019-08-01 16:28:25,965 INFO  ipc.CallQueueManager (CallQueueManager.java:<init>(84)) - Using callQueue: class java.util.concurrent.LinkedBlockingQueue, queueCapacity: 2000, scheduler: class org.apache.hadoop.ipc.DefaultRpcScheduler, ipcBackoff: false.
2019-08-01 16:28:25,966 INFO  ipc.Server (Server.java:run(1074)) - Starting Socket Reader #1 for port 39472
2019-08-01 16:28:25,970 INFO  ipc.CallQueueManager (CallQueueManager.java:<init>(84)) - Using callQueue: class java.util.concurrent.LinkedBlockingQueue, queueCapacity: 2000, scheduler: class org.apache.hadoop.ipc.DefaultRpcScheduler, ipcBackoff: false.
2019-08-01 16:28:25,970 INFO  ipc.Server (Server.java:run(1074)) - Starting Socket Reader #1 for port 46056
2019-08-01 16:28:25,973 INFO  ipc.CallQueueManager (CallQueueManager.java:<init>(84)) - Using callQueue: class java.util.concurrent.LinkedBlockingQueue, queueCapacity: 2000, scheduler: class org.apache.hadoop.ipc.DefaultRpcScheduler, ipcBackoff: false.
2019-08-01 16:28:25,974 INFO  ipc.Server (Server.java:run(1074)) - Starting Socket Reader #1 for port 36067
2019-08-01 16:28:25,977 INFO  hdfs.DFSUtil (DFSUtil.java:httpServerTemplateForNNAndJN(1641)) - Starting Web-server for scm at: http://0.0.0.0:0
2019-08-01 16:28:25,979 INFO  server.AuthenticationFilter (AuthenticationFilter.java:constructSecretProvider(240)) - Unable to initialize FileSignerSecretProvider, falling back to use random secrets.
2019-08-01 16:28:25,979 WARN  http.HttpRequestLog (HttpRequestLog.java:getRequestLog(97)) - Jetty request log can only be enabled using Log4j
2019-08-01 16:28:25,982 INFO  http.HttpServer2 (HttpServer2.java:addGlobalFilter(975)) - Added global filter 'safety' (class=org.apache.hadoop.http.HttpServer2$QuotingInputFilter)
2019-08-01 16:28:25,982 INFO  http.HttpServer2 (HttpServer2.java:addFilter(948)) - Added filter static_user_filter (class=org.apache.hadoop.http.lib.StaticUserWebFilter$StaticUserFilter) to context scm
2019-08-01 16:28:25,982 INFO  http.HttpServer2 (HttpServer2.java:addFilter(958)) - Added filter static_user_filter (class=org.apache.hadoop.http.lib.StaticUserWebFilter$StaticUserFilter) to context static
2019-08-01 16:28:25,983 INFO  http.HttpServer2 (HttpServer2.java:addFilter(958)) - Added filter static_user_filter (class=org.apache.hadoop.http.lib.StaticUserWebFilter$StaticUserFilter) to context logs
2019-08-01 16:28:25,985 INFO  server.StorageContainerManager (StorageContainerManager.java:start(758)) - StorageContainerLocationProtocol RPC server is listening at /0.0.0.0:36067
2019-08-01 16:28:25,987 WARN  impl.MetricsConfig (MetricsConfig.java:loadFirst(134)) - Cannot locate configuration: tried hadoop-metrics2-storagecontainermanager.properties,hadoop-metrics2.properties
2019-08-01 16:28:25,988 INFO  impl.MetricsSystemImpl (MetricsSystemImpl.java:startTimer(374)) - Scheduled Metric snapshot period at 10 second(s).
2019-08-01 16:28:25,988 INFO  impl.MetricsSystemImpl (MetricsSystemImpl.java:start(191)) - StorageContainerManager metrics system started
2019-08-01 16:28:26,156 INFO  server.SCMClientProtocolServer (SCMClientProtocolServer.java:start(151)) - RPC server for Client  is listening at /0.0.0.0:36067
2019-08-01 16:28:26,156 INFO  ipc.Server (Server.java:run(1314)) - IPC Server Responder: starting
2019-08-01 16:28:26,157 INFO  ipc.Server (Server.java:run(1153)) - IPC Server listener on 36067: starting
2019-08-01 16:28:26,164 INFO  server.StorageContainerManager (StorageContainerManager.java:start(768)) - ScmBlockLocationProtocol RPC server is listening at /0.0.0.0:46056
2019-08-01 16:28:26,164 INFO  server.SCMBlockProtocolServer (SCMBlockProtocolServer.java:start(140)) - RPC server for Block Protocol is listening at /0.0.0.0:46056
2019-08-01 16:28:26,165 INFO  ipc.Server (Server.java:run(1314)) - IPC Server Responder: starting
2019-08-01 16:28:26,165 INFO  ipc.Server (Server.java:run(1153)) - IPC Server listener on 46056: starting
2019-08-01 16:28:26,171 INFO  server.StorageContainerManager (StorageContainerManager.java:start(772)) - ScmDatanodeProtocl RPC server is listening at /0.0.0.0:39472
2019-08-01 16:28:26,171 INFO  server.SCMDatanodeProtocolServer (SCMDatanodeProtocolServer.java:start(191)) - RPC server for DataNodes is listening at /0.0.0.0:39472
2019-08-01 16:28:26,172 INFO  ipc.Server (Server.java:run(1314)) - IPC Server Responder: starting
2019-08-01 16:28:26,172 INFO  ipc.Server (Server.java:run(1153)) - IPC Server listener on 39472: starting
2019-08-01 16:28:26,179 INFO  http.HttpServer2 (HttpServer2.java:bindListener(1191)) - Jetty bound to port 37114
2019-08-01 16:28:26,179 INFO  server.Server (Server.java:doStart(351)) - jetty-9.3.24.v20180605, build timestamp: 2018-06-05T17:11:56Z, git hash: 84205aa28f11a4f31f2a3b86d1bba2cc8ab69827
2019-08-01 16:28:26,181 INFO  handler.ContextHandler (ContextHandler.java:doStart(781)) - Started o.e.j.s.ServletContextHandler@405289d{/logs,file:///workdir/hadoop-ozone/integration-test/target/log,AVAILABLE}
2019-08-01 16:28:26,182 INFO  handler.ContextHandler (ContextHandler.java:doStart(781)) - Started o.e.j.s.ServletContextHandler@750269e4{/static,file:///workdir/hadoop-ozone/integration-test/target/test-classes/webapps/static,AVAILABLE}
2019-08-01 16:28:26,187 INFO  handler.ContextHandler (ContextHandler.java:doStart(781)) - Started o.e.j.w.WebAppContext@3def6a89{/,file:///workdir/hadoop-ozone/integration-test/target/test-classes/webapps/scm/,AVAILABLE}{/scm}
2019-08-01 16:28:26,187 INFO  server.AbstractConnector (AbstractConnector.java:doStart(278)) - Started ServerConnector@69b3fcf5{HTTP/1.1,[http/1.1]}{0.0.0.0:37114}
2019-08-01 16:28:26,189 INFO  server.Server (Server.java:doStart(419)) - Started @81941ms
2019-08-01 16:28:26,190 INFO  server.BaseHttpServer (BaseHttpServer.java:updateConnectorAddress(207)) - HTTP server of SCM is listening at http://0.0.0.0:37114
2019-08-01 16:28:26,199 WARN  server.ServerUtils (ServerUtils.java:getDBPath(222)) - ozone.om.db.dirs is not configured. We recommend adding this setting. Falling back to ozone.metadata.dirs instead.
2019-08-01 16:28:26,199 INFO  util.JvmPauseMonitor (JvmPauseMonitor.java:run(188)) - Starting JVM pause monitor
2019-08-01 16:28:26,213 WARN  server.ServerUtils (ServerUtils.java:getDBPath(222)) - ozone.om.db.dirs is not configured. We recommend adding this setting. Falling back to ozone.metadata.dirs instead.
2019-08-01 16:28:26,214 WARN  server.ServerUtils (ServerUtils.java:getDBPath(222)) - ozone.om.db.dirs is not configured. We recommend adding this setting. Falling back to ozone.metadata.dirs instead.
2019-08-01 16:28:26,214 INFO  om.OzoneManager (OzoneManager.java:setOMNodeDetails(644)) - OM Service ID is not set. Setting it to the default ID: omServiceIdDefault
2019-08-01 16:28:26,214 INFO  om.OzoneManager (OzoneManager.java:setOMNodeDetails(650)) - OM Node ID is not set. Setting it to the OmStorage's OmID: 2eb0acc2-6adf-4786-a5d8-3d3bf0c75141
2019-08-01 16:28:26,215 INFO  om.OzoneManager (OzoneManager.java:loadOMHAConfigs(601)) - Found matching OM address with OMServiceId: null, OMNodeId: null, RPC Address: localhost:0 and Ratis port: 9872
2019-08-01 16:28:26,226 WARN  server.ServerUtils (ServerUtils.java:getDBPath(222)) - ozone.om.db.dirs is not configured. We recommend adding this setting. Falling back to ozone.metadata.dirs instead.
2019-08-01 16:28:26,227 INFO  db.DBStoreBuilder (DBStoreBuilder.java:addTable(110)) - using custom profile for table: userTable
2019-08-01 16:28:26,227 INFO  db.DBStoreBuilder (DBStoreBuilder.java:processTables(161)) - Using default column profile:DBProfile.DISK for Table:userTable
2019-08-01 16:28:26,227 INFO  db.DBStoreBuilder (DBStoreBuilder.java:addTable(110)) - using custom profile for table: volumeTable
2019-08-01 16:28:26,227 INFO  db.DBStoreBuilder (DBStoreBuilder.java:processTables(161)) - Using default column profile:DBProfile.DISK for Table:volumeTable
2019-08-01 16:28:26,228 INFO  db.DBStoreBuilder (DBStoreBuilder.java:addTable(110)) - using custom profile for table: bucketTable
2019-08-01 16:28:26,228 INFO  db.DBStoreBuilder (DBStoreBuilder.java:processTables(161)) - Using default column profile:DBProfile.DISK for Table:bucketTable
2019-08-01 16:28:26,228 INFO  db.DBStoreBuilder (DBStoreBuilder.java:addTable(110)) - using custom profile for table: keyTable
2019-08-01 16:28:26,228 INFO  db.DBStoreBuilder (DBStoreBuilder.java:processTables(161)) - Using default column profile:DBProfile.DISK for Table:keyTable
2019-08-01 16:28:26,228 INFO  db.DBStoreBuilder (DBStoreBuilder.java:addTable(110)) - using custom profile for table: deletedTable
2019-08-01 16:28:26,228 INFO  db.DBStoreBuilder (DBStoreBuilder.java:processTables(161)) - Using default column profile:DBProfile.DISK for Table:deletedTable
2019-08-01 16:28:26,229 INFO  db.DBStoreBuilder (DBStoreBuilder.java:addTable(110)) - using custom profile for table: openKeyTable
2019-08-01 16:28:26,229 INFO  db.DBStoreBuilder (DBStoreBuilder.java:processTables(161)) - Using default column profile:DBProfile.DISK for Table:openKeyTable
2019-08-01 16:28:26,229 INFO  db.DBStoreBuilder (DBStoreBuilder.java:addTable(110)) - using custom profile for table: s3Table
2019-08-01 16:28:26,229 INFO  db.DBStoreBuilder (DBStoreBuilder.java:processTables(161)) - Using default column profile:DBProfile.DISK for Table:s3Table
2019-08-01 16:28:26,230 INFO  db.DBStoreBuilder (DBStoreBuilder.java:addTable(110)) - using custom profile for table: multipartInfoTable
2019-08-01 16:28:26,230 INFO  db.DBStoreBuilder (DBStoreBuilder.java:processTables(161)) - Using default column profile:DBProfile.DISK for Table:multipartInfoTable
2019-08-01 16:28:26,230 INFO  db.DBStoreBuilder (DBStoreBuilder.java:addTable(110)) - using custom profile for table: dTokenTable
2019-08-01 16:28:26,230 INFO  db.DBStoreBuilder (DBStoreBuilder.java:processTables(161)) - Using default column profile:DBProfile.DISK for Table:dTokenTable
2019-08-01 16:28:26,230 INFO  db.DBStoreBuilder (DBStoreBuilder.java:addTable(110)) - using custom profile for table: s3SecretTable
2019-08-01 16:28:26,230 INFO  db.DBStoreBuilder (DBStoreBuilder.java:processTables(161)) - Using default column profile:DBProfile.DISK for Table:s3SecretTable
2019-08-01 16:28:26,231 INFO  db.DBStoreBuilder (DBStoreBuilder.java:addTable(110)) - using custom profile for table: prefixTable
2019-08-01 16:28:26,231 INFO  db.DBStoreBuilder (DBStoreBuilder.java:processTables(161)) - Using default column profile:DBProfile.DISK for Table:prefixTable
2019-08-01 16:28:26,231 INFO  db.DBStoreBuilder (DBStoreBuilder.java:addTable(110)) - using custom profile for table: default
2019-08-01 16:28:26,231 INFO  db.DBStoreBuilder (DBStoreBuilder.java:processTables(167)) - Using default column profile:DBProfile.DISK for Table:default
2019-08-01 16:28:26,231 INFO  db.DBStoreBuilder (DBStoreBuilder.java:getDbProfile(198)) - Using default options. DBProfile.DISK
2019-08-01 16:28:26,682 INFO  ipc.CallQueueManager (CallQueueManager.java:<init>(84)) - Using callQueue: class java.util.concurrent.LinkedBlockingQueue, queueCapacity: 2000, scheduler: class org.apache.hadoop.ipc.DefaultRpcScheduler, ipcBackoff: false.
2019-08-01 16:28:26,683 INFO  ipc.Server (Server.java:run(1074)) - Starting Socket Reader #1 for port 39221
2019-08-01 16:28:26,703 INFO  om.OzoneManager (OzoneManager.java:start(1255)) - OzoneManager RPC server is listening at localhost/127.0.0.1:39221
2019-08-01 16:28:26,703 INFO  impl.MetricsSystemImpl (MetricsSystemImpl.java:init(158)) - OzoneManager metrics system started (again)
2019-08-01 16:28:26,704 INFO  ipc.Server (Server.java:run(1314)) - IPC Server Responder: starting
2019-08-01 16:28:26,704 INFO  ipc.Server (Server.java:run(1153)) - IPC Server listener on 39221: starting
2019-08-01 16:28:26,712 INFO  hdfs.DFSUtil (DFSUtil.java:httpServerTemplateForNNAndJN(1641)) - Starting Web-server for ozoneManager at: http://0.0.0.0:0
2019-08-01 16:28:26,714 INFO  server.AuthenticationFilter (AuthenticationFilter.java:constructSecretProvider(240)) - Unable to initialize FileSignerSecretProvider, falling back to use random secrets.
2019-08-01 16:28:26,714 WARN  http.HttpRequestLog (HttpRequestLog.java:getRequestLog(97)) - Jetty request log can only be enabled using Log4j
2019-08-01 16:28:26,716 INFO  http.HttpServer2 (HttpServer2.java:addGlobalFilter(975)) - Added global filter 'safety' (class=org.apache.hadoop.http.HttpServer2$QuotingInputFilter)
2019-08-01 16:28:26,717 INFO  http.HttpServer2 (HttpServer2.java:addFilter(948)) - Added filter static_user_filter (class=org.apache.hadoop.http.lib.StaticUserWebFilter$StaticUserFilter) to context ozoneManager
2019-08-01 16:28:26,717 INFO  http.HttpServer2 (HttpServer2.java:addFilter(958)) - Added filter static_user_filter (class=org.apache.hadoop.http.lib.StaticUserWebFilter$StaticUserFilter) to context logs
2019-08-01 16:28:26,717 INFO  http.HttpServer2 (HttpServer2.java:addFilter(958)) - Added filter static_user_filter (class=org.apache.hadoop.http.lib.StaticUserWebFilter$StaticUserFilter) to context static
2019-08-01 16:28:26,718 INFO  http.HttpServer2 (HttpServer2.java:bindListener(1191)) - Jetty bound to port 43495
2019-08-01 16:28:26,718 INFO  server.Server (Server.java:doStart(351)) - jetty-9.3.24.v20180605, build timestamp: 2018-06-05T17:11:56Z, git hash: 84205aa28f11a4f31f2a3b86d1bba2cc8ab69827
2019-08-01 16:28:26,720 INFO  handler.ContextHandler (ContextHandler.java:doStart(781)) - Started o.e.j.s.ServletContextHandler@56990fb{/logs,file:///workdir/hadoop-ozone/integration-test/target/log,AVAILABLE}
2019-08-01 16:28:26,721 INFO  handler.ContextHandler (ContextHandler.java:doStart(781)) - Started o.e.j.s.ServletContextHandler@3cb81aae{/static,file:///workdir/hadoop-ozone/integration-test/target/test-classes/webapps/static,AVAILABLE}
2019-08-01 16:28:26,726 INFO  handler.ContextHandler (ContextHandler.java:doStart(781)) - Started o.e.j.w.WebAppContext@369798b9{/,file:///workdir/hadoop-ozone/integration-test/target/test-classes/webapps/ozoneManager/,AVAILABLE}{/ozoneManager}
2019-08-01 16:28:26,726 INFO  server.AbstractConnector (AbstractConnector.java:doStart(278)) - Started ServerConnector@4f6fda6{HTTP/1.1,[http/1.1]}{0.0.0.0:43495}
2019-08-01 16:28:26,728 INFO  server.Server (Server.java:doStart(419)) - Started @82479ms
2019-08-01 16:28:26,729 INFO  server.BaseHttpServer (BaseHttpServer.java:updateConnectorAddress(207)) - HTTP server of OZONEMANAGER is listening at http://0.0.0.0:43495
2019-08-01 16:28:26,736 INFO  impl.MetricsSystemImpl (MetricsSystemImpl.java:init(158)) - HddsDatanode metrics system started (again)
2019-08-01 16:28:26,746 INFO  ozone.HddsDatanodeService (HddsDatanodeService.java:start(184)) - HddsDatanodeService host:byscane-nightly-hwqnr-1260472869 ip:192.168.157.209
2019-08-01 16:28:26,755 INFO  volume.HddsVolume (HddsVolume.java:<init>(176)) - Creating Volume: /workdir/hadoop-ozone/integration-test/target/test-dir/MiniOzoneClusterImpl-d7ab4b8e-b62e-4f8d-8bb8-ced3748fa7db/datanode-0/data/containers/hdds of  storage type : DISK and capacity : 52710309888
2019-08-01 16:28:26,756 INFO  volume.VolumeSet (VolumeSet.java:initializeVolumeSet(170)) - Added Volume : /workdir/hadoop-ozone/integration-test/target/test-dir/MiniOzoneClusterImpl-d7ab4b8e-b62e-4f8d-8bb8-ced3748fa7db/datanode-0/data/containers/hdds to VolumeSet
2019-08-01 16:28:26,756 INFO  volume.ThrottledAsyncChecker (ThrottledAsyncChecker.java:schedule(140)) - Scheduling a check for org.apache.hadoop.ozone.container.common.volume.HddsVolume@441d2198
2019-08-01 16:28:26,757 INFO  volume.HddsVolumeChecker (HddsVolumeChecker.java:checkAllVolumes(203)) - Scheduled health check for volume org.apache.hadoop.ozone.container.common.volume.HddsVolume@441d2198
2019-08-01 16:28:26,783 INFO  impl.RaftServerProxy (ConfUtils.java:logGet(43)) - raft.rpc.type = GRPC (default)
2019-08-01 16:28:26,783 INFO  grpc.GrpcFactory (GrpcFactory.java:checkPooledByteBufAllocatorUseCacheForAllThreads(45)) - PERFORMANCE WARNING: useCacheForAllThreads is true that may cause Netty to create a lot garbage objects and, as a result, trigger GC.
	It is recommended to disable useCacheForAllThreads by setting -Dorg.apache.ratis.thirdparty.io.netty.allocator.useCacheForAllThreads=false in command line.
2019-08-01 16:28:26,784 INFO  grpc.GrpcConfigKeys$Server (ConfUtils.java:logGet(43)) - raft.grpc.server.port = 0 (default)
2019-08-01 16:28:26,784 INFO  server.GrpcService (ConfUtils.java:logGet(43)) - raft.grpc.message.size.max = 33570816 (custom)
2019-08-01 16:28:26,784 INFO  server.RaftServerConfigKeys (ConfUtils.java:logGet(43)) - raft.server.log.appender.buffer.byte-limit = 33554432 (custom)
2019-08-01 16:28:26,784 INFO  server.GrpcService (ConfUtils.java:logGet(43)) - raft.grpc.flow.control.window = 1MB (=1048576) (default)
2019-08-01 16:28:26,785 INFO  server.RaftServerConfigKeys (ConfUtils.java:logGet(43)) - raft.server.rpc.request.timeout = 3000ms (default)
2019-08-01 16:28:26,785 INFO  server.RaftServerConfigKeys (ConfUtils.java:logGet(43)) - raft.server.storage.dir = [/workdir/hadoop-ozone/integration-test/target/test-dir/MiniOzoneClusterImpl-d7ab4b8e-b62e-4f8d-8bb8-ced3748fa7db/datanode-0/data/ratis] (custom)
2019-08-01 16:28:26,786 INFO  replication.SimpleContainerDownloader (SimpleContainerDownloader.java:<init>(72)) - Starting container downloader service to copy containers to replicate.
2019-08-01 16:28:26,787 INFO  hdfs.DFSUtil (DFSUtil.java:httpServerTemplateForNNAndJN(1641)) - Starting Web-server for hddsDatanode at: http://0.0.0.0:0
2019-08-01 16:28:26,789 INFO  server.AuthenticationFilter (AuthenticationFilter.java:constructSecretProvider(240)) - Unable to initialize FileSignerSecretProvider, falling back to use random secrets.
2019-08-01 16:28:26,789 WARN  http.HttpRequestLog (HttpRequestLog.java:getRequestLog(97)) - Jetty request log can only be enabled using Log4j
2019-08-01 16:28:26,791 INFO  http.HttpServer2 (HttpServer2.java:addGlobalFilter(975)) - Added global filter 'safety' (class=org.apache.hadoop.http.HttpServer2$QuotingInputFilter)
2019-08-01 16:28:26,791 INFO  http.HttpServer2 (HttpServer2.java:addFilter(948)) - Added filter static_user_filter (class=org.apache.hadoop.http.lib.StaticUserWebFilter$StaticUserFilter) to context hddsDatanode
2019-08-01 16:28:26,791 INFO  http.HttpServer2 (HttpServer2.java:addFilter(958)) - Added filter static_user_filter (class=org.apache.hadoop.http.lib.StaticUserWebFilter$StaticUserFilter) to context logs
2019-08-01 16:28:26,792 INFO  http.HttpServer2 (HttpServer2.java:addFilter(958)) - Added filter static_user_filter (class=org.apache.hadoop.http.lib.StaticUserWebFilter$StaticUserFilter) to context static
2019-08-01 16:28:26,793 INFO  http.HttpServer2 (HttpServer2.java:bindListener(1191)) - Jetty bound to port 42364
2019-08-01 16:28:26,793 INFO  server.Server (Server.java:doStart(351)) - jetty-9.3.24.v20180605, build timestamp: 2018-06-05T17:11:56Z, git hash: 84205aa28f11a4f31f2a3b86d1bba2cc8ab69827
2019-08-01 16:28:26,796 INFO  handler.ContextHandler (ContextHandler.java:doStart(781)) - Started o.e.j.s.ServletContextHandler@3f461775{/logs,file:///workdir/hadoop-ozone/integration-test/target/log,AVAILABLE}
2019-08-01 16:28:26,796 INFO  handler.ContextHandler (ContextHandler.java:doStart(781)) - Started o.e.j.s.ServletContextHandler@288fc9d2{/static,jar:file:/home/user/.m2/repository/org/apache/hadoop/hadoop-hdds-container-service/0.4.1-SNAPSHOT/hadoop-hdds-container-service-0.4.1-SNAPSHOT.jar!/webapps/static,AVAILABLE}
2019-08-01 16:28:26,827 INFO  handler.ContextHandler (ContextHandler.java:doStart(781)) - Started o.e.j.w.WebAppContext@4bf565b2{/,file:///tmp/jetty-0.0.0.0-42364-hddsDatanode-_-any-8827970690308603285.dir/webapp/,AVAILABLE}{/hddsDatanode}
2019-08-01 16:28:26,827 INFO  server.AbstractConnector (AbstractConnector.java:doStart(278)) - Started ServerConnector@33508c0c{HTTP/1.1,[http/1.1]}{0.0.0.0:42364}
2019-08-01 16:28:26,830 INFO  server.Server (Server.java:doStart(419)) - Started @82581ms
2019-08-01 16:28:26,830 INFO  server.BaseHttpServer (BaseHttpServer.java:updateConnectorAddress(207)) - HTTP server of HDDSDATANODE is listening at http://0.0.0.0:42364
2019-08-01 16:28:26,936 INFO  ozone.HddsDatanodeService (HddsDatanodeService.java:startPlugins(395)) - Started plug-in org.apache.hadoop.ozone.web.OzoneHddsDatanodeService@7077417a
2019-08-01 16:28:26,937 INFO  impl.MetricsSystemImpl (MetricsSystemImpl.java:init(158)) - HddsDatanode metrics system started (again)
2019-08-01 16:28:26,947 INFO  ozone.HddsDatanodeService (HddsDatanodeService.java:start(184)) - HddsDatanodeService host:byscane-nightly-hwqnr-1260472869 ip:192.168.157.209
2019-08-01 16:28:26,947 INFO  util.JvmPauseMonitor (JvmPauseMonitor.java:run(188)) - Starting JVM pause monitor
2019-08-01 16:28:26,949 INFO  datanode.InitDatanodeState (InitDatanodeState.java:persistContainerDatanodeDetails(140)) - DatanodeDetails is persisted to /workdir/hadoop-ozone/integration-test/target/test-dir/MiniOzoneClusterImpl-d7ab4b8e-b62e-4f8d-8bb8-ced3748fa7db/datanode-0/meta/datanode.id
2019-08-01 16:28:26,957 INFO  volume.HddsVolume (HddsVolume.java:<init>(176)) - Creating Volume: /workdir/hadoop-ozone/integration-test/target/test-dir/MiniOzoneClusterImpl-d7ab4b8e-b62e-4f8d-8bb8-ced3748fa7db/datanode-1/data/containers/hdds of  storage type : DISK and capacity : 52710309888
2019-08-01 16:28:26,957 INFO  volume.VolumeSet (VolumeSet.java:initializeVolumeSet(170)) - Added Volume : /workdir/hadoop-ozone/integration-test/target/test-dir/MiniOzoneClusterImpl-d7ab4b8e-b62e-4f8d-8bb8-ced3748fa7db/datanode-1/data/containers/hdds to VolumeSet
2019-08-01 16:28:26,957 INFO  volume.ThrottledAsyncChecker (ThrottledAsyncChecker.java:schedule(140)) - Scheduling a check for org.apache.hadoop.ozone.container.common.volume.HddsVolume@68951c79
2019-08-01 16:28:26,958 INFO  volume.HddsVolumeChecker (HddsVolumeChecker.java:checkAllVolumes(203)) - Scheduled health check for volume org.apache.hadoop.ozone.container.common.volume.HddsVolume@68951c79
2019-08-01 16:28:26,974 INFO  impl.RaftServerProxy (ConfUtils.java:logGet(43)) - raft.rpc.type = GRPC (default)
2019-08-01 16:28:26,974 INFO  grpc.GrpcFactory (GrpcFactory.java:checkPooledByteBufAllocatorUseCacheForAllThreads(45)) - PERFORMANCE WARNING: useCacheForAllThreads is true that may cause Netty to create a lot garbage objects and, as a result, trigger GC.
	It is recommended to disable useCacheForAllThreads by setting -Dorg.apache.ratis.thirdparty.io.netty.allocator.useCacheForAllThreads=false in command line.
2019-08-01 16:28:26,975 INFO  grpc.GrpcConfigKeys$Server (ConfUtils.java:logGet(43)) - raft.grpc.server.port = 0 (default)
2019-08-01 16:28:26,975 INFO  server.GrpcService (ConfUtils.java:logGet(43)) - raft.grpc.message.size.max = 33570816 (custom)
2019-08-01 16:28:26,975 INFO  server.RaftServerConfigKeys (ConfUtils.java:logGet(43)) - raft.server.log.appender.buffer.byte-limit = 33554432 (custom)
2019-08-01 16:28:26,975 INFO  server.GrpcService (ConfUtils.java:logGet(43)) - raft.grpc.flow.control.window = 1MB (=1048576) (default)
2019-08-01 16:28:26,975 INFO  server.RaftServerConfigKeys (ConfUtils.java:logGet(43)) - raft.server.rpc.request.timeout = 3000ms (default)
2019-08-01 16:28:26,976 INFO  server.RaftServerConfigKeys (ConfUtils.java:logGet(43)) - raft.server.storage.dir = [/workdir/hadoop-ozone/integration-test/target/test-dir/MiniOzoneClusterImpl-d7ab4b8e-b62e-4f8d-8bb8-ced3748fa7db/datanode-1/data/ratis] (custom)
2019-08-01 16:28:26,976 INFO  replication.SimpleContainerDownloader (SimpleContainerDownloader.java:<init>(72)) - Starting container downloader service to copy containers to replicate.
2019-08-01 16:28:26,977 INFO  hdfs.DFSUtil (DFSUtil.java:httpServerTemplateForNNAndJN(1641)) - Starting Web-server for hddsDatanode at: http://0.0.0.0:0
2019-08-01 16:28:26,978 INFO  server.AuthenticationFilter (AuthenticationFilter.java:constructSecretProvider(240)) - Unable to initialize FileSignerSecretProvider, falling back to use random secrets.
2019-08-01 16:28:26,979 WARN  http.HttpRequestLog (HttpRequestLog.java:getRequestLog(97)) - Jetty request log can only be enabled using Log4j
2019-08-01 16:28:26,980 INFO  http.HttpServer2 (HttpServer2.java:addGlobalFilter(975)) - Added global filter 'safety' (class=org.apache.hadoop.http.HttpServer2$QuotingInputFilter)
2019-08-01 16:28:26,980 INFO  http.HttpServer2 (HttpServer2.java:addFilter(948)) - Added filter static_user_filter (class=org.apache.hadoop.http.lib.StaticUserWebFilter$StaticUserFilter) to context hddsDatanode
2019-08-01 16:28:26,980 INFO  http.HttpServer2 (HttpServer2.java:addFilter(958)) - Added filter static_user_filter (class=org.apache.hadoop.http.lib.StaticUserWebFilter$StaticUserFilter) to context logs
2019-08-01 16:28:26,980 INFO  http.HttpServer2 (HttpServer2.java:addFilter(958)) - Added filter static_user_filter (class=org.apache.hadoop.http.lib.StaticUserWebFilter$StaticUserFilter) to context static
2019-08-01 16:28:26,981 INFO  http.HttpServer2 (HttpServer2.java:bindListener(1191)) - Jetty bound to port 35983
2019-08-01 16:28:26,981 INFO  server.Server (Server.java:doStart(351)) - jetty-9.3.24.v20180605, build timestamp: 2018-06-05T17:11:56Z, git hash: 84205aa28f11a4f31f2a3b86d1bba2cc8ab69827
2019-08-01 16:28:26,983 INFO  handler.ContextHandler (ContextHandler.java:doStart(781)) - Started o.e.j.s.ServletContextHandler@3325c094{/logs,file:///workdir/hadoop-ozone/integration-test/target/log,AVAILABLE}
2019-08-01 16:28:26,983 INFO  handler.ContextHandler (ContextHandler.java:doStart(781)) - Started o.e.j.s.ServletContextHandler@378e09bc{/static,jar:file:/home/user/.m2/repository/org/apache/hadoop/hadoop-hdds-container-service/0.4.1-SNAPSHOT/hadoop-hdds-container-service-0.4.1-SNAPSHOT.jar!/webapps/static,AVAILABLE}
2019-08-01 16:28:27,018 INFO  handler.ContextHandler (ContextHandler.java:doStart(781)) - Started o.e.j.w.WebAppContext@bda563c{/,file:///tmp/jetty-0.0.0.0-35983-hddsDatanode-_-any-5765443287843039808.dir/webapp/,AVAILABLE}{/hddsDatanode}
2019-08-01 16:28:27,019 INFO  server.AbstractConnector (AbstractConnector.java:doStart(278)) - Started ServerConnector@3ea9629f{HTTP/1.1,[http/1.1]}{0.0.0.0:35983}
2019-08-01 16:28:27,021 INFO  server.Server (Server.java:doStart(419)) - Started @82773ms
2019-08-01 16:28:27,022 INFO  server.BaseHttpServer (BaseHttpServer.java:updateConnectorAddress(207)) - HTTP server of HDDSDATANODE is listening at http://0.0.0.0:35983
2019-08-01 16:28:27,157 INFO  ozone.HddsDatanodeService (HddsDatanodeService.java:startPlugins(395)) - Started plug-in org.apache.hadoop.ozone.web.OzoneHddsDatanodeService@502662c5
2019-08-01 16:28:27,157 INFO  impl.MetricsSystemImpl (MetricsSystemImpl.java:init(158)) - HddsDatanode metrics system started (again)
2019-08-01 16:28:27,168 INFO  util.JvmPauseMonitor (JvmPauseMonitor.java:run(188)) - Starting JVM pause monitor
2019-08-01 16:28:27,169 INFO  ozone.HddsDatanodeService (HddsDatanodeService.java:start(184)) - HddsDatanodeService host:byscane-nightly-hwqnr-1260472869 ip:192.168.157.209
2019-08-01 16:28:27,170 INFO  datanode.InitDatanodeState (InitDatanodeState.java:persistContainerDatanodeDetails(140)) - DatanodeDetails is persisted to /workdir/hadoop-ozone/integration-test/target/test-dir/MiniOzoneClusterImpl-d7ab4b8e-b62e-4f8d-8bb8-ced3748fa7db/datanode-1/meta/datanode.id
2019-08-01 16:28:27,179 INFO  volume.HddsVolume (HddsVolume.java:<init>(176)) - Creating Volume: /workdir/hadoop-ozone/integration-test/target/test-dir/MiniOzoneClusterImpl-d7ab4b8e-b62e-4f8d-8bb8-ced3748fa7db/datanode-2/data/containers/hdds of  storage type : DISK and capacity : 52710309888
2019-08-01 16:28:27,179 INFO  volume.VolumeSet (VolumeSet.java:initializeVolumeSet(170)) - Added Volume : /workdir/hadoop-ozone/integration-test/target/test-dir/MiniOzoneClusterImpl-d7ab4b8e-b62e-4f8d-8bb8-ced3748fa7db/datanode-2/data/containers/hdds to VolumeSet
2019-08-01 16:28:27,179 INFO  volume.ThrottledAsyncChecker (ThrottledAsyncChecker.java:schedule(140)) - Scheduling a check for org.apache.hadoop.ozone.container.common.volume.HddsVolume@362829c6
2019-08-01 16:28:27,180 INFO  volume.HddsVolumeChecker (HddsVolumeChecker.java:checkAllVolumes(203)) - Scheduled health check for volume org.apache.hadoop.ozone.container.common.volume.HddsVolume@362829c6
2019-08-01 16:28:27,202 INFO  impl.RaftServerProxy (ConfUtils.java:logGet(43)) - raft.rpc.type = GRPC (default)
2019-08-01 16:28:27,202 INFO  grpc.GrpcFactory (GrpcFactory.java:checkPooledByteBufAllocatorUseCacheForAllThreads(45)) - PERFORMANCE WARNING: useCacheForAllThreads is true that may cause Netty to create a lot garbage objects and, as a result, trigger GC.
	It is recommended to disable useCacheForAllThreads by setting -Dorg.apache.ratis.thirdparty.io.netty.allocator.useCacheForAllThreads=false in command line.
2019-08-01 16:28:27,202 INFO  grpc.GrpcConfigKeys$Server (ConfUtils.java:logGet(43)) - raft.grpc.server.port = 0 (default)
2019-08-01 16:28:27,203 INFO  server.GrpcService (ConfUtils.java:logGet(43)) - raft.grpc.message.size.max = 33570816 (custom)
2019-08-01 16:28:27,203 INFO  server.RaftServerConfigKeys (ConfUtils.java:logGet(43)) - raft.server.log.appender.buffer.byte-limit = 33554432 (custom)
2019-08-01 16:28:27,203 INFO  server.GrpcService (ConfUtils.java:logGet(43)) - raft.grpc.flow.control.window = 1MB (=1048576) (default)
2019-08-01 16:28:27,203 INFO  server.RaftServerConfigKeys (ConfUtils.java:logGet(43)) - raft.server.rpc.request.timeout = 3000ms (default)
2019-08-01 16:28:27,204 INFO  server.RaftServerConfigKeys (ConfUtils.java:logGet(43)) - raft.server.storage.dir = [/workdir/hadoop-ozone/integration-test/target/test-dir/MiniOzoneClusterImpl-d7ab4b8e-b62e-4f8d-8bb8-ced3748fa7db/datanode-2/data/ratis] (custom)
2019-08-01 16:28:27,204 INFO  replication.SimpleContainerDownloader (SimpleContainerDownloader.java:<init>(72)) - Starting container downloader service to copy containers to replicate.
2019-08-01 16:28:27,206 INFO  hdfs.DFSUtil (DFSUtil.java:httpServerTemplateForNNAndJN(1641)) - Starting Web-server for hddsDatanode at: http://0.0.0.0:0
2019-08-01 16:28:27,207 INFO  server.AuthenticationFilter (AuthenticationFilter.java:constructSecretProvider(240)) - Unable to initialize FileSignerSecretProvider, falling back to use random secrets.
2019-08-01 16:28:27,208 WARN  http.HttpRequestLog (HttpRequestLog.java:getRequestLog(97)) - Jetty request log can only be enabled using Log4j
2019-08-01 16:28:27,209 INFO  http.HttpServer2 (HttpServer2.java:addGlobalFilter(975)) - Added global filter 'safety' (class=org.apache.hadoop.http.HttpServer2$QuotingInputFilter)
2019-08-01 16:28:27,210 INFO  http.HttpServer2 (HttpServer2.java:addFilter(948)) - Added filter static_user_filter (class=org.apache.hadoop.http.lib.StaticUserWebFilter$StaticUserFilter) to context hddsDatanode
2019-08-01 16:28:27,210 INFO  http.HttpServer2 (HttpServer2.java:addFilter(958)) - Added filter static_user_filter (class=org.apache.hadoop.http.lib.StaticUserWebFilter$StaticUserFilter) to context static
2019-08-01 16:28:27,210 INFO  http.HttpServer2 (HttpServer2.java:addFilter(958)) - Added filter static_user_filter (class=org.apache.hadoop.http.lib.StaticUserWebFilter$StaticUserFilter) to context logs
2019-08-01 16:28:27,211 INFO  http.HttpServer2 (HttpServer2.java:bindListener(1191)) - Jetty bound to port 46700
2019-08-01 16:28:27,211 INFO  server.Server (Server.java:doStart(351)) - jetty-9.3.24.v20180605, build timestamp: 2018-06-05T17:11:56Z, git hash: 84205aa28f11a4f31f2a3b86d1bba2cc8ab69827
2019-08-01 16:28:27,213 INFO  handler.ContextHandler (ContextHandler.java:doStart(781)) - Started o.e.j.s.ServletContextHandler@c7378ef{/logs,file:///workdir/hadoop-ozone/integration-test/target/log,AVAILABLE}
2019-08-01 16:28:27,214 INFO  handler.ContextHandler (ContextHandler.java:doStart(781)) - Started o.e.j.s.ServletContextHandler@27d1676b{/static,jar:file:/home/user/.m2/repository/org/apache/hadoop/hadoop-hdds-container-service/0.4.1-SNAPSHOT/hadoop-hdds-container-service-0.4.1-SNAPSHOT.jar!/webapps/static,AVAILABLE}
2019-08-01 16:28:27,250 INFO  handler.ContextHandler (ContextHandler.java:doStart(781)) - Started o.e.j.w.WebAppContext@1009e136{/,file:///tmp/jetty-0.0.0.0-46700-hddsDatanode-_-any-3254034242701998631.dir/webapp/,AVAILABLE}{/hddsDatanode}
2019-08-01 16:28:27,250 INFO  server.AbstractConnector (AbstractConnector.java:doStart(278)) - Started ServerConnector@3a11a9be{HTTP/1.1,[http/1.1]}{0.0.0.0:46700}
2019-08-01 16:28:27,253 INFO  server.Server (Server.java:doStart(419)) - Started @83005ms
2019-08-01 16:28:27,254 INFO  server.BaseHttpServer (BaseHttpServer.java:updateConnectorAddress(207)) - HTTP server of HDDSDATANODE is listening at http://0.0.0.0:46700
2019-08-01 16:28:27,369 INFO  ozone.HddsDatanodeService (HddsDatanodeService.java:startPlugins(395)) - Started plug-in org.apache.hadoop.ozone.web.OzoneHddsDatanodeService@3ea05f42
2019-08-01 16:28:27,369 INFO  ozone.MiniOzoneClusterImpl (MiniOzoneClusterImpl.java:lambda$waitForClusterToBeReady$0(142)) - Waiting for cluster to be ready. Got 0 of 3 DN Heartbeats.
2019-08-01 16:28:27,378 INFO  util.JvmPauseMonitor (JvmPauseMonitor.java:run(188)) - Starting JVM pause monitor
2019-08-01 16:28:27,383 INFO  datanode.InitDatanodeState (InitDatanodeState.java:persistContainerDatanodeDetails(140)) - DatanodeDetails is persisted to /workdir/hadoop-ozone/integration-test/target/test-dir/MiniOzoneClusterImpl-d7ab4b8e-b62e-4f8d-8bb8-ced3748fa7db/datanode-2/meta/datanode.id
2019-08-01 16:28:28,369 INFO  ozone.MiniOzoneClusterImpl (MiniOzoneClusterImpl.java:lambda$waitForClusterToBeReady$0(142)) - Waiting for cluster to be ready. Got 0 of 3 DN Heartbeats.
2019-08-01 16:28:28,972 INFO  ozoneimpl.OzoneContainer (OzoneContainer.java:start(186)) - Attempting to start container services.
2019-08-01 16:28:28,972 INFO  ozoneimpl.OzoneContainer (OzoneContainer.java:startContainerScrub(160)) - Background container scrubber has been disabled by hdds.containerscrub.enabled
2019-08-01 16:28:28,973 INFO  ratis.XceiverServerRatis (XceiverServerRatis.java:start(404)) - Starting XceiverServerRatis 7fd9f83a-8e29-4ac0-9b6e-eef440b8c56a at port 0
2019-08-01 16:28:28,980 INFO  impl.RaftServerProxy (RaftServerProxy.java:lambda$start$3(299)) - 7fd9f83a-8e29-4ac0-9b6e-eef440b8c56a: start RPC server
2019-08-01 16:28:28,984 INFO  server.GrpcService (GrpcService.java:startImpl(149)) - 7fd9f83a-8e29-4ac0-9b6e-eef440b8c56a: GrpcService started, listening on 0.0.0.0/0.0.0.0:34193
2019-08-01 16:28:28,984 INFO  ratis.XceiverServerRatis (XceiverServerRatis.java:start(414)) - XceiverServerRatis 7fd9f83a-8e29-4ac0-9b6e-eef440b8c56a is started using port 34193
2019-08-01 16:28:28,996 INFO  server.XceiverServerGrpc (XceiverServerGrpc.java:start(161)) - XceiverServerGrpc 7fd9f83a-8e29-4ac0-9b6e-eef440b8c56a is started using port 42502
2019-08-01 16:28:29,187 INFO  ozoneimpl.OzoneContainer (OzoneContainer.java:start(186)) - Attempting to start container services.
2019-08-01 16:28:29,187 INFO  ozoneimpl.OzoneContainer (OzoneContainer.java:startContainerScrub(160)) - Background container scrubber has been disabled by hdds.containerscrub.enabled
2019-08-01 16:28:29,188 INFO  ratis.XceiverServerRatis (XceiverServerRatis.java:start(404)) - Starting XceiverServerRatis c209cf45-c0de-4019-a77b-62c2dab4f7bf at port 0
2019-08-01 16:28:29,195 INFO  impl.RaftServerProxy (RaftServerProxy.java:lambda$start$3(299)) - c209cf45-c0de-4019-a77b-62c2dab4f7bf: start RPC server
2019-08-01 16:28:29,199 INFO  server.GrpcService (GrpcService.java:startImpl(149)) - c209cf45-c0de-4019-a77b-62c2dab4f7bf: GrpcService started, listening on 0.0.0.0/0.0.0.0:44735
2019-08-01 16:28:29,199 INFO  ratis.XceiverServerRatis (XceiverServerRatis.java:start(414)) - XceiverServerRatis c209cf45-c0de-4019-a77b-62c2dab4f7bf is started using port 44735
2019-08-01 16:28:29,203 INFO  server.XceiverServerGrpc (XceiverServerGrpc.java:start(161)) - XceiverServerGrpc c209cf45-c0de-4019-a77b-62c2dab4f7bf is started using port 35318
2019-08-01 16:28:29,370 INFO  ozone.MiniOzoneClusterImpl (MiniOzoneClusterImpl.java:lambda$waitForClusterToBeReady$0(142)) - Waiting for cluster to be ready. Got 0 of 3 DN Heartbeats.
2019-08-01 16:28:29,392 INFO  ozoneimpl.OzoneContainer (OzoneContainer.java:start(186)) - Attempting to start container services.
2019-08-01 16:28:29,392 INFO  ozoneimpl.OzoneContainer (OzoneContainer.java:startContainerScrub(160)) - Background container scrubber has been disabled by hdds.containerscrub.enabled
2019-08-01 16:28:29,392 INFO  ratis.XceiverServerRatis (XceiverServerRatis.java:start(404)) - Starting XceiverServerRatis 2623fbf5-b87a-48c3-bef6-bc0d6498cc10 at port 0
2019-08-01 16:28:29,400 INFO  impl.RaftServerProxy (RaftServerProxy.java:lambda$start$3(299)) - 2623fbf5-b87a-48c3-bef6-bc0d6498cc10: start RPC server
2019-08-01 16:28:29,403 INFO  server.GrpcService (GrpcService.java:startImpl(149)) - 2623fbf5-b87a-48c3-bef6-bc0d6498cc10: GrpcService started, listening on 0.0.0.0/0.0.0.0:38871
2019-08-01 16:28:29,403 INFO  ratis.XceiverServerRatis (XceiverServerRatis.java:start(414)) - XceiverServerRatis 2623fbf5-b87a-48c3-bef6-bc0d6498cc10 is started using port 38871
2019-08-01 16:28:29,414 INFO  server.XceiverServerGrpc (XceiverServerGrpc.java:start(161)) - XceiverServerGrpc 2623fbf5-b87a-48c3-bef6-bc0d6498cc10 is started using port 35161
2019-08-01 16:28:30,370 INFO  ozone.MiniOzoneClusterImpl (MiniOzoneClusterImpl.java:lambda$waitForClusterToBeReady$0(142)) - Waiting for cluster to be ready. Got 0 of 3 DN Heartbeats.
2019-08-01 16:28:30,956 INFO  net.NetworkTopology (NetworkTopologyImpl.java:add(110)) - Added a new node: /default-rack/7fd9f83a-8e29-4ac0-9b6e-eef440b8c56a
2019-08-01 16:28:30,958 INFO  node.SCMNodeManager (SCMNodeManager.java:register(273)) - Registered Data node : 7fd9f83a-8e29-4ac0-9b6e-eef440b8c56a{ip: 192.168.157.209, host: byscane-nightly-hwqnr-1260472869, networkLocation: /default-rack, certSerialId: null}
2019-08-01 16:28:30,959 INFO  safemode.SCMSafeModeManager (DataNodeSafeModeRule.java:process(71)) - SCM in safe mode. 1 DataNodes registered, 1 required.
2019-08-01 16:28:30,962 INFO  safemode.SCMSafeModeManager (SCMSafeModeManager.java:validateSafeModeExitRules(177)) - ScmSafeModeManager, all rules are successfully validated
2019-08-01 16:28:30,962 INFO  safemode.SCMSafeModeManager (SCMSafeModeManager.java:exitSafeMode(193)) - SCM exiting safe mode.
2019-08-01 16:28:30,986 INFO  impl.RaftServerProxy (RaftServerProxy.java:addNew(89)) - 7fd9f83a-8e29-4ac0-9b6e-eef440b8c56a: addNew group-A0997EC361C0:[7fd9f83a-8e29-4ac0-9b6e-eef440b8c56a:192.168.157.209:34193] returns group-A0997EC361C0:java.util.concurrent.CompletableFuture@2caa2b3c[Not completed]
2019-08-01 16:28:30,992 INFO  impl.RaftServerImpl (RaftServerImpl.java:<init>(93)) - 7fd9f83a-8e29-4ac0-9b6e-eef440b8c56a: new RaftServerImpl for group-A0997EC361C0:[7fd9f83a-8e29-4ac0-9b6e-eef440b8c56a:192.168.157.209:34193] with ContainerStateMachine:uninitialized
2019-08-01 16:28:30,992 INFO  server.RaftServerConfigKeys (ConfUtils.java:logGet(43)) - raft.server.rpc.timeout.min = 5s (custom)
2019-08-01 16:28:30,992 INFO  server.RaftServerConfigKeys (ConfUtils.java:logGet(43)) - raft.server.rpc.timeout.max = 5200ms (custom)
2019-08-01 16:28:30,992 INFO  server.RaftServerConfigKeys (ConfUtils.java:logGet(43)) - raft.server.rpcslowness.timeout = 120s (custom)
2019-08-01 16:28:30,992 INFO  server.RaftServerConfigKeys (ConfUtils.java:logGet(43)) - raft.server.sleep.deviation.threshold = 300 (default)
2019-08-01 16:28:30,993 INFO  server.RaftServerConfigKeys (ConfUtils.java:logGet(43)) - raft.server.log.appender.install.snapshot.enabled = false (custom)
2019-08-01 16:28:30,993 INFO  impl.RaftServerImpl (ServerState.java:<init>(105)) - 7fd9f83a-8e29-4ac0-9b6e-eef440b8c56a:group-A0997EC361C0 ConfigurationManager, init=-1: [7fd9f83a-8e29-4ac0-9b6e-eef440b8c56a:192.168.157.209:34193], old=null, confs=<EMPTY_MAP>
2019-08-01 16:28:30,993 INFO  server.RaftServerConfigKeys (ConfUtils.java:logGet(43)) - raft.server.storage.dir = [/workdir/hadoop-ozone/integration-test/target/test-dir/MiniOzoneClusterImpl-d7ab4b8e-b62e-4f8d-8bb8-ced3748fa7db/datanode-0/data/ratis] (custom)
2019-08-01 16:28:30,993 INFO  storage.RaftStorageDirectory (RaftStorageDirectory.java:analyzeStorage(246)) - The storage directory /workdir/hadoop-ozone/integration-test/target/test-dir/MiniOzoneClusterImpl-d7ab4b8e-b62e-4f8d-8bb8-ced3748fa7db/datanode-0/data/ratis/cbcebd7d-cd69-4a3d-866a-a0997ec361c0 does not exist. Creating ...
2019-08-01 16:28:31,007 INFO  storage.RaftStorageDirectory (RaftStorageDirectory.java:tryLock(328)) - Lock on /workdir/hadoop-ozone/integration-test/target/test-dir/MiniOzoneClusterImpl-d7ab4b8e-b62e-4f8d-8bb8-ced3748fa7db/datanode-0/data/ratis/cbcebd7d-cd69-4a3d-866a-a0997ec361c0/in_use.lock acquired by nodename 5776@byscane-nightly-hwqnr-1260472869
2019-08-01 16:28:31,021 INFO  storage.RaftStorage (RaftStorage.java:format(72)) - Storage directory /workdir/hadoop-ozone/integration-test/target/test-dir/MiniOzoneClusterImpl-d7ab4b8e-b62e-4f8d-8bb8-ced3748fa7db/datanode-0/data/ratis/cbcebd7d-cd69-4a3d-866a-a0997ec361c0 has been successfully formatted.
2019-08-01 16:28:31,021 INFO  ratis.ContainerStateMachine (ContainerStateMachine.java:loadSnapshot(213)) - group-A0997EC361C0: The snapshot info is null. Setting the last applied indexto:(t:0, i:~)
2019-08-01 16:28:31,022 INFO  server.RaftServerConfigKeys (ConfUtils.java:logGet(43)) - raft.server.leader.election.timeout = 120s (custom)
2019-08-01 16:28:31,022 INFO  server.RaftServerConfigKeys (ConfUtils.java:logGet(43)) - raft.server.log.use.memory = false (default)
2019-08-01 16:28:31,022 INFO  server.RaftServerConfigKeys (ConfUtils.java:logGet(43)) - raft.server.log.purge.gap = 1000000000 (custom)
2019-08-01 16:28:31,022 INFO  server.RaftServerConfigKeys (ConfUtils.java:logGet(43)) - raft.server.log.appender.buffer.byte-limit = 33554432 (custom)
2019-08-01 16:28:31,022 INFO  server.RaftServerConfigKeys (ConfUtils.java:logGet(43)) - raft.server.log.segment.size.max = 1048576 (custom)
2019-08-01 16:28:31,023 INFO  server.RaftServerConfigKeys (ConfUtils.java:logGet(43)) - raft.server.log.segment.cache.num.max = 2 (custom)
2019-08-01 16:28:31,023 INFO  segmented.SegmentedRaftLogWorker (SegmentedRaftLogWorker.java:<init>(172)) - new 7fd9f83a-8e29-4ac0-9b6e-eef440b8c56a-SegmentedRaftLogWorker:Storage Directory /workdir/hadoop-ozone/integration-test/target/test-dir/MiniOzoneClusterImpl-d7ab4b8e-b62e-4f8d-8bb8-ced3748fa7db/datanode-0/data/ratis/cbcebd7d-cd69-4a3d-866a-a0997ec361c0 for RaftStorage:Storage Directory /workdir/hadoop-ozone/integration-test/target/test-dir/MiniOzoneClusterImpl-d7ab4b8e-b62e-4f8d-8bb8-ced3748fa7db/datanode-0/data/ratis/cbcebd7d-cd69-4a3d-866a-a0997ec361c0
2019-08-01 16:28:31,023 INFO  server.RaftServerConfigKeys (ConfUtils.java:logGet(43)) - raft.server.log.queue.byte-limit = 2147483647 (custom)
2019-08-01 16:28:31,023 INFO  server.RaftServerConfigKeys (ConfUtils.java:logGet(43)) - raft.server.log.queue.element-limit = 1024 (custom)
2019-08-01 16:28:31,024 INFO  server.RaftServerConfigKeys (ConfUtils.java:logGet(43)) - raft.server.log.segment.size.max = 1048576 (custom)
2019-08-01 16:28:31,024 INFO  server.RaftServerConfigKeys (ConfUtils.java:logGet(43)) - raft.server.log.preallocated.size = 16384 (custom)
2019-08-01 16:28:31,024 INFO  server.RaftServerConfigKeys (ConfUtils.java:logGet(43)) - raft.server.log.write.buffer.size = 33554432 (custom)
2019-08-01 16:28:31,024 INFO  server.RaftServerConfigKeys (ConfUtils.java:logGet(43)) - raft.server.log.force.sync.num = 128 (default)
2019-08-01 16:28:31,024 INFO  server.RaftServerConfigKeys (ConfUtils.java:logGet(43)) - raft.server.log.statemachine.data.sync = true (default)
2019-08-01 16:28:31,024 INFO  server.RaftServerConfigKeys (ConfUtils.java:logGet(43)) - raft.server.log.statemachine.data.sync.timeout = 10s (default)
2019-08-01 16:28:31,025 INFO  server.RaftServerConfigKeys (ConfUtils.java:logGet(43)) - raft.server.log.statemachine.data.sync.timeout.retry = -1 (default)
2019-08-01 16:28:31,025 INFO  server.RaftServerConfigKeys (ConfUtils.java:logGet(43)) - raft.server.log.statemachine.data.caching.enabled = true (custom)
2019-08-01 16:28:31,025 INFO  segmented.SegmentedRaftLogWorker (SegmentedRaftLogWorker.java:lambda$new$0(132)) - 7fd9f83a-8e29-4ac0-9b6e-eef440b8c56a-SegmentedRaftLogWorker:Storage Directory /workdir/hadoop-ozone/integration-test/target/test-dir/MiniOzoneClusterImpl-d7ab4b8e-b62e-4f8d-8bb8-ced3748fa7db/datanode-0/data/ratis/cbcebd7d-cd69-4a3d-866a-a0997ec361c0: flushIndex: setUnconditionally 0 -> -1
2019-08-01 16:28:31,026 INFO  server.RaftServerConfigKeys (ConfUtils.java:logGet(43)) - raft.server.snapshot.auto.trigger.enabled = true (custom)
2019-08-01 16:28:31,026 INFO  server.RaftServerConfigKeys (ConfUtils.java:logGet(43)) - raft.server.snapshot.auto.trigger.threshold = 10000 (custom)
2019-08-01 16:28:31,026 INFO  server.RaftServerConfigKeys (ConfUtils.java:logGet(43)) - raft.server.retrycache.expirytime = 600000ms (custom)
2019-08-01 16:28:31,027 INFO  impl.RaftServerImpl (RaftServerImpl.java:start(180)) - 7fd9f83a-8e29-4ac0-9b6e-eef440b8c56a: start group-A0997EC361C0
2019-08-01 16:28:31,027 INFO  impl.RaftServerImpl (RaftServerImpl.java:setRole(171)) - 7fd9f83a-8e29-4ac0-9b6e-eef440b8c56a:group-A0997EC361C0 changes role from null to FOLLOWER at term 0 for startAsFollower
2019-08-01 16:28:31,027 INFO  impl.RoleInfo (RoleInfo.java:updateAndGet(143)) - 7fd9f83a-8e29-4ac0-9b6e-eef440b8c56a: start FollowerState
2019-08-01 16:28:31,027 INFO  util.JmxRegister (JmxRegister.java:tryRegister(44)) - Successfully registered JMX Bean with object name Ratis:service=RaftServer,group=group-A0997EC361C0,id=7fd9f83a-8e29-4ac0-9b6e-eef440b8c56a
2019-08-01 16:28:31,040 INFO  pipeline.PipelineStateManager (PipelineStateManager.java:addPipeline(56)) - Created pipeline Pipeline[ Id: cbcebd7d-cd69-4a3d-866a-a0997ec361c0, Nodes: 7fd9f83a-8e29-4ac0-9b6e-eef440b8c56a{ip: 192.168.157.209, host: byscane-nightly-hwqnr-1260472869, networkLocation: /default-rack, certSerialId: null}, Type:RATIS, Factor:ONE, State:OPEN]
2019-08-01 16:28:31,170 INFO  net.NetworkTopology (NetworkTopologyImpl.java:add(110)) - Added a new node: /default-rack/c209cf45-c0de-4019-a77b-62c2dab4f7bf
2019-08-01 16:28:31,170 INFO  node.SCMNodeManager (SCMNodeManager.java:register(273)) - Registered Data node : c209cf45-c0de-4019-a77b-62c2dab4f7bf{ip: 192.168.157.209, host: byscane-nightly-hwqnr-1260472869, networkLocation: /default-rack, certSerialId: null}
2019-08-01 16:28:31,190 INFO  impl.RaftServerProxy (RaftServerProxy.java:addNew(89)) - c209cf45-c0de-4019-a77b-62c2dab4f7bf: addNew group-16A72343020D:[c209cf45-c0de-4019-a77b-62c2dab4f7bf:192.168.157.209:44735] returns group-16A72343020D:java.util.concurrent.CompletableFuture@56f657af[Not completed]
2019-08-01 16:28:31,196 INFO  impl.RaftServerImpl (RaftServerImpl.java:<init>(93)) - c209cf45-c0de-4019-a77b-62c2dab4f7bf: new RaftServerImpl for group-16A72343020D:[c209cf45-c0de-4019-a77b-62c2dab4f7bf:192.168.157.209:44735] with ContainerStateMachine:uninitialized
2019-08-01 16:28:31,196 INFO  server.RaftServerConfigKeys (ConfUtils.java:logGet(43)) - raft.server.rpc.timeout.min = 5s (custom)
2019-08-01 16:28:31,196 INFO  server.RaftServerConfigKeys (ConfUtils.java:logGet(43)) - raft.server.rpc.timeout.max = 5200ms (custom)
2019-08-01 16:28:31,196 INFO  server.RaftServerConfigKeys (ConfUtils.java:logGet(43)) - raft.server.rpcslowness.timeout = 120s (custom)
2019-08-01 16:28:31,196 INFO  server.RaftServerConfigKeys (ConfUtils.java:logGet(43)) - raft.server.sleep.deviation.threshold = 300 (default)
2019-08-01 16:28:31,197 INFO  server.RaftServerConfigKeys (ConfUtils.java:logGet(43)) - raft.server.log.appender.install.snapshot.enabled = false (custom)
2019-08-01 16:28:31,197 INFO  impl.RaftServerImpl (ServerState.java:<init>(105)) - c209cf45-c0de-4019-a77b-62c2dab4f7bf:group-16A72343020D ConfigurationManager, init=-1: [c209cf45-c0de-4019-a77b-62c2dab4f7bf:192.168.157.209:44735], old=null, confs=<EMPTY_MAP>
2019-08-01 16:28:31,197 INFO  server.RaftServerConfigKeys (ConfUtils.java:logGet(43)) - raft.server.storage.dir = [/workdir/hadoop-ozone/integration-test/target/test-dir/MiniOzoneClusterImpl-d7ab4b8e-b62e-4f8d-8bb8-ced3748fa7db/datanode-1/data/ratis] (custom)
2019-08-01 16:28:31,197 INFO  storage.RaftStorageDirectory (RaftStorageDirectory.java:analyzeStorage(246)) - The storage directory /workdir/hadoop-ozone/integration-test/target/test-dir/MiniOzoneClusterImpl-d7ab4b8e-b62e-4f8d-8bb8-ced3748fa7db/datanode-1/data/ratis/b130bd74-3e73-4512-b4af-16a72343020d does not exist. Creating ...
2019-08-01 16:28:31,210 INFO  storage.RaftStorageDirectory (RaftStorageDirectory.java:tryLock(328)) - Lock on /workdir/hadoop-ozone/integration-test/target/test-dir/MiniOzoneClusterImpl-d7ab4b8e-b62e-4f8d-8bb8-ced3748fa7db/datanode-1/data/ratis/b130bd74-3e73-4512-b4af-16a72343020d/in_use.lock acquired by nodename 5776@byscane-nightly-hwqnr-1260472869
2019-08-01 16:28:31,223 INFO  storage.RaftStorage (RaftStorage.java:format(72)) - Storage directory /workdir/hadoop-ozone/integration-test/target/test-dir/MiniOzoneClusterImpl-d7ab4b8e-b62e-4f8d-8bb8-ced3748fa7db/datanode-1/data/ratis/b130bd74-3e73-4512-b4af-16a72343020d has been successfully formatted.
2019-08-01 16:28:31,224 INFO  ratis.ContainerStateMachine (ContainerStateMachine.java:loadSnapshot(213)) - group-16A72343020D: The snapshot info is null. Setting the last applied indexto:(t:0, i:~)
2019-08-01 16:28:31,224 INFO  server.RaftServerConfigKeys (ConfUtils.java:logGet(43)) - raft.server.leader.election.timeout = 120s (custom)
2019-08-01 16:28:31,224 INFO  server.RaftServerConfigKeys (ConfUtils.java:logGet(43)) - raft.server.log.use.memory = false (default)
2019-08-01 16:28:31,224 INFO  server.RaftServerConfigKeys (ConfUtils.java:logGet(43)) - raft.server.log.purge.gap = 1000000000 (custom)
2019-08-01 16:28:31,224 INFO  server.RaftServerConfigKeys (ConfUtils.java:logGet(43)) - raft.server.log.appender.buffer.byte-limit = 33554432 (custom)
2019-08-01 16:28:31,224 INFO  server.RaftServerConfigKeys (ConfUtils.java:logGet(43)) - raft.server.log.segment.size.max = 1048576 (custom)
2019-08-01 16:28:31,225 INFO  server.RaftServerConfigKeys (ConfUtils.java:logGet(43)) - raft.server.log.segment.cache.num.max = 2 (custom)
2019-08-01 16:28:31,225 INFO  segmented.SegmentedRaftLogWorker (SegmentedRaftLogWorker.java:<init>(172)) - new c209cf45-c0de-4019-a77b-62c2dab4f7bf-SegmentedRaftLogWorker:Storage Directory /workdir/hadoop-ozone/integration-test/target/test-dir/MiniOzoneClusterImpl-d7ab4b8e-b62e-4f8d-8bb8-ced3748fa7db/datanode-1/data/ratis/b130bd74-3e73-4512-b4af-16a72343020d for RaftStorage:Storage Directory /workdir/hadoop-ozone/integration-test/target/test-dir/MiniOzoneClusterImpl-d7ab4b8e-b62e-4f8d-8bb8-ced3748fa7db/datanode-1/data/ratis/b130bd74-3e73-4512-b4af-16a72343020d
2019-08-01 16:28:31,225 INFO  server.RaftServerConfigKeys (ConfUtils.java:logGet(43)) - raft.server.log.queue.byte-limit = 2147483647 (custom)
2019-08-01 16:28:31,225 INFO  server.RaftServerConfigKeys (ConfUtils.java:logGet(43)) - raft.server.log.queue.element-limit = 1024 (custom)
2019-08-01 16:28:31,226 INFO  server.RaftServerConfigKeys (ConfUtils.java:logGet(43)) - raft.server.log.segment.size.max = 1048576 (custom)
2019-08-01 16:28:31,226 INFO  server.RaftServerConfigKeys (ConfUtils.java:logGet(43)) - raft.server.log.preallocated.size = 16384 (custom)
2019-08-01 16:28:31,226 INFO  server.RaftServerConfigKeys (ConfUtils.java:logGet(43)) - raft.server.log.write.buffer.size = 33554432 (custom)
2019-08-01 16:28:31,226 INFO  server.RaftServerConfigKeys (ConfUtils.java:logGet(43)) - raft.server.log.force.sync.num = 128 (default)
2019-08-01 16:28:31,226 INFO  server.RaftServerConfigKeys (ConfUtils.java:logGet(43)) - raft.server.log.statemachine.data.sync = true (default)
2019-08-01 16:28:31,227 INFO  server.RaftServerConfigKeys (ConfUtils.java:logGet(43)) - raft.server.log.statemachine.data.sync.timeout = 10s (default)
2019-08-01 16:28:31,227 INFO  server.RaftServerConfigKeys (ConfUtils.java:logGet(43)) - raft.server.log.statemachine.data.sync.timeout.retry = -1 (default)
2019-08-01 16:28:31,227 INFO  server.RaftServerConfigKeys (ConfUtils.java:logGet(43)) - raft.server.log.statemachine.data.caching.enabled = true (custom)
2019-08-01 16:28:31,227 INFO  segmented.SegmentedRaftLogWorker (SegmentedRaftLogWorker.java:lambda$new$0(132)) - c209cf45-c0de-4019-a77b-62c2dab4f7bf-SegmentedRaftLogWorker:Storage Directory /workdir/hadoop-ozone/integration-test/target/test-dir/MiniOzoneClusterImpl-d7ab4b8e-b62e-4f8d-8bb8-ced3748fa7db/datanode-1/data/ratis/b130bd74-3e73-4512-b4af-16a72343020d: flushIndex: setUnconditionally 0 -> -1
2019-08-01 16:28:31,228 INFO  server.RaftServerConfigKeys (ConfUtils.java:logGet(43)) - raft.server.snapshot.auto.trigger.enabled = true (custom)
2019-08-01 16:28:31,228 INFO  server.RaftServerConfigKeys (ConfUtils.java:logGet(43)) - raft.server.snapshot.auto.trigger.threshold = 10000 (custom)
2019-08-01 16:28:31,228 INFO  server.RaftServerConfigKeys (ConfUtils.java:logGet(43)) - raft.server.retrycache.expirytime = 600000ms (custom)
2019-08-01 16:28:31,229 INFO  impl.RaftServerImpl (RaftServerImpl.java:start(180)) - c209cf45-c0de-4019-a77b-62c2dab4f7bf: start group-16A72343020D
2019-08-01 16:28:31,229 INFO  impl.RaftServerImpl (RaftServerImpl.java:setRole(171)) - c209cf45-c0de-4019-a77b-62c2dab4f7bf:group-16A72343020D changes role from null to FOLLOWER at term 0 for startAsFollower
2019-08-01 16:28:31,229 INFO  impl.RoleInfo (RoleInfo.java:updateAndGet(143)) - c209cf45-c0de-4019-a77b-62c2dab4f7bf: start FollowerState
2019-08-01 16:28:31,229 INFO  util.JmxRegister (JmxRegister.java:tryRegister(44)) - Successfully registered JMX Bean with object name Ratis:service=RaftServer,group=group-16A72343020D,id=c209cf45-c0de-4019-a77b-62c2dab4f7bf
2019-08-01 16:28:31,242 INFO  pipeline.PipelineStateManager (PipelineStateManager.java:addPipeline(56)) - Created pipeline Pipeline[ Id: b130bd74-3e73-4512-b4af-16a72343020d, Nodes: c209cf45-c0de-4019-a77b-62c2dab4f7bf{ip: 192.168.157.209, host: byscane-nightly-hwqnr-1260472869, networkLocation: /default-rack, certSerialId: null}, Type:RATIS, Factor:ONE, State:OPEN]
2019-08-01 16:28:31,371 INFO  ozone.MiniOzoneClusterImpl (MiniOzoneClusterImpl.java:lambda$waitForClusterToBeReady$0(142)) - Waiting for cluster to be ready. Got 2 of 3 DN Heartbeats.
2019-08-01 16:28:31,379 INFO  net.NetworkTopology (NetworkTopologyImpl.java:add(110)) - Added a new node: /default-rack/2623fbf5-b87a-48c3-bef6-bc0d6498cc10
2019-08-01 16:28:31,379 INFO  node.SCMNodeManager (SCMNodeManager.java:register(273)) - Registered Data node : 2623fbf5-b87a-48c3-bef6-bc0d6498cc10{ip: 192.168.157.209, host: byscane-nightly-hwqnr-1260472869, networkLocation: /default-rack, certSerialId: null}
2019-08-01 16:28:31,400 INFO  impl.RaftServerProxy (RaftServerProxy.java:addNew(89)) - 2623fbf5-b87a-48c3-bef6-bc0d6498cc10: addNew group-BB24C2B1F09A:[2623fbf5-b87a-48c3-bef6-bc0d6498cc10:192.168.157.209:38871] returns group-BB24C2B1F09A:java.util.concurrent.CompletableFuture@a4e3f2[Not completed]
2019-08-01 16:28:31,405 INFO  impl.RaftServerImpl (RaftServerImpl.java:<init>(93)) - 2623fbf5-b87a-48c3-bef6-bc0d6498cc10: new RaftServerImpl for group-BB24C2B1F09A:[2623fbf5-b87a-48c3-bef6-bc0d6498cc10:192.168.157.209:38871] with ContainerStateMachine:uninitialized
2019-08-01 16:28:31,405 INFO  server.RaftServerConfigKeys (ConfUtils.java:logGet(43)) - raft.server.rpc.timeout.min = 5s (custom)
2019-08-01 16:28:31,405 INFO  server.RaftServerConfigKeys (ConfUtils.java:logGet(43)) - raft.server.rpc.timeout.max = 5200ms (custom)
2019-08-01 16:28:31,406 INFO  server.RaftServerConfigKeys (ConfUtils.java:logGet(43)) - raft.server.rpcslowness.timeout = 120s (custom)
2019-08-01 16:28:31,406 INFO  server.RaftServerConfigKeys (ConfUtils.java:logGet(43)) - raft.server.sleep.deviation.threshold = 300 (default)
2019-08-01 16:28:31,406 INFO  server.RaftServerConfigKeys (ConfUtils.java:logGet(43)) - raft.server.log.appender.install.snapshot.enabled = false (custom)
2019-08-01 16:28:31,406 INFO  impl.RaftServerImpl (ServerState.java:<init>(105)) - 2623fbf5-b87a-48c3-bef6-bc0d6498cc10:group-BB24C2B1F09A ConfigurationManager, init=-1: [2623fbf5-b87a-48c3-bef6-bc0d6498cc10:192.168.157.209:38871], old=null, confs=<EMPTY_MAP>
2019-08-01 16:28:31,406 INFO  server.RaftServerConfigKeys (ConfUtils.java:logGet(43)) - raft.server.storage.dir = [/workdir/hadoop-ozone/integration-test/target/test-dir/MiniOzoneClusterImpl-d7ab4b8e-b62e-4f8d-8bb8-ced3748fa7db/datanode-2/data/ratis] (custom)
2019-08-01 16:28:31,407 INFO  storage.RaftStorageDirectory (RaftStorageDirectory.java:analyzeStorage(246)) - The storage directory /workdir/hadoop-ozone/integration-test/target/test-dir/MiniOzoneClusterImpl-d7ab4b8e-b62e-4f8d-8bb8-ced3748fa7db/datanode-2/data/ratis/b765355c-36bd-49ee-a1ab-bb24c2b1f09a does not exist. Creating ...
2019-08-01 16:28:31,420 INFO  storage.RaftStorageDirectory (RaftStorageDirectory.java:tryLock(328)) - Lock on /workdir/hadoop-ozone/integration-test/target/test-dir/MiniOzoneClusterImpl-d7ab4b8e-b62e-4f8d-8bb8-ced3748fa7db/datanode-2/data/ratis/b765355c-36bd-49ee-a1ab-bb24c2b1f09a/in_use.lock acquired by nodename 5776@byscane-nightly-hwqnr-1260472869
2019-08-01 16:28:31,433 INFO  storage.RaftStorage (RaftStorage.java:format(72)) - Storage directory /workdir/hadoop-ozone/integration-test/target/test-dir/MiniOzoneClusterImpl-d7ab4b8e-b62e-4f8d-8bb8-ced3748fa7db/datanode-2/data/ratis/b765355c-36bd-49ee-a1ab-bb24c2b1f09a has been successfully formatted.
2019-08-01 16:28:31,433 INFO  ratis.ContainerStateMachine (ContainerStateMachine.java:loadSnapshot(213)) - group-BB24C2B1F09A: The snapshot info is null. Setting the last applied indexto:(t:0, i:~)
2019-08-01 16:28:31,433 INFO  server.RaftServerConfigKeys (ConfUtils.java:logGet(43)) - raft.server.leader.election.timeout = 120s (custom)
2019-08-01 16:28:31,434 INFO  server.RaftServerConfigKeys (ConfUtils.java:logGet(43)) - raft.server.log.use.memory = false (default)
2019-08-01 16:28:31,434 INFO  server.RaftServerConfigKeys (ConfUtils.java:logGet(43)) - raft.server.log.purge.gap = 1000000000 (custom)
2019-08-01 16:28:31,434 INFO  server.RaftServerConfigKeys (ConfUtils.java:logGet(43)) - raft.server.log.appender.buffer.byte-limit = 33554432 (custom)
2019-08-01 16:28:31,434 INFO  server.RaftServerConfigKeys (ConfUtils.java:logGet(43)) - raft.server.log.segment.size.max = 1048576 (custom)
2019-08-01 16:28:31,434 INFO  server.RaftServerConfigKeys (ConfUtils.java:logGet(43)) - raft.server.log.segment.cache.num.max = 2 (custom)
2019-08-01 16:28:31,435 INFO  segmented.SegmentedRaftLogWorker (SegmentedRaftLogWorker.java:<init>(172)) - new 2623fbf5-b87a-48c3-bef6-bc0d6498cc10-SegmentedRaftLogWorker:Storage Directory /workdir/hadoop-ozone/integration-test/target/test-dir/MiniOzoneClusterImpl-d7ab4b8e-b62e-4f8d-8bb8-ced3748fa7db/datanode-2/data/ratis/b765355c-36bd-49ee-a1ab-bb24c2b1f09a for RaftStorage:Storage Directory /workdir/hadoop-ozone/integration-test/target/test-dir/MiniOzoneClusterImpl-d7ab4b8e-b62e-4f8d-8bb8-ced3748fa7db/datanode-2/data/ratis/b765355c-36bd-49ee-a1ab-bb24c2b1f09a
2019-08-01 16:28:31,435 INFO  server.RaftServerConfigKeys (ConfUtils.java:logGet(43)) - raft.server.log.queue.byte-limit = 2147483647 (custom)
2019-08-01 16:28:31,435 INFO  server.RaftServerConfigKeys (ConfUtils.java:logGet(43)) - raft.server.log.queue.element-limit = 1024 (custom)
2019-08-01 16:28:31,435 INFO  server.RaftServerConfigKeys (ConfUtils.java:logGet(43)) - raft.server.log.segment.size.max = 1048576 (custom)
2019-08-01 16:28:31,435 INFO  server.RaftServerConfigKeys (ConfUtils.java:logGet(43)) - raft.server.log.preallocated.size = 16384 (custom)
2019-08-01 16:28:31,436 INFO  server.RaftServerConfigKeys (ConfUtils.java:logGet(43)) - raft.server.log.write.buffer.size = 33554432 (custom)
2019-08-01 16:28:31,436 INFO  server.RaftServerConfigKeys (ConfUtils.java:logGet(43)) - raft.server.log.force.sync.num = 128 (default)
2019-08-01 16:28:31,436 INFO  server.RaftServerConfigKeys (ConfUtils.java:logGet(43)) - raft.server.log.statemachine.data.sync = true (default)
2019-08-01 16:28:31,436 INFO  server.RaftServerConfigKeys (ConfUtils.java:logGet(43)) - raft.server.log.statemachine.data.sync.timeout = 10s (default)
2019-08-01 16:28:31,436 INFO  server.RaftServerConfigKeys (ConfUtils.java:logGet(43)) - raft.server.log.statemachine.data.sync.timeout.retry = -1 (default)
2019-08-01 16:28:31,437 INFO  server.RaftServerConfigKeys (ConfUtils.java:logGet(43)) - raft.server.log.statemachine.data.caching.enabled = true (custom)
2019-08-01 16:28:31,437 INFO  segmented.SegmentedRaftLogWorker (SegmentedRaftLogWorker.java:lambda$new$0(132)) - 2623fbf5-b87a-48c3-bef6-bc0d6498cc10-SegmentedRaftLogWorker:Storage Directory /workdir/hadoop-ozone/integration-test/target/test-dir/MiniOzoneClusterImpl-d7ab4b8e-b62e-4f8d-8bb8-ced3748fa7db/datanode-2/data/ratis/b765355c-36bd-49ee-a1ab-bb24c2b1f09a: flushIndex: setUnconditionally 0 -> -1
2019-08-01 16:28:31,438 INFO  server.RaftServerConfigKeys (ConfUtils.java:logGet(43)) - raft.server.snapshot.auto.trigger.enabled = true (custom)
2019-08-01 16:28:31,438 INFO  server.RaftServerConfigKeys (ConfUtils.java:logGet(43)) - raft.server.snapshot.auto.trigger.threshold = 10000 (custom)
2019-08-01 16:28:31,438 INFO  server.RaftServerConfigKeys (ConfUtils.java:logGet(43)) - raft.server.retrycache.expirytime = 600000ms (custom)
2019-08-01 16:28:31,438 INFO  impl.RaftServerImpl (RaftServerImpl.java:start(180)) - 2623fbf5-b87a-48c3-bef6-bc0d6498cc10: start group-BB24C2B1F09A
2019-08-01 16:28:31,439 INFO  impl.RaftServerImpl (RaftServerImpl.java:setRole(171)) - 2623fbf5-b87a-48c3-bef6-bc0d6498cc10:group-BB24C2B1F09A changes role from null to FOLLOWER at term 0 for startAsFollower
2019-08-01 16:28:31,439 INFO  impl.RoleInfo (RoleInfo.java:updateAndGet(143)) - 2623fbf5-b87a-48c3-bef6-bc0d6498cc10: start FollowerState
2019-08-01 16:28:31,440 INFO  util.JmxRegister (JmxRegister.java:tryRegister(44)) - Successfully registered JMX Bean with object name Ratis:service=RaftServer,group=group-BB24C2B1F09A,id=2623fbf5-b87a-48c3-bef6-bc0d6498cc10
2019-08-01 16:28:31,452 INFO  pipeline.PipelineStateManager (PipelineStateManager.java:addPipeline(56)) - Created pipeline Pipeline[ Id: b765355c-36bd-49ee-a1ab-bb24c2b1f09a, Nodes: 2623fbf5-b87a-48c3-bef6-bc0d6498cc10{ip: 192.168.157.209, host: byscane-nightly-hwqnr-1260472869, networkLocation: /default-rack, certSerialId: null}, Type:RATIS, Factor:ONE, State:OPEN]
2019-08-01 16:28:31,495 INFO  impl.RaftServerProxy (RaftServerProxy.java:addNew(89)) - 7fd9f83a-8e29-4ac0-9b6e-eef440b8c56a: addNew group-23D117AAC00B:[c209cf45-c0de-4019-a77b-62c2dab4f7bf:192.168.157.209:44735, 2623fbf5-b87a-48c3-bef6-bc0d6498cc10:192.168.157.209:38871, 7fd9f83a-8e29-4ac0-9b6e-eef440b8c56a:192.168.157.209:34193] returns group-23D117AAC00B:java.util.concurrent.CompletableFuture@22d07ea[Not completed]
2019-08-01 16:28:31,498 INFO  impl.RaftServerProxy (RaftServerProxy.java:addNew(89)) - c209cf45-c0de-4019-a77b-62c2dab4f7bf: addNew group-23D117AAC00B:[c209cf45-c0de-4019-a77b-62c2dab4f7bf:192.168.157.209:44735, 2623fbf5-b87a-48c3-bef6-bc0d6498cc10:192.168.157.209:38871, 7fd9f83a-8e29-4ac0-9b6e-eef440b8c56a:192.168.157.209:34193] returns group-23D117AAC00B:java.util.concurrent.CompletableFuture@cb79a34[Not completed]
2019-08-01 16:28:31,498 INFO  impl.RaftServerImpl (RaftServerImpl.java:<init>(93)) - 7fd9f83a-8e29-4ac0-9b6e-eef440b8c56a: new RaftServerImpl for group-23D117AAC00B:[c209cf45-c0de-4019-a77b-62c2dab4f7bf:192.168.157.209:44735, 2623fbf5-b87a-48c3-bef6-bc0d6498cc10:192.168.157.209:38871, 7fd9f83a-8e29-4ac0-9b6e-eef440b8c56a:192.168.157.209:34193] with ContainerStateMachine:uninitialized
2019-08-01 16:28:31,498 INFO  server.RaftServerConfigKeys (ConfUtils.java:logGet(43)) - raft.server.rpc.timeout.min = 5s (custom)
2019-08-01 16:28:31,498 INFO  server.RaftServerConfigKeys (ConfUtils.java:logGet(43)) - raft.server.rpc.timeout.max = 5200ms (custom)
2019-08-01 16:28:31,500 INFO  impl.RaftServerImpl (RaftServerImpl.java:<init>(93)) - c209cf45-c0de-4019-a77b-62c2dab4f7bf: new RaftServerImpl for group-23D117AAC00B:[c209cf45-c0de-4019-a77b-62c2dab4f7bf:192.168.157.209:44735, 2623fbf5-b87a-48c3-bef6-bc0d6498cc10:192.168.157.209:38871, 7fd9f83a-8e29-4ac0-9b6e-eef440b8c56a:192.168.157.209:34193] with ContainerStateMachine:uninitialized
2019-08-01 16:28:31,500 INFO  server.RaftServerConfigKeys (ConfUtils.java:logGet(43)) - raft.server.rpcslowness.timeout = 120s (custom)
2019-08-01 16:28:31,501 INFO  server.RaftServerConfigKeys (ConfUtils.java:logGet(43)) - raft.server.rpc.timeout.min = 5s (custom)
2019-08-01 16:28:31,501 INFO  server.RaftServerConfigKeys (ConfUtils.java:logGet(43)) - raft.server.sleep.deviation.threshold = 300 (default)
2019-08-01 16:28:31,501 INFO  server.RaftServerConfigKeys (ConfUtils.java:logGet(43)) - raft.server.log.appender.install.snapshot.enabled = false (custom)
2019-08-01 16:28:31,501 INFO  impl.RaftServerProxy (RaftServerProxy.java:addNew(89)) - 2623fbf5-b87a-48c3-bef6-bc0d6498cc10: addNew group-23D117AAC00B:[c209cf45-c0de-4019-a77b-62c2dab4f7bf:192.168.157.209:44735, 2623fbf5-b87a-48c3-bef6-bc0d6498cc10:192.168.157.209:38871, 7fd9f83a-8e29-4ac0-9b6e-eef440b8c56a:192.168.157.209:34193] returns group-23D117AAC00B:java.util.concurrent.CompletableFuture@649cf2a3[Not completed]
2019-08-01 16:28:31,501 INFO  impl.RaftServerImpl (ServerState.java:<init>(105)) - 7fd9f83a-8e29-4ac0-9b6e-eef440b8c56a:group-23D117AAC00B ConfigurationManager, init=-1: [c209cf45-c0de-4019-a77b-62c2dab4f7bf:192.168.157.209:44735, 2623fbf5-b87a-48c3-bef6-bc0d6498cc10:192.168.157.209:38871, 7fd9f83a-8e29-4ac0-9b6e-eef440b8c56a:192.168.157.209:34193], old=null, confs=<EMPTY_MAP>
2019-08-01 16:28:31,501 INFO  server.RaftServerConfigKeys (ConfUtils.java:logGet(43)) - raft.server.rpc.timeout.max = 5200ms (custom)
2019-08-01 16:28:31,502 INFO  server.RaftServerConfigKeys (ConfUtils.java:logGet(43)) - raft.server.storage.dir = [/workdir/hadoop-ozone/integration-test/target/test-dir/MiniOzoneClusterImpl-d7ab4b8e-b62e-4f8d-8bb8-ced3748fa7db/datanode-0/data/ratis] (custom)
2019-08-01 16:28:31,502 INFO  impl.RaftServerImpl (RaftServerImpl.java:<init>(93)) - 2623fbf5-b87a-48c3-bef6-bc0d6498cc10: new RaftServerImpl for group-23D117AAC00B:[c209cf45-c0de-4019-a77b-62c2dab4f7bf:192.168.157.209:44735, 2623fbf5-b87a-48c3-bef6-bc0d6498cc10:192.168.157.209:38871, 7fd9f83a-8e29-4ac0-9b6e-eef440b8c56a:192.168.157.209:34193] with ContainerStateMachine:uninitialized
2019-08-01 16:28:31,502 INFO  server.RaftServerConfigKeys (ConfUtils.java:logGet(43)) - raft.server.rpcslowness.timeout = 120s (custom)
2019-08-01 16:28:31,502 INFO  server.RaftServerConfigKeys (ConfUtils.java:logGet(43)) - raft.server.rpc.timeout.min = 5s (custom)
2019-08-01 16:28:31,502 INFO  server.RaftServerConfigKeys (ConfUtils.java:logGet(43)) - raft.server.sleep.deviation.threshold = 300 (default)
2019-08-01 16:28:31,503 INFO  server.RaftServerConfigKeys (ConfUtils.java:logGet(43)) - raft.server.rpc.timeout.max = 5200ms (custom)
2019-08-01 16:28:31,503 INFO  storage.RaftStorageDirectory (RaftStorageDirectory.java:analyzeStorage(246)) - The storage directory /workdir/hadoop-ozone/integration-test/target/test-dir/MiniOzoneClusterImpl-d7ab4b8e-b62e-4f8d-8bb8-ced3748fa7db/datanode-0/data/ratis/0085dfb4-e4ff-4257-b6ed-23d117aac00b does not exist. Creating ...
2019-08-01 16:28:31,503 INFO  server.RaftServerConfigKeys (ConfUtils.java:logGet(43)) - raft.server.rpcslowness.timeout = 120s (custom)
2019-08-01 16:28:31,503 INFO  server.RaftServerConfigKeys (ConfUtils.java:logGet(43)) - raft.server.log.appender.install.snapshot.enabled = false (custom)
2019-08-01 16:28:31,503 INFO  server.RaftServerConfigKeys (ConfUtils.java:logGet(43)) - raft.server.sleep.deviation.threshold = 300 (default)
2019-08-01 16:28:31,503 INFO  impl.RaftServerImpl (ServerState.java:<init>(105)) - c209cf45-c0de-4019-a77b-62c2dab4f7bf:group-23D117AAC00B ConfigurationManager, init=-1: [c209cf45-c0de-4019-a77b-62c2dab4f7bf:192.168.157.209:44735, 2623fbf5-b87a-48c3-bef6-bc0d6498cc10:192.168.157.209:38871, 7fd9f83a-8e29-4ac0-9b6e-eef440b8c56a:192.168.157.209:34193], old=null, confs=<EMPTY_MAP>
2019-08-01 16:28:31,504 INFO  server.RaftServerConfigKeys (ConfUtils.java:logGet(43)) - raft.server.log.appender.install.snapshot.enabled = false (custom)
2019-08-01 16:28:31,504 INFO  server.RaftServerConfigKeys (ConfUtils.java:logGet(43)) - raft.server.storage.dir = [/workdir/hadoop-ozone/integration-test/target/test-dir/MiniOzoneClusterImpl-d7ab4b8e-b62e-4f8d-8bb8-ced3748fa7db/datanode-1/data/ratis] (custom)
2019-08-01 16:28:31,504 INFO  impl.RaftServerImpl (ServerState.java:<init>(105)) - 2623fbf5-b87a-48c3-bef6-bc0d6498cc10:group-23D117AAC00B ConfigurationManager, init=-1: [c209cf45-c0de-4019-a77b-62c2dab4f7bf:192.168.157.209:44735, 2623fbf5-b87a-48c3-bef6-bc0d6498cc10:192.168.157.209:38871, 7fd9f83a-8e29-4ac0-9b6e-eef440b8c56a:192.168.157.209:34193], old=null, confs=<EMPTY_MAP>
2019-08-01 16:28:31,504 INFO  server.RaftServerConfigKeys (ConfUtils.java:logGet(43)) - raft.server.storage.dir = [/workdir/hadoop-ozone/integration-test/target/test-dir/MiniOzoneClusterImpl-d7ab4b8e-b62e-4f8d-8bb8-ced3748fa7db/datanode-2/data/ratis] (custom)
2019-08-01 16:28:31,504 INFO  storage.RaftStorageDirectory (RaftStorageDirectory.java:analyzeStorage(246)) - The storage directory /workdir/hadoop-ozone/integration-test/target/test-dir/MiniOzoneClusterImpl-d7ab4b8e-b62e-4f8d-8bb8-ced3748fa7db/datanode-1/data/ratis/0085dfb4-e4ff-4257-b6ed-23d117aac00b does not exist. Creating ...
2019-08-01 16:28:31,505 INFO  storage.RaftStorageDirectory (RaftStorageDirectory.java:analyzeStorage(246)) - The storage directory /workdir/hadoop-ozone/integration-test/target/test-dir/MiniOzoneClusterImpl-d7ab4b8e-b62e-4f8d-8bb8-ced3748fa7db/datanode-2/data/ratis/0085dfb4-e4ff-4257-b6ed-23d117aac00b does not exist. Creating ...
2019-08-01 16:28:31,516 INFO  storage.RaftStorageDirectory (RaftStorageDirectory.java:tryLock(328)) - Lock on /workdir/hadoop-ozone/integration-test/target/test-dir/MiniOzoneClusterImpl-d7ab4b8e-b62e-4f8d-8bb8-ced3748fa7db/datanode-1/data/ratis/0085dfb4-e4ff-4257-b6ed-23d117aac00b/in_use.lock acquired by nodename 5776@byscane-nightly-hwqnr-1260472869
2019-08-01 16:28:31,517 INFO  storage.RaftStorageDirectory (RaftStorageDirectory.java:tryLock(328)) - Lock on /workdir/hadoop-ozone/integration-test/target/test-dir/MiniOzoneClusterImpl-d7ab4b8e-b62e-4f8d-8bb8-ced3748fa7db/datanode-0/data/ratis/0085dfb4-e4ff-4257-b6ed-23d117aac00b/in_use.lock acquired by nodename 5776@byscane-nightly-hwqnr-1260472869
2019-08-01 16:28:31,516 INFO  storage.RaftStorageDirectory (RaftStorageDirectory.java:tryLock(328)) - Lock on /workdir/hadoop-ozone/integration-test/target/test-dir/MiniOzoneClusterImpl-d7ab4b8e-b62e-4f8d-8bb8-ced3748fa7db/datanode-2/data/ratis/0085dfb4-e4ff-4257-b6ed-23d117aac00b/in_use.lock acquired by nodename 5776@byscane-nightly-hwqnr-1260472869
2019-08-01 16:28:31,530 INFO  storage.RaftStorage (RaftStorage.java:format(72)) - Storage directory /workdir/hadoop-ozone/integration-test/target/test-dir/MiniOzoneClusterImpl-d7ab4b8e-b62e-4f8d-8bb8-ced3748fa7db/datanode-2/data/ratis/0085dfb4-e4ff-4257-b6ed-23d117aac00b has been successfully formatted.
2019-08-01 16:28:31,530 INFO  storage.RaftStorage (RaftStorage.java:format(72)) - Storage directory /workdir/hadoop-ozone/integration-test/target/test-dir/MiniOzoneClusterImpl-d7ab4b8e-b62e-4f8d-8bb8-ced3748fa7db/datanode-1/data/ratis/0085dfb4-e4ff-4257-b6ed-23d117aac00b has been successfully formatted.
2019-08-01 16:28:31,530 INFO  storage.RaftStorage (RaftStorage.java:format(72)) - Storage directory /workdir/hadoop-ozone/integration-test/target/test-dir/MiniOzoneClusterImpl-d7ab4b8e-b62e-4f8d-8bb8-ced3748fa7db/datanode-0/data/ratis/0085dfb4-e4ff-4257-b6ed-23d117aac00b has been successfully formatted.
2019-08-01 16:28:31,531 INFO  ratis.ContainerStateMachine (ContainerStateMachine.java:loadSnapshot(213)) - group-23D117AAC00B: The snapshot info is null. Setting the last applied indexto:(t:0, i:~)
2019-08-01 16:28:31,531 INFO  ratis.ContainerStateMachine (ContainerStateMachine.java:loadSnapshot(213)) - group-23D117AAC00B: The snapshot info is null. Setting the last applied indexto:(t:0, i:~)
2019-08-01 16:28:31,531 INFO  server.RaftServerConfigKeys (ConfUtils.java:logGet(43)) - raft.server.leader.election.timeout = 120s (custom)
2019-08-01 16:28:31,531 INFO  ratis.ContainerStateMachine (ContainerStateMachine.java:loadSnapshot(213)) - group-23D117AAC00B: The snapshot info is null. Setting the last applied indexto:(t:0, i:~)
2019-08-01 16:28:31,531 INFO  server.RaftServerConfigKeys (ConfUtils.java:logGet(43)) - raft.server.log.use.memory = false (default)
2019-08-01 16:28:31,531 INFO  server.RaftServerConfigKeys (ConfUtils.java:logGet(43)) - raft.server.leader.election.timeout = 120s (custom)
2019-08-01 16:28:31,532 INFO  server.RaftServerConfigKeys (ConfUtils.java:logGet(43)) - raft.server.log.purge.gap = 1000000000 (custom)
2019-08-01 16:28:31,532 INFO  server.RaftServerConfigKeys (ConfUtils.java:logGet(43)) - raft.server.leader.election.timeout = 120s (custom)
2019-08-01 16:28:31,532 INFO  server.RaftServerConfigKeys (ConfUtils.java:logGet(43)) - raft.server.log.appender.buffer.byte-limit = 33554432 (custom)
2019-08-01 16:28:31,532 INFO  server.RaftServerConfigKeys (ConfUtils.java:logGet(43)) - raft.server.log.use.memory = false (default)
2019-08-01 16:28:31,533 INFO  server.RaftServerConfigKeys (ConfUtils.java:logGet(43)) - raft.server.log.segment.size.max = 1048576 (custom)
2019-08-01 16:28:31,532 INFO  server.RaftServerConfigKeys (ConfUtils.java:logGet(43)) - raft.server.log.use.memory = false (default)
2019-08-01 16:28:31,533 INFO  server.RaftServerConfigKeys (ConfUtils.java:logGet(43)) - raft.server.log.segment.cache.num.max = 2 (custom)
2019-08-01 16:28:31,533 INFO  server.RaftServerConfigKeys (ConfUtils.java:logGet(43)) - raft.server.log.purge.gap = 1000000000 (custom)
2019-08-01 16:28:31,533 INFO  segmented.SegmentedRaftLogWorker (SegmentedRaftLogWorker.java:<init>(172)) - new c209cf45-c0de-4019-a77b-62c2dab4f7bf-SegmentedRaftLogWorker:Storage Directory /workdir/hadoop-ozone/integration-test/target/test-dir/MiniOzoneClusterImpl-d7ab4b8e-b62e-4f8d-8bb8-ced3748fa7db/datanode-1/data/ratis/0085dfb4-e4ff-4257-b6ed-23d117aac00b for RaftStorage:Storage Directory /workdir/hadoop-ozone/integration-test/target/test-dir/MiniOzoneClusterImpl-d7ab4b8e-b62e-4f8d-8bb8-ced3748fa7db/datanode-1/data/ratis/0085dfb4-e4ff-4257-b6ed-23d117aac00b
2019-08-01 16:28:31,533 INFO  server.RaftServerConfigKeys (ConfUtils.java:logGet(43)) - raft.server.log.purge.gap = 1000000000 (custom)
2019-08-01 16:28:31,534 INFO  server.RaftServerConfigKeys (ConfUtils.java:logGet(43)) - raft.server.log.queue.byte-limit = 2147483647 (custom)
2019-08-01 16:28:31,534 INFO  server.RaftServerConfigKeys (ConfUtils.java:logGet(43)) - raft.server.log.appender.buffer.byte-limit = 33554432 (custom)
2019-08-01 16:28:31,536 INFO  server.RaftServerConfigKeys (ConfUtils.java:logGet(43)) - raft.server.log.queue.element-limit = 1024 (custom)
2019-08-01 16:28:31,534 INFO  server.RaftServerConfigKeys (ConfUtils.java:logGet(43)) - raft.server.log.appender.buffer.byte-limit = 33554432 (custom)
2019-08-01 16:28:31,536 INFO  server.RaftServerConfigKeys (ConfUtils.java:logGet(43)) - raft.server.log.segment.size.max = 1048576 (custom)
2019-08-01 16:28:31,536 INFO  server.RaftServerConfigKeys (ConfUtils.java:logGet(43)) - raft.server.log.segment.size.max = 1048576 (custom)
2019-08-01 16:28:31,537 INFO  server.RaftServerConfigKeys (ConfUtils.java:logGet(43)) - raft.server.log.preallocated.size = 16384 (custom)
2019-08-01 16:28:31,537 INFO  server.RaftServerConfigKeys (ConfUtils.java:logGet(43)) - raft.server.log.segment.size.max = 1048576 (custom)
2019-08-01 16:28:31,537 INFO  server.RaftServerConfigKeys (ConfUtils.java:logGet(43)) - raft.server.log.write.buffer.size = 33554432 (custom)
2019-08-01 16:28:31,537 INFO  server.RaftServerConfigKeys (ConfUtils.java:logGet(43)) - raft.server.log.segment.cache.num.max = 2 (custom)
2019-08-01 16:28:31,538 INFO  server.RaftServerConfigKeys (ConfUtils.java:logGet(43)) - raft.server.log.force.sync.num = 128 (default)
2019-08-01 16:28:31,537 INFO  server.RaftServerConfigKeys (ConfUtils.java:logGet(43)) - raft.server.log.segment.cache.num.max = 2 (custom)
2019-08-01 16:28:31,538 INFO  server.RaftServerConfigKeys (ConfUtils.java:logGet(43)) - raft.server.log.statemachine.data.sync = true (default)
2019-08-01 16:28:31,538 INFO  segmented.SegmentedRaftLogWorker (SegmentedRaftLogWorker.java:<init>(172)) - new 2623fbf5-b87a-48c3-bef6-bc0d6498cc10-SegmentedRaftLogWorker:Storage Directory /workdir/hadoop-ozone/integration-test/target/test-dir/MiniOzoneClusterImpl-d7ab4b8e-b62e-4f8d-8bb8-ced3748fa7db/datanode-2/data/ratis/0085dfb4-e4ff-4257-b6ed-23d117aac00b for RaftStorage:Storage Directory /workdir/hadoop-ozone/integration-test/target/test-dir/MiniOzoneClusterImpl-d7ab4b8e-b62e-4f8d-8bb8-ced3748fa7db/datanode-2/data/ratis/0085dfb4-e4ff-4257-b6ed-23d117aac00b
2019-08-01 16:28:31,538 INFO  server.RaftServerConfigKeys (ConfUtils.java:logGet(43)) - raft.server.log.statemachine.data.sync.timeout = 10s (default)
2019-08-01 16:28:31,538 INFO  segmented.SegmentedRaftLogWorker (SegmentedRaftLogWorker.java:<init>(172)) - new 7fd9f83a-8e29-4ac0-9b6e-eef440b8c56a-SegmentedRaftLogWorker:Storage Directory /workdir/hadoop-ozone/integration-test/target/test-dir/MiniOzoneClusterImpl-d7ab4b8e-b62e-4f8d-8bb8-ced3748fa7db/datanode-0/data/ratis/0085dfb4-e4ff-4257-b6ed-23d117aac00b for RaftStorage:Storage Directory /workdir/hadoop-ozone/integration-test/target/test-dir/MiniOzoneClusterImpl-d7ab4b8e-b62e-4f8d-8bb8-ced3748fa7db/datanode-0/data/ratis/0085dfb4-e4ff-4257-b6ed-23d117aac00b
2019-08-01 16:28:31,539 INFO  server.RaftServerConfigKeys (ConfUtils.java:logGet(43)) - raft.server.log.statemachine.data.sync.timeout.retry = -1 (default)
2019-08-01 16:28:31,538 INFO  server.RaftServerConfigKeys (ConfUtils.java:logGet(43)) - raft.server.log.queue.byte-limit = 2147483647 (custom)
2019-08-01 16:28:31,541 INFO  server.RaftServerConfigKeys (ConfUtils.java:logGet(43)) - raft.server.log.queue.byte-limit = 2147483647 (custom)
2019-08-01 16:28:31,551 INFO  server.RaftServerConfigKeys (ConfUtils.java:logGet(43)) - raft.server.log.statemachine.data.caching.enabled = true (custom)
2019-08-01 16:28:31,551 INFO  server.RaftServerConfigKeys (ConfUtils.java:logGet(43)) - raft.server.log.queue.element-limit = 1024 (custom)
2019-08-01 16:28:31,553 INFO  server.RaftServerConfigKeys (ConfUtils.java:logGet(43)) - raft.server.log.queue.element-limit = 1024 (custom)
2019-08-01 16:28:31,554 INFO  segmented.SegmentedRaftLogWorker (SegmentedRaftLogWorker.java:lambda$new$0(132)) - c209cf45-c0de-4019-a77b-62c2dab4f7bf-SegmentedRaftLogWorker:Storage Directory /workdir/hadoop-ozone/integration-test/target/test-dir/MiniOzoneClusterImpl-d7ab4b8e-b62e-4f8d-8bb8-ced3748fa7db/datanode-1/data/ratis/0085dfb4-e4ff-4257-b6ed-23d117aac00b: flushIndex: setUnconditionally 0 -> -1
2019-08-01 16:28:31,554 INFO  server.RaftServerConfigKeys (ConfUtils.java:logGet(43)) - raft.server.log.segment.size.max = 1048576 (custom)
2019-08-01 16:28:31,554 INFO  server.RaftServerConfigKeys (ConfUtils.java:logGet(43)) - raft.server.log.segment.size.max = 1048576 (custom)
2019-08-01 16:28:31,554 INFO  server.RaftServerConfigKeys (ConfUtils.java:logGet(43)) - raft.server.snapshot.auto.trigger.enabled = true (custom)
2019-08-01 16:28:31,554 INFO  server.RaftServerConfigKeys (ConfUtils.java:logGet(43)) - raft.server.log.preallocated.size = 16384 (custom)
2019-08-01 16:28:31,555 INFO  server.RaftServerConfigKeys (ConfUtils.java:logGet(43)) - raft.server.snapshot.auto.trigger.threshold = 10000 (custom)
2019-08-01 16:28:31,555 INFO  server.RaftServerConfigKeys (ConfUtils.java:logGet(43)) - raft.server.log.preallocated.size = 16384 (custom)
2019-08-01 16:28:31,555 INFO  server.RaftServerConfigKeys (ConfUtils.java:logGet(43)) - raft.server.retrycache.expirytime = 600000ms (custom)
2019-08-01 16:28:31,555 INFO  server.RaftServerConfigKeys (ConfUtils.java:logGet(43)) - raft.server.log.write.buffer.size = 33554432 (custom)
2019-08-01 16:28:31,556 INFO  impl.RaftServerImpl (RaftServerImpl.java:start(180)) - c209cf45-c0de-4019-a77b-62c2dab4f7bf: start group-23D117AAC00B
2019-08-01 16:28:31,555 INFO  server.RaftServerConfigKeys (ConfUtils.java:logGet(43)) - raft.server.log.write.buffer.size = 33554432 (custom)
2019-08-01 16:28:31,556 INFO  impl.RaftServerImpl (RaftServerImpl.java:setRole(171)) - c209cf45-c0de-4019-a77b-62c2dab4f7bf:group-23D117AAC00B changes role from null to FOLLOWER at term 0 for startAsFollower
2019-08-01 16:28:31,556 INFO  server.RaftServerConfigKeys (ConfUtils.java:logGet(43)) - raft.server.log.force.sync.num = 128 (default)
2019-08-01 16:28:31,556 INFO  impl.RoleInfo (RoleInfo.java:updateAndGet(143)) - c209cf45-c0de-4019-a77b-62c2dab4f7bf: start FollowerState
2019-08-01 16:28:31,556 INFO  server.RaftServerConfigKeys (ConfUtils.java:logGet(43)) - raft.server.log.force.sync.num = 128 (default)
2019-08-01 16:28:31,556 INFO  server.RaftServerConfigKeys (ConfUtils.java:logGet(43)) - raft.server.log.statemachine.data.sync = true (default)
2019-08-01 16:28:31,557 INFO  util.JmxRegister (JmxRegister.java:tryRegister(44)) - Successfully registered JMX Bean with object name Ratis:service=RaftServer,group=group-23D117AAC00B,id=c209cf45-c0de-4019-a77b-62c2dab4f7bf
2019-08-01 16:28:31,557 INFO  server.RaftServerConfigKeys (ConfUtils.java:logGet(43)) - raft.server.log.statemachine.data.sync = true (default)
2019-08-01 16:28:31,557 INFO  server.RaftServerConfigKeys (ConfUtils.java:logGet(43)) - raft.server.log.statemachine.data.sync.timeout = 10s (default)
2019-08-01 16:28:31,557 INFO  server.RaftServerConfigKeys (ConfUtils.java:logGet(43)) - raft.server.log.statemachine.data.sync.timeout = 10s (default)
2019-08-01 16:28:31,557 INFO  server.RaftServerConfigKeys (ConfUtils.java:logGet(43)) - raft.server.log.statemachine.data.sync.timeout.retry = -1 (default)
2019-08-01 16:28:31,558 INFO  server.RaftServerConfigKeys (ConfUtils.java:logGet(43)) - raft.server.log.statemachine.data.sync.timeout.retry = -1 (default)
2019-08-01 16:28:31,558 INFO  server.RaftServerConfigKeys (ConfUtils.java:logGet(43)) - raft.server.log.statemachine.data.caching.enabled = true (custom)
2019-08-01 16:28:31,558 INFO  server.RaftServerConfigKeys (ConfUtils.java:logGet(43)) - raft.server.log.statemachine.data.caching.enabled = true (custom)
2019-08-01 16:28:31,558 INFO  segmented.SegmentedRaftLogWorker (SegmentedRaftLogWorker.java:lambda$new$0(132)) - 2623fbf5-b87a-48c3-bef6-bc0d6498cc10-SegmentedRaftLogWorker:Storage Directory /workdir/hadoop-ozone/integration-test/target/test-dir/MiniOzoneClusterImpl-d7ab4b8e-b62e-4f8d-8bb8-ced3748fa7db/datanode-2/data/ratis/0085dfb4-e4ff-4257-b6ed-23d117aac00b: flushIndex: setUnconditionally 0 -> -1
2019-08-01 16:28:31,558 INFO  segmented.SegmentedRaftLogWorker (SegmentedRaftLogWorker.java:lambda$new$0(132)) - 7fd9f83a-8e29-4ac0-9b6e-eef440b8c56a-SegmentedRaftLogWorker:Storage Directory /workdir/hadoop-ozone/integration-test/target/test-dir/MiniOzoneClusterImpl-d7ab4b8e-b62e-4f8d-8bb8-ced3748fa7db/datanode-0/data/ratis/0085dfb4-e4ff-4257-b6ed-23d117aac00b: flushIndex: setUnconditionally 0 -> -1
2019-08-01 16:28:31,559 INFO  server.RaftServerConfigKeys (ConfUtils.java:logGet(43)) - raft.server.snapshot.auto.trigger.enabled = true (custom)
2019-08-01 16:28:31,559 INFO  server.RaftServerConfigKeys (ConfUtils.java:logGet(43)) - raft.server.snapshot.auto.trigger.threshold = 10000 (custom)
2019-08-01 16:28:31,561 INFO  server.RaftServerConfigKeys (ConfUtils.java:logGet(43)) - raft.server.snapshot.auto.trigger.enabled = true (custom)
2019-08-01 16:28:31,561 INFO  server.RaftServerConfigKeys (ConfUtils.java:logGet(43)) - raft.server.retrycache.expirytime = 600000ms (custom)
2019-08-01 16:28:31,562 INFO  server.RaftServerConfigKeys (ConfUtils.java:logGet(43)) - raft.server.snapshot.auto.trigger.threshold = 10000 (custom)
2019-08-01 16:28:31,562 INFO  impl.RaftServerImpl (RaftServerImpl.java:start(180)) - 2623fbf5-b87a-48c3-bef6-bc0d6498cc10: start group-23D117AAC00B
2019-08-01 16:28:31,562 INFO  server.RaftServerConfigKeys (ConfUtils.java:logGet(43)) - raft.server.retrycache.expirytime = 600000ms (custom)
2019-08-01 16:28:31,562 INFO  impl.RaftServerImpl (RaftServerImpl.java:setRole(171)) - 2623fbf5-b87a-48c3-bef6-bc0d6498cc10:group-23D117AAC00B changes role from null to FOLLOWER at term 0 for startAsFollower
2019-08-01 16:28:31,562 INFO  impl.RaftServerImpl (RaftServerImpl.java:start(180)) - 7fd9f83a-8e29-4ac0-9b6e-eef440b8c56a: start group-23D117AAC00B
2019-08-01 16:28:31,562 INFO  impl.RoleInfo (RoleInfo.java:updateAndGet(143)) - 2623fbf5-b87a-48c3-bef6-bc0d6498cc10: start FollowerState
2019-08-01 16:28:31,565 INFO  impl.RaftServerImpl (RaftServerImpl.java:setRole(171)) - 7fd9f83a-8e29-4ac0-9b6e-eef440b8c56a:group-23D117AAC00B changes role from null to FOLLOWER at term 0 for startAsFollower
2019-08-01 16:28:31,570 INFO  util.JmxRegister (JmxRegister.java:tryRegister(44)) - Successfully registered JMX Bean with object name Ratis:service=RaftServer,group=group-23D117AAC00B,id=2623fbf5-b87a-48c3-bef6-bc0d6498cc10
2019-08-01 16:28:31,570 INFO  impl.RoleInfo (RoleInfo.java:updateAndGet(143)) - 7fd9f83a-8e29-4ac0-9b6e-eef440b8c56a: start FollowerState
2019-08-01 16:28:31,570 INFO  util.JmxRegister (JmxRegister.java:tryRegister(44)) - Successfully registered JMX Bean with object name Ratis:service=RaftServer,group=group-23D117AAC00B,id=7fd9f83a-8e29-4ac0-9b6e-eef440b8c56a
2019-08-01 16:28:31,588 INFO  pipeline.PipelineStateManager (PipelineStateManager.java:addPipeline(56)) - Created pipeline Pipeline[ Id: 0085dfb4-e4ff-4257-b6ed-23d117aac00b, Nodes: 7fd9f83a-8e29-4ac0-9b6e-eef440b8c56a{ip: 192.168.157.209, host: byscane-nightly-hwqnr-1260472869, networkLocation: /default-rack, certSerialId: null}c209cf45-c0de-4019-a77b-62c2dab4f7bf{ip: 192.168.157.209, host: byscane-nightly-hwqnr-1260472869, networkLocation: /default-rack, certSerialId: null}2623fbf5-b87a-48c3-bef6-bc0d6498cc10{ip: 192.168.157.209, host: byscane-nightly-hwqnr-1260472869, networkLocation: /default-rack, certSerialId: null}, Type:RATIS, Factor:THREE, State:OPEN]
2019-08-01 16:28:32,371 INFO  ozone.MiniOzoneClusterImpl (MiniOzoneClusterImpl.java:lambda$waitForClusterToBeReady$0(142)) - Cluster is ready. Got 3 of 3 DN Heartbeats.
2019-08-01 16:28:33,968 INFO  container.ReplicationManager (ReplicationManager.java:start(155)) - Starting Replication Monitor Thread.
2019-08-01 16:28:33,975 INFO  container.ReplicationManager (ReplicationManager.java:run(207)) - Replication Monitor Thread took 0 milliseconds for processing 0 containers.
2019-08-01 16:28:36,160 INFO  impl.FollowerState (FollowerState.java:run(106)) - 7fd9f83a-8e29-4ac0-9b6e-eef440b8c56a:group-A0997EC361C0 changes to CANDIDATE, lastRpcTime:5132, electionTimeout:5132ms
2019-08-01 16:28:36,160 INFO  impl.RoleInfo (RoleInfo.java:shutdownFollowerState(121)) - 7fd9f83a-8e29-4ac0-9b6e-eef440b8c56a: shutdown FollowerState
2019-08-01 16:28:36,160 INFO  impl.RaftServerImpl (RaftServerImpl.java:setRole(171)) - 7fd9f83a-8e29-4ac0-9b6e-eef440b8c56a:group-A0997EC361C0 changes role from FOLLOWER to CANDIDATE at term 0 for changeToCandidate
2019-08-01 16:28:36,160 INFO  impl.RoleInfo (RoleInfo.java:updateAndGet(143)) - 7fd9f83a-8e29-4ac0-9b6e-eef440b8c56a: start LeaderElection
2019-08-01 16:28:36,184 INFO  impl.LeaderElection (LeaderElection.java:askForVotes(181)) - 7fd9f83a-8e29-4ac0-9b6e-eef440b8c56a:group-A0997EC361C0:LeaderElection8: begin an election at term 1 for -1: [7fd9f83a-8e29-4ac0-9b6e-eef440b8c56a:192.168.157.209:34193], old=null
2019-08-01 16:28:36,185 INFO  impl.RoleInfo (RoleInfo.java:shutdownLeaderElection(134)) - 7fd9f83a-8e29-4ac0-9b6e-eef440b8c56a: shutdown LeaderElection
2019-08-01 16:28:36,185 INFO  impl.RaftServerImpl (RaftServerImpl.java:setRole(171)) - 7fd9f83a-8e29-4ac0-9b6e-eef440b8c56a:group-A0997EC361C0 changes role from CANDIDATE to LEADER at term 1 for changeToLeader
2019-08-01 16:28:36,185 INFO  impl.RaftServerImpl (ServerState.java:setLeader(263)) - 7fd9f83a-8e29-4ac0-9b6e-eef440b8c56a:group-A0997EC361C0 change Leader from null to 7fd9f83a-8e29-4ac0-9b6e-eef440b8c56a at term 1 for becomeLeader, leader elected after 5163ms
2019-08-01 16:28:36,188 INFO  server.RaftServerConfigKeys (ConfUtils.java:logGet(43)) - raft.server.staging.catchup.gap = 1000 (default)
2019-08-01 16:28:36,188 INFO  server.RaftServerConfigKeys (ConfUtils.java:logGet(43)) - raft.server.rpc.sleep.time = 25ms (default)
2019-08-01 16:28:36,189 INFO  server.RaftServerConfigKeys (ConfUtils.java:logGet(43)) - raft.server.write.element-limit = 4096 (default)
2019-08-01 16:28:36,189 INFO  server.RaftServerConfigKeys (ConfUtils.java:logGet(43)) - raft.server.watch.timeout = 10s (default)
2019-08-01 16:28:36,189 INFO  server.RaftServerConfigKeys (ConfUtils.java:logGet(43)) - raft.server.watch.timeout.denomination = 1s (default)
2019-08-01 16:28:36,189 INFO  server.RaftServerConfigKeys (ConfUtils.java:logGet(43)) - raft.server.watch.element-limit = 65536 (default)
2019-08-01 16:28:36,189 INFO  impl.RoleInfo (RoleInfo.java:updateAndGet(143)) - 7fd9f83a-8e29-4ac0-9b6e-eef440b8c56a: start LeaderState
2019-08-01 16:28:36,190 INFO  segmented.SegmentedRaftLogWorker (SegmentedRaftLogWorker.java:startLogSegment(380)) - 7fd9f83a-8e29-4ac0-9b6e-eef440b8c56a-SegmentedRaftLogWorker:Storage Directory /workdir/hadoop-ozone/integration-test/target/test-dir/MiniOzoneClusterImpl-d7ab4b8e-b62e-4f8d-8bb8-ced3748fa7db/datanode-0/data/ratis/cbcebd7d-cd69-4a3d-866a-a0997ec361c0: Starting segment from index:0
2019-08-01 16:28:36,191 INFO  impl.RaftServerImpl (ServerState.java:setRaftConf(361)) - 7fd9f83a-8e29-4ac0-9b6e-eef440b8c56a:group-A0997EC361C0 set configuration 0: [7fd9f83a-8e29-4ac0-9b6e-eef440b8c56a:192.168.157.209:34193], old=null at 0
2019-08-01 16:28:36,226 INFO  segmented.SegmentedRaftLogWorker (SegmentedRaftLogWorker.java:execute(569)) - 7fd9f83a-8e29-4ac0-9b6e-eef440b8c56a-SegmentedRaftLogWorker:Storage Directory /workdir/hadoop-ozone/integration-test/target/test-dir/MiniOzoneClusterImpl-d7ab4b8e-b62e-4f8d-8bb8-ced3748fa7db/datanode-0/data/ratis/cbcebd7d-cd69-4a3d-866a-a0997ec361c0: created new log segment /workdir/hadoop-ozone/integration-test/target/test-dir/MiniOzoneClusterImpl-d7ab4b8e-b62e-4f8d-8bb8-ced3748fa7db/datanode-0/data/ratis/cbcebd7d-cd69-4a3d-866a-a0997ec361c0/current/log_inprogress_0
2019-08-01 16:28:36,276 INFO  impl.FollowerState (FollowerState.java:run(106)) - c209cf45-c0de-4019-a77b-62c2dab4f7bf:group-16A72343020D changes to CANDIDATE, lastRpcTime:5046, electionTimeout:5046ms
2019-08-01 16:28:36,276 INFO  impl.RoleInfo (RoleInfo.java:shutdownFollowerState(121)) - c209cf45-c0de-4019-a77b-62c2dab4f7bf: shutdown FollowerState
2019-08-01 16:28:36,276 INFO  impl.RaftServerImpl (RaftServerImpl.java:setRole(171)) - c209cf45-c0de-4019-a77b-62c2dab4f7bf:group-16A72343020D changes role from FOLLOWER to CANDIDATE at term 0 for changeToCandidate
2019-08-01 16:28:36,276 INFO  impl.RoleInfo (RoleInfo.java:updateAndGet(143)) - c209cf45-c0de-4019-a77b-62c2dab4f7bf: start LeaderElection
2019-08-01 16:28:36,300 INFO  impl.LeaderElection (LeaderElection.java:askForVotes(181)) - c209cf45-c0de-4019-a77b-62c2dab4f7bf:group-16A72343020D:LeaderElection9: begin an election at term 1 for -1: [c209cf45-c0de-4019-a77b-62c2dab4f7bf:192.168.157.209:44735], old=null
2019-08-01 16:28:36,303 INFO  impl.RoleInfo (RoleInfo.java:shutdownLeaderElection(134)) - c209cf45-c0de-4019-a77b-62c2dab4f7bf: shutdown LeaderElection
2019-08-01 16:28:36,303 INFO  impl.RaftServerImpl (RaftServerImpl.java:setRole(171)) - c209cf45-c0de-4019-a77b-62c2dab4f7bf:group-16A72343020D changes role from CANDIDATE to LEADER at term 1 for changeToLeader
2019-08-01 16:28:36,303 INFO  impl.RaftServerImpl (ServerState.java:setLeader(263)) - c209cf45-c0de-4019-a77b-62c2dab4f7bf:group-16A72343020D change Leader from null to c209cf45-c0de-4019-a77b-62c2dab4f7bf at term 1 for becomeLeader, leader elected after 5079ms
2019-08-01 16:28:36,305 INFO  server.RaftServerConfigKeys (ConfUtils.java:logGet(43)) - raft.server.staging.catchup.gap = 1000 (default)
2019-08-01 16:28:36,306 INFO  server.RaftServerConfigKeys (ConfUtils.java:logGet(43)) - raft.server.rpc.sleep.time = 25ms (default)
2019-08-01 16:28:36,306 INFO  server.RaftServerConfigKeys (ConfUtils.java:logGet(43)) - raft.server.write.element-limit = 4096 (default)
2019-08-01 16:28:36,306 INFO  server.RaftServerConfigKeys (ConfUtils.java:logGet(43)) - raft.server.watch.timeout = 10s (default)
2019-08-01 16:28:36,306 INFO  server.RaftServerConfigKeys (ConfUtils.java:logGet(43)) - raft.server.watch.timeout.denomination = 1s (default)
2019-08-01 16:28:36,307 INFO  server.RaftServerConfigKeys (ConfUtils.java:logGet(43)) - raft.server.watch.element-limit = 65536 (default)
2019-08-01 16:28:36,307 INFO  impl.RoleInfo (RoleInfo.java:updateAndGet(143)) - c209cf45-c0de-4019-a77b-62c2dab4f7bf: start LeaderState
2019-08-01 16:28:36,307 INFO  segmented.SegmentedRaftLogWorker (SegmentedRaftLogWorker.java:startLogSegment(380)) - c209cf45-c0de-4019-a77b-62c2dab4f7bf-SegmentedRaftLogWorker:Storage Directory /workdir/hadoop-ozone/integration-test/target/test-dir/MiniOzoneClusterImpl-d7ab4b8e-b62e-4f8d-8bb8-ced3748fa7db/datanode-1/data/ratis/b130bd74-3e73-4512-b4af-16a72343020d: Starting segment from index:0
2019-08-01 16:28:36,308 INFO  impl.RaftServerImpl (ServerState.java:setRaftConf(361)) - c209cf45-c0de-4019-a77b-62c2dab4f7bf:group-16A72343020D set configuration 0: [c209cf45-c0de-4019-a77b-62c2dab4f7bf:192.168.157.209:44735], old=null at 0
2019-08-01 16:28:36,339 INFO  segmented.SegmentedRaftLogWorker (SegmentedRaftLogWorker.java:execute(569)) - c209cf45-c0de-4019-a77b-62c2dab4f7bf-SegmentedRaftLogWorker:Storage Directory /workdir/hadoop-ozone/integration-test/target/test-dir/MiniOzoneClusterImpl-d7ab4b8e-b62e-4f8d-8bb8-ced3748fa7db/datanode-1/data/ratis/b130bd74-3e73-4512-b4af-16a72343020d: created new log segment /workdir/hadoop-ozone/integration-test/target/test-dir/MiniOzoneClusterImpl-d7ab4b8e-b62e-4f8d-8bb8-ced3748fa7db/datanode-1/data/ratis/b130bd74-3e73-4512-b4af-16a72343020d/current/log_inprogress_0
2019-08-01 16:28:36,527 INFO  impl.FollowerState (FollowerState.java:run(106)) - 2623fbf5-b87a-48c3-bef6-bc0d6498cc10:group-BB24C2B1F09A changes to CANDIDATE, lastRpcTime:5087, electionTimeout:5087ms
2019-08-01 16:28:36,527 INFO  impl.RoleInfo (RoleInfo.java:shutdownFollowerState(121)) - 2623fbf5-b87a-48c3-bef6-bc0d6498cc10: shutdown FollowerState
2019-08-01 16:28:36,527 INFO  impl.RaftServerImpl (RaftServerImpl.java:setRole(171)) - 2623fbf5-b87a-48c3-bef6-bc0d6498cc10:group-BB24C2B1F09A changes role from FOLLOWER to CANDIDATE at term 0 for changeToCandidate
2019-08-01 16:28:36,527 INFO  impl.RoleInfo (RoleInfo.java:updateAndGet(143)) - 2623fbf5-b87a-48c3-bef6-bc0d6498cc10: start LeaderElection
2019-08-01 16:28:36,549 INFO  impl.LeaderElection (LeaderElection.java:askForVotes(181)) - 2623fbf5-b87a-48c3-bef6-bc0d6498cc10:group-BB24C2B1F09A:LeaderElection10: begin an election at term 1 for -1: [2623fbf5-b87a-48c3-bef6-bc0d6498cc10:192.168.157.209:38871], old=null
2019-08-01 16:28:36,551 INFO  impl.RoleInfo (RoleInfo.java:shutdownLeaderElection(134)) - 2623fbf5-b87a-48c3-bef6-bc0d6498cc10: shutdown LeaderElection
2019-08-01 16:28:36,551 INFO  impl.RaftServerImpl (RaftServerImpl.java:setRole(171)) - 2623fbf5-b87a-48c3-bef6-bc0d6498cc10:group-BB24C2B1F09A changes role from CANDIDATE to LEADER at term 1 for changeToLeader
2019-08-01 16:28:36,552 INFO  impl.RaftServerImpl (ServerState.java:setLeader(263)) - 2623fbf5-b87a-48c3-bef6-bc0d6498cc10:group-BB24C2B1F09A change Leader from null to 2623fbf5-b87a-48c3-bef6-bc0d6498cc10 at term 1 for becomeLeader, leader elected after 5118ms
2019-08-01 16:28:36,554 INFO  server.RaftServerConfigKeys (ConfUtils.java:logGet(43)) - raft.server.staging.catchup.gap = 1000 (default)
2019-08-01 16:28:36,554 INFO  server.RaftServerConfigKeys (ConfUtils.java:logGet(43)) - raft.server.rpc.sleep.time = 25ms (default)
2019-08-01 16:28:36,554 INFO  server.RaftServerConfigKeys (ConfUtils.java:logGet(43)) - raft.server.write.element-limit = 4096 (default)
2019-08-01 16:28:36,555 INFO  server.RaftServerConfigKeys (ConfUtils.java:logGet(43)) - raft.server.watch.timeout = 10s (default)
2019-08-01 16:28:36,555 INFO  server.RaftServerConfigKeys (ConfUtils.java:logGet(43)) - raft.server.watch.timeout.denomination = 1s (default)
2019-08-01 16:28:36,555 INFO  server.RaftServerConfigKeys (ConfUtils.java:logGet(43)) - raft.server.watch.element-limit = 65536 (default)
2019-08-01 16:28:36,555 INFO  impl.RoleInfo (RoleInfo.java:updateAndGet(143)) - 2623fbf5-b87a-48c3-bef6-bc0d6498cc10: start LeaderState
2019-08-01 16:28:36,556 INFO  segmented.SegmentedRaftLogWorker (SegmentedRaftLogWorker.java:startLogSegment(380)) - 2623fbf5-b87a-48c3-bef6-bc0d6498cc10-SegmentedRaftLogWorker:Storage Directory /workdir/hadoop-ozone/integration-test/target/test-dir/MiniOzoneClusterImpl-d7ab4b8e-b62e-4f8d-8bb8-ced3748fa7db/datanode-2/data/ratis/b765355c-36bd-49ee-a1ab-bb24c2b1f09a: Starting segment from index:0
2019-08-01 16:28:36,556 INFO  impl.RaftServerImpl (ServerState.java:setRaftConf(361)) - 2623fbf5-b87a-48c3-bef6-bc0d6498cc10:group-BB24C2B1F09A set configuration 0: [2623fbf5-b87a-48c3-bef6-bc0d6498cc10:192.168.157.209:38871], old=null at 0
2019-08-01 16:28:36,578 INFO  impl.FollowerState (FollowerState.java:run(106)) - 2623fbf5-b87a-48c3-bef6-bc0d6498cc10:group-23D117AAC00B changes to CANDIDATE, lastRpcTime:5015, electionTimeout:5005ms
2019-08-01 16:28:36,578 INFO  impl.RoleInfo (RoleInfo.java:shutdownFollowerState(121)) - 2623fbf5-b87a-48c3-bef6-bc0d6498cc10: shutdown FollowerState
2019-08-01 16:28:36,578 INFO  impl.RaftServerImpl (RaftServerImpl.java:setRole(171)) - 2623fbf5-b87a-48c3-bef6-bc0d6498cc10:group-23D117AAC00B changes role from FOLLOWER to CANDIDATE at term 0 for changeToCandidate
2019-08-01 16:28:36,578 INFO  impl.RoleInfo (RoleInfo.java:updateAndGet(143)) - 2623fbf5-b87a-48c3-bef6-bc0d6498cc10: start LeaderElection
2019-08-01 16:28:36,590 INFO  segmented.SegmentedRaftLogWorker (SegmentedRaftLogWorker.java:execute(569)) - 2623fbf5-b87a-48c3-bef6-bc0d6498cc10-SegmentedRaftLogWorker:Storage Directory /workdir/hadoop-ozone/integration-test/target/test-dir/MiniOzoneClusterImpl-d7ab4b8e-b62e-4f8d-8bb8-ced3748fa7db/datanode-2/data/ratis/b765355c-36bd-49ee-a1ab-bb24c2b1f09a: created new log segment /workdir/hadoop-ozone/integration-test/target/test-dir/MiniOzoneClusterImpl-d7ab4b8e-b62e-4f8d-8bb8-ced3748fa7db/datanode-2/data/ratis/b765355c-36bd-49ee-a1ab-bb24c2b1f09a/current/log_inprogress_0
2019-08-01 16:28:36,590 INFO  impl.LeaderElection (LeaderElection.java:askForVotes(181)) - 2623fbf5-b87a-48c3-bef6-bc0d6498cc10:group-23D117AAC00B:LeaderElection11: begin an election at term 1 for -1: [c209cf45-c0de-4019-a77b-62c2dab4f7bf:192.168.157.209:44735, 2623fbf5-b87a-48c3-bef6-bc0d6498cc10:192.168.157.209:38871, 7fd9f83a-8e29-4ac0-9b6e-eef440b8c56a:192.168.157.209:34193], old=null
2019-08-01 16:28:36,627 INFO  impl.FollowerState (FollowerState.java:run(106)) - c209cf45-c0de-4019-a77b-62c2dab4f7bf:group-23D117AAC00B changes to CANDIDATE, lastRpcTime:5070, electionTimeout:5070ms
2019-08-01 16:28:36,629 INFO  impl.RoleInfo (RoleInfo.java:shutdownFollowerState(121)) - c209cf45-c0de-4019-a77b-62c2dab4f7bf: shutdown FollowerState
2019-08-01 16:28:36,630 INFO  impl.RaftServerImpl (RaftServerImpl.java:setRole(171)) - c209cf45-c0de-4019-a77b-62c2dab4f7bf:group-23D117AAC00B changes role from FOLLOWER to CANDIDATE at term 0 for changeToCandidate
2019-08-01 16:28:36,630 INFO  impl.RoleInfo (RoleInfo.java:updateAndGet(143)) - c209cf45-c0de-4019-a77b-62c2dab4f7bf: start LeaderElection
2019-08-01 16:28:36,641 INFO  impl.RaftServerImpl (RaftServerImpl.java:setRole(171)) - 7fd9f83a-8e29-4ac0-9b6e-eef440b8c56a:group-23D117AAC00B changes role from FOLLOWER to FOLLOWER at term 1 for recognizeCandidate:2623fbf5-b87a-48c3-bef6-bc0d6498cc10
2019-08-01 16:28:36,641 INFO  impl.RoleInfo (RoleInfo.java:shutdownFollowerState(121)) - 7fd9f83a-8e29-4ac0-9b6e-eef440b8c56a: shutdown FollowerState
2019-08-01 16:28:36,641 INFO  impl.RoleInfo (RoleInfo.java:updateAndGet(143)) - 7fd9f83a-8e29-4ac0-9b6e-eef440b8c56a: start FollowerState
2019-08-01 16:28:36,642 INFO  impl.FollowerState (FollowerState.java:run(114)) - 7fd9f83a-8e29-4ac0-9b6e-eef440b8c56a: FollowerState was interrupted: java.lang.InterruptedException: sleep interrupted
2019-08-01 16:28:36,653 INFO  impl.LeaderElection (LeaderElection.java:askForVotes(181)) - c209cf45-c0de-4019-a77b-62c2dab4f7bf:group-23D117AAC00B:LeaderElection12: begin an election at term 1 for -1: [c209cf45-c0de-4019-a77b-62c2dab4f7bf:192.168.157.209:44735, 2623fbf5-b87a-48c3-bef6-bc0d6498cc10:192.168.157.209:38871, 7fd9f83a-8e29-4ac0-9b6e-eef440b8c56a:192.168.157.209:34193], old=null
2019-08-01 16:28:36,705 INFO  impl.LeaderElection (LeaderElection.java:logAndReturn(56)) - 2623fbf5-b87a-48c3-bef6-bc0d6498cc10:group-23D117AAC00B:LeaderElection11: Election PASSED; received 1 response(s) [2623fbf5-b87a-48c3-bef6-bc0d6498cc10<-7fd9f83a-8e29-4ac0-9b6e-eef440b8c56a#0:OK-t1] and 0 exception(s); 2623fbf5-b87a-48c3-bef6-bc0d6498cc10:t1, leader=null, voted=2623fbf5-b87a-48c3-bef6-bc0d6498cc10, raftlog=2623fbf5-b87a-48c3-bef6-bc0d6498cc10-SegmentedRaftLog:OPENED:c-1,f-1,i0, conf=-1: [c209cf45-c0de-4019-a77b-62c2dab4f7bf:192.168.157.209:44735, 2623fbf5-b87a-48c3-bef6-bc0d6498cc10:192.168.157.209:38871, 7fd9f83a-8e29-4ac0-9b6e-eef440b8c56a:192.168.157.209:34193], old=null
2019-08-01 16:28:36,706 INFO  impl.RoleInfo (RoleInfo.java:shutdownLeaderElection(134)) - 2623fbf5-b87a-48c3-bef6-bc0d6498cc10: shutdown LeaderElection
2019-08-01 16:28:36,706 INFO  impl.RaftServerImpl (RaftServerImpl.java:setRole(171)) - 2623fbf5-b87a-48c3-bef6-bc0d6498cc10:group-23D117AAC00B changes role from CANDIDATE to LEADER at term 1 for changeToLeader
2019-08-01 16:28:36,708 INFO  impl.RaftServerImpl (ServerState.java:setLeader(263)) - 2623fbf5-b87a-48c3-bef6-bc0d6498cc10:group-23D117AAC00B change Leader from null to 2623fbf5-b87a-48c3-bef6-bc0d6498cc10 at term 1 for becomeLeader, leader elected after 5177ms
2019-08-01 16:28:36,709 INFO  server.RaftServerConfigKeys (ConfUtils.java:logGet(43)) - raft.server.staging.catchup.gap = 1000 (default)
2019-08-01 16:28:36,709 INFO  server.RaftServerConfigKeys (ConfUtils.java:logGet(43)) - raft.server.rpc.sleep.time = 25ms (default)
2019-08-01 16:28:36,719 INFO  server.RaftServerConfigKeys (ConfUtils.java:logGet(43)) - raft.server.write.element-limit = 4096 (default)
2019-08-01 16:28:36,720 INFO  server.RaftServerConfigKeys (ConfUtils.java:logGet(43)) - raft.server.watch.timeout = 10s (default)
2019-08-01 16:28:36,723 INFO  server.RaftServerConfigKeys (ConfUtils.java:logGet(43)) - raft.server.watch.timeout.denomination = 1s (default)
2019-08-01 16:28:36,724 INFO  server.RaftServerConfigKeys (ConfUtils.java:logGet(43)) - raft.server.watch.element-limit = 65536 (default)
2019-08-01 16:28:36,731 INFO  server.RaftServerConfigKeys (ConfUtils.java:logGet(43)) - raft.server.log.appender.snapshot.chunk.size.max = 16MB (=16777216) (default)
2019-08-01 16:28:36,731 INFO  server.RaftServerConfigKeys (ConfUtils.java:logGet(43)) - raft.server.log.appender.buffer.byte-limit = 33554432 (custom)
2019-08-01 16:28:36,732 INFO  server.RaftServerConfigKeys (ConfUtils.java:logGet(43)) - raft.server.log.appender.buffer.element-limit = 1 (custom)
2019-08-01 16:28:36,735 INFO  grpc.GrpcConfigKeys$Server (ConfUtils.java:logGet(43)) - raft.grpc.server.leader.outstanding.appends.max = 128 (default)
2019-08-01 16:28:36,735 INFO  server.RaftServerConfigKeys (ConfUtils.java:logGet(43)) - raft.server.rpc.request.timeout = 3000ms (default)
2019-08-01 16:28:36,736 INFO  server.RaftServerConfigKeys (ConfUtils.java:logGet(43)) - raft.server.log.appender.install.snapshot.enabled = false (custom)
2019-08-01 16:28:36,736 INFO  server.RaftServerConfigKeys (ConfUtils.java:logGet(43)) - raft.server.log.appender.snapshot.chunk.size.max = 16MB (=16777216) (default)
2019-08-01 16:28:36,736 INFO  server.RaftServerConfigKeys (ConfUtils.java:logGet(43)) - raft.server.log.appender.buffer.byte-limit = 33554432 (custom)
2019-08-01 16:28:36,736 INFO  server.RaftServerConfigKeys (ConfUtils.java:logGet(43)) - raft.server.log.appender.buffer.element-limit = 1 (custom)
2019-08-01 16:28:36,736 INFO  grpc.GrpcConfigKeys$Server (ConfUtils.java:logGet(43)) - raft.grpc.server.leader.outstanding.appends.max = 128 (default)
2019-08-01 16:28:36,737 INFO  server.RaftServerConfigKeys (ConfUtils.java:logGet(43)) - raft.server.rpc.request.timeout = 3000ms (default)
2019-08-01 16:28:36,737 INFO  server.RaftServerConfigKeys (ConfUtils.java:logGet(43)) - raft.server.log.appender.install.snapshot.enabled = false (custom)
2019-08-01 16:28:36,741 INFO  impl.RoleInfo (RoleInfo.java:updateAndGet(143)) - 2623fbf5-b87a-48c3-bef6-bc0d6498cc10: start LeaderState
2019-08-01 16:28:36,741 INFO  segmented.SegmentedRaftLogWorker (SegmentedRaftLogWorker.java:startLogSegment(380)) - 2623fbf5-b87a-48c3-bef6-bc0d6498cc10-SegmentedRaftLogWorker:Storage Directory /workdir/hadoop-ozone/integration-test/target/test-dir/MiniOzoneClusterImpl-d7ab4b8e-b62e-4f8d-8bb8-ced3748fa7db/datanode-2/data/ratis/0085dfb4-e4ff-4257-b6ed-23d117aac00b: Starting segment from index:0
2019-08-01 16:28:36,742 INFO  impl.RaftServerImpl (ServerState.java:setRaftConf(361)) - 2623fbf5-b87a-48c3-bef6-bc0d6498cc10:group-23D117AAC00B set configuration 0: [c209cf45-c0de-4019-a77b-62c2dab4f7bf:192.168.157.209:44735, 2623fbf5-b87a-48c3-bef6-bc0d6498cc10:192.168.157.209:38871, 7fd9f83a-8e29-4ac0-9b6e-eef440b8c56a:192.168.157.209:34193], old=null at 0
2019-08-01 16:28:36,764 INFO  impl.RaftServerImpl (RaftServerImpl.java:requestVote(754)) - 2623fbf5-b87a-48c3-bef6-bc0d6498cc10-LEADER: Withhold vote from candidate c209cf45-c0de-4019-a77b-62c2dab4f7bf with term 1. State: leader=2623fbf5-b87a-48c3-bef6-bc0d6498cc10, term=1, lastRpcElapsed=null
2019-08-01 16:28:36,780 INFO  segmented.SegmentedRaftLogWorker (SegmentedRaftLogWorker.java:execute(569)) - 2623fbf5-b87a-48c3-bef6-bc0d6498cc10-SegmentedRaftLogWorker:Storage Directory /workdir/hadoop-ozone/integration-test/target/test-dir/MiniOzoneClusterImpl-d7ab4b8e-b62e-4f8d-8bb8-ced3748fa7db/datanode-2/data/ratis/0085dfb4-e4ff-4257-b6ed-23d117aac00b: created new log segment /workdir/hadoop-ozone/integration-test/target/test-dir/MiniOzoneClusterImpl-d7ab4b8e-b62e-4f8d-8bb8-ced3748fa7db/datanode-2/data/ratis/0085dfb4-e4ff-4257-b6ed-23d117aac00b/current/log_inprogress_0
2019-08-01 16:28:36,781 INFO  impl.LeaderElection (LeaderElection.java:logAndReturn(56)) - c209cf45-c0de-4019-a77b-62c2dab4f7bf:group-23D117AAC00B:LeaderElection12: Election REJECTED; received 2 response(s) [c209cf45-c0de-4019-a77b-62c2dab4f7bf<-2623fbf5-b87a-48c3-bef6-bc0d6498cc10#0:FAIL-t1, c209cf45-c0de-4019-a77b-62c2dab4f7bf<-7fd9f83a-8e29-4ac0-9b6e-eef440b8c56a#0:FAIL-t1] and 0 exception(s); c209cf45-c0de-4019-a77b-62c2dab4f7bf:t1, leader=null, voted=c209cf45-c0de-4019-a77b-62c2dab4f7bf, raftlog=c209cf45-c0de-4019-a77b-62c2dab4f7bf-SegmentedRaftLog:OPENED:c-1,f-1,i0, conf=-1: [c209cf45-c0de-4019-a77b-62c2dab4f7bf:192.168.157.209:44735, 2623fbf5-b87a-48c3-bef6-bc0d6498cc10:192.168.157.209:38871, 7fd9f83a-8e29-4ac0-9b6e-eef440b8c56a:192.168.157.209:34193], old=null
2019-08-01 16:28:36,781 INFO  impl.RaftServerImpl (RaftServerImpl.java:setRole(171)) - c209cf45-c0de-4019-a77b-62c2dab4f7bf:group-23D117AAC00B changes role from CANDIDATE to FOLLOWER at term 1 for DISCOVERED_A_NEW_TERM
2019-08-01 16:28:36,791 INFO  impl.RoleInfo (RoleInfo.java:shutdownLeaderElection(134)) - c209cf45-c0de-4019-a77b-62c2dab4f7bf: shutdown LeaderElection
2019-08-01 16:28:36,791 INFO  impl.RoleInfo (RoleInfo.java:updateAndGet(143)) - c209cf45-c0de-4019-a77b-62c2dab4f7bf: start FollowerState
2019-08-01 16:28:36,818 INFO  impl.RaftServerImpl (ServerState.java:setLeader(263)) - c209cf45-c0de-4019-a77b-62c2dab4f7bf:group-23D117AAC00B change Leader from null to 2623fbf5-b87a-48c3-bef6-bc0d6498cc10 at term 1 for appendEntries, leader elected after 5286ms
2019-08-01 16:28:36,818 INFO  impl.RaftServerImpl (ServerState.java:setLeader(263)) - 7fd9f83a-8e29-4ac0-9b6e-eef440b8c56a:group-23D117AAC00B change Leader from null to 2623fbf5-b87a-48c3-bef6-bc0d6498cc10 at term 1 for appendEntries, leader elected after 5286ms
2019-08-01 16:28:36,865 INFO  impl.RaftServerImpl (ServerState.java:setRaftConf(361)) - 7fd9f83a-8e29-4ac0-9b6e-eef440b8c56a:group-23D117AAC00B set configuration 0: [c209cf45-c0de-4019-a77b-62c2dab4f7bf:192.168.157.209:44735, 2623fbf5-b87a-48c3-bef6-bc0d6498cc10:192.168.157.209:38871, 7fd9f83a-8e29-4ac0-9b6e-eef440b8c56a:192.168.157.209:34193], old=null at 0
2019-08-01 16:28:36,865 INFO  impl.RaftServerImpl (ServerState.java:setRaftConf(361)) - c209cf45-c0de-4019-a77b-62c2dab4f7bf:group-23D117AAC00B set configuration 0: [c209cf45-c0de-4019-a77b-62c2dab4f7bf:192.168.157.209:44735, 2623fbf5-b87a-48c3-bef6-bc0d6498cc10:192.168.157.209:38871, 7fd9f83a-8e29-4ac0-9b6e-eef440b8c56a:192.168.157.209:34193], old=null at 0
2019-08-01 16:28:36,866 INFO  segmented.SegmentedRaftLogWorker (SegmentedRaftLogWorker.java:startLogSegment(380)) - 7fd9f83a-8e29-4ac0-9b6e-eef440b8c56a-SegmentedRaftLogWorker:Storage Directory /workdir/hadoop-ozone/integration-test/target/test-dir/MiniOzoneClusterImpl-d7ab4b8e-b62e-4f8d-8bb8-ced3748fa7db/datanode-0/data/ratis/0085dfb4-e4ff-4257-b6ed-23d117aac00b: Starting segment from index:0
2019-08-01 16:28:36,866 INFO  segmented.SegmentedRaftLogWorker (SegmentedRaftLogWorker.java:startLogSegment(380)) - c209cf45-c0de-4019-a77b-62c2dab4f7bf-SegmentedRaftLogWorker:Storage Directory /workdir/hadoop-ozone/integration-test/target/test-dir/MiniOzoneClusterImpl-d7ab4b8e-b62e-4f8d-8bb8-ced3748fa7db/datanode-1/data/ratis/0085dfb4-e4ff-4257-b6ed-23d117aac00b: Starting segment from index:0
2019-08-01 16:28:36,898 INFO  segmented.SegmentedRaftLogWorker (SegmentedRaftLogWorker.java:execute(569)) - 7fd9f83a-8e29-4ac0-9b6e-eef440b8c56a-SegmentedRaftLogWorker:Storage Directory /workdir/hadoop-ozone/integration-test/target/test-dir/MiniOzoneClusterImpl-d7ab4b8e-b62e-4f8d-8bb8-ced3748fa7db/datanode-0/data/ratis/0085dfb4-e4ff-4257-b6ed-23d117aac00b: created new log segment /workdir/hadoop-ozone/integration-test/target/test-dir/MiniOzoneClusterImpl-d7ab4b8e-b62e-4f8d-8bb8-ced3748fa7db/datanode-0/data/ratis/0085dfb4-e4ff-4257-b6ed-23d117aac00b/current/log_inprogress_0
2019-08-01 16:28:36,898 INFO  segmented.SegmentedRaftLogWorker (SegmentedRaftLogWorker.java:execute(569)) - c209cf45-c0de-4019-a77b-62c2dab4f7bf-SegmentedRaftLogWorker:Storage Directory /workdir/hadoop-ozone/integration-test/target/test-dir/MiniOzoneClusterImpl-d7ab4b8e-b62e-4f8d-8bb8-ced3748fa7db/datanode-1/data/ratis/0085dfb4-e4ff-4257-b6ed-23d117aac00b: created new log segment /workdir/hadoop-ozone/integration-test/target/test-dir/MiniOzoneClusterImpl-d7ab4b8e-b62e-4f8d-8bb8-ced3748fa7db/datanode-1/data/ratis/0085dfb4-e4ff-4257-b6ed-23d117aac00b/current/log_inprogress_0
2019-08-01 16:28:44,374 INFO  ozone.MiniOzoneClusterImpl (MiniOzoneClusterImpl.java:shutdown(321)) - Shutting down the Mini Ozone Cluster
2019-08-01 16:28:44,378 INFO  ozone.MiniOzoneClusterImpl (MiniOzoneClusterImpl.java:stop(336)) - Stopping the Mini Ozone Cluster
2019-08-01 16:28:44,378 INFO  ozone.MiniOzoneClusterImpl (MiniOzoneClusterImpl.java:stop(338)) - Stopping the OzoneManager
2019-08-01 16:28:44,378 INFO  ipc.Server (Server.java:stop(3082)) - Stopping server on 39221
2019-08-01 16:28:44,384 INFO  ipc.Server (Server.java:run(1185)) - Stopping IPC Server listener on 39221
2019-08-01 16:28:44,384 INFO  ipc.Server (Server.java:run(1319)) - Stopping IPC Server Responder
2019-08-01 16:28:44,384 INFO  utils.BackgroundService (BackgroundService.java:shutdown(148)) - Shutting down service KeyDeletingService
2019-08-01 16:28:44,393 INFO  handler.ContextHandler (ContextHandler.java:doStop(910)) - Stopped o.e.j.w.WebAppContext@369798b9{/,null,UNAVAILABLE}{/ozoneManager}
2019-08-01 16:28:44,394 INFO  server.AbstractConnector (AbstractConnector.java:doStop(318)) - Stopped ServerConnector@4f6fda6{HTTP/1.1,[http/1.1]}{0.0.0.0:0}
2019-08-01 16:28:44,395 INFO  handler.ContextHandler (ContextHandler.java:doStop(910)) - Stopped o.e.j.s.ServletContextHandler@3cb81aae{/static,file:///workdir/hadoop-ozone/integration-test/target/test-classes/webapps/static,UNAVAILABLE}
2019-08-01 16:28:44,395 INFO  handler.ContextHandler (ContextHandler.java:doStop(910)) - Stopped o.e.j.s.ServletContextHandler@56990fb{/logs,file:///workdir/hadoop-ozone/integration-test/target/log,UNAVAILABLE}
2019-08-01 16:28:44,399 INFO  ozone.MiniOzoneClusterImpl (MiniOzoneClusterImpl.java:stop(344)) - Shutting the HddsDatanodes
2019-08-01 16:28:44,399 INFO  datanode.ObjectStoreHandler (ObjectStoreHandler.java:close(155)) - Closing ObjectStoreHandler.
2019-08-01 16:28:44,399 INFO  datanode.ObjectStoreHandler (ObjectStoreHandler.java:close(155)) - Closing ObjectStoreHandler.
2019-08-01 16:28:44,400 INFO  ozone.HddsDatanodeService (HddsDatanodeService.java:stop(451)) - Stopped plug-in org.apache.hadoop.ozone.web.OzoneHddsDatanodeService@502662c5
2019-08-01 16:28:44,400 INFO  ozone.HddsDatanodeService (HddsDatanodeService.java:stop(451)) - Stopped plug-in org.apache.hadoop.ozone.web.OzoneHddsDatanodeService@7077417a
2019-08-01 16:28:44,948 INFO  statemachine.DatanodeStateMachine (DatanodeStateMachine.java:lambda$startDaemon$0(350)) - Ozone container server started.
2019-08-01 16:28:45,172 INFO  statemachine.DatanodeStateMachine (DatanodeStateMachine.java:lambda$startDaemon$0(350)) - Ozone container server started.
2019-08-01 16:28:49,401 INFO  ozoneimpl.OzoneContainer (OzoneContainer.java:stop(199)) - Attempting to stop container services.
2019-08-01 16:28:49,401 INFO  ozoneimpl.OzoneContainer (OzoneContainer.java:stop(199)) - Attempting to stop container services.
2019-08-01 16:28:49,402 INFO  impl.RaftServerProxy (RaftServerProxy.java:lambda$close$4(314)) - c209cf45-c0de-4019-a77b-62c2dab4f7bf: close
2019-08-01 16:28:49,402 INFO  impl.RaftServerProxy (RaftServerProxy.java:lambda$close$4(314)) - 7fd9f83a-8e29-4ac0-9b6e-eef440b8c56a: close
2019-08-01 16:28:49,402 INFO  impl.RaftServerImpl (RaftServerImpl.java:lambda$shutdown$3(245)) - c209cf45-c0de-4019-a77b-62c2dab4f7bf: shutdown group-16A72343020D
2019-08-01 16:28:49,402 INFO  impl.RaftServerImpl (RaftServerImpl.java:lambda$shutdown$3(245)) - 7fd9f83a-8e29-4ac0-9b6e-eef440b8c56a: shutdown group-23D117AAC00B
2019-08-01 16:28:49,403 INFO  util.JmxRegister (JmxRegister.java:unregister(73)) - Successfully un-registered JMX Bean with object name Ratis:service=RaftServer,group=group-16A72343020D,id=c209cf45-c0de-4019-a77b-62c2dab4f7bf
2019-08-01 16:28:49,403 INFO  util.JmxRegister (JmxRegister.java:unregister(73)) - Successfully un-registered JMX Bean with object name Ratis:service=RaftServer,group=group-23D117AAC00B,id=7fd9f83a-8e29-4ac0-9b6e-eef440b8c56a
2019-08-01 16:28:49,404 INFO  impl.RoleInfo (RoleInfo.java:shutdownFollowerState(121)) - 7fd9f83a-8e29-4ac0-9b6e-eef440b8c56a: shutdown FollowerState
2019-08-01 16:28:49,403 INFO  impl.RoleInfo (RoleInfo.java:shutdownLeaderState(104)) - c209cf45-c0de-4019-a77b-62c2dab4f7bf: shutdown LeaderState
2019-08-01 16:28:49,404 INFO  impl.FollowerState (FollowerState.java:run(114)) - 7fd9f83a-8e29-4ac0-9b6e-eef440b8c56a: FollowerState was interrupted: java.lang.InterruptedException: sleep interrupted
2019-08-01 16:28:49,404 INFO  impl.StateMachineUpdater (StateMachineUpdater.java:stopAndJoin(115)) - StateMachineUpdater:7fd9f83a-8e29-4ac0-9b6e-eef440b8c56a:group-23D117AAC00B: set stopIndex = 0
2019-08-01 16:28:49,404 INFO  impl.PendingRequests (PendingRequests.java:sendNotLeaderResponses(202)) - c209cf45-c0de-4019-a77b-62c2dab4f7bf-PendingRequests: sendNotLeaderResponses
2019-08-01 16:28:49,409 INFO  impl.RaftServerImpl (ServerState.java:close(394)) - 7fd9f83a-8e29-4ac0-9b6e-eef440b8c56a:group-23D117AAC00B closes. The last applied log index is 0
2019-08-01 16:28:49,409 INFO  impl.StateMachineUpdater (StateMachineUpdater.java:stopAndJoin(115)) - StateMachineUpdater:c209cf45-c0de-4019-a77b-62c2dab4f7bf:group-16A72343020D: set stopIndex = 0
2019-08-01 16:28:49,410 INFO  segmented.SegmentedRaftLogWorker (SegmentedRaftLogWorker.java:run(313)) - 7fd9f83a-8e29-4ac0-9b6e-eef440b8c56a-SegmentedRaftLogWorker:Storage Directory /workdir/hadoop-ozone/integration-test/target/test-dir/MiniOzoneClusterImpl-d7ab4b8e-b62e-4f8d-8bb8-ced3748fa7db/datanode-0/data/ratis/0085dfb4-e4ff-4257-b6ed-23d117aac00b was interrupted, exiting. There are 0 tasks remaining in the queue.
2019-08-01 16:28:49,410 INFO  impl.RaftServerImpl (ServerState.java:close(394)) - c209cf45-c0de-4019-a77b-62c2dab4f7bf:group-16A72343020D closes. The last applied log index is 0
2019-08-01 16:28:49,412 INFO  segmented.SegmentedRaftLogWorker (SegmentedRaftLogWorker.java:close(228)) - 7fd9f83a-8e29-4ac0-9b6e-eef440b8c56a-SegmentedRaftLogWorker:Storage Directory /workdir/hadoop-ozone/integration-test/target/test-dir/MiniOzoneClusterImpl-d7ab4b8e-b62e-4f8d-8bb8-ced3748fa7db/datanode-0/data/ratis/0085dfb4-e4ff-4257-b6ed-23d117aac00b close()
2019-08-01 16:28:49,412 INFO  segmented.SegmentedRaftLogWorker (SegmentedRaftLogWorker.java:run(313)) - c209cf45-c0de-4019-a77b-62c2dab4f7bf-SegmentedRaftLogWorker:Storage Directory /workdir/hadoop-ozone/integration-test/target/test-dir/MiniOzoneClusterImpl-d7ab4b8e-b62e-4f8d-8bb8-ced3748fa7db/datanode-1/data/ratis/b130bd74-3e73-4512-b4af-16a72343020d was interrupted, exiting. There are 0 tasks remaining in the queue.
2019-08-01 16:28:49,418 INFO  impl.RaftServerImpl (RaftServerImpl.java:lambda$shutdown$3(245)) - 7fd9f83a-8e29-4ac0-9b6e-eef440b8c56a: shutdown group-A0997EC361C0
2019-08-01 16:28:49,420 INFO  segmented.SegmentedRaftLogWorker (SegmentedRaftLogWorker.java:close(228)) - c209cf45-c0de-4019-a77b-62c2dab4f7bf-SegmentedRaftLogWorker:Storage Directory /workdir/hadoop-ozone/integration-test/target/test-dir/MiniOzoneClusterImpl-d7ab4b8e-b62e-4f8d-8bb8-ced3748fa7db/datanode-1/data/ratis/b130bd74-3e73-4512-b4af-16a72343020d close()
2019-08-01 16:28:49,421 INFO  util.JmxRegister (JmxRegister.java:unregister(73)) - Successfully un-registered JMX Bean with object name Ratis:service=RaftServer,group=group-A0997EC361C0,id=7fd9f83a-8e29-4ac0-9b6e-eef440b8c56a
2019-08-01 16:28:49,425 INFO  impl.RaftServerImpl (RaftServerImpl.java:lambda$shutdown$3(245)) - c209cf45-c0de-4019-a77b-62c2dab4f7bf: shutdown group-23D117AAC00B
2019-08-01 16:28:49,426 INFO  impl.RoleInfo (RoleInfo.java:shutdownLeaderState(104)) - 7fd9f83a-8e29-4ac0-9b6e-eef440b8c56a: shutdown LeaderState
2019-08-01 16:28:49,426 INFO  util.JmxRegister (JmxRegister.java:unregister(73)) - Successfully un-registered JMX Bean with object name Ratis:service=RaftServer,group=group-23D117AAC00B,id=c209cf45-c0de-4019-a77b-62c2dab4f7bf
2019-08-01 16:28:49,426 INFO  impl.PendingRequests (PendingRequests.java:sendNotLeaderResponses(202)) - 7fd9f83a-8e29-4ac0-9b6e-eef440b8c56a-PendingRequests: sendNotLeaderResponses
2019-08-01 16:28:49,427 INFO  impl.RoleInfo (RoleInfo.java:shutdownFollowerState(121)) - c209cf45-c0de-4019-a77b-62c2dab4f7bf: shutdown FollowerState
2019-08-01 16:28:49,427 INFO  impl.StateMachineUpdater (StateMachineUpdater.java:stopAndJoin(115)) - StateMachineUpdater:7fd9f83a-8e29-4ac0-9b6e-eef440b8c56a:group-A0997EC361C0: set stopIndex = 0
2019-08-01 16:28:49,427 INFO  impl.FollowerState (FollowerState.java:run(114)) - c209cf45-c0de-4019-a77b-62c2dab4f7bf: FollowerState was interrupted: java.lang.InterruptedException: sleep interrupted
2019-08-01 16:28:49,427 INFO  impl.StateMachineUpdater (StateMachineUpdater.java:stopAndJoin(115)) - StateMachineUpdater:c209cf45-c0de-4019-a77b-62c2dab4f7bf:group-23D117AAC00B: set stopIndex = 0
2019-08-01 16:28:49,427 INFO  impl.RaftServerImpl (ServerState.java:close(394)) - 7fd9f83a-8e29-4ac0-9b6e-eef440b8c56a:group-A0997EC361C0 closes. The last applied log index is 0
2019-08-01 16:28:49,433 INFO  impl.RaftServerImpl (ServerState.java:close(394)) - c209cf45-c0de-4019-a77b-62c2dab4f7bf:group-23D117AAC00B closes. The last applied log index is 0
2019-08-01 16:28:49,434 INFO  segmented.SegmentedRaftLogWorker (SegmentedRaftLogWorker.java:run(313)) - 7fd9f83a-8e29-4ac0-9b6e-eef440b8c56a-SegmentedRaftLogWorker:Storage Directory /workdir/hadoop-ozone/integration-test/target/test-dir/MiniOzoneClusterImpl-d7ab4b8e-b62e-4f8d-8bb8-ced3748fa7db/datanode-0/data/ratis/cbcebd7d-cd69-4a3d-866a-a0997ec361c0 was interrupted, exiting. There are 0 tasks remaining in the queue.
2019-08-01 16:28:49,434 INFO  segmented.SegmentedRaftLogWorker (SegmentedRaftLogWorker.java:run(313)) - c209cf45-c0de-4019-a77b-62c2dab4f7bf-SegmentedRaftLogWorker:Storage Directory /workdir/hadoop-ozone/integration-test/target/test-dir/MiniOzoneClusterImpl-d7ab4b8e-b62e-4f8d-8bb8-ced3748fa7db/datanode-1/data/ratis/0085dfb4-e4ff-4257-b6ed-23d117aac00b was interrupted, exiting. There are 0 tasks remaining in the queue.
2019-08-01 16:28:49,438 INFO  segmented.SegmentedRaftLogWorker (SegmentedRaftLogWorker.java:close(228)) - 7fd9f83a-8e29-4ac0-9b6e-eef440b8c56a-SegmentedRaftLogWorker:Storage Directory /workdir/hadoop-ozone/integration-test/target/test-dir/MiniOzoneClusterImpl-d7ab4b8e-b62e-4f8d-8bb8-ced3748fa7db/datanode-0/data/ratis/cbcebd7d-cd69-4a3d-866a-a0997ec361c0 close()
2019-08-01 16:28:49,439 INFO  segmented.SegmentedRaftLogWorker (SegmentedRaftLogWorker.java:close(228)) - c209cf45-c0de-4019-a77b-62c2dab4f7bf-SegmentedRaftLogWorker:Storage Directory /workdir/hadoop-ozone/integration-test/target/test-dir/MiniOzoneClusterImpl-d7ab4b8e-b62e-4f8d-8bb8-ced3748fa7db/datanode-1/data/ratis/0085dfb4-e4ff-4257-b6ed-23d117aac00b close()
2019-08-01 16:28:49,443 INFO  server.GrpcService (GrpcService.java:closeImpl(155)) - 7fd9f83a-8e29-4ac0-9b6e-eef440b8c56a: shutdown server with port 34193 now
2019-08-01 16:28:49,447 INFO  server.GrpcService (GrpcService.java:closeImpl(155)) - c209cf45-c0de-4019-a77b-62c2dab4f7bf: shutdown server with port 44735 now
2019-08-01 16:28:49,463 WARN  server.GrpcServerProtocolService (LogUtils.java:warn(134)) - 7fd9f83a-8e29-4ac0-9b6e-eef440b8c56a: appendEntries onError: org.apache.ratis.thirdparty.io.grpc.StatusRuntimeException: CANCELLED: cancelled before receiving half close
2019-08-01 16:28:49,463 WARN  server.GrpcServerProtocolService (LogUtils.java:warn(134)) - c209cf45-c0de-4019-a77b-62c2dab4f7bf: appendEntries onError: org.apache.ratis.thirdparty.io.grpc.StatusRuntimeException: CANCELLED: cancelled before receiving half close
2019-08-01 16:28:49,466 INFO  server.GrpcService (GrpcService.java:closeImpl(163)) - c209cf45-c0de-4019-a77b-62c2dab4f7bf: shutdown server with port 44735 successfully
2019-08-01 16:28:49,465 INFO  server.GrpcService (GrpcService.java:closeImpl(163)) - 7fd9f83a-8e29-4ac0-9b6e-eef440b8c56a: shutdown server with port 34193 successfully
2019-08-01 16:28:49,467 WARN  server.GrpcLogAppender (LogUtils.java:warn(134)) - 2623fbf5-b87a-48c3-bef6-bc0d6498cc10->c209cf45-c0de-4019-a77b-62c2dab4f7bf: Failed appendEntries: org.apache.ratis.thirdparty.io.grpc.StatusRuntimeException: CANCELLED: HTTP/2 error code: CANCEL
Received Rst Stream
2019-08-01 16:28:49,467 WARN  server.GrpcLogAppender (LogUtils.java:warn(134)) - 2623fbf5-b87a-48c3-bef6-bc0d6498cc10->7fd9f83a-8e29-4ac0-9b6e-eef440b8c56a: Failed appendEntries: org.apache.ratis.thirdparty.io.grpc.StatusRuntimeException: CANCELLED: HTTP/2 error code: CANCEL
Received Rst Stream
2019-08-01 16:28:49,474 INFO  utils.BackgroundService (BackgroundService.java:shutdown(148)) - Shutting down service BlockDeletingService
2019-08-01 16:28:49,478 INFO  impl.FollowerInfo (FollowerInfo.java:lambda$new$0(50)) - 2623fbf5-b87a-48c3-bef6-bc0d6498cc10->c209cf45-c0de-4019-a77b-62c2dab4f7bf: nextIndex: updateUnconditionally 1 -> 0
2019-08-01 16:28:49,478 INFO  impl.FollowerInfo (FollowerInfo.java:lambda$new$0(50)) - 2623fbf5-b87a-48c3-bef6-bc0d6498cc10->7fd9f83a-8e29-4ac0-9b6e-eef440b8c56a: nextIndex: updateUnconditionally 1 -> 0
2019-08-01 16:28:49,481 WARN  fs.CachingGetSpaceUsed (CachingGetSpaceUsed.java:run(183)) - Thread Interrupted waiting to refresh disk information: sleep interrupted
2019-08-01 16:28:49,487 INFO  utils.BackgroundService (BackgroundService.java:shutdown(148)) - Shutting down service BlockDeletingService
2019-08-01 16:28:49,489 WARN  fs.CachingGetSpaceUsed (CachingGetSpaceUsed.java:run(183)) - Thread Interrupted waiting to refresh disk information: sleep interrupted
2019-08-01 16:28:49,508 INFO  statemachine.DatanodeStateMachine (DatanodeStateMachine.java:stopDaemon(395)) - Ozone container server stopped.
2019-08-01 16:28:49,514 INFO  statemachine.DatanodeStateMachine (DatanodeStateMachine.java:stopDaemon(395)) - Ozone container server stopped.
2019-08-01 16:28:49,514 INFO  handler.ContextHandler (ContextHandler.java:doStop(910)) - Stopped o.e.j.w.WebAppContext@bda563c{/,null,UNAVAILABLE}{/hddsDatanode}
2019-08-01 16:28:49,519 INFO  handler.ContextHandler (ContextHandler.java:doStop(910)) - Stopped o.e.j.w.WebAppContext@4bf565b2{/,null,UNAVAILABLE}{/hddsDatanode}
2019-08-01 16:28:49,520 INFO  server.AbstractConnector (AbstractConnector.java:doStop(318)) - Stopped ServerConnector@3ea9629f{HTTP/1.1,[http/1.1]}{0.0.0.0:0}
2019-08-01 16:28:49,520 INFO  handler.ContextHandler (ContextHandler.java:doStop(910)) - Stopped o.e.j.s.ServletContextHandler@378e09bc{/static,jar:file:/home/user/.m2/repository/org/apache/hadoop/hadoop-hdds-container-service/0.4.1-SNAPSHOT/hadoop-hdds-container-service-0.4.1-SNAPSHOT.jar!/webapps/static,UNAVAILABLE}
2019-08-01 16:28:49,520 INFO  handler.ContextHandler (ContextHandler.java:doStop(910)) - Stopped o.e.j.s.ServletContextHandler@3325c094{/logs,file:///workdir/hadoop-ozone/integration-test/target/log,UNAVAILABLE}
2019-08-01 16:28:49,521 INFO  server.AbstractConnector (AbstractConnector.java:doStop(318)) - Stopped ServerConnector@33508c0c{HTTP/1.1,[http/1.1]}{0.0.0.0:0}
2019-08-01 16:28:49,523 INFO  handler.ContextHandler (ContextHandler.java:doStop(910)) - Stopped o.e.j.s.ServletContextHandler@288fc9d2{/static,jar:file:/home/user/.m2/repository/org/apache/hadoop/hadoop-hdds-container-service/0.4.1-SNAPSHOT/hadoop-hdds-container-service-0.4.1-SNAPSHOT.jar!/webapps/static,UNAVAILABLE}
2019-08-01 16:28:49,525 INFO  handler.ContextHandler (ContextHandler.java:doStop(910)) - Stopped o.e.j.s.ServletContextHandler@3f461775{/logs,file:///workdir/hadoop-ozone/integration-test/target/log,UNAVAILABLE}
2019-08-01 16:28:49,525 INFO  datanode.ObjectStoreHandler (ObjectStoreHandler.java:close(155)) - Closing ObjectStoreHandler.
2019-08-01 16:28:49,527 INFO  ozone.HddsDatanodeService (HddsDatanodeService.java:stop(451)) - Stopped plug-in org.apache.hadoop.ozone.web.OzoneHddsDatanodeService@3ea05f42
2019-08-01 16:28:50,381 INFO  statemachine.DatanodeStateMachine (DatanodeStateMachine.java:lambda$startDaemon$0(350)) - Ozone container server started.
2019-08-01 16:28:51,971 WARN  server.GrpcLogAppender (LogUtils.java:warn(134)) - 2623fbf5-b87a-48c3-bef6-bc0d6498cc10->c209cf45-c0de-4019-a77b-62c2dab4f7bf: Failed appendEntries: org.apache.ratis.thirdparty.io.grpc.StatusRuntimeException: UNAVAILABLE: io exception
2019-08-01 16:28:51,971 WARN  server.GrpcLogAppender (LogUtils.java:warn(134)) - 2623fbf5-b87a-48c3-bef6-bc0d6498cc10->7fd9f83a-8e29-4ac0-9b6e-eef440b8c56a: Failed appendEntries: org.apache.ratis.thirdparty.io.grpc.StatusRuntimeException: UNAVAILABLE: io exception
2019-08-01 16:28:51,974 INFO  impl.FollowerInfo (FollowerInfo.java:lambda$new$0(50)) - 2623fbf5-b87a-48c3-bef6-bc0d6498cc10->c209cf45-c0de-4019-a77b-62c2dab4f7bf: nextIndex: updateUnconditionally 0 -> 0
2019-08-01 16:28:51,976 INFO  impl.FollowerInfo (FollowerInfo.java:lambda$new$0(50)) - 2623fbf5-b87a-48c3-bef6-bc0d6498cc10->7fd9f83a-8e29-4ac0-9b6e-eef440b8c56a: nextIndex: updateUnconditionally 0 -> 0
2019-08-01 16:28:54,467 WARN  server.GrpcLogAppender (LogUtils.java:warn(134)) - 2623fbf5-b87a-48c3-bef6-bc0d6498cc10->c209cf45-c0de-4019-a77b-62c2dab4f7bf: Failed appendEntries: org.apache.ratis.thirdparty.io.grpc.StatusRuntimeException: UNAVAILABLE: io exception
2019-08-01 16:28:54,467 WARN  server.GrpcLogAppender (LogUtils.java:warn(134)) - 2623fbf5-b87a-48c3-bef6-bc0d6498cc10->7fd9f83a-8e29-4ac0-9b6e-eef440b8c56a: Failed appendEntries: org.apache.ratis.thirdparty.io.grpc.StatusRuntimeException: UNAVAILABLE: io exception
2019-08-01 16:28:54,472 INFO  impl.FollowerInfo (FollowerInfo.java:lambda$new$0(50)) - 2623fbf5-b87a-48c3-bef6-bc0d6498cc10->c209cf45-c0de-4019-a77b-62c2dab4f7bf: nextIndex: updateUnconditionally 0 -> 0
2019-08-01 16:28:54,472 INFO  impl.FollowerInfo (FollowerInfo.java:lambda$new$0(50)) - 2623fbf5-b87a-48c3-bef6-bc0d6498cc10->7fd9f83a-8e29-4ac0-9b6e-eef440b8c56a: nextIndex: updateUnconditionally 0 -> 0
2019-08-01 16:28:54,528 INFO  ozoneimpl.OzoneContainer (OzoneContainer.java:stop(199)) - Attempting to stop container services.
2019-08-01 16:28:54,529 INFO  impl.RaftServerProxy (RaftServerProxy.java:lambda$close$4(314)) - 2623fbf5-b87a-48c3-bef6-bc0d6498cc10: close
2019-08-01 16:28:54,529 INFO  impl.RaftServerImpl (RaftServerImpl.java:lambda$shutdown$3(245)) - 2623fbf5-b87a-48c3-bef6-bc0d6498cc10: shutdown group-23D117AAC00B
2019-08-01 16:28:54,529 INFO  impl.RaftServerImpl (RaftServerImpl.java:lambda$shutdown$3(245)) - 2623fbf5-b87a-48c3-bef6-bc0d6498cc10: shutdown group-BB24C2B1F09A
2019-08-01 16:28:54,530 INFO  util.JmxRegister (JmxRegister.java:unregister(73)) - Successfully un-registered JMX Bean with object name Ratis:service=RaftServer,group=group-23D117AAC00B,id=2623fbf5-b87a-48c3-bef6-bc0d6498cc10
2019-08-01 16:28:54,530 INFO  util.JmxRegister (JmxRegister.java:unregister(73)) - Successfully un-registered JMX Bean with object name Ratis:service=RaftServer,group=group-BB24C2B1F09A,id=2623fbf5-b87a-48c3-bef6-bc0d6498cc10
2019-08-01 16:28:54,530 INFO  impl.RoleInfo (RoleInfo.java:shutdownLeaderState(104)) - 2623fbf5-b87a-48c3-bef6-bc0d6498cc10: shutdown LeaderState
2019-08-01 16:28:54,531 INFO  impl.RoleInfo (RoleInfo.java:shutdownLeaderState(104)) - 2623fbf5-b87a-48c3-bef6-bc0d6498cc10: shutdown LeaderState
2019-08-01 16:28:54,535 INFO  impl.PendingRequests (PendingRequests.java:sendNotLeaderResponses(202)) - 2623fbf5-b87a-48c3-bef6-bc0d6498cc10-PendingRequests: sendNotLeaderResponses
2019-08-01 16:28:54,535 WARN  server.GrpcLogAppender (GrpcLogAppender.java:mayWait(143)) - GrpcLogAppender(2623fbf5-b87a-48c3-bef6-bc0d6498cc10->c209cf45-c0de-4019-a77b-62c2dab4f7bf): Wait interrupted by java.lang.InterruptedException
2019-08-01 16:28:54,536 INFO  impl.StateMachineUpdater (StateMachineUpdater.java:stopAndJoin(115)) - StateMachineUpdater:2623fbf5-b87a-48c3-bef6-bc0d6498cc10:group-23D117AAC00B: set stopIndex = 0
2019-08-01 16:28:54,535 WARN  server.GrpcLogAppender (GrpcLogAppender.java:mayWait(143)) - GrpcLogAppender(2623fbf5-b87a-48c3-bef6-bc0d6498cc10->7fd9f83a-8e29-4ac0-9b6e-eef440b8c56a): Wait interrupted by java.lang.InterruptedException
2019-08-01 16:28:54,535 INFO  impl.PendingRequests (PendingRequests.java:sendNotLeaderResponses(202)) - 2623fbf5-b87a-48c3-bef6-bc0d6498cc10-PendingRequests: sendNotLeaderResponses
2019-08-01 16:28:54,536 INFO  impl.RaftServerImpl (ServerState.java:close(394)) - 2623fbf5-b87a-48c3-bef6-bc0d6498cc10:group-23D117AAC00B closes. The last applied log index is 0
2019-08-01 16:28:54,537 INFO  impl.StateMachineUpdater (StateMachineUpdater.java:stopAndJoin(115)) - StateMachineUpdater:2623fbf5-b87a-48c3-bef6-bc0d6498cc10:group-BB24C2B1F09A: set stopIndex = 0
2019-08-01 16:28:54,537 INFO  impl.RaftServerImpl (ServerState.java:close(394)) - 2623fbf5-b87a-48c3-bef6-bc0d6498cc10:group-BB24C2B1F09A closes. The last applied log index is 0
2019-08-01 16:28:54,537 INFO  segmented.SegmentedRaftLogWorker (SegmentedRaftLogWorker.java:run(313)) - 2623fbf5-b87a-48c3-bef6-bc0d6498cc10-SegmentedRaftLogWorker:Storage Directory /workdir/hadoop-ozone/integration-test/target/test-dir/MiniOzoneClusterImpl-d7ab4b8e-b62e-4f8d-8bb8-ced3748fa7db/datanode-2/data/ratis/0085dfb4-e4ff-4257-b6ed-23d117aac00b was interrupted, exiting. There are 0 tasks remaining in the queue.
2019-08-01 16:28:54,537 INFO  segmented.SegmentedRaftLogWorker (SegmentedRaftLogWorker.java:run(313)) - 2623fbf5-b87a-48c3-bef6-bc0d6498cc10-SegmentedRaftLogWorker:Storage Directory /workdir/hadoop-ozone/integration-test/target/test-dir/MiniOzoneClusterImpl-d7ab4b8e-b62e-4f8d-8bb8-ced3748fa7db/datanode-2/data/ratis/b765355c-36bd-49ee-a1ab-bb24c2b1f09a was interrupted, exiting. There are 0 tasks remaining in the queue.
2019-08-01 16:28:54,552 INFO  segmented.SegmentedRaftLogWorker (SegmentedRaftLogWorker.java:close(228)) - 2623fbf5-b87a-48c3-bef6-bc0d6498cc10-SegmentedRaftLogWorker:Storage Directory /workdir/hadoop-ozone/integration-test/target/test-dir/MiniOzoneClusterImpl-d7ab4b8e-b62e-4f8d-8bb8-ced3748fa7db/datanode-2/data/ratis/0085dfb4-e4ff-4257-b6ed-23d117aac00b close()
2019-08-01 16:28:54,552 INFO  segmented.SegmentedRaftLogWorker (SegmentedRaftLogWorker.java:close(228)) - 2623fbf5-b87a-48c3-bef6-bc0d6498cc10-SegmentedRaftLogWorker:Storage Directory /workdir/hadoop-ozone/integration-test/target/test-dir/MiniOzoneClusterImpl-d7ab4b8e-b62e-4f8d-8bb8-ced3748fa7db/datanode-2/data/ratis/b765355c-36bd-49ee-a1ab-bb24c2b1f09a close()
2019-08-01 16:28:54,556 INFO  server.GrpcService (GrpcService.java:closeImpl(155)) - 2623fbf5-b87a-48c3-bef6-bc0d6498cc10: shutdown server with port 38871 now
2019-08-01 16:28:54,558 INFO  server.GrpcService (GrpcService.java:closeImpl(163)) - 2623fbf5-b87a-48c3-bef6-bc0d6498cc10: shutdown server with port 38871 successfully
2019-08-01 16:28:54,560 INFO  utils.BackgroundService (BackgroundService.java:shutdown(148)) - Shutting down service BlockDeletingService
2019-08-01 16:28:54,562 WARN  fs.CachingGetSpaceUsed (CachingGetSpaceUsed.java:run(183)) - Thread Interrupted waiting to refresh disk information: sleep interrupted
2019-08-01 16:28:54,585 INFO  statemachine.DatanodeStateMachine (DatanodeStateMachine.java:stopDaemon(395)) - Ozone container server stopped.
2019-08-01 16:28:54,587 INFO  handler.ContextHandler (ContextHandler.java:doStop(910)) - Stopped o.e.j.w.WebAppContext@1009e136{/,null,UNAVAILABLE}{/hddsDatanode}
2019-08-01 16:28:54,587 INFO  server.AbstractConnector (AbstractConnector.java:doStop(318)) - Stopped ServerConnector@3a11a9be{HTTP/1.1,[http/1.1]}{0.0.0.0:0}
2019-08-01 16:28:54,588 INFO  handler.ContextHandler (ContextHandler.java:doStop(910)) - Stopped o.e.j.s.ServletContextHandler@27d1676b{/static,jar:file:/home/user/.m2/repository/org/apache/hadoop/hadoop-hdds-container-service/0.4.1-SNAPSHOT/hadoop-hdds-container-service-0.4.1-SNAPSHOT.jar!/webapps/static,UNAVAILABLE}
2019-08-01 16:28:54,588 INFO  handler.ContextHandler (ContextHandler.java:doStop(910)) - Stopped o.e.j.s.ServletContextHandler@c7378ef{/logs,file:///workdir/hadoop-ozone/integration-test/target/log,UNAVAILABLE}
2019-08-01 16:28:54,590 INFO  ozone.MiniOzoneClusterImpl (MiniOzoneClusterImpl.java:stop(353)) - Stopping the StorageContainerManager
2019-08-01 16:28:54,590 INFO  server.StorageContainerManager (StorageContainerManager.java:stop(796)) - Stopping Replication Manager Service.
2019-08-01 16:28:54,590 INFO  container.ReplicationManager (ReplicationManager.java:stop(187)) - Stopping Replication Monitor Thread.
2019-08-01 16:28:54,590 INFO  server.StorageContainerManager (StorageContainerManager.java:stop(803)) - Stopping Lease Manager of the command watchers
2019-08-01 16:28:54,590 INFO  server.StorageContainerManager (StorageContainerManager.java:stop(810)) - Stopping datanode service RPC server
2019-08-01 16:28:54,591 INFO  server.SCMDatanodeProtocolServer (SCMDatanodeProtocolServer.java:stop(367)) - Stopping the RPC server for DataNodes
2019-08-01 16:28:54,591 INFO  ipc.Server (Server.java:stop(3082)) - Stopping server on 39472
2019-08-01 16:28:54,600 INFO  ipc.Server (Server.java:run(1185)) - Stopping IPC Server listener on 39472
2019-08-01 16:28:54,600 INFO  ipc.Server (Server.java:run(1319)) - Stopping IPC Server Responder
2019-08-01 16:28:54,658 WARN  node.NodeStateManager (NodeStateManager.java:scheduleNextHealthCheck(631)) - Current Thread is interrupted, shutting down HB processing thread for Node Manager.
2019-08-01 16:28:54,659 INFO  server.StorageContainerManager (StorageContainerManager.java:stop(818)) - Stopping block service RPC server
2019-08-01 16:28:54,659 INFO  server.SCMBlockProtocolServer (SCMBlockProtocolServer.java:stop(148)) - Stopping the RPC server for Block Protocol
2019-08-01 16:28:54,659 INFO  ipc.Server (Server.java:stop(3082)) - Stopping server on 46056
2019-08-01 16:28:54,663 INFO  ipc.Server (Server.java:run(1185)) - Stopping IPC Server listener on 46056
2019-08-01 16:28:54,672 INFO  server.StorageContainerManager (StorageContainerManager.java:stop(825)) - Stopping the StorageContainerLocationProtocol RPC server
2019-08-01 16:28:54,672 INFO  ipc.Server (Server.java:run(1319)) - Stopping IPC Server Responder
2019-08-01 16:28:54,672 INFO  server.SCMClientProtocolServer (SCMClientProtocolServer.java:stop(159)) - Stopping the RPC server for Client Protocol
2019-08-01 16:28:54,673 INFO  ipc.Server (Server.java:stop(3082)) - Stopping server on 36067
2019-08-01 16:28:54,677 INFO  ipc.Server (Server.java:run(1185)) - Stopping IPC Server listener on 36067
2019-08-01 16:28:54,677 INFO  server.StorageContainerManager (StorageContainerManager.java:stop(832)) - Stopping Storage Container Manager HTTP server.
2019-08-01 16:28:54,680 INFO  ipc.Server (Server.java:run(1319)) - Stopping IPC Server Responder
2019-08-01 16:28:54,680 INFO  handler.ContextHandler (ContextHandler.java:doStop(910)) - Stopped o.e.j.w.WebAppContext@3def6a89{/,null,UNAVAILABLE}{/scm}
2019-08-01 16:28:54,681 INFO  server.AbstractConnector (AbstractConnector.java:doStop(318)) - Stopped ServerConnector@69b3fcf5{HTTP/1.1,[http/1.1]}{0.0.0.0:0}
2019-08-01 16:28:54,681 INFO  handler.ContextHandler (ContextHandler.java:doStop(910)) - Stopped o.e.j.s.ServletContextHandler@750269e4{/static,file:///workdir/hadoop-ozone/integration-test/target/test-classes/webapps/static,UNAVAILABLE}
2019-08-01 16:28:54,682 INFO  handler.ContextHandler (ContextHandler.java:doStop(910)) - Stopped o.e.j.s.ServletContextHandler@405289d{/logs,file:///workdir/hadoop-ozone/integration-test/target/log,UNAVAILABLE}
2019-08-01 16:28:54,684 INFO  server.StorageContainerManager (StorageContainerManager.java:stop(843)) - Stopping Block Manager Service.
2019-08-01 16:28:54,684 INFO  utils.BackgroundService (BackgroundService.java:shutdown(148)) - Shutting down service SCMBlockDeletingService
2019-08-01 16:28:54,686 INFO  utils.BackgroundService (BackgroundService.java:shutdown(148)) - Shutting down service SCMBlockDeletingService
2019-08-01 16:28:54,686 INFO  server.StorageContainerManager (StorageContainerManager.java:stop(865)) - Stopping SCM Event Queue.
2019-08-01 16:28:54,690 INFO  impl.MetricsSystemImpl (MetricsSystemImpl.java:stop(210)) - Stopping HddsDatanode metrics system...
2019-08-01 16:28:54,694 INFO  impl.MetricsSystemImpl (MetricsSystemImpl.java:stop(216)) - HddsDatanode metrics system stopped.
]]></system-out>
    <system-err><![CDATA[Aug 01, 2019 4:28:26 PM com.sun.jersey.server.impl.application.WebApplicationImpl _initiate
INFO: Initiating Jersey application, version 'Jersey: 1.19 02/11/2015 03:25 AM'
Aug 01, 2019 4:28:27 PM com.sun.jersey.server.impl.application.WebApplicationImpl _initiate
INFO: Initiating Jersey application, version 'Jersey: 1.19 02/11/2015 03:25 AM'
Aug 01, 2019 4:28:27 PM com.sun.jersey.server.impl.application.WebApplicationImpl _initiate
INFO: Initiating Jersey application, version 'Jersey: 1.19 02/11/2015 03:25 AM'
]]></system-err>
  </testcase>
  <testcase name="testScmInfo" classname="org.apache.hadoop.ozone.TestStorageContainerManager" time="0.279"/>
</testsuite>